{
  "execution_time_ms": 0.0,
  "plan_text": "\u250c\u2500\u2500\u2500\u2500\u2500\u2500\u2500\u2500\u2500\u2500\u2500\u2500\u2500\u2510\n\u2502    TOP_N    \u2502\n\u2502    \u2500\u2500\u2500\u2500\u2500\u2500   \u2502\n\u2502     Top:    \u2502\n\u2502     100     \u2502\n\u2502             \u2502\n\u2502  Order By:  \u2502\n\u2502 t_s_secyear \u2502\n\u2502 .customer_id\u2502\n\u2502      ASC    \u2502\n\u2502 t_s_secyear \u2502\n\u2502.customer_fir\u2502\n\u2502 st_name ASC \u2502\n\u2502 t_s_secyear \u2502\n\u2502.customer_las\u2502\n\u2502  t_name ASC \u2502\n\u2502 t_s_secyear \u2502\n\u2502.customer_bir\u2502\n\u2502  th_country \u2502\n\u2502      ASC    \u2502\n\u2514\u2500\u2500\u2500\u2500\u2500\u2500\u252c\u2500\u2500\u2500\u2500\u2500\u2500\u2518\n\u250c\u2500\u2500\u2500\u2500\u2500\u2500\u2534\u2500\u2500\u2500\u2500\u2500\u2500\u2510\n\u2502  PROJECTION \u2502\n\u2502    \u2500\u2500\u2500\u2500\u2500\u2500   \u2502\n\u2502      #0     \u2502\n\u2502      #3     \u2502\n\u2502      #4     \u2502\n\u2502      #5     \u2502\n\u2502             \u2502\n\u2502~18,446,...  \u2502\n\u2514\u2500\u2500\u2500\u2500\u2500\u2500\u252c\u2500\u2500\u2500\u2500\u2500\u2500\u2518\n\u250c\u2500\u2500\u2500\u2500\u2500\u2500\u2534\u2500\u2500\u2500\u2500\u2500\u2500\u2510\n\u2502    FILTER   \u2502\n\u2502    \u2500\u2500\u2500\u2500\u2500\u2500   \u2502\n\u2502 ((CASE  WHEN\u2502\n\u2502 ((year_total\u2502\n\u2502    > 0.0))  \u2502\n\u2502 THEN ((year_\u2502\n\u2502total / year_\u2502\n\u2502 total)) ELSE\u2502\n\u2502  NULL END > \u2502\n\u2502  CASE  WHEN \u2502\n\u2502 ((year_total\u2502\n\u2502    > 0.0))  \u2502\n\u2502 THEN ((year_\u2502\n\u2502total / year_\u2502\n\u2502 total)) ELSE\u2502\n\u2502   NULL END) \u2502\n\u2502  AND (CASE  \u2502\n\u2502 WHEN ((year_\u2502\n\u2502 total > 0.0)\u2502\n\u2502   ) THEN (  \u2502\n\u2502 (year_total \u2502\n\u2502 / year_total\u2502\n\u2502 )) ELSE NULL\u2502\n\u2502  END > CASE \u2502\n\u2502 WHEN ((year_\u2502\n\u2502 total > 0.0)\u2502\n\u2502   ) THEN (  \u2502\n\u2502 (year_total \u2502\n\u2502 / year_total\u2502\n\u2502 )) ELSE NULL\u2502\n\u2502     END))   \u2502\n\u2502             \u2502\n\u2502~18,446,...  \u2502\n\u2514\u2500\u2500\u2500\u2500\u2500\u2500\u252c\u2500\u2500\u2500\u2500\u2500\u2500\u2518\n\u250c\u2500\u2500\u2500\u2500\u2500\u2500\u2534\u2500\u2500\u2500\u2500\u2500\u2500\u2510\n\u2502  HASH_JOIN  \u2502\n\u2502    \u2500\u2500\u2500\u2500\u2500\u2500   \u2502\n\u2502  Join Type: \u2502\n\u2502    INNER    \u2502\n\u2502             \u2502\n\u2502 Conditions: \u251c\u2500\u2500\u2500\u2500\u2500\u2500\u2500\u2500\u2500\u2500\u2500\u2500\u2500\u2500\u2500\u2500\u2500\u2500\u2500\u2500\u2500\u2500\u2500\u2500\u2500\u2500\u2500\u2500\u2500\u2500\u2500\u2500\u2500\u2500\u2500\u2500\u2500\u2500\u2500\u2500\u2500\u2500\u2500\u2500\u2500\u2500\u2500\u2500\u2500\u2500\u2500\u2500\u2500\u2500\u2500\u2500\u2500\u2500\u2500\u2500\u2500\u2500\u2500\u2500\u2500\u2500\u2500\u2500\u2500\u2500\u2500\u2500\u2500\u2500\u2500\u2500\u2500\u2500\u2500\u2500\u2500\u2500\u2510\n\u2502 customer_id \u2502                                                                                  \u2502\n\u2502= customer_id\u2502                                                                                  \u2502\n\u2502             \u2502                                                                                  \u2502\n\u2502~18,446,...  \u2502                                                                                  \u2502\n\u2514\u2500\u2500\u2500\u2500\u2500\u2500\u252c\u2500\u2500\u2500\u2500\u2500\u2500\u2518                                                                                  \u2502\n\u250c\u2500\u2500\u2500\u2500\u2500\u2500\u2534\u2500\u2500\u2500\u2500\u2500\u2500\u2510                                                                           \u250c\u2500\u2500\u2500\u2500\u2500\u2500\u2534\u2500\u2500\u2500\u2500\u2500\u2500\u2510\n\u2502  HASH_JOIN  \u2502                                                                           \u2502  HASH_JOIN  \u2502\n\u2502    \u2500\u2500\u2500\u2500\u2500\u2500   \u2502                                                                           \u2502    \u2500\u2500\u2500\u2500\u2500\u2500   \u2502\n\u2502  Join Type: \u2502                                                                           \u2502  Join Type: \u2502\n\u2502    INNER    \u2502                                                                           \u2502    INNER    \u2502\n\u2502             \u2502                                                                           \u2502             \u2502\n\u2502 Conditions: \u251c\u2500\u2500\u2500\u2500\u2500\u2500\u2500\u2500\u2500\u2500\u2500\u2500\u2500\u2500\u2500\u2500\u2500\u2500\u2500\u2500\u2500\u2500\u2500\u2500\u2500\u2500\u2500\u2500\u2500\u2500\u2500\u2500\u2500\u2500\u2500\u2500\u2500\u2510                                     \u2502 Conditions: \u251c\u2500\u2500\u2500\u2500\u2500\u2500\u2500\u2500\u2500\u2500\u2500\u2500\u2500\u2500\u2500\u2500\u2500\u2500\u2500\u2500\u2500\u2500\u2500\u2500\u2500\u2500\u2500\u2500\u2500\u2500\u2500\u2500\u2500\u2500\u2500\u2500\u2500\u2510\n\u2502 customer_id \u2502                                     \u2502                                     \u2502 customer_id \u2502                                     \u2502\n\u2502= customer_id\u2502                                     \u2502                                     \u2502= customer_id\u2502                                     \u2502\n\u2502             \u2502                                     \u2502                                     \u2502             \u2502                                     \u2502\n\u2502 ~2,127 rows \u2502                                     \u2502                                     \u2502   ~70 rows  \u2502                                     \u2502\n\u2514\u2500\u2500\u2500\u2500\u2500\u2500\u252c\u2500\u2500\u2500\u2500\u2500\u2500\u2518                                     \u2502                                     \u2514\u2500\u2500\u2500\u2500\u2500\u2500\u252c\u2500\u2500\u2500\u2500\u2500\u2500\u2518                                     \u2502\n\u250c\u2500\u2500\u2500\u2500\u2500\u2500\u2534\u2500\u2500\u2500\u2500\u2500\u2500\u2510                              \u250c\u2500\u2500\u2500\u2500\u2500\u2500\u2534\u2500\u2500\u2500\u2500\u2500\u2500\u2510                              \u250c\u2500\u2500\u2500\u2500\u2500\u2500\u2534\u2500\u2500\u2500\u2500\u2500\u2500\u2510                              \u250c\u2500\u2500\u2500\u2500\u2500\u2500\u2534\u2500\u2500\u2500\u2500\u2500\u2500\u2510\n\u2502  PROJECTION \u2502                              \u2502  PROJECTION \u2502                              \u2502  PROJECTION \u2502                              \u2502  HASH_JOIN  \u2502\n\u2502    \u2500\u2500\u2500\u2500\u2500\u2500   \u2502                              \u2502    \u2500\u2500\u2500\u2500\u2500\u2500   \u2502                              \u2502    \u2500\u2500\u2500\u2500\u2500\u2500   \u2502                              \u2502    \u2500\u2500\u2500\u2500\u2500\u2500   \u2502\n\u2502      #0     \u2502                              \u2502      #0     \u2502                              \u2502 customer_id \u2502                              \u2502  Join Type: \u2502\n\u2502      #8     \u2502                              \u2502      #8     \u2502                              \u2502customer_firs\u2502                              \u2502    INNER    \u2502\n\u2502             \u2502                              \u2502             \u2502                              \u2502    t_name   \u2502                              \u2502             \u2502\n\u2502             \u2502                              \u2502             \u2502                              \u2502customer_last\u2502                              \u2502 Conditions: \u2502\n\u2502             \u2502                              \u2502             \u2502                              \u2502    _name    \u2502                              \u2502 customer_id \u251c\u2500\u2500\u2500\u2500\u2500\u2500\u2500\u2500\u2500\u2500\u2500\u2500\u2500\u2500\u2500\u2500\u2500\u2500\u2500\u2500\u2500\u2500\u2500\u2500\u2500\u2500\u2500\u2500\u2500\u2500\u2500\u2500\u2500\u2500\u2500\u2500\u2500\u2510\n\u2502             \u2502                              \u2502             \u2502                              \u2502customer_birt\u2502                              \u2502= customer_id\u2502                                     \u2502\n\u2502             \u2502                              \u2502             \u2502                              \u2502  h_country  \u2502                              \u2502             \u2502                                     \u2502\n\u2502             \u2502                              \u2502             \u2502                              \u2502  year_total \u2502                              \u2502             \u2502                                     \u2502\n\u2502             \u2502                              \u2502             \u2502                              \u2502             \u2502                              \u2502             \u2502                                     \u2502\n\u2502 ~46,129 rows\u2502                              \u2502 ~23,065 rows\u2502                              \u2502~230,647 rows\u2502                              \u2502  ~153 rows  \u2502                                     \u2502\n\u2514\u2500\u2500\u2500\u2500\u2500\u2500\u252c\u2500\u2500\u2500\u2500\u2500\u2500\u2518                              \u2514\u2500\u2500\u2500\u2500\u2500\u2500\u252c\u2500\u2500\u2500\u2500\u2500\u2500\u2518                              \u2514\u2500\u2500\u2500\u2500\u2500\u2500\u252c\u2500\u2500\u2500\u2500\u2500\u2500\u2518                              \u2514\u2500\u2500\u2500\u2500\u2500\u2500\u252c\u2500\u2500\u2500\u2500\u2500\u2500\u2518                                     \u2502\n\u250c\u2500\u2500\u2500\u2500\u2500\u2500\u2534\u2500\u2500\u2500\u2500\u2500\u2500\u2510                              \u250c\u2500\u2500\u2500\u2500\u2500\u2500\u2534\u2500\u2500\u2500\u2500\u2500\u2500\u2510                              \u250c\u2500\u2500\u2500\u2500\u2500\u2500\u2534\u2500\u2500\u2500\u2500\u2500\u2500\u2510                              \u250c\u2500\u2500\u2500\u2500\u2500\u2500\u2534\u2500\u2500\u2500\u2500\u2500\u2500\u2510                              \u250c\u2500\u2500\u2500\u2500\u2500\u2500\u2534\u2500\u2500\u2500\u2500\u2500\u2500\u2510\n\u2502    FILTER   \u2502                              \u2502    FILTER   \u2502                              \u2502  PROJECTION \u2502                              \u2502  PROJECTION \u2502                              \u2502  HASH_JOIN  \u2502\n\u2502    \u2500\u2500\u2500\u2500\u2500\u2500   \u2502                              \u2502    \u2500\u2500\u2500\u2500\u2500\u2500   \u2502                              \u2502    \u2500\u2500\u2500\u2500\u2500\u2500   \u2502                              \u2502    \u2500\u2500\u2500\u2500\u2500\u2500   \u2502                              \u2502    \u2500\u2500\u2500\u2500\u2500\u2500   \u2502\n\u2502 (year_total \u2502                              \u2502 (year_total \u2502                              \u2502      #0     \u2502                              \u2502 customer_id \u2502                              \u2502  Join Type: \u2502\n\u2502    > 0.0)   \u2502                              \u2502    > 0.0)   \u2502                              \u2502__internal_de\u2502                              \u2502  year_total \u2502                              \u2502    INNER    \u2502\n\u2502             \u2502                              \u2502             \u2502                              \u2502compress_stri\u2502                              \u2502             \u2502                              \u2502             \u2502\n\u2502             \u2502                              \u2502             \u2502                              \u2502    ng(#1)   \u2502                              \u2502             \u2502                              \u2502 Conditions: \u2502\n\u2502             \u2502                              \u2502             \u2502                              \u2502__internal_de\u2502                              \u2502             \u2502                              \u2502 customer_id \u2502\n\u2502             \u2502                              \u2502             \u2502                              \u2502compress_stri\u2502                              \u2502             \u2502                              \u2502= customer_id\u2502\n\u2502             \u2502                              \u2502             \u2502                              \u2502    ng(#2)   \u2502                              \u2502             \u2502                              \u2502             \u2502\n\u2502             \u2502                              \u2502             \u2502                              \u2502__internal_de\u2502                              \u2502             \u2502                              \u2502             \u2502\n\u2502             \u2502                              \u2502             \u2502                              \u2502compress_stri\u2502                              \u2502             \u2502                              \u2502             \u2502\n\u2502             \u2502                              \u2502             \u2502                              \u2502    ng(#3)   \u2502                              \u2502             \u2502                              \u2502             \u2502\n\u2502             \u2502                              \u2502             \u2502                              \u2502      #4     \u2502                              \u2502             \u2502                              \u2502             \u251c\u2500\u2500\u2500\u2500\u2500\u2500\u2500\u2500\u2500\u2500\u2500\u2500\u2500\u2500\u2500\u2500\u2500\u2500\u2500\u2500\u2500\u2500\u2500\u2500\u2500\u2500\u2500\u2500\u2500\u2500\u2500\u2500\u2500\u2500\u2500\u2500\u2500\u2510\n\u2502             \u2502                              \u2502             \u2502                              \u2502__internal_de\u2502                              \u2502             \u2502                              \u2502             \u2502                                     \u2502\n\u2502             \u2502                              \u2502             \u2502                              \u2502compress_stri\u2502                              \u2502             \u2502                              \u2502             \u2502                                     \u2502\n\u2502             \u2502                              \u2502             \u2502                              \u2502    ng(#5)   \u2502                              \u2502             \u2502                              \u2502             \u2502                                     \u2502\n\u2502             \u2502                              \u2502             \u2502                              \u2502      #6     \u2502                              \u2502             \u2502                              \u2502             \u2502                                     \u2502\n\u2502             \u2502                              \u2502             \u2502                              \u2502__internal_de\u2502                              \u2502             \u2502                              \u2502             \u2502                                     \u2502\n\u2502             \u2502                              \u2502             \u2502                              \u2502compress_inte\u2502                              \u2502             \u2502                              \u2502             \u2502                                     \u2502\n\u2502             \u2502                              \u2502             \u2502                              \u2502 gral_integer\u2502                              \u2502             \u2502                              \u2502             \u2502                                     \u2502\n\u2502             \u2502                              \u2502             \u2502                              \u2502  (#7, 2000) \u2502                              \u2502             \u2502                              \u2502             \u2502                                     \u2502\n\u2502             \u2502                              \u2502             \u2502                              \u2502      #8     \u2502                              \u2502             \u2502                              \u2502             \u2502                                     \u2502\n\u2502             \u2502                              \u2502             \u2502                              \u2502             \u2502                              \u2502             \u2502                              \u2502             \u2502                                     \u2502\n\u2502 ~46,129 rows\u2502                              \u2502 ~23,065 rows\u2502                              \u2502~230,647 rows\u2502                              \u2502~115,329 rows\u2502                              \u2502 ~1,328 rows \u2502                                     \u2502\n\u2514\u2500\u2500\u2500\u2500\u2500\u2500\u252c\u2500\u2500\u2500\u2500\u2500\u2500\u2518                              \u2514\u2500\u2500\u2500\u2500\u2500\u2500\u252c\u2500\u2500\u2500\u2500\u2500\u2500\u2518                              \u2514\u2500\u2500\u2500\u2500\u2500\u2500\u252c\u2500\u2500\u2500\u2500\u2500\u2500\u2518                              \u2514\u2500\u2500\u2500\u2500\u2500\u2500\u252c\u2500\u2500\u2500\u2500\u2500\u2500\u2518                              \u2514\u2500\u2500\u2500\u2500\u2500\u2500\u252c\u2500\u2500\u2500\u2500\u2500\u2500\u2518                                     \u2502\n\u250c\u2500\u2500\u2500\u2500\u2500\u2500\u2534\u2500\u2500\u2500\u2500\u2500\u2500\u2510                              \u250c\u2500\u2500\u2500\u2500\u2500\u2500\u2534\u2500\u2500\u2500\u2500\u2500\u2500\u2510                              \u250c\u2500\u2500\u2500\u2500\u2500\u2500\u2534\u2500\u2500\u2500\u2500\u2500\u2500\u2510                              \u250c\u2500\u2500\u2500\u2500\u2500\u2500\u2534\u2500\u2500\u2500\u2500\u2500\u2500\u2510                              \u250c\u2500\u2500\u2500\u2500\u2500\u2500\u2534\u2500\u2500\u2500\u2500\u2500\u2500\u2510                              \u250c\u2500\u2500\u2500\u2500\u2500\u2500\u2534\u2500\u2500\u2500\u2500\u2500\u2500\u2510\n\u2502  PROJECTION \u2502                              \u2502  PROJECTION \u2502                              \u2502HASH_GROUP_BY\u2502                              \u2502  PROJECTION \u2502                              \u2502  PROJECTION \u2502                              \u2502  PROJECTION \u2502\n\u2502    \u2500\u2500\u2500\u2500\u2500\u2500   \u2502                              \u2502    \u2500\u2500\u2500\u2500\u2500\u2500   \u2502                              \u2502    \u2500\u2500\u2500\u2500\u2500\u2500   \u2502                              \u2502    \u2500\u2500\u2500\u2500\u2500\u2500   \u2502                              \u2502    \u2500\u2500\u2500\u2500\u2500\u2500   \u2502                              \u2502    \u2500\u2500\u2500\u2500\u2500\u2500   \u2502\n\u2502      #0     \u2502                              \u2502      #0     \u2502                              \u2502   Groups:   \u2502                              \u2502      #0     \u2502                              \u2502 customer_id \u2502                              \u2502      #0     \u2502\n\u2502__internal_de\u2502                              \u2502__internal_de\u2502                              \u2502      #0     \u2502                              \u2502__internal_de\u2502                              \u2502  year_total \u2502                              \u2502      #8     \u2502\n\u2502compress_stri\u2502                              \u2502compress_stri\u2502                              \u2502      #1     \u2502                              \u2502compress_stri\u2502                              \u2502             \u2502                              \u2502             \u2502\n\u2502    ng(#1)   \u2502                              \u2502    ng(#1)   \u2502                              \u2502      #2     \u2502                              \u2502    ng(#1)   \u2502                              \u2502             \u2502                              \u2502             \u2502\n\u2502__internal_de\u2502                              \u2502__internal_de\u2502                              \u2502      #3     \u2502                              \u2502__internal_de\u2502                              \u2502             \u2502                              \u2502             \u2502\n\u2502compress_stri\u2502                              \u2502compress_stri\u2502                              \u2502      #4     \u2502                              \u2502compress_stri\u2502                              \u2502             \u2502                              \u2502             \u2502\n\u2502    ng(#2)   \u2502                              \u2502    ng(#2)   \u2502                              \u2502      #5     \u2502                              \u2502    ng(#2)   \u2502                              \u2502             \u2502                              \u2502             \u2502\n\u2502__internal_de\u2502                              \u2502__internal_de\u2502                              \u2502      #6     \u2502                              \u2502__internal_de\u2502                              \u2502             \u2502                              \u2502             \u2502\n\u2502compress_stri\u2502                              \u2502compress_stri\u2502                              \u2502      #7     \u2502                              \u2502compress_stri\u2502                              \u2502             \u2502                              \u2502             \u2502\n\u2502    ng(#3)   \u2502                              \u2502    ng(#3)   \u2502                              \u2502             \u2502                              \u2502    ng(#3)   \u2502                              \u2502             \u2502                              \u2502             \u2502\n\u2502      #4     \u2502                              \u2502      #4     \u2502                              \u2502 Aggregates: \u2502                              \u2502      #4     \u2502                              \u2502             \u2502                              \u2502             \u2502\n\u2502__internal_de\u2502                              \u2502__internal_de\u2502                              \u2502   sum(#8)   \u2502                              \u2502__internal_de\u2502                              \u2502             \u2502                              \u2502             \u2502\n\u2502compress_stri\u2502                              \u2502compress_stri\u2502                              \u2502             \u2502                              \u2502compress_stri\u2502                              \u2502             \u2502                              \u2502             \u2502\n\u2502    ng(#5)   \u2502                              \u2502    ng(#5)   \u2502                              \u2502             \u2502                              \u2502    ng(#5)   \u2502                              \u2502             \u2502                              \u2502             \u2502\n\u2502      #6     \u2502                              \u2502      #6     \u2502                              \u2502             \u2502                              \u2502      #6     \u2502                              \u2502             \u2502                              \u2502             \u2502\n\u2502__internal_de\u2502                              \u2502__internal_de\u2502                              \u2502             \u2502                              \u2502__internal_de\u2502                              \u2502             \u2502                              \u2502             \u2502\n\u2502compress_inte\u2502                              \u2502compress_inte\u2502                              \u2502             \u2502                              \u2502compress_inte\u2502                              \u2502             \u2502                              \u2502             \u2502\n\u2502 gral_integer\u2502                              \u2502 gral_integer\u2502                              \u2502             \u2502                              \u2502 gral_integer\u2502                              \u2502             \u2502                              \u2502             \u2502\n\u2502  (#7, 1999) \u2502                              \u2502  (#7, 1999) \u2502                              \u2502             \u2502                              \u2502  (#7, 2000) \u2502                              \u2502             \u2502                              \u2502             \u2502\n\u2502      #8     \u2502                              \u2502      #8     \u2502                              \u2502             \u2502                              \u2502      #8     \u2502                              \u2502             \u2502                              \u2502             \u2502\n\u2502             \u2502                              \u2502             \u2502                              \u2502             \u2502                              \u2502             \u2502                              \u2502             \u2502                              \u2502             \u2502\n\u2502~230,647 rows\u2502                              \u2502~115,329 rows\u2502                              \u2502~230,647 rows\u2502                              \u2502~115,329 rows\u2502                              \u2502 ~57,640 rows\u2502                              \u2502 ~11,528 rows\u2502\n\u2514\u2500\u2500\u2500\u2500\u2500\u2500\u252c\u2500\u2500\u2500\u2500\u2500\u2500\u2518                              \u2514\u2500\u2500\u2500\u2500\u2500\u2500\u252c\u2500\u2500\u2500\u2500\u2500\u2500\u2518                              \u2514\u2500\u2500\u2500\u2500\u2500\u2500\u252c\u2500\u2500\u2500\u2500\u2500\u2500\u2518                              \u2514\u2500\u2500\u2500\u2500\u2500\u2500\u252c\u2500\u2500\u2500\u2500\u2500\u2500\u2518                              \u2514\u2500\u2500\u2500\u2500\u2500\u2500\u252c\u2500\u2500\u2500\u2500\u2500\u2500\u2518                              \u2514\u2500\u2500\u2500\u2500\u2500\u2500\u252c\u2500\u2500\u2500\u2500\u2500\u2500\u2518\n\u250c\u2500\u2500\u2500\u2500\u2500\u2500\u2534\u2500\u2500\u2500\u2500\u2500\u2500\u2510                              \u250c\u2500\u2500\u2500\u2500\u2500\u2500\u2534\u2500\u2500\u2500\u2500\u2500\u2500\u2510                              \u250c\u2500\u2500\u2500\u2500\u2500\u2500\u2534\u2500\u2500\u2500\u2500\u2500\u2500\u2510                              \u250c\u2500\u2500\u2500\u2500\u2500\u2500\u2534\u2500\u2500\u2500\u2500\u2500\u2500\u2510                              \u250c\u2500\u2500\u2500\u2500\u2500\u2500\u2534\u2500\u2500\u2500\u2500\u2500\u2500\u2510                              \u250c\u2500\u2500\u2500\u2500\u2500\u2500\u2534\u2500\u2500\u2500\u2500\u2500\u2500\u2510\n\u2502HASH_GROUP_BY\u2502                              \u2502HASH_GROUP_BY\u2502                              \u2502  PROJECTION \u2502                              \u2502HASH_GROUP_BY\u2502                              \u2502  PROJECTION \u2502                              \u2502    FILTER   \u2502\n\u2502    \u2500\u2500\u2500\u2500\u2500\u2500   \u2502                              \u2502    \u2500\u2500\u2500\u2500\u2500\u2500   \u2502                              \u2502    \u2500\u2500\u2500\u2500\u2500\u2500   \u2502                              \u2502    \u2500\u2500\u2500\u2500\u2500\u2500   \u2502                              \u2502    \u2500\u2500\u2500\u2500\u2500\u2500   \u2502                              \u2502    \u2500\u2500\u2500\u2500\u2500\u2500   \u2502\n\u2502   Groups:   \u2502                              \u2502   Groups:   \u2502                              \u2502c_customer_id\u2502                              \u2502   Groups:   \u2502                              \u2502      #0     \u2502                              \u2502 (year_total \u2502\n\u2502      #0     \u2502                              \u2502      #0     \u2502                              \u2502 c_first_name\u2502                              \u2502      #0     \u2502                              \u2502__internal_de\u2502                              \u2502    > 0.0)   \u2502\n\u2502      #1     \u2502                              \u2502      #1     \u2502                              \u2502 c_last_name \u2502                              \u2502      #1     \u2502                              \u2502compress_stri\u2502                              \u2502             \u2502\n\u2502      #2     \u2502                              \u2502      #2     \u2502                              \u2502c_preferred_c\u2502                              \u2502      #2     \u2502                              \u2502    ng(#1)   \u2502                              \u2502             \u2502\n\u2502      #3     \u2502                              \u2502      #3     \u2502                              \u2502   ust_flag  \u2502                              \u2502      #3     \u2502                              \u2502__internal_de\u2502                              \u2502             \u2502\n\u2502      #4     \u2502                              \u2502      #4     \u2502                              \u2502c_birth_count\u2502                              \u2502      #4     \u2502                              \u2502compress_stri\u2502                              \u2502             \u2502\n\u2502      #5     \u2502                              \u2502      #5     \u2502                              \u2502      ry     \u2502                              \u2502      #5     \u2502                              \u2502    ng(#2)   \u2502                              \u2502             \u2502\n\u2502      #6     \u2502                              \u2502      #6     \u2502                              \u2502   c_login   \u2502                              \u2502      #6     \u2502                              \u2502__internal_de\u2502                              \u2502             \u2502\n\u2502      #7     \u2502                              \u2502      #7     \u2502                              \u2502c_email_addre\u2502                              \u2502      #7     \u2502                              \u2502compress_stri\u2502                              \u2502             \u2502\n\u2502             \u2502                              \u2502             \u2502                              \u2502      ss     \u2502                              \u2502             \u2502                              \u2502    ng(#3)   \u2502                              \u2502             \u2502\n\u2502 Aggregates: \u2502                              \u2502 Aggregates: \u2502                              \u2502    d_year   \u2502                              \u2502 Aggregates: \u2502                              \u2502      #4     \u2502                              \u2502             \u2502\n\u2502   sum(#8)   \u2502                              \u2502   sum(#8)   \u2502                              \u2502 (CAST((CAST(\u2502                              \u2502   sum(#8)   \u2502                              \u2502__internal_de\u2502                              \u2502             \u2502\n\u2502             \u2502                              \u2502             \u2502                              \u2502((ss_ext_list\u2502                              \u2502             \u2502                              \u2502compress_stri\u2502                              \u2502             \u2502\n\u2502             \u2502                              \u2502             \u2502                              \u2502   _price -  \u2502                              \u2502             \u2502                              \u2502    ng(#5)   \u2502                              \u2502             \u2502\n\u2502             \u2502                              \u2502             \u2502                              \u2502 ss_ext_whole\u2502                              \u2502             \u2502                              \u2502      #6     \u2502                              \u2502             \u2502\n\u2502             \u2502                              \u2502             \u2502                              \u2502 sale_cost) -\u2502                              \u2502             \u2502                              \u2502__internal_de\u2502                              \u2502             \u2502\n\u2502             \u2502                              \u2502             \u2502                              \u2502 ss_ext_disco\u2502                              \u2502             \u2502                              \u2502compress_inte\u2502                              \u2502             \u2502\n\u2502             \u2502                              \u2502             \u2502                              \u2502 unt_amt) AS \u2502                              \u2502             \u2502                              \u2502 gral_integer\u2502                              \u2502             \u2502\n\u2502             \u2502                              \u2502             \u2502                              \u2502  DECIMAL(10 \u2502                              \u2502             \u2502                              \u2502  (#7, 2000) \u2502                              \u2502             \u2502\n\u2502             \u2502                              \u2502             \u2502                              \u2502 ,2)) + CAST \u2502                              \u2502             \u2502                              \u2502      #8     \u2502                              \u2502             \u2502\n\u2502             \u2502                              \u2502             \u2502                              \u2502(ss_ext_sales\u2502                              \u2502             \u2502                              \u2502             \u2502                              \u2502             \u2502\n\u2502             \u2502                              \u2502             \u2502                              \u2502  _price AS  \u2502                              \u2502             \u2502                              \u2502             \u2502                              \u2502             \u2502\n\u2502             \u2502                              \u2502             \u2502                              \u2502  DECIMAL(10 \u2502                              \u2502             \u2502                              \u2502             \u2502                              \u2502             \u2502\n\u2502             \u2502                              \u2502             \u2502                              \u2502   ,2))) AS  \u2502                              \u2502             \u2502                              \u2502             \u2502                              \u2502             \u2502\n\u2502             \u2502                              \u2502             \u2502                              \u2502  DOUBLE) / 2\u2502                              \u2502             \u2502                              \u2502             \u2502                              \u2502             \u2502\n\u2502             \u2502                              \u2502             \u2502                              \u2502     .0)     \u2502                              \u2502             \u2502                              \u2502             \u2502                              \u2502             \u2502\n\u2502             \u2502                              \u2502             \u2502                              \u2502             \u2502                              \u2502             \u2502                              \u2502             \u2502                              \u2502             \u2502\n\u2502~230,647 rows\u2502                              \u2502~115,329 rows\u2502                              \u2502~230,647 rows\u2502                              \u2502~115,329 rows\u2502                              \u2502 ~57,640 rows\u2502                              \u2502 ~11,528 rows\u2502\n\u2514\u2500\u2500\u2500\u2500\u2500\u2500\u252c\u2500\u2500\u2500\u2500\u2500\u2500\u2518                              \u2514\u2500\u2500\u2500\u2500\u2500\u2500\u252c\u2500\u2500\u2500\u2500\u2500\u2500\u2518                              \u2514\u2500\u2500\u2500\u2500\u2500\u2500\u252c\u2500\u2500\u2500\u2500\u2500\u2500\u2518                              \u2514\u2500\u2500\u2500\u2500\u2500\u2500\u252c\u2500\u2500\u2500\u2500\u2500\u2500\u2518                              \u2514\u2500\u2500\u2500\u2500\u2500\u2500\u252c\u2500\u2500\u2500\u2500\u2500\u2500\u2518                              \u2514\u2500\u2500\u2500\u2500\u2500\u2500\u252c\u2500\u2500\u2500\u2500\u2500\u2500\u2518\n\u250c\u2500\u2500\u2500\u2500\u2500\u2500\u2534\u2500\u2500\u2500\u2500\u2500\u2500\u2510                              \u250c\u2500\u2500\u2500\u2500\u2500\u2500\u2534\u2500\u2500\u2500\u2500\u2500\u2500\u2510                              \u250c\u2500\u2500\u2500\u2500\u2500\u2500\u2534\u2500\u2500\u2500\u2500\u2500\u2500\u2510                              \u250c\u2500\u2500\u2500\u2500\u2500\u2500\u2534\u2500\u2500\u2500\u2500\u2500\u2500\u2510                              \u250c\u2500\u2500\u2500\u2500\u2500\u2500\u2534\u2500\u2500\u2500\u2500\u2500\u2500\u2510                              \u250c\u2500\u2500\u2500\u2500\u2500\u2500\u2534\u2500\u2500\u2500\u2500\u2500\u2500\u2510\n\u2502  PROJECTION \u2502                              \u2502  PROJECTION \u2502                              \u2502  PROJECTION \u2502                              \u2502  PROJECTION \u2502                              \u2502HASH_GROUP_BY\u2502                              \u2502  PROJECTION \u2502\n\u2502    \u2500\u2500\u2500\u2500\u2500\u2500   \u2502                              \u2502    \u2500\u2500\u2500\u2500\u2500\u2500   \u2502                              \u2502    \u2500\u2500\u2500\u2500\u2500\u2500   \u2502                              \u2502    \u2500\u2500\u2500\u2500\u2500\u2500   \u2502                              \u2502    \u2500\u2500\u2500\u2500\u2500\u2500   \u2502                              \u2502    \u2500\u2500\u2500\u2500\u2500\u2500   \u2502\n\u2502c_customer_id\u2502                              \u2502c_customer_id\u2502                              \u2502      #0     \u2502                              \u2502c_customer_id\u2502                              \u2502   Groups:   \u2502                              \u2502      #0     \u2502\n\u2502 c_first_name\u2502                              \u2502 c_first_name\u2502                              \u2502__internal_co\u2502                              \u2502 c_first_name\u2502                              \u2502      #0     \u2502                              \u2502__internal_de\u2502\n\u2502 c_last_name \u2502                              \u2502 c_last_name \u2502                              \u2502mpress_string\u2502                              \u2502 c_last_name \u2502                              \u2502      #1     \u2502                              \u2502compress_stri\u2502\n\u2502c_preferred_c\u2502                              \u2502c_preferred_c\u2502                              \u2502_uhugeint(#1)\u2502                              \u2502c_preferred_c\u2502                              \u2502      #2     \u2502                              \u2502    ng(#1)   \u2502\n\u2502   ust_flag  \u2502                              \u2502   ust_flag  \u2502                              \u2502__internal_co\u2502                              \u2502   ust_flag  \u2502                              \u2502      #3     \u2502                              \u2502__internal_de\u2502\n\u2502c_birth_count\u2502                              \u2502c_birth_count\u2502                              \u2502mpress_string\u2502                              \u2502c_birth_count\u2502                              \u2502      #4     \u2502                              \u2502compress_stri\u2502\n\u2502      ry     \u2502                              \u2502      ry     \u2502                              \u2502_uhugeint(#2)\u2502                              \u2502      ry     \u2502                              \u2502      #5     \u2502                              \u2502    ng(#2)   \u2502\n\u2502   c_login   \u2502                              \u2502   c_login   \u2502                              \u2502__internal_co\u2502                              \u2502   c_login   \u2502                              \u2502      #6     \u2502                              \u2502__internal_de\u2502\n\u2502c_email_addre\u2502                              \u2502c_email_addre\u2502                              \u2502mpress_string\u2502                              \u2502c_email_addre\u2502                              \u2502      #7     \u2502                              \u2502compress_stri\u2502\n\u2502      ss     \u2502                              \u2502      ss     \u2502                              \u2502_utinyint(#3)\u2502                              \u2502      ss     \u2502                              \u2502             \u2502                              \u2502    ng(#3)   \u2502\n\u2502    d_year   \u2502                              \u2502    d_year   \u2502                              \u2502      #4     \u2502                              \u2502    d_year   \u2502                              \u2502 Aggregates: \u2502                              \u2502      #4     \u2502\n\u2502 (CAST((CAST(\u2502                              \u2502 (CAST((CAST(\u2502                              \u2502__internal_co\u2502                              \u2502 (CAST((CAST(\u2502                              \u2502   sum(#8)   \u2502                              \u2502__internal_de\u2502\n\u2502((ss_ext_list\u2502                              \u2502((cs_ext_list\u2502                              \u2502mpress_string\u2502                              \u2502((cs_ext_list\u2502                              \u2502             \u2502                              \u2502compress_stri\u2502\n\u2502   _price -  \u2502                              \u2502   _price -  \u2502                              \u2502_utinyint(#5)\u2502                              \u2502   _price -  \u2502                              \u2502             \u2502                              \u2502    ng(#5)   \u2502\n\u2502 ss_ext_whole\u2502                              \u2502 cs_ext_whole\u2502                              \u2502      #6     \u2502                              \u2502 cs_ext_whole\u2502                              \u2502             \u2502                              \u2502      #6     \u2502\n\u2502 sale_cost) -\u2502                              \u2502 sale_cost) -\u2502                              \u2502      #7     \u2502                              \u2502 sale_cost) -\u2502                              \u2502             \u2502                              \u2502__internal_de\u2502\n\u2502 ss_ext_disco\u2502                              \u2502 cs_ext_disco\u2502                              \u2502      #8     \u2502                              \u2502 cs_ext_disco\u2502                              \u2502             \u2502                              \u2502compress_inte\u2502\n\u2502 unt_amt) AS \u2502                              \u2502 unt_amt) AS \u2502                              \u2502      #9     \u2502                              \u2502 unt_amt) AS \u2502                              \u2502             \u2502                              \u2502 gral_integer\u2502\n\u2502  DECIMAL(10 \u2502                              \u2502  DECIMAL(10 \u2502                              \u2502     #10     \u2502                              \u2502  DECIMAL(10 \u2502                              \u2502             \u2502                              \u2502  (#7, 1999) \u2502\n\u2502 ,2)) + CAST \u2502                              \u2502 ,2)) + CAST \u2502                              \u2502__internal_co\u2502                              \u2502 ,2)) + CAST \u2502                              \u2502             \u2502                              \u2502      #8     \u2502\n\u2502(ss_ext_sales\u2502                              \u2502(cs_ext_sales\u2502                              \u2502mpress_integr\u2502                              \u2502(cs_ext_sales\u2502                              \u2502             \u2502                              \u2502             \u2502\n\u2502  _price AS  \u2502                              \u2502  _price AS  \u2502                              \u2502 al_utinyint(\u2502                              \u2502  _price AS  \u2502                              \u2502             \u2502                              \u2502             \u2502\n\u2502  DECIMAL(10 \u2502                              \u2502  DECIMAL(10 \u2502                              \u2502  #11, 2000) \u2502                              \u2502  DECIMAL(10 \u2502                              \u2502             \u2502                              \u2502             \u2502\n\u2502   ,2))) AS  \u2502                              \u2502   ,2))) AS  \u2502                              \u2502             \u2502                              \u2502   ,2))) AS  \u2502                              \u2502             \u2502                              \u2502             \u2502\n\u2502  DOUBLE) / 2\u2502                              \u2502  DOUBLE) / 2\u2502                              \u2502             \u2502                              \u2502  DOUBLE) / 2\u2502                              \u2502             \u2502                              \u2502             \u2502\n\u2502     .0)     \u2502                              \u2502     .0)     \u2502                              \u2502             \u2502                              \u2502     .0)     \u2502                              \u2502             \u2502                              \u2502             \u2502\n\u2502             \u2502                              \u2502             \u2502                              \u2502             \u2502                              \u2502             \u2502                              \u2502             \u2502                              \u2502             \u2502\n\u2502~230,647 rows\u2502                              \u2502~115,329 rows\u2502                              \u2502~230,647 rows\u2502                              \u2502~115,329 rows\u2502                              \u2502 ~57,640 rows\u2502                              \u2502 ~57,640 rows\u2502\n\u2514\u2500\u2500\u2500\u2500\u2500\u2500\u252c\u2500\u2500\u2500\u2500\u2500\u2500\u2518                              \u2514\u2500\u2500\u2500\u2500\u2500\u2500\u252c\u2500\u2500\u2500\u2500\u2500\u2500\u2518                              \u2514\u2500\u2500\u2500\u2500\u2500\u2500\u252c\u2500\u2500\u2500\u2500\u2500\u2500\u2518                              \u2514\u2500\u2500\u2500\u2500\u2500\u2500\u252c\u2500\u2500\u2500\u2500\u2500\u2500\u2518                              \u2514\u2500\u2500\u2500\u2500\u2500\u2500\u252c\u2500\u2500\u2500\u2500\u2500\u2500\u2518                              \u2514\u2500\u2500\u2500\u2500\u2500\u2500\u252c\u2500\u2500\u2500\u2500\u2500\u2500\u2518\n\u250c\u2500\u2500\u2500\u2500\u2500\u2500\u2534\u2500\u2500\u2500\u2500\u2500\u2500\u2510                              \u250c\u2500\u2500\u2500\u2500\u2500\u2500\u2534\u2500\u2500\u2500\u2500\u2500\u2500\u2510                              \u250c\u2500\u2500\u2500\u2500\u2500\u2500\u2534\u2500\u2500\u2500\u2500\u2500\u2500\u2510                              \u250c\u2500\u2500\u2500\u2500\u2500\u2500\u2534\u2500\u2500\u2500\u2500\u2500\u2500\u2510                              \u250c\u2500\u2500\u2500\u2500\u2500\u2500\u2534\u2500\u2500\u2500\u2500\u2500\u2500\u2510                              \u250c\u2500\u2500\u2500\u2500\u2500\u2500\u2534\u2500\u2500\u2500\u2500\u2500\u2500\u2510\n\u2502  PROJECTION \u2502                              \u2502  PROJECTION \u2502                              \u2502  HASH_JOIN  \u2502                              \u2502  PROJECTION \u2502                              \u2502  PROJECTION \u2502                              \u2502HASH_GROUP_BY\u2502\n\u2502    \u2500\u2500\u2500\u2500\u2500\u2500   \u2502                              \u2502    \u2500\u2500\u2500\u2500\u2500\u2500   \u2502                              \u2502    \u2500\u2500\u2500\u2500\u2500\u2500   \u2502                              \u2502    \u2500\u2500\u2500\u2500\u2500\u2500   \u2502                              \u2502    \u2500\u2500\u2500\u2500\u2500\u2500   \u2502                              \u2502    \u2500\u2500\u2500\u2500\u2500\u2500   \u2502\n\u2502      #0     \u2502                              \u2502      #0     \u2502                              \u2502  Join Type: \u2502                              \u2502      #0     \u2502                              \u2502c_customer_id\u2502                              \u2502   Groups:   \u2502\n\u2502__internal_co\u2502                              \u2502__internal_co\u2502                              \u2502    INNER    \u2502                              \u2502__internal_co\u2502                              \u2502 c_first_name\u2502                              \u2502      #0     \u2502\n\u2502mpress_string\u2502                              \u2502mpress_string\u2502                              \u2502             \u2502                              \u2502mpress_string\u2502                              \u2502 c_last_name \u2502                              \u2502      #1     \u2502\n\u2502_uhugeint(#1)\u2502                              \u2502_uhugeint(#1)\u2502                              \u2502 Conditions: \u2502                              \u2502_uhugeint(#1)\u2502                              \u2502c_preferred_c\u2502                              \u2502      #2     \u2502\n\u2502__internal_co\u2502                              \u2502__internal_co\u2502                              \u2502c_customer_sk\u2502                              \u2502__internal_co\u2502                              \u2502   ust_flag  \u2502                              \u2502      #3     \u2502\n\u2502mpress_string\u2502                              \u2502mpress_string\u2502                              \u2502 = ss_custome\u2502                              \u2502mpress_string\u2502                              \u2502c_birth_count\u2502                              \u2502      #4     \u2502\n\u2502_uhugeint(#2)\u2502                              \u2502_uhugeint(#2)\u2502                              \u2502     r_sk    \u2502                              \u2502_uhugeint(#2)\u2502                              \u2502      ry     \u2502                              \u2502      #5     \u2502\n\u2502__internal_co\u2502                              \u2502__internal_co\u2502                              \u2502             \u2502                              \u2502__internal_co\u2502                              \u2502   c_login   \u2502                              \u2502      #6     \u2502\n\u2502mpress_string\u2502                              \u2502mpress_string\u2502                              \u2502             \u2502                              \u2502mpress_string\u2502                              \u2502c_email_addre\u2502                              \u2502      #7     \u2502\n\u2502_utinyint(#3)\u2502                              \u2502_utinyint(#3)\u2502                              \u2502             \u2502                              \u2502_utinyint(#3)\u2502                              \u2502      ss     \u2502                              \u2502             \u2502\n\u2502      #4     \u2502                              \u2502      #4     \u2502                              \u2502             \u2502                              \u2502      #4     \u2502                              \u2502    d_year   \u2502                              \u2502 Aggregates: \u2502\n\u2502__internal_co\u2502                              \u2502__internal_co\u2502                              \u2502             \u2502                              \u2502__internal_co\u2502                              \u2502 (CAST((CAST(\u2502                              \u2502   sum(#8)   \u2502\n\u2502mpress_string\u2502                              \u2502mpress_string\u2502                              \u2502             \u2502                              \u2502mpress_string\u2502                              \u2502((ws_ext_list\u2502                              \u2502             \u2502\n\u2502_utinyint(#5)\u2502                              \u2502_utinyint(#5)\u2502                              \u2502             \u251c\u2500\u2500\u2500\u2500\u2500\u2500\u2500\u2510                      \u2502_utinyint(#5)\u2502                              \u2502   _price -  \u2502                              \u2502             \u2502\n\u2502      #6     \u2502                              \u2502      #6     \u2502                              \u2502             \u2502       \u2502                      \u2502      #6     \u2502                              \u2502 ws_ext_whole\u2502                              \u2502             \u2502\n\u2502      #7     \u2502                              \u2502      #7     \u2502                              \u2502             \u2502       \u2502                      \u2502      #7     \u2502                              \u2502 sale_cost) -\u2502                              \u2502             \u2502\n\u2502      #8     \u2502                              \u2502      #8     \u2502                              \u2502             \u2502       \u2502                      \u2502      #8     \u2502                              \u2502 ws_ext_disco\u2502                              \u2502             \u2502\n\u2502      #9     \u2502                              \u2502      #9     \u2502                              \u2502             \u2502       \u2502                      \u2502      #9     \u2502                              \u2502 unt_amt) AS \u2502                              \u2502             \u2502\n\u2502     #10     \u2502                              \u2502     #10     \u2502                              \u2502             \u2502       \u2502                      \u2502     #10     \u2502                              \u2502  DECIMAL(10 \u2502                              \u2502             \u2502\n\u2502__internal_co\u2502                              \u2502__internal_co\u2502                              \u2502             \u2502       \u2502                      \u2502__internal_co\u2502                              \u2502 ,2)) + CAST \u2502                              \u2502             \u2502\n\u2502mpress_integr\u2502                              \u2502mpress_integr\u2502                              \u2502             \u2502       \u2502                      \u2502mpress_integr\u2502                              \u2502(ws_ext_sales\u2502                              \u2502             \u2502\n\u2502 al_utinyint(\u2502                              \u2502 al_utinyint(\u2502                              \u2502             \u2502       \u2502                      \u2502 al_utinyint(\u2502                              \u2502  _price AS  \u2502                              \u2502             \u2502\n\u2502  #11, 1999) \u2502                              \u2502  #11, 1999) \u2502                              \u2502             \u2502       \u2502                      \u2502  #11, 2000) \u2502                              \u2502  DECIMAL(10 \u2502                              \u2502             \u2502\n\u2502             \u2502                              \u2502             \u2502                              \u2502             \u2502       \u2502                      \u2502             \u2502                              \u2502   ,2))) AS  \u2502                              \u2502             \u2502\n\u2502             \u2502                              \u2502             \u2502                              \u2502             \u2502       \u2502                      \u2502             \u2502                              \u2502  DOUBLE) / 2\u2502                              \u2502             \u2502\n\u2502             \u2502                              \u2502             \u2502                              \u2502             \u2502       \u2502                      \u2502             \u2502                              \u2502     .0)     \u2502                              \u2502             \u2502\n\u2502             \u2502                              \u2502             \u2502                              \u2502             \u2502       \u2502                      \u2502             \u2502                              \u2502             \u2502                              \u2502             \u2502\n\u2502~230,647 rows\u2502                              \u2502~115,329 rows\u2502                              \u2502~230,647 rows\u2502       \u2502                      \u2502~115,329 rows\u2502                              \u2502 ~57,640 rows\u2502                              \u2502 ~57,640 rows\u2502\n\u2514\u2500\u2500\u2500\u2500\u2500\u2500\u252c\u2500\u2500\u2500\u2500\u2500\u2500\u2518                              \u2514\u2500\u2500\u2500\u2500\u2500\u2500\u252c\u2500\u2500\u2500\u2500\u2500\u2500\u2518                              \u2514\u2500\u2500\u2500\u2500\u2500\u2500\u252c\u2500\u2500\u2500\u2500\u2500\u2500\u2518       \u2502                      \u2514\u2500\u2500\u2500\u2500\u2500\u2500\u252c\u2500\u2500\u2500\u2500\u2500\u2500\u2518                              \u2514\u2500\u2500\u2500\u2500\u2500\u2500\u252c\u2500\u2500\u2500\u2500\u2500\u2500\u2518                              \u2514\u2500\u2500\u2500\u2500\u2500\u2500\u252c\u2500\u2500\u2500\u2500\u2500\u2500\u2518\n\u250c\u2500\u2500\u2500\u2500\u2500\u2500\u2534\u2500\u2500\u2500\u2500\u2500\u2500\u2510                              \u250c\u2500\u2500\u2500\u2500\u2500\u2500\u2534\u2500\u2500\u2500\u2500\u2500\u2500\u2510                              \u250c\u2500\u2500\u2500\u2500\u2500\u2500\u2534\u2500\u2500\u2500\u2500\u2500\u2500\u2510\u250c\u2500\u2500\u2500\u2500\u2500\u2500\u2534\u2500\u2500\u2500\u2500\u2500\u2500\u2510               \u250c\u2500\u2500\u2500\u2500\u2500\u2500\u2534\u2500\u2500\u2500\u2500\u2500\u2500\u2510                              \u250c\u2500\u2500\u2500\u2500\u2500\u2500\u2534\u2500\u2500\u2500\u2500\u2500\u2500\u2510                              \u250c\u2500\u2500\u2500\u2500\u2500\u2500\u2534\u2500\u2500\u2500\u2500\u2500\u2500\u2510\n\u2502  HASH_JOIN  \u2502                              \u2502  HASH_JOIN  \u2502                              \u2502  SEQ_SCAN   \u2502\u2502  HASH_JOIN  \u2502               \u2502  HASH_JOIN  \u2502                              \u2502  PROJECTION \u2502                              \u2502  PROJECTION \u2502\n\u2502    \u2500\u2500\u2500\u2500\u2500\u2500   \u2502                              \u2502    \u2500\u2500\u2500\u2500\u2500\u2500   \u2502                              \u2502    \u2500\u2500\u2500\u2500\u2500\u2500   \u2502\u2502    \u2500\u2500\u2500\u2500\u2500\u2500   \u2502               \u2502    \u2500\u2500\u2500\u2500\u2500\u2500   \u2502                              \u2502    \u2500\u2500\u2500\u2500\u2500\u2500   \u2502                              \u2502    \u2500\u2500\u2500\u2500\u2500\u2500   \u2502\n\u2502  Join Type: \u2502                              \u2502  Join Type: \u2502                              \u2502    Table:   \u2502\u2502  Join Type: \u2502               \u2502  Join Type: \u2502                              \u2502      #0     \u2502                              \u2502c_customer_id\u2502\n\u2502    INNER    \u2502                              \u2502    INNER    \u2502                              \u2502   customer  \u2502\u2502    INNER    \u2502               \u2502    INNER    \u2502                              \u2502__internal_co\u2502                              \u2502 c_first_name\u2502\n\u2502             \u2502                              \u2502             \u2502                              \u2502             \u2502\u2502             \u2502               \u2502             \u2502                              \u2502mpress_string\u2502                              \u2502 c_last_name \u2502\n\u2502 Conditions: \u2502                              \u2502 Conditions: \u2502                              \u2502    Type:    \u2502\u2502 Conditions: \u2502               \u2502 Conditions: \u2502                              \u2502_uhugeint(#1)\u2502                              \u2502c_preferred_c\u2502\n\u2502c_customer_sk\u2502                              \u2502c_customer_sk\u2502                              \u2502  Sequential \u2502\u2502ss_sold_date_\u2502               \u2502c_customer_sk\u2502                              \u2502__internal_co\u2502                              \u2502   ust_flag  \u2502\n\u2502 = ss_custome\u2502                              \u2502 = cs_bill_cu\u2502                              \u2502     Scan    \u2502\u2502sk = d_date_s\u2502               \u2502 = cs_bill_cu\u2502                              \u2502mpress_string\u2502                              \u2502c_birth_count\u2502\n\u2502     r_sk    \u2502                              \u2502  stomer_sk  \u2502                              \u2502             \u2502\u2502      k      \u2502               \u2502  stomer_sk  \u2502                              \u2502_uhugeint(#2)\u2502                              \u2502      ry     \u2502\n\u2502             \u2502                              \u2502             \u2502                              \u2502 Projections:\u2502\u2502             \u2502               \u2502             \u2502                              \u2502__internal_co\u2502                              \u2502   c_login   \u2502\n\u2502             \u2502                              \u2502             \u2502                              \u2502c_customer_sk\u2502\u2502             \u2502               \u2502             \u2502                              \u2502mpress_string\u2502                              \u2502c_email_addre\u2502\n\u2502             \u2502                              \u2502             \u2502                              \u2502c_customer_id\u2502\u2502             \u2502               \u2502             \u2502                              \u2502_utinyint(#3)\u2502                              \u2502      ss     \u2502\n\u2502             \u2502                              \u2502             \u2502                              \u2502 c_first_name\u2502\u2502             \u2502               \u2502             \u2502                              \u2502      #4     \u2502                              \u2502    d_year   \u2502\n\u2502             \u2502                              \u2502             \u2502                              \u2502 c_last_name \u2502\u2502             \u2502               \u2502             \u2502                              \u2502__internal_co\u2502                              \u2502 (CAST((CAST(\u2502\n\u2502             \u2502                              \u2502             \u2502                              \u2502c_preferred_c\u2502\u2502             \u2502               \u2502             \u2502                              \u2502mpress_string\u2502                              \u2502((ws_ext_list\u2502\n\u2502             \u251c\u2500\u2500\u2500\u2500\u2500\u2500\u2500\u2510                      \u2502             \u251c\u2500\u2500\u2500\u2500\u2500\u2500\u2500\u2510                      \u2502   ust_flag  \u2502\u2502             \u251c\u2500\u2500\u2500\u2500\u2500\u2500\u2500\u2510       \u2502             \u251c\u2500\u2500\u2500\u2500\u2500\u2500\u2500\u2510                      \u2502_utinyint(#5)\u2502                              \u2502   _price -  \u2502\n\u2502             \u2502       \u2502                      \u2502             \u2502       \u2502                      \u2502c_birth_count\u2502\u2502             \u2502       \u2502       \u2502             \u2502       \u2502                      \u2502      #6     \u2502                              \u2502 ws_ext_whole\u2502\n\u2502             \u2502       \u2502                      \u2502             \u2502       \u2502                      \u2502      ry     \u2502\u2502             \u2502       \u2502       \u2502             \u2502       \u2502                      \u2502      #7     \u2502                              \u2502 sale_cost) -\u2502\n\u2502             \u2502       \u2502                      \u2502             \u2502       \u2502                      \u2502   c_login   \u2502\u2502             \u2502       \u2502       \u2502             \u2502       \u2502                      \u2502      #8     \u2502                              \u2502 ws_ext_disco\u2502\n\u2502             \u2502       \u2502                      \u2502             \u2502       \u2502                      \u2502c_email_addre\u2502\u2502             \u2502       \u2502       \u2502             \u2502       \u2502                      \u2502      #9     \u2502                              \u2502 unt_amt) AS \u2502\n\u2502             \u2502       \u2502                      \u2502             \u2502       \u2502                      \u2502      ss     \u2502\u2502             \u2502       \u2502       \u2502             \u2502       \u2502                      \u2502     #10     \u2502                              \u2502  DECIMAL(10 \u2502\n\u2502             \u2502       \u2502                      \u2502             \u2502       \u2502                      \u2502             \u2502\u2502             \u2502       \u2502       \u2502             \u2502       \u2502                      \u2502__internal_co\u2502                              \u2502 ,2)) + CAST \u2502\n\u2502             \u2502       \u2502                      \u2502             \u2502       \u2502                      \u2502             \u2502\u2502             \u2502       \u2502       \u2502             \u2502       \u2502                      \u2502mpress_integr\u2502                              \u2502(ws_ext_sales\u2502\n\u2502             \u2502       \u2502                      \u2502             \u2502       \u2502                      \u2502             \u2502\u2502             \u2502       \u2502       \u2502             \u2502       \u2502                      \u2502 al_utinyint(\u2502                              \u2502  _price AS  \u2502\n\u2502             \u2502       \u2502                      \u2502             \u2502       \u2502                      \u2502             \u2502\u2502             \u2502       \u2502       \u2502             \u2502       \u2502                      \u2502  #11, 2000) \u2502                              \u2502  DECIMAL(10 \u2502\n\u2502             \u2502       \u2502                      \u2502             \u2502       \u2502                      \u2502             \u2502\u2502             \u2502       \u2502       \u2502             \u2502       \u2502                      \u2502             \u2502                              \u2502   ,2))) AS  \u2502\n\u2502             \u2502       \u2502                      \u2502             \u2502       \u2502                      \u2502             \u2502\u2502             \u2502       \u2502       \u2502             \u2502       \u2502                      \u2502             \u2502                              \u2502  DOUBLE) / 2\u2502\n\u2502             \u2502       \u2502                      \u2502             \u2502       \u2502                      \u2502             \u2502\u2502             \u2502       \u2502       \u2502             \u2502       \u2502                      \u2502             \u2502                              \u2502     .0)     \u2502\n\u2502             \u2502       \u2502                      \u2502             \u2502       \u2502                      \u2502             \u2502\u2502             \u2502       \u2502       \u2502             \u2502       \u2502                      \u2502             \u2502                              \u2502             \u2502\n\u2502~230,647 rows\u2502       \u2502                      \u2502~115,329 rows\u2502       \u2502                      \u2502~500,000 rows\u2502\u2502~230,647 rows\u2502       \u2502       \u2502~115,329 rows\u2502       \u2502                      \u2502 ~57,640 rows\u2502                              \u2502 ~57,640 rows\u2502\n\u2514\u2500\u2500\u2500\u2500\u2500\u2500\u252c\u2500\u2500\u2500\u2500\u2500\u2500\u2518       \u2502                      \u2514\u2500\u2500\u2500\u2500\u2500\u2500\u252c\u2500\u2500\u2500\u2500\u2500\u2500\u2518       \u2502                      \u2514\u2500\u2500\u2500\u2500\u2500\u2500\u2500\u2500\u2500\u2500\u2500\u2500\u2500\u2518\u2514\u2500\u2500\u2500\u2500\u2500\u2500\u252c\u2500\u2500\u2500\u2500\u2500\u2500\u2518       \u2502       \u2514\u2500\u2500\u2500\u2500\u2500\u2500\u252c\u2500\u2500\u2500\u2500\u2500\u2500\u2518       \u2502                      \u2514\u2500\u2500\u2500\u2500\u2500\u2500\u252c\u2500\u2500\u2500\u2500\u2500\u2500\u2518                              \u2514\u2500\u2500\u2500\u2500\u2500\u2500\u252c\u2500\u2500\u2500\u2500\u2500\u2500\u2518\n\u250c\u2500\u2500\u2500\u2500\u2500\u2500\u2534\u2500\u2500\u2500\u2500\u2500\u2500\u2510\u250c\u2500\u2500\u2500\u2500\u2500\u2500\u2534\u2500\u2500\u2500\u2500\u2500\u2500\u2510               \u250c\u2500\u2500\u2500\u2500\u2500\u2500\u2534\u2500\u2500\u2500\u2500\u2500\u2500\u2510\u250c\u2500\u2500\u2500\u2500\u2500\u2500\u2534\u2500\u2500\u2500\u2500\u2500\u2500\u2510                              \u250c\u2500\u2500\u2500\u2500\u2500\u2500\u2534\u2500\u2500\u2500\u2500\u2500\u2500\u2510\u250c\u2500\u2500\u2500\u2500\u2500\u2500\u2534\u2500\u2500\u2500\u2500\u2500\u2500\u2510\u250c\u2500\u2500\u2500\u2500\u2500\u2500\u2534\u2500\u2500\u2500\u2500\u2500\u2500\u2510\u250c\u2500\u2500\u2500\u2500\u2500\u2500\u2534\u2500\u2500\u2500\u2500\u2500\u2500\u2510               \u250c\u2500\u2500\u2500\u2500\u2500\u2500\u2534\u2500\u2500\u2500\u2500\u2500\u2500\u2510                              \u250c\u2500\u2500\u2500\u2500\u2500\u2500\u2534\u2500\u2500\u2500\u2500\u2500\u2500\u2510\n\u2502  SEQ_SCAN   \u2502\u2502  HASH_JOIN  \u2502               \u2502  SEQ_SCAN   \u2502\u2502  HASH_JOIN  \u2502                              \u2502  SEQ_SCAN   \u2502\u2502    FILTER   \u2502\u2502  SEQ_SCAN   \u2502\u2502  HASH_JOIN  \u2502               \u2502  HASH_JOIN  \u2502                              \u2502  PROJECTION \u2502\n\u2502    \u2500\u2500\u2500\u2500\u2500\u2500   \u2502\u2502    \u2500\u2500\u2500\u2500\u2500\u2500   \u2502               \u2502    \u2500\u2500\u2500\u2500\u2500\u2500   \u2502\u2502    \u2500\u2500\u2500\u2500\u2500\u2500   \u2502                              \u2502    \u2500\u2500\u2500\u2500\u2500\u2500   \u2502\u2502    \u2500\u2500\u2500\u2500\u2500\u2500   \u2502\u2502    \u2500\u2500\u2500\u2500\u2500\u2500   \u2502\u2502    \u2500\u2500\u2500\u2500\u2500\u2500   \u2502               \u2502    \u2500\u2500\u2500\u2500\u2500\u2500   \u2502                              \u2502    \u2500\u2500\u2500\u2500\u2500\u2500   \u2502\n\u2502    Table:   \u2502\u2502  Join Type: \u2502               \u2502    Table:   \u2502\u2502  Join Type: \u2502                              \u2502    Table:   \u2502\u2502  (d_date_sk \u2502\u2502    Table:   \u2502\u2502  Join Type: \u2502               \u2502  Join Type: \u2502                              \u2502      #0     \u2502\n\u2502   customer  \u2502\u2502    INNER    \u2502               \u2502   customer  \u2502\u2502    INNER    \u2502                              \u2502 store_sales \u2502\u2502    BETWEEN  \u2502\u2502   customer  \u2502\u2502    INNER    \u2502               \u2502    INNER    \u2502                              \u2502__internal_co\u2502\n\u2502             \u2502\u2502             \u2502               \u2502             \u2502\u2502             \u2502                              \u2502             \u2502\u2502  2450816 AND\u2502\u2502             \u2502\u2502             \u2502               \u2502             \u2502                              \u2502mpress_string\u2502\n\u2502    Type:    \u2502\u2502 Conditions: \u2502               \u2502    Type:    \u2502\u2502 Conditions: \u2502                              \u2502    Type:    \u2502\u2502   2452642)  \u2502\u2502    Type:    \u2502\u2502 Conditions: \u2502               \u2502 Conditions: \u2502                              \u2502_uhugeint(#1)\u2502\n\u2502  Sequential \u2502\u2502ss_sold_date_\u2502               \u2502  Sequential \u2502\u2502cs_sold_date_\u2502                              \u2502  Sequential \u2502\u2502             \u2502\u2502  Sequential \u2502\u2502cs_sold_date_\u2502               \u2502c_customer_sk\u2502                              \u2502__internal_co\u2502\n\u2502     Scan    \u2502\u2502sk = d_date_s\u2502               \u2502     Scan    \u2502\u2502sk = d_date_s\u2502                              \u2502     Scan    \u2502\u2502             \u2502\u2502     Scan    \u2502\u2502sk = d_date_s\u2502               \u2502 = ws_bill_cu\u2502                              \u2502mpress_string\u2502\n\u2502             \u2502\u2502      k      \u2502               \u2502             \u2502\u2502      k      \u2502                              \u2502             \u2502\u2502             \u2502\u2502             \u2502\u2502      k      \u2502               \u2502  stomer_sk  \u2502                              \u2502_uhugeint(#2)\u2502\n\u2502 Projections:\u2502\u2502             \u2502               \u2502 Projections:\u2502\u2502             \u2502                              \u2502 Projections:\u2502\u2502             \u2502\u2502 Projections:\u2502\u2502             \u2502               \u2502             \u2502                              \u2502__internal_co\u2502\n\u2502c_customer_sk\u2502\u2502             \u2502               \u2502c_customer_sk\u2502\u2502             \u2502                              \u2502ss_customer_s\u2502\u2502             \u2502\u2502c_customer_sk\u2502\u2502             \u2502               \u2502             \u2502                              \u2502mpress_string\u2502\n\u2502c_customer_id\u2502\u2502             \u2502               \u2502c_customer_id\u2502\u2502             \u2502                              \u2502      k      \u2502\u2502             \u2502\u2502c_customer_id\u2502\u2502             \u2502               \u2502             \u2502                              \u2502_utinyint(#3)\u2502\n\u2502 c_first_name\u2502\u2502             \u2502               \u2502 c_first_name\u2502\u2502             \u2502                              \u2502ss_sold_date_\u2502\u2502             \u2502\u2502 c_first_name\u2502\u2502             \u2502               \u2502             \u2502                              \u2502      #4     \u2502\n\u2502 c_last_name \u2502\u2502             \u2502               \u2502 c_last_name \u2502\u2502             \u2502                              \u2502      sk     \u2502\u2502             \u2502\u2502 c_last_name \u2502\u2502             \u2502               \u2502             \u2502                              \u2502__internal_co\u2502\n\u2502c_preferred_c\u2502\u2502             \u2502               \u2502c_preferred_c\u2502\u2502             \u2502                              \u2502ss_ext_list_p\u2502\u2502             \u2502\u2502c_preferred_c\u2502\u2502             \u2502               \u2502             \u2502                              \u2502mpress_string\u2502\n\u2502   ust_flag  \u2502\u2502             \u251c\u2500\u2500\u2500\u2500\u2500\u2500\u2500\u2510       \u2502   ust_flag  \u2502\u2502             \u251c\u2500\u2500\u2500\u2500\u2500\u2500\u2500\u2510                      \u2502     rice    \u2502\u2502             \u2502\u2502   ust_flag  \u2502\u2502             \u251c\u2500\u2500\u2500\u2500\u2500\u2500\u2500\u2510       \u2502             \u251c\u2500\u2500\u2500\u2500\u2500\u2500\u2500\u2510                      \u2502_utinyint(#5)\u2502\n\u2502c_birth_count\u2502\u2502             \u2502       \u2502       \u2502c_birth_count\u2502\u2502             \u2502       \u2502                      \u2502ss_ext_wholes\u2502\u2502             \u2502\u2502c_birth_count\u2502\u2502             \u2502       \u2502       \u2502             \u2502       \u2502                      \u2502      #6     \u2502\n\u2502      ry     \u2502\u2502             \u2502       \u2502       \u2502      ry     \u2502\u2502             \u2502       \u2502                      \u2502   ale_cost  \u2502\u2502             \u2502\u2502      ry     \u2502\u2502             \u2502       \u2502       \u2502             \u2502       \u2502                      \u2502      #7     \u2502\n\u2502   c_login   \u2502\u2502             \u2502       \u2502       \u2502   c_login   \u2502\u2502             \u2502       \u2502                      \u2502ss_ext_discou\u2502\u2502             \u2502\u2502   c_login   \u2502\u2502             \u2502       \u2502       \u2502             \u2502       \u2502                      \u2502      #8     \u2502\n\u2502c_email_addre\u2502\u2502             \u2502       \u2502       \u2502c_email_addre\u2502\u2502             \u2502       \u2502                      \u2502    nt_amt   \u2502\u2502             \u2502\u2502c_email_addre\u2502\u2502             \u2502       \u2502       \u2502             \u2502       \u2502                      \u2502      #9     \u2502\n\u2502      ss     \u2502\u2502             \u2502       \u2502       \u2502      ss     \u2502\u2502             \u2502       \u2502                      \u2502ss_ext_sales_\u2502\u2502             \u2502\u2502      ss     \u2502\u2502             \u2502       \u2502       \u2502             \u2502       \u2502                      \u2502     #10     \u2502\n\u2502             \u2502\u2502             \u2502       \u2502       \u2502             \u2502\u2502             \u2502       \u2502                      \u2502    price    \u2502\u2502             \u2502\u2502             \u2502\u2502             \u2502       \u2502       \u2502             \u2502       \u2502                      \u2502__internal_co\u2502\n\u2502   Filters:  \u2502\u2502             \u2502       \u2502       \u2502             \u2502\u2502             \u2502       \u2502                      \u2502             \u2502\u2502             \u2502\u2502             \u2502\u2502             \u2502       \u2502       \u2502             \u2502       \u2502                      \u2502mpress_integr\u2502\n\u2502  optional:  \u2502\u2502             \u2502       \u2502       \u2502             \u2502\u2502             \u2502       \u2502                      \u2502             \u2502\u2502             \u2502\u2502             \u2502\u2502             \u2502       \u2502       \u2502             \u2502       \u2502                      \u2502 al_utinyint(\u2502\n\u2502    Dynamic  \u2502\u2502             \u2502       \u2502       \u2502             \u2502\u2502             \u2502       \u2502                      \u2502             \u2502\u2502             \u2502\u2502             \u2502\u2502             \u2502       \u2502       \u2502             \u2502       \u2502                      \u2502  #11, 1999) \u2502\n\u2502    Filter   \u2502\u2502             \u2502       \u2502       \u2502             \u2502\u2502             \u2502       \u2502                      \u2502             \u2502\u2502             \u2502\u2502             \u2502\u2502             \u2502       \u2502       \u2502             \u2502       \u2502                      \u2502             \u2502\n\u2502(c_customer_i\u2502\u2502             \u2502       \u2502       \u2502             \u2502\u2502             \u2502       \u2502                      \u2502             \u2502\u2502             \u2502\u2502             \u2502\u2502             \u2502       \u2502       \u2502             \u2502       \u2502                      \u2502             \u2502\n\u2502      d)     \u2502\u2502             \u2502       \u2502       \u2502             \u2502\u2502             \u2502       \u2502                      \u2502             \u2502\u2502             \u2502\u2502             \u2502\u2502             \u2502       \u2502       \u2502             \u2502       \u2502                      \u2502             \u2502\n\u2502             \u2502\u2502             \u2502       \u2502       \u2502             \u2502\u2502             \u2502       \u2502                      \u2502             \u2502\u2502             \u2502\u2502             \u2502\u2502             \u2502       \u2502       \u2502             \u2502       \u2502                      \u2502             \u2502\n\u2502~500,000 rows\u2502\u2502~230,647 rows\u2502       \u2502       \u2502~500,000 rows\u2502\u2502~115,329 rows\u2502       \u2502                      \u2502~28,800,...  \u2502\u2502  ~585 rows  \u2502\u2502~500,000 rows\u2502\u2502~115,329 rows\u2502       \u2502       \u2502 ~57,640 rows\u2502       \u2502                      \u2502 ~57,640 rows\u2502\n\u2514\u2500\u2500\u2500\u2500\u2500\u2500\u2500\u2500\u2500\u2500\u2500\u2500\u2500\u2518\u2514\u2500\u2500\u2500\u2500\u2500\u2500\u252c\u2500\u2500\u2500\u2500\u2500\u2500\u2518       \u2502       \u2514\u2500\u2500\u2500\u2500\u2500\u2500\u2500\u2500\u2500\u2500\u2500\u2500\u2500\u2518\u2514\u2500\u2500\u2500\u2500\u2500\u2500\u252c\u2500\u2500\u2500\u2500\u2500\u2500\u2518       \u2502                      \u2514\u2500\u2500\u2500\u2500\u2500\u2500\u2500\u2500\u2500\u2500\u2500\u2500\u2500\u2518\u2514\u2500\u2500\u2500\u2500\u2500\u2500\u252c\u2500\u2500\u2500\u2500\u2500\u2500\u2518\u2514\u2500\u2500\u2500\u2500\u2500\u2500\u2500\u2500\u2500\u2500\u2500\u2500\u2500\u2518\u2514\u2500\u2500\u2500\u2500\u2500\u2500\u252c\u2500\u2500\u2500\u2500\u2500\u2500\u2518       \u2502       \u2514\u2500\u2500\u2500\u2500\u2500\u2500\u252c\u2500\u2500\u2500\u2500\u2500\u2500\u2518       \u2502                      \u2514\u2500\u2500\u2500\u2500\u2500\u2500\u252c\u2500\u2500\u2500\u2500\u2500\u2500\u2518\n               \u250c\u2500\u2500\u2500\u2500\u2500\u2500\u2534\u2500\u2500\u2500\u2500\u2500\u2500\u2510\u250c\u2500\u2500\u2500\u2500\u2500\u2500\u2534\u2500\u2500\u2500\u2500\u2500\u2500\u2510               \u250c\u2500\u2500\u2500\u2500\u2500\u2500\u2534\u2500\u2500\u2500\u2500\u2500\u2500\u2510\u250c\u2500\u2500\u2500\u2500\u2500\u2500\u2534\u2500\u2500\u2500\u2500\u2500\u2500\u2510                              \u250c\u2500\u2500\u2500\u2500\u2500\u2500\u2534\u2500\u2500\u2500\u2500\u2500\u2500\u2510               \u250c\u2500\u2500\u2500\u2500\u2500\u2500\u2534\u2500\u2500\u2500\u2500\u2500\u2500\u2510\u250c\u2500\u2500\u2500\u2500\u2500\u2500\u2534\u2500\u2500\u2500\u2500\u2500\u2500\u2510\u250c\u2500\u2500\u2500\u2500\u2500\u2500\u2534\u2500\u2500\u2500\u2500\u2500\u2500\u2510\u250c\u2500\u2500\u2500\u2500\u2500\u2500\u2534\u2500\u2500\u2500\u2500\u2500\u2500\u2510               \u250c\u2500\u2500\u2500\u2500\u2500\u2500\u2534\u2500\u2500\u2500\u2500\u2500\u2500\u2510\n               \u2502  SEQ_SCAN   \u2502\u2502    FILTER   \u2502               \u2502  SEQ_SCAN   \u2502\u2502    FILTER   \u2502                              \u2502  SEQ_SCAN   \u2502               \u2502  SEQ_SCAN   \u2502\u2502    FILTER   \u2502\u2502  SEQ_SCAN   \u2502\u2502  HASH_JOIN  \u2502               \u2502  HASH_JOIN  \u2502\n               \u2502    \u2500\u2500\u2500\u2500\u2500\u2500   \u2502\u2502    \u2500\u2500\u2500\u2500\u2500\u2500   \u2502               \u2502    \u2500\u2500\u2500\u2500\u2500\u2500   \u2502\u2502    \u2500\u2500\u2500\u2500\u2500\u2500   \u2502                              \u2502    \u2500\u2500\u2500\u2500\u2500\u2500   \u2502               \u2502    \u2500\u2500\u2500\u2500\u2500\u2500   \u2502\u2502    \u2500\u2500\u2500\u2500\u2500\u2500   \u2502\u2502    \u2500\u2500\u2500\u2500\u2500\u2500   \u2502\u2502    \u2500\u2500\u2500\u2500\u2500\u2500   \u2502               \u2502    \u2500\u2500\u2500\u2500\u2500\u2500   \u2502\n               \u2502    Table:   \u2502\u2502  (d_date_sk \u2502               \u2502    Table:   \u2502\u2502  (d_date_sk \u2502                              \u2502    Table:   \u2502               \u2502    Table:   \u2502\u2502  (d_date_sk \u2502\u2502    Table:   \u2502\u2502  Join Type: \u2502               \u2502  Join Type: \u2502\n               \u2502 store_sales \u2502\u2502    BETWEEN  \u2502               \u2502catalog_sales\u2502\u2502    BETWEEN  \u2502                              \u2502   date_dim  \u2502               \u2502catalog_sales\u2502\u2502    BETWEEN  \u2502\u2502   customer  \u2502\u2502    INNER    \u2502               \u2502    INNER    \u2502\n               \u2502             \u2502\u2502  2450816 AND\u2502               \u2502             \u2502\u2502  2450815 AND\u2502                              \u2502             \u2502               \u2502             \u2502\u2502  2450815 AND\u2502\u2502             \u2502\u2502             \u2502               \u2502             \u2502\n               \u2502    Type:    \u2502\u2502   2452642)  \u2502               \u2502    Type:    \u2502\u2502   2452653)  \u2502                              \u2502    Type:    \u2502               \u2502    Type:    \u2502\u2502   2452653)  \u2502\u2502    Type:    \u2502\u2502 Conditions: \u2502               \u2502 Conditions: \u2502\n               \u2502  Sequential \u2502\u2502             \u2502               \u2502  Sequential \u2502\u2502             \u2502                              \u2502  Sequential \u2502               \u2502  Sequential \u2502\u2502             \u2502\u2502  Sequential \u2502\u2502ws_sold_date_\u2502               \u2502c_customer_sk\u2502\n               \u2502     Scan    \u2502\u2502             \u2502               \u2502     Scan    \u2502\u2502             \u2502                              \u2502     Scan    \u2502               \u2502     Scan    \u2502\u2502             \u2502\u2502     Scan    \u2502\u2502sk = d_date_s\u2502               \u2502 = ws_bill_cu\u2502\n               \u2502             \u2502\u2502             \u2502               \u2502             \u2502\u2502             \u2502                              \u2502             \u2502               \u2502             \u2502\u2502             \u2502\u2502             \u2502\u2502      k      \u2502               \u2502  stomer_sk  \u2502\n               \u2502 Projections:\u2502\u2502             \u2502               \u2502 Projections:\u2502\u2502             \u2502                              \u2502 Projections:\u2502               \u2502 Projections:\u2502\u2502             \u2502\u2502 Projections:\u2502\u2502             \u2502               \u2502             \u2502\n               \u2502ss_customer_s\u2502\u2502             \u2502               \u2502cs_bill_custo\u2502\u2502             \u2502                              \u2502  d_date_sk  \u2502               \u2502cs_bill_custo\u2502\u2502             \u2502\u2502c_customer_sk\u2502\u2502             \u2502               \u2502             \u2502\n               \u2502      k      \u2502\u2502             \u2502               \u2502    mer_sk   \u2502\u2502             \u2502                              \u2502    d_year   \u2502               \u2502    mer_sk   \u2502\u2502             \u2502\u2502c_customer_id\u2502\u2502             \u2502               \u2502             \u2502\n               \u2502ss_sold_date_\u2502\u2502             \u2502               \u2502cs_sold_date_\u2502\u2502             \u2502                              \u2502             \u2502               \u2502cs_sold_date_\u2502\u2502             \u2502\u2502 c_first_name\u2502\u2502             \u2502               \u2502             \u2502\n               \u2502      sk     \u2502\u2502             \u2502               \u2502      sk     \u2502\u2502             \u2502                              \u2502   Filters:  \u2502               \u2502      sk     \u2502\u2502             \u2502\u2502 c_last_name \u2502\u2502             \u2502               \u2502             \u2502\n               \u2502ss_ext_list_p\u2502\u2502             \u2502               \u2502cs_ext_list_p\u2502\u2502             \u2502                              \u2502 d_year=2000 \u2502               \u2502cs_ext_list_p\u2502\u2502             \u2502\u2502c_preferred_c\u2502\u2502             \u251c\u2500\u2500\u2500\u2500\u2500\u2500\u2500\u2510       \u2502             \u251c\n               \u2502     rice    \u2502\u2502             \u2502               \u2502     rice    \u2502\u2502             \u2502                              \u2502             \u2502               \u2502     rice    \u2502\u2502             \u2502\u2502   ust_flag  \u2502\u2502             \u2502       \u2502       \u2502             \u2502\n               \u2502ss_ext_wholes\u2502\u2502             \u2502               \u2502cs_ext_wholes\u2502\u2502             \u2502                              \u2502             \u2502               \u2502cs_ext_wholes\u2502\u2502             \u2502\u2502c_birth_count\u2502\u2502             \u2502       \u2502       \u2502             \u2502\n               \u2502   ale_cost  \u2502\u2502             \u2502               \u2502   ale_cost  \u2502\u2502             \u2502                              \u2502             \u2502               \u2502   ale_cost  \u2502\u2502             \u2502\u2502      ry     \u2502\u2502             \u2502       \u2502       \u2502             \u2502\n               \u2502ss_ext_discou\u2502\u2502             \u2502               \u2502cs_ext_discou\u2502\u2502             \u2502                              \u2502             \u2502               \u2502cs_ext_discou\u2502\u2502             \u2502\u2502   c_login   \u2502\u2502             \u2502       \u2502       \u2502             \u2502\n               \u2502    nt_amt   \u2502\u2502             \u2502               \u2502    nt_amt   \u2502\u2502             \u2502                              \u2502             \u2502               \u2502    nt_amt   \u2502\u2502             \u2502\u2502c_email_addre\u2502\u2502             \u2502       \u2502       \u2502             \u2502\n               \u2502ss_ext_sales_\u2502\u2502             \u2502               \u2502cs_ext_sales_\u2502\u2502             \u2502                              \u2502             \u2502               \u2502cs_ext_sales_\u2502\u2502             \u2502\u2502      ss     \u2502\u2502             \u2502       \u2502       \u2502             \u2502\n               \u2502    price    \u2502\u2502             \u2502               \u2502    price    \u2502\u2502             \u2502                              \u2502             \u2502               \u2502    price    \u2502\u2502             \u2502\u2502             \u2502\u2502             \u2502       \u2502       \u2502             \u2502\n               \u2502             \u2502\u2502             \u2502               \u2502             \u2502\u2502             \u2502                              \u2502             \u2502               \u2502             \u2502\u2502             \u2502\u2502   Filters:  \u2502\u2502             \u2502       \u2502       \u2502             \u2502\n               \u2502             \u2502\u2502             \u2502               \u2502             \u2502\u2502             \u2502                              \u2502             \u2502               \u2502             \u2502\u2502             \u2502\u2502c_customer_sk\u2502\u2502             \u2502       \u2502       \u2502             \u2502\n               \u2502             \u2502\u2502             \u2502               \u2502             \u2502\u2502             \u2502                              \u2502             \u2502               \u2502             \u2502\u2502             \u2502\u2502>=2 AND c_cus\u2502\u2502             \u2502       \u2502       \u2502             \u2502\n               \u2502             \u2502\u2502             \u2502               \u2502             \u2502\u2502             \u2502                              \u2502             \u2502               \u2502             \u2502\u2502             \u2502\u2502  tomer_sk<  \u2502\u2502             \u2502       \u2502       \u2502             \u2502\n               \u2502             \u2502\u2502             \u2502               \u2502             \u2502\u2502             \u2502                              \u2502             \u2502               \u2502             \u2502\u2502             \u2502\u2502   =499998   \u2502\u2502             \u2502       \u2502       \u2502             \u2502\n               \u2502             \u2502\u2502             \u2502               \u2502             \u2502\u2502             \u2502                              \u2502             \u2502               \u2502             \u2502\u2502             \u2502\u2502             \u2502\u2502             \u2502       \u2502       \u2502             \u2502\n               \u2502~28,800,...  \u2502\u2502  ~585 rows  \u2502               \u2502~14,401,...  \u2502\u2502  ~585 rows  \u2502                              \u2502  ~585 rows  \u2502               \u2502~14,401,...  \u2502\u2502  ~585 rows  \u2502\u2502~500,000 rows\u2502\u2502 ~57,640 rows\u2502       \u2502       \u2502 ~57,640 rows\u2502\n               \u2514\u2500\u2500\u2500\u2500\u2500\u2500\u2500\u2500\u2500\u2500\u2500\u2500\u2500\u2518\u2514\u2500\u2500\u2500\u2500\u2500\u2500\u252c\u2500\u2500\u2500\u2500\u2500\u2500\u2518               \u2514\u2500\u2500\u2500\u2500\u2500\u2500\u2500\u2500\u2500\u2500\u2500\u2500\u2500\u2518\u2514\u2500\u2500\u2500\u2500\u2500\u2500\u252c\u2500\u2500\u2500\u2500\u2500\u2500\u2518                              \u2514\u2500\u2500\u2500\u2500\u2500\u2500\u2500\u2500\u2500\u2500\u2500\u2500\u2500\u2518               \u2514\u2500\u2500\u2500\u2500\u2500\u2500\u2500\u2500\u2500\u2500\u2500\u2500\u2500\u2518\u2514\u2500\u2500\u2500\u2500\u2500\u2500\u252c\u2500\u2500\u2500\u2500\u2500\u2500\u2518\u2514\u2500\u2500\u2500\u2500\u2500\u2500\u2500\u2500\u2500\u2500\u2500\u2500\u2500\u2518\u2514\u2500\u2500\u2500\u2500\u2500\u2500\u252c\u2500\u2500\u2500\u2500\u2500\u2500\u2518       \u2502       \u2514\u2500\u2500\u2500\u2500\u2500\u2500\u252c\u2500\u2500\u2500\u2500\u2500\u2500\u2518\n                              \u250c\u2500\u2500\u2500\u2500\u2500\u2500\u2534\u2500\u2500\u2500\u2500\u2500\u2500\u2510                              \u250c\u2500\u2500\u2500\u2500\u2500\u2500\u2534\u2500\u2500\u2500\u2500\u2500\u2500\u2510                                                                           \u250c\u2500\u2500\u2500\u2500\u2500\u2500\u2534\u2500\u2500\u2500\u2500\u2500\u2500\u2510               \u250c\u2500\u2500\u2500\u2500\u2500\u2500\u2534\u2500\u2500\u2500\u2500\u2500\u2500\u2510\u250c\u2500\u2500\u2500\u2500\u2500\u2500\u2534\u2500\u2500\u2500\u2500\u2500\u2500\u2510\u250c\u2500\u2500\u2500\u2500\u2500\u2500\u2534\u2500\u2500\u2500\u2500\u2500\u2500\u2510\n                              \u2502  SEQ_SCAN   \u2502                              \u2502  SEQ_SCAN   \u2502                                                                           \u2502  SEQ_SCAN   \u2502               \u2502  SEQ_SCAN   \u2502\u2502    FILTER   \u2502\u2502  SEQ_SCAN   \u2502\n                              \u2502    \u2500\u2500\u2500\u2500\u2500\u2500   \u2502                              \u2502    \u2500\u2500\u2500\u2500\u2500\u2500   \u2502                                                                           \u2502    \u2500\u2500\u2500\u2500\u2500\u2500   \u2502               \u2502    \u2500\u2500\u2500\u2500\u2500\u2500   \u2502\u2502    \u2500\u2500\u2500\u2500\u2500\u2500   \u2502\u2502    \u2500\u2500\u2500\u2500\u2500\u2500   \u2502\n                              \u2502    Table:   \u2502                              \u2502    Table:   \u2502                                                                           \u2502    Table:   \u2502               \u2502    Table:   \u2502\u2502  (d_date_sk \u2502\u2502    Table:   \u2502\n                              \u2502   date_dim  \u2502                              \u2502   date_dim  \u2502                                                                           \u2502   date_dim  \u2502               \u2502  web_sales  \u2502\u2502    BETWEEN  \u2502\u2502   customer  \u2502\n                              \u2502             \u2502                              \u2502             \u2502                                                                           \u2502             \u2502               \u2502             \u2502\u2502  2450816 AND\u2502\u2502             \u2502\n                              \u2502    Type:    \u2502                              \u2502    Type:    \u2502                                                                           \u2502    Type:    \u2502               \u2502    Type:    \u2502\u2502   2452642)  \u2502\u2502    Type:    \u2502\n                              \u2502  Sequential \u2502                              \u2502  Sequential \u2502                                                                           \u2502  Sequential \u2502               \u2502  Sequential \u2502\u2502             \u2502\u2502  Sequential \u2502\n                              \u2502     Scan    \u2502                              \u2502     Scan    \u2502                                                                           \u2502     Scan    \u2502               \u2502     Scan    \u2502\u2502             \u2502\u2502     Scan    \u2502\n                              \u2502             \u2502                              \u2502             \u2502                                                                           \u2502             \u2502               \u2502             \u2502\u2502             \u2502\u2502             \u2502\n                              \u2502 Projections:\u2502                              \u2502 Projections:\u2502                                                                           \u2502 Projections:\u2502               \u2502 Projections:\u2502\u2502             \u2502\u2502 Projections:\u2502\n                              \u2502  d_date_sk  \u2502                              \u2502  d_date_sk  \u2502                                                                           \u2502  d_date_sk  \u2502               \u2502ws_bill_custo\u2502\u2502             \u2502\u2502c_customer_sk\u2502\n                              \u2502    d_year   \u2502                              \u2502    d_year   \u2502                                                                           \u2502    d_year   \u2502               \u2502    mer_sk   \u2502\u2502             \u2502\u2502c_customer_id\u2502\n                              \u2502             \u2502                              \u2502             \u2502                                                                           \u2502             \u2502               \u2502ws_sold_date_\u2502\u2502             \u2502\u2502 c_first_name\u2502\n                              \u2502   Filters:  \u2502                              \u2502   Filters:  \u2502                                                                           \u2502   Filters:  \u2502               \u2502      sk     \u2502\u2502             \u2502\u2502 c_last_name \u2502\n                              \u2502 d_year=1999 \u2502                              \u2502 d_year=1999 \u2502                                                                           \u2502 d_year=2000 \u2502               \u2502ws_ext_list_p\u2502\u2502             \u2502\u2502c_preferred_c\u2502\n                              \u2502             \u2502                              \u2502             \u2502                                                                           \u2502             \u2502               \u2502     rice    \u2502\u2502             \u2502\u2502   ust_flag  \u2502\n                              \u2502             \u2502                              \u2502             \u2502                                                                           \u2502             \u2502               \u2502ws_ext_wholes\u2502\u2502             \u2502\u2502c_birth_count\u2502\n                              \u2502             \u2502                              \u2502             \u2502                                                                           \u2502             \u2502               \u2502   ale_cost  \u2502\u2502             \u2502\u2502      ry     \u2502\n                              \u2502             \u2502                              \u2502             \u2502                                                                           \u2502             \u2502               \u2502ws_ext_discou\u2502\u2502             \u2502\u2502   c_login   \u2502\n                              \u2502             \u2502                              \u2502             \u2502                                                                           \u2502             \u2502               \u2502    nt_amt   \u2502\u2502             \u2502\u2502c_email_addre\u2502\n                              \u2502             \u2502                              \u2502             \u2502                                                                           \u2502             \u2502               \u2502ws_ext_sales_\u2502\u2502             \u2502\u2502      ss     \u2502\n                              \u2502             \u2502                              \u2502             \u2502                                                                           \u2502             \u2502               \u2502    price    \u2502\u2502             \u2502\u2502             \u2502\n                              \u2502             \u2502                              \u2502             \u2502                                                                           \u2502             \u2502               \u2502             \u2502\u2502             \u2502\u2502   Filters:  \u2502\n                              \u2502             \u2502                              \u2502             \u2502                                                                           \u2502             \u2502               \u2502             \u2502\u2502             \u2502\u2502c_customer_sk\u2502\n                              \u2502             \u2502                              \u2502             \u2502                                                                           \u2502             \u2502               \u2502             \u2502\u2502             \u2502\u2502>=2 AND c_cus\u2502\n                              \u2502             \u2502                              \u2502             \u2502                                                                           \u2502             \u2502               \u2502             \u2502\u2502             \u2502\u2502  tomer_sk<  \u2502\n                              \u2502             \u2502                              \u2502             \u2502                                                                           \u2502             \u2502               \u2502             \u2502\u2502             \u2502\u2502   =499998   \u2502\n                              \u2502             \u2502                              \u2502             \u2502                                                                           \u2502             \u2502               \u2502             \u2502\u2502             \u2502\u2502             \u2502\n                              \u2502  ~585 rows  \u2502                              \u2502  ~585 rows  \u2502                                                                           \u2502  ~585 rows  \u2502               \u2502~7,197,5...  \u2502\u2502  ~585 rows  \u2502\u2502~500,000 rows\u2502\n                              \u2514\u2500\u2500\u2500\u2500\u2500\u2500\u2500\u2500\u2500\u2500\u2500\u2500\u2500\u2518                              \u2514\u2500\u2500\u2500\u2500\u2500\u2500\u2500\u2500\u2500\u2500\u2500\u2500\u2500\u2518                                                                           \u2514\u2500\u2500\u2500\u2500\u2500\u2500\u2500\u2500\u2500\u2500\u2500\u2500\u2500\u2518               \u2514\u2500\u2500\u2500\u2500\u2500\u2500\u2500\u2500\u2500\u2500\u2500\u2500\u2500\u2518\u2514\u2500\u2500\u2500\u2500\u2500\u2500\u252c\u2500\u2500\u2500\u2500\u2500\u2500\u2518\u2514\u2500\u2500\u2500\u2500\u2500\u2500\u2500\u2500\u2500\u2500\u2500\u2500\u2500\u2518\n                                                                                                                                                                                                                  \u250c\u2500\u2500\u2500\u2500\u2500\u2500\u2534\u2500\u2500\u2500\u2500\u2500\u2500\u2510               \n                                                                                                                                                                                                                  \u2502  SEQ_SCAN   \u2502               \n                                                                                                                                                                                                                  \u2502    \u2500\u2500\u2500\u2500\u2500\u2500   \u2502               \n                                                                                                                                                                                                                  \u2502    Table:   \u2502               \n                                                                                                                                                                                                                  \u2502   date_dim  \u2502               \n                                                                                                                                                                                                                  \u2502             \u2502               \n                                                                                                                                                                                                                  \u2502    Type:    \u2502               \n                                                                                                                                                                                                                  \u2502  Sequential \u2502               \n                                                                                                                                                                                                                  \u2502     Scan    \u2502               \n                                                                                                                                                                                                                  \u2502             \u2502               \n                                                                                                                                                                                                                  \u2502 Projections:\u2502               \n                                                                                                                                                                                                                  \u2502  d_date_sk  \u2502               \n                                                                                                                                                                                                                  \u2502    d_year   \u2502               \n                                                                                                                                                                                                                  \u2502             \u2502               \n                                                                                                                                                                                                                  \u2502   Filters:  \u2502               \n                                                                                                                                                                                                                  \u2502 d_year=2000 \u2502               \n                                                                                                                                                                                                                  \u2502             \u2502               \n                                                                                                                                                                                                                  \u2502             \u2502               \n                                                                                                                                                                                                                  \u2502             \u2502               \n                                                                                                                                                                                                                  \u2502             \u2502               \n                                                                                                                                                                                                                  \u2502             \u2502               \n                                                                                                                                                                                                                  \u2502             \u2502               \n                                                                                                                                                                                                                  \u2502             \u2502               \n                                                                                                                                                                                                                  \u2502             \u2502               \n                                                                                                                                                                                                                  \u2502  ~585 rows  \u2502               \n                                                                                                                                                                                                                  \u2514\u2500\u2500\u2500\u2500\u2500\u2500\u2500\u2500\u2500\u2500\u2500\u2500\u2500\u2518               \n                                                                                                                                                                                                                                                \n                                                                                                                                                                                                                                                \n                                                                                                                                                                                                                                                \n                                                                                                                                                                                                                                                \n                                                                                                                                                                                                                                                \n                                                                                                                                                                                                                                                \n                                                                                                                                                                                                                                                \n                                                                                                                                                                                                                                                \n                                                                                                                                                                                                                                                \n                                                                                                                                                                                                                                                \n                                                                                                                                                                                                                                                \n                                                                                                                                                                                                                                                \n                                                                                                                                                                                                                                                \n                                                                                                                                                                                                                                                \n                                                                                                                                                                                                                                                \n                                                                                                                                                                                                                                                \n                                                                                                                                                                                                                                                \n                                                                                                                                                                                                                                                \n                                                                                                                                                                                                                                                \n",
  "plan_json": {
    "total_bytes_written": 0,
    "total_bytes_read": 0,
    "rows_returned": 0,
    "latency": 0.0,
    "result_set_size": 0,
    "query_name": "",
    "blocked_thread_time": 0.0,
    "system_peak_buffer_memory": 0,
    "system_peak_temp_dir_size": 0,
    "cpu_time": 0.0,
    "extra_info": {},
    "cumulative_cardinality": 0,
    "cumulative_rows_scanned": 0,
    "children": [
      {
        "total_bytes_written": 0,
        "total_bytes_read": 0,
        "result_set_size": 0,
        "operator_name": "EXPLAIN_ANALYZE",
        "cpu_time": 0.0,
        "extra_info": {},
        "cumulative_cardinality": 0,
        "operator_type": "EXPLAIN_ANALYZE",
        "operator_cardinality": 0,
        "cumulative_rows_scanned": 0,
        "operator_rows_scanned": 0,
        "operator_timing": 3.82e-07,
        "children": [
          {
            "total_bytes_written": 0,
            "total_bytes_read": 0,
            "result_set_size": 6400,
            "operator_name": "TOP_N",
            "cpu_time": 0.0,
            "extra_info": {
              "Top": "100",
              "Order By": [
                "t_s_secyear.customer_id ASC",
                "t_s_secyear.customer_first_name ASC",
                "t_s_secyear.customer_last_name ASC",
                "t_s_secyear.customer_birth_country ASC"
              ]
            },
            "cumulative_cardinality": 0,
            "operator_type": "TOP_N",
            "operator_cardinality": 100,
            "cumulative_rows_scanned": 0,
            "operator_rows_scanned": 0,
            "operator_timing": 0.00046656700000000003,
            "children": [
              {
                "total_bytes_written": 0,
                "total_bytes_read": 0,
                "result_set_size": 39616,
                "operator_name": "PROJECTION",
                "cpu_time": 0.0,
                "extra_info": {
                  "Projections": [
                    "#0",
                    "#3",
                    "#4",
                    "#5"
                  ],
                  "Estimated Cardinality": "18446744073709551615"
                },
                "cumulative_cardinality": 0,
                "operator_type": "PROJECTION",
                "operator_cardinality": 619,
                "cumulative_rows_scanned": 0,
                "operator_rows_scanned": 0,
                "operator_timing": 2.2905e-05,
                "children": [
                  {
                    "total_bytes_written": 0,
                    "total_bytes_read": 0,
                    "result_set_size": 69328,
                    "operator_name": "FILTER",
                    "cpu_time": 0.0,
                    "extra_info": {
                      "Expression": "((CASE  WHEN ((year_total > 0.0)) THEN ((year_total / year_total)) ELSE NULL END > CASE  WHEN ((year_total > 0.0)) THEN ((year_total / year_total)) ELSE NULL END) AND (CASE  WHEN ((year_total > 0.0)) THEN ((year_total / year_total)) ELSE NULL END > CASE  WHEN ((year_total > 0.0)) THEN ((year_total / year_total)) ELSE NULL END))",
                      "Estimated Cardinality": "18446744073709551615"
                    },
                    "cumulative_cardinality": 0,
                    "operator_type": "FILTER",
                    "operator_cardinality": 619,
                    "cumulative_rows_scanned": 0,
                    "operator_rows_scanned": 0,
                    "operator_timing": 0.001286214,
                    "children": [
                      {
                        "total_bytes_written": 0,
                        "total_bytes_read": 0,
                        "result_set_size": 207872,
                        "operator_name": "HASH_JOIN",
                        "cpu_time": 0.0,
                        "extra_info": {
                          "Join Type": "INNER",
                          "Conditions": "customer_id = customer_id",
                          "Estimated Cardinality": "18446744073709551615"
                        },
                        "cumulative_cardinality": 0,
                        "operator_type": "HASH_JOIN",
                        "operator_cardinality": 1856,
                        "cumulative_rows_scanned": 0,
                        "operator_rows_scanned": 0,
                        "operator_timing": 0.013376141000000001,
                        "children": [
                          {
                            "total_bytes_written": 0,
                            "total_bytes_read": 0,
                            "result_set_size": 4490752,
                            "operator_name": "HASH_JOIN",
                            "cpu_time": 0.0,
                            "extra_info": {
                              "Join Type": "INNER",
                              "Conditions": "customer_id = customer_id",
                              "Estimated Cardinality": "2127"
                            },
                            "cumulative_cardinality": 0,
                            "operator_type": "HASH_JOIN",
                            "operator_cardinality": 140336,
                            "cumulative_rows_scanned": 0,
                            "operator_rows_scanned": 0,
                            "operator_timing": 0.048965808,
                            "children": [
                              {
                                "total_bytes_written": 0,
                                "total_bytes_read": 0,
                                "result_set_size": 7396632,
                                "operator_name": "PROJECTION",
                                "cpu_time": 0.0,
                                "extra_info": {
                                  "Projections": [
                                    "#0",
                                    "#8"
                                  ],
                                  "Estimated Cardinality": "46129"
                                },
                                "cumulative_cardinality": 0,
                                "operator_type": "PROJECTION",
                                "operator_cardinality": 308193,
                                "cumulative_rows_scanned": 0,
                                "operator_rows_scanned": 0,
                                "operator_timing": 7.583099999999999e-05,
                                "children": [
                                  {
                                    "total_bytes_written": 0,
                                    "total_bytes_read": 0,
                                    "result_set_size": 38215932,
                                    "operator_name": "FILTER",
                                    "cpu_time": 0.0,
                                    "extra_info": {
                                      "Expression": "(year_total > 0.0)",
                                      "Estimated Cardinality": "46129"
                                    },
                                    "cumulative_cardinality": 0,
                                    "operator_type": "FILTER",
                                    "operator_cardinality": 308193,
                                    "cumulative_rows_scanned": 0,
                                    "operator_rows_scanned": 0,
                                    "operator_timing": 0.0016029450000000002,
                                    "children": [
                                      {
                                        "total_bytes_written": 0,
                                        "total_bytes_read": 0,
                                        "result_set_size": 38215932,
                                        "operator_name": "PROJECTION",
                                        "cpu_time": 0.0,
                                        "extra_info": {
                                          "Projections": [
                                            "#0",
                                            "__internal_decompress_string(#1)",
                                            "__internal_decompress_string(#2)",
                                            "__internal_decompress_string(#3)",
                                            "#4",
                                            "__internal_decompress_string(#5)",
                                            "#6",
                                            "__internal_decompress_integral_integer(#7, 1999)",
                                            "#8"
                                          ],
                                          "Estimated Cardinality": "230647"
                                        },
                                        "cumulative_cardinality": 0,
                                        "operator_type": "PROJECTION",
                                        "operator_cardinality": 308193,
                                        "cumulative_rows_scanned": 0,
                                        "operator_rows_scanned": 0,
                                        "operator_timing": 0.013208409999999999,
                                        "children": [
                                          {
                                            "total_bytes_written": 0,
                                            "total_bytes_read": 0,
                                            "result_set_size": 28045563,
                                            "operator_name": "HASH_GROUP_BY",
                                            "cpu_time": 0.0,
                                            "extra_info": {
                                              "Groups": [
                                                "#0",
                                                "#1",
                                                "#2",
                                                "#3",
                                                "#4",
                                                "#5",
                                                "#6",
                                                "#7"
                                              ],
                                              "Aggregates": "sum(#8)",
                                              "Estimated Cardinality": "230647"
                                            },
                                            "cumulative_cardinality": 0,
                                            "operator_type": "HASH_GROUP_BY",
                                            "operator_cardinality": 308193,
                                            "cumulative_rows_scanned": 0,
                                            "operator_rows_scanned": 0,
                                            "operator_timing": 0.4680006219999999,
                                            "children": [
                                              {
                                                "total_bytes_written": 0,
                                                "total_bytes_read": 0,
                                                "result_set_size": 489095789,
                                                "operator_name": "PROJECTION",
                                                "cpu_time": 0.0,
                                                "extra_info": {
                                                  "Projections": [
                                                    "c_customer_id",
                                                    "c_first_name",
                                                    "c_last_name",
                                                    "c_preferred_cust_flag",
                                                    "c_birth_country",
                                                    "c_login",
                                                    "c_email_address",
                                                    "d_year",
                                                    "(CAST((CAST(((ss_ext_list_price - ss_ext_wholesale_cost) - ss_ext_discount_amt) AS DECIMAL(10,2)) + CAST(ss_ext_sales_price AS DECIMAL(10,2))) AS DOUBLE) / 2.0)"
                                                  ],
                                                  "Estimated Cardinality": "230647"
                                                },
                                                "cumulative_cardinality": 0,
                                                "operator_type": "PROJECTION",
                                                "operator_cardinality": 5374679,
                                                "cumulative_rows_scanned": 0,
                                                "operator_rows_scanned": 0,
                                                "operator_timing": 0.04743651800000001,
                                                "children": [
                                                  {
                                                    "total_bytes_written": 0,
                                                    "total_bytes_read": 0,
                                                    "result_set_size": 532093221,
                                                    "operator_name": "PROJECTION",
                                                    "cpu_time": 0.0,
                                                    "extra_info": {
                                                      "Projections": [
                                                        "#0",
                                                        "__internal_compress_string_uhugeint(#1)",
                                                        "__internal_compress_string_uhugeint(#2)",
                                                        "__internal_compress_string_utinyint(#3)",
                                                        "#4",
                                                        "__internal_compress_string_utinyint(#5)",
                                                        "#6",
                                                        "#7",
                                                        "#8",
                                                        "#9",
                                                        "#10",
                                                        "__internal_compress_integral_utinyint(#11, 1999)"
                                                      ],
                                                      "Estimated Cardinality": "230647"
                                                    },
                                                    "cumulative_cardinality": 0,
                                                    "operator_type": "PROJECTION",
                                                    "operator_cardinality": 5374679,
                                                    "cumulative_rows_scanned": 0,
                                                    "operator_rows_scanned": 0,
                                                    "operator_timing": 0.07876989299999995,
                                                    "children": [
                                                      {
                                                        "total_bytes_written": 0,
                                                        "total_bytes_read": 0,
                                                        "result_set_size": 709457628,
                                                        "operator_name": "HASH_JOIN",
                                                        "cpu_time": 0.0,
                                                        "extra_info": {
                                                          "Join Type": "INNER",
                                                          "Conditions": "c_customer_sk = ss_customer_sk",
                                                          "Estimated Cardinality": "230647"
                                                        },
                                                        "cumulative_cardinality": 0,
                                                        "operator_type": "HASH_JOIN",
                                                        "operator_cardinality": 5374679,
                                                        "cumulative_rows_scanned": 0,
                                                        "operator_rows_scanned": 0,
                                                        "operator_timing": 0.9512237149999996,
                                                        "children": [
                                                          {
                                                            "total_bytes_written": 0,
                                                            "total_bytes_read": 0,
                                                            "result_set_size": 57976568,
                                                            "operator_name": "SEQ_SCAN ",
                                                            "cpu_time": 0.0,
                                                            "extra_info": {
                                                              "Table": "customer",
                                                              "Type": "Sequential Scan",
                                                              "Projections": [
                                                                "c_customer_sk",
                                                                "c_customer_id",
                                                                "c_first_name",
                                                                "c_last_name",
                                                                "c_preferred_cust_flag",
                                                                "c_birth_country",
                                                                "c_login",
                                                                "c_email_address"
                                                              ],
                                                              "Filters": "optional: Dynamic Filter (c_customer_id)",
                                                              "Estimated Cardinality": "500000"
                                                            },
                                                            "cumulative_cardinality": 0,
                                                            "operator_type": "TABLE_SCAN",
                                                            "operator_cardinality": 499798,
                                                            "cumulative_rows_scanned": 0,
                                                            "operator_rows_scanned": 2500000,
                                                            "operator_timing": 0.043246869,
                                                            "children": []
                                                          },
                                                          {
                                                            "total_bytes_written": 0,
                                                            "total_bytes_read": 0,
                                                            "result_set_size": 132163872,
                                                            "operator_name": "HASH_JOIN",
                                                            "cpu_time": 0.0,
                                                            "extra_info": {
                                                              "Join Type": "INNER",
                                                              "Conditions": "ss_sold_date_sk = d_date_sk",
                                                              "Estimated Cardinality": "230647"
                                                            },
                                                            "cumulative_cardinality": 0,
                                                            "operator_type": "HASH_JOIN",
                                                            "operator_cardinality": 5506828,
                                                            "cumulative_rows_scanned": 0,
                                                            "operator_rows_scanned": 0,
                                                            "operator_timing": 0.06292524000000001,
                                                            "children": [
                                                              {
                                                                "total_bytes_written": 0,
                                                                "total_bytes_read": 0,
                                                                "result_set_size": 132163872,
                                                                "operator_name": "SEQ_SCAN ",
                                                                "cpu_time": 0.0,
                                                                "extra_info": {
                                                                  "Table": "store_sales",
                                                                  "Type": "Sequential Scan",
                                                                  "Projections": [
                                                                    "ss_customer_sk",
                                                                    "ss_sold_date_sk",
                                                                    "ss_ext_list_price",
                                                                    "ss_ext_wholesale_cost",
                                                                    "ss_ext_discount_amt",
                                                                    "ss_ext_sales_price"
                                                                  ],
                                                                  "Estimated Cardinality": "28800991"
                                                                },
                                                                "cumulative_cardinality": 0,
                                                                "operator_type": "TABLE_SCAN",
                                                                "operator_cardinality": 5506828,
                                                                "cumulative_rows_scanned": 0,
                                                                "operator_rows_scanned": 806427748,
                                                                "operator_timing": 0.4725694039999999,
                                                                "children": []
                                                              },
                                                              {
                                                                "total_bytes_written": 0,
                                                                "total_bytes_read": 0,
                                                                "result_set_size": 2920,
                                                                "operator_name": "FILTER",
                                                                "cpu_time": 0.0,
                                                                "extra_info": {
                                                                  "Expression": "(d_date_sk BETWEEN 2450816 AND 2452642)",
                                                                  "Estimated Cardinality": "585"
                                                                },
                                                                "cumulative_cardinality": 0,
                                                                "operator_type": "FILTER",
                                                                "operator_cardinality": 365,
                                                                "cumulative_rows_scanned": 0,
                                                                "operator_rows_scanned": 0,
                                                                "operator_timing": 1.4657e-05,
                                                                "children": [
                                                                  {
                                                                    "total_bytes_written": 0,
                                                                    "total_bytes_read": 0,
                                                                    "result_set_size": 2920,
                                                                    "operator_name": "SEQ_SCAN ",
                                                                    "cpu_time": 0.0,
                                                                    "extra_info": {
                                                                      "Table": "date_dim",
                                                                      "Type": "Sequential Scan",
                                                                      "Projections": [
                                                                        "d_date_sk",
                                                                        "d_year"
                                                                      ],
                                                                      "Filters": "d_year=1999",
                                                                      "Estimated Cardinality": "585"
                                                                    },
                                                                    "cumulative_cardinality": 0,
                                                                    "operator_type": "TABLE_SCAN",
                                                                    "operator_cardinality": 365,
                                                                    "cumulative_rows_scanned": 0,
                                                                    "operator_rows_scanned": 73049,
                                                                    "operator_timing": 0.001030704,
                                                                    "children": []
                                                                  }
                                                                ]
                                                              }
                                                            ]
                                                          }
                                                        ]
                                                      }
                                                    ]
                                                  }
                                                ]
                                              }
                                            ]
                                          }
                                        ]
                                      }
                                    ]
                                  }
                                ]
                              },
                              {
                                "total_bytes_written": 0,
                                "total_bytes_read": 0,
                                "result_set_size": 5462880,
                                "operator_name": "PROJECTION",
                                "cpu_time": 0.0,
                                "extra_info": {
                                  "Projections": [
                                    "#0",
                                    "#8"
                                  ],
                                  "Estimated Cardinality": "23065"
                                },
                                "cumulative_cardinality": 0,
                                "operator_type": "PROJECTION",
                                "operator_cardinality": 227620,
                                "cumulative_rows_scanned": 0,
                                "operator_rows_scanned": 0,
                                "operator_timing": 4.8911e-05,
                                "children": [
                                  {
                                    "total_bytes_written": 0,
                                    "total_bytes_read": 0,
                                    "result_set_size": 28224880,
                                    "operator_name": "FILTER",
                                    "cpu_time": 0.0,
                                    "extra_info": {
                                      "Expression": "(year_total > 0.0)",
                                      "Estimated Cardinality": "23065"
                                    },
                                    "cumulative_cardinality": 0,
                                    "operator_type": "FILTER",
                                    "operator_cardinality": 227620,
                                    "cumulative_rows_scanned": 0,
                                    "operator_rows_scanned": 0,
                                    "operator_timing": 0.00111688,
                                    "children": [
                                      {
                                        "total_bytes_written": 0,
                                        "total_bytes_read": 0,
                                        "result_set_size": 29195428,
                                        "operator_name": "PROJECTION",
                                        "cpu_time": 0.0,
                                        "extra_info": {
                                          "Projections": [
                                            "#0",
                                            "__internal_decompress_string(#1)",
                                            "__internal_decompress_string(#2)",
                                            "__internal_decompress_string(#3)",
                                            "#4",
                                            "__internal_decompress_string(#5)",
                                            "#6",
                                            "__internal_decompress_integral_integer(#7, 1999)",
                                            "#8"
                                          ],
                                          "Estimated Cardinality": "115329"
                                        },
                                        "cumulative_cardinality": 0,
                                        "operator_type": "PROJECTION",
                                        "operator_cardinality": 235447,
                                        "cumulative_rows_scanned": 0,
                                        "operator_rows_scanned": 0,
                                        "operator_timing": 0.007796843,
                                        "children": [
                                          {
                                            "total_bytes_written": 0,
                                            "total_bytes_read": 0,
                                            "result_set_size": 21425677,
                                            "operator_name": "HASH_GROUP_BY",
                                            "cpu_time": 0.0,
                                            "extra_info": {
                                              "Groups": [
                                                "#0",
                                                "#1",
                                                "#2",
                                                "#3",
                                                "#4",
                                                "#5",
                                                "#6",
                                                "#7"
                                              ],
                                              "Aggregates": "sum(#8)",
                                              "Estimated Cardinality": "115329"
                                            },
                                            "cumulative_cardinality": 0,
                                            "operator_type": "HASH_GROUP_BY",
                                            "operator_cardinality": 235447,
                                            "cumulative_rows_scanned": 0,
                                            "operator_rows_scanned": 0,
                                            "operator_timing": 0.280346559,
                                            "children": [
                                              {
                                                "total_bytes_written": 0,
                                                "total_bytes_read": 0,
                                                "result_set_size": 258784708,
                                                "operator_name": "PROJECTION",
                                                "cpu_time": 0.0,
                                                "extra_info": {
                                                  "Projections": [
                                                    "c_customer_id",
                                                    "c_first_name",
                                                    "c_last_name",
                                                    "c_preferred_cust_flag",
                                                    "c_birth_country",
                                                    "c_login",
                                                    "c_email_address",
                                                    "d_year",
                                                    "(CAST((CAST(((cs_ext_list_price - cs_ext_wholesale_cost) - cs_ext_discount_amt) AS DECIMAL(10,2)) + CAST(cs_ext_sales_price AS DECIMAL(10,2))) AS DOUBLE) / 2.0)"
                                                  ],
                                                  "Estimated Cardinality": "115329"
                                                },
                                                "cumulative_cardinality": 0,
                                                "operator_type": "PROJECTION",
                                                "operator_cardinality": 2843788,
                                                "cumulative_rows_scanned": 0,
                                                "operator_rows_scanned": 0,
                                                "operator_timing": 0.019141818999999997,
                                                "children": [
                                                  {
                                                    "total_bytes_written": 0,
                                                    "total_bytes_read": 0,
                                                    "result_set_size": 281535012,
                                                    "operator_name": "PROJECTION",
                                                    "cpu_time": 0.0,
                                                    "extra_info": {
                                                      "Projections": [
                                                        "#0",
                                                        "__internal_compress_string_uhugeint(#1)",
                                                        "__internal_compress_string_uhugeint(#2)",
                                                        "__internal_compress_string_utinyint(#3)",
                                                        "#4",
                                                        "__internal_compress_string_utinyint(#5)",
                                                        "#6",
                                                        "#7",
                                                        "#8",
                                                        "#9",
                                                        "#10",
                                                        "__internal_compress_integral_utinyint(#11, 1999)"
                                                      ],
                                                      "Estimated Cardinality": "115329"
                                                    },
                                                    "cumulative_cardinality": 0,
                                                    "operator_type": "PROJECTION",
                                                    "operator_cardinality": 2843788,
                                                    "cumulative_rows_scanned": 0,
                                                    "operator_rows_scanned": 0,
                                                    "operator_timing": 0.041337150999999996,
                                                    "children": [
                                                      {
                                                        "total_bytes_written": 0,
                                                        "total_bytes_read": 0,
                                                        "result_set_size": 375380016,
                                                        "operator_name": "HASH_JOIN",
                                                        "cpu_time": 0.0,
                                                        "extra_info": {
                                                          "Join Type": "INNER",
                                                          "Conditions": "c_customer_sk = cs_bill_customer_sk",
                                                          "Estimated Cardinality": "115329"
                                                        },
                                                        "cumulative_cardinality": 0,
                                                        "operator_type": "HASH_JOIN",
                                                        "operator_cardinality": 2843788,
                                                        "cumulative_rows_scanned": 0,
                                                        "operator_rows_scanned": 0,
                                                        "operator_timing": 0.42257252700000014,
                                                        "children": [
                                                          {
                                                            "total_bytes_written": 0,
                                                            "total_bytes_read": 0,
                                                            "result_set_size": 58000000,
                                                            "operator_name": "SEQ_SCAN ",
                                                            "cpu_time": 0.0,
                                                            "extra_info": {
                                                              "Table": "customer",
                                                              "Type": "Sequential Scan",
                                                              "Projections": [
                                                                "c_customer_sk",
                                                                "c_customer_id",
                                                                "c_first_name",
                                                                "c_last_name",
                                                                "c_preferred_cust_flag",
                                                                "c_birth_country",
                                                                "c_login",
                                                                "c_email_address"
                                                              ],
                                                              "Estimated Cardinality": "500000"
                                                            },
                                                            "cumulative_cardinality": 0,
                                                            "operator_type": "TABLE_SCAN",
                                                            "operator_cardinality": 500000,
                                                            "cumulative_rows_scanned": 0,
                                                            "operator_rows_scanned": 2500000,
                                                            "operator_timing": 0.032444312999999995,
                                                            "children": []
                                                          },
                                                          {
                                                            "total_bytes_written": 0,
                                                            "total_bytes_read": 0,
                                                            "result_set_size": 68425488,
                                                            "operator_name": "HASH_JOIN",
                                                            "cpu_time": 0.0,
                                                            "extra_info": {
                                                              "Join Type": "INNER",
                                                              "Conditions": "cs_sold_date_sk = d_date_sk",
                                                              "Estimated Cardinality": "115329"
                                                            },
                                                            "cumulative_cardinality": 0,
                                                            "operator_type": "HASH_JOIN",
                                                            "operator_cardinality": 2851062,
                                                            "cumulative_rows_scanned": 0,
                                                            "operator_rows_scanned": 0,
                                                            "operator_timing": 0.009168363000000002,
                                                            "children": [
                                                              {
                                                                "total_bytes_written": 0,
                                                                "total_bytes_read": 0,
                                                                "result_set_size": 68425488,
                                                                "operator_name": "SEQ_SCAN ",
                                                                "cpu_time": 0.0,
                                                                "extra_info": {
                                                                  "Table": "catalog_sales",
                                                                  "Type": "Sequential Scan",
                                                                  "Projections": [
                                                                    "cs_bill_customer_sk",
                                                                    "cs_sold_date_sk",
                                                                    "cs_ext_list_price",
                                                                    "cs_ext_wholesale_cost",
                                                                    "cs_ext_discount_amt",
                                                                    "cs_ext_sales_price"
                                                                  ],
                                                                  "Estimated Cardinality": "14401261"
                                                                },
                                                                "cumulative_cardinality": 0,
                                                                "operator_type": "TABLE_SCAN",
                                                                "operator_cardinality": 2851062,
                                                                "cumulative_rows_scanned": 0,
                                                                "operator_rows_scanned": 403235308,
                                                                "operator_timing": 1.684787903,
                                                                "children": []
                                                              },
                                                              {
                                                                "total_bytes_written": 0,
                                                                "total_bytes_read": 0,
                                                                "result_set_size": 2920,
                                                                "operator_name": "FILTER",
                                                                "cpu_time": 0.0,
                                                                "extra_info": {
                                                                  "Expression": "(d_date_sk BETWEEN 2450815 AND 2452653)",
                                                                  "Estimated Cardinality": "585"
                                                                },
                                                                "cumulative_cardinality": 0,
                                                                "operator_type": "FILTER",
                                                                "operator_cardinality": 365,
                                                                "cumulative_rows_scanned": 0,
                                                                "operator_rows_scanned": 0,
                                                                "operator_timing": 1.4042e-05,
                                                                "children": [
                                                                  {
                                                                    "total_bytes_written": 0,
                                                                    "total_bytes_read": 0,
                                                                    "result_set_size": 2920,
                                                                    "operator_name": "SEQ_SCAN ",
                                                                    "cpu_time": 0.0,
                                                                    "extra_info": {
                                                                      "Table": "date_dim",
                                                                      "Type": "Sequential Scan",
                                                                      "Projections": [
                                                                        "d_date_sk",
                                                                        "d_year"
                                                                      ],
                                                                      "Filters": "d_year=1999",
                                                                      "Estimated Cardinality": "585"
                                                                    },
                                                                    "cumulative_cardinality": 0,
                                                                    "operator_type": "TABLE_SCAN",
                                                                    "operator_cardinality": 365,
                                                                    "cumulative_rows_scanned": 0,
                                                                    "operator_rows_scanned": 73049,
                                                                    "operator_timing": 0.0011302789999999999,
                                                                    "children": []
                                                                  }
                                                                ]
                                                              }
                                                            ]
                                                          }
                                                        ]
                                                      }
                                                    ]
                                                  }
                                                ]
                                              }
                                            ]
                                          }
                                        ]
                                      }
                                    ]
                                  }
                                ]
                              }
                            ]
                          },
                          {
                            "total_bytes_written": 0,
                            "total_bytes_read": 0,
                            "result_set_size": 633024,
                            "operator_name": "HASH_JOIN",
                            "cpu_time": 0.0,
                            "extra_info": {
                              "Join Type": "INNER",
                              "Conditions": "customer_id = customer_id",
                              "Estimated Cardinality": "70"
                            },
                            "cumulative_cardinality": 0,
                            "operator_type": "HASH_JOIN",
                            "operator_cardinality": 6594,
                            "cumulative_rows_scanned": 0,
                            "operator_rows_scanned": 0,
                            "operator_timing": 0.018981394999999998,
                            "children": [
                              {
                                "total_bytes_written": 0,
                                "total_bytes_read": 0,
                                "result_set_size": 22246848,
                                "operator_name": "PROJECTION",
                                "cpu_time": 0.0,
                                "extra_info": {
                                  "Projections": [
                                    "customer_id",
                                    "customer_first_name",
                                    "customer_last_name",
                                    "customer_birth_country",
                                    "year_total"
                                  ],
                                  "Estimated Cardinality": "230647"
                                },
                                "cumulative_cardinality": 0,
                                "operator_type": "PROJECTION",
                                "operator_cardinality": 308984,
                                "cumulative_rows_scanned": 0,
                                "operator_rows_scanned": 0,
                                "operator_timing": 0.000123833,
                                "children": [
                                  {
                                    "total_bytes_written": 0,
                                    "total_bytes_read": 0,
                                    "result_set_size": 38314016,
                                    "operator_name": "PROJECTION",
                                    "cpu_time": 0.0,
                                    "extra_info": {
                                      "Projections": [
                                        "#0",
                                        "__internal_decompress_string(#1)",
                                        "__internal_decompress_string(#2)",
                                        "__internal_decompress_string(#3)",
                                        "#4",
                                        "__internal_decompress_string(#5)",
                                        "#6",
                                        "__internal_decompress_integral_integer(#7, 2000)",
                                        "#8"
                                      ],
                                      "Estimated Cardinality": "230647"
                                    },
                                    "cumulative_cardinality": 0,
                                    "operator_type": "PROJECTION",
                                    "operator_cardinality": 308984,
                                    "cumulative_rows_scanned": 0,
                                    "operator_rows_scanned": 0,
                                    "operator_timing": 0.011327714999999999,
                                    "children": [
                                      {
                                        "total_bytes_written": 0,
                                        "total_bytes_read": 0,
                                        "result_set_size": 28117544,
                                        "operator_name": "HASH_GROUP_BY",
                                        "cpu_time": 0.0,
                                        "extra_info": {
                                          "Groups": [
                                            "#0",
                                            "#1",
                                            "#2",
                                            "#3",
                                            "#4",
                                            "#5",
                                            "#6",
                                            "#7"
                                          ],
                                          "Aggregates": "sum(#8)",
                                          "Estimated Cardinality": "230647"
                                        },
                                        "cumulative_cardinality": 0,
                                        "operator_type": "HASH_GROUP_BY",
                                        "operator_cardinality": 308984,
                                        "cumulative_rows_scanned": 0,
                                        "operator_rows_scanned": 0,
                                        "operator_timing": 0.4825030530000001,
                                        "children": [
                                          {
                                            "total_bytes_written": 0,
                                            "total_bytes_read": 0,
                                            "result_set_size": 490248850,
                                            "operator_name": "PROJECTION",
                                            "cpu_time": 0.0,
                                            "extra_info": {
                                              "Projections": [
                                                "c_customer_id",
                                                "c_first_name",
                                                "c_last_name",
                                                "c_preferred_cust_flag",
                                                "c_birth_country",
                                                "c_login",
                                                "c_email_address",
                                                "d_year",
                                                "(CAST((CAST(((ss_ext_list_price - ss_ext_wholesale_cost) - ss_ext_discount_amt) AS DECIMAL(10,2)) + CAST(ss_ext_sales_price AS DECIMAL(10,2))) AS DOUBLE) / 2.0)"
                                              ],
                                              "Estimated Cardinality": "230647"
                                            },
                                            "cumulative_cardinality": 0,
                                            "operator_type": "PROJECTION",
                                            "operator_cardinality": 5387350,
                                            "cumulative_rows_scanned": 0,
                                            "operator_rows_scanned": 0,
                                            "operator_timing": 0.048025107,
                                            "children": [
                                              {
                                                "total_bytes_written": 0,
                                                "total_bytes_read": 0,
                                                "result_set_size": 533347650,
                                                "operator_name": "PROJECTION",
                                                "cpu_time": 0.0,
                                                "extra_info": {
                                                  "Projections": [
                                                    "#0",
                                                    "__internal_compress_string_uhugeint(#1)",
                                                    "__internal_compress_string_uhugeint(#2)",
                                                    "__internal_compress_string_utinyint(#3)",
                                                    "#4",
                                                    "__internal_compress_string_utinyint(#5)",
                                                    "#6",
                                                    "#7",
                                                    "#8",
                                                    "#9",
                                                    "#10",
                                                    "__internal_compress_integral_utinyint(#11, 2000)"
                                                  ],
                                                  "Estimated Cardinality": "230647"
                                                },
                                                "cumulative_cardinality": 0,
                                                "operator_type": "PROJECTION",
                                                "operator_cardinality": 5387350,
                                                "cumulative_rows_scanned": 0,
                                                "operator_rows_scanned": 0,
                                                "operator_timing": 0.07994793900000002,
                                                "children": [
                                                  {
                                                    "total_bytes_written": 0,
                                                    "total_bytes_read": 0,
                                                    "result_set_size": 711130200,
                                                    "operator_name": "HASH_JOIN",
                                                    "cpu_time": 0.0,
                                                    "extra_info": {
                                                      "Join Type": "INNER",
                                                      "Conditions": "c_customer_sk = ss_customer_sk",
                                                      "Estimated Cardinality": "230647"
                                                    },
                                                    "cumulative_cardinality": 0,
                                                    "operator_type": "HASH_JOIN",
                                                    "operator_cardinality": 5387350,
                                                    "cumulative_rows_scanned": 0,
                                                    "operator_rows_scanned": 0,
                                                    "operator_timing": 0.9045480430000001,
                                                    "children": [
                                                      {
                                                        "total_bytes_written": 0,
                                                        "total_bytes_read": 0,
                                                        "result_set_size": 57976800,
                                                        "operator_name": "SEQ_SCAN ",
                                                        "cpu_time": 0.0,
                                                        "extra_info": {
                                                          "Table": "customer",
                                                          "Type": "Sequential Scan",
                                                          "Projections": [
                                                            "c_customer_sk",
                                                            "c_customer_id",
                                                            "c_first_name",
                                                            "c_last_name",
                                                            "c_preferred_cust_flag",
                                                            "c_birth_country",
                                                            "c_login",
                                                            "c_email_address"
                                                          ],
                                                          "Estimated Cardinality": "500000"
                                                        },
                                                        "cumulative_cardinality": 0,
                                                        "operator_type": "TABLE_SCAN",
                                                        "operator_cardinality": 499800,
                                                        "cumulative_rows_scanned": 0,
                                                        "operator_rows_scanned": 2500000,
                                                        "operator_timing": 0.04141894500000001,
                                                        "children": []
                                                      },
                                                      {
                                                        "total_bytes_written": 0,
                                                        "total_bytes_read": 0,
                                                        "result_set_size": 132464088,
                                                        "operator_name": "HASH_JOIN",
                                                        "cpu_time": 0.0,
                                                        "extra_info": {
                                                          "Join Type": "INNER",
                                                          "Conditions": "ss_sold_date_sk = d_date_sk",
                                                          "Estimated Cardinality": "230647"
                                                        },
                                                        "cumulative_cardinality": 0,
                                                        "operator_type": "HASH_JOIN",
                                                        "operator_cardinality": 5519337,
                                                        "cumulative_rows_scanned": 0,
                                                        "operator_rows_scanned": 0,
                                                        "operator_timing": 0.040050299,
                                                        "children": [
                                                          {
                                                            "total_bytes_written": 0,
                                                            "total_bytes_read": 0,
                                                            "result_set_size": 132464088,
                                                            "operator_name": "SEQ_SCAN ",
                                                            "cpu_time": 0.0,
                                                            "extra_info": {
                                                              "Table": "store_sales",
                                                              "Type": "Sequential Scan",
                                                              "Projections": [
                                                                "ss_customer_sk",
                                                                "ss_sold_date_sk",
                                                                "ss_ext_list_price",
                                                                "ss_ext_wholesale_cost",
                                                                "ss_ext_discount_amt",
                                                                "ss_ext_sales_price"
                                                              ],
                                                              "Estimated Cardinality": "28800991"
                                                            },
                                                            "cumulative_cardinality": 0,
                                                            "operator_type": "TABLE_SCAN",
                                                            "operator_cardinality": 5519337,
                                                            "cumulative_rows_scanned": 0,
                                                            "operator_rows_scanned": 806427748,
                                                            "operator_timing": 17.213720074,
                                                            "children": []
                                                          },
                                                          {
                                                            "total_bytes_written": 0,
                                                            "total_bytes_read": 0,
                                                            "result_set_size": 2928,
                                                            "operator_name": "FILTER",
                                                            "cpu_time": 0.0,
                                                            "extra_info": {
                                                              "Expression": "(d_date_sk BETWEEN 2450816 AND 2452642)",
                                                              "Estimated Cardinality": "585"
                                                            },
                                                            "cumulative_cardinality": 0,
                                                            "operator_type": "FILTER",
                                                            "operator_cardinality": 366,
                                                            "cumulative_rows_scanned": 0,
                                                            "operator_rows_scanned": 0,
                                                            "operator_timing": 3.3135e-05,
                                                            "children": [
                                                              {
                                                                "total_bytes_written": 0,
                                                                "total_bytes_read": 0,
                                                                "result_set_size": 2928,
                                                                "operator_name": "SEQ_SCAN ",
                                                                "cpu_time": 0.0,
                                                                "extra_info": {
                                                                  "Table": "date_dim",
                                                                  "Type": "Sequential Scan",
                                                                  "Projections": [
                                                                    "d_date_sk",
                                                                    "d_year"
                                                                  ],
                                                                  "Filters": "d_year=2000",
                                                                  "Estimated Cardinality": "585"
                                                                },
                                                                "cumulative_cardinality": 0,
                                                                "operator_type": "TABLE_SCAN",
                                                                "operator_cardinality": 366,
                                                                "cumulative_rows_scanned": 0,
                                                                "operator_rows_scanned": 73049,
                                                                "operator_timing": 0.0011081189999999999,
                                                                "children": []
                                                              }
                                                            ]
                                                          }
                                                        ]
                                                      }
                                                    ]
                                                  }
                                                ]
                                              }
                                            ]
                                          }
                                        ]
                                      }
                                    ]
                                  }
                                ]
                              },
                              {
                                "total_bytes_written": 0,
                                "total_bytes_read": 0,
                                "result_set_size": 428560,
                                "operator_name": "HASH_JOIN",
                                "cpu_time": 0.0,
                                "extra_info": {
                                  "Join Type": "INNER",
                                  "Conditions": "customer_id = customer_id",
                                  "Estimated Cardinality": "153"
                                },
                                "cumulative_cardinality": 0,
                                "operator_type": "HASH_JOIN",
                                "operator_cardinality": 10714,
                                "cumulative_rows_scanned": 0,
                                "operator_rows_scanned": 0,
                                "operator_timing": 0.017891634,
                                "children": [
                                  {
                                    "total_bytes_written": 0,
                                    "total_bytes_read": 0,
                                    "result_set_size": 5676288,
                                    "operator_name": "PROJECTION",
                                    "cpu_time": 0.0,
                                    "extra_info": {
                                      "Projections": [
                                        "customer_id",
                                        "year_total"
                                      ],
                                      "Estimated Cardinality": "115329"
                                    },
                                    "cumulative_cardinality": 0,
                                    "operator_type": "PROJECTION",
                                    "operator_cardinality": 236512,
                                    "cumulative_rows_scanned": 0,
                                    "operator_rows_scanned": 0,
                                    "operator_timing": 4.3397000000000005e-05,
                                    "children": [
                                      {
                                        "total_bytes_written": 0,
                                        "total_bytes_read": 0,
                                        "result_set_size": 29327488,
                                        "operator_name": "PROJECTION",
                                        "cpu_time": 0.0,
                                        "extra_info": {
                                          "Projections": [
                                            "#0",
                                            "__internal_decompress_string(#1)",
                                            "__internal_decompress_string(#2)",
                                            "__internal_decompress_string(#3)",
                                            "#4",
                                            "__internal_decompress_string(#5)",
                                            "#6",
                                            "__internal_decompress_integral_integer(#7, 2000)",
                                            "#8"
                                          ],
                                          "Estimated Cardinality": "115329"
                                        },
                                        "cumulative_cardinality": 0,
                                        "operator_type": "PROJECTION",
                                        "operator_cardinality": 236512,
                                        "cumulative_rows_scanned": 0,
                                        "operator_rows_scanned": 0,
                                        "operator_timing": 0.007872127000000001,
                                        "children": [
                                          {
                                            "total_bytes_written": 0,
                                            "total_bytes_read": 0,
                                            "result_set_size": 21522592,
                                            "operator_name": "HASH_GROUP_BY",
                                            "cpu_time": 0.0,
                                            "extra_info": {
                                              "Groups": [
                                                "#0",
                                                "#1",
                                                "#2",
                                                "#3",
                                                "#4",
                                                "#5",
                                                "#6",
                                                "#7"
                                              ],
                                              "Aggregates": "sum(#8)",
                                              "Estimated Cardinality": "115329"
                                            },
                                            "cumulative_cardinality": 0,
                                            "operator_type": "HASH_GROUP_BY",
                                            "operator_cardinality": 236512,
                                            "cumulative_rows_scanned": 0,
                                            "operator_rows_scanned": 0,
                                            "operator_timing": 0.28516290599999994,
                                            "children": [
                                              {
                                                "total_bytes_written": 0,
                                                "total_bytes_read": 0,
                                                "result_set_size": 260202761,
                                                "operator_name": "PROJECTION",
                                                "cpu_time": 0.0,
                                                "extra_info": {
                                                  "Projections": [
                                                    "c_customer_id",
                                                    "c_first_name",
                                                    "c_last_name",
                                                    "c_preferred_cust_flag",
                                                    "c_birth_country",
                                                    "c_login",
                                                    "c_email_address",
                                                    "d_year",
                                                    "(CAST((CAST(((cs_ext_list_price - cs_ext_wholesale_cost) - cs_ext_discount_amt) AS DECIMAL(10,2)) + CAST(cs_ext_sales_price AS DECIMAL(10,2))) AS DOUBLE) / 2.0)"
                                                  ],
                                                  "Estimated Cardinality": "115329"
                                                },
                                                "cumulative_cardinality": 0,
                                                "operator_type": "PROJECTION",
                                                "operator_cardinality": 2859371,
                                                "cumulative_rows_scanned": 0,
                                                "operator_rows_scanned": 0,
                                                "operator_timing": 0.01982959400000001,
                                                "children": [
                                                  {
                                                    "total_bytes_written": 0,
                                                    "total_bytes_read": 0,
                                                    "result_set_size": 283077729,
                                                    "operator_name": "PROJECTION",
                                                    "cpu_time": 0.0,
                                                    "extra_info": {
                                                      "Projections": [
                                                        "#0",
                                                        "__internal_compress_string_uhugeint(#1)",
                                                        "__internal_compress_string_uhugeint(#2)",
                                                        "__internal_compress_string_utinyint(#3)",
                                                        "#4",
                                                        "__internal_compress_string_utinyint(#5)",
                                                        "#6",
                                                        "#7",
                                                        "#8",
                                                        "#9",
                                                        "#10",
                                                        "__internal_compress_integral_utinyint(#11, 2000)"
                                                      ],
                                                      "Estimated Cardinality": "115329"
                                                    },
                                                    "cumulative_cardinality": 0,
                                                    "operator_type": "PROJECTION",
                                                    "operator_cardinality": 2859371,
                                                    "cumulative_rows_scanned": 0,
                                                    "operator_rows_scanned": 0,
                                                    "operator_timing": 0.041617493000000005,
                                                    "children": [
                                                      {
                                                        "total_bytes_written": 0,
                                                        "total_bytes_read": 0,
                                                        "result_set_size": 377436972,
                                                        "operator_name": "HASH_JOIN",
                                                        "cpu_time": 0.0,
                                                        "extra_info": {
                                                          "Join Type": "INNER",
                                                          "Conditions": "c_customer_sk = cs_bill_customer_sk",
                                                          "Estimated Cardinality": "115329"
                                                        },
                                                        "cumulative_cardinality": 0,
                                                        "operator_type": "HASH_JOIN",
                                                        "operator_cardinality": 2859371,
                                                        "cumulative_rows_scanned": 0,
                                                        "operator_rows_scanned": 0,
                                                        "operator_timing": 0.43802311200000005,
                                                        "children": [
                                                          {
                                                            "total_bytes_written": 0,
                                                            "total_bytes_read": 0,
                                                            "result_set_size": 57983760,
                                                            "operator_name": "SEQ_SCAN ",
                                                            "cpu_time": 0.0,
                                                            "extra_info": {
                                                              "Table": "customer",
                                                              "Type": "Sequential Scan",
                                                              "Projections": [
                                                                "c_customer_sk",
                                                                "c_customer_id",
                                                                "c_first_name",
                                                                "c_last_name",
                                                                "c_preferred_cust_flag",
                                                                "c_birth_country",
                                                                "c_login",
                                                                "c_email_address"
                                                              ],
                                                              "Estimated Cardinality": "500000"
                                                            },
                                                            "cumulative_cardinality": 0,
                                                            "operator_type": "TABLE_SCAN",
                                                            "operator_cardinality": 499860,
                                                            "cumulative_rows_scanned": 0,
                                                            "operator_rows_scanned": 2500000,
                                                            "operator_timing": 0.037345398,
                                                            "children": []
                                                          },
                                                          {
                                                            "total_bytes_written": 0,
                                                            "total_bytes_read": 0,
                                                            "result_set_size": 68816400,
                                                            "operator_name": "HASH_JOIN",
                                                            "cpu_time": 0.0,
                                                            "extra_info": {
                                                              "Join Type": "INNER",
                                                              "Conditions": "cs_sold_date_sk = d_date_sk",
                                                              "Estimated Cardinality": "115329"
                                                            },
                                                            "cumulative_cardinality": 0,
                                                            "operator_type": "HASH_JOIN",
                                                            "operator_cardinality": 2867350,
                                                            "cumulative_rows_scanned": 0,
                                                            "operator_rows_scanned": 0,
                                                            "operator_timing": 0.008848998,
                                                            "children": [
                                                              {
                                                                "total_bytes_written": 0,
                                                                "total_bytes_read": 0,
                                                                "result_set_size": 68816400,
                                                                "operator_name": "SEQ_SCAN ",
                                                                "cpu_time": 0.0,
                                                                "extra_info": {
                                                                  "Table": "catalog_sales",
                                                                  "Type": "Sequential Scan",
                                                                  "Projections": [
                                                                    "cs_bill_customer_sk",
                                                                    "cs_sold_date_sk",
                                                                    "cs_ext_list_price",
                                                                    "cs_ext_wholesale_cost",
                                                                    "cs_ext_discount_amt",
                                                                    "cs_ext_sales_price"
                                                                  ],
                                                                  "Estimated Cardinality": "14401261"
                                                                },
                                                                "cumulative_cardinality": 0,
                                                                "operator_type": "TABLE_SCAN",
                                                                "operator_cardinality": 2867350,
                                                                "cumulative_rows_scanned": 0,
                                                                "operator_rows_scanned": 403235308,
                                                                "operator_timing": 1.955490719,
                                                                "children": []
                                                              },
                                                              {
                                                                "total_bytes_written": 0,
                                                                "total_bytes_read": 0,
                                                                "result_set_size": 2928,
                                                                "operator_name": "FILTER",
                                                                "cpu_time": 0.0,
                                                                "extra_info": {
                                                                  "Expression": "(d_date_sk BETWEEN 2450815 AND 2452653)",
                                                                  "Estimated Cardinality": "585"
                                                                },
                                                                "cumulative_cardinality": 0,
                                                                "operator_type": "FILTER",
                                                                "operator_cardinality": 366,
                                                                "cumulative_rows_scanned": 0,
                                                                "operator_rows_scanned": 0,
                                                                "operator_timing": 3.6082e-05,
                                                                "children": [
                                                                  {
                                                                    "total_bytes_written": 0,
                                                                    "total_bytes_read": 0,
                                                                    "result_set_size": 2928,
                                                                    "operator_name": "SEQ_SCAN ",
                                                                    "cpu_time": 0.0,
                                                                    "extra_info": {
                                                                      "Table": "date_dim",
                                                                      "Type": "Sequential Scan",
                                                                      "Projections": [
                                                                        "d_date_sk",
                                                                        "d_year"
                                                                      ],
                                                                      "Filters": "d_year=2000",
                                                                      "Estimated Cardinality": "585"
                                                                    },
                                                                    "cumulative_cardinality": 0,
                                                                    "operator_type": "TABLE_SCAN",
                                                                    "operator_cardinality": 366,
                                                                    "cumulative_rows_scanned": 0,
                                                                    "operator_rows_scanned": 73049,
                                                                    "operator_timing": 0.0011700489999999998,
                                                                    "children": []
                                                                  }
                                                                ]
                                                              }
                                                            ]
                                                          }
                                                        ]
                                                      }
                                                    ]
                                                  }
                                                ]
                                              }
                                            ]
                                          }
                                        ]
                                      }
                                    ]
                                  },
                                  {
                                    "total_bytes_written": 0,
                                    "total_bytes_read": 0,
                                    "result_set_size": 727680,
                                    "operator_name": "HASH_JOIN",
                                    "cpu_time": 0.0,
                                    "extra_info": {
                                      "Join Type": "INNER",
                                      "Conditions": "customer_id = customer_id",
                                      "Estimated Cardinality": "1328"
                                    },
                                    "cumulative_cardinality": 0,
                                    "operator_type": "HASH_JOIN",
                                    "operator_cardinality": 22740,
                                    "cumulative_rows_scanned": 0,
                                    "operator_rows_scanned": 0,
                                    "operator_timing": 0.023757359999999998,
                                    "children": [
                                      {
                                        "total_bytes_written": 0,
                                        "total_bytes_read": 0,
                                        "result_set_size": 2580288,
                                        "operator_name": "PROJECTION",
                                        "cpu_time": 0.0,
                                        "extra_info": {
                                          "Projections": [
                                            "customer_id",
                                            "year_total"
                                          ],
                                          "Estimated Cardinality": "57640"
                                        },
                                        "cumulative_cardinality": 0,
                                        "operator_type": "PROJECTION",
                                        "operator_cardinality": 107512,
                                        "cumulative_rows_scanned": 0,
                                        "operator_rows_scanned": 0,
                                        "operator_timing": 3.1404e-05,
                                        "children": [
                                          {
                                            "total_bytes_written": 0,
                                            "total_bytes_read": 0,
                                            "result_set_size": 13331488,
                                            "operator_name": "PROJECTION",
                                            "cpu_time": 0.0,
                                            "extra_info": {
                                              "Projections": [
                                                "#0",
                                                "__internal_decompress_string(#1)",
                                                "__internal_decompress_string(#2)",
                                                "__internal_decompress_string(#3)",
                                                "#4",
                                                "__internal_decompress_string(#5)",
                                                "#6",
                                                "__internal_decompress_integral_integer(#7, 2000)",
                                                "#8"
                                              ],
                                              "Estimated Cardinality": "57640"
                                            },
                                            "cumulative_cardinality": 0,
                                            "operator_type": "PROJECTION",
                                            "operator_cardinality": 107512,
                                            "cumulative_rows_scanned": 0,
                                            "operator_rows_scanned": 0,
                                            "operator_timing": 0.004701228,
                                            "children": [
                                              {
                                                "total_bytes_written": 0,
                                                "total_bytes_read": 0,
                                                "result_set_size": 9783592,
                                                "operator_name": "HASH_GROUP_BY",
                                                "cpu_time": 0.0,
                                                "extra_info": {
                                                  "Groups": [
                                                    "#0",
                                                    "#1",
                                                    "#2",
                                                    "#3",
                                                    "#4",
                                                    "#5",
                                                    "#6",
                                                    "#7"
                                                  ],
                                                  "Aggregates": "sum(#8)",
                                                  "Estimated Cardinality": "57640"
                                                },
                                                "cumulative_cardinality": 0,
                                                "operator_type": "HASH_GROUP_BY",
                                                "operator_cardinality": 107512,
                                                "cumulative_rows_scanned": 0,
                                                "operator_rows_scanned": 0,
                                                "operator_timing": 0.14130487300000003,
                                                "children": [
                                                  {
                                                    "total_bytes_written": 0,
                                                    "total_bytes_read": 0,
                                                    "result_set_size": 131619943,
                                                    "operator_name": "PROJECTION",
                                                    "cpu_time": 0.0,
                                                    "extra_info": {
                                                      "Projections": [
                                                        "c_customer_id",
                                                        "c_first_name",
                                                        "c_last_name",
                                                        "c_preferred_cust_flag",
                                                        "c_birth_country",
                                                        "c_login",
                                                        "c_email_address",
                                                        "d_year",
                                                        "(CAST((CAST(((ws_ext_list_price - ws_ext_wholesale_cost) - ws_ext_discount_amt) AS DECIMAL(10,2)) + CAST(ws_ext_sales_price AS DECIMAL(10,2))) AS DOUBLE) / 2.0)"
                                                      ],
                                                      "Estimated Cardinality": "57640"
                                                    },
                                                    "cumulative_cardinality": 0,
                                                    "operator_type": "PROJECTION",
                                                    "operator_cardinality": 1446373,
                                                    "cumulative_rows_scanned": 0,
                                                    "operator_rows_scanned": 0,
                                                    "operator_timing": 0.009097665000000001,
                                                    "children": [
                                                      {
                                                        "total_bytes_written": 0,
                                                        "total_bytes_read": 0,
                                                        "result_set_size": 143190927,
                                                        "operator_name": "PROJECTION",
                                                        "cpu_time": 0.0,
                                                        "extra_info": {
                                                          "Projections": [
                                                            "#0",
                                                            "__internal_compress_string_uhugeint(#1)",
                                                            "__internal_compress_string_uhugeint(#2)",
                                                            "__internal_compress_string_utinyint(#3)",
                                                            "#4",
                                                            "__internal_compress_string_utinyint(#5)",
                                                            "#6",
                                                            "#7",
                                                            "#8",
                                                            "#9",
                                                            "#10",
                                                            "__internal_compress_integral_utinyint(#11, 2000)"
                                                          ],
                                                          "Estimated Cardinality": "57640"
                                                        },
                                                        "cumulative_cardinality": 0,
                                                        "operator_type": "PROJECTION",
                                                        "operator_cardinality": 1446373,
                                                        "cumulative_rows_scanned": 0,
                                                        "operator_rows_scanned": 0,
                                                        "operator_timing": 0.021346429,
                                                        "children": [
                                                          {
                                                            "total_bytes_written": 0,
                                                            "total_bytes_read": 0,
                                                            "result_set_size": 190921236,
                                                            "operator_name": "HASH_JOIN",
                                                            "cpu_time": 0.0,
                                                            "extra_info": {
                                                              "Join Type": "INNER",
                                                              "Conditions": "c_customer_sk = ws_bill_customer_sk",
                                                              "Estimated Cardinality": "57640"
                                                            },
                                                            "cumulative_cardinality": 0,
                                                            "operator_type": "HASH_JOIN",
                                                            "operator_cardinality": 1446373,
                                                            "cumulative_rows_scanned": 0,
                                                            "operator_rows_scanned": 0,
                                                            "operator_timing": 0.19269049900000007,
                                                            "children": [
                                                              {
                                                                "total_bytes_written": 0,
                                                                "total_bytes_read": 0,
                                                                "result_set_size": 57998376,
                                                                "operator_name": "SEQ_SCAN ",
                                                                "cpu_time": 0.0,
                                                                "extra_info": {
                                                                  "Table": "customer",
                                                                  "Type": "Sequential Scan",
                                                                  "Projections": [
                                                                    "c_customer_sk",
                                                                    "c_customer_id",
                                                                    "c_first_name",
                                                                    "c_last_name",
                                                                    "c_preferred_cust_flag",
                                                                    "c_birth_country",
                                                                    "c_login",
                                                                    "c_email_address"
                                                                  ],
                                                                  "Filters": "c_customer_sk>=2 AND c_customer_sk<=499998",
                                                                  "Estimated Cardinality": "500000"
                                                                },
                                                                "cumulative_cardinality": 0,
                                                                "operator_type": "TABLE_SCAN",
                                                                "operator_cardinality": 499986,
                                                                "cumulative_rows_scanned": 0,
                                                                "operator_rows_scanned": 2500000,
                                                                "operator_timing": 0.03642649800000001,
                                                                "children": []
                                                              },
                                                              {
                                                                "total_bytes_written": 0,
                                                                "total_bytes_read": 0,
                                                                "result_set_size": 34717224,
                                                                "operator_name": "HASH_JOIN",
                                                                "cpu_time": 0.0,
                                                                "extra_info": {
                                                                  "Join Type": "INNER",
                                                                  "Conditions": "ws_sold_date_sk = d_date_sk",
                                                                  "Estimated Cardinality": "57640"
                                                                },
                                                                "cumulative_cardinality": 0,
                                                                "operator_type": "HASH_JOIN",
                                                                "operator_cardinality": 1446551,
                                                                "cumulative_rows_scanned": 0,
                                                                "operator_rows_scanned": 0,
                                                                "operator_timing": 0.016741413999999996,
                                                                "children": [
                                                                  {
                                                                    "total_bytes_written": 0,
                                                                    "total_bytes_read": 0,
                                                                    "result_set_size": 34717224,
                                                                    "operator_name": "SEQ_SCAN ",
                                                                    "cpu_time": 0.0,
                                                                    "extra_info": {
                                                                      "Table": "web_sales",
                                                                      "Type": "Sequential Scan",
                                                                      "Projections": [
                                                                        "ws_bill_customer_sk",
                                                                        "ws_sold_date_sk",
                                                                        "ws_ext_list_price",
                                                                        "ws_ext_wholesale_cost",
                                                                        "ws_ext_discount_amt",
                                                                        "ws_ext_sales_price"
                                                                      ],
                                                                      "Estimated Cardinality": "7197566"
                                                                    },
                                                                    "cumulative_cardinality": 0,
                                                                    "operator_type": "TABLE_SCAN",
                                                                    "operator_cardinality": 1446551,
                                                                    "cumulative_rows_scanned": 0,
                                                                    "operator_rows_scanned": 201531848,
                                                                    "operator_timing": 0.10465120999999998,
                                                                    "children": []
                                                                  },
                                                                  {
                                                                    "total_bytes_written": 0,
                                                                    "total_bytes_read": 0,
                                                                    "result_set_size": 2928,
                                                                    "operator_name": "FILTER",
                                                                    "cpu_time": 0.0,
                                                                    "extra_info": {
                                                                      "Expression": "(d_date_sk BETWEEN 2450816 AND 2452642)",
                                                                      "Estimated Cardinality": "585"
                                                                    },
                                                                    "cumulative_cardinality": 0,
                                                                    "operator_type": "FILTER",
                                                                    "operator_cardinality": 366,
                                                                    "cumulative_rows_scanned": 0,
                                                                    "operator_rows_scanned": 0,
                                                                    "operator_timing": 3.8307000000000004e-05,
                                                                    "children": [
                                                                      {
                                                                        "total_bytes_written": 0,
                                                                        "total_bytes_read": 0,
                                                                        "result_set_size": 2928,
                                                                        "operator_name": "SEQ_SCAN ",
                                                                        "cpu_time": 0.0,
                                                                        "extra_info": {
                                                                          "Table": "date_dim",
                                                                          "Type": "Sequential Scan",
                                                                          "Projections": [
                                                                            "d_date_sk",
                                                                            "d_year"
                                                                          ],
                                                                          "Filters": "d_year=2000",
                                                                          "Estimated Cardinality": "585"
                                                                        },
                                                                        "cumulative_cardinality": 0,
                                                                        "operator_type": "TABLE_SCAN",
                                                                        "operator_cardinality": 366,
                                                                        "cumulative_rows_scanned": 0,
                                                                        "operator_rows_scanned": 73049,
                                                                        "operator_timing": 0.0010267000000000002,
                                                                        "children": []
                                                                      }
                                                                    ]
                                                                  }
                                                                ]
                                                              }
                                                            ]
                                                          }
                                                        ]
                                                      }
                                                    ]
                                                  }
                                                ]
                                              }
                                            ]
                                          }
                                        ]
                                      },
                                      {
                                        "total_bytes_written": 0,
                                        "total_bytes_read": 0,
                                        "result_set_size": 2521944,
                                        "operator_name": "PROJECTION",
                                        "cpu_time": 0.0,
                                        "extra_info": {
                                          "Projections": [
                                            "#0",
                                            "#8"
                                          ],
                                          "Estimated Cardinality": "11528"
                                        },
                                        "cumulative_cardinality": 0,
                                        "operator_type": "PROJECTION",
                                        "operator_cardinality": 105081,
                                        "cumulative_rows_scanned": 0,
                                        "operator_rows_scanned": 0,
                                        "operator_timing": 2.2541e-05,
                                        "children": [
                                          {
                                            "total_bytes_written": 0,
                                            "total_bytes_read": 0,
                                            "result_set_size": 13030044,
                                            "operator_name": "FILTER",
                                            "cpu_time": 0.0,
                                            "extra_info": {
                                              "Expression": "(year_total > 0.0)",
                                              "Estimated Cardinality": "11528"
                                            },
                                            "cumulative_cardinality": 0,
                                            "operator_type": "FILTER",
                                            "operator_cardinality": 105081,
                                            "cumulative_rows_scanned": 0,
                                            "operator_rows_scanned": 0,
                                            "operator_timing": 0.0005371670000000001,
                                            "children": [
                                              {
                                                "total_bytes_written": 0,
                                                "total_bytes_read": 0,
                                                "result_set_size": 13244068,
                                                "operator_name": "PROJECTION",
                                                "cpu_time": 0.0,
                                                "extra_info": {
                                                  "Projections": [
                                                    "#0",
                                                    "__internal_decompress_string(#1)",
                                                    "__internal_decompress_string(#2)",
                                                    "__internal_decompress_string(#3)",
                                                    "#4",
                                                    "__internal_decompress_string(#5)",
                                                    "#6",
                                                    "__internal_decompress_integral_integer(#7, 1999)",
                                                    "#8"
                                                  ],
                                                  "Estimated Cardinality": "57640"
                                                },
                                                "cumulative_cardinality": 0,
                                                "operator_type": "PROJECTION",
                                                "operator_cardinality": 106807,
                                                "cumulative_rows_scanned": 0,
                                                "operator_rows_scanned": 0,
                                                "operator_timing": 0.004332422,
                                                "children": [
                                                  {
                                                    "total_bytes_written": 0,
                                                    "total_bytes_read": 0,
                                                    "result_set_size": 9719437,
                                                    "operator_name": "HASH_GROUP_BY",
                                                    "cpu_time": 0.0,
                                                    "extra_info": {
                                                      "Groups": [
                                                        "#0",
                                                        "#1",
                                                        "#2",
                                                        "#3",
                                                        "#4",
                                                        "#5",
                                                        "#6",
                                                        "#7"
                                                      ],
                                                      "Aggregates": "sum(#8)",
                                                      "Estimated Cardinality": "57640"
                                                    },
                                                    "cumulative_cardinality": 0,
                                                    "operator_type": "HASH_GROUP_BY",
                                                    "operator_cardinality": 106807,
                                                    "cumulative_rows_scanned": 0,
                                                    "operator_rows_scanned": 0,
                                                    "operator_timing": 0.139550729,
                                                    "children": [
                                                      {
                                                        "total_bytes_written": 0,
                                                        "total_bytes_read": 0,
                                                        "result_set_size": 131005238,
                                                        "operator_name": "PROJECTION",
                                                        "cpu_time": 0.0,
                                                        "extra_info": {
                                                          "Projections": [
                                                            "c_customer_id",
                                                            "c_first_name",
                                                            "c_last_name",
                                                            "c_preferred_cust_flag",
                                                            "c_birth_country",
                                                            "c_login",
                                                            "c_email_address",
                                                            "d_year",
                                                            "(CAST((CAST(((ws_ext_list_price - ws_ext_wholesale_cost) - ws_ext_discount_amt) AS DECIMAL(10,2)) + CAST(ws_ext_sales_price AS DECIMAL(10,2))) AS DOUBLE) / 2.0)"
                                                          ],
                                                          "Estimated Cardinality": "57640"
                                                        },
                                                        "cumulative_cardinality": 0,
                                                        "operator_type": "PROJECTION",
                                                        "operator_cardinality": 1439618,
                                                        "cumulative_rows_scanned": 0,
                                                        "operator_rows_scanned": 0,
                                                        "operator_timing": 0.009197685,
                                                        "children": [
                                                          {
                                                            "total_bytes_written": 0,
                                                            "total_bytes_read": 0,
                                                            "result_set_size": 142522182,
                                                            "operator_name": "PROJECTION",
                                                            "cpu_time": 0.0,
                                                            "extra_info": {
                                                              "Projections": [
                                                                "#0",
                                                                "__internal_compress_string_uhugeint(#1)",
                                                                "__internal_compress_string_uhugeint(#2)",
                                                                "__internal_compress_string_utinyint(#3)",
                                                                "#4",
                                                                "__internal_compress_string_utinyint(#5)",
                                                                "#6",
                                                                "#7",
                                                                "#8",
                                                                "#9",
                                                                "#10",
                                                                "__internal_compress_integral_utinyint(#11, 1999)"
                                                              ],
                                                              "Estimated Cardinality": "57640"
                                                            },
                                                            "cumulative_cardinality": 0,
                                                            "operator_type": "PROJECTION",
                                                            "operator_cardinality": 1439618,
                                                            "cumulative_rows_scanned": 0,
                                                            "operator_rows_scanned": 0,
                                                            "operator_timing": 0.022675326000000003,
                                                            "children": [
                                                              {
                                                                "total_bytes_written": 0,
                                                                "total_bytes_read": 0,
                                                                "result_set_size": 190029576,
                                                                "operator_name": "HASH_JOIN",
                                                                "cpu_time": 0.0,
                                                                "extra_info": {
                                                                  "Join Type": "INNER",
                                                                  "Conditions": "c_customer_sk = ws_bill_customer_sk",
                                                                  "Estimated Cardinality": "57640"
                                                                },
                                                                "cumulative_cardinality": 0,
                                                                "operator_type": "HASH_JOIN",
                                                                "operator_cardinality": 1439618,
                                                                "cumulative_rows_scanned": 0,
                                                                "operator_rows_scanned": 0,
                                                                "operator_timing": 0.21525322199999994,
                                                                "children": [
                                                                  {
                                                                    "total_bytes_written": 0,
                                                                    "total_bytes_read": 0,
                                                                    "result_set_size": 57999652,
                                                                    "operator_name": "SEQ_SCAN ",
                                                                    "cpu_time": 0.0,
                                                                    "extra_info": {
                                                                      "Table": "customer",
                                                                      "Type": "Sequential Scan",
                                                                      "Projections": [
                                                                        "c_customer_sk",
                                                                        "c_customer_id",
                                                                        "c_first_name",
                                                                        "c_last_name",
                                                                        "c_preferred_cust_flag",
                                                                        "c_birth_country",
                                                                        "c_login",
                                                                        "c_email_address"
                                                                      ],
                                                                      "Filters": "c_customer_sk>=2 AND c_customer_sk<=499998",
                                                                      "Estimated Cardinality": "500000"
                                                                    },
                                                                    "cumulative_cardinality": 0,
                                                                    "operator_type": "TABLE_SCAN",
                                                                    "operator_cardinality": 499997,
                                                                    "cumulative_rows_scanned": 0,
                                                                    "operator_rows_scanned": 2500000,
                                                                    "operator_timing": 0.180146724,
                                                                    "children": []
                                                                  },
                                                                  {
                                                                    "total_bytes_written": 0,
                                                                    "total_bytes_read": 0,
                                                                    "result_set_size": 34554744,
                                                                    "operator_name": "HASH_JOIN",
                                                                    "cpu_time": 0.0,
                                                                    "extra_info": {
                                                                      "Join Type": "INNER",
                                                                      "Conditions": "ws_sold_date_sk = d_date_sk",
                                                                      "Estimated Cardinality": "57640"
                                                                    },
                                                                    "cumulative_cardinality": 0,
                                                                    "operator_type": "HASH_JOIN",
                                                                    "operator_cardinality": 1439781,
                                                                    "cumulative_rows_scanned": 0,
                                                                    "operator_rows_scanned": 0,
                                                                    "operator_timing": 0.01547319,
                                                                    "children": [
                                                                      {
                                                                        "total_bytes_written": 0,
                                                                        "total_bytes_read": 0,
                                                                        "result_set_size": 34554744,
                                                                        "operator_name": "SEQ_SCAN ",
                                                                        "cpu_time": 0.0,
                                                                        "extra_info": {
                                                                          "Table": "web_sales",
                                                                          "Type": "Sequential Scan",
                                                                          "Projections": [
                                                                            "ws_bill_customer_sk",
                                                                            "ws_sold_date_sk",
                                                                            "ws_ext_list_price",
                                                                            "ws_ext_wholesale_cost",
                                                                            "ws_ext_discount_amt",
                                                                            "ws_ext_sales_price"
                                                                          ],
                                                                          "Estimated Cardinality": "7197566"
                                                                        },
                                                                        "cumulative_cardinality": 0,
                                                                        "operator_type": "TABLE_SCAN",
                                                                        "operator_cardinality": 1439781,
                                                                        "cumulative_rows_scanned": 0,
                                                                        "operator_rows_scanned": 201531848,
                                                                        "operator_timing": 4.6721547480000005,
                                                                        "children": []
                                                                      },
                                                                      {
                                                                        "total_bytes_written": 0,
                                                                        "total_bytes_read": 0,
                                                                        "result_set_size": 2920,
                                                                        "operator_name": "FILTER",
                                                                        "cpu_time": 0.0,
                                                                        "extra_info": {
                                                                          "Expression": "(d_date_sk BETWEEN 2450816 AND 2452642)",
                                                                          "Estimated Cardinality": "585"
                                                                        },
                                                                        "cumulative_cardinality": 0,
                                                                        "operator_type": "FILTER",
                                                                        "operator_cardinality": 365,
                                                                        "cumulative_rows_scanned": 0,
                                                                        "operator_rows_scanned": 0,
                                                                        "operator_timing": 2.8884e-05,
                                                                        "children": [
                                                                          {
                                                                            "total_bytes_written": 0,
                                                                            "total_bytes_read": 0,
                                                                            "result_set_size": 2920,
                                                                            "operator_name": "SEQ_SCAN ",
                                                                            "cpu_time": 0.0,
                                                                            "extra_info": {
                                                                              "Table": "date_dim",
                                                                              "Type": "Sequential Scan",
                                                                              "Projections": [
                                                                                "d_date_sk",
                                                                                "d_year"
                                                                              ],
                                                                              "Filters": "d_year=1999",
                                                                              "Estimated Cardinality": "585"
                                                                            },
                                                                            "cumulative_cardinality": 0,
                                                                            "operator_type": "TABLE_SCAN",
                                                                            "operator_cardinality": 365,
                                                                            "cumulative_rows_scanned": 0,
                                                                            "operator_rows_scanned": 73049,
                                                                            "operator_timing": 0.0010590439999999999,
                                                                            "children": []
                                                                          }
                                                                        ]
                                                                      }
                                                                    ]
                                                                  }
                                                                ]
                                                              }
                                                            ]
                                                          }
                                                        ]
                                                      }
                                                    ]
                                                  }
                                                ]
                                              }
                                            ]
                                          }
                                        ]
                                      }
                                    ]
                                  }
                                ]
                              }
                            ]
                          }
                        ]
                      }
                    ]
                  }
                ]
              }
            ]
          }
        ]
      }
    ]
  },
  "actual_rows": 0,
  "provenance": {
    "database": "/mnt/d/TPC-DS/tpcds_sf10.duckdb",
    "scale_factor": 10,
    "engine": "duckdb",
    "engine_version": "1.4.3",
    "cached_at": "2026-02-08T10:21:08.198401"
  }
}