{
  "execution_time_ms": 365.0,
  "plan_text": "\u250c\u2500\u2500\u2500\u2500\u2500\u2500\u2500\u2500\u2500\u2500\u2500\u2500\u2500\u2500\u2500\u2500\u2500\u2500\u2500\u2500\u2500\u2500\u2500\u2500\u2500\u2500\u2500\u2500\u2500\u2500\u2500\u2500\u2500\u2500\u2500\u2500\u2500\u2510\n\u2502\u250c\u2500\u2500\u2500\u2500\u2500\u2500\u2500\u2500\u2500\u2500\u2500\u2500\u2500\u2500\u2500\u2500\u2500\u2500\u2500\u2500\u2500\u2500\u2500\u2500\u2500\u2500\u2500\u2500\u2500\u2500\u2500\u2500\u2500\u2500\u2500\u2510\u2502\n\u2502\u2502    Query Profiling Information    \u2502\u2502\n\u2502\u2514\u2500\u2500\u2500\u2500\u2500\u2500\u2500\u2500\u2500\u2500\u2500\u2500\u2500\u2500\u2500\u2500\u2500\u2500\u2500\u2500\u2500\u2500\u2500\u2500\u2500\u2500\u2500\u2500\u2500\u2500\u2500\u2500\u2500\u2500\u2500\u2518\u2502\n\u2514\u2500\u2500\u2500\u2500\u2500\u2500\u2500\u2500\u2500\u2500\u2500\u2500\u2500\u2500\u2500\u2500\u2500\u2500\u2500\u2500\u2500\u2500\u2500\u2500\u2500\u2500\u2500\u2500\u2500\u2500\u2500\u2500\u2500\u2500\u2500\u2500\u2500\u2518\nEXPLAIN ANALYZE -- start query 88 in stream 0 using template query88.tpl select  * from  (select count(*) h8_30_to_9  from store_sales, household_demographics , time_dim, store  where ss_sold_time_sk = time_dim.t_time_sk         and ss_hdemo_sk = household_demographics.hd_demo_sk       and ss_store_sk = s_store_sk      and time_dim.t_hour = 8      and time_dim.t_minute >= 30      and ((household_demographics.hd_dep_count = -1 and household_demographics.hd_vehicle_count<=-1+2) or           (household_demographics.hd_dep_count = 4 and household_demographics.hd_vehicle_count<=4+2) or           (household_demographics.hd_dep_count = 3 and household_demographics.hd_vehicle_count<=3+2))       and store.s_store_name = 'ese') s1,  (select count(*) h9_to_9_30   from store_sales, household_demographics , time_dim, store  where ss_sold_time_sk = time_dim.t_time_sk      and ss_hdemo_sk = household_demographics.hd_demo_sk      and ss_store_sk = s_store_sk       and time_dim.t_hour = 9       and time_dim.t_minute < 30      and ((household_demographics.hd_dep_count = -1 and household_demographics.hd_vehicle_count<=-1+2) or           (household_demographics.hd_dep_count = 4 and household_demographics.hd_vehicle_count<=4+2) or           (household_demographics.hd_dep_count = 3 and household_demographics.hd_vehicle_count<=3+2))      and store.s_store_name = 'ese') s2,  (select count(*) h9_30_to_10   from store_sales, household_demographics , time_dim, store  where ss_sold_time_sk = time_dim.t_time_sk      and ss_hdemo_sk = household_demographics.hd_demo_sk      and ss_store_sk = s_store_sk      and time_dim.t_hour = 9      and time_dim.t_minute >= 30      and ((household_demographics.hd_dep_count = -1 and household_demographics.hd_vehicle_count<=-1+2) or           (household_demographics.hd_dep_count = 4 and household_demographics.hd_vehicle_count<=4+2) or           (household_demographics.hd_dep_count = 3 and household_demographics.hd_vehicle_count<=3+2))      and store.s_store_name = 'ese') s3,  (select count(*) h10_to_10_30  from store_sales, household_demographics , time_dim, store  where ss_sold_time_sk = time_dim.t_time_sk      and ss_hdemo_sk = household_demographics.hd_demo_sk      and ss_store_sk = s_store_sk      and time_dim.t_hour = 10       and time_dim.t_minute < 30      and ((household_demographics.hd_dep_count = -1 and household_demographics.hd_vehicle_count<=-1+2) or           (household_demographics.hd_dep_count = 4 and household_demographics.hd_vehicle_count<=4+2) or           (household_demographics.hd_dep_count = 3 and household_demographics.hd_vehicle_count<=3+2))      and store.s_store_name = 'ese') s4,  (select count(*) h10_30_to_11  from store_sales, household_demographics , time_dim, store  where ss_sold_time_sk = time_dim.t_time_sk      and ss_hdemo_sk = household_demographics.hd_demo_sk      and ss_store_sk = s_store_sk      and time_dim.t_hour = 10       and time_dim.t_minute >= 30      and ((household_demographics.hd_dep_count = -1 and household_demographics.hd_vehicle_count<=-1+2) or           (household_demographics.hd_dep_count = 4 and household_demographics.hd_vehicle_count<=4+2) or           (household_demographics.hd_dep_count = 3 and household_demographics.hd_vehicle_count<=3+2))      and store.s_store_name = 'ese') s5,  (select count(*) h11_to_11_30  from store_sales, household_demographics , time_dim, store  where ss_sold_time_sk = time_dim.t_time_sk      and ss_hdemo_sk = household_demographics.hd_demo_sk      and ss_store_sk = s_store_sk       and time_dim.t_hour = 11      and time_dim.t_minute < 30      and ((household_demographics.hd_dep_count = -1 and household_demographics.hd_vehicle_count<=-1+2) or           (household_demographics.hd_dep_count = 4 and household_demographics.hd_vehicle_count<=4+2) or           (household_demographics.hd_dep_count = 3 and household_demographics.hd_vehicle_count<=3+2))      and store.s_store_name = 'ese') s6,  (select count(*) h11_30_to_12  from store_sales, household_demographics , time_dim, store  where ss_sold_time_sk = time_dim.t_time_sk      and ss_hdemo_sk = household_demographics.hd_demo_sk      and ss_store_sk = s_store_sk      and time_dim.t_hour = 11      and time_dim.t_minute >= 30      and ((household_demographics.hd_dep_count = -1 and household_demographics.hd_vehicle_count<=-1+2) or           (household_demographics.hd_dep_count = 4 and household_demographics.hd_vehicle_count<=4+2) or           (household_demographics.hd_dep_count = 3 and household_demographics.hd_vehicle_count<=3+2))      and store.s_store_name = 'ese') s7,  (select count(*) h12_to_12_30  from store_sales, household_demographics , time_dim, store  where ss_sold_time_sk = time_dim.t_time_sk      and ss_hdemo_sk = household_demographics.hd_demo_sk      and ss_store_sk = s_store_sk      and time_dim.t_hour = 12      and time_dim.t_minute < 30      and ((household_demographics.hd_dep_count = -1 and household_demographics.hd_vehicle_count<=-1+2) or           (household_demographics.hd_dep_count = 4 and household_demographics.hd_vehicle_count<=4+2) or           (household_demographics.hd_dep_count = 3 and household_demographics.hd_vehicle_count<=3+2))      and store.s_store_name = 'ese') s8 ;  -- end query 88 in stream 0 using template query88.tpl\n\u250c\u2500\u2500\u2500\u2500\u2500\u2500\u2500\u2500\u2500\u2500\u2500\u2500\u2500\u2500\u2500\u2500\u2500\u2500\u2500\u2500\u2500\u2500\u2500\u2500\u2500\u2500\u2500\u2500\u2500\u2500\u2500\u2500\u2500\u2500\u2500\u2500\u2500\u2500\u2500\u2500\u2500\u2500\u2500\u2500\u2500\u2500\u2500\u2500\u2510\n\u2502\u250c\u2500\u2500\u2500\u2500\u2500\u2500\u2500\u2500\u2500\u2500\u2500\u2500\u2500\u2500\u2500\u2500\u2500\u2500\u2500\u2500\u2500\u2500\u2500\u2500\u2500\u2500\u2500\u2500\u2500\u2500\u2500\u2500\u2500\u2500\u2500\u2500\u2500\u2500\u2500\u2500\u2500\u2500\u2500\u2500\u2500\u2500\u2510\u2502\n\u2502\u2502              Total Time: 0.365s              \u2502\u2502\n\u2502\u2514\u2500\u2500\u2500\u2500\u2500\u2500\u2500\u2500\u2500\u2500\u2500\u2500\u2500\u2500\u2500\u2500\u2500\u2500\u2500\u2500\u2500\u2500\u2500\u2500\u2500\u2500\u2500\u2500\u2500\u2500\u2500\u2500\u2500\u2500\u2500\u2500\u2500\u2500\u2500\u2500\u2500\u2500\u2500\u2500\u2500\u2500\u2518\u2502\n\u2514\u2500\u2500\u2500\u2500\u2500\u2500\u2500\u2500\u2500\u2500\u2500\u2500\u2500\u2500\u2500\u2500\u2500\u2500\u2500\u2500\u2500\u2500\u2500\u2500\u2500\u2500\u2500\u2500\u2500\u2500\u2500\u2500\u2500\u2500\u2500\u2500\u2500\u2500\u2500\u2500\u2500\u2500\u2500\u2500\u2500\u2500\u2500\u2500\u2518\n\u250c\u2500\u2500\u2500\u2500\u2500\u2500\u2500\u2500\u2500\u2500\u2500\u2500\u2500\u2510\n\u2502    QUERY    \u2502\n\u2514\u2500\u2500\u2500\u2500\u2500\u2500\u252c\u2500\u2500\u2500\u2500\u2500\u2500\u2518\n\u250c\u2500\u2500\u2500\u2500\u2500\u2500\u2534\u2500\u2500\u2500\u2500\u2500\u2500\u2510\n\u2502EXPLAIN_...  \u2502\n\u2502    \u2500\u2500\u2500\u2500\u2500\u2500   \u2502\n\u2502    0 rows   \u2502\n\u2502   (0.00s)   \u2502\n\u2514\u2500\u2500\u2500\u2500\u2500\u2500\u252c\u2500\u2500\u2500\u2500\u2500\u2500\u2518\n\u250c\u2500\u2500\u2500\u2500\u2500\u2500\u2534\u2500\u2500\u2500\u2500\u2500\u2500\u2510\n\u2502  PROJECTION \u2502\n\u2502    \u2500\u2500\u2500\u2500\u2500\u2500   \u2502\n\u2502  h8_30_to_9 \u2502\n\u2502  h9_to_9_30 \u2502\n\u2502 h9_30_to_10 \u2502\n\u2502 h10_to_10_30\u2502\n\u2502 h10_30_to_11\u2502\n\u2502 h11_to_11_30\u2502\n\u2502 h11_30_to_12\u2502\n\u2502 h12_to_12_30\u2502\n\u2502             \u2502\n\u2502    1 row    \u2502\n\u2502   (0.00s)   \u2502\n\u2514\u2500\u2500\u2500\u2500\u2500\u2500\u252c\u2500\u2500\u2500\u2500\u2500\u2500\u2518\n\u250c\u2500\u2500\u2500\u2500\u2500\u2500\u2534\u2500\u2500\u2500\u2500\u2500\u2500\u2510\n\u2502CROSS_PRODUCT\u2502\n\u2502    \u2500\u2500\u2500\u2500\u2500\u2500   \u2502\n\u2502    1 row    \u251c\u2500\u2500\u2500\u2500\u2500\u2500\u2500\u2500\u2500\u2500\u2500\u2500\u2500\u2500\u2500\u2500\u2500\u2500\u2500\u2500\u2500\u2500\u2500\u2500\u2500\u2500\u2500\u2500\u2500\u2500\u2500\u2500\u2500\u2500\u2500\u2500\u2500\u2500\u2500\u2500\u2500\u2500\u2500\u2500\u2500\u2500\u2500\u2500\u2500\u2500\u2500\u2500\u2500\u2500\u2500\u2500\u2500\u2500\u2500\u2500\u2500\u2500\u2500\u2500\u2500\u2500\u2500\u2500\u2500\u2500\u2500\u2500\u2500\u2500\u2500\u2500\u2500\u2500\u2500\u2500\u2500\u2500\u2500\u2500\u2500\u2500\u2500\u2500\u2500\u2500\u2500\u2500\u2500\u2500\u2500\u2500\u2500\u2500\u2500\u2500\u2500\u2500\u2500\u2500\u2500\u2500\u2500\u2500\u2500\u2500\u2500\u2500\u2500\u2500\u2500\u2500\u2500\u2500\u2500\u2500\u2500\u2500\u2500\u2500\u2500\u2500\u2500\u2500\u2500\u2500\u2500\u2500\u2500\u2500\u2500\u2500\u2500\u2500\u2500\u2500\u2500\u2500\u2500\u2500\u2500\u2500\u2500\u2500\u2500\u2500\u2500\u2500\u2500\u2500\u2500\u2500\u2500\u2500\u2500\u2500\u2500\u2500\u2500\u2500\u2500\u2500\u2500\u2500\u2500\u2500\u2500\u2500\u2500\u2500\u2500\u2500\u2500\u2500\u2500\u2500\u2500\u2500\u2500\u2500\u2500\u2500\u2500\u2500\u2500\u2500\u2500\u2500\u2500\u2500\u2500\u2500\u2500\u2500\u2500\u2500\u2500\u2500\u2500\u2500\u2500\u2500\u2500\u2500\u2500\u2500\u2500\u2500\u2500\u2500\u2500\u2500\u2500\u2500\u2500\u2500\u2500\u2500\u2500\u2500\u2500\n\u2502   (0.00s)   \u2502                                                                                                                                                                                                                                 \n\u2514\u2500\u2500\u2500\u2500\u2500\u2500\u252c\u2500\u2500\u2500\u2500\u2500\u2500\u2518                                                                                                                                                                                                                                 \n\u250c\u2500\u2500\u2500\u2500\u2500\u2500\u2534\u2500\u2500\u2500\u2500\u2500\u2500\u2510                                                                                                                                                                                                                                 \n\u2502CROSS_PRODUCT\u2502                                                                                                                                                                                                                                 \n\u2502    \u2500\u2500\u2500\u2500\u2500\u2500   \u2502                                                                                                                                                                                                                                 \n\u2502             \u2502                                                                                                                                                                                                                                 \n\u2502             \u251c\u2500\u2500\u2500\u2500\u2500\u2500\u2500\u2500\u2500\u2500\u2500\u2500\u2500\u2500\u2500\u2500\u2500\u2500\u2500\u2500\u2500\u2500\u2500\u2500\u2500\u2500\u2500\u2500\u2500\u2500\u2500\u2500\u2500\u2500\u2500\u2500\u2500\u2500\u2500\u2500\u2500\u2500\u2500\u2500\u2500\u2500\u2500\u2500\u2500\u2500\u2500\u2500\u2500\u2500\u2500\u2500\u2500\u2500\u2500\u2500\u2500\u2500\u2500\u2500\u2500\u2500\u2500\u2500\u2500\u2500\u2500\u2500\u2500\u2500\u2500\u2500\u2500\u2500\u2500\u2500\u2500\u2500\u2500\u2500\u2500\u2500\u2500\u2500\u2500\u2500\u2500\u2500\u2500\u2500\u2500\u2500\u2500\u2500\u2500\u2500\u2500\u2500\u2500\u2500\u2500\u2500\u2500\u2500\u2500\u2500\u2500\u2500\u2500\u2500\u2500\u2500\u2500\u2500\u2500\u2500\u2500\u2500\u2500\u2500\u2500\u2500\u2500\u2500\u2500\u2500\u2500\u2500\u2500\u2500\u2500\u2500\u2500\u2500\u2500\u2500\u2500\u2500\u2500\u2500\u2500\u2500\u2500\u2500\u2500\u2500\u2500\u2500\u2500\u2500\u2500\u2500\u2500\u2500\u2500\u2500\u2500\u2500\u2500\u2500\u2500\u2500\u2500\u2500\u2500\u2500\u2500\u2500\u2500\u2500\u2500\u2500\u2500\u2500\u2500\u2500\u2500\u2500\u2500\u2500\u2500\u2500\u2500\u2500\u2500\u2500\u2500\u2500\u2500\u2500\u2500\u2500\u2500\u2500\u2500\u2500\u2500\u2500\u2500\u2500\u2500\u2500\u2500\u2500\u2500\u2500\u2500\u2500\u2500\u2500\u2500\u2500\u2500\u2500\u2500\u2500\u2500\u2500\u2500\u2500\u2500\n\u2502             \u2502                                                                                                                                                                                                                                 \n\u2502    1 row    \u2502                                                                                                                                                                                                                                 \n\u2502   (0.00s)   \u2502                                                                                                                                                                                                                                 \n\u2514\u2500\u2500\u2500\u2500\u2500\u2500\u252c\u2500\u2500\u2500\u2500\u2500\u2500\u2518                                                                                                                                                                                                                                 \n\u250c\u2500\u2500\u2500\u2500\u2500\u2500\u2534\u2500\u2500\u2500\u2500\u2500\u2500\u2510                                                                                                                                                                                                                                 \n\u2502CROSS_PRODUCT\u2502                                                                                                                                                                                                                                 \n\u2502    \u2500\u2500\u2500\u2500\u2500\u2500   \u2502                                                                                                                                                                                                                                 \n\u2502             \u2502                                                                                                                                                                                                                                 \n\u2502             \u2502                                                                                                                                                                                                                                 \n\u2502             \u2502                                                                                                                                                                                                                                 \n\u2502             \u251c\u2500\u2500\u2500\u2500\u2500\u2500\u2500\u2500\u2500\u2500\u2500\u2500\u2500\u2500\u2500\u2500\u2500\u2500\u2500\u2500\u2500\u2500\u2500\u2500\u2500\u2500\u2500\u2500\u2500\u2500\u2500\u2500\u2500\u2500\u2500\u2500\u2500\u2500\u2500\u2500\u2500\u2500\u2500\u2500\u2500\u2500\u2500\u2500\u2500\u2500\u2500\u2500\u2500\u2500\u2500\u2500\u2500\u2500\u2500\u2500\u2500\u2500\u2500\u2500\u2500\u2500\u2500\u2500\u2500\u2500\u2500\u2500\u2500\u2500\u2500\u2500\u2500\u2500\u2500\u2500\u2500\u2500\u2500\u2500\u2500\u2500\u2500\u2500\u2500\u2500\u2500\u2500\u2500\u2500\u2500\u2500\u2500\u2500\u2500\u2500\u2500\u2500\u2500\u2500\u2500\u2500\u2500\u2500\u2500\u2500\u2500\u2500\u2500\u2500\u2500\u2500\u2500\u2500\u2500\u2500\u2500\u2500\u2500\u2500\u2500\u2500\u2500\u2500\u2500\u2500\u2500\u2500\u2500\u2500\u2500\u2500\u2500\u2500\u2500\u2500\u2500\u2500\u2500\u2500\u2500\u2500\u2500\u2500\u2500\u2500\u2500\u2500\u2500\u2500\u2500\u2500\u2500\u2500\u2500\u2500\u2500\u2500\u2500\u2500\u2500\u2500\u2500\u2500\u2500\u2500\u2500\u2500\u2500\u2500\u2500\u2500\u2500\u2500\u2500\u2500\u2500\u2500\u2500\u2500\u2500\u2500\u2500\u2500\u2500\u2500\u2500\u2500\u2500\u2500\u2500\u2500\u2500\u2500\u2500\u2500\u2500\u2500\u2500\u2500\u2500\u2500\u2500\u2500\u2500\u2500\u2500\u2500\u2500\u2500\u2500\u2500\u2500\u2500\u2500\u2500\u2500\u2500\u2500\u2500\u2500\n\u2502             \u2502                                                                                                                                                                                                                                 \n\u2502             \u2502                                                                                                                                                                                                                                 \n\u2502             \u2502                                                                                                                                                                                                                                 \n\u2502    1 row    \u2502                                                                                                                                                                                                                                 \n\u2502   (0.00s)   \u2502                                                                                                                                                                                                                                 \n\u2514\u2500\u2500\u2500\u2500\u2500\u2500\u252c\u2500\u2500\u2500\u2500\u2500\u2500\u2518                                                                                                                                                                                                                                 \n\u250c\u2500\u2500\u2500\u2500\u2500\u2500\u2534\u2500\u2500\u2500\u2500\u2500\u2500\u2510                                                                                                                                                                                                                                 \n\u2502CROSS_PRODUCT\u2502                                                                                                                                                                                                                                 \n\u2502    \u2500\u2500\u2500\u2500\u2500\u2500   \u2502                                                                                                                                                                                                                                 \n\u2502             \u2502                                                                                                                                                                                                                                 \n\u2502             \u2502                                                                                                                                                                                                                                 \n\u2502             \u2502                                                                                                                                                                                                                                 \n\u2502             \u251c\u2500\u2500\u2500\u2500\u2500\u2500\u2500\u2500\u2500\u2500\u2500\u2500\u2500\u2500\u2500\u2500\u2500\u2500\u2500\u2500\u2500\u2500\u2500\u2500\u2500\u2500\u2500\u2500\u2500\u2500\u2500\u2500\u2500\u2500\u2500\u2500\u2500\u2500\u2500\u2500\u2500\u2500\u2500\u2500\u2500\u2500\u2500\u2500\u2500\u2500\u2500\u2500\u2500\u2500\u2500\u2500\u2500\u2500\u2500\u2500\u2500\u2500\u2500\u2500\u2500\u2500\u2500\u2500\u2500\u2500\u2500\u2500\u2500\u2500\u2500\u2500\u2500\u2500\u2500\u2500\u2500\u2500\u2500\u2500\u2500\u2500\u2500\u2500\u2500\u2500\u2500\u2500\u2500\u2500\u2500\u2500\u2500\u2500\u2500\u2500\u2500\u2500\u2500\u2500\u2500\u2500\u2500\u2500\u2500\u2500\u2500\u2500\u2500\u2500\u2500\u2500\u2500\u2500\u2500\u2500\u2500\u2500\u2500\u2500\u2500\u2500\u2500\u2500\u2500\u2500\u2500\u2500\u2500\u2500\u2500\u2500\u2500\u2500\u2500\u2500\u2500\u2500\u2500\u2500\u2500\u2500\u2500\u2500\u2500\u2500\u2500\u2500\u2500\u2500\u2500\u2500\u2500\u2500\u2500\u2500\u2500\u2500\u2500\u2500\u2500\u2500\u2500\u2500\u2500\u2500\u2500\u2500\u2500\u2500\u2500\u2500\u2500\u2500\u2500\u2500\u2500\u2500\u2500\u2500\u2500\u2500\u2500\u2500\u2500\u2500\u2500\u2500\u2500\u2500\u2500\u2500\u2500\u2500\u2500\u2500\u2500\u2500\u2500\u2500\u2500\u2500\u2500\u2500\u2500\u2500\u2500\u2500\u2500\u2500\u2500\u2500\u2500\u2500\u2500\u2500\u2500\u2500\u2500\u2500\u2500\n\u2502             \u2502                                                                                                                                                                                                                                 \n\u2502             \u2502                                                                                                                                                                                                                                 \n\u2502             \u2502                                                                                                                                                                                                                                 \n\u2502    1 row    \u2502                                                                                                                                                                                                                                 \n\u2502   (0.00s)   \u2502                                                                                                                                                                                                                                 \n\u2514\u2500\u2500\u2500\u2500\u2500\u2500\u252c\u2500\u2500\u2500\u2500\u2500\u2500\u2518                                                                                                                                                                                                                                 \n\u250c\u2500\u2500\u2500\u2500\u2500\u2500\u2534\u2500\u2500\u2500\u2500\u2500\u2500\u2510                                                                                                                                                                                                                                 \n\u2502CROSS_PRODUCT\u2502                                                                                                                                                                                                                                 \n\u2502    \u2500\u2500\u2500\u2500\u2500\u2500   \u2502                                                                                                                                                                                                                                 \n\u2502             \u2502                                                                                                                                                                                                                                 \n\u2502             \u2502                                                                                                                                                                                                                                 \n\u2502             \u2502                                                                                                                                                                                                                                 \n\u2502             \u2502                                                                                                                                                                                                                                 \n\u2502             \u251c\u2500\u2500\u2500\u2500\u2500\u2500\u2500\u2500\u2500\u2500\u2500\u2500\u2500\u2500\u2500\u2500\u2500\u2500\u2500\u2500\u2500\u2500\u2500\u2500\u2500\u2500\u2500\u2500\u2500\u2500\u2500\u2500\u2500\u2500\u2500\u2500\u2500\u2500\u2500\u2500\u2500\u2500\u2500\u2500\u2500\u2500\u2500\u2500\u2500\u2500\u2500\u2500\u2500\u2500\u2500\u2500\u2500\u2500\u2500\u2500\u2500\u2500\u2500\u2500\u2500\u2500\u2500\u2500\u2500\u2500\u2500\u2500\u2500\u2500\u2500\u2500\u2500\u2500\u2500\u2500\u2500\u2500\u2500\u2500\u2500\u2500\u2500\u2500\u2500\u2500\u2500\u2500\u2500\u2500\u2500\u2500\u2500\u2500\u2500\u2500\u2500\u2500\u2500\u2500\u2500\u2500\u2500\u2500\u2500\u2500\u2500\u2500\u2500\u2500\u2500\u2500\u2500\u2500\u2500\u2500\u2500\u2500\u2500\u2500\u2500\u2500\u2500\u2500\u2500\u2500\u2500\u2500\u2500\u2500\u2500\u2500\u2500\u2500\u2500\u2500\u2500\u2500\u2500\u2500\u2500\u2500\u2500\u2500\u2500\u2500\u2500\u2500\u2500\u2500\u2500\u2500\u2500\u2500\u2500\u2500\u2500\u2500\u2500\u2500\u2500\u2500\u2500\u2500\u2500\u2500\u2500\u2500\u2510                                                    \n\u2502             \u2502                                                                                                                                                                            \u2502                                                    \n\u2502             \u2502                                                                                                                                                                            \u2502                                                    \n\u2502             \u2502                                                                                                                                                                            \u2502                                                    \n\u2502    1 row    \u2502                                                                                                                                                                            \u2502                                                    \n\u2502   (0.00s)   \u2502                                                                                                                                                                            \u2502                                                    \n\u2514\u2500\u2500\u2500\u2500\u2500\u2500\u252c\u2500\u2500\u2500\u2500\u2500\u2500\u2518                                                                                                                                                                            \u2502                                                    \n\u250c\u2500\u2500\u2500\u2500\u2500\u2500\u2534\u2500\u2500\u2500\u2500\u2500\u2500\u2510                                                                                                                                                                     \u250c\u2500\u2500\u2500\u2500\u2500\u2500\u2534\u2500\u2500\u2500\u2500\u2500\u2500\u2510                                             \n\u2502CROSS_PRODUCT\u2502                                                                                                                                                                     \u2502UNGROUPE...  \u2502                                             \n\u2502    \u2500\u2500\u2500\u2500\u2500\u2500   \u2502                                                                                                                                                                     \u2502    \u2500\u2500\u2500\u2500\u2500\u2500   \u2502                                             \n\u2502             \u2502                                                                                                                                                                     \u2502 Aggregates: \u2502                                             \n\u2502             \u2502                                                                                                                                                                     \u2502 count_star()\u2502                                             \n\u2502             \u2502                                                                                                                                                                     \u2502             \u2502                                             \n\u2502             \u2502                                                                                                                                                                     \u2502             \u2502                                             \n\u2502             \u2502                                                                                                                                                                     \u2502             \u2502                                             \n\u2502             \u2502                                                                                                                                                                     \u2502             \u2502                                             \n\u2502             \u2502                                                                                                                                                                     \u2502             \u2502                                             \n\u2502             \u251c\u2500\u2500\u2500\u2500\u2500\u2500\u2500\u2500\u2500\u2500\u2500\u2500\u2500\u2500\u2500\u2500\u2500\u2500\u2500\u2500\u2500\u2500\u2500\u2500\u2500\u2500\u2500\u2500\u2500\u2500\u2500\u2500\u2500\u2500\u2500\u2500\u2500\u2500\u2500\u2500\u2500\u2500\u2500\u2500\u2500\u2500\u2500\u2500\u2500\u2500\u2500\u2500\u2500\u2500\u2500\u2500\u2500\u2500\u2500\u2500\u2500\u2500\u2500\u2500\u2500\u2500\u2500\u2500\u2500\u2500\u2500\u2500\u2500\u2500\u2500\u2500\u2500\u2500\u2500\u2500\u2500\u2500\u2500\u2500\u2500\u2500\u2500\u2500\u2500\u2500\u2500\u2500\u2500\u2500\u2500\u2500\u2500\u2500\u2500\u2500\u2500\u2500\u2500\u2500\u2500\u2500\u2500\u2500\u2500\u2500\u2500\u2500\u2510                                                    \u2502             \u2502                                             \n\u2502             \u2502                                                                                                                \u2502                                                    \u2502             \u2502                                             \n\u2502             \u2502                                                                                                                \u2502                                                    \u2502             \u2502                                             \n\u2502             \u2502                                                                                                                \u2502                                                    \u2502             \u2502                                             \n\u2502             \u2502                                                                                                                \u2502                                                    \u2502             \u2502                                             \n\u2502             \u2502                                                                                                                \u2502                                                    \u2502             \u2502                                             \n\u2502             \u2502                                                                                                                \u2502                                                    \u2502             \u2502                                             \n\u2502    1 row    \u2502                                                                                                                \u2502                                                    \u2502    1 row    \u2502                                             \n\u2502   (0.00s)   \u2502                                                                                                                \u2502                                                    \u2502   (0.00s)   \u2502                                             \n\u2514\u2500\u2500\u2500\u2500\u2500\u2500\u252c\u2500\u2500\u2500\u2500\u2500\u2500\u2518                                                                                                                \u2502                                                    \u2514\u2500\u2500\u2500\u2500\u2500\u2500\u252c\u2500\u2500\u2500\u2500\u2500\u2500\u2518                                             \n\u250c\u2500\u2500\u2500\u2500\u2500\u2500\u2534\u2500\u2500\u2500\u2500\u2500\u2500\u2510                                                                                                         \u250c\u2500\u2500\u2500\u2500\u2500\u2500\u2534\u2500\u2500\u2500\u2500\u2500\u2500\u2510                                             \u250c\u2500\u2500\u2500\u2500\u2500\u2500\u2534\u2500\u2500\u2500\u2500\u2500\u2500\u2510                                             \n\u2502CROSS_PRODUCT\u2502                                                                                                         \u2502UNGROUPE...  \u2502                                             \u2502  HASH_JOIN  \u2502                                             \n\u2502    \u2500\u2500\u2500\u2500\u2500\u2500   \u2502                                                                                                         \u2502    \u2500\u2500\u2500\u2500\u2500\u2500   \u2502                                             \u2502    \u2500\u2500\u2500\u2500\u2500\u2500   \u2502                                             \n\u2502             \u2502                                                                                                         \u2502 Aggregates: \u2502                                             \u2502  Join Type: \u2502                                             \n\u2502             \u2502                                                                                                         \u2502 count_star()\u2502                                             \u2502    INNER    \u2502                                             \n\u2502             \u2502                                                                                                         \u2502             \u2502                                             \u2502             \u2502                                             \n\u2502             \u2502                                                                                                         \u2502             \u2502                                             \u2502 Conditions: \u2502                                             \n\u2502             \u2502                                                                                                         \u2502             \u2502                                             \u2502 ss_hdemo_sk \u2502                                             \n\u2502             \u2502                                                                                                         \u2502             \u2502                                             \u2502 = hd_demo_sk\u2502                                             \n\u2502             \u2502                                                                                                         \u2502             \u2502                                             \u2502             \u2502                                             \n\u2502             \u251c\u2500\u2500\u2500\u2500\u2500\u2500\u2500\u2500\u2500\u2500\u2500\u2500\u2500\u2500\u2500\u2500\u2500\u2500\u2500\u2500\u2500\u2500\u2500\u2500\u2500\u2500\u2500\u2500\u2500\u2500\u2500\u2500\u2500\u2500\u2500\u2500\u2500\u2500\u2500\u2500\u2500\u2500\u2500\u2500\u2500\u2500\u2500\u2500\u2500\u2500\u2500\u2500\u2510                                                    \u2502             \u2502                                             \u2502             \u251c\u2500\u2500\u2500\u2500\u2500\u2500\u2500\u2500\u2500\u2500\u2500\u2500\u2500\u2500\u2500\u2500\u2500\u2500\u2500\u2500\u2500\u2500\u2500\u2500\u2500\u2500\u2500\u2500\u2500\u2500\u2500\u2500\u2500\u2500\u2500\u2500\u2500\u2510       \n\u2502             \u2502                                                    \u2502                                                    \u2502             \u2502                                             \u2502             \u2502                                     \u2502       \n\u2502             \u2502                                                    \u2502                                                    \u2502             \u2502                                             \u2502             \u2502                                     \u2502       \n\u2502             \u2502                                                    \u2502                                                    \u2502             \u2502                                             \u2502             \u2502                                     \u2502       \n\u2502             \u2502                                                    \u2502                                                    \u2502             \u2502                                             \u2502             \u2502                                     \u2502       \n\u2502             \u2502                                                    \u2502                                                    \u2502             \u2502                                             \u2502             \u2502                                     \u2502       \n\u2502             \u2502                                                    \u2502                                                    \u2502             \u2502                                             \u2502             \u2502                                     \u2502       \n\u2502    1 row    \u2502                                                    \u2502                                                    \u2502    1 row    \u2502                                             \u2502 45,162 rows \u2502                                     \u2502       \n\u2502   (0.00s)   \u2502                                                    \u2502                                                    \u2502   (0.00s)   \u2502                                             \u2502   (0.00s)   \u2502                                     \u2502       \n\u2514\u2500\u2500\u2500\u2500\u2500\u2500\u252c\u2500\u2500\u2500\u2500\u2500\u2500\u2518                                                    \u2502                                                    \u2514\u2500\u2500\u2500\u2500\u2500\u2500\u252c\u2500\u2500\u2500\u2500\u2500\u2500\u2518                                             \u2514\u2500\u2500\u2500\u2500\u2500\u2500\u252c\u2500\u2500\u2500\u2500\u2500\u2500\u2518                                     \u2502       \n\u250c\u2500\u2500\u2500\u2500\u2500\u2500\u2534\u2500\u2500\u2500\u2500\u2500\u2500\u2510                                             \u250c\u2500\u2500\u2500\u2500\u2500\u2500\u2534\u2500\u2500\u2500\u2500\u2500\u2500\u2510                                             \u250c\u2500\u2500\u2500\u2500\u2500\u2500\u2534\u2500\u2500\u2500\u2500\u2500\u2500\u2510                                             \u250c\u2500\u2500\u2500\u2500\u2500\u2500\u2534\u2500\u2500\u2500\u2500\u2500\u2500\u2510                              \u250c\u2500\u2500\u2500\u2500\u2500\u2500\u2534\u2500\u2500\u2500\u2500\u2500\u2500\u2510\n\u2502UNGROUPE...  \u2502                                             \u2502UNGROUPE...  \u2502                                             \u2502  HASH_JOIN  \u2502                                             \u2502  HASH_JOIN  \u2502                              \u2502  PROJECTION \u2502\n\u2502    \u2500\u2500\u2500\u2500\u2500\u2500   \u2502                                             \u2502    \u2500\u2500\u2500\u2500\u2500\u2500   \u2502                                             \u2502    \u2500\u2500\u2500\u2500\u2500\u2500   \u2502                                             \u2502    \u2500\u2500\u2500\u2500\u2500\u2500   \u2502                              \u2502    \u2500\u2500\u2500\u2500\u2500\u2500   \u2502\n\u2502 Aggregates: \u2502                                             \u2502 Aggregates: \u2502                                             \u2502  Join Type: \u2502                                             \u2502  Join Type: \u2502                              \u2502      #0     \u2502\n\u2502 count_star()\u2502                                             \u2502 count_star()\u2502                                             \u2502    INNER    \u2502                                             \u2502    INNER    \u2502                              \u2502             \u2502\n\u2502             \u2502                                             \u2502             \u2502                                             \u2502             \u2502                                             \u2502             \u2502                              \u2502             \u2502\n\u2502             \u2502                                             \u2502             \u2502                                             \u2502 Conditions: \u2502                                             \u2502 Conditions: \u2502                              \u2502             \u2502\n\u2502             \u2502                                             \u2502             \u2502                                             \u2502 ss_hdemo_sk \u2502                                             \u2502 ss_store_sk \u2502                              \u2502             \u2502\n\u2502             \u2502                                             \u2502             \u2502                                             \u2502 = hd_demo_sk\u2502                                             \u2502 = s_store_sk\u2502                              \u2502             \u2502\n\u2502             \u2502                                             \u2502             \u2502                                             \u2502             \u2502                                             \u2502             \u2502                              \u2502             \u2502\n\u2502             \u2502                                             \u2502             \u2502                                             \u2502             \u251c\u2500\u2500\u2500\u2500\u2500\u2500\u2500\u2500\u2500\u2500\u2500\u2500\u2500\u2500\u2500\u2500\u2500\u2500\u2500\u2500\u2500\u2500\u2500\u2500\u2500\u2500\u2500\u2500\u2500\u2500\u2500\u2500\u2500\u2500\u2500\u2500\u2500\u2510       \u2502             \u251c\u2500\u2500\u2500\u2500\u2500\u2500\u2500\u2500\u2500\u2500\u2500\u2500\u2500\u2500\u2500\u2500\u2500\u2500\u2500\u2500\u2500\u2500\u2510       \u2502             \u2502\n\u2502             \u2502                                             \u2502             \u2502                                             \u2502             \u2502                                     \u2502       \u2502             \u2502                      \u2502       \u2502             \u2502\n\u2502             \u2502                                             \u2502             \u2502                                             \u2502             \u2502                                     \u2502       \u2502             \u2502                      \u2502       \u2502             \u2502\n\u2502             \u2502                                             \u2502             \u2502                                             \u2502             \u2502                                     \u2502       \u2502             \u2502                      \u2502       \u2502             \u2502\n\u2502             \u2502                                             \u2502             \u2502                                             \u2502             \u2502                                     \u2502       \u2502             \u2502                      \u2502       \u2502             \u2502\n\u2502             \u2502                                             \u2502             \u2502                                             \u2502             \u2502                                     \u2502       \u2502             \u2502                      \u2502       \u2502             \u2502\n\u2502             \u2502                                             \u2502             \u2502                                             \u2502             \u2502                                     \u2502       \u2502             \u2502                      \u2502       \u2502             \u2502\n\u2502    1 row    \u2502                                             \u2502    1 row    \u2502                                             \u2502 26,255 rows \u2502                                     \u2502       \u2502 191,957 rows\u2502                      \u2502       \u2502  1,440 rows \u2502\n\u2502   (0.00s)   \u2502                                             \u2502   (0.00s)   \u2502                                             \u2502   (0.00s)   \u2502                                     \u2502       \u2502   (0.03s)   \u2502                      \u2502       \u2502   (0.00s)   \u2502\n\u2514\u2500\u2500\u2500\u2500\u2500\u2500\u252c\u2500\u2500\u2500\u2500\u2500\u2500\u2518                                             \u2514\u2500\u2500\u2500\u2500\u2500\u2500\u252c\u2500\u2500\u2500\u2500\u2500\u2500\u2518                                             \u2514\u2500\u2500\u2500\u2500\u2500\u2500\u252c\u2500\u2500\u2500\u2500\u2500\u2500\u2518                                     \u2502       \u2514\u2500\u2500\u2500\u2500\u2500\u2500\u252c\u2500\u2500\u2500\u2500\u2500\u2500\u2518                      \u2502       \u2514\u2500\u2500\u2500\u2500\u2500\u2500\u252c\u2500\u2500\u2500\u2500\u2500\u2500\u2518\n\u250c\u2500\u2500\u2500\u2500\u2500\u2500\u2534\u2500\u2500\u2500\u2500\u2500\u2500\u2510                                             \u250c\u2500\u2500\u2500\u2500\u2500\u2500\u2534\u2500\u2500\u2500\u2500\u2500\u2500\u2510                                             \u250c\u2500\u2500\u2500\u2500\u2500\u2500\u2534\u2500\u2500\u2500\u2500\u2500\u2500\u2510                              \u250c\u2500\u2500\u2500\u2500\u2500\u2500\u2534\u2500\u2500\u2500\u2500\u2500\u2500\u2510\u250c\u2500\u2500\u2500\u2500\u2500\u2500\u2534\u2500\u2500\u2500\u2500\u2500\u2500\u2510               \u250c\u2500\u2500\u2500\u2500\u2500\u2500\u2534\u2500\u2500\u2500\u2500\u2500\u2500\u2510\u250c\u2500\u2500\u2500\u2500\u2500\u2500\u2534\u2500\u2500\u2500\u2500\u2500\u2500\u2510\n\u2502  HASH_JOIN  \u2502                                             \u2502  HASH_JOIN  \u2502                                             \u2502  HASH_JOIN  \u2502                              \u2502  PROJECTION \u2502\u2502  HASH_JOIN  \u2502               \u2502    FILTER   \u2502\u2502    FILTER   \u2502\n\u2502    \u2500\u2500\u2500\u2500\u2500\u2500   \u2502                                             \u2502    \u2500\u2500\u2500\u2500\u2500\u2500   \u2502                                             \u2502    \u2500\u2500\u2500\u2500\u2500\u2500   \u2502                              \u2502    \u2500\u2500\u2500\u2500\u2500\u2500   \u2502\u2502    \u2500\u2500\u2500\u2500\u2500\u2500   \u2502               \u2502    \u2500\u2500\u2500\u2500\u2500\u2500   \u2502\u2502    \u2500\u2500\u2500\u2500\u2500\u2500   \u2502\n\u2502  Join Type: \u2502                                             \u2502  Join Type: \u2502                                             \u2502  Join Type: \u2502                              \u2502      #0     \u2502\u2502  Join Type: \u2502               \u2502 (s_store_sk \u2502\u2502((hd_dep_coun\u2502\n\u2502    INNER    \u2502                                             \u2502    INNER    \u2502                                             \u2502    INNER    \u2502                              \u2502             \u2502\u2502    INNER    \u2502               \u2502   <= 100)   \u2502\u2502  t = 4) OR  \u2502\n\u2502             \u2502                                             \u2502             \u2502                                             \u2502             \u2502                              \u2502             \u2502\u2502             \u2502               \u2502             \u2502\u2502(hd_dep_count\u2502\n\u2502 Conditions: \u2502                                             \u2502 Conditions: \u2502                                             \u2502 Conditions: \u2502                              \u2502             \u2502\u2502 Conditions: \u2502               \u2502             \u2502\u2502     = 3))   \u2502\n\u2502 ss_hdemo_sk \u2502                                             \u2502 ss_hdemo_sk \u2502                                             \u2502 ss_store_sk \u2502                              \u2502             \u2502\u2502ss_sold_time_\u2502               \u2502             \u2502\u2502             \u2502\n\u2502 = hd_demo_sk\u2502                                             \u2502 = hd_demo_sk\u2502                                             \u2502 = s_store_sk\u2502                              \u2502             \u2502\u2502sk = t_time_s\u2502               \u2502             \u2502\u2502             \u2502\n\u2502             \u2502                                             \u2502             \u2502                                             \u2502             \u2502                              \u2502             \u2502\u2502      k      \u2502               \u2502             \u2502\u2502             \u2502\n\u2502             \u251c\u2500\u2500\u2500\u2500\u2500\u2500\u2500\u2500\u2500\u2500\u2500\u2500\u2500\u2500\u2500\u2500\u2500\u2500\u2500\u2500\u2500\u2500\u2500\u2500\u2500\u2500\u2500\u2500\u2500\u2500\u2500\u2500\u2500\u2500\u2500\u2500\u2500\u2510       \u2502             \u251c\u2500\u2500\u2500\u2500\u2500\u2500\u2500\u2500\u2500\u2500\u2500\u2500\u2500\u2500\u2500\u2500\u2500\u2500\u2500\u2500\u2500\u2500\u2500\u2500\u2500\u2500\u2500\u2500\u2500\u2500\u2500\u2500\u2500\u2500\u2500\u2500\u2500\u2510       \u2502             \u251c\u2500\u2500\u2500\u2500\u2500\u2500\u2500\u2500\u2500\u2500\u2500\u2500\u2500\u2500\u2500\u2500\u2500\u2500\u2500\u2500\u2500\u2500\u2510       \u2502             \u2502\u2502             \u251c\u2500\u2500\u2500\u2500\u2500\u2500\u2500\u2510       \u2502             \u2502\u2502             \u2502\n\u2502             \u2502                                     \u2502       \u2502             \u2502                                     \u2502       \u2502             \u2502                      \u2502       \u2502             \u2502\u2502             \u2502       \u2502       \u2502             \u2502\u2502             \u2502\n\u2502             \u2502                                     \u2502       \u2502             \u2502                                     \u2502       \u2502             \u2502                      \u2502       \u2502             \u2502\u2502             \u2502       \u2502       \u2502             \u2502\u2502             \u2502\n\u2502             \u2502                                     \u2502       \u2502             \u2502                                     \u2502       \u2502             \u2502                      \u2502       \u2502             \u2502\u2502             \u2502       \u2502       \u2502             \u2502\u2502             \u2502\n\u2502             \u2502                                     \u2502       \u2502             \u2502                                     \u2502       \u2502             \u2502                      \u2502       \u2502             \u2502\u2502             \u2502       \u2502       \u2502             \u2502\u2502             \u2502\n\u2502             \u2502                                     \u2502       \u2502             \u2502                                     \u2502       \u2502             \u2502                      \u2502       \u2502             \u2502\u2502             \u2502       \u2502       \u2502             \u2502\u2502             \u2502\n\u2502             \u2502                                     \u2502       \u2502             \u2502                                     \u2502       \u2502             \u2502                      \u2502       \u2502             \u2502\u2502             \u2502       \u2502       \u2502             \u2502\u2502             \u2502\n\u2502 25,011 rows \u2502                                     \u2502       \u2502 28,493 rows \u2502                                     \u2502       \u2502 110,532 rows\u2502                      \u2502       \u2502  1,440 rows \u2502\u25021,253,67...  \u2502       \u2502       \u2502   14 rows   \u2502\u2502  1,440 rows \u2502\n\u2502   (0.00s)   \u2502                                     \u2502       \u2502   (0.00s)   \u2502                                     \u2502       \u2502   (0.01s)   \u2502                      \u2502       \u2502   (0.00s)   \u2502\u2502   (0.03s)   \u2502       \u2502       \u2502   (0.00s)   \u2502\u2502   (0.00s)   \u2502\n\u2514\u2500\u2500\u2500\u2500\u2500\u2500\u252c\u2500\u2500\u2500\u2500\u2500\u2500\u2518                                     \u2502       \u2514\u2500\u2500\u2500\u2500\u2500\u2500\u252c\u2500\u2500\u2500\u2500\u2500\u2500\u2518                                     \u2502       \u2514\u2500\u2500\u2500\u2500\u2500\u2500\u252c\u2500\u2500\u2500\u2500\u2500\u2500\u2518                      \u2502       \u2514\u2500\u2500\u2500\u2500\u2500\u2500\u252c\u2500\u2500\u2500\u2500\u2500\u2500\u2518\u2514\u2500\u2500\u2500\u2500\u2500\u2500\u252c\u2500\u2500\u2500\u2500\u2500\u2500\u2518       \u2502       \u2514\u2500\u2500\u2500\u2500\u2500\u2500\u252c\u2500\u2500\u2500\u2500\u2500\u2500\u2518\u2514\u2500\u2500\u2500\u2500\u2500\u2500\u252c\u2500\u2500\u2500\u2500\u2500\u2500\u2518\n\u250c\u2500\u2500\u2500\u2500\u2500\u2500\u2534\u2500\u2500\u2500\u2500\u2500\u2500\u2510                              \u250c\u2500\u2500\u2500\u2500\u2500\u2500\u2534\u2500\u2500\u2500\u2500\u2500\u2500\u2510\u250c\u2500\u2500\u2500\u2500\u2500\u2500\u2534\u2500\u2500\u2500\u2500\u2500\u2500\u2510                              \u250c\u2500\u2500\u2500\u2500\u2500\u2500\u2534\u2500\u2500\u2500\u2500\u2500\u2500\u2510\u250c\u2500\u2500\u2500\u2500\u2500\u2500\u2534\u2500\u2500\u2500\u2500\u2500\u2500\u2510               \u250c\u2500\u2500\u2500\u2500\u2500\u2500\u2534\u2500\u2500\u2500\u2500\u2500\u2500\u2510\u250c\u2500\u2500\u2500\u2500\u2500\u2500\u2534\u2500\u2500\u2500\u2500\u2500\u2500\u2510\u250c\u2500\u2500\u2500\u2500\u2500\u2500\u2534\u2500\u2500\u2500\u2500\u2500\u2500\u2510\u250c\u2500\u2500\u2500\u2500\u2500\u2500\u2534\u2500\u2500\u2500\u2500\u2500\u2500\u2510\u250c\u2500\u2500\u2500\u2500\u2500\u2500\u2534\u2500\u2500\u2500\u2500\u2500\u2500\u2510\u250c\u2500\u2500\u2500\u2500\u2500\u2500\u2534\u2500\u2500\u2500\u2500\u2500\u2500\u2510\n\u2502  HASH_JOIN  \u2502                              \u2502  PROJECTION \u2502\u2502  HASH_JOIN  \u2502                              \u2502  PROJECTION \u2502\u2502  HASH_JOIN  \u2502               \u2502    FILTER   \u2502\u2502    FILTER   \u2502\u2502  TABLE_SCAN \u2502\u2502    FILTER   \u2502\u2502  TABLE_SCAN \u2502\u2502  TABLE_SCAN \u2502\n\u2502    \u2500\u2500\u2500\u2500\u2500\u2500   \u2502                              \u2502    \u2500\u2500\u2500\u2500\u2500\u2500   \u2502\u2502    \u2500\u2500\u2500\u2500\u2500\u2500   \u2502                              \u2502    \u2500\u2500\u2500\u2500\u2500\u2500   \u2502\u2502    \u2500\u2500\u2500\u2500\u2500\u2500   \u2502               \u2502    \u2500\u2500\u2500\u2500\u2500\u2500   \u2502\u2502    \u2500\u2500\u2500\u2500\u2500\u2500   \u2502\u2502    \u2500\u2500\u2500\u2500\u2500\u2500   \u2502\u2502    \u2500\u2500\u2500\u2500\u2500\u2500   \u2502\u2502    \u2500\u2500\u2500\u2500\u2500\u2500   \u2502\u2502    \u2500\u2500\u2500\u2500\u2500\u2500   \u2502\n\u2502  Join Type: \u2502                              \u2502      #0     \u2502\u2502  Join Type: \u2502                              \u2502      #0     \u2502\u2502  Join Type: \u2502               \u2502 (s_store_sk \u2502\u2502((hd_dep_coun\u2502\u2502    Table:   \u2502\u2502  (t_time_sk \u2502\u2502    Table:   \u2502\u2502    Table:   \u2502\n\u2502    INNER    \u2502                              \u2502             \u2502\u2502    INNER    \u2502                              \u2502             \u2502\u2502    INNER    \u2502               \u2502   <= 100)   \u2502\u2502  t = 4) OR  \u2502\u2502 store_sales \u2502\u2502    BETWEEN  \u2502\u2502    store    \u2502\u2502household_dem\u2502\n\u2502             \u2502                              \u2502             \u2502\u2502             \u2502                              \u2502             \u2502\u2502             \u2502               \u2502             \u2502\u2502(hd_dep_count\u2502\u2502             \u2502\u2502   28800 AND \u2502\u2502             \u2502\u2502  ographics  \u2502\n\u2502 Conditions: \u2502                              \u2502             \u2502\u2502 Conditions: \u2502                              \u2502             \u2502\u2502 Conditions: \u2502               \u2502             \u2502\u2502     = 3))   \u2502\u2502    Type:    \u2502\u2502    75599)   \u2502\u2502    Type:    \u2502\u2502             \u2502\n\u2502 ss_store_sk \u2502                              \u2502             \u2502\u2502 ss_store_sk \u2502                              \u2502             \u2502\u2502ss_sold_time_\u2502               \u2502             \u2502\u2502             \u2502\u2502  Sequential \u2502\u2502             \u2502\u2502  Sequential \u2502\u2502    Type:    \u2502\n\u2502 = s_store_sk\u2502                              \u2502             \u2502\u2502 = s_store_sk\u2502                              \u2502             \u2502\u2502sk = t_time_s\u2502               \u2502             \u2502\u2502             \u2502\u2502     Scan    \u2502\u2502             \u2502\u2502     Scan    \u2502\u2502  Sequential \u2502\n\u2502             \u2502                              \u2502             \u2502\u2502             \u2502                              \u2502             \u2502\u2502      k      \u2502               \u2502             \u2502\u2502             \u2502\u2502             \u2502\u2502             \u2502\u2502             \u2502\u2502     Scan    \u2502\n\u2502             \u251c\u2500\u2500\u2500\u2500\u2500\u2500\u2500\u2500\u2500\u2500\u2500\u2500\u2500\u2500\u2500\u2500\u2500\u2500\u2500\u2500\u2500\u2500\u2510       \u2502             \u2502\u2502             \u251c\u2500\u2500\u2500\u2500\u2500\u2500\u2500\u2500\u2500\u2500\u2500\u2500\u2500\u2500\u2500\u2500\u2500\u2500\u2500\u2500\u2500\u2500\u2510       \u2502             \u2502\u2502             \u251c\u2500\u2500\u2500\u2500\u2500\u2500\u2500\u2510       \u2502             \u2502\u2502             \u2502\u2502 Projections:\u2502\u2502             \u2502\u2502 Projections:\u2502\u2502             \u2502\n\u2502             \u2502                      \u2502       \u2502             \u2502\u2502             \u2502                      \u2502       \u2502             \u2502\u2502             \u2502       \u2502       \u2502             \u2502\u2502             \u2502\u2502ss_sold_time_\u2502\u2502             \u2502\u2502  s_store_sk \u2502\u2502 Projections:\u2502\n\u2502             \u2502                      \u2502       \u2502             \u2502\u2502             \u2502                      \u2502       \u2502             \u2502\u2502             \u2502       \u2502       \u2502             \u2502\u2502             \u2502\u2502      sk     \u2502\u2502             \u2502\u2502             \u2502\u2502  hd_demo_sk \u2502\n\u2502             \u2502                      \u2502       \u2502             \u2502\u2502             \u2502                      \u2502       \u2502             \u2502\u2502             \u2502       \u2502       \u2502             \u2502\u2502             \u2502\u2502 ss_hdemo_sk \u2502\u2502             \u2502\u2502   Filters:  \u2502\u2502 hd_dep_count\u2502\n\u2502             \u2502                      \u2502       \u2502             \u2502\u2502             \u2502                      \u2502       \u2502             \u2502\u2502             \u2502       \u2502       \u2502             \u2502\u2502             \u2502\u2502 ss_store_sk \u2502\u2502             \u2502\u2502 s_store_name\u2502\u2502hd_vehicle_co\u2502\n\u2502             \u2502                      \u2502       \u2502             \u2502\u2502             \u2502                      \u2502       \u2502             \u2502\u2502             \u2502       \u2502       \u2502             \u2502\u2502             \u2502\u2502             \u2502\u2502             \u2502\u2502    ='ese'   \u2502\u2502     unt     \u2502\n\u2502             \u2502                      \u2502       \u2502             \u2502\u2502             \u2502                      \u2502       \u2502             \u2502\u2502             \u2502       \u2502       \u2502             \u2502\u2502             \u2502\u2502             \u2502\u2502             \u2502\u2502             \u2502\u2502             \u2502\n\u2502 110,165 rows\u2502                      \u2502       \u2502  1,440 rows \u2502\u2502 126,030 rows\u2502                      \u2502       \u2502  1,440 rows \u2502\u2502 721,325 rows\u2502       \u2502       \u2502   14 rows   \u2502\u2502  1,440 rows \u2502\u25021,253,67...  \u2502\u2502  1,800 rows \u2502\u2502   14 rows   \u2502\u2502  7,200 rows \u2502\n\u2502   (0.01s)   \u2502                      \u2502       \u2502   (0.00s)   \u2502\u2502   (0.01s)   \u2502                      \u2502       \u2502   (0.00s)   \u2502\u2502   (0.04s)   \u2502       \u2502       \u2502   (0.00s)   \u2502\u2502   (0.00s)   \u2502\u2502   (0.24s)   \u2502\u2502   (0.00s)   \u2502\u2502   (0.00s)   \u2502\u2502   (0.00s)   \u2502\n\u2514\u2500\u2500\u2500\u2500\u2500\u2500\u252c\u2500\u2500\u2500\u2500\u2500\u2500\u2518                      \u2502       \u2514\u2500\u2500\u2500\u2500\u2500\u2500\u252c\u2500\u2500\u2500\u2500\u2500\u2500\u2518\u2514\u2500\u2500\u2500\u2500\u2500\u2500\u252c\u2500\u2500\u2500\u2500\u2500\u2500\u2518                      \u2502       \u2514\u2500\u2500\u2500\u2500\u2500\u2500\u252c\u2500\u2500\u2500\u2500\u2500\u2500\u2518\u2514\u2500\u2500\u2500\u2500\u2500\u2500\u252c\u2500\u2500\u2500\u2500\u2500\u2500\u2518       \u2502       \u2514\u2500\u2500\u2500\u2500\u2500\u2500\u252c\u2500\u2500\u2500\u2500\u2500\u2500\u2518\u2514\u2500\u2500\u2500\u2500\u2500\u2500\u252c\u2500\u2500\u2500\u2500\u2500\u2500\u2518\u2514\u2500\u2500\u2500\u2500\u2500\u2500\u2500\u2500\u2500\u2500\u2500\u2500\u2500\u2518\u2514\u2500\u2500\u2500\u2500\u2500\u2500\u252c\u2500\u2500\u2500\u2500\u2500\u2500\u2518\u2514\u2500\u2500\u2500\u2500\u2500\u2500\u2500\u2500\u2500\u2500\u2500\u2500\u2500\u2518\u2514\u2500\u2500\u2500\u2500\u2500\u2500\u2500\u2500\u2500\u2500\u2500\u2500\u2500\u2518\n\u250c\u2500\u2500\u2500\u2500\u2500\u2500\u2534\u2500\u2500\u2500\u2500\u2500\u2500\u2510               \u250c\u2500\u2500\u2500\u2500\u2500\u2500\u2534\u2500\u2500\u2500\u2500\u2500\u2500\u2510\u250c\u2500\u2500\u2500\u2500\u2500\u2500\u2534\u2500\u2500\u2500\u2500\u2500\u2500\u2510\u250c\u2500\u2500\u2500\u2500\u2500\u2500\u2534\u2500\u2500\u2500\u2500\u2500\u2500\u2510               \u250c\u2500\u2500\u2500\u2500\u2500\u2500\u2534\u2500\u2500\u2500\u2500\u2500\u2500\u2510\u250c\u2500\u2500\u2500\u2500\u2500\u2500\u2534\u2500\u2500\u2500\u2500\u2500\u2500\u2510\u250c\u2500\u2500\u2500\u2500\u2500\u2500\u2534\u2500\u2500\u2500\u2500\u2500\u2500\u2510\u250c\u2500\u2500\u2500\u2500\u2500\u2500\u2534\u2500\u2500\u2500\u2500\u2500\u2500\u2510\u250c\u2500\u2500\u2500\u2500\u2500\u2500\u2534\u2500\u2500\u2500\u2500\u2500\u2500\u2510\u250c\u2500\u2500\u2500\u2500\u2500\u2500\u2534\u2500\u2500\u2500\u2500\u2500\u2500\u2510               \u250c\u2500\u2500\u2500\u2500\u2500\u2500\u2534\u2500\u2500\u2500\u2500\u2500\u2500\u2510\n\u2502  HASH_JOIN  \u2502               \u2502    FILTER   \u2502\u2502    FILTER   \u2502\u2502  HASH_JOIN  \u2502               \u2502    FILTER   \u2502\u2502    FILTER   \u2502\u2502  TABLE_SCAN \u2502\u2502    FILTER   \u2502\u2502  TABLE_SCAN \u2502\u2502  TABLE_SCAN \u2502               \u2502  TABLE_SCAN \u2502\n\u2502    \u2500\u2500\u2500\u2500\u2500\u2500   \u2502               \u2502    \u2500\u2500\u2500\u2500\u2500\u2500   \u2502\u2502    \u2500\u2500\u2500\u2500\u2500\u2500   \u2502\u2502    \u2500\u2500\u2500\u2500\u2500\u2500   \u2502               \u2502    \u2500\u2500\u2500\u2500\u2500\u2500   \u2502\u2502    \u2500\u2500\u2500\u2500\u2500\u2500   \u2502\u2502    \u2500\u2500\u2500\u2500\u2500\u2500   \u2502\u2502    \u2500\u2500\u2500\u2500\u2500\u2500   \u2502\u2502    \u2500\u2500\u2500\u2500\u2500\u2500   \u2502\u2502    \u2500\u2500\u2500\u2500\u2500\u2500   \u2502               \u2502    \u2500\u2500\u2500\u2500\u2500\u2500   \u2502\n\u2502  Join Type: \u2502               \u2502 (s_store_sk \u2502\u2502((hd_dep_coun\u2502\u2502  Join Type: \u2502               \u2502 (s_store_sk \u2502\u2502((hd_dep_coun\u2502\u2502    Table:   \u2502\u2502  (t_time_sk \u2502\u2502    Table:   \u2502\u2502    Table:   \u2502               \u2502    Table:   \u2502\n\u2502    INNER    \u2502               \u2502   <= 100)   \u2502\u2502  t = 4) OR  \u2502\u2502    INNER    \u2502               \u2502   <= 100)   \u2502\u2502  t = 4) OR  \u2502\u2502 store_sales \u2502\u2502    BETWEEN  \u2502\u2502    store    \u2502\u2502household_dem\u2502               \u2502   time_dim  \u2502\n\u2502             \u2502               \u2502             \u2502\u2502(hd_dep_count\u2502\u2502             \u2502               \u2502             \u2502\u2502(hd_dep_count\u2502\u2502             \u2502\u2502   28800 AND \u2502\u2502             \u2502\u2502  ographics  \u2502               \u2502             \u2502\n\u2502 Conditions: \u2502               \u2502             \u2502\u2502     = 3))   \u2502\u2502 Conditions: \u2502               \u2502             \u2502\u2502     = 3))   \u2502\u2502    Type:    \u2502\u2502    75599)   \u2502\u2502    Type:    \u2502\u2502             \u2502               \u2502    Type:    \u2502\n\u2502ss_sold_time_\u2502               \u2502             \u2502\u2502             \u2502\u2502ss_sold_time_\u2502               \u2502             \u2502\u2502             \u2502\u2502  Sequential \u2502\u2502             \u2502\u2502  Sequential \u2502\u2502    Type:    \u2502               \u2502  Sequential \u2502\n\u2502sk = t_time_s\u2502               \u2502             \u2502\u2502             \u2502\u2502sk = t_time_s\u2502               \u2502             \u2502\u2502             \u2502\u2502     Scan    \u2502\u2502             \u2502\u2502     Scan    \u2502\u2502  Sequential \u2502               \u2502     Scan    \u2502\n\u2502      k      \u2502               \u2502             \u2502\u2502             \u2502\u2502      k      \u2502               \u2502             \u2502\u2502             \u2502\u2502             \u2502\u2502             \u2502\u2502             \u2502\u2502     Scan    \u2502               \u2502             \u2502\n\u2502             \u251c\u2500\u2500\u2500\u2500\u2500\u2500\u2500\u2510       \u2502             \u2502\u2502             \u2502\u2502             \u251c\u2500\u2500\u2500\u2500\u2500\u2500\u2500\u2510       \u2502             \u2502\u2502             \u2502\u2502 Projections:\u2502\u2502             \u2502\u2502 Projections:\u2502\u2502             \u2502               \u2502 Projections:\u2502\n\u2502             \u2502       \u2502       \u2502             \u2502\u2502             \u2502\u2502             \u2502       \u2502       \u2502             \u2502\u2502             \u2502\u2502ss_sold_time_\u2502\u2502             \u2502\u2502  s_store_sk \u2502\u2502 Projections:\u2502               \u2502  t_time_sk  \u2502\n\u2502             \u2502       \u2502       \u2502             \u2502\u2502             \u2502\u2502             \u2502       \u2502       \u2502             \u2502\u2502             \u2502\u2502      sk     \u2502\u2502             \u2502\u2502             \u2502\u2502  hd_demo_sk \u2502               \u2502             \u2502\n\u2502             \u2502       \u2502       \u2502             \u2502\u2502             \u2502\u2502             \u2502       \u2502       \u2502             \u2502\u2502             \u2502\u2502 ss_hdemo_sk \u2502\u2502             \u2502\u2502   Filters:  \u2502\u2502 hd_dep_count\u2502               \u2502   Filters:  \u2502\n\u2502             \u2502       \u2502       \u2502             \u2502\u2502             \u2502\u2502             \u2502       \u2502       \u2502             \u2502\u2502             \u2502\u2502 ss_store_sk \u2502\u2502             \u2502\u2502 s_store_name\u2502\u2502hd_vehicle_co\u2502               \u2502  t_hour=10  \u2502\n\u2502             \u2502       \u2502       \u2502             \u2502\u2502             \u2502\u2502             \u2502       \u2502       \u2502             \u2502\u2502             \u2502\u2502             \u2502\u2502             \u2502\u2502    ='ese'   \u2502\u2502     unt     \u2502               \u2502 t_minute>=30\u2502\n\u2502             \u2502       \u2502       \u2502             \u2502\u2502             \u2502\u2502             \u2502       \u2502       \u2502             \u2502\u2502             \u2502\u2502             \u2502\u2502             \u2502\u2502             \u2502\u2502             \u2502               \u2502             \u2502\n\u2502 719,086 rows\u2502       \u2502       \u2502   14 rows   \u2502\u2502  1,440 rows \u2502\u2502 831,156 rows\u2502       \u2502       \u2502   14 rows   \u2502\u2502  1,440 rows \u2502\u2502 721,325 rows\u2502\u2502  1,800 rows \u2502\u2502   14 rows   \u2502\u2502  7,200 rows \u2502               \u2502  1,800 rows \u2502\n\u2502   (0.04s)   \u2502       \u2502       \u2502   (0.00s)   \u2502\u2502   (0.00s)   \u2502\u2502   (0.04s)   \u2502       \u2502       \u2502   (0.00s)   \u2502\u2502   (0.00s)   \u2502\u2502   (0.24s)   \u2502\u2502   (0.00s)   \u2502\u2502   (0.00s)   \u2502\u2502   (0.00s)   \u2502               \u2502   (0.00s)   \u2502\n\u2514\u2500\u2500\u2500\u2500\u2500\u2500\u252c\u2500\u2500\u2500\u2500\u2500\u2500\u2518       \u2502       \u2514\u2500\u2500\u2500\u2500\u2500\u2500\u252c\u2500\u2500\u2500\u2500\u2500\u2500\u2518\u2514\u2500\u2500\u2500\u2500\u2500\u2500\u252c\u2500\u2500\u2500\u2500\u2500\u2500\u2518\u2514\u2500\u2500\u2500\u2500\u2500\u2500\u252c\u2500\u2500\u2500\u2500\u2500\u2500\u2518       \u2502       \u2514\u2500\u2500\u2500\u2500\u2500\u2500\u252c\u2500\u2500\u2500\u2500\u2500\u2500\u2518\u2514\u2500\u2500\u2500\u2500\u2500\u2500\u252c\u2500\u2500\u2500\u2500\u2500\u2500\u2518\u2514\u2500\u2500\u2500\u2500\u2500\u2500\u2500\u2500\u2500\u2500\u2500\u2500\u2500\u2518\u2514\u2500\u2500\u2500\u2500\u2500\u2500\u252c\u2500\u2500\u2500\u2500\u2500\u2500\u2518\u2514\u2500\u2500\u2500\u2500\u2500\u2500\u2500\u2500\u2500\u2500\u2500\u2500\u2500\u2518\u2514\u2500\u2500\u2500\u2500\u2500\u2500\u2500\u2500\u2500\u2500\u2500\u2500\u2500\u2518               \u2514\u2500\u2500\u2500\u2500\u2500\u2500\u2500\u2500\u2500\u2500\u2500\u2500\u2500\u2518\n\u250c\u2500\u2500\u2500\u2500\u2500\u2500\u2534\u2500\u2500\u2500\u2500\u2500\u2500\u2510\u250c\u2500\u2500\u2500\u2500\u2500\u2500\u2534\u2500\u2500\u2500\u2500\u2500\u2500\u2510\u250c\u2500\u2500\u2500\u2500\u2500\u2500\u2534\u2500\u2500\u2500\u2500\u2500\u2500\u2510\u250c\u2500\u2500\u2500\u2500\u2500\u2500\u2534\u2500\u2500\u2500\u2500\u2500\u2500\u2510\u250c\u2500\u2500\u2500\u2500\u2500\u2500\u2534\u2500\u2500\u2500\u2500\u2500\u2500\u2510\u250c\u2500\u2500\u2500\u2500\u2500\u2500\u2534\u2500\u2500\u2500\u2500\u2500\u2500\u2510\u250c\u2500\u2500\u2500\u2500\u2500\u2500\u2534\u2500\u2500\u2500\u2500\u2500\u2500\u2510\u250c\u2500\u2500\u2500\u2500\u2500\u2500\u2534\u2500\u2500\u2500\u2500\u2500\u2500\u2510               \u250c\u2500\u2500\u2500\u2500\u2500\u2500\u2534\u2500\u2500\u2500\u2500\u2500\u2500\u2510\n\u2502  TABLE_SCAN \u2502\u2502    FILTER   \u2502\u2502  TABLE_SCAN \u2502\u2502  TABLE_SCAN \u2502\u2502  TABLE_SCAN \u2502\u2502    FILTER   \u2502\u2502  TABLE_SCAN \u2502\u2502  TABLE_SCAN \u2502               \u2502  TABLE_SCAN \u2502\n\u2502    \u2500\u2500\u2500\u2500\u2500\u2500   \u2502\u2502    \u2500\u2500\u2500\u2500\u2500\u2500   \u2502\u2502    \u2500\u2500\u2500\u2500\u2500\u2500   \u2502\u2502    \u2500\u2500\u2500\u2500\u2500\u2500   \u2502\u2502    \u2500\u2500\u2500\u2500\u2500\u2500   \u2502\u2502    \u2500\u2500\u2500\u2500\u2500\u2500   \u2502\u2502    \u2500\u2500\u2500\u2500\u2500\u2500   \u2502\u2502    \u2500\u2500\u2500\u2500\u2500\u2500   \u2502               \u2502    \u2500\u2500\u2500\u2500\u2500\u2500   \u2502\n\u2502    Table:   \u2502\u2502  (t_time_sk \u2502\u2502    Table:   \u2502\u2502    Table:   \u2502\u2502    Table:   \u2502\u2502  (t_time_sk \u2502\u2502    Table:   \u2502\u2502    Table:   \u2502               \u2502    Table:   \u2502\n\u2502 store_sales \u2502\u2502    BETWEEN  \u2502\u2502    store    \u2502\u2502household_dem\u2502\u2502 store_sales \u2502\u2502    BETWEEN  \u2502\u2502    store    \u2502\u2502household_dem\u2502               \u2502   time_dim  \u2502\n\u2502             \u2502\u2502   28800 AND \u2502\u2502             \u2502\u2502  ographics  \u2502\u2502             \u2502\u2502   28800 AND \u2502\u2502             \u2502\u2502  ographics  \u2502               \u2502             \u2502\n\u2502    Type:    \u2502\u2502    75599)   \u2502\u2502    Type:    \u2502\u2502             \u2502\u2502    Type:    \u2502\u2502    75599)   \u2502\u2502    Type:    \u2502\u2502             \u2502               \u2502    Type:    \u2502\n\u2502  Sequential \u2502\u2502             \u2502\u2502  Sequential \u2502\u2502    Type:    \u2502\u2502  Sequential \u2502\u2502             \u2502\u2502  Sequential \u2502\u2502    Type:    \u2502               \u2502  Sequential \u2502\n\u2502     Scan    \u2502\u2502             \u2502\u2502     Scan    \u2502\u2502  Sequential \u2502\u2502     Scan    \u2502\u2502             \u2502\u2502     Scan    \u2502\u2502  Sequential \u2502               \u2502     Scan    \u2502\n\u2502             \u2502\u2502             \u2502\u2502             \u2502\u2502     Scan    \u2502\u2502             \u2502\u2502             \u2502\u2502             \u2502\u2502     Scan    \u2502               \u2502             \u2502\n\u2502 Projections:\u2502\u2502             \u2502\u2502 Projections:\u2502\u2502             \u2502\u2502 Projections:\u2502\u2502             \u2502\u2502 Projections:\u2502\u2502             \u2502               \u2502 Projections:\u2502\n\u2502ss_sold_time_\u2502\u2502             \u2502\u2502  s_store_sk \u2502\u2502 Projections:\u2502\u2502ss_sold_time_\u2502\u2502             \u2502\u2502  s_store_sk \u2502\u2502 Projections:\u2502               \u2502  t_time_sk  \u2502\n\u2502      sk     \u2502\u2502             \u2502\u2502             \u2502\u2502  hd_demo_sk \u2502\u2502      sk     \u2502\u2502             \u2502\u2502             \u2502\u2502  hd_demo_sk \u2502               \u2502             \u2502\n\u2502 ss_hdemo_sk \u2502\u2502             \u2502\u2502   Filters:  \u2502\u2502 hd_dep_count\u2502\u2502 ss_hdemo_sk \u2502\u2502             \u2502\u2502   Filters:  \u2502\u2502 hd_dep_count\u2502               \u2502   Filters:  \u2502\n\u2502 ss_store_sk \u2502\u2502             \u2502\u2502 s_store_name\u2502\u2502hd_vehicle_co\u2502\u2502 ss_store_sk \u2502\u2502             \u2502\u2502 s_store_name\u2502\u2502hd_vehicle_co\u2502               \u2502  t_hour=11  \u2502\n\u2502             \u2502\u2502             \u2502\u2502    ='ese'   \u2502\u2502     unt     \u2502\u2502             \u2502\u2502             \u2502\u2502    ='ese'   \u2502\u2502     unt     \u2502               \u2502 t_minute<30 \u2502\n\u2502             \u2502\u2502             \u2502\u2502             \u2502\u2502             \u2502\u2502             \u2502\u2502             \u2502\u2502             \u2502\u2502             \u2502               \u2502             \u2502\n\u2502 719,086 rows\u2502\u2502  1,800 rows \u2502\u2502   14 rows   \u2502\u2502  7,200 rows \u2502\u2502 831,156 rows\u2502\u2502  1,800 rows \u2502\u2502   14 rows   \u2502\u2502  7,200 rows \u2502               \u2502  1,800 rows \u2502\n\u2502   (0.23s)   \u2502\u2502   (0.00s)   \u2502\u2502   (0.00s)   \u2502\u2502   (0.00s)   \u2502\u2502   (0.22s)   \u2502\u2502   (0.00s)   \u2502\u2502   (0.00s)   \u2502\u2502   (0.00s)   \u2502               \u2502   (0.00s)   \u2502\n\u2514\u2500\u2500\u2500\u2500\u2500\u2500\u2500\u2500\u2500\u2500\u2500\u2500\u2500\u2518\u2514\u2500\u2500\u2500\u2500\u2500\u2500\u252c\u2500\u2500\u2500\u2500\u2500\u2500\u2518\u2514\u2500\u2500\u2500\u2500\u2500\u2500\u2500\u2500\u2500\u2500\u2500\u2500\u2500\u2518\u2514\u2500\u2500\u2500\u2500\u2500\u2500\u2500\u2500\u2500\u2500\u2500\u2500\u2500\u2518\u2514\u2500\u2500\u2500\u2500\u2500\u2500\u2500\u2500\u2500\u2500\u2500\u2500\u2500\u2518\u2514\u2500\u2500\u2500\u2500\u2500\u2500\u252c\u2500\u2500\u2500\u2500\u2500\u2500\u2518\u2514\u2500\u2500\u2500\u2500\u2500\u2500\u2500\u2500\u2500\u2500\u2500\u2500\u2500\u2518\u2514\u2500\u2500\u2500\u2500\u2500\u2500\u2500\u2500\u2500\u2500\u2500\u2500\u2500\u2518               \u2514\u2500\u2500\u2500\u2500\u2500\u2500\u2500\u2500\u2500\u2500\u2500\u2500\u2500\u2518\n               \u250c\u2500\u2500\u2500\u2500\u2500\u2500\u2534\u2500\u2500\u2500\u2500\u2500\u2500\u2510                                             \u250c\u2500\u2500\u2500\u2500\u2500\u2500\u2534\u2500\u2500\u2500\u2500\u2500\u2500\u2510\n               \u2502  TABLE_SCAN \u2502                                             \u2502  TABLE_SCAN \u2502\n               \u2502    \u2500\u2500\u2500\u2500\u2500\u2500   \u2502                                             \u2502    \u2500\u2500\u2500\u2500\u2500\u2500   \u2502\n               \u2502    Table:   \u2502                                             \u2502    Table:   \u2502\n               \u2502   time_dim  \u2502                                             \u2502   time_dim  \u2502\n               \u2502             \u2502                                             \u2502             \u2502\n               \u2502    Type:    \u2502                                             \u2502    Type:    \u2502\n               \u2502  Sequential \u2502                                             \u2502  Sequential \u2502\n               \u2502     Scan    \u2502                                             \u2502     Scan    \u2502\n               \u2502             \u2502                                             \u2502             \u2502\n               \u2502 Projections:\u2502                                             \u2502 Projections:\u2502\n               \u2502  t_time_sk  \u2502                                             \u2502  t_time_sk  \u2502\n               \u2502             \u2502                                             \u2502             \u2502\n               \u2502   Filters:  \u2502                                             \u2502   Filters:  \u2502\n               \u2502  t_hour=11  \u2502                                             \u2502  t_hour=12  \u2502\n               \u2502 t_minute>=30\u2502                                             \u2502 t_minute<30 \u2502\n               \u2502             \u2502                                             \u2502             \u2502\n               \u2502  1,800 rows \u2502                                             \u2502  1,800 rows \u2502\n               \u2502   (0.00s)   \u2502                                             \u2502   (0.00s)   \u2502\n               \u2514\u2500\u2500\u2500\u2500\u2500\u2500\u2500\u2500\u2500\u2500\u2500\u2500\u2500\u2518                                             \u2514\u2500\u2500\u2500\u2500\u2500\u2500\u2500\u2500\u2500\u2500\u2500\u2500\u2500\u2518\n",
  "plan_json": {
    "total_bytes_written": 0,
    "total_bytes_read": 0,
    "rows_returned": 0,
    "latency": 0.0,
    "result_set_size": 0,
    "query_name": "",
    "blocked_thread_time": 0.0,
    "system_peak_buffer_memory": 0,
    "system_peak_temp_dir_size": 0,
    "cpu_time": 0.0,
    "extra_info": {},
    "cumulative_cardinality": 0,
    "cumulative_rows_scanned": 0,
    "children": [
      {
        "total_bytes_written": 0,
        "total_bytes_read": 0,
        "result_set_size": 0,
        "operator_name": "EXPLAIN_ANALYZE",
        "cpu_time": 0.0,
        "extra_info": {},
        "cumulative_cardinality": 0,
        "operator_type": "EXPLAIN_ANALYZE",
        "operator_cardinality": 0,
        "cumulative_rows_scanned": 0,
        "operator_rows_scanned": 0,
        "operator_timing": 1.88e-07,
        "children": [
          {
            "total_bytes_written": 0,
            "total_bytes_read": 0,
            "result_set_size": 64,
            "operator_name": "PROJECTION",
            "cpu_time": 0.0,
            "extra_info": {
              "Projections": [
                "h8_30_to_9",
                "h9_to_9_30",
                "h9_30_to_10",
                "h10_to_10_30",
                "h10_30_to_11",
                "h11_to_11_30",
                "h11_30_to_12",
                "h12_to_12_30"
              ],
              "Estimated Cardinality": "1"
            },
            "cumulative_cardinality": 0,
            "operator_type": "PROJECTION",
            "operator_cardinality": 1,
            "cumulative_rows_scanned": 0,
            "operator_rows_scanned": 0,
            "operator_timing": 7.42e-07,
            "children": [
              {
                "total_bytes_written": 0,
                "total_bytes_read": 0,
                "result_set_size": 64,
                "operator_name": "CROSS_PRODUCT",
                "cpu_time": 0.0,
                "extra_info": {},
                "cumulative_cardinality": 0,
                "operator_type": "CROSS_PRODUCT",
                "operator_cardinality": 1,
                "cumulative_rows_scanned": 0,
                "operator_rows_scanned": 0,
                "operator_timing": 1.702e-05,
                "children": [
                  {
                    "total_bytes_written": 0,
                    "total_bytes_read": 0,
                    "result_set_size": 56,
                    "operator_name": "CROSS_PRODUCT",
                    "cpu_time": 0.0,
                    "extra_info": {},
                    "cumulative_cardinality": 0,
                    "operator_type": "CROSS_PRODUCT",
                    "operator_cardinality": 1,
                    "cumulative_rows_scanned": 0,
                    "operator_rows_scanned": 0,
                    "operator_timing": 1.4808000000000001e-05,
                    "children": [
                      {
                        "total_bytes_written": 0,
                        "total_bytes_read": 0,
                        "result_set_size": 48,
                        "operator_name": "CROSS_PRODUCT",
                        "cpu_time": 0.0,
                        "extra_info": {},
                        "cumulative_cardinality": 0,
                        "operator_type": "CROSS_PRODUCT",
                        "operator_cardinality": 1,
                        "cumulative_rows_scanned": 0,
                        "operator_rows_scanned": 0,
                        "operator_timing": 1.4262e-05,
                        "children": [
                          {
                            "total_bytes_written": 0,
                            "total_bytes_read": 0,
                            "result_set_size": 40,
                            "operator_name": "CROSS_PRODUCT",
                            "cpu_time": 0.0,
                            "extra_info": {},
                            "cumulative_cardinality": 0,
                            "operator_type": "CROSS_PRODUCT",
                            "operator_cardinality": 1,
                            "cumulative_rows_scanned": 0,
                            "operator_rows_scanned": 0,
                            "operator_timing": 1.5942e-05,
                            "children": [
                              {
                                "total_bytes_written": 0,
                                "total_bytes_read": 0,
                                "result_set_size": 32,
                                "operator_name": "CROSS_PRODUCT",
                                "cpu_time": 0.0,
                                "extra_info": {},
                                "cumulative_cardinality": 0,
                                "operator_type": "CROSS_PRODUCT",
                                "operator_cardinality": 1,
                                "cumulative_rows_scanned": 0,
                                "operator_rows_scanned": 0,
                                "operator_timing": 8.639e-06,
                                "children": [
                                  {
                                    "total_bytes_written": 0,
                                    "total_bytes_read": 0,
                                    "result_set_size": 24,
                                    "operator_name": "CROSS_PRODUCT",
                                    "cpu_time": 0.0,
                                    "extra_info": {},
                                    "cumulative_cardinality": 0,
                                    "operator_type": "CROSS_PRODUCT",
                                    "operator_cardinality": 1,
                                    "cumulative_rows_scanned": 0,
                                    "operator_rows_scanned": 0,
                                    "operator_timing": 9.278000000000002e-06,
                                    "children": [
                                      {
                                        "total_bytes_written": 0,
                                        "total_bytes_read": 0,
                                        "result_set_size": 16,
                                        "operator_name": "CROSS_PRODUCT",
                                        "cpu_time": 0.0,
                                        "extra_info": {},
                                        "cumulative_cardinality": 0,
                                        "operator_type": "CROSS_PRODUCT",
                                        "operator_cardinality": 1,
                                        "cumulative_rows_scanned": 0,
                                        "operator_rows_scanned": 0,
                                        "operator_timing": 1.7461e-05,
                                        "children": [
                                          {
                                            "total_bytes_written": 0,
                                            "total_bytes_read": 0,
                                            "result_set_size": 8,
                                            "operator_name": "UNGROUPED_AGGREGATE",
                                            "cpu_time": 0.0,
                                            "extra_info": {
                                              "Aggregates": "count_star()"
                                            },
                                            "cumulative_cardinality": 0,
                                            "operator_type": "UNGROUPED_AGGREGATE",
                                            "operator_cardinality": 1,
                                            "cumulative_rows_scanned": 0,
                                            "operator_rows_scanned": 0,
                                            "operator_timing": 9.1445e-05,
                                            "children": [
                                              {
                                                "total_bytes_written": 0,
                                                "total_bytes_read": 0,
                                                "result_set_size": 300132,
                                                "operator_name": "HASH_JOIN",
                                                "cpu_time": 0.0,
                                                "extra_info": {
                                                  "Join Type": "INNER",
                                                  "Conditions": "ss_hdemo_sk = hd_demo_sk",
                                                  "Estimated Cardinality": "30905"
                                                },
                                                "cumulative_cardinality": 0,
                                                "operator_type": "HASH_JOIN",
                                                "operator_cardinality": 25011,
                                                "cumulative_rows_scanned": 0,
                                                "operator_rows_scanned": 0,
                                                "operator_timing": 0.0012088170000000003,
                                                "children": [
                                                  {
                                                    "total_bytes_written": 0,
                                                    "total_bytes_read": 0,
                                                    "result_set_size": 881320,
                                                    "operator_name": "HASH_JOIN",
                                                    "cpu_time": 0.0,
                                                    "extra_info": {
                                                      "Join Type": "INNER",
                                                      "Conditions": "ss_store_sk = s_store_sk",
                                                      "Estimated Cardinality": "154525"
                                                    },
                                                    "cumulative_cardinality": 0,
                                                    "operator_type": "HASH_JOIN",
                                                    "operator_cardinality": 110165,
                                                    "cumulative_rows_scanned": 0,
                                                    "operator_rows_scanned": 0,
                                                    "operator_timing": 0.010170696999999996,
                                                    "children": [
                                                      {
                                                        "total_bytes_written": 0,
                                                        "total_bytes_read": 0,
                                                        "result_set_size": 8629032,
                                                        "operator_name": "HASH_JOIN",
                                                        "cpu_time": 0.0,
                                                        "extra_info": {
                                                          "Join Type": "INNER",
                                                          "Conditions": "ss_sold_time_sk = t_time_sk",
                                                          "Estimated Cardinality": "1404774"
                                                        },
                                                        "cumulative_cardinality": 0,
                                                        "operator_type": "HASH_JOIN",
                                                        "operator_cardinality": 719086,
                                                        "cumulative_rows_scanned": 0,
                                                        "operator_rows_scanned": 0,
                                                        "operator_timing": 0.034684383000000006,
                                                        "children": [
                                                          {
                                                            "total_bytes_written": 0,
                                                            "total_bytes_read": 0,
                                                            "result_set_size": 8629032,
                                                            "operator_name": "SEQ_SCAN ",
                                                            "cpu_time": 0.0,
                                                            "extra_info": {
                                                              "Table": "store_sales",
                                                              "Type": "Sequential Scan",
                                                              "Projections": [
                                                                "ss_sold_time_sk",
                                                                "ss_hdemo_sk",
                                                                "ss_store_sk"
                                                              ],
                                                              "Estimated Cardinality": "28800991"
                                                            },
                                                            "cumulative_cardinality": 0,
                                                            "operator_type": "TABLE_SCAN",
                                                            "operator_cardinality": 719086,
                                                            "cumulative_rows_scanned": 0,
                                                            "operator_rows_scanned": 806427748,
                                                            "operator_timing": 0.21270726599999995,
                                                            "children": []
                                                          },
                                                          {
                                                            "total_bytes_written": 0,
                                                            "total_bytes_read": 0,
                                                            "result_set_size": 7200,
                                                            "operator_name": "FILTER",
                                                            "cpu_time": 0.0,
                                                            "extra_info": {
                                                              "Expression": "(t_time_sk BETWEEN 28800 AND 75599)",
                                                              "Estimated Cardinality": "3600"
                                                            },
                                                            "cumulative_cardinality": 0,
                                                            "operator_type": "FILTER",
                                                            "operator_cardinality": 1800,
                                                            "cumulative_rows_scanned": 0,
                                                            "operator_rows_scanned": 0,
                                                            "operator_timing": 1.2916e-05,
                                                            "children": [
                                                              {
                                                                "total_bytes_written": 0,
                                                                "total_bytes_read": 0,
                                                                "result_set_size": 7200,
                                                                "operator_name": "SEQ_SCAN ",
                                                                "cpu_time": 0.0,
                                                                "extra_info": {
                                                                  "Table": "time_dim",
                                                                  "Type": "Sequential Scan",
                                                                  "Projections": "t_time_sk",
                                                                  "Filters": [
                                                                    "t_hour=11",
                                                                    "t_minute>=30"
                                                                  ],
                                                                  "Estimated Cardinality": "3600"
                                                                },
                                                                "cumulative_cardinality": 0,
                                                                "operator_type": "TABLE_SCAN",
                                                                "operator_cardinality": 1800,
                                                                "cumulative_rows_scanned": 0,
                                                                "operator_rows_scanned": 86400,
                                                                "operator_timing": 6.4901e-05,
                                                                "children": []
                                                              }
                                                            ]
                                                          }
                                                        ]
                                                      },
                                                      {
                                                        "total_bytes_written": 0,
                                                        "total_bytes_read": 0,
                                                        "result_set_size": 56,
                                                        "operator_name": "FILTER",
                                                        "cpu_time": 0.0,
                                                        "extra_info": {
                                                          "Expression": "(s_store_sk <= 100)",
                                                          "Estimated Cardinality": "11"
                                                        },
                                                        "cumulative_cardinality": 0,
                                                        "operator_type": "FILTER",
                                                        "operator_cardinality": 14,
                                                        "cumulative_rows_scanned": 0,
                                                        "operator_rows_scanned": 0,
                                                        "operator_timing": 1.0281e-05,
                                                        "children": [
                                                          {
                                                            "total_bytes_written": 0,
                                                            "total_bytes_read": 0,
                                                            "result_set_size": 56,
                                                            "operator_name": "SEQ_SCAN ",
                                                            "cpu_time": 0.0,
                                                            "extra_info": {
                                                              "Table": "store",
                                                              "Type": "Sequential Scan",
                                                              "Projections": "s_store_sk",
                                                              "Filters": "s_store_name='ese'",
                                                              "Estimated Cardinality": "11"
                                                            },
                                                            "cumulative_cardinality": 0,
                                                            "operator_type": "TABLE_SCAN",
                                                            "operator_cardinality": 14,
                                                            "cumulative_rows_scanned": 0,
                                                            "operator_rows_scanned": 102,
                                                            "operator_timing": 9.243e-06,
                                                            "children": []
                                                          }
                                                        ]
                                                      }
                                                    ]
                                                  },
                                                  {
                                                    "total_bytes_written": 0,
                                                    "total_bytes_read": 0,
                                                    "result_set_size": 5760,
                                                    "operator_name": "PROJECTION",
                                                    "cpu_time": 0.0,
                                                    "extra_info": {
                                                      "Projections": "#0",
                                                      "Estimated Cardinality": "1440"
                                                    },
                                                    "cumulative_cardinality": 0,
                                                    "operator_type": "PROJECTION",
                                                    "operator_cardinality": 1440,
                                                    "cumulative_rows_scanned": 0,
                                                    "operator_rows_scanned": 0,
                                                    "operator_timing": 9.23e-07,
                                                    "children": [
                                                      {
                                                        "total_bytes_written": 0,
                                                        "total_bytes_read": 0,
                                                        "result_set_size": 17280,
                                                        "operator_name": "FILTER",
                                                        "cpu_time": 0.0,
                                                        "extra_info": {
                                                          "Expression": "((hd_dep_count = 4) OR (hd_dep_count = 3))",
                                                          "Estimated Cardinality": "1440"
                                                        },
                                                        "cumulative_cardinality": 0,
                                                        "operator_type": "FILTER",
                                                        "operator_cardinality": 1440,
                                                        "cumulative_rows_scanned": 0,
                                                        "operator_rows_scanned": 0,
                                                        "operator_timing": 7.108900000000001e-05,
                                                        "children": [
                                                          {
                                                            "total_bytes_written": 0,
                                                            "total_bytes_read": 0,
                                                            "result_set_size": 86400,
                                                            "operator_name": "SEQ_SCAN ",
                                                            "cpu_time": 0.0,
                                                            "extra_info": {
                                                              "Table": "household_demographics",
                                                              "Type": "Sequential Scan",
                                                              "Projections": [
                                                                "hd_demo_sk",
                                                                "hd_dep_count",
                                                                "hd_vehicle_count"
                                                              ],
                                                              "Estimated Cardinality": "7200"
                                                            },
                                                            "cumulative_cardinality": 0,
                                                            "operator_type": "TABLE_SCAN",
                                                            "operator_cardinality": 7200,
                                                            "cumulative_rows_scanned": 0,
                                                            "operator_rows_scanned": 7200,
                                                            "operator_timing": 2.0375000000000004e-05,
                                                            "children": []
                                                          }
                                                        ]
                                                      }
                                                    ]
                                                  }
                                                ]
                                              }
                                            ]
                                          },
                                          {
                                            "total_bytes_written": 0,
                                            "total_bytes_read": 0,
                                            "result_set_size": 8,
                                            "operator_name": "UNGROUPED_AGGREGATE",
                                            "cpu_time": 0.0,
                                            "extra_info": {
                                              "Aggregates": "count_star()"
                                            },
                                            "cumulative_cardinality": 0,
                                            "operator_type": "UNGROUPED_AGGREGATE",
                                            "operator_cardinality": 1,
                                            "cumulative_rows_scanned": 0,
                                            "operator_rows_scanned": 0,
                                            "operator_timing": 0.00011290699999999998,
                                            "children": [
                                              {
                                                "total_bytes_written": 0,
                                                "total_bytes_read": 0,
                                                "result_set_size": 341916,
                                                "operator_name": "HASH_JOIN",
                                                "cpu_time": 0.0,
                                                "extra_info": {
                                                  "Join Type": "INNER",
                                                  "Conditions": "ss_hdemo_sk = hd_demo_sk",
                                                  "Estimated Cardinality": "30905"
                                                },
                                                "cumulative_cardinality": 0,
                                                "operator_type": "HASH_JOIN",
                                                "operator_cardinality": 28493,
                                                "cumulative_rows_scanned": 0,
                                                "operator_rows_scanned": 0,
                                                "operator_timing": 0.001134385,
                                                "children": [
                                                  {
                                                    "total_bytes_written": 0,
                                                    "total_bytes_read": 0,
                                                    "result_set_size": 1008240,
                                                    "operator_name": "HASH_JOIN",
                                                    "cpu_time": 0.0,
                                                    "extra_info": {
                                                      "Join Type": "INNER",
                                                      "Conditions": "ss_store_sk = s_store_sk",
                                                      "Estimated Cardinality": "154525"
                                                    },
                                                    "cumulative_cardinality": 0,
                                                    "operator_type": "HASH_JOIN",
                                                    "operator_cardinality": 126030,
                                                    "cumulative_rows_scanned": 0,
                                                    "operator_rows_scanned": 0,
                                                    "operator_timing": 0.012443840000000003,
                                                    "children": [
                                                      {
                                                        "total_bytes_written": 0,
                                                        "total_bytes_read": 0,
                                                        "result_set_size": 9973872,
                                                        "operator_name": "HASH_JOIN",
                                                        "cpu_time": 0.0,
                                                        "extra_info": {
                                                          "Join Type": "INNER",
                                                          "Conditions": "ss_sold_time_sk = t_time_sk",
                                                          "Estimated Cardinality": "1404774"
                                                        },
                                                        "cumulative_cardinality": 0,
                                                        "operator_type": "HASH_JOIN",
                                                        "operator_cardinality": 831156,
                                                        "cumulative_rows_scanned": 0,
                                                        "operator_rows_scanned": 0,
                                                        "operator_timing": 0.036142305,
                                                        "children": [
                                                          {
                                                            "total_bytes_written": 0,
                                                            "total_bytes_read": 0,
                                                            "result_set_size": 9973872,
                                                            "operator_name": "SEQ_SCAN ",
                                                            "cpu_time": 0.0,
                                                            "extra_info": {
                                                              "Table": "store_sales",
                                                              "Type": "Sequential Scan",
                                                              "Projections": [
                                                                "ss_sold_time_sk",
                                                                "ss_hdemo_sk",
                                                                "ss_store_sk"
                                                              ],
                                                              "Estimated Cardinality": "28800991"
                                                            },
                                                            "cumulative_cardinality": 0,
                                                            "operator_type": "TABLE_SCAN",
                                                            "operator_cardinality": 831156,
                                                            "cumulative_rows_scanned": 0,
                                                            "operator_rows_scanned": 806427748,
                                                            "operator_timing": 0.22325165800000005,
                                                            "children": []
                                                          },
                                                          {
                                                            "total_bytes_written": 0,
                                                            "total_bytes_read": 0,
                                                            "result_set_size": 7200,
                                                            "operator_name": "FILTER",
                                                            "cpu_time": 0.0,
                                                            "extra_info": {
                                                              "Expression": "(t_time_sk BETWEEN 28800 AND 75599)",
                                                              "Estimated Cardinality": "3600"
                                                            },
                                                            "cumulative_cardinality": 0,
                                                            "operator_type": "FILTER",
                                                            "operator_cardinality": 1800,
                                                            "cumulative_rows_scanned": 0,
                                                            "operator_rows_scanned": 0,
                                                            "operator_timing": 2.4785e-05,
                                                            "children": [
                                                              {
                                                                "total_bytes_written": 0,
                                                                "total_bytes_read": 0,
                                                                "result_set_size": 7200,
                                                                "operator_name": "SEQ_SCAN ",
                                                                "cpu_time": 0.0,
                                                                "extra_info": {
                                                                  "Table": "time_dim",
                                                                  "Type": "Sequential Scan",
                                                                  "Projections": "t_time_sk",
                                                                  "Filters": [
                                                                    "t_hour=12",
                                                                    "t_minute<30"
                                                                  ],
                                                                  "Estimated Cardinality": "3600"
                                                                },
                                                                "cumulative_cardinality": 0,
                                                                "operator_type": "TABLE_SCAN",
                                                                "operator_cardinality": 1800,
                                                                "cumulative_rows_scanned": 0,
                                                                "operator_rows_scanned": 86400,
                                                                "operator_timing": 0.00010085899999999999,
                                                                "children": []
                                                              }
                                                            ]
                                                          }
                                                        ]
                                                      },
                                                      {
                                                        "total_bytes_written": 0,
                                                        "total_bytes_read": 0,
                                                        "result_set_size": 56,
                                                        "operator_name": "FILTER",
                                                        "cpu_time": 0.0,
                                                        "extra_info": {
                                                          "Expression": "(s_store_sk <= 100)",
                                                          "Estimated Cardinality": "11"
                                                        },
                                                        "cumulative_cardinality": 0,
                                                        "operator_type": "FILTER",
                                                        "operator_cardinality": 14,
                                                        "cumulative_rows_scanned": 0,
                                                        "operator_rows_scanned": 0,
                                                        "operator_timing": 3.5323e-05,
                                                        "children": [
                                                          {
                                                            "total_bytes_written": 0,
                                                            "total_bytes_read": 0,
                                                            "result_set_size": 56,
                                                            "operator_name": "SEQ_SCAN ",
                                                            "cpu_time": 0.0,
                                                            "extra_info": {
                                                              "Table": "store",
                                                              "Type": "Sequential Scan",
                                                              "Projections": "s_store_sk",
                                                              "Filters": "s_store_name='ese'",
                                                              "Estimated Cardinality": "11"
                                                            },
                                                            "cumulative_cardinality": 0,
                                                            "operator_type": "TABLE_SCAN",
                                                            "operator_cardinality": 14,
                                                            "cumulative_rows_scanned": 0,
                                                            "operator_rows_scanned": 102,
                                                            "operator_timing": 3.0095999999999998e-05,
                                                            "children": []
                                                          }
                                                        ]
                                                      }
                                                    ]
                                                  },
                                                  {
                                                    "total_bytes_written": 0,
                                                    "total_bytes_read": 0,
                                                    "result_set_size": 5760,
                                                    "operator_name": "PROJECTION",
                                                    "cpu_time": 0.0,
                                                    "extra_info": {
                                                      "Projections": "#0",
                                                      "Estimated Cardinality": "1440"
                                                    },
                                                    "cumulative_cardinality": 0,
                                                    "operator_type": "PROJECTION",
                                                    "operator_cardinality": 1440,
                                                    "cumulative_rows_scanned": 0,
                                                    "operator_rows_scanned": 0,
                                                    "operator_timing": 4.51e-07,
                                                    "children": [
                                                      {
                                                        "total_bytes_written": 0,
                                                        "total_bytes_read": 0,
                                                        "result_set_size": 17280,
                                                        "operator_name": "FILTER",
                                                        "cpu_time": 0.0,
                                                        "extra_info": {
                                                          "Expression": "((hd_dep_count = 4) OR (hd_dep_count = 3))",
                                                          "Estimated Cardinality": "1440"
                                                        },
                                                        "cumulative_cardinality": 0,
                                                        "operator_type": "FILTER",
                                                        "operator_cardinality": 1440,
                                                        "cumulative_rows_scanned": 0,
                                                        "operator_rows_scanned": 0,
                                                        "operator_timing": 3.5168e-05,
                                                        "children": [
                                                          {
                                                            "total_bytes_written": 0,
                                                            "total_bytes_read": 0,
                                                            "result_set_size": 86400,
                                                            "operator_name": "SEQ_SCAN ",
                                                            "cpu_time": 0.0,
                                                            "extra_info": {
                                                              "Table": "household_demographics",
                                                              "Type": "Sequential Scan",
                                                              "Projections": [
                                                                "hd_demo_sk",
                                                                "hd_dep_count",
                                                                "hd_vehicle_count"
                                                              ],
                                                              "Estimated Cardinality": "7200"
                                                            },
                                                            "cumulative_cardinality": 0,
                                                            "operator_type": "TABLE_SCAN",
                                                            "operator_cardinality": 7200,
                                                            "cumulative_rows_scanned": 0,
                                                            "operator_rows_scanned": 7200,
                                                            "operator_timing": 1.2325999999999999e-05,
                                                            "children": []
                                                          }
                                                        ]
                                                      }
                                                    ]
                                                  }
                                                ]
                                              }
                                            ]
                                          }
                                        ]
                                      },
                                      {
                                        "total_bytes_written": 0,
                                        "total_bytes_read": 0,
                                        "result_set_size": 8,
                                        "operator_name": "UNGROUPED_AGGREGATE",
                                        "cpu_time": 0.0,
                                        "extra_info": {
                                          "Aggregates": "count_star()"
                                        },
                                        "cumulative_cardinality": 0,
                                        "operator_type": "UNGROUPED_AGGREGATE",
                                        "operator_cardinality": 1,
                                        "cumulative_rows_scanned": 0,
                                        "operator_rows_scanned": 0,
                                        "operator_timing": 9.988599999999996e-05,
                                        "children": [
                                          {
                                            "total_bytes_written": 0,
                                            "total_bytes_read": 0,
                                            "result_set_size": 315060,
                                            "operator_name": "HASH_JOIN",
                                            "cpu_time": 0.0,
                                            "extra_info": {
                                              "Join Type": "INNER",
                                              "Conditions": "ss_hdemo_sk = hd_demo_sk",
                                              "Estimated Cardinality": "30905"
                                            },
                                            "cumulative_cardinality": 0,
                                            "operator_type": "HASH_JOIN",
                                            "operator_cardinality": 26255,
                                            "cumulative_rows_scanned": 0,
                                            "operator_rows_scanned": 0,
                                            "operator_timing": 0.001153149,
                                            "children": [
                                              {
                                                "total_bytes_written": 0,
                                                "total_bytes_read": 0,
                                                "result_set_size": 884256,
                                                "operator_name": "HASH_JOIN",
                                                "cpu_time": 0.0,
                                                "extra_info": {
                                                  "Join Type": "INNER",
                                                  "Conditions": "ss_store_sk = s_store_sk",
                                                  "Estimated Cardinality": "154525"
                                                },
                                                "cumulative_cardinality": 0,
                                                "operator_type": "HASH_JOIN",
                                                "operator_cardinality": 110532,
                                                "cumulative_rows_scanned": 0,
                                                "operator_rows_scanned": 0,
                                                "operator_timing": 0.010341593,
                                                "children": [
                                                  {
                                                    "total_bytes_written": 0,
                                                    "total_bytes_read": 0,
                                                    "result_set_size": 8655900,
                                                    "operator_name": "HASH_JOIN",
                                                    "cpu_time": 0.0,
                                                    "extra_info": {
                                                      "Join Type": "INNER",
                                                      "Conditions": "ss_sold_time_sk = t_time_sk",
                                                      "Estimated Cardinality": "1404774"
                                                    },
                                                    "cumulative_cardinality": 0,
                                                    "operator_type": "HASH_JOIN",
                                                    "operator_cardinality": 721325,
                                                    "cumulative_rows_scanned": 0,
                                                    "operator_rows_scanned": 0,
                                                    "operator_timing": 0.039107195,
                                                    "children": [
                                                      {
                                                        "total_bytes_written": 0,
                                                        "total_bytes_read": 0,
                                                        "result_set_size": 8655900,
                                                        "operator_name": "SEQ_SCAN ",
                                                        "cpu_time": 0.0,
                                                        "extra_info": {
                                                          "Table": "store_sales",
                                                          "Type": "Sequential Scan",
                                                          "Projections": [
                                                            "ss_sold_time_sk",
                                                            "ss_hdemo_sk",
                                                            "ss_store_sk"
                                                          ],
                                                          "Estimated Cardinality": "28800991"
                                                        },
                                                        "cumulative_cardinality": 0,
                                                        "operator_type": "TABLE_SCAN",
                                                        "operator_cardinality": 721325,
                                                        "cumulative_rows_scanned": 0,
                                                        "operator_rows_scanned": 806427748,
                                                        "operator_timing": 0.22174976500000004,
                                                        "children": []
                                                      },
                                                      {
                                                        "total_bytes_written": 0,
                                                        "total_bytes_read": 0,
                                                        "result_set_size": 7200,
                                                        "operator_name": "FILTER",
                                                        "cpu_time": 0.0,
                                                        "extra_info": {
                                                          "Expression": "(t_time_sk BETWEEN 28800 AND 75599)",
                                                          "Estimated Cardinality": "3600"
                                                        },
                                                        "cumulative_cardinality": 0,
                                                        "operator_type": "FILTER",
                                                        "operator_cardinality": 1800,
                                                        "cumulative_rows_scanned": 0,
                                                        "operator_rows_scanned": 0,
                                                        "operator_timing": 7.874000000000001e-06,
                                                        "children": [
                                                          {
                                                            "total_bytes_written": 0,
                                                            "total_bytes_read": 0,
                                                            "result_set_size": 7200,
                                                            "operator_name": "SEQ_SCAN ",
                                                            "cpu_time": 0.0,
                                                            "extra_info": {
                                                              "Table": "time_dim",
                                                              "Type": "Sequential Scan",
                                                              "Projections": "t_time_sk",
                                                              "Filters": [
                                                                "t_hour=11",
                                                                "t_minute<30"
                                                              ],
                                                              "Estimated Cardinality": "3600"
                                                            },
                                                            "cumulative_cardinality": 0,
                                                            "operator_type": "TABLE_SCAN",
                                                            "operator_cardinality": 1800,
                                                            "cumulative_rows_scanned": 0,
                                                            "operator_rows_scanned": 86400,
                                                            "operator_timing": 4.3076999999999994e-05,
                                                            "children": []
                                                          }
                                                        ]
                                                      }
                                                    ]
                                                  },
                                                  {
                                                    "total_bytes_written": 0,
                                                    "total_bytes_read": 0,
                                                    "result_set_size": 56,
                                                    "operator_name": "FILTER",
                                                    "cpu_time": 0.0,
                                                    "extra_info": {
                                                      "Expression": "(s_store_sk <= 100)",
                                                      "Estimated Cardinality": "11"
                                                    },
                                                    "cumulative_cardinality": 0,
                                                    "operator_type": "FILTER",
                                                    "operator_cardinality": 14,
                                                    "cumulative_rows_scanned": 0,
                                                    "operator_rows_scanned": 0,
                                                    "operator_timing": 8.573e-06,
                                                    "children": [
                                                      {
                                                        "total_bytes_written": 0,
                                                        "total_bytes_read": 0,
                                                        "result_set_size": 56,
                                                        "operator_name": "SEQ_SCAN ",
                                                        "cpu_time": 0.0,
                                                        "extra_info": {
                                                          "Table": "store",
                                                          "Type": "Sequential Scan",
                                                          "Projections": "s_store_sk",
                                                          "Filters": "s_store_name='ese'",
                                                          "Estimated Cardinality": "11"
                                                        },
                                                        "cumulative_cardinality": 0,
                                                        "operator_type": "TABLE_SCAN",
                                                        "operator_cardinality": 14,
                                                        "cumulative_rows_scanned": 0,
                                                        "operator_rows_scanned": 102,
                                                        "operator_timing": 1.0869e-05,
                                                        "children": []
                                                      }
                                                    ]
                                                  }
                                                ]
                                              },
                                              {
                                                "total_bytes_written": 0,
                                                "total_bytes_read": 0,
                                                "result_set_size": 5760,
                                                "operator_name": "PROJECTION",
                                                "cpu_time": 0.0,
                                                "extra_info": {
                                                  "Projections": "#0",
                                                  "Estimated Cardinality": "1440"
                                                },
                                                "cumulative_cardinality": 0,
                                                "operator_type": "PROJECTION",
                                                "operator_cardinality": 1440,
                                                "cumulative_rows_scanned": 0,
                                                "operator_rows_scanned": 0,
                                                "operator_timing": 4.95e-07,
                                                "children": [
                                                  {
                                                    "total_bytes_written": 0,
                                                    "total_bytes_read": 0,
                                                    "result_set_size": 17280,
                                                    "operator_name": "FILTER",
                                                    "cpu_time": 0.0,
                                                    "extra_info": {
                                                      "Expression": "((hd_dep_count = 4) OR (hd_dep_count = 3))",
                                                      "Estimated Cardinality": "1440"
                                                    },
                                                    "cumulative_cardinality": 0,
                                                    "operator_type": "FILTER",
                                                    "operator_cardinality": 1440,
                                                    "cumulative_rows_scanned": 0,
                                                    "operator_rows_scanned": 0,
                                                    "operator_timing": 3.3973e-05,
                                                    "children": [
                                                      {
                                                        "total_bytes_written": 0,
                                                        "total_bytes_read": 0,
                                                        "result_set_size": 86400,
                                                        "operator_name": "SEQ_SCAN ",
                                                        "cpu_time": 0.0,
                                                        "extra_info": {
                                                          "Table": "household_demographics",
                                                          "Type": "Sequential Scan",
                                                          "Projections": [
                                                            "hd_demo_sk",
                                                            "hd_dep_count",
                                                            "hd_vehicle_count"
                                                          ],
                                                          "Estimated Cardinality": "7200"
                                                        },
                                                        "cumulative_cardinality": 0,
                                                        "operator_type": "TABLE_SCAN",
                                                        "operator_cardinality": 7200,
                                                        "cumulative_rows_scanned": 0,
                                                        "operator_rows_scanned": 7200,
                                                        "operator_timing": 1.1993e-05,
                                                        "children": []
                                                      }
                                                    ]
                                                  }
                                                ]
                                              }
                                            ]
                                          }
                                        ]
                                      }
                                    ]
                                  },
                                  {
                                    "total_bytes_written": 0,
                                    "total_bytes_read": 0,
                                    "result_set_size": 8,
                                    "operator_name": "UNGROUPED_AGGREGATE",
                                    "cpu_time": 0.0,
                                    "extra_info": {
                                      "Aggregates": "count_star()"
                                    },
                                    "cumulative_cardinality": 0,
                                    "operator_type": "UNGROUPED_AGGREGATE",
                                    "operator_cardinality": 1,
                                    "cumulative_rows_scanned": 0,
                                    "operator_rows_scanned": 0,
                                    "operator_timing": 0.00013214100000000003,
                                    "children": [
                                      {
                                        "total_bytes_written": 0,
                                        "total_bytes_read": 0,
                                        "result_set_size": 541944,
                                        "operator_name": "HASH_JOIN",
                                        "cpu_time": 0.0,
                                        "extra_info": {
                                          "Join Type": "INNER",
                                          "Conditions": "ss_hdemo_sk = hd_demo_sk",
                                          "Estimated Cardinality": "30905"
                                        },
                                        "cumulative_cardinality": 0,
                                        "operator_type": "HASH_JOIN",
                                        "operator_cardinality": 45162,
                                        "cumulative_rows_scanned": 0,
                                        "operator_rows_scanned": 0,
                                        "operator_timing": 0.0010611449999999999,
                                        "children": [
                                          {
                                            "total_bytes_written": 0,
                                            "total_bytes_read": 0,
                                            "result_set_size": 1535656,
                                            "operator_name": "HASH_JOIN",
                                            "cpu_time": 0.0,
                                            "extra_info": {
                                              "Join Type": "INNER",
                                              "Conditions": "ss_store_sk = s_store_sk",
                                              "Estimated Cardinality": "154525"
                                            },
                                            "cumulative_cardinality": 0,
                                            "operator_type": "HASH_JOIN",
                                            "operator_cardinality": 191957,
                                            "cumulative_rows_scanned": 0,
                                            "operator_rows_scanned": 0,
                                            "operator_timing": 0.028253743,
                                            "children": [
                                              {
                                                "total_bytes_written": 0,
                                                "total_bytes_read": 0,
                                                "result_set_size": 15044064,
                                                "operator_name": "HASH_JOIN",
                                                "cpu_time": 0.0,
                                                "extra_info": {
                                                  "Join Type": "INNER",
                                                  "Conditions": "ss_sold_time_sk = t_time_sk",
                                                  "Estimated Cardinality": "1404774"
                                                },
                                                "cumulative_cardinality": 0,
                                                "operator_type": "HASH_JOIN",
                                                "operator_cardinality": 1253672,
                                                "cumulative_rows_scanned": 0,
                                                "operator_rows_scanned": 0,
                                                "operator_timing": 0.031184835999999997,
                                                "children": [
                                                  {
                                                    "total_bytes_written": 0,
                                                    "total_bytes_read": 0,
                                                    "result_set_size": 15044064,
                                                    "operator_name": "SEQ_SCAN ",
                                                    "cpu_time": 0.0,
                                                    "extra_info": {
                                                      "Table": "store_sales",
                                                      "Type": "Sequential Scan",
                                                      "Projections": [
                                                        "ss_sold_time_sk",
                                                        "ss_hdemo_sk",
                                                        "ss_store_sk"
                                                      ],
                                                      "Estimated Cardinality": "28800991"
                                                    },
                                                    "cumulative_cardinality": 0,
                                                    "operator_type": "TABLE_SCAN",
                                                    "operator_cardinality": 1253672,
                                                    "cumulative_rows_scanned": 0,
                                                    "operator_rows_scanned": 806427748,
                                                    "operator_timing": 0.240646741,
                                                    "children": []
                                                  },
                                                  {
                                                    "total_bytes_written": 0,
                                                    "total_bytes_read": 0,
                                                    "result_set_size": 7200,
                                                    "operator_name": "FILTER",
                                                    "cpu_time": 0.0,
                                                    "extra_info": {
                                                      "Expression": "(t_time_sk BETWEEN 28800 AND 75599)",
                                                      "Estimated Cardinality": "3600"
                                                    },
                                                    "cumulative_cardinality": 0,
                                                    "operator_type": "FILTER",
                                                    "operator_cardinality": 1800,
                                                    "cumulative_rows_scanned": 0,
                                                    "operator_rows_scanned": 0,
                                                    "operator_timing": 1.0164e-05,
                                                    "children": [
                                                      {
                                                        "total_bytes_written": 0,
                                                        "total_bytes_read": 0,
                                                        "result_set_size": 7200,
                                                        "operator_name": "SEQ_SCAN ",
                                                        "cpu_time": 0.0,
                                                        "extra_info": {
                                                          "Table": "time_dim",
                                                          "Type": "Sequential Scan",
                                                          "Projections": "t_time_sk",
                                                          "Filters": [
                                                            "t_hour=10",
                                                            "t_minute>=30"
                                                          ],
                                                          "Estimated Cardinality": "3600"
                                                        },
                                                        "cumulative_cardinality": 0,
                                                        "operator_type": "TABLE_SCAN",
                                                        "operator_cardinality": 1800,
                                                        "cumulative_rows_scanned": 0,
                                                        "operator_rows_scanned": 86400,
                                                        "operator_timing": 5.8598e-05,
                                                        "children": []
                                                      }
                                                    ]
                                                  }
                                                ]
                                              },
                                              {
                                                "total_bytes_written": 0,
                                                "total_bytes_read": 0,
                                                "result_set_size": 56,
                                                "operator_name": "FILTER",
                                                "cpu_time": 0.0,
                                                "extra_info": {
                                                  "Expression": "(s_store_sk <= 100)",
                                                  "Estimated Cardinality": "11"
                                                },
                                                "cumulative_cardinality": 0,
                                                "operator_type": "FILTER",
                                                "operator_cardinality": 14,
                                                "cumulative_rows_scanned": 0,
                                                "operator_rows_scanned": 0,
                                                "operator_timing": 1.7195e-05,
                                                "children": [
                                                  {
                                                    "total_bytes_written": 0,
                                                    "total_bytes_read": 0,
                                                    "result_set_size": 56,
                                                    "operator_name": "SEQ_SCAN ",
                                                    "cpu_time": 0.0,
                                                    "extra_info": {
                                                      "Table": "store",
                                                      "Type": "Sequential Scan",
                                                      "Projections": "s_store_sk",
                                                      "Filters": "s_store_name='ese'",
                                                      "Estimated Cardinality": "11"
                                                    },
                                                    "cumulative_cardinality": 0,
                                                    "operator_type": "TABLE_SCAN",
                                                    "operator_cardinality": 14,
                                                    "cumulative_rows_scanned": 0,
                                                    "operator_rows_scanned": 102,
                                                    "operator_timing": 1.9894e-05,
                                                    "children": []
                                                  }
                                                ]
                                              }
                                            ]
                                          },
                                          {
                                            "total_bytes_written": 0,
                                            "total_bytes_read": 0,
                                            "result_set_size": 5760,
                                            "operator_name": "PROJECTION",
                                            "cpu_time": 0.0,
                                            "extra_info": {
                                              "Projections": "#0",
                                              "Estimated Cardinality": "1440"
                                            },
                                            "cumulative_cardinality": 0,
                                            "operator_type": "PROJECTION",
                                            "operator_cardinality": 1440,
                                            "cumulative_rows_scanned": 0,
                                            "operator_rows_scanned": 0,
                                            "operator_timing": 5.599999999999999e-07,
                                            "children": [
                                              {
                                                "total_bytes_written": 0,
                                                "total_bytes_read": 0,
                                                "result_set_size": 17280,
                                                "operator_name": "FILTER",
                                                "cpu_time": 0.0,
                                                "extra_info": {
                                                  "Expression": "((hd_dep_count = 4) OR (hd_dep_count = 3))",
                                                  "Estimated Cardinality": "1440"
                                                },
                                                "cumulative_cardinality": 0,
                                                "operator_type": "FILTER",
                                                "operator_cardinality": 1440,
                                                "cumulative_rows_scanned": 0,
                                                "operator_rows_scanned": 0,
                                                "operator_timing": 3.0917e-05,
                                                "children": [
                                                  {
                                                    "total_bytes_written": 0,
                                                    "total_bytes_read": 0,
                                                    "result_set_size": 86400,
                                                    "operator_name": "SEQ_SCAN ",
                                                    "cpu_time": 0.0,
                                                    "extra_info": {
                                                      "Table": "household_demographics",
                                                      "Type": "Sequential Scan",
                                                      "Projections": [
                                                        "hd_demo_sk",
                                                        "hd_dep_count",
                                                        "hd_vehicle_count"
                                                      ],
                                                      "Estimated Cardinality": "7200"
                                                    },
                                                    "cumulative_cardinality": 0,
                                                    "operator_type": "TABLE_SCAN",
                                                    "operator_cardinality": 7200,
                                                    "cumulative_rows_scanned": 0,
                                                    "operator_rows_scanned": 7200,
                                                    "operator_timing": 4.3834e-05,
                                                    "children": []
                                                  }
                                                ]
                                              }
                                            ]
                                          }
                                        ]
                                      }
                                    ]
                                  }
                                ]
                              },
                              {
                                "total_bytes_written": 0,
                                "total_bytes_read": 0,
                                "result_set_size": 8,
                                "operator_name": "UNGROUPED_AGGREGATE",
                                "cpu_time": 0.0,
                                "extra_info": {
                                  "Aggregates": "count_star()"
                                },
                                "cumulative_cardinality": 0,
                                "operator_type": "UNGROUPED_AGGREGATE",
                                "operator_cardinality": 1,
                                "cumulative_rows_scanned": 0,
                                "operator_rows_scanned": 0,
                                "operator_timing": 0.00022245499999999998,
                                "children": [
                                  {
                                    "total_bytes_written": 0,
                                    "total_bytes_read": 0,
                                    "result_set_size": 501300,
                                    "operator_name": "HASH_JOIN",
                                    "cpu_time": 0.0,
                                    "extra_info": {
                                      "Join Type": "INNER",
                                      "Conditions": "ss_hdemo_sk = hd_demo_sk",
                                      "Estimated Cardinality": "30905"
                                    },
                                    "cumulative_cardinality": 0,
                                    "operator_type": "HASH_JOIN",
                                    "operator_cardinality": 41775,
                                    "cumulative_rows_scanned": 0,
                                    "operator_rows_scanned": 0,
                                    "operator_timing": 0.0013864440000000001,
                                    "children": [
                                      {
                                        "total_bytes_written": 0,
                                        "total_bytes_read": 0,
                                        "result_set_size": 1505768,
                                        "operator_name": "HASH_JOIN",
                                        "cpu_time": 0.0,
                                        "extra_info": {
                                          "Join Type": "INNER",
                                          "Conditions": "ss_store_sk = s_store_sk",
                                          "Estimated Cardinality": "154525"
                                        },
                                        "cumulative_cardinality": 0,
                                        "operator_type": "HASH_JOIN",
                                        "operator_cardinality": 188221,
                                        "cumulative_rows_scanned": 0,
                                        "operator_rows_scanned": 0,
                                        "operator_timing": 0.024626604,
                                        "children": [
                                          {
                                            "total_bytes_written": 0,
                                            "total_bytes_read": 0,
                                            "result_set_size": 14869812,
                                            "operator_name": "HASH_JOIN",
                                            "cpu_time": 0.0,
                                            "extra_info": {
                                              "Join Type": "INNER",
                                              "Conditions": "ss_sold_time_sk = t_time_sk",
                                              "Estimated Cardinality": "1404774"
                                            },
                                            "cumulative_cardinality": 0,
                                            "operator_type": "HASH_JOIN",
                                            "operator_cardinality": 1239151,
                                            "cumulative_rows_scanned": 0,
                                            "operator_rows_scanned": 0,
                                            "operator_timing": 0.03626691999999999,
                                            "children": [
                                              {
                                                "total_bytes_written": 0,
                                                "total_bytes_read": 0,
                                                "result_set_size": 14869812,
                                                "operator_name": "SEQ_SCAN ",
                                                "cpu_time": 0.0,
                                                "extra_info": {
                                                  "Table": "store_sales",
                                                  "Type": "Sequential Scan",
                                                  "Projections": [
                                                    "ss_sold_time_sk",
                                                    "ss_hdemo_sk",
                                                    "ss_store_sk"
                                                  ],
                                                  "Estimated Cardinality": "28800991"
                                                },
                                                "cumulative_cardinality": 0,
                                                "operator_type": "TABLE_SCAN",
                                                "operator_cardinality": 1239151,
                                                "cumulative_rows_scanned": 0,
                                                "operator_rows_scanned": 806427748,
                                                "operator_timing": 0.2279736929999999,
                                                "children": []
                                              },
                                              {
                                                "total_bytes_written": 0,
                                                "total_bytes_read": 0,
                                                "result_set_size": 7200,
                                                "operator_name": "FILTER",
                                                "cpu_time": 0.0,
                                                "extra_info": {
                                                  "Expression": "(t_time_sk BETWEEN 28800 AND 75599)",
                                                  "Estimated Cardinality": "3600"
                                                },
                                                "cumulative_cardinality": 0,
                                                "operator_type": "FILTER",
                                                "operator_cardinality": 1800,
                                                "cumulative_rows_scanned": 0,
                                                "operator_rows_scanned": 0,
                                                "operator_timing": 1.1393e-05,
                                                "children": [
                                                  {
                                                    "total_bytes_written": 0,
                                                    "total_bytes_read": 0,
                                                    "result_set_size": 7200,
                                                    "operator_name": "SEQ_SCAN ",
                                                    "cpu_time": 0.0,
                                                    "extra_info": {
                                                      "Table": "time_dim",
                                                      "Type": "Sequential Scan",
                                                      "Projections": "t_time_sk",
                                                      "Filters": [
                                                        "t_hour=10",
                                                        "t_minute<30"
                                                      ],
                                                      "Estimated Cardinality": "3600"
                                                    },
                                                    "cumulative_cardinality": 0,
                                                    "operator_type": "TABLE_SCAN",
                                                    "operator_cardinality": 1800,
                                                    "cumulative_rows_scanned": 0,
                                                    "operator_rows_scanned": 86400,
                                                    "operator_timing": 3.983e-05,
                                                    "children": []
                                                  }
                                                ]
                                              }
                                            ]
                                          },
                                          {
                                            "total_bytes_written": 0,
                                            "total_bytes_read": 0,
                                            "result_set_size": 56,
                                            "operator_name": "FILTER",
                                            "cpu_time": 0.0,
                                            "extra_info": {
                                              "Expression": "(s_store_sk <= 100)",
                                              "Estimated Cardinality": "11"
                                            },
                                            "cumulative_cardinality": 0,
                                            "operator_type": "FILTER",
                                            "operator_cardinality": 14,
                                            "cumulative_rows_scanned": 0,
                                            "operator_rows_scanned": 0,
                                            "operator_timing": 1.0347000000000001e-05,
                                            "children": [
                                              {
                                                "total_bytes_written": 0,
                                                "total_bytes_read": 0,
                                                "result_set_size": 56,
                                                "operator_name": "SEQ_SCAN ",
                                                "cpu_time": 0.0,
                                                "extra_info": {
                                                  "Table": "store",
                                                  "Type": "Sequential Scan",
                                                  "Projections": "s_store_sk",
                                                  "Filters": "s_store_name='ese'",
                                                  "Estimated Cardinality": "11"
                                                },
                                                "cumulative_cardinality": 0,
                                                "operator_type": "TABLE_SCAN",
                                                "operator_cardinality": 14,
                                                "cumulative_rows_scanned": 0,
                                                "operator_rows_scanned": 102,
                                                "operator_timing": 1.4074e-05,
                                                "children": []
                                              }
                                            ]
                                          }
                                        ]
                                      },
                                      {
                                        "total_bytes_written": 0,
                                        "total_bytes_read": 0,
                                        "result_set_size": 5760,
                                        "operator_name": "PROJECTION",
                                        "cpu_time": 0.0,
                                        "extra_info": {
                                          "Projections": "#0",
                                          "Estimated Cardinality": "1440"
                                        },
                                        "cumulative_cardinality": 0,
                                        "operator_type": "PROJECTION",
                                        "operator_cardinality": 1440,
                                        "cumulative_rows_scanned": 0,
                                        "operator_rows_scanned": 0,
                                        "operator_timing": 3.96e-07,
                                        "children": [
                                          {
                                            "total_bytes_written": 0,
                                            "total_bytes_read": 0,
                                            "result_set_size": 17280,
                                            "operator_name": "FILTER",
                                            "cpu_time": 0.0,
                                            "extra_info": {
                                              "Expression": "((hd_dep_count = 4) OR (hd_dep_count = 3))",
                                              "Estimated Cardinality": "1440"
                                            },
                                            "cumulative_cardinality": 0,
                                            "operator_type": "FILTER",
                                            "operator_cardinality": 1440,
                                            "cumulative_rows_scanned": 0,
                                            "operator_rows_scanned": 0,
                                            "operator_timing": 3.6443e-05,
                                            "children": [
                                              {
                                                "total_bytes_written": 0,
                                                "total_bytes_read": 0,
                                                "result_set_size": 86400,
                                                "operator_name": "SEQ_SCAN ",
                                                "cpu_time": 0.0,
                                                "extra_info": {
                                                  "Table": "household_demographics",
                                                  "Type": "Sequential Scan",
                                                  "Projections": [
                                                    "hd_demo_sk",
                                                    "hd_dep_count",
                                                    "hd_vehicle_count"
                                                  ],
                                                  "Estimated Cardinality": "7200"
                                                },
                                                "cumulative_cardinality": 0,
                                                "operator_type": "TABLE_SCAN",
                                                "operator_cardinality": 7200,
                                                "cumulative_rows_scanned": 0,
                                                "operator_rows_scanned": 7200,
                                                "operator_timing": 1.4228e-05,
                                                "children": []
                                              }
                                            ]
                                          }
                                        ]
                                      }
                                    ]
                                  }
                                ]
                              }
                            ]
                          },
                          {
                            "total_bytes_written": 0,
                            "total_bytes_read": 0,
                            "result_set_size": 8,
                            "operator_name": "UNGROUPED_AGGREGATE",
                            "cpu_time": 0.0,
                            "extra_info": {
                              "Aggregates": "count_star()"
                            },
                            "cumulative_cardinality": 0,
                            "operator_type": "UNGROUPED_AGGREGATE",
                            "operator_cardinality": 1,
                            "cumulative_rows_scanned": 0,
                            "operator_rows_scanned": 0,
                            "operator_timing": 9.503900000000002e-05,
                            "children": [
                              {
                                "total_bytes_written": 0,
                                "total_bytes_read": 0,
                                "result_set_size": 351060,
                                "operator_name": "HASH_JOIN",
                                "cpu_time": 0.0,
                                "extra_info": {
                                  "Join Type": "INNER",
                                  "Conditions": "ss_hdemo_sk = hd_demo_sk",
                                  "Estimated Cardinality": "30905"
                                },
                                "cumulative_cardinality": 0,
                                "operator_type": "HASH_JOIN",
                                "operator_cardinality": 29255,
                                "cumulative_rows_scanned": 0,
                                "operator_rows_scanned": 0,
                                "operator_timing": 0.0011838819999999996,
                                "children": [
                                  {
                                    "total_bytes_written": 0,
                                    "total_bytes_read": 0,
                                    "result_set_size": 1005824,
                                    "operator_name": "HASH_JOIN",
                                    "cpu_time": 0.0,
                                    "extra_info": {
                                      "Join Type": "INNER",
                                      "Conditions": "ss_store_sk = s_store_sk",
                                      "Estimated Cardinality": "154525"
                                    },
                                    "cumulative_cardinality": 0,
                                    "operator_type": "HASH_JOIN",
                                    "operator_cardinality": 125728,
                                    "cumulative_rows_scanned": 0,
                                    "operator_rows_scanned": 0,
                                    "operator_timing": 0.013298788999999997,
                                    "children": [
                                      {
                                        "total_bytes_written": 0,
                                        "total_bytes_read": 0,
                                        "result_set_size": 9981084,
                                        "operator_name": "HASH_JOIN",
                                        "cpu_time": 0.0,
                                        "extra_info": {
                                          "Join Type": "INNER",
                                          "Conditions": "ss_sold_time_sk = t_time_sk",
                                          "Estimated Cardinality": "1404774"
                                        },
                                        "cumulative_cardinality": 0,
                                        "operator_type": "HASH_JOIN",
                                        "operator_cardinality": 831757,
                                        "cumulative_rows_scanned": 0,
                                        "operator_rows_scanned": 0,
                                        "operator_timing": 0.03758043099999999,
                                        "children": [
                                          {
                                            "total_bytes_written": 0,
                                            "total_bytes_read": 0,
                                            "result_set_size": 9981084,
                                            "operator_name": "SEQ_SCAN ",
                                            "cpu_time": 0.0,
                                            "extra_info": {
                                              "Table": "store_sales",
                                              "Type": "Sequential Scan",
                                              "Projections": [
                                                "ss_sold_time_sk",
                                                "ss_hdemo_sk",
                                                "ss_store_sk"
                                              ],
                                              "Estimated Cardinality": "28800991"
                                            },
                                            "cumulative_cardinality": 0,
                                            "operator_type": "TABLE_SCAN",
                                            "operator_cardinality": 831757,
                                            "cumulative_rows_scanned": 0,
                                            "operator_rows_scanned": 806427748,
                                            "operator_timing": 0.24146005600000003,
                                            "children": []
                                          },
                                          {
                                            "total_bytes_written": 0,
                                            "total_bytes_read": 0,
                                            "result_set_size": 7200,
                                            "operator_name": "FILTER",
                                            "cpu_time": 0.0,
                                            "extra_info": {
                                              "Expression": "(t_time_sk BETWEEN 28800 AND 75599)",
                                              "Estimated Cardinality": "3600"
                                            },
                                            "cumulative_cardinality": 0,
                                            "operator_type": "FILTER",
                                            "operator_cardinality": 1800,
                                            "cumulative_rows_scanned": 0,
                                            "operator_rows_scanned": 0,
                                            "operator_timing": 8.181999999999999e-06,
                                            "children": [
                                              {
                                                "total_bytes_written": 0,
                                                "total_bytes_read": 0,
                                                "result_set_size": 7200,
                                                "operator_name": "SEQ_SCAN ",
                                                "cpu_time": 0.0,
                                                "extra_info": {
                                                  "Table": "time_dim",
                                                  "Type": "Sequential Scan",
                                                  "Projections": "t_time_sk",
                                                  "Filters": [
                                                    "t_hour=9",
                                                    "t_minute>=30"
                                                  ],
                                                  "Estimated Cardinality": "3600"
                                                },
                                                "cumulative_cardinality": 0,
                                                "operator_type": "TABLE_SCAN",
                                                "operator_cardinality": 1800,
                                                "cumulative_rows_scanned": 0,
                                                "operator_rows_scanned": 86400,
                                                "operator_timing": 4.3007000000000003e-05,
                                                "children": []
                                              }
                                            ]
                                          }
                                        ]
                                      },
                                      {
                                        "total_bytes_written": 0,
                                        "total_bytes_read": 0,
                                        "result_set_size": 56,
                                        "operator_name": "FILTER",
                                        "cpu_time": 0.0,
                                        "extra_info": {
                                          "Expression": "(s_store_sk <= 100)",
                                          "Estimated Cardinality": "11"
                                        },
                                        "cumulative_cardinality": 0,
                                        "operator_type": "FILTER",
                                        "operator_cardinality": 14,
                                        "cumulative_rows_scanned": 0,
                                        "operator_rows_scanned": 0,
                                        "operator_timing": 9.129e-06,
                                        "children": [
                                          {
                                            "total_bytes_written": 0,
                                            "total_bytes_read": 0,
                                            "result_set_size": 56,
                                            "operator_name": "SEQ_SCAN ",
                                            "cpu_time": 0.0,
                                            "extra_info": {
                                              "Table": "store",
                                              "Type": "Sequential Scan",
                                              "Projections": "s_store_sk",
                                              "Filters": "s_store_name='ese'",
                                              "Estimated Cardinality": "11"
                                            },
                                            "cumulative_cardinality": 0,
                                            "operator_type": "TABLE_SCAN",
                                            "operator_cardinality": 14,
                                            "cumulative_rows_scanned": 0,
                                            "operator_rows_scanned": 102,
                                            "operator_timing": 1.2303e-05,
                                            "children": []
                                          }
                                        ]
                                      }
                                    ]
                                  },
                                  {
                                    "total_bytes_written": 0,
                                    "total_bytes_read": 0,
                                    "result_set_size": 5760,
                                    "operator_name": "PROJECTION",
                                    "cpu_time": 0.0,
                                    "extra_info": {
                                      "Projections": "#0",
                                      "Estimated Cardinality": "1440"
                                    },
                                    "cumulative_cardinality": 0,
                                    "operator_type": "PROJECTION",
                                    "operator_cardinality": 1440,
                                    "cumulative_rows_scanned": 0,
                                    "operator_rows_scanned": 0,
                                    "operator_timing": 5.68e-07,
                                    "children": [
                                      {
                                        "total_bytes_written": 0,
                                        "total_bytes_read": 0,
                                        "result_set_size": 17280,
                                        "operator_name": "FILTER",
                                        "cpu_time": 0.0,
                                        "extra_info": {
                                          "Expression": "((hd_dep_count = 4) OR (hd_dep_count = 3))",
                                          "Estimated Cardinality": "1440"
                                        },
                                        "cumulative_cardinality": 0,
                                        "operator_type": "FILTER",
                                        "operator_cardinality": 1440,
                                        "cumulative_rows_scanned": 0,
                                        "operator_rows_scanned": 0,
                                        "operator_timing": 4.2258999999999996e-05,
                                        "children": [
                                          {
                                            "total_bytes_written": 0,
                                            "total_bytes_read": 0,
                                            "result_set_size": 86400,
                                            "operator_name": "SEQ_SCAN ",
                                            "cpu_time": 0.0,
                                            "extra_info": {
                                              "Table": "household_demographics",
                                              "Type": "Sequential Scan",
                                              "Projections": [
                                                "hd_demo_sk",
                                                "hd_dep_count",
                                                "hd_vehicle_count"
                                              ],
                                              "Estimated Cardinality": "7200"
                                            },
                                            "cumulative_cardinality": 0,
                                            "operator_type": "TABLE_SCAN",
                                            "operator_cardinality": 7200,
                                            "cumulative_rows_scanned": 0,
                                            "operator_rows_scanned": 7200,
                                            "operator_timing": 2.5066e-05,
                                            "children": []
                                          }
                                        ]
                                      }
                                    ]
                                  }
                                ]
                              }
                            ]
                          }
                        ]
                      },
                      {
                        "total_bytes_written": 0,
                        "total_bytes_read": 0,
                        "result_set_size": 8,
                        "operator_name": "UNGROUPED_AGGREGATE",
                        "cpu_time": 0.0,
                        "extra_info": {
                          "Aggregates": "count_star()"
                        },
                        "cumulative_cardinality": 0,
                        "operator_type": "UNGROUPED_AGGREGATE",
                        "operator_cardinality": 1,
                        "cumulative_rows_scanned": 0,
                        "operator_rows_scanned": 0,
                        "operator_timing": 9.1698e-05,
                        "children": [
                          {
                            "total_bytes_written": 0,
                            "total_bytes_read": 0,
                            "result_set_size": 348408,
                            "operator_name": "HASH_JOIN",
                            "cpu_time": 0.0,
                            "extra_info": {
                              "Join Type": "INNER",
                              "Conditions": "ss_hdemo_sk = hd_demo_sk",
                              "Estimated Cardinality": "30905"
                            },
                            "cumulative_cardinality": 0,
                            "operator_type": "HASH_JOIN",
                            "operator_cardinality": 29034,
                            "cumulative_rows_scanned": 0,
                            "operator_rows_scanned": 0,
                            "operator_timing": 0.0012046819999999999,
                            "children": [
                              {
                                "total_bytes_written": 0,
                                "total_bytes_read": 0,
                                "result_set_size": 1014472,
                                "operator_name": "HASH_JOIN",
                                "cpu_time": 0.0,
                                "extra_info": {
                                  "Join Type": "INNER",
                                  "Conditions": "ss_store_sk = s_store_sk",
                                  "Estimated Cardinality": "154525"
                                },
                                "cumulative_cardinality": 0,
                                "operator_type": "HASH_JOIN",
                                "operator_cardinality": 126809,
                                "cumulative_rows_scanned": 0,
                                "operator_rows_scanned": 0,
                                "operator_timing": 0.012637236000000001,
                                "children": [
                                  {
                                    "total_bytes_written": 0,
                                    "total_bytes_read": 0,
                                    "result_set_size": 10013808,
                                    "operator_name": "HASH_JOIN",
                                    "cpu_time": 0.0,
                                    "extra_info": {
                                      "Join Type": "INNER",
                                      "Conditions": "ss_sold_time_sk = t_time_sk",
                                      "Estimated Cardinality": "1404774"
                                    },
                                    "cumulative_cardinality": 0,
                                    "operator_type": "HASH_JOIN",
                                    "operator_cardinality": 834484,
                                    "cumulative_rows_scanned": 0,
                                    "operator_rows_scanned": 0,
                                    "operator_timing": 0.035340865,
                                    "children": [
                                      {
                                        "total_bytes_written": 0,
                                        "total_bytes_read": 0,
                                        "result_set_size": 10013808,
                                        "operator_name": "SEQ_SCAN ",
                                        "cpu_time": 0.0,
                                        "extra_info": {
                                          "Table": "store_sales",
                                          "Type": "Sequential Scan",
                                          "Projections": [
                                            "ss_sold_time_sk",
                                            "ss_hdemo_sk",
                                            "ss_store_sk"
                                          ],
                                          "Estimated Cardinality": "28800991"
                                        },
                                        "cumulative_cardinality": 0,
                                        "operator_type": "TABLE_SCAN",
                                        "operator_cardinality": 834484,
                                        "cumulative_rows_scanned": 0,
                                        "operator_rows_scanned": 806427748,
                                        "operator_timing": 0.233608237,
                                        "children": []
                                      },
                                      {
                                        "total_bytes_written": 0,
                                        "total_bytes_read": 0,
                                        "result_set_size": 7200,
                                        "operator_name": "FILTER",
                                        "cpu_time": 0.0,
                                        "extra_info": {
                                          "Expression": "(t_time_sk BETWEEN 28800 AND 75599)",
                                          "Estimated Cardinality": "3600"
                                        },
                                        "cumulative_cardinality": 0,
                                        "operator_type": "FILTER",
                                        "operator_cardinality": 1800,
                                        "cumulative_rows_scanned": 0,
                                        "operator_rows_scanned": 0,
                                        "operator_timing": 1.2000999999999999e-05,
                                        "children": [
                                          {
                                            "total_bytes_written": 0,
                                            "total_bytes_read": 0,
                                            "result_set_size": 7200,
                                            "operator_name": "SEQ_SCAN ",
                                            "cpu_time": 0.0,
                                            "extra_info": {
                                              "Table": "time_dim",
                                              "Type": "Sequential Scan",
                                              "Projections": "t_time_sk",
                                              "Filters": [
                                                "t_hour=9",
                                                "t_minute<30"
                                              ],
                                              "Estimated Cardinality": "3600"
                                            },
                                            "cumulative_cardinality": 0,
                                            "operator_type": "TABLE_SCAN",
                                            "operator_cardinality": 1800,
                                            "cumulative_rows_scanned": 0,
                                            "operator_rows_scanned": 86400,
                                            "operator_timing": 4.8169999999999995e-05,
                                            "children": []
                                          }
                                        ]
                                      }
                                    ]
                                  },
                                  {
                                    "total_bytes_written": 0,
                                    "total_bytes_read": 0,
                                    "result_set_size": 56,
                                    "operator_name": "FILTER",
                                    "cpu_time": 0.0,
                                    "extra_info": {
                                      "Expression": "(s_store_sk <= 100)",
                                      "Estimated Cardinality": "11"
                                    },
                                    "cumulative_cardinality": 0,
                                    "operator_type": "FILTER",
                                    "operator_cardinality": 14,
                                    "cumulative_rows_scanned": 0,
                                    "operator_rows_scanned": 0,
                                    "operator_timing": 1.5128999999999999e-05,
                                    "children": [
                                      {
                                        "total_bytes_written": 0,
                                        "total_bytes_read": 0,
                                        "result_set_size": 56,
                                        "operator_name": "SEQ_SCAN ",
                                        "cpu_time": 0.0,
                                        "extra_info": {
                                          "Table": "store",
                                          "Type": "Sequential Scan",
                                          "Projections": "s_store_sk",
                                          "Filters": "s_store_name='ese'",
                                          "Estimated Cardinality": "11"
                                        },
                                        "cumulative_cardinality": 0,
                                        "operator_type": "TABLE_SCAN",
                                        "operator_cardinality": 14,
                                        "cumulative_rows_scanned": 0,
                                        "operator_rows_scanned": 102,
                                        "operator_timing": 1.5709e-05,
                                        "children": []
                                      }
                                    ]
                                  }
                                ]
                              },
                              {
                                "total_bytes_written": 0,
                                "total_bytes_read": 0,
                                "result_set_size": 5760,
                                "operator_name": "PROJECTION",
                                "cpu_time": 0.0,
                                "extra_info": {
                                  "Projections": "#0",
                                  "Estimated Cardinality": "1440"
                                },
                                "cumulative_cardinality": 0,
                                "operator_type": "PROJECTION",
                                "operator_cardinality": 1440,
                                "cumulative_rows_scanned": 0,
                                "operator_rows_scanned": 0,
                                "operator_timing": 4.18e-07,
                                "children": [
                                  {
                                    "total_bytes_written": 0,
                                    "total_bytes_read": 0,
                                    "result_set_size": 17280,
                                    "operator_name": "FILTER",
                                    "cpu_time": 0.0,
                                    "extra_info": {
                                      "Expression": "((hd_dep_count = 4) OR (hd_dep_count = 3))",
                                      "Estimated Cardinality": "1440"
                                    },
                                    "cumulative_cardinality": 0,
                                    "operator_type": "FILTER",
                                    "operator_cardinality": 1440,
                                    "cumulative_rows_scanned": 0,
                                    "operator_rows_scanned": 0,
                                    "operator_timing": 4.0874e-05,
                                    "children": [
                                      {
                                        "total_bytes_written": 0,
                                        "total_bytes_read": 0,
                                        "result_set_size": 86400,
                                        "operator_name": "SEQ_SCAN ",
                                        "cpu_time": 0.0,
                                        "extra_info": {
                                          "Table": "household_demographics",
                                          "Type": "Sequential Scan",
                                          "Projections": [
                                            "hd_demo_sk",
                                            "hd_dep_count",
                                            "hd_vehicle_count"
                                          ],
                                          "Estimated Cardinality": "7200"
                                        },
                                        "cumulative_cardinality": 0,
                                        "operator_type": "TABLE_SCAN",
                                        "operator_cardinality": 7200,
                                        "cumulative_rows_scanned": 0,
                                        "operator_rows_scanned": 7200,
                                        "operator_timing": 1.0671999999999999e-05,
                                        "children": []
                                      }
                                    ]
                                  }
                                ]
                              }
                            ]
                          }
                        ]
                      }
                    ]
                  },
                  {
                    "total_bytes_written": 0,
                    "total_bytes_read": 0,
                    "result_set_size": 8,
                    "operator_name": "UNGROUPED_AGGREGATE",
                    "cpu_time": 0.0,
                    "extra_info": {
                      "Aggregates": "count_star()"
                    },
                    "cumulative_cardinality": 0,
                    "operator_type": "UNGROUPED_AGGREGATE",
                    "operator_cardinality": 1,
                    "cumulative_rows_scanned": 0,
                    "operator_rows_scanned": 0,
                    "operator_timing": 9.403800000000002e-05,
                    "children": [
                      {
                        "total_bytes_written": 0,
                        "total_bytes_read": 0,
                        "result_set_size": 177204,
                        "operator_name": "HASH_JOIN",
                        "cpu_time": 0.0,
                        "extra_info": {
                          "Join Type": "INNER",
                          "Conditions": "ss_hdemo_sk = hd_demo_sk",
                          "Estimated Cardinality": "30905"
                        },
                        "cumulative_cardinality": 0,
                        "operator_type": "HASH_JOIN",
                        "operator_cardinality": 14767,
                        "cumulative_rows_scanned": 0,
                        "operator_rows_scanned": 0,
                        "operator_timing": 0.00116063,
                        "children": [
                          {
                            "total_bytes_written": 0,
                            "total_bytes_read": 0,
                            "result_set_size": 515824,
                            "operator_name": "HASH_JOIN",
                            "cpu_time": 0.0,
                            "extra_info": {
                              "Join Type": "INNER",
                              "Conditions": "ss_store_sk = s_store_sk",
                              "Estimated Cardinality": "154525"
                            },
                            "cumulative_cardinality": 0,
                            "operator_type": "HASH_JOIN",
                            "operator_cardinality": 64478,
                            "cumulative_rows_scanned": 0,
                            "operator_rows_scanned": 0,
                            "operator_timing": 0.002275775,
                            "children": [
                              {
                                "total_bytes_written": 0,
                                "total_bytes_read": 0,
                                "result_set_size": 5022564,
                                "operator_name": "HASH_JOIN",
                                "cpu_time": 0.0,
                                "extra_info": {
                                  "Join Type": "INNER",
                                  "Conditions": "ss_sold_time_sk = t_time_sk",
                                  "Estimated Cardinality": "1404774"
                                },
                                "cumulative_cardinality": 0,
                                "operator_type": "HASH_JOIN",
                                "operator_cardinality": 418547,
                                "cumulative_rows_scanned": 0,
                                "operator_rows_scanned": 0,
                                "operator_timing": 0.03544737900000001,
                                "children": [
                                  {
                                    "total_bytes_written": 0,
                                    "total_bytes_read": 0,
                                    "result_set_size": 5022564,
                                    "operator_name": "SEQ_SCAN ",
                                    "cpu_time": 0.0,
                                    "extra_info": {
                                      "Table": "store_sales",
                                      "Type": "Sequential Scan",
                                      "Projections": [
                                        "ss_sold_time_sk",
                                        "ss_hdemo_sk",
                                        "ss_store_sk"
                                      ],
                                      "Estimated Cardinality": "28800991"
                                    },
                                    "cumulative_cardinality": 0,
                                    "operator_type": "TABLE_SCAN",
                                    "operator_cardinality": 418547,
                                    "cumulative_rows_scanned": 0,
                                    "operator_rows_scanned": 806427748,
                                    "operator_timing": 0.220901071,
                                    "children": []
                                  },
                                  {
                                    "total_bytes_written": 0,
                                    "total_bytes_read": 0,
                                    "result_set_size": 7200,
                                    "operator_name": "FILTER",
                                    "cpu_time": 0.0,
                                    "extra_info": {
                                      "Expression": "(t_time_sk BETWEEN 28800 AND 75599)",
                                      "Estimated Cardinality": "3600"
                                    },
                                    "cumulative_cardinality": 0,
                                    "operator_type": "FILTER",
                                    "operator_cardinality": 1800,
                                    "cumulative_rows_scanned": 0,
                                    "operator_rows_scanned": 0,
                                    "operator_timing": 2.1723000000000002e-05,
                                    "children": [
                                      {
                                        "total_bytes_written": 0,
                                        "total_bytes_read": 0,
                                        "result_set_size": 7200,
                                        "operator_name": "SEQ_SCAN ",
                                        "cpu_time": 0.0,
                                        "extra_info": {
                                          "Table": "time_dim",
                                          "Type": "Sequential Scan",
                                          "Projections": "t_time_sk",
                                          "Filters": [
                                            "t_hour=8",
                                            "t_minute>=30"
                                          ],
                                          "Estimated Cardinality": "3600"
                                        },
                                        "cumulative_cardinality": 0,
                                        "operator_type": "TABLE_SCAN",
                                        "operator_cardinality": 1800,
                                        "cumulative_rows_scanned": 0,
                                        "operator_rows_scanned": 86400,
                                        "operator_timing": 4.6725e-05,
                                        "children": []
                                      }
                                    ]
                                  }
                                ]
                              },
                              {
                                "total_bytes_written": 0,
                                "total_bytes_read": 0,
                                "result_set_size": 56,
                                "operator_name": "FILTER",
                                "cpu_time": 0.0,
                                "extra_info": {
                                  "Expression": "(s_store_sk <= 100)",
                                  "Estimated Cardinality": "11"
                                },
                                "cumulative_cardinality": 0,
                                "operator_type": "FILTER",
                                "operator_cardinality": 14,
                                "cumulative_rows_scanned": 0,
                                "operator_rows_scanned": 0,
                                "operator_timing": 9.958999999999999e-06,
                                "children": [
                                  {
                                    "total_bytes_written": 0,
                                    "total_bytes_read": 0,
                                    "result_set_size": 56,
                                    "operator_name": "SEQ_SCAN ",
                                    "cpu_time": 0.0,
                                    "extra_info": {
                                      "Table": "store",
                                      "Type": "Sequential Scan",
                                      "Projections": "s_store_sk",
                                      "Filters": "s_store_name='ese'",
                                      "Estimated Cardinality": "11"
                                    },
                                    "cumulative_cardinality": 0,
                                    "operator_type": "TABLE_SCAN",
                                    "operator_cardinality": 14,
                                    "cumulative_rows_scanned": 0,
                                    "operator_rows_scanned": 102,
                                    "operator_timing": 1.4068e-05,
                                    "children": []
                                  }
                                ]
                              }
                            ]
                          },
                          {
                            "total_bytes_written": 0,
                            "total_bytes_read": 0,
                            "result_set_size": 5760,
                            "operator_name": "PROJECTION",
                            "cpu_time": 0.0,
                            "extra_info": {
                              "Projections": "#0",
                              "Estimated Cardinality": "1440"
                            },
                            "cumulative_cardinality": 0,
                            "operator_type": "PROJECTION",
                            "operator_cardinality": 1440,
                            "cumulative_rows_scanned": 0,
                            "operator_rows_scanned": 0,
                            "operator_timing": 4.4500000000000003e-07,
                            "children": [
                              {
                                "total_bytes_written": 0,
                                "total_bytes_read": 0,
                                "result_set_size": 17280,
                                "operator_name": "FILTER",
                                "cpu_time": 0.0,
                                "extra_info": {
                                  "Expression": "((hd_dep_count = 4) OR (hd_dep_count = 3))",
                                  "Estimated Cardinality": "1440"
                                },
                                "cumulative_cardinality": 0,
                                "operator_type": "FILTER",
                                "operator_cardinality": 1440,
                                "cumulative_rows_scanned": 0,
                                "operator_rows_scanned": 0,
                                "operator_timing": 3.8186e-05,
                                "children": [
                                  {
                                    "total_bytes_written": 0,
                                    "total_bytes_read": 0,
                                    "result_set_size": 86400,
                                    "operator_name": "SEQ_SCAN ",
                                    "cpu_time": 0.0,
                                    "extra_info": {
                                      "Table": "household_demographics",
                                      "Type": "Sequential Scan",
                                      "Projections": [
                                        "hd_demo_sk",
                                        "hd_dep_count",
                                        "hd_vehicle_count"
                                      ],
                                      "Estimated Cardinality": "7200"
                                    },
                                    "cumulative_cardinality": 0,
                                    "operator_type": "TABLE_SCAN",
                                    "operator_cardinality": 7200,
                                    "cumulative_rows_scanned": 0,
                                    "operator_rows_scanned": 7200,
                                    "operator_timing": 1.5102000000000002e-05,
                                    "children": []
                                  }
                                ]
                              }
                            ]
                          }
                        ]
                      }
                    ]
                  }
                ]
              }
            ]
          }
        ]
      }
    ]
  },
  "actual_rows": 0,
  "collected_at": "2026-02-16T10:20:05.997277",
  "query_id": "query_88"
}