{
  "execution_time_ms": 0.0,
  "plan_text": "\u250c\u2500\u2500\u2500\u2500\u2500\u2500\u2500\u2500\u2500\u2500\u2500\u2500\u2500\u2500\u2500\u2500\u2500\u2500\u2500\u2500\u2500\u2510\n\u2502        TOP_N        \u2502\n\u2502    \u2500\u2500\u2500\u2500\u2500\u2500\u2500\u2500\u2500\u2500\u2500\u2500\u2500\u2500   \u2502\n\u2502       Top: 100      \u2502\n\u2502                     \u2502\n\u2502      Order By:      \u2502\n\u2502  x.w_warehouse_name \u2502\n\u2502          ASC        \u2502\n\u2514\u2500\u2500\u2500\u2500\u2500\u2500\u2500\u2500\u2500\u2500\u252c\u2500\u2500\u2500\u2500\u2500\u2500\u2500\u2500\u2500\u2500\u2518\n\u250c\u2500\u2500\u2500\u2500\u2500\u2500\u2500\u2500\u2500\u2500\u2534\u2500\u2500\u2500\u2500\u2500\u2500\u2500\u2500\u2500\u2500\u2510\n\u2502      PROJECTION     \u2502\n\u2502    \u2500\u2500\u2500\u2500\u2500\u2500\u2500\u2500\u2500\u2500\u2500\u2500\u2500\u2500   \u2502\n\u2502          #0         \u2502\n\u2502          #1         \u2502\n\u2502__internal_decompress\u2502\n\u2502     _string(#2)     \u2502\n\u2502__internal_decompress\u2502\n\u2502     _string(#3)     \u2502\n\u2502__internal_decompress\u2502\n\u2502     _string(#4)     \u2502\n\u2502__internal_decompress\u2502\n\u2502     _string(#5)     \u2502\n\u2502          #6         \u2502\n\u2502__internal_decompress\u2502\n\u2502 _integral_integer(#7\u2502\n\u2502       , 1998)       \u2502\n\u2502          #8         \u2502\n\u2502          #9         \u2502\n\u2502         #10         \u2502\n\u2502         #11         \u2502\n\u2502         #12         \u2502\n\u2502         #13         \u2502\n\u2502         #14         \u2502\n\u2502         ...         \u2502\n\u2502         #29         \u2502\n\u2502         #30         \u2502\n\u2502         #31         \u2502\n\u2502         #32         \u2502\n\u2502         #33         \u2502\n\u2502         #34         \u2502\n\u2502         #35         \u2502\n\u2502         #36         \u2502\n\u2502         #37         \u2502\n\u2502         #38         \u2502\n\u2502         #39         \u2502\n\u2502         #40         \u2502\n\u2502         #41         \u2502\n\u2502         #42         \u2502\n\u2502         #43         \u2502\n\u2502                     \u2502\n\u2502     ~6,835 rows     \u2502\n\u2514\u2500\u2500\u2500\u2500\u2500\u2500\u2500\u2500\u2500\u2500\u252c\u2500\u2500\u2500\u2500\u2500\u2500\u2500\u2500\u2500\u2500\u2518\n\u250c\u2500\u2500\u2500\u2500\u2500\u2500\u2500\u2500\u2500\u2500\u2534\u2500\u2500\u2500\u2500\u2500\u2500\u2500\u2500\u2500\u2500\u2510\n\u2502    HASH_GROUP_BY    \u2502\n\u2502    \u2500\u2500\u2500\u2500\u2500\u2500\u2500\u2500\u2500\u2500\u2500\u2500\u2500\u2500   \u2502\n\u2502       Groups:       \u2502\n\u2502          #0         \u2502\n\u2502          #1         \u2502\n\u2502          #2         \u2502\n\u2502          #3         \u2502\n\u2502          #4         \u2502\n\u2502          #5         \u2502\n\u2502          #6         \u2502\n\u2502          #7         \u2502\n\u2502                     \u2502\n\u2502     Aggregates:     \u2502\n\u2502       sum(#8)       \u2502\n\u2502       sum(#9)       \u2502\n\u2502       sum(#10)      \u2502\n\u2502       sum(#11)      \u2502\n\u2502       sum(#12)      \u2502\n\u2502       sum(#13)      \u2502\n\u2502       sum(#14)      \u2502\n\u2502       sum(#15)      \u2502\n\u2502       sum(#16)      \u2502\n\u2502       sum(#17)      \u2502\n\u2502       sum(#18)      \u2502\n\u2502       sum(#19)      \u2502\n\u2502       sum(#20)      \u2502\n\u2502       sum(#21)      \u2502\n\u2502         ...         \u2502\n\u2502       sum(#29)      \u2502\n\u2502       sum(#30)      \u2502\n\u2502       sum(#31)      \u2502\n\u2502       sum(#32)      \u2502\n\u2502       sum(#33)      \u2502\n\u2502       sum(#34)      \u2502\n\u2502       sum(#35)      \u2502\n\u2502       sum(#36)      \u2502\n\u2502       sum(#37)      \u2502\n\u2502       sum(#38)      \u2502\n\u2502       sum(#39)      \u2502\n\u2502       sum(#40)      \u2502\n\u2502       sum(#41)      \u2502\n\u2502       sum(#42)      \u2502\n\u2502       sum(#43)      \u2502\n\u2502                     \u2502\n\u2502     ~6,835 rows     \u2502\n\u2514\u2500\u2500\u2500\u2500\u2500\u2500\u2500\u2500\u2500\u2500\u252c\u2500\u2500\u2500\u2500\u2500\u2500\u2500\u2500\u2500\u2500\u2518\n\u250c\u2500\u2500\u2500\u2500\u2500\u2500\u2500\u2500\u2500\u2500\u2534\u2500\u2500\u2500\u2500\u2500\u2500\u2500\u2500\u2500\u2500\u2510\n\u2502      PROJECTION     \u2502\n\u2502    \u2500\u2500\u2500\u2500\u2500\u2500\u2500\u2500\u2500\u2500\u2500\u2500\u2500\u2500   \u2502\n\u2502   w_warehouse_name  \u2502\n\u2502  w_warehouse_sq_ft  \u2502\n\u2502        w_city       \u2502\n\u2502       w_county      \u2502\n\u2502       w_state       \u2502\n\u2502      w_country      \u2502\n\u2502    ship_carriers    \u2502\n\u2502         year        \u2502\n\u2502      jan_sales      \u2502\n\u2502      feb_sales      \u2502\n\u2502      mar_sales      \u2502\n\u2502      apr_sales      \u2502\n\u2502      may_sales      \u2502\n\u2502      jun_sales      \u2502\n\u2502      jul_sales      \u2502\n\u2502         ...         \u2502\n\u2502  (CAST(oct_sales AS \u2502\n\u2502    DOUBLE) / #20)   \u2502\n\u2502  (CAST(nov_sales AS \u2502\n\u2502    DOUBLE) / #20)   \u2502\n\u2502  (CAST(dec_sales AS \u2502\n\u2502    DOUBLE) / #20)   \u2502\n\u2502       jan_net       \u2502\n\u2502       feb_net       \u2502\n\u2502       mar_net       \u2502\n\u2502       apr_net       \u2502\n\u2502       may_net       \u2502\n\u2502       jun_net       \u2502\n\u2502       jul_net       \u2502\n\u2502       aug_net       \u2502\n\u2502       sep_net       \u2502\n\u2502       oct_net       \u2502\n\u2502       nov_net       \u2502\n\u2502       dec_net       \u2502\n\u2502                     \u2502\n\u2502     ~6,835 rows     \u2502\n\u2514\u2500\u2500\u2500\u2500\u2500\u2500\u2500\u2500\u2500\u2500\u252c\u2500\u2500\u2500\u2500\u2500\u2500\u2500\u2500\u2500\u2500\u2518\n\u250c\u2500\u2500\u2500\u2500\u2500\u2500\u2500\u2500\u2500\u2500\u2534\u2500\u2500\u2500\u2500\u2500\u2500\u2500\u2500\u2500\u2500\u2510\n\u2502      PROJECTION     \u2502\n\u2502    \u2500\u2500\u2500\u2500\u2500\u2500\u2500\u2500\u2500\u2500\u2500\u2500\u2500\u2500   \u2502\n\u2502          #0         \u2502\n\u2502          #1         \u2502\n\u2502__internal_compress_s\u2502\n\u2502  tring_uhugeint(#2) \u2502\n\u2502__internal_compress_s\u2502\n\u2502  tring_uhugeint(#3) \u2502\n\u2502__internal_compress_s\u2502\n\u2502  tring_uinteger(#4) \u2502\n\u2502__internal_compress_s\u2502\n\u2502  tring_uhugeint(#5) \u2502\n\u2502          #6         \u2502\n\u2502__internal_compress_i\u2502\n\u2502 ntegral_utinyint(#7,\u2502\n\u2502         1998)       \u2502\n\u2502          #8         \u2502\n\u2502          #9         \u2502\n\u2502         #10         \u2502\n\u2502         #11         \u2502\n\u2502         #12         \u2502\n\u2502         #13         \u2502\n\u2502         #14         \u2502\n\u2502         ...         \u2502\n\u2502         #18         \u2502\n\u2502         #19         \u2502\n\u2502         #20         \u2502\n\u2502         #21         \u2502\n\u2502         #22         \u2502\n\u2502         #23         \u2502\n\u2502         #24         \u2502\n\u2502         #25         \u2502\n\u2502         #26         \u2502\n\u2502         #27         \u2502\n\u2502         #28         \u2502\n\u2502         #29         \u2502\n\u2502         #30         \u2502\n\u2502         #31         \u2502\n\u2502         #32         \u2502\n\u2502                     \u2502\n\u2502     ~6,835 rows     \u2502\n\u2514\u2500\u2500\u2500\u2500\u2500\u2500\u2500\u2500\u2500\u2500\u252c\u2500\u2500\u2500\u2500\u2500\u2500\u2500\u2500\u2500\u2500\u2518\n\u250c\u2500\u2500\u2500\u2500\u2500\u2500\u2500\u2500\u2500\u2500\u2534\u2500\u2500\u2500\u2500\u2500\u2500\u2500\u2500\u2500\u2500\u2510\n\u2502      PROJECTION     \u2502\n\u2502    \u2500\u2500\u2500\u2500\u2500\u2500\u2500\u2500\u2500\u2500\u2500\u2500\u2500\u2500   \u2502\n\u2502   w_warehouse_name  \u2502\n\u2502  w_warehouse_sq_ft  \u2502\n\u2502        w_city       \u2502\n\u2502       w_county      \u2502\n\u2502       w_state       \u2502\n\u2502      w_country      \u2502\n\u2502    ship_carriers    \u2502\n\u2502         year        \u2502\n\u2502      jan_sales      \u2502\n\u2502      feb_sales      \u2502\n\u2502      mar_sales      \u2502\n\u2502      apr_sales      \u2502\n\u2502      may_sales      \u2502\n\u2502      jun_sales      \u2502\n\u2502      jul_sales      \u2502\n\u2502         ...         \u2502\n\u2502      nov_sales      \u2502\n\u2502      dec_sales      \u2502\n\u2502CAST(w_warehouse_sq_f\u2502\n\u2502     t AS DOUBLE)    \u2502\n\u2502       jan_net       \u2502\n\u2502       feb_net       \u2502\n\u2502       mar_net       \u2502\n\u2502       apr_net       \u2502\n\u2502       may_net       \u2502\n\u2502       jun_net       \u2502\n\u2502       jul_net       \u2502\n\u2502       aug_net       \u2502\n\u2502       sep_net       \u2502\n\u2502       oct_net       \u2502\n\u2502       nov_net       \u2502\n\u2502       dec_net       \u2502\n\u2502                     \u2502\n\u2502     ~6,835 rows     \u2502\n\u2514\u2500\u2500\u2500\u2500\u2500\u2500\u2500\u2500\u2500\u2500\u252c\u2500\u2500\u2500\u2500\u2500\u2500\u2500\u2500\u2500\u2500\u2518\n\u250c\u2500\u2500\u2500\u2500\u2500\u2500\u2500\u2500\u2500\u2500\u2534\u2500\u2500\u2500\u2500\u2500\u2500\u2500\u2500\u2500\u2500\u2510\n\u2502        UNION        \u251c\u2500\u2500\u2500\u2500\u2500\u2500\u2500\u2500\u2500\u2500\u2500\u2500\u2500\u2500\u2500\u2500\u2500\u2500\u2500\u2500\u2500\u2500\u2500\u2500\u2500\u2500\u2500\u2500\u2500\u2500\u2500\u2500\u2500\u2500\u2500\u2500\u2500\u2500\u2500\u2500\u2500\u2500\u2500\u2500\u2500\u2500\u2500\u2500\u2500\u2500\u2500\u2500\u2500\u2500\u2500\u2500\u2500\u2500\u2500\u2500\u2500\u2500\u2500\u2500\u2500\u2500\u2500\u2500\u2500\u2500\u2500\u2500\u2500\u2500\u2500\u2500\u2500\u2500\u2500\u2500\u2500\u2500\u2500\u2500\u2500\u2500\u2500\u2500\u2500\u2500\u2500\u2500\u2500\u2500\u2500\u2500\u2500\u2500\u2500\u2500\u2500\u2500\u2500\u2510\n\u2514\u2500\u2500\u2500\u2500\u2500\u2500\u2500\u2500\u2500\u2500\u252c\u2500\u2500\u2500\u2500\u2500\u2500\u2500\u2500\u2500\u2500\u2518                                                                                                       \u2502\n\u250c\u2500\u2500\u2500\u2500\u2500\u2500\u2500\u2500\u2500\u2500\u2534\u2500\u2500\u2500\u2500\u2500\u2500\u2500\u2500\u2500\u2500\u2510                                                                                            \u250c\u2500\u2500\u2500\u2500\u2500\u2500\u2500\u2500\u2500\u2500\u2534\u2500\u2500\u2500\u2500\u2500\u2500\u2500\u2500\u2500\u2500\u2510\n\u2502      PROJECTION     \u2502                                                                                            \u2502      PROJECTION     \u2502\n\u2502    \u2500\u2500\u2500\u2500\u2500\u2500\u2500\u2500\u2500\u2500\u2500\u2500\u2500\u2500   \u2502                                                                                            \u2502    \u2500\u2500\u2500\u2500\u2500\u2500\u2500\u2500\u2500\u2500\u2500\u2500\u2500\u2500   \u2502\n\u2502   w_warehouse_name  \u2502                                                                                            \u2502   w_warehouse_name  \u2502\n\u2502  w_warehouse_sq_ft  \u2502                                                                                            \u2502  w_warehouse_sq_ft  \u2502\n\u2502        w_city       \u2502                                                                                            \u2502        w_city       \u2502\n\u2502       w_county      \u2502                                                                                            \u2502       w_county      \u2502\n\u2502       w_state       \u2502                                                                                            \u2502       w_state       \u2502\n\u2502      w_country      \u2502                                                                                            \u2502      w_country      \u2502\n\u2502    ship_carriers    \u2502                                                                                            \u2502    ship_carriers    \u2502\n\u2502         year        \u2502                                                                                            \u2502         year        \u2502\n\u2502      jan_sales      \u2502                                                                                            \u2502      jan_sales      \u2502\n\u2502      feb_sales      \u2502                                                                                            \u2502      feb_sales      \u2502\n\u2502      mar_sales      \u2502                                                                                            \u2502      mar_sales      \u2502\n\u2502      apr_sales      \u2502                                                                                            \u2502      apr_sales      \u2502\n\u2502      may_sales      \u2502                                                                                            \u2502      may_sales      \u2502\n\u2502      jun_sales      \u2502                                                                                            \u2502      jun_sales      \u2502\n\u2502      jul_sales      \u2502                                                                                            \u2502      jul_sales      \u2502\n\u2502         ...         \u2502                                                                                            \u2502         ...         \u2502\n\u2502      oct_sales      \u2502                                                                                            \u2502      oct_sales      \u2502\n\u2502      nov_sales      \u2502                                                                                            \u2502      nov_sales      \u2502\n\u2502      dec_sales      \u2502                                                                                            \u2502      dec_sales      \u2502\n\u2502       jan_net       \u2502                                                                                            \u2502       jan_net       \u2502\n\u2502       feb_net       \u2502                                                                                            \u2502       feb_net       \u2502\n\u2502       mar_net       \u2502                                                                                            \u2502       mar_net       \u2502\n\u2502       apr_net       \u2502                                                                                            \u2502       apr_net       \u2502\n\u2502       may_net       \u2502                                                                                            \u2502       may_net       \u2502\n\u2502       jun_net       \u2502                                                                                            \u2502       jun_net       \u2502\n\u2502       jul_net       \u2502                                                                                            \u2502       jul_net       \u2502\n\u2502       aug_net       \u2502                                                                                            \u2502       aug_net       \u2502\n\u2502       sep_net       \u2502                                                                                            \u2502       sep_net       \u2502\n\u2502       oct_net       \u2502                                                                                            \u2502       oct_net       \u2502\n\u2502       nov_net       \u2502                                                                                            \u2502       nov_net       \u2502\n\u2502       dec_net       \u2502                                                                                            \u2502       dec_net       \u2502\n\u2502                     \u2502                                                                                            \u2502                     \u2502\n\u2502     ~2,336 rows     \u2502                                                                                            \u2502     ~4,499 rows     \u2502\n\u2514\u2500\u2500\u2500\u2500\u2500\u2500\u2500\u2500\u2500\u2500\u252c\u2500\u2500\u2500\u2500\u2500\u2500\u2500\u2500\u2500\u2500\u2518                                                                                            \u2514\u2500\u2500\u2500\u2500\u2500\u2500\u2500\u2500\u2500\u2500\u252c\u2500\u2500\u2500\u2500\u2500\u2500\u2500\u2500\u2500\u2500\u2518\n\u250c\u2500\u2500\u2500\u2500\u2500\u2500\u2500\u2500\u2500\u2500\u2534\u2500\u2500\u2500\u2500\u2500\u2500\u2500\u2500\u2500\u2500\u2510                                                                                            \u250c\u2500\u2500\u2500\u2500\u2500\u2500\u2500\u2500\u2500\u2500\u2534\u2500\u2500\u2500\u2500\u2500\u2500\u2500\u2500\u2500\u2500\u2510\n\u2502      PROJECTION     \u2502                                                                                            \u2502      PROJECTION     \u2502\n\u2502    \u2500\u2500\u2500\u2500\u2500\u2500\u2500\u2500\u2500\u2500\u2500\u2500\u2500\u2500   \u2502                                                                                            \u2502    \u2500\u2500\u2500\u2500\u2500\u2500\u2500\u2500\u2500\u2500\u2500\u2500\u2500\u2500   \u2502\n\u2502          #0         \u2502                                                                                            \u2502          #0         \u2502\n\u2502          #1         \u2502                                                                                            \u2502          #1         \u2502\n\u2502__internal_decompress\u2502                                                                                            \u2502__internal_decompress\u2502\n\u2502     _string(#2)     \u2502                                                                                            \u2502     _string(#2)     \u2502\n\u2502__internal_decompress\u2502                                                                                            \u2502__internal_decompress\u2502\n\u2502     _string(#3)     \u2502                                                                                            \u2502     _string(#3)     \u2502\n\u2502__internal_decompress\u2502                                                                                            \u2502__internal_decompress\u2502\n\u2502     _string(#4)     \u2502                                                                                            \u2502     _string(#4)     \u2502\n\u2502__internal_decompress\u2502                                                                                            \u2502__internal_decompress\u2502\n\u2502     _string(#5)     \u2502                                                                                            \u2502     _string(#5)     \u2502\n\u2502__internal_decompress\u2502                                                                                            \u2502__internal_decompress\u2502\n\u2502 _integral_integer(#6\u2502                                                                                            \u2502 _integral_integer(#6\u2502\n\u2502       , 1998)       \u2502                                                                                            \u2502       , 1998)       \u2502\n\u2502          #7         \u2502                                                                                            \u2502          #7         \u2502\n\u2502          #8         \u2502                                                                                            \u2502          #8         \u2502\n\u2502          #9         \u2502                                                                                            \u2502          #9         \u2502\n\u2502         #10         \u2502                                                                                            \u2502         #10         \u2502\n\u2502         #11         \u2502                                                                                            \u2502         #11         \u2502\n\u2502         #12         \u2502                                                                                            \u2502         #12         \u2502\n\u2502         #13         \u2502                                                                                            \u2502         #13         \u2502\n\u2502         #14         \u2502                                                                                            \u2502         #14         \u2502\n\u2502         ...         \u2502                                                                                            \u2502         ...         \u2502\n\u2502         #16         \u2502                                                                                            \u2502         #16         \u2502\n\u2502         #17         \u2502                                                                                            \u2502         #17         \u2502\n\u2502         #18         \u2502                                                                                            \u2502         #18         \u2502\n\u2502         #19         \u2502                                                                                            \u2502         #19         \u2502\n\u2502         #20         \u2502                                                                                            \u2502         #20         \u2502\n\u2502         #21         \u2502                                                                                            \u2502         #21         \u2502\n\u2502         #22         \u2502                                                                                            \u2502         #22         \u2502\n\u2502         #23         \u2502                                                                                            \u2502         #23         \u2502\n\u2502         #24         \u2502                                                                                            \u2502         #24         \u2502\n\u2502         #25         \u2502                                                                                            \u2502         #25         \u2502\n\u2502         #26         \u2502                                                                                            \u2502         #26         \u2502\n\u2502         #27         \u2502                                                                                            \u2502         #27         \u2502\n\u2502         #28         \u2502                                                                                            \u2502         #28         \u2502\n\u2502         #29         \u2502                                                                                            \u2502         #29         \u2502\n\u2502         #30         \u2502                                                                                            \u2502         #30         \u2502\n\u2502                     \u2502                                                                                            \u2502                     \u2502\n\u2502     ~2,336 rows     \u2502                                                                                            \u2502     ~4,499 rows     \u2502\n\u2514\u2500\u2500\u2500\u2500\u2500\u2500\u2500\u2500\u2500\u2500\u252c\u2500\u2500\u2500\u2500\u2500\u2500\u2500\u2500\u2500\u2500\u2518                                                                                            \u2514\u2500\u2500\u2500\u2500\u2500\u2500\u2500\u2500\u2500\u2500\u252c\u2500\u2500\u2500\u2500\u2500\u2500\u2500\u2500\u2500\u2500\u2518\n\u250c\u2500\u2500\u2500\u2500\u2500\u2500\u2500\u2500\u2500\u2500\u2534\u2500\u2500\u2500\u2500\u2500\u2500\u2500\u2500\u2500\u2500\u2510                                                                                            \u250c\u2500\u2500\u2500\u2500\u2500\u2500\u2500\u2500\u2500\u2500\u2534\u2500\u2500\u2500\u2500\u2500\u2500\u2500\u2500\u2500\u2500\u2510\n\u2502    HASH_GROUP_BY    \u2502                                                                                            \u2502    HASH_GROUP_BY    \u2502\n\u2502    \u2500\u2500\u2500\u2500\u2500\u2500\u2500\u2500\u2500\u2500\u2500\u2500\u2500\u2500   \u2502                                                                                            \u2502    \u2500\u2500\u2500\u2500\u2500\u2500\u2500\u2500\u2500\u2500\u2500\u2500\u2500\u2500   \u2502\n\u2502       Groups:       \u2502                                                                                            \u2502       Groups:       \u2502\n\u2502          #0         \u2502                                                                                            \u2502          #0         \u2502\n\u2502          #1         \u2502                                                                                            \u2502          #1         \u2502\n\u2502          #2         \u2502                                                                                            \u2502          #2         \u2502\n\u2502          #3         \u2502                                                                                            \u2502          #3         \u2502\n\u2502          #4         \u2502                                                                                            \u2502          #4         \u2502\n\u2502          #5         \u2502                                                                                            \u2502          #5         \u2502\n\u2502          #6         \u2502                                                                                            \u2502          #6         \u2502\n\u2502                     \u2502                                                                                            \u2502                     \u2502\n\u2502     Aggregates:     \u2502                                                                                            \u2502     Aggregates:     \u2502\n\u2502       sum(#7)       \u2502                                                                                            \u2502       sum(#7)       \u2502\n\u2502       sum(#8)       \u2502                                                                                            \u2502       sum(#8)       \u2502\n\u2502       sum(#9)       \u2502                                                                                            \u2502       sum(#9)       \u2502\n\u2502       sum(#10)      \u2502                                                                                            \u2502       sum(#10)      \u2502\n\u2502       sum(#11)      \u2502                                                                                            \u2502       sum(#11)      \u2502\n\u2502       sum(#12)      \u2502                                                                                            \u2502       sum(#12)      \u2502\n\u2502       sum(#13)      \u2502                                                                                            \u2502       sum(#13)      \u2502\n\u2502       sum(#14)      \u2502                                                                                            \u2502       sum(#14)      \u2502\n\u2502       sum(#15)      \u2502                                                                                            \u2502       sum(#15)      \u2502\n\u2502       sum(#16)      \u2502                                                                                            \u2502       sum(#16)      \u2502\n\u2502       sum(#17)      \u2502                                                                                            \u2502       sum(#17)      \u2502\n\u2502       sum(#18)      \u2502                                                                                            \u2502       sum(#18)      \u2502\n\u2502       sum(#19)      \u2502                                                                                            \u2502       sum(#19)      \u2502\n\u2502       sum(#20)      \u2502                                                                                            \u2502       sum(#20)      \u2502\n\u2502       sum(#21)      \u2502                                                                                            \u2502       sum(#21)      \u2502\n\u2502       sum(#22)      \u2502                                                                                            \u2502       sum(#22)      \u2502\n\u2502       sum(#23)      \u2502                                                                                            \u2502       sum(#23)      \u2502\n\u2502       sum(#24)      \u2502                                                                                            \u2502       sum(#24)      \u2502\n\u2502       sum(#25)      \u2502                                                                                            \u2502       sum(#25)      \u2502\n\u2502       sum(#26)      \u2502                                                                                            \u2502       sum(#26)      \u2502\n\u2502       sum(#27)      \u2502                                                                                            \u2502       sum(#27)      \u2502\n\u2502       sum(#28)      \u2502                                                                                            \u2502       sum(#28)      \u2502\n\u2502       sum(#29)      \u2502                                                                                            \u2502       sum(#29)      \u2502\n\u2502       sum(#30)      \u2502                                                                                            \u2502       sum(#30)      \u2502\n\u2502                     \u2502                                                                                            \u2502                     \u2502\n\u2502     ~2,336 rows     \u2502                                                                                            \u2502     ~4,499 rows     \u2502\n\u2514\u2500\u2500\u2500\u2500\u2500\u2500\u2500\u2500\u2500\u2500\u252c\u2500\u2500\u2500\u2500\u2500\u2500\u2500\u2500\u2500\u2500\u2518                                                                                            \u2514\u2500\u2500\u2500\u2500\u2500\u2500\u2500\u2500\u2500\u2500\u252c\u2500\u2500\u2500\u2500\u2500\u2500\u2500\u2500\u2500\u2500\u2518\n\u250c\u2500\u2500\u2500\u2500\u2500\u2500\u2500\u2500\u2500\u2500\u2534\u2500\u2500\u2500\u2500\u2500\u2500\u2500\u2500\u2500\u2500\u2510                                                                                            \u250c\u2500\u2500\u2500\u2500\u2500\u2500\u2500\u2500\u2500\u2500\u2534\u2500\u2500\u2500\u2500\u2500\u2500\u2500\u2500\u2500\u2500\u2510\n\u2502      PROJECTION     \u2502                                                                                            \u2502      PROJECTION     \u2502\n\u2502    \u2500\u2500\u2500\u2500\u2500\u2500\u2500\u2500\u2500\u2500\u2500\u2500\u2500\u2500   \u2502                                                                                            \u2502    \u2500\u2500\u2500\u2500\u2500\u2500\u2500\u2500\u2500\u2500\u2500\u2500\u2500\u2500   \u2502\n\u2502   w_warehouse_name  \u2502                                                                                            \u2502   w_warehouse_name  \u2502\n\u2502  w_warehouse_sq_ft  \u2502                                                                                            \u2502  w_warehouse_sq_ft  \u2502\n\u2502        w_city       \u2502                                                                                            \u2502        w_city       \u2502\n\u2502       w_county      \u2502                                                                                            \u2502       w_county      \u2502\n\u2502       w_state       \u2502                                                                                            \u2502       w_state       \u2502\n\u2502      w_country      \u2502                                                                                            \u2502      w_country      \u2502\n\u2502        d_year       \u2502                                                                                            \u2502        d_year       \u2502\n\u2502 CASE  WHEN (#7) THEN\u2502                                                                                            \u2502 CASE  WHEN (#7) THEN\u2502\n\u2502 ((CAST(ws_ext_sales_\u2502                                                                                            \u2502 ((CAST(cs_ext_list_p\u2502\n\u2502 price AS DECIMAL(17 \u2502                                                                                            \u2502 rice AS DECIMAL(17,2\u2502\n\u2502     ,2)) * CAST     \u2502                                                                                            \u2502      )) * CAST      \u2502\n\u2502   (ws_quantity AS   \u2502                                                                                            \u2502   (cs_quantity AS   \u2502\n\u2502   DECIMAL(17,0))))  \u2502                                                                                            \u2502   DECIMAL(17,0))))  \u2502\n\u2502     ELSE 0.00 END   \u2502                                                                                            \u2502     ELSE 0.00 END   \u2502\n\u2502   CASE  WHEN (#10)  \u2502                                                                                            \u2502   CASE  WHEN (#10)  \u2502\n\u2502      THEN ((CAST    \u2502                                                                                            \u2502      THEN ((CAST    \u2502\n\u2502 (ws_ext_sales_price \u2502                                                                                            \u2502  (cs_ext_list_price \u2502\n\u2502  AS DECIMAL(17,2)) *\u2502                                                                                            \u2502  AS DECIMAL(17,2)) *\u2502\n\u2502  CAST(ws_quantity AS\u2502                                                                                            \u2502  CAST(cs_quantity AS\u2502\n\u2502   DECIMAL(17,0))))  \u2502                                                                                            \u2502   DECIMAL(17,0))))  \u2502\n\u2502     ELSE 0.00 END   \u2502                                                                                            \u2502     ELSE 0.00 END   \u2502\n\u2502   CASE  WHEN (#11)  \u2502                                                                                            \u2502   CASE  WHEN (#11)  \u2502\n\u2502      THEN ((CAST    \u2502                                                                                            \u2502      THEN ((CAST    \u2502\n\u2502 (ws_ext_sales_price \u2502                                                                                            \u2502  (cs_ext_list_price \u2502\n\u2502  AS DECIMAL(17,2)) *\u2502                                                                                            \u2502  AS DECIMAL(17,2)) *\u2502\n\u2502  CAST(ws_quantity AS\u2502                                                                                            \u2502  CAST(cs_quantity AS\u2502\n\u2502   DECIMAL(17,0))))  \u2502                                                                                            \u2502   DECIMAL(17,0))))  \u2502\n\u2502     ELSE 0.00 END   \u2502                                                                                            \u2502     ELSE 0.00 END   \u2502\n\u2502   CASE  WHEN (#12)  \u2502                                                                                            \u2502   CASE  WHEN (#12)  \u2502\n\u2502      THEN ((CAST    \u2502                                                                                            \u2502      THEN ((CAST    \u2502\n\u2502 (ws_ext_sales_price \u2502                                                                                            \u2502  (cs_ext_list_price \u2502\n\u2502  AS DECIMAL(17,2)) *\u2502                                                                                            \u2502  AS DECIMAL(17,2)) *\u2502\n\u2502  CAST(ws_quantity AS\u2502                                                                                            \u2502  CAST(cs_quantity AS\u2502\n\u2502   DECIMAL(17,0))))  \u2502                                                                                            \u2502   DECIMAL(17,0))))  \u2502\n\u2502     ELSE 0.00 END   \u2502                                                                                            \u2502     ELSE 0.00 END   \u2502\n\u2502   CASE  WHEN (#13)  \u2502                                                                                            \u2502   CASE  WHEN (#13)  \u2502\n\u2502      THEN ((CAST    \u2502                                                                                            \u2502      THEN ((CAST    \u2502\n\u2502 (ws_ext_sales_price \u2502                                                                                            \u2502  (cs_ext_list_price \u2502\n\u2502  AS DECIMAL(17,2)) *\u2502                                                                                            \u2502  AS DECIMAL(17,2)) *\u2502\n\u2502  CAST(ws_quantity AS\u2502                                                                                            \u2502  CAST(cs_quantity AS\u2502\n\u2502   DECIMAL(17,0))))  \u2502                                                                                            \u2502   DECIMAL(17,0))))  \u2502\n\u2502     ELSE 0.00 END   \u2502                                                                                            \u2502     ELSE 0.00 END   \u2502\n\u2502   CASE  WHEN (#14)  \u2502                                                                                            \u2502   CASE  WHEN (#14)  \u2502\n\u2502      THEN ((CAST    \u2502                                                                                            \u2502      THEN ((CAST    \u2502\n\u2502 (ws_ext_sales_price \u2502                                                                                            \u2502  (cs_ext_list_price \u2502\n\u2502  AS DECIMAL(17,2)) *\u2502                                                                                            \u2502  AS DECIMAL(17,2)) *\u2502\n\u2502  CAST(ws_quantity AS\u2502                                                                                            \u2502  CAST(cs_quantity AS\u2502\n\u2502   DECIMAL(17,0))))  \u2502                                                                                            \u2502   DECIMAL(17,0))))  \u2502\n\u2502     ELSE 0.00 END   \u2502                                                                                            \u2502     ELSE 0.00 END   \u2502\n\u2502   CASE  WHEN (#15)  \u2502                                                                                            \u2502   CASE  WHEN (#15)  \u2502\n\u2502      THEN ((CAST    \u2502                                                                                            \u2502      THEN ((CAST    \u2502\n\u2502 (ws_ext_sales_price \u2502                                                                                            \u2502  (cs_ext_list_price \u2502\n\u2502  AS DECIMAL(17,2)) *\u2502                                                                                            \u2502  AS DECIMAL(17,2)) *\u2502\n\u2502  CAST(ws_quantity AS\u2502                                                                                            \u2502  CAST(cs_quantity AS\u2502\n\u2502   DECIMAL(17,0))))  \u2502                                                                                            \u2502   DECIMAL(17,0))))  \u2502\n\u2502     ELSE 0.00 END   \u2502                                                                                            \u2502     ELSE 0.00 END   \u2502\n\u2502   CASE  WHEN (#16)  \u2502                                                                                            \u2502   CASE  WHEN (#16)  \u2502\n\u2502      THEN ((CAST    \u2502                                                                                            \u2502      THEN ((CAST    \u2502\n\u2502 (ws_ext_sales_price \u2502                                                                                            \u2502  (cs_ext_list_price \u2502\n\u2502  AS DECIMAL(17,2)) *\u2502                                                                                            \u2502  AS DECIMAL(17,2)) *\u2502\n\u2502  CAST(ws_quantity AS\u2502                                                                                            \u2502  CAST(cs_quantity AS\u2502\n\u2502   DECIMAL(17,0))))  \u2502                                                                                            \u2502   DECIMAL(17,0))))  \u2502\n\u2502     ELSE 0.00 END   \u2502                                                                                            \u2502     ELSE 0.00 END   \u2502\n\u2502         ...         \u2502                                                                                            \u2502         ...         \u2502\n\u2502   CASE  WHEN (#18)  \u2502                                                                                            \u2502   CASE  WHEN (#18)  \u2502\n\u2502      THEN ((CAST    \u2502                                                                                            \u2502      THEN ((CAST    \u2502\n\u2502 (ws_ext_sales_price \u2502                                                                                            \u2502  (cs_ext_list_price \u2502\n\u2502  AS DECIMAL(17,2)) *\u2502                                                                                            \u2502  AS DECIMAL(17,2)) *\u2502\n\u2502  CAST(ws_quantity AS\u2502                                                                                            \u2502  CAST(cs_quantity AS\u2502\n\u2502   DECIMAL(17,0))))  \u2502                                                                                            \u2502   DECIMAL(17,0))))  \u2502\n\u2502     ELSE 0.00 END   \u2502                                                                                            \u2502     ELSE 0.00 END   \u2502\n\u2502   CASE  WHEN (#19)  \u2502                                                                                            \u2502   CASE  WHEN (#19)  \u2502\n\u2502      THEN ((CAST    \u2502                                                                                            \u2502      THEN ((CAST    \u2502\n\u2502 (ws_ext_sales_price \u2502                                                                                            \u2502  (cs_ext_list_price \u2502\n\u2502  AS DECIMAL(17,2)) *\u2502                                                                                            \u2502  AS DECIMAL(17,2)) *\u2502\n\u2502  CAST(ws_quantity AS\u2502                                                                                            \u2502  CAST(cs_quantity AS\u2502\n\u2502   DECIMAL(17,0))))  \u2502                                                                                            \u2502   DECIMAL(17,0))))  \u2502\n\u2502     ELSE 0.00 END   \u2502                                                                                            \u2502     ELSE 0.00 END   \u2502\n\u2502   CASE  WHEN (#20)  \u2502                                                                                            \u2502   CASE  WHEN (#20)  \u2502\n\u2502      THEN ((CAST    \u2502                                                                                            \u2502      THEN ((CAST    \u2502\n\u2502 (ws_ext_sales_price \u2502                                                                                            \u2502  (cs_ext_list_price \u2502\n\u2502  AS DECIMAL(17,2)) *\u2502                                                                                            \u2502  AS DECIMAL(17,2)) *\u2502\n\u2502  CAST(ws_quantity AS\u2502                                                                                            \u2502  CAST(cs_quantity AS\u2502\n\u2502   DECIMAL(17,0))))  \u2502                                                                                            \u2502   DECIMAL(17,0))))  \u2502\n\u2502     ELSE 0.00 END   \u2502                                                                                            \u2502     ELSE 0.00 END   \u2502\n\u2502 CASE  WHEN (#7) THEN\u2502                                                                                            \u2502 CASE  WHEN (#7) THEN\u2502\n\u2502 ((CAST(ws_net_paid_i\u2502                                                                                            \u2502 ((CAST(cs_net_paid_i\u2502\n\u2502    nc_ship_tax AS   \u2502                                                                                            \u2502    nc_ship_tax AS   \u2502\n\u2502   DECIMAL(17,2)) *  \u2502                                                                                            \u2502   DECIMAL(17,2)) *  \u2502\n\u2502  CAST(ws_quantity AS\u2502                                                                                            \u2502  CAST(cs_quantity AS\u2502\n\u2502   DECIMAL(17,0))))  \u2502                                                                                            \u2502   DECIMAL(17,0))))  \u2502\n\u2502     ELSE 0.00 END   \u2502                                                                                            \u2502     ELSE 0.00 END   \u2502\n\u2502   CASE  WHEN (#10)  \u2502                                                                                            \u2502   CASE  WHEN (#10)  \u2502\n\u2502      THEN ((CAST    \u2502                                                                                            \u2502      THEN ((CAST    \u2502\n\u2502(ws_net_paid_inc_ship\u2502                                                                                            \u2502(cs_net_paid_inc_ship\u2502\n\u2502 _tax AS DECIMAL(17,2\u2502                                                                                            \u2502 _tax AS DECIMAL(17,2\u2502\n\u2502      )) * CAST      \u2502                                                                                            \u2502      )) * CAST      \u2502\n\u2502   (ws_quantity AS   \u2502                                                                                            \u2502   (cs_quantity AS   \u2502\n\u2502   DECIMAL(17,0))))  \u2502                                                                                            \u2502   DECIMAL(17,0))))  \u2502\n\u2502     ELSE 0.00 END   \u2502                                                                                            \u2502     ELSE 0.00 END   \u2502\n\u2502   CASE  WHEN (#11)  \u2502                                                                                            \u2502   CASE  WHEN (#11)  \u2502\n\u2502      THEN ((CAST    \u2502                                                                                            \u2502      THEN ((CAST    \u2502\n\u2502(ws_net_paid_inc_ship\u2502                                                                                            \u2502(cs_net_paid_inc_ship\u2502\n\u2502 _tax AS DECIMAL(17,2\u2502                                                                                            \u2502 _tax AS DECIMAL(17,2\u2502\n\u2502      )) * CAST      \u2502                                                                                            \u2502      )) * CAST      \u2502\n\u2502   (ws_quantity AS   \u2502                                                                                            \u2502   (cs_quantity AS   \u2502\n\u2502   DECIMAL(17,0))))  \u2502                                                                                            \u2502   DECIMAL(17,0))))  \u2502\n\u2502     ELSE 0.00 END   \u2502                                                                                            \u2502     ELSE 0.00 END   \u2502\n\u2502   CASE  WHEN (#12)  \u2502                                                                                            \u2502   CASE  WHEN (#12)  \u2502\n\u2502      THEN ((CAST    \u2502                                                                                            \u2502      THEN ((CAST    \u2502\n\u2502(ws_net_paid_inc_ship\u2502                                                                                            \u2502(cs_net_paid_inc_ship\u2502\n\u2502 _tax AS DECIMAL(17,2\u2502                                                                                            \u2502 _tax AS DECIMAL(17,2\u2502\n\u2502      )) * CAST      \u2502                                                                                            \u2502      )) * CAST      \u2502\n\u2502   (ws_quantity AS   \u2502                                                                                            \u2502   (cs_quantity AS   \u2502\n\u2502   DECIMAL(17,0))))  \u2502                                                                                            \u2502   DECIMAL(17,0))))  \u2502\n\u2502     ELSE 0.00 END   \u2502                                                                                            \u2502     ELSE 0.00 END   \u2502\n\u2502   CASE  WHEN (#13)  \u2502                                                                                            \u2502   CASE  WHEN (#13)  \u2502\n\u2502      THEN ((CAST    \u2502                                                                                            \u2502      THEN ((CAST    \u2502\n\u2502(ws_net_paid_inc_ship\u2502                                                                                            \u2502(cs_net_paid_inc_ship\u2502\n\u2502 _tax AS DECIMAL(17,2\u2502                                                                                            \u2502 _tax AS DECIMAL(17,2\u2502\n\u2502      )) * CAST      \u2502                                                                                            \u2502      )) * CAST      \u2502\n\u2502   (ws_quantity AS   \u2502                                                                                            \u2502   (cs_quantity AS   \u2502\n\u2502   DECIMAL(17,0))))  \u2502                                                                                            \u2502   DECIMAL(17,0))))  \u2502\n\u2502     ELSE 0.00 END   \u2502                                                                                            \u2502     ELSE 0.00 END   \u2502\n\u2502   CASE  WHEN (#14)  \u2502                                                                                            \u2502   CASE  WHEN (#14)  \u2502\n\u2502      THEN ((CAST    \u2502                                                                                            \u2502      THEN ((CAST    \u2502\n\u2502(ws_net_paid_inc_ship\u2502                                                                                            \u2502(cs_net_paid_inc_ship\u2502\n\u2502 _tax AS DECIMAL(17,2\u2502                                                                                            \u2502 _tax AS DECIMAL(17,2\u2502\n\u2502      )) * CAST      \u2502                                                                                            \u2502      )) * CAST      \u2502\n\u2502   (ws_quantity AS   \u2502                                                                                            \u2502   (cs_quantity AS   \u2502\n\u2502   DECIMAL(17,0))))  \u2502                                                                                            \u2502   DECIMAL(17,0))))  \u2502\n\u2502     ELSE 0.00 END   \u2502                                                                                            \u2502     ELSE 0.00 END   \u2502\n\u2502   CASE  WHEN (#15)  \u2502                                                                                            \u2502   CASE  WHEN (#15)  \u2502\n\u2502      THEN ((CAST    \u2502                                                                                            \u2502      THEN ((CAST    \u2502\n\u2502(ws_net_paid_inc_ship\u2502                                                                                            \u2502(cs_net_paid_inc_ship\u2502\n\u2502 _tax AS DECIMAL(17,2\u2502                                                                                            \u2502 _tax AS DECIMAL(17,2\u2502\n\u2502      )) * CAST      \u2502                                                                                            \u2502      )) * CAST      \u2502\n\u2502   (ws_quantity AS   \u2502                                                                                            \u2502   (cs_quantity AS   \u2502\n\u2502   DECIMAL(17,0))))  \u2502                                                                                            \u2502   DECIMAL(17,0))))  \u2502\n\u2502     ELSE 0.00 END   \u2502                                                                                            \u2502     ELSE 0.00 END   \u2502\n\u2502   CASE  WHEN (#16)  \u2502                                                                                            \u2502   CASE  WHEN (#16)  \u2502\n\u2502      THEN ((CAST    \u2502                                                                                            \u2502      THEN ((CAST    \u2502\n\u2502(ws_net_paid_inc_ship\u2502                                                                                            \u2502(cs_net_paid_inc_ship\u2502\n\u2502 _tax AS DECIMAL(17,2\u2502                                                                                            \u2502 _tax AS DECIMAL(17,2\u2502\n\u2502      )) * CAST      \u2502                                                                                            \u2502      )) * CAST      \u2502\n\u2502   (ws_quantity AS   \u2502                                                                                            \u2502   (cs_quantity AS   \u2502\n\u2502   DECIMAL(17,0))))  \u2502                                                                                            \u2502   DECIMAL(17,0))))  \u2502\n\u2502     ELSE 0.00 END   \u2502                                                                                            \u2502     ELSE 0.00 END   \u2502\n\u2502   CASE  WHEN (#17)  \u2502                                                                                            \u2502   CASE  WHEN (#17)  \u2502\n\u2502      THEN ((CAST    \u2502                                                                                            \u2502      THEN ((CAST    \u2502\n\u2502(ws_net_paid_inc_ship\u2502                                                                                            \u2502(cs_net_paid_inc_ship\u2502\n\u2502 _tax AS DECIMAL(17,2\u2502                                                                                            \u2502 _tax AS DECIMAL(17,2\u2502\n\u2502      )) * CAST      \u2502                                                                                            \u2502      )) * CAST      \u2502\n\u2502   (ws_quantity AS   \u2502                                                                                            \u2502   (cs_quantity AS   \u2502\n\u2502   DECIMAL(17,0))))  \u2502                                                                                            \u2502   DECIMAL(17,0))))  \u2502\n\u2502     ELSE 0.00 END   \u2502                                                                                            \u2502     ELSE 0.00 END   \u2502\n\u2502   CASE  WHEN (#18)  \u2502                                                                                            \u2502   CASE  WHEN (#18)  \u2502\n\u2502      THEN ((CAST    \u2502                                                                                            \u2502      THEN ((CAST    \u2502\n\u2502(ws_net_paid_inc_ship\u2502                                                                                            \u2502(cs_net_paid_inc_ship\u2502\n\u2502 _tax AS DECIMAL(17,2\u2502                                                                                            \u2502 _tax AS DECIMAL(17,2\u2502\n\u2502      )) * CAST      \u2502                                                                                            \u2502      )) * CAST      \u2502\n\u2502   (ws_quantity AS   \u2502                                                                                            \u2502   (cs_quantity AS   \u2502\n\u2502   DECIMAL(17,0))))  \u2502                                                                                            \u2502   DECIMAL(17,0))))  \u2502\n\u2502     ELSE 0.00 END   \u2502                                                                                            \u2502     ELSE 0.00 END   \u2502\n\u2502   CASE  WHEN (#19)  \u2502                                                                                            \u2502   CASE  WHEN (#19)  \u2502\n\u2502      THEN ((CAST    \u2502                                                                                            \u2502      THEN ((CAST    \u2502\n\u2502(ws_net_paid_inc_ship\u2502                                                                                            \u2502(cs_net_paid_inc_ship\u2502\n\u2502 _tax AS DECIMAL(17,2\u2502                                                                                            \u2502 _tax AS DECIMAL(17,2\u2502\n\u2502      )) * CAST      \u2502                                                                                            \u2502      )) * CAST      \u2502\n\u2502   (ws_quantity AS   \u2502                                                                                            \u2502   (cs_quantity AS   \u2502\n\u2502   DECIMAL(17,0))))  \u2502                                                                                            \u2502   DECIMAL(17,0))))  \u2502\n\u2502     ELSE 0.00 END   \u2502                                                                                            \u2502     ELSE 0.00 END   \u2502\n\u2502   CASE  WHEN (#20)  \u2502                                                                                            \u2502   CASE  WHEN (#20)  \u2502\n\u2502      THEN ((CAST    \u2502                                                                                            \u2502      THEN ((CAST    \u2502\n\u2502(ws_net_paid_inc_ship\u2502                                                                                            \u2502(cs_net_paid_inc_ship\u2502\n\u2502 _tax AS DECIMAL(17,2\u2502                                                                                            \u2502 _tax AS DECIMAL(17,2\u2502\n\u2502      )) * CAST      \u2502                                                                                            \u2502      )) * CAST      \u2502\n\u2502   (ws_quantity AS   \u2502                                                                                            \u2502   (cs_quantity AS   \u2502\n\u2502   DECIMAL(17,0))))  \u2502                                                                                            \u2502   DECIMAL(17,0))))  \u2502\n\u2502     ELSE 0.00 END   \u2502                                                                                            \u2502     ELSE 0.00 END   \u2502\n\u2502                     \u2502                                                                                            \u2502                     \u2502\n\u2502     ~2,336 rows     \u2502                                                                                            \u2502     ~4,499 rows     \u2502\n\u2514\u2500\u2500\u2500\u2500\u2500\u2500\u2500\u2500\u2500\u2500\u252c\u2500\u2500\u2500\u2500\u2500\u2500\u2500\u2500\u2500\u2500\u2518                                                                                            \u2514\u2500\u2500\u2500\u2500\u2500\u2500\u2500\u2500\u2500\u2500\u252c\u2500\u2500\u2500\u2500\u2500\u2500\u2500\u2500\u2500\u2500\u2518\n\u250c\u2500\u2500\u2500\u2500\u2500\u2500\u2500\u2500\u2500\u2500\u2534\u2500\u2500\u2500\u2500\u2500\u2500\u2500\u2500\u2500\u2500\u2510                                                                                            \u250c\u2500\u2500\u2500\u2500\u2500\u2500\u2500\u2500\u2500\u2500\u2534\u2500\u2500\u2500\u2500\u2500\u2500\u2500\u2500\u2500\u2500\u2510\n\u2502      PROJECTION     \u2502                                                                                            \u2502      PROJECTION     \u2502\n\u2502    \u2500\u2500\u2500\u2500\u2500\u2500\u2500\u2500\u2500\u2500\u2500\u2500\u2500\u2500   \u2502                                                                                            \u2502    \u2500\u2500\u2500\u2500\u2500\u2500\u2500\u2500\u2500\u2500\u2500\u2500\u2500\u2500   \u2502\n\u2502          #0         \u2502                                                                                            \u2502          #0         \u2502\n\u2502          #1         \u2502                                                                                            \u2502          #1         \u2502\n\u2502__internal_compress_s\u2502                                                                                            \u2502__internal_compress_s\u2502\n\u2502  tring_uhugeint(#2) \u2502                                                                                            \u2502  tring_uhugeint(#2) \u2502\n\u2502__internal_compress_s\u2502                                                                                            \u2502__internal_compress_s\u2502\n\u2502  tring_uhugeint(#3) \u2502                                                                                            \u2502  tring_uhugeint(#3) \u2502\n\u2502__internal_compress_s\u2502                                                                                            \u2502__internal_compress_s\u2502\n\u2502  tring_uinteger(#4) \u2502                                                                                            \u2502  tring_uinteger(#4) \u2502\n\u2502__internal_compress_s\u2502                                                                                            \u2502__internal_compress_s\u2502\n\u2502  tring_uhugeint(#5) \u2502                                                                                            \u2502  tring_uhugeint(#5) \u2502\n\u2502__internal_compress_i\u2502                                                                                            \u2502__internal_compress_i\u2502\n\u2502 ntegral_utinyint(#6,\u2502                                                                                            \u2502 ntegral_utinyint(#6,\u2502\n\u2502         1998)       \u2502                                                                                            \u2502         1998)       \u2502\n\u2502          #7         \u2502                                                                                            \u2502          #7         \u2502\n\u2502          #8         \u2502                                                                                            \u2502          #8         \u2502\n\u2502          #9         \u2502                                                                                            \u2502          #9         \u2502\n\u2502         #10         \u2502                                                                                            \u2502         #10         \u2502\n\u2502         #11         \u2502                                                                                            \u2502         #11         \u2502\n\u2502         #12         \u2502                                                                                            \u2502         #12         \u2502\n\u2502         #13         \u2502                                                                                            \u2502         #13         \u2502\n\u2502         #14         \u2502                                                                                            \u2502         #14         \u2502\n\u2502         #15         \u2502                                                                                            \u2502         #15         \u2502\n\u2502         #16         \u2502                                                                                            \u2502         #16         \u2502\n\u2502         #17         \u2502                                                                                            \u2502         #17         \u2502\n\u2502         #18         \u2502                                                                                            \u2502         #18         \u2502\n\u2502         #19         \u2502                                                                                            \u2502         #19         \u2502\n\u2502         #20         \u2502                                                                                            \u2502         #20         \u2502\n\u2502         #21         \u2502                                                                                            \u2502         #21         \u2502\n\u2502                     \u2502                                                                                            \u2502                     \u2502\n\u2502     ~2,336 rows     \u2502                                                                                            \u2502     ~4,499 rows     \u2502\n\u2514\u2500\u2500\u2500\u2500\u2500\u2500\u2500\u2500\u2500\u2500\u252c\u2500\u2500\u2500\u2500\u2500\u2500\u2500\u2500\u2500\u2500\u2518                                                                                            \u2514\u2500\u2500\u2500\u2500\u2500\u2500\u2500\u2500\u2500\u2500\u252c\u2500\u2500\u2500\u2500\u2500\u2500\u2500\u2500\u2500\u2500\u2518\n\u250c\u2500\u2500\u2500\u2500\u2500\u2500\u2500\u2500\u2500\u2500\u2534\u2500\u2500\u2500\u2500\u2500\u2500\u2500\u2500\u2500\u2500\u2510                                                                                            \u250c\u2500\u2500\u2500\u2500\u2500\u2500\u2500\u2500\u2500\u2500\u2534\u2500\u2500\u2500\u2500\u2500\u2500\u2500\u2500\u2500\u2500\u2510\n\u2502      PROJECTION     \u2502                                                                                            \u2502      PROJECTION     \u2502\n\u2502    \u2500\u2500\u2500\u2500\u2500\u2500\u2500\u2500\u2500\u2500\u2500\u2500\u2500\u2500   \u2502                                                                                            \u2502    \u2500\u2500\u2500\u2500\u2500\u2500\u2500\u2500\u2500\u2500\u2500\u2500\u2500\u2500   \u2502\n\u2502   w_warehouse_name  \u2502                                                                                            \u2502   w_warehouse_name  \u2502\n\u2502  w_warehouse_sq_ft  \u2502                                                                                            \u2502  w_warehouse_sq_ft  \u2502\n\u2502        w_city       \u2502                                                                                            \u2502        w_city       \u2502\n\u2502       w_county      \u2502                                                                                            \u2502       w_county      \u2502\n\u2502       w_state       \u2502                                                                                            \u2502       w_state       \u2502\n\u2502      w_country      \u2502                                                                                            \u2502      w_country      \u2502\n\u2502        d_year       \u2502                                                                                            \u2502        d_year       \u2502\n\u2502     (d_moy = 1)     \u2502                                                                                            \u2502     (d_moy = 1)     \u2502\n\u2502  ws_ext_sales_price \u2502                                                                                            \u2502  cs_ext_list_price  \u2502\n\u2502     ws_quantity     \u2502                                                                                            \u2502     cs_quantity     \u2502\n\u2502     (d_moy = 2)     \u2502                                                                                            \u2502     (d_moy = 2)     \u2502\n\u2502     (d_moy = 3)     \u2502                                                                                            \u2502     (d_moy = 3)     \u2502\n\u2502     (d_moy = 4)     \u2502                                                                                            \u2502     (d_moy = 4)     \u2502\n\u2502     (d_moy = 5)     \u2502                                                                                            \u2502     (d_moy = 5)     \u2502\n\u2502     (d_moy = 6)     \u2502                                                                                            \u2502     (d_moy = 6)     \u2502\n\u2502     (d_moy = 7)     \u2502                                                                                            \u2502     (d_moy = 7)     \u2502\n\u2502     (d_moy = 8)     \u2502                                                                                            \u2502     (d_moy = 8)     \u2502\n\u2502     (d_moy = 9)     \u2502                                                                                            \u2502     (d_moy = 9)     \u2502\n\u2502     (d_moy = 10)    \u2502                                                                                            \u2502     (d_moy = 10)    \u2502\n\u2502     (d_moy = 11)    \u2502                                                                                            \u2502     (d_moy = 11)    \u2502\n\u2502     (d_moy = 12)    \u2502                                                                                            \u2502     (d_moy = 12)    \u2502\n\u2502ws_net_paid_inc_ship_\u2502                                                                                            \u2502cs_net_paid_inc_ship_\u2502\n\u2502         tax         \u2502                                                                                            \u2502         tax         \u2502\n\u2502                     \u2502                                                                                            \u2502                     \u2502\n\u2502     ~2,336 rows     \u2502                                                                                            \u2502     ~4,499 rows     \u2502\n\u2514\u2500\u2500\u2500\u2500\u2500\u2500\u2500\u2500\u2500\u2500\u252c\u2500\u2500\u2500\u2500\u2500\u2500\u2500\u2500\u2500\u2500\u2518                                                                                            \u2514\u2500\u2500\u2500\u2500\u2500\u2500\u2500\u2500\u2500\u2500\u252c\u2500\u2500\u2500\u2500\u2500\u2500\u2500\u2500\u2500\u2500\u2518\n\u250c\u2500\u2500\u2500\u2500\u2500\u2500\u2500\u2500\u2500\u2500\u2534\u2500\u2500\u2500\u2500\u2500\u2500\u2500\u2500\u2500\u2500\u2510                                                                                            \u250c\u2500\u2500\u2500\u2500\u2500\u2500\u2500\u2500\u2500\u2500\u2534\u2500\u2500\u2500\u2500\u2500\u2500\u2500\u2500\u2500\u2500\u2510\n\u2502      HASH_JOIN      \u2502                                                                                            \u2502      HASH_JOIN      \u2502\n\u2502    \u2500\u2500\u2500\u2500\u2500\u2500\u2500\u2500\u2500\u2500\u2500\u2500\u2500\u2500   \u2502                                                                                            \u2502    \u2500\u2500\u2500\u2500\u2500\u2500\u2500\u2500\u2500\u2500\u2500\u2500\u2500\u2500   \u2502\n\u2502      Join Type:     \u2502                                                                                            \u2502      Join Type:     \u2502\n\u2502        INNER        \u2502                                                                                            \u2502        INNER        \u2502\n\u2502                     \u2502                                                                                            \u2502                     \u2502\n\u2502     Conditions:     \u251c\u2500\u2500\u2500\u2500\u2500\u2500\u2500\u2500\u2500\u2500\u2500\u2500\u2500\u2500\u2500\u2500\u2500\u2500\u2500\u2500\u2500\u2500\u2500\u2500\u2500\u2500\u2500\u2500\u2500\u2500\u2500\u2500\u2500\u2500\u2500\u2500\u2500\u2500\u2500\u2500\u2500\u2500\u2500\u2500\u2500\u2500\u2500\u2500\u2500\u2500\u2500\u2500\u2500\u2500\u2500\u2500\u2500\u2500\u2500\u2500\u2500\u2500\u2500\u2500\u2500\u2500\u2500\u2500\u2500\u2500\u2500\u2500\u2500\u2500\u2500\u2500\u2500\u2500\u2500\u2500\u2510           \u2502     Conditions:     \u251c\u2500\u2500\u2500\u2500\u2500\u2500\u2500\u2500\u2500\u2500\u2500\u2500\u2500\u2500\u2500\u2500\u2500\u2500\u2500\u2500\u2500\u2500\u2500\u2500\u2500\u2500\u2500\u2500\u2500\u2500\u2500\u2500\u2500\u2500\u2500\u2500\u2500\u2500\u2500\u2500\u2500\u2500\u2500\u2500\u2500\u2500\u2500\u2500\u2500\u2500\u2500\u2500\u2500\u2500\u2500\u2500\u2500\u2500\u2500\u2500\u2500\u2500\u2500\u2500\u2500\u2500\u2500\u2500\u2500\u2500\u2500\u2500\u2500\u2500\u2500\u2500\u2500\u2500\u2500\u2500\u2510\n\u2502  ws_warehouse_sk =  \u2502                                                                                \u2502           \u2502  cs_warehouse_sk =  \u2502                                                                                \u2502\n\u2502    w_warehouse_sk   \u2502                                                                                \u2502           \u2502    w_warehouse_sk   \u2502                                                                                \u2502\n\u2502                     \u2502                                                                                \u2502           \u2502                     \u2502                                                                                \u2502\n\u2502     ~2,336 rows     \u2502                                                                                \u2502           \u2502     ~4,499 rows     \u2502                                                                                \u2502\n\u2514\u2500\u2500\u2500\u2500\u2500\u2500\u2500\u2500\u2500\u2500\u252c\u2500\u2500\u2500\u2500\u2500\u2500\u2500\u2500\u2500\u2500\u2518                                                                                \u2502           \u2514\u2500\u2500\u2500\u2500\u2500\u2500\u2500\u2500\u2500\u2500\u252c\u2500\u2500\u2500\u2500\u2500\u2500\u2500\u2500\u2500\u2500\u2518                                                                                \u2502\n\u250c\u2500\u2500\u2500\u2500\u2500\u2500\u2500\u2500\u2500\u2500\u2534\u2500\u2500\u2500\u2500\u2500\u2500\u2500\u2500\u2500\u2500\u2510                                                                     \u250c\u2500\u2500\u2500\u2500\u2500\u2500\u2500\u2500\u2500\u2500\u2534\u2500\u2500\u2500\u2500\u2500\u2500\u2500\u2500\u2500\u2500\u2510\u250c\u2500\u2500\u2500\u2500\u2500\u2500\u2500\u2500\u2500\u2500\u2534\u2500\u2500\u2500\u2500\u2500\u2500\u2500\u2500\u2500\u2500\u2510                                                                     \u250c\u2500\u2500\u2500\u2500\u2500\u2500\u2500\u2500\u2500\u2500\u2534\u2500\u2500\u2500\u2500\u2500\u2500\u2500\u2500\u2500\u2500\u2510\n\u2502      HASH_JOIN      \u2502                                                                     \u2502      SEQ_SCAN       \u2502\u2502      HASH_JOIN      \u2502                                                                     \u2502      SEQ_SCAN       \u2502\n\u2502    \u2500\u2500\u2500\u2500\u2500\u2500\u2500\u2500\u2500\u2500\u2500\u2500\u2500\u2500   \u2502                                                                     \u2502    \u2500\u2500\u2500\u2500\u2500\u2500\u2500\u2500\u2500\u2500\u2500\u2500\u2500\u2500   \u2502\u2502    \u2500\u2500\u2500\u2500\u2500\u2500\u2500\u2500\u2500\u2500\u2500\u2500\u2500\u2500   \u2502                                                                     \u2502    \u2500\u2500\u2500\u2500\u2500\u2500\u2500\u2500\u2500\u2500\u2500\u2500\u2500\u2500   \u2502\n\u2502      Join Type:     \u2502                                                                     \u2502        Table:       \u2502\u2502      Join Type:     \u2502                                                                     \u2502        Table:       \u2502\n\u2502        INNER        \u2502                                                                     \u2502      warehouse      \u2502\u2502        INNER        \u2502                                                                     \u2502      warehouse      \u2502\n\u2502                     \u2502                                                                     \u2502                     \u2502\u2502                     \u2502                                                                     \u2502                     \u2502\n\u2502     Conditions:     \u2502                                                                     \u2502        Type:        \u2502\u2502     Conditions:     \u2502                                                                     \u2502        Type:        \u2502\n\u2502  ws_sold_time_sk =  \u2502                                                                     \u2502   Sequential Scan   \u2502\u2502  cs_sold_time_sk =  \u2502                                                                     \u2502   Sequential Scan   \u2502\n\u2502       t_time_sk     \u2502                                                                     \u2502                     \u2502\u2502       t_time_sk     \u2502                                                                     \u2502                     \u2502\n\u2502                     \u2502                                                                     \u2502     Projections:    \u2502\u2502                     \u2502                                                                     \u2502     Projections:    \u2502\n\u2502                     \u251c\u2500\u2500\u2500\u2500\u2500\u2500\u2500\u2500\u2500\u2500\u2500\u2500\u2500\u2500\u2500\u2500\u2500\u2500\u2500\u2500\u2500\u2500\u2500\u2500\u2500\u2500\u2500\u2500\u2500\u2500\u2500\u2500\u2500\u2500\u2500\u2500\u2500\u2500\u2500\u2500\u2500\u2500\u2500\u2500\u2500\u2500\u2500\u2500\u2500\u2500\u2500\u2500\u2500\u2500\u2500\u2500\u2500\u2510           \u2502    w_warehouse_sk   \u2502\u2502                     \u251c\u2500\u2500\u2500\u2500\u2500\u2500\u2500\u2500\u2500\u2500\u2500\u2500\u2500\u2500\u2500\u2500\u2500\u2500\u2500\u2500\u2500\u2500\u2500\u2500\u2500\u2500\u2500\u2500\u2500\u2500\u2500\u2500\u2500\u2500\u2500\u2500\u2500\u2500\u2500\u2500\u2500\u2500\u2500\u2500\u2500\u2500\u2500\u2500\u2500\u2500\u2500\u2500\u2500\u2500\u2500\u2500\u2500\u2510           \u2502    w_warehouse_sk   \u2502\n\u2502                     \u2502                                                         \u2502           \u2502   w_warehouse_name  \u2502\u2502                     \u2502                                                         \u2502           \u2502   w_warehouse_name  \u2502\n\u2502                     \u2502                                                         \u2502           \u2502  w_warehouse_sq_ft  \u2502\u2502                     \u2502                                                         \u2502           \u2502  w_warehouse_sq_ft  \u2502\n\u2502                     \u2502                                                         \u2502           \u2502        w_city       \u2502\u2502                     \u2502                                                         \u2502           \u2502        w_city       \u2502\n\u2502                     \u2502                                                         \u2502           \u2502       w_county      \u2502\u2502                     \u2502                                                         \u2502           \u2502       w_county      \u2502\n\u2502                     \u2502                                                         \u2502           \u2502       w_state       \u2502\u2502                     \u2502                                                         \u2502           \u2502       w_state       \u2502\n\u2502                     \u2502                                                         \u2502           \u2502      w_country      \u2502\u2502                     \u2502                                                         \u2502           \u2502      w_country      \u2502\n\u2502                     \u2502                                                         \u2502           \u2502                     \u2502\u2502                     \u2502                                                         \u2502           \u2502                     \u2502\n\u2502     ~2,570 rows     \u2502                                                         \u2502           \u2502       ~10 rows      \u2502\u2502     ~4,949 rows     \u2502                                                         \u2502           \u2502       ~10 rows      \u2502\n\u2514\u2500\u2500\u2500\u2500\u2500\u2500\u2500\u2500\u2500\u2500\u252c\u2500\u2500\u2500\u2500\u2500\u2500\u2500\u2500\u2500\u2500\u2518                                                         \u2502           \u2514\u2500\u2500\u2500\u2500\u2500\u2500\u2500\u2500\u2500\u2500\u2500\u2500\u2500\u2500\u2500\u2500\u2500\u2500\u2500\u2500\u2500\u2518\u2514\u2500\u2500\u2500\u2500\u2500\u2500\u2500\u2500\u2500\u2500\u252c\u2500\u2500\u2500\u2500\u2500\u2500\u2500\u2500\u2500\u2500\u2518                                                         \u2502           \u2514\u2500\u2500\u2500\u2500\u2500\u2500\u2500\u2500\u2500\u2500\u2500\u2500\u2500\u2500\u2500\u2500\u2500\u2500\u2500\u2500\u2500\u2518\n\u250c\u2500\u2500\u2500\u2500\u2500\u2500\u2500\u2500\u2500\u2500\u2534\u2500\u2500\u2500\u2500\u2500\u2500\u2500\u2500\u2500\u2500\u2510                                              \u250c\u2500\u2500\u2500\u2500\u2500\u2500\u2500\u2500\u2500\u2500\u2534\u2500\u2500\u2500\u2500\u2500\u2500\u2500\u2500\u2500\u2500\u2510                       \u250c\u2500\u2500\u2500\u2500\u2500\u2500\u2500\u2500\u2500\u2500\u2534\u2500\u2500\u2500\u2500\u2500\u2500\u2500\u2500\u2500\u2500\u2510                                              \u250c\u2500\u2500\u2500\u2500\u2500\u2500\u2500\u2500\u2500\u2500\u2534\u2500\u2500\u2500\u2500\u2500\u2500\u2500\u2500\u2500\u2500\u2510\n\u2502      HASH_JOIN      \u2502                                              \u2502        FILTER       \u2502                       \u2502      HASH_JOIN      \u2502                                              \u2502      SEQ_SCAN       \u2502\n\u2502    \u2500\u2500\u2500\u2500\u2500\u2500\u2500\u2500\u2500\u2500\u2500\u2500\u2500\u2500   \u2502                                              \u2502    \u2500\u2500\u2500\u2500\u2500\u2500\u2500\u2500\u2500\u2500\u2500\u2500\u2500\u2500   \u2502                       \u2502    \u2500\u2500\u2500\u2500\u2500\u2500\u2500\u2500\u2500\u2500\u2500\u2500\u2500\u2500   \u2502                                              \u2502    \u2500\u2500\u2500\u2500\u2500\u2500\u2500\u2500\u2500\u2500\u2500\u2500\u2500\u2500   \u2502\n\u2502      Join Type:     \u2502                                              \u2502 (t_time_sk <= 86398)\u2502                       \u2502      Join Type:     \u2502                                              \u2502   Table: time_dim   \u2502\n\u2502        INNER        \u2502                                              \u2502                     \u2502                       \u2502        INNER        \u2502                                              \u2502                     \u2502\n\u2502                     \u2502                                              \u2502                     \u2502                       \u2502                     \u2502                                              \u2502        Type:        \u2502\n\u2502     Conditions:     \u2502                                              \u2502                     \u2502                       \u2502     Conditions:     \u2502                                              \u2502   Sequential Scan   \u2502\n\u2502  ws_ship_mode_sk =  \u2502                                              \u2502                     \u2502                       \u2502  cs_ship_mode_sk =  \u2502                                              \u2502                     \u2502\n\u2502    sm_ship_mode_sk  \u251c\u2500\u2500\u2500\u2500\u2500\u2500\u2500\u2500\u2500\u2500\u2500\u2500\u2500\u2500\u2500\u2500\u2500\u2500\u2500\u2500\u2500\u2500\u2500\u2500\u2500\u2500\u2500\u2500\u2500\u2500\u2500\u2500\u2500\u2500\u2510           \u2502                     \u2502                       \u2502    sm_ship_mode_sk  \u251c\u2500\u2500\u2500\u2500\u2500\u2500\u2500\u2500\u2500\u2500\u2500\u2500\u2500\u2500\u2500\u2500\u2500\u2500\u2500\u2500\u2500\u2500\u2500\u2500\u2500\u2500\u2500\u2500\u2500\u2500\u2500\u2500\u2500\u2500\u2510           \u2502     Projections:    \u2502\n\u2502                     \u2502                                  \u2502           \u2502                     \u2502                       \u2502                     \u2502                                  \u2502           \u2502      t_time_sk      \u2502\n\u2502                     \u2502                                  \u2502           \u2502                     \u2502                       \u2502                     \u2502                                  \u2502           \u2502                     \u2502\n\u2502                     \u2502                                  \u2502           \u2502                     \u2502                       \u2502                     \u2502                                  \u2502           \u2502       Filters:      \u2502\n\u2502                     \u2502                                  \u2502           \u2502                     \u2502                       \u2502                     \u2502                                  \u2502           \u2502  t_time>=48821 AND  \u2502\n\u2502                     \u2502                                  \u2502           \u2502                     \u2502                       \u2502                     \u2502                                  \u2502           \u2502     t_time<=77621   \u2502\n\u2502                     \u2502                                  \u2502           \u2502                     \u2502                       \u2502                     \u2502                                  \u2502           \u2502                     \u2502\n\u2502     ~10,979 rows    \u2502                                  \u2502           \u2502     ~17,280 rows    \u2502                       \u2502     ~21,967 rows    \u2502                                  \u2502           \u2502     ~17,280 rows    \u2502\n\u2514\u2500\u2500\u2500\u2500\u2500\u2500\u2500\u2500\u2500\u2500\u252c\u2500\u2500\u2500\u2500\u2500\u2500\u2500\u2500\u2500\u2500\u2518                                  \u2502           \u2514\u2500\u2500\u2500\u2500\u2500\u2500\u2500\u2500\u2500\u2500\u252c\u2500\u2500\u2500\u2500\u2500\u2500\u2500\u2500\u2500\u2500\u2518                       \u2514\u2500\u2500\u2500\u2500\u2500\u2500\u2500\u2500\u2500\u2500\u252c\u2500\u2500\u2500\u2500\u2500\u2500\u2500\u2500\u2500\u2500\u2518                                  \u2502           \u2514\u2500\u2500\u2500\u2500\u2500\u2500\u2500\u2500\u2500\u2500\u2500\u2500\u2500\u2500\u2500\u2500\u2500\u2500\u2500\u2500\u2500\u2518\n\u250c\u2500\u2500\u2500\u2500\u2500\u2500\u2500\u2500\u2500\u2500\u2534\u2500\u2500\u2500\u2500\u2500\u2500\u2500\u2500\u2500\u2500\u2510                       \u250c\u2500\u2500\u2500\u2500\u2500\u2500\u2500\u2500\u2500\u2500\u2534\u2500\u2500\u2500\u2500\u2500\u2500\u2500\u2500\u2500\u2500\u2510\u250c\u2500\u2500\u2500\u2500\u2500\u2500\u2500\u2500\u2500\u2500\u2534\u2500\u2500\u2500\u2500\u2500\u2500\u2500\u2500\u2500\u2500\u2510                       \u250c\u2500\u2500\u2500\u2500\u2500\u2500\u2500\u2500\u2500\u2500\u2534\u2500\u2500\u2500\u2500\u2500\u2500\u2500\u2500\u2500\u2500\u2510                       \u250c\u2500\u2500\u2500\u2500\u2500\u2500\u2500\u2500\u2500\u2500\u2534\u2500\u2500\u2500\u2500\u2500\u2500\u2500\u2500\u2500\u2500\u2510\n\u2502      HASH_JOIN      \u2502                       \u2502      PROJECTION     \u2502\u2502      SEQ_SCAN       \u2502                       \u2502      HASH_JOIN      \u2502                       \u2502      PROJECTION     \u2502\n\u2502    \u2500\u2500\u2500\u2500\u2500\u2500\u2500\u2500\u2500\u2500\u2500\u2500\u2500\u2500   \u2502                       \u2502    \u2500\u2500\u2500\u2500\u2500\u2500\u2500\u2500\u2500\u2500\u2500\u2500\u2500\u2500   \u2502\u2502    \u2500\u2500\u2500\u2500\u2500\u2500\u2500\u2500\u2500\u2500\u2500\u2500\u2500\u2500   \u2502                       \u2502    \u2500\u2500\u2500\u2500\u2500\u2500\u2500\u2500\u2500\u2500\u2500\u2500\u2500\u2500   \u2502                       \u2502    \u2500\u2500\u2500\u2500\u2500\u2500\u2500\u2500\u2500\u2500\u2500\u2500\u2500\u2500   \u2502\n\u2502      Join Type:     \u2502                       \u2502          #0         \u2502\u2502   Table: time_dim   \u2502                       \u2502      Join Type:     \u2502                       \u2502          #0         \u2502\n\u2502        INNER        \u2502                       \u2502                     \u2502\u2502                     \u2502                       \u2502        INNER        \u2502                       \u2502                     \u2502\n\u2502                     \u2502                       \u2502                     \u2502\u2502        Type:        \u2502                       \u2502                     \u2502                       \u2502                     \u2502\n\u2502     Conditions:     \u2502                       \u2502                     \u2502\u2502   Sequential Scan   \u2502                       \u2502     Conditions:     \u2502                       \u2502                     \u2502\n\u2502  ws_sold_date_sk =  \u2502                       \u2502                     \u2502\u2502                     \u2502                       \u2502  cs_sold_date_sk =  \u2502                       \u2502                     \u2502\n\u2502       d_date_sk     \u251c\u2500\u2500\u2500\u2500\u2500\u2500\u2500\u2500\u2500\u2500\u2500\u2510           \u2502                     \u2502\u2502     Projections:    \u2502                       \u2502       d_date_sk     \u251c\u2500\u2500\u2500\u2500\u2500\u2500\u2500\u2500\u2500\u2500\u2500\u2510           \u2502                     \u2502\n\u2502                     \u2502           \u2502           \u2502                     \u2502\u2502      t_time_sk      \u2502                       \u2502                     \u2502           \u2502           \u2502                     \u2502\n\u2502                     \u2502           \u2502           \u2502                     \u2502\u2502                     \u2502                       \u2502                     \u2502           \u2502           \u2502                     \u2502\n\u2502                     \u2502           \u2502           \u2502                     \u2502\u2502       Filters:      \u2502                       \u2502                     \u2502           \u2502           \u2502                     \u2502\n\u2502                     \u2502           \u2502           \u2502                     \u2502\u2502  t_time>=48821 AND  \u2502                       \u2502                     \u2502           \u2502           \u2502                     \u2502\n\u2502                     \u2502           \u2502           \u2502                     \u2502\u2502     t_time<=77621   \u2502                       \u2502                     \u2502           \u2502           \u2502                     \u2502\n\u2502                     \u2502           \u2502           \u2502                     \u2502\u2502                     \u2502                       \u2502                     \u2502           \u2502           \u2502                     \u2502\n\u2502     ~57,640 rows    \u2502           \u2502           \u2502       ~4 rows       \u2502\u2502     ~17,280 rows    \u2502                       \u2502    ~115,329 rows    \u2502           \u2502           \u2502       ~4 rows       \u2502\n\u2514\u2500\u2500\u2500\u2500\u2500\u2500\u2500\u2500\u2500\u2500\u252c\u2500\u2500\u2500\u2500\u2500\u2500\u2500\u2500\u2500\u2500\u2518           \u2502           \u2514\u2500\u2500\u2500\u2500\u2500\u2500\u2500\u2500\u2500\u2500\u252c\u2500\u2500\u2500\u2500\u2500\u2500\u2500\u2500\u2500\u2500\u2518\u2514\u2500\u2500\u2500\u2500\u2500\u2500\u2500\u2500\u2500\u2500\u2500\u2500\u2500\u2500\u2500\u2500\u2500\u2500\u2500\u2500\u2500\u2518                       \u2514\u2500\u2500\u2500\u2500\u2500\u2500\u2500\u2500\u2500\u2500\u252c\u2500\u2500\u2500\u2500\u2500\u2500\u2500\u2500\u2500\u2500\u2518           \u2502           \u2514\u2500\u2500\u2500\u2500\u2500\u2500\u2500\u2500\u2500\u2500\u252c\u2500\u2500\u2500\u2500\u2500\u2500\u2500\u2500\u2500\u2500\u2518\n\u250c\u2500\u2500\u2500\u2500\u2500\u2500\u2500\u2500\u2500\u2500\u2534\u2500\u2500\u2500\u2500\u2500\u2500\u2500\u2500\u2500\u2500\u2510\u250c\u2500\u2500\u2500\u2500\u2500\u2500\u2500\u2500\u2500\u2500\u2534\u2500\u2500\u2500\u2500\u2500\u2500\u2500\u2500\u2500\u2500\u2510\u250c\u2500\u2500\u2500\u2500\u2500\u2500\u2500\u2500\u2500\u2500\u2534\u2500\u2500\u2500\u2500\u2500\u2500\u2500\u2500\u2500\u2500\u2510                                              \u250c\u2500\u2500\u2500\u2500\u2500\u2500\u2500\u2500\u2500\u2500\u2534\u2500\u2500\u2500\u2500\u2500\u2500\u2500\u2500\u2500\u2500\u2510\u250c\u2500\u2500\u2500\u2500\u2500\u2500\u2500\u2500\u2500\u2500\u2534\u2500\u2500\u2500\u2500\u2500\u2500\u2500\u2500\u2500\u2500\u2510\u250c\u2500\u2500\u2500\u2500\u2500\u2500\u2500\u2500\u2500\u2500\u2534\u2500\u2500\u2500\u2500\u2500\u2500\u2500\u2500\u2500\u2500\u2510\n\u2502      SEQ_SCAN       \u2502\u2502        FILTER       \u2502\u2502        FILTER       \u2502                                              \u2502      SEQ_SCAN       \u2502\u2502        FILTER       \u2502\u2502        FILTER       \u2502\n\u2502    \u2500\u2500\u2500\u2500\u2500\u2500\u2500\u2500\u2500\u2500\u2500\u2500\u2500\u2500   \u2502\u2502    \u2500\u2500\u2500\u2500\u2500\u2500\u2500\u2500\u2500\u2500\u2500\u2500\u2500\u2500   \u2502\u2502    \u2500\u2500\u2500\u2500\u2500\u2500\u2500\u2500\u2500\u2500\u2500\u2500\u2500\u2500   \u2502                                              \u2502    \u2500\u2500\u2500\u2500\u2500\u2500\u2500\u2500\u2500\u2500\u2500\u2500\u2500\u2500   \u2502\u2502    \u2500\u2500\u2500\u2500\u2500\u2500\u2500\u2500\u2500\u2500\u2500\u2500\u2500\u2500   \u2502\u2502    \u2500\u2500\u2500\u2500\u2500\u2500\u2500\u2500\u2500\u2500\u2500\u2500\u2500\u2500   \u2502\n\u2502        Table:       \u2502\u2502  (d_date_sk BETWEEN \u2502\u2502   ((sm_carrier =    \u2502                                              \u2502        Table:       \u2502\u2502  (d_date_sk BETWEEN \u2502\u2502   ((sm_carrier =    \u2502\n\u2502      web_sales      \u2502\u2502 2450816 AND 2452642)\u2502\u2502 'GREAT EASTERN') OR \u2502                                              \u2502    catalog_sales    \u2502\u2502 2450815 AND 2452653)\u2502\u2502 'GREAT EASTERN') OR \u2502\n\u2502                     \u2502\u2502                     \u2502\u2502    (sm_carrier =    \u2502                                              \u2502                     \u2502\u2502                     \u2502\u2502    (sm_carrier =    \u2502\n\u2502        Type:        \u2502\u2502                     \u2502\u2502     'LATVIAN'))     \u2502                                              \u2502        Type:        \u2502\u2502                     \u2502\u2502     'LATVIAN'))     \u2502\n\u2502   Sequential Scan   \u2502\u2502                     \u2502\u2502                     \u2502                                              \u2502   Sequential Scan   \u2502\u2502                     \u2502\u2502                     \u2502\n\u2502                     \u2502\u2502                     \u2502\u2502                     \u2502                                              \u2502                     \u2502\u2502                     \u2502\u2502                     \u2502\n\u2502     Projections:    \u2502\u2502                     \u2502\u2502                     \u2502                                              \u2502     Projections:    \u2502\u2502                     \u2502\u2502                     \u2502\n\u2502   ws_warehouse_sk   \u2502\u2502                     \u2502\u2502                     \u2502                                              \u2502   cs_warehouse_sk   \u2502\u2502                     \u2502\u2502                     \u2502\n\u2502   ws_sold_date_sk   \u2502\u2502                     \u2502\u2502                     \u2502                                              \u2502   cs_sold_date_sk   \u2502\u2502                     \u2502\u2502                     \u2502\n\u2502   ws_sold_time_sk   \u2502\u2502                     \u2502\u2502                     \u2502                                              \u2502   cs_sold_time_sk   \u2502\u2502                     \u2502\u2502                     \u2502\n\u2502   ws_ship_mode_sk   \u2502\u2502                     \u2502\u2502                     \u2502                                              \u2502   cs_ship_mode_sk   \u2502\u2502                     \u2502\u2502                     \u2502\n\u2502  ws_ext_sales_price \u2502\u2502                     \u2502\u2502                     \u2502                                              \u2502  cs_ext_list_price  \u2502\u2502                     \u2502\u2502                     \u2502\n\u2502     ws_quantity     \u2502\u2502                     \u2502\u2502                     \u2502                                              \u2502     cs_quantity     \u2502\u2502                     \u2502\u2502                     \u2502\n\u2502ws_net_paid_inc_ship_\u2502\u2502                     \u2502\u2502                     \u2502                                              \u2502cs_net_paid_inc_ship_\u2502\u2502                     \u2502\u2502                     \u2502\n\u2502         tax         \u2502\u2502                     \u2502\u2502                     \u2502                                              \u2502         tax         \u2502\u2502                     \u2502\u2502                     \u2502\n\u2502                     \u2502\u2502                     \u2502\u2502                     \u2502                                              \u2502                     \u2502\u2502                     \u2502\u2502                     \u2502\n\u2502   ~7,197,566 rows   \u2502\u2502      ~585 rows      \u2502\u2502       ~4 rows       \u2502                                              \u2502   ~14,401,261 rows  \u2502\u2502      ~585 rows      \u2502\u2502       ~4 rows       \u2502\n\u2514\u2500\u2500\u2500\u2500\u2500\u2500\u2500\u2500\u2500\u2500\u2500\u2500\u2500\u2500\u2500\u2500\u2500\u2500\u2500\u2500\u2500\u2518\u2514\u2500\u2500\u2500\u2500\u2500\u2500\u2500\u2500\u2500\u2500\u252c\u2500\u2500\u2500\u2500\u2500\u2500\u2500\u2500\u2500\u2500\u2518\u2514\u2500\u2500\u2500\u2500\u2500\u2500\u2500\u2500\u2500\u2500\u252c\u2500\u2500\u2500\u2500\u2500\u2500\u2500\u2500\u2500\u2500\u2518                                              \u2514\u2500\u2500\u2500\u2500\u2500\u2500\u2500\u2500\u2500\u2500\u2500\u2500\u2500\u2500\u2500\u2500\u2500\u2500\u2500\u2500\u2500\u2518\u2514\u2500\u2500\u2500\u2500\u2500\u2500\u2500\u2500\u2500\u2500\u252c\u2500\u2500\u2500\u2500\u2500\u2500\u2500\u2500\u2500\u2500\u2518\u2514\u2500\u2500\u2500\u2500\u2500\u2500\u2500\u2500\u2500\u2500\u252c\u2500\u2500\u2500\u2500\u2500\u2500\u2500\u2500\u2500\u2500\u2518\n                       \u250c\u2500\u2500\u2500\u2500\u2500\u2500\u2500\u2500\u2500\u2500\u2534\u2500\u2500\u2500\u2500\u2500\u2500\u2500\u2500\u2500\u2500\u2510\u250c\u2500\u2500\u2500\u2500\u2500\u2500\u2500\u2500\u2500\u2500\u2534\u2500\u2500\u2500\u2500\u2500\u2500\u2500\u2500\u2500\u2500\u2510                                                                     \u250c\u2500\u2500\u2500\u2500\u2500\u2500\u2500\u2500\u2500\u2500\u2534\u2500\u2500\u2500\u2500\u2500\u2500\u2500\u2500\u2500\u2500\u2510\u250c\u2500\u2500\u2500\u2500\u2500\u2500\u2500\u2500\u2500\u2500\u2534\u2500\u2500\u2500\u2500\u2500\u2500\u2500\u2500\u2500\u2500\u2510\n                       \u2502      SEQ_SCAN       \u2502\u2502      SEQ_SCAN       \u2502                                                                     \u2502      SEQ_SCAN       \u2502\u2502      SEQ_SCAN       \u2502\n                       \u2502    \u2500\u2500\u2500\u2500\u2500\u2500\u2500\u2500\u2500\u2500\u2500\u2500\u2500\u2500   \u2502\u2502    \u2500\u2500\u2500\u2500\u2500\u2500\u2500\u2500\u2500\u2500\u2500\u2500\u2500\u2500   \u2502                                                                     \u2502    \u2500\u2500\u2500\u2500\u2500\u2500\u2500\u2500\u2500\u2500\u2500\u2500\u2500\u2500   \u2502\u2502    \u2500\u2500\u2500\u2500\u2500\u2500\u2500\u2500\u2500\u2500\u2500\u2500\u2500\u2500   \u2502\n                       \u2502   Table: date_dim   \u2502\u2502        Table:       \u2502                                                                     \u2502   Table: date_dim   \u2502\u2502        Table:       \u2502\n                       \u2502                     \u2502\u2502      ship_mode      \u2502                                                                     \u2502                     \u2502\u2502      ship_mode      \u2502\n                       \u2502        Type:        \u2502\u2502                     \u2502                                                                     \u2502        Type:        \u2502\u2502                     \u2502\n                       \u2502   Sequential Scan   \u2502\u2502        Type:        \u2502                                                                     \u2502   Sequential Scan   \u2502\u2502        Type:        \u2502\n                       \u2502                     \u2502\u2502   Sequential Scan   \u2502                                                                     \u2502                     \u2502\u2502   Sequential Scan   \u2502\n                       \u2502     Projections:    \u2502\u2502                     \u2502                                                                     \u2502     Projections:    \u2502\u2502                     \u2502\n                       \u2502      d_date_sk      \u2502\u2502     Projections:    \u2502                                                                     \u2502      d_date_sk      \u2502\u2502     Projections:    \u2502\n                       \u2502        d_year       \u2502\u2502   sm_ship_mode_sk   \u2502                                                                     \u2502        d_year       \u2502\u2502   sm_ship_mode_sk   \u2502\n                       \u2502        d_moy        \u2502\u2502      sm_carrier     \u2502                                                                     \u2502        d_moy        \u2502\u2502      sm_carrier     \u2502\n                       \u2502                     \u2502\u2502                     \u2502                                                                     \u2502                     \u2502\u2502                     \u2502\n                       \u2502       Filters:      \u2502\u2502       Filters:      \u2502                                                                     \u2502       Filters:      \u2502\u2502       Filters:      \u2502\n                       \u2502     d_year=1998     \u2502\u2502 optional: sm_carrier\u2502                                                                     \u2502     d_year=1998     \u2502\u2502 optional: sm_carrier\u2502\n                       \u2502                     \u2502\u2502  IN ('GREAT EASTERN'\u2502                                                                     \u2502                     \u2502\u2502  IN ('GREAT EASTERN'\u2502\n                       \u2502                     \u2502\u2502     , 'LATVIAN')    \u2502                                                                     \u2502                     \u2502\u2502     , 'LATVIAN')    \u2502\n                       \u2502                     \u2502\u2502                     \u2502                                                                     \u2502                     \u2502\u2502                     \u2502\n                       \u2502      ~585 rows      \u2502\u2502       ~20 rows      \u2502                                                                     \u2502      ~585 rows      \u2502\u2502       ~20 rows      \u2502\n                       \u2514\u2500\u2500\u2500\u2500\u2500\u2500\u2500\u2500\u2500\u2500\u2500\u2500\u2500\u2500\u2500\u2500\u2500\u2500\u2500\u2500\u2500\u2518\u2514\u2500\u2500\u2500\u2500\u2500\u2500\u2500\u2500\u2500\u2500\u2500\u2500\u2500\u2500\u2500\u2500\u2500\u2500\u2500\u2500\u2500\u2518                                                                     \u2514\u2500\u2500\u2500\u2500\u2500\u2500\u2500\u2500\u2500\u2500\u2500\u2500\u2500\u2500\u2500\u2500\u2500\u2500\u2500\u2500\u2500\u2518\u2514\u2500\u2500\u2500\u2500\u2500\u2500\u2500\u2500\u2500\u2500\u2500\u2500\u2500\u2500\u2500\u2500\u2500\u2500\u2500\u2500\u2500\u2518\n",
  "plan_json": {
    "total_bytes_written": 0,
    "total_bytes_read": 0,
    "rows_returned": 0,
    "latency": 0.0,
    "result_set_size": 0,
    "query_name": "",
    "blocked_thread_time": 0.0,
    "system_peak_buffer_memory": 0,
    "system_peak_temp_dir_size": 0,
    "cpu_time": 0.0,
    "extra_info": {},
    "cumulative_cardinality": 0,
    "cumulative_rows_scanned": 0,
    "children": [
      {
        "total_bytes_written": 0,
        "total_bytes_read": 0,
        "result_set_size": 0,
        "operator_name": "EXPLAIN_ANALYZE",
        "cpu_time": 0.0,
        "extra_info": {},
        "cumulative_cardinality": 0,
        "operator_type": "EXPLAIN_ANALYZE",
        "operator_cardinality": 0,
        "cumulative_rows_scanned": 0,
        "operator_rows_scanned": 0,
        "operator_timing": 3.68e-07,
        "children": [
          {
            "total_bytes_written": 0,
            "total_bytes_read": 0,
            "result_set_size": 5840,
            "operator_name": "TOP_N",
            "cpu_time": 0.0,
            "extra_info": {
              "Top": "100",
              "Order By": "x.w_warehouse_name ASC"
            },
            "cumulative_cardinality": 0,
            "operator_type": "TOP_N",
            "operator_cardinality": 10,
            "cumulative_rows_scanned": 0,
            "operator_rows_scanned": 0,
            "operator_timing": 0.0006516009999999999,
            "children": [
              {
                "total_bytes_written": 0,
                "total_bytes_read": 0,
                "result_set_size": 5840,
                "operator_name": "PROJECTION",
                "cpu_time": 0.0,
                "extra_info": {
                  "Projections": [
                    "#0",
                    "#1",
                    "__internal_decompress_string(#2)",
                    "__internal_decompress_string(#3)",
                    "__internal_decompress_string(#4)",
                    "__internal_decompress_string(#5)",
                    "#6",
                    "__internal_decompress_integral_integer(#7, 1998)",
                    "#8",
                    "#9",
                    "#10",
                    "#11",
                    "#12",
                    "#13",
                    "#14",
                    "#15",
                    "#16",
                    "#17",
                    "#18",
                    "#19",
                    "#20",
                    "#21",
                    "#22",
                    "#23",
                    "#24",
                    "#25",
                    "#26",
                    "#27",
                    "#28",
                    "#29",
                    "#30",
                    "#31",
                    "#32",
                    "#33",
                    "#34",
                    "#35",
                    "#36",
                    "#37",
                    "#38",
                    "#39",
                    "#40",
                    "#41",
                    "#42",
                    "#43"
                  ],
                  "Estimated Cardinality": "6835"
                },
                "cumulative_cardinality": 0,
                "operator_type": "PROJECTION",
                "operator_cardinality": 10,
                "cumulative_rows_scanned": 0,
                "operator_rows_scanned": 0,
                "operator_timing": 0.00013507599999999998,
                "children": [
                  {
                    "total_bytes_written": 0,
                    "total_bytes_read": 0,
                    "result_set_size": 5690,
                    "operator_name": "HASH_GROUP_BY",
                    "cpu_time": 0.0,
                    "extra_info": {
                      "Groups": [
                        "#0",
                        "#1",
                        "#2",
                        "#3",
                        "#4",
                        "#5",
                        "#6",
                        "#7"
                      ],
                      "Aggregates": [
                        "sum(#8)",
                        "sum(#9)",
                        "sum(#10)",
                        "sum(#11)",
                        "sum(#12)",
                        "sum(#13)",
                        "sum(#14)",
                        "sum(#15)",
                        "sum(#16)",
                        "sum(#17)",
                        "sum(#18)",
                        "sum(#19)",
                        "sum(#20)",
                        "sum(#21)",
                        "sum(#22)",
                        "sum(#23)",
                        "sum(#24)",
                        "sum(#25)",
                        "sum(#26)",
                        "sum(#27)",
                        "sum(#28)",
                        "sum(#29)",
                        "sum(#30)",
                        "sum(#31)",
                        "sum(#32)",
                        "sum(#33)",
                        "sum(#34)",
                        "sum(#35)",
                        "sum(#36)",
                        "sum(#37)",
                        "sum(#38)",
                        "sum(#39)",
                        "sum(#40)",
                        "sum(#41)",
                        "sum(#42)",
                        "sum(#43)"
                      ],
                      "Estimated Cardinality": "6835"
                    },
                    "cumulative_cardinality": 0,
                    "operator_type": "HASH_GROUP_BY",
                    "operator_cardinality": 10,
                    "cumulative_rows_scanned": 0,
                    "operator_rows_scanned": 0,
                    "operator_timing": 0.0033026229999999998,
                    "children": [
                      {
                        "total_bytes_written": 0,
                        "total_bytes_read": 0,
                        "result_set_size": 11380,
                        "operator_name": "PROJECTION",
                        "cpu_time": 0.0,
                        "extra_info": {
                          "Projections": [
                            "w_warehouse_name",
                            "w_warehouse_sq_ft",
                            "w_city",
                            "w_county",
                            "w_state",
                            "w_country",
                            "ship_carriers",
                            "year",
                            "jan_sales",
                            "feb_sales",
                            "mar_sales",
                            "apr_sales",
                            "may_sales",
                            "jun_sales",
                            "jul_sales",
                            "aug_sales",
                            "sep_sales",
                            "oct_sales",
                            "nov_sales",
                            "dec_sales",
                            "(CAST(jan_sales AS DOUBLE) / #20)",
                            "(CAST(feb_sales AS DOUBLE) / #20)",
                            "(CAST(mar_sales AS DOUBLE) / #20)",
                            "(CAST(apr_sales AS DOUBLE) / #20)",
                            "(CAST(may_sales AS DOUBLE) / #20)",
                            "(CAST(jun_sales AS DOUBLE) / #20)",
                            "(CAST(jul_sales AS DOUBLE) / #20)",
                            "(CAST(aug_sales AS DOUBLE) / #20)",
                            "(CAST(sep_sales AS DOUBLE) / #20)",
                            "(CAST(oct_sales AS DOUBLE) / #20)",
                            "(CAST(nov_sales AS DOUBLE) / #20)",
                            "(CAST(dec_sales AS DOUBLE) / #20)",
                            "jan_net",
                            "feb_net",
                            "mar_net",
                            "apr_net",
                            "may_net",
                            "jun_net",
                            "jul_net",
                            "aug_net",
                            "sep_net",
                            "oct_net",
                            "nov_net",
                            "dec_net"
                          ],
                          "Estimated Cardinality": "6835"
                        },
                        "cumulative_cardinality": 0,
                        "operator_type": "PROJECTION",
                        "operator_cardinality": 20,
                        "cumulative_rows_scanned": 0,
                        "operator_rows_scanned": 0,
                        "operator_timing": 0.0005398369999999999,
                        "children": [
                          {
                            "total_bytes_written": 0,
                            "total_bytes_read": 0,
                            "result_set_size": 9620,
                            "operator_name": "PROJECTION",
                            "cpu_time": 0.0,
                            "extra_info": {
                              "Projections": [
                                "#0",
                                "#1",
                                "__internal_compress_string_uhugeint(#2)",
                                "__internal_compress_string_uhugeint(#3)",
                                "__internal_compress_string_uinteger(#4)",
                                "__internal_compress_string_uhugeint(#5)",
                                "#6",
                                "__internal_compress_integral_utinyint(#7, 1998)",
                                "#8",
                                "#9",
                                "#10",
                                "#11",
                                "#12",
                                "#13",
                                "#14",
                                "#15",
                                "#16",
                                "#17",
                                "#18",
                                "#19",
                                "#20",
                                "#21",
                                "#22",
                                "#23",
                                "#24",
                                "#25",
                                "#26",
                                "#27",
                                "#28",
                                "#29",
                                "#30",
                                "#31",
                                "#32"
                              ],
                              "Estimated Cardinality": "6835"
                            },
                            "cumulative_cardinality": 0,
                            "operator_type": "PROJECTION",
                            "operator_cardinality": 20,
                            "cumulative_rows_scanned": 0,
                            "operator_rows_scanned": 0,
                            "operator_timing": 0.00012926299999999999,
                            "children": [
                              {
                                "total_bytes_written": 0,
                                "total_bytes_read": 0,
                                "result_set_size": 9920,
                                "operator_name": "PROJECTION",
                                "cpu_time": 0.0,
                                "extra_info": {
                                  "Projections": [
                                    "w_warehouse_name",
                                    "w_warehouse_sq_ft",
                                    "w_city",
                                    "w_county",
                                    "w_state",
                                    "w_country",
                                    "ship_carriers",
                                    "year",
                                    "jan_sales",
                                    "feb_sales",
                                    "mar_sales",
                                    "apr_sales",
                                    "may_sales",
                                    "jun_sales",
                                    "jul_sales",
                                    "aug_sales",
                                    "sep_sales",
                                    "oct_sales",
                                    "nov_sales",
                                    "dec_sales",
                                    "CAST(w_warehouse_sq_ft AS DOUBLE)",
                                    "jan_net",
                                    "feb_net",
                                    "mar_net",
                                    "apr_net",
                                    "may_net",
                                    "jun_net",
                                    "jul_net",
                                    "aug_net",
                                    "sep_net",
                                    "oct_net",
                                    "nov_net",
                                    "dec_net"
                                  ],
                                  "Estimated Cardinality": "6835"
                                },
                                "cumulative_cardinality": 0,
                                "operator_type": "PROJECTION",
                                "operator_cardinality": 20,
                                "cumulative_rows_scanned": 0,
                                "operator_rows_scanned": 0,
                                "operator_timing": 4.7745e-05,
                                "children": [
                                  {
                                    "total_bytes_written": 0,
                                    "total_bytes_read": 0,
                                    "result_set_size": 0,
                                    "operator_name": "UNION",
                                    "cpu_time": 0.0,
                                    "extra_info": {},
                                    "cumulative_cardinality": 0,
                                    "operator_type": "UNION",
                                    "operator_cardinality": 0,
                                    "cumulative_rows_scanned": 0,
                                    "operator_rows_scanned": 0,
                                    "operator_timing": 0.0,
                                    "children": [
                                      {
                                        "total_bytes_written": 0,
                                        "total_bytes_read": 0,
                                        "result_set_size": 4880,
                                        "operator_name": "PROJECTION",
                                        "cpu_time": 0.0,
                                        "extra_info": {
                                          "Projections": [
                                            "w_warehouse_name",
                                            "w_warehouse_sq_ft",
                                            "w_city",
                                            "w_county",
                                            "w_state",
                                            "w_country",
                                            "ship_carriers",
                                            "year",
                                            "jan_sales",
                                            "feb_sales",
                                            "mar_sales",
                                            "apr_sales",
                                            "may_sales",
                                            "jun_sales",
                                            "jul_sales",
                                            "aug_sales",
                                            "sep_sales",
                                            "oct_sales",
                                            "nov_sales",
                                            "dec_sales",
                                            "jan_net",
                                            "feb_net",
                                            "mar_net",
                                            "apr_net",
                                            "may_net",
                                            "jun_net",
                                            "jul_net",
                                            "aug_net",
                                            "sep_net",
                                            "oct_net",
                                            "nov_net",
                                            "dec_net"
                                          ],
                                          "Estimated Cardinality": "2336"
                                        },
                                        "cumulative_cardinality": 0,
                                        "operator_type": "PROJECTION",
                                        "operator_cardinality": 10,
                                        "cumulative_rows_scanned": 0,
                                        "operator_rows_scanned": 0,
                                        "operator_timing": 8.011800000000001e-05,
                                        "children": [
                                          {
                                            "total_bytes_written": 0,
                                            "total_bytes_read": 0,
                                            "result_set_size": 4720,
                                            "operator_name": "PROJECTION",
                                            "cpu_time": 0.0,
                                            "extra_info": {
                                              "Projections": [
                                                "#0",
                                                "#1",
                                                "__internal_decompress_string(#2)",
                                                "__internal_decompress_string(#3)",
                                                "__internal_decompress_string(#4)",
                                                "__internal_decompress_string(#5)",
                                                "__internal_decompress_integral_integer(#6, 1998)",
                                                "#7",
                                                "#8",
                                                "#9",
                                                "#10",
                                                "#11",
                                                "#12",
                                                "#13",
                                                "#14",
                                                "#15",
                                                "#16",
                                                "#17",
                                                "#18",
                                                "#19",
                                                "#20",
                                                "#21",
                                                "#22",
                                                "#23",
                                                "#24",
                                                "#25",
                                                "#26",
                                                "#27",
                                                "#28",
                                                "#29",
                                                "#30"
                                              ],
                                              "Estimated Cardinality": "2336"
                                            },
                                            "cumulative_cardinality": 0,
                                            "operator_type": "PROJECTION",
                                            "operator_cardinality": 10,
                                            "cumulative_rows_scanned": 0,
                                            "operator_rows_scanned": 0,
                                            "operator_timing": 8.120299999999999e-05,
                                            "children": [
                                              {
                                                "total_bytes_written": 0,
                                                "total_bytes_read": 0,
                                                "result_set_size": 4570,
                                                "operator_name": "HASH_GROUP_BY",
                                                "cpu_time": 0.0,
                                                "extra_info": {
                                                  "Groups": [
                                                    "#0",
                                                    "#1",
                                                    "#2",
                                                    "#3",
                                                    "#4",
                                                    "#5",
                                                    "#6"
                                                  ],
                                                  "Aggregates": [
                                                    "sum(#7)",
                                                    "sum(#8)",
                                                    "sum(#9)",
                                                    "sum(#10)",
                                                    "sum(#11)",
                                                    "sum(#12)",
                                                    "sum(#13)",
                                                    "sum(#14)",
                                                    "sum(#15)",
                                                    "sum(#16)",
                                                    "sum(#17)",
                                                    "sum(#18)",
                                                    "sum(#19)",
                                                    "sum(#20)",
                                                    "sum(#21)",
                                                    "sum(#22)",
                                                    "sum(#23)",
                                                    "sum(#24)",
                                                    "sum(#25)",
                                                    "sum(#26)",
                                                    "sum(#27)",
                                                    "sum(#28)",
                                                    "sum(#29)",
                                                    "sum(#30)"
                                                  ],
                                                  "Estimated Cardinality": "2336"
                                                },
                                                "cumulative_cardinality": 0,
                                                "operator_type": "HASH_GROUP_BY",
                                                "operator_cardinality": 10,
                                                "cumulative_rows_scanned": 0,
                                                "operator_rows_scanned": 0,
                                                "operator_timing": 0.014434125000000003,
                                                "children": [
                                                  {
                                                    "total_bytes_written": 0,
                                                    "total_bytes_read": 0,
                                                    "result_set_size": 17010085,
                                                    "operator_name": "PROJECTION",
                                                    "cpu_time": 0.0,
                                                    "extra_info": {
                                                      "Projections": [
                                                        "w_warehouse_name",
                                                        "w_warehouse_sq_ft",
                                                        "w_city",
                                                        "w_county",
                                                        "w_state",
                                                        "w_country",
                                                        "d_year",
                                                        "CASE  WHEN (#7) THEN ((CAST(ws_ext_sales_price AS DECIMAL(17,2)) * CAST(ws_quantity AS DECIMAL(17,0)))) ELSE 0.00 END",
                                                        "CASE  WHEN (#10) THEN ((CAST(ws_ext_sales_price AS DECIMAL(17,2)) * CAST(ws_quantity AS DECIMAL(17,0)))) ELSE 0.00 END",
                                                        "CASE  WHEN (#11) THEN ((CAST(ws_ext_sales_price AS DECIMAL(17,2)) * CAST(ws_quantity AS DECIMAL(17,0)))) ELSE 0.00 END",
                                                        "CASE  WHEN (#12) THEN ((CAST(ws_ext_sales_price AS DECIMAL(17,2)) * CAST(ws_quantity AS DECIMAL(17,0)))) ELSE 0.00 END",
                                                        "CASE  WHEN (#13) THEN ((CAST(ws_ext_sales_price AS DECIMAL(17,2)) * CAST(ws_quantity AS DECIMAL(17,0)))) ELSE 0.00 END",
                                                        "CASE  WHEN (#14) THEN ((CAST(ws_ext_sales_price AS DECIMAL(17,2)) * CAST(ws_quantity AS DECIMAL(17,0)))) ELSE 0.00 END",
                                                        "CASE  WHEN (#15) THEN ((CAST(ws_ext_sales_price AS DECIMAL(17,2)) * CAST(ws_quantity AS DECIMAL(17,0)))) ELSE 0.00 END",
                                                        "CASE  WHEN (#16) THEN ((CAST(ws_ext_sales_price AS DECIMAL(17,2)) * CAST(ws_quantity AS DECIMAL(17,0)))) ELSE 0.00 END",
                                                        "CASE  WHEN (#17) THEN ((CAST(ws_ext_sales_price AS DECIMAL(17,2)) * CAST(ws_quantity AS DECIMAL(17,0)))) ELSE 0.00 END",
                                                        "CASE  WHEN (#18) THEN ((CAST(ws_ext_sales_price AS DECIMAL(17,2)) * CAST(ws_quantity AS DECIMAL(17,0)))) ELSE 0.00 END",
                                                        "CASE  WHEN (#19) THEN ((CAST(ws_ext_sales_price AS DECIMAL(17,2)) * CAST(ws_quantity AS DECIMAL(17,0)))) ELSE 0.00 END",
                                                        "CASE  WHEN (#20) THEN ((CAST(ws_ext_sales_price AS DECIMAL(17,2)) * CAST(ws_quantity AS DECIMAL(17,0)))) ELSE 0.00 END",
                                                        "CASE  WHEN (#7) THEN ((CAST(ws_net_paid_inc_ship_tax AS DECIMAL(17,2)) * CAST(ws_quantity AS DECIMAL(17,0)))) ELSE 0.00 END",
                                                        "CASE  WHEN (#10) THEN ((CAST(ws_net_paid_inc_ship_tax AS DECIMAL(17,2)) * CAST(ws_quantity AS DECIMAL(17,0)))) ELSE 0.00 END",
                                                        "CASE  WHEN (#11) THEN ((CAST(ws_net_paid_inc_ship_tax AS DECIMAL(17,2)) * CAST(ws_quantity AS DECIMAL(17,0)))) ELSE 0.00 END",
                                                        "CASE  WHEN (#12) THEN ((CAST(ws_net_paid_inc_ship_tax AS DECIMAL(17,2)) * CAST(ws_quantity AS DECIMAL(17,0)))) ELSE 0.00 END",
                                                        "CASE  WHEN (#13) THEN ((CAST(ws_net_paid_inc_ship_tax AS DECIMAL(17,2)) * CAST(ws_quantity AS DECIMAL(17,0)))) ELSE 0.00 END",
                                                        "CASE  WHEN (#14) THEN ((CAST(ws_net_paid_inc_ship_tax AS DECIMAL(17,2)) * CAST(ws_quantity AS DECIMAL(17,0)))) ELSE 0.00 END",
                                                        "CASE  WHEN (#15) THEN ((CAST(ws_net_paid_inc_ship_tax AS DECIMAL(17,2)) * CAST(ws_quantity AS DECIMAL(17,0)))) ELSE 0.00 END",
                                                        "CASE  WHEN (#16) THEN ((CAST(ws_net_paid_inc_ship_tax AS DECIMAL(17,2)) * CAST(ws_quantity AS DECIMAL(17,0)))) ELSE 0.00 END",
                                                        "CASE  WHEN (#17) THEN ((CAST(ws_net_paid_inc_ship_tax AS DECIMAL(17,2)) * CAST(ws_quantity AS DECIMAL(17,0)))) ELSE 0.00 END",
                                                        "CASE  WHEN (#18) THEN ((CAST(ws_net_paid_inc_ship_tax AS DECIMAL(17,2)) * CAST(ws_quantity AS DECIMAL(17,0)))) ELSE 0.00 END",
                                                        "CASE  WHEN (#19) THEN ((CAST(ws_net_paid_inc_ship_tax AS DECIMAL(17,2)) * CAST(ws_quantity AS DECIMAL(17,0)))) ELSE 0.00 END",
                                                        "CASE  WHEN (#20) THEN ((CAST(ws_net_paid_inc_ship_tax AS DECIMAL(17,2)) * CAST(ws_quantity AS DECIMAL(17,0)))) ELSE 0.00 END"
                                                      ],
                                                      "Estimated Cardinality": "2336"
                                                    },
                                                    "cumulative_cardinality": 0,
                                                    "operator_type": "PROJECTION",
                                                    "operator_cardinality": 64189,
                                                    "cumulative_rows_scanned": 0,
                                                    "operator_rows_scanned": 0,
                                                    "operator_timing": 0.021248861000000008,
                                                    "children": [
                                                      {
                                                        "total_bytes_written": 0,
                                                        "total_bytes_read": 0,
                                                        "result_set_size": 6226333,
                                                        "operator_name": "PROJECTION",
                                                        "cpu_time": 0.0,
                                                        "extra_info": {
                                                          "Projections": [
                                                            "#0",
                                                            "#1",
                                                            "__internal_compress_string_uhugeint(#2)",
                                                            "__internal_compress_string_uhugeint(#3)",
                                                            "__internal_compress_string_uinteger(#4)",
                                                            "__internal_compress_string_uhugeint(#5)",
                                                            "__internal_compress_integral_utinyint(#6, 1998)",
                                                            "#7",
                                                            "#8",
                                                            "#9",
                                                            "#10",
                                                            "#11",
                                                            "#12",
                                                            "#13",
                                                            "#14",
                                                            "#15",
                                                            "#16",
                                                            "#17",
                                                            "#18",
                                                            "#19",
                                                            "#20",
                                                            "#21"
                                                          ],
                                                          "Estimated Cardinality": "2336"
                                                        },
                                                        "cumulative_cardinality": 0,
                                                        "operator_type": "PROJECTION",
                                                        "operator_cardinality": 64189,
                                                        "cumulative_rows_scanned": 0,
                                                        "operator_rows_scanned": 0,
                                                        "operator_timing": 0.003349169,
                                                        "children": [
                                                          {
                                                            "total_bytes_written": 0,
                                                            "total_bytes_read": 0,
                                                            "result_set_size": 7189168,
                                                            "operator_name": "PROJECTION",
                                                            "cpu_time": 0.0,
                                                            "extra_info": {
                                                              "Projections": [
                                                                "w_warehouse_name",
                                                                "w_warehouse_sq_ft",
                                                                "w_city",
                                                                "w_county",
                                                                "w_state",
                                                                "w_country",
                                                                "d_year",
                                                                "(d_moy = 1)",
                                                                "ws_ext_sales_price",
                                                                "ws_quantity",
                                                                "(d_moy = 2)",
                                                                "(d_moy = 3)",
                                                                "(d_moy = 4)",
                                                                "(d_moy = 5)",
                                                                "(d_moy = 6)",
                                                                "(d_moy = 7)",
                                                                "(d_moy = 8)",
                                                                "(d_moy = 9)",
                                                                "(d_moy = 10)",
                                                                "(d_moy = 11)",
                                                                "(d_moy = 12)",
                                                                "ws_net_paid_inc_ship_tax"
                                                              ],
                                                              "Estimated Cardinality": "2336"
                                                            },
                                                            "cumulative_cardinality": 0,
                                                            "operator_type": "PROJECTION",
                                                            "operator_cardinality": 64189,
                                                            "cumulative_rows_scanned": 0,
                                                            "operator_rows_scanned": 0,
                                                            "operator_timing": 0.002026194,
                                                            "children": [
                                                              {
                                                                "total_bytes_written": 0,
                                                                "total_bytes_read": 0,
                                                                "result_set_size": 6675656,
                                                                "operator_name": "HASH_JOIN",
                                                                "cpu_time": 0.0,
                                                                "extra_info": {
                                                                  "Join Type": "INNER",
                                                                  "Conditions": "ws_warehouse_sk = w_warehouse_sk",
                                                                  "Estimated Cardinality": "2336"
                                                                },
                                                                "cumulative_cardinality": 0,
                                                                "operator_type": "HASH_JOIN",
                                                                "operator_cardinality": 64189,
                                                                "cumulative_rows_scanned": 0,
                                                                "operator_rows_scanned": 0,
                                                                "operator_timing": 0.000766329,
                                                                "children": [
                                                                  {
                                                                    "total_bytes_written": 0,
                                                                    "total_bytes_read": 0,
                                                                    "result_set_size": 1797292,
                                                                    "operator_name": "HASH_JOIN",
                                                                    "cpu_time": 0.0,
                                                                    "extra_info": {
                                                                      "Join Type": "INNER",
                                                                      "Conditions": "ws_sold_time_sk = t_time_sk",
                                                                      "Estimated Cardinality": "2570"
                                                                    },
                                                                    "cumulative_cardinality": 0,
                                                                    "operator_type": "HASH_JOIN",
                                                                    "operator_cardinality": 64189,
                                                                    "cumulative_rows_scanned": 0,
                                                                    "operator_rows_scanned": 0,
                                                                    "operator_timing": 0.0015079140000000002,
                                                                    "children": [
                                                                      {
                                                                        "total_bytes_written": 0,
                                                                        "total_bytes_read": 0,
                                                                        "result_set_size": 2054048,
                                                                        "operator_name": "HASH_JOIN",
                                                                        "cpu_time": 0.0,
                                                                        "extra_info": {
                                                                          "Join Type": "INNER",
                                                                          "Conditions": "ws_ship_mode_sk = sm_ship_mode_sk",
                                                                          "Estimated Cardinality": "10979"
                                                                        },
                                                                        "cumulative_cardinality": 0,
                                                                        "operator_type": "HASH_JOIN",
                                                                        "operator_cardinality": 64189,
                                                                        "cumulative_rows_scanned": 0,
                                                                        "operator_rows_scanned": 0,
                                                                        "operator_timing": 0.007746654999999999,
                                                                        "children": [
                                                                          {
                                                                            "total_bytes_written": 0,
                                                                            "total_bytes_read": 0,
                                                                            "result_set_size": 6177472,
                                                                            "operator_name": "HASH_JOIN",
                                                                            "cpu_time": 0.0,
                                                                            "extra_info": {
                                                                              "Join Type": "INNER",
                                                                              "Conditions": "ws_sold_date_sk = d_date_sk",
                                                                              "Estimated Cardinality": "57640"
                                                                            },
                                                                            "cumulative_cardinality": 0,
                                                                            "operator_type": "HASH_JOIN",
                                                                            "operator_cardinality": 193046,
                                                                            "cumulative_rows_scanned": 0,
                                                                            "operator_rows_scanned": 0,
                                                                            "operator_timing": 0.018989340000000004,
                                                                            "children": [
                                                                              {
                                                                                "total_bytes_written": 0,
                                                                                "total_bytes_read": 0,
                                                                                "result_set_size": 5405288,
                                                                                "operator_name": "SEQ_SCAN ",
                                                                                "cpu_time": 0.0,
                                                                                "extra_info": {
                                                                                  "Table": "web_sales",
                                                                                  "Type": "Sequential Scan",
                                                                                  "Projections": [
                                                                                    "ws_warehouse_sk",
                                                                                    "ws_sold_date_sk",
                                                                                    "ws_sold_time_sk",
                                                                                    "ws_ship_mode_sk",
                                                                                    "ws_ext_sales_price",
                                                                                    "ws_quantity",
                                                                                    "ws_net_paid_inc_ship_tax"
                                                                                  ],
                                                                                  "Estimated Cardinality": "7197566"
                                                                                },
                                                                                "cumulative_cardinality": 0,
                                                                                "operator_type": "TABLE_SCAN",
                                                                                "operator_cardinality": 193046,
                                                                                "cumulative_rows_scanned": 0,
                                                                                "operator_rows_scanned": 201531848,
                                                                                "operator_timing": 4.667237402999999,
                                                                                "children": []
                                                                              },
                                                                              {
                                                                                "total_bytes_written": 0,
                                                                                "total_bytes_read": 0,
                                                                                "result_set_size": 4368,
                                                                                "operator_name": "FILTER",
                                                                                "cpu_time": 0.0,
                                                                                "extra_info": {
                                                                                  "Expression": "(d_date_sk BETWEEN 2450816 AND 2452642)",
                                                                                  "Estimated Cardinality": "585"
                                                                                },
                                                                                "cumulative_cardinality": 0,
                                                                                "operator_type": "FILTER",
                                                                                "operator_cardinality": 364,
                                                                                "cumulative_rows_scanned": 0,
                                                                                "operator_rows_scanned": 0,
                                                                                "operator_timing": 2.0975e-05,
                                                                                "children": [
                                                                                  {
                                                                                    "total_bytes_written": 0,
                                                                                    "total_bytes_read": 0,
                                                                                    "result_set_size": 4380,
                                                                                    "operator_name": "SEQ_SCAN ",
                                                                                    "cpu_time": 0.0,
                                                                                    "extra_info": {
                                                                                      "Table": "date_dim",
                                                                                      "Type": "Sequential Scan",
                                                                                      "Projections": [
                                                                                        "d_date_sk",
                                                                                        "d_year",
                                                                                        "d_moy"
                                                                                      ],
                                                                                      "Filters": "d_year=1998",
                                                                                      "Estimated Cardinality": "585"
                                                                                    },
                                                                                    "cumulative_cardinality": 0,
                                                                                    "operator_type": "TABLE_SCAN",
                                                                                    "operator_cardinality": 365,
                                                                                    "cumulative_rows_scanned": 0,
                                                                                    "operator_rows_scanned": 73049,
                                                                                    "operator_timing": 0.002745093,
                                                                                    "children": []
                                                                                  }
                                                                                ]
                                                                              }
                                                                            ]
                                                                          },
                                                                          {
                                                                            "total_bytes_written": 0,
                                                                            "total_bytes_read": 0,
                                                                            "result_set_size": 8,
                                                                            "operator_name": "PROJECTION",
                                                                            "cpu_time": 0.0,
                                                                            "extra_info": {
                                                                              "Projections": "#0",
                                                                              "Estimated Cardinality": "4"
                                                                            },
                                                                            "cumulative_cardinality": 0,
                                                                            "operator_type": "PROJECTION",
                                                                            "operator_cardinality": 2,
                                                                            "cumulative_rows_scanned": 0,
                                                                            "operator_rows_scanned": 0,
                                                                            "operator_timing": 4.19e-07,
                                                                            "children": [
                                                                              {
                                                                                "total_bytes_written": 0,
                                                                                "total_bytes_read": 0,
                                                                                "result_set_size": 40,
                                                                                "operator_name": "FILTER",
                                                                                "cpu_time": 0.0,
                                                                                "extra_info": {
                                                                                  "Expression": "((sm_carrier = 'GREAT EASTERN') OR (sm_carrier = 'LATVIAN'))",
                                                                                  "Estimated Cardinality": "4"
                                                                                },
                                                                                "cumulative_cardinality": 0,
                                                                                "operator_type": "FILTER",
                                                                                "operator_cardinality": 2,
                                                                                "cumulative_rows_scanned": 0,
                                                                                "operator_rows_scanned": 0,
                                                                                "operator_timing": 6.7284e-05,
                                                                                "children": [
                                                                                  {
                                                                                    "total_bytes_written": 0,
                                                                                    "total_bytes_read": 0,
                                                                                    "result_set_size": 400,
                                                                                    "operator_name": "SEQ_SCAN ",
                                                                                    "cpu_time": 0.0,
                                                                                    "extra_info": {
                                                                                      "Table": "ship_mode",
                                                                                      "Type": "Sequential Scan",
                                                                                      "Projections": [
                                                                                        "sm_ship_mode_sk",
                                                                                        "sm_carrier"
                                                                                      ],
                                                                                      "Filters": "optional: sm_carrier IN ('GREAT EASTERN', 'LATVIAN')",
                                                                                      "Estimated Cardinality": "20"
                                                                                    },
                                                                                    "cumulative_cardinality": 0,
                                                                                    "operator_type": "TABLE_SCAN",
                                                                                    "operator_cardinality": 20,
                                                                                    "cumulative_rows_scanned": 0,
                                                                                    "operator_rows_scanned": 20,
                                                                                    "operator_timing": 0.00167399,
                                                                                    "children": []
                                                                                  }
                                                                                ]
                                                                              }
                                                                            ]
                                                                          }
                                                                        ]
                                                                      },
                                                                      {
                                                                        "total_bytes_written": 0,
                                                                        "total_bytes_read": 0,
                                                                        "result_set_size": 115204,
                                                                        "operator_name": "FILTER",
                                                                        "cpu_time": 0.0,
                                                                        "extra_info": {
                                                                          "Expression": "(t_time_sk <= 86398)",
                                                                          "Estimated Cardinality": "17280"
                                                                        },
                                                                        "cumulative_cardinality": 0,
                                                                        "operator_type": "FILTER",
                                                                        "operator_cardinality": 28801,
                                                                        "cumulative_rows_scanned": 0,
                                                                        "operator_rows_scanned": 0,
                                                                        "operator_timing": 2.6401000000000004e-05,
                                                                        "children": [
                                                                          {
                                                                            "total_bytes_written": 0,
                                                                            "total_bytes_read": 0,
                                                                            "result_set_size": 115204,
                                                                            "operator_name": "SEQ_SCAN ",
                                                                            "cpu_time": 0.0,
                                                                            "extra_info": {
                                                                              "Table": "time_dim",
                                                                              "Type": "Sequential Scan",
                                                                              "Projections": "t_time_sk",
                                                                              "Filters": "t_time>=48821 AND t_time<=77621",
                                                                              "Estimated Cardinality": "17280"
                                                                            },
                                                                            "cumulative_cardinality": 0,
                                                                            "operator_type": "TABLE_SCAN",
                                                                            "operator_cardinality": 28801,
                                                                            "cumulative_rows_scanned": 0,
                                                                            "operator_rows_scanned": 86400,
                                                                            "operator_timing": 0.0018792880000000002,
                                                                            "children": []
                                                                          }
                                                                        ]
                                                                      }
                                                                    ]
                                                                  },
                                                                  {
                                                                    "total_bytes_written": 0,
                                                                    "total_bytes_read": 0,
                                                                    "result_set_size": 880,
                                                                    "operator_name": "SEQ_SCAN ",
                                                                    "cpu_time": 0.0,
                                                                    "extra_info": {
                                                                      "Table": "warehouse",
                                                                      "Type": "Sequential Scan",
                                                                      "Projections": [
                                                                        "w_warehouse_sk",
                                                                        "w_warehouse_name",
                                                                        "w_warehouse_sq_ft",
                                                                        "w_city",
                                                                        "w_county",
                                                                        "w_state",
                                                                        "w_country"
                                                                      ],
                                                                      "Estimated Cardinality": "10"
                                                                    },
                                                                    "cumulative_cardinality": 0,
                                                                    "operator_type": "TABLE_SCAN",
                                                                    "operator_cardinality": 10,
                                                                    "cumulative_rows_scanned": 0,
                                                                    "operator_rows_scanned": 10,
                                                                    "operator_timing": 0.0017813759999999999,
                                                                    "children": []
                                                                  }
                                                                ]
                                                              }
                                                            ]
                                                          }
                                                        ]
                                                      }
                                                    ]
                                                  }
                                                ]
                                              }
                                            ]
                                          }
                                        ]
                                      },
                                      {
                                        "total_bytes_written": 0,
                                        "total_bytes_read": 0,
                                        "result_set_size": 4880,
                                        "operator_name": "PROJECTION",
                                        "cpu_time": 0.0,
                                        "extra_info": {
                                          "Projections": [
                                            "w_warehouse_name",
                                            "w_warehouse_sq_ft",
                                            "w_city",
                                            "w_county",
                                            "w_state",
                                            "w_country",
                                            "ship_carriers",
                                            "year",
                                            "jan_sales",
                                            "feb_sales",
                                            "mar_sales",
                                            "apr_sales",
                                            "may_sales",
                                            "jun_sales",
                                            "jul_sales",
                                            "aug_sales",
                                            "sep_sales",
                                            "oct_sales",
                                            "nov_sales",
                                            "dec_sales",
                                            "jan_net",
                                            "feb_net",
                                            "mar_net",
                                            "apr_net",
                                            "may_net",
                                            "jun_net",
                                            "jul_net",
                                            "aug_net",
                                            "sep_net",
                                            "oct_net",
                                            "nov_net",
                                            "dec_net"
                                          ],
                                          "Estimated Cardinality": "4499"
                                        },
                                        "cumulative_cardinality": 0,
                                        "operator_type": "PROJECTION",
                                        "operator_cardinality": 10,
                                        "cumulative_rows_scanned": 0,
                                        "operator_rows_scanned": 0,
                                        "operator_timing": 7.8542e-05,
                                        "children": [
                                          {
                                            "total_bytes_written": 0,
                                            "total_bytes_read": 0,
                                            "result_set_size": 4720,
                                            "operator_name": "PROJECTION",
                                            "cpu_time": 0.0,
                                            "extra_info": {
                                              "Projections": [
                                                "#0",
                                                "#1",
                                                "__internal_decompress_string(#2)",
                                                "__internal_decompress_string(#3)",
                                                "__internal_decompress_string(#4)",
                                                "__internal_decompress_string(#5)",
                                                "__internal_decompress_integral_integer(#6, 1998)",
                                                "#7",
                                                "#8",
                                                "#9",
                                                "#10",
                                                "#11",
                                                "#12",
                                                "#13",
                                                "#14",
                                                "#15",
                                                "#16",
                                                "#17",
                                                "#18",
                                                "#19",
                                                "#20",
                                                "#21",
                                                "#22",
                                                "#23",
                                                "#24",
                                                "#25",
                                                "#26",
                                                "#27",
                                                "#28",
                                                "#29",
                                                "#30"
                                              ],
                                              "Estimated Cardinality": "4499"
                                            },
                                            "cumulative_cardinality": 0,
                                            "operator_type": "PROJECTION",
                                            "operator_cardinality": 10,
                                            "cumulative_rows_scanned": 0,
                                            "operator_rows_scanned": 0,
                                            "operator_timing": 0.000128259,
                                            "children": [
                                              {
                                                "total_bytes_written": 0,
                                                "total_bytes_read": 0,
                                                "result_set_size": 4570,
                                                "operator_name": "HASH_GROUP_BY",
                                                "cpu_time": 0.0,
                                                "extra_info": {
                                                  "Groups": [
                                                    "#0",
                                                    "#1",
                                                    "#2",
                                                    "#3",
                                                    "#4",
                                                    "#5",
                                                    "#6"
                                                  ],
                                                  "Aggregates": [
                                                    "sum(#7)",
                                                    "sum(#8)",
                                                    "sum(#9)",
                                                    "sum(#10)",
                                                    "sum(#11)",
                                                    "sum(#12)",
                                                    "sum(#13)",
                                                    "sum(#14)",
                                                    "sum(#15)",
                                                    "sum(#16)",
                                                    "sum(#17)",
                                                    "sum(#18)",
                                                    "sum(#19)",
                                                    "sum(#20)",
                                                    "sum(#21)",
                                                    "sum(#22)",
                                                    "sum(#23)",
                                                    "sum(#24)",
                                                    "sum(#25)",
                                                    "sum(#26)",
                                                    "sum(#27)",
                                                    "sum(#28)",
                                                    "sum(#29)",
                                                    "sum(#30)"
                                                  ],
                                                  "Estimated Cardinality": "4499"
                                                },
                                                "cumulative_cardinality": 0,
                                                "operator_type": "HASH_GROUP_BY",
                                                "operator_cardinality": 10,
                                                "cumulative_rows_scanned": 0,
                                                "operator_rows_scanned": 0,
                                                "operator_timing": 0.019935038,
                                                "children": [
                                                  {
                                                    "total_bytes_written": 0,
                                                    "total_bytes_read": 0,
                                                    "result_set_size": 33936430,
                                                    "operator_name": "PROJECTION",
                                                    "cpu_time": 0.0,
                                                    "extra_info": {
                                                      "Projections": [
                                                        "w_warehouse_name",
                                                        "w_warehouse_sq_ft",
                                                        "w_city",
                                                        "w_county",
                                                        "w_state",
                                                        "w_country",
                                                        "d_year",
                                                        "CASE  WHEN (#7) THEN ((CAST(cs_ext_list_price AS DECIMAL(17,2)) * CAST(cs_quantity AS DECIMAL(17,0)))) ELSE 0.00 END",
                                                        "CASE  WHEN (#10) THEN ((CAST(cs_ext_list_price AS DECIMAL(17,2)) * CAST(cs_quantity AS DECIMAL(17,0)))) ELSE 0.00 END",
                                                        "CASE  WHEN (#11) THEN ((CAST(cs_ext_list_price AS DECIMAL(17,2)) * CAST(cs_quantity AS DECIMAL(17,0)))) ELSE 0.00 END",
                                                        "CASE  WHEN (#12) THEN ((CAST(cs_ext_list_price AS DECIMAL(17,2)) * CAST(cs_quantity AS DECIMAL(17,0)))) ELSE 0.00 END",
                                                        "CASE  WHEN (#13) THEN ((CAST(cs_ext_list_price AS DECIMAL(17,2)) * CAST(cs_quantity AS DECIMAL(17,0)))) ELSE 0.00 END",
                                                        "CASE  WHEN (#14) THEN ((CAST(cs_ext_list_price AS DECIMAL(17,2)) * CAST(cs_quantity AS DECIMAL(17,0)))) ELSE 0.00 END",
                                                        "CASE  WHEN (#15) THEN ((CAST(cs_ext_list_price AS DECIMAL(17,2)) * CAST(cs_quantity AS DECIMAL(17,0)))) ELSE 0.00 END",
                                                        "CASE  WHEN (#16) THEN ((CAST(cs_ext_list_price AS DECIMAL(17,2)) * CAST(cs_quantity AS DECIMAL(17,0)))) ELSE 0.00 END",
                                                        "CASE  WHEN (#17) THEN ((CAST(cs_ext_list_price AS DECIMAL(17,2)) * CAST(cs_quantity AS DECIMAL(17,0)))) ELSE 0.00 END",
                                                        "CASE  WHEN (#18) THEN ((CAST(cs_ext_list_price AS DECIMAL(17,2)) * CAST(cs_quantity AS DECIMAL(17,0)))) ELSE 0.00 END",
                                                        "CASE  WHEN (#19) THEN ((CAST(cs_ext_list_price AS DECIMAL(17,2)) * CAST(cs_quantity AS DECIMAL(17,0)))) ELSE 0.00 END",
                                                        "CASE  WHEN (#20) THEN ((CAST(cs_ext_list_price AS DECIMAL(17,2)) * CAST(cs_quantity AS DECIMAL(17,0)))) ELSE 0.00 END",
                                                        "CASE  WHEN (#7) THEN ((CAST(cs_net_paid_inc_ship_tax AS DECIMAL(17,2)) * CAST(cs_quantity AS DECIMAL(17,0)))) ELSE 0.00 END",
                                                        "CASE  WHEN (#10) THEN ((CAST(cs_net_paid_inc_ship_tax AS DECIMAL(17,2)) * CAST(cs_quantity AS DECIMAL(17,0)))) ELSE 0.00 END",
                                                        "CASE  WHEN (#11) THEN ((CAST(cs_net_paid_inc_ship_tax AS DECIMAL(17,2)) * CAST(cs_quantity AS DECIMAL(17,0)))) ELSE 0.00 END",
                                                        "CASE  WHEN (#12) THEN ((CAST(cs_net_paid_inc_ship_tax AS DECIMAL(17,2)) * CAST(cs_quantity AS DECIMAL(17,0)))) ELSE 0.00 END",
                                                        "CASE  WHEN (#13) THEN ((CAST(cs_net_paid_inc_ship_tax AS DECIMAL(17,2)) * CAST(cs_quantity AS DECIMAL(17,0)))) ELSE 0.00 END",
                                                        "CASE  WHEN (#14) THEN ((CAST(cs_net_paid_inc_ship_tax AS DECIMAL(17,2)) * CAST(cs_quantity AS DECIMAL(17,0)))) ELSE 0.00 END",
                                                        "CASE  WHEN (#15) THEN ((CAST(cs_net_paid_inc_ship_tax AS DECIMAL(17,2)) * CAST(cs_quantity AS DECIMAL(17,0)))) ELSE 0.00 END",
                                                        "CASE  WHEN (#16) THEN ((CAST(cs_net_paid_inc_ship_tax AS DECIMAL(17,2)) * CAST(cs_quantity AS DECIMAL(17,0)))) ELSE 0.00 END",
                                                        "CASE  WHEN (#17) THEN ((CAST(cs_net_paid_inc_ship_tax AS DECIMAL(17,2)) * CAST(cs_quantity AS DECIMAL(17,0)))) ELSE 0.00 END",
                                                        "CASE  WHEN (#18) THEN ((CAST(cs_net_paid_inc_ship_tax AS DECIMAL(17,2)) * CAST(cs_quantity AS DECIMAL(17,0)))) ELSE 0.00 END",
                                                        "CASE  WHEN (#19) THEN ((CAST(cs_net_paid_inc_ship_tax AS DECIMAL(17,2)) * CAST(cs_quantity AS DECIMAL(17,0)))) ELSE 0.00 END",
                                                        "CASE  WHEN (#20) THEN ((CAST(cs_net_paid_inc_ship_tax AS DECIMAL(17,2)) * CAST(cs_quantity AS DECIMAL(17,0)))) ELSE 0.00 END"
                                                      ],
                                                      "Estimated Cardinality": "4499"
                                                    },
                                                    "cumulative_cardinality": 0,
                                                    "operator_type": "PROJECTION",
                                                    "operator_cardinality": 128062,
                                                    "cumulative_rows_scanned": 0,
                                                    "operator_rows_scanned": 0,
                                                    "operator_timing": 0.012346278999999998,
                                                    "children": [
                                                      {
                                                        "total_bytes_written": 0,
                                                        "total_bytes_read": 0,
                                                        "result_set_size": 12422014,
                                                        "operator_name": "PROJECTION",
                                                        "cpu_time": 0.0,
                                                        "extra_info": {
                                                          "Projections": [
                                                            "#0",
                                                            "#1",
                                                            "__internal_compress_string_uhugeint(#2)",
                                                            "__internal_compress_string_uhugeint(#3)",
                                                            "__internal_compress_string_uinteger(#4)",
                                                            "__internal_compress_string_uhugeint(#5)",
                                                            "__internal_compress_integral_utinyint(#6, 1998)",
                                                            "#7",
                                                            "#8",
                                                            "#9",
                                                            "#10",
                                                            "#11",
                                                            "#12",
                                                            "#13",
                                                            "#14",
                                                            "#15",
                                                            "#16",
                                                            "#17",
                                                            "#18",
                                                            "#19",
                                                            "#20",
                                                            "#21"
                                                          ],
                                                          "Estimated Cardinality": "4499"
                                                        },
                                                        "cumulative_cardinality": 0,
                                                        "operator_type": "PROJECTION",
                                                        "operator_cardinality": 128062,
                                                        "cumulative_rows_scanned": 0,
                                                        "operator_rows_scanned": 0,
                                                        "operator_timing": 0.005221095,
                                                        "children": [
                                                          {
                                                            "total_bytes_written": 0,
                                                            "total_bytes_read": 0,
                                                            "result_set_size": 14342944,
                                                            "operator_name": "PROJECTION",
                                                            "cpu_time": 0.0,
                                                            "extra_info": {
                                                              "Projections": [
                                                                "w_warehouse_name",
                                                                "w_warehouse_sq_ft",
                                                                "w_city",
                                                                "w_county",
                                                                "w_state",
                                                                "w_country",
                                                                "d_year",
                                                                "(d_moy = 1)",
                                                                "cs_ext_list_price",
                                                                "cs_quantity",
                                                                "(d_moy = 2)",
                                                                "(d_moy = 3)",
                                                                "(d_moy = 4)",
                                                                "(d_moy = 5)",
                                                                "(d_moy = 6)",
                                                                "(d_moy = 7)",
                                                                "(d_moy = 8)",
                                                                "(d_moy = 9)",
                                                                "(d_moy = 10)",
                                                                "(d_moy = 11)",
                                                                "(d_moy = 12)",
                                                                "cs_net_paid_inc_ship_tax"
                                                              ],
                                                              "Estimated Cardinality": "4499"
                                                            },
                                                            "cumulative_cardinality": 0,
                                                            "operator_type": "PROJECTION",
                                                            "operator_cardinality": 128062,
                                                            "cumulative_rows_scanned": 0,
                                                            "operator_rows_scanned": 0,
                                                            "operator_timing": 0.004781845999999999,
                                                            "children": [
                                                              {
                                                                "total_bytes_written": 0,
                                                                "total_bytes_read": 0,
                                                                "result_set_size": 13318448,
                                                                "operator_name": "HASH_JOIN",
                                                                "cpu_time": 0.0,
                                                                "extra_info": {
                                                                  "Join Type": "INNER",
                                                                  "Conditions": "cs_warehouse_sk = w_warehouse_sk",
                                                                  "Estimated Cardinality": "4499"
                                                                },
                                                                "cumulative_cardinality": 0,
                                                                "operator_type": "HASH_JOIN",
                                                                "operator_cardinality": 128062,
                                                                "cumulative_rows_scanned": 0,
                                                                "operator_rows_scanned": 0,
                                                                "operator_timing": 0.0023600760000000004,
                                                                "children": [
                                                                  {
                                                                    "total_bytes_written": 0,
                                                                    "total_bytes_read": 0,
                                                                    "result_set_size": 3585736,
                                                                    "operator_name": "HASH_JOIN",
                                                                    "cpu_time": 0.0,
                                                                    "extra_info": {
                                                                      "Join Type": "INNER",
                                                                      "Conditions": "cs_sold_time_sk = t_time_sk",
                                                                      "Estimated Cardinality": "4949"
                                                                    },
                                                                    "cumulative_cardinality": 0,
                                                                    "operator_type": "HASH_JOIN",
                                                                    "operator_cardinality": 128062,
                                                                    "cumulative_rows_scanned": 0,
                                                                    "operator_rows_scanned": 0,
                                                                    "operator_timing": 0.0025971359999999995,
                                                                    "children": [
                                                                      {
                                                                        "total_bytes_written": 0,
                                                                        "total_bytes_read": 0,
                                                                        "result_set_size": 4097984,
                                                                        "operator_name": "HASH_JOIN",
                                                                        "cpu_time": 0.0,
                                                                        "extra_info": {
                                                                          "Join Type": "INNER",
                                                                          "Conditions": "cs_ship_mode_sk = sm_ship_mode_sk",
                                                                          "Estimated Cardinality": "21967"
                                                                        },
                                                                        "cumulative_cardinality": 0,
                                                                        "operator_type": "HASH_JOIN",
                                                                        "operator_cardinality": 128062,
                                                                        "cumulative_rows_scanned": 0,
                                                                        "operator_rows_scanned": 0,
                                                                        "operator_timing": 0.004175460999999999,
                                                                        "children": [
                                                                          {
                                                                            "total_bytes_written": 0,
                                                                            "total_bytes_read": 0,
                                                                            "result_set_size": 12298624,
                                                                            "operator_name": "HASH_JOIN",
                                                                            "cpu_time": 0.0,
                                                                            "extra_info": {
                                                                              "Join Type": "INNER",
                                                                              "Conditions": "cs_sold_date_sk = d_date_sk",
                                                                              "Estimated Cardinality": "115329"
                                                                            },
                                                                            "cumulative_cardinality": 0,
                                                                            "operator_type": "HASH_JOIN",
                                                                            "operator_cardinality": 384332,
                                                                            "cumulative_rows_scanned": 0,
                                                                            "operator_rows_scanned": 0,
                                                                            "operator_timing": 0.003751362,
                                                                            "children": [
                                                                              {
                                                                                "total_bytes_written": 0,
                                                                                "total_bytes_read": 0,
                                                                                "result_set_size": 10761296,
                                                                                "operator_name": "SEQ_SCAN ",
                                                                                "cpu_time": 0.0,
                                                                                "extra_info": {
                                                                                  "Table": "catalog_sales",
                                                                                  "Type": "Sequential Scan",
                                                                                  "Projections": [
                                                                                    "cs_warehouse_sk",
                                                                                    "cs_sold_date_sk",
                                                                                    "cs_sold_time_sk",
                                                                                    "cs_ship_mode_sk",
                                                                                    "cs_ext_list_price",
                                                                                    "cs_quantity",
                                                                                    "cs_net_paid_inc_ship_tax"
                                                                                  ],
                                                                                  "Estimated Cardinality": "14401261"
                                                                                },
                                                                                "cumulative_cardinality": 0,
                                                                                "operator_type": "TABLE_SCAN",
                                                                                "operator_cardinality": 384332,
                                                                                "cumulative_rows_scanned": 0,
                                                                                "operator_rows_scanned": 403235308,
                                                                                "operator_timing": 1.7248730170000002,
                                                                                "children": []
                                                                              },
                                                                              {
                                                                                "total_bytes_written": 0,
                                                                                "total_bytes_read": 0,
                                                                                "result_set_size": 4380,
                                                                                "operator_name": "FILTER",
                                                                                "cpu_time": 0.0,
                                                                                "extra_info": {
                                                                                  "Expression": "(d_date_sk BETWEEN 2450815 AND 2452653)",
                                                                                  "Estimated Cardinality": "585"
                                                                                },
                                                                                "cumulative_cardinality": 0,
                                                                                "operator_type": "FILTER",
                                                                                "operator_cardinality": 365,
                                                                                "cumulative_rows_scanned": 0,
                                                                                "operator_rows_scanned": 0,
                                                                                "operator_timing": 1.7249e-05,
                                                                                "children": [
                                                                                  {
                                                                                    "total_bytes_written": 0,
                                                                                    "total_bytes_read": 0,
                                                                                    "result_set_size": 4380,
                                                                                    "operator_name": "SEQ_SCAN ",
                                                                                    "cpu_time": 0.0,
                                                                                    "extra_info": {
                                                                                      "Table": "date_dim",
                                                                                      "Type": "Sequential Scan",
                                                                                      "Projections": [
                                                                                        "d_date_sk",
                                                                                        "d_year",
                                                                                        "d_moy"
                                                                                      ],
                                                                                      "Filters": "d_year=1998",
                                                                                      "Estimated Cardinality": "585"
                                                                                    },
                                                                                    "cumulative_cardinality": 0,
                                                                                    "operator_type": "TABLE_SCAN",
                                                                                    "operator_cardinality": 365,
                                                                                    "cumulative_rows_scanned": 0,
                                                                                    "operator_rows_scanned": 73049,
                                                                                    "operator_timing": 0.0027858540000000004,
                                                                                    "children": []
                                                                                  }
                                                                                ]
                                                                              }
                                                                            ]
                                                                          },
                                                                          {
                                                                            "total_bytes_written": 0,
                                                                            "total_bytes_read": 0,
                                                                            "result_set_size": 8,
                                                                            "operator_name": "PROJECTION",
                                                                            "cpu_time": 0.0,
                                                                            "extra_info": {
                                                                              "Projections": "#0",
                                                                              "Estimated Cardinality": "4"
                                                                            },
                                                                            "cumulative_cardinality": 0,
                                                                            "operator_type": "PROJECTION",
                                                                            "operator_cardinality": 2,
                                                                            "cumulative_rows_scanned": 0,
                                                                            "operator_rows_scanned": 0,
                                                                            "operator_timing": 4.15e-07,
                                                                            "children": [
                                                                              {
                                                                                "total_bytes_written": 0,
                                                                                "total_bytes_read": 0,
                                                                                "result_set_size": 40,
                                                                                "operator_name": "FILTER",
                                                                                "cpu_time": 0.0,
                                                                                "extra_info": {
                                                                                  "Expression": "((sm_carrier = 'GREAT EASTERN') OR (sm_carrier = 'LATVIAN'))",
                                                                                  "Estimated Cardinality": "4"
                                                                                },
                                                                                "cumulative_cardinality": 0,
                                                                                "operator_type": "FILTER",
                                                                                "operator_cardinality": 2,
                                                                                "cumulative_rows_scanned": 0,
                                                                                "operator_rows_scanned": 0,
                                                                                "operator_timing": 6.1899e-05,
                                                                                "children": [
                                                                                  {
                                                                                    "total_bytes_written": 0,
                                                                                    "total_bytes_read": 0,
                                                                                    "result_set_size": 400,
                                                                                    "operator_name": "SEQ_SCAN ",
                                                                                    "cpu_time": 0.0,
                                                                                    "extra_info": {
                                                                                      "Table": "ship_mode",
                                                                                      "Type": "Sequential Scan",
                                                                                      "Projections": [
                                                                                        "sm_ship_mode_sk",
                                                                                        "sm_carrier"
                                                                                      ],
                                                                                      "Filters": "optional: sm_carrier IN ('GREAT EASTERN', 'LATVIAN')",
                                                                                      "Estimated Cardinality": "20"
                                                                                    },
                                                                                    "cumulative_cardinality": 0,
                                                                                    "operator_type": "TABLE_SCAN",
                                                                                    "operator_cardinality": 20,
                                                                                    "cumulative_rows_scanned": 0,
                                                                                    "operator_rows_scanned": 20,
                                                                                    "operator_timing": 0.001599639,
                                                                                    "children": []
                                                                                  }
                                                                                ]
                                                                              }
                                                                            ]
                                                                          }
                                                                        ]
                                                                      },
                                                                      {
                                                                        "total_bytes_written": 0,
                                                                        "total_bytes_read": 0,
                                                                        "result_set_size": 115204,
                                                                        "operator_name": "SEQ_SCAN ",
                                                                        "cpu_time": 0.0,
                                                                        "extra_info": {
                                                                          "Table": "time_dim",
                                                                          "Type": "Sequential Scan",
                                                                          "Projections": "t_time_sk",
                                                                          "Filters": "t_time>=48821 AND t_time<=77621",
                                                                          "Estimated Cardinality": "17280"
                                                                        },
                                                                        "cumulative_cardinality": 0,
                                                                        "operator_type": "TABLE_SCAN",
                                                                        "operator_cardinality": 28801,
                                                                        "cumulative_rows_scanned": 0,
                                                                        "operator_rows_scanned": 86400,
                                                                        "operator_timing": 0.0018137549999999998,
                                                                        "children": []
                                                                      }
                                                                    ]
                                                                  },
                                                                  {
                                                                    "total_bytes_written": 0,
                                                                    "total_bytes_read": 0,
                                                                    "result_set_size": 880,
                                                                    "operator_name": "SEQ_SCAN ",
                                                                    "cpu_time": 0.0,
                                                                    "extra_info": {
                                                                      "Table": "warehouse",
                                                                      "Type": "Sequential Scan",
                                                                      "Projections": [
                                                                        "w_warehouse_sk",
                                                                        "w_warehouse_name",
                                                                        "w_warehouse_sq_ft",
                                                                        "w_city",
                                                                        "w_county",
                                                                        "w_state",
                                                                        "w_country"
                                                                      ],
                                                                      "Estimated Cardinality": "10"
                                                                    },
                                                                    "cumulative_cardinality": 0,
                                                                    "operator_type": "TABLE_SCAN",
                                                                    "operator_cardinality": 10,
                                                                    "cumulative_rows_scanned": 0,
                                                                    "operator_rows_scanned": 10,
                                                                    "operator_timing": 0.0016194730000000002,
                                                                    "children": []
                                                                  }
                                                                ]
                                                              }
                                                            ]
                                                          }
                                                        ]
                                                      }
                                                    ]
                                                  }
                                                ]
                                              }
                                            ]
                                          }
                                        ]
                                      }
                                    ]
                                  }
                                ]
                              }
                            ]
                          }
                        ]
                      }
                    ]
                  }
                ]
              }
            ]
          }
        ]
      }
    ]
  },
  "actual_rows": 0,
  "provenance": {
    "database": "/mnt/d/TPC-DS/tpcds_sf10.duckdb",
    "scale_factor": 10,
    "engine": "duckdb",
    "engine_version": "1.4.3",
    "cached_at": "2026-02-08T10:21:17.415082"
  }
}