{
  "execution_time_ms": 1230.0,
  "plan_text": "\u250c\u2500\u2500\u2500\u2500\u2500\u2500\u2500\u2500\u2500\u2500\u2500\u2500\u2500\u2500\u2500\u2500\u2500\u2500\u2500\u2500\u2500\u2500\u2500\u2500\u2500\u2500\u2500\u2500\u2500\u2500\u2500\u2500\u2500\u2500\u2500\u2500\u2500\u2510\n\u2502\u250c\u2500\u2500\u2500\u2500\u2500\u2500\u2500\u2500\u2500\u2500\u2500\u2500\u2500\u2500\u2500\u2500\u2500\u2500\u2500\u2500\u2500\u2500\u2500\u2500\u2500\u2500\u2500\u2500\u2500\u2500\u2500\u2500\u2500\u2500\u2500\u2510\u2502\n\u2502\u2502    Query Profiling Information    \u2502\u2502\n\u2502\u2514\u2500\u2500\u2500\u2500\u2500\u2500\u2500\u2500\u2500\u2500\u2500\u2500\u2500\u2500\u2500\u2500\u2500\u2500\u2500\u2500\u2500\u2500\u2500\u2500\u2500\u2500\u2500\u2500\u2500\u2500\u2500\u2500\u2500\u2500\u2500\u2518\u2502\n\u2514\u2500\u2500\u2500\u2500\u2500\u2500\u2500\u2500\u2500\u2500\u2500\u2500\u2500\u2500\u2500\u2500\u2500\u2500\u2500\u2500\u2500\u2500\u2500\u2500\u2500\u2500\u2500\u2500\u2500\u2500\u2500\u2500\u2500\u2500\u2500\u2500\u2500\u2518\nEXPLAIN ANALYZE -- start query 78 in stream 0 using template query78.tpl with ws as   (select d_year AS ws_sold_year, ws_item_sk,     ws_bill_customer_sk ws_customer_sk,     sum(ws_quantity) ws_qty,     sum(ws_wholesale_cost) ws_wc,     sum(ws_sales_price) ws_sp    from web_sales    left join web_returns on wr_order_number=ws_order_number and ws_item_sk=wr_item_sk    join date_dim on ws_sold_date_sk = d_date_sk    where wr_order_number is null    group by d_year, ws_item_sk, ws_bill_customer_sk    ), cs as   (select d_year AS cs_sold_year, cs_item_sk,     cs_bill_customer_sk cs_customer_sk,     sum(cs_quantity) cs_qty,     sum(cs_wholesale_cost) cs_wc,     sum(cs_sales_price) cs_sp    from catalog_sales    left join catalog_returns on cr_order_number=cs_order_number and cs_item_sk=cr_item_sk    join date_dim on cs_sold_date_sk = d_date_sk    where cr_order_number is null    group by d_year, cs_item_sk, cs_bill_customer_sk    ), ss as   (select d_year AS ss_sold_year, ss_item_sk,     ss_customer_sk,     sum(ss_quantity) ss_qty,     sum(ss_wholesale_cost) ss_wc,     sum(ss_sales_price) ss_sp    from store_sales    left join store_returns on sr_ticket_number=ss_ticket_number and ss_item_sk=sr_item_sk    join date_dim on ss_sold_date_sk = d_date_sk    where sr_ticket_number is null    group by d_year, ss_item_sk, ss_customer_sk    )  select ss_item_sk, round(ss_qty/(coalesce(ws_qty,0)+coalesce(cs_qty,0)),2) ratio, ss_qty store_qty, ss_wc store_wholesale_cost, ss_sp store_sales_price, coalesce(ws_qty,0)+coalesce(cs_qty,0) other_chan_qty, coalesce(ws_wc,0)+coalesce(cs_wc,0) other_chan_wholesale_cost, coalesce(ws_sp,0)+coalesce(cs_sp,0) other_chan_sales_price from ss left join ws on (ws_sold_year=ss_sold_year and ws_item_sk=ss_item_sk and ws_customer_sk=ss_customer_sk) left join cs on (cs_sold_year=ss_sold_year and cs_item_sk=ss_item_sk and cs_customer_sk=ss_customer_sk) where (coalesce(ws_qty,0)>0 or coalesce(cs_qty, 0)>0) and ss_sold_year=2000 order by    ss_item_sk,   ss_qty desc, ss_wc desc, ss_sp desc,   other_chan_qty,   other_chan_wholesale_cost,   other_chan_sales_price,   ratio  LIMIT 100;  -- end query 78 in stream 0 using template query78.tpl\n\u250c\u2500\u2500\u2500\u2500\u2500\u2500\u2500\u2500\u2500\u2500\u2500\u2500\u2500\u2500\u2500\u2500\u2500\u2500\u2500\u2500\u2500\u2500\u2500\u2500\u2500\u2500\u2500\u2500\u2500\u2500\u2500\u2500\u2500\u2500\u2500\u2500\u2500\u2500\u2500\u2500\u2500\u2500\u2500\u2500\u2500\u2500\u2500\u2500\u2510\n\u2502\u250c\u2500\u2500\u2500\u2500\u2500\u2500\u2500\u2500\u2500\u2500\u2500\u2500\u2500\u2500\u2500\u2500\u2500\u2500\u2500\u2500\u2500\u2500\u2500\u2500\u2500\u2500\u2500\u2500\u2500\u2500\u2500\u2500\u2500\u2500\u2500\u2500\u2500\u2500\u2500\u2500\u2500\u2500\u2500\u2500\u2500\u2500\u2510\u2502\n\u2502\u2502               Total Time: 1.23s              \u2502\u2502\n\u2502\u2514\u2500\u2500\u2500\u2500\u2500\u2500\u2500\u2500\u2500\u2500\u2500\u2500\u2500\u2500\u2500\u2500\u2500\u2500\u2500\u2500\u2500\u2500\u2500\u2500\u2500\u2500\u2500\u2500\u2500\u2500\u2500\u2500\u2500\u2500\u2500\u2500\u2500\u2500\u2500\u2500\u2500\u2500\u2500\u2500\u2500\u2500\u2518\u2502\n\u2514\u2500\u2500\u2500\u2500\u2500\u2500\u2500\u2500\u2500\u2500\u2500\u2500\u2500\u2500\u2500\u2500\u2500\u2500\u2500\u2500\u2500\u2500\u2500\u2500\u2500\u2500\u2500\u2500\u2500\u2500\u2500\u2500\u2500\u2500\u2500\u2500\u2500\u2500\u2500\u2500\u2500\u2500\u2500\u2500\u2500\u2500\u2500\u2500\u2518\n\u250c\u2500\u2500\u2500\u2500\u2500\u2500\u2500\u2500\u2500\u2500\u2500\u2500\u2500\u2500\u2500\u2500\u2500\u2500\u2500\u2500\u2500\u2500\u2500\u2510\n\u2502         QUERY         \u2502\n\u2514\u2500\u2500\u2500\u2500\u2500\u2500\u2500\u2500\u2500\u2500\u2500\u252c\u2500\u2500\u2500\u2500\u2500\u2500\u2500\u2500\u2500\u2500\u2500\u2518\n\u250c\u2500\u2500\u2500\u2500\u2500\u2500\u2500\u2500\u2500\u2500\u2500\u2534\u2500\u2500\u2500\u2500\u2500\u2500\u2500\u2500\u2500\u2500\u2500\u2510\n\u2502    EXPLAIN_ANALYZE    \u2502\n\u2502    \u2500\u2500\u2500\u2500\u2500\u2500\u2500\u2500\u2500\u2500\u2500\u2500\u2500\u2500\u2500\u2500   \u2502\n\u2502         0 rows        \u2502\n\u2502        (0.00s)        \u2502\n\u2514\u2500\u2500\u2500\u2500\u2500\u2500\u2500\u2500\u2500\u2500\u2500\u252c\u2500\u2500\u2500\u2500\u2500\u2500\u2500\u2500\u2500\u2500\u2500\u2518\n\u250c\u2500\u2500\u2500\u2500\u2500\u2500\u2500\u2500\u2500\u2500\u2500\u2534\u2500\u2500\u2500\u2500\u2500\u2500\u2500\u2500\u2500\u2500\u2500\u2510\n\u2502         TOP_N         \u2502\n\u2502    \u2500\u2500\u2500\u2500\u2500\u2500\u2500\u2500\u2500\u2500\u2500\u2500\u2500\u2500\u2500\u2500   \u2502\n\u2502        Top: 100       \u2502\n\u2502                       \u2502\n\u2502       Order By:       \u2502\n\u2502   ss.ss_item_sk ASC   \u2502\n\u2502     ss.ss_qty DESC    \u2502\n\u2502     ss.ss_wc DESC     \u2502\n\u2502     ss.ss_sp DESC     \u2502\n\u2502 (COALESCE(ws.ws_qty, 0\u2502\n\u2502 ) + COALESCE(cs.cs_qty\u2502\n\u2502       , 0)) ASC       \u2502\n\u2502 (COALESCE(ws.ws_wc, 0)\u2502\n\u2502  + COALESCE(cs.cs_wc, \u2502\n\u2502         0)) ASC       \u2502\n\u2502 (COALESCE(ws.ws_sp, 0)\u2502\n\u2502  + COALESCE(cs.cs_sp, \u2502\n\u2502         0)) ASC       \u2502\n\u2502  round((ss.ss_qty /   \u2502\n\u2502 (COALESCE(ws.ws_qty, 0\u2502\n\u2502 ) + COALESCE(cs.cs_qty\u2502\n\u2502     , 0))), 2) ASC    \u2502\n\u2502                       \u2502\n\u2502        100 rows       \u2502\n\u2502        (0.00s)        \u2502\n\u2514\u2500\u2500\u2500\u2500\u2500\u2500\u2500\u2500\u2500\u2500\u2500\u252c\u2500\u2500\u2500\u2500\u2500\u2500\u2500\u2500\u2500\u2500\u2500\u2518\n\u250c\u2500\u2500\u2500\u2500\u2500\u2500\u2500\u2500\u2500\u2500\u2500\u2534\u2500\u2500\u2500\u2500\u2500\u2500\u2500\u2500\u2500\u2500\u2500\u2510\n\u2502       PROJECTION      \u2502\n\u2502    \u2500\u2500\u2500\u2500\u2500\u2500\u2500\u2500\u2500\u2500\u2500\u2500\u2500\u2500\u2500\u2500   \u2502\n\u2502       ss_item_sk      \u2502\n\u2502         ratio         \u2502\n\u2502       store_qty       \u2502\n\u2502  store_wholesale_cost \u2502\n\u2502   store_sales_price   \u2502\n\u2502     other_chan_qty    \u2502\n\u2502other_chan_wholesale_co\u2502\n\u2502           st          \u2502\n\u2502 other_chan_sales_price\u2502\n\u2502                       \u2502\n\u2502        735 rows       \u2502\n\u2502        (0.00s)        \u2502\n\u2514\u2500\u2500\u2500\u2500\u2500\u2500\u2500\u2500\u2500\u2500\u2500\u252c\u2500\u2500\u2500\u2500\u2500\u2500\u2500\u2500\u2500\u2500\u2500\u2518\n\u250c\u2500\u2500\u2500\u2500\u2500\u2500\u2500\u2500\u2500\u2500\u2500\u2534\u2500\u2500\u2500\u2500\u2500\u2500\u2500\u2500\u2500\u2500\u2500\u2510\n\u2502       PROJECTION      \u2502\n\u2502    \u2500\u2500\u2500\u2500\u2500\u2500\u2500\u2500\u2500\u2500\u2500\u2500\u2500\u2500\u2500\u2500   \u2502\n\u2502       ss_item_sk      \u2502\n\u2502         ss_qty        \u2502\n\u2502 (COALESCE(ws_qty, 0) +\u2502\n\u2502  COALESCE(cs_qty, 0)) \u2502\n\u2502  store_wholesale_cost \u2502\n\u2502   store_sales_price   \u2502\n\u2502         ws_wc         \u2502\n\u2502         cs_wc         \u2502\n\u2502         ws_sp         \u2502\n\u2502         cs_sp         \u2502\n\u2502                       \u2502\n\u2502        735 rows       \u2502\n\u2502        (0.00s)        \u2502\n\u2514\u2500\u2500\u2500\u2500\u2500\u2500\u2500\u2500\u2500\u2500\u2500\u252c\u2500\u2500\u2500\u2500\u2500\u2500\u2500\u2500\u2500\u2500\u2500\u2518\n\u250c\u2500\u2500\u2500\u2500\u2500\u2500\u2500\u2500\u2500\u2500\u2500\u2534\u2500\u2500\u2500\u2500\u2500\u2500\u2500\u2500\u2500\u2500\u2500\u2510\n\u2502         FILTER        \u2502\n\u2502    \u2500\u2500\u2500\u2500\u2500\u2500\u2500\u2500\u2500\u2500\u2500\u2500\u2500\u2500\u2500\u2500   \u2502\n\u2502 ((COALESCE(ws_qty, 0) \u2502\n\u2502   > 0) OR (COALESCE   \u2502\n\u2502   (cs_qty, 0) > 0))   \u2502\n\u2502                       \u2502\n\u2502        735 rows       \u2502\n\u2502        (0.11s)        \u2502\n\u2514\u2500\u2500\u2500\u2500\u2500\u2500\u2500\u2500\u2500\u2500\u2500\u252c\u2500\u2500\u2500\u2500\u2500\u2500\u2500\u2500\u2500\u2500\u2500\u2518\n\u250c\u2500\u2500\u2500\u2500\u2500\u2500\u2500\u2500\u2500\u2500\u2500\u2534\u2500\u2500\u2500\u2500\u2500\u2500\u2500\u2500\u2500\u2500\u2500\u2510\n\u2502       HASH_JOIN       \u2502\n\u2502    \u2500\u2500\u2500\u2500\u2500\u2500\u2500\u2500\u2500\u2500\u2500\u2500\u2500\u2500\u2500\u2500   \u2502\n\u2502    Join Type: LEFT    \u2502\n\u2502                       \u2502\n\u2502      Conditions:      \u2502\n\u2502     ss_sold_year =    \u2502\n\u2502      cs_sold_year     \u251c\u2500\u2500\u2500\u2500\u2500\u2500\u2500\u2500\u2500\u2500\u2500\u2500\u2500\u2500\u2500\u2500\u2500\u2500\u2500\u2500\u2500\u2500\u2500\u2500\u2500\u2500\u2500\u2500\u2500\u2500\u2500\u2500\u2500\u2500\u2500\u2500\u2500\u2500\u2500\u2500\u2500\u2500\u2500\u2500\u2500\u2500\u2500\u2500\u2500\u2500\u2500\u2500\u2500\u2500\u2500\u2500\u2500\u2500\u2500\u2500\u2500\u2500\u2500\u2500\u2500\u2500\u2500\u2500\u2500\u2500\u2500\u2500\u2500\u2500\u2500\u2500\u2500\u2500\u2500\u2500\u2500\u2500\u2500\u2500\u2500\u2500\u2500\u2500\u2500\u2500\u2500\u2500\u2500\u2500\u2500\u2500\u2500\u2500\u2500\u2500\u2500\u2500\u2500\u2500\u2500\u2500\u2500\u2500\u2500\u2500\u2500\u2500\u2500\u2500\u2500\u2500\u2500\u2500\u2500\u2500\u2500\u2500\u2500\u2500\u2500\u2500\u2500\u2500\u2500\u2500\u2500\u2500\u2500\u2500\u2500\u2500\u2500\u2510\n\u2502ss_item_sk = cs_item_sk\u2502                                                                                                                                         \u2502\n\u2502    ss_customer_sk =   \u2502                                                                                                                                         \u2502\n\u2502     cs_customer_sk    \u2502                                                                                                                                         \u2502\n\u2502                       \u2502                                                                                                                                         \u2502\n\u2502     4,896,544 rows    \u2502                                                                                                                                         \u2502\n\u2502        (1.02s)        \u2502                                                                                                                                         \u2502\n\u2514\u2500\u2500\u2500\u2500\u2500\u2500\u2500\u2500\u2500\u2500\u2500\u252c\u2500\u2500\u2500\u2500\u2500\u2500\u2500\u2500\u2500\u2500\u2500\u2518                                                                                                                                         \u2502\n\u250c\u2500\u2500\u2500\u2500\u2500\u2500\u2500\u2500\u2500\u2500\u2500\u2534\u2500\u2500\u2500\u2500\u2500\u2500\u2500\u2500\u2500\u2500\u2500\u2510                                                                                                                             \u250c\u2500\u2500\u2500\u2500\u2500\u2500\u2500\u2500\u2500\u2500\u2500\u2534\u2500\u2500\u2500\u2500\u2500\u2500\u2500\u2500\u2500\u2500\u2500\u2510\n\u2502       HASH_JOIN       \u2502                                                                                                                             \u2502       PROJECTION      \u2502\n\u2502    \u2500\u2500\u2500\u2500\u2500\u2500\u2500\u2500\u2500\u2500\u2500\u2500\u2500\u2500\u2500\u2500   \u2502                                                                                                                             \u2502    \u2500\u2500\u2500\u2500\u2500\u2500\u2500\u2500\u2500\u2500\u2500\u2500\u2500\u2500\u2500\u2500   \u2502\n\u2502    Join Type: LEFT    \u2502                                                                                                                             \u2502__internal_decompress_i\u2502\n\u2502                       \u2502                                                                                                                             \u2502  ntegral_integer(#0,  \u2502\n\u2502      Conditions:      \u2502                                                                                                                             \u2502          2000)        \u2502\n\u2502     ss_sold_year =    \u2502                                                                                                                             \u2502           #1          \u2502\n\u2502      ws_sold_year     \u251c\u2500\u2500\u2500\u2500\u2500\u2500\u2500\u2500\u2500\u2500\u2500\u2500\u2500\u2500\u2500\u2500\u2500\u2500\u2500\u2500\u2500\u2500\u2500\u2500\u2500\u2500\u2500\u2500\u2500\u2500\u2500\u2500\u2500\u2500\u2500\u2500\u2500\u2500\u2500\u2500\u2500\u2500\u2500\u2500\u2500\u2500\u2500\u2500\u2500\u2500\u2500\u2500\u2500\u2500\u2500\u2500\u2500\u2500\u2500\u2500\u2500\u2500\u2510                                                              \u2502           #2          \u2502\n\u2502ss_item_sk = ws_item_sk\u2502                                                              \u2502                                                              \u2502           #3          \u2502\n\u2502    ss_customer_sk =   \u2502                                                              \u2502                                                              \u2502           #4          \u2502\n\u2502     ws_customer_sk    \u2502                                                              \u2502                                                              \u2502           #5          \u2502\n\u2502                       \u2502                                                              \u2502                                                              \u2502                       \u2502\n\u2502     4,896,544 rows    \u2502                                                              \u2502                                                              \u2502     2,579,994 rows    \u2502\n\u2502        (0.67s)        \u2502                                                              \u2502                                                              \u2502        (0.00s)        \u2502\n\u2514\u2500\u2500\u2500\u2500\u2500\u2500\u2500\u2500\u2500\u2500\u2500\u252c\u2500\u2500\u2500\u2500\u2500\u2500\u2500\u2500\u2500\u2500\u2500\u2518                                                              \u2502                                                              \u2514\u2500\u2500\u2500\u2500\u2500\u2500\u2500\u2500\u2500\u2500\u2500\u252c\u2500\u2500\u2500\u2500\u2500\u2500\u2500\u2500\u2500\u2500\u2500\u2518\n\u250c\u2500\u2500\u2500\u2500\u2500\u2500\u2500\u2500\u2500\u2500\u2500\u2534\u2500\u2500\u2500\u2500\u2500\u2500\u2500\u2500\u2500\u2500\u2500\u2510                                                  \u250c\u2500\u2500\u2500\u2500\u2500\u2500\u2500\u2500\u2500\u2500\u2500\u2534\u2500\u2500\u2500\u2500\u2500\u2500\u2500\u2500\u2500\u2500\u2500\u2510                                                  \u250c\u2500\u2500\u2500\u2500\u2500\u2500\u2500\u2500\u2500\u2500\u2500\u2534\u2500\u2500\u2500\u2500\u2500\u2500\u2500\u2500\u2500\u2500\u2500\u2510\n\u2502       PROJECTION      \u2502                                                  \u2502       PROJECTION      \u2502                                                  \u2502     HASH_GROUP_BY     \u2502\n\u2502    \u2500\u2500\u2500\u2500\u2500\u2500\u2500\u2500\u2500\u2500\u2500\u2500\u2500\u2500\u2500\u2500   \u2502                                                  \u2502    \u2500\u2500\u2500\u2500\u2500\u2500\u2500\u2500\u2500\u2500\u2500\u2500\u2500\u2500\u2500\u2500   \u2502                                                  \u2502    \u2500\u2500\u2500\u2500\u2500\u2500\u2500\u2500\u2500\u2500\u2500\u2500\u2500\u2500\u2500\u2500   \u2502\n\u2502__internal_decompress_i\u2502                                                  \u2502__internal_decompress_i\u2502                                                  \u2502        Groups:        \u2502\n\u2502  ntegral_integer(#0,  \u2502                                                  \u2502  ntegral_integer(#0,  \u2502                                                  \u2502           #0          \u2502\n\u2502          2000)        \u2502                                                  \u2502          2000)        \u2502                                                  \u2502           #1          \u2502\n\u2502           #1          \u2502                                                  \u2502           #1          \u2502                                                  \u2502           #2          \u2502\n\u2502           #2          \u2502                                                  \u2502           #2          \u2502                                                  \u2502                       \u2502\n\u2502           #3          \u2502                                                  \u2502           #3          \u2502                                                  \u2502      Aggregates:      \u2502\n\u2502           #4          \u2502                                                  \u2502           #4          \u2502                                                  \u2502        sum(#3)        \u2502\n\u2502           #5          \u2502                                                  \u2502           #5          \u2502                                                  \u2502        sum(#4)        \u2502\n\u2502                       \u2502                                                  \u2502                       \u2502                                                  \u2502        sum(#5)        \u2502\n\u2502                       \u2502                                                  \u2502                       \u2502                                                  \u2502                       \u2502\n\u2502     4,896,544 rows    \u2502                                                  \u2502     1,301,504 rows    \u2502                                                  \u2502     2,579,994 rows    \u2502\n\u2502        (0.04s)        \u2502                                                  \u2502        (0.00s)        \u2502                                                  \u2502        (1.15s)        \u2502\n\u2514\u2500\u2500\u2500\u2500\u2500\u2500\u2500\u2500\u2500\u2500\u2500\u252c\u2500\u2500\u2500\u2500\u2500\u2500\u2500\u2500\u2500\u2500\u2500\u2518                                                  \u2514\u2500\u2500\u2500\u2500\u2500\u2500\u2500\u2500\u2500\u2500\u2500\u252c\u2500\u2500\u2500\u2500\u2500\u2500\u2500\u2500\u2500\u2500\u2500\u2518                                                  \u2514\u2500\u2500\u2500\u2500\u2500\u2500\u2500\u2500\u2500\u2500\u2500\u252c\u2500\u2500\u2500\u2500\u2500\u2500\u2500\u2500\u2500\u2500\u2500\u2518\n\u250c\u2500\u2500\u2500\u2500\u2500\u2500\u2500\u2500\u2500\u2500\u2500\u2534\u2500\u2500\u2500\u2500\u2500\u2500\u2500\u2500\u2500\u2500\u2500\u2510                                                  \u250c\u2500\u2500\u2500\u2500\u2500\u2500\u2500\u2500\u2500\u2500\u2500\u2534\u2500\u2500\u2500\u2500\u2500\u2500\u2500\u2500\u2500\u2500\u2500\u2510                                                  \u250c\u2500\u2500\u2500\u2500\u2500\u2500\u2500\u2500\u2500\u2500\u2500\u2534\u2500\u2500\u2500\u2500\u2500\u2500\u2500\u2500\u2500\u2500\u2500\u2510\n\u2502     HASH_GROUP_BY     \u2502                                                  \u2502     HASH_GROUP_BY     \u2502                                                  \u2502       PROJECTION      \u2502\n\u2502    \u2500\u2500\u2500\u2500\u2500\u2500\u2500\u2500\u2500\u2500\u2500\u2500\u2500\u2500\u2500\u2500   \u2502                                                  \u2502    \u2500\u2500\u2500\u2500\u2500\u2500\u2500\u2500\u2500\u2500\u2500\u2500\u2500\u2500\u2500\u2500   \u2502                                                  \u2502    \u2500\u2500\u2500\u2500\u2500\u2500\u2500\u2500\u2500\u2500\u2500\u2500\u2500\u2500\u2500\u2500   \u2502\n\u2502        Groups:        \u2502                                                  \u2502        Groups:        \u2502                                                  \u2502         d_year        \u2502\n\u2502           #0          \u2502                                                  \u2502           #0          \u2502                                                  \u2502       cs_item_sk      \u2502\n\u2502           #1          \u2502                                                  \u2502           #1          \u2502                                                  \u2502  cs_bill_customer_sk  \u2502\n\u2502           #2          \u2502                                                  \u2502           #2          \u2502                                                  \u2502      cs_quantity      \u2502\n\u2502                       \u2502                                                  \u2502                       \u2502                                                  \u2502   cs_wholesale_cost   \u2502\n\u2502      Aggregates:      \u2502                                                  \u2502      Aggregates:      \u2502                                                  \u2502     cs_sales_price    \u2502\n\u2502        sum(#3)        \u2502                                                  \u2502        sum(#3)        \u2502                                                  \u2502                       \u2502\n\u2502        sum(#4)        \u2502                                                  \u2502        sum(#4)        \u2502                                                  \u2502                       \u2502\n\u2502        sum(#5)        \u2502                                                  \u2502        sum(#5)        \u2502                                                  \u2502                       \u2502\n\u2502                       \u2502                                                  \u2502                       \u2502                                                  \u2502                       \u2502\n\u2502     4,896,544 rows    \u2502                                                  \u2502     1,301,504 rows    \u2502                                                  \u2502     2,580,420 rows    \u2502\n\u2502        (3.54s)        \u2502                                                  \u2502        (0.77s)        \u2502                                                  \u2502        (0.00s)        \u2502\n\u2514\u2500\u2500\u2500\u2500\u2500\u2500\u2500\u2500\u2500\u2500\u2500\u252c\u2500\u2500\u2500\u2500\u2500\u2500\u2500\u2500\u2500\u2500\u2500\u2518                                                  \u2514\u2500\u2500\u2500\u2500\u2500\u2500\u2500\u2500\u2500\u2500\u2500\u252c\u2500\u2500\u2500\u2500\u2500\u2500\u2500\u2500\u2500\u2500\u2500\u2518                                                  \u2514\u2500\u2500\u2500\u2500\u2500\u2500\u2500\u2500\u2500\u2500\u2500\u252c\u2500\u2500\u2500\u2500\u2500\u2500\u2500\u2500\u2500\u2500\u2500\u2518\n\u250c\u2500\u2500\u2500\u2500\u2500\u2500\u2500\u2500\u2500\u2500\u2500\u2534\u2500\u2500\u2500\u2500\u2500\u2500\u2500\u2500\u2500\u2500\u2500\u2510                                                  \u250c\u2500\u2500\u2500\u2500\u2500\u2500\u2500\u2500\u2500\u2500\u2500\u2534\u2500\u2500\u2500\u2500\u2500\u2500\u2500\u2500\u2500\u2500\u2500\u2510                                                  \u250c\u2500\u2500\u2500\u2500\u2500\u2500\u2500\u2500\u2500\u2500\u2500\u2534\u2500\u2500\u2500\u2500\u2500\u2500\u2500\u2500\u2500\u2500\u2500\u2510\n\u2502       PROJECTION      \u2502                                                  \u2502       PROJECTION      \u2502                                                  \u2502       PROJECTION      \u2502\n\u2502    \u2500\u2500\u2500\u2500\u2500\u2500\u2500\u2500\u2500\u2500\u2500\u2500\u2500\u2500\u2500\u2500   \u2502                                                  \u2502    \u2500\u2500\u2500\u2500\u2500\u2500\u2500\u2500\u2500\u2500\u2500\u2500\u2500\u2500\u2500\u2500   \u2502                                                  \u2502    \u2500\u2500\u2500\u2500\u2500\u2500\u2500\u2500\u2500\u2500\u2500\u2500\u2500\u2500\u2500\u2500   \u2502\n\u2502         d_year        \u2502                                                  \u2502         d_year        \u2502                                                  \u2502           #0          \u2502\n\u2502       ss_item_sk      \u2502                                                  \u2502       ws_item_sk      \u2502                                                  \u2502           #1          \u2502\n\u2502     ss_customer_sk    \u2502                                                  \u2502  ws_bill_customer_sk  \u2502                                                  \u2502           #2          \u2502\n\u2502      ss_quantity      \u2502                                                  \u2502      ws_quantity      \u2502                                                  \u2502           #3          \u2502\n\u2502   ss_wholesale_cost   \u2502                                                  \u2502   ws_wholesale_cost   \u2502                                                  \u2502           #4          \u2502\n\u2502     ss_sales_price    \u2502                                                  \u2502     ws_sales_price    \u2502                                                  \u2502__internal_compress_int\u2502\n\u2502                       \u2502                                                  \u2502                       \u2502                                                  \u2502   egral_utinyint(#5,  \u2502\n\u2502                       \u2502                                                  \u2502                       \u2502                                                  \u2502          2000)        \u2502\n\u2502                       \u2502                                                  \u2502                       \u2502                                                  \u2502                       \u2502\n\u2502     4,967,845 rows    \u2502                                                  \u2502     1,301,575 rows    \u2502                                                  \u2502     2,580,420 rows    \u2502\n\u2502        (0.01s)        \u2502                                                  \u2502        (0.00s)        \u2502                                                  \u2502        (0.00s)        \u2502\n\u2514\u2500\u2500\u2500\u2500\u2500\u2500\u2500\u2500\u2500\u2500\u2500\u252c\u2500\u2500\u2500\u2500\u2500\u2500\u2500\u2500\u2500\u2500\u2500\u2518                                                  \u2514\u2500\u2500\u2500\u2500\u2500\u2500\u2500\u2500\u2500\u2500\u2500\u252c\u2500\u2500\u2500\u2500\u2500\u2500\u2500\u2500\u2500\u2500\u2500\u2518                                                  \u2514\u2500\u2500\u2500\u2500\u2500\u2500\u2500\u2500\u2500\u2500\u2500\u252c\u2500\u2500\u2500\u2500\u2500\u2500\u2500\u2500\u2500\u2500\u2500\u2518\n\u250c\u2500\u2500\u2500\u2500\u2500\u2500\u2500\u2500\u2500\u2500\u2500\u2534\u2500\u2500\u2500\u2500\u2500\u2500\u2500\u2500\u2500\u2500\u2500\u2510                                                  \u250c\u2500\u2500\u2500\u2500\u2500\u2500\u2500\u2500\u2500\u2500\u2500\u2534\u2500\u2500\u2500\u2500\u2500\u2500\u2500\u2500\u2500\u2500\u2500\u2510                                                  \u250c\u2500\u2500\u2500\u2500\u2500\u2500\u2500\u2500\u2500\u2500\u2500\u2534\u2500\u2500\u2500\u2500\u2500\u2500\u2500\u2500\u2500\u2500\u2500\u2510\n\u2502       PROJECTION      \u2502                                                  \u2502       PROJECTION      \u2502                                                  \u2502       HASH_JOIN       \u2502\n\u2502    \u2500\u2500\u2500\u2500\u2500\u2500\u2500\u2500\u2500\u2500\u2500\u2500\u2500\u2500\u2500\u2500   \u2502                                                  \u2502    \u2500\u2500\u2500\u2500\u2500\u2500\u2500\u2500\u2500\u2500\u2500\u2500\u2500\u2500\u2500\u2500   \u2502                                                  \u2502    \u2500\u2500\u2500\u2500\u2500\u2500\u2500\u2500\u2500\u2500\u2500\u2500\u2500\u2500\u2500\u2500   \u2502\n\u2502           #0          \u2502                                                  \u2502           #0          \u2502                                                  \u2502    Join Type: INNER   \u2502\n\u2502           #1          \u2502                                                  \u2502           #1          \u2502                                                  \u2502                       \u2502\n\u2502           #2          \u2502                                                  \u2502           #2          \u2502                                                  \u2502      Conditions:      \u2502\n\u2502           #3          \u2502                                                  \u2502           #3          \u2502                                                  \u2502   cs_sold_date_sk =   \u2502\n\u2502           #4          \u2502                                                  \u2502           #4          \u2502                                                  \u2502        d_date_sk      \u251c\u2500\u2500\u2500\u2500\u2500\u2500\u2500\u2500\u2500\u2500\u2500\u2500\u2500\u2500\u2500\u2500\u2500\u2500\u2500\u2500\u2500\u2500\u2500\u2500\u2500\u2500\u2500\u2500\u2500\u2500\u2500\u2500\u2500\u2500\u2500\u2500\u2500\u2510\n\u2502__internal_compress_int\u2502                                                  \u2502__internal_compress_int\u2502                                                  \u2502                       \u2502                                     \u2502\n\u2502   egral_utinyint(#5,  \u2502                                                  \u2502   egral_utinyint(#5,  \u2502                                                  \u2502                       \u2502                                     \u2502\n\u2502          2000)        \u2502                                                  \u2502          2000)        \u2502                                                  \u2502                       \u2502                                     \u2502\n\u2502                       \u2502                                                  \u2502                       \u2502                                                  \u2502                       \u2502                                     \u2502\n\u2502     4,967,845 rows    \u2502                                                  \u2502     1,301,575 rows    \u2502                                                  \u2502     2,580,420 rows    \u2502                                     \u2502\n\u2502        (0.02s)        \u2502                                                  \u2502        (0.00s)        \u2502                                                  \u2502        (0.01s)        \u2502                                     \u2502\n\u2514\u2500\u2500\u2500\u2500\u2500\u2500\u2500\u2500\u2500\u2500\u2500\u252c\u2500\u2500\u2500\u2500\u2500\u2500\u2500\u2500\u2500\u2500\u2500\u2518                                                  \u2514\u2500\u2500\u2500\u2500\u2500\u2500\u2500\u2500\u2500\u2500\u2500\u252c\u2500\u2500\u2500\u2500\u2500\u2500\u2500\u2500\u2500\u2500\u2500\u2518                                                  \u2514\u2500\u2500\u2500\u2500\u2500\u2500\u2500\u2500\u2500\u2500\u2500\u252c\u2500\u2500\u2500\u2500\u2500\u2500\u2500\u2500\u2500\u2500\u2500\u2518                                     \u2502\n\u250c\u2500\u2500\u2500\u2500\u2500\u2500\u2500\u2500\u2500\u2500\u2500\u2534\u2500\u2500\u2500\u2500\u2500\u2500\u2500\u2500\u2500\u2500\u2500\u2510                                                  \u250c\u2500\u2500\u2500\u2500\u2500\u2500\u2500\u2500\u2500\u2500\u2500\u2534\u2500\u2500\u2500\u2500\u2500\u2500\u2500\u2500\u2500\u2500\u2500\u2510                                                  \u250c\u2500\u2500\u2500\u2500\u2500\u2500\u2500\u2500\u2500\u2500\u2500\u2534\u2500\u2500\u2500\u2500\u2500\u2500\u2500\u2500\u2500\u2500\u2500\u2510                         \u250c\u2500\u2500\u2500\u2500\u2500\u2500\u2500\u2500\u2500\u2500\u2500\u2534\u2500\u2500\u2500\u2500\u2500\u2500\u2500\u2500\u2500\u2500\u2500\u2510\n\u2502       HASH_JOIN       \u2502                                                  \u2502       HASH_JOIN       \u2502                                                  \u2502       PROJECTION      \u2502                         \u2502         FILTER        \u2502\n\u2502    \u2500\u2500\u2500\u2500\u2500\u2500\u2500\u2500\u2500\u2500\u2500\u2500\u2500\u2500\u2500\u2500   \u2502                                                  \u2502    \u2500\u2500\u2500\u2500\u2500\u2500\u2500\u2500\u2500\u2500\u2500\u2500\u2500\u2500\u2500\u2500   \u2502                                                  \u2502    \u2500\u2500\u2500\u2500\u2500\u2500\u2500\u2500\u2500\u2500\u2500\u2500\u2500\u2500\u2500\u2500   \u2502                         \u2502    \u2500\u2500\u2500\u2500\u2500\u2500\u2500\u2500\u2500\u2500\u2500\u2500\u2500\u2500\u2500\u2500   \u2502\n\u2502    Join Type: INNER   \u2502                                                  \u2502    Join Type: INNER   \u2502                                                  \u2502           #0          \u2502                         \u2502   (d_date_sk BETWEEN  \u2502\n\u2502                       \u2502                                                  \u2502                       \u2502                                                  \u2502           #1          \u2502                         \u2502  2450815 AND 2452653) \u2502\n\u2502      Conditions:      \u2502                                                  \u2502      Conditions:      \u2502                                                  \u2502           #2          \u2502                         \u2502                       \u2502\n\u2502   ss_sold_date_sk =   \u251c\u2500\u2500\u2500\u2500\u2500\u2500\u2500\u2500\u2500\u2500\u2500\u2500\u2500\u2500\u2500\u2500\u2500\u2500\u2500\u2500\u2500\u2500\u2500\u2500\u2500\u2500\u2500\u2500\u2500\u2500\u2500\u2500\u2500\u2500\u2500\u2500\u2500\u2510            \u2502   ws_sold_date_sk =   \u251c\u2500\u2500\u2500\u2500\u2500\u2500\u2500\u2500\u2500\u2500\u2500\u2500\u2500\u2500\u2500\u2500\u2500\u2500\u2500\u2500\u2500\u2500\u2500\u2500\u2500\u2500\u2500\u2500\u2500\u2500\u2500\u2500\u2500\u2500\u2500\u2500\u2500\u2510            \u2502           #3          \u2502                         \u2502                       \u2502\n\u2502        d_date_sk      \u2502                                     \u2502            \u2502        d_date_sk      \u2502                                     \u2502            \u2502           #4          \u2502                         \u2502                       \u2502\n\u2502                       \u2502                                     \u2502            \u2502                       \u2502                                     \u2502            \u2502           #5          \u2502                         \u2502                       \u2502\n\u2502                       \u2502                                     \u2502            \u2502                       \u2502                                     \u2502            \u2502                       \u2502                         \u2502                       \u2502\n\u2502     4,967,845 rows    \u2502                                     \u2502            \u2502     1,301,575 rows    \u2502                                     \u2502            \u2502     2,580,420 rows    \u2502                         \u2502        366 rows       \u2502\n\u2502        (0.04s)        \u2502                                     \u2502            \u2502        (0.01s)        \u2502                                     \u2502            \u2502        (0.00s)        \u2502                         \u2502        (0.00s)        \u2502\n\u2514\u2500\u2500\u2500\u2500\u2500\u2500\u2500\u2500\u2500\u2500\u2500\u252c\u2500\u2500\u2500\u2500\u2500\u2500\u2500\u2500\u2500\u2500\u2500\u2518                                     \u2502            \u2514\u2500\u2500\u2500\u2500\u2500\u2500\u2500\u2500\u2500\u2500\u2500\u252c\u2500\u2500\u2500\u2500\u2500\u2500\u2500\u2500\u2500\u2500\u2500\u2518                                     \u2502            \u2514\u2500\u2500\u2500\u2500\u2500\u2500\u2500\u2500\u2500\u2500\u2500\u252c\u2500\u2500\u2500\u2500\u2500\u2500\u2500\u2500\u2500\u2500\u2500\u2518                         \u2514\u2500\u2500\u2500\u2500\u2500\u2500\u2500\u2500\u2500\u2500\u2500\u252c\u2500\u2500\u2500\u2500\u2500\u2500\u2500\u2500\u2500\u2500\u2500\u2518\n\u250c\u2500\u2500\u2500\u2500\u2500\u2500\u2500\u2500\u2500\u2500\u2500\u2534\u2500\u2500\u2500\u2500\u2500\u2500\u2500\u2500\u2500\u2500\u2500\u2510                         \u250c\u2500\u2500\u2500\u2500\u2500\u2500\u2500\u2500\u2500\u2500\u2500\u2534\u2500\u2500\u2500\u2500\u2500\u2500\u2500\u2500\u2500\u2500\u2500\u2510\u250c\u2500\u2500\u2500\u2500\u2500\u2500\u2500\u2500\u2500\u2500\u2500\u2534\u2500\u2500\u2500\u2500\u2500\u2500\u2500\u2500\u2500\u2500\u2500\u2510                         \u250c\u2500\u2500\u2500\u2500\u2500\u2500\u2500\u2500\u2500\u2500\u2500\u2534\u2500\u2500\u2500\u2500\u2500\u2500\u2500\u2500\u2500\u2500\u2500\u2510\u250c\u2500\u2500\u2500\u2500\u2500\u2500\u2500\u2500\u2500\u2500\u2500\u2534\u2500\u2500\u2500\u2500\u2500\u2500\u2500\u2500\u2500\u2500\u2500\u2510                         \u250c\u2500\u2500\u2500\u2500\u2500\u2500\u2500\u2500\u2500\u2500\u2500\u2534\u2500\u2500\u2500\u2500\u2500\u2500\u2500\u2500\u2500\u2500\u2500\u2510\n\u2502       PROJECTION      \u2502                         \u2502         FILTER        \u2502\u2502       PROJECTION      \u2502                         \u2502         FILTER        \u2502\u2502         FILTER        \u2502                         \u2502       TABLE_SCAN      \u2502\n\u2502    \u2500\u2500\u2500\u2500\u2500\u2500\u2500\u2500\u2500\u2500\u2500\u2500\u2500\u2500\u2500\u2500   \u2502                         \u2502    \u2500\u2500\u2500\u2500\u2500\u2500\u2500\u2500\u2500\u2500\u2500\u2500\u2500\u2500\u2500\u2500   \u2502\u2502    \u2500\u2500\u2500\u2500\u2500\u2500\u2500\u2500\u2500\u2500\u2500\u2500\u2500\u2500\u2500\u2500   \u2502                         \u2502    \u2500\u2500\u2500\u2500\u2500\u2500\u2500\u2500\u2500\u2500\u2500\u2500\u2500\u2500\u2500\u2500   \u2502\u2502    \u2500\u2500\u2500\u2500\u2500\u2500\u2500\u2500\u2500\u2500\u2500\u2500\u2500\u2500\u2500\u2500   \u2502                         \u2502    \u2500\u2500\u2500\u2500\u2500\u2500\u2500\u2500\u2500\u2500\u2500\u2500\u2500\u2500\u2500\u2500   \u2502\n\u2502           #0          \u2502                         \u2502   (d_date_sk BETWEEN  \u2502\u2502           #0          \u2502                         \u2502   (d_date_sk BETWEEN  \u2502\u2502  (cr_order_number IS  \u2502                         \u2502    Table: date_dim    \u2502\n\u2502           #1          \u2502                         \u2502  2450816 AND 2452642) \u2502\u2502           #1          \u2502                         \u2502  2450816 AND 2452642) \u2502\u2502          NULL)        \u2502                         \u2502                       \u2502\n\u2502           #2          \u2502                         \u2502                       \u2502\u2502           #2          \u2502                         \u2502                       \u2502\u2502                       \u2502                         \u2502         Type:         \u2502\n\u2502           #3          \u2502                         \u2502                       \u2502\u2502           #3          \u2502                         \u2502                       \u2502\u2502                       \u2502                         \u2502    Sequential Scan    \u2502\n\u2502           #4          \u2502                         \u2502                       \u2502\u2502           #4          \u2502                         \u2502                       \u2502\u2502                       \u2502                         \u2502                       \u2502\n\u2502           #5          \u2502                         \u2502                       \u2502\u2502           #5          \u2502                         \u2502                       \u2502\u2502                       \u2502                         \u2502      Projections:     \u2502\n\u2502                       \u2502                         \u2502                       \u2502\u2502                       \u2502                         \u2502                       \u2502\u2502                       \u2502                         \u2502       d_date_sk       \u2502\n\u2502                       \u2502                         \u2502                       \u2502\u2502                       \u2502                         \u2502                       \u2502\u2502                       \u2502                         \u2502         d_year        \u2502\n\u2502                       \u2502                         \u2502                       \u2502\u2502                       \u2502                         \u2502                       \u2502\u2502                       \u2502                         \u2502                       \u2502\n\u2502                       \u2502                         \u2502                       \u2502\u2502                       \u2502                         \u2502                       \u2502\u2502                       \u2502                         \u2502        Filters:       \u2502\n\u2502                       \u2502                         \u2502                       \u2502\u2502                       \u2502                         \u2502                       \u2502\u2502                       \u2502                         \u2502      d_year=2000      \u2502\n\u2502                       \u2502                         \u2502                       \u2502\u2502                       \u2502                         \u2502                       \u2502\u2502                       \u2502                         \u2502                       \u2502\n\u2502     4,967,845 rows    \u2502                         \u2502        366 rows       \u2502\u2502     1,301,575 rows    \u2502                         \u2502        366 rows       \u2502\u2502     2,580,420 rows    \u2502                         \u2502        366 rows       \u2502\n\u2502        (0.01s)        \u2502                         \u2502        (0.00s)        \u2502\u2502        (0.00s)        \u2502                         \u2502        (0.00s)        \u2502\u2502        (0.01s)        \u2502                         \u2502        (0.01s)        \u2502\n\u2514\u2500\u2500\u2500\u2500\u2500\u2500\u2500\u2500\u2500\u2500\u2500\u252c\u2500\u2500\u2500\u2500\u2500\u2500\u2500\u2500\u2500\u2500\u2500\u2518                         \u2514\u2500\u2500\u2500\u2500\u2500\u2500\u2500\u2500\u2500\u2500\u2500\u252c\u2500\u2500\u2500\u2500\u2500\u2500\u2500\u2500\u2500\u2500\u2500\u2518\u2514\u2500\u2500\u2500\u2500\u2500\u2500\u2500\u2500\u2500\u2500\u2500\u252c\u2500\u2500\u2500\u2500\u2500\u2500\u2500\u2500\u2500\u2500\u2500\u2518                         \u2514\u2500\u2500\u2500\u2500\u2500\u2500\u2500\u2500\u2500\u2500\u2500\u252c\u2500\u2500\u2500\u2500\u2500\u2500\u2500\u2500\u2500\u2500\u2500\u2518\u2514\u2500\u2500\u2500\u2500\u2500\u2500\u2500\u2500\u2500\u2500\u2500\u252c\u2500\u2500\u2500\u2500\u2500\u2500\u2500\u2500\u2500\u2500\u2500\u2518                         \u2514\u2500\u2500\u2500\u2500\u2500\u2500\u2500\u2500\u2500\u2500\u2500\u2500\u2500\u2500\u2500\u2500\u2500\u2500\u2500\u2500\u2500\u2500\u2500\u2518\n\u250c\u2500\u2500\u2500\u2500\u2500\u2500\u2500\u2500\u2500\u2500\u2500\u2534\u2500\u2500\u2500\u2500\u2500\u2500\u2500\u2500\u2500\u2500\u2500\u2510                         \u250c\u2500\u2500\u2500\u2500\u2500\u2500\u2500\u2500\u2500\u2500\u2500\u2534\u2500\u2500\u2500\u2500\u2500\u2500\u2500\u2500\u2500\u2500\u2500\u2510\u250c\u2500\u2500\u2500\u2500\u2500\u2500\u2500\u2500\u2500\u2500\u2500\u2534\u2500\u2500\u2500\u2500\u2500\u2500\u2500\u2500\u2500\u2500\u2500\u2510                         \u250c\u2500\u2500\u2500\u2500\u2500\u2500\u2500\u2500\u2500\u2500\u2500\u2534\u2500\u2500\u2500\u2500\u2500\u2500\u2500\u2500\u2500\u2500\u2500\u2510\u250c\u2500\u2500\u2500\u2500\u2500\u2500\u2500\u2500\u2500\u2500\u2500\u2534\u2500\u2500\u2500\u2500\u2500\u2500\u2500\u2500\u2500\u2500\u2500\u2510\n\u2502         FILTER        \u2502                         \u2502       TABLE_SCAN      \u2502\u2502         FILTER        \u2502                         \u2502       TABLE_SCAN      \u2502\u2502       HASH_JOIN       \u2502\n\u2502    \u2500\u2500\u2500\u2500\u2500\u2500\u2500\u2500\u2500\u2500\u2500\u2500\u2500\u2500\u2500\u2500   \u2502                         \u2502    \u2500\u2500\u2500\u2500\u2500\u2500\u2500\u2500\u2500\u2500\u2500\u2500\u2500\u2500\u2500\u2500   \u2502\u2502    \u2500\u2500\u2500\u2500\u2500\u2500\u2500\u2500\u2500\u2500\u2500\u2500\u2500\u2500\u2500\u2500   \u2502                         \u2502    \u2500\u2500\u2500\u2500\u2500\u2500\u2500\u2500\u2500\u2500\u2500\u2500\u2500\u2500\u2500\u2500   \u2502\u2502    \u2500\u2500\u2500\u2500\u2500\u2500\u2500\u2500\u2500\u2500\u2500\u2500\u2500\u2500\u2500\u2500   \u2502\n\u2502  (sr_ticket_number IS \u2502                         \u2502    Table: date_dim    \u2502\u2502  (wr_order_number IS  \u2502                         \u2502    Table: date_dim    \u2502\u2502    Join Type: LEFT    \u2502\n\u2502          NULL)        \u2502                         \u2502                       \u2502\u2502          NULL)        \u2502                         \u2502                       \u2502\u2502                       \u2502\n\u2502                       \u2502                         \u2502         Type:         \u2502\u2502                       \u2502                         \u2502         Type:         \u2502\u2502      Conditions:      \u2502\n\u2502                       \u2502                         \u2502    Sequential Scan    \u2502\u2502                       \u2502                         \u2502    Sequential Scan    \u2502\u2502   cs_order_number =   \u2502\n\u2502                       \u2502                         \u2502                       \u2502\u2502                       \u2502                         \u2502                       \u2502\u2502     cr_order_number   \u2502\n\u2502                       \u2502                         \u2502      Projections:     \u2502\u2502                       \u2502                         \u2502      Projections:     \u2502\u2502cs_item_sk = cr_item_sk\u2502\n\u2502                       \u2502                         \u2502       d_date_sk       \u2502\u2502                       \u2502                         \u2502       d_date_sk       \u2502\u2502                       \u251c\u2500\u2500\u2500\u2500\u2500\u2500\u2500\u2500\u2500\u2500\u2500\u2500\u2510\n\u2502                       \u2502                         \u2502         d_year        \u2502\u2502                       \u2502                         \u2502         d_year        \u2502\u2502                       \u2502            \u2502\n\u2502                       \u2502                         \u2502                       \u2502\u2502                       \u2502                         \u2502                       \u2502\u2502                       \u2502            \u2502\n\u2502                       \u2502                         \u2502        Filters:       \u2502\u2502                       \u2502                         \u2502        Filters:       \u2502\u2502                       \u2502            \u2502\n\u2502                       \u2502                         \u2502      d_year=2000      \u2502\u2502                       \u2502                         \u2502      d_year=2000      \u2502\u2502                       \u2502            \u2502\n\u2502                       \u2502                         \u2502                       \u2502\u2502                       \u2502                         \u2502                       \u2502\u2502                       \u2502            \u2502\n\u2502     4,967,845 rows    \u2502                         \u2502        366 rows       \u2502\u2502     1,301,575 rows    \u2502                         \u2502        366 rows       \u2502\u2502     2,867,350 rows    \u2502            \u2502\n\u2502        (0.02s)        \u2502                         \u2502        (0.01s)        \u2502\u2502        (0.01s)        \u2502                         \u2502        (0.01s)        \u2502\u2502        (0.27s)        \u2502            \u2502\n\u2514\u2500\u2500\u2500\u2500\u2500\u2500\u2500\u2500\u2500\u2500\u2500\u252c\u2500\u2500\u2500\u2500\u2500\u2500\u2500\u2500\u2500\u2500\u2500\u2518                         \u2514\u2500\u2500\u2500\u2500\u2500\u2500\u2500\u2500\u2500\u2500\u2500\u2500\u2500\u2500\u2500\u2500\u2500\u2500\u2500\u2500\u2500\u2500\u2500\u2518\u2514\u2500\u2500\u2500\u2500\u2500\u2500\u2500\u2500\u2500\u2500\u2500\u252c\u2500\u2500\u2500\u2500\u2500\u2500\u2500\u2500\u2500\u2500\u2500\u2518                         \u2514\u2500\u2500\u2500\u2500\u2500\u2500\u2500\u2500\u2500\u2500\u2500\u2500\u2500\u2500\u2500\u2500\u2500\u2500\u2500\u2500\u2500\u2500\u2500\u2518\u2514\u2500\u2500\u2500\u2500\u2500\u2500\u2500\u2500\u2500\u2500\u2500\u252c\u2500\u2500\u2500\u2500\u2500\u2500\u2500\u2500\u2500\u2500\u2500\u2518            \u2502\n\u250c\u2500\u2500\u2500\u2500\u2500\u2500\u2500\u2500\u2500\u2500\u2500\u2534\u2500\u2500\u2500\u2500\u2500\u2500\u2500\u2500\u2500\u2500\u2500\u2510                                                  \u250c\u2500\u2500\u2500\u2500\u2500\u2500\u2500\u2500\u2500\u2500\u2500\u2534\u2500\u2500\u2500\u2500\u2500\u2500\u2500\u2500\u2500\u2500\u2500\u2510                                                  \u250c\u2500\u2500\u2500\u2500\u2500\u2500\u2500\u2500\u2500\u2500\u2500\u2534\u2500\u2500\u2500\u2500\u2500\u2500\u2500\u2500\u2500\u2500\u2500\u2510\u250c\u2500\u2500\u2500\u2500\u2500\u2500\u2500\u2500\u2500\u2500\u2500\u2534\u2500\u2500\u2500\u2500\u2500\u2500\u2500\u2500\u2500\u2500\u2500\u2510\n\u2502       HASH_JOIN       \u2502                                                  \u2502       HASH_JOIN       \u2502                                                  \u2502       TABLE_SCAN      \u2502\u2502       TABLE_SCAN      \u2502\n\u2502    \u2500\u2500\u2500\u2500\u2500\u2500\u2500\u2500\u2500\u2500\u2500\u2500\u2500\u2500\u2500\u2500   \u2502                                                  \u2502    \u2500\u2500\u2500\u2500\u2500\u2500\u2500\u2500\u2500\u2500\u2500\u2500\u2500\u2500\u2500\u2500   \u2502                                                  \u2502    \u2500\u2500\u2500\u2500\u2500\u2500\u2500\u2500\u2500\u2500\u2500\u2500\u2500\u2500\u2500\u2500   \u2502\u2502    \u2500\u2500\u2500\u2500\u2500\u2500\u2500\u2500\u2500\u2500\u2500\u2500\u2500\u2500\u2500\u2500   \u2502\n\u2502    Join Type: LEFT    \u2502                                                  \u2502    Join Type: LEFT    \u2502                                                  \u2502         Table:        \u2502\u2502         Table:        \u2502\n\u2502                       \u2502                                                  \u2502                       \u2502                                                  \u2502     catalog_sales     \u2502\u2502    catalog_returns    \u2502\n\u2502      Conditions:      \u2502                                                  \u2502      Conditions:      \u2502                                                  \u2502                       \u2502\u2502                       \u2502\n\u2502   ss_ticket_number =  \u2502                                                  \u2502   ws_order_number =   \u2502                                                  \u2502         Type:         \u2502\u2502         Type:         \u2502\n\u2502    sr_ticket_number   \u2502                                                  \u2502     wr_order_number   \u2502                                                  \u2502    Sequential Scan    \u2502\u2502    Sequential Scan    \u2502\n\u2502ss_item_sk = sr_item_sk\u2502                                                  \u2502ws_item_sk = wr_item_sk\u2502                                                  \u2502                       \u2502\u2502                       \u2502\n\u2502                       \u2502                                                  \u2502                       \u2502                                                  \u2502      Projections:     \u2502\u2502      Projections:     \u2502\n\u2502                       \u251c\u2500\u2500\u2500\u2500\u2500\u2500\u2500\u2500\u2500\u2500\u2500\u2500\u2510                                     \u2502                       \u251c\u2500\u2500\u2500\u2500\u2500\u2500\u2500\u2500\u2500\u2500\u2500\u2500\u2510                                     \u2502    cs_order_number    \u2502\u2502    cr_order_number    \u2502\n\u2502                       \u2502            \u2502                                     \u2502                       \u2502            \u2502                                     \u2502       cs_item_sk      \u2502\u2502       cr_item_sk      \u2502\n\u2502                       \u2502            \u2502                                     \u2502                       \u2502            \u2502                                     \u2502    cs_sold_date_sk    \u2502\u2502                       \u2502\n\u2502                       \u2502            \u2502                                     \u2502                       \u2502            \u2502                                     \u2502  cs_bill_customer_sk  \u2502\u2502                       \u2502\n\u2502                       \u2502            \u2502                                     \u2502                       \u2502            \u2502                                     \u2502      cs_quantity      \u2502\u2502                       \u2502\n\u2502                       \u2502            \u2502                                     \u2502                       \u2502            \u2502                                     \u2502   cs_wholesale_cost   \u2502\u2502                       \u2502\n\u2502                       \u2502            \u2502                                     \u2502                       \u2502            \u2502                                     \u2502     cs_sales_price    \u2502\u2502                       \u2502\n\u2502                       \u2502            \u2502                                     \u2502                       \u2502            \u2502                                     \u2502                       \u2502\u2502                       \u2502\n\u2502     5,519,337 rows    \u2502            \u2502                                     \u2502     1,446,551 rows    \u2502            \u2502                                     \u2502     2,867,350 rows    \u2502\u2502     1,441,224 rows    \u2502\n\u2502        (1.01s)        \u2502            \u2502                                     \u2502        (0.15s)        \u2502            \u2502                                     \u2502        (1.51s)        \u2502\u2502        (0.18s)        \u2502\n\u2514\u2500\u2500\u2500\u2500\u2500\u2500\u2500\u2500\u2500\u2500\u2500\u252c\u2500\u2500\u2500\u2500\u2500\u2500\u2500\u2500\u2500\u2500\u2500\u2518            \u2502                                     \u2514\u2500\u2500\u2500\u2500\u2500\u2500\u2500\u2500\u2500\u2500\u2500\u252c\u2500\u2500\u2500\u2500\u2500\u2500\u2500\u2500\u2500\u2500\u2500\u2518            \u2502                                     \u2514\u2500\u2500\u2500\u2500\u2500\u2500\u2500\u2500\u2500\u2500\u2500\u2500\u2500\u2500\u2500\u2500\u2500\u2500\u2500\u2500\u2500\u2500\u2500\u2518\u2514\u2500\u2500\u2500\u2500\u2500\u2500\u2500\u2500\u2500\u2500\u2500\u2500\u2500\u2500\u2500\u2500\u2500\u2500\u2500\u2500\u2500\u2500\u2500\u2518\n\u250c\u2500\u2500\u2500\u2500\u2500\u2500\u2500\u2500\u2500\u2500\u2500\u2534\u2500\u2500\u2500\u2500\u2500\u2500\u2500\u2500\u2500\u2500\u2500\u2510\u250c\u2500\u2500\u2500\u2500\u2500\u2500\u2500\u2500\u2500\u2500\u2500\u2534\u2500\u2500\u2500\u2500\u2500\u2500\u2500\u2500\u2500\u2500\u2500\u2510                         \u250c\u2500\u2500\u2500\u2500\u2500\u2500\u2500\u2500\u2500\u2500\u2500\u2534\u2500\u2500\u2500\u2500\u2500\u2500\u2500\u2500\u2500\u2500\u2500\u2510\u250c\u2500\u2500\u2500\u2500\u2500\u2500\u2500\u2500\u2500\u2500\u2500\u2534\u2500\u2500\u2500\u2500\u2500\u2500\u2500\u2500\u2500\u2500\u2500\u2510\n\u2502       TABLE_SCAN      \u2502\u2502       TABLE_SCAN      \u2502                         \u2502       TABLE_SCAN      \u2502\u2502       TABLE_SCAN      \u2502\n\u2502    \u2500\u2500\u2500\u2500\u2500\u2500\u2500\u2500\u2500\u2500\u2500\u2500\u2500\u2500\u2500\u2500   \u2502\u2502    \u2500\u2500\u2500\u2500\u2500\u2500\u2500\u2500\u2500\u2500\u2500\u2500\u2500\u2500\u2500\u2500   \u2502                         \u2502    \u2500\u2500\u2500\u2500\u2500\u2500\u2500\u2500\u2500\u2500\u2500\u2500\u2500\u2500\u2500\u2500   \u2502\u2502    \u2500\u2500\u2500\u2500\u2500\u2500\u2500\u2500\u2500\u2500\u2500\u2500\u2500\u2500\u2500\u2500   \u2502\n\u2502         Table:        \u2502\u2502         Table:        \u2502                         \u2502    Table: web_sales   \u2502\u2502         Table:        \u2502\n\u2502      store_sales      \u2502\u2502     store_returns     \u2502                         \u2502                       \u2502\u2502      web_returns      \u2502\n\u2502                       \u2502\u2502                       \u2502                         \u2502         Type:         \u2502\u2502                       \u2502\n\u2502         Type:         \u2502\u2502         Type:         \u2502                         \u2502    Sequential Scan    \u2502\u2502         Type:         \u2502\n\u2502    Sequential Scan    \u2502\u2502    Sequential Scan    \u2502                         \u2502                       \u2502\u2502    Sequential Scan    \u2502\n\u2502                       \u2502\u2502                       \u2502                         \u2502      Projections:     \u2502\u2502                       \u2502\n\u2502      Projections:     \u2502\u2502      Projections:     \u2502                         \u2502    ws_order_number    \u2502\u2502      Projections:     \u2502\n\u2502    ss_ticket_number   \u2502\u2502    sr_ticket_number   \u2502                         \u2502       ws_item_sk      \u2502\u2502    wr_order_number    \u2502\n\u2502       ss_item_sk      \u2502\u2502       sr_item_sk      \u2502                         \u2502    ws_sold_date_sk    \u2502\u2502       wr_item_sk      \u2502\n\u2502    ss_sold_date_sk    \u2502\u2502                       \u2502                         \u2502  ws_bill_customer_sk  \u2502\u2502                       \u2502\n\u2502     ss_customer_sk    \u2502\u2502                       \u2502                         \u2502      ws_quantity      \u2502\u2502                       \u2502\n\u2502      ss_quantity      \u2502\u2502                       \u2502                         \u2502   ws_wholesale_cost   \u2502\u2502                       \u2502\n\u2502   ss_wholesale_cost   \u2502\u2502                       \u2502                         \u2502     ws_sales_price    \u2502\u2502                       \u2502\n\u2502     ss_sales_price    \u2502\u2502                       \u2502                         \u2502                       \u2502\u2502                       \u2502\n\u2502                       \u2502\u2502                       \u2502                         \u2502                       \u2502\u2502                       \u2502\n\u2502        Filters:       \u2502\u2502                       \u2502                         \u2502                       \u2502\u2502                       \u2502\n\u2502   optional: Dynamic   \u2502\u2502                       \u2502                         \u2502                       \u2502\u2502                       \u2502\n\u2502   Filter (ss_item_sk) \u2502\u2502                       \u2502                         \u2502                       \u2502\u2502                       \u2502\n\u2502                       \u2502\u2502                       \u2502                         \u2502                       \u2502\u2502                       \u2502\n\u2502     5,519,337 rows    \u2502\u2502     2,877,532 rows    \u2502                         \u2502     1,446,551 rows    \u2502\u2502      719,222 rows     \u2502\n\u2502        (14.59s)       \u2502\u2502        (0.39s)        \u2502                         \u2502        (4.73s)        \u2502\u2502        (0.09s)        \u2502\n\u2514\u2500\u2500\u2500\u2500\u2500\u2500\u2500\u2500\u2500\u2500\u2500\u2500\u2500\u2500\u2500\u2500\u2500\u2500\u2500\u2500\u2500\u2500\u2500\u2518\u2514\u2500\u2500\u2500\u2500\u2500\u2500\u2500\u2500\u2500\u2500\u2500\u2500\u2500\u2500\u2500\u2500\u2500\u2500\u2500\u2500\u2500\u2500\u2500\u2518                         \u2514\u2500\u2500\u2500\u2500\u2500\u2500\u2500\u2500\u2500\u2500\u2500\u2500\u2500\u2500\u2500\u2500\u2500\u2500\u2500\u2500\u2500\u2500\u2500\u2518\u2514\u2500\u2500\u2500\u2500\u2500\u2500\u2500\u2500\u2500\u2500\u2500\u2500\u2500\u2500\u2500\u2500\u2500\u2500\u2500\u2500\u2500\u2500\u2500\u2518\n",
  "plan_json": {
    "total_bytes_written": 0,
    "total_bytes_read": 0,
    "rows_returned": 0,
    "latency": 0.0,
    "result_set_size": 0,
    "query_name": "",
    "blocked_thread_time": 0.0,
    "system_peak_buffer_memory": 0,
    "system_peak_temp_dir_size": 0,
    "cpu_time": 0.0,
    "extra_info": {},
    "cumulative_cardinality": 0,
    "cumulative_rows_scanned": 0,
    "children": [
      {
        "total_bytes_written": 0,
        "total_bytes_read": 0,
        "result_set_size": 0,
        "operator_name": "EXPLAIN_ANALYZE",
        "cpu_time": 0.0,
        "extra_info": {},
        "cumulative_cardinality": 0,
        "operator_type": "EXPLAIN_ANALYZE",
        "operator_cardinality": 0,
        "cumulative_rows_scanned": 0,
        "operator_rows_scanned": 0,
        "operator_timing": 9.77e-07,
        "children": [
          {
            "total_bytes_written": 0,
            "total_bytes_read": 0,
            "result_set_size": 10800,
            "operator_name": "TOP_N",
            "cpu_time": 0.0,
            "extra_info": {
              "Top": "100",
              "Order By": [
                "ss.ss_item_sk ASC",
                "ss.ss_qty DESC",
                "ss.ss_wc DESC",
                "ss.ss_sp DESC",
                "(COALESCE(ws.ws_qty, 0) + COALESCE(cs.cs_qty, 0)) ASC",
                "(COALESCE(ws.ws_wc, 0) + COALESCE(cs.cs_wc, 0)) ASC",
                "(COALESCE(ws.ws_sp, 0) + COALESCE(cs.cs_sp, 0)) ASC",
                "round((ss.ss_qty / (COALESCE(ws.ws_qty, 0) + COALESCE(cs.cs_qty, 0))), 2) ASC"
              ]
            },
            "cumulative_cardinality": 0,
            "operator_type": "TOP_N",
            "operator_cardinality": 100,
            "cumulative_rows_scanned": 0,
            "operator_rows_scanned": 0,
            "operator_timing": 0.0016290860000000003,
            "children": [
              {
                "total_bytes_written": 0,
                "total_bytes_read": 0,
                "result_set_size": 79380,
                "operator_name": "PROJECTION",
                "cpu_time": 0.0,
                "extra_info": {
                  "Projections": [
                    "ss_item_sk",
                    "ratio",
                    "store_qty",
                    "store_wholesale_cost",
                    "store_sales_price",
                    "other_chan_qty",
                    "other_chan_wholesale_cost",
                    "other_chan_sales_price"
                  ],
                  "Estimated Cardinality": "9225"
                },
                "cumulative_cardinality": 0,
                "operator_type": "PROJECTION",
                "operator_cardinality": 735,
                "cumulative_rows_scanned": 0,
                "operator_rows_scanned": 0,
                "operator_timing": 0.0015373820000000001,
                "children": [
                  {
                    "total_bytes_written": 0,
                    "total_bytes_read": 0,
                    "result_set_size": 97020,
                    "operator_name": "PROJECTION",
                    "cpu_time": 0.0,
                    "extra_info": {
                      "Projections": [
                        "ss_item_sk",
                        "ss_qty",
                        "(COALESCE(ws_qty, 0) + COALESCE(cs_qty, 0))",
                        "store_wholesale_cost",
                        "store_sales_price",
                        "ws_wc",
                        "cs_wc",
                        "ws_sp",
                        "cs_sp"
                      ],
                      "Estimated Cardinality": "9225"
                    },
                    "cumulative_cardinality": 0,
                    "operator_type": "PROJECTION",
                    "operator_cardinality": 735,
                    "cumulative_rows_scanned": 0,
                    "operator_rows_scanned": 0,
                    "operator_timing": 0.000513768,
                    "children": [
                      {
                        "total_bytes_written": 0,
                        "total_bytes_read": 0,
                        "result_set_size": 108780,
                        "operator_name": "FILTER",
                        "cpu_time": 0.0,
                        "extra_info": {
                          "Expression": "((COALESCE(ws_qty, 0) > 0) OR (COALESCE(cs_qty, 0) > 0))",
                          "Estimated Cardinality": "9225"
                        },
                        "cumulative_cardinality": 0,
                        "operator_type": "FILTER",
                        "operator_cardinality": 735,
                        "cumulative_rows_scanned": 0,
                        "operator_rows_scanned": 0,
                        "operator_timing": 0.13102448299999997,
                        "children": [
                          {
                            "total_bytes_written": 0,
                            "total_bytes_read": 0,
                            "result_set_size": 724688512,
                            "operator_name": "HASH_JOIN",
                            "cpu_time": 0.0,
                            "extra_info": {
                              "Join Type": "LEFT",
                              "Conditions": [
                                "ss_sold_year = cs_sold_year",
                                "ss_item_sk = cs_item_sk",
                                "ss_customer_sk = cs_customer_sk"
                              ],
                              "Estimated Cardinality": "46129"
                            },
                            "cumulative_cardinality": 0,
                            "operator_type": "HASH_JOIN",
                            "operator_cardinality": 4896544,
                            "cumulative_rows_scanned": 0,
                            "operator_rows_scanned": 0,
                            "operator_timing": 1.3834508280000002,
                            "children": [
                              {
                                "total_bytes_written": 0,
                                "total_bytes_read": 0,
                                "result_set_size": 528826752,
                                "operator_name": "HASH_JOIN",
                                "cpu_time": 0.0,
                                "extra_info": {
                                  "Join Type": "LEFT",
                                  "Conditions": [
                                    "ss_sold_year = ws_sold_year",
                                    "ss_item_sk = ws_item_sk",
                                    "ss_customer_sk = ws_customer_sk"
                                  ],
                                  "Estimated Cardinality": "46129"
                                },
                                "cumulative_cardinality": 0,
                                "operator_type": "HASH_JOIN",
                                "operator_cardinality": 4896544,
                                "cumulative_rows_scanned": 0,
                                "operator_rows_scanned": 0,
                                "operator_timing": 0.7596635030000001,
                                "children": [
                                  {
                                    "total_bytes_written": 0,
                                    "total_bytes_read": 0,
                                    "result_set_size": 293792640,
                                    "operator_name": "PROJECTION",
                                    "cpu_time": 0.0,
                                    "extra_info": {
                                      "Projections": [
                                        "__internal_decompress_integral_integer(#0, 2000)",
                                        "#1",
                                        "#2",
                                        "#3",
                                        "#4",
                                        "#5"
                                      ],
                                      "Estimated Cardinality": "46129"
                                    },
                                    "cumulative_cardinality": 0,
                                    "operator_type": "PROJECTION",
                                    "operator_cardinality": 4896544,
                                    "cumulative_rows_scanned": 0,
                                    "operator_rows_scanned": 0,
                                    "operator_timing": 0.011363371999999997,
                                    "children": [
                                      {
                                        "total_bytes_written": 0,
                                        "total_bytes_read": 0,
                                        "result_set_size": 279103008,
                                        "operator_name": "HASH_GROUP_BY",
                                        "cpu_time": 0.0,
                                        "extra_info": {
                                          "Groups": [
                                            "#0",
                                            "#1",
                                            "#2"
                                          ],
                                          "Aggregates": [
                                            "sum(#3)",
                                            "sum(#4)",
                                            "sum(#5)"
                                          ],
                                          "Estimated Cardinality": "46129"
                                        },
                                        "cumulative_cardinality": 0,
                                        "operator_type": "HASH_GROUP_BY",
                                        "operator_cardinality": 4896544,
                                        "cumulative_rows_scanned": 0,
                                        "operator_rows_scanned": 0,
                                        "operator_timing": 3.88115322,
                                        "children": [
                                          {
                                            "total_bytes_written": 0,
                                            "total_bytes_read": 0,
                                            "result_set_size": 104324745,
                                            "operator_name": "PROJECTION",
                                            "cpu_time": 0.0,
                                            "extra_info": {
                                              "Projections": [
                                                "d_year",
                                                "ss_item_sk",
                                                "ss_customer_sk",
                                                "ss_quantity",
                                                "ss_wholesale_cost",
                                                "ss_sales_price"
                                              ],
                                              "Estimated Cardinality": "46129"
                                            },
                                            "cumulative_cardinality": 0,
                                            "operator_type": "PROJECTION",
                                            "operator_cardinality": 4967845,
                                            "cumulative_rows_scanned": 0,
                                            "operator_rows_scanned": 0,
                                            "operator_timing": 0.008372492,
                                            "children": [
                                              {
                                                "total_bytes_written": 0,
                                                "total_bytes_read": 0,
                                                "result_set_size": 104324745,
                                                "operator_name": "PROJECTION",
                                                "cpu_time": 0.0,
                                                "extra_info": {
                                                  "Projections": [
                                                    "#0",
                                                    "#1",
                                                    "#2",
                                                    "#3",
                                                    "#4",
                                                    "__internal_compress_integral_utinyint(#5, 2000)"
                                                  ],
                                                  "Estimated Cardinality": "46129"
                                                },
                                                "cumulative_cardinality": 0,
                                                "operator_type": "PROJECTION",
                                                "operator_cardinality": 4967845,
                                                "cumulative_rows_scanned": 0,
                                                "operator_rows_scanned": 0,
                                                "operator_timing": 0.033018734,
                                                "children": [
                                                  {
                                                    "total_bytes_written": 0,
                                                    "total_bytes_read": 0,
                                                    "result_set_size": 119228280,
                                                    "operator_name": "HASH_JOIN",
                                                    "cpu_time": 0.0,
                                                    "extra_info": {
                                                      "Join Type": "INNER",
                                                      "Conditions": "ss_sold_date_sk = d_date_sk",
                                                      "Estimated Cardinality": "46129"
                                                    },
                                                    "cumulative_cardinality": 0,
                                                    "operator_type": "HASH_JOIN",
                                                    "operator_cardinality": 4967845,
                                                    "cumulative_rows_scanned": 0,
                                                    "operator_rows_scanned": 0,
                                                    "operator_timing": 0.05968257600000002,
                                                    "children": [
                                                      {
                                                        "total_bytes_written": 0,
                                                        "total_bytes_read": 0,
                                                        "result_set_size": 119228280,
                                                        "operator_name": "PROJECTION",
                                                        "cpu_time": 0.0,
                                                        "extra_info": {
                                                          "Projections": [
                                                            "#0",
                                                            "#1",
                                                            "#2",
                                                            "#3",
                                                            "#4",
                                                            "#5"
                                                          ],
                                                          "Estimated Cardinality": "5760198"
                                                        },
                                                        "cumulative_cardinality": 0,
                                                        "operator_type": "PROJECTION",
                                                        "operator_cardinality": 4967845,
                                                        "cumulative_rows_scanned": 0,
                                                        "operator_rows_scanned": 0,
                                                        "operator_timing": 0.009802627000000001,
                                                        "children": [
                                                          {
                                                            "total_bytes_written": 0,
                                                            "total_bytes_read": 0,
                                                            "result_set_size": 139099660,
                                                            "operator_name": "FILTER",
                                                            "cpu_time": 0.0,
                                                            "extra_info": {
                                                              "Expression": "(sr_ticket_number IS NULL)",
                                                              "Estimated Cardinality": "5760198"
                                                            },
                                                            "cumulative_cardinality": 0,
                                                            "operator_type": "FILTER",
                                                            "operator_cardinality": 4967845,
                                                            "cumulative_rows_scanned": 0,
                                                            "operator_rows_scanned": 0,
                                                            "operator_timing": 0.033005531000000005,
                                                            "children": [
                                                              {
                                                                "total_bytes_written": 0,
                                                                "total_bytes_read": 0,
                                                                "result_set_size": 154541436,
                                                                "operator_name": "HASH_JOIN",
                                                                "cpu_time": 0.0,
                                                                "extra_info": {
                                                                  "Join Type": "LEFT",
                                                                  "Conditions": [
                                                                    "ss_ticket_number = sr_ticket_number",
                                                                    "ss_item_sk = sr_item_sk"
                                                                  ],
                                                                  "Estimated Cardinality": "28800991"
                                                                },
                                                                "cumulative_cardinality": 0,
                                                                "operator_type": "HASH_JOIN",
                                                                "operator_cardinality": 5519337,
                                                                "cumulative_rows_scanned": 0,
                                                                "operator_rows_scanned": 0,
                                                                "operator_timing": 1.2246906490000005,
                                                                "children": [
                                                                  {
                                                                    "total_bytes_written": 0,
                                                                    "total_bytes_read": 0,
                                                                    "result_set_size": 154541436,
                                                                    "operator_name": "SEQ_SCAN ",
                                                                    "cpu_time": 0.0,
                                                                    "extra_info": {
                                                                      "Table": "store_sales",
                                                                      "Type": "Sequential Scan",
                                                                      "Projections": [
                                                                        "ss_ticket_number",
                                                                        "ss_item_sk",
                                                                        "ss_sold_date_sk",
                                                                        "ss_customer_sk",
                                                                        "ss_quantity",
                                                                        "ss_wholesale_cost",
                                                                        "ss_sales_price"
                                                                      ],
                                                                      "Filters": "optional: Dynamic Filter (ss_item_sk)",
                                                                      "Estimated Cardinality": "28800991"
                                                                    },
                                                                    "cumulative_cardinality": 0,
                                                                    "operator_type": "TABLE_SCAN",
                                                                    "operator_cardinality": 5519337,
                                                                    "cumulative_rows_scanned": 0,
                                                                    "operator_rows_scanned": 806427748,
                                                                    "operator_timing": 0.608034435,
                                                                    "children": []
                                                                  },
                                                                  {
                                                                    "total_bytes_written": 0,
                                                                    "total_bytes_read": 0,
                                                                    "result_set_size": 23020256,
                                                                    "operator_name": "SEQ_SCAN ",
                                                                    "cpu_time": 0.0,
                                                                    "extra_info": {
                                                                      "Table": "store_returns",
                                                                      "Type": "Sequential Scan",
                                                                      "Projections": [
                                                                        "sr_ticket_number",
                                                                        "sr_item_sk"
                                                                      ],
                                                                      "Estimated Cardinality": "2877532"
                                                                    },
                                                                    "cumulative_cardinality": 0,
                                                                    "operator_type": "TABLE_SCAN",
                                                                    "operator_cardinality": 2877532,
                                                                    "cumulative_rows_scanned": 0,
                                                                    "operator_rows_scanned": 69060768,
                                                                    "operator_timing": 0.010572845999999999,
                                                                    "children": []
                                                                  }
                                                                ]
                                                              }
                                                            ]
                                                          }
                                                        ]
                                                      },
                                                      {
                                                        "total_bytes_written": 0,
                                                        "total_bytes_read": 0,
                                                        "result_set_size": 2928,
                                                        "operator_name": "FILTER",
                                                        "cpu_time": 0.0,
                                                        "extra_info": {
                                                          "Expression": "(d_date_sk BETWEEN 2450816 AND 2452642)",
                                                          "Estimated Cardinality": "585"
                                                        },
                                                        "cumulative_cardinality": 0,
                                                        "operator_type": "FILTER",
                                                        "operator_cardinality": 366,
                                                        "cumulative_rows_scanned": 0,
                                                        "operator_rows_scanned": 0,
                                                        "operator_timing": 6.412e-05,
                                                        "children": [
                                                          {
                                                            "total_bytes_written": 0,
                                                            "total_bytes_read": 0,
                                                            "result_set_size": 2928,
                                                            "operator_name": "SEQ_SCAN ",
                                                            "cpu_time": 0.0,
                                                            "extra_info": {
                                                              "Table": "date_dim",
                                                              "Type": "Sequential Scan",
                                                              "Projections": [
                                                                "d_date_sk",
                                                                "d_year"
                                                              ],
                                                              "Filters": "d_year=2000",
                                                              "Estimated Cardinality": "585"
                                                            },
                                                            "cumulative_cardinality": 0,
                                                            "operator_type": "TABLE_SCAN",
                                                            "operator_cardinality": 366,
                                                            "cumulative_rows_scanned": 0,
                                                            "operator_rows_scanned": 73049,
                                                            "operator_timing": 0.000120456,
                                                            "children": []
                                                          }
                                                        ]
                                                      }
                                                    ]
                                                  }
                                                ]
                                              }
                                            ]
                                          }
                                        ]
                                      }
                                    ]
                                  },
                                  {
                                    "total_bytes_written": 0,
                                    "total_bytes_read": 0,
                                    "result_set_size": 78090240,
                                    "operator_name": "PROJECTION",
                                    "cpu_time": 0.0,
                                    "extra_info": {
                                      "Projections": [
                                        "__internal_decompress_integral_integer(#0, 2000)",
                                        "#1",
                                        "#2",
                                        "#3",
                                        "#4",
                                        "#5"
                                      ],
                                      "Estimated Cardinality": "11528"
                                    },
                                    "cumulative_cardinality": 0,
                                    "operator_type": "PROJECTION",
                                    "operator_cardinality": 1301504,
                                    "cumulative_rows_scanned": 0,
                                    "operator_rows_scanned": 0,
                                    "operator_timing": 0.0032158309999999993,
                                    "children": [
                                      {
                                        "total_bytes_written": 0,
                                        "total_bytes_read": 0,
                                        "result_set_size": 74185728,
                                        "operator_name": "HASH_GROUP_BY",
                                        "cpu_time": 0.0,
                                        "extra_info": {
                                          "Groups": [
                                            "#0",
                                            "#1",
                                            "#2"
                                          ],
                                          "Aggregates": [
                                            "sum(#3)",
                                            "sum(#4)",
                                            "sum(#5)"
                                          ],
                                          "Estimated Cardinality": "11528"
                                        },
                                        "cumulative_cardinality": 0,
                                        "operator_type": "HASH_GROUP_BY",
                                        "operator_cardinality": 1301504,
                                        "cumulative_rows_scanned": 0,
                                        "operator_rows_scanned": 0,
                                        "operator_timing": 1.009640141,
                                        "children": [
                                          {
                                            "total_bytes_written": 0,
                                            "total_bytes_read": 0,
                                            "result_set_size": 27333075,
                                            "operator_name": "PROJECTION",
                                            "cpu_time": 0.0,
                                            "extra_info": {
                                              "Projections": [
                                                "d_year",
                                                "ws_item_sk",
                                                "ws_bill_customer_sk",
                                                "ws_quantity",
                                                "ws_wholesale_cost",
                                                "ws_sales_price"
                                              ],
                                              "Estimated Cardinality": "11528"
                                            },
                                            "cumulative_cardinality": 0,
                                            "operator_type": "PROJECTION",
                                            "operator_cardinality": 1301575,
                                            "cumulative_rows_scanned": 0,
                                            "operator_rows_scanned": 0,
                                            "operator_timing": 0.0018541849999999997,
                                            "children": [
                                              {
                                                "total_bytes_written": 0,
                                                "total_bytes_read": 0,
                                                "result_set_size": 27333075,
                                                "operator_name": "PROJECTION",
                                                "cpu_time": 0.0,
                                                "extra_info": {
                                                  "Projections": [
                                                    "#0",
                                                    "#1",
                                                    "#2",
                                                    "#3",
                                                    "#4",
                                                    "__internal_compress_integral_utinyint(#5, 2000)"
                                                  ],
                                                  "Estimated Cardinality": "11528"
                                                },
                                                "cumulative_cardinality": 0,
                                                "operator_type": "PROJECTION",
                                                "operator_cardinality": 1301575,
                                                "cumulative_rows_scanned": 0,
                                                "operator_rows_scanned": 0,
                                                "operator_timing": 0.007511796000000002,
                                                "children": [
                                                  {
                                                    "total_bytes_written": 0,
                                                    "total_bytes_read": 0,
                                                    "result_set_size": 31237800,
                                                    "operator_name": "HASH_JOIN",
                                                    "cpu_time": 0.0,
                                                    "extra_info": {
                                                      "Join Type": "INNER",
                                                      "Conditions": "ws_sold_date_sk = d_date_sk",
                                                      "Estimated Cardinality": "11528"
                                                    },
                                                    "cumulative_cardinality": 0,
                                                    "operator_type": "HASH_JOIN",
                                                    "operator_cardinality": 1301575,
                                                    "cumulative_rows_scanned": 0,
                                                    "operator_rows_scanned": 0,
                                                    "operator_timing": 0.013117288999999997,
                                                    "children": [
                                                      {
                                                        "total_bytes_written": 0,
                                                        "total_bytes_read": 0,
                                                        "result_set_size": 31237800,
                                                        "operator_name": "PROJECTION",
                                                        "cpu_time": 0.0,
                                                        "extra_info": {
                                                          "Projections": [
                                                            "#0",
                                                            "#1",
                                                            "#2",
                                                            "#3",
                                                            "#4",
                                                            "#5"
                                                          ],
                                                          "Estimated Cardinality": "1439513"
                                                        },
                                                        "cumulative_cardinality": 0,
                                                        "operator_type": "PROJECTION",
                                                        "operator_cardinality": 1301575,
                                                        "cumulative_rows_scanned": 0,
                                                        "operator_rows_scanned": 0,
                                                        "operator_timing": 0.00312286,
                                                        "children": [
                                                          {
                                                            "total_bytes_written": 0,
                                                            "total_bytes_read": 0,
                                                            "result_set_size": 36444100,
                                                            "operator_name": "FILTER",
                                                            "cpu_time": 0.0,
                                                            "extra_info": {
                                                              "Expression": "(wr_order_number IS NULL)",
                                                              "Estimated Cardinality": "1439513"
                                                            },
                                                            "cumulative_cardinality": 0,
                                                            "operator_type": "FILTER",
                                                            "operator_cardinality": 1301575,
                                                            "cumulative_rows_scanned": 0,
                                                            "operator_rows_scanned": 0,
                                                            "operator_timing": 0.007657174000000001,
                                                            "children": [
                                                              {
                                                                "total_bytes_written": 0,
                                                                "total_bytes_read": 0,
                                                                "result_set_size": 40503428,
                                                                "operator_name": "HASH_JOIN",
                                                                "cpu_time": 0.0,
                                                                "extra_info": {
                                                                  "Join Type": "LEFT",
                                                                  "Conditions": [
                                                                    "ws_order_number = wr_order_number",
                                                                    "ws_item_sk = wr_item_sk"
                                                                  ],
                                                                  "Estimated Cardinality": "7197566"
                                                                },
                                                                "cumulative_cardinality": 0,
                                                                "operator_type": "HASH_JOIN",
                                                                "operator_cardinality": 1446551,
                                                                "cumulative_rows_scanned": 0,
                                                                "operator_rows_scanned": 0,
                                                                "operator_timing": 0.24747334599999998,
                                                                "children": [
                                                                  {
                                                                    "total_bytes_written": 0,
                                                                    "total_bytes_read": 0,
                                                                    "result_set_size": 40503428,
                                                                    "operator_name": "SEQ_SCAN ",
                                                                    "cpu_time": 0.0,
                                                                    "extra_info": {
                                                                      "Table": "web_sales",
                                                                      "Type": "Sequential Scan",
                                                                      "Projections": [
                                                                        "ws_order_number",
                                                                        "ws_item_sk",
                                                                        "ws_sold_date_sk",
                                                                        "ws_bill_customer_sk",
                                                                        "ws_quantity",
                                                                        "ws_wholesale_cost",
                                                                        "ws_sales_price"
                                                                      ],
                                                                      "Estimated Cardinality": "7197566"
                                                                    },
                                                                    "cumulative_cardinality": 0,
                                                                    "operator_type": "TABLE_SCAN",
                                                                    "operator_cardinality": 1446551,
                                                                    "cumulative_rows_scanned": 0,
                                                                    "operator_rows_scanned": 201531848,
                                                                    "operator_timing": 0.12563879,
                                                                    "children": []
                                                                  },
                                                                  {
                                                                    "total_bytes_written": 0,
                                                                    "total_bytes_read": 0,
                                                                    "result_set_size": 5753776,
                                                                    "operator_name": "SEQ_SCAN ",
                                                                    "cpu_time": 0.0,
                                                                    "extra_info": {
                                                                      "Table": "web_returns",
                                                                      "Type": "Sequential Scan",
                                                                      "Projections": [
                                                                        "wr_order_number",
                                                                        "wr_item_sk"
                                                                      ],
                                                                      "Estimated Cardinality": "719222"
                                                                    },
                                                                    "cumulative_cardinality": 0,
                                                                    "operator_type": "TABLE_SCAN",
                                                                    "operator_cardinality": 719222,
                                                                    "cumulative_rows_scanned": 0,
                                                                    "operator_rows_scanned": 4315332,
                                                                    "operator_timing": 0.0033023450000000004,
                                                                    "children": []
                                                                  }
                                                                ]
                                                              }
                                                            ]
                                                          }
                                                        ]
                                                      },
                                                      {
                                                        "total_bytes_written": 0,
                                                        "total_bytes_read": 0,
                                                        "result_set_size": 2928,
                                                        "operator_name": "FILTER",
                                                        "cpu_time": 0.0,
                                                        "extra_info": {
                                                          "Expression": "(d_date_sk BETWEEN 2450816 AND 2452642)",
                                                          "Estimated Cardinality": "585"
                                                        },
                                                        "cumulative_cardinality": 0,
                                                        "operator_type": "FILTER",
                                                        "operator_cardinality": 366,
                                                        "cumulative_rows_scanned": 0,
                                                        "operator_rows_scanned": 0,
                                                        "operator_timing": 2.2614e-05,
                                                        "children": [
                                                          {
                                                            "total_bytes_written": 0,
                                                            "total_bytes_read": 0,
                                                            "result_set_size": 2928,
                                                            "operator_name": "SEQ_SCAN ",
                                                            "cpu_time": 0.0,
                                                            "extra_info": {
                                                              "Table": "date_dim",
                                                              "Type": "Sequential Scan",
                                                              "Projections": [
                                                                "d_date_sk",
                                                                "d_year"
                                                              ],
                                                              "Filters": "d_year=2000",
                                                              "Estimated Cardinality": "585"
                                                            },
                                                            "cumulative_cardinality": 0,
                                                            "operator_type": "TABLE_SCAN",
                                                            "operator_cardinality": 366,
                                                            "cumulative_rows_scanned": 0,
                                                            "operator_rows_scanned": 73049,
                                                            "operator_timing": 6.9965e-05,
                                                            "children": []
                                                          }
                                                        ]
                                                      }
                                                    ]
                                                  }
                                                ]
                                              }
                                            ]
                                          }
                                        ]
                                      }
                                    ]
                                  }
                                ]
                              },
                              {
                                "total_bytes_written": 0,
                                "total_bytes_read": 0,
                                "result_set_size": 154799640,
                                "operator_name": "PROJECTION",
                                "cpu_time": 0.0,
                                "extra_info": {
                                  "Projections": [
                                    "__internal_decompress_integral_integer(#0, 2000)",
                                    "#1",
                                    "#2",
                                    "#3",
                                    "#4",
                                    "#5"
                                  ],
                                  "Estimated Cardinality": "23064"
                                },
                                "cumulative_cardinality": 0,
                                "operator_type": "PROJECTION",
                                "operator_cardinality": 2579994,
                                "cumulative_rows_scanned": 0,
                                "operator_rows_scanned": 0,
                                "operator_timing": 0.006817022999999999,
                                "children": [
                                  {
                                    "total_bytes_written": 0,
                                    "total_bytes_read": 0,
                                    "result_set_size": 147059658,
                                    "operator_name": "HASH_GROUP_BY",
                                    "cpu_time": 0.0,
                                    "extra_info": {
                                      "Groups": [
                                        "#0",
                                        "#1",
                                        "#2"
                                      ],
                                      "Aggregates": [
                                        "sum(#3)",
                                        "sum(#4)",
                                        "sum(#5)"
                                      ],
                                      "Estimated Cardinality": "23064"
                                    },
                                    "cumulative_cardinality": 0,
                                    "operator_type": "HASH_GROUP_BY",
                                    "operator_cardinality": 2579994,
                                    "cumulative_rows_scanned": 0,
                                    "operator_rows_scanned": 0,
                                    "operator_timing": 1.8718238889999999,
                                    "children": [
                                      {
                                        "total_bytes_written": 0,
                                        "total_bytes_read": 0,
                                        "result_set_size": 54188820,
                                        "operator_name": "PROJECTION",
                                        "cpu_time": 0.0,
                                        "extra_info": {
                                          "Projections": [
                                            "d_year",
                                            "cs_item_sk",
                                            "cs_bill_customer_sk",
                                            "cs_quantity",
                                            "cs_wholesale_cost",
                                            "cs_sales_price"
                                          ],
                                          "Estimated Cardinality": "23065"
                                        },
                                        "cumulative_cardinality": 0,
                                        "operator_type": "PROJECTION",
                                        "operator_cardinality": 2580420,
                                        "cumulative_rows_scanned": 0,
                                        "operator_rows_scanned": 0,
                                        "operator_timing": 0.0011332509999999998,
                                        "children": [
                                          {
                                            "total_bytes_written": 0,
                                            "total_bytes_read": 0,
                                            "result_set_size": 54188820,
                                            "operator_name": "PROJECTION",
                                            "cpu_time": 0.0,
                                            "extra_info": {
                                              "Projections": [
                                                "#0",
                                                "#1",
                                                "#2",
                                                "#3",
                                                "#4",
                                                "__internal_compress_integral_utinyint(#5, 2000)"
                                              ],
                                              "Estimated Cardinality": "23065"
                                            },
                                            "cumulative_cardinality": 0,
                                            "operator_type": "PROJECTION",
                                            "operator_cardinality": 2580420,
                                            "cumulative_rows_scanned": 0,
                                            "operator_rows_scanned": 0,
                                            "operator_timing": 0.005714986000000001,
                                            "children": [
                                              {
                                                "total_bytes_written": 0,
                                                "total_bytes_read": 0,
                                                "result_set_size": 61930080,
                                                "operator_name": "HASH_JOIN",
                                                "cpu_time": 0.0,
                                                "extra_info": {
                                                  "Join Type": "INNER",
                                                  "Conditions": "cs_sold_date_sk = d_date_sk",
                                                  "Estimated Cardinality": "23065"
                                                },
                                                "cumulative_cardinality": 0,
                                                "operator_type": "HASH_JOIN",
                                                "operator_cardinality": 2580420,
                                                "cumulative_rows_scanned": 0,
                                                "operator_rows_scanned": 0,
                                                "operator_timing": 0.01445708,
                                                "children": [
                                                  {
                                                    "total_bytes_written": 0,
                                                    "total_bytes_read": 0,
                                                    "result_set_size": 61930080,
                                                    "operator_name": "PROJECTION",
                                                    "cpu_time": 0.0,
                                                    "extra_info": {
                                                      "Projections": [
                                                        "#0",
                                                        "#1",
                                                        "#2",
                                                        "#3",
                                                        "#4",
                                                        "#5"
                                                      ],
                                                      "Estimated Cardinality": "2880252"
                                                    },
                                                    "cumulative_cardinality": 0,
                                                    "operator_type": "PROJECTION",
                                                    "operator_cardinality": 2580420,
                                                    "cumulative_rows_scanned": 0,
                                                    "operator_rows_scanned": 0,
                                                    "operator_timing": 0.001875692,
                                                    "children": [
                                                      {
                                                        "total_bytes_written": 0,
                                                        "total_bytes_read": 0,
                                                        "result_set_size": 72251760,
                                                        "operator_name": "FILTER",
                                                        "cpu_time": 0.0,
                                                        "extra_info": {
                                                          "Expression": "(cr_order_number IS NULL)",
                                                          "Estimated Cardinality": "2880252"
                                                        },
                                                        "cumulative_cardinality": 0,
                                                        "operator_type": "FILTER",
                                                        "operator_cardinality": 2580420,
                                                        "cumulative_rows_scanned": 0,
                                                        "operator_rows_scanned": 0,
                                                        "operator_timing": 0.013783035,
                                                        "children": [
                                                          {
                                                            "total_bytes_written": 0,
                                                            "total_bytes_read": 0,
                                                            "result_set_size": 80285800,
                                                            "operator_name": "HASH_JOIN",
                                                            "cpu_time": 0.0,
                                                            "extra_info": {
                                                              "Join Type": "LEFT",
                                                              "Conditions": [
                                                                "cs_order_number = cr_order_number",
                                                                "cs_item_sk = cr_item_sk"
                                                              ],
                                                              "Estimated Cardinality": "14401261"
                                                            },
                                                            "cumulative_cardinality": 0,
                                                            "operator_type": "HASH_JOIN",
                                                            "operator_cardinality": 2867350,
                                                            "cumulative_rows_scanned": 0,
                                                            "operator_rows_scanned": 0,
                                                            "operator_timing": 0.570808994,
                                                            "children": [
                                                              {
                                                                "total_bytes_written": 0,
                                                                "total_bytes_read": 0,
                                                                "result_set_size": 80285800,
                                                                "operator_name": "SEQ_SCAN ",
                                                                "cpu_time": 0.0,
                                                                "extra_info": {
                                                                  "Table": "catalog_sales",
                                                                  "Type": "Sequential Scan",
                                                                  "Projections": [
                                                                    "cs_order_number",
                                                                    "cs_item_sk",
                                                                    "cs_sold_date_sk",
                                                                    "cs_bill_customer_sk",
                                                                    "cs_quantity",
                                                                    "cs_wholesale_cost",
                                                                    "cs_sales_price"
                                                                  ],
                                                                  "Estimated Cardinality": "14401261"
                                                                },
                                                                "cumulative_cardinality": 0,
                                                                "operator_type": "TABLE_SCAN",
                                                                "operator_cardinality": 2867350,
                                                                "cumulative_rows_scanned": 0,
                                                                "operator_rows_scanned": 403235308,
                                                                "operator_timing": 0.077115325,
                                                                "children": []
                                                              },
                                                              {
                                                                "total_bytes_written": 0,
                                                                "total_bytes_read": 0,
                                                                "result_set_size": 11529792,
                                                                "operator_name": "SEQ_SCAN ",
                                                                "cpu_time": 0.0,
                                                                "extra_info": {
                                                                  "Table": "catalog_returns",
                                                                  "Type": "Sequential Scan",
                                                                  "Projections": [
                                                                    "cr_order_number",
                                                                    "cr_item_sk"
                                                                  ],
                                                                  "Estimated Cardinality": "1441224"
                                                                },
                                                                "cumulative_cardinality": 0,
                                                                "operator_type": "TABLE_SCAN",
                                                                "operator_cardinality": 1441224,
                                                                "cumulative_rows_scanned": 0,
                                                                "operator_rows_scanned": 17294688,
                                                                "operator_timing": 0.007021883999999999,
                                                                "children": []
                                                              }
                                                            ]
                                                          }
                                                        ]
                                                      }
                                                    ]
                                                  },
                                                  {
                                                    "total_bytes_written": 0,
                                                    "total_bytes_read": 0,
                                                    "result_set_size": 2928,
                                                    "operator_name": "FILTER",
                                                    "cpu_time": 0.0,
                                                    "extra_info": {
                                                      "Expression": "(d_date_sk BETWEEN 2450815 AND 2452653)",
                                                      "Estimated Cardinality": "585"
                                                    },
                                                    "cumulative_cardinality": 0,
                                                    "operator_type": "FILTER",
                                                    "operator_cardinality": 366,
                                                    "cumulative_rows_scanned": 0,
                                                    "operator_rows_scanned": 0,
                                                    "operator_timing": 3.0177999999999998e-05,
                                                    "children": [
                                                      {
                                                        "total_bytes_written": 0,
                                                        "total_bytes_read": 0,
                                                        "result_set_size": 2928,
                                                        "operator_name": "SEQ_SCAN ",
                                                        "cpu_time": 0.0,
                                                        "extra_info": {
                                                          "Table": "date_dim",
                                                          "Type": "Sequential Scan",
                                                          "Projections": [
                                                            "d_date_sk",
                                                            "d_year"
                                                          ],
                                                          "Filters": "d_year=2000",
                                                          "Estimated Cardinality": "585"
                                                        },
                                                        "cumulative_cardinality": 0,
                                                        "operator_type": "TABLE_SCAN",
                                                        "operator_cardinality": 366,
                                                        "cumulative_rows_scanned": 0,
                                                        "operator_rows_scanned": 73049,
                                                        "operator_timing": 6.3207e-05,
                                                        "children": []
                                                      }
                                                    ]
                                                  }
                                                ]
                                              }
                                            ]
                                          }
                                        ]
                                      }
                                    ]
                                  }
                                ]
                              }
                            ]
                          }
                        ]
                      }
                    ]
                  }
                ]
              }
            ]
          }
        ]
      }
    ]
  },
  "actual_rows": 0,
  "collected_at": "2026-02-16T10:20:00.765609",
  "query_id": "query_78"
}