{
  "execution_time_ms": 0.0,
  "plan_text": "\u250c\u2500\u2500\u2500\u2500\u2500\u2500\u2500\u2500\u2500\u2500\u2500\u2500\u2500\u2500\u2500\u2500\u2500\u2500\u2500\u2500\u2500\u2500\u2500\u2500\u2500\u2500\u2500\u2510\n\u2502           TOP_N           \u2502\n\u2502    \u2500\u2500\u2500\u2500\u2500\u2500\u2500\u2500\u2500\u2500\u2500\u2500\u2500\u2500\u2500\u2500\u2500\u2500\u2500\u2500   \u2502\n\u2502          Top: 100         \u2502\n\u2502                           \u2502\n\u2502         Order By:         \u2502\n\u2502   tpcds_sf10_1.main.item  \u2502\n\u2502      .i_category ASC      \u2502\n\u2502   tpcds_sf10_1.main.item  \u2502\n\u2502        .i_class ASC       \u2502\n\u2502   tpcds_sf10_1.main.item  \u2502\n\u2502       .i_item_id ASC      \u2502\n\u2502   tpcds_sf10_1.main.item  \u2502\n\u2502      .i_item_desc ASC     \u2502\n\u2502  ((sum(tpcds_sf10_1.main  \u2502\n\u2502       .catalog_sales      \u2502\n\u2502 .cs_ext_sales_price) * 100\u2502\n\u2502  ) / sum(sum(tpcds_sf10_1 \u2502\n\u2502    .main.catalog_sales    \u2502\n\u2502 .cs_ext_sales_price)) OVER\u2502\n\u2502        (PARTITION BY      \u2502\n\u2502   tpcds_sf10_1.main.item  \u2502\n\u2502       .i_class)) ASC      \u2502\n\u2514\u2500\u2500\u2500\u2500\u2500\u2500\u2500\u2500\u2500\u2500\u2500\u2500\u2500\u252c\u2500\u2500\u2500\u2500\u2500\u2500\u2500\u2500\u2500\u2500\u2500\u2500\u2500\u2518\n\u250c\u2500\u2500\u2500\u2500\u2500\u2500\u2500\u2500\u2500\u2500\u2500\u2500\u2500\u2534\u2500\u2500\u2500\u2500\u2500\u2500\u2500\u2500\u2500\u2500\u2500\u2500\u2500\u2510\n\u2502         PROJECTION        \u2502\n\u2502    \u2500\u2500\u2500\u2500\u2500\u2500\u2500\u2500\u2500\u2500\u2500\u2500\u2500\u2500\u2500\u2500\u2500\u2500\u2500\u2500   \u2502\n\u2502         i_item_id         \u2502\n\u2502        i_item_desc        \u2502\n\u2502         i_category        \u2502\n\u2502          i_class          \u2502\n\u2502      i_current_price      \u2502\n\u2502        itemrevenue        \u2502\n\u2502        revenueratio       \u2502\n\u2502                           \u2502\n\u2502       ~610,869 rows       \u2502\n\u2514\u2500\u2500\u2500\u2500\u2500\u2500\u2500\u2500\u2500\u2500\u2500\u2500\u2500\u252c\u2500\u2500\u2500\u2500\u2500\u2500\u2500\u2500\u2500\u2500\u2500\u2500\u2500\u2518\n\u250c\u2500\u2500\u2500\u2500\u2500\u2500\u2500\u2500\u2500\u2500\u2500\u2500\u2500\u2534\u2500\u2500\u2500\u2500\u2500\u2500\u2500\u2500\u2500\u2500\u2500\u2500\u2500\u2510\n\u2502         PROJECTION        \u2502\n\u2502    \u2500\u2500\u2500\u2500\u2500\u2500\u2500\u2500\u2500\u2500\u2500\u2500\u2500\u2500\u2500\u2500\u2500\u2500\u2500\u2500   \u2502\n\u2502             #0            \u2502\n\u2502             #1            \u2502\n\u2502             #2            \u2502\n\u2502             #3            \u2502\n\u2502             #4            \u2502\n\u2502             #5            \u2502\n\u2502             #6            \u2502\n\u2502                           \u2502\n\u2502       ~610,869 rows       \u2502\n\u2514\u2500\u2500\u2500\u2500\u2500\u2500\u2500\u2500\u2500\u2500\u2500\u2500\u2500\u252c\u2500\u2500\u2500\u2500\u2500\u2500\u2500\u2500\u2500\u2500\u2500\u2500\u2500\u2518\n\u250c\u2500\u2500\u2500\u2500\u2500\u2500\u2500\u2500\u2500\u2500\u2500\u2500\u2500\u2534\u2500\u2500\u2500\u2500\u2500\u2500\u2500\u2500\u2500\u2500\u2500\u2500\u2500\u2510\n\u2502           WINDOW          \u2502\n\u2502    \u2500\u2500\u2500\u2500\u2500\u2500\u2500\u2500\u2500\u2500\u2500\u2500\u2500\u2500\u2500\u2500\u2500\u2500\u2500\u2500   \u2502\n\u2502        Projections:       \u2502\n\u2502 sum(sum(cs_ext_sales_price\u2502\n\u2502   )) OVER (PARTITION BY   \u2502\n\u2502          i_class)         \u2502\n\u2514\u2500\u2500\u2500\u2500\u2500\u2500\u2500\u2500\u2500\u2500\u2500\u2500\u2500\u252c\u2500\u2500\u2500\u2500\u2500\u2500\u2500\u2500\u2500\u2500\u2500\u2500\u2500\u2518\n\u250c\u2500\u2500\u2500\u2500\u2500\u2500\u2500\u2500\u2500\u2500\u2500\u2500\u2500\u2534\u2500\u2500\u2500\u2500\u2500\u2500\u2500\u2500\u2500\u2500\u2500\u2500\u2500\u2510\n\u2502         PROJECTION        \u2502\n\u2502    \u2500\u2500\u2500\u2500\u2500\u2500\u2500\u2500\u2500\u2500\u2500\u2500\u2500\u2500\u2500\u2500\u2500\u2500\u2500\u2500   \u2502\n\u2502             #0            \u2502\n\u2502             #1            \u2502\n\u2502__internal_decompress_strin\u2502\n\u2502           g(#2)           \u2502\n\u2502__internal_decompress_strin\u2502\n\u2502           g(#3)           \u2502\n\u2502             #4            \u2502\n\u2502             #5            \u2502\n\u2502                           \u2502\n\u2502       ~610,869 rows       \u2502\n\u2514\u2500\u2500\u2500\u2500\u2500\u2500\u2500\u2500\u2500\u2500\u2500\u2500\u2500\u252c\u2500\u2500\u2500\u2500\u2500\u2500\u2500\u2500\u2500\u2500\u2500\u2500\u2500\u2518\n\u250c\u2500\u2500\u2500\u2500\u2500\u2500\u2500\u2500\u2500\u2500\u2500\u2500\u2500\u2534\u2500\u2500\u2500\u2500\u2500\u2500\u2500\u2500\u2500\u2500\u2500\u2500\u2500\u2510\n\u2502       HASH_GROUP_BY       \u2502\n\u2502    \u2500\u2500\u2500\u2500\u2500\u2500\u2500\u2500\u2500\u2500\u2500\u2500\u2500\u2500\u2500\u2500\u2500\u2500\u2500\u2500   \u2502\n\u2502          Groups:          \u2502\n\u2502             #0            \u2502\n\u2502             #1            \u2502\n\u2502             #2            \u2502\n\u2502             #3            \u2502\n\u2502             #4            \u2502\n\u2502                           \u2502\n\u2502    Aggregates: sum(#5)    \u2502\n\u2502                           \u2502\n\u2502       ~610,869 rows       \u2502\n\u2514\u2500\u2500\u2500\u2500\u2500\u2500\u2500\u2500\u2500\u2500\u2500\u2500\u2500\u252c\u2500\u2500\u2500\u2500\u2500\u2500\u2500\u2500\u2500\u2500\u2500\u2500\u2500\u2518\n\u250c\u2500\u2500\u2500\u2500\u2500\u2500\u2500\u2500\u2500\u2500\u2500\u2500\u2500\u2534\u2500\u2500\u2500\u2500\u2500\u2500\u2500\u2500\u2500\u2500\u2500\u2500\u2500\u2510\n\u2502         PROJECTION        \u2502\n\u2502    \u2500\u2500\u2500\u2500\u2500\u2500\u2500\u2500\u2500\u2500\u2500\u2500\u2500\u2500\u2500\u2500\u2500\u2500\u2500\u2500   \u2502\n\u2502         i_item_id         \u2502\n\u2502        i_item_desc        \u2502\n\u2502         i_category        \u2502\n\u2502          i_class          \u2502\n\u2502      i_current_price      \u2502\n\u2502     cs_ext_sales_price    \u2502\n\u2502                           \u2502\n\u2502       ~611,160 rows       \u2502\n\u2514\u2500\u2500\u2500\u2500\u2500\u2500\u2500\u2500\u2500\u2500\u2500\u2500\u2500\u252c\u2500\u2500\u2500\u2500\u2500\u2500\u2500\u2500\u2500\u2500\u2500\u2500\u2500\u2518\n\u250c\u2500\u2500\u2500\u2500\u2500\u2500\u2500\u2500\u2500\u2500\u2500\u2500\u2500\u2534\u2500\u2500\u2500\u2500\u2500\u2500\u2500\u2500\u2500\u2500\u2500\u2500\u2500\u2510\n\u2502         PROJECTION        \u2502\n\u2502    \u2500\u2500\u2500\u2500\u2500\u2500\u2500\u2500\u2500\u2500\u2500\u2500\u2500\u2500\u2500\u2500\u2500\u2500\u2500\u2500   \u2502\n\u2502             #0            \u2502\n\u2502__internal_compress_string_\u2502\n\u2502        uhugeint(#1)       \u2502\n\u2502             #2            \u2502\n\u2502             #3            \u2502\n\u2502__internal_compress_string_\u2502\n\u2502        uhugeint(#4)       \u2502\n\u2502             #5            \u2502\n\u2502                           \u2502\n\u2502       ~611,160 rows       \u2502\n\u2514\u2500\u2500\u2500\u2500\u2500\u2500\u2500\u2500\u2500\u2500\u2500\u2500\u2500\u252c\u2500\u2500\u2500\u2500\u2500\u2500\u2500\u2500\u2500\u2500\u2500\u2500\u2500\u2518\n\u250c\u2500\u2500\u2500\u2500\u2500\u2500\u2500\u2500\u2500\u2500\u2500\u2500\u2500\u2534\u2500\u2500\u2500\u2500\u2500\u2500\u2500\u2500\u2500\u2500\u2500\u2500\u2500\u2510\n\u2502         HASH_JOIN         \u2502\n\u2502    \u2500\u2500\u2500\u2500\u2500\u2500\u2500\u2500\u2500\u2500\u2500\u2500\u2500\u2500\u2500\u2500\u2500\u2500\u2500\u2500   \u2502\n\u2502      Join Type: INNER     \u2502\n\u2502                           \u2502\n\u2502        Conditions:        \u251c\u2500\u2500\u2500\u2500\u2500\u2500\u2500\u2500\u2500\u2500\u2500\u2500\u2500\u2500\u2500\u2500\u2500\u2500\u2500\u2500\u2500\u2500\u2500\u2500\u2500\u2500\u2500\u2500\u2500\u2500\u2500\u2500\u2500\u2500\u2500\u2500\u2500\u2500\u2500\u2500\u2500\u2500\u2500\u2510\n\u2502   cs_item_sk = i_item_sk  \u2502                                           \u2502\n\u2502                           \u2502                                           \u2502\n\u2502       ~611,160 rows       \u2502                                           \u2502\n\u2514\u2500\u2500\u2500\u2500\u2500\u2500\u2500\u2500\u2500\u2500\u2500\u2500\u2500\u252c\u2500\u2500\u2500\u2500\u2500\u2500\u2500\u2500\u2500\u2500\u2500\u2500\u2500\u2518                                           \u2502\n\u250c\u2500\u2500\u2500\u2500\u2500\u2500\u2500\u2500\u2500\u2500\u2500\u2500\u2500\u2534\u2500\u2500\u2500\u2500\u2500\u2500\u2500\u2500\u2500\u2500\u2500\u2500\u2500\u2510                             \u250c\u2500\u2500\u2500\u2500\u2500\u2500\u2500\u2500\u2500\u2500\u2500\u2500\u2500\u2534\u2500\u2500\u2500\u2500\u2500\u2500\u2500\u2500\u2500\u2500\u2500\u2500\u2500\u2510\n\u2502         HASH_JOIN         \u2502                             \u2502           FILTER          \u2502\n\u2502    \u2500\u2500\u2500\u2500\u2500\u2500\u2500\u2500\u2500\u2500\u2500\u2500\u2500\u2500\u2500\u2500\u2500\u2500\u2500\u2500   \u2502                             \u2502    \u2500\u2500\u2500\u2500\u2500\u2500\u2500\u2500\u2500\u2500\u2500\u2500\u2500\u2500\u2500\u2500\u2500\u2500\u2500\u2500   \u2502\n\u2502      Join Type: INNER     \u2502                             \u2502 ((i_category = 'Shoes') OR\u2502\n\u2502                           \u2502                             \u2502  (i_category = 'Books') OR\u2502\n\u2502        Conditions:        \u251c\u2500\u2500\u2500\u2500\u2500\u2500\u2500\u2500\u2500\u2500\u2500\u2500\u2500\u2500\u2510              \u2502   (i_category = 'Women')) \u2502\n\u2502cs_sold_date_sk = d_date_sk\u2502              \u2502              \u2502                           \u2502\n\u2502                           \u2502              \u2502              \u2502                           \u2502\n\u2502      ~2,880,094 rows      \u2502              \u2502              \u2502        ~20,400 rows       \u2502\n\u2514\u2500\u2500\u2500\u2500\u2500\u2500\u2500\u2500\u2500\u2500\u2500\u2500\u2500\u252c\u2500\u2500\u2500\u2500\u2500\u2500\u2500\u2500\u2500\u2500\u2500\u2500\u2500\u2518              \u2502              \u2514\u2500\u2500\u2500\u2500\u2500\u2500\u2500\u2500\u2500\u2500\u2500\u2500\u2500\u252c\u2500\u2500\u2500\u2500\u2500\u2500\u2500\u2500\u2500\u2500\u2500\u2500\u2500\u2518\n\u250c\u2500\u2500\u2500\u2500\u2500\u2500\u2500\u2500\u2500\u2500\u2500\u2500\u2500\u2534\u2500\u2500\u2500\u2500\u2500\u2500\u2500\u2500\u2500\u2500\u2500\u2500\u2500\u2510\u250c\u2500\u2500\u2500\u2500\u2500\u2500\u2500\u2500\u2500\u2500\u2500\u2500\u2500\u2534\u2500\u2500\u2500\u2500\u2500\u2500\u2500\u2500\u2500\u2500\u2500\u2500\u2500\u2510\u250c\u2500\u2500\u2500\u2500\u2500\u2500\u2500\u2500\u2500\u2500\u2500\u2500\u2500\u2534\u2500\u2500\u2500\u2500\u2500\u2500\u2500\u2500\u2500\u2500\u2500\u2500\u2500\u2510\n\u2502         SEQ_SCAN          \u2502\u2502           FILTER          \u2502\u2502         SEQ_SCAN          \u2502\n\u2502    \u2500\u2500\u2500\u2500\u2500\u2500\u2500\u2500\u2500\u2500\u2500\u2500\u2500\u2500\u2500\u2500\u2500\u2500\u2500\u2500   \u2502\u2502    \u2500\u2500\u2500\u2500\u2500\u2500\u2500\u2500\u2500\u2500\u2500\u2500\u2500\u2500\u2500\u2500\u2500\u2500\u2500\u2500   \u2502\u2502    \u2500\u2500\u2500\u2500\u2500\u2500\u2500\u2500\u2500\u2500\u2500\u2500\u2500\u2500\u2500\u2500\u2500\u2500\u2500\u2500   \u2502\n\u2502    Table: catalog_sales   \u2502\u2502 (d_date_sk BETWEEN 2450815\u2502\u2502        Table: item        \u2502\n\u2502   Type: Sequential Scan   \u2502\u2502        AND 2452653)       \u2502\u2502   Type: Sequential Scan   \u2502\n\u2502                           \u2502\u2502                           \u2502\u2502                           \u2502\n\u2502        Projections:       \u2502\u2502                           \u2502\u2502        Projections:       \u2502\n\u2502         cs_item_sk        \u2502\u2502                           \u2502\u2502         i_item_sk         \u2502\n\u2502      cs_sold_date_sk      \u2502\u2502                           \u2502\u2502         i_category        \u2502\n\u2502     cs_ext_sales_price    \u2502\u2502                           \u2502\u2502         i_item_id         \u2502\n\u2502                           \u2502\u2502                           \u2502\u2502        i_item_desc        \u2502\n\u2502                           \u2502\u2502                           \u2502\u2502          i_class          \u2502\n\u2502                           \u2502\u2502                           \u2502\u2502      i_current_price      \u2502\n\u2502                           \u2502\u2502                           \u2502\u2502                           \u2502\n\u2502                           \u2502\u2502                           \u2502\u2502          Filters:         \u2502\n\u2502                           \u2502\u2502                           \u2502\u2502 optional: i_category IN ( \u2502\n\u2502                           \u2502\u2502                           \u2502\u2502 'Shoes', 'Books', 'Women')\u2502\n\u2502                           \u2502\u2502                           \u2502\u2502                           \u2502\n\u2502      ~14,401,261 rows     \u2502\u2502        ~14,609 rows       \u2502\u2502       ~102,000 rows       \u2502\n\u2514\u2500\u2500\u2500\u2500\u2500\u2500\u2500\u2500\u2500\u2500\u2500\u2500\u2500\u2500\u2500\u2500\u2500\u2500\u2500\u2500\u2500\u2500\u2500\u2500\u2500\u2500\u2500\u2518\u2514\u2500\u2500\u2500\u2500\u2500\u2500\u2500\u2500\u2500\u2500\u2500\u2500\u2500\u252c\u2500\u2500\u2500\u2500\u2500\u2500\u2500\u2500\u2500\u2500\u2500\u2500\u2500\u2518\u2514\u2500\u2500\u2500\u2500\u2500\u2500\u2500\u2500\u2500\u2500\u2500\u2500\u2500\u2500\u2500\u2500\u2500\u2500\u2500\u2500\u2500\u2500\u2500\u2500\u2500\u2500\u2500\u2518\n                             \u250c\u2500\u2500\u2500\u2500\u2500\u2500\u2500\u2500\u2500\u2500\u2500\u2500\u2500\u2534\u2500\u2500\u2500\u2500\u2500\u2500\u2500\u2500\u2500\u2500\u2500\u2500\u2500\u2510\n                             \u2502         SEQ_SCAN          \u2502\n                             \u2502    \u2500\u2500\u2500\u2500\u2500\u2500\u2500\u2500\u2500\u2500\u2500\u2500\u2500\u2500\u2500\u2500\u2500\u2500\u2500\u2500   \u2502\n                             \u2502      Table: date_dim      \u2502\n                             \u2502   Type: Sequential Scan   \u2502\n                             \u2502                           \u2502\n                             \u2502        Projections:       \u2502\n                             \u2502         d_date_sk         \u2502\n                             \u2502                           \u2502\n                             \u2502          Filters:         \u2502\n                             \u2502 (CAST(d_date AS TIMESTAMP)\u2502\n                             \u2502  BETWEEN '2002-01-26 00:00\u2502\n                             \u2502 :00'::TIMESTAMP AND '2002 \u2502\n                             \u2502     -02-25 00:00:00':     \u2502\n                             \u2502        :TIMESTAMP)        \u2502\n                             \u2502                           \u2502\n                             \u2502        ~14,609 rows       \u2502\n                             \u2514\u2500\u2500\u2500\u2500\u2500\u2500\u2500\u2500\u2500\u2500\u2500\u2500\u2500\u2500\u2500\u2500\u2500\u2500\u2500\u2500\u2500\u2500\u2500\u2500\u2500\u2500\u2500\u2518\n",
  "plan_json": {
    "total_bytes_written": 0,
    "total_bytes_read": 0,
    "rows_returned": 0,
    "latency": 0.0,
    "result_set_size": 0,
    "query_name": "",
    "blocked_thread_time": 0.0,
    "system_peak_buffer_memory": 0,
    "system_peak_temp_dir_size": 0,
    "cpu_time": 0.0,
    "extra_info": {},
    "cumulative_cardinality": 0,
    "cumulative_rows_scanned": 0,
    "children": [
      {
        "total_bytes_written": 0,
        "total_bytes_read": 0,
        "result_set_size": 0,
        "operator_name": "EXPLAIN_ANALYZE",
        "cpu_time": 0.0,
        "extra_info": {},
        "cumulative_cardinality": 0,
        "operator_type": "EXPLAIN_ANALYZE",
        "operator_cardinality": 0,
        "cumulative_rows_scanned": 0,
        "operator_rows_scanned": 0,
        "operator_timing": 3.36e-07,
        "children": [
          {
            "total_bytes_written": 0,
            "total_bytes_read": 0,
            "result_set_size": 9200,
            "operator_name": "TOP_N",
            "cpu_time": 0.0,
            "extra_info": {
              "Top": "100",
              "Order By": [
                "tpcds_sf10_1.main.item.i_category ASC",
                "tpcds_sf10_1.main.item.i_class ASC",
                "tpcds_sf10_1.main.item.i_item_id ASC",
                "tpcds_sf10_1.main.item.i_item_desc ASC",
                "((sum(tpcds_sf10_1.main.catalog_sales.cs_ext_sales_price) * 100) / sum(sum(tpcds_sf10_1.main.catalog_sales.cs_ext_sales_price)) OVER (PARTITION BY tpcds_sf10_1.main.item.i_class)) ASC"
              ]
            },
            "cumulative_cardinality": 0,
            "operator_type": "TOP_N",
            "operator_cardinality": 100,
            "cumulative_rows_scanned": 0,
            "operator_rows_scanned": 0,
            "operator_timing": 0.003526181,
            "children": [
              {
                "total_bytes_written": 0,
                "total_bytes_read": 0,
                "result_set_size": 1310816,
                "operator_name": "PROJECTION",
                "cpu_time": 0.0,
                "extra_info": {
                  "Projections": [
                    "i_item_id",
                    "i_item_desc",
                    "i_category",
                    "i_class",
                    "i_current_price",
                    "itemrevenue",
                    "revenueratio"
                  ],
                  "Estimated Cardinality": "610869"
                },
                "cumulative_cardinality": 0,
                "operator_type": "PROJECTION",
                "operator_cardinality": 14248,
                "cumulative_rows_scanned": 0,
                "operator_rows_scanned": 0,
                "operator_timing": 0.0009228550000000001,
                "children": [
                  {
                    "total_bytes_written": 0,
                    "total_bytes_read": 0,
                    "result_set_size": 1424800,
                    "operator_name": "PROJECTION",
                    "cpu_time": 0.0,
                    "extra_info": {
                      "Projections": [
                        "#0",
                        "#1",
                        "#2",
                        "#3",
                        "#4",
                        "#5",
                        "#6"
                      ],
                      "Estimated Cardinality": "610869"
                    },
                    "cumulative_cardinality": 0,
                    "operator_type": "PROJECTION",
                    "operator_cardinality": 14248,
                    "cumulative_rows_scanned": 0,
                    "operator_rows_scanned": 0,
                    "operator_timing": 1.585e-05,
                    "children": [
                      {
                        "total_bytes_written": 0,
                        "total_bytes_read": 0,
                        "result_set_size": 1424800,
                        "operator_name": "WINDOW",
                        "cpu_time": 0.0,
                        "extra_info": {
                          "Projections": "sum(sum(cs_ext_sales_price)) OVER (PARTITION BY i_class)"
                        },
                        "cumulative_cardinality": 0,
                        "operator_type": "WINDOW",
                        "operator_cardinality": 14248,
                        "cumulative_rows_scanned": 0,
                        "operator_rows_scanned": 0,
                        "operator_timing": 0.024727234999999997,
                        "children": [
                          {
                            "total_bytes_written": 0,
                            "total_bytes_read": 0,
                            "result_set_size": 1196832,
                            "operator_name": "PROJECTION",
                            "cpu_time": 0.0,
                            "extra_info": {
                              "Projections": [
                                "#0",
                                "#1",
                                "__internal_decompress_string(#2)",
                                "__internal_decompress_string(#3)",
                                "#4",
                                "#5"
                              ],
                              "Estimated Cardinality": "610869"
                            },
                            "cumulative_cardinality": 0,
                            "operator_type": "PROJECTION",
                            "operator_cardinality": 14248,
                            "cumulative_rows_scanned": 0,
                            "operator_rows_scanned": 0,
                            "operator_timing": 0.000647511,
                            "children": [
                              {
                                "total_bytes_written": 0,
                                "total_bytes_read": 0,
                                "result_set_size": 1196832,
                                "operator_name": "HASH_GROUP_BY",
                                "cpu_time": 0.0,
                                "extra_info": {
                                  "Groups": [
                                    "#0",
                                    "#1",
                                    "#2",
                                    "#3",
                                    "#4"
                                  ],
                                  "Aggregates": "sum(#5)",
                                  "Estimated Cardinality": "610869"
                                },
                                "cumulative_cardinality": 0,
                                "operator_type": "HASH_GROUP_BY",
                                "operator_cardinality": 14248,
                                "cumulative_rows_scanned": 0,
                                "operator_rows_scanned": 0,
                                "operator_timing": 0.017235444,
                                "children": [
                                  {
                                    "total_bytes_written": 0,
                                    "total_bytes_read": 0,
                                    "result_set_size": 3017952,
                                    "operator_name": "PROJECTION",
                                    "cpu_time": 0.0,
                                    "extra_info": {
                                      "Projections": [
                                        "i_item_id",
                                        "i_item_desc",
                                        "i_category",
                                        "i_class",
                                        "i_current_price",
                                        "cs_ext_sales_price"
                                      ],
                                      "Estimated Cardinality": "611160"
                                    },
                                    "cumulative_cardinality": 0,
                                    "operator_type": "PROJECTION",
                                    "operator_cardinality": 41916,
                                    "cumulative_rows_scanned": 0,
                                    "operator_rows_scanned": 0,
                                    "operator_timing": 1.7724e-05,
                                    "children": [
                                      {
                                        "total_bytes_written": 0,
                                        "total_bytes_read": 0,
                                        "result_set_size": 3017952,
                                        "operator_name": "PROJECTION",
                                        "cpu_time": 0.0,
                                        "extra_info": {
                                          "Projections": [
                                            "#0",
                                            "__internal_compress_string_uhugeint(#1)",
                                            "#2",
                                            "#3",
                                            "__internal_compress_string_uhugeint(#4)",
                                            "#5"
                                          ],
                                          "Estimated Cardinality": "611160"
                                        },
                                        "cumulative_cardinality": 0,
                                        "operator_type": "PROJECTION",
                                        "operator_cardinality": 41916,
                                        "cumulative_rows_scanned": 0,
                                        "operator_rows_scanned": 0,
                                        "operator_timing": 0.00116211,
                                        "children": [
                                          {
                                            "total_bytes_written": 0,
                                            "total_bytes_read": 0,
                                            "result_set_size": 3017952,
                                            "operator_name": "HASH_JOIN",
                                            "cpu_time": 0.0,
                                            "extra_info": {
                                              "Join Type": "INNER",
                                              "Conditions": "cs_item_sk = i_item_sk",
                                              "Estimated Cardinality": "611160"
                                            },
                                            "cumulative_cardinality": 0,
                                            "operator_type": "HASH_JOIN",
                                            "operator_cardinality": 41916,
                                            "cumulative_rows_scanned": 0,
                                            "operator_rows_scanned": 0,
                                            "operator_timing": 0.004289063999999999,
                                            "children": [
                                              {
                                                "total_bytes_written": 0,
                                                "total_bytes_read": 0,
                                                "result_set_size": 1688424,
                                                "operator_name": "HASH_JOIN",
                                                "cpu_time": 0.0,
                                                "extra_info": {
                                                  "Join Type": "INNER",
                                                  "Conditions": "cs_sold_date_sk = d_date_sk",
                                                  "Estimated Cardinality": "2880094"
                                                },
                                                "cumulative_cardinality": 0,
                                                "operator_type": "HASH_JOIN",
                                                "operator_cardinality": 140702,
                                                "cumulative_rows_scanned": 0,
                                                "operator_rows_scanned": 0,
                                                "operator_timing": 0.0003768159999999999,
                                                "children": [
                                                  {
                                                    "total_bytes_written": 0,
                                                    "total_bytes_read": 0,
                                                    "result_set_size": 1688424,
                                                    "operator_name": "SEQ_SCAN ",
                                                    "cpu_time": 0.0,
                                                    "extra_info": {
                                                      "Table": "catalog_sales",
                                                      "Type": "Sequential Scan",
                                                      "Projections": [
                                                        "cs_item_sk",
                                                        "cs_sold_date_sk",
                                                        "cs_ext_sales_price"
                                                      ],
                                                      "Estimated Cardinality": "14401261"
                                                    },
                                                    "cumulative_cardinality": 0,
                                                    "operator_type": "TABLE_SCAN",
                                                    "operator_cardinality": 140702,
                                                    "cumulative_rows_scanned": 0,
                                                    "operator_rows_scanned": 403235308,
                                                    "operator_timing": 0.011784482999999998,
                                                    "children": []
                                                  },
                                                  {
                                                    "total_bytes_written": 0,
                                                    "total_bytes_read": 0,
                                                    "result_set_size": 124,
                                                    "operator_name": "FILTER",
                                                    "cpu_time": 0.0,
                                                    "extra_info": {
                                                      "Expression": "(d_date_sk BETWEEN 2450815 AND 2452653)",
                                                      "Estimated Cardinality": "14609"
                                                    },
                                                    "cumulative_cardinality": 0,
                                                    "operator_type": "FILTER",
                                                    "operator_cardinality": 31,
                                                    "cumulative_rows_scanned": 0,
                                                    "operator_rows_scanned": 0,
                                                    "operator_timing": 3.1172e-05,
                                                    "children": [
                                                      {
                                                        "total_bytes_written": 0,
                                                        "total_bytes_read": 0,
                                                        "result_set_size": 124,
                                                        "operator_name": "SEQ_SCAN ",
                                                        "cpu_time": 0.0,
                                                        "extra_info": {
                                                          "Table": "date_dim",
                                                          "Type": "Sequential Scan",
                                                          "Projections": "d_date_sk",
                                                          "Filters": "(CAST(d_date AS TIMESTAMP) BETWEEN '2002-01-26 00:00:00'::TIMESTAMP AND '2002-02-25 00:00:00'::TIMESTAMP)",
                                                          "Estimated Cardinality": "14609"
                                                        },
                                                        "cumulative_cardinality": 0,
                                                        "operator_type": "TABLE_SCAN",
                                                        "operator_cardinality": 31,
                                                        "cumulative_rows_scanned": 0,
                                                        "operator_rows_scanned": 73049,
                                                        "operator_timing": 0.001923587,
                                                        "children": []
                                                      }
                                                    ]
                                                  }
                                                ]
                                              },
                                              {
                                                "total_bytes_written": 0,
                                                "total_bytes_read": 0,
                                                "result_set_size": 2193768,
                                                "operator_name": "FILTER",
                                                "cpu_time": 0.0,
                                                "extra_info": {
                                                  "Expression": "((i_category = 'Shoes') OR (i_category = 'Books') OR (i_category = 'Women'))",
                                                  "Estimated Cardinality": "20400"
                                                },
                                                "cumulative_cardinality": 0,
                                                "operator_type": "FILTER",
                                                "operator_cardinality": 30469,
                                                "cumulative_rows_scanned": 0,
                                                "operator_rows_scanned": 0,
                                                "operator_timing": 0.0011621469999999999,
                                                "children": [
                                                  {
                                                    "total_bytes_written": 0,
                                                    "total_bytes_read": 0,
                                                    "result_set_size": 7344000,
                                                    "operator_name": "SEQ_SCAN ",
                                                    "cpu_time": 0.0,
                                                    "extra_info": {
                                                      "Table": "item",
                                                      "Type": "Sequential Scan",
                                                      "Projections": [
                                                        "i_item_sk",
                                                        "i_category",
                                                        "i_item_id",
                                                        "i_item_desc",
                                                        "i_class",
                                                        "i_current_price"
                                                      ],
                                                      "Filters": "optional: i_category IN ('Shoes', 'Books', 'Women')",
                                                      "Estimated Cardinality": "102000"
                                                    },
                                                    "cumulative_cardinality": 0,
                                                    "operator_type": "TABLE_SCAN",
                                                    "operator_cardinality": 102000,
                                                    "cumulative_rows_scanned": 0,
                                                    "operator_rows_scanned": 102000,
                                                    "operator_timing": 0.038272481000000004,
                                                    "children": []
                                                  }
                                                ]
                                              }
                                            ]
                                          }
                                        ]
                                      }
                                    ]
                                  }
                                ]
                              }
                            ]
                          }
                        ]
                      }
                    ]
                  }
                ]
              }
            ]
          }
        ]
      }
    ]
  },
  "actual_rows": 0,
  "provenance": {
    "database": "/mnt/d/TPC-DS/tpcds_sf10.duckdb",
    "scale_factor": 10,
    "engine": "duckdb",
    "engine_version": "1.4.3",
    "cached_at": "2026-02-08T10:20:40.923865"
  }
}