{
  "execution_time_ms": 0.0,
  "plan_text": "\u250c\u2500\u2500\u2500\u2500\u2500\u2500\u2500\u2500\u2500\u2500\u2500\u2500\u2500\u2500\u2500\u2500\u2500\u2510\n\u2502      TOP_N      \u2502\n\u2502    \u2500\u2500\u2500\u2500\u2500\u2500\u2500\u2500\u2500\u2500   \u2502\n\u2502     Top: 100    \u2502\n\u2502                 \u2502\n\u2502    Order By:    \u2502\n\u2502  count(DISTINCT \u2502\n\u2502 ws1.ws_order_num\u2502\n\u2502     ber) ASC    \u2502\n\u2514\u2500\u2500\u2500\u2500\u2500\u2500\u2500\u2500\u252c\u2500\u2500\u2500\u2500\u2500\u2500\u2500\u2500\u2518\n\u250c\u2500\u2500\u2500\u2500\u2500\u2500\u2500\u2500\u2534\u2500\u2500\u2500\u2500\u2500\u2500\u2500\u2500\u2510\n\u2502UNGROUPED_AG...  \u2502\n\u2502    \u2500\u2500\u2500\u2500\u2500\u2500\u2500\u2500\u2500\u2500   \u2502\n\u2502   Aggregates:   \u2502\n\u2502 count(DISTINCT  \u2502\n\u2502       #0)       \u2502\n\u2502     sum(#1)     \u2502\n\u2502     sum(#2)     \u2502\n\u2514\u2500\u2500\u2500\u2500\u2500\u2500\u2500\u2500\u252c\u2500\u2500\u2500\u2500\u2500\u2500\u2500\u2500\u2518\n\u250c\u2500\u2500\u2500\u2500\u2500\u2500\u2500\u2500\u2534\u2500\u2500\u2500\u2500\u2500\u2500\u2500\u2500\u2510\n\u2502    PROJECTION   \u2502\n\u2502    \u2500\u2500\u2500\u2500\u2500\u2500\u2500\u2500\u2500\u2500   \u2502\n\u2502 ws_order_number \u2502\n\u2502 ws_ext_ship_cost\u2502\n\u2502  ws_net_profit  \u2502\n\u2502                 \u2502\n\u2502    ~249 rows    \u2502\n\u2514\u2500\u2500\u2500\u2500\u2500\u2500\u2500\u2500\u252c\u2500\u2500\u2500\u2500\u2500\u2500\u2500\u2500\u2518\n\u250c\u2500\u2500\u2500\u2500\u2500\u2500\u2500\u2500\u2534\u2500\u2500\u2500\u2500\u2500\u2500\u2500\u2500\u2510\n\u2502 RIGHT_DELIM_JOIN\u2502\n\u2502    \u2500\u2500\u2500\u2500\u2500\u2500\u2500\u2500\u2500\u2500   \u2502\n\u2502    Join Type:   \u2502\n\u2502    RIGHT_ANTI   \u2502\n\u2502                 \u2502\n\u2502   Conditions:   \u2502\n\u2502 ws_order_number \u251c\u2500\u2500\u2500\u2500\u2500\u2500\u2500\u2500\u2500\u2500\u2500\u2500\u2500\u2500\u2500\u2500\u2500\u2500\u2500\u2500\u2500\u2500\u2500\u2500\u2500\u2500\u2500\u2500\u2500\u2500\u2500\u2500\u2500\u2500\u2500\u2500\u2500\u2500\u2500\u2500\u2500\u2500\u2500\u2500\u2500\u2500\u2500\u2500\u2500\u2500\u2500\u2500\u2500\u2500\u2500\u2500\u2500\u2500\u2500\u2500\u2500\u2500\u2500\u2500\u2500\u2500\u2500\u2500\u2500\u2500\u2500\u2500\u2500\u2500\u2500\u2500\u2500\u2500\u2500\u2500\u2500\u2500\u2500\u2500\u2500\u2500\u2500\u2500\u2500\u2500\u2500\u2500\u2500\u2500\u2500\u2500\u2500\u2500\u2500\u2500\u2500\u2500\u2500\u2500\u2500\u2500\u2500\u2500\u2500\u2500\u2500\u2500\u2500\u2500\u2500\u2500\u2500\u2500\u2500\u2500\u2500\u2500\u2500\u2500\u2500\u2500\u2500\u2500\u2500\u2500\u2500\u2500\u2500\u2500\u2500\u2500\u2500\u2500\u2500\u2500\u2500\u2500\u252c\u2500\u2500\u2500\u2500\u2500\u2500\u2500\u2500\u2500\u2500\u2500\u2500\u2500\u2500\u2500\u2500\u2500\u2500\u2500\u2500\u2500\u2500\u2500\u2500\u2500\u2500\u2500\u2500\u2500\u2500\u2500\u2500\u2500\u2500\u2500\u2500\u2500\u2500\u2500\u2500\u2500\u2500\u2500\u2500\u2500\u2500\u2500\u2500\u2500\u2500\u2500\u2500\u2500\u2500\u2500\u2500\u2510\n\u2502  IS NOT DISTINCT\u2502                                                                                                                                              \u2502                                                        \u2502\n\u2502 FROM ws_order_nu\u2502                                                                                                                                              \u2502                                                        \u2502\n\u2502       mber      \u2502                                                                                                                                              \u2502                                                        \u2502\n\u2502                 \u2502                                                                                                                                              \u2502                                                        \u2502\n\u2502    ~249 rows    \u2502                                                                                                                                              \u2502                                                        \u2502\n\u2514\u2500\u2500\u2500\u2500\u2500\u2500\u2500\u2500\u252c\u2500\u2500\u2500\u2500\u2500\u2500\u2500\u2500\u2518                                                                                                                                              \u2502                                                        \u2502\n\u250c\u2500\u2500\u2500\u2500\u2500\u2500\u2500\u2500\u2534\u2500\u2500\u2500\u2500\u2500\u2500\u2500\u2500\u2510                                                                                                                                     \u250c\u2500\u2500\u2500\u2500\u2500\u2500\u2500\u2500\u2534\u2500\u2500\u2500\u2500\u2500\u2500\u2500\u2500\u2510                                      \u250c\u2500\u2500\u2500\u2500\u2500\u2500\u2500\u2500\u2534\u2500\u2500\u2500\u2500\u2500\u2500\u2500\u2500\u2510\n\u2502 RIGHT_DELIM_JOIN\u2502                                                                                                                                     \u2502    HASH_JOIN    \u2502                                      \u2502  HASH_GROUP_BY  \u2502\n\u2502    \u2500\u2500\u2500\u2500\u2500\u2500\u2500\u2500\u2500\u2500   \u2502                                                                                                                                     \u2502    \u2500\u2500\u2500\u2500\u2500\u2500\u2500\u2500\u2500\u2500   \u2502                                      \u2502    \u2500\u2500\u2500\u2500\u2500\u2500\u2500\u2500\u2500\u2500   \u2502\n\u2502    Join Type:   \u2502                                                                                                                                     \u2502    Join Type:   \u2502                                      \u2502    Groups: #0   \u2502\n\u2502    RIGHT_SEMI   \u2502                                                                                                                                     \u2502    RIGHT_ANTI   \u2502                                      \u2502                 \u2502\n\u2502                 \u2502                                                                                                                                     \u2502                 \u2502                                      \u2502                 \u2502\n\u2502   Conditions:   \u2502                                                                                                                                     \u2502   Conditions:   \u2502                                      \u2502                 \u2502\n\u2502 ws_warehouse_sk \u2502                                                                                                                                     \u2502 ws_order_number \u2502                                      \u2502                 \u2502\n\u2502  IS NOT DISTINCT\u2502                                                                                                                                     \u2502  IS NOT DISTINCT\u2502                                      \u2502                 \u2502\n\u2502 FROM ws_warehous\u251c\u2500\u2500\u2500\u2500\u2500\u2500\u2500\u2500\u2500\u2500\u2500\u2500\u2500\u2500\u2500\u2500\u2500\u2500\u2500\u2500\u2500\u2500\u2500\u2500\u2500\u2500\u2500\u2500\u2500\u2500\u2500\u2500\u2500\u2500\u2500\u2500\u2500\u2500\u2500\u2500\u2500\u2500\u2500\u2500\u2500\u2500\u2500\u2500\u2500\u2500\u2500\u2500\u2500\u2500\u2500\u2500\u2500\u2500\u2500\u2500\u2500\u2500\u2500\u2500\u2500\u2500\u252c\u2500\u2500\u2500\u2500\u2500\u2500\u2500\u2500\u2500\u2500\u2500\u2500\u2500\u2500\u2500\u2500\u2500\u2500\u2500\u2500\u2500\u2500\u2500\u2500\u2500\u2500\u2500\u2500\u2500\u2500\u2500\u2500\u2500\u2500\u2500\u2500\u2500\u2500\u2500\u2500\u2500\u2500\u2500\u2500\u2500\u2500\u2500\u2500\u2500\u2500\u2500\u2500\u2500\u2500\u2500\u2500\u2510         \u2502 FROM ws_order_nu\u251c\u2500\u2500\u2500\u2500\u2500\u2500\u2500\u2500\u2500\u2500\u2500\u2500\u2500\u2500\u2500\u2500\u2500\u2500\u2500\u2500\u2500\u2500\u2500\u2500\u2500\u2500\u2500\u2500\u2510         \u2502                 \u2502\n\u2502       e_sk      \u2502                                                                  \u2502                                                        \u2502         \u2502       mber      \u2502                            \u2502         \u2502                 \u2502\n\u2502 ws_order_number \u2502                                                                  \u2502                                                        \u2502         \u2502                 \u2502                            \u2502         \u2502                 \u2502\n\u2502  IS NOT DISTINCT\u2502                                                                  \u2502                                                        \u2502         \u2502                 \u2502                            \u2502         \u2502                 \u2502\n\u2502 FROM ws_order_nu\u2502                                                                  \u2502                                                        \u2502         \u2502                 \u2502                            \u2502         \u2502                 \u2502\n\u2502       mber      \u2502                                                                  \u2502                                                        \u2502         \u2502                 \u2502                            \u2502         \u2502                 \u2502\n\u2502                 \u2502                                                                  \u2502                                                        \u2502         \u2502                 \u2502                            \u2502         \u2502                 \u2502\n\u2502   ~1,249 rows   \u2502                                                                  \u2502                                                        \u2502         \u2502    ~249 rows    \u2502                            \u2502         \u2502   ~1,244 rows   \u2502\n\u2514\u2500\u2500\u2500\u2500\u2500\u2500\u2500\u2500\u252c\u2500\u2500\u2500\u2500\u2500\u2500\u2500\u2500\u2518                                                                  \u2502                                                        \u2502         \u2514\u2500\u2500\u2500\u2500\u2500\u2500\u2500\u2500\u252c\u2500\u2500\u2500\u2500\u2500\u2500\u2500\u2500\u2518                            \u2502         \u2514\u2500\u2500\u2500\u2500\u2500\u2500\u2500\u2500\u2500\u2500\u2500\u2500\u2500\u2500\u2500\u2500\u2500\u2518\n\u250c\u2500\u2500\u2500\u2500\u2500\u2500\u2500\u2500\u2534\u2500\u2500\u2500\u2500\u2500\u2500\u2500\u2500\u2510                                                         \u250c\u2500\u2500\u2500\u2500\u2500\u2500\u2500\u2500\u2534\u2500\u2500\u2500\u2500\u2500\u2500\u2500\u2500\u2510                                      \u250c\u2500\u2500\u2500\u2500\u2500\u2500\u2500\u2500\u2534\u2500\u2500\u2500\u2500\u2500\u2500\u2500\u2500\u2510\u250c\u2500\u2500\u2500\u2500\u2500\u2500\u2500\u2500\u2534\u2500\u2500\u2500\u2500\u2500\u2500\u2500\u2500\u2510                   \u250c\u2500\u2500\u2500\u2500\u2500\u2500\u2500\u2500\u2534\u2500\u2500\u2500\u2500\u2500\u2500\u2500\u2500\u2510\n\u2502    HASH_JOIN    \u2502                                                         \u2502    HASH_JOIN    \u2502                                      \u2502  HASH_GROUP_BY  \u2502\u2502    PROJECTION   \u2502                   \u2502    DUMMY_SCAN   \u2502\n\u2502    \u2500\u2500\u2500\u2500\u2500\u2500\u2500\u2500\u2500\u2500   \u2502                                                         \u2502    \u2500\u2500\u2500\u2500\u2500\u2500\u2500\u2500\u2500\u2500   \u2502                                      \u2502    \u2500\u2500\u2500\u2500\u2500\u2500\u2500\u2500\u2500\u2500   \u2502\u2502    \u2500\u2500\u2500\u2500\u2500\u2500\u2500\u2500\u2500\u2500   \u2502                   \u2502                 \u2502\n\u2502    Join Type:   \u2502                                                         \u2502    Join Type:   \u2502                                      \u2502     Groups:     \u2502\u2502 ws_order_number \u2502                   \u2502                 \u2502\n\u2502      INNER      \u2502                                                         \u2502    RIGHT_SEMI   \u2502                                      \u2502        #1       \u2502\u2502                 \u2502                   \u2502                 \u2502\n\u2502                 \u2502                                                         \u2502                 \u2502                                      \u2502        #0       \u2502\u2502                 \u2502                   \u2502                 \u2502\n\u2502   Conditions:   \u2502                                                         \u2502   Conditions:   \u2502                                      \u2502                 \u2502\u2502                 \u2502                   \u2502                 \u2502\n\u2502 ws_web_site_sk =\u2502                                                         \u2502 ws_warehouse_sk \u2502                                      \u2502                 \u2502\u2502                 \u2502                   \u2502                 \u2502\n\u2502    web_site_sk  \u2502                                                         \u2502  IS NOT DISTINCT\u2502                                      \u2502                 \u2502\u2502                 \u2502                   \u2502                 \u2502\n\u2502                 \u251c\u2500\u2500\u2500\u2500\u2500\u2500\u2500\u2500\u2500\u2500\u2500\u2500\u2500\u2500\u2500\u2500\u2500\u2500\u2500\u2500\u2500\u2500\u2500\u2500\u2500\u2500\u2500\u2500\u2500\u2500\u2500\u2500\u2500\u2500\u2500\u2500\u2500\u2500\u2500\u2500\u2500\u2500\u2500\u2500\u2500\u2500\u2500\u2510         \u2502 FROM ws_warehous\u251c\u2500\u2500\u2500\u2500\u2500\u2500\u2500\u2500\u2500\u2500\u2500\u2500\u2500\u2500\u2500\u2500\u2500\u2500\u2500\u2500\u2500\u2500\u2500\u2500\u2500\u2500\u2500\u2500\u2510         \u2502                 \u2502\u2502                 \u2502                   \u2502                 \u2502\n\u2502                 \u2502                                               \u2502         \u2502       e_sk      \u2502                            \u2502         \u2502                 \u2502\u2502                 \u2502                   \u2502                 \u2502\n\u2502                 \u2502                                               \u2502         \u2502 ws_order_number \u2502                            \u2502         \u2502                 \u2502\u2502                 \u2502                   \u2502                 \u2502\n\u2502                 \u2502                                               \u2502         \u2502  IS NOT DISTINCT\u2502                            \u2502         \u2502                 \u2502\u2502                 \u2502                   \u2502                 \u2502\n\u2502                 \u2502                                               \u2502         \u2502 FROM ws_order_nu\u2502                            \u2502         \u2502                 \u2502\u2502                 \u2502                   \u2502                 \u2502\n\u2502                 \u2502                                               \u2502         \u2502       mber      \u2502                            \u2502         \u2502                 \u2502\u2502                 \u2502                   \u2502                 \u2502\n\u2502                 \u2502                                               \u2502         \u2502                 \u2502                            \u2502         \u2502                 \u2502\u2502                 \u2502                   \u2502                 \u2502\n\u2502   ~6,245 rows   \u2502                                               \u2502         \u2502   ~1,249 rows   \u2502                            \u2502         \u2502   ~6,234 rows   \u2502\u2502   ~4,375 rows   \u2502                   \u2502                 \u2502\n\u2514\u2500\u2500\u2500\u2500\u2500\u2500\u2500\u2500\u252c\u2500\u2500\u2500\u2500\u2500\u2500\u2500\u2500\u2518                                               \u2502         \u2514\u2500\u2500\u2500\u2500\u2500\u2500\u2500\u2500\u252c\u2500\u2500\u2500\u2500\u2500\u2500\u2500\u2500\u2518                            \u2502         \u2514\u2500\u2500\u2500\u2500\u2500\u2500\u2500\u2500\u2500\u2500\u2500\u2500\u2500\u2500\u2500\u2500\u2500\u2518\u2514\u2500\u2500\u2500\u2500\u2500\u2500\u2500\u2500\u252c\u2500\u2500\u2500\u2500\u2500\u2500\u2500\u2500\u2518                   \u2514\u2500\u2500\u2500\u2500\u2500\u2500\u2500\u2500\u2500\u2500\u2500\u2500\u2500\u2500\u2500\u2500\u2500\u2518\n\u250c\u2500\u2500\u2500\u2500\u2500\u2500\u2500\u2500\u2534\u2500\u2500\u2500\u2500\u2500\u2500\u2500\u2500\u2510                                      \u250c\u2500\u2500\u2500\u2500\u2500\u2500\u2500\u2500\u2534\u2500\u2500\u2500\u2500\u2500\u2500\u2500\u2500\u2510\u250c\u2500\u2500\u2500\u2500\u2500\u2500\u2500\u2500\u2534\u2500\u2500\u2500\u2500\u2500\u2500\u2500\u2500\u2510                   \u250c\u2500\u2500\u2500\u2500\u2500\u2500\u2500\u2500\u2534\u2500\u2500\u2500\u2500\u2500\u2500\u2500\u2500\u2510                   \u250c\u2500\u2500\u2500\u2500\u2500\u2500\u2500\u2500\u2534\u2500\u2500\u2500\u2500\u2500\u2500\u2500\u2500\u2510\n\u2502    HASH_JOIN    \u2502                                      \u2502    SEQ_SCAN     \u2502\u2502    PROJECTION   \u2502                   \u2502    DUMMY_SCAN   \u2502                   \u2502    HASH_JOIN    \u2502\n\u2502    \u2500\u2500\u2500\u2500\u2500\u2500\u2500\u2500\u2500\u2500   \u2502                                      \u2502    \u2500\u2500\u2500\u2500\u2500\u2500\u2500\u2500\u2500\u2500   \u2502\u2502    \u2500\u2500\u2500\u2500\u2500\u2500\u2500\u2500\u2500\u2500   \u2502                   \u2502                 \u2502                   \u2502    \u2500\u2500\u2500\u2500\u2500\u2500\u2500\u2500\u2500\u2500   \u2502\n\u2502    Join Type:   \u2502                                      \u2502      Table:     \u2502\u2502 ws_warehouse_sk \u2502                   \u2502                 \u2502                   \u2502    Join Type:   \u2502\n\u2502      INNER      \u2502                                      \u2502     web_site    \u2502\u2502 ws_order_number \u2502                   \u2502                 \u2502                   \u2502      INNER      \u2502\n\u2502                 \u2502                                      \u2502                 \u2502\u2502                 \u2502                   \u2502                 \u2502                   \u2502                 \u2502\n\u2502   Conditions:   \u2502                                      \u2502      Type:      \u2502\u2502                 \u2502                   \u2502                 \u2502                   \u2502   Conditions:   \u2502\n\u2502 ws_ship_date_sk \u2502                                      \u2502 Sequential Scan \u2502\u2502                 \u2502                   \u2502                 \u2502                   \u2502 wr_order_number \u2502\n\u2502   = d_date_sk   \u2502                                      \u2502                 \u2502\u2502                 \u2502                   \u2502                 \u2502                   \u2502= ws_order_number\u2502\n\u2502                 \u251c\u2500\u2500\u2500\u2500\u2500\u2500\u2500\u2500\u2500\u2500\u2500\u2500\u2500\u2500\u2500\u2500\u2500\u2500\u2500\u2500\u2500\u2500\u2500\u2500\u2500\u2500\u2500\u2500\u2510         \u2502   Projections:  \u2502\u2502                 \u2502                   \u2502                 \u2502                   \u2502                 \u251c\u2500\u2500\u2500\u2500\u2500\u2500\u2500\u2500\u2500\u2510\n\u2502                 \u2502                            \u2502         \u2502   web_site_sk   \u2502\u2502                 \u2502                   \u2502                 \u2502                   \u2502                 \u2502         \u2502\n\u2502                 \u2502                            \u2502         \u2502                 \u2502\u2502                 \u2502                   \u2502                 \u2502                   \u2502                 \u2502         \u2502\n\u2502                 \u2502                            \u2502         \u2502     Filters:    \u2502\u2502                 \u2502                   \u2502                 \u2502                   \u2502                 \u2502         \u2502\n\u2502                 \u2502                            \u2502         \u2502 web_company_name\u2502\u2502                 \u2502                   \u2502                 \u2502                   \u2502                 \u2502         \u2502\n\u2502                 \u2502                            \u2502         \u2502      ='pri'     \u2502\u2502                 \u2502                   \u2502                 \u2502                   \u2502                 \u2502         \u2502\n\u2502                 \u2502                            \u2502         \u2502                 \u2502\u2502                 \u2502                   \u2502                 \u2502                   \u2502                 \u2502         \u2502\n\u2502   ~29,838 rows  \u2502                            \u2502         \u2502     ~9 rows     \u2502\u2502  ~123,234 rows  \u2502                   \u2502                 \u2502                   \u2502   ~4,375 rows   \u2502         \u2502\n\u2514\u2500\u2500\u2500\u2500\u2500\u2500\u2500\u2500\u252c\u2500\u2500\u2500\u2500\u2500\u2500\u2500\u2500\u2518                            \u2502         \u2514\u2500\u2500\u2500\u2500\u2500\u2500\u2500\u2500\u2500\u2500\u2500\u2500\u2500\u2500\u2500\u2500\u2500\u2518\u2514\u2500\u2500\u2500\u2500\u2500\u2500\u2500\u2500\u252c\u2500\u2500\u2500\u2500\u2500\u2500\u2500\u2500\u2518                   \u2514\u2500\u2500\u2500\u2500\u2500\u2500\u2500\u2500\u2500\u2500\u2500\u2500\u2500\u2500\u2500\u2500\u2500\u2518                   \u2514\u2500\u2500\u2500\u2500\u2500\u2500\u2500\u2500\u252c\u2500\u2500\u2500\u2500\u2500\u2500\u2500\u2500\u2518         \u2502\n\u250c\u2500\u2500\u2500\u2500\u2500\u2500\u2500\u2500\u2534\u2500\u2500\u2500\u2500\u2500\u2500\u2500\u2500\u2510                   \u250c\u2500\u2500\u2500\u2500\u2500\u2500\u2500\u2500\u2534\u2500\u2500\u2500\u2500\u2500\u2500\u2500\u2500\u2510                   \u250c\u2500\u2500\u2500\u2500\u2500\u2500\u2500\u2500\u2534\u2500\u2500\u2500\u2500\u2500\u2500\u2500\u2500\u2510                                                         \u250c\u2500\u2500\u2500\u2500\u2500\u2500\u2500\u2500\u2534\u2500\u2500\u2500\u2500\u2500\u2500\u2500\u2500\u2510\u250c\u2500\u2500\u2500\u2500\u2500\u2500\u2500\u2500\u2534\u2500\u2500\u2500\u2500\u2500\u2500\u2500\u2500\u2510\n\u2502    HASH_JOIN    \u2502                   \u2502      FILTER     \u2502                   \u2502    HASH_JOIN    \u2502                                                         \u2502    SEQ_SCAN     \u2502\u2502    DELIM_SCAN   \u2502\n\u2502    \u2500\u2500\u2500\u2500\u2500\u2500\u2500\u2500\u2500\u2500   \u2502                   \u2502    \u2500\u2500\u2500\u2500\u2500\u2500\u2500\u2500\u2500\u2500   \u2502                   \u2502    \u2500\u2500\u2500\u2500\u2500\u2500\u2500\u2500\u2500\u2500   \u2502                                                         \u2502    \u2500\u2500\u2500\u2500\u2500\u2500\u2500\u2500\u2500\u2500   \u2502\u2502    \u2500\u2500\u2500\u2500\u2500\u2500\u2500\u2500\u2500\u2500   \u2502\n\u2502    Join Type:   \u2502                   \u2502    (d_date_sk   \u2502                   \u2502    Join Type:   \u2502                                                         \u2502      Table:     \u2502\u2502   Delim Index:  \u2502\n\u2502      INNER      \u2502                   \u2502  BETWEEN 2450817\u2502                   \u2502      INNER      \u2502                                                         \u2502   web_returns   \u2502\u2502        2        \u2502\n\u2502                 \u2502                   \u2502   AND 2452762)  \u2502                   \u2502                 \u2502                                                         \u2502                 \u2502\u2502                 \u2502\n\u2502   Conditions:   \u2502                   \u2502                 \u2502                   \u2502   Conditions:   \u2502                                                         \u2502      Type:      \u2502\u2502                 \u2502\n\u2502 ws_ship_addr_sk \u251c\u2500\u2500\u2500\u2500\u2500\u2500\u2500\u2500\u2500\u2510         \u2502                 \u2502                   \u2502 ws_order_number \u251c\u2500\u2500\u2500\u2500\u2500\u2500\u2500\u2500\u2500\u2510                                               \u2502 Sequential Scan \u2502\u2502                 \u2502\n\u2502 = ca_address_sk \u2502         \u2502         \u2502                 \u2502                   \u2502= ws_order_number\u2502         \u2502                                               \u2502                 \u2502\u2502                 \u2502\n\u2502                 \u2502         \u2502         \u2502                 \u2502                   \u2502 ws_warehouse_sk \u2502         \u2502                                               \u2502   Projections:  \u2502\u2502                 \u2502\n\u2502                 \u2502         \u2502         \u2502                 \u2502                   \u2502!= ws_warehouse_s\u2502         \u2502                                               \u2502 wr_order_number \u2502\u2502                 \u2502\n\u2502                 \u2502         \u2502         \u2502                 \u2502                   \u2502        k        \u2502         \u2502                                               \u2502                 \u2502\u2502                 \u2502\n\u2502                 \u2502         \u2502         \u2502                 \u2502                   \u2502                 \u2502         \u2502                                               \u2502                 \u2502\u2502                 \u2502\n\u2502  ~149,200 rows  \u2502         \u2502         \u2502   ~14,609 rows  \u2502                   \u2502  ~123,234 rows  \u2502         \u2502                                               \u2502  ~719,222 rows  \u2502\u2502   ~1,244 rows   \u2502\n\u2514\u2500\u2500\u2500\u2500\u2500\u2500\u2500\u2500\u252c\u2500\u2500\u2500\u2500\u2500\u2500\u2500\u2500\u2518         \u2502         \u2514\u2500\u2500\u2500\u2500\u2500\u2500\u2500\u2500\u252c\u2500\u2500\u2500\u2500\u2500\u2500\u2500\u2500\u2518                   \u2514\u2500\u2500\u2500\u2500\u2500\u2500\u2500\u2500\u252c\u2500\u2500\u2500\u2500\u2500\u2500\u2500\u2500\u2518         \u2502                                               \u2514\u2500\u2500\u2500\u2500\u2500\u2500\u2500\u2500\u2500\u2500\u2500\u2500\u2500\u2500\u2500\u2500\u2500\u2518\u2514\u2500\u2500\u2500\u2500\u2500\u2500\u2500\u2500\u2500\u2500\u2500\u2500\u2500\u2500\u2500\u2500\u2500\u2518\n\u250c\u2500\u2500\u2500\u2500\u2500\u2500\u2500\u2500\u2534\u2500\u2500\u2500\u2500\u2500\u2500\u2500\u2500\u2510\u250c\u2500\u2500\u2500\u2500\u2500\u2500\u2500\u2500\u2534\u2500\u2500\u2500\u2500\u2500\u2500\u2500\u2500\u2510\u250c\u2500\u2500\u2500\u2500\u2500\u2500\u2500\u2500\u2534\u2500\u2500\u2500\u2500\u2500\u2500\u2500\u2500\u2510                   \u250c\u2500\u2500\u2500\u2500\u2500\u2500\u2500\u2500\u2534\u2500\u2500\u2500\u2500\u2500\u2500\u2500\u2500\u2510\u250c\u2500\u2500\u2500\u2500\u2500\u2500\u2500\u2500\u2534\u2500\u2500\u2500\u2500\u2500\u2500\u2500\u2500\u2510\n\u2502    SEQ_SCAN     \u2502\u2502    SEQ_SCAN     \u2502\u2502    SEQ_SCAN     \u2502                   \u2502    SEQ_SCAN     \u2502\u2502    DELIM_SCAN   \u2502\n\u2502    \u2500\u2500\u2500\u2500\u2500\u2500\u2500\u2500\u2500\u2500   \u2502\u2502    \u2500\u2500\u2500\u2500\u2500\u2500\u2500\u2500\u2500\u2500   \u2502\u2502    \u2500\u2500\u2500\u2500\u2500\u2500\u2500\u2500\u2500\u2500   \u2502                   \u2502    \u2500\u2500\u2500\u2500\u2500\u2500\u2500\u2500\u2500\u2500   \u2502\u2502    \u2500\u2500\u2500\u2500\u2500\u2500\u2500\u2500\u2500\u2500   \u2502\n\u2502      Table:     \u2502\u2502      Table:     \u2502\u2502      Table:     \u2502                   \u2502      Table:     \u2502\u2502   Delim Index:  \u2502\n\u2502    web_sales    \u2502\u2502 customer_address\u2502\u2502     date_dim    \u2502                   \u2502    web_sales    \u2502\u2502        1        \u2502\n\u2502                 \u2502\u2502                 \u2502\u2502                 \u2502                   \u2502                 \u2502\u2502                 \u2502\n\u2502      Type:      \u2502\u2502      Type:      \u2502\u2502      Type:      \u2502                   \u2502      Type:      \u2502\u2502                 \u2502\n\u2502 Sequential Scan \u2502\u2502 Sequential Scan \u2502\u2502 Sequential Scan \u2502                   \u2502 Sequential Scan \u2502\u2502                 \u2502\n\u2502                 \u2502\u2502                 \u2502\u2502                 \u2502                   \u2502                 \u2502\u2502                 \u2502\n\u2502   Projections:  \u2502\u2502   Projections:  \u2502\u2502   Projections:  \u2502                   \u2502   Projections:  \u2502\u2502                 \u2502\n\u2502 ws_ship_date_sk \u2502\u2502  ca_address_sk  \u2502\u2502    d_date_sk    \u2502                   \u2502 ws_order_number \u2502\u2502                 \u2502\n\u2502 ws_ship_addr_sk \u2502\u2502                 \u2502\u2502                 \u2502                   \u2502 ws_warehouse_sk \u2502\u2502                 \u2502\n\u2502  ws_web_site_sk \u2502\u2502     Filters:    \u2502\u2502     Filters:    \u2502                   \u2502                 \u2502\u2502                 \u2502\n\u2502 ws_order_number \u2502\u2502  ca_state='OK'  \u2502\u2502 (CAST(d_date AS \u2502                   \u2502                 \u2502\u2502                 \u2502\n\u2502 ws_warehouse_sk \u2502\u2502                 \u2502\u2502    TIMESTAMP)   \u2502                   \u2502                 \u2502\u2502                 \u2502\n\u2502 ws_ext_ship_cost\u2502\u2502                 \u2502\u2502   BETWEEN '2000 \u2502                   \u2502                 \u2502\u2502                 \u2502\n\u2502  ws_net_profit  \u2502\u2502                 \u2502\u2502 -02-01 00:00:00'\u2502                   \u2502                 \u2502\u2502                 \u2502\n\u2502                 \u2502\u2502                 \u2502\u2502 ::TIMESTAMP AND \u2502                   \u2502                 \u2502\u2502                 \u2502\n\u2502                 \u2502\u2502                 \u2502\u2502  '2000-04-01 00 \u2502                   \u2502                 \u2502\u2502                 \u2502\n\u2502                 \u2502\u2502                 \u2502\u2502     :00:00':    \u2502                   \u2502                 \u2502\u2502                 \u2502\n\u2502                 \u2502\u2502                 \u2502\u2502   :TIMESTAMP)   \u2502                   \u2502                 \u2502\u2502                 \u2502\n\u2502                 \u2502\u2502                 \u2502\u2502                 \u2502                   \u2502                 \u2502\u2502                 \u2502\n\u2502 ~7,197,566 rows \u2502\u2502   ~4,546 rows   \u2502\u2502   ~14,609 rows  \u2502                   \u2502 ~7,197,566 rows \u2502\u2502   ~6,234 rows   \u2502\n\u2514\u2500\u2500\u2500\u2500\u2500\u2500\u2500\u2500\u2500\u2500\u2500\u2500\u2500\u2500\u2500\u2500\u2500\u2518\u2514\u2500\u2500\u2500\u2500\u2500\u2500\u2500\u2500\u2500\u2500\u2500\u2500\u2500\u2500\u2500\u2500\u2500\u2518\u2514\u2500\u2500\u2500\u2500\u2500\u2500\u2500\u2500\u2500\u2500\u2500\u2500\u2500\u2500\u2500\u2500\u2500\u2518                   \u2514\u2500\u2500\u2500\u2500\u2500\u2500\u2500\u2500\u2500\u2500\u2500\u2500\u2500\u2500\u2500\u2500\u2500\u2518\u2514\u2500\u2500\u2500\u2500\u2500\u2500\u2500\u2500\u2500\u2500\u2500\u2500\u2500\u2500\u2500\u2500\u2500\u2518\n",
  "plan_json": {
    "total_bytes_written": 0,
    "total_bytes_read": 0,
    "rows_returned": 0,
    "latency": 0.0,
    "result_set_size": 0,
    "query_name": "",
    "blocked_thread_time": 0.0,
    "system_peak_buffer_memory": 0,
    "system_peak_temp_dir_size": 0,
    "cpu_time": 0.0,
    "extra_info": {},
    "cumulative_cardinality": 0,
    "cumulative_rows_scanned": 0,
    "children": [
      {
        "total_bytes_written": 0,
        "total_bytes_read": 0,
        "result_set_size": 0,
        "operator_name": "EXPLAIN_ANALYZE",
        "cpu_time": 0.0,
        "extra_info": {},
        "cumulative_cardinality": 0,
        "operator_type": "EXPLAIN_ANALYZE",
        "operator_cardinality": 0,
        "cumulative_rows_scanned": 0,
        "operator_rows_scanned": 0,
        "operator_timing": 3.02e-07,
        "children": [
          {
            "total_bytes_written": 0,
            "total_bytes_read": 0,
            "result_set_size": 40,
            "operator_name": "TOP_N",
            "cpu_time": 0.0,
            "extra_info": {
              "Top": "100",
              "Order By": "count(DISTINCT ws1.ws_order_number) ASC"
            },
            "cumulative_cardinality": 0,
            "operator_type": "TOP_N",
            "operator_cardinality": 1,
            "cumulative_rows_scanned": 0,
            "operator_rows_scanned": 0,
            "operator_timing": 7.459e-06,
            "children": [
              {
                "total_bytes_written": 0,
                "total_bytes_read": 0,
                "result_set_size": 40,
                "operator_name": "UNGROUPED_AGGREGATE",
                "cpu_time": 0.0,
                "extra_info": {
                  "Aggregates": [
                    "count(DISTINCT #0)",
                    "sum(#1)",
                    "sum(#2)"
                  ]
                },
                "cumulative_cardinality": 0,
                "operator_type": "UNGROUPED_AGGREGATE",
                "operator_cardinality": 1,
                "cumulative_rows_scanned": 0,
                "operator_rows_scanned": 0,
                "operator_timing": 6.9589e-05,
                "children": [
                  {
                    "total_bytes_written": 0,
                    "total_bytes_read": 0,
                    "result_set_size": 3096,
                    "operator_name": "PROJECTION",
                    "cpu_time": 0.0,
                    "extra_info": {
                      "Projections": [
                        "ws_order_number",
                        "ws_ext_ship_cost",
                        "ws_net_profit"
                      ],
                      "Estimated Cardinality": "249"
                    },
                    "cumulative_cardinality": 0,
                    "operator_type": "PROJECTION",
                    "operator_cardinality": 258,
                    "cumulative_rows_scanned": 0,
                    "operator_rows_scanned": 0,
                    "operator_timing": 1.7340000000000003e-06,
                    "children": [
                      {
                        "total_bytes_written": 0,
                        "total_bytes_read": 0,
                        "result_set_size": 0,
                        "operator_name": "RIGHT_DELIM_JOIN",
                        "cpu_time": 0.0,
                        "extra_info": {
                          "Join Type": "RIGHT_ANTI",
                          "Conditions": "ws_order_number IS NOT DISTINCT FROM ws_order_number",
                          "Estimated Cardinality": "249",
                          "Delim Index": "2"
                        },
                        "cumulative_cardinality": 0,
                        "operator_type": "RIGHT_DELIM_JOIN",
                        "operator_cardinality": 0,
                        "cumulative_rows_scanned": 0,
                        "operator_rows_scanned": 0,
                        "operator_timing": 0.00023439500000000004,
                        "children": [
                          {
                            "total_bytes_written": 0,
                            "total_bytes_read": 0,
                            "result_set_size": 0,
                            "operator_name": "RIGHT_DELIM_JOIN",
                            "cpu_time": 0.0,
                            "extra_info": {
                              "Join Type": "RIGHT_SEMI",
                              "Conditions": [
                                "ws_warehouse_sk IS NOT DISTINCT FROM ws_warehouse_sk",
                                "ws_order_number IS NOT DISTINCT FROM ws_order_number"
                              ],
                              "Estimated Cardinality": "1249",
                              "Delim Index": "1"
                            },
                            "cumulative_cardinality": 0,
                            "operator_type": "RIGHT_DELIM_JOIN",
                            "operator_cardinality": 0,
                            "cumulative_rows_scanned": 0,
                            "operator_rows_scanned": 0,
                            "operator_timing": 0.006034510000000001,
                            "children": [
                              {
                                "total_bytes_written": 0,
                                "total_bytes_read": 0,
                                "result_set_size": 19100,
                                "operator_name": "HASH_JOIN",
                                "cpu_time": 0.0,
                                "extra_info": {
                                  "Join Type": "INNER",
                                  "Conditions": "ws_web_site_sk = web_site_sk",
                                  "Estimated Cardinality": "6245"
                                },
                                "cumulative_cardinality": 0,
                                "operator_type": "HASH_JOIN",
                                "operator_cardinality": 955,
                                "cumulative_rows_scanned": 0,
                                "operator_rows_scanned": 0,
                                "operator_timing": 0.000566788,
                                "children": [
                                  {
                                    "total_bytes_written": 0,
                                    "total_bytes_read": 0,
                                    "result_set_size": 88800,
                                    "operator_name": "HASH_JOIN",
                                    "cpu_time": 0.0,
                                    "extra_info": {
                                      "Join Type": "INNER",
                                      "Conditions": "ws_ship_date_sk = d_date_sk",
                                      "Estimated Cardinality": "29838"
                                    },
                                    "cumulative_cardinality": 0,
                                    "operator_type": "HASH_JOIN",
                                    "operator_cardinality": 3700,
                                    "cumulative_rows_scanned": 0,
                                    "operator_rows_scanned": 0,
                                    "operator_timing": 0.00024966600000000006,
                                    "children": [
                                      {
                                        "total_bytes_written": 0,
                                        "total_bytes_read": 0,
                                        "result_set_size": 103600,
                                        "operator_name": "HASH_JOIN",
                                        "cpu_time": 0.0,
                                        "extra_info": {
                                          "Join Type": "INNER",
                                          "Conditions": "ws_ship_addr_sk = ca_address_sk",
                                          "Estimated Cardinality": "149200"
                                        },
                                        "cumulative_cardinality": 0,
                                        "operator_type": "HASH_JOIN",
                                        "operator_cardinality": 3700,
                                        "cumulative_rows_scanned": 0,
                                        "operator_rows_scanned": 0,
                                        "operator_timing": 0.010975530000000002,
                                        "children": [
                                          {
                                            "total_bytes_written": 0,
                                            "total_bytes_read": 0,
                                            "result_set_size": 4415908,
                                            "operator_name": "SEQ_SCAN ",
                                            "cpu_time": 0.0,
                                            "extra_info": {
                                              "Table": "web_sales",
                                              "Type": "Sequential Scan",
                                              "Projections": [
                                                "ws_ship_date_sk",
                                                "ws_ship_addr_sk",
                                                "ws_web_site_sk",
                                                "ws_order_number",
                                                "ws_warehouse_sk",
                                                "ws_ext_ship_cost",
                                                "ws_net_profit"
                                              ],
                                              "Estimated Cardinality": "7197566"
                                            },
                                            "cumulative_cardinality": 0,
                                            "operator_type": "TABLE_SCAN",
                                            "operator_cardinality": 157711,
                                            "cumulative_rows_scanned": 0,
                                            "operator_rows_scanned": 201531848,
                                            "operator_timing": 4.277745338,
                                            "children": []
                                          },
                                          {
                                            "total_bytes_written": 0,
                                            "total_bytes_read": 0,
                                            "result_set_size": 24112,
                                            "operator_name": "SEQ_SCAN ",
                                            "cpu_time": 0.0,
                                            "extra_info": {
                                              "Table": "customer_address",
                                              "Type": "Sequential Scan",
                                              "Projections": "ca_address_sk",
                                              "Filters": "ca_state='OK'",
                                              "Estimated Cardinality": "4546"
                                            },
                                            "cumulative_cardinality": 0,
                                            "operator_type": "TABLE_SCAN",
                                            "operator_cardinality": 6028,
                                            "cumulative_rows_scanned": 0,
                                            "operator_rows_scanned": 750000,
                                            "operator_timing": 0.021597532999999995,
                                            "children": []
                                          }
                                        ]
                                      },
                                      {
                                        "total_bytes_written": 0,
                                        "total_bytes_read": 0,
                                        "result_set_size": 244,
                                        "operator_name": "FILTER",
                                        "cpu_time": 0.0,
                                        "extra_info": {
                                          "Expression": "(d_date_sk BETWEEN 2450817 AND 2452762)",
                                          "Estimated Cardinality": "14609"
                                        },
                                        "cumulative_cardinality": 0,
                                        "operator_type": "FILTER",
                                        "operator_cardinality": 61,
                                        "cumulative_rows_scanned": 0,
                                        "operator_rows_scanned": 0,
                                        "operator_timing": 3.1797e-05,
                                        "children": [
                                          {
                                            "total_bytes_written": 0,
                                            "total_bytes_read": 0,
                                            "result_set_size": 244,
                                            "operator_name": "SEQ_SCAN ",
                                            "cpu_time": 0.0,
                                            "extra_info": {
                                              "Table": "date_dim",
                                              "Type": "Sequential Scan",
                                              "Projections": "d_date_sk",
                                              "Filters": "(CAST(d_date AS TIMESTAMP) BETWEEN '2000-02-01 00:00:00'::TIMESTAMP AND '2000-04-01 00:00:00'::TIMESTAMP)",
                                              "Estimated Cardinality": "14609"
                                            },
                                            "cumulative_cardinality": 0,
                                            "operator_type": "TABLE_SCAN",
                                            "operator_cardinality": 61,
                                            "cumulative_rows_scanned": 0,
                                            "operator_rows_scanned": 73049,
                                            "operator_timing": 0.005093972,
                                            "children": []
                                          }
                                        ]
                                      }
                                    ]
                                  },
                                  {
                                    "total_bytes_written": 0,
                                    "total_bytes_read": 0,
                                    "result_set_size": 28,
                                    "operator_name": "SEQ_SCAN ",
                                    "cpu_time": 0.0,
                                    "extra_info": {
                                      "Table": "web_site",
                                      "Type": "Sequential Scan",
                                      "Projections": "web_site_sk",
                                      "Filters": "web_company_name='pri'",
                                      "Estimated Cardinality": "9"
                                    },
                                    "cumulative_cardinality": 0,
                                    "operator_type": "TABLE_SCAN",
                                    "operator_cardinality": 7,
                                    "cumulative_rows_scanned": 0,
                                    "operator_rows_scanned": 42,
                                    "operator_timing": 0.004652572000000001,
                                    "children": []
                                  }
                                ]
                              },
                              {
                                "total_bytes_written": 0,
                                "total_bytes_read": 0,
                                "result_set_size": 11460,
                                "operator_name": "HASH_JOIN",
                                "cpu_time": 0.0,
                                "extra_info": {
                                  "Join Type": "RIGHT_SEMI",
                                  "Conditions": [
                                    "ws_warehouse_sk IS NOT DISTINCT FROM ws_warehouse_sk",
                                    "ws_order_number IS NOT DISTINCT FROM ws_order_number"
                                  ],
                                  "Estimated Cardinality": "1249"
                                },
                                "cumulative_cardinality": 0,
                                "operator_type": "HASH_JOIN",
                                "operator_cardinality": 955,
                                "cumulative_rows_scanned": 0,
                                "operator_rows_scanned": 0,
                                "operator_timing": 0.0012449450000000003,
                                "children": [
                                  {
                                    "total_bytes_written": 0,
                                    "total_bytes_read": 0,
                                    "result_set_size": 76440,
                                    "operator_name": "PROJECTION",
                                    "cpu_time": 0.0,
                                    "extra_info": {
                                      "Projections": [
                                        "ws_warehouse_sk",
                                        "ws_order_number"
                                      ],
                                      "Estimated Cardinality": "123234"
                                    },
                                    "cumulative_cardinality": 0,
                                    "operator_type": "PROJECTION",
                                    "operator_cardinality": 9555,
                                    "cumulative_rows_scanned": 0,
                                    "operator_rows_scanned": 0,
                                    "operator_timing": 6.1719999999999995e-06,
                                    "children": [
                                      {
                                        "total_bytes_written": 0,
                                        "total_bytes_read": 0,
                                        "result_set_size": 76440,
                                        "operator_name": "HASH_JOIN",
                                        "cpu_time": 0.0,
                                        "extra_info": {
                                          "Join Type": "INNER",
                                          "Conditions": [
                                            "ws_order_number = ws_order_number",
                                            "ws_warehouse_sk != ws_warehouse_sk"
                                          ],
                                          "Estimated Cardinality": "123234"
                                        },
                                        "cumulative_cardinality": 0,
                                        "operator_type": "HASH_JOIN",
                                        "operator_cardinality": 9555,
                                        "cumulative_rows_scanned": 0,
                                        "operator_rows_scanned": 0,
                                        "operator_timing": 0.020971963000000003,
                                        "children": [
                                          {
                                            "total_bytes_written": 0,
                                            "total_bytes_read": 0,
                                            "result_set_size": 57485016,
                                            "operator_name": "SEQ_SCAN ",
                                            "cpu_time": 0.0,
                                            "extra_info": {
                                              "Table": "web_sales",
                                              "Type": "Sequential Scan",
                                              "Projections": [
                                                "ws_order_number",
                                                "ws_warehouse_sk"
                                              ],
                                              "Estimated Cardinality": "7197566"
                                            },
                                            "cumulative_cardinality": 0,
                                            "operator_type": "TABLE_SCAN",
                                            "operator_cardinality": 7185627,
                                            "cumulative_rows_scanned": 0,
                                            "operator_rows_scanned": 201531848,
                                            "operator_timing": 0.010433846000000002,
                                            "children": []
                                          },
                                          {
                                            "total_bytes_written": 0,
                                            "total_bytes_read": 0,
                                            "result_set_size": 0,
                                            "operator_name": "DELIM_SCAN",
                                            "cpu_time": 0.0,
                                            "extra_info": {
                                              "Delim Index": "1",
                                              "Estimated Cardinality": "6234"
                                            },
                                            "cumulative_cardinality": 0,
                                            "operator_type": "DELIM_SCAN",
                                            "operator_cardinality": 0,
                                            "cumulative_rows_scanned": 0,
                                            "operator_rows_scanned": 0,
                                            "operator_timing": 0.0,
                                            "children": []
                                          }
                                        ]
                                      }
                                    ]
                                  },
                                  {
                                    "total_bytes_written": 0,
                                    "total_bytes_read": 0,
                                    "result_set_size": 0,
                                    "operator_name": "DUMMY_SCAN",
                                    "cpu_time": 0.0,
                                    "extra_info": {},
                                    "cumulative_cardinality": 0,
                                    "operator_type": "DUMMY_SCAN",
                                    "operator_cardinality": 0,
                                    "cumulative_rows_scanned": 0,
                                    "operator_rows_scanned": 0,
                                    "operator_timing": 0.0,
                                    "children": []
                                  }
                                ]
                              },
                              {
                                "total_bytes_written": 0,
                                "total_bytes_read": 0,
                                "result_set_size": 7352,
                                "operator_name": "HASH_GROUP_BY",
                                "cpu_time": 0.0,
                                "extra_info": {
                                  "Groups": [
                                    "#1",
                                    "#0"
                                  ],
                                  "Aggregates": "",
                                  "Estimated Cardinality": "6234"
                                },
                                "cumulative_cardinality": 0,
                                "operator_type": "HASH_GROUP_BY",
                                "operator_cardinality": 919,
                                "cumulative_rows_scanned": 0,
                                "operator_rows_scanned": 0,
                                "operator_timing": 0.0038345500000000004,
                                "children": []
                              }
                            ]
                          },
                          {
                            "total_bytes_written": 0,
                            "total_bytes_read": 0,
                            "result_set_size": 3096,
                            "operator_name": "HASH_JOIN",
                            "cpu_time": 0.0,
                            "extra_info": {
                              "Join Type": "RIGHT_ANTI",
                              "Conditions": "ws_order_number IS NOT DISTINCT FROM ws_order_number",
                              "Estimated Cardinality": "249"
                            },
                            "cumulative_cardinality": 0,
                            "operator_type": "HASH_JOIN",
                            "operator_cardinality": 258,
                            "cumulative_rows_scanned": 0,
                            "operator_rows_scanned": 0,
                            "operator_timing": 0.000360134,
                            "children": [
                              {
                                "total_bytes_written": 0,
                                "total_bytes_read": 0,
                                "result_set_size": 3612,
                                "operator_name": "PROJECTION",
                                "cpu_time": 0.0,
                                "extra_info": {
                                  "Projections": "ws_order_number",
                                  "Estimated Cardinality": "4375"
                                },
                                "cumulative_cardinality": 0,
                                "operator_type": "PROJECTION",
                                "operator_cardinality": 903,
                                "cumulative_rows_scanned": 0,
                                "operator_rows_scanned": 0,
                                "operator_timing": 1.5929999999999998e-06,
                                "children": [
                                  {
                                    "total_bytes_written": 0,
                                    "total_bytes_read": 0,
                                    "result_set_size": 7224,
                                    "operator_name": "HASH_JOIN",
                                    "cpu_time": 0.0,
                                    "extra_info": {
                                      "Join Type": "INNER",
                                      "Conditions": "wr_order_number = ws_order_number",
                                      "Estimated Cardinality": "4375"
                                    },
                                    "cumulative_cardinality": 0,
                                    "operator_type": "HASH_JOIN",
                                    "operator_cardinality": 903,
                                    "cumulative_rows_scanned": 0,
                                    "operator_rows_scanned": 0,
                                    "operator_timing": 0.0007479580000000001,
                                    "children": [
                                      {
                                        "total_bytes_written": 0,
                                        "total_bytes_read": 0,
                                        "result_set_size": 2872312,
                                        "operator_name": "SEQ_SCAN ",
                                        "cpu_time": 0.0,
                                        "extra_info": {
                                          "Table": "web_returns",
                                          "Type": "Sequential Scan",
                                          "Projections": "wr_order_number",
                                          "Estimated Cardinality": "719222"
                                        },
                                        "cumulative_cardinality": 0,
                                        "operator_type": "TABLE_SCAN",
                                        "operator_cardinality": 718078,
                                        "cumulative_rows_scanned": 0,
                                        "operator_rows_scanned": 4315332,
                                        "operator_timing": 0.014365196000000002,
                                        "children": []
                                      },
                                      {
                                        "total_bytes_written": 0,
                                        "total_bytes_read": 0,
                                        "result_set_size": 0,
                                        "operator_name": "DELIM_SCAN",
                                        "cpu_time": 0.0,
                                        "extra_info": {
                                          "Delim Index": "2",
                                          "Estimated Cardinality": "1244"
                                        },
                                        "cumulative_cardinality": 0,
                                        "operator_type": "DELIM_SCAN",
                                        "operator_cardinality": 0,
                                        "cumulative_rows_scanned": 0,
                                        "operator_rows_scanned": 0,
                                        "operator_timing": 0.0,
                                        "children": []
                                      }
                                    ]
                                  }
                                ]
                              },
                              {
                                "total_bytes_written": 0,
                                "total_bytes_read": 0,
                                "result_set_size": 0,
                                "operator_name": "DUMMY_SCAN",
                                "cpu_time": 0.0,
                                "extra_info": {},
                                "cumulative_cardinality": 0,
                                "operator_type": "DUMMY_SCAN",
                                "operator_cardinality": 0,
                                "cumulative_rows_scanned": 0,
                                "operator_rows_scanned": 0,
                                "operator_timing": 0.0,
                                "children": []
                              }
                            ]
                          },
                          {
                            "total_bytes_written": 0,
                            "total_bytes_read": 0,
                            "result_set_size": 2780,
                            "operator_name": "HASH_GROUP_BY",
                            "cpu_time": 0.0,
                            "extra_info": {
                              "Groups": "#0",
                              "Aggregates": "",
                              "Estimated Cardinality": "1244"
                            },
                            "cumulative_cardinality": 0,
                            "operator_type": "HASH_GROUP_BY",
                            "operator_cardinality": 695,
                            "cumulative_rows_scanned": 0,
                            "operator_rows_scanned": 0,
                            "operator_timing": 0.000685924,
                            "children": []
                          }
                        ]
                      }
                    ]
                  }
                ]
              }
            ]
          }
        ]
      }
    ]
  },
  "actual_rows": 0,
  "provenance": {
    "database": "/mnt/d/TPC-DS/tpcds_sf10.duckdb",
    "scale_factor": 10,
    "engine": "duckdb",
    "engine_version": "1.4.3",
    "cached_at": "2026-02-08T10:21:34.149879"
  }
}