{
  "execution_time_ms": 676.0,
  "plan_text": "\u250c\u2500\u2500\u2500\u2500\u2500\u2500\u2500\u2500\u2500\u2500\u2500\u2500\u2500\u2500\u2500\u2500\u2500\u2500\u2500\u2500\u2500\u2500\u2500\u2500\u2500\u2500\u2500\u2500\u2500\u2500\u2500\u2500\u2500\u2500\u2500\u2500\u2500\u2510\n\u2502\u250c\u2500\u2500\u2500\u2500\u2500\u2500\u2500\u2500\u2500\u2500\u2500\u2500\u2500\u2500\u2500\u2500\u2500\u2500\u2500\u2500\u2500\u2500\u2500\u2500\u2500\u2500\u2500\u2500\u2500\u2500\u2500\u2500\u2500\u2500\u2500\u2510\u2502\n\u2502\u2502    Query Profiling Information    \u2502\u2502\n\u2502\u2514\u2500\u2500\u2500\u2500\u2500\u2500\u2500\u2500\u2500\u2500\u2500\u2500\u2500\u2500\u2500\u2500\u2500\u2500\u2500\u2500\u2500\u2500\u2500\u2500\u2500\u2500\u2500\u2500\u2500\u2500\u2500\u2500\u2500\u2500\u2500\u2518\u2502\n\u2514\u2500\u2500\u2500\u2500\u2500\u2500\u2500\u2500\u2500\u2500\u2500\u2500\u2500\u2500\u2500\u2500\u2500\u2500\u2500\u2500\u2500\u2500\u2500\u2500\u2500\u2500\u2500\u2500\u2500\u2500\u2500\u2500\u2500\u2500\u2500\u2500\u2500\u2518\nEXPLAIN ANALYZE -- start query 31 in stream 0 using template query31.tpl with ss as  (select ca_county,d_qoy, d_year,sum(ss_ext_sales_price) as store_sales  from store_sales,date_dim,customer_address  where ss_sold_date_sk = d_date_sk   and ss_addr_sk=ca_address_sk  group by ca_county,d_qoy, d_year),  ws as  (select ca_county,d_qoy, d_year,sum(ws_ext_sales_price) as web_sales  from web_sales,date_dim,customer_address  where ws_sold_date_sk = d_date_sk   and ws_bill_addr_sk=ca_address_sk  group by ca_county,d_qoy, d_year)  select          ss1.ca_county        ,ss1.d_year        ,ws2.web_sales/ws1.web_sales web_q1_q2_increase        ,ss2.store_sales/ss1.store_sales store_q1_q2_increase        ,ws3.web_sales/ws2.web_sales web_q2_q3_increase        ,ss3.store_sales/ss2.store_sales store_q2_q3_increase  from         ss ss1        ,ss ss2        ,ss ss3        ,ws ws1        ,ws ws2        ,ws ws3  where     ss1.d_qoy = 1     and ss1.d_year = 2000     and ss1.ca_county = ss2.ca_county     and ss2.d_qoy = 2     and ss2.d_year = 2000  and ss2.ca_county = ss3.ca_county     and ss3.d_qoy = 3     and ss3.d_year = 2000     and ss1.ca_county = ws1.ca_county     and ws1.d_qoy = 1     and ws1.d_year = 2000     and ws1.ca_county = ws2.ca_county     and ws2.d_qoy = 2     and ws2.d_year = 2000     and ws1.ca_county = ws3.ca_county     and ws3.d_qoy = 3     and ws3.d_year =2000     and case when ws1.web_sales > 0 then ws2.web_sales/ws1.web_sales else null end         > case when ss1.store_sales > 0 then ss2.store_sales/ss1.store_sales else null end     and case when ws2.web_sales > 0 then ws3.web_sales/ws2.web_sales else null end        > case when ss2.store_sales > 0 then ss3.store_sales/ss2.store_sales else null end  order by web_q1_q2_increase;  -- end query 31 in stream 0 using template query31.tpl\n\u250c\u2500\u2500\u2500\u2500\u2500\u2500\u2500\u2500\u2500\u2500\u2500\u2500\u2500\u2500\u2500\u2500\u2500\u2500\u2500\u2500\u2500\u2500\u2500\u2500\u2500\u2500\u2500\u2500\u2500\u2500\u2500\u2500\u2500\u2500\u2500\u2500\u2500\u2500\u2500\u2500\u2500\u2500\u2500\u2500\u2500\u2500\u2500\u2500\u2510\n\u2502\u250c\u2500\u2500\u2500\u2500\u2500\u2500\u2500\u2500\u2500\u2500\u2500\u2500\u2500\u2500\u2500\u2500\u2500\u2500\u2500\u2500\u2500\u2500\u2500\u2500\u2500\u2500\u2500\u2500\u2500\u2500\u2500\u2500\u2500\u2500\u2500\u2500\u2500\u2500\u2500\u2500\u2500\u2500\u2500\u2500\u2500\u2500\u2510\u2502\n\u2502\u2502              Total Time: 0.676s              \u2502\u2502\n\u2502\u2514\u2500\u2500\u2500\u2500\u2500\u2500\u2500\u2500\u2500\u2500\u2500\u2500\u2500\u2500\u2500\u2500\u2500\u2500\u2500\u2500\u2500\u2500\u2500\u2500\u2500\u2500\u2500\u2500\u2500\u2500\u2500\u2500\u2500\u2500\u2500\u2500\u2500\u2500\u2500\u2500\u2500\u2500\u2500\u2500\u2500\u2500\u2518\u2502\n\u2514\u2500\u2500\u2500\u2500\u2500\u2500\u2500\u2500\u2500\u2500\u2500\u2500\u2500\u2500\u2500\u2500\u2500\u2500\u2500\u2500\u2500\u2500\u2500\u2500\u2500\u2500\u2500\u2500\u2500\u2500\u2500\u2500\u2500\u2500\u2500\u2500\u2500\u2500\u2500\u2500\u2500\u2500\u2500\u2500\u2500\u2500\u2500\u2500\u2518\n\u250c\u2500\u2500\u2500\u2500\u2500\u2500\u2500\u2500\u2500\u2500\u2500\u2500\u2500\u2500\u2500\u2500\u2500\u2510\n\u2502      QUERY      \u2502\n\u2514\u2500\u2500\u2500\u2500\u2500\u2500\u2500\u2500\u252c\u2500\u2500\u2500\u2500\u2500\u2500\u2500\u2500\u2518\n\u250c\u2500\u2500\u2500\u2500\u2500\u2500\u2500\u2500\u2534\u2500\u2500\u2500\u2500\u2500\u2500\u2500\u2500\u2510\n\u2502 EXPLAIN_ANALYZE \u2502\n\u2502    \u2500\u2500\u2500\u2500\u2500\u2500\u2500\u2500\u2500\u2500   \u2502\n\u2502      0 rows     \u2502\n\u2502     (0.00s)     \u2502\n\u2514\u2500\u2500\u2500\u2500\u2500\u2500\u2500\u2500\u252c\u2500\u2500\u2500\u2500\u2500\u2500\u2500\u2500\u2518\n\u250c\u2500\u2500\u2500\u2500\u2500\u2500\u2500\u2500\u2534\u2500\u2500\u2500\u2500\u2500\u2500\u2500\u2500\u2510\n\u2502       CTE       \u2502\n\u2502    \u2500\u2500\u2500\u2500\u2500\u2500\u2500\u2500\u2500\u2500   \u2502\n\u2502    CTE Name:    \u2502\n\u2502        ss       \u2502\n\u2502                 \u2502\n\u2502   Table Index:  \u251c\u2500\u2500\u2500\u2500\u2500\u2500\u2500\u2500\u2500\u2500\u2500\u2500\u2500\u2500\u2500\u2500\u2500\u2500\u2500\u2500\u2500\u2500\u2500\u2500\u2500\u2500\u2500\u2500\u2500\u2500\u2500\u2500\u2500\u2500\u2500\u2500\u2500\u2500\u2500\u2500\u2500\u2500\u2500\u2500\u2500\u2500\u2500\u2510\n\u2502        0        \u2502                                               \u2502\n\u2502                 \u2502                                               \u2502\n\u2502      0 rows     \u2502                                               \u2502\n\u2502     (0.00s)     \u2502                                               \u2502\n\u2514\u2500\u2500\u2500\u2500\u2500\u2500\u2500\u2500\u252c\u2500\u2500\u2500\u2500\u2500\u2500\u2500\u2500\u2518                                               \u2502\n\u250c\u2500\u2500\u2500\u2500\u2500\u2500\u2500\u2500\u2534\u2500\u2500\u2500\u2500\u2500\u2500\u2500\u2500\u2510                                      \u250c\u2500\u2500\u2500\u2500\u2500\u2500\u2500\u2500\u2534\u2500\u2500\u2500\u2500\u2500\u2500\u2500\u2500\u2510\n\u2502    PROJECTION   \u2502                                      \u2502       CTE       \u2502\n\u2502    \u2500\u2500\u2500\u2500\u2500\u2500\u2500\u2500\u2500\u2500   \u2502                                      \u2502    \u2500\u2500\u2500\u2500\u2500\u2500\u2500\u2500\u2500\u2500   \u2502\n\u2502        #0       \u2502                                      \u2502    CTE Name:    \u2502\n\u2502__internal_decomp\u2502                                      \u2502        ws       \u2502\n\u2502ress_integral_int\u2502                                      \u2502                 \u2502\n\u2502   eger(#1, 1)   \u2502                                      \u2502   Table Index:  \u2502\n\u2502__internal_decomp\u2502                                      \u2502        10       \u251c\u2500\u2500\u2500\u2500\u2500\u2500\u2500\u2500\u2500\u2500\u2500\u2500\u2500\u2500\u2500\u2500\u2500\u2500\u2500\u2500\u2500\u2500\u2500\u2500\u2500\u2500\u2500\u2500\u2500\u2500\u2500\u2500\u2500\u2500\u2500\u2500\u2500\u2500\u2500\u2500\u2500\u2500\u2500\u2500\u2500\u2500\u2500\u2510\n\u2502ress_integral_int\u2502                                      \u2502                 \u2502                                               \u2502\n\u2502  eger(#2, 1900) \u2502                                      \u2502                 \u2502                                               \u2502\n\u2502        #3       \u2502                                      \u2502                 \u2502                                               \u2502\n\u2502                 \u2502                                      \u2502                 \u2502                                               \u2502\n\u2502    5,541 rows   \u2502                                      \u2502      0 rows     \u2502                                               \u2502\n\u2502     (0.00s)     \u2502                                      \u2502     (0.00s)     \u2502                                               \u2502\n\u2514\u2500\u2500\u2500\u2500\u2500\u2500\u2500\u2500\u252c\u2500\u2500\u2500\u2500\u2500\u2500\u2500\u2500\u2518                                      \u2514\u2500\u2500\u2500\u2500\u2500\u2500\u2500\u2500\u252c\u2500\u2500\u2500\u2500\u2500\u2500\u2500\u2500\u2518                                               \u2502\n\u250c\u2500\u2500\u2500\u2500\u2500\u2500\u2500\u2500\u2534\u2500\u2500\u2500\u2500\u2500\u2500\u2500\u2500\u2510                                      \u250c\u2500\u2500\u2500\u2500\u2500\u2500\u2500\u2500\u2534\u2500\u2500\u2500\u2500\u2500\u2500\u2500\u2500\u2510                                      \u250c\u2500\u2500\u2500\u2500\u2500\u2500\u2500\u2500\u2534\u2500\u2500\u2500\u2500\u2500\u2500\u2500\u2500\u2510\n\u2502  HASH_GROUP_BY  \u2502                                      \u2502    PROJECTION   \u2502                                      \u2502     ORDER_BY    \u2502\n\u2502    \u2500\u2500\u2500\u2500\u2500\u2500\u2500\u2500\u2500\u2500   \u2502                                      \u2502    \u2500\u2500\u2500\u2500\u2500\u2500\u2500\u2500\u2500\u2500   \u2502                                      \u2502    \u2500\u2500\u2500\u2500\u2500\u2500\u2500\u2500\u2500\u2500   \u2502\n\u2502     Groups:     \u2502                                      \u2502        #0       \u2502                                      \u2502 (ws2.web_sales /\u2502\n\u2502        #0       \u2502                                      \u2502__internal_decomp\u2502                                      \u2502  ws1.web_sales) \u2502\n\u2502        #1       \u2502                                      \u2502ress_integral_int\u2502                                      \u2502        ASC      \u2502\n\u2502        #2       \u2502                                      \u2502   eger(#1, 1)   \u2502                                      \u2502                 \u2502\n\u2502                 \u2502                                      \u2502__internal_decomp\u2502                                      \u2502                 \u2502\n\u2502   Aggregates:   \u2502                                      \u2502ress_integral_int\u2502                                      \u2502                 \u2502\n\u2502     sum(#3)     \u2502                                      \u2502  eger(#2, 1900) \u2502                                      \u2502                 \u2502\n\u2502                 \u2502                                      \u2502        #3       \u2502                                      \u2502                 \u2502\n\u2502                 \u2502                                      \u2502                 \u2502                                      \u2502                 \u2502\n\u2502    5,541 rows   \u2502                                      \u2502    5,535 rows   \u2502                                      \u2502     307 rows    \u2502\n\u2502     (0.30s)     \u2502                                      \u2502     (0.00s)     \u2502                                      \u2502     (0.00s)     \u2502\n\u2514\u2500\u2500\u2500\u2500\u2500\u2500\u2500\u2500\u252c\u2500\u2500\u2500\u2500\u2500\u2500\u2500\u2500\u2518                                      \u2514\u2500\u2500\u2500\u2500\u2500\u2500\u2500\u2500\u252c\u2500\u2500\u2500\u2500\u2500\u2500\u2500\u2500\u2518                                      \u2514\u2500\u2500\u2500\u2500\u2500\u2500\u2500\u2500\u252c\u2500\u2500\u2500\u2500\u2500\u2500\u2500\u2500\u2518\n\u250c\u2500\u2500\u2500\u2500\u2500\u2500\u2500\u2500\u2534\u2500\u2500\u2500\u2500\u2500\u2500\u2500\u2500\u2510                                      \u250c\u2500\u2500\u2500\u2500\u2500\u2500\u2500\u2500\u2534\u2500\u2500\u2500\u2500\u2500\u2500\u2500\u2500\u2510                                      \u250c\u2500\u2500\u2500\u2500\u2500\u2500\u2500\u2500\u2534\u2500\u2500\u2500\u2500\u2500\u2500\u2500\u2500\u2510\n\u2502    PROJECTION   \u2502                                      \u2502  HASH_GROUP_BY  \u2502                                      \u2502    PROJECTION   \u2502\n\u2502    \u2500\u2500\u2500\u2500\u2500\u2500\u2500\u2500\u2500\u2500   \u2502                                      \u2502    \u2500\u2500\u2500\u2500\u2500\u2500\u2500\u2500\u2500\u2500   \u2502                                      \u2502    \u2500\u2500\u2500\u2500\u2500\u2500\u2500\u2500\u2500\u2500   \u2502\n\u2502    ca_county    \u2502                                      \u2502     Groups:     \u2502                                      \u2502    ca_county    \u2502\n\u2502      d_qoy      \u2502                                      \u2502        #0       \u2502                                      \u2502      d_year     \u2502\n\u2502      d_year     \u2502                                      \u2502        #1       \u2502                                      \u2502web_q1_q2_increas\u2502\n\u2502ss_ext_sales_pric\u2502                                      \u2502        #2       \u2502                                      \u2502        e        \u2502\n\u2502        e        \u2502                                      \u2502                 \u2502                                      \u2502store_q1_q2_incre\u2502\n\u2502                 \u2502                                      \u2502   Aggregates:   \u2502                                      \u2502       ase       \u2502\n\u2502                 \u2502                                      \u2502     sum(#3)     \u2502                                      \u2502web_q2_q3_increas\u2502\n\u2502                 \u2502                                      \u2502                 \u2502                                      \u2502        e        \u2502\n\u2502                 \u2502                                      \u2502                 \u2502                                      \u2502store_q2_q3_incre\u2502\n\u2502                 \u2502                                      \u2502                 \u2502                                      \u2502       ase       \u2502\n\u2502                 \u2502                                      \u2502                 \u2502                                      \u2502                 \u2502\n\u2502  3,022,624 rows \u2502                                      \u2502    5,535 rows   \u2502                                      \u2502     307 rows    \u2502\n\u2502     (0.00s)     \u2502                                      \u2502     (0.08s)     \u2502                                      \u2502     (0.00s)     \u2502\n\u2514\u2500\u2500\u2500\u2500\u2500\u2500\u2500\u2500\u252c\u2500\u2500\u2500\u2500\u2500\u2500\u2500\u2500\u2518                                      \u2514\u2500\u2500\u2500\u2500\u2500\u2500\u2500\u2500\u252c\u2500\u2500\u2500\u2500\u2500\u2500\u2500\u2500\u2518                                      \u2514\u2500\u2500\u2500\u2500\u2500\u2500\u2500\u2500\u252c\u2500\u2500\u2500\u2500\u2500\u2500\u2500\u2500\u2518\n\u250c\u2500\u2500\u2500\u2500\u2500\u2500\u2500\u2500\u2534\u2500\u2500\u2500\u2500\u2500\u2500\u2500\u2500\u2510                                      \u250c\u2500\u2500\u2500\u2500\u2500\u2500\u2500\u2500\u2534\u2500\u2500\u2500\u2500\u2500\u2500\u2500\u2500\u2510                                      \u250c\u2500\u2500\u2500\u2500\u2500\u2500\u2500\u2500\u2534\u2500\u2500\u2500\u2500\u2500\u2500\u2500\u2500\u2510\n\u2502    PROJECTION   \u2502                                      \u2502    PROJECTION   \u2502                                      \u2502    PROJECTION   \u2502\n\u2502    \u2500\u2500\u2500\u2500\u2500\u2500\u2500\u2500\u2500\u2500   \u2502                                      \u2502    \u2500\u2500\u2500\u2500\u2500\u2500\u2500\u2500\u2500\u2500   \u2502                                      \u2502    \u2500\u2500\u2500\u2500\u2500\u2500\u2500\u2500\u2500\u2500   \u2502\n\u2502        #0       \u2502                                      \u2502    ca_county    \u2502                                      \u2502    ca_county    \u2502\n\u2502__internal_compre\u2502                                      \u2502      d_qoy      \u2502                                      \u2502      d_year     \u2502\n\u2502ss_integral_utiny\u2502                                      \u2502      d_year     \u2502                                      \u2502  CAST(web_sales \u2502\n\u2502    int(#1, 1)   \u2502                                      \u2502ws_ext_sales_pric\u2502                                      \u2502    AS DOUBLE)   \u2502\n\u2502__internal_compre\u2502                                      \u2502        e        \u2502                                      \u2502    web_sales    \u2502\n\u2502ss_integral_utiny\u2502                                      \u2502                 \u2502                                      \u2502 CAST(store_sales\u2502\n\u2502  int(#2, 1900)  \u2502                                      \u2502                 \u2502                                      \u2502    AS DOUBLE)   \u2502\n\u2502        #3       \u2502                                      \u2502                 \u2502                                      \u2502   store_sales   \u2502\n\u2502                 \u2502                                      \u2502                 \u2502                                      \u2502    web_sales    \u2502\n\u2502                 \u2502                                      \u2502                 \u2502                                      \u2502   store_sales   \u2502\n\u2502                 \u2502                                      \u2502                 \u2502                                      \u2502                 \u2502\n\u2502  3,022,624 rows \u2502                                      \u2502   811,689 rows  \u2502                                      \u2502     307 rows    \u2502\n\u2502     (0.02s)     \u2502                                      \u2502     (0.00s)     \u2502                                      \u2502     (0.00s)     \u2502\n\u2514\u2500\u2500\u2500\u2500\u2500\u2500\u2500\u2500\u252c\u2500\u2500\u2500\u2500\u2500\u2500\u2500\u2500\u2518                                      \u2514\u2500\u2500\u2500\u2500\u2500\u2500\u2500\u2500\u252c\u2500\u2500\u2500\u2500\u2500\u2500\u2500\u2500\u2518                                      \u2514\u2500\u2500\u2500\u2500\u2500\u2500\u2500\u2500\u252c\u2500\u2500\u2500\u2500\u2500\u2500\u2500\u2500\u2518\n\u250c\u2500\u2500\u2500\u2500\u2500\u2500\u2500\u2500\u2534\u2500\u2500\u2500\u2500\u2500\u2500\u2500\u2500\u2510                                      \u250c\u2500\u2500\u2500\u2500\u2500\u2500\u2500\u2500\u2534\u2500\u2500\u2500\u2500\u2500\u2500\u2500\u2500\u2510                                      \u250c\u2500\u2500\u2500\u2500\u2500\u2500\u2500\u2500\u2534\u2500\u2500\u2500\u2500\u2500\u2500\u2500\u2500\u2510\n\u2502    HASH_JOIN    \u2502                                      \u2502    PROJECTION   \u2502                                      \u2502    HASH_JOIN    \u2502\n\u2502    \u2500\u2500\u2500\u2500\u2500\u2500\u2500\u2500\u2500\u2500   \u2502                                      \u2502    \u2500\u2500\u2500\u2500\u2500\u2500\u2500\u2500\u2500\u2500   \u2502                                      \u2502    \u2500\u2500\u2500\u2500\u2500\u2500\u2500\u2500\u2500\u2500   \u2502\n\u2502    Join Type:   \u2502                                      \u2502        #0       \u2502                                      \u2502    Join Type:   \u2502\n\u2502      INNER      \u2502                                      \u2502__internal_compre\u2502                                      \u2502      INNER      \u2502\n\u2502                 \u2502                                      \u2502ss_integral_utiny\u2502                                      \u2502                 \u2502\n\u2502   Conditions:   \u2502                                      \u2502    int(#1, 1)   \u2502                                      \u2502   Conditions:   \u2502\n\u2502   ss_addr_sk =  \u2502                                      \u2502__internal_compre\u2502                                      \u2502   ca_county =   \u2502\n\u2502   ca_address_sk \u2502                                      \u2502ss_integral_utiny\u2502                                      \u2502     ca_county   \u2502\n\u2502                 \u2502                                      \u2502  int(#2, 1900)  \u2502                                      \u2502   ca_county =   \u2502\n\u2502                 \u2502                                      \u2502        #3       \u2502                                      \u2502     ca_county   \u2502\n\u2502                 \u2502                                      \u2502                 \u2502                                      \u2502   ca_county =   \u2502\n\u2502                 \u2502                                      \u2502                 \u2502                                      \u2502     ca_county   \u2502\n\u2502                 \u2502                                      \u2502                 \u2502                                      \u2502   CASE  WHEN (  \u2502\n\u2502                 \u2502                                      \u2502                 \u2502                                      \u2502 (store_sales > 0\u2502\n\u2502                 \u2502                                      \u2502                 \u2502                                      \u2502   .00)) THEN (  \u2502\n\u2502                 \u2502                                      \u2502                 \u2502                                      \u2502(CAST(store_sales\u2502\n\u2502                 \u2502                                      \u2502                 \u2502                                      \u2502   AS DOUBLE) /  \u2502\n\u2502                 \u2502                                      \u2502                 \u2502                                      \u2502 CAST(store_sales\u2502\n\u2502                 \u2502                                      \u2502                 \u2502                                      \u2502   AS DOUBLE)))  \u2502\n\u2502                 \u2502                                      \u2502                 \u2502                                      \u2502  ELSE NULL END <\u2502\n\u2502                 \u2502                                      \u2502                 \u2502                                      \u2502   CASE  WHEN (  \u2502\n\u2502                 \u2502                                      \u2502                 \u2502                                      \u2502  (web_sales > 0 \u2502\n\u2502                 \u2502                                      \u2502                 \u2502                                      \u2502   .00)) THEN (  \u2502\n\u2502                 \u251c\u2500\u2500\u2500\u2500\u2500\u2500\u2500\u2500\u2500\u2500\u2500\u2500\u2500\u2500\u2500\u2500\u2500\u2500\u2500\u2500\u2500\u2500\u2500\u2500\u2500\u2500\u2500\u2500\u2510         \u2502                 \u2502                                      \u2502 (CAST(web_sales \u251c\u2500\u2500\u2500\u2500\u2500\u2500\u2500\u2500\u2500\u2500\u2500\u2500\u2500\u2500\u2500\u2500\u2500\u2500\u2500\u2500\u2500\u2500\u2500\u2500\u2500\u2500\u2500\u2500\u2500\u2500\u2500\u2500\u2500\u2500\u2500\u2500\u2500\u2500\u2500\u2500\u2500\u2500\u2500\u2500\u2500\u2500\u2500\u2510\n\u2502                 \u2502                            \u2502         \u2502                 \u2502                                      \u2502   AS DOUBLE) /  \u2502                                               \u2502\n\u2502                 \u2502                            \u2502         \u2502                 \u2502                                      \u2502  CAST(web_sales \u2502                                               \u2502\n\u2502                 \u2502                            \u2502         \u2502                 \u2502                                      \u2502   AS DOUBLE)))  \u2502                                               \u2502\n\u2502                 \u2502                            \u2502         \u2502                 \u2502                                      \u2502   ELSE NULL END \u2502                                               \u2502\n\u2502                 \u2502                            \u2502         \u2502                 \u2502                                      \u2502   CASE  WHEN (  \u2502                                               \u2502\n\u2502                 \u2502                            \u2502         \u2502                 \u2502                                      \u2502 (store_sales > 0\u2502                                               \u2502\n\u2502                 \u2502                            \u2502         \u2502                 \u2502                                      \u2502   .00)) THEN (  \u2502                                               \u2502\n\u2502                 \u2502                            \u2502         \u2502                 \u2502                                      \u2502(CAST(store_sales\u2502                                               \u2502\n\u2502                 \u2502                            \u2502         \u2502                 \u2502                                      \u2502   AS DOUBLE) /  \u2502                                               \u2502\n\u2502                 \u2502                            \u2502         \u2502                 \u2502                                      \u2502 CAST(store_sales\u2502                                               \u2502\n\u2502                 \u2502                            \u2502         \u2502                 \u2502                                      \u2502   AS DOUBLE)))  \u2502                                               \u2502\n\u2502                 \u2502                            \u2502         \u2502                 \u2502                                      \u2502  ELSE NULL END <\u2502                                               \u2502\n\u2502                 \u2502                            \u2502         \u2502                 \u2502                                      \u2502   CASE  WHEN (  \u2502                                               \u2502\n\u2502                 \u2502                            \u2502         \u2502                 \u2502                                      \u2502  (web_sales > 0 \u2502                                               \u2502\n\u2502                 \u2502                            \u2502         \u2502                 \u2502                                      \u2502   .00)) THEN (  \u2502                                               \u2502\n\u2502                 \u2502                            \u2502         \u2502                 \u2502                                      \u2502 (CAST(web_sales \u2502                                               \u2502\n\u2502                 \u2502                            \u2502         \u2502                 \u2502                                      \u2502   AS DOUBLE) /  \u2502                                               \u2502\n\u2502                 \u2502                            \u2502         \u2502                 \u2502                                      \u2502  CAST(web_sales \u2502                                               \u2502\n\u2502                 \u2502                            \u2502         \u2502                 \u2502                                      \u2502   AS DOUBLE)))  \u2502                                               \u2502\n\u2502                 \u2502                            \u2502         \u2502                 \u2502                                      \u2502   ELSE NULL END \u2502                                               \u2502\n\u2502                 \u2502                            \u2502         \u2502                 \u2502                                      \u2502                 \u2502                                               \u2502\n\u2502  3,022,624 rows \u2502                            \u2502         \u2502   811,689 rows  \u2502                                      \u2502     307 rows    \u2502                                               \u2502\n\u2502     (0.05s)     \u2502                            \u2502         \u2502     (0.01s)     \u2502                                      \u2502     (0.01s)     \u2502                                               \u2502\n\u2514\u2500\u2500\u2500\u2500\u2500\u2500\u2500\u2500\u252c\u2500\u2500\u2500\u2500\u2500\u2500\u2500\u2500\u2518                            \u2502         \u2514\u2500\u2500\u2500\u2500\u2500\u2500\u2500\u2500\u252c\u2500\u2500\u2500\u2500\u2500\u2500\u2500\u2500\u2518                                      \u2514\u2500\u2500\u2500\u2500\u2500\u2500\u2500\u2500\u252c\u2500\u2500\u2500\u2500\u2500\u2500\u2500\u2500\u2518                                               \u2502\n\u250c\u2500\u2500\u2500\u2500\u2500\u2500\u2500\u2500\u2534\u2500\u2500\u2500\u2500\u2500\u2500\u2500\u2500\u2510                   \u250c\u2500\u2500\u2500\u2500\u2500\u2500\u2500\u2500\u2534\u2500\u2500\u2500\u2500\u2500\u2500\u2500\u2500\u2510\u250c\u2500\u2500\u2500\u2500\u2500\u2500\u2500\u2500\u2534\u2500\u2500\u2500\u2500\u2500\u2500\u2500\u2500\u2510                                      \u250c\u2500\u2500\u2500\u2500\u2500\u2500\u2500\u2500\u2534\u2500\u2500\u2500\u2500\u2500\u2500\u2500\u2500\u2510                                      \u250c\u2500\u2500\u2500\u2500\u2500\u2500\u2500\u2500\u2534\u2500\u2500\u2500\u2500\u2500\u2500\u2500\u2500\u2510\n\u2502    HASH_JOIN    \u2502                   \u2502    TABLE_SCAN   \u2502\u2502    HASH_JOIN    \u2502                                      \u2502    HASH_JOIN    \u2502                                      \u2502    HASH_JOIN    \u2502\n\u2502    \u2500\u2500\u2500\u2500\u2500\u2500\u2500\u2500\u2500\u2500   \u2502                   \u2502    \u2500\u2500\u2500\u2500\u2500\u2500\u2500\u2500\u2500\u2500   \u2502\u2502    \u2500\u2500\u2500\u2500\u2500\u2500\u2500\u2500\u2500\u2500   \u2502                                      \u2502    \u2500\u2500\u2500\u2500\u2500\u2500\u2500\u2500\u2500\u2500   \u2502                                      \u2502    \u2500\u2500\u2500\u2500\u2500\u2500\u2500\u2500\u2500\u2500   \u2502\n\u2502    Join Type:   \u2502                   \u2502      Table:     \u2502\u2502    Join Type:   \u2502                                      \u2502    Join Type:   \u2502                                      \u2502    Join Type:   \u2502\n\u2502      INNER      \u2502                   \u2502 customer_address\u2502\u2502      INNER      \u2502                                      \u2502      INNER      \u2502                                      \u2502      INNER      \u2502\n\u2502                 \u2502                   \u2502                 \u2502\u2502                 \u2502                                      \u2502                 \u2502                                      \u2502                 \u2502\n\u2502   Conditions:   \u2502                   \u2502      Type:      \u2502\u2502   Conditions:   \u2502                                      \u2502   Conditions:   \u2502                                      \u2502   Conditions:   \u2502\n\u2502 ss_sold_date_sk \u2502                   \u2502 Sequential Scan \u2502\u2502 ws_bill_addr_sk \u2502                                      \u2502   ca_county =   \u2502                                      \u2502   ca_county =   \u2502\n\u2502   = d_date_sk   \u251c\u2500\u2500\u2500\u2500\u2500\u2500\u2500\u2500\u2500\u2510         \u2502                 \u2502\u2502 = ca_address_sk \u251c\u2500\u2500\u2500\u2500\u2500\u2500\u2500\u2500\u2500\u2500\u2500\u2500\u2500\u2500\u2500\u2500\u2500\u2500\u2500\u2500\u2500\u2500\u2500\u2500\u2500\u2500\u2500\u2500\u2510         \u2502     ca_county   \u251c\u2500\u2500\u2500\u2500\u2500\u2500\u2500\u2500\u2500\u2500\u2500\u2500\u2500\u2500\u2500\u2500\u2500\u2500\u2500\u2500\u2500\u2500\u2500\u2500\u2500\u2500\u2500\u2500\u2510         \u2502     ca_county   \u251c\u2500\u2500\u2500\u2500\u2500\u2500\u2500\u2500\u2500\u2500\u2500\u2500\u2500\u2500\u2500\u2500\u2500\u2500\u2500\u2500\u2500\u2500\u2500\u2500\u2500\u2500\u2500\u2500\u2510\n\u2502                 \u2502         \u2502         \u2502   Projections:  \u2502\u2502                 \u2502                            \u2502         \u2502   ca_county =   \u2502                            \u2502         \u2502   ca_county =   \u2502                            \u2502\n\u2502                 \u2502         \u2502         \u2502  ca_address_sk  \u2502\u2502                 \u2502                            \u2502         \u2502     ca_county   \u2502                            \u2502         \u2502     ca_county   \u2502                            \u2502\n\u2502                 \u2502         \u2502         \u2502    ca_county    \u2502\u2502                 \u2502                            \u2502         \u2502                 \u2502                            \u2502         \u2502                 \u2502                            \u2502\n\u2502                 \u2502         \u2502         \u2502                 \u2502\u2502                 \u2502                            \u2502         \u2502                 \u2502                            \u2502         \u2502                 \u2502                            \u2502\n\u2502  3,022,624 rows \u2502         \u2502         \u2502   250,000 rows  \u2502\u2502   811,689 rows  \u2502                            \u2502         \u2502    1,846 rows   \u2502                            \u2502         \u2502    1,840 rows   \u2502                            \u2502\n\u2502     (0.03s)     \u2502         \u2502         \u2502     (0.02s)     \u2502\u2502     (0.04s)     \u2502                            \u2502         \u2502     (0.00s)     \u2502                            \u2502         \u2502     (0.01s)     \u2502                            \u2502\n\u2514\u2500\u2500\u2500\u2500\u2500\u2500\u2500\u2500\u252c\u2500\u2500\u2500\u2500\u2500\u2500\u2500\u2500\u2518         \u2502         \u2514\u2500\u2500\u2500\u2500\u2500\u2500\u2500\u2500\u2500\u2500\u2500\u2500\u2500\u2500\u2500\u2500\u2500\u2518\u2514\u2500\u2500\u2500\u2500\u2500\u2500\u2500\u2500\u252c\u2500\u2500\u2500\u2500\u2500\u2500\u2500\u2500\u2518                            \u2502         \u2514\u2500\u2500\u2500\u2500\u2500\u2500\u2500\u2500\u252c\u2500\u2500\u2500\u2500\u2500\u2500\u2500\u2500\u2518                            \u2502         \u2514\u2500\u2500\u2500\u2500\u2500\u2500\u2500\u2500\u252c\u2500\u2500\u2500\u2500\u2500\u2500\u2500\u2500\u2518                            \u2502\n\u250c\u2500\u2500\u2500\u2500\u2500\u2500\u2500\u2500\u2534\u2500\u2500\u2500\u2500\u2500\u2500\u2500\u2500\u2510\u250c\u2500\u2500\u2500\u2500\u2500\u2500\u2500\u2500\u2534\u2500\u2500\u2500\u2500\u2500\u2500\u2500\u2500\u2510                   \u250c\u2500\u2500\u2500\u2500\u2500\u2500\u2500\u2500\u2534\u2500\u2500\u2500\u2500\u2500\u2500\u2500\u2500\u2510                   \u250c\u2500\u2500\u2500\u2500\u2500\u2500\u2500\u2500\u2534\u2500\u2500\u2500\u2500\u2500\u2500\u2500\u2500\u2510\u250c\u2500\u2500\u2500\u2500\u2500\u2500\u2500\u2500\u2534\u2500\u2500\u2500\u2500\u2500\u2500\u2500\u2500\u2510                   \u250c\u2500\u2500\u2500\u2500\u2500\u2500\u2500\u2500\u2534\u2500\u2500\u2500\u2500\u2500\u2500\u2500\u2500\u2510\u250c\u2500\u2500\u2500\u2500\u2500\u2500\u2500\u2500\u2534\u2500\u2500\u2500\u2500\u2500\u2500\u2500\u2500\u2510                   \u250c\u2500\u2500\u2500\u2500\u2500\u2500\u2500\u2500\u2534\u2500\u2500\u2500\u2500\u2500\u2500\u2500\u2500\u2510\n\u2502    TABLE_SCAN   \u2502\u2502      FILTER     \u2502                   \u2502    HASH_JOIN    \u2502                   \u2502    TABLE_SCAN   \u2502\u2502    HASH_JOIN    \u2502                   \u2502    PROJECTION   \u2502\u2502    HASH_JOIN    \u2502                   \u2502    PROJECTION   \u2502\n\u2502    \u2500\u2500\u2500\u2500\u2500\u2500\u2500\u2500\u2500\u2500   \u2502\u2502    \u2500\u2500\u2500\u2500\u2500\u2500\u2500\u2500\u2500\u2500   \u2502                   \u2502    \u2500\u2500\u2500\u2500\u2500\u2500\u2500\u2500\u2500\u2500   \u2502                   \u2502    \u2500\u2500\u2500\u2500\u2500\u2500\u2500\u2500\u2500\u2500   \u2502\u2502    \u2500\u2500\u2500\u2500\u2500\u2500\u2500\u2500\u2500\u2500   \u2502                   \u2502    \u2500\u2500\u2500\u2500\u2500\u2500\u2500\u2500\u2500\u2500   \u2502\u2502    \u2500\u2500\u2500\u2500\u2500\u2500\u2500\u2500\u2500\u2500   \u2502                   \u2502    \u2500\u2500\u2500\u2500\u2500\u2500\u2500\u2500\u2500\u2500   \u2502\n\u2502      Table:     \u2502\u2502  (((d_qoy = 3)  \u2502                   \u2502    Join Type:   \u2502                   \u2502      Table:     \u2502\u2502    Join Type:   \u2502                   \u2502        #0       \u2502\u2502    Join Type:   \u2502                   \u2502        #0       \u2502\n\u2502   store_sales   \u2502\u2502   AND (d_year = \u2502                   \u2502      INNER      \u2502                   \u2502 customer_address\u2502\u2502      INNER      \u2502                   \u2502        #2       \u2502\u2502      INNER      \u2502                   \u2502        #3       \u2502\n\u2502                 \u2502\u2502   2000)) OR ((  \u2502                   \u2502                 \u2502                   \u2502                 \u2502\u2502                 \u2502                   \u2502        #3       \u2502\u2502                 \u2502                   \u2502                 \u2502\n\u2502      Type:      \u2502\u2502 (d_qoy = 1) AND \u2502                   \u2502   Conditions:   \u2502                   \u2502      Type:      \u2502\u2502   Conditions:   \u2502                   \u2502                 \u2502\u2502   Conditions:   \u2502                   \u2502                 \u2502\n\u2502 Sequential Scan \u2502\u2502 (d_year = 2000))\u2502                   \u2502 ws_sold_date_sk \u2502                   \u2502 Sequential Scan \u2502\u2502   ca_county =   \u2502                   \u2502                 \u2502\u2502   ca_county =   \u2502                   \u2502                 \u2502\n\u2502                 \u2502\u2502  OR ((d_qoy = 2)\u2502                   \u2502   = d_date_sk   \u2502                   \u2502                 \u2502\u2502     ca_county   \u2502                   \u2502                 \u2502\u2502     ca_county   \u2502                   \u2502                 \u2502\n\u2502   Projections:  \u2502\u2502   AND (d_year = \u2502                   \u2502                 \u251c\u2500\u2500\u2500\u2500\u2500\u2500\u2500\u2500\u2500\u2510         \u2502   Projections:  \u2502\u2502                 \u251c\u2500\u2500\u2500\u2500\u2500\u2500\u2500\u2500\u2500\u2510         \u2502                 \u2502\u2502                 \u251c\u2500\u2500\u2500\u2500\u2500\u2500\u2500\u2500\u2500\u2510         \u2502                 \u2502\n\u2502 ss_sold_date_sk \u2502\u2502     2000))))    \u2502                   \u2502                 \u2502         \u2502         \u2502  ca_address_sk  \u2502\u2502                 \u2502         \u2502         \u2502                 \u2502\u2502                 \u2502         \u2502         \u2502                 \u2502\n\u2502    ss_addr_sk   \u2502\u2502                 \u2502                   \u2502                 \u2502         \u2502         \u2502    ca_county    \u2502\u2502                 \u2502         \u2502         \u2502                 \u2502\u2502                 \u2502         \u2502         \u2502                 \u2502\n\u2502ss_ext_sales_pric\u2502\u2502                 \u2502                   \u2502                 \u2502         \u2502         \u2502                 \u2502\u2502                 \u2502         \u2502         \u2502                 \u2502\u2502                 \u2502         \u2502         \u2502                 \u2502\n\u2502        e        \u2502\u2502                 \u2502                   \u2502                 \u2502         \u2502         \u2502                 \u2502\u2502                 \u2502         \u2502         \u2502                 \u2502\u2502                 \u2502         \u2502         \u2502                 \u2502\n\u2502                 \u2502\u2502                 \u2502                   \u2502                 \u2502         \u2502         \u2502                 \u2502\u2502                 \u2502         \u2502         \u2502                 \u2502\u2502                 \u2502         \u2502         \u2502                 \u2502\n\u2502  3,022,624 rows \u2502\u2502     274 rows    \u2502                   \u2502   811,689 rows  \u2502         \u2502         \u2502   250,000 rows  \u2502\u2502    1,846 rows   \u2502         \u2502         \u2502    1,847 rows   \u2502\u2502    1,844 rows   \u2502         \u2502         \u2502    1,843 rows   \u2502\n\u2502     (13.56s)    \u2502\u2502     (0.00s)     \u2502                   \u2502     (0.01s)     \u2502         \u2502         \u2502     (0.02s)     \u2502\u2502     (0.00s)     \u2502         \u2502         \u2502     (0.00s)     \u2502\u2502     (0.00s)     \u2502         \u2502         \u2502     (0.00s)     \u2502\n\u2514\u2500\u2500\u2500\u2500\u2500\u2500\u2500\u2500\u2500\u2500\u2500\u2500\u2500\u2500\u2500\u2500\u2500\u2518\u2514\u2500\u2500\u2500\u2500\u2500\u2500\u2500\u2500\u252c\u2500\u2500\u2500\u2500\u2500\u2500\u2500\u2500\u2518                   \u2514\u2500\u2500\u2500\u2500\u2500\u2500\u2500\u2500\u252c\u2500\u2500\u2500\u2500\u2500\u2500\u2500\u2500\u2518         \u2502         \u2514\u2500\u2500\u2500\u2500\u2500\u2500\u2500\u2500\u2500\u2500\u2500\u2500\u2500\u2500\u2500\u2500\u2500\u2518\u2514\u2500\u2500\u2500\u2500\u2500\u2500\u2500\u2500\u252c\u2500\u2500\u2500\u2500\u2500\u2500\u2500\u2500\u2518         \u2502         \u2514\u2500\u2500\u2500\u2500\u2500\u2500\u2500\u2500\u252c\u2500\u2500\u2500\u2500\u2500\u2500\u2500\u2500\u2518\u2514\u2500\u2500\u2500\u2500\u2500\u2500\u2500\u2500\u252c\u2500\u2500\u2500\u2500\u2500\u2500\u2500\u2500\u2518         \u2502         \u2514\u2500\u2500\u2500\u2500\u2500\u2500\u2500\u2500\u252c\u2500\u2500\u2500\u2500\u2500\u2500\u2500\u2500\u2518\n                   \u250c\u2500\u2500\u2500\u2500\u2500\u2500\u2500\u2500\u2534\u2500\u2500\u2500\u2500\u2500\u2500\u2500\u2500\u2510                   \u250c\u2500\u2500\u2500\u2500\u2500\u2500\u2500\u2500\u2534\u2500\u2500\u2500\u2500\u2500\u2500\u2500\u2500\u2510\u250c\u2500\u2500\u2500\u2500\u2500\u2500\u2500\u2500\u2534\u2500\u2500\u2500\u2500\u2500\u2500\u2500\u2500\u2510                   \u250c\u2500\u2500\u2500\u2500\u2500\u2500\u2500\u2500\u2534\u2500\u2500\u2500\u2500\u2500\u2500\u2500\u2500\u2510\u250c\u2500\u2500\u2500\u2500\u2500\u2500\u2500\u2500\u2534\u2500\u2500\u2500\u2500\u2500\u2500\u2500\u2500\u2510\u250c\u2500\u2500\u2500\u2500\u2500\u2500\u2500\u2500\u2534\u2500\u2500\u2500\u2500\u2500\u2500\u2500\u2500\u2510\u250c\u2500\u2500\u2500\u2500\u2500\u2500\u2500\u2500\u2534\u2500\u2500\u2500\u2500\u2500\u2500\u2500\u2500\u2510\u250c\u2500\u2500\u2500\u2500\u2500\u2500\u2500\u2500\u2534\u2500\u2500\u2500\u2500\u2500\u2500\u2500\u2500\u2510\u250c\u2500\u2500\u2500\u2500\u2500\u2500\u2500\u2500\u2534\u2500\u2500\u2500\u2500\u2500\u2500\u2500\u2500\u2510\n                   \u2502    TABLE_SCAN   \u2502                   \u2502    TABLE_SCAN   \u2502\u2502      FILTER     \u2502                   \u2502    PROJECTION   \u2502\u2502    PROJECTION   \u2502\u2502      FILTER     \u2502\u2502    PROJECTION   \u2502\u2502    PROJECTION   \u2502\u2502      FILTER     \u2502\n                   \u2502    \u2500\u2500\u2500\u2500\u2500\u2500\u2500\u2500\u2500\u2500   \u2502                   \u2502    \u2500\u2500\u2500\u2500\u2500\u2500\u2500\u2500\u2500\u2500   \u2502\u2502    \u2500\u2500\u2500\u2500\u2500\u2500\u2500\u2500\u2500\u2500   \u2502                   \u2502    \u2500\u2500\u2500\u2500\u2500\u2500\u2500\u2500\u2500\u2500   \u2502\u2502    \u2500\u2500\u2500\u2500\u2500\u2500\u2500\u2500\u2500\u2500   \u2502\u2502    \u2500\u2500\u2500\u2500\u2500\u2500\u2500\u2500\u2500\u2500   \u2502\u2502    \u2500\u2500\u2500\u2500\u2500\u2500\u2500\u2500\u2500\u2500   \u2502\u2502    \u2500\u2500\u2500\u2500\u2500\u2500\u2500\u2500\u2500\u2500   \u2502\u2502    \u2500\u2500\u2500\u2500\u2500\u2500\u2500\u2500\u2500\u2500   \u2502\n                   \u2502      Table:     \u2502                   \u2502      Table:     \u2502\u2502  (((d_qoy = 3)  \u2502                   \u2502        #0       \u2502\u2502        #0       \u2502\u2502 ((d_qoy = 1) AND\u2502\u2502        #0       \u2502\u2502        #0       \u2502\u2502 ((d_qoy = 1) AND\u2502\n                   \u2502     date_dim    \u2502                   \u2502    web_sales    \u2502\u2502   AND (d_year = \u2502                   \u2502        #3       \u2502\u2502        #3       \u2502\u2502 (d_year = 2000))\u2502\u2502        #3       \u2502\u2502        #3       \u2502\u2502 (d_year = 2000))\u2502\n                   \u2502                 \u2502                   \u2502                 \u2502\u2502   2000)) OR ((  \u2502                   \u2502                 \u2502\u2502                 \u2502\u2502                 \u2502\u2502                 \u2502\u2502                 \u2502\u2502                 \u2502\n                   \u2502      Type:      \u2502                   \u2502      Type:      \u2502\u2502 (d_qoy = 1) AND \u2502                   \u2502                 \u2502\u2502                 \u2502\u2502                 \u2502\u2502                 \u2502\u2502                 \u2502\u2502                 \u2502\n                   \u2502 Sequential Scan \u2502                   \u2502 Sequential Scan \u2502\u2502 (d_year = 2000))\u2502                   \u2502                 \u2502\u2502                 \u2502\u2502                 \u2502\u2502                 \u2502\u2502                 \u2502\u2502                 \u2502\n                   \u2502                 \u2502                   \u2502                 \u2502\u2502  OR ((d_qoy = 2)\u2502                   \u2502                 \u2502\u2502                 \u2502\u2502                 \u2502\u2502                 \u2502\u2502                 \u2502\u2502                 \u2502\n                   \u2502   Projections:  \u2502                   \u2502   Projections:  \u2502\u2502   AND (d_year = \u2502                   \u2502                 \u2502\u2502                 \u2502\u2502                 \u2502\u2502                 \u2502\u2502                 \u2502\u2502                 \u2502\n                   \u2502    d_date_sk    \u2502                   \u2502 ws_sold_date_sk \u2502\u2502     2000))))    \u2502                   \u2502                 \u2502\u2502                 \u2502\u2502                 \u2502\u2502                 \u2502\u2502                 \u2502\u2502                 \u2502\n                   \u2502      d_qoy      \u2502                   \u2502 ws_bill_addr_sk \u2502\u2502                 \u2502                   \u2502                 \u2502\u2502                 \u2502\u2502                 \u2502\u2502                 \u2502\u2502                 \u2502\u2502                 \u2502\n                   \u2502      d_year     \u2502                   \u2502ws_ext_sales_pric\u2502\u2502                 \u2502                   \u2502                 \u2502\u2502                 \u2502\u2502                 \u2502\u2502                 \u2502\u2502                 \u2502\u2502                 \u2502\n                   \u2502                 \u2502                   \u2502        e        \u2502\u2502                 \u2502                   \u2502                 \u2502\u2502                 \u2502\u2502                 \u2502\u2502                 \u2502\u2502                 \u2502\u2502                 \u2502\n                   \u2502     Filters:    \u2502                   \u2502                 \u2502\u2502                 \u2502                   \u2502                 \u2502\u2502                 \u2502\u2502                 \u2502\u2502                 \u2502\u2502                 \u2502\u2502                 \u2502\n                   \u2502    d_date_sk>   \u2502                   \u2502                 \u2502\u2502                 \u2502                   \u2502                 \u2502\u2502                 \u2502\u2502                 \u2502\u2502                 \u2502\u2502                 \u2502\u2502                 \u2502\n                   \u2502   =2450816 AND  \u2502                   \u2502                 \u2502\u2502                 \u2502                   \u2502                 \u2502\u2502                 \u2502\u2502                 \u2502\u2502                 \u2502\u2502                 \u2502\u2502                 \u2502\n                   \u2502    d_date_sk<   \u2502                   \u2502                 \u2502\u2502                 \u2502                   \u2502                 \u2502\u2502                 \u2502\u2502                 \u2502\u2502                 \u2502\u2502                 \u2502\u2502                 \u2502\n                   \u2502     =2452642    \u2502                   \u2502                 \u2502\u2502                 \u2502                   \u2502                 \u2502\u2502                 \u2502\u2502                 \u2502\u2502                 \u2502\u2502                 \u2502\u2502                 \u2502\n                   \u2502                 \u2502                   \u2502                 \u2502\u2502                 \u2502                   \u2502                 \u2502\u2502                 \u2502\u2502                 \u2502\u2502                 \u2502\u2502                 \u2502\u2502                 \u2502\n                   \u2502    1,827 rows   \u2502                   \u2502   811,689 rows  \u2502\u2502     274 rows    \u2502                   \u2502    1,847 rows   \u2502\u2502    1,847 rows   \u2502\u2502    1,847 rows   \u2502\u2502    1,845 rows   \u2502\u2502    1,847 rows   \u2502\u2502    1,843 rows   \u2502\n                   \u2502     (0.01s)     \u2502                   \u2502     (2.95s)     \u2502\u2502     (0.00s)     \u2502                   \u2502     (0.00s)     \u2502\u2502     (0.00s)     \u2502\u2502     (0.00s)     \u2502\u2502     (0.00s)     \u2502\u2502     (0.00s)     \u2502\u2502     (0.00s)     \u2502\n                   \u2514\u2500\u2500\u2500\u2500\u2500\u2500\u2500\u2500\u2500\u2500\u2500\u2500\u2500\u2500\u2500\u2500\u2500\u2518                   \u2514\u2500\u2500\u2500\u2500\u2500\u2500\u2500\u2500\u2500\u2500\u2500\u2500\u2500\u2500\u2500\u2500\u2500\u2518\u2514\u2500\u2500\u2500\u2500\u2500\u2500\u2500\u2500\u252c\u2500\u2500\u2500\u2500\u2500\u2500\u2500\u2500\u2518                   \u2514\u2500\u2500\u2500\u2500\u2500\u2500\u2500\u2500\u252c\u2500\u2500\u2500\u2500\u2500\u2500\u2500\u2500\u2518\u2514\u2500\u2500\u2500\u2500\u2500\u2500\u2500\u2500\u252c\u2500\u2500\u2500\u2500\u2500\u2500\u2500\u2500\u2518\u2514\u2500\u2500\u2500\u2500\u2500\u2500\u2500\u2500\u252c\u2500\u2500\u2500\u2500\u2500\u2500\u2500\u2500\u2518\u2514\u2500\u2500\u2500\u2500\u2500\u2500\u2500\u2500\u252c\u2500\u2500\u2500\u2500\u2500\u2500\u2500\u2500\u2518\u2514\u2500\u2500\u2500\u2500\u2500\u2500\u2500\u2500\u252c\u2500\u2500\u2500\u2500\u2500\u2500\u2500\u2500\u2518\u2514\u2500\u2500\u2500\u2500\u2500\u2500\u2500\u2500\u252c\u2500\u2500\u2500\u2500\u2500\u2500\u2500\u2500\u2518\n                                                                            \u250c\u2500\u2500\u2500\u2500\u2500\u2500\u2500\u2500\u2534\u2500\u2500\u2500\u2500\u2500\u2500\u2500\u2500\u2510                   \u250c\u2500\u2500\u2500\u2500\u2500\u2500\u2500\u2500\u2534\u2500\u2500\u2500\u2500\u2500\u2500\u2500\u2500\u2510\u250c\u2500\u2500\u2500\u2500\u2500\u2500\u2500\u2500\u2534\u2500\u2500\u2500\u2500\u2500\u2500\u2500\u2500\u2510\u250c\u2500\u2500\u2500\u2500\u2500\u2500\u2500\u2500\u2534\u2500\u2500\u2500\u2500\u2500\u2500\u2500\u2500\u2510\u250c\u2500\u2500\u2500\u2500\u2500\u2500\u2500\u2500\u2534\u2500\u2500\u2500\u2500\u2500\u2500\u2500\u2500\u2510\u250c\u2500\u2500\u2500\u2500\u2500\u2500\u2500\u2500\u2534\u2500\u2500\u2500\u2500\u2500\u2500\u2500\u2500\u2510\u250c\u2500\u2500\u2500\u2500\u2500\u2500\u2500\u2500\u2534\u2500\u2500\u2500\u2500\u2500\u2500\u2500\u2500\u2510\n                                                                            \u2502    TABLE_SCAN   \u2502                   \u2502      FILTER     \u2502\u2502      FILTER     \u2502\u2502     CTE_SCAN    \u2502\u2502      FILTER     \u2502\u2502      FILTER     \u2502\u2502     CTE_SCAN    \u2502\n                                                                            \u2502    \u2500\u2500\u2500\u2500\u2500\u2500\u2500\u2500\u2500\u2500   \u2502                   \u2502    \u2500\u2500\u2500\u2500\u2500\u2500\u2500\u2500\u2500\u2500   \u2502\u2502    \u2500\u2500\u2500\u2500\u2500\u2500\u2500\u2500\u2500\u2500   \u2502\u2502    \u2500\u2500\u2500\u2500\u2500\u2500\u2500\u2500\u2500\u2500   \u2502\u2502    \u2500\u2500\u2500\u2500\u2500\u2500\u2500\u2500\u2500\u2500   \u2502\u2502    \u2500\u2500\u2500\u2500\u2500\u2500\u2500\u2500\u2500\u2500   \u2502\u2502    \u2500\u2500\u2500\u2500\u2500\u2500\u2500\u2500\u2500\u2500   \u2502\n                                                                            \u2502      Table:     \u2502                   \u2502 ((d_qoy = 2) AND\u2502\u2502 ((d_qoy = 3) AND\u2502\u2502    CTE Index:   \u2502\u2502 ((d_qoy = 2) AND\u2502\u2502 ((d_qoy = 3) AND\u2502\u2502    CTE Index:   \u2502\n                                                                            \u2502     date_dim    \u2502                   \u2502 (d_year = 2000))\u2502\u2502 (d_year = 2000))\u2502\u2502        0        \u2502\u2502 (d_year = 2000))\u2502\u2502 (d_year = 2000))\u2502\u2502        10       \u2502\n                                                                            \u2502                 \u2502                   \u2502                 \u2502\u2502                 \u2502\u2502                 \u2502\u2502                 \u2502\u2502                 \u2502\u2502                 \u2502\n                                                                            \u2502      Type:      \u2502                   \u2502                 \u2502\u2502                 \u2502\u2502                 \u2502\u2502                 \u2502\u2502                 \u2502\u2502                 \u2502\n                                                                            \u2502 Sequential Scan \u2502                   \u2502                 \u2502\u2502                 \u2502\u2502                 \u2502\u2502                 \u2502\u2502                 \u2502\u2502                 \u2502\n                                                                            \u2502                 \u2502                   \u2502                 \u2502\u2502                 \u2502\u2502                 \u2502\u2502                 \u2502\u2502                 \u2502\u2502                 \u2502\n                                                                            \u2502   Projections:  \u2502                   \u2502                 \u2502\u2502                 \u2502\u2502                 \u2502\u2502                 \u2502\u2502                 \u2502\u2502                 \u2502\n                                                                            \u2502    d_date_sk    \u2502                   \u2502                 \u2502\u2502                 \u2502\u2502                 \u2502\u2502                 \u2502\u2502                 \u2502\u2502                 \u2502\n                                                                            \u2502      d_qoy      \u2502                   \u2502                 \u2502\u2502                 \u2502\u2502                 \u2502\u2502                 \u2502\u2502                 \u2502\u2502                 \u2502\n                                                                            \u2502      d_year     \u2502                   \u2502                 \u2502\u2502                 \u2502\u2502                 \u2502\u2502                 \u2502\u2502                 \u2502\u2502                 \u2502\n                                                                            \u2502                 \u2502                   \u2502                 \u2502\u2502                 \u2502\u2502                 \u2502\u2502                 \u2502\u2502                 \u2502\u2502                 \u2502\n                                                                            \u2502     Filters:    \u2502                   \u2502                 \u2502\u2502                 \u2502\u2502                 \u2502\u2502                 \u2502\u2502                 \u2502\u2502                 \u2502\n                                                                            \u2502    d_date_sk>   \u2502                   \u2502                 \u2502\u2502                 \u2502\u2502                 \u2502\u2502                 \u2502\u2502                 \u2502\u2502                 \u2502\n                                                                            \u2502   =2450816 AND  \u2502                   \u2502                 \u2502\u2502                 \u2502\u2502                 \u2502\u2502                 \u2502\u2502                 \u2502\u2502                 \u2502\n                                                                            \u2502    d_date_sk<   \u2502                   \u2502                 \u2502\u2502                 \u2502\u2502                 \u2502\u2502                 \u2502\u2502                 \u2502\u2502                 \u2502\n                                                                            \u2502     =2452642    \u2502                   \u2502                 \u2502\u2502                 \u2502\u2502                 \u2502\u2502                 \u2502\u2502                 \u2502\u2502                 \u2502\n                                                                            \u2502                 \u2502                   \u2502                 \u2502\u2502                 \u2502\u2502                 \u2502\u2502                 \u2502\u2502                 \u2502\u2502                 \u2502\n                                                                            \u2502    1,827 rows   \u2502                   \u2502    1,847 rows   \u2502\u2502    1,847 rows   \u2502\u2502    5,541 rows   \u2502\u2502    1,845 rows   \u2502\u2502    1,847 rows   \u2502\u2502    5,535 rows   \u2502\n                                                                            \u2502     (0.01s)     \u2502                   \u2502     (0.00s)     \u2502\u2502     (0.00s)     \u2502\u2502     (0.00s)     \u2502\u2502     (0.00s)     \u2502\u2502     (0.00s)     \u2502\u2502     (0.00s)     \u2502\n                                                                            \u2514\u2500\u2500\u2500\u2500\u2500\u2500\u2500\u2500\u2500\u2500\u2500\u2500\u2500\u2500\u2500\u2500\u2500\u2518                   \u2514\u2500\u2500\u2500\u2500\u2500\u2500\u2500\u2500\u252c\u2500\u2500\u2500\u2500\u2500\u2500\u2500\u2500\u2518\u2514\u2500\u2500\u2500\u2500\u2500\u2500\u2500\u2500\u252c\u2500\u2500\u2500\u2500\u2500\u2500\u2500\u2500\u2518\u2514\u2500\u2500\u2500\u2500\u2500\u2500\u2500\u2500\u2500\u2500\u2500\u2500\u2500\u2500\u2500\u2500\u2500\u2518\u2514\u2500\u2500\u2500\u2500\u2500\u2500\u2500\u2500\u252c\u2500\u2500\u2500\u2500\u2500\u2500\u2500\u2500\u2518\u2514\u2500\u2500\u2500\u2500\u2500\u2500\u2500\u2500\u252c\u2500\u2500\u2500\u2500\u2500\u2500\u2500\u2500\u2518\u2514\u2500\u2500\u2500\u2500\u2500\u2500\u2500\u2500\u2500\u2500\u2500\u2500\u2500\u2500\u2500\u2500\u2500\u2518\n                                                                                                                  \u250c\u2500\u2500\u2500\u2500\u2500\u2500\u2500\u2500\u2534\u2500\u2500\u2500\u2500\u2500\u2500\u2500\u2500\u2510\u250c\u2500\u2500\u2500\u2500\u2500\u2500\u2500\u2500\u2534\u2500\u2500\u2500\u2500\u2500\u2500\u2500\u2500\u2510                   \u250c\u2500\u2500\u2500\u2500\u2500\u2500\u2500\u2500\u2534\u2500\u2500\u2500\u2500\u2500\u2500\u2500\u2500\u2510\u250c\u2500\u2500\u2500\u2500\u2500\u2500\u2500\u2500\u2534\u2500\u2500\u2500\u2500\u2500\u2500\u2500\u2500\u2510\n                                                                                                                  \u2502     CTE_SCAN    \u2502\u2502     CTE_SCAN    \u2502                   \u2502     CTE_SCAN    \u2502\u2502     CTE_SCAN    \u2502\n                                                                                                                  \u2502    \u2500\u2500\u2500\u2500\u2500\u2500\u2500\u2500\u2500\u2500   \u2502\u2502    \u2500\u2500\u2500\u2500\u2500\u2500\u2500\u2500\u2500\u2500   \u2502                   \u2502    \u2500\u2500\u2500\u2500\u2500\u2500\u2500\u2500\u2500\u2500   \u2502\u2502    \u2500\u2500\u2500\u2500\u2500\u2500\u2500\u2500\u2500\u2500   \u2502\n                                                                                                                  \u2502    CTE Index:   \u2502\u2502    CTE Index:   \u2502                   \u2502    CTE Index:   \u2502\u2502    CTE Index:   \u2502\n                                                                                                                  \u2502        0        \u2502\u2502        0        \u2502                   \u2502        10       \u2502\u2502        10       \u2502\n                                                                                                                  \u2502                 \u2502\u2502                 \u2502                   \u2502                 \u2502\u2502                 \u2502\n                                                                                                                  \u2502    5,541 rows   \u2502\u2502    5,541 rows   \u2502                   \u2502    5,535 rows   \u2502\u2502    5,535 rows   \u2502\n                                                                                                                  \u2502     (0.00s)     \u2502\u2502     (0.00s)     \u2502                   \u2502     (0.00s)     \u2502\u2502     (0.00s)     \u2502\n                                                                                                                  \u2514\u2500\u2500\u2500\u2500\u2500\u2500\u2500\u2500\u2500\u2500\u2500\u2500\u2500\u2500\u2500\u2500\u2500\u2518\u2514\u2500\u2500\u2500\u2500\u2500\u2500\u2500\u2500\u2500\u2500\u2500\u2500\u2500\u2500\u2500\u2500\u2500\u2518                   \u2514\u2500\u2500\u2500\u2500\u2500\u2500\u2500\u2500\u2500\u2500\u2500\u2500\u2500\u2500\u2500\u2500\u2500\u2518\u2514\u2500\u2500\u2500\u2500\u2500\u2500\u2500\u2500\u2500\u2500\u2500\u2500\u2500\u2500\u2500\u2500\u2500\u2518\n",
  "plan_json": {
    "total_bytes_written": 0,
    "total_bytes_read": 0,
    "rows_returned": 0,
    "latency": 0.0,
    "result_set_size": 0,
    "query_name": "",
    "blocked_thread_time": 0.0,
    "system_peak_buffer_memory": 0,
    "system_peak_temp_dir_size": 0,
    "cpu_time": 0.0,
    "extra_info": {},
    "cumulative_cardinality": 0,
    "cumulative_rows_scanned": 0,
    "children": [
      {
        "total_bytes_written": 0,
        "total_bytes_read": 0,
        "result_set_size": 0,
        "operator_name": "EXPLAIN_ANALYZE",
        "cpu_time": 0.0,
        "extra_info": {},
        "cumulative_cardinality": 0,
        "operator_type": "EXPLAIN_ANALYZE",
        "operator_cardinality": 0,
        "cumulative_rows_scanned": 0,
        "operator_rows_scanned": 0,
        "operator_timing": 4.25e-07,
        "children": [
          {
            "total_bytes_written": 0,
            "total_bytes_read": 0,
            "result_set_size": 0,
            "operator_name": "CTE",
            "cpu_time": 0.0,
            "extra_info": {
              "CTE Name": "ss",
              "Table Index": "0",
              "Estimated Cardinality": "18446744073709551615"
            },
            "cumulative_cardinality": 0,
            "operator_type": "CTE",
            "operator_cardinality": 0,
            "cumulative_rows_scanned": 0,
            "operator_rows_scanned": 0,
            "operator_timing": 0.00028909599999999997,
            "children": [
              {
                "total_bytes_written": 0,
                "total_bytes_read": 0,
                "result_set_size": 221640,
                "operator_name": "PROJECTION",
                "cpu_time": 0.0,
                "extra_info": {
                  "Projections": [
                    "#0",
                    "__internal_decompress_integral_integer(#1, 1)",
                    "__internal_decompress_integral_integer(#2, 1900)",
                    "#3"
                  ],
                  "Estimated Cardinality": "6550978"
                },
                "cumulative_cardinality": 0,
                "operator_type": "PROJECTION",
                "operator_cardinality": 5541,
                "cumulative_rows_scanned": 0,
                "operator_rows_scanned": 0,
                "operator_timing": 0.00011097299999999998,
                "children": [
                  {
                    "total_bytes_written": 0,
                    "total_bytes_read": 0,
                    "result_set_size": 188394,
                    "operator_name": "HASH_GROUP_BY",
                    "cpu_time": 0.0,
                    "extra_info": {
                      "Groups": [
                        "#0",
                        "#1",
                        "#2"
                      ],
                      "Aggregates": "sum(#3)",
                      "Estimated Cardinality": "6550978"
                    },
                    "cumulative_cardinality": 0,
                    "operator_type": "HASH_GROUP_BY",
                    "operator_cardinality": 5541,
                    "cumulative_rows_scanned": 0,
                    "operator_rows_scanned": 0,
                    "operator_timing": 0.38702212999999996,
                    "children": [
                      {
                        "total_bytes_written": 0,
                        "total_bytes_read": 0,
                        "result_set_size": 66497728,
                        "operator_name": "PROJECTION",
                        "cpu_time": 0.0,
                        "extra_info": {
                          "Projections": [
                            "ca_county",
                            "d_qoy",
                            "d_year",
                            "ss_ext_sales_price"
                          ],
                          "Estimated Cardinality": "6550979"
                        },
                        "cumulative_cardinality": 0,
                        "operator_type": "PROJECTION",
                        "operator_cardinality": 3022624,
                        "cumulative_rows_scanned": 0,
                        "operator_rows_scanned": 0,
                        "operator_timing": 0.006133826,
                        "children": [
                          {
                            "total_bytes_written": 0,
                            "total_bytes_read": 0,
                            "result_set_size": 66497728,
                            "operator_name": "PROJECTION",
                            "cpu_time": 0.0,
                            "extra_info": {
                              "Projections": [
                                "#0",
                                "__internal_compress_integral_utinyint(#1, 1)",
                                "__internal_compress_integral_utinyint(#2, 1900)",
                                "#3"
                              ],
                              "Estimated Cardinality": "6550979"
                            },
                            "cumulative_cardinality": 0,
                            "operator_type": "PROJECTION",
                            "operator_cardinality": 3022624,
                            "cumulative_rows_scanned": 0,
                            "operator_rows_scanned": 0,
                            "operator_timing": 0.041191101,
                            "children": [
                              {
                                "total_bytes_written": 0,
                                "total_bytes_read": 0,
                                "result_set_size": 84633472,
                                "operator_name": "HASH_JOIN",
                                "cpu_time": 0.0,
                                "extra_info": {
                                  "Join Type": "INNER",
                                  "Conditions": "ss_addr_sk = ca_address_sk",
                                  "Estimated Cardinality": "6550979"
                                },
                                "cumulative_cardinality": 0,
                                "operator_type": "HASH_JOIN",
                                "operator_cardinality": 3022624,
                                "cumulative_rows_scanned": 0,
                                "operator_rows_scanned": 0,
                                "operator_timing": 0.048127615,
                                "children": [
                                  {
                                    "total_bytes_written": 0,
                                    "total_bytes_read": 0,
                                    "result_set_size": 48361984,
                                    "operator_name": "HASH_JOIN",
                                    "cpu_time": 0.0,
                                    "extra_info": {
                                      "Join Type": "INNER",
                                      "Conditions": "ss_sold_date_sk = d_date_sk",
                                      "Estimated Cardinality": "5759882"
                                    },
                                    "cumulative_cardinality": 0,
                                    "operator_type": "HASH_JOIN",
                                    "operator_cardinality": 3022624,
                                    "cumulative_rows_scanned": 0,
                                    "operator_rows_scanned": 0,
                                    "operator_timing": 0.055993017000000006,
                                    "children": [
                                      {
                                        "total_bytes_written": 0,
                                        "total_bytes_read": 0,
                                        "result_set_size": 36271488,
                                        "operator_name": "SEQ_SCAN ",
                                        "cpu_time": 0.0,
                                        "extra_info": {
                                          "Table": "store_sales",
                                          "Type": "Sequential Scan",
                                          "Projections": [
                                            "ss_sold_date_sk",
                                            "ss_addr_sk",
                                            "ss_ext_sales_price"
                                          ],
                                          "Estimated Cardinality": "28800991"
                                        },
                                        "cumulative_cardinality": 0,
                                        "operator_type": "TABLE_SCAN",
                                        "operator_cardinality": 3022624,
                                        "cumulative_rows_scanned": 0,
                                        "operator_rows_scanned": 806427748,
                                        "operator_timing": 0.320813264,
                                        "children": []
                                      },
                                      {
                                        "total_bytes_written": 0,
                                        "total_bytes_read": 0,
                                        "result_set_size": 3288,
                                        "operator_name": "FILTER",
                                        "cpu_time": 0.0,
                                        "extra_info": {
                                          "Expression": "(((d_qoy = 3) AND (d_year = 2000)) OR (((d_qoy = 1) AND (d_year = 2000)) OR ((d_qoy = 2) AND (d_year = 2000))))",
                                          "Estimated Cardinality": "73049"
                                        },
                                        "cumulative_cardinality": 0,
                                        "operator_type": "FILTER",
                                        "operator_cardinality": 274,
                                        "cumulative_rows_scanned": 0,
                                        "operator_rows_scanned": 0,
                                        "operator_timing": 0.000110043,
                                        "children": [
                                          {
                                            "total_bytes_written": 0,
                                            "total_bytes_read": 0,
                                            "result_set_size": 21924,
                                            "operator_name": "SEQ_SCAN ",
                                            "cpu_time": 0.0,
                                            "extra_info": {
                                              "Table": "date_dim",
                                              "Type": "Sequential Scan",
                                              "Projections": [
                                                "d_date_sk",
                                                "d_qoy",
                                                "d_year"
                                              ],
                                              "Filters": "d_date_sk>=2450816 AND d_date_sk<=2452642",
                                              "Estimated Cardinality": "73049"
                                            },
                                            "cumulative_cardinality": 0,
                                            "operator_type": "TABLE_SCAN",
                                            "operator_cardinality": 1827,
                                            "cumulative_rows_scanned": 0,
                                            "operator_rows_scanned": 73049,
                                            "operator_timing": 0.000217238,
                                            "children": []
                                          }
                                        ]
                                      }
                                    ]
                                  },
                                  {
                                    "total_bytes_written": 0,
                                    "total_bytes_read": 0,
                                    "result_set_size": 5000000,
                                    "operator_name": "SEQ_SCAN ",
                                    "cpu_time": 0.0,
                                    "extra_info": {
                                      "Table": "customer_address",
                                      "Type": "Sequential Scan",
                                      "Projections": [
                                        "ca_address_sk",
                                        "ca_county"
                                      ],
                                      "Estimated Cardinality": "250000"
                                    },
                                    "cumulative_cardinality": 0,
                                    "operator_type": "TABLE_SCAN",
                                    "operator_cardinality": 250000,
                                    "cumulative_rows_scanned": 0,
                                    "operator_rows_scanned": 750000,
                                    "operator_timing": 0.004684455999999998,
                                    "children": []
                                  }
                                ]
                              }
                            ]
                          }
                        ]
                      }
                    ]
                  }
                ]
              },
              {
                "total_bytes_written": 0,
                "total_bytes_read": 0,
                "result_set_size": 0,
                "operator_name": "CTE",
                "cpu_time": 0.0,
                "extra_info": {
                  "CTE Name": "ws",
                  "Table Index": "10",
                  "Estimated Cardinality": "18446744073709551615"
                },
                "cumulative_cardinality": 0,
                "operator_type": "CTE",
                "operator_cardinality": 0,
                "cumulative_rows_scanned": 0,
                "operator_rows_scanned": 0,
                "operator_timing": 0.000527394,
                "children": [
                  {
                    "total_bytes_written": 0,
                    "total_bytes_read": 0,
                    "result_set_size": 221400,
                    "operator_name": "PROJECTION",
                    "cpu_time": 0.0,
                    "extra_info": {
                      "Projections": [
                        "#0",
                        "__internal_decompress_integral_integer(#1, 1)",
                        "__internal_decompress_integral_integer(#2, 1900)",
                        "#3"
                      ],
                      "Estimated Cardinality": "1640918"
                    },
                    "cumulative_cardinality": 0,
                    "operator_type": "PROJECTION",
                    "operator_cardinality": 5535,
                    "cumulative_rows_scanned": 0,
                    "operator_rows_scanned": 0,
                    "operator_timing": 0.00011006,
                    "children": [
                      {
                        "total_bytes_written": 0,
                        "total_bytes_read": 0,
                        "result_set_size": 188190,
                        "operator_name": "HASH_GROUP_BY",
                        "cpu_time": 0.0,
                        "extra_info": {
                          "Groups": [
                            "#0",
                            "#1",
                            "#2"
                          ],
                          "Aggregates": "sum(#3)",
                          "Estimated Cardinality": "1640918"
                        },
                        "cumulative_cardinality": 0,
                        "operator_type": "HASH_GROUP_BY",
                        "operator_cardinality": 5535,
                        "cumulative_rows_scanned": 0,
                        "operator_rows_scanned": 0,
                        "operator_timing": 0.112066477,
                        "children": [
                          {
                            "total_bytes_written": 0,
                            "total_bytes_read": 0,
                            "result_set_size": 17857158,
                            "operator_name": "PROJECTION",
                            "cpu_time": 0.0,
                            "extra_info": {
                              "Projections": [
                                "ca_county",
                                "d_qoy",
                                "d_year",
                                "ws_ext_sales_price"
                              ],
                              "Estimated Cardinality": "1640919"
                            },
                            "cumulative_cardinality": 0,
                            "operator_type": "PROJECTION",
                            "operator_cardinality": 811689,
                            "cumulative_rows_scanned": 0,
                            "operator_rows_scanned": 0,
                            "operator_timing": 0.002031625,
                            "children": [
                              {
                                "total_bytes_written": 0,
                                "total_bytes_read": 0,
                                "result_set_size": 17857158,
                                "operator_name": "PROJECTION",
                                "cpu_time": 0.0,
                                "extra_info": {
                                  "Projections": [
                                    "#0",
                                    "__internal_compress_integral_utinyint(#1, 1)",
                                    "__internal_compress_integral_utinyint(#2, 1900)",
                                    "#3"
                                  ],
                                  "Estimated Cardinality": "1640919"
                                },
                                "cumulative_cardinality": 0,
                                "operator_type": "PROJECTION",
                                "operator_cardinality": 811689,
                                "cumulative_rows_scanned": 0,
                                "operator_rows_scanned": 0,
                                "operator_timing": 0.009021037,
                                "children": [
                                  {
                                    "total_bytes_written": 0,
                                    "total_bytes_read": 0,
                                    "result_set_size": 22727292,
                                    "operator_name": "HASH_JOIN",
                                    "cpu_time": 0.0,
                                    "extra_info": {
                                      "Join Type": "INNER",
                                      "Conditions": "ws_bill_addr_sk = ca_address_sk",
                                      "Estimated Cardinality": "1640919"
                                    },
                                    "cumulative_cardinality": 0,
                                    "operator_type": "HASH_JOIN",
                                    "operator_cardinality": 811689,
                                    "cumulative_rows_scanned": 0,
                                    "operator_rows_scanned": 0,
                                    "operator_timing": 0.031610543,
                                    "children": [
                                      {
                                        "total_bytes_written": 0,
                                        "total_bytes_read": 0,
                                        "result_set_size": 12987024,
                                        "operator_name": "HASH_JOIN",
                                        "cpu_time": 0.0,
                                        "extra_info": {
                                          "Join Type": "INNER",
                                          "Conditions": "ws_sold_date_sk = d_date_sk",
                                          "Estimated Cardinality": "1439434"
                                        },
                                        "cumulative_cardinality": 0,
                                        "operator_type": "HASH_JOIN",
                                        "operator_cardinality": 811689,
                                        "cumulative_rows_scanned": 0,
                                        "operator_rows_scanned": 0,
                                        "operator_timing": 0.014004866999999997,
                                        "children": [
                                          {
                                            "total_bytes_written": 0,
                                            "total_bytes_read": 0,
                                            "result_set_size": 9740268,
                                            "operator_name": "SEQ_SCAN ",
                                            "cpu_time": 0.0,
                                            "extra_info": {
                                              "Table": "web_sales",
                                              "Type": "Sequential Scan",
                                              "Projections": [
                                                "ws_sold_date_sk",
                                                "ws_bill_addr_sk",
                                                "ws_ext_sales_price"
                                              ],
                                              "Estimated Cardinality": "7197566"
                                            },
                                            "cumulative_cardinality": 0,
                                            "operator_type": "TABLE_SCAN",
                                            "operator_cardinality": 811689,
                                            "cumulative_rows_scanned": 0,
                                            "operator_rows_scanned": 201531848,
                                            "operator_timing": 0.06453635999999999,
                                            "children": []
                                          },
                                          {
                                            "total_bytes_written": 0,
                                            "total_bytes_read": 0,
                                            "result_set_size": 3288,
                                            "operator_name": "FILTER",
                                            "cpu_time": 0.0,
                                            "extra_info": {
                                              "Expression": "(((d_qoy = 3) AND (d_year = 2000)) OR (((d_qoy = 1) AND (d_year = 2000)) OR ((d_qoy = 2) AND (d_year = 2000))))",
                                              "Estimated Cardinality": "73049"
                                            },
                                            "cumulative_cardinality": 0,
                                            "operator_type": "FILTER",
                                            "operator_cardinality": 274,
                                            "cumulative_rows_scanned": 0,
                                            "operator_rows_scanned": 0,
                                            "operator_timing": 9.6216e-05,
                                            "children": [
                                              {
                                                "total_bytes_written": 0,
                                                "total_bytes_read": 0,
                                                "result_set_size": 21924,
                                                "operator_name": "SEQ_SCAN ",
                                                "cpu_time": 0.0,
                                                "extra_info": {
                                                  "Table": "date_dim",
                                                  "Type": "Sequential Scan",
                                                  "Projections": [
                                                    "d_date_sk",
                                                    "d_qoy",
                                                    "d_year"
                                                  ],
                                                  "Filters": "d_date_sk>=2450816 AND d_date_sk<=2452642",
                                                  "Estimated Cardinality": "73049"
                                                },
                                                "cumulative_cardinality": 0,
                                                "operator_type": "TABLE_SCAN",
                                                "operator_cardinality": 1827,
                                                "cumulative_rows_scanned": 0,
                                                "operator_rows_scanned": 73049,
                                                "operator_timing": 0.000192885,
                                                "children": []
                                              }
                                            ]
                                          }
                                        ]
                                      },
                                      {
                                        "total_bytes_written": 0,
                                        "total_bytes_read": 0,
                                        "result_set_size": 5000000,
                                        "operator_name": "SEQ_SCAN ",
                                        "cpu_time": 0.0,
                                        "extra_info": {
                                          "Table": "customer_address",
                                          "Type": "Sequential Scan",
                                          "Projections": [
                                            "ca_address_sk",
                                            "ca_county"
                                          ],
                                          "Estimated Cardinality": "250000"
                                        },
                                        "cumulative_cardinality": 0,
                                        "operator_type": "TABLE_SCAN",
                                        "operator_cardinality": 250000,
                                        "cumulative_rows_scanned": 0,
                                        "operator_rows_scanned": 750000,
                                        "operator_timing": 0.004796531,
                                        "children": []
                                      }
                                    ]
                                  }
                                ]
                              }
                            ]
                          }
                        ]
                      }
                    ]
                  },
                  {
                    "total_bytes_written": 0,
                    "total_bytes_read": 0,
                    "result_set_size": 15964,
                    "operator_name": "ORDER_BY",
                    "cpu_time": 0.0,
                    "extra_info": {
                      "Order By": "(ws2.web_sales / ws1.web_sales) ASC"
                    },
                    "cumulative_cardinality": 0,
                    "operator_type": "ORDER_BY",
                    "operator_cardinality": 307,
                    "cumulative_rows_scanned": 0,
                    "operator_rows_scanned": 0,
                    "operator_timing": 0.001330847,
                    "children": [
                      {
                        "total_bytes_written": 0,
                        "total_bytes_read": 0,
                        "result_set_size": 15964,
                        "operator_name": "PROJECTION",
                        "cpu_time": 0.0,
                        "extra_info": {
                          "Projections": [
                            "ca_county",
                            "d_year",
                            "web_q1_q2_increase",
                            "store_q1_q2_increase",
                            "web_q2_q3_increase",
                            "store_q2_q3_increase"
                          ],
                          "Estimated Cardinality": "18446744073709551615"
                        },
                        "cumulative_cardinality": 0,
                        "operator_type": "PROJECTION",
                        "operator_cardinality": 307,
                        "cumulative_rows_scanned": 0,
                        "operator_rows_scanned": 0,
                        "operator_timing": 0.000325658,
                        "children": [
                          {
                            "total_bytes_written": 0,
                            "total_bytes_read": 0,
                            "result_set_size": 30700,
                            "operator_name": "PROJECTION",
                            "cpu_time": 0.0,
                            "extra_info": {
                              "Projections": [
                                "ca_county",
                                "d_year",
                                "CAST(web_sales AS DOUBLE)",
                                "web_sales",
                                "CAST(store_sales AS DOUBLE)",
                                "store_sales",
                                "web_sales",
                                "store_sales"
                              ],
                              "Estimated Cardinality": "18446744073709551615"
                            },
                            "cumulative_cardinality": 0,
                            "operator_type": "PROJECTION",
                            "operator_cardinality": 307,
                            "cumulative_rows_scanned": 0,
                            "operator_rows_scanned": 0,
                            "operator_timing": 0.000135545,
                            "children": [
                              {
                                "total_bytes_written": 0,
                                "total_bytes_read": 0,
                                "result_set_size": 35612,
                                "operator_name": "HASH_JOIN",
                                "cpu_time": 0.0,
                                "extra_info": {
                                  "Join Type": "INNER",
                                  "Conditions": [
                                    "ca_county = ca_county",
                                    "ca_county = ca_county",
                                    "ca_county = ca_county",
                                    "CASE  WHEN ((store_sales > 0.00)) THEN ((CAST(store_sales AS DOUBLE) / CAST(store_sales AS DOUBLE))) ELSE NULL END < CASE  WHEN ((web_sales > 0.00)) THEN ((CAST(web_sales AS DOUBLE) / CAST(web_sales AS DOUBLE))) ELSE NULL END",
                                    "CASE  WHEN ((store_sales > 0.00)) THEN ((CAST(store_sales AS DOUBLE) / CAST(store_sales AS DOUBLE))) ELSE NULL END < CASE  WHEN ((web_sales > 0.00)) THEN ((CAST(web_sales AS DOUBLE) / CAST(web_sales AS DOUBLE))) ELSE NULL END"
                                  ],
                                  "Estimated Cardinality": "18446744073709551615"
                                },
                                "cumulative_cardinality": 0,
                                "operator_type": "HASH_JOIN",
                                "operator_cardinality": 307,
                                "cumulative_rows_scanned": 0,
                                "operator_rows_scanned": 0,
                                "operator_timing": 0.007282577999999999,
                                "children": [
                                  {
                                    "total_bytes_written": 0,
                                    "total_bytes_read": 0,
                                    "result_set_size": 125528,
                                    "operator_name": "HASH_JOIN",
                                    "cpu_time": 0.0,
                                    "extra_info": {
                                      "Join Type": "INNER",
                                      "Conditions": [
                                        "ca_county = ca_county",
                                        "ca_county = ca_county"
                                      ],
                                      "Estimated Cardinality": "35496233646984"
                                    },
                                    "cumulative_cardinality": 0,
                                    "operator_type": "HASH_JOIN",
                                    "operator_cardinality": 1846,
                                    "cumulative_rows_scanned": 0,
                                    "operator_rows_scanned": 0,
                                    "operator_timing": 0.005099494,
                                    "children": [
                                      {
                                        "total_bytes_written": 0,
                                        "total_bytes_read": 0,
                                        "result_set_size": 118144,
                                        "operator_name": "HASH_JOIN",
                                        "cpu_time": 0.0,
                                        "extra_info": {
                                          "Join Type": "INNER",
                                          "Conditions": "ca_county = ca_county",
                                          "Estimated Cardinality": "21565483797"
                                        },
                                        "cumulative_cardinality": 0,
                                        "operator_type": "HASH_JOIN",
                                        "operator_cardinality": 1846,
                                        "cumulative_rows_scanned": 0,
                                        "operator_rows_scanned": 0,
                                        "operator_timing": 0.0038463690000000005,
                                        "children": [
                                          {
                                            "total_bytes_written": 0,
                                            "total_bytes_read": 0,
                                            "result_set_size": 59104,
                                            "operator_name": "PROJECTION",
                                            "cpu_time": 0.0,
                                            "extra_info": {
                                              "Projections": [
                                                "#0",
                                                "#3"
                                              ],
                                              "Estimated Cardinality": "6550978"
                                            },
                                            "cumulative_cardinality": 0,
                                            "operator_type": "PROJECTION",
                                            "operator_cardinality": 1847,
                                            "cumulative_rows_scanned": 0,
                                            "operator_rows_scanned": 0,
                                            "operator_timing": 1.6076e-05,
                                            "children": [
                                              {
                                                "total_bytes_written": 0,
                                                "total_bytes_read": 0,
                                                "result_set_size": 73880,
                                                "operator_name": "FILTER",
                                                "cpu_time": 0.0,
                                                "extra_info": {
                                                  "Expression": "((d_qoy = 2) AND (d_year = 2000))",
                                                  "Estimated Cardinality": "6550978"
                                                },
                                                "cumulative_cardinality": 0,
                                                "operator_type": "FILTER",
                                                "operator_cardinality": 1847,
                                                "cumulative_rows_scanned": 0,
                                                "operator_rows_scanned": 0,
                                                "operator_timing": 0.000181501,
                                                "children": [
                                                  {
                                                    "total_bytes_written": 0,
                                                    "total_bytes_read": 0,
                                                    "result_set_size": 221640,
                                                    "operator_name": "CTE_SCAN",
                                                    "cpu_time": 0.0,
                                                    "extra_info": {
                                                      "CTE Index": "0",
                                                      "Estimated Cardinality": "6550978"
                                                    },
                                                    "cumulative_cardinality": 0,
                                                    "operator_type": "CTE_SCAN",
                                                    "operator_cardinality": 5541,
                                                    "cumulative_rows_scanned": 0,
                                                    "operator_rows_scanned": 0,
                                                    "operator_timing": 0.000319405,
                                                    "children": []
                                                  }
                                                ]
                                              }
                                            ]
                                          },
                                          {
                                            "total_bytes_written": 0,
                                            "total_bytes_read": 0,
                                            "result_set_size": 59104,
                                            "operator_name": "PROJECTION",
                                            "cpu_time": 0.0,
                                            "extra_info": {
                                              "Projections": [
                                                "#0",
                                                "#3"
                                              ],
                                              "Estimated Cardinality": "6550978"
                                            },
                                            "cumulative_cardinality": 0,
                                            "operator_type": "PROJECTION",
                                            "operator_cardinality": 1847,
                                            "cumulative_rows_scanned": 0,
                                            "operator_rows_scanned": 0,
                                            "operator_timing": 8.789e-06,
                                            "children": [
                                              {
                                                "total_bytes_written": 0,
                                                "total_bytes_read": 0,
                                                "result_set_size": 73880,
                                                "operator_name": "FILTER",
                                                "cpu_time": 0.0,
                                                "extra_info": {
                                                  "Expression": "((d_qoy = 3) AND (d_year = 2000))",
                                                  "Estimated Cardinality": "6550978"
                                                },
                                                "cumulative_cardinality": 0,
                                                "operator_type": "FILTER",
                                                "operator_cardinality": 1847,
                                                "cumulative_rows_scanned": 0,
                                                "operator_rows_scanned": 0,
                                                "operator_timing": 0.00018965699999999998,
                                                "children": [
                                                  {
                                                    "total_bytes_written": 0,
                                                    "total_bytes_read": 0,
                                                    "result_set_size": 221640,
                                                    "operator_name": "CTE_SCAN",
                                                    "cpu_time": 0.0,
                                                    "extra_info": {
                                                      "CTE Index": "0",
                                                      "Estimated Cardinality": "6550978"
                                                    },
                                                    "cumulative_cardinality": 0,
                                                    "operator_type": "CTE_SCAN",
                                                    "operator_cardinality": 5541,
                                                    "cumulative_rows_scanned": 0,
                                                    "operator_rows_scanned": 0,
                                                    "operator_timing": 7.148e-05,
                                                    "children": []
                                                  }
                                                ]
                                              }
                                            ]
                                          }
                                        ]
                                      },
                                      {
                                        "total_bytes_written": 0,
                                        "total_bytes_read": 0,
                                        "result_set_size": 66492,
                                        "operator_name": "PROJECTION",
                                        "cpu_time": 0.0,
                                        "extra_info": {
                                          "Projections": [
                                            "#0",
                                            "#2",
                                            "#3"
                                          ],
                                          "Estimated Cardinality": "6550978"
                                        },
                                        "cumulative_cardinality": 0,
                                        "operator_type": "PROJECTION",
                                        "operator_cardinality": 1847,
                                        "cumulative_rows_scanned": 0,
                                        "operator_rows_scanned": 0,
                                        "operator_timing": 1.6950999999999997e-05,
                                        "children": [
                                          {
                                            "total_bytes_written": 0,
                                            "total_bytes_read": 0,
                                            "result_set_size": 73880,
                                            "operator_name": "FILTER",
                                            "cpu_time": 0.0,
                                            "extra_info": {
                                              "Expression": "((d_qoy = 1) AND (d_year = 2000))",
                                              "Estimated Cardinality": "6550978"
                                            },
                                            "cumulative_cardinality": 0,
                                            "operator_type": "FILTER",
                                            "operator_cardinality": 1847,
                                            "cumulative_rows_scanned": 0,
                                            "operator_rows_scanned": 0,
                                            "operator_timing": 0.00036797600000000006,
                                            "children": [
                                              {
                                                "total_bytes_written": 0,
                                                "total_bytes_read": 0,
                                                "result_set_size": 221640,
                                                "operator_name": "CTE_SCAN",
                                                "cpu_time": 0.0,
                                                "extra_info": {
                                                  "CTE Index": "0",
                                                  "Estimated Cardinality": "6550978"
                                                },
                                                "cumulative_cardinality": 0,
                                                "operator_type": "CTE_SCAN",
                                                "operator_cardinality": 5541,
                                                "cumulative_rows_scanned": 0,
                                                "operator_rows_scanned": 0,
                                                "operator_timing": 0.000123407,
                                                "children": []
                                              }
                                            ]
                                          }
                                        ]
                                      }
                                    ]
                                  },
                                  {
                                    "total_bytes_written": 0,
                                    "total_bytes_read": 0,
                                    "result_set_size": 176640,
                                    "operator_name": "HASH_JOIN",
                                    "cpu_time": 0.0,
                                    "extra_info": {
                                      "Join Type": "INNER",
                                      "Conditions": [
                                        "ca_county = ca_county",
                                        "ca_county = ca_county"
                                      ],
                                      "Estimated Cardinality": "557859057268"
                                    },
                                    "cumulative_cardinality": 0,
                                    "operator_type": "HASH_JOIN",
                                    "operator_cardinality": 1840,
                                    "cumulative_rows_scanned": 0,
                                    "operator_rows_scanned": 0,
                                    "operator_timing": 0.0032503710000000015,
                                    "children": [
                                      {
                                        "total_bytes_written": 0,
                                        "total_bytes_read": 0,
                                        "result_set_size": 118016,
                                        "operator_name": "HASH_JOIN",
                                        "cpu_time": 0.0,
                                        "extra_info": {
                                          "Join Type": "INNER",
                                          "Conditions": "ca_county = ca_county",
                                          "Estimated Cardinality": "1353071297"
                                        },
                                        "cumulative_cardinality": 0,
                                        "operator_type": "HASH_JOIN",
                                        "operator_cardinality": 1844,
                                        "cumulative_rows_scanned": 0,
                                        "operator_rows_scanned": 0,
                                        "operator_timing": 0.0032611099999999994,
                                        "children": [
                                          {
                                            "total_bytes_written": 0,
                                            "total_bytes_read": 0,
                                            "result_set_size": 59040,
                                            "operator_name": "PROJECTION",
                                            "cpu_time": 0.0,
                                            "extra_info": {
                                              "Projections": [
                                                "#0",
                                                "#3"
                                              ],
                                              "Estimated Cardinality": "1640918"
                                            },
                                            "cumulative_cardinality": 0,
                                            "operator_type": "PROJECTION",
                                            "operator_cardinality": 1845,
                                            "cumulative_rows_scanned": 0,
                                            "operator_rows_scanned": 0,
                                            "operator_timing": 1.4017e-05,
                                            "children": [
                                              {
                                                "total_bytes_written": 0,
                                                "total_bytes_read": 0,
                                                "result_set_size": 73800,
                                                "operator_name": "FILTER",
                                                "cpu_time": 0.0,
                                                "extra_info": {
                                                  "Expression": "((d_qoy = 2) AND (d_year = 2000))",
                                                  "Estimated Cardinality": "1640918"
                                                },
                                                "cumulative_cardinality": 0,
                                                "operator_type": "FILTER",
                                                "operator_cardinality": 1845,
                                                "cumulative_rows_scanned": 0,
                                                "operator_rows_scanned": 0,
                                                "operator_timing": 0.00021770699999999998,
                                                "children": [
                                                  {
                                                    "total_bytes_written": 0,
                                                    "total_bytes_read": 0,
                                                    "result_set_size": 221400,
                                                    "operator_name": "CTE_SCAN",
                                                    "cpu_time": 0.0,
                                                    "extra_info": {
                                                      "CTE Index": "10",
                                                      "Estimated Cardinality": "1640918"
                                                    },
                                                    "cumulative_cardinality": 0,
                                                    "operator_type": "CTE_SCAN",
                                                    "operator_cardinality": 5535,
                                                    "cumulative_rows_scanned": 0,
                                                    "operator_rows_scanned": 0,
                                                    "operator_timing": 0.00010281800000000002,
                                                    "children": []
                                                  }
                                                ]
                                              }
                                            ]
                                          },
                                          {
                                            "total_bytes_written": 0,
                                            "total_bytes_read": 0,
                                            "result_set_size": 59104,
                                            "operator_name": "PROJECTION",
                                            "cpu_time": 0.0,
                                            "extra_info": {
                                              "Projections": [
                                                "#0",
                                                "#3"
                                              ],
                                              "Estimated Cardinality": "1640918"
                                            },
                                            "cumulative_cardinality": 0,
                                            "operator_type": "PROJECTION",
                                            "operator_cardinality": 1847,
                                            "cumulative_rows_scanned": 0,
                                            "operator_rows_scanned": 0,
                                            "operator_timing": 8.110999999999999e-06,
                                            "children": [
                                              {
                                                "total_bytes_written": 0,
                                                "total_bytes_read": 0,
                                                "result_set_size": 73880,
                                                "operator_name": "FILTER",
                                                "cpu_time": 0.0,
                                                "extra_info": {
                                                  "Expression": "((d_qoy = 3) AND (d_year = 2000))",
                                                  "Estimated Cardinality": "1640918"
                                                },
                                                "cumulative_cardinality": 0,
                                                "operator_type": "FILTER",
                                                "operator_cardinality": 1847,
                                                "cumulative_rows_scanned": 0,
                                                "operator_rows_scanned": 0,
                                                "operator_timing": 0.00024011999999999997,
                                                "children": [
                                                  {
                                                    "total_bytes_written": 0,
                                                    "total_bytes_read": 0,
                                                    "result_set_size": 221400,
                                                    "operator_name": "CTE_SCAN",
                                                    "cpu_time": 0.0,
                                                    "extra_info": {
                                                      "CTE Index": "10",
                                                      "Estimated Cardinality": "1640918"
                                                    },
                                                    "cumulative_cardinality": 0,
                                                    "operator_type": "CTE_SCAN",
                                                    "operator_cardinality": 5535,
                                                    "cumulative_rows_scanned": 0,
                                                    "operator_rows_scanned": 0,
                                                    "operator_timing": 7.222499999999998e-05,
                                                    "children": []
                                                  }
                                                ]
                                              }
                                            ]
                                          }
                                        ]
                                      },
                                      {
                                        "total_bytes_written": 0,
                                        "total_bytes_read": 0,
                                        "result_set_size": 58976,
                                        "operator_name": "PROJECTION",
                                        "cpu_time": 0.0,
                                        "extra_info": {
                                          "Projections": [
                                            "#0",
                                            "#3"
                                          ],
                                          "Estimated Cardinality": "1640918"
                                        },
                                        "cumulative_cardinality": 0,
                                        "operator_type": "PROJECTION",
                                        "operator_cardinality": 1843,
                                        "cumulative_rows_scanned": 0,
                                        "operator_rows_scanned": 0,
                                        "operator_timing": 6.756999999999999e-06,
                                        "children": [
                                          {
                                            "total_bytes_written": 0,
                                            "total_bytes_read": 0,
                                            "result_set_size": 73720,
                                            "operator_name": "FILTER",
                                            "cpu_time": 0.0,
                                            "extra_info": {
                                              "Expression": "((d_qoy = 1) AND (d_year = 2000))",
                                              "Estimated Cardinality": "1640918"
                                            },
                                            "cumulative_cardinality": 0,
                                            "operator_type": "FILTER",
                                            "operator_cardinality": 1843,
                                            "cumulative_rows_scanned": 0,
                                            "operator_rows_scanned": 0,
                                            "operator_timing": 0.000150683,
                                            "children": [
                                              {
                                                "total_bytes_written": 0,
                                                "total_bytes_read": 0,
                                                "result_set_size": 221400,
                                                "operator_name": "CTE_SCAN",
                                                "cpu_time": 0.0,
                                                "extra_info": {
                                                  "CTE Index": "10",
                                                  "Estimated Cardinality": "1640918"
                                                },
                                                "cumulative_cardinality": 0,
                                                "operator_type": "CTE_SCAN",
                                                "operator_cardinality": 5535,
                                                "cumulative_rows_scanned": 0,
                                                "operator_rows_scanned": 0,
                                                "operator_timing": 4.244999999999999e-05,
                                                "children": []
                                              }
                                            ]
                                          }
                                        ]
                                      }
                                    ]
                                  }
                                ]
                              }
                            ]
                          }
                        ]
                      }
                    ]
                  }
                ]
              }
            ]
          }
        ]
      }
    ]
  },
  "actual_rows": 0,
  "collected_at": "2026-02-16T10:19:14.189271",
  "query_id": "query_31"
}