{
  "execution_time_ms": 0.0,
  "plan_text": "\u250c\u2500\u2500\u2500\u2500\u2500\u2500\u2500\u2500\u2500\u2500\u2500\u2500\u2500\u2510\n\u2502    TOP_N    \u2502\n\u2502    \u2500\u2500\u2500\u2500\u2500\u2500   \u2502\n\u2502     Top:    \u2502\n\u2502     100     \u2502\n\u2502             \u2502\n\u2502  Order By:  \u2502\n\u2502 tpcds_sf10_1\u2502\n\u2502.main.custome\u2502\n\u2502r_demographic\u2502\n\u2502 s.cd_gender \u2502\n\u2502      ASC    \u2502\n\u2502 tpcds_sf10_1\u2502\n\u2502.main.custome\u2502\n\u2502r_demographic\u2502\n\u2502s.cd_marital_\u2502\n\u2502  status ASC \u2502\n\u2502 tpcds_sf10_1\u2502\n\u2502.main.custome\u2502\n\u2502r_demographic\u2502\n\u2502s.cd_educatio\u2502\n\u2502 n_status ASC\u2502\n\u2502 tpcds_sf10_1\u2502\n\u2502.main.custome\u2502\n\u2502r_demographic\u2502\n\u2502s.cd_purchase\u2502\n\u2502_estimate ASC\u2502\n\u2502 tpcds_sf10_1\u2502\n\u2502.main.custome\u2502\n\u2502r_demographic\u2502\n\u2502s.cd_credit_r\u2502\n\u2502  ating ASC  \u2502\n\u2502 tpcds_sf10_1\u2502\n\u2502.main.custome\u2502\n\u2502r_demographic\u2502\n\u2502s.cd_dep_coun\u2502\n\u2502    t ASC    \u2502\n\u2502 tpcds_sf10_1\u2502\n\u2502.main.custome\u2502\n\u2502r_demographic\u2502\n\u2502s.cd_dep_empl\u2502\n\u2502  oyed_count \u2502\n\u2502      ASC    \u2502\n\u2502 tpcds_sf10_1\u2502\n\u2502.main.custome\u2502\n\u2502r_demographic\u2502\n\u2502s.cd_dep_coll\u2502\n\u2502ege_count ASC\u2502\n\u2514\u2500\u2500\u2500\u2500\u2500\u2500\u252c\u2500\u2500\u2500\u2500\u2500\u2500\u2518\n\u250c\u2500\u2500\u2500\u2500\u2500\u2500\u2534\u2500\u2500\u2500\u2500\u2500\u2500\u2510\n\u2502  PROJECTION \u2502\n\u2502    \u2500\u2500\u2500\u2500\u2500\u2500   \u2502\n\u2502  cd_gender  \u2502\n\u2502cd_marital_st\u2502\n\u2502     atus    \u2502\n\u2502cd_education_\u2502\n\u2502    status   \u2502\n\u2502     cnt1    \u2502\n\u2502cd_purchase_e\u2502\n\u2502   stimate   \u2502\n\u2502     cnt2    \u2502\n\u2502cd_credit_rat\u2502\n\u2502     ing     \u2502\n\u2502     cnt3    \u2502\n\u2502 cd_dep_count\u2502\n\u2502     cnt4    \u2502\n\u2502cd_dep_employ\u2502\n\u2502   ed_count  \u2502\n\u2502     cnt5    \u2502\n\u2502cd_dep_colleg\u2502\n\u2502   e_count   \u2502\n\u2502     cnt6    \u2502\n\u2502             \u2502\n\u2502 ~16,425 rows\u2502\n\u2514\u2500\u2500\u2500\u2500\u2500\u2500\u252c\u2500\u2500\u2500\u2500\u2500\u2500\u2518\n\u250c\u2500\u2500\u2500\u2500\u2500\u2500\u2534\u2500\u2500\u2500\u2500\u2500\u2500\u2510\n\u2502  PROJECTION \u2502\n\u2502    \u2500\u2500\u2500\u2500\u2500\u2500   \u2502\n\u2502__internal_de\u2502\n\u2502compress_stri\u2502\n\u2502    ng(#0)   \u2502\n\u2502__internal_de\u2502\n\u2502compress_stri\u2502\n\u2502    ng(#1)   \u2502\n\u2502__internal_de\u2502\n\u2502compress_stri\u2502\n\u2502    ng(#2)   \u2502\n\u2502__internal_de\u2502\n\u2502compress_inte\u2502\n\u2502 gral_integer\u2502\n\u2502  (#3, 500)  \u2502\n\u2502__internal_de\u2502\n\u2502compress_stri\u2502\n\u2502    ng(#4)   \u2502\n\u2502__internal_de\u2502\n\u2502compress_inte\u2502\n\u2502 gral_integer\u2502\n\u2502   (#5, 0)   \u2502\n\u2502__internal_de\u2502\n\u2502compress_inte\u2502\n\u2502 gral_integer\u2502\n\u2502   (#6, 0)   \u2502\n\u2502__internal_de\u2502\n\u2502compress_inte\u2502\n\u2502 gral_integer\u2502\n\u2502   (#7, 0)   \u2502\n\u2502      #8     \u2502\n\u2502             \u2502\n\u2502 ~16,425 rows\u2502\n\u2514\u2500\u2500\u2500\u2500\u2500\u2500\u252c\u2500\u2500\u2500\u2500\u2500\u2500\u2518\n\u250c\u2500\u2500\u2500\u2500\u2500\u2500\u2534\u2500\u2500\u2500\u2500\u2500\u2500\u2510\n\u2502HASH_GROUP_BY\u2502\n\u2502    \u2500\u2500\u2500\u2500\u2500\u2500   \u2502\n\u2502   Groups:   \u2502\n\u2502      #0     \u2502\n\u2502      #1     \u2502\n\u2502      #2     \u2502\n\u2502      #3     \u2502\n\u2502      #4     \u2502\n\u2502      #5     \u2502\n\u2502      #6     \u2502\n\u2502      #7     \u2502\n\u2502             \u2502\n\u2502 Aggregates: \u2502\n\u2502 count_star()\u2502\n\u2502             \u2502\n\u2502 ~16,425 rows\u2502\n\u2514\u2500\u2500\u2500\u2500\u2500\u2500\u252c\u2500\u2500\u2500\u2500\u2500\u2500\u2518\n\u250c\u2500\u2500\u2500\u2500\u2500\u2500\u2534\u2500\u2500\u2500\u2500\u2500\u2500\u2510\n\u2502  PROJECTION \u2502\n\u2502    \u2500\u2500\u2500\u2500\u2500\u2500   \u2502\n\u2502  cd_gender  \u2502\n\u2502cd_marital_st\u2502\n\u2502     atus    \u2502\n\u2502cd_education_\u2502\n\u2502    status   \u2502\n\u2502cd_purchase_e\u2502\n\u2502   stimate   \u2502\n\u2502cd_credit_rat\u2502\n\u2502     ing     \u2502\n\u2502 cd_dep_count\u2502\n\u2502cd_dep_employ\u2502\n\u2502   ed_count  \u2502\n\u2502cd_dep_colleg\u2502\n\u2502   e_count   \u2502\n\u2502             \u2502\n\u2502 ~16,425 rows\u2502\n\u2514\u2500\u2500\u2500\u2500\u2500\u2500\u252c\u2500\u2500\u2500\u2500\u2500\u2500\u2518\n\u250c\u2500\u2500\u2500\u2500\u2500\u2500\u2534\u2500\u2500\u2500\u2500\u2500\u2500\u2510\n\u2502  PROJECTION \u2502\n\u2502    \u2500\u2500\u2500\u2500\u2500\u2500   \u2502\n\u2502__internal_co\u2502\n\u2502mpress_string\u2502\n\u2502_utinyint(#0)\u2502\n\u2502__internal_co\u2502\n\u2502mpress_string\u2502\n\u2502_utinyint(#1)\u2502\n\u2502__internal_co\u2502\n\u2502mpress_string\u2502\n\u2502_uhugeint(#2)\u2502\n\u2502__internal_co\u2502\n\u2502mpress_integr\u2502\n\u2502 al_usmallint\u2502\n\u2502  (#3, 500)  \u2502\n\u2502__internal_co\u2502\n\u2502mpress_string\u2502\n\u2502_uhugeint(#4)\u2502\n\u2502__internal_co\u2502\n\u2502mpress_integr\u2502\n\u2502 al_utinyint(\u2502\n\u2502    #5, 0)   \u2502\n\u2502__internal_co\u2502\n\u2502mpress_integr\u2502\n\u2502 al_utinyint(\u2502\n\u2502    #6, 0)   \u2502\n\u2502__internal_co\u2502\n\u2502mpress_integr\u2502\n\u2502 al_utinyint(\u2502\n\u2502    #7, 0)   \u2502\n\u2502             \u2502\n\u2502 ~16,425 rows\u2502\n\u2514\u2500\u2500\u2500\u2500\u2500\u2500\u252c\u2500\u2500\u2500\u2500\u2500\u2500\u2518\n\u250c\u2500\u2500\u2500\u2500\u2500\u2500\u2534\u2500\u2500\u2500\u2500\u2500\u2500\u2510\n\u2502  PROJECTION \u2502\n\u2502    \u2500\u2500\u2500\u2500\u2500\u2500   \u2502\n\u2502      #0     \u2502\n\u2502      #1     \u2502\n\u2502      #2     \u2502\n\u2502      #3     \u2502\n\u2502      #4     \u2502\n\u2502      #5     \u2502\n\u2502      #6     \u2502\n\u2502      #7     \u2502\n\u2502             \u2502\n\u2502 ~16,425 rows\u2502\n\u2514\u2500\u2500\u2500\u2500\u2500\u2500\u252c\u2500\u2500\u2500\u2500\u2500\u2500\u2518\n\u250c\u2500\u2500\u2500\u2500\u2500\u2500\u2534\u2500\u2500\u2500\u2500\u2500\u2500\u2510\n\u2502    FILTER   \u2502\n\u2502    \u2500\u2500\u2500\u2500\u2500\u2500   \u2502\n\u2502 (SUBQUERY OR\u2502\n\u2502   SUBQUERY) \u2502\n\u2502             \u2502\n\u2502 ~16,425 rows\u2502\n\u2514\u2500\u2500\u2500\u2500\u2500\u2500\u252c\u2500\u2500\u2500\u2500\u2500\u2500\u2518\n\u250c\u2500\u2500\u2500\u2500\u2500\u2500\u2534\u2500\u2500\u2500\u2500\u2500\u2500\u2510\n\u2502LEFT_DEL...  \u2502\n\u2502    \u2500\u2500\u2500\u2500\u2500\u2500   \u2502\n\u2502  Join Type: \u2502\n\u2502     MARK    \u2502\n\u2502             \u2502\n\u2502 Conditions: \u2502\n\u2502c_customer_sk\u251c\u2500\u2500\u2500\u2500\u2500\u2500\u2500\u2500\u2500\u2500\u2500\u2500\u2500\u2500\u2500\u2500\u2500\u2500\u2500\u2500\u2500\u2500\u2500\u2500\u2500\u2500\u2500\u2500\u2500\u2500\u2500\u2500\u2500\u2500\u2500\u2500\u2500\u2500\u2500\u2500\u2500\u2500\u2500\u2500\u2500\u2500\u2500\u2500\u2500\u2500\u2500\u2500\u2500\u2500\u2500\u2500\u2500\u2500\u2500\u2500\u2500\u2500\u2500\u2500\u2500\u2500\u2500\u2500\u2500\u2500\u2500\u2500\u2500\u2500\u2500\u2500\u2500\u2500\u2500\u2500\u2500\u2500\u2500\u2500\u2500\u2500\u2500\u2500\u2500\u2500\u2500\u2500\u2500\u2500\u2500\u2500\u2500\u2500\u2500\u2500\u2500\u2500\u2500\u2500\u2500\u2500\u2500\u2500\u2500\u2500\u2500\u2500\u2500\u2500\u2500\u2500\u2500\u2500\u2500\u2500\u2500\u2500\u2500\u2500\u2500\u2500\u2500\u2500\u2500\u2500\u2500\u2500\u2500\u2500\u2500\u2500\u2500\u2500\u2500\u2500\u2500\u2500\u2500\u2500\u2500\u2500\u2500\u2500\u2500\u2500\u2500\u2500\u2500\u2500\u2500\u2500\u2500\u2500\u2500\u2500\u2500\u2500\u2500\u2500\u2500\u2500\u2500\u2500\u2500\u2500\u2500\u2500\u2500\u2500\u2500\u2500\u2500\u2500\u2500\u2500\u2500\u2500\u2500\u2500\u2500\u2500\u2500\u2500\u2500\u2500\u2500\u2500\u2500\u2500\u2500\u2500\u2500\u2500\u2500\u2500\u2500\u2500\u252c\u2500\u2500\u2500\u2500\u2500\u2500\u2500\u2500\u2500\u2500\u2500\u2500\u2500\u2500\u2500\u2500\u2500\u2500\u2500\u2500\u2500\u2500\n\u2502 IS NOT DISTI\u2502                                                                                                                                                                                                          \u2502                      \n\u2502   NCT FROM  \u2502                                                                                                                                                                                                          \u2502                      \n\u2502 c_customer_s\u2502                                                                                                                                                                                                          \u2502                      \n\u2502      k      \u2502                                                                                                                                                                                                          \u2502                      \n\u2502             \u2502                                                                                                                                                                                                          \u2502                      \n\u2502   ~0 rows   \u2502                                                                                                                                                                                                          \u2502                      \n\u2514\u2500\u2500\u2500\u2500\u2500\u2500\u252c\u2500\u2500\u2500\u2500\u2500\u2500\u2518                                                                                                                                                                                                          \u2502                      \n\u250c\u2500\u2500\u2500\u2500\u2500\u2500\u2534\u2500\u2500\u2500\u2500\u2500\u2500\u2510                                                                                                                                                                                                   \u250c\u2500\u2500\u2500\u2500\u2500\u2500\u2534\u2500\u2500\u2500\u2500\u2500\u2500\u2510               \n\u2502LEFT_DEL...  \u2502                                                                                                                                                                                                   \u2502  HASH_JOIN  \u2502               \n\u2502    \u2500\u2500\u2500\u2500\u2500\u2500   \u2502                                                                                                                                                                                                   \u2502    \u2500\u2500\u2500\u2500\u2500\u2500   \u2502               \n\u2502  Join Type: \u2502                                                                                                                                                                                                   \u2502  Join Type: \u2502               \n\u2502     MARK    \u2502                                                                                                                                                                                                   \u2502     MARK    \u2502               \n\u2502             \u2502                                                                                                                                                                                                   \u2502             \u2502               \n\u2502 Conditions: \u2502                                                                                                                                                                                                   \u2502 Conditions: \u2502               \n\u2502c_customer_sk\u251c\u2500\u2500\u2500\u2500\u2500\u2500\u2500\u2500\u2500\u2500\u2500\u2500\u2500\u2500\u2500\u2500\u2500\u2500\u2500\u2500\u2500\u2500\u2500\u2500\u2500\u2500\u2500\u2500\u2500\u2500\u2500\u2500\u2500\u2500\u2500\u2500\u2500\u2500\u2500\u2500\u2500\u2500\u2500\u2500\u2500\u2500\u2500\u2500\u2500\u2500\u2500\u2500\u2500\u2500\u2500\u2500\u2500\u2500\u2500\u2500\u2500\u2500\u2500\u2500\u2500\u2500\u2500\u2500\u2500\u2500\u2500\u2500\u2500\u2500\u2500\u2500\u2500\u2500\u2500\u2500\u2500\u2500\u2500\u2500\u2500\u2500\u2500\u2500\u2500\u2500\u2500\u2500\u2500\u2500\u2500\u2500\u2500\u2500\u2500\u2500\u2500\u2500\u2500\u2500\u2500\u2500\u2500\u2500\u2500\u2500\u2500\u2500\u2500\u2500\u2500\u2500\u2500\u2500\u2500\u2500\u2500\u2500\u2500\u2500\u2500\u2500\u2500\u252c\u2500\u2500\u2500\u2500\u2500\u2500\u2500\u2500\u2500\u2500\u2500\u2500\u2500\u2500\u2500\u2500\u2500\u2500\u2500\u2500\u2500\u2500\u2500\u2500\u2500\u2500\u2500\u2500\u2500\u2500\u2500\u2500\u2500\u2500\u2500\u2500\u2500\u2500\u2500\u2500\u2500\u2500\u2500\u2500\u2500\u2500\u2500\u2500\u2500\u2500\u2500\u2500\u2500\u2500\u2500\u2500\u2500\u2500\u2500\u2510       \u2502c_customer_sk\u251c\u2500\u2500\u2500\u2500\u2500\u2500\u2500\u2510       \n\u2502 IS NOT DISTI\u2502                                                                                                                               \u2502                                                           \u2502       \u2502 IS NOT DISTI\u2502       \u2502       \n\u2502   NCT FROM  \u2502                                                                                                                               \u2502                                                           \u2502       \u2502   NCT FROM  \u2502       \u2502       \n\u2502 c_customer_s\u2502                                                                                                                               \u2502                                                           \u2502       \u2502 c_customer_s\u2502       \u2502       \n\u2502      k      \u2502                                                                                                                               \u2502                                                           \u2502       \u2502      k      \u2502       \u2502       \n\u2502             \u2502                                                                                                                               \u2502                                                           \u2502       \u2502             \u2502       \u2502       \n\u2502 ~16,425 rows\u2502                                                                                                                               \u2502                                                           \u2502       \u2502   ~0 rows   \u2502       \u2502       \n\u2514\u2500\u2500\u2500\u2500\u2500\u2500\u252c\u2500\u2500\u2500\u2500\u2500\u2500\u2518                                                                                                                               \u2502                                                           \u2502       \u2514\u2500\u2500\u2500\u2500\u2500\u2500\u252c\u2500\u2500\u2500\u2500\u2500\u2500\u2518       \u2502       \n\u250c\u2500\u2500\u2500\u2500\u2500\u2500\u2534\u2500\u2500\u2500\u2500\u2500\u2500\u2510                                                                                                                        \u250c\u2500\u2500\u2500\u2500\u2500\u2500\u2534\u2500\u2500\u2500\u2500\u2500\u2500\u2510                                             \u250c\u2500\u2500\u2500\u2500\u2500\u2500\u2534\u2500\u2500\u2500\u2500\u2500\u2500\u2510\u250c\u2500\u2500\u2500\u2500\u2500\u2500\u2534\u2500\u2500\u2500\u2500\u2500\u2500\u2510\u250c\u2500\u2500\u2500\u2500\u2500\u2500\u2534\u2500\u2500\u2500\u2500\u2500\u2500\u2510\n\u2502LEFT_DEL...  \u2502                                                                                                                        \u2502  HASH_JOIN  \u2502                                             \u2502HASH_GROUP_BY\u2502\u2502COLUMN_D...  \u2502\u2502  PROJECTION \u2502\n\u2502    \u2500\u2500\u2500\u2500\u2500\u2500   \u2502                                                                                                                        \u2502    \u2500\u2500\u2500\u2500\u2500\u2500   \u2502                                             \u2502    \u2500\u2500\u2500\u2500\u2500\u2500   \u2502\u2502    \u2500\u2500\u2500\u2500\u2500\u2500   \u2502\u2502    \u2500\u2500\u2500\u2500\u2500\u2500   \u2502\n\u2502  Join Type: \u2502                                                                                                                        \u2502  Join Type: \u2502                                             \u2502   Groups:   \u2502\u2502             \u2502\u2502c_customer_sk\u2502\n\u2502     SEMI    \u2502                                                                                                                        \u2502     MARK    \u2502                                             \u2502      #8     \u2502\u2502             \u2502\u2502             \u2502\n\u2502             \u2502                                                                                                                        \u2502             \u2502                                             \u2502             \u2502\u2502             \u2502\u2502             \u2502\n\u2502 Conditions: \u2502                                                                                                                        \u2502 Conditions: \u2502                                             \u2502             \u2502\u2502             \u2502\u2502             \u2502\n\u2502c_customer_sk\u251c\u2500\u2500\u2500\u2500\u2500\u2500\u2500\u2500\u2500\u2500\u2500\u2500\u2500\u2500\u2500\u2500\u2500\u2500\u2500\u2500\u2500\u2500\u2500\u2500\u2500\u2500\u2500\u2500\u2500\u2500\u2500\u2500\u2500\u2500\u2500\u2500\u2500\u2500\u2500\u2500\u2500\u2500\u2500\u2500\u2500\u2500\u2500\u2500\u2500\u2500\u2500\u2500\u252c\u2500\u2500\u2500\u2500\u2500\u2500\u2500\u2500\u2500\u2500\u2500\u2500\u2500\u2500\u2500\u2500\u2500\u2500\u2500\u2500\u2500\u2500\u2500\u2500\u2500\u2500\u2500\u2500\u2500\u2500\u2500\u2500\u2500\u2500\u2500\u2500\u2500\u2500\u2500\u2500\u2500\u2500\u2500\u2500\u2500\u2500\u2500\u2500\u2500\u2500\u2500\u2500\u2500\u2500\u2500\u2500\u2500\u2500\u2500\u2510       \u2502c_customer_sk\u251c\u2500\u2500\u2500\u2500\u2500\u2500\u2500\u2510                                     \u2502             \u2502\u2502             \u2502\u2502             \u2502\n\u2502 IS NOT DISTI\u2502                                                    \u2502                                                           \u2502       \u2502 IS NOT DISTI\u2502       \u2502                                     \u2502             \u2502\u2502             \u2502\u2502             \u2502\n\u2502   NCT FROM  \u2502                                                    \u2502                                                           \u2502       \u2502   NCT FROM  \u2502       \u2502                                     \u2502             \u2502\u2502             \u2502\u2502             \u2502\n\u2502 c_customer_s\u2502                                                    \u2502                                                           \u2502       \u2502 c_customer_s\u2502       \u2502                                     \u2502             \u2502\u2502             \u2502\u2502             \u2502\n\u2502      k      \u2502                                                    \u2502                                                           \u2502       \u2502      k      \u2502       \u2502                                     \u2502             \u2502\u2502             \u2502\u2502             \u2502\n\u2502             \u2502                                                    \u2502                                                           \u2502       \u2502             \u2502       \u2502                                     \u2502             \u2502\u2502             \u2502\u2502             \u2502\n\u2502 ~16,425 rows\u2502                                                    \u2502                                                           \u2502       \u2502 ~16,425 rows\u2502       \u2502                                     \u2502 ~16,158 rows\u2502\u2502   ~0 rows   \u2502\u2502 ~5,739 rows \u2502\n\u2514\u2500\u2500\u2500\u2500\u2500\u2500\u252c\u2500\u2500\u2500\u2500\u2500\u2500\u2518                                                    \u2502                                                           \u2502       \u2514\u2500\u2500\u2500\u2500\u2500\u2500\u252c\u2500\u2500\u2500\u2500\u2500\u2500\u2518       \u2502                                     \u2514\u2500\u2500\u2500\u2500\u2500\u2500\u2500\u2500\u2500\u2500\u2500\u2500\u2500\u2518\u2514\u2500\u2500\u2500\u2500\u2500\u2500\u2500\u2500\u2500\u2500\u2500\u2500\u2500\u2518\u2514\u2500\u2500\u2500\u2500\u2500\u2500\u252c\u2500\u2500\u2500\u2500\u2500\u2500\u2518\n\u250c\u2500\u2500\u2500\u2500\u2500\u2500\u2534\u2500\u2500\u2500\u2500\u2500\u2500\u2510                                             \u250c\u2500\u2500\u2500\u2500\u2500\u2500\u2534\u2500\u2500\u2500\u2500\u2500\u2500\u2510                                             \u250c\u2500\u2500\u2500\u2500\u2500\u2500\u2534\u2500\u2500\u2500\u2500\u2500\u2500\u2510\u250c\u2500\u2500\u2500\u2500\u2500\u2500\u2534\u2500\u2500\u2500\u2500\u2500\u2500\u2510\u250c\u2500\u2500\u2500\u2500\u2500\u2500\u2534\u2500\u2500\u2500\u2500\u2500\u2500\u2510                                                            \u250c\u2500\u2500\u2500\u2500\u2500\u2500\u2534\u2500\u2500\u2500\u2500\u2500\u2500\u2510\n\u2502  HASH_JOIN  \u2502                                             \u2502  HASH_JOIN  \u2502                                             \u2502HASH_GROUP_BY\u2502\u2502COLUMN_D...  \u2502\u2502  PROJECTION \u2502                                                            \u2502  HASH_JOIN  \u2502\n\u2502    \u2500\u2500\u2500\u2500\u2500\u2500   \u2502                                             \u2502    \u2500\u2500\u2500\u2500\u2500\u2500   \u2502                                             \u2502    \u2500\u2500\u2500\u2500\u2500\u2500   \u2502\u2502    \u2500\u2500\u2500\u2500\u2500\u2500   \u2502\u2502    \u2500\u2500\u2500\u2500\u2500\u2500   \u2502                                                            \u2502    \u2500\u2500\u2500\u2500\u2500\u2500   \u2502\n\u2502  Join Type: \u2502                                             \u2502  Join Type: \u2502                                             \u2502   Groups:   \u2502\u2502             \u2502\u2502c_customer_sk\u2502                                                            \u2502  Join Type: \u2502\n\u2502    INNER    \u2502                                             \u2502     SEMI    \u2502                                             \u2502      #8     \u2502\u2502             \u2502\u2502             \u2502                                                            \u2502    INNER    \u2502\n\u2502             \u2502                                             \u2502             \u2502                                             \u2502             \u2502\u2502             \u2502\u2502             \u2502                                                            \u2502             \u2502\n\u2502 Conditions: \u2502                                             \u2502 Conditions: \u2502                                             \u2502             \u2502\u2502             \u2502\u2502             \u2502                                                            \u2502 Conditions: \u2502\n\u2502 cd_demo_sk =\u251c\u2500\u2500\u2500\u2500\u2500\u2500\u2500\u2510                                     \u2502c_customer_sk\u251c\u2500\u2500\u2500\u2500\u2500\u2500\u2500\u2510                                     \u2502             \u2502\u2502             \u2502\u2502             \u2502                                                            \u2502cs_ship_custo\u251c\n\u2502 c_current_cd\u2502       \u2502                                     \u2502 IS NOT DISTI\u2502       \u2502                                     \u2502             \u2502\u2502             \u2502\u2502             \u2502                                                            \u2502   mer_sk =  \u2502\n\u2502    emo_sk   \u2502       \u2502                                     \u2502   NCT FROM  \u2502       \u2502                                     \u2502             \u2502\u2502             \u2502\u2502             \u2502                                                            \u2502 c_customer_s\u2502\n\u2502             \u2502       \u2502                                     \u2502 c_customer_s\u2502       \u2502                                     \u2502             \u2502\u2502             \u2502\u2502             \u2502                                                            \u2502      k      \u2502\n\u2502             \u2502       \u2502                                     \u2502      k      \u2502       \u2502                                     \u2502             \u2502\u2502             \u2502\u2502             \u2502                                                            \u2502             \u2502\n\u2502             \u2502       \u2502                                     \u2502             \u2502       \u2502                                     \u2502             \u2502\u2502             \u2502\u2502             \u2502                                                            \u2502             \u2502\n\u2502 ~82,127 rows\u2502       \u2502                                     \u2502 ~16,425 rows\u2502       \u2502                                     \u2502 ~75,736 rows\u2502\u2502 ~16,425 rows\u2502\u2502 ~3,059 rows \u2502                                                            \u2502 ~5,739 rows \u2502\n\u2514\u2500\u2500\u2500\u2500\u2500\u2500\u252c\u2500\u2500\u2500\u2500\u2500\u2500\u2518       \u2502                                     \u2514\u2500\u2500\u2500\u2500\u2500\u2500\u252c\u2500\u2500\u2500\u2500\u2500\u2500\u2518       \u2502                                     \u2514\u2500\u2500\u2500\u2500\u2500\u2500\u2500\u2500\u2500\u2500\u2500\u2500\u2500\u2518\u2514\u2500\u2500\u2500\u2500\u2500\u2500\u2500\u2500\u2500\u2500\u2500\u2500\u2500\u2518\u2514\u2500\u2500\u2500\u2500\u2500\u2500\u252c\u2500\u2500\u2500\u2500\u2500\u2500\u2518                                                            \u2514\u2500\u2500\u2500\u2500\u2500\u2500\u252c\u2500\u2500\u2500\u2500\u2500\u2500\u2518\n\u250c\u2500\u2500\u2500\u2500\u2500\u2500\u2534\u2500\u2500\u2500\u2500\u2500\u2500\u2510\u250c\u2500\u2500\u2500\u2500\u2500\u2500\u2534\u2500\u2500\u2500\u2500\u2500\u2500\u2510                              \u250c\u2500\u2500\u2500\u2500\u2500\u2500\u2534\u2500\u2500\u2500\u2500\u2500\u2500\u2510\u250c\u2500\u2500\u2500\u2500\u2500\u2500\u2534\u2500\u2500\u2500\u2500\u2500\u2500\u2510                                                            \u250c\u2500\u2500\u2500\u2500\u2500\u2500\u2534\u2500\u2500\u2500\u2500\u2500\u2500\u2510                                                            \u250c\u2500\u2500\u2500\u2500\u2500\u2500\u2534\u2500\u2500\u2500\u2500\u2500\u2500\u2510\n\u2502  SEQ_SCAN   \u2502\u2502  HASH_JOIN  \u2502                              \u2502COLUMN_D...  \u2502\u2502  PROJECTION \u2502                                                            \u2502  HASH_JOIN  \u2502                                                            \u2502  HASH_JOIN  \u2502\n\u2502    \u2500\u2500\u2500\u2500\u2500\u2500   \u2502\u2502    \u2500\u2500\u2500\u2500\u2500\u2500   \u2502                              \u2502    \u2500\u2500\u2500\u2500\u2500\u2500   \u2502\u2502    \u2500\u2500\u2500\u2500\u2500\u2500   \u2502                                                            \u2502    \u2500\u2500\u2500\u2500\u2500\u2500   \u2502                                                            \u2502    \u2500\u2500\u2500\u2500\u2500\u2500   \u2502\n\u2502    Table:   \u2502\u2502  Join Type: \u2502                              \u2502             \u2502\u2502c_customer_sk\u2502                                                            \u2502  Join Type: \u2502                                                            \u2502  Join Type: \u2502\n\u2502customer_demo\u2502\u2502    INNER    \u2502                              \u2502             \u2502\u2502             \u2502                                                            \u2502    INNER    \u2502                                                            \u2502    INNER    \u2502\n\u2502   graphics  \u2502\u2502             \u2502                              \u2502             \u2502\u2502             \u2502                                                            \u2502             \u2502                                                            \u2502             \u2502\n\u2502             \u2502\u2502 Conditions: \u2502                              \u2502             \u2502\u2502             \u2502                                                            \u2502 Conditions: \u2502                                                            \u2502 Conditions: \u2502\n\u2502    Type:    \u2502\u2502c_current_add\u2502                              \u2502             \u2502\u2502             \u2502                                                            \u2502ws_bill_custo\u2502                                                            \u2502cs_sold_date_\u2502\n\u2502  Sequential \u2502\u2502r_sk = ca_add\u2502                              \u2502             \u2502\u2502             \u2502                                                            \u2502   mer_sk =  \u2502                                                            \u2502sk = d_date_s\u2502\n\u2502     Scan    \u2502\u2502   ress_sk   \u2502                              \u2502             \u2502\u2502             \u2502                                                            \u2502 c_customer_s\u2502                                                            \u2502      k      \u2502\n\u2502             \u2502\u2502             \u2502                              \u2502             \u2502\u2502             \u2502                                                            \u2502      k      \u2502                                                            \u2502             \u2502\n\u2502 Projections:\u2502\u2502             \u2502                              \u2502             \u2502\u2502             \u2502                                                            \u2502             \u2502                                                            \u2502             \u2502\n\u2502  cd_demo_sk \u2502\u2502             \u2502                              \u2502             \u2502\u2502             \u2502                                                            \u2502             \u2502                                                            \u2502             \u2502\n\u2502  cd_gender  \u2502\u2502             \u2502                              \u2502             \u2502\u2502             \u2502                                                            \u2502             \u2502                                                            \u2502             \u2502\n\u2502cd_marital_st\u2502\u2502             \u2502                              \u2502             \u2502\u2502             \u2502                                                            \u2502             \u2502                                                            \u2502             \u2502\n\u2502     atus    \u2502\u2502             \u2502                              \u2502             \u2502\u2502             \u2502                                                            \u2502             \u2502                                                            \u2502             \u2502\n\u2502cd_education_\u2502\u2502             \u2502                              \u2502             \u2502\u2502             \u2502                                                            \u2502             \u2502                                                            \u2502             \u2502\n\u2502    status   \u2502\u2502             \u251c\u2500\u2500\u2500\u2500\u2500\u2500\u2500\u2510                      \u2502             \u2502\u2502             \u2502                                                            \u2502             \u251c\u2500\u2500\u2500\u2500\u2500\u2500\u2500\u2500\u2500\u2500\u2500\u2500\u2500\u2500\u2500\u2500\u2500\u2500\u2500\u2500\u2500\u2500\u2510                                     \u2502             \u251c\n\u2502cd_purchase_e\u2502\u2502             \u2502       \u2502                      \u2502             \u2502\u2502             \u2502                                                            \u2502             \u2502                      \u2502                                     \u2502             \u2502\n\u2502   stimate   \u2502\u2502             \u2502       \u2502                      \u2502             \u2502\u2502             \u2502                                                            \u2502             \u2502                      \u2502                                     \u2502             \u2502\n\u2502cd_credit_rat\u2502\u2502             \u2502       \u2502                      \u2502             \u2502\u2502             \u2502                                                            \u2502             \u2502                      \u2502                                     \u2502             \u2502\n\u2502     ing     \u2502\u2502             \u2502       \u2502                      \u2502             \u2502\u2502             \u2502                                                            \u2502             \u2502                      \u2502                                     \u2502             \u2502\n\u2502 cd_dep_count\u2502\u2502             \u2502       \u2502                      \u2502             \u2502\u2502             \u2502                                                            \u2502             \u2502                      \u2502                                     \u2502             \u2502\n\u2502cd_dep_employ\u2502\u2502             \u2502       \u2502                      \u2502             \u2502\u2502             \u2502                                                            \u2502             \u2502                      \u2502                                     \u2502             \u2502\n\u2502   ed_count  \u2502\u2502             \u2502       \u2502                      \u2502             \u2502\u2502             \u2502                                                            \u2502             \u2502                      \u2502                                     \u2502             \u2502\n\u2502cd_dep_colleg\u2502\u2502             \u2502       \u2502                      \u2502             \u2502\u2502             \u2502                                                            \u2502             \u2502                      \u2502                                     \u2502             \u2502\n\u2502   e_count   \u2502\u2502             \u2502       \u2502                      \u2502             \u2502\u2502             \u2502                                                            \u2502             \u2502                      \u2502                                     \u2502             \u2502\n\u2502             \u2502\u2502             \u2502       \u2502                      \u2502             \u2502\u2502             \u2502                                                            \u2502             \u2502                      \u2502                                     \u2502             \u2502\n\u2502   Filters:  \u2502\u2502             \u2502       \u2502                      \u2502             \u2502\u2502             \u2502                                                            \u2502             \u2502                      \u2502                                     \u2502             \u2502\n\u2502 cd_demo_sk> \u2502\u2502             \u2502       \u2502                      \u2502             \u2502\u2502             \u2502                                                            \u2502             \u2502                      \u2502                                     \u2502             \u2502\n\u2502=4 AND cd_dem\u2502\u2502             \u2502       \u2502                      \u2502             \u2502\u2502             \u2502                                                            \u2502             \u2502                      \u2502                                     \u2502             \u2502\n\u2502o_sk<=1920791\u2502\u2502             \u2502       \u2502                      \u2502             \u2502\u2502             \u2502                                                            \u2502             \u2502                      \u2502                                     \u2502             \u2502\n\u2502             \u2502\u2502             \u2502       \u2502                      \u2502             \u2502\u2502             \u2502                                                            \u2502             \u2502                      \u2502                                     \u2502             \u2502\n\u2502~1,920,8...  \u2502\u2502 ~82,127 rows\u2502       \u2502                      \u2502 ~16,425 rows\u2502\u2502 ~45,354 rows\u2502                                                            \u2502 ~3,059 rows \u2502                      \u2502                                     \u2502~115,329 rows\u2502\n\u2514\u2500\u2500\u2500\u2500\u2500\u2500\u2500\u2500\u2500\u2500\u2500\u2500\u2500\u2518\u2514\u2500\u2500\u2500\u2500\u2500\u2500\u252c\u2500\u2500\u2500\u2500\u2500\u2500\u2518       \u2502                      \u2514\u2500\u2500\u2500\u2500\u2500\u2500\u2500\u2500\u2500\u2500\u2500\u2500\u2500\u2518\u2514\u2500\u2500\u2500\u2500\u2500\u2500\u252c\u2500\u2500\u2500\u2500\u2500\u2500\u2518                                                            \u2514\u2500\u2500\u2500\u2500\u2500\u2500\u252c\u2500\u2500\u2500\u2500\u2500\u2500\u2518                      \u2502                                     \u2514\u2500\u2500\u2500\u2500\u2500\u2500\u252c\u2500\u2500\u2500\u2500\u2500\u2500\u2518\n               \u250c\u2500\u2500\u2500\u2500\u2500\u2500\u2534\u2500\u2500\u2500\u2500\u2500\u2500\u2510\u250c\u2500\u2500\u2500\u2500\u2500\u2500\u2534\u2500\u2500\u2500\u2500\u2500\u2500\u2510                              \u250c\u2500\u2500\u2500\u2500\u2500\u2500\u2534\u2500\u2500\u2500\u2500\u2500\u2500\u2510                                                            \u250c\u2500\u2500\u2500\u2500\u2500\u2500\u2534\u2500\u2500\u2500\u2500\u2500\u2500\u2510               \u250c\u2500\u2500\u2500\u2500\u2500\u2500\u2534\u2500\u2500\u2500\u2500\u2500\u2500\u2510                              \u250c\u2500\u2500\u2500\u2500\u2500\u2500\u2534\u2500\u2500\u2500\u2500\u2500\u2500\u2510\n               \u2502  SEQ_SCAN   \u2502\u2502  PROJECTION \u2502                              \u2502  HASH_JOIN  \u2502                                                            \u2502  HASH_JOIN  \u2502               \u2502  DELIM_SCAN \u2502                              \u2502  SEQ_SCAN   \u2502\n               \u2502    \u2500\u2500\u2500\u2500\u2500\u2500   \u2502\u2502    \u2500\u2500\u2500\u2500\u2500\u2500   \u2502                              \u2502    \u2500\u2500\u2500\u2500\u2500\u2500   \u2502                                                            \u2502    \u2500\u2500\u2500\u2500\u2500\u2500   \u2502               \u2502    \u2500\u2500\u2500\u2500\u2500\u2500   \u2502                              \u2502    \u2500\u2500\u2500\u2500\u2500\u2500   \u2502\n               \u2502    Table:   \u2502\u2502      #0     \u2502                              \u2502  Join Type: \u2502                                                            \u2502  Join Type: \u2502               \u2502 Delim Index:\u2502                              \u2502    Table:   \u2502\n               \u2502   customer  \u2502\u2502             \u2502                              \u2502    INNER    \u2502                                                            \u2502    INNER    \u2502               \u2502      2      \u2502                              \u2502catalog_sales\u2502\n               \u2502             \u2502\u2502             \u2502                              \u2502             \u2502                                                            \u2502             \u2502               \u2502             \u2502                              \u2502             \u2502\n               \u2502    Type:    \u2502\u2502             \u2502                              \u2502 Conditions: \u2502                                                            \u2502 Conditions: \u2502               \u2502             \u2502                              \u2502    Type:    \u2502\n               \u2502  Sequential \u2502\u2502             \u2502                              \u2502ss_customer_s\u2502                                                            \u2502ws_sold_date_\u2502               \u2502             \u2502                              \u2502  Sequential \u2502\n               \u2502     Scan    \u2502\u2502             \u2502                              \u2502k = c_custome\u2502                                                            \u2502sk = d_date_s\u2502               \u2502             \u2502                              \u2502     Scan    \u2502\n               \u2502             \u2502\u2502             \u2502                              \u2502     r_sk    \u251c\u2500\u2500\u2500\u2500\u2500\u2500\u2500\u2500\u2500\u2500\u2500\u2500\u2500\u2500\u2500\u2500\u2500\u2500\u2500\u2500\u2500\u2500\u2510                                     \u2502      k      \u251c\u2500\u2500\u2500\u2500\u2500\u2500\u2500\u2510       \u2502             \u2502                              \u2502             \u2502\n               \u2502 Projections:\u2502\u2502             \u2502                              \u2502             \u2502                      \u2502                                     \u2502             \u2502       \u2502       \u2502             \u2502                              \u2502 Projections:\u2502\n               \u2502c_current_add\u2502\u2502             \u2502                              \u2502             \u2502                      \u2502                                     \u2502             \u2502       \u2502       \u2502             \u2502                              \u2502cs_ship_custo\u2502\n               \u2502     r_sk    \u2502\u2502             \u2502                              \u2502             \u2502                      \u2502                                     \u2502             \u2502       \u2502       \u2502             \u2502                              \u2502    mer_sk   \u2502\n               \u2502c_current_cde\u2502\u2502             \u2502                              \u2502             \u2502                      \u2502                                     \u2502             \u2502       \u2502       \u2502             \u2502                              \u2502cs_sold_date_\u2502\n               \u2502    mo_sk    \u2502\u2502             \u2502                              \u2502             \u2502                      \u2502                                     \u2502             \u2502       \u2502       \u2502             \u2502                              \u2502      sk     \u2502\n               \u2502c_customer_sk\u2502\u2502             \u2502                              \u2502             \u2502                      \u2502                                     \u2502             \u2502       \u2502       \u2502             \u2502                              \u2502             \u2502\n               \u2502             \u2502\u2502             \u2502                              \u2502             \u2502                      \u2502                                     \u2502             \u2502       \u2502       \u2502             \u2502                              \u2502             \u2502\n               \u2502~500,000 rows\u2502\u2502 ~50,000 rows\u2502                              \u2502 ~45,354 rows\u2502                      \u2502                                     \u2502 ~57,640 rows\u2502       \u2502       \u2502 ~16,158 rows\u2502                              \u2502~14,401,...  \u2502\n               \u2514\u2500\u2500\u2500\u2500\u2500\u2500\u2500\u2500\u2500\u2500\u2500\u2500\u2500\u2518\u2514\u2500\u2500\u2500\u2500\u2500\u2500\u252c\u2500\u2500\u2500\u2500\u2500\u2500\u2518                              \u2514\u2500\u2500\u2500\u2500\u2500\u2500\u252c\u2500\u2500\u2500\u2500\u2500\u2500\u2518                      \u2502                                     \u2514\u2500\u2500\u2500\u2500\u2500\u2500\u252c\u2500\u2500\u2500\u2500\u2500\u2500\u2518       \u2502       \u2514\u2500\u2500\u2500\u2500\u2500\u2500\u2500\u2500\u2500\u2500\u2500\u2500\u2500\u2518                              \u2514\u2500\u2500\u2500\u2500\u2500\u2500\u2500\u2500\u2500\u2500\u2500\u2500\u2500\u2518\n                              \u250c\u2500\u2500\u2500\u2500\u2500\u2500\u2534\u2500\u2500\u2500\u2500\u2500\u2500\u2510                              \u250c\u2500\u2500\u2500\u2500\u2500\u2500\u2534\u2500\u2500\u2500\u2500\u2500\u2500\u2510               \u250c\u2500\u2500\u2500\u2500\u2500\u2500\u2534\u2500\u2500\u2500\u2500\u2500\u2500\u2510                              \u250c\u2500\u2500\u2500\u2500\u2500\u2500\u2534\u2500\u2500\u2500\u2500\u2500\u2500\u2510\u250c\u2500\u2500\u2500\u2500\u2500\u2500\u2534\u2500\u2500\u2500\u2500\u2500\u2500\u2510                                                            \n                              \u2502    FILTER   \u2502                              \u2502  HASH_JOIN  \u2502               \u2502  DELIM_SCAN \u2502                              \u2502  SEQ_SCAN   \u2502\u2502    FILTER   \u2502                                                            \n                              \u2502    \u2500\u2500\u2500\u2500\u2500\u2500   \u2502                              \u2502    \u2500\u2500\u2500\u2500\u2500\u2500   \u2502               \u2502    \u2500\u2500\u2500\u2500\u2500\u2500   \u2502                              \u2502    \u2500\u2500\u2500\u2500\u2500\u2500   \u2502\u2502    \u2500\u2500\u2500\u2500\u2500\u2500   \u2502                                                            \n                              \u2502   IN (...)  \u2502                              \u2502  Join Type: \u2502               \u2502 Delim Index:\u2502                              \u2502    Table:   \u2502\u2502  (d_date_sk \u2502                                                            \n                              \u2502             \u2502                              \u2502    INNER    \u2502               \u2502      1      \u2502                              \u2502  web_sales  \u2502\u2502    BETWEEN  \u2502                                                            \n                              \u2502             \u2502                              \u2502             \u2502               \u2502             \u2502                              \u2502             \u2502\u2502  2450816 AND\u2502                                                            \n                              \u2502             \u2502                              \u2502 Conditions: \u2502               \u2502             \u2502                              \u2502    Type:    \u2502\u2502   2452642)  \u2502                                                            \n                              \u2502             \u2502                              \u2502ss_sold_date_\u2502               \u2502             \u2502                              \u2502  Sequential \u2502\u2502             \u2502                                                            \n                              \u2502             \u2502                              \u2502sk = d_date_s\u2502               \u2502             \u2502                              \u2502     Scan    \u2502\u2502             \u2502                                                            \n                              \u2502             \u2502                              \u2502      k      \u2502               \u2502             \u2502                              \u2502             \u2502\u2502             \u2502                                                            \n                              \u2502             \u2502                              \u2502             \u251c\u2500\u2500\u2500\u2500\u2500\u2500\u2500\u2510       \u2502             \u2502                              \u2502 Projections:\u2502\u2502             \u2502                                                            \n                              \u2502             \u2502                              \u2502             \u2502       \u2502       \u2502             \u2502                              \u2502ws_bill_custo\u2502\u2502             \u2502                                                            \n                              \u2502             \u2502                              \u2502             \u2502       \u2502       \u2502             \u2502                              \u2502    mer_sk   \u2502\u2502             \u2502                                                            \n                              \u2502             \u2502                              \u2502             \u2502       \u2502       \u2502             \u2502                              \u2502ws_sold_date_\u2502\u2502             \u2502                                                            \n                              \u2502             \u2502                              \u2502             \u2502       \u2502       \u2502             \u2502                              \u2502      sk     \u2502\u2502             \u2502                                                            \n                              \u2502             \u2502                              \u2502             \u2502       \u2502       \u2502             \u2502                              \u2502             \u2502\u2502             \u2502                                                            \n                              \u2502             \u2502                              \u2502             \u2502       \u2502       \u2502             \u2502                              \u2502             \u2502\u2502             \u2502                                                            \n                              \u2502             \u2502                              \u2502             \u2502       \u2502       \u2502             \u2502                              \u2502             \u2502\u2502             \u2502                                                            \n                              \u2502 ~50,000 rows\u2502                              \u2502~230,647 rows\u2502       \u2502       \u2502 ~75,736 rows\u2502                              \u2502~7,197,5...  \u2502\u2502  ~585 rows  \u2502                                                            \n                              \u2514\u2500\u2500\u2500\u2500\u2500\u2500\u252c\u2500\u2500\u2500\u2500\u2500\u2500\u2518                              \u2514\u2500\u2500\u2500\u2500\u2500\u2500\u252c\u2500\u2500\u2500\u2500\u2500\u2500\u2518       \u2502       \u2514\u2500\u2500\u2500\u2500\u2500\u2500\u2500\u2500\u2500\u2500\u2500\u2500\u2500\u2518                              \u2514\u2500\u2500\u2500\u2500\u2500\u2500\u2500\u2500\u2500\u2500\u2500\u2500\u2500\u2518\u2514\u2500\u2500\u2500\u2500\u2500\u2500\u252c\u2500\u2500\u2500\u2500\u2500\u2500\u2518                                                            \n                              \u250c\u2500\u2500\u2500\u2500\u2500\u2500\u2534\u2500\u2500\u2500\u2500\u2500\u2500\u2510                              \u250c\u2500\u2500\u2500\u2500\u2500\u2500\u2534\u2500\u2500\u2500\u2500\u2500\u2500\u2510\u250c\u2500\u2500\u2500\u2500\u2500\u2500\u2534\u2500\u2500\u2500\u2500\u2500\u2500\u2510                                                            \u250c\u2500\u2500\u2500\u2500\u2500\u2500\u2534\u2500\u2500\u2500\u2500\u2500\u2500\u2510\n                              \u2502  HASH_JOIN  \u2502                              \u2502  SEQ_SCAN   \u2502\u2502    FILTER   \u2502                                                            \u2502  SEQ_SCAN   \u2502\n                              \u2502    \u2500\u2500\u2500\u2500\u2500\u2500   \u2502                              \u2502    \u2500\u2500\u2500\u2500\u2500\u2500   \u2502\u2502    \u2500\u2500\u2500\u2500\u2500\u2500   \u2502                                                            \u2502    \u2500\u2500\u2500\u2500\u2500\u2500   \u2502\n                              \u2502  Join Type: \u2502                              \u2502    Table:   \u2502\u2502  (d_date_sk \u2502                                                            \u2502    Table:   \u2502\n                              \u2502     MARK    \u2502                              \u2502 store_sales \u2502\u2502    BETWEEN  \u2502                                                            \u2502   date_dim  \u2502\n                              \u2502             \u2502                              \u2502             \u2502\u2502  2450816 AND\u2502                                                            \u2502             \u2502\n                              \u2502 Conditions: \u2502                              \u2502    Type:    \u2502\u2502   2452642)  \u2502                                                            \u2502    Type:    \u2502\n                              \u2502 ca_county = \u2502                              \u2502  Sequential \u2502\u2502             \u2502                                                            \u2502  Sequential \u2502\n                              \u2502      #0     \u2502                              \u2502     Scan    \u2502\u2502             \u2502                                                            \u2502     Scan    \u2502\n                              \u2502             \u2502                              \u2502             \u2502\u2502             \u2502                                                            \u2502             \u2502\n                              \u2502             \u251c\u2500\u2500\u2500\u2500\u2500\u2500\u2500\u2510                      \u2502 Projections:\u2502\u2502             \u2502                                                            \u2502 Projections:\u2502\n                              \u2502             \u2502       \u2502                      \u2502ss_customer_s\u2502\u2502             \u2502                                                            \u2502  d_date_sk  \u2502\n                              \u2502             \u2502       \u2502                      \u2502      k      \u2502\u2502             \u2502                                                            \u2502             \u2502\n                              \u2502             \u2502       \u2502                      \u2502ss_sold_date_\u2502\u2502             \u2502                                                            \u2502   Filters:  \u2502\n                              \u2502             \u2502       \u2502                      \u2502      sk     \u2502\u2502             \u2502                                                            \u2502 d_year=2001 \u2502\n                              \u2502             \u2502       \u2502                      \u2502             \u2502\u2502             \u2502                                                            \u2502 d_moy>=1 AND\u2502\n                              \u2502             \u2502       \u2502                      \u2502             \u2502\u2502             \u2502                                                            \u2502   d_moy<=4  \u2502\n                              \u2502             \u2502       \u2502                      \u2502             \u2502\u2502             \u2502                                                            \u2502             \u2502\n                              \u2502~250,000 rows\u2502       \u2502                      \u2502~28,800,...  \u2502\u2502  ~585 rows  \u2502                                                            \u2502  ~585 rows  \u2502\n                              \u2514\u2500\u2500\u2500\u2500\u2500\u2500\u252c\u2500\u2500\u2500\u2500\u2500\u2500\u2518       \u2502                      \u2514\u2500\u2500\u2500\u2500\u2500\u2500\u2500\u2500\u2500\u2500\u2500\u2500\u2500\u2518\u2514\u2500\u2500\u2500\u2500\u2500\u2500\u252c\u2500\u2500\u2500\u2500\u2500\u2500\u2518                                                            \u2514\u2500\u2500\u2500\u2500\u2500\u2500\u2500\u2500\u2500\u2500\u2500\u2500\u2500\u2518\n                              \u250c\u2500\u2500\u2500\u2500\u2500\u2500\u2534\u2500\u2500\u2500\u2500\u2500\u2500\u2510\u250c\u2500\u2500\u2500\u2500\u2500\u2500\u2534\u2500\u2500\u2500\u2500\u2500\u2500\u2510                              \u250c\u2500\u2500\u2500\u2500\u2500\u2500\u2534\u2500\u2500\u2500\u2500\u2500\u2500\u2510\n                              \u2502  SEQ_SCAN   \u2502\u2502COLUMN_D...  \u2502                              \u2502  SEQ_SCAN   \u2502\n                              \u2502    \u2500\u2500\u2500\u2500\u2500\u2500   \u2502\u2502    \u2500\u2500\u2500\u2500\u2500\u2500   \u2502                              \u2502    \u2500\u2500\u2500\u2500\u2500\u2500   \u2502\n                              \u2502    Table:   \u2502\u2502             \u2502                              \u2502    Table:   \u2502\n                              \u2502customer_addr\u2502\u2502             \u2502                              \u2502   date_dim  \u2502\n                              \u2502     ess     \u2502\u2502             \u2502                              \u2502             \u2502\n                              \u2502             \u2502\u2502             \u2502                              \u2502    Type:    \u2502\n                              \u2502    Type:    \u2502\u2502             \u2502                              \u2502  Sequential \u2502\n                              \u2502  Sequential \u2502\u2502             \u2502                              \u2502     Scan    \u2502\n                              \u2502     Scan    \u2502\u2502             \u2502                              \u2502             \u2502\n                              \u2502             \u2502\u2502             \u2502                              \u2502 Projections:\u2502\n                              \u2502 Projections:\u2502\u2502             \u2502                              \u2502  d_date_sk  \u2502\n                              \u2502ca_address_sk\u2502\u2502             \u2502                              \u2502             \u2502\n                              \u2502  ca_county  \u2502\u2502             \u2502                              \u2502   Filters:  \u2502\n                              \u2502             \u2502\u2502             \u2502                              \u2502 d_year=2001 \u2502\n                              \u2502   Filters:  \u2502\u2502             \u2502                              \u2502 d_moy>=1 AND\u2502\n                              \u2502  optional:  \u2502\u2502             \u2502                              \u2502   d_moy<=4  \u2502\n                              \u2502   ca_county \u2502\u2502             \u2502                              \u2502             \u2502\n                              \u2502  IN ('Storey\u2502\u2502             \u2502                              \u2502             \u2502\n                              \u2502   County',  \u2502\u2502             \u2502                              \u2502             \u2502\n                              \u2502  'Marquette \u2502\u2502             \u2502                              \u2502             \u2502\n                              \u2502   County',  \u2502\u2502             \u2502                              \u2502             \u2502\n                              \u2502'Warren Count\u2502\u2502             \u2502                              \u2502             \u2502\n                              \u2502 y', 'Cochran\u2502\u2502             \u2502                              \u2502             \u2502\n                              \u2502   County',  \u2502\u2502             \u2502                              \u2502             \u2502\n                              \u2502  'Kandiyohi \u2502\u2502             \u2502                              \u2502             \u2502\n                              \u2502   County')  \u2502\u2502             \u2502                              \u2502             \u2502\n                              \u2502             \u2502\u2502             \u2502                              \u2502             \u2502\n                              \u2502~250,000 rows\u2502\u2502   ~0 rows   \u2502                              \u2502  ~585 rows  \u2502\n                              \u2514\u2500\u2500\u2500\u2500\u2500\u2500\u2500\u2500\u2500\u2500\u2500\u2500\u2500\u2518\u2514\u2500\u2500\u2500\u2500\u2500\u2500\u2500\u2500\u2500\u2500\u2500\u2500\u2500\u2518                              \u2514\u2500\u2500\u2500\u2500\u2500\u2500\u2500\u2500\u2500\u2500\u2500\u2500\u2500\u2518\n",
  "plan_json": {
    "total_bytes_written": 0,
    "total_bytes_read": 0,
    "rows_returned": 0,
    "latency": 0.0,
    "result_set_size": 0,
    "query_name": "",
    "blocked_thread_time": 0.0,
    "system_peak_buffer_memory": 0,
    "system_peak_temp_dir_size": 0,
    "cpu_time": 0.0,
    "extra_info": {},
    "cumulative_cardinality": 0,
    "cumulative_rows_scanned": 0,
    "children": [
      {
        "total_bytes_written": 0,
        "total_bytes_read": 0,
        "result_set_size": 0,
        "operator_name": "EXPLAIN_ANALYZE",
        "cpu_time": 0.0,
        "extra_info": {},
        "cumulative_cardinality": 0,
        "operator_type": "EXPLAIN_ANALYZE",
        "operator_cardinality": 0,
        "cumulative_rows_scanned": 0,
        "operator_rows_scanned": 0,
        "operator_timing": 2.91e-07,
        "children": [
          {
            "total_bytes_written": 0,
            "total_bytes_read": 0,
            "result_set_size": 9600,
            "operator_name": "TOP_N",
            "cpu_time": 0.0,
            "extra_info": {
              "Top": "100",
              "Order By": [
                "tpcds_sf10_1.main.customer_demographics.cd_gender ASC",
                "tpcds_sf10_1.main.customer_demographics.cd_marital_status ASC",
                "tpcds_sf10_1.main.customer_demographics.cd_education_status ASC",
                "tpcds_sf10_1.main.customer_demographics.cd_purchase_estimate ASC",
                "tpcds_sf10_1.main.customer_demographics.cd_credit_rating ASC",
                "tpcds_sf10_1.main.customer_demographics.cd_dep_count ASC",
                "tpcds_sf10_1.main.customer_demographics.cd_dep_employed_count ASC",
                "tpcds_sf10_1.main.customer_demographics.cd_dep_college_count ASC"
              ]
            },
            "cumulative_cardinality": 0,
            "operator_type": "TOP_N",
            "operator_cardinality": 75,
            "cumulative_rows_scanned": 0,
            "operator_rows_scanned": 0,
            "operator_timing": 0.001674846,
            "children": [
              {
                "total_bytes_written": 0,
                "total_bytes_read": 0,
                "result_set_size": 9600,
                "operator_name": "PROJECTION",
                "cpu_time": 0.0,
                "extra_info": {
                  "Projections": [
                    "cd_gender",
                    "cd_marital_status",
                    "cd_education_status",
                    "cnt1",
                    "cd_purchase_estimate",
                    "cnt2",
                    "cd_credit_rating",
                    "cnt3",
                    "cd_dep_count",
                    "cnt4",
                    "cd_dep_employed_count",
                    "cnt5",
                    "cd_dep_college_count",
                    "cnt6"
                  ],
                  "Estimated Cardinality": "16425"
                },
                "cumulative_cardinality": 0,
                "operator_type": "PROJECTION",
                "operator_cardinality": 75,
                "cumulative_rows_scanned": 0,
                "operator_rows_scanned": 0,
                "operator_timing": 1.6146999999999996e-05,
                "children": [
                  {
                    "total_bytes_written": 0,
                    "total_bytes_read": 0,
                    "result_set_size": 6600,
                    "operator_name": "PROJECTION",
                    "cpu_time": 0.0,
                    "extra_info": {
                      "Projections": [
                        "__internal_decompress_string(#0)",
                        "__internal_decompress_string(#1)",
                        "__internal_decompress_string(#2)",
                        "__internal_decompress_integral_integer(#3, 500)",
                        "__internal_decompress_string(#4)",
                        "__internal_decompress_integral_integer(#5, 0)",
                        "__internal_decompress_integral_integer(#6, 0)",
                        "__internal_decompress_integral_integer(#7, 0)",
                        "#8"
                      ],
                      "Estimated Cardinality": "16425"
                    },
                    "cumulative_cardinality": 0,
                    "operator_type": "PROJECTION",
                    "operator_cardinality": 75,
                    "cumulative_rows_scanned": 0,
                    "operator_rows_scanned": 0,
                    "operator_timing": 0.001074509,
                    "children": [
                      {
                        "total_bytes_written": 0,
                        "total_bytes_read": 0,
                        "result_set_size": 3525,
                        "operator_name": "HASH_GROUP_BY",
                        "cpu_time": 0.0,
                        "extra_info": {
                          "Groups": [
                            "#0",
                            "#1",
                            "#2",
                            "#3",
                            "#4",
                            "#5",
                            "#6",
                            "#7"
                          ],
                          "Aggregates": "count_star()",
                          "Estimated Cardinality": "16425"
                        },
                        "cumulative_cardinality": 0,
                        "operator_type": "HASH_GROUP_BY",
                        "operator_cardinality": 75,
                        "cumulative_rows_scanned": 0,
                        "operator_rows_scanned": 0,
                        "operator_timing": 0.00853319,
                        "children": [
                          {
                            "total_bytes_written": 0,
                            "total_bytes_read": 0,
                            "result_set_size": 2925,
                            "operator_name": "PROJECTION",
                            "cpu_time": 0.0,
                            "extra_info": {
                              "Projections": [
                                "cd_gender",
                                "cd_marital_status",
                                "cd_education_status",
                                "cd_purchase_estimate",
                                "cd_credit_rating",
                                "cd_dep_count",
                                "cd_dep_employed_count",
                                "cd_dep_college_count"
                              ],
                              "Estimated Cardinality": "16425"
                            },
                            "cumulative_cardinality": 0,
                            "operator_type": "PROJECTION",
                            "operator_cardinality": 75,
                            "cumulative_rows_scanned": 0,
                            "operator_rows_scanned": 0,
                            "operator_timing": 1.3059999999999999e-06,
                            "children": [
                              {
                                "total_bytes_written": 0,
                                "total_bytes_read": 0,
                                "result_set_size": 2925,
                                "operator_name": "PROJECTION",
                                "cpu_time": 0.0,
                                "extra_info": {
                                  "Projections": [
                                    "__internal_compress_string_utinyint(#0)",
                                    "__internal_compress_string_utinyint(#1)",
                                    "__internal_compress_string_uhugeint(#2)",
                                    "__internal_compress_integral_usmallint(#3, 500)",
                                    "__internal_compress_string_uhugeint(#4)",
                                    "__internal_compress_integral_utinyint(#5, 0)",
                                    "__internal_compress_integral_utinyint(#6, 0)",
                                    "__internal_compress_integral_utinyint(#7, 0)"
                                  ],
                                  "Estimated Cardinality": "16425"
                                },
                                "cumulative_cardinality": 0,
                                "operator_type": "PROJECTION",
                                "operator_cardinality": 75,
                                "cumulative_rows_scanned": 0,
                                "operator_rows_scanned": 0,
                                "operator_timing": 0.00010342200000000001,
                                "children": [
                                  {
                                    "total_bytes_written": 0,
                                    "total_bytes_read": 0,
                                    "result_set_size": 6000,
                                    "operator_name": "PROJECTION",
                                    "cpu_time": 0.0,
                                    "extra_info": {
                                      "Projections": [
                                        "#0",
                                        "#1",
                                        "#2",
                                        "#3",
                                        "#4",
                                        "#5",
                                        "#6",
                                        "#7"
                                      ],
                                      "Estimated Cardinality": "16425"
                                    },
                                    "cumulative_cardinality": 0,
                                    "operator_type": "PROJECTION",
                                    "operator_cardinality": 75,
                                    "cumulative_rows_scanned": 0,
                                    "operator_rows_scanned": 0,
                                    "operator_timing": 1.909e-06,
                                    "children": [
                                      {
                                        "total_bytes_written": 0,
                                        "total_bytes_read": 0,
                                        "result_set_size": 6150,
                                        "operator_name": "FILTER",
                                        "cpu_time": 0.0,
                                        "extra_info": {
                                          "Expression": "(SUBQUERY OR SUBQUERY)",
                                          "Estimated Cardinality": "16425"
                                        },
                                        "cumulative_cardinality": 0,
                                        "operator_type": "FILTER",
                                        "operator_cardinality": 75,
                                        "cumulative_rows_scanned": 0,
                                        "operator_rows_scanned": 0,
                                        "operator_timing": 0.000138704,
                                        "children": [
                                          {
                                            "total_bytes_written": 0,
                                            "total_bytes_read": 0,
                                            "result_set_size": 0,
                                            "operator_name": "LEFT_DELIM_JOIN",
                                            "cpu_time": 0.0,
                                            "extra_info": {
                                              "Join Type": "MARK",
                                              "Conditions": "c_customer_sk IS NOT DISTINCT FROM c_customer_sk",
                                              "Estimated Cardinality": "0",
                                              "Delim Index": "3"
                                            },
                                            "cumulative_cardinality": 0,
                                            "operator_type": "LEFT_DELIM_JOIN",
                                            "operator_cardinality": 0,
                                            "cumulative_rows_scanned": 0,
                                            "operator_rows_scanned": 0,
                                            "operator_timing": 0.001380525,
                                            "children": [
                                              {
                                                "total_bytes_written": 0,
                                                "total_bytes_read": 0,
                                                "result_set_size": 0,
                                                "operator_name": "LEFT_DELIM_JOIN",
                                                "cpu_time": 0.0,
                                                "extra_info": {
                                                  "Join Type": "MARK",
                                                  "Conditions": "c_customer_sk IS NOT DISTINCT FROM c_customer_sk",
                                                  "Estimated Cardinality": "16425",
                                                  "Delim Index": "2"
                                                },
                                                "cumulative_cardinality": 0,
                                                "operator_type": "LEFT_DELIM_JOIN",
                                                "operator_cardinality": 0,
                                                "cumulative_rows_scanned": 0,
                                                "operator_rows_scanned": 0,
                                                "operator_timing": 0.012145658,
                                                "children": [
                                                  {
                                                    "total_bytes_written": 0,
                                                    "total_bytes_read": 0,
                                                    "result_set_size": 0,
                                                    "operator_name": "LEFT_DELIM_JOIN",
                                                    "cpu_time": 0.0,
                                                    "extra_info": {
                                                      "Join Type": "SEMI",
                                                      "Conditions": "c_customer_sk IS NOT DISTINCT FROM c_customer_sk",
                                                      "Estimated Cardinality": "16425",
                                                      "Delim Index": "1"
                                                    },
                                                    "cumulative_cardinality": 0,
                                                    "operator_type": "LEFT_DELIM_JOIN",
                                                    "operator_cardinality": 0,
                                                    "cumulative_rows_scanned": 0,
                                                    "operator_rows_scanned": 0,
                                                    "operator_timing": 0.133356186,
                                                    "children": [
                                                      {
                                                        "total_bytes_written": 0,
                                                        "total_bytes_read": 0,
                                                        "result_set_size": 234780,
                                                        "operator_name": "HASH_JOIN",
                                                        "cpu_time": 0.0,
                                                        "extra_info": {
                                                          "Join Type": "INNER",
                                                          "Conditions": "cd_demo_sk = c_current_cdemo_sk",
                                                          "Estimated Cardinality": "82127"
                                                        },
                                                        "cumulative_cardinality": 0,
                                                        "operator_type": "HASH_JOIN",
                                                        "operator_cardinality": 2795,
                                                        "cumulative_rows_scanned": 0,
                                                        "operator_rows_scanned": 0,
                                                        "operator_timing": 0.033883457000000006,
                                                        "children": [
                                                          {
                                                            "total_bytes_written": 0,
                                                            "total_bytes_read": 0,
                                                            "result_set_size": 161230860,
                                                            "operator_name": "SEQ_SCAN ",
                                                            "cpu_time": 0.0,
                                                            "extra_info": {
                                                              "Table": "customer_demographics",
                                                              "Type": "Sequential Scan",
                                                              "Projections": [
                                                                "cd_demo_sk",
                                                                "cd_gender",
                                                                "cd_marital_status",
                                                                "cd_education_status",
                                                                "cd_purchase_estimate",
                                                                "cd_credit_rating",
                                                                "cd_dep_count",
                                                                "cd_dep_employed_count",
                                                                "cd_dep_college_count"
                                                              ],
                                                              "Filters": "cd_demo_sk>=4 AND cd_demo_sk<=1920791",
                                                              "Estimated Cardinality": "1920800"
                                                            },
                                                            "cumulative_cardinality": 0,
                                                            "operator_type": "TABLE_SCAN",
                                                            "operator_cardinality": 1919415,
                                                            "cumulative_rows_scanned": 0,
                                                            "operator_rows_scanned": 30732800,
                                                            "operator_timing": 0.080379427,
                                                            "children": []
                                                          },
                                                          {
                                                            "total_bytes_written": 0,
                                                            "total_bytes_read": 0,
                                                            "result_set_size": 34764,
                                                            "operator_name": "HASH_JOIN",
                                                            "cpu_time": 0.0,
                                                            "extra_info": {
                                                              "Join Type": "INNER",
                                                              "Conditions": "c_current_addr_sk = ca_address_sk",
                                                              "Estimated Cardinality": "82127"
                                                            },
                                                            "cumulative_cardinality": 0,
                                                            "operator_type": "HASH_JOIN",
                                                            "operator_cardinality": 2897,
                                                            "cumulative_rows_scanned": 0,
                                                            "operator_rows_scanned": 0,
                                                            "operator_timing": 0.001418821,
                                                            "children": [
                                                              {
                                                                "total_bytes_written": 0,
                                                                "total_bytes_read": 0,
                                                                "result_set_size": 5985396,
                                                                "operator_name": "SEQ_SCAN ",
                                                                "cpu_time": 0.0,
                                                                "extra_info": {
                                                                  "Table": "customer",
                                                                  "Type": "Sequential Scan",
                                                                  "Projections": [
                                                                    "c_current_addr_sk",
                                                                    "c_current_cdemo_sk",
                                                                    "c_customer_sk"
                                                                  ],
                                                                  "Estimated Cardinality": "500000"
                                                                },
                                                                "cumulative_cardinality": 0,
                                                                "operator_type": "TABLE_SCAN",
                                                                "operator_cardinality": 498783,
                                                                "cumulative_rows_scanned": 0,
                                                                "operator_rows_scanned": 2500000,
                                                                "operator_timing": 0.03198392,
                                                                "children": []
                                                              },
                                                              {
                                                                "total_bytes_written": 0,
                                                                "total_bytes_read": 0,
                                                                "result_set_size": 5948,
                                                                "operator_name": "PROJECTION",
                                                                "cpu_time": 0.0,
                                                                "extra_info": {
                                                                  "Projections": "#0",
                                                                  "Estimated Cardinality": "50000"
                                                                },
                                                                "cumulative_cardinality": 0,
                                                                "operator_type": "PROJECTION",
                                                                "operator_cardinality": 1487,
                                                                "cumulative_rows_scanned": 0,
                                                                "operator_rows_scanned": 0,
                                                                "operator_timing": 1.302e-06,
                                                                "children": [
                                                                  {
                                                                    "total_bytes_written": 0,
                                                                    "total_bytes_read": 0,
                                                                    "result_set_size": 7435,
                                                                    "operator_name": "FILTER",
                                                                    "cpu_time": 0.0,
                                                                    "extra_info": {
                                                                      "Expression": "IN (...)",
                                                                      "Estimated Cardinality": "50000"
                                                                    },
                                                                    "cumulative_cardinality": 0,
                                                                    "operator_type": "FILTER",
                                                                    "operator_cardinality": 1487,
                                                                    "cumulative_rows_scanned": 0,
                                                                    "operator_rows_scanned": 0,
                                                                    "operator_timing": 0.0003735040000000001,
                                                                    "children": [
                                                                      {
                                                                        "total_bytes_written": 0,
                                                                        "total_bytes_read": 0,
                                                                        "result_set_size": 1250000,
                                                                        "operator_name": "HASH_JOIN",
                                                                        "cpu_time": 0.0,
                                                                        "extra_info": {
                                                                          "Join Type": "MARK",
                                                                          "Conditions": "ca_county = #0",
                                                                          "Estimated Cardinality": "250000"
                                                                        },
                                                                        "cumulative_cardinality": 0,
                                                                        "operator_type": "HASH_JOIN",
                                                                        "operator_cardinality": 250000,
                                                                        "cumulative_rows_scanned": 0,
                                                                        "operator_rows_scanned": 0,
                                                                        "operator_timing": 0.0026015579999999995,
                                                                        "children": [
                                                                          {
                                                                            "total_bytes_written": 0,
                                                                            "total_bytes_read": 0,
                                                                            "result_set_size": 5000000,
                                                                            "operator_name": "SEQ_SCAN ",
                                                                            "cpu_time": 0.0,
                                                                            "extra_info": {
                                                                              "Table": "customer_address",
                                                                              "Type": "Sequential Scan",
                                                                              "Projections": [
                                                                                "ca_address_sk",
                                                                                "ca_county"
                                                                              ],
                                                                              "Filters": "optional: ca_county IN ('Storey County', 'Marquette County', 'Warren County', 'Cochran County', 'Kandiyohi County')",
                                                                              "Estimated Cardinality": "250000"
                                                                            },
                                                                            "cumulative_cardinality": 0,
                                                                            "operator_type": "TABLE_SCAN",
                                                                            "operator_cardinality": 250000,
                                                                            "cumulative_rows_scanned": 0,
                                                                            "operator_rows_scanned": 750000,
                                                                            "operator_timing": 0.008859430000000001,
                                                                            "children": []
                                                                          },
                                                                          {
                                                                            "total_bytes_written": 0,
                                                                            "total_bytes_read": 0,
                                                                            "result_set_size": 80,
                                                                            "operator_name": "COLUMN_DATA_SCAN",
                                                                            "cpu_time": 0.0,
                                                                            "extra_info": {
                                                                              "Estimated Cardinality": "0"
                                                                            },
                                                                            "cumulative_cardinality": 0,
                                                                            "operator_type": "COLUMN_DATA_SCAN",
                                                                            "operator_cardinality": 5,
                                                                            "cumulative_rows_scanned": 0,
                                                                            "operator_rows_scanned": 0,
                                                                            "operator_timing": 3.527e-06,
                                                                            "children": []
                                                                          }
                                                                        ]
                                                                      }
                                                                    ]
                                                                  }
                                                                ]
                                                              }
                                                            ]
                                                          }
                                                        ]
                                                      },
                                                      {
                                                        "total_bytes_written": 0,
                                                        "total_bytes_read": 0,
                                                        "result_set_size": 38640,
                                                        "operator_name": "HASH_JOIN",
                                                        "cpu_time": 0.0,
                                                        "extra_info": {
                                                          "Join Type": "SEMI",
                                                          "Conditions": "c_customer_sk IS NOT DISTINCT FROM c_customer_sk",
                                                          "Estimated Cardinality": "16425"
                                                        },
                                                        "cumulative_cardinality": 0,
                                                        "operator_type": "HASH_JOIN",
                                                        "operator_cardinality": 460,
                                                        "cumulative_rows_scanned": 0,
                                                        "operator_rows_scanned": 0,
                                                        "operator_timing": 0.006522966000000002,
                                                        "children": [
                                                          {
                                                            "total_bytes_written": 0,
                                                            "total_bytes_read": 0,
                                                            "result_set_size": 234780,
                                                            "operator_name": "COLUMN_DATA_SCAN",
                                                            "cpu_time": 0.0,
                                                            "extra_info": {
                                                              "Estimated Cardinality": "16425"
                                                            },
                                                            "cumulative_cardinality": 0,
                                                            "operator_type": "COLUMN_DATA_SCAN",
                                                            "operator_cardinality": 2795,
                                                            "cumulative_rows_scanned": 0,
                                                            "operator_rows_scanned": 0,
                                                            "operator_timing": 4.8302e-05,
                                                            "children": []
                                                          },
                                                          {
                                                            "total_bytes_written": 0,
                                                            "total_bytes_read": 0,
                                                            "result_set_size": 22020,
                                                            "operator_name": "PROJECTION",
                                                            "cpu_time": 0.0,
                                                            "extra_info": {
                                                              "Projections": "c_customer_sk",
                                                              "Estimated Cardinality": "45354"
                                                            },
                                                            "cumulative_cardinality": 0,
                                                            "operator_type": "PROJECTION",
                                                            "operator_cardinality": 5505,
                                                            "cumulative_rows_scanned": 0,
                                                            "operator_rows_scanned": 0,
                                                            "operator_timing": 8.581999999999998e-06,
                                                            "children": [
                                                              {
                                                                "total_bytes_written": 0,
                                                                "total_bytes_read": 0,
                                                                "result_set_size": 44040,
                                                                "operator_name": "HASH_JOIN",
                                                                "cpu_time": 0.0,
                                                                "extra_info": {
                                                                  "Join Type": "INNER",
                                                                  "Conditions": "ss_customer_sk = c_customer_sk",
                                                                  "Estimated Cardinality": "45354"
                                                                },
                                                                "cumulative_cardinality": 0,
                                                                "operator_type": "HASH_JOIN",
                                                                "operator_cardinality": 5505,
                                                                "cumulative_rows_scanned": 0,
                                                                "operator_rows_scanned": 0,
                                                                "operator_timing": 0.016710666000000006,
                                                                "children": [
                                                                  {
                                                                    "total_bytes_written": 0,
                                                                    "total_bytes_read": 0,
                                                                    "result_set_size": 8256320,
                                                                    "operator_name": "HASH_JOIN",
                                                                    "cpu_time": 0.0,
                                                                    "extra_info": {
                                                                      "Join Type": "INNER",
                                                                      "Conditions": "ss_sold_date_sk = d_date_sk",
                                                                      "Estimated Cardinality": "230647"
                                                                    },
                                                                    "cumulative_cardinality": 0,
                                                                    "operator_type": "HASH_JOIN",
                                                                    "operator_cardinality": 1032040,
                                                                    "cumulative_rows_scanned": 0,
                                                                    "operator_rows_scanned": 0,
                                                                    "operator_timing": 0.04032242000000001,
                                                                    "children": [
                                                                      {
                                                                        "total_bytes_written": 0,
                                                                        "total_bytes_read": 0,
                                                                        "result_set_size": 8256320,
                                                                        "operator_name": "SEQ_SCAN ",
                                                                        "cpu_time": 0.0,
                                                                        "extra_info": {
                                                                          "Table": "store_sales",
                                                                          "Type": "Sequential Scan",
                                                                          "Projections": [
                                                                            "ss_customer_sk",
                                                                            "ss_sold_date_sk"
                                                                          ],
                                                                          "Estimated Cardinality": "28800991"
                                                                        },
                                                                        "cumulative_cardinality": 0,
                                                                        "operator_type": "TABLE_SCAN",
                                                                        "operator_cardinality": 1032040,
                                                                        "cumulative_rows_scanned": 0,
                                                                        "operator_rows_scanned": 806427748,
                                                                        "operator_timing": 4.288095501,
                                                                        "children": []
                                                                      },
                                                                      {
                                                                        "total_bytes_written": 0,
                                                                        "total_bytes_read": 0,
                                                                        "result_set_size": 480,
                                                                        "operator_name": "FILTER",
                                                                        "cpu_time": 0.0,
                                                                        "extra_info": {
                                                                          "Expression": "(d_date_sk BETWEEN 2450816 AND 2452642)",
                                                                          "Estimated Cardinality": "585"
                                                                        },
                                                                        "cumulative_cardinality": 0,
                                                                        "operator_type": "FILTER",
                                                                        "operator_cardinality": 120,
                                                                        "cumulative_rows_scanned": 0,
                                                                        "operator_rows_scanned": 0,
                                                                        "operator_timing": 1.5541e-05,
                                                                        "children": [
                                                                          {
                                                                            "total_bytes_written": 0,
                                                                            "total_bytes_read": 0,
                                                                            "result_set_size": 480,
                                                                            "operator_name": "SEQ_SCAN ",
                                                                            "cpu_time": 0.0,
                                                                            "extra_info": {
                                                                              "Table": "date_dim",
                                                                              "Type": "Sequential Scan",
                                                                              "Projections": "d_date_sk",
                                                                              "Filters": [
                                                                                "d_year=2001",
                                                                                "d_moy>=1 AND d_moy<=4"
                                                                              ],
                                                                              "Estimated Cardinality": "585"
                                                                            },
                                                                            "cumulative_cardinality": 0,
                                                                            "operator_type": "TABLE_SCAN",
                                                                            "operator_cardinality": 120,
                                                                            "cumulative_rows_scanned": 0,
                                                                            "operator_rows_scanned": 73049,
                                                                            "operator_timing": 0.0022778629999999998,
                                                                            "children": []
                                                                          }
                                                                        ]
                                                                      }
                                                                    ]
                                                                  },
                                                                  {
                                                                    "total_bytes_written": 0,
                                                                    "total_bytes_read": 0,
                                                                    "result_set_size": 0,
                                                                    "operator_name": "DELIM_SCAN",
                                                                    "cpu_time": 0.0,
                                                                    "extra_info": {
                                                                      "Delim Index": "1",
                                                                      "Estimated Cardinality": "75736"
                                                                    },
                                                                    "cumulative_cardinality": 0,
                                                                    "operator_type": "DELIM_SCAN",
                                                                    "operator_cardinality": 0,
                                                                    "cumulative_rows_scanned": 0,
                                                                    "operator_rows_scanned": 0,
                                                                    "operator_timing": 0.0,
                                                                    "children": []
                                                                  }
                                                                ]
                                                              }
                                                            ]
                                                          }
                                                        ]
                                                      },
                                                      {
                                                        "total_bytes_written": 0,
                                                        "total_bytes_read": 0,
                                                        "result_set_size": 11180,
                                                        "operator_name": "HASH_GROUP_BY",
                                                        "cpu_time": 0.0,
                                                        "extra_info": {
                                                          "Groups": "#8",
                                                          "Aggregates": "",
                                                          "Estimated Cardinality": "75736"
                                                        },
                                                        "cumulative_cardinality": 0,
                                                        "operator_type": "HASH_GROUP_BY",
                                                        "operator_cardinality": 2795,
                                                        "cumulative_rows_scanned": 0,
                                                        "operator_rows_scanned": 0,
                                                        "operator_timing": 0.011036766000000002,
                                                        "children": []
                                                      }
                                                    ]
                                                  },
                                                  {
                                                    "total_bytes_written": 0,
                                                    "total_bytes_read": 0,
                                                    "result_set_size": 39100,
                                                    "operator_name": "HASH_JOIN",
                                                    "cpu_time": 0.0,
                                                    "extra_info": {
                                                      "Join Type": "MARK",
                                                      "Conditions": "c_customer_sk IS NOT DISTINCT FROM c_customer_sk",
                                                      "Estimated Cardinality": "16425"
                                                    },
                                                    "cumulative_cardinality": 0,
                                                    "operator_type": "HASH_JOIN",
                                                    "operator_cardinality": 460,
                                                    "cumulative_rows_scanned": 0,
                                                    "operator_rows_scanned": 0,
                                                    "operator_timing": 0.000617875,
                                                    "children": [
                                                      {
                                                        "total_bytes_written": 0,
                                                        "total_bytes_read": 0,
                                                        "result_set_size": 38640,
                                                        "operator_name": "COLUMN_DATA_SCAN",
                                                        "cpu_time": 0.0,
                                                        "extra_info": {
                                                          "Estimated Cardinality": "16425"
                                                        },
                                                        "cumulative_cardinality": 0,
                                                        "operator_type": "COLUMN_DATA_SCAN",
                                                        "operator_cardinality": 460,
                                                        "cumulative_rows_scanned": 0,
                                                        "operator_rows_scanned": 0,
                                                        "operator_timing": 1.613e-05,
                                                        "children": []
                                                      },
                                                      {
                                                        "total_bytes_written": 0,
                                                        "total_bytes_read": 0,
                                                        "result_set_size": 1080,
                                                        "operator_name": "PROJECTION",
                                                        "cpu_time": 0.0,
                                                        "extra_info": {
                                                          "Projections": "c_customer_sk",
                                                          "Estimated Cardinality": "3059"
                                                        },
                                                        "cumulative_cardinality": 0,
                                                        "operator_type": "PROJECTION",
                                                        "operator_cardinality": 270,
                                                        "cumulative_rows_scanned": 0,
                                                        "operator_rows_scanned": 0,
                                                        "operator_timing": 3.4969999999999993e-06,
                                                        "children": [
                                                          {
                                                            "total_bytes_written": 0,
                                                            "total_bytes_read": 0,
                                                            "result_set_size": 2160,
                                                            "operator_name": "HASH_JOIN",
                                                            "cpu_time": 0.0,
                                                            "extra_info": {
                                                              "Join Type": "INNER",
                                                              "Conditions": "ws_bill_customer_sk = c_customer_sk",
                                                              "Estimated Cardinality": "3059"
                                                            },
                                                            "cumulative_cardinality": 0,
                                                            "operator_type": "HASH_JOIN",
                                                            "operator_cardinality": 270,
                                                            "cumulative_rows_scanned": 0,
                                                            "operator_rows_scanned": 0,
                                                            "operator_timing": 0.0037224010000000006,
                                                            "children": [
                                                              {
                                                                "total_bytes_written": 0,
                                                                "total_bytes_read": 0,
                                                                "result_set_size": 2186816,
                                                                "operator_name": "HASH_JOIN",
                                                                "cpu_time": 0.0,
                                                                "extra_info": {
                                                                  "Join Type": "INNER",
                                                                  "Conditions": "ws_sold_date_sk = d_date_sk",
                                                                  "Estimated Cardinality": "57640"
                                                                },
                                                                "cumulative_cardinality": 0,
                                                                "operator_type": "HASH_JOIN",
                                                                "operator_cardinality": 273352,
                                                                "cumulative_rows_scanned": 0,
                                                                "operator_rows_scanned": 0,
                                                                "operator_timing": 0.0058520970000000005,
                                                                "children": [
                                                                  {
                                                                    "total_bytes_written": 0,
                                                                    "total_bytes_read": 0,
                                                                    "result_set_size": 2186816,
                                                                    "operator_name": "SEQ_SCAN ",
                                                                    "cpu_time": 0.0,
                                                                    "extra_info": {
                                                                      "Table": "web_sales",
                                                                      "Type": "Sequential Scan",
                                                                      "Projections": [
                                                                        "ws_bill_customer_sk",
                                                                        "ws_sold_date_sk"
                                                                      ],
                                                                      "Estimated Cardinality": "7197566"
                                                                    },
                                                                    "cumulative_cardinality": 0,
                                                                    "operator_type": "TABLE_SCAN",
                                                                    "operator_cardinality": 273352,
                                                                    "cumulative_rows_scanned": 0,
                                                                    "operator_rows_scanned": 201531848,
                                                                    "operator_timing": 1.0910300089999996,
                                                                    "children": []
                                                                  },
                                                                  {
                                                                    "total_bytes_written": 0,
                                                                    "total_bytes_read": 0,
                                                                    "result_set_size": 480,
                                                                    "operator_name": "FILTER",
                                                                    "cpu_time": 0.0,
                                                                    "extra_info": {
                                                                      "Expression": "(d_date_sk BETWEEN 2450816 AND 2452642)",
                                                                      "Estimated Cardinality": "585"
                                                                    },
                                                                    "cumulative_cardinality": 0,
                                                                    "operator_type": "FILTER",
                                                                    "operator_cardinality": 120,
                                                                    "cumulative_rows_scanned": 0,
                                                                    "operator_rows_scanned": 0,
                                                                    "operator_timing": 2.2159e-05,
                                                                    "children": [
                                                                      {
                                                                        "total_bytes_written": 0,
                                                                        "total_bytes_read": 0,
                                                                        "result_set_size": 480,
                                                                        "operator_name": "SEQ_SCAN ",
                                                                        "cpu_time": 0.0,
                                                                        "extra_info": {
                                                                          "Table": "date_dim",
                                                                          "Type": "Sequential Scan",
                                                                          "Projections": "d_date_sk",
                                                                          "Filters": [
                                                                            "d_year=2001",
                                                                            "d_moy>=1 AND d_moy<=4"
                                                                          ],
                                                                          "Estimated Cardinality": "585"
                                                                        },
                                                                        "cumulative_cardinality": 0,
                                                                        "operator_type": "TABLE_SCAN",
                                                                        "operator_cardinality": 120,
                                                                        "cumulative_rows_scanned": 0,
                                                                        "operator_rows_scanned": 73049,
                                                                        "operator_timing": 0.00207927,
                                                                        "children": []
                                                                      }
                                                                    ]
                                                                  }
                                                                ]
                                                              },
                                                              {
                                                                "total_bytes_written": 0,
                                                                "total_bytes_read": 0,
                                                                "result_set_size": 0,
                                                                "operator_name": "DELIM_SCAN",
                                                                "cpu_time": 0.0,
                                                                "extra_info": {
                                                                  "Delim Index": "2",
                                                                  "Estimated Cardinality": "16158"
                                                                },
                                                                "cumulative_cardinality": 0,
                                                                "operator_type": "DELIM_SCAN",
                                                                "operator_cardinality": 0,
                                                                "cumulative_rows_scanned": 0,
                                                                "operator_rows_scanned": 0,
                                                                "operator_timing": 0.0,
                                                                "children": []
                                                              }
                                                            ]
                                                          }
                                                        ]
                                                      }
                                                    ]
                                                  },
                                                  {
                                                    "total_bytes_written": 0,
                                                    "total_bytes_read": 0,
                                                    "result_set_size": 1840,
                                                    "operator_name": "HASH_GROUP_BY",
                                                    "cpu_time": 0.0,
                                                    "extra_info": {
                                                      "Groups": "#8",
                                                      "Aggregates": "",
                                                      "Estimated Cardinality": "16158"
                                                    },
                                                    "cumulative_cardinality": 0,
                                                    "operator_type": "HASH_GROUP_BY",
                                                    "operator_cardinality": 460,
                                                    "cumulative_rows_scanned": 0,
                                                    "operator_rows_scanned": 0,
                                                    "operator_timing": 0.003620793,
                                                    "children": []
                                                  }
                                                ]
                                              },
                                              {
                                                "total_bytes_written": 0,
                                                "total_bytes_read": 0,
                                                "result_set_size": 37720,
                                                "operator_name": "HASH_JOIN",
                                                "cpu_time": 0.0,
                                                "extra_info": {
                                                  "Join Type": "MARK",
                                                  "Conditions": "c_customer_sk IS NOT DISTINCT FROM c_customer_sk",
                                                  "Estimated Cardinality": "0"
                                                },
                                                "cumulative_cardinality": 0,
                                                "operator_type": "HASH_JOIN",
                                                "operator_cardinality": 460,
                                                "cumulative_rows_scanned": 0,
                                                "operator_rows_scanned": 0,
                                                "operator_timing": 0.000485831,
                                                "children": [
                                                  {
                                                    "total_bytes_written": 0,
                                                    "total_bytes_read": 0,
                                                    "result_set_size": 39100,
                                                    "operator_name": "COLUMN_DATA_SCAN",
                                                    "cpu_time": 0.0,
                                                    "extra_info": {
                                                      "Estimated Cardinality": "0"
                                                    },
                                                    "cumulative_cardinality": 0,
                                                    "operator_type": "COLUMN_DATA_SCAN",
                                                    "operator_cardinality": 460,
                                                    "cumulative_rows_scanned": 0,
                                                    "operator_rows_scanned": 0,
                                                    "operator_timing": 1.8097e-05,
                                                    "children": []
                                                  },
                                                  {
                                                    "total_bytes_written": 0,
                                                    "total_bytes_read": 0,
                                                    "result_set_size": 2480,
                                                    "operator_name": "PROJECTION",
                                                    "cpu_time": 0.0,
                                                    "extra_info": {
                                                      "Projections": "c_customer_sk",
                                                      "Estimated Cardinality": "5739"
                                                    },
                                                    "cumulative_cardinality": 0,
                                                    "operator_type": "PROJECTION",
                                                    "operator_cardinality": 620,
                                                    "cumulative_rows_scanned": 0,
                                                    "operator_rows_scanned": 0,
                                                    "operator_timing": 8.969999999999999e-07,
                                                    "children": [
                                                      {
                                                        "total_bytes_written": 0,
                                                        "total_bytes_read": 0,
                                                        "result_set_size": 4960,
                                                        "operator_name": "HASH_JOIN",
                                                        "cpu_time": 0.0,
                                                        "extra_info": {
                                                          "Join Type": "INNER",
                                                          "Conditions": "cs_ship_customer_sk = c_customer_sk",
                                                          "Estimated Cardinality": "5739"
                                                        },
                                                        "cumulative_cardinality": 0,
                                                        "operator_type": "HASH_JOIN",
                                                        "operator_cardinality": 620,
                                                        "cumulative_rows_scanned": 0,
                                                        "operator_rows_scanned": 0,
                                                        "operator_timing": 0.001638763,
                                                        "children": [
                                                          {
                                                            "total_bytes_written": 0,
                                                            "total_bytes_read": 0,
                                                            "result_set_size": 4276920,
                                                            "operator_name": "HASH_JOIN",
                                                            "cpu_time": 0.0,
                                                            "extra_info": {
                                                              "Join Type": "INNER",
                                                              "Conditions": "cs_sold_date_sk = d_date_sk",
                                                              "Estimated Cardinality": "115329"
                                                            },
                                                            "cumulative_cardinality": 0,
                                                            "operator_type": "HASH_JOIN",
                                                            "operator_cardinality": 534615,
                                                            "cumulative_rows_scanned": 0,
                                                            "operator_rows_scanned": 0,
                                                            "operator_timing": 0.001021228,
                                                            "children": [
                                                              {
                                                                "total_bytes_written": 0,
                                                                "total_bytes_read": 0,
                                                                "result_set_size": 4276920,
                                                                "operator_name": "SEQ_SCAN ",
                                                                "cpu_time": 0.0,
                                                                "extra_info": {
                                                                  "Table": "catalog_sales",
                                                                  "Type": "Sequential Scan",
                                                                  "Projections": [
                                                                    "cs_ship_customer_sk",
                                                                    "cs_sold_date_sk"
                                                                  ],
                                                                  "Estimated Cardinality": "14401261"
                                                                },
                                                                "cumulative_cardinality": 0,
                                                                "operator_type": "TABLE_SCAN",
                                                                "operator_cardinality": 534615,
                                                                "cumulative_rows_scanned": 0,
                                                                "operator_rows_scanned": 403235308,
                                                                "operator_timing": 0.024621299999999992,
                                                                "children": []
                                                              },
                                                              {
                                                                "total_bytes_written": 0,
                                                                "total_bytes_read": 0,
                                                                "result_set_size": 480,
                                                                "operator_name": "FILTER",
                                                                "cpu_time": 0.0,
                                                                "extra_info": {
                                                                  "Expression": "(d_date_sk BETWEEN 2450815 AND 2452653)",
                                                                  "Estimated Cardinality": "585"
                                                                },
                                                                "cumulative_cardinality": 0,
                                                                "operator_type": "FILTER",
                                                                "operator_cardinality": 120,
                                                                "cumulative_rows_scanned": 0,
                                                                "operator_rows_scanned": 0,
                                                                "operator_timing": 2.6351e-05,
                                                                "children": [
                                                                  {
                                                                    "total_bytes_written": 0,
                                                                    "total_bytes_read": 0,
                                                                    "result_set_size": 480,
                                                                    "operator_name": "SEQ_SCAN ",
                                                                    "cpu_time": 0.0,
                                                                    "extra_info": {
                                                                      "Table": "date_dim",
                                                                      "Type": "Sequential Scan",
                                                                      "Projections": "d_date_sk",
                                                                      "Filters": [
                                                                        "d_year=2001",
                                                                        "d_moy>=1 AND d_moy<=4"
                                                                      ],
                                                                      "Estimated Cardinality": "585"
                                                                    },
                                                                    "cumulative_cardinality": 0,
                                                                    "operator_type": "TABLE_SCAN",
                                                                    "operator_cardinality": 120,
                                                                    "cumulative_rows_scanned": 0,
                                                                    "operator_rows_scanned": 73049,
                                                                    "operator_timing": 0.001843309,
                                                                    "children": []
                                                                  }
                                                                ]
                                                              }
                                                            ]
                                                          },
                                                          {
                                                            "total_bytes_written": 0,
                                                            "total_bytes_read": 0,
                                                            "result_set_size": 0,
                                                            "operator_name": "DELIM_SCAN",
                                                            "cpu_time": 0.0,
                                                            "extra_info": {
                                                              "Delim Index": "3",
                                                              "Estimated Cardinality": "16158"
                                                            },
                                                            "cumulative_cardinality": 0,
                                                            "operator_type": "DELIM_SCAN",
                                                            "operator_cardinality": 0,
                                                            "cumulative_rows_scanned": 0,
                                                            "operator_rows_scanned": 0,
                                                            "operator_timing": 0.0,
                                                            "children": []
                                                          }
                                                        ]
                                                      }
                                                    ]
                                                  }
                                                ]
                                              },
                                              {
                                                "total_bytes_written": 0,
                                                "total_bytes_read": 0,
                                                "result_set_size": 1840,
                                                "operator_name": "HASH_GROUP_BY",
                                                "cpu_time": 0.0,
                                                "extra_info": {
                                                  "Groups": "#8",
                                                  "Aggregates": "",
                                                  "Estimated Cardinality": "16158"
                                                },
                                                "cumulative_cardinality": 0,
                                                "operator_type": "HASH_GROUP_BY",
                                                "operator_cardinality": 460,
                                                "cumulative_rows_scanned": 0,
                                                "operator_rows_scanned": 0,
                                                "operator_timing": 0.01133199,
                                                "children": []
                                              }
                                            ]
                                          }
                                        ]
                                      }
                                    ]
                                  }
                                ]
                              }
                            ]
                          }
                        ]
                      }
                    ]
                  }
                ]
              }
            ]
          }
        ]
      }
    ]
  },
  "actual_rows": 0,
  "provenance": {
    "database": "/mnt/d/TPC-DS/tpcds_sf10.duckdb",
    "scale_factor": 10,
    "engine": "duckdb",
    "engine_version": "1.4.3",
    "cached_at": "2026-02-08T10:20:34.160181"
  }
}