{
  "execution_time_ms": 0.0,
  "plan_text": "\u250c\u2500\u2500\u2500\u2500\u2500\u2500\u2500\u2500\u2500\u2500\u2500\u2500\u2500\u2510\n\u2502     CTE     \u2502\n\u2502    \u2500\u2500\u2500\u2500\u2500\u2500   \u2502\n\u2502  CTE Name:  \u2502\n\u2502 cross_sales \u2502\n\u2502             \u251c\u2500\u2500\u2500\u2500\u2500\u2500\u2500\u2500\u2500\u2500\u2500\u2500\u2500\u2500\u2500\u2500\u2500\u2500\u2500\u2500\u2500\u2500\u2500\u2500\u2500\u2500\u2500\u2500\u2500\u2500\u2500\u2500\u2500\u2500\u2500\u2500\u2500\u2500\u2500\u2500\u2500\u2500\u2500\u2500\u2500\u2500\u2500\u2500\u2500\u2500\u2500\u2500\u2500\u2500\u2500\u2500\u2500\u2500\u2500\u2500\u2500\u2500\u2500\u2500\u2500\u2500\u2500\u2500\u2500\u2500\u2500\u2500\u2500\u2500\u2500\u2500\u2500\u2500\u2500\u2500\u2500\u2500\u2500\u2500\u2500\u2500\u2500\u2500\u2500\u2500\u2500\u2500\u2500\u2500\u2500\u2500\u2500\u2500\u2500\u2500\u2500\u2500\u2500\u2500\u2500\u2500\u2500\u2500\u2500\u2500\u2500\u2500\u2500\u2500\u2500\u2500\u2500\u2500\u2500\u2500\u2500\u2500\u2500\u2500\u2500\u2500\u2500\u2500\u2500\u2500\u2500\u2500\u2500\u2500\u2500\u2500\u2500\u2500\u2500\u2500\u2500\u2500\u2500\u2500\u2500\u2500\u2500\u2500\u2500\u2500\u2500\u2500\u2500\u2500\u2500\u2500\u2500\u2500\u2500\u2500\u2500\u2500\u2500\u2500\u2500\u2500\u2500\u2500\u2500\u2500\u2500\u2500\u2500\u2500\u2500\u2500\u2500\u2500\u2500\u2500\u2500\u2500\u2500\u2500\u2500\u2500\u2500\u2500\u2500\u2500\u2500\u2500\u2500\u2500\u2500\u2500\u2500\u2500\u2500\u2500\u2500\u2500\u2500\u2500\u2500\u2500\u2500\u2500\u2500\u2500\u2500\u2500\u2500\u2500\u2500\u2500\u2500\u2500\u2500\u2500\u2500\u2500\u2500\u2500\u2500\n\u2502 Table Index:\u2502                                                                                                                                                                                                                                 \n\u2502      9      \u2502                                                                                                                                                                                                                                 \n\u2502             \u2502                                                                                                                                                                                                                                 \n\u2502 ~39,833 rows\u2502                                                                                                                                                                                                                                 \n\u2514\u2500\u2500\u2500\u2500\u2500\u2500\u252c\u2500\u2500\u2500\u2500\u2500\u2500\u2518                                                                                                                                                                                                                                 \n\u250c\u2500\u2500\u2500\u2500\u2500\u2500\u2534\u2500\u2500\u2500\u2500\u2500\u2500\u2510                                                                                                                                                                                                                                 \n\u2502  PROJECTION \u2502                                                                                                                                                                                                                                 \n\u2502    \u2500\u2500\u2500\u2500\u2500\u2500   \u2502                                                                                                                                                                                                                                 \n\u2502      #0     \u2502                                                                                                                                                                                                                                 \n\u2502      #1     \u2502                                                                                                                                                                                                                                 \n\u2502__internal_de\u2502                                                                                                                                                                                                                                 \n\u2502compress_stri\u2502                                                                                                                                                                                                                                 \n\u2502    ng(#2)   \u2502                                                                                                                                                                                                                                 \n\u2502__internal_de\u2502                                                                                                                                                                                                                                 \n\u2502compress_stri\u2502                                                                                                                                                                                                                                 \n\u2502    ng(#3)   \u2502                                                                                                                                                                                                                                 \n\u2502__internal_de\u2502                                                                                                                                                                                                                                 \n\u2502compress_stri\u2502                                                                                                                                                                                                                                 \n\u2502    ng(#4)   \u2502                                                                                                                                                                                                                                 \n\u2502      #5     \u2502                                                                                                                                                                                                                                 \n\u2502      #6     \u2502                                                                                                                                                                                                                                 \n\u2502__internal_de\u2502                                                                                                                                                                                                                                 \n\u2502compress_stri\u2502                                                                                                                                                                                                                                 \n\u2502    ng(#7)   \u2502                                                                                                                                                                                                                                 \n\u2502__internal_de\u2502                                                                                                                                                                                                                                 \n\u2502compress_stri\u2502                                                                                                                                                                                                                                 \n\u2502    ng(#8)   \u2502                                                                                                                                                                                                                                 \n\u2502      #9     \u2502                                                                                                                                                                                                                                 \n\u2502     #10     \u2502                                                                                                                                                                                                                                 \n\u2502__internal_de\u2502                                                                                                                                                                                                                                 \n\u2502compress_stri\u2502                                                                                                                                                                                                                                 \n\u2502   ng(#11)   \u2502                                                                                                                                                                                                                                 \n\u2502__internal_de\u2502                                                                                                                                                                                                                                 \n\u2502compress_inte\u2502                                                                                                                                                                                                                                 \n\u2502 gral_integer\u2502                                                                                                                                                                                                                                 \n\u2502 (#12, 1900) \u2502                                                                                                                                                                                                                                 \n\u2502__internal_de\u2502                                                                                                                                                                                                                                 \n\u2502compress_inte\u2502                                                                                                                                                                                                                                 \n\u2502 gral_integer\u2502                                                                                                                                                                                                                                 \n\u2502 (#13, 1900) \u2502                                                                                                                                                                                                                                 \n\u2502__internal_de\u2502                                                                                                                                                                                                                                 \n\u2502compress_inte\u2502                                                                                                                                                                                                                                 \n\u2502 gral_integer\u2502                                                                                                                                                                                                                                 \n\u2502 (#14, 1900) \u2502                                                                                                                                                                                                                                 \n\u2502     #15     \u2502                                                                                                                                                                                                                                 \n\u2502     #16     \u2502                                                                                                                                                                                                                                 \n\u2502     #17     \u2502                                                                                                                                                                                                                                 \n\u2502     #18     \u2502                                                                                                                                                                                                                                 \n\u2502             \u2502                                                                                                                                                                                                                                 \n\u2502~294,843 rows\u2502                                                                                                                                                                                                                                 \n\u2514\u2500\u2500\u2500\u2500\u2500\u2500\u252c\u2500\u2500\u2500\u2500\u2500\u2500\u2518                                                                                                                                                                                                                                 \n\u250c\u2500\u2500\u2500\u2500\u2500\u2500\u2534\u2500\u2500\u2500\u2500\u2500\u2500\u2510                                                                                                                                                                                                                                 \n\u2502HASH_GROUP_BY\u2502                                                                                                                                                                                                                                 \n\u2502    \u2500\u2500\u2500\u2500\u2500\u2500   \u2502                                                                                                                                                                                                                                 \n\u2502   Groups:   \u2502                                                                                                                                                                                                                                 \n\u2502      #0     \u2502                                                                                                                                                                                                                                 \n\u2502      #1     \u2502                                                                                                                                                                                                                                 \n\u2502      #2     \u2502                                                                                                                                                                                                                                 \n\u2502      #3     \u2502                                                                                                                                                                                                                                 \n\u2502      #4     \u2502                                                                                                                                                                                                                                 \n\u2502      #5     \u2502                                                                                                                                                                                                                                 \n\u2502      #6     \u2502                                                                                                                                                                                                                                 \n\u2502      #7     \u2502                                                                                                                                                                                                                                 \n\u2502      #8     \u2502                                                                                                                                                                                                                                 \n\u2502      #9     \u2502                                                                                                                                                                                                                                 \n\u2502     #10     \u2502                                                                                                                                                                                                                                 \n\u2502     #11     \u2502                                                                                                                                                                                                                                 \n\u2502     #12     \u2502                                                                                                                                                                                                                                 \n\u2502     #13     \u2502                                                                                                                                                                                                                                 \n\u2502     #14     \u2502                                                                                                                                                                                                                                 \n\u2502             \u2502                                                                                                                                                                                                                                 \n\u2502 Aggregates: \u2502                                                                                                                                                                                                                                 \n\u2502 count_star()\u2502                                                                                                                                                                                                                                 \n\u2502   sum(#15)  \u2502                                                                                                                                                                                                                                 \n\u2502   sum(#16)  \u2502                                                                                                                                                                                                                                 \n\u2502   sum(#17)  \u2502                                                                                                                                                                                                                                 \n\u2502             \u2502                                                                                                                                                                                                                                 \n\u2502             \u2502                                                                                                                                                                                                                                 \n\u2502~294,843 rows\u2502                                                                                                                                                                                                                                 \n\u2514\u2500\u2500\u2500\u2500\u2500\u2500\u252c\u2500\u2500\u2500\u2500\u2500\u2500\u2518                                                                                                                                                                                                                                 \n\u250c\u2500\u2500\u2500\u2500\u2500\u2500\u2534\u2500\u2500\u2500\u2500\u2500\u2500\u2510                                                                                                                                                                                                                                 \n\u2502  PROJECTION \u2502                                                                                                                                                                                                                                 \n\u2502    \u2500\u2500\u2500\u2500\u2500\u2500   \u2502                                                                                                                                                                                                                                 \n\u2502i_product_nam\u2502                                                                                                                                                                                                                                 \n\u2502      e      \u2502                                                                                                                                                                                                                                 \n\u2502  i_item_sk  \u2502                                                                                                                                                                                                                                 \n\u2502 s_store_name\u2502                                                                                                                                                                                                                                 \n\u2502    s_zip    \u2502                                                                                                                                                                                                                                 \n\u2502ca_street_num\u2502                                                                                                                                                                                                                                 \n\u2502     ber     \u2502                                                                                                                                                                                                                                 \n\u2502ca_street_nam\u2502                                                                                                                                                                                                                                 \n\u2502      e      \u2502                                                                                                                                                                                                                                 \n\u2502   ca_city   \u2502                                                                                                                                                                                                                                 \n\u2502    ca_zip   \u2502                                                                                                                                                                                                                                 \n\u2502ca_street_num\u2502                                                                                                                                                                                                                                 \n\u2502     ber     \u2502                                                                                                                                                                                                                                 \n\u2502ca_street_nam\u2502                                                                                                                                                                                                                                 \n\u2502      e      \u2502                                                                                                                                                                                                                                 \n\u2502   ca_city   \u2502                                                                                                                                                                                                                                 \n\u2502    ca_zip   \u2502                                                                                                                                                                                                                                 \n\u2502    d_year   \u2502                                                                                                                                                                                                                                 \n\u2502    d_year   \u2502                                                                                                                                                                                                                                 \n\u2502    d_year   \u2502                                                                                                                                                                                                                                 \n\u2502ss_wholesale_\u2502                                                                                                                                                                                                                                 \n\u2502     cost    \u2502                                                                                                                                                                                                                                 \n\u2502ss_list_price\u2502                                                                                                                                                                                                                                 \n\u2502ss_coupon_amt\u2502                                                                                                                                                                                                                                 \n\u2502             \u2502                                                                                                                                                                                                                                 \n\u2502~294,843 rows\u2502                                                                                                                                                                                                                                 \n\u2514\u2500\u2500\u2500\u2500\u2500\u2500\u252c\u2500\u2500\u2500\u2500\u2500\u2500\u2518                                                                                                                                                                                                                                 \n\u250c\u2500\u2500\u2500\u2500\u2500\u2500\u2534\u2500\u2500\u2500\u2500\u2500\u2500\u2510                                                                                                                                                                                                                                 \n\u2502  PROJECTION \u2502                                                                                                                                                                                                                                 \n\u2502    \u2500\u2500\u2500\u2500\u2500\u2500   \u2502                                                                                                                                                                                                                                 \n\u2502__internal_co\u2502                                                                                                                                                                                                                                 \n\u2502mpress_string\u2502                                                                                                                                                                                                                                 \n\u2502 _ubigint(#8)\u2502                                                                                                                                                                                                                                 \n\u2502      #9     \u2502                                                                                                                                                                                                                                 \n\u2502     #10     \u2502                                                                                                                                                                                                                                 \n\u2502__internal_co\u2502                                                                                                                                                                                                                                 \n\u2502mpress_string\u2502                                                                                                                                                                                                                                 \n\u2502_ubigint(#11)\u2502                                                                                                                                                                                                                                 \n\u2502__internal_co\u2502                                                                                                                                                                                                                                 \n\u2502mpress_string\u2502                                                                                                                                                                                                                                 \n\u2502 _ubigint(#6)\u2502                                                                                                                                                                                                                                 \n\u2502__internal_co\u2502                                                                                                                                                                                                                                 \n\u2502mpress_string\u2502                                                                                                                                                                                                                                 \n\u2502 _ubigint(#7)\u2502                                                                                                                                                                                                                                 \n\u2502__internal_co\u2502                                                                                                                                                                                                                                 \n\u2502mpress_integr\u2502                                                                                                                                                                                                                                 \n\u2502 al_utinyint(\u2502                                                                                                                                                                                                                                 \n\u2502  #5, 1900)  \u2502                                                                                                                                                                                                                                 \n\u2502      #0     \u2502                                                                                                                                                                                                                                 \n\u2502      #1     \u2502                                                                                                                                                                                                                                 \n\u2502      #2     \u2502                                                                                                                                                                                                                                 \n\u2502      #3     \u2502                                                                                                                                                                                                                                 \n\u2502      #4     \u2502                                                                                                                                                                                                                                 \n\u2502__internal_co\u2502                                                                                                                                                                                                                                 \n\u2502mpress_integr\u2502                                                                                                                                                                                                                                 \n\u2502 al_utinyint(\u2502                                                                                                                                                                                                                                 \n\u2502  #17, 1900) \u2502                                                                                                                                                                                                                                 \n\u2502__internal_co\u2502                                                                                                                                                                                                                                 \n\u2502mpress_integr\u2502                                                                                                                                                                                                                                 \n\u2502 al_utinyint(\u2502                                                                                                                                                                                                                                 \n\u2502  #16, 1900) \u2502                                                                                                                                                                                                                                 \n\u2502__internal_co\u2502                                                                                                                                                                                                                                 \n\u2502mpress_string\u2502                                                                                                                                                                                                                                 \n\u2502_ubigint(#12)\u2502                                                                                                                                                                                                                                 \n\u2502     #13     \u2502                                                                                                                                                                                                                                 \n\u2502     #14     \u2502                                                                                                                                                                                                                                 \n\u2502__internal_co\u2502                                                                                                                                                                                                                                 \n\u2502mpress_string\u2502                                                                                                                                                                                                                                 \n\u2502_ubigint(#15)\u2502                                                                                                                                                                                                                                 \n\u2502             \u2502                                                                                                                                                                                                                                 \n\u2502~294,843 rows\u2502                                                                                                                                                                                                                                 \n\u2514\u2500\u2500\u2500\u2500\u2500\u2500\u252c\u2500\u2500\u2500\u2500\u2500\u2500\u2518                                                                                                                                                                                                                                 \n\u250c\u2500\u2500\u2500\u2500\u2500\u2500\u2534\u2500\u2500\u2500\u2500\u2500\u2500\u2510                                                                                                                                                                                                                                 \n\u2502  HASH_JOIN  \u2502                                                                                                                                                                                                                                 \n\u2502    \u2500\u2500\u2500\u2500\u2500\u2500   \u2502                                                                                                                                                                                                                                 \n\u2502  Join Type: \u2502                                                                                                                                                                                                                                 \n\u2502    INNER    \u2502                                                                                                                                                                                                                                 \n\u2502             \u2502                                                                                                                                                                                                                                 \n\u2502 Conditions: \u2502                                                                                                                                                                                                                                 \n\u2502ss_customer_s\u2502                                                                                                                                                                                                                                 \n\u2502k = c_custome\u251c\u2500\u2500\u2500\u2500\u2500\u2500\u2500\u2500\u2500\u2500\u2500\u2500\u2500\u2500\u2500\u2500\u2500\u2500\u2500\u2500\u2500\u2500\u2500\u2500\u2500\u2500\u2500\u2500\u2500\u2500\u2500\u2500\u2500\u2500\u2500\u2500\u2500\u2500\u2500\u2500\u2500\u2500\u2500\u2500\u2500\u2500\u2500\u2500\u2500\u2500\u2500\u2500\u2500\u2500\u2500\u2500\u2500\u2500\u2500\u2500\u2500\u2500\u2500\u2500\u2500\u2500\u2500\u2500\u2500\u2500\u2500\u2500\u2500\u2500\u2500\u2500\u2500\u2500\u2500\u2500\u2500\u2500\u2500\u2500\u2500\u2500\u2500\u2500\u2500\u2500\u2500\u2500\u2500\u2500\u2500\u2500\u2500\u2500\u2500\u2500\u2500\u2500\u2500\u2500\u2500\u2500\u2500\u2500\u2500\u2500\u2500\u2500\u2500\u2500\u2500\u2500\u2500\u2500\u2500\u2500\u2500\u2500\u2500\u2500\u2500\u2500\u2500\u2500\u2500\u2500\u2500\u2500\u2500\u2500\u2500\u2500\u2500\u2500\u2500\u2500\u2500\u2500\u2500\u2500\u2500\u2500\u2500\u2500\u2500\u2500\u2500\u2500\u2500\u2500\u2500\u2500\u2500\u2500\u2500\u2500\u2500\u2500\u2500\u2500\u2500\u2500\u2500\u2500\u2500\u2500\u2500\u2500\u2500\u2500\u2500\u2500\u2500\u2500\u2500\u2500\u2500\u2500\u2500\u2500\u2500\u2500\u2500\u2510                                     \n\u2502     r_sk    \u2502                                                                                                                                                                                           \u2502                                     \n\u2502cd_marital_st\u2502                                                                                                                                                                                           \u2502                                     \n\u2502atus != cd_ma\u2502                                                                                                                                                                                           \u2502                                     \n\u2502 rital_status\u2502                                                                                                                                                                                           \u2502                                     \n\u2502             \u2502                                                                                                                                                                                           \u2502                                     \n\u2502~294,843 rows\u2502                                                                                                                                                                                           \u2502                                     \n\u2514\u2500\u2500\u2500\u2500\u2500\u2500\u252c\u2500\u2500\u2500\u2500\u2500\u2500\u2518                                                                                                                                                                                           \u2502                                     \n\u250c\u2500\u2500\u2500\u2500\u2500\u2500\u2534\u2500\u2500\u2500\u2500\u2500\u2500\u2510                                                                                                                                                                                    \u250c\u2500\u2500\u2500\u2500\u2500\u2500\u2534\u2500\u2500\u2500\u2500\u2500\u2500\u2510                              \n\u2502  HASH_JOIN  \u2502                                                                                                                                                                                    \u2502  HASH_JOIN  \u2502                              \n\u2502    \u2500\u2500\u2500\u2500\u2500\u2500   \u2502                                                                                                                                                                                    \u2502    \u2500\u2500\u2500\u2500\u2500\u2500   \u2502                              \n\u2502  Join Type: \u2502                                                                                                                                                                                    \u2502  Join Type: \u2502                              \n\u2502    INNER    \u2502                                                                                                                                                                                    \u2502    INNER    \u2502                              \n\u2502             \u2502                                                                                                                                                                                    \u2502             \u2502                              \n\u2502 Conditions: \u251c\u2500\u2500\u2500\u2500\u2500\u2500\u2500\u2500\u2500\u2500\u2500\u2500\u2500\u2500\u2500\u2500\u2500\u2500\u2500\u2500\u2500\u2500\u2500\u2500\u2500\u2500\u2500\u2500\u2500\u2500\u2500\u2500\u2500\u2500\u2500\u2500\u2500\u2500\u2500\u2500\u2500\u2500\u2500\u2500\u2500\u2500\u2500\u2500\u2500\u2500\u2500\u2500\u2500\u2500\u2500\u2500\u2500\u2500\u2500\u2500\u2500\u2500\u2500\u2500\u2500\u2500\u2500\u2500\u2500\u2500\u2500\u2500\u2500\u2500\u2500\u2500\u2500\u2500\u2500\u2500\u2500\u2500\u2500\u2500\u2500\u2500\u2500\u2500\u2500\u2500\u2500\u2500\u2500\u2500\u2500\u2500\u2500\u2500\u2500\u2500\u2500\u2500\u2500\u2500\u2500\u2500\u2500\u2500\u2500\u2500\u2500\u2500\u2500\u2500\u2500\u2500\u2500\u2500\u2500\u2500\u2500\u2500\u2500\u2500\u2500\u2500\u2500\u2500\u2500\u2500\u2500\u2500\u2500\u2500\u2500\u2500\u2500\u2500\u2500\u2500\u2500\u2500\u2500\u2500\u2500\u2500\u2500\u2500\u2500\u2500\u2500\u2500\u2500\u2500\u2500\u2500\u2500\u2500\u2500\u2500\u2500\u2500\u2500\u2500\u2500\u2500\u2500\u2500\u2500\u2500\u2500\u2500\u2510       \u2502 Conditions: \u251c\u2500\u2500\u2500\u2500\u2500\u2500\u2500\u2500\u2500\u2500\u2500\u2500\u2500\u2500\u2500\u2500\u2500\u2500\u2500\u2500\u2500\u2500\u2500\u2500\u2500\u2500\u2500\u2500\u2500\u2500\n\u2502 ss_addr_sk =\u2502                                                                                                                                                                            \u2502       \u2502c_first_shipt\u2502                              \n\u2502 ca_address_s\u2502                                                                                                                                                                            \u2502       \u2502 o_date_sk = \u2502                              \n\u2502      k      \u2502                                                                                                                                                                            \u2502       \u2502   d_date_sk \u2502                              \n\u2502             \u2502                                                                                                                                                                            \u2502       \u2502             \u2502                              \n\u2502~753,910 rows\u2502                                                                                                                                                                            \u2502       \u2502~391,085 rows\u2502                              \n\u2514\u2500\u2500\u2500\u2500\u2500\u2500\u252c\u2500\u2500\u2500\u2500\u2500\u2500\u2518                                                                                                                                                                            \u2502       \u2514\u2500\u2500\u2500\u2500\u2500\u2500\u252c\u2500\u2500\u2500\u2500\u2500\u2500\u2518                              \n\u250c\u2500\u2500\u2500\u2500\u2500\u2500\u2534\u2500\u2500\u2500\u2500\u2500\u2500\u2510                                                                                                                                                                     \u250c\u2500\u2500\u2500\u2500\u2500\u2500\u2534\u2500\u2500\u2500\u2500\u2500\u2500\u2510\u250c\u2500\u2500\u2500\u2500\u2500\u2500\u2534\u2500\u2500\u2500\u2500\u2500\u2500\u2510                              \n\u2502  HASH_JOIN  \u2502                                                                                                                                                                     \u2502  SEQ_SCAN   \u2502\u2502  HASH_JOIN  \u2502                              \n\u2502    \u2500\u2500\u2500\u2500\u2500\u2500   \u2502                                                                                                                                                                     \u2502    \u2500\u2500\u2500\u2500\u2500\u2500   \u2502\u2502    \u2500\u2500\u2500\u2500\u2500\u2500   \u2502                              \n\u2502  Join Type: \u2502                                                                                                                                                                     \u2502    Table:   \u2502\u2502  Join Type: \u2502                              \n\u2502    INNER    \u2502                                                                                                                                                                     \u2502customer_addr\u2502\u2502    INNER    \u2502                              \n\u2502             \u2502                                                                                                                                                                     \u2502     ess     \u2502\u2502             \u2502                              \n\u2502 Conditions: \u2502                                                                                                                                                                     \u2502             \u2502\u2502 Conditions: \u2502                              \n\u2502 ss_store_sk \u2502                                                                                                                                                                     \u2502    Type:    \u2502\u2502 cd_demo_sk =\u2502                              \n\u2502 = s_store_sk\u2502                                                                                                                                                                     \u2502  Sequential \u2502\u2502 c_current_cd\u2502                              \n\u2502             \u2502                                                                                                                                                                     \u2502     Scan    \u2502\u2502    emo_sk   \u2502                              \n\u2502             \u2502                                                                                                                                                                     \u2502             \u2502\u2502             \u2502                              \n\u2502             \u251c\u2500\u2500\u2500\u2500\u2500\u2500\u2500\u2500\u2500\u2500\u2500\u2500\u2500\u2500\u2500\u2500\u2500\u2500\u2500\u2500\u2500\u2500\u2500\u2500\u2500\u2500\u2500\u2500\u2500\u2500\u2500\u2500\u2500\u2500\u2500\u2500\u2500\u2500\u2500\u2500\u2500\u2500\u2500\u2500\u2500\u2500\u2500\u2500\u2500\u2500\u2500\u2500\u2500\u2500\u2500\u2500\u2500\u2500\u2500\u2500\u2500\u2500\u2500\u2500\u2500\u2500\u2500\u2500\u2500\u2500\u2500\u2500\u2500\u2500\u2500\u2500\u2500\u2500\u2500\u2500\u2500\u2500\u2500\u2500\u2500\u2500\u2500\u2500\u2500\u2500\u2500\u2500\u2500\u2500\u2500\u2500\u2500\u2500\u2500\u2500\u2500\u2500\u2500\u2500\u2500\u2500\u2500\u2500\u2500\u2500\u2500\u2500\u2500\u2500\u2500\u2500\u2500\u2500\u2500\u2500\u2500\u2500\u2500\u2500\u2500\u2500\u2500\u2500\u2500\u2500\u2500\u2500\u2500\u2500\u2500\u2500\u2500\u2500\u2500\u2500\u2500\u2500\u2500\u2500\u2500\u2500\u2500\u2500\u2500\u2500\u2500\u2500\u2500\u2500\u2500\u2500\u2500\u2510       \u2502 Projections:\u2502\u2502             \u251c\u2500\u2500\u2500\u2500\u2500\u2500\u2500\u2510                      \n\u2502             \u2502                                                                                                                                                             \u2502       \u2502ca_address_sk\u2502\u2502             \u2502       \u2502                      \n\u2502             \u2502                                                                                                                                                             \u2502       \u2502ca_street_num\u2502\u2502             \u2502       \u2502                      \n\u2502             \u2502                                                                                                                                                             \u2502       \u2502     ber     \u2502\u2502             \u2502       \u2502                      \n\u2502             \u2502                                                                                                                                                             \u2502       \u2502ca_street_nam\u2502\u2502             \u2502       \u2502                      \n\u2502             \u2502                                                                                                                                                             \u2502       \u2502      e      \u2502\u2502             \u2502       \u2502                      \n\u2502             \u2502                                                                                                                                                             \u2502       \u2502   ca_city   \u2502\u2502             \u2502       \u2502                      \n\u2502             \u2502                                                                                                                                                             \u2502       \u2502    ca_zip   \u2502\u2502             \u2502       \u2502                      \n\u2502             \u2502                                                                                                                                                             \u2502       \u2502             \u2502\u2502             \u2502       \u2502                      \n\u2502~662,868 rows\u2502                                                                                                                                                             \u2502       \u2502~250,000 rows\u2502\u2502~391,085 rows\u2502       \u2502                      \n\u2514\u2500\u2500\u2500\u2500\u2500\u2500\u252c\u2500\u2500\u2500\u2500\u2500\u2500\u2518                                                                                                                                                             \u2502       \u2514\u2500\u2500\u2500\u2500\u2500\u2500\u2500\u2500\u2500\u2500\u2500\u2500\u2500\u2518\u2514\u2500\u2500\u2500\u2500\u2500\u2500\u252c\u2500\u2500\u2500\u2500\u2500\u2500\u2518       \u2502                      \n\u250c\u2500\u2500\u2500\u2500\u2500\u2500\u2534\u2500\u2500\u2500\u2500\u2500\u2500\u2510                                                                                                                                                      \u250c\u2500\u2500\u2500\u2500\u2500\u2500\u2534\u2500\u2500\u2500\u2500\u2500\u2500\u2510               \u250c\u2500\u2500\u2500\u2500\u2500\u2500\u2534\u2500\u2500\u2500\u2500\u2500\u2500\u2510\u250c\u2500\u2500\u2500\u2500\u2500\u2500\u2534\u2500\u2500\u2500\u2500\u2500\u2500\u2510\n\u2502  HASH_JOIN  \u2502                                                                                                                                                      \u2502  SEQ_SCAN   \u2502               \u2502  SEQ_SCAN   \u2502\u2502  HASH_JOIN  \u2502\n\u2502    \u2500\u2500\u2500\u2500\u2500\u2500   \u2502                                                                                                                                                      \u2502    \u2500\u2500\u2500\u2500\u2500\u2500   \u2502               \u2502    \u2500\u2500\u2500\u2500\u2500\u2500   \u2502\u2502    \u2500\u2500\u2500\u2500\u2500\u2500   \u2502\n\u2502  Join Type: \u2502                                                                                                                                                      \u2502    Table:   \u2502               \u2502    Table:   \u2502\u2502  Join Type: \u2502\n\u2502    INNER    \u2502                                                                                                                                                      \u2502    store    \u2502               \u2502customer_demo\u2502\u2502    INNER    \u2502\n\u2502             \u2502                                                                                                                                                      \u2502             \u2502               \u2502   graphics  \u2502\u2502             \u2502\n\u2502 Conditions: \u2502                                                                                                                                                      \u2502    Type:    \u2502               \u2502             \u2502\u2502 Conditions: \u2502\n\u2502 cd_demo_sk =\u2502                                                                                                                                                      \u2502  Sequential \u2502               \u2502    Type:    \u2502\u2502c_first_sales\u2502\n\u2502  ss_cdemo_sk\u2502                                                                                                                                                      \u2502     Scan    \u2502               \u2502  Sequential \u2502\u2502  _date_sk = \u2502\n\u2502             \u2502                                                                                                                                                      \u2502             \u2502               \u2502     Scan    \u2502\u2502   d_date_sk \u2502\n\u2502             \u2502                                                                                                                                                      \u2502 Projections:\u2502               \u2502             \u2502\u2502             \u2502\n\u2502             \u251c\u2500\u2500\u2500\u2500\u2500\u2500\u2500\u2510                                                                                                                                              \u2502  s_store_sk \u2502               \u2502 Projections:\u2502\u2502             \u251c\u2500\u2500\u2500\u2500\u2500\u2500\u2500\u2500\u2500\u2500\u2500\u2500\u2500\u2500\u2500\n\u2502             \u2502       \u2502                                                                                                                                              \u2502 s_store_name\u2502               \u2502  cd_demo_sk \u2502\u2502             \u2502               \n\u2502             \u2502       \u2502                                                                                                                                              \u2502    s_zip    \u2502               \u2502cd_marital_st\u2502\u2502             \u2502               \n\u2502             \u2502       \u2502                                                                                                                                              \u2502             \u2502               \u2502     atus    \u2502\u2502             \u2502               \n\u2502             \u2502       \u2502                                                                                                                                              \u2502   Filters:  \u2502               \u2502             \u2502\u2502             \u2502               \n\u2502             \u2502       \u2502                                                                                                                                              \u2502 s_store_sk< \u2502               \u2502   Filters:  \u2502\u2502             \u2502               \n\u2502             \u2502       \u2502                                                                                                                                              \u2502     =100    \u2502               \u2502 cd_demo_sk> \u2502\u2502             \u2502               \n\u2502             \u2502       \u2502                                                                                                                                              \u2502             \u2502               \u2502=4 AND cd_dem\u2502\u2502             \u2502               \n\u2502             \u2502       \u2502                                                                                                                                              \u2502             \u2502               \u2502o_sk<=1920791\u2502\u2502             \u2502               \n\u2502             \u2502       \u2502                                                                                                                                              \u2502             \u2502               \u2502             \u2502\u2502             \u2502               \n\u2502~649,870 rows\u2502       \u2502                                                                                                                                              \u2502  ~102 rows  \u2502               \u2502~1,920,8...  \u2502\u2502~391,085 rows\u2502               \n\u2514\u2500\u2500\u2500\u2500\u2500\u2500\u252c\u2500\u2500\u2500\u2500\u2500\u2500\u2518       \u2502                                                                                                                                              \u2514\u2500\u2500\u2500\u2500\u2500\u2500\u2500\u2500\u2500\u2500\u2500\u2500\u2500\u2518               \u2514\u2500\u2500\u2500\u2500\u2500\u2500\u2500\u2500\u2500\u2500\u2500\u2500\u2500\u2518\u2514\u2500\u2500\u2500\u2500\u2500\u2500\u252c\u2500\u2500\u2500\u2500\u2500\u2500\u2518               \n\u250c\u2500\u2500\u2500\u2500\u2500\u2500\u2534\u2500\u2500\u2500\u2500\u2500\u2500\u2510\u250c\u2500\u2500\u2500\u2500\u2500\u2500\u2534\u2500\u2500\u2500\u2500\u2500\u2500\u2510                                                                                                                                                                                    \u250c\u2500\u2500\u2500\u2500\u2500\u2500\u2534\u2500\u2500\u2500\u2500\u2500\u2500\u2510               \n\u2502  SEQ_SCAN   \u2502\u2502  HASH_JOIN  \u2502                                                                                                                                                                                    \u2502  HASH_JOIN  \u2502               \n\u2502    \u2500\u2500\u2500\u2500\u2500\u2500   \u2502\u2502    \u2500\u2500\u2500\u2500\u2500\u2500   \u2502                                                                                                                                                                                    \u2502    \u2500\u2500\u2500\u2500\u2500\u2500   \u2502               \n\u2502    Table:   \u2502\u2502  Join Type: \u2502                                                                                                                                                                                    \u2502  Join Type: \u2502               \n\u2502customer_demo\u2502\u2502    INNER    \u2502                                                                                                                                                                                    \u2502    INNER    \u2502               \n\u2502   graphics  \u2502\u2502             \u2502                                                                                                                                                                                    \u2502             \u2502               \n\u2502             \u2502\u2502 Conditions: \u2502                                                                                                                                                                                    \u2502 Conditions: \u2502               \n\u2502    Type:    \u2502\u2502 ss_hdemo_sk \u2502                                                                                                                                                                                    \u2502c_current_hde\u2502               \n\u2502  Sequential \u2502\u2502 = hd_demo_sk\u2502                                                                                                                                                                                    \u2502mo_sk = hd_de\u2502               \n\u2502     Scan    \u2502\u2502             \u2502                                                                                                                                                                                    \u2502    mo_sk    \u2502               \n\u2502             \u2502\u2502             \u2502                                                                                                                                                                                    \u2502             \u2502               \n\u2502 Projections:\u2502\u2502             \u251c\u2500\u2500\u2500\u2500\u2500\u2500\u2500\u2500\u2500\u2500\u2500\u2500\u2500\u2500\u2500\u2500\u2500\u2500\u2500\u2500\u2500\u2500\u2500\u2500\u2500\u2500\u2500\u2500\u2500\u2500\u2500\u2500\u2500\u2500\u2500\u2500\u2500\u2500\u2500\u2500\u2500\u2500\u2500\u2500\u2500\u2500\u2500\u2500\u2500\u2500\u2500\u2500\u2500\u2500\u2500\u2500\u2500\u2500\u2500\u2500\u2500\u2500\u2500\u2500\u2500\u2500\u2500\u2500\u2500\u2500\u2500\u2500\u2500\u2500\u2500\u2500\u2500\u2500\u2500\u2500\u2500\u2500\u2500\u2500\u2500\u2500\u2500\u2500\u2500\u2500\u2500\u2500\u2500\u2500\u2500\u2500\u2500\u2500\u2500\u2500\u2500\u2500\u2500\u2500\u2500\u2500\u2500\u2500\u2500\u2500\u2500\u2500\u2510                                                                   \u2502             \u251c\u2500\u2500\u2500\u2500\u2500\u2500\u2500\u2500\u2500\u2500\u2500\u2500\u2500\u2500\u2500\n\u2502  cd_demo_sk \u2502\u2502             \u2502                                                                                                                \u2502                                                                   \u2502             \u2502               \n\u2502cd_marital_st\u2502\u2502             \u2502                                                                                                                \u2502                                                                   \u2502             \u2502               \n\u2502     atus    \u2502\u2502             \u2502                                                                                                                \u2502                                                                   \u2502             \u2502               \n\u2502             \u2502\u2502             \u2502                                                                                                                \u2502                                                                   \u2502             \u2502               \n\u2502             \u2502\u2502             \u2502                                                                                                                \u2502                                                                   \u2502             \u2502               \n\u2502             \u2502\u2502             \u2502                                                                                                                \u2502                                                                   \u2502             \u2502               \n\u2502             \u2502\u2502             \u2502                                                                                                                \u2502                                                                   \u2502             \u2502               \n\u2502             \u2502\u2502             \u2502                                                                                                                \u2502                                                                   \u2502             \u2502               \n\u2502~1,920,8...  \u2502\u2502~649,870 rows\u2502                                                                                                                \u2502                                                                   \u2502~391,085 rows\u2502               \n\u2514\u2500\u2500\u2500\u2500\u2500\u2500\u2500\u2500\u2500\u2500\u2500\u2500\u2500\u2518\u2514\u2500\u2500\u2500\u2500\u2500\u2500\u252c\u2500\u2500\u2500\u2500\u2500\u2500\u2518                                                                                                                \u2502                                                                   \u2514\u2500\u2500\u2500\u2500\u2500\u2500\u252c\u2500\u2500\u2500\u2500\u2500\u2500\u2518               \n               \u250c\u2500\u2500\u2500\u2500\u2500\u2500\u2534\u2500\u2500\u2500\u2500\u2500\u2500\u2510                                                                                                         \u250c\u2500\u2500\u2500\u2500\u2500\u2500\u2534\u2500\u2500\u2500\u2500\u2500\u2500\u2510                                                            \u250c\u2500\u2500\u2500\u2500\u2500\u2500\u2534\u2500\u2500\u2500\u2500\u2500\u2500\u2510               \n               \u2502  HASH_JOIN  \u2502                                                                                                         \u2502  HASH_JOIN  \u2502                                                            \u2502  HASH_JOIN  \u2502               \n               \u2502    \u2500\u2500\u2500\u2500\u2500\u2500   \u2502                                                                                                         \u2502    \u2500\u2500\u2500\u2500\u2500\u2500   \u2502                                                            \u2502    \u2500\u2500\u2500\u2500\u2500\u2500   \u2502               \n               \u2502  Join Type: \u2502                                                                                                         \u2502  Join Type: \u2502                                                            \u2502  Join Type: \u2502               \n               \u2502    INNER    \u2502                                                                                                         \u2502    INNER    \u2502                                                            \u2502    INNER    \u2502               \n               \u2502             \u2502                                                                                                         \u2502             \u2502                                                            \u2502             \u2502               \n               \u2502 Conditions: \u251c\u2500\u2500\u2500\u2500\u2500\u2500\u2500\u2500\u2500\u2500\u2500\u2500\u2500\u2500\u2500\u2500\u2500\u2500\u2500\u2500\u2500\u2500\u2500\u2500\u2500\u2500\u2500\u2500\u2500\u2500\u2500\u2500\u2500\u2500\u2500\u2500\u2500\u2500\u2500\u2500\u2500\u2500\u2500\u2500\u2500\u2500\u2500\u2500\u2500\u2500\u2500\u2500\u2500\u2500\u2500\u2500\u2500\u2500\u2500\u2500\u2500\u2500\u2500\u2500\u2500\u2500\u2500\u2500\u2500\u2500\u2500\u2500\u2500\u2500\u2500\u2500\u2500\u2500\u2500\u2500\u2500\u2500\u2500\u2500\u2500\u2500\u2500\u2500\u2500\u2500\u2500\u2500\u2500\u2500\u2500\u2500\u2500\u2510       \u2502 Conditions: \u251c\u2500\u2500\u2500\u2500\u2500\u2500\u2500\u2510                                                    \u2502 Conditions: \u251c\u2500\u2500\u2500\u2500\u2500\u2500\u2500\u2510       \n               \u2502 ss_promo_sk \u2502                                                                                                 \u2502       \u2502hd_income_ban\u2502       \u2502                                                    \u2502ca_address_sk\u2502       \u2502       \n               \u2502 = p_promo_sk\u2502                                                                                                 \u2502       \u2502d_sk = ib_inc\u2502       \u2502                                                    \u2502 = c_current_\u2502       \u2502       \n               \u2502             \u2502                                                                                                 \u2502       \u2502 ome_band_sk \u2502       \u2502                                                    \u2502   addr_sk   \u2502       \u2502       \n               \u2502             \u2502                                                                                                 \u2502       \u2502             \u2502       \u2502                                                    \u2502             \u2502       \u2502       \n               \u2502~682,364 rows\u2502                                                                                                 \u2502       \u2502 ~6,857 rows \u2502       \u2502                                                    \u2502~410,639 rows\u2502       \u2502       \n               \u2514\u2500\u2500\u2500\u2500\u2500\u2500\u252c\u2500\u2500\u2500\u2500\u2500\u2500\u2518                                                                                                 \u2502       \u2514\u2500\u2500\u2500\u2500\u2500\u2500\u252c\u2500\u2500\u2500\u2500\u2500\u2500\u2518       \u2502                                                    \u2514\u2500\u2500\u2500\u2500\u2500\u2500\u252c\u2500\u2500\u2500\u2500\u2500\u2500\u2518       \u2502       \n               \u250c\u2500\u2500\u2500\u2500\u2500\u2500\u2534\u2500\u2500\u2500\u2500\u2500\u2500\u2510                                                                                          \u250c\u2500\u2500\u2500\u2500\u2500\u2500\u2534\u2500\u2500\u2500\u2500\u2500\u2500\u2510\u250c\u2500\u2500\u2500\u2500\u2500\u2500\u2534\u2500\u2500\u2500\u2500\u2500\u2500\u2510\u250c\u2500\u2500\u2500\u2500\u2500\u2500\u2534\u2500\u2500\u2500\u2500\u2500\u2500\u2510                                             \u250c\u2500\u2500\u2500\u2500\u2500\u2500\u2534\u2500\u2500\u2500\u2500\u2500\u2500\u2510\u250c\u2500\u2500\u2500\u2500\u2500\u2500\u2534\u2500\u2500\u2500\u2500\u2500\u2500\u2510\n               \u2502  HASH_JOIN  \u2502                                                                                          \u2502  SEQ_SCAN   \u2502\u2502  SEQ_SCAN   \u2502\u2502  SEQ_SCAN   \u2502                                             \u2502  SEQ_SCAN   \u2502\u2502  SEQ_SCAN   \u2502\n               \u2502    \u2500\u2500\u2500\u2500\u2500\u2500   \u2502                                                                                          \u2502    \u2500\u2500\u2500\u2500\u2500\u2500   \u2502\u2502    \u2500\u2500\u2500\u2500\u2500\u2500   \u2502\u2502    \u2500\u2500\u2500\u2500\u2500\u2500   \u2502                                             \u2502    \u2500\u2500\u2500\u2500\u2500\u2500   \u2502\u2502    \u2500\u2500\u2500\u2500\u2500\u2500   \u2502\n               \u2502  Join Type: \u2502                                                                                          \u2502    Table:   \u2502\u2502    Table:   \u2502\u2502    Table:   \u2502                                             \u2502    Table:   \u2502\u2502    Table:   \u2502\n               \u2502    INNER    \u2502                                                                                          \u2502  promotion  \u2502\u2502household_dem\u2502\u2502 income_band \u2502                                             \u2502customer_addr\u2502\u2502   customer  \u2502\n               \u2502             \u2502                                                                                          \u2502             \u2502\u2502  ographics  \u2502\u2502             \u2502                                             \u2502     ess     \u2502\u2502             \u2502\n               \u2502 Conditions: \u2502                                                                                          \u2502    Type:    \u2502\u2502             \u2502\u2502    Type:    \u2502                                             \u2502             \u2502\u2502    Type:    \u2502\n               \u2502ss_sold_date_\u2502                                                                                          \u2502  Sequential \u2502\u2502    Type:    \u2502\u2502  Sequential \u2502                                             \u2502    Type:    \u2502\u2502  Sequential \u2502\n               \u2502sk = d_date_s\u2502                                                                                          \u2502     Scan    \u2502\u2502  Sequential \u2502\u2502     Scan    \u2502                                             \u2502  Sequential \u2502\u2502     Scan    \u2502\n               \u2502      k      \u2502                                                                                          \u2502             \u2502\u2502     Scan    \u2502\u2502             \u2502                                             \u2502     Scan    \u2502\u2502             \u2502\n               \u2502             \u2502                                                                                          \u2502 Projections:\u2502\u2502             \u2502\u2502 Projections:\u2502                                             \u2502             \u2502\u2502 Projections:\u2502\n               \u2502             \u2502                                                                                          \u2502  p_promo_sk \u2502\u2502 Projections:\u2502\u2502ib_income_ban\u2502                                             \u2502 Projections:\u2502\u2502c_customer_sk\u2502\n               \u2502             \u251c\u2500\u2500\u2500\u2500\u2500\u2500\u2500\u2500\u2500\u2500\u2500\u2500\u2500\u2500\u2500\u2500\u2500\u2500\u2500\u2500\u2500\u2500\u2500\u2500\u2500\u2500\u2500\u2500\u2500\u2500\u2500\u2500\u2500\u2500\u2500\u2500\u2500\u2500\u2500\u2500\u2500\u2500\u2500\u2500\u2500\u2500\u2500\u2500\u2500\u2500\u2500\u2500\u2500\u2500\u2500\u2500\u2500\u2500\u2500\u2500\u2500\u2500\u2500\u2500\u2500\u2500\u2500\u2500\u2500\u2500\u2500\u2500\u2500\u2500\u2500\u2500\u2500\u2500\u2500\u2500\u2500\u2500\u2510       \u2502             \u2502\u2502  hd_demo_sk \u2502\u2502     d_sk    \u2502                                             \u2502ca_address_sk\u2502\u2502c_current_cde\u2502\n               \u2502             \u2502                                                                                  \u2502       \u2502             \u2502\u2502hd_income_ban\u2502\u2502             \u2502                                             \u2502ca_street_num\u2502\u2502    mo_sk    \u2502\n               \u2502             \u2502                                                                                  \u2502       \u2502             \u2502\u2502     d_sk    \u2502\u2502             \u2502                                             \u2502     ber     \u2502\u2502c_current_hde\u2502\n               \u2502             \u2502                                                                                  \u2502       \u2502             \u2502\u2502             \u2502\u2502             \u2502                                             \u2502ca_street_nam\u2502\u2502    mo_sk    \u2502\n               \u2502             \u2502                                                                                  \u2502       \u2502             \u2502\u2502             \u2502\u2502             \u2502                                             \u2502      e      \u2502\u2502c_current_add\u2502\n               \u2502             \u2502                                                                                  \u2502       \u2502             \u2502\u2502             \u2502\u2502             \u2502                                             \u2502   ca_city   \u2502\u2502     r_sk    \u2502\n               \u2502             \u2502                                                                                  \u2502       \u2502             \u2502\u2502             \u2502\u2502             \u2502                                             \u2502    ca_zip   \u2502\u2502c_first_sales\u2502\n               \u2502             \u2502                                                                                  \u2502       \u2502             \u2502\u2502             \u2502\u2502             \u2502                                             \u2502             \u2502\u2502   _date_sk  \u2502\n               \u2502             \u2502                                                                                  \u2502       \u2502             \u2502\u2502             \u2502\u2502             \u2502                                             \u2502             \u2502\u2502c_first_shipt\u2502\n               \u2502             \u2502                                                                                  \u2502       \u2502             \u2502\u2502             \u2502\u2502             \u2502                                             \u2502             \u2502\u2502  o_date_sk  \u2502\n               \u2502             \u2502                                                                                  \u2502       \u2502             \u2502\u2502             \u2502\u2502             \u2502                                             \u2502             \u2502\u2502             \u2502\n               \u2502~709,658 rows\u2502                                                                                  \u2502       \u2502  ~500 rows  \u2502\u2502 ~7,200 rows \u2502\u2502   ~20 rows  \u2502                                             \u2502~250,000 rows\u2502\u2502~500,000 rows\u2502\n               \u2514\u2500\u2500\u2500\u2500\u2500\u2500\u252c\u2500\u2500\u2500\u2500\u2500\u2500\u2518                                                                                  \u2502       \u2514\u2500\u2500\u2500\u2500\u2500\u2500\u2500\u2500\u2500\u2500\u2500\u2500\u2500\u2518\u2514\u2500\u2500\u2500\u2500\u2500\u2500\u2500\u2500\u2500\u2500\u2500\u2500\u2500\u2518\u2514\u2500\u2500\u2500\u2500\u2500\u2500\u2500\u2500\u2500\u2500\u2500\u2500\u2500\u2518                                             \u2514\u2500\u2500\u2500\u2500\u2500\u2500\u2500\u2500\u2500\u2500\u2500\u2500\u2500\u2518\u2514\u2500\u2500\u2500\u2500\u2500\u2500\u2500\u2500\u2500\u2500\u2500\u2500\u2500\u2518\n               \u250c\u2500\u2500\u2500\u2500\u2500\u2500\u2534\u2500\u2500\u2500\u2500\u2500\u2500\u2510                                                                           \u250c\u2500\u2500\u2500\u2500\u2500\u2500\u2534\u2500\u2500\u2500\u2500\u2500\u2500\u2510\n               \u2502  HASH_JOIN  \u2502                                                                           \u2502    FILTER   \u2502\n               \u2502    \u2500\u2500\u2500\u2500\u2500\u2500   \u2502                                                                           \u2502    \u2500\u2500\u2500\u2500\u2500\u2500   \u2502\n               \u2502  Join Type: \u2502                                                                           \u2502 ((d_date_sk \u2502\n               \u2502    INNER    \u2502                                                                           \u2502    BETWEEN  \u2502\n               \u2502             \u2502                                                                           \u2502  2450816 AND\u2502\n               \u2502 Conditions: \u2502                                                                           \u2502   2452642)  \u2502\n               \u2502 ss_item_sk =\u251c\u2500\u2500\u2500\u2500\u2500\u2500\u2500\u2510                                                                   \u2502 AND ((d_year\u2502\n               \u2502   i_item_sk \u2502       \u2502                                                                   \u2502  = 2001) OR \u2502\n               \u2502ss_ticket_num\u2502       \u2502                                                                   \u2502  (d_year =  \u2502\n               \u2502ber = sr_tick\u2502       \u2502                                                                   \u2502    2002)))  \u2502\n               \u2502  et_number  \u2502       \u2502                                                                   \u2502             \u2502\n               \u2502             \u2502       \u2502                                                                   \u2502             \u2502\n               \u2502~1,774,2...  \u2502       \u2502                                                                   \u2502 ~73,049 rows\u2502\n               \u2514\u2500\u2500\u2500\u2500\u2500\u2500\u252c\u2500\u2500\u2500\u2500\u2500\u2500\u2518       \u2502                                                                   \u2514\u2500\u2500\u2500\u2500\u2500\u2500\u252c\u2500\u2500\u2500\u2500\u2500\u2500\u2518\n               \u250c\u2500\u2500\u2500\u2500\u2500\u2500\u2534\u2500\u2500\u2500\u2500\u2500\u2500\u2510\u250c\u2500\u2500\u2500\u2500\u2500\u2500\u2534\u2500\u2500\u2500\u2500\u2500\u2500\u2510                                                            \u250c\u2500\u2500\u2500\u2500\u2500\u2500\u2534\u2500\u2500\u2500\u2500\u2500\u2500\u2510\n               \u2502  SEQ_SCAN   \u2502\u2502  HASH_JOIN  \u2502                                                            \u2502  SEQ_SCAN   \u2502\n               \u2502    \u2500\u2500\u2500\u2500\u2500\u2500   \u2502\u2502    \u2500\u2500\u2500\u2500\u2500\u2500   \u2502                                                            \u2502    \u2500\u2500\u2500\u2500\u2500\u2500   \u2502\n               \u2502    Table:   \u2502\u2502  Join Type: \u2502                                                            \u2502    Table:   \u2502\n               \u2502 store_sales \u2502\u2502    INNER    \u2502                                                            \u2502   date_dim  \u2502\n               \u2502             \u2502\u2502             \u2502                                                            \u2502             \u2502\n               \u2502    Type:    \u2502\u2502 Conditions: \u2502                                                            \u2502    Type:    \u2502\n               \u2502  Sequential \u2502\u2502 sr_item_sk =\u2502                                                            \u2502  Sequential \u2502\n               \u2502     Scan    \u2502\u2502   i_item_sk \u2502                                                            \u2502     Scan    \u2502\n               \u2502             \u2502\u2502             \u2502                                                            \u2502             \u2502\n               \u2502 Projections:\u2502\u2502             \u2502                                                            \u2502 Projections:\u2502\n               \u2502 ss_store_sk \u2502\u2502             \u2502                                                            \u2502  d_date_sk  \u2502\n               \u2502ss_sold_date_\u2502\u2502             \u2502                                                            \u2502    d_year   \u2502\n               \u2502      sk     \u2502\u2502             \u2502                                                            \u2502             \u2502\n               \u2502ss_customer_s\u2502\u2502             \u2502                                                            \u2502   Filters:  \u2502\n               \u2502      k      \u2502\u2502             \u2502                                                            \u2502  optional:  \u2502\n               \u2502 ss_cdemo_sk \u2502\u2502             \u2502                                                            \u2502  d_year=2001\u2502\n               \u2502 ss_hdemo_sk \u2502\u2502             \u251c\u2500\u2500\u2500\u2500\u2500\u2500\u2500\u2510                                                    \u2502   OR d_year \u2502\n               \u2502  ss_addr_sk \u2502\u2502             \u2502       \u2502                                                    \u2502    =2002    \u2502\n               \u2502  ss_item_sk \u2502\u2502             \u2502       \u2502                                                    \u2502             \u2502\n               \u2502ss_ticket_num\u2502\u2502             \u2502       \u2502                                                    \u2502             \u2502\n               \u2502     ber     \u2502\u2502             \u2502       \u2502                                                    \u2502             \u2502\n               \u2502 ss_promo_sk \u2502\u2502             \u2502       \u2502                                                    \u2502             \u2502\n               \u2502ss_wholesale_\u2502\u2502             \u2502       \u2502                                                    \u2502             \u2502\n               \u2502     cost    \u2502\u2502             \u2502       \u2502                                                    \u2502             \u2502\n               \u2502ss_list_price\u2502\u2502             \u2502       \u2502                                                    \u2502             \u2502\n               \u2502ss_coupon_amt\u2502\u2502             \u2502       \u2502                                                    \u2502             \u2502\n               \u2502             \u2502\u2502             \u2502       \u2502                                                    \u2502             \u2502\n               \u2502   Filters:  \u2502\u2502             \u2502       \u2502                                                    \u2502             \u2502\n               \u2502ss_ticket_num\u2502\u2502             \u2502       \u2502                                                    \u2502             \u2502\n               \u2502 ber<=2399999\u2502\u2502             \u2502       \u2502                                                    \u2502             \u2502\n               \u2502             \u2502\u2502             \u2502       \u2502                                                    \u2502             \u2502\n               \u2502~28,800,...  \u2502\u2502 ~57,809 rows\u2502       \u2502                                                    \u2502 ~73,049 rows\u2502\n               \u2514\u2500\u2500\u2500\u2500\u2500\u2500\u2500\u2500\u2500\u2500\u2500\u2500\u2500\u2518\u2514\u2500\u2500\u2500\u2500\u2500\u2500\u252c\u2500\u2500\u2500\u2500\u2500\u2500\u2518       \u2502                                                    \u2514\u2500\u2500\u2500\u2500\u2500\u2500\u2500\u2500\u2500\u2500\u2500\u2500\u2500\u2518\n                              \u250c\u2500\u2500\u2500\u2500\u2500\u2500\u2534\u2500\u2500\u2500\u2500\u2500\u2500\u2510\u250c\u2500\u2500\u2500\u2500\u2500\u2500\u2534\u2500\u2500\u2500\u2500\u2500\u2500\u2510\n                              \u2502  SEQ_SCAN   \u2502\u2502  HASH_JOIN  \u2502\n                              \u2502    \u2500\u2500\u2500\u2500\u2500\u2500   \u2502\u2502    \u2500\u2500\u2500\u2500\u2500\u2500   \u2502\n                              \u2502    Table:   \u2502\u2502  Join Type: \u2502\n                              \u2502store_returns\u2502\u2502    INNER    \u2502\n                              \u2502             \u2502\u2502             \u2502\n                              \u2502    Type:    \u2502\u2502 Conditions: \u2502\n                              \u2502  Sequential \u2502\u2502 cs_item_sk =\u2502\n                              \u2502     Scan    \u2502\u2502   i_item_sk \u251c\u2500\u2500\u2500\u2500\u2500\u2500\u2500\u2500\u2500\u2500\u2500\u2500\u2500\u2500\u2500\u2500\u2500\u2500\u2500\u2500\u2500\u2500\u2510\n                              \u2502             \u2502\u2502             \u2502                      \u2502\n                              \u2502 Projections:\u2502\u2502             \u2502                      \u2502\n                              \u2502  sr_item_sk \u2502\u2502             \u2502                      \u2502\n                              \u2502sr_ticket_num\u2502\u2502             \u2502                      \u2502\n                              \u2502     ber     \u2502\u2502             \u2502                      \u2502\n                              \u2502             \u2502\u2502             \u2502                      \u2502\n                              \u2502~2,877,5...  \u2502\u2502 ~3,969 rows \u2502                      \u2502\n                              \u2514\u2500\u2500\u2500\u2500\u2500\u2500\u2500\u2500\u2500\u2500\u2500\u2500\u2500\u2518\u2514\u2500\u2500\u2500\u2500\u2500\u2500\u252c\u2500\u2500\u2500\u2500\u2500\u2500\u2518                      \u2502\n                                             \u250c\u2500\u2500\u2500\u2500\u2500\u2500\u2534\u2500\u2500\u2500\u2500\u2500\u2500\u2510               \u250c\u2500\u2500\u2500\u2500\u2500\u2500\u2534\u2500\u2500\u2500\u2500\u2500\u2500\u2510\n                                             \u2502  PROJECTION \u2502               \u2502  PROJECTION \u2502\n                                             \u2502    \u2500\u2500\u2500\u2500\u2500\u2500   \u2502               \u2502    \u2500\u2500\u2500\u2500\u2500\u2500   \u2502\n                                             \u2502      #0     \u2502               \u2502      #0     \u2502\n                                             \u2502             \u2502               \u2502      #1     \u2502\n                                             \u2502             \u2502               \u2502             \u2502\n                                             \u2502 ~96,135 rows\u2502               \u2502 ~4,080 rows \u2502\n                                             \u2514\u2500\u2500\u2500\u2500\u2500\u2500\u252c\u2500\u2500\u2500\u2500\u2500\u2500\u2518               \u2514\u2500\u2500\u2500\u2500\u2500\u2500\u252c\u2500\u2500\u2500\u2500\u2500\u2500\u2518\n                                             \u250c\u2500\u2500\u2500\u2500\u2500\u2500\u2534\u2500\u2500\u2500\u2500\u2500\u2500\u2510               \u250c\u2500\u2500\u2500\u2500\u2500\u2500\u2534\u2500\u2500\u2500\u2500\u2500\u2500\u2510\n                                             \u2502    FILTER   \u2502               \u2502    FILTER   \u2502\n                                             \u2502    \u2500\u2500\u2500\u2500\u2500\u2500   \u2502               \u2502    \u2500\u2500\u2500\u2500\u2500\u2500   \u2502\n                                             \u2502(sum(cs_ext_l\u2502               \u2502   IN (...)  \u2502\n                                             \u2502 ist_price) >\u2502               \u2502             \u2502\n                                             \u2502  (2 * sum(( \u2502               \u2502             \u2502\n                                             \u2502(cr_refunded_\u2502               \u2502             \u2502\n                                             \u2502cash + cr_rev\u2502               \u2502             \u2502\n                                             \u2502 ersed_charge\u2502               \u2502             \u2502\n                                             \u2502) + cr_store_\u2502               \u2502             \u2502\n                                             \u2502  credit)))) \u2502               \u2502             \u2502\n                                             \u2502             \u2502               \u2502             \u2502\n                                             \u2502 ~96,135 rows\u2502               \u2502 ~4,080 rows \u2502\n                                             \u2514\u2500\u2500\u2500\u2500\u2500\u2500\u252c\u2500\u2500\u2500\u2500\u2500\u2500\u2518               \u2514\u2500\u2500\u2500\u2500\u2500\u2500\u252c\u2500\u2500\u2500\u2500\u2500\u2500\u2518\n                                             \u250c\u2500\u2500\u2500\u2500\u2500\u2500\u2534\u2500\u2500\u2500\u2500\u2500\u2500\u2510               \u250c\u2500\u2500\u2500\u2500\u2500\u2500\u2534\u2500\u2500\u2500\u2500\u2500\u2500\u2510\n                                             \u2502HASH_GROUP_BY\u2502               \u2502  HASH_JOIN  \u2502\n                                             \u2502    \u2500\u2500\u2500\u2500\u2500\u2500   \u2502               \u2502    \u2500\u2500\u2500\u2500\u2500\u2500   \u2502\n                                             \u2502   Groups:   \u2502               \u2502  Join Type: \u2502\n                                             \u2502      #0     \u2502               \u2502     MARK    \u2502\n                                             \u2502             \u2502               \u2502             \u2502\n                                             \u2502 Aggregates: \u2502               \u2502 Conditions: \u251c\u2500\u2500\u2500\u2500\u2500\u2500\u2500\u2510\n                                             \u2502   sum(#1)   \u2502               \u2502 i_color = #0\u2502       \u2502\n                                             \u2502   sum(#2)   \u2502               \u2502             \u2502       \u2502\n                                             \u2502             \u2502               \u2502             \u2502       \u2502\n                                             \u2502 ~96,135 rows\u2502               \u2502 ~20,400 rows\u2502       \u2502\n                                             \u2514\u2500\u2500\u2500\u2500\u2500\u2500\u252c\u2500\u2500\u2500\u2500\u2500\u2500\u2518               \u2514\u2500\u2500\u2500\u2500\u2500\u2500\u252c\u2500\u2500\u2500\u2500\u2500\u2500\u2518       \u2502\n                                             \u250c\u2500\u2500\u2500\u2500\u2500\u2500\u2534\u2500\u2500\u2500\u2500\u2500\u2500\u2510               \u250c\u2500\u2500\u2500\u2500\u2500\u2500\u2534\u2500\u2500\u2500\u2500\u2500\u2500\u2510\u250c\u2500\u2500\u2500\u2500\u2500\u2500\u2534\u2500\u2500\u2500\u2500\u2500\u2500\u2510\n                                             \u2502  PROJECTION \u2502               \u2502  SEQ_SCAN   \u2502\u2502COLUMN_D...  \u2502\n                                             \u2502    \u2500\u2500\u2500\u2500\u2500\u2500   \u2502               \u2502    \u2500\u2500\u2500\u2500\u2500\u2500   \u2502\u2502    \u2500\u2500\u2500\u2500\u2500\u2500   \u2502\n                                             \u2502  cs_item_sk \u2502               \u2502    Table:   \u2502\u2502             \u2502\n                                             \u2502cs_ext_list_p\u2502               \u2502     item    \u2502\u2502             \u2502\n                                             \u2502     rice    \u2502               \u2502             \u2502\u2502             \u2502\n                                             \u2502((cr_refunded\u2502               \u2502    Type:    \u2502\u2502             \u2502\n                                             \u2502_cash + cr_re\u2502               \u2502  Sequential \u2502\u2502             \u2502\n                                             \u2502versed_charge\u2502               \u2502     Scan    \u2502\u2502             \u2502\n                                             \u2502) + cr_store_\u2502               \u2502             \u2502\u2502             \u2502\n                                             \u2502   credit)   \u2502               \u2502 Projections:\u2502\u2502             \u2502\n                                             \u2502             \u2502               \u2502  i_item_sk  \u2502\u2502             \u2502\n                                             \u2502             \u2502               \u2502   i_color   \u2502\u2502             \u2502\n                                             \u2502             \u2502               \u2502i_product_nam\u2502\u2502             \u2502\n                                             \u2502             \u2502               \u2502      e      \u2502\u2502             \u2502\n                                             \u2502             \u2502               \u2502             \u2502\u2502             \u2502\n                                             \u2502             \u2502               \u2502   Filters:  \u2502\u2502             \u2502\n                                             \u2502             \u2502               \u2502  optional:  \u2502\u2502             \u2502\n                                             \u2502             \u2502               \u2502  i_color IN \u2502\u2502             \u2502\n                                             \u2502             \u2502               \u2502 ('blanched',\u2502\u2502             \u2502\n                                             \u2502             \u2502               \u2502  'medium',  \u2502\u2502             \u2502\n                                             \u2502             \u2502               \u2502  'brown',   \u2502\u2502             \u2502\n                                             \u2502             \u2502               \u2502 'chocolate',\u2502\u2502             \u2502\n                                             \u2502             \u2502               \u2502  'burlywood'\u2502\u2502             \u2502\n                                             \u2502             \u2502               \u2502  , 'drab')  \u2502\u2502             \u2502\n                                             \u2502             \u2502               \u2502i_current_pri\u2502\u2502             \u2502\n                                             \u2502             \u2502               \u2502  ce>=24.00  \u2502\u2502             \u2502\n                                             \u2502             \u2502               \u2502 AND i_curren\u2502\u2502             \u2502\n                                             \u2502             \u2502               \u2502 t_price<=33 \u2502\u2502             \u2502\n                                             \u2502             \u2502               \u2502     .00     \u2502\u2502             \u2502\n                                             \u2502             \u2502               \u2502             \u2502\u2502             \u2502\n                                             \u2502~18,326,...  \u2502               \u2502 ~20,400 rows\u2502\u2502   ~0 rows   \u2502\n                                             \u2514\u2500\u2500\u2500\u2500\u2500\u2500\u252c\u2500\u2500\u2500\u2500\u2500\u2500\u2518               \u2514\u2500\u2500\u2500\u2500\u2500\u2500\u2500\u2500\u2500\u2500\u2500\u2500\u2500\u2518\u2514\u2500\u2500\u2500\u2500\u2500\u2500\u2500\u2500\u2500\u2500\u2500\u2500\u2500\u2518\n                                             \u250c\u2500\u2500\u2500\u2500\u2500\u2500\u2534\u2500\u2500\u2500\u2500\u2500\u2500\u2510\n                                             \u2502  HASH_JOIN  \u2502\n                                             \u2502    \u2500\u2500\u2500\u2500\u2500\u2500   \u2502\n                                             \u2502  Join Type: \u2502\n                                             \u2502    INNER    \u2502\n                                             \u2502             \u2502\n                                             \u2502 Conditions: \u2502\n                                             \u2502 cs_item_sk =\u251c\u2500\u2500\u2500\u2500\u2500\u2500\u2500\u2510\n                                             \u2502  cr_item_sk \u2502       \u2502\n                                             \u2502cs_order_numb\u2502       \u2502\n                                             \u2502er = cr_order\u2502       \u2502\n                                             \u2502   _number   \u2502       \u2502\n                                             \u2502             \u2502       \u2502\n                                             \u2502~18,326,...  \u2502       \u2502\n                                             \u2514\u2500\u2500\u2500\u2500\u2500\u2500\u252c\u2500\u2500\u2500\u2500\u2500\u2500\u2518       \u2502\n                                             \u250c\u2500\u2500\u2500\u2500\u2500\u2500\u2534\u2500\u2500\u2500\u2500\u2500\u2500\u2510\u250c\u2500\u2500\u2500\u2500\u2500\u2500\u2534\u2500\u2500\u2500\u2500\u2500\u2500\u2510\n                                             \u2502  SEQ_SCAN   \u2502\u2502  SEQ_SCAN   \u2502\n                                             \u2502    \u2500\u2500\u2500\u2500\u2500\u2500   \u2502\u2502    \u2500\u2500\u2500\u2500\u2500\u2500   \u2502\n                                             \u2502    Table:   \u2502\u2502    Table:   \u2502\n                                             \u2502catalog_sales\u2502\u2502catalog_retur\u2502\n                                             \u2502             \u2502\u2502      ns     \u2502\n                                             \u2502    Type:    \u2502\u2502             \u2502\n                                             \u2502  Sequential \u2502\u2502    Type:    \u2502\n                                             \u2502     Scan    \u2502\u2502  Sequential \u2502\n                                             \u2502             \u2502\u2502     Scan    \u2502\n                                             \u2502 Projections:\u2502\u2502             \u2502\n                                             \u2502  cs_item_sk \u2502\u2502 Projections:\u2502\n                                             \u2502cs_order_numb\u2502\u2502  cr_item_sk \u2502\n                                             \u2502      er     \u2502\u2502cr_order_numb\u2502\n                                             \u2502cs_ext_list_p\u2502\u2502      er     \u2502\n                                             \u2502     rice    \u2502\u2502cr_refunded_c\u2502\n                                             \u2502             \u2502\u2502     ash     \u2502\n                                             \u2502   Filters:  \u2502\u2502cr_reversed_c\u2502\n                                             \u2502cs_order_numb\u2502\u2502    harge    \u2502\n                                             \u2502    er>=2    \u2502\u2502cr_store_cred\u2502\n                                             \u2502             \u2502\u2502      it     \u2502\n                                             \u2502             \u2502\u2502             \u2502\n                                             \u2502~14,401,...  \u2502\u2502~1,441,2...  \u2502\n                                             \u2514\u2500\u2500\u2500\u2500\u2500\u2500\u2500\u2500\u2500\u2500\u2500\u2500\u2500\u2518\u2514\u2500\u2500\u2500\u2500\u2500\u2500\u2500\u2500\u2500\u2500\u2500\u2500\u2500\u2518\n",
  "plan_json": {
    "total_bytes_written": 0,
    "total_bytes_read": 0,
    "rows_returned": 0,
    "latency": 0.0,
    "result_set_size": 0,
    "query_name": "",
    "blocked_thread_time": 0.0,
    "system_peak_buffer_memory": 0,
    "system_peak_temp_dir_size": 0,
    "cpu_time": 0.0,
    "extra_info": {},
    "cumulative_cardinality": 0,
    "cumulative_rows_scanned": 0,
    "children": [
      {
        "total_bytes_written": 0,
        "total_bytes_read": 0,
        "result_set_size": 0,
        "operator_name": "EXPLAIN_ANALYZE",
        "cpu_time": 0.0,
        "extra_info": {},
        "cumulative_cardinality": 0,
        "operator_type": "EXPLAIN_ANALYZE",
        "operator_cardinality": 0,
        "cumulative_rows_scanned": 0,
        "operator_rows_scanned": 0,
        "operator_timing": 2.5e-07,
        "children": [
          {
            "total_bytes_written": 0,
            "total_bytes_read": 0,
            "result_set_size": 0,
            "operator_name": "CTE",
            "cpu_time": 0.0,
            "extra_info": {
              "CTE Name": "cross_sales",
              "Table Index": "9",
              "Estimated Cardinality": "39833"
            },
            "cumulative_cardinality": 0,
            "operator_type": "CTE",
            "operator_cardinality": 0,
            "cumulative_rows_scanned": 0,
            "operator_rows_scanned": 0,
            "operator_timing": 0.000285971,
            "children": [
              {
                "total_bytes_written": 0,
                "total_bytes_read": 0,
                "result_set_size": 24552,
                "operator_name": "PROJECTION",
                "cpu_time": 0.0,
                "extra_info": {
                  "Projections": [
                    "#0",
                    "#1",
                    "__internal_decompress_string(#2)",
                    "__internal_decompress_string(#3)",
                    "__internal_decompress_string(#4)",
                    "#5",
                    "#6",
                    "__internal_decompress_string(#7)",
                    "__internal_decompress_string(#8)",
                    "#9",
                    "#10",
                    "__internal_decompress_string(#11)",
                    "__internal_decompress_integral_integer(#12, 1900)",
                    "__internal_decompress_integral_integer(#13, 1900)",
                    "__internal_decompress_integral_integer(#14, 1900)",
                    "#15",
                    "#16",
                    "#17",
                    "#18"
                  ],
                  "Estimated Cardinality": "294843"
                },
                "cumulative_cardinality": 0,
                "operator_type": "PROJECTION",
                "operator_cardinality": 99,
                "cumulative_rows_scanned": 0,
                "operator_rows_scanned": 0,
                "operator_timing": 0.000129773,
                "children": [
                  {
                    "total_bytes_written": 0,
                    "total_bytes_read": 0,
                    "result_set_size": 18909,
                    "operator_name": "HASH_GROUP_BY",
                    "cpu_time": 0.0,
                    "extra_info": {
                      "Groups": [
                        "#0",
                        "#1",
                        "#2",
                        "#3",
                        "#4",
                        "#5",
                        "#6",
                        "#7",
                        "#8",
                        "#9",
                        "#10",
                        "#11",
                        "#12",
                        "#13",
                        "#14"
                      ],
                      "Aggregates": [
                        "count_star()",
                        "sum(#15)",
                        "sum(#16)",
                        "sum(#17)"
                      ],
                      "Estimated Cardinality": "294843"
                    },
                    "cumulative_cardinality": 0,
                    "operator_type": "HASH_GROUP_BY",
                    "operator_cardinality": 99,
                    "cumulative_rows_scanned": 0,
                    "operator_rows_scanned": 0,
                    "operator_timing": 0.0045037869999999995,
                    "children": [
                      {
                        "total_bytes_written": 0,
                        "total_bytes_read": 0,
                        "result_set_size": 14553,
                        "operator_name": "PROJECTION",
                        "cpu_time": 0.0,
                        "extra_info": {
                          "Projections": [
                            "i_product_name",
                            "i_item_sk",
                            "s_store_name",
                            "s_zip",
                            "ca_street_number",
                            "ca_street_name",
                            "ca_city",
                            "ca_zip",
                            "ca_street_number",
                            "ca_street_name",
                            "ca_city",
                            "ca_zip",
                            "d_year",
                            "d_year",
                            "d_year",
                            "ss_wholesale_cost",
                            "ss_list_price",
                            "ss_coupon_amt"
                          ],
                          "Estimated Cardinality": "294843"
                        },
                        "cumulative_cardinality": 0,
                        "operator_type": "PROJECTION",
                        "operator_cardinality": 99,
                        "cumulative_rows_scanned": 0,
                        "operator_rows_scanned": 0,
                        "operator_timing": 1.5071999999999999e-05,
                        "children": [
                          {
                            "total_bytes_written": 0,
                            "total_bytes_read": 0,
                            "result_set_size": 14553,
                            "operator_name": "PROJECTION",
                            "cpu_time": 0.0,
                            "extra_info": {
                              "Projections": [
                                "__internal_compress_string_ubigint(#8)",
                                "#9",
                                "#10",
                                "__internal_compress_string_ubigint(#11)",
                                "__internal_compress_string_ubigint(#6)",
                                "__internal_compress_string_ubigint(#7)",
                                "__internal_compress_integral_utinyint(#5, 1900)",
                                "#0",
                                "#1",
                                "#2",
                                "#3",
                                "#4",
                                "__internal_compress_integral_utinyint(#17, 1900)",
                                "__internal_compress_integral_utinyint(#16, 1900)",
                                "__internal_compress_string_ubigint(#12)",
                                "#13",
                                "#14",
                                "__internal_compress_string_ubigint(#15)"
                              ],
                              "Estimated Cardinality": "294843"
                            },
                            "cumulative_cardinality": 0,
                            "operator_type": "PROJECTION",
                            "operator_cardinality": 99,
                            "cumulative_rows_scanned": 0,
                            "operator_rows_scanned": 0,
                            "operator_timing": 0.000150883,
                            "children": [
                              {
                                "total_bytes_written": 0,
                                "total_bytes_read": 0,
                                "result_set_size": 20196,
                                "operator_name": "HASH_JOIN",
                                "cpu_time": 0.0,
                                "extra_info": {
                                  "Join Type": "INNER",
                                  "Conditions": [
                                    "ss_customer_sk = c_customer_sk",
                                    "cd_marital_status != cd_marital_status"
                                  ],
                                  "Estimated Cardinality": "294843"
                                },
                                "cumulative_cardinality": 0,
                                "operator_type": "HASH_JOIN",
                                "operator_cardinality": 99,
                                "cumulative_rows_scanned": 0,
                                "operator_rows_scanned": 0,
                                "operator_timing": 0.06311702200000001,
                                "children": [
                                  {
                                    "total_bytes_written": 0,
                                    "total_bytes_read": 0,
                                    "result_set_size": 21128,
                                    "operator_name": "HASH_JOIN",
                                    "cpu_time": 0.0,
                                    "extra_info": {
                                      "Join Type": "INNER",
                                      "Conditions": "ss_addr_sk = ca_address_sk",
                                      "Estimated Cardinality": "753910"
                                    },
                                    "cumulative_cardinality": 0,
                                    "operator_type": "HASH_JOIN",
                                    "operator_cardinality": 139,
                                    "cumulative_rows_scanned": 0,
                                    "operator_rows_scanned": 0,
                                    "operator_timing": 0.014260848000000008,
                                    "children": [
                                      {
                                        "total_bytes_written": 0,
                                        "total_bytes_read": 0,
                                        "result_set_size": 12788,
                                        "operator_name": "HASH_JOIN",
                                        "cpu_time": 0.0,
                                        "extra_info": {
                                          "Join Type": "INNER",
                                          "Conditions": "ss_store_sk = s_store_sk",
                                          "Estimated Cardinality": "662868"
                                        },
                                        "cumulative_cardinality": 0,
                                        "operator_type": "HASH_JOIN",
                                        "operator_cardinality": 139,
                                        "cumulative_rows_scanned": 0,
                                        "operator_rows_scanned": 0,
                                        "operator_timing": 0.0005802390000000001,
                                        "children": [
                                          {
                                            "total_bytes_written": 0,
                                            "total_bytes_read": 0,
                                            "result_set_size": 8896,
                                            "operator_name": "HASH_JOIN",
                                            "cpu_time": 0.0,
                                            "extra_info": {
                                              "Join Type": "INNER",
                                              "Conditions": "cd_demo_sk = ss_cdemo_sk",
                                              "Estimated Cardinality": "649870"
                                            },
                                            "cumulative_cardinality": 0,
                                            "operator_type": "HASH_JOIN",
                                            "operator_cardinality": 139,
                                            "cumulative_rows_scanned": 0,
                                            "operator_rows_scanned": 0,
                                            "operator_timing": 0.009198116000000001,
                                            "children": [
                                              {
                                                "total_bytes_written": 0,
                                                "total_bytes_read": 0,
                                                "result_set_size": 37982860,
                                                "operator_name": "SEQ_SCAN ",
                                                "cpu_time": 0.0,
                                                "extra_info": {
                                                  "Table": "customer_demographics",
                                                  "Type": "Sequential Scan",
                                                  "Projections": [
                                                    "cd_demo_sk",
                                                    "cd_marital_status"
                                                  ],
                                                  "Estimated Cardinality": "1920800"
                                                },
                                                "cumulative_cardinality": 0,
                                                "operator_type": "TABLE_SCAN",
                                                "operator_cardinality": 1899143,
                                                "cumulative_rows_scanned": 0,
                                                "operator_rows_scanned": 30732800,
                                                "operator_timing": 0.004396096,
                                                "children": []
                                              },
                                              {
                                                "total_bytes_written": 0,
                                                "total_bytes_read": 0,
                                                "result_set_size": 8340,
                                                "operator_name": "HASH_JOIN",
                                                "cpu_time": 0.0,
                                                "extra_info": {
                                                  "Join Type": "INNER",
                                                  "Conditions": "ss_hdemo_sk = hd_demo_sk",
                                                  "Estimated Cardinality": "649870"
                                                },
                                                "cumulative_cardinality": 0,
                                                "operator_type": "HASH_JOIN",
                                                "operator_cardinality": 139,
                                                "cumulative_rows_scanned": 0,
                                                "operator_rows_scanned": 0,
                                                "operator_timing": 0.0008571070000000001,
                                                "children": [
                                                  {
                                                    "total_bytes_written": 0,
                                                    "total_bytes_read": 0,
                                                    "result_set_size": 8340,
                                                    "operator_name": "HASH_JOIN",
                                                    "cpu_time": 0.0,
                                                    "extra_info": {
                                                      "Join Type": "INNER",
                                                      "Conditions": "ss_promo_sk = p_promo_sk",
                                                      "Estimated Cardinality": "682364"
                                                    },
                                                    "cumulative_cardinality": 0,
                                                    "operator_type": "HASH_JOIN",
                                                    "operator_cardinality": 139,
                                                    "cumulative_rows_scanned": 0,
                                                    "operator_rows_scanned": 0,
                                                    "operator_timing": 0.0006123329999999998,
                                                    "children": [
                                                      {
                                                        "total_bytes_written": 0,
                                                        "total_bytes_read": 0,
                                                        "result_set_size": 8340,
                                                        "operator_name": "HASH_JOIN",
                                                        "cpu_time": 0.0,
                                                        "extra_info": {
                                                          "Join Type": "INNER",
                                                          "Conditions": "ss_sold_date_sk = d_date_sk",
                                                          "Estimated Cardinality": "709658"
                                                        },
                                                        "cumulative_cardinality": 0,
                                                        "operator_type": "HASH_JOIN",
                                                        "operator_cardinality": 139,
                                                        "cumulative_rows_scanned": 0,
                                                        "operator_rows_scanned": 0,
                                                        "operator_timing": 0.0010946109999999995,
                                                        "children": [
                                                          {
                                                            "total_bytes_written": 0,
                                                            "total_bytes_read": 0,
                                                            "result_set_size": 8340,
                                                            "operator_name": "HASH_JOIN",
                                                            "cpu_time": 0.0,
                                                            "extra_info": {
                                                              "Join Type": "INNER",
                                                              "Conditions": [
                                                                "ss_item_sk = i_item_sk",
                                                                "ss_ticket_number = sr_ticket_number"
                                                              ],
                                                              "Estimated Cardinality": "1774243"
                                                            },
                                                            "cumulative_cardinality": 0,
                                                            "operator_type": "HASH_JOIN",
                                                            "operator_cardinality": 139,
                                                            "cumulative_rows_scanned": 0,
                                                            "operator_rows_scanned": 0,
                                                            "operator_timing": 0.066929571,
                                                            "children": [
                                                              {
                                                                "total_bytes_written": 0,
                                                                "total_bytes_read": 0,
                                                                "result_set_size": 496650048,
                                                                "operator_name": "SEQ_SCAN ",
                                                                "cpu_time": 0.0,
                                                                "extra_info": {
                                                                  "Table": "store_sales",
                                                                  "Type": "Sequential Scan",
                                                                  "Projections": [
                                                                    "ss_store_sk",
                                                                    "ss_sold_date_sk",
                                                                    "ss_customer_sk",
                                                                    "ss_cdemo_sk",
                                                                    "ss_hdemo_sk",
                                                                    "ss_addr_sk",
                                                                    "ss_item_sk",
                                                                    "ss_ticket_number",
                                                                    "ss_promo_sk",
                                                                    "ss_wholesale_cost",
                                                                    "ss_list_price",
                                                                    "ss_coupon_amt"
                                                                  ],
                                                                  "Filters": "ss_ticket_number<=2399999",
                                                                  "Estimated Cardinality": "28800991"
                                                                },
                                                                "cumulative_cardinality": 0,
                                                                "operator_type": "TABLE_SCAN",
                                                                "operator_cardinality": 10346876,
                                                                "cumulative_rows_scanned": 0,
                                                                "operator_rows_scanned": 806427748,
                                                                "operator_timing": 19.630916987999992,
                                                                "children": []
                                                              },
                                                              {
                                                                "total_bytes_written": 0,
                                                                "total_bytes_read": 0,
                                                                "result_set_size": 14568,
                                                                "operator_name": "HASH_JOIN",
                                                                "cpu_time": 0.0,
                                                                "extra_info": {
                                                                  "Join Type": "INNER",
                                                                  "Conditions": "sr_item_sk = i_item_sk",
                                                                  "Estimated Cardinality": "57809"
                                                                },
                                                                "cumulative_cardinality": 0,
                                                                "operator_type": "HASH_JOIN",
                                                                "operator_cardinality": 607,
                                                                "cumulative_rows_scanned": 0,
                                                                "operator_rows_scanned": 0,
                                                                "operator_timing": 0.007145788999999999,
                                                                "children": [
                                                                  {
                                                                    "total_bytes_written": 0,
                                                                    "total_bytes_read": 0,
                                                                    "result_set_size": 22644840,
                                                                    "operator_name": "SEQ_SCAN ",
                                                                    "cpu_time": 0.0,
                                                                    "extra_info": {
                                                                      "Table": "store_returns",
                                                                      "Type": "Sequential Scan",
                                                                      "Projections": [
                                                                        "sr_item_sk",
                                                                        "sr_ticket_number"
                                                                      ],
                                                                      "Estimated Cardinality": "2877532"
                                                                    },
                                                                    "cumulative_cardinality": 0,
                                                                    "operator_type": "TABLE_SCAN",
                                                                    "operator_cardinality": 2830605,
                                                                    "cumulative_rows_scanned": 0,
                                                                    "operator_rows_scanned": 69060768,
                                                                    "operator_timing": 0.3769157249999999,
                                                                    "children": []
                                                                  },
                                                                  {
                                                                    "total_bytes_written": 0,
                                                                    "total_bytes_read": 0,
                                                                    "result_set_size": 380,
                                                                    "operator_name": "HASH_JOIN",
                                                                    "cpu_time": 0.0,
                                                                    "extra_info": {
                                                                      "Join Type": "INNER",
                                                                      "Conditions": "cs_item_sk = i_item_sk",
                                                                      "Estimated Cardinality": "3969"
                                                                    },
                                                                    "cumulative_cardinality": 0,
                                                                    "operator_type": "HASH_JOIN",
                                                                    "operator_cardinality": 19,
                                                                    "cumulative_rows_scanned": 0,
                                                                    "operator_rows_scanned": 0,
                                                                    "operator_timing": 0.001584466,
                                                                    "children": [
                                                                      {
                                                                        "total_bytes_written": 0,
                                                                        "total_bytes_read": 0,
                                                                        "result_set_size": 395048,
                                                                        "operator_name": "PROJECTION",
                                                                        "cpu_time": 0.0,
                                                                        "extra_info": {
                                                                          "Projections": "#0",
                                                                          "Estimated Cardinality": "96135"
                                                                        },
                                                                        "cumulative_cardinality": 0,
                                                                        "operator_type": "PROJECTION",
                                                                        "operator_cardinality": 98762,
                                                                        "cumulative_rows_scanned": 0,
                                                                        "operator_rows_scanned": 0,
                                                                        "operator_timing": 6.7356e-05,
                                                                        "children": [
                                                                          {
                                                                            "total_bytes_written": 0,
                                                                            "total_bytes_read": 0,
                                                                            "result_set_size": 3555432,
                                                                            "operator_name": "FILTER",
                                                                            "cpu_time": 0.0,
                                                                            "extra_info": {
                                                                              "Expression": "(sum(cs_ext_list_price) > (2 * sum(((cr_refunded_cash + cr_reversed_charge) + cr_store_credit))))",
                                                                              "Estimated Cardinality": "96135"
                                                                            },
                                                                            "cumulative_cardinality": 0,
                                                                            "operator_type": "FILTER",
                                                                            "operator_cardinality": 98762,
                                                                            "cumulative_rows_scanned": 0,
                                                                            "operator_rows_scanned": 0,
                                                                            "operator_timing": 0.0030636419999999992,
                                                                            "children": [
                                                                              {
                                                                                "total_bytes_written": 0,
                                                                                "total_bytes_read": 0,
                                                                                "result_set_size": 3609864,
                                                                                "operator_name": "HASH_GROUP_BY",
                                                                                "cpu_time": 0.0,
                                                                                "extra_info": {
                                                                                  "Groups": "#0",
                                                                                  "Aggregates": [
                                                                                    "sum(#1)",
                                                                                    "sum(#2)"
                                                                                  ],
                                                                                  "Estimated Cardinality": "96135"
                                                                                },
                                                                                "cumulative_cardinality": 0,
                                                                                "operator_type": "HASH_GROUP_BY",
                                                                                "operator_cardinality": 100274,
                                                                                "cumulative_rows_scanned": 0,
                                                                                "operator_rows_scanned": 0,
                                                                                "operator_timing": 0.345805551,
                                                                                "children": [
                                                                                  {
                                                                                    "total_bytes_written": 0,
                                                                                    "total_bytes_read": 0,
                                                                                    "result_set_size": 17013072,
                                                                                    "operator_name": "PROJECTION",
                                                                                    "cpu_time": 0.0,
                                                                                    "extra_info": {
                                                                                      "Projections": [
                                                                                        "cs_item_sk",
                                                                                        "cs_ext_list_price",
                                                                                        "((cr_refunded_cash + cr_reversed_charge) + cr_store_credit)"
                                                                                      ],
                                                                                      "Estimated Cardinality": "18326778"
                                                                                    },
                                                                                    "cumulative_cardinality": 0,
                                                                                    "operator_type": "PROJECTION",
                                                                                    "operator_cardinality": 1417756,
                                                                                    "cumulative_rows_scanned": 0,
                                                                                    "operator_rows_scanned": 0,
                                                                                    "operator_timing": 0.011200208000000001,
                                                                                    "children": [
                                                                                      {
                                                                                        "total_bytes_written": 0,
                                                                                        "total_bytes_read": 0,
                                                                                        "result_set_size": 28355120,
                                                                                        "operator_name": "HASH_JOIN",
                                                                                        "cpu_time": 0.0,
                                                                                        "extra_info": {
                                                                                          "Join Type": "INNER",
                                                                                          "Conditions": [
                                                                                            "cs_item_sk = cr_item_sk",
                                                                                            "cs_order_number = cr_order_number"
                                                                                          ],
                                                                                          "Estimated Cardinality": "18326778"
                                                                                        },
                                                                                        "cumulative_cardinality": 0,
                                                                                        "operator_type": "HASH_JOIN",
                                                                                        "operator_cardinality": 1417756,
                                                                                        "cumulative_rows_scanned": 0,
                                                                                        "operator_rows_scanned": 0,
                                                                                        "operator_timing": 0.649689528,
                                                                                        "children": [
                                                                                          {
                                                                                            "total_bytes_written": 0,
                                                                                            "total_bytes_read": 0,
                                                                                            "result_set_size": 170006580,
                                                                                            "operator_name": "SEQ_SCAN ",
                                                                                            "cpu_time": 0.0,
                                                                                            "extra_info": {
                                                                                              "Table": "catalog_sales",
                                                                                              "Type": "Sequential Scan",
                                                                                              "Projections": [
                                                                                                "cs_item_sk",
                                                                                                "cs_order_number",
                                                                                                "cs_ext_list_price"
                                                                                              ],
                                                                                              "Filters": "cs_order_number>=2",
                                                                                              "Estimated Cardinality": "14401261"
                                                                                            },
                                                                                            "cumulative_cardinality": 0,
                                                                                            "operator_type": "TABLE_SCAN",
                                                                                            "operator_cardinality": 14167215,
                                                                                            "cumulative_rows_scanned": 0,
                                                                                            "operator_rows_scanned": 403235308,
                                                                                            "operator_timing": 5.408076682000001,
                                                                                            "children": []
                                                                                          },
                                                                                          {
                                                                                            "total_bytes_written": 0,
                                                                                            "total_bytes_read": 0,
                                                                                            "result_set_size": 28824480,
                                                                                            "operator_name": "SEQ_SCAN ",
                                                                                            "cpu_time": 0.0,
                                                                                            "extra_info": {
                                                                                              "Table": "catalog_returns",
                                                                                              "Type": "Sequential Scan",
                                                                                              "Projections": [
                                                                                                "cr_item_sk",
                                                                                                "cr_order_number",
                                                                                                "cr_refunded_cash",
                                                                                                "cr_reversed_charge",
                                                                                                "cr_store_credit"
                                                                                              ],
                                                                                              "Estimated Cardinality": "1441224"
                                                                                            },
                                                                                            "cumulative_cardinality": 0,
                                                                                            "operator_type": "TABLE_SCAN",
                                                                                            "operator_cardinality": 1441224,
                                                                                            "cumulative_rows_scanned": 0,
                                                                                            "operator_rows_scanned": 17294688,
                                                                                            "operator_timing": 0.5860285080000001,
                                                                                            "children": []
                                                                                          }
                                                                                        ]
                                                                                      }
                                                                                    ]
                                                                                  }
                                                                                ]
                                                                              }
                                                                            ]
                                                                          }
                                                                        ]
                                                                      },
                                                                      {
                                                                        "total_bytes_written": 0,
                                                                        "total_bytes_read": 0,
                                                                        "result_set_size": 380,
                                                                        "operator_name": "PROJECTION",
                                                                        "cpu_time": 0.0,
                                                                        "extra_info": {
                                                                          "Projections": [
                                                                            "#0",
                                                                            "#1"
                                                                          ],
                                                                          "Estimated Cardinality": "4080"
                                                                        },
                                                                        "cumulative_cardinality": 0,
                                                                        "operator_type": "PROJECTION",
                                                                        "operator_cardinality": 19,
                                                                        "cumulative_rows_scanned": 0,
                                                                        "operator_rows_scanned": 0,
                                                                        "operator_timing": 1.01e-06,
                                                                        "children": [
                                                                          {
                                                                            "total_bytes_written": 0,
                                                                            "total_bytes_read": 0,
                                                                            "result_set_size": 399,
                                                                            "operator_name": "FILTER",
                                                                            "cpu_time": 0.0,
                                                                            "extra_info": {
                                                                              "Expression": "IN (...)",
                                                                              "Estimated Cardinality": "4080"
                                                                            },
                                                                            "cumulative_cardinality": 0,
                                                                            "operator_type": "FILTER",
                                                                            "operator_cardinality": 19,
                                                                            "cumulative_rows_scanned": 0,
                                                                            "operator_rows_scanned": 0,
                                                                            "operator_timing": 1.3412e-05,
                                                                            "children": [
                                                                              {
                                                                                "total_bytes_written": 0,
                                                                                "total_bytes_read": 0,
                                                                                "result_set_size": 22890,
                                                                                "operator_name": "HASH_JOIN",
                                                                                "cpu_time": 0.0,
                                                                                "extra_info": {
                                                                                  "Join Type": "MARK",
                                                                                  "Conditions": "i_color = #0",
                                                                                  "Estimated Cardinality": "20400"
                                                                                },
                                                                                "cumulative_cardinality": 0,
                                                                                "operator_type": "HASH_JOIN",
                                                                                "operator_cardinality": 1090,
                                                                                "cumulative_rows_scanned": 0,
                                                                                "operator_rows_scanned": 0,
                                                                                "operator_timing": 0.000677146,
                                                                                "children": [
                                                                                  {
                                                                                    "total_bytes_written": 0,
                                                                                    "total_bytes_read": 0,
                                                                                    "result_set_size": 39240,
                                                                                    "operator_name": "SEQ_SCAN ",
                                                                                    "cpu_time": 0.0,
                                                                                    "extra_info": {
                                                                                      "Table": "item",
                                                                                      "Type": "Sequential Scan",
                                                                                      "Projections": [
                                                                                        "i_item_sk",
                                                                                        "i_color",
                                                                                        "i_product_name"
                                                                                      ],
                                                                                      "Filters": [
                                                                                        "optional: i_color IN ('blanched', 'medium', 'brown', 'chocolate', 'burlywood', 'drab')",
                                                                                        "i_current_price>=24.00 AND i_current_price<=33.00"
                                                                                      ],
                                                                                      "Estimated Cardinality": "20400"
                                                                                    },
                                                                                    "cumulative_cardinality": 0,
                                                                                    "operator_type": "TABLE_SCAN",
                                                                                    "operator_cardinality": 1090,
                                                                                    "cumulative_rows_scanned": 0,
                                                                                    "operator_rows_scanned": 102000,
                                                                                    "operator_timing": 0.04292764899999999,
                                                                                    "children": []
                                                                                  },
                                                                                  {
                                                                                    "total_bytes_written": 0,
                                                                                    "total_bytes_read": 0,
                                                                                    "result_set_size": 96,
                                                                                    "operator_name": "COLUMN_DATA_SCAN",
                                                                                    "cpu_time": 0.0,
                                                                                    "extra_info": {
                                                                                      "Estimated Cardinality": "0"
                                                                                    },
                                                                                    "cumulative_cardinality": 0,
                                                                                    "operator_type": "COLUMN_DATA_SCAN",
                                                                                    "operator_cardinality": 6,
                                                                                    "cumulative_rows_scanned": 0,
                                                                                    "operator_rows_scanned": 0,
                                                                                    "operator_timing": 3.11e-06,
                                                                                    "children": []
                                                                                  }
                                                                                ]
                                                                              }
                                                                            ]
                                                                          }
                                                                        ]
                                                                      }
                                                                    ]
                                                                  }
                                                                ]
                                                              }
                                                            ]
                                                          },
                                                          {
                                                            "total_bytes_written": 0,
                                                            "total_bytes_read": 0,
                                                            "result_set_size": 5840,
                                                            "operator_name": "FILTER",
                                                            "cpu_time": 0.0,
                                                            "extra_info": {
                                                              "Expression": "((d_date_sk BETWEEN 2450816 AND 2452642) AND ((d_year = 2001) OR (d_year = 2002)))",
                                                              "Estimated Cardinality": "73049"
                                                            },
                                                            "cumulative_cardinality": 0,
                                                            "operator_type": "FILTER",
                                                            "operator_cardinality": 730,
                                                            "cumulative_rows_scanned": 0,
                                                            "operator_rows_scanned": 0,
                                                            "operator_timing": 0.00013522599999999998,
                                                            "children": [
                                                              {
                                                                "total_bytes_written": 0,
                                                                "total_bytes_read": 0,
                                                                "result_set_size": 584392,
                                                                "operator_name": "SEQ_SCAN ",
                                                                "cpu_time": 0.0,
                                                                "extra_info": {
                                                                  "Table": "date_dim",
                                                                  "Type": "Sequential Scan",
                                                                  "Projections": [
                                                                    "d_date_sk",
                                                                    "d_year"
                                                                  ],
                                                                  "Filters": "optional: d_year=2001 OR d_year=2002",
                                                                  "Estimated Cardinality": "73049"
                                                                },
                                                                "cumulative_cardinality": 0,
                                                                "operator_type": "TABLE_SCAN",
                                                                "operator_cardinality": 73049,
                                                                "cumulative_rows_scanned": 0,
                                                                "operator_rows_scanned": 73049,
                                                                "operator_timing": 0.008145983000000002,
                                                                "children": []
                                                              }
                                                            ]
                                                          }
                                                        ]
                                                      },
                                                      {
                                                        "total_bytes_written": 0,
                                                        "total_bytes_read": 0,
                                                        "result_set_size": 2000,
                                                        "operator_name": "SEQ_SCAN ",
                                                        "cpu_time": 0.0,
                                                        "extra_info": {
                                                          "Table": "promotion",
                                                          "Type": "Sequential Scan",
                                                          "Projections": "p_promo_sk",
                                                          "Estimated Cardinality": "500"
                                                        },
                                                        "cumulative_cardinality": 0,
                                                        "operator_type": "TABLE_SCAN",
                                                        "operator_cardinality": 500,
                                                        "cumulative_rows_scanned": 0,
                                                        "operator_rows_scanned": 500,
                                                        "operator_timing": 0.008487976,
                                                        "children": []
                                                      }
                                                    ]
                                                  },
                                                  {
                                                    "total_bytes_written": 0,
                                                    "total_bytes_read": 0,
                                                    "result_set_size": 57600,
                                                    "operator_name": "HASH_JOIN",
                                                    "cpu_time": 0.0,
                                                    "extra_info": {
                                                      "Join Type": "INNER",
                                                      "Conditions": "hd_income_band_sk = ib_income_band_sk",
                                                      "Estimated Cardinality": "6857"
                                                    },
                                                    "cumulative_cardinality": 0,
                                                    "operator_type": "HASH_JOIN",
                                                    "operator_cardinality": 7200,
                                                    "cumulative_rows_scanned": 0,
                                                    "operator_rows_scanned": 0,
                                                    "operator_timing": 0.000184976,
                                                    "children": [
                                                      {
                                                        "total_bytes_written": 0,
                                                        "total_bytes_read": 0,
                                                        "result_set_size": 57600,
                                                        "operator_name": "SEQ_SCAN ",
                                                        "cpu_time": 0.0,
                                                        "extra_info": {
                                                          "Table": "household_demographics",
                                                          "Type": "Sequential Scan",
                                                          "Projections": [
                                                            "hd_demo_sk",
                                                            "hd_income_band_sk"
                                                          ],
                                                          "Estimated Cardinality": "7200"
                                                        },
                                                        "cumulative_cardinality": 0,
                                                        "operator_type": "TABLE_SCAN",
                                                        "operator_cardinality": 7200,
                                                        "cumulative_rows_scanned": 0,
                                                        "operator_rows_scanned": 7200,
                                                        "operator_timing": 0.006154584,
                                                        "children": []
                                                      },
                                                      {
                                                        "total_bytes_written": 0,
                                                        "total_bytes_read": 0,
                                                        "result_set_size": 80,
                                                        "operator_name": "SEQ_SCAN ",
                                                        "cpu_time": 0.0,
                                                        "extra_info": {
                                                          "Table": "income_band",
                                                          "Type": "Sequential Scan",
                                                          "Projections": "ib_income_band_sk",
                                                          "Estimated Cardinality": "20"
                                                        },
                                                        "cumulative_cardinality": 0,
                                                        "operator_type": "TABLE_SCAN",
                                                        "operator_cardinality": 20,
                                                        "cumulative_rows_scanned": 0,
                                                        "operator_rows_scanned": 20,
                                                        "operator_timing": 0.008407284000000001,
                                                        "children": []
                                                      }
                                                    ]
                                                  }
                                                ]
                                              }
                                            ]
                                          },
                                          {
                                            "total_bytes_written": 0,
                                            "total_bytes_read": 0,
                                            "result_set_size": 3600,
                                            "operator_name": "SEQ_SCAN ",
                                            "cpu_time": 0.0,
                                            "extra_info": {
                                              "Table": "store",
                                              "Type": "Sequential Scan",
                                              "Projections": [
                                                "s_store_sk",
                                                "s_store_name",
                                                "s_zip"
                                              ],
                                              "Filters": "s_store_sk<=100",
                                              "Estimated Cardinality": "102"
                                            },
                                            "cumulative_cardinality": 0,
                                            "operator_type": "TABLE_SCAN",
                                            "operator_cardinality": 100,
                                            "cumulative_rows_scanned": 0,
                                            "operator_rows_scanned": 102,
                                            "operator_timing": 0.008520175,
                                            "children": []
                                          }
                                        ]
                                      },
                                      {
                                        "total_bytes_written": 0,
                                        "total_bytes_read": 0,
                                        "result_set_size": 17000000,
                                        "operator_name": "SEQ_SCAN ",
                                        "cpu_time": 0.0,
                                        "extra_info": {
                                          "Table": "customer_address",
                                          "Type": "Sequential Scan",
                                          "Projections": [
                                            "ca_address_sk",
                                            "ca_street_number",
                                            "ca_street_name",
                                            "ca_city",
                                            "ca_zip"
                                          ],
                                          "Estimated Cardinality": "250000"
                                        },
                                        "cumulative_cardinality": 0,
                                        "operator_type": "TABLE_SCAN",
                                        "operator_cardinality": 250000,
                                        "cumulative_rows_scanned": 0,
                                        "operator_rows_scanned": 750000,
                                        "operator_timing": 0.097020119,
                                        "children": []
                                      }
                                    ]
                                  },
                                  {
                                    "total_bytes_written": 0,
                                    "total_bytes_read": 0,
                                    "result_set_size": 42973200,
                                    "operator_name": "HASH_JOIN",
                                    "cpu_time": 0.0,
                                    "extra_info": {
                                      "Join Type": "INNER",
                                      "Conditions": "c_first_shipto_date_sk = d_date_sk",
                                      "Estimated Cardinality": "391085"
                                    },
                                    "cumulative_cardinality": 0,
                                    "operator_type": "HASH_JOIN",
                                    "operator_cardinality": 467100,
                                    "cumulative_rows_scanned": 0,
                                    "operator_rows_scanned": 0,
                                    "operator_timing": 0.003592756,
                                    "children": [
                                      {
                                        "total_bytes_written": 0,
                                        "total_bytes_read": 0,
                                        "result_set_size": 43181396,
                                        "operator_name": "HASH_JOIN",
                                        "cpu_time": 0.0,
                                        "extra_info": {
                                          "Join Type": "INNER",
                                          "Conditions": "cd_demo_sk = c_current_cdemo_sk",
                                          "Estimated Cardinality": "391085"
                                        },
                                        "cumulative_cardinality": 0,
                                        "operator_type": "HASH_JOIN",
                                        "operator_cardinality": 469363,
                                        "cumulative_rows_scanned": 0,
                                        "operator_rows_scanned": 0,
                                        "operator_timing": 0.11909972000000003,
                                        "children": [
                                          {
                                            "total_bytes_written": 0,
                                            "total_bytes_read": 0,
                                            "result_set_size": 38415760,
                                            "operator_name": "SEQ_SCAN ",
                                            "cpu_time": 0.0,
                                            "extra_info": {
                                              "Table": "customer_demographics",
                                              "Type": "Sequential Scan",
                                              "Projections": [
                                                "cd_demo_sk",
                                                "cd_marital_status"
                                              ],
                                              "Filters": "cd_demo_sk>=4 AND cd_demo_sk<=1920791",
                                              "Estimated Cardinality": "1920800"
                                            },
                                            "cumulative_cardinality": 0,
                                            "operator_type": "TABLE_SCAN",
                                            "operator_cardinality": 1920788,
                                            "cumulative_rows_scanned": 0,
                                            "operator_rows_scanned": 30732800,
                                            "operator_timing": 0.147612646,
                                            "children": []
                                          },
                                          {
                                            "total_bytes_written": 0,
                                            "total_bytes_read": 0,
                                            "result_set_size": 37896640,
                                            "operator_name": "HASH_JOIN",
                                            "cpu_time": 0.0,
                                            "extra_info": {
                                              "Join Type": "INNER",
                                              "Conditions": "c_first_sales_date_sk = d_date_sk",
                                              "Estimated Cardinality": "391085"
                                            },
                                            "cumulative_cardinality": 0,
                                            "operator_type": "HASH_JOIN",
                                            "operator_cardinality": 473708,
                                            "cumulative_rows_scanned": 0,
                                            "operator_rows_scanned": 0,
                                            "operator_timing": 0.002110322000000001,
                                            "children": [
                                              {
                                                "total_bytes_written": 0,
                                                "total_bytes_read": 0,
                                                "result_set_size": 42466248,
                                                "operator_name": "HASH_JOIN",
                                                "cpu_time": 0.0,
                                                "extra_info": {
                                                  "Join Type": "INNER",
                                                  "Conditions": "c_current_hdemo_sk = hd_demo_sk",
                                                  "Estimated Cardinality": "391085"
                                                },
                                                "cumulative_cardinality": 0,
                                                "operator_type": "HASH_JOIN",
                                                "operator_cardinality": 482571,
                                                "cumulative_rows_scanned": 0,
                                                "operator_rows_scanned": 0,
                                                "operator_timing": 0.002465222,
                                                "children": [
                                                  {
                                                    "total_bytes_written": 0,
                                                    "total_bytes_read": 0,
                                                    "result_set_size": 42000000,
                                                    "operator_name": "HASH_JOIN",
                                                    "cpu_time": 0.0,
                                                    "extra_info": {
                                                      "Join Type": "INNER",
                                                      "Conditions": "ca_address_sk = c_current_addr_sk",
                                                      "Estimated Cardinality": "410639"
                                                    },
                                                    "cumulative_cardinality": 0,
                                                    "operator_type": "HASH_JOIN",
                                                    "operator_cardinality": 500000,
                                                    "cumulative_rows_scanned": 0,
                                                    "operator_rows_scanned": 0,
                                                    "operator_timing": 0.06259781200000002,
                                                    "children": [
                                                      {
                                                        "total_bytes_written": 0,
                                                        "total_bytes_read": 0,
                                                        "result_set_size": 17000000,
                                                        "operator_name": "SEQ_SCAN ",
                                                        "cpu_time": 0.0,
                                                        "extra_info": {
                                                          "Table": "customer_address",
                                                          "Type": "Sequential Scan",
                                                          "Projections": [
                                                            "ca_address_sk",
                                                            "ca_street_number",
                                                            "ca_street_name",
                                                            "ca_city",
                                                            "ca_zip"
                                                          ],
                                                          "Estimated Cardinality": "250000"
                                                        },
                                                        "cumulative_cardinality": 0,
                                                        "operator_type": "TABLE_SCAN",
                                                        "operator_cardinality": 250000,
                                                        "cumulative_rows_scanned": 0,
                                                        "operator_rows_scanned": 750000,
                                                        "operator_timing": 0.014491575,
                                                        "children": []
                                                      },
                                                      {
                                                        "total_bytes_written": 0,
                                                        "total_bytes_read": 0,
                                                        "result_set_size": 12000000,
                                                        "operator_name": "SEQ_SCAN ",
                                                        "cpu_time": 0.0,
                                                        "extra_info": {
                                                          "Table": "customer",
                                                          "Type": "Sequential Scan",
                                                          "Projections": [
                                                            "c_customer_sk",
                                                            "c_current_cdemo_sk",
                                                            "c_current_hdemo_sk",
                                                            "c_current_addr_sk",
                                                            "c_first_sales_date_sk",
                                                            "c_first_shipto_date_sk"
                                                          ],
                                                          "Estimated Cardinality": "500000"
                                                        },
                                                        "cumulative_cardinality": 0,
                                                        "operator_type": "TABLE_SCAN",
                                                        "operator_cardinality": 500000,
                                                        "cumulative_rows_scanned": 0,
                                                        "operator_rows_scanned": 2500000,
                                                        "operator_timing": 0.19886100799999995,
                                                        "children": []
                                                      }
                                                    ]
                                                  },
                                                  {
                                                    "total_bytes_written": 0,
                                                    "total_bytes_read": 0,
                                                    "result_set_size": 57600,
                                                    "operator_name": "HASH_JOIN",
                                                    "cpu_time": 0.0,
                                                    "extra_info": {
                                                      "Join Type": "INNER",
                                                      "Conditions": "hd_income_band_sk = ib_income_band_sk",
                                                      "Estimated Cardinality": "6857"
                                                    },
                                                    "cumulative_cardinality": 0,
                                                    "operator_type": "HASH_JOIN",
                                                    "operator_cardinality": 7200,
                                                    "cumulative_rows_scanned": 0,
                                                    "operator_rows_scanned": 0,
                                                    "operator_timing": 8.4257e-05,
                                                    "children": [
                                                      {
                                                        "total_bytes_written": 0,
                                                        "total_bytes_read": 0,
                                                        "result_set_size": 57600,
                                                        "operator_name": "SEQ_SCAN ",
                                                        "cpu_time": 0.0,
                                                        "extra_info": {
                                                          "Table": "household_demographics",
                                                          "Type": "Sequential Scan",
                                                          "Projections": [
                                                            "hd_demo_sk",
                                                            "hd_income_band_sk"
                                                          ],
                                                          "Estimated Cardinality": "7200"
                                                        },
                                                        "cumulative_cardinality": 0,
                                                        "operator_type": "TABLE_SCAN",
                                                        "operator_cardinality": 7200,
                                                        "cumulative_rows_scanned": 0,
                                                        "operator_rows_scanned": 7200,
                                                        "operator_timing": 0.006209427000000001,
                                                        "children": []
                                                      },
                                                      {
                                                        "total_bytes_written": 0,
                                                        "total_bytes_read": 0,
                                                        "result_set_size": 80,
                                                        "operator_name": "SEQ_SCAN ",
                                                        "cpu_time": 0.0,
                                                        "extra_info": {
                                                          "Table": "income_band",
                                                          "Type": "Sequential Scan",
                                                          "Projections": "ib_income_band_sk",
                                                          "Estimated Cardinality": "20"
                                                        },
                                                        "cumulative_cardinality": 0,
                                                        "operator_type": "TABLE_SCAN",
                                                        "operator_cardinality": 20,
                                                        "cumulative_rows_scanned": 0,
                                                        "operator_rows_scanned": 20,
                                                        "operator_timing": 0.008327809,
                                                        "children": []
                                                      }
                                                    ]
                                                  }
                                                ]
                                              },
                                              {
                                                "total_bytes_written": 0,
                                                "total_bytes_read": 0,
                                                "result_set_size": 29208,
                                                "operator_name": "SEQ_SCAN ",
                                                "cpu_time": 0.0,
                                                "extra_info": {
                                                  "Table": "date_dim",
                                                  "Type": "Sequential Scan",
                                                  "Projections": [
                                                    "d_date_sk",
                                                    "d_year"
                                                  ],
                                                  "Filters": "d_date_sk>=2448998 AND d_date_sk<=2452648",
                                                  "Estimated Cardinality": "73049"
                                                },
                                                "cumulative_cardinality": 0,
                                                "operator_type": "TABLE_SCAN",
                                                "operator_cardinality": 3651,
                                                "cumulative_rows_scanned": 0,
                                                "operator_rows_scanned": 73049,
                                                "operator_timing": 0.008052684000000001,
                                                "children": []
                                              }
                                            ]
                                          }
                                        ]
                                      },
                                      {
                                        "total_bytes_written": 0,
                                        "total_bytes_read": 0,
                                        "result_set_size": 29208,
                                        "operator_name": "SEQ_SCAN ",
                                        "cpu_time": 0.0,
                                        "extra_info": {
                                          "Table": "date_dim",
                                          "Type": "Sequential Scan",
                                          "Projections": [
                                            "d_date_sk",
                                            "d_year"
                                          ],
                                          "Filters": "d_date_sk>=2449028 AND d_date_sk<=2452678",
                                          "Estimated Cardinality": "73049"
                                        },
                                        "cumulative_cardinality": 0,
                                        "operator_type": "TABLE_SCAN",
                                        "operator_cardinality": 3651,
                                        "cumulative_rows_scanned": 0,
                                        "operator_rows_scanned": 73049,
                                        "operator_timing": 0.0078087650000000005,
                                        "children": []
                                      }
                                    ]
                                  }
                                ]
                              }
                            ]
                          }
                        ]
                      }
                    ]
                  }
                ]
              },
              {
                "total_bytes_written": 0,
                "total_bytes_read": 0,
                "result_set_size": 888,
                "operator_name": "ORDER_BY",
                "cpu_time": 0.0,
                "extra_info": {
                  "Order By": [
                    "cs1.product_name ASC",
                    "cs1.store_name ASC",
                    "cs2.cnt ASC",
                    "cs1.s1 ASC",
                    "cs2.s1 ASC"
                  ]
                },
                "cumulative_cardinality": 0,
                "operator_type": "ORDER_BY",
                "operator_cardinality": 3,
                "cumulative_rows_scanned": 0,
                "operator_rows_scanned": 0,
                "operator_timing": 0.000287087,
                "children": [
                  {
                    "total_bytes_written": 0,
                    "total_bytes_read": 0,
                    "result_set_size": 888,
                    "operator_name": "PROJECTION",
                    "cpu_time": 0.0,
                    "extra_info": {
                      "Projections": [
                        "product_name",
                        "store_name",
                        "store_zip",
                        "b_street_number",
                        "b_street_name",
                        "b_city",
                        "b_zip",
                        "c_street_number",
                        "c_street_name",
                        "c_city",
                        "c_zip",
                        "syear",
                        "cnt",
                        "s11",
                        "s21",
                        "s31",
                        "s12",
                        "s22",
                        "s32",
                        "syear",
                        "cnt"
                      ],
                      "Estimated Cardinality": "39833"
                    },
                    "cumulative_cardinality": 0,
                    "operator_type": "PROJECTION",
                    "operator_cardinality": 3,
                    "cumulative_rows_scanned": 0,
                    "operator_rows_scanned": 0,
                    "operator_timing": 2.331e-06,
                    "children": [
                      {
                        "total_bytes_written": 0,
                        "total_bytes_read": 0,
                        "result_set_size": 888,
                        "operator_name": "HASH_JOIN",
                        "cpu_time": 0.0,
                        "extra_info": {
                          "Join Type": "INNER",
                          "Conditions": [
                            "item_sk = item_sk",
                            "store_name = store_name",
                            "store_zip = store_zip",
                            "cnt >= cnt"
                          ],
                          "Estimated Cardinality": "39833"
                        },
                        "cumulative_cardinality": 0,
                        "operator_type": "HASH_JOIN",
                        "operator_cardinality": 3,
                        "cumulative_rows_scanned": 0,
                        "operator_rows_scanned": 0,
                        "operator_timing": 0.00057033,
                        "children": [
                          {
                            "total_bytes_written": 0,
                            "total_bytes_read": 0,
                            "result_set_size": 9120,
                            "operator_name": "PROJECTION",
                            "cpu_time": 0.0,
                            "extra_info": {
                              "Projections": [
                                "#0",
                                "#1",
                                "#2",
                                "#3",
                                "#4",
                                "#5",
                                "#6",
                                "#7",
                                "#8",
                                "#9",
                                "#10",
                                "#11",
                                "#12",
                                "#15",
                                "#16",
                                "#17",
                                "#18"
                              ],
                              "Estimated Cardinality": "294843"
                            },
                            "cumulative_cardinality": 0,
                            "operator_type": "PROJECTION",
                            "operator_cardinality": 38,
                            "cumulative_rows_scanned": 0,
                            "operator_rows_scanned": 0,
                            "operator_timing": 5.7560000000000005e-06,
                            "children": [
                              {
                                "total_bytes_written": 0,
                                "total_bytes_read": 0,
                                "result_set_size": 9424,
                                "operator_name": "FILTER",
                                "cpu_time": 0.0,
                                "extra_info": {
                                  "Expression": "(syear = 2001)",
                                  "Estimated Cardinality": "294843"
                                },
                                "cumulative_cardinality": 0,
                                "operator_type": "FILTER",
                                "operator_cardinality": 38,
                                "cumulative_rows_scanned": 0,
                                "operator_rows_scanned": 0,
                                "operator_timing": 0.00027829,
                                "children": [
                                  {
                                    "total_bytes_written": 0,
                                    "total_bytes_read": 0,
                                    "result_set_size": 24552,
                                    "operator_name": "CTE_SCAN",
                                    "cpu_time": 0.0,
                                    "extra_info": {
                                      "CTE Index": "9",
                                      "Estimated Cardinality": "294843"
                                    },
                                    "cumulative_cardinality": 0,
                                    "operator_type": "CTE_SCAN",
                                    "operator_cardinality": 99,
                                    "cumulative_rows_scanned": 0,
                                    "operator_rows_scanned": 0,
                                    "operator_timing": 5.706200000000001e-05,
                                    "children": []
                                  }
                                ]
                              }
                            ]
                          },
                          {
                            "total_bytes_written": 0,
                            "total_bytes_read": 0,
                            "result_set_size": 5856,
                            "operator_name": "PROJECTION",
                            "cpu_time": 0.0,
                            "extra_info": {
                              "Projections": [
                                "#1",
                                "#2",
                                "#3",
                                "#12",
                                "#15",
                                "#16",
                                "#17",
                                "#18"
                              ],
                              "Estimated Cardinality": "294843"
                            },
                            "cumulative_cardinality": 0,
                            "operator_type": "PROJECTION",
                            "operator_cardinality": 61,
                            "cumulative_rows_scanned": 0,
                            "operator_rows_scanned": 0,
                            "operator_timing": 4.045e-06,
                            "children": [
                              {
                                "total_bytes_written": 0,
                                "total_bytes_read": 0,
                                "result_set_size": 15128,
                                "operator_name": "FILTER",
                                "cpu_time": 0.0,
                                "extra_info": {
                                  "Expression": "(syear = 2002)",
                                  "Estimated Cardinality": "294843"
                                },
                                "cumulative_cardinality": 0,
                                "operator_type": "FILTER",
                                "operator_cardinality": 61,
                                "cumulative_rows_scanned": 0,
                                "operator_rows_scanned": 0,
                                "operator_timing": 0.00040788500000000003,
                                "children": [
                                  {
                                    "total_bytes_written": 0,
                                    "total_bytes_read": 0,
                                    "result_set_size": 24552,
                                    "operator_name": "CTE_SCAN",
                                    "cpu_time": 0.0,
                                    "extra_info": {
                                      "CTE Index": "9",
                                      "Estimated Cardinality": "294843"
                                    },
                                    "cumulative_cardinality": 0,
                                    "operator_type": "CTE_SCAN",
                                    "operator_cardinality": 99,
                                    "cumulative_rows_scanned": 0,
                                    "operator_rows_scanned": 0,
                                    "operator_timing": 5.1927999999999995e-05,
                                    "children": []
                                  }
                                ]
                              }
                            ]
                          }
                        ]
                      }
                    ]
                  }
                ]
              }
            ]
          }
        ]
      }
    ]
  },
  "actual_rows": 0,
  "provenance": {
    "database": "/mnt/d/TPC-DS/tpcds_sf10.duckdb",
    "scale_factor": 10,
    "engine": "duckdb",
    "engine_version": "1.4.3",
    "cached_at": "2026-02-08T10:21:16.658141"
  }
}