{
  "execution_time_ms": 500.0,
  "plan_text": "\u250c\u2500\u2500\u2500\u2500\u2500\u2500\u2500\u2500\u2500\u2500\u2500\u2500\u2500\u2500\u2500\u2500\u2500\u2500\u2500\u2500\u2500\u2500\u2500\u2500\u2500\u2500\u2500\u2500\u2500\u2500\u2500\u2500\u2500\u2500\u2500\u2500\u2500\u2510\n\u2502\u250c\u2500\u2500\u2500\u2500\u2500\u2500\u2500\u2500\u2500\u2500\u2500\u2500\u2500\u2500\u2500\u2500\u2500\u2500\u2500\u2500\u2500\u2500\u2500\u2500\u2500\u2500\u2500\u2500\u2500\u2500\u2500\u2500\u2500\u2500\u2500\u2510\u2502\n\u2502\u2502    Query Profiling Information    \u2502\u2502\n\u2502\u2514\u2500\u2500\u2500\u2500\u2500\u2500\u2500\u2500\u2500\u2500\u2500\u2500\u2500\u2500\u2500\u2500\u2500\u2500\u2500\u2500\u2500\u2500\u2500\u2500\u2500\u2500\u2500\u2500\u2500\u2500\u2500\u2500\u2500\u2500\u2500\u2518\u2502\n\u2514\u2500\u2500\u2500\u2500\u2500\u2500\u2500\u2500\u2500\u2500\u2500\u2500\u2500\u2500\u2500\u2500\u2500\u2500\u2500\u2500\u2500\u2500\u2500\u2500\u2500\u2500\u2500\u2500\u2500\u2500\u2500\u2500\u2500\u2500\u2500\u2500\u2500\u2518\nEXPLAIN ANALYZE -- start query 59 in stream 0 using template query59.tpl with wss as   (select d_week_seq,         ss_store_sk,         sum(case when (d_day_name='Sunday') then ss_sales_price else null end) sun_sales,         sum(case when (d_day_name='Monday') then ss_sales_price else null end) mon_sales,         sum(case when (d_day_name='Tuesday') then ss_sales_price else  null end) tue_sales,         sum(case when (d_day_name='Wednesday') then ss_sales_price else null end) wed_sales,         sum(case when (d_day_name='Thursday') then ss_sales_price else null end) thu_sales,         sum(case when (d_day_name='Friday') then ss_sales_price else null end) fri_sales,         sum(case when (d_day_name='Saturday') then ss_sales_price else null end) sat_sales  from store_sales,date_dim  where d_date_sk = ss_sold_date_sk  group by d_week_seq,ss_store_sk  )   select s_store_name1,s_store_id1,d_week_seq1        ,sun_sales1/sun_sales2,mon_sales1/mon_sales2        ,tue_sales1/tue_sales2,wed_sales1/wed_sales2,thu_sales1/thu_sales2        ,fri_sales1/fri_sales2,sat_sales1/sat_sales2  from  (select s_store_name s_store_name1,wss.d_week_seq d_week_seq1         ,s_store_id s_store_id1,sun_sales sun_sales1         ,mon_sales mon_sales1,tue_sales tue_sales1         ,wed_sales wed_sales1,thu_sales thu_sales1         ,fri_sales fri_sales1,sat_sales sat_sales1   from wss,store,date_dim d   where d.d_week_seq = wss.d_week_seq and         ss_store_sk = s_store_sk and          d_month_seq between 1196 and 1196 + 11) y,  (select s_store_name s_store_name2,wss.d_week_seq d_week_seq2         ,s_store_id s_store_id2,sun_sales sun_sales2         ,mon_sales mon_sales2,tue_sales tue_sales2         ,wed_sales wed_sales2,thu_sales thu_sales2         ,fri_sales fri_sales2,sat_sales sat_sales2   from wss,store,date_dim d   where d.d_week_seq = wss.d_week_seq and         ss_store_sk = s_store_sk and          d_month_seq between 1196+ 12 and 1196 + 23) x  where s_store_id1=s_store_id2    and d_week_seq1=d_week_seq2-52  order by s_store_name1,s_store_id1,d_week_seq1  LIMIT 100;  -- end query 59 in stream 0 using template query59.tpl\n\u250c\u2500\u2500\u2500\u2500\u2500\u2500\u2500\u2500\u2500\u2500\u2500\u2500\u2500\u2500\u2500\u2500\u2500\u2500\u2500\u2500\u2500\u2500\u2500\u2500\u2500\u2500\u2500\u2500\u2500\u2500\u2500\u2500\u2500\u2500\u2500\u2500\u2500\u2500\u2500\u2500\u2500\u2500\u2500\u2500\u2500\u2500\u2500\u2500\u2510\n\u2502\u250c\u2500\u2500\u2500\u2500\u2500\u2500\u2500\u2500\u2500\u2500\u2500\u2500\u2500\u2500\u2500\u2500\u2500\u2500\u2500\u2500\u2500\u2500\u2500\u2500\u2500\u2500\u2500\u2500\u2500\u2500\u2500\u2500\u2500\u2500\u2500\u2500\u2500\u2500\u2500\u2500\u2500\u2500\u2500\u2500\u2500\u2500\u2510\u2502\n\u2502\u2502              Total Time: 0.500s              \u2502\u2502\n\u2502\u2514\u2500\u2500\u2500\u2500\u2500\u2500\u2500\u2500\u2500\u2500\u2500\u2500\u2500\u2500\u2500\u2500\u2500\u2500\u2500\u2500\u2500\u2500\u2500\u2500\u2500\u2500\u2500\u2500\u2500\u2500\u2500\u2500\u2500\u2500\u2500\u2500\u2500\u2500\u2500\u2500\u2500\u2500\u2500\u2500\u2500\u2500\u2518\u2502\n\u2514\u2500\u2500\u2500\u2500\u2500\u2500\u2500\u2500\u2500\u2500\u2500\u2500\u2500\u2500\u2500\u2500\u2500\u2500\u2500\u2500\u2500\u2500\u2500\u2500\u2500\u2500\u2500\u2500\u2500\u2500\u2500\u2500\u2500\u2500\u2500\u2500\u2500\u2500\u2500\u2500\u2500\u2500\u2500\u2500\u2500\u2500\u2500\u2500\u2518\n\u250c\u2500\u2500\u2500\u2500\u2500\u2500\u2500\u2500\u2500\u2500\u2500\u2500\u2500\u2500\u2500\u2500\u2500\u2500\u2500\u2500\u2500\u2500\u2500\u2500\u2500\u2500\u2500\u2510\n\u2502           QUERY           \u2502\n\u2514\u2500\u2500\u2500\u2500\u2500\u2500\u2500\u2500\u2500\u2500\u2500\u2500\u2500\u252c\u2500\u2500\u2500\u2500\u2500\u2500\u2500\u2500\u2500\u2500\u2500\u2500\u2500\u2518\n\u250c\u2500\u2500\u2500\u2500\u2500\u2500\u2500\u2500\u2500\u2500\u2500\u2500\u2500\u2534\u2500\u2500\u2500\u2500\u2500\u2500\u2500\u2500\u2500\u2500\u2500\u2500\u2500\u2510\n\u2502      EXPLAIN_ANALYZE      \u2502\n\u2502    \u2500\u2500\u2500\u2500\u2500\u2500\u2500\u2500\u2500\u2500\u2500\u2500\u2500\u2500\u2500\u2500\u2500\u2500\u2500\u2500   \u2502\n\u2502           0 rows          \u2502\n\u2502          (0.00s)          \u2502\n\u2514\u2500\u2500\u2500\u2500\u2500\u2500\u2500\u2500\u2500\u2500\u2500\u2500\u2500\u252c\u2500\u2500\u2500\u2500\u2500\u2500\u2500\u2500\u2500\u2500\u2500\u2500\u2500\u2518\n\u250c\u2500\u2500\u2500\u2500\u2500\u2500\u2500\u2500\u2500\u2500\u2500\u2500\u2500\u2534\u2500\u2500\u2500\u2500\u2500\u2500\u2500\u2500\u2500\u2500\u2500\u2500\u2500\u2510\n\u2502            CTE            \u2502\n\u2502    \u2500\u2500\u2500\u2500\u2500\u2500\u2500\u2500\u2500\u2500\u2500\u2500\u2500\u2500\u2500\u2500\u2500\u2500\u2500\u2500   \u2502\n\u2502       CTE Name: wss       \u2502\n\u2502       Table Index: 0      \u251c\u2500\u2500\u2500\u2500\u2500\u2500\u2500\u2500\u2500\u2500\u2500\u2500\u2500\u2500\u2500\u2500\u2500\u2500\u2500\u2500\u2500\u2500\u2500\u2500\u2500\u2500\u2500\u2500\u2500\u2500\u2500\u2500\u2500\u2500\u2500\u2500\u2500\u2500\u2500\u2500\u2500\u2500\u2500\u2510\n\u2502                           \u2502                                           \u2502\n\u2502           0 rows          \u2502                                           \u2502\n\u2502          (0.00s)          \u2502                                           \u2502\n\u2514\u2500\u2500\u2500\u2500\u2500\u2500\u2500\u2500\u2500\u2500\u2500\u2500\u2500\u252c\u2500\u2500\u2500\u2500\u2500\u2500\u2500\u2500\u2500\u2500\u2500\u2500\u2500\u2518                                           \u2502\n\u250c\u2500\u2500\u2500\u2500\u2500\u2500\u2500\u2500\u2500\u2500\u2500\u2500\u2500\u2534\u2500\u2500\u2500\u2500\u2500\u2500\u2500\u2500\u2500\u2500\u2500\u2500\u2500\u2510                             \u250c\u2500\u2500\u2500\u2500\u2500\u2500\u2500\u2500\u2500\u2500\u2500\u2500\u2500\u2534\u2500\u2500\u2500\u2500\u2500\u2500\u2500\u2500\u2500\u2500\u2500\u2500\u2500\u2510\n\u2502         PROJECTION        \u2502                             \u2502           TOP_N           \u2502\n\u2502    \u2500\u2500\u2500\u2500\u2500\u2500\u2500\u2500\u2500\u2500\u2500\u2500\u2500\u2500\u2500\u2500\u2500\u2500\u2500\u2500   \u2502                             \u2502    \u2500\u2500\u2500\u2500\u2500\u2500\u2500\u2500\u2500\u2500\u2500\u2500\u2500\u2500\u2500\u2500\u2500\u2500\u2500\u2500   \u2502\n\u2502__internal_decompress_integ\u2502                             \u2502          Top: 100         \u2502\n\u2502     ral_integer(#0, 1)    \u2502                             \u2502                           \u2502\n\u2502__internal_decompress_integ\u2502                             \u2502         Order By:         \u2502\n\u2502     ral_integer(#1, 1)    \u2502                             \u2502    y.s_store_name1 ASC    \u2502\n\u2502             #2            \u2502                             \u2502     y.s_store_id1 ASC     \u2502\n\u2502             #3            \u2502                             \u2502     y.d_week_seq1 ASC     \u2502\n\u2502             #4            \u2502                             \u2502                           \u2502\n\u2502             #5            \u2502                             \u2502                           \u2502\n\u2502             #6            \u2502                             \u2502                           \u2502\n\u2502             #7            \u2502                             \u2502                           \u2502\n\u2502             #8            \u2502                             \u2502                           \u2502\n\u2502                           \u2502                             \u2502                           \u2502\n\u2502        13,624 rows        \u2502                             \u2502          100 rows         \u2502\n\u2502          (0.00s)          \u2502                             \u2502          (0.00s)          \u2502\n\u2514\u2500\u2500\u2500\u2500\u2500\u2500\u2500\u2500\u2500\u2500\u2500\u2500\u2500\u252c\u2500\u2500\u2500\u2500\u2500\u2500\u2500\u2500\u2500\u2500\u2500\u2500\u2500\u2518                             \u2514\u2500\u2500\u2500\u2500\u2500\u2500\u2500\u2500\u2500\u2500\u2500\u2500\u2500\u252c\u2500\u2500\u2500\u2500\u2500\u2500\u2500\u2500\u2500\u2500\u2500\u2500\u2500\u2518\n\u250c\u2500\u2500\u2500\u2500\u2500\u2500\u2500\u2500\u2500\u2500\u2500\u2500\u2500\u2534\u2500\u2500\u2500\u2500\u2500\u2500\u2500\u2500\u2500\u2500\u2500\u2500\u2500\u2510                             \u250c\u2500\u2500\u2500\u2500\u2500\u2500\u2500\u2500\u2500\u2500\u2500\u2500\u2500\u2534\u2500\u2500\u2500\u2500\u2500\u2500\u2500\u2500\u2500\u2500\u2500\u2500\u2500\u2510\n\u2502       HASH_GROUP_BY       \u2502                             \u2502         PROJECTION        \u2502\n\u2502    \u2500\u2500\u2500\u2500\u2500\u2500\u2500\u2500\u2500\u2500\u2500\u2500\u2500\u2500\u2500\u2500\u2500\u2500\u2500\u2500   \u2502                             \u2502    \u2500\u2500\u2500\u2500\u2500\u2500\u2500\u2500\u2500\u2500\u2500\u2500\u2500\u2500\u2500\u2500\u2500\u2500\u2500\u2500   \u2502\n\u2502          Groups:          \u2502                             \u2502       s_store_name1       \u2502\n\u2502             #0            \u2502                             \u2502        s_store_id1        \u2502\n\u2502             #1            \u2502                             \u2502        d_week_seq1        \u2502\n\u2502                           \u2502                             \u2502 (CAST(sun_sales1 AS DOUBLE\u2502\n\u2502        Aggregates:        \u2502                             \u2502   ) / CAST(sun_sales2 AS  \u2502\n\u2502          sum(#2)          \u2502                             \u2502          DOUBLE))         \u2502\n\u2502          sum(#3)          \u2502                             \u2502 (CAST(mon_sales1 AS DOUBLE\u2502\n\u2502          sum(#4)          \u2502                             \u2502   ) / CAST(mon_sales2 AS  \u2502\n\u2502          sum(#5)          \u2502                             \u2502          DOUBLE))         \u2502\n\u2502          sum(#6)          \u2502                             \u2502 (CAST(tue_sales1 AS DOUBLE\u2502\n\u2502          sum(#7)          \u2502                             \u2502   ) / CAST(tue_sales2 AS  \u2502\n\u2502          sum(#8)          \u2502                             \u2502          DOUBLE))         \u2502\n\u2502                           \u2502                             \u2502 (CAST(wed_sales1 AS DOUBLE\u2502\n\u2502                           \u2502                             \u2502   ) / CAST(wed_sales2 AS  \u2502\n\u2502                           \u2502                             \u2502          DOUBLE))         \u2502\n\u2502                           \u2502                             \u2502 (CAST(thu_sales1 AS DOUBLE\u2502\n\u2502                           \u2502                             \u2502   ) / CAST(thu_sales2 AS  \u2502\n\u2502                           \u2502                             \u2502          DOUBLE))         \u2502\n\u2502                           \u2502                             \u2502 (CAST(fri_sales1 AS DOUBLE\u2502\n\u2502                           \u2502                             \u2502   ) / CAST(fri_sales2 AS  \u2502\n\u2502                           \u2502                             \u2502          DOUBLE))         \u2502\n\u2502                           \u2502                             \u2502 (CAST(sat_sales1 AS DOUBLE\u2502\n\u2502                           \u2502                             \u2502   ) / CAST(sat_sales2 AS  \u2502\n\u2502                           \u2502                             \u2502          DOUBLE))         \u2502\n\u2502                           \u2502                             \u2502                           \u2502\n\u2502        13,624 rows        \u2502                             \u2502        129,285 rows       \u2502\n\u2502          (0.82s)          \u2502                             \u2502          (0.02s)          \u2502\n\u2514\u2500\u2500\u2500\u2500\u2500\u2500\u2500\u2500\u2500\u2500\u2500\u2500\u2500\u252c\u2500\u2500\u2500\u2500\u2500\u2500\u2500\u2500\u2500\u2500\u2500\u2500\u2500\u2518                             \u2514\u2500\u2500\u2500\u2500\u2500\u2500\u2500\u2500\u2500\u2500\u2500\u2500\u2500\u252c\u2500\u2500\u2500\u2500\u2500\u2500\u2500\u2500\u2500\u2500\u2500\u2500\u2500\u2518\n\u250c\u2500\u2500\u2500\u2500\u2500\u2500\u2500\u2500\u2500\u2500\u2500\u2500\u2500\u2534\u2500\u2500\u2500\u2500\u2500\u2500\u2500\u2500\u2500\u2500\u2500\u2500\u2500\u2510                             \u250c\u2500\u2500\u2500\u2500\u2500\u2500\u2500\u2500\u2500\u2500\u2500\u2500\u2500\u2534\u2500\u2500\u2500\u2500\u2500\u2500\u2500\u2500\u2500\u2500\u2500\u2500\u2500\u2510\n\u2502         PROJECTION        \u2502                             \u2502         HASH_JOIN         \u2502\n\u2502    \u2500\u2500\u2500\u2500\u2500\u2500\u2500\u2500\u2500\u2500\u2500\u2500\u2500\u2500\u2500\u2500\u2500\u2500\u2500\u2500   \u2502                             \u2502    \u2500\u2500\u2500\u2500\u2500\u2500\u2500\u2500\u2500\u2500\u2500\u2500\u2500\u2500\u2500\u2500\u2500\u2500\u2500\u2500   \u2502\n\u2502         d_week_seq        \u2502                             \u2502      Join Type: INNER     \u2502\n\u2502        ss_store_sk        \u2502                             \u2502                           \u2502\n\u2502 CASE  WHEN ((d_day_name = \u2502                             \u2502        Conditions:        \u2502\n\u2502      'Sunday')) THEN      \u2502                             \u2502 s_store_id1 = s_store_id2 \u2502\n\u2502 (ss_sales_price) ELSE NULL\u2502                             \u2502 d_week_seq1 = (d_week_seq2\u2502\n\u2502             END           \u2502                             \u2502            - 52)          \u2502\n\u2502 CASE  WHEN ((d_day_name = \u2502                             \u2502                           \u2502\n\u2502      'Monday')) THEN      \u2502                             \u2502                           \u2502\n\u2502 (ss_sales_price) ELSE NULL\u2502                             \u2502                           \u2502\n\u2502             END           \u2502                             \u2502                           \u2502\n\u2502 CASE  WHEN ((d_day_name = \u2502                             \u2502                           \u2502\n\u2502     'Tuesday')) THEN      \u2502                             \u2502                           \u2502\n\u2502 (ss_sales_price) ELSE NULL\u2502                             \u2502                           \u2502\n\u2502             END           \u2502                             \u2502                           \u2502\n\u2502 CASE  WHEN ((d_day_name = \u2502                             \u2502                           \u2502\n\u2502    'Wednesday')) THEN     \u2502                             \u2502                           \u251c\u2500\u2500\u2500\u2500\u2500\u2500\u2500\u2500\u2500\u2500\u2500\u2500\u2500\u2500\u2500\u2500\u2500\u2500\u2500\u2500\u2500\u2500\u2500\u2500\u2500\u2500\u2500\u2500\u2500\u2500\u2500\u2500\u2500\u2500\u2500\u2500\u2500\u2500\u2500\u2500\u2500\u2500\u2500\u2500\u2500\u2500\u2500\u2500\u2500\u2500\u2500\u2500\u2500\u2500\u2500\u2500\u2500\u2500\u2500\u2500\u2500\u2500\u2500\u2500\u2500\u2500\u2500\u2500\u2500\u2500\u2500\u2500\u2510\n\u2502 (ss_sales_price) ELSE NULL\u2502                             \u2502                           \u2502                                                                        \u2502\n\u2502             END           \u2502                             \u2502                           \u2502                                                                        \u2502\n\u2502 CASE  WHEN ((d_day_name = \u2502                             \u2502                           \u2502                                                                        \u2502\n\u2502     'Thursday')) THEN     \u2502                             \u2502                           \u2502                                                                        \u2502\n\u2502 (ss_sales_price) ELSE NULL\u2502                             \u2502                           \u2502                                                                        \u2502\n\u2502             END           \u2502                             \u2502                           \u2502                                                                        \u2502\n\u2502 CASE  WHEN ((d_day_name = \u2502                             \u2502                           \u2502                                                                        \u2502\n\u2502      'Friday')) THEN      \u2502                             \u2502                           \u2502                                                                        \u2502\n\u2502 (ss_sales_price) ELSE NULL\u2502                             \u2502                           \u2502                                                                        \u2502\n\u2502             END           \u2502                             \u2502                           \u2502                                                                        \u2502\n\u2502 CASE  WHEN ((d_day_name = \u2502                             \u2502                           \u2502                                                                        \u2502\n\u2502     'Saturday')) THEN     \u2502                             \u2502                           \u2502                                                                        \u2502\n\u2502 (ss_sales_price) ELSE NULL\u2502                             \u2502                           \u2502                                                                        \u2502\n\u2502             END           \u2502                             \u2502                           \u2502                                                                        \u2502\n\u2502                           \u2502                             \u2502                           \u2502                                                                        \u2502\n\u2502      27,504,533 rows      \u2502                             \u2502        129,285 rows       \u2502                                                                        \u2502\n\u2502          (0.57s)          \u2502                             \u2502          (0.00s)          \u2502                                                                        \u2502\n\u2514\u2500\u2500\u2500\u2500\u2500\u2500\u2500\u2500\u2500\u2500\u2500\u2500\u2500\u252c\u2500\u2500\u2500\u2500\u2500\u2500\u2500\u2500\u2500\u2500\u2500\u2500\u2500\u2518                             \u2514\u2500\u2500\u2500\u2500\u2500\u2500\u2500\u2500\u2500\u2500\u2500\u2500\u2500\u252c\u2500\u2500\u2500\u2500\u2500\u2500\u2500\u2500\u2500\u2500\u2500\u2500\u2500\u2518                                                                        \u2502\n\u250c\u2500\u2500\u2500\u2500\u2500\u2500\u2500\u2500\u2500\u2500\u2500\u2500\u2500\u2534\u2500\u2500\u2500\u2500\u2500\u2500\u2500\u2500\u2500\u2500\u2500\u2500\u2500\u2510                             \u250c\u2500\u2500\u2500\u2500\u2500\u2500\u2500\u2500\u2500\u2500\u2500\u2500\u2500\u2534\u2500\u2500\u2500\u2500\u2500\u2500\u2500\u2500\u2500\u2500\u2500\u2500\u2500\u2510                                                          \u250c\u2500\u2500\u2500\u2500\u2500\u2500\u2500\u2500\u2500\u2500\u2500\u2500\u2500\u2534\u2500\u2500\u2500\u2500\u2500\u2500\u2500\u2500\u2500\u2500\u2500\u2500\u2500\u2510\n\u2502         PROJECTION        \u2502                             \u2502         PROJECTION        \u2502                                                          \u2502         PROJECTION        \u2502\n\u2502    \u2500\u2500\u2500\u2500\u2500\u2500\u2500\u2500\u2500\u2500\u2500\u2500\u2500\u2500\u2500\u2500\u2500\u2500\u2500\u2500   \u2502                             \u2502    \u2500\u2500\u2500\u2500\u2500\u2500\u2500\u2500\u2500\u2500\u2500\u2500\u2500\u2500\u2500\u2500\u2500\u2500\u2500\u2500   \u2502                                                          \u2502    \u2500\u2500\u2500\u2500\u2500\u2500\u2500\u2500\u2500\u2500\u2500\u2500\u2500\u2500\u2500\u2500\u2500\u2500\u2500\u2500   \u2502\n\u2502__internal_compress_integra\u2502                             \u2502       s_store_name1       \u2502                                                          \u2502        d_week_seq2        \u2502\n\u2502     l_utinyint(#0, 1)     \u2502                             \u2502        d_week_seq1        \u2502                                                          \u2502        s_store_id2        \u2502\n\u2502             #1            \u2502                             \u2502        s_store_id1        \u2502                                                          \u2502         sun_sales2        \u2502\n\u2502__internal_compress_integra\u2502                             \u2502         sun_sales1        \u2502                                                          \u2502         mon_sales2        \u2502\n\u2502     l_usmallint(#2, 1)    \u2502                             \u2502         mon_sales1        \u2502                                                          \u2502         tue_sales2        \u2502\n\u2502             #3            \u2502                             \u2502         tue_sales1        \u2502                                                          \u2502         wed_sales2        \u2502\n\u2502                           \u2502                             \u2502         wed_sales1        \u2502                                                          \u2502         thu_sales2        \u2502\n\u2502                           \u2502                             \u2502         thu_sales1        \u2502                                                          \u2502         fri_sales2        \u2502\n\u2502                           \u2502                             \u2502         fri_sales1        \u2502                                                          \u2502         sat_sales2        \u2502\n\u2502                           \u2502                             \u2502         sat_sales1        \u2502                                                          \u2502                           \u2502\n\u2502                           \u2502                             \u2502                           \u2502                                                          \u2502                           \u2502\n\u2502      27,504,533 rows      \u2502                             \u2502        18,666 rows        \u2502                                                          \u2502        18,615 rows        \u2502\n\u2502          (0.04s)          \u2502                             \u2502          (0.00s)          \u2502                                                          \u2502          (0.00s)          \u2502\n\u2514\u2500\u2500\u2500\u2500\u2500\u2500\u2500\u2500\u2500\u2500\u2500\u2500\u2500\u252c\u2500\u2500\u2500\u2500\u2500\u2500\u2500\u2500\u2500\u2500\u2500\u2500\u2500\u2518                             \u2514\u2500\u2500\u2500\u2500\u2500\u2500\u2500\u2500\u2500\u2500\u2500\u2500\u2500\u252c\u2500\u2500\u2500\u2500\u2500\u2500\u2500\u2500\u2500\u2500\u2500\u2500\u2500\u2518                                                          \u2514\u2500\u2500\u2500\u2500\u2500\u2500\u2500\u2500\u2500\u2500\u2500\u2500\u2500\u252c\u2500\u2500\u2500\u2500\u2500\u2500\u2500\u2500\u2500\u2500\u2500\u2500\u2500\u2518\n\u250c\u2500\u2500\u2500\u2500\u2500\u2500\u2500\u2500\u2500\u2500\u2500\u2500\u2500\u2534\u2500\u2500\u2500\u2500\u2500\u2500\u2500\u2500\u2500\u2500\u2500\u2500\u2500\u2510                             \u250c\u2500\u2500\u2500\u2500\u2500\u2500\u2500\u2500\u2500\u2500\u2500\u2500\u2500\u2534\u2500\u2500\u2500\u2500\u2500\u2500\u2500\u2500\u2500\u2500\u2500\u2500\u2500\u2510                                                          \u250c\u2500\u2500\u2500\u2500\u2500\u2500\u2500\u2500\u2500\u2500\u2500\u2500\u2500\u2534\u2500\u2500\u2500\u2500\u2500\u2500\u2500\u2500\u2500\u2500\u2500\u2500\u2500\u2510\n\u2502         HASH_JOIN         \u2502                             \u2502         HASH_JOIN         \u2502                                                          \u2502         HASH_JOIN         \u2502\n\u2502    \u2500\u2500\u2500\u2500\u2500\u2500\u2500\u2500\u2500\u2500\u2500\u2500\u2500\u2500\u2500\u2500\u2500\u2500\u2500\u2500   \u2502                             \u2502    \u2500\u2500\u2500\u2500\u2500\u2500\u2500\u2500\u2500\u2500\u2500\u2500\u2500\u2500\u2500\u2500\u2500\u2500\u2500\u2500   \u2502                                                          \u2502    \u2500\u2500\u2500\u2500\u2500\u2500\u2500\u2500\u2500\u2500\u2500\u2500\u2500\u2500\u2500\u2500\u2500\u2500\u2500\u2500   \u2502\n\u2502      Join Type: INNER     \u2502                             \u2502      Join Type: INNER     \u2502                                                          \u2502      Join Type: INNER     \u2502\n\u2502                           \u2502                             \u2502                           \u2502                                                          \u2502                           \u2502\n\u2502        Conditions:        \u251c\u2500\u2500\u2500\u2500\u2500\u2500\u2500\u2500\u2500\u2500\u2500\u2500\u2500\u2500\u2510              \u2502        Conditions:        \u251c\u2500\u2500\u2500\u2500\u2500\u2500\u2500\u2500\u2500\u2500\u2500\u2500\u2500\u2500\u2510                                           \u2502        Conditions:        \u251c\u2500\u2500\u2500\u2500\u2500\u2500\u2500\u2500\u2500\u2500\u2500\u2500\u2500\u2500\u2510\n\u2502ss_sold_date_sk = d_date_sk\u2502              \u2502              \u2502  d_week_seq = d_week_seq  \u2502              \u2502                                           \u2502  d_week_seq = d_week_seq  \u2502              \u2502\n\u2502                           \u2502              \u2502              \u2502                           \u2502              \u2502                                           \u2502                           \u2502              \u2502\n\u2502      27,504,533 rows      \u2502              \u2502              \u2502        18,666 rows        \u2502              \u2502                                           \u2502        18,615 rows        \u2502              \u2502\n\u2502          (0.04s)          \u2502              \u2502              \u2502          (0.00s)          \u2502              \u2502                                           \u2502          (0.00s)          \u2502              \u2502\n\u2514\u2500\u2500\u2500\u2500\u2500\u2500\u2500\u2500\u2500\u2500\u2500\u2500\u2500\u252c\u2500\u2500\u2500\u2500\u2500\u2500\u2500\u2500\u2500\u2500\u2500\u2500\u2500\u2518              \u2502              \u2514\u2500\u2500\u2500\u2500\u2500\u2500\u2500\u2500\u2500\u2500\u2500\u2500\u2500\u252c\u2500\u2500\u2500\u2500\u2500\u2500\u2500\u2500\u2500\u2500\u2500\u2500\u2500\u2518              \u2502                                           \u2514\u2500\u2500\u2500\u2500\u2500\u2500\u2500\u2500\u2500\u2500\u2500\u2500\u2500\u252c\u2500\u2500\u2500\u2500\u2500\u2500\u2500\u2500\u2500\u2500\u2500\u2500\u2500\u2518              \u2502\n\u250c\u2500\u2500\u2500\u2500\u2500\u2500\u2500\u2500\u2500\u2500\u2500\u2500\u2500\u2534\u2500\u2500\u2500\u2500\u2500\u2500\u2500\u2500\u2500\u2500\u2500\u2500\u2500\u2510\u250c\u2500\u2500\u2500\u2500\u2500\u2500\u2500\u2500\u2500\u2500\u2500\u2500\u2500\u2534\u2500\u2500\u2500\u2500\u2500\u2500\u2500\u2500\u2500\u2500\u2500\u2500\u2500\u2510\u250c\u2500\u2500\u2500\u2500\u2500\u2500\u2500\u2500\u2500\u2500\u2500\u2500\u2500\u2534\u2500\u2500\u2500\u2500\u2500\u2500\u2500\u2500\u2500\u2500\u2500\u2500\u2500\u2510\u250c\u2500\u2500\u2500\u2500\u2500\u2500\u2500\u2500\u2500\u2500\u2500\u2500\u2500\u2534\u2500\u2500\u2500\u2500\u2500\u2500\u2500\u2500\u2500\u2500\u2500\u2500\u2500\u2510                             \u250c\u2500\u2500\u2500\u2500\u2500\u2500\u2500\u2500\u2500\u2500\u2500\u2500\u2500\u2534\u2500\u2500\u2500\u2500\u2500\u2500\u2500\u2500\u2500\u2500\u2500\u2500\u2500\u2510\u250c\u2500\u2500\u2500\u2500\u2500\u2500\u2500\u2500\u2500\u2500\u2500\u2500\u2500\u2534\u2500\u2500\u2500\u2500\u2500\u2500\u2500\u2500\u2500\u2500\u2500\u2500\u2500\u2510\n\u2502         TABLE_SCAN        \u2502\u2502         TABLE_SCAN        \u2502\u2502         TABLE_SCAN        \u2502\u2502         HASH_JOIN         \u2502                             \u2502         TABLE_SCAN        \u2502\u2502         HASH_JOIN         \u2502\n\u2502    \u2500\u2500\u2500\u2500\u2500\u2500\u2500\u2500\u2500\u2500\u2500\u2500\u2500\u2500\u2500\u2500\u2500\u2500\u2500\u2500   \u2502\u2502    \u2500\u2500\u2500\u2500\u2500\u2500\u2500\u2500\u2500\u2500\u2500\u2500\u2500\u2500\u2500\u2500\u2500\u2500\u2500\u2500   \u2502\u2502    \u2500\u2500\u2500\u2500\u2500\u2500\u2500\u2500\u2500\u2500\u2500\u2500\u2500\u2500\u2500\u2500\u2500\u2500\u2500\u2500   \u2502\u2502    \u2500\u2500\u2500\u2500\u2500\u2500\u2500\u2500\u2500\u2500\u2500\u2500\u2500\u2500\u2500\u2500\u2500\u2500\u2500\u2500   \u2502                             \u2502    \u2500\u2500\u2500\u2500\u2500\u2500\u2500\u2500\u2500\u2500\u2500\u2500\u2500\u2500\u2500\u2500\u2500\u2500\u2500\u2500   \u2502\u2502    \u2500\u2500\u2500\u2500\u2500\u2500\u2500\u2500\u2500\u2500\u2500\u2500\u2500\u2500\u2500\u2500\u2500\u2500\u2500\u2500   \u2502\n\u2502     Table: store_sales    \u2502\u2502      Table: date_dim      \u2502\u2502      Table: date_dim      \u2502\u2502      Join Type: INNER     \u2502                             \u2502      Table: date_dim      \u2502\u2502      Join Type: INNER     \u2502\n\u2502   Type: Sequential Scan   \u2502\u2502   Type: Sequential Scan   \u2502\u2502   Type: Sequential Scan   \u2502\u2502                           \u2502                             \u2502   Type: Sequential Scan   \u2502\u2502                           \u2502\n\u2502                           \u2502\u2502                           \u2502\u2502                           \u2502\u2502        Conditions:        \u2502                             \u2502                           \u2502\u2502        Conditions:        \u2502\n\u2502        Projections:       \u2502\u2502        Projections:       \u2502\u2502          Filters:         \u2502\u2502  ss_store_sk = s_store_sk \u2502                             \u2502          Filters:         \u2502\u2502  ss_store_sk = s_store_sk \u2502\n\u2502      ss_sold_date_sk      \u2502\u2502         d_date_sk         \u2502\u2502   d_month_seq>=1196 AND   \u2502\u2502                           \u2502                             \u2502   d_month_seq>=1208 AND   \u2502\u2502                           \u2502\n\u2502        ss_store_sk        \u2502\u2502         d_week_seq        \u2502\u2502      d_month_seq<=1207    \u2502\u2502                           \u2502                             \u2502      d_month_seq<=1219    \u2502\u2502                           \u2502\n\u2502       ss_sales_price      \u2502\u2502         d_day_name        \u2502\u2502                           \u2502\u2502                           \u251c\u2500\u2500\u2500\u2500\u2500\u2500\u2500\u2500\u2500\u2500\u2500\u2500\u2500\u2500\u2510              \u2502                           \u2502\u2502                           \u251c\u2500\u2500\u2500\u2500\u2500\u2500\u2500\u2500\u2500\u2500\u2500\u2500\u2500\u2500\u2510\n\u2502                           \u2502\u2502                           \u2502\u2502                           \u2502\u2502                           \u2502              \u2502              \u2502                           \u2502\u2502                           \u2502              \u2502\n\u2502                           \u2502\u2502          Filters:         \u2502\u2502                           \u2502\u2502                           \u2502              \u2502              \u2502                           \u2502\u2502                           \u2502              \u2502\n\u2502                           \u2502\u2502   d_date_sk>=2450816 AND  \u2502\u2502                           \u2502\u2502                           \u2502              \u2502              \u2502                           \u2502\u2502                           \u2502              \u2502\n\u2502                           \u2502\u2502     d_date_sk<=2452642    \u2502\u2502                           \u2502\u2502                           \u2502              \u2502              \u2502                           \u2502\u2502                           \u2502              \u2502\n\u2502                           \u2502\u2502                           \u2502\u2502                           \u2502\u2502                           \u2502              \u2502              \u2502                           \u2502\u2502                           \u2502              \u2502\n\u2502      27,504,533 rows      \u2502\u2502         1,827 rows        \u2502\u2502          366 rows         \u2502\u2502        13,362 rows        \u2502              \u2502              \u2502          365 rows         \u2502\u2502        13,362 rows        \u2502              \u2502\n\u2502          (10.94s)         \u2502\u2502          (0.00s)          \u2502\u2502          (0.00s)          \u2502\u2502          (0.00s)          \u2502              \u2502              \u2502          (0.00s)          \u2502\u2502          (0.00s)          \u2502              \u2502\n\u2514\u2500\u2500\u2500\u2500\u2500\u2500\u2500\u2500\u2500\u2500\u2500\u2500\u2500\u2500\u2500\u2500\u2500\u2500\u2500\u2500\u2500\u2500\u2500\u2500\u2500\u2500\u2500\u2518\u2514\u2500\u2500\u2500\u2500\u2500\u2500\u2500\u2500\u2500\u2500\u2500\u2500\u2500\u2500\u2500\u2500\u2500\u2500\u2500\u2500\u2500\u2500\u2500\u2500\u2500\u2500\u2500\u2518\u2514\u2500\u2500\u2500\u2500\u2500\u2500\u2500\u2500\u2500\u2500\u2500\u2500\u2500\u2500\u2500\u2500\u2500\u2500\u2500\u2500\u2500\u2500\u2500\u2500\u2500\u2500\u2500\u2518\u2514\u2500\u2500\u2500\u2500\u2500\u2500\u2500\u2500\u2500\u2500\u2500\u2500\u2500\u252c\u2500\u2500\u2500\u2500\u2500\u2500\u2500\u2500\u2500\u2500\u2500\u2500\u2500\u2518              \u2502              \u2514\u2500\u2500\u2500\u2500\u2500\u2500\u2500\u2500\u2500\u2500\u2500\u2500\u2500\u2500\u2500\u2500\u2500\u2500\u2500\u2500\u2500\u2500\u2500\u2500\u2500\u2500\u2500\u2518\u2514\u2500\u2500\u2500\u2500\u2500\u2500\u2500\u2500\u2500\u2500\u2500\u2500\u2500\u252c\u2500\u2500\u2500\u2500\u2500\u2500\u2500\u2500\u2500\u2500\u2500\u2500\u2500\u2518              \u2502\n                                                                                       \u250c\u2500\u2500\u2500\u2500\u2500\u2500\u2500\u2500\u2500\u2500\u2500\u2500\u2500\u2534\u2500\u2500\u2500\u2500\u2500\u2500\u2500\u2500\u2500\u2500\u2500\u2500\u2500\u2510\u250c\u2500\u2500\u2500\u2500\u2500\u2500\u2500\u2500\u2500\u2500\u2500\u2500\u2500\u2534\u2500\u2500\u2500\u2500\u2500\u2500\u2500\u2500\u2500\u2500\u2500\u2500\u2500\u2510                             \u250c\u2500\u2500\u2500\u2500\u2500\u2500\u2500\u2500\u2500\u2500\u2500\u2500\u2500\u2534\u2500\u2500\u2500\u2500\u2500\u2500\u2500\u2500\u2500\u2500\u2500\u2500\u2500\u2510\u250c\u2500\u2500\u2500\u2500\u2500\u2500\u2500\u2500\u2500\u2500\u2500\u2500\u2500\u2534\u2500\u2500\u2500\u2500\u2500\u2500\u2500\u2500\u2500\u2500\u2500\u2500\u2500\u2510\n                                                                                       \u2502          CTE_SCAN         \u2502\u2502         TABLE_SCAN        \u2502                             \u2502          CTE_SCAN         \u2502\u2502         TABLE_SCAN        \u2502\n                                                                                       \u2502    \u2500\u2500\u2500\u2500\u2500\u2500\u2500\u2500\u2500\u2500\u2500\u2500\u2500\u2500\u2500\u2500\u2500\u2500\u2500\u2500   \u2502\u2502    \u2500\u2500\u2500\u2500\u2500\u2500\u2500\u2500\u2500\u2500\u2500\u2500\u2500\u2500\u2500\u2500\u2500\u2500\u2500\u2500   \u2502                             \u2502    \u2500\u2500\u2500\u2500\u2500\u2500\u2500\u2500\u2500\u2500\u2500\u2500\u2500\u2500\u2500\u2500\u2500\u2500\u2500\u2500   \u2502\u2502    \u2500\u2500\u2500\u2500\u2500\u2500\u2500\u2500\u2500\u2500\u2500\u2500\u2500\u2500\u2500\u2500\u2500\u2500\u2500\u2500   \u2502\n                                                                                       \u2502        CTE Index: 0       \u2502\u2502        Table: store       \u2502                             \u2502        CTE Index: 0       \u2502\u2502        Table: store       \u2502\n                                                                                       \u2502                           \u2502\u2502   Type: Sequential Scan   \u2502                             \u2502                           \u2502\u2502   Type: Sequential Scan   \u2502\n                                                                                       \u2502                           \u2502\u2502                           \u2502                             \u2502                           \u2502\u2502                           \u2502\n                                                                                       \u2502        13,624 rows        \u2502\u2502          102 rows         \u2502                             \u2502        13,624 rows        \u2502\u2502          102 rows         \u2502\n                                                                                       \u2502          (0.00s)          \u2502\u2502          (0.00s)          \u2502                             \u2502          (0.00s)          \u2502\u2502          (0.00s)          \u2502\n                                                                                       \u2514\u2500\u2500\u2500\u2500\u2500\u2500\u2500\u2500\u2500\u2500\u2500\u2500\u2500\u2500\u2500\u2500\u2500\u2500\u2500\u2500\u2500\u2500\u2500\u2500\u2500\u2500\u2500\u2518\u2514\u2500\u2500\u2500\u2500\u2500\u2500\u2500\u2500\u2500\u2500\u2500\u2500\u2500\u2500\u2500\u2500\u2500\u2500\u2500\u2500\u2500\u2500\u2500\u2500\u2500\u2500\u2500\u2518                             \u2514\u2500\u2500\u2500\u2500\u2500\u2500\u2500\u2500\u2500\u2500\u2500\u2500\u2500\u2500\u2500\u2500\u2500\u2500\u2500\u2500\u2500\u2500\u2500\u2500\u2500\u2500\u2500\u2518\u2514\u2500\u2500\u2500\u2500\u2500\u2500\u2500\u2500\u2500\u2500\u2500\u2500\u2500\u2500\u2500\u2500\u2500\u2500\u2500\u2500\u2500\u2500\u2500\u2500\u2500\u2500\u2500\u2518\n",
  "plan_json": {
    "total_bytes_written": 0,
    "total_bytes_read": 0,
    "rows_returned": 0,
    "latency": 0.0,
    "result_set_size": 0,
    "query_name": "",
    "blocked_thread_time": 0.0,
    "system_peak_buffer_memory": 0,
    "system_peak_temp_dir_size": 0,
    "cpu_time": 0.0,
    "extra_info": {},
    "cumulative_cardinality": 0,
    "cumulative_rows_scanned": 0,
    "children": [
      {
        "total_bytes_written": 0,
        "total_bytes_read": 0,
        "result_set_size": 0,
        "operator_name": "EXPLAIN_ANALYZE",
        "cpu_time": 0.0,
        "extra_info": {},
        "cumulative_cardinality": 0,
        "operator_type": "EXPLAIN_ANALYZE",
        "operator_cardinality": 0,
        "cumulative_rows_scanned": 0,
        "operator_rows_scanned": 0,
        "operator_timing": 3.2e-07,
        "children": [
          {
            "total_bytes_written": 0,
            "total_bytes_read": 0,
            "result_set_size": 0,
            "operator_name": "CTE",
            "cpu_time": 0.0,
            "extra_info": {
              "CTE Name": "wss",
              "Table Index": "0",
              "Estimated Cardinality": "100"
            },
            "cumulative_cardinality": 0,
            "operator_type": "CTE",
            "operator_cardinality": 0,
            "cumulative_rows_scanned": 0,
            "operator_rows_scanned": 0,
            "operator_timing": 0.00045649899999999997,
            "children": [
              {
                "total_bytes_written": 0,
                "total_bytes_read": 0,
                "result_set_size": 1634880,
                "operator_name": "PROJECTION",
                "cpu_time": 0.0,
                "extra_info": {
                  "Projections": [
                    "__internal_decompress_integral_integer(#0, 1)",
                    "__internal_decompress_integral_integer(#1, 1)",
                    "#2",
                    "#3",
                    "#4",
                    "#5",
                    "#6",
                    "#7",
                    "#8"
                  ],
                  "Estimated Cardinality": "2979"
                },
                "cumulative_cardinality": 0,
                "operator_type": "PROJECTION",
                "operator_cardinality": 13624,
                "cumulative_rows_scanned": 0,
                "operator_rows_scanned": 0,
                "operator_timing": 9.835899999999998e-05,
                "children": [
                  {
                    "total_bytes_written": 0,
                    "total_bytes_read": 0,
                    "result_set_size": 1566760,
                    "operator_name": "HASH_GROUP_BY",
                    "cpu_time": 0.0,
                    "extra_info": {
                      "Groups": [
                        "#0",
                        "#1"
                      ],
                      "Aggregates": [
                        "sum(#2)",
                        "sum(#3)",
                        "sum(#4)",
                        "sum(#5)",
                        "sum(#6)",
                        "sum(#7)",
                        "sum(#8)"
                      ],
                      "Estimated Cardinality": "2979"
                    },
                    "cumulative_cardinality": 0,
                    "operator_type": "HASH_GROUP_BY",
                    "operator_cardinality": 13624,
                    "cumulative_rows_scanned": 0,
                    "operator_rows_scanned": 0,
                    "operator_timing": 1.3339960509999995,
                    "children": [
                      {
                        "total_bytes_written": 0,
                        "total_bytes_read": 0,
                        "result_set_size": 852640523,
                        "operator_name": "PROJECTION",
                        "cpu_time": 0.0,
                        "extra_info": {
                          "Projections": [
                            "d_week_seq",
                            "ss_store_sk",
                            "CASE  WHEN ((d_day_name = 'Sunday')) THEN (ss_sales_price) ELSE NULL END",
                            "CASE  WHEN ((d_day_name = 'Monday')) THEN (ss_sales_price) ELSE NULL END",
                            "CASE  WHEN ((d_day_name = 'Tuesday')) THEN (ss_sales_price) ELSE NULL END",
                            "CASE  WHEN ((d_day_name = 'Wednesday')) THEN (ss_sales_price) ELSE NULL END",
                            "CASE  WHEN ((d_day_name = 'Thursday')) THEN (ss_sales_price) ELSE NULL END",
                            "CASE  WHEN ((d_day_name = 'Friday')) THEN (ss_sales_price) ELSE NULL END",
                            "CASE  WHEN ((d_day_name = 'Saturday')) THEN (ss_sales_price) ELSE NULL END"
                          ],
                          "Estimated Cardinality": "28800991"
                        },
                        "cumulative_cardinality": 0,
                        "operator_type": "PROJECTION",
                        "operator_cardinality": 27504533,
                        "cumulative_rows_scanned": 0,
                        "operator_rows_scanned": 0,
                        "operator_timing": 1.076947591,
                        "children": [
                          {
                            "total_bytes_written": 0,
                            "total_bytes_read": 0,
                            "result_set_size": 632604259,
                            "operator_name": "PROJECTION",
                            "cpu_time": 0.0,
                            "extra_info": {
                              "Projections": [
                                "__internal_compress_integral_utinyint(#0, 1)",
                                "#1",
                                "__internal_compress_integral_usmallint(#2, 1)",
                                "#3"
                              ],
                              "Estimated Cardinality": "28800991"
                            },
                            "cumulative_cardinality": 0,
                            "operator_type": "PROJECTION",
                            "operator_cardinality": 27504533,
                            "cumulative_rows_scanned": 0,
                            "operator_rows_scanned": 0,
                            "operator_timing": 0.084686542,
                            "children": [
                              {
                                "total_bytes_written": 0,
                                "total_bytes_read": 0,
                                "result_set_size": 770126924,
                                "operator_name": "HASH_JOIN",
                                "cpu_time": 0.0,
                                "extra_info": {
                                  "Join Type": "INNER",
                                  "Conditions": "ss_sold_date_sk = d_date_sk",
                                  "Estimated Cardinality": "28800991"
                                },
                                "cumulative_cardinality": 0,
                                "operator_type": "HASH_JOIN",
                                "operator_cardinality": 27504533,
                                "cumulative_rows_scanned": 0,
                                "operator_rows_scanned": 0,
                                "operator_timing": 0.07909312300000002,
                                "children": [
                                  {
                                    "total_bytes_written": 0,
                                    "total_bytes_read": 0,
                                    "result_set_size": 330054396,
                                    "operator_name": "SEQ_SCAN ",
                                    "cpu_time": 0.0,
                                    "extra_info": {
                                      "Table": "store_sales",
                                      "Type": "Sequential Scan",
                                      "Projections": [
                                        "ss_sold_date_sk",
                                        "ss_store_sk",
                                        "ss_sales_price"
                                      ],
                                      "Estimated Cardinality": "28800991"
                                    },
                                    "cumulative_cardinality": 0,
                                    "operator_type": "TABLE_SCAN",
                                    "operator_cardinality": 27504533,
                                    "cumulative_rows_scanned": 0,
                                    "operator_rows_scanned": 806427748,
                                    "operator_timing": 0.245753657,
                                    "children": []
                                  },
                                  {
                                    "total_bytes_written": 0,
                                    "total_bytes_read": 0,
                                    "result_set_size": 43848,
                                    "operator_name": "SEQ_SCAN ",
                                    "cpu_time": 0.0,
                                    "extra_info": {
                                      "Table": "date_dim",
                                      "Type": "Sequential Scan",
                                      "Projections": [
                                        "d_date_sk",
                                        "d_week_seq",
                                        "d_day_name"
                                      ],
                                      "Filters": "d_date_sk>=2450816 AND d_date_sk<=2452642",
                                      "Estimated Cardinality": "73049"
                                    },
                                    "cumulative_cardinality": 0,
                                    "operator_type": "TABLE_SCAN",
                                    "operator_cardinality": 1827,
                                    "cumulative_rows_scanned": 0,
                                    "operator_rows_scanned": 73049,
                                    "operator_timing": 0.000132195,
                                    "children": []
                                  }
                                ]
                              }
                            ]
                          }
                        ]
                      }
                    ]
                  }
                ]
              },
              {
                "total_bytes_written": 0,
                "total_bytes_read": 0,
                "result_set_size": 9200,
                "operator_name": "TOP_N",
                "cpu_time": 0.0,
                "extra_info": {
                  "Top": "100",
                  "Order By": [
                    "y.s_store_name1 ASC",
                    "y.s_store_id1 ASC",
                    "y.d_week_seq1 ASC"
                  ]
                },
                "cumulative_cardinality": 0,
                "operator_type": "TOP_N",
                "operator_cardinality": 100,
                "cumulative_rows_scanned": 0,
                "operator_rows_scanned": 0,
                "operator_timing": 0.0009542599999999999,
                "children": [
                  {
                    "total_bytes_written": 0,
                    "total_bytes_read": 0,
                    "result_set_size": 11894220,
                    "operator_name": "PROJECTION",
                    "cpu_time": 0.0,
                    "extra_info": {
                      "Projections": [
                        "s_store_name1",
                        "s_store_id1",
                        "d_week_seq1",
                        "(CAST(sun_sales1 AS DOUBLE) / CAST(sun_sales2 AS DOUBLE))",
                        "(CAST(mon_sales1 AS DOUBLE) / CAST(mon_sales2 AS DOUBLE))",
                        "(CAST(tue_sales1 AS DOUBLE) / CAST(tue_sales2 AS DOUBLE))",
                        "(CAST(wed_sales1 AS DOUBLE) / CAST(wed_sales2 AS DOUBLE))",
                        "(CAST(thu_sales1 AS DOUBLE) / CAST(thu_sales2 AS DOUBLE))",
                        "(CAST(fri_sales1 AS DOUBLE) / CAST(fri_sales2 AS DOUBLE))",
                        "(CAST(sat_sales1 AS DOUBLE) / CAST(sat_sales2 AS DOUBLE))"
                      ],
                      "Estimated Cardinality": "41088"
                    },
                    "cumulative_cardinality": 0,
                    "operator_type": "PROJECTION",
                    "operator_cardinality": 129285,
                    "cumulative_rows_scanned": 0,
                    "operator_rows_scanned": 0,
                    "operator_timing": 0.018277328999999995,
                    "children": [
                      {
                        "total_bytes_written": 0,
                        "total_bytes_read": 0,
                        "result_set_size": 33614100,
                        "operator_name": "HASH_JOIN",
                        "cpu_time": 0.0,
                        "extra_info": {
                          "Join Type": "INNER",
                          "Conditions": [
                            "s_store_id1 = s_store_id2",
                            "d_week_seq1 = (d_week_seq2 - 52)"
                          ],
                          "Estimated Cardinality": "41088"
                        },
                        "cumulative_cardinality": 0,
                        "operator_type": "HASH_JOIN",
                        "operator_cardinality": 129285,
                        "cumulative_rows_scanned": 0,
                        "operator_rows_scanned": 0,
                        "operator_timing": 0.0029256580000000007,
                        "children": [
                          {
                            "total_bytes_written": 0,
                            "total_bytes_read": 0,
                            "result_set_size": 2762568,
                            "operator_name": "PROJECTION",
                            "cpu_time": 0.0,
                            "extra_info": {
                              "Projections": [
                                "s_store_name1",
                                "d_week_seq1",
                                "s_store_id1",
                                "sun_sales1",
                                "mon_sales1",
                                "tue_sales1",
                                "wed_sales1",
                                "thu_sales1",
                                "fri_sales1",
                                "sat_sales1"
                              ],
                              "Estimated Cardinality": "12788"
                            },
                            "cumulative_cardinality": 0,
                            "operator_type": "PROJECTION",
                            "operator_cardinality": 18666,
                            "cumulative_rows_scanned": 0,
                            "operator_rows_scanned": 0,
                            "operator_timing": 4.497e-06,
                            "children": [
                              {
                                "total_bytes_written": 0,
                                "total_bytes_read": 0,
                                "result_set_size": 2911896,
                                "operator_name": "HASH_JOIN",
                                "cpu_time": 0.0,
                                "extra_info": {
                                  "Join Type": "INNER",
                                  "Conditions": "d_week_seq = d_week_seq",
                                  "Estimated Cardinality": "12788"
                                },
                                "cumulative_cardinality": 0,
                                "operator_type": "HASH_JOIN",
                                "operator_cardinality": 18666,
                                "cumulative_rows_scanned": 0,
                                "operator_rows_scanned": 0,
                                "operator_timing": 0.005855057,
                                "children": [
                                  {
                                    "total_bytes_written": 0,
                                    "total_bytes_read": 0,
                                    "result_set_size": 2928,
                                    "operator_name": "SEQ_SCAN ",
                                    "cpu_time": 0.0,
                                    "extra_info": {
                                      "Table": "date_dim",
                                      "Type": "Sequential Scan",
                                      "Projections": "",
                                      "Filters": "d_month_seq>=1196 AND d_month_seq<=1207",
                                      "Estimated Cardinality": "14609"
                                    },
                                    "cumulative_cardinality": 0,
                                    "operator_type": "TABLE_SCAN",
                                    "operator_cardinality": 366,
                                    "cumulative_rows_scanned": 0,
                                    "operator_rows_scanned": 73049,
                                    "operator_timing": 0.000124747,
                                    "children": []
                                  },
                                  {
                                    "total_bytes_written": 0,
                                    "total_bytes_read": 0,
                                    "result_set_size": 1977576,
                                    "operator_name": "HASH_JOIN",
                                    "cpu_time": 0.0,
                                    "extra_info": {
                                      "Join Type": "INNER",
                                      "Conditions": "ss_store_sk = s_store_sk",
                                      "Estimated Cardinality": "3038"
                                    },
                                    "cumulative_cardinality": 0,
                                    "operator_type": "HASH_JOIN",
                                    "operator_cardinality": 13362,
                                    "cumulative_rows_scanned": 0,
                                    "operator_rows_scanned": 0,
                                    "operator_timing": 0.006388657999999999,
                                    "children": [
                                      {
                                        "total_bytes_written": 0,
                                        "total_bytes_read": 0,
                                        "result_set_size": 1634880,
                                        "operator_name": "CTE_SCAN",
                                        "cpu_time": 0.0,
                                        "extra_info": {
                                          "CTE Index": "0",
                                          "Estimated Cardinality": "2979"
                                        },
                                        "cumulative_cardinality": 0,
                                        "operator_type": "CTE_SCAN",
                                        "operator_cardinality": 13624,
                                        "cumulative_rows_scanned": 0,
                                        "operator_rows_scanned": 0,
                                        "operator_timing": 9.186599999999999e-05,
                                        "children": []
                                      },
                                      {
                                        "total_bytes_written": 0,
                                        "total_bytes_read": 0,
                                        "result_set_size": 3672,
                                        "operator_name": "SEQ_SCAN ",
                                        "cpu_time": 0.0,
                                        "extra_info": {
                                          "Table": "store",
                                          "Type": "Sequential Scan",
                                          "Projections": "",
                                          "Estimated Cardinality": "102"
                                        },
                                        "cumulative_cardinality": 0,
                                        "operator_type": "TABLE_SCAN",
                                        "operator_cardinality": 102,
                                        "cumulative_rows_scanned": 0,
                                        "operator_rows_scanned": 102,
                                        "operator_timing": 3.5819e-05,
                                        "children": []
                                      }
                                    ]
                                  }
                                ]
                              }
                            ]
                          },
                          {
                            "total_bytes_written": 0,
                            "total_bytes_read": 0,
                            "result_set_size": 2457180,
                            "operator_name": "PROJECTION",
                            "cpu_time": 0.0,
                            "extra_info": {
                              "Projections": [
                                "d_week_seq2",
                                "s_store_id2",
                                "sun_sales2",
                                "mon_sales2",
                                "tue_sales2",
                                "wed_sales2",
                                "thu_sales2",
                                "fri_sales2",
                                "sat_sales2"
                              ],
                              "Estimated Cardinality": "12788"
                            },
                            "cumulative_cardinality": 0,
                            "operator_type": "PROJECTION",
                            "operator_cardinality": 18615,
                            "cumulative_rows_scanned": 0,
                            "operator_rows_scanned": 0,
                            "operator_timing": 3.0969999999999997e-06,
                            "children": [
                              {
                                "total_bytes_written": 0,
                                "total_bytes_read": 0,
                                "result_set_size": 2606100,
                                "operator_name": "HASH_JOIN",
                                "cpu_time": 0.0,
                                "extra_info": {
                                  "Join Type": "INNER",
                                  "Conditions": "d_week_seq = d_week_seq",
                                  "Estimated Cardinality": "12788"
                                },
                                "cumulative_cardinality": 0,
                                "operator_type": "HASH_JOIN",
                                "operator_cardinality": 18615,
                                "cumulative_rows_scanned": 0,
                                "operator_rows_scanned": 0,
                                "operator_timing": 0.004739316,
                                "children": [
                                  {
                                    "total_bytes_written": 0,
                                    "total_bytes_read": 0,
                                    "result_set_size": 2920,
                                    "operator_name": "SEQ_SCAN ",
                                    "cpu_time": 0.0,
                                    "extra_info": {
                                      "Table": "date_dim",
                                      "Type": "Sequential Scan",
                                      "Projections": "",
                                      "Filters": "d_month_seq>=1208 AND d_month_seq<=1219",
                                      "Estimated Cardinality": "14609"
                                    },
                                    "cumulative_cardinality": 0,
                                    "operator_type": "TABLE_SCAN",
                                    "operator_cardinality": 365,
                                    "cumulative_rows_scanned": 0,
                                    "operator_rows_scanned": 73049,
                                    "operator_timing": 0.00014126299999999998,
                                    "children": []
                                  },
                                  {
                                    "total_bytes_written": 0,
                                    "total_bytes_read": 0,
                                    "result_set_size": 1763784,
                                    "operator_name": "HASH_JOIN",
                                    "cpu_time": 0.0,
                                    "extra_info": {
                                      "Join Type": "INNER",
                                      "Conditions": "ss_store_sk = s_store_sk",
                                      "Estimated Cardinality": "3038"
                                    },
                                    "cumulative_cardinality": 0,
                                    "operator_type": "HASH_JOIN",
                                    "operator_cardinality": 13362,
                                    "cumulative_rows_scanned": 0,
                                    "operator_rows_scanned": 0,
                                    "operator_timing": 0.006663875000000001,
                                    "children": [
                                      {
                                        "total_bytes_written": 0,
                                        "total_bytes_read": 0,
                                        "result_set_size": 1634880,
                                        "operator_name": "CTE_SCAN",
                                        "cpu_time": 0.0,
                                        "extra_info": {
                                          "CTE Index": "0",
                                          "Estimated Cardinality": "2979"
                                        },
                                        "cumulative_cardinality": 0,
                                        "operator_type": "CTE_SCAN",
                                        "operator_cardinality": 13624,
                                        "cumulative_rows_scanned": 0,
                                        "operator_rows_scanned": 0,
                                        "operator_timing": 7.240800000000002e-05,
                                        "children": []
                                      },
                                      {
                                        "total_bytes_written": 0,
                                        "total_bytes_read": 0,
                                        "result_set_size": 3672,
                                        "operator_name": "SEQ_SCAN ",
                                        "cpu_time": 0.0,
                                        "extra_info": {
                                          "Table": "store",
                                          "Type": "Sequential Scan",
                                          "Projections": "",
                                          "Estimated Cardinality": "102"
                                        },
                                        "cumulative_cardinality": 0,
                                        "operator_type": "TABLE_SCAN",
                                        "operator_cardinality": 102,
                                        "cumulative_rows_scanned": 0,
                                        "operator_rows_scanned": 102,
                                        "operator_timing": 3.443e-05,
                                        "children": []
                                      }
                                    ]
                                  }
                                ]
                              }
                            ]
                          }
                        ]
                      }
                    ]
                  }
                ]
              }
            ]
          }
        ]
      }
    ]
  },
  "actual_rows": 0,
  "collected_at": "2026-02-16T10:19:38.266652",
  "query_id": "query_59"
}