{
  "execution_time_ms": 394.0,
  "plan_text": "\u250c\u2500\u2500\u2500\u2500\u2500\u2500\u2500\u2500\u2500\u2500\u2500\u2500\u2500\u2500\u2500\u2500\u2500\u2500\u2500\u2500\u2500\u2500\u2500\u2500\u2500\u2500\u2500\u2500\u2500\u2500\u2500\u2500\u2500\u2500\u2500\u2500\u2500\u2510\n\u2502\u250c\u2500\u2500\u2500\u2500\u2500\u2500\u2500\u2500\u2500\u2500\u2500\u2500\u2500\u2500\u2500\u2500\u2500\u2500\u2500\u2500\u2500\u2500\u2500\u2500\u2500\u2500\u2500\u2500\u2500\u2500\u2500\u2500\u2500\u2500\u2500\u2510\u2502\n\u2502\u2502    Query Profiling Information    \u2502\u2502\n\u2502\u2514\u2500\u2500\u2500\u2500\u2500\u2500\u2500\u2500\u2500\u2500\u2500\u2500\u2500\u2500\u2500\u2500\u2500\u2500\u2500\u2500\u2500\u2500\u2500\u2500\u2500\u2500\u2500\u2500\u2500\u2500\u2500\u2500\u2500\u2500\u2500\u2518\u2502\n\u2514\u2500\u2500\u2500\u2500\u2500\u2500\u2500\u2500\u2500\u2500\u2500\u2500\u2500\u2500\u2500\u2500\u2500\u2500\u2500\u2500\u2500\u2500\u2500\u2500\u2500\u2500\u2500\u2500\u2500\u2500\u2500\u2500\u2500\u2500\u2500\u2500\u2500\u2518\nEXPLAIN ANALYZE -- start query 72 in stream 0 using template query72.tpl select i_item_desc       ,w_warehouse_name       ,d1.d_week_seq       ,sum(case when p_promo_sk is null then 1 else 0 end) no_promo       ,sum(case when p_promo_sk is not null then 1 else 0 end) promo       ,count(*) total_cnt from catalog_sales join inventory on (cs_item_sk = inv_item_sk) join warehouse on (w_warehouse_sk=inv_warehouse_sk) join item on (i_item_sk = cs_item_sk) join customer_demographics on (cs_bill_cdemo_sk = cd_demo_sk) join household_demographics on (cs_bill_hdemo_sk = hd_demo_sk) join date_dim d1 on (cs_sold_date_sk = d1.d_date_sk) join date_dim d2 on (inv_date_sk = d2.d_date_sk) join date_dim d3 on (cs_ship_date_sk = d3.d_date_sk) left outer join promotion on (cs_promo_sk=p_promo_sk) left outer join catalog_returns on (cr_item_sk = cs_item_sk and cr_order_number = cs_order_number) where d1.d_week_seq = d2.d_week_seq   and inv_quantity_on_hand < cs_quantity    and d3.d_date > d1.d_date + 5   and hd_buy_potential = '501-1000'   and d1.d_year = 2002   and cd_marital_status = 'W' group by i_item_desc,w_warehouse_name,d1.d_week_seq order by total_cnt desc, i_item_desc, w_warehouse_name, d1.d_week_seq  LIMIT 100;  -- end query 72 in stream 0 using template query72.tpl\n\u250c\u2500\u2500\u2500\u2500\u2500\u2500\u2500\u2500\u2500\u2500\u2500\u2500\u2500\u2500\u2500\u2500\u2500\u2500\u2500\u2500\u2500\u2500\u2500\u2500\u2500\u2500\u2500\u2500\u2500\u2500\u2500\u2500\u2500\u2500\u2500\u2500\u2500\u2500\u2500\u2500\u2500\u2500\u2500\u2500\u2500\u2500\u2500\u2500\u2510\n\u2502\u250c\u2500\u2500\u2500\u2500\u2500\u2500\u2500\u2500\u2500\u2500\u2500\u2500\u2500\u2500\u2500\u2500\u2500\u2500\u2500\u2500\u2500\u2500\u2500\u2500\u2500\u2500\u2500\u2500\u2500\u2500\u2500\u2500\u2500\u2500\u2500\u2500\u2500\u2500\u2500\u2500\u2500\u2500\u2500\u2500\u2500\u2500\u2510\u2502\n\u2502\u2502              Total Time: 0.394s              \u2502\u2502\n\u2502\u2514\u2500\u2500\u2500\u2500\u2500\u2500\u2500\u2500\u2500\u2500\u2500\u2500\u2500\u2500\u2500\u2500\u2500\u2500\u2500\u2500\u2500\u2500\u2500\u2500\u2500\u2500\u2500\u2500\u2500\u2500\u2500\u2500\u2500\u2500\u2500\u2500\u2500\u2500\u2500\u2500\u2500\u2500\u2500\u2500\u2500\u2500\u2518\u2502\n\u2514\u2500\u2500\u2500\u2500\u2500\u2500\u2500\u2500\u2500\u2500\u2500\u2500\u2500\u2500\u2500\u2500\u2500\u2500\u2500\u2500\u2500\u2500\u2500\u2500\u2500\u2500\u2500\u2500\u2500\u2500\u2500\u2500\u2500\u2500\u2500\u2500\u2500\u2500\u2500\u2500\u2500\u2500\u2500\u2500\u2500\u2500\u2500\u2500\u2518\n\u250c\u2500\u2500\u2500\u2500\u2500\u2500\u2500\u2500\u2500\u2500\u2500\u2500\u2500\u2500\u2500\u2500\u2500\u2500\u2500\u2510\n\u2502       QUERY       \u2502\n\u2514\u2500\u2500\u2500\u2500\u2500\u2500\u2500\u2500\u2500\u252c\u2500\u2500\u2500\u2500\u2500\u2500\u2500\u2500\u2500\u2518\n\u250c\u2500\u2500\u2500\u2500\u2500\u2500\u2500\u2500\u2500\u2534\u2500\u2500\u2500\u2500\u2500\u2500\u2500\u2500\u2500\u2510\n\u2502  EXPLAIN_ANALYZE  \u2502\n\u2502    \u2500\u2500\u2500\u2500\u2500\u2500\u2500\u2500\u2500\u2500\u2500\u2500   \u2502\n\u2502       0 rows      \u2502\n\u2502      (0.00s)      \u2502\n\u2514\u2500\u2500\u2500\u2500\u2500\u2500\u2500\u2500\u2500\u252c\u2500\u2500\u2500\u2500\u2500\u2500\u2500\u2500\u2500\u2518\n\u250c\u2500\u2500\u2500\u2500\u2500\u2500\u2500\u2500\u2500\u2534\u2500\u2500\u2500\u2500\u2500\u2500\u2500\u2500\u2500\u2510\n\u2502       TOP_N       \u2502\n\u2502    \u2500\u2500\u2500\u2500\u2500\u2500\u2500\u2500\u2500\u2500\u2500\u2500   \u2502\n\u2502      Top: 100     \u2502\n\u2502                   \u2502\n\u2502     Order By:     \u2502\n\u2502 count_star() DESC \u2502\n\u2502 tpcds_sf10_2.main \u2502\n\u2502 .item.i_item_desc \u2502\n\u2502         ASC       \u2502\n\u2502 tpcds_sf10_2.main \u2502\n\u2502     .warehouse    \u2502\n\u2502 .w_warehouse_name \u2502\n\u2502         ASC       \u2502\n\u2502 d1.d_week_seq ASC \u2502\n\u2502                   \u2502\n\u2502      100 rows     \u2502\n\u2502      (0.00s)      \u2502\n\u2514\u2500\u2500\u2500\u2500\u2500\u2500\u2500\u2500\u2500\u252c\u2500\u2500\u2500\u2500\u2500\u2500\u2500\u2500\u2500\u2518\n\u250c\u2500\u2500\u2500\u2500\u2500\u2500\u2500\u2500\u2500\u2534\u2500\u2500\u2500\u2500\u2500\u2500\u2500\u2500\u2500\u2510\n\u2502     PROJECTION    \u2502\n\u2502    \u2500\u2500\u2500\u2500\u2500\u2500\u2500\u2500\u2500\u2500\u2500\u2500   \u2502\n\u2502         #0        \u2502\n\u2502         #1        \u2502\n\u2502__internal_decompre\u2502\n\u2502ss_integral_integer\u2502\n\u2502      (#2, 1)      \u2502\n\u2502         #3        \u2502\n\u2502         #4        \u2502\n\u2502         #5        \u2502\n\u2502                   \u2502\n\u2502    42,603 rows    \u2502\n\u2502      (0.00s)      \u2502\n\u2514\u2500\u2500\u2500\u2500\u2500\u2500\u2500\u2500\u2500\u252c\u2500\u2500\u2500\u2500\u2500\u2500\u2500\u2500\u2500\u2518\n\u250c\u2500\u2500\u2500\u2500\u2500\u2500\u2500\u2500\u2500\u2534\u2500\u2500\u2500\u2500\u2500\u2500\u2500\u2500\u2500\u2510\n\u2502   HASH_GROUP_BY   \u2502\n\u2502    \u2500\u2500\u2500\u2500\u2500\u2500\u2500\u2500\u2500\u2500\u2500\u2500   \u2502\n\u2502      Groups:      \u2502\n\u2502         #0        \u2502\n\u2502         #1        \u2502\n\u2502         #2        \u2502\n\u2502                   \u2502\n\u2502    Aggregates:    \u2502\n\u2502      sum(#3)      \u2502\n\u2502      sum(#4)      \u2502\n\u2502    count_star()   \u2502\n\u2502                   \u2502\n\u2502    42,603 rows    \u2502\n\u2502      (0.03s)      \u2502\n\u2514\u2500\u2500\u2500\u2500\u2500\u2500\u2500\u2500\u2500\u252c\u2500\u2500\u2500\u2500\u2500\u2500\u2500\u2500\u2500\u2518\n\u250c\u2500\u2500\u2500\u2500\u2500\u2500\u2500\u2500\u2500\u2534\u2500\u2500\u2500\u2500\u2500\u2500\u2500\u2500\u2500\u2510\n\u2502     PROJECTION    \u2502\n\u2502    \u2500\u2500\u2500\u2500\u2500\u2500\u2500\u2500\u2500\u2500\u2500\u2500   \u2502\n\u2502    i_item_desc    \u2502\n\u2502  w_warehouse_name \u2502\n\u2502     d_week_seq    \u2502\n\u2502    CASE  WHEN (   \u2502\n\u2502   (p_promo_sk IS  \u2502\n\u2502   NULL)) THEN (1) \u2502\n\u2502     ELSE 0 END    \u2502\n\u2502    CASE  WHEN (   \u2502\n\u2502 (p_promo_sk IS NOT\u2502\n\u2502   NULL)) THEN (1) \u2502\n\u2502     ELSE 0 END    \u2502\n\u2502                   \u2502\n\u2502    43,285 rows    \u2502\n\u2502      (0.00s)      \u2502\n\u2514\u2500\u2500\u2500\u2500\u2500\u2500\u2500\u2500\u2500\u252c\u2500\u2500\u2500\u2500\u2500\u2500\u2500\u2500\u2500\u2518\n\u250c\u2500\u2500\u2500\u2500\u2500\u2500\u2500\u2500\u2500\u2534\u2500\u2500\u2500\u2500\u2500\u2500\u2500\u2500\u2500\u2510\n\u2502     PROJECTION    \u2502\n\u2502    \u2500\u2500\u2500\u2500\u2500\u2500\u2500\u2500\u2500\u2500\u2500\u2500   \u2502\n\u2502__internal_compress\u2502\n\u2502_integral_usmallint\u2502\n\u2502      (#1, 1)      \u2502\n\u2502         #0        \u2502\n\u2502         #2        \u2502\n\u2502         #3        \u2502\n\u2502         #4        \u2502\n\u2502         #5        \u2502\n\u2502                   \u2502\n\u2502    43,285 rows    \u2502\n\u2502      (0.00s)      \u2502\n\u2514\u2500\u2500\u2500\u2500\u2500\u2500\u2500\u2500\u2500\u252c\u2500\u2500\u2500\u2500\u2500\u2500\u2500\u2500\u2500\u2518\n\u250c\u2500\u2500\u2500\u2500\u2500\u2500\u2500\u2500\u2500\u2534\u2500\u2500\u2500\u2500\u2500\u2500\u2500\u2500\u2500\u2510\n\u2502     HASH_JOIN     \u2502\n\u2502    \u2500\u2500\u2500\u2500\u2500\u2500\u2500\u2500\u2500\u2500\u2500\u2500   \u2502\n\u2502     Join Type:    \u2502\n\u2502        LEFT       \u2502\n\u2502                   \u2502\n\u2502    Conditions:    \u2502\n\u2502    cs_item_sk =   \u251c\u2500\u2500\u2500\u2500\u2500\u2500\u2500\u2500\u2500\u2500\u2500\u2500\u2500\u2500\u2500\u2500\u2500\u2500\u2500\u2500\u2500\u2500\u2500\u2500\u2500\u2500\u2500\u2500\u2500\u2500\u2500\u2500\u2500\u2500\u2500\u2500\u2500\u2500\u2500\u2500\u2500\u2500\u2500\u2500\u2500\u2500\u2500\u2500\u2500\u2500\u2500\u2500\u2500\u2500\u2500\u2500\u2500\u2500\u2500\u2500\u2500\u2500\u2500\u2500\u2500\u2500\u2500\u2500\u2500\u2500\u2500\u2500\u2500\u2500\u2500\u2500\u2500\u2500\u2500\u2500\u2500\u2500\u2500\u2500\u2500\u2500\u2500\u2500\u2500\u2500\u2500\u2500\u2500\u2500\u2500\u2500\u2500\u2500\u2500\u2500\u2500\u2500\u2500\u2500\u2500\u2500\u2500\u2500\u2500\u2500\u2500\u2500\u2500\u2500\u2500\u2500\u2500\u2500\u2500\u2500\u2500\u2500\u2500\u2500\u2500\u2500\u2500\u2500\u2500\u2500\u2500\u2500\u2500\u2500\u2500\u2500\u2500\u2500\u2500\u2500\u2500\u2500\u2500\u2500\u2500\u2500\u2500\u2500\u2500\u2500\u2500\u2500\u2500\u2500\u2500\u2500\u2500\u2500\u2500\u2500\u2500\u2500\u2500\u2500\u2500\u2500\u2500\u2500\u2500\u2500\u2500\u2500\u2500\u2500\u2500\u2500\u2500\u2500\u2500\u2500\u2500\u2500\u2500\u2500\u2500\u2500\u2500\u2500\u2500\u2500\u2500\u2500\u2500\u2500\u2500\u2500\u2500\u2500\u2500\u2510\n\u2502     cr_item_sk    \u2502                                                                                                                                                                                                       \u2502\n\u2502 cs_order_number = \u2502                                                                                                                                                                                                       \u2502\n\u2502   cr_order_number \u2502                                                                                                                                                                                                       \u2502\n\u2502                   \u2502                                                                                                                                                                                                       \u2502\n\u2502    43,285 rows    \u2502                                                                                                                                                                                                       \u2502\n\u2502      (0.13s)      \u2502                                                                                                                                                                                                       \u2502\n\u2514\u2500\u2500\u2500\u2500\u2500\u2500\u2500\u2500\u2500\u252c\u2500\u2500\u2500\u2500\u2500\u2500\u2500\u2500\u2500\u2518                                                                                                                                                                                                       \u2502\n\u250c\u2500\u2500\u2500\u2500\u2500\u2500\u2500\u2500\u2500\u2534\u2500\u2500\u2500\u2500\u2500\u2500\u2500\u2500\u2500\u2510                                                                                                                                                                                             \u250c\u2500\u2500\u2500\u2500\u2500\u2500\u2500\u2500\u2500\u2534\u2500\u2500\u2500\u2500\u2500\u2500\u2500\u2500\u2500\u2510\n\u2502     HASH_JOIN     \u2502                                                                                                                                                                                             \u2502     TABLE_SCAN    \u2502\n\u2502    \u2500\u2500\u2500\u2500\u2500\u2500\u2500\u2500\u2500\u2500\u2500\u2500   \u2502                                                                                                                                                                                             \u2502    \u2500\u2500\u2500\u2500\u2500\u2500\u2500\u2500\u2500\u2500\u2500\u2500   \u2502\n\u2502     Join Type:    \u2502                                                                                                                                                                                             \u2502       Table:      \u2502\n\u2502        LEFT       \u2502                                                                                                                                                                                             \u2502  catalog_returns  \u2502\n\u2502                   \u2502                                                                                                                                                                                             \u2502                   \u2502\n\u2502    Conditions:    \u2502                                                                                                                                                                                             \u2502       Type:       \u2502\n\u2502   cs_promo_sk =   \u2502                                                                                                                                                                                             \u2502  Sequential Scan  \u2502\n\u2502     p_promo_sk    \u251c\u2500\u2500\u2500\u2500\u2500\u2500\u2500\u2500\u2500\u2500\u2500\u2500\u2500\u2500\u2500\u2500\u2500\u2500\u2500\u2500\u2500\u2500\u2500\u2500\u2500\u2500\u2500\u2500\u2500\u2500\u2500\u2500\u2500\u2500\u2500\u2500\u2500\u2500\u2500\u2500\u2500\u2500\u2500\u2500\u2500\u2500\u2500\u2500\u2500\u2500\u2500\u2500\u2500\u2500\u2500\u2500\u2500\u2500\u2500\u2500\u2500\u2500\u2500\u2500\u2500\u2500\u2500\u2500\u2500\u2500\u2500\u2500\u2500\u2500\u2500\u2500\u2500\u2500\u2500\u2500\u2500\u2500\u2500\u2500\u2500\u2500\u2500\u2500\u2500\u2500\u2500\u2500\u2500\u2500\u2500\u2500\u2500\u2500\u2500\u2500\u2500\u2500\u2500\u2500\u2500\u2500\u2500\u2500\u2500\u2500\u2500\u2500\u2500\u2500\u2500\u2500\u2500\u2500\u2500\u2500\u2500\u2500\u2500\u2500\u2500\u2500\u2500\u2500\u2500\u2500\u2500\u2500\u2500\u2500\u2500\u2500\u2500\u2500\u2500\u2500\u2500\u2500\u2500\u2500\u2500\u2500\u2500\u2500\u2500\u2500\u2500\u2500\u2500\u2500\u2500\u2500\u2500\u2500\u2500\u2500\u2500\u2500\u2500\u2500\u2500\u2500\u2500\u2500\u2500\u2500\u2500\u2500\u2500\u2500\u2500\u2500\u2500\u2500\u2510          \u2502                   \u2502\n\u2502                   \u2502                                                                                                                                                                                  \u2502          \u2502    Projections:   \u2502\n\u2502                   \u2502                                                                                                                                                                                  \u2502          \u2502     cr_item_sk    \u2502\n\u2502                   \u2502                                                                                                                                                                                  \u2502          \u2502  cr_order_number  \u2502\n\u2502                   \u2502                                                                                                                                                                                  \u2502          \u2502                   \u2502\n\u2502    43,285 rows    \u2502                                                                                                                                                                                  \u2502          \u2502   1,441,224 rows  \u2502\n\u2502      (0.00s)      \u2502                                                                                                                                                                                  \u2502          \u2502      (0.14s)      \u2502\n\u2514\u2500\u2500\u2500\u2500\u2500\u2500\u2500\u2500\u2500\u252c\u2500\u2500\u2500\u2500\u2500\u2500\u2500\u2500\u2500\u2518                                                                                                                                                                                  \u2502          \u2514\u2500\u2500\u2500\u2500\u2500\u2500\u2500\u2500\u2500\u2500\u2500\u2500\u2500\u2500\u2500\u2500\u2500\u2500\u2500\u2518\n\u250c\u2500\u2500\u2500\u2500\u2500\u2500\u2500\u2500\u2500\u2534\u2500\u2500\u2500\u2500\u2500\u2500\u2500\u2500\u2500\u2510                                                                                                                                                                        \u250c\u2500\u2500\u2500\u2500\u2500\u2500\u2500\u2500\u2500\u2534\u2500\u2500\u2500\u2500\u2500\u2500\u2500\u2500\u2500\u2510\n\u2502     HASH_JOIN     \u2502                                                                                                                                                                        \u2502     TABLE_SCAN    \u2502\n\u2502    \u2500\u2500\u2500\u2500\u2500\u2500\u2500\u2500\u2500\u2500\u2500\u2500   \u2502                                                                                                                                                                        \u2502    \u2500\u2500\u2500\u2500\u2500\u2500\u2500\u2500\u2500\u2500\u2500\u2500   \u2502\n\u2502     Join Type:    \u2502                                                                                                                                                                        \u2502       Table:      \u2502\n\u2502       INNER       \u2502                                                                                                                                                                        \u2502     promotion     \u2502\n\u2502                   \u2502                                                                                                                                                                        \u2502                   \u2502\n\u2502    Conditions:    \u2502                                                                                                                                                                        \u2502       Type:       \u2502\n\u2502 inv_warehouse_sk =\u251c\u2500\u2500\u2500\u2500\u2500\u2500\u2500\u2500\u2500\u2500\u2500\u2500\u2500\u2500\u2500\u2500\u2500\u2500\u2500\u2500\u2500\u2500\u2500\u2500\u2500\u2500\u2500\u2500\u2500\u2500\u2500\u2500\u2500\u2500\u2500\u2500\u2500\u2500\u2500\u2500\u2500\u2500\u2500\u2500\u2500\u2500\u2500\u2500\u2500\u2500\u2500\u2500\u2500\u2500\u2500\u2500\u2500\u2500\u2500\u2500\u2500\u2500\u2500\u2500\u2500\u2500\u2500\u2500\u2500\u2500\u2500\u2500\u2500\u2500\u2500\u2500\u2500\u2500\u2500\u2500\u2500\u2500\u2500\u2500\u2500\u2500\u2500\u2500\u2500\u2500\u2500\u2500\u2500\u2500\u2500\u2500\u2500\u2500\u2500\u2500\u2500\u2500\u2500\u2500\u2500\u2500\u2500\u2500\u2500\u2500\u2500\u2500\u2500\u2500\u2500\u2500\u2500\u2500\u2500\u2500\u2500\u2500\u2500\u2500\u2500\u2500\u2500\u2500\u2500\u2500\u2500\u2500\u2500\u2500\u2500\u2500\u2500\u2500\u2500\u2500\u2500\u2500\u2500\u2500\u2500\u2500\u2500\u2500\u2500\u2500\u2500\u2500\u2500\u2500\u2500\u2500\u2500\u2510          \u2502  Sequential Scan  \u2502\n\u2502   w_warehouse_sk  \u2502                                                                                                                                                             \u2502          \u2502                   \u2502\n\u2502                   \u2502                                                                                                                                                             \u2502          \u2502    Projections:   \u2502\n\u2502                   \u2502                                                                                                                                                             \u2502          \u2502     p_promo_sk    \u2502\n\u2502                   \u2502                                                                                                                                                             \u2502          \u2502                   \u2502\n\u2502    43,285 rows    \u2502                                                                                                                                                             \u2502          \u2502      500 rows     \u2502\n\u2502      (0.00s)      \u2502                                                                                                                                                             \u2502          \u2502      (0.01s)      \u2502\n\u2514\u2500\u2500\u2500\u2500\u2500\u2500\u2500\u2500\u2500\u252c\u2500\u2500\u2500\u2500\u2500\u2500\u2500\u2500\u2500\u2518                                                                                                                                                             \u2502          \u2514\u2500\u2500\u2500\u2500\u2500\u2500\u2500\u2500\u2500\u2500\u2500\u2500\u2500\u2500\u2500\u2500\u2500\u2500\u2500\u2518\n\u250c\u2500\u2500\u2500\u2500\u2500\u2500\u2500\u2500\u2500\u2534\u2500\u2500\u2500\u2500\u2500\u2500\u2500\u2500\u2500\u2510                                                                                                                                                   \u250c\u2500\u2500\u2500\u2500\u2500\u2500\u2500\u2500\u2500\u2534\u2500\u2500\u2500\u2500\u2500\u2500\u2500\u2500\u2500\u2510\n\u2502     HASH_JOIN     \u2502                                                                                                                                                   \u2502     TABLE_SCAN    \u2502\n\u2502    \u2500\u2500\u2500\u2500\u2500\u2500\u2500\u2500\u2500\u2500\u2500\u2500   \u2502                                                                                                                                                   \u2502    \u2500\u2500\u2500\u2500\u2500\u2500\u2500\u2500\u2500\u2500\u2500\u2500   \u2502\n\u2502     Join Type:    \u2502                                                                                                                                                   \u2502       Table:      \u2502\n\u2502       INNER       \u2502                                                                                                                                                   \u2502     warehouse     \u2502\n\u2502                   \u2502                                                                                                                                                   \u2502                   \u2502\n\u2502    Conditions:    \u2502                                                                                                                                                   \u2502       Type:       \u2502\n\u2502   inv_item_sk =   \u2502                                                                                                                                                   \u2502  Sequential Scan  \u2502\n\u2502     cs_item_sk    \u251c\u2500\u2500\u2500\u2500\u2500\u2500\u2500\u2500\u2500\u2500\u2510                                                                                                                                        \u2502                   \u2502\n\u2502   inv_date_sk =   \u2502          \u2502                                                                                                                                        \u2502    Projections:   \u2502\n\u2502      d_date_sk    \u2502          \u2502                                                                                                                                        \u2502   w_warehouse_sk  \u2502\n\u2502inv_quantity_on_han\u2502          \u2502                                                                                                                                        \u2502  w_warehouse_name \u2502\n\u2502  d < cs_quantity  \u2502          \u2502                                                                                                                                        \u2502                   \u2502\n\u2502                   \u2502          \u2502                                                                                                                                        \u2502                   \u2502\n\u2502    43,285 rows    \u2502          \u2502                                                                                                                                        \u2502      10 rows      \u2502\n\u2502      (0.18s)      \u2502          \u2502                                                                                                                                        \u2502      (0.01s)      \u2502\n\u2514\u2500\u2500\u2500\u2500\u2500\u2500\u2500\u2500\u2500\u252c\u2500\u2500\u2500\u2500\u2500\u2500\u2500\u2500\u2500\u2518          \u2502                                                                                                                                        \u2514\u2500\u2500\u2500\u2500\u2500\u2500\u2500\u2500\u2500\u2500\u2500\u2500\u2500\u2500\u2500\u2500\u2500\u2500\u2500\u2518\n\u250c\u2500\u2500\u2500\u2500\u2500\u2500\u2500\u2500\u2500\u2534\u2500\u2500\u2500\u2500\u2500\u2500\u2500\u2500\u2500\u2510\u250c\u2500\u2500\u2500\u2500\u2500\u2500\u2500\u2500\u2500\u2534\u2500\u2500\u2500\u2500\u2500\u2500\u2500\u2500\u2500\u2510\n\u2502     TABLE_SCAN    \u2502\u2502     HASH_JOIN     \u2502\n\u2502    \u2500\u2500\u2500\u2500\u2500\u2500\u2500\u2500\u2500\u2500\u2500\u2500   \u2502\u2502    \u2500\u2500\u2500\u2500\u2500\u2500\u2500\u2500\u2500\u2500\u2500\u2500   \u2502\n\u2502       Table:      \u2502\u2502     Join Type:    \u2502\n\u2502     inventory     \u2502\u2502       INNER       \u2502\n\u2502                   \u2502\u2502                   \u2502\n\u2502       Type:       \u2502\u2502    Conditions:    \u2502\n\u2502  Sequential Scan  \u2502\u2502    d_week_seq =   \u2502\n\u2502                   \u2502\u2502     d_week_seq    \u2502\n\u2502    Projections:   \u2502\u2502                   \u2502\n\u2502    inv_item_sk    \u2502\u2502                   \u2502\n\u2502  inv_warehouse_sk \u2502\u2502                   \u251c\u2500\u2500\u2500\u2500\u2500\u2500\u2500\u2500\u2500\u2500\u2510\n\u2502    inv_date_sk    \u2502\u2502                   \u2502          \u2502\n\u2502inv_quantity_on_han\u2502\u2502                   \u2502          \u2502\n\u2502         d         \u2502\u2502                   \u2502          \u2502\n\u2502                   \u2502\u2502                   \u2502          \u2502\n\u2502      Filters:     \u2502\u2502                   \u2502          \u2502\n\u2502inv_quantity_on_han\u2502\u2502                   \u2502          \u2502\n\u2502       d<=100      \u2502\u2502                   \u2502          \u2502\n\u2502                   \u2502\u2502                   \u2502          \u2502\n\u2502   2,543,613 rows  \u2502\u2502    612,742 rows   \u2502          \u2502\n\u2502      (3.61s)      \u2502\u2502      (0.01s)      \u2502          \u2502\n\u2514\u2500\u2500\u2500\u2500\u2500\u2500\u2500\u2500\u2500\u2500\u2500\u2500\u2500\u2500\u2500\u2500\u2500\u2500\u2500\u2518\u2514\u2500\u2500\u2500\u2500\u2500\u2500\u2500\u2500\u2500\u252c\u2500\u2500\u2500\u2500\u2500\u2500\u2500\u2500\u2500\u2518          \u2502\n                     \u250c\u2500\u2500\u2500\u2500\u2500\u2500\u2500\u2500\u2500\u2534\u2500\u2500\u2500\u2500\u2500\u2500\u2500\u2500\u2500\u2510\u250c\u2500\u2500\u2500\u2500\u2500\u2500\u2500\u2500\u2500\u2534\u2500\u2500\u2500\u2500\u2500\u2500\u2500\u2500\u2500\u2510\n                     \u2502     TABLE_SCAN    \u2502\u2502     HASH_JOIN     \u2502\n                     \u2502    \u2500\u2500\u2500\u2500\u2500\u2500\u2500\u2500\u2500\u2500\u2500\u2500   \u2502\u2502    \u2500\u2500\u2500\u2500\u2500\u2500\u2500\u2500\u2500\u2500\u2500\u2500   \u2502\n                     \u2502       Table:      \u2502\u2502     Join Type:    \u2502\n                     \u2502      date_dim     \u2502\u2502       INNER       \u2502\n                     \u2502                   \u2502\u2502                   \u2502\n                     \u2502       Type:       \u2502\u2502    Conditions:    \u2502\n                     \u2502  Sequential Scan  \u2502\u2502    i_item_sk =    \u2502\n                     \u2502                   \u2502\u2502     cs_item_sk    \u2502\n                     \u2502    Projections:   \u2502\u2502                   \u2502\n                     \u2502     d_date_sk     \u2502\u2502                   \u251c\u2500\u2500\u2500\u2500\u2500\u2500\u2500\u2500\u2500\u2500\u2510\n                     \u2502     d_week_seq    \u2502\u2502                   \u2502          \u2502\n                     \u2502                   \u2502\u2502                   \u2502          \u2502\n                     \u2502      Filters:     \u2502\u2502                   \u2502          \u2502\n                     \u2502 d_date_sk>=2450815\u2502\u2502                   \u2502          \u2502\n                     \u2502   AND d_date_sk<  \u2502\u2502                   \u2502          \u2502\n                     \u2502      =2452635     \u2502\u2502                   \u2502          \u2502\n                     \u2502                   \u2502\u2502                   \u2502          \u2502\n                     \u2502      360 rows     \u2502\u2502    90,320 rows    \u2502          \u2502\n                     \u2502      (0.00s)      \u2502\u2502      (0.02s)      \u2502          \u2502\n                     \u2514\u2500\u2500\u2500\u2500\u2500\u2500\u2500\u2500\u2500\u2500\u2500\u2500\u2500\u2500\u2500\u2500\u2500\u2500\u2500\u2518\u2514\u2500\u2500\u2500\u2500\u2500\u2500\u2500\u2500\u2500\u252c\u2500\u2500\u2500\u2500\u2500\u2500\u2500\u2500\u2500\u2518          \u2502\n                                          \u250c\u2500\u2500\u2500\u2500\u2500\u2500\u2500\u2500\u2500\u2534\u2500\u2500\u2500\u2500\u2500\u2500\u2500\u2500\u2500\u2510\u250c\u2500\u2500\u2500\u2500\u2500\u2500\u2500\u2500\u2500\u2534\u2500\u2500\u2500\u2500\u2500\u2500\u2500\u2500\u2500\u2510\n                                          \u2502     TABLE_SCAN    \u2502\u2502     HASH_JOIN     \u2502\n                                          \u2502    \u2500\u2500\u2500\u2500\u2500\u2500\u2500\u2500\u2500\u2500\u2500\u2500   \u2502\u2502    \u2500\u2500\u2500\u2500\u2500\u2500\u2500\u2500\u2500\u2500\u2500\u2500   \u2502\n                                          \u2502    Table: item    \u2502\u2502     Join Type:    \u2502\n                                          \u2502                   \u2502\u2502       INNER       \u2502\n                                          \u2502       Type:       \u2502\u2502                   \u2502\n                                          \u2502  Sequential Scan  \u2502\u2502    Conditions:    \u2502\n                                          \u2502                   \u2502\u2502 cs_bill_hdemo_sk =\u251c\u2500\u2500\u2500\u2500\u2500\u2500\u2500\u2500\u2500\u2500\u2500\u2500\u2500\u2500\u2500\u2500\u2500\u2500\u2500\u2500\u2500\u2500\u2500\u2500\u2500\u2500\u2500\u2500\u2500\u2500\u2500\u2500\u2500\u2500\u2500\u2500\u2500\u2500\u2500\u2500\u2500\u2500\u2500\u2500\u2500\u2500\u2500\u2500\u2500\u2500\u2500\u2500\u2500\u2500\u2500\u2500\u2500\u2500\u2500\u2500\u2500\u2500\u2500\u2500\u2500\u2500\u2500\u2500\u2500\u2500\u2500\u2500\u2500\u2510\n                                          \u2502    Projections:   \u2502\u2502     hd_demo_sk    \u2502                                                                         \u2502\n                                          \u2502     i_item_sk     \u2502\u2502                   \u2502                                                                         \u2502\n                                          \u2502    i_item_desc    \u2502\u2502                   \u2502                                                                         \u2502\n                                          \u2502                   \u2502\u2502                   \u2502                                                                         \u2502\n                                          \u2502    101,997 rows   \u2502\u2502    90,320 rows    \u2502                                                                         \u2502\n                                          \u2502      (0.03s)      \u2502\u2502      (0.00s)      \u2502                                                                         \u2502\n                                          \u2514\u2500\u2500\u2500\u2500\u2500\u2500\u2500\u2500\u2500\u2500\u2500\u2500\u2500\u2500\u2500\u2500\u2500\u2500\u2500\u2518\u2514\u2500\u2500\u2500\u2500\u2500\u2500\u2500\u2500\u2500\u252c\u2500\u2500\u2500\u2500\u2500\u2500\u2500\u2500\u2500\u2518                                                                         \u2502\n                                                               \u250c\u2500\u2500\u2500\u2500\u2500\u2500\u2500\u2500\u2500\u2534\u2500\u2500\u2500\u2500\u2500\u2500\u2500\u2500\u2500\u2510                                                               \u250c\u2500\u2500\u2500\u2500\u2500\u2500\u2500\u2500\u2500\u2534\u2500\u2500\u2500\u2500\u2500\u2500\u2500\u2500\u2500\u2510\n                                                               \u2502     HASH_JOIN     \u2502                                                               \u2502     TABLE_SCAN    \u2502\n                                                               \u2502    \u2500\u2500\u2500\u2500\u2500\u2500\u2500\u2500\u2500\u2500\u2500\u2500   \u2502                                                               \u2502    \u2500\u2500\u2500\u2500\u2500\u2500\u2500\u2500\u2500\u2500\u2500\u2500   \u2502\n                                                               \u2502     Join Type:    \u2502                                                               \u2502       Table:      \u2502\n                                                               \u2502       INNER       \u2502                                                               \u2502household_demograph\u2502\n                                                               \u2502                   \u2502                                                               \u2502        ics        \u2502\n                                                               \u2502    Conditions:    \u2502                                                               \u2502                   \u2502\n                                                               \u2502    cd_demo_sk =   \u2502                                                               \u2502       Type:       \u2502\n                                                               \u2502  cs_bill_cdemo_sk \u2502                                                               \u2502  Sequential Scan  \u2502\n                                                               \u2502                   \u2502                                                               \u2502                   \u2502\n                                                               \u2502                   \u251c\u2500\u2500\u2500\u2500\u2500\u2500\u2500\u2500\u2500\u2500\u2510                                                    \u2502    Projections:   \u2502\n                                                               \u2502                   \u2502          \u2502                                                    \u2502     hd_demo_sk    \u2502\n                                                               \u2502                   \u2502          \u2502                                                    \u2502                   \u2502\n                                                               \u2502                   \u2502          \u2502                                                    \u2502      Filters:     \u2502\n                                                               \u2502                   \u2502          \u2502                                                    \u2502 hd_buy_potential= \u2502\n                                                               \u2502                   \u2502          \u2502                                                    \u2502     '501-1000'    \u2502\n                                                               \u2502                   \u2502          \u2502                                                    \u2502                   \u2502\n                                                               \u2502    542,727 rows   \u2502          \u2502                                                    \u2502     1,200 rows    \u2502\n                                                               \u2502      (0.47s)      \u2502          \u2502                                                    \u2502      (0.01s)      \u2502\n                                                               \u2514\u2500\u2500\u2500\u2500\u2500\u2500\u2500\u2500\u2500\u252c\u2500\u2500\u2500\u2500\u2500\u2500\u2500\u2500\u2500\u2518          \u2502                                                    \u2514\u2500\u2500\u2500\u2500\u2500\u2500\u2500\u2500\u2500\u2500\u2500\u2500\u2500\u2500\u2500\u2500\u2500\u2500\u2500\u2518\n                                                               \u250c\u2500\u2500\u2500\u2500\u2500\u2500\u2500\u2500\u2500\u2534\u2500\u2500\u2500\u2500\u2500\u2500\u2500\u2500\u2500\u2510\u250c\u2500\u2500\u2500\u2500\u2500\u2500\u2500\u2500\u2500\u2534\u2500\u2500\u2500\u2500\u2500\u2500\u2500\u2500\u2500\u2510\n                                                               \u2502       FILTER      \u2502\u2502     HASH_JOIN     \u2502\n                                                               \u2502    \u2500\u2500\u2500\u2500\u2500\u2500\u2500\u2500\u2500\u2500\u2500\u2500   \u2502\u2502    \u2500\u2500\u2500\u2500\u2500\u2500\u2500\u2500\u2500\u2500\u2500\u2500   \u2502\n                                                               \u2502 (cd_demo_sk >= 2) \u2502\u2502     Join Type:    \u2502\n                                                               \u2502                   \u2502\u2502       INNER       \u2502\n                                                               \u2502                   \u2502\u2502                   \u2502\n                                                               \u2502                   \u2502\u2502    Conditions:    \u2502\n                                                               \u2502                   \u2502\u2502 cs_ship_date_sk = \u251c\u2500\u2500\u2500\u2500\u2500\u2500\u2500\u2500\u2500\u2500\u2510\n                                                               \u2502                   \u2502\u2502      d_date_sk    \u2502          \u2502\n                                                               \u2502                   \u2502\u2502 cs_sold_date_sk = \u2502          \u2502\n                                                               \u2502                   \u2502\u2502      d_date_sk    \u2502          \u2502\n                                                               \u2502                   \u2502\u2502                   \u2502          \u2502\n                                                               \u2502    384,155 rows   \u2502\u2502   2,715,336 rows  \u2502          \u2502\n                                                               \u2502      (0.00s)      \u2502\u2502      (0.06s)      \u2502          \u2502\n                                                               \u2514\u2500\u2500\u2500\u2500\u2500\u2500\u2500\u2500\u2500\u252c\u2500\u2500\u2500\u2500\u2500\u2500\u2500\u2500\u2500\u2518\u2514\u2500\u2500\u2500\u2500\u2500\u2500\u2500\u2500\u2500\u252c\u2500\u2500\u2500\u2500\u2500\u2500\u2500\u2500\u2500\u2518          \u2502\n                                                               \u250c\u2500\u2500\u2500\u2500\u2500\u2500\u2500\u2500\u2500\u2534\u2500\u2500\u2500\u2500\u2500\u2500\u2500\u2500\u2500\u2510\u250c\u2500\u2500\u2500\u2500\u2500\u2500\u2500\u2500\u2500\u2534\u2500\u2500\u2500\u2500\u2500\u2500\u2500\u2500\u2500\u2510\u250c\u2500\u2500\u2500\u2500\u2500\u2500\u2500\u2500\u2500\u2534\u2500\u2500\u2500\u2500\u2500\u2500\u2500\u2500\u2500\u2510\n                                                               \u2502     TABLE_SCAN    \u2502\u2502     TABLE_SCAN    \u2502\u2502PIECEWISE_MERG...  \u2502\n                                                               \u2502    \u2500\u2500\u2500\u2500\u2500\u2500\u2500\u2500\u2500\u2500\u2500\u2500   \u2502\u2502    \u2500\u2500\u2500\u2500\u2500\u2500\u2500\u2500\u2500\u2500\u2500\u2500   \u2502\u2502    \u2500\u2500\u2500\u2500\u2500\u2500\u2500\u2500\u2500\u2500\u2500\u2500   \u2502\n                                                               \u2502       Table:      \u2502\u2502       Table:      \u2502\u2502     Join Type:    \u2502\n                                                               \u2502customer_demographi\u2502\u2502   catalog_sales   \u2502\u2502       INNER       \u2502\n                                                               \u2502         cs        \u2502\u2502                   \u2502\u2502                   \u2502\n                                                               \u2502                   \u2502\u2502       Type:       \u2502\u2502    Conditions:    \u2502\n                                                               \u2502       Type:       \u2502\u2502  Sequential Scan  \u2502\u2502 d_date > (d_date +\u2502\n                                                               \u2502  Sequential Scan  \u2502\u2502                   \u2502\u2502         5)        \u2502\n                                                               \u2502                   \u2502\u2502    Projections:   \u2502\u2502                   \u2502\n                                                               \u2502    Projections:   \u2502\u2502     cs_item_sk    \u2502\u2502                   \u2502\n                                                               \u2502     cd_demo_sk    \u2502\u2502  cs_bill_cdemo_sk \u2502\u2502                   \u251c\u2500\u2500\u2500\u2500\u2500\u2500\u2500\u2500\u2500\u2500\u2510\n                                                               \u2502                   \u2502\u2502  cs_bill_hdemo_sk \u2502\u2502                   \u2502          \u2502\n                                                               \u2502      Filters:     \u2502\u2502  cs_sold_date_sk  \u2502\u2502                   \u2502          \u2502\n                                                               \u2502 cd_marital_status=\u2502\u2502  cs_ship_date_sk  \u2502\u2502                   \u2502          \u2502\n                                                               \u2502        'W'        \u2502\u2502    cs_promo_sk    \u2502\u2502                   \u2502          \u2502\n                                                               \u2502                   \u2502\u2502  cs_order_number  \u2502\u2502                   \u2502          \u2502\n                                                               \u2502                   \u2502\u2502    cs_quantity    \u2502\u2502                   \u2502          \u2502\n                                                               \u2502                   \u2502\u2502                   \u2502\u2502                   \u2502          \u2502\n                                                               \u2502    384,155 rows   \u2502\u2502   2,841,881 rows  \u2502\u2502    102,200 rows   \u2502          \u2502\n                                                               \u2502      (0.11s)      \u2502\u2502      (1.48s)      \u2502\u2502      (0.00s)      \u2502          \u2502\n                                                               \u2514\u2500\u2500\u2500\u2500\u2500\u2500\u2500\u2500\u2500\u2500\u2500\u2500\u2500\u2500\u2500\u2500\u2500\u2500\u2500\u2518\u2514\u2500\u2500\u2500\u2500\u2500\u2500\u2500\u2500\u2500\u2500\u2500\u2500\u2500\u2500\u2500\u2500\u2500\u2500\u2500\u2518\u2514\u2500\u2500\u2500\u2500\u2500\u2500\u2500\u2500\u2500\u252c\u2500\u2500\u2500\u2500\u2500\u2500\u2500\u2500\u2500\u2518          \u2502\n                                                                                                         \u250c\u2500\u2500\u2500\u2500\u2500\u2500\u2500\u2500\u2500\u2534\u2500\u2500\u2500\u2500\u2500\u2500\u2500\u2500\u2500\u2510\u250c\u2500\u2500\u2500\u2500\u2500\u2500\u2500\u2500\u2500\u2534\u2500\u2500\u2500\u2500\u2500\u2500\u2500\u2500\u2500\u2510\n                                                                                                         \u2502     TABLE_SCAN    \u2502\u2502       FILTER      \u2502\n                                                                                                         \u2502    \u2500\u2500\u2500\u2500\u2500\u2500\u2500\u2500\u2500\u2500\u2500\u2500   \u2502\u2502    \u2500\u2500\u2500\u2500\u2500\u2500\u2500\u2500\u2500\u2500\u2500\u2500   \u2502\n                                                                                                         \u2502       Table:      \u2502\u2502 (d_date_sk BETWEEN\u2502\n                                                                                                         \u2502      date_dim     \u2502\u2502     2450815 AND   \u2502\n                                                                                                         \u2502                   \u2502\u2502      2452653)     \u2502\n                                                                                                         \u2502       Type:       \u2502\u2502                   \u2502\n                                                                                                         \u2502  Sequential Scan  \u2502\u2502                   \u2502\n                                                                                                         \u2502                   \u2502\u2502                   \u2502\n                                                                                                         \u2502    Projections:   \u2502\u2502                   \u2502\n                                                                                                         \u2502     d_date_sk     \u2502\u2502                   \u2502\n                                                                                                         \u2502       d_date      \u2502\u2502                   \u2502\n                                                                                                         \u2502                   \u2502\u2502                   \u2502\n                                                                                                         \u2502      Filters:     \u2502\u2502                   \u2502\n                                                                                                         \u2502 d_date_sk>=2450817\u2502\u2502                   \u2502\n                                                                                                         \u2502   AND d_date_sk<  \u2502\u2502                   \u2502\n                                                                                                         \u2502      =2452743     \u2502\u2502                   \u2502\n                                                                                                         \u2502                   \u2502\u2502                   \u2502\n                                                                                                         \u2502      463 rows     \u2502\u2502      365 rows     \u2502\n                                                                                                         \u2502      (0.00s)      \u2502\u2502      (0.00s)      \u2502\n                                                                                                         \u2514\u2500\u2500\u2500\u2500\u2500\u2500\u2500\u2500\u2500\u2500\u2500\u2500\u2500\u2500\u2500\u2500\u2500\u2500\u2500\u2518\u2514\u2500\u2500\u2500\u2500\u2500\u2500\u2500\u2500\u2500\u252c\u2500\u2500\u2500\u2500\u2500\u2500\u2500\u2500\u2500\u2518\n                                                                                                                              \u250c\u2500\u2500\u2500\u2500\u2500\u2500\u2500\u2500\u2500\u2534\u2500\u2500\u2500\u2500\u2500\u2500\u2500\u2500\u2500\u2510\n                                                                                                                              \u2502     TABLE_SCAN    \u2502\n                                                                                                                              \u2502    \u2500\u2500\u2500\u2500\u2500\u2500\u2500\u2500\u2500\u2500\u2500\u2500   \u2502\n                                                                                                                              \u2502       Table:      \u2502\n                                                                                                                              \u2502      date_dim     \u2502\n                                                                                                                              \u2502                   \u2502\n                                                                                                                              \u2502       Type:       \u2502\n                                                                                                                              \u2502  Sequential Scan  \u2502\n                                                                                                                              \u2502                   \u2502\n                                                                                                                              \u2502    Projections:   \u2502\n                                                                                                                              \u2502     d_date_sk     \u2502\n                                                                                                                              \u2502     d_week_seq    \u2502\n                                                                                                                              \u2502       d_date      \u2502\n                                                                                                                              \u2502                   \u2502\n                                                                                                                              \u2502      Filters:     \u2502\n                                                                                                                              \u2502    d_year=2002    \u2502\n                                                                                                                              \u2502                   \u2502\n                                                                                                                              \u2502      365 rows     \u2502\n                                                                                                                              \u2502      (0.01s)      \u2502\n                                                                                                                              \u2514\u2500\u2500\u2500\u2500\u2500\u2500\u2500\u2500\u2500\u2500\u2500\u2500\u2500\u2500\u2500\u2500\u2500\u2500\u2500\u2518\n",
  "plan_json": {
    "total_bytes_written": 0,
    "total_bytes_read": 0,
    "rows_returned": 0,
    "latency": 0.0,
    "result_set_size": 0,
    "query_name": "",
    "blocked_thread_time": 0.0,
    "system_peak_buffer_memory": 0,
    "system_peak_temp_dir_size": 0,
    "cpu_time": 0.0,
    "extra_info": {},
    "cumulative_cardinality": 0,
    "cumulative_rows_scanned": 0,
    "children": [
      {
        "total_bytes_written": 0,
        "total_bytes_read": 0,
        "result_set_size": 0,
        "operator_name": "EXPLAIN_ANALYZE",
        "cpu_time": 0.0,
        "extra_info": {},
        "cumulative_cardinality": 0,
        "operator_type": "EXPLAIN_ANALYZE",
        "operator_cardinality": 0,
        "cumulative_rows_scanned": 0,
        "operator_rows_scanned": 0,
        "operator_timing": 4.42e-07,
        "children": [
          {
            "total_bytes_written": 0,
            "total_bytes_read": 0,
            "result_set_size": 7600,
            "operator_name": "TOP_N",
            "cpu_time": 0.0,
            "extra_info": {
              "Top": "100",
              "Order By": [
                "count_star() DESC",
                "tpcds_sf10_2.main.item.i_item_desc ASC",
                "tpcds_sf10_2.main.warehouse.w_warehouse_name ASC",
                "d1.d_week_seq ASC"
              ]
            },
            "cumulative_cardinality": 0,
            "operator_type": "TOP_N",
            "operator_cardinality": 100,
            "cumulative_rows_scanned": 0,
            "operator_rows_scanned": 0,
            "operator_timing": 0.004077239,
            "children": [
              {
                "total_bytes_written": 0,
                "total_bytes_read": 0,
                "result_set_size": 3237828,
                "operator_name": "PROJECTION",
                "cpu_time": 0.0,
                "extra_info": {
                  "Projections": [
                    "#0",
                    "#1",
                    "__internal_decompress_integral_integer(#2, 1)",
                    "#3",
                    "#4",
                    "#5"
                  ],
                  "Estimated Cardinality": "7701356"
                },
                "cumulative_cardinality": 0,
                "operator_type": "PROJECTION",
                "operator_cardinality": 42603,
                "cumulative_rows_scanned": 0,
                "operator_rows_scanned": 0,
                "operator_timing": 0.00015959900000000001,
                "children": [
                  {
                    "total_bytes_written": 0,
                    "total_bytes_read": 0,
                    "result_set_size": 3152622,
                    "operator_name": "HASH_GROUP_BY",
                    "cpu_time": 0.0,
                    "extra_info": {
                      "Groups": [
                        "#0",
                        "#1",
                        "#2"
                      ],
                      "Aggregates": [
                        "sum(#3)",
                        "sum(#4)",
                        "count_star()"
                      ],
                      "Estimated Cardinality": "7701356"
                    },
                    "cumulative_cardinality": 0,
                    "operator_type": "HASH_GROUP_BY",
                    "operator_cardinality": 42603,
                    "cumulative_rows_scanned": 0,
                    "operator_rows_scanned": 0,
                    "operator_timing": 0.043140101,
                    "children": [
                      {
                        "total_bytes_written": 0,
                        "total_bytes_read": 0,
                        "result_set_size": 1817970,
                        "operator_name": "PROJECTION",
                        "cpu_time": 0.0,
                        "extra_info": {
                          "Projections": [
                            "i_item_desc",
                            "w_warehouse_name",
                            "d_week_seq",
                            "CASE  WHEN ((p_promo_sk IS NULL)) THEN (1) ELSE 0 END",
                            "CASE  WHEN ((p_promo_sk IS NOT NULL)) THEN (1) ELSE 0 END"
                          ],
                          "Estimated Cardinality": "7701356"
                        },
                        "cumulative_cardinality": 0,
                        "operator_type": "PROJECTION",
                        "operator_cardinality": 43285,
                        "cumulative_rows_scanned": 0,
                        "operator_rows_scanned": 0,
                        "operator_timing": 0.0006672880000000001,
                        "children": [
                          {
                            "total_bytes_written": 0,
                            "total_bytes_read": 0,
                            "result_set_size": 1991110,
                            "operator_name": "PROJECTION",
                            "cpu_time": 0.0,
                            "extra_info": {
                              "Projections": [
                                "__internal_compress_integral_usmallint(#1, 1)",
                                "#0",
                                "#2",
                                "#3",
                                "#4",
                                "#5"
                              ],
                              "Estimated Cardinality": "7701356"
                            },
                            "cumulative_cardinality": 0,
                            "operator_type": "PROJECTION",
                            "operator_cardinality": 43285,
                            "cumulative_rows_scanned": 0,
                            "operator_rows_scanned": 0,
                            "operator_timing": 0.000441607,
                            "children": [
                              {
                                "total_bytes_written": 0,
                                "total_bytes_read": 0,
                                "result_set_size": 2077680,
                                "operator_name": "HASH_JOIN",
                                "cpu_time": 0.0,
                                "extra_info": {
                                  "Join Type": "LEFT",
                                  "Conditions": [
                                    "cs_item_sk = cr_item_sk",
                                    "cs_order_number = cr_order_number"
                                  ],
                                  "Estimated Cardinality": "7701356"
                                },
                                "cumulative_cardinality": 0,
                                "operator_type": "HASH_JOIN",
                                "operator_cardinality": 43285,
                                "cumulative_rows_scanned": 0,
                                "operator_rows_scanned": 0,
                                "operator_timing": 0.12789837800000003,
                                "children": [
                                  {
                                    "total_bytes_written": 0,
                                    "total_bytes_read": 0,
                                    "result_set_size": 2077680,
                                    "operator_name": "HASH_JOIN",
                                    "cpu_time": 0.0,
                                    "extra_info": {
                                      "Join Type": "LEFT",
                                      "Conditions": "cs_promo_sk = p_promo_sk",
                                      "Estimated Cardinality": "7701356"
                                    },
                                    "cumulative_cardinality": 0,
                                    "operator_type": "HASH_JOIN",
                                    "operator_cardinality": 43285,
                                    "cumulative_rows_scanned": 0,
                                    "operator_rows_scanned": 0,
                                    "operator_timing": 0.0032060020000000008,
                                    "children": [
                                      {
                                        "total_bytes_written": 0,
                                        "total_bytes_read": 0,
                                        "result_set_size": 2077680,
                                        "operator_name": "HASH_JOIN",
                                        "cpu_time": 0.0,
                                        "extra_info": {
                                          "Join Type": "INNER",
                                          "Conditions": "inv_warehouse_sk = w_warehouse_sk",
                                          "Estimated Cardinality": "7701356"
                                        },
                                        "cumulative_cardinality": 0,
                                        "operator_type": "HASH_JOIN",
                                        "operator_cardinality": 43285,
                                        "cumulative_rows_scanned": 0,
                                        "operator_rows_scanned": 0,
                                        "operator_timing": 0.000741183,
                                        "children": [
                                          {
                                            "total_bytes_written": 0,
                                            "total_bytes_read": 0,
                                            "result_set_size": 1558260,
                                            "operator_name": "HASH_JOIN",
                                            "cpu_time": 0.0,
                                            "extra_info": {
                                              "Join Type": "INNER",
                                              "Conditions": [
                                                "inv_item_sk = cs_item_sk",
                                                "inv_date_sk = d_date_sk",
                                                "inv_quantity_on_hand < cs_quantity"
                                              ],
                                              "Estimated Cardinality": "2823830"
                                            },
                                            "cumulative_cardinality": 0,
                                            "operator_type": "HASH_JOIN",
                                            "operator_cardinality": 43285,
                                            "cumulative_rows_scanned": 0,
                                            "operator_rows_scanned": 0,
                                            "operator_timing": 0.19085017700000007,
                                            "children": [
                                              {
                                                "total_bytes_written": 0,
                                                "total_bytes_read": 0,
                                                "result_set_size": 40697808,
                                                "operator_name": "SEQ_SCAN ",
                                                "cpu_time": 0.0,
                                                "extra_info": {
                                                  "Table": "inventory",
                                                  "Type": "Sequential Scan",
                                                  "Projections": [
                                                    "inv_item_sk",
                                                    "inv_warehouse_sk",
                                                    "inv_date_sk",
                                                    "inv_quantity_on_hand"
                                                  ],
                                                  "Filters": "inv_quantity_on_hand<=100",
                                                  "Estimated Cardinality": "133110000"
                                                },
                                                "cumulative_cardinality": 0,
                                                "operator_type": "TABLE_SCAN",
                                                "operator_cardinality": 2543613,
                                                "cumulative_rows_scanned": 0,
                                                "operator_rows_scanned": 3727080000,
                                                "operator_timing": 0.192853226,
                                                "children": []
                                              },
                                              {
                                                "total_bytes_written": 0,
                                                "total_bytes_read": 0,
                                                "result_set_size": 24509680,
                                                "operator_name": "HASH_JOIN",
                                                "cpu_time": 0.0,
                                                "extra_info": {
                                                  "Join Type": "INNER",
                                                  "Conditions": "d_week_seq = d_week_seq",
                                                  "Estimated Cardinality": "128762"
                                                },
                                                "cumulative_cardinality": 0,
                                                "operator_type": "HASH_JOIN",
                                                "operator_cardinality": 612742,
                                                "cumulative_rows_scanned": 0,
                                                "operator_rows_scanned": 0,
                                                "operator_timing": 0.00993817,
                                                "children": [
                                                  {
                                                    "total_bytes_written": 0,
                                                    "total_bytes_read": 0,
                                                    "result_set_size": 2880,
                                                    "operator_name": "SEQ_SCAN ",
                                                    "cpu_time": 0.0,
                                                    "extra_info": {
                                                      "Table": "date_dim",
                                                      "Type": "Sequential Scan",
                                                      "Projections": [
                                                        "d_date_sk",
                                                        "d_week_seq"
                                                      ],
                                                      "Filters": "d_date_sk>=2450815 AND d_date_sk<=2452635",
                                                      "Estimated Cardinality": "73049"
                                                    },
                                                    "cumulative_cardinality": 0,
                                                    "operator_type": "TABLE_SCAN",
                                                    "operator_cardinality": 360,
                                                    "cumulative_rows_scanned": 0,
                                                    "operator_rows_scanned": 73049,
                                                    "operator_timing": 0.000162974,
                                                    "children": []
                                                  },
                                                  {
                                                    "total_bytes_written": 0,
                                                    "total_bytes_read": 0,
                                                    "result_set_size": 3251520,
                                                    "operator_name": "HASH_JOIN",
                                                    "cpu_time": 0.0,
                                                    "extra_info": {
                                                      "Join Type": "INNER",
                                                      "Conditions": "i_item_sk = cs_item_sk",
                                                      "Estimated Cardinality": "6118"
                                                    },
                                                    "cumulative_cardinality": 0,
                                                    "operator_type": "HASH_JOIN",
                                                    "operator_cardinality": 90320,
                                                    "cumulative_rows_scanned": 0,
                                                    "operator_rows_scanned": 0,
                                                    "operator_timing": 0.011311617000000001,
                                                    "children": [
                                                      {
                                                        "total_bytes_written": 0,
                                                        "total_bytes_read": 0,
                                                        "result_set_size": 2039940,
                                                        "operator_name": "SEQ_SCAN ",
                                                        "cpu_time": 0.0,
                                                        "extra_info": {
                                                          "Table": "item",
                                                          "Type": "Sequential Scan",
                                                          "Projections": [
                                                            "i_item_sk",
                                                            "i_item_desc"
                                                          ],
                                                          "Estimated Cardinality": "102000"
                                                        },
                                                        "cumulative_cardinality": 0,
                                                        "operator_type": "TABLE_SCAN",
                                                        "operator_cardinality": 101997,
                                                        "cumulative_rows_scanned": 0,
                                                        "operator_rows_scanned": 102000,
                                                        "operator_timing": 0.003822509000000001,
                                                        "children": []
                                                      },
                                                      {
                                                        "total_bytes_written": 0,
                                                        "total_bytes_read": 0,
                                                        "result_set_size": 2167680,
                                                        "operator_name": "HASH_JOIN",
                                                        "cpu_time": 0.0,
                                                        "extra_info": {
                                                          "Join Type": "INNER",
                                                          "Conditions": "cs_bill_hdemo_sk = hd_demo_sk",
                                                          "Estimated Cardinality": "5766"
                                                        },
                                                        "cumulative_cardinality": 0,
                                                        "operator_type": "HASH_JOIN",
                                                        "operator_cardinality": 90320,
                                                        "cumulative_rows_scanned": 0,
                                                        "operator_rows_scanned": 0,
                                                        "operator_timing": 0.0036170019999999994,
                                                        "children": [
                                                          {
                                                            "total_bytes_written": 0,
                                                            "total_bytes_read": 0,
                                                            "result_set_size": 15196356,
                                                            "operator_name": "HASH_JOIN",
                                                            "cpu_time": 0.0,
                                                            "extra_info": {
                                                              "Join Type": "INNER",
                                                              "Conditions": "cd_demo_sk = cs_bill_cdemo_sk",
                                                              "Estimated Cardinality": "11532"
                                                            },
                                                            "cumulative_cardinality": 0,
                                                            "operator_type": "HASH_JOIN",
                                                            "operator_cardinality": 542727,
                                                            "cumulative_rows_scanned": 0,
                                                            "operator_rows_scanned": 0,
                                                            "operator_timing": 0.41771676500000005,
                                                            "children": [
                                                              {
                                                                "total_bytes_written": 0,
                                                                "total_bytes_read": 0,
                                                                "result_set_size": 1536620,
                                                                "operator_name": "FILTER",
                                                                "cpu_time": 0.0,
                                                                "extra_info": {
                                                                  "Expression": "(cd_demo_sk >= 2)",
                                                                  "Estimated Cardinality": "384160"
                                                                },
                                                                "cumulative_cardinality": 0,
                                                                "operator_type": "FILTER",
                                                                "operator_cardinality": 384155,
                                                                "cumulative_rows_scanned": 0,
                                                                "operator_rows_scanned": 0,
                                                                "operator_timing": 0.0011759350000000001,
                                                                "children": [
                                                                  {
                                                                    "total_bytes_written": 0,
                                                                    "total_bytes_read": 0,
                                                                    "result_set_size": 1536620,
                                                                    "operator_name": "SEQ_SCAN ",
                                                                    "cpu_time": 0.0,
                                                                    "extra_info": {
                                                                      "Table": "customer_demographics",
                                                                      "Type": "Sequential Scan",
                                                                      "Projections": "cd_demo_sk",
                                                                      "Filters": "cd_marital_status='W'",
                                                                      "Estimated Cardinality": "384160"
                                                                    },
                                                                    "cumulative_cardinality": 0,
                                                                    "operator_type": "TABLE_SCAN",
                                                                    "operator_cardinality": 384155,
                                                                    "cumulative_rows_scanned": 0,
                                                                    "operator_rows_scanned": 30732800,
                                                                    "operator_timing": 0.00810141,
                                                                    "children": []
                                                                  }
                                                                ]
                                                              },
                                                              {
                                                                "total_bytes_written": 0,
                                                                "total_bytes_read": 0,
                                                                "result_set_size": 76029408,
                                                                "operator_name": "HASH_JOIN",
                                                                "cpu_time": 0.0,
                                                                "extra_info": {
                                                                  "Join Type": "INNER",
                                                                  "Conditions": [
                                                                    "cs_ship_date_sk = d_date_sk",
                                                                    "cs_sold_date_sk = d_date_sk"
                                                                  ],
                                                                  "Estimated Cardinality": "57664"
                                                                },
                                                                "cumulative_cardinality": 0,
                                                                "operator_type": "HASH_JOIN",
                                                                "operator_cardinality": 2715336,
                                                                "cumulative_rows_scanned": 0,
                                                                "operator_rows_scanned": 0,
                                                                "operator_timing": 0.06173265999999999,
                                                                "children": [
                                                                  {
                                                                    "total_bytes_written": 0,
                                                                    "total_bytes_read": 0,
                                                                    "result_set_size": 90940192,
                                                                    "operator_name": "SEQ_SCAN ",
                                                                    "cpu_time": 0.0,
                                                                    "extra_info": {
                                                                      "Table": "catalog_sales",
                                                                      "Type": "Sequential Scan",
                                                                      "Projections": [
                                                                        "cs_item_sk",
                                                                        "cs_bill_cdemo_sk",
                                                                        "cs_bill_hdemo_sk",
                                                                        "cs_sold_date_sk",
                                                                        "cs_ship_date_sk",
                                                                        "cs_promo_sk",
                                                                        "cs_order_number",
                                                                        "cs_quantity"
                                                                      ],
                                                                      "Estimated Cardinality": "14401261"
                                                                    },
                                                                    "cumulative_cardinality": 0,
                                                                    "operator_type": "TABLE_SCAN",
                                                                    "operator_cardinality": 2841881,
                                                                    "cumulative_rows_scanned": 0,
                                                                    "operator_rows_scanned": 403235308,
                                                                    "operator_timing": 0.045839767,
                                                                    "children": []
                                                                  },
                                                                  {
                                                                    "total_bytes_written": 0,
                                                                    "total_bytes_read": 0,
                                                                    "result_set_size": 2044000,
                                                                    "operator_name": "PIECEWISE_MERGE_JOIN",
                                                                    "cpu_time": 0.0,
                                                                    "extra_info": {
                                                                      "Join Type": "INNER",
                                                                      "Conditions": "d_date > (d_date + 5)",
                                                                      "Estimated Cardinality": "24473"
                                                                    },
                                                                    "cumulative_cardinality": 0,
                                                                    "operator_type": "PIECEWISE_MERGE_JOIN",
                                                                    "operator_cardinality": 102200,
                                                                    "cumulative_rows_scanned": 0,
                                                                    "operator_rows_scanned": 0,
                                                                    "operator_timing": 0.0002942810000000001,
                                                                    "children": [
                                                                      {
                                                                        "total_bytes_written": 0,
                                                                        "total_bytes_read": 0,
                                                                        "result_set_size": 3704,
                                                                        "operator_name": "SEQ_SCAN ",
                                                                        "cpu_time": 0.0,
                                                                        "extra_info": {
                                                                          "Table": "date_dim",
                                                                          "Type": "Sequential Scan",
                                                                          "Projections": [
                                                                            "d_date_sk",
                                                                            "d_date"
                                                                          ],
                                                                          "Filters": "d_date_sk>=2450817 AND d_date_sk<=2452743",
                                                                          "Estimated Cardinality": "73049"
                                                                        },
                                                                        "cumulative_cardinality": 0,
                                                                        "operator_type": "TABLE_SCAN",
                                                                        "operator_cardinality": 463,
                                                                        "cumulative_rows_scanned": 0,
                                                                        "operator_rows_scanned": 73049,
                                                                        "operator_timing": 0.000115832,
                                                                        "children": []
                                                                      },
                                                                      {
                                                                        "total_bytes_written": 0,
                                                                        "total_bytes_read": 0,
                                                                        "result_set_size": 4380,
                                                                        "operator_name": "FILTER",
                                                                        "cpu_time": 0.0,
                                                                        "extra_info": {
                                                                          "Expression": "(d_date_sk BETWEEN 2450815 AND 2452653)",
                                                                          "Estimated Cardinality": "585"
                                                                        },
                                                                        "cumulative_cardinality": 0,
                                                                        "operator_type": "FILTER",
                                                                        "operator_cardinality": 365,
                                                                        "cumulative_rows_scanned": 0,
                                                                        "operator_rows_scanned": 0,
                                                                        "operator_timing": 8.699000000000001e-06,
                                                                        "children": [
                                                                          {
                                                                            "total_bytes_written": 0,
                                                                            "total_bytes_read": 0,
                                                                            "result_set_size": 4380,
                                                                            "operator_name": "SEQ_SCAN ",
                                                                            "cpu_time": 0.0,
                                                                            "extra_info": {
                                                                              "Table": "date_dim",
                                                                              "Type": "Sequential Scan",
                                                                              "Projections": [
                                                                                "d_date_sk",
                                                                                "d_week_seq",
                                                                                "d_date"
                                                                              ],
                                                                              "Filters": "d_year=2002",
                                                                              "Estimated Cardinality": "585"
                                                                            },
                                                                            "cumulative_cardinality": 0,
                                                                            "operator_type": "TABLE_SCAN",
                                                                            "operator_cardinality": 365,
                                                                            "cumulative_rows_scanned": 0,
                                                                            "operator_rows_scanned": 73049,
                                                                            "operator_timing": 2.9634999999999997e-05,
                                                                            "children": []
                                                                          }
                                                                        ]
                                                                      }
                                                                    ]
                                                                  }
                                                                ]
                                                              }
                                                            ]
                                                          },
                                                          {
                                                            "total_bytes_written": 0,
                                                            "total_bytes_read": 0,
                                                            "result_set_size": 4800,
                                                            "operator_name": "SEQ_SCAN ",
                                                            "cpu_time": 0.0,
                                                            "extra_info": {
                                                              "Table": "household_demographics",
                                                              "Type": "Sequential Scan",
                                                              "Projections": "hd_demo_sk",
                                                              "Filters": "hd_buy_potential='501-1000'",
                                                              "Estimated Cardinality": "1800"
                                                            },
                                                            "cumulative_cardinality": 0,
                                                            "operator_type": "TABLE_SCAN",
                                                            "operator_cardinality": 1200,
                                                            "cumulative_rows_scanned": 0,
                                                            "operator_rows_scanned": 7200,
                                                            "operator_timing": 5.6353e-05,
                                                            "children": []
                                                          }
                                                        ]
                                                      }
                                                    ]
                                                  }
                                                ]
                                              }
                                            ]
                                          },
                                          {
                                            "total_bytes_written": 0,
                                            "total_bytes_read": 0,
                                            "result_set_size": 200,
                                            "operator_name": "SEQ_SCAN ",
                                            "cpu_time": 0.0,
                                            "extra_info": {
                                              "Table": "warehouse",
                                              "Type": "Sequential Scan",
                                              "Projections": [
                                                "w_warehouse_sk",
                                                "w_warehouse_name"
                                              ],
                                              "Estimated Cardinality": "10"
                                            },
                                            "cumulative_cardinality": 0,
                                            "operator_type": "TABLE_SCAN",
                                            "operator_cardinality": 10,
                                            "cumulative_rows_scanned": 0,
                                            "operator_rows_scanned": 10,
                                            "operator_timing": 9.026e-06,
                                            "children": []
                                          }
                                        ]
                                      },
                                      {
                                        "total_bytes_written": 0,
                                        "total_bytes_read": 0,
                                        "result_set_size": 2000,
                                        "operator_name": "SEQ_SCAN ",
                                        "cpu_time": 0.0,
                                        "extra_info": {
                                          "Table": "promotion",
                                          "Type": "Sequential Scan",
                                          "Projections": "p_promo_sk",
                                          "Estimated Cardinality": "500"
                                        },
                                        "cumulative_cardinality": 0,
                                        "operator_type": "TABLE_SCAN",
                                        "operator_cardinality": 500,
                                        "cumulative_rows_scanned": 0,
                                        "operator_rows_scanned": 500,
                                        "operator_timing": 2.21e-06,
                                        "children": []
                                      }
                                    ]
                                  },
                                  {
                                    "total_bytes_written": 0,
                                    "total_bytes_read": 0,
                                    "result_set_size": 11529792,
                                    "operator_name": "SEQ_SCAN ",
                                    "cpu_time": 0.0,
                                    "extra_info": {
                                      "Table": "catalog_returns",
                                      "Type": "Sequential Scan",
                                      "Projections": [
                                        "cr_item_sk",
                                        "cr_order_number"
                                      ],
                                      "Estimated Cardinality": "1441224"
                                    },
                                    "cumulative_cardinality": 0,
                                    "operator_type": "TABLE_SCAN",
                                    "operator_cardinality": 1441224,
                                    "cumulative_rows_scanned": 0,
                                    "operator_rows_scanned": 17294688,
                                    "operator_timing": 0.002521778,
                                    "children": []
                                  }
                                ]
                              }
                            ]
                          }
                        ]
                      }
                    ]
                  }
                ]
              }
            ]
          }
        ]
      }
    ]
  },
  "actual_rows": 0,
  "collected_at": "2026-02-16T10:19:54.049046",
  "query_id": "query_72"
}