{
  "execution_time_ms": 0.0,
  "plan_text": "\u250c\u2500\u2500\u2500\u2500\u2500\u2500\u2500\u2500\u2500\u2500\u2500\u2500\u2500\u2500\u2500\u2500\u2500\u2500\u2500\u2500\u2500\u2500\u2500\u2500\u2500\u2500\u2500\u2510\n\u2502           TOP_N           \u2502\n\u2502    \u2500\u2500\u2500\u2500\u2500\u2500\u2500\u2500\u2500\u2500\u2500\u2500\u2500\u2500\u2500\u2500\u2500\u2500\u2500\u2500   \u2502\n\u2502          Top: 100         \u2502\n\u2502                           \u2502\n\u2502         Order By:         \u2502\n\u2502  substr(tpcds_sf10_1.main \u2502\n\u2502 .reason.r_reason_desc, 1, \u2502\n\u2502           20) ASC         \u2502\n\u2502   avg(tpcds_sf10_1.main   \u2502\n\u2502.web_sales.ws_quantity) ASC\u2502\n\u2502   avg(tpcds_sf10_1.main   \u2502\n\u2502        .web_returns       \u2502\n\u2502   .wr_refunded_cash) ASC  \u2502\n\u2502   avg(tpcds_sf10_1.main   \u2502\n\u2502  .web_returns.wr_fee) ASC \u2502\n\u2514\u2500\u2500\u2500\u2500\u2500\u2500\u2500\u2500\u2500\u2500\u2500\u2500\u2500\u252c\u2500\u2500\u2500\u2500\u2500\u2500\u2500\u2500\u2500\u2500\u2500\u2500\u2500\u2518\n\u250c\u2500\u2500\u2500\u2500\u2500\u2500\u2500\u2500\u2500\u2500\u2500\u2500\u2500\u2534\u2500\u2500\u2500\u2500\u2500\u2500\u2500\u2500\u2500\u2500\u2500\u2500\u2500\u2510\n\u2502         PROJECTION        \u2502\n\u2502    \u2500\u2500\u2500\u2500\u2500\u2500\u2500\u2500\u2500\u2500\u2500\u2500\u2500\u2500\u2500\u2500\u2500\u2500\u2500\u2500   \u2502\n\u2502  substr(r_reason_desc, 1, \u2502\n\u2502             20)           \u2502\n\u2502      avg(ws_quantity)     \u2502\n\u2502   avg(wr_refunded_cash)   \u2502\n\u2502        avg(wr_fee)        \u2502\n\u2502                           \u2502\n\u2502        ~10,335 rows       \u2502\n\u2514\u2500\u2500\u2500\u2500\u2500\u2500\u2500\u2500\u2500\u2500\u2500\u2500\u2500\u252c\u2500\u2500\u2500\u2500\u2500\u2500\u2500\u2500\u2500\u2500\u2500\u2500\u2500\u2518\n\u250c\u2500\u2500\u2500\u2500\u2500\u2500\u2500\u2500\u2500\u2500\u2500\u2500\u2500\u2534\u2500\u2500\u2500\u2500\u2500\u2500\u2500\u2500\u2500\u2500\u2500\u2500\u2500\u2510\n\u2502       HASH_GROUP_BY       \u2502\n\u2502    \u2500\u2500\u2500\u2500\u2500\u2500\u2500\u2500\u2500\u2500\u2500\u2500\u2500\u2500\u2500\u2500\u2500\u2500\u2500\u2500   \u2502\n\u2502         Groups: #0        \u2502\n\u2502                           \u2502\n\u2502        Aggregates:        \u2502\n\u2502          avg(#1)          \u2502\n\u2502          avg(#2)          \u2502\n\u2502          avg(#3)          \u2502\n\u2502                           \u2502\n\u2502        ~10,335 rows       \u2502\n\u2514\u2500\u2500\u2500\u2500\u2500\u2500\u2500\u2500\u2500\u2500\u2500\u2500\u2500\u252c\u2500\u2500\u2500\u2500\u2500\u2500\u2500\u2500\u2500\u2500\u2500\u2500\u2500\u2518\n\u250c\u2500\u2500\u2500\u2500\u2500\u2500\u2500\u2500\u2500\u2500\u2500\u2500\u2500\u2534\u2500\u2500\u2500\u2500\u2500\u2500\u2500\u2500\u2500\u2500\u2500\u2500\u2500\u2510\n\u2502         PROJECTION        \u2502\n\u2502    \u2500\u2500\u2500\u2500\u2500\u2500\u2500\u2500\u2500\u2500\u2500\u2500\u2500\u2500\u2500\u2500\u2500\u2500\u2500\u2500   \u2502\n\u2502       r_reason_desc       \u2502\n\u2502        ws_quantity        \u2502\n\u2502      wr_refunded_cash     \u2502\n\u2502           wr_fee          \u2502\n\u2502                           \u2502\n\u2502        ~10,932 rows       \u2502\n\u2514\u2500\u2500\u2500\u2500\u2500\u2500\u2500\u2500\u2500\u2500\u2500\u2500\u2500\u252c\u2500\u2500\u2500\u2500\u2500\u2500\u2500\u2500\u2500\u2500\u2500\u2500\u2500\u2518\n\u250c\u2500\u2500\u2500\u2500\u2500\u2500\u2500\u2500\u2500\u2500\u2500\u2500\u2500\u2534\u2500\u2500\u2500\u2500\u2500\u2500\u2500\u2500\u2500\u2500\u2500\u2500\u2500\u2510\n\u2502         HASH_JOIN         \u2502\n\u2502    \u2500\u2500\u2500\u2500\u2500\u2500\u2500\u2500\u2500\u2500\u2500\u2500\u2500\u2500\u2500\u2500\u2500\u2500\u2500\u2500   \u2502\n\u2502      Join Type: INNER     \u2502\n\u2502                           \u2502\n\u2502        Conditions:        \u251c\u2500\u2500\u2500\u2500\u2500\u2500\u2500\u2500\u2500\u2500\u2500\u2500\u2500\u2500\u2500\u2500\u2500\u2500\u2500\u2500\u2500\u2500\u2500\u2500\u2500\u2500\u2500\u2500\u2500\u2500\u2500\u2500\u2500\u2500\u2500\u2500\u2500\u2500\u2500\u2500\u2500\u2500\u2500\u2500\u2500\u2500\u2500\u2500\u2500\u2500\u2500\u2500\u2500\u2500\u2500\u2500\u2500\u2500\u2500\u2500\u2500\u2500\u2500\u2500\u2500\u2500\u2500\u2500\u2500\u2500\u2500\u2500\u2500\u2500\u2500\u2500\u2500\u2500\u2500\u2500\u2500\u2500\u2500\u2500\u2500\u2500\u2500\u2500\u2500\u2500\u2500\u2500\u2500\u2500\u2500\u2500\u2500\u2500\u2500\u2500\u2500\u2500\u2500\u2500\u2500\u2500\u2500\u2500\u2500\u2500\u2500\u2500\u2500\u2500\u2500\u2500\u2500\u2500\u2500\u2500\u2500\u2500\u2500\u2500\u2500\u2500\u2500\u2500\u2500\u2500\u2500\u2500\u2500\u2500\u2500\u2500\u2500\u2500\u2500\u2500\u2500\u2500\u2500\u2500\u2500\u2500\u2500\u2500\u2500\u2500\u2500\u2500\u2500\u2500\u2500\u2500\u2500\u2500\u2500\u2500\u2500\u2500\u2500\u2500\u2500\u2500\u2500\u2500\u2500\u2500\u2500\u2500\u2500\u2500\u2500\u2500\u2500\u2500\u2500\u2500\u2500\u2500\u2500\u2500\u2500\u2500\u2500\u2500\u2510\n\u2502 wr_reason_sk = r_reason_sk\u2502                                                                                                                                                                                            \u2502\n\u2502                           \u2502                                                                                                                                                                                            \u2502\n\u2502        ~10,932 rows       \u2502                                                                                                                                                                                            \u2502\n\u2514\u2500\u2500\u2500\u2500\u2500\u2500\u2500\u2500\u2500\u2500\u2500\u2500\u2500\u252c\u2500\u2500\u2500\u2500\u2500\u2500\u2500\u2500\u2500\u2500\u2500\u2500\u2500\u2518                                                                                                                                                                                            \u2502\n\u250c\u2500\u2500\u2500\u2500\u2500\u2500\u2500\u2500\u2500\u2500\u2500\u2500\u2500\u2534\u2500\u2500\u2500\u2500\u2500\u2500\u2500\u2500\u2500\u2500\u2500\u2500\u2500\u2510                                                                                                                                                                              \u250c\u2500\u2500\u2500\u2500\u2500\u2500\u2500\u2500\u2500\u2500\u2500\u2500\u2500\u2534\u2500\u2500\u2500\u2500\u2500\u2500\u2500\u2500\u2500\u2500\u2500\u2500\u2500\u2510\n\u2502         HASH_JOIN         \u2502                                                                                                                                                                              \u2502         SEQ_SCAN          \u2502\n\u2502    \u2500\u2500\u2500\u2500\u2500\u2500\u2500\u2500\u2500\u2500\u2500\u2500\u2500\u2500\u2500\u2500\u2500\u2500\u2500\u2500   \u2502                                                                                                                                                                              \u2502    \u2500\u2500\u2500\u2500\u2500\u2500\u2500\u2500\u2500\u2500\u2500\u2500\u2500\u2500\u2500\u2500\u2500\u2500\u2500\u2500   \u2502\n\u2502      Join Type: INNER     \u2502                                                                                                                                                                              \u2502       Table: reason       \u2502\n\u2502                           \u2502                                                                                                                                                                              \u2502   Type: Sequential Scan   \u2502\n\u2502        Conditions:        \u2502                                                                                                                                                                              \u2502                           \u2502\n\u2502      ws_web_page_sk =     \u251c\u2500\u2500\u2500\u2500\u2500\u2500\u2500\u2500\u2500\u2500\u2500\u2500\u2500\u2500\u2500\u2500\u2500\u2500\u2500\u2500\u2500\u2500\u2500\u2500\u2500\u2500\u2500\u2500\u2500\u2500\u2500\u2500\u2500\u2500\u2500\u2500\u2500\u2500\u2500\u2500\u2500\u2500\u2500\u2500\u2500\u2500\u2500\u2500\u2500\u2500\u2500\u2500\u2500\u2500\u2500\u2500\u2500\u2500\u2500\u2500\u2500\u2500\u2500\u2500\u2500\u2500\u2500\u2500\u2500\u2500\u2500\u2500\u2500\u2500\u2500\u2500\u2500\u2500\u2500\u2500\u2500\u2500\u2500\u2500\u2500\u2500\u2500\u2500\u2500\u2500\u2500\u2500\u2500\u2500\u2500\u2500\u2500\u2500\u2500\u2500\u2500\u2500\u2500\u2500\u2500\u2500\u2500\u2500\u2500\u2500\u2500\u2500\u2500\u2500\u2500\u2500\u2500\u2500\u2500\u2500\u2500\u2500\u2500\u2500\u2500\u2500\u2500\u2500\u2500\u2500\u2500\u2500\u2500\u2500\u2500\u2500\u2500\u2500\u2500\u2500\u2500\u2500\u2500\u2500\u2500\u2500\u2500\u2500\u2500\u2500\u2500\u2500\u2500\u2500\u2500\u2500\u2500\u2500\u2500\u2510              \u2502        Projections:       \u2502\n\u2502       wp_web_page_sk      \u2502                                                                                                                                                               \u2502              \u2502        r_reason_sk        \u2502\n\u2502                           \u2502                                                                                                                                                               \u2502              \u2502       r_reason_desc       \u2502\n\u2502                           \u2502                                                                                                                                                               \u2502              \u2502                           \u2502\n\u2502        ~10,932 rows       \u2502                                                                                                                                                               \u2502              \u2502          ~45 rows         \u2502\n\u2514\u2500\u2500\u2500\u2500\u2500\u2500\u2500\u2500\u2500\u2500\u2500\u2500\u2500\u252c\u2500\u2500\u2500\u2500\u2500\u2500\u2500\u2500\u2500\u2500\u2500\u2500\u2500\u2518                                                                                                                                                               \u2502              \u2514\u2500\u2500\u2500\u2500\u2500\u2500\u2500\u2500\u2500\u2500\u2500\u2500\u2500\u2500\u2500\u2500\u2500\u2500\u2500\u2500\u2500\u2500\u2500\u2500\u2500\u2500\u2500\u2518\n\u250c\u2500\u2500\u2500\u2500\u2500\u2500\u2500\u2500\u2500\u2500\u2500\u2500\u2500\u2534\u2500\u2500\u2500\u2500\u2500\u2500\u2500\u2500\u2500\u2500\u2500\u2500\u2500\u2510                                                                                                                                                 \u250c\u2500\u2500\u2500\u2500\u2500\u2500\u2500\u2500\u2500\u2500\u2500\u2500\u2500\u2534\u2500\u2500\u2500\u2500\u2500\u2500\u2500\u2500\u2500\u2500\u2500\u2500\u2500\u2510\n\u2502         HASH_JOIN         \u2502                                                                                                                                                 \u2502         SEQ_SCAN          \u2502\n\u2502    \u2500\u2500\u2500\u2500\u2500\u2500\u2500\u2500\u2500\u2500\u2500\u2500\u2500\u2500\u2500\u2500\u2500\u2500\u2500\u2500   \u2502                                                                                                                                                 \u2502    \u2500\u2500\u2500\u2500\u2500\u2500\u2500\u2500\u2500\u2500\u2500\u2500\u2500\u2500\u2500\u2500\u2500\u2500\u2500\u2500   \u2502\n\u2502      Join Type: INNER     \u2502                                                                                                                                                 \u2502      Table: web_page      \u2502\n\u2502                           \u2502                                                                                                                                                 \u2502   Type: Sequential Scan   \u2502\n\u2502        Conditions:        \u2502                                                                                                                                                 \u2502                           \u2502\n\u2502        cd_demo_sk =       \u2502                                                                                                                                                 \u2502        Projections:       \u2502\n\u2502    wr_returning_cdemo_sk  \u251c\u2500\u2500\u2500\u2500\u2500\u2500\u2500\u2500\u2500\u2500\u2500\u2500\u2500\u2500\u2510                                                                                                                                  \u2502       wp_web_page_sk      \u2502\n\u2502   cd_education_status =   \u2502              \u2502                                                                                                                                  \u2502                           \u2502\n\u2502     cd_education_status   \u2502              \u2502                                                                                                                                  \u2502                           \u2502\n\u2502    cd_marital_status =    \u2502              \u2502                                                                                                                                  \u2502                           \u2502\n\u2502      cd_marital_status    \u2502              \u2502                                                                                                                                  \u2502                           \u2502\n\u2502                           \u2502              \u2502                                                                                                                                  \u2502                           \u2502\n\u2502        ~12,189 rows       \u2502              \u2502                                                                                                                                  \u2502         ~200 rows         \u2502\n\u2514\u2500\u2500\u2500\u2500\u2500\u2500\u2500\u2500\u2500\u2500\u2500\u2500\u2500\u252c\u2500\u2500\u2500\u2500\u2500\u2500\u2500\u2500\u2500\u2500\u2500\u2500\u2500\u2518              \u2502                                                                                                                                  \u2514\u2500\u2500\u2500\u2500\u2500\u2500\u2500\u2500\u2500\u2500\u2500\u2500\u2500\u2500\u2500\u2500\u2500\u2500\u2500\u2500\u2500\u2500\u2500\u2500\u2500\u2500\u2500\u2518\n\u250c\u2500\u2500\u2500\u2500\u2500\u2500\u2500\u2500\u2500\u2500\u2500\u2500\u2500\u2534\u2500\u2500\u2500\u2500\u2500\u2500\u2500\u2500\u2500\u2500\u2500\u2500\u2500\u2510\u250c\u2500\u2500\u2500\u2500\u2500\u2500\u2500\u2500\u2500\u2500\u2500\u2500\u2500\u2534\u2500\u2500\u2500\u2500\u2500\u2500\u2500\u2500\u2500\u2500\u2500\u2500\u2500\u2510\n\u2502         SEQ_SCAN          \u2502\u2502         PROJECTION        \u2502\n\u2502    \u2500\u2500\u2500\u2500\u2500\u2500\u2500\u2500\u2500\u2500\u2500\u2500\u2500\u2500\u2500\u2500\u2500\u2500\u2500\u2500   \u2502\u2502    \u2500\u2500\u2500\u2500\u2500\u2500\u2500\u2500\u2500\u2500\u2500\u2500\u2500\u2500\u2500\u2500\u2500\u2500\u2500\u2500   \u2502\n\u2502           Table:          \u2502\u2502             #0            \u2502\n\u2502   customer_demographics   \u2502\u2502             #1            \u2502\n\u2502                           \u2502\u2502             #2            \u2502\n\u2502   Type: Sequential Scan   \u2502\u2502             #3            \u2502\n\u2502                           \u2502\u2502             #4            \u2502\n\u2502        Projections:       \u2502\u2502             #5            \u2502\n\u2502         cd_demo_sk        \u2502\u2502             #6            \u2502\n\u2502     cd_marital_status     \u2502\u2502             #8            \u2502\n\u2502    cd_education_status    \u2502\u2502                           \u2502\n\u2502                           \u2502\u2502                           \u2502\n\u2502          Filters:         \u2502\u2502                           \u2502\n\u2502     cd_demo_sk>=3 AND     \u2502\u2502                           \u2502\n\u2502     cd_demo_sk<=1920799   \u2502\u2502                           \u2502\n\u2502                           \u2502\u2502                           \u2502\n\u2502      ~1,920,800 rows      \u2502\u2502        ~36,569 rows       \u2502\n\u2514\u2500\u2500\u2500\u2500\u2500\u2500\u2500\u2500\u2500\u2500\u2500\u2500\u2500\u2500\u2500\u2500\u2500\u2500\u2500\u2500\u2500\u2500\u2500\u2500\u2500\u2500\u2500\u2518\u2514\u2500\u2500\u2500\u2500\u2500\u2500\u2500\u2500\u2500\u2500\u2500\u2500\u2500\u252c\u2500\u2500\u2500\u2500\u2500\u2500\u2500\u2500\u2500\u2500\u2500\u2500\u2500\u2518\n                             \u250c\u2500\u2500\u2500\u2500\u2500\u2500\u2500\u2500\u2500\u2500\u2500\u2500\u2500\u2534\u2500\u2500\u2500\u2500\u2500\u2500\u2500\u2500\u2500\u2500\u2500\u2500\u2500\u2510\n                             \u2502           FILTER          \u2502\n                             \u2502    \u2500\u2500\u2500\u2500\u2500\u2500\u2500\u2500\u2500\u2500\u2500\u2500\u2500\u2500\u2500\u2500\u2500\u2500\u2500\u2500   \u2502\n                             \u2502 ((((ws_sales_price >= 100 \u2502\n                             \u2502 .00) AND (ws_sales_price <\u2502\n                             \u2502      = 150.00)) AND       \u2502\n                             \u2502 (cd_marital_status = 'M') \u2502\n                             \u2502  AND (cd_education_status \u2502\n                             \u2502  = '4 yr Degree')) OR ((  \u2502\n                             \u2502 (ws_sales_price >= 50.00) \u2502\n                             \u2502   AND (ws_sales_price <=  \u2502\n                             \u2502        100.00)) AND       \u2502\n                             \u2502 (cd_marital_status = 'S') \u2502\n                             \u2502  AND (cd_education_status \u2502\n                             \u2502   = 'Secondary')) OR ((   \u2502\n                             \u2502 (ws_sales_price >= 150.00)\u2502\n                             \u2502   AND (ws_sales_price <=  \u2502\n                             \u2502        200.00)) AND       \u2502\n                             \u2502 (cd_marital_status = 'W') \u2502\n                             \u2502  AND (cd_education_status \u2502\n                             \u2502   = 'Advanced Degree')))  \u2502\n                             \u2502                           \u2502\n                             \u2502        ~36,569 rows       \u2502\n                             \u2514\u2500\u2500\u2500\u2500\u2500\u2500\u2500\u2500\u2500\u2500\u2500\u2500\u2500\u252c\u2500\u2500\u2500\u2500\u2500\u2500\u2500\u2500\u2500\u2500\u2500\u2500\u2500\u2518\n                             \u250c\u2500\u2500\u2500\u2500\u2500\u2500\u2500\u2500\u2500\u2500\u2500\u2500\u2500\u2534\u2500\u2500\u2500\u2500\u2500\u2500\u2500\u2500\u2500\u2500\u2500\u2500\u2500\u2510\n                             \u2502         HASH_JOIN         \u2502\n                             \u2502    \u2500\u2500\u2500\u2500\u2500\u2500\u2500\u2500\u2500\u2500\u2500\u2500\u2500\u2500\u2500\u2500\u2500\u2500\u2500\u2500   \u2502\n                             \u2502      Join Type: INNER     \u2502\n                             \u2502                           \u2502\n                             \u2502        Conditions:        \u251c\u2500\u2500\u2500\u2500\u2500\u2500\u2500\u2500\u2500\u2500\u2500\u2500\u2500\u2500\u2510\n                             \u2502        cd_demo_sk =       \u2502              \u2502\n                             \u2502    wr_refunded_cdemo_sk   \u2502              \u2502\n                             \u2502                           \u2502              \u2502\n                             \u2502        ~36,569 rows       \u2502              \u2502\n                             \u2514\u2500\u2500\u2500\u2500\u2500\u2500\u2500\u2500\u2500\u2500\u2500\u2500\u2500\u252c\u2500\u2500\u2500\u2500\u2500\u2500\u2500\u2500\u2500\u2500\u2500\u2500\u2500\u2518              \u2502\n                             \u250c\u2500\u2500\u2500\u2500\u2500\u2500\u2500\u2500\u2500\u2500\u2500\u2500\u2500\u2534\u2500\u2500\u2500\u2500\u2500\u2500\u2500\u2500\u2500\u2500\u2500\u2500\u2500\u2510\u250c\u2500\u2500\u2500\u2500\u2500\u2500\u2500\u2500\u2500\u2500\u2500\u2500\u2500\u2534\u2500\u2500\u2500\u2500\u2500\u2500\u2500\u2500\u2500\u2500\u2500\u2500\u2500\u2510\n                             \u2502         SEQ_SCAN          \u2502\u2502         PROJECTION        \u2502\n                             \u2502    \u2500\u2500\u2500\u2500\u2500\u2500\u2500\u2500\u2500\u2500\u2500\u2500\u2500\u2500\u2500\u2500\u2500\u2500\u2500\u2500   \u2502\u2502    \u2500\u2500\u2500\u2500\u2500\u2500\u2500\u2500\u2500\u2500\u2500\u2500\u2500\u2500\u2500\u2500\u2500\u2500\u2500\u2500   \u2502\n                             \u2502           Table:          \u2502\u2502             #0            \u2502\n                             \u2502   customer_demographics   \u2502\u2502             #1            \u2502\n                             \u2502                           \u2502\u2502             #2            \u2502\n                             \u2502   Type: Sequential Scan   \u2502\u2502             #3            \u2502\n                             \u2502                           \u2502\u2502             #4            \u2502\n                             \u2502        Projections:       \u2502\u2502             #6            \u2502\n                             \u2502         cd_demo_sk        \u2502\u2502             #7            \u2502\n                             \u2502     cd_marital_status     \u2502\u2502             #9            \u2502\n                             \u2502    cd_education_status    \u2502\u2502                           \u2502\n                             \u2502                           \u2502\u2502                           \u2502\n                             \u2502          Filters:         \u2502\u2502                           \u2502\n                             \u2502     cd_demo_sk>=3 AND     \u2502\u2502                           \u2502\n                             \u2502     cd_demo_sk<=1920799   \u2502\u2502                           \u2502\n                             \u2502                           \u2502\u2502                           \u2502\n                             \u2502      ~1,920,800 rows      \u2502\u2502        ~36,569 rows       \u2502\n                             \u2514\u2500\u2500\u2500\u2500\u2500\u2500\u2500\u2500\u2500\u2500\u2500\u2500\u2500\u2500\u2500\u2500\u2500\u2500\u2500\u2500\u2500\u2500\u2500\u2500\u2500\u2500\u2500\u2518\u2514\u2500\u2500\u2500\u2500\u2500\u2500\u2500\u2500\u2500\u2500\u2500\u2500\u2500\u252c\u2500\u2500\u2500\u2500\u2500\u2500\u2500\u2500\u2500\u2500\u2500\u2500\u2500\u2518\n                                                          \u250c\u2500\u2500\u2500\u2500\u2500\u2500\u2500\u2500\u2500\u2500\u2500\u2500\u2500\u2534\u2500\u2500\u2500\u2500\u2500\u2500\u2500\u2500\u2500\u2500\u2500\u2500\u2500\u2510\n                                                          \u2502           FILTER          \u2502\n                                                          \u2502    \u2500\u2500\u2500\u2500\u2500\u2500\u2500\u2500\u2500\u2500\u2500\u2500\u2500\u2500\u2500\u2500\u2500\u2500\u2500\u2500   \u2502\n                                                          \u2502  ((((ws_net_profit >= 100 \u2502\n                                                          \u2502 .00) AND (ws_net_profit <=\u2502\n                                                          \u2502  200.00)) AND ((ca_state =\u2502\n                                                          \u2502  'FL') OR (ca_state = 'TX'\u2502\n                                                          \u2502  ) OR (ca_state = 'DE'))) \u2502\n                                                          \u2502   OR (((ws_net_profit >=  \u2502\n                                                          \u2502        150.00) AND        \u2502\n                                                          \u2502 (ws_net_profit <= 300.00))\u2502\n                                                          \u2502  AND ((ca_state = 'IN') OR\u2502\n                                                          \u2502    (ca_state = 'ND') OR   \u2502\n                                                          \u2502 (ca_state = 'ID'))) OR (( \u2502\n                                                          \u2502  (ws_net_profit >= 50.00) \u2502\n                                                          \u2502  AND (ws_net_profit <= 250\u2502\n                                                          \u2502 .00)) AND ((ca_state = 'MT\u2502\n                                                          \u2502 ') OR (ca_state = 'IL') OR\u2502\n                                                          \u2502    (ca_state = 'OH'))))   \u2502\n                                                          \u2502                           \u2502\n                                                          \u2502        ~36,569 rows       \u2502\n                                                          \u2514\u2500\u2500\u2500\u2500\u2500\u2500\u2500\u2500\u2500\u2500\u2500\u2500\u2500\u252c\u2500\u2500\u2500\u2500\u2500\u2500\u2500\u2500\u2500\u2500\u2500\u2500\u2500\u2518\n                                                          \u250c\u2500\u2500\u2500\u2500\u2500\u2500\u2500\u2500\u2500\u2500\u2500\u2500\u2500\u2534\u2500\u2500\u2500\u2500\u2500\u2500\u2500\u2500\u2500\u2500\u2500\u2500\u2500\u2510\n                                                          \u2502         HASH_JOIN         \u2502\n                                                          \u2502    \u2500\u2500\u2500\u2500\u2500\u2500\u2500\u2500\u2500\u2500\u2500\u2500\u2500\u2500\u2500\u2500\u2500\u2500\u2500\u2500   \u2502\n                                                          \u2502      Join Type: INNER     \u2502\n                                                          \u2502                           \u2502\n                                                          \u2502        Conditions:        \u2502\n                                                          \u2502  wr_item_sk = ws_item_sk  \u251c\u2500\u2500\u2500\u2500\u2500\u2500\u2500\u2500\u2500\u2500\u2500\u2500\u2500\u2500\u2500\u2500\u2500\u2500\u2500\u2500\u2500\u2500\u2500\u2500\u2500\u2500\u2500\u2500\u2500\u2500\u2500\u2500\u2500\u2500\u2500\u2500\u2500\u2500\u2500\u2500\u2500\u2500\u2500\u2510\n                                                          \u2502     wr_order_number =     \u2502                                           \u2502\n                                                          \u2502       ws_order_number     \u2502                                           \u2502\n                                                          \u2502                           \u2502                                           \u2502\n                                                          \u2502        ~36,569 rows       \u2502                                           \u2502\n                                                          \u2514\u2500\u2500\u2500\u2500\u2500\u2500\u2500\u2500\u2500\u2500\u2500\u2500\u2500\u252c\u2500\u2500\u2500\u2500\u2500\u2500\u2500\u2500\u2500\u2500\u2500\u2500\u2500\u2518                                           \u2502\n                                                          \u250c\u2500\u2500\u2500\u2500\u2500\u2500\u2500\u2500\u2500\u2500\u2500\u2500\u2500\u2534\u2500\u2500\u2500\u2500\u2500\u2500\u2500\u2500\u2500\u2500\u2500\u2500\u2500\u2510                             \u250c\u2500\u2500\u2500\u2500\u2500\u2500\u2500\u2500\u2500\u2500\u2500\u2500\u2500\u2534\u2500\u2500\u2500\u2500\u2500\u2500\u2500\u2500\u2500\u2500\u2500\u2500\u2500\u2510\n                                                          \u2502         HASH_JOIN         \u2502                             \u2502         HASH_JOIN         \u2502\n                                                          \u2502    \u2500\u2500\u2500\u2500\u2500\u2500\u2500\u2500\u2500\u2500\u2500\u2500\u2500\u2500\u2500\u2500\u2500\u2500\u2500\u2500   \u2502                             \u2502    \u2500\u2500\u2500\u2500\u2500\u2500\u2500\u2500\u2500\u2500\u2500\u2500\u2500\u2500\u2500\u2500\u2500\u2500\u2500\u2500   \u2502\n                                                          \u2502      Join Type: INNER     \u2502                             \u2502      Join Type: INNER     \u2502\n                                                          \u2502                           \u2502                             \u2502                           \u2502\n                                                          \u2502        Conditions:        \u251c\u2500\u2500\u2500\u2500\u2500\u2500\u2500\u2500\u2500\u2500\u2500\u2500\u2500\u2500\u2510              \u2502        Conditions:        \u251c\u2500\u2500\u2500\u2500\u2500\u2500\u2500\u2500\u2500\u2500\u2500\u2500\u2500\u2500\u2510\n                                                          \u2502   wr_refunded_addr_sk =   \u2502              \u2502              \u2502ws_sold_date_sk = d_date_sk\u2502              \u2502\n                                                          \u2502        ca_address_sk      \u2502              \u2502              \u2502                           \u2502              \u2502\n                                                          \u2502                           \u2502              \u2502              \u2502                           \u2502              \u2502\n                                                          \u2502       ~129,726 rows       \u2502              \u2502              \u2502        ~57,640 rows       \u2502              \u2502\n                                                          \u2514\u2500\u2500\u2500\u2500\u2500\u2500\u2500\u2500\u2500\u2500\u2500\u2500\u2500\u252c\u2500\u2500\u2500\u2500\u2500\u2500\u2500\u2500\u2500\u2500\u2500\u2500\u2500\u2518              \u2502              \u2514\u2500\u2500\u2500\u2500\u2500\u2500\u2500\u2500\u2500\u2500\u2500\u2500\u2500\u252c\u2500\u2500\u2500\u2500\u2500\u2500\u2500\u2500\u2500\u2500\u2500\u2500\u2500\u2518              \u2502\n                                                          \u250c\u2500\u2500\u2500\u2500\u2500\u2500\u2500\u2500\u2500\u2500\u2500\u2500\u2500\u2534\u2500\u2500\u2500\u2500\u2500\u2500\u2500\u2500\u2500\u2500\u2500\u2500\u2500\u2510\u250c\u2500\u2500\u2500\u2500\u2500\u2500\u2500\u2500\u2500\u2500\u2500\u2500\u2500\u2534\u2500\u2500\u2500\u2500\u2500\u2500\u2500\u2500\u2500\u2500\u2500\u2500\u2500\u2510\u250c\u2500\u2500\u2500\u2500\u2500\u2500\u2500\u2500\u2500\u2500\u2500\u2500\u2500\u2534\u2500\u2500\u2500\u2500\u2500\u2500\u2500\u2500\u2500\u2500\u2500\u2500\u2500\u2510\u250c\u2500\u2500\u2500\u2500\u2500\u2500\u2500\u2500\u2500\u2500\u2500\u2500\u2500\u2534\u2500\u2500\u2500\u2500\u2500\u2500\u2500\u2500\u2500\u2500\u2500\u2500\u2500\u2510\n                                                          \u2502         SEQ_SCAN          \u2502\u2502         SEQ_SCAN          \u2502\u2502         SEQ_SCAN          \u2502\u2502           FILTER          \u2502\n                                                          \u2502    \u2500\u2500\u2500\u2500\u2500\u2500\u2500\u2500\u2500\u2500\u2500\u2500\u2500\u2500\u2500\u2500\u2500\u2500\u2500\u2500   \u2502\u2502    \u2500\u2500\u2500\u2500\u2500\u2500\u2500\u2500\u2500\u2500\u2500\u2500\u2500\u2500\u2500\u2500\u2500\u2500\u2500\u2500   \u2502\u2502    \u2500\u2500\u2500\u2500\u2500\u2500\u2500\u2500\u2500\u2500\u2500\u2500\u2500\u2500\u2500\u2500\u2500\u2500\u2500\u2500   \u2502\u2502    \u2500\u2500\u2500\u2500\u2500\u2500\u2500\u2500\u2500\u2500\u2500\u2500\u2500\u2500\u2500\u2500\u2500\u2500\u2500\u2500   \u2502\n                                                          \u2502     Table: web_returns    \u2502\u2502           Table:          \u2502\u2502      Table: web_sales     \u2502\u2502 (d_date_sk BETWEEN 2450816\u2502\n                                                          \u2502   Type: Sequential Scan   \u2502\u2502      customer_address     \u2502\u2502   Type: Sequential Scan   \u2502\u2502        AND 2452642)       \u2502\n                                                          \u2502                           \u2502\u2502                           \u2502\u2502                           \u2502\u2502                           \u2502\n                                                          \u2502        Projections:       \u2502\u2502   Type: Sequential Scan   \u2502\u2502        Projections:       \u2502\u2502                           \u2502\n                                                          \u2502         wr_item_sk        \u2502\u2502                           \u2502\u2502       ws_web_page_sk      \u2502\u2502                           \u2502\n                                                          \u2502      wr_order_number      \u2502\u2502        Projections:       \u2502\u2502         ws_item_sk        \u2502\u2502                           \u2502\n                                                          \u2502    wr_refunded_cdemo_sk   \u2502\u2502       ca_address_sk       \u2502\u2502      ws_order_number      \u2502\u2502                           \u2502\n                                                          \u2502   wr_returning_cdemo_sk   \u2502\u2502          ca_state         \u2502\u2502      ws_sold_date_sk      \u2502\u2502                           \u2502\n                                                          \u2502    wr_refunded_addr_sk    \u2502\u2502                           \u2502\u2502       ws_sales_price      \u2502\u2502                           \u2502\n                                                          \u2502        wr_reason_sk       \u2502\u2502          Filters:         \u2502\u2502       ws_net_profit       \u2502\u2502                           \u2502\n                                                          \u2502      wr_refunded_cash     \u2502\u2502 ca_country='United States'\u2502\u2502        ws_quantity        \u2502\u2502                           \u2502\n                                                          \u2502           wr_fee          \u2502\u2502                           \u2502\u2502                           \u2502\u2502                           \u2502\n                                                          \u2502                           \u2502\u2502                           \u2502\u2502                           \u2502\u2502                           \u2502\n                                                          \u2502       ~719,222 rows       \u2502\u2502        ~50,000 rows       \u2502\u2502      ~7,197,566 rows      \u2502\u2502         ~585 rows         \u2502\n                                                          \u2514\u2500\u2500\u2500\u2500\u2500\u2500\u2500\u2500\u2500\u2500\u2500\u2500\u2500\u2500\u2500\u2500\u2500\u2500\u2500\u2500\u2500\u2500\u2500\u2500\u2500\u2500\u2500\u2518\u2514\u2500\u2500\u2500\u2500\u2500\u2500\u2500\u2500\u2500\u2500\u2500\u2500\u2500\u2500\u2500\u2500\u2500\u2500\u2500\u2500\u2500\u2500\u2500\u2500\u2500\u2500\u2500\u2518\u2514\u2500\u2500\u2500\u2500\u2500\u2500\u2500\u2500\u2500\u2500\u2500\u2500\u2500\u2500\u2500\u2500\u2500\u2500\u2500\u2500\u2500\u2500\u2500\u2500\u2500\u2500\u2500\u2518\u2514\u2500\u2500\u2500\u2500\u2500\u2500\u2500\u2500\u2500\u2500\u2500\u2500\u2500\u252c\u2500\u2500\u2500\u2500\u2500\u2500\u2500\u2500\u2500\u2500\u2500\u2500\u2500\u2518\n                                                                                                                                                 \u250c\u2500\u2500\u2500\u2500\u2500\u2500\u2500\u2500\u2500\u2500\u2500\u2500\u2500\u2534\u2500\u2500\u2500\u2500\u2500\u2500\u2500\u2500\u2500\u2500\u2500\u2500\u2500\u2510\n                                                                                                                                                 \u2502         SEQ_SCAN          \u2502\n                                                                                                                                                 \u2502    \u2500\u2500\u2500\u2500\u2500\u2500\u2500\u2500\u2500\u2500\u2500\u2500\u2500\u2500\u2500\u2500\u2500\u2500\u2500\u2500   \u2502\n                                                                                                                                                 \u2502      Table: date_dim      \u2502\n                                                                                                                                                 \u2502   Type: Sequential Scan   \u2502\n                                                                                                                                                 \u2502                           \u2502\n                                                                                                                                                 \u2502        Projections:       \u2502\n                                                                                                                                                 \u2502         d_date_sk         \u2502\n                                                                                                                                                 \u2502                           \u2502\n                                                                                                                                                 \u2502    Filters: d_year=2000   \u2502\n                                                                                                                                                 \u2502                           \u2502\n                                                                                                                                                 \u2502         ~585 rows         \u2502\n                                                                                                                                                 \u2514\u2500\u2500\u2500\u2500\u2500\u2500\u2500\u2500\u2500\u2500\u2500\u2500\u2500\u2500\u2500\u2500\u2500\u2500\u2500\u2500\u2500\u2500\u2500\u2500\u2500\u2500\u2500\u2518\n",
  "plan_json": {
    "total_bytes_written": 0,
    "total_bytes_read": 0,
    "rows_returned": 0,
    "latency": 0.0,
    "result_set_size": 0,
    "query_name": "",
    "blocked_thread_time": 0.0,
    "system_peak_buffer_memory": 0,
    "system_peak_temp_dir_size": 0,
    "cpu_time": 0.0,
    "extra_info": {},
    "cumulative_cardinality": 0,
    "cumulative_rows_scanned": 0,
    "children": [
      {
        "total_bytes_written": 0,
        "total_bytes_read": 0,
        "result_set_size": 0,
        "operator_name": "EXPLAIN_ANALYZE",
        "cpu_time": 0.0,
        "extra_info": {},
        "cumulative_cardinality": 0,
        "operator_type": "EXPLAIN_ANALYZE",
        "operator_cardinality": 0,
        "cumulative_rows_scanned": 0,
        "operator_rows_scanned": 0,
        "operator_timing": 3.06e-07,
        "children": [
          {
            "total_bytes_written": 0,
            "total_bytes_read": 0,
            "result_set_size": 520,
            "operator_name": "TOP_N",
            "cpu_time": 0.0,
            "extra_info": {
              "Top": "100",
              "Order By": [
                "substr(tpcds_sf10_1.main.reason.r_reason_desc, 1, 20) ASC",
                "avg(tpcds_sf10_1.main.web_sales.ws_quantity) ASC",
                "avg(tpcds_sf10_1.main.web_returns.wr_refunded_cash) ASC",
                "avg(tpcds_sf10_1.main.web_returns.wr_fee) ASC"
              ]
            },
            "cumulative_cardinality": 0,
            "operator_type": "TOP_N",
            "operator_cardinality": 13,
            "cumulative_rows_scanned": 0,
            "operator_rows_scanned": 0,
            "operator_timing": 0.00023919399999999997,
            "children": [
              {
                "total_bytes_written": 0,
                "total_bytes_read": 0,
                "result_set_size": 520,
                "operator_name": "PROJECTION",
                "cpu_time": 0.0,
                "extra_info": {
                  "Projections": [
                    "substr(r_reason_desc, 1, 20)",
                    "avg(ws_quantity)",
                    "avg(wr_refunded_cash)",
                    "avg(wr_fee)"
                  ],
                  "Estimated Cardinality": "10335"
                },
                "cumulative_cardinality": 0,
                "operator_type": "PROJECTION",
                "operator_cardinality": 13,
                "cumulative_rows_scanned": 0,
                "operator_rows_scanned": 0,
                "operator_timing": 6.2838e-05,
                "children": [
                  {
                    "total_bytes_written": 0,
                    "total_bytes_read": 0,
                    "result_set_size": 520,
                    "operator_name": "HASH_GROUP_BY",
                    "cpu_time": 0.0,
                    "extra_info": {
                      "Groups": "#0",
                      "Aggregates": [
                        "avg(#1)",
                        "avg(#2)",
                        "avg(#3)"
                      ],
                      "Estimated Cardinality": "10335"
                    },
                    "cumulative_cardinality": 0,
                    "operator_type": "HASH_GROUP_BY",
                    "operator_cardinality": 13,
                    "cumulative_rows_scanned": 0,
                    "operator_rows_scanned": 0,
                    "operator_timing": 0.002343785,
                    "children": [
                      {
                        "total_bytes_written": 0,
                        "total_bytes_read": 0,
                        "result_set_size": 476,
                        "operator_name": "PROJECTION",
                        "cpu_time": 0.0,
                        "extra_info": {
                          "Projections": [
                            "r_reason_desc",
                            "ws_quantity",
                            "wr_refunded_cash",
                            "wr_fee"
                          ],
                          "Estimated Cardinality": "10932"
                        },
                        "cumulative_cardinality": 0,
                        "operator_type": "PROJECTION",
                        "operator_cardinality": 17,
                        "cumulative_rows_scanned": 0,
                        "operator_rows_scanned": 0,
                        "operator_timing": 4.205e-06,
                        "children": [
                          {
                            "total_bytes_written": 0,
                            "total_bytes_read": 0,
                            "result_set_size": 476,
                            "operator_name": "HASH_JOIN",
                            "cpu_time": 0.0,
                            "extra_info": {
                              "Join Type": "INNER",
                              "Conditions": "wr_reason_sk = r_reason_sk",
                              "Estimated Cardinality": "10932"
                            },
                            "cumulative_cardinality": 0,
                            "operator_type": "HASH_JOIN",
                            "operator_cardinality": 17,
                            "cumulative_rows_scanned": 0,
                            "operator_rows_scanned": 0,
                            "operator_timing": 0.000270574,
                            "children": [
                              {
                                "total_bytes_written": 0,
                                "total_bytes_read": 0,
                                "result_set_size": 340,
                                "operator_name": "HASH_JOIN",
                                "cpu_time": 0.0,
                                "extra_info": {
                                  "Join Type": "INNER",
                                  "Conditions": "ws_web_page_sk = wp_web_page_sk",
                                  "Estimated Cardinality": "10932"
                                },
                                "cumulative_cardinality": 0,
                                "operator_type": "HASH_JOIN",
                                "operator_cardinality": 17,
                                "cumulative_rows_scanned": 0,
                                "operator_rows_scanned": 0,
                                "operator_timing": 0.00016897900000000004,
                                "children": [
                                  {
                                    "total_bytes_written": 0,
                                    "total_bytes_read": 0,
                                    "result_set_size": 952,
                                    "operator_name": "HASH_JOIN",
                                    "cpu_time": 0.0,
                                    "extra_info": {
                                      "Join Type": "INNER",
                                      "Conditions": [
                                        "cd_demo_sk = wr_returning_cdemo_sk",
                                        "cd_education_status = cd_education_status",
                                        "cd_marital_status = cd_marital_status"
                                      ],
                                      "Estimated Cardinality": "12189"
                                    },
                                    "cumulative_cardinality": 0,
                                    "operator_type": "HASH_JOIN",
                                    "operator_cardinality": 17,
                                    "cumulative_rows_scanned": 0,
                                    "operator_rows_scanned": 0,
                                    "operator_timing": 0.004984236,
                                    "children": [
                                      {
                                        "total_bytes_written": 0,
                                        "total_bytes_read": 0,
                                        "result_set_size": 24651936,
                                        "operator_name": "SEQ_SCAN ",
                                        "cpu_time": 0.0,
                                        "extra_info": {
                                          "Table": "customer_demographics",
                                          "Type": "Sequential Scan",
                                          "Projections": [
                                            "cd_demo_sk",
                                            "cd_marital_status",
                                            "cd_education_status"
                                          ],
                                          "Filters": "cd_demo_sk>=3 AND cd_demo_sk<=1920799",
                                          "Estimated Cardinality": "1920800"
                                        },
                                        "cumulative_cardinality": 0,
                                        "operator_type": "TABLE_SCAN",
                                        "operator_cardinality": 684776,
                                        "cumulative_rows_scanned": 0,
                                        "operator_rows_scanned": 30732800,
                                        "operator_timing": 0.016469634,
                                        "children": []
                                      },
                                      {
                                        "total_bytes_written": 0,
                                        "total_bytes_read": 0,
                                        "result_set_size": 952,
                                        "operator_name": "PROJECTION",
                                        "cpu_time": 0.0,
                                        "extra_info": {
                                          "Projections": [
                                            "#0",
                                            "#1",
                                            "#2",
                                            "#3",
                                            "#4",
                                            "#5",
                                            "#6",
                                            "#8"
                                          ],
                                          "Estimated Cardinality": "36569"
                                        },
                                        "cumulative_cardinality": 0,
                                        "operator_type": "PROJECTION",
                                        "operator_cardinality": 17,
                                        "cumulative_rows_scanned": 0,
                                        "operator_rows_scanned": 0,
                                        "operator_timing": 6.038999999999999e-06,
                                        "children": [
                                          {
                                            "total_bytes_written": 0,
                                            "total_bytes_read": 0,
                                            "result_set_size": 1020,
                                            "operator_name": "FILTER",
                                            "cpu_time": 0.0,
                                            "extra_info": {
                                              "Expression": "((((ws_sales_price >= 100.00) AND (ws_sales_price <= 150.00)) AND (cd_marital_status = 'M') AND (cd_education_status = '4 yr Degree')) OR (((ws_sales_price >= 50.00) AND (ws_sales_price <= 100.00)) AND (cd_marital_status = 'S') AND (cd_education_status = 'Secondary')) OR (((ws_sales_price >= 150.00) AND (ws_sales_price <= 200.00)) AND (cd_marital_status = 'W') AND (cd_education_status = 'Advanced Degree')))",
                                              "Estimated Cardinality": "36569"
                                            },
                                            "cumulative_cardinality": 0,
                                            "operator_type": "FILTER",
                                            "operator_cardinality": 17,
                                            "cumulative_rows_scanned": 0,
                                            "operator_rows_scanned": 0,
                                            "operator_timing": 0.00042732999999999996,
                                            "children": [
                                              {
                                                "total_bytes_written": 0,
                                                "total_bytes_read": 0,
                                                "result_set_size": 89520,
                                                "operator_name": "HASH_JOIN",
                                                "cpu_time": 0.0,
                                                "extra_info": {
                                                  "Join Type": "INNER",
                                                  "Conditions": "cd_demo_sk = wr_refunded_cdemo_sk",
                                                  "Estimated Cardinality": "36569"
                                                },
                                                "cumulative_cardinality": 0,
                                                "operator_type": "HASH_JOIN",
                                                "operator_cardinality": 1492,
                                                "cumulative_rows_scanned": 0,
                                                "operator_rows_scanned": 0,
                                                "operator_timing": 0.008860573,
                                                "children": [
                                                  {
                                                    "total_bytes_written": 0,
                                                    "total_bytes_read": 0,
                                                    "result_set_size": 69084864,
                                                    "operator_name": "SEQ_SCAN ",
                                                    "cpu_time": 0.0,
                                                    "extra_info": {
                                                      "Table": "customer_demographics",
                                                      "Type": "Sequential Scan",
                                                      "Projections": [
                                                        "cd_demo_sk",
                                                        "cd_marital_status",
                                                        "cd_education_status"
                                                      ],
                                                      "Filters": "cd_demo_sk>=3 AND cd_demo_sk<=1920799",
                                                      "Estimated Cardinality": "1920800"
                                                    },
                                                    "cumulative_cardinality": 0,
                                                    "operator_type": "TABLE_SCAN",
                                                    "operator_cardinality": 1919024,
                                                    "cumulative_rows_scanned": 0,
                                                    "operator_rows_scanned": 30732800,
                                                    "operator_timing": 0.097921652,
                                                    "children": []
                                                  },
                                                  {
                                                    "total_bytes_written": 0,
                                                    "total_bytes_read": 0,
                                                    "result_set_size": 48832,
                                                    "operator_name": "PROJECTION",
                                                    "cpu_time": 0.0,
                                                    "extra_info": {
                                                      "Projections": [
                                                        "#0",
                                                        "#1",
                                                        "#2",
                                                        "#3",
                                                        "#4",
                                                        "#6",
                                                        "#7",
                                                        "#9"
                                                      ],
                                                      "Estimated Cardinality": "36569"
                                                    },
                                                    "cumulative_cardinality": 0,
                                                    "operator_type": "PROJECTION",
                                                    "operator_cardinality": 1526,
                                                    "cumulative_rows_scanned": 0,
                                                    "operator_rows_scanned": 0,
                                                    "operator_timing": 3.925e-06,
                                                    "children": [
                                                      {
                                                        "total_bytes_written": 0,
                                                        "total_bytes_read": 0,
                                                        "result_set_size": 79352,
                                                        "operator_name": "FILTER",
                                                        "cpu_time": 0.0,
                                                        "extra_info": {
                                                          "Expression": "((((ws_net_profit >= 100.00) AND (ws_net_profit <= 200.00)) AND ((ca_state = 'FL') OR (ca_state = 'TX') OR (ca_state = 'DE'))) OR (((ws_net_profit >= 150.00) AND (ws_net_profit <= 300.00)) AND ((ca_state = 'IN') OR (ca_state = 'ND') OR (ca_state = 'ID'))) OR (((ws_net_profit >= 50.00) AND (ws_net_profit <= 250.00)) AND ((ca_state = 'MT') OR (ca_state = 'IL') OR (ca_state = 'OH'))))",
                                                          "Estimated Cardinality": "36569"
                                                        },
                                                        "cumulative_cardinality": 0,
                                                        "operator_type": "FILTER",
                                                        "operator_cardinality": 1526,
                                                        "cumulative_rows_scanned": 0,
                                                        "operator_rows_scanned": 0,
                                                        "operator_timing": 0.006434415,
                                                        "children": [
                                                          {
                                                            "total_bytes_written": 0,
                                                            "total_bytes_read": 0,
                                                            "result_set_size": 6981104,
                                                            "operator_name": "HASH_JOIN",
                                                            "cpu_time": 0.0,
                                                            "extra_info": {
                                                              "Join Type": "INNER",
                                                              "Conditions": [
                                                                "wr_item_sk = ws_item_sk",
                                                                "wr_order_number = ws_order_number"
                                                              ],
                                                              "Estimated Cardinality": "36569"
                                                            },
                                                            "cumulative_cardinality": 0,
                                                            "operator_type": "HASH_JOIN",
                                                            "operator_cardinality": 134252,
                                                            "cumulative_rows_scanned": 0,
                                                            "operator_rows_scanned": 0,
                                                            "operator_timing": 0.20517229200000006,
                                                            "children": [
                                                              {
                                                                "total_bytes_written": 0,
                                                                "total_bytes_read": 0,
                                                                "result_set_size": 29304660,
                                                                "operator_name": "HASH_JOIN",
                                                                "cpu_time": 0.0,
                                                                "extra_info": {
                                                                  "Join Type": "INNER",
                                                                  "Conditions": "wr_refunded_addr_sk = ca_address_sk",
                                                                  "Estimated Cardinality": "129726"
                                                                },
                                                                "cumulative_cardinality": 0,
                                                                "operator_type": "HASH_JOIN",
                                                                "operator_cardinality": 666015,
                                                                "cumulative_rows_scanned": 0,
                                                                "operator_rows_scanned": 0,
                                                                "operator_timing": 0.00755463,
                                                                "children": [
                                                                  {
                                                                    "total_bytes_written": 0,
                                                                    "total_bytes_read": 0,
                                                                    "result_set_size": 21989440,
                                                                    "operator_name": "SEQ_SCAN ",
                                                                    "cpu_time": 0.0,
                                                                    "extra_info": {
                                                                      "Table": "web_returns",
                                                                      "Type": "Sequential Scan",
                                                                      "Projections": [
                                                                        "wr_item_sk",
                                                                        "wr_order_number",
                                                                        "wr_refunded_cdemo_sk",
                                                                        "wr_returning_cdemo_sk",
                                                                        "wr_refunded_addr_sk",
                                                                        "wr_reason_sk",
                                                                        "wr_refunded_cash",
                                                                        "wr_fee"
                                                                      ],
                                                                      "Estimated Cardinality": "719222"
                                                                    },
                                                                    "cumulative_cardinality": 0,
                                                                    "operator_type": "TABLE_SCAN",
                                                                    "operator_cardinality": 687170,
                                                                    "cumulative_rows_scanned": 0,
                                                                    "operator_rows_scanned": 4315332,
                                                                    "operator_timing": 0.159009813,
                                                                    "children": []
                                                                  },
                                                                  {
                                                                    "total_bytes_written": 0,
                                                                    "total_bytes_read": 0,
                                                                    "result_set_size": 4847020,
                                                                    "operator_name": "SEQ_SCAN ",
                                                                    "cpu_time": 0.0,
                                                                    "extra_info": {
                                                                      "Table": "customer_address",
                                                                      "Type": "Sequential Scan",
                                                                      "Projections": [
                                                                        "ca_address_sk",
                                                                        "ca_state"
                                                                      ],
                                                                      "Filters": "ca_country='United States'",
                                                                      "Estimated Cardinality": "50000"
                                                                    },
                                                                    "cumulative_cardinality": 0,
                                                                    "operator_type": "TABLE_SCAN",
                                                                    "operator_cardinality": 242351,
                                                                    "cumulative_rows_scanned": 0,
                                                                    "operator_rows_scanned": 750000,
                                                                    "operator_timing": 0.05594847599999998,
                                                                    "children": []
                                                                  }
                                                                ]
                                                              },
                                                              {
                                                                "total_bytes_written": 0,
                                                                "total_bytes_read": 0,
                                                                "result_set_size": 40503428,
                                                                "operator_name": "HASH_JOIN",
                                                                "cpu_time": 0.0,
                                                                "extra_info": {
                                                                  "Join Type": "INNER",
                                                                  "Conditions": "ws_sold_date_sk = d_date_sk",
                                                                  "Estimated Cardinality": "57640"
                                                                },
                                                                "cumulative_cardinality": 0,
                                                                "operator_type": "HASH_JOIN",
                                                                "operator_cardinality": 1446551,
                                                                "cumulative_rows_scanned": 0,
                                                                "operator_rows_scanned": 0,
                                                                "operator_timing": 0.009873398999999998,
                                                                "children": [
                                                                  {
                                                                    "total_bytes_written": 0,
                                                                    "total_bytes_read": 0,
                                                                    "result_set_size": 40503428,
                                                                    "operator_name": "SEQ_SCAN ",
                                                                    "cpu_time": 0.0,
                                                                    "extra_info": {
                                                                      "Table": "web_sales",
                                                                      "Type": "Sequential Scan",
                                                                      "Projections": [
                                                                        "ws_web_page_sk",
                                                                        "ws_item_sk",
                                                                        "ws_order_number",
                                                                        "ws_sold_date_sk",
                                                                        "ws_sales_price",
                                                                        "ws_net_profit",
                                                                        "ws_quantity"
                                                                      ],
                                                                      "Estimated Cardinality": "7197566"
                                                                    },
                                                                    "cumulative_cardinality": 0,
                                                                    "operator_type": "TABLE_SCAN",
                                                                    "operator_cardinality": 1446551,
                                                                    "cumulative_rows_scanned": 0,
                                                                    "operator_rows_scanned": 201531848,
                                                                    "operator_timing": 5.152115693,
                                                                    "children": []
                                                                  },
                                                                  {
                                                                    "total_bytes_written": 0,
                                                                    "total_bytes_read": 0,
                                                                    "result_set_size": 1464,
                                                                    "operator_name": "FILTER",
                                                                    "cpu_time": 0.0,
                                                                    "extra_info": {
                                                                      "Expression": "(d_date_sk BETWEEN 2450816 AND 2452642)",
                                                                      "Estimated Cardinality": "585"
                                                                    },
                                                                    "cumulative_cardinality": 0,
                                                                    "operator_type": "FILTER",
                                                                    "operator_cardinality": 366,
                                                                    "cumulative_rows_scanned": 0,
                                                                    "operator_rows_scanned": 0,
                                                                    "operator_timing": 4.279499999999999e-05,
                                                                    "children": [
                                                                      {
                                                                        "total_bytes_written": 0,
                                                                        "total_bytes_read": 0,
                                                                        "result_set_size": 1464,
                                                                        "operator_name": "SEQ_SCAN ",
                                                                        "cpu_time": 0.0,
                                                                        "extra_info": {
                                                                          "Table": "date_dim",
                                                                          "Type": "Sequential Scan",
                                                                          "Projections": "d_date_sk",
                                                                          "Filters": "d_year=2000",
                                                                          "Estimated Cardinality": "585"
                                                                        },
                                                                        "cumulative_cardinality": 0,
                                                                        "operator_type": "TABLE_SCAN",
                                                                        "operator_cardinality": 366,
                                                                        "cumulative_rows_scanned": 0,
                                                                        "operator_rows_scanned": 73049,
                                                                        "operator_timing": 0.002430168,
                                                                        "children": []
                                                                      }
                                                                    ]
                                                                  }
                                                                ]
                                                              }
                                                            ]
                                                          }
                                                        ]
                                                      }
                                                    ]
                                                  }
                                                ]
                                              }
                                            ]
                                          }
                                        ]
                                      }
                                    ]
                                  },
                                  {
                                    "total_bytes_written": 0,
                                    "total_bytes_read": 0,
                                    "result_set_size": 800,
                                    "operator_name": "SEQ_SCAN ",
                                    "cpu_time": 0.0,
                                    "extra_info": {
                                      "Table": "web_page",
                                      "Type": "Sequential Scan",
                                      "Projections": "wp_web_page_sk",
                                      "Estimated Cardinality": "200"
                                    },
                                    "cumulative_cardinality": 0,
                                    "operator_type": "TABLE_SCAN",
                                    "operator_cardinality": 200,
                                    "cumulative_rows_scanned": 0,
                                    "operator_rows_scanned": 200,
                                    "operator_timing": 0.002442994,
                                    "children": []
                                  }
                                ]
                              },
                              {
                                "total_bytes_written": 0,
                                "total_bytes_read": 0,
                                "result_set_size": 900,
                                "operator_name": "SEQ_SCAN ",
                                "cpu_time": 0.0,
                                "extra_info": {
                                  "Table": "reason",
                                  "Type": "Sequential Scan",
                                  "Projections": [
                                    "r_reason_sk",
                                    "r_reason_desc"
                                  ],
                                  "Estimated Cardinality": "45"
                                },
                                "cumulative_cardinality": 0,
                                "operator_type": "TABLE_SCAN",
                                "operator_cardinality": 45,
                                "cumulative_rows_scanned": 0,
                                "operator_rows_scanned": 45,
                                "operator_timing": 0.002407925,
                                "children": []
                              }
                            ]
                          }
                        ]
                      }
                    ]
                  }
                ]
              }
            ]
          }
        ]
      }
    ]
  },
  "actual_rows": 0,
  "provenance": {
    "database": "/mnt/d/TPC-DS/tpcds_sf10.duckdb",
    "scale_factor": 10,
    "engine": "duckdb",
    "engine_version": "1.4.3",
    "cached_at": "2026-02-08T10:21:31.973219"
  }
}