{
  "execution_time_ms": 0.0,
  "plan_text": "\u250c\u2500\u2500\u2500\u2500\u2500\u2500\u2500\u2500\u2500\u2500\u2500\u2500\u2500\u2500\u2500\u2500\u2500\u2500\u2500\u2500\u2500\u2500\u2500\u2510\n\u2502         TOP_N         \u2502\n\u2502    \u2500\u2500\u2500\u2500\u2500\u2500\u2500\u2500\u2500\u2500\u2500\u2500\u2500\u2500\u2500\u2500   \u2502\n\u2502        Top: 100       \u2502\n\u2502                       \u2502\n\u2502       Order By:       \u2502\n\u2502      channel ASC      \u2502\n\u2502    return_rank ASC    \u2502\n\u2502   currency_rank ASC   \u2502\n\u2502        item ASC       \u2502\n\u2514\u2500\u2500\u2500\u2500\u2500\u2500\u2500\u2500\u2500\u2500\u2500\u252c\u2500\u2500\u2500\u2500\u2500\u2500\u2500\u2500\u2500\u2500\u2500\u2518\n\u250c\u2500\u2500\u2500\u2500\u2500\u2500\u2500\u2500\u2500\u2500\u2500\u2534\u2500\u2500\u2500\u2500\u2500\u2500\u2500\u2500\u2500\u2500\u2500\u2510\n\u2502     HASH_GROUP_BY     \u2502\n\u2502    \u2500\u2500\u2500\u2500\u2500\u2500\u2500\u2500\u2500\u2500\u2500\u2500\u2500\u2500\u2500\u2500   \u2502\n\u2502        Groups:        \u2502\n\u2502           #0          \u2502\n\u2502           #1          \u2502\n\u2502           #2          \u2502\n\u2502           #3          \u2502\n\u2502           #4          \u2502\n\u2502                       \u2502\n\u2502      ~4,900 rows      \u2502\n\u2514\u2500\u2500\u2500\u2500\u2500\u2500\u2500\u2500\u2500\u2500\u2500\u252c\u2500\u2500\u2500\u2500\u2500\u2500\u2500\u2500\u2500\u2500\u2500\u2518\n\u250c\u2500\u2500\u2500\u2500\u2500\u2500\u2500\u2500\u2500\u2500\u2500\u2534\u2500\u2500\u2500\u2500\u2500\u2500\u2500\u2500\u2500\u2500\u2500\u2510\n\u2502         UNION         \u251c\u2500\u2500\u2500\u2500\u2500\u2500\u2500\u2500\u2500\u2500\u2500\u2500\u2500\u2500\u2500\u2500\u2500\u2500\u2500\u2500\u2500\u2500\u2500\u2500\u2500\u2500\u2500\u2500\u2500\u2500\u2500\u2500\u2500\u2500\u2500\u2500\u2500\u2500\u2500\u2500\u2500\u2500\u2500\u2500\u2500\u2500\u2500\u2500\u2500\u2500\u2500\u2500\u2500\u2500\u2500\u2500\u2500\u2500\u2500\u2500\u2500\u2500\u2500\u2500\u2500\u2500\u2500\u2500\u2500\u2500\u2500\u2500\u2500\u2500\u2500\u2500\u2500\u2500\u2500\u2500\u2500\u2500\u2500\u2500\u2500\u2500\u2500\u2500\u2500\u2500\u2500\u2500\u2500\u2500\u2500\u2500\u2500\u2500\u2500\u2500\u2500\u2500\u2500\u2500\u2500\u2500\u2500\u2500\u2500\u2500\u2500\u2500\u2500\u2500\u2500\u2500\u2500\u2500\u2500\u2500\u2500\u2500\u2500\u2500\u2500\u2500\u2500\u2500\u2500\u2500\u2500\u2500\u2500\u2500\u2500\u2500\u2500\u2510\n\u2514\u2500\u2500\u2500\u2500\u2500\u2500\u2500\u2500\u2500\u2500\u2500\u252c\u2500\u2500\u2500\u2500\u2500\u2500\u2500\u2500\u2500\u2500\u2500\u2518                                                                                                                                         \u2502\n\u250c\u2500\u2500\u2500\u2500\u2500\u2500\u2500\u2500\u2500\u2500\u2500\u2534\u2500\u2500\u2500\u2500\u2500\u2500\u2500\u2500\u2500\u2500\u2500\u2510                                                                                                                             \u250c\u2500\u2500\u2500\u2500\u2500\u2500\u2500\u2500\u2500\u2500\u2500\u2534\u2500\u2500\u2500\u2500\u2500\u2500\u2500\u2500\u2500\u2500\u2500\u2510\n\u2502     HASH_GROUP_BY     \u2502                                                                                                                             \u2502       PROJECTION      \u2502\n\u2502    \u2500\u2500\u2500\u2500\u2500\u2500\u2500\u2500\u2500\u2500\u2500\u2500\u2500\u2500\u2500\u2500   \u2502                                                                                                                             \u2502    \u2500\u2500\u2500\u2500\u2500\u2500\u2500\u2500\u2500\u2500\u2500\u2500\u2500\u2500\u2500\u2500   \u2502\n\u2502        Groups:        \u2502                                                                                                                             \u2502        channel        \u2502\n\u2502           #0          \u2502                                                                                                                             \u2502          item         \u2502\n\u2502           #1          \u2502                                                                                                                             \u2502      return_ratio     \u2502\n\u2502           #2          \u2502                                                                                                                             \u2502      return_rank      \u2502\n\u2502           #3          \u2502                                                                                                                             \u2502     currency_rank     \u2502\n\u2502           #4          \u2502                                                                                                                             \u2502                       \u2502\n\u2502                       \u2502                                                                                                                             \u2502                       \u2502\n\u2502      ~2,210 rows      \u2502                                                                                                                             \u2502      ~4,900 rows      \u2502\n\u2514\u2500\u2500\u2500\u2500\u2500\u2500\u2500\u2500\u2500\u2500\u2500\u252c\u2500\u2500\u2500\u2500\u2500\u2500\u2500\u2500\u2500\u2500\u2500\u2518                                                                                                                             \u2514\u2500\u2500\u2500\u2500\u2500\u2500\u2500\u2500\u2500\u2500\u2500\u252c\u2500\u2500\u2500\u2500\u2500\u2500\u2500\u2500\u2500\u2500\u2500\u2518\n\u250c\u2500\u2500\u2500\u2500\u2500\u2500\u2500\u2500\u2500\u2500\u2500\u2534\u2500\u2500\u2500\u2500\u2500\u2500\u2500\u2500\u2500\u2500\u2500\u2510                                                                                                                             \u250c\u2500\u2500\u2500\u2500\u2500\u2500\u2500\u2500\u2500\u2500\u2500\u2534\u2500\u2500\u2500\u2500\u2500\u2500\u2500\u2500\u2500\u2500\u2500\u2510\n\u2502         UNION         \u2502                                                                                                                             \u2502       PROJECTION      \u2502\n\u2502                       \u2502                                                                                                                             \u2502    \u2500\u2500\u2500\u2500\u2500\u2500\u2500\u2500\u2500\u2500\u2500\u2500\u2500\u2500\u2500\u2500   \u2502\n\u2502                       \u2502                                                                                                                             \u2502           #0          \u2502\n\u2502                       \u2502                                                                                                                             \u2502           #1          \u2502\n\u2502                       \u251c\u2500\u2500\u2500\u2500\u2500\u2500\u2500\u2500\u2500\u2500\u2500\u2500\u2500\u2500\u2500\u2500\u2500\u2500\u2500\u2500\u2500\u2500\u2500\u2500\u2500\u2500\u2500\u2500\u2500\u2500\u2500\u2500\u2500\u2500\u2500\u2500\u2500\u2500\u2500\u2500\u2500\u2500\u2500\u2500\u2500\u2500\u2500\u2500\u2500\u2500\u2500\u2500\u2500\u2500\u2500\u2500\u2500\u2500\u2500\u2500\u2500\u2500\u2510                                                              \u2502           #3          \u2502\n\u2502                       \u2502                                                              \u2502                                                              \u2502           #4          \u2502\n\u2502                       \u2502                                                              \u2502                                                              \u2502                       \u2502\n\u2502                       \u2502                                                              \u2502                                                              \u2502      ~4,900 rows      \u2502\n\u2514\u2500\u2500\u2500\u2500\u2500\u2500\u2500\u2500\u2500\u2500\u2500\u252c\u2500\u2500\u2500\u2500\u2500\u2500\u2500\u2500\u2500\u2500\u2500\u2518                                                              \u2502                                                              \u2514\u2500\u2500\u2500\u2500\u2500\u2500\u2500\u2500\u2500\u2500\u2500\u252c\u2500\u2500\u2500\u2500\u2500\u2500\u2500\u2500\u2500\u2500\u2500\u2518\n\u250c\u2500\u2500\u2500\u2500\u2500\u2500\u2500\u2500\u2500\u2500\u2500\u2534\u2500\u2500\u2500\u2500\u2500\u2500\u2500\u2500\u2500\u2500\u2500\u2510                                                  \u250c\u2500\u2500\u2500\u2500\u2500\u2500\u2500\u2500\u2500\u2500\u2500\u2534\u2500\u2500\u2500\u2500\u2500\u2500\u2500\u2500\u2500\u2500\u2500\u2510                                                  \u250c\u2500\u2500\u2500\u2500\u2500\u2500\u2500\u2500\u2500\u2500\u2500\u2534\u2500\u2500\u2500\u2500\u2500\u2500\u2500\u2500\u2500\u2500\u2500\u2510\n\u2502       PROJECTION      \u2502                                                  \u2502       PROJECTION      \u2502                                                  \u2502         FILTER        \u2502\n\u2502    \u2500\u2500\u2500\u2500\u2500\u2500\u2500\u2500\u2500\u2500\u2500\u2500\u2500\u2500\u2500\u2500   \u2502                                                  \u2502    \u2500\u2500\u2500\u2500\u2500\u2500\u2500\u2500\u2500\u2500\u2500\u2500\u2500\u2500\u2500\u2500   \u2502                                                  \u2502    \u2500\u2500\u2500\u2500\u2500\u2500\u2500\u2500\u2500\u2500\u2500\u2500\u2500\u2500\u2500\u2500   \u2502\n\u2502        channel        \u2502                                                  \u2502        channel        \u2502                                                  \u2502  ((return_rank <= 10) \u2502\n\u2502          item         \u2502                                                  \u2502          item         \u2502                                                  \u2502  OR (currency_rank <= \u2502\n\u2502      return_ratio     \u2502                                                  \u2502      return_ratio     \u2502                                                  \u2502          10))         \u2502\n\u2502      return_rank      \u2502                                                  \u2502      return_rank      \u2502                                                  \u2502                       \u2502\n\u2502     currency_rank     \u2502                                                  \u2502     currency_rank     \u2502                                                  \u2502                       \u2502\n\u2502                       \u2502                                                  \u2502                       \u2502                                                  \u2502                       \u2502\n\u2502      ~1,555 rows      \u2502                                                  \u2502      ~2,210 rows      \u2502                                                  \u2502      ~4,900 rows      \u2502\n\u2514\u2500\u2500\u2500\u2500\u2500\u2500\u2500\u2500\u2500\u2500\u2500\u252c\u2500\u2500\u2500\u2500\u2500\u2500\u2500\u2500\u2500\u2500\u2500\u2518                                                  \u2514\u2500\u2500\u2500\u2500\u2500\u2500\u2500\u2500\u2500\u2500\u2500\u252c\u2500\u2500\u2500\u2500\u2500\u2500\u2500\u2500\u2500\u2500\u2500\u2518                                                  \u2514\u2500\u2500\u2500\u2500\u2500\u2500\u2500\u2500\u2500\u2500\u2500\u252c\u2500\u2500\u2500\u2500\u2500\u2500\u2500\u2500\u2500\u2500\u2500\u2518\n\u250c\u2500\u2500\u2500\u2500\u2500\u2500\u2500\u2500\u2500\u2500\u2500\u2534\u2500\u2500\u2500\u2500\u2500\u2500\u2500\u2500\u2500\u2500\u2500\u2510                                                  \u250c\u2500\u2500\u2500\u2500\u2500\u2500\u2500\u2500\u2500\u2500\u2500\u2534\u2500\u2500\u2500\u2500\u2500\u2500\u2500\u2500\u2500\u2500\u2500\u2510                                                  \u250c\u2500\u2500\u2500\u2500\u2500\u2500\u2500\u2500\u2500\u2500\u2500\u2534\u2500\u2500\u2500\u2500\u2500\u2500\u2500\u2500\u2500\u2500\u2500\u2510\n\u2502       PROJECTION      \u2502                                                  \u2502       PROJECTION      \u2502                                                  \u2502       PROJECTION      \u2502\n\u2502    \u2500\u2500\u2500\u2500\u2500\u2500\u2500\u2500\u2500\u2500\u2500\u2500\u2500\u2500\u2500\u2500   \u2502                                                  \u2502    \u2500\u2500\u2500\u2500\u2500\u2500\u2500\u2500\u2500\u2500\u2500\u2500\u2500\u2500\u2500\u2500   \u2502                                                  \u2502    \u2500\u2500\u2500\u2500\u2500\u2500\u2500\u2500\u2500\u2500\u2500\u2500\u2500\u2500\u2500\u2500   \u2502\n\u2502           #0          \u2502                                                  \u2502           #0          \u2502                                                  \u2502           #0          \u2502\n\u2502           #1          \u2502                                                  \u2502           #1          \u2502                                                  \u2502           #1          \u2502\n\u2502           #3          \u2502                                                  \u2502           #3          \u2502                                                  \u2502           #2          \u2502\n\u2502           #4          \u2502                                                  \u2502           #4          \u2502                                                  \u2502           #3          \u2502\n\u2502                       \u2502                                                  \u2502                       \u2502                                                  \u2502           #4          \u2502\n\u2502                       \u2502                                                  \u2502                       \u2502                                                  \u2502                       \u2502\n\u2502      ~1,555 rows      \u2502                                                  \u2502      ~2,210 rows      \u2502                                                  \u2502      ~24,504 rows     \u2502\n\u2514\u2500\u2500\u2500\u2500\u2500\u2500\u2500\u2500\u2500\u2500\u2500\u252c\u2500\u2500\u2500\u2500\u2500\u2500\u2500\u2500\u2500\u2500\u2500\u2518                                                  \u2514\u2500\u2500\u2500\u2500\u2500\u2500\u2500\u2500\u2500\u2500\u2500\u252c\u2500\u2500\u2500\u2500\u2500\u2500\u2500\u2500\u2500\u2500\u2500\u2518                                                  \u2514\u2500\u2500\u2500\u2500\u2500\u2500\u2500\u2500\u2500\u2500\u2500\u252c\u2500\u2500\u2500\u2500\u2500\u2500\u2500\u2500\u2500\u2500\u2500\u2518\n\u250c\u2500\u2500\u2500\u2500\u2500\u2500\u2500\u2500\u2500\u2500\u2500\u2534\u2500\u2500\u2500\u2500\u2500\u2500\u2500\u2500\u2500\u2500\u2500\u2510                                                  \u250c\u2500\u2500\u2500\u2500\u2500\u2500\u2500\u2500\u2500\u2500\u2500\u2534\u2500\u2500\u2500\u2500\u2500\u2500\u2500\u2500\u2500\u2500\u2500\u2510                                                  \u250c\u2500\u2500\u2500\u2500\u2500\u2500\u2500\u2500\u2500\u2500\u2500\u2534\u2500\u2500\u2500\u2500\u2500\u2500\u2500\u2500\u2500\u2500\u2500\u2510\n\u2502         FILTER        \u2502                                                  \u2502         FILTER        \u2502                                                  \u2502         WINDOW        \u2502\n\u2502    \u2500\u2500\u2500\u2500\u2500\u2500\u2500\u2500\u2500\u2500\u2500\u2500\u2500\u2500\u2500\u2500   \u2502                                                  \u2502    \u2500\u2500\u2500\u2500\u2500\u2500\u2500\u2500\u2500\u2500\u2500\u2500\u2500\u2500\u2500\u2500   \u2502                                                  \u2502    \u2500\u2500\u2500\u2500\u2500\u2500\u2500\u2500\u2500\u2500\u2500\u2500\u2500\u2500\u2500\u2500   \u2502\n\u2502  ((return_rank <= 10) \u2502                                                  \u2502  ((return_rank <= 10) \u2502                                                  \u2502      Projections:     \u2502\n\u2502  OR (currency_rank <= \u2502                                                  \u2502  OR (currency_rank <= \u2502                                                  \u2502 RANK() OVER (ORDER BY \u2502\n\u2502          10))         \u2502                                                  \u2502          10))         \u2502                                                  \u2502   currency_ratio ASC  \u2502\n\u2502                       \u2502                                                  \u2502                       \u2502                                                  \u2502       NULLS LAST)     \u2502\n\u2502      ~1,555 rows      \u2502                                                  \u2502      ~2,210 rows      \u2502                                                  \u2502                       \u2502\n\u2514\u2500\u2500\u2500\u2500\u2500\u2500\u2500\u2500\u2500\u2500\u2500\u252c\u2500\u2500\u2500\u2500\u2500\u2500\u2500\u2500\u2500\u2500\u2500\u2518                                                  \u2514\u2500\u2500\u2500\u2500\u2500\u2500\u2500\u2500\u2500\u2500\u2500\u252c\u2500\u2500\u2500\u2500\u2500\u2500\u2500\u2500\u2500\u2500\u2500\u2518                                                  \u2514\u2500\u2500\u2500\u2500\u2500\u2500\u2500\u2500\u2500\u2500\u2500\u252c\u2500\u2500\u2500\u2500\u2500\u2500\u2500\u2500\u2500\u2500\u2500\u2518\n\u250c\u2500\u2500\u2500\u2500\u2500\u2500\u2500\u2500\u2500\u2500\u2500\u2534\u2500\u2500\u2500\u2500\u2500\u2500\u2500\u2500\u2500\u2500\u2500\u2510                                                  \u250c\u2500\u2500\u2500\u2500\u2500\u2500\u2500\u2500\u2500\u2500\u2500\u2534\u2500\u2500\u2500\u2500\u2500\u2500\u2500\u2500\u2500\u2500\u2500\u2510                                                  \u250c\u2500\u2500\u2500\u2500\u2500\u2500\u2500\u2500\u2500\u2500\u2500\u2534\u2500\u2500\u2500\u2500\u2500\u2500\u2500\u2500\u2500\u2500\u2500\u2510\n\u2502       PROJECTION      \u2502                                                  \u2502       PROJECTION      \u2502                                                  \u2502         WINDOW        \u2502\n\u2502    \u2500\u2500\u2500\u2500\u2500\u2500\u2500\u2500\u2500\u2500\u2500\u2500\u2500\u2500\u2500\u2500   \u2502                                                  \u2502    \u2500\u2500\u2500\u2500\u2500\u2500\u2500\u2500\u2500\u2500\u2500\u2500\u2500\u2500\u2500\u2500   \u2502                                                  \u2502    \u2500\u2500\u2500\u2500\u2500\u2500\u2500\u2500\u2500\u2500\u2500\u2500\u2500\u2500\u2500\u2500   \u2502\n\u2502           #0          \u2502                                                  \u2502           #0          \u2502                                                  \u2502      Projections:     \u2502\n\u2502           #1          \u2502                                                  \u2502           #1          \u2502                                                  \u2502 RANK() OVER (ORDER BY \u2502\n\u2502           #2          \u2502                                                  \u2502           #2          \u2502                                                  \u2502    return_ratio ASC   \u2502\n\u2502           #3          \u2502                                                  \u2502           #3          \u2502                                                  \u2502       NULLS LAST)     \u2502\n\u2502           #4          \u2502                                                  \u2502           #4          \u2502                                                  \u2502                       \u2502\n\u2502                       \u2502                                                  \u2502                       \u2502                                                  \u2502                       \u2502\n\u2502      ~7,777 rows      \u2502                                                  \u2502      ~11,052 rows     \u2502                                                  \u2502                       \u2502\n\u2514\u2500\u2500\u2500\u2500\u2500\u2500\u2500\u2500\u2500\u2500\u2500\u252c\u2500\u2500\u2500\u2500\u2500\u2500\u2500\u2500\u2500\u2500\u2500\u2518                                                  \u2514\u2500\u2500\u2500\u2500\u2500\u2500\u2500\u2500\u2500\u2500\u2500\u252c\u2500\u2500\u2500\u2500\u2500\u2500\u2500\u2500\u2500\u2500\u2500\u2518                                                  \u2514\u2500\u2500\u2500\u2500\u2500\u2500\u2500\u2500\u2500\u2500\u2500\u252c\u2500\u2500\u2500\u2500\u2500\u2500\u2500\u2500\u2500\u2500\u2500\u2518\n\u250c\u2500\u2500\u2500\u2500\u2500\u2500\u2500\u2500\u2500\u2500\u2500\u2534\u2500\u2500\u2500\u2500\u2500\u2500\u2500\u2500\u2500\u2500\u2500\u2510                                                  \u250c\u2500\u2500\u2500\u2500\u2500\u2500\u2500\u2500\u2500\u2500\u2500\u2534\u2500\u2500\u2500\u2500\u2500\u2500\u2500\u2500\u2500\u2500\u2500\u2510                                                  \u250c\u2500\u2500\u2500\u2500\u2500\u2500\u2500\u2500\u2500\u2500\u2500\u2534\u2500\u2500\u2500\u2500\u2500\u2500\u2500\u2500\u2500\u2500\u2500\u2510\n\u2502         WINDOW        \u2502                                                  \u2502         WINDOW        \u2502                                                  \u2502       PROJECTION      \u2502\n\u2502    \u2500\u2500\u2500\u2500\u2500\u2500\u2500\u2500\u2500\u2500\u2500\u2500\u2500\u2500\u2500\u2500   \u2502                                                  \u2502    \u2500\u2500\u2500\u2500\u2500\u2500\u2500\u2500\u2500\u2500\u2500\u2500\u2500\u2500\u2500\u2500   \u2502                                                  \u2502    \u2500\u2500\u2500\u2500\u2500\u2500\u2500\u2500\u2500\u2500\u2500\u2500\u2500\u2500\u2500\u2500   \u2502\n\u2502      Projections:     \u2502                                                  \u2502      Projections:     \u2502                                                  \u2502          item         \u2502\n\u2502 RANK() OVER (ORDER BY \u2502                                                  \u2502 RANK() OVER (ORDER BY \u2502                                                  \u2502      return_ratio     \u2502\n\u2502   currency_ratio ASC  \u2502                                                  \u2502   currency_ratio ASC  \u2502                                                  \u2502     currency_ratio    \u2502\n\u2502       NULLS LAST)     \u2502                                                  \u2502       NULLS LAST)     \u2502                                                  \u2502                       \u2502\n\u2502                       \u2502                                                  \u2502                       \u2502                                                  \u2502      ~24,504 rows     \u2502\n\u2514\u2500\u2500\u2500\u2500\u2500\u2500\u2500\u2500\u2500\u2500\u2500\u252c\u2500\u2500\u2500\u2500\u2500\u2500\u2500\u2500\u2500\u2500\u2500\u2518                                                  \u2514\u2500\u2500\u2500\u2500\u2500\u2500\u2500\u2500\u2500\u2500\u2500\u252c\u2500\u2500\u2500\u2500\u2500\u2500\u2500\u2500\u2500\u2500\u2500\u2518                                                  \u2514\u2500\u2500\u2500\u2500\u2500\u2500\u2500\u2500\u2500\u2500\u2500\u252c\u2500\u2500\u2500\u2500\u2500\u2500\u2500\u2500\u2500\u2500\u2500\u2518\n\u250c\u2500\u2500\u2500\u2500\u2500\u2500\u2500\u2500\u2500\u2500\u2500\u2534\u2500\u2500\u2500\u2500\u2500\u2500\u2500\u2500\u2500\u2500\u2500\u2510                                                  \u250c\u2500\u2500\u2500\u2500\u2500\u2500\u2500\u2500\u2500\u2500\u2500\u2534\u2500\u2500\u2500\u2500\u2500\u2500\u2500\u2500\u2500\u2500\u2500\u2510                                                  \u250c\u2500\u2500\u2500\u2500\u2500\u2500\u2500\u2500\u2500\u2500\u2500\u2534\u2500\u2500\u2500\u2500\u2500\u2500\u2500\u2500\u2500\u2500\u2500\u2510\n\u2502         WINDOW        \u2502                                                  \u2502         WINDOW        \u2502                                                  \u2502     HASH_GROUP_BY     \u2502\n\u2502    \u2500\u2500\u2500\u2500\u2500\u2500\u2500\u2500\u2500\u2500\u2500\u2500\u2500\u2500\u2500\u2500   \u2502                                                  \u2502    \u2500\u2500\u2500\u2500\u2500\u2500\u2500\u2500\u2500\u2500\u2500\u2500\u2500\u2500\u2500\u2500   \u2502                                                  \u2502    \u2500\u2500\u2500\u2500\u2500\u2500\u2500\u2500\u2500\u2500\u2500\u2500\u2500\u2500\u2500\u2500   \u2502\n\u2502      Projections:     \u2502                                                  \u2502      Projections:     \u2502                                                  \u2502       Groups: #0      \u2502\n\u2502 RANK() OVER (ORDER BY \u2502                                                  \u2502 RANK() OVER (ORDER BY \u2502                                                  \u2502                       \u2502\n\u2502    return_ratio ASC   \u2502                                                  \u2502    return_ratio ASC   \u2502                                                  \u2502      Aggregates:      \u2502\n\u2502       NULLS LAST)     \u2502                                                  \u2502       NULLS LAST)     \u2502                                                  \u2502        sum(#1)        \u2502\n\u2502                       \u2502                                                  \u2502                       \u2502                                                  \u2502        sum(#2)        \u2502\n\u2502                       \u2502                                                  \u2502                       \u2502                                                  \u2502        sum(#3)        \u2502\n\u2502                       \u2502                                                  \u2502                       \u2502                                                  \u2502        sum(#4)        \u2502\n\u2502                       \u2502                                                  \u2502                       \u2502                                                  \u2502                       \u2502\n\u2502                       \u2502                                                  \u2502                       \u2502                                                  \u2502      ~24,504 rows     \u2502\n\u2514\u2500\u2500\u2500\u2500\u2500\u2500\u2500\u2500\u2500\u2500\u2500\u252c\u2500\u2500\u2500\u2500\u2500\u2500\u2500\u2500\u2500\u2500\u2500\u2518                                                  \u2514\u2500\u2500\u2500\u2500\u2500\u2500\u2500\u2500\u2500\u2500\u2500\u252c\u2500\u2500\u2500\u2500\u2500\u2500\u2500\u2500\u2500\u2500\u2500\u2518                                                  \u2514\u2500\u2500\u2500\u2500\u2500\u2500\u2500\u2500\u2500\u2500\u2500\u252c\u2500\u2500\u2500\u2500\u2500\u2500\u2500\u2500\u2500\u2500\u2500\u2518\n\u250c\u2500\u2500\u2500\u2500\u2500\u2500\u2500\u2500\u2500\u2500\u2500\u2534\u2500\u2500\u2500\u2500\u2500\u2500\u2500\u2500\u2500\u2500\u2500\u2510                                                  \u250c\u2500\u2500\u2500\u2500\u2500\u2500\u2500\u2500\u2500\u2500\u2500\u2534\u2500\u2500\u2500\u2500\u2500\u2500\u2500\u2500\u2500\u2500\u2500\u2510                                                  \u250c\u2500\u2500\u2500\u2500\u2500\u2500\u2500\u2500\u2500\u2500\u2500\u2534\u2500\u2500\u2500\u2500\u2500\u2500\u2500\u2500\u2500\u2500\u2500\u2510\n\u2502       PROJECTION      \u2502                                                  \u2502       PROJECTION      \u2502                                                  \u2502       PROJECTION      \u2502\n\u2502    \u2500\u2500\u2500\u2500\u2500\u2500\u2500\u2500\u2500\u2500\u2500\u2500\u2500\u2500\u2500\u2500   \u2502                                                  \u2502    \u2500\u2500\u2500\u2500\u2500\u2500\u2500\u2500\u2500\u2500\u2500\u2500\u2500\u2500\u2500\u2500   \u2502                                                  \u2502    \u2500\u2500\u2500\u2500\u2500\u2500\u2500\u2500\u2500\u2500\u2500\u2500\u2500\u2500\u2500\u2500   \u2502\n\u2502          item         \u2502                                                  \u2502          item         \u2502                                                  \u2502       ss_item_sk      \u2502\n\u2502      return_ratio     \u2502                                                  \u2502      return_ratio     \u2502                                                  \u2502        COALESCE       \u2502\n\u2502     currency_ratio    \u2502                                                  \u2502     currency_ratio    \u2502                                                  \u2502(sr_return_quantity, 0)\u2502\n\u2502                       \u2502                                                  \u2502                       \u2502                                                  \u2502      ss_quantity      \u2502\n\u2502                       \u2502                                                  \u2502                       \u2502                                                  \u2502 CAST(sr_return_amt AS \u2502\n\u2502                       \u2502                                                  \u2502                       \u2502                                                  \u2502     DECIMAL(12,2))    \u2502\n\u2502                       \u2502                                                  \u2502                       \u2502                                                  \u2502  CAST(ss_net_paid AS  \u2502\n\u2502                       \u2502                                                  \u2502                       \u2502                                                  \u2502     DECIMAL(12,2))    \u2502\n\u2502                       \u2502                                                  \u2502                       \u2502                                                  \u2502                       \u2502\n\u2502      ~7,777 rows      \u2502                                                  \u2502      ~11,052 rows     \u2502                                                  \u2502      ~28,290 rows     \u2502\n\u2514\u2500\u2500\u2500\u2500\u2500\u2500\u2500\u2500\u2500\u2500\u2500\u252c\u2500\u2500\u2500\u2500\u2500\u2500\u2500\u2500\u2500\u2500\u2500\u2518                                                  \u2514\u2500\u2500\u2500\u2500\u2500\u2500\u2500\u2500\u2500\u2500\u2500\u252c\u2500\u2500\u2500\u2500\u2500\u2500\u2500\u2500\u2500\u2500\u2500\u2518                                                  \u2514\u2500\u2500\u2500\u2500\u2500\u2500\u2500\u2500\u2500\u2500\u2500\u252c\u2500\u2500\u2500\u2500\u2500\u2500\u2500\u2500\u2500\u2500\u2500\u2518\n\u250c\u2500\u2500\u2500\u2500\u2500\u2500\u2500\u2500\u2500\u2500\u2500\u2534\u2500\u2500\u2500\u2500\u2500\u2500\u2500\u2500\u2500\u2500\u2500\u2510                                                  \u250c\u2500\u2500\u2500\u2500\u2500\u2500\u2500\u2500\u2500\u2500\u2500\u2534\u2500\u2500\u2500\u2500\u2500\u2500\u2500\u2500\u2500\u2500\u2500\u2510                                                  \u250c\u2500\u2500\u2500\u2500\u2500\u2500\u2500\u2500\u2500\u2500\u2500\u2534\u2500\u2500\u2500\u2500\u2500\u2500\u2500\u2500\u2500\u2500\u2500\u2510\n\u2502     HASH_GROUP_BY     \u2502                                                  \u2502     HASH_GROUP_BY     \u2502                                                  \u2502       HASH_JOIN       \u2502\n\u2502    \u2500\u2500\u2500\u2500\u2500\u2500\u2500\u2500\u2500\u2500\u2500\u2500\u2500\u2500\u2500\u2500   \u2502                                                  \u2502    \u2500\u2500\u2500\u2500\u2500\u2500\u2500\u2500\u2500\u2500\u2500\u2500\u2500\u2500\u2500\u2500   \u2502                                                  \u2502    \u2500\u2500\u2500\u2500\u2500\u2500\u2500\u2500\u2500\u2500\u2500\u2500\u2500\u2500\u2500\u2500   \u2502\n\u2502       Groups: #0      \u2502                                                  \u2502       Groups: #0      \u2502                                                  \u2502    Join Type: INNER   \u2502\n\u2502                       \u2502                                                  \u2502                       \u2502                                                  \u2502                       \u2502\n\u2502      Aggregates:      \u2502                                                  \u2502      Aggregates:      \u2502                                                  \u2502      Conditions:      \u2502\n\u2502        sum(#1)        \u2502                                                  \u2502        sum(#1)        \u2502                                                  \u2502   sr_ticket_number =  \u251c\u2500\u2500\u2500\u2500\u2500\u2500\u2500\u2500\u2500\u2500\u2500\u2500\u2510\n\u2502        sum(#2)        \u2502                                                  \u2502        sum(#2)        \u2502                                                  \u2502    ss_ticket_number   \u2502            \u2502\n\u2502        sum(#3)        \u2502                                                  \u2502        sum(#3)        \u2502                                                  \u2502sr_item_sk = ss_item_sk\u2502            \u2502\n\u2502        sum(#4)        \u2502                                                  \u2502        sum(#4)        \u2502                                                  \u2502                       \u2502            \u2502\n\u2502                       \u2502                                                  \u2502                       \u2502                                                  \u2502                       \u2502            \u2502\n\u2502      ~7,777 rows      \u2502                                                  \u2502      ~11,052 rows     \u2502                                                  \u2502      ~28,290 rows     \u2502            \u2502\n\u2514\u2500\u2500\u2500\u2500\u2500\u2500\u2500\u2500\u2500\u2500\u2500\u252c\u2500\u2500\u2500\u2500\u2500\u2500\u2500\u2500\u2500\u2500\u2500\u2518                                                  \u2514\u2500\u2500\u2500\u2500\u2500\u2500\u2500\u2500\u2500\u2500\u2500\u252c\u2500\u2500\u2500\u2500\u2500\u2500\u2500\u2500\u2500\u2500\u2500\u2518                                                  \u2514\u2500\u2500\u2500\u2500\u2500\u2500\u2500\u2500\u2500\u2500\u2500\u252c\u2500\u2500\u2500\u2500\u2500\u2500\u2500\u2500\u2500\u2500\u2500\u2518            \u2502\n\u250c\u2500\u2500\u2500\u2500\u2500\u2500\u2500\u2500\u2500\u2500\u2500\u2534\u2500\u2500\u2500\u2500\u2500\u2500\u2500\u2500\u2500\u2500\u2500\u2510                                                  \u250c\u2500\u2500\u2500\u2500\u2500\u2500\u2500\u2500\u2500\u2500\u2500\u2534\u2500\u2500\u2500\u2500\u2500\u2500\u2500\u2500\u2500\u2500\u2500\u2510                                                  \u250c\u2500\u2500\u2500\u2500\u2500\u2500\u2500\u2500\u2500\u2500\u2500\u2534\u2500\u2500\u2500\u2500\u2500\u2500\u2500\u2500\u2500\u2500\u2500\u2510\u250c\u2500\u2500\u2500\u2500\u2500\u2500\u2500\u2500\u2500\u2500\u2500\u2534\u2500\u2500\u2500\u2500\u2500\u2500\u2500\u2500\u2500\u2500\u2500\u2510\n\u2502       PROJECTION      \u2502                                                  \u2502       PROJECTION      \u2502                                                  \u2502       SEQ_SCAN        \u2502\u2502       HASH_JOIN       \u2502\n\u2502    \u2500\u2500\u2500\u2500\u2500\u2500\u2500\u2500\u2500\u2500\u2500\u2500\u2500\u2500\u2500\u2500   \u2502                                                  \u2502    \u2500\u2500\u2500\u2500\u2500\u2500\u2500\u2500\u2500\u2500\u2500\u2500\u2500\u2500\u2500\u2500   \u2502                                                  \u2502    \u2500\u2500\u2500\u2500\u2500\u2500\u2500\u2500\u2500\u2500\u2500\u2500\u2500\u2500\u2500\u2500   \u2502\u2502    \u2500\u2500\u2500\u2500\u2500\u2500\u2500\u2500\u2500\u2500\u2500\u2500\u2500\u2500\u2500\u2500   \u2502\n\u2502       ws_item_sk      \u2502                                                  \u2502       cs_item_sk      \u2502                                                  \u2502         Table:        \u2502\u2502    Join Type: INNER   \u2502\n\u2502        COALESCE       \u2502                                                  \u2502        COALESCE       \u2502                                                  \u2502     store_returns     \u2502\u2502                       \u2502\n\u2502(wr_return_quantity, 0)\u2502                                                  \u2502(cr_return_quantity, 0)\u2502                                                  \u2502                       \u2502\u2502      Conditions:      \u2502\n\u2502      ws_quantity      \u2502                                                  \u2502      cs_quantity      \u2502                                                  \u2502         Type:         \u2502\u2502   ss_sold_date_sk =   \u2502\n\u2502 CAST(wr_return_amt AS \u2502                                                  \u2502 CAST(cr_return_amount \u2502                                                  \u2502    Sequential Scan    \u2502\u2502        d_date_sk      \u2502\n\u2502     DECIMAL(12,2))    \u2502                                                  \u2502    AS DECIMAL(12,2))  \u2502                                                  \u2502                       \u2502\u2502                       \u2502\n\u2502  CAST(ws_net_paid AS  \u2502                                                  \u2502  CAST(cs_net_paid AS  \u2502                                                  \u2502      Projections:     \u2502\u2502                       \u2502\n\u2502     DECIMAL(12,2))    \u2502                                                  \u2502     DECIMAL(12,2))    \u2502                                                  \u2502    sr_ticket_number   \u2502\u2502                       \u251c\u2500\u2500\u2500\u2500\u2500\u2500\u2500\u2500\u2500\u2500\u2500\u2500\u2510\n\u2502                       \u2502                                                  \u2502                       \u2502                                                  \u2502       sr_item_sk      \u2502\u2502                       \u2502            \u2502\n\u2502                       \u2502                                                  \u2502                       \u2502                                                  \u2502     sr_return_amt     \u2502\u2502                       \u2502            \u2502\n\u2502                       \u2502                                                  \u2502                       \u2502                                                  \u2502   sr_return_quantity  \u2502\u2502                       \u2502            \u2502\n\u2502                       \u2502                                                  \u2502                       \u2502                                                  \u2502                       \u2502\u2502                       \u2502            \u2502\n\u2502                       \u2502                                                  \u2502                       \u2502                                                  \u2502        Filters:       \u2502\u2502                       \u2502            \u2502\n\u2502                       \u2502                                                  \u2502                       \u2502                                                  \u2502 sr_return_amt>10000.00\u2502\u2502                       \u2502            \u2502\n\u2502                       \u2502                                                  \u2502                       \u2502                                                  \u2502                       \u2502\u2502                       \u2502            \u2502\n\u2502      ~8,109 rows      \u2502                                                  \u2502      ~11,741 rows     \u2502                                                  \u2502     ~575,506 rows     \u2502\u2502      ~46,129 rows     \u2502            \u2502\n\u2514\u2500\u2500\u2500\u2500\u2500\u2500\u2500\u2500\u2500\u2500\u2500\u252c\u2500\u2500\u2500\u2500\u2500\u2500\u2500\u2500\u2500\u2500\u2500\u2518                                                  \u2514\u2500\u2500\u2500\u2500\u2500\u2500\u2500\u2500\u2500\u2500\u2500\u252c\u2500\u2500\u2500\u2500\u2500\u2500\u2500\u2500\u2500\u2500\u2500\u2518                                                  \u2514\u2500\u2500\u2500\u2500\u2500\u2500\u2500\u2500\u2500\u2500\u2500\u2500\u2500\u2500\u2500\u2500\u2500\u2500\u2500\u2500\u2500\u2500\u2500\u2518\u2514\u2500\u2500\u2500\u2500\u2500\u2500\u2500\u2500\u2500\u2500\u2500\u252c\u2500\u2500\u2500\u2500\u2500\u2500\u2500\u2500\u2500\u2500\u2500\u2518            \u2502\n\u250c\u2500\u2500\u2500\u2500\u2500\u2500\u2500\u2500\u2500\u2500\u2500\u2534\u2500\u2500\u2500\u2500\u2500\u2500\u2500\u2500\u2500\u2500\u2500\u2510                                                  \u250c\u2500\u2500\u2500\u2500\u2500\u2500\u2500\u2500\u2500\u2500\u2500\u2534\u2500\u2500\u2500\u2500\u2500\u2500\u2500\u2500\u2500\u2500\u2500\u2510                                                                           \u250c\u2500\u2500\u2500\u2500\u2500\u2500\u2500\u2500\u2500\u2500\u2500\u2534\u2500\u2500\u2500\u2500\u2500\u2500\u2500\u2500\u2500\u2500\u2500\u2510\u250c\u2500\u2500\u2500\u2500\u2500\u2500\u2500\u2500\u2500\u2500\u2500\u2534\u2500\u2500\u2500\u2500\u2500\u2500\u2500\u2500\u2500\u2500\u2500\u2510\n\u2502       HASH_JOIN       \u2502                                                  \u2502       HASH_JOIN       \u2502                                                                           \u2502         FILTER        \u2502\u2502         FILTER        \u2502\n\u2502    \u2500\u2500\u2500\u2500\u2500\u2500\u2500\u2500\u2500\u2500\u2500\u2500\u2500\u2500\u2500\u2500   \u2502                                                  \u2502    \u2500\u2500\u2500\u2500\u2500\u2500\u2500\u2500\u2500\u2500\u2500\u2500\u2500\u2500\u2500\u2500   \u2502                                                                           \u2502    \u2500\u2500\u2500\u2500\u2500\u2500\u2500\u2500\u2500\u2500\u2500\u2500\u2500\u2500\u2500\u2500   \u2502\u2502    \u2500\u2500\u2500\u2500\u2500\u2500\u2500\u2500\u2500\u2500\u2500\u2500\u2500\u2500\u2500\u2500   \u2502\n\u2502    Join Type: INNER   \u2502                                                  \u2502    Join Type: INNER   \u2502                                                                           \u2502  (ss_ticket_number <= \u2502\u2502   (d_date_sk BETWEEN  \u2502\n\u2502                       \u2502                                                  \u2502                       \u2502                                                                           \u2502        2399999)       \u2502\u2502  2450816 AND 2452642) \u2502\n\u2502      Conditions:      \u2502                                                  \u2502      Conditions:      \u2502                                                                           \u2502                       \u2502\u2502                       \u2502\n\u2502   wr_order_number =   \u251c\u2500\u2500\u2500\u2500\u2500\u2500\u2500\u2500\u2500\u2500\u2500\u2500\u2510                                     \u2502   cr_order_number =   \u251c\u2500\u2500\u2500\u2500\u2500\u2500\u2500\u2500\u2500\u2500\u2500\u2500\u2510                                                              \u2502                       \u2502\u2502                       \u2502\n\u2502     ws_order_number   \u2502            \u2502                                     \u2502     cs_order_number   \u2502            \u2502                                                              \u2502                       \u2502\u2502                       \u2502\n\u2502wr_item_sk = ws_item_sk\u2502            \u2502                                     \u2502cr_item_sk = cs_item_sk\u2502            \u2502                                                              \u2502                       \u2502\u2502                       \u2502\n\u2502                       \u2502            \u2502                                     \u2502                       \u2502            \u2502                                                              \u2502                       \u2502\u2502                       \u2502\n\u2502      ~8,109 rows      \u2502            \u2502                                     \u2502      ~11,741 rows     \u2502            \u2502                                                              \u2502    ~5,760,198 rows    \u2502\u2502       ~585 rows       \u2502\n\u2514\u2500\u2500\u2500\u2500\u2500\u2500\u2500\u2500\u2500\u2500\u2500\u252c\u2500\u2500\u2500\u2500\u2500\u2500\u2500\u2500\u2500\u2500\u2500\u2518            \u2502                                     \u2514\u2500\u2500\u2500\u2500\u2500\u2500\u2500\u2500\u2500\u2500\u2500\u252c\u2500\u2500\u2500\u2500\u2500\u2500\u2500\u2500\u2500\u2500\u2500\u2518            \u2502                                                              \u2514\u2500\u2500\u2500\u2500\u2500\u2500\u2500\u2500\u2500\u2500\u2500\u252c\u2500\u2500\u2500\u2500\u2500\u2500\u2500\u2500\u2500\u2500\u2500\u2518\u2514\u2500\u2500\u2500\u2500\u2500\u2500\u2500\u2500\u2500\u2500\u2500\u252c\u2500\u2500\u2500\u2500\u2500\u2500\u2500\u2500\u2500\u2500\u2500\u2518\n\u250c\u2500\u2500\u2500\u2500\u2500\u2500\u2500\u2500\u2500\u2500\u2500\u2534\u2500\u2500\u2500\u2500\u2500\u2500\u2500\u2500\u2500\u2500\u2500\u2510\u250c\u2500\u2500\u2500\u2500\u2500\u2500\u2500\u2500\u2500\u2500\u2500\u2534\u2500\u2500\u2500\u2500\u2500\u2500\u2500\u2500\u2500\u2500\u2500\u2510                         \u250c\u2500\u2500\u2500\u2500\u2500\u2500\u2500\u2500\u2500\u2500\u2500\u2534\u2500\u2500\u2500\u2500\u2500\u2500\u2500\u2500\u2500\u2500\u2500\u2510\u250c\u2500\u2500\u2500\u2500\u2500\u2500\u2500\u2500\u2500\u2500\u2500\u2534\u2500\u2500\u2500\u2500\u2500\u2500\u2500\u2500\u2500\u2500\u2500\u2510                                                  \u250c\u2500\u2500\u2500\u2500\u2500\u2500\u2500\u2500\u2500\u2500\u2500\u2534\u2500\u2500\u2500\u2500\u2500\u2500\u2500\u2500\u2500\u2500\u2500\u2510\u250c\u2500\u2500\u2500\u2500\u2500\u2500\u2500\u2500\u2500\u2500\u2500\u2534\u2500\u2500\u2500\u2500\u2500\u2500\u2500\u2500\u2500\u2500\u2500\u2510\n\u2502       SEQ_SCAN        \u2502\u2502       HASH_JOIN       \u2502                         \u2502       SEQ_SCAN        \u2502\u2502       HASH_JOIN       \u2502                                                  \u2502       SEQ_SCAN        \u2502\u2502       SEQ_SCAN        \u2502\n\u2502    \u2500\u2500\u2500\u2500\u2500\u2500\u2500\u2500\u2500\u2500\u2500\u2500\u2500\u2500\u2500\u2500   \u2502\u2502    \u2500\u2500\u2500\u2500\u2500\u2500\u2500\u2500\u2500\u2500\u2500\u2500\u2500\u2500\u2500\u2500   \u2502                         \u2502    \u2500\u2500\u2500\u2500\u2500\u2500\u2500\u2500\u2500\u2500\u2500\u2500\u2500\u2500\u2500\u2500   \u2502\u2502    \u2500\u2500\u2500\u2500\u2500\u2500\u2500\u2500\u2500\u2500\u2500\u2500\u2500\u2500\u2500\u2500   \u2502                                                  \u2502    \u2500\u2500\u2500\u2500\u2500\u2500\u2500\u2500\u2500\u2500\u2500\u2500\u2500\u2500\u2500\u2500   \u2502\u2502    \u2500\u2500\u2500\u2500\u2500\u2500\u2500\u2500\u2500\u2500\u2500\u2500\u2500\u2500\u2500\u2500   \u2502\n\u2502         Table:        \u2502\u2502    Join Type: INNER   \u2502                         \u2502         Table:        \u2502\u2502    Join Type: INNER   \u2502                                                  \u2502         Table:        \u2502\u2502    Table: date_dim    \u2502\n\u2502      web_returns      \u2502\u2502                       \u2502                         \u2502    catalog_returns    \u2502\u2502                       \u2502                                                  \u2502      store_sales      \u2502\u2502                       \u2502\n\u2502                       \u2502\u2502      Conditions:      \u2502                         \u2502                       \u2502\u2502      Conditions:      \u2502                                                  \u2502                       \u2502\u2502         Type:         \u2502\n\u2502         Type:         \u2502\u2502   ws_sold_date_sk =   \u2502                         \u2502         Type:         \u2502\u2502   cs_sold_date_sk =   \u2502                                                  \u2502         Type:         \u2502\u2502    Sequential Scan    \u2502\n\u2502    Sequential Scan    \u2502\u2502        d_date_sk      \u2502                         \u2502    Sequential Scan    \u2502\u2502        d_date_sk      \u2502                                                  \u2502    Sequential Scan    \u2502\u2502                       \u2502\n\u2502                       \u2502\u2502                       \u2502                         \u2502                       \u2502\u2502                       \u2502                                                  \u2502                       \u2502\u2502      Projections:     \u2502\n\u2502      Projections:     \u2502\u2502                       \u2502                         \u2502      Projections:     \u2502\u2502                       \u2502                                                  \u2502      Projections:     \u2502\u2502       d_date_sk       \u2502\n\u2502    wr_order_number    \u2502\u2502                       \u2502                         \u2502    cr_order_number    \u2502\u2502                       \u2502                                                  \u2502    ss_ticket_number   \u2502\u2502                       \u2502\n\u2502       wr_item_sk      \u2502\u2502                       \u251c\u2500\u2500\u2500\u2500\u2500\u2500\u2500\u2500\u2500\u2500\u2500\u2500\u2510            \u2502       cr_item_sk      \u2502\u2502                       \u251c\u2500\u2500\u2500\u2500\u2500\u2500\u2500\u2500\u2500\u2500\u2500\u2500\u2510                                     \u2502       ss_item_sk      \u2502\u2502        Filters:       \u2502\n\u2502     wr_return_amt     \u2502\u2502                       \u2502            \u2502            \u2502    cr_return_amount   \u2502\u2502                       \u2502            \u2502                                     \u2502      ss_net_paid      \u2502\u2502      d_year=1999      \u2502\n\u2502   wr_return_quantity  \u2502\u2502                       \u2502            \u2502            \u2502   cr_return_quantity  \u2502\u2502                       \u2502            \u2502                                     \u2502      ss_quantity      \u2502\u2502        d_moy=12       \u2502\n\u2502                       \u2502\u2502                       \u2502            \u2502            \u2502                       \u2502\u2502                       \u2502            \u2502                                     \u2502    ss_sold_date_sk    \u2502\u2502                       \u2502\n\u2502        Filters:       \u2502\u2502                       \u2502            \u2502            \u2502        Filters:       \u2502\u2502                       \u2502            \u2502                                     \u2502                       \u2502\u2502                       \u2502\n\u2502 wr_return_amt>10000.00\u2502\u2502                       \u2502            \u2502            \u2502 cr_return_amount>10000\u2502\u2502                       \u2502            \u2502                                     \u2502        Filters:       \u2502\u2502                       \u2502\n\u2502                       \u2502\u2502                       \u2502            \u2502            \u2502          .00          \u2502\u2502                       \u2502            \u2502                                     \u2502   ss_net_profit>1.00  \u2502\u2502                       \u2502\n\u2502                       \u2502\u2502                       \u2502            \u2502            \u2502                       \u2502\u2502                       \u2502            \u2502                                     \u2502    ss_net_paid>0.00   \u2502\u2502                       \u2502\n\u2502                       \u2502\u2502                       \u2502            \u2502            \u2502                       \u2502\u2502                       \u2502            \u2502                                     \u2502     ss_quantity>0     \u2502\u2502                       \u2502\n\u2502                       \u2502\u2502                       \u2502            \u2502            \u2502                       \u2502\u2502                       \u2502            \u2502                                     \u2502                       \u2502\u2502                       \u2502\n\u2502     ~143,844 rows     \u2502\u2502      ~11,528 rows     \u2502            \u2502            \u2502     ~288,244 rows     \u2502\u2502      ~23,065 rows     \u2502            \u2502                                     \u2502    ~5,760,198 rows    \u2502\u2502       ~585 rows       \u2502\n\u2514\u2500\u2500\u2500\u2500\u2500\u2500\u2500\u2500\u2500\u2500\u2500\u2500\u2500\u2500\u2500\u2500\u2500\u2500\u2500\u2500\u2500\u2500\u2500\u2518\u2514\u2500\u2500\u2500\u2500\u2500\u2500\u2500\u2500\u2500\u2500\u2500\u252c\u2500\u2500\u2500\u2500\u2500\u2500\u2500\u2500\u2500\u2500\u2500\u2518            \u2502            \u2514\u2500\u2500\u2500\u2500\u2500\u2500\u2500\u2500\u2500\u2500\u2500\u2500\u2500\u2500\u2500\u2500\u2500\u2500\u2500\u2500\u2500\u2500\u2500\u2518\u2514\u2500\u2500\u2500\u2500\u2500\u2500\u2500\u2500\u2500\u2500\u2500\u252c\u2500\u2500\u2500\u2500\u2500\u2500\u2500\u2500\u2500\u2500\u2500\u2518            \u2502                                     \u2514\u2500\u2500\u2500\u2500\u2500\u2500\u2500\u2500\u2500\u2500\u2500\u2500\u2500\u2500\u2500\u2500\u2500\u2500\u2500\u2500\u2500\u2500\u2500\u2518\u2514\u2500\u2500\u2500\u2500\u2500\u2500\u2500\u2500\u2500\u2500\u2500\u2500\u2500\u2500\u2500\u2500\u2500\u2500\u2500\u2500\u2500\u2500\u2500\u2518\n                         \u250c\u2500\u2500\u2500\u2500\u2500\u2500\u2500\u2500\u2500\u2500\u2500\u2534\u2500\u2500\u2500\u2500\u2500\u2500\u2500\u2500\u2500\u2500\u2500\u2510\u250c\u2500\u2500\u2500\u2500\u2500\u2500\u2500\u2500\u2500\u2500\u2500\u2534\u2500\u2500\u2500\u2500\u2500\u2500\u2500\u2500\u2500\u2500\u2500\u2510                         \u250c\u2500\u2500\u2500\u2500\u2500\u2500\u2500\u2500\u2500\u2500\u2500\u2534\u2500\u2500\u2500\u2500\u2500\u2500\u2500\u2500\u2500\u2500\u2500\u2510\u250c\u2500\u2500\u2500\u2500\u2500\u2500\u2500\u2500\u2500\u2500\u2500\u2534\u2500\u2500\u2500\u2500\u2500\u2500\u2500\u2500\u2500\u2500\u2500\u2510\n                         \u2502       SEQ_SCAN        \u2502\u2502         FILTER        \u2502                         \u2502         FILTER        \u2502\u2502         FILTER        \u2502\n                         \u2502    \u2500\u2500\u2500\u2500\u2500\u2500\u2500\u2500\u2500\u2500\u2500\u2500\u2500\u2500\u2500\u2500   \u2502\u2502    \u2500\u2500\u2500\u2500\u2500\u2500\u2500\u2500\u2500\u2500\u2500\u2500\u2500\u2500\u2500\u2500   \u2502                         \u2502    \u2500\u2500\u2500\u2500\u2500\u2500\u2500\u2500\u2500\u2500\u2500\u2500\u2500\u2500\u2500\u2500   \u2502\u2502    \u2500\u2500\u2500\u2500\u2500\u2500\u2500\u2500\u2500\u2500\u2500\u2500\u2500\u2500\u2500\u2500   \u2502\n                         \u2502    Table: web_sales   \u2502\u2502   (d_date_sk BETWEEN  \u2502                         \u2502 (cs_order_number >= 2)\u2502\u2502   (d_date_sk BETWEEN  \u2502\n                         \u2502                       \u2502\u2502  2450816 AND 2452642) \u2502                         \u2502                       \u2502\u2502  2450815 AND 2452653) \u2502\n                         \u2502         Type:         \u2502\u2502                       \u2502                         \u2502                       \u2502\u2502                       \u2502\n                         \u2502    Sequential Scan    \u2502\u2502                       \u2502                         \u2502                       \u2502\u2502                       \u2502\n                         \u2502                       \u2502\u2502                       \u2502                         \u2502                       \u2502\u2502                       \u2502\n                         \u2502      Projections:     \u2502\u2502                       \u2502                         \u2502                       \u2502\u2502                       \u2502\n                         \u2502    ws_order_number    \u2502\u2502                       \u2502                         \u2502                       \u2502\u2502                       \u2502\n                         \u2502       ws_item_sk      \u2502\u2502                       \u2502                         \u2502                       \u2502\u2502                       \u2502\n                         \u2502      ws_net_paid      \u2502\u2502                       \u2502                         \u2502                       \u2502\u2502                       \u2502\n                         \u2502      ws_quantity      \u2502\u2502                       \u2502                         \u2502                       \u2502\u2502                       \u2502\n                         \u2502    ws_sold_date_sk    \u2502\u2502                       \u2502                         \u2502                       \u2502\u2502                       \u2502\n                         \u2502                       \u2502\u2502                       \u2502                         \u2502                       \u2502\u2502                       \u2502\n                         \u2502        Filters:       \u2502\u2502                       \u2502                         \u2502                       \u2502\u2502                       \u2502\n                         \u2502   ws_net_profit>1.00  \u2502\u2502                       \u2502                         \u2502                       \u2502\u2502                       \u2502\n                         \u2502    ws_net_paid>0.00   \u2502\u2502                       \u2502                         \u2502                       \u2502\u2502                       \u2502\n                         \u2502     ws_quantity>0     \u2502\u2502                       \u2502                         \u2502                       \u2502\u2502                       \u2502\n                         \u2502                       \u2502\u2502                       \u2502                         \u2502                       \u2502\u2502                       \u2502\n                         \u2502    ~1,439,513 rows    \u2502\u2502       ~585 rows       \u2502                         \u2502    ~2,880,252 rows    \u2502\u2502       ~585 rows       \u2502\n                         \u2514\u2500\u2500\u2500\u2500\u2500\u2500\u2500\u2500\u2500\u2500\u2500\u2500\u2500\u2500\u2500\u2500\u2500\u2500\u2500\u2500\u2500\u2500\u2500\u2518\u2514\u2500\u2500\u2500\u2500\u2500\u2500\u2500\u2500\u2500\u2500\u2500\u252c\u2500\u2500\u2500\u2500\u2500\u2500\u2500\u2500\u2500\u2500\u2500\u2518                         \u2514\u2500\u2500\u2500\u2500\u2500\u2500\u2500\u2500\u2500\u2500\u2500\u252c\u2500\u2500\u2500\u2500\u2500\u2500\u2500\u2500\u2500\u2500\u2500\u2518\u2514\u2500\u2500\u2500\u2500\u2500\u2500\u2500\u2500\u2500\u2500\u2500\u252c\u2500\u2500\u2500\u2500\u2500\u2500\u2500\u2500\u2500\u2500\u2500\u2518\n                                                  \u250c\u2500\u2500\u2500\u2500\u2500\u2500\u2500\u2500\u2500\u2500\u2500\u2534\u2500\u2500\u2500\u2500\u2500\u2500\u2500\u2500\u2500\u2500\u2500\u2510                         \u250c\u2500\u2500\u2500\u2500\u2500\u2500\u2500\u2500\u2500\u2500\u2500\u2534\u2500\u2500\u2500\u2500\u2500\u2500\u2500\u2500\u2500\u2500\u2500\u2510\u250c\u2500\u2500\u2500\u2500\u2500\u2500\u2500\u2500\u2500\u2500\u2500\u2534\u2500\u2500\u2500\u2500\u2500\u2500\u2500\u2500\u2500\u2500\u2500\u2510\n                                                  \u2502       SEQ_SCAN        \u2502                         \u2502       SEQ_SCAN        \u2502\u2502       SEQ_SCAN        \u2502\n                                                  \u2502    \u2500\u2500\u2500\u2500\u2500\u2500\u2500\u2500\u2500\u2500\u2500\u2500\u2500\u2500\u2500\u2500   \u2502                         \u2502    \u2500\u2500\u2500\u2500\u2500\u2500\u2500\u2500\u2500\u2500\u2500\u2500\u2500\u2500\u2500\u2500   \u2502\u2502    \u2500\u2500\u2500\u2500\u2500\u2500\u2500\u2500\u2500\u2500\u2500\u2500\u2500\u2500\u2500\u2500   \u2502\n                                                  \u2502    Table: date_dim    \u2502                         \u2502         Table:        \u2502\u2502    Table: date_dim    \u2502\n                                                  \u2502                       \u2502                         \u2502     catalog_sales     \u2502\u2502                       \u2502\n                                                  \u2502         Type:         \u2502                         \u2502                       \u2502\u2502         Type:         \u2502\n                                                  \u2502    Sequential Scan    \u2502                         \u2502         Type:         \u2502\u2502    Sequential Scan    \u2502\n                                                  \u2502                       \u2502                         \u2502    Sequential Scan    \u2502\u2502                       \u2502\n                                                  \u2502      Projections:     \u2502                         \u2502                       \u2502\u2502      Projections:     \u2502\n                                                  \u2502       d_date_sk       \u2502                         \u2502      Projections:     \u2502\u2502       d_date_sk       \u2502\n                                                  \u2502                       \u2502                         \u2502    cs_order_number    \u2502\u2502                       \u2502\n                                                  \u2502        Filters:       \u2502                         \u2502       cs_item_sk      \u2502\u2502        Filters:       \u2502\n                                                  \u2502      d_year=1999      \u2502                         \u2502      cs_net_paid      \u2502\u2502      d_year=1999      \u2502\n                                                  \u2502        d_moy=12       \u2502                         \u2502      cs_quantity      \u2502\u2502        d_moy=12       \u2502\n                                                  \u2502                       \u2502                         \u2502    cs_sold_date_sk    \u2502\u2502                       \u2502\n                                                  \u2502                       \u2502                         \u2502                       \u2502\u2502                       \u2502\n                                                  \u2502                       \u2502                         \u2502        Filters:       \u2502\u2502                       \u2502\n                                                  \u2502                       \u2502                         \u2502   cs_net_profit>1.00  \u2502\u2502                       \u2502\n                                                  \u2502                       \u2502                         \u2502    cs_net_paid>0.00   \u2502\u2502                       \u2502\n                                                  \u2502                       \u2502                         \u2502     cs_quantity>0     \u2502\u2502                       \u2502\n                                                  \u2502                       \u2502                         \u2502                       \u2502\u2502                       \u2502\n                                                  \u2502       ~585 rows       \u2502                         \u2502    ~2,880,252 rows    \u2502\u2502       ~585 rows       \u2502\n                                                  \u2514\u2500\u2500\u2500\u2500\u2500\u2500\u2500\u2500\u2500\u2500\u2500\u2500\u2500\u2500\u2500\u2500\u2500\u2500\u2500\u2500\u2500\u2500\u2500\u2518                         \u2514\u2500\u2500\u2500\u2500\u2500\u2500\u2500\u2500\u2500\u2500\u2500\u2500\u2500\u2500\u2500\u2500\u2500\u2500\u2500\u2500\u2500\u2500\u2500\u2518\u2514\u2500\u2500\u2500\u2500\u2500\u2500\u2500\u2500\u2500\u2500\u2500\u2500\u2500\u2500\u2500\u2500\u2500\u2500\u2500\u2500\u2500\u2500\u2500\u2518\n",
  "plan_json": {
    "total_bytes_written": 0,
    "total_bytes_read": 0,
    "rows_returned": 0,
    "latency": 0.0,
    "result_set_size": 0,
    "query_name": "",
    "blocked_thread_time": 0.0,
    "system_peak_buffer_memory": 0,
    "system_peak_temp_dir_size": 0,
    "cpu_time": 0.0,
    "extra_info": {},
    "cumulative_cardinality": 0,
    "cumulative_rows_scanned": 0,
    "children": [
      {
        "total_bytes_written": 0,
        "total_bytes_read": 0,
        "result_set_size": 0,
        "operator_name": "EXPLAIN_ANALYZE",
        "cpu_time": 0.0,
        "extra_info": {},
        "cumulative_cardinality": 0,
        "operator_type": "EXPLAIN_ANALYZE",
        "operator_cardinality": 0,
        "cumulative_rows_scanned": 0,
        "operator_rows_scanned": 0,
        "operator_timing": 2.77e-07,
        "children": [
          {
            "total_bytes_written": 0,
            "total_bytes_read": 0,
            "result_set_size": 1804,
            "operator_name": "TOP_N",
            "cpu_time": 0.0,
            "extra_info": {
              "Top": "100",
              "Order By": [
                "channel ASC",
                "return_rank ASC",
                "currency_rank ASC",
                "item ASC"
              ]
            },
            "cumulative_cardinality": 0,
            "operator_type": "TOP_N",
            "operator_cardinality": 41,
            "cumulative_rows_scanned": 0,
            "operator_rows_scanned": 0,
            "operator_timing": 0.00012764,
            "children": [
              {
                "total_bytes_written": 0,
                "total_bytes_read": 0,
                "result_set_size": 1804,
                "operator_name": "HASH_GROUP_BY",
                "cpu_time": 0.0,
                "extra_info": {
                  "Groups": [
                    "#0",
                    "#1",
                    "#2",
                    "#3",
                    "#4"
                  ],
                  "Aggregates": "",
                  "Estimated Cardinality": "4900"
                },
                "cumulative_cardinality": 0,
                "operator_type": "HASH_GROUP_BY",
                "operator_cardinality": 41,
                "cumulative_rows_scanned": 0,
                "operator_rows_scanned": 0,
                "operator_timing": 0.0028213179999999997,
                "children": [
                  {
                    "total_bytes_written": 0,
                    "total_bytes_read": 0,
                    "result_set_size": 0,
                    "operator_name": "UNION",
                    "cpu_time": 0.0,
                    "extra_info": {},
                    "cumulative_cardinality": 0,
                    "operator_type": "UNION",
                    "operator_cardinality": 0,
                    "cumulative_rows_scanned": 0,
                    "operator_rows_scanned": 0,
                    "operator_timing": 0.0,
                    "children": [
                      {
                        "total_bytes_written": 0,
                        "total_bytes_read": 0,
                        "result_set_size": 1276,
                        "operator_name": "HASH_GROUP_BY",
                        "cpu_time": 0.0,
                        "extra_info": {
                          "Groups": [
                            "#0",
                            "#1",
                            "#2",
                            "#3",
                            "#4"
                          ],
                          "Aggregates": "",
                          "Estimated Cardinality": "2210"
                        },
                        "cumulative_cardinality": 0,
                        "operator_type": "HASH_GROUP_BY",
                        "operator_cardinality": 29,
                        "cumulative_rows_scanned": 0,
                        "operator_rows_scanned": 0,
                        "operator_timing": 0.0018380129999999999,
                        "children": [
                          {
                            "total_bytes_written": 0,
                            "total_bytes_read": 0,
                            "result_set_size": 0,
                            "operator_name": "UNION",
                            "cpu_time": 0.0,
                            "extra_info": {},
                            "cumulative_cardinality": 0,
                            "operator_type": "UNION",
                            "operator_cardinality": 0,
                            "cumulative_rows_scanned": 0,
                            "operator_rows_scanned": 0,
                            "operator_timing": 0.0,
                            "children": [
                              {
                                "total_bytes_written": 0,
                                "total_bytes_read": 0,
                                "result_set_size": 528,
                                "operator_name": "PROJECTION",
                                "cpu_time": 0.0,
                                "extra_info": {
                                  "Projections": [
                                    "channel",
                                    "item",
                                    "return_ratio",
                                    "return_rank",
                                    "currency_rank"
                                  ],
                                  "Estimated Cardinality": "1555"
                                },
                                "cumulative_cardinality": 0,
                                "operator_type": "PROJECTION",
                                "operator_cardinality": 12,
                                "cumulative_rows_scanned": 0,
                                "operator_rows_scanned": 0,
                                "operator_timing": 8.75e-07,
                                "children": [
                                  {
                                    "total_bytes_written": 0,
                                    "total_bytes_read": 0,
                                    "result_set_size": 336,
                                    "operator_name": "PROJECTION",
                                    "cpu_time": 0.0,
                                    "extra_info": {
                                      "Projections": [
                                        "#0",
                                        "#1",
                                        "#3",
                                        "#4"
                                      ],
                                      "Estimated Cardinality": "1555"
                                    },
                                    "cumulative_cardinality": 0,
                                    "operator_type": "PROJECTION",
                                    "operator_cardinality": 12,
                                    "cumulative_rows_scanned": 0,
                                    "operator_rows_scanned": 0,
                                    "operator_timing": 4.28e-07,
                                    "children": [
                                      {
                                        "total_bytes_written": 0,
                                        "total_bytes_read": 0,
                                        "result_set_size": 432,
                                        "operator_name": "FILTER",
                                        "cpu_time": 0.0,
                                        "extra_info": {
                                          "Expression": "((return_rank <= 10) OR (currency_rank <= 10))",
                                          "Estimated Cardinality": "1555"
                                        },
                                        "cumulative_cardinality": 0,
                                        "operator_type": "FILTER",
                                        "operator_cardinality": 12,
                                        "cumulative_rows_scanned": 0,
                                        "operator_rows_scanned": 0,
                                        "operator_timing": 2.8734e-05,
                                        "children": [
                                          {
                                            "total_bytes_written": 0,
                                            "total_bytes_read": 0,
                                            "result_set_size": 5400,
                                            "operator_name": "PROJECTION",
                                            "cpu_time": 0.0,
                                            "extra_info": {
                                              "Projections": [
                                                "#0",
                                                "#1",
                                                "#2",
                                                "#3",
                                                "#4"
                                              ],
                                              "Estimated Cardinality": "7777"
                                            },
                                            "cumulative_cardinality": 0,
                                            "operator_type": "PROJECTION",
                                            "operator_cardinality": 150,
                                            "cumulative_rows_scanned": 0,
                                            "operator_rows_scanned": 0,
                                            "operator_timing": 4e-07,
                                            "children": [
                                              {
                                                "total_bytes_written": 0,
                                                "total_bytes_read": 0,
                                                "result_set_size": 5400,
                                                "operator_name": "WINDOW",
                                                "cpu_time": 0.0,
                                                "extra_info": {
                                                  "Projections": "RANK() OVER (ORDER BY currency_ratio ASC NULLS LAST)"
                                                },
                                                "cumulative_cardinality": 0,
                                                "operator_type": "WINDOW",
                                                "operator_cardinality": 150,
                                                "cumulative_rows_scanned": 0,
                                                "operator_rows_scanned": 0,
                                                "operator_timing": 0.00016895,
                                                "children": [
                                                  {
                                                    "total_bytes_written": 0,
                                                    "total_bytes_read": 0,
                                                    "result_set_size": 4200,
                                                    "operator_name": "WINDOW",
                                                    "cpu_time": 0.0,
                                                    "extra_info": {
                                                      "Projections": "RANK() OVER (ORDER BY return_ratio ASC NULLS LAST)"
                                                    },
                                                    "cumulative_cardinality": 0,
                                                    "operator_type": "WINDOW",
                                                    "operator_cardinality": 150,
                                                    "cumulative_rows_scanned": 0,
                                                    "operator_rows_scanned": 0,
                                                    "operator_timing": 0.0005439209999999999,
                                                    "children": [
                                                      {
                                                        "total_bytes_written": 0,
                                                        "total_bytes_read": 0,
                                                        "result_set_size": 3000,
                                                        "operator_name": "PROJECTION",
                                                        "cpu_time": 0.0,
                                                        "extra_info": {
                                                          "Projections": [
                                                            "item",
                                                            "return_ratio",
                                                            "currency_ratio"
                                                          ],
                                                          "Estimated Cardinality": "7777"
                                                        },
                                                        "cumulative_cardinality": 0,
                                                        "operator_type": "PROJECTION",
                                                        "operator_cardinality": 150,
                                                        "cumulative_rows_scanned": 0,
                                                        "operator_rows_scanned": 0,
                                                        "operator_timing": 0.00045029499999999997,
                                                        "children": [
                                                          {
                                                            "total_bytes_written": 0,
                                                            "total_bytes_read": 0,
                                                            "result_set_size": 10200,
                                                            "operator_name": "HASH_GROUP_BY",
                                                            "cpu_time": 0.0,
                                                            "extra_info": {
                                                              "Groups": "#0",
                                                              "Aggregates": [
                                                                "sum(#1)",
                                                                "sum(#2)",
                                                                "sum(#3)",
                                                                "sum(#4)"
                                                              ],
                                                              "Estimated Cardinality": "7777"
                                                            },
                                                            "cumulative_cardinality": 0,
                                                            "operator_type": "HASH_GROUP_BY",
                                                            "operator_cardinality": 150,
                                                            "cumulative_rows_scanned": 0,
                                                            "operator_rows_scanned": 0,
                                                            "operator_timing": 0.0025998979999999994,
                                                            "children": [
                                                              {
                                                                "total_bytes_written": 0,
                                                                "total_bytes_read": 0,
                                                                "result_set_size": 4200,
                                                                "operator_name": "PROJECTION",
                                                                "cpu_time": 0.0,
                                                                "extra_info": {
                                                                  "Projections": [
                                                                    "ws_item_sk",
                                                                    "COALESCE(wr_return_quantity, 0)",
                                                                    "ws_quantity",
                                                                    "CAST(wr_return_amt AS DECIMAL(12,2))",
                                                                    "CAST(ws_net_paid AS DECIMAL(12,2))"
                                                                  ],
                                                                  "Estimated Cardinality": "8109"
                                                                },
                                                                "cumulative_cardinality": 0,
                                                                "operator_type": "PROJECTION",
                                                                "operator_cardinality": 150,
                                                                "cumulative_rows_scanned": 0,
                                                                "operator_rows_scanned": 0,
                                                                "operator_timing": 4.1285e-05,
                                                                "children": [
                                                                  {
                                                                    "total_bytes_written": 0,
                                                                    "total_bytes_read": 0,
                                                                    "result_set_size": 3000,
                                                                    "operator_name": "HASH_JOIN",
                                                                    "cpu_time": 0.0,
                                                                    "extra_info": {
                                                                      "Join Type": "INNER",
                                                                      "Conditions": [
                                                                        "wr_order_number = ws_order_number",
                                                                        "wr_item_sk = ws_item_sk"
                                                                      ],
                                                                      "Estimated Cardinality": "8109"
                                                                    },
                                                                    "cumulative_cardinality": 0,
                                                                    "operator_type": "HASH_JOIN",
                                                                    "operator_cardinality": 150,
                                                                    "cumulative_rows_scanned": 0,
                                                                    "operator_rows_scanned": 0,
                                                                    "operator_timing": 0.010411676000000003,
                                                                    "children": [
                                                                      {
                                                                        "total_bytes_written": 0,
                                                                        "total_bytes_read": 0,
                                                                        "result_set_size": 95552,
                                                                        "operator_name": "SEQ_SCAN ",
                                                                        "cpu_time": 0.0,
                                                                        "extra_info": {
                                                                          "Table": "web_returns",
                                                                          "Type": "Sequential Scan",
                                                                          "Projections": [
                                                                            "wr_order_number",
                                                                            "wr_item_sk",
                                                                            "wr_return_amt",
                                                                            "wr_return_quantity"
                                                                          ],
                                                                          "Filters": "wr_return_amt>10000.00",
                                                                          "Estimated Cardinality": "143844"
                                                                        },
                                                                        "cumulative_cardinality": 0,
                                                                        "operator_type": "TABLE_SCAN",
                                                                        "operator_cardinality": 5972,
                                                                        "cumulative_rows_scanned": 0,
                                                                        "operator_rows_scanned": 4315332,
                                                                        "operator_timing": 0.16636432299999998,
                                                                        "children": []
                                                                      },
                                                                      {
                                                                        "total_bytes_written": 0,
                                                                        "total_bytes_read": 0,
                                                                        "result_set_size": 1881440,
                                                                        "operator_name": "HASH_JOIN",
                                                                        "cpu_time": 0.0,
                                                                        "extra_info": {
                                                                          "Join Type": "INNER",
                                                                          "Conditions": "ws_sold_date_sk = d_date_sk",
                                                                          "Estimated Cardinality": "11528"
                                                                        },
                                                                        "cumulative_cardinality": 0,
                                                                        "operator_type": "HASH_JOIN",
                                                                        "operator_cardinality": 94072,
                                                                        "cumulative_rows_scanned": 0,
                                                                        "operator_rows_scanned": 0,
                                                                        "operator_timing": 0.015129075999999997,
                                                                        "children": [
                                                                          {
                                                                            "total_bytes_written": 0,
                                                                            "total_bytes_read": 0,
                                                                            "result_set_size": 1881440,
                                                                            "operator_name": "SEQ_SCAN ",
                                                                            "cpu_time": 0.0,
                                                                            "extra_info": {
                                                                              "Table": "web_sales",
                                                                              "Type": "Sequential Scan",
                                                                              "Projections": [
                                                                                "ws_order_number",
                                                                                "ws_item_sk",
                                                                                "ws_net_paid",
                                                                                "ws_quantity",
                                                                                "ws_sold_date_sk"
                                                                              ],
                                                                              "Filters": [
                                                                                "ws_net_profit>1.00",
                                                                                "ws_net_paid>0.00",
                                                                                "ws_quantity>0"
                                                                              ],
                                                                              "Estimated Cardinality": "1439513"
                                                                            },
                                                                            "cumulative_cardinality": 0,
                                                                            "operator_type": "TABLE_SCAN",
                                                                            "operator_cardinality": 94072,
                                                                            "cumulative_rows_scanned": 0,
                                                                            "operator_rows_scanned": 201531848,
                                                                            "operator_timing": 5.030907959000001,
                                                                            "children": []
                                                                          },
                                                                          {
                                                                            "total_bytes_written": 0,
                                                                            "total_bytes_read": 0,
                                                                            "result_set_size": 124,
                                                                            "operator_name": "FILTER",
                                                                            "cpu_time": 0.0,
                                                                            "extra_info": {
                                                                              "Expression": "(d_date_sk BETWEEN 2450816 AND 2452642)",
                                                                              "Estimated Cardinality": "585"
                                                                            },
                                                                            "cumulative_cardinality": 0,
                                                                            "operator_type": "FILTER",
                                                                            "operator_cardinality": 31,
                                                                            "cumulative_rows_scanned": 0,
                                                                            "operator_rows_scanned": 0,
                                                                            "operator_timing": 2.9951e-05,
                                                                            "children": [
                                                                              {
                                                                                "total_bytes_written": 0,
                                                                                "total_bytes_read": 0,
                                                                                "result_set_size": 124,
                                                                                "operator_name": "SEQ_SCAN ",
                                                                                "cpu_time": 0.0,
                                                                                "extra_info": {
                                                                                  "Table": "date_dim",
                                                                                  "Type": "Sequential Scan",
                                                                                  "Projections": "d_date_sk",
                                                                                  "Filters": [
                                                                                    "d_year=1999",
                                                                                    "d_moy=12"
                                                                                  ],
                                                                                  "Estimated Cardinality": "585"
                                                                                },
                                                                                "cumulative_cardinality": 0,
                                                                                "operator_type": "TABLE_SCAN",
                                                                                "operator_cardinality": 31,
                                                                                "cumulative_rows_scanned": 0,
                                                                                "operator_rows_scanned": 73049,
                                                                                "operator_timing": 0.0038192119999999998,
                                                                                "children": []
                                                                              }
                                                                            ]
                                                                          }
                                                                        ]
                                                                      }
                                                                    ]
                                                                  }
                                                                ]
                                                              }
                                                            ]
                                                          }
                                                        ]
                                                      }
                                                    ]
                                                  }
                                                ]
                                              }
                                            ]
                                          }
                                        ]
                                      }
                                    ]
                                  }
                                ]
                              },
                              {
                                "total_bytes_written": 0,
                                "total_bytes_read": 0,
                                "result_set_size": 748,
                                "operator_name": "PROJECTION",
                                "cpu_time": 0.0,
                                "extra_info": {
                                  "Projections": [
                                    "channel",
                                    "item",
                                    "return_ratio",
                                    "return_rank",
                                    "currency_rank"
                                  ],
                                  "Estimated Cardinality": "2210"
                                },
                                "cumulative_cardinality": 0,
                                "operator_type": "PROJECTION",
                                "operator_cardinality": 17,
                                "cumulative_rows_scanned": 0,
                                "operator_rows_scanned": 0,
                                "operator_timing": 4.51e-07,
                                "children": [
                                  {
                                    "total_bytes_written": 0,
                                    "total_bytes_read": 0,
                                    "result_set_size": 476,
                                    "operator_name": "PROJECTION",
                                    "cpu_time": 0.0,
                                    "extra_info": {
                                      "Projections": [
                                        "#0",
                                        "#1",
                                        "#3",
                                        "#4"
                                      ],
                                      "Estimated Cardinality": "2210"
                                    },
                                    "cumulative_cardinality": 0,
                                    "operator_type": "PROJECTION",
                                    "operator_cardinality": 17,
                                    "cumulative_rows_scanned": 0,
                                    "operator_rows_scanned": 0,
                                    "operator_timing": 1.94e-07,
                                    "children": [
                                      {
                                        "total_bytes_written": 0,
                                        "total_bytes_read": 0,
                                        "result_set_size": 612,
                                        "operator_name": "FILTER",
                                        "cpu_time": 0.0,
                                        "extra_info": {
                                          "Expression": "((return_rank <= 10) OR (currency_rank <= 10))",
                                          "Estimated Cardinality": "2210"
                                        },
                                        "cumulative_cardinality": 0,
                                        "operator_type": "FILTER",
                                        "operator_cardinality": 17,
                                        "cumulative_rows_scanned": 0,
                                        "operator_rows_scanned": 0,
                                        "operator_timing": 6.679e-06,
                                        "children": [
                                          {
                                            "total_bytes_written": 0,
                                            "total_bytes_read": 0,
                                            "result_set_size": 13284,
                                            "operator_name": "PROJECTION",
                                            "cpu_time": 0.0,
                                            "extra_info": {
                                              "Projections": [
                                                "#0",
                                                "#1",
                                                "#2",
                                                "#3",
                                                "#4"
                                              ],
                                              "Estimated Cardinality": "11052"
                                            },
                                            "cumulative_cardinality": 0,
                                            "operator_type": "PROJECTION",
                                            "operator_cardinality": 369,
                                            "cumulative_rows_scanned": 0,
                                            "operator_rows_scanned": 0,
                                            "operator_timing": 4.07e-07,
                                            "children": [
                                              {
                                                "total_bytes_written": 0,
                                                "total_bytes_read": 0,
                                                "result_set_size": 13284,
                                                "operator_name": "WINDOW",
                                                "cpu_time": 0.0,
                                                "extra_info": {
                                                  "Projections": "RANK() OVER (ORDER BY currency_ratio ASC NULLS LAST)"
                                                },
                                                "cumulative_cardinality": 0,
                                                "operator_type": "WINDOW",
                                                "operator_cardinality": 369,
                                                "cumulative_rows_scanned": 0,
                                                "operator_rows_scanned": 0,
                                                "operator_timing": 0.000131139,
                                                "children": [
                                                  {
                                                    "total_bytes_written": 0,
                                                    "total_bytes_read": 0,
                                                    "result_set_size": 10332,
                                                    "operator_name": "WINDOW",
                                                    "cpu_time": 0.0,
                                                    "extra_info": {
                                                      "Projections": "RANK() OVER (ORDER BY return_ratio ASC NULLS LAST)"
                                                    },
                                                    "cumulative_cardinality": 0,
                                                    "operator_type": "WINDOW",
                                                    "operator_cardinality": 369,
                                                    "cumulative_rows_scanned": 0,
                                                    "operator_rows_scanned": 0,
                                                    "operator_timing": 0.00046131500000000006,
                                                    "children": [
                                                      {
                                                        "total_bytes_written": 0,
                                                        "total_bytes_read": 0,
                                                        "result_set_size": 7380,
                                                        "operator_name": "PROJECTION",
                                                        "cpu_time": 0.0,
                                                        "extra_info": {
                                                          "Projections": [
                                                            "item",
                                                            "return_ratio",
                                                            "currency_ratio"
                                                          ],
                                                          "Estimated Cardinality": "11052"
                                                        },
                                                        "cumulative_cardinality": 0,
                                                        "operator_type": "PROJECTION",
                                                        "operator_cardinality": 369,
                                                        "cumulative_rows_scanned": 0,
                                                        "operator_rows_scanned": 0,
                                                        "operator_timing": 0.00010399400000000001,
                                                        "children": [
                                                          {
                                                            "total_bytes_written": 0,
                                                            "total_bytes_read": 0,
                                                            "result_set_size": 25092,
                                                            "operator_name": "HASH_GROUP_BY",
                                                            "cpu_time": 0.0,
                                                            "extra_info": {
                                                              "Groups": "#0",
                                                              "Aggregates": [
                                                                "sum(#1)",
                                                                "sum(#2)",
                                                                "sum(#3)",
                                                                "sum(#4)"
                                                              ],
                                                              "Estimated Cardinality": "11052"
                                                            },
                                                            "cumulative_cardinality": 0,
                                                            "operator_type": "HASH_GROUP_BY",
                                                            "operator_cardinality": 369,
                                                            "cumulative_rows_scanned": 0,
                                                            "operator_rows_scanned": 0,
                                                            "operator_timing": 0.001004368,
                                                            "children": [
                                                              {
                                                                "total_bytes_written": 0,
                                                                "total_bytes_read": 0,
                                                                "result_set_size": 10360,
                                                                "operator_name": "PROJECTION",
                                                                "cpu_time": 0.0,
                                                                "extra_info": {
                                                                  "Projections": [
                                                                    "cs_item_sk",
                                                                    "COALESCE(cr_return_quantity, 0)",
                                                                    "cs_quantity",
                                                                    "CAST(cr_return_amount AS DECIMAL(12,2))",
                                                                    "CAST(cs_net_paid AS DECIMAL(12,2))"
                                                                  ],
                                                                  "Estimated Cardinality": "11741"
                                                                },
                                                                "cumulative_cardinality": 0,
                                                                "operator_type": "PROJECTION",
                                                                "operator_cardinality": 370,
                                                                "cumulative_rows_scanned": 0,
                                                                "operator_rows_scanned": 0,
                                                                "operator_timing": 7.057e-06,
                                                                "children": [
                                                                  {
                                                                    "total_bytes_written": 0,
                                                                    "total_bytes_read": 0,
                                                                    "result_set_size": 7400,
                                                                    "operator_name": "HASH_JOIN",
                                                                    "cpu_time": 0.0,
                                                                    "extra_info": {
                                                                      "Join Type": "INNER",
                                                                      "Conditions": [
                                                                        "cr_order_number = cs_order_number",
                                                                        "cr_item_sk = cs_item_sk"
                                                                      ],
                                                                      "Estimated Cardinality": "11741"
                                                                    },
                                                                    "cumulative_cardinality": 0,
                                                                    "operator_type": "HASH_JOIN",
                                                                    "operator_cardinality": 370,
                                                                    "cumulative_rows_scanned": 0,
                                                                    "operator_rows_scanned": 0,
                                                                    "operator_timing": 0.008742797000000002,
                                                                    "children": [
                                                                      {
                                                                        "total_bytes_written": 0,
                                                                        "total_bytes_read": 0,
                                                                        "result_set_size": 6544,
                                                                        "operator_name": "SEQ_SCAN ",
                                                                        "cpu_time": 0.0,
                                                                        "extra_info": {
                                                                          "Table": "catalog_returns",
                                                                          "Type": "Sequential Scan",
                                                                          "Projections": [
                                                                            "cr_order_number",
                                                                            "cr_item_sk",
                                                                            "cr_return_amount",
                                                                            "cr_return_quantity"
                                                                          ],
                                                                          "Filters": "cr_return_amount>10000.00",
                                                                          "Estimated Cardinality": "288244"
                                                                        },
                                                                        "cumulative_cardinality": 0,
                                                                        "operator_type": "TABLE_SCAN",
                                                                        "operator_cardinality": 409,
                                                                        "cumulative_rows_scanned": 0,
                                                                        "operator_rows_scanned": 17294688,
                                                                        "operator_timing": 0.03701072699999999,
                                                                        "children": []
                                                                      },
                                                                      {
                                                                        "total_bytes_written": 0,
                                                                        "total_bytes_read": 0,
                                                                        "result_set_size": 3757040,
                                                                        "operator_name": "HASH_JOIN",
                                                                        "cpu_time": 0.0,
                                                                        "extra_info": {
                                                                          "Join Type": "INNER",
                                                                          "Conditions": "cs_sold_date_sk = d_date_sk",
                                                                          "Estimated Cardinality": "23065"
                                                                        },
                                                                        "cumulative_cardinality": 0,
                                                                        "operator_type": "HASH_JOIN",
                                                                        "operator_cardinality": 187852,
                                                                        "cumulative_rows_scanned": 0,
                                                                        "operator_rows_scanned": 0,
                                                                        "operator_timing": 0.001991988,
                                                                        "children": [
                                                                          {
                                                                            "total_bytes_written": 0,
                                                                            "total_bytes_read": 0,
                                                                            "result_set_size": 3757040,
                                                                            "operator_name": "FILTER",
                                                                            "cpu_time": 0.0,
                                                                            "extra_info": {
                                                                              "Expression": "(cs_order_number >= 2)",
                                                                              "Estimated Cardinality": "2880252"
                                                                            },
                                                                            "cumulative_cardinality": 0,
                                                                            "operator_type": "FILTER",
                                                                            "operator_cardinality": 187852,
                                                                            "cumulative_rows_scanned": 0,
                                                                            "operator_rows_scanned": 0,
                                                                            "operator_timing": 0.00022279900000000003,
                                                                            "children": [
                                                                              {
                                                                                "total_bytes_written": 0,
                                                                                "total_bytes_read": 0,
                                                                                "result_set_size": 3757040,
                                                                                "operator_name": "SEQ_SCAN ",
                                                                                "cpu_time": 0.0,
                                                                                "extra_info": {
                                                                                  "Table": "catalog_sales",
                                                                                  "Type": "Sequential Scan",
                                                                                  "Projections": [
                                                                                    "cs_order_number",
                                                                                    "cs_item_sk",
                                                                                    "cs_net_paid",
                                                                                    "cs_quantity",
                                                                                    "cs_sold_date_sk"
                                                                                  ],
                                                                                  "Filters": [
                                                                                    "cs_net_profit>1.00",
                                                                                    "cs_net_paid>0.00",
                                                                                    "cs_quantity>0"
                                                                                  ],
                                                                                  "Estimated Cardinality": "2880252"
                                                                                },
                                                                                "cumulative_cardinality": 0,
                                                                                "operator_type": "TABLE_SCAN",
                                                                                "operator_cardinality": 187852,
                                                                                "cumulative_rows_scanned": 0,
                                                                                "operator_rows_scanned": 403235308,
                                                                                "operator_timing": 0.217180464,
                                                                                "children": []
                                                                              }
                                                                            ]
                                                                          },
                                                                          {
                                                                            "total_bytes_written": 0,
                                                                            "total_bytes_read": 0,
                                                                            "result_set_size": 124,
                                                                            "operator_name": "FILTER",
                                                                            "cpu_time": 0.0,
                                                                            "extra_info": {
                                                                              "Expression": "(d_date_sk BETWEEN 2450815 AND 2452653)",
                                                                              "Estimated Cardinality": "585"
                                                                            },
                                                                            "cumulative_cardinality": 0,
                                                                            "operator_type": "FILTER",
                                                                            "operator_cardinality": 31,
                                                                            "cumulative_rows_scanned": 0,
                                                                            "operator_rows_scanned": 0,
                                                                            "operator_timing": 3.461e-05,
                                                                            "children": [
                                                                              {
                                                                                "total_bytes_written": 0,
                                                                                "total_bytes_read": 0,
                                                                                "result_set_size": 124,
                                                                                "operator_name": "SEQ_SCAN ",
                                                                                "cpu_time": 0.0,
                                                                                "extra_info": {
                                                                                  "Table": "date_dim",
                                                                                  "Type": "Sequential Scan",
                                                                                  "Projections": "d_date_sk",
                                                                                  "Filters": [
                                                                                    "d_year=1999",
                                                                                    "d_moy=12"
                                                                                  ],
                                                                                  "Estimated Cardinality": "585"
                                                                                },
                                                                                "cumulative_cardinality": 0,
                                                                                "operator_type": "TABLE_SCAN",
                                                                                "operator_cardinality": 31,
                                                                                "cumulative_rows_scanned": 0,
                                                                                "operator_rows_scanned": 73049,
                                                                                "operator_timing": 0.0036724310000000003,
                                                                                "children": []
                                                                              }
                                                                            ]
                                                                          }
                                                                        ]
                                                                      }
                                                                    ]
                                                                  }
                                                                ]
                                                              }
                                                            ]
                                                          }
                                                        ]
                                                      }
                                                    ]
                                                  }
                                                ]
                                              }
                                            ]
                                          }
                                        ]
                                      }
                                    ]
                                  }
                                ]
                              }
                            ]
                          }
                        ]
                      },
                      {
                        "total_bytes_written": 0,
                        "total_bytes_read": 0,
                        "result_set_size": 528,
                        "operator_name": "PROJECTION",
                        "cpu_time": 0.0,
                        "extra_info": {
                          "Projections": [
                            "channel",
                            "item",
                            "return_ratio",
                            "return_rank",
                            "currency_rank"
                          ],
                          "Estimated Cardinality": "4900"
                        },
                        "cumulative_cardinality": 0,
                        "operator_type": "PROJECTION",
                        "operator_cardinality": 12,
                        "cumulative_rows_scanned": 0,
                        "operator_rows_scanned": 0,
                        "operator_timing": 4.09e-07,
                        "children": [
                          {
                            "total_bytes_written": 0,
                            "total_bytes_read": 0,
                            "result_set_size": 336,
                            "operator_name": "PROJECTION",
                            "cpu_time": 0.0,
                            "extra_info": {
                              "Projections": [
                                "#0",
                                "#1",
                                "#3",
                                "#4"
                              ],
                              "Estimated Cardinality": "4900"
                            },
                            "cumulative_cardinality": 0,
                            "operator_type": "PROJECTION",
                            "operator_cardinality": 12,
                            "cumulative_rows_scanned": 0,
                            "operator_rows_scanned": 0,
                            "operator_timing": 1.71e-07,
                            "children": [
                              {
                                "total_bytes_written": 0,
                                "total_bytes_read": 0,
                                "result_set_size": 432,
                                "operator_name": "FILTER",
                                "cpu_time": 0.0,
                                "extra_info": {
                                  "Expression": "((return_rank <= 10) OR (currency_rank <= 10))",
                                  "Estimated Cardinality": "4900"
                                },
                                "cumulative_cardinality": 0,
                                "operator_type": "FILTER",
                                "operator_cardinality": 12,
                                "cumulative_rows_scanned": 0,
                                "operator_rows_scanned": 0,
                                "operator_timing": 4.126e-06,
                                "children": [
                                  {
                                    "total_bytes_written": 0,
                                    "total_bytes_read": 0,
                                    "result_set_size": 4464,
                                    "operator_name": "PROJECTION",
                                    "cpu_time": 0.0,
                                    "extra_info": {
                                      "Projections": [
                                        "#0",
                                        "#1",
                                        "#2",
                                        "#3",
                                        "#4"
                                      ],
                                      "Estimated Cardinality": "24504"
                                    },
                                    "cumulative_cardinality": 0,
                                    "operator_type": "PROJECTION",
                                    "operator_cardinality": 124,
                                    "cumulative_rows_scanned": 0,
                                    "operator_rows_scanned": 0,
                                    "operator_timing": 3.73e-07,
                                    "children": [
                                      {
                                        "total_bytes_written": 0,
                                        "total_bytes_read": 0,
                                        "result_set_size": 4464,
                                        "operator_name": "WINDOW",
                                        "cpu_time": 0.0,
                                        "extra_info": {
                                          "Projections": "RANK() OVER (ORDER BY currency_ratio ASC NULLS LAST)"
                                        },
                                        "cumulative_cardinality": 0,
                                        "operator_type": "WINDOW",
                                        "operator_cardinality": 124,
                                        "cumulative_rows_scanned": 0,
                                        "operator_rows_scanned": 0,
                                        "operator_timing": 0.000124649,
                                        "children": [
                                          {
                                            "total_bytes_written": 0,
                                            "total_bytes_read": 0,
                                            "result_set_size": 3472,
                                            "operator_name": "WINDOW",
                                            "cpu_time": 0.0,
                                            "extra_info": {
                                              "Projections": "RANK() OVER (ORDER BY return_ratio ASC NULLS LAST)"
                                            },
                                            "cumulative_cardinality": 0,
                                            "operator_type": "WINDOW",
                                            "operator_cardinality": 124,
                                            "cumulative_rows_scanned": 0,
                                            "operator_rows_scanned": 0,
                                            "operator_timing": 0.00047340500000000004,
                                            "children": [
                                              {
                                                "total_bytes_written": 0,
                                                "total_bytes_read": 0,
                                                "result_set_size": 2480,
                                                "operator_name": "PROJECTION",
                                                "cpu_time": 0.0,
                                                "extra_info": {
                                                  "Projections": [
                                                    "item",
                                                    "return_ratio",
                                                    "currency_ratio"
                                                  ],
                                                  "Estimated Cardinality": "24504"
                                                },
                                                "cumulative_cardinality": 0,
                                                "operator_type": "PROJECTION",
                                                "operator_cardinality": 124,
                                                "cumulative_rows_scanned": 0,
                                                "operator_rows_scanned": 0,
                                                "operator_timing": 8.910100000000001e-05,
                                                "children": [
                                                  {
                                                    "total_bytes_written": 0,
                                                    "total_bytes_read": 0,
                                                    "result_set_size": 8432,
                                                    "operator_name": "HASH_GROUP_BY",
                                                    "cpu_time": 0.0,
                                                    "extra_info": {
                                                      "Groups": "#0",
                                                      "Aggregates": [
                                                        "sum(#1)",
                                                        "sum(#2)",
                                                        "sum(#3)",
                                                        "sum(#4)"
                                                      ],
                                                      "Estimated Cardinality": "24504"
                                                    },
                                                    "cumulative_cardinality": 0,
                                                    "operator_type": "HASH_GROUP_BY",
                                                    "operator_cardinality": 124,
                                                    "cumulative_rows_scanned": 0,
                                                    "operator_rows_scanned": 0,
                                                    "operator_timing": 0.006145623,
                                                    "children": [
                                                      {
                                                        "total_bytes_written": 0,
                                                        "total_bytes_read": 0,
                                                        "result_set_size": 3472,
                                                        "operator_name": "PROJECTION",
                                                        "cpu_time": 0.0,
                                                        "extra_info": {
                                                          "Projections": [
                                                            "ss_item_sk",
                                                            "COALESCE(sr_return_quantity, 0)",
                                                            "ss_quantity",
                                                            "CAST(sr_return_amt AS DECIMAL(12,2))",
                                                            "CAST(ss_net_paid AS DECIMAL(12,2))"
                                                          ],
                                                          "Estimated Cardinality": "28290"
                                                        },
                                                        "cumulative_cardinality": 0,
                                                        "operator_type": "PROJECTION",
                                                        "operator_cardinality": 124,
                                                        "cumulative_rows_scanned": 0,
                                                        "operator_rows_scanned": 0,
                                                        "operator_timing": 0.00022393899999999998,
                                                        "children": [
                                                          {
                                                            "total_bytes_written": 0,
                                                            "total_bytes_read": 0,
                                                            "result_set_size": 2480,
                                                            "operator_name": "HASH_JOIN",
                                                            "cpu_time": 0.0,
                                                            "extra_info": {
                                                              "Join Type": "INNER",
                                                              "Conditions": [
                                                                "sr_ticket_number = ss_ticket_number",
                                                                "sr_item_sk = ss_item_sk"
                                                              ],
                                                              "Estimated Cardinality": "28290"
                                                            },
                                                            "cumulative_cardinality": 0,
                                                            "operator_type": "HASH_JOIN",
                                                            "operator_cardinality": 124,
                                                            "cumulative_rows_scanned": 0,
                                                            "operator_rows_scanned": 0,
                                                            "operator_timing": 0.021853192,
                                                            "children": [
                                                              {
                                                                "total_bytes_written": 0,
                                                                "total_bytes_read": 0,
                                                                "result_set_size": 77008,
                                                                "operator_name": "SEQ_SCAN ",
                                                                "cpu_time": 0.0,
                                                                "extra_info": {
                                                                  "Table": "store_returns",
                                                                  "Type": "Sequential Scan",
                                                                  "Projections": [
                                                                    "sr_ticket_number",
                                                                    "sr_item_sk",
                                                                    "sr_return_amt",
                                                                    "sr_return_quantity"
                                                                  ],
                                                                  "Filters": "sr_return_amt>10000.00",
                                                                  "Estimated Cardinality": "575506"
                                                                },
                                                                "cumulative_cardinality": 0,
                                                                "operator_type": "TABLE_SCAN",
                                                                "operator_cardinality": 4813,
                                                                "cumulative_rows_scanned": 0,
                                                                "operator_rows_scanned": 69060768,
                                                                "operator_timing": 0.8575489810000001,
                                                                "children": []
                                                              },
                                                              {
                                                                "total_bytes_written": 0,
                                                                "total_bytes_read": 0,
                                                                "result_set_size": 4625220,
                                                                "operator_name": "HASH_JOIN",
                                                                "cpu_time": 0.0,
                                                                "extra_info": {
                                                                  "Join Type": "INNER",
                                                                  "Conditions": "ss_sold_date_sk = d_date_sk",
                                                                  "Estimated Cardinality": "46129"
                                                                },
                                                                "cumulative_cardinality": 0,
                                                                "operator_type": "HASH_JOIN",
                                                                "operator_cardinality": 231261,
                                                                "cumulative_rows_scanned": 0,
                                                                "operator_rows_scanned": 0,
                                                                "operator_timing": 0.004572320999999999,
                                                                "children": [
                                                                  {
                                                                    "total_bytes_written": 0,
                                                                    "total_bytes_read": 0,
                                                                    "result_set_size": 4625220,
                                                                    "operator_name": "FILTER",
                                                                    "cpu_time": 0.0,
                                                                    "extra_info": {
                                                                      "Expression": "(ss_ticket_number <= 2399999)",
                                                                      "Estimated Cardinality": "5760198"
                                                                    },
                                                                    "cumulative_cardinality": 0,
                                                                    "operator_type": "FILTER",
                                                                    "operator_cardinality": 231261,
                                                                    "cumulative_rows_scanned": 0,
                                                                    "operator_rows_scanned": 0,
                                                                    "operator_timing": 0.020824495999999998,
                                                                    "children": [
                                                                      {
                                                                        "total_bytes_written": 0,
                                                                        "total_bytes_read": 0,
                                                                        "result_set_size": 4625220,
                                                                        "operator_name": "SEQ_SCAN ",
                                                                        "cpu_time": 0.0,
                                                                        "extra_info": {
                                                                          "Table": "store_sales",
                                                                          "Type": "Sequential Scan",
                                                                          "Projections": [
                                                                            "ss_ticket_number",
                                                                            "ss_item_sk",
                                                                            "ss_net_paid",
                                                                            "ss_quantity",
                                                                            "ss_sold_date_sk"
                                                                          ],
                                                                          "Filters": [
                                                                            "ss_net_profit>1.00",
                                                                            "ss_net_paid>0.00",
                                                                            "ss_quantity>0"
                                                                          ],
                                                                          "Estimated Cardinality": "5760198"
                                                                        },
                                                                        "cumulative_cardinality": 0,
                                                                        "operator_type": "TABLE_SCAN",
                                                                        "operator_cardinality": 231261,
                                                                        "cumulative_rows_scanned": 0,
                                                                        "operator_rows_scanned": 806427748,
                                                                        "operator_timing": 12.848871317,
                                                                        "children": []
                                                                      }
                                                                    ]
                                                                  },
                                                                  {
                                                                    "total_bytes_written": 0,
                                                                    "total_bytes_read": 0,
                                                                    "result_set_size": 124,
                                                                    "operator_name": "FILTER",
                                                                    "cpu_time": 0.0,
                                                                    "extra_info": {
                                                                      "Expression": "(d_date_sk BETWEEN 2450816 AND 2452642)",
                                                                      "Estimated Cardinality": "585"
                                                                    },
                                                                    "cumulative_cardinality": 0,
                                                                    "operator_type": "FILTER",
                                                                    "operator_cardinality": 31,
                                                                    "cumulative_rows_scanned": 0,
                                                                    "operator_rows_scanned": 0,
                                                                    "operator_timing": 3.2826e-05,
                                                                    "children": [
                                                                      {
                                                                        "total_bytes_written": 0,
                                                                        "total_bytes_read": 0,
                                                                        "result_set_size": 124,
                                                                        "operator_name": "SEQ_SCAN ",
                                                                        "cpu_time": 0.0,
                                                                        "extra_info": {
                                                                          "Table": "date_dim",
                                                                          "Type": "Sequential Scan",
                                                                          "Projections": "d_date_sk",
                                                                          "Filters": [
                                                                            "d_year=1999",
                                                                            "d_moy=12"
                                                                          ],
                                                                          "Estimated Cardinality": "585"
                                                                        },
                                                                        "cumulative_cardinality": 0,
                                                                        "operator_type": "TABLE_SCAN",
                                                                        "operator_cardinality": 31,
                                                                        "cumulative_rows_scanned": 0,
                                                                        "operator_rows_scanned": 73049,
                                                                        "operator_timing": 0.003651872,
                                                                        "children": []
                                                                      }
                                                                    ]
                                                                  }
                                                                ]
                                                              }
                                                            ]
                                                          }
                                                        ]
                                                      }
                                                    ]
                                                  }
                                                ]
                                              }
                                            ]
                                          }
                                        ]
                                      }
                                    ]
                                  }
                                ]
                              }
                            ]
                          }
                        ]
                      }
                    ]
                  }
                ]
              }
            ]
          }
        ]
      }
    ]
  },
  "actual_rows": 0,
  "provenance": {
    "database": "/mnt/d/TPC-DS/tpcds_sf10.duckdb",
    "scale_factor": 10,
    "engine": "duckdb",
    "engine_version": "1.4.3",
    "cached_at": "2026-02-08T10:21:10.268531"
  }
}