{
  "execution_time_ms": 0.0,
  "plan_text": "\u250c\u2500\u2500\u2500\u2500\u2500\u2500\u2500\u2500\u2500\u2500\u2500\u2500\u2500\u2500\u2500\u2500\u2500\u2500\u2500\u2500\u2500\u2500\u2500\u2500\u2500\u2500\u2500\u2510\n\u2502           TOP_N           \u2502\n\u2502    \u2500\u2500\u2500\u2500\u2500\u2500\u2500\u2500\u2500\u2500\u2500\u2500\u2500\u2500\u2500\u2500\u2500\u2500\u2500\u2500   \u2502\n\u2502          Top: 100         \u2502\n\u2502                           \u2502\n\u2502         Order By:         \u2502\n\u2502  tpcds_sf10_1.main.store  \u2502\n\u2502     .s_store_name ASC     \u2502\n\u2514\u2500\u2500\u2500\u2500\u2500\u2500\u2500\u2500\u2500\u2500\u2500\u2500\u2500\u252c\u2500\u2500\u2500\u2500\u2500\u2500\u2500\u2500\u2500\u2500\u2500\u2500\u2500\u2518\n\u250c\u2500\u2500\u2500\u2500\u2500\u2500\u2500\u2500\u2500\u2500\u2500\u2500\u2500\u2534\u2500\u2500\u2500\u2500\u2500\u2500\u2500\u2500\u2500\u2500\u2500\u2500\u2500\u2510\n\u2502         PROJECTION        \u2502\n\u2502    \u2500\u2500\u2500\u2500\u2500\u2500\u2500\u2500\u2500\u2500\u2500\u2500\u2500\u2500\u2500\u2500\u2500\u2500\u2500\u2500   \u2502\n\u2502__internal_decompress_strin\u2502\n\u2502           g(#0)           \u2502\n\u2502             #1            \u2502\n\u2502                           \u2502\n\u2502       ~630,923 rows       \u2502\n\u2514\u2500\u2500\u2500\u2500\u2500\u2500\u2500\u2500\u2500\u2500\u2500\u2500\u2500\u252c\u2500\u2500\u2500\u2500\u2500\u2500\u2500\u2500\u2500\u2500\u2500\u2500\u2500\u2518\n\u250c\u2500\u2500\u2500\u2500\u2500\u2500\u2500\u2500\u2500\u2500\u2500\u2500\u2500\u2534\u2500\u2500\u2500\u2500\u2500\u2500\u2500\u2500\u2500\u2500\u2500\u2500\u2500\u2510\n\u2502       HASH_GROUP_BY       \u2502\n\u2502    \u2500\u2500\u2500\u2500\u2500\u2500\u2500\u2500\u2500\u2500\u2500\u2500\u2500\u2500\u2500\u2500\u2500\u2500\u2500\u2500   \u2502\n\u2502         Groups: #0        \u2502\n\u2502    Aggregates: sum(#1)    \u2502\n\u2502                           \u2502\n\u2502       ~630,923 rows       \u2502\n\u2514\u2500\u2500\u2500\u2500\u2500\u2500\u2500\u2500\u2500\u2500\u2500\u2500\u2500\u252c\u2500\u2500\u2500\u2500\u2500\u2500\u2500\u2500\u2500\u2500\u2500\u2500\u2500\u2518\n\u250c\u2500\u2500\u2500\u2500\u2500\u2500\u2500\u2500\u2500\u2500\u2500\u2500\u2500\u2534\u2500\u2500\u2500\u2500\u2500\u2500\u2500\u2500\u2500\u2500\u2500\u2500\u2500\u2510\n\u2502         PROJECTION        \u2502\n\u2502    \u2500\u2500\u2500\u2500\u2500\u2500\u2500\u2500\u2500\u2500\u2500\u2500\u2500\u2500\u2500\u2500\u2500\u2500\u2500\u2500   \u2502\n\u2502        s_store_name       \u2502\n\u2502       ss_net_profit       \u2502\n\u2502                           \u2502\n\u2502      ~11,545,866 rows     \u2502\n\u2514\u2500\u2500\u2500\u2500\u2500\u2500\u2500\u2500\u2500\u2500\u2500\u2500\u2500\u252c\u2500\u2500\u2500\u2500\u2500\u2500\u2500\u2500\u2500\u2500\u2500\u2500\u2500\u2518\n\u250c\u2500\u2500\u2500\u2500\u2500\u2500\u2500\u2500\u2500\u2500\u2500\u2500\u2500\u2534\u2500\u2500\u2500\u2500\u2500\u2500\u2500\u2500\u2500\u2500\u2500\u2500\u2500\u2510\n\u2502         PROJECTION        \u2502\n\u2502    \u2500\u2500\u2500\u2500\u2500\u2500\u2500\u2500\u2500\u2500\u2500\u2500\u2500\u2500\u2500\u2500\u2500\u2500\u2500\u2500   \u2502\n\u2502             #0            \u2502\n\u2502__internal_compress_string_\u2502\n\u2502        ubigint(#1)        \u2502\n\u2502                           \u2502\n\u2502      ~11,545,866 rows     \u2502\n\u2514\u2500\u2500\u2500\u2500\u2500\u2500\u2500\u2500\u2500\u2500\u2500\u2500\u2500\u252c\u2500\u2500\u2500\u2500\u2500\u2500\u2500\u2500\u2500\u2500\u2500\u2500\u2500\u2518\n\u250c\u2500\u2500\u2500\u2500\u2500\u2500\u2500\u2500\u2500\u2500\u2500\u2500\u2500\u2534\u2500\u2500\u2500\u2500\u2500\u2500\u2500\u2500\u2500\u2500\u2500\u2500\u2500\u2510\n\u2502         HASH_JOIN         \u2502\n\u2502    \u2500\u2500\u2500\u2500\u2500\u2500\u2500\u2500\u2500\u2500\u2500\u2500\u2500\u2500\u2500\u2500\u2500\u2500\u2500\u2500   \u2502\n\u2502      Join Type: INNER     \u2502\n\u2502                           \u2502\n\u2502        Conditions:        \u251c\u2500\u2500\u2500\u2500\u2500\u2500\u2500\u2500\u2500\u2500\u2500\u2500\u2500\u2500\u2500\u2500\u2500\u2500\u2500\u2500\u2500\u2500\u2500\u2500\u2500\u2500\u2500\u2500\u2500\u2500\u2500\u2500\u2500\u2500\u2500\u2500\u2500\u2500\u2500\u2500\u2500\u2500\u2500\u2510\n\u2502  ss_store_sk = s_store_sk \u2502                                           \u2502\n\u2502                           \u2502                                           \u2502\n\u2502      ~11,545,866 rows     \u2502                                           \u2502\n\u2514\u2500\u2500\u2500\u2500\u2500\u2500\u2500\u2500\u2500\u2500\u2500\u2500\u2500\u252c\u2500\u2500\u2500\u2500\u2500\u2500\u2500\u2500\u2500\u2500\u2500\u2500\u2500\u2518                                           \u2502\n\u250c\u2500\u2500\u2500\u2500\u2500\u2500\u2500\u2500\u2500\u2500\u2500\u2500\u2500\u2534\u2500\u2500\u2500\u2500\u2500\u2500\u2500\u2500\u2500\u2500\u2500\u2500\u2500\u2510                             \u250c\u2500\u2500\u2500\u2500\u2500\u2500\u2500\u2500\u2500\u2500\u2500\u2500\u2500\u2534\u2500\u2500\u2500\u2500\u2500\u2500\u2500\u2500\u2500\u2500\u2500\u2500\u2500\u2510\n\u2502         HASH_JOIN         \u2502                             \u2502         HASH_JOIN         \u2502\n\u2502    \u2500\u2500\u2500\u2500\u2500\u2500\u2500\u2500\u2500\u2500\u2500\u2500\u2500\u2500\u2500\u2500\u2500\u2500\u2500\u2500   \u2502                             \u2502    \u2500\u2500\u2500\u2500\u2500\u2500\u2500\u2500\u2500\u2500\u2500\u2500\u2500\u2500\u2500\u2500\u2500\u2500\u2500\u2500   \u2502\n\u2502      Join Type: INNER     \u2502                             \u2502      Join Type: INNER     \u2502\n\u2502                           \u2502                             \u2502                           \u2502\n\u2502        Conditions:        \u251c\u2500\u2500\u2500\u2500\u2500\u2500\u2500\u2500\u2500\u2500\u2500\u2500\u2500\u2500\u2510              \u2502        Conditions:        \u251c\u2500\u2500\u2500\u2500\u2500\u2500\u2500\u2500\u2500\u2500\u2500\u2500\u2500\u2500\u2500\u2500\u2500\u2500\u2500\u2500\u2500\u2500\u2500\u2500\u2500\u2500\u2500\u2500\u2500\u2500\u2500\u2500\u2500\u2500\u2500\u2500\u2500\u2500\u2500\u2500\u2500\u2500\u2500\u2500\u2500\u2500\u2500\u2500\u2500\u2500\u2500\u2500\u2500\u2500\u2500\u2500\u2500\u2500\u2500\u2500\u2500\u2500\u2500\u2500\u2500\u2500\u2500\u2500\u2500\u2500\u2500\u2500\u2510\n\u2502ss_sold_date_sk = d_date_sk\u2502              \u2502              \u2502   substr(ca_zip, 1, 2) =  \u2502                                                                        \u2502\n\u2502                           \u2502              \u2502              \u2502     substr(s_zip, 1, 2)   \u2502                                                                        \u2502\n\u2502                           \u2502              \u2502              \u2502                           \u2502                                                                        \u2502\n\u2502       ~230,647 rows       \u2502              \u2502              \u2502        ~5,005 rows        \u2502                                                                        \u2502\n\u2514\u2500\u2500\u2500\u2500\u2500\u2500\u2500\u2500\u2500\u2500\u2500\u2500\u2500\u252c\u2500\u2500\u2500\u2500\u2500\u2500\u2500\u2500\u2500\u2500\u2500\u2500\u2500\u2518              \u2502              \u2514\u2500\u2500\u2500\u2500\u2500\u2500\u2500\u2500\u2500\u2500\u2500\u2500\u2500\u252c\u2500\u2500\u2500\u2500\u2500\u2500\u2500\u2500\u2500\u2500\u2500\u2500\u2500\u2518                                                                        \u2502\n\u250c\u2500\u2500\u2500\u2500\u2500\u2500\u2500\u2500\u2500\u2500\u2500\u2500\u2500\u2534\u2500\u2500\u2500\u2500\u2500\u2500\u2500\u2500\u2500\u2500\u2500\u2500\u2500\u2510\u250c\u2500\u2500\u2500\u2500\u2500\u2500\u2500\u2500\u2500\u2500\u2500\u2500\u2500\u2534\u2500\u2500\u2500\u2500\u2500\u2500\u2500\u2500\u2500\u2500\u2500\u2500\u2500\u2510\u250c\u2500\u2500\u2500\u2500\u2500\u2500\u2500\u2500\u2500\u2500\u2500\u2500\u2500\u2534\u2500\u2500\u2500\u2500\u2500\u2500\u2500\u2500\u2500\u2500\u2500\u2500\u2500\u2510                                                          \u250c\u2500\u2500\u2500\u2500\u2500\u2500\u2500\u2500\u2500\u2500\u2500\u2500\u2500\u2534\u2500\u2500\u2500\u2500\u2500\u2500\u2500\u2500\u2500\u2500\u2500\u2500\u2500\u2510\n\u2502         SEQ_SCAN          \u2502\u2502           FILTER          \u2502\u2502       HASH_GROUP_BY       \u2502                                                          \u2502         SEQ_SCAN          \u2502\n\u2502    \u2500\u2500\u2500\u2500\u2500\u2500\u2500\u2500\u2500\u2500\u2500\u2500\u2500\u2500\u2500\u2500\u2500\u2500\u2500\u2500   \u2502\u2502    \u2500\u2500\u2500\u2500\u2500\u2500\u2500\u2500\u2500\u2500\u2500\u2500\u2500\u2500\u2500\u2500\u2500\u2500\u2500\u2500   \u2502\u2502    \u2500\u2500\u2500\u2500\u2500\u2500\u2500\u2500\u2500\u2500\u2500\u2500\u2500\u2500\u2500\u2500\u2500\u2500\u2500\u2500   \u2502                                                          \u2502    \u2500\u2500\u2500\u2500\u2500\u2500\u2500\u2500\u2500\u2500\u2500\u2500\u2500\u2500\u2500\u2500\u2500\u2500\u2500\u2500   \u2502\n\u2502     Table: store_sales    \u2502\u2502 (d_date_sk BETWEEN 2450816\u2502\u2502         Groups: #0        \u2502                                                          \u2502        Table: store       \u2502\n\u2502   Type: Sequential Scan   \u2502\u2502        AND 2452642)       \u2502\u2502                           \u2502                                                          \u2502   Type: Sequential Scan   \u2502\n\u2502                           \u2502\u2502                           \u2502\u2502                           \u2502                                                          \u2502                           \u2502\n\u2502        Projections:       \u2502\u2502                           \u2502\u2502                           \u2502                                                          \u2502        Projections:       \u2502\n\u2502        ss_store_sk        \u2502\u2502                           \u2502\u2502                           \u2502                                                          \u2502         s_store_sk        \u2502\n\u2502      ss_sold_date_sk      \u2502\u2502                           \u2502\u2502                           \u2502                                                          \u2502           s_zip           \u2502\n\u2502       ss_net_profit       \u2502\u2502                           \u2502\u2502                           \u2502                                                          \u2502        s_store_name       \u2502\n\u2502                           \u2502\u2502                           \u2502\u2502                           \u2502                                                          \u2502                           \u2502\n\u2502                           \u2502\u2502                           \u2502\u2502                           \u2502                                                          \u2502          Filters:         \u2502\n\u2502                           \u2502\u2502                           \u2502\u2502                           \u2502                                                          \u2502      s_store_sk<=100      \u2502\n\u2502                           \u2502\u2502                           \u2502\u2502                           \u2502                                                          \u2502                           \u2502\n\u2502      ~28,800,991 rows     \u2502\u2502         ~585 rows         \u2502\u2502         ~638 rows         \u2502                                                          \u2502         ~102 rows         \u2502\n\u2514\u2500\u2500\u2500\u2500\u2500\u2500\u2500\u2500\u2500\u2500\u2500\u2500\u2500\u2500\u2500\u2500\u2500\u2500\u2500\u2500\u2500\u2500\u2500\u2500\u2500\u2500\u2500\u2518\u2514\u2500\u2500\u2500\u2500\u2500\u2500\u2500\u2500\u2500\u2500\u2500\u2500\u2500\u252c\u2500\u2500\u2500\u2500\u2500\u2500\u2500\u2500\u2500\u2500\u2500\u2500\u2500\u2518\u2514\u2500\u2500\u2500\u2500\u2500\u2500\u2500\u2500\u2500\u2500\u2500\u2500\u2500\u252c\u2500\u2500\u2500\u2500\u2500\u2500\u2500\u2500\u2500\u2500\u2500\u2500\u2500\u2518                                                          \u2514\u2500\u2500\u2500\u2500\u2500\u2500\u2500\u2500\u2500\u2500\u2500\u2500\u2500\u2500\u2500\u2500\u2500\u2500\u2500\u2500\u2500\u2500\u2500\u2500\u2500\u2500\u2500\u2518\n                             \u250c\u2500\u2500\u2500\u2500\u2500\u2500\u2500\u2500\u2500\u2500\u2500\u2500\u2500\u2534\u2500\u2500\u2500\u2500\u2500\u2500\u2500\u2500\u2500\u2500\u2500\u2500\u2500\u2510\u250c\u2500\u2500\u2500\u2500\u2500\u2500\u2500\u2500\u2500\u2500\u2500\u2500\u2500\u2534\u2500\u2500\u2500\u2500\u2500\u2500\u2500\u2500\u2500\u2500\u2500\u2500\u2500\u2510\n                             \u2502         SEQ_SCAN          \u2502\u2502         HASH_JOIN         \u2502\n                             \u2502    \u2500\u2500\u2500\u2500\u2500\u2500\u2500\u2500\u2500\u2500\u2500\u2500\u2500\u2500\u2500\u2500\u2500\u2500\u2500\u2500   \u2502\u2502    \u2500\u2500\u2500\u2500\u2500\u2500\u2500\u2500\u2500\u2500\u2500\u2500\u2500\u2500\u2500\u2500\u2500\u2500\u2500\u2500   \u2502\n                             \u2502      Table: date_dim      \u2502\u2502      Join Type: SEMI      \u2502\n                             \u2502   Type: Sequential Scan   \u2502\u2502                           \u2502\n                             \u2502                           \u2502\u2502        Conditions:        \u2502\n                             \u2502        Projections:       \u2502\u2502 #0 IS NOT DISTINCT FROM #0\u2502\n                             \u2502         d_date_sk         \u2502\u2502                           \u251c\u2500\u2500\u2500\u2500\u2500\u2500\u2500\u2500\u2500\u2500\u2500\u2500\u2500\u2500\u2510\n                             \u2502                           \u2502\u2502                           \u2502              \u2502\n                             \u2502          Filters:         \u2502\u2502                           \u2502              \u2502\n                             \u2502          d_qoy=2          \u2502\u2502                           \u2502              \u2502\n                             \u2502        d_year=1998        \u2502\u2502                           \u2502              \u2502\n                             \u2502                           \u2502\u2502                           \u2502              \u2502\n                             \u2502         ~585 rows         \u2502\u2502         ~638 rows         \u2502              \u2502\n                             \u2514\u2500\u2500\u2500\u2500\u2500\u2500\u2500\u2500\u2500\u2500\u2500\u2500\u2500\u2500\u2500\u2500\u2500\u2500\u2500\u2500\u2500\u2500\u2500\u2500\u2500\u2500\u2500\u2518\u2514\u2500\u2500\u2500\u2500\u2500\u2500\u2500\u2500\u2500\u2500\u2500\u2500\u2500\u252c\u2500\u2500\u2500\u2500\u2500\u2500\u2500\u2500\u2500\u2500\u2500\u2500\u2500\u2518              \u2502\n                                                          \u250c\u2500\u2500\u2500\u2500\u2500\u2500\u2500\u2500\u2500\u2500\u2500\u2500\u2500\u2534\u2500\u2500\u2500\u2500\u2500\u2500\u2500\u2500\u2500\u2500\u2500\u2500\u2500\u2510\u250c\u2500\u2500\u2500\u2500\u2500\u2500\u2500\u2500\u2500\u2500\u2500\u2500\u2500\u2534\u2500\u2500\u2500\u2500\u2500\u2500\u2500\u2500\u2500\u2500\u2500\u2500\u2500\u2510\n                                                          \u2502         PROJECTION        \u2502\u2502         PROJECTION        \u2502\n                                                          \u2502    \u2500\u2500\u2500\u2500\u2500\u2500\u2500\u2500\u2500\u2500\u2500\u2500\u2500\u2500\u2500\u2500\u2500\u2500\u2500\u2500   \u2502\u2502    \u2500\u2500\u2500\u2500\u2500\u2500\u2500\u2500\u2500\u2500\u2500\u2500\u2500\u2500\u2500\u2500\u2500\u2500\u2500\u2500   \u2502\n                                                          \u2502           ca_zip          \u2502\u2502           ca_zip          \u2502\n                                                          \u2502                           \u2502\u2502                           \u2502\n                                                          \u2502        ~50,000 rows       \u2502\u2502         ~638 rows         \u2502\n                                                          \u2514\u2500\u2500\u2500\u2500\u2500\u2500\u2500\u2500\u2500\u2500\u2500\u2500\u2500\u252c\u2500\u2500\u2500\u2500\u2500\u2500\u2500\u2500\u2500\u2500\u2500\u2500\u2500\u2518\u2514\u2500\u2500\u2500\u2500\u2500\u2500\u2500\u2500\u2500\u2500\u2500\u2500\u2500\u252c\u2500\u2500\u2500\u2500\u2500\u2500\u2500\u2500\u2500\u2500\u2500\u2500\u2500\u2518\n                                                          \u250c\u2500\u2500\u2500\u2500\u2500\u2500\u2500\u2500\u2500\u2500\u2500\u2500\u2500\u2534\u2500\u2500\u2500\u2500\u2500\u2500\u2500\u2500\u2500\u2500\u2500\u2500\u2500\u2510\u250c\u2500\u2500\u2500\u2500\u2500\u2500\u2500\u2500\u2500\u2500\u2500\u2500\u2500\u2534\u2500\u2500\u2500\u2500\u2500\u2500\u2500\u2500\u2500\u2500\u2500\u2500\u2500\u2510\n                                                          \u2502         SEQ_SCAN          \u2502\u2502         PROJECTION        \u2502\n                                                          \u2502    \u2500\u2500\u2500\u2500\u2500\u2500\u2500\u2500\u2500\u2500\u2500\u2500\u2500\u2500\u2500\u2500\u2500\u2500\u2500\u2500   \u2502\u2502    \u2500\u2500\u2500\u2500\u2500\u2500\u2500\u2500\u2500\u2500\u2500\u2500\u2500\u2500\u2500\u2500\u2500\u2500\u2500\u2500   \u2502\n                                                          \u2502           Table:          \u2502\u2502             #0            \u2502\n                                                          \u2502      customer_address     \u2502\u2502                           \u2502\n                                                          \u2502                           \u2502\u2502                           \u2502\n                                                          \u2502   Type: Sequential Scan   \u2502\u2502                           \u2502\n                                                          \u2502    Projections: ca_zip    \u2502\u2502                           \u2502\n                                                          \u2502                           \u2502\u2502                           \u2502\n                                                          \u2502          Filters:         \u2502\u2502                           \u2502\n                                                          \u2502 (substr(ca_zip, 1, 5) IN (\u2502\u2502                           \u2502\n                                                          \u2502 '47602', '16704', '35863',\u2502\u2502                           \u2502\n                                                          \u2502  '28577', '83910', '36201'\u2502\u2502                           \u2502\n                                                          \u2502 , '58412', '48162', '28055\u2502\u2502                           \u2502\n                                                          \u2502   ', '41419', '80332',    \u2502\u2502                           \u2502\n                                                          \u2502 '38607', '77817', '24891',\u2502\u2502                           \u2502\n                                                          \u2502  '16226', '18410', '21231'\u2502\u2502                           \u2502\n                                                          \u2502 , '59345', '13918', '51089\u2502\u2502                           \u2502\n                                                          \u2502   ', '20317', '17167',    \u2502\u2502                           \u2502\n                                                          \u2502 '54585', '67881', '78366',\u2502\u2502                           \u2502\n                                                          \u2502  '47770', '18360', '51717'\u2502\u2502                           \u2502\n                                                          \u2502 , '73108', '14440', '21800\u2502\u2502                           \u2502\n                                                          \u2502   ', '89338', '45859',    \u2502\u2502                           \u2502\n                                                          \u2502 '65501', '34948', '25973',\u2502\u2502                           \u2502\n                                                          \u2502  '73219', '25333', '17291'\u2502\u2502                           \u2502\n                                                          \u2502 , '10374', '18829', '60736\u2502\u2502                           \u2502\n                                                          \u2502   ', '82620', '41351',    \u2502\u2502                           \u2502\n                                                          \u2502 '52094', '19326', '25214',\u2502\u2502                           \u2502\n                                                          \u2502  '54207', '40936', '21814'\u2502\u2502                           \u2502\n                                                          \u2502 , '79077', '25178', '75742\u2502\u2502                           \u2502\n                                                          \u2502   ', '77454', '30621',    \u2502\u2502                           \u2502\n                                                          \u2502 '89193', '27369', '41232',\u2502\u2502                           \u2502\n                                                          \u2502  '48567', '83041', '71948'\u2502\u2502                           \u2502\n                                                          \u2502 , '37119', '68341', '14073\u2502\u2502                           \u2502\n                                                          \u2502   ', '16891', '62878',    \u2502\u2502                           \u2502\n                                                          \u2502 '49130', '19833', '24286',\u2502\u2502                           \u2502\n                                                          \u2502  '27700', '40979', '50412'\u2502\u2502                           \u2502\n                                                          \u2502 , '81504', '94835', '84844\u2502\u2502                           \u2502\n                                                          \u2502   ', '71954', '39503',    \u2502\u2502                           \u2502\n                                                          \u2502 '57649', '18434', '24987',\u2502\u2502                           \u2502\n                                                          \u2502  '12350', '86379', '27413'\u2502\u2502                           \u2502\n                                                          \u2502 , '44529', '98569', '16515\u2502\u2502                           \u2502\n                                                          \u2502   ', '27287', '24255',    \u2502\u2502                           \u2502\n                                                          \u2502 '21094', '16005', '56436',\u2502\u2502                           \u2502\n                                                          \u2502  '91110', '68293', '56455'\u2502\u2502                           \u2502\n                                                          \u2502 , '54558', '10298', '83647\u2502\u2502                           \u2502\n                                                          \u2502   ', '32754', '27052',    \u2502\u2502                           \u2502\n                                                          \u2502 '51766', '19444', '13869',\u2502\u2502                           \u2502\n                                                          \u2502  '45645', '94791', '57631'\u2502\u2502                           \u2502\n                                                          \u2502 , '20712', '37788', '41807\u2502\u2502                           \u2502\n                                                          \u2502   ', '46507', '21727',    \u2502\u2502                           \u2502\n                                                          \u2502 '71836', '81070', '50632',\u2502\u2502                           \u2502\n                                                          \u2502  '88086', '63991', '20244'\u2502\u2502                           \u2502\n                                                          \u2502 , '31655', '51782', '29818\u2502\u2502                           \u2502\n                                                          \u2502   ', '63792', '68605',    \u2502\u2502                           \u2502\n                                                          \u2502 '94898', '36430', '57025',\u2502\u2502                           \u2502\n                                                          \u2502  '20601', '82080', '33869'\u2502\u2502                           \u2502\n                                                          \u2502 , '22728', '35834', '29086\u2502\u2502                           \u2502\n                                                          \u2502   ', '92645', '98584',    \u2502\u2502                           \u2502\n                                                          \u2502 '98072', '11652', '78093',\u2502\u2502                           \u2502\n                                                          \u2502  '57553', '43830', '71144'\u2502\u2502                           \u2502\n                                                          \u2502 , '53565', '18700', '90209\u2502\u2502                           \u2502\n                                                          \u2502   ', '71256', '38353',    \u2502\u2502                           \u2502\n                                                          \u2502 '54364', '28571', '96560',\u2502\u2502                           \u2502\n                                                          \u2502  '57839', '56355', '50679'\u2502\u2502                           \u2502\n                                                          \u2502 , '45266', '84680', '34306\u2502\u2502                           \u2502\n                                                          \u2502   ', '34972', '48530',    \u2502\u2502                           \u2502\n                                                          \u2502 '30106', '15371', '92380',\u2502\u2502                           \u2502\n                                                          \u2502  '84247', '92292', '68852'\u2502\u2502                           \u2502\n                                                          \u2502 , '13338', '34594', '82602\u2502\u2502                           \u2502\n                                                          \u2502   ', '70073', '98069',    \u2502\u2502                           \u2502\n                                                          \u2502 '85066', '47289', '11686',\u2502\u2502                           \u2502\n                                                          \u2502  '98862', '26217', '47529'\u2502\u2502                           \u2502\n                                                          \u2502 , '63294', '51793', '35926\u2502\u2502                           \u2502\n                                                          \u2502   ', '24227', '14196',    \u2502\u2502                           \u2502\n                                                          \u2502 '24594', '32489', '99060',\u2502\u2502                           \u2502\n                                                          \u2502  '49472', '43432', '49211'\u2502\u2502                           \u2502\n                                                          \u2502 , '14312', '88137', '47369\u2502\u2502                           \u2502\n                                                          \u2502   ', '56877', '20534',    \u2502\u2502                           \u2502\n                                                          \u2502 '81755', '15794', '12318',\u2502\u2502                           \u2502\n                                                          \u2502  '21060', '73134', '41255'\u2502\u2502                           \u2502\n                                                          \u2502 , '63073', '81003', '73873\u2502\u2502                           \u2502\n                                                          \u2502   ', '66057', '51184',    \u2502\u2502                           \u2502\n                                                          \u2502 '51195', '45676', '92696',\u2502\u2502                           \u2502\n                                                          \u2502  '70450', '90669', '98338'\u2502\u2502                           \u2502\n                                                          \u2502 , '25264', '38919', '59226\u2502\u2502                           \u2502\n                                                          \u2502   ', '58581', '60298',    \u2502\u2502                           \u2502\n                                                          \u2502 '17895', '19489', '52301',\u2502\u2502                           \u2502\n                                                          \u2502  '80846', '95464', '68770'\u2502\u2502                           \u2502\n                                                          \u2502 , '51634', '19988', '18367\u2502\u2502                           \u2502\n                                                          \u2502   ', '18421', '11618',    \u2502\u2502                           \u2502\n                                                          \u2502 '67975', '25494', '41352',\u2502\u2502                           \u2502\n                                                          \u2502  '95430', '15734', '62585'\u2502\u2502                           \u2502\n                                                          \u2502 , '97173', '33773', '10425\u2502\u2502                           \u2502\n                                                          \u2502   ', '75675', '53535',    \u2502\u2502                           \u2502\n                                                          \u2502 '17879', '41967', '12197',\u2502\u2502                           \u2502\n                                                          \u2502  '67998', '79658', '59130'\u2502\u2502                           \u2502\n                                                          \u2502 , '72592', '14851', '43933\u2502\u2502                           \u2502\n                                                          \u2502   ', '68101', '50636',    \u2502\u2502                           \u2502\n                                                          \u2502 '25717', '71286', '24660',\u2502\u2502                           \u2502\n                                                          \u2502  '58058', '72991', '95042'\u2502\u2502                           \u2502\n                                                          \u2502 , '15543', '33122', '69280\u2502\u2502                           \u2502\n                                                          \u2502   ', '11912', '59386',    \u2502\u2502                           \u2502\n                                                          \u2502 '27642', '65177', '17672',\u2502\u2502                           \u2502\n                                                          \u2502  '33467', '64592', '36335'\u2502\u2502                           \u2502\n                                                          \u2502 , '54010', '18767', '63193\u2502\u2502                           \u2502\n                                                          \u2502   ', '42361', '49254',    \u2502\u2502                           \u2502\n                                                          \u2502 '33113', '33159', '36479',\u2502\u2502                           \u2502\n                                                          \u2502  '59080', '11855', '81963'\u2502\u2502                           \u2502\n                                                          \u2502 , '31016', '49140', '29392\u2502\u2502                           \u2502\n                                                          \u2502   ', '41836', '32958',    \u2502\u2502                           \u2502\n                                                          \u2502 '53163', '13844', '73146',\u2502\u2502                           \u2502\n                                                          \u2502  '23952', '65148', '93498'\u2502\u2502                           \u2502\n                                                          \u2502 , '14530', '46131', '58454\u2502\u2502                           \u2502\n                                                          \u2502   ', '13376', '13378',    \u2502\u2502                           \u2502\n                                                          \u2502 '83986', '12320', '17193',\u2502\u2502                           \u2502\n                                                          \u2502  '59852', '46081', '98533'\u2502\u2502                           \u2502\n                                                          \u2502 , '52389', '13086', '68843\u2502\u2502                           \u2502\n                                                          \u2502   ', '31013', '13261',    \u2502\u2502                           \u2502\n                                                          \u2502 '60560', '13443', '45533',\u2502\u2502                           \u2502\n                                                          \u2502  '83583', '11489', '58218'\u2502\u2502                           \u2502\n                                                          \u2502 , '19753', '22911', '25115\u2502\u2502                           \u2502\n                                                          \u2502   ', '86709', '27156',    \u2502\u2502                           \u2502\n                                                          \u2502 '32669', '13123', '51933',\u2502\u2502                           \u2502\n                                                          \u2502  '39214', '41331', '66943'\u2502\u2502                           \u2502\n                                                          \u2502 , '14155', '69998', '49101\u2502\u2502                           \u2502\n                                                          \u2502   ', '70070', '35076',    \u2502\u2502                           \u2502\n                                                          \u2502 '14242', '73021', '59494',\u2502\u2502                           \u2502\n                                                          \u2502  '15782', '29752', '37914'\u2502\u2502                           \u2502\n                                                          \u2502 , '74686', '83086', '34473\u2502\u2502                           \u2502\n                                                          \u2502   ', '15751', '81084',    \u2502\u2502                           \u2502\n                                                          \u2502 '49230', '91894', '60624',\u2502\u2502                           \u2502\n                                                          \u2502  '17819', '28810', '63180'\u2502\u2502                           \u2502\n                                                          \u2502 , '56224', '39459', '55233\u2502\u2502                           \u2502\n                                                          \u2502   ', '75752', '43639',    \u2502\u2502                           \u2502\n                                                          \u2502 '55349', '86057', '62361',\u2502\u2502                           \u2502\n                                                          \u2502  '50788', '31830', '58062'\u2502\u2502                           \u2502\n                                                          \u2502 , '18218', '85761', '60083\u2502\u2502                           \u2502\n                                                          \u2502   ', '45484', '21204',    \u2502\u2502                           \u2502\n                                                          \u2502 '90229', '70041', '41162',\u2502\u2502                           \u2502\n                                                          \u2502  '35390', '16364', '39500'\u2502\u2502                           \u2502\n                                                          \u2502 , '68908', '26689', '52868\u2502\u2502                           \u2502\n                                                          \u2502   ', '81335', '40146',    \u2502\u2502                           \u2502\n                                                          \u2502 '11340', '61527', '61794',\u2502\u2502                           \u2502\n                                                          \u2502  '71997', '30415', '59004'\u2502\u2502                           \u2502\n                                                          \u2502 , '29450', '58117', '69952\u2502\u2502                           \u2502\n                                                          \u2502   ', '33562', '83833',    \u2502\u2502                           \u2502\n                                                          \u2502 '27385', '61860', '96435',\u2502\u2502                           \u2502\n                                                          \u2502  '48333', '23065', '32961'\u2502\u2502                           \u2502\n                                                          \u2502 , '84919', '61997', '99132\u2502\u2502                           \u2502\n                                                          \u2502   ', '22815', '56600',    \u2502\u2502                           \u2502\n                                                          \u2502 '68730', '48017', '95694',\u2502\u2502                           \u2502\n                                                          \u2502  '32919', '88217', '27116'\u2502\u2502                           \u2502\n                                                          \u2502 , '28239', '58032', '18884\u2502\u2502                           \u2502\n                                                          \u2502   ', '16791', '21343',    \u2502\u2502                           \u2502\n                                                          \u2502 '97462', '18569', '75660',\u2502\u2502                           \u2502\n                                                          \u2502          '15475'))        \u2502\u2502                           \u2502\n                                                          \u2502                           \u2502\u2502                           \u2502\n                                                          \u2502        ~50,000 rows       \u2502\u2502         ~638 rows         \u2502\n                                                          \u2514\u2500\u2500\u2500\u2500\u2500\u2500\u2500\u2500\u2500\u2500\u2500\u2500\u2500\u2500\u2500\u2500\u2500\u2500\u2500\u2500\u2500\u2500\u2500\u2500\u2500\u2500\u2500\u2518\u2514\u2500\u2500\u2500\u2500\u2500\u2500\u2500\u2500\u2500\u2500\u2500\u2500\u2500\u252c\u2500\u2500\u2500\u2500\u2500\u2500\u2500\u2500\u2500\u2500\u2500\u2500\u2500\u2518\n                                                                                       \u250c\u2500\u2500\u2500\u2500\u2500\u2500\u2500\u2500\u2500\u2500\u2500\u2500\u2500\u2534\u2500\u2500\u2500\u2500\u2500\u2500\u2500\u2500\u2500\u2500\u2500\u2500\u2500\u2510\n                                                                                       \u2502           FILTER          \u2502\n                                                                                       \u2502    \u2500\u2500\u2500\u2500\u2500\u2500\u2500\u2500\u2500\u2500\u2500\u2500\u2500\u2500\u2500\u2500\u2500\u2500\u2500\u2500   \u2502\n                                                                                       \u2502    (count_star() > 10)    \u2502\n                                                                                       \u2502                           \u2502\n                                                                                       \u2502         ~638 rows         \u2502\n                                                                                       \u2514\u2500\u2500\u2500\u2500\u2500\u2500\u2500\u2500\u2500\u2500\u2500\u2500\u2500\u252c\u2500\u2500\u2500\u2500\u2500\u2500\u2500\u2500\u2500\u2500\u2500\u2500\u2500\u2518\n                                                                                       \u250c\u2500\u2500\u2500\u2500\u2500\u2500\u2500\u2500\u2500\u2500\u2500\u2500\u2500\u2534\u2500\u2500\u2500\u2500\u2500\u2500\u2500\u2500\u2500\u2500\u2500\u2500\u2500\u2510\n                                                                                       \u2502         PROJECTION        \u2502\n                                                                                       \u2502    \u2500\u2500\u2500\u2500\u2500\u2500\u2500\u2500\u2500\u2500\u2500\u2500\u2500\u2500\u2500\u2500\u2500\u2500\u2500\u2500   \u2502\n                                                                                       \u2502__internal_decompress_strin\u2502\n                                                                                       \u2502           g(#0)           \u2502\n                                                                                       \u2502             #1            \u2502\n                                                                                       \u2502                           \u2502\n                                                                                       \u2502        ~3,191 rows        \u2502\n                                                                                       \u2514\u2500\u2500\u2500\u2500\u2500\u2500\u2500\u2500\u2500\u2500\u2500\u2500\u2500\u252c\u2500\u2500\u2500\u2500\u2500\u2500\u2500\u2500\u2500\u2500\u2500\u2500\u2500\u2518\n                                                                                       \u250c\u2500\u2500\u2500\u2500\u2500\u2500\u2500\u2500\u2500\u2500\u2500\u2500\u2500\u2534\u2500\u2500\u2500\u2500\u2500\u2500\u2500\u2500\u2500\u2500\u2500\u2500\u2500\u2510\n                                                                                       \u2502       HASH_GROUP_BY       \u2502\n                                                                                       \u2502    \u2500\u2500\u2500\u2500\u2500\u2500\u2500\u2500\u2500\u2500\u2500\u2500\u2500\u2500\u2500\u2500\u2500\u2500\u2500\u2500   \u2502\n                                                                                       \u2502         Groups: #0        \u2502\n                                                                                       \u2502                           \u2502\n                                                                                       \u2502        Aggregates:        \u2502\n                                                                                       \u2502        count_star()       \u2502\n                                                                                       \u2502                           \u2502\n                                                                                       \u2502        ~3,191 rows        \u2502\n                                                                                       \u2514\u2500\u2500\u2500\u2500\u2500\u2500\u2500\u2500\u2500\u2500\u2500\u2500\u2500\u252c\u2500\u2500\u2500\u2500\u2500\u2500\u2500\u2500\u2500\u2500\u2500\u2500\u2500\u2518\n                                                                                       \u250c\u2500\u2500\u2500\u2500\u2500\u2500\u2500\u2500\u2500\u2500\u2500\u2500\u2500\u2534\u2500\u2500\u2500\u2500\u2500\u2500\u2500\u2500\u2500\u2500\u2500\u2500\u2500\u2510\n                                                                                       \u2502         PROJECTION        \u2502\n                                                                                       \u2502    \u2500\u2500\u2500\u2500\u2500\u2500\u2500\u2500\u2500\u2500\u2500\u2500\u2500\u2500\u2500\u2500\u2500\u2500\u2500\u2500   \u2502\n                                                                                       \u2502           ca_zip          \u2502\n                                                                                       \u2502                           \u2502\n                                                                                       \u2502       ~205,319 rows       \u2502\n                                                                                       \u2514\u2500\u2500\u2500\u2500\u2500\u2500\u2500\u2500\u2500\u2500\u2500\u2500\u2500\u252c\u2500\u2500\u2500\u2500\u2500\u2500\u2500\u2500\u2500\u2500\u2500\u2500\u2500\u2518\n                                                                                       \u250c\u2500\u2500\u2500\u2500\u2500\u2500\u2500\u2500\u2500\u2500\u2500\u2500\u2500\u2534\u2500\u2500\u2500\u2500\u2500\u2500\u2500\u2500\u2500\u2500\u2500\u2500\u2500\u2510\n                                                                                       \u2502         PROJECTION        \u2502\n                                                                                       \u2502    \u2500\u2500\u2500\u2500\u2500\u2500\u2500\u2500\u2500\u2500\u2500\u2500\u2500\u2500\u2500\u2500\u2500\u2500\u2500\u2500   \u2502\n                                                                                       \u2502__internal_compress_string_\u2502\n                                                                                       \u2502        ubigint(#0)        \u2502\n                                                                                       \u2502             #1            \u2502\n                                                                                       \u2502                           \u2502\n                                                                                       \u2502       ~205,319 rows       \u2502\n                                                                                       \u2514\u2500\u2500\u2500\u2500\u2500\u2500\u2500\u2500\u2500\u2500\u2500\u2500\u2500\u252c\u2500\u2500\u2500\u2500\u2500\u2500\u2500\u2500\u2500\u2500\u2500\u2500\u2500\u2518\n                                                                                       \u250c\u2500\u2500\u2500\u2500\u2500\u2500\u2500\u2500\u2500\u2500\u2500\u2500\u2500\u2534\u2500\u2500\u2500\u2500\u2500\u2500\u2500\u2500\u2500\u2500\u2500\u2500\u2500\u2510\n                                                                                       \u2502         HASH_JOIN         \u2502\n                                                                                       \u2502    \u2500\u2500\u2500\u2500\u2500\u2500\u2500\u2500\u2500\u2500\u2500\u2500\u2500\u2500\u2500\u2500\u2500\u2500\u2500\u2500   \u2502\n                                                                                       \u2502      Join Type: INNER     \u2502\n                                                                                       \u2502                           \u2502\n                                                                                       \u2502        Conditions:        \u251c\u2500\u2500\u2500\u2500\u2500\u2500\u2500\u2500\u2500\u2500\u2500\u2500\u2500\u2500\u2510\n                                                                                       \u2502      ca_address_sk =      \u2502              \u2502\n                                                                                       \u2502      c_current_addr_sk    \u2502              \u2502\n                                                                                       \u2502                           \u2502              \u2502\n                                                                                       \u2502       ~205,319 rows       \u2502              \u2502\n                                                                                       \u2514\u2500\u2500\u2500\u2500\u2500\u2500\u2500\u2500\u2500\u2500\u2500\u2500\u2500\u252c\u2500\u2500\u2500\u2500\u2500\u2500\u2500\u2500\u2500\u2500\u2500\u2500\u2500\u2518              \u2502\n                                                                                       \u250c\u2500\u2500\u2500\u2500\u2500\u2500\u2500\u2500\u2500\u2500\u2500\u2500\u2500\u2534\u2500\u2500\u2500\u2500\u2500\u2500\u2500\u2500\u2500\u2500\u2500\u2500\u2500\u2510\u250c\u2500\u2500\u2500\u2500\u2500\u2500\u2500\u2500\u2500\u2500\u2500\u2500\u2500\u2534\u2500\u2500\u2500\u2500\u2500\u2500\u2500\u2500\u2500\u2500\u2500\u2500\u2500\u2510\n                                                                                       \u2502         SEQ_SCAN          \u2502\u2502         SEQ_SCAN          \u2502\n                                                                                       \u2502    \u2500\u2500\u2500\u2500\u2500\u2500\u2500\u2500\u2500\u2500\u2500\u2500\u2500\u2500\u2500\u2500\u2500\u2500\u2500\u2500   \u2502\u2502    \u2500\u2500\u2500\u2500\u2500\u2500\u2500\u2500\u2500\u2500\u2500\u2500\u2500\u2500\u2500\u2500\u2500\u2500\u2500\u2500   \u2502\n                                                                                       \u2502           Table:          \u2502\u2502      Table: customer      \u2502\n                                                                                       \u2502      customer_address     \u2502\u2502   Type: Sequential Scan   \u2502\n                                                                                       \u2502                           \u2502\u2502                           \u2502\n                                                                                       \u2502   Type: Sequential Scan   \u2502\u2502        Projections:       \u2502\n                                                                                       \u2502                           \u2502\u2502     c_current_addr_sk     \u2502\n                                                                                       \u2502        Projections:       \u2502\u2502                           \u2502\n                                                                                       \u2502       ca_address_sk       \u2502\u2502          Filters:         \u2502\n                                                                                       \u2502           ca_zip          \u2502\u2502 c_preferred_cust_flag='Y' \u2502\n                                                                                       \u2502                           \u2502\u2502                           \u2502\n                                                                                       \u2502       ~250,000 rows       \u2502\u2502       ~250,000 rows       \u2502\n                                                                                       \u2514\u2500\u2500\u2500\u2500\u2500\u2500\u2500\u2500\u2500\u2500\u2500\u2500\u2500\u2500\u2500\u2500\u2500\u2500\u2500\u2500\u2500\u2500\u2500\u2500\u2500\u2500\u2500\u2518\u2514\u2500\u2500\u2500\u2500\u2500\u2500\u2500\u2500\u2500\u2500\u2500\u2500\u2500\u2500\u2500\u2500\u2500\u2500\u2500\u2500\u2500\u2500\u2500\u2500\u2500\u2500\u2500\u2518\n",
  "plan_json": {
    "total_bytes_written": 0,
    "total_bytes_read": 0,
    "rows_returned": 0,
    "latency": 0.0,
    "result_set_size": 0,
    "query_name": "",
    "blocked_thread_time": 0.0,
    "system_peak_buffer_memory": 0,
    "system_peak_temp_dir_size": 0,
    "cpu_time": 0.0,
    "extra_info": {},
    "cumulative_cardinality": 0,
    "cumulative_rows_scanned": 0,
    "children": [
      {
        "total_bytes_written": 0,
        "total_bytes_read": 0,
        "result_set_size": 0,
        "operator_name": "EXPLAIN_ANALYZE",
        "cpu_time": 0.0,
        "extra_info": {},
        "cumulative_cardinality": 0,
        "operator_type": "EXPLAIN_ANALYZE",
        "operator_cardinality": 0,
        "cumulative_rows_scanned": 0,
        "operator_rows_scanned": 0,
        "operator_timing": 2.71e-07,
        "children": [
          {
            "total_bytes_written": 0,
            "total_bytes_read": 0,
            "result_set_size": 192,
            "operator_name": "TOP_N",
            "cpu_time": 0.0,
            "extra_info": {
              "Top": "100",
              "Order By": "tpcds_sf10_1.main.store.s_store_name ASC"
            },
            "cumulative_cardinality": 0,
            "operator_type": "TOP_N",
            "operator_cardinality": 6,
            "cumulative_rows_scanned": 0,
            "operator_rows_scanned": 0,
            "operator_timing": 2.6778e-05,
            "children": [
              {
                "total_bytes_written": 0,
                "total_bytes_read": 0,
                "result_set_size": 192,
                "operator_name": "PROJECTION",
                "cpu_time": 0.0,
                "extra_info": {
                  "Projections": [
                    "__internal_decompress_string(#0)",
                    "#1"
                  ],
                  "Estimated Cardinality": "630923"
                },
                "cumulative_cardinality": 0,
                "operator_type": "PROJECTION",
                "operator_cardinality": 6,
                "cumulative_rows_scanned": 0,
                "operator_rows_scanned": 0,
                "operator_timing": 1.5030999999999999e-05,
                "children": [
                  {
                    "total_bytes_written": 0,
                    "total_bytes_read": 0,
                    "result_set_size": 144,
                    "operator_name": "HASH_GROUP_BY",
                    "cpu_time": 0.0,
                    "extra_info": {
                      "Groups": "#0",
                      "Aggregates": "sum(#1)",
                      "Estimated Cardinality": "630923"
                    },
                    "cumulative_cardinality": 0,
                    "operator_type": "HASH_GROUP_BY",
                    "operator_cardinality": 6,
                    "cumulative_rows_scanned": 0,
                    "operator_rows_scanned": 0,
                    "operator_timing": 0.011413665999999996,
                    "children": [
                      {
                        "total_bytes_written": 0,
                        "total_bytes_read": 0,
                        "result_set_size": 1309548,
                        "operator_name": "PROJECTION",
                        "cpu_time": 0.0,
                        "extra_info": {
                          "Projections": [
                            "s_store_name",
                            "ss_net_profit"
                          ],
                          "Estimated Cardinality": "11545866"
                        },
                        "cumulative_cardinality": 0,
                        "operator_type": "PROJECTION",
                        "operator_cardinality": 109129,
                        "cumulative_rows_scanned": 0,
                        "operator_rows_scanned": 0,
                        "operator_timing": 8.818299999999999e-05,
                        "children": [
                          {
                            "total_bytes_written": 0,
                            "total_bytes_read": 0,
                            "result_set_size": 1309548,
                            "operator_name": "PROJECTION",
                            "cpu_time": 0.0,
                            "extra_info": {
                              "Projections": [
                                "#0",
                                "__internal_compress_string_ubigint(#1)"
                              ],
                              "Estimated Cardinality": "11545866"
                            },
                            "cumulative_cardinality": 0,
                            "operator_type": "PROJECTION",
                            "operator_cardinality": 109129,
                            "cumulative_rows_scanned": 0,
                            "operator_rows_scanned": 0,
                            "operator_timing": 0.0011065710000000002,
                            "children": [
                              {
                                "total_bytes_written": 0,
                                "total_bytes_read": 0,
                                "result_set_size": 2182580,
                                "operator_name": "HASH_JOIN",
                                "cpu_time": 0.0,
                                "extra_info": {
                                  "Join Type": "INNER",
                                  "Conditions": "ss_store_sk = s_store_sk",
                                  "Estimated Cardinality": "11545866"
                                },
                                "cumulative_cardinality": 0,
                                "operator_type": "HASH_JOIN",
                                "operator_cardinality": 109129,
                                "cumulative_rows_scanned": 0,
                                "operator_rows_scanned": 0,
                                "operator_timing": 0.004335177,
                                "children": [
                                  {
                                    "total_bytes_written": 0,
                                    "total_bytes_read": 0,
                                    "result_set_size": 6394812,
                                    "operator_name": "HASH_JOIN",
                                    "cpu_time": 0.0,
                                    "extra_info": {
                                      "Join Type": "INNER",
                                      "Conditions": "ss_sold_date_sk = d_date_sk",
                                      "Estimated Cardinality": "230647"
                                    },
                                    "cumulative_cardinality": 0,
                                    "operator_type": "HASH_JOIN",
                                    "operator_cardinality": 532901,
                                    "cumulative_rows_scanned": 0,
                                    "operator_rows_scanned": 0,
                                    "operator_timing": 0.030436857,
                                    "children": [
                                      {
                                        "total_bytes_written": 0,
                                        "total_bytes_read": 0,
                                        "result_set_size": 6394812,
                                        "operator_name": "SEQ_SCAN ",
                                        "cpu_time": 0.0,
                                        "extra_info": {
                                          "Table": "store_sales",
                                          "Type": "Sequential Scan",
                                          "Projections": [
                                            "ss_store_sk",
                                            "ss_sold_date_sk",
                                            "ss_net_profit"
                                          ],
                                          "Estimated Cardinality": "28800991"
                                        },
                                        "cumulative_cardinality": 0,
                                        "operator_type": "TABLE_SCAN",
                                        "operator_cardinality": 532901,
                                        "cumulative_rows_scanned": 0,
                                        "operator_rows_scanned": 806427748,
                                        "operator_timing": 8.585599618,
                                        "children": []
                                      },
                                      {
                                        "total_bytes_written": 0,
                                        "total_bytes_read": 0,
                                        "result_set_size": 364,
                                        "operator_name": "FILTER",
                                        "cpu_time": 0.0,
                                        "extra_info": {
                                          "Expression": "(d_date_sk BETWEEN 2450816 AND 2452642)",
                                          "Estimated Cardinality": "585"
                                        },
                                        "cumulative_cardinality": 0,
                                        "operator_type": "FILTER",
                                        "operator_cardinality": 91,
                                        "cumulative_rows_scanned": 0,
                                        "operator_rows_scanned": 0,
                                        "operator_timing": 1.2073e-05,
                                        "children": [
                                          {
                                            "total_bytes_written": 0,
                                            "total_bytes_read": 0,
                                            "result_set_size": 364,
                                            "operator_name": "SEQ_SCAN ",
                                            "cpu_time": 0.0,
                                            "extra_info": {
                                              "Table": "date_dim",
                                              "Type": "Sequential Scan",
                                              "Projections": "d_date_sk",
                                              "Filters": [
                                                "d_qoy=2",
                                                "d_year=1998"
                                              ],
                                              "Estimated Cardinality": "585"
                                            },
                                            "cumulative_cardinality": 0,
                                            "operator_type": "TABLE_SCAN",
                                            "operator_cardinality": 91,
                                            "cumulative_rows_scanned": 0,
                                            "operator_rows_scanned": 73049,
                                            "operator_timing": 0.00386113,
                                            "children": []
                                          }
                                        ]
                                      }
                                    ]
                                  },
                                  {
                                    "total_bytes_written": 0,
                                    "total_bytes_read": 0,
                                    "result_set_size": 324,
                                    "operator_name": "HASH_JOIN",
                                    "cpu_time": 0.0,
                                    "extra_info": {
                                      "Join Type": "INNER",
                                      "Conditions": "substr(ca_zip, 1, 2) = substr(s_zip, 1, 2)",
                                      "Estimated Cardinality": "5005"
                                    },
                                    "cumulative_cardinality": 0,
                                    "operator_type": "HASH_JOIN",
                                    "operator_cardinality": 9,
                                    "cumulative_rows_scanned": 0,
                                    "operator_rows_scanned": 0,
                                    "operator_timing": 0.001210105,
                                    "children": [
                                      {
                                        "total_bytes_written": 0,
                                        "total_bytes_read": 0,
                                        "result_set_size": 128,
                                        "operator_name": "HASH_GROUP_BY",
                                        "cpu_time": 0.0,
                                        "extra_info": {
                                          "Groups": "#0",
                                          "Aggregates": "",
                                          "Estimated Cardinality": "638"
                                        },
                                        "cumulative_cardinality": 0,
                                        "operator_type": "HASH_GROUP_BY",
                                        "operator_cardinality": 8,
                                        "cumulative_rows_scanned": 0,
                                        "operator_rows_scanned": 0,
                                        "operator_timing": 0.0009772220000000002,
                                        "children": [
                                          {
                                            "total_bytes_written": 0,
                                            "total_bytes_read": 0,
                                            "result_set_size": 19040,
                                            "operator_name": "HASH_JOIN",
                                            "cpu_time": 0.0,
                                            "extra_info": {
                                              "Join Type": "SEMI",
                                              "Conditions": "#0 IS NOT DISTINCT FROM #0",
                                              "Estimated Cardinality": "638"
                                            },
                                            "cumulative_cardinality": 0,
                                            "operator_type": "HASH_JOIN",
                                            "operator_cardinality": 1190,
                                            "cumulative_rows_scanned": 0,
                                            "operator_rows_scanned": 0,
                                            "operator_timing": 0.0014592589999999999,
                                            "children": [
                                              {
                                                "total_bytes_written": 0,
                                                "total_bytes_read": 0,
                                                "result_set_size": 20176,
                                                "operator_name": "PROJECTION",
                                                "cpu_time": 0.0,
                                                "extra_info": {
                                                  "Projections": "ca_zip",
                                                  "Estimated Cardinality": "50000"
                                                },
                                                "cumulative_cardinality": 0,
                                                "operator_type": "PROJECTION",
                                                "operator_cardinality": 1261,
                                                "cumulative_rows_scanned": 0,
                                                "operator_rows_scanned": 0,
                                                "operator_timing": 0.000279631,
                                                "children": [
                                                  {
                                                    "total_bytes_written": 0,
                                                    "total_bytes_read": 0,
                                                    "result_set_size": 20176,
                                                    "operator_name": "SEQ_SCAN ",
                                                    "cpu_time": 0.0,
                                                    "extra_info": {
                                                      "Table": "customer_address",
                                                      "Type": "Sequential Scan",
                                                      "Projections": "ca_zip",
                                                      "Filters": "(substr(ca_zip, 1, 5) IN ('47602', '16704', '35863', '28577', '83910', '36201', '58412', '48162', '28055', '41419', '80332', '38607', '77817', '24891', '16226', '18410', '21231', '59345', '13918', '51089', '20317', '17167', '54585', '67881', '78366', '47770', '18360', '51717', '73108', '14440', '21800', '89338', '45859', '65501', '34948', '25973', '73219', '25333', '17291', '10374', '18829', '60736', '82620', '41351', '52094', '19326', '25214', '54207', '40936', '21814', '79077', '25178', '75742', '77454', '30621', '89193', '27369', '41232', '48567', '83041', '71948', '37119', '68341', '14073', '16891', '62878', '49130', '19833', '24286', '27700', '40979', '50412', '81504', '94835', '84844', '71954', '39503', '57649', '18434', '24987', '12350', '86379', '27413', '44529', '98569', '16515', '27287', '24255', '21094', '16005', '56436', '91110', '68293', '56455', '54558', '10298', '83647', '32754', '27052', '51766', '19444', '13869', '45645', '94791', '57631', '20712', '37788', '41807', '46507', '21727', '71836', '81070', '50632', '88086', '63991', '20244', '31655', '51782', '29818', '63792', '68605', '94898', '36430', '57025', '20601', '82080', '33869', '22728', '35834', '29086', '92645', '98584', '98072', '11652', '78093', '57553', '43830', '71144', '53565', '18700', '90209', '71256', '38353', '54364', '28571', '96560', '57839', '56355', '50679', '45266', '84680', '34306', '34972', '48530', '30106', '15371', '92380', '84247', '92292', '68852', '13338', '34594', '82602', '70073', '98069', '85066', '47289', '11686', '98862', '26217', '47529', '63294', '51793', '35926', '24227', '14196', '24594', '32489', '99060', '49472', '43432', '49211', '14312', '88137', '47369', '56877', '20534', '81755', '15794', '12318', '21060', '73134', '41255', '63073', '81003', '73873', '66057', '51184', '51195', '45676', '92696', '70450', '90669', '98338', '25264', '38919', '59226', '58581', '60298', '17895', '19489', '52301', '80846', '95464', '68770', '51634', '19988', '18367', '18421', '11618', '67975', '25494', '41352', '95430', '15734', '62585', '97173', '33773', '10425', '75675', '53535', '17879', '41967', '12197', '67998', '79658', '59130', '72592', '14851', '43933', '68101', '50636', '25717', '71286', '24660', '58058', '72991', '95042', '15543', '33122', '69280', '11912', '59386', '27642', '65177', '17672', '33467', '64592', '36335', '54010', '18767', '63193', '42361', '49254', '33113', '33159', '36479', '59080', '11855', '81963', '31016', '49140', '29392', '41836', '32958', '53163', '13844', '73146', '23952', '65148', '93498', '14530', '46131', '58454', '13376', '13378', '83986', '12320', '17193', '59852', '46081', '98533', '52389', '13086', '68843', '31013', '13261', '60560', '13443', '45533', '83583', '11489', '58218', '19753', '22911', '25115', '86709', '27156', '32669', '13123', '51933', '39214', '41331', '66943', '14155', '69998', '49101', '70070', '35076', '14242', '73021', '59494', '15782', '29752', '37914', '74686', '83086', '34473', '15751', '81084', '49230', '91894', '60624', '17819', '28810', '63180', '56224', '39459', '55233', '75752', '43639', '55349', '86057', '62361', '50788', '31830', '58062', '18218', '85761', '60083', '45484', '21204', '90229', '70041', '41162', '35390', '16364', '39500', '68908', '26689', '52868', '81335', '40146', '11340', '61527', '61794', '71997', '30415', '59004', '29450', '58117', '69952', '33562', '83833', '27385', '61860', '96435', '48333', '23065', '32961', '84919', '61997', '99132', '22815', '56600', '68730', '48017', '95694', '32919', '88217', '27116', '28239', '58032', '18884', '16791', '21343', '97462', '18569', '75660', '15475'))",
                                                      "Estimated Cardinality": "50000"
                                                    },
                                                    "cumulative_cardinality": 0,
                                                    "operator_type": "TABLE_SCAN",
                                                    "operator_cardinality": 1261,
                                                    "cumulative_rows_scanned": 0,
                                                    "operator_rows_scanned": 750000,
                                                    "operator_timing": 0.362108909,
                                                    "children": []
                                                  }
                                                ]
                                              },
                                              {
                                                "total_bytes_written": 0,
                                                "total_bytes_read": 0,
                                                "result_set_size": 36288,
                                                "operator_name": "PROJECTION",
                                                "cpu_time": 0.0,
                                                "extra_info": {
                                                  "Projections": "ca_zip",
                                                  "Estimated Cardinality": "638"
                                                },
                                                "cumulative_cardinality": 0,
                                                "operator_type": "PROJECTION",
                                                "operator_cardinality": 2268,
                                                "cumulative_rows_scanned": 0,
                                                "operator_rows_scanned": 0,
                                                "operator_timing": 5.6232e-05,
                                                "children": [
                                                  {
                                                    "total_bytes_written": 0,
                                                    "total_bytes_read": 0,
                                                    "result_set_size": 36288,
                                                    "operator_name": "PROJECTION",
                                                    "cpu_time": 0.0,
                                                    "extra_info": {
                                                      "Projections": "#0",
                                                      "Estimated Cardinality": "638"
                                                    },
                                                    "cumulative_cardinality": 0,
                                                    "operator_type": "PROJECTION",
                                                    "operator_cardinality": 2268,
                                                    "cumulative_rows_scanned": 0,
                                                    "operator_rows_scanned": 0,
                                                    "operator_timing": 1.987e-06,
                                                    "children": [
                                                      {
                                                        "total_bytes_written": 0,
                                                        "total_bytes_read": 0,
                                                        "result_set_size": 54432,
                                                        "operator_name": "FILTER",
                                                        "cpu_time": 0.0,
                                                        "extra_info": {
                                                          "Expression": "(count_star() > 10)",
                                                          "Estimated Cardinality": "638"
                                                        },
                                                        "cumulative_cardinality": 0,
                                                        "operator_type": "FILTER",
                                                        "operator_cardinality": 2268,
                                                        "cumulative_rows_scanned": 0,
                                                        "operator_rows_scanned": 0,
                                                        "operator_timing": 3.7273e-05,
                                                        "children": [
                                                          {
                                                            "total_bytes_written": 0,
                                                            "total_bytes_read": 0,
                                                            "result_set_size": 116808,
                                                            "operator_name": "PROJECTION",
                                                            "cpu_time": 0.0,
                                                            "extra_info": {
                                                              "Projections": [
                                                                "__internal_decompress_string(#0)",
                                                                "#1"
                                                              ],
                                                              "Estimated Cardinality": "3191"
                                                            },
                                                            "cumulative_cardinality": 0,
                                                            "operator_type": "PROJECTION",
                                                            "operator_cardinality": 4867,
                                                            "cumulative_rows_scanned": 0,
                                                            "operator_rows_scanned": 0,
                                                            "operator_timing": 5.675e-05,
                                                            "children": [
                                                              {
                                                                "total_bytes_written": 0,
                                                                "total_bytes_read": 0,
                                                                "result_set_size": 77872,
                                                                "operator_name": "HASH_GROUP_BY",
                                                                "cpu_time": 0.0,
                                                                "extra_info": {
                                                                  "Groups": "#0",
                                                                  "Aggregates": "count_star()",
                                                                  "Estimated Cardinality": "3191"
                                                                },
                                                                "cumulative_cardinality": 0,
                                                                "operator_type": "HASH_GROUP_BY",
                                                                "operator_cardinality": 4867,
                                                                "cumulative_rows_scanned": 0,
                                                                "operator_rows_scanned": 0,
                                                                "operator_timing": 0.00561843,
                                                                "children": [
                                                                  {
                                                                    "total_bytes_written": 0,
                                                                    "total_bytes_read": 0,
                                                                    "result_set_size": 1894608,
                                                                    "operator_name": "PROJECTION",
                                                                    "cpu_time": 0.0,
                                                                    "extra_info": {
                                                                      "Projections": "ca_zip",
                                                                      "Estimated Cardinality": "205319"
                                                                    },
                                                                    "cumulative_cardinality": 0,
                                                                    "operator_type": "PROJECTION",
                                                                    "operator_cardinality": 236826,
                                                                    "cumulative_rows_scanned": 0,
                                                                    "operator_rows_scanned": 0,
                                                                    "operator_timing": 1.0725999999999999e-05,
                                                                    "children": [
                                                                      {
                                                                        "total_bytes_written": 0,
                                                                        "total_bytes_read": 0,
                                                                        "result_set_size": 2841912,
                                                                        "operator_name": "PROJECTION",
                                                                        "cpu_time": 0.0,
                                                                        "extra_info": {
                                                                          "Projections": [
                                                                            "__internal_compress_string_ubigint(#0)",
                                                                            "#1"
                                                                          ],
                                                                          "Estimated Cardinality": "205319"
                                                                        },
                                                                        "cumulative_cardinality": 0,
                                                                        "operator_type": "PROJECTION",
                                                                        "operator_cardinality": 236826,
                                                                        "cumulative_rows_scanned": 0,
                                                                        "operator_rows_scanned": 0,
                                                                        "operator_timing": 0.0012558879999999995,
                                                                        "children": [
                                                                          {
                                                                            "total_bytes_written": 0,
                                                                            "total_bytes_read": 0,
                                                                            "result_set_size": 4736520,
                                                                            "operator_name": "HASH_JOIN",
                                                                            "cpu_time": 0.0,
                                                                            "extra_info": {
                                                                              "Join Type": "INNER",
                                                                              "Conditions": "ca_address_sk = c_current_addr_sk",
                                                                              "Estimated Cardinality": "205319"
                                                                            },
                                                                            "cumulative_cardinality": 0,
                                                                            "operator_type": "HASH_JOIN",
                                                                            "operator_cardinality": 236826,
                                                                            "cumulative_rows_scanned": 0,
                                                                            "operator_rows_scanned": 0,
                                                                            "operator_timing": 0.012389816000000001,
                                                                            "children": [
                                                                              {
                                                                                "total_bytes_written": 0,
                                                                                "total_bytes_read": 0,
                                                                                "result_set_size": 5000000,
                                                                                "operator_name": "SEQ_SCAN ",
                                                                                "cpu_time": 0.0,
                                                                                "extra_info": {
                                                                                  "Table": "customer_address",
                                                                                  "Type": "Sequential Scan",
                                                                                  "Projections": [
                                                                                    "ca_address_sk",
                                                                                    "ca_zip"
                                                                                  ],
                                                                                  "Estimated Cardinality": "250000"
                                                                                },
                                                                                "cumulative_cardinality": 0,
                                                                                "operator_type": "TABLE_SCAN",
                                                                                "operator_cardinality": 250000,
                                                                                "cumulative_rows_scanned": 0,
                                                                                "operator_rows_scanned": 750000,
                                                                                "operator_timing": 0.010759228999999999,
                                                                                "children": []
                                                                              },
                                                                              {
                                                                                "total_bytes_written": 0,
                                                                                "total_bytes_read": 0,
                                                                                "result_set_size": 947304,
                                                                                "operator_name": "SEQ_SCAN ",
                                                                                "cpu_time": 0.0,
                                                                                "extra_info": {
                                                                                  "Table": "customer",
                                                                                  "Type": "Sequential Scan",
                                                                                  "Projections": "c_current_addr_sk",
                                                                                  "Filters": "c_preferred_cust_flag='Y'",
                                                                                  "Estimated Cardinality": "250000"
                                                                                },
                                                                                "cumulative_cardinality": 0,
                                                                                "operator_type": "TABLE_SCAN",
                                                                                "operator_cardinality": 236826,
                                                                                "cumulative_rows_scanned": 0,
                                                                                "operator_rows_scanned": 2500000,
                                                                                "operator_timing": 0.024752772999999995,
                                                                                "children": []
                                                                              }
                                                                            ]
                                                                          }
                                                                        ]
                                                                      }
                                                                    ]
                                                                  }
                                                                ]
                                                              }
                                                            ]
                                                          }
                                                        ]
                                                      }
                                                    ]
                                                  }
                                                ]
                                              }
                                            ]
                                          }
                                        ]
                                      },
                                      {
                                        "total_bytes_written": 0,
                                        "total_bytes_read": 0,
                                        "result_set_size": 3600,
                                        "operator_name": "SEQ_SCAN ",
                                        "cpu_time": 0.0,
                                        "extra_info": {
                                          "Table": "store",
                                          "Type": "Sequential Scan",
                                          "Projections": [
                                            "s_store_sk",
                                            "s_zip",
                                            "s_store_name"
                                          ],
                                          "Filters": "s_store_sk<=100",
                                          "Estimated Cardinality": "102"
                                        },
                                        "cumulative_cardinality": 0,
                                        "operator_type": "TABLE_SCAN",
                                        "operator_cardinality": 100,
                                        "cumulative_rows_scanned": 0,
                                        "operator_rows_scanned": 102,
                                        "operator_timing": 0.002389094,
                                        "children": []
                                      }
                                    ]
                                  }
                                ]
                              }
                            ]
                          }
                        ]
                      }
                    ]
                  }
                ]
              }
            ]
          }
        ]
      }
    ]
  },
  "actual_rows": 0,
  "provenance": {
    "database": "/mnt/d/TPC-DS/tpcds_sf10.duckdb",
    "scale_factor": 10,
    "engine": "duckdb",
    "engine_version": "1.4.3",
    "cached_at": "2026-02-08T10:21:31.176928"
  }
}