{
  "execution_time_ms": 422.0,
  "plan_text": "\u250c\u2500\u2500\u2500\u2500\u2500\u2500\u2500\u2500\u2500\u2500\u2500\u2500\u2500\u2500\u2500\u2500\u2500\u2500\u2500\u2500\u2500\u2500\u2500\u2500\u2500\u2500\u2500\u2500\u2500\u2500\u2500\u2500\u2500\u2500\u2500\u2500\u2500\u2510\n\u2502\u250c\u2500\u2500\u2500\u2500\u2500\u2500\u2500\u2500\u2500\u2500\u2500\u2500\u2500\u2500\u2500\u2500\u2500\u2500\u2500\u2500\u2500\u2500\u2500\u2500\u2500\u2500\u2500\u2500\u2500\u2500\u2500\u2500\u2500\u2500\u2500\u2510\u2502\n\u2502\u2502    Query Profiling Information    \u2502\u2502\n\u2502\u2514\u2500\u2500\u2500\u2500\u2500\u2500\u2500\u2500\u2500\u2500\u2500\u2500\u2500\u2500\u2500\u2500\u2500\u2500\u2500\u2500\u2500\u2500\u2500\u2500\u2500\u2500\u2500\u2500\u2500\u2500\u2500\u2500\u2500\u2500\u2500\u2518\u2502\n\u2514\u2500\u2500\u2500\u2500\u2500\u2500\u2500\u2500\u2500\u2500\u2500\u2500\u2500\u2500\u2500\u2500\u2500\u2500\u2500\u2500\u2500\u2500\u2500\u2500\u2500\u2500\u2500\u2500\u2500\u2500\u2500\u2500\u2500\u2500\u2500\u2500\u2500\u2518\nEXPLAIN ANALYZE -- start query 54 in stream 0 using template query54.tpl with my_customers as (  select distinct c_customer_sk         , c_current_addr_sk  from            ( select cs_sold_date_sk sold_date_sk,                  cs_bill_customer_sk customer_sk,                  cs_item_sk item_sk           from   catalog_sales           union all           select ws_sold_date_sk sold_date_sk,                  ws_bill_customer_sk customer_sk,                  ws_item_sk item_sk           from   web_sales          ) cs_or_ws_sales,          item,          date_dim,          customer  where   sold_date_sk = d_date_sk          and item_sk = i_item_sk          and i_category = 'Women'          and i_class = 'maternity'          and c_customer_sk = cs_or_ws_sales.customer_sk          and d_moy = 5          and d_year = 1998  )  , my_revenue as (  select c_customer_sk,         sum(ss_ext_sales_price) as revenue  from   my_customers,         store_sales,         customer_address,         store,         date_dim  where  c_current_addr_sk = ca_address_sk         and ca_county = s_county         and ca_state = s_state         and ss_sold_date_sk = d_date_sk         and c_customer_sk = ss_customer_sk         and d_month_seq between (select distinct d_month_seq+1                                  from   date_dim where d_year = 1998 and d_moy = 5)                            and  (select distinct d_month_seq+3                                  from   date_dim where d_year = 1998 and d_moy = 5)  group by c_customer_sk  )  , segments as  (select cast((revenue/50) as int) as segment   from   my_revenue  )   select segment, count(*) as num_customers, segment*50 as segment_base  from segments  group by segment  order by segment, num_customers  LIMIT 100;  -- end query 54 in stream 0 using template query54.tpl\n\u250c\u2500\u2500\u2500\u2500\u2500\u2500\u2500\u2500\u2500\u2500\u2500\u2500\u2500\u2500\u2500\u2500\u2500\u2500\u2500\u2500\u2500\u2500\u2500\u2500\u2500\u2500\u2500\u2500\u2500\u2500\u2500\u2500\u2500\u2500\u2500\u2500\u2500\u2500\u2500\u2500\u2500\u2500\u2500\u2500\u2500\u2500\u2500\u2500\u2510\n\u2502\u250c\u2500\u2500\u2500\u2500\u2500\u2500\u2500\u2500\u2500\u2500\u2500\u2500\u2500\u2500\u2500\u2500\u2500\u2500\u2500\u2500\u2500\u2500\u2500\u2500\u2500\u2500\u2500\u2500\u2500\u2500\u2500\u2500\u2500\u2500\u2500\u2500\u2500\u2500\u2500\u2500\u2500\u2500\u2500\u2500\u2500\u2500\u2510\u2502\n\u2502\u2502              Total Time: 0.422s              \u2502\u2502\n\u2502\u2514\u2500\u2500\u2500\u2500\u2500\u2500\u2500\u2500\u2500\u2500\u2500\u2500\u2500\u2500\u2500\u2500\u2500\u2500\u2500\u2500\u2500\u2500\u2500\u2500\u2500\u2500\u2500\u2500\u2500\u2500\u2500\u2500\u2500\u2500\u2500\u2500\u2500\u2500\u2500\u2500\u2500\u2500\u2500\u2500\u2500\u2500\u2518\u2502\n\u2514\u2500\u2500\u2500\u2500\u2500\u2500\u2500\u2500\u2500\u2500\u2500\u2500\u2500\u2500\u2500\u2500\u2500\u2500\u2500\u2500\u2500\u2500\u2500\u2500\u2500\u2500\u2500\u2500\u2500\u2500\u2500\u2500\u2500\u2500\u2500\u2500\u2500\u2500\u2500\u2500\u2500\u2500\u2500\u2500\u2500\u2500\u2500\u2500\u2518\n\u250c\u2500\u2500\u2500\u2500\u2500\u2500\u2500\u2500\u2500\u2500\u2500\u2500\u2500\u2500\u2500\u2500\u2500\u2500\u2500\u2510\n\u2502       QUERY       \u2502\n\u2514\u2500\u2500\u2500\u2500\u2500\u2500\u2500\u2500\u2500\u252c\u2500\u2500\u2500\u2500\u2500\u2500\u2500\u2500\u2500\u2518\n\u250c\u2500\u2500\u2500\u2500\u2500\u2500\u2500\u2500\u2500\u2534\u2500\u2500\u2500\u2500\u2500\u2500\u2500\u2500\u2500\u2510\n\u2502  EXPLAIN_ANALYZE  \u2502\n\u2502    \u2500\u2500\u2500\u2500\u2500\u2500\u2500\u2500\u2500\u2500\u2500\u2500   \u2502\n\u2502       0 rows      \u2502\n\u2502      (0.00s)      \u2502\n\u2514\u2500\u2500\u2500\u2500\u2500\u2500\u2500\u2500\u2500\u252c\u2500\u2500\u2500\u2500\u2500\u2500\u2500\u2500\u2500\u2518\n\u250c\u2500\u2500\u2500\u2500\u2500\u2500\u2500\u2500\u2500\u2534\u2500\u2500\u2500\u2500\u2500\u2500\u2500\u2500\u2500\u2510\n\u2502       TOP_N       \u2502\n\u2502    \u2500\u2500\u2500\u2500\u2500\u2500\u2500\u2500\u2500\u2500\u2500\u2500   \u2502\n\u2502      Top: 100     \u2502\n\u2502                   \u2502\n\u2502     Order By:     \u2502\n\u2502  segments.segment \u2502\n\u2502         ASC       \u2502\n\u2502  count_star() ASC \u2502\n\u2502                   \u2502\n\u2502       0 rows      \u2502\n\u2502      (0.00s)      \u2502\n\u2514\u2500\u2500\u2500\u2500\u2500\u2500\u2500\u2500\u2500\u252c\u2500\u2500\u2500\u2500\u2500\u2500\u2500\u2500\u2500\u2518\n\u250c\u2500\u2500\u2500\u2500\u2500\u2500\u2500\u2500\u2500\u2534\u2500\u2500\u2500\u2500\u2500\u2500\u2500\u2500\u2500\u2510\n\u2502     PROJECTION    \u2502\n\u2502    \u2500\u2500\u2500\u2500\u2500\u2500\u2500\u2500\u2500\u2500\u2500\u2500   \u2502\n\u2502      segment      \u2502\n\u2502   num_customers   \u2502\n\u2502    segment_base   \u2502\n\u2502                   \u2502\n\u2502       0 rows      \u2502\n\u2502      (0.00s)      \u2502\n\u2514\u2500\u2500\u2500\u2500\u2500\u2500\u2500\u2500\u2500\u252c\u2500\u2500\u2500\u2500\u2500\u2500\u2500\u2500\u2500\u2518\n\u250c\u2500\u2500\u2500\u2500\u2500\u2500\u2500\u2500\u2500\u2534\u2500\u2500\u2500\u2500\u2500\u2500\u2500\u2500\u2500\u2510\n\u2502   HASH_GROUP_BY   \u2502\n\u2502    \u2500\u2500\u2500\u2500\u2500\u2500\u2500\u2500\u2500\u2500\u2500\u2500   \u2502\n\u2502     Groups: #0    \u2502\n\u2502                   \u2502\n\u2502    Aggregates:    \u2502\n\u2502    count_star()   \u2502\n\u2502                   \u2502\n\u2502       0 rows      \u2502\n\u2502      (0.00s)      \u2502\n\u2514\u2500\u2500\u2500\u2500\u2500\u2500\u2500\u2500\u2500\u252c\u2500\u2500\u2500\u2500\u2500\u2500\u2500\u2500\u2500\u2518\n\u250c\u2500\u2500\u2500\u2500\u2500\u2500\u2500\u2500\u2500\u2534\u2500\u2500\u2500\u2500\u2500\u2500\u2500\u2500\u2500\u2510\n\u2502     PROJECTION    \u2502\n\u2502    \u2500\u2500\u2500\u2500\u2500\u2500\u2500\u2500\u2500\u2500\u2500\u2500   \u2502\n\u2502      segment      \u2502\n\u2502                   \u2502\n\u2502       0 rows      \u2502\n\u2502      (0.00s)      \u2502\n\u2514\u2500\u2500\u2500\u2500\u2500\u2500\u2500\u2500\u2500\u252c\u2500\u2500\u2500\u2500\u2500\u2500\u2500\u2500\u2500\u2518\n\u250c\u2500\u2500\u2500\u2500\u2500\u2500\u2500\u2500\u2500\u2534\u2500\u2500\u2500\u2500\u2500\u2500\u2500\u2500\u2500\u2510\n\u2502     PROJECTION    \u2502\n\u2502    \u2500\u2500\u2500\u2500\u2500\u2500\u2500\u2500\u2500\u2500\u2500\u2500   \u2502\n\u2502      segment      \u2502\n\u2502                   \u2502\n\u2502       0 rows      \u2502\n\u2502      (0.00s)      \u2502\n\u2514\u2500\u2500\u2500\u2500\u2500\u2500\u2500\u2500\u2500\u252c\u2500\u2500\u2500\u2500\u2500\u2500\u2500\u2500\u2500\u2518\n\u250c\u2500\u2500\u2500\u2500\u2500\u2500\u2500\u2500\u2500\u2534\u2500\u2500\u2500\u2500\u2500\u2500\u2500\u2500\u2500\u2510\n\u2502     PROJECTION    \u2502\n\u2502    \u2500\u2500\u2500\u2500\u2500\u2500\u2500\u2500\u2500\u2500\u2500\u2500   \u2502\n\u2502      revenue      \u2502\n\u2502                   \u2502\n\u2502       0 rows      \u2502\n\u2502      (0.00s)      \u2502\n\u2514\u2500\u2500\u2500\u2500\u2500\u2500\u2500\u2500\u2500\u252c\u2500\u2500\u2500\u2500\u2500\u2500\u2500\u2500\u2500\u2518\n\u250c\u2500\u2500\u2500\u2500\u2500\u2500\u2500\u2500\u2500\u2534\u2500\u2500\u2500\u2500\u2500\u2500\u2500\u2500\u2500\u2510\n\u2502   HASH_GROUP_BY   \u2502\n\u2502    \u2500\u2500\u2500\u2500\u2500\u2500\u2500\u2500\u2500\u2500\u2500\u2500   \u2502\n\u2502     Groups: #0    \u2502\n\u2502                   \u2502\n\u2502    Aggregates:    \u2502\n\u2502      sum(#1)      \u2502\n\u2502                   \u2502\n\u2502       0 rows      \u2502\n\u2502      (0.00s)      \u2502\n\u2514\u2500\u2500\u2500\u2500\u2500\u2500\u2500\u2500\u2500\u252c\u2500\u2500\u2500\u2500\u2500\u2500\u2500\u2500\u2500\u2518\n\u250c\u2500\u2500\u2500\u2500\u2500\u2500\u2500\u2500\u2500\u2534\u2500\u2500\u2500\u2500\u2500\u2500\u2500\u2500\u2500\u2510\n\u2502     PROJECTION    \u2502\n\u2502    \u2500\u2500\u2500\u2500\u2500\u2500\u2500\u2500\u2500\u2500\u2500\u2500   \u2502\n\u2502   c_customer_sk   \u2502\n\u2502 ss_ext_sales_price\u2502\n\u2502                   \u2502\n\u2502       0 rows      \u2502\n\u2502      (0.00s)      \u2502\n\u2514\u2500\u2500\u2500\u2500\u2500\u2500\u2500\u2500\u2500\u252c\u2500\u2500\u2500\u2500\u2500\u2500\u2500\u2500\u2500\u2518\n\u250c\u2500\u2500\u2500\u2500\u2500\u2500\u2500\u2500\u2500\u2534\u2500\u2500\u2500\u2500\u2500\u2500\u2500\u2500\u2500\u2510\n\u2502     PROJECTION    \u2502\n\u2502    \u2500\u2500\u2500\u2500\u2500\u2500\u2500\u2500\u2500\u2500\u2500\u2500   \u2502\n\u2502         #0        \u2502\n\u2502__internal_compress\u2502\n\u2502 _string_uinteger( \u2502\n\u2502        #1)        \u2502\n\u2502         #3        \u2502\n\u2502         #2        \u2502\n\u2502                   \u2502\n\u2502       0 rows      \u2502\n\u2502      (0.00s)      \u2502\n\u2514\u2500\u2500\u2500\u2500\u2500\u2500\u2500\u2500\u2500\u252c\u2500\u2500\u2500\u2500\u2500\u2500\u2500\u2500\u2500\u2518\n\u250c\u2500\u2500\u2500\u2500\u2500\u2500\u2500\u2500\u2500\u2534\u2500\u2500\u2500\u2500\u2500\u2500\u2500\u2500\u2500\u2510\n\u2502     HASH_JOIN     \u2502\n\u2502    \u2500\u2500\u2500\u2500\u2500\u2500\u2500\u2500\u2500\u2500\u2500\u2500   \u2502\n\u2502     Join Type:    \u2502\n\u2502       INNER       \u2502\n\u2502                   \u2502\n\u2502    Conditions:    \u2502\n\u2502     s_county =    \u251c\u2500\u2500\u2500\u2500\u2500\u2500\u2500\u2500\u2500\u2500\u2510\n\u2502      ca_county    \u2502          \u2502\n\u2502 s_state = ca_state\u2502          \u2502\n\u2502                   \u2502          \u2502\n\u2502       0 rows      \u2502          \u2502\n\u2502      (0.00s)      \u2502          \u2502\n\u2514\u2500\u2500\u2500\u2500\u2500\u2500\u2500\u2500\u2500\u252c\u2500\u2500\u2500\u2500\u2500\u2500\u2500\u2500\u2500\u2518          \u2502\n\u250c\u2500\u2500\u2500\u2500\u2500\u2500\u2500\u2500\u2500\u2534\u2500\u2500\u2500\u2500\u2500\u2500\u2500\u2500\u2500\u2510\u250c\u2500\u2500\u2500\u2500\u2500\u2500\u2500\u2500\u2500\u2534\u2500\u2500\u2500\u2500\u2500\u2500\u2500\u2500\u2500\u2510\n\u2502     TABLE_SCAN    \u2502\u2502     HASH_JOIN     \u2502\n\u2502    \u2500\u2500\u2500\u2500\u2500\u2500\u2500\u2500\u2500\u2500\u2500\u2500   \u2502\u2502    \u2500\u2500\u2500\u2500\u2500\u2500\u2500\u2500\u2500\u2500\u2500\u2500   \u2502\n\u2502    Table: store   \u2502\u2502     Join Type:    \u2502\n\u2502                   \u2502\u2502       INNER       \u2502\n\u2502       Type:       \u2502\u2502                   \u2502\n\u2502  Sequential Scan  \u2502\u2502    Conditions:    \u2502\n\u2502                   \u2502\u2502  ca_address_sk =  \u251c\u2500\u2500\u2500\u2500\u2500\u2500\u2500\u2500\u2500\u2500\u2510\n\u2502    Projections:   \u2502\u2502  c_current_addr_sk\u2502          \u2502\n\u2502      s_county     \u2502\u2502                   \u2502          \u2502\n\u2502      s_state      \u2502\u2502                   \u2502          \u2502\n\u2502                   \u2502\u2502                   \u2502          \u2502\n\u2502      66 rows      \u2502\u2502    10,414 rows    \u2502          \u2502\n\u2502      (0.00s)      \u2502\u2502      (0.00s)      \u2502          \u2502\n\u2514\u2500\u2500\u2500\u2500\u2500\u2500\u2500\u2500\u2500\u2500\u2500\u2500\u2500\u2500\u2500\u2500\u2500\u2500\u2500\u2518\u2514\u2500\u2500\u2500\u2500\u2500\u2500\u2500\u2500\u2500\u252c\u2500\u2500\u2500\u2500\u2500\u2500\u2500\u2500\u2500\u2518          \u2502\n                     \u250c\u2500\u2500\u2500\u2500\u2500\u2500\u2500\u2500\u2500\u2534\u2500\u2500\u2500\u2500\u2500\u2500\u2500\u2500\u2500\u2510\u250c\u2500\u2500\u2500\u2500\u2500\u2500\u2500\u2500\u2500\u2534\u2500\u2500\u2500\u2500\u2500\u2500\u2500\u2500\u2500\u2510\n                     \u2502     TABLE_SCAN    \u2502\u2502     HASH_JOIN     \u2502\n                     \u2502    \u2500\u2500\u2500\u2500\u2500\u2500\u2500\u2500\u2500\u2500\u2500\u2500   \u2502\u2502    \u2500\u2500\u2500\u2500\u2500\u2500\u2500\u2500\u2500\u2500\u2500\u2500   \u2502\n                     \u2502       Table:      \u2502\u2502     Join Type:    \u2502\n                     \u2502  customer_address \u2502\u2502       INNER       \u2502\n                     \u2502                   \u2502\u2502                   \u2502\n                     \u2502       Type:       \u2502\u2502    Conditions:    \u2502\n                     \u2502  Sequential Scan  \u2502\u2502  ss_customer_sk = \u2502\n                     \u2502                   \u2502\u2502    c_customer_sk  \u251c\u2500\u2500\u2500\u2500\u2500\u2500\u2500\u2500\u2500\u2500\u2500\u2500\u2500\u2500\u2500\u2500\u2500\u2500\u2500\u2500\u2500\u2500\u2500\u2500\u2500\u2500\u2500\u2500\u2500\u2500\u2500\u2500\u2500\u2500\u2500\u2500\u2500\u2500\u2500\u2500\u2500\u2500\u2500\u2500\u2500\u2500\u2500\u2500\u2500\u2500\u2500\u2500\u2500\u2500\u2500\u2500\u2500\u2500\u2500\u2500\u2500\u2500\u2500\u2500\u2500\u2500\u2500\u2500\u2500\u2500\u2500\u2500\u2500\u2510\n                     \u2502    Projections:   \u2502\u2502                   \u2502                                                                         \u2502\n                     \u2502   ca_address_sk   \u2502\u2502                   \u2502                                                                         \u2502\n                     \u2502     ca_county     \u2502\u2502                   \u2502                                                                         \u2502\n                     \u2502      ca_state     \u2502\u2502                   \u2502                                                                         \u2502\n                     \u2502                   \u2502\u2502                   \u2502                                                                         \u2502\n                     \u2502    249,439 rows   \u2502\u2502    10,414 rows    \u2502                                                                         \u2502\n                     \u2502      (0.01s)      \u2502\u2502      (0.02s)      \u2502                                                                         \u2502\n                     \u2514\u2500\u2500\u2500\u2500\u2500\u2500\u2500\u2500\u2500\u2500\u2500\u2500\u2500\u2500\u2500\u2500\u2500\u2500\u2500\u2518\u2514\u2500\u2500\u2500\u2500\u2500\u2500\u2500\u2500\u2500\u252c\u2500\u2500\u2500\u2500\u2500\u2500\u2500\u2500\u2500\u2518                                                                         \u2502\n                                          \u250c\u2500\u2500\u2500\u2500\u2500\u2500\u2500\u2500\u2500\u2534\u2500\u2500\u2500\u2500\u2500\u2500\u2500\u2500\u2500\u2510                                                               \u250c\u2500\u2500\u2500\u2500\u2500\u2500\u2500\u2500\u2500\u2534\u2500\u2500\u2500\u2500\u2500\u2500\u2500\u2500\u2500\u2510\n                                          \u2502     HASH_JOIN     \u2502                                                               \u2502   HASH_GROUP_BY   \u2502\n                                          \u2502    \u2500\u2500\u2500\u2500\u2500\u2500\u2500\u2500\u2500\u2500\u2500\u2500   \u2502                                                               \u2502    \u2500\u2500\u2500\u2500\u2500\u2500\u2500\u2500\u2500\u2500\u2500\u2500   \u2502\n                                          \u2502     Join Type:    \u2502                                                               \u2502      Groups:      \u2502\n                                          \u2502       INNER       \u2502                                                               \u2502         #0        \u2502\n                                          \u2502                   \u2502                                                               \u2502         #1        \u2502\n                                          \u2502    Conditions:    \u251c\u2500\u2500\u2500\u2500\u2500\u2500\u2500\u2500\u2500\u2500\u2510                                                    \u2502                   \u2502\n                                          \u2502 ss_sold_date_sk = \u2502          \u2502                                                    \u2502                   \u2502\n                                          \u2502      d_date_sk    \u2502          \u2502                                                    \u2502                   \u2502\n                                          \u2502                   \u2502          \u2502                                                    \u2502                   \u2502\n                                          \u2502   1,093,819 rows  \u2502          \u2502                                                    \u2502     4,605 rows    \u2502\n                                          \u2502      (0.03s)      \u2502          \u2502                                                    \u2502      (0.00s)      \u2502\n                                          \u2514\u2500\u2500\u2500\u2500\u2500\u2500\u2500\u2500\u2500\u252c\u2500\u2500\u2500\u2500\u2500\u2500\u2500\u2500\u2500\u2518          \u2502                                                    \u2514\u2500\u2500\u2500\u2500\u2500\u2500\u2500\u2500\u2500\u252c\u2500\u2500\u2500\u2500\u2500\u2500\u2500\u2500\u2500\u2518\n                                          \u250c\u2500\u2500\u2500\u2500\u2500\u2500\u2500\u2500\u2500\u2534\u2500\u2500\u2500\u2500\u2500\u2500\u2500\u2500\u2500\u2510\u250c\u2500\u2500\u2500\u2500\u2500\u2500\u2500\u2500\u2500\u2534\u2500\u2500\u2500\u2500\u2500\u2500\u2500\u2500\u2500\u2510                                          \u250c\u2500\u2500\u2500\u2500\u2500\u2500\u2500\u2500\u2500\u2534\u2500\u2500\u2500\u2500\u2500\u2500\u2500\u2500\u2500\u2510\n                                          \u2502     TABLE_SCAN    \u2502\u2502  NESTED_LOOP_JOIN \u2502                                          \u2502     PROJECTION    \u2502\n                                          \u2502    \u2500\u2500\u2500\u2500\u2500\u2500\u2500\u2500\u2500\u2500\u2500\u2500   \u2502\u2502    \u2500\u2500\u2500\u2500\u2500\u2500\u2500\u2500\u2500\u2500\u2500\u2500   \u2502                                          \u2502    \u2500\u2500\u2500\u2500\u2500\u2500\u2500\u2500\u2500\u2500\u2500\u2500   \u2502\n                                          \u2502       Table:      \u2502\u2502     Join Type:    \u2502                                          \u2502   c_customer_sk   \u2502\n                                          \u2502    store_sales    \u2502\u2502       INNER       \u2502                                          \u2502 c_current_addr_sk \u2502\n                                          \u2502                   \u2502\u2502                   \u2502                                          \u2502                   \u2502\n                                          \u2502       Type:       \u2502\u2502    Conditions:    \u2502                                          \u2502                   \u2502\n                                          \u2502  Sequential Scan  \u2502\u2502   d_month_seq <=  \u2502                                          \u2502                   \u2502\n                                          \u2502                   \u2502\u2502      SUBQUERY     \u251c\u2500\u2500\u2500\u2500\u2500\u2500\u2500\u2500\u2500\u2500\u2500\u2500\u2500\u2500\u2500\u2500\u2500\u2500\u2500\u2500\u2500\u2500\u2500\u2500\u2500\u2500\u2500\u2500\u2500\u2500\u2500\u2510          \u2502                   \u2502\n                                          \u2502    Projections:   \u2502\u2502                   \u2502                               \u2502          \u2502                   \u2502\n                                          \u2502  ss_sold_date_sk  \u2502\u2502                   \u2502                               \u2502          \u2502                   \u2502\n                                          \u2502   ss_customer_sk  \u2502\u2502                   \u2502                               \u2502          \u2502                   \u2502\n                                          \u2502 ss_ext_sales_price\u2502\u2502                   \u2502                               \u2502          \u2502                   \u2502\n                                          \u2502                   \u2502\u2502                   \u2502                               \u2502          \u2502                   \u2502\n                                          \u2502   1,093,819 rows  \u2502\u2502      92 rows      \u2502                               \u2502          \u2502     5,270 rows    \u2502\n                                          \u2502      (8.60s)      \u2502\u2502      (0.00s)      \u2502                               \u2502          \u2502      (0.00s)      \u2502\n                                          \u2514\u2500\u2500\u2500\u2500\u2500\u2500\u2500\u2500\u2500\u2500\u2500\u2500\u2500\u2500\u2500\u2500\u2500\u2500\u2500\u2518\u2514\u2500\u2500\u2500\u2500\u2500\u2500\u2500\u2500\u2500\u252c\u2500\u2500\u2500\u2500\u2500\u2500\u2500\u2500\u2500\u2518                               \u2502          \u2514\u2500\u2500\u2500\u2500\u2500\u2500\u2500\u2500\u2500\u252c\u2500\u2500\u2500\u2500\u2500\u2500\u2500\u2500\u2500\u2518\n                                                               \u250c\u2500\u2500\u2500\u2500\u2500\u2500\u2500\u2500\u2500\u2534\u2500\u2500\u2500\u2500\u2500\u2500\u2500\u2500\u2500\u2510                     \u250c\u2500\u2500\u2500\u2500\u2500\u2500\u2500\u2500\u2500\u2534\u2500\u2500\u2500\u2500\u2500\u2500\u2500\u2500\u2500\u2510\u250c\u2500\u2500\u2500\u2500\u2500\u2500\u2500\u2500\u2500\u2534\u2500\u2500\u2500\u2500\u2500\u2500\u2500\u2500\u2500\u2510\n                                                               \u2502  NESTED_LOOP_JOIN \u2502                     \u2502     PROJECTION    \u2502\u2502     PROJECTION    \u2502\n                                                               \u2502    \u2500\u2500\u2500\u2500\u2500\u2500\u2500\u2500\u2500\u2500\u2500\u2500   \u2502                     \u2502    \u2500\u2500\u2500\u2500\u2500\u2500\u2500\u2500\u2500\u2500\u2500\u2500   \u2502\u2502    \u2500\u2500\u2500\u2500\u2500\u2500\u2500\u2500\u2500\u2500\u2500\u2500   \u2502\n                                                               \u2502     Join Type:    \u2502                     \u2502 CASE  WHEN ((#1 > \u2502\u2502   c_customer_sk   \u2502\n                                                               \u2502       INNER       \u2502                     \u2502  1)) THEN (\"error\"\u2502\u2502 c_current_addr_sk \u2502\n                                                               \u2502                   \u2502                     \u2502  ('More than one  \u2502\u2502                   \u2502\n                                                               \u2502    Conditions:    \u2502                     \u2502  row returned by a\u2502\u2502                   \u2502\n                                                               \u2502   d_month_seq >=  \u2502                     \u2502  subquery used as \u2502\u2502                   \u2502\n                                                               \u2502      SUBQUERY     \u2502                     \u2502   an expression - \u2502\u2502                   \u2502\n                                                               \u2502                   \u2502                     \u2502  scalar subqueries\u2502\u2502                   \u2502\n                                                               \u2502                   \u2502                     \u2502  can only return a\u2502\u2502                   \u2502\n                                                               \u2502                   \u2502                     \u2502     single row.   \u2502\u2502                   \u2502\n                                                               \u2502                   \u251c\u2500\u2500\u2500\u2500\u2500\u2500\u2500\u2500\u2500\u2500\u2510          \u2502      Use \"SET     \u2502\u2502                   \u2502\n                                                               \u2502                   \u2502          \u2502          \u2502 scalar_subquery_er\u2502\u2502                   \u2502\n                                                               \u2502                   \u2502          \u2502          \u2502ror_on_multiple_row\u2502\u2502                   \u2502\n                                                               \u2502                   \u2502          \u2502          \u2502 s=false\" to revert\u2502\u2502                   \u2502\n                                                               \u2502                   \u2502          \u2502          \u2502     to previous   \u2502\u2502                   \u2502\n                                                               \u2502                   \u2502          \u2502          \u2502     behavior of   \u2502\u2502                   \u2502\n                                                               \u2502                   \u2502          \u2502          \u2502     returning a   \u2502\u2502                   \u2502\n                                                               \u2502                   \u2502          \u2502          \u2502   random row.'))  \u2502\u2502                   \u2502\n                                                               \u2502                   \u2502          \u2502          \u2502     ELSE #0 END   \u2502\u2502                   \u2502\n                                                               \u2502                   \u2502          \u2502          \u2502                   \u2502\u2502                   \u2502\n                                                               \u2502      92 rows      \u2502          \u2502          \u2502       1 row       \u2502\u2502     5,270 rows    \u2502\n                                                               \u2502      (0.00s)      \u2502          \u2502          \u2502      (0.00s)      \u2502\u2502      (0.00s)      \u2502\n                                                               \u2514\u2500\u2500\u2500\u2500\u2500\u2500\u2500\u2500\u2500\u252c\u2500\u2500\u2500\u2500\u2500\u2500\u2500\u2500\u2500\u2518          \u2502          \u2514\u2500\u2500\u2500\u2500\u2500\u2500\u2500\u2500\u2500\u252c\u2500\u2500\u2500\u2500\u2500\u2500\u2500\u2500\u2500\u2518\u2514\u2500\u2500\u2500\u2500\u2500\u2500\u2500\u2500\u2500\u252c\u2500\u2500\u2500\u2500\u2500\u2500\u2500\u2500\u2500\u2518\n                                                               \u250c\u2500\u2500\u2500\u2500\u2500\u2500\u2500\u2500\u2500\u2534\u2500\u2500\u2500\u2500\u2500\u2500\u2500\u2500\u2500\u2510\u250c\u2500\u2500\u2500\u2500\u2500\u2500\u2500\u2500\u2500\u2534\u2500\u2500\u2500\u2500\u2500\u2500\u2500\u2500\u2500\u2510\u250c\u2500\u2500\u2500\u2500\u2500\u2500\u2500\u2500\u2500\u2534\u2500\u2500\u2500\u2500\u2500\u2500\u2500\u2500\u2500\u2510\u250c\u2500\u2500\u2500\u2500\u2500\u2500\u2500\u2500\u2500\u2534\u2500\u2500\u2500\u2500\u2500\u2500\u2500\u2500\u2500\u2510\n                                                               \u2502     TABLE_SCAN    \u2502\u2502     PROJECTION    \u2502\u2502UNGROUPED_AGGREGATE\u2502\u2502     HASH_JOIN     \u2502\n                                                               \u2502    \u2500\u2500\u2500\u2500\u2500\u2500\u2500\u2500\u2500\u2500\u2500\u2500   \u2502\u2502    \u2500\u2500\u2500\u2500\u2500\u2500\u2500\u2500\u2500\u2500\u2500\u2500   \u2502\u2502    \u2500\u2500\u2500\u2500\u2500\u2500\u2500\u2500\u2500\u2500\u2500\u2500   \u2502\u2502    \u2500\u2500\u2500\u2500\u2500\u2500\u2500\u2500\u2500\u2500\u2500\u2500   \u2502\n                                                               \u2502       Table:      \u2502\u2502 CASE  WHEN ((#1 > \u2502\u2502    Aggregates:    \u2502\u2502     Join Type:    \u2502\n                                                               \u2502      date_dim     \u2502\u2502  1)) THEN (\"error\"\u2502\u2502    \"first\"(#0)    \u2502\u2502       INNER       \u2502\n                                                               \u2502                   \u2502\u2502  ('More than one  \u2502\u2502    count_star()   \u2502\u2502                   \u2502\n                                                               \u2502       Type:       \u2502\u2502  row returned by a\u2502\u2502                   \u2502\u2502    Conditions:    \u2502\n                                                               \u2502  Sequential Scan  \u2502\u2502  subquery used as \u2502\u2502                   \u2502\u2502  c_customer_sk =  \u2502\n                                                               \u2502                   \u2502\u2502   an expression - \u2502\u2502                   \u2502\u2502     customer_sk   \u2502\n                                                               \u2502    Projections:   \u2502\u2502  scalar subqueries\u2502\u2502                   \u2502\u2502                   \u2502\n                                                               \u2502     d_date_sk     \u2502\u2502  can only return a\u2502\u2502                   \u2502\u2502                   \u2502\n                                                               \u2502    d_month_seq    \u2502\u2502     single row.   \u2502\u2502                   \u2502\u2502                   \u2502\n                                                               \u2502                   \u2502\u2502      Use \"SET     \u2502\u2502                   \u2502\u2502                   \u251c\u2500\u2500\u2500\u2500\u2500\u2500\u2500\u2500\u2500\u2500\u2510\n                                                               \u2502      Filters:     \u2502\u2502 scalar_subquery_er\u2502\u2502                   \u2502\u2502                   \u2502          \u2502\n                                                               \u2502 d_date_sk>=2450816\u2502\u2502ror_on_multiple_row\u2502\u2502                   \u2502\u2502                   \u2502          \u2502\n                                                               \u2502   AND d_date_sk<  \u2502\u2502 s=false\" to revert\u2502\u2502                   \u2502\u2502                   \u2502          \u2502\n                                                               \u2502      =2452642     \u2502\u2502     to previous   \u2502\u2502                   \u2502\u2502                   \u2502          \u2502\n                                                               \u2502                   \u2502\u2502     behavior of   \u2502\u2502                   \u2502\u2502                   \u2502          \u2502\n                                                               \u2502                   \u2502\u2502     returning a   \u2502\u2502                   \u2502\u2502                   \u2502          \u2502\n                                                               \u2502                   \u2502\u2502   random row.'))  \u2502\u2502                   \u2502\u2502                   \u2502          \u2502\n                                                               \u2502                   \u2502\u2502     ELSE #0 END   \u2502\u2502                   \u2502\u2502                   \u2502          \u2502\n                                                               \u2502                   \u2502\u2502                   \u2502\u2502                   \u2502\u2502                   \u2502          \u2502\n                                                               \u2502      92 rows      \u2502\u2502       1 row       \u2502\u2502       1 row       \u2502\u2502     5,270 rows    \u2502          \u2502\n                                                               \u2502      (0.00s)      \u2502\u2502      (0.00s)      \u2502\u2502      (0.00s)      \u2502\u2502      (0.01s)      \u2502          \u2502\n                                                               \u2514\u2500\u2500\u2500\u2500\u2500\u2500\u2500\u2500\u2500\u2500\u2500\u2500\u2500\u2500\u2500\u2500\u2500\u2500\u2500\u2518\u2514\u2500\u2500\u2500\u2500\u2500\u2500\u2500\u2500\u2500\u252c\u2500\u2500\u2500\u2500\u2500\u2500\u2500\u2500\u2500\u2518\u2514\u2500\u2500\u2500\u2500\u2500\u2500\u2500\u2500\u2500\u252c\u2500\u2500\u2500\u2500\u2500\u2500\u2500\u2500\u2500\u2518\u2514\u2500\u2500\u2500\u2500\u2500\u2500\u2500\u2500\u2500\u252c\u2500\u2500\u2500\u2500\u2500\u2500\u2500\u2500\u2500\u2518          \u2502\n                                                                                    \u250c\u2500\u2500\u2500\u2500\u2500\u2500\u2500\u2500\u2500\u2534\u2500\u2500\u2500\u2500\u2500\u2500\u2500\u2500\u2500\u2510\u250c\u2500\u2500\u2500\u2500\u2500\u2500\u2500\u2500\u2500\u2534\u2500\u2500\u2500\u2500\u2500\u2500\u2500\u2500\u2500\u2510\u250c\u2500\u2500\u2500\u2500\u2500\u2500\u2500\u2500\u2500\u2534\u2500\u2500\u2500\u2500\u2500\u2500\u2500\u2500\u2500\u2510\u250c\u2500\u2500\u2500\u2500\u2500\u2500\u2500\u2500\u2500\u2534\u2500\u2500\u2500\u2500\u2500\u2500\u2500\u2500\u2500\u2510\n                                                                                    \u2502UNGROUPED_AGGREGATE\u2502\u2502     PROJECTION    \u2502\u2502     TABLE_SCAN    \u2502\u2502     HASH_JOIN     \u2502\n                                                                                    \u2502    \u2500\u2500\u2500\u2500\u2500\u2500\u2500\u2500\u2500\u2500\u2500\u2500   \u2502\u2502    \u2500\u2500\u2500\u2500\u2500\u2500\u2500\u2500\u2500\u2500\u2500\u2500   \u2502\u2502    \u2500\u2500\u2500\u2500\u2500\u2500\u2500\u2500\u2500\u2500\u2500\u2500   \u2502\u2502    \u2500\u2500\u2500\u2500\u2500\u2500\u2500\u2500\u2500\u2500\u2500\u2500   \u2502\n                                                                                    \u2502    Aggregates:    \u2502\u2502         #0        \u2502\u2502       Table:      \u2502\u2502     Join Type:    \u2502\n                                                                                    \u2502    \"first\"(#0)    \u2502\u2502                   \u2502\u2502      customer     \u2502\u2502       INNER       \u2502\n                                                                                    \u2502    count_star()   \u2502\u2502                   \u2502\u2502                   \u2502\u2502                   \u2502\n                                                                                    \u2502                   \u2502\u2502                   \u2502\u2502       Type:       \u2502\u2502    Conditions:    \u2502\n                                                                                    \u2502                   \u2502\u2502                   \u2502\u2502  Sequential Scan  \u2502\u2502item_sk = i_item_sk\u2502\n                                                                                    \u2502                   \u2502\u2502                   \u2502\u2502                   \u2502\u2502                   \u251c\u2500\u2500\u2500\u2500\u2500\u2500\u2500\u2500\u2500\u2500\u2500\u2500\u2500\u2500\u2500\u2500\u2500\u2500\u2500\u2500\u2500\u2500\u2500\u2500\u2500\u2500\u2500\u2500\u2500\u2500\u2500\u2500\u2500\u2500\u2500\u2500\u2500\u2500\u2500\u2500\u2500\u2500\u2500\u2500\u2500\u2500\u2500\u2500\u2500\u2500\u2500\u2500\u2510\n                                                                                    \u2502                   \u2502\u2502                   \u2502\u2502    Projections:   \u2502\u2502                   \u2502                                                    \u2502\n                                                                                    \u2502                   \u2502\u2502                   \u2502\u2502   c_customer_sk   \u2502\u2502                   \u2502                                                    \u2502\n                                                                                    \u2502                   \u2502\u2502                   \u2502\u2502 c_current_addr_sk \u2502\u2502                   \u2502                                                    \u2502\n                                                                                    \u2502                   \u2502\u2502                   \u2502\u2502                   \u2502\u2502                   \u2502                                                    \u2502\n                                                                                    \u2502       1 row       \u2502\u2502       1 row       \u2502\u2502    499,111 rows   \u2502\u2502     5,281 rows    \u2502                                                    \u2502\n                                                                                    \u2502      (0.00s)      \u2502\u2502      (0.00s)      \u2502\u2502      (0.02s)      \u2502\u2502      (0.00s)      \u2502                                                    \u2502\n                                                                                    \u2514\u2500\u2500\u2500\u2500\u2500\u2500\u2500\u2500\u2500\u252c\u2500\u2500\u2500\u2500\u2500\u2500\u2500\u2500\u2500\u2518\u2514\u2500\u2500\u2500\u2500\u2500\u2500\u2500\u2500\u2500\u252c\u2500\u2500\u2500\u2500\u2500\u2500\u2500\u2500\u2500\u2518\u2514\u2500\u2500\u2500\u2500\u2500\u2500\u2500\u2500\u2500\u2500\u2500\u2500\u2500\u2500\u2500\u2500\u2500\u2500\u2500\u2518\u2514\u2500\u2500\u2500\u2500\u2500\u2500\u2500\u2500\u2500\u252c\u2500\u2500\u2500\u2500\u2500\u2500\u2500\u2500\u2500\u2518                                                    \u2502\n                                                                                    \u250c\u2500\u2500\u2500\u2500\u2500\u2500\u2500\u2500\u2500\u2534\u2500\u2500\u2500\u2500\u2500\u2500\u2500\u2500\u2500\u2510\u250c\u2500\u2500\u2500\u2500\u2500\u2500\u2500\u2500\u2500\u2534\u2500\u2500\u2500\u2500\u2500\u2500\u2500\u2500\u2500\u2510                     \u250c\u2500\u2500\u2500\u2500\u2500\u2500\u2500\u2500\u2500\u2534\u2500\u2500\u2500\u2500\u2500\u2500\u2500\u2500\u2500\u2510                                          \u250c\u2500\u2500\u2500\u2500\u2500\u2500\u2500\u2500\u2500\u2534\u2500\u2500\u2500\u2500\u2500\u2500\u2500\u2500\u2500\u2510\n                                                                                    \u2502     PROJECTION    \u2502\u2502     PROJECTION    \u2502                     \u2502     HASH_JOIN     \u2502                                          \u2502     TABLE_SCAN    \u2502\n                                                                                    \u2502    \u2500\u2500\u2500\u2500\u2500\u2500\u2500\u2500\u2500\u2500\u2500\u2500   \u2502\u2502    \u2500\u2500\u2500\u2500\u2500\u2500\u2500\u2500\u2500\u2500\u2500\u2500   \u2502                     \u2502    \u2500\u2500\u2500\u2500\u2500\u2500\u2500\u2500\u2500\u2500\u2500\u2500   \u2502                                          \u2502    \u2500\u2500\u2500\u2500\u2500\u2500\u2500\u2500\u2500\u2500\u2500\u2500   \u2502\n                                                                                    \u2502         #0        \u2502\u2502__internal_decompre\u2502                     \u2502     Join Type:    \u2502                                          \u2502    Table: item    \u2502\n                                                                                    \u2502                   \u2502\u2502ss_integral_integer\u2502                     \u2502       INNER       \u2502                                          \u2502                   \u2502\n                                                                                    \u2502                   \u2502\u2502      (#0, 3)      \u2502                     \u2502                   \u2502                                          \u2502       Type:       \u2502\n                                                                                    \u2502                   \u2502\u2502                   \u2502                     \u2502    Conditions:    \u2502                                          \u2502  Sequential Scan  \u2502\n                                                                                    \u2502                   \u2502\u2502                   \u2502                     \u2502   sold_date_sk =  \u2502                                          \u2502                   \u2502\n                                                                                    \u2502                   \u2502\u2502                   \u2502                     \u2502      d_date_sk    \u2502                                          \u2502    Projections:   \u2502\n                                                                                    \u2502                   \u2502\u2502                   \u2502                     \u2502                   \u251c\u2500\u2500\u2500\u2500\u2500\u2500\u2500\u2500\u2500\u2500\u2500\u2500\u2500\u2500\u2500\u2500\u2500\u2500\u2500\u2500\u2500\u2500\u2500\u2500\u2500\u2500\u2500\u2500\u2500\u2500\u2500\u2510          \u2502     i_item_sk     \u2502\n                                                                                    \u2502                   \u2502\u2502                   \u2502                     \u2502                   \u2502                               \u2502          \u2502                   \u2502\n                                                                                    \u2502                   \u2502\u2502                   \u2502                     \u2502                   \u2502                               \u2502          \u2502      Filters:     \u2502\n                                                                                    \u2502                   \u2502\u2502                   \u2502                     \u2502                   \u2502                               \u2502          \u2502 i_category='Women'\u2502\n                                                                                    \u2502                   \u2502\u2502                   \u2502                     \u2502                   \u2502                               \u2502          \u2502i_class='maternity'\u2502\n                                                                                    \u2502                   \u2502\u2502                   \u2502                     \u2502                   \u2502                               \u2502          \u2502                   \u2502\n                                                                                    \u2502       1 row       \u2502\u2502       1 row       \u2502                     \u2502    212,553 rows   \u2502                               \u2502          \u2502     2,566 rows    \u2502\n                                                                                    \u2502      (0.00s)      \u2502\u2502      (0.00s)      \u2502                     \u2502      (0.01s)      \u2502                               \u2502          \u2502      (0.01s)      \u2502\n                                                                                    \u2514\u2500\u2500\u2500\u2500\u2500\u2500\u2500\u2500\u2500\u252c\u2500\u2500\u2500\u2500\u2500\u2500\u2500\u2500\u2500\u2518\u2514\u2500\u2500\u2500\u2500\u2500\u2500\u2500\u2500\u2500\u252c\u2500\u2500\u2500\u2500\u2500\u2500\u2500\u2500\u2500\u2518                     \u2514\u2500\u2500\u2500\u2500\u2500\u2500\u2500\u2500\u2500\u252c\u2500\u2500\u2500\u2500\u2500\u2500\u2500\u2500\u2500\u2518                               \u2502          \u2514\u2500\u2500\u2500\u2500\u2500\u2500\u2500\u2500\u2500\u2500\u2500\u2500\u2500\u2500\u2500\u2500\u2500\u2500\u2500\u2518\n                                                                                    \u250c\u2500\u2500\u2500\u2500\u2500\u2500\u2500\u2500\u2500\u2534\u2500\u2500\u2500\u2500\u2500\u2500\u2500\u2500\u2500\u2510\u250c\u2500\u2500\u2500\u2500\u2500\u2500\u2500\u2500\u2500\u2534\u2500\u2500\u2500\u2500\u2500\u2500\u2500\u2500\u2500\u2510                     \u250c\u2500\u2500\u2500\u2500\u2500\u2500\u2500\u2500\u2500\u2534\u2500\u2500\u2500\u2500\u2500\u2500\u2500\u2500\u2500\u2510                     \u250c\u2500\u2500\u2500\u2500\u2500\u2500\u2500\u2500\u2500\u2534\u2500\u2500\u2500\u2500\u2500\u2500\u2500\u2500\u2500\u2510\n                                                                                    \u2502     PROJECTION    \u2502\u2502   HASH_GROUP_BY   \u2502                     \u2502       UNION       \u2502                     \u2502       FILTER      \u2502\n                                                                                    \u2502    \u2500\u2500\u2500\u2500\u2500\u2500\u2500\u2500\u2500\u2500\u2500\u2500   \u2502\u2502    \u2500\u2500\u2500\u2500\u2500\u2500\u2500\u2500\u2500\u2500\u2500\u2500   \u2502                     \u2502    \u2500\u2500\u2500\u2500\u2500\u2500\u2500\u2500\u2500\u2500\u2500\u2500   \u2502                     \u2502    \u2500\u2500\u2500\u2500\u2500\u2500\u2500\u2500\u2500\u2500\u2500\u2500   \u2502\n                                                                                    \u2502__internal_decompre\u2502\u2502     Groups: #0    \u2502                     \u2502                   \u2502                     \u2502 (d_date_sk BETWEEN\u2502\n                                                                                    \u2502ss_integral_integer\u2502\u2502                   \u2502                     \u2502                   \u2502                     \u2502     2450815 AND   \u2502\n                                                                                    \u2502      (#0, 1)      \u2502\u2502                   \u2502                     \u2502                   \u251c\u2500\u2500\u2500\u2500\u2500\u2500\u2500\u2500\u2500\u2500\u2510          \u2502      2452653)     \u2502\n                                                                                    \u2502                   \u2502\u2502                   \u2502                     \u2502                   \u2502          \u2502          \u2502                   \u2502\n                                                                                    \u2502       1 row       \u2502\u2502       1 row       \u2502                     \u2502       0 rows      \u2502          \u2502          \u2502      31 rows      \u2502\n                                                                                    \u2502      (0.00s)      \u2502\u2502      (0.00s)      \u2502                     \u2502      (0.00s)      \u2502          \u2502          \u2502      (0.00s)      \u2502\n                                                                                    \u2514\u2500\u2500\u2500\u2500\u2500\u2500\u2500\u2500\u2500\u252c\u2500\u2500\u2500\u2500\u2500\u2500\u2500\u2500\u2500\u2518\u2514\u2500\u2500\u2500\u2500\u2500\u2500\u2500\u2500\u2500\u252c\u2500\u2500\u2500\u2500\u2500\u2500\u2500\u2500\u2500\u2518                     \u2514\u2500\u2500\u2500\u2500\u2500\u2500\u2500\u2500\u2500\u252c\u2500\u2500\u2500\u2500\u2500\u2500\u2500\u2500\u2500\u2518          \u2502          \u2514\u2500\u2500\u2500\u2500\u2500\u2500\u2500\u2500\u2500\u252c\u2500\u2500\u2500\u2500\u2500\u2500\u2500\u2500\u2500\u2518\n                                                                                    \u250c\u2500\u2500\u2500\u2500\u2500\u2500\u2500\u2500\u2500\u2534\u2500\u2500\u2500\u2500\u2500\u2500\u2500\u2500\u2500\u2510\u250c\u2500\u2500\u2500\u2500\u2500\u2500\u2500\u2500\u2500\u2534\u2500\u2500\u2500\u2500\u2500\u2500\u2500\u2500\u2500\u2510                     \u250c\u2500\u2500\u2500\u2500\u2500\u2500\u2500\u2500\u2500\u2534\u2500\u2500\u2500\u2500\u2500\u2500\u2500\u2500\u2500\u2510\u250c\u2500\u2500\u2500\u2500\u2500\u2500\u2500\u2500\u2500\u2534\u2500\u2500\u2500\u2500\u2500\u2500\u2500\u2500\u2500\u2510\u250c\u2500\u2500\u2500\u2500\u2500\u2500\u2500\u2500\u2500\u2534\u2500\u2500\u2500\u2500\u2500\u2500\u2500\u2500\u2500\u2510\n                                                                                    \u2502   HASH_GROUP_BY   \u2502\u2502     PROJECTION    \u2502                     \u2502     TABLE_SCAN    \u2502\u2502     TABLE_SCAN    \u2502\u2502     TABLE_SCAN    \u2502\n                                                                                    \u2502    \u2500\u2500\u2500\u2500\u2500\u2500\u2500\u2500\u2500\u2500\u2500\u2500   \u2502\u2502    \u2500\u2500\u2500\u2500\u2500\u2500\u2500\u2500\u2500\u2500\u2500\u2500   \u2502                     \u2502    \u2500\u2500\u2500\u2500\u2500\u2500\u2500\u2500\u2500\u2500\u2500\u2500   \u2502\u2502    \u2500\u2500\u2500\u2500\u2500\u2500\u2500\u2500\u2500\u2500\u2500\u2500   \u2502\u2502    \u2500\u2500\u2500\u2500\u2500\u2500\u2500\u2500\u2500\u2500\u2500\u2500   \u2502\n                                                                                    \u2502     Groups: #0    \u2502\u2502 (d_month_seq + 3) \u2502                     \u2502       Table:      \u2502\u2502       Table:      \u2502\u2502       Table:      \u2502\n                                                                                    \u2502                   \u2502\u2502                   \u2502                     \u2502   catalog_sales   \u2502\u2502     web_sales     \u2502\u2502      date_dim     \u2502\n                                                                                    \u2502                   \u2502\u2502                   \u2502                     \u2502                   \u2502\u2502                   \u2502\u2502                   \u2502\n                                                                                    \u2502                   \u2502\u2502                   \u2502                     \u2502       Type:       \u2502\u2502       Type:       \u2502\u2502       Type:       \u2502\n                                                                                    \u2502                   \u2502\u2502                   \u2502                     \u2502  Sequential Scan  \u2502\u2502  Sequential Scan  \u2502\u2502  Sequential Scan  \u2502\n                                                                                    \u2502                   \u2502\u2502                   \u2502                     \u2502                   \u2502\u2502                   \u2502\u2502                   \u2502\n                                                                                    \u2502                   \u2502\u2502                   \u2502                     \u2502    Projections:   \u2502\u2502    Projections:   \u2502\u2502    Projections:   \u2502\n                                                                                    \u2502                   \u2502\u2502                   \u2502                     \u2502  cs_sold_date_sk  \u2502\u2502  ws_sold_date_sk  \u2502\u2502     d_date_sk     \u2502\n                                                                                    \u2502                   \u2502\u2502                   \u2502                     \u2502cs_bill_customer_sk\u2502\u2502ws_bill_customer_sk\u2502\u2502                   \u2502\n                                                                                    \u2502                   \u2502\u2502                   \u2502                     \u2502     cs_item_sk    \u2502\u2502     ws_item_sk    \u2502\u2502      Filters:     \u2502\n                                                                                    \u2502                   \u2502\u2502                   \u2502                     \u2502                   \u2502\u2502                   \u2502\u2502      d_moy=5      \u2502\n                                                                                    \u2502                   \u2502\u2502                   \u2502                     \u2502                   \u2502\u2502                   \u2502\u2502    d_year=1998    \u2502\n                                                                                    \u2502                   \u2502\u2502                   \u2502                     \u2502                   \u2502\u2502                   \u2502\u2502                   \u2502\n                                                                                    \u2502       1 row       \u2502\u2502      31 rows      \u2502                     \u2502    141,458 rows   \u2502\u2502    71,095 rows    \u2502\u2502      31 rows      \u2502\n                                                                                    \u2502      (0.00s)      \u2502\u2502      (0.00s)      \u2502                     \u2502      (0.04s)      \u2502\u2502      (1.71s)      \u2502\u2502      (0.00s)      \u2502\n                                                                                    \u2514\u2500\u2500\u2500\u2500\u2500\u2500\u2500\u2500\u2500\u252c\u2500\u2500\u2500\u2500\u2500\u2500\u2500\u2500\u2500\u2518\u2514\u2500\u2500\u2500\u2500\u2500\u2500\u2500\u2500\u2500\u252c\u2500\u2500\u2500\u2500\u2500\u2500\u2500\u2500\u2500\u2518                     \u2514\u2500\u2500\u2500\u2500\u2500\u2500\u2500\u2500\u2500\u2500\u2500\u2500\u2500\u2500\u2500\u2500\u2500\u2500\u2500\u2518\u2514\u2500\u2500\u2500\u2500\u2500\u2500\u2500\u2500\u2500\u2500\u2500\u2500\u2500\u2500\u2500\u2500\u2500\u2500\u2500\u2518\u2514\u2500\u2500\u2500\u2500\u2500\u2500\u2500\u2500\u2500\u2500\u2500\u2500\u2500\u2500\u2500\u2500\u2500\u2500\u2500\u2518\n                                                                                    \u250c\u2500\u2500\u2500\u2500\u2500\u2500\u2500\u2500\u2500\u2534\u2500\u2500\u2500\u2500\u2500\u2500\u2500\u2500\u2500\u2510\u250c\u2500\u2500\u2500\u2500\u2500\u2500\u2500\u2500\u2500\u2534\u2500\u2500\u2500\u2500\u2500\u2500\u2500\u2500\u2500\u2510\n                                                                                    \u2502     PROJECTION    \u2502\u2502     PROJECTION    \u2502\n                                                                                    \u2502    \u2500\u2500\u2500\u2500\u2500\u2500\u2500\u2500\u2500\u2500\u2500\u2500   \u2502\u2502    \u2500\u2500\u2500\u2500\u2500\u2500\u2500\u2500\u2500\u2500\u2500\u2500   \u2502\n                                                                                    \u2502 (d_month_seq + 1) \u2502\u2502__internal_compress\u2502\n                                                                                    \u2502                   \u2502\u2502_integral_usmallint\u2502\n                                                                                    \u2502                   \u2502\u2502      (#0, 3)      \u2502\n                                                                                    \u2502                   \u2502\u2502                   \u2502\n                                                                                    \u2502      31 rows      \u2502\u2502      31 rows      \u2502\n                                                                                    \u2502      (0.00s)      \u2502\u2502      (0.00s)      \u2502\n                                                                                    \u2514\u2500\u2500\u2500\u2500\u2500\u2500\u2500\u2500\u2500\u252c\u2500\u2500\u2500\u2500\u2500\u2500\u2500\u2500\u2500\u2518\u2514\u2500\u2500\u2500\u2500\u2500\u2500\u2500\u2500\u2500\u252c\u2500\u2500\u2500\u2500\u2500\u2500\u2500\u2500\u2500\u2518\n                                                                                    \u250c\u2500\u2500\u2500\u2500\u2500\u2500\u2500\u2500\u2500\u2534\u2500\u2500\u2500\u2500\u2500\u2500\u2500\u2500\u2500\u2510\u250c\u2500\u2500\u2500\u2500\u2500\u2500\u2500\u2500\u2500\u2534\u2500\u2500\u2500\u2500\u2500\u2500\u2500\u2500\u2500\u2510\n                                                                                    \u2502     PROJECTION    \u2502\u2502     PROJECTION    \u2502\n                                                                                    \u2502    \u2500\u2500\u2500\u2500\u2500\u2500\u2500\u2500\u2500\u2500\u2500\u2500   \u2502\u2502    \u2500\u2500\u2500\u2500\u2500\u2500\u2500\u2500\u2500\u2500\u2500\u2500   \u2502\n                                                                                    \u2502__internal_compress\u2502\u2502 (d_month_seq + 3) \u2502\n                                                                                    \u2502_integral_usmallint\u2502\u2502                   \u2502\n                                                                                    \u2502      (#0, 1)      \u2502\u2502                   \u2502\n                                                                                    \u2502                   \u2502\u2502                   \u2502\n                                                                                    \u2502      31 rows      \u2502\u2502      31 rows      \u2502\n                                                                                    \u2502      (0.00s)      \u2502\u2502      (0.00s)      \u2502\n                                                                                    \u2514\u2500\u2500\u2500\u2500\u2500\u2500\u2500\u2500\u2500\u252c\u2500\u2500\u2500\u2500\u2500\u2500\u2500\u2500\u2500\u2518\u2514\u2500\u2500\u2500\u2500\u2500\u2500\u2500\u2500\u2500\u252c\u2500\u2500\u2500\u2500\u2500\u2500\u2500\u2500\u2500\u2518\n                                                                                    \u250c\u2500\u2500\u2500\u2500\u2500\u2500\u2500\u2500\u2500\u2534\u2500\u2500\u2500\u2500\u2500\u2500\u2500\u2500\u2500\u2510\u250c\u2500\u2500\u2500\u2500\u2500\u2500\u2500\u2500\u2500\u2534\u2500\u2500\u2500\u2500\u2500\u2500\u2500\u2500\u2500\u2510\n                                                                                    \u2502     PROJECTION    \u2502\u2502     TABLE_SCAN    \u2502\n                                                                                    \u2502    \u2500\u2500\u2500\u2500\u2500\u2500\u2500\u2500\u2500\u2500\u2500\u2500   \u2502\u2502    \u2500\u2500\u2500\u2500\u2500\u2500\u2500\u2500\u2500\u2500\u2500\u2500   \u2502\n                                                                                    \u2502 (d_month_seq + 1) \u2502\u2502       Table:      \u2502\n                                                                                    \u2502                   \u2502\u2502      date_dim     \u2502\n                                                                                    \u2502                   \u2502\u2502                   \u2502\n                                                                                    \u2502                   \u2502\u2502       Type:       \u2502\n                                                                                    \u2502                   \u2502\u2502  Sequential Scan  \u2502\n                                                                                    \u2502                   \u2502\u2502                   \u2502\n                                                                                    \u2502                   \u2502\u2502    Projections:   \u2502\n                                                                                    \u2502                   \u2502\u2502    d_month_seq    \u2502\n                                                                                    \u2502                   \u2502\u2502                   \u2502\n                                                                                    \u2502                   \u2502\u2502      Filters:     \u2502\n                                                                                    \u2502                   \u2502\u2502    d_year=1998    \u2502\n                                                                                    \u2502                   \u2502\u2502      d_moy=5      \u2502\n                                                                                    \u2502                   \u2502\u2502                   \u2502\n                                                                                    \u2502      31 rows      \u2502\u2502      31 rows      \u2502\n                                                                                    \u2502      (0.00s)      \u2502\u2502      (0.00s)      \u2502\n                                                                                    \u2514\u2500\u2500\u2500\u2500\u2500\u2500\u2500\u2500\u2500\u252c\u2500\u2500\u2500\u2500\u2500\u2500\u2500\u2500\u2500\u2518\u2514\u2500\u2500\u2500\u2500\u2500\u2500\u2500\u2500\u2500\u2500\u2500\u2500\u2500\u2500\u2500\u2500\u2500\u2500\u2500\u2518\n                                                                                    \u250c\u2500\u2500\u2500\u2500\u2500\u2500\u2500\u2500\u2500\u2534\u2500\u2500\u2500\u2500\u2500\u2500\u2500\u2500\u2500\u2510\n                                                                                    \u2502     TABLE_SCAN    \u2502\n                                                                                    \u2502    \u2500\u2500\u2500\u2500\u2500\u2500\u2500\u2500\u2500\u2500\u2500\u2500   \u2502\n                                                                                    \u2502       Table:      \u2502\n                                                                                    \u2502      date_dim     \u2502\n                                                                                    \u2502                   \u2502\n                                                                                    \u2502       Type:       \u2502\n                                                                                    \u2502  Sequential Scan  \u2502\n                                                                                    \u2502                   \u2502\n                                                                                    \u2502    Projections:   \u2502\n                                                                                    \u2502    d_month_seq    \u2502\n                                                                                    \u2502                   \u2502\n                                                                                    \u2502      Filters:     \u2502\n                                                                                    \u2502    d_year=1998    \u2502\n                                                                                    \u2502      d_moy=5      \u2502\n                                                                                    \u2502                   \u2502\n                                                                                    \u2502      31 rows      \u2502\n                                                                                    \u2502      (0.00s)      \u2502\n                                                                                    \u2514\u2500\u2500\u2500\u2500\u2500\u2500\u2500\u2500\u2500\u2500\u2500\u2500\u2500\u2500\u2500\u2500\u2500\u2500\u2500\u2518\n",
  "plan_json": {
    "total_bytes_written": 0,
    "total_bytes_read": 0,
    "rows_returned": 0,
    "latency": 0.0,
    "result_set_size": 0,
    "query_name": "",
    "blocked_thread_time": 0.0,
    "system_peak_buffer_memory": 0,
    "system_peak_temp_dir_size": 0,
    "cpu_time": 0.0,
    "extra_info": {},
    "cumulative_cardinality": 0,
    "cumulative_rows_scanned": 0,
    "children": [
      {
        "total_bytes_written": 0,
        "total_bytes_read": 0,
        "result_set_size": 0,
        "operator_name": "EXPLAIN_ANALYZE",
        "cpu_time": 0.0,
        "extra_info": {},
        "cumulative_cardinality": 0,
        "operator_type": "EXPLAIN_ANALYZE",
        "operator_cardinality": 0,
        "cumulative_rows_scanned": 0,
        "operator_rows_scanned": 0,
        "operator_timing": 0.0,
        "children": [
          {
            "total_bytes_written": 0,
            "total_bytes_read": 0,
            "result_set_size": 0,
            "operator_name": "TOP_N",
            "cpu_time": 0.0,
            "extra_info": {
              "Top": "100",
              "Order By": [
                "segments.segment ASC",
                "count_star() ASC"
              ]
            },
            "cumulative_cardinality": 0,
            "operator_type": "TOP_N",
            "operator_cardinality": 0,
            "cumulative_rows_scanned": 0,
            "operator_rows_scanned": 0,
            "operator_timing": 4.64e-07,
            "children": [
              {
                "total_bytes_written": 0,
                "total_bytes_read": 0,
                "result_set_size": 0,
                "operator_name": "PROJECTION",
                "cpu_time": 0.0,
                "extra_info": {
                  "Projections": [
                    "segment",
                    "num_customers",
                    "segment_base"
                  ],
                  "Estimated Cardinality": "0"
                },
                "cumulative_cardinality": 0,
                "operator_type": "PROJECTION",
                "operator_cardinality": 0,
                "cumulative_rows_scanned": 0,
                "operator_rows_scanned": 0,
                "operator_timing": 0.0,
                "children": [
                  {
                    "total_bytes_written": 0,
                    "total_bytes_read": 0,
                    "result_set_size": 0,
                    "operator_name": "HASH_GROUP_BY",
                    "cpu_time": 0.0,
                    "extra_info": {
                      "Groups": "#0",
                      "Aggregates": "count_star()",
                      "Estimated Cardinality": "0"
                    },
                    "cumulative_cardinality": 0,
                    "operator_type": "HASH_GROUP_BY",
                    "operator_cardinality": 0,
                    "cumulative_rows_scanned": 0,
                    "operator_rows_scanned": 0,
                    "operator_timing": 3.03e-07,
                    "children": [
                      {
                        "total_bytes_written": 0,
                        "total_bytes_read": 0,
                        "result_set_size": 0,
                        "operator_name": "PROJECTION",
                        "cpu_time": 0.0,
                        "extra_info": {
                          "Projections": "segment",
                          "Estimated Cardinality": "0"
                        },
                        "cumulative_cardinality": 0,
                        "operator_type": "PROJECTION",
                        "operator_cardinality": 0,
                        "cumulative_rows_scanned": 0,
                        "operator_rows_scanned": 0,
                        "operator_timing": 0.0,
                        "children": [
                          {
                            "total_bytes_written": 0,
                            "total_bytes_read": 0,
                            "result_set_size": 0,
                            "operator_name": "PROJECTION",
                            "cpu_time": 0.0,
                            "extra_info": {
                              "Projections": "segment",
                              "Estimated Cardinality": "0"
                            },
                            "cumulative_cardinality": 0,
                            "operator_type": "PROJECTION",
                            "operator_cardinality": 0,
                            "cumulative_rows_scanned": 0,
                            "operator_rows_scanned": 0,
                            "operator_timing": 0.0,
                            "children": [
                              {
                                "total_bytes_written": 0,
                                "total_bytes_read": 0,
                                "result_set_size": 0,
                                "operator_name": "PROJECTION",
                                "cpu_time": 0.0,
                                "extra_info": {
                                  "Projections": "revenue",
                                  "Estimated Cardinality": "0"
                                },
                                "cumulative_cardinality": 0,
                                "operator_type": "PROJECTION",
                                "operator_cardinality": 0,
                                "cumulative_rows_scanned": 0,
                                "operator_rows_scanned": 0,
                                "operator_timing": 0.0,
                                "children": [
                                  {
                                    "total_bytes_written": 0,
                                    "total_bytes_read": 0,
                                    "result_set_size": 0,
                                    "operator_name": "HASH_GROUP_BY",
                                    "cpu_time": 0.0,
                                    "extra_info": {
                                      "Groups": "#0",
                                      "Aggregates": "sum(#1)",
                                      "Estimated Cardinality": "0"
                                    },
                                    "cumulative_cardinality": 0,
                                    "operator_type": "HASH_GROUP_BY",
                                    "operator_cardinality": 0,
                                    "cumulative_rows_scanned": 0,
                                    "operator_rows_scanned": 0,
                                    "operator_timing": 7.19e-07,
                                    "children": [
                                      {
                                        "total_bytes_written": 0,
                                        "total_bytes_read": 0,
                                        "result_set_size": 0,
                                        "operator_name": "PROJECTION",
                                        "cpu_time": 0.0,
                                        "extra_info": {
                                          "Projections": [
                                            "c_customer_sk",
                                            "ss_ext_sales_price"
                                          ],
                                          "Estimated Cardinality": "0"
                                        },
                                        "cumulative_cardinality": 0,
                                        "operator_type": "PROJECTION",
                                        "operator_cardinality": 0,
                                        "cumulative_rows_scanned": 0,
                                        "operator_rows_scanned": 0,
                                        "operator_timing": 0.0,
                                        "children": [
                                          {
                                            "total_bytes_written": 0,
                                            "total_bytes_read": 0,
                                            "result_set_size": 0,
                                            "operator_name": "PROJECTION",
                                            "cpu_time": 0.0,
                                            "extra_info": {
                                              "Projections": [
                                                "#0",
                                                "__internal_compress_string_uinteger(#1)",
                                                "#3",
                                                "#2"
                                              ],
                                              "Estimated Cardinality": "0"
                                            },
                                            "cumulative_cardinality": 0,
                                            "operator_type": "PROJECTION",
                                            "operator_cardinality": 0,
                                            "cumulative_rows_scanned": 0,
                                            "operator_rows_scanned": 0,
                                            "operator_timing": 0.0,
                                            "children": [
                                              {
                                                "total_bytes_written": 0,
                                                "total_bytes_read": 0,
                                                "result_set_size": 0,
                                                "operator_name": "HASH_JOIN",
                                                "cpu_time": 0.0,
                                                "extra_info": {
                                                  "Join Type": "INNER",
                                                  "Conditions": [
                                                    "s_county = ca_county",
                                                    "s_state = ca_state"
                                                  ],
                                                  "Estimated Cardinality": "0"
                                                },
                                                "cumulative_cardinality": 0,
                                                "operator_type": "HASH_JOIN",
                                                "operator_cardinality": 0,
                                                "cumulative_rows_scanned": 0,
                                                "operator_rows_scanned": 0,
                                                "operator_timing": 0.0013247329999999998,
                                                "children": [
                                                  {
                                                    "total_bytes_written": 0,
                                                    "total_bytes_read": 0,
                                                    "result_set_size": 2112,
                                                    "operator_name": "SEQ_SCAN ",
                                                    "cpu_time": 0.0,
                                                    "extra_info": {
                                                      "Table": "store",
                                                      "Type": "Sequential Scan",
                                                      "Projections": [
                                                        "s_county",
                                                        "s_state"
                                                      ],
                                                      "Estimated Cardinality": "102"
                                                    },
                                                    "cumulative_cardinality": 0,
                                                    "operator_type": "TABLE_SCAN",
                                                    "operator_cardinality": 66,
                                                    "cumulative_rows_scanned": 0,
                                                    "operator_rows_scanned": 102,
                                                    "operator_timing": 1.5515e-05,
                                                    "children": []
                                                  },
                                                  {
                                                    "total_bytes_written": 0,
                                                    "total_bytes_read": 0,
                                                    "result_set_size": 416560,
                                                    "operator_name": "HASH_JOIN",
                                                    "cpu_time": 0.0,
                                                    "extra_info": {
                                                      "Join Type": "INNER",
                                                      "Conditions": "ca_address_sk = c_current_addr_sk",
                                                      "Estimated Cardinality": "13"
                                                    },
                                                    "cumulative_cardinality": 0,
                                                    "operator_type": "HASH_JOIN",
                                                    "operator_cardinality": 10414,
                                                    "cumulative_rows_scanned": 0,
                                                    "operator_rows_scanned": 0,
                                                    "operator_timing": 0.0037842469999999997,
                                                    "children": [
                                                      {
                                                        "total_bytes_written": 0,
                                                        "total_bytes_read": 0,
                                                        "result_set_size": 8979804,
                                                        "operator_name": "SEQ_SCAN ",
                                                        "cpu_time": 0.0,
                                                        "extra_info": {
                                                          "Table": "customer_address",
                                                          "Type": "Sequential Scan",
                                                          "Projections": [
                                                            "ca_address_sk",
                                                            "ca_county",
                                                            "ca_state"
                                                          ],
                                                          "Estimated Cardinality": "250000"
                                                        },
                                                        "cumulative_cardinality": 0,
                                                        "operator_type": "TABLE_SCAN",
                                                        "operator_cardinality": 249439,
                                                        "cumulative_rows_scanned": 0,
                                                        "operator_rows_scanned": 750000,
                                                        "operator_timing": 0.004058432,
                                                        "children": []
                                                      },
                                                      {
                                                        "total_bytes_written": 0,
                                                        "total_bytes_read": 0,
                                                        "result_set_size": 124968,
                                                        "operator_name": "HASH_JOIN",
                                                        "cpu_time": 0.0,
                                                        "extra_info": {
                                                          "Join Type": "INNER",
                                                          "Conditions": "ss_customer_sk = c_customer_sk",
                                                          "Estimated Cardinality": "17"
                                                        },
                                                        "cumulative_cardinality": 0,
                                                        "operator_type": "HASH_JOIN",
                                                        "operator_cardinality": 10414,
                                                        "cumulative_rows_scanned": 0,
                                                        "operator_rows_scanned": 0,
                                                        "operator_timing": 0.022238700000000004,
                                                        "children": [
                                                          {
                                                            "total_bytes_written": 0,
                                                            "total_bytes_read": 0,
                                                            "result_set_size": 26251656,
                                                            "operator_name": "HASH_JOIN",
                                                            "cpu_time": 0.0,
                                                            "extra_info": {
                                                              "Join Type": "INNER",
                                                              "Conditions": "ss_sold_date_sk = d_date_sk",
                                                              "Estimated Cardinality": "3651"
                                                            },
                                                            "cumulative_cardinality": 0,
                                                            "operator_type": "HASH_JOIN",
                                                            "operator_cardinality": 1093819,
                                                            "cumulative_rows_scanned": 0,
                                                            "operator_rows_scanned": 0,
                                                            "operator_timing": 0.046374842,
                                                            "children": [
                                                              {
                                                                "total_bytes_written": 0,
                                                                "total_bytes_read": 0,
                                                                "result_set_size": 13125828,
                                                                "operator_name": "SEQ_SCAN ",
                                                                "cpu_time": 0.0,
                                                                "extra_info": {
                                                                  "Table": "store_sales",
                                                                  "Type": "Sequential Scan",
                                                                  "Projections": [
                                                                    "ss_sold_date_sk",
                                                                    "ss_customer_sk",
                                                                    "ss_ext_sales_price"
                                                                  ],
                                                                  "Estimated Cardinality": "28800991"
                                                                },
                                                                "cumulative_cardinality": 0,
                                                                "operator_type": "TABLE_SCAN",
                                                                "operator_cardinality": 1093819,
                                                                "cumulative_rows_scanned": 0,
                                                                "operator_rows_scanned": 806427748,
                                                                "operator_timing": 0.20954206900000003,
                                                                "children": []
                                                              },
                                                              {
                                                                "total_bytes_written": 0,
                                                                "total_bytes_read": 0,
                                                                "result_set_size": 1472,
                                                                "operator_name": "NESTED_LOOP_JOIN",
                                                                "cpu_time": 0.0,
                                                                "extra_info": {
                                                                  "Join Type": "INNER",
                                                                  "Conditions": "d_month_seq <= SUBQUERY",
                                                                  "Estimated Cardinality": "9"
                                                                },
                                                                "cumulative_cardinality": 0,
                                                                "operator_type": "NESTED_LOOP_JOIN",
                                                                "operator_cardinality": 92,
                                                                "cumulative_rows_scanned": 0,
                                                                "operator_rows_scanned": 0,
                                                                "operator_timing": 2.3821e-05,
                                                                "children": [
                                                                  {
                                                                    "total_bytes_written": 0,
                                                                    "total_bytes_read": 0,
                                                                    "result_set_size": 1104,
                                                                    "operator_name": "NESTED_LOOP_JOIN",
                                                                    "cpu_time": 0.0,
                                                                    "extra_info": {
                                                                      "Join Type": "INNER",
                                                                      "Conditions": "d_month_seq >= SUBQUERY",
                                                                      "Estimated Cardinality": "822"
                                                                    },
                                                                    "cumulative_cardinality": 0,
                                                                    "operator_type": "NESTED_LOOP_JOIN",
                                                                    "operator_cardinality": 92,
                                                                    "cumulative_rows_scanned": 0,
                                                                    "operator_rows_scanned": 0,
                                                                    "operator_timing": 2.0815e-05,
                                                                    "children": [
                                                                      {
                                                                        "total_bytes_written": 0,
                                                                        "total_bytes_read": 0,
                                                                        "result_set_size": 736,
                                                                        "operator_name": "SEQ_SCAN ",
                                                                        "cpu_time": 0.0,
                                                                        "extra_info": {
                                                                          "Table": "date_dim",
                                                                          "Type": "Sequential Scan",
                                                                          "Projections": [
                                                                            "d_date_sk",
                                                                            "d_month_seq"
                                                                          ],
                                                                          "Filters": "d_date_sk>=2450816 AND d_date_sk<=2452642",
                                                                          "Estimated Cardinality": "73049"
                                                                        },
                                                                        "cumulative_cardinality": 0,
                                                                        "operator_type": "TABLE_SCAN",
                                                                        "operator_cardinality": 92,
                                                                        "cumulative_rows_scanned": 0,
                                                                        "operator_rows_scanned": 73049,
                                                                        "operator_timing": 0.00010300399999999999,
                                                                        "children": []
                                                                      },
                                                                      {
                                                                        "total_bytes_written": 0,
                                                                        "total_bytes_read": 0,
                                                                        "result_set_size": 4,
                                                                        "operator_name": "PROJECTION",
                                                                        "cpu_time": 0.0,
                                                                        "extra_info": {
                                                                          "Projections": [
                                                                            "CASE  WHEN ((#1 > 1)) THEN (\"error\"('More than one row returned by a subquery used as an expression - scalar subqueries can only return a single row.",
                                                                            "Use \"SET scalar_subquery_error_on_multiple_rows=false\" to revert to previous behavior of returning a random row.')) ELSE #0 END"
                                                                          ],
                                                                          "Estimated Cardinality": "1"
                                                                        },
                                                                        "cumulative_cardinality": 0,
                                                                        "operator_type": "PROJECTION",
                                                                        "operator_cardinality": 1,
                                                                        "cumulative_rows_scanned": 0,
                                                                        "operator_rows_scanned": 0,
                                                                        "operator_timing": 1.734e-06,
                                                                        "children": [
                                                                          {
                                                                            "total_bytes_written": 0,
                                                                            "total_bytes_read": 0,
                                                                            "result_set_size": 12,
                                                                            "operator_name": "UNGROUPED_AGGREGATE",
                                                                            "cpu_time": 0.0,
                                                                            "extra_info": {
                                                                              "Aggregates": [
                                                                                "\"first\"(#0)",
                                                                                "count_star()"
                                                                              ]
                                                                            },
                                                                            "cumulative_cardinality": 0,
                                                                            "operator_type": "UNGROUPED_AGGREGATE",
                                                                            "operator_cardinality": 1,
                                                                            "cumulative_rows_scanned": 0,
                                                                            "operator_rows_scanned": 0,
                                                                            "operator_timing": 3.6259999999999997e-06,
                                                                            "children": [
                                                                              {
                                                                                "total_bytes_written": 0,
                                                                                "total_bytes_read": 0,
                                                                                "result_set_size": 4,
                                                                                "operator_name": "PROJECTION",
                                                                                "cpu_time": 0.0,
                                                                                "extra_info": {
                                                                                  "Projections": "#0",
                                                                                  "Estimated Cardinality": "585"
                                                                                },
                                                                                "cumulative_cardinality": 0,
                                                                                "operator_type": "PROJECTION",
                                                                                "operator_cardinality": 1,
                                                                                "cumulative_rows_scanned": 0,
                                                                                "operator_rows_scanned": 0,
                                                                                "operator_timing": 9.2e-08,
                                                                                "children": [
                                                                                  {
                                                                                    "total_bytes_written": 0,
                                                                                    "total_bytes_read": 0,
                                                                                    "result_set_size": 4,
                                                                                    "operator_name": "PROJECTION",
                                                                                    "cpu_time": 0.0,
                                                                                    "extra_info": {
                                                                                      "Projections": "__internal_decompress_integral_integer(#0, 1)",
                                                                                      "Estimated Cardinality": "585"
                                                                                    },
                                                                                    "cumulative_cardinality": 0,
                                                                                    "operator_type": "PROJECTION",
                                                                                    "operator_cardinality": 1,
                                                                                    "cumulative_rows_scanned": 0,
                                                                                    "operator_rows_scanned": 0,
                                                                                    "operator_timing": 1.528e-06,
                                                                                    "children": [
                                                                                      {
                                                                                        "total_bytes_written": 0,
                                                                                        "total_bytes_read": 0,
                                                                                        "result_set_size": 2,
                                                                                        "operator_name": "HASH_GROUP_BY",
                                                                                        "cpu_time": 0.0,
                                                                                        "extra_info": {
                                                                                          "Groups": "#0",
                                                                                          "Aggregates": "",
                                                                                          "Estimated Cardinality": "585"
                                                                                        },
                                                                                        "cumulative_cardinality": 0,
                                                                                        "operator_type": "HASH_GROUP_BY",
                                                                                        "operator_cardinality": 1,
                                                                                        "cumulative_rows_scanned": 0,
                                                                                        "operator_rows_scanned": 0,
                                                                                        "operator_timing": 0.000371938,
                                                                                        "children": [
                                                                                          {
                                                                                            "total_bytes_written": 0,
                                                                                            "total_bytes_read": 0,
                                                                                            "result_set_size": 62,
                                                                                            "operator_name": "PROJECTION",
                                                                                            "cpu_time": 0.0,
                                                                                            "extra_info": {
                                                                                              "Projections": "(d_month_seq + 1)",
                                                                                              "Estimated Cardinality": "585"
                                                                                            },
                                                                                            "cumulative_cardinality": 0,
                                                                                            "operator_type": "PROJECTION",
                                                                                            "operator_cardinality": 31,
                                                                                            "cumulative_rows_scanned": 0,
                                                                                            "operator_rows_scanned": 0,
                                                                                            "operator_timing": 8.1e-08,
                                                                                            "children": [
                                                                                              {
                                                                                                "total_bytes_written": 0,
                                                                                                "total_bytes_read": 0,
                                                                                                "result_set_size": 62,
                                                                                                "operator_name": "PROJECTION",
                                                                                                "cpu_time": 0.0,
                                                                                                "extra_info": {
                                                                                                  "Projections": "__internal_compress_integral_usmallint(#0, 1)",
                                                                                                  "Estimated Cardinality": "585"
                                                                                                },
                                                                                                "cumulative_cardinality": 0,
                                                                                                "operator_type": "PROJECTION",
                                                                                                "operator_cardinality": 31,
                                                                                                "cumulative_rows_scanned": 0,
                                                                                                "operator_rows_scanned": 0,
                                                                                                "operator_timing": 1.513e-06,
                                                                                                "children": [
                                                                                                  {
                                                                                                    "total_bytes_written": 0,
                                                                                                    "total_bytes_read": 0,
                                                                                                    "result_set_size": 124,
                                                                                                    "operator_name": "PROJECTION",
                                                                                                    "cpu_time": 0.0,
                                                                                                    "extra_info": {
                                                                                                      "Projections": "(d_month_seq + 1)",
                                                                                                      "Estimated Cardinality": "585"
                                                                                                    },
                                                                                                    "cumulative_cardinality": 0,
                                                                                                    "operator_type": "PROJECTION",
                                                                                                    "operator_cardinality": 31,
                                                                                                    "cumulative_rows_scanned": 0,
                                                                                                    "operator_rows_scanned": 0,
                                                                                                    "operator_timing": 1.38e-06,
                                                                                                    "children": [
                                                                                                      {
                                                                                                        "total_bytes_written": 0,
                                                                                                        "total_bytes_read": 0,
                                                                                                        "result_set_size": 124,
                                                                                                        "operator_name": "SEQ_SCAN ",
                                                                                                        "cpu_time": 0.0,
                                                                                                        "extra_info": {
                                                                                                          "Table": "date_dim",
                                                                                                          "Type": "Sequential Scan",
                                                                                                          "Projections": "d_month_seq",
                                                                                                          "Filters": [
                                                                                                            "d_year=1998",
                                                                                                            "d_moy=5"
                                                                                                          ],
                                                                                                          "Estimated Cardinality": "585"
                                                                                                        },
                                                                                                        "cumulative_cardinality": 0,
                                                                                                        "operator_type": "TABLE_SCAN",
                                                                                                        "operator_cardinality": 31,
                                                                                                        "cumulative_rows_scanned": 0,
                                                                                                        "operator_rows_scanned": 73049,
                                                                                                        "operator_timing": 3.8991e-05,
                                                                                                        "children": []
                                                                                                      }
                                                                                                    ]
                                                                                                  }
                                                                                                ]
                                                                                              }
                                                                                            ]
                                                                                          }
                                                                                        ]
                                                                                      }
                                                                                    ]
                                                                                  }
                                                                                ]
                                                                              }
                                                                            ]
                                                                          }
                                                                        ]
                                                                      }
                                                                    ]
                                                                  },
                                                                  {
                                                                    "total_bytes_written": 0,
                                                                    "total_bytes_read": 0,
                                                                    "result_set_size": 4,
                                                                    "operator_name": "PROJECTION",
                                                                    "cpu_time": 0.0,
                                                                    "extra_info": {
                                                                      "Projections": [
                                                                        "CASE  WHEN ((#1 > 1)) THEN (\"error\"('More than one row returned by a subquery used as an expression - scalar subqueries can only return a single row.",
                                                                        "Use \"SET scalar_subquery_error_on_multiple_rows=false\" to revert to previous behavior of returning a random row.')) ELSE #0 END"
                                                                      ],
                                                                      "Estimated Cardinality": "1"
                                                                    },
                                                                    "cumulative_cardinality": 0,
                                                                    "operator_type": "PROJECTION",
                                                                    "operator_cardinality": 1,
                                                                    "cumulative_rows_scanned": 0,
                                                                    "operator_rows_scanned": 0,
                                                                    "operator_timing": 3.205e-06,
                                                                    "children": [
                                                                      {
                                                                        "total_bytes_written": 0,
                                                                        "total_bytes_read": 0,
                                                                        "result_set_size": 12,
                                                                        "operator_name": "UNGROUPED_AGGREGATE",
                                                                        "cpu_time": 0.0,
                                                                        "extra_info": {
                                                                          "Aggregates": [
                                                                            "\"first\"(#0)",
                                                                            "count_star()"
                                                                          ]
                                                                        },
                                                                        "cumulative_cardinality": 0,
                                                                        "operator_type": "UNGROUPED_AGGREGATE",
                                                                        "operator_cardinality": 1,
                                                                        "cumulative_rows_scanned": 0,
                                                                        "operator_rows_scanned": 0,
                                                                        "operator_timing": 3.27e-06,
                                                                        "children": [
                                                                          {
                                                                            "total_bytes_written": 0,
                                                                            "total_bytes_read": 0,
                                                                            "result_set_size": 4,
                                                                            "operator_name": "PROJECTION",
                                                                            "cpu_time": 0.0,
                                                                            "extra_info": {
                                                                              "Projections": "#0",
                                                                              "Estimated Cardinality": "585"
                                                                            },
                                                                            "cumulative_cardinality": 0,
                                                                            "operator_type": "PROJECTION",
                                                                            "operator_cardinality": 1,
                                                                            "cumulative_rows_scanned": 0,
                                                                            "operator_rows_scanned": 0,
                                                                            "operator_timing": 7.8e-08,
                                                                            "children": [
                                                                              {
                                                                                "total_bytes_written": 0,
                                                                                "total_bytes_read": 0,
                                                                                "result_set_size": 4,
                                                                                "operator_name": "PROJECTION",
                                                                                "cpu_time": 0.0,
                                                                                "extra_info": {
                                                                                  "Projections": "__internal_decompress_integral_integer(#0, 3)",
                                                                                  "Estimated Cardinality": "585"
                                                                                },
                                                                                "cumulative_cardinality": 0,
                                                                                "operator_type": "PROJECTION",
                                                                                "operator_cardinality": 1,
                                                                                "cumulative_rows_scanned": 0,
                                                                                "operator_rows_scanned": 0,
                                                                                "operator_timing": 1.142e-06,
                                                                                "children": [
                                                                                  {
                                                                                    "total_bytes_written": 0,
                                                                                    "total_bytes_read": 0,
                                                                                    "result_set_size": 2,
                                                                                    "operator_name": "HASH_GROUP_BY",
                                                                                    "cpu_time": 0.0,
                                                                                    "extra_info": {
                                                                                      "Groups": "#0",
                                                                                      "Aggregates": "",
                                                                                      "Estimated Cardinality": "585"
                                                                                    },
                                                                                    "cumulative_cardinality": 0,
                                                                                    "operator_type": "HASH_GROUP_BY",
                                                                                    "operator_cardinality": 1,
                                                                                    "cumulative_rows_scanned": 0,
                                                                                    "operator_rows_scanned": 0,
                                                                                    "operator_timing": 0.00022454899999999997,
                                                                                    "children": [
                                                                                      {
                                                                                        "total_bytes_written": 0,
                                                                                        "total_bytes_read": 0,
                                                                                        "result_set_size": 62,
                                                                                        "operator_name": "PROJECTION",
                                                                                        "cpu_time": 0.0,
                                                                                        "extra_info": {
                                                                                          "Projections": "(d_month_seq + 3)",
                                                                                          "Estimated Cardinality": "585"
                                                                                        },
                                                                                        "cumulative_cardinality": 0,
                                                                                        "operator_type": "PROJECTION",
                                                                                        "operator_cardinality": 31,
                                                                                        "cumulative_rows_scanned": 0,
                                                                                        "operator_rows_scanned": 0,
                                                                                        "operator_timing": 9e-08,
                                                                                        "children": [
                                                                                          {
                                                                                            "total_bytes_written": 0,
                                                                                            "total_bytes_read": 0,
                                                                                            "result_set_size": 62,
                                                                                            "operator_name": "PROJECTION",
                                                                                            "cpu_time": 0.0,
                                                                                            "extra_info": {
                                                                                              "Projections": "__internal_compress_integral_usmallint(#0, 3)",
                                                                                              "Estimated Cardinality": "585"
                                                                                            },
                                                                                            "cumulative_cardinality": 0,
                                                                                            "operator_type": "PROJECTION",
                                                                                            "operator_cardinality": 31,
                                                                                            "cumulative_rows_scanned": 0,
                                                                                            "operator_rows_scanned": 0,
                                                                                            "operator_timing": 1.807e-06,
                                                                                            "children": [
                                                                                              {
                                                                                                "total_bytes_written": 0,
                                                                                                "total_bytes_read": 0,
                                                                                                "result_set_size": 124,
                                                                                                "operator_name": "PROJECTION",
                                                                                                "cpu_time": 0.0,
                                                                                                "extra_info": {
                                                                                                  "Projections": "(d_month_seq + 3)",
                                                                                                  "Estimated Cardinality": "585"
                                                                                                },
                                                                                                "cumulative_cardinality": 0,
                                                                                                "operator_type": "PROJECTION",
                                                                                                "operator_cardinality": 31,
                                                                                                "cumulative_rows_scanned": 0,
                                                                                                "operator_rows_scanned": 0,
                                                                                                "operator_timing": 1.856e-06,
                                                                                                "children": [
                                                                                                  {
                                                                                                    "total_bytes_written": 0,
                                                                                                    "total_bytes_read": 0,
                                                                                                    "result_set_size": 124,
                                                                                                    "operator_name": "SEQ_SCAN ",
                                                                                                    "cpu_time": 0.0,
                                                                                                    "extra_info": {
                                                                                                      "Table": "date_dim",
                                                                                                      "Type": "Sequential Scan",
                                                                                                      "Projections": "d_month_seq",
                                                                                                      "Filters": [
                                                                                                        "d_year=1998",
                                                                                                        "d_moy=5"
                                                                                                      ],
                                                                                                      "Estimated Cardinality": "585"
                                                                                                    },
                                                                                                    "cumulative_cardinality": 0,
                                                                                                    "operator_type": "TABLE_SCAN",
                                                                                                    "operator_cardinality": 31,
                                                                                                    "cumulative_rows_scanned": 0,
                                                                                                    "operator_rows_scanned": 73049,
                                                                                                    "operator_timing": 0.000100737,
                                                                                                    "children": []
                                                                                                  }
                                                                                                ]
                                                                                              }
                                                                                            ]
                                                                                          }
                                                                                        ]
                                                                                      }
                                                                                    ]
                                                                                  }
                                                                                ]
                                                                              }
                                                                            ]
                                                                          }
                                                                        ]
                                                                      }
                                                                    ]
                                                                  }
                                                                ]
                                                              }
                                                            ]
                                                          },
                                                          {
                                                            "total_bytes_written": 0,
                                                            "total_bytes_read": 0,
                                                            "result_set_size": 36840,
                                                            "operator_name": "HASH_GROUP_BY",
                                                            "cpu_time": 0.0,
                                                            "extra_info": {
                                                              "Groups": [
                                                                "#0",
                                                                "#1"
                                                              ],
                                                              "Aggregates": "",
                                                              "Estimated Cardinality": "1835"
                                                            },
                                                            "cumulative_cardinality": 0,
                                                            "operator_type": "HASH_GROUP_BY",
                                                            "operator_cardinality": 4605,
                                                            "cumulative_rows_scanned": 0,
                                                            "operator_rows_scanned": 0,
                                                            "operator_timing": 0.002074136,
                                                            "children": [
                                                              {
                                                                "total_bytes_written": 0,
                                                                "total_bytes_read": 0,
                                                                "result_set_size": 42160,
                                                                "operator_name": "PROJECTION",
                                                                "cpu_time": 0.0,
                                                                "extra_info": {
                                                                  "Projections": [
                                                                    "c_customer_sk",
                                                                    "c_current_addr_sk"
                                                                  ],
                                                                  "Estimated Cardinality": "1835"
                                                                },
                                                                "cumulative_cardinality": 0,
                                                                "operator_type": "PROJECTION",
                                                                "operator_cardinality": 5270,
                                                                "cumulative_rows_scanned": 0,
                                                                "operator_rows_scanned": 0,
                                                                "operator_timing": 4.06e-07,
                                                                "children": [
                                                                  {
                                                                    "total_bytes_written": 0,
                                                                    "total_bytes_read": 0,
                                                                    "result_set_size": 42160,
                                                                    "operator_name": "PROJECTION",
                                                                    "cpu_time": 0.0,
                                                                    "extra_info": {
                                                                      "Projections": [
                                                                        "c_customer_sk",
                                                                        "c_current_addr_sk"
                                                                      ],
                                                                      "Estimated Cardinality": "1835"
                                                                    },
                                                                    "cumulative_cardinality": 0,
                                                                    "operator_type": "PROJECTION",
                                                                    "operator_cardinality": 5270,
                                                                    "cumulative_rows_scanned": 0,
                                                                    "operator_rows_scanned": 0,
                                                                    "operator_timing": 7.95e-07,
                                                                    "children": [
                                                                      {
                                                                        "total_bytes_written": 0,
                                                                        "total_bytes_read": 0,
                                                                        "result_set_size": 42160,
                                                                        "operator_name": "HASH_JOIN",
                                                                        "cpu_time": 0.0,
                                                                        "extra_info": {
                                                                          "Join Type": "INNER",
                                                                          "Conditions": "c_customer_sk = customer_sk",
                                                                          "Estimated Cardinality": "1835"
                                                                        },
                                                                        "cumulative_cardinality": 0,
                                                                        "operator_type": "HASH_JOIN",
                                                                        "operator_cardinality": 5270,
                                                                        "cumulative_rows_scanned": 0,
                                                                        "operator_rows_scanned": 0,
                                                                        "operator_timing": 0.0054091910000000016,
                                                                        "children": [
                                                                          {
                                                                            "total_bytes_written": 0,
                                                                            "total_bytes_read": 0,
                                                                            "result_set_size": 3992888,
                                                                            "operator_name": "SEQ_SCAN ",
                                                                            "cpu_time": 0.0,
                                                                            "extra_info": {
                                                                              "Table": "customer",
                                                                              "Type": "Sequential Scan",
                                                                              "Projections": [
                                                                                "c_customer_sk",
                                                                                "c_current_addr_sk"
                                                                              ],
                                                                              "Estimated Cardinality": "500000"
                                                                            },
                                                                            "cumulative_cardinality": 0,
                                                                            "operator_type": "TABLE_SCAN",
                                                                            "operator_cardinality": 499111,
                                                                            "cumulative_rows_scanned": 0,
                                                                            "operator_rows_scanned": 2500000,
                                                                            "operator_timing": 0.0005555800000000002,
                                                                            "children": []
                                                                          },
                                                                          {
                                                                            "total_bytes_written": 0,
                                                                            "total_bytes_read": 0,
                                                                            "result_set_size": 42248,
                                                                            "operator_name": "HASH_JOIN",
                                                                            "cpu_time": 0.0,
                                                                            "extra_info": {
                                                                              "Join Type": "INNER",
                                                                              "Conditions": "item_sk = i_item_sk",
                                                                              "Estimated Cardinality": "1835"
                                                                            },
                                                                            "cumulative_cardinality": 0,
                                                                            "operator_type": "HASH_JOIN",
                                                                            "operator_cardinality": 5281,
                                                                            "cumulative_rows_scanned": 0,
                                                                            "operator_rows_scanned": 0,
                                                                            "operator_timing": 0.0010021259999999997,
                                                                            "children": [
                                                                              {
                                                                                "total_bytes_written": 0,
                                                                                "total_bytes_read": 0,
                                                                                "result_set_size": 2550636,
                                                                                "operator_name": "HASH_JOIN",
                                                                                "cpu_time": 0.0,
                                                                                "extra_info": {
                                                                                  "Join Type": "INNER",
                                                                                  "Conditions": "sold_date_sk = d_date_sk",
                                                                                  "Estimated Cardinality": "172970"
                                                                                },
                                                                                "cumulative_cardinality": 0,
                                                                                "operator_type": "HASH_JOIN",
                                                                                "operator_cardinality": 212553,
                                                                                "cumulative_rows_scanned": 0,
                                                                                "operator_rows_scanned": 0,
                                                                                "operator_timing": 0.007941165,
                                                                                "children": [
                                                                                  {
                                                                                    "total_bytes_written": 0,
                                                                                    "total_bytes_read": 0,
                                                                                    "result_set_size": 0,
                                                                                    "operator_name": "UNION",
                                                                                    "cpu_time": 0.0,
                                                                                    "extra_info": {},
                                                                                    "cumulative_cardinality": 0,
                                                                                    "operator_type": "UNION",
                                                                                    "operator_cardinality": 0,
                                                                                    "cumulative_rows_scanned": 0,
                                                                                    "operator_rows_scanned": 0,
                                                                                    "operator_timing": 0.0,
                                                                                    "children": [
                                                                                      {
                                                                                        "total_bytes_written": 0,
                                                                                        "total_bytes_read": 0,
                                                                                        "result_set_size": 1697496,
                                                                                        "operator_name": "SEQ_SCAN ",
                                                                                        "cpu_time": 0.0,
                                                                                        "extra_info": {
                                                                                          "Table": "catalog_sales",
                                                                                          "Type": "Sequential Scan",
                                                                                          "Projections": [
                                                                                            "cs_sold_date_sk",
                                                                                            "cs_bill_customer_sk",
                                                                                            "cs_item_sk"
                                                                                          ],
                                                                                          "Estimated Cardinality": "14401261"
                                                                                        },
                                                                                        "cumulative_cardinality": 0,
                                                                                        "operator_type": "TABLE_SCAN",
                                                                                        "operator_cardinality": 141458,
                                                                                        "cumulative_rows_scanned": 0,
                                                                                        "operator_rows_scanned": 403235308,
                                                                                        "operator_timing": 0.0010841520000000001,
                                                                                        "children": []
                                                                                      },
                                                                                      {
                                                                                        "total_bytes_written": 0,
                                                                                        "total_bytes_read": 0,
                                                                                        "result_set_size": 853140,
                                                                                        "operator_name": "SEQ_SCAN ",
                                                                                        "cpu_time": 0.0,
                                                                                        "extra_info": {
                                                                                          "Table": "web_sales",
                                                                                          "Type": "Sequential Scan",
                                                                                          "Projections": [
                                                                                            "ws_sold_date_sk",
                                                                                            "ws_bill_customer_sk",
                                                                                            "ws_item_sk"
                                                                                          ],
                                                                                          "Estimated Cardinality": "7197566"
                                                                                        },
                                                                                        "cumulative_cardinality": 0,
                                                                                        "operator_type": "TABLE_SCAN",
                                                                                        "operator_cardinality": 71095,
                                                                                        "cumulative_rows_scanned": 0,
                                                                                        "operator_rows_scanned": 201531848,
                                                                                        "operator_timing": 0.040865930999999994,
                                                                                        "children": []
                                                                                      }
                                                                                    ]
                                                                                  },
                                                                                  {
                                                                                    "total_bytes_written": 0,
                                                                                    "total_bytes_read": 0,
                                                                                    "result_set_size": 124,
                                                                                    "operator_name": "FILTER",
                                                                                    "cpu_time": 0.0,
                                                                                    "extra_info": {
                                                                                      "Expression": "(d_date_sk BETWEEN 2450815 AND 2452653)",
                                                                                      "Estimated Cardinality": "585"
                                                                                    },
                                                                                    "cumulative_cardinality": 0,
                                                                                    "operator_type": "FILTER",
                                                                                    "operator_cardinality": 31,
                                                                                    "cumulative_rows_scanned": 0,
                                                                                    "operator_rows_scanned": 0,
                                                                                    "operator_timing": 1.2852000000000002e-05,
                                                                                    "children": [
                                                                                      {
                                                                                        "total_bytes_written": 0,
                                                                                        "total_bytes_read": 0,
                                                                                        "result_set_size": 124,
                                                                                        "operator_name": "SEQ_SCAN ",
                                                                                        "cpu_time": 0.0,
                                                                                        "extra_info": {
                                                                                          "Table": "date_dim",
                                                                                          "Type": "Sequential Scan",
                                                                                          "Projections": "d_date_sk",
                                                                                          "Filters": [
                                                                                            "d_moy=5",
                                                                                            "d_year=1998"
                                                                                          ],
                                                                                          "Estimated Cardinality": "585"
                                                                                        },
                                                                                        "cumulative_cardinality": 0,
                                                                                        "operator_type": "TABLE_SCAN",
                                                                                        "operator_cardinality": 31,
                                                                                        "cumulative_rows_scanned": 0,
                                                                                        "operator_rows_scanned": 73049,
                                                                                        "operator_timing": 5.2733e-05,
                                                                                        "children": []
                                                                                      }
                                                                                    ]
                                                                                  }
                                                                                ]
                                                                              },
                                                                              {
                                                                                "total_bytes_written": 0,
                                                                                "total_bytes_read": 0,
                                                                                "result_set_size": 10264,
                                                                                "operator_name": "SEQ_SCAN ",
                                                                                "cpu_time": 0.0,
                                                                                "extra_info": {
                                                                                  "Table": "item",
                                                                                  "Type": "Sequential Scan",
                                                                                  "Projections": "i_item_sk",
                                                                                  "Filters": [
                                                                                    "i_category='Women'",
                                                                                    "i_class='maternity'"
                                                                                  ],
                                                                                  "Estimated Cardinality": "1020"
                                                                                },
                                                                                "cumulative_cardinality": 0,
                                                                                "operator_type": "TABLE_SCAN",
                                                                                "operator_cardinality": 2566,
                                                                                "cumulative_rows_scanned": 0,
                                                                                "operator_rows_scanned": 102000,
                                                                                "operator_timing": 0.001036895,
                                                                                "children": []
                                                                              }
                                                                            ]
                                                                          }
                                                                        ]
                                                                      }
                                                                    ]
                                                                  }
                                                                ]
                                                              }
                                                            ]
                                                          }
                                                        ]
                                                      }
                                                    ]
                                                  }
                                                ]
                                              }
                                            ]
                                          }
                                        ]
                                      }
                                    ]
                                  }
                                ]
                              }
                            ]
                          }
                        ]
                      }
                    ]
                  }
                ]
              }
            ]
          }
        ]
      }
    ]
  },
  "actual_rows": 0,
  "collected_at": "2026-02-16T10:19:35.326161",
  "query_id": "query_54"
}