{
  "execution_time_ms": 0.0,
  "plan_text": "\u250c\u2500\u2500\u2500\u2500\u2500\u2500\u2500\u2500\u2500\u2500\u2500\u2500\u2500\u2510\n\u2502    TOP_N    \u2502\n\u2502    \u2500\u2500\u2500\u2500\u2500\u2500   \u2502\n\u2502     Top:    \u2502\n\u2502     100     \u2502\n\u2502             \u2502\n\u2502  Order By:  \u2502\n\u2502   sum(tmp1  \u2502\n\u2502 .total_sales\u2502\n\u2502    ) ASC    \u2502\n\u2514\u2500\u2500\u2500\u2500\u2500\u2500\u252c\u2500\u2500\u2500\u2500\u2500\u2500\u2518\n\u250c\u2500\u2500\u2500\u2500\u2500\u2500\u2534\u2500\u2500\u2500\u2500\u2500\u2500\u2510\n\u2502  PROJECTION \u2502\n\u2502    \u2500\u2500\u2500\u2500\u2500\u2500   \u2502\n\u2502__internal_de\u2502\n\u2502compress_inte\u2502\n\u2502 gral_integer\u2502\n\u2502   (#0, 1)   \u2502\n\u2502      #1     \u2502\n\u2502             \u2502\n\u2502 ~14,462 rows\u2502\n\u2514\u2500\u2500\u2500\u2500\u2500\u2500\u252c\u2500\u2500\u2500\u2500\u2500\u2500\u2518\n\u250c\u2500\u2500\u2500\u2500\u2500\u2500\u2534\u2500\u2500\u2500\u2500\u2500\u2500\u2510\n\u2502PERFECT_...  \u2502\n\u2502    \u2500\u2500\u2500\u2500\u2500\u2500   \u2502\n\u2502   Groups:   \u2502\n\u2502      #0     \u2502\n\u2502             \u2502\n\u2502 Aggregates: \u2502\n\u2502   sum(#1)   \u2502\n\u2514\u2500\u2500\u2500\u2500\u2500\u2500\u252c\u2500\u2500\u2500\u2500\u2500\u2500\u2518\n\u250c\u2500\u2500\u2500\u2500\u2500\u2500\u2534\u2500\u2500\u2500\u2500\u2500\u2500\u2510\n\u2502  PROJECTION \u2502\n\u2502    \u2500\u2500\u2500\u2500\u2500\u2500   \u2502\n\u2502i_manufact_id\u2502\n\u2502 total_sales \u2502\n\u2502             \u2502\n\u2502 ~15,675 rows\u2502\n\u2514\u2500\u2500\u2500\u2500\u2500\u2500\u252c\u2500\u2500\u2500\u2500\u2500\u2500\u2518\n\u250c\u2500\u2500\u2500\u2500\u2500\u2500\u2534\u2500\u2500\u2500\u2500\u2500\u2500\u2510\n\u2502  PROJECTION \u2502\n\u2502    \u2500\u2500\u2500\u2500\u2500\u2500   \u2502\n\u2502__internal_co\u2502\n\u2502mpress_integr\u2502\n\u2502 al_usmallint\u2502\n\u2502   (#0, 1)   \u2502\n\u2502      #1     \u2502\n\u2502             \u2502\n\u2502 ~15,675 rows\u2502\n\u2514\u2500\u2500\u2500\u2500\u2500\u2500\u252c\u2500\u2500\u2500\u2500\u2500\u2500\u2518\n\u250c\u2500\u2500\u2500\u2500\u2500\u2500\u2534\u2500\u2500\u2500\u2500\u2500\u2500\u2510\n\u2502    UNION    \u251c\u2500\u2500\u2500\u2500\u2500\u2500\u2500\u2500\u2500\u2500\u2500\u2500\u2500\u2500\u2500\u2500\u2500\u2500\u2500\u2500\u2500\u2500\u2500\u2500\u2500\u2500\u2500\u2500\u2500\u2500\u2500\u2500\u2500\u2500\u2500\u2500\u2500\u2500\u2500\u2500\u2500\u2500\u2500\u2500\u2500\u2500\u2500\u2500\u2500\u2500\u2500\u2500\u2500\u2500\u2500\u2500\u2500\u2500\u2500\u2500\u2500\u2500\u2500\u2500\u2500\u2500\u2500\u2500\u2500\u2500\u2500\u2500\u2500\u2500\u2500\u2500\u2500\u2500\u2500\u2500\u2500\u2500\u2500\u2500\u2500\u2500\u2500\u2500\u2500\u2500\u2500\u2500\u2500\u2500\u2500\u2500\u2500\u2500\u2500\u2500\u2500\u2500\u2500\u2500\u2500\u2500\u2500\u2500\u2500\u2500\u2500\u2500\u2500\u2500\u2500\u2500\u2500\u2500\u2500\u2500\u2500\u2500\u2500\u2500\u2500\u2500\u2500\u2500\u2500\u2500\u2500\u2500\u2500\u2500\u2500\u2500\u2500\u2500\u2500\u2500\u2500\u2500\u2510\n\u2514\u2500\u2500\u2500\u2500\u2500\u2500\u252c\u2500\u2500\u2500\u2500\u2500\u2500\u2518                                                                                                                                              \u2502\n\u250c\u2500\u2500\u2500\u2500\u2500\u2500\u2534\u2500\u2500\u2500\u2500\u2500\u2500\u2510                                                                                                                                       \u250c\u2500\u2500\u2500\u2500\u2500\u2500\u2534\u2500\u2500\u2500\u2500\u2500\u2500\u2510\n\u2502    UNION    \u2502                                                                                                                                       \u2502  PROJECTION \u2502\n\u2502             \u2502                                                                                                                                       \u2502    \u2500\u2500\u2500\u2500\u2500\u2500   \u2502\n\u2502             \u2502                                                                                                                                       \u2502__internal_de\u2502\n\u2502             \u2502                                                                                                                                       \u2502compress_inte\u2502\n\u2502             \u251c\u2500\u2500\u2500\u2500\u2500\u2500\u2500\u2500\u2500\u2500\u2500\u2500\u2500\u2500\u2500\u2500\u2500\u2500\u2500\u2500\u2500\u2500\u2500\u2500\u2500\u2500\u2500\u2500\u2500\u2500\u2500\u2500\u2500\u2500\u2500\u2500\u2500\u2500\u2500\u2500\u2500\u2500\u2500\u2500\u2500\u2500\u2500\u2500\u2500\u2500\u2500\u2500\u2500\u2500\u2500\u2500\u2500\u2500\u2500\u2500\u2500\u2500\u2500\u2500\u2500\u2500\u2500\u2510                                                                   \u2502 gral_integer\u2502\n\u2502             \u2502                                                                   \u2502                                                                   \u2502   (#0, 1)   \u2502\n\u2502             \u2502                                                                   \u2502                                                                   \u2502      #1     \u2502\n\u2502             \u2502                                                                   \u2502                                                                   \u2502             \u2502\n\u2502             \u2502                                                                   \u2502                                                                   \u2502 ~2,287 rows \u2502\n\u2514\u2500\u2500\u2500\u2500\u2500\u2500\u252c\u2500\u2500\u2500\u2500\u2500\u2500\u2518                                                                   \u2502                                                                   \u2514\u2500\u2500\u2500\u2500\u2500\u2500\u252c\u2500\u2500\u2500\u2500\u2500\u2500\u2518\n\u250c\u2500\u2500\u2500\u2500\u2500\u2500\u2534\u2500\u2500\u2500\u2500\u2500\u2500\u2510                                                            \u250c\u2500\u2500\u2500\u2500\u2500\u2500\u2534\u2500\u2500\u2500\u2500\u2500\u2500\u2510                                                            \u250c\u2500\u2500\u2500\u2500\u2500\u2500\u2534\u2500\u2500\u2500\u2500\u2500\u2500\u2510\n\u2502  PROJECTION \u2502                                                            \u2502  PROJECTION \u2502                                                            \u2502PERFECT_...  \u2502\n\u2502    \u2500\u2500\u2500\u2500\u2500\u2500   \u2502                                                            \u2502    \u2500\u2500\u2500\u2500\u2500\u2500   \u2502                                                            \u2502    \u2500\u2500\u2500\u2500\u2500\u2500   \u2502\n\u2502__internal_de\u2502                                                            \u2502__internal_de\u2502                                                            \u2502   Groups:   \u2502\n\u2502compress_inte\u2502                                                            \u2502compress_inte\u2502                                                            \u2502      #0     \u2502\n\u2502 gral_integer\u2502                                                            \u2502 gral_integer\u2502                                                            \u2502             \u2502\n\u2502   (#0, 1)   \u2502                                                            \u2502   (#0, 1)   \u2502                                                            \u2502 Aggregates: \u2502\n\u2502      #1     \u2502                                                            \u2502      #1     \u2502                                                            \u2502   sum(#1)   \u2502\n\u2502             \u2502                                                            \u2502             \u2502                                                            \u2502             \u2502\n\u2502 ~8,850 rows \u2502                                                            \u2502 ~4,538 rows \u2502                                                            \u2502             \u2502\n\u2514\u2500\u2500\u2500\u2500\u2500\u2500\u252c\u2500\u2500\u2500\u2500\u2500\u2500\u2518                                                            \u2514\u2500\u2500\u2500\u2500\u2500\u2500\u252c\u2500\u2500\u2500\u2500\u2500\u2500\u2518                                                            \u2514\u2500\u2500\u2500\u2500\u2500\u2500\u252c\u2500\u2500\u2500\u2500\u2500\u2500\u2518\n\u250c\u2500\u2500\u2500\u2500\u2500\u2500\u2534\u2500\u2500\u2500\u2500\u2500\u2500\u2510                                                            \u250c\u2500\u2500\u2500\u2500\u2500\u2500\u2534\u2500\u2500\u2500\u2500\u2500\u2500\u2510                                                            \u250c\u2500\u2500\u2500\u2500\u2500\u2500\u2534\u2500\u2500\u2500\u2500\u2500\u2500\u2510\n\u2502PERFECT_...  \u2502                                                            \u2502PERFECT_...  \u2502                                                            \u2502  PROJECTION \u2502\n\u2502    \u2500\u2500\u2500\u2500\u2500\u2500   \u2502                                                            \u2502    \u2500\u2500\u2500\u2500\u2500\u2500   \u2502                                                            \u2502    \u2500\u2500\u2500\u2500\u2500\u2500   \u2502\n\u2502   Groups:   \u2502                                                            \u2502   Groups:   \u2502                                                            \u2502i_manufact_id\u2502\n\u2502      #0     \u2502                                                            \u2502      #0     \u2502                                                            \u2502ws_ext_sales_\u2502\n\u2502             \u2502                                                            \u2502             \u2502                                                            \u2502    price    \u2502\n\u2502 Aggregates: \u2502                                                            \u2502 Aggregates: \u2502                                                            \u2502             \u2502\n\u2502   sum(#1)   \u2502                                                            \u2502   sum(#1)   \u2502                                                            \u2502 ~2,315 rows \u2502\n\u2514\u2500\u2500\u2500\u2500\u2500\u2500\u252c\u2500\u2500\u2500\u2500\u2500\u2500\u2518                                                            \u2514\u2500\u2500\u2500\u2500\u2500\u2500\u252c\u2500\u2500\u2500\u2500\u2500\u2500\u2518                                                            \u2514\u2500\u2500\u2500\u2500\u2500\u2500\u252c\u2500\u2500\u2500\u2500\u2500\u2500\u2518\n\u250c\u2500\u2500\u2500\u2500\u2500\u2500\u2534\u2500\u2500\u2500\u2500\u2500\u2500\u2510                                                            \u250c\u2500\u2500\u2500\u2500\u2500\u2500\u2534\u2500\u2500\u2500\u2500\u2500\u2500\u2510                                                            \u250c\u2500\u2500\u2500\u2500\u2500\u2500\u2534\u2500\u2500\u2500\u2500\u2500\u2500\u2510\n\u2502  PROJECTION \u2502                                                            \u2502  PROJECTION \u2502                                                            \u2502  PROJECTION \u2502\n\u2502    \u2500\u2500\u2500\u2500\u2500\u2500   \u2502                                                            \u2502    \u2500\u2500\u2500\u2500\u2500\u2500   \u2502                                                            \u2502    \u2500\u2500\u2500\u2500\u2500\u2500   \u2502\n\u2502i_manufact_id\u2502                                                            \u2502i_manufact_id\u2502                                                            \u2502__internal_co\u2502\n\u2502ss_ext_sales_\u2502                                                            \u2502cs_ext_sales_\u2502                                                            \u2502mpress_integr\u2502\n\u2502    price    \u2502                                                            \u2502    price    \u2502                                                            \u2502 al_usmallint\u2502\n\u2502             \u2502                                                            \u2502             \u2502                                                            \u2502   (#0, 1)   \u2502\n\u2502             \u2502                                                            \u2502             \u2502                                                            \u2502      #1     \u2502\n\u2502             \u2502                                                            \u2502             \u2502                                                            \u2502             \u2502\n\u2502 ~9,285 rows \u2502                                                            \u2502 ~4,649 rows \u2502                                                            \u2502 ~2,315 rows \u2502\n\u2514\u2500\u2500\u2500\u2500\u2500\u2500\u252c\u2500\u2500\u2500\u2500\u2500\u2500\u2518                                                            \u2514\u2500\u2500\u2500\u2500\u2500\u2500\u252c\u2500\u2500\u2500\u2500\u2500\u2500\u2518                                                            \u2514\u2500\u2500\u2500\u2500\u2500\u2500\u252c\u2500\u2500\u2500\u2500\u2500\u2500\u2518\n\u250c\u2500\u2500\u2500\u2500\u2500\u2500\u2534\u2500\u2500\u2500\u2500\u2500\u2500\u2510                                                            \u250c\u2500\u2500\u2500\u2500\u2500\u2500\u2534\u2500\u2500\u2500\u2500\u2500\u2500\u2510                                                            \u250c\u2500\u2500\u2500\u2500\u2500\u2500\u2534\u2500\u2500\u2500\u2500\u2500\u2500\u2510\n\u2502  PROJECTION \u2502                                                            \u2502  PROJECTION \u2502                                                            \u2502  HASH_JOIN  \u2502\n\u2502    \u2500\u2500\u2500\u2500\u2500\u2500   \u2502                                                            \u2502    \u2500\u2500\u2500\u2500\u2500\u2500   \u2502                                                            \u2502    \u2500\u2500\u2500\u2500\u2500\u2500   \u2502\n\u2502      #0     \u2502                                                            \u2502      #0     \u2502                                                            \u2502  Join Type: \u2502\n\u2502__internal_co\u2502                                                            \u2502__internal_co\u2502                                                            \u2502     SEMI    \u2502\n\u2502mpress_integr\u2502                                                            \u2502mpress_integr\u2502                                                            \u2502             \u2502\n\u2502 al_usmallint\u2502                                                            \u2502 al_usmallint\u2502                                                            \u2502 Conditions: \u251c\u2500\u2500\u2500\u2500\u2500\u2500\u2500\u2500\u2500\u2500\u2500\u2500\u2500\u2500\u2500\u2500\u2500\u2500\u2500\u2500\u2500\u2500\u2500\u2500\u2500\u2500\u2500\u2500\u2500\u2500\u2500\u2500\u2500\u2500\u2500\u2500\u2500\u2500\u2500\u2500\u2500\u2500\u2500\u2500\u2500\u2500\u2500\u2500\u2500\u2500\u2500\u2500\u2510\n\u2502   (#1, 1)   \u2502                                                            \u2502   (#1, 1)   \u2502                                                            \u2502i_manufact_id\u2502                                                    \u2502\n\u2502             \u2502                                                            \u2502             \u2502                                                            \u2502     = #0    \u2502                                                    \u2502\n\u2502             \u2502                                                            \u2502             \u2502                                                            \u2502             \u2502                                                    \u2502\n\u2502 ~9,285 rows \u2502                                                            \u2502 ~4,649 rows \u2502                                                            \u2502 ~2,315 rows \u2502                                                    \u2502\n\u2514\u2500\u2500\u2500\u2500\u2500\u2500\u252c\u2500\u2500\u2500\u2500\u2500\u2500\u2518                                                            \u2514\u2500\u2500\u2500\u2500\u2500\u2500\u252c\u2500\u2500\u2500\u2500\u2500\u2500\u2518                                                            \u2514\u2500\u2500\u2500\u2500\u2500\u2500\u252c\u2500\u2500\u2500\u2500\u2500\u2500\u2518                                                    \u2502\n\u250c\u2500\u2500\u2500\u2500\u2500\u2500\u2534\u2500\u2500\u2500\u2500\u2500\u2500\u2510                                                            \u250c\u2500\u2500\u2500\u2500\u2500\u2500\u2534\u2500\u2500\u2500\u2500\u2500\u2500\u2510                                                            \u250c\u2500\u2500\u2500\u2500\u2500\u2500\u2534\u2500\u2500\u2500\u2500\u2500\u2500\u2510                                             \u250c\u2500\u2500\u2500\u2500\u2500\u2500\u2534\u2500\u2500\u2500\u2500\u2500\u2500\u2510\n\u2502  HASH_JOIN  \u2502                                                            \u2502  HASH_JOIN  \u2502                                                            \u2502  HASH_JOIN  \u2502                                             \u2502  SEQ_SCAN   \u2502\n\u2502    \u2500\u2500\u2500\u2500\u2500\u2500   \u2502                                                            \u2502    \u2500\u2500\u2500\u2500\u2500\u2500   \u2502                                                            \u2502    \u2500\u2500\u2500\u2500\u2500\u2500   \u2502                                             \u2502    \u2500\u2500\u2500\u2500\u2500\u2500   \u2502\n\u2502  Join Type: \u2502                                                            \u2502  Join Type: \u2502                                                            \u2502  Join Type: \u2502                                             \u2502    Table:   \u2502\n\u2502    INNER    \u2502                                                            \u2502    INNER    \u2502                                                            \u2502    INNER    \u2502                                             \u2502     item    \u2502\n\u2502             \u2502                                                            \u2502             \u2502                                                            \u2502             \u2502                                             \u2502             \u2502\n\u2502 Conditions: \u2502                                                            \u2502 Conditions: \u2502                                                            \u2502 Conditions: \u2502                                             \u2502    Type:    \u2502\n\u2502 ss_item_sk =\u2502                                                            \u2502 cs_item_sk =\u2502                                                            \u2502 i_item_sk = \u2502                                             \u2502  Sequential \u2502\n\u2502   i_item_sk \u2502                                                            \u2502   i_item_sk \u2502                                                            \u2502  ws_item_sk \u2502                                             \u2502     Scan    \u2502\n\u2502             \u251c\u2500\u2500\u2500\u2500\u2500\u2500\u2500\u2500\u2500\u2500\u2500\u2500\u2500\u2500\u2500\u2500\u2500\u2500\u2500\u2500\u2500\u2500\u2500\u2500\u2500\u2500\u2500\u2500\u2500\u2500\u2500\u2500\u2500\u2500\u2500\u2500\u2500\u2510                      \u2502             \u251c\u2500\u2500\u2500\u2500\u2500\u2500\u2500\u2500\u2500\u2500\u2500\u2500\u2500\u2500\u2500\u2500\u2500\u2500\u2500\u2500\u2500\u2500\u2500\u2500\u2500\u2500\u2500\u2500\u2500\u2500\u2500\u2500\u2500\u2500\u2500\u2500\u2500\u2510                      \u2502             \u251c\u2500\u2500\u2500\u2500\u2500\u2500\u2500\u2510                                     \u2502             \u2502\n\u2502             \u2502                                     \u2502                      \u2502             \u2502                                     \u2502                      \u2502             \u2502       \u2502                                     \u2502 Projections:\u2502\n\u2502             \u2502                                     \u2502                      \u2502             \u2502                                     \u2502                      \u2502             \u2502       \u2502                                     \u2502i_manufact_id\u2502\n\u2502             \u2502                                     \u2502                      \u2502             \u2502                                     \u2502                      \u2502             \u2502       \u2502                                     \u2502             \u2502\n\u2502             \u2502                                     \u2502                      \u2502             \u2502                                     \u2502                      \u2502             \u2502       \u2502                                     \u2502   Filters:  \u2502\n\u2502             \u2502                                     \u2502                      \u2502             \u2502                                     \u2502                      \u2502             \u2502       \u2502                                     \u2502 i_category= \u2502\n\u2502             \u2502                                     \u2502                      \u2502             \u2502                                     \u2502                      \u2502             \u2502       \u2502                                     \u2502    'Home'   \u2502\n\u2502             \u2502                                     \u2502                      \u2502             \u2502                                     \u2502                      \u2502             \u2502       \u2502                                     \u2502             \u2502\n\u2502 ~9,285 rows \u2502                                     \u2502                      \u2502 ~4,649 rows \u2502                                     \u2502                      \u2502 ~11,579 rows\u2502       \u2502                                     \u2502 ~9,273 rows \u2502\n\u2514\u2500\u2500\u2500\u2500\u2500\u2500\u252c\u2500\u2500\u2500\u2500\u2500\u2500\u2518                                     \u2502                      \u2514\u2500\u2500\u2500\u2500\u2500\u2500\u252c\u2500\u2500\u2500\u2500\u2500\u2500\u2518                                     \u2502                      \u2514\u2500\u2500\u2500\u2500\u2500\u2500\u252c\u2500\u2500\u2500\u2500\u2500\u2500\u2518       \u2502                                     \u2514\u2500\u2500\u2500\u2500\u2500\u2500\u2500\u2500\u2500\u2500\u2500\u2500\u2500\u2518\n\u250c\u2500\u2500\u2500\u2500\u2500\u2500\u2534\u2500\u2500\u2500\u2500\u2500\u2500\u2510                              \u250c\u2500\u2500\u2500\u2500\u2500\u2500\u2534\u2500\u2500\u2500\u2500\u2500\u2500\u2510               \u250c\u2500\u2500\u2500\u2500\u2500\u2500\u2534\u2500\u2500\u2500\u2500\u2500\u2500\u2510                              \u250c\u2500\u2500\u2500\u2500\u2500\u2500\u2534\u2500\u2500\u2500\u2500\u2500\u2500\u2510               \u250c\u2500\u2500\u2500\u2500\u2500\u2500\u2534\u2500\u2500\u2500\u2500\u2500\u2500\u2510\u250c\u2500\u2500\u2500\u2500\u2500\u2500\u2534\u2500\u2500\u2500\u2500\u2500\u2500\u2510\n\u2502  HASH_JOIN  \u2502                              \u2502  HASH_JOIN  \u2502               \u2502  HASH_JOIN  \u2502                              \u2502  HASH_JOIN  \u2502               \u2502  SEQ_SCAN   \u2502\u2502  HASH_JOIN  \u2502\n\u2502    \u2500\u2500\u2500\u2500\u2500\u2500   \u2502                              \u2502    \u2500\u2500\u2500\u2500\u2500\u2500   \u2502               \u2502    \u2500\u2500\u2500\u2500\u2500\u2500   \u2502                              \u2502    \u2500\u2500\u2500\u2500\u2500\u2500   \u2502               \u2502    \u2500\u2500\u2500\u2500\u2500\u2500   \u2502\u2502    \u2500\u2500\u2500\u2500\u2500\u2500   \u2502\n\u2502  Join Type: \u2502                              \u2502  Join Type: \u2502               \u2502  Join Type: \u2502                              \u2502  Join Type: \u2502               \u2502    Table:   \u2502\u2502  Join Type: \u2502\n\u2502    INNER    \u2502                              \u2502     SEMI    \u2502               \u2502    INNER    \u2502                              \u2502     SEMI    \u2502               \u2502     item    \u2502\u2502    INNER    \u2502\n\u2502             \u2502                              \u2502             \u2502               \u2502             \u2502                              \u2502             \u2502               \u2502             \u2502\u2502             \u2502\n\u2502 Conditions: \u2502                              \u2502 Conditions: \u2502               \u2502 Conditions: \u2502                              \u2502 Conditions: \u2502               \u2502    Type:    \u2502\u2502 Conditions: \u2502\n\u2502 ss_addr_sk =\u2502                              \u2502i_manufact_id\u2502               \u2502cs_bill_addr_\u2502                              \u2502i_manufact_id\u2502               \u2502  Sequential \u2502\u2502ws_bill_addr_\u2502\n\u2502 ca_address_s\u251c\u2500\u2500\u2500\u2500\u2500\u2500\u2500\u2500\u2500\u2500\u2500\u2500\u2500\u2500\u2500\u2500\u2500\u2500\u2500\u2500\u2500\u2500\u2510       \u2502     = #0    \u251c\u2500\u2500\u2500\u2500\u2500\u2500\u2500\u2510       \u2502sk = ca_addre\u251c\u2500\u2500\u2500\u2500\u2500\u2500\u2500\u2500\u2500\u2500\u2500\u2500\u2500\u2500\u2500\u2500\u2500\u2500\u2500\u2500\u2500\u2500\u2510       \u2502     = #0    \u251c\u2500\u2500\u2500\u2500\u2500\u2500\u2500\u2510       \u2502     Scan    \u2502\u2502sk = ca_addre\u251c\u2500\u2500\u2500\u2500\u2500\u2500\u2500\u2500\u2500\u2500\u2500\u2500\u2500\u2500\u2500\u2500\u2500\u2500\u2500\u2500\u2500\u2500\u2510\n\u2502      k      \u2502                      \u2502       \u2502             \u2502       \u2502       \u2502    ss_sk    \u2502                      \u2502       \u2502             \u2502       \u2502       \u2502             \u2502\u2502    ss_sk    \u2502                      \u2502\n\u2502             \u2502                      \u2502       \u2502             \u2502       \u2502       \u2502             \u2502                      \u2502       \u2502             \u2502       \u2502       \u2502 Projections:\u2502\u2502             \u2502                      \u2502\n\u2502             \u2502                      \u2502       \u2502             \u2502       \u2502       \u2502             \u2502                      \u2502       \u2502             \u2502       \u2502       \u2502i_manufact_id\u2502\u2502             \u2502                      \u2502\n\u2502             \u2502                      \u2502       \u2502             \u2502       \u2502       \u2502             \u2502                      \u2502       \u2502             \u2502       \u2502       \u2502  i_item_sk  \u2502\u2502             \u2502                      \u2502\n\u2502             \u2502                      \u2502       \u2502             \u2502       \u2502       \u2502             \u2502                      \u2502       \u2502             \u2502       \u2502       \u2502             \u2502\u2502             \u2502                      \u2502\n\u2502 ~43,721 rows\u2502                      \u2502       \u2502 ~20,400 rows\u2502       \u2502       \u2502 ~21,912 rows\u2502                      \u2502       \u2502 ~20,400 rows\u2502       \u2502       \u2502~102,000 rows\u2502\u2502 ~10,951 rows\u2502                      \u2502\n\u2514\u2500\u2500\u2500\u2500\u2500\u2500\u252c\u2500\u2500\u2500\u2500\u2500\u2500\u2518                      \u2502       \u2514\u2500\u2500\u2500\u2500\u2500\u2500\u252c\u2500\u2500\u2500\u2500\u2500\u2500\u2518       \u2502       \u2514\u2500\u2500\u2500\u2500\u2500\u2500\u252c\u2500\u2500\u2500\u2500\u2500\u2500\u2518                      \u2502       \u2514\u2500\u2500\u2500\u2500\u2500\u2500\u252c\u2500\u2500\u2500\u2500\u2500\u2500\u2518       \u2502       \u2514\u2500\u2500\u2500\u2500\u2500\u2500\u2500\u2500\u2500\u2500\u2500\u2500\u2500\u2518\u2514\u2500\u2500\u2500\u2500\u2500\u2500\u252c\u2500\u2500\u2500\u2500\u2500\u2500\u2518                      \u2502\n\u250c\u2500\u2500\u2500\u2500\u2500\u2500\u2534\u2500\u2500\u2500\u2500\u2500\u2500\u2510               \u250c\u2500\u2500\u2500\u2500\u2500\u2500\u2534\u2500\u2500\u2500\u2500\u2500\u2500\u2510\u250c\u2500\u2500\u2500\u2500\u2500\u2500\u2534\u2500\u2500\u2500\u2500\u2500\u2500\u2510\u250c\u2500\u2500\u2500\u2500\u2500\u2500\u2534\u2500\u2500\u2500\u2500\u2500\u2500\u2510\u250c\u2500\u2500\u2500\u2500\u2500\u2500\u2534\u2500\u2500\u2500\u2500\u2500\u2500\u2510               \u250c\u2500\u2500\u2500\u2500\u2500\u2500\u2534\u2500\u2500\u2500\u2500\u2500\u2500\u2510\u250c\u2500\u2500\u2500\u2500\u2500\u2500\u2534\u2500\u2500\u2500\u2500\u2500\u2500\u2510\u250c\u2500\u2500\u2500\u2500\u2500\u2500\u2534\u2500\u2500\u2500\u2500\u2500\u2500\u2510               \u250c\u2500\u2500\u2500\u2500\u2500\u2500\u2534\u2500\u2500\u2500\u2500\u2500\u2500\u2510               \u250c\u2500\u2500\u2500\u2500\u2500\u2500\u2534\u2500\u2500\u2500\u2500\u2500\u2500\u2510\n\u2502  HASH_JOIN  \u2502               \u2502  SEQ_SCAN   \u2502\u2502  SEQ_SCAN   \u2502\u2502  SEQ_SCAN   \u2502\u2502  HASH_JOIN  \u2502               \u2502  SEQ_SCAN   \u2502\u2502  SEQ_SCAN   \u2502\u2502  SEQ_SCAN   \u2502               \u2502  HASH_JOIN  \u2502               \u2502  SEQ_SCAN   \u2502\n\u2502    \u2500\u2500\u2500\u2500\u2500\u2500   \u2502               \u2502    \u2500\u2500\u2500\u2500\u2500\u2500   \u2502\u2502    \u2500\u2500\u2500\u2500\u2500\u2500   \u2502\u2502    \u2500\u2500\u2500\u2500\u2500\u2500   \u2502\u2502    \u2500\u2500\u2500\u2500\u2500\u2500   \u2502               \u2502    \u2500\u2500\u2500\u2500\u2500\u2500   \u2502\u2502    \u2500\u2500\u2500\u2500\u2500\u2500   \u2502\u2502    \u2500\u2500\u2500\u2500\u2500\u2500   \u2502               \u2502    \u2500\u2500\u2500\u2500\u2500\u2500   \u2502               \u2502    \u2500\u2500\u2500\u2500\u2500\u2500   \u2502\n\u2502  Join Type: \u2502               \u2502    Table:   \u2502\u2502    Table:   \u2502\u2502    Table:   \u2502\u2502  Join Type: \u2502               \u2502    Table:   \u2502\u2502    Table:   \u2502\u2502    Table:   \u2502               \u2502  Join Type: \u2502               \u2502    Table:   \u2502\n\u2502    INNER    \u2502               \u2502customer_addr\u2502\u2502     item    \u2502\u2502     item    \u2502\u2502    INNER    \u2502               \u2502customer_addr\u2502\u2502     item    \u2502\u2502     item    \u2502               \u2502    INNER    \u2502               \u2502customer_addr\u2502\n\u2502             \u2502               \u2502     ess     \u2502\u2502             \u2502\u2502             \u2502\u2502             \u2502               \u2502     ess     \u2502\u2502             \u2502\u2502             \u2502               \u2502             \u2502               \u2502     ess     \u2502\n\u2502 Conditions: \u2502               \u2502             \u2502\u2502    Type:    \u2502\u2502    Type:    \u2502\u2502 Conditions: \u2502               \u2502             \u2502\u2502    Type:    \u2502\u2502    Type:    \u2502               \u2502 Conditions: \u2502               \u2502             \u2502\n\u2502ss_sold_date_\u2502               \u2502    Type:    \u2502\u2502  Sequential \u2502\u2502  Sequential \u2502\u2502cs_sold_date_\u2502               \u2502    Type:    \u2502\u2502  Sequential \u2502\u2502  Sequential \u2502               \u2502ws_sold_date_\u2502               \u2502    Type:    \u2502\n\u2502sk = d_date_s\u2502               \u2502  Sequential \u2502\u2502     Scan    \u2502\u2502     Scan    \u2502\u2502sk = d_date_s\u2502               \u2502  Sequential \u2502\u2502     Scan    \u2502\u2502     Scan    \u2502               \u2502sk = d_date_s\u2502               \u2502  Sequential \u2502\n\u2502      k      \u2502               \u2502     Scan    \u2502\u2502             \u2502\u2502             \u2502\u2502      k      \u2502               \u2502     Scan    \u2502\u2502             \u2502\u2502             \u2502               \u2502      k      \u2502               \u2502     Scan    \u2502\n\u2502             \u251c\u2500\u2500\u2500\u2500\u2500\u2500\u2500\u2510       \u2502             \u2502\u2502 Projections:\u2502\u2502 Projections:\u2502\u2502             \u251c\u2500\u2500\u2500\u2500\u2500\u2500\u2500\u2510       \u2502             \u2502\u2502 Projections:\u2502\u2502 Projections:\u2502               \u2502             \u251c\u2500\u2500\u2500\u2500\u2500\u2500\u2500\u2510       \u2502             \u2502\n\u2502             \u2502       \u2502       \u2502 Projections:\u2502\u2502i_manufact_id\u2502\u2502i_manufact_id\u2502\u2502             \u2502       \u2502       \u2502 Projections:\u2502\u2502i_manufact_id\u2502\u2502i_manufact_id\u2502               \u2502             \u2502       \u2502       \u2502 Projections:\u2502\n\u2502             \u2502       \u2502       \u2502ca_address_sk\u2502\u2502  i_item_sk  \u2502\u2502             \u2502\u2502             \u2502       \u2502       \u2502ca_address_sk\u2502\u2502  i_item_sk  \u2502\u2502             \u2502               \u2502             \u2502       \u2502       \u2502ca_address_sk\u2502\n\u2502             \u2502       \u2502       \u2502             \u2502\u2502             \u2502\u2502   Filters:  \u2502\u2502             \u2502       \u2502       \u2502             \u2502\u2502             \u2502\u2502   Filters:  \u2502               \u2502             \u2502       \u2502       \u2502             \u2502\n\u2502             \u2502       \u2502       \u2502   Filters:  \u2502\u2502             \u2502\u2502 i_category= \u2502\u2502             \u2502       \u2502       \u2502   Filters:  \u2502\u2502             \u2502\u2502 i_category= \u2502               \u2502             \u2502       \u2502       \u2502   Filters:  \u2502\n\u2502             \u2502       \u2502       \u2502ca_gmt_offset\u2502\u2502             \u2502\u2502    'Home'   \u2502\u2502             \u2502       \u2502       \u2502ca_gmt_offset\u2502\u2502             \u2502\u2502    'Home'   \u2502               \u2502             \u2502       \u2502       \u2502ca_gmt_offset\u2502\n\u2502             \u2502       \u2502       \u2502    =-5.00   \u2502\u2502             \u2502\u2502             \u2502\u2502             \u2502       \u2502       \u2502    =-5.00   \u2502\u2502             \u2502\u2502             \u2502               \u2502             \u2502       \u2502       \u2502    =-5.00   \u2502\n\u2502             \u2502       \u2502       \u2502             \u2502\u2502             \u2502\u2502             \u2502\u2502             \u2502       \u2502       \u2502             \u2502\u2502             \u2502\u2502             \u2502               \u2502             \u2502       \u2502       \u2502             \u2502\n\u2502~230,647 rows\u2502       \u2502       \u2502 ~41,667 rows\u2502\u2502~102,000 rows\u2502\u2502 ~9,273 rows \u2502\u2502~115,329 rows\u2502       \u2502       \u2502 ~41,667 rows\u2502\u2502~102,000 rows\u2502\u2502 ~9,273 rows \u2502               \u2502 ~57,640 rows\u2502       \u2502       \u2502 ~41,667 rows\u2502\n\u2514\u2500\u2500\u2500\u2500\u2500\u2500\u252c\u2500\u2500\u2500\u2500\u2500\u2500\u2518       \u2502       \u2514\u2500\u2500\u2500\u2500\u2500\u2500\u2500\u2500\u2500\u2500\u2500\u2500\u2500\u2518\u2514\u2500\u2500\u2500\u2500\u2500\u2500\u2500\u2500\u2500\u2500\u2500\u2500\u2500\u2518\u2514\u2500\u2500\u2500\u2500\u2500\u2500\u2500\u2500\u2500\u2500\u2500\u2500\u2500\u2518\u2514\u2500\u2500\u2500\u2500\u2500\u2500\u252c\u2500\u2500\u2500\u2500\u2500\u2500\u2518       \u2502       \u2514\u2500\u2500\u2500\u2500\u2500\u2500\u2500\u2500\u2500\u2500\u2500\u2500\u2500\u2518\u2514\u2500\u2500\u2500\u2500\u2500\u2500\u2500\u2500\u2500\u2500\u2500\u2500\u2500\u2518\u2514\u2500\u2500\u2500\u2500\u2500\u2500\u2500\u2500\u2500\u2500\u2500\u2500\u2500\u2518               \u2514\u2500\u2500\u2500\u2500\u2500\u2500\u252c\u2500\u2500\u2500\u2500\u2500\u2500\u2518       \u2502       \u2514\u2500\u2500\u2500\u2500\u2500\u2500\u2500\u2500\u2500\u2500\u2500\u2500\u2500\u2518\n\u250c\u2500\u2500\u2500\u2500\u2500\u2500\u2534\u2500\u2500\u2500\u2500\u2500\u2500\u2510\u250c\u2500\u2500\u2500\u2500\u2500\u2500\u2534\u2500\u2500\u2500\u2500\u2500\u2500\u2510                                             \u250c\u2500\u2500\u2500\u2500\u2500\u2500\u2534\u2500\u2500\u2500\u2500\u2500\u2500\u2510\u250c\u2500\u2500\u2500\u2500\u2500\u2500\u2534\u2500\u2500\u2500\u2500\u2500\u2500\u2510                                                            \u250c\u2500\u2500\u2500\u2500\u2500\u2500\u2534\u2500\u2500\u2500\u2500\u2500\u2500\u2510\u250c\u2500\u2500\u2500\u2500\u2500\u2500\u2534\u2500\u2500\u2500\u2500\u2500\u2500\u2510\n\u2502  SEQ_SCAN   \u2502\u2502    FILTER   \u2502                                             \u2502  SEQ_SCAN   \u2502\u2502    FILTER   \u2502                                                            \u2502  SEQ_SCAN   \u2502\u2502    FILTER   \u2502\n\u2502    \u2500\u2500\u2500\u2500\u2500\u2500   \u2502\u2502    \u2500\u2500\u2500\u2500\u2500\u2500   \u2502                                             \u2502    \u2500\u2500\u2500\u2500\u2500\u2500   \u2502\u2502    \u2500\u2500\u2500\u2500\u2500\u2500   \u2502                                                            \u2502    \u2500\u2500\u2500\u2500\u2500\u2500   \u2502\u2502    \u2500\u2500\u2500\u2500\u2500\u2500   \u2502\n\u2502    Table:   \u2502\u2502  (d_date_sk \u2502                                             \u2502    Table:   \u2502\u2502  (d_date_sk \u2502                                                            \u2502    Table:   \u2502\u2502  (d_date_sk \u2502\n\u2502 store_sales \u2502\u2502    BETWEEN  \u2502                                             \u2502catalog_sales\u2502\u2502    BETWEEN  \u2502                                                            \u2502  web_sales  \u2502\u2502    BETWEEN  \u2502\n\u2502             \u2502\u2502  2450816 AND\u2502                                             \u2502             \u2502\u2502  2450815 AND\u2502                                                            \u2502             \u2502\u2502  2450816 AND\u2502\n\u2502    Type:    \u2502\u2502   2452642)  \u2502                                             \u2502    Type:    \u2502\u2502   2452653)  \u2502                                                            \u2502    Type:    \u2502\u2502   2452642)  \u2502\n\u2502  Sequential \u2502\u2502             \u2502                                             \u2502  Sequential \u2502\u2502             \u2502                                                            \u2502  Sequential \u2502\u2502             \u2502\n\u2502     Scan    \u2502\u2502             \u2502                                             \u2502     Scan    \u2502\u2502             \u2502                                                            \u2502     Scan    \u2502\u2502             \u2502\n\u2502             \u2502\u2502             \u2502                                             \u2502             \u2502\u2502             \u2502                                                            \u2502             \u2502\u2502             \u2502\n\u2502 Projections:\u2502\u2502             \u2502                                             \u2502 Projections:\u2502\u2502             \u2502                                                            \u2502 Projections:\u2502\u2502             \u2502\n\u2502  ss_item_sk \u2502\u2502             \u2502                                             \u2502  cs_item_sk \u2502\u2502             \u2502                                                            \u2502  ws_item_sk \u2502\u2502             \u2502\n\u2502ss_sold_date_\u2502\u2502             \u2502                                             \u2502cs_sold_date_\u2502\u2502             \u2502                                                            \u2502ws_sold_date_\u2502\u2502             \u2502\n\u2502      sk     \u2502\u2502             \u2502                                             \u2502      sk     \u2502\u2502             \u2502                                                            \u2502      sk     \u2502\u2502             \u2502\n\u2502  ss_addr_sk \u2502\u2502             \u2502                                             \u2502cs_bill_addr_\u2502\u2502             \u2502                                                            \u2502ws_bill_addr_\u2502\u2502             \u2502\n\u2502ss_ext_sales_\u2502\u2502             \u2502                                             \u2502      sk     \u2502\u2502             \u2502                                                            \u2502      sk     \u2502\u2502             \u2502\n\u2502    price    \u2502\u2502             \u2502                                             \u2502cs_ext_sales_\u2502\u2502             \u2502                                                            \u2502ws_ext_sales_\u2502\u2502             \u2502\n\u2502             \u2502\u2502             \u2502                                             \u2502    price    \u2502\u2502             \u2502                                                            \u2502    price    \u2502\u2502             \u2502\n\u2502             \u2502\u2502             \u2502                                             \u2502             \u2502\u2502             \u2502                                                            \u2502             \u2502\u2502             \u2502\n\u2502~28,800,...  \u2502\u2502  ~585 rows  \u2502                                             \u2502~14,401,...  \u2502\u2502  ~585 rows  \u2502                                                            \u2502~7,197,5...  \u2502\u2502  ~585 rows  \u2502\n\u2514\u2500\u2500\u2500\u2500\u2500\u2500\u2500\u2500\u2500\u2500\u2500\u2500\u2500\u2518\u2514\u2500\u2500\u2500\u2500\u2500\u2500\u252c\u2500\u2500\u2500\u2500\u2500\u2500\u2518                                             \u2514\u2500\u2500\u2500\u2500\u2500\u2500\u2500\u2500\u2500\u2500\u2500\u2500\u2500\u2518\u2514\u2500\u2500\u2500\u2500\u2500\u2500\u252c\u2500\u2500\u2500\u2500\u2500\u2500\u2518                                                            \u2514\u2500\u2500\u2500\u2500\u2500\u2500\u2500\u2500\u2500\u2500\u2500\u2500\u2500\u2518\u2514\u2500\u2500\u2500\u2500\u2500\u2500\u252c\u2500\u2500\u2500\u2500\u2500\u2500\u2518\n               \u250c\u2500\u2500\u2500\u2500\u2500\u2500\u2534\u2500\u2500\u2500\u2500\u2500\u2500\u2510                                                            \u250c\u2500\u2500\u2500\u2500\u2500\u2500\u2534\u2500\u2500\u2500\u2500\u2500\u2500\u2510                                                                           \u250c\u2500\u2500\u2500\u2500\u2500\u2500\u2534\u2500\u2500\u2500\u2500\u2500\u2500\u2510\n               \u2502  SEQ_SCAN   \u2502                                                            \u2502  SEQ_SCAN   \u2502                                                                           \u2502  SEQ_SCAN   \u2502\n               \u2502    \u2500\u2500\u2500\u2500\u2500\u2500   \u2502                                                            \u2502    \u2500\u2500\u2500\u2500\u2500\u2500   \u2502                                                                           \u2502    \u2500\u2500\u2500\u2500\u2500\u2500   \u2502\n               \u2502    Table:   \u2502                                                            \u2502    Table:   \u2502                                                                           \u2502    Table:   \u2502\n               \u2502   date_dim  \u2502                                                            \u2502   date_dim  \u2502                                                                           \u2502   date_dim  \u2502\n               \u2502             \u2502                                                            \u2502             \u2502                                                                           \u2502             \u2502\n               \u2502    Type:    \u2502                                                            \u2502    Type:    \u2502                                                                           \u2502    Type:    \u2502\n               \u2502  Sequential \u2502                                                            \u2502  Sequential \u2502                                                                           \u2502  Sequential \u2502\n               \u2502     Scan    \u2502                                                            \u2502     Scan    \u2502                                                                           \u2502     Scan    \u2502\n               \u2502             \u2502                                                            \u2502             \u2502                                                                           \u2502             \u2502\n               \u2502 Projections:\u2502                                                            \u2502 Projections:\u2502                                                                           \u2502 Projections:\u2502\n               \u2502  d_date_sk  \u2502                                                            \u2502  d_date_sk  \u2502                                                                           \u2502  d_date_sk  \u2502\n               \u2502             \u2502                                                            \u2502             \u2502                                                                           \u2502             \u2502\n               \u2502   Filters:  \u2502                                                            \u2502   Filters:  \u2502                                                                           \u2502   Filters:  \u2502\n               \u2502 d_year=2002 \u2502                                                            \u2502 d_year=2002 \u2502                                                                           \u2502 d_year=2002 \u2502\n               \u2502   d_moy=1   \u2502                                                            \u2502   d_moy=1   \u2502                                                                           \u2502   d_moy=1   \u2502\n               \u2502             \u2502                                                            \u2502             \u2502                                                                           \u2502             \u2502\n               \u2502  ~585 rows  \u2502                                                            \u2502  ~585 rows  \u2502                                                                           \u2502  ~585 rows  \u2502\n               \u2514\u2500\u2500\u2500\u2500\u2500\u2500\u2500\u2500\u2500\u2500\u2500\u2500\u2500\u2518                                                            \u2514\u2500\u2500\u2500\u2500\u2500\u2500\u2500\u2500\u2500\u2500\u2500\u2500\u2500\u2518                                                                           \u2514\u2500\u2500\u2500\u2500\u2500\u2500\u2500\u2500\u2500\u2500\u2500\u2500\u2500\u2518\n",
  "plan_json": {
    "total_bytes_written": 0,
    "total_bytes_read": 0,
    "rows_returned": 0,
    "latency": 0.0,
    "result_set_size": 0,
    "query_name": "",
    "blocked_thread_time": 0.0,
    "system_peak_buffer_memory": 0,
    "system_peak_temp_dir_size": 0,
    "cpu_time": 0.0,
    "extra_info": {},
    "cumulative_cardinality": 0,
    "cumulative_rows_scanned": 0,
    "children": [
      {
        "total_bytes_written": 0,
        "total_bytes_read": 0,
        "result_set_size": 0,
        "operator_name": "EXPLAIN_ANALYZE",
        "cpu_time": 0.0,
        "extra_info": {},
        "cumulative_cardinality": 0,
        "operator_type": "EXPLAIN_ANALYZE",
        "operator_cardinality": 0,
        "cumulative_rows_scanned": 0,
        "operator_rows_scanned": 0,
        "operator_timing": 3.52e-07,
        "children": [
          {
            "total_bytes_written": 0,
            "total_bytes_read": 0,
            "result_set_size": 2000,
            "operator_name": "TOP_N",
            "cpu_time": 0.0,
            "extra_info": {
              "Top": "100",
              "Order By": "sum(tmp1.total_sales) ASC"
            },
            "cumulative_cardinality": 0,
            "operator_type": "TOP_N",
            "operator_cardinality": 100,
            "cumulative_rows_scanned": 0,
            "operator_rows_scanned": 0,
            "operator_timing": 8.6063e-05,
            "children": [
              {
                "total_bytes_written": 0,
                "total_bytes_read": 0,
                "result_set_size": 19600,
                "operator_name": "PROJECTION",
                "cpu_time": 0.0,
                "extra_info": {
                  "Projections": [
                    "__internal_decompress_integral_integer(#0, 1)",
                    "#1"
                  ],
                  "Estimated Cardinality": "14462"
                },
                "cumulative_cardinality": 0,
                "operator_type": "PROJECTION",
                "operator_cardinality": 980,
                "cumulative_rows_scanned": 0,
                "operator_rows_scanned": 0,
                "operator_timing": 1.368e-06,
                "children": [
                  {
                    "total_bytes_written": 0,
                    "total_bytes_read": 0,
                    "result_set_size": 17640,
                    "operator_name": "PERFECT_HASH_GROUP_BY",
                    "cpu_time": 0.0,
                    "extra_info": {
                      "Groups": "#0",
                      "Aggregates": "sum(#1)"
                    },
                    "cumulative_cardinality": 0,
                    "operator_type": "PERFECT_HASH_GROUP_BY",
                    "operator_cardinality": 980,
                    "cumulative_rows_scanned": 0,
                    "operator_rows_scanned": 0,
                    "operator_timing": 3.1772999999999995e-05,
                    "children": [
                      {
                        "total_bytes_written": 0,
                        "total_bytes_read": 0,
                        "result_set_size": 52902,
                        "operator_name": "PROJECTION",
                        "cpu_time": 0.0,
                        "extra_info": {
                          "Projections": [
                            "i_manufact_id",
                            "total_sales"
                          ],
                          "Estimated Cardinality": "15675"
                        },
                        "cumulative_cardinality": 0,
                        "operator_type": "PROJECTION",
                        "operator_cardinality": 2939,
                        "cumulative_rows_scanned": 0,
                        "operator_rows_scanned": 0,
                        "operator_timing": 3.22e-07,
                        "children": [
                          {
                            "total_bytes_written": 0,
                            "total_bytes_read": 0,
                            "result_set_size": 52902,
                            "operator_name": "PROJECTION",
                            "cpu_time": 0.0,
                            "extra_info": {
                              "Projections": [
                                "__internal_compress_integral_usmallint(#0, 1)",
                                "#1"
                              ],
                              "Estimated Cardinality": "15675"
                            },
                            "cumulative_cardinality": 0,
                            "operator_type": "PROJECTION",
                            "operator_cardinality": 2939,
                            "cumulative_rows_scanned": 0,
                            "operator_rows_scanned": 0,
                            "operator_timing": 2.961e-06,
                            "children": [
                              {
                                "total_bytes_written": 0,
                                "total_bytes_read": 0,
                                "result_set_size": 0,
                                "operator_name": "UNION",
                                "cpu_time": 0.0,
                                "extra_info": {},
                                "cumulative_cardinality": 0,
                                "operator_type": "UNION",
                                "operator_cardinality": 0,
                                "cumulative_rows_scanned": 0,
                                "operator_rows_scanned": 0,
                                "operator_timing": 0.0,
                                "children": [
                                  {
                                    "total_bytes_written": 0,
                                    "total_bytes_read": 0,
                                    "result_set_size": 0,
                                    "operator_name": "UNION",
                                    "cpu_time": 0.0,
                                    "extra_info": {},
                                    "cumulative_cardinality": 0,
                                    "operator_type": "UNION",
                                    "operator_cardinality": 0,
                                    "cumulative_rows_scanned": 0,
                                    "operator_rows_scanned": 0,
                                    "operator_timing": 0.0,
                                    "children": [
                                      {
                                        "total_bytes_written": 0,
                                        "total_bytes_read": 0,
                                        "result_set_size": 19600,
                                        "operator_name": "PROJECTION",
                                        "cpu_time": 0.0,
                                        "extra_info": {
                                          "Projections": [
                                            "__internal_decompress_integral_integer(#0, 1)",
                                            "#1"
                                          ],
                                          "Estimated Cardinality": "8850"
                                        },
                                        "cumulative_cardinality": 0,
                                        "operator_type": "PROJECTION",
                                        "operator_cardinality": 980,
                                        "cumulative_rows_scanned": 0,
                                        "operator_rows_scanned": 0,
                                        "operator_timing": 1.7694e-05,
                                        "children": [
                                          {
                                            "total_bytes_written": 0,
                                            "total_bytes_read": 0,
                                            "result_set_size": 17640,
                                            "operator_name": "PERFECT_HASH_GROUP_BY",
                                            "cpu_time": 0.0,
                                            "extra_info": {
                                              "Groups": "#0",
                                              "Aggregates": "sum(#1)"
                                            },
                                            "cumulative_cardinality": 0,
                                            "operator_type": "PERFECT_HASH_GROUP_BY",
                                            "operator_cardinality": 980,
                                            "cumulative_rows_scanned": 0,
                                            "operator_rows_scanned": 0,
                                            "operator_timing": 0.001862456,
                                            "children": [
                                              {
                                                "total_bytes_written": 0,
                                                "total_bytes_read": 0,
                                                "result_set_size": 685944,
                                                "operator_name": "PROJECTION",
                                                "cpu_time": 0.0,
                                                "extra_info": {
                                                  "Projections": [
                                                    "i_manufact_id",
                                                    "ss_ext_sales_price"
                                                  ],
                                                  "Estimated Cardinality": "9285"
                                                },
                                                "cumulative_cardinality": 0,
                                                "operator_type": "PROJECTION",
                                                "operator_cardinality": 114324,
                                                "cumulative_rows_scanned": 0,
                                                "operator_rows_scanned": 0,
                                                "operator_timing": 7.5165e-05,
                                                "children": [
                                                  {
                                                    "total_bytes_written": 0,
                                                    "total_bytes_read": 0,
                                                    "result_set_size": 685944,
                                                    "operator_name": "PROJECTION",
                                                    "cpu_time": 0.0,
                                                    "extra_info": {
                                                      "Projections": [
                                                        "#0",
                                                        "__internal_compress_integral_usmallint(#1, 1)"
                                                      ],
                                                      "Estimated Cardinality": "9285"
                                                    },
                                                    "cumulative_cardinality": 0,
                                                    "operator_type": "PROJECTION",
                                                    "operator_cardinality": 114324,
                                                    "cumulative_rows_scanned": 0,
                                                    "operator_rows_scanned": 0,
                                                    "operator_timing": 0.002237415,
                                                    "children": [
                                                      {
                                                        "total_bytes_written": 0,
                                                        "total_bytes_read": 0,
                                                        "result_set_size": 914592,
                                                        "operator_name": "HASH_JOIN",
                                                        "cpu_time": 0.0,
                                                        "extra_info": {
                                                          "Join Type": "INNER",
                                                          "Conditions": "ss_item_sk = i_item_sk",
                                                          "Estimated Cardinality": "9285"
                                                        },
                                                        "cumulative_cardinality": 0,
                                                        "operator_type": "HASH_JOIN",
                                                        "operator_cardinality": 114324,
                                                        "cumulative_rows_scanned": 0,
                                                        "operator_rows_scanned": 0,
                                                        "operator_timing": 0.0034029999999999998,
                                                        "children": [
                                                          {
                                                            "total_bytes_written": 0,
                                                            "total_bytes_read": 0,
                                                            "result_set_size": 1382028,
                                                            "operator_name": "HASH_JOIN",
                                                            "cpu_time": 0.0,
                                                            "extra_info": {
                                                              "Join Type": "INNER",
                                                              "Conditions": "ss_addr_sk = ca_address_sk",
                                                              "Estimated Cardinality": "43721"
                                                            },
                                                            "cumulative_cardinality": 0,
                                                            "operator_type": "HASH_JOIN",
                                                            "operator_cardinality": 115169,
                                                            "cumulative_rows_scanned": 0,
                                                            "operator_rows_scanned": 0,
                                                            "operator_timing": 0.006033475999999998,
                                                            "children": [
                                                              {
                                                                "total_bytes_written": 0,
                                                                "total_bytes_read": 0,
                                                                "result_set_size": 5055136,
                                                                "operator_name": "HASH_JOIN",
                                                                "cpu_time": 0.0,
                                                                "extra_info": {
                                                                  "Join Type": "INNER",
                                                                  "Conditions": "ss_sold_date_sk = d_date_sk",
                                                                  "Estimated Cardinality": "230647"
                                                                },
                                                                "cumulative_cardinality": 0,
                                                                "operator_type": "HASH_JOIN",
                                                                "operator_cardinality": 315946,
                                                                "cumulative_rows_scanned": 0,
                                                                "operator_rows_scanned": 0,
                                                                "operator_timing": 0.036246051,
                                                                "children": [
                                                                  {
                                                                    "total_bytes_written": 0,
                                                                    "total_bytes_read": 0,
                                                                    "result_set_size": 5055136,
                                                                    "operator_name": "SEQ_SCAN ",
                                                                    "cpu_time": 0.0,
                                                                    "extra_info": {
                                                                      "Table": "store_sales",
                                                                      "Type": "Sequential Scan",
                                                                      "Projections": [
                                                                        "ss_item_sk",
                                                                        "ss_sold_date_sk",
                                                                        "ss_addr_sk",
                                                                        "ss_ext_sales_price"
                                                                      ],
                                                                      "Estimated Cardinality": "28800991"
                                                                    },
                                                                    "cumulative_cardinality": 0,
                                                                    "operator_type": "TABLE_SCAN",
                                                                    "operator_cardinality": 315946,
                                                                    "cumulative_rows_scanned": 0,
                                                                    "operator_rows_scanned": 806427748,
                                                                    "operator_timing": 13.230514647999998,
                                                                    "children": []
                                                                  },
                                                                  {
                                                                    "total_bytes_written": 0,
                                                                    "total_bytes_read": 0,
                                                                    "result_set_size": 124,
                                                                    "operator_name": "FILTER",
                                                                    "cpu_time": 0.0,
                                                                    "extra_info": {
                                                                      "Expression": "(d_date_sk BETWEEN 2450816 AND 2452642)",
                                                                      "Estimated Cardinality": "585"
                                                                    },
                                                                    "cumulative_cardinality": 0,
                                                                    "operator_type": "FILTER",
                                                                    "operator_cardinality": 31,
                                                                    "cumulative_rows_scanned": 0,
                                                                    "operator_rows_scanned": 0,
                                                                    "operator_timing": 3.465e-05,
                                                                    "children": [
                                                                      {
                                                                        "total_bytes_written": 0,
                                                                        "total_bytes_read": 0,
                                                                        "result_set_size": 124,
                                                                        "operator_name": "SEQ_SCAN ",
                                                                        "cpu_time": 0.0,
                                                                        "extra_info": {
                                                                          "Table": "date_dim",
                                                                          "Type": "Sequential Scan",
                                                                          "Projections": "d_date_sk",
                                                                          "Filters": [
                                                                            "d_year=2002",
                                                                            "d_moy=1"
                                                                          ],
                                                                          "Estimated Cardinality": "585"
                                                                        },
                                                                        "cumulative_cardinality": 0,
                                                                        "operator_type": "TABLE_SCAN",
                                                                        "operator_cardinality": 31,
                                                                        "cumulative_rows_scanned": 0,
                                                                        "operator_rows_scanned": 73049,
                                                                        "operator_timing": 0.003294834,
                                                                        "children": []
                                                                      }
                                                                    ]
                                                                  }
                                                                ]
                                                              },
                                                              {
                                                                "total_bytes_written": 0,
                                                                "total_bytes_read": 0,
                                                                "result_set_size": 362664,
                                                                "operator_name": "SEQ_SCAN ",
                                                                "cpu_time": 0.0,
                                                                "extra_info": {
                                                                  "Table": "customer_address",
                                                                  "Type": "Sequential Scan",
                                                                  "Projections": "ca_address_sk",
                                                                  "Filters": "ca_gmt_offset=-5.00",
                                                                  "Estimated Cardinality": "41667"
                                                                },
                                                                "cumulative_cardinality": 0,
                                                                "operator_type": "TABLE_SCAN",
                                                                "operator_cardinality": 90666,
                                                                "cumulative_rows_scanned": 0,
                                                                "operator_rows_scanned": 750000,
                                                                "operator_timing": 0.010715197999999997,
                                                                "children": []
                                                              }
                                                            ]
                                                          },
                                                          {
                                                            "total_bytes_written": 0,
                                                            "total_bytes_read": 0,
                                                            "result_set_size": 809888,
                                                            "operator_name": "HASH_JOIN",
                                                            "cpu_time": 0.0,
                                                            "extra_info": {
                                                              "Join Type": "SEMI",
                                                              "Conditions": "i_manufact_id = #0",
                                                              "Estimated Cardinality": "20400"
                                                            },
                                                            "cumulative_cardinality": 0,
                                                            "operator_type": "HASH_JOIN",
                                                            "operator_cardinality": 101236,
                                                            "cumulative_rows_scanned": 0,
                                                            "operator_rows_scanned": 0,
                                                            "operator_timing": 0.0012491639999999997,
                                                            "children": [
                                                              {
                                                                "total_bytes_written": 0,
                                                                "total_bytes_read": 0,
                                                                "result_set_size": 814024,
                                                                "operator_name": "SEQ_SCAN ",
                                                                "cpu_time": 0.0,
                                                                "extra_info": {
                                                                  "Table": "item",
                                                                  "Type": "Sequential Scan",
                                                                  "Projections": [
                                                                    "i_manufact_id",
                                                                    "i_item_sk"
                                                                  ],
                                                                  "Estimated Cardinality": "102000"
                                                                },
                                                                "cumulative_cardinality": 0,
                                                                "operator_type": "TABLE_SCAN",
                                                                "operator_cardinality": 101753,
                                                                "cumulative_rows_scanned": 0,
                                                                "operator_rows_scanned": 102000,
                                                                "operator_timing": 0.002387978999999999,
                                                                "children": []
                                                              },
                                                              {
                                                                "total_bytes_written": 0,
                                                                "total_bytes_read": 0,
                                                                "result_set_size": 40820,
                                                                "operator_name": "SEQ_SCAN ",
                                                                "cpu_time": 0.0,
                                                                "extra_info": {
                                                                  "Table": "item",
                                                                  "Type": "Sequential Scan",
                                                                  "Projections": "i_manufact_id",
                                                                  "Filters": "i_category='Home'",
                                                                  "Estimated Cardinality": "9273"
                                                                },
                                                                "cumulative_cardinality": 0,
                                                                "operator_type": "TABLE_SCAN",
                                                                "operator_cardinality": 10205,
                                                                "cumulative_rows_scanned": 0,
                                                                "operator_rows_scanned": 102000,
                                                                "operator_timing": 0.002516190000000001,
                                                                "children": []
                                                              }
                                                            ]
                                                          }
                                                        ]
                                                      }
                                                    ]
                                                  }
                                                ]
                                              }
                                            ]
                                          }
                                        ]
                                      },
                                      {
                                        "total_bytes_written": 0,
                                        "total_bytes_read": 0,
                                        "result_set_size": 19600,
                                        "operator_name": "PROJECTION",
                                        "cpu_time": 0.0,
                                        "extra_info": {
                                          "Projections": [
                                            "__internal_decompress_integral_integer(#0, 1)",
                                            "#1"
                                          ],
                                          "Estimated Cardinality": "4538"
                                        },
                                        "cumulative_cardinality": 0,
                                        "operator_type": "PROJECTION",
                                        "operator_cardinality": 980,
                                        "cumulative_rows_scanned": 0,
                                        "operator_rows_scanned": 0,
                                        "operator_timing": 2.746e-06,
                                        "children": [
                                          {
                                            "total_bytes_written": 0,
                                            "total_bytes_read": 0,
                                            "result_set_size": 17640,
                                            "operator_name": "PERFECT_HASH_GROUP_BY",
                                            "cpu_time": 0.0,
                                            "extra_info": {
                                              "Groups": "#0",
                                              "Aggregates": "sum(#1)"
                                            },
                                            "cumulative_cardinality": 0,
                                            "operator_type": "PERFECT_HASH_GROUP_BY",
                                            "operator_cardinality": 980,
                                            "cumulative_rows_scanned": 0,
                                            "operator_rows_scanned": 0,
                                            "operator_timing": 0.00013061100000000001,
                                            "children": [
                                              {
                                                "total_bytes_written": 0,
                                                "total_bytes_read": 0,
                                                "result_set_size": 305052,
                                                "operator_name": "PROJECTION",
                                                "cpu_time": 0.0,
                                                "extra_info": {
                                                  "Projections": [
                                                    "i_manufact_id",
                                                    "cs_ext_sales_price"
                                                  ],
                                                  "Estimated Cardinality": "4649"
                                                },
                                                "cumulative_cardinality": 0,
                                                "operator_type": "PROJECTION",
                                                "operator_cardinality": 50842,
                                                "cumulative_rows_scanned": 0,
                                                "operator_rows_scanned": 0,
                                                "operator_timing": 7.473000000000001e-06,
                                                "children": [
                                                  {
                                                    "total_bytes_written": 0,
                                                    "total_bytes_read": 0,
                                                    "result_set_size": 305052,
                                                    "operator_name": "PROJECTION",
                                                    "cpu_time": 0.0,
                                                    "extra_info": {
                                                      "Projections": [
                                                        "#0",
                                                        "__internal_compress_integral_usmallint(#1, 1)"
                                                      ],
                                                      "Estimated Cardinality": "4649"
                                                    },
                                                    "cumulative_cardinality": 0,
                                                    "operator_type": "PROJECTION",
                                                    "operator_cardinality": 50842,
                                                    "cumulative_rows_scanned": 0,
                                                    "operator_rows_scanned": 0,
                                                    "operator_timing": 0.00018789999999999996,
                                                    "children": [
                                                      {
                                                        "total_bytes_written": 0,
                                                        "total_bytes_read": 0,
                                                        "result_set_size": 406736,
                                                        "operator_name": "HASH_JOIN",
                                                        "cpu_time": 0.0,
                                                        "extra_info": {
                                                          "Join Type": "INNER",
                                                          "Conditions": "cs_item_sk = i_item_sk",
                                                          "Estimated Cardinality": "4649"
                                                        },
                                                        "cumulative_cardinality": 0,
                                                        "operator_type": "HASH_JOIN",
                                                        "operator_cardinality": 50842,
                                                        "cumulative_rows_scanned": 0,
                                                        "operator_rows_scanned": 0,
                                                        "operator_timing": 0.0014081150000000001,
                                                        "children": [
                                                          {
                                                            "total_bytes_written": 0,
                                                            "total_bytes_read": 0,
                                                            "result_set_size": 614616,
                                                            "operator_name": "HASH_JOIN",
                                                            "cpu_time": 0.0,
                                                            "extra_info": {
                                                              "Join Type": "INNER",
                                                              "Conditions": "cs_bill_addr_sk = ca_address_sk",
                                                              "Estimated Cardinality": "21912"
                                                            },
                                                            "cumulative_cardinality": 0,
                                                            "operator_type": "HASH_JOIN",
                                                            "operator_cardinality": 51218,
                                                            "cumulative_rows_scanned": 0,
                                                            "operator_rows_scanned": 0,
                                                            "operator_timing": 0.001805933,
                                                            "children": [
                                                              {
                                                                "total_bytes_written": 0,
                                                                "total_bytes_read": 0,
                                                                "result_set_size": 2258096,
                                                                "operator_name": "HASH_JOIN",
                                                                "cpu_time": 0.0,
                                                                "extra_info": {
                                                                  "Join Type": "INNER",
                                                                  "Conditions": "cs_sold_date_sk = d_date_sk",
                                                                  "Estimated Cardinality": "115329"
                                                                },
                                                                "cumulative_cardinality": 0,
                                                                "operator_type": "HASH_JOIN",
                                                                "operator_cardinality": 141131,
                                                                "cumulative_rows_scanned": 0,
                                                                "operator_rows_scanned": 0,
                                                                "operator_timing": 0.0003672979999999999,
                                                                "children": [
                                                                  {
                                                                    "total_bytes_written": 0,
                                                                    "total_bytes_read": 0,
                                                                    "result_set_size": 2258096,
                                                                    "operator_name": "SEQ_SCAN ",
                                                                    "cpu_time": 0.0,
                                                                    "extra_info": {
                                                                      "Table": "catalog_sales",
                                                                      "Type": "Sequential Scan",
                                                                      "Projections": [
                                                                        "cs_item_sk",
                                                                        "cs_sold_date_sk",
                                                                        "cs_bill_addr_sk",
                                                                        "cs_ext_sales_price"
                                                                      ],
                                                                      "Estimated Cardinality": "14401261"
                                                                    },
                                                                    "cumulative_cardinality": 0,
                                                                    "operator_type": "TABLE_SCAN",
                                                                    "operator_cardinality": 141131,
                                                                    "cumulative_rows_scanned": 0,
                                                                    "operator_rows_scanned": 403235308,
                                                                    "operator_timing": 0.041218912999999996,
                                                                    "children": []
                                                                  },
                                                                  {
                                                                    "total_bytes_written": 0,
                                                                    "total_bytes_read": 0,
                                                                    "result_set_size": 124,
                                                                    "operator_name": "FILTER",
                                                                    "cpu_time": 0.0,
                                                                    "extra_info": {
                                                                      "Expression": "(d_date_sk BETWEEN 2450815 AND 2452653)",
                                                                      "Estimated Cardinality": "585"
                                                                    },
                                                                    "cumulative_cardinality": 0,
                                                                    "operator_type": "FILTER",
                                                                    "operator_cardinality": 31,
                                                                    "cumulative_rows_scanned": 0,
                                                                    "operator_rows_scanned": 0,
                                                                    "operator_timing": 3.1553999999999996e-05,
                                                                    "children": [
                                                                      {
                                                                        "total_bytes_written": 0,
                                                                        "total_bytes_read": 0,
                                                                        "result_set_size": 124,
                                                                        "operator_name": "SEQ_SCAN ",
                                                                        "cpu_time": 0.0,
                                                                        "extra_info": {
                                                                          "Table": "date_dim",
                                                                          "Type": "Sequential Scan",
                                                                          "Projections": "d_date_sk",
                                                                          "Filters": [
                                                                            "d_year=2002",
                                                                            "d_moy=1"
                                                                          ],
                                                                          "Estimated Cardinality": "585"
                                                                        },
                                                                        "cumulative_cardinality": 0,
                                                                        "operator_type": "TABLE_SCAN",
                                                                        "operator_cardinality": 31,
                                                                        "cumulative_rows_scanned": 0,
                                                                        "operator_rows_scanned": 73049,
                                                                        "operator_timing": 0.0032984299999999998,
                                                                        "children": []
                                                                      }
                                                                    ]
                                                                  }
                                                                ]
                                                              },
                                                              {
                                                                "total_bytes_written": 0,
                                                                "total_bytes_read": 0,
                                                                "result_set_size": 362664,
                                                                "operator_name": "SEQ_SCAN ",
                                                                "cpu_time": 0.0,
                                                                "extra_info": {
                                                                  "Table": "customer_address",
                                                                  "Type": "Sequential Scan",
                                                                  "Projections": "ca_address_sk",
                                                                  "Filters": "ca_gmt_offset=-5.00",
                                                                  "Estimated Cardinality": "41667"
                                                                },
                                                                "cumulative_cardinality": 0,
                                                                "operator_type": "TABLE_SCAN",
                                                                "operator_cardinality": 90666,
                                                                "cumulative_rows_scanned": 0,
                                                                "operator_rows_scanned": 750000,
                                                                "operator_timing": 0.010404384,
                                                                "children": []
                                                              }
                                                            ]
                                                          },
                                                          {
                                                            "total_bytes_written": 0,
                                                            "total_bytes_read": 0,
                                                            "result_set_size": 809888,
                                                            "operator_name": "HASH_JOIN",
                                                            "cpu_time": 0.0,
                                                            "extra_info": {
                                                              "Join Type": "SEMI",
                                                              "Conditions": "i_manufact_id = #0",
                                                              "Estimated Cardinality": "20400"
                                                            },
                                                            "cumulative_cardinality": 0,
                                                            "operator_type": "HASH_JOIN",
                                                            "operator_cardinality": 101236,
                                                            "cumulative_rows_scanned": 0,
                                                            "operator_rows_scanned": 0,
                                                            "operator_timing": 0.0013059389999999995,
                                                            "children": [
                                                              {
                                                                "total_bytes_written": 0,
                                                                "total_bytes_read": 0,
                                                                "result_set_size": 814024,
                                                                "operator_name": "SEQ_SCAN ",
                                                                "cpu_time": 0.0,
                                                                "extra_info": {
                                                                  "Table": "item",
                                                                  "Type": "Sequential Scan",
                                                                  "Projections": [
                                                                    "i_manufact_id",
                                                                    "i_item_sk"
                                                                  ],
                                                                  "Estimated Cardinality": "102000"
                                                                },
                                                                "cumulative_cardinality": 0,
                                                                "operator_type": "TABLE_SCAN",
                                                                "operator_cardinality": 101753,
                                                                "cumulative_rows_scanned": 0,
                                                                "operator_rows_scanned": 102000,
                                                                "operator_timing": 0.0023279209999999984,
                                                                "children": []
                                                              },
                                                              {
                                                                "total_bytes_written": 0,
                                                                "total_bytes_read": 0,
                                                                "result_set_size": 40820,
                                                                "operator_name": "SEQ_SCAN ",
                                                                "cpu_time": 0.0,
                                                                "extra_info": {
                                                                  "Table": "item",
                                                                  "Type": "Sequential Scan",
                                                                  "Projections": "i_manufact_id",
                                                                  "Filters": "i_category='Home'",
                                                                  "Estimated Cardinality": "9273"
                                                                },
                                                                "cumulative_cardinality": 0,
                                                                "operator_type": "TABLE_SCAN",
                                                                "operator_cardinality": 10205,
                                                                "cumulative_rows_scanned": 0,
                                                                "operator_rows_scanned": 102000,
                                                                "operator_timing": 0.0023431249999999993,
                                                                "children": []
                                                              }
                                                            ]
                                                          }
                                                        ]
                                                      }
                                                    ]
                                                  }
                                                ]
                                              }
                                            ]
                                          }
                                        ]
                                      }
                                    ]
                                  },
                                  {
                                    "total_bytes_written": 0,
                                    "total_bytes_read": 0,
                                    "result_set_size": 19580,
                                    "operator_name": "PROJECTION",
                                    "cpu_time": 0.0,
                                    "extra_info": {
                                      "Projections": [
                                        "__internal_decompress_integral_integer(#0, 1)",
                                        "#1"
                                      ],
                                      "Estimated Cardinality": "2287"
                                    },
                                    "cumulative_cardinality": 0,
                                    "operator_type": "PROJECTION",
                                    "operator_cardinality": 979,
                                    "cumulative_rows_scanned": 0,
                                    "operator_rows_scanned": 0,
                                    "operator_timing": 2.262e-06,
                                    "children": [
                                      {
                                        "total_bytes_written": 0,
                                        "total_bytes_read": 0,
                                        "result_set_size": 17622,
                                        "operator_name": "PERFECT_HASH_GROUP_BY",
                                        "cpu_time": 0.0,
                                        "extra_info": {
                                          "Groups": "#0",
                                          "Aggregates": "sum(#1)"
                                        },
                                        "cumulative_cardinality": 0,
                                        "operator_type": "PERFECT_HASH_GROUP_BY",
                                        "operator_cardinality": 979,
                                        "cumulative_rows_scanned": 0,
                                        "operator_rows_scanned": 0,
                                        "operator_timing": 9.331200000000002e-05,
                                        "children": [
                                          {
                                            "total_bytes_written": 0,
                                            "total_bytes_read": 0,
                                            "result_set_size": 183186,
                                            "operator_name": "PROJECTION",
                                            "cpu_time": 0.0,
                                            "extra_info": {
                                              "Projections": [
                                                "i_manufact_id",
                                                "ws_ext_sales_price"
                                              ],
                                              "Estimated Cardinality": "2315"
                                            },
                                            "cumulative_cardinality": 0,
                                            "operator_type": "PROJECTION",
                                            "operator_cardinality": 30531,
                                            "cumulative_rows_scanned": 0,
                                            "operator_rows_scanned": 0,
                                            "operator_timing": 4.736000000000003e-06,
                                            "children": [
                                              {
                                                "total_bytes_written": 0,
                                                "total_bytes_read": 0,
                                                "result_set_size": 183186,
                                                "operator_name": "PROJECTION",
                                                "cpu_time": 0.0,
                                                "extra_info": {
                                                  "Projections": [
                                                    "__internal_compress_integral_usmallint(#0, 1)",
                                                    "#1"
                                                  ],
                                                  "Estimated Cardinality": "2315"
                                                },
                                                "cumulative_cardinality": 0,
                                                "operator_type": "PROJECTION",
                                                "operator_cardinality": 30531,
                                                "cumulative_rows_scanned": 0,
                                                "operator_rows_scanned": 0,
                                                "operator_timing": 4.803700000000001e-05,
                                                "children": [
                                                  {
                                                    "total_bytes_written": 0,
                                                    "total_bytes_read": 0,
                                                    "result_set_size": 244248,
                                                    "operator_name": "HASH_JOIN",
                                                    "cpu_time": 0.0,
                                                    "extra_info": {
                                                      "Join Type": "SEMI",
                                                      "Conditions": "i_manufact_id = #0",
                                                      "Estimated Cardinality": "2315"
                                                    },
                                                    "cumulative_cardinality": 0,
                                                    "operator_type": "HASH_JOIN",
                                                    "operator_cardinality": 30531,
                                                    "cumulative_rows_scanned": 0,
                                                    "operator_rows_scanned": 0,
                                                    "operator_timing": 0.0008791180000000002,
                                                    "children": [
                                                      {
                                                        "total_bytes_written": 0,
                                                        "total_bytes_read": 0,
                                                        "result_set_size": 245504,
                                                        "operator_name": "HASH_JOIN",
                                                        "cpu_time": 0.0,
                                                        "extra_info": {
                                                          "Join Type": "INNER",
                                                          "Conditions": "i_item_sk = ws_item_sk",
                                                          "Estimated Cardinality": "11579"
                                                        },
                                                        "cumulative_cardinality": 0,
                                                        "operator_type": "HASH_JOIN",
                                                        "operator_cardinality": 30688,
                                                        "cumulative_rows_scanned": 0,
                                                        "operator_rows_scanned": 0,
                                                        "operator_timing": 0.008425802,
                                                        "children": [
                                                          {
                                                            "total_bytes_written": 0,
                                                            "total_bytes_read": 0,
                                                            "result_set_size": 813848,
                                                            "operator_name": "SEQ_SCAN ",
                                                            "cpu_time": 0.0,
                                                            "extra_info": {
                                                              "Table": "item",
                                                              "Type": "Sequential Scan",
                                                              "Projections": [
                                                                "i_manufact_id",
                                                                "i_item_sk"
                                                              ],
                                                              "Estimated Cardinality": "102000"
                                                            },
                                                            "cumulative_cardinality": 0,
                                                            "operator_type": "TABLE_SCAN",
                                                            "operator_cardinality": 101731,
                                                            "cumulative_rows_scanned": 0,
                                                            "operator_rows_scanned": 102000,
                                                            "operator_timing": 0.0003962239999999999,
                                                            "children": []
                                                          },
                                                          {
                                                            "total_bytes_written": 0,
                                                            "total_bytes_read": 0,
                                                            "result_set_size": 369336,
                                                            "operator_name": "HASH_JOIN",
                                                            "cpu_time": 0.0,
                                                            "extra_info": {
                                                              "Join Type": "INNER",
                                                              "Conditions": "ws_bill_addr_sk = ca_address_sk",
                                                              "Estimated Cardinality": "10951"
                                                            },
                                                            "cumulative_cardinality": 0,
                                                            "operator_type": "HASH_JOIN",
                                                            "operator_cardinality": 30778,
                                                            "cumulative_rows_scanned": 0,
                                                            "operator_rows_scanned": 0,
                                                            "operator_timing": 0.0028609620000000003,
                                                            "children": [
                                                              {
                                                                "total_bytes_written": 0,
                                                                "total_bytes_read": 0,
                                                                "result_set_size": 1320224,
                                                                "operator_name": "HASH_JOIN",
                                                                "cpu_time": 0.0,
                                                                "extra_info": {
                                                                  "Join Type": "INNER",
                                                                  "Conditions": "ws_sold_date_sk = d_date_sk",
                                                                  "Estimated Cardinality": "57640"
                                                                },
                                                                "cumulative_cardinality": 0,
                                                                "operator_type": "HASH_JOIN",
                                                                "operator_cardinality": 82514,
                                                                "cumulative_rows_scanned": 0,
                                                                "operator_rows_scanned": 0,
                                                                "operator_timing": 0.010874720999999999,
                                                                "children": [
                                                                  {
                                                                    "total_bytes_written": 0,
                                                                    "total_bytes_read": 0,
                                                                    "result_set_size": 1320224,
                                                                    "operator_name": "SEQ_SCAN ",
                                                                    "cpu_time": 0.0,
                                                                    "extra_info": {
                                                                      "Table": "web_sales",
                                                                      "Type": "Sequential Scan",
                                                                      "Projections": [
                                                                        "ws_item_sk",
                                                                        "ws_sold_date_sk",
                                                                        "ws_bill_addr_sk",
                                                                        "ws_ext_sales_price"
                                                                      ],
                                                                      "Estimated Cardinality": "7197566"
                                                                    },
                                                                    "cumulative_cardinality": 0,
                                                                    "operator_type": "TABLE_SCAN",
                                                                    "operator_cardinality": 82514,
                                                                    "cumulative_rows_scanned": 0,
                                                                    "operator_rows_scanned": 201531848,
                                                                    "operator_timing": 3.4457109289999996,
                                                                    "children": []
                                                                  },
                                                                  {
                                                                    "total_bytes_written": 0,
                                                                    "total_bytes_read": 0,
                                                                    "result_set_size": 124,
                                                                    "operator_name": "FILTER",
                                                                    "cpu_time": 0.0,
                                                                    "extra_info": {
                                                                      "Expression": "(d_date_sk BETWEEN 2450816 AND 2452642)",
                                                                      "Estimated Cardinality": "585"
                                                                    },
                                                                    "cumulative_cardinality": 0,
                                                                    "operator_type": "FILTER",
                                                                    "operator_cardinality": 31,
                                                                    "cumulative_rows_scanned": 0,
                                                                    "operator_rows_scanned": 0,
                                                                    "operator_timing": 6.739e-05,
                                                                    "children": [
                                                                      {
                                                                        "total_bytes_written": 0,
                                                                        "total_bytes_read": 0,
                                                                        "result_set_size": 124,
                                                                        "operator_name": "SEQ_SCAN ",
                                                                        "cpu_time": 0.0,
                                                                        "extra_info": {
                                                                          "Table": "date_dim",
                                                                          "Type": "Sequential Scan",
                                                                          "Projections": "d_date_sk",
                                                                          "Filters": [
                                                                            "d_year=2002",
                                                                            "d_moy=1"
                                                                          ],
                                                                          "Estimated Cardinality": "585"
                                                                        },
                                                                        "cumulative_cardinality": 0,
                                                                        "operator_type": "TABLE_SCAN",
                                                                        "operator_cardinality": 31,
                                                                        "cumulative_rows_scanned": 0,
                                                                        "operator_rows_scanned": 73049,
                                                                        "operator_timing": 0.003216512,
                                                                        "children": []
                                                                      }
                                                                    ]
                                                                  }
                                                                ]
                                                              },
                                                              {
                                                                "total_bytes_written": 0,
                                                                "total_bytes_read": 0,
                                                                "result_set_size": 362664,
                                                                "operator_name": "SEQ_SCAN ",
                                                                "cpu_time": 0.0,
                                                                "extra_info": {
                                                                  "Table": "customer_address",
                                                                  "Type": "Sequential Scan",
                                                                  "Projections": "ca_address_sk",
                                                                  "Filters": "ca_gmt_offset=-5.00",
                                                                  "Estimated Cardinality": "41667"
                                                                },
                                                                "cumulative_cardinality": 0,
                                                                "operator_type": "TABLE_SCAN",
                                                                "operator_cardinality": 90666,
                                                                "cumulative_rows_scanned": 0,
                                                                "operator_rows_scanned": 750000,
                                                                "operator_timing": 0.010491388,
                                                                "children": []
                                                              }
                                                            ]
                                                          }
                                                        ]
                                                      },
                                                      {
                                                        "total_bytes_written": 0,
                                                        "total_bytes_read": 0,
                                                        "result_set_size": 40820,
                                                        "operator_name": "SEQ_SCAN ",
                                                        "cpu_time": 0.0,
                                                        "extra_info": {
                                                          "Table": "item",
                                                          "Type": "Sequential Scan",
                                                          "Projections": "i_manufact_id",
                                                          "Filters": "i_category='Home'",
                                                          "Estimated Cardinality": "9273"
                                                        },
                                                        "cumulative_cardinality": 0,
                                                        "operator_type": "TABLE_SCAN",
                                                        "operator_cardinality": 10205,
                                                        "cumulative_rows_scanned": 0,
                                                        "operator_rows_scanned": 102000,
                                                        "operator_timing": 0.002422523,
                                                        "children": []
                                                      }
                                                    ]
                                                  }
                                                ]
                                              }
                                            ]
                                          }
                                        ]
                                      }
                                    ]
                                  }
                                ]
                              }
                            ]
                          }
                        ]
                      }
                    ]
                  }
                ]
              }
            ]
          }
        ]
      }
    ]
  },
  "actual_rows": 0,
  "provenance": {
    "database": "/mnt/d/TPC-DS/tpcds_sf10.duckdb",
    "scale_factor": 10,
    "engine": "duckdb",
    "engine_version": "1.4.3",
    "cached_at": "2026-02-08T10:21:01.299948"
  }
}