{
  "execution_time_ms": 0.0,
  "plan_text": "\u250c\u2500\u2500\u2500\u2500\u2500\u2500\u2500\u2500\u2500\u2500\u2500\u2500\u2500\u2510\n\u2502    TOP_N    \u2502\n\u2502    \u2500\u2500\u2500\u2500\u2500\u2500   \u2502\n\u2502     Top:    \u2502\n\u2502     100     \u2502\n\u2502             \u2502\n\u2502  Order By:  \u2502\n\u2502   ss_items  \u2502\n\u2502 .item_id ASC\u2502\n\u2502   ss_items  \u2502\n\u2502 .ss_item_rev\u2502\n\u2502      ASC    \u2502\n\u2514\u2500\u2500\u2500\u2500\u2500\u2500\u252c\u2500\u2500\u2500\u2500\u2500\u2500\u2518\n\u250c\u2500\u2500\u2500\u2500\u2500\u2500\u2534\u2500\u2500\u2500\u2500\u2500\u2500\u2510\n\u2502  PROJECTION \u2502\n\u2502    \u2500\u2500\u2500\u2500\u2500\u2500   \u2502\n\u2502   item_id   \u2502\n\u2502 ss_item_rev \u2502\n\u2502    ss_dev   \u2502\n\u2502 cs_item_rev \u2502\n\u2502    cs_dev   \u2502\n\u2502 ws_item_rev \u2502\n\u2502    ws_dev   \u2502\n\u2502   average   \u2502\n\u2502             \u2502\n\u2502  ~890 rows  \u2502\n\u2514\u2500\u2500\u2500\u2500\u2500\u2500\u252c\u2500\u2500\u2500\u2500\u2500\u2500\u2518\n\u250c\u2500\u2500\u2500\u2500\u2500\u2500\u2534\u2500\u2500\u2500\u2500\u2500\u2500\u2510\n\u2502  PROJECTION \u2502\n\u2502    \u2500\u2500\u2500\u2500\u2500\u2500   \u2502\n\u2502   item_id   \u2502\n\u2502 ss_item_rev \u2502\n\u2502(CAST(((ss_it\u2502\n\u2502   em_rev +  \u2502\n\u2502  cs_item_rev\u2502\n\u2502) + ws_item_r\u2502\n\u2502ev) AS DOUBLE\u2502\n\u2502   ) / 3.0)  \u2502\n\u2502 cs_item_rev \u2502\n\u2502 ws_item_rev \u2502\n\u2502             \u2502\n\u2502  ~890 rows  \u2502\n\u2514\u2500\u2500\u2500\u2500\u2500\u2500\u252c\u2500\u2500\u2500\u2500\u2500\u2500\u2518\n\u250c\u2500\u2500\u2500\u2500\u2500\u2500\u2534\u2500\u2500\u2500\u2500\u2500\u2500\u2510\n\u2502  HASH_JOIN  \u2502\n\u2502    \u2500\u2500\u2500\u2500\u2500\u2500   \u2502\n\u2502  Join Type: \u2502\n\u2502    INNER    \u2502\n\u2502             \u2502\n\u2502 Conditions: \u2502\n\u2502  item_id =  \u2502\n\u2502    item_id  \u2502\n\u2502CAST(ss_item_\u2502\n\u2502rev AS DECIMA\u2502\n\u2502 L(38,3)) >= \u2502\n\u2502(0.9 * ws_ite\u2502\n\u2502    m_rev)   \u2502\n\u2502(0.9 * ss_ite\u2502\n\u2502  m_rev) <=  \u2502\n\u2502 CAST(ws_item\u2502\n\u2502_rev AS DECIM\u2502\n\u2502  AL(38,3))  \u2502\n\u2502CAST(ss_item_\u2502\n\u2502rev AS DECIMA\u2502\n\u2502 L(38,3)) <= \u2502\n\u2502(1.1 * ws_ite\u2502\n\u2502    m_rev)   \u2502\n\u2502(1.1 * ss_ite\u2502\n\u2502  m_rev) >=  \u2502\n\u2502 CAST(ws_item\u251c\u2500\u2500\u2500\u2500\u2500\u2500\u2500\u2500\u2500\u2500\u2500\u2500\u2500\u2500\u2500\u2500\u2500\u2500\u2500\u2500\u2500\u2500\u2500\u2500\u2500\u2500\u2500\u2500\u2500\u2500\u2500\u2500\u2500\u2500\u2500\u2500\u2500\u2500\u2500\u2500\u2500\u2500\u2500\u2500\u2500\u2500\u2500\u2500\u2500\u2500\u2500\u2500\u2500\u2500\u2500\u2500\u2500\u2500\u2500\u2500\u2500\u2500\u2500\u2500\u2500\u2500\u2500\u2510\n\u2502_rev AS DECIM\u2502                                                                   \u2502\n\u2502  AL(38,3))  \u2502                                                                   \u2502\n\u2502CAST(ss_item_\u2502                                                                   \u2502\n\u2502rev AS DECIMA\u2502                                                                   \u2502\n\u2502 L(38,3)) >= \u2502                                                                   \u2502\n\u2502(0.9 * cs_ite\u2502                                                                   \u2502\n\u2502    m_rev)   \u2502                                                                   \u2502\n\u2502(0.9 * ss_ite\u2502                                                                   \u2502\n\u2502  m_rev) <=  \u2502                                                                   \u2502\n\u2502 CAST(cs_item\u2502                                                                   \u2502\n\u2502_rev AS DECIM\u2502                                                                   \u2502\n\u2502  AL(38,3))  \u2502                                                                   \u2502\n\u2502CAST(ss_item_\u2502                                                                   \u2502\n\u2502rev AS DECIMA\u2502                                                                   \u2502\n\u2502 L(38,3)) <= \u2502                                                                   \u2502\n\u2502(1.1 * cs_ite\u2502                                                                   \u2502\n\u2502    m_rev)   \u2502                                                                   \u2502\n\u2502(1.1 * ss_ite\u2502                                                                   \u2502\n\u2502  m_rev) >=  \u2502                                                                   \u2502\n\u2502 CAST(cs_item\u2502                                                                   \u2502\n\u2502_rev AS DECIM\u2502                                                                   \u2502\n\u2502  AL(38,3))  \u2502                                                                   \u2502\n\u2502             \u2502                                                                   \u2502\n\u2502  ~890 rows  \u2502                                                                   \u2502\n\u2514\u2500\u2500\u2500\u2500\u2500\u2500\u252c\u2500\u2500\u2500\u2500\u2500\u2500\u2518                                                                   \u2502\n\u250c\u2500\u2500\u2500\u2500\u2500\u2500\u2534\u2500\u2500\u2500\u2500\u2500\u2500\u2510                                                            \u250c\u2500\u2500\u2500\u2500\u2500\u2500\u2534\u2500\u2500\u2500\u2500\u2500\u2500\u2510\n\u2502HASH_GROUP_BY\u2502                                                            \u2502  HASH_JOIN  \u2502\n\u2502    \u2500\u2500\u2500\u2500\u2500\u2500   \u2502                                                            \u2502    \u2500\u2500\u2500\u2500\u2500\u2500   \u2502\n\u2502   Groups:   \u2502                                                            \u2502  Join Type: \u2502\n\u2502      #0     \u2502                                                            \u2502    INNER    \u2502\n\u2502             \u2502                                                            \u2502             \u2502\n\u2502 Aggregates: \u2502                                                            \u2502 Conditions: \u2502\n\u2502   sum(#1)   \u2502                                                            \u2502  item_id =  \u2502\n\u2502             \u2502                                                            \u2502    item_id  \u2502\n\u2502             \u2502                                                            \u2502CAST(cs_item_\u2502\n\u2502             \u2502                                                            \u2502rev AS DECIMA\u2502\n\u2502             \u2502                                                            \u2502 L(38,3)) >= \u2502\n\u2502             \u2502                                                            \u2502(0.9 * ws_ite\u2502\n\u2502             \u2502                                                            \u2502    m_rev)   \u2502\n\u2502             \u2502                                                            \u2502(0.9 * cs_ite\u2502\n\u2502             \u2502                                                            \u2502  m_rev) <=  \u2502\n\u2502             \u2502                                                            \u2502 CAST(ws_item\u251c\u2500\u2500\u2500\u2500\u2500\u2500\u2500\u2500\u2500\u2500\u2500\u2500\u2500\u2500\u2500\u2500\u2500\u2500\u2500\u2500\u2500\u2500\u2500\u2500\u2500\u2500\u2500\u2500\u2500\u2500\u2500\u2500\u2500\u2500\u2500\u2500\u2500\u2500\u2500\u2500\u2500\u2500\u2500\u2500\u2500\u2500\u2500\u2500\u2500\u2500\u2500\u2500\u2500\u2500\u2500\u2500\u2500\u2500\u2500\u2500\u2500\u2500\u2500\u2500\u2500\u2500\u2500\u2510\n\u2502             \u2502                                                            \u2502_rev AS DECIM\u2502                                                                   \u2502\n\u2502             \u2502                                                            \u2502  AL(38,3))  \u2502                                                                   \u2502\n\u2502             \u2502                                                            \u2502CAST(cs_item_\u2502                                                                   \u2502\n\u2502             \u2502                                                            \u2502rev AS DECIMA\u2502                                                                   \u2502\n\u2502             \u2502                                                            \u2502 L(38,3)) <= \u2502                                                                   \u2502\n\u2502             \u2502                                                            \u2502(1.1 * ws_ite\u2502                                                                   \u2502\n\u2502             \u2502                                                            \u2502    m_rev)   \u2502                                                                   \u2502\n\u2502             \u2502                                                            \u2502(1.1 * cs_ite\u2502                                                                   \u2502\n\u2502             \u2502                                                            \u2502  m_rev) >=  \u2502                                                                   \u2502\n\u2502             \u2502                                                            \u2502 CAST(ws_item\u2502                                                                   \u2502\n\u2502             \u2502                                                            \u2502_rev AS DECIM\u2502                                                                   \u2502\n\u2502             \u2502                                                            \u2502  AL(38,3))  \u2502                                                                   \u2502\n\u2502             \u2502                                                            \u2502             \u2502                                                                   \u2502\n\u2502 ~1,990 rows \u2502                                                            \u2502  ~941 rows  \u2502                                                                   \u2502\n\u2514\u2500\u2500\u2500\u2500\u2500\u2500\u252c\u2500\u2500\u2500\u2500\u2500\u2500\u2518                                                            \u2514\u2500\u2500\u2500\u2500\u2500\u2500\u252c\u2500\u2500\u2500\u2500\u2500\u2500\u2518                                                                   \u2502\n\u250c\u2500\u2500\u2500\u2500\u2500\u2500\u2534\u2500\u2500\u2500\u2500\u2500\u2500\u2510                                                            \u250c\u2500\u2500\u2500\u2500\u2500\u2500\u2534\u2500\u2500\u2500\u2500\u2500\u2500\u2510                                                            \u250c\u2500\u2500\u2500\u2500\u2500\u2500\u2534\u2500\u2500\u2500\u2500\u2500\u2500\u2510\n\u2502  PROJECTION \u2502                                                            \u2502HASH_GROUP_BY\u2502                                                            \u2502HASH_GROUP_BY\u2502\n\u2502    \u2500\u2500\u2500\u2500\u2500\u2500   \u2502                                                            \u2502    \u2500\u2500\u2500\u2500\u2500\u2500   \u2502                                                            \u2502    \u2500\u2500\u2500\u2500\u2500\u2500   \u2502\n\u2502  i_item_id  \u2502                                                            \u2502   Groups:   \u2502                                                            \u2502   Groups:   \u2502\n\u2502ss_ext_sales_\u2502                                                            \u2502      #0     \u2502                                                            \u2502      #0     \u2502\n\u2502    price    \u2502                                                            \u2502             \u2502                                                            \u2502             \u2502\n\u2502             \u2502                                                            \u2502 Aggregates: \u2502                                                            \u2502 Aggregates: \u2502\n\u2502             \u2502                                                            \u2502   sum(#1)   \u2502                                                            \u2502   sum(#1)   \u2502\n\u2502             \u2502                                                            \u2502             \u2502                                                            \u2502             \u2502\n\u2502~6,116,8...  \u2502                                                            \u2502 ~1,990 rows \u2502                                                            \u2502 ~1,990 rows \u2502\n\u2514\u2500\u2500\u2500\u2500\u2500\u2500\u252c\u2500\u2500\u2500\u2500\u2500\u2500\u2518                                                            \u2514\u2500\u2500\u2500\u2500\u2500\u2500\u252c\u2500\u2500\u2500\u2500\u2500\u2500\u2518                                                            \u2514\u2500\u2500\u2500\u2500\u2500\u2500\u252c\u2500\u2500\u2500\u2500\u2500\u2500\u2518\n\u250c\u2500\u2500\u2500\u2500\u2500\u2500\u2534\u2500\u2500\u2500\u2500\u2500\u2500\u2510                                                            \u250c\u2500\u2500\u2500\u2500\u2500\u2500\u2534\u2500\u2500\u2500\u2500\u2500\u2500\u2510                                                            \u250c\u2500\u2500\u2500\u2500\u2500\u2500\u2534\u2500\u2500\u2500\u2500\u2500\u2500\u2510\n\u2502  HASH_JOIN  \u2502                                                            \u2502  PROJECTION \u2502                                                            \u2502  PROJECTION \u2502\n\u2502    \u2500\u2500\u2500\u2500\u2500\u2500   \u2502                                                            \u2502    \u2500\u2500\u2500\u2500\u2500\u2500   \u2502                                                            \u2502    \u2500\u2500\u2500\u2500\u2500\u2500   \u2502\n\u2502  Join Type: \u2502                                                            \u2502  i_item_id  \u2502                                                            \u2502  i_item_id  \u2502\n\u2502    INNER    \u2502                                                            \u2502cs_ext_sales_\u2502                                                            \u2502ws_ext_sales_\u2502\n\u2502             \u2502                                                            \u2502    price    \u2502                                                            \u2502    price    \u2502\n\u2502 Conditions: \u251c\u2500\u2500\u2500\u2500\u2500\u2500\u2500\u2500\u2500\u2500\u2500\u2500\u2500\u2500\u2500\u2500\u2500\u2500\u2500\u2500\u2500\u2500\u2500\u2500\u2500\u2500\u2500\u2500\u2500\u2500\u2500\u2500\u2500\u2500\u2500\u2500\u2500\u2500\u2500\u2500\u2500\u2500\u2500\u2500\u2500\u2500\u2500\u2500\u2500\u2500\u2500\u2500\u2510       \u2502             \u2502                                                            \u2502             \u2502\n\u2502 ss_item_sk =\u2502                                                    \u2502       \u2502             \u2502                                                            \u2502             \u2502\n\u2502   i_item_sk \u2502                                                    \u2502       \u2502             \u2502                                                            \u2502             \u2502\n\u2502             \u2502                                                    \u2502       \u2502             \u2502                                                            \u2502             \u2502\n\u2502~6,116,8...  \u2502                                                    \u2502       \u2502~3,055,9...  \u2502                                                            \u2502~1,522,0...  \u2502\n\u2514\u2500\u2500\u2500\u2500\u2500\u2500\u252c\u2500\u2500\u2500\u2500\u2500\u2500\u2518                                                    \u2502       \u2514\u2500\u2500\u2500\u2500\u2500\u2500\u252c\u2500\u2500\u2500\u2500\u2500\u2500\u2518                                                            \u2514\u2500\u2500\u2500\u2500\u2500\u2500\u252c\u2500\u2500\u2500\u2500\u2500\u2500\u2518\n\u250c\u2500\u2500\u2500\u2500\u2500\u2500\u2534\u2500\u2500\u2500\u2500\u2500\u2500\u2510                                             \u250c\u2500\u2500\u2500\u2500\u2500\u2500\u2534\u2500\u2500\u2500\u2500\u2500\u2500\u2510\u250c\u2500\u2500\u2500\u2500\u2500\u2500\u2534\u2500\u2500\u2500\u2500\u2500\u2500\u2510                                                            \u250c\u2500\u2500\u2500\u2500\u2500\u2500\u2534\u2500\u2500\u2500\u2500\u2500\u2500\u2510\n\u2502  HASH_JOIN  \u2502                                             \u2502  SEQ_SCAN   \u2502\u2502  HASH_JOIN  \u2502                                                            \u2502  HASH_JOIN  \u2502\n\u2502    \u2500\u2500\u2500\u2500\u2500\u2500   \u2502                                             \u2502    \u2500\u2500\u2500\u2500\u2500\u2500   \u2502\u2502    \u2500\u2500\u2500\u2500\u2500\u2500   \u2502                                                            \u2502    \u2500\u2500\u2500\u2500\u2500\u2500   \u2502\n\u2502  Join Type: \u2502                                             \u2502    Table:   \u2502\u2502  Join Type: \u2502                                                            \u2502  Join Type: \u2502\n\u2502    INNER    \u2502                                             \u2502     item    \u2502\u2502    INNER    \u2502                                                            \u2502    INNER    \u2502\n\u2502             \u2502                                             \u2502             \u2502\u2502             \u2502                                                            \u2502             \u2502\n\u2502 Conditions: \u2502                                             \u2502    Type:    \u2502\u2502 Conditions: \u2502                                                            \u2502 Conditions: \u2502\n\u2502ss_sold_date_\u2502                                             \u2502  Sequential \u2502\u2502 cs_item_sk =\u2502                                                            \u2502 ws_item_sk =\u2502\n\u2502sk = d_date_s\u251c\u2500\u2500\u2500\u2500\u2500\u2500\u2500\u2510                                     \u2502     Scan    \u2502\u2502   i_item_sk \u251c\u2500\u2500\u2500\u2500\u2500\u2500\u2500\u2500\u2500\u2500\u2500\u2500\u2500\u2500\u2500\u2500\u2500\u2500\u2500\u2500\u2500\u2500\u2500\u2500\u2500\u2500\u2500\u2500\u2500\u2500\u2500\u2500\u2500\u2500\u2500\u2500\u2500\u2500\u2500\u2500\u2500\u2500\u2500\u2500\u2500\u2500\u2500\u2500\u2500\u2500\u2500\u2500\u2510       \u2502   i_item_sk \u251c\u2500\u2500\u2500\u2500\u2500\u2500\u2500\u2500\u2500\u2500\u2500\u2500\u2500\u2500\u2500\u2500\u2500\u2500\u2500\u2500\u2500\u2500\u2500\u2500\u2500\u2500\u2500\u2500\u2500\u2500\u2500\u2500\u2500\u2500\u2500\u2500\u2500\u2500\u2500\u2500\u2500\u2500\u2500\u2500\u2500\u2500\u2500\u2500\u2500\u2500\u2500\u2500\u2510\n\u2502      k      \u2502       \u2502                                     \u2502             \u2502\u2502             \u2502                                                    \u2502       \u2502             \u2502                                                    \u2502\n\u2502             \u2502       \u2502                                     \u2502 Projections:\u2502\u2502             \u2502                                                    \u2502       \u2502             \u2502                                                    \u2502\n\u2502             \u2502       \u2502                                     \u2502  i_item_sk  \u2502\u2502             \u2502                                                    \u2502       \u2502             \u2502                                                    \u2502\n\u2502             \u2502       \u2502                                     \u2502  i_item_id  \u2502\u2502             \u2502                                                    \u2502       \u2502             \u2502                                                    \u2502\n\u2502             \u2502       \u2502                                     \u2502             \u2502\u2502             \u2502                                                    \u2502       \u2502             \u2502                                                    \u2502\n\u2502~5,760,1...  \u2502       \u2502                                     \u2502~102,000 rows\u2502\u2502~3,055,9...  \u2502                                                    \u2502       \u2502~1,522,0...  \u2502                                                    \u2502\n\u2514\u2500\u2500\u2500\u2500\u2500\u2500\u252c\u2500\u2500\u2500\u2500\u2500\u2500\u2518       \u2502                                     \u2514\u2500\u2500\u2500\u2500\u2500\u2500\u2500\u2500\u2500\u2500\u2500\u2500\u2500\u2518\u2514\u2500\u2500\u2500\u2500\u2500\u2500\u252c\u2500\u2500\u2500\u2500\u2500\u2500\u2518                                                    \u2502       \u2514\u2500\u2500\u2500\u2500\u2500\u2500\u252c\u2500\u2500\u2500\u2500\u2500\u2500\u2518                                                    \u2502\n\u250c\u2500\u2500\u2500\u2500\u2500\u2500\u2534\u2500\u2500\u2500\u2500\u2500\u2500\u2510\u250c\u2500\u2500\u2500\u2500\u2500\u2500\u2534\u2500\u2500\u2500\u2500\u2500\u2500\u2510                                             \u250c\u2500\u2500\u2500\u2500\u2500\u2500\u2534\u2500\u2500\u2500\u2500\u2500\u2500\u2510                                             \u250c\u2500\u2500\u2500\u2500\u2500\u2500\u2534\u2500\u2500\u2500\u2500\u2500\u2500\u2510\u250c\u2500\u2500\u2500\u2500\u2500\u2500\u2534\u2500\u2500\u2500\u2500\u2500\u2500\u2510                                             \u250c\u2500\u2500\u2500\u2500\u2500\u2500\u2534\u2500\u2500\u2500\u2500\u2500\u2500\u2510\n\u2502  SEQ_SCAN   \u2502\u2502  HASH_JOIN  \u2502                                             \u2502  HASH_JOIN  \u2502                                             \u2502  SEQ_SCAN   \u2502\u2502  HASH_JOIN  \u2502                                             \u2502  SEQ_SCAN   \u2502\n\u2502    \u2500\u2500\u2500\u2500\u2500\u2500   \u2502\u2502    \u2500\u2500\u2500\u2500\u2500\u2500   \u2502                                             \u2502    \u2500\u2500\u2500\u2500\u2500\u2500   \u2502                                             \u2502    \u2500\u2500\u2500\u2500\u2500\u2500   \u2502\u2502    \u2500\u2500\u2500\u2500\u2500\u2500   \u2502                                             \u2502    \u2500\u2500\u2500\u2500\u2500\u2500   \u2502\n\u2502    Table:   \u2502\u2502  Join Type: \u2502                                             \u2502  Join Type: \u2502                                             \u2502    Table:   \u2502\u2502  Join Type: \u2502                                             \u2502    Table:   \u2502\n\u2502 store_sales \u2502\u2502     SEMI    \u2502                                             \u2502    INNER    \u2502                                             \u2502     item    \u2502\u2502    INNER    \u2502                                             \u2502     item    \u2502\n\u2502             \u2502\u2502             \u2502                                             \u2502             \u2502                                             \u2502             \u2502\u2502             \u2502                                             \u2502             \u2502\n\u2502    Type:    \u2502\u2502 Conditions: \u2502                                             \u2502 Conditions: \u2502                                             \u2502    Type:    \u2502\u2502 Conditions: \u2502                                             \u2502    Type:    \u2502\n\u2502  Sequential \u2502\u2502 d_date = #0 \u2502                                             \u2502cs_sold_date_\u2502                                             \u2502  Sequential \u2502\u2502ws_sold_date_\u2502                                             \u2502  Sequential \u2502\n\u2502     Scan    \u2502\u2502             \u2502                                             \u2502sk = d_date_s\u2502                                             \u2502     Scan    \u2502\u2502sk = d_date_s\u2502                                             \u2502     Scan    \u2502\n\u2502             \u2502\u2502             \u251c\u2500\u2500\u2500\u2500\u2500\u2500\u2500\u2510                                     \u2502      k      \u251c\u2500\u2500\u2500\u2500\u2500\u2500\u2500\u2510                                     \u2502             \u2502\u2502      k      \u251c\u2500\u2500\u2500\u2500\u2500\u2500\u2500\u2510                                     \u2502             \u2502\n\u2502 Projections:\u2502\u2502             \u2502       \u2502                                     \u2502             \u2502       \u2502                                     \u2502 Projections:\u2502\u2502             \u2502       \u2502                                     \u2502 Projections:\u2502\n\u2502  ss_item_sk \u2502\u2502             \u2502       \u2502                                     \u2502             \u2502       \u2502                                     \u2502  i_item_sk  \u2502\u2502             \u2502       \u2502                                     \u2502  i_item_sk  \u2502\n\u2502ss_sold_date_\u2502\u2502             \u2502       \u2502                                     \u2502             \u2502       \u2502                                     \u2502  i_item_id  \u2502\u2502             \u2502       \u2502                                     \u2502  i_item_id  \u2502\n\u2502      sk     \u2502\u2502             \u2502       \u2502                                     \u2502             \u2502       \u2502                                     \u2502             \u2502\u2502             \u2502       \u2502                                     \u2502             \u2502\n\u2502ss_ext_sales_\u2502\u2502             \u2502       \u2502                                     \u2502             \u2502       \u2502                                     \u2502             \u2502\u2502             \u2502       \u2502                                     \u2502             \u2502\n\u2502    price    \u2502\u2502             \u2502       \u2502                                     \u2502             \u2502       \u2502                                     \u2502             \u2502\u2502             \u2502       \u2502                                     \u2502             \u2502\n\u2502             \u2502\u2502             \u2502       \u2502                                     \u2502             \u2502       \u2502                                     \u2502             \u2502\u2502             \u2502       \u2502                                     \u2502             \u2502\n\u2502~28,800,...  \u2502\u2502 ~14,609 rows\u2502       \u2502                                     \u2502~2,880,2...  \u2502       \u2502                                     \u2502~102,000 rows\u2502\u2502~1,439,5...  \u2502       \u2502                                     \u2502~102,000 rows\u2502\n\u2514\u2500\u2500\u2500\u2500\u2500\u2500\u2500\u2500\u2500\u2500\u2500\u2500\u2500\u2518\u2514\u2500\u2500\u2500\u2500\u2500\u2500\u252c\u2500\u2500\u2500\u2500\u2500\u2500\u2518       \u2502                                     \u2514\u2500\u2500\u2500\u2500\u2500\u2500\u252c\u2500\u2500\u2500\u2500\u2500\u2500\u2518       \u2502                                     \u2514\u2500\u2500\u2500\u2500\u2500\u2500\u2500\u2500\u2500\u2500\u2500\u2500\u2500\u2518\u2514\u2500\u2500\u2500\u2500\u2500\u2500\u252c\u2500\u2500\u2500\u2500\u2500\u2500\u2518       \u2502                                     \u2514\u2500\u2500\u2500\u2500\u2500\u2500\u2500\u2500\u2500\u2500\u2500\u2500\u2500\u2518\n               \u250c\u2500\u2500\u2500\u2500\u2500\u2500\u2534\u2500\u2500\u2500\u2500\u2500\u2500\u2510\u250c\u2500\u2500\u2500\u2500\u2500\u2500\u2534\u2500\u2500\u2500\u2500\u2500\u2500\u2510                              \u250c\u2500\u2500\u2500\u2500\u2500\u2500\u2534\u2500\u2500\u2500\u2500\u2500\u2500\u2510\u250c\u2500\u2500\u2500\u2500\u2500\u2500\u2534\u2500\u2500\u2500\u2500\u2500\u2500\u2510                                             \u250c\u2500\u2500\u2500\u2500\u2500\u2500\u2534\u2500\u2500\u2500\u2500\u2500\u2500\u2510\u250c\u2500\u2500\u2500\u2500\u2500\u2500\u2534\u2500\u2500\u2500\u2500\u2500\u2500\u2510\n               \u2502  SEQ_SCAN   \u2502\u2502  PROJECTION \u2502                              \u2502  SEQ_SCAN   \u2502\u2502  HASH_JOIN  \u2502                                             \u2502  SEQ_SCAN   \u2502\u2502  HASH_JOIN  \u2502\n               \u2502    \u2500\u2500\u2500\u2500\u2500\u2500   \u2502\u2502    \u2500\u2500\u2500\u2500\u2500\u2500   \u2502                              \u2502    \u2500\u2500\u2500\u2500\u2500\u2500   \u2502\u2502    \u2500\u2500\u2500\u2500\u2500\u2500   \u2502                                             \u2502    \u2500\u2500\u2500\u2500\u2500\u2500   \u2502\u2502    \u2500\u2500\u2500\u2500\u2500\u2500   \u2502\n               \u2502    Table:   \u2502\u2502    d_date   \u2502                              \u2502    Table:   \u2502\u2502  Join Type: \u2502                                             \u2502    Table:   \u2502\u2502  Join Type: \u2502\n               \u2502   date_dim  \u2502\u2502             \u2502                              \u2502catalog_sales\u2502\u2502     SEMI    \u2502                                             \u2502  web_sales  \u2502\u2502     SEMI    \u2502\n               \u2502             \u2502\u2502             \u2502                              \u2502             \u2502\u2502             \u2502                                             \u2502             \u2502\u2502             \u2502\n               \u2502    Type:    \u2502\u2502             \u2502                              \u2502    Type:    \u2502\u2502 Conditions: \u2502                                             \u2502    Type:    \u2502\u2502 Conditions: \u2502\n               \u2502  Sequential \u2502\u2502             \u2502                              \u2502  Sequential \u2502\u2502 d_date = #0 \u2502                                             \u2502  Sequential \u2502\u2502 d_date = #0 \u2502\n               \u2502     Scan    \u2502\u2502             \u2502                              \u2502     Scan    \u2502\u2502             \u2502                                             \u2502     Scan    \u2502\u2502             \u2502\n               \u2502             \u2502\u2502             \u2502                              \u2502             \u2502\u2502             \u2502                                             \u2502             \u2502\u2502             \u2502\n               \u2502 Projections:\u2502\u2502             \u2502                              \u2502 Projections:\u2502\u2502             \u2502                                             \u2502 Projections:\u2502\u2502             \u2502\n               \u2502    d_date   \u2502\u2502             \u2502                              \u2502  cs_item_sk \u2502\u2502             \u251c\u2500\u2500\u2500\u2500\u2500\u2500\u2500\u2510                                     \u2502  ws_item_sk \u2502\u2502             \u251c\u2500\u2500\u2500\u2500\u2500\u2500\u2500\u2510\n               \u2502  d_date_sk  \u2502\u2502             \u2502                              \u2502cs_sold_date_\u2502\u2502             \u2502       \u2502                                     \u2502ws_sold_date_\u2502\u2502             \u2502       \u2502\n               \u2502             \u2502\u2502             \u2502                              \u2502      sk     \u2502\u2502             \u2502       \u2502                                     \u2502      sk     \u2502\u2502             \u2502       \u2502\n               \u2502   Filters:  \u2502\u2502             \u2502                              \u2502cs_ext_sales_\u2502\u2502             \u2502       \u2502                                     \u2502ws_ext_sales_\u2502\u2502             \u2502       \u2502\n               \u2502  d_date_sk> \u2502\u2502             \u2502                              \u2502    price    \u2502\u2502             \u2502       \u2502                                     \u2502    price    \u2502\u2502             \u2502       \u2502\n               \u2502 =2450816 AND\u2502\u2502             \u2502                              \u2502             \u2502\u2502             \u2502       \u2502                                     \u2502             \u2502\u2502             \u2502       \u2502\n               \u2502  d_date_sk< \u2502\u2502             \u2502                              \u2502             \u2502\u2502             \u2502       \u2502                                     \u2502             \u2502\u2502             \u2502       \u2502\n               \u2502   =2452642  \u2502\u2502             \u2502                              \u2502             \u2502\u2502             \u2502       \u2502                                     \u2502             \u2502\u2502             \u2502       \u2502\n               \u2502             \u2502\u2502             \u2502                              \u2502             \u2502\u2502             \u2502       \u2502                                     \u2502             \u2502\u2502             \u2502       \u2502\n               \u2502 ~73,049 rows\u2502\u2502   ~21 rows  \u2502                              \u2502~14,401,...  \u2502\u2502 ~14,609 rows\u2502       \u2502                                     \u2502~7,197,5...  \u2502\u2502 ~14,609 rows\u2502       \u2502\n               \u2514\u2500\u2500\u2500\u2500\u2500\u2500\u2500\u2500\u2500\u2500\u2500\u2500\u2500\u2518\u2514\u2500\u2500\u2500\u2500\u2500\u2500\u252c\u2500\u2500\u2500\u2500\u2500\u2500\u2518                              \u2514\u2500\u2500\u2500\u2500\u2500\u2500\u2500\u2500\u2500\u2500\u2500\u2500\u2500\u2518\u2514\u2500\u2500\u2500\u2500\u2500\u2500\u252c\u2500\u2500\u2500\u2500\u2500\u2500\u2518       \u2502                                     \u2514\u2500\u2500\u2500\u2500\u2500\u2500\u2500\u2500\u2500\u2500\u2500\u2500\u2500\u2518\u2514\u2500\u2500\u2500\u2500\u2500\u2500\u252c\u2500\u2500\u2500\u2500\u2500\u2500\u2518       \u2502\n                              \u250c\u2500\u2500\u2500\u2500\u2500\u2500\u2534\u2500\u2500\u2500\u2500\u2500\u2500\u2510                                             \u250c\u2500\u2500\u2500\u2500\u2500\u2500\u2534\u2500\u2500\u2500\u2500\u2500\u2500\u2510\u250c\u2500\u2500\u2500\u2500\u2500\u2500\u2534\u2500\u2500\u2500\u2500\u2500\u2500\u2510                                             \u250c\u2500\u2500\u2500\u2500\u2500\u2500\u2534\u2500\u2500\u2500\u2500\u2500\u2500\u2510\u250c\u2500\u2500\u2500\u2500\u2500\u2500\u2534\u2500\u2500\u2500\u2500\u2500\u2500\u2510\n                              \u2502  HASH_JOIN  \u2502                                             \u2502  SEQ_SCAN   \u2502\u2502  PROJECTION \u2502                                             \u2502  SEQ_SCAN   \u2502\u2502  PROJECTION \u2502\n                              \u2502    \u2500\u2500\u2500\u2500\u2500\u2500   \u2502                                             \u2502    \u2500\u2500\u2500\u2500\u2500\u2500   \u2502\u2502    \u2500\u2500\u2500\u2500\u2500\u2500   \u2502                                             \u2502    \u2500\u2500\u2500\u2500\u2500\u2500   \u2502\u2502    \u2500\u2500\u2500\u2500\u2500\u2500   \u2502\n                              \u2502  Join Type: \u2502                                             \u2502    Table:   \u2502\u2502    d_date   \u2502                                             \u2502    Table:   \u2502\u2502    d_date   \u2502\n                              \u2502    INNER    \u2502                                             \u2502   date_dim  \u2502\u2502             \u2502                                             \u2502   date_dim  \u2502\u2502             \u2502\n                              \u2502             \u2502                                             \u2502             \u2502\u2502             \u2502                                             \u2502             \u2502\u2502             \u2502\n                              \u2502 Conditions: \u2502                                             \u2502    Type:    \u2502\u2502             \u2502                                             \u2502    Type:    \u2502\u2502             \u2502\n                              \u2502 d_week_seq =\u2502                                             \u2502  Sequential \u2502\u2502             \u2502                                             \u2502  Sequential \u2502\u2502             \u2502\n                              \u2502   SUBQUERY  \u2502                                             \u2502     Scan    \u2502\u2502             \u2502                                             \u2502     Scan    \u2502\u2502             \u2502\n                              \u2502             \u2502                                             \u2502             \u2502\u2502             \u2502                                             \u2502             \u2502\u2502             \u2502\n                              \u2502             \u2502                                             \u2502 Projections:\u2502\u2502             \u2502                                             \u2502 Projections:\u2502\u2502             \u2502\n                              \u2502             \u251c\u2500\u2500\u2500\u2500\u2500\u2500\u2500\u2510                                     \u2502    d_date   \u2502\u2502             \u2502                                             \u2502    d_date   \u2502\u2502             \u2502\n                              \u2502             \u2502       \u2502                                     \u2502  d_date_sk  \u2502\u2502             \u2502                                             \u2502  d_date_sk  \u2502\u2502             \u2502\n                              \u2502             \u2502       \u2502                                     \u2502             \u2502\u2502             \u2502                                             \u2502             \u2502\u2502             \u2502\n                              \u2502             \u2502       \u2502                                     \u2502   Filters:  \u2502\u2502             \u2502                                             \u2502   Filters:  \u2502\u2502             \u2502\n                              \u2502             \u2502       \u2502                                     \u2502  d_date_sk> \u2502\u2502             \u2502                                             \u2502  d_date_sk> \u2502\u2502             \u2502\n                              \u2502             \u2502       \u2502                                     \u2502 =2450815 AND\u2502\u2502             \u2502                                             \u2502 =2450816 AND\u2502\u2502             \u2502\n                              \u2502             \u2502       \u2502                                     \u2502  d_date_sk< \u2502\u2502             \u2502                                             \u2502  d_date_sk< \u2502\u2502             \u2502\n                              \u2502             \u2502       \u2502                                     \u2502   =2452653  \u2502\u2502             \u2502                                             \u2502   =2452642  \u2502\u2502             \u2502\n                              \u2502             \u2502       \u2502                                     \u2502             \u2502\u2502             \u2502                                             \u2502             \u2502\u2502             \u2502\n                              \u2502   ~21 rows  \u2502       \u2502                                     \u2502 ~73,049 rows\u2502\u2502   ~21 rows  \u2502                                             \u2502 ~73,049 rows\u2502\u2502   ~21 rows  \u2502\n                              \u2514\u2500\u2500\u2500\u2500\u2500\u2500\u252c\u2500\u2500\u2500\u2500\u2500\u2500\u2518       \u2502                                     \u2514\u2500\u2500\u2500\u2500\u2500\u2500\u2500\u2500\u2500\u2500\u2500\u2500\u2500\u2518\u2514\u2500\u2500\u2500\u2500\u2500\u2500\u252c\u2500\u2500\u2500\u2500\u2500\u2500\u2518                                             \u2514\u2500\u2500\u2500\u2500\u2500\u2500\u2500\u2500\u2500\u2500\u2500\u2500\u2500\u2518\u2514\u2500\u2500\u2500\u2500\u2500\u2500\u252c\u2500\u2500\u2500\u2500\u2500\u2500\u2518\n                              \u250c\u2500\u2500\u2500\u2500\u2500\u2500\u2534\u2500\u2500\u2500\u2500\u2500\u2500\u2510\u250c\u2500\u2500\u2500\u2500\u2500\u2500\u2534\u2500\u2500\u2500\u2500\u2500\u2500\u2510                                             \u250c\u2500\u2500\u2500\u2500\u2500\u2500\u2534\u2500\u2500\u2500\u2500\u2500\u2500\u2510                                                            \u250c\u2500\u2500\u2500\u2500\u2500\u2500\u2534\u2500\u2500\u2500\u2500\u2500\u2500\u2510\n                              \u2502  SEQ_SCAN   \u2502\u2502  PROJECTION \u2502                                             \u2502  HASH_JOIN  \u2502                                                            \u2502  HASH_JOIN  \u2502\n                              \u2502    \u2500\u2500\u2500\u2500\u2500\u2500   \u2502\u2502    \u2500\u2500\u2500\u2500\u2500\u2500   \u2502                                             \u2502    \u2500\u2500\u2500\u2500\u2500\u2500   \u2502                                                            \u2502    \u2500\u2500\u2500\u2500\u2500\u2500   \u2502\n                              \u2502    Table:   \u2502\u2502 CASE  WHEN (\u2502                                             \u2502  Join Type: \u2502                                                            \u2502  Join Type: \u2502\n                              \u2502   date_dim  \u2502\u2502  (#1 > 1))  \u2502                                             \u2502    INNER    \u2502                                                            \u2502    INNER    \u2502\n                              \u2502             \u2502\u2502 THEN (\"error\u2502                                             \u2502             \u2502                                                            \u2502             \u2502\n                              \u2502    Type:    \u2502\u2502 \"('More than\u2502                                             \u2502 Conditions: \u2502                                                            \u2502 Conditions: \u2502\n                              \u2502  Sequential \u2502\u2502    one row  \u2502                                             \u2502 d_week_seq =\u2502                                                            \u2502 d_week_seq =\u2502\n                              \u2502     Scan    \u2502\u2502  returned by\u2502                                             \u2502   SUBQUERY  \u2502                                                            \u2502   SUBQUERY  \u2502\n                              \u2502             \u2502\u2502  a subquery \u2502                                             \u2502             \u2502                                                            \u2502             \u2502\n                              \u2502 Projections:\u2502\u2502  used as an \u2502                                             \u2502             \u2502                                                            \u2502             \u2502\n                              \u2502  d_week_seq \u2502\u2502  expression \u2502                                             \u2502             \u2502                                                            \u2502             \u2502\n                              \u2502    d_date   \u2502\u2502   - scalar  \u2502                                             \u2502             \u2502                                                            \u2502             \u2502\n                              \u2502             \u2502\u2502  subqueries \u2502                                             \u2502             \u2502                                                            \u2502             \u2502\n                              \u2502             \u2502\u2502   can only  \u2502                                             \u2502             \u2502                                                            \u2502             \u2502\n                              \u2502             \u2502\u2502   return a  \u2502                                             \u2502             \u2502                                                            \u2502             \u2502\n                              \u2502             \u2502\u2502  single row.\u2502                                             \u2502             \u251c\u2500\u2500\u2500\u2500\u2500\u2500\u2500\u2510                                                    \u2502             \u251c\u2500\u2500\u2500\u2500\u2500\u2500\u2500\u2510\n                              \u2502             \u2502\u2502   Use \"SET  \u2502                                             \u2502             \u2502       \u2502                                                    \u2502             \u2502       \u2502\n                              \u2502             \u2502\u2502 scalar_subqu\u2502                                             \u2502             \u2502       \u2502                                                    \u2502             \u2502       \u2502\n                              \u2502             \u2502\u2502ery_error_on_\u2502                                             \u2502             \u2502       \u2502                                                    \u2502             \u2502       \u2502\n                              \u2502             \u2502\u2502multiple_rows\u2502                                             \u2502             \u2502       \u2502                                                    \u2502             \u2502       \u2502\n                              \u2502             \u2502\u2502  =false\" to \u2502                                             \u2502             \u2502       \u2502                                                    \u2502             \u2502       \u2502\n                              \u2502             \u2502\u2502   revert to \u2502                                             \u2502             \u2502       \u2502                                                    \u2502             \u2502       \u2502\n                              \u2502             \u2502\u2502   previous  \u2502                                             \u2502             \u2502       \u2502                                                    \u2502             \u2502       \u2502\n                              \u2502             \u2502\u2502  behavior of\u2502                                             \u2502             \u2502       \u2502                                                    \u2502             \u2502       \u2502\n                              \u2502             \u2502\u2502  returning a\u2502                                             \u2502             \u2502       \u2502                                                    \u2502             \u2502       \u2502\n                              \u2502             \u2502\u2502  random row.\u2502                                             \u2502             \u2502       \u2502                                                    \u2502             \u2502       \u2502\n                              \u2502             \u2502\u2502 ')) ELSE #0 \u2502                                             \u2502             \u2502       \u2502                                                    \u2502             \u2502       \u2502\n                              \u2502             \u2502\u2502      END    \u2502                                             \u2502             \u2502       \u2502                                                    \u2502             \u2502       \u2502\n                              \u2502             \u2502\u2502             \u2502                                             \u2502             \u2502       \u2502                                                    \u2502             \u2502       \u2502\n                              \u2502 ~73,049 rows\u2502\u2502    ~1 row   \u2502                                             \u2502   ~21 rows  \u2502       \u2502                                                    \u2502   ~21 rows  \u2502       \u2502\n                              \u2514\u2500\u2500\u2500\u2500\u2500\u2500\u2500\u2500\u2500\u2500\u2500\u2500\u2500\u2518\u2514\u2500\u2500\u2500\u2500\u2500\u2500\u252c\u2500\u2500\u2500\u2500\u2500\u2500\u2518                                             \u2514\u2500\u2500\u2500\u2500\u2500\u2500\u252c\u2500\u2500\u2500\u2500\u2500\u2500\u2518       \u2502                                                    \u2514\u2500\u2500\u2500\u2500\u2500\u2500\u252c\u2500\u2500\u2500\u2500\u2500\u2500\u2518       \u2502\n                                             \u250c\u2500\u2500\u2500\u2500\u2500\u2500\u2534\u2500\u2500\u2500\u2500\u2500\u2500\u2510                                             \u250c\u2500\u2500\u2500\u2500\u2500\u2500\u2534\u2500\u2500\u2500\u2500\u2500\u2500\u2510\u250c\u2500\u2500\u2500\u2500\u2500\u2500\u2534\u2500\u2500\u2500\u2500\u2500\u2500\u2510                                             \u250c\u2500\u2500\u2500\u2500\u2500\u2500\u2534\u2500\u2500\u2500\u2500\u2500\u2500\u2510\u250c\u2500\u2500\u2500\u2500\u2500\u2500\u2534\u2500\u2500\u2500\u2500\u2500\u2500\u2510\n                                             \u2502UNGROUPE...  \u2502                                             \u2502  SEQ_SCAN   \u2502\u2502  PROJECTION \u2502                                             \u2502  SEQ_SCAN   \u2502\u2502  PROJECTION \u2502\n                                             \u2502    \u2500\u2500\u2500\u2500\u2500\u2500   \u2502                                             \u2502    \u2500\u2500\u2500\u2500\u2500\u2500   \u2502\u2502    \u2500\u2500\u2500\u2500\u2500\u2500   \u2502                                             \u2502    \u2500\u2500\u2500\u2500\u2500\u2500   \u2502\u2502    \u2500\u2500\u2500\u2500\u2500\u2500   \u2502\n                                             \u2502 Aggregates: \u2502                                             \u2502    Table:   \u2502\u2502 CASE  WHEN (\u2502                                             \u2502    Table:   \u2502\u2502 CASE  WHEN (\u2502\n                                             \u2502 \"first\"(#0) \u2502                                             \u2502   date_dim  \u2502\u2502  (#1 > 1))  \u2502                                             \u2502   date_dim  \u2502\u2502  (#1 > 1))  \u2502\n                                             \u2502 count_star()\u2502                                             \u2502             \u2502\u2502 THEN (\"error\u2502                                             \u2502             \u2502\u2502 THEN (\"error\u2502\n                                             \u2502             \u2502                                             \u2502    Type:    \u2502\u2502 \"('More than\u2502                                             \u2502    Type:    \u2502\u2502 \"('More than\u2502\n                                             \u2502             \u2502                                             \u2502  Sequential \u2502\u2502    one row  \u2502                                             \u2502  Sequential \u2502\u2502    one row  \u2502\n                                             \u2502             \u2502                                             \u2502     Scan    \u2502\u2502  returned by\u2502                                             \u2502     Scan    \u2502\u2502  returned by\u2502\n                                             \u2502             \u2502                                             \u2502             \u2502\u2502  a subquery \u2502                                             \u2502             \u2502\u2502  a subquery \u2502\n                                             \u2502             \u2502                                             \u2502 Projections:\u2502\u2502  used as an \u2502                                             \u2502 Projections:\u2502\u2502  used as an \u2502\n                                             \u2502             \u2502                                             \u2502  d_week_seq \u2502\u2502  expression \u2502                                             \u2502  d_week_seq \u2502\u2502  expression \u2502\n                                             \u2502             \u2502                                             \u2502    d_date   \u2502\u2502   - scalar  \u2502                                             \u2502    d_date   \u2502\u2502   - scalar  \u2502\n                                             \u2502             \u2502                                             \u2502             \u2502\u2502  subqueries \u2502                                             \u2502             \u2502\u2502  subqueries \u2502\n                                             \u2502             \u2502                                             \u2502             \u2502\u2502   can only  \u2502                                             \u2502             \u2502\u2502   can only  \u2502\n                                             \u2502             \u2502                                             \u2502             \u2502\u2502   return a  \u2502                                             \u2502             \u2502\u2502   return a  \u2502\n                                             \u2502             \u2502                                             \u2502             \u2502\u2502  single row.\u2502                                             \u2502             \u2502\u2502  single row.\u2502\n                                             \u2502             \u2502                                             \u2502             \u2502\u2502   Use \"SET  \u2502                                             \u2502             \u2502\u2502   Use \"SET  \u2502\n                                             \u2502             \u2502                                             \u2502             \u2502\u2502 scalar_subqu\u2502                                             \u2502             \u2502\u2502 scalar_subqu\u2502\n                                             \u2502             \u2502                                             \u2502             \u2502\u2502ery_error_on_\u2502                                             \u2502             \u2502\u2502ery_error_on_\u2502\n                                             \u2502             \u2502                                             \u2502             \u2502\u2502multiple_rows\u2502                                             \u2502             \u2502\u2502multiple_rows\u2502\n                                             \u2502             \u2502                                             \u2502             \u2502\u2502  =false\" to \u2502                                             \u2502             \u2502\u2502  =false\" to \u2502\n                                             \u2502             \u2502                                             \u2502             \u2502\u2502   revert to \u2502                                             \u2502             \u2502\u2502   revert to \u2502\n                                             \u2502             \u2502                                             \u2502             \u2502\u2502   previous  \u2502                                             \u2502             \u2502\u2502   previous  \u2502\n                                             \u2502             \u2502                                             \u2502             \u2502\u2502  behavior of\u2502                                             \u2502             \u2502\u2502  behavior of\u2502\n                                             \u2502             \u2502                                             \u2502             \u2502\u2502  returning a\u2502                                             \u2502             \u2502\u2502  returning a\u2502\n                                             \u2502             \u2502                                             \u2502             \u2502\u2502  random row.\u2502                                             \u2502             \u2502\u2502  random row.\u2502\n                                             \u2502             \u2502                                             \u2502             \u2502\u2502 ')) ELSE #0 \u2502                                             \u2502             \u2502\u2502 ')) ELSE #0 \u2502\n                                             \u2502             \u2502                                             \u2502             \u2502\u2502      END    \u2502                                             \u2502             \u2502\u2502      END    \u2502\n                                             \u2502             \u2502                                             \u2502             \u2502\u2502             \u2502                                             \u2502             \u2502\u2502             \u2502\n                                             \u2502             \u2502                                             \u2502 ~73,049 rows\u2502\u2502    ~1 row   \u2502                                             \u2502 ~73,049 rows\u2502\u2502    ~1 row   \u2502\n                                             \u2514\u2500\u2500\u2500\u2500\u2500\u2500\u252c\u2500\u2500\u2500\u2500\u2500\u2500\u2518                                             \u2514\u2500\u2500\u2500\u2500\u2500\u2500\u2500\u2500\u2500\u2500\u2500\u2500\u2500\u2518\u2514\u2500\u2500\u2500\u2500\u2500\u2500\u252c\u2500\u2500\u2500\u2500\u2500\u2500\u2518                                             \u2514\u2500\u2500\u2500\u2500\u2500\u2500\u2500\u2500\u2500\u2500\u2500\u2500\u2500\u2518\u2514\u2500\u2500\u2500\u2500\u2500\u2500\u252c\u2500\u2500\u2500\u2500\u2500\u2500\u2518\n                                             \u250c\u2500\u2500\u2500\u2500\u2500\u2500\u2534\u2500\u2500\u2500\u2500\u2500\u2500\u2510                                                            \u250c\u2500\u2500\u2500\u2500\u2500\u2500\u2534\u2500\u2500\u2500\u2500\u2500\u2500\u2510                                                            \u250c\u2500\u2500\u2500\u2500\u2500\u2500\u2534\u2500\u2500\u2500\u2500\u2500\u2500\u2510\n                                             \u2502  PROJECTION \u2502                                                            \u2502UNGROUPE...  \u2502                                                            \u2502UNGROUPE...  \u2502\n                                             \u2502    \u2500\u2500\u2500\u2500\u2500\u2500   \u2502                                                            \u2502    \u2500\u2500\u2500\u2500\u2500\u2500   \u2502                                                            \u2502    \u2500\u2500\u2500\u2500\u2500\u2500   \u2502\n                                             \u2502      #0     \u2502                                                            \u2502 Aggregates: \u2502                                                            \u2502 Aggregates: \u2502\n                                             \u2502             \u2502                                                            \u2502 \"first\"(#0) \u2502                                                            \u2502 \"first\"(#0) \u2502\n                                             \u2502   ~2 rows   \u2502                                                            \u2502 count_star()\u2502                                                            \u2502 count_star()\u2502\n                                             \u2514\u2500\u2500\u2500\u2500\u2500\u2500\u252c\u2500\u2500\u2500\u2500\u2500\u2500\u2518                                                            \u2514\u2500\u2500\u2500\u2500\u2500\u2500\u252c\u2500\u2500\u2500\u2500\u2500\u2500\u2518                                                            \u2514\u2500\u2500\u2500\u2500\u2500\u2500\u252c\u2500\u2500\u2500\u2500\u2500\u2500\u2518\n                                             \u250c\u2500\u2500\u2500\u2500\u2500\u2500\u2534\u2500\u2500\u2500\u2500\u2500\u2500\u2510                                                            \u250c\u2500\u2500\u2500\u2500\u2500\u2500\u2534\u2500\u2500\u2500\u2500\u2500\u2500\u2510                                                            \u250c\u2500\u2500\u2500\u2500\u2500\u2500\u2534\u2500\u2500\u2500\u2500\u2500\u2500\u2510\n                                             \u2502  SEQ_SCAN   \u2502                                                            \u2502  PROJECTION \u2502                                                            \u2502  PROJECTION \u2502\n                                             \u2502    \u2500\u2500\u2500\u2500\u2500\u2500   \u2502                                                            \u2502    \u2500\u2500\u2500\u2500\u2500\u2500   \u2502                                                            \u2502    \u2500\u2500\u2500\u2500\u2500\u2500   \u2502\n                                             \u2502    Table:   \u2502                                                            \u2502      #0     \u2502                                                            \u2502      #0     \u2502\n                                             \u2502   date_dim  \u2502                                                            \u2502             \u2502                                                            \u2502             \u2502\n                                             \u2502             \u2502                                                            \u2502             \u2502                                                            \u2502             \u2502\n                                             \u2502    Type:    \u2502                                                            \u2502             \u2502                                                            \u2502             \u2502\n                                             \u2502  Sequential \u2502                                                            \u2502             \u2502                                                            \u2502             \u2502\n                                             \u2502     Scan    \u2502                                                            \u2502             \u2502                                                            \u2502             \u2502\n                                             \u2502             \u2502                                                            \u2502             \u2502                                                            \u2502             \u2502\n                                             \u2502 Projections:\u2502                                                            \u2502             \u2502                                                            \u2502             \u2502\n                                             \u2502  d_week_seq \u2502                                                            \u2502             \u2502                                                            \u2502             \u2502\n                                             \u2502             \u2502                                                            \u2502             \u2502                                                            \u2502             \u2502\n                                             \u2502   Filters:  \u2502                                                            \u2502             \u2502                                                            \u2502             \u2502\n                                             \u2502 d_date='2001\u2502                                                            \u2502             \u2502                                                            \u2502             \u2502\n                                             \u2502-03-24'::DATE\u2502                                                            \u2502             \u2502                                                            \u2502             \u2502\n                                             \u2502             \u2502                                                            \u2502             \u2502                                                            \u2502             \u2502\n                                             \u2502   ~2 rows   \u2502                                                            \u2502   ~2 rows   \u2502                                                            \u2502   ~2 rows   \u2502\n                                             \u2514\u2500\u2500\u2500\u2500\u2500\u2500\u2500\u2500\u2500\u2500\u2500\u2500\u2500\u2518                                                            \u2514\u2500\u2500\u2500\u2500\u2500\u2500\u252c\u2500\u2500\u2500\u2500\u2500\u2500\u2518                                                            \u2514\u2500\u2500\u2500\u2500\u2500\u2500\u252c\u2500\u2500\u2500\u2500\u2500\u2500\u2518\n                                                                                                                        \u250c\u2500\u2500\u2500\u2500\u2500\u2500\u2534\u2500\u2500\u2500\u2500\u2500\u2500\u2510                                                            \u250c\u2500\u2500\u2500\u2500\u2500\u2500\u2534\u2500\u2500\u2500\u2500\u2500\u2500\u2510\n                                                                                                                        \u2502  SEQ_SCAN   \u2502                                                            \u2502  SEQ_SCAN   \u2502\n                                                                                                                        \u2502    \u2500\u2500\u2500\u2500\u2500\u2500   \u2502                                                            \u2502    \u2500\u2500\u2500\u2500\u2500\u2500   \u2502\n                                                                                                                        \u2502    Table:   \u2502                                                            \u2502    Table:   \u2502\n                                                                                                                        \u2502   date_dim  \u2502                                                            \u2502   date_dim  \u2502\n                                                                                                                        \u2502             \u2502                                                            \u2502             \u2502\n                                                                                                                        \u2502    Type:    \u2502                                                            \u2502    Type:    \u2502\n                                                                                                                        \u2502  Sequential \u2502                                                            \u2502  Sequential \u2502\n                                                                                                                        \u2502     Scan    \u2502                                                            \u2502     Scan    \u2502\n                                                                                                                        \u2502             \u2502                                                            \u2502             \u2502\n                                                                                                                        \u2502 Projections:\u2502                                                            \u2502 Projections:\u2502\n                                                                                                                        \u2502  d_week_seq \u2502                                                            \u2502  d_week_seq \u2502\n                                                                                                                        \u2502             \u2502                                                            \u2502             \u2502\n                                                                                                                        \u2502   Filters:  \u2502                                                            \u2502   Filters:  \u2502\n                                                                                                                        \u2502 d_date='2001\u2502                                                            \u2502 d_date='2001\u2502\n                                                                                                                        \u2502-03-24'::DATE\u2502                                                            \u2502-03-24'::DATE\u2502\n                                                                                                                        \u2502             \u2502                                                            \u2502             \u2502\n                                                                                                                        \u2502   ~2 rows   \u2502                                                            \u2502   ~2 rows   \u2502\n                                                                                                                        \u2514\u2500\u2500\u2500\u2500\u2500\u2500\u2500\u2500\u2500\u2500\u2500\u2500\u2500\u2518                                                            \u2514\u2500\u2500\u2500\u2500\u2500\u2500\u2500\u2500\u2500\u2500\u2500\u2500\u2500\u2518\n",
  "plan_json": {
    "total_bytes_written": 0,
    "total_bytes_read": 0,
    "rows_returned": 0,
    "latency": 0.0,
    "result_set_size": 0,
    "query_name": "",
    "blocked_thread_time": 0.0,
    "system_peak_buffer_memory": 0,
    "system_peak_temp_dir_size": 0,
    "cpu_time": 0.0,
    "extra_info": {},
    "cumulative_cardinality": 0,
    "cumulative_rows_scanned": 0,
    "children": [
      {
        "total_bytes_written": 0,
        "total_bytes_read": 0,
        "result_set_size": 0,
        "operator_name": "EXPLAIN_ANALYZE",
        "cpu_time": 0.0,
        "extra_info": {},
        "cumulative_cardinality": 0,
        "operator_type": "EXPLAIN_ANALYZE",
        "operator_cardinality": 0,
        "cumulative_rows_scanned": 0,
        "operator_rows_scanned": 0,
        "operator_timing": 2.97e-07,
        "children": [
          {
            "total_bytes_written": 0,
            "total_bytes_read": 0,
            "result_set_size": 480,
            "operator_name": "TOP_N",
            "cpu_time": 0.0,
            "extra_info": {
              "Top": "100",
              "Order By": [
                "ss_items.item_id ASC",
                "ss_items.ss_item_rev ASC"
              ]
            },
            "cumulative_cardinality": 0,
            "operator_type": "TOP_N",
            "operator_cardinality": 5,
            "cumulative_rows_scanned": 0,
            "operator_rows_scanned": 0,
            "operator_timing": 0.00013056200000000003,
            "children": [
              {
                "total_bytes_written": 0,
                "total_bytes_read": 0,
                "result_set_size": 480,
                "operator_name": "PROJECTION",
                "cpu_time": 0.0,
                "extra_info": {
                  "Projections": [
                    "item_id",
                    "ss_item_rev",
                    "ss_dev",
                    "cs_item_rev",
                    "cs_dev",
                    "ws_item_rev",
                    "ws_dev",
                    "average"
                  ],
                  "Estimated Cardinality": "890"
                },
                "cumulative_cardinality": 0,
                "operator_type": "PROJECTION",
                "operator_cardinality": 5,
                "cumulative_rows_scanned": 0,
                "operator_rows_scanned": 0,
                "operator_timing": 4.6762e-05,
                "children": [
                  {
                    "total_bytes_written": 0,
                    "total_bytes_read": 0,
                    "result_set_size": 360,
                    "operator_name": "PROJECTION",
                    "cpu_time": 0.0,
                    "extra_info": {
                      "Projections": [
                        "item_id",
                        "ss_item_rev",
                        "(CAST(((ss_item_rev + cs_item_rev) + ws_item_rev) AS DOUBLE) / 3.0)",
                        "cs_item_rev",
                        "ws_item_rev"
                      ],
                      "Estimated Cardinality": "890"
                    },
                    "cumulative_cardinality": 0,
                    "operator_type": "PROJECTION",
                    "operator_cardinality": 5,
                    "cumulative_rows_scanned": 0,
                    "operator_rows_scanned": 0,
                    "operator_timing": 3.2293e-05,
                    "children": [
                      {
                        "total_bytes_written": 0,
                        "total_bytes_read": 0,
                        "result_set_size": 320,
                        "operator_name": "HASH_JOIN",
                        "cpu_time": 0.0,
                        "extra_info": {
                          "Join Type": "INNER",
                          "Conditions": [
                            "item_id = item_id",
                            "CAST(ss_item_rev AS DECIMAL(38,3)) >= (0.9 * ws_item_rev)",
                            "(0.9 * ss_item_rev) <= CAST(ws_item_rev AS DECIMAL(38,3))",
                            "CAST(ss_item_rev AS DECIMAL(38,3)) <= (1.1 * ws_item_rev)",
                            "(1.1 * ss_item_rev) >= CAST(ws_item_rev AS DECIMAL(38,3))",
                            "CAST(ss_item_rev AS DECIMAL(38,3)) >= (0.9 * cs_item_rev)",
                            "(0.9 * ss_item_rev) <= CAST(cs_item_rev AS DECIMAL(38,3))",
                            "CAST(ss_item_rev AS DECIMAL(38,3)) <= (1.1 * cs_item_rev)",
                            "(1.1 * ss_item_rev) >= CAST(cs_item_rev AS DECIMAL(38,3))"
                          ],
                          "Estimated Cardinality": "890"
                        },
                        "cumulative_cardinality": 0,
                        "operator_type": "HASH_JOIN",
                        "operator_cardinality": 5,
                        "cumulative_rows_scanned": 0,
                        "operator_rows_scanned": 0,
                        "operator_timing": 0.007390821000000001,
                        "children": [
                          {
                            "total_bytes_written": 0,
                            "total_bytes_read": 0,
                            "result_set_size": 1130560,
                            "operator_name": "HASH_GROUP_BY",
                            "cpu_time": 0.0,
                            "extra_info": {
                              "Groups": "#0",
                              "Aggregates": "sum(#1)",
                              "Estimated Cardinality": "1990"
                            },
                            "cumulative_cardinality": 0,
                            "operator_type": "HASH_GROUP_BY",
                            "operator_cardinality": 35330,
                            "cumulative_rows_scanned": 0,
                            "operator_rows_scanned": 0,
                            "operator_timing": 0.028570929000000002,
                            "children": [
                              {
                                "total_bytes_written": 0,
                                "total_bytes_read": 0,
                                "result_set_size": 1201920,
                                "operator_name": "PROJECTION",
                                "cpu_time": 0.0,
                                "extra_info": {
                                  "Projections": [
                                    "i_item_id",
                                    "ss_ext_sales_price"
                                  ],
                                  "Estimated Cardinality": "6116897"
                                },
                                "cumulative_cardinality": 0,
                                "operator_type": "PROJECTION",
                                "operator_cardinality": 60096,
                                "cumulative_rows_scanned": 0,
                                "operator_rows_scanned": 0,
                                "operator_timing": 3.2737e-05,
                                "children": [
                                  {
                                    "total_bytes_written": 0,
                                    "total_bytes_read": 0,
                                    "result_set_size": 1201920,
                                    "operator_name": "HASH_JOIN",
                                    "cpu_time": 0.0,
                                    "extra_info": {
                                      "Join Type": "INNER",
                                      "Conditions": "ss_item_sk = i_item_sk",
                                      "Estimated Cardinality": "6116897"
                                    },
                                    "cumulative_cardinality": 0,
                                    "operator_type": "HASH_JOIN",
                                    "operator_cardinality": 60096,
                                    "cumulative_rows_scanned": 0,
                                    "operator_rows_scanned": 0,
                                    "operator_timing": 0.0034502070000000003,
                                    "children": [
                                      {
                                        "total_bytes_written": 0,
                                        "total_bytes_read": 0,
                                        "result_set_size": 721152,
                                        "operator_name": "HASH_JOIN",
                                        "cpu_time": 0.0,
                                        "extra_info": {
                                          "Join Type": "INNER",
                                          "Conditions": "ss_sold_date_sk = d_date_sk",
                                          "Estimated Cardinality": "5760198"
                                        },
                                        "cumulative_cardinality": 0,
                                        "operator_type": "HASH_JOIN",
                                        "operator_cardinality": 60096,
                                        "cumulative_rows_scanned": 0,
                                        "operator_rows_scanned": 0,
                                        "operator_timing": 0.014872401,
                                        "children": [
                                          {
                                            "total_bytes_written": 0,
                                            "total_bytes_read": 0,
                                            "result_set_size": 721152,
                                            "operator_name": "SEQ_SCAN ",
                                            "cpu_time": 0.0,
                                            "extra_info": {
                                              "Table": "store_sales",
                                              "Type": "Sequential Scan",
                                              "Projections": [
                                                "ss_item_sk",
                                                "ss_sold_date_sk",
                                                "ss_ext_sales_price"
                                              ],
                                              "Estimated Cardinality": "28800991"
                                            },
                                            "cumulative_cardinality": 0,
                                            "operator_type": "TABLE_SCAN",
                                            "operator_cardinality": 60096,
                                            "cumulative_rows_scanned": 0,
                                            "operator_rows_scanned": 806427748,
                                            "operator_timing": 9.200310968000002,
                                            "children": []
                                          },
                                          {
                                            "total_bytes_written": 0,
                                            "total_bytes_read": 0,
                                            "result_set_size": 28,
                                            "operator_name": "HASH_JOIN",
                                            "cpu_time": 0.0,
                                            "extra_info": {
                                              "Join Type": "SEMI",
                                              "Conditions": "d_date = #0",
                                              "Estimated Cardinality": "14609"
                                            },
                                            "cumulative_cardinality": 0,
                                            "operator_type": "HASH_JOIN",
                                            "operator_cardinality": 7,
                                            "cumulative_rows_scanned": 0,
                                            "operator_rows_scanned": 0,
                                            "operator_timing": 0.00029523799999999997,
                                            "children": [
                                              {
                                                "total_bytes_written": 0,
                                                "total_bytes_read": 0,
                                                "result_set_size": 56,
                                                "operator_name": "SEQ_SCAN ",
                                                "cpu_time": 0.0,
                                                "extra_info": {
                                                  "Table": "date_dim",
                                                  "Type": "Sequential Scan",
                                                  "Projections": [
                                                    "d_date",
                                                    "d_date_sk"
                                                  ],
                                                  "Filters": "d_date_sk>=2450816 AND d_date_sk<=2452642",
                                                  "Estimated Cardinality": "73049"
                                                },
                                                "cumulative_cardinality": 0,
                                                "operator_type": "TABLE_SCAN",
                                                "operator_cardinality": 7,
                                                "cumulative_rows_scanned": 0,
                                                "operator_rows_scanned": 73049,
                                                "operator_timing": 0.000141548,
                                                "children": []
                                              },
                                              {
                                                "total_bytes_written": 0,
                                                "total_bytes_read": 0,
                                                "result_set_size": 28,
                                                "operator_name": "PROJECTION",
                                                "cpu_time": 0.0,
                                                "extra_info": {
                                                  "Projections": "d_date",
                                                  "Estimated Cardinality": "21"
                                                },
                                                "cumulative_cardinality": 0,
                                                "operator_type": "PROJECTION",
                                                "operator_cardinality": 7,
                                                "cumulative_rows_scanned": 0,
                                                "operator_rows_scanned": 0,
                                                "operator_timing": 3.25e-07,
                                                "children": [
                                                  {
                                                    "total_bytes_written": 0,
                                                    "total_bytes_read": 0,
                                                    "result_set_size": 56,
                                                    "operator_name": "HASH_JOIN",
                                                    "cpu_time": 0.0,
                                                    "extra_info": {
                                                      "Join Type": "INNER",
                                                      "Conditions": "d_week_seq = SUBQUERY",
                                                      "Estimated Cardinality": "21"
                                                    },
                                                    "cumulative_cardinality": 0,
                                                    "operator_type": "HASH_JOIN",
                                                    "operator_cardinality": 7,
                                                    "cumulative_rows_scanned": 0,
                                                    "operator_rows_scanned": 0,
                                                    "operator_timing": 0.000151168,
                                                    "children": [
                                                      {
                                                        "total_bytes_written": 0,
                                                        "total_bytes_read": 0,
                                                        "result_set_size": 56,
                                                        "operator_name": "SEQ_SCAN ",
                                                        "cpu_time": 0.0,
                                                        "extra_info": {
                                                          "Table": "date_dim",
                                                          "Type": "Sequential Scan",
                                                          "Projections": [
                                                            "d_week_seq",
                                                            "d_date"
                                                          ],
                                                          "Estimated Cardinality": "73049"
                                                        },
                                                        "cumulative_cardinality": 0,
                                                        "operator_type": "TABLE_SCAN",
                                                        "operator_cardinality": 7,
                                                        "cumulative_rows_scanned": 0,
                                                        "operator_rows_scanned": 73049,
                                                        "operator_timing": 0.000106667,
                                                        "children": []
                                                      },
                                                      {
                                                        "total_bytes_written": 0,
                                                        "total_bytes_read": 0,
                                                        "result_set_size": 4,
                                                        "operator_name": "PROJECTION",
                                                        "cpu_time": 0.0,
                                                        "extra_info": {
                                                          "Projections": [
                                                            "CASE  WHEN ((#1 > 1)) THEN (\"error\"('More than one row returned by a subquery used as an expression - scalar subqueries can only return a single row.",
                                                            "Use \"SET scalar_subquery_error_on_multiple_rows=false\" to revert to previous behavior of returning a random row.')) ELSE #0 END"
                                                          ],
                                                          "Estimated Cardinality": "1"
                                                        },
                                                        "cumulative_cardinality": 0,
                                                        "operator_type": "PROJECTION",
                                                        "operator_cardinality": 1,
                                                        "cumulative_rows_scanned": 0,
                                                        "operator_rows_scanned": 0,
                                                        "operator_timing": 2.265e-06,
                                                        "children": [
                                                          {
                                                            "total_bytes_written": 0,
                                                            "total_bytes_read": 0,
                                                            "result_set_size": 12,
                                                            "operator_name": "UNGROUPED_AGGREGATE",
                                                            "cpu_time": 0.0,
                                                            "extra_info": {
                                                              "Aggregates": [
                                                                "\"first\"(#0)",
                                                                "count_star()"
                                                              ]
                                                            },
                                                            "cumulative_cardinality": 0,
                                                            "operator_type": "UNGROUPED_AGGREGATE",
                                                            "operator_cardinality": 1,
                                                            "cumulative_rows_scanned": 0,
                                                            "operator_rows_scanned": 0,
                                                            "operator_timing": 4.64e-06,
                                                            "children": [
                                                              {
                                                                "total_bytes_written": 0,
                                                                "total_bytes_read": 0,
                                                                "result_set_size": 4,
                                                                "operator_name": "PROJECTION",
                                                                "cpu_time": 0.0,
                                                                "extra_info": {
                                                                  "Projections": "#0",
                                                                  "Estimated Cardinality": "2"
                                                                },
                                                                "cumulative_cardinality": 0,
                                                                "operator_type": "PROJECTION",
                                                                "operator_cardinality": 1,
                                                                "cumulative_rows_scanned": 0,
                                                                "operator_rows_scanned": 0,
                                                                "operator_timing": 6.76e-07,
                                                                "children": [
                                                                  {
                                                                    "total_bytes_written": 0,
                                                                    "total_bytes_read": 0,
                                                                    "result_set_size": 4,
                                                                    "operator_name": "SEQ_SCAN ",
                                                                    "cpu_time": 0.0,
                                                                    "extra_info": {
                                                                      "Table": "date_dim",
                                                                      "Type": "Sequential Scan",
                                                                      "Projections": "d_week_seq",
                                                                      "Filters": "d_date='2001-03-24'::DATE",
                                                                      "Estimated Cardinality": "2"
                                                                    },
                                                                    "cumulative_cardinality": 0,
                                                                    "operator_type": "TABLE_SCAN",
                                                                    "operator_cardinality": 1,
                                                                    "cumulative_rows_scanned": 0,
                                                                    "operator_rows_scanned": 73049,
                                                                    "operator_timing": 0.001228189,
                                                                    "children": []
                                                                  }
                                                                ]
                                                              }
                                                            ]
                                                          }
                                                        ]
                                                      }
                                                    ]
                                                  }
                                                ]
                                              }
                                            ]
                                          }
                                        ]
                                      },
                                      {
                                        "total_bytes_written": 0,
                                        "total_bytes_read": 0,
                                        "result_set_size": 2040000,
                                        "operator_name": "SEQ_SCAN ",
                                        "cpu_time": 0.0,
                                        "extra_info": {
                                          "Table": "item",
                                          "Type": "Sequential Scan",
                                          "Projections": [
                                            "i_item_sk",
                                            "i_item_id"
                                          ],
                                          "Estimated Cardinality": "102000"
                                        },
                                        "cumulative_cardinality": 0,
                                        "operator_type": "TABLE_SCAN",
                                        "operator_cardinality": 102000,
                                        "cumulative_rows_scanned": 0,
                                        "operator_rows_scanned": 102000,
                                        "operator_timing": 0.004432962,
                                        "children": []
                                      }
                                    ]
                                  }
                                ]
                              }
                            ]
                          },
                          {
                            "total_bytes_written": 0,
                            "total_bytes_read": 0,
                            "result_set_size": 11760,
                            "operator_name": "HASH_JOIN",
                            "cpu_time": 0.0,
                            "extra_info": {
                              "Join Type": "INNER",
                              "Conditions": [
                                "item_id = item_id",
                                "CAST(cs_item_rev AS DECIMAL(38,3)) >= (0.9 * ws_item_rev)",
                                "(0.9 * cs_item_rev) <= CAST(ws_item_rev AS DECIMAL(38,3))",
                                "CAST(cs_item_rev AS DECIMAL(38,3)) <= (1.1 * ws_item_rev)",
                                "(1.1 * cs_item_rev) >= CAST(ws_item_rev AS DECIMAL(38,3))"
                              ],
                              "Estimated Cardinality": "941"
                            },
                            "cumulative_cardinality": 0,
                            "operator_type": "HASH_JOIN",
                            "operator_cardinality": 245,
                            "cumulative_rows_scanned": 0,
                            "operator_rows_scanned": 0,
                            "operator_timing": 0.007609725999999997,
                            "children": [
                              {
                                "total_bytes_written": 0,
                                "total_bytes_read": 0,
                                "result_set_size": 759392,
                                "operator_name": "HASH_GROUP_BY",
                                "cpu_time": 0.0,
                                "extra_info": {
                                  "Groups": "#0",
                                  "Aggregates": "sum(#1)",
                                  "Estimated Cardinality": "1990"
                                },
                                "cumulative_cardinality": 0,
                                "operator_type": "HASH_GROUP_BY",
                                "operator_cardinality": 23731,
                                "cumulative_rows_scanned": 0,
                                "operator_rows_scanned": 0,
                                "operator_timing": 0.009334341,
                                "children": [
                                  {
                                    "total_bytes_written": 0,
                                    "total_bytes_read": 0,
                                    "result_set_size": 638880,
                                    "operator_name": "PROJECTION",
                                    "cpu_time": 0.0,
                                    "extra_info": {
                                      "Projections": [
                                        "i_item_id",
                                        "cs_ext_sales_price"
                                      ],
                                      "Estimated Cardinality": "3055970"
                                    },
                                    "cumulative_cardinality": 0,
                                    "operator_type": "PROJECTION",
                                    "operator_cardinality": 31944,
                                    "cumulative_rows_scanned": 0,
                                    "operator_rows_scanned": 0,
                                    "operator_timing": 2.8190000000000005e-06,
                                    "children": [
                                      {
                                        "total_bytes_written": 0,
                                        "total_bytes_read": 0,
                                        "result_set_size": 638880,
                                        "operator_name": "HASH_JOIN",
                                        "cpu_time": 0.0,
                                        "extra_info": {
                                          "Join Type": "INNER",
                                          "Conditions": "cs_item_sk = i_item_sk",
                                          "Estimated Cardinality": "3055970"
                                        },
                                        "cumulative_cardinality": 0,
                                        "operator_type": "HASH_JOIN",
                                        "operator_cardinality": 31944,
                                        "cumulative_rows_scanned": 0,
                                        "operator_rows_scanned": 0,
                                        "operator_timing": 0.003024324000000002,
                                        "children": [
                                          {
                                            "total_bytes_written": 0,
                                            "total_bytes_read": 0,
                                            "result_set_size": 383328,
                                            "operator_name": "HASH_JOIN",
                                            "cpu_time": 0.0,
                                            "extra_info": {
                                              "Join Type": "INNER",
                                              "Conditions": "cs_sold_date_sk = d_date_sk",
                                              "Estimated Cardinality": "2880252"
                                            },
                                            "cumulative_cardinality": 0,
                                            "operator_type": "HASH_JOIN",
                                            "operator_cardinality": 31944,
                                            "cumulative_rows_scanned": 0,
                                            "operator_rows_scanned": 0,
                                            "operator_timing": 0.00014215,
                                            "children": [
                                              {
                                                "total_bytes_written": 0,
                                                "total_bytes_read": 0,
                                                "result_set_size": 383328,
                                                "operator_name": "SEQ_SCAN ",
                                                "cpu_time": 0.0,
                                                "extra_info": {
                                                  "Table": "catalog_sales",
                                                  "Type": "Sequential Scan",
                                                  "Projections": [
                                                    "cs_item_sk",
                                                    "cs_sold_date_sk",
                                                    "cs_ext_sales_price"
                                                  ],
                                                  "Estimated Cardinality": "14401261"
                                                },
                                                "cumulative_cardinality": 0,
                                                "operator_type": "TABLE_SCAN",
                                                "operator_cardinality": 31944,
                                                "cumulative_rows_scanned": 0,
                                                "operator_rows_scanned": 403235308,
                                                "operator_timing": 0.011061024,
                                                "children": []
                                              },
                                              {
                                                "total_bytes_written": 0,
                                                "total_bytes_read": 0,
                                                "result_set_size": 28,
                                                "operator_name": "HASH_JOIN",
                                                "cpu_time": 0.0,
                                                "extra_info": {
                                                  "Join Type": "SEMI",
                                                  "Conditions": "d_date = #0",
                                                  "Estimated Cardinality": "14609"
                                                },
                                                "cumulative_cardinality": 0,
                                                "operator_type": "HASH_JOIN",
                                                "operator_cardinality": 7,
                                                "cumulative_rows_scanned": 0,
                                                "operator_rows_scanned": 0,
                                                "operator_timing": 0.00017112100000000002,
                                                "children": [
                                                  {
                                                    "total_bytes_written": 0,
                                                    "total_bytes_read": 0,
                                                    "result_set_size": 56,
                                                    "operator_name": "SEQ_SCAN ",
                                                    "cpu_time": 0.0,
                                                    "extra_info": {
                                                      "Table": "date_dim",
                                                      "Type": "Sequential Scan",
                                                      "Projections": [
                                                        "d_date",
                                                        "d_date_sk"
                                                      ],
                                                      "Filters": "d_date_sk>=2450815 AND d_date_sk<=2452653",
                                                      "Estimated Cardinality": "73049"
                                                    },
                                                    "cumulative_cardinality": 0,
                                                    "operator_type": "TABLE_SCAN",
                                                    "operator_cardinality": 7,
                                                    "cumulative_rows_scanned": 0,
                                                    "operator_rows_scanned": 73049,
                                                    "operator_timing": 0.000120894,
                                                    "children": []
                                                  },
                                                  {
                                                    "total_bytes_written": 0,
                                                    "total_bytes_read": 0,
                                                    "result_set_size": 28,
                                                    "operator_name": "PROJECTION",
                                                    "cpu_time": 0.0,
                                                    "extra_info": {
                                                      "Projections": "d_date",
                                                      "Estimated Cardinality": "21"
                                                    },
                                                    "cumulative_cardinality": 0,
                                                    "operator_type": "PROJECTION",
                                                    "operator_cardinality": 7,
                                                    "cumulative_rows_scanned": 0,
                                                    "operator_rows_scanned": 0,
                                                    "operator_timing": 2.69e-07,
                                                    "children": [
                                                      {
                                                        "total_bytes_written": 0,
                                                        "total_bytes_read": 0,
                                                        "result_set_size": 56,
                                                        "operator_name": "HASH_JOIN",
                                                        "cpu_time": 0.0,
                                                        "extra_info": {
                                                          "Join Type": "INNER",
                                                          "Conditions": "d_week_seq = SUBQUERY",
                                                          "Estimated Cardinality": "21"
                                                        },
                                                        "cumulative_cardinality": 0,
                                                        "operator_type": "HASH_JOIN",
                                                        "operator_cardinality": 7,
                                                        "cumulative_rows_scanned": 0,
                                                        "operator_rows_scanned": 0,
                                                        "operator_timing": 0.00026999699999999996,
                                                        "children": [
                                                          {
                                                            "total_bytes_written": 0,
                                                            "total_bytes_read": 0,
                                                            "result_set_size": 56,
                                                            "operator_name": "SEQ_SCAN ",
                                                            "cpu_time": 0.0,
                                                            "extra_info": {
                                                              "Table": "date_dim",
                                                              "Type": "Sequential Scan",
                                                              "Projections": [
                                                                "d_week_seq",
                                                                "d_date"
                                                              ],
                                                              "Estimated Cardinality": "73049"
                                                            },
                                                            "cumulative_cardinality": 0,
                                                            "operator_type": "TABLE_SCAN",
                                                            "operator_cardinality": 7,
                                                            "cumulative_rows_scanned": 0,
                                                            "operator_rows_scanned": 73049,
                                                            "operator_timing": 0.000100301,
                                                            "children": []
                                                          },
                                                          {
                                                            "total_bytes_written": 0,
                                                            "total_bytes_read": 0,
                                                            "result_set_size": 4,
                                                            "operator_name": "PROJECTION",
                                                            "cpu_time": 0.0,
                                                            "extra_info": {
                                                              "Projections": [
                                                                "CASE  WHEN ((#1 > 1)) THEN (\"error\"('More than one row returned by a subquery used as an expression - scalar subqueries can only return a single row.",
                                                                "Use \"SET scalar_subquery_error_on_multiple_rows=false\" to revert to previous behavior of returning a random row.')) ELSE #0 END"
                                                              ],
                                                              "Estimated Cardinality": "1"
                                                            },
                                                            "cumulative_cardinality": 0,
                                                            "operator_type": "PROJECTION",
                                                            "operator_cardinality": 1,
                                                            "cumulative_rows_scanned": 0,
                                                            "operator_rows_scanned": 0,
                                                            "operator_timing": 2.785e-06,
                                                            "children": [
                                                              {
                                                                "total_bytes_written": 0,
                                                                "total_bytes_read": 0,
                                                                "result_set_size": 12,
                                                                "operator_name": "UNGROUPED_AGGREGATE",
                                                                "cpu_time": 0.0,
                                                                "extra_info": {
                                                                  "Aggregates": [
                                                                    "\"first\"(#0)",
                                                                    "count_star()"
                                                                  ]
                                                                },
                                                                "cumulative_cardinality": 0,
                                                                "operator_type": "UNGROUPED_AGGREGATE",
                                                                "operator_cardinality": 1,
                                                                "cumulative_rows_scanned": 0,
                                                                "operator_rows_scanned": 0,
                                                                "operator_timing": 5.486e-06,
                                                                "children": [
                                                                  {
                                                                    "total_bytes_written": 0,
                                                                    "total_bytes_read": 0,
                                                                    "result_set_size": 4,
                                                                    "operator_name": "PROJECTION",
                                                                    "cpu_time": 0.0,
                                                                    "extra_info": {
                                                                      "Projections": "#0",
                                                                      "Estimated Cardinality": "2"
                                                                    },
                                                                    "cumulative_cardinality": 0,
                                                                    "operator_type": "PROJECTION",
                                                                    "operator_cardinality": 1,
                                                                    "cumulative_rows_scanned": 0,
                                                                    "operator_rows_scanned": 0,
                                                                    "operator_timing": 9.15e-07,
                                                                    "children": [
                                                                      {
                                                                        "total_bytes_written": 0,
                                                                        "total_bytes_read": 0,
                                                                        "result_set_size": 4,
                                                                        "operator_name": "SEQ_SCAN ",
                                                                        "cpu_time": 0.0,
                                                                        "extra_info": {
                                                                          "Table": "date_dim",
                                                                          "Type": "Sequential Scan",
                                                                          "Projections": "d_week_seq",
                                                                          "Filters": "d_date='2001-03-24'::DATE",
                                                                          "Estimated Cardinality": "2"
                                                                        },
                                                                        "cumulative_cardinality": 0,
                                                                        "operator_type": "TABLE_SCAN",
                                                                        "operator_cardinality": 1,
                                                                        "cumulative_rows_scanned": 0,
                                                                        "operator_rows_scanned": 73049,
                                                                        "operator_timing": 0.001575256,
                                                                        "children": []
                                                                      }
                                                                    ]
                                                                  }
                                                                ]
                                                              }
                                                            ]
                                                          }
                                                        ]
                                                      }
                                                    ]
                                                  }
                                                ]
                                              }
                                            ]
                                          },
                                          {
                                            "total_bytes_written": 0,
                                            "total_bytes_read": 0,
                                            "result_set_size": 2040000,
                                            "operator_name": "SEQ_SCAN ",
                                            "cpu_time": 0.0,
                                            "extra_info": {
                                              "Table": "item",
                                              "Type": "Sequential Scan",
                                              "Projections": [
                                                "i_item_sk",
                                                "i_item_id"
                                              ],
                                              "Estimated Cardinality": "102000"
                                            },
                                            "cumulative_cardinality": 0,
                                            "operator_type": "TABLE_SCAN",
                                            "operator_cardinality": 102000,
                                            "cumulative_rows_scanned": 0,
                                            "operator_rows_scanned": 102000,
                                            "operator_timing": 0.004515534,
                                            "children": []
                                          }
                                        ]
                                      }
                                    ]
                                  }
                                ]
                              },
                              {
                                "total_bytes_written": 0,
                                "total_bytes_read": 0,
                                "result_set_size": 452352,
                                "operator_name": "HASH_GROUP_BY",
                                "cpu_time": 0.0,
                                "extra_info": {
                                  "Groups": "#0",
                                  "Aggregates": "sum(#1)",
                                  "Estimated Cardinality": "1990"
                                },
                                "cumulative_cardinality": 0,
                                "operator_type": "HASH_GROUP_BY",
                                "operator_cardinality": 14136,
                                "cumulative_rows_scanned": 0,
                                "operator_rows_scanned": 0,
                                "operator_timing": 0.0223597,
                                "children": [
                                  {
                                    "total_bytes_written": 0,
                                    "total_bytes_read": 0,
                                    "result_set_size": 330220,
                                    "operator_name": "PROJECTION",
                                    "cpu_time": 0.0,
                                    "extra_info": {
                                      "Projections": [
                                        "i_item_id",
                                        "ws_ext_sales_price"
                                      ],
                                      "Estimated Cardinality": "1522062"
                                    },
                                    "cumulative_cardinality": 0,
                                    "operator_type": "PROJECTION",
                                    "operator_cardinality": 16511,
                                    "cumulative_rows_scanned": 0,
                                    "operator_rows_scanned": 0,
                                    "operator_timing": 2.1976e-05,
                                    "children": [
                                      {
                                        "total_bytes_written": 0,
                                        "total_bytes_read": 0,
                                        "result_set_size": 330220,
                                        "operator_name": "HASH_JOIN",
                                        "cpu_time": 0.0,
                                        "extra_info": {
                                          "Join Type": "INNER",
                                          "Conditions": "ws_item_sk = i_item_sk",
                                          "Estimated Cardinality": "1522062"
                                        },
                                        "cumulative_cardinality": 0,
                                        "operator_type": "HASH_JOIN",
                                        "operator_cardinality": 16511,
                                        "cumulative_rows_scanned": 0,
                                        "operator_rows_scanned": 0,
                                        "operator_timing": 0.0032385209999999994,
                                        "children": [
                                          {
                                            "total_bytes_written": 0,
                                            "total_bytes_read": 0,
                                            "result_set_size": 198132,
                                            "operator_name": "HASH_JOIN",
                                            "cpu_time": 0.0,
                                            "extra_info": {
                                              "Join Type": "INNER",
                                              "Conditions": "ws_sold_date_sk = d_date_sk",
                                              "Estimated Cardinality": "1439513"
                                            },
                                            "cumulative_cardinality": 0,
                                            "operator_type": "HASH_JOIN",
                                            "operator_cardinality": 16511,
                                            "cumulative_rows_scanned": 0,
                                            "operator_rows_scanned": 0,
                                            "operator_timing": 0.007531250000000001,
                                            "children": [
                                              {
                                                "total_bytes_written": 0,
                                                "total_bytes_read": 0,
                                                "result_set_size": 198132,
                                                "operator_name": "SEQ_SCAN ",
                                                "cpu_time": 0.0,
                                                "extra_info": {
                                                  "Table": "web_sales",
                                                  "Type": "Sequential Scan",
                                                  "Projections": [
                                                    "ws_item_sk",
                                                    "ws_sold_date_sk",
                                                    "ws_ext_sales_price"
                                                  ],
                                                  "Estimated Cardinality": "7197566"
                                                },
                                                "cumulative_cardinality": 0,
                                                "operator_type": "TABLE_SCAN",
                                                "operator_cardinality": 16511,
                                                "cumulative_rows_scanned": 0,
                                                "operator_rows_scanned": 201531848,
                                                "operator_timing": 2.922004531,
                                                "children": []
                                              },
                                              {
                                                "total_bytes_written": 0,
                                                "total_bytes_read": 0,
                                                "result_set_size": 28,
                                                "operator_name": "HASH_JOIN",
                                                "cpu_time": 0.0,
                                                "extra_info": {
                                                  "Join Type": "SEMI",
                                                  "Conditions": "d_date = #0",
                                                  "Estimated Cardinality": "14609"
                                                },
                                                "cumulative_cardinality": 0,
                                                "operator_type": "HASH_JOIN",
                                                "operator_cardinality": 7,
                                                "cumulative_rows_scanned": 0,
                                                "operator_rows_scanned": 0,
                                                "operator_timing": 0.000209144,
                                                "children": [
                                                  {
                                                    "total_bytes_written": 0,
                                                    "total_bytes_read": 0,
                                                    "result_set_size": 56,
                                                    "operator_name": "SEQ_SCAN ",
                                                    "cpu_time": 0.0,
                                                    "extra_info": {
                                                      "Table": "date_dim",
                                                      "Type": "Sequential Scan",
                                                      "Projections": [
                                                        "d_date",
                                                        "d_date_sk"
                                                      ],
                                                      "Filters": "d_date_sk>=2450816 AND d_date_sk<=2452642",
                                                      "Estimated Cardinality": "73049"
                                                    },
                                                    "cumulative_cardinality": 0,
                                                    "operator_type": "TABLE_SCAN",
                                                    "operator_cardinality": 7,
                                                    "cumulative_rows_scanned": 0,
                                                    "operator_rows_scanned": 73049,
                                                    "operator_timing": 0.000115595,
                                                    "children": []
                                                  },
                                                  {
                                                    "total_bytes_written": 0,
                                                    "total_bytes_read": 0,
                                                    "result_set_size": 28,
                                                    "operator_name": "PROJECTION",
                                                    "cpu_time": 0.0,
                                                    "extra_info": {
                                                      "Projections": "d_date",
                                                      "Estimated Cardinality": "21"
                                                    },
                                                    "cumulative_cardinality": 0,
                                                    "operator_type": "PROJECTION",
                                                    "operator_cardinality": 7,
                                                    "cumulative_rows_scanned": 0,
                                                    "operator_rows_scanned": 0,
                                                    "operator_timing": 2.59e-07,
                                                    "children": [
                                                      {
                                                        "total_bytes_written": 0,
                                                        "total_bytes_read": 0,
                                                        "result_set_size": 56,
                                                        "operator_name": "HASH_JOIN",
                                                        "cpu_time": 0.0,
                                                        "extra_info": {
                                                          "Join Type": "INNER",
                                                          "Conditions": "d_week_seq = SUBQUERY",
                                                          "Estimated Cardinality": "21"
                                                        },
                                                        "cumulative_cardinality": 0,
                                                        "operator_type": "HASH_JOIN",
                                                        "operator_cardinality": 7,
                                                        "cumulative_rows_scanned": 0,
                                                        "operator_rows_scanned": 0,
                                                        "operator_timing": 0.000221559,
                                                        "children": [
                                                          {
                                                            "total_bytes_written": 0,
                                                            "total_bytes_read": 0,
                                                            "result_set_size": 56,
                                                            "operator_name": "SEQ_SCAN ",
                                                            "cpu_time": 0.0,
                                                            "extra_info": {
                                                              "Table": "date_dim",
                                                              "Type": "Sequential Scan",
                                                              "Projections": [
                                                                "d_week_seq",
                                                                "d_date"
                                                              ],
                                                              "Estimated Cardinality": "73049"
                                                            },
                                                            "cumulative_cardinality": 0,
                                                            "operator_type": "TABLE_SCAN",
                                                            "operator_cardinality": 7,
                                                            "cumulative_rows_scanned": 0,
                                                            "operator_rows_scanned": 73049,
                                                            "operator_timing": 0.00010355,
                                                            "children": []
                                                          },
                                                          {
                                                            "total_bytes_written": 0,
                                                            "total_bytes_read": 0,
                                                            "result_set_size": 4,
                                                            "operator_name": "PROJECTION",
                                                            "cpu_time": 0.0,
                                                            "extra_info": {
                                                              "Projections": [
                                                                "CASE  WHEN ((#1 > 1)) THEN (\"error\"('More than one row returned by a subquery used as an expression - scalar subqueries can only return a single row.",
                                                                "Use \"SET scalar_subquery_error_on_multiple_rows=false\" to revert to previous behavior of returning a random row.')) ELSE #0 END"
                                                              ],
                                                              "Estimated Cardinality": "1"
                                                            },
                                                            "cumulative_cardinality": 0,
                                                            "operator_type": "PROJECTION",
                                                            "operator_cardinality": 1,
                                                            "cumulative_rows_scanned": 0,
                                                            "operator_rows_scanned": 0,
                                                            "operator_timing": 3.378e-06,
                                                            "children": [
                                                              {
                                                                "total_bytes_written": 0,
                                                                "total_bytes_read": 0,
                                                                "result_set_size": 12,
                                                                "operator_name": "UNGROUPED_AGGREGATE",
                                                                "cpu_time": 0.0,
                                                                "extra_info": {
                                                                  "Aggregates": [
                                                                    "\"first\"(#0)",
                                                                    "count_star()"
                                                                  ]
                                                                },
                                                                "cumulative_cardinality": 0,
                                                                "operator_type": "UNGROUPED_AGGREGATE",
                                                                "operator_cardinality": 1,
                                                                "cumulative_rows_scanned": 0,
                                                                "operator_rows_scanned": 0,
                                                                "operator_timing": 6.775e-06,
                                                                "children": [
                                                                  {
                                                                    "total_bytes_written": 0,
                                                                    "total_bytes_read": 0,
                                                                    "result_set_size": 4,
                                                                    "operator_name": "PROJECTION",
                                                                    "cpu_time": 0.0,
                                                                    "extra_info": {
                                                                      "Projections": "#0",
                                                                      "Estimated Cardinality": "2"
                                                                    },
                                                                    "cumulative_cardinality": 0,
                                                                    "operator_type": "PROJECTION",
                                                                    "operator_cardinality": 1,
                                                                    "cumulative_rows_scanned": 0,
                                                                    "operator_rows_scanned": 0,
                                                                    "operator_timing": 5.81e-07,
                                                                    "children": [
                                                                      {
                                                                        "total_bytes_written": 0,
                                                                        "total_bytes_read": 0,
                                                                        "result_set_size": 4,
                                                                        "operator_name": "SEQ_SCAN ",
                                                                        "cpu_time": 0.0,
                                                                        "extra_info": {
                                                                          "Table": "date_dim",
                                                                          "Type": "Sequential Scan",
                                                                          "Projections": "d_week_seq",
                                                                          "Filters": "d_date='2001-03-24'::DATE",
                                                                          "Estimated Cardinality": "2"
                                                                        },
                                                                        "cumulative_cardinality": 0,
                                                                        "operator_type": "TABLE_SCAN",
                                                                        "operator_cardinality": 1,
                                                                        "cumulative_rows_scanned": 0,
                                                                        "operator_rows_scanned": 73049,
                                                                        "operator_timing": 0.001590008,
                                                                        "children": []
                                                                      }
                                                                    ]
                                                                  }
                                                                ]
                                                              }
                                                            ]
                                                          }
                                                        ]
                                                      }
                                                    ]
                                                  }
                                                ]
                                              }
                                            ]
                                          },
                                          {
                                            "total_bytes_written": 0,
                                            "total_bytes_read": 0,
                                            "result_set_size": 2040000,
                                            "operator_name": "SEQ_SCAN ",
                                            "cpu_time": 0.0,
                                            "extra_info": {
                                              "Table": "item",
                                              "Type": "Sequential Scan",
                                              "Projections": [
                                                "i_item_sk",
                                                "i_item_id"
                                              ],
                                              "Estimated Cardinality": "102000"
                                            },
                                            "cumulative_cardinality": 0,
                                            "operator_type": "TABLE_SCAN",
                                            "operator_cardinality": 102000,
                                            "cumulative_rows_scanned": 0,
                                            "operator_rows_scanned": 102000,
                                            "operator_timing": 0.004882677000000002,
                                            "children": []
                                          }
                                        ]
                                      }
                                    ]
                                  }
                                ]
                              }
                            ]
                          }
                        ]
                      }
                    ]
                  }
                ]
              }
            ]
          }
        ]
      }
    ]
  },
  "actual_rows": 0,
  "provenance": {
    "database": "/mnt/d/TPC-DS/tpcds_sf10.duckdb",
    "scale_factor": 10,
    "engine": "duckdb",
    "engine_version": "1.4.3",
    "cached_at": "2026-02-08T10:21:14.881073"
  }
}