{
  "execution_time_ms": 293.0,
  "plan_text": "\u250c\u2500\u2500\u2500\u2500\u2500\u2500\u2500\u2500\u2500\u2500\u2500\u2500\u2500\u2500\u2500\u2500\u2500\u2500\u2500\u2500\u2500\u2500\u2500\u2500\u2500\u2500\u2500\u2500\u2500\u2500\u2500\u2500\u2500\u2500\u2500\u2500\u2500\u2510\n\u2502\u250c\u2500\u2500\u2500\u2500\u2500\u2500\u2500\u2500\u2500\u2500\u2500\u2500\u2500\u2500\u2500\u2500\u2500\u2500\u2500\u2500\u2500\u2500\u2500\u2500\u2500\u2500\u2500\u2500\u2500\u2500\u2500\u2500\u2500\u2500\u2500\u2510\u2502\n\u2502\u2502    Query Profiling Information    \u2502\u2502\n\u2502\u2514\u2500\u2500\u2500\u2500\u2500\u2500\u2500\u2500\u2500\u2500\u2500\u2500\u2500\u2500\u2500\u2500\u2500\u2500\u2500\u2500\u2500\u2500\u2500\u2500\u2500\u2500\u2500\u2500\u2500\u2500\u2500\u2500\u2500\u2500\u2500\u2518\u2502\n\u2514\u2500\u2500\u2500\u2500\u2500\u2500\u2500\u2500\u2500\u2500\u2500\u2500\u2500\u2500\u2500\u2500\u2500\u2500\u2500\u2500\u2500\u2500\u2500\u2500\u2500\u2500\u2500\u2500\u2500\u2500\u2500\u2500\u2500\u2500\u2500\u2500\u2500\u2518\nEXPLAIN ANALYZE -- start query 12 in stream 0 using template query12.tpl select i_item_id       ,i_item_desc        ,i_category        ,i_class        ,i_current_price       ,sum(ws_ext_sales_price) as itemrevenue        ,sum(ws_ext_sales_price)*100/sum(sum(ws_ext_sales_price)) over           (partition by i_class) as revenueratio from\t \tweb_sales     \t,item      \t,date_dim where  \tws_item_sk = i_item_sk    \tand i_category in ('Books', 'Sports', 'Men')   \tand ws_sold_date_sk = d_date_sk \tand d_date between cast('1998-04-06' as date)  \t\t\t\tand (cast('1998-04-06' as date) + INTERVAL 30 DAY) group by  \ti_item_id         ,i_item_desc          ,i_category         ,i_class         ,i_current_price order by  \ti_category         ,i_class         ,i_item_id         ,i_item_desc         ,revenueratio  LIMIT 100;  -- end query 12 in stream 0 using template query12.tpl\n\u250c\u2500\u2500\u2500\u2500\u2500\u2500\u2500\u2500\u2500\u2500\u2500\u2500\u2500\u2500\u2500\u2500\u2500\u2500\u2500\u2500\u2500\u2500\u2500\u2500\u2500\u2500\u2500\u2500\u2500\u2500\u2500\u2500\u2500\u2500\u2500\u2500\u2500\u2500\u2500\u2500\u2500\u2500\u2500\u2500\u2500\u2500\u2500\u2500\u2510\n\u2502\u250c\u2500\u2500\u2500\u2500\u2500\u2500\u2500\u2500\u2500\u2500\u2500\u2500\u2500\u2500\u2500\u2500\u2500\u2500\u2500\u2500\u2500\u2500\u2500\u2500\u2500\u2500\u2500\u2500\u2500\u2500\u2500\u2500\u2500\u2500\u2500\u2500\u2500\u2500\u2500\u2500\u2500\u2500\u2500\u2500\u2500\u2500\u2510\u2502\n\u2502\u2502              Total Time: 0.293s              \u2502\u2502\n\u2502\u2514\u2500\u2500\u2500\u2500\u2500\u2500\u2500\u2500\u2500\u2500\u2500\u2500\u2500\u2500\u2500\u2500\u2500\u2500\u2500\u2500\u2500\u2500\u2500\u2500\u2500\u2500\u2500\u2500\u2500\u2500\u2500\u2500\u2500\u2500\u2500\u2500\u2500\u2500\u2500\u2500\u2500\u2500\u2500\u2500\u2500\u2500\u2518\u2502\n\u2514\u2500\u2500\u2500\u2500\u2500\u2500\u2500\u2500\u2500\u2500\u2500\u2500\u2500\u2500\u2500\u2500\u2500\u2500\u2500\u2500\u2500\u2500\u2500\u2500\u2500\u2500\u2500\u2500\u2500\u2500\u2500\u2500\u2500\u2500\u2500\u2500\u2500\u2500\u2500\u2500\u2500\u2500\u2500\u2500\u2500\u2500\u2500\u2500\u2518\n\u250c\u2500\u2500\u2500\u2500\u2500\u2500\u2500\u2500\u2500\u2500\u2500\u2500\u2500\u2500\u2500\u2500\u2500\u2500\u2500\u2500\u2500\u2500\u2500\u2500\u2500\u2500\u2500\u2510\n\u2502           QUERY           \u2502\n\u2514\u2500\u2500\u2500\u2500\u2500\u2500\u2500\u2500\u2500\u2500\u2500\u2500\u2500\u252c\u2500\u2500\u2500\u2500\u2500\u2500\u2500\u2500\u2500\u2500\u2500\u2500\u2500\u2518\n\u250c\u2500\u2500\u2500\u2500\u2500\u2500\u2500\u2500\u2500\u2500\u2500\u2500\u2500\u2534\u2500\u2500\u2500\u2500\u2500\u2500\u2500\u2500\u2500\u2500\u2500\u2500\u2500\u2510\n\u2502      EXPLAIN_ANALYZE      \u2502\n\u2502    \u2500\u2500\u2500\u2500\u2500\u2500\u2500\u2500\u2500\u2500\u2500\u2500\u2500\u2500\u2500\u2500\u2500\u2500\u2500\u2500   \u2502\n\u2502           0 rows          \u2502\n\u2502          (0.00s)          \u2502\n\u2514\u2500\u2500\u2500\u2500\u2500\u2500\u2500\u2500\u2500\u2500\u2500\u2500\u2500\u252c\u2500\u2500\u2500\u2500\u2500\u2500\u2500\u2500\u2500\u2500\u2500\u2500\u2500\u2518\n\u250c\u2500\u2500\u2500\u2500\u2500\u2500\u2500\u2500\u2500\u2500\u2500\u2500\u2500\u2534\u2500\u2500\u2500\u2500\u2500\u2500\u2500\u2500\u2500\u2500\u2500\u2500\u2500\u2510\n\u2502           TOP_N           \u2502\n\u2502    \u2500\u2500\u2500\u2500\u2500\u2500\u2500\u2500\u2500\u2500\u2500\u2500\u2500\u2500\u2500\u2500\u2500\u2500\u2500\u2500   \u2502\n\u2502          Top: 100         \u2502\n\u2502                           \u2502\n\u2502         Order By:         \u2502\n\u2502   tpcds_sf10_2.main.item  \u2502\n\u2502      .i_category ASC      \u2502\n\u2502   tpcds_sf10_2.main.item  \u2502\n\u2502        .i_class ASC       \u2502\n\u2502   tpcds_sf10_2.main.item  \u2502\n\u2502       .i_item_id ASC      \u2502\n\u2502   tpcds_sf10_2.main.item  \u2502\n\u2502      .i_item_desc ASC     \u2502\n\u2502  ((sum(tpcds_sf10_2.main  \u2502\n\u2502         .web_sales        \u2502\n\u2502 .ws_ext_sales_price) * 100\u2502\n\u2502  ) / sum(sum(tpcds_sf10_2 \u2502\n\u2502      .main.web_sales      \u2502\n\u2502 .ws_ext_sales_price)) OVER\u2502\n\u2502        (PARTITION BY      \u2502\n\u2502   tpcds_sf10_2.main.item  \u2502\n\u2502       .i_class)) ASC      \u2502\n\u2502                           \u2502\n\u2502          100 rows         \u2502\n\u2502          (0.01s)          \u2502\n\u2514\u2500\u2500\u2500\u2500\u2500\u2500\u2500\u2500\u2500\u2500\u2500\u2500\u2500\u252c\u2500\u2500\u2500\u2500\u2500\u2500\u2500\u2500\u2500\u2500\u2500\u2500\u2500\u2518\n\u250c\u2500\u2500\u2500\u2500\u2500\u2500\u2500\u2500\u2500\u2500\u2500\u2500\u2500\u2534\u2500\u2500\u2500\u2500\u2500\u2500\u2500\u2500\u2500\u2500\u2500\u2500\u2500\u2510\n\u2502         PROJECTION        \u2502\n\u2502    \u2500\u2500\u2500\u2500\u2500\u2500\u2500\u2500\u2500\u2500\u2500\u2500\u2500\u2500\u2500\u2500\u2500\u2500\u2500\u2500   \u2502\n\u2502         i_item_id         \u2502\n\u2502        i_item_desc        \u2502\n\u2502         i_category        \u2502\n\u2502          i_class          \u2502\n\u2502      i_current_price      \u2502\n\u2502        itemrevenue        \u2502\n\u2502        revenueratio       \u2502\n\u2502                           \u2502\n\u2502        11,588 rows        \u2502\n\u2502          (0.01s)          \u2502\n\u2514\u2500\u2500\u2500\u2500\u2500\u2500\u2500\u2500\u2500\u2500\u2500\u2500\u2500\u252c\u2500\u2500\u2500\u2500\u2500\u2500\u2500\u2500\u2500\u2500\u2500\u2500\u2500\u2518\n\u250c\u2500\u2500\u2500\u2500\u2500\u2500\u2500\u2500\u2500\u2500\u2500\u2500\u2500\u2534\u2500\u2500\u2500\u2500\u2500\u2500\u2500\u2500\u2500\u2500\u2500\u2500\u2500\u2510\n\u2502         PROJECTION        \u2502\n\u2502    \u2500\u2500\u2500\u2500\u2500\u2500\u2500\u2500\u2500\u2500\u2500\u2500\u2500\u2500\u2500\u2500\u2500\u2500\u2500\u2500   \u2502\n\u2502             #0            \u2502\n\u2502             #1            \u2502\n\u2502             #2            \u2502\n\u2502             #3            \u2502\n\u2502             #4            \u2502\n\u2502             #5            \u2502\n\u2502             #6            \u2502\n\u2502                           \u2502\n\u2502        11,588 rows        \u2502\n\u2502          (0.00s)          \u2502\n\u2514\u2500\u2500\u2500\u2500\u2500\u2500\u2500\u2500\u2500\u2500\u2500\u2500\u2500\u252c\u2500\u2500\u2500\u2500\u2500\u2500\u2500\u2500\u2500\u2500\u2500\u2500\u2500\u2518\n\u250c\u2500\u2500\u2500\u2500\u2500\u2500\u2500\u2500\u2500\u2500\u2500\u2500\u2500\u2534\u2500\u2500\u2500\u2500\u2500\u2500\u2500\u2500\u2500\u2500\u2500\u2500\u2500\u2510\n\u2502           WINDOW          \u2502\n\u2502    \u2500\u2500\u2500\u2500\u2500\u2500\u2500\u2500\u2500\u2500\u2500\u2500\u2500\u2500\u2500\u2500\u2500\u2500\u2500\u2500   \u2502\n\u2502        Projections:       \u2502\n\u2502 sum(sum(ws_ext_sales_price\u2502\n\u2502   )) OVER (PARTITION BY   \u2502\n\u2502          i_class)         \u2502\n\u2502                           \u2502\n\u2502        11,588 rows        \u2502\n\u2502          (0.09s)          \u2502\n\u2514\u2500\u2500\u2500\u2500\u2500\u2500\u2500\u2500\u2500\u2500\u2500\u2500\u2500\u252c\u2500\u2500\u2500\u2500\u2500\u2500\u2500\u2500\u2500\u2500\u2500\u2500\u2500\u2518\n\u250c\u2500\u2500\u2500\u2500\u2500\u2500\u2500\u2500\u2500\u2500\u2500\u2500\u2500\u2534\u2500\u2500\u2500\u2500\u2500\u2500\u2500\u2500\u2500\u2500\u2500\u2500\u2500\u2510\n\u2502         PROJECTION        \u2502\n\u2502    \u2500\u2500\u2500\u2500\u2500\u2500\u2500\u2500\u2500\u2500\u2500\u2500\u2500\u2500\u2500\u2500\u2500\u2500\u2500\u2500   \u2502\n\u2502             #0            \u2502\n\u2502             #1            \u2502\n\u2502__internal_decompress_strin\u2502\n\u2502           g(#2)           \u2502\n\u2502__internal_decompress_strin\u2502\n\u2502           g(#3)           \u2502\n\u2502             #4            \u2502\n\u2502             #5            \u2502\n\u2502                           \u2502\n\u2502        11,588 rows        \u2502\n\u2502          (0.00s)          \u2502\n\u2514\u2500\u2500\u2500\u2500\u2500\u2500\u2500\u2500\u2500\u2500\u2500\u2500\u2500\u252c\u2500\u2500\u2500\u2500\u2500\u2500\u2500\u2500\u2500\u2500\u2500\u2500\u2500\u2518\n\u250c\u2500\u2500\u2500\u2500\u2500\u2500\u2500\u2500\u2500\u2500\u2500\u2500\u2500\u2534\u2500\u2500\u2500\u2500\u2500\u2500\u2500\u2500\u2500\u2500\u2500\u2500\u2500\u2510\n\u2502       HASH_GROUP_BY       \u2502\n\u2502    \u2500\u2500\u2500\u2500\u2500\u2500\u2500\u2500\u2500\u2500\u2500\u2500\u2500\u2500\u2500\u2500\u2500\u2500\u2500\u2500   \u2502\n\u2502          Groups:          \u2502\n\u2502             #0            \u2502\n\u2502             #1            \u2502\n\u2502             #2            \u2502\n\u2502             #3            \u2502\n\u2502             #4            \u2502\n\u2502                           \u2502\n\u2502    Aggregates: sum(#5)    \u2502\n\u2502                           \u2502\n\u2502        11,588 rows        \u2502\n\u2502          (0.03s)          \u2502\n\u2514\u2500\u2500\u2500\u2500\u2500\u2500\u2500\u2500\u2500\u2500\u2500\u2500\u2500\u252c\u2500\u2500\u2500\u2500\u2500\u2500\u2500\u2500\u2500\u2500\u2500\u2500\u2500\u2518\n\u250c\u2500\u2500\u2500\u2500\u2500\u2500\u2500\u2500\u2500\u2500\u2500\u2500\u2500\u2534\u2500\u2500\u2500\u2500\u2500\u2500\u2500\u2500\u2500\u2500\u2500\u2500\u2500\u2510\n\u2502         PROJECTION        \u2502\n\u2502    \u2500\u2500\u2500\u2500\u2500\u2500\u2500\u2500\u2500\u2500\u2500\u2500\u2500\u2500\u2500\u2500\u2500\u2500\u2500\u2500   \u2502\n\u2502         i_item_id         \u2502\n\u2502        i_item_desc        \u2502\n\u2502         i_category        \u2502\n\u2502          i_class          \u2502\n\u2502      i_current_price      \u2502\n\u2502     ws_ext_sales_price    \u2502\n\u2502                           \u2502\n\u2502        21,580 rows        \u2502\n\u2502          (0.00s)          \u2502\n\u2514\u2500\u2500\u2500\u2500\u2500\u2500\u2500\u2500\u2500\u2500\u2500\u2500\u2500\u252c\u2500\u2500\u2500\u2500\u2500\u2500\u2500\u2500\u2500\u2500\u2500\u2500\u2500\u2518\n\u250c\u2500\u2500\u2500\u2500\u2500\u2500\u2500\u2500\u2500\u2500\u2500\u2500\u2500\u2534\u2500\u2500\u2500\u2500\u2500\u2500\u2500\u2500\u2500\u2500\u2500\u2500\u2500\u2510\n\u2502         PROJECTION        \u2502\n\u2502    \u2500\u2500\u2500\u2500\u2500\u2500\u2500\u2500\u2500\u2500\u2500\u2500\u2500\u2500\u2500\u2500\u2500\u2500\u2500\u2500   \u2502\n\u2502             #0            \u2502\n\u2502__internal_compress_string_\u2502\n\u2502        uhugeint(#1)       \u2502\n\u2502             #2            \u2502\n\u2502             #3            \u2502\n\u2502__internal_compress_string_\u2502\n\u2502        uhugeint(#4)       \u2502\n\u2502             #5            \u2502\n\u2502                           \u2502\n\u2502        21,580 rows        \u2502\n\u2502          (0.00s)          \u2502\n\u2514\u2500\u2500\u2500\u2500\u2500\u2500\u2500\u2500\u2500\u2500\u2500\u2500\u2500\u252c\u2500\u2500\u2500\u2500\u2500\u2500\u2500\u2500\u2500\u2500\u2500\u2500\u2500\u2518\n\u250c\u2500\u2500\u2500\u2500\u2500\u2500\u2500\u2500\u2500\u2500\u2500\u2500\u2500\u2534\u2500\u2500\u2500\u2500\u2500\u2500\u2500\u2500\u2500\u2500\u2500\u2500\u2500\u2510\n\u2502         HASH_JOIN         \u2502\n\u2502    \u2500\u2500\u2500\u2500\u2500\u2500\u2500\u2500\u2500\u2500\u2500\u2500\u2500\u2500\u2500\u2500\u2500\u2500\u2500\u2500   \u2502\n\u2502      Join Type: INNER     \u2502\n\u2502                           \u2502\n\u2502        Conditions:        \u251c\u2500\u2500\u2500\u2500\u2500\u2500\u2500\u2500\u2500\u2500\u2500\u2500\u2500\u2500\u2500\u2500\u2500\u2500\u2500\u2500\u2500\u2500\u2500\u2500\u2500\u2500\u2500\u2500\u2500\u2500\u2500\u2500\u2500\u2500\u2500\u2500\u2500\u2500\u2500\u2500\u2500\u2500\u2500\u2510\n\u2502   ws_item_sk = i_item_sk  \u2502                                           \u2502\n\u2502                           \u2502                                           \u2502\n\u2502        21,580 rows        \u2502                                           \u2502\n\u2502          (0.01s)          \u2502                                           \u2502\n\u2514\u2500\u2500\u2500\u2500\u2500\u2500\u2500\u2500\u2500\u2500\u2500\u2500\u2500\u252c\u2500\u2500\u2500\u2500\u2500\u2500\u2500\u2500\u2500\u2500\u2500\u2500\u2500\u2518                                           \u2502\n\u250c\u2500\u2500\u2500\u2500\u2500\u2500\u2500\u2500\u2500\u2500\u2500\u2500\u2500\u2534\u2500\u2500\u2500\u2500\u2500\u2500\u2500\u2500\u2500\u2500\u2500\u2500\u2500\u2510                             \u250c\u2500\u2500\u2500\u2500\u2500\u2500\u2500\u2500\u2500\u2500\u2500\u2500\u2500\u2534\u2500\u2500\u2500\u2500\u2500\u2500\u2500\u2500\u2500\u2500\u2500\u2500\u2500\u2510\n\u2502         HASH_JOIN         \u2502                             \u2502           FILTER          \u2502\n\u2502    \u2500\u2500\u2500\u2500\u2500\u2500\u2500\u2500\u2500\u2500\u2500\u2500\u2500\u2500\u2500\u2500\u2500\u2500\u2500\u2500   \u2502                             \u2502    \u2500\u2500\u2500\u2500\u2500\u2500\u2500\u2500\u2500\u2500\u2500\u2500\u2500\u2500\u2500\u2500\u2500\u2500\u2500\u2500   \u2502\n\u2502      Join Type: INNER     \u2502                             \u2502 ((i_category = 'Books') OR\u2502\n\u2502                           \u2502                             \u2502   (i_category = 'Sports') \u2502\n\u2502        Conditions:        \u251c\u2500\u2500\u2500\u2500\u2500\u2500\u2500\u2500\u2500\u2500\u2500\u2500\u2500\u2500\u2510              \u2502  OR (i_category = 'Men')) \u2502\n\u2502ws_sold_date_sk = d_date_sk\u2502              \u2502              \u2502                           \u2502\n\u2502                           \u2502              \u2502              \u2502                           \u2502\n\u2502        71,669 rows        \u2502              \u2502              \u2502        30,454 rows        \u2502\n\u2502          (0.01s)          \u2502              \u2502              \u2502          (0.00s)          \u2502\n\u2514\u2500\u2500\u2500\u2500\u2500\u2500\u2500\u2500\u2500\u2500\u2500\u2500\u2500\u252c\u2500\u2500\u2500\u2500\u2500\u2500\u2500\u2500\u2500\u2500\u2500\u2500\u2500\u2518              \u2502              \u2514\u2500\u2500\u2500\u2500\u2500\u2500\u2500\u2500\u2500\u2500\u2500\u2500\u2500\u252c\u2500\u2500\u2500\u2500\u2500\u2500\u2500\u2500\u2500\u2500\u2500\u2500\u2500\u2518\n\u250c\u2500\u2500\u2500\u2500\u2500\u2500\u2500\u2500\u2500\u2500\u2500\u2500\u2500\u2534\u2500\u2500\u2500\u2500\u2500\u2500\u2500\u2500\u2500\u2500\u2500\u2500\u2500\u2510\u250c\u2500\u2500\u2500\u2500\u2500\u2500\u2500\u2500\u2500\u2500\u2500\u2500\u2500\u2534\u2500\u2500\u2500\u2500\u2500\u2500\u2500\u2500\u2500\u2500\u2500\u2500\u2500\u2510\u250c\u2500\u2500\u2500\u2500\u2500\u2500\u2500\u2500\u2500\u2500\u2500\u2500\u2500\u2534\u2500\u2500\u2500\u2500\u2500\u2500\u2500\u2500\u2500\u2500\u2500\u2500\u2500\u2510\n\u2502         TABLE_SCAN        \u2502\u2502           FILTER          \u2502\u2502         TABLE_SCAN        \u2502\n\u2502    \u2500\u2500\u2500\u2500\u2500\u2500\u2500\u2500\u2500\u2500\u2500\u2500\u2500\u2500\u2500\u2500\u2500\u2500\u2500\u2500   \u2502\u2502    \u2500\u2500\u2500\u2500\u2500\u2500\u2500\u2500\u2500\u2500\u2500\u2500\u2500\u2500\u2500\u2500\u2500\u2500\u2500\u2500   \u2502\u2502    \u2500\u2500\u2500\u2500\u2500\u2500\u2500\u2500\u2500\u2500\u2500\u2500\u2500\u2500\u2500\u2500\u2500\u2500\u2500\u2500   \u2502\n\u2502      Table: web_sales     \u2502\u2502 (d_date_sk BETWEEN 2450816\u2502\u2502        Table: item        \u2502\n\u2502   Type: Sequential Scan   \u2502\u2502        AND 2452642)       \u2502\u2502   Type: Sequential Scan   \u2502\n\u2502                           \u2502\u2502                           \u2502\u2502                           \u2502\n\u2502        Projections:       \u2502\u2502                           \u2502\u2502        Projections:       \u2502\n\u2502         ws_item_sk        \u2502\u2502                           \u2502\u2502         i_item_sk         \u2502\n\u2502      ws_sold_date_sk      \u2502\u2502                           \u2502\u2502         i_category        \u2502\n\u2502     ws_ext_sales_price    \u2502\u2502                           \u2502\u2502         i_item_id         \u2502\n\u2502                           \u2502\u2502                           \u2502\u2502        i_item_desc        \u2502\n\u2502                           \u2502\u2502                           \u2502\u2502          i_class          \u2502\n\u2502                           \u2502\u2502                           \u2502\u2502      i_current_price      \u2502\n\u2502                           \u2502\u2502                           \u2502\u2502                           \u2502\n\u2502                           \u2502\u2502                           \u2502\u2502          Filters:         \u2502\n\u2502                           \u2502\u2502                           \u2502\u2502 optional: i_category IN ( \u2502\n\u2502                           \u2502\u2502                           \u2502\u2502 'Books', 'Sports', 'Men') \u2502\n\u2502                           \u2502\u2502                           \u2502\u2502                           \u2502\n\u2502        71,669 rows        \u2502\u2502          31 rows          \u2502\u2502        102,000 rows       \u2502\n\u2502          (4.62s)          \u2502\u2502          (0.00s)          \u2502\u2502          (0.09s)          \u2502\n\u2514\u2500\u2500\u2500\u2500\u2500\u2500\u2500\u2500\u2500\u2500\u2500\u2500\u2500\u2500\u2500\u2500\u2500\u2500\u2500\u2500\u2500\u2500\u2500\u2500\u2500\u2500\u2500\u2518\u2514\u2500\u2500\u2500\u2500\u2500\u2500\u2500\u2500\u2500\u2500\u2500\u2500\u2500\u252c\u2500\u2500\u2500\u2500\u2500\u2500\u2500\u2500\u2500\u2500\u2500\u2500\u2500\u2518\u2514\u2500\u2500\u2500\u2500\u2500\u2500\u2500\u2500\u2500\u2500\u2500\u2500\u2500\u2500\u2500\u2500\u2500\u2500\u2500\u2500\u2500\u2500\u2500\u2500\u2500\u2500\u2500\u2518\n                             \u250c\u2500\u2500\u2500\u2500\u2500\u2500\u2500\u2500\u2500\u2500\u2500\u2500\u2500\u2534\u2500\u2500\u2500\u2500\u2500\u2500\u2500\u2500\u2500\u2500\u2500\u2500\u2500\u2510\n                             \u2502         TABLE_SCAN        \u2502\n                             \u2502    \u2500\u2500\u2500\u2500\u2500\u2500\u2500\u2500\u2500\u2500\u2500\u2500\u2500\u2500\u2500\u2500\u2500\u2500\u2500\u2500   \u2502\n                             \u2502      Table: date_dim      \u2502\n                             \u2502   Type: Sequential Scan   \u2502\n                             \u2502                           \u2502\n                             \u2502        Projections:       \u2502\n                             \u2502         d_date_sk         \u2502\n                             \u2502                           \u2502\n                             \u2502          Filters:         \u2502\n                             \u2502 (CAST(d_date AS TIMESTAMP)\u2502\n                             \u2502  BETWEEN '1998-04-06 00:00\u2502\n                             \u2502 :00'::TIMESTAMP AND '1998 \u2502\n                             \u2502     -05-06 00:00:00':     \u2502\n                             \u2502        :TIMESTAMP)        \u2502\n                             \u2502                           \u2502\n                             \u2502          31 rows          \u2502\n                             \u2502          (0.01s)          \u2502\n                             \u2514\u2500\u2500\u2500\u2500\u2500\u2500\u2500\u2500\u2500\u2500\u2500\u2500\u2500\u2500\u2500\u2500\u2500\u2500\u2500\u2500\u2500\u2500\u2500\u2500\u2500\u2500\u2500\u2518\n",
  "plan_json": {
    "total_bytes_written": 0,
    "total_bytes_read": 0,
    "rows_returned": 0,
    "latency": 0.0,
    "result_set_size": 0,
    "query_name": "",
    "blocked_thread_time": 0.0,
    "system_peak_buffer_memory": 0,
    "system_peak_temp_dir_size": 0,
    "cpu_time": 0.0,
    "extra_info": {},
    "cumulative_cardinality": 0,
    "cumulative_rows_scanned": 0,
    "children": [
      {
        "total_bytes_written": 0,
        "total_bytes_read": 0,
        "result_set_size": 0,
        "operator_name": "EXPLAIN_ANALYZE",
        "cpu_time": 0.0,
        "extra_info": {},
        "cumulative_cardinality": 0,
        "operator_type": "EXPLAIN_ANALYZE",
        "operator_cardinality": 0,
        "cumulative_rows_scanned": 0,
        "operator_rows_scanned": 0,
        "operator_timing": 3.37e-07,
        "children": [
          {
            "total_bytes_written": 0,
            "total_bytes_read": 0,
            "result_set_size": 9200,
            "operator_name": "TOP_N",
            "cpu_time": 0.0,
            "extra_info": {
              "Top": "100",
              "Order By": [
                "tpcds_sf10_2.main.item.i_category ASC",
                "tpcds_sf10_2.main.item.i_class ASC",
                "tpcds_sf10_2.main.item.i_item_id ASC",
                "tpcds_sf10_2.main.item.i_item_desc ASC",
                "((sum(tpcds_sf10_2.main.web_sales.ws_ext_sales_price) * 100) / sum(sum(tpcds_sf10_2.main.web_sales.ws_ext_sales_price)) OVER (PARTITION BY tpcds_sf10_2.main.item.i_class)) ASC"
              ]
            },
            "cumulative_cardinality": 0,
            "operator_type": "TOP_N",
            "operator_cardinality": 100,
            "cumulative_rows_scanned": 0,
            "operator_rows_scanned": 0,
            "operator_timing": 0.0015827900000000002,
            "children": [
              {
                "total_bytes_written": 0,
                "total_bytes_read": 0,
                "result_set_size": 1066096,
                "operator_name": "PROJECTION",
                "cpu_time": 0.0,
                "extra_info": {
                  "Projections": [
                    "i_item_id",
                    "i_item_desc",
                    "i_category",
                    "i_class",
                    "i_current_price",
                    "itemrevenue",
                    "revenueratio"
                  ],
                  "Estimated Cardinality": "304031"
                },
                "cumulative_cardinality": 0,
                "operator_type": "PROJECTION",
                "operator_cardinality": 11588,
                "cumulative_rows_scanned": 0,
                "operator_rows_scanned": 0,
                "operator_timing": 0.0007219609999999999,
                "children": [
                  {
                    "total_bytes_written": 0,
                    "total_bytes_read": 0,
                    "result_set_size": 1158800,
                    "operator_name": "PROJECTION",
                    "cpu_time": 0.0,
                    "extra_info": {
                      "Projections": [
                        "#0",
                        "#1",
                        "#2",
                        "#3",
                        "#4",
                        "#5",
                        "#6"
                      ],
                      "Estimated Cardinality": "304031"
                    },
                    "cumulative_cardinality": 0,
                    "operator_type": "PROJECTION",
                    "operator_cardinality": 11588,
                    "cumulative_rows_scanned": 0,
                    "operator_rows_scanned": 0,
                    "operator_timing": 1.2059e-05,
                    "children": [
                      {
                        "total_bytes_written": 0,
                        "total_bytes_read": 0,
                        "result_set_size": 1158800,
                        "operator_name": "WINDOW",
                        "cpu_time": 0.0,
                        "extra_info": {
                          "Projections": "sum(sum(ws_ext_sales_price)) OVER (PARTITION BY i_class)"
                        },
                        "cumulative_cardinality": 0,
                        "operator_type": "WINDOW",
                        "operator_cardinality": 11588,
                        "cumulative_rows_scanned": 0,
                        "operator_rows_scanned": 0,
                        "operator_timing": 0.026932925000000003,
                        "children": [
                          {
                            "total_bytes_written": 0,
                            "total_bytes_read": 0,
                            "result_set_size": 973392,
                            "operator_name": "PROJECTION",
                            "cpu_time": 0.0,
                            "extra_info": {
                              "Projections": [
                                "#0",
                                "#1",
                                "__internal_decompress_string(#2)",
                                "__internal_decompress_string(#3)",
                                "#4",
                                "#5"
                              ],
                              "Estimated Cardinality": "304031"
                            },
                            "cumulative_cardinality": 0,
                            "operator_type": "PROJECTION",
                            "operator_cardinality": 11588,
                            "cumulative_rows_scanned": 0,
                            "operator_rows_scanned": 0,
                            "operator_timing": 0.000412824,
                            "children": [
                              {
                                "total_bytes_written": 0,
                                "total_bytes_read": 0,
                                "result_set_size": 973392,
                                "operator_name": "HASH_GROUP_BY",
                                "cpu_time": 0.0,
                                "extra_info": {
                                  "Groups": [
                                    "#0",
                                    "#1",
                                    "#2",
                                    "#3",
                                    "#4"
                                  ],
                                  "Aggregates": "sum(#5)",
                                  "Estimated Cardinality": "304031"
                                },
                                "cumulative_cardinality": 0,
                                "operator_type": "HASH_GROUP_BY",
                                "operator_cardinality": 11588,
                                "cumulative_rows_scanned": 0,
                                "operator_rows_scanned": 0,
                                "operator_timing": 0.033129348,
                                "children": [
                                  {
                                    "total_bytes_written": 0,
                                    "total_bytes_read": 0,
                                    "result_set_size": 1553760,
                                    "operator_name": "PROJECTION",
                                    "cpu_time": 0.0,
                                    "extra_info": {
                                      "Projections": [
                                        "i_item_id",
                                        "i_item_desc",
                                        "i_category",
                                        "i_class",
                                        "i_current_price",
                                        "ws_ext_sales_price"
                                      ],
                                      "Estimated Cardinality": "304395"
                                    },
                                    "cumulative_cardinality": 0,
                                    "operator_type": "PROJECTION",
                                    "operator_cardinality": 21580,
                                    "cumulative_rows_scanned": 0,
                                    "operator_rows_scanned": 0,
                                    "operator_timing": 7.0282e-05,
                                    "children": [
                                      {
                                        "total_bytes_written": 0,
                                        "total_bytes_read": 0,
                                        "result_set_size": 1553760,
                                        "operator_name": "PROJECTION",
                                        "cpu_time": 0.0,
                                        "extra_info": {
                                          "Projections": [
                                            "#0",
                                            "__internal_compress_string_uhugeint(#1)",
                                            "#2",
                                            "#3",
                                            "__internal_compress_string_uhugeint(#4)",
                                            "#5"
                                          ],
                                          "Estimated Cardinality": "304395"
                                        },
                                        "cumulative_cardinality": 0,
                                        "operator_type": "PROJECTION",
                                        "operator_cardinality": 21580,
                                        "cumulative_rows_scanned": 0,
                                        "operator_rows_scanned": 0,
                                        "operator_timing": 0.002712046,
                                        "children": [
                                          {
                                            "total_bytes_written": 0,
                                            "total_bytes_read": 0,
                                            "result_set_size": 1553760,
                                            "operator_name": "HASH_JOIN",
                                            "cpu_time": 0.0,
                                            "extra_info": {
                                              "Join Type": "INNER",
                                              "Conditions": "ws_item_sk = i_item_sk",
                                              "Estimated Cardinality": "304395"
                                            },
                                            "cumulative_cardinality": 0,
                                            "operator_type": "HASH_JOIN",
                                            "operator_cardinality": 21580,
                                            "cumulative_rows_scanned": 0,
                                            "operator_rows_scanned": 0,
                                            "operator_timing": 0.005763245999999999,
                                            "children": [
                                              {
                                                "total_bytes_written": 0,
                                                "total_bytes_read": 0,
                                                "result_set_size": 860028,
                                                "operator_name": "HASH_JOIN",
                                                "cpu_time": 0.0,
                                                "extra_info": {
                                                  "Join Type": "INNER",
                                                  "Conditions": "ws_sold_date_sk = d_date_sk",
                                                  "Estimated Cardinality": "1439434"
                                                },
                                                "cumulative_cardinality": 0,
                                                "operator_type": "HASH_JOIN",
                                                "operator_cardinality": 71669,
                                                "cumulative_rows_scanned": 0,
                                                "operator_rows_scanned": 0,
                                                "operator_timing": 0.009803481,
                                                "children": [
                                                  {
                                                    "total_bytes_written": 0,
                                                    "total_bytes_read": 0,
                                                    "result_set_size": 860028,
                                                    "operator_name": "SEQ_SCAN ",
                                                    "cpu_time": 0.0,
                                                    "extra_info": {
                                                      "Table": "web_sales",
                                                      "Type": "Sequential Scan",
                                                      "Projections": [
                                                        "ws_item_sk",
                                                        "ws_sold_date_sk",
                                                        "ws_ext_sales_price"
                                                      ],
                                                      "Estimated Cardinality": "7197566"
                                                    },
                                                    "cumulative_cardinality": 0,
                                                    "operator_type": "TABLE_SCAN",
                                                    "operator_cardinality": 71669,
                                                    "cumulative_rows_scanned": 0,
                                                    "operator_rows_scanned": 201531848,
                                                    "operator_timing": 0.053257639000000016,
                                                    "children": []
                                                  },
                                                  {
                                                    "total_bytes_written": 0,
                                                    "total_bytes_read": 0,
                                                    "result_set_size": 124,
                                                    "operator_name": "FILTER",
                                                    "cpu_time": 0.0,
                                                    "extra_info": {
                                                      "Expression": "(d_date_sk BETWEEN 2450816 AND 2452642)",
                                                      "Estimated Cardinality": "14609"
                                                    },
                                                    "cumulative_cardinality": 0,
                                                    "operator_type": "FILTER",
                                                    "operator_cardinality": 31,
                                                    "cumulative_rows_scanned": 0,
                                                    "operator_rows_scanned": 0,
                                                    "operator_timing": 1.3403e-05,
                                                    "children": [
                                                      {
                                                        "total_bytes_written": 0,
                                                        "total_bytes_read": 0,
                                                        "result_set_size": 124,
                                                        "operator_name": "SEQ_SCAN ",
                                                        "cpu_time": 0.0,
                                                        "extra_info": {
                                                          "Table": "date_dim",
                                                          "Type": "Sequential Scan",
                                                          "Projections": "d_date_sk",
                                                          "Filters": "(CAST(d_date AS TIMESTAMP) BETWEEN '1998-04-06 00:00:00'::TIMESTAMP AND '1998-05-06 00:00:00'::TIMESTAMP)",
                                                          "Estimated Cardinality": "14609"
                                                        },
                                                        "cumulative_cardinality": 0,
                                                        "operator_type": "TABLE_SCAN",
                                                        "operator_cardinality": 31,
                                                        "cumulative_rows_scanned": 0,
                                                        "operator_rows_scanned": 73049,
                                                        "operator_timing": 0.00038065500000000003,
                                                        "children": []
                                                      }
                                                    ]
                                                  }
                                                ]
                                              },
                                              {
                                                "total_bytes_written": 0,
                                                "total_bytes_read": 0,
                                                "result_set_size": 2192688,
                                                "operator_name": "FILTER",
                                                "cpu_time": 0.0,
                                                "extra_info": {
                                                  "Expression": "((i_category = 'Books') OR (i_category = 'Sports') OR (i_category = 'Men'))",
                                                  "Estimated Cardinality": "20400"
                                                },
                                                "cumulative_cardinality": 0,
                                                "operator_type": "FILTER",
                                                "operator_cardinality": 30454,
                                                "cumulative_rows_scanned": 0,
                                                "operator_rows_scanned": 0,
                                                "operator_timing": 0.000961281,
                                                "children": [
                                                  {
                                                    "total_bytes_written": 0,
                                                    "total_bytes_read": 0,
                                                    "result_set_size": 7344000,
                                                    "operator_name": "SEQ_SCAN ",
                                                    "cpu_time": 0.0,
                                                    "extra_info": {
                                                      "Table": "item",
                                                      "Type": "Sequential Scan",
                                                      "Projections": [
                                                        "i_item_sk",
                                                        "i_category",
                                                        "i_item_id",
                                                        "i_item_desc",
                                                        "i_class",
                                                        "i_current_price"
                                                      ],
                                                      "Filters": "optional: i_category IN ('Books', 'Sports', 'Men')",
                                                      "Estimated Cardinality": "102000"
                                                    },
                                                    "cumulative_cardinality": 0,
                                                    "operator_type": "TABLE_SCAN",
                                                    "operator_cardinality": 102000,
                                                    "cumulative_rows_scanned": 0,
                                                    "operator_rows_scanned": 102000,
                                                    "operator_timing": 0.005586672999999999,
                                                    "children": []
                                                  }
                                                ]
                                              }
                                            ]
                                          }
                                        ]
                                      }
                                    ]
                                  }
                                ]
                              }
                            ]
                          }
                        ]
                      }
                    ]
                  }
                ]
              }
            ]
          }
        ]
      }
    ]
  },
  "actual_rows": 0,
  "collected_at": "2026-02-16T10:18:40.536472",
  "query_id": "query_12"
}