{
  "execution_time_ms": 0.0,
  "plan_text": "\u250c\u2500\u2500\u2500\u2500\u2500\u2500\u2500\u2500\u2500\u2500\u2500\u2500\u2500\u2500\u2500\u2500\u2500\u2510\n\u2502      TOP_N      \u2502\n\u2502    \u2500\u2500\u2500\u2500\u2500\u2500\u2500\u2500\u2500\u2500   \u2502\n\u2502     Top: 100    \u2502\n\u2502                 \u2502\n\u2502    Order By:    \u2502\n\u2502   t_s_secyear   \u2502\n\u2502 .customer_id ASC\u2502\n\u2502   t_s_secyear   \u2502\n\u2502.customer_first_n\u2502\n\u2502     ame ASC     \u2502\n\u2502   t_s_secyear   \u2502\n\u2502.customer_last_na\u2502\n\u2502      me ASC     \u2502\n\u2502   t_s_secyear   \u2502\n\u2502.customer_birth_c\u2502\n\u2502    ountry ASC   \u2502\n\u2514\u2500\u2500\u2500\u2500\u2500\u2500\u2500\u2500\u252c\u2500\u2500\u2500\u2500\u2500\u2500\u2500\u2500\u2518\n\u250c\u2500\u2500\u2500\u2500\u2500\u2500\u2500\u2500\u2534\u2500\u2500\u2500\u2500\u2500\u2500\u2500\u2500\u2510\n\u2502    PROJECTION   \u2502\n\u2502    \u2500\u2500\u2500\u2500\u2500\u2500\u2500\u2500\u2500\u2500   \u2502\n\u2502   customer_id   \u2502\n\u2502customer_first_na\u2502\n\u2502        me       \u2502\n\u2502customer_last_nam\u2502\n\u2502        e        \u2502\n\u2502customer_birth_co\u2502\n\u2502      untry      \u2502\n\u2502                 \u2502\n\u2502~561,120,916...  \u2502\n\u2514\u2500\u2500\u2500\u2500\u2500\u2500\u2500\u2500\u252c\u2500\u2500\u2500\u2500\u2500\u2500\u2500\u2500\u2518\n\u250c\u2500\u2500\u2500\u2500\u2500\u2500\u2500\u2500\u2534\u2500\u2500\u2500\u2500\u2500\u2500\u2500\u2500\u2510\n\u2502    PROJECTION   \u2502\n\u2502    \u2500\u2500\u2500\u2500\u2500\u2500\u2500\u2500\u2500\u2500   \u2502\n\u2502        #0       \u2502\n\u2502        #1       \u2502\n\u2502        #2       \u2502\n\u2502        #5       \u2502\n\u2502                 \u2502\n\u2502~561,120,916...  \u2502\n\u2514\u2500\u2500\u2500\u2500\u2500\u2500\u2500\u2500\u252c\u2500\u2500\u2500\u2500\u2500\u2500\u2500\u2500\u2518\n\u250c\u2500\u2500\u2500\u2500\u2500\u2500\u2500\u2500\u2534\u2500\u2500\u2500\u2500\u2500\u2500\u2500\u2500\u2510\n\u2502      FILTER     \u2502\n\u2502    \u2500\u2500\u2500\u2500\u2500\u2500\u2500\u2500\u2500\u2500   \u2502\n\u2502  (CASE  WHEN (  \u2502\n\u2502 (year_total > 0 \u2502\n\u2502   .00)) THEN (  \u2502\n\u2502 (CAST(year_total\u2502\n\u2502   AS DOUBLE) /  \u2502\n\u2502  CAST(year_total\u2502\n\u2502   AS DOUBLE)))  \u2502\n\u2502  ELSE 0.0 END > \u2502\n\u2502   CASE  WHEN (  \u2502\n\u2502 (year_total > 0 \u2502\n\u2502   .00)) THEN (  \u2502\n\u2502 (CAST(year_total\u2502\n\u2502   AS DOUBLE) /  \u2502\n\u2502  CAST(year_total\u2502\n\u2502   AS DOUBLE)))  \u2502\n\u2502   ELSE 0.0 END) \u2502\n\u2502                 \u2502\n\u2502~561,120,916...  \u2502\n\u2514\u2500\u2500\u2500\u2500\u2500\u2500\u2500\u2500\u252c\u2500\u2500\u2500\u2500\u2500\u2500\u2500\u2500\u2518\n\u250c\u2500\u2500\u2500\u2500\u2500\u2500\u2500\u2500\u2534\u2500\u2500\u2500\u2500\u2500\u2500\u2500\u2500\u2510\n\u2502    HASH_JOIN    \u2502\n\u2502    \u2500\u2500\u2500\u2500\u2500\u2500\u2500\u2500\u2500\u2500   \u2502\n\u2502    Join Type:   \u2502\n\u2502      INNER      \u2502\n\u2502                 \u2502\n\u2502   Conditions:   \u251c\u2500\u2500\u2500\u2500\u2500\u2500\u2500\u2500\u2500\u2500\u2500\u2500\u2500\u2500\u2500\u2500\u2500\u2500\u2500\u2500\u2500\u2500\u2500\u2500\u2500\u2500\u2500\u2500\u2500\u2500\u2500\u2500\u2500\u2500\u2500\u2500\u2500\u2500\u2500\u2500\u2500\u2500\u2500\u2500\u2500\u2500\u2500\u2510\n\u2502  customer_id =  \u2502                                               \u2502\n\u2502    customer_id  \u2502                                               \u2502\n\u2502                 \u2502                                               \u2502\n\u2502~561,120,916...  \u2502                                               \u2502\n\u2514\u2500\u2500\u2500\u2500\u2500\u2500\u2500\u2500\u252c\u2500\u2500\u2500\u2500\u2500\u2500\u2500\u2500\u2518                                               \u2502\n\u250c\u2500\u2500\u2500\u2500\u2500\u2500\u2500\u2500\u2534\u2500\u2500\u2500\u2500\u2500\u2500\u2500\u2500\u2510                                      \u250c\u2500\u2500\u2500\u2500\u2500\u2500\u2500\u2500\u2534\u2500\u2500\u2500\u2500\u2500\u2500\u2500\u2500\u2510\n\u2502    PROJECTION   \u2502                                      \u2502    HASH_JOIN    \u2502\n\u2502    \u2500\u2500\u2500\u2500\u2500\u2500\u2500\u2500\u2500\u2500   \u2502                                      \u2502    \u2500\u2500\u2500\u2500\u2500\u2500\u2500\u2500\u2500\u2500   \u2502\n\u2502   customer_id   \u2502                                      \u2502    Join Type:   \u2502\n\u2502customer_first_na\u2502                                      \u2502      INNER      \u2502\n\u2502        me       \u2502                                      \u2502                 \u2502\n\u2502customer_last_nam\u2502                                      \u2502   Conditions:   \u2502\n\u2502        e        \u2502                                      \u2502  customer_id =  \u251c\u2500\u2500\u2500\u2500\u2500\u2500\u2500\u2500\u2500\u2500\u2500\u2500\u2500\u2500\u2500\u2500\u2500\u2500\u2500\u2500\u2500\u2500\u2500\u2500\u2500\u2500\u2500\u2500\u2500\u2500\u2500\u2500\u2500\u2500\u2500\u2500\u2500\u2500\u2500\u2500\u2500\u2500\u2500\u2500\u2500\u2500\u2500\u2510\n\u2502customer_birth_co\u2502                                      \u2502    customer_id  \u2502                                               \u2502\n\u2502      untry      \u2502                                      \u2502                 \u2502                                               \u2502\n\u2502    year_total   \u2502                                      \u2502                 \u2502                                               \u2502\n\u2502                 \u2502                                      \u2502                 \u2502                                               \u2502\n\u2502  ~230,647 rows  \u2502                                      \u2502     ~61 rows    \u2502                                               \u2502\n\u2514\u2500\u2500\u2500\u2500\u2500\u2500\u2500\u2500\u252c\u2500\u2500\u2500\u2500\u2500\u2500\u2500\u2500\u2518                                      \u2514\u2500\u2500\u2500\u2500\u2500\u2500\u2500\u2500\u252c\u2500\u2500\u2500\u2500\u2500\u2500\u2500\u2500\u2518                                               \u2502\n\u250c\u2500\u2500\u2500\u2500\u2500\u2500\u2500\u2500\u2534\u2500\u2500\u2500\u2500\u2500\u2500\u2500\u2500\u2510                                      \u250c\u2500\u2500\u2500\u2500\u2500\u2500\u2500\u2500\u2534\u2500\u2500\u2500\u2500\u2500\u2500\u2500\u2500\u2510                                      \u250c\u2500\u2500\u2500\u2500\u2500\u2500\u2500\u2500\u2534\u2500\u2500\u2500\u2500\u2500\u2500\u2500\u2500\u2510\n\u2502    PROJECTION   \u2502                                      \u2502    PROJECTION   \u2502                                      \u2502    HASH_JOIN    \u2502\n\u2502    \u2500\u2500\u2500\u2500\u2500\u2500\u2500\u2500\u2500\u2500   \u2502                                      \u2502    \u2500\u2500\u2500\u2500\u2500\u2500\u2500\u2500\u2500\u2500   \u2502                                      \u2502    \u2500\u2500\u2500\u2500\u2500\u2500\u2500\u2500\u2500\u2500   \u2502\n\u2502        #0       \u2502                                      \u2502   customer_id   \u2502                                      \u2502    Join Type:   \u2502\n\u2502__internal_decomp\u2502                                      \u2502    year_total   \u2502                                      \u2502      INNER      \u2502\n\u2502 ress_string(#1) \u2502                                      \u2502                 \u2502                                      \u2502                 \u2502\n\u2502__internal_decomp\u2502                                      \u2502                 \u2502                                      \u2502   Conditions:   \u2502\n\u2502 ress_string(#2) \u2502                                      \u2502                 \u2502                                      \u2502  customer_id =  \u2502\n\u2502__internal_decomp\u2502                                      \u2502                 \u2502                                      \u2502    customer_id  \u2502\n\u2502 ress_string(#3) \u2502                                      \u2502                 \u2502                                      \u2502                 \u2502\n\u2502        #4       \u2502                                      \u2502                 \u2502                                      \u2502                 \u251c\u2500\u2500\u2500\u2500\u2500\u2500\u2500\u2500\u2500\u2500\u2500\u2500\u2500\u2500\u2500\u2500\u2500\u2500\u2500\u2500\u2500\u2500\u2500\u2500\u2500\u2500\u2500\u2500\u2500\u2500\u2500\u2500\u2500\u2500\u2500\u2500\u2500\u2500\u2500\u2500\u2500\u2500\u2500\u2500\u2500\u2500\u2500\u2510\n\u2502__internal_decomp\u2502                                      \u2502                 \u2502                                      \u2502                 \u2502                                               \u2502\n\u2502 ress_string(#5) \u2502                                      \u2502                 \u2502                                      \u2502                 \u2502                                               \u2502\n\u2502        #6       \u2502                                      \u2502                 \u2502                                      \u2502                 \u2502                                               \u2502\n\u2502__internal_decomp\u2502                                      \u2502                 \u2502                                      \u2502                 \u2502                                               \u2502\n\u2502ress_integral_int\u2502                                      \u2502                 \u2502                                      \u2502                 \u2502                                               \u2502\n\u2502  eger(#7, 2002) \u2502                                      \u2502                 \u2502                                      \u2502                 \u2502                                               \u2502\n\u2502        #8       \u2502                                      \u2502                 \u2502                                      \u2502                 \u2502                                               \u2502\n\u2502                 \u2502                                      \u2502                 \u2502                                      \u2502                 \u2502                                               \u2502\n\u2502  ~230,647 rows  \u2502                                      \u2502   ~57,640 rows  \u2502                                      \u2502   ~1,063 rows   \u2502                                               \u2502\n\u2514\u2500\u2500\u2500\u2500\u2500\u2500\u2500\u2500\u252c\u2500\u2500\u2500\u2500\u2500\u2500\u2500\u2500\u2518                                      \u2514\u2500\u2500\u2500\u2500\u2500\u2500\u2500\u2500\u252c\u2500\u2500\u2500\u2500\u2500\u2500\u2500\u2500\u2518                                      \u2514\u2500\u2500\u2500\u2500\u2500\u2500\u2500\u2500\u252c\u2500\u2500\u2500\u2500\u2500\u2500\u2500\u2500\u2518                                               \u2502\n\u250c\u2500\u2500\u2500\u2500\u2500\u2500\u2500\u2500\u2534\u2500\u2500\u2500\u2500\u2500\u2500\u2500\u2500\u2510                                      \u250c\u2500\u2500\u2500\u2500\u2500\u2500\u2500\u2500\u2534\u2500\u2500\u2500\u2500\u2500\u2500\u2500\u2500\u2510                                      \u250c\u2500\u2500\u2500\u2500\u2500\u2500\u2500\u2500\u2534\u2500\u2500\u2500\u2500\u2500\u2500\u2500\u2500\u2510                                      \u250c\u2500\u2500\u2500\u2500\u2500\u2500\u2500\u2500\u2534\u2500\u2500\u2500\u2500\u2500\u2500\u2500\u2500\u2510\n\u2502  HASH_GROUP_BY  \u2502                                      \u2502    PROJECTION   \u2502                                      \u2502    PROJECTION   \u2502                                      \u2502    PROJECTION   \u2502\n\u2502    \u2500\u2500\u2500\u2500\u2500\u2500\u2500\u2500\u2500\u2500   \u2502                                      \u2502    \u2500\u2500\u2500\u2500\u2500\u2500\u2500\u2500\u2500\u2500   \u2502                                      \u2502    \u2500\u2500\u2500\u2500\u2500\u2500\u2500\u2500\u2500\u2500   \u2502                                      \u2502    \u2500\u2500\u2500\u2500\u2500\u2500\u2500\u2500\u2500\u2500   \u2502\n\u2502     Groups:     \u2502                                      \u2502        #0       \u2502                                      \u2502        #0       \u2502                                      \u2502        #0       \u2502\n\u2502        #0       \u2502                                      \u2502__internal_decomp\u2502                                      \u2502        #8       \u2502                                      \u2502        #8       \u2502\n\u2502        #1       \u2502                                      \u2502 ress_string(#1) \u2502                                      \u2502                 \u2502                                      \u2502                 \u2502\n\u2502        #2       \u2502                                      \u2502__internal_decomp\u2502                                      \u2502                 \u2502                                      \u2502                 \u2502\n\u2502        #3       \u2502                                      \u2502 ress_string(#2) \u2502                                      \u2502                 \u2502                                      \u2502                 \u2502\n\u2502        #4       \u2502                                      \u2502__internal_decomp\u2502                                      \u2502                 \u2502                                      \u2502                 \u2502\n\u2502        #5       \u2502                                      \u2502 ress_string(#3) \u2502                                      \u2502                 \u2502                                      \u2502                 \u2502\n\u2502        #6       \u2502                                      \u2502        #4       \u2502                                      \u2502                 \u2502                                      \u2502                 \u2502\n\u2502        #7       \u2502                                      \u2502__internal_decomp\u2502                                      \u2502                 \u2502                                      \u2502                 \u2502\n\u2502                 \u2502                                      \u2502 ress_string(#5) \u2502                                      \u2502                 \u2502                                      \u2502                 \u2502\n\u2502   Aggregates:   \u2502                                      \u2502        #6       \u2502                                      \u2502                 \u2502                                      \u2502                 \u2502\n\u2502     sum(#8)     \u2502                                      \u2502__internal_decomp\u2502                                      \u2502                 \u2502                                      \u2502                 \u2502\n\u2502                 \u2502                                      \u2502ress_integral_int\u2502                                      \u2502                 \u2502                                      \u2502                 \u2502\n\u2502                 \u2502                                      \u2502  eger(#7, 2002) \u2502                                      \u2502                 \u2502                                      \u2502                 \u2502\n\u2502                 \u2502                                      \u2502        #8       \u2502                                      \u2502                 \u2502                                      \u2502                 \u2502\n\u2502                 \u2502                                      \u2502                 \u2502                                      \u2502                 \u2502                                      \u2502                 \u2502\n\u2502  ~230,647 rows  \u2502                                      \u2502   ~57,640 rows  \u2502                                      \u2502   ~46,129 rows  \u2502                                      \u2502   ~11,528 rows  \u2502\n\u2514\u2500\u2500\u2500\u2500\u2500\u2500\u2500\u2500\u252c\u2500\u2500\u2500\u2500\u2500\u2500\u2500\u2500\u2518                                      \u2514\u2500\u2500\u2500\u2500\u2500\u2500\u2500\u2500\u252c\u2500\u2500\u2500\u2500\u2500\u2500\u2500\u2500\u2518                                      \u2514\u2500\u2500\u2500\u2500\u2500\u2500\u2500\u2500\u252c\u2500\u2500\u2500\u2500\u2500\u2500\u2500\u2500\u2518                                      \u2514\u2500\u2500\u2500\u2500\u2500\u2500\u2500\u2500\u252c\u2500\u2500\u2500\u2500\u2500\u2500\u2500\u2500\u2518\n\u250c\u2500\u2500\u2500\u2500\u2500\u2500\u2500\u2500\u2534\u2500\u2500\u2500\u2500\u2500\u2500\u2500\u2500\u2510                                      \u250c\u2500\u2500\u2500\u2500\u2500\u2500\u2500\u2500\u2534\u2500\u2500\u2500\u2500\u2500\u2500\u2500\u2500\u2510                                      \u250c\u2500\u2500\u2500\u2500\u2500\u2500\u2500\u2500\u2534\u2500\u2500\u2500\u2500\u2500\u2500\u2500\u2500\u2510                                      \u250c\u2500\u2500\u2500\u2500\u2500\u2500\u2500\u2500\u2534\u2500\u2500\u2500\u2500\u2500\u2500\u2500\u2500\u2510\n\u2502    PROJECTION   \u2502                                      \u2502  HASH_GROUP_BY  \u2502                                      \u2502      FILTER     \u2502                                      \u2502      FILTER     \u2502\n\u2502    \u2500\u2500\u2500\u2500\u2500\u2500\u2500\u2500\u2500\u2500   \u2502                                      \u2502    \u2500\u2500\u2500\u2500\u2500\u2500\u2500\u2500\u2500\u2500   \u2502                                      \u2502    \u2500\u2500\u2500\u2500\u2500\u2500\u2500\u2500\u2500\u2500   \u2502                                      \u2502    \u2500\u2500\u2500\u2500\u2500\u2500\u2500\u2500\u2500\u2500   \u2502\n\u2502  c_customer_id  \u2502                                      \u2502     Groups:     \u2502                                      \u2502 (year_total > 0 \u2502                                      \u2502 (year_total > 0 \u2502\n\u2502   c_first_name  \u2502                                      \u2502        #0       \u2502                                      \u2502       .00)      \u2502                                      \u2502       .00)      \u2502\n\u2502   c_last_name   \u2502                                      \u2502        #1       \u2502                                      \u2502                 \u2502                                      \u2502                 \u2502\n\u2502c_preferred_cust_\u2502                                      \u2502        #2       \u2502                                      \u2502                 \u2502                                      \u2502                 \u2502\n\u2502       flag      \u2502                                      \u2502        #3       \u2502                                      \u2502                 \u2502                                      \u2502                 \u2502\n\u2502 c_birth_country \u2502                                      \u2502        #4       \u2502                                      \u2502                 \u2502                                      \u2502                 \u2502\n\u2502     c_login     \u2502                                      \u2502        #5       \u2502                                      \u2502                 \u2502                                      \u2502                 \u2502\n\u2502 c_email_address \u2502                                      \u2502        #6       \u2502                                      \u2502                 \u2502                                      \u2502                 \u2502\n\u2502      d_year     \u2502                                      \u2502        #7       \u2502                                      \u2502                 \u2502                                      \u2502                 \u2502\n\u2502(ss_ext_list_pric\u2502                                      \u2502                 \u2502                                      \u2502                 \u2502                                      \u2502                 \u2502\n\u2502e - ss_ext_discou\u2502                                      \u2502   Aggregates:   \u2502                                      \u2502                 \u2502                                      \u2502                 \u2502\n\u2502     nt_amt)     \u2502                                      \u2502     sum(#8)     \u2502                                      \u2502                 \u2502                                      \u2502                 \u2502\n\u2502                 \u2502                                      \u2502                 \u2502                                      \u2502                 \u2502                                      \u2502                 \u2502\n\u2502  ~230,647 rows  \u2502                                      \u2502   ~57,640 rows  \u2502                                      \u2502   ~46,129 rows  \u2502                                      \u2502   ~11,528 rows  \u2502\n\u2514\u2500\u2500\u2500\u2500\u2500\u2500\u2500\u2500\u252c\u2500\u2500\u2500\u2500\u2500\u2500\u2500\u2500\u2518                                      \u2514\u2500\u2500\u2500\u2500\u2500\u2500\u2500\u2500\u252c\u2500\u2500\u2500\u2500\u2500\u2500\u2500\u2500\u2518                                      \u2514\u2500\u2500\u2500\u2500\u2500\u2500\u2500\u2500\u252c\u2500\u2500\u2500\u2500\u2500\u2500\u2500\u2500\u2518                                      \u2514\u2500\u2500\u2500\u2500\u2500\u2500\u2500\u2500\u252c\u2500\u2500\u2500\u2500\u2500\u2500\u2500\u2500\u2518\n\u250c\u2500\u2500\u2500\u2500\u2500\u2500\u2500\u2500\u2534\u2500\u2500\u2500\u2500\u2500\u2500\u2500\u2500\u2510                                      \u250c\u2500\u2500\u2500\u2500\u2500\u2500\u2500\u2500\u2534\u2500\u2500\u2500\u2500\u2500\u2500\u2500\u2500\u2510                                      \u250c\u2500\u2500\u2500\u2500\u2500\u2500\u2500\u2500\u2534\u2500\u2500\u2500\u2500\u2500\u2500\u2500\u2500\u2510                                      \u250c\u2500\u2500\u2500\u2500\u2500\u2500\u2500\u2500\u2534\u2500\u2500\u2500\u2500\u2500\u2500\u2500\u2500\u2510\n\u2502    PROJECTION   \u2502                                      \u2502    PROJECTION   \u2502                                      \u2502    PROJECTION   \u2502                                      \u2502    PROJECTION   \u2502\n\u2502    \u2500\u2500\u2500\u2500\u2500\u2500\u2500\u2500\u2500\u2500   \u2502                                      \u2502    \u2500\u2500\u2500\u2500\u2500\u2500\u2500\u2500\u2500\u2500   \u2502                                      \u2502    \u2500\u2500\u2500\u2500\u2500\u2500\u2500\u2500\u2500\u2500   \u2502                                      \u2502    \u2500\u2500\u2500\u2500\u2500\u2500\u2500\u2500\u2500\u2500   \u2502\n\u2502        #0       \u2502                                      \u2502  c_customer_id  \u2502                                      \u2502        #0       \u2502                                      \u2502        #0       \u2502\n\u2502__internal_compre\u2502                                      \u2502   c_first_name  \u2502                                      \u2502__internal_decomp\u2502                                      \u2502__internal_decomp\u2502\n\u2502ss_string_uhugein\u2502                                      \u2502   c_last_name   \u2502                                      \u2502 ress_string(#1) \u2502                                      \u2502 ress_string(#1) \u2502\n\u2502      t(#1)      \u2502                                      \u2502c_preferred_cust_\u2502                                      \u2502__internal_decomp\u2502                                      \u2502__internal_decomp\u2502\n\u2502__internal_compre\u2502                                      \u2502       flag      \u2502                                      \u2502 ress_string(#2) \u2502                                      \u2502 ress_string(#2) \u2502\n\u2502ss_string_uhugein\u2502                                      \u2502 c_birth_country \u2502                                      \u2502__internal_decomp\u2502                                      \u2502__internal_decomp\u2502\n\u2502      t(#2)      \u2502                                      \u2502     c_login     \u2502                                      \u2502 ress_string(#3) \u2502                                      \u2502 ress_string(#3) \u2502\n\u2502__internal_compre\u2502                                      \u2502 c_email_address \u2502                                      \u2502        #4       \u2502                                      \u2502        #4       \u2502\n\u2502ss_string_utinyin\u2502                                      \u2502      d_year     \u2502                                      \u2502__internal_decomp\u2502                                      \u2502__internal_decomp\u2502\n\u2502      t(#3)      \u2502                                      \u2502(ws_ext_list_pric\u2502                                      \u2502 ress_string(#5) \u2502                                      \u2502 ress_string(#5) \u2502\n\u2502        #4       \u2502                                      \u2502e - ws_ext_discou\u2502                                      \u2502        #6       \u2502                                      \u2502        #6       \u2502\n\u2502__internal_compre\u2502                                      \u2502     nt_amt)     \u2502                                      \u2502__internal_decomp\u2502                                      \u2502__internal_decomp\u2502\n\u2502ss_string_utinyin\u2502                                      \u2502                 \u2502                                      \u2502ress_integral_int\u2502                                      \u2502ress_integral_int\u2502\n\u2502      t(#5)      \u2502                                      \u2502                 \u2502                                      \u2502  eger(#7, 2001) \u2502                                      \u2502  eger(#7, 2001) \u2502\n\u2502        #6       \u2502                                      \u2502                 \u2502                                      \u2502        #8       \u2502                                      \u2502        #8       \u2502\n\u2502        #7       \u2502                                      \u2502                 \u2502                                      \u2502                 \u2502                                      \u2502                 \u2502\n\u2502        #8       \u2502                                      \u2502                 \u2502                                      \u2502                 \u2502                                      \u2502                 \u2502\n\u2502__internal_compre\u2502                                      \u2502                 \u2502                                      \u2502                 \u2502                                      \u2502                 \u2502\n\u2502ss_integral_utiny\u2502                                      \u2502                 \u2502                                      \u2502                 \u2502                                      \u2502                 \u2502\n\u2502  int(#9, 2002)  \u2502                                      \u2502                 \u2502                                      \u2502                 \u2502                                      \u2502                 \u2502\n\u2502                 \u2502                                      \u2502                 \u2502                                      \u2502                 \u2502                                      \u2502                 \u2502\n\u2502  ~230,647 rows  \u2502                                      \u2502   ~57,640 rows  \u2502                                      \u2502  ~230,647 rows  \u2502                                      \u2502   ~57,640 rows  \u2502\n\u2514\u2500\u2500\u2500\u2500\u2500\u2500\u2500\u2500\u252c\u2500\u2500\u2500\u2500\u2500\u2500\u2500\u2500\u2518                                      \u2514\u2500\u2500\u2500\u2500\u2500\u2500\u2500\u2500\u252c\u2500\u2500\u2500\u2500\u2500\u2500\u2500\u2500\u2518                                      \u2514\u2500\u2500\u2500\u2500\u2500\u2500\u2500\u2500\u252c\u2500\u2500\u2500\u2500\u2500\u2500\u2500\u2500\u2518                                      \u2514\u2500\u2500\u2500\u2500\u2500\u2500\u2500\u2500\u252c\u2500\u2500\u2500\u2500\u2500\u2500\u2500\u2500\u2518\n\u250c\u2500\u2500\u2500\u2500\u2500\u2500\u2500\u2500\u2534\u2500\u2500\u2500\u2500\u2500\u2500\u2500\u2500\u2510                                      \u250c\u2500\u2500\u2500\u2500\u2500\u2500\u2500\u2500\u2534\u2500\u2500\u2500\u2500\u2500\u2500\u2500\u2500\u2510                                      \u250c\u2500\u2500\u2500\u2500\u2500\u2500\u2500\u2500\u2534\u2500\u2500\u2500\u2500\u2500\u2500\u2500\u2500\u2510                                      \u250c\u2500\u2500\u2500\u2500\u2500\u2500\u2500\u2500\u2534\u2500\u2500\u2500\u2500\u2500\u2500\u2500\u2500\u2510\n\u2502    HASH_JOIN    \u2502                                      \u2502    PROJECTION   \u2502                                      \u2502  HASH_GROUP_BY  \u2502                                      \u2502  HASH_GROUP_BY  \u2502\n\u2502    \u2500\u2500\u2500\u2500\u2500\u2500\u2500\u2500\u2500\u2500   \u2502                                      \u2502    \u2500\u2500\u2500\u2500\u2500\u2500\u2500\u2500\u2500\u2500   \u2502                                      \u2502    \u2500\u2500\u2500\u2500\u2500\u2500\u2500\u2500\u2500\u2500   \u2502                                      \u2502    \u2500\u2500\u2500\u2500\u2500\u2500\u2500\u2500\u2500\u2500   \u2502\n\u2502    Join Type:   \u2502                                      \u2502        #0       \u2502                                      \u2502     Groups:     \u2502                                      \u2502     Groups:     \u2502\n\u2502      INNER      \u2502                                      \u2502__internal_compre\u2502                                      \u2502        #0       \u2502                                      \u2502        #0       \u2502\n\u2502                 \u2502                                      \u2502ss_string_uhugein\u2502                                      \u2502        #1       \u2502                                      \u2502        #1       \u2502\n\u2502   Conditions:   \u2502                                      \u2502      t(#1)      \u2502                                      \u2502        #2       \u2502                                      \u2502        #2       \u2502\n\u2502 c_customer_sk = \u2502                                      \u2502__internal_compre\u2502                                      \u2502        #3       \u2502                                      \u2502        #3       \u2502\n\u2502  ss_customer_sk \u2502                                      \u2502ss_string_uhugein\u2502                                      \u2502        #4       \u2502                                      \u2502        #4       \u2502\n\u2502                 \u2502                                      \u2502      t(#2)      \u2502                                      \u2502        #5       \u2502                                      \u2502        #5       \u2502\n\u2502                 \u2502                                      \u2502__internal_compre\u2502                                      \u2502        #6       \u2502                                      \u2502        #6       \u2502\n\u2502                 \u2502                                      \u2502ss_string_utinyin\u2502                                      \u2502        #7       \u2502                                      \u2502        #7       \u2502\n\u2502                 \u2502                                      \u2502      t(#3)      \u2502                                      \u2502                 \u2502                                      \u2502                 \u2502\n\u2502                 \u251c\u2500\u2500\u2500\u2500\u2500\u2500\u2500\u2500\u2500\u2510                            \u2502        #4       \u2502                                      \u2502   Aggregates:   \u2502                                      \u2502   Aggregates:   \u2502\n\u2502                 \u2502         \u2502                            \u2502__internal_compre\u2502                                      \u2502     sum(#8)     \u2502                                      \u2502     sum(#8)     \u2502\n\u2502                 \u2502         \u2502                            \u2502ss_string_utinyin\u2502                                      \u2502                 \u2502                                      \u2502                 \u2502\n\u2502                 \u2502         \u2502                            \u2502      t(#5)      \u2502                                      \u2502                 \u2502                                      \u2502                 \u2502\n\u2502                 \u2502         \u2502                            \u2502        #6       \u2502                                      \u2502                 \u2502                                      \u2502                 \u2502\n\u2502                 \u2502         \u2502                            \u2502        #7       \u2502                                      \u2502                 \u2502                                      \u2502                 \u2502\n\u2502                 \u2502         \u2502                            \u2502        #8       \u2502                                      \u2502                 \u2502                                      \u2502                 \u2502\n\u2502                 \u2502         \u2502                            \u2502__internal_compre\u2502                                      \u2502                 \u2502                                      \u2502                 \u2502\n\u2502                 \u2502         \u2502                            \u2502ss_integral_utiny\u2502                                      \u2502                 \u2502                                      \u2502                 \u2502\n\u2502                 \u2502         \u2502                            \u2502  int(#9, 2002)  \u2502                                      \u2502                 \u2502                                      \u2502                 \u2502\n\u2502                 \u2502         \u2502                            \u2502                 \u2502                                      \u2502                 \u2502                                      \u2502                 \u2502\n\u2502  ~230,647 rows  \u2502         \u2502                            \u2502   ~57,640 rows  \u2502                                      \u2502  ~230,647 rows  \u2502                                      \u2502   ~57,640 rows  \u2502\n\u2514\u2500\u2500\u2500\u2500\u2500\u2500\u2500\u2500\u252c\u2500\u2500\u2500\u2500\u2500\u2500\u2500\u2500\u2518         \u2502                            \u2514\u2500\u2500\u2500\u2500\u2500\u2500\u2500\u2500\u252c\u2500\u2500\u2500\u2500\u2500\u2500\u2500\u2500\u2518                                      \u2514\u2500\u2500\u2500\u2500\u2500\u2500\u2500\u2500\u252c\u2500\u2500\u2500\u2500\u2500\u2500\u2500\u2500\u2518                                      \u2514\u2500\u2500\u2500\u2500\u2500\u2500\u2500\u2500\u252c\u2500\u2500\u2500\u2500\u2500\u2500\u2500\u2500\u2518\n\u250c\u2500\u2500\u2500\u2500\u2500\u2500\u2500\u2500\u2534\u2500\u2500\u2500\u2500\u2500\u2500\u2500\u2500\u2510\u250c\u2500\u2500\u2500\u2500\u2500\u2500\u2500\u2500\u2534\u2500\u2500\u2500\u2500\u2500\u2500\u2500\u2500\u2510                   \u250c\u2500\u2500\u2500\u2500\u2500\u2500\u2500\u2500\u2534\u2500\u2500\u2500\u2500\u2500\u2500\u2500\u2500\u2510                                      \u250c\u2500\u2500\u2500\u2500\u2500\u2500\u2500\u2500\u2534\u2500\u2500\u2500\u2500\u2500\u2500\u2500\u2500\u2510                                      \u250c\u2500\u2500\u2500\u2500\u2500\u2500\u2500\u2500\u2534\u2500\u2500\u2500\u2500\u2500\u2500\u2500\u2500\u2510\n\u2502    SEQ_SCAN     \u2502\u2502    HASH_JOIN    \u2502                   \u2502    HASH_JOIN    \u2502                                      \u2502    PROJECTION   \u2502                                      \u2502    PROJECTION   \u2502\n\u2502    \u2500\u2500\u2500\u2500\u2500\u2500\u2500\u2500\u2500\u2500   \u2502\u2502    \u2500\u2500\u2500\u2500\u2500\u2500\u2500\u2500\u2500\u2500   \u2502                   \u2502    \u2500\u2500\u2500\u2500\u2500\u2500\u2500\u2500\u2500\u2500   \u2502                                      \u2502    \u2500\u2500\u2500\u2500\u2500\u2500\u2500\u2500\u2500\u2500   \u2502                                      \u2502    \u2500\u2500\u2500\u2500\u2500\u2500\u2500\u2500\u2500\u2500   \u2502\n\u2502      Table:     \u2502\u2502    Join Type:   \u2502                   \u2502    Join Type:   \u2502                                      \u2502  c_customer_id  \u2502                                      \u2502  c_customer_id  \u2502\n\u2502     customer    \u2502\u2502      INNER      \u2502                   \u2502      INNER      \u2502                                      \u2502   c_first_name  \u2502                                      \u2502   c_first_name  \u2502\n\u2502                 \u2502\u2502                 \u2502                   \u2502                 \u2502                                      \u2502   c_last_name   \u2502                                      \u2502   c_last_name   \u2502\n\u2502      Type:      \u2502\u2502   Conditions:   \u2502                   \u2502   Conditions:   \u2502                                      \u2502c_preferred_cust_\u2502                                      \u2502c_preferred_cust_\u2502\n\u2502 Sequential Scan \u2502\u2502 ss_sold_date_sk \u2502                   \u2502 c_customer_sk = \u2502                                      \u2502       flag      \u2502                                      \u2502       flag      \u2502\n\u2502                 \u2502\u2502   = d_date_sk   \u2502                   \u2502 ws_bill_customer\u2502                                      \u2502 c_birth_country \u2502                                      \u2502 c_birth_country \u2502\n\u2502   Projections:  \u2502\u2502                 \u2502                   \u2502       _sk       \u2502                                      \u2502     c_login     \u2502                                      \u2502     c_login     \u2502\n\u2502  c_customer_sk  \u2502\u2502                 \u2502                   \u2502                 \u2502                                      \u2502 c_email_address \u2502                                      \u2502 c_email_address \u2502\n\u2502  c_customer_id  \u2502\u2502                 \u251c\u2500\u2500\u2500\u2500\u2500\u2500\u2500\u2500\u2500\u2510         \u2502                 \u251c\u2500\u2500\u2500\u2500\u2500\u2500\u2500\u2500\u2500\u2510                            \u2502      d_year     \u2502                                      \u2502      d_year     \u2502\n\u2502   c_first_name  \u2502\u2502                 \u2502         \u2502         \u2502                 \u2502         \u2502                            \u2502(ss_ext_list_pric\u2502                                      \u2502(ws_ext_list_pric\u2502\n\u2502   c_last_name   \u2502\u2502                 \u2502         \u2502         \u2502                 \u2502         \u2502                            \u2502e - ss_ext_discou\u2502                                      \u2502e - ws_ext_discou\u2502\n\u2502c_preferred_cust_\u2502\u2502                 \u2502         \u2502         \u2502                 \u2502         \u2502                            \u2502     nt_amt)     \u2502                                      \u2502     nt_amt)     \u2502\n\u2502       flag      \u2502\u2502                 \u2502         \u2502         \u2502                 \u2502         \u2502                            \u2502                 \u2502                                      \u2502                 \u2502\n\u2502 c_birth_country \u2502\u2502                 \u2502         \u2502         \u2502                 \u2502         \u2502                            \u2502                 \u2502                                      \u2502                 \u2502\n\u2502     c_login     \u2502\u2502                 \u2502         \u2502         \u2502                 \u2502         \u2502                            \u2502                 \u2502                                      \u2502                 \u2502\n\u2502 c_email_address \u2502\u2502                 \u2502         \u2502         \u2502                 \u2502         \u2502                            \u2502                 \u2502                                      \u2502                 \u2502\n\u2502                 \u2502\u2502                 \u2502         \u2502         \u2502                 \u2502         \u2502                            \u2502                 \u2502                                      \u2502                 \u2502\n\u2502  ~500,000 rows  \u2502\u2502  ~230,647 rows  \u2502         \u2502         \u2502   ~57,640 rows  \u2502         \u2502                            \u2502  ~230,647 rows  \u2502                                      \u2502   ~57,640 rows  \u2502\n\u2514\u2500\u2500\u2500\u2500\u2500\u2500\u2500\u2500\u2500\u2500\u2500\u2500\u2500\u2500\u2500\u2500\u2500\u2518\u2514\u2500\u2500\u2500\u2500\u2500\u2500\u2500\u2500\u252c\u2500\u2500\u2500\u2500\u2500\u2500\u2500\u2500\u2518         \u2502         \u2514\u2500\u2500\u2500\u2500\u2500\u2500\u2500\u2500\u252c\u2500\u2500\u2500\u2500\u2500\u2500\u2500\u2500\u2518         \u2502                            \u2514\u2500\u2500\u2500\u2500\u2500\u2500\u2500\u2500\u252c\u2500\u2500\u2500\u2500\u2500\u2500\u2500\u2500\u2518                                      \u2514\u2500\u2500\u2500\u2500\u2500\u2500\u2500\u2500\u252c\u2500\u2500\u2500\u2500\u2500\u2500\u2500\u2500\u2518\n                   \u250c\u2500\u2500\u2500\u2500\u2500\u2500\u2500\u2500\u2534\u2500\u2500\u2500\u2500\u2500\u2500\u2500\u2500\u2510\u250c\u2500\u2500\u2500\u2500\u2500\u2500\u2500\u2500\u2534\u2500\u2500\u2500\u2500\u2500\u2500\u2500\u2500\u2510\u250c\u2500\u2500\u2500\u2500\u2500\u2500\u2500\u2500\u2534\u2500\u2500\u2500\u2500\u2500\u2500\u2500\u2500\u2510\u250c\u2500\u2500\u2500\u2500\u2500\u2500\u2500\u2500\u2534\u2500\u2500\u2500\u2500\u2500\u2500\u2500\u2500\u2510                   \u250c\u2500\u2500\u2500\u2500\u2500\u2500\u2500\u2500\u2534\u2500\u2500\u2500\u2500\u2500\u2500\u2500\u2500\u2510                                      \u250c\u2500\u2500\u2500\u2500\u2500\u2500\u2500\u2500\u2534\u2500\u2500\u2500\u2500\u2500\u2500\u2500\u2500\u2510\n                   \u2502    SEQ_SCAN     \u2502\u2502      FILTER     \u2502\u2502    SEQ_SCAN     \u2502\u2502    HASH_JOIN    \u2502                   \u2502    PROJECTION   \u2502                                      \u2502    PROJECTION   \u2502\n                   \u2502    \u2500\u2500\u2500\u2500\u2500\u2500\u2500\u2500\u2500\u2500   \u2502\u2502    \u2500\u2500\u2500\u2500\u2500\u2500\u2500\u2500\u2500\u2500   \u2502\u2502    \u2500\u2500\u2500\u2500\u2500\u2500\u2500\u2500\u2500\u2500   \u2502\u2502    \u2500\u2500\u2500\u2500\u2500\u2500\u2500\u2500\u2500\u2500   \u2502                   \u2502    \u2500\u2500\u2500\u2500\u2500\u2500\u2500\u2500\u2500\u2500   \u2502                                      \u2502    \u2500\u2500\u2500\u2500\u2500\u2500\u2500\u2500\u2500\u2500   \u2502\n                   \u2502      Table:     \u2502\u2502    (d_date_sk   \u2502\u2502      Table:     \u2502\u2502    Join Type:   \u2502                   \u2502        #0       \u2502                                      \u2502        #0       \u2502\n                   \u2502   store_sales   \u2502\u2502  BETWEEN 2450816\u2502\u2502     customer    \u2502\u2502      INNER      \u2502                   \u2502__internal_compre\u2502                                      \u2502__internal_compre\u2502\n                   \u2502                 \u2502\u2502   AND 2452642)  \u2502\u2502                 \u2502\u2502                 \u2502                   \u2502ss_string_uhugein\u2502                                      \u2502ss_string_uhugein\u2502\n                   \u2502      Type:      \u2502\u2502                 \u2502\u2502      Type:      \u2502\u2502   Conditions:   \u2502                   \u2502      t(#1)      \u2502                                      \u2502      t(#1)      \u2502\n                   \u2502 Sequential Scan \u2502\u2502                 \u2502\u2502 Sequential Scan \u2502\u2502 ws_sold_date_sk \u2502                   \u2502__internal_compre\u2502                                      \u2502__internal_compre\u2502\n                   \u2502                 \u2502\u2502                 \u2502\u2502                 \u2502\u2502   = d_date_sk   \u2502                   \u2502ss_string_uhugein\u2502                                      \u2502ss_string_uhugein\u2502\n                   \u2502   Projections:  \u2502\u2502                 \u2502\u2502   Projections:  \u2502\u2502                 \u2502                   \u2502      t(#2)      \u2502                                      \u2502      t(#2)      \u2502\n                   \u2502  ss_customer_sk \u2502\u2502                 \u2502\u2502  c_customer_sk  \u2502\u2502                 \u2502                   \u2502__internal_compre\u2502                                      \u2502__internal_compre\u2502\n                   \u2502 ss_sold_date_sk \u2502\u2502                 \u2502\u2502  c_customer_id  \u2502\u2502                 \u2502                   \u2502ss_string_utinyin\u2502                                      \u2502ss_string_utinyin\u2502\n                   \u2502ss_ext_list_price\u2502\u2502                 \u2502\u2502   c_first_name  \u2502\u2502                 \u2502                   \u2502      t(#3)      \u2502                                      \u2502      t(#3)      \u2502\n                   \u2502ss_ext_discount_a\u2502\u2502                 \u2502\u2502   c_last_name   \u2502\u2502                 \u251c\u2500\u2500\u2500\u2500\u2500\u2500\u2500\u2500\u2500\u2510         \u2502        #4       \u2502                                      \u2502        #4       \u2502\n                   \u2502        mt       \u2502\u2502                 \u2502\u2502c_preferred_cust_\u2502\u2502                 \u2502         \u2502         \u2502__internal_compre\u2502                                      \u2502__internal_compre\u2502\n                   \u2502                 \u2502\u2502                 \u2502\u2502       flag      \u2502\u2502                 \u2502         \u2502         \u2502ss_string_utinyin\u2502                                      \u2502ss_string_utinyin\u2502\n                   \u2502                 \u2502\u2502                 \u2502\u2502 c_birth_country \u2502\u2502                 \u2502         \u2502         \u2502      t(#5)      \u2502                                      \u2502      t(#5)      \u2502\n                   \u2502                 \u2502\u2502                 \u2502\u2502     c_login     \u2502\u2502                 \u2502         \u2502         \u2502        #6       \u2502                                      \u2502        #6       \u2502\n                   \u2502                 \u2502\u2502                 \u2502\u2502 c_email_address \u2502\u2502                 \u2502         \u2502         \u2502        #7       \u2502                                      \u2502        #7       \u2502\n                   \u2502                 \u2502\u2502                 \u2502\u2502                 \u2502\u2502                 \u2502         \u2502         \u2502        #8       \u2502                                      \u2502        #8       \u2502\n                   \u2502                 \u2502\u2502                 \u2502\u2502     Filters:    \u2502\u2502                 \u2502         \u2502         \u2502__internal_compre\u2502                                      \u2502__internal_compre\u2502\n                   \u2502                 \u2502\u2502                 \u2502\u2502 c_customer_sk>=2\u2502\u2502                 \u2502         \u2502         \u2502ss_integral_utiny\u2502                                      \u2502ss_integral_utiny\u2502\n                   \u2502                 \u2502\u2502                 \u2502\u2502 AND c_customer_s\u2502\u2502                 \u2502         \u2502         \u2502  int(#9, 2001)  \u2502                                      \u2502  int(#9, 2001)  \u2502\n                   \u2502                 \u2502\u2502                 \u2502\u2502    k<=499998    \u2502\u2502                 \u2502         \u2502         \u2502                 \u2502                                      \u2502                 \u2502\n                   \u2502                 \u2502\u2502                 \u2502\u2502                 \u2502\u2502                 \u2502         \u2502         \u2502                 \u2502                                      \u2502                 \u2502\n                   \u2502 ~28,800,991 rows\u2502\u2502    ~585 rows    \u2502\u2502  ~500,000 rows  \u2502\u2502   ~57,640 rows  \u2502         \u2502         \u2502  ~230,647 rows  \u2502                                      \u2502   ~57,640 rows  \u2502\n                   \u2514\u2500\u2500\u2500\u2500\u2500\u2500\u2500\u2500\u2500\u2500\u2500\u2500\u2500\u2500\u2500\u2500\u2500\u2518\u2514\u2500\u2500\u2500\u2500\u2500\u2500\u2500\u2500\u252c\u2500\u2500\u2500\u2500\u2500\u2500\u2500\u2500\u2518\u2514\u2500\u2500\u2500\u2500\u2500\u2500\u2500\u2500\u2500\u2500\u2500\u2500\u2500\u2500\u2500\u2500\u2500\u2518\u2514\u2500\u2500\u2500\u2500\u2500\u2500\u2500\u2500\u252c\u2500\u2500\u2500\u2500\u2500\u2500\u2500\u2500\u2518         \u2502         \u2514\u2500\u2500\u2500\u2500\u2500\u2500\u2500\u2500\u252c\u2500\u2500\u2500\u2500\u2500\u2500\u2500\u2500\u2518                                      \u2514\u2500\u2500\u2500\u2500\u2500\u2500\u2500\u2500\u252c\u2500\u2500\u2500\u2500\u2500\u2500\u2500\u2500\u2518\n                                      \u250c\u2500\u2500\u2500\u2500\u2500\u2500\u2500\u2500\u2534\u2500\u2500\u2500\u2500\u2500\u2500\u2500\u2500\u2510                   \u250c\u2500\u2500\u2500\u2500\u2500\u2500\u2500\u2500\u2534\u2500\u2500\u2500\u2500\u2500\u2500\u2500\u2500\u2510\u250c\u2500\u2500\u2500\u2500\u2500\u2500\u2500\u2500\u2534\u2500\u2500\u2500\u2500\u2500\u2500\u2500\u2500\u2510\u250c\u2500\u2500\u2500\u2500\u2500\u2500\u2500\u2500\u2534\u2500\u2500\u2500\u2500\u2500\u2500\u2500\u2500\u2510                                      \u250c\u2500\u2500\u2500\u2500\u2500\u2500\u2500\u2500\u2534\u2500\u2500\u2500\u2500\u2500\u2500\u2500\u2500\u2510\n                                      \u2502    SEQ_SCAN     \u2502                   \u2502    SEQ_SCAN     \u2502\u2502      FILTER     \u2502\u2502    HASH_JOIN    \u2502                                      \u2502    HASH_JOIN    \u2502\n                                      \u2502    \u2500\u2500\u2500\u2500\u2500\u2500\u2500\u2500\u2500\u2500   \u2502                   \u2502    \u2500\u2500\u2500\u2500\u2500\u2500\u2500\u2500\u2500\u2500   \u2502\u2502    \u2500\u2500\u2500\u2500\u2500\u2500\u2500\u2500\u2500\u2500   \u2502\u2502    \u2500\u2500\u2500\u2500\u2500\u2500\u2500\u2500\u2500\u2500   \u2502                                      \u2502    \u2500\u2500\u2500\u2500\u2500\u2500\u2500\u2500\u2500\u2500   \u2502\n                                      \u2502      Table:     \u2502                   \u2502      Table:     \u2502\u2502    (d_date_sk   \u2502\u2502    Join Type:   \u2502                                      \u2502    Join Type:   \u2502\n                                      \u2502     date_dim    \u2502                   \u2502    web_sales    \u2502\u2502  BETWEEN 2450816\u2502\u2502      INNER      \u2502                                      \u2502      INNER      \u2502\n                                      \u2502                 \u2502                   \u2502                 \u2502\u2502   AND 2452642)  \u2502\u2502                 \u2502                                      \u2502                 \u2502\n                                      \u2502      Type:      \u2502                   \u2502      Type:      \u2502\u2502                 \u2502\u2502   Conditions:   \u2502                                      \u2502   Conditions:   \u2502\n                                      \u2502 Sequential Scan \u2502                   \u2502 Sequential Scan \u2502\u2502                 \u2502\u2502 c_customer_sk = \u2502                                      \u2502 c_customer_sk = \u2502\n                                      \u2502                 \u2502                   \u2502                 \u2502\u2502                 \u2502\u2502  ss_customer_sk \u2502                                      \u2502 ws_bill_customer\u2502\n                                      \u2502   Projections:  \u2502                   \u2502   Projections:  \u2502\u2502                 \u2502\u2502                 \u251c\u2500\u2500\u2500\u2500\u2500\u2500\u2500\u2500\u2500\u2510                            \u2502       _sk       \u251c\u2500\u2500\u2500\u2500\u2500\u2500\u2500\u2500\u2500\u2510\n                                      \u2502    d_date_sk    \u2502                   \u2502ws_bill_customer_\u2502\u2502                 \u2502\u2502                 \u2502         \u2502                            \u2502                 \u2502         \u2502\n                                      \u2502      d_year     \u2502                   \u2502        sk       \u2502\u2502                 \u2502\u2502                 \u2502         \u2502                            \u2502                 \u2502         \u2502\n                                      \u2502                 \u2502                   \u2502 ws_sold_date_sk \u2502\u2502                 \u2502\u2502                 \u2502         \u2502                            \u2502                 \u2502         \u2502\n                                      \u2502     Filters:    \u2502                   \u2502ws_ext_list_price\u2502\u2502                 \u2502\u2502                 \u2502         \u2502                            \u2502                 \u2502         \u2502\n                                      \u2502   d_year=2002   \u2502                   \u2502ws_ext_discount_a\u2502\u2502                 \u2502\u2502                 \u2502         \u2502                            \u2502                 \u2502         \u2502\n                                      \u2502                 \u2502                   \u2502        mt       \u2502\u2502                 \u2502\u2502                 \u2502         \u2502                            \u2502                 \u2502         \u2502\n                                      \u2502                 \u2502                   \u2502                 \u2502\u2502                 \u2502\u2502                 \u2502         \u2502                            \u2502                 \u2502         \u2502\n                                      \u2502    ~585 rows    \u2502                   \u2502 ~7,197,566 rows \u2502\u2502    ~585 rows    \u2502\u2502  ~230,647 rows  \u2502         \u2502                            \u2502   ~57,640 rows  \u2502         \u2502\n                                      \u2514\u2500\u2500\u2500\u2500\u2500\u2500\u2500\u2500\u2500\u2500\u2500\u2500\u2500\u2500\u2500\u2500\u2500\u2518                   \u2514\u2500\u2500\u2500\u2500\u2500\u2500\u2500\u2500\u2500\u2500\u2500\u2500\u2500\u2500\u2500\u2500\u2500\u2518\u2514\u2500\u2500\u2500\u2500\u2500\u2500\u2500\u2500\u252c\u2500\u2500\u2500\u2500\u2500\u2500\u2500\u2500\u2518\u2514\u2500\u2500\u2500\u2500\u2500\u2500\u2500\u2500\u252c\u2500\u2500\u2500\u2500\u2500\u2500\u2500\u2500\u2518         \u2502                            \u2514\u2500\u2500\u2500\u2500\u2500\u2500\u2500\u2500\u252c\u2500\u2500\u2500\u2500\u2500\u2500\u2500\u2500\u2518         \u2502\n                                                                                               \u250c\u2500\u2500\u2500\u2500\u2500\u2500\u2500\u2500\u2534\u2500\u2500\u2500\u2500\u2500\u2500\u2500\u2500\u2510\u250c\u2500\u2500\u2500\u2500\u2500\u2500\u2500\u2500\u2534\u2500\u2500\u2500\u2500\u2500\u2500\u2500\u2500\u2510\u250c\u2500\u2500\u2500\u2500\u2500\u2500\u2500\u2500\u2534\u2500\u2500\u2500\u2500\u2500\u2500\u2500\u2500\u2510                   \u250c\u2500\u2500\u2500\u2500\u2500\u2500\u2500\u2500\u2534\u2500\u2500\u2500\u2500\u2500\u2500\u2500\u2500\u2510\u250c\u2500\u2500\u2500\u2500\u2500\u2500\u2500\u2500\u2534\u2500\u2500\u2500\u2500\u2500\u2500\u2500\u2500\u2510\n                                                                                               \u2502    SEQ_SCAN     \u2502\u2502    SEQ_SCAN     \u2502\u2502    HASH_JOIN    \u2502                   \u2502    SEQ_SCAN     \u2502\u2502    HASH_JOIN    \u2502\n                                                                                               \u2502    \u2500\u2500\u2500\u2500\u2500\u2500\u2500\u2500\u2500\u2500   \u2502\u2502    \u2500\u2500\u2500\u2500\u2500\u2500\u2500\u2500\u2500\u2500   \u2502\u2502    \u2500\u2500\u2500\u2500\u2500\u2500\u2500\u2500\u2500\u2500   \u2502                   \u2502    \u2500\u2500\u2500\u2500\u2500\u2500\u2500\u2500\u2500\u2500   \u2502\u2502    \u2500\u2500\u2500\u2500\u2500\u2500\u2500\u2500\u2500\u2500   \u2502\n                                                                                               \u2502      Table:     \u2502\u2502      Table:     \u2502\u2502    Join Type:   \u2502                   \u2502      Table:     \u2502\u2502    Join Type:   \u2502\n                                                                                               \u2502     date_dim    \u2502\u2502     customer    \u2502\u2502      INNER      \u2502                   \u2502     customer    \u2502\u2502      INNER      \u2502\n                                                                                               \u2502                 \u2502\u2502                 \u2502\u2502                 \u2502                   \u2502                 \u2502\u2502                 \u2502\n                                                                                               \u2502      Type:      \u2502\u2502      Type:      \u2502\u2502   Conditions:   \u2502                   \u2502      Type:      \u2502\u2502   Conditions:   \u2502\n                                                                                               \u2502 Sequential Scan \u2502\u2502 Sequential Scan \u2502\u2502 ss_sold_date_sk \u2502                   \u2502 Sequential Scan \u2502\u2502 ws_sold_date_sk \u2502\n                                                                                               \u2502                 \u2502\u2502                 \u2502\u2502   = d_date_sk   \u2502                   \u2502                 \u2502\u2502   = d_date_sk   \u2502\n                                                                                               \u2502   Projections:  \u2502\u2502   Projections:  \u2502\u2502                 \u2502                   \u2502   Projections:  \u2502\u2502                 \u2502\n                                                                                               \u2502    d_date_sk    \u2502\u2502  c_customer_sk  \u2502\u2502                 \u2502                   \u2502  c_customer_sk  \u2502\u2502                 \u2502\n                                                                                               \u2502      d_year     \u2502\u2502  c_customer_id  \u2502\u2502                 \u2502                   \u2502  c_customer_id  \u2502\u2502                 \u2502\n                                                                                               \u2502                 \u2502\u2502   c_first_name  \u2502\u2502                 \u2502                   \u2502   c_first_name  \u2502\u2502                 \u2502\n                                                                                               \u2502     Filters:    \u2502\u2502   c_last_name   \u2502\u2502                 \u251c\u2500\u2500\u2500\u2500\u2500\u2500\u2500\u2500\u2500\u2510         \u2502   c_last_name   \u2502\u2502                 \u251c\u2500\u2500\u2500\u2500\u2500\u2500\u2500\u2500\u2500\u2510\n                                                                                               \u2502   d_year=2002   \u2502\u2502c_preferred_cust_\u2502\u2502                 \u2502         \u2502         \u2502c_preferred_cust_\u2502\u2502                 \u2502         \u2502\n                                                                                               \u2502                 \u2502\u2502       flag      \u2502\u2502                 \u2502         \u2502         \u2502       flag      \u2502\u2502                 \u2502         \u2502\n                                                                                               \u2502                 \u2502\u2502 c_birth_country \u2502\u2502                 \u2502         \u2502         \u2502 c_birth_country \u2502\u2502                 \u2502         \u2502\n                                                                                               \u2502                 \u2502\u2502     c_login     \u2502\u2502                 \u2502         \u2502         \u2502     c_login     \u2502\u2502                 \u2502         \u2502\n                                                                                               \u2502                 \u2502\u2502 c_email_address \u2502\u2502                 \u2502         \u2502         \u2502 c_email_address \u2502\u2502                 \u2502         \u2502\n                                                                                               \u2502                 \u2502\u2502                 \u2502\u2502                 \u2502         \u2502         \u2502                 \u2502\u2502                 \u2502         \u2502\n                                                                                               \u2502                 \u2502\u2502                 \u2502\u2502                 \u2502         \u2502         \u2502     Filters:    \u2502\u2502                 \u2502         \u2502\n                                                                                               \u2502                 \u2502\u2502                 \u2502\u2502                 \u2502         \u2502         \u2502 c_customer_sk>=2\u2502\u2502                 \u2502         \u2502\n                                                                                               \u2502                 \u2502\u2502                 \u2502\u2502                 \u2502         \u2502         \u2502 AND c_customer_s\u2502\u2502                 \u2502         \u2502\n                                                                                               \u2502                 \u2502\u2502                 \u2502\u2502                 \u2502         \u2502         \u2502    k<=499998    \u2502\u2502                 \u2502         \u2502\n                                                                                               \u2502                 \u2502\u2502                 \u2502\u2502                 \u2502         \u2502         \u2502                 \u2502\u2502                 \u2502         \u2502\n                                                                                               \u2502    ~585 rows    \u2502\u2502  ~500,000 rows  \u2502\u2502  ~230,647 rows  \u2502         \u2502         \u2502  ~500,000 rows  \u2502\u2502   ~57,640 rows  \u2502         \u2502\n                                                                                               \u2514\u2500\u2500\u2500\u2500\u2500\u2500\u2500\u2500\u2500\u2500\u2500\u2500\u2500\u2500\u2500\u2500\u2500\u2518\u2514\u2500\u2500\u2500\u2500\u2500\u2500\u2500\u2500\u2500\u2500\u2500\u2500\u2500\u2500\u2500\u2500\u2500\u2518\u2514\u2500\u2500\u2500\u2500\u2500\u2500\u2500\u2500\u252c\u2500\u2500\u2500\u2500\u2500\u2500\u2500\u2500\u2518         \u2502         \u2514\u2500\u2500\u2500\u2500\u2500\u2500\u2500\u2500\u2500\u2500\u2500\u2500\u2500\u2500\u2500\u2500\u2500\u2518\u2514\u2500\u2500\u2500\u2500\u2500\u2500\u2500\u2500\u252c\u2500\u2500\u2500\u2500\u2500\u2500\u2500\u2500\u2518         \u2502\n                                                                                                                                     \u250c\u2500\u2500\u2500\u2500\u2500\u2500\u2500\u2500\u2534\u2500\u2500\u2500\u2500\u2500\u2500\u2500\u2500\u2510\u250c\u2500\u2500\u2500\u2500\u2500\u2500\u2500\u2500\u2534\u2500\u2500\u2500\u2500\u2500\u2500\u2500\u2500\u2510                   \u250c\u2500\u2500\u2500\u2500\u2500\u2500\u2500\u2500\u2534\u2500\u2500\u2500\u2500\u2500\u2500\u2500\u2500\u2510\u250c\u2500\u2500\u2500\u2500\u2500\u2500\u2500\u2500\u2534\u2500\u2500\u2500\u2500\u2500\u2500\u2500\u2500\u2510\n                                                                                                                                     \u2502    SEQ_SCAN     \u2502\u2502      FILTER     \u2502                   \u2502    SEQ_SCAN     \u2502\u2502      FILTER     \u2502\n                                                                                                                                     \u2502    \u2500\u2500\u2500\u2500\u2500\u2500\u2500\u2500\u2500\u2500   \u2502\u2502    \u2500\u2500\u2500\u2500\u2500\u2500\u2500\u2500\u2500\u2500   \u2502                   \u2502    \u2500\u2500\u2500\u2500\u2500\u2500\u2500\u2500\u2500\u2500   \u2502\u2502    \u2500\u2500\u2500\u2500\u2500\u2500\u2500\u2500\u2500\u2500   \u2502\n                                                                                                                                     \u2502      Table:     \u2502\u2502    (d_date_sk   \u2502                   \u2502      Table:     \u2502\u2502    (d_date_sk   \u2502\n                                                                                                                                     \u2502   store_sales   \u2502\u2502  BETWEEN 2450816\u2502                   \u2502    web_sales    \u2502\u2502  BETWEEN 2450816\u2502\n                                                                                                                                     \u2502                 \u2502\u2502   AND 2452642)  \u2502                   \u2502                 \u2502\u2502   AND 2452642)  \u2502\n                                                                                                                                     \u2502      Type:      \u2502\u2502                 \u2502                   \u2502      Type:      \u2502\u2502                 \u2502\n                                                                                                                                     \u2502 Sequential Scan \u2502\u2502                 \u2502                   \u2502 Sequential Scan \u2502\u2502                 \u2502\n                                                                                                                                     \u2502                 \u2502\u2502                 \u2502                   \u2502                 \u2502\u2502                 \u2502\n                                                                                                                                     \u2502   Projections:  \u2502\u2502                 \u2502                   \u2502   Projections:  \u2502\u2502                 \u2502\n                                                                                                                                     \u2502  ss_customer_sk \u2502\u2502                 \u2502                   \u2502ws_bill_customer_\u2502\u2502                 \u2502\n                                                                                                                                     \u2502 ss_sold_date_sk \u2502\u2502                 \u2502                   \u2502        sk       \u2502\u2502                 \u2502\n                                                                                                                                     \u2502ss_ext_list_price\u2502\u2502                 \u2502                   \u2502 ws_sold_date_sk \u2502\u2502                 \u2502\n                                                                                                                                     \u2502ss_ext_discount_a\u2502\u2502                 \u2502                   \u2502ws_ext_list_price\u2502\u2502                 \u2502\n                                                                                                                                     \u2502        mt       \u2502\u2502                 \u2502                   \u2502ws_ext_discount_a\u2502\u2502                 \u2502\n                                                                                                                                     \u2502                 \u2502\u2502                 \u2502                   \u2502        mt       \u2502\u2502                 \u2502\n                                                                                                                                     \u2502                 \u2502\u2502                 \u2502                   \u2502                 \u2502\u2502                 \u2502\n                                                                                                                                     \u2502 ~28,800,991 rows\u2502\u2502    ~585 rows    \u2502                   \u2502 ~7,197,566 rows \u2502\u2502    ~585 rows    \u2502\n                                                                                                                                     \u2514\u2500\u2500\u2500\u2500\u2500\u2500\u2500\u2500\u2500\u2500\u2500\u2500\u2500\u2500\u2500\u2500\u2500\u2518\u2514\u2500\u2500\u2500\u2500\u2500\u2500\u2500\u2500\u252c\u2500\u2500\u2500\u2500\u2500\u2500\u2500\u2500\u2518                   \u2514\u2500\u2500\u2500\u2500\u2500\u2500\u2500\u2500\u2500\u2500\u2500\u2500\u2500\u2500\u2500\u2500\u2500\u2518\u2514\u2500\u2500\u2500\u2500\u2500\u2500\u2500\u2500\u252c\u2500\u2500\u2500\u2500\u2500\u2500\u2500\u2500\u2518\n                                                                                                                                                        \u250c\u2500\u2500\u2500\u2500\u2500\u2500\u2500\u2500\u2534\u2500\u2500\u2500\u2500\u2500\u2500\u2500\u2500\u2510                                      \u250c\u2500\u2500\u2500\u2500\u2500\u2500\u2500\u2500\u2534\u2500\u2500\u2500\u2500\u2500\u2500\u2500\u2500\u2510\n                                                                                                                                                        \u2502    SEQ_SCAN     \u2502                                      \u2502    SEQ_SCAN     \u2502\n                                                                                                                                                        \u2502    \u2500\u2500\u2500\u2500\u2500\u2500\u2500\u2500\u2500\u2500   \u2502                                      \u2502    \u2500\u2500\u2500\u2500\u2500\u2500\u2500\u2500\u2500\u2500   \u2502\n                                                                                                                                                        \u2502      Table:     \u2502                                      \u2502      Table:     \u2502\n                                                                                                                                                        \u2502     date_dim    \u2502                                      \u2502     date_dim    \u2502\n                                                                                                                                                        \u2502                 \u2502                                      \u2502                 \u2502\n                                                                                                                                                        \u2502      Type:      \u2502                                      \u2502      Type:      \u2502\n                                                                                                                                                        \u2502 Sequential Scan \u2502                                      \u2502 Sequential Scan \u2502\n                                                                                                                                                        \u2502                 \u2502                                      \u2502                 \u2502\n                                                                                                                                                        \u2502   Projections:  \u2502                                      \u2502   Projections:  \u2502\n                                                                                                                                                        \u2502    d_date_sk    \u2502                                      \u2502    d_date_sk    \u2502\n                                                                                                                                                        \u2502      d_year     \u2502                                      \u2502      d_year     \u2502\n                                                                                                                                                        \u2502                 \u2502                                      \u2502                 \u2502\n                                                                                                                                                        \u2502     Filters:    \u2502                                      \u2502     Filters:    \u2502\n                                                                                                                                                        \u2502   d_year=2001   \u2502                                      \u2502   d_year=2001   \u2502\n                                                                                                                                                        \u2502                 \u2502                                      \u2502                 \u2502\n                                                                                                                                                        \u2502    ~585 rows    \u2502                                      \u2502    ~585 rows    \u2502\n                                                                                                                                                        \u2514\u2500\u2500\u2500\u2500\u2500\u2500\u2500\u2500\u2500\u2500\u2500\u2500\u2500\u2500\u2500\u2500\u2500\u2518                                      \u2514\u2500\u2500\u2500\u2500\u2500\u2500\u2500\u2500\u2500\u2500\u2500\u2500\u2500\u2500\u2500\u2500\u2500\u2518\n",
  "plan_json": {
    "total_bytes_written": 0,
    "total_bytes_read": 0,
    "rows_returned": 0,
    "latency": 0.0,
    "result_set_size": 0,
    "query_name": "",
    "blocked_thread_time": 0.0,
    "system_peak_buffer_memory": 0,
    "system_peak_temp_dir_size": 0,
    "cpu_time": 0.0,
    "extra_info": {},
    "cumulative_cardinality": 0,
    "cumulative_rows_scanned": 0,
    "children": [
      {
        "total_bytes_written": 0,
        "total_bytes_read": 0,
        "result_set_size": 0,
        "operator_name": "EXPLAIN_ANALYZE",
        "cpu_time": 0.0,
        "extra_info": {},
        "cumulative_cardinality": 0,
        "operator_type": "EXPLAIN_ANALYZE",
        "operator_cardinality": 0,
        "cumulative_rows_scanned": 0,
        "operator_rows_scanned": 0,
        "operator_timing": 2.99e-07,
        "children": [
          {
            "total_bytes_written": 0,
            "total_bytes_read": 0,
            "result_set_size": 6400,
            "operator_name": "TOP_N",
            "cpu_time": 0.0,
            "extra_info": {
              "Top": "100",
              "Order By": [
                "t_s_secyear.customer_id ASC",
                "t_s_secyear.customer_first_name ASC",
                "t_s_secyear.customer_last_name ASC",
                "t_s_secyear.customer_birth_country ASC"
              ]
            },
            "cumulative_cardinality": 0,
            "operator_type": "TOP_N",
            "operator_cardinality": 100,
            "cumulative_rows_scanned": 0,
            "operator_rows_scanned": 0,
            "operator_timing": 0.001232137,
            "children": [
              {
                "total_bytes_written": 0,
                "total_bytes_read": 0,
                "result_set_size": 267840,
                "operator_name": "PROJECTION",
                "cpu_time": 0.0,
                "extra_info": {
                  "Projections": [
                    "customer_id",
                    "customer_first_name",
                    "customer_last_name",
                    "customer_birth_country"
                  ],
                  "Estimated Cardinality": "561120916837615"
                },
                "cumulative_cardinality": 0,
                "operator_type": "PROJECTION",
                "operator_cardinality": 4185,
                "cumulative_rows_scanned": 0,
                "operator_rows_scanned": 0,
                "operator_timing": 1.2372e-05,
                "children": [
                  {
                    "total_bytes_written": 0,
                    "total_bytes_read": 0,
                    "result_set_size": 267840,
                    "operator_name": "PROJECTION",
                    "cpu_time": 0.0,
                    "extra_info": {
                      "Projections": [
                        "#0",
                        "#1",
                        "#2",
                        "#5"
                      ],
                      "Estimated Cardinality": "561120916837615"
                    },
                    "cumulative_cardinality": 0,
                    "operator_type": "PROJECTION",
                    "operator_cardinality": 4185,
                    "cumulative_rows_scanned": 0,
                    "operator_rows_scanned": 0,
                    "operator_timing": 2.0415e-05,
                    "children": [
                      {
                        "total_bytes_written": 0,
                        "total_bytes_read": 0,
                        "result_set_size": 535680,
                        "operator_name": "FILTER",
                        "cpu_time": 0.0,
                        "extra_info": {
                          "Expression": "(CASE  WHEN ((year_total > 0.00)) THEN ((CAST(year_total AS DOUBLE) / CAST(year_total AS DOUBLE))) ELSE 0.0 END > CASE  WHEN ((year_total > 0.00)) THEN ((CAST(year_total AS DOUBLE) / CAST(year_total AS DOUBLE))) ELSE 0.0 END)",
                          "Estimated Cardinality": "561120916837615"
                        },
                        "cumulative_cardinality": 0,
                        "operator_type": "FILTER",
                        "operator_cardinality": 4185,
                        "cumulative_rows_scanned": 0,
                        "operator_rows_scanned": 0,
                        "operator_timing": 0.002199907,
                        "children": [
                          {
                            "total_bytes_written": 0,
                            "total_bytes_read": 0,
                            "result_set_size": 1108736,
                            "operator_name": "HASH_JOIN",
                            "cpu_time": 0.0,
                            "extra_info": {
                              "Join Type": "INNER",
                              "Conditions": "customer_id = customer_id",
                              "Estimated Cardinality": "561120916837615"
                            },
                            "cumulative_cardinality": 0,
                            "operator_type": "HASH_JOIN",
                            "operator_cardinality": 8662,
                            "cumulative_rows_scanned": 0,
                            "operator_rows_scanned": 0,
                            "operator_timing": 0.021618784999999998,
                            "children": [
                              {
                                "total_bytes_written": 0,
                                "total_bytes_read": 0,
                                "result_set_size": 24653120,
                                "operator_name": "PROJECTION",
                                "cpu_time": 0.0,
                                "extra_info": {
                                  "Projections": [
                                    "customer_id",
                                    "customer_first_name",
                                    "customer_last_name",
                                    "customer_birth_country",
                                    "year_total"
                                  ],
                                  "Estimated Cardinality": "230647"
                                },
                                "cumulative_cardinality": 0,
                                "operator_type": "PROJECTION",
                                "operator_cardinality": 308164,
                                "cumulative_rows_scanned": 0,
                                "operator_rows_scanned": 0,
                                "operator_timing": 7.949499999999998e-05,
                                "children": [
                                  {
                                    "total_bytes_written": 0,
                                    "total_bytes_read": 0,
                                    "result_set_size": 40677648,
                                    "operator_name": "PROJECTION",
                                    "cpu_time": 0.0,
                                    "extra_info": {
                                      "Projections": [
                                        "#0",
                                        "__internal_decompress_string(#1)",
                                        "__internal_decompress_string(#2)",
                                        "__internal_decompress_string(#3)",
                                        "#4",
                                        "__internal_decompress_string(#5)",
                                        "#6",
                                        "__internal_decompress_integral_integer(#7, 2002)",
                                        "#8"
                                      ],
                                      "Estimated Cardinality": "230647"
                                    },
                                    "cumulative_cardinality": 0,
                                    "operator_type": "PROJECTION",
                                    "operator_cardinality": 308164,
                                    "cumulative_rows_scanned": 0,
                                    "operator_rows_scanned": 0,
                                    "operator_timing": 0.010137016999999998,
                                    "children": [
                                      {
                                        "total_bytes_written": 0,
                                        "total_bytes_read": 0,
                                        "result_set_size": 30508236,
                                        "operator_name": "HASH_GROUP_BY",
                                        "cpu_time": 0.0,
                                        "extra_info": {
                                          "Groups": [
                                            "#0",
                                            "#1",
                                            "#2",
                                            "#3",
                                            "#4",
                                            "#5",
                                            "#6",
                                            "#7"
                                          ],
                                          "Aggregates": "sum(#8)",
                                          "Estimated Cardinality": "230647"
                                        },
                                        "cumulative_cardinality": 0,
                                        "operator_type": "HASH_GROUP_BY",
                                        "operator_cardinality": 308164,
                                        "cumulative_rows_scanned": 0,
                                        "operator_rows_scanned": 0,
                                        "operator_timing": 0.4988238380000001,
                                        "children": [
                                          {
                                            "total_bytes_written": 0,
                                            "total_bytes_read": 0,
                                            "result_set_size": 467471706,
                                            "operator_name": "PROJECTION",
                                            "cpu_time": 0.0,
                                            "extra_info": {
                                              "Projections": [
                                                "c_customer_id",
                                                "c_first_name",
                                                "c_last_name",
                                                "c_preferred_cust_flag",
                                                "c_birth_country",
                                                "c_login",
                                                "c_email_address",
                                                "d_year",
                                                "(ss_ext_list_price - ss_ext_discount_amt)"
                                              ],
                                              "Estimated Cardinality": "230647"
                                            },
                                            "cumulative_cardinality": 0,
                                            "operator_type": "PROJECTION",
                                            "operator_cardinality": 5373238,
                                            "cumulative_rows_scanned": 0,
                                            "operator_rows_scanned": 0,
                                            "operator_timing": 0.005124475999999997,
                                            "children": [
                                              {
                                                "total_bytes_written": 0,
                                                "total_bytes_read": 0,
                                                "result_set_size": 488964658,
                                                "operator_name": "PROJECTION",
                                                "cpu_time": 0.0,
                                                "extra_info": {
                                                  "Projections": [
                                                    "#0",
                                                    "__internal_compress_string_uhugeint(#1)",
                                                    "__internal_compress_string_uhugeint(#2)",
                                                    "__internal_compress_string_utinyint(#3)",
                                                    "#4",
                                                    "__internal_compress_string_utinyint(#5)",
                                                    "#6",
                                                    "#7",
                                                    "#8",
                                                    "__internal_compress_integral_utinyint(#9, 2002)"
                                                  ],
                                                  "Estimated Cardinality": "230647"
                                                },
                                                "cumulative_cardinality": 0,
                                                "operator_type": "PROJECTION",
                                                "operator_cardinality": 5373238,
                                                "cumulative_rows_scanned": 0,
                                                "operator_rows_scanned": 0,
                                                "operator_timing": 0.08237362100000002,
                                                "children": [
                                                  {
                                                    "total_bytes_written": 0,
                                                    "total_bytes_read": 0,
                                                    "result_set_size": 666281512,
                                                    "operator_name": "HASH_JOIN",
                                                    "cpu_time": 0.0,
                                                    "extra_info": {
                                                      "Join Type": "INNER",
                                                      "Conditions": "c_customer_sk = ss_customer_sk",
                                                      "Estimated Cardinality": "230647"
                                                    },
                                                    "cumulative_cardinality": 0,
                                                    "operator_type": "HASH_JOIN",
                                                    "operator_cardinality": 5373238,
                                                    "cumulative_rows_scanned": 0,
                                                    "operator_rows_scanned": 0,
                                                    "operator_timing": 0.880745599,
                                                    "children": [
                                                      {
                                                        "total_bytes_written": 0,
                                                        "total_bytes_read": 0,
                                                        "result_set_size": 57989328,
                                                        "operator_name": "SEQ_SCAN ",
                                                        "cpu_time": 0.0,
                                                        "extra_info": {
                                                          "Table": "customer",
                                                          "Type": "Sequential Scan",
                                                          "Projections": [
                                                            "c_customer_sk",
                                                            "c_customer_id",
                                                            "c_first_name",
                                                            "c_last_name",
                                                            "c_preferred_cust_flag",
                                                            "c_birth_country",
                                                            "c_login",
                                                            "c_email_address"
                                                          ],
                                                          "Estimated Cardinality": "500000"
                                                        },
                                                        "cumulative_cardinality": 0,
                                                        "operator_type": "TABLE_SCAN",
                                                        "operator_cardinality": 499908,
                                                        "cumulative_rows_scanned": 0,
                                                        "operator_rows_scanned": 2500000,
                                                        "operator_timing": 0.041851984999999994,
                                                        "children": []
                                                      },
                                                      {
                                                        "total_bytes_written": 0,
                                                        "total_bytes_read": 0,
                                                        "result_set_size": 88065904,
                                                        "operator_name": "HASH_JOIN",
                                                        "cpu_time": 0.0,
                                                        "extra_info": {
                                                          "Join Type": "INNER",
                                                          "Conditions": "ss_sold_date_sk = d_date_sk",
                                                          "Estimated Cardinality": "230647"
                                                        },
                                                        "cumulative_cardinality": 0,
                                                        "operator_type": "HASH_JOIN",
                                                        "operator_cardinality": 5504119,
                                                        "cumulative_rows_scanned": 0,
                                                        "operator_rows_scanned": 0,
                                                        "operator_timing": 0.050033651000000005,
                                                        "children": [
                                                          {
                                                            "total_bytes_written": 0,
                                                            "total_bytes_read": 0,
                                                            "result_set_size": 88065904,
                                                            "operator_name": "SEQ_SCAN ",
                                                            "cpu_time": 0.0,
                                                            "extra_info": {
                                                              "Table": "store_sales",
                                                              "Type": "Sequential Scan",
                                                              "Projections": [
                                                                "ss_customer_sk",
                                                                "ss_sold_date_sk",
                                                                "ss_ext_list_price",
                                                                "ss_ext_discount_amt"
                                                              ],
                                                              "Estimated Cardinality": "28800991"
                                                            },
                                                            "cumulative_cardinality": 0,
                                                            "operator_type": "TABLE_SCAN",
                                                            "operator_cardinality": 5504119,
                                                            "cumulative_rows_scanned": 0,
                                                            "operator_rows_scanned": 806427748,
                                                            "operator_timing": 0.2929565320000001,
                                                            "children": []
                                                          },
                                                          {
                                                            "total_bytes_written": 0,
                                                            "total_bytes_read": 0,
                                                            "result_set_size": 2920,
                                                            "operator_name": "FILTER",
                                                            "cpu_time": 0.0,
                                                            "extra_info": {
                                                              "Expression": "(d_date_sk BETWEEN 2450816 AND 2452642)",
                                                              "Estimated Cardinality": "585"
                                                            },
                                                            "cumulative_cardinality": 0,
                                                            "operator_type": "FILTER",
                                                            "operator_cardinality": 365,
                                                            "cumulative_rows_scanned": 0,
                                                            "operator_rows_scanned": 0,
                                                            "operator_timing": 1.3025e-05,
                                                            "children": [
                                                              {
                                                                "total_bytes_written": 0,
                                                                "total_bytes_read": 0,
                                                                "result_set_size": 2920,
                                                                "operator_name": "SEQ_SCAN ",
                                                                "cpu_time": 0.0,
                                                                "extra_info": {
                                                                  "Table": "date_dim",
                                                                  "Type": "Sequential Scan",
                                                                  "Projections": [
                                                                    "d_date_sk",
                                                                    "d_year"
                                                                  ],
                                                                  "Filters": "d_year=2002",
                                                                  "Estimated Cardinality": "585"
                                                                },
                                                                "cumulative_cardinality": 0,
                                                                "operator_type": "TABLE_SCAN",
                                                                "operator_cardinality": 365,
                                                                "cumulative_rows_scanned": 0,
                                                                "operator_rows_scanned": 73049,
                                                                "operator_timing": 0.0008285209999999999,
                                                                "children": []
                                                              }
                                                            ]
                                                          }
                                                        ]
                                                      }
                                                    ]
                                                  }
                                                ]
                                              }
                                            ]
                                          }
                                        ]
                                      }
                                    ]
                                  }
                                ]
                              },
                              {
                                "total_bytes_written": 0,
                                "total_bytes_read": 0,
                                "result_set_size": 897536,
                                "operator_name": "HASH_JOIN",
                                "cpu_time": 0.0,
                                "extra_info": {
                                  "Join Type": "INNER",
                                  "Conditions": "customer_id = customer_id",
                                  "Estimated Cardinality": "61"
                                },
                                "cumulative_cardinality": 0,
                                "operator_type": "HASH_JOIN",
                                "operator_cardinality": 14024,
                                "cumulative_rows_scanned": 0,
                                "operator_rows_scanned": 0,
                                "operator_timing": 0.056660795,
                                "children": [
                                  {
                                    "total_bytes_written": 0,
                                    "total_bytes_read": 0,
                                    "result_set_size": 3411904,
                                    "operator_name": "PROJECTION",
                                    "cpu_time": 0.0,
                                    "extra_info": {
                                      "Projections": [
                                        "customer_id",
                                        "year_total"
                                      ],
                                      "Estimated Cardinality": "57640"
                                    },
                                    "cumulative_cardinality": 0,
                                    "operator_type": "PROJECTION",
                                    "operator_cardinality": 106622,
                                    "cumulative_rows_scanned": 0,
                                    "operator_rows_scanned": 0,
                                    "operator_timing": 1.7812999999999997e-05,
                                    "children": [
                                      {
                                        "total_bytes_written": 0,
                                        "total_bytes_read": 0,
                                        "result_set_size": 14074104,
                                        "operator_name": "PROJECTION",
                                        "cpu_time": 0.0,
                                        "extra_info": {
                                          "Projections": [
                                            "#0",
                                            "__internal_decompress_string(#1)",
                                            "__internal_decompress_string(#2)",
                                            "__internal_decompress_string(#3)",
                                            "#4",
                                            "__internal_decompress_string(#5)",
                                            "#6",
                                            "__internal_decompress_integral_integer(#7, 2002)",
                                            "#8"
                                          ],
                                          "Estimated Cardinality": "57640"
                                        },
                                        "cumulative_cardinality": 0,
                                        "operator_type": "PROJECTION",
                                        "operator_cardinality": 106622,
                                        "cumulative_rows_scanned": 0,
                                        "operator_rows_scanned": 0,
                                        "operator_timing": 0.0062033290000000005,
                                        "children": [
                                          {
                                            "total_bytes_written": 0,
                                            "total_bytes_read": 0,
                                            "result_set_size": 10555578,
                                            "operator_name": "HASH_GROUP_BY",
                                            "cpu_time": 0.0,
                                            "extra_info": {
                                              "Groups": [
                                                "#0",
                                                "#1",
                                                "#2",
                                                "#3",
                                                "#4",
                                                "#5",
                                                "#6",
                                                "#7"
                                              ],
                                              "Aggregates": "sum(#8)",
                                              "Estimated Cardinality": "57640"
                                            },
                                            "cumulative_cardinality": 0,
                                            "operator_type": "HASH_GROUP_BY",
                                            "operator_cardinality": 106622,
                                            "cumulative_rows_scanned": 0,
                                            "operator_rows_scanned": 0,
                                            "operator_timing": 0.144805564,
                                            "children": [
                                              {
                                                "total_bytes_written": 0,
                                                "total_bytes_read": 0,
                                                "result_set_size": 125161419,
                                                "operator_name": "PROJECTION",
                                                "cpu_time": 0.0,
                                                "extra_info": {
                                                  "Projections": [
                                                    "c_customer_id",
                                                    "c_first_name",
                                                    "c_last_name",
                                                    "c_preferred_cust_flag",
                                                    "c_birth_country",
                                                    "c_login",
                                                    "c_email_address",
                                                    "d_year",
                                                    "(ws_ext_list_price - ws_ext_discount_amt)"
                                                  ],
                                                  "Estimated Cardinality": "57640"
                                                },
                                                "cumulative_cardinality": 0,
                                                "operator_type": "PROJECTION",
                                                "operator_cardinality": 1438637,
                                                "cumulative_rows_scanned": 0,
                                                "operator_rows_scanned": 0,
                                                "operator_timing": 0.0006732410000000002,
                                                "children": [
                                                  {
                                                    "total_bytes_written": 0,
                                                    "total_bytes_read": 0,
                                                    "result_set_size": 130915967,
                                                    "operator_name": "PROJECTION",
                                                    "cpu_time": 0.0,
                                                    "extra_info": {
                                                      "Projections": [
                                                        "#0",
                                                        "__internal_compress_string_uhugeint(#1)",
                                                        "__internal_compress_string_uhugeint(#2)",
                                                        "__internal_compress_string_utinyint(#3)",
                                                        "#4",
                                                        "__internal_compress_string_utinyint(#5)",
                                                        "#6",
                                                        "#7",
                                                        "#8",
                                                        "__internal_compress_integral_utinyint(#9, 2002)"
                                                      ],
                                                      "Estimated Cardinality": "57640"
                                                    },
                                                    "cumulative_cardinality": 0,
                                                    "operator_type": "PROJECTION",
                                                    "operator_cardinality": 1438637,
                                                    "cumulative_rows_scanned": 0,
                                                    "operator_rows_scanned": 0,
                                                    "operator_timing": 0.021030506999999997,
                                                    "children": [
                                                      {
                                                        "total_bytes_written": 0,
                                                        "total_bytes_read": 0,
                                                        "result_set_size": 178390988,
                                                        "operator_name": "HASH_JOIN",
                                                        "cpu_time": 0.0,
                                                        "extra_info": {
                                                          "Join Type": "INNER",
                                                          "Conditions": "c_customer_sk = ws_bill_customer_sk",
                                                          "Estimated Cardinality": "57640"
                                                        },
                                                        "cumulative_cardinality": 0,
                                                        "operator_type": "HASH_JOIN",
                                                        "operator_cardinality": 1438637,
                                                        "cumulative_rows_scanned": 0,
                                                        "operator_rows_scanned": 0,
                                                        "operator_timing": 0.217664501,
                                                        "children": [
                                                          {
                                                            "total_bytes_written": 0,
                                                            "total_bytes_read": 0,
                                                            "result_set_size": 57997448,
                                                            "operator_name": "SEQ_SCAN ",
                                                            "cpu_time": 0.0,
                                                            "extra_info": {
                                                              "Table": "customer",
                                                              "Type": "Sequential Scan",
                                                              "Projections": [
                                                                "c_customer_sk",
                                                                "c_customer_id",
                                                                "c_first_name",
                                                                "c_last_name",
                                                                "c_preferred_cust_flag",
                                                                "c_birth_country",
                                                                "c_login",
                                                                "c_email_address"
                                                              ],
                                                              "Filters": "c_customer_sk>=2 AND c_customer_sk<=499998",
                                                              "Estimated Cardinality": "500000"
                                                            },
                                                            "cumulative_cardinality": 0,
                                                            "operator_type": "TABLE_SCAN",
                                                            "operator_cardinality": 499978,
                                                            "cumulative_rows_scanned": 0,
                                                            "operator_rows_scanned": 2500000,
                                                            "operator_timing": 0.036692578,
                                                            "children": []
                                                          },
                                                          {
                                                            "total_bytes_written": 0,
                                                            "total_bytes_read": 0,
                                                            "result_set_size": 23021232,
                                                            "operator_name": "HASH_JOIN",
                                                            "cpu_time": 0.0,
                                                            "extra_info": {
                                                              "Join Type": "INNER",
                                                              "Conditions": "ws_sold_date_sk = d_date_sk",
                                                              "Estimated Cardinality": "57640"
                                                            },
                                                            "cumulative_cardinality": 0,
                                                            "operator_type": "HASH_JOIN",
                                                            "operator_cardinality": 1438827,
                                                            "cumulative_rows_scanned": 0,
                                                            "operator_rows_scanned": 0,
                                                            "operator_timing": 0.010866681999999999,
                                                            "children": [
                                                              {
                                                                "total_bytes_written": 0,
                                                                "total_bytes_read": 0,
                                                                "result_set_size": 23021232,
                                                                "operator_name": "SEQ_SCAN ",
                                                                "cpu_time": 0.0,
                                                                "extra_info": {
                                                                  "Table": "web_sales",
                                                                  "Type": "Sequential Scan",
                                                                  "Projections": [
                                                                    "ws_bill_customer_sk",
                                                                    "ws_sold_date_sk",
                                                                    "ws_ext_list_price",
                                                                    "ws_ext_discount_amt"
                                                                  ],
                                                                  "Estimated Cardinality": "7197566"
                                                                },
                                                                "cumulative_cardinality": 0,
                                                                "operator_type": "TABLE_SCAN",
                                                                "operator_cardinality": 1438827,
                                                                "cumulative_rows_scanned": 0,
                                                                "operator_rows_scanned": 201531848,
                                                                "operator_timing": 0.058026424,
                                                                "children": []
                                                              },
                                                              {
                                                                "total_bytes_written": 0,
                                                                "total_bytes_read": 0,
                                                                "result_set_size": 2920,
                                                                "operator_name": "FILTER",
                                                                "cpu_time": 0.0,
                                                                "extra_info": {
                                                                  "Expression": "(d_date_sk BETWEEN 2450816 AND 2452642)",
                                                                  "Estimated Cardinality": "585"
                                                                },
                                                                "cumulative_cardinality": 0,
                                                                "operator_type": "FILTER",
                                                                "operator_cardinality": 365,
                                                                "cumulative_rows_scanned": 0,
                                                                "operator_rows_scanned": 0,
                                                                "operator_timing": 1.3654999999999999e-05,
                                                                "children": [
                                                                  {
                                                                    "total_bytes_written": 0,
                                                                    "total_bytes_read": 0,
                                                                    "result_set_size": 2920,
                                                                    "operator_name": "SEQ_SCAN ",
                                                                    "cpu_time": 0.0,
                                                                    "extra_info": {
                                                                      "Table": "date_dim",
                                                                      "Type": "Sequential Scan",
                                                                      "Projections": [
                                                                        "d_date_sk",
                                                                        "d_year"
                                                                      ],
                                                                      "Filters": "d_year=2002",
                                                                      "Estimated Cardinality": "585"
                                                                    },
                                                                    "cumulative_cardinality": 0,
                                                                    "operator_type": "TABLE_SCAN",
                                                                    "operator_cardinality": 365,
                                                                    "cumulative_rows_scanned": 0,
                                                                    "operator_rows_scanned": 73049,
                                                                    "operator_timing": 0.0008772119999999999,
                                                                    "children": []
                                                                  }
                                                                ]
                                                              }
                                                            ]
                                                          }
                                                        ]
                                                      }
                                                    ]
                                                  }
                                                ]
                                              }
                                            ]
                                          }
                                        ]
                                      }
                                    ]
                                  },
                                  {
                                    "total_bytes_written": 0,
                                    "total_bytes_read": 0,
                                    "result_set_size": 3145728,
                                    "operator_name": "HASH_JOIN",
                                    "cpu_time": 0.0,
                                    "extra_info": {
                                      "Join Type": "INNER",
                                      "Conditions": "customer_id = customer_id",
                                      "Estimated Cardinality": "1063"
                                    },
                                    "cumulative_cardinality": 0,
                                    "operator_type": "HASH_JOIN",
                                    "operator_cardinality": 65536,
                                    "cumulative_rows_scanned": 0,
                                    "operator_rows_scanned": 0,
                                    "operator_timing": 0.04960648800000001,
                                    "children": [
                                      {
                                        "total_bytes_written": 0,
                                        "total_bytes_read": 0,
                                        "result_set_size": 9855008,
                                        "operator_name": "PROJECTION",
                                        "cpu_time": 0.0,
                                        "extra_info": {
                                          "Projections": [
                                            "#0",
                                            "#8"
                                          ],
                                          "Estimated Cardinality": "46129"
                                        },
                                        "cumulative_cardinality": 0,
                                        "operator_type": "PROJECTION",
                                        "operator_cardinality": 307969,
                                        "cumulative_rows_scanned": 0,
                                        "operator_rows_scanned": 0,
                                        "operator_timing": 5.1011e-05,
                                        "children": [
                                          {
                                            "total_bytes_written": 0,
                                            "total_bytes_read": 0,
                                            "result_set_size": 40651908,
                                            "operator_name": "FILTER",
                                            "cpu_time": 0.0,
                                            "extra_info": {
                                              "Expression": "(year_total > 0.00)",
                                              "Estimated Cardinality": "46129"
                                            },
                                            "cumulative_cardinality": 0,
                                            "operator_type": "FILTER",
                                            "operator_cardinality": 307969,
                                            "cumulative_rows_scanned": 0,
                                            "operator_rows_scanned": 0,
                                            "operator_timing": 0.0009032960000000002,
                                            "children": [
                                              {
                                                "total_bytes_written": 0,
                                                "total_bytes_read": 0,
                                                "result_set_size": 40651908,
                                                "operator_name": "PROJECTION",
                                                "cpu_time": 0.0,
                                                "extra_info": {
                                                  "Projections": [
                                                    "#0",
                                                    "__internal_decompress_string(#1)",
                                                    "__internal_decompress_string(#2)",
                                                    "__internal_decompress_string(#3)",
                                                    "#4",
                                                    "__internal_decompress_string(#5)",
                                                    "#6",
                                                    "__internal_decompress_integral_integer(#7, 2001)",
                                                    "#8"
                                                  ],
                                                  "Estimated Cardinality": "230647"
                                                },
                                                "cumulative_cardinality": 0,
                                                "operator_type": "PROJECTION",
                                                "operator_cardinality": 307969,
                                                "cumulative_rows_scanned": 0,
                                                "operator_rows_scanned": 0,
                                                "operator_timing": 0.015400117000000001,
                                                "children": [
                                                  {
                                                    "total_bytes_written": 0,
                                                    "total_bytes_read": 0,
                                                    "result_set_size": 30488931,
                                                    "operator_name": "HASH_GROUP_BY",
                                                    "cpu_time": 0.0,
                                                    "extra_info": {
                                                      "Groups": [
                                                        "#0",
                                                        "#1",
                                                        "#2",
                                                        "#3",
                                                        "#4",
                                                        "#5",
                                                        "#6",
                                                        "#7"
                                                      ],
                                                      "Aggregates": "sum(#8)",
                                                      "Estimated Cardinality": "230647"
                                                    },
                                                    "cumulative_cardinality": 0,
                                                    "operator_type": "HASH_GROUP_BY",
                                                    "operator_cardinality": 307969,
                                                    "cumulative_rows_scanned": 0,
                                                    "operator_rows_scanned": 0,
                                                    "operator_timing": 0.5486767169999999,
                                                    "children": [
                                                      {
                                                        "total_bytes_written": 0,
                                                        "total_bytes_read": 0,
                                                        "result_set_size": 464740254,
                                                        "operator_name": "PROJECTION",
                                                        "cpu_time": 0.0,
                                                        "extra_info": {
                                                          "Projections": [
                                                            "c_customer_id",
                                                            "c_first_name",
                                                            "c_last_name",
                                                            "c_preferred_cust_flag",
                                                            "c_birth_country",
                                                            "c_login",
                                                            "c_email_address",
                                                            "d_year",
                                                            "(ss_ext_list_price - ss_ext_discount_amt)"
                                                          ],
                                                          "Estimated Cardinality": "230647"
                                                        },
                                                        "cumulative_cardinality": 0,
                                                        "operator_type": "PROJECTION",
                                                        "operator_cardinality": 5341842,
                                                        "cumulative_rows_scanned": 0,
                                                        "operator_rows_scanned": 0,
                                                        "operator_timing": 0.004895257,
                                                        "children": [
                                                          {
                                                            "total_bytes_written": 0,
                                                            "total_bytes_read": 0,
                                                            "result_set_size": 486107622,
                                                            "operator_name": "PROJECTION",
                                                            "cpu_time": 0.0,
                                                            "extra_info": {
                                                              "Projections": [
                                                                "#0",
                                                                "__internal_compress_string_uhugeint(#1)",
                                                                "__internal_compress_string_uhugeint(#2)",
                                                                "__internal_compress_string_utinyint(#3)",
                                                                "#4",
                                                                "__internal_compress_string_utinyint(#5)",
                                                                "#6",
                                                                "#7",
                                                                "#8",
                                                                "__internal_compress_integral_utinyint(#9, 2001)"
                                                              ],
                                                              "Estimated Cardinality": "230647"
                                                            },
                                                            "cumulative_cardinality": 0,
                                                            "operator_type": "PROJECTION",
                                                            "operator_cardinality": 5341842,
                                                            "cumulative_rows_scanned": 0,
                                                            "operator_rows_scanned": 0,
                                                            "operator_timing": 0.07751296599999999,
                                                            "children": [
                                                              {
                                                                "total_bytes_written": 0,
                                                                "total_bytes_read": 0,
                                                                "result_set_size": 662388408,
                                                                "operator_name": "HASH_JOIN",
                                                                "cpu_time": 0.0,
                                                                "extra_info": {
                                                                  "Join Type": "INNER",
                                                                  "Conditions": "c_customer_sk = ss_customer_sk",
                                                                  "Estimated Cardinality": "230647"
                                                                },
                                                                "cumulative_cardinality": 0,
                                                                "operator_type": "HASH_JOIN",
                                                                "operator_cardinality": 5341842,
                                                                "cumulative_rows_scanned": 0,
                                                                "operator_rows_scanned": 0,
                                                                "operator_timing": 0.867927704,
                                                                "children": [
                                                                  {
                                                                    "total_bytes_written": 0,
                                                                    "total_bytes_read": 0,
                                                                    "result_set_size": 57998724,
                                                                    "operator_name": "SEQ_SCAN ",
                                                                    "cpu_time": 0.0,
                                                                    "extra_info": {
                                                                      "Table": "customer",
                                                                      "Type": "Sequential Scan",
                                                                      "Projections": [
                                                                        "c_customer_sk",
                                                                        "c_customer_id",
                                                                        "c_first_name",
                                                                        "c_last_name",
                                                                        "c_preferred_cust_flag",
                                                                        "c_birth_country",
                                                                        "c_login",
                                                                        "c_email_address"
                                                                      ],
                                                                      "Estimated Cardinality": "500000"
                                                                    },
                                                                    "cumulative_cardinality": 0,
                                                                    "operator_type": "TABLE_SCAN",
                                                                    "operator_cardinality": 499989,
                                                                    "cumulative_rows_scanned": 0,
                                                                    "operator_rows_scanned": 2500000,
                                                                    "operator_timing": 0.042745141,
                                                                    "children": []
                                                                  },
                                                                  {
                                                                    "total_bytes_written": 0,
                                                                    "total_bytes_read": 0,
                                                                    "result_set_size": 87540208,
                                                                    "operator_name": "HASH_JOIN",
                                                                    "cpu_time": 0.0,
                                                                    "extra_info": {
                                                                      "Join Type": "INNER",
                                                                      "Conditions": "ss_sold_date_sk = d_date_sk",
                                                                      "Estimated Cardinality": "230647"
                                                                    },
                                                                    "cumulative_cardinality": 0,
                                                                    "operator_type": "HASH_JOIN",
                                                                    "operator_cardinality": 5471263,
                                                                    "cumulative_rows_scanned": 0,
                                                                    "operator_rows_scanned": 0,
                                                                    "operator_timing": 0.038518305999999995,
                                                                    "children": [
                                                                      {
                                                                        "total_bytes_written": 0,
                                                                        "total_bytes_read": 0,
                                                                        "result_set_size": 87540208,
                                                                        "operator_name": "SEQ_SCAN ",
                                                                        "cpu_time": 0.0,
                                                                        "extra_info": {
                                                                          "Table": "store_sales",
                                                                          "Type": "Sequential Scan",
                                                                          "Projections": [
                                                                            "ss_customer_sk",
                                                                            "ss_sold_date_sk",
                                                                            "ss_ext_list_price",
                                                                            "ss_ext_discount_amt"
                                                                          ],
                                                                          "Estimated Cardinality": "28800991"
                                                                        },
                                                                        "cumulative_cardinality": 0,
                                                                        "operator_type": "TABLE_SCAN",
                                                                        "operator_cardinality": 5471263,
                                                                        "cumulative_rows_scanned": 0,
                                                                        "operator_rows_scanned": 806427748,
                                                                        "operator_timing": 12.576226390000002,
                                                                        "children": []
                                                                      },
                                                                      {
                                                                        "total_bytes_written": 0,
                                                                        "total_bytes_read": 0,
                                                                        "result_set_size": 2920,
                                                                        "operator_name": "FILTER",
                                                                        "cpu_time": 0.0,
                                                                        "extra_info": {
                                                                          "Expression": "(d_date_sk BETWEEN 2450816 AND 2452642)",
                                                                          "Estimated Cardinality": "585"
                                                                        },
                                                                        "cumulative_cardinality": 0,
                                                                        "operator_type": "FILTER",
                                                                        "operator_cardinality": 365,
                                                                        "cumulative_rows_scanned": 0,
                                                                        "operator_rows_scanned": 0,
                                                                        "operator_timing": 1.5046e-05,
                                                                        "children": [
                                                                          {
                                                                            "total_bytes_written": 0,
                                                                            "total_bytes_read": 0,
                                                                            "result_set_size": 2920,
                                                                            "operator_name": "SEQ_SCAN ",
                                                                            "cpu_time": 0.0,
                                                                            "extra_info": {
                                                                              "Table": "date_dim",
                                                                              "Type": "Sequential Scan",
                                                                              "Projections": [
                                                                                "d_date_sk",
                                                                                "d_year"
                                                                              ],
                                                                              "Filters": "d_year=2001",
                                                                              "Estimated Cardinality": "585"
                                                                            },
                                                                            "cumulative_cardinality": 0,
                                                                            "operator_type": "TABLE_SCAN",
                                                                            "operator_cardinality": 365,
                                                                            "cumulative_rows_scanned": 0,
                                                                            "operator_rows_scanned": 73049,
                                                                            "operator_timing": 0.000957223,
                                                                            "children": []
                                                                          }
                                                                        ]
                                                                      }
                                                                    ]
                                                                  }
                                                                ]
                                                              }
                                                            ]
                                                          }
                                                        ]
                                                      }
                                                    ]
                                                  }
                                                ]
                                              }
                                            ]
                                          }
                                        ]
                                      },
                                      {
                                        "total_bytes_written": 0,
                                        "total_bytes_read": 0,
                                        "result_set_size": 3397888,
                                        "operator_name": "PROJECTION",
                                        "cpu_time": 0.0,
                                        "extra_info": {
                                          "Projections": [
                                            "#0",
                                            "#8"
                                          ],
                                          "Estimated Cardinality": "11528"
                                        },
                                        "cumulative_cardinality": 0,
                                        "operator_type": "PROJECTION",
                                        "operator_cardinality": 106184,
                                        "cumulative_rows_scanned": 0,
                                        "operator_rows_scanned": 0,
                                        "operator_timing": 1.9794e-05,
                                        "children": [
                                          {
                                            "total_bytes_written": 0,
                                            "total_bytes_read": 0,
                                            "result_set_size": 14016288,
                                            "operator_name": "FILTER",
                                            "cpu_time": 0.0,
                                            "extra_info": {
                                              "Expression": "(year_total > 0.00)",
                                              "Estimated Cardinality": "11528"
                                            },
                                            "cumulative_cardinality": 0,
                                            "operator_type": "FILTER",
                                            "operator_cardinality": 106184,
                                            "cumulative_rows_scanned": 0,
                                            "operator_rows_scanned": 0,
                                            "operator_timing": 0.000399695,
                                            "children": [
                                              {
                                                "total_bytes_written": 0,
                                                "total_bytes_read": 0,
                                                "result_set_size": 14016288,
                                                "operator_name": "PROJECTION",
                                                "cpu_time": 0.0,
                                                "extra_info": {
                                                  "Projections": [
                                                    "#0",
                                                    "__internal_decompress_string(#1)",
                                                    "__internal_decompress_string(#2)",
                                                    "__internal_decompress_string(#3)",
                                                    "#4",
                                                    "__internal_decompress_string(#5)",
                                                    "#6",
                                                    "__internal_decompress_integral_integer(#7, 2001)",
                                                    "#8"
                                                  ],
                                                  "Estimated Cardinality": "57640"
                                                },
                                                "cumulative_cardinality": 0,
                                                "operator_type": "PROJECTION",
                                                "operator_cardinality": 106184,
                                                "cumulative_rows_scanned": 0,
                                                "operator_rows_scanned": 0,
                                                "operator_timing": 0.007209449,
                                                "children": [
                                                  {
                                                    "total_bytes_written": 0,
                                                    "total_bytes_read": 0,
                                                    "result_set_size": 10512216,
                                                    "operator_name": "HASH_GROUP_BY",
                                                    "cpu_time": 0.0,
                                                    "extra_info": {
                                                      "Groups": [
                                                        "#0",
                                                        "#1",
                                                        "#2",
                                                        "#3",
                                                        "#4",
                                                        "#5",
                                                        "#6",
                                                        "#7"
                                                      ],
                                                      "Aggregates": "sum(#8)",
                                                      "Estimated Cardinality": "57640"
                                                    },
                                                    "cumulative_cardinality": 0,
                                                    "operator_type": "HASH_GROUP_BY",
                                                    "operator_cardinality": 106184,
                                                    "cumulative_rows_scanned": 0,
                                                    "operator_rows_scanned": 0,
                                                    "operator_timing": 0.15148740700000002,
                                                    "children": [
                                                      {
                                                        "total_bytes_written": 0,
                                                        "total_bytes_read": 0,
                                                        "result_set_size": 124645161,
                                                        "operator_name": "PROJECTION",
                                                        "cpu_time": 0.0,
                                                        "extra_info": {
                                                          "Projections": [
                                                            "c_customer_id",
                                                            "c_first_name",
                                                            "c_last_name",
                                                            "c_preferred_cust_flag",
                                                            "c_birth_country",
                                                            "c_login",
                                                            "c_email_address",
                                                            "d_year",
                                                            "(ws_ext_list_price - ws_ext_discount_amt)"
                                                          ],
                                                          "Estimated Cardinality": "57640"
                                                        },
                                                        "cumulative_cardinality": 0,
                                                        "operator_type": "PROJECTION",
                                                        "operator_cardinality": 1432703,
                                                        "cumulative_rows_scanned": 0,
                                                        "operator_rows_scanned": 0,
                                                        "operator_timing": 0.000649002,
                                                        "children": [
                                                          {
                                                            "total_bytes_written": 0,
                                                            "total_bytes_read": 0,
                                                            "result_set_size": 130375973,
                                                            "operator_name": "PROJECTION",
                                                            "cpu_time": 0.0,
                                                            "extra_info": {
                                                              "Projections": [
                                                                "#0",
                                                                "__internal_compress_string_uhugeint(#1)",
                                                                "__internal_compress_string_uhugeint(#2)",
                                                                "__internal_compress_string_utinyint(#3)",
                                                                "#4",
                                                                "__internal_compress_string_utinyint(#5)",
                                                                "#6",
                                                                "#7",
                                                                "#8",
                                                                "__internal_compress_integral_utinyint(#9, 2001)"
                                                              ],
                                                              "Estimated Cardinality": "57640"
                                                            },
                                                            "cumulative_cardinality": 0,
                                                            "operator_type": "PROJECTION",
                                                            "operator_cardinality": 1432703,
                                                            "cumulative_rows_scanned": 0,
                                                            "operator_rows_scanned": 0,
                                                            "operator_timing": 0.021002768000000005,
                                                            "children": [
                                                              {
                                                                "total_bytes_written": 0,
                                                                "total_bytes_read": 0,
                                                                "result_set_size": 177655172,
                                                                "operator_name": "HASH_JOIN",
                                                                "cpu_time": 0.0,
                                                                "extra_info": {
                                                                  "Join Type": "INNER",
                                                                  "Conditions": "c_customer_sk = ws_bill_customer_sk",
                                                                  "Estimated Cardinality": "57640"
                                                                },
                                                                "cumulative_cardinality": 0,
                                                                "operator_type": "HASH_JOIN",
                                                                "operator_cardinality": 1432703,
                                                                "cumulative_rows_scanned": 0,
                                                                "operator_rows_scanned": 0,
                                                                "operator_timing": 0.14185729500000002,
                                                                "children": [
                                                                  {
                                                                    "total_bytes_written": 0,
                                                                    "total_bytes_read": 0,
                                                                    "result_set_size": 57997796,
                                                                    "operator_name": "SEQ_SCAN ",
                                                                    "cpu_time": 0.0,
                                                                    "extra_info": {
                                                                      "Table": "customer",
                                                                      "Type": "Sequential Scan",
                                                                      "Projections": [
                                                                        "c_customer_sk",
                                                                        "c_customer_id",
                                                                        "c_first_name",
                                                                        "c_last_name",
                                                                        "c_preferred_cust_flag",
                                                                        "c_birth_country",
                                                                        "c_login",
                                                                        "c_email_address"
                                                                      ],
                                                                      "Filters": "c_customer_sk>=2 AND c_customer_sk<=499998",
                                                                      "Estimated Cardinality": "500000"
                                                                    },
                                                                    "cumulative_cardinality": 0,
                                                                    "operator_type": "TABLE_SCAN",
                                                                    "operator_cardinality": 499981,
                                                                    "cumulative_rows_scanned": 0,
                                                                    "operator_rows_scanned": 2500000,
                                                                    "operator_timing": 0.22585640200000004,
                                                                    "children": []
                                                                  },
                                                                  {
                                                                    "total_bytes_written": 0,
                                                                    "total_bytes_read": 0,
                                                                    "result_set_size": 22926096,
                                                                    "operator_name": "HASH_JOIN",
                                                                    "cpu_time": 0.0,
                                                                    "extra_info": {
                                                                      "Join Type": "INNER",
                                                                      "Conditions": "ws_sold_date_sk = d_date_sk",
                                                                      "Estimated Cardinality": "57640"
                                                                    },
                                                                    "cumulative_cardinality": 0,
                                                                    "operator_type": "HASH_JOIN",
                                                                    "operator_cardinality": 1432881,
                                                                    "cumulative_rows_scanned": 0,
                                                                    "operator_rows_scanned": 0,
                                                                    "operator_timing": 0.011678333,
                                                                    "children": [
                                                                      {
                                                                        "total_bytes_written": 0,
                                                                        "total_bytes_read": 0,
                                                                        "result_set_size": 22926096,
                                                                        "operator_name": "SEQ_SCAN ",
                                                                        "cpu_time": 0.0,
                                                                        "extra_info": {
                                                                          "Table": "web_sales",
                                                                          "Type": "Sequential Scan",
                                                                          "Projections": [
                                                                            "ws_bill_customer_sk",
                                                                            "ws_sold_date_sk",
                                                                            "ws_ext_list_price",
                                                                            "ws_ext_discount_amt"
                                                                          ],
                                                                          "Estimated Cardinality": "7197566"
                                                                        },
                                                                        "cumulative_cardinality": 0,
                                                                        "operator_type": "TABLE_SCAN",
                                                                        "operator_cardinality": 1432881,
                                                                        "cumulative_rows_scanned": 0,
                                                                        "operator_rows_scanned": 201531848,
                                                                        "operator_timing": 3.524402559,
                                                                        "children": []
                                                                      },
                                                                      {
                                                                        "total_bytes_written": 0,
                                                                        "total_bytes_read": 0,
                                                                        "result_set_size": 2920,
                                                                        "operator_name": "FILTER",
                                                                        "cpu_time": 0.0,
                                                                        "extra_info": {
                                                                          "Expression": "(d_date_sk BETWEEN 2450816 AND 2452642)",
                                                                          "Estimated Cardinality": "585"
                                                                        },
                                                                        "cumulative_cardinality": 0,
                                                                        "operator_type": "FILTER",
                                                                        "operator_cardinality": 365,
                                                                        "cumulative_rows_scanned": 0,
                                                                        "operator_rows_scanned": 0,
                                                                        "operator_timing": 1.2785e-05,
                                                                        "children": [
                                                                          {
                                                                            "total_bytes_written": 0,
                                                                            "total_bytes_read": 0,
                                                                            "result_set_size": 2920,
                                                                            "operator_name": "SEQ_SCAN ",
                                                                            "cpu_time": 0.0,
                                                                            "extra_info": {
                                                                              "Table": "date_dim",
                                                                              "Type": "Sequential Scan",
                                                                              "Projections": [
                                                                                "d_date_sk",
                                                                                "d_year"
                                                                              ],
                                                                              "Filters": "d_year=2001",
                                                                              "Estimated Cardinality": "585"
                                                                            },
                                                                            "cumulative_cardinality": 0,
                                                                            "operator_type": "TABLE_SCAN",
                                                                            "operator_cardinality": 365,
                                                                            "cumulative_rows_scanned": 0,
                                                                            "operator_rows_scanned": 73049,
                                                                            "operator_timing": 0.000922212,
                                                                            "children": []
                                                                          }
                                                                        ]
                                                                      }
                                                                    ]
                                                                  }
                                                                ]
                                                              }
                                                            ]
                                                          }
                                                        ]
                                                      }
                                                    ]
                                                  }
                                                ]
                                              }
                                            ]
                                          }
                                        ]
                                      }
                                    ]
                                  }
                                ]
                              }
                            ]
                          }
                        ]
                      }
                    ]
                  }
                ]
              }
            ]
          }
        ]
      }
    ]
  },
  "actual_rows": 0,
  "provenance": {
    "database": "/mnt/d/TPC-DS/tpcds_sf10.duckdb",
    "scale_factor": 10,
    "engine": "duckdb",
    "engine_version": "1.4.3",
    "cached_at": "2026-02-08T10:20:36.339978"
  }
}