{
  "execution_time_ms": 0.0,
  "plan_text": "\u250c\u2500\u2500\u2500\u2500\u2500\u2500\u2500\u2500\u2500\u2500\u2500\u2500\u2500\u2510\n\u2502    TOP_N    \u2502\n\u2502    \u2500\u2500\u2500\u2500\u2500\u2500   \u2502\n\u2502     Top:    \u2502\n\u2502     100     \u2502\n\u2502             \u2502\n\u2502  Order By:  \u2502\n\u2502 ca.ca_state \u2502\n\u2502      ASC    \u2502\n\u2502 tpcds_sf10_1\u2502\n\u2502.main.custome\u2502\n\u2502r_demographic\u2502\n\u2502 s.cd_gender \u2502\n\u2502      ASC    \u2502\n\u2502 tpcds_sf10_1\u2502\n\u2502.main.custome\u2502\n\u2502r_demographic\u2502\n\u2502s.cd_marital_\u2502\n\u2502  status ASC \u2502\n\u2502 tpcds_sf10_1\u2502\n\u2502.main.custome\u2502\n\u2502r_demographic\u2502\n\u2502s.cd_dep_coun\u2502\n\u2502    t ASC    \u2502\n\u2502 tpcds_sf10_1\u2502\n\u2502.main.custome\u2502\n\u2502r_demographic\u2502\n\u2502s.cd_dep_empl\u2502\n\u2502  oyed_count \u2502\n\u2502      ASC    \u2502\n\u2502 tpcds_sf10_1\u2502\n\u2502.main.custome\u2502\n\u2502r_demographic\u2502\n\u2502s.cd_dep_coll\u2502\n\u2502ege_count ASC\u2502\n\u2514\u2500\u2500\u2500\u2500\u2500\u2500\u252c\u2500\u2500\u2500\u2500\u2500\u2500\u2518\n\u250c\u2500\u2500\u2500\u2500\u2500\u2500\u2534\u2500\u2500\u2500\u2500\u2500\u2500\u2510\n\u2502  PROJECTION \u2502\n\u2502    \u2500\u2500\u2500\u2500\u2500\u2500   \u2502\n\u2502   ca_state  \u2502\n\u2502  cd_gender  \u2502\n\u2502cd_marital_st\u2502\n\u2502     atus    \u2502\n\u2502 cd_dep_count\u2502\n\u2502     cnt1    \u2502\n\u2502max(cd_dep_co\u2502\n\u2502     unt)    \u2502\n\u2502sum(cd_dep_co\u2502\n\u2502     unt)    \u2502\n\u2502max(cd_dep_co\u2502\n\u2502     unt)    \u2502\n\u2502cd_dep_employ\u2502\n\u2502   ed_count  \u2502\n\u2502     cnt2    \u2502\n\u2502max(cd_dep_em\u2502\n\u2502ployed_count)\u2502\n\u2502sum(cd_dep_em\u2502\n\u2502ployed_count)\u2502\n\u2502max(cd_dep_em\u2502\n\u2502ployed_count)\u2502\n\u2502cd_dep_colleg\u2502\n\u2502   e_count   \u2502\n\u2502     cnt3    \u2502\n\u2502max(cd_dep_co\u2502\n\u2502 llege_count)\u2502\n\u2502sum(cd_dep_co\u2502\n\u2502 llege_count)\u2502\n\u2502max(cd_dep_co\u2502\n\u2502 llege_count)\u2502\n\u2502             \u2502\n\u2502 ~82,127 rows\u2502\n\u2514\u2500\u2500\u2500\u2500\u2500\u2500\u252c\u2500\u2500\u2500\u2500\u2500\u2500\u2518\n\u250c\u2500\u2500\u2500\u2500\u2500\u2500\u2534\u2500\u2500\u2500\u2500\u2500\u2500\u2510\n\u2502  PROJECTION \u2502\n\u2502    \u2500\u2500\u2500\u2500\u2500\u2500   \u2502\n\u2502__internal_de\u2502\n\u2502compress_stri\u2502\n\u2502    ng(#0)   \u2502\n\u2502__internal_de\u2502\n\u2502compress_stri\u2502\n\u2502    ng(#1)   \u2502\n\u2502__internal_de\u2502\n\u2502compress_stri\u2502\n\u2502    ng(#2)   \u2502\n\u2502      #3     \u2502\n\u2502      #4     \u2502\n\u2502      #5     \u2502\n\u2502      #6     \u2502\n\u2502      #7     \u2502\n\u2502      #8     \u2502\n\u2502      #9     \u2502\n\u2502     #10     \u2502\n\u2502     #11     \u2502\n\u2502     #12     \u2502\n\u2502             \u2502\n\u2502 ~82,127 rows\u2502\n\u2514\u2500\u2500\u2500\u2500\u2500\u2500\u252c\u2500\u2500\u2500\u2500\u2500\u2500\u2518\n\u250c\u2500\u2500\u2500\u2500\u2500\u2500\u2534\u2500\u2500\u2500\u2500\u2500\u2500\u2510\n\u2502HASH_GROUP_BY\u2502\n\u2502    \u2500\u2500\u2500\u2500\u2500\u2500   \u2502\n\u2502   Groups:   \u2502\n\u2502      #0     \u2502\n\u2502      #1     \u2502\n\u2502      #2     \u2502\n\u2502      #3     \u2502\n\u2502      #4     \u2502\n\u2502      #5     \u2502\n\u2502             \u2502\n\u2502 Aggregates: \u2502\n\u2502 count_star()\u2502\n\u2502   max(#6)   \u2502\n\u2502   sum(#7)   \u2502\n\u2502   max(#8)   \u2502\n\u2502   sum(#9)   \u2502\n\u2502   max(#10)  \u2502\n\u2502   sum(#11)  \u2502\n\u2502             \u2502\n\u2502 ~82,127 rows\u2502\n\u2514\u2500\u2500\u2500\u2500\u2500\u2500\u252c\u2500\u2500\u2500\u2500\u2500\u2500\u2518\n\u250c\u2500\u2500\u2500\u2500\u2500\u2500\u2534\u2500\u2500\u2500\u2500\u2500\u2500\u2510\n\u2502  PROJECTION \u2502\n\u2502    \u2500\u2500\u2500\u2500\u2500\u2500   \u2502\n\u2502   ca_state  \u2502\n\u2502  cd_gender  \u2502\n\u2502cd_marital_st\u2502\n\u2502     atus    \u2502\n\u2502 cd_dep_count\u2502\n\u2502cd_dep_employ\u2502\n\u2502   ed_count  \u2502\n\u2502cd_dep_colleg\u2502\n\u2502   e_count   \u2502\n\u2502 cd_dep_count\u2502\n\u2502 cd_dep_count\u2502\n\u2502cd_dep_employ\u2502\n\u2502   ed_count  \u2502\n\u2502cd_dep_employ\u2502\n\u2502   ed_count  \u2502\n\u2502cd_dep_colleg\u2502\n\u2502   e_count   \u2502\n\u2502cd_dep_colleg\u2502\n\u2502   e_count   \u2502\n\u2502             \u2502\n\u2502 ~82,127 rows\u2502\n\u2514\u2500\u2500\u2500\u2500\u2500\u2500\u252c\u2500\u2500\u2500\u2500\u2500\u2500\u2518\n\u250c\u2500\u2500\u2500\u2500\u2500\u2500\u2534\u2500\u2500\u2500\u2500\u2500\u2500\u2510\n\u2502  PROJECTION \u2502\n\u2502    \u2500\u2500\u2500\u2500\u2500\u2500   \u2502\n\u2502__internal_co\u2502\n\u2502mpress_string\u2502\n\u2502_uinteger(#5)\u2502\n\u2502__internal_co\u2502\n\u2502mpress_string\u2502\n\u2502_utinyint(#0)\u2502\n\u2502__internal_co\u2502\n\u2502mpress_string\u2502\n\u2502_utinyint(#1)\u2502\n\u2502      #2     \u2502\n\u2502      #3     \u2502\n\u2502      #4     \u2502\n\u2502             \u2502\n\u2502 ~82,127 rows\u2502\n\u2514\u2500\u2500\u2500\u2500\u2500\u2500\u252c\u2500\u2500\u2500\u2500\u2500\u2500\u2518\n\u250c\u2500\u2500\u2500\u2500\u2500\u2500\u2534\u2500\u2500\u2500\u2500\u2500\u2500\u2510\n\u2502  PROJECTION \u2502\n\u2502    \u2500\u2500\u2500\u2500\u2500\u2500   \u2502\n\u2502      #0     \u2502\n\u2502      #1     \u2502\n\u2502      #2     \u2502\n\u2502      #3     \u2502\n\u2502      #4     \u2502\n\u2502      #5     \u2502\n\u2502             \u2502\n\u2502 ~82,127 rows\u2502\n\u2514\u2500\u2500\u2500\u2500\u2500\u2500\u252c\u2500\u2500\u2500\u2500\u2500\u2500\u2518\n\u250c\u2500\u2500\u2500\u2500\u2500\u2500\u2534\u2500\u2500\u2500\u2500\u2500\u2500\u2510\n\u2502    FILTER   \u2502\n\u2502    \u2500\u2500\u2500\u2500\u2500\u2500   \u2502\n\u2502 (SUBQUERY OR\u2502\n\u2502   SUBQUERY) \u2502\n\u2502             \u2502\n\u2502 ~82,127 rows\u2502\n\u2514\u2500\u2500\u2500\u2500\u2500\u2500\u252c\u2500\u2500\u2500\u2500\u2500\u2500\u2518\n\u250c\u2500\u2500\u2500\u2500\u2500\u2500\u2534\u2500\u2500\u2500\u2500\u2500\u2500\u2510\n\u2502LEFT_DEL...  \u2502\n\u2502    \u2500\u2500\u2500\u2500\u2500\u2500   \u2502\n\u2502  Join Type: \u2502\n\u2502     MARK    \u2502\n\u2502             \u2502\n\u2502 Conditions: \u2502\n\u2502c_customer_sk\u251c\u2500\u2500\u2500\u2500\u2500\u2500\u2500\u2500\u2500\u2500\u2500\u2500\u2500\u2500\u2500\u2500\u2500\u2500\u2500\u2500\u2500\u2500\u2500\u2500\u2500\u2500\u2500\u2500\u2500\u2500\u2500\u2500\u2500\u2500\u2500\u2500\u2500\u2500\u2500\u2500\u2500\u2500\u2500\u2500\u2500\u2500\u2500\u2500\u2500\u2500\u2500\u2500\u2500\u2500\u2500\u2500\u2500\u2500\u2500\u2500\u2500\u2500\u2500\u2500\u2500\u2500\u2500\u2500\u2500\u2500\u2500\u2500\u2500\u2500\u2500\u2500\u2500\u2500\u2500\u2500\u2500\u2500\u2500\u2500\u2500\u2500\u2500\u2500\u2500\u2500\u2500\u2500\u2500\u2500\u2500\u2500\u2500\u2500\u2500\u2500\u2500\u2500\u2500\u2500\u2500\u2500\u2500\u2500\u2500\u2500\u2500\u2500\u2500\u2500\u2500\u2500\u2500\u2500\u2500\u2500\u2500\u2500\u2500\u2500\u2500\u2500\u2500\u2500\u2500\u2500\u2500\u2500\u2500\u2500\u2500\u2500\u2500\u2500\u2500\u2500\u2500\u2500\u2500\u2500\u2500\u2500\u2500\u2500\u2500\u2500\u2500\u2500\u2500\u2500\u2500\u2500\u2500\u2500\u2500\u2500\u2500\u2500\u2500\u2500\u2500\u2500\u2500\u2500\u2500\u2500\u2500\u2500\u2500\u2500\u2500\u2500\u2500\u2500\u2500\u2500\u2500\u2500\u2500\u2500\u2500\u2500\u2500\u252c\u2500\u2500\u2500\u2500\u2500\u2500\u2500\u2500\u2500\u2500\u2500\u2500\u2500\u2500\u2500\u2500\u2500\u2500\u2500\u2500\u2500\u2500\u2500\u2500\u2500\u2500\u2500\u2500\u2500\u2500\u2500\u2500\u2500\u2500\u2500\u2500\u2500\n\u2502 IS NOT DISTI\u2502                                                                                                                                                                                           \u2502                                     \n\u2502   NCT FROM  \u2502                                                                                                                                                                                           \u2502                                     \n\u2502 c_customer_s\u2502                                                                                                                                                                                           \u2502                                     \n\u2502      k      \u2502                                                                                                                                                                                           \u2502                                     \n\u2502             \u2502                                                                                                                                                                                           \u2502                                     \n\u2502   ~0 rows   \u2502                                                                                                                                                                                           \u2502                                     \n\u2514\u2500\u2500\u2500\u2500\u2500\u2500\u252c\u2500\u2500\u2500\u2500\u2500\u2500\u2518                                                                                                                                                                                           \u2502                                     \n\u250c\u2500\u2500\u2500\u2500\u2500\u2500\u2534\u2500\u2500\u2500\u2500\u2500\u2500\u2510                                                                                                                                                                                    \u250c\u2500\u2500\u2500\u2500\u2500\u2500\u2534\u2500\u2500\u2500\u2500\u2500\u2500\u2510                              \n\u2502LEFT_DEL...  \u2502                                                                                                                                                                                    \u2502  HASH_JOIN  \u2502                              \n\u2502    \u2500\u2500\u2500\u2500\u2500\u2500   \u2502                                                                                                                                                                                    \u2502    \u2500\u2500\u2500\u2500\u2500\u2500   \u2502                              \n\u2502  Join Type: \u2502                                                                                                                                                                                    \u2502  Join Type: \u2502                              \n\u2502     MARK    \u2502                                                                                                                                                                                    \u2502     MARK    \u2502                              \n\u2502             \u2502                                                                                                                                                                                    \u2502             \u2502                              \n\u2502 Conditions: \u2502                                                                                                                                                                                    \u2502 Conditions: \u2502                              \n\u2502c_customer_sk\u251c\u2500\u2500\u2500\u2500\u2500\u2500\u2500\u2500\u2500\u2500\u2500\u2500\u2500\u2500\u2500\u2500\u2500\u2500\u2500\u2500\u2500\u2500\u2500\u2500\u2500\u2500\u2500\u2500\u2500\u2500\u2500\u2500\u2500\u2500\u2500\u2500\u2500\u2500\u2500\u2500\u2500\u2500\u2500\u2500\u2500\u2500\u2500\u2500\u2500\u2500\u2500\u2500\u2500\u2500\u2500\u2500\u2500\u2500\u2500\u2500\u2500\u2500\u2500\u2500\u2500\u2500\u2500\u2500\u2500\u2500\u2500\u2500\u2500\u2500\u2500\u2500\u2500\u2500\u2500\u2500\u2500\u2500\u2500\u2500\u2500\u2500\u2500\u2500\u2500\u2500\u2500\u2500\u2500\u2500\u2500\u2500\u2500\u2500\u2500\u2500\u2500\u2500\u2500\u2500\u2500\u2500\u2500\u2500\u2500\u2500\u2500\u2500\u252c\u2500\u2500\u2500\u2500\u2500\u2500\u2500\u2500\u2500\u2500\u2500\u2500\u2500\u2500\u2500\u2500\u2500\u2500\u2500\u2500\u2500\u2500\u2500\u2500\u2500\u2500\u2500\u2500\u2500\u2500\u2500\u2500\u2500\u2500\u2500\u2500\u2500\u2500\u2500\u2500\u2500\u2500\u2500\u2500\u2500\u2500\u2500\u2500\u2500\u2500\u2500\u2500\u2500\u2500\u2500\u2500\u2500\u2500\u2500\u2510       \u2502c_customer_sk\u251c\u2500\u2500\u2500\u2500\u2500\u2500\u2500\u2510                      \n\u2502 IS NOT DISTI\u2502                                                                                                                \u2502                                                           \u2502       \u2502 IS NOT DISTI\u2502       \u2502                      \n\u2502   NCT FROM  \u2502                                                                                                                \u2502                                                           \u2502       \u2502   NCT FROM  \u2502       \u2502                      \n\u2502 c_customer_s\u2502                                                                                                                \u2502                                                           \u2502       \u2502 c_customer_s\u2502       \u2502                      \n\u2502      k      \u2502                                                                                                                \u2502                                                           \u2502       \u2502      k      \u2502       \u2502                      \n\u2502             \u2502                                                                                                                \u2502                                                           \u2502       \u2502             \u2502       \u2502                      \n\u2502 ~82,127 rows\u2502                                                                                                                \u2502                                                           \u2502       \u2502   ~0 rows   \u2502       \u2502                      \n\u2514\u2500\u2500\u2500\u2500\u2500\u2500\u252c\u2500\u2500\u2500\u2500\u2500\u2500\u2518                                                                                                                \u2502                                                           \u2502       \u2514\u2500\u2500\u2500\u2500\u2500\u2500\u252c\u2500\u2500\u2500\u2500\u2500\u2500\u2518       \u2502                      \n\u250c\u2500\u2500\u2500\u2500\u2500\u2500\u2534\u2500\u2500\u2500\u2500\u2500\u2500\u2510                                                                                                         \u250c\u2500\u2500\u2500\u2500\u2500\u2500\u2534\u2500\u2500\u2500\u2500\u2500\u2500\u2510                                             \u250c\u2500\u2500\u2500\u2500\u2500\u2500\u2534\u2500\u2500\u2500\u2500\u2500\u2500\u2510\u250c\u2500\u2500\u2500\u2500\u2500\u2500\u2534\u2500\u2500\u2500\u2500\u2500\u2500\u2510\u250c\u2500\u2500\u2500\u2500\u2500\u2500\u2534\u2500\u2500\u2500\u2500\u2500\u2500\u2510\n\u2502LEFT_DEL...  \u2502                                                                                                         \u2502  HASH_JOIN  \u2502                                             \u2502HASH_GROUP_BY\u2502\u2502COLUMN_D...  \u2502\u2502  PROJECTION \u2502\n\u2502    \u2500\u2500\u2500\u2500\u2500\u2500   \u2502                                                                                                         \u2502    \u2500\u2500\u2500\u2500\u2500\u2500   \u2502                                             \u2502    \u2500\u2500\u2500\u2500\u2500\u2500   \u2502\u2502    \u2500\u2500\u2500\u2500\u2500\u2500   \u2502\u2502    \u2500\u2500\u2500\u2500\u2500\u2500   \u2502\n\u2502  Join Type: \u2502                                                                                                         \u2502  Join Type: \u2502                                             \u2502   Groups:   \u2502\u2502             \u2502\u2502c_customer_sk\u2502\n\u2502     SEMI    \u2502                                                                                                         \u2502     MARK    \u2502                                             \u2502      #5     \u2502\u2502             \u2502\u2502             \u2502\n\u2502             \u2502                                                                                                         \u2502             \u2502                                             \u2502             \u2502\u2502             \u2502\u2502             \u2502\n\u2502 Conditions: \u2502                                                                                                         \u2502 Conditions: \u2502                                             \u2502             \u2502\u2502             \u2502\u2502             \u2502\n\u2502c_customer_sk\u251c\u2500\u2500\u2500\u2500\u2500\u2500\u2500\u2500\u2500\u2500\u2500\u2500\u2500\u2500\u2500\u2500\u2500\u2500\u2500\u2500\u2500\u2500\u2500\u2500\u2500\u2500\u2500\u2500\u2500\u2500\u2500\u2500\u2500\u2500\u2500\u2500\u2500\u252c\u2500\u2500\u2500\u2500\u2500\u2500\u2500\u2500\u2500\u2500\u2500\u2500\u2500\u2500\u2500\u2500\u2500\u2500\u2500\u2500\u2500\u2500\u2500\u2500\u2500\u2500\u2500\u2500\u2500\u2500\u2500\u2500\u2500\u2500\u2500\u2500\u2500\u2500\u2500\u2500\u2500\u2500\u2500\u2500\u2500\u2500\u2500\u2500\u2500\u2500\u2500\u2500\u2500\u2500\u2500\u2500\u2500\u2500\u2500\u2510       \u2502c_customer_sk\u251c\u2500\u2500\u2500\u2500\u2500\u2500\u2500\u2510                                     \u2502             \u2502\u2502             \u2502\u2502             \u2502\n\u2502 IS NOT DISTI\u2502                                     \u2502                                                           \u2502       \u2502 IS NOT DISTI\u2502       \u2502                                     \u2502             \u2502\u2502             \u2502\u2502             \u2502\n\u2502   NCT FROM  \u2502                                     \u2502                                                           \u2502       \u2502   NCT FROM  \u2502       \u2502                                     \u2502             \u2502\u2502             \u2502\u2502             \u2502\n\u2502 c_customer_s\u2502                                     \u2502                                                           \u2502       \u2502 c_customer_s\u2502       \u2502                                     \u2502             \u2502\u2502             \u2502\u2502             \u2502\n\u2502      k      \u2502                                     \u2502                                                           \u2502       \u2502      k      \u2502       \u2502                                     \u2502             \u2502\u2502             \u2502\u2502             \u2502\n\u2502             \u2502                                     \u2502                                                           \u2502       \u2502             \u2502       \u2502                                     \u2502             \u2502\u2502             \u2502\u2502             \u2502\n\u2502 ~82,127 rows\u2502                                     \u2502                                                           \u2502       \u2502 ~82,127 rows\u2502       \u2502                                     \u2502 ~75,736 rows\u2502\u2502   ~0 rows   \u2502\u2502 ~26,902 rows\u2502\n\u2514\u2500\u2500\u2500\u2500\u2500\u2500\u252c\u2500\u2500\u2500\u2500\u2500\u2500\u2518                                     \u2502                                                           \u2502       \u2514\u2500\u2500\u2500\u2500\u2500\u2500\u252c\u2500\u2500\u2500\u2500\u2500\u2500\u2518       \u2502                                     \u2514\u2500\u2500\u2500\u2500\u2500\u2500\u2500\u2500\u2500\u2500\u2500\u2500\u2500\u2518\u2514\u2500\u2500\u2500\u2500\u2500\u2500\u2500\u2500\u2500\u2500\u2500\u2500\u2500\u2518\u2514\u2500\u2500\u2500\u2500\u2500\u2500\u252c\u2500\u2500\u2500\u2500\u2500\u2500\u2518\n\u250c\u2500\u2500\u2500\u2500\u2500\u2500\u2534\u2500\u2500\u2500\u2500\u2500\u2500\u2510                              \u250c\u2500\u2500\u2500\u2500\u2500\u2500\u2534\u2500\u2500\u2500\u2500\u2500\u2500\u2510                                             \u250c\u2500\u2500\u2500\u2500\u2500\u2500\u2534\u2500\u2500\u2500\u2500\u2500\u2500\u2510\u250c\u2500\u2500\u2500\u2500\u2500\u2500\u2534\u2500\u2500\u2500\u2500\u2500\u2500\u2510\u250c\u2500\u2500\u2500\u2500\u2500\u2500\u2534\u2500\u2500\u2500\u2500\u2500\u2500\u2510                                                            \u250c\u2500\u2500\u2500\u2500\u2500\u2500\u2534\u2500\u2500\u2500\u2500\u2500\u2500\u2510\n\u2502  HASH_JOIN  \u2502                              \u2502  HASH_JOIN  \u2502                                             \u2502HASH_GROUP_BY\u2502\u2502COLUMN_D...  \u2502\u2502  PROJECTION \u2502                                                            \u2502  HASH_JOIN  \u2502\n\u2502    \u2500\u2500\u2500\u2500\u2500\u2500   \u2502                              \u2502    \u2500\u2500\u2500\u2500\u2500\u2500   \u2502                                             \u2502    \u2500\u2500\u2500\u2500\u2500\u2500   \u2502\u2502    \u2500\u2500\u2500\u2500\u2500\u2500   \u2502\u2502    \u2500\u2500\u2500\u2500\u2500\u2500   \u2502                                                            \u2502    \u2500\u2500\u2500\u2500\u2500\u2500   \u2502\n\u2502  Join Type: \u2502                              \u2502  Join Type: \u2502                                             \u2502   Groups:   \u2502\u2502             \u2502\u2502c_customer_sk\u2502                                                            \u2502  Join Type: \u2502\n\u2502    INNER    \u2502                              \u2502     SEMI    \u2502                                             \u2502      #5     \u2502\u2502             \u2502\u2502             \u2502                                                            \u2502    INNER    \u2502\n\u2502             \u2502                              \u2502             \u2502                                             \u2502             \u2502\u2502             \u2502\u2502             \u2502                                                            \u2502             \u2502\n\u2502 Conditions: \u2502                              \u2502 Conditions: \u2502                                             \u2502             \u2502\u2502             \u2502\u2502             \u2502                                                            \u2502 Conditions: \u2502\n\u2502 cd_demo_sk =\u251c\u2500\u2500\u2500\u2500\u2500\u2500\u2500\u2510                      \u2502c_customer_sk\u251c\u2500\u2500\u2500\u2500\u2500\u2500\u2500\u2510                                     \u2502             \u2502\u2502             \u2502\u2502             \u2502                                                            \u2502cs_ship_custo\u251c\u2500\u2500\u2500\u2500\u2500\u2500\u2500\u2500\u2500\u2500\u2500\u2500\u2500\u2500\u2500\n\u2502 c_current_cd\u2502       \u2502                      \u2502 IS NOT DISTI\u2502       \u2502                                     \u2502             \u2502\u2502             \u2502\u2502             \u2502                                                            \u2502   mer_sk =  \u2502               \n\u2502    emo_sk   \u2502       \u2502                      \u2502   NCT FROM  \u2502       \u2502                                     \u2502             \u2502\u2502             \u2502\u2502             \u2502                                                            \u2502 c_customer_s\u2502               \n\u2502             \u2502       \u2502                      \u2502 c_customer_s\u2502       \u2502                                     \u2502             \u2502\u2502             \u2502\u2502             \u2502                                                            \u2502      k      \u2502               \n\u2502             \u2502       \u2502                      \u2502      k      \u2502       \u2502                                     \u2502             \u2502\u2502             \u2502\u2502             \u2502                                                            \u2502             \u2502               \n\u2502             \u2502       \u2502                      \u2502             \u2502       \u2502                                     \u2502             \u2502\u2502             \u2502\u2502             \u2502                                                            \u2502             \u2502               \n\u2502~410,639 rows\u2502       \u2502                      \u2502 ~82,127 rows\u2502       \u2502                                     \u2502~280,065 rows\u2502\u2502 ~82,127 rows\u2502\u2502 ~14,341 rows\u2502                                                            \u2502 ~26,902 rows\u2502               \n\u2514\u2500\u2500\u2500\u2500\u2500\u2500\u252c\u2500\u2500\u2500\u2500\u2500\u2500\u2518       \u2502                      \u2514\u2500\u2500\u2500\u2500\u2500\u2500\u252c\u2500\u2500\u2500\u2500\u2500\u2500\u2518       \u2502                                     \u2514\u2500\u2500\u2500\u2500\u2500\u2500\u2500\u2500\u2500\u2500\u2500\u2500\u2500\u2518\u2514\u2500\u2500\u2500\u2500\u2500\u2500\u2500\u2500\u2500\u2500\u2500\u2500\u2500\u2518\u2514\u2500\u2500\u2500\u2500\u2500\u2500\u252c\u2500\u2500\u2500\u2500\u2500\u2500\u2518                                                            \u2514\u2500\u2500\u2500\u2500\u2500\u2500\u252c\u2500\u2500\u2500\u2500\u2500\u2500\u2518               \n\u250c\u2500\u2500\u2500\u2500\u2500\u2500\u2534\u2500\u2500\u2500\u2500\u2500\u2500\u2510\u250c\u2500\u2500\u2500\u2500\u2500\u2500\u2534\u2500\u2500\u2500\u2500\u2500\u2500\u2510               \u250c\u2500\u2500\u2500\u2500\u2500\u2500\u2534\u2500\u2500\u2500\u2500\u2500\u2500\u2510\u250c\u2500\u2500\u2500\u2500\u2500\u2500\u2534\u2500\u2500\u2500\u2500\u2500\u2500\u2510                                                            \u250c\u2500\u2500\u2500\u2500\u2500\u2500\u2534\u2500\u2500\u2500\u2500\u2500\u2500\u2510                                                            \u250c\u2500\u2500\u2500\u2500\u2500\u2500\u2534\u2500\u2500\u2500\u2500\u2500\u2500\u2510               \n\u2502  SEQ_SCAN   \u2502\u2502  HASH_JOIN  \u2502               \u2502COLUMN_D...  \u2502\u2502  PROJECTION \u2502                                                            \u2502  HASH_JOIN  \u2502                                                            \u2502  HASH_JOIN  \u2502               \n\u2502    \u2500\u2500\u2500\u2500\u2500\u2500   \u2502\u2502    \u2500\u2500\u2500\u2500\u2500\u2500   \u2502               \u2502    \u2500\u2500\u2500\u2500\u2500\u2500   \u2502\u2502    \u2500\u2500\u2500\u2500\u2500\u2500   \u2502                                                            \u2502    \u2500\u2500\u2500\u2500\u2500\u2500   \u2502                                                            \u2502    \u2500\u2500\u2500\u2500\u2500\u2500   \u2502               \n\u2502    Table:   \u2502\u2502  Join Type: \u2502               \u2502             \u2502\u2502c_customer_sk\u2502                                                            \u2502  Join Type: \u2502                                                            \u2502  Join Type: \u2502               \n\u2502customer_demo\u2502\u2502    INNER    \u2502               \u2502             \u2502\u2502             \u2502                                                            \u2502    INNER    \u2502                                                            \u2502    INNER    \u2502               \n\u2502   graphics  \u2502\u2502             \u2502               \u2502             \u2502\u2502             \u2502                                                            \u2502             \u2502                                                            \u2502             \u2502               \n\u2502             \u2502\u2502 Conditions: \u2502               \u2502             \u2502\u2502             \u2502                                                            \u2502 Conditions: \u2502                                                            \u2502 Conditions: \u2502               \n\u2502    Type:    \u2502\u2502c_current_add\u2502               \u2502             \u2502\u2502             \u2502                                                            \u2502c_customer_sk\u2502                                                            \u2502cs_sold_date_\u2502               \n\u2502  Sequential \u2502\u2502r_sk = ca_add\u2502               \u2502             \u2502\u2502             \u2502                                                            \u2502 = ws_bill_cu\u2502                                                            \u2502sk = d_date_s\u2502               \n\u2502     Scan    \u2502\u2502   ress_sk   \u2502               \u2502             \u2502\u2502             \u2502                                                            \u2502  stomer_sk  \u2502                                                            \u2502      k      \u2502               \n\u2502             \u2502\u2502             \u2502               \u2502             \u2502\u2502             \u2502                                                            \u2502             \u2502                                                            \u2502             \u2502               \n\u2502 Projections:\u2502\u2502             \u2502               \u2502             \u2502\u2502             \u2502                                                            \u2502             \u2502                                                            \u2502             \u2502               \n\u2502  cd_demo_sk \u2502\u2502             \u2502               \u2502             \u2502\u2502             \u2502                                                            \u2502             \u2502                                                            \u2502             \u2502               \n\u2502  cd_gender  \u2502\u2502             \u2502               \u2502             \u2502\u2502             \u2502                                                            \u2502             \u2502                                                            \u2502             \u2502               \n\u2502cd_marital_st\u2502\u2502             \u251c\u2500\u2500\u2500\u2500\u2500\u2500\u2500\u2510       \u2502             \u2502\u2502             \u2502                                                            \u2502             \u251c\u2500\u2500\u2500\u2500\u2500\u2500\u2500\u2510                                                    \u2502             \u251c\u2500\u2500\u2500\u2500\u2500\u2500\u2500\u2510       \n\u2502     atus    \u2502\u2502             \u2502       \u2502       \u2502             \u2502\u2502             \u2502                                                            \u2502             \u2502       \u2502                                                    \u2502             \u2502       \u2502       \n\u2502 cd_dep_count\u2502\u2502             \u2502       \u2502       \u2502             \u2502\u2502             \u2502                                                            \u2502             \u2502       \u2502                                                    \u2502             \u2502       \u2502       \n\u2502cd_dep_employ\u2502\u2502             \u2502       \u2502       \u2502             \u2502\u2502             \u2502                                                            \u2502             \u2502       \u2502                                                    \u2502             \u2502       \u2502       \n\u2502   ed_count  \u2502\u2502             \u2502       \u2502       \u2502             \u2502\u2502             \u2502                                                            \u2502             \u2502       \u2502                                                    \u2502             \u2502       \u2502       \n\u2502cd_dep_colleg\u2502\u2502             \u2502       \u2502       \u2502             \u2502\u2502             \u2502                                                            \u2502             \u2502       \u2502                                                    \u2502             \u2502       \u2502       \n\u2502   e_count   \u2502\u2502             \u2502       \u2502       \u2502             \u2502\u2502             \u2502                                                            \u2502             \u2502       \u2502                                                    \u2502             \u2502       \u2502       \n\u2502             \u2502\u2502             \u2502       \u2502       \u2502             \u2502\u2502             \u2502                                                            \u2502             \u2502       \u2502                                                    \u2502             \u2502       \u2502       \n\u2502   Filters:  \u2502\u2502             \u2502       \u2502       \u2502             \u2502\u2502             \u2502                                                            \u2502             \u2502       \u2502                                                    \u2502             \u2502       \u2502       \n\u2502 cd_demo_sk> \u2502\u2502             \u2502       \u2502       \u2502             \u2502\u2502             \u2502                                                            \u2502             \u2502       \u2502                                                    \u2502             \u2502       \u2502       \n\u2502=4 AND cd_dem\u2502\u2502             \u2502       \u2502       \u2502             \u2502\u2502             \u2502                                                            \u2502             \u2502       \u2502                                                    \u2502             \u2502       \u2502       \n\u2502o_sk<=1920791\u2502\u2502             \u2502       \u2502       \u2502             \u2502\u2502             \u2502                                                            \u2502             \u2502       \u2502                                                    \u2502             \u2502       \u2502       \n\u2502             \u2502\u2502             \u2502       \u2502       \u2502             \u2502\u2502             \u2502                                                            \u2502             \u2502       \u2502                                                    \u2502             \u2502       \u2502       \n\u2502~1,920,8...  \u2502\u2502~410,639 rows\u2502       \u2502       \u2502 ~82,127 rows\u2502\u2502~167,715 rows\u2502                                                            \u2502 ~14,341 rows\u2502       \u2502                                                    \u2502~115,329 rows\u2502       \u2502       \n\u2514\u2500\u2500\u2500\u2500\u2500\u2500\u2500\u2500\u2500\u2500\u2500\u2500\u2500\u2518\u2514\u2500\u2500\u2500\u2500\u2500\u2500\u252c\u2500\u2500\u2500\u2500\u2500\u2500\u2518       \u2502       \u2514\u2500\u2500\u2500\u2500\u2500\u2500\u2500\u2500\u2500\u2500\u2500\u2500\u2500\u2518\u2514\u2500\u2500\u2500\u2500\u2500\u2500\u252c\u2500\u2500\u2500\u2500\u2500\u2500\u2518                                                            \u2514\u2500\u2500\u2500\u2500\u2500\u2500\u252c\u2500\u2500\u2500\u2500\u2500\u2500\u2518       \u2502                                                    \u2514\u2500\u2500\u2500\u2500\u2500\u2500\u252c\u2500\u2500\u2500\u2500\u2500\u2500\u2518       \u2502       \n               \u250c\u2500\u2500\u2500\u2500\u2500\u2500\u2534\u2500\u2500\u2500\u2500\u2500\u2500\u2510\u250c\u2500\u2500\u2500\u2500\u2500\u2500\u2534\u2500\u2500\u2500\u2500\u2500\u2500\u2510               \u250c\u2500\u2500\u2500\u2500\u2500\u2500\u2534\u2500\u2500\u2500\u2500\u2500\u2500\u2510                                                            \u250c\u2500\u2500\u2500\u2500\u2500\u2500\u2534\u2500\u2500\u2500\u2500\u2500\u2500\u2510\u250c\u2500\u2500\u2500\u2500\u2500\u2500\u2534\u2500\u2500\u2500\u2500\u2500\u2500\u2510                                             \u250c\u2500\u2500\u2500\u2500\u2500\u2500\u2534\u2500\u2500\u2500\u2500\u2500\u2500\u2510\u250c\u2500\u2500\u2500\u2500\u2500\u2500\u2534\u2500\u2500\u2500\u2500\u2500\u2500\u2510\n               \u2502  SEQ_SCAN   \u2502\u2502  SEQ_SCAN   \u2502               \u2502  HASH_JOIN  \u2502                                                            \u2502  DELIM_SCAN \u2502\u2502  HASH_JOIN  \u2502                                             \u2502  SEQ_SCAN   \u2502\u2502    FILTER   \u2502\n               \u2502    \u2500\u2500\u2500\u2500\u2500\u2500   \u2502\u2502    \u2500\u2500\u2500\u2500\u2500\u2500   \u2502               \u2502    \u2500\u2500\u2500\u2500\u2500\u2500   \u2502                                                            \u2502    \u2500\u2500\u2500\u2500\u2500\u2500   \u2502\u2502    \u2500\u2500\u2500\u2500\u2500\u2500   \u2502                                             \u2502    \u2500\u2500\u2500\u2500\u2500\u2500   \u2502\u2502    \u2500\u2500\u2500\u2500\u2500\u2500   \u2502\n               \u2502    Table:   \u2502\u2502    Table:   \u2502               \u2502  Join Type: \u2502                                                            \u2502 Delim Index:\u2502\u2502  Join Type: \u2502                                             \u2502    Table:   \u2502\u2502  (d_date_sk \u2502\n               \u2502   customer  \u2502\u2502customer_addr\u2502               \u2502    INNER    \u2502                                                            \u2502      2      \u2502\u2502    INNER    \u2502                                             \u2502catalog_sales\u2502\u2502    BETWEEN  \u2502\n               \u2502             \u2502\u2502     ess     \u2502               \u2502             \u2502                                                            \u2502             \u2502\u2502             \u2502                                             \u2502             \u2502\u2502  2450815 AND\u2502\n               \u2502    Type:    \u2502\u2502             \u2502               \u2502 Conditions: \u2502                                                            \u2502             \u2502\u2502 Conditions: \u2502                                             \u2502    Type:    \u2502\u2502   2452653)  \u2502\n               \u2502  Sequential \u2502\u2502    Type:    \u2502               \u2502c_customer_sk\u2502                                                            \u2502             \u2502\u2502ws_sold_date_\u2502                                             \u2502  Sequential \u2502\u2502             \u2502\n               \u2502     Scan    \u2502\u2502  Sequential \u2502               \u2502 = ss_custome\u2502                                                            \u2502             \u2502\u2502sk = d_date_s\u2502                                             \u2502     Scan    \u2502\u2502             \u2502\n               \u2502             \u2502\u2502     Scan    \u2502               \u2502     r_sk    \u251c\u2500\u2500\u2500\u2500\u2500\u2500\u2500\u2510                                                    \u2502             \u2502\u2502      k      \u251c\u2500\u2500\u2500\u2500\u2500\u2500\u2500\u2510                                     \u2502             \u2502\u2502             \u2502\n               \u2502 Projections:\u2502\u2502             \u2502               \u2502             \u2502       \u2502                                                    \u2502             \u2502\u2502             \u2502       \u2502                                     \u2502 Projections:\u2502\u2502             \u2502\n               \u2502c_current_add\u2502\u2502 Projections:\u2502               \u2502             \u2502       \u2502                                                    \u2502             \u2502\u2502             \u2502       \u2502                                     \u2502cs_ship_custo\u2502\u2502             \u2502\n               \u2502     r_sk    \u2502\u2502ca_address_sk\u2502               \u2502             \u2502       \u2502                                                    \u2502             \u2502\u2502             \u2502       \u2502                                     \u2502    mer_sk   \u2502\u2502             \u2502\n               \u2502c_current_cde\u2502\u2502   ca_state  \u2502               \u2502             \u2502       \u2502                                                    \u2502             \u2502\u2502             \u2502       \u2502                                     \u2502cs_sold_date_\u2502\u2502             \u2502\n               \u2502    mo_sk    \u2502\u2502             \u2502               \u2502             \u2502       \u2502                                                    \u2502             \u2502\u2502             \u2502       \u2502                                     \u2502      sk     \u2502\u2502             \u2502\n               \u2502c_customer_sk\u2502\u2502             \u2502               \u2502             \u2502       \u2502                                                    \u2502             \u2502\u2502             \u2502       \u2502                                     \u2502             \u2502\u2502             \u2502\n               \u2502             \u2502\u2502             \u2502               \u2502             \u2502       \u2502                                                    \u2502             \u2502\u2502             \u2502       \u2502                                     \u2502             \u2502\u2502             \u2502\n               \u2502~500,000 rows\u2502\u2502~250,000 rows\u2502               \u2502~167,715 rows\u2502       \u2502                                                    \u2502 ~75,736 rows\u2502\u2502 ~57,640 rows\u2502       \u2502                                     \u2502~14,401,...  \u2502\u2502  ~585 rows  \u2502\n               \u2514\u2500\u2500\u2500\u2500\u2500\u2500\u2500\u2500\u2500\u2500\u2500\u2500\u2500\u2518\u2514\u2500\u2500\u2500\u2500\u2500\u2500\u2500\u2500\u2500\u2500\u2500\u2500\u2500\u2518               \u2514\u2500\u2500\u2500\u2500\u2500\u2500\u252c\u2500\u2500\u2500\u2500\u2500\u2500\u2518       \u2502                                                    \u2514\u2500\u2500\u2500\u2500\u2500\u2500\u2500\u2500\u2500\u2500\u2500\u2500\u2500\u2518\u2514\u2500\u2500\u2500\u2500\u2500\u2500\u252c\u2500\u2500\u2500\u2500\u2500\u2500\u2518       \u2502                                     \u2514\u2500\u2500\u2500\u2500\u2500\u2500\u2500\u2500\u2500\u2500\u2500\u2500\u2500\u2518\u2514\u2500\u2500\u2500\u2500\u2500\u2500\u252c\u2500\u2500\u2500\u2500\u2500\u2500\u2518\n                                                            \u250c\u2500\u2500\u2500\u2500\u2500\u2500\u2534\u2500\u2500\u2500\u2500\u2500\u2500\u2510\u250c\u2500\u2500\u2500\u2500\u2500\u2500\u2534\u2500\u2500\u2500\u2500\u2500\u2500\u2510                                                            \u250c\u2500\u2500\u2500\u2500\u2500\u2500\u2534\u2500\u2500\u2500\u2500\u2500\u2500\u2510\u250c\u2500\u2500\u2500\u2500\u2500\u2500\u2534\u2500\u2500\u2500\u2500\u2500\u2500\u2510                                             \u250c\u2500\u2500\u2500\u2500\u2500\u2500\u2534\u2500\u2500\u2500\u2500\u2500\u2500\u2510\n                                                            \u2502  DELIM_SCAN \u2502\u2502  HASH_JOIN  \u2502                                                            \u2502  SEQ_SCAN   \u2502\u2502    FILTER   \u2502                                             \u2502  SEQ_SCAN   \u2502\n                                                            \u2502    \u2500\u2500\u2500\u2500\u2500\u2500   \u2502\u2502    \u2500\u2500\u2500\u2500\u2500\u2500   \u2502                                                            \u2502    \u2500\u2500\u2500\u2500\u2500\u2500   \u2502\u2502    \u2500\u2500\u2500\u2500\u2500\u2500   \u2502                                             \u2502    \u2500\u2500\u2500\u2500\u2500\u2500   \u2502\n                                                            \u2502 Delim Index:\u2502\u2502  Join Type: \u2502                                                            \u2502    Table:   \u2502\u2502  (d_date_sk \u2502                                             \u2502    Table:   \u2502\n                                                            \u2502      1      \u2502\u2502    INNER    \u2502                                                            \u2502  web_sales  \u2502\u2502    BETWEEN  \u2502                                             \u2502   date_dim  \u2502\n                                                            \u2502             \u2502\u2502             \u2502                                                            \u2502             \u2502\u2502  2450816 AND\u2502                                             \u2502             \u2502\n                                                            \u2502             \u2502\u2502 Conditions: \u2502                                                            \u2502    Type:    \u2502\u2502   2452642)  \u2502                                             \u2502    Type:    \u2502\n                                                            \u2502             \u2502\u2502ss_sold_date_\u2502                                                            \u2502  Sequential \u2502\u2502             \u2502                                             \u2502  Sequential \u2502\n                                                            \u2502             \u2502\u2502sk = d_date_s\u2502                                                            \u2502     Scan    \u2502\u2502             \u2502                                             \u2502     Scan    \u2502\n                                                            \u2502             \u2502\u2502      k      \u251c\u2500\u2500\u2500\u2500\u2500\u2500\u2500\u2510                                                    \u2502             \u2502\u2502             \u2502                                             \u2502             \u2502\n                                                            \u2502             \u2502\u2502             \u2502       \u2502                                                    \u2502 Projections:\u2502\u2502             \u2502                                             \u2502 Projections:\u2502\n                                                            \u2502             \u2502\u2502             \u2502       \u2502                                                    \u2502ws_bill_custo\u2502\u2502             \u2502                                             \u2502  d_date_sk  \u2502\n                                                            \u2502             \u2502\u2502             \u2502       \u2502                                                    \u2502    mer_sk   \u2502\u2502             \u2502                                             \u2502             \u2502\n                                                            \u2502             \u2502\u2502             \u2502       \u2502                                                    \u2502ws_sold_date_\u2502\u2502             \u2502                                             \u2502   Filters:  \u2502\n                                                            \u2502             \u2502\u2502             \u2502       \u2502                                                    \u2502      sk     \u2502\u2502             \u2502                                             \u2502 d_year=2001 \u2502\n                                                            \u2502             \u2502\u2502             \u2502       \u2502                                                    \u2502             \u2502\u2502             \u2502                                             \u2502   d_qoy<4   \u2502\n                                                            \u2502             \u2502\u2502             \u2502       \u2502                                                    \u2502             \u2502\u2502             \u2502                                             \u2502             \u2502\n                                                            \u2502~280,065 rows\u2502\u2502~230,647 rows\u2502       \u2502                                                    \u2502~7,197,5...  \u2502\u2502  ~585 rows  \u2502                                             \u2502  ~585 rows  \u2502\n                                                            \u2514\u2500\u2500\u2500\u2500\u2500\u2500\u2500\u2500\u2500\u2500\u2500\u2500\u2500\u2518\u2514\u2500\u2500\u2500\u2500\u2500\u2500\u252c\u2500\u2500\u2500\u2500\u2500\u2500\u2518       \u2502                                                    \u2514\u2500\u2500\u2500\u2500\u2500\u2500\u2500\u2500\u2500\u2500\u2500\u2500\u2500\u2518\u2514\u2500\u2500\u2500\u2500\u2500\u2500\u252c\u2500\u2500\u2500\u2500\u2500\u2500\u2518                                             \u2514\u2500\u2500\u2500\u2500\u2500\u2500\u2500\u2500\u2500\u2500\u2500\u2500\u2500\u2518\n                                                                           \u250c\u2500\u2500\u2500\u2500\u2500\u2500\u2534\u2500\u2500\u2500\u2500\u2500\u2500\u2510\u250c\u2500\u2500\u2500\u2500\u2500\u2500\u2534\u2500\u2500\u2500\u2500\u2500\u2500\u2510                                                            \u250c\u2500\u2500\u2500\u2500\u2500\u2500\u2534\u2500\u2500\u2500\u2500\u2500\u2500\u2510\n                                                                           \u2502  SEQ_SCAN   \u2502\u2502    FILTER   \u2502                                                            \u2502  SEQ_SCAN   \u2502\n                                                                           \u2502    \u2500\u2500\u2500\u2500\u2500\u2500   \u2502\u2502    \u2500\u2500\u2500\u2500\u2500\u2500   \u2502                                                            \u2502    \u2500\u2500\u2500\u2500\u2500\u2500   \u2502\n                                                                           \u2502    Table:   \u2502\u2502  (d_date_sk \u2502                                                            \u2502    Table:   \u2502\n                                                                           \u2502 store_sales \u2502\u2502    BETWEEN  \u2502                                                            \u2502   date_dim  \u2502\n                                                                           \u2502             \u2502\u2502  2450816 AND\u2502                                                            \u2502             \u2502\n                                                                           \u2502    Type:    \u2502\u2502   2452642)  \u2502                                                            \u2502    Type:    \u2502\n                                                                           \u2502  Sequential \u2502\u2502             \u2502                                                            \u2502  Sequential \u2502\n                                                                           \u2502     Scan    \u2502\u2502             \u2502                                                            \u2502     Scan    \u2502\n                                                                           \u2502             \u2502\u2502             \u2502                                                            \u2502             \u2502\n                                                                           \u2502 Projections:\u2502\u2502             \u2502                                                            \u2502 Projections:\u2502\n                                                                           \u2502ss_customer_s\u2502\u2502             \u2502                                                            \u2502  d_date_sk  \u2502\n                                                                           \u2502      k      \u2502\u2502             \u2502                                                            \u2502             \u2502\n                                                                           \u2502ss_sold_date_\u2502\u2502             \u2502                                                            \u2502   Filters:  \u2502\n                                                                           \u2502      sk     \u2502\u2502             \u2502                                                            \u2502 d_year=2001 \u2502\n                                                                           \u2502             \u2502\u2502             \u2502                                                            \u2502   d_qoy<4   \u2502\n                                                                           \u2502             \u2502\u2502             \u2502                                                            \u2502             \u2502\n                                                                           \u2502~28,800,...  \u2502\u2502  ~585 rows  \u2502                                                            \u2502  ~585 rows  \u2502\n                                                                           \u2514\u2500\u2500\u2500\u2500\u2500\u2500\u2500\u2500\u2500\u2500\u2500\u2500\u2500\u2518\u2514\u2500\u2500\u2500\u2500\u2500\u2500\u252c\u2500\u2500\u2500\u2500\u2500\u2500\u2518                                                            \u2514\u2500\u2500\u2500\u2500\u2500\u2500\u2500\u2500\u2500\u2500\u2500\u2500\u2500\u2518\n                                                                                          \u250c\u2500\u2500\u2500\u2500\u2500\u2500\u2534\u2500\u2500\u2500\u2500\u2500\u2500\u2510\n                                                                                          \u2502  SEQ_SCAN   \u2502\n                                                                                          \u2502    \u2500\u2500\u2500\u2500\u2500\u2500   \u2502\n                                                                                          \u2502    Table:   \u2502\n                                                                                          \u2502   date_dim  \u2502\n                                                                                          \u2502             \u2502\n                                                                                          \u2502    Type:    \u2502\n                                                                                          \u2502  Sequential \u2502\n                                                                                          \u2502     Scan    \u2502\n                                                                                          \u2502             \u2502\n                                                                                          \u2502 Projections:\u2502\n                                                                                          \u2502  d_date_sk  \u2502\n                                                                                          \u2502             \u2502\n                                                                                          \u2502   Filters:  \u2502\n                                                                                          \u2502 d_year=2001 \u2502\n                                                                                          \u2502   d_qoy<4   \u2502\n                                                                                          \u2502             \u2502\n                                                                                          \u2502  ~585 rows  \u2502\n                                                                                          \u2514\u2500\u2500\u2500\u2500\u2500\u2500\u2500\u2500\u2500\u2500\u2500\u2500\u2500\u2518\n",
  "plan_json": {
    "total_bytes_written": 0,
    "total_bytes_read": 0,
    "rows_returned": 0,
    "latency": 0.0,
    "result_set_size": 0,
    "query_name": "",
    "blocked_thread_time": 0.0,
    "system_peak_buffer_memory": 0,
    "system_peak_temp_dir_size": 0,
    "cpu_time": 0.0,
    "extra_info": {},
    "cumulative_cardinality": 0,
    "cumulative_rows_scanned": 0,
    "children": [
      {
        "total_bytes_written": 0,
        "total_bytes_read": 0,
        "result_set_size": 0,
        "operator_name": "EXPLAIN_ANALYZE",
        "cpu_time": 0.0,
        "extra_info": {},
        "cumulative_cardinality": 0,
        "operator_type": "EXPLAIN_ANALYZE",
        "operator_cardinality": 0,
        "cumulative_rows_scanned": 0,
        "operator_rows_scanned": 0,
        "operator_timing": 3.38e-07,
        "children": [
          {
            "total_bytes_written": 0,
            "total_bytes_read": 0,
            "result_set_size": 15600,
            "operator_name": "TOP_N",
            "cpu_time": 0.0,
            "extra_info": {
              "Top": "100",
              "Order By": [
                "ca.ca_state ASC",
                "tpcds_sf10_1.main.customer_demographics.cd_gender ASC",
                "tpcds_sf10_1.main.customer_demographics.cd_marital_status ASC",
                "tpcds_sf10_1.main.customer_demographics.cd_dep_count ASC",
                "tpcds_sf10_1.main.customer_demographics.cd_dep_employed_count ASC",
                "tpcds_sf10_1.main.customer_demographics.cd_dep_college_count ASC"
              ]
            },
            "cumulative_cardinality": 0,
            "operator_type": "TOP_N",
            "operator_cardinality": 100,
            "cumulative_rows_scanned": 0,
            "operator_rows_scanned": 0,
            "operator_timing": 0.0024183069999999993,
            "children": [
              {
                "total_bytes_written": 0,
                "total_bytes_read": 0,
                "result_set_size": 8981076,
                "operator_name": "PROJECTION",
                "cpu_time": 0.0,
                "extra_info": {
                  "Projections": [
                    "ca_state",
                    "cd_gender",
                    "cd_marital_status",
                    "cd_dep_count",
                    "cnt1",
                    "max(cd_dep_count)",
                    "sum(cd_dep_count)",
                    "max(cd_dep_count)",
                    "cd_dep_employed_count",
                    "cnt2",
                    "max(cd_dep_employed_count)",
                    "sum(cd_dep_employed_count)",
                    "max(cd_dep_employed_count)",
                    "cd_dep_college_count",
                    "cnt3",
                    "max(cd_dep_college_count)",
                    "sum(cd_dep_college_count)",
                    "max(cd_dep_college_count)"
                  ],
                  "Estimated Cardinality": "82127"
                },
                "cumulative_cardinality": 0,
                "operator_type": "PROJECTION",
                "operator_cardinality": 57571,
                "cumulative_rows_scanned": 0,
                "operator_rows_scanned": 0,
                "operator_timing": 2.6754e-05,
                "children": [
                  {
                    "total_bytes_written": 0,
                    "total_bytes_read": 0,
                    "result_set_size": 7369088,
                    "operator_name": "PROJECTION",
                    "cpu_time": 0.0,
                    "extra_info": {
                      "Projections": [
                        "__internal_decompress_string(#0)",
                        "__internal_decompress_string(#1)",
                        "__internal_decompress_string(#2)",
                        "#3",
                        "#4",
                        "#5",
                        "#6",
                        "#7",
                        "#8",
                        "#9",
                        "#10",
                        "#11",
                        "#12"
                      ],
                      "Estimated Cardinality": "82127"
                    },
                    "cumulative_cardinality": 0,
                    "operator_type": "PROJECTION",
                    "operator_cardinality": 57571,
                    "cumulative_rows_scanned": 0,
                    "operator_rows_scanned": 0,
                    "operator_timing": 0.001973766,
                    "children": [
                      {
                        "total_bytes_written": 0,
                        "total_bytes_read": 0,
                        "result_set_size": 4951106,
                        "operator_name": "HASH_GROUP_BY",
                        "cpu_time": 0.0,
                        "extra_info": {
                          "Groups": [
                            "#0",
                            "#1",
                            "#2",
                            "#3",
                            "#4",
                            "#5"
                          ],
                          "Aggregates": [
                            "count_star()",
                            "max(#6)",
                            "sum(#7)",
                            "max(#8)",
                            "sum(#9)",
                            "max(#10)",
                            "sum(#11)"
                          ],
                          "Estimated Cardinality": "82127"
                        },
                        "cumulative_cardinality": 0,
                        "operator_type": "HASH_GROUP_BY",
                        "operator_cardinality": 57571,
                        "cumulative_rows_scanned": 0,
                        "operator_rows_scanned": 0,
                        "operator_timing": 0.05206906399999999,
                        "children": [
                          {
                            "total_bytes_written": 0,
                            "total_bytes_read": 0,
                            "result_set_size": 3253278,
                            "operator_name": "PROJECTION",
                            "cpu_time": 0.0,
                            "extra_info": {
                              "Projections": [
                                "ca_state",
                                "cd_gender",
                                "cd_marital_status",
                                "cd_dep_count",
                                "cd_dep_employed_count",
                                "cd_dep_college_count",
                                "cd_dep_count",
                                "cd_dep_count",
                                "cd_dep_employed_count",
                                "cd_dep_employed_count",
                                "cd_dep_college_count",
                                "cd_dep_college_count"
                              ],
                              "Estimated Cardinality": "82127"
                            },
                            "cumulative_cardinality": 0,
                            "operator_type": "PROJECTION",
                            "operator_cardinality": 77459,
                            "cumulative_rows_scanned": 0,
                            "operator_rows_scanned": 0,
                            "operator_timing": 0.00010871399999999999,
                            "children": [
                              {
                                "total_bytes_written": 0,
                                "total_bytes_read": 0,
                                "result_set_size": 1394262,
                                "operator_name": "PROJECTION",
                                "cpu_time": 0.0,
                                "extra_info": {
                                  "Projections": [
                                    "__internal_compress_string_uinteger(#5)",
                                    "__internal_compress_string_utinyint(#0)",
                                    "__internal_compress_string_utinyint(#1)",
                                    "#2",
                                    "#3",
                                    "#4"
                                  ],
                                  "Estimated Cardinality": "82127"
                                },
                                "cumulative_cardinality": 0,
                                "operator_type": "PROJECTION",
                                "operator_cardinality": 77459,
                                "cumulative_rows_scanned": 0,
                                "operator_rows_scanned": 0,
                                "operator_timing": 0.006037844,
                                "children": [
                                  {
                                    "total_bytes_written": 0,
                                    "total_bytes_read": 0,
                                    "result_set_size": 4647540,
                                    "operator_name": "PROJECTION",
                                    "cpu_time": 0.0,
                                    "extra_info": {
                                      "Projections": [
                                        "#0",
                                        "#1",
                                        "#2",
                                        "#3",
                                        "#4",
                                        "#5"
                                      ],
                                      "Estimated Cardinality": "82127"
                                    },
                                    "cumulative_cardinality": 0,
                                    "operator_type": "PROJECTION",
                                    "operator_cardinality": 77459,
                                    "cumulative_rows_scanned": 0,
                                    "operator_rows_scanned": 0,
                                    "operator_timing": 9.5902e-05,
                                    "children": [
                                      {
                                        "total_bytes_written": 0,
                                        "total_bytes_read": 0,
                                        "result_set_size": 4802458,
                                        "operator_name": "FILTER",
                                        "cpu_time": 0.0,
                                        "extra_info": {
                                          "Expression": "(SUBQUERY OR SUBQUERY)",
                                          "Estimated Cardinality": "82127"
                                        },
                                        "cumulative_cardinality": 0,
                                        "operator_type": "FILTER",
                                        "operator_cardinality": 77459,
                                        "cumulative_rows_scanned": 0,
                                        "operator_rows_scanned": 0,
                                        "operator_timing": 0.003700119,
                                        "children": [
                                          {
                                            "total_bytes_written": 0,
                                            "total_bytes_read": 0,
                                            "result_set_size": 0,
                                            "operator_name": "LEFT_DELIM_JOIN",
                                            "cpu_time": 0.0,
                                            "extra_info": {
                                              "Join Type": "MARK",
                                              "Conditions": "c_customer_sk IS NOT DISTINCT FROM c_customer_sk",
                                              "Estimated Cardinality": "0",
                                              "Delim Index": "3"
                                            },
                                            "cumulative_cardinality": 0,
                                            "operator_type": "LEFT_DELIM_JOIN",
                                            "operator_cardinality": 0,
                                            "cumulative_rows_scanned": 0,
                                            "operator_rows_scanned": 0,
                                            "operator_timing": 0.046521398,
                                            "children": [
                                              {
                                                "total_bytes_written": 0,
                                                "total_bytes_read": 0,
                                                "result_set_size": 0,
                                                "operator_name": "LEFT_DELIM_JOIN",
                                                "cpu_time": 0.0,
                                                "extra_info": {
                                                  "Join Type": "MARK",
                                                  "Conditions": "c_customer_sk IS NOT DISTINCT FROM c_customer_sk",
                                                  "Estimated Cardinality": "82127",
                                                  "Delim Index": "2"
                                                },
                                                "cumulative_cardinality": 0,
                                                "operator_type": "LEFT_DELIM_JOIN",
                                                "operator_cardinality": 0,
                                                "cumulative_rows_scanned": 0,
                                                "operator_rows_scanned": 0,
                                                "operator_timing": 0.075828927,
                                                "children": [
                                                  {
                                                    "total_bytes_written": 0,
                                                    "total_bytes_read": 0,
                                                    "result_set_size": 0,
                                                    "operator_name": "LEFT_DELIM_JOIN",
                                                    "cpu_time": 0.0,
                                                    "extra_info": {
                                                      "Join Type": "SEMI",
                                                      "Conditions": "c_customer_sk IS NOT DISTINCT FROM c_customer_sk",
                                                      "Estimated Cardinality": "82127",
                                                      "Delim Index": "1"
                                                    },
                                                    "cumulative_cardinality": 0,
                                                    "operator_type": "LEFT_DELIM_JOIN",
                                                    "operator_cardinality": 0,
                                                    "cumulative_rows_scanned": 0,
                                                    "operator_rows_scanned": 0,
                                                    "operator_timing": 0.16462473200000002,
                                                    "children": [
                                                      {
                                                        "total_bytes_written": 0,
                                                        "total_bytes_read": 0,
                                                        "result_set_size": 30892608,
                                                        "operator_name": "HASH_JOIN",
                                                        "cpu_time": 0.0,
                                                        "extra_info": {
                                                          "Join Type": "INNER",
                                                          "Conditions": "cd_demo_sk = c_current_cdemo_sk",
                                                          "Estimated Cardinality": "410639"
                                                        },
                                                        "cumulative_cardinality": 0,
                                                        "operator_type": "HASH_JOIN",
                                                        "operator_cardinality": 482697,
                                                        "cumulative_rows_scanned": 0,
                                                        "operator_rows_scanned": 0,
                                                        "operator_timing": 0.10309469799999998,
                                                        "children": [
                                                          {
                                                            "total_bytes_written": 0,
                                                            "total_bytes_read": 0,
                                                            "result_set_size": 92197824,
                                                            "operator_name": "SEQ_SCAN ",
                                                            "cpu_time": 0.0,
                                                            "extra_info": {
                                                              "Table": "customer_demographics",
                                                              "Type": "Sequential Scan",
                                                              "Projections": [
                                                                "cd_demo_sk",
                                                                "cd_gender",
                                                                "cd_marital_status",
                                                                "cd_dep_count",
                                                                "cd_dep_employed_count",
                                                                "cd_dep_college_count"
                                                              ],
                                                              "Filters": "cd_demo_sk>=4 AND cd_demo_sk<=1920791",
                                                              "Estimated Cardinality": "1920800"
                                                            },
                                                            "cumulative_cardinality": 0,
                                                            "operator_type": "TABLE_SCAN",
                                                            "operator_cardinality": 1920788,
                                                            "cumulative_rows_scanned": 0,
                                                            "operator_rows_scanned": 30732800,
                                                            "operator_timing": 0.11247023499999999,
                                                            "children": []
                                                          },
                                                          {
                                                            "total_bytes_written": 0,
                                                            "total_bytes_read": 0,
                                                            "result_set_size": 12000000,
                                                            "operator_name": "HASH_JOIN",
                                                            "cpu_time": 0.0,
                                                            "extra_info": {
                                                              "Join Type": "INNER",
                                                              "Conditions": "c_current_addr_sk = ca_address_sk",
                                                              "Estimated Cardinality": "410639"
                                                            },
                                                            "cumulative_cardinality": 0,
                                                            "operator_type": "HASH_JOIN",
                                                            "operator_cardinality": 500000,
                                                            "cumulative_rows_scanned": 0,
                                                            "operator_rows_scanned": 0,
                                                            "operator_timing": 0.006032893999999999,
                                                            "children": [
                                                              {
                                                                "total_bytes_written": 0,
                                                                "total_bytes_read": 0,
                                                                "result_set_size": 6000000,
                                                                "operator_name": "SEQ_SCAN ",
                                                                "cpu_time": 0.0,
                                                                "extra_info": {
                                                                  "Table": "customer",
                                                                  "Type": "Sequential Scan",
                                                                  "Projections": [
                                                                    "c_current_addr_sk",
                                                                    "c_current_cdemo_sk",
                                                                    "c_customer_sk"
                                                                  ],
                                                                  "Estimated Cardinality": "500000"
                                                                },
                                                                "cumulative_cardinality": 0,
                                                                "operator_type": "TABLE_SCAN",
                                                                "operator_cardinality": 500000,
                                                                "cumulative_rows_scanned": 0,
                                                                "operator_rows_scanned": 2500000,
                                                                "operator_timing": 0.053717558999999984,
                                                                "children": []
                                                              },
                                                              {
                                                                "total_bytes_written": 0,
                                                                "total_bytes_read": 0,
                                                                "result_set_size": 5000000,
                                                                "operator_name": "SEQ_SCAN ",
                                                                "cpu_time": 0.0,
                                                                "extra_info": {
                                                                  "Table": "customer_address",
                                                                  "Type": "Sequential Scan",
                                                                  "Projections": [
                                                                    "ca_address_sk",
                                                                    "ca_state"
                                                                  ],
                                                                  "Estimated Cardinality": "250000"
                                                                },
                                                                "cumulative_cardinality": 0,
                                                                "operator_type": "TABLE_SCAN",
                                                                "operator_cardinality": 250000,
                                                                "cumulative_rows_scanned": 0,
                                                                "operator_rows_scanned": 750000,
                                                                "operator_timing": 0.008806482000000001,
                                                                "children": []
                                                              }
                                                            ]
                                                          }
                                                        ]
                                                      },
                                                      {
                                                        "total_bytes_written": 0,
                                                        "total_bytes_read": 0,
                                                        "result_set_size": 12807104,
                                                        "operator_name": "HASH_JOIN",
                                                        "cpu_time": 0.0,
                                                        "extra_info": {
                                                          "Join Type": "SEMI",
                                                          "Conditions": "c_customer_sk IS NOT DISTINCT FROM c_customer_sk",
                                                          "Estimated Cardinality": "82127"
                                                        },
                                                        "cumulative_cardinality": 0,
                                                        "operator_type": "HASH_JOIN",
                                                        "operator_cardinality": 200111,
                                                        "cumulative_rows_scanned": 0,
                                                        "operator_rows_scanned": 0,
                                                        "operator_timing": 0.27415762400000004,
                                                        "children": [
                                                          {
                                                            "total_bytes_written": 0,
                                                            "total_bytes_read": 0,
                                                            "result_set_size": 30892608,
                                                            "operator_name": "COLUMN_DATA_SCAN",
                                                            "cpu_time": 0.0,
                                                            "extra_info": {
                                                              "Estimated Cardinality": "82127"
                                                            },
                                                            "cumulative_cardinality": 0,
                                                            "operator_type": "COLUMN_DATA_SCAN",
                                                            "operator_cardinality": 482697,
                                                            "cumulative_rows_scanned": 0,
                                                            "operator_rows_scanned": 0,
                                                            "operator_timing": 0.002839132,
                                                            "children": []
                                                          },
                                                          {
                                                            "total_bytes_written": 0,
                                                            "total_bytes_read": 0,
                                                            "result_set_size": 11552940,
                                                            "operator_name": "PROJECTION",
                                                            "cpu_time": 0.0,
                                                            "extra_info": {
                                                              "Projections": "c_customer_sk",
                                                              "Estimated Cardinality": "167715"
                                                            },
                                                            "cumulative_cardinality": 0,
                                                            "operator_type": "PROJECTION",
                                                            "operator_cardinality": 2888235,
                                                            "cumulative_rows_scanned": 0,
                                                            "operator_rows_scanned": 0,
                                                            "operator_timing": 0.0003978660000000001,
                                                            "children": [
                                                              {
                                                                "total_bytes_written": 0,
                                                                "total_bytes_read": 0,
                                                                "result_set_size": 23105880,
                                                                "operator_name": "HASH_JOIN",
                                                                "cpu_time": 0.0,
                                                                "extra_info": {
                                                                  "Join Type": "INNER",
                                                                  "Conditions": "c_customer_sk = ss_customer_sk",
                                                                  "Estimated Cardinality": "167715"
                                                                },
                                                                "cumulative_cardinality": 0,
                                                                "operator_type": "HASH_JOIN",
                                                                "operator_cardinality": 2888235,
                                                                "cumulative_rows_scanned": 0,
                                                                "operator_rows_scanned": 0,
                                                                "operator_timing": 0.27851479300000004,
                                                                "children": [
                                                                  {
                                                                    "total_bytes_written": 0,
                                                                    "total_bytes_read": 0,
                                                                    "result_set_size": 0,
                                                                    "operator_name": "DELIM_SCAN",
                                                                    "cpu_time": 0.0,
                                                                    "extra_info": {
                                                                      "Delim Index": "1",
                                                                      "Estimated Cardinality": "280065"
                                                                    },
                                                                    "cumulative_cardinality": 0,
                                                                    "operator_type": "DELIM_SCAN",
                                                                    "operator_cardinality": 0,
                                                                    "cumulative_rows_scanned": 0,
                                                                    "operator_rows_scanned": 0,
                                                                    "operator_timing": 0.0,
                                                                    "children": []
                                                                  },
                                                                  {
                                                                    "total_bytes_written": 0,
                                                                    "total_bytes_read": 0,
                                                                    "result_set_size": 24523120,
                                                                    "operator_name": "HASH_JOIN",
                                                                    "cpu_time": 0.0,
                                                                    "extra_info": {
                                                                      "Join Type": "INNER",
                                                                      "Conditions": "ss_sold_date_sk = d_date_sk",
                                                                      "Estimated Cardinality": "230647"
                                                                    },
                                                                    "cumulative_cardinality": 0,
                                                                    "operator_type": "HASH_JOIN",
                                                                    "operator_cardinality": 3065390,
                                                                    "cumulative_rows_scanned": 0,
                                                                    "operator_rows_scanned": 0,
                                                                    "operator_timing": 0.017591343,
                                                                    "children": [
                                                                      {
                                                                        "total_bytes_written": 0,
                                                                        "total_bytes_read": 0,
                                                                        "result_set_size": 24523120,
                                                                        "operator_name": "SEQ_SCAN ",
                                                                        "cpu_time": 0.0,
                                                                        "extra_info": {
                                                                          "Table": "store_sales",
                                                                          "Type": "Sequential Scan",
                                                                          "Projections": [
                                                                            "ss_customer_sk",
                                                                            "ss_sold_date_sk"
                                                                          ],
                                                                          "Estimated Cardinality": "28800991"
                                                                        },
                                                                        "cumulative_cardinality": 0,
                                                                        "operator_type": "TABLE_SCAN",
                                                                        "operator_cardinality": 3065390,
                                                                        "cumulative_rows_scanned": 0,
                                                                        "operator_rows_scanned": 806427748,
                                                                        "operator_timing": 4.406806792,
                                                                        "children": []
                                                                      },
                                                                      {
                                                                        "total_bytes_written": 0,
                                                                        "total_bytes_read": 0,
                                                                        "result_set_size": 1096,
                                                                        "operator_name": "FILTER",
                                                                        "cpu_time": 0.0,
                                                                        "extra_info": {
                                                                          "Expression": "(d_date_sk BETWEEN 2450816 AND 2452642)",
                                                                          "Estimated Cardinality": "585"
                                                                        },
                                                                        "cumulative_cardinality": 0,
                                                                        "operator_type": "FILTER",
                                                                        "operator_cardinality": 274,
                                                                        "cumulative_rows_scanned": 0,
                                                                        "operator_rows_scanned": 0,
                                                                        "operator_timing": 1.7082e-05,
                                                                        "children": [
                                                                          {
                                                                            "total_bytes_written": 0,
                                                                            "total_bytes_read": 0,
                                                                            "result_set_size": 1096,
                                                                            "operator_name": "SEQ_SCAN ",
                                                                            "cpu_time": 0.0,
                                                                            "extra_info": {
                                                                              "Table": "date_dim",
                                                                              "Type": "Sequential Scan",
                                                                              "Projections": "d_date_sk",
                                                                              "Filters": [
                                                                                "d_year=2001",
                                                                                "d_qoy<4"
                                                                              ],
                                                                              "Estimated Cardinality": "585"
                                                                            },
                                                                            "cumulative_cardinality": 0,
                                                                            "operator_type": "TABLE_SCAN",
                                                                            "operator_cardinality": 274,
                                                                            "cumulative_rows_scanned": 0,
                                                                            "operator_rows_scanned": 73049,
                                                                            "operator_timing": 0.003218214,
                                                                            "children": []
                                                                          }
                                                                        ]
                                                                      }
                                                                    ]
                                                                  }
                                                                ]
                                                              }
                                                            ]
                                                          }
                                                        ]
                                                      },
                                                      {
                                                        "total_bytes_written": 0,
                                                        "total_bytes_read": 0,
                                                        "result_set_size": 1930788,
                                                        "operator_name": "HASH_GROUP_BY",
                                                        "cpu_time": 0.0,
                                                        "extra_info": {
                                                          "Groups": "#5",
                                                          "Aggregates": "",
                                                          "Estimated Cardinality": "280065"
                                                        },
                                                        "cumulative_cardinality": 0,
                                                        "operator_type": "HASH_GROUP_BY",
                                                        "operator_cardinality": 482697,
                                                        "cumulative_rows_scanned": 0,
                                                        "operator_rows_scanned": 0,
                                                        "operator_timing": 0.025982066999999998,
                                                        "children": []
                                                      }
                                                    ]
                                                  },
                                                  {
                                                    "total_bytes_written": 0,
                                                    "total_bytes_read": 0,
                                                    "result_set_size": 13007215,
                                                    "operator_name": "HASH_JOIN",
                                                    "cpu_time": 0.0,
                                                    "extra_info": {
                                                      "Join Type": "MARK",
                                                      "Conditions": "c_customer_sk IS NOT DISTINCT FROM c_customer_sk",
                                                      "Estimated Cardinality": "82127"
                                                    },
                                                    "cumulative_cardinality": 0,
                                                    "operator_type": "HASH_JOIN",
                                                    "operator_cardinality": 200111,
                                                    "cumulative_rows_scanned": 0,
                                                    "operator_rows_scanned": 0,
                                                    "operator_timing": 0.018282980999999993,
                                                    "children": [
                                                      {
                                                        "total_bytes_written": 0,
                                                        "total_bytes_read": 0,
                                                        "result_set_size": 12807104,
                                                        "operator_name": "COLUMN_DATA_SCAN",
                                                        "cpu_time": 0.0,
                                                        "extra_info": {
                                                          "Estimated Cardinality": "82127"
                                                        },
                                                        "cumulative_cardinality": 0,
                                                        "operator_type": "COLUMN_DATA_SCAN",
                                                        "operator_cardinality": 200111,
                                                        "cumulative_rows_scanned": 0,
                                                        "operator_rows_scanned": 0,
                                                        "operator_timing": 0.00113451,
                                                        "children": []
                                                      },
                                                      {
                                                        "total_bytes_written": 0,
                                                        "total_bytes_read": 0,
                                                        "result_set_size": 1294984,
                                                        "operator_name": "PROJECTION",
                                                        "cpu_time": 0.0,
                                                        "extra_info": {
                                                          "Projections": "c_customer_sk",
                                                          "Estimated Cardinality": "14341"
                                                        },
                                                        "cumulative_cardinality": 0,
                                                        "operator_type": "PROJECTION",
                                                        "operator_cardinality": 323746,
                                                        "cumulative_rows_scanned": 0,
                                                        "operator_rows_scanned": 0,
                                                        "operator_timing": 5.48e-05,
                                                        "children": [
                                                          {
                                                            "total_bytes_written": 0,
                                                            "total_bytes_read": 0,
                                                            "result_set_size": 2589968,
                                                            "operator_name": "HASH_JOIN",
                                                            "cpu_time": 0.0,
                                                            "extra_info": {
                                                              "Join Type": "INNER",
                                                              "Conditions": "c_customer_sk = ws_bill_customer_sk",
                                                              "Estimated Cardinality": "14341"
                                                            },
                                                            "cumulative_cardinality": 0,
                                                            "operator_type": "HASH_JOIN",
                                                            "operator_cardinality": 323746,
                                                            "cumulative_rows_scanned": 0,
                                                            "operator_rows_scanned": 0,
                                                            "operator_timing": 0.056830366,
                                                            "children": [
                                                              {
                                                                "total_bytes_written": 0,
                                                                "total_bytes_read": 0,
                                                                "result_set_size": 0,
                                                                "operator_name": "DELIM_SCAN",
                                                                "cpu_time": 0.0,
                                                                "extra_info": {
                                                                  "Delim Index": "2",
                                                                  "Estimated Cardinality": "75736"
                                                                },
                                                                "cumulative_cardinality": 0,
                                                                "operator_type": "DELIM_SCAN",
                                                                "operator_cardinality": 0,
                                                                "cumulative_rows_scanned": 0,
                                                                "operator_rows_scanned": 0,
                                                                "operator_timing": 0.0,
                                                                "children": []
                                                              },
                                                              {
                                                                "total_bytes_written": 0,
                                                                "total_bytes_read": 0,
                                                                "result_set_size": 6423096,
                                                                "operator_name": "HASH_JOIN",
                                                                "cpu_time": 0.0,
                                                                "extra_info": {
                                                                  "Join Type": "INNER",
                                                                  "Conditions": "ws_sold_date_sk = d_date_sk",
                                                                  "Estimated Cardinality": "57640"
                                                                },
                                                                "cumulative_cardinality": 0,
                                                                "operator_type": "HASH_JOIN",
                                                                "operator_cardinality": 802887,
                                                                "cumulative_rows_scanned": 0,
                                                                "operator_rows_scanned": 0,
                                                                "operator_timing": 0.005248381,
                                                                "children": [
                                                                  {
                                                                    "total_bytes_written": 0,
                                                                    "total_bytes_read": 0,
                                                                    "result_set_size": 6423096,
                                                                    "operator_name": "SEQ_SCAN ",
                                                                    "cpu_time": 0.0,
                                                                    "extra_info": {
                                                                      "Table": "web_sales",
                                                                      "Type": "Sequential Scan",
                                                                      "Projections": [
                                                                        "ws_bill_customer_sk",
                                                                        "ws_sold_date_sk"
                                                                      ],
                                                                      "Estimated Cardinality": "7197566"
                                                                    },
                                                                    "cumulative_cardinality": 0,
                                                                    "operator_type": "TABLE_SCAN",
                                                                    "operator_cardinality": 802887,
                                                                    "cumulative_rows_scanned": 0,
                                                                    "operator_rows_scanned": 201531848,
                                                                    "operator_timing": 1.099026997,
                                                                    "children": []
                                                                  },
                                                                  {
                                                                    "total_bytes_written": 0,
                                                                    "total_bytes_read": 0,
                                                                    "result_set_size": 1096,
                                                                    "operator_name": "FILTER",
                                                                    "cpu_time": 0.0,
                                                                    "extra_info": {
                                                                      "Expression": "(d_date_sk BETWEEN 2450816 AND 2452642)",
                                                                      "Estimated Cardinality": "585"
                                                                    },
                                                                    "cumulative_cardinality": 0,
                                                                    "operator_type": "FILTER",
                                                                    "operator_cardinality": 274,
                                                                    "cumulative_rows_scanned": 0,
                                                                    "operator_rows_scanned": 0,
                                                                    "operator_timing": 1.5285e-05,
                                                                    "children": [
                                                                      {
                                                                        "total_bytes_written": 0,
                                                                        "total_bytes_read": 0,
                                                                        "result_set_size": 1096,
                                                                        "operator_name": "SEQ_SCAN ",
                                                                        "cpu_time": 0.0,
                                                                        "extra_info": {
                                                                          "Table": "date_dim",
                                                                          "Type": "Sequential Scan",
                                                                          "Projections": "d_date_sk",
                                                                          "Filters": [
                                                                            "d_year=2001",
                                                                            "d_qoy<4"
                                                                          ],
                                                                          "Estimated Cardinality": "585"
                                                                        },
                                                                        "cumulative_cardinality": 0,
                                                                        "operator_type": "TABLE_SCAN",
                                                                        "operator_cardinality": 274,
                                                                        "cumulative_rows_scanned": 0,
                                                                        "operator_rows_scanned": 73049,
                                                                        "operator_timing": 0.003169609,
                                                                        "children": []
                                                                      }
                                                                    ]
                                                                  }
                                                                ]
                                                              }
                                                            ]
                                                          }
                                                        ]
                                                      }
                                                    ]
                                                  },
                                                  {
                                                    "total_bytes_written": 0,
                                                    "total_bytes_read": 0,
                                                    "result_set_size": 800444,
                                                    "operator_name": "HASH_GROUP_BY",
                                                    "cpu_time": 0.0,
                                                    "extra_info": {
                                                      "Groups": "#5",
                                                      "Aggregates": "",
                                                      "Estimated Cardinality": "75736"
                                                    },
                                                    "cumulative_cardinality": 0,
                                                    "operator_type": "HASH_GROUP_BY",
                                                    "operator_cardinality": 200111,
                                                    "cumulative_rows_scanned": 0,
                                                    "operator_rows_scanned": 0,
                                                    "operator_timing": 0.011842321999999999,
                                                    "children": []
                                                  }
                                                ]
                                              },
                                              {
                                                "total_bytes_written": 0,
                                                "total_bytes_read": 0,
                                                "result_set_size": 12406882,
                                                "operator_name": "HASH_JOIN",
                                                "cpu_time": 0.0,
                                                "extra_info": {
                                                  "Join Type": "MARK",
                                                  "Conditions": "c_customer_sk IS NOT DISTINCT FROM c_customer_sk",
                                                  "Estimated Cardinality": "0"
                                                },
                                                "cumulative_cardinality": 0,
                                                "operator_type": "HASH_JOIN",
                                                "operator_cardinality": 200111,
                                                "cumulative_rows_scanned": 0,
                                                "operator_rows_scanned": 0,
                                                "operator_timing": 0.04062758899999999,
                                                "children": [
                                                  {
                                                    "total_bytes_written": 0,
                                                    "total_bytes_read": 0,
                                                    "result_set_size": 13007215,
                                                    "operator_name": "COLUMN_DATA_SCAN",
                                                    "cpu_time": 0.0,
                                                    "extra_info": {
                                                      "Estimated Cardinality": "0"
                                                    },
                                                    "cumulative_cardinality": 0,
                                                    "operator_type": "COLUMN_DATA_SCAN",
                                                    "operator_cardinality": 200111,
                                                    "cumulative_rows_scanned": 0,
                                                    "operator_rows_scanned": 0,
                                                    "operator_timing": 0.001186468,
                                                    "children": []
                                                  },
                                                  {
                                                    "total_bytes_written": 0,
                                                    "total_bytes_read": 0,
                                                    "result_set_size": 2541800,
                                                    "operator_name": "PROJECTION",
                                                    "cpu_time": 0.0,
                                                    "extra_info": {
                                                      "Projections": "c_customer_sk",
                                                      "Estimated Cardinality": "26902"
                                                    },
                                                    "cumulative_cardinality": 0,
                                                    "operator_type": "PROJECTION",
                                                    "operator_cardinality": 635450,
                                                    "cumulative_rows_scanned": 0,
                                                    "operator_rows_scanned": 0,
                                                    "operator_timing": 9.166e-05,
                                                    "children": [
                                                      {
                                                        "total_bytes_written": 0,
                                                        "total_bytes_read": 0,
                                                        "result_set_size": 5083600,
                                                        "operator_name": "HASH_JOIN",
                                                        "cpu_time": 0.0,
                                                        "extra_info": {
                                                          "Join Type": "INNER",
                                                          "Conditions": "cs_ship_customer_sk = c_customer_sk",
                                                          "Estimated Cardinality": "26902"
                                                        },
                                                        "cumulative_cardinality": 0,
                                                        "operator_type": "HASH_JOIN",
                                                        "operator_cardinality": 635450,
                                                        "cumulative_rows_scanned": 0,
                                                        "operator_rows_scanned": 0,
                                                        "operator_timing": 0.006394309000000001,
                                                        "children": [
                                                          {
                                                            "total_bytes_written": 0,
                                                            "total_bytes_read": 0,
                                                            "result_set_size": 12722952,
                                                            "operator_name": "HASH_JOIN",
                                                            "cpu_time": 0.0,
                                                            "extra_info": {
                                                              "Join Type": "INNER",
                                                              "Conditions": "cs_sold_date_sk = d_date_sk",
                                                              "Estimated Cardinality": "115329"
                                                            },
                                                            "cumulative_cardinality": 0,
                                                            "operator_type": "HASH_JOIN",
                                                            "operator_cardinality": 1590369,
                                                            "cumulative_rows_scanned": 0,
                                                            "operator_rows_scanned": 0,
                                                            "operator_timing": 0.003178911,
                                                            "children": [
                                                              {
                                                                "total_bytes_written": 0,
                                                                "total_bytes_read": 0,
                                                                "result_set_size": 12722952,
                                                                "operator_name": "SEQ_SCAN ",
                                                                "cpu_time": 0.0,
                                                                "extra_info": {
                                                                  "Table": "catalog_sales",
                                                                  "Type": "Sequential Scan",
                                                                  "Projections": [
                                                                    "cs_ship_customer_sk",
                                                                    "cs_sold_date_sk"
                                                                  ],
                                                                  "Estimated Cardinality": "14401261"
                                                                },
                                                                "cumulative_cardinality": 0,
                                                                "operator_type": "TABLE_SCAN",
                                                                "operator_cardinality": 1590369,
                                                                "cumulative_rows_scanned": 0,
                                                                "operator_rows_scanned": 403235308,
                                                                "operator_timing": 0.22194828600000002,
                                                                "children": []
                                                              },
                                                              {
                                                                "total_bytes_written": 0,
                                                                "total_bytes_read": 0,
                                                                "result_set_size": 1096,
                                                                "operator_name": "FILTER",
                                                                "cpu_time": 0.0,
                                                                "extra_info": {
                                                                  "Expression": "(d_date_sk BETWEEN 2450815 AND 2452653)",
                                                                  "Estimated Cardinality": "585"
                                                                },
                                                                "cumulative_cardinality": 0,
                                                                "operator_type": "FILTER",
                                                                "operator_cardinality": 274,
                                                                "cumulative_rows_scanned": 0,
                                                                "operator_rows_scanned": 0,
                                                                "operator_timing": 1.3817e-05,
                                                                "children": [
                                                                  {
                                                                    "total_bytes_written": 0,
                                                                    "total_bytes_read": 0,
                                                                    "result_set_size": 1096,
                                                                    "operator_name": "SEQ_SCAN ",
                                                                    "cpu_time": 0.0,
                                                                    "extra_info": {
                                                                      "Table": "date_dim",
                                                                      "Type": "Sequential Scan",
                                                                      "Projections": "d_date_sk",
                                                                      "Filters": [
                                                                        "d_year=2001",
                                                                        "d_qoy<4"
                                                                      ],
                                                                      "Estimated Cardinality": "585"
                                                                    },
                                                                    "cumulative_cardinality": 0,
                                                                    "operator_type": "TABLE_SCAN",
                                                                    "operator_cardinality": 274,
                                                                    "cumulative_rows_scanned": 0,
                                                                    "operator_rows_scanned": 73049,
                                                                    "operator_timing": 0.0030367849999999997,
                                                                    "children": []
                                                                  }
                                                                ]
                                                              }
                                                            ]
                                                          },
                                                          {
                                                            "total_bytes_written": 0,
                                                            "total_bytes_read": 0,
                                                            "result_set_size": 0,
                                                            "operator_name": "DELIM_SCAN",
                                                            "cpu_time": 0.0,
                                                            "extra_info": {
                                                              "Delim Index": "3",
                                                              "Estimated Cardinality": "75736"
                                                            },
                                                            "cumulative_cardinality": 0,
                                                            "operator_type": "DELIM_SCAN",
                                                            "operator_cardinality": 0,
                                                            "cumulative_rows_scanned": 0,
                                                            "operator_rows_scanned": 0,
                                                            "operator_timing": 0.0,
                                                            "children": []
                                                          }
                                                        ]
                                                      }
                                                    ]
                                                  }
                                                ]
                                              },
                                              {
                                                "total_bytes_written": 0,
                                                "total_bytes_read": 0,
                                                "result_set_size": 800444,
                                                "operator_name": "HASH_GROUP_BY",
                                                "cpu_time": 0.0,
                                                "extra_info": {
                                                  "Groups": "#5",
                                                  "Aggregates": "",
                                                  "Estimated Cardinality": "75736"
                                                },
                                                "cumulative_cardinality": 0,
                                                "operator_type": "HASH_GROUP_BY",
                                                "operator_cardinality": 200111,
                                                "cumulative_rows_scanned": 0,
                                                "operator_rows_scanned": 0,
                                                "operator_timing": 0.008168684999999998,
                                                "children": []
                                              }
                                            ]
                                          }
                                        ]
                                      }
                                    ]
                                  }
                                ]
                              }
                            ]
                          }
                        ]
                      }
                    ]
                  }
                ]
              }
            ]
          }
        ]
      }
    ]
  },
  "actual_rows": 0,
  "provenance": {
    "database": "/mnt/d/TPC-DS/tpcds_sf10.duckdb",
    "scale_factor": 10,
    "engine": "duckdb",
    "engine_version": "1.4.3",
    "cached_at": "2026-02-08T10:21:01.789373"
  }
}