{
  "execution_time_ms": 568.0,
  "plan_text": "\u250c\u2500\u2500\u2500\u2500\u2500\u2500\u2500\u2500\u2500\u2500\u2500\u2500\u2500\u2500\u2500\u2500\u2500\u2500\u2500\u2500\u2500\u2500\u2500\u2500\u2500\u2500\u2500\u2500\u2500\u2500\u2500\u2500\u2500\u2500\u2500\u2500\u2500\u2510\n\u2502\u250c\u2500\u2500\u2500\u2500\u2500\u2500\u2500\u2500\u2500\u2500\u2500\u2500\u2500\u2500\u2500\u2500\u2500\u2500\u2500\u2500\u2500\u2500\u2500\u2500\u2500\u2500\u2500\u2500\u2500\u2500\u2500\u2500\u2500\u2500\u2500\u2510\u2502\n\u2502\u2502    Query Profiling Information    \u2502\u2502\n\u2502\u2514\u2500\u2500\u2500\u2500\u2500\u2500\u2500\u2500\u2500\u2500\u2500\u2500\u2500\u2500\u2500\u2500\u2500\u2500\u2500\u2500\u2500\u2500\u2500\u2500\u2500\u2500\u2500\u2500\u2500\u2500\u2500\u2500\u2500\u2500\u2500\u2518\u2502\n\u2514\u2500\u2500\u2500\u2500\u2500\u2500\u2500\u2500\u2500\u2500\u2500\u2500\u2500\u2500\u2500\u2500\u2500\u2500\u2500\u2500\u2500\u2500\u2500\u2500\u2500\u2500\u2500\u2500\u2500\u2500\u2500\u2500\u2500\u2500\u2500\u2500\u2500\u2518\nEXPLAIN ANALYZE -- start query 56 in stream 0 using template query56.tpl with ss as (  select i_item_id,sum(ss_ext_sales_price) total_sales  from  \tstore_sales,  \tdate_dim,          customer_address,          item  where i_item_id in (select      i_item_id from item where i_color in ('powder','green','cyan'))  and     ss_item_sk              = i_item_sk  and     ss_sold_date_sk         = d_date_sk  and     d_year                  = 2000  and     d_moy                   = 2  and     ss_addr_sk              = ca_address_sk  and     ca_gmt_offset           = -6   group by i_item_id),  cs as (  select i_item_id,sum(cs_ext_sales_price) total_sales  from  \tcatalog_sales,  \tdate_dim,          customer_address,          item  where          i_item_id               in (select   i_item_id from item where i_color in ('powder','green','cyan'))  and     cs_item_sk              = i_item_sk  and     cs_sold_date_sk         = d_date_sk  and     d_year                  = 2000  and     d_moy                   = 2  and     cs_bill_addr_sk         = ca_address_sk  and     ca_gmt_offset           = -6   group by i_item_id),  ws as (  select i_item_id,sum(ws_ext_sales_price) total_sales  from  \tweb_sales,  \tdate_dim,          customer_address,          item  where          i_item_id               in (select   i_item_id from item where i_color in ('powder','green','cyan'))  and     ws_item_sk              = i_item_sk  and     ws_sold_date_sk         = d_date_sk  and     d_year                  = 2000  and     d_moy                   = 2  and     ws_bill_addr_sk         = ca_address_sk  and     ca_gmt_offset           = -6  group by i_item_id)   select i_item_id ,sum(total_sales) total_sales  from  (select * from ss          union all         select * from cs          union all         select * from ws) tmp1  group by i_item_id  order by total_sales,           i_item_id  LIMIT 100;  -- end query 56 in stream 0 using template query56.tpl\n\u250c\u2500\u2500\u2500\u2500\u2500\u2500\u2500\u2500\u2500\u2500\u2500\u2500\u2500\u2500\u2500\u2500\u2500\u2500\u2500\u2500\u2500\u2500\u2500\u2500\u2500\u2500\u2500\u2500\u2500\u2500\u2500\u2500\u2500\u2500\u2500\u2500\u2500\u2500\u2500\u2500\u2500\u2500\u2500\u2500\u2500\u2500\u2500\u2500\u2510\n\u2502\u250c\u2500\u2500\u2500\u2500\u2500\u2500\u2500\u2500\u2500\u2500\u2500\u2500\u2500\u2500\u2500\u2500\u2500\u2500\u2500\u2500\u2500\u2500\u2500\u2500\u2500\u2500\u2500\u2500\u2500\u2500\u2500\u2500\u2500\u2500\u2500\u2500\u2500\u2500\u2500\u2500\u2500\u2500\u2500\u2500\u2500\u2500\u2510\u2502\n\u2502\u2502              Total Time: 0.568s              \u2502\u2502\n\u2502\u2514\u2500\u2500\u2500\u2500\u2500\u2500\u2500\u2500\u2500\u2500\u2500\u2500\u2500\u2500\u2500\u2500\u2500\u2500\u2500\u2500\u2500\u2500\u2500\u2500\u2500\u2500\u2500\u2500\u2500\u2500\u2500\u2500\u2500\u2500\u2500\u2500\u2500\u2500\u2500\u2500\u2500\u2500\u2500\u2500\u2500\u2500\u2518\u2502\n\u2514\u2500\u2500\u2500\u2500\u2500\u2500\u2500\u2500\u2500\u2500\u2500\u2500\u2500\u2500\u2500\u2500\u2500\u2500\u2500\u2500\u2500\u2500\u2500\u2500\u2500\u2500\u2500\u2500\u2500\u2500\u2500\u2500\u2500\u2500\u2500\u2500\u2500\u2500\u2500\u2500\u2500\u2500\u2500\u2500\u2500\u2500\u2500\u2500\u2518\n\u250c\u2500\u2500\u2500\u2500\u2500\u2500\u2500\u2500\u2500\u2500\u2500\u2500\u2500\u2510\n\u2502    QUERY    \u2502\n\u2514\u2500\u2500\u2500\u2500\u2500\u2500\u252c\u2500\u2500\u2500\u2500\u2500\u2500\u2518\n\u250c\u2500\u2500\u2500\u2500\u2500\u2500\u2534\u2500\u2500\u2500\u2500\u2500\u2500\u2510\n\u2502EXPLAIN_...  \u2502\n\u2502    \u2500\u2500\u2500\u2500\u2500\u2500   \u2502\n\u2502    0 rows   \u2502\n\u2502   (0.00s)   \u2502\n\u2514\u2500\u2500\u2500\u2500\u2500\u2500\u252c\u2500\u2500\u2500\u2500\u2500\u2500\u2518\n\u250c\u2500\u2500\u2500\u2500\u2500\u2500\u2534\u2500\u2500\u2500\u2500\u2500\u2500\u2510\n\u2502    TOP_N    \u2502\n\u2502    \u2500\u2500\u2500\u2500\u2500\u2500   \u2502\n\u2502     Top:    \u2502\n\u2502     100     \u2502\n\u2502             \u2502\n\u2502  Order By:  \u2502\n\u2502   sum(tmp1  \u2502\n\u2502 .total_sales\u2502\n\u2502    ) ASC    \u2502\n\u2502tmp1.i_item_i\u2502\n\u2502    d ASC    \u2502\n\u2502             \u2502\n\u2502   100 rows  \u2502\n\u2502   (0.00s)   \u2502\n\u2514\u2500\u2500\u2500\u2500\u2500\u2500\u252c\u2500\u2500\u2500\u2500\u2500\u2500\u2518\n\u250c\u2500\u2500\u2500\u2500\u2500\u2500\u2534\u2500\u2500\u2500\u2500\u2500\u2500\u2510\n\u2502HASH_GROUP_BY\u2502\n\u2502    \u2500\u2500\u2500\u2500\u2500\u2500   \u2502\n\u2502   Groups:   \u2502\n\u2502      #0     \u2502\n\u2502             \u2502\n\u2502 Aggregates: \u2502\n\u2502   sum(#1)   \u2502\n\u2502             \u2502\n\u2502  3,106 rows \u2502\n\u2502   (0.01s)   \u2502\n\u2514\u2500\u2500\u2500\u2500\u2500\u2500\u252c\u2500\u2500\u2500\u2500\u2500\u2500\u2518\n\u250c\u2500\u2500\u2500\u2500\u2500\u2500\u2534\u2500\u2500\u2500\u2500\u2500\u2500\u2510\n\u2502  PROJECTION \u2502\n\u2502    \u2500\u2500\u2500\u2500\u2500\u2500   \u2502\n\u2502  i_item_id  \u2502\n\u2502 total_sales \u2502\n\u2502             \u2502\n\u2502  6,295 rows \u2502\n\u2502   (0.00s)   \u2502\n\u2514\u2500\u2500\u2500\u2500\u2500\u2500\u252c\u2500\u2500\u2500\u2500\u2500\u2500\u2518\n\u250c\u2500\u2500\u2500\u2500\u2500\u2500\u2534\u2500\u2500\u2500\u2500\u2500\u2500\u2510\n\u2502    UNION    \u2502\n\u2502    \u2500\u2500\u2500\u2500\u2500\u2500   \u2502\n\u2502    0 rows   \u251c\u2500\u2500\u2500\u2500\u2500\u2500\u2500\u2500\u2500\u2500\u2500\u2500\u2500\u2500\u2500\u2500\u2500\u2500\u2500\u2500\u2500\u2500\u2500\u2500\u2500\u2500\u2500\u2500\u2500\u2500\u2500\u2500\u2500\u2500\u2500\u2500\u2500\u2500\u2500\u2500\u2500\u2500\u2500\u2500\u2500\u2500\u2500\u2500\u2500\u2500\u2500\u2500\u2500\u2500\u2500\u2500\u2500\u2500\u2500\u2500\u2500\u2500\u2500\u2500\u2500\u2500\u2500\u2500\u2500\u2500\u2500\u2500\u2500\u2500\u2500\u2500\u2500\u2500\u2500\u2500\u2500\u2500\u2500\u2500\u2500\u2500\u2500\u2500\u2500\u2500\u2500\u2500\u2500\u2500\u2500\u2500\u2500\u2500\u2500\u2500\u2500\u2500\u2500\u2500\u2500\u2500\u2500\u2500\u2500\u2500\u2500\u2500\u2500\u2500\u2500\u2500\u2500\u2500\u2500\u2500\u2500\u2500\u2500\u2500\u2500\u2500\u2500\u2500\u2500\u2500\u2500\u2500\u2500\u2500\u2500\u2500\u2500\u2500\u2500\u2500\u2500\u2500\u2510\n\u2502   (0.00s)   \u2502                                                                                                                                              \u2502\n\u2514\u2500\u2500\u2500\u2500\u2500\u2500\u252c\u2500\u2500\u2500\u2500\u2500\u2500\u2518                                                                                                                                              \u2502\n\u250c\u2500\u2500\u2500\u2500\u2500\u2500\u2534\u2500\u2500\u2500\u2500\u2500\u2500\u2510                                                                                                                                       \u250c\u2500\u2500\u2500\u2500\u2500\u2500\u2534\u2500\u2500\u2500\u2500\u2500\u2500\u2510\n\u2502    UNION    \u2502                                                                                                                                       \u2502HASH_GROUP_BY\u2502\n\u2502    \u2500\u2500\u2500\u2500\u2500\u2500   \u2502                                                                                                                                       \u2502    \u2500\u2500\u2500\u2500\u2500\u2500   \u2502\n\u2502             \u2502                                                                                                                                       \u2502   Groups:   \u2502\n\u2502             \u2502                                                                                                                                       \u2502      #0     \u2502\n\u2502             \u2502                                                                                                                                       \u2502             \u2502\n\u2502             \u251c\u2500\u2500\u2500\u2500\u2500\u2500\u2500\u2500\u2500\u2500\u2500\u2500\u2500\u2500\u2500\u2500\u2500\u2500\u2500\u2500\u2500\u2500\u2500\u2500\u2500\u2500\u2500\u2500\u2500\u2500\u2500\u2500\u2500\u2500\u2500\u2500\u2500\u2500\u2500\u2500\u2500\u2500\u2500\u2500\u2500\u2500\u2500\u2500\u2500\u2500\u2500\u2500\u2500\u2500\u2500\u2500\u2500\u2500\u2500\u2500\u2500\u2500\u2500\u2500\u2500\u2500\u2500\u2510                                                                   \u2502 Aggregates: \u2502\n\u2502             \u2502                                                                   \u2502                                                                   \u2502   sum(#1)   \u2502\n\u2502             \u2502                                                                   \u2502                                                                   \u2502             \u2502\n\u2502    0 rows   \u2502                                                                   \u2502                                                                   \u2502  1,344 rows \u2502\n\u2502   (0.00s)   \u2502                                                                   \u2502                                                                   \u2502   (0.00s)   \u2502\n\u2514\u2500\u2500\u2500\u2500\u2500\u2500\u252c\u2500\u2500\u2500\u2500\u2500\u2500\u2518                                                                   \u2502                                                                   \u2514\u2500\u2500\u2500\u2500\u2500\u2500\u252c\u2500\u2500\u2500\u2500\u2500\u2500\u2518\n\u250c\u2500\u2500\u2500\u2500\u2500\u2500\u2534\u2500\u2500\u2500\u2500\u2500\u2500\u2510                                                            \u250c\u2500\u2500\u2500\u2500\u2500\u2500\u2534\u2500\u2500\u2500\u2500\u2500\u2500\u2510                                                            \u250c\u2500\u2500\u2500\u2500\u2500\u2500\u2534\u2500\u2500\u2500\u2500\u2500\u2500\u2510\n\u2502HASH_GROUP_BY\u2502                                                            \u2502HASH_GROUP_BY\u2502                                                            \u2502  PROJECTION \u2502\n\u2502    \u2500\u2500\u2500\u2500\u2500\u2500   \u2502                                                            \u2502    \u2500\u2500\u2500\u2500\u2500\u2500   \u2502                                                            \u2502    \u2500\u2500\u2500\u2500\u2500\u2500   \u2502\n\u2502   Groups:   \u2502                                                            \u2502   Groups:   \u2502                                                            \u2502  i_item_id  \u2502\n\u2502      #0     \u2502                                                            \u2502      #0     \u2502                                                            \u2502ws_ext_sales_\u2502\n\u2502             \u2502                                                            \u2502             \u2502                                                            \u2502    price    \u2502\n\u2502 Aggregates: \u2502                                                            \u2502 Aggregates: \u2502                                                            \u2502             \u2502\n\u2502   sum(#1)   \u2502                                                            \u2502   sum(#1)   \u2502                                                            \u2502             \u2502\n\u2502             \u2502                                                            \u2502             \u2502                                                            \u2502             \u2502\n\u2502  2,814 rows \u2502                                                            \u2502  2,137 rows \u2502                                                            \u2502  1,721 rows \u2502\n\u2502   (0.01s)   \u2502                                                            \u2502   (0.00s)   \u2502                                                            \u2502   (0.00s)   \u2502\n\u2514\u2500\u2500\u2500\u2500\u2500\u2500\u252c\u2500\u2500\u2500\u2500\u2500\u2500\u2518                                                            \u2514\u2500\u2500\u2500\u2500\u2500\u2500\u252c\u2500\u2500\u2500\u2500\u2500\u2500\u2518                                                            \u2514\u2500\u2500\u2500\u2500\u2500\u2500\u252c\u2500\u2500\u2500\u2500\u2500\u2500\u2518\n\u250c\u2500\u2500\u2500\u2500\u2500\u2500\u2534\u2500\u2500\u2500\u2500\u2500\u2500\u2510                                                            \u250c\u2500\u2500\u2500\u2500\u2500\u2500\u2534\u2500\u2500\u2500\u2500\u2500\u2500\u2510                                                            \u250c\u2500\u2500\u2500\u2500\u2500\u2500\u2534\u2500\u2500\u2500\u2500\u2500\u2500\u2510\n\u2502  PROJECTION \u2502                                                            \u2502  PROJECTION \u2502                                                            \u2502  HASH_JOIN  \u2502\n\u2502    \u2500\u2500\u2500\u2500\u2500\u2500   \u2502                                                            \u2502    \u2500\u2500\u2500\u2500\u2500\u2500   \u2502                                                            \u2502    \u2500\u2500\u2500\u2500\u2500\u2500   \u2502\n\u2502  i_item_id  \u2502                                                            \u2502  i_item_id  \u2502                                                            \u2502  Join Type: \u2502\n\u2502ss_ext_sales_\u2502                                                            \u2502cs_ext_sales_\u2502                                                            \u2502  RIGHT_SEMI \u2502\n\u2502    price    \u2502                                                            \u2502    price    \u2502                                                            \u2502             \u2502\n\u2502             \u2502                                                            \u2502             \u2502                                                            \u2502 Conditions: \u251c\u2500\u2500\u2500\u2500\u2500\u2500\u2500\u2510\n\u2502             \u2502                                                            \u2502             \u2502                                                            \u2502#0 = i_item_i\u2502       \u2502\n\u2502             \u2502                                                            \u2502             \u2502                                                            \u2502      d      \u2502       \u2502\n\u2502             \u2502                                                            \u2502             \u2502                                                            \u2502             \u2502       \u2502\n\u2502  6,877 rows \u2502                                                            \u2502  3,600 rows \u2502                                                            \u2502  1,721 rows \u2502       \u2502\n\u2502   (0.00s)   \u2502                                                            \u2502   (0.00s)   \u2502                                                            \u2502   (0.00s)   \u2502       \u2502\n\u2514\u2500\u2500\u2500\u2500\u2500\u2500\u252c\u2500\u2500\u2500\u2500\u2500\u2500\u2518                                                            \u2514\u2500\u2500\u2500\u2500\u2500\u2500\u252c\u2500\u2500\u2500\u2500\u2500\u2500\u2518                                                            \u2514\u2500\u2500\u2500\u2500\u2500\u2500\u252c\u2500\u2500\u2500\u2500\u2500\u2500\u2518       \u2502\n\u250c\u2500\u2500\u2500\u2500\u2500\u2500\u2534\u2500\u2500\u2500\u2500\u2500\u2500\u2510                                                            \u250c\u2500\u2500\u2500\u2500\u2500\u2500\u2534\u2500\u2500\u2500\u2500\u2500\u2500\u2510                                                            \u250c\u2500\u2500\u2500\u2500\u2500\u2500\u2534\u2500\u2500\u2500\u2500\u2500\u2500\u2510\u250c\u2500\u2500\u2500\u2500\u2500\u2500\u2534\u2500\u2500\u2500\u2500\u2500\u2500\u2510\n\u2502  HASH_JOIN  \u2502                                                            \u2502  HASH_JOIN  \u2502                                                            \u2502  PROJECTION \u2502\u2502  HASH_JOIN  \u2502\n\u2502    \u2500\u2500\u2500\u2500\u2500\u2500   \u2502                                                            \u2502    \u2500\u2500\u2500\u2500\u2500\u2500   \u2502                                                            \u2502    \u2500\u2500\u2500\u2500\u2500\u2500   \u2502\u2502    \u2500\u2500\u2500\u2500\u2500\u2500   \u2502\n\u2502  Join Type: \u2502                                                            \u2502  Join Type: \u2502                                                            \u2502      #1     \u2502\u2502  Join Type: \u2502\n\u2502    INNER    \u2502                                                            \u2502    INNER    \u2502                                                            \u2502             \u2502\u2502    INNER    \u2502\n\u2502             \u2502                                                            \u2502             \u2502                                                            \u2502             \u2502\u2502             \u2502\n\u2502 Conditions: \u251c\u2500\u2500\u2500\u2500\u2500\u2500\u2500\u2500\u2500\u2500\u2500\u2500\u2500\u2500\u2500\u2500\u2500\u2500\u2500\u2500\u2500\u2500\u2500\u2500\u2500\u2500\u2500\u2500\u2500\u2500\u2500\u2500\u2500\u2500\u2500\u2500\u2500\u2510                      \u2502 Conditions: \u251c\u2500\u2500\u2500\u2500\u2500\u2500\u2500\u2500\u2500\u2500\u2500\u2500\u2500\u2500\u2500\u2500\u2500\u2500\u2500\u2500\u2500\u2500\u2510                                     \u2502             \u2502\u2502 Conditions: \u251c\u2500\u2500\u2500\u2500\u2500\u2500\u2500\u2510\n\u2502 ss_item_sk =\u2502                                     \u2502                      \u2502 i_item_sk = \u2502                      \u2502                                     \u2502             \u2502\u2502 i_item_sk = \u2502       \u2502\n\u2502   i_item_sk \u2502                                     \u2502                      \u2502  cs_item_sk \u2502                      \u2502                                     \u2502             \u2502\u2502  ws_item_sk \u2502       \u2502\n\u2502             \u2502                                     \u2502                      \u2502             \u2502                      \u2502                                     \u2502             \u2502\u2502             \u2502       \u2502\n\u2502  6,877 rows \u2502                                     \u2502                      \u2502  3,600 rows \u2502                      \u2502                                     \u2502  3,234 rows \u2502\u2502 27,642 rows \u2502       \u2502\n\u2502   (0.00s)   \u2502                                     \u2502                      \u2502   (0.00s)   \u2502                      \u2502                                     \u2502   (0.00s)   \u2502\u2502   (0.00s)   \u2502       \u2502\n\u2514\u2500\u2500\u2500\u2500\u2500\u2500\u252c\u2500\u2500\u2500\u2500\u2500\u2500\u2518                                     \u2502                      \u2514\u2500\u2500\u2500\u2500\u2500\u2500\u252c\u2500\u2500\u2500\u2500\u2500\u2500\u2518                      \u2502                                     \u2514\u2500\u2500\u2500\u2500\u2500\u2500\u252c\u2500\u2500\u2500\u2500\u2500\u2500\u2518\u2514\u2500\u2500\u2500\u2500\u2500\u2500\u252c\u2500\u2500\u2500\u2500\u2500\u2500\u2518       \u2502\n\u250c\u2500\u2500\u2500\u2500\u2500\u2500\u2534\u2500\u2500\u2500\u2500\u2500\u2500\u2510                              \u250c\u2500\u2500\u2500\u2500\u2500\u2500\u2534\u2500\u2500\u2500\u2500\u2500\u2500\u2510               \u250c\u2500\u2500\u2500\u2500\u2500\u2500\u2534\u2500\u2500\u2500\u2500\u2500\u2500\u2510               \u250c\u2500\u2500\u2500\u2500\u2500\u2500\u2534\u2500\u2500\u2500\u2500\u2500\u2500\u2510                              \u250c\u2500\u2500\u2500\u2500\u2500\u2500\u2534\u2500\u2500\u2500\u2500\u2500\u2500\u2510\u250c\u2500\u2500\u2500\u2500\u2500\u2500\u2534\u2500\u2500\u2500\u2500\u2500\u2500\u2510\u250c\u2500\u2500\u2500\u2500\u2500\u2500\u2534\u2500\u2500\u2500\u2500\u2500\u2500\u2510\n\u2502  HASH_JOIN  \u2502                              \u2502  HASH_JOIN  \u2502               \u2502  HASH_JOIN  \u2502               \u2502  HASH_JOIN  \u2502                              \u2502    FILTER   \u2502\u2502  TABLE_SCAN \u2502\u2502  HASH_JOIN  \u2502\n\u2502    \u2500\u2500\u2500\u2500\u2500\u2500   \u2502                              \u2502    \u2500\u2500\u2500\u2500\u2500\u2500   \u2502               \u2502    \u2500\u2500\u2500\u2500\u2500\u2500   \u2502               \u2502    \u2500\u2500\u2500\u2500\u2500\u2500   \u2502                              \u2502    \u2500\u2500\u2500\u2500\u2500\u2500   \u2502\u2502    \u2500\u2500\u2500\u2500\u2500\u2500   \u2502\u2502    \u2500\u2500\u2500\u2500\u2500\u2500   \u2502\n\u2502  Join Type: \u2502                              \u2502  Join Type: \u2502               \u2502  Join Type: \u2502               \u2502  Join Type: \u2502                              \u2502 ((i_color = \u2502\u2502    Table:   \u2502\u2502  Join Type: \u2502\n\u2502    INNER    \u2502                              \u2502     SEMI    \u2502               \u2502     SEMI    \u2502               \u2502    INNER    \u2502                              \u2502 'powder') OR\u2502\u2502     item    \u2502\u2502    INNER    \u2502\n\u2502             \u2502                              \u2502             \u2502               \u2502             \u2502               \u2502             \u2502                              \u2502  (i_color = \u2502\u2502             \u2502\u2502             \u2502\n\u2502 Conditions: \u2502                              \u2502 Conditions: \u2502               \u2502 Conditions: \u2502               \u2502 Conditions: \u2502                              \u2502 'green') OR \u2502\u2502    Type:    \u2502\u2502 Conditions: \u2502\n\u2502 ss_addr_sk =\u2502                              \u2502 i_item_id = \u2502               \u2502 i_item_id = \u2502               \u2502cs_bill_addr_\u2502                              \u2502 (i_color =  \u2502\u2502  Sequential \u2502\u2502ws_bill_addr_\u2502\n\u2502 ca_address_s\u251c\u2500\u2500\u2500\u2500\u2500\u2500\u2500\u2500\u2500\u2500\u2500\u2500\u2500\u2500\u2500\u2500\u2500\u2500\u2500\u2500\u2500\u2500\u2510       \u2502      #0     \u251c\u2500\u2500\u2500\u2500\u2500\u2500\u2500\u2510       \u2502      #0     \u251c\u2500\u2500\u2500\u2500\u2500\u2500\u2500\u2510       \u2502sk = ca_addre\u251c\u2500\u2500\u2500\u2500\u2500\u2500\u2500\u2500\u2500\u2500\u2500\u2500\u2500\u2500\u2500\u2500\u2500\u2500\u2500\u2500\u2500\u2500\u2510       \u2502   'cyan'))  \u2502\u2502     Scan    \u2502\u2502sk = ca_addre\u251c\u2500\u2500\u2500\u2500\u2500\u2500\u2500\u2500\u2500\u2500\u2500\u2500\u2500\u2500\u2500\u2500\u2500\u2500\u2500\u2500\u2500\u2500\u2510\n\u2502      k      \u2502                      \u2502       \u2502             \u2502       \u2502       \u2502             \u2502       \u2502       \u2502    ss_sk    \u2502                      \u2502       \u2502             \u2502\u2502             \u2502\u2502    ss_sk    \u2502                      \u2502\n\u2502             \u2502                      \u2502       \u2502             \u2502       \u2502       \u2502             \u2502       \u2502       \u2502             \u2502                      \u2502       \u2502             \u2502\u2502 Projections:\u2502\u2502             \u2502                      \u2502\n\u2502             \u2502                      \u2502       \u2502             \u2502       \u2502       \u2502             \u2502       \u2502       \u2502             \u2502                      \u2502       \u2502             \u2502\u2502  i_item_id  \u2502\u2502             \u2502                      \u2502\n\u2502             \u2502                      \u2502       \u2502             \u2502       \u2502       \u2502             \u2502       \u2502       \u2502             \u2502                      \u2502       \u2502             \u2502\u2502  i_item_sk  \u2502\u2502             \u2502                      \u2502\n\u2502             \u2502                      \u2502       \u2502             \u2502       \u2502       \u2502             \u2502       \u2502       \u2502             \u2502                      \u2502       \u2502             \u2502\u2502             \u2502\u2502             \u2502                      \u2502\n\u2502 108,906 rows\u2502                      \u2502       \u2502  7,442 rows \u2502       \u2502       \u2502  7,442 rows \u2502       \u2502       \u2502 57,748 rows \u2502                      \u2502       \u2502  3,234 rows \u2502\u2502 101,999 rows\u2502\u2502 27,642 rows \u2502                      \u2502\n\u2502   (0.00s)   \u2502                      \u2502       \u2502   (0.00s)   \u2502       \u2502       \u2502   (0.00s)   \u2502       \u2502       \u2502   (0.00s)   \u2502                      \u2502       \u2502   (0.00s)   \u2502\u2502   (0.00s)   \u2502\u2502   (0.00s)   \u2502                      \u2502\n\u2514\u2500\u2500\u2500\u2500\u2500\u2500\u252c\u2500\u2500\u2500\u2500\u2500\u2500\u2518                      \u2502       \u2514\u2500\u2500\u2500\u2500\u2500\u2500\u252c\u2500\u2500\u2500\u2500\u2500\u2500\u2518       \u2502       \u2514\u2500\u2500\u2500\u2500\u2500\u2500\u252c\u2500\u2500\u2500\u2500\u2500\u2500\u2518       \u2502       \u2514\u2500\u2500\u2500\u2500\u2500\u2500\u252c\u2500\u2500\u2500\u2500\u2500\u2500\u2518                      \u2502       \u2514\u2500\u2500\u2500\u2500\u2500\u2500\u252c\u2500\u2500\u2500\u2500\u2500\u2500\u2518\u2514\u2500\u2500\u2500\u2500\u2500\u2500\u2500\u2500\u2500\u2500\u2500\u2500\u2500\u2518\u2514\u2500\u2500\u2500\u2500\u2500\u2500\u252c\u2500\u2500\u2500\u2500\u2500\u2500\u2518                      \u2502\n\u250c\u2500\u2500\u2500\u2500\u2500\u2500\u2534\u2500\u2500\u2500\u2500\u2500\u2500\u2510               \u250c\u2500\u2500\u2500\u2500\u2500\u2500\u2534\u2500\u2500\u2500\u2500\u2500\u2500\u2510\u250c\u2500\u2500\u2500\u2500\u2500\u2500\u2534\u2500\u2500\u2500\u2500\u2500\u2500\u2510\u250c\u2500\u2500\u2500\u2500\u2500\u2500\u2534\u2500\u2500\u2500\u2500\u2500\u2500\u2510\u250c\u2500\u2500\u2500\u2500\u2500\u2500\u2534\u2500\u2500\u2500\u2500\u2500\u2500\u2510\u250c\u2500\u2500\u2500\u2500\u2500\u2500\u2534\u2500\u2500\u2500\u2500\u2500\u2500\u2510\u250c\u2500\u2500\u2500\u2500\u2500\u2500\u2534\u2500\u2500\u2500\u2500\u2500\u2500\u2510               \u250c\u2500\u2500\u2500\u2500\u2500\u2500\u2534\u2500\u2500\u2500\u2500\u2500\u2500\u2510\u250c\u2500\u2500\u2500\u2500\u2500\u2500\u2534\u2500\u2500\u2500\u2500\u2500\u2500\u2510               \u250c\u2500\u2500\u2500\u2500\u2500\u2500\u2534\u2500\u2500\u2500\u2500\u2500\u2500\u2510               \u250c\u2500\u2500\u2500\u2500\u2500\u2500\u2534\u2500\u2500\u2500\u2500\u2500\u2500\u2510\n\u2502  HASH_JOIN  \u2502               \u2502  TABLE_SCAN \u2502\u2502  TABLE_SCAN \u2502\u2502  PROJECTION \u2502\u2502  TABLE_SCAN \u2502\u2502  PROJECTION \u2502\u2502  HASH_JOIN  \u2502               \u2502  TABLE_SCAN \u2502\u2502  TABLE_SCAN \u2502               \u2502  HASH_JOIN  \u2502               \u2502  TABLE_SCAN \u2502\n\u2502    \u2500\u2500\u2500\u2500\u2500\u2500   \u2502               \u2502    \u2500\u2500\u2500\u2500\u2500\u2500   \u2502\u2502    \u2500\u2500\u2500\u2500\u2500\u2500   \u2502\u2502    \u2500\u2500\u2500\u2500\u2500\u2500   \u2502\u2502    \u2500\u2500\u2500\u2500\u2500\u2500   \u2502\u2502    \u2500\u2500\u2500\u2500\u2500\u2500   \u2502\u2502    \u2500\u2500\u2500\u2500\u2500\u2500   \u2502               \u2502    \u2500\u2500\u2500\u2500\u2500\u2500   \u2502\u2502    \u2500\u2500\u2500\u2500\u2500\u2500   \u2502               \u2502    \u2500\u2500\u2500\u2500\u2500\u2500   \u2502               \u2502    \u2500\u2500\u2500\u2500\u2500\u2500   \u2502\n\u2502  Join Type: \u2502               \u2502    Table:   \u2502\u2502    Table:   \u2502\u2502      #1     \u2502\u2502    Table:   \u2502\u2502      #1     \u2502\u2502  Join Type: \u2502               \u2502    Table:   \u2502\u2502    Table:   \u2502               \u2502  Join Type: \u2502               \u2502    Table:   \u2502\n\u2502    INNER    \u2502               \u2502customer_addr\u2502\u2502     item    \u2502\u2502             \u2502\u2502     item    \u2502\u2502             \u2502\u2502    INNER    \u2502               \u2502customer_addr\u2502\u2502     item    \u2502               \u2502    INNER    \u2502               \u2502customer_addr\u2502\n\u2502             \u2502               \u2502     ess     \u2502\u2502             \u2502\u2502             \u2502\u2502             \u2502\u2502             \u2502\u2502             \u2502               \u2502     ess     \u2502\u2502             \u2502               \u2502             \u2502               \u2502     ess     \u2502\n\u2502 Conditions: \u2502               \u2502             \u2502\u2502    Type:    \u2502\u2502             \u2502\u2502    Type:    \u2502\u2502             \u2502\u2502 Conditions: \u2502               \u2502             \u2502\u2502    Type:    \u2502               \u2502 Conditions: \u2502               \u2502             \u2502\n\u2502ss_sold_date_\u2502               \u2502    Type:    \u2502\u2502  Sequential \u2502\u2502             \u2502\u2502  Sequential \u2502\u2502             \u2502\u2502cs_sold_date_\u2502               \u2502    Type:    \u2502\u2502  Sequential \u2502               \u2502ws_sold_date_\u2502               \u2502    Type:    \u2502\n\u2502sk = d_date_s\u2502               \u2502  Sequential \u2502\u2502     Scan    \u2502\u2502             \u2502\u2502     Scan    \u2502\u2502             \u2502\u2502sk = d_date_s\u2502               \u2502  Sequential \u2502\u2502     Scan    \u2502               \u2502sk = d_date_s\u2502               \u2502  Sequential \u2502\n\u2502      k      \u2502               \u2502     Scan    \u2502\u2502             \u2502\u2502             \u2502\u2502             \u2502\u2502             \u2502\u2502      k      \u2502               \u2502     Scan    \u2502\u2502             \u2502               \u2502      k      \u2502               \u2502     Scan    \u2502\n\u2502             \u2502               \u2502             \u2502\u2502 Projections:\u2502\u2502             \u2502\u2502 Projections:\u2502\u2502             \u2502\u2502             \u2502               \u2502             \u2502\u2502 Projections:\u2502               \u2502             \u2502               \u2502             \u2502\n\u2502             \u2502               \u2502 Projections:\u2502\u2502  i_item_id  \u2502\u2502             \u2502\u2502  i_item_id  \u2502\u2502             \u2502\u2502             \u2502               \u2502 Projections:\u2502\u2502   i_color   \u2502               \u2502             \u2502               \u2502 Projections:\u2502\n\u2502             \u251c\u2500\u2500\u2500\u2500\u2500\u2500\u2500\u2510       \u2502ca_address_sk\u2502\u2502  i_item_sk  \u2502\u2502             \u2502\u2502  i_item_sk  \u2502\u2502             \u2502\u2502             \u251c\u2500\u2500\u2500\u2500\u2500\u2500\u2500\u2510       \u2502ca_address_sk\u2502\u2502  i_item_id  \u2502               \u2502             \u251c\u2500\u2500\u2500\u2500\u2500\u2500\u2500\u2510       \u2502ca_address_sk\u2502\n\u2502             \u2502       \u2502       \u2502             \u2502\u2502             \u2502\u2502             \u2502\u2502             \u2502\u2502             \u2502\u2502             \u2502       \u2502       \u2502             \u2502\u2502             \u2502               \u2502             \u2502       \u2502       \u2502             \u2502\n\u2502             \u2502       \u2502       \u2502   Filters:  \u2502\u2502             \u2502\u2502             \u2502\u2502             \u2502\u2502             \u2502\u2502             \u2502       \u2502       \u2502   Filters:  \u2502\u2502   Filters:  \u2502               \u2502             \u2502       \u2502       \u2502   Filters:  \u2502\n\u2502             \u2502       \u2502       \u2502ca_gmt_offset\u2502\u2502             \u2502\u2502             \u2502\u2502             \u2502\u2502             \u2502\u2502             \u2502       \u2502       \u2502ca_gmt_offset\u2502\u2502  optional:  \u2502               \u2502             \u2502       \u2502       \u2502ca_gmt_offset\u2502\n\u2502             \u2502       \u2502       \u2502    =-6.00   \u2502\u2502             \u2502\u2502             \u2502\u2502             \u2502\u2502             \u2502\u2502             \u2502       \u2502       \u2502    =-6.00   \u2502\u2502  i_color IN \u2502               \u2502             \u2502       \u2502       \u2502    =-6.00   \u2502\n\u2502             \u2502       \u2502       \u2502             \u2502\u2502             \u2502\u2502             \u2502\u2502             \u2502\u2502             \u2502\u2502             \u2502       \u2502       \u2502             \u2502\u2502 ('powder',  \u2502               \u2502             \u2502       \u2502       \u2502             \u2502\n\u2502             \u2502       \u2502       \u2502             \u2502\u2502             \u2502\u2502             \u2502\u2502             \u2502\u2502             \u2502\u2502             \u2502       \u2502       \u2502             \u2502\u2502  'green',   \u2502               \u2502             \u2502       \u2502       \u2502             \u2502\n\u2502             \u2502       \u2502       \u2502             \u2502\u2502             \u2502\u2502             \u2502\u2502             \u2502\u2502             \u2502\u2502             \u2502       \u2502       \u2502             \u2502\u2502   'cyan')   \u2502               \u2502             \u2502       \u2502       \u2502             \u2502\n\u2502             \u2502       \u2502       \u2502             \u2502\u2502             \u2502\u2502             \u2502\u2502             \u2502\u2502             \u2502\u2502             \u2502       \u2502       \u2502             \u2502\u2502             \u2502               \u2502             \u2502       \u2502       \u2502             \u2502\n\u2502 244,427 rows\u2502       \u2502       \u2502 110,471 rows\u2502\u2502 101,920 rows\u2502\u2502  3,234 rows \u2502\u2502 101,916 rows\u2502\u2502  3,234 rows \u2502\u2502 130,938 rows\u2502       \u2502       \u2502 110,471 rows\u2502\u2502 102,000 rows\u2502               \u2502 64,083 rows \u2502       \u2502       \u2502 110,471 rows\u2502\n\u2502   (0.02s)   \u2502       \u2502       \u2502   (0.01s)   \u2502\u2502   (0.00s)   \u2502\u2502   (0.00s)   \u2502\u2502   (0.00s)   \u2502\u2502   (0.00s)   \u2502\u2502   (0.00s)   \u2502       \u2502       \u2502   (0.01s)   \u2502\u2502   (0.00s)   \u2502               \u2502   (0.01s)   \u2502       \u2502       \u2502   (0.01s)   \u2502\n\u2514\u2500\u2500\u2500\u2500\u2500\u2500\u252c\u2500\u2500\u2500\u2500\u2500\u2500\u2518       \u2502       \u2514\u2500\u2500\u2500\u2500\u2500\u2500\u2500\u2500\u2500\u2500\u2500\u2500\u2500\u2518\u2514\u2500\u2500\u2500\u2500\u2500\u2500\u2500\u2500\u2500\u2500\u2500\u2500\u2500\u2518\u2514\u2500\u2500\u2500\u2500\u2500\u2500\u252c\u2500\u2500\u2500\u2500\u2500\u2500\u2518\u2514\u2500\u2500\u2500\u2500\u2500\u2500\u2500\u2500\u2500\u2500\u2500\u2500\u2500\u2518\u2514\u2500\u2500\u2500\u2500\u2500\u2500\u252c\u2500\u2500\u2500\u2500\u2500\u2500\u2518\u2514\u2500\u2500\u2500\u2500\u2500\u2500\u252c\u2500\u2500\u2500\u2500\u2500\u2500\u2518       \u2502       \u2514\u2500\u2500\u2500\u2500\u2500\u2500\u2500\u2500\u2500\u2500\u2500\u2500\u2500\u2518\u2514\u2500\u2500\u2500\u2500\u2500\u2500\u2500\u2500\u2500\u2500\u2500\u2500\u2500\u2518               \u2514\u2500\u2500\u2500\u2500\u2500\u2500\u252c\u2500\u2500\u2500\u2500\u2500\u2500\u2518       \u2502       \u2514\u2500\u2500\u2500\u2500\u2500\u2500\u2500\u2500\u2500\u2500\u2500\u2500\u2500\u2518\n\u250c\u2500\u2500\u2500\u2500\u2500\u2500\u2534\u2500\u2500\u2500\u2500\u2500\u2500\u2510\u250c\u2500\u2500\u2500\u2500\u2500\u2500\u2534\u2500\u2500\u2500\u2500\u2500\u2500\u2510                              \u250c\u2500\u2500\u2500\u2500\u2500\u2500\u2534\u2500\u2500\u2500\u2500\u2500\u2500\u2510               \u250c\u2500\u2500\u2500\u2500\u2500\u2500\u2534\u2500\u2500\u2500\u2500\u2500\u2500\u2510\u250c\u2500\u2500\u2500\u2500\u2500\u2500\u2534\u2500\u2500\u2500\u2500\u2500\u2500\u2510\u250c\u2500\u2500\u2500\u2500\u2500\u2500\u2534\u2500\u2500\u2500\u2500\u2500\u2500\u2510                                             \u250c\u2500\u2500\u2500\u2500\u2500\u2500\u2534\u2500\u2500\u2500\u2500\u2500\u2500\u2510\u250c\u2500\u2500\u2500\u2500\u2500\u2500\u2534\u2500\u2500\u2500\u2500\u2500\u2500\u2510\n\u2502  TABLE_SCAN \u2502\u2502    FILTER   \u2502                              \u2502    FILTER   \u2502               \u2502    FILTER   \u2502\u2502  TABLE_SCAN \u2502\u2502    FILTER   \u2502                                             \u2502  TABLE_SCAN \u2502\u2502    FILTER   \u2502\n\u2502    \u2500\u2500\u2500\u2500\u2500\u2500   \u2502\u2502    \u2500\u2500\u2500\u2500\u2500\u2500   \u2502                              \u2502    \u2500\u2500\u2500\u2500\u2500\u2500   \u2502               \u2502    \u2500\u2500\u2500\u2500\u2500\u2500   \u2502\u2502    \u2500\u2500\u2500\u2500\u2500\u2500   \u2502\u2502    \u2500\u2500\u2500\u2500\u2500\u2500   \u2502                                             \u2502    \u2500\u2500\u2500\u2500\u2500\u2500   \u2502\u2502    \u2500\u2500\u2500\u2500\u2500\u2500   \u2502\n\u2502    Table:   \u2502\u2502  (d_date_sk \u2502                              \u2502 ((i_color = \u2502               \u2502 ((i_color = \u2502\u2502    Table:   \u2502\u2502  (d_date_sk \u2502                                             \u2502    Table:   \u2502\u2502  (d_date_sk \u2502\n\u2502 store_sales \u2502\u2502    BETWEEN  \u2502                              \u2502 'powder') OR\u2502               \u2502 'powder') OR\u2502\u2502catalog_sales\u2502\u2502    BETWEEN  \u2502                                             \u2502  web_sales  \u2502\u2502    BETWEEN  \u2502\n\u2502             \u2502\u2502  2450816 AND\u2502                              \u2502  (i_color = \u2502               \u2502  (i_color = \u2502\u2502             \u2502\u2502  2450815 AND\u2502                                             \u2502             \u2502\u2502  2450816 AND\u2502\n\u2502    Type:    \u2502\u2502   2452642)  \u2502                              \u2502 'green') OR \u2502               \u2502 'green') OR \u2502\u2502    Type:    \u2502\u2502   2452653)  \u2502                                             \u2502    Type:    \u2502\u2502   2452642)  \u2502\n\u2502  Sequential \u2502\u2502             \u2502                              \u2502 (i_color =  \u2502               \u2502 (i_color =  \u2502\u2502  Sequential \u2502\u2502             \u2502                                             \u2502  Sequential \u2502\u2502             \u2502\n\u2502     Scan    \u2502\u2502             \u2502                              \u2502   'cyan'))  \u2502               \u2502   'cyan'))  \u2502\u2502     Scan    \u2502\u2502             \u2502                                             \u2502     Scan    \u2502\u2502             \u2502\n\u2502             \u2502\u2502             \u2502                              \u2502             \u2502               \u2502             \u2502\u2502             \u2502\u2502             \u2502                                             \u2502             \u2502\u2502             \u2502\n\u2502 Projections:\u2502\u2502             \u2502                              \u2502             \u2502               \u2502             \u2502\u2502 Projections:\u2502\u2502             \u2502                                             \u2502 Projections:\u2502\u2502             \u2502\n\u2502  ss_item_sk \u2502\u2502             \u2502                              \u2502             \u2502               \u2502             \u2502\u2502  cs_item_sk \u2502\u2502             \u2502                                             \u2502  ws_item_sk \u2502\u2502             \u2502\n\u2502ss_sold_date_\u2502\u2502             \u2502                              \u2502             \u2502               \u2502             \u2502\u2502cs_sold_date_\u2502\u2502             \u2502                                             \u2502ws_sold_date_\u2502\u2502             \u2502\n\u2502      sk     \u2502\u2502             \u2502                              \u2502             \u2502               \u2502             \u2502\u2502      sk     \u2502\u2502             \u2502                                             \u2502      sk     \u2502\u2502             \u2502\n\u2502  ss_addr_sk \u2502\u2502             \u2502                              \u2502             \u2502               \u2502             \u2502\u2502cs_bill_addr_\u2502\u2502             \u2502                                             \u2502ws_bill_addr_\u2502\u2502             \u2502\n\u2502ss_ext_sales_\u2502\u2502             \u2502                              \u2502             \u2502               \u2502             \u2502\u2502      sk     \u2502\u2502             \u2502                                             \u2502      sk     \u2502\u2502             \u2502\n\u2502    price    \u2502\u2502             \u2502                              \u2502             \u2502               \u2502             \u2502\u2502cs_ext_sales_\u2502\u2502             \u2502                                             \u2502ws_ext_sales_\u2502\u2502             \u2502\n\u2502             \u2502\u2502             \u2502                              \u2502             \u2502               \u2502             \u2502\u2502    price    \u2502\u2502             \u2502                                             \u2502    price    \u2502\u2502             \u2502\n\u2502             \u2502\u2502             \u2502                              \u2502             \u2502               \u2502             \u2502\u2502             \u2502\u2502             \u2502                                             \u2502             \u2502\u2502             \u2502\n\u2502 244,427 rows\u2502\u2502   29 rows   \u2502                              \u2502  3,234 rows \u2502               \u2502  3,234 rows \u2502\u2502 130,938 rows\u2502\u2502   29 rows   \u2502                                             \u2502 64,083 rows \u2502\u2502   29 rows   \u2502\n\u2502   (11.89s)  \u2502\u2502   (0.00s)   \u2502                              \u2502   (0.00s)   \u2502               \u2502   (0.00s)   \u2502\u2502   (0.06s)   \u2502\u2502   (0.00s)   \u2502                                             \u2502   (2.67s)   \u2502\u2502   (0.00s)   \u2502\n\u2514\u2500\u2500\u2500\u2500\u2500\u2500\u2500\u2500\u2500\u2500\u2500\u2500\u2500\u2518\u2514\u2500\u2500\u2500\u2500\u2500\u2500\u252c\u2500\u2500\u2500\u2500\u2500\u2500\u2518                              \u2514\u2500\u2500\u2500\u2500\u2500\u2500\u252c\u2500\u2500\u2500\u2500\u2500\u2500\u2518               \u2514\u2500\u2500\u2500\u2500\u2500\u2500\u252c\u2500\u2500\u2500\u2500\u2500\u2500\u2518\u2514\u2500\u2500\u2500\u2500\u2500\u2500\u2500\u2500\u2500\u2500\u2500\u2500\u2500\u2518\u2514\u2500\u2500\u2500\u2500\u2500\u2500\u252c\u2500\u2500\u2500\u2500\u2500\u2500\u2518                                             \u2514\u2500\u2500\u2500\u2500\u2500\u2500\u2500\u2500\u2500\u2500\u2500\u2500\u2500\u2518\u2514\u2500\u2500\u2500\u2500\u2500\u2500\u252c\u2500\u2500\u2500\u2500\u2500\u2500\u2518\n               \u250c\u2500\u2500\u2500\u2500\u2500\u2500\u2534\u2500\u2500\u2500\u2500\u2500\u2500\u2510                              \u250c\u2500\u2500\u2500\u2500\u2500\u2500\u2534\u2500\u2500\u2500\u2500\u2500\u2500\u2510               \u250c\u2500\u2500\u2500\u2500\u2500\u2500\u2534\u2500\u2500\u2500\u2500\u2500\u2500\u2510               \u250c\u2500\u2500\u2500\u2500\u2500\u2500\u2534\u2500\u2500\u2500\u2500\u2500\u2500\u2510                                                            \u250c\u2500\u2500\u2500\u2500\u2500\u2500\u2534\u2500\u2500\u2500\u2500\u2500\u2500\u2510\n               \u2502  TABLE_SCAN \u2502                              \u2502  TABLE_SCAN \u2502               \u2502  TABLE_SCAN \u2502               \u2502  TABLE_SCAN \u2502                                                            \u2502  TABLE_SCAN \u2502\n               \u2502    \u2500\u2500\u2500\u2500\u2500\u2500   \u2502                              \u2502    \u2500\u2500\u2500\u2500\u2500\u2500   \u2502               \u2502    \u2500\u2500\u2500\u2500\u2500\u2500   \u2502               \u2502    \u2500\u2500\u2500\u2500\u2500\u2500   \u2502                                                            \u2502    \u2500\u2500\u2500\u2500\u2500\u2500   \u2502\n               \u2502    Table:   \u2502                              \u2502    Table:   \u2502               \u2502    Table:   \u2502               \u2502    Table:   \u2502                                                            \u2502    Table:   \u2502\n               \u2502   date_dim  \u2502                              \u2502     item    \u2502               \u2502     item    \u2502               \u2502   date_dim  \u2502                                                            \u2502   date_dim  \u2502\n               \u2502             \u2502                              \u2502             \u2502               \u2502             \u2502               \u2502             \u2502                                                            \u2502             \u2502\n               \u2502    Type:    \u2502                              \u2502    Type:    \u2502               \u2502    Type:    \u2502               \u2502    Type:    \u2502                                                            \u2502    Type:    \u2502\n               \u2502  Sequential \u2502                              \u2502  Sequential \u2502               \u2502  Sequential \u2502               \u2502  Sequential \u2502                                                            \u2502  Sequential \u2502\n               \u2502     Scan    \u2502                              \u2502     Scan    \u2502               \u2502     Scan    \u2502               \u2502     Scan    \u2502                                                            \u2502     Scan    \u2502\n               \u2502             \u2502                              \u2502             \u2502               \u2502             \u2502               \u2502             \u2502                                                            \u2502             \u2502\n               \u2502 Projections:\u2502                              \u2502 Projections:\u2502               \u2502 Projections:\u2502               \u2502 Projections:\u2502                                                            \u2502 Projections:\u2502\n               \u2502  d_date_sk  \u2502                              \u2502   i_color   \u2502               \u2502   i_color   \u2502               \u2502  d_date_sk  \u2502                                                            \u2502  d_date_sk  \u2502\n               \u2502             \u2502                              \u2502  i_item_id  \u2502               \u2502  i_item_id  \u2502               \u2502             \u2502                                                            \u2502             \u2502\n               \u2502   Filters:  \u2502                              \u2502             \u2502               \u2502             \u2502               \u2502   Filters:  \u2502                                                            \u2502   Filters:  \u2502\n               \u2502 d_year=2000 \u2502                              \u2502   Filters:  \u2502               \u2502   Filters:  \u2502               \u2502 d_year=2000 \u2502                                                            \u2502 d_year=2000 \u2502\n               \u2502   d_moy=2   \u2502                              \u2502  optional:  \u2502               \u2502  optional:  \u2502               \u2502   d_moy=2   \u2502                                                            \u2502   d_moy=2   \u2502\n               \u2502             \u2502                              \u2502  i_color IN \u2502               \u2502  i_color IN \u2502               \u2502             \u2502                                                            \u2502             \u2502\n               \u2502             \u2502                              \u2502 ('powder',  \u2502               \u2502 ('powder',  \u2502               \u2502             \u2502                                                            \u2502             \u2502\n               \u2502             \u2502                              \u2502  'green',   \u2502               \u2502  'green',   \u2502               \u2502             \u2502                                                            \u2502             \u2502\n               \u2502             \u2502                              \u2502   'cyan')   \u2502               \u2502   'cyan')   \u2502               \u2502             \u2502                                                            \u2502             \u2502\n               \u2502             \u2502                              \u2502             \u2502               \u2502             \u2502               \u2502             \u2502                                                            \u2502             \u2502\n               \u2502   29 rows   \u2502                              \u2502 102,000 rows\u2502               \u2502 102,000 rows\u2502               \u2502   29 rows   \u2502                                                            \u2502   29 rows   \u2502\n               \u2502   (0.00s)   \u2502                              \u2502   (0.01s)   \u2502               \u2502   (0.01s)   \u2502               \u2502   (0.00s)   \u2502                                                            \u2502   (0.00s)   \u2502\n               \u2514\u2500\u2500\u2500\u2500\u2500\u2500\u2500\u2500\u2500\u2500\u2500\u2500\u2500\u2518                              \u2514\u2500\u2500\u2500\u2500\u2500\u2500\u2500\u2500\u2500\u2500\u2500\u2500\u2500\u2518               \u2514\u2500\u2500\u2500\u2500\u2500\u2500\u2500\u2500\u2500\u2500\u2500\u2500\u2500\u2518               \u2514\u2500\u2500\u2500\u2500\u2500\u2500\u2500\u2500\u2500\u2500\u2500\u2500\u2500\u2518                                                            \u2514\u2500\u2500\u2500\u2500\u2500\u2500\u2500\u2500\u2500\u2500\u2500\u2500\u2500\u2518\n",
  "plan_json": {
    "total_bytes_written": 0,
    "total_bytes_read": 0,
    "rows_returned": 0,
    "latency": 0.0,
    "result_set_size": 0,
    "query_name": "",
    "blocked_thread_time": 0.0,
    "system_peak_buffer_memory": 0,
    "system_peak_temp_dir_size": 0,
    "cpu_time": 0.0,
    "extra_info": {},
    "cumulative_cardinality": 0,
    "cumulative_rows_scanned": 0,
    "children": [
      {
        "total_bytes_written": 0,
        "total_bytes_read": 0,
        "result_set_size": 0,
        "operator_name": "EXPLAIN_ANALYZE",
        "cpu_time": 0.0,
        "extra_info": {},
        "cumulative_cardinality": 0,
        "operator_type": "EXPLAIN_ANALYZE",
        "operator_cardinality": 0,
        "cumulative_rows_scanned": 0,
        "operator_rows_scanned": 0,
        "operator_timing": 2.88e-07,
        "children": [
          {
            "total_bytes_written": 0,
            "total_bytes_read": 0,
            "result_set_size": 3200,
            "operator_name": "TOP_N",
            "cpu_time": 0.0,
            "extra_info": {
              "Top": "100",
              "Order By": [
                "sum(tmp1.total_sales) ASC",
                "tmp1.i_item_id ASC"
              ]
            },
            "cumulative_cardinality": 0,
            "operator_type": "TOP_N",
            "operator_cardinality": 100,
            "cumulative_rows_scanned": 0,
            "operator_rows_scanned": 0,
            "operator_timing": 0.000383389,
            "children": [
              {
                "total_bytes_written": 0,
                "total_bytes_read": 0,
                "result_set_size": 99392,
                "operator_name": "HASH_GROUP_BY",
                "cpu_time": 0.0,
                "extra_info": {
                  "Groups": "#0",
                  "Aggregates": "sum(#1)",
                  "Estimated Cardinality": "14462"
                },
                "cumulative_cardinality": 0,
                "operator_type": "HASH_GROUP_BY",
                "operator_cardinality": 3106,
                "cumulative_rows_scanned": 0,
                "operator_rows_scanned": 0,
                "operator_timing": 0.006737846,
                "children": [
                  {
                    "total_bytes_written": 0,
                    "total_bytes_read": 0,
                    "result_set_size": 201440,
                    "operator_name": "PROJECTION",
                    "cpu_time": 0.0,
                    "extra_info": {
                      "Projections": [
                        "i_item_id",
                        "total_sales"
                      ],
                      "Estimated Cardinality": "15675"
                    },
                    "cumulative_cardinality": 0,
                    "operator_type": "PROJECTION",
                    "operator_cardinality": 6295,
                    "cumulative_rows_scanned": 0,
                    "operator_rows_scanned": 0,
                    "operator_timing": 3.0379e-05,
                    "children": [
                      {
                        "total_bytes_written": 0,
                        "total_bytes_read": 0,
                        "result_set_size": 0,
                        "operator_name": "UNION",
                        "cpu_time": 0.0,
                        "extra_info": {},
                        "cumulative_cardinality": 0,
                        "operator_type": "UNION",
                        "operator_cardinality": 0,
                        "cumulative_rows_scanned": 0,
                        "operator_rows_scanned": 0,
                        "operator_timing": 0.0,
                        "children": [
                          {
                            "total_bytes_written": 0,
                            "total_bytes_read": 0,
                            "result_set_size": 0,
                            "operator_name": "UNION",
                            "cpu_time": 0.0,
                            "extra_info": {},
                            "cumulative_cardinality": 0,
                            "operator_type": "UNION",
                            "operator_cardinality": 0,
                            "cumulative_rows_scanned": 0,
                            "operator_rows_scanned": 0,
                            "operator_timing": 0.0,
                            "children": [
                              {
                                "total_bytes_written": 0,
                                "total_bytes_read": 0,
                                "result_set_size": 90048,
                                "operator_name": "HASH_GROUP_BY",
                                "cpu_time": 0.0,
                                "extra_info": {
                                  "Groups": "#0",
                                  "Aggregates": "sum(#1)",
                                  "Estimated Cardinality": "8850"
                                },
                                "cumulative_cardinality": 0,
                                "operator_type": "HASH_GROUP_BY",
                                "operator_cardinality": 2814,
                                "cumulative_rows_scanned": 0,
                                "operator_rows_scanned": 0,
                                "operator_timing": 0.018050419999999998,
                                "children": [
                                  {
                                    "total_bytes_written": 0,
                                    "total_bytes_read": 0,
                                    "result_set_size": 137540,
                                    "operator_name": "PROJECTION",
                                    "cpu_time": 0.0,
                                    "extra_info": {
                                      "Projections": [
                                        "i_item_id",
                                        "ss_ext_sales_price"
                                      ],
                                      "Estimated Cardinality": "9285"
                                    },
                                    "cumulative_cardinality": 0,
                                    "operator_type": "PROJECTION",
                                    "operator_cardinality": 6877,
                                    "cumulative_rows_scanned": 0,
                                    "operator_rows_scanned": 0,
                                    "operator_timing": 4.333999999999999e-05,
                                    "children": [
                                      {
                                        "total_bytes_written": 0,
                                        "total_bytes_read": 0,
                                        "result_set_size": 137540,
                                        "operator_name": "HASH_JOIN",
                                        "cpu_time": 0.0,
                                        "extra_info": {
                                          "Join Type": "INNER",
                                          "Conditions": "ss_item_sk = i_item_sk",
                                          "Estimated Cardinality": "9285"
                                        },
                                        "cumulative_cardinality": 0,
                                        "operator_type": "HASH_JOIN",
                                        "operator_cardinality": 6877,
                                        "cumulative_rows_scanned": 0,
                                        "operator_rows_scanned": 0,
                                        "operator_timing": 0.002316327,
                                        "children": [
                                          {
                                            "total_bytes_written": 0,
                                            "total_bytes_read": 0,
                                            "result_set_size": 1306872,
                                            "operator_name": "HASH_JOIN",
                                            "cpu_time": 0.0,
                                            "extra_info": {
                                              "Join Type": "INNER",
                                              "Conditions": "ss_addr_sk = ca_address_sk",
                                              "Estimated Cardinality": "43721"
                                            },
                                            "cumulative_cardinality": 0,
                                            "operator_type": "HASH_JOIN",
                                            "operator_cardinality": 108906,
                                            "cumulative_rows_scanned": 0,
                                            "operator_rows_scanned": 0,
                                            "operator_timing": 0.0026968029999999994,
                                            "children": [
                                              {
                                                "total_bytes_written": 0,
                                                "total_bytes_read": 0,
                                                "result_set_size": 3910832,
                                                "operator_name": "HASH_JOIN",
                                                "cpu_time": 0.0,
                                                "extra_info": {
                                                  "Join Type": "INNER",
                                                  "Conditions": "ss_sold_date_sk = d_date_sk",
                                                  "Estimated Cardinality": "230647"
                                                },
                                                "cumulative_cardinality": 0,
                                                "operator_type": "HASH_JOIN",
                                                "operator_cardinality": 244427,
                                                "cumulative_rows_scanned": 0,
                                                "operator_rows_scanned": 0,
                                                "operator_timing": 0.03217589099999999,
                                                "children": [
                                                  {
                                                    "total_bytes_written": 0,
                                                    "total_bytes_read": 0,
                                                    "result_set_size": 3910832,
                                                    "operator_name": "SEQ_SCAN ",
                                                    "cpu_time": 0.0,
                                                    "extra_info": {
                                                      "Table": "store_sales",
                                                      "Type": "Sequential Scan",
                                                      "Projections": [
                                                        "ss_item_sk",
                                                        "ss_sold_date_sk",
                                                        "ss_addr_sk",
                                                        "ss_ext_sales_price"
                                                      ],
                                                      "Estimated Cardinality": "28800991"
                                                    },
                                                    "cumulative_cardinality": 0,
                                                    "operator_type": "TABLE_SCAN",
                                                    "operator_cardinality": 244427,
                                                    "cumulative_rows_scanned": 0,
                                                    "operator_rows_scanned": 806427748,
                                                    "operator_timing": 0.21129436,
                                                    "children": []
                                                  },
                                                  {
                                                    "total_bytes_written": 0,
                                                    "total_bytes_read": 0,
                                                    "result_set_size": 116,
                                                    "operator_name": "FILTER",
                                                    "cpu_time": 0.0,
                                                    "extra_info": {
                                                      "Expression": "(d_date_sk BETWEEN 2450816 AND 2452642)",
                                                      "Estimated Cardinality": "585"
                                                    },
                                                    "cumulative_cardinality": 0,
                                                    "operator_type": "FILTER",
                                                    "operator_cardinality": 29,
                                                    "cumulative_rows_scanned": 0,
                                                    "operator_rows_scanned": 0,
                                                    "operator_timing": 1.1171999999999999e-05,
                                                    "children": [
                                                      {
                                                        "total_bytes_written": 0,
                                                        "total_bytes_read": 0,
                                                        "result_set_size": 116,
                                                        "operator_name": "SEQ_SCAN ",
                                                        "cpu_time": 0.0,
                                                        "extra_info": {
                                                          "Table": "date_dim",
                                                          "Type": "Sequential Scan",
                                                          "Projections": "d_date_sk",
                                                          "Filters": [
                                                            "d_year=2000",
                                                            "d_moy=2"
                                                          ],
                                                          "Estimated Cardinality": "585"
                                                        },
                                                        "cumulative_cardinality": 0,
                                                        "operator_type": "TABLE_SCAN",
                                                        "operator_cardinality": 29,
                                                        "cumulative_rows_scanned": 0,
                                                        "operator_rows_scanned": 73049,
                                                        "operator_timing": 4.8233e-05,
                                                        "children": []
                                                      }
                                                    ]
                                                  }
                                                ]
                                              },
                                              {
                                                "total_bytes_written": 0,
                                                "total_bytes_read": 0,
                                                "result_set_size": 441884,
                                                "operator_name": "SEQ_SCAN ",
                                                "cpu_time": 0.0,
                                                "extra_info": {
                                                  "Table": "customer_address",
                                                  "Type": "Sequential Scan",
                                                  "Projections": "ca_address_sk",
                                                  "Filters": "ca_gmt_offset=-6.00",
                                                  "Estimated Cardinality": "41667"
                                                },
                                                "cumulative_cardinality": 0,
                                                "operator_type": "TABLE_SCAN",
                                                "operator_cardinality": 110471,
                                                "cumulative_rows_scanned": 0,
                                                "operator_rows_scanned": 750000,
                                                "operator_timing": 0.0004526860000000001,
                                                "children": []
                                              }
                                            ]
                                          },
                                          {
                                            "total_bytes_written": 0,
                                            "total_bytes_read": 0,
                                            "result_set_size": 148840,
                                            "operator_name": "HASH_JOIN",
                                            "cpu_time": 0.0,
                                            "extra_info": {
                                              "Join Type": "SEMI",
                                              "Conditions": "i_item_id = #0",
                                              "Estimated Cardinality": "20400"
                                            },
                                            "cumulative_cardinality": 0,
                                            "operator_type": "HASH_JOIN",
                                            "operator_cardinality": 7442,
                                            "cumulative_rows_scanned": 0,
                                            "operator_rows_scanned": 0,
                                            "operator_timing": 0.0011829699999999998,
                                            "children": [
                                              {
                                                "total_bytes_written": 0,
                                                "total_bytes_read": 0,
                                                "result_set_size": 2038400,
                                                "operator_name": "SEQ_SCAN ",
                                                "cpu_time": 0.0,
                                                "extra_info": {
                                                  "Table": "item",
                                                  "Type": "Sequential Scan",
                                                  "Projections": [
                                                    "i_item_id",
                                                    "i_item_sk"
                                                  ],
                                                  "Estimated Cardinality": "102000"
                                                },
                                                "cumulative_cardinality": 0,
                                                "operator_type": "TABLE_SCAN",
                                                "operator_cardinality": 101920,
                                                "cumulative_rows_scanned": 0,
                                                "operator_rows_scanned": 102000,
                                                "operator_timing": 0.0017286880000000001,
                                                "children": []
                                              },
                                              {
                                                "total_bytes_written": 0,
                                                "total_bytes_read": 0,
                                                "result_set_size": 51744,
                                                "operator_name": "PROJECTION",
                                                "cpu_time": 0.0,
                                                "extra_info": {
                                                  "Projections": "#1",
                                                  "Estimated Cardinality": "20400"
                                                },
                                                "cumulative_cardinality": 0,
                                                "operator_type": "PROJECTION",
                                                "operator_cardinality": 3234,
                                                "cumulative_rows_scanned": 0,
                                                "operator_rows_scanned": 0,
                                                "operator_timing": 5.879000000000001e-06,
                                                "children": [
                                                  {
                                                    "total_bytes_written": 0,
                                                    "total_bytes_read": 0,
                                                    "result_set_size": 103488,
                                                    "operator_name": "FILTER",
                                                    "cpu_time": 0.0,
                                                    "extra_info": {
                                                      "Expression": "((i_color = 'powder') OR (i_color = 'green') OR (i_color = 'cyan'))",
                                                      "Estimated Cardinality": "20400"
                                                    },
                                                    "cumulative_cardinality": 0,
                                                    "operator_type": "FILTER",
                                                    "operator_cardinality": 3234,
                                                    "cumulative_rows_scanned": 0,
                                                    "operator_rows_scanned": 0,
                                                    "operator_timing": 0.0006412699999999998,
                                                    "children": [
                                                      {
                                                        "total_bytes_written": 0,
                                                        "total_bytes_read": 0,
                                                        "result_set_size": 3264000,
                                                        "operator_name": "SEQ_SCAN ",
                                                        "cpu_time": 0.0,
                                                        "extra_info": {
                                                          "Table": "item",
                                                          "Type": "Sequential Scan",
                                                          "Projections": [
                                                            "i_color",
                                                            "i_item_id"
                                                          ],
                                                          "Filters": "optional: i_color IN ('powder', 'green', 'cyan')",
                                                          "Estimated Cardinality": "102000"
                                                        },
                                                        "cumulative_cardinality": 0,
                                                        "operator_type": "TABLE_SCAN",
                                                        "operator_cardinality": 102000,
                                                        "cumulative_rows_scanned": 0,
                                                        "operator_rows_scanned": 102000,
                                                        "operator_timing": 0.001669767,
                                                        "children": []
                                                      }
                                                    ]
                                                  }
                                                ]
                                              }
                                            ]
                                          }
                                        ]
                                      }
                                    ]
                                  }
                                ]
                              },
                              {
                                "total_bytes_written": 0,
                                "total_bytes_read": 0,
                                "result_set_size": 68384,
                                "operator_name": "HASH_GROUP_BY",
                                "cpu_time": 0.0,
                                "extra_info": {
                                  "Groups": "#0",
                                  "Aggregates": "sum(#1)",
                                  "Estimated Cardinality": "4538"
                                },
                                "cumulative_cardinality": 0,
                                "operator_type": "HASH_GROUP_BY",
                                "operator_cardinality": 2137,
                                "cumulative_rows_scanned": 0,
                                "operator_rows_scanned": 0,
                                "operator_timing": 0.002570975,
                                "children": [
                                  {
                                    "total_bytes_written": 0,
                                    "total_bytes_read": 0,
                                    "result_set_size": 72000,
                                    "operator_name": "PROJECTION",
                                    "cpu_time": 0.0,
                                    "extra_info": {
                                      "Projections": [
                                        "i_item_id",
                                        "cs_ext_sales_price"
                                      ],
                                      "Estimated Cardinality": "4649"
                                    },
                                    "cumulative_cardinality": 0,
                                    "operator_type": "PROJECTION",
                                    "operator_cardinality": 3600,
                                    "cumulative_rows_scanned": 0,
                                    "operator_rows_scanned": 0,
                                    "operator_timing": 8.365e-06,
                                    "children": [
                                      {
                                        "total_bytes_written": 0,
                                        "total_bytes_read": 0,
                                        "result_set_size": 72000,
                                        "operator_name": "HASH_JOIN",
                                        "cpu_time": 0.0,
                                        "extra_info": {
                                          "Join Type": "INNER",
                                          "Conditions": "i_item_sk = cs_item_sk",
                                          "Estimated Cardinality": "4649"
                                        },
                                        "cumulative_cardinality": 0,
                                        "operator_type": "HASH_JOIN",
                                        "operator_cardinality": 3600,
                                        "cumulative_rows_scanned": 0,
                                        "operator_rows_scanned": 0,
                                        "operator_timing": 0.0021725769999999998,
                                        "children": [
                                          {
                                            "total_bytes_written": 0,
                                            "total_bytes_read": 0,
                                            "result_set_size": 148840,
                                            "operator_name": "HASH_JOIN",
                                            "cpu_time": 0.0,
                                            "extra_info": {
                                              "Join Type": "SEMI",
                                              "Conditions": "i_item_id = #0",
                                              "Estimated Cardinality": "20400"
                                            },
                                            "cumulative_cardinality": 0,
                                            "operator_type": "HASH_JOIN",
                                            "operator_cardinality": 7442,
                                            "cumulative_rows_scanned": 0,
                                            "operator_rows_scanned": 0,
                                            "operator_timing": 0.0016361739999999996,
                                            "children": [
                                              {
                                                "total_bytes_written": 0,
                                                "total_bytes_read": 0,
                                                "result_set_size": 2038320,
                                                "operator_name": "SEQ_SCAN ",
                                                "cpu_time": 0.0,
                                                "extra_info": {
                                                  "Table": "item",
                                                  "Type": "Sequential Scan",
                                                  "Projections": [
                                                    "i_item_id",
                                                    "i_item_sk"
                                                  ],
                                                  "Estimated Cardinality": "102000"
                                                },
                                                "cumulative_cardinality": 0,
                                                "operator_type": "TABLE_SCAN",
                                                "operator_cardinality": 101916,
                                                "cumulative_rows_scanned": 0,
                                                "operator_rows_scanned": 102000,
                                                "operator_timing": 0.003749152,
                                                "children": []
                                              },
                                              {
                                                "total_bytes_written": 0,
                                                "total_bytes_read": 0,
                                                "result_set_size": 51744,
                                                "operator_name": "PROJECTION",
                                                "cpu_time": 0.0,
                                                "extra_info": {
                                                  "Projections": "#1",
                                                  "Estimated Cardinality": "20400"
                                                },
                                                "cumulative_cardinality": 0,
                                                "operator_type": "PROJECTION",
                                                "operator_cardinality": 3234,
                                                "cumulative_rows_scanned": 0,
                                                "operator_rows_scanned": 0,
                                                "operator_timing": 2.6640000000000002e-06,
                                                "children": [
                                                  {
                                                    "total_bytes_written": 0,
                                                    "total_bytes_read": 0,
                                                    "result_set_size": 103488,
                                                    "operator_name": "FILTER",
                                                    "cpu_time": 0.0,
                                                    "extra_info": {
                                                      "Expression": "((i_color = 'powder') OR (i_color = 'green') OR (i_color = 'cyan'))",
                                                      "Estimated Cardinality": "20400"
                                                    },
                                                    "cumulative_cardinality": 0,
                                                    "operator_type": "FILTER",
                                                    "operator_cardinality": 3234,
                                                    "cumulative_rows_scanned": 0,
                                                    "operator_rows_scanned": 0,
                                                    "operator_timing": 0.0004558860000000001,
                                                    "children": [
                                                      {
                                                        "total_bytes_written": 0,
                                                        "total_bytes_read": 0,
                                                        "result_set_size": 3264000,
                                                        "operator_name": "SEQ_SCAN ",
                                                        "cpu_time": 0.0,
                                                        "extra_info": {
                                                          "Table": "item",
                                                          "Type": "Sequential Scan",
                                                          "Projections": [
                                                            "i_color",
                                                            "i_item_id"
                                                          ],
                                                          "Filters": "optional: i_color IN ('powder', 'green', 'cyan')",
                                                          "Estimated Cardinality": "102000"
                                                        },
                                                        "cumulative_cardinality": 0,
                                                        "operator_type": "TABLE_SCAN",
                                                        "operator_cardinality": 102000,
                                                        "cumulative_rows_scanned": 0,
                                                        "operator_rows_scanned": 102000,
                                                        "operator_timing": 0.0012531460000000006,
                                                        "children": []
                                                      }
                                                    ]
                                                  }
                                                ]
                                              }
                                            ]
                                          },
                                          {
                                            "total_bytes_written": 0,
                                            "total_bytes_read": 0,
                                            "result_set_size": 692976,
                                            "operator_name": "HASH_JOIN",
                                            "cpu_time": 0.0,
                                            "extra_info": {
                                              "Join Type": "INNER",
                                              "Conditions": "cs_bill_addr_sk = ca_address_sk",
                                              "Estimated Cardinality": "21912"
                                            },
                                            "cumulative_cardinality": 0,
                                            "operator_type": "HASH_JOIN",
                                            "operator_cardinality": 57748,
                                            "cumulative_rows_scanned": 0,
                                            "operator_rows_scanned": 0,
                                            "operator_timing": 0.0020998610000000006,
                                            "children": [
                                              {
                                                "total_bytes_written": 0,
                                                "total_bytes_read": 0,
                                                "result_set_size": 2095008,
                                                "operator_name": "HASH_JOIN",
                                                "cpu_time": 0.0,
                                                "extra_info": {
                                                  "Join Type": "INNER",
                                                  "Conditions": "cs_sold_date_sk = d_date_sk",
                                                  "Estimated Cardinality": "115329"
                                                },
                                                "cumulative_cardinality": 0,
                                                "operator_type": "HASH_JOIN",
                                                "operator_cardinality": 130938,
                                                "cumulative_rows_scanned": 0,
                                                "operator_rows_scanned": 0,
                                                "operator_timing": 0.00028012299999999996,
                                                "children": [
                                                  {
                                                    "total_bytes_written": 0,
                                                    "total_bytes_read": 0,
                                                    "result_set_size": 2095008,
                                                    "operator_name": "SEQ_SCAN ",
                                                    "cpu_time": 0.0,
                                                    "extra_info": {
                                                      "Table": "catalog_sales",
                                                      "Type": "Sequential Scan",
                                                      "Projections": [
                                                        "cs_item_sk",
                                                        "cs_sold_date_sk",
                                                        "cs_bill_addr_sk",
                                                        "cs_ext_sales_price"
                                                      ],
                                                      "Estimated Cardinality": "14401261"
                                                    },
                                                    "cumulative_cardinality": 0,
                                                    "operator_type": "TABLE_SCAN",
                                                    "operator_cardinality": 130938,
                                                    "cumulative_rows_scanned": 0,
                                                    "operator_rows_scanned": 403235308,
                                                    "operator_timing": 0.001047694,
                                                    "children": []
                                                  },
                                                  {
                                                    "total_bytes_written": 0,
                                                    "total_bytes_read": 0,
                                                    "result_set_size": 116,
                                                    "operator_name": "FILTER",
                                                    "cpu_time": 0.0,
                                                    "extra_info": {
                                                      "Expression": "(d_date_sk BETWEEN 2450815 AND 2452653)",
                                                      "Estimated Cardinality": "585"
                                                    },
                                                    "cumulative_cardinality": 0,
                                                    "operator_type": "FILTER",
                                                    "operator_cardinality": 29,
                                                    "cumulative_rows_scanned": 0,
                                                    "operator_rows_scanned": 0,
                                                    "operator_timing": 1.0228e-05,
                                                    "children": [
                                                      {
                                                        "total_bytes_written": 0,
                                                        "total_bytes_read": 0,
                                                        "result_set_size": 116,
                                                        "operator_name": "SEQ_SCAN ",
                                                        "cpu_time": 0.0,
                                                        "extra_info": {
                                                          "Table": "date_dim",
                                                          "Type": "Sequential Scan",
                                                          "Projections": "d_date_sk",
                                                          "Filters": [
                                                            "d_year=2000",
                                                            "d_moy=2"
                                                          ],
                                                          "Estimated Cardinality": "585"
                                                        },
                                                        "cumulative_cardinality": 0,
                                                        "operator_type": "TABLE_SCAN",
                                                        "operator_cardinality": 29,
                                                        "cumulative_rows_scanned": 0,
                                                        "operator_rows_scanned": 73049,
                                                        "operator_timing": 4.1899e-05,
                                                        "children": []
                                                      }
                                                    ]
                                                  }
                                                ]
                                              },
                                              {
                                                "total_bytes_written": 0,
                                                "total_bytes_read": 0,
                                                "result_set_size": 441884,
                                                "operator_name": "SEQ_SCAN ",
                                                "cpu_time": 0.0,
                                                "extra_info": {
                                                  "Table": "customer_address",
                                                  "Type": "Sequential Scan",
                                                  "Projections": "ca_address_sk",
                                                  "Filters": "ca_gmt_offset=-6.00",
                                                  "Estimated Cardinality": "41667"
                                                },
                                                "cumulative_cardinality": 0,
                                                "operator_type": "TABLE_SCAN",
                                                "operator_cardinality": 110471,
                                                "cumulative_rows_scanned": 0,
                                                "operator_rows_scanned": 750000,
                                                "operator_timing": 0.0007969810000000001,
                                                "children": []
                                              }
                                            ]
                                          }
                                        ]
                                      }
                                    ]
                                  }
                                ]
                              }
                            ]
                          },
                          {
                            "total_bytes_written": 0,
                            "total_bytes_read": 0,
                            "result_set_size": 43008,
                            "operator_name": "HASH_GROUP_BY",
                            "cpu_time": 0.0,
                            "extra_info": {
                              "Groups": "#0",
                              "Aggregates": "sum(#1)",
                              "Estimated Cardinality": "2287"
                            },
                            "cumulative_cardinality": 0,
                            "operator_type": "HASH_GROUP_BY",
                            "operator_cardinality": 1344,
                            "cumulative_rows_scanned": 0,
                            "operator_rows_scanned": 0,
                            "operator_timing": 0.001077582,
                            "children": [
                              {
                                "total_bytes_written": 0,
                                "total_bytes_read": 0,
                                "result_set_size": 34420,
                                "operator_name": "PROJECTION",
                                "cpu_time": 0.0,
                                "extra_info": {
                                  "Projections": [
                                    "i_item_id",
                                    "ws_ext_sales_price"
                                  ],
                                  "Estimated Cardinality": "2315"
                                },
                                "cumulative_cardinality": 0,
                                "operator_type": "PROJECTION",
                                "operator_cardinality": 1721,
                                "cumulative_rows_scanned": 0,
                                "operator_rows_scanned": 0,
                                "operator_timing": 2.025e-06,
                                "children": [
                                  {
                                    "total_bytes_written": 0,
                                    "total_bytes_read": 0,
                                    "result_set_size": 34420,
                                    "operator_name": "HASH_JOIN",
                                    "cpu_time": 0.0,
                                    "extra_info": {
                                      "Join Type": "RIGHT_SEMI",
                                      "Conditions": "#0 = i_item_id",
                                      "Estimated Cardinality": "2315"
                                    },
                                    "cumulative_cardinality": 0,
                                    "operator_type": "HASH_JOIN",
                                    "operator_cardinality": 1721,
                                    "cumulative_rows_scanned": 0,
                                    "operator_rows_scanned": 0,
                                    "operator_timing": 0.001341979,
                                    "children": [
                                      {
                                        "total_bytes_written": 0,
                                        "total_bytes_read": 0,
                                        "result_set_size": 51744,
                                        "operator_name": "PROJECTION",
                                        "cpu_time": 0.0,
                                        "extra_info": {
                                          "Projections": "#1",
                                          "Estimated Cardinality": "20400"
                                        },
                                        "cumulative_cardinality": 0,
                                        "operator_type": "PROJECTION",
                                        "operator_cardinality": 3234,
                                        "cumulative_rows_scanned": 0,
                                        "operator_rows_scanned": 0,
                                        "operator_timing": 2.0910000000000004e-06,
                                        "children": [
                                          {
                                            "total_bytes_written": 0,
                                            "total_bytes_read": 0,
                                            "result_set_size": 103488,
                                            "operator_name": "FILTER",
                                            "cpu_time": 0.0,
                                            "extra_info": {
                                              "Expression": "((i_color = 'powder') OR (i_color = 'green') OR (i_color = 'cyan'))",
                                              "Estimated Cardinality": "20400"
                                            },
                                            "cumulative_cardinality": 0,
                                            "operator_type": "FILTER",
                                            "operator_cardinality": 3234,
                                            "cumulative_rows_scanned": 0,
                                            "operator_rows_scanned": 0,
                                            "operator_timing": 0.000430116,
                                            "children": [
                                              {
                                                "total_bytes_written": 0,
                                                "total_bytes_read": 0,
                                                "result_set_size": 3264000,
                                                "operator_name": "SEQ_SCAN ",
                                                "cpu_time": 0.0,
                                                "extra_info": {
                                                  "Table": "item",
                                                  "Type": "Sequential Scan",
                                                  "Projections": [
                                                    "i_color",
                                                    "i_item_id"
                                                  ],
                                                  "Filters": "optional: i_color IN ('powder', 'green', 'cyan')",
                                                  "Estimated Cardinality": "102000"
                                                },
                                                "cumulative_cardinality": 0,
                                                "operator_type": "TABLE_SCAN",
                                                "operator_cardinality": 102000,
                                                "cumulative_rows_scanned": 0,
                                                "operator_rows_scanned": 102000,
                                                "operator_timing": 0.0012171600000000003,
                                                "children": []
                                              }
                                            ]
                                          }
                                        ]
                                      },
                                      {
                                        "total_bytes_written": 0,
                                        "total_bytes_read": 0,
                                        "result_set_size": 552840,
                                        "operator_name": "HASH_JOIN",
                                        "cpu_time": 0.0,
                                        "extra_info": {
                                          "Join Type": "INNER",
                                          "Conditions": "i_item_sk = ws_item_sk",
                                          "Estimated Cardinality": "11579"
                                        },
                                        "cumulative_cardinality": 0,
                                        "operator_type": "HASH_JOIN",
                                        "operator_cardinality": 27642,
                                        "cumulative_rows_scanned": 0,
                                        "operator_rows_scanned": 0,
                                        "operator_timing": 0.004628169999999999,
                                        "children": [
                                          {
                                            "total_bytes_written": 0,
                                            "total_bytes_read": 0,
                                            "result_set_size": 2039980,
                                            "operator_name": "SEQ_SCAN ",
                                            "cpu_time": 0.0,
                                            "extra_info": {
                                              "Table": "item",
                                              "Type": "Sequential Scan",
                                              "Projections": [
                                                "i_item_id",
                                                "i_item_sk"
                                              ],
                                              "Estimated Cardinality": "102000"
                                            },
                                            "cumulative_cardinality": 0,
                                            "operator_type": "TABLE_SCAN",
                                            "operator_cardinality": 101999,
                                            "cumulative_rows_scanned": 0,
                                            "operator_rows_scanned": 102000,
                                            "operator_timing": 0.0010192339999999995,
                                            "children": []
                                          },
                                          {
                                            "total_bytes_written": 0,
                                            "total_bytes_read": 0,
                                            "result_set_size": 331704,
                                            "operator_name": "HASH_JOIN",
                                            "cpu_time": 0.0,
                                            "extra_info": {
                                              "Join Type": "INNER",
                                              "Conditions": "ws_bill_addr_sk = ca_address_sk",
                                              "Estimated Cardinality": "10951"
                                            },
                                            "cumulative_cardinality": 0,
                                            "operator_type": "HASH_JOIN",
                                            "operator_cardinality": 27642,
                                            "cumulative_rows_scanned": 0,
                                            "operator_rows_scanned": 0,
                                            "operator_timing": 0.001982123,
                                            "children": [
                                              {
                                                "total_bytes_written": 0,
                                                "total_bytes_read": 0,
                                                "result_set_size": 1025328,
                                                "operator_name": "HASH_JOIN",
                                                "cpu_time": 0.0,
                                                "extra_info": {
                                                  "Join Type": "INNER",
                                                  "Conditions": "ws_sold_date_sk = d_date_sk",
                                                  "Estimated Cardinality": "57640"
                                                },
                                                "cumulative_cardinality": 0,
                                                "operator_type": "HASH_JOIN",
                                                "operator_cardinality": 64083,
                                                "cumulative_rows_scanned": 0,
                                                "operator_rows_scanned": 0,
                                                "operator_timing": 0.009428012999999999,
                                                "children": [
                                                  {
                                                    "total_bytes_written": 0,
                                                    "total_bytes_read": 0,
                                                    "result_set_size": 1025328,
                                                    "operator_name": "SEQ_SCAN ",
                                                    "cpu_time": 0.0,
                                                    "extra_info": {
                                                      "Table": "web_sales",
                                                      "Type": "Sequential Scan",
                                                      "Projections": [
                                                        "ws_item_sk",
                                                        "ws_sold_date_sk",
                                                        "ws_bill_addr_sk",
                                                        "ws_ext_sales_price"
                                                      ],
                                                      "Estimated Cardinality": "7197566"
                                                    },
                                                    "cumulative_cardinality": 0,
                                                    "operator_type": "TABLE_SCAN",
                                                    "operator_cardinality": 64083,
                                                    "cumulative_rows_scanned": 0,
                                                    "operator_rows_scanned": 201531848,
                                                    "operator_timing": 0.04864895499999998,
                                                    "children": []
                                                  },
                                                  {
                                                    "total_bytes_written": 0,
                                                    "total_bytes_read": 0,
                                                    "result_set_size": 116,
                                                    "operator_name": "FILTER",
                                                    "cpu_time": 0.0,
                                                    "extra_info": {
                                                      "Expression": "(d_date_sk BETWEEN 2450816 AND 2452642)",
                                                      "Estimated Cardinality": "585"
                                                    },
                                                    "cumulative_cardinality": 0,
                                                    "operator_type": "FILTER",
                                                    "operator_cardinality": 29,
                                                    "cumulative_rows_scanned": 0,
                                                    "operator_rows_scanned": 0,
                                                    "operator_timing": 1.0005e-05,
                                                    "children": [
                                                      {
                                                        "total_bytes_written": 0,
                                                        "total_bytes_read": 0,
                                                        "result_set_size": 116,
                                                        "operator_name": "SEQ_SCAN ",
                                                        "cpu_time": 0.0,
                                                        "extra_info": {
                                                          "Table": "date_dim",
                                                          "Type": "Sequential Scan",
                                                          "Projections": "d_date_sk",
                                                          "Filters": [
                                                            "d_year=2000",
                                                            "d_moy=2"
                                                          ],
                                                          "Estimated Cardinality": "585"
                                                        },
                                                        "cumulative_cardinality": 0,
                                                        "operator_type": "TABLE_SCAN",
                                                        "operator_cardinality": 29,
                                                        "cumulative_rows_scanned": 0,
                                                        "operator_rows_scanned": 73049,
                                                        "operator_timing": 3.9144e-05,
                                                        "children": []
                                                      }
                                                    ]
                                                  }
                                                ]
                                              },
                                              {
                                                "total_bytes_written": 0,
                                                "total_bytes_read": 0,
                                                "result_set_size": 441884,
                                                "operator_name": "SEQ_SCAN ",
                                                "cpu_time": 0.0,
                                                "extra_info": {
                                                  "Table": "customer_address",
                                                  "Type": "Sequential Scan",
                                                  "Projections": "ca_address_sk",
                                                  "Filters": "ca_gmt_offset=-6.00",
                                                  "Estimated Cardinality": "41667"
                                                },
                                                "cumulative_cardinality": 0,
                                                "operator_type": "TABLE_SCAN",
                                                "operator_cardinality": 110471,
                                                "cumulative_rows_scanned": 0,
                                                "operator_rows_scanned": 750000,
                                                "operator_timing": 0.0007601939999999998,
                                                "children": []
                                              }
                                            ]
                                          }
                                        ]
                                      }
                                    ]
                                  }
                                ]
                              }
                            ]
                          }
                        ]
                      }
                    ]
                  }
                ]
              }
            ]
          }
        ]
      }
    ]
  },
  "actual_rows": 0,
  "collected_at": "2026-02-16T10:19:36.495731",
  "query_id": "query_56"
}