{
  "execution_time_ms": 6.4,
  "plan_text": "\u250c\u2500\u2500\u2500\u2500\u2500\u2500\u2500\u2500\u2500\u2500\u2500\u2500\u2500\u2500\u2500\u2500\u2500\u2500\u2500\u2500\u2500\u2500\u2500\u2500\u2500\u2500\u2500\u2500\u2500\u2500\u2500\u2500\u2500\u2500\u2500\u2500\u2500\u2510\n\u2502\u250c\u2500\u2500\u2500\u2500\u2500\u2500\u2500\u2500\u2500\u2500\u2500\u2500\u2500\u2500\u2500\u2500\u2500\u2500\u2500\u2500\u2500\u2500\u2500\u2500\u2500\u2500\u2500\u2500\u2500\u2500\u2500\u2500\u2500\u2500\u2500\u2510\u2502\n\u2502\u2502    Query Profiling Information    \u2502\u2502\n\u2502\u2514\u2500\u2500\u2500\u2500\u2500\u2500\u2500\u2500\u2500\u2500\u2500\u2500\u2500\u2500\u2500\u2500\u2500\u2500\u2500\u2500\u2500\u2500\u2500\u2500\u2500\u2500\u2500\u2500\u2500\u2500\u2500\u2500\u2500\u2500\u2500\u2518\u2502\n\u2514\u2500\u2500\u2500\u2500\u2500\u2500\u2500\u2500\u2500\u2500\u2500\u2500\u2500\u2500\u2500\u2500\u2500\u2500\u2500\u2500\u2500\u2500\u2500\u2500\u2500\u2500\u2500\u2500\u2500\u2500\u2500\u2500\u2500\u2500\u2500\u2500\u2500\u2518\nEXPLAIN ANALYZE -- start query 44 in stream 0 using template query44.tpl select asceding.rnk, i1.i_product_name best_performing, i2.i_product_name worst_performing from(select *      from (select item_sk,rank() over (order by rank_col asc) rnk            from (select ss_item_sk item_sk,avg(ss_net_profit) rank_col                   from store_sales ss1                  where ss_store_sk = 146                  group by ss_item_sk                  having avg(ss_net_profit) > 0.9*(select avg(ss_net_profit) rank_col                                                   from store_sales                                                   where ss_store_sk = 146                                                     and ss_addr_sk is null                                                   group by ss_store_sk))V1)V11      where rnk  < 11) asceding,     (select *      from (select item_sk,rank() over (order by rank_col desc) rnk            from (select ss_item_sk item_sk,avg(ss_net_profit) rank_col                  from store_sales ss1                  where ss_store_sk = 146                  group by ss_item_sk                  having avg(ss_net_profit) > 0.9*(select avg(ss_net_profit) rank_col                                                   from store_sales                                                   where ss_store_sk = 146                                                     and ss_addr_sk is null                                                   group by ss_store_sk))V2)V21      where rnk  < 11) descending, item i1, item i2 where asceding.rnk = descending.rnk    and i1.i_item_sk=asceding.item_sk   and i2.i_item_sk=descending.item_sk order by asceding.rnk  LIMIT 100;  -- end query 44 in stream 0 using template query44.tpl\n\u250c\u2500\u2500\u2500\u2500\u2500\u2500\u2500\u2500\u2500\u2500\u2500\u2500\u2500\u2500\u2500\u2500\u2500\u2500\u2500\u2500\u2500\u2500\u2500\u2500\u2500\u2500\u2500\u2500\u2500\u2500\u2500\u2500\u2500\u2500\u2500\u2500\u2500\u2500\u2500\u2500\u2500\u2500\u2500\u2500\u2500\u2500\u2500\u2500\u2510\n\u2502\u250c\u2500\u2500\u2500\u2500\u2500\u2500\u2500\u2500\u2500\u2500\u2500\u2500\u2500\u2500\u2500\u2500\u2500\u2500\u2500\u2500\u2500\u2500\u2500\u2500\u2500\u2500\u2500\u2500\u2500\u2500\u2500\u2500\u2500\u2500\u2500\u2500\u2500\u2500\u2500\u2500\u2500\u2500\u2500\u2500\u2500\u2500\u2510\u2502\n\u2502\u2502              Total Time: 0.0064s             \u2502\u2502\n\u2502\u2514\u2500\u2500\u2500\u2500\u2500\u2500\u2500\u2500\u2500\u2500\u2500\u2500\u2500\u2500\u2500\u2500\u2500\u2500\u2500\u2500\u2500\u2500\u2500\u2500\u2500\u2500\u2500\u2500\u2500\u2500\u2500\u2500\u2500\u2500\u2500\u2500\u2500\u2500\u2500\u2500\u2500\u2500\u2500\u2500\u2500\u2500\u2518\u2502\n\u2514\u2500\u2500\u2500\u2500\u2500\u2500\u2500\u2500\u2500\u2500\u2500\u2500\u2500\u2500\u2500\u2500\u2500\u2500\u2500\u2500\u2500\u2500\u2500\u2500\u2500\u2500\u2500\u2500\u2500\u2500\u2500\u2500\u2500\u2500\u2500\u2500\u2500\u2500\u2500\u2500\u2500\u2500\u2500\u2500\u2500\u2500\u2500\u2500\u2518\n\u250c\u2500\u2500\u2500\u2500\u2500\u2500\u2500\u2500\u2500\u2500\u2500\u2500\u2500\u2500\u2500\u2500\u2500\u2500\u2500\u2500\u2500\u2500\u2500\u2500\u2500\u2500\u2500\u2510\n\u2502           QUERY           \u2502\n\u2514\u2500\u2500\u2500\u2500\u2500\u2500\u2500\u2500\u2500\u2500\u2500\u2500\u2500\u252c\u2500\u2500\u2500\u2500\u2500\u2500\u2500\u2500\u2500\u2500\u2500\u2500\u2500\u2518\n\u250c\u2500\u2500\u2500\u2500\u2500\u2500\u2500\u2500\u2500\u2500\u2500\u2500\u2500\u2534\u2500\u2500\u2500\u2500\u2500\u2500\u2500\u2500\u2500\u2500\u2500\u2500\u2500\u2510\n\u2502      EXPLAIN_ANALYZE      \u2502\n\u2502    \u2500\u2500\u2500\u2500\u2500\u2500\u2500\u2500\u2500\u2500\u2500\u2500\u2500\u2500\u2500\u2500\u2500\u2500\u2500\u2500   \u2502\n\u2502           0 rows          \u2502\n\u2502          (0.00s)          \u2502\n\u2514\u2500\u2500\u2500\u2500\u2500\u2500\u2500\u2500\u2500\u2500\u2500\u2500\u2500\u252c\u2500\u2500\u2500\u2500\u2500\u2500\u2500\u2500\u2500\u2500\u2500\u2500\u2500\u2518\n\u250c\u2500\u2500\u2500\u2500\u2500\u2500\u2500\u2500\u2500\u2500\u2500\u2500\u2500\u2534\u2500\u2500\u2500\u2500\u2500\u2500\u2500\u2500\u2500\u2500\u2500\u2500\u2500\u2510\n\u2502           TOP_N           \u2502\n\u2502    \u2500\u2500\u2500\u2500\u2500\u2500\u2500\u2500\u2500\u2500\u2500\u2500\u2500\u2500\u2500\u2500\u2500\u2500\u2500\u2500   \u2502\n\u2502          Top: 100         \u2502\n\u2502                           \u2502\n\u2502         Order By:         \u2502\n\u2502      asceding.rnk ASC     \u2502\n\u2502                           \u2502\n\u2502           0 rows          \u2502\n\u2502          (0.00s)          \u2502\n\u2514\u2500\u2500\u2500\u2500\u2500\u2500\u2500\u2500\u2500\u2500\u2500\u2500\u2500\u252c\u2500\u2500\u2500\u2500\u2500\u2500\u2500\u2500\u2500\u2500\u2500\u2500\u2500\u2518\n\u250c\u2500\u2500\u2500\u2500\u2500\u2500\u2500\u2500\u2500\u2500\u2500\u2500\u2500\u2534\u2500\u2500\u2500\u2500\u2500\u2500\u2500\u2500\u2500\u2500\u2500\u2500\u2500\u2510\n\u2502         PROJECTION        \u2502\n\u2502    \u2500\u2500\u2500\u2500\u2500\u2500\u2500\u2500\u2500\u2500\u2500\u2500\u2500\u2500\u2500\u2500\u2500\u2500\u2500\u2500   \u2502\n\u2502            rnk            \u2502\n\u2502      best_performing      \u2502\n\u2502      worst_performing     \u2502\n\u2502                           \u2502\n\u2502           0 rows          \u2502\n\u2502          (0.00s)          \u2502\n\u2514\u2500\u2500\u2500\u2500\u2500\u2500\u2500\u2500\u2500\u2500\u2500\u2500\u2500\u252c\u2500\u2500\u2500\u2500\u2500\u2500\u2500\u2500\u2500\u2500\u2500\u2500\u2500\u2518\n\u250c\u2500\u2500\u2500\u2500\u2500\u2500\u2500\u2500\u2500\u2500\u2500\u2500\u2500\u2534\u2500\u2500\u2500\u2500\u2500\u2500\u2500\u2500\u2500\u2500\u2500\u2500\u2500\u2510\n\u2502         HASH_JOIN         \u2502\n\u2502    \u2500\u2500\u2500\u2500\u2500\u2500\u2500\u2500\u2500\u2500\u2500\u2500\u2500\u2500\u2500\u2500\u2500\u2500\u2500\u2500   \u2502\n\u2502      Join Type: INNER     \u2502\n\u2502   Conditions: rnk = rnk   \u251c\u2500\u2500\u2500\u2500\u2500\u2500\u2500\u2500\u2500\u2500\u2500\u2500\u2500\u2500\u2500\u2500\u2500\u2500\u2500\u2500\u2500\u2500\u2500\u2500\u2500\u2500\u2500\u2500\u2500\u2500\u2500\u2500\u2500\u2500\u2500\u2500\u2500\u2500\u2500\u2500\u2500\u2500\u2500\u2500\u2500\u2500\u2500\u2500\u2500\u2500\u2500\u2500\u2500\u2500\u2500\u2500\u2500\u2500\u2500\u2500\u2500\u2500\u2500\u2500\u2500\u2500\u2500\u2500\u2500\u2500\u2500\u2500\u2510\n\u2502                           \u2502                                                                        \u2502\n\u2502           0 rows          \u2502                                                                        \u2502\n\u2502          (0.00s)          \u2502                                                                        \u2502\n\u2514\u2500\u2500\u2500\u2500\u2500\u2500\u2500\u2500\u2500\u2500\u2500\u2500\u2500\u252c\u2500\u2500\u2500\u2500\u2500\u2500\u2500\u2500\u2500\u2500\u2500\u2500\u2500\u2518                                                                        \u2502\n\u250c\u2500\u2500\u2500\u2500\u2500\u2500\u2500\u2500\u2500\u2500\u2500\u2500\u2500\u2534\u2500\u2500\u2500\u2500\u2500\u2500\u2500\u2500\u2500\u2500\u2500\u2500\u2500\u2510                                                          \u250c\u2500\u2500\u2500\u2500\u2500\u2500\u2500\u2500\u2500\u2500\u2500\u2500\u2500\u2534\u2500\u2500\u2500\u2500\u2500\u2500\u2500\u2500\u2500\u2500\u2500\u2500\u2500\u2510\n\u2502         HASH_JOIN         \u2502                                                          \u2502         HASH_JOIN         \u2502\n\u2502    \u2500\u2500\u2500\u2500\u2500\u2500\u2500\u2500\u2500\u2500\u2500\u2500\u2500\u2500\u2500\u2500\u2500\u2500\u2500\u2500   \u2502                                                          \u2502    \u2500\u2500\u2500\u2500\u2500\u2500\u2500\u2500\u2500\u2500\u2500\u2500\u2500\u2500\u2500\u2500\u2500\u2500\u2500\u2500   \u2502\n\u2502      Join Type: INNER     \u2502                                                          \u2502      Join Type: INNER     \u2502\n\u2502                           \u2502                                                          \u2502                           \u2502\n\u2502        Conditions:        \u251c\u2500\u2500\u2500\u2500\u2500\u2500\u2500\u2500\u2500\u2500\u2500\u2500\u2500\u2500\u2510                                           \u2502        Conditions:        \u251c\u2500\u2500\u2500\u2500\u2500\u2500\u2500\u2500\u2500\u2500\u2500\u2500\u2500\u2500\u2510\n\u2502    i_item_sk = item_sk    \u2502              \u2502                                           \u2502    i_item_sk = item_sk    \u2502              \u2502\n\u2502                           \u2502              \u2502                                           \u2502                           \u2502              \u2502\n\u2502           0 rows          \u2502              \u2502                                           \u2502           0 rows          \u2502              \u2502\n\u2502          (0.00s)          \u2502              \u2502                                           \u2502          (0.00s)          \u2502              \u2502\n\u2514\u2500\u2500\u2500\u2500\u2500\u2500\u2500\u2500\u2500\u2500\u2500\u2500\u2500\u252c\u2500\u2500\u2500\u2500\u2500\u2500\u2500\u2500\u2500\u2500\u2500\u2500\u2500\u2518              \u2502                                           \u2514\u2500\u2500\u2500\u2500\u2500\u2500\u2500\u2500\u2500\u2500\u2500\u2500\u2500\u252c\u2500\u2500\u2500\u2500\u2500\u2500\u2500\u2500\u2500\u2500\u2500\u2500\u2500\u2518              \u2502\n\u250c\u2500\u2500\u2500\u2500\u2500\u2500\u2500\u2500\u2500\u2500\u2500\u2500\u2500\u2534\u2500\u2500\u2500\u2500\u2500\u2500\u2500\u2500\u2500\u2500\u2500\u2500\u2500\u2510\u250c\u2500\u2500\u2500\u2500\u2500\u2500\u2500\u2500\u2500\u2500\u2500\u2500\u2500\u2534\u2500\u2500\u2500\u2500\u2500\u2500\u2500\u2500\u2500\u2500\u2500\u2500\u2500\u2510                             \u250c\u2500\u2500\u2500\u2500\u2500\u2500\u2500\u2500\u2500\u2500\u2500\u2500\u2500\u2534\u2500\u2500\u2500\u2500\u2500\u2500\u2500\u2500\u2500\u2500\u2500\u2500\u2500\u2510\u250c\u2500\u2500\u2500\u2500\u2500\u2500\u2500\u2500\u2500\u2500\u2500\u2500\u2500\u2534\u2500\u2500\u2500\u2500\u2500\u2500\u2500\u2500\u2500\u2500\u2500\u2500\u2500\u2510\n\u2502         TABLE_SCAN        \u2502\u2502         PROJECTION        \u2502                             \u2502         TABLE_SCAN        \u2502\u2502         PROJECTION        \u2502\n\u2502    \u2500\u2500\u2500\u2500\u2500\u2500\u2500\u2500\u2500\u2500\u2500\u2500\u2500\u2500\u2500\u2500\u2500\u2500\u2500\u2500   \u2502\u2502    \u2500\u2500\u2500\u2500\u2500\u2500\u2500\u2500\u2500\u2500\u2500\u2500\u2500\u2500\u2500\u2500\u2500\u2500\u2500\u2500   \u2502                             \u2502    \u2500\u2500\u2500\u2500\u2500\u2500\u2500\u2500\u2500\u2500\u2500\u2500\u2500\u2500\u2500\u2500\u2500\u2500\u2500\u2500   \u2502\u2502    \u2500\u2500\u2500\u2500\u2500\u2500\u2500\u2500\u2500\u2500\u2500\u2500\u2500\u2500\u2500\u2500\u2500\u2500\u2500\u2500   \u2502\n\u2502        Table: item        \u2502\u2502             #0            \u2502                             \u2502        Table: item        \u2502\u2502             #0            \u2502\n\u2502   Type: Sequential Scan   \u2502\u2502             #2            \u2502                             \u2502   Type: Sequential Scan   \u2502\u2502             #2            \u2502\n\u2502                           \u2502\u2502                           \u2502                             \u2502                           \u2502\u2502                           \u2502\n\u2502        Projections:       \u2502\u2502                           \u2502                             \u2502        Projections:       \u2502\u2502                           \u2502\n\u2502         i_item_sk         \u2502\u2502                           \u2502                             \u2502         i_item_sk         \u2502\u2502                           \u2502\n\u2502       i_product_name      \u2502\u2502                           \u2502                             \u2502       i_product_name      \u2502\u2502                           \u2502\n\u2502                           \u2502\u2502                           \u2502                             \u2502                           \u2502\u2502                           \u2502\n\u2502         2,048 rows        \u2502\u2502           0 rows          \u2502                             \u2502         2,048 rows        \u2502\u2502           0 rows          \u2502\n\u2502          (0.00s)          \u2502\u2502          (0.00s)          \u2502                             \u2502          (0.00s)          \u2502\u2502          (0.00s)          \u2502\n\u2514\u2500\u2500\u2500\u2500\u2500\u2500\u2500\u2500\u2500\u2500\u2500\u2500\u2500\u2500\u2500\u2500\u2500\u2500\u2500\u2500\u2500\u2500\u2500\u2500\u2500\u2500\u2500\u2518\u2514\u2500\u2500\u2500\u2500\u2500\u2500\u2500\u2500\u2500\u2500\u2500\u2500\u2500\u252c\u2500\u2500\u2500\u2500\u2500\u2500\u2500\u2500\u2500\u2500\u2500\u2500\u2500\u2518                             \u2514\u2500\u2500\u2500\u2500\u2500\u2500\u2500\u2500\u2500\u2500\u2500\u2500\u2500\u2500\u2500\u2500\u2500\u2500\u2500\u2500\u2500\u2500\u2500\u2500\u2500\u2500\u2500\u2518\u2514\u2500\u2500\u2500\u2500\u2500\u2500\u2500\u2500\u2500\u2500\u2500\u2500\u2500\u252c\u2500\u2500\u2500\u2500\u2500\u2500\u2500\u2500\u2500\u2500\u2500\u2500\u2500\u2518\n                             \u250c\u2500\u2500\u2500\u2500\u2500\u2500\u2500\u2500\u2500\u2500\u2500\u2500\u2500\u2534\u2500\u2500\u2500\u2500\u2500\u2500\u2500\u2500\u2500\u2500\u2500\u2500\u2500\u2510                                                          \u250c\u2500\u2500\u2500\u2500\u2500\u2500\u2500\u2500\u2500\u2500\u2500\u2500\u2500\u2534\u2500\u2500\u2500\u2500\u2500\u2500\u2500\u2500\u2500\u2500\u2500\u2500\u2500\u2510\n                             \u2502           FILTER          \u2502                                                          \u2502           FILTER          \u2502\n                             \u2502    \u2500\u2500\u2500\u2500\u2500\u2500\u2500\u2500\u2500\u2500\u2500\u2500\u2500\u2500\u2500\u2500\u2500\u2500\u2500\u2500   \u2502                                                          \u2502    \u2500\u2500\u2500\u2500\u2500\u2500\u2500\u2500\u2500\u2500\u2500\u2500\u2500\u2500\u2500\u2500\u2500\u2500\u2500\u2500   \u2502\n                             \u2502         (rnk < 11)        \u2502                                                          \u2502         (rnk < 11)        \u2502\n                             \u2502                           \u2502                                                          \u2502                           \u2502\n                             \u2502           0 rows          \u2502                                                          \u2502           0 rows          \u2502\n                             \u2502          (0.00s)          \u2502                                                          \u2502          (0.00s)          \u2502\n                             \u2514\u2500\u2500\u2500\u2500\u2500\u2500\u2500\u2500\u2500\u2500\u2500\u2500\u2500\u252c\u2500\u2500\u2500\u2500\u2500\u2500\u2500\u2500\u2500\u2500\u2500\u2500\u2500\u2518                                                          \u2514\u2500\u2500\u2500\u2500\u2500\u2500\u2500\u2500\u2500\u2500\u2500\u2500\u2500\u252c\u2500\u2500\u2500\u2500\u2500\u2500\u2500\u2500\u2500\u2500\u2500\u2500\u2500\u2518\n                             \u250c\u2500\u2500\u2500\u2500\u2500\u2500\u2500\u2500\u2500\u2500\u2500\u2500\u2500\u2534\u2500\u2500\u2500\u2500\u2500\u2500\u2500\u2500\u2500\u2500\u2500\u2500\u2500\u2510                                                          \u250c\u2500\u2500\u2500\u2500\u2500\u2500\u2500\u2500\u2500\u2500\u2500\u2500\u2500\u2534\u2500\u2500\u2500\u2500\u2500\u2500\u2500\u2500\u2500\u2500\u2500\u2500\u2500\u2510\n                             \u2502         PROJECTION        \u2502                                                          \u2502         PROJECTION        \u2502\n                             \u2502    \u2500\u2500\u2500\u2500\u2500\u2500\u2500\u2500\u2500\u2500\u2500\u2500\u2500\u2500\u2500\u2500\u2500\u2500\u2500\u2500   \u2502                                                          \u2502    \u2500\u2500\u2500\u2500\u2500\u2500\u2500\u2500\u2500\u2500\u2500\u2500\u2500\u2500\u2500\u2500\u2500\u2500\u2500\u2500   \u2502\n                             \u2502             #0            \u2502                                                          \u2502             #0            \u2502\n                             \u2502             #1            \u2502                                                          \u2502             #1            \u2502\n                             \u2502             #2            \u2502                                                          \u2502             #2            \u2502\n                             \u2502                           \u2502                                                          \u2502                           \u2502\n                             \u2502           0 rows          \u2502                                                          \u2502           0 rows          \u2502\n                             \u2502          (0.00s)          \u2502                                                          \u2502          (0.00s)          \u2502\n                             \u2514\u2500\u2500\u2500\u2500\u2500\u2500\u2500\u2500\u2500\u2500\u2500\u2500\u2500\u252c\u2500\u2500\u2500\u2500\u2500\u2500\u2500\u2500\u2500\u2500\u2500\u2500\u2500\u2518                                                          \u2514\u2500\u2500\u2500\u2500\u2500\u2500\u2500\u2500\u2500\u2500\u2500\u2500\u2500\u252c\u2500\u2500\u2500\u2500\u2500\u2500\u2500\u2500\u2500\u2500\u2500\u2500\u2500\u2518\n                             \u250c\u2500\u2500\u2500\u2500\u2500\u2500\u2500\u2500\u2500\u2500\u2500\u2500\u2500\u2534\u2500\u2500\u2500\u2500\u2500\u2500\u2500\u2500\u2500\u2500\u2500\u2500\u2500\u2510                                                          \u250c\u2500\u2500\u2500\u2500\u2500\u2500\u2500\u2500\u2500\u2500\u2500\u2500\u2500\u2534\u2500\u2500\u2500\u2500\u2500\u2500\u2500\u2500\u2500\u2500\u2500\u2500\u2500\u2510\n                             \u2502           WINDOW          \u2502                                                          \u2502           WINDOW          \u2502\n                             \u2502    \u2500\u2500\u2500\u2500\u2500\u2500\u2500\u2500\u2500\u2500\u2500\u2500\u2500\u2500\u2500\u2500\u2500\u2500\u2500\u2500   \u2502                                                          \u2502    \u2500\u2500\u2500\u2500\u2500\u2500\u2500\u2500\u2500\u2500\u2500\u2500\u2500\u2500\u2500\u2500\u2500\u2500\u2500\u2500   \u2502\n                             \u2502        Projections:       \u2502                                                          \u2502        Projections:       \u2502\n                             \u2502   RANK() OVER (ORDER BY   \u2502                                                          \u2502   RANK() OVER (ORDER BY   \u2502\n                             \u2502  rank_col ASC NULLS LAST) \u2502                                                          \u2502  rank_col DESC NULLS LAST)\u2502\n                             \u2502                           \u2502                                                          \u2502                           \u2502\n                             \u2502           0 rows          \u2502                                                          \u2502           0 rows          \u2502\n                             \u2502          (0.00s)          \u2502                                                          \u2502          (0.00s)          \u2502\n                             \u2514\u2500\u2500\u2500\u2500\u2500\u2500\u2500\u2500\u2500\u2500\u2500\u2500\u2500\u252c\u2500\u2500\u2500\u2500\u2500\u2500\u2500\u2500\u2500\u2500\u2500\u2500\u2500\u2518                                                          \u2514\u2500\u2500\u2500\u2500\u2500\u2500\u2500\u2500\u2500\u2500\u2500\u2500\u2500\u252c\u2500\u2500\u2500\u2500\u2500\u2500\u2500\u2500\u2500\u2500\u2500\u2500\u2500\u2518\n                             \u250c\u2500\u2500\u2500\u2500\u2500\u2500\u2500\u2500\u2500\u2500\u2500\u2500\u2500\u2534\u2500\u2500\u2500\u2500\u2500\u2500\u2500\u2500\u2500\u2500\u2500\u2500\u2500\u2510                                                          \u250c\u2500\u2500\u2500\u2500\u2500\u2500\u2500\u2500\u2500\u2500\u2500\u2500\u2500\u2534\u2500\u2500\u2500\u2500\u2500\u2500\u2500\u2500\u2500\u2500\u2500\u2500\u2500\u2510\n                             \u2502         PROJECTION        \u2502                                                          \u2502         PROJECTION        \u2502\n                             \u2502    \u2500\u2500\u2500\u2500\u2500\u2500\u2500\u2500\u2500\u2500\u2500\u2500\u2500\u2500\u2500\u2500\u2500\u2500\u2500\u2500   \u2502                                                          \u2502    \u2500\u2500\u2500\u2500\u2500\u2500\u2500\u2500\u2500\u2500\u2500\u2500\u2500\u2500\u2500\u2500\u2500\u2500\u2500\u2500   \u2502\n                             \u2502          item_sk          \u2502                                                          \u2502          item_sk          \u2502\n                             \u2502          rank_col         \u2502                                                          \u2502          rank_col         \u2502\n                             \u2502                           \u2502                                                          \u2502                           \u2502\n                             \u2502           0 rows          \u2502                                                          \u2502           0 rows          \u2502\n                             \u2502          (0.00s)          \u2502                                                          \u2502          (0.00s)          \u2502\n                             \u2514\u2500\u2500\u2500\u2500\u2500\u2500\u2500\u2500\u2500\u2500\u2500\u2500\u2500\u252c\u2500\u2500\u2500\u2500\u2500\u2500\u2500\u2500\u2500\u2500\u2500\u2500\u2500\u2518                                                          \u2514\u2500\u2500\u2500\u2500\u2500\u2500\u2500\u2500\u2500\u2500\u2500\u2500\u2500\u252c\u2500\u2500\u2500\u2500\u2500\u2500\u2500\u2500\u2500\u2500\u2500\u2500\u2500\u2518\n                             \u250c\u2500\u2500\u2500\u2500\u2500\u2500\u2500\u2500\u2500\u2500\u2500\u2500\u2500\u2534\u2500\u2500\u2500\u2500\u2500\u2500\u2500\u2500\u2500\u2500\u2500\u2500\u2500\u2510                                                          \u250c\u2500\u2500\u2500\u2500\u2500\u2500\u2500\u2500\u2500\u2500\u2500\u2500\u2500\u2534\u2500\u2500\u2500\u2500\u2500\u2500\u2500\u2500\u2500\u2500\u2500\u2500\u2500\u2510\n                             \u2502      NESTED_LOOP_JOIN     \u2502                                                          \u2502      NESTED_LOOP_JOIN     \u2502\n                             \u2502    \u2500\u2500\u2500\u2500\u2500\u2500\u2500\u2500\u2500\u2500\u2500\u2500\u2500\u2500\u2500\u2500\u2500\u2500\u2500\u2500   \u2502                                                          \u2502    \u2500\u2500\u2500\u2500\u2500\u2500\u2500\u2500\u2500\u2500\u2500\u2500\u2500\u2500\u2500\u2500\u2500\u2500\u2500\u2500   \u2502\n                             \u2502      Join Type: INNER     \u2502                                                          \u2502      Join Type: INNER     \u2502\n                             \u2502                           \u2502                                                          \u2502                           \u2502\n                             \u2502        Conditions:        \u2502                                                          \u2502        Conditions:        \u2502\n                             \u2502 avg(ss_net_profit) > (0.9 \u251c\u2500\u2500\u2500\u2500\u2500\u2500\u2500\u2500\u2500\u2500\u2500\u2500\u2500\u2500\u2510                                           \u2502 avg(ss_net_profit) > (0.9 \u251c\u2500\u2500\u2500\u2500\u2500\u2500\u2500\u2500\u2500\u2500\u2500\u2500\u2500\u2500\u2510\n                             \u2502        * SUBQUERY)        \u2502              \u2502                                           \u2502        * SUBQUERY)        \u2502              \u2502\n                             \u2502                           \u2502              \u2502                                           \u2502                           \u2502              \u2502\n                             \u2502           0 rows          \u2502              \u2502                                           \u2502           0 rows          \u2502              \u2502\n                             \u2502          (0.00s)          \u2502              \u2502                                           \u2502          (0.00s)          \u2502              \u2502\n                             \u2514\u2500\u2500\u2500\u2500\u2500\u2500\u2500\u2500\u2500\u2500\u2500\u2500\u2500\u252c\u2500\u2500\u2500\u2500\u2500\u2500\u2500\u2500\u2500\u2500\u2500\u2500\u2500\u2518              \u2502                                           \u2514\u2500\u2500\u2500\u2500\u2500\u2500\u2500\u2500\u2500\u2500\u2500\u2500\u2500\u252c\u2500\u2500\u2500\u2500\u2500\u2500\u2500\u2500\u2500\u2500\u2500\u2500\u2500\u2518              \u2502\n                             \u250c\u2500\u2500\u2500\u2500\u2500\u2500\u2500\u2500\u2500\u2500\u2500\u2500\u2500\u2534\u2500\u2500\u2500\u2500\u2500\u2500\u2500\u2500\u2500\u2500\u2500\u2500\u2500\u2510\u250c\u2500\u2500\u2500\u2500\u2500\u2500\u2500\u2500\u2500\u2500\u2500\u2500\u2500\u2534\u2500\u2500\u2500\u2500\u2500\u2500\u2500\u2500\u2500\u2500\u2500\u2500\u2500\u2510                             \u250c\u2500\u2500\u2500\u2500\u2500\u2500\u2500\u2500\u2500\u2500\u2500\u2500\u2500\u2534\u2500\u2500\u2500\u2500\u2500\u2500\u2500\u2500\u2500\u2500\u2500\u2500\u2500\u2510\u250c\u2500\u2500\u2500\u2500\u2500\u2500\u2500\u2500\u2500\u2500\u2500\u2500\u2500\u2534\u2500\u2500\u2500\u2500\u2500\u2500\u2500\u2500\u2500\u2500\u2500\u2500\u2500\u2510\n                             \u2502       HASH_GROUP_BY       \u2502\u2502         PROJECTION        \u2502                             \u2502       HASH_GROUP_BY       \u2502\u2502         PROJECTION        \u2502\n                             \u2502    \u2500\u2500\u2500\u2500\u2500\u2500\u2500\u2500\u2500\u2500\u2500\u2500\u2500\u2500\u2500\u2500\u2500\u2500\u2500\u2500   \u2502\u2502    \u2500\u2500\u2500\u2500\u2500\u2500\u2500\u2500\u2500\u2500\u2500\u2500\u2500\u2500\u2500\u2500\u2500\u2500\u2500\u2500   \u2502                             \u2502    \u2500\u2500\u2500\u2500\u2500\u2500\u2500\u2500\u2500\u2500\u2500\u2500\u2500\u2500\u2500\u2500\u2500\u2500\u2500\u2500   \u2502\u2502    \u2500\u2500\u2500\u2500\u2500\u2500\u2500\u2500\u2500\u2500\u2500\u2500\u2500\u2500\u2500\u2500\u2500\u2500\u2500\u2500   \u2502\n                             \u2502         Groups: #0        \u2502\u2502 CASE  WHEN ((#1 > 1)) THEN\u2502                             \u2502         Groups: #0        \u2502\u2502 CASE  WHEN ((#1 > 1)) THEN\u2502\n                             \u2502    Aggregates: avg(#1)    \u2502\u2502   (\"error\"('More than one \u2502                             \u2502    Aggregates: avg(#1)    \u2502\u2502   (\"error\"('More than one \u2502\n                             \u2502                           \u2502\u2502      row returned by a    \u2502                             \u2502                           \u2502\u2502      row returned by a    \u2502\n                             \u2502                           \u2502\u2502     subquery used as an   \u2502                             \u2502                           \u2502\u2502     subquery used as an   \u2502\n                             \u2502                           \u2502\u2502     expression - scalar   \u2502                             \u2502                           \u2502\u2502     expression - scalar   \u2502\n                             \u2502                           \u2502\u2502     subqueries can only   \u2502                             \u2502                           \u2502\u2502     subqueries can only   \u2502\n                             \u2502                           \u2502\u2502    return a single row.   \u2502                             \u2502                           \u2502\u2502    return a single row.   \u2502\n                             \u2502                           \u2502\u2502          Use \"SET         \u2502                             \u2502                           \u2502\u2502          Use \"SET         \u2502\n                             \u2502                           \u2502\u2502 scalar_subquery_error_on_m\u2502                             \u2502                           \u2502\u2502 scalar_subquery_error_on_m\u2502\n                             \u2502                           \u2502\u2502   ultiple_rows=false\" to  \u2502                             \u2502                           \u2502\u2502   ultiple_rows=false\" to  \u2502\n                             \u2502                           \u2502\u2502     revert to previous    \u2502                             \u2502                           \u2502\u2502     revert to previous    \u2502\n                             \u2502                           \u2502\u2502   behavior of returning a \u2502                             \u2502                           \u2502\u2502   behavior of returning a \u2502\n                             \u2502                           \u2502\u2502 random row.')) ELSE #0 END\u2502                             \u2502                           \u2502\u2502 random row.')) ELSE #0 END\u2502\n                             \u2502                           \u2502\u2502                           \u2502                             \u2502                           \u2502\u2502                           \u2502\n                             \u2502           0 rows          \u2502\u2502           1 row           \u2502                             \u2502           0 rows          \u2502\u2502           1 row           \u2502\n                             \u2502          (0.00s)          \u2502\u2502          (0.00s)          \u2502                             \u2502          (0.00s)          \u2502\u2502          (0.00s)          \u2502\n                             \u2514\u2500\u2500\u2500\u2500\u2500\u2500\u2500\u2500\u2500\u2500\u2500\u2500\u2500\u252c\u2500\u2500\u2500\u2500\u2500\u2500\u2500\u2500\u2500\u2500\u2500\u2500\u2500\u2518\u2514\u2500\u2500\u2500\u2500\u2500\u2500\u2500\u2500\u2500\u2500\u2500\u2500\u2500\u252c\u2500\u2500\u2500\u2500\u2500\u2500\u2500\u2500\u2500\u2500\u2500\u2500\u2500\u2518                             \u2514\u2500\u2500\u2500\u2500\u2500\u2500\u2500\u2500\u2500\u2500\u2500\u2500\u2500\u252c\u2500\u2500\u2500\u2500\u2500\u2500\u2500\u2500\u2500\u2500\u2500\u2500\u2500\u2518\u2514\u2500\u2500\u2500\u2500\u2500\u2500\u2500\u2500\u2500\u2500\u2500\u2500\u2500\u252c\u2500\u2500\u2500\u2500\u2500\u2500\u2500\u2500\u2500\u2500\u2500\u2500\u2500\u2518\n                             \u250c\u2500\u2500\u2500\u2500\u2500\u2500\u2500\u2500\u2500\u2500\u2500\u2500\u2500\u2534\u2500\u2500\u2500\u2500\u2500\u2500\u2500\u2500\u2500\u2500\u2500\u2500\u2500\u2510\u250c\u2500\u2500\u2500\u2500\u2500\u2500\u2500\u2500\u2500\u2500\u2500\u2500\u2500\u2534\u2500\u2500\u2500\u2500\u2500\u2500\u2500\u2500\u2500\u2500\u2500\u2500\u2500\u2510                             \u250c\u2500\u2500\u2500\u2500\u2500\u2500\u2500\u2500\u2500\u2500\u2500\u2500\u2500\u2534\u2500\u2500\u2500\u2500\u2500\u2500\u2500\u2500\u2500\u2500\u2500\u2500\u2500\u2510\u250c\u2500\u2500\u2500\u2500\u2500\u2500\u2500\u2500\u2500\u2500\u2500\u2500\u2500\u2534\u2500\u2500\u2500\u2500\u2500\u2500\u2500\u2500\u2500\u2500\u2500\u2500\u2500\u2510\n                             \u2502         PROJECTION        \u2502\u2502    UNGROUPED_AGGREGATE    \u2502                             \u2502         PROJECTION        \u2502\u2502    UNGROUPED_AGGREGATE    \u2502\n                             \u2502    \u2500\u2500\u2500\u2500\u2500\u2500\u2500\u2500\u2500\u2500\u2500\u2500\u2500\u2500\u2500\u2500\u2500\u2500\u2500\u2500   \u2502\u2502    \u2500\u2500\u2500\u2500\u2500\u2500\u2500\u2500\u2500\u2500\u2500\u2500\u2500\u2500\u2500\u2500\u2500\u2500\u2500\u2500   \u2502                             \u2502    \u2500\u2500\u2500\u2500\u2500\u2500\u2500\u2500\u2500\u2500\u2500\u2500\u2500\u2500\u2500\u2500\u2500\u2500\u2500\u2500   \u2502\u2502    \u2500\u2500\u2500\u2500\u2500\u2500\u2500\u2500\u2500\u2500\u2500\u2500\u2500\u2500\u2500\u2500\u2500\u2500\u2500\u2500   \u2502\n                             \u2502         ss_item_sk        \u2502\u2502        Aggregates:        \u2502                             \u2502         ss_item_sk        \u2502\u2502        Aggregates:        \u2502\n                             \u2502       ss_net_profit       \u2502\u2502        \"first\"(#0)        \u2502                             \u2502       ss_net_profit       \u2502\u2502        \"first\"(#0)        \u2502\n                             \u2502                           \u2502\u2502        count_star()       \u2502                             \u2502                           \u2502\u2502        count_star()       \u2502\n                             \u2502                           \u2502\u2502                           \u2502                             \u2502                           \u2502\u2502                           \u2502\n                             \u2502           0 rows          \u2502\u2502           1 row           \u2502                             \u2502           0 rows          \u2502\u2502           1 row           \u2502\n                             \u2502          (0.00s)          \u2502\u2502          (0.00s)          \u2502                             \u2502          (0.00s)          \u2502\u2502          (0.00s)          \u2502\n                             \u2514\u2500\u2500\u2500\u2500\u2500\u2500\u2500\u2500\u2500\u2500\u2500\u2500\u2500\u252c\u2500\u2500\u2500\u2500\u2500\u2500\u2500\u2500\u2500\u2500\u2500\u2500\u2500\u2518\u2514\u2500\u2500\u2500\u2500\u2500\u2500\u2500\u2500\u2500\u2500\u2500\u2500\u2500\u252c\u2500\u2500\u2500\u2500\u2500\u2500\u2500\u2500\u2500\u2500\u2500\u2500\u2500\u2518                             \u2514\u2500\u2500\u2500\u2500\u2500\u2500\u2500\u2500\u2500\u2500\u2500\u2500\u2500\u252c\u2500\u2500\u2500\u2500\u2500\u2500\u2500\u2500\u2500\u2500\u2500\u2500\u2500\u2518\u2514\u2500\u2500\u2500\u2500\u2500\u2500\u2500\u2500\u2500\u2500\u2500\u2500\u2500\u252c\u2500\u2500\u2500\u2500\u2500\u2500\u2500\u2500\u2500\u2500\u2500\u2500\u2500\u2518\n                             \u250c\u2500\u2500\u2500\u2500\u2500\u2500\u2500\u2500\u2500\u2500\u2500\u2500\u2500\u2534\u2500\u2500\u2500\u2500\u2500\u2500\u2500\u2500\u2500\u2500\u2500\u2500\u2500\u2510\u250c\u2500\u2500\u2500\u2500\u2500\u2500\u2500\u2500\u2500\u2500\u2500\u2500\u2500\u2534\u2500\u2500\u2500\u2500\u2500\u2500\u2500\u2500\u2500\u2500\u2500\u2500\u2500\u2510                             \u250c\u2500\u2500\u2500\u2500\u2500\u2500\u2500\u2500\u2500\u2500\u2500\u2500\u2500\u2534\u2500\u2500\u2500\u2500\u2500\u2500\u2500\u2500\u2500\u2500\u2500\u2500\u2500\u2510\u250c\u2500\u2500\u2500\u2500\u2500\u2500\u2500\u2500\u2500\u2500\u2500\u2500\u2500\u2534\u2500\u2500\u2500\u2500\u2500\u2500\u2500\u2500\u2500\u2500\u2500\u2500\u2500\u2510\n                             \u2502        EMPTY_RESULT       \u2502\u2502         PROJECTION        \u2502                             \u2502        EMPTY_RESULT       \u2502\u2502         PROJECTION        \u2502\n                             \u2502    \u2500\u2500\u2500\u2500\u2500\u2500\u2500\u2500\u2500\u2500\u2500\u2500\u2500\u2500\u2500\u2500\u2500\u2500\u2500\u2500   \u2502\u2502    \u2500\u2500\u2500\u2500\u2500\u2500\u2500\u2500\u2500\u2500\u2500\u2500\u2500\u2500\u2500\u2500\u2500\u2500\u2500\u2500   \u2502                             \u2502    \u2500\u2500\u2500\u2500\u2500\u2500\u2500\u2500\u2500\u2500\u2500\u2500\u2500\u2500\u2500\u2500\u2500\u2500\u2500\u2500   \u2502\u2502    \u2500\u2500\u2500\u2500\u2500\u2500\u2500\u2500\u2500\u2500\u2500\u2500\u2500\u2500\u2500\u2500\u2500\u2500\u2500\u2500   \u2502\n                             \u2502                           \u2502\u2502             #0            \u2502                             \u2502                           \u2502\u2502             #0            \u2502\n                             \u2502                           \u2502\u2502                           \u2502                             \u2502                           \u2502\u2502                           \u2502\n                             \u2502           0 rows          \u2502\u2502           0 rows          \u2502                             \u2502           0 rows          \u2502\u2502           0 rows          \u2502\n                             \u2502          (0.00s)          \u2502\u2502          (0.00s)          \u2502                             \u2502          (0.00s)          \u2502\u2502          (0.00s)          \u2502\n                             \u2514\u2500\u2500\u2500\u2500\u2500\u2500\u2500\u2500\u2500\u2500\u2500\u2500\u2500\u2500\u2500\u2500\u2500\u2500\u2500\u2500\u2500\u2500\u2500\u2500\u2500\u2500\u2500\u2518\u2514\u2500\u2500\u2500\u2500\u2500\u2500\u2500\u2500\u2500\u2500\u2500\u2500\u2500\u252c\u2500\u2500\u2500\u2500\u2500\u2500\u2500\u2500\u2500\u2500\u2500\u2500\u2500\u2518                             \u2514\u2500\u2500\u2500\u2500\u2500\u2500\u2500\u2500\u2500\u2500\u2500\u2500\u2500\u2500\u2500\u2500\u2500\u2500\u2500\u2500\u2500\u2500\u2500\u2500\u2500\u2500\u2500\u2518\u2514\u2500\u2500\u2500\u2500\u2500\u2500\u2500\u2500\u2500\u2500\u2500\u2500\u2500\u252c\u2500\u2500\u2500\u2500\u2500\u2500\u2500\u2500\u2500\u2500\u2500\u2500\u2500\u2518\n                                                          \u250c\u2500\u2500\u2500\u2500\u2500\u2500\u2500\u2500\u2500\u2500\u2500\u2500\u2500\u2534\u2500\u2500\u2500\u2500\u2500\u2500\u2500\u2500\u2500\u2500\u2500\u2500\u2500\u2510                                                          \u250c\u2500\u2500\u2500\u2500\u2500\u2500\u2500\u2500\u2500\u2500\u2500\u2500\u2500\u2534\u2500\u2500\u2500\u2500\u2500\u2500\u2500\u2500\u2500\u2500\u2500\u2500\u2500\u2510\n                                                          \u2502         PROJECTION        \u2502                                                          \u2502         PROJECTION        \u2502\n                                                          \u2502    \u2500\u2500\u2500\u2500\u2500\u2500\u2500\u2500\u2500\u2500\u2500\u2500\u2500\u2500\u2500\u2500\u2500\u2500\u2500\u2500   \u2502                                                          \u2502    \u2500\u2500\u2500\u2500\u2500\u2500\u2500\u2500\u2500\u2500\u2500\u2500\u2500\u2500\u2500\u2500\u2500\u2500\u2500\u2500   \u2502\n                                                          \u2502          rank_col         \u2502                                                          \u2502          rank_col         \u2502\n                                                          \u2502                           \u2502                                                          \u2502                           \u2502\n                                                          \u2502           0 rows          \u2502                                                          \u2502           0 rows          \u2502\n                                                          \u2502          (0.00s)          \u2502                                                          \u2502          (0.00s)          \u2502\n                                                          \u2514\u2500\u2500\u2500\u2500\u2500\u2500\u2500\u2500\u2500\u2500\u2500\u2500\u2500\u252c\u2500\u2500\u2500\u2500\u2500\u2500\u2500\u2500\u2500\u2500\u2500\u2500\u2500\u2518                                                          \u2514\u2500\u2500\u2500\u2500\u2500\u2500\u2500\u2500\u2500\u2500\u2500\u2500\u2500\u252c\u2500\u2500\u2500\u2500\u2500\u2500\u2500\u2500\u2500\u2500\u2500\u2500\u2500\u2518\n                                                          \u250c\u2500\u2500\u2500\u2500\u2500\u2500\u2500\u2500\u2500\u2500\u2500\u2500\u2500\u2534\u2500\u2500\u2500\u2500\u2500\u2500\u2500\u2500\u2500\u2500\u2500\u2500\u2500\u2510                                                          \u250c\u2500\u2500\u2500\u2500\u2500\u2500\u2500\u2500\u2500\u2500\u2500\u2500\u2500\u2534\u2500\u2500\u2500\u2500\u2500\u2500\u2500\u2500\u2500\u2500\u2500\u2500\u2500\u2510\n                                                          \u2502         PROJECTION        \u2502                                                          \u2502         PROJECTION        \u2502\n                                                          \u2502    \u2500\u2500\u2500\u2500\u2500\u2500\u2500\u2500\u2500\u2500\u2500\u2500\u2500\u2500\u2500\u2500\u2500\u2500\u2500\u2500   \u2502                                                          \u2502    \u2500\u2500\u2500\u2500\u2500\u2500\u2500\u2500\u2500\u2500\u2500\u2500\u2500\u2500\u2500\u2500\u2500\u2500\u2500\u2500   \u2502\n                                                          \u2502__internal_decompress_integ\u2502                                                          \u2502__internal_decompress_integ\u2502\n                                                          \u2502     ral_integer(#0, 1)    \u2502                                                          \u2502     ral_integer(#0, 1)    \u2502\n                                                          \u2502             #1            \u2502                                                          \u2502             #1            \u2502\n                                                          \u2502                           \u2502                                                          \u2502                           \u2502\n                                                          \u2502           0 rows          \u2502                                                          \u2502           0 rows          \u2502\n                                                          \u2502          (0.00s)          \u2502                                                          \u2502          (0.00s)          \u2502\n                                                          \u2514\u2500\u2500\u2500\u2500\u2500\u2500\u2500\u2500\u2500\u2500\u2500\u2500\u2500\u252c\u2500\u2500\u2500\u2500\u2500\u2500\u2500\u2500\u2500\u2500\u2500\u2500\u2500\u2518                                                          \u2514\u2500\u2500\u2500\u2500\u2500\u2500\u2500\u2500\u2500\u2500\u2500\u2500\u2500\u252c\u2500\u2500\u2500\u2500\u2500\u2500\u2500\u2500\u2500\u2500\u2500\u2500\u2500\u2518\n                                                          \u250c\u2500\u2500\u2500\u2500\u2500\u2500\u2500\u2500\u2500\u2500\u2500\u2500\u2500\u2534\u2500\u2500\u2500\u2500\u2500\u2500\u2500\u2500\u2500\u2500\u2500\u2500\u2500\u2510                                                          \u250c\u2500\u2500\u2500\u2500\u2500\u2500\u2500\u2500\u2500\u2500\u2500\u2500\u2500\u2534\u2500\u2500\u2500\u2500\u2500\u2500\u2500\u2500\u2500\u2500\u2500\u2500\u2500\u2510\n                                                          \u2502   PERFECT_HASH_GROUP_BY   \u2502                                                          \u2502   PERFECT_HASH_GROUP_BY   \u2502\n                                                          \u2502    \u2500\u2500\u2500\u2500\u2500\u2500\u2500\u2500\u2500\u2500\u2500\u2500\u2500\u2500\u2500\u2500\u2500\u2500\u2500\u2500   \u2502                                                          \u2502    \u2500\u2500\u2500\u2500\u2500\u2500\u2500\u2500\u2500\u2500\u2500\u2500\u2500\u2500\u2500\u2500\u2500\u2500\u2500\u2500   \u2502\n                                                          \u2502         Groups: #0        \u2502                                                          \u2502         Groups: #0        \u2502\n                                                          \u2502    Aggregates: avg(#1)    \u2502                                                          \u2502    Aggregates: avg(#1)    \u2502\n                                                          \u2502                           \u2502                                                          \u2502                           \u2502\n                                                          \u2502           0 rows          \u2502                                                          \u2502           0 rows          \u2502\n                                                          \u2502          (0.00s)          \u2502                                                          \u2502          (0.00s)          \u2502\n                                                          \u2514\u2500\u2500\u2500\u2500\u2500\u2500\u2500\u2500\u2500\u2500\u2500\u2500\u2500\u252c\u2500\u2500\u2500\u2500\u2500\u2500\u2500\u2500\u2500\u2500\u2500\u2500\u2500\u2518                                                          \u2514\u2500\u2500\u2500\u2500\u2500\u2500\u2500\u2500\u2500\u2500\u2500\u2500\u2500\u252c\u2500\u2500\u2500\u2500\u2500\u2500\u2500\u2500\u2500\u2500\u2500\u2500\u2500\u2518\n                                                          \u250c\u2500\u2500\u2500\u2500\u2500\u2500\u2500\u2500\u2500\u2500\u2500\u2500\u2500\u2534\u2500\u2500\u2500\u2500\u2500\u2500\u2500\u2500\u2500\u2500\u2500\u2500\u2500\u2510                                                          \u250c\u2500\u2500\u2500\u2500\u2500\u2500\u2500\u2500\u2500\u2500\u2500\u2500\u2500\u2534\u2500\u2500\u2500\u2500\u2500\u2500\u2500\u2500\u2500\u2500\u2500\u2500\u2500\u2510\n                                                          \u2502         PROJECTION        \u2502                                                          \u2502         PROJECTION        \u2502\n                                                          \u2502    \u2500\u2500\u2500\u2500\u2500\u2500\u2500\u2500\u2500\u2500\u2500\u2500\u2500\u2500\u2500\u2500\u2500\u2500\u2500\u2500   \u2502                                                          \u2502    \u2500\u2500\u2500\u2500\u2500\u2500\u2500\u2500\u2500\u2500\u2500\u2500\u2500\u2500\u2500\u2500\u2500\u2500\u2500\u2500   \u2502\n                                                          \u2502        ss_store_sk        \u2502                                                          \u2502        ss_store_sk        \u2502\n                                                          \u2502       ss_net_profit       \u2502                                                          \u2502       ss_net_profit       \u2502\n                                                          \u2502                           \u2502                                                          \u2502                           \u2502\n                                                          \u2502           0 rows          \u2502                                                          \u2502           0 rows          \u2502\n                                                          \u2502          (0.00s)          \u2502                                                          \u2502          (0.00s)          \u2502\n                                                          \u2514\u2500\u2500\u2500\u2500\u2500\u2500\u2500\u2500\u2500\u2500\u2500\u2500\u2500\u252c\u2500\u2500\u2500\u2500\u2500\u2500\u2500\u2500\u2500\u2500\u2500\u2500\u2500\u2518                                                          \u2514\u2500\u2500\u2500\u2500\u2500\u2500\u2500\u2500\u2500\u2500\u2500\u2500\u2500\u252c\u2500\u2500\u2500\u2500\u2500\u2500\u2500\u2500\u2500\u2500\u2500\u2500\u2500\u2518\n                                                          \u250c\u2500\u2500\u2500\u2500\u2500\u2500\u2500\u2500\u2500\u2500\u2500\u2500\u2500\u2534\u2500\u2500\u2500\u2500\u2500\u2500\u2500\u2500\u2500\u2500\u2500\u2500\u2500\u2510                                                          \u250c\u2500\u2500\u2500\u2500\u2500\u2500\u2500\u2500\u2500\u2500\u2500\u2500\u2500\u2534\u2500\u2500\u2500\u2500\u2500\u2500\u2500\u2500\u2500\u2500\u2500\u2500\u2500\u2510\n                                                          \u2502         PROJECTION        \u2502                                                          \u2502         PROJECTION        \u2502\n                                                          \u2502    \u2500\u2500\u2500\u2500\u2500\u2500\u2500\u2500\u2500\u2500\u2500\u2500\u2500\u2500\u2500\u2500\u2500\u2500\u2500\u2500   \u2502                                                          \u2502    \u2500\u2500\u2500\u2500\u2500\u2500\u2500\u2500\u2500\u2500\u2500\u2500\u2500\u2500\u2500\u2500\u2500\u2500\u2500\u2500   \u2502\n                                                          \u2502__internal_compress_integra\u2502                                                          \u2502__internal_compress_integra\u2502\n                                                          \u2502     l_utinyint(#0, 1)     \u2502                                                          \u2502     l_utinyint(#0, 1)     \u2502\n                                                          \u2502             #1            \u2502                                                          \u2502             #1            \u2502\n                                                          \u2502                           \u2502                                                          \u2502                           \u2502\n                                                          \u2502           0 rows          \u2502                                                          \u2502           0 rows          \u2502\n                                                          \u2502          (0.00s)          \u2502                                                          \u2502          (0.00s)          \u2502\n                                                          \u2514\u2500\u2500\u2500\u2500\u2500\u2500\u2500\u2500\u2500\u2500\u2500\u2500\u2500\u252c\u2500\u2500\u2500\u2500\u2500\u2500\u2500\u2500\u2500\u2500\u2500\u2500\u2500\u2518                                                          \u2514\u2500\u2500\u2500\u2500\u2500\u2500\u2500\u2500\u2500\u2500\u2500\u2500\u2500\u252c\u2500\u2500\u2500\u2500\u2500\u2500\u2500\u2500\u2500\u2500\u2500\u2500\u2500\u2518\n                                                          \u250c\u2500\u2500\u2500\u2500\u2500\u2500\u2500\u2500\u2500\u2500\u2500\u2500\u2500\u2534\u2500\u2500\u2500\u2500\u2500\u2500\u2500\u2500\u2500\u2500\u2500\u2500\u2500\u2510                                                          \u250c\u2500\u2500\u2500\u2500\u2500\u2500\u2500\u2500\u2500\u2500\u2500\u2500\u2500\u2534\u2500\u2500\u2500\u2500\u2500\u2500\u2500\u2500\u2500\u2500\u2500\u2500\u2500\u2510\n                                                          \u2502        EMPTY_RESULT       \u2502                                                          \u2502        EMPTY_RESULT       \u2502\n                                                          \u2502    \u2500\u2500\u2500\u2500\u2500\u2500\u2500\u2500\u2500\u2500\u2500\u2500\u2500\u2500\u2500\u2500\u2500\u2500\u2500\u2500   \u2502                                                          \u2502    \u2500\u2500\u2500\u2500\u2500\u2500\u2500\u2500\u2500\u2500\u2500\u2500\u2500\u2500\u2500\u2500\u2500\u2500\u2500\u2500   \u2502\n                                                          \u2502           0 rows          \u2502                                                          \u2502           0 rows          \u2502\n                                                          \u2502          (0.00s)          \u2502                                                          \u2502          (0.00s)          \u2502\n                                                          \u2514\u2500\u2500\u2500\u2500\u2500\u2500\u2500\u2500\u2500\u2500\u2500\u2500\u2500\u2500\u2500\u2500\u2500\u2500\u2500\u2500\u2500\u2500\u2500\u2500\u2500\u2500\u2500\u2518                                                          \u2514\u2500\u2500\u2500\u2500\u2500\u2500\u2500\u2500\u2500\u2500\u2500\u2500\u2500\u2500\u2500\u2500\u2500\u2500\u2500\u2500\u2500\u2500\u2500\u2500\u2500\u2500\u2500\u2518\n",
  "plan_json": {
    "total_bytes_written": 0,
    "total_bytes_read": 0,
    "rows_returned": 0,
    "latency": 0.0,
    "result_set_size": 0,
    "query_name": "",
    "blocked_thread_time": 0.0,
    "system_peak_buffer_memory": 0,
    "system_peak_temp_dir_size": 0,
    "cpu_time": 0.0,
    "extra_info": {},
    "cumulative_cardinality": 0,
    "cumulative_rows_scanned": 0,
    "children": [
      {
        "total_bytes_written": 0,
        "total_bytes_read": 0,
        "result_set_size": 0,
        "operator_name": "EXPLAIN_ANALYZE",
        "cpu_time": 0.0,
        "extra_info": {},
        "cumulative_cardinality": 0,
        "operator_type": "EXPLAIN_ANALYZE",
        "operator_cardinality": 0,
        "cumulative_rows_scanned": 0,
        "operator_rows_scanned": 0,
        "operator_timing": 0.0,
        "children": [
          {
            "total_bytes_written": 0,
            "total_bytes_read": 0,
            "result_set_size": 0,
            "operator_name": "TOP_N",
            "cpu_time": 0.0,
            "extra_info": {
              "Top": "100",
              "Order By": "asceding.rnk ASC"
            },
            "cumulative_cardinality": 0,
            "operator_type": "TOP_N",
            "operator_cardinality": 0,
            "cumulative_rows_scanned": 0,
            "operator_rows_scanned": 0,
            "operator_timing": 3.55e-07,
            "children": [
              {
                "total_bytes_written": 0,
                "total_bytes_read": 0,
                "result_set_size": 0,
                "operator_name": "PROJECTION",
                "cpu_time": 0.0,
                "extra_info": {
                  "Projections": [
                    "rnk",
                    "best_performing",
                    "worst_performing"
                  ],
                  "Estimated Cardinality": "62464"
                },
                "cumulative_cardinality": 0,
                "operator_type": "PROJECTION",
                "operator_cardinality": 0,
                "cumulative_rows_scanned": 0,
                "operator_rows_scanned": 0,
                "operator_timing": 0.0,
                "children": [
                  {
                    "total_bytes_written": 0,
                    "total_bytes_read": 0,
                    "result_set_size": 0,
                    "operator_name": "HASH_JOIN",
                    "cpu_time": 0.0,
                    "extra_info": {
                      "Join Type": "INNER",
                      "Conditions": "rnk = rnk",
                      "Estimated Cardinality": "62464"
                    },
                    "cumulative_cardinality": 0,
                    "operator_type": "HASH_JOIN",
                    "operator_cardinality": 0,
                    "cumulative_rows_scanned": 0,
                    "operator_rows_scanned": 0,
                    "operator_timing": 1.26e-06,
                    "children": [
                      {
                        "total_bytes_written": 0,
                        "total_bytes_read": 0,
                        "result_set_size": 0,
                        "operator_name": "HASH_JOIN",
                        "cpu_time": 0.0,
                        "extra_info": {
                          "Join Type": "INNER",
                          "Conditions": "i_item_sk = item_sk",
                          "Estimated Cardinality": "1870"
                        },
                        "cumulative_cardinality": 0,
                        "operator_type": "HASH_JOIN",
                        "operator_cardinality": 0,
                        "cumulative_rows_scanned": 0,
                        "operator_rows_scanned": 0,
                        "operator_timing": 4.11e-06,
                        "children": [
                          {
                            "total_bytes_written": 0,
                            "total_bytes_read": 0,
                            "result_set_size": 40960,
                            "operator_name": "SEQ_SCAN ",
                            "cpu_time": 0.0,
                            "extra_info": {
                              "Table": "item",
                              "Type": "Sequential Scan",
                              "Projections": [
                                "i_item_sk",
                                "i_product_name"
                              ],
                              "Estimated Cardinality": "102000"
                            },
                            "cumulative_cardinality": 0,
                            "operator_type": "TABLE_SCAN",
                            "operator_cardinality": 2048,
                            "cumulative_rows_scanned": 0,
                            "operator_rows_scanned": 102000,
                            "operator_timing": 4.6375e-05,
                            "children": []
                          },
                          {
                            "total_bytes_written": 0,
                            "total_bytes_read": 0,
                            "result_set_size": 0,
                            "operator_name": "PROJECTION",
                            "cpu_time": 0.0,
                            "extra_info": {
                              "Projections": [
                                "#0",
                                "#2"
                              ],
                              "Estimated Cardinality": "1306"
                            },
                            "cumulative_cardinality": 0,
                            "operator_type": "PROJECTION",
                            "operator_cardinality": 0,
                            "cumulative_rows_scanned": 0,
                            "operator_rows_scanned": 0,
                            "operator_timing": 0.0,
                            "children": [
                              {
                                "total_bytes_written": 0,
                                "total_bytes_read": 0,
                                "result_set_size": 0,
                                "operator_name": "FILTER",
                                "cpu_time": 0.0,
                                "extra_info": {
                                  "Expression": "(rnk < 11)",
                                  "Estimated Cardinality": "1306"
                                },
                                "cumulative_cardinality": 0,
                                "operator_type": "FILTER",
                                "operator_cardinality": 0,
                                "cumulative_rows_scanned": 0,
                                "operator_rows_scanned": 0,
                                "operator_timing": 1.05e-07,
                                "children": [
                                  {
                                    "total_bytes_written": 0,
                                    "total_bytes_read": 0,
                                    "result_set_size": 0,
                                    "operator_name": "PROJECTION",
                                    "cpu_time": 0.0,
                                    "extra_info": {
                                      "Projections": [
                                        "#0",
                                        "#1",
                                        "#2"
                                      ],
                                      "Estimated Cardinality": "6531"
                                    },
                                    "cumulative_cardinality": 0,
                                    "operator_type": "PROJECTION",
                                    "operator_cardinality": 0,
                                    "cumulative_rows_scanned": 0,
                                    "operator_rows_scanned": 0,
                                    "operator_timing": 0.0,
                                    "children": [
                                      {
                                        "total_bytes_written": 0,
                                        "total_bytes_read": 0,
                                        "result_set_size": 0,
                                        "operator_name": "WINDOW",
                                        "cpu_time": 0.0,
                                        "extra_info": {
                                          "Projections": "RANK() OVER (ORDER BY rank_col ASC NULLS LAST)"
                                        },
                                        "cumulative_cardinality": 0,
                                        "operator_type": "WINDOW",
                                        "operator_cardinality": 0,
                                        "cumulative_rows_scanned": 0,
                                        "operator_rows_scanned": 0,
                                        "operator_timing": 2.08e-07,
                                        "children": [
                                          {
                                            "total_bytes_written": 0,
                                            "total_bytes_read": 0,
                                            "result_set_size": 0,
                                            "operator_name": "PROJECTION",
                                            "cpu_time": 0.0,
                                            "extra_info": {
                                              "Projections": [
                                                "item_sk",
                                                "rank_col"
                                              ],
                                              "Estimated Cardinality": "6531"
                                            },
                                            "cumulative_cardinality": 0,
                                            "operator_type": "PROJECTION",
                                            "operator_cardinality": 0,
                                            "cumulative_rows_scanned": 0,
                                            "operator_rows_scanned": 0,
                                            "operator_timing": 0.0,
                                            "children": [
                                              {
                                                "total_bytes_written": 0,
                                                "total_bytes_read": 0,
                                                "result_set_size": 0,
                                                "operator_name": "NESTED_LOOP_JOIN",
                                                "cpu_time": 0.0,
                                                "extra_info": {
                                                  "Join Type": "INNER",
                                                  "Conditions": "avg(ss_net_profit) > (0.9 * SUBQUERY)",
                                                  "Estimated Cardinality": "6531"
                                                },
                                                "cumulative_cardinality": 0,
                                                "operator_type": "NESTED_LOOP_JOIN",
                                                "operator_cardinality": 0,
                                                "cumulative_rows_scanned": 0,
                                                "operator_rows_scanned": 0,
                                                "operator_timing": 1.2364e-05,
                                                "children": [
                                                  {
                                                    "total_bytes_written": 0,
                                                    "total_bytes_read": 0,
                                                    "result_set_size": 0,
                                                    "operator_name": "HASH_GROUP_BY",
                                                    "cpu_time": 0.0,
                                                    "extra_info": {
                                                      "Groups": "#0",
                                                      "Aggregates": "avg(#1)",
                                                      "Estimated Cardinality": "95597"
                                                    },
                                                    "cumulative_cardinality": 0,
                                                    "operator_type": "HASH_GROUP_BY",
                                                    "operator_cardinality": 0,
                                                    "cumulative_rows_scanned": 0,
                                                    "operator_rows_scanned": 0,
                                                    "operator_timing": 8.22e-07,
                                                    "children": [
                                                      {
                                                        "total_bytes_written": 0,
                                                        "total_bytes_read": 0,
                                                        "result_set_size": 0,
                                                        "operator_name": "PROJECTION",
                                                        "cpu_time": 0.0,
                                                        "extra_info": {
                                                          "Projections": [
                                                            "ss_item_sk",
                                                            "ss_net_profit"
                                                          ],
                                                          "Estimated Cardinality": "0"
                                                        },
                                                        "cumulative_cardinality": 0,
                                                        "operator_type": "PROJECTION",
                                                        "operator_cardinality": 0,
                                                        "cumulative_rows_scanned": 0,
                                                        "operator_rows_scanned": 0,
                                                        "operator_timing": 0.0,
                                                        "children": [
                                                          {
                                                            "total_bytes_written": 0,
                                                            "total_bytes_read": 0,
                                                            "result_set_size": 0,
                                                            "operator_name": "EMPTY_RESULT",
                                                            "cpu_time": 0.0,
                                                            "extra_info": {},
                                                            "cumulative_cardinality": 0,
                                                            "operator_type": "EMPTY_RESULT",
                                                            "operator_cardinality": 0,
                                                            "cumulative_rows_scanned": 0,
                                                            "operator_rows_scanned": 0,
                                                            "operator_timing": 3.51e-07,
                                                            "children": []
                                                          }
                                                        ]
                                                      }
                                                    ]
                                                  },
                                                  {
                                                    "total_bytes_written": 0,
                                                    "total_bytes_read": 0,
                                                    "result_set_size": 8,
                                                    "operator_name": "PROJECTION",
                                                    "cpu_time": 0.0,
                                                    "extra_info": {
                                                      "Projections": [
                                                        "CASE  WHEN ((#1 > 1)) THEN (\"error\"('More than one row returned by a subquery used as an expression - scalar subqueries can only return a single row.",
                                                        "Use \"SET scalar_subquery_error_on_multiple_rows=false\" to revert to previous behavior of returning a random row.')) ELSE #0 END"
                                                      ],
                                                      "Estimated Cardinality": "1"
                                                    },
                                                    "cumulative_cardinality": 0,
                                                    "operator_type": "PROJECTION",
                                                    "operator_cardinality": 1,
                                                    "cumulative_rows_scanned": 0,
                                                    "operator_rows_scanned": 0,
                                                    "operator_timing": 2.426e-06,
                                                    "children": [
                                                      {
                                                        "total_bytes_written": 0,
                                                        "total_bytes_read": 0,
                                                        "result_set_size": 16,
                                                        "operator_name": "UNGROUPED_AGGREGATE",
                                                        "cpu_time": 0.0,
                                                        "extra_info": {
                                                          "Aggregates": [
                                                            "\"first\"(#0)",
                                                            "count_star()"
                                                          ]
                                                        },
                                                        "cumulative_cardinality": 0,
                                                        "operator_type": "UNGROUPED_AGGREGATE",
                                                        "operator_cardinality": 1,
                                                        "cumulative_rows_scanned": 0,
                                                        "operator_rows_scanned": 0,
                                                        "operator_timing": 4.764e-06,
                                                        "children": [
                                                          {
                                                            "total_bytes_written": 0,
                                                            "total_bytes_read": 0,
                                                            "result_set_size": 0,
                                                            "operator_name": "PROJECTION",
                                                            "cpu_time": 0.0,
                                                            "extra_info": {
                                                              "Projections": "#0",
                                                              "Estimated Cardinality": "56"
                                                            },
                                                            "cumulative_cardinality": 0,
                                                            "operator_type": "PROJECTION",
                                                            "operator_cardinality": 0,
                                                            "cumulative_rows_scanned": 0,
                                                            "operator_rows_scanned": 0,
                                                            "operator_timing": 0.0,
                                                            "children": [
                                                              {
                                                                "total_bytes_written": 0,
                                                                "total_bytes_read": 0,
                                                                "result_set_size": 0,
                                                                "operator_name": "PROJECTION",
                                                                "cpu_time": 0.0,
                                                                "extra_info": {
                                                                  "Projections": "rank_col",
                                                                  "Estimated Cardinality": "56"
                                                                },
                                                                "cumulative_cardinality": 0,
                                                                "operator_type": "PROJECTION",
                                                                "operator_cardinality": 0,
                                                                "cumulative_rows_scanned": 0,
                                                                "operator_rows_scanned": 0,
                                                                "operator_timing": 0.0,
                                                                "children": [
                                                                  {
                                                                    "total_bytes_written": 0,
                                                                    "total_bytes_read": 0,
                                                                    "result_set_size": 0,
                                                                    "operator_name": "PROJECTION",
                                                                    "cpu_time": 0.0,
                                                                    "extra_info": {
                                                                      "Projections": [
                                                                        "__internal_decompress_integral_integer(#0, 1)",
                                                                        "#1"
                                                                      ],
                                                                      "Estimated Cardinality": "56"
                                                                    },
                                                                    "cumulative_cardinality": 0,
                                                                    "operator_type": "PROJECTION",
                                                                    "operator_cardinality": 0,
                                                                    "cumulative_rows_scanned": 0,
                                                                    "operator_rows_scanned": 0,
                                                                    "operator_timing": 0.0,
                                                                    "children": [
                                                                      {
                                                                        "total_bytes_written": 0,
                                                                        "total_bytes_read": 0,
                                                                        "result_set_size": 0,
                                                                        "operator_name": "PERFECT_HASH_GROUP_BY",
                                                                        "cpu_time": 0.0,
                                                                        "extra_info": {
                                                                          "Groups": "#0",
                                                                          "Aggregates": "avg(#1)"
                                                                        },
                                                                        "cumulative_cardinality": 0,
                                                                        "operator_type": "PERFECT_HASH_GROUP_BY",
                                                                        "operator_cardinality": 0,
                                                                        "cumulative_rows_scanned": 0,
                                                                        "operator_rows_scanned": 0,
                                                                        "operator_timing": 5.635e-06,
                                                                        "children": [
                                                                          {
                                                                            "total_bytes_written": 0,
                                                                            "total_bytes_read": 0,
                                                                            "result_set_size": 0,
                                                                            "operator_name": "PROJECTION",
                                                                            "cpu_time": 0.0,
                                                                            "extra_info": {
                                                                              "Projections": [
                                                                                "ss_store_sk",
                                                                                "ss_net_profit"
                                                                              ],
                                                                              "Estimated Cardinality": "0"
                                                                            },
                                                                            "cumulative_cardinality": 0,
                                                                            "operator_type": "PROJECTION",
                                                                            "operator_cardinality": 0,
                                                                            "cumulative_rows_scanned": 0,
                                                                            "operator_rows_scanned": 0,
                                                                            "operator_timing": 0.0,
                                                                            "children": [
                                                                              {
                                                                                "total_bytes_written": 0,
                                                                                "total_bytes_read": 0,
                                                                                "result_set_size": 0,
                                                                                "operator_name": "PROJECTION",
                                                                                "cpu_time": 0.0,
                                                                                "extra_info": {
                                                                                  "Projections": [
                                                                                    "__internal_compress_integral_utinyint(#0, 1)",
                                                                                    "#1"
                                                                                  ],
                                                                                  "Estimated Cardinality": "0"
                                                                                },
                                                                                "cumulative_cardinality": 0,
                                                                                "operator_type": "PROJECTION",
                                                                                "operator_cardinality": 0,
                                                                                "cumulative_rows_scanned": 0,
                                                                                "operator_rows_scanned": 0,
                                                                                "operator_timing": 0.0,
                                                                                "children": [
                                                                                  {
                                                                                    "total_bytes_written": 0,
                                                                                    "total_bytes_read": 0,
                                                                                    "result_set_size": 0,
                                                                                    "operator_name": "EMPTY_RESULT",
                                                                                    "cpu_time": 0.0,
                                                                                    "extra_info": {},
                                                                                    "cumulative_cardinality": 0,
                                                                                    "operator_type": "EMPTY_RESULT",
                                                                                    "operator_cardinality": 0,
                                                                                    "cumulative_rows_scanned": 0,
                                                                                    "operator_rows_scanned": 0,
                                                                                    "operator_timing": 3.19e-07,
                                                                                    "children": []
                                                                                  }
                                                                                ]
                                                                              }
                                                                            ]
                                                                          }
                                                                        ]
                                                                      }
                                                                    ]
                                                                  }
                                                                ]
                                                              }
                                                            ]
                                                          }
                                                        ]
                                                      }
                                                    ]
                                                  }
                                                ]
                                              }
                                            ]
                                          }
                                        ]
                                      }
                                    ]
                                  }
                                ]
                              }
                            ]
                          }
                        ]
                      },
                      {
                        "total_bytes_written": 0,
                        "total_bytes_read": 0,
                        "result_set_size": 0,
                        "operator_name": "HASH_JOIN",
                        "cpu_time": 0.0,
                        "extra_info": {
                          "Join Type": "INNER",
                          "Conditions": "i_item_sk = item_sk",
                          "Estimated Cardinality": "1870"
                        },
                        "cumulative_cardinality": 0,
                        "operator_type": "HASH_JOIN",
                        "operator_cardinality": 0,
                        "cumulative_rows_scanned": 0,
                        "operator_rows_scanned": 0,
                        "operator_timing": 4.393e-06,
                        "children": [
                          {
                            "total_bytes_written": 0,
                            "total_bytes_read": 0,
                            "result_set_size": 40960,
                            "operator_name": "SEQ_SCAN ",
                            "cpu_time": 0.0,
                            "extra_info": {
                              "Table": "item",
                              "Type": "Sequential Scan",
                              "Projections": [
                                "i_item_sk",
                                "i_product_name"
                              ],
                              "Estimated Cardinality": "102000"
                            },
                            "cumulative_cardinality": 0,
                            "operator_type": "TABLE_SCAN",
                            "operator_cardinality": 2048,
                            "cumulative_rows_scanned": 0,
                            "operator_rows_scanned": 102000,
                            "operator_timing": 7.8134e-05,
                            "children": []
                          },
                          {
                            "total_bytes_written": 0,
                            "total_bytes_read": 0,
                            "result_set_size": 0,
                            "operator_name": "PROJECTION",
                            "cpu_time": 0.0,
                            "extra_info": {
                              "Projections": [
                                "#0",
                                "#2"
                              ],
                              "Estimated Cardinality": "1306"
                            },
                            "cumulative_cardinality": 0,
                            "operator_type": "PROJECTION",
                            "operator_cardinality": 0,
                            "cumulative_rows_scanned": 0,
                            "operator_rows_scanned": 0,
                            "operator_timing": 0.0,
                            "children": [
                              {
                                "total_bytes_written": 0,
                                "total_bytes_read": 0,
                                "result_set_size": 0,
                                "operator_name": "FILTER",
                                "cpu_time": 0.0,
                                "extra_info": {
                                  "Expression": "(rnk < 11)",
                                  "Estimated Cardinality": "1306"
                                },
                                "cumulative_cardinality": 0,
                                "operator_type": "FILTER",
                                "operator_cardinality": 0,
                                "cumulative_rows_scanned": 0,
                                "operator_rows_scanned": 0,
                                "operator_timing": 1.49e-07,
                                "children": [
                                  {
                                    "total_bytes_written": 0,
                                    "total_bytes_read": 0,
                                    "result_set_size": 0,
                                    "operator_name": "PROJECTION",
                                    "cpu_time": 0.0,
                                    "extra_info": {
                                      "Projections": [
                                        "#0",
                                        "#1",
                                        "#2"
                                      ],
                                      "Estimated Cardinality": "6531"
                                    },
                                    "cumulative_cardinality": 0,
                                    "operator_type": "PROJECTION",
                                    "operator_cardinality": 0,
                                    "cumulative_rows_scanned": 0,
                                    "operator_rows_scanned": 0,
                                    "operator_timing": 0.0,
                                    "children": [
                                      {
                                        "total_bytes_written": 0,
                                        "total_bytes_read": 0,
                                        "result_set_size": 0,
                                        "operator_name": "WINDOW",
                                        "cpu_time": 0.0,
                                        "extra_info": {
                                          "Projections": "RANK() OVER (ORDER BY rank_col DESC NULLS LAST)"
                                        },
                                        "cumulative_cardinality": 0,
                                        "operator_type": "WINDOW",
                                        "operator_cardinality": 0,
                                        "cumulative_rows_scanned": 0,
                                        "operator_rows_scanned": 0,
                                        "operator_timing": 5.04e-07,
                                        "children": [
                                          {
                                            "total_bytes_written": 0,
                                            "total_bytes_read": 0,
                                            "result_set_size": 0,
                                            "operator_name": "PROJECTION",
                                            "cpu_time": 0.0,
                                            "extra_info": {
                                              "Projections": [
                                                "item_sk",
                                                "rank_col"
                                              ],
                                              "Estimated Cardinality": "6531"
                                            },
                                            "cumulative_cardinality": 0,
                                            "operator_type": "PROJECTION",
                                            "operator_cardinality": 0,
                                            "cumulative_rows_scanned": 0,
                                            "operator_rows_scanned": 0,
                                            "operator_timing": 0.0,
                                            "children": [
                                              {
                                                "total_bytes_written": 0,
                                                "total_bytes_read": 0,
                                                "result_set_size": 0,
                                                "operator_name": "NESTED_LOOP_JOIN",
                                                "cpu_time": 0.0,
                                                "extra_info": {
                                                  "Join Type": "INNER",
                                                  "Conditions": "avg(ss_net_profit) > (0.9 * SUBQUERY)",
                                                  "Estimated Cardinality": "6531"
                                                },
                                                "cumulative_cardinality": 0,
                                                "operator_type": "NESTED_LOOP_JOIN",
                                                "operator_cardinality": 0,
                                                "cumulative_rows_scanned": 0,
                                                "operator_rows_scanned": 0,
                                                "operator_timing": 2.7082e-05,
                                                "children": [
                                                  {
                                                    "total_bytes_written": 0,
                                                    "total_bytes_read": 0,
                                                    "result_set_size": 0,
                                                    "operator_name": "HASH_GROUP_BY",
                                                    "cpu_time": 0.0,
                                                    "extra_info": {
                                                      "Groups": "#0",
                                                      "Aggregates": "avg(#1)",
                                                      "Estimated Cardinality": "95597"
                                                    },
                                                    "cumulative_cardinality": 0,
                                                    "operator_type": "HASH_GROUP_BY",
                                                    "operator_cardinality": 0,
                                                    "cumulative_rows_scanned": 0,
                                                    "operator_rows_scanned": 0,
                                                    "operator_timing": 7.85e-07,
                                                    "children": [
                                                      {
                                                        "total_bytes_written": 0,
                                                        "total_bytes_read": 0,
                                                        "result_set_size": 0,
                                                        "operator_name": "PROJECTION",
                                                        "cpu_time": 0.0,
                                                        "extra_info": {
                                                          "Projections": [
                                                            "ss_item_sk",
                                                            "ss_net_profit"
                                                          ],
                                                          "Estimated Cardinality": "0"
                                                        },
                                                        "cumulative_cardinality": 0,
                                                        "operator_type": "PROJECTION",
                                                        "operator_cardinality": 0,
                                                        "cumulative_rows_scanned": 0,
                                                        "operator_rows_scanned": 0,
                                                        "operator_timing": 0.0,
                                                        "children": [
                                                          {
                                                            "total_bytes_written": 0,
                                                            "total_bytes_read": 0,
                                                            "result_set_size": 0,
                                                            "operator_name": "EMPTY_RESULT",
                                                            "cpu_time": 0.0,
                                                            "extra_info": {},
                                                            "cumulative_cardinality": 0,
                                                            "operator_type": "EMPTY_RESULT",
                                                            "operator_cardinality": 0,
                                                            "cumulative_rows_scanned": 0,
                                                            "operator_rows_scanned": 0,
                                                            "operator_timing": 4.93e-07,
                                                            "children": []
                                                          }
                                                        ]
                                                      }
                                                    ]
                                                  },
                                                  {
                                                    "total_bytes_written": 0,
                                                    "total_bytes_read": 0,
                                                    "result_set_size": 8,
                                                    "operator_name": "PROJECTION",
                                                    "cpu_time": 0.0,
                                                    "extra_info": {
                                                      "Projections": [
                                                        "CASE  WHEN ((#1 > 1)) THEN (\"error\"('More than one row returned by a subquery used as an expression - scalar subqueries can only return a single row.",
                                                        "Use \"SET scalar_subquery_error_on_multiple_rows=false\" to revert to previous behavior of returning a random row.')) ELSE #0 END"
                                                      ],
                                                      "Estimated Cardinality": "1"
                                                    },
                                                    "cumulative_cardinality": 0,
                                                    "operator_type": "PROJECTION",
                                                    "operator_cardinality": 1,
                                                    "cumulative_rows_scanned": 0,
                                                    "operator_rows_scanned": 0,
                                                    "operator_timing": 3.54e-06,
                                                    "children": [
                                                      {
                                                        "total_bytes_written": 0,
                                                        "total_bytes_read": 0,
                                                        "result_set_size": 16,
                                                        "operator_name": "UNGROUPED_AGGREGATE",
                                                        "cpu_time": 0.0,
                                                        "extra_info": {
                                                          "Aggregates": [
                                                            "\"first\"(#0)",
                                                            "count_star()"
                                                          ]
                                                        },
                                                        "cumulative_cardinality": 0,
                                                        "operator_type": "UNGROUPED_AGGREGATE",
                                                        "operator_cardinality": 1,
                                                        "cumulative_rows_scanned": 0,
                                                        "operator_rows_scanned": 0,
                                                        "operator_timing": 6.011e-06,
                                                        "children": [
                                                          {
                                                            "total_bytes_written": 0,
                                                            "total_bytes_read": 0,
                                                            "result_set_size": 0,
                                                            "operator_name": "PROJECTION",
                                                            "cpu_time": 0.0,
                                                            "extra_info": {
                                                              "Projections": "#0",
                                                              "Estimated Cardinality": "56"
                                                            },
                                                            "cumulative_cardinality": 0,
                                                            "operator_type": "PROJECTION",
                                                            "operator_cardinality": 0,
                                                            "cumulative_rows_scanned": 0,
                                                            "operator_rows_scanned": 0,
                                                            "operator_timing": 0.0,
                                                            "children": [
                                                              {
                                                                "total_bytes_written": 0,
                                                                "total_bytes_read": 0,
                                                                "result_set_size": 0,
                                                                "operator_name": "PROJECTION",
                                                                "cpu_time": 0.0,
                                                                "extra_info": {
                                                                  "Projections": "rank_col",
                                                                  "Estimated Cardinality": "56"
                                                                },
                                                                "cumulative_cardinality": 0,
                                                                "operator_type": "PROJECTION",
                                                                "operator_cardinality": 0,
                                                                "cumulative_rows_scanned": 0,
                                                                "operator_rows_scanned": 0,
                                                                "operator_timing": 0.0,
                                                                "children": [
                                                                  {
                                                                    "total_bytes_written": 0,
                                                                    "total_bytes_read": 0,
                                                                    "result_set_size": 0,
                                                                    "operator_name": "PROJECTION",
                                                                    "cpu_time": 0.0,
                                                                    "extra_info": {
                                                                      "Projections": [
                                                                        "__internal_decompress_integral_integer(#0, 1)",
                                                                        "#1"
                                                                      ],
                                                                      "Estimated Cardinality": "56"
                                                                    },
                                                                    "cumulative_cardinality": 0,
                                                                    "operator_type": "PROJECTION",
                                                                    "operator_cardinality": 0,
                                                                    "cumulative_rows_scanned": 0,
                                                                    "operator_rows_scanned": 0,
                                                                    "operator_timing": 0.0,
                                                                    "children": [
                                                                      {
                                                                        "total_bytes_written": 0,
                                                                        "total_bytes_read": 0,
                                                                        "result_set_size": 0,
                                                                        "operator_name": "PERFECT_HASH_GROUP_BY",
                                                                        "cpu_time": 0.0,
                                                                        "extra_info": {
                                                                          "Groups": "#0",
                                                                          "Aggregates": "avg(#1)"
                                                                        },
                                                                        "cumulative_cardinality": 0,
                                                                        "operator_type": "PERFECT_HASH_GROUP_BY",
                                                                        "operator_cardinality": 0,
                                                                        "cumulative_rows_scanned": 0,
                                                                        "operator_rows_scanned": 0,
                                                                        "operator_timing": 2.213e-06,
                                                                        "children": [
                                                                          {
                                                                            "total_bytes_written": 0,
                                                                            "total_bytes_read": 0,
                                                                            "result_set_size": 0,
                                                                            "operator_name": "PROJECTION",
                                                                            "cpu_time": 0.0,
                                                                            "extra_info": {
                                                                              "Projections": [
                                                                                "ss_store_sk",
                                                                                "ss_net_profit"
                                                                              ],
                                                                              "Estimated Cardinality": "0"
                                                                            },
                                                                            "cumulative_cardinality": 0,
                                                                            "operator_type": "PROJECTION",
                                                                            "operator_cardinality": 0,
                                                                            "cumulative_rows_scanned": 0,
                                                                            "operator_rows_scanned": 0,
                                                                            "operator_timing": 0.0,
                                                                            "children": [
                                                                              {
                                                                                "total_bytes_written": 0,
                                                                                "total_bytes_read": 0,
                                                                                "result_set_size": 0,
                                                                                "operator_name": "PROJECTION",
                                                                                "cpu_time": 0.0,
                                                                                "extra_info": {
                                                                                  "Projections": [
                                                                                    "__internal_compress_integral_utinyint(#0, 1)",
                                                                                    "#1"
                                                                                  ],
                                                                                  "Estimated Cardinality": "0"
                                                                                },
                                                                                "cumulative_cardinality": 0,
                                                                                "operator_type": "PROJECTION",
                                                                                "operator_cardinality": 0,
                                                                                "cumulative_rows_scanned": 0,
                                                                                "operator_rows_scanned": 0,
                                                                                "operator_timing": 0.0,
                                                                                "children": [
                                                                                  {
                                                                                    "total_bytes_written": 0,
                                                                                    "total_bytes_read": 0,
                                                                                    "result_set_size": 0,
                                                                                    "operator_name": "EMPTY_RESULT",
                                                                                    "cpu_time": 0.0,
                                                                                    "extra_info": {},
                                                                                    "cumulative_cardinality": 0,
                                                                                    "operator_type": "EMPTY_RESULT",
                                                                                    "operator_cardinality": 0,
                                                                                    "cumulative_rows_scanned": 0,
                                                                                    "operator_rows_scanned": 0,
                                                                                    "operator_timing": 2.77e-07,
                                                                                    "children": []
                                                                                  }
                                                                                ]
                                                                              }
                                                                            ]
                                                                          }
                                                                        ]
                                                                      }
                                                                    ]
                                                                  }
                                                                ]
                                                              }
                                                            ]
                                                          }
                                                        ]
                                                      }
                                                    ]
                                                  }
                                                ]
                                              }
                                            ]
                                          }
                                        ]
                                      }
                                    ]
                                  }
                                ]
                              }
                            ]
                          }
                        ]
                      }
                    ]
                  }
                ]
              }
            ]
          }
        ]
      }
    ]
  },
  "actual_rows": 0,
  "collected_at": "2026-02-16T10:19:26.279100",
  "query_id": "query_44"
}