{
  "execution_time_ms": 56.0,
  "plan_text": "\u250c\u2500\u2500\u2500\u2500\u2500\u2500\u2500\u2500\u2500\u2500\u2500\u2500\u2500\u2500\u2500\u2500\u2500\u2500\u2500\u2500\u2500\u2500\u2500\u2500\u2500\u2500\u2500\u2500\u2500\u2500\u2500\u2500\u2500\u2500\u2500\u2500\u2500\u2510\n\u2502\u250c\u2500\u2500\u2500\u2500\u2500\u2500\u2500\u2500\u2500\u2500\u2500\u2500\u2500\u2500\u2500\u2500\u2500\u2500\u2500\u2500\u2500\u2500\u2500\u2500\u2500\u2500\u2500\u2500\u2500\u2500\u2500\u2500\u2500\u2500\u2500\u2510\u2502\n\u2502\u2502    Query Profiling Information    \u2502\u2502\n\u2502\u2514\u2500\u2500\u2500\u2500\u2500\u2500\u2500\u2500\u2500\u2500\u2500\u2500\u2500\u2500\u2500\u2500\u2500\u2500\u2500\u2500\u2500\u2500\u2500\u2500\u2500\u2500\u2500\u2500\u2500\u2500\u2500\u2500\u2500\u2500\u2500\u2518\u2502\n\u2514\u2500\u2500\u2500\u2500\u2500\u2500\u2500\u2500\u2500\u2500\u2500\u2500\u2500\u2500\u2500\u2500\u2500\u2500\u2500\u2500\u2500\u2500\u2500\u2500\u2500\u2500\u2500\u2500\u2500\u2500\u2500\u2500\u2500\u2500\u2500\u2500\u2500\u2518\nEXPLAIN ANALYZE -- start query 21 in stream 0 using template query21.tpl select *  from(select w_warehouse_name             ,i_item_id             ,sum(case when (cast(d_date as date) < cast ('2002-02-27' as date)) \t                then inv_quantity_on_hand                        else 0 end) as inv_before             ,sum(case when (cast(d_date as date) >= cast ('2002-02-27' as date))                       then inv_quantity_on_hand                        else 0 end) as inv_after    from inventory        ,warehouse        ,item        ,date_dim    where i_current_price between 0.99 and 1.49      and i_item_sk          = inv_item_sk      and inv_warehouse_sk   = w_warehouse_sk      and inv_date_sk    = d_date_sk      and d_date between (cast ('2002-02-27' as date) - INTERVAL 30 DAY)                     and (cast ('2002-02-27' as date) + INTERVAL 30 DAY)    group by w_warehouse_name, i_item_id) x  where (case when inv_before > 0               then inv_after / inv_before               else null              end) between 2.0/3.0 and 3.0/2.0  order by w_warehouse_name          ,i_item_id  LIMIT 100;  -- end query 21 in stream 0 using template query21.tpl\n\u250c\u2500\u2500\u2500\u2500\u2500\u2500\u2500\u2500\u2500\u2500\u2500\u2500\u2500\u2500\u2500\u2500\u2500\u2500\u2500\u2500\u2500\u2500\u2500\u2500\u2500\u2500\u2500\u2500\u2500\u2500\u2500\u2500\u2500\u2500\u2500\u2500\u2500\u2500\u2500\u2500\u2500\u2500\u2500\u2500\u2500\u2500\u2500\u2500\u2510\n\u2502\u250c\u2500\u2500\u2500\u2500\u2500\u2500\u2500\u2500\u2500\u2500\u2500\u2500\u2500\u2500\u2500\u2500\u2500\u2500\u2500\u2500\u2500\u2500\u2500\u2500\u2500\u2500\u2500\u2500\u2500\u2500\u2500\u2500\u2500\u2500\u2500\u2500\u2500\u2500\u2500\u2500\u2500\u2500\u2500\u2500\u2500\u2500\u2510\u2502\n\u2502\u2502              Total Time: 0.0560s             \u2502\u2502\n\u2502\u2514\u2500\u2500\u2500\u2500\u2500\u2500\u2500\u2500\u2500\u2500\u2500\u2500\u2500\u2500\u2500\u2500\u2500\u2500\u2500\u2500\u2500\u2500\u2500\u2500\u2500\u2500\u2500\u2500\u2500\u2500\u2500\u2500\u2500\u2500\u2500\u2500\u2500\u2500\u2500\u2500\u2500\u2500\u2500\u2500\u2500\u2500\u2518\u2502\n\u2514\u2500\u2500\u2500\u2500\u2500\u2500\u2500\u2500\u2500\u2500\u2500\u2500\u2500\u2500\u2500\u2500\u2500\u2500\u2500\u2500\u2500\u2500\u2500\u2500\u2500\u2500\u2500\u2500\u2500\u2500\u2500\u2500\u2500\u2500\u2500\u2500\u2500\u2500\u2500\u2500\u2500\u2500\u2500\u2500\u2500\u2500\u2500\u2500\u2518\n\u250c\u2500\u2500\u2500\u2500\u2500\u2500\u2500\u2500\u2500\u2500\u2500\u2500\u2500\u2500\u2500\u2500\u2500\u2500\u2500\u2500\u2500\u2500\u2500\u2500\u2500\u2500\u2500\u2510\n\u2502           QUERY           \u2502\n\u2514\u2500\u2500\u2500\u2500\u2500\u2500\u2500\u2500\u2500\u2500\u2500\u2500\u2500\u252c\u2500\u2500\u2500\u2500\u2500\u2500\u2500\u2500\u2500\u2500\u2500\u2500\u2500\u2518\n\u250c\u2500\u2500\u2500\u2500\u2500\u2500\u2500\u2500\u2500\u2500\u2500\u2500\u2500\u2534\u2500\u2500\u2500\u2500\u2500\u2500\u2500\u2500\u2500\u2500\u2500\u2500\u2500\u2510\n\u2502      EXPLAIN_ANALYZE      \u2502\n\u2502    \u2500\u2500\u2500\u2500\u2500\u2500\u2500\u2500\u2500\u2500\u2500\u2500\u2500\u2500\u2500\u2500\u2500\u2500\u2500\u2500   \u2502\n\u2502           0 rows          \u2502\n\u2502          (0.00s)          \u2502\n\u2514\u2500\u2500\u2500\u2500\u2500\u2500\u2500\u2500\u2500\u2500\u2500\u2500\u2500\u252c\u2500\u2500\u2500\u2500\u2500\u2500\u2500\u2500\u2500\u2500\u2500\u2500\u2500\u2518\n\u250c\u2500\u2500\u2500\u2500\u2500\u2500\u2500\u2500\u2500\u2500\u2500\u2500\u2500\u2534\u2500\u2500\u2500\u2500\u2500\u2500\u2500\u2500\u2500\u2500\u2500\u2500\u2500\u2510\n\u2502           TOP_N           \u2502\n\u2502    \u2500\u2500\u2500\u2500\u2500\u2500\u2500\u2500\u2500\u2500\u2500\u2500\u2500\u2500\u2500\u2500\u2500\u2500\u2500\u2500   \u2502\n\u2502          Top: 100         \u2502\n\u2502                           \u2502\n\u2502         Order By:         \u2502\n\u2502   x.w_warehouse_name ASC  \u2502\n\u2502      x.i_item_id ASC      \u2502\n\u2502                           \u2502\n\u2502          100 rows         \u2502\n\u2502          (0.00s)          \u2502\n\u2514\u2500\u2500\u2500\u2500\u2500\u2500\u2500\u2500\u2500\u2500\u2500\u2500\u2500\u252c\u2500\u2500\u2500\u2500\u2500\u2500\u2500\u2500\u2500\u2500\u2500\u2500\u2500\u2518\n\u250c\u2500\u2500\u2500\u2500\u2500\u2500\u2500\u2500\u2500\u2500\u2500\u2500\u2500\u2534\u2500\u2500\u2500\u2500\u2500\u2500\u2500\u2500\u2500\u2500\u2500\u2500\u2500\u2510\n\u2502           FILTER          \u2502\n\u2502    \u2500\u2500\u2500\u2500\u2500\u2500\u2500\u2500\u2500\u2500\u2500\u2500\u2500\u2500\u2500\u2500\u2500\u2500\u2500\u2500   \u2502\n\u2502 (CASE  WHEN ((inv_before >\u2502\n\u2502  0)) THEN ((CAST(inv_after\u2502\n\u2502      AS DOUBLE) / CAST    \u2502\n\u2502  (inv_before AS DOUBLE))) \u2502\n\u2502   ELSE NULL END BETWEEN 0 \u2502\n\u2502 .6666666666666666 AND 1.5)\u2502\n\u2502                           \u2502\n\u2502        19,048 rows        \u2502\n\u2502          (0.00s)          \u2502\n\u2514\u2500\u2500\u2500\u2500\u2500\u2500\u2500\u2500\u2500\u2500\u2500\u2500\u2500\u252c\u2500\u2500\u2500\u2500\u2500\u2500\u2500\u2500\u2500\u2500\u2500\u2500\u2500\u2518\n\u250c\u2500\u2500\u2500\u2500\u2500\u2500\u2500\u2500\u2500\u2500\u2500\u2500\u2500\u2534\u2500\u2500\u2500\u2500\u2500\u2500\u2500\u2500\u2500\u2500\u2500\u2500\u2500\u2510\n\u2502       HASH_GROUP_BY       \u2502\n\u2502    \u2500\u2500\u2500\u2500\u2500\u2500\u2500\u2500\u2500\u2500\u2500\u2500\u2500\u2500\u2500\u2500\u2500\u2500\u2500\u2500   \u2502\n\u2502          Groups:          \u2502\n\u2502             #0            \u2502\n\u2502             #1            \u2502\n\u2502                           \u2502\n\u2502        Aggregates:        \u2502\n\u2502          sum(#2)          \u2502\n\u2502          sum(#3)          \u2502\n\u2502                           \u2502\n\u2502        32,780 rows        \u2502\n\u2502          (0.11s)          \u2502\n\u2514\u2500\u2500\u2500\u2500\u2500\u2500\u2500\u2500\u2500\u2500\u2500\u2500\u2500\u252c\u2500\u2500\u2500\u2500\u2500\u2500\u2500\u2500\u2500\u2500\u2500\u2500\u2500\u2518\n\u250c\u2500\u2500\u2500\u2500\u2500\u2500\u2500\u2500\u2500\u2500\u2500\u2500\u2500\u2534\u2500\u2500\u2500\u2500\u2500\u2500\u2500\u2500\u2500\u2500\u2500\u2500\u2500\u2510\n\u2502         PROJECTION        \u2502\n\u2502    \u2500\u2500\u2500\u2500\u2500\u2500\u2500\u2500\u2500\u2500\u2500\u2500\u2500\u2500\u2500\u2500\u2500\u2500\u2500\u2500   \u2502\n\u2502      w_warehouse_name     \u2502\n\u2502         i_item_id         \u2502\n\u2502   CASE  WHEN ((d_date <   \u2502\n\u2502 '2002-02-27'::DATE)) THEN \u2502\n\u2502   (inv_quantity_on_hand)  \u2502\n\u2502         ELSE 0 END        \u2502\n\u2502  CASE  WHEN ((d_date >=   \u2502\n\u2502 '2002-02-27'::DATE)) THEN \u2502\n\u2502   (inv_quantity_on_hand)  \u2502\n\u2502         ELSE 0 END        \u2502\n\u2502                           \u2502\n\u2502        295,020 rows       \u2502\n\u2502          (0.01s)          \u2502\n\u2514\u2500\u2500\u2500\u2500\u2500\u2500\u2500\u2500\u2500\u2500\u2500\u2500\u2500\u252c\u2500\u2500\u2500\u2500\u2500\u2500\u2500\u2500\u2500\u2500\u2500\u2500\u2500\u2518\n\u250c\u2500\u2500\u2500\u2500\u2500\u2500\u2500\u2500\u2500\u2500\u2500\u2500\u2500\u2534\u2500\u2500\u2500\u2500\u2500\u2500\u2500\u2500\u2500\u2500\u2500\u2500\u2500\u2510\n\u2502         HASH_JOIN         \u2502\n\u2502    \u2500\u2500\u2500\u2500\u2500\u2500\u2500\u2500\u2500\u2500\u2500\u2500\u2500\u2500\u2500\u2500\u2500\u2500\u2500\u2500   \u2502\n\u2502      Join Type: INNER     \u2502\n\u2502                           \u2502\n\u2502        Conditions:        \u2502\n\u2502     inv_warehouse_sk =    \u251c\u2500\u2500\u2500\u2500\u2500\u2500\u2500\u2500\u2500\u2500\u2500\u2500\u2500\u2500\u2500\u2500\u2500\u2500\u2500\u2500\u2500\u2500\u2500\u2500\u2500\u2500\u2500\u2500\u2500\u2500\u2500\u2500\u2500\u2500\u2500\u2500\u2500\u2500\u2500\u2500\u2500\u2500\u2500\u2500\u2500\u2500\u2500\u2500\u2500\u2500\u2500\u2500\u2500\u2500\u2500\u2500\u2500\u2500\u2500\u2500\u2500\u2500\u2500\u2500\u2500\u2500\u2500\u2500\u2500\u2500\u2500\u2500\u2510\n\u2502       w_warehouse_sk      \u2502                                                                        \u2502\n\u2502                           \u2502                                                                        \u2502\n\u2502        295,020 rows       \u2502                                                                        \u2502\n\u2502          (0.00s)          \u2502                                                                        \u2502\n\u2514\u2500\u2500\u2500\u2500\u2500\u2500\u2500\u2500\u2500\u2500\u2500\u2500\u2500\u252c\u2500\u2500\u2500\u2500\u2500\u2500\u2500\u2500\u2500\u2500\u2500\u2500\u2500\u2518                                                                        \u2502\n\u250c\u2500\u2500\u2500\u2500\u2500\u2500\u2500\u2500\u2500\u2500\u2500\u2500\u2500\u2534\u2500\u2500\u2500\u2500\u2500\u2500\u2500\u2500\u2500\u2500\u2500\u2500\u2500\u2510                                                          \u250c\u2500\u2500\u2500\u2500\u2500\u2500\u2500\u2500\u2500\u2500\u2500\u2500\u2500\u2534\u2500\u2500\u2500\u2500\u2500\u2500\u2500\u2500\u2500\u2500\u2500\u2500\u2500\u2510\n\u2502         HASH_JOIN         \u2502                                                          \u2502         TABLE_SCAN        \u2502\n\u2502    \u2500\u2500\u2500\u2500\u2500\u2500\u2500\u2500\u2500\u2500\u2500\u2500\u2500\u2500\u2500\u2500\u2500\u2500\u2500\u2500   \u2502                                                          \u2502    \u2500\u2500\u2500\u2500\u2500\u2500\u2500\u2500\u2500\u2500\u2500\u2500\u2500\u2500\u2500\u2500\u2500\u2500\u2500\u2500   \u2502\n\u2502      Join Type: INNER     \u2502                                                          \u2502      Table: warehouse     \u2502\n\u2502                           \u2502                                                          \u2502   Type: Sequential Scan   \u2502\n\u2502        Conditions:        \u2502                                                          \u2502                           \u2502\n\u2502  inv_item_sk = i_item_sk  \u251c\u2500\u2500\u2500\u2500\u2500\u2500\u2500\u2500\u2500\u2500\u2500\u2500\u2500\u2500\u2500\u2500\u2500\u2500\u2500\u2500\u2500\u2500\u2500\u2500\u2500\u2500\u2500\u2500\u2500\u2500\u2500\u2500\u2500\u2500\u2500\u2500\u2500\u2500\u2500\u2500\u2500\u2500\u2500\u2510              \u2502        Projections:       \u2502\n\u2502                           \u2502                                           \u2502              \u2502       w_warehouse_sk      \u2502\n\u2502                           \u2502                                           \u2502              \u2502      w_warehouse_name     \u2502\n\u2502                           \u2502                                           \u2502              \u2502                           \u2502\n\u2502        295,020 rows       \u2502                                           \u2502              \u2502          10 rows          \u2502\n\u2502          (0.01s)          \u2502                                           \u2502              \u2502          (0.00s)          \u2502\n\u2514\u2500\u2500\u2500\u2500\u2500\u2500\u2500\u2500\u2500\u2500\u2500\u2500\u2500\u252c\u2500\u2500\u2500\u2500\u2500\u2500\u2500\u2500\u2500\u2500\u2500\u2500\u2500\u2518                                           \u2502              \u2514\u2500\u2500\u2500\u2500\u2500\u2500\u2500\u2500\u2500\u2500\u2500\u2500\u2500\u2500\u2500\u2500\u2500\u2500\u2500\u2500\u2500\u2500\u2500\u2500\u2500\u2500\u2500\u2518\n\u250c\u2500\u2500\u2500\u2500\u2500\u2500\u2500\u2500\u2500\u2500\u2500\u2500\u2500\u2534\u2500\u2500\u2500\u2500\u2500\u2500\u2500\u2500\u2500\u2500\u2500\u2500\u2500\u2510                             \u250c\u2500\u2500\u2500\u2500\u2500\u2500\u2500\u2500\u2500\u2500\u2500\u2500\u2500\u2534\u2500\u2500\u2500\u2500\u2500\u2500\u2500\u2500\u2500\u2500\u2500\u2500\u2500\u2510\n\u2502         HASH_JOIN         \u2502                             \u2502         TABLE_SCAN        \u2502\n\u2502    \u2500\u2500\u2500\u2500\u2500\u2500\u2500\u2500\u2500\u2500\u2500\u2500\u2500\u2500\u2500\u2500\u2500\u2500\u2500\u2500   \u2502                             \u2502    \u2500\u2500\u2500\u2500\u2500\u2500\u2500\u2500\u2500\u2500\u2500\u2500\u2500\u2500\u2500\u2500\u2500\u2500\u2500\u2500   \u2502\n\u2502      Join Type: INNER     \u2502                             \u2502        Table: item        \u2502\n\u2502                           \u2502                             \u2502   Type: Sequential Scan   \u2502\n\u2502        Conditions:        \u2502                             \u2502                           \u2502\n\u2502  inv_date_sk = d_date_sk  \u2502                             \u2502        Projections:       \u2502\n\u2502                           \u2502                             \u2502         i_item_sk         \u2502\n\u2502                           \u251c\u2500\u2500\u2500\u2500\u2500\u2500\u2500\u2500\u2500\u2500\u2500\u2500\u2500\u2500\u2510              \u2502         i_item_id         \u2502\n\u2502                           \u2502              \u2502              \u2502                           \u2502\n\u2502                           \u2502              \u2502              \u2502          Filters:         \u2502\n\u2502                           \u2502              \u2502              \u2502 i_current_price>=0.99 AND \u2502\n\u2502                           \u2502              \u2502              \u2502    i_current_price<=1.49  \u2502\n\u2502                           \u2502              \u2502              \u2502                           \u2502\n\u2502       4,589,820 rows      \u2502              \u2502              \u2502         6,464 rows        \u2502\n\u2502          (0.01s)          \u2502              \u2502              \u2502          (0.01s)          \u2502\n\u2514\u2500\u2500\u2500\u2500\u2500\u2500\u2500\u2500\u2500\u2500\u2500\u2500\u2500\u252c\u2500\u2500\u2500\u2500\u2500\u2500\u2500\u2500\u2500\u2500\u2500\u2500\u2500\u2518              \u2502              \u2514\u2500\u2500\u2500\u2500\u2500\u2500\u2500\u2500\u2500\u2500\u2500\u2500\u2500\u2500\u2500\u2500\u2500\u2500\u2500\u2500\u2500\u2500\u2500\u2500\u2500\u2500\u2500\u2518\n\u250c\u2500\u2500\u2500\u2500\u2500\u2500\u2500\u2500\u2500\u2500\u2500\u2500\u2500\u2534\u2500\u2500\u2500\u2500\u2500\u2500\u2500\u2500\u2500\u2500\u2500\u2500\u2500\u2510\u250c\u2500\u2500\u2500\u2500\u2500\u2500\u2500\u2500\u2500\u2500\u2500\u2500\u2500\u2534\u2500\u2500\u2500\u2500\u2500\u2500\u2500\u2500\u2500\u2500\u2500\u2500\u2500\u2510\n\u2502         TABLE_SCAN        \u2502\u2502           FILTER          \u2502\n\u2502    \u2500\u2500\u2500\u2500\u2500\u2500\u2500\u2500\u2500\u2500\u2500\u2500\u2500\u2500\u2500\u2500\u2500\u2500\u2500\u2500   \u2502\u2502    \u2500\u2500\u2500\u2500\u2500\u2500\u2500\u2500\u2500\u2500\u2500\u2500\u2500\u2500\u2500\u2500\u2500\u2500\u2500\u2500   \u2502\n\u2502      Table: inventory     \u2502\u2502 (d_date_sk BETWEEN 2450815\u2502\n\u2502   Type: Sequential Scan   \u2502\u2502        AND 2452635)       \u2502\n\u2502                           \u2502\u2502                           \u2502\n\u2502        Projections:       \u2502\u2502                           \u2502\n\u2502        inv_item_sk        \u2502\u2502                           \u2502\n\u2502      inv_warehouse_sk     \u2502\u2502                           \u2502\n\u2502        inv_date_sk        \u2502\u2502                           \u2502\n\u2502    inv_quantity_on_hand   \u2502\u2502                           \u2502\n\u2502                           \u2502\u2502                           \u2502\n\u2502       4,589,820 rows      \u2502\u2502          61 rows          \u2502\n\u2502          (0.56s)          \u2502\u2502          (0.00s)          \u2502\n\u2514\u2500\u2500\u2500\u2500\u2500\u2500\u2500\u2500\u2500\u2500\u2500\u2500\u2500\u2500\u2500\u2500\u2500\u2500\u2500\u2500\u2500\u2500\u2500\u2500\u2500\u2500\u2500\u2518\u2514\u2500\u2500\u2500\u2500\u2500\u2500\u2500\u2500\u2500\u2500\u2500\u2500\u2500\u252c\u2500\u2500\u2500\u2500\u2500\u2500\u2500\u2500\u2500\u2500\u2500\u2500\u2500\u2518\n                             \u250c\u2500\u2500\u2500\u2500\u2500\u2500\u2500\u2500\u2500\u2500\u2500\u2500\u2500\u2534\u2500\u2500\u2500\u2500\u2500\u2500\u2500\u2500\u2500\u2500\u2500\u2500\u2500\u2510\n                             \u2502         TABLE_SCAN        \u2502\n                             \u2502    \u2500\u2500\u2500\u2500\u2500\u2500\u2500\u2500\u2500\u2500\u2500\u2500\u2500\u2500\u2500\u2500\u2500\u2500\u2500\u2500   \u2502\n                             \u2502      Table: date_dim      \u2502\n                             \u2502   Type: Sequential Scan   \u2502\n                             \u2502                           \u2502\n                             \u2502        Projections:       \u2502\n                             \u2502         d_date_sk         \u2502\n                             \u2502           d_date          \u2502\n                             \u2502                           \u2502\n                             \u2502          Filters:         \u2502\n                             \u2502 (CAST(d_date AS TIMESTAMP)\u2502\n                             \u2502  BETWEEN '2002-01-28 00:00\u2502\n                             \u2502 :00'::TIMESTAMP AND '2002 \u2502\n                             \u2502     -03-29 00:00:00':     \u2502\n                             \u2502        :TIMESTAMP)        \u2502\n                             \u2502                           \u2502\n                             \u2502          61 rows          \u2502\n                             \u2502          (0.00s)          \u2502\n                             \u2514\u2500\u2500\u2500\u2500\u2500\u2500\u2500\u2500\u2500\u2500\u2500\u2500\u2500\u2500\u2500\u2500\u2500\u2500\u2500\u2500\u2500\u2500\u2500\u2500\u2500\u2500\u2500\u2518\n",
  "plan_json": {
    "total_bytes_written": 0,
    "total_bytes_read": 0,
    "rows_returned": 0,
    "latency": 0.0,
    "result_set_size": 0,
    "query_name": "",
    "blocked_thread_time": 0.0,
    "system_peak_buffer_memory": 0,
    "system_peak_temp_dir_size": 0,
    "cpu_time": 0.0,
    "extra_info": {},
    "cumulative_cardinality": 0,
    "cumulative_rows_scanned": 0,
    "children": [
      {
        "total_bytes_written": 0,
        "total_bytes_read": 0,
        "result_set_size": 0,
        "operator_name": "EXPLAIN_ANALYZE",
        "cpu_time": 0.0,
        "extra_info": {},
        "cumulative_cardinality": 0,
        "operator_type": "EXPLAIN_ANALYZE",
        "operator_cardinality": 0,
        "cumulative_rows_scanned": 0,
        "operator_rows_scanned": 0,
        "operator_timing": 2.67e-07,
        "children": [
          {
            "total_bytes_written": 0,
            "total_bytes_read": 0,
            "result_set_size": 6400,
            "operator_name": "TOP_N",
            "cpu_time": 0.0,
            "extra_info": {
              "Top": "100",
              "Order By": [
                "x.w_warehouse_name ASC",
                "x.i_item_id ASC"
              ]
            },
            "cumulative_cardinality": 0,
            "operator_type": "TOP_N",
            "operator_cardinality": 100,
            "cumulative_rows_scanned": 0,
            "operator_rows_scanned": 0,
            "operator_timing": 0.0020042019999999996,
            "children": [
              {
                "total_bytes_written": 0,
                "total_bytes_read": 0,
                "result_set_size": 1219072,
                "operator_name": "FILTER",
                "cpu_time": 0.0,
                "extra_info": {
                  "Expression": "(CASE  WHEN ((inv_before > 0)) THEN ((CAST(inv_after AS DOUBLE) / CAST(inv_before AS DOUBLE))) ELSE NULL END BETWEEN 0.6666666666666666 AND 1.5)",
                  "Estimated Cardinality": "2184"
                },
                "cumulative_cardinality": 0,
                "operator_type": "FILTER",
                "operator_cardinality": 19048,
                "cumulative_rows_scanned": 0,
                "operator_rows_scanned": 0,
                "operator_timing": 0.0012557380000000002,
                "children": [
                  {
                    "total_bytes_written": 0,
                    "total_bytes_read": 0,
                    "result_set_size": 2097920,
                    "operator_name": "HASH_GROUP_BY",
                    "cpu_time": 0.0,
                    "extra_info": {
                      "Groups": [
                        "#0",
                        "#1"
                      ],
                      "Aggregates": [
                        "sum(#2)",
                        "sum(#3)"
                      ],
                      "Estimated Cardinality": "2184"
                    },
                    "cumulative_cardinality": 0,
                    "operator_type": "HASH_GROUP_BY",
                    "operator_cardinality": 32780,
                    "cumulative_rows_scanned": 0,
                    "operator_rows_scanned": 0,
                    "operator_timing": 0.097976816,
                    "children": [
                      {
                        "total_bytes_written": 0,
                        "total_bytes_read": 0,
                        "result_set_size": 11800800,
                        "operator_name": "PROJECTION",
                        "cpu_time": 0.0,
                        "extra_info": {
                          "Projections": [
                            "w_warehouse_name",
                            "i_item_id",
                            "CASE  WHEN ((d_date < '2002-02-27'::DATE)) THEN (inv_quantity_on_hand) ELSE 0 END",
                            "CASE  WHEN ((d_date >= '2002-02-27'::DATE)) THEN (inv_quantity_on_hand) ELSE 0 END"
                          ],
                          "Estimated Cardinality": "5141212"
                        },
                        "cumulative_cardinality": 0,
                        "operator_type": "PROJECTION",
                        "operator_cardinality": 295020,
                        "cumulative_rows_scanned": 0,
                        "operator_rows_scanned": 0,
                        "operator_timing": 0.005820592,
                        "children": [
                          {
                            "total_bytes_written": 0,
                            "total_bytes_read": 0,
                            "result_set_size": 11800800,
                            "operator_name": "HASH_JOIN",
                            "cpu_time": 0.0,
                            "extra_info": {
                              "Join Type": "INNER",
                              "Conditions": "inv_warehouse_sk = w_warehouse_sk",
                              "Estimated Cardinality": "5141212"
                            },
                            "cumulative_cardinality": 0,
                            "operator_type": "HASH_JOIN",
                            "operator_cardinality": 295020,
                            "cumulative_rows_scanned": 0,
                            "operator_rows_scanned": 0,
                            "operator_timing": 0.003069946,
                            "children": [
                              {
                                "total_bytes_written": 0,
                                "total_bytes_read": 0,
                                "result_set_size": 8260560,
                                "operator_name": "HASH_JOIN",
                                "cpu_time": 0.0,
                                "extra_info": {
                                  "Join Type": "INNER",
                                  "Conditions": "inv_item_sk = i_item_sk",
                                  "Estimated Cardinality": "5655333"
                                },
                                "cumulative_cardinality": 0,
                                "operator_type": "HASH_JOIN",
                                "operator_cardinality": 295020,
                                "cumulative_rows_scanned": 0,
                                "operator_rows_scanned": 0,
                                "operator_timing": 0.013271403000000001,
                                "children": [
                                  {
                                    "total_bytes_written": 0,
                                    "total_bytes_read": 0,
                                    "result_set_size": 73437120,
                                    "operator_name": "HASH_JOIN",
                                    "cpu_time": 0.0,
                                    "extra_info": {
                                      "Join Type": "INNER",
                                      "Conditions": "inv_date_sk = d_date_sk",
                                      "Estimated Cardinality": "26620542"
                                    },
                                    "cumulative_cardinality": 0,
                                    "operator_type": "HASH_JOIN",
                                    "operator_cardinality": 4589820,
                                    "cumulative_rows_scanned": 0,
                                    "operator_rows_scanned": 0,
                                    "operator_timing": 0.014278396,
                                    "children": [
                                      {
                                        "total_bytes_written": 0,
                                        "total_bytes_read": 0,
                                        "result_set_size": 73437120,
                                        "operator_name": "SEQ_SCAN ",
                                        "cpu_time": 0.0,
                                        "extra_info": {
                                          "Table": "inventory",
                                          "Type": "Sequential Scan",
                                          "Projections": [
                                            "inv_item_sk",
                                            "inv_warehouse_sk",
                                            "inv_date_sk",
                                            "inv_quantity_on_hand"
                                          ],
                                          "Estimated Cardinality": "133110000"
                                        },
                                        "cumulative_cardinality": 0,
                                        "operator_type": "TABLE_SCAN",
                                        "operator_cardinality": 4589820,
                                        "cumulative_rows_scanned": 0,
                                        "operator_rows_scanned": 3727080000,
                                        "operator_timing": 0.027073584999999994,
                                        "children": []
                                      },
                                      {
                                        "total_bytes_written": 0,
                                        "total_bytes_read": 0,
                                        "result_set_size": 488,
                                        "operator_name": "FILTER",
                                        "cpu_time": 0.0,
                                        "extra_info": {
                                          "Expression": "(d_date_sk BETWEEN 2450815 AND 2452635)",
                                          "Estimated Cardinality": "14609"
                                        },
                                        "cumulative_cardinality": 0,
                                        "operator_type": "FILTER",
                                        "operator_cardinality": 61,
                                        "cumulative_rows_scanned": 0,
                                        "operator_rows_scanned": 0,
                                        "operator_timing": 1.3766999999999999e-05,
                                        "children": [
                                          {
                                            "total_bytes_written": 0,
                                            "total_bytes_read": 0,
                                            "result_set_size": 488,
                                            "operator_name": "SEQ_SCAN ",
                                            "cpu_time": 0.0,
                                            "extra_info": {
                                              "Table": "date_dim",
                                              "Type": "Sequential Scan",
                                              "Projections": [
                                                "d_date_sk",
                                                "d_date"
                                              ],
                                              "Filters": "(CAST(d_date AS TIMESTAMP) BETWEEN '2002-01-28 00:00:00'::TIMESTAMP AND '2002-03-29 00:00:00'::TIMESTAMP)",
                                              "Estimated Cardinality": "14609"
                                            },
                                            "cumulative_cardinality": 0,
                                            "operator_type": "TABLE_SCAN",
                                            "operator_cardinality": 61,
                                            "cumulative_rows_scanned": 0,
                                            "operator_rows_scanned": 73049,
                                            "operator_timing": 0.000354914,
                                            "children": []
                                          }
                                        ]
                                      }
                                    ]
                                  },
                                  {
                                    "total_bytes_written": 0,
                                    "total_bytes_read": 0,
                                    "result_set_size": 129280,
                                    "operator_name": "SEQ_SCAN ",
                                    "cpu_time": 0.0,
                                    "extra_info": {
                                      "Table": "item",
                                      "Type": "Sequential Scan",
                                      "Projections": [
                                        "i_item_sk",
                                        "i_item_id"
                                      ],
                                      "Filters": "i_current_price>=0.99 AND i_current_price<=1.49",
                                      "Estimated Cardinality": "20400"
                                    },
                                    "cumulative_cardinality": 0,
                                    "operator_type": "TABLE_SCAN",
                                    "operator_cardinality": 6464,
                                    "cumulative_rows_scanned": 0,
                                    "operator_rows_scanned": 102000,
                                    "operator_timing": 0.0004429849999999999,
                                    "children": []
                                  }
                                ]
                              },
                              {
                                "total_bytes_written": 0,
                                "total_bytes_read": 0,
                                "result_set_size": 200,
                                "operator_name": "SEQ_SCAN ",
                                "cpu_time": 0.0,
                                "extra_info": {
                                  "Table": "warehouse",
                                  "Type": "Sequential Scan",
                                  "Projections": [
                                    "w_warehouse_sk",
                                    "w_warehouse_name"
                                  ],
                                  "Estimated Cardinality": "10"
                                },
                                "cumulative_cardinality": 0,
                                "operator_type": "TABLE_SCAN",
                                "operator_cardinality": 10,
                                "cumulative_rows_scanned": 0,
                                "operator_rows_scanned": 10,
                                "operator_timing": 1.6257e-05,
                                "children": []
                              }
                            ]
                          }
                        ]
                      }
                    ]
                  }
                ]
              }
            ]
          }
        ]
      }
    ]
  },
  "actual_rows": 0,
  "collected_at": "2026-02-16T10:18:47.280648",
  "query_id": "query_21"
}