{
  "execution_time_ms": 0.0,
  "plan_text": "\u250c\u2500\u2500\u2500\u2500\u2500\u2500\u2500\u2500\u2500\u2500\u2500\u2500\u2500\u2500\u2500\u2510\n\u2502     TOP_N     \u2502\n\u2502    \u2500\u2500\u2500\u2500\u2500\u2500\u2500\u2500   \u2502\n\u2502    Top: 100   \u2502\n\u2502               \u2502\n\u2502   Order By:   \u2502\n\u2502 count(DISTINCT\u2502\n\u2502 cs1.cs_order_n\u2502\n\u2502   umber) ASC  \u2502\n\u2514\u2500\u2500\u2500\u2500\u2500\u2500\u2500\u252c\u2500\u2500\u2500\u2500\u2500\u2500\u2500\u2518\n\u250c\u2500\u2500\u2500\u2500\u2500\u2500\u2500\u2534\u2500\u2500\u2500\u2500\u2500\u2500\u2500\u2510\n\u2502UNGROUPED_...  \u2502\n\u2502    \u2500\u2500\u2500\u2500\u2500\u2500\u2500\u2500   \u2502\n\u2502  Aggregates:  \u2502\n\u2502 count(DISTINCT\u2502\n\u2502       #0)     \u2502\n\u2502    sum(#1)    \u2502\n\u2502    sum(#2)    \u2502\n\u2514\u2500\u2500\u2500\u2500\u2500\u2500\u2500\u252c\u2500\u2500\u2500\u2500\u2500\u2500\u2500\u2518\n\u250c\u2500\u2500\u2500\u2500\u2500\u2500\u2500\u2534\u2500\u2500\u2500\u2500\u2500\u2500\u2500\u2510\n\u2502   PROJECTION  \u2502\n\u2502    \u2500\u2500\u2500\u2500\u2500\u2500\u2500\u2500   \u2502\n\u2502cs_order_number\u2502\n\u2502cs_ext_ship_cos\u2502\n\u2502       t       \u2502\n\u2502 cs_net_profit \u2502\n\u2502               \u2502\n\u2502   ~398 rows   \u2502\n\u2514\u2500\u2500\u2500\u2500\u2500\u2500\u2500\u252c\u2500\u2500\u2500\u2500\u2500\u2500\u2500\u2518\n\u250c\u2500\u2500\u2500\u2500\u2500\u2500\u2500\u2534\u2500\u2500\u2500\u2500\u2500\u2500\u2500\u2510\n\u2502RIGHT_DELI...  \u2502\n\u2502    \u2500\u2500\u2500\u2500\u2500\u2500\u2500\u2500   \u2502\n\u2502   Join Type:  \u2502\n\u2502   RIGHT_ANTI  \u2502\n\u2502               \u2502\n\u2502  Conditions:  \u2502\n\u2502cs_order_number\u251c\u2500\u2500\u2500\u2500\u2500\u2500\u2500\u2500\u2500\u2500\u2500\u2500\u2500\u2500\u2500\u2500\u2500\u2500\u2500\u2500\u2500\u2500\u2500\u2500\u2500\u2500\u2500\u2500\u2500\u2500\u2500\u2500\u2500\u2500\u2500\u2500\u2500\u2500\u2500\u2500\u2500\u2500\u2500\u2500\u2500\u2500\u2500\u2500\u2500\u2500\u2500\u2500\u2500\u2500\u2500\u2500\u2500\u2500\u2500\u2500\u2500\u2500\u2500\u2500\u2500\u2500\u2500\u2500\u2500\u2500\u2500\u2500\u2500\u2500\u2500\u2500\u2500\u2500\u2500\u2500\u2500\u2500\u2500\u2500\u2500\u2500\u2500\u2500\u2500\u2500\u2500\u2500\u2500\u2500\u2500\u2500\u2500\u2500\u2500\u2500\u2500\u2500\u2500\u2500\u2500\u2500\u2500\u2500\u2500\u2500\u2500\u2500\u2500\u2500\u2500\u2500\u2500\u2500\u2500\u2500\u2500\u2500\u2500\u2500\u2500\u2500\u2500\u2500\u2500\u2500\u2500\u2500\u2500\u2500\u2500\u2500\u2500\u2500\u2500\u2500\u2500\u2500\u2500\u2500\u252c\u2500\u2500\u2500\u2500\u2500\u2500\u2500\u2500\u2500\u2500\u2500\u2500\u2500\u2500\u2500\u2500\u2500\u2500\u2500\u2500\u2500\u2500\u2500\u2500\u2500\u2500\u2500\u2500\u2500\u2500\u2500\u2500\u2500\u2500\u2500\u2500\u2500\u2500\u2500\u2500\u2500\u2500\u2500\u2500\u2500\u2500\u2500\u2500\u2500\u2500\u2510\n\u2502 IS NOT DISTINC\u2502                                                                                                                                                \u2502                                                  \u2502\n\u2502T FROM cs_order\u2502                                                                                                                                                \u2502                                                  \u2502\n\u2502    _number    \u2502                                                                                                                                                \u2502                                                  \u2502\n\u2502               \u2502                                                                                                                                                \u2502                                                  \u2502\n\u2502   ~398 rows   \u2502                                                                                                                                                \u2502                                                  \u2502\n\u2514\u2500\u2500\u2500\u2500\u2500\u2500\u2500\u252c\u2500\u2500\u2500\u2500\u2500\u2500\u2500\u2518                                                                                                                                                \u2502                                                  \u2502\n\u250c\u2500\u2500\u2500\u2500\u2500\u2500\u2500\u2534\u2500\u2500\u2500\u2500\u2500\u2500\u2500\u2510                                                                                                                                        \u250c\u2500\u2500\u2500\u2500\u2500\u2500\u2500\u2534\u2500\u2500\u2500\u2500\u2500\u2500\u2500\u2510                                  \u250c\u2500\u2500\u2500\u2500\u2500\u2500\u2500\u2534\u2500\u2500\u2500\u2500\u2500\u2500\u2500\u2510\n\u2502RIGHT_DELI...  \u2502                                                                                                                                        \u2502   HASH_JOIN   \u2502                                  \u2502 HASH_GROUP_BY \u2502\n\u2502    \u2500\u2500\u2500\u2500\u2500\u2500\u2500\u2500   \u2502                                                                                                                                        \u2502    \u2500\u2500\u2500\u2500\u2500\u2500\u2500\u2500   \u2502                                  \u2502    \u2500\u2500\u2500\u2500\u2500\u2500\u2500\u2500   \u2502\n\u2502   Join Type:  \u2502                                                                                                                                        \u2502   Join Type:  \u2502                                  \u2502    Groups:    \u2502\n\u2502   RIGHT_SEMI  \u2502                                                                                                                                        \u2502   RIGHT_ANTI  \u2502                                  \u2502       #0      \u2502\n\u2502               \u2502                                                                                                                                        \u2502               \u2502                                  \u2502               \u2502\n\u2502  Conditions:  \u2502                                                                                                                                        \u2502  Conditions:  \u2502                                  \u2502               \u2502\n\u2502cs_warehouse_sk\u2502                                                                                                                                        \u2502cs_order_number\u2502                                  \u2502               \u2502\n\u2502 IS NOT DISTINC\u2502                                                                                                                                        \u2502 IS NOT DISTINC\u2502                                  \u2502               \u2502\n\u2502T FROM cs_wareh\u251c\u2500\u2500\u2500\u2500\u2500\u2500\u2500\u2500\u2500\u2500\u2500\u2500\u2500\u2500\u2500\u2500\u2500\u2500\u2500\u2500\u2500\u2500\u2500\u2500\u2500\u2500\u2500\u2500\u2500\u2500\u2500\u2500\u2500\u2500\u2500\u2500\u2500\u2500\u2500\u2500\u2500\u2500\u2500\u2500\u2500\u2500\u2500\u2500\u2500\u2500\u2500\u2500\u2500\u2500\u2500\u2500\u2500\u2500\u2500\u2500\u2500\u2500\u2500\u2500\u2500\u2500\u2500\u2500\u2500\u2500\u2500\u2500\u2500\u2500\u2500\u2500\u252c\u2500\u2500\u2500\u2500\u2500\u2500\u2500\u2500\u2500\u2500\u2500\u2500\u2500\u2500\u2500\u2500\u2500\u2500\u2500\u2500\u2500\u2500\u2500\u2500\u2500\u2500\u2500\u2500\u2500\u2500\u2500\u2500\u2500\u2500\u2500\u2500\u2500\u2500\u2500\u2500\u2500\u2500\u2500\u2500\u2500\u2500\u2500\u2500\u2500\u2500\u2510        \u2502T FROM cs_order\u251c\u2500\u2500\u2500\u2500\u2500\u2500\u2500\u2500\u2500\u2500\u2500\u2500\u2500\u2500\u2500\u2500\u2500\u2500\u2500\u2500\u2500\u2500\u2500\u2500\u2500\u2510        \u2502               \u2502\n\u2502    ouse_sk    \u2502                                                                            \u2502                                                  \u2502        \u2502    _number    \u2502                         \u2502        \u2502               \u2502\n\u2502cs_order_number\u2502                                                                            \u2502                                                  \u2502        \u2502               \u2502                         \u2502        \u2502               \u2502\n\u2502 IS NOT DISTINC\u2502                                                                            \u2502                                                  \u2502        \u2502               \u2502                         \u2502        \u2502               \u2502\n\u2502T FROM cs_order\u2502                                                                            \u2502                                                  \u2502        \u2502               \u2502                         \u2502        \u2502               \u2502\n\u2502    _number    \u2502                                                                            \u2502                                                  \u2502        \u2502               \u2502                         \u2502        \u2502               \u2502\n\u2502               \u2502                                                                            \u2502                                                  \u2502        \u2502               \u2502                         \u2502        \u2502               \u2502\n\u2502  ~1,990 rows  \u2502                                                                            \u2502                                                  \u2502        \u2502   ~398 rows   \u2502                         \u2502        \u2502  ~1,986 rows  \u2502\n\u2514\u2500\u2500\u2500\u2500\u2500\u2500\u2500\u252c\u2500\u2500\u2500\u2500\u2500\u2500\u2500\u2518                                                                            \u2502                                                  \u2502        \u2514\u2500\u2500\u2500\u2500\u2500\u2500\u2500\u252c\u2500\u2500\u2500\u2500\u2500\u2500\u2500\u2518                         \u2502        \u2514\u2500\u2500\u2500\u2500\u2500\u2500\u2500\u2500\u2500\u2500\u2500\u2500\u2500\u2500\u2500\u2518\n\u250c\u2500\u2500\u2500\u2500\u2500\u2500\u2500\u2534\u2500\u2500\u2500\u2500\u2500\u2500\u2500\u2510                                                                    \u250c\u2500\u2500\u2500\u2500\u2500\u2500\u2500\u2534\u2500\u2500\u2500\u2500\u2500\u2500\u2500\u2510                                  \u250c\u2500\u2500\u2500\u2500\u2500\u2500\u2500\u2534\u2500\u2500\u2500\u2500\u2500\u2500\u2500\u2510\u250c\u2500\u2500\u2500\u2500\u2500\u2500\u2500\u2534\u2500\u2500\u2500\u2500\u2500\u2500\u2500\u2510                 \u250c\u2500\u2500\u2500\u2500\u2500\u2500\u2500\u2534\u2500\u2500\u2500\u2500\u2500\u2500\u2500\u2510\n\u2502   HASH_JOIN   \u2502                                                                    \u2502   HASH_JOIN   \u2502                                  \u2502 HASH_GROUP_BY \u2502\u2502   PROJECTION  \u2502                 \u2502   DUMMY_SCAN  \u2502\n\u2502    \u2500\u2500\u2500\u2500\u2500\u2500\u2500\u2500   \u2502                                                                    \u2502    \u2500\u2500\u2500\u2500\u2500\u2500\u2500\u2500   \u2502                                  \u2502    \u2500\u2500\u2500\u2500\u2500\u2500\u2500\u2500   \u2502\u2502    \u2500\u2500\u2500\u2500\u2500\u2500\u2500\u2500   \u2502                 \u2502               \u2502\n\u2502   Join Type:  \u2502                                                                    \u2502   Join Type:  \u2502                                  \u2502    Groups:    \u2502\u2502cs_order_number\u2502                 \u2502               \u2502\n\u2502     INNER     \u2502                                                                    \u2502   RIGHT_SEMI  \u2502                                  \u2502       #1      \u2502\u2502               \u2502                 \u2502               \u2502\n\u2502               \u2502                                                                    \u2502               \u2502                                  \u2502       #0      \u2502\u2502               \u2502                 \u2502               \u2502\n\u2502  Conditions:  \u2502                                                                    \u2502  Conditions:  \u2502                                  \u2502               \u2502\u2502               \u2502                 \u2502               \u2502\n\u2502cs_ship_date_sk\u2502                                                                    \u2502cs_warehouse_sk\u2502                                  \u2502               \u2502\u2502               \u2502                 \u2502               \u2502\n\u2502   = d_date_sk \u2502                                                                    \u2502 IS NOT DISTINC\u2502                                  \u2502               \u2502\u2502               \u2502                 \u2502               \u2502\n\u2502               \u251c\u2500\u2500\u2500\u2500\u2500\u2500\u2500\u2500\u2500\u2500\u2500\u2500\u2500\u2500\u2500\u2500\u2500\u2500\u2500\u2500\u2500\u2500\u2500\u2500\u2500\u2500\u2500\u2500\u2500\u2500\u2500\u2500\u2500\u2500\u2500\u2500\u2500\u2500\u2500\u2500\u2500\u2500\u2500\u2500\u2500\u2500\u2500\u2500\u2500\u2500\u2500\u2500\u2500\u2500\u2500\u2500\u2500\u2500\u2500\u2510        \u2502T FROM cs_wareh\u251c\u2500\u2500\u2500\u2500\u2500\u2500\u2500\u2500\u2500\u2500\u2500\u2500\u2500\u2500\u2500\u2500\u2500\u2500\u2500\u2500\u2500\u2500\u2500\u2500\u2500\u2510        \u2502               \u2502\u2502               \u2502                 \u2502               \u2502\n\u2502               \u2502                                                           \u2502        \u2502    ouse_sk    \u2502                         \u2502        \u2502               \u2502\u2502               \u2502                 \u2502               \u2502\n\u2502               \u2502                                                           \u2502        \u2502cs_order_number\u2502                         \u2502        \u2502               \u2502\u2502               \u2502                 \u2502               \u2502\n\u2502               \u2502                                                           \u2502        \u2502 IS NOT DISTINC\u2502                         \u2502        \u2502               \u2502\u2502               \u2502                 \u2502               \u2502\n\u2502               \u2502                                                           \u2502        \u2502T FROM cs_order\u2502                         \u2502        \u2502               \u2502\u2502               \u2502                 \u2502               \u2502\n\u2502               \u2502                                                           \u2502        \u2502    _number    \u2502                         \u2502        \u2502               \u2502\u2502               \u2502                 \u2502               \u2502\n\u2502               \u2502                                                           \u2502        \u2502               \u2502                         \u2502        \u2502               \u2502\u2502               \u2502                 \u2502               \u2502\n\u2502  ~9,950 rows  \u2502                                                           \u2502        \u2502  ~1,990 rows  \u2502                         \u2502        \u2502  ~9,940 rows  \u2502\u2502  ~5,054 rows  \u2502                 \u2502               \u2502\n\u2514\u2500\u2500\u2500\u2500\u2500\u2500\u2500\u252c\u2500\u2500\u2500\u2500\u2500\u2500\u2500\u2518                                                           \u2502        \u2514\u2500\u2500\u2500\u2500\u2500\u2500\u2500\u252c\u2500\u2500\u2500\u2500\u2500\u2500\u2500\u2518                         \u2502        \u2514\u2500\u2500\u2500\u2500\u2500\u2500\u2500\u2500\u2500\u2500\u2500\u2500\u2500\u2500\u2500\u2518\u2514\u2500\u2500\u2500\u2500\u2500\u2500\u2500\u252c\u2500\u2500\u2500\u2500\u2500\u2500\u2500\u2518                 \u2514\u2500\u2500\u2500\u2500\u2500\u2500\u2500\u2500\u2500\u2500\u2500\u2500\u2500\u2500\u2500\u2518\n\u250c\u2500\u2500\u2500\u2500\u2500\u2500\u2500\u2534\u2500\u2500\u2500\u2500\u2500\u2500\u2500\u2510                                                   \u250c\u2500\u2500\u2500\u2500\u2500\u2500\u2500\u2534\u2500\u2500\u2500\u2500\u2500\u2500\u2500\u2510\u250c\u2500\u2500\u2500\u2500\u2500\u2500\u2500\u2534\u2500\u2500\u2500\u2500\u2500\u2500\u2500\u2510                 \u250c\u2500\u2500\u2500\u2500\u2500\u2500\u2500\u2534\u2500\u2500\u2500\u2500\u2500\u2500\u2500\u2510                 \u250c\u2500\u2500\u2500\u2500\u2500\u2500\u2500\u2534\u2500\u2500\u2500\u2500\u2500\u2500\u2500\u2510\n\u2502   HASH_JOIN   \u2502                                                   \u2502     FILTER    \u2502\u2502   PROJECTION  \u2502                 \u2502   DUMMY_SCAN  \u2502                 \u2502   HASH_JOIN   \u2502\n\u2502    \u2500\u2500\u2500\u2500\u2500\u2500\u2500\u2500   \u2502                                                   \u2502    \u2500\u2500\u2500\u2500\u2500\u2500\u2500\u2500   \u2502\u2502    \u2500\u2500\u2500\u2500\u2500\u2500\u2500\u2500   \u2502                 \u2502               \u2502                 \u2502    \u2500\u2500\u2500\u2500\u2500\u2500\u2500\u2500   \u2502\n\u2502   Join Type:  \u2502                                                   \u2502   (d_date_sk  \u2502\u2502cs_warehouse_sk\u2502                 \u2502               \u2502                 \u2502   Join Type:  \u2502\n\u2502     INNER     \u2502                                                   \u2502     BETWEEN   \u2502\u2502cs_order_number\u2502                 \u2502               \u2502                 \u2502     INNER     \u2502\n\u2502               \u2502                                                   \u2502   2450817 AND \u2502\u2502               \u2502                 \u2502               \u2502                 \u2502               \u2502\n\u2502  Conditions:  \u251c\u2500\u2500\u2500\u2500\u2500\u2500\u2500\u2500\u2500\u2500\u2500\u2500\u2500\u2500\u2500\u2500\u2500\u2500\u2500\u2500\u2500\u2500\u2500\u2500\u2500\u2510                         \u2502    2452743)   \u2502\u2502               \u2502                 \u2502               \u2502                 \u2502  Conditions:  \u251c\u2500\u2500\u2500\u2500\u2500\u2500\u2500\u2500\u2510\n\u2502cs_call_center_\u2502                         \u2502                         \u2502               \u2502\u2502               \u2502                 \u2502               \u2502                 \u2502cr_order_number\u2502        \u2502\n\u2502sk = cc_call_ce\u2502                         \u2502                         \u2502               \u2502\u2502               \u2502                 \u2502               \u2502                 \u2502 = cs_order_num\u2502        \u2502\n\u2502    nter_sk    \u2502                         \u2502                         \u2502               \u2502\u2502               \u2502                 \u2502               \u2502                 \u2502      ber      \u2502        \u2502\n\u2502               \u2502                         \u2502                         \u2502               \u2502\u2502               \u2502                 \u2502               \u2502                 \u2502               \u2502        \u2502\n\u2502  ~49,754 rows \u2502                         \u2502                         \u2502  ~14,609 rows \u2502\u2502 ~143,471 rows \u2502                 \u2502               \u2502                 \u2502  ~5,054 rows  \u2502        \u2502\n\u2514\u2500\u2500\u2500\u2500\u2500\u2500\u2500\u252c\u2500\u2500\u2500\u2500\u2500\u2500\u2500\u2518                         \u2502                         \u2514\u2500\u2500\u2500\u2500\u2500\u2500\u2500\u252c\u2500\u2500\u2500\u2500\u2500\u2500\u2500\u2518\u2514\u2500\u2500\u2500\u2500\u2500\u2500\u2500\u252c\u2500\u2500\u2500\u2500\u2500\u2500\u2500\u2518                 \u2514\u2500\u2500\u2500\u2500\u2500\u2500\u2500\u2500\u2500\u2500\u2500\u2500\u2500\u2500\u2500\u2518                 \u2514\u2500\u2500\u2500\u2500\u2500\u2500\u2500\u252c\u2500\u2500\u2500\u2500\u2500\u2500\u2500\u2518        \u2502\n\u250c\u2500\u2500\u2500\u2500\u2500\u2500\u2500\u2534\u2500\u2500\u2500\u2500\u2500\u2500\u2500\u2510                 \u250c\u2500\u2500\u2500\u2500\u2500\u2500\u2500\u2534\u2500\u2500\u2500\u2500\u2500\u2500\u2500\u2510                 \u250c\u2500\u2500\u2500\u2500\u2500\u2500\u2500\u2534\u2500\u2500\u2500\u2500\u2500\u2500\u2500\u2510\u250c\u2500\u2500\u2500\u2500\u2500\u2500\u2500\u2534\u2500\u2500\u2500\u2500\u2500\u2500\u2500\u2510                                                   \u250c\u2500\u2500\u2500\u2500\u2500\u2500\u2500\u2534\u2500\u2500\u2500\u2500\u2500\u2500\u2500\u2510\u250c\u2500\u2500\u2500\u2500\u2500\u2500\u2500\u2534\u2500\u2500\u2500\u2500\u2500\u2500\u2500\u2510\n\u2502   HASH_JOIN   \u2502                 \u2502   PROJECTION  \u2502                 \u2502   SEQ_SCAN    \u2502\u2502   HASH_JOIN   \u2502                                                   \u2502   SEQ_SCAN    \u2502\u2502   DELIM_SCAN  \u2502\n\u2502    \u2500\u2500\u2500\u2500\u2500\u2500\u2500\u2500   \u2502                 \u2502    \u2500\u2500\u2500\u2500\u2500\u2500\u2500\u2500   \u2502                 \u2502    \u2500\u2500\u2500\u2500\u2500\u2500\u2500\u2500   \u2502\u2502    \u2500\u2500\u2500\u2500\u2500\u2500\u2500\u2500   \u2502                                                   \u2502    \u2500\u2500\u2500\u2500\u2500\u2500\u2500\u2500   \u2502\u2502    \u2500\u2500\u2500\u2500\u2500\u2500\u2500\u2500   \u2502\n\u2502   Join Type:  \u2502                 \u2502       #0      \u2502                 \u2502     Table:    \u2502\u2502   Join Type:  \u2502                                                   \u2502     Table:    \u2502\u2502  Delim Index: \u2502\n\u2502     INNER     \u2502                 \u2502               \u2502                 \u2502    date_dim   \u2502\u2502     INNER     \u2502                                                   \u2502catalog_returns\u2502\u2502       2       \u2502\n\u2502               \u2502                 \u2502               \u2502                 \u2502               \u2502\u2502               \u2502                                                   \u2502               \u2502\u2502               \u2502\n\u2502  Conditions:  \u2502                 \u2502               \u2502                 \u2502     Type:     \u2502\u2502  Conditions:  \u2502                                                   \u2502     Type:     \u2502\u2502               \u2502\n\u2502cs_ship_addr_sk\u2502                 \u2502               \u2502                 \u2502Sequential Scan\u2502\u2502cs_order_number\u2502                                                   \u2502Sequential Scan\u2502\u2502               \u2502\n\u2502 = ca_address_s\u2502                 \u2502               \u2502                 \u2502               \u2502\u2502 = cs_order_num\u2502                                                   \u2502               \u2502\u2502               \u2502\n\u2502       k       \u2502                 \u2502               \u2502                 \u2502  Projections: \u2502\u2502      ber      \u2502                                                   \u2502  Projections: \u2502\u2502               \u2502\n\u2502               \u2502                 \u2502               \u2502                 \u2502   d_date_sk   \u2502\u2502cs_warehouse_sk\u2502                                                   \u2502cr_order_number\u2502\u2502               \u2502\n\u2502               \u2502                 \u2502               \u2502                 \u2502               \u2502\u2502 != cs_warehous\u2502                                                   \u2502               \u2502\u2502               \u2502\n\u2502               \u251c\u2500\u2500\u2500\u2500\u2500\u2500\u2500\u2500\u2510        \u2502               \u2502                 \u2502    Filters:   \u2502\u2502      e_sk     \u251c\u2500\u2500\u2500\u2500\u2500\u2500\u2500\u2500\u2510                                          \u2502               \u2502\u2502               \u2502\n\u2502               \u2502        \u2502        \u2502               \u2502                 \u2502  (CAST(d_date \u2502\u2502               \u2502        \u2502                                          \u2502               \u2502\u2502               \u2502\n\u2502               \u2502        \u2502        \u2502               \u2502                 \u2502  AS TIMESTAMP)\u2502\u2502               \u2502        \u2502                                          \u2502               \u2502\u2502               \u2502\n\u2502               \u2502        \u2502        \u2502               \u2502                 \u2502  BETWEEN '2002\u2502\u2502               \u2502        \u2502                                          \u2502               \u2502\u2502               \u2502\n\u2502               \u2502        \u2502        \u2502               \u2502                 \u2502  -04-01 00:00 \u2502\u2502               \u2502        \u2502                                          \u2502               \u2502\u2502               \u2502\n\u2502               \u2502        \u2502        \u2502               \u2502                 \u2502:00'::TIMESTAMP\u2502\u2502               \u2502        \u2502                                          \u2502               \u2502\u2502               \u2502\n\u2502               \u2502        \u2502        \u2502               \u2502                 \u2502  AND '2002-05 \u2502\u2502               \u2502        \u2502                                          \u2502               \u2502\u2502               \u2502\n\u2502               \u2502        \u2502        \u2502               \u2502                 \u2502 -31 00:00:00':\u2502\u2502               \u2502        \u2502                                          \u2502               \u2502\u2502               \u2502\n\u2502               \u2502        \u2502        \u2502               \u2502                 \u2502  :TIMESTAMP)  \u2502\u2502               \u2502        \u2502                                          \u2502               \u2502\u2502               \u2502\n\u2502               \u2502        \u2502        \u2502               \u2502                 \u2502               \u2502\u2502               \u2502        \u2502                                          \u2502               \u2502\u2502               \u2502\n\u2502 ~298,528 rows \u2502        \u2502        \u2502    ~4 rows    \u2502                 \u2502  ~14,609 rows \u2502\u2502 ~143,471 rows \u2502        \u2502                                          \u2502~1,441,224 rows\u2502\u2502  ~1,986 rows  \u2502\n\u2514\u2500\u2500\u2500\u2500\u2500\u2500\u2500\u252c\u2500\u2500\u2500\u2500\u2500\u2500\u2500\u2518        \u2502        \u2514\u2500\u2500\u2500\u2500\u2500\u2500\u2500\u252c\u2500\u2500\u2500\u2500\u2500\u2500\u2500\u2518                 \u2514\u2500\u2500\u2500\u2500\u2500\u2500\u2500\u2500\u2500\u2500\u2500\u2500\u2500\u2500\u2500\u2518\u2514\u2500\u2500\u2500\u2500\u2500\u2500\u2500\u252c\u2500\u2500\u2500\u2500\u2500\u2500\u2500\u2518        \u2502                                          \u2514\u2500\u2500\u2500\u2500\u2500\u2500\u2500\u2500\u2500\u2500\u2500\u2500\u2500\u2500\u2500\u2518\u2514\u2500\u2500\u2500\u2500\u2500\u2500\u2500\u2500\u2500\u2500\u2500\u2500\u2500\u2500\u2500\u2518\n\u250c\u2500\u2500\u2500\u2500\u2500\u2500\u2500\u2534\u2500\u2500\u2500\u2500\u2500\u2500\u2500\u2510\u250c\u2500\u2500\u2500\u2500\u2500\u2500\u2500\u2534\u2500\u2500\u2500\u2500\u2500\u2500\u2500\u2510\u250c\u2500\u2500\u2500\u2500\u2500\u2500\u2500\u2534\u2500\u2500\u2500\u2500\u2500\u2500\u2500\u2510                                  \u250c\u2500\u2500\u2500\u2500\u2500\u2500\u2500\u2534\u2500\u2500\u2500\u2500\u2500\u2500\u2500\u2510\u250c\u2500\u2500\u2500\u2500\u2500\u2500\u2500\u2534\u2500\u2500\u2500\u2500\u2500\u2500\u2500\u2510\n\u2502   SEQ_SCAN    \u2502\u2502   SEQ_SCAN    \u2502\u2502     FILTER    \u2502                                  \u2502   SEQ_SCAN    \u2502\u2502   DELIM_SCAN  \u2502\n\u2502    \u2500\u2500\u2500\u2500\u2500\u2500\u2500\u2500   \u2502\u2502    \u2500\u2500\u2500\u2500\u2500\u2500\u2500\u2500   \u2502\u2502    \u2500\u2500\u2500\u2500\u2500\u2500\u2500\u2500   \u2502                                  \u2502    \u2500\u2500\u2500\u2500\u2500\u2500\u2500\u2500   \u2502\u2502    \u2500\u2500\u2500\u2500\u2500\u2500\u2500\u2500   \u2502\n\u2502     Table:    \u2502\u2502     Table:    \u2502\u2502    IN (...)   \u2502                                  \u2502     Table:    \u2502\u2502  Delim Index: \u2502\n\u2502 catalog_sales \u2502\u2502customer_addres\u2502\u2502               \u2502                                  \u2502 catalog_sales \u2502\u2502       1       \u2502\n\u2502               \u2502\u2502       s       \u2502\u2502               \u2502                                  \u2502               \u2502\u2502               \u2502\n\u2502     Type:     \u2502\u2502               \u2502\u2502               \u2502                                  \u2502     Type:     \u2502\u2502               \u2502\n\u2502Sequential Scan\u2502\u2502     Type:     \u2502\u2502               \u2502                                  \u2502Sequential Scan\u2502\u2502               \u2502\n\u2502               \u2502\u2502Sequential Scan\u2502\u2502               \u2502                                  \u2502               \u2502\u2502               \u2502\n\u2502  Projections: \u2502\u2502               \u2502\u2502               \u2502                                  \u2502  Projections: \u2502\u2502               \u2502\n\u2502cs_ship_date_sk\u2502\u2502  Projections: \u2502\u2502               \u2502                                  \u2502cs_order_number\u2502\u2502               \u2502\n\u2502cs_ship_addr_sk\u2502\u2502 ca_address_sk \u2502\u2502               \u2502                                  \u2502cs_warehouse_sk\u2502\u2502               \u2502\n\u2502cs_call_center_\u2502\u2502               \u2502\u2502               \u2502                                  \u2502               \u2502\u2502               \u2502\n\u2502       sk      \u2502\u2502    Filters:   \u2502\u2502               \u2502                                  \u2502               \u2502\u2502               \u2502\n\u2502cs_order_number\u2502\u2502 ca_state='WV' \u2502\u2502               \u2502                                  \u2502               \u2502\u2502               \u2502\n\u2502cs_warehouse_sk\u2502\u2502               \u2502\u2502               \u2502                                  \u2502               \u2502\u2502               \u2502\n\u2502cs_ext_ship_cos\u2502\u2502               \u2502\u2502               \u2502                                  \u2502               \u2502\u2502               \u2502\n\u2502       t       \u2502\u2502               \u2502\u2502               \u2502                                  \u2502               \u2502\u2502               \u2502\n\u2502 cs_net_profit \u2502\u2502               \u2502\u2502               \u2502                                  \u2502               \u2502\u2502               \u2502\n\u2502               \u2502\u2502               \u2502\u2502               \u2502                                  \u2502               \u2502\u2502               \u2502\n\u2502~14,401,26...  \u2502\u2502  ~4,546 rows  \u2502\u2502    ~4 rows    \u2502                                  \u2502~14,401,26...  \u2502\u2502  ~9,940 rows  \u2502\n\u2514\u2500\u2500\u2500\u2500\u2500\u2500\u2500\u2500\u2500\u2500\u2500\u2500\u2500\u2500\u2500\u2518\u2514\u2500\u2500\u2500\u2500\u2500\u2500\u2500\u2500\u2500\u2500\u2500\u2500\u2500\u2500\u2500\u2518\u2514\u2500\u2500\u2500\u2500\u2500\u2500\u2500\u252c\u2500\u2500\u2500\u2500\u2500\u2500\u2500\u2518                                  \u2514\u2500\u2500\u2500\u2500\u2500\u2500\u2500\u2500\u2500\u2500\u2500\u2500\u2500\u2500\u2500\u2518\u2514\u2500\u2500\u2500\u2500\u2500\u2500\u2500\u2500\u2500\u2500\u2500\u2500\u2500\u2500\u2500\u2518\n                                  \u250c\u2500\u2500\u2500\u2500\u2500\u2500\u2500\u2534\u2500\u2500\u2500\u2500\u2500\u2500\u2500\u2510\n                                  \u2502   HASH_JOIN   \u2502\n                                  \u2502    \u2500\u2500\u2500\u2500\u2500\u2500\u2500\u2500   \u2502\n                                  \u2502   Join Type:  \u2502\n                                  \u2502      MARK     \u2502\n                                  \u2502               \u251c\u2500\u2500\u2500\u2500\u2500\u2500\u2500\u2500\u2510\n                                  \u2502  Conditions:  \u2502        \u2502\n                                  \u2502 cc_county = #0\u2502        \u2502\n                                  \u2502               \u2502        \u2502\n                                  \u2502    ~24 rows   \u2502        \u2502\n                                  \u2514\u2500\u2500\u2500\u2500\u2500\u2500\u2500\u252c\u2500\u2500\u2500\u2500\u2500\u2500\u2500\u2518        \u2502\n                                  \u250c\u2500\u2500\u2500\u2500\u2500\u2500\u2500\u2534\u2500\u2500\u2500\u2500\u2500\u2500\u2500\u2510\u250c\u2500\u2500\u2500\u2500\u2500\u2500\u2500\u2534\u2500\u2500\u2500\u2500\u2500\u2500\u2500\u2510\n                                  \u2502   SEQ_SCAN    \u2502\u2502COLUMN_DAT...  \u2502\n                                  \u2502    \u2500\u2500\u2500\u2500\u2500\u2500\u2500\u2500   \u2502\u2502    \u2500\u2500\u2500\u2500\u2500\u2500\u2500\u2500   \u2502\n                                  \u2502     Table:    \u2502\u2502               \u2502\n                                  \u2502  call_center  \u2502\u2502               \u2502\n                                  \u2502               \u2502\u2502               \u2502\n                                  \u2502     Type:     \u2502\u2502               \u2502\n                                  \u2502Sequential Scan\u2502\u2502               \u2502\n                                  \u2502               \u2502\u2502               \u2502\n                                  \u2502  Projections: \u2502\u2502               \u2502\n                                  \u2502cc_call_center_\u2502\u2502               \u2502\n                                  \u2502       sk      \u2502\u2502               \u2502\n                                  \u2502   cc_county   \u2502\u2502               \u2502\n                                  \u2502               \u2502\u2502               \u2502\n                                  \u2502    Filters:   \u2502\u2502               \u2502\n                                  \u2502   optional:   \u2502\u2502               \u2502\n                                  \u2502  cc_county IN \u2502\u2502               \u2502\n                                  \u2502   ('Ziebach   \u2502\u2502               \u2502\n                                  \u2502    County',   \u2502\u2502               \u2502\n                                  \u2502 'Luce County',\u2502\u2502               \u2502\n                                  \u2502    'Richland  \u2502\u2502               \u2502\n                                  \u2502    County',   \u2502\u2502               \u2502\n                                  \u2502    'Daviess   \u2502\u2502               \u2502\n                                  \u2502    County',   \u2502\u2502               \u2502\n                                  \u2502 'Barrow County\u2502\u2502               \u2502\n                                  \u2502       ')      \u2502\u2502               \u2502\n                                  \u2502               \u2502\u2502               \u2502\n                                  \u2502    ~24 rows   \u2502\u2502    ~0 rows    \u2502\n                                  \u2514\u2500\u2500\u2500\u2500\u2500\u2500\u2500\u2500\u2500\u2500\u2500\u2500\u2500\u2500\u2500\u2518\u2514\u2500\u2500\u2500\u2500\u2500\u2500\u2500\u2500\u2500\u2500\u2500\u2500\u2500\u2500\u2500\u2518\n",
  "plan_json": {
    "total_bytes_written": 0,
    "total_bytes_read": 0,
    "rows_returned": 0,
    "latency": 0.0,
    "result_set_size": 0,
    "query_name": "",
    "blocked_thread_time": 0.0,
    "system_peak_buffer_memory": 0,
    "system_peak_temp_dir_size": 0,
    "cpu_time": 0.0,
    "extra_info": {},
    "cumulative_cardinality": 0,
    "cumulative_rows_scanned": 0,
    "children": [
      {
        "total_bytes_written": 0,
        "total_bytes_read": 0,
        "result_set_size": 0,
        "operator_name": "EXPLAIN_ANALYZE",
        "cpu_time": 0.0,
        "extra_info": {},
        "cumulative_cardinality": 0,
        "operator_type": "EXPLAIN_ANALYZE",
        "operator_cardinality": 0,
        "cumulative_rows_scanned": 0,
        "operator_rows_scanned": 0,
        "operator_timing": 3.32e-07,
        "children": [
          {
            "total_bytes_written": 0,
            "total_bytes_read": 0,
            "result_set_size": 40,
            "operator_name": "TOP_N",
            "cpu_time": 0.0,
            "extra_info": {
              "Top": "100",
              "Order By": "count(DISTINCT cs1.cs_order_number) ASC"
            },
            "cumulative_cardinality": 0,
            "operator_type": "TOP_N",
            "operator_cardinality": 1,
            "cumulative_rows_scanned": 0,
            "operator_rows_scanned": 0,
            "operator_timing": 1.8285999999999997e-05,
            "children": [
              {
                "total_bytes_written": 0,
                "total_bytes_read": 0,
                "result_set_size": 40,
                "operator_name": "UNGROUPED_AGGREGATE",
                "cpu_time": 0.0,
                "extra_info": {
                  "Aggregates": [
                    "count(DISTINCT #0)",
                    "sum(#1)",
                    "sum(#2)"
                  ]
                },
                "cumulative_cardinality": 0,
                "operator_type": "UNGROUPED_AGGREGATE",
                "operator_cardinality": 1,
                "cumulative_rows_scanned": 0,
                "operator_rows_scanned": 0,
                "operator_timing": 0.000148348,
                "children": [
                  {
                    "total_bytes_written": 0,
                    "total_bytes_read": 0,
                    "result_set_size": 8424,
                    "operator_name": "PROJECTION",
                    "cpu_time": 0.0,
                    "extra_info": {
                      "Projections": [
                        "cs_order_number",
                        "cs_ext_ship_cost",
                        "cs_net_profit"
                      ],
                      "Estimated Cardinality": "398"
                    },
                    "cumulative_cardinality": 0,
                    "operator_type": "PROJECTION",
                    "operator_cardinality": 702,
                    "cumulative_rows_scanned": 0,
                    "operator_rows_scanned": 0,
                    "operator_timing": 1.883e-06,
                    "children": [
                      {
                        "total_bytes_written": 0,
                        "total_bytes_read": 0,
                        "result_set_size": 0,
                        "operator_name": "RIGHT_DELIM_JOIN",
                        "cpu_time": 0.0,
                        "extra_info": {
                          "Join Type": "RIGHT_ANTI",
                          "Conditions": "cs_order_number IS NOT DISTINCT FROM cs_order_number",
                          "Estimated Cardinality": "398",
                          "Delim Index": "2"
                        },
                        "cumulative_cardinality": 0,
                        "operator_type": "RIGHT_DELIM_JOIN",
                        "operator_cardinality": 0,
                        "cumulative_rows_scanned": 0,
                        "operator_rows_scanned": 0,
                        "operator_timing": 0.000260039,
                        "children": [
                          {
                            "total_bytes_written": 0,
                            "total_bytes_read": 0,
                            "result_set_size": 0,
                            "operator_name": "RIGHT_DELIM_JOIN",
                            "cpu_time": 0.0,
                            "extra_info": {
                              "Join Type": "RIGHT_SEMI",
                              "Conditions": [
                                "cs_warehouse_sk IS NOT DISTINCT FROM cs_warehouse_sk",
                                "cs_order_number IS NOT DISTINCT FROM cs_order_number"
                              ],
                              "Estimated Cardinality": "1990",
                              "Delim Index": "1"
                            },
                            "cumulative_cardinality": 0,
                            "operator_type": "RIGHT_DELIM_JOIN",
                            "operator_cardinality": 0,
                            "cumulative_rows_scanned": 0,
                            "operator_rows_scanned": 0,
                            "operator_timing": 0.001521809,
                            "children": [
                              {
                                "total_bytes_written": 0,
                                "total_bytes_read": 0,
                                "result_set_size": 38880,
                                "operator_name": "HASH_JOIN",
                                "cpu_time": 0.0,
                                "extra_info": {
                                  "Join Type": "INNER",
                                  "Conditions": "cs_ship_date_sk = d_date_sk",
                                  "Estimated Cardinality": "9950"
                                },
                                "cumulative_cardinality": 0,
                                "operator_type": "HASH_JOIN",
                                "operator_cardinality": 1944,
                                "cumulative_rows_scanned": 0,
                                "operator_rows_scanned": 0,
                                "operator_timing": 0.000113815,
                                "children": [
                                  {
                                    "total_bytes_written": 0,
                                    "total_bytes_read": 0,
                                    "result_set_size": 46656,
                                    "operator_name": "HASH_JOIN",
                                    "cpu_time": 0.0,
                                    "extra_info": {
                                      "Join Type": "INNER",
                                      "Conditions": "cs_call_center_sk = cc_call_center_sk",
                                      "Estimated Cardinality": "49754"
                                    },
                                    "cumulative_cardinality": 0,
                                    "operator_type": "HASH_JOIN",
                                    "operator_cardinality": 1944,
                                    "cumulative_rows_scanned": 0,
                                    "operator_rows_scanned": 0,
                                    "operator_timing": 9.6588e-05,
                                    "children": [
                                      {
                                        "total_bytes_written": 0,
                                        "total_bytes_read": 0,
                                        "result_set_size": 86016,
                                        "operator_name": "HASH_JOIN",
                                        "cpu_time": 0.0,
                                        "extra_info": {
                                          "Join Type": "INNER",
                                          "Conditions": "cs_ship_addr_sk = ca_address_sk",
                                          "Estimated Cardinality": "298528"
                                        },
                                        "cumulative_cardinality": 0,
                                        "operator_type": "HASH_JOIN",
                                        "operator_cardinality": 3072,
                                        "cumulative_rows_scanned": 0,
                                        "operator_rows_scanned": 0,
                                        "operator_timing": 0.002138611,
                                        "children": [
                                          {
                                            "total_bytes_written": 0,
                                            "total_bytes_read": 0,
                                            "result_set_size": 5099276,
                                            "operator_name": "SEQ_SCAN ",
                                            "cpu_time": 0.0,
                                            "extra_info": {
                                              "Table": "catalog_sales",
                                              "Type": "Sequential Scan",
                                              "Projections": [
                                                "cs_ship_date_sk",
                                                "cs_ship_addr_sk",
                                                "cs_call_center_sk",
                                                "cs_order_number",
                                                "cs_warehouse_sk",
                                                "cs_ext_ship_cost",
                                                "cs_net_profit"
                                              ],
                                              "Estimated Cardinality": "14401261"
                                            },
                                            "cumulative_cardinality": 0,
                                            "operator_type": "TABLE_SCAN",
                                            "operator_cardinality": 182117,
                                            "cumulative_rows_scanned": 0,
                                            "operator_rows_scanned": 403235308,
                                            "operator_timing": 0.11526946699999999,
                                            "children": []
                                          },
                                          {
                                            "total_bytes_written": 0,
                                            "total_bytes_read": 0,
                                            "result_set_size": 17192,
                                            "operator_name": "SEQ_SCAN ",
                                            "cpu_time": 0.0,
                                            "extra_info": {
                                              "Table": "customer_address",
                                              "Type": "Sequential Scan",
                                              "Projections": "ca_address_sk",
                                              "Filters": "ca_state='WV'",
                                              "Estimated Cardinality": "4546"
                                            },
                                            "cumulative_cardinality": 0,
                                            "operator_type": "TABLE_SCAN",
                                            "operator_cardinality": 4298,
                                            "cumulative_rows_scanned": 0,
                                            "operator_rows_scanned": 750000,
                                            "operator_timing": 0.009378294000000002,
                                            "children": []
                                          }
                                        ]
                                      },
                                      {
                                        "total_bytes_written": 0,
                                        "total_bytes_read": 0,
                                        "result_set_size": 44,
                                        "operator_name": "PROJECTION",
                                        "cpu_time": 0.0,
                                        "extra_info": {
                                          "Projections": "#0",
                                          "Estimated Cardinality": "4"
                                        },
                                        "cumulative_cardinality": 0,
                                        "operator_type": "PROJECTION",
                                        "operator_cardinality": 11,
                                        "cumulative_rows_scanned": 0,
                                        "operator_rows_scanned": 0,
                                        "operator_timing": 1.73e-07,
                                        "children": [
                                          {
                                            "total_bytes_written": 0,
                                            "total_bytes_read": 0,
                                            "result_set_size": 55,
                                            "operator_name": "FILTER",
                                            "cpu_time": 0.0,
                                            "extra_info": {
                                              "Expression": "IN (...)",
                                              "Estimated Cardinality": "4"
                                            },
                                            "cumulative_cardinality": 0,
                                            "operator_type": "FILTER",
                                            "operator_cardinality": 11,
                                            "cumulative_rows_scanned": 0,
                                            "operator_rows_scanned": 0,
                                            "operator_timing": 8.357999999999999e-06,
                                            "children": [
                                              {
                                                "total_bytes_written": 0,
                                                "total_bytes_read": 0,
                                                "result_set_size": 120,
                                                "operator_name": "HASH_JOIN",
                                                "cpu_time": 0.0,
                                                "extra_info": {
                                                  "Join Type": "MARK",
                                                  "Conditions": "cc_county = #0",
                                                  "Estimated Cardinality": "24"
                                                },
                                                "cumulative_cardinality": 0,
                                                "operator_type": "HASH_JOIN",
                                                "operator_cardinality": 24,
                                                "cumulative_rows_scanned": 0,
                                                "operator_rows_scanned": 0,
                                                "operator_timing": 0.000219213,
                                                "children": [
                                                  {
                                                    "total_bytes_written": 0,
                                                    "total_bytes_read": 0,
                                                    "result_set_size": 480,
                                                    "operator_name": "SEQ_SCAN ",
                                                    "cpu_time": 0.0,
                                                    "extra_info": {
                                                      "Table": "call_center",
                                                      "Type": "Sequential Scan",
                                                      "Projections": [
                                                        "cc_call_center_sk",
                                                        "cc_county"
                                                      ],
                                                      "Filters": "optional: cc_county IN ('Ziebach County', 'Luce County', 'Richland County', 'Daviess County', 'Barrow County')",
                                                      "Estimated Cardinality": "24"
                                                    },
                                                    "cumulative_cardinality": 0,
                                                    "operator_type": "TABLE_SCAN",
                                                    "operator_cardinality": 24,
                                                    "cumulative_rows_scanned": 0,
                                                    "operator_rows_scanned": 24,
                                                    "operator_timing": 0.001631107,
                                                    "children": []
                                                  },
                                                  {
                                                    "total_bytes_written": 0,
                                                    "total_bytes_read": 0,
                                                    "result_set_size": 80,
                                                    "operator_name": "COLUMN_DATA_SCAN",
                                                    "cpu_time": 0.0,
                                                    "extra_info": {
                                                      "Estimated Cardinality": "0"
                                                    },
                                                    "cumulative_cardinality": 0,
                                                    "operator_type": "COLUMN_DATA_SCAN",
                                                    "operator_cardinality": 5,
                                                    "cumulative_rows_scanned": 0,
                                                    "operator_rows_scanned": 0,
                                                    "operator_timing": 3.255e-06,
                                                    "children": []
                                                  }
                                                ]
                                              }
                                            ]
                                          }
                                        ]
                                      }
                                    ]
                                  },
                                  {
                                    "total_bytes_written": 0,
                                    "total_bytes_read": 0,
                                    "result_set_size": 244,
                                    "operator_name": "FILTER",
                                    "cpu_time": 0.0,
                                    "extra_info": {
                                      "Expression": "(d_date_sk BETWEEN 2450817 AND 2452743)",
                                      "Estimated Cardinality": "14609"
                                    },
                                    "cumulative_cardinality": 0,
                                    "operator_type": "FILTER",
                                    "operator_cardinality": 61,
                                    "cumulative_rows_scanned": 0,
                                    "operator_rows_scanned": 0,
                                    "operator_timing": 3.3073999999999995e-05,
                                    "children": [
                                      {
                                        "total_bytes_written": 0,
                                        "total_bytes_read": 0,
                                        "result_set_size": 244,
                                        "operator_name": "SEQ_SCAN ",
                                        "cpu_time": 0.0,
                                        "extra_info": {
                                          "Table": "date_dim",
                                          "Type": "Sequential Scan",
                                          "Projections": "d_date_sk",
                                          "Filters": "(CAST(d_date AS TIMESTAMP) BETWEEN '2002-04-01 00:00:00'::TIMESTAMP AND '2002-05-31 00:00:00'::TIMESTAMP)",
                                          "Estimated Cardinality": "14609"
                                        },
                                        "cumulative_cardinality": 0,
                                        "operator_type": "TABLE_SCAN",
                                        "operator_cardinality": 61,
                                        "cumulative_rows_scanned": 0,
                                        "operator_rows_scanned": 73049,
                                        "operator_timing": 0.002147271,
                                        "children": []
                                      }
                                    ]
                                  }
                                ]
                              },
                              {
                                "total_bytes_written": 0,
                                "total_bytes_read": 0,
                                "result_set_size": 23304,
                                "operator_name": "HASH_JOIN",
                                "cpu_time": 0.0,
                                "extra_info": {
                                  "Join Type": "RIGHT_SEMI",
                                  "Conditions": [
                                    "cs_warehouse_sk IS NOT DISTINCT FROM cs_warehouse_sk",
                                    "cs_order_number IS NOT DISTINCT FROM cs_order_number"
                                  ],
                                  "Estimated Cardinality": "1990"
                                },
                                "cumulative_cardinality": 0,
                                "operator_type": "HASH_JOIN",
                                "operator_cardinality": 1942,
                                "cumulative_rows_scanned": 0,
                                "operator_rows_scanned": 0,
                                "operator_timing": 0.000811071,
                                "children": [
                                  {
                                    "total_bytes_written": 0,
                                    "total_bytes_read": 0,
                                    "result_set_size": 102984,
                                    "operator_name": "PROJECTION",
                                    "cpu_time": 0.0,
                                    "extra_info": {
                                      "Projections": [
                                        "cs_warehouse_sk",
                                        "cs_order_number"
                                      ],
                                      "Estimated Cardinality": "143471"
                                    },
                                    "cumulative_cardinality": 0,
                                    "operator_type": "PROJECTION",
                                    "operator_cardinality": 12873,
                                    "cumulative_rows_scanned": 0,
                                    "operator_rows_scanned": 0,
                                    "operator_timing": 1.705e-05,
                                    "children": [
                                      {
                                        "total_bytes_written": 0,
                                        "total_bytes_read": 0,
                                        "result_set_size": 102984,
                                        "operator_name": "HASH_JOIN",
                                        "cpu_time": 0.0,
                                        "extra_info": {
                                          "Join Type": "INNER",
                                          "Conditions": [
                                            "cs_order_number = cs_order_number",
                                            "cs_warehouse_sk != cs_warehouse_sk"
                                          ],
                                          "Estimated Cardinality": "143471"
                                        },
                                        "cumulative_cardinality": 0,
                                        "operator_type": "HASH_JOIN",
                                        "operator_cardinality": 12873,
                                        "cumulative_rows_scanned": 0,
                                        "operator_rows_scanned": 0,
                                        "operator_timing": 0.0043135790000000005,
                                        "children": [
                                          {
                                            "total_bytes_written": 0,
                                            "total_bytes_read": 0,
                                            "result_set_size": 5272200,
                                            "operator_name": "SEQ_SCAN ",
                                            "cpu_time": 0.0,
                                            "extra_info": {
                                              "Table": "catalog_sales",
                                              "Type": "Sequential Scan",
                                              "Projections": [
                                                "cs_order_number",
                                                "cs_warehouse_sk"
                                              ],
                                              "Estimated Cardinality": "14401261"
                                            },
                                            "cumulative_cardinality": 0,
                                            "operator_type": "TABLE_SCAN",
                                            "operator_cardinality": 659025,
                                            "cumulative_rows_scanned": 0,
                                            "operator_rows_scanned": 403235308,
                                            "operator_timing": 0.0015413269999999999,
                                            "children": []
                                          },
                                          {
                                            "total_bytes_written": 0,
                                            "total_bytes_read": 0,
                                            "result_set_size": 0,
                                            "operator_name": "DELIM_SCAN",
                                            "cpu_time": 0.0,
                                            "extra_info": {
                                              "Delim Index": "1",
                                              "Estimated Cardinality": "9940"
                                            },
                                            "cumulative_cardinality": 0,
                                            "operator_type": "DELIM_SCAN",
                                            "operator_cardinality": 0,
                                            "cumulative_rows_scanned": 0,
                                            "operator_rows_scanned": 0,
                                            "operator_timing": 0.0,
                                            "children": []
                                          }
                                        ]
                                      }
                                    ]
                                  },
                                  {
                                    "total_bytes_written": 0,
                                    "total_bytes_read": 0,
                                    "result_set_size": 0,
                                    "operator_name": "DUMMY_SCAN",
                                    "cpu_time": 0.0,
                                    "extra_info": {},
                                    "cumulative_cardinality": 0,
                                    "operator_type": "DUMMY_SCAN",
                                    "operator_cardinality": 0,
                                    "cumulative_rows_scanned": 0,
                                    "operator_rows_scanned": 0,
                                    "operator_timing": 0.0,
                                    "children": []
                                  }
                                ]
                              },
                              {
                                "total_bytes_written": 0,
                                "total_bytes_read": 0,
                                "result_set_size": 12600,
                                "operator_name": "HASH_GROUP_BY",
                                "cpu_time": 0.0,
                                "extra_info": {
                                  "Groups": [
                                    "#1",
                                    "#0"
                                  ],
                                  "Aggregates": "",
                                  "Estimated Cardinality": "9940"
                                },
                                "cumulative_cardinality": 0,
                                "operator_type": "HASH_GROUP_BY",
                                "operator_cardinality": 1575,
                                "cumulative_rows_scanned": 0,
                                "operator_rows_scanned": 0,
                                "operator_timing": 0.001758121,
                                "children": []
                              }
                            ]
                          },
                          {
                            "total_bytes_written": 0,
                            "total_bytes_read": 0,
                            "result_set_size": 8424,
                            "operator_name": "HASH_JOIN",
                            "cpu_time": 0.0,
                            "extra_info": {
                              "Join Type": "RIGHT_ANTI",
                              "Conditions": "cs_order_number IS NOT DISTINCT FROM cs_order_number",
                              "Estimated Cardinality": "398"
                            },
                            "cumulative_cardinality": 0,
                            "operator_type": "HASH_JOIN",
                            "operator_cardinality": 702,
                            "cumulative_rows_scanned": 0,
                            "operator_rows_scanned": 0,
                            "operator_timing": 0.00030414499999999997,
                            "children": [
                              {
                                "total_bytes_written": 0,
                                "total_bytes_read": 0,
                                "result_set_size": 1716,
                                "operator_name": "PROJECTION",
                                "cpu_time": 0.0,
                                "extra_info": {
                                  "Projections": "cs_order_number",
                                  "Estimated Cardinality": "5054"
                                },
                                "cumulative_cardinality": 0,
                                "operator_type": "PROJECTION",
                                "operator_cardinality": 429,
                                "cumulative_rows_scanned": 0,
                                "operator_rows_scanned": 0,
                                "operator_timing": 1.7e-07,
                                "children": [
                                  {
                                    "total_bytes_written": 0,
                                    "total_bytes_read": 0,
                                    "result_set_size": 3432,
                                    "operator_name": "HASH_JOIN",
                                    "cpu_time": 0.0,
                                    "extra_info": {
                                      "Join Type": "INNER",
                                      "Conditions": "cr_order_number = cs_order_number",
                                      "Estimated Cardinality": "5054"
                                    },
                                    "cumulative_cardinality": 0,
                                    "operator_type": "HASH_JOIN",
                                    "operator_cardinality": 429,
                                    "cumulative_rows_scanned": 0,
                                    "operator_rows_scanned": 0,
                                    "operator_timing": 0.00021997300000000002,
                                    "children": [
                                      {
                                        "total_bytes_written": 0,
                                        "total_bytes_read": 0,
                                        "result_set_size": 265044,
                                        "operator_name": "SEQ_SCAN ",
                                        "cpu_time": 0.0,
                                        "extra_info": {
                                          "Table": "catalog_returns",
                                          "Type": "Sequential Scan",
                                          "Projections": "cr_order_number",
                                          "Estimated Cardinality": "1441224"
                                        },
                                        "cumulative_cardinality": 0,
                                        "operator_type": "TABLE_SCAN",
                                        "operator_cardinality": 66261,
                                        "cumulative_rows_scanned": 0,
                                        "operator_rows_scanned": 17294688,
                                        "operator_timing": 0.0015127790000000001,
                                        "children": []
                                      },
                                      {
                                        "total_bytes_written": 0,
                                        "total_bytes_read": 0,
                                        "result_set_size": 0,
                                        "operator_name": "DELIM_SCAN",
                                        "cpu_time": 0.0,
                                        "extra_info": {
                                          "Delim Index": "2",
                                          "Estimated Cardinality": "1986"
                                        },
                                        "cumulative_cardinality": 0,
                                        "operator_type": "DELIM_SCAN",
                                        "operator_cardinality": 0,
                                        "cumulative_rows_scanned": 0,
                                        "operator_rows_scanned": 0,
                                        "operator_timing": 0.0,
                                        "children": []
                                      }
                                    ]
                                  }
                                ]
                              },
                              {
                                "total_bytes_written": 0,
                                "total_bytes_read": 0,
                                "result_set_size": 0,
                                "operator_name": "DUMMY_SCAN",
                                "cpu_time": 0.0,
                                "extra_info": {},
                                "cumulative_cardinality": 0,
                                "operator_type": "DUMMY_SCAN",
                                "operator_cardinality": 0,
                                "cumulative_rows_scanned": 0,
                                "operator_rows_scanned": 0,
                                "operator_timing": 0.0,
                                "children": []
                              }
                            ]
                          },
                          {
                            "total_bytes_written": 0,
                            "total_bytes_read": 0,
                            "result_set_size": 1924,
                            "operator_name": "HASH_GROUP_BY",
                            "cpu_time": 0.0,
                            "extra_info": {
                              "Groups": "#0",
                              "Aggregates": "",
                              "Estimated Cardinality": "1986"
                            },
                            "cumulative_cardinality": 0,
                            "operator_type": "HASH_GROUP_BY",
                            "operator_cardinality": 481,
                            "cumulative_rows_scanned": 0,
                            "operator_rows_scanned": 0,
                            "operator_timing": 0.000589257,
                            "children": []
                          }
                        ]
                      }
                    ]
                  }
                ]
              }
            ]
          }
        ]
      }
    ]
  },
  "actual_rows": 0,
  "provenance": {
    "database": "/mnt/d/TPC-DS/tpcds_sf10.duckdb",
    "scale_factor": 10,
    "engine": "duckdb",
    "engine_version": "1.4.3",
    "cached_at": "2026-02-08T10:20:39.902753"
  }
}