{
  "execution_time_ms": 676.0,
  "plan_text": "\u250c\u2500\u2500\u2500\u2500\u2500\u2500\u2500\u2500\u2500\u2500\u2500\u2500\u2500\u2500\u2500\u2500\u2500\u2500\u2500\u2500\u2500\u2500\u2500\u2500\u2500\u2500\u2500\u2500\u2500\u2500\u2500\u2500\u2500\u2500\u2500\u2500\u2500\u2510\n\u2502\u250c\u2500\u2500\u2500\u2500\u2500\u2500\u2500\u2500\u2500\u2500\u2500\u2500\u2500\u2500\u2500\u2500\u2500\u2500\u2500\u2500\u2500\u2500\u2500\u2500\u2500\u2500\u2500\u2500\u2500\u2500\u2500\u2500\u2500\u2500\u2500\u2510\u2502\n\u2502\u2502    Query Profiling Information    \u2502\u2502\n\u2502\u2514\u2500\u2500\u2500\u2500\u2500\u2500\u2500\u2500\u2500\u2500\u2500\u2500\u2500\u2500\u2500\u2500\u2500\u2500\u2500\u2500\u2500\u2500\u2500\u2500\u2500\u2500\u2500\u2500\u2500\u2500\u2500\u2500\u2500\u2500\u2500\u2518\u2502\n\u2514\u2500\u2500\u2500\u2500\u2500\u2500\u2500\u2500\u2500\u2500\u2500\u2500\u2500\u2500\u2500\u2500\u2500\u2500\u2500\u2500\u2500\u2500\u2500\u2500\u2500\u2500\u2500\u2500\u2500\u2500\u2500\u2500\u2500\u2500\u2500\u2500\u2500\u2518\nEXPLAIN ANALYZE -- start query 77 in stream 0 using template query77.tpl with ss as  (select s_store_sk,          sum(ss_ext_sales_price) as sales,          sum(ss_net_profit) as profit  from store_sales,       date_dim,       store  where ss_sold_date_sk = d_date_sk        and d_date between cast('1998-08-05' as date)                    and (cast('1998-08-05' as date) + INTERVAL 30 DAY)         and ss_store_sk = s_store_sk  group by s_store_sk)  ,  sr as  (select s_store_sk,          sum(sr_return_amt) as \"returns\",          sum(sr_net_loss) as profit_loss  from store_returns,       date_dim,       store  where sr_returned_date_sk = d_date_sk        and d_date between cast('1998-08-05' as date)                   and (cast('1998-08-05' as date) + INTERVAL 30 DAY)        and sr_store_sk = s_store_sk  group by s_store_sk),   cs as  (select cs_call_center_sk,         sum(cs_ext_sales_price) as sales,         sum(cs_net_profit) as profit  from catalog_sales,       date_dim  where cs_sold_date_sk = d_date_sk        and d_date between cast('1998-08-05' as date)                   and (cast('1998-08-05' as date) + INTERVAL 30 DAY)  group by cs_call_center_sk   ),   cr as  (select cr_call_center_sk,          sum(cr_return_amount) as \"returns\",          sum(cr_net_loss) as profit_loss  from catalog_returns,       date_dim  where cr_returned_date_sk = d_date_sk        and d_date between cast('1998-08-05' as date)                   and (cast('1998-08-05' as date) + INTERVAL 30 DAY)  group by cr_call_center_sk  ),   ws as  ( select wp_web_page_sk,         sum(ws_ext_sales_price) as sales,         sum(ws_net_profit) as profit  from web_sales,       date_dim,       web_page  where ws_sold_date_sk = d_date_sk        and d_date between cast('1998-08-05' as date)                   and (cast('1998-08-05' as date) + INTERVAL 30 DAY)        and ws_web_page_sk = wp_web_page_sk  group by wp_web_page_sk),   wr as  (select wp_web_page_sk,         sum(wr_return_amt) as \"returns\",         sum(wr_net_loss) as profit_loss  from web_returns,       date_dim,       web_page  where wr_returned_date_sk = d_date_sk        and d_date between cast('1998-08-05' as date)                   and (cast('1998-08-05' as date) + INTERVAL 30 DAY)        and wr_web_page_sk = wp_web_page_sk  group by wp_web_page_sk)   select channel         , id         , sum(sales) as sales         , sum(\"returns\") as \"returns\"         , sum(profit) as profit  from   (select 'store channel' as channel         , ss.s_store_sk as id         , sales         , coalesce(\"returns\", 0) as \"returns\"         , (profit - coalesce(profit_loss,0)) as profit  from   ss left join sr         on  ss.s_store_sk = sr.s_store_sk  union all  select 'catalog channel' as channel         , cs_call_center_sk as id         , sales         , \"returns\"         , (profit - profit_loss) as profit  from  cs        , cr  union all  select 'web channel' as channel         , ws.wp_web_page_sk as id         , sales         , coalesce(\"returns\", 0) AS \"returns\"         , (profit - coalesce(profit_loss,0)) as profit  from   ws left join wr         on  ws.wp_web_page_sk = wr.wp_web_page_sk  ) x  group by rollup (channel, id)  order by channel          ,id  LIMIT 100;  -- end query 77 in stream 0 using template query77.tpl\n\u250c\u2500\u2500\u2500\u2500\u2500\u2500\u2500\u2500\u2500\u2500\u2500\u2500\u2500\u2500\u2500\u2500\u2500\u2500\u2500\u2500\u2500\u2500\u2500\u2500\u2500\u2500\u2500\u2500\u2500\u2500\u2500\u2500\u2500\u2500\u2500\u2500\u2500\u2500\u2500\u2500\u2500\u2500\u2500\u2500\u2500\u2500\u2500\u2500\u2510\n\u2502\u250c\u2500\u2500\u2500\u2500\u2500\u2500\u2500\u2500\u2500\u2500\u2500\u2500\u2500\u2500\u2500\u2500\u2500\u2500\u2500\u2500\u2500\u2500\u2500\u2500\u2500\u2500\u2500\u2500\u2500\u2500\u2500\u2500\u2500\u2500\u2500\u2500\u2500\u2500\u2500\u2500\u2500\u2500\u2500\u2500\u2500\u2500\u2510\u2502\n\u2502\u2502              Total Time: 0.676s              \u2502\u2502\n\u2502\u2514\u2500\u2500\u2500\u2500\u2500\u2500\u2500\u2500\u2500\u2500\u2500\u2500\u2500\u2500\u2500\u2500\u2500\u2500\u2500\u2500\u2500\u2500\u2500\u2500\u2500\u2500\u2500\u2500\u2500\u2500\u2500\u2500\u2500\u2500\u2500\u2500\u2500\u2500\u2500\u2500\u2500\u2500\u2500\u2500\u2500\u2500\u2518\u2502\n\u2514\u2500\u2500\u2500\u2500\u2500\u2500\u2500\u2500\u2500\u2500\u2500\u2500\u2500\u2500\u2500\u2500\u2500\u2500\u2500\u2500\u2500\u2500\u2500\u2500\u2500\u2500\u2500\u2500\u2500\u2500\u2500\u2500\u2500\u2500\u2500\u2500\u2500\u2500\u2500\u2500\u2500\u2500\u2500\u2500\u2500\u2500\u2500\u2500\u2518\n\u250c\u2500\u2500\u2500\u2500\u2500\u2500\u2500\u2500\u2500\u2500\u2500\u2500\u2500\u2510\n\u2502    QUERY    \u2502\n\u2514\u2500\u2500\u2500\u2500\u2500\u2500\u252c\u2500\u2500\u2500\u2500\u2500\u2500\u2518\n\u250c\u2500\u2500\u2500\u2500\u2500\u2500\u2534\u2500\u2500\u2500\u2500\u2500\u2500\u2510\n\u2502EXPLAIN_...  \u2502\n\u2502    \u2500\u2500\u2500\u2500\u2500\u2500   \u2502\n\u2502    0 rows   \u2502\n\u2502   (0.00s)   \u2502\n\u2514\u2500\u2500\u2500\u2500\u2500\u2500\u252c\u2500\u2500\u2500\u2500\u2500\u2500\u2518\n\u250c\u2500\u2500\u2500\u2500\u2500\u2500\u2534\u2500\u2500\u2500\u2500\u2500\u2500\u2510\n\u2502    TOP_N    \u2502\n\u2502    \u2500\u2500\u2500\u2500\u2500\u2500   \u2502\n\u2502     Top:    \u2502\n\u2502     100     \u2502\n\u2502             \u2502\n\u2502  Order By:  \u2502\n\u2502x.channel ASC\u2502\n\u2502   x.id ASC  \u2502\n\u2502             \u2502\n\u2502   100 rows  \u2502\n\u2502   (0.00s)   \u2502\n\u2514\u2500\u2500\u2500\u2500\u2500\u2500\u252c\u2500\u2500\u2500\u2500\u2500\u2500\u2518\n\u250c\u2500\u2500\u2500\u2500\u2500\u2500\u2534\u2500\u2500\u2500\u2500\u2500\u2500\u2510\n\u2502HASH_GROUP_BY\u2502\n\u2502    \u2500\u2500\u2500\u2500\u2500\u2500   \u2502\n\u2502   Groups:   \u2502\n\u2502      #0     \u2502\n\u2502      #1     \u2502\n\u2502             \u2502\n\u2502 Aggregates: \u2502\n\u2502   sum(#2)   \u2502\n\u2502   sum(#3)   \u2502\n\u2502   sum(#4)   \u2502\n\u2502             \u2502\n\u2502   169 rows  \u2502\n\u2502   (0.00s)   \u2502\n\u2514\u2500\u2500\u2500\u2500\u2500\u2500\u252c\u2500\u2500\u2500\u2500\u2500\u2500\u2518\n\u250c\u2500\u2500\u2500\u2500\u2500\u2500\u2534\u2500\u2500\u2500\u2500\u2500\u2500\u2510\n\u2502  PROJECTION \u2502\n\u2502    \u2500\u2500\u2500\u2500\u2500\u2500   \u2502\n\u2502   channel   \u2502\n\u2502      id     \u2502\n\u2502    sales    \u2502\n\u2502   returns   \u2502\n\u2502    profit   \u2502\n\u2502             \u2502\n\u2502   321 rows  \u2502\n\u2502   (0.00s)   \u2502\n\u2514\u2500\u2500\u2500\u2500\u2500\u2500\u252c\u2500\u2500\u2500\u2500\u2500\u2500\u2518\n\u250c\u2500\u2500\u2500\u2500\u2500\u2500\u2534\u2500\u2500\u2500\u2500\u2500\u2500\u2510\n\u2502    UNION    \u2502\n\u2502    \u2500\u2500\u2500\u2500\u2500\u2500   \u2502\n\u2502    0 rows   \u251c\u2500\u2500\u2500\u2500\u2500\u2500\u2500\u2500\u2500\u2500\u2500\u2500\u2500\u2500\u2500\u2500\u2500\u2500\u2500\u2500\u2500\u2500\u2500\u2500\u2500\u2500\u2500\u2500\u2500\u2500\u2500\u2500\u2500\u2500\u2500\u2500\u2500\u2500\u2500\u2500\u2500\u2500\u2500\u2500\u2500\u2500\u2500\u2500\u2500\u2500\u2500\u2500\u2500\u2500\u2500\u2500\u2500\u2500\u2500\u2500\u2500\u2500\u2500\u2500\u2500\u2500\u2500\u2500\u2500\u2500\u2500\u2500\u2500\u2500\u2500\u2500\u2500\u2500\u2500\u2500\u2500\u2500\u2500\u2500\u2500\u2500\u2500\u2500\u2500\u2500\u2500\u2500\u2500\u2500\u2500\u2500\u2500\u2500\u2500\u2500\u2500\u2500\u2500\u2500\u2500\u2500\u2500\u2500\u2500\u2500\u2500\u2500\u2500\u2500\u2500\u2500\u2500\u2500\u2500\u2500\u2500\u2500\u2500\u2500\u2500\u2500\u2500\u2500\u2500\u2500\u2500\u2500\u2500\u2500\u2500\u2500\u2500\u2500\u2500\u2500\u2500\u2500\u2510\n\u2502   (0.00s)   \u2502                                                                                                                                              \u2502\n\u2514\u2500\u2500\u2500\u2500\u2500\u2500\u252c\u2500\u2500\u2500\u2500\u2500\u2500\u2518                                                                                                                                              \u2502\n\u250c\u2500\u2500\u2500\u2500\u2500\u2500\u2534\u2500\u2500\u2500\u2500\u2500\u2500\u2510                                                                                                                                       \u250c\u2500\u2500\u2500\u2500\u2500\u2500\u2534\u2500\u2500\u2500\u2500\u2500\u2500\u2510\n\u2502    UNION    \u2502                                                                                                                                       \u2502  PROJECTION \u2502\n\u2502    \u2500\u2500\u2500\u2500\u2500\u2500   \u2502                                                                                                                                       \u2502    \u2500\u2500\u2500\u2500\u2500\u2500   \u2502\n\u2502             \u2502                                                                                                                                       \u2502   channel   \u2502\n\u2502             \u2502                                                                                                                                       \u2502      id     \u2502\n\u2502             \u2502                                                                                                                                       \u2502    sales    \u2502\n\u2502             \u251c\u2500\u2500\u2500\u2500\u2500\u2500\u2500\u2500\u2500\u2500\u2500\u2500\u2500\u2500\u2500\u2500\u2500\u2500\u2500\u2500\u2500\u2500\u2500\u2500\u2500\u2500\u2500\u2500\u2500\u2500\u2500\u2500\u2500\u2500\u2500\u2500\u2500\u2500\u2500\u2500\u2500\u2500\u2500\u2500\u2500\u2500\u2500\u2500\u2500\u2500\u2500\u2500\u2500\u2500\u2500\u2500\u2500\u2500\u2500\u2500\u2500\u2500\u2500\u2500\u2500\u2500\u2500\u2500\u2500\u2500\u2500\u2500\u2500\u2500\u2500\u2500\u2500\u2500\u2500\u2500\u2500\u2500\u2510                                                    \u2502   returns   \u2502\n\u2502             \u2502                                                                                  \u2502                                                    \u2502    profit   \u2502\n\u2502             \u2502                                                                                  \u2502                                                    \u2502             \u2502\n\u2502    0 rows   \u2502                                                                                  \u2502                                                    \u2502   101 rows  \u2502\n\u2502   (0.00s)   \u2502                                                                                  \u2502                                                    \u2502   (0.00s)   \u2502\n\u2514\u2500\u2500\u2500\u2500\u2500\u2500\u252c\u2500\u2500\u2500\u2500\u2500\u2500\u2518                                                                                  \u2502                                                    \u2514\u2500\u2500\u2500\u2500\u2500\u2500\u252c\u2500\u2500\u2500\u2500\u2500\u2500\u2518\n\u250c\u2500\u2500\u2500\u2500\u2500\u2500\u2534\u2500\u2500\u2500\u2500\u2500\u2500\u2510                                                                           \u250c\u2500\u2500\u2500\u2500\u2500\u2500\u2534\u2500\u2500\u2500\u2500\u2500\u2500\u2510                                             \u250c\u2500\u2500\u2500\u2500\u2500\u2500\u2534\u2500\u2500\u2500\u2500\u2500\u2500\u2510\n\u2502  PROJECTION \u2502                                                                           \u2502  PROJECTION \u2502                                             \u2502  HASH_JOIN  \u2502\n\u2502    \u2500\u2500\u2500\u2500\u2500\u2500   \u2502                                                                           \u2502    \u2500\u2500\u2500\u2500\u2500\u2500   \u2502                                             \u2502    \u2500\u2500\u2500\u2500\u2500\u2500   \u2502\n\u2502   channel   \u2502                                                                           \u2502   channel   \u2502                                             \u2502  Join Type: \u2502\n\u2502      id     \u2502                                                                           \u2502      id     \u2502                                             \u2502    RIGHT    \u2502\n\u2502    sales    \u2502                                                                           \u2502    sales    \u2502                                             \u2502             \u2502\n\u2502   returns   \u2502                                                                           \u2502   returns   \u2502                                             \u2502 Conditions: \u2502\n\u2502    profit   \u2502                                                                           \u2502    profit   \u2502                                             \u2502wp_web_page_s\u251c\u2500\u2500\u2500\u2500\u2500\u2500\u2500\u2500\u2500\u2500\u2500\u2500\u2500\u2500\u2500\u2500\u2500\u2500\u2500\u2500\u2500\u2500\u2500\u2500\u2500\u2500\u2500\u2500\u2500\u2500\u2500\u2500\u2500\u2500\u2500\u2500\u2500\u2510\n\u2502             \u2502                                                                           \u2502             \u2502                                             \u2502k = wp_web_pa\u2502                                     \u2502\n\u2502             \u2502                                                                           \u2502             \u2502                                             \u2502    ge_sk    \u2502                                     \u2502\n\u2502             \u2502                                                                           \u2502             \u2502                                             \u2502             \u2502                                     \u2502\n\u2502   51 rows   \u2502                                                                           \u2502   169 rows  \u2502                                             \u2502   101 rows  \u2502                                     \u2502\n\u2502   (0.00s)   \u2502                                                                           \u2502   (0.00s)   \u2502                                             \u2502   (0.00s)   \u2502                                     \u2502\n\u2514\u2500\u2500\u2500\u2500\u2500\u2500\u252c\u2500\u2500\u2500\u2500\u2500\u2500\u2518                                                                           \u2514\u2500\u2500\u2500\u2500\u2500\u2500\u252c\u2500\u2500\u2500\u2500\u2500\u2500\u2518                                             \u2514\u2500\u2500\u2500\u2500\u2500\u2500\u252c\u2500\u2500\u2500\u2500\u2500\u2500\u2518                                     \u2502\n\u250c\u2500\u2500\u2500\u2500\u2500\u2500\u2534\u2500\u2500\u2500\u2500\u2500\u2500\u2510                                                                           \u250c\u2500\u2500\u2500\u2500\u2500\u2500\u2534\u2500\u2500\u2500\u2500\u2500\u2500\u2510                                             \u250c\u2500\u2500\u2500\u2500\u2500\u2500\u2534\u2500\u2500\u2500\u2500\u2500\u2500\u2510                              \u250c\u2500\u2500\u2500\u2500\u2500\u2500\u2534\u2500\u2500\u2500\u2500\u2500\u2500\u2510\n\u2502  HASH_JOIN  \u2502                                                                           \u2502CROSS_PRODUCT\u2502                                             \u2502  PROJECTION \u2502                              \u2502  PROJECTION \u2502\n\u2502    \u2500\u2500\u2500\u2500\u2500\u2500   \u2502                                                                           \u2502    \u2500\u2500\u2500\u2500\u2500\u2500   \u2502                                             \u2502    \u2500\u2500\u2500\u2500\u2500\u2500   \u2502                              \u2502    \u2500\u2500\u2500\u2500\u2500\u2500   \u2502\n\u2502  Join Type: \u2502                                                                           \u2502             \u2502                                             \u2502__internal_de\u2502                              \u2502__internal_de\u2502\n\u2502    RIGHT    \u2502                                                                           \u2502             \u2502                                             \u2502compress_inte\u2502                              \u2502compress_inte\u2502\n\u2502             \u2502                                                                           \u2502             \u2502                                             \u2502 gral_integer\u2502                              \u2502 gral_integer\u2502\n\u2502 Conditions: \u251c\u2500\u2500\u2500\u2500\u2500\u2500\u2500\u2500\u2500\u2500\u2500\u2500\u2500\u2500\u2500\u2500\u2500\u2500\u2500\u2500\u2500\u2500\u2500\u2500\u2500\u2500\u2500\u2500\u2500\u2500\u2500\u2500\u2500\u2500\u2500\u2500\u2500\u2510                                     \u2502             \u251c\u2500\u2500\u2500\u2500\u2500\u2500\u2500\u2500\u2500\u2500\u2500\u2500\u2500\u2500\u2500\u2500\u2500\u2500\u2500\u2500\u2500\u2500\u2510                      \u2502   (#0, 1)   \u2502                              \u2502   (#0, 1)   \u2502\n\u2502 s_store_sk =\u2502                                     \u2502                                     \u2502             \u2502                      \u2502                      \u2502      #1     \u2502                              \u2502      #1     \u2502\n\u2502  s_store_sk \u2502                                     \u2502                                     \u2502             \u2502                      \u2502                      \u2502      #2     \u2502                              \u2502      #2     \u2502\n\u2502             \u2502                                     \u2502                                     \u2502             \u2502                      \u2502                      \u2502             \u2502                              \u2502             \u2502\n\u2502   51 rows   \u2502                                     \u2502                                     \u2502   169 rows  \u2502                      \u2502                      \u2502   101 rows  \u2502                              \u2502   101 rows  \u2502\n\u2502   (0.00s)   \u2502                                     \u2502                                     \u2502   (0.00s)   \u2502                      \u2502                      \u2502   (0.00s)   \u2502                              \u2502   (0.00s)   \u2502\n\u2514\u2500\u2500\u2500\u2500\u2500\u2500\u252c\u2500\u2500\u2500\u2500\u2500\u2500\u2518                                     \u2502                                     \u2514\u2500\u2500\u2500\u2500\u2500\u2500\u252c\u2500\u2500\u2500\u2500\u2500\u2500\u2518                      \u2502                      \u2514\u2500\u2500\u2500\u2500\u2500\u2500\u252c\u2500\u2500\u2500\u2500\u2500\u2500\u2518                              \u2514\u2500\u2500\u2500\u2500\u2500\u2500\u252c\u2500\u2500\u2500\u2500\u2500\u2500\u2518\n\u250c\u2500\u2500\u2500\u2500\u2500\u2500\u2534\u2500\u2500\u2500\u2500\u2500\u2500\u2510                              \u250c\u2500\u2500\u2500\u2500\u2500\u2500\u2534\u2500\u2500\u2500\u2500\u2500\u2500\u2510                              \u250c\u2500\u2500\u2500\u2500\u2500\u2500\u2534\u2500\u2500\u2500\u2500\u2500\u2500\u2510               \u250c\u2500\u2500\u2500\u2500\u2500\u2500\u2534\u2500\u2500\u2500\u2500\u2500\u2500\u2510               \u250c\u2500\u2500\u2500\u2500\u2500\u2500\u2534\u2500\u2500\u2500\u2500\u2500\u2500\u2510                              \u250c\u2500\u2500\u2500\u2500\u2500\u2500\u2534\u2500\u2500\u2500\u2500\u2500\u2500\u2510\n\u2502  PROJECTION \u2502                              \u2502  PROJECTION \u2502                              \u2502  PROJECTION \u2502               \u2502  PROJECTION \u2502               \u2502PERFECT_...  \u2502                              \u2502PERFECT_...  \u2502\n\u2502    \u2500\u2500\u2500\u2500\u2500\u2500   \u2502                              \u2502    \u2500\u2500\u2500\u2500\u2500\u2500   \u2502                              \u2502    \u2500\u2500\u2500\u2500\u2500\u2500   \u2502               \u2502    \u2500\u2500\u2500\u2500\u2500\u2500   \u2502               \u2502    \u2500\u2500\u2500\u2500\u2500\u2500   \u2502                              \u2502    \u2500\u2500\u2500\u2500\u2500\u2500   \u2502\n\u2502__internal_de\u2502                              \u2502__internal_de\u2502                              \u2502__internal_de\u2502               \u2502   returns   \u2502               \u2502   Groups:   \u2502                              \u2502   Groups:   \u2502\n\u2502compress_inte\u2502                              \u2502compress_inte\u2502                              \u2502compress_inte\u2502               \u2502 profit_loss \u2502               \u2502      #0     \u2502                              \u2502      #0     \u2502\n\u2502 gral_integer\u2502                              \u2502 gral_integer\u2502                              \u2502 gral_integer\u2502               \u2502             \u2502               \u2502             \u2502                              \u2502             \u2502\n\u2502   (#0, 1)   \u2502                              \u2502   (#0, 1)   \u2502                              \u2502   (#0, 1)   \u2502               \u2502             \u2502               \u2502 Aggregates: \u2502                              \u2502 Aggregates: \u2502\n\u2502      #1     \u2502                              \u2502      #1     \u2502                              \u2502      #1     \u2502               \u2502             \u2502               \u2502   sum(#1)   \u2502                              \u2502   sum(#1)   \u2502\n\u2502      #2     \u2502                              \u2502      #2     \u2502                              \u2502      #2     \u2502               \u2502             \u2502               \u2502   sum(#2)   \u2502                              \u2502   sum(#2)   \u2502\n\u2502             \u2502                              \u2502             \u2502                              \u2502             \u2502               \u2502             \u2502               \u2502             \u2502                              \u2502             \u2502\n\u2502   51 rows   \u2502                              \u2502   51 rows   \u2502                              \u2502   13 rows   \u2502               \u2502   13 rows   \u2502               \u2502   101 rows  \u2502                              \u2502   101 rows  \u2502\n\u2502   (0.00s)   \u2502                              \u2502   (0.00s)   \u2502                              \u2502   (0.00s)   \u2502               \u2502   (0.00s)   \u2502               \u2502   (0.00s)   \u2502                              \u2502   (0.00s)   \u2502\n\u2514\u2500\u2500\u2500\u2500\u2500\u2500\u252c\u2500\u2500\u2500\u2500\u2500\u2500\u2518                              \u2514\u2500\u2500\u2500\u2500\u2500\u2500\u252c\u2500\u2500\u2500\u2500\u2500\u2500\u2518                              \u2514\u2500\u2500\u2500\u2500\u2500\u2500\u252c\u2500\u2500\u2500\u2500\u2500\u2500\u2518               \u2514\u2500\u2500\u2500\u2500\u2500\u2500\u252c\u2500\u2500\u2500\u2500\u2500\u2500\u2518               \u2514\u2500\u2500\u2500\u2500\u2500\u2500\u252c\u2500\u2500\u2500\u2500\u2500\u2500\u2518                              \u2514\u2500\u2500\u2500\u2500\u2500\u2500\u252c\u2500\u2500\u2500\u2500\u2500\u2500\u2518\n\u250c\u2500\u2500\u2500\u2500\u2500\u2500\u2534\u2500\u2500\u2500\u2500\u2500\u2500\u2510                              \u250c\u2500\u2500\u2500\u2500\u2500\u2500\u2534\u2500\u2500\u2500\u2500\u2500\u2500\u2510                              \u250c\u2500\u2500\u2500\u2500\u2500\u2500\u2534\u2500\u2500\u2500\u2500\u2500\u2500\u2510               \u250c\u2500\u2500\u2500\u2500\u2500\u2500\u2534\u2500\u2500\u2500\u2500\u2500\u2500\u2510               \u250c\u2500\u2500\u2500\u2500\u2500\u2500\u2534\u2500\u2500\u2500\u2500\u2500\u2500\u2510                              \u250c\u2500\u2500\u2500\u2500\u2500\u2500\u2534\u2500\u2500\u2500\u2500\u2500\u2500\u2510\n\u2502PERFECT_...  \u2502                              \u2502PERFECT_...  \u2502                              \u2502PERFECT_...  \u2502               \u2502  PROJECTION \u2502               \u2502  PROJECTION \u2502                              \u2502  PROJECTION \u2502\n\u2502    \u2500\u2500\u2500\u2500\u2500\u2500   \u2502                              \u2502    \u2500\u2500\u2500\u2500\u2500\u2500   \u2502                              \u2502    \u2500\u2500\u2500\u2500\u2500\u2500   \u2502               \u2502    \u2500\u2500\u2500\u2500\u2500\u2500   \u2502               \u2502    \u2500\u2500\u2500\u2500\u2500\u2500   \u2502                              \u2502    \u2500\u2500\u2500\u2500\u2500\u2500   \u2502\n\u2502   Groups:   \u2502                              \u2502   Groups:   \u2502                              \u2502   Groups:   \u2502               \u2502__internal_de\u2502               \u2502wp_web_page_s\u2502                              \u2502wp_web_page_s\u2502\n\u2502      #0     \u2502                              \u2502      #0     \u2502                              \u2502      #0     \u2502               \u2502compress_inte\u2502               \u2502      k      \u2502                              \u2502      k      \u2502\n\u2502             \u2502                              \u2502             \u2502                              \u2502             \u2502               \u2502 gral_integer\u2502               \u2502wr_return_amt\u2502                              \u2502ws_ext_sales_\u2502\n\u2502 Aggregates: \u2502                              \u2502 Aggregates: \u2502                              \u2502 Aggregates: \u2502               \u2502   (#0, 1)   \u2502               \u2502 wr_net_loss \u2502                              \u2502    price    \u2502\n\u2502   sum(#1)   \u2502                              \u2502   sum(#1)   \u2502                              \u2502   sum(#1)   \u2502               \u2502      #1     \u2502               \u2502             \u2502                              \u2502ws_net_profit\u2502\n\u2502   sum(#2)   \u2502                              \u2502   sum(#2)   \u2502                              \u2502   sum(#2)   \u2502               \u2502      #2     \u2502               \u2502             \u2502                              \u2502             \u2502\n\u2502             \u2502                              \u2502             \u2502                              \u2502             \u2502               \u2502             \u2502               \u2502             \u2502                              \u2502             \u2502\n\u2502   51 rows   \u2502                              \u2502   51 rows   \u2502                              \u2502   13 rows   \u2502               \u2502   13 rows   \u2502               \u2502  4,680 rows \u2502                              \u2502 159,188 rows\u2502\n\u2502   (0.00s)   \u2502                              \u2502   (0.01s)   \u2502                              \u2502   (0.00s)   \u2502               \u2502   (0.00s)   \u2502               \u2502   (0.00s)   \u2502                              \u2502   (0.00s)   \u2502\n\u2514\u2500\u2500\u2500\u2500\u2500\u2500\u252c\u2500\u2500\u2500\u2500\u2500\u2500\u2518                              \u2514\u2500\u2500\u2500\u2500\u2500\u2500\u252c\u2500\u2500\u2500\u2500\u2500\u2500\u2518                              \u2514\u2500\u2500\u2500\u2500\u2500\u2500\u252c\u2500\u2500\u2500\u2500\u2500\u2500\u2518               \u2514\u2500\u2500\u2500\u2500\u2500\u2500\u252c\u2500\u2500\u2500\u2500\u2500\u2500\u2518               \u2514\u2500\u2500\u2500\u2500\u2500\u2500\u252c\u2500\u2500\u2500\u2500\u2500\u2500\u2518                              \u2514\u2500\u2500\u2500\u2500\u2500\u2500\u252c\u2500\u2500\u2500\u2500\u2500\u2500\u2518\n\u250c\u2500\u2500\u2500\u2500\u2500\u2500\u2534\u2500\u2500\u2500\u2500\u2500\u2500\u2510                              \u250c\u2500\u2500\u2500\u2500\u2500\u2500\u2534\u2500\u2500\u2500\u2500\u2500\u2500\u2510                              \u250c\u2500\u2500\u2500\u2500\u2500\u2500\u2534\u2500\u2500\u2500\u2500\u2500\u2500\u2510               \u250c\u2500\u2500\u2500\u2500\u2500\u2500\u2534\u2500\u2500\u2500\u2500\u2500\u2500\u2510               \u250c\u2500\u2500\u2500\u2500\u2500\u2500\u2534\u2500\u2500\u2500\u2500\u2500\u2500\u2510                              \u250c\u2500\u2500\u2500\u2500\u2500\u2500\u2534\u2500\u2500\u2500\u2500\u2500\u2500\u2510\n\u2502  PROJECTION \u2502                              \u2502  PROJECTION \u2502                              \u2502  PROJECTION \u2502               \u2502PERFECT_...  \u2502               \u2502  PROJECTION \u2502                              \u2502  PROJECTION \u2502\n\u2502    \u2500\u2500\u2500\u2500\u2500\u2500   \u2502                              \u2502    \u2500\u2500\u2500\u2500\u2500\u2500   \u2502                              \u2502    \u2500\u2500\u2500\u2500\u2500\u2500   \u2502               \u2502    \u2500\u2500\u2500\u2500\u2500\u2500   \u2502               \u2502    \u2500\u2500\u2500\u2500\u2500\u2500   \u2502                              \u2502    \u2500\u2500\u2500\u2500\u2500\u2500   \u2502\n\u2502  s_store_sk \u2502                              \u2502  s_store_sk \u2502                              \u2502cs_call_cente\u2502               \u2502   Groups:   \u2502               \u2502__internal_co\u2502                              \u2502__internal_co\u2502\n\u2502sr_return_amt\u2502                              \u2502ss_ext_sales_\u2502                              \u2502     r_sk    \u2502               \u2502      #0     \u2502               \u2502mpress_integr\u2502                              \u2502mpress_integr\u2502\n\u2502 sr_net_loss \u2502                              \u2502    price    \u2502                              \u2502cs_ext_sales_\u2502               \u2502             \u2502               \u2502 al_utinyint(\u2502                              \u2502 al_utinyint(\u2502\n\u2502             \u2502                              \u2502ss_net_profit\u2502                              \u2502    price    \u2502               \u2502 Aggregates: \u2502               \u2502    #0, 1)   \u2502                              \u2502    #0, 1)   \u2502\n\u2502             \u2502                              \u2502             \u2502                              \u2502cs_net_profit\u2502               \u2502   sum(#1)   \u2502               \u2502      #1     \u2502                              \u2502      #1     \u2502\n\u2502             \u2502                              \u2502             \u2502                              \u2502             \u2502               \u2502   sum(#2)   \u2502               \u2502      #2     \u2502                              \u2502      #2     \u2502\n\u2502             \u2502                              \u2502             \u2502                              \u2502             \u2502               \u2502             \u2502               \u2502__internal_co\u2502                              \u2502__internal_co\u2502\n\u2502             \u2502                              \u2502             \u2502                              \u2502             \u2502               \u2502             \u2502               \u2502mpress_integr\u2502                              \u2502mpress_integr\u2502\n\u2502             \u2502                              \u2502             \u2502                              \u2502             \u2502               \u2502             \u2502               \u2502 al_utinyint(\u2502                              \u2502 al_utinyint(\u2502\n\u2502             \u2502                              \u2502             \u2502                              \u2502             \u2502               \u2502             \u2502               \u2502    #3, 1)   \u2502                              \u2502    #3, 1)   \u2502\n\u2502             \u2502                              \u2502             \u2502                              \u2502             \u2502               \u2502             \u2502               \u2502             \u2502                              \u2502             \u2502\n\u2502 29,485 rows \u2502                              \u2502 599,960 rows\u2502                              \u2502 320,768 rows\u2502               \u2502   13 rows   \u2502               \u2502  4,680 rows \u2502                              \u2502 159,188 rows\u2502\n\u2502   (0.00s)   \u2502                              \u2502   (0.00s)   \u2502                              \u2502   (0.00s)   \u2502               \u2502   (0.00s)   \u2502               \u2502   (0.00s)   \u2502                              \u2502   (0.00s)   \u2502\n\u2514\u2500\u2500\u2500\u2500\u2500\u2500\u252c\u2500\u2500\u2500\u2500\u2500\u2500\u2518                              \u2514\u2500\u2500\u2500\u2500\u2500\u2500\u252c\u2500\u2500\u2500\u2500\u2500\u2500\u2518                              \u2514\u2500\u2500\u2500\u2500\u2500\u2500\u252c\u2500\u2500\u2500\u2500\u2500\u2500\u2518               \u2514\u2500\u2500\u2500\u2500\u2500\u2500\u252c\u2500\u2500\u2500\u2500\u2500\u2500\u2518               \u2514\u2500\u2500\u2500\u2500\u2500\u2500\u252c\u2500\u2500\u2500\u2500\u2500\u2500\u2518                              \u2514\u2500\u2500\u2500\u2500\u2500\u2500\u252c\u2500\u2500\u2500\u2500\u2500\u2500\u2518\n\u250c\u2500\u2500\u2500\u2500\u2500\u2500\u2534\u2500\u2500\u2500\u2500\u2500\u2500\u2510                              \u250c\u2500\u2500\u2500\u2500\u2500\u2500\u2534\u2500\u2500\u2500\u2500\u2500\u2500\u2510                              \u250c\u2500\u2500\u2500\u2500\u2500\u2500\u2534\u2500\u2500\u2500\u2500\u2500\u2500\u2510               \u250c\u2500\u2500\u2500\u2500\u2500\u2500\u2534\u2500\u2500\u2500\u2500\u2500\u2500\u2510               \u250c\u2500\u2500\u2500\u2500\u2500\u2500\u2534\u2500\u2500\u2500\u2500\u2500\u2500\u2510                              \u250c\u2500\u2500\u2500\u2500\u2500\u2500\u2534\u2500\u2500\u2500\u2500\u2500\u2500\u2510\n\u2502  PROJECTION \u2502                              \u2502  PROJECTION \u2502                              \u2502  PROJECTION \u2502               \u2502  PROJECTION \u2502               \u2502  HASH_JOIN  \u2502                              \u2502  HASH_JOIN  \u2502\n\u2502    \u2500\u2500\u2500\u2500\u2500\u2500   \u2502                              \u2502    \u2500\u2500\u2500\u2500\u2500\u2500   \u2502                              \u2502    \u2500\u2500\u2500\u2500\u2500\u2500   \u2502               \u2502    \u2500\u2500\u2500\u2500\u2500\u2500   \u2502               \u2502    \u2500\u2500\u2500\u2500\u2500\u2500   \u2502                              \u2502    \u2500\u2500\u2500\u2500\u2500\u2500   \u2502\n\u2502__internal_co\u2502                              \u2502__internal_co\u2502                              \u2502__internal_co\u2502               \u2502cr_call_cente\u2502               \u2502  Join Type: \u2502                              \u2502  Join Type: \u2502\n\u2502mpress_integr\u2502                              \u2502mpress_integr\u2502                              \u2502mpress_integr\u2502               \u2502     r_sk    \u2502               \u2502    INNER    \u2502                              \u2502    INNER    \u2502\n\u2502 al_utinyint(\u2502                              \u2502 al_utinyint(\u2502                              \u2502 al_utinyint(\u2502               \u2502cr_return_amo\u2502               \u2502             \u2502                              \u2502             \u2502\n\u2502    #0, 1)   \u2502                              \u2502    #0, 1)   \u2502                              \u2502    #0, 1)   \u2502               \u2502     unt     \u2502               \u2502 Conditions: \u2502                              \u2502 Conditions: \u2502\n\u2502      #1     \u2502                              \u2502      #1     \u2502                              \u2502      #1     \u2502               \u2502 cr_net_loss \u2502               \u2502wr_web_page_s\u2502                              \u2502ws_web_page_s\u2502\n\u2502      #2     \u2502                              \u2502      #2     \u2502                              \u2502      #2     \u2502               \u2502             \u2502               \u2502k = wp_web_pa\u251c\u2500\u2500\u2500\u2500\u2500\u2500\u2500\u2500\u2500\u2500\u2500\u2500\u2500\u2500\u2500\u2500\u2500\u2500\u2500\u2500\u2500\u2500\u2510       \u2502k = wp_web_pa\u251c\u2500\u2500\u2500\u2500\u2500\u2500\u2500\u2500\u2500\u2500\u2500\u2500\u2500\u2500\u2500\u2500\u2500\u2500\u2500\u2500\u2500\u2500\u2510\n\u2502__internal_co\u2502                              \u2502__internal_co\u2502                              \u2502__internal_co\u2502               \u2502             \u2502               \u2502    ge_sk    \u2502                      \u2502       \u2502    ge_sk    \u2502                      \u2502\n\u2502mpress_integr\u2502                              \u2502mpress_integr\u2502                              \u2502mpress_integr\u2502               \u2502             \u2502               \u2502             \u2502                      \u2502       \u2502             \u2502                      \u2502\n\u2502 al_utinyint(\u2502                              \u2502 al_utinyint(\u2502                              \u2502 al_usmallint\u2502               \u2502             \u2502               \u2502             \u2502                      \u2502       \u2502             \u2502                      \u2502\n\u2502    #3, 1)   \u2502                              \u2502    #3, 1)   \u2502                              \u2502(#3, 2450815)\u2502               \u2502             \u2502               \u2502             \u2502                      \u2502       \u2502             \u2502                      \u2502\n\u2502             \u2502                              \u2502             \u2502                              \u2502             \u2502               \u2502             \u2502               \u2502             \u2502                      \u2502       \u2502             \u2502                      \u2502\n\u2502 29,485 rows \u2502                              \u2502 599,960 rows\u2502                              \u2502 320,768 rows\u2502               \u2502 13,530 rows \u2502               \u2502  4,680 rows \u2502                      \u2502       \u2502 159,188 rows\u2502                      \u2502\n\u2502   (0.00s)   \u2502                              \u2502   (0.00s)   \u2502                              \u2502   (0.00s)   \u2502               \u2502   (0.00s)   \u2502               \u2502   (0.00s)   \u2502                      \u2502       \u2502   (0.00s)   \u2502                      \u2502\n\u2514\u2500\u2500\u2500\u2500\u2500\u2500\u252c\u2500\u2500\u2500\u2500\u2500\u2500\u2518                              \u2514\u2500\u2500\u2500\u2500\u2500\u2500\u252c\u2500\u2500\u2500\u2500\u2500\u2500\u2518                              \u2514\u2500\u2500\u2500\u2500\u2500\u2500\u252c\u2500\u2500\u2500\u2500\u2500\u2500\u2518               \u2514\u2500\u2500\u2500\u2500\u2500\u2500\u252c\u2500\u2500\u2500\u2500\u2500\u2500\u2518               \u2514\u2500\u2500\u2500\u2500\u2500\u2500\u252c\u2500\u2500\u2500\u2500\u2500\u2500\u2518                      \u2502       \u2514\u2500\u2500\u2500\u2500\u2500\u2500\u252c\u2500\u2500\u2500\u2500\u2500\u2500\u2518                      \u2502\n\u250c\u2500\u2500\u2500\u2500\u2500\u2500\u2534\u2500\u2500\u2500\u2500\u2500\u2500\u2510                              \u250c\u2500\u2500\u2500\u2500\u2500\u2500\u2534\u2500\u2500\u2500\u2500\u2500\u2500\u2510                              \u250c\u2500\u2500\u2500\u2500\u2500\u2500\u2534\u2500\u2500\u2500\u2500\u2500\u2500\u2510               \u250c\u2500\u2500\u2500\u2500\u2500\u2500\u2534\u2500\u2500\u2500\u2500\u2500\u2500\u2510               \u250c\u2500\u2500\u2500\u2500\u2500\u2500\u2534\u2500\u2500\u2500\u2500\u2500\u2500\u2510               \u250c\u2500\u2500\u2500\u2500\u2500\u2500\u2534\u2500\u2500\u2500\u2500\u2500\u2500\u2510\u250c\u2500\u2500\u2500\u2500\u2500\u2500\u2534\u2500\u2500\u2500\u2500\u2500\u2500\u2510               \u250c\u2500\u2500\u2500\u2500\u2500\u2500\u2534\u2500\u2500\u2500\u2500\u2500\u2500\u2510\n\u2502  HASH_JOIN  \u2502                              \u2502  HASH_JOIN  \u2502                              \u2502  HASH_JOIN  \u2502               \u2502  PROJECTION \u2502               \u2502  HASH_JOIN  \u2502               \u2502  TABLE_SCAN \u2502\u2502  HASH_JOIN  \u2502               \u2502  TABLE_SCAN \u2502\n\u2502    \u2500\u2500\u2500\u2500\u2500\u2500   \u2502                              \u2502    \u2500\u2500\u2500\u2500\u2500\u2500   \u2502                              \u2502    \u2500\u2500\u2500\u2500\u2500\u2500   \u2502               \u2502    \u2500\u2500\u2500\u2500\u2500\u2500   \u2502               \u2502    \u2500\u2500\u2500\u2500\u2500\u2500   \u2502               \u2502    \u2500\u2500\u2500\u2500\u2500\u2500   \u2502\u2502    \u2500\u2500\u2500\u2500\u2500\u2500   \u2502               \u2502    \u2500\u2500\u2500\u2500\u2500\u2500   \u2502\n\u2502  Join Type: \u2502                              \u2502  Join Type: \u2502                              \u2502  Join Type: \u2502               \u2502__internal_co\u2502               \u2502  Join Type: \u2502               \u2502    Table:   \u2502\u2502  Join Type: \u2502               \u2502    Table:   \u2502\n\u2502    INNER    \u2502                              \u2502    INNER    \u2502                              \u2502    INNER    \u2502               \u2502mpress_integr\u2502               \u2502    INNER    \u2502               \u2502   web_page  \u2502\u2502    INNER    \u2502               \u2502   web_page  \u2502\n\u2502             \u2502                              \u2502             \u2502                              \u2502             \u2502               \u2502 al_utinyint(\u2502               \u2502             \u2502               \u2502             \u2502\u2502             \u2502               \u2502             \u2502\n\u2502 Conditions: \u2502                              \u2502 Conditions: \u2502                              \u2502 Conditions: \u2502               \u2502    #0, 1)   \u2502               \u2502 Conditions: \u2502               \u2502    Type:    \u2502\u2502 Conditions: \u2502               \u2502    Type:    \u2502\n\u2502 sr_store_sk \u2502                              \u2502 ss_store_sk \u2502                              \u2502cs_sold_date_\u2502               \u2502      #1     \u2502               \u2502wr_returned_d\u2502               \u2502  Sequential \u2502\u2502ws_sold_date_\u2502               \u2502  Sequential \u2502\n\u2502 = s_store_sk\u251c\u2500\u2500\u2500\u2500\u2500\u2500\u2500\u2500\u2500\u2500\u2500\u2500\u2500\u2500\u2500\u2500\u2500\u2500\u2500\u2500\u2500\u2500\u2510       \u2502 = s_store_sk\u251c\u2500\u2500\u2500\u2500\u2500\u2500\u2500\u2500\u2500\u2500\u2500\u2500\u2500\u2500\u2500\u2500\u2500\u2500\u2500\u2500\u2500\u2500\u2510       \u2502sk = d_date_s\u251c\u2500\u2500\u2500\u2500\u2500\u2500\u2500\u2510       \u2502      #2     \u2502               \u2502   ate_sk =  \u251c\u2500\u2500\u2500\u2500\u2500\u2500\u2500\u2510       \u2502     Scan    \u2502\u2502sk = d_date_s\u251c\u2500\u2500\u2500\u2500\u2500\u2500\u2500\u2510       \u2502     Scan    \u2502\n\u2502             \u2502                      \u2502       \u2502             \u2502                      \u2502       \u2502      k      \u2502       \u2502       \u2502__internal_co\u2502               \u2502   d_date_sk \u2502       \u2502       \u2502             \u2502\u2502      k      \u2502       \u2502       \u2502             \u2502\n\u2502             \u2502                      \u2502       \u2502             \u2502                      \u2502       \u2502             \u2502       \u2502       \u2502mpress_integr\u2502               \u2502             \u2502       \u2502       \u2502 Projections:\u2502\u2502             \u2502       \u2502       \u2502 Projections:\u2502\n\u2502             \u2502                      \u2502       \u2502             \u2502                      \u2502       \u2502             \u2502       \u2502       \u2502 al_usmallint\u2502               \u2502             \u2502       \u2502       \u2502wp_web_page_s\u2502\u2502             \u2502       \u2502       \u2502wp_web_page_s\u2502\n\u2502             \u2502                      \u2502       \u2502             \u2502                      \u2502       \u2502             \u2502       \u2502       \u2502(#3, 2450827)\u2502               \u2502             \u2502       \u2502       \u2502      k      \u2502\u2502             \u2502       \u2502       \u2502      k      \u2502\n\u2502             \u2502                      \u2502       \u2502             \u2502                      \u2502       \u2502             \u2502       \u2502       \u2502             \u2502               \u2502             \u2502       \u2502       \u2502             \u2502\u2502             \u2502       \u2502       \u2502             \u2502\n\u2502 29,485 rows \u2502                      \u2502       \u2502 599,960 rows\u2502                      \u2502       \u2502 320,768 rows\u2502       \u2502       \u2502 13,530 rows \u2502               \u2502  4,680 rows \u2502       \u2502       \u2502   200 rows  \u2502\u2502 159,188 rows\u2502       \u2502       \u2502   200 rows  \u2502\n\u2502   (0.00s)   \u2502                      \u2502       \u2502   (0.00s)   \u2502                      \u2502       \u2502   (0.00s)   \u2502       \u2502       \u2502   (0.00s)   \u2502               \u2502   (0.00s)   \u2502       \u2502       \u2502   (0.00s)   \u2502\u2502   (0.01s)   \u2502       \u2502       \u2502   (0.01s)   \u2502\n\u2514\u2500\u2500\u2500\u2500\u2500\u2500\u252c\u2500\u2500\u2500\u2500\u2500\u2500\u2518                      \u2502       \u2514\u2500\u2500\u2500\u2500\u2500\u2500\u252c\u2500\u2500\u2500\u2500\u2500\u2500\u2518                      \u2502       \u2514\u2500\u2500\u2500\u2500\u2500\u2500\u252c\u2500\u2500\u2500\u2500\u2500\u2500\u2518       \u2502       \u2514\u2500\u2500\u2500\u2500\u2500\u2500\u252c\u2500\u2500\u2500\u2500\u2500\u2500\u2518               \u2514\u2500\u2500\u2500\u2500\u2500\u2500\u252c\u2500\u2500\u2500\u2500\u2500\u2500\u2518       \u2502       \u2514\u2500\u2500\u2500\u2500\u2500\u2500\u2500\u2500\u2500\u2500\u2500\u2500\u2500\u2518\u2514\u2500\u2500\u2500\u2500\u2500\u2500\u252c\u2500\u2500\u2500\u2500\u2500\u2500\u2518       \u2502       \u2514\u2500\u2500\u2500\u2500\u2500\u2500\u2500\u2500\u2500\u2500\u2500\u2500\u2500\u2518\n\u250c\u2500\u2500\u2500\u2500\u2500\u2500\u2534\u2500\u2500\u2500\u2500\u2500\u2500\u2510               \u250c\u2500\u2500\u2500\u2500\u2500\u2500\u2534\u2500\u2500\u2500\u2500\u2500\u2500\u2510\u250c\u2500\u2500\u2500\u2500\u2500\u2500\u2534\u2500\u2500\u2500\u2500\u2500\u2500\u2510               \u250c\u2500\u2500\u2500\u2500\u2500\u2500\u2534\u2500\u2500\u2500\u2500\u2500\u2500\u2510\u250c\u2500\u2500\u2500\u2500\u2500\u2500\u2534\u2500\u2500\u2500\u2500\u2500\u2500\u2510\u250c\u2500\u2500\u2500\u2500\u2500\u2500\u2534\u2500\u2500\u2500\u2500\u2500\u2500\u2510\u250c\u2500\u2500\u2500\u2500\u2500\u2500\u2534\u2500\u2500\u2500\u2500\u2500\u2500\u2510               \u250c\u2500\u2500\u2500\u2500\u2500\u2500\u2534\u2500\u2500\u2500\u2500\u2500\u2500\u2510\u250c\u2500\u2500\u2500\u2500\u2500\u2500\u2534\u2500\u2500\u2500\u2500\u2500\u2500\u2510               \u250c\u2500\u2500\u2500\u2500\u2500\u2500\u2534\u2500\u2500\u2500\u2500\u2500\u2500\u2510\u250c\u2500\u2500\u2500\u2500\u2500\u2500\u2534\u2500\u2500\u2500\u2500\u2500\u2500\u2510\n\u2502  HASH_JOIN  \u2502               \u2502  TABLE_SCAN \u2502\u2502  HASH_JOIN  \u2502               \u2502  TABLE_SCAN \u2502\u2502  TABLE_SCAN \u2502\u2502    FILTER   \u2502\u2502  HASH_JOIN  \u2502               \u2502  TABLE_SCAN \u2502\u2502    FILTER   \u2502               \u2502  TABLE_SCAN \u2502\u2502    FILTER   \u2502\n\u2502    \u2500\u2500\u2500\u2500\u2500\u2500   \u2502               \u2502    \u2500\u2500\u2500\u2500\u2500\u2500   \u2502\u2502    \u2500\u2500\u2500\u2500\u2500\u2500   \u2502               \u2502    \u2500\u2500\u2500\u2500\u2500\u2500   \u2502\u2502    \u2500\u2500\u2500\u2500\u2500\u2500   \u2502\u2502    \u2500\u2500\u2500\u2500\u2500\u2500   \u2502\u2502    \u2500\u2500\u2500\u2500\u2500\u2500   \u2502               \u2502    \u2500\u2500\u2500\u2500\u2500\u2500   \u2502\u2502    \u2500\u2500\u2500\u2500\u2500\u2500   \u2502               \u2502    \u2500\u2500\u2500\u2500\u2500\u2500   \u2502\u2502    \u2500\u2500\u2500\u2500\u2500\u2500   \u2502\n\u2502  Join Type: \u2502               \u2502    Table:   \u2502\u2502  Join Type: \u2502               \u2502    Table:   \u2502\u2502    Table:   \u2502\u2502  (d_date_sk \u2502\u2502  Join Type: \u2502               \u2502    Table:   \u2502\u2502  (d_date_sk \u2502               \u2502    Table:   \u2502\u2502  (d_date_sk \u2502\n\u2502    INNER    \u2502               \u2502    store    \u2502\u2502    INNER    \u2502               \u2502    store    \u2502\u2502catalog_sales\u2502\u2502    BETWEEN  \u2502\u2502    INNER    \u2502               \u2502 web_returns \u2502\u2502    BETWEEN  \u2502               \u2502  web_sales  \u2502\u2502    BETWEEN  \u2502\n\u2502             \u2502               \u2502             \u2502\u2502             \u2502               \u2502             \u2502\u2502             \u2502\u2502  2450815 AND\u2502\u2502             \u2502               \u2502             \u2502\u2502  2450821 AND\u2502               \u2502             \u2502\u2502  2450816 AND\u2502\n\u2502 Conditions: \u2502               \u2502    Type:    \u2502\u2502 Conditions: \u2502               \u2502    Type:    \u2502\u2502    Type:    \u2502\u2502   2452653)  \u2502\u2502 Conditions: \u2502               \u2502    Type:    \u2502\u2502   2452997)  \u2502               \u2502    Type:    \u2502\u2502   2452642)  \u2502\n\u2502sr_returned_d\u2502               \u2502  Sequential \u2502\u2502ss_sold_date_\u2502               \u2502  Sequential \u2502\u2502  Sequential \u2502\u2502             \u2502\u2502cr_returned_d\u2502               \u2502  Sequential \u2502\u2502             \u2502               \u2502  Sequential \u2502\u2502             \u2502\n\u2502   ate_sk =  \u2502               \u2502     Scan    \u2502\u2502sk = d_date_s\u2502               \u2502     Scan    \u2502\u2502     Scan    \u2502\u2502             \u2502\u2502   ate_sk =  \u2502               \u2502     Scan    \u2502\u2502             \u2502               \u2502     Scan    \u2502\u2502             \u2502\n\u2502   d_date_sk \u2502               \u2502             \u2502\u2502      k      \u2502               \u2502             \u2502\u2502             \u2502\u2502             \u2502\u2502   d_date_sk \u2502               \u2502             \u2502\u2502             \u2502               \u2502             \u2502\u2502             \u2502\n\u2502             \u2502               \u2502 Projections:\u2502\u2502             \u2502               \u2502 Projections:\u2502\u2502 Projections:\u2502\u2502             \u2502\u2502             \u2502               \u2502 Projections:\u2502\u2502             \u2502               \u2502 Projections:\u2502\u2502             \u2502\n\u2502             \u251c\u2500\u2500\u2500\u2500\u2500\u2500\u2500\u2510       \u2502  s_store_sk \u2502\u2502             \u251c\u2500\u2500\u2500\u2500\u2500\u2500\u2500\u2510       \u2502  s_store_sk \u2502\u2502cs_sold_date_\u2502\u2502             \u2502\u2502             \u251c\u2500\u2500\u2500\u2500\u2500\u2500\u2500\u2510       \u2502wr_returned_d\u2502\u2502             \u2502               \u2502ws_sold_date_\u2502\u2502             \u2502\n\u2502             \u2502       \u2502       \u2502             \u2502\u2502             \u2502       \u2502       \u2502             \u2502\u2502      sk     \u2502\u2502             \u2502\u2502             \u2502       \u2502       \u2502    ate_sk   \u2502\u2502             \u2502               \u2502      sk     \u2502\u2502             \u2502\n\u2502             \u2502       \u2502       \u2502   Filters:  \u2502\u2502             \u2502       \u2502       \u2502   Filters:  \u2502\u2502cs_call_cente\u2502\u2502             \u2502\u2502             \u2502       \u2502       \u2502wr_web_page_s\u2502\u2502             \u2502               \u2502ws_web_page_s\u2502\u2502             \u2502\n\u2502             \u2502       \u2502       \u2502 s_store_sk< \u2502\u2502             \u2502       \u2502       \u2502 s_store_sk< \u2502\u2502     r_sk    \u2502\u2502             \u2502\u2502             \u2502       \u2502       \u2502      k      \u2502\u2502             \u2502               \u2502      k      \u2502\u2502             \u2502\n\u2502             \u2502       \u2502       \u2502     =100    \u2502\u2502             \u2502       \u2502       \u2502     =100    \u2502\u2502cs_ext_sales_\u2502\u2502             \u2502\u2502             \u2502       \u2502       \u2502wr_return_amt\u2502\u2502             \u2502               \u2502ws_ext_sales_\u2502\u2502             \u2502\n\u2502             \u2502       \u2502       \u2502             \u2502\u2502             \u2502       \u2502       \u2502             \u2502\u2502    price    \u2502\u2502             \u2502\u2502             \u2502       \u2502       \u2502 wr_net_loss \u2502\u2502             \u2502               \u2502    price    \u2502\u2502             \u2502\n\u2502             \u2502       \u2502       \u2502             \u2502\u2502             \u2502       \u2502       \u2502             \u2502\u2502cs_net_profit\u2502\u2502             \u2502\u2502             \u2502       \u2502       \u2502             \u2502\u2502             \u2502               \u2502ws_net_profit\u2502\u2502             \u2502\n\u2502             \u2502       \u2502       \u2502             \u2502\u2502             \u2502       \u2502       \u2502             \u2502\u2502             \u2502\u2502             \u2502\u2502             \u2502       \u2502       \u2502             \u2502\u2502             \u2502               \u2502             \u2502\u2502             \u2502\n\u2502 29,485 rows \u2502       \u2502       \u2502   100 rows  \u2502\u2502 599,960 rows\u2502       \u2502       \u2502   100 rows  \u2502\u2502 320,768 rows\u2502\u2502   31 rows   \u2502\u2502 13,530 rows \u2502       \u2502       \u2502  4,680 rows \u2502\u2502   31 rows   \u2502               \u2502 159,188 rows\u2502\u2502   31 rows   \u2502\n\u2502   (0.00s)   \u2502       \u2502       \u2502   (0.00s)   \u2502\u2502   (0.03s)   \u2502       \u2502       \u2502   (0.00s)   \u2502\u2502   (0.03s)   \u2502\u2502   (0.00s)   \u2502\u2502   (0.00s)   \u2502       \u2502       \u2502   (0.27s)   \u2502\u2502   (0.00s)   \u2502               \u2502   (3.42s)   \u2502\u2502   (0.00s)   \u2502\n\u2514\u2500\u2500\u2500\u2500\u2500\u2500\u252c\u2500\u2500\u2500\u2500\u2500\u2500\u2518       \u2502       \u2514\u2500\u2500\u2500\u2500\u2500\u2500\u2500\u2500\u2500\u2500\u2500\u2500\u2500\u2518\u2514\u2500\u2500\u2500\u2500\u2500\u2500\u252c\u2500\u2500\u2500\u2500\u2500\u2500\u2518       \u2502       \u2514\u2500\u2500\u2500\u2500\u2500\u2500\u2500\u2500\u2500\u2500\u2500\u2500\u2500\u2518\u2514\u2500\u2500\u2500\u2500\u2500\u2500\u2500\u2500\u2500\u2500\u2500\u2500\u2500\u2518\u2514\u2500\u2500\u2500\u2500\u2500\u2500\u252c\u2500\u2500\u2500\u2500\u2500\u2500\u2518\u2514\u2500\u2500\u2500\u2500\u2500\u2500\u252c\u2500\u2500\u2500\u2500\u2500\u2500\u2518       \u2502       \u2514\u2500\u2500\u2500\u2500\u2500\u2500\u2500\u2500\u2500\u2500\u2500\u2500\u2500\u2518\u2514\u2500\u2500\u2500\u2500\u2500\u2500\u252c\u2500\u2500\u2500\u2500\u2500\u2500\u2518               \u2514\u2500\u2500\u2500\u2500\u2500\u2500\u2500\u2500\u2500\u2500\u2500\u2500\u2500\u2518\u2514\u2500\u2500\u2500\u2500\u2500\u2500\u252c\u2500\u2500\u2500\u2500\u2500\u2500\u2518\n\u250c\u2500\u2500\u2500\u2500\u2500\u2500\u2534\u2500\u2500\u2500\u2500\u2500\u2500\u2510\u250c\u2500\u2500\u2500\u2500\u2500\u2500\u2534\u2500\u2500\u2500\u2500\u2500\u2500\u2510               \u250c\u2500\u2500\u2500\u2500\u2500\u2500\u2534\u2500\u2500\u2500\u2500\u2500\u2500\u2510\u250c\u2500\u2500\u2500\u2500\u2500\u2500\u2534\u2500\u2500\u2500\u2500\u2500\u2500\u2510                              \u250c\u2500\u2500\u2500\u2500\u2500\u2500\u2534\u2500\u2500\u2500\u2500\u2500\u2500\u2510\u250c\u2500\u2500\u2500\u2500\u2500\u2500\u2534\u2500\u2500\u2500\u2500\u2500\u2500\u2510\u250c\u2500\u2500\u2500\u2500\u2500\u2500\u2534\u2500\u2500\u2500\u2500\u2500\u2500\u2510               \u250c\u2500\u2500\u2500\u2500\u2500\u2500\u2534\u2500\u2500\u2500\u2500\u2500\u2500\u2510                              \u250c\u2500\u2500\u2500\u2500\u2500\u2500\u2534\u2500\u2500\u2500\u2500\u2500\u2500\u2510\n\u2502  TABLE_SCAN \u2502\u2502    FILTER   \u2502               \u2502  TABLE_SCAN \u2502\u2502    FILTER   \u2502                              \u2502  TABLE_SCAN \u2502\u2502  TABLE_SCAN \u2502\u2502    FILTER   \u2502               \u2502  TABLE_SCAN \u2502                              \u2502  TABLE_SCAN \u2502\n\u2502    \u2500\u2500\u2500\u2500\u2500\u2500   \u2502\u2502    \u2500\u2500\u2500\u2500\u2500\u2500   \u2502               \u2502    \u2500\u2500\u2500\u2500\u2500\u2500   \u2502\u2502    \u2500\u2500\u2500\u2500\u2500\u2500   \u2502                              \u2502    \u2500\u2500\u2500\u2500\u2500\u2500   \u2502\u2502    \u2500\u2500\u2500\u2500\u2500\u2500   \u2502\u2502    \u2500\u2500\u2500\u2500\u2500\u2500   \u2502               \u2502    \u2500\u2500\u2500\u2500\u2500\u2500   \u2502                              \u2502    \u2500\u2500\u2500\u2500\u2500\u2500   \u2502\n\u2502    Table:   \u2502\u2502  (d_date_sk \u2502               \u2502    Table:   \u2502\u2502  (d_date_sk \u2502                              \u2502    Table:   \u2502\u2502    Table:   \u2502\u2502  (d_date_sk \u2502               \u2502    Table:   \u2502                              \u2502    Table:   \u2502\n\u2502store_returns\u2502\u2502    BETWEEN  \u2502               \u2502 store_sales \u2502\u2502    BETWEEN  \u2502                              \u2502   date_dim  \u2502\u2502catalog_retur\u2502\u2502    BETWEEN  \u2502               \u2502   date_dim  \u2502                              \u2502   date_dim  \u2502\n\u2502             \u2502\u2502  2450820 AND\u2502               \u2502             \u2502\u2502  2450816 AND\u2502                              \u2502             \u2502\u2502      ns     \u2502\u2502  2450827 AND\u2502               \u2502             \u2502                              \u2502             \u2502\n\u2502    Type:    \u2502\u2502   2452822)  \u2502               \u2502    Type:    \u2502\u2502   2452642)  \u2502                              \u2502    Type:    \u2502\u2502             \u2502\u2502   2452918)  \u2502               \u2502    Type:    \u2502                              \u2502    Type:    \u2502\n\u2502  Sequential \u2502\u2502             \u2502               \u2502  Sequential \u2502\u2502             \u2502                              \u2502  Sequential \u2502\u2502    Type:    \u2502\u2502             \u2502               \u2502  Sequential \u2502                              \u2502  Sequential \u2502\n\u2502     Scan    \u2502\u2502             \u2502               \u2502     Scan    \u2502\u2502             \u2502                              \u2502     Scan    \u2502\u2502  Sequential \u2502\u2502             \u2502               \u2502     Scan    \u2502                              \u2502     Scan    \u2502\n\u2502             \u2502\u2502             \u2502               \u2502             \u2502\u2502             \u2502                              \u2502             \u2502\u2502     Scan    \u2502\u2502             \u2502               \u2502             \u2502                              \u2502             \u2502\n\u2502 Projections:\u2502\u2502             \u2502               \u2502 Projections:\u2502\u2502             \u2502                              \u2502 Projections:\u2502\u2502             \u2502\u2502             \u2502               \u2502 Projections:\u2502                              \u2502 Projections:\u2502\n\u2502sr_returned_d\u2502\u2502             \u2502               \u2502ss_sold_date_\u2502\u2502             \u2502                              \u2502  d_date_sk  \u2502\u2502 Projections:\u2502\u2502             \u2502               \u2502  d_date_sk  \u2502                              \u2502  d_date_sk  \u2502\n\u2502    ate_sk   \u2502\u2502             \u2502               \u2502      sk     \u2502\u2502             \u2502                              \u2502             \u2502\u2502cr_returned_d\u2502\u2502             \u2502               \u2502             \u2502                              \u2502             \u2502\n\u2502 sr_store_sk \u2502\u2502             \u2502               \u2502 ss_store_sk \u2502\u2502             \u2502                              \u2502   Filters:  \u2502\u2502    ate_sk   \u2502\u2502             \u2502               \u2502   Filters:  \u2502                              \u2502   Filters:  \u2502\n\u2502sr_return_amt\u2502\u2502             \u2502               \u2502ss_ext_sales_\u2502\u2502             \u2502                              \u2502 (CAST(d_date\u2502\u2502cr_call_cente\u2502\u2502             \u2502               \u2502 (CAST(d_date\u2502                              \u2502 (CAST(d_date\u2502\n\u2502 sr_net_loss \u2502\u2502             \u2502               \u2502    price    \u2502\u2502             \u2502                              \u2502 AS TIMESTAMP\u2502\u2502     r_sk    \u2502\u2502             \u2502               \u2502 AS TIMESTAMP\u2502                              \u2502 AS TIMESTAMP\u2502\n\u2502             \u2502\u2502             \u2502               \u2502ss_net_profit\u2502\u2502             \u2502                              \u2502  ) BETWEEN  \u2502\u2502cr_return_amo\u2502\u2502             \u2502               \u2502  ) BETWEEN  \u2502                              \u2502  ) BETWEEN  \u2502\n\u2502             \u2502\u2502             \u2502               \u2502             \u2502\u2502             \u2502                              \u2502 '1998-08-05 \u2502\u2502     unt     \u2502\u2502             \u2502               \u2502 '1998-08-05 \u2502                              \u2502 '1998-08-05 \u2502\n\u2502             \u2502\u2502             \u2502               \u2502             \u2502\u2502             \u2502                              \u2502  00:00:00': \u2502\u2502 cr_net_loss \u2502\u2502             \u2502               \u2502  00:00:00': \u2502                              \u2502  00:00:00': \u2502\n\u2502             \u2502\u2502             \u2502               \u2502             \u2502\u2502             \u2502                              \u2502  :TIMESTAMP \u2502\u2502             \u2502\u2502             \u2502               \u2502  :TIMESTAMP \u2502                              \u2502  :TIMESTAMP \u2502\n\u2502             \u2502\u2502             \u2502               \u2502             \u2502\u2502             \u2502                              \u2502   AND '1998 \u2502\u2502             \u2502\u2502             \u2502               \u2502   AND '1998 \u2502                              \u2502   AND '1998 \u2502\n\u2502             \u2502\u2502             \u2502               \u2502             \u2502\u2502             \u2502                              \u2502 -09-04 00:00\u2502\u2502             \u2502\u2502             \u2502               \u2502 -09-04 00:00\u2502                              \u2502 -09-04 00:00\u2502\n\u2502             \u2502\u2502             \u2502               \u2502             \u2502\u2502             \u2502                              \u2502:00'::TIMESTA\u2502\u2502             \u2502\u2502             \u2502               \u2502:00'::TIMESTA\u2502                              \u2502:00'::TIMESTA\u2502\n\u2502             \u2502\u2502             \u2502               \u2502             \u2502\u2502             \u2502                              \u2502     MP)     \u2502\u2502             \u2502\u2502             \u2502               \u2502     MP)     \u2502                              \u2502     MP)     \u2502\n\u2502             \u2502\u2502             \u2502               \u2502             \u2502\u2502             \u2502                              \u2502             \u2502\u2502             \u2502\u2502             \u2502               \u2502             \u2502                              \u2502             \u2502\n\u2502 29,485 rows \u2502\u2502   31 rows   \u2502               \u2502 599,960 rows\u2502\u2502   31 rows   \u2502                              \u2502   31 rows   \u2502\u2502 13,530 rows \u2502\u2502   31 rows   \u2502               \u2502   31 rows   \u2502                              \u2502   31 rows   \u2502\n\u2502   (1.37s)   \u2502\u2502   (0.00s)   \u2502               \u2502   (12.22s)  \u2502\u2502   (0.00s)   \u2502                              \u2502   (0.00s)   \u2502\u2502   (0.10s)   \u2502\u2502   (0.00s)   \u2502               \u2502   (0.00s)   \u2502                              \u2502   (0.00s)   \u2502\n\u2514\u2500\u2500\u2500\u2500\u2500\u2500\u2500\u2500\u2500\u2500\u2500\u2500\u2500\u2518\u2514\u2500\u2500\u2500\u2500\u2500\u2500\u252c\u2500\u2500\u2500\u2500\u2500\u2500\u2518               \u2514\u2500\u2500\u2500\u2500\u2500\u2500\u2500\u2500\u2500\u2500\u2500\u2500\u2500\u2518\u2514\u2500\u2500\u2500\u2500\u2500\u2500\u252c\u2500\u2500\u2500\u2500\u2500\u2500\u2518                              \u2514\u2500\u2500\u2500\u2500\u2500\u2500\u2500\u2500\u2500\u2500\u2500\u2500\u2500\u2518\u2514\u2500\u2500\u2500\u2500\u2500\u2500\u2500\u2500\u2500\u2500\u2500\u2500\u2500\u2518\u2514\u2500\u2500\u2500\u2500\u2500\u2500\u252c\u2500\u2500\u2500\u2500\u2500\u2500\u2518               \u2514\u2500\u2500\u2500\u2500\u2500\u2500\u2500\u2500\u2500\u2500\u2500\u2500\u2500\u2518                              \u2514\u2500\u2500\u2500\u2500\u2500\u2500\u2500\u2500\u2500\u2500\u2500\u2500\u2500\u2518\n               \u250c\u2500\u2500\u2500\u2500\u2500\u2500\u2534\u2500\u2500\u2500\u2500\u2500\u2500\u2510                              \u250c\u2500\u2500\u2500\u2500\u2500\u2500\u2534\u2500\u2500\u2500\u2500\u2500\u2500\u2510                                                            \u250c\u2500\u2500\u2500\u2500\u2500\u2500\u2534\u2500\u2500\u2500\u2500\u2500\u2500\u2510\n               \u2502  TABLE_SCAN \u2502                              \u2502  TABLE_SCAN \u2502                                                            \u2502  TABLE_SCAN \u2502\n               \u2502    \u2500\u2500\u2500\u2500\u2500\u2500   \u2502                              \u2502    \u2500\u2500\u2500\u2500\u2500\u2500   \u2502                                                            \u2502    \u2500\u2500\u2500\u2500\u2500\u2500   \u2502\n               \u2502    Table:   \u2502                              \u2502    Table:   \u2502                                                            \u2502    Table:   \u2502\n               \u2502   date_dim  \u2502                              \u2502   date_dim  \u2502                                                            \u2502   date_dim  \u2502\n               \u2502             \u2502                              \u2502             \u2502                                                            \u2502             \u2502\n               \u2502    Type:    \u2502                              \u2502    Type:    \u2502                                                            \u2502    Type:    \u2502\n               \u2502  Sequential \u2502                              \u2502  Sequential \u2502                                                            \u2502  Sequential \u2502\n               \u2502     Scan    \u2502                              \u2502     Scan    \u2502                                                            \u2502     Scan    \u2502\n               \u2502             \u2502                              \u2502             \u2502                                                            \u2502             \u2502\n               \u2502 Projections:\u2502                              \u2502 Projections:\u2502                                                            \u2502 Projections:\u2502\n               \u2502  d_date_sk  \u2502                              \u2502  d_date_sk  \u2502                                                            \u2502  d_date_sk  \u2502\n               \u2502             \u2502                              \u2502             \u2502                                                            \u2502             \u2502\n               \u2502   Filters:  \u2502                              \u2502   Filters:  \u2502                                                            \u2502   Filters:  \u2502\n               \u2502 (CAST(d_date\u2502                              \u2502 (CAST(d_date\u2502                                                            \u2502 (CAST(d_date\u2502\n               \u2502 AS TIMESTAMP\u2502                              \u2502 AS TIMESTAMP\u2502                                                            \u2502 AS TIMESTAMP\u2502\n               \u2502  ) BETWEEN  \u2502                              \u2502  ) BETWEEN  \u2502                                                            \u2502  ) BETWEEN  \u2502\n               \u2502 '1998-08-05 \u2502                              \u2502 '1998-08-05 \u2502                                                            \u2502 '1998-08-05 \u2502\n               \u2502  00:00:00': \u2502                              \u2502  00:00:00': \u2502                                                            \u2502  00:00:00': \u2502\n               \u2502  :TIMESTAMP \u2502                              \u2502  :TIMESTAMP \u2502                                                            \u2502  :TIMESTAMP \u2502\n               \u2502   AND '1998 \u2502                              \u2502   AND '1998 \u2502                                                            \u2502   AND '1998 \u2502\n               \u2502 -09-04 00:00\u2502                              \u2502 -09-04 00:00\u2502                                                            \u2502 -09-04 00:00\u2502\n               \u2502:00'::TIMESTA\u2502                              \u2502:00'::TIMESTA\u2502                                                            \u2502:00'::TIMESTA\u2502\n               \u2502     MP)     \u2502                              \u2502     MP)     \u2502                                                            \u2502     MP)     \u2502\n               \u2502             \u2502                              \u2502             \u2502                                                            \u2502             \u2502\n               \u2502   31 rows   \u2502                              \u2502   31 rows   \u2502                                                            \u2502   31 rows   \u2502\n               \u2502   (0.00s)   \u2502                              \u2502   (0.00s)   \u2502                                                            \u2502   (0.00s)   \u2502\n               \u2514\u2500\u2500\u2500\u2500\u2500\u2500\u2500\u2500\u2500\u2500\u2500\u2500\u2500\u2518                              \u2514\u2500\u2500\u2500\u2500\u2500\u2500\u2500\u2500\u2500\u2500\u2500\u2500\u2500\u2518                                                            \u2514\u2500\u2500\u2500\u2500\u2500\u2500\u2500\u2500\u2500\u2500\u2500\u2500\u2500\u2518\n",
  "plan_json": {
    "total_bytes_written": 0,
    "total_bytes_read": 0,
    "rows_returned": 0,
    "latency": 0.0,
    "result_set_size": 0,
    "query_name": "",
    "blocked_thread_time": 0.0,
    "system_peak_buffer_memory": 0,
    "system_peak_temp_dir_size": 0,
    "cpu_time": 0.0,
    "extra_info": {},
    "cumulative_cardinality": 0,
    "cumulative_rows_scanned": 0,
    "children": [
      {
        "total_bytes_written": 0,
        "total_bytes_read": 0,
        "result_set_size": 0,
        "operator_name": "EXPLAIN_ANALYZE",
        "cpu_time": 0.0,
        "extra_info": {},
        "cumulative_cardinality": 0,
        "operator_type": "EXPLAIN_ANALYZE",
        "operator_cardinality": 0,
        "cumulative_rows_scanned": 0,
        "operator_rows_scanned": 0,
        "operator_timing": 2.7e-07,
        "children": [
          {
            "total_bytes_written": 0,
            "total_bytes_read": 0,
            "result_set_size": 6800,
            "operator_name": "TOP_N",
            "cpu_time": 0.0,
            "extra_info": {
              "Top": "100",
              "Order By": [
                "x.channel ASC",
                "x.id ASC"
              ]
            },
            "cumulative_cardinality": 0,
            "operator_type": "TOP_N",
            "operator_cardinality": 100,
            "cumulative_rows_scanned": 0,
            "operator_rows_scanned": 0,
            "operator_timing": 0.00039076500000000006,
            "children": [
              {
                "total_bytes_written": 0,
                "total_bytes_read": 0,
                "result_set_size": 11492,
                "operator_name": "HASH_GROUP_BY",
                "cpu_time": 0.0,
                "extra_info": {
                  "Groups": [
                    "#0",
                    "#1"
                  ],
                  "Aggregates": [
                    "sum(#2)",
                    "sum(#3)",
                    "sum(#4)"
                  ],
                  "Estimated Cardinality": "1757"
                },
                "cumulative_cardinality": 0,
                "operator_type": "HASH_GROUP_BY",
                "operator_cardinality": 169,
                "cumulative_rows_scanned": 0,
                "operator_rows_scanned": 0,
                "operator_timing": 0.003719836,
                "children": [
                  {
                    "total_bytes_written": 0,
                    "total_bytes_read": 0,
                    "result_set_size": 21828,
                    "operator_name": "PROJECTION",
                    "cpu_time": 0.0,
                    "extra_info": {
                      "Projections": [
                        "channel",
                        "id",
                        "sales",
                        "returns",
                        "profit"
                      ],
                      "Estimated Cardinality": "5019"
                    },
                    "cumulative_cardinality": 0,
                    "operator_type": "PROJECTION",
                    "operator_cardinality": 321,
                    "cumulative_rows_scanned": 0,
                    "operator_rows_scanned": 0,
                    "operator_timing": 6.6e-07,
                    "children": [
                      {
                        "total_bytes_written": 0,
                        "total_bytes_read": 0,
                        "result_set_size": 0,
                        "operator_name": "UNION",
                        "cpu_time": 0.0,
                        "extra_info": {},
                        "cumulative_cardinality": 0,
                        "operator_type": "UNION",
                        "operator_cardinality": 0,
                        "cumulative_rows_scanned": 0,
                        "operator_rows_scanned": 0,
                        "operator_timing": 0.0,
                        "children": [
                          {
                            "total_bytes_written": 0,
                            "total_bytes_read": 0,
                            "result_set_size": 0,
                            "operator_name": "UNION",
                            "cpu_time": 0.0,
                            "extra_info": {},
                            "cumulative_cardinality": 0,
                            "operator_type": "UNION",
                            "operator_cardinality": 0,
                            "cumulative_rows_scanned": 0,
                            "operator_rows_scanned": 0,
                            "operator_timing": 0.0,
                            "children": [
                              {
                                "total_bytes_written": 0,
                                "total_bytes_read": 0,
                                "result_set_size": 3468,
                                "operator_name": "PROJECTION",
                                "cpu_time": 0.0,
                                "extra_info": {
                                  "Projections": [
                                    "channel",
                                    "id",
                                    "sales",
                                    "returns",
                                    "profit"
                                  ],
                                  "Estimated Cardinality": "2202"
                                },
                                "cumulative_cardinality": 0,
                                "operator_type": "PROJECTION",
                                "operator_cardinality": 51,
                                "cumulative_rows_scanned": 0,
                                "operator_rows_scanned": 0,
                                "operator_timing": 2.4548e-05,
                                "children": [
                                  {
                                    "total_bytes_written": 0,
                                    "total_bytes_read": 0,
                                    "result_set_size": 3468,
                                    "operator_name": "HASH_JOIN",
                                    "cpu_time": 0.0,
                                    "extra_info": {
                                      "Join Type": "RIGHT",
                                      "Conditions": "s_store_sk = s_store_sk",
                                      "Estimated Cardinality": "2202"
                                    },
                                    "cumulative_cardinality": 0,
                                    "operator_type": "HASH_JOIN",
                                    "operator_cardinality": 51,
                                    "cumulative_rows_scanned": 0,
                                    "operator_rows_scanned": 0,
                                    "operator_timing": 0.00012992300000000002,
                                    "children": [
                                      {
                                        "total_bytes_written": 0,
                                        "total_bytes_read": 0,
                                        "result_set_size": 1836,
                                        "operator_name": "PROJECTION",
                                        "cpu_time": 0.0,
                                        "extra_info": {
                                          "Projections": [
                                            "__internal_decompress_integral_integer(#0, 1)",
                                            "#1",
                                            "#2"
                                          ],
                                          "Estimated Cardinality": "2202"
                                        },
                                        "cumulative_cardinality": 0,
                                        "operator_type": "PROJECTION",
                                        "operator_cardinality": 51,
                                        "cumulative_rows_scanned": 0,
                                        "operator_rows_scanned": 0,
                                        "operator_timing": 8.78e-07,
                                        "children": [
                                          {
                                            "total_bytes_written": 0,
                                            "total_bytes_read": 0,
                                            "result_set_size": 1683,
                                            "operator_name": "PERFECT_HASH_GROUP_BY",
                                            "cpu_time": 0.0,
                                            "extra_info": {
                                              "Groups": "#0",
                                              "Aggregates": [
                                                "sum(#1)",
                                                "sum(#2)"
                                              ]
                                            },
                                            "cumulative_cardinality": 0,
                                            "operator_type": "PERFECT_HASH_GROUP_BY",
                                            "operator_cardinality": 51,
                                            "cumulative_rows_scanned": 0,
                                            "operator_rows_scanned": 0,
                                            "operator_timing": 0.00022006899999999998,
                                            "children": [
                                              {
                                                "total_bytes_written": 0,
                                                "total_bytes_read": 0,
                                                "result_set_size": 265365,
                                                "operator_name": "PROJECTION",
                                                "cpu_time": 0.0,
                                                "extra_info": {
                                                  "Projections": [
                                                    "s_store_sk",
                                                    "sr_return_amt",
                                                    "sr_net_loss"
                                                  ],
                                                  "Estimated Cardinality": "586984"
                                                },
                                                "cumulative_cardinality": 0,
                                                "operator_type": "PROJECTION",
                                                "operator_cardinality": 29485,
                                                "cumulative_rows_scanned": 0,
                                                "operator_rows_scanned": 0,
                                                "operator_timing": 6.414e-06,
                                                "children": [
                                                  {
                                                    "total_bytes_written": 0,
                                                    "total_bytes_read": 0,
                                                    "result_set_size": 294850,
                                                    "operator_name": "PROJECTION",
                                                    "cpu_time": 0.0,
                                                    "extra_info": {
                                                      "Projections": [
                                                        "__internal_compress_integral_utinyint(#0, 1)",
                                                        "#1",
                                                        "#2",
                                                        "__internal_compress_integral_utinyint(#3, 1)"
                                                      ],
                                                      "Estimated Cardinality": "586984"
                                                    },
                                                    "cumulative_cardinality": 0,
                                                    "operator_type": "PROJECTION",
                                                    "operator_cardinality": 29485,
                                                    "cumulative_rows_scanned": 0,
                                                    "operator_rows_scanned": 0,
                                                    "operator_timing": 0.00011083299999999999,
                                                    "children": [
                                                      {
                                                        "total_bytes_written": 0,
                                                        "total_bytes_read": 0,
                                                        "result_set_size": 471760,
                                                        "operator_name": "HASH_JOIN",
                                                        "cpu_time": 0.0,
                                                        "extra_info": {
                                                          "Join Type": "INNER",
                                                          "Conditions": "sr_store_sk = s_store_sk",
                                                          "Estimated Cardinality": "586984"
                                                        },
                                                        "cumulative_cardinality": 0,
                                                        "operator_type": "HASH_JOIN",
                                                        "operator_cardinality": 29485,
                                                        "cumulative_rows_scanned": 0,
                                                        "operator_rows_scanned": 0,
                                                        "operator_timing": 0.00026584700000000005,
                                                        "children": [
                                                          {
                                                            "total_bytes_written": 0,
                                                            "total_bytes_read": 0,
                                                            "result_set_size": 471760,
                                                            "operator_name": "HASH_JOIN",
                                                            "cpu_time": 0.0,
                                                            "extra_info": {
                                                              "Join Type": "INNER",
                                                              "Conditions": "sr_returned_date_sk = d_date_sk",
                                                              "Estimated Cardinality": "575474"
                                                            },
                                                            "cumulative_cardinality": 0,
                                                            "operator_type": "HASH_JOIN",
                                                            "operator_cardinality": 29485,
                                                            "cumulative_rows_scanned": 0,
                                                            "operator_rows_scanned": 0,
                                                            "operator_timing": 0.004531025,
                                                            "children": [
                                                              {
                                                                "total_bytes_written": 0,
                                                                "total_bytes_read": 0,
                                                                "result_set_size": 471760,
                                                                "operator_name": "SEQ_SCAN ",
                                                                "cpu_time": 0.0,
                                                                "extra_info": {
                                                                  "Table": "store_returns",
                                                                  "Type": "Sequential Scan",
                                                                  "Projections": [
                                                                    "sr_returned_date_sk",
                                                                    "sr_store_sk",
                                                                    "sr_return_amt",
                                                                    "sr_net_loss"
                                                                  ],
                                                                  "Estimated Cardinality": "2877532"
                                                                },
                                                                "cumulative_cardinality": 0,
                                                                "operator_type": "TABLE_SCAN",
                                                                "operator_cardinality": 29485,
                                                                "cumulative_rows_scanned": 0,
                                                                "operator_rows_scanned": 69060768,
                                                                "operator_timing": 0.023101692000000004,
                                                                "children": []
                                                              },
                                                              {
                                                                "total_bytes_written": 0,
                                                                "total_bytes_read": 0,
                                                                "result_set_size": 124,
                                                                "operator_name": "FILTER",
                                                                "cpu_time": 0.0,
                                                                "extra_info": {
                                                                  "Expression": "(d_date_sk BETWEEN 2450820 AND 2452822)",
                                                                  "Estimated Cardinality": "14609"
                                                                },
                                                                "cumulative_cardinality": 0,
                                                                "operator_type": "FILTER",
                                                                "operator_cardinality": 31,
                                                                "cumulative_rows_scanned": 0,
                                                                "operator_rows_scanned": 0,
                                                                "operator_timing": 2.1579e-05,
                                                                "children": [
                                                                  {
                                                                    "total_bytes_written": 0,
                                                                    "total_bytes_read": 0,
                                                                    "result_set_size": 124,
                                                                    "operator_name": "SEQ_SCAN ",
                                                                    "cpu_time": 0.0,
                                                                    "extra_info": {
                                                                      "Table": "date_dim",
                                                                      "Type": "Sequential Scan",
                                                                      "Projections": "d_date_sk",
                                                                      "Filters": "(CAST(d_date AS TIMESTAMP) BETWEEN '1998-08-05 00:00:00'::TIMESTAMP AND '1998-09-04 00:00:00'::TIMESTAMP)",
                                                                      "Estimated Cardinality": "14609"
                                                                    },
                                                                    "cumulative_cardinality": 0,
                                                                    "operator_type": "TABLE_SCAN",
                                                                    "operator_cardinality": 31,
                                                                    "cumulative_rows_scanned": 0,
                                                                    "operator_rows_scanned": 73049,
                                                                    "operator_timing": 0.0008013779999999999,
                                                                    "children": []
                                                                  }
                                                                ]
                                                              }
                                                            ]
                                                          },
                                                          {
                                                            "total_bytes_written": 0,
                                                            "total_bytes_read": 0,
                                                            "result_set_size": 400,
                                                            "operator_name": "SEQ_SCAN ",
                                                            "cpu_time": 0.0,
                                                            "extra_info": {
                                                              "Table": "store",
                                                              "Type": "Sequential Scan",
                                                              "Projections": "s_store_sk",
                                                              "Filters": "s_store_sk<=100",
                                                              "Estimated Cardinality": "102"
                                                            },
                                                            "cumulative_cardinality": 0,
                                                            "operator_type": "TABLE_SCAN",
                                                            "operator_cardinality": 100,
                                                            "cumulative_rows_scanned": 0,
                                                            "operator_rows_scanned": 102,
                                                            "operator_timing": 1.7637e-05,
                                                            "children": []
                                                          }
                                                        ]
                                                      }
                                                    ]
                                                  }
                                                ]
                                              }
                                            ]
                                          }
                                        ]
                                      },
                                      {
                                        "total_bytes_written": 0,
                                        "total_bytes_read": 0,
                                        "result_set_size": 1836,
                                        "operator_name": "PROJECTION",
                                        "cpu_time": 0.0,
                                        "extra_info": {
                                          "Projections": [
                                            "__internal_decompress_integral_integer(#0, 1)",
                                            "#1",
                                            "#2"
                                          ],
                                          "Estimated Cardinality": "1990"
                                        },
                                        "cumulative_cardinality": 0,
                                        "operator_type": "PROJECTION",
                                        "operator_cardinality": 51,
                                        "cumulative_rows_scanned": 0,
                                        "operator_rows_scanned": 0,
                                        "operator_timing": 3.699e-06,
                                        "children": [
                                          {
                                            "total_bytes_written": 0,
                                            "total_bytes_read": 0,
                                            "result_set_size": 1683,
                                            "operator_name": "PERFECT_HASH_GROUP_BY",
                                            "cpu_time": 0.0,
                                            "extra_info": {
                                              "Groups": "#0",
                                              "Aggregates": [
                                                "sum(#1)",
                                                "sum(#2)"
                                              ]
                                            },
                                            "cumulative_cardinality": 0,
                                            "operator_type": "PERFECT_HASH_GROUP_BY",
                                            "operator_cardinality": 51,
                                            "cumulative_rows_scanned": 0,
                                            "operator_rows_scanned": 0,
                                            "operator_timing": 0.006227108000000001,
                                            "children": [
                                              {
                                                "total_bytes_written": 0,
                                                "total_bytes_read": 0,
                                                "result_set_size": 5399640,
                                                "operator_name": "PROJECTION",
                                                "cpu_time": 0.0,
                                                "extra_info": {
                                                  "Projections": [
                                                    "s_store_sk",
                                                    "ss_ext_sales_price",
                                                    "ss_net_profit"
                                                  ],
                                                  "Estimated Cardinality": "5875080"
                                                },
                                                "cumulative_cardinality": 0,
                                                "operator_type": "PROJECTION",
                                                "operator_cardinality": 599960,
                                                "cumulative_rows_scanned": 0,
                                                "operator_rows_scanned": 0,
                                                "operator_timing": 0.0007072,
                                                "children": [
                                                  {
                                                    "total_bytes_written": 0,
                                                    "total_bytes_read": 0,
                                                    "result_set_size": 5999600,
                                                    "operator_name": "PROJECTION",
                                                    "cpu_time": 0.0,
                                                    "extra_info": {
                                                      "Projections": [
                                                        "__internal_compress_integral_utinyint(#0, 1)",
                                                        "#1",
                                                        "#2",
                                                        "__internal_compress_integral_utinyint(#3, 1)"
                                                      ],
                                                      "Estimated Cardinality": "5875080"
                                                    },
                                                    "cumulative_cardinality": 0,
                                                    "operator_type": "PROJECTION",
                                                    "operator_cardinality": 599960,
                                                    "cumulative_rows_scanned": 0,
                                                    "operator_rows_scanned": 0,
                                                    "operator_timing": 0.005292297,
                                                    "children": [
                                                      {
                                                        "total_bytes_written": 0,
                                                        "total_bytes_read": 0,
                                                        "result_set_size": 9599360,
                                                        "operator_name": "HASH_JOIN",
                                                        "cpu_time": 0.0,
                                                        "extra_info": {
                                                          "Join Type": "INNER",
                                                          "Conditions": "ss_store_sk = s_store_sk",
                                                          "Estimated Cardinality": "5875080"
                                                        },
                                                        "cumulative_cardinality": 0,
                                                        "operator_type": "HASH_JOIN",
                                                        "operator_cardinality": 599960,
                                                        "cumulative_rows_scanned": 0,
                                                        "operator_rows_scanned": 0,
                                                        "operator_timing": 0.003788859,
                                                        "children": [
                                                          {
                                                            "total_bytes_written": 0,
                                                            "total_bytes_read": 0,
                                                            "result_set_size": 9599360,
                                                            "operator_name": "HASH_JOIN",
                                                            "cpu_time": 0.0,
                                                            "extra_info": {
                                                              "Join Type": "INNER",
                                                              "Conditions": "ss_sold_date_sk = d_date_sk",
                                                              "Estimated Cardinality": "5759882"
                                                            },
                                                            "cumulative_cardinality": 0,
                                                            "operator_type": "HASH_JOIN",
                                                            "operator_cardinality": 599960,
                                                            "cumulative_rows_scanned": 0,
                                                            "operator_rows_scanned": 0,
                                                            "operator_timing": 0.043246590999999994,
                                                            "children": [
                                                              {
                                                                "total_bytes_written": 0,
                                                                "total_bytes_read": 0,
                                                                "result_set_size": 9599360,
                                                                "operator_name": "SEQ_SCAN ",
                                                                "cpu_time": 0.0,
                                                                "extra_info": {
                                                                  "Table": "store_sales",
                                                                  "Type": "Sequential Scan",
                                                                  "Projections": [
                                                                    "ss_sold_date_sk",
                                                                    "ss_store_sk",
                                                                    "ss_ext_sales_price",
                                                                    "ss_net_profit"
                                                                  ],
                                                                  "Estimated Cardinality": "28800991"
                                                                },
                                                                "cumulative_cardinality": 0,
                                                                "operator_type": "TABLE_SCAN",
                                                                "operator_cardinality": 599960,
                                                                "cumulative_rows_scanned": 0,
                                                                "operator_rows_scanned": 806427748,
                                                                "operator_timing": 0.22705440100000007,
                                                                "children": []
                                                              },
                                                              {
                                                                "total_bytes_written": 0,
                                                                "total_bytes_read": 0,
                                                                "result_set_size": 124,
                                                                "operator_name": "FILTER",
                                                                "cpu_time": 0.0,
                                                                "extra_info": {
                                                                  "Expression": "(d_date_sk BETWEEN 2450816 AND 2452642)",
                                                                  "Estimated Cardinality": "14609"
                                                                },
                                                                "cumulative_cardinality": 0,
                                                                "operator_type": "FILTER",
                                                                "operator_cardinality": 31,
                                                                "cumulative_rows_scanned": 0,
                                                                "operator_rows_scanned": 0,
                                                                "operator_timing": 8.47e-06,
                                                                "children": [
                                                                  {
                                                                    "total_bytes_written": 0,
                                                                    "total_bytes_read": 0,
                                                                    "result_set_size": 124,
                                                                    "operator_name": "SEQ_SCAN ",
                                                                    "cpu_time": 0.0,
                                                                    "extra_info": {
                                                                      "Table": "date_dim",
                                                                      "Type": "Sequential Scan",
                                                                      "Projections": "d_date_sk",
                                                                      "Filters": "(CAST(d_date AS TIMESTAMP) BETWEEN '1998-08-05 00:00:00'::TIMESTAMP AND '1998-09-04 00:00:00'::TIMESTAMP)",
                                                                      "Estimated Cardinality": "14609"
                                                                    },
                                                                    "cumulative_cardinality": 0,
                                                                    "operator_type": "TABLE_SCAN",
                                                                    "operator_cardinality": 31,
                                                                    "cumulative_rows_scanned": 0,
                                                                    "operator_rows_scanned": 73049,
                                                                    "operator_timing": 0.000336685,
                                                                    "children": []
                                                                  }
                                                                ]
                                                              }
                                                            ]
                                                          },
                                                          {
                                                            "total_bytes_written": 0,
                                                            "total_bytes_read": 0,
                                                            "result_set_size": 400,
                                                            "operator_name": "SEQ_SCAN ",
                                                            "cpu_time": 0.0,
                                                            "extra_info": {
                                                              "Table": "store",
                                                              "Type": "Sequential Scan",
                                                              "Projections": "s_store_sk",
                                                              "Filters": "s_store_sk<=100",
                                                              "Estimated Cardinality": "102"
                                                            },
                                                            "cumulative_cardinality": 0,
                                                            "operator_type": "TABLE_SCAN",
                                                            "operator_cardinality": 100,
                                                            "cumulative_rows_scanned": 0,
                                                            "operator_rows_scanned": 102,
                                                            "operator_timing": 1.8672e-05,
                                                            "children": []
                                                          }
                                                        ]
                                                      }
                                                    ]
                                                  }
                                                ]
                                              }
                                            ]
                                          }
                                        ]
                                      }
                                    ]
                                  }
                                ]
                              },
                              {
                                "total_bytes_written": 0,
                                "total_bytes_read": 0,
                                "result_set_size": 11492,
                                "operator_name": "PROJECTION",
                                "cpu_time": 0.0,
                                "extra_info": {
                                  "Projections": [
                                    "channel",
                                    "id",
                                    "sales",
                                    "returns",
                                    "profit"
                                  ],
                                  "Estimated Cardinality": "576"
                                },
                                "cumulative_cardinality": 0,
                                "operator_type": "PROJECTION",
                                "operator_cardinality": 169,
                                "cumulative_rows_scanned": 0,
                                "operator_rows_scanned": 0,
                                "operator_timing": 1.3868e-05,
                                "children": [
                                  {
                                    "total_bytes_written": 0,
                                    "total_bytes_read": 0,
                                    "result_set_size": 11492,
                                    "operator_name": "CROSS_PRODUCT",
                                    "cpu_time": 0.0,
                                    "extra_info": {},
                                    "cumulative_cardinality": 0,
                                    "operator_type": "CROSS_PRODUCT",
                                    "operator_cardinality": 169,
                                    "cumulative_rows_scanned": 0,
                                    "operator_rows_scanned": 0,
                                    "operator_timing": 2.482699999999999e-05,
                                    "children": [
                                      {
                                        "total_bytes_written": 0,
                                        "total_bytes_read": 0,
                                        "result_set_size": 468,
                                        "operator_name": "PROJECTION",
                                        "cpu_time": 0.0,
                                        "extra_info": {
                                          "Projections": [
                                            "__internal_decompress_integral_integer(#0, 1)",
                                            "#1",
                                            "#2"
                                          ],
                                          "Estimated Cardinality": "24"
                                        },
                                        "cumulative_cardinality": 0,
                                        "operator_type": "PROJECTION",
                                        "operator_cardinality": 13,
                                        "cumulative_rows_scanned": 0,
                                        "operator_rows_scanned": 0,
                                        "operator_timing": 1.358e-06,
                                        "children": [
                                          {
                                            "total_bytes_written": 0,
                                            "total_bytes_read": 0,
                                            "result_set_size": 429,
                                            "operator_name": "PERFECT_HASH_GROUP_BY",
                                            "cpu_time": 0.0,
                                            "extra_info": {
                                              "Groups": "#0",
                                              "Aggregates": [
                                                "sum(#1)",
                                                "sum(#2)"
                                              ]
                                            },
                                            "cumulative_cardinality": 0,
                                            "operator_type": "PERFECT_HASH_GROUP_BY",
                                            "operator_cardinality": 13,
                                            "cumulative_rows_scanned": 0,
                                            "operator_rows_scanned": 0,
                                            "operator_timing": 0.0009915190000000002,
                                            "children": [
                                              {
                                                "total_bytes_written": 0,
                                                "total_bytes_read": 0,
                                                "result_set_size": 2886912,
                                                "operator_name": "PROJECTION",
                                                "cpu_time": 0.0,
                                                "extra_info": {
                                                  "Projections": [
                                                    "cs_call_center_sk",
                                                    "cs_ext_sales_price",
                                                    "cs_net_profit"
                                                  ],
                                                  "Estimated Cardinality": "2880094"
                                                },
                                                "cumulative_cardinality": 0,
                                                "operator_type": "PROJECTION",
                                                "operator_cardinality": 320768,
                                                "cumulative_rows_scanned": 0,
                                                "operator_rows_scanned": 0,
                                                "operator_timing": 1.7712999999999995e-05,
                                                "children": [
                                                  {
                                                    "total_bytes_written": 0,
                                                    "total_bytes_read": 0,
                                                    "result_set_size": 3528448,
                                                    "operator_name": "PROJECTION",
                                                    "cpu_time": 0.0,
                                                    "extra_info": {
                                                      "Projections": [
                                                        "__internal_compress_integral_utinyint(#0, 1)",
                                                        "#1",
                                                        "#2",
                                                        "__internal_compress_integral_usmallint(#3, 2450815)"
                                                      ],
                                                      "Estimated Cardinality": "2880094"
                                                    },
                                                    "cumulative_cardinality": 0,
                                                    "operator_type": "PROJECTION",
                                                    "operator_cardinality": 320768,
                                                    "cumulative_rows_scanned": 0,
                                                    "operator_rows_scanned": 0,
                                                    "operator_timing": 0.000344201,
                                                    "children": [
                                                      {
                                                        "total_bytes_written": 0,
                                                        "total_bytes_read": 0,
                                                        "result_set_size": 5132288,
                                                        "operator_name": "HASH_JOIN",
                                                        "cpu_time": 0.0,
                                                        "extra_info": {
                                                          "Join Type": "INNER",
                                                          "Conditions": "cs_sold_date_sk = d_date_sk",
                                                          "Estimated Cardinality": "2880094"
                                                        },
                                                        "cumulative_cardinality": 0,
                                                        "operator_type": "HASH_JOIN",
                                                        "operator_cardinality": 320768,
                                                        "cumulative_rows_scanned": 0,
                                                        "operator_rows_scanned": 0,
                                                        "operator_timing": 0.0005742829999999999,
                                                        "children": [
                                                          {
                                                            "total_bytes_written": 0,
                                                            "total_bytes_read": 0,
                                                            "result_set_size": 5132288,
                                                            "operator_name": "SEQ_SCAN ",
                                                            "cpu_time": 0.0,
                                                            "extra_info": {
                                                              "Table": "catalog_sales",
                                                              "Type": "Sequential Scan",
                                                              "Projections": [
                                                                "cs_sold_date_sk",
                                                                "cs_call_center_sk",
                                                                "cs_ext_sales_price",
                                                                "cs_net_profit"
                                                              ],
                                                              "Estimated Cardinality": "14401261"
                                                            },
                                                            "cumulative_cardinality": 0,
                                                            "operator_type": "TABLE_SCAN",
                                                            "operator_cardinality": 320768,
                                                            "cumulative_rows_scanned": 0,
                                                            "operator_rows_scanned": 403235308,
                                                            "operator_timing": 0.0014636899999999997,
                                                            "children": []
                                                          },
                                                          {
                                                            "total_bytes_written": 0,
                                                            "total_bytes_read": 0,
                                                            "result_set_size": 124,
                                                            "operator_name": "FILTER",
                                                            "cpu_time": 0.0,
                                                            "extra_info": {
                                                              "Expression": "(d_date_sk BETWEEN 2450815 AND 2452653)",
                                                              "Estimated Cardinality": "14609"
                                                            },
                                                            "cumulative_cardinality": 0,
                                                            "operator_type": "FILTER",
                                                            "operator_cardinality": 31,
                                                            "cumulative_rows_scanned": 0,
                                                            "operator_rows_scanned": 0,
                                                            "operator_timing": 1.0063e-05,
                                                            "children": [
                                                              {
                                                                "total_bytes_written": 0,
                                                                "total_bytes_read": 0,
                                                                "result_set_size": 124,
                                                                "operator_name": "SEQ_SCAN ",
                                                                "cpu_time": 0.0,
                                                                "extra_info": {
                                                                  "Table": "date_dim",
                                                                  "Type": "Sequential Scan",
                                                                  "Projections": "d_date_sk",
                                                                  "Filters": "(CAST(d_date AS TIMESTAMP) BETWEEN '1998-08-05 00:00:00'::TIMESTAMP AND '1998-09-04 00:00:00'::TIMESTAMP)",
                                                                  "Estimated Cardinality": "14609"
                                                                },
                                                                "cumulative_cardinality": 0,
                                                                "operator_type": "TABLE_SCAN",
                                                                "operator_cardinality": 31,
                                                                "cumulative_rows_scanned": 0,
                                                                "operator_rows_scanned": 73049,
                                                                "operator_timing": 0.000412148,
                                                                "children": []
                                                              }
                                                            ]
                                                          }
                                                        ]
                                                      }
                                                    ]
                                                  }
                                                ]
                                              }
                                            ]
                                          }
                                        ]
                                      },
                                      {
                                        "total_bytes_written": 0,
                                        "total_bytes_read": 0,
                                        "result_set_size": 416,
                                        "operator_name": "PROJECTION",
                                        "cpu_time": 0.0,
                                        "extra_info": {
                                          "Projections": [
                                            "returns",
                                            "profit_loss"
                                          ],
                                          "Estimated Cardinality": "24"
                                        },
                                        "cumulative_cardinality": 0,
                                        "operator_type": "PROJECTION",
                                        "operator_cardinality": 13,
                                        "cumulative_rows_scanned": 0,
                                        "operator_rows_scanned": 0,
                                        "operator_timing": 2.03e-07,
                                        "children": [
                                          {
                                            "total_bytes_written": 0,
                                            "total_bytes_read": 0,
                                            "result_set_size": 468,
                                            "operator_name": "PROJECTION",
                                            "cpu_time": 0.0,
                                            "extra_info": {
                                              "Projections": [
                                                "__internal_decompress_integral_integer(#0, 1)",
                                                "#1",
                                                "#2"
                                              ],
                                              "Estimated Cardinality": "24"
                                            },
                                            "cumulative_cardinality": 0,
                                            "operator_type": "PROJECTION",
                                            "operator_cardinality": 13,
                                            "cumulative_rows_scanned": 0,
                                            "operator_rows_scanned": 0,
                                            "operator_timing": 2.041e-06,
                                            "children": [
                                              {
                                                "total_bytes_written": 0,
                                                "total_bytes_read": 0,
                                                "result_set_size": 429,
                                                "operator_name": "PERFECT_HASH_GROUP_BY",
                                                "cpu_time": 0.0,
                                                "extra_info": {
                                                  "Groups": "#0",
                                                  "Aggregates": [
                                                    "sum(#1)",
                                                    "sum(#2)"
                                                  ]
                                                },
                                                "cumulative_cardinality": 0,
                                                "operator_type": "PERFECT_HASH_GROUP_BY",
                                                "operator_cardinality": 13,
                                                "cumulative_rows_scanned": 0,
                                                "operator_rows_scanned": 0,
                                                "operator_timing": 8.0103e-05,
                                                "children": [
                                                  {
                                                    "total_bytes_written": 0,
                                                    "total_bytes_read": 0,
                                                    "result_set_size": 121770,
                                                    "operator_name": "PROJECTION",
                                                    "cpu_time": 0.0,
                                                    "extra_info": {
                                                      "Projections": [
                                                        "cr_call_center_sk",
                                                        "cr_return_amount",
                                                        "cr_net_loss"
                                                      ],
                                                      "Estimated Cardinality": "288229"
                                                    },
                                                    "cumulative_cardinality": 0,
                                                    "operator_type": "PROJECTION",
                                                    "operator_cardinality": 13530,
                                                    "cumulative_rows_scanned": 0,
                                                    "operator_rows_scanned": 0,
                                                    "operator_timing": 5.283e-06,
                                                    "children": [
                                                      {
                                                        "total_bytes_written": 0,
                                                        "total_bytes_read": 0,
                                                        "result_set_size": 148830,
                                                        "operator_name": "PROJECTION",
                                                        "cpu_time": 0.0,
                                                        "extra_info": {
                                                          "Projections": [
                                                            "__internal_compress_integral_utinyint(#0, 1)",
                                                            "#1",
                                                            "#2",
                                                            "__internal_compress_integral_usmallint(#3, 2450827)"
                                                          ],
                                                          "Estimated Cardinality": "288229"
                                                        },
                                                        "cumulative_cardinality": 0,
                                                        "operator_type": "PROJECTION",
                                                        "operator_cardinality": 13530,
                                                        "cumulative_rows_scanned": 0,
                                                        "operator_rows_scanned": 0,
                                                        "operator_timing": 4.753e-05,
                                                        "children": [
                                                          {
                                                            "total_bytes_written": 0,
                                                            "total_bytes_read": 0,
                                                            "result_set_size": 216480,
                                                            "operator_name": "HASH_JOIN",
                                                            "cpu_time": 0.0,
                                                            "extra_info": {
                                                              "Join Type": "INNER",
                                                              "Conditions": "cr_returned_date_sk = d_date_sk",
                                                              "Estimated Cardinality": "288229"
                                                            },
                                                            "cumulative_cardinality": 0,
                                                            "operator_type": "HASH_JOIN",
                                                            "operator_cardinality": 13530,
                                                            "cumulative_rows_scanned": 0,
                                                            "operator_rows_scanned": 0,
                                                            "operator_timing": 0.000163971,
                                                            "children": [
                                                              {
                                                                "total_bytes_written": 0,
                                                                "total_bytes_read": 0,
                                                                "result_set_size": 216480,
                                                                "operator_name": "SEQ_SCAN ",
                                                                "cpu_time": 0.0,
                                                                "extra_info": {
                                                                  "Table": "catalog_returns",
                                                                  "Type": "Sequential Scan",
                                                                  "Projections": [
                                                                    "cr_returned_date_sk",
                                                                    "cr_call_center_sk",
                                                                    "cr_return_amount",
                                                                    "cr_net_loss"
                                                                  ],
                                                                  "Estimated Cardinality": "1441224"
                                                                },
                                                                "cumulative_cardinality": 0,
                                                                "operator_type": "TABLE_SCAN",
                                                                "operator_cardinality": 13530,
                                                                "cumulative_rows_scanned": 0,
                                                                "operator_rows_scanned": 17294688,
                                                                "operator_timing": 0.0006453909999999999,
                                                                "children": []
                                                              },
                                                              {
                                                                "total_bytes_written": 0,
                                                                "total_bytes_read": 0,
                                                                "result_set_size": 124,
                                                                "operator_name": "FILTER",
                                                                "cpu_time": 0.0,
                                                                "extra_info": {
                                                                  "Expression": "(d_date_sk BETWEEN 2450827 AND 2452918)",
                                                                  "Estimated Cardinality": "14609"
                                                                },
                                                                "cumulative_cardinality": 0,
                                                                "operator_type": "FILTER",
                                                                "operator_cardinality": 31,
                                                                "cumulative_rows_scanned": 0,
                                                                "operator_rows_scanned": 0,
                                                                "operator_timing": 9.401999999999999e-06,
                                                                "children": [
                                                                  {
                                                                    "total_bytes_written": 0,
                                                                    "total_bytes_read": 0,
                                                                    "result_set_size": 124,
                                                                    "operator_name": "SEQ_SCAN ",
                                                                    "cpu_time": 0.0,
                                                                    "extra_info": {
                                                                      "Table": "date_dim",
                                                                      "Type": "Sequential Scan",
                                                                      "Projections": "d_date_sk",
                                                                      "Filters": "(CAST(d_date AS TIMESTAMP) BETWEEN '1998-08-05 00:00:00'::TIMESTAMP AND '1998-09-04 00:00:00'::TIMESTAMP)",
                                                                      "Estimated Cardinality": "14609"
                                                                    },
                                                                    "cumulative_cardinality": 0,
                                                                    "operator_type": "TABLE_SCAN",
                                                                    "operator_cardinality": 31,
                                                                    "cumulative_rows_scanned": 0,
                                                                    "operator_rows_scanned": 73049,
                                                                    "operator_timing": 0.000406921,
                                                                    "children": []
                                                                  }
                                                                ]
                                                              }
                                                            ]
                                                          }
                                                        ]
                                                      }
                                                    ]
                                                  }
                                                ]
                                              }
                                            ]
                                          }
                                        ]
                                      }
                                    ]
                                  }
                                ]
                              }
                            ]
                          },
                          {
                            "total_bytes_written": 0,
                            "total_bytes_read": 0,
                            "result_set_size": 6868,
                            "operator_name": "PROJECTION",
                            "cpu_time": 0.0,
                            "extra_info": {
                              "Projections": [
                                "channel",
                                "id",
                                "sales",
                                "returns",
                                "profit"
                              ],
                              "Estimated Cardinality": "2241"
                            },
                            "cumulative_cardinality": 0,
                            "operator_type": "PROJECTION",
                            "operator_cardinality": 101,
                            "cumulative_rows_scanned": 0,
                            "operator_rows_scanned": 0,
                            "operator_timing": 1.1065e-05,
                            "children": [
                              {
                                "total_bytes_written": 0,
                                "total_bytes_read": 0,
                                "result_set_size": 6868,
                                "operator_name": "HASH_JOIN",
                                "cpu_time": 0.0,
                                "extra_info": {
                                  "Join Type": "RIGHT",
                                  "Conditions": "wp_web_page_sk = wp_web_page_sk",
                                  "Estimated Cardinality": "2241"
                                },
                                "cumulative_cardinality": 0,
                                "operator_type": "HASH_JOIN",
                                "operator_cardinality": 101,
                                "cumulative_rows_scanned": 0,
                                "operator_rows_scanned": 0,
                                "operator_timing": 0.00017647499999999997,
                                "children": [
                                  {
                                    "total_bytes_written": 0,
                                    "total_bytes_read": 0,
                                    "result_set_size": 3636,
                                    "operator_name": "PROJECTION",
                                    "cpu_time": 0.0,
                                    "extra_info": {
                                      "Projections": [
                                        "__internal_decompress_integral_integer(#0, 1)",
                                        "#1",
                                        "#2"
                                      ],
                                      "Estimated Cardinality": "2241"
                                    },
                                    "cumulative_cardinality": 0,
                                    "operator_type": "PROJECTION",
                                    "operator_cardinality": 101,
                                    "cumulative_rows_scanned": 0,
                                    "operator_rows_scanned": 0,
                                    "operator_timing": 1.068e-06,
                                    "children": [
                                      {
                                        "total_bytes_written": 0,
                                        "total_bytes_read": 0,
                                        "result_set_size": 3333,
                                        "operator_name": "PERFECT_HASH_GROUP_BY",
                                        "cpu_time": 0.0,
                                        "extra_info": {
                                          "Groups": "#0",
                                          "Aggregates": [
                                            "sum(#1)",
                                            "sum(#2)"
                                          ]
                                        },
                                        "cumulative_cardinality": 0,
                                        "operator_type": "PERFECT_HASH_GROUP_BY",
                                        "operator_cardinality": 101,
                                        "cumulative_rows_scanned": 0,
                                        "operator_rows_scanned": 0,
                                        "operator_timing": 5.3084e-05,
                                        "children": [
                                          {
                                            "total_bytes_written": 0,
                                            "total_bytes_read": 0,
                                            "result_set_size": 42120,
                                            "operator_name": "PROJECTION",
                                            "cpu_time": 0.0,
                                            "extra_info": {
                                              "Projections": [
                                                "wp_web_page_sk",
                                                "wr_return_amt",
                                                "wr_net_loss"
                                              ],
                                              "Estimated Cardinality": "129001"
                                            },
                                            "cumulative_cardinality": 0,
                                            "operator_type": "PROJECTION",
                                            "operator_cardinality": 4680,
                                            "cumulative_rows_scanned": 0,
                                            "operator_rows_scanned": 0,
                                            "operator_timing": 1.6539999999999997e-06,
                                            "children": [
                                              {
                                                "total_bytes_written": 0,
                                                "total_bytes_read": 0,
                                                "result_set_size": 46800,
                                                "operator_name": "PROJECTION",
                                                "cpu_time": 0.0,
                                                "extra_info": {
                                                  "Projections": [
                                                    "__internal_compress_integral_utinyint(#0, 1)",
                                                    "#1",
                                                    "#2",
                                                    "__internal_compress_integral_utinyint(#3, 1)"
                                                  ],
                                                  "Estimated Cardinality": "129001"
                                                },
                                                "cumulative_cardinality": 0,
                                                "operator_type": "PROJECTION",
                                                "operator_cardinality": 4680,
                                                "cumulative_rows_scanned": 0,
                                                "operator_rows_scanned": 0,
                                                "operator_timing": 1.5598e-05,
                                                "children": [
                                                  {
                                                    "total_bytes_written": 0,
                                                    "total_bytes_read": 0,
                                                    "result_set_size": 74880,
                                                    "operator_name": "HASH_JOIN",
                                                    "cpu_time": 0.0,
                                                    "extra_info": {
                                                      "Join Type": "INNER",
                                                      "Conditions": "wr_web_page_sk = wp_web_page_sk",
                                                      "Estimated Cardinality": "129001"
                                                    },
                                                    "cumulative_cardinality": 0,
                                                    "operator_type": "HASH_JOIN",
                                                    "operator_cardinality": 4680,
                                                    "cumulative_rows_scanned": 0,
                                                    "operator_rows_scanned": 0,
                                                    "operator_timing": 0.00010619700000000001,
                                                    "children": [
                                                      {
                                                        "total_bytes_written": 0,
                                                        "total_bytes_read": 0,
                                                        "result_set_size": 74880,
                                                        "operator_name": "HASH_JOIN",
                                                        "cpu_time": 0.0,
                                                        "extra_info": {
                                                          "Join Type": "INNER",
                                                          "Conditions": "wr_returned_date_sk = d_date_sk",
                                                          "Estimated Cardinality": "143836"
                                                        },
                                                        "cumulative_cardinality": 0,
                                                        "operator_type": "HASH_JOIN",
                                                        "operator_cardinality": 4680,
                                                        "cumulative_rows_scanned": 0,
                                                        "operator_rows_scanned": 0,
                                                        "operator_timing": 0.0009305620000000002,
                                                        "children": [
                                                          {
                                                            "total_bytes_written": 0,
                                                            "total_bytes_read": 0,
                                                            "result_set_size": 74880,
                                                            "operator_name": "SEQ_SCAN ",
                                                            "cpu_time": 0.0,
                                                            "extra_info": {
                                                              "Table": "web_returns",
                                                              "Type": "Sequential Scan",
                                                              "Projections": [
                                                                "wr_returned_date_sk",
                                                                "wr_web_page_sk",
                                                                "wr_return_amt",
                                                                "wr_net_loss"
                                                              ],
                                                              "Estimated Cardinality": "719222"
                                                            },
                                                            "cumulative_cardinality": 0,
                                                            "operator_type": "TABLE_SCAN",
                                                            "operator_cardinality": 4680,
                                                            "cumulative_rows_scanned": 0,
                                                            "operator_rows_scanned": 4315332,
                                                            "operator_timing": 0.004886807,
                                                            "children": []
                                                          },
                                                          {
                                                            "total_bytes_written": 0,
                                                            "total_bytes_read": 0,
                                                            "result_set_size": 124,
                                                            "operator_name": "FILTER",
                                                            "cpu_time": 0.0,
                                                            "extra_info": {
                                                              "Expression": "(d_date_sk BETWEEN 2450821 AND 2452997)",
                                                              "Estimated Cardinality": "14609"
                                                            },
                                                            "cumulative_cardinality": 0,
                                                            "operator_type": "FILTER",
                                                            "operator_cardinality": 31,
                                                            "cumulative_rows_scanned": 0,
                                                            "operator_rows_scanned": 0,
                                                            "operator_timing": 9.065e-06,
                                                            "children": [
                                                              {
                                                                "total_bytes_written": 0,
                                                                "total_bytes_read": 0,
                                                                "result_set_size": 124,
                                                                "operator_name": "SEQ_SCAN ",
                                                                "cpu_time": 0.0,
                                                                "extra_info": {
                                                                  "Table": "date_dim",
                                                                  "Type": "Sequential Scan",
                                                                  "Projections": "d_date_sk",
                                                                  "Filters": "(CAST(d_date AS TIMESTAMP) BETWEEN '1998-08-05 00:00:00'::TIMESTAMP AND '1998-09-04 00:00:00'::TIMESTAMP)",
                                                                  "Estimated Cardinality": "14609"
                                                                },
                                                                "cumulative_cardinality": 0,
                                                                "operator_type": "TABLE_SCAN",
                                                                "operator_cardinality": 31,
                                                                "cumulative_rows_scanned": 0,
                                                                "operator_rows_scanned": 73049,
                                                                "operator_timing": 0.000338427,
                                                                "children": []
                                                              }
                                                            ]
                                                          }
                                                        ]
                                                      },
                                                      {
                                                        "total_bytes_written": 0,
                                                        "total_bytes_read": 0,
                                                        "result_set_size": 800,
                                                        "operator_name": "SEQ_SCAN ",
                                                        "cpu_time": 0.0,
                                                        "extra_info": {
                                                          "Table": "web_page",
                                                          "Type": "Sequential Scan",
                                                          "Projections": "wp_web_page_sk",
                                                          "Estimated Cardinality": "200"
                                                        },
                                                        "cumulative_cardinality": 0,
                                                        "operator_type": "TABLE_SCAN",
                                                        "operator_cardinality": 200,
                                                        "cumulative_rows_scanned": 0,
                                                        "operator_rows_scanned": 200,
                                                        "operator_timing": 7.324e-06,
                                                        "children": []
                                                      }
                                                    ]
                                                  }
                                                ]
                                              }
                                            ]
                                          }
                                        ]
                                      }
                                    ]
                                  },
                                  {
                                    "total_bytes_written": 0,
                                    "total_bytes_read": 0,
                                    "result_set_size": 3636,
                                    "operator_name": "PROJECTION",
                                    "cpu_time": 0.0,
                                    "extra_info": {
                                      "Projections": [
                                        "__internal_decompress_integral_integer(#0, 1)",
                                        "#1",
                                        "#2"
                                      ],
                                      "Estimated Cardinality": "1990"
                                    },
                                    "cumulative_cardinality": 0,
                                    "operator_type": "PROJECTION",
                                    "operator_cardinality": 101,
                                    "cumulative_rows_scanned": 0,
                                    "operator_rows_scanned": 0,
                                    "operator_timing": 1.392e-06,
                                    "children": [
                                      {
                                        "total_bytes_written": 0,
                                        "total_bytes_read": 0,
                                        "result_set_size": 3333,
                                        "operator_name": "PERFECT_HASH_GROUP_BY",
                                        "cpu_time": 0.0,
                                        "extra_info": {
                                          "Groups": "#0",
                                          "Aggregates": [
                                            "sum(#1)",
                                            "sum(#2)"
                                          ]
                                        },
                                        "cumulative_cardinality": 0,
                                        "operator_type": "PERFECT_HASH_GROUP_BY",
                                        "operator_cardinality": 101,
                                        "cumulative_rows_scanned": 0,
                                        "operator_rows_scanned": 0,
                                        "operator_timing": 0.0018759269999999999,
                                        "children": [
                                          {
                                            "total_bytes_written": 0,
                                            "total_bytes_read": 0,
                                            "result_set_size": 1432692,
                                            "operator_name": "PROJECTION",
                                            "cpu_time": 0.0,
                                            "extra_info": {
                                              "Projections": [
                                                "wp_web_page_sk",
                                                "ws_ext_sales_price",
                                                "ws_net_profit"
                                              ],
                                              "Estimated Cardinality": "1290972"
                                            },
                                            "cumulative_cardinality": 0,
                                            "operator_type": "PROJECTION",
                                            "operator_cardinality": 159188,
                                            "cumulative_rows_scanned": 0,
                                            "operator_rows_scanned": 0,
                                            "operator_timing": 0.000218812,
                                            "children": [
                                              {
                                                "total_bytes_written": 0,
                                                "total_bytes_read": 0,
                                                "result_set_size": 1591880,
                                                "operator_name": "PROJECTION",
                                                "cpu_time": 0.0,
                                                "extra_info": {
                                                  "Projections": [
                                                    "__internal_compress_integral_utinyint(#0, 1)",
                                                    "#1",
                                                    "#2",
                                                    "__internal_compress_integral_utinyint(#3, 1)"
                                                  ],
                                                  "Estimated Cardinality": "1290972"
                                                },
                                                "cumulative_cardinality": 0,
                                                "operator_type": "PROJECTION",
                                                "operator_cardinality": 159188,
                                                "cumulative_rows_scanned": 0,
                                                "operator_rows_scanned": 0,
                                                "operator_timing": 0.0015319000000000003,
                                                "children": [
                                                  {
                                                    "total_bytes_written": 0,
                                                    "total_bytes_read": 0,
                                                    "result_set_size": 2547008,
                                                    "operator_name": "HASH_JOIN",
                                                    "cpu_time": 0.0,
                                                    "extra_info": {
                                                      "Join Type": "INNER",
                                                      "Conditions": "ws_web_page_sk = wp_web_page_sk",
                                                      "Estimated Cardinality": "1290972"
                                                    },
                                                    "cumulative_cardinality": 0,
                                                    "operator_type": "HASH_JOIN",
                                                    "operator_cardinality": 159188,
                                                    "cumulative_rows_scanned": 0,
                                                    "operator_rows_scanned": 0,
                                                    "operator_timing": 0.001401718,
                                                    "children": [
                                                      {
                                                        "total_bytes_written": 0,
                                                        "total_bytes_read": 0,
                                                        "result_set_size": 2547008,
                                                        "operator_name": "HASH_JOIN",
                                                        "cpu_time": 0.0,
                                                        "extra_info": {
                                                          "Join Type": "INNER",
                                                          "Conditions": "ws_sold_date_sk = d_date_sk",
                                                          "Estimated Cardinality": "1439434"
                                                        },
                                                        "cumulative_cardinality": 0,
                                                        "operator_type": "HASH_JOIN",
                                                        "operator_cardinality": 159188,
                                                        "cumulative_rows_scanned": 0,
                                                        "operator_rows_scanned": 0,
                                                        "operator_timing": 0.009819557,
                                                        "children": [
                                                          {
                                                            "total_bytes_written": 0,
                                                            "total_bytes_read": 0,
                                                            "result_set_size": 2547008,
                                                            "operator_name": "SEQ_SCAN ",
                                                            "cpu_time": 0.0,
                                                            "extra_info": {
                                                              "Table": "web_sales",
                                                              "Type": "Sequential Scan",
                                                              "Projections": [
                                                                "ws_sold_date_sk",
                                                                "ws_web_page_sk",
                                                                "ws_ext_sales_price",
                                                                "ws_net_profit"
                                                              ],
                                                              "Estimated Cardinality": "7197566"
                                                            },
                                                            "cumulative_cardinality": 0,
                                                            "operator_type": "TABLE_SCAN",
                                                            "operator_cardinality": 159188,
                                                            "cumulative_rows_scanned": 0,
                                                            "operator_rows_scanned": 201531848,
                                                            "operator_timing": 0.054036522999999996,
                                                            "children": []
                                                          },
                                                          {
                                                            "total_bytes_written": 0,
                                                            "total_bytes_read": 0,
                                                            "result_set_size": 124,
                                                            "operator_name": "FILTER",
                                                            "cpu_time": 0.0,
                                                            "extra_info": {
                                                              "Expression": "(d_date_sk BETWEEN 2450816 AND 2452642)",
                                                              "Estimated Cardinality": "14609"
                                                            },
                                                            "cumulative_cardinality": 0,
                                                            "operator_type": "FILTER",
                                                            "operator_cardinality": 31,
                                                            "cumulative_rows_scanned": 0,
                                                            "operator_rows_scanned": 0,
                                                            "operator_timing": 9.127e-06,
                                                            "children": [
                                                              {
                                                                "total_bytes_written": 0,
                                                                "total_bytes_read": 0,
                                                                "result_set_size": 124,
                                                                "operator_name": "SEQ_SCAN ",
                                                                "cpu_time": 0.0,
                                                                "extra_info": {
                                                                  "Table": "date_dim",
                                                                  "Type": "Sequential Scan",
                                                                  "Projections": "d_date_sk",
                                                                  "Filters": "(CAST(d_date AS TIMESTAMP) BETWEEN '1998-08-05 00:00:00'::TIMESTAMP AND '1998-09-04 00:00:00'::TIMESTAMP)",
                                                                  "Estimated Cardinality": "14609"
                                                                },
                                                                "cumulative_cardinality": 0,
                                                                "operator_type": "TABLE_SCAN",
                                                                "operator_cardinality": 31,
                                                                "cumulative_rows_scanned": 0,
                                                                "operator_rows_scanned": 73049,
                                                                "operator_timing": 0.000399458,
                                                                "children": []
                                                              }
                                                            ]
                                                          }
                                                        ]
                                                      },
                                                      {
                                                        "total_bytes_written": 0,
                                                        "total_bytes_read": 0,
                                                        "result_set_size": 800,
                                                        "operator_name": "SEQ_SCAN ",
                                                        "cpu_time": 0.0,
                                                        "extra_info": {
                                                          "Table": "web_page",
                                                          "Type": "Sequential Scan",
                                                          "Projections": "wp_web_page_sk",
                                                          "Estimated Cardinality": "200"
                                                        },
                                                        "cumulative_cardinality": 0,
                                                        "operator_type": "TABLE_SCAN",
                                                        "operator_cardinality": 200,
                                                        "cumulative_rows_scanned": 0,
                                                        "operator_rows_scanned": 200,
                                                        "operator_timing": 1.254e-05,
                                                        "children": []
                                                      }
                                                    ]
                                                  }
                                                ]
                                              }
                                            ]
                                          }
                                        ]
                                      }
                                    ]
                                  }
                                ]
                              }
                            ]
                          }
                        ]
                      }
                    ]
                  }
                ]
              }
            ]
          }
        ]
      }
    ]
  },
  "actual_rows": 0,
  "collected_at": "2026-02-16T10:19:58.778385",
  "query_id": "query_77"
}