{
  "execution_time_ms": 207.0,
  "plan_text": "\u250c\u2500\u2500\u2500\u2500\u2500\u2500\u2500\u2500\u2500\u2500\u2500\u2500\u2500\u2500\u2500\u2500\u2500\u2500\u2500\u2500\u2500\u2500\u2500\u2500\u2500\u2500\u2500\u2500\u2500\u2500\u2500\u2500\u2500\u2500\u2500\u2500\u2500\u2510\n\u2502\u250c\u2500\u2500\u2500\u2500\u2500\u2500\u2500\u2500\u2500\u2500\u2500\u2500\u2500\u2500\u2500\u2500\u2500\u2500\u2500\u2500\u2500\u2500\u2500\u2500\u2500\u2500\u2500\u2500\u2500\u2500\u2500\u2500\u2500\u2500\u2500\u2510\u2502\n\u2502\u2502    Query Profiling Information    \u2502\u2502\n\u2502\u2514\u2500\u2500\u2500\u2500\u2500\u2500\u2500\u2500\u2500\u2500\u2500\u2500\u2500\u2500\u2500\u2500\u2500\u2500\u2500\u2500\u2500\u2500\u2500\u2500\u2500\u2500\u2500\u2500\u2500\u2500\u2500\u2500\u2500\u2500\u2500\u2518\u2502\n\u2514\u2500\u2500\u2500\u2500\u2500\u2500\u2500\u2500\u2500\u2500\u2500\u2500\u2500\u2500\u2500\u2500\u2500\u2500\u2500\u2500\u2500\u2500\u2500\u2500\u2500\u2500\u2500\u2500\u2500\u2500\u2500\u2500\u2500\u2500\u2500\u2500\u2500\u2518\nEXPLAIN ANALYZE -- start query 61 in stream 0 using template query61.tpl select promotions,total,cast(promotions as decimal(15,4))/cast(total as decimal(15,4))*100 from   (select sum(ss_ext_sales_price) promotions    from  store_sales         ,store         ,promotion         ,date_dim         ,customer         ,customer_address          ,item    where ss_sold_date_sk = d_date_sk    and   ss_store_sk = s_store_sk    and   ss_promo_sk = p_promo_sk    and   ss_customer_sk= c_customer_sk    and   ca_address_sk = c_current_addr_sk    and   ss_item_sk = i_item_sk     and   ca_gmt_offset = -7    and   i_category = 'Jewelry'    and   (p_channel_dmail = 'Y' or p_channel_email = 'Y' or p_channel_tv = 'Y')    and   s_gmt_offset = -7    and   d_year = 1999    and   d_moy  = 11) promotional_sales,   (select sum(ss_ext_sales_price) total    from  store_sales         ,store         ,date_dim         ,customer         ,customer_address         ,item    where ss_sold_date_sk = d_date_sk    and   ss_store_sk = s_store_sk    and   ss_customer_sk= c_customer_sk    and   ca_address_sk = c_current_addr_sk    and   ss_item_sk = i_item_sk    and   ca_gmt_offset = -7    and   i_category = 'Jewelry'    and   s_gmt_offset = -7    and   d_year = 1999    and   d_moy  = 11) all_sales order by promotions, total  LIMIT 100;  -- end query 61 in stream 0 using template query61.tpl\n\u250c\u2500\u2500\u2500\u2500\u2500\u2500\u2500\u2500\u2500\u2500\u2500\u2500\u2500\u2500\u2500\u2500\u2500\u2500\u2500\u2500\u2500\u2500\u2500\u2500\u2500\u2500\u2500\u2500\u2500\u2500\u2500\u2500\u2500\u2500\u2500\u2500\u2500\u2500\u2500\u2500\u2500\u2500\u2500\u2500\u2500\u2500\u2500\u2500\u2510\n\u2502\u250c\u2500\u2500\u2500\u2500\u2500\u2500\u2500\u2500\u2500\u2500\u2500\u2500\u2500\u2500\u2500\u2500\u2500\u2500\u2500\u2500\u2500\u2500\u2500\u2500\u2500\u2500\u2500\u2500\u2500\u2500\u2500\u2500\u2500\u2500\u2500\u2500\u2500\u2500\u2500\u2500\u2500\u2500\u2500\u2500\u2500\u2500\u2510\u2502\n\u2502\u2502              Total Time: 0.207s              \u2502\u2502\n\u2502\u2514\u2500\u2500\u2500\u2500\u2500\u2500\u2500\u2500\u2500\u2500\u2500\u2500\u2500\u2500\u2500\u2500\u2500\u2500\u2500\u2500\u2500\u2500\u2500\u2500\u2500\u2500\u2500\u2500\u2500\u2500\u2500\u2500\u2500\u2500\u2500\u2500\u2500\u2500\u2500\u2500\u2500\u2500\u2500\u2500\u2500\u2500\u2518\u2502\n\u2514\u2500\u2500\u2500\u2500\u2500\u2500\u2500\u2500\u2500\u2500\u2500\u2500\u2500\u2500\u2500\u2500\u2500\u2500\u2500\u2500\u2500\u2500\u2500\u2500\u2500\u2500\u2500\u2500\u2500\u2500\u2500\u2500\u2500\u2500\u2500\u2500\u2500\u2500\u2500\u2500\u2500\u2500\u2500\u2500\u2500\u2500\u2500\u2500\u2518\n\u250c\u2500\u2500\u2500\u2500\u2500\u2500\u2500\u2500\u2500\u2500\u2500\u2500\u2500\u2500\u2500\u2510\n\u2502     QUERY     \u2502\n\u2514\u2500\u2500\u2500\u2500\u2500\u2500\u2500\u252c\u2500\u2500\u2500\u2500\u2500\u2500\u2500\u2518\n\u250c\u2500\u2500\u2500\u2500\u2500\u2500\u2500\u2534\u2500\u2500\u2500\u2500\u2500\u2500\u2500\u2510\n\u2502EXPLAIN_ANALYZE\u2502\n\u2502    \u2500\u2500\u2500\u2500\u2500\u2500\u2500\u2500   \u2502\n\u2502     0 rows    \u2502\n\u2502    (0.00s)    \u2502\n\u2514\u2500\u2500\u2500\u2500\u2500\u2500\u2500\u252c\u2500\u2500\u2500\u2500\u2500\u2500\u2500\u2518\n\u250c\u2500\u2500\u2500\u2500\u2500\u2500\u2500\u2534\u2500\u2500\u2500\u2500\u2500\u2500\u2500\u2510\n\u2502     TOP_N     \u2502\n\u2502    \u2500\u2500\u2500\u2500\u2500\u2500\u2500\u2500   \u2502\n\u2502    Top: 100   \u2502\n\u2502               \u2502\n\u2502   Order By:   \u2502\n\u2502promotional_sal\u2502\n\u2502 es.promotions \u2502\n\u2502       ASC     \u2502\n\u2502   all_sales   \u2502\n\u2502   .total ASC  \u2502\n\u2502               \u2502\n\u2502     1 row     \u2502\n\u2502    (0.00s)    \u2502\n\u2514\u2500\u2500\u2500\u2500\u2500\u2500\u2500\u252c\u2500\u2500\u2500\u2500\u2500\u2500\u2500\u2518\n\u250c\u2500\u2500\u2500\u2500\u2500\u2500\u2500\u2534\u2500\u2500\u2500\u2500\u2500\u2500\u2500\u2510\n\u2502   PROJECTION  \u2502\n\u2502    \u2500\u2500\u2500\u2500\u2500\u2500\u2500\u2500   \u2502\n\u2502   promotions  \u2502\n\u2502     total     \u2502\n\u2502  ((CAST(CAST  \u2502\n\u2502 (promotions AS\u2502\n\u2502  DECIMAL(15,4)\u2502\n\u2502 ) AS DOUBLE) /\u2502\n\u2502    CAST(CAST  \u2502\n\u2502   (total AS   \u2502\n\u2502  DECIMAL(15,4)\u2502\n\u2502 ) AS DOUBLE)) \u2502\n\u2502    * 100.0)   \u2502\n\u2502               \u2502\n\u2502     1 row     \u2502\n\u2502    (0.00s)    \u2502\n\u2514\u2500\u2500\u2500\u2500\u2500\u2500\u2500\u252c\u2500\u2500\u2500\u2500\u2500\u2500\u2500\u2518\n\u250c\u2500\u2500\u2500\u2500\u2500\u2500\u2500\u2534\u2500\u2500\u2500\u2500\u2500\u2500\u2500\u2510\n\u2502 CROSS_PRODUCT \u2502\n\u2502    \u2500\u2500\u2500\u2500\u2500\u2500\u2500\u2500   \u2502\n\u2502     1 row     \u251c\u2500\u2500\u2500\u2500\u2500\u2500\u2500\u2500\u2500\u2500\u2500\u2500\u2500\u2500\u2500\u2500\u2500\u2500\u2500\u2500\u2500\u2500\u2500\u2500\u2500\u2500\u2500\u2500\u2500\u2500\u2500\u2500\u2500\u2500\u2500\u2500\u2500\u2500\u2500\u2500\u2500\u2500\u2500\u2500\u2500\u2500\u2500\u2500\u2500\u2500\u2500\u2500\u2500\u2500\u2500\u2500\u2500\u2500\u2500\u2500\u2500\u2500\u2500\u2500\u2500\u2500\u2500\u2500\u2500\u2500\u2500\u2500\u2500\u2500\u2500\u2500\u2500\u2500\u2500\u2500\u2500\u2500\u2500\u2500\u2500\u2500\u2500\u2500\u2500\u2500\u2500\u2500\u2500\u2500\u2500\u2500\u2500\u2500\u2500\u2500\u2500\u2500\u2500\u2500\u2500\u2500\u2500\u2500\u2500\u2500\u2510\n\u2502    (0.00s)    \u2502                                                                                                              \u2502\n\u2514\u2500\u2500\u2500\u2500\u2500\u2500\u2500\u252c\u2500\u2500\u2500\u2500\u2500\u2500\u2500\u2518                                                                                                              \u2502\n\u250c\u2500\u2500\u2500\u2500\u2500\u2500\u2500\u2534\u2500\u2500\u2500\u2500\u2500\u2500\u2500\u2510                                                                                                      \u250c\u2500\u2500\u2500\u2500\u2500\u2500\u2500\u2534\u2500\u2500\u2500\u2500\u2500\u2500\u2500\u2510\n\u2502UNGROUPED_...  \u2502                                                                                                      \u2502UNGROUPED_...  \u2502\n\u2502    \u2500\u2500\u2500\u2500\u2500\u2500\u2500\u2500   \u2502                                                                                                      \u2502    \u2500\u2500\u2500\u2500\u2500\u2500\u2500\u2500   \u2502\n\u2502  Aggregates:  \u2502                                                                                                      \u2502  Aggregates:  \u2502\n\u2502    sum(#0)    \u2502                                                                                                      \u2502    sum(#0)    \u2502\n\u2502               \u2502                                                                                                      \u2502               \u2502\n\u2502     1 row     \u2502                                                                                                      \u2502     1 row     \u2502\n\u2502    (0.00s)    \u2502                                                                                                      \u2502    (0.00s)    \u2502\n\u2514\u2500\u2500\u2500\u2500\u2500\u2500\u2500\u252c\u2500\u2500\u2500\u2500\u2500\u2500\u2500\u2518                                                                                                      \u2514\u2500\u2500\u2500\u2500\u2500\u2500\u2500\u252c\u2500\u2500\u2500\u2500\u2500\u2500\u2500\u2518\n\u250c\u2500\u2500\u2500\u2500\u2500\u2500\u2500\u2534\u2500\u2500\u2500\u2500\u2500\u2500\u2500\u2510                                                                                                      \u250c\u2500\u2500\u2500\u2500\u2500\u2500\u2500\u2534\u2500\u2500\u2500\u2500\u2500\u2500\u2500\u2510\n\u2502   PROJECTION  \u2502                                                                                                      \u2502   PROJECTION  \u2502\n\u2502    \u2500\u2500\u2500\u2500\u2500\u2500\u2500\u2500   \u2502                                                                                                      \u2502    \u2500\u2500\u2500\u2500\u2500\u2500\u2500\u2500   \u2502\n\u2502ss_ext_sales_pr\u2502                                                                                                      \u2502ss_ext_sales_pr\u2502\n\u2502      ice      \u2502                                                                                                      \u2502      ice      \u2502\n\u2502               \u2502                                                                                                      \u2502               \u2502\n\u2502     0 rows    \u2502                                                                                                      \u2502     0 rows    \u2502\n\u2502    (0.00s)    \u2502                                                                                                      \u2502    (0.00s)    \u2502\n\u2514\u2500\u2500\u2500\u2500\u2500\u2500\u2500\u252c\u2500\u2500\u2500\u2500\u2500\u2500\u2500\u2518                                                                                                      \u2514\u2500\u2500\u2500\u2500\u2500\u2500\u2500\u252c\u2500\u2500\u2500\u2500\u2500\u2500\u2500\u2518\n\u250c\u2500\u2500\u2500\u2500\u2500\u2500\u2500\u2534\u2500\u2500\u2500\u2500\u2500\u2500\u2500\u2510                                                                                                      \u250c\u2500\u2500\u2500\u2500\u2500\u2500\u2500\u2534\u2500\u2500\u2500\u2500\u2500\u2500\u2500\u2510\n\u2502   HASH_JOIN   \u2502                                                                                                      \u2502   HASH_JOIN   \u2502\n\u2502    \u2500\u2500\u2500\u2500\u2500\u2500\u2500\u2500   \u2502                                                                                                      \u2502    \u2500\u2500\u2500\u2500\u2500\u2500\u2500\u2500   \u2502\n\u2502   Join Type:  \u2502                                                                                                      \u2502   Join Type:  \u2502\n\u2502     INNER     \u2502                                                                                                      \u2502     INNER     \u2502\n\u2502               \u2502                                                                                                      \u2502               \u2502\n\u2502  Conditions:  \u2502                                                                                                      \u2502  Conditions:  \u2502\n\u2502 ca_address_sk \u251c\u2500\u2500\u2500\u2500\u2500\u2500\u2500\u2500\u2510                                                                                             \u2502 ca_address_sk \u251c\u2500\u2500\u2500\u2500\u2500\u2500\u2500\u2500\u2510\n\u2502= c_current_add\u2502        \u2502                                                                                             \u2502= c_current_add\u2502        \u2502\n\u2502      r_sk     \u2502        \u2502                                                                                             \u2502      r_sk     \u2502        \u2502\n\u2502               \u2502        \u2502                                                                                             \u2502               \u2502        \u2502\n\u2502     0 rows    \u2502        \u2502                                                                                             \u2502     0 rows    \u2502        \u2502\n\u2502    (0.00s)    \u2502        \u2502                                                                                             \u2502    (0.00s)    \u2502        \u2502\n\u2514\u2500\u2500\u2500\u2500\u2500\u2500\u2500\u252c\u2500\u2500\u2500\u2500\u2500\u2500\u2500\u2518        \u2502                                                                                             \u2514\u2500\u2500\u2500\u2500\u2500\u2500\u2500\u252c\u2500\u2500\u2500\u2500\u2500\u2500\u2500\u2518        \u2502\n\u250c\u2500\u2500\u2500\u2500\u2500\u2500\u2500\u2534\u2500\u2500\u2500\u2500\u2500\u2500\u2500\u2510\u250c\u2500\u2500\u2500\u2500\u2500\u2500\u2500\u2534\u2500\u2500\u2500\u2500\u2500\u2500\u2500\u2510                                                                                     \u250c\u2500\u2500\u2500\u2500\u2500\u2500\u2500\u2534\u2500\u2500\u2500\u2500\u2500\u2500\u2500\u2510\u250c\u2500\u2500\u2500\u2500\u2500\u2500\u2500\u2534\u2500\u2500\u2500\u2500\u2500\u2500\u2500\u2510\n\u2502   TABLE_SCAN  \u2502\u2502   HASH_JOIN   \u2502                                                                                     \u2502   TABLE_SCAN  \u2502\u2502   HASH_JOIN   \u2502\n\u2502    \u2500\u2500\u2500\u2500\u2500\u2500\u2500\u2500   \u2502\u2502    \u2500\u2500\u2500\u2500\u2500\u2500\u2500\u2500   \u2502                                                                                     \u2502    \u2500\u2500\u2500\u2500\u2500\u2500\u2500\u2500   \u2502\u2502    \u2500\u2500\u2500\u2500\u2500\u2500\u2500\u2500   \u2502\n\u2502     Table:    \u2502\u2502   Join Type:  \u2502                                                                                     \u2502     Table:    \u2502\u2502   Join Type:  \u2502\n\u2502customer_addres\u2502\u2502     INNER     \u2502                                                                                     \u2502customer_addres\u2502\u2502     INNER     \u2502\n\u2502       s       \u2502\u2502               \u2502                                                                                     \u2502       s       \u2502\u2502               \u2502\n\u2502               \u2502\u2502  Conditions:  \u2502                                                                                     \u2502               \u2502\u2502  Conditions:  \u2502\n\u2502     Type:     \u2502\u2502 c_customer_sk \u2502                                                                                     \u2502     Type:     \u2502\u2502 c_customer_sk \u2502\n\u2502Sequential Scan\u2502\u2502= ss_customer_s\u2502                                                                                     \u2502Sequential Scan\u2502\u2502= ss_customer_s\u2502\n\u2502               \u2502\u2502       k       \u2502                                                                                     \u2502               \u2502\u2502       k       \u2502\n\u2502  Projections: \u2502\u2502               \u251c\u2500\u2500\u2500\u2500\u2500\u2500\u2500\u2500\u2510                                                                            \u2502  Projections: \u2502\u2502               \u251c\u2500\u2500\u2500\u2500\u2500\u2500\u2500\u2500\u2510\n\u2502 ca_address_sk \u2502\u2502               \u2502        \u2502                                                                            \u2502 ca_address_sk \u2502\u2502               \u2502        \u2502\n\u2502               \u2502\u2502               \u2502        \u2502                                                                            \u2502               \u2502\u2502               \u2502        \u2502\n\u2502    Filters:   \u2502\u2502               \u2502        \u2502                                                                            \u2502    Filters:   \u2502\u2502               \u2502        \u2502\n\u2502 ca_gmt_offset=\u2502\u2502               \u2502        \u2502                                                                            \u2502 ca_gmt_offset=\u2502\u2502               \u2502        \u2502\n\u2502     -7.00     \u2502\u2502               \u2502        \u2502                                                                            \u2502     -7.00     \u2502\u2502               \u2502        \u2502\n\u2502               \u2502\u2502               \u2502        \u2502                                                                            \u2502               \u2502\u2502               \u2502        \u2502\n\u2502    702 rows   \u2502\u2502     0 rows    \u2502        \u2502                                                                            \u2502    702 rows   \u2502\u2502     0 rows    \u2502        \u2502\n\u2502    (0.00s)    \u2502\u2502    (0.00s)    \u2502        \u2502                                                                            \u2502    (0.01s)    \u2502\u2502    (0.00s)    \u2502        \u2502\n\u2514\u2500\u2500\u2500\u2500\u2500\u2500\u2500\u2500\u2500\u2500\u2500\u2500\u2500\u2500\u2500\u2518\u2514\u2500\u2500\u2500\u2500\u2500\u2500\u2500\u252c\u2500\u2500\u2500\u2500\u2500\u2500\u2500\u2518        \u2502                                                                            \u2514\u2500\u2500\u2500\u2500\u2500\u2500\u2500\u2500\u2500\u2500\u2500\u2500\u2500\u2500\u2500\u2518\u2514\u2500\u2500\u2500\u2500\u2500\u2500\u2500\u252c\u2500\u2500\u2500\u2500\u2500\u2500\u2500\u2518        \u2502\n                 \u250c\u2500\u2500\u2500\u2500\u2500\u2500\u2500\u2534\u2500\u2500\u2500\u2500\u2500\u2500\u2500\u2510\u250c\u2500\u2500\u2500\u2500\u2500\u2500\u2500\u2534\u2500\u2500\u2500\u2500\u2500\u2500\u2500\u2510                                                                                     \u250c\u2500\u2500\u2500\u2500\u2500\u2500\u2500\u2534\u2500\u2500\u2500\u2500\u2500\u2500\u2500\u2510\u250c\u2500\u2500\u2500\u2500\u2500\u2500\u2500\u2534\u2500\u2500\u2500\u2500\u2500\u2500\u2500\u2510\n                 \u2502   TABLE_SCAN  \u2502\u2502   HASH_JOIN   \u2502                                                                                     \u2502   TABLE_SCAN  \u2502\u2502   HASH_JOIN   \u2502\n                 \u2502    \u2500\u2500\u2500\u2500\u2500\u2500\u2500\u2500   \u2502\u2502    \u2500\u2500\u2500\u2500\u2500\u2500\u2500\u2500   \u2502                                                                                     \u2502    \u2500\u2500\u2500\u2500\u2500\u2500\u2500\u2500   \u2502\u2502    \u2500\u2500\u2500\u2500\u2500\u2500\u2500\u2500   \u2502\n                 \u2502     Table:    \u2502\u2502   Join Type:  \u2502                                                                                     \u2502     Table:    \u2502\u2502   Join Type:  \u2502\n                 \u2502    customer   \u2502\u2502     INNER     \u2502                                                                                     \u2502    customer   \u2502\u2502     INNER     \u2502\n                 \u2502               \u2502\u2502               \u2502                                                                                     \u2502               \u2502\u2502               \u2502\n                 \u2502     Type:     \u2502\u2502  Conditions:  \u2502                                                                                     \u2502     Type:     \u2502\u2502  Conditions:  \u2502\n                 \u2502Sequential Scan\u2502\u2502 ss_store_sk = \u2502                                                                                     \u2502Sequential Scan\u2502\u2502 ss_store_sk = \u2502\n                 \u2502               \u2502\u2502   s_store_sk  \u251c\u2500\u2500\u2500\u2500\u2500\u2500\u2500\u2500\u2500\u2500\u2500\u2500\u2500\u2500\u2500\u2500\u2500\u2500\u2500\u2500\u2500\u2500\u2500\u2500\u2500\u2500\u2500\u2500\u2500\u2500\u2500\u2500\u2500\u2500\u2500\u2500\u2500\u2500\u2500\u2500\u2500\u2500\u2500\u2500\u2500\u2500\u2500\u2500\u2500\u2500\u2500\u2500\u2500\u2500\u2500\u2500\u2500\u2500\u2500\u2510                         \u2502               \u2502\u2502   s_store_sk  \u251c\u2500\u2500\u2500\u2500\u2500\u2500\u2500\u2500\u2500\u2500\u2500\u2500\u2500\u2500\u2500\u2500\u2500\u2500\u2500\u2500\u2500\u2500\u2500\u2500\u2500\u2500\u2500\u2500\u2500\u2500\u2500\u2500\u2500\u2500\u2500\u2500\u2500\u2500\u2500\u2500\u2500\u2500\u2510\n                 \u2502  Projections: \u2502\u2502               \u2502                                                           \u2502                         \u2502  Projections: \u2502\u2502               \u2502                                          \u2502\n                 \u2502 c_customer_sk \u2502\u2502               \u2502                                                           \u2502                         \u2502 c_customer_sk \u2502\u2502               \u2502                                          \u2502\n                 \u2502c_current_addr_\u2502\u2502               \u2502                                                           \u2502                         \u2502c_current_addr_\u2502\u2502               \u2502                                          \u2502\n                 \u2502       sk      \u2502\u2502               \u2502                                                           \u2502                         \u2502       sk      \u2502\u2502               \u2502                                          \u2502\n                 \u2502               \u2502\u2502               \u2502                                                           \u2502                         \u2502               \u2502\u2502               \u2502                                          \u2502\n                 \u2502  10,240 rows  \u2502\u2502     0 rows    \u2502                                                           \u2502                         \u2502  10,240 rows  \u2502\u2502     0 rows    \u2502                                          \u2502\n                 \u2502    (0.00s)    \u2502\u2502    (0.00s)    \u2502                                                           \u2502                         \u2502    (0.02s)    \u2502\u2502    (0.00s)    \u2502                                          \u2502\n                 \u2514\u2500\u2500\u2500\u2500\u2500\u2500\u2500\u2500\u2500\u2500\u2500\u2500\u2500\u2500\u2500\u2518\u2514\u2500\u2500\u2500\u2500\u2500\u2500\u2500\u252c\u2500\u2500\u2500\u2500\u2500\u2500\u2500\u2518                                                           \u2502                         \u2514\u2500\u2500\u2500\u2500\u2500\u2500\u2500\u2500\u2500\u2500\u2500\u2500\u2500\u2500\u2500\u2518\u2514\u2500\u2500\u2500\u2500\u2500\u2500\u2500\u252c\u2500\u2500\u2500\u2500\u2500\u2500\u2500\u2518                                          \u2502\n                                  \u250c\u2500\u2500\u2500\u2500\u2500\u2500\u2500\u2534\u2500\u2500\u2500\u2500\u2500\u2500\u2500\u2510                                                   \u250c\u2500\u2500\u2500\u2500\u2500\u2500\u2500\u2534\u2500\u2500\u2500\u2500\u2500\u2500\u2500\u2510                                  \u250c\u2500\u2500\u2500\u2500\u2500\u2500\u2500\u2534\u2500\u2500\u2500\u2500\u2500\u2500\u2500\u2510                                  \u250c\u2500\u2500\u2500\u2500\u2500\u2500\u2500\u2534\u2500\u2500\u2500\u2500\u2500\u2500\u2500\u2510\n                                  \u2502   HASH_JOIN   \u2502                                                   \u2502     FILTER    \u2502                                  \u2502   HASH_JOIN   \u2502                                  \u2502     FILTER    \u2502\n                                  \u2502    \u2500\u2500\u2500\u2500\u2500\u2500\u2500\u2500   \u2502                                                   \u2502    \u2500\u2500\u2500\u2500\u2500\u2500\u2500\u2500   \u2502                                  \u2502    \u2500\u2500\u2500\u2500\u2500\u2500\u2500\u2500   \u2502                                  \u2502    \u2500\u2500\u2500\u2500\u2500\u2500\u2500\u2500   \u2502\n                                  \u2502   Join Type:  \u2502                                                   \u2502 (s_store_sk <=\u2502                                  \u2502   Join Type:  \u2502                                  \u2502 (s_store_sk <=\u2502\n                                  \u2502     INNER     \u2502                                                   \u2502      100)     \u2502                                  \u2502     INNER     \u2502                                  \u2502      100)     \u2502\n                                  \u2502               \u2502                                                   \u2502               \u2502                                  \u2502               \u2502                                  \u2502               \u2502\n                                  \u2502  Conditions:  \u251c\u2500\u2500\u2500\u2500\u2500\u2500\u2500\u2500\u2500\u2500\u2500\u2500\u2500\u2500\u2500\u2500\u2500\u2500\u2500\u2500\u2500\u2500\u2500\u2500\u2500\u2500\u2500\u2500\u2500\u2500\u2500\u2500\u2500\u2500\u2500\u2500\u2500\u2500\u2500\u2500\u2500\u2500\u2510        \u2502               \u2502                                  \u2502  Conditions:  \u251c\u2500\u2500\u2500\u2500\u2500\u2500\u2500\u2500\u2500\u2500\u2500\u2500\u2500\u2500\u2500\u2500\u2500\u2500\u2500\u2500\u2500\u2500\u2500\u2500\u2500\u2510        \u2502               \u2502\n                                  \u2502 ss_promo_sk = \u2502                                          \u2502        \u2502               \u2502                                  \u2502  ss_item_sk = \u2502                         \u2502        \u2502               \u2502\n                                  \u2502   p_promo_sk  \u2502                                          \u2502        \u2502               \u2502                                  \u2502    i_item_sk  \u2502                         \u2502        \u2502               \u2502\n                                  \u2502               \u2502                                          \u2502        \u2502               \u2502                                  \u2502               \u2502                         \u2502        \u2502               \u2502\n                                  \u2502   2,688 rows  \u2502                                          \u2502        \u2502     0 rows    \u2502                                  \u2502   5,427 rows  \u2502                         \u2502        \u2502     0 rows    \u2502\n                                  \u2502    (0.00s)    \u2502                                          \u2502        \u2502    (0.00s)    \u2502                                  \u2502    (0.01s)    \u2502                         \u2502        \u2502    (0.00s)    \u2502\n                                  \u2514\u2500\u2500\u2500\u2500\u2500\u2500\u2500\u252c\u2500\u2500\u2500\u2500\u2500\u2500\u2500\u2518                                          \u2502        \u2514\u2500\u2500\u2500\u2500\u2500\u2500\u2500\u252c\u2500\u2500\u2500\u2500\u2500\u2500\u2500\u2518                                  \u2514\u2500\u2500\u2500\u2500\u2500\u2500\u2500\u252c\u2500\u2500\u2500\u2500\u2500\u2500\u2500\u2518                         \u2502        \u2514\u2500\u2500\u2500\u2500\u2500\u2500\u2500\u252c\u2500\u2500\u2500\u2500\u2500\u2500\u2500\u2518\n                                  \u250c\u2500\u2500\u2500\u2500\u2500\u2500\u2500\u2534\u2500\u2500\u2500\u2500\u2500\u2500\u2500\u2510                                  \u250c\u2500\u2500\u2500\u2500\u2500\u2500\u2500\u2534\u2500\u2500\u2500\u2500\u2500\u2500\u2500\u2510\u250c\u2500\u2500\u2500\u2500\u2500\u2500\u2500\u2534\u2500\u2500\u2500\u2500\u2500\u2500\u2500\u2510                                  \u250c\u2500\u2500\u2500\u2500\u2500\u2500\u2500\u2534\u2500\u2500\u2500\u2500\u2500\u2500\u2500\u2510                 \u250c\u2500\u2500\u2500\u2500\u2500\u2500\u2500\u2534\u2500\u2500\u2500\u2500\u2500\u2500\u2500\u2510\u250c\u2500\u2500\u2500\u2500\u2500\u2500\u2500\u2534\u2500\u2500\u2500\u2500\u2500\u2500\u2500\u2510\n                                  \u2502   HASH_JOIN   \u2502                                  \u2502   PROJECTION  \u2502\u2502  EMPTY_RESULT \u2502                                  \u2502   HASH_JOIN   \u2502                 \u2502   TABLE_SCAN  \u2502\u2502  EMPTY_RESULT \u2502\n                                  \u2502    \u2500\u2500\u2500\u2500\u2500\u2500\u2500\u2500   \u2502                                  \u2502    \u2500\u2500\u2500\u2500\u2500\u2500\u2500\u2500   \u2502\u2502    \u2500\u2500\u2500\u2500\u2500\u2500\u2500\u2500   \u2502                                  \u2502    \u2500\u2500\u2500\u2500\u2500\u2500\u2500\u2500   \u2502                 \u2502    \u2500\u2500\u2500\u2500\u2500\u2500\u2500\u2500   \u2502\u2502    \u2500\u2500\u2500\u2500\u2500\u2500\u2500\u2500   \u2502\n                                  \u2502   Join Type:  \u2502                                  \u2502       #0      \u2502\u2502               \u2502                                  \u2502   Join Type:  \u2502                 \u2502     Table:    \u2502\u2502               \u2502\n                                  \u2502     INNER     \u2502                                  \u2502               \u2502\u2502               \u2502                                  \u2502     INNER     \u2502                 \u2502      item     \u2502\u2502               \u2502\n                                  \u2502               \u2502                                  \u2502               \u2502\u2502               \u2502                                  \u2502               \u2502                 \u2502               \u2502\u2502               \u2502\n                                  \u2502  Conditions:  \u2502                                  \u2502               \u2502\u2502               \u2502                                  \u2502  Conditions:  \u2502                 \u2502     Type:     \u2502\u2502               \u2502\n                                  \u2502  ss_item_sk = \u2502                                  \u2502               \u2502\u2502               \u2502                                  \u2502ss_sold_date_sk\u2502                 \u2502Sequential Scan\u2502\u2502               \u2502\n                                  \u2502    i_item_sk  \u2502                                  \u2502               \u2502\u2502               \u2502                                  \u2502   = d_date_sk \u2502                 \u2502               \u2502\u2502               \u2502\n                                  \u2502               \u251c\u2500\u2500\u2500\u2500\u2500\u2500\u2500\u2500\u2500\u2500\u2500\u2500\u2500\u2500\u2500\u2500\u2500\u2500\u2500\u2500\u2500\u2500\u2500\u2500\u2500\u2510        \u2502               \u2502\u2502               \u2502                                  \u2502               \u251c\u2500\u2500\u2500\u2500\u2500\u2500\u2500\u2500\u2510        \u2502  Projections: \u2502\u2502               \u2502\n                                  \u2502               \u2502                         \u2502        \u2502               \u2502\u2502               \u2502                                  \u2502               \u2502        \u2502        \u2502   i_item_sk   \u2502\u2502               \u2502\n                                  \u2502               \u2502                         \u2502        \u2502               \u2502\u2502               \u2502                                  \u2502               \u2502        \u2502        \u2502               \u2502\u2502               \u2502\n                                  \u2502               \u2502                         \u2502        \u2502               \u2502\u2502               \u2502                                  \u2502               \u2502        \u2502        \u2502    Filters:   \u2502\u2502               \u2502\n                                  \u2502               \u2502                         \u2502        \u2502               \u2502\u2502               \u2502                                  \u2502               \u2502        \u2502        \u2502  i_category=  \u2502\u2502               \u2502\n                                  \u2502               \u2502                         \u2502        \u2502               \u2502\u2502               \u2502                                  \u2502               \u2502        \u2502        \u2502   'Jewelry'   \u2502\u2502               \u2502\n                                  \u2502               \u2502                         \u2502        \u2502               \u2502\u2502               \u2502                                  \u2502               \u2502        \u2502        \u2502               \u2502\u2502               \u2502\n                                  \u2502   5,395 rows  \u2502                         \u2502        \u2502    251 rows   \u2502\u2502     0 rows    \u2502                                  \u2502  141,885 rows \u2502        \u2502        \u2502  10,063 rows  \u2502\u2502     0 rows    \u2502\n                                  \u2502    (0.01s)    \u2502                         \u2502        \u2502    (0.00s)    \u2502\u2502    (0.00s)    \u2502                                  \u2502    (0.01s)    \u2502        \u2502        \u2502    (0.01s)    \u2502\u2502    (0.00s)    \u2502\n                                  \u2514\u2500\u2500\u2500\u2500\u2500\u2500\u2500\u252c\u2500\u2500\u2500\u2500\u2500\u2500\u2500\u2518                         \u2502        \u2514\u2500\u2500\u2500\u2500\u2500\u2500\u2500\u252c\u2500\u2500\u2500\u2500\u2500\u2500\u2500\u2518\u2514\u2500\u2500\u2500\u2500\u2500\u2500\u2500\u2500\u2500\u2500\u2500\u2500\u2500\u2500\u2500\u2518                                  \u2514\u2500\u2500\u2500\u2500\u2500\u2500\u2500\u252c\u2500\u2500\u2500\u2500\u2500\u2500\u2500\u2518        \u2502        \u2514\u2500\u2500\u2500\u2500\u2500\u2500\u2500\u2500\u2500\u2500\u2500\u2500\u2500\u2500\u2500\u2518\u2514\u2500\u2500\u2500\u2500\u2500\u2500\u2500\u2500\u2500\u2500\u2500\u2500\u2500\u2500\u2500\u2518\n                                  \u250c\u2500\u2500\u2500\u2500\u2500\u2500\u2500\u2534\u2500\u2500\u2500\u2500\u2500\u2500\u2500\u2510                 \u250c\u2500\u2500\u2500\u2500\u2500\u2500\u2500\u2534\u2500\u2500\u2500\u2500\u2500\u2500\u2500\u2510\u250c\u2500\u2500\u2500\u2500\u2500\u2500\u2500\u2534\u2500\u2500\u2500\u2500\u2500\u2500\u2500\u2510                                                   \u250c\u2500\u2500\u2500\u2500\u2500\u2500\u2500\u2534\u2500\u2500\u2500\u2500\u2500\u2500\u2500\u2510\u250c\u2500\u2500\u2500\u2500\u2500\u2500\u2500\u2534\u2500\u2500\u2500\u2500\u2500\u2500\u2500\u2510\n                                  \u2502   HASH_JOIN   \u2502                 \u2502   TABLE_SCAN  \u2502\u2502     FILTER    \u2502                                                   \u2502   TABLE_SCAN  \u2502\u2502     FILTER    \u2502\n                                  \u2502    \u2500\u2500\u2500\u2500\u2500\u2500\u2500\u2500   \u2502                 \u2502    \u2500\u2500\u2500\u2500\u2500\u2500\u2500\u2500   \u2502\u2502    \u2500\u2500\u2500\u2500\u2500\u2500\u2500\u2500   \u2502                                                   \u2502    \u2500\u2500\u2500\u2500\u2500\u2500\u2500\u2500   \u2502\u2502    \u2500\u2500\u2500\u2500\u2500\u2500\u2500\u2500   \u2502\n                                  \u2502   Join Type:  \u2502                 \u2502     Table:    \u2502\u2502((p_channel_dma\u2502                                                   \u2502     Table:    \u2502\u2502   (d_date_sk  \u2502\n                                  \u2502     INNER     \u2502                 \u2502      item     \u2502\u2502 il = 'Y') OR  \u2502                                                   \u2502  store_sales  \u2502\u2502     BETWEEN   \u2502\n                                  \u2502               \u2502                 \u2502               \u2502\u2502(p_channel_emai\u2502                                                   \u2502               \u2502\u2502   2450816 AND \u2502\n                                  \u2502  Conditions:  \u2502                 \u2502     Type:     \u2502\u2502  l = 'Y') OR  \u2502                                                   \u2502     Type:     \u2502\u2502    2452642)   \u2502\n                                  \u2502ss_sold_date_sk\u2502                 \u2502Sequential Scan\u2502\u2502 (p_channel_tv \u2502                                                   \u2502Sequential Scan\u2502\u2502               \u2502\n                                  \u2502   = d_date_sk \u2502                 \u2502               \u2502\u2502    = 'Y'))    \u2502                                                   \u2502               \u2502\u2502               \u2502\n                                  \u2502               \u2502                 \u2502  Projections: \u2502\u2502               \u2502                                                   \u2502  Projections: \u2502\u2502               \u2502\n                                  \u2502               \u251c\u2500\u2500\u2500\u2500\u2500\u2500\u2500\u2500\u2510        \u2502   i_item_sk   \u2502\u2502               \u2502                                                   \u2502ss_sold_date_sk\u2502\u2502               \u2502\n                                  \u2502               \u2502        \u2502        \u2502               \u2502\u2502               \u2502                                                   \u2502  ss_store_sk  \u2502\u2502               \u2502\n                                  \u2502               \u2502        \u2502        \u2502    Filters:   \u2502\u2502               \u2502                                                   \u2502 ss_customer_sk\u2502\u2502               \u2502\n                                  \u2502               \u2502        \u2502        \u2502  i_category=  \u2502\u2502               \u2502                                                   \u2502   ss_item_sk  \u2502\u2502               \u2502\n                                  \u2502               \u2502        \u2502        \u2502   'Jewelry'   \u2502\u2502               \u2502                                                   \u2502ss_ext_sales_pr\u2502\u2502               \u2502\n                                  \u2502               \u2502        \u2502        \u2502               \u2502\u2502               \u2502                                                   \u2502      ice      \u2502\u2502               \u2502\n                                  \u2502               \u2502        \u2502        \u2502               \u2502\u2502               \u2502                                                   \u2502               \u2502\u2502               \u2502\n                                  \u2502  134,601 rows \u2502        \u2502        \u2502  10,063 rows  \u2502\u2502    251 rows   \u2502                                                   \u2502  143,052 rows \u2502\u2502    30 rows    \u2502\n                                  \u2502    (0.01s)    \u2502        \u2502        \u2502    (0.01s)    \u2502\u2502    (0.00s)    \u2502                                                   \u2502    (4.21s)    \u2502\u2502    (0.00s)    \u2502\n                                  \u2514\u2500\u2500\u2500\u2500\u2500\u2500\u2500\u252c\u2500\u2500\u2500\u2500\u2500\u2500\u2500\u2518        \u2502        \u2514\u2500\u2500\u2500\u2500\u2500\u2500\u2500\u2500\u2500\u2500\u2500\u2500\u2500\u2500\u2500\u2518\u2514\u2500\u2500\u2500\u2500\u2500\u2500\u2500\u252c\u2500\u2500\u2500\u2500\u2500\u2500\u2500\u2518                                                   \u2514\u2500\u2500\u2500\u2500\u2500\u2500\u2500\u2500\u2500\u2500\u2500\u2500\u2500\u2500\u2500\u2518\u2514\u2500\u2500\u2500\u2500\u2500\u2500\u2500\u252c\u2500\u2500\u2500\u2500\u2500\u2500\u2500\u2518\n                                  \u250c\u2500\u2500\u2500\u2500\u2500\u2500\u2500\u2534\u2500\u2500\u2500\u2500\u2500\u2500\u2500\u2510\u250c\u2500\u2500\u2500\u2500\u2500\u2500\u2500\u2534\u2500\u2500\u2500\u2500\u2500\u2500\u2500\u2510                 \u250c\u2500\u2500\u2500\u2500\u2500\u2500\u2500\u2534\u2500\u2500\u2500\u2500\u2500\u2500\u2500\u2510                                                                    \u250c\u2500\u2500\u2500\u2500\u2500\u2500\u2500\u2534\u2500\u2500\u2500\u2500\u2500\u2500\u2500\u2510\n                                  \u2502   TABLE_SCAN  \u2502\u2502     FILTER    \u2502                 \u2502   TABLE_SCAN  \u2502                                                                    \u2502   TABLE_SCAN  \u2502\n                                  \u2502    \u2500\u2500\u2500\u2500\u2500\u2500\u2500\u2500   \u2502\u2502    \u2500\u2500\u2500\u2500\u2500\u2500\u2500\u2500   \u2502                 \u2502    \u2500\u2500\u2500\u2500\u2500\u2500\u2500\u2500   \u2502                                                                    \u2502    \u2500\u2500\u2500\u2500\u2500\u2500\u2500\u2500   \u2502\n                                  \u2502     Table:    \u2502\u2502   (d_date_sk  \u2502                 \u2502     Table:    \u2502                                                                    \u2502     Table:    \u2502\n                                  \u2502  store_sales  \u2502\u2502     BETWEEN   \u2502                 \u2502   promotion   \u2502                                                                    \u2502    date_dim   \u2502\n                                  \u2502               \u2502\u2502   2450816 AND \u2502                 \u2502               \u2502                                                                    \u2502               \u2502\n                                  \u2502     Type:     \u2502\u2502    2452642)   \u2502                 \u2502     Type:     \u2502                                                                    \u2502     Type:     \u2502\n                                  \u2502Sequential Scan\u2502\u2502               \u2502                 \u2502Sequential Scan\u2502                                                                    \u2502Sequential Scan\u2502\n                                  \u2502               \u2502\u2502               \u2502                 \u2502               \u2502                                                                    \u2502               \u2502\n                                  \u2502  Projections: \u2502\u2502               \u2502                 \u2502  Projections: \u2502                                                                    \u2502  Projections: \u2502\n                                  \u2502ss_sold_date_sk\u2502\u2502               \u2502                 \u2502   p_promo_sk  \u2502                                                                    \u2502   d_date_sk   \u2502\n                                  \u2502  ss_store_sk  \u2502\u2502               \u2502                 \u2502p_channel_dmail\u2502                                                                    \u2502               \u2502\n                                  \u2502  ss_promo_sk  \u2502\u2502               \u2502                 \u2502p_channel_email\u2502                                                                    \u2502    Filters:   \u2502\n                                  \u2502 ss_customer_sk\u2502\u2502               \u2502                 \u2502  p_channel_tv \u2502                                                                    \u2502  d_year=1999  \u2502\n                                  \u2502   ss_item_sk  \u2502\u2502               \u2502                 \u2502               \u2502                                                                    \u2502    d_moy=11   \u2502\n                                  \u2502ss_ext_sales_pr\u2502\u2502               \u2502                 \u2502               \u2502                                                                    \u2502               \u2502\n                                  \u2502      ice      \u2502\u2502               \u2502                 \u2502               \u2502                                                                    \u2502               \u2502\n                                  \u2502               \u2502\u2502               \u2502                 \u2502               \u2502                                                                    \u2502               \u2502\n                                  \u2502  135,648 rows \u2502\u2502    30 rows    \u2502                 \u2502    500 rows   \u2502                                                                    \u2502    30 rows    \u2502\n                                  \u2502    (0.52s)    \u2502\u2502    (0.00s)    \u2502                 \u2502    (0.00s)    \u2502                                                                    \u2502    (0.01s)    \u2502\n                                  \u2514\u2500\u2500\u2500\u2500\u2500\u2500\u2500\u2500\u2500\u2500\u2500\u2500\u2500\u2500\u2500\u2518\u2514\u2500\u2500\u2500\u2500\u2500\u2500\u2500\u252c\u2500\u2500\u2500\u2500\u2500\u2500\u2500\u2518                 \u2514\u2500\u2500\u2500\u2500\u2500\u2500\u2500\u2500\u2500\u2500\u2500\u2500\u2500\u2500\u2500\u2518                                                                    \u2514\u2500\u2500\u2500\u2500\u2500\u2500\u2500\u2500\u2500\u2500\u2500\u2500\u2500\u2500\u2500\u2518\n                                                   \u250c\u2500\u2500\u2500\u2500\u2500\u2500\u2500\u2534\u2500\u2500\u2500\u2500\u2500\u2500\u2500\u2510\n                                                   \u2502   TABLE_SCAN  \u2502\n                                                   \u2502    \u2500\u2500\u2500\u2500\u2500\u2500\u2500\u2500   \u2502\n                                                   \u2502     Table:    \u2502\n                                                   \u2502    date_dim   \u2502\n                                                   \u2502               \u2502\n                                                   \u2502     Type:     \u2502\n                                                   \u2502Sequential Scan\u2502\n                                                   \u2502               \u2502\n                                                   \u2502  Projections: \u2502\n                                                   \u2502   d_date_sk   \u2502\n                                                   \u2502               \u2502\n                                                   \u2502    Filters:   \u2502\n                                                   \u2502  d_year=1999  \u2502\n                                                   \u2502    d_moy=11   \u2502\n                                                   \u2502               \u2502\n                                                   \u2502    30 rows    \u2502\n                                                   \u2502    (0.01s)    \u2502\n                                                   \u2514\u2500\u2500\u2500\u2500\u2500\u2500\u2500\u2500\u2500\u2500\u2500\u2500\u2500\u2500\u2500\u2518\n",
  "plan_json": {
    "total_bytes_written": 0,
    "total_bytes_read": 0,
    "rows_returned": 0,
    "latency": 0.0,
    "result_set_size": 0,
    "query_name": "",
    "blocked_thread_time": 0.0,
    "system_peak_buffer_memory": 0,
    "system_peak_temp_dir_size": 0,
    "cpu_time": 0.0,
    "extra_info": {},
    "cumulative_cardinality": 0,
    "cumulative_rows_scanned": 0,
    "children": [
      {
        "total_bytes_written": 0,
        "total_bytes_read": 0,
        "result_set_size": 0,
        "operator_name": "EXPLAIN_ANALYZE",
        "cpu_time": 0.0,
        "extra_info": {},
        "cumulative_cardinality": 0,
        "operator_type": "EXPLAIN_ANALYZE",
        "operator_cardinality": 0,
        "cumulative_rows_scanned": 0,
        "operator_rows_scanned": 0,
        "operator_timing": 3.06e-07,
        "children": [
          {
            "total_bytes_written": 0,
            "total_bytes_read": 0,
            "result_set_size": 40,
            "operator_name": "TOP_N",
            "cpu_time": 0.0,
            "extra_info": {
              "Top": "100",
              "Order By": [
                "promotional_sales.promotions ASC",
                "all_sales.total ASC"
              ]
            },
            "cumulative_cardinality": 0,
            "operator_type": "TOP_N",
            "operator_cardinality": 1,
            "cumulative_rows_scanned": 0,
            "operator_rows_scanned": 0,
            "operator_timing": 2.2524e-05,
            "children": [
              {
                "total_bytes_written": 0,
                "total_bytes_read": 0,
                "result_set_size": 40,
                "operator_name": "PROJECTION",
                "cpu_time": 0.0,
                "extra_info": {
                  "Projections": [
                    "promotions",
                    "total",
                    "((CAST(CAST(promotions AS DECIMAL(15,4)) AS DOUBLE) / CAST(CAST(total AS DECIMAL(15,4)) AS DOUBLE)) * 100.0)"
                  ],
                  "Estimated Cardinality": "1"
                },
                "cumulative_cardinality": 0,
                "operator_type": "PROJECTION",
                "operator_cardinality": 1,
                "cumulative_rows_scanned": 0,
                "operator_rows_scanned": 0,
                "operator_timing": 5.356e-06,
                "children": [
                  {
                    "total_bytes_written": 0,
                    "total_bytes_read": 0,
                    "result_set_size": 32,
                    "operator_name": "CROSS_PRODUCT",
                    "cpu_time": 0.0,
                    "extra_info": {},
                    "cumulative_cardinality": 0,
                    "operator_type": "CROSS_PRODUCT",
                    "operator_cardinality": 1,
                    "cumulative_rows_scanned": 0,
                    "operator_rows_scanned": 0,
                    "operator_timing": 2.121e-05,
                    "children": [
                      {
                        "total_bytes_written": 0,
                        "total_bytes_read": 0,
                        "result_set_size": 16,
                        "operator_name": "UNGROUPED_AGGREGATE",
                        "cpu_time": 0.0,
                        "extra_info": {
                          "Aggregates": "sum(#0)"
                        },
                        "cumulative_cardinality": 0,
                        "operator_type": "UNGROUPED_AGGREGATE",
                        "operator_cardinality": 1,
                        "cumulative_rows_scanned": 0,
                        "operator_rows_scanned": 0,
                        "operator_timing": 2.291e-06,
                        "children": [
                          {
                            "total_bytes_written": 0,
                            "total_bytes_read": 0,
                            "result_set_size": 0,
                            "operator_name": "PROJECTION",
                            "cpu_time": 0.0,
                            "extra_info": {
                              "Projections": "ss_ext_sales_price",
                              "Estimated Cardinality": "298"
                            },
                            "cumulative_cardinality": 0,
                            "operator_type": "PROJECTION",
                            "operator_cardinality": 0,
                            "cumulative_rows_scanned": 0,
                            "operator_rows_scanned": 0,
                            "operator_timing": 0.0,
                            "children": [
                              {
                                "total_bytes_written": 0,
                                "total_bytes_read": 0,
                                "result_set_size": 0,
                                "operator_name": "HASH_JOIN",
                                "cpu_time": 0.0,
                                "extra_info": {
                                  "Join Type": "INNER",
                                  "Conditions": "ca_address_sk = c_current_addr_sk",
                                  "Estimated Cardinality": "298"
                                },
                                "cumulative_cardinality": 0,
                                "operator_type": "HASH_JOIN",
                                "operator_cardinality": 0,
                                "cumulative_rows_scanned": 0,
                                "operator_rows_scanned": 0,
                                "operator_timing": 1.1314e-05,
                                "children": [
                                  {
                                    "total_bytes_written": 0,
                                    "total_bytes_read": 0,
                                    "result_set_size": 2808,
                                    "operator_name": "SEQ_SCAN ",
                                    "cpu_time": 0.0,
                                    "extra_info": {
                                      "Table": "customer_address",
                                      "Type": "Sequential Scan",
                                      "Projections": "ca_address_sk",
                                      "Filters": "ca_gmt_offset=-7.00",
                                      "Estimated Cardinality": "41667"
                                    },
                                    "cumulative_cardinality": 0,
                                    "operator_type": "TABLE_SCAN",
                                    "operator_cardinality": 702,
                                    "cumulative_rows_scanned": 0,
                                    "operator_rows_scanned": 750000,
                                    "operator_timing": 3.8951e-05,
                                    "children": []
                                  },
                                  {
                                    "total_bytes_written": 0,
                                    "total_bytes_read": 0,
                                    "result_set_size": 0,
                                    "operator_name": "HASH_JOIN",
                                    "cpu_time": 0.0,
                                    "extra_info": {
                                      "Join Type": "INNER",
                                      "Conditions": "c_customer_sk = ss_customer_sk",
                                      "Estimated Cardinality": "2183"
                                    },
                                    "cumulative_cardinality": 0,
                                    "operator_type": "HASH_JOIN",
                                    "operator_cardinality": 0,
                                    "cumulative_rows_scanned": 0,
                                    "operator_rows_scanned": 0,
                                    "operator_timing": 1.7624e-05,
                                    "children": [
                                      {
                                        "total_bytes_written": 0,
                                        "total_bytes_read": 0,
                                        "result_set_size": 81920,
                                        "operator_name": "SEQ_SCAN ",
                                        "cpu_time": 0.0,
                                        "extra_info": {
                                          "Table": "customer",
                                          "Type": "Sequential Scan",
                                          "Projections": [
                                            "c_customer_sk",
                                            "c_current_addr_sk"
                                          ],
                                          "Estimated Cardinality": "500000"
                                        },
                                        "cumulative_cardinality": 0,
                                        "operator_type": "TABLE_SCAN",
                                        "operator_cardinality": 10240,
                                        "cumulative_rows_scanned": 0,
                                        "operator_rows_scanned": 2500000,
                                        "operator_timing": 5.5731e-05,
                                        "children": []
                                      },
                                      {
                                        "total_bytes_written": 0,
                                        "total_bytes_read": 0,
                                        "result_set_size": 0,
                                        "operator_name": "HASH_JOIN",
                                        "cpu_time": 0.0,
                                        "extra_info": {
                                          "Join Type": "INNER",
                                          "Conditions": "ss_store_sk = s_store_sk",
                                          "Estimated Cardinality": "2183"
                                        },
                                        "cumulative_cardinality": 0,
                                        "operator_type": "HASH_JOIN",
                                        "operator_cardinality": 0,
                                        "cumulative_rows_scanned": 0,
                                        "operator_rows_scanned": 0,
                                        "operator_timing": 0.00012881900000000001,
                                        "children": [
                                          {
                                            "total_bytes_written": 0,
                                            "total_bytes_read": 0,
                                            "result_set_size": 44352,
                                            "operator_name": "HASH_JOIN",
                                            "cpu_time": 0.0,
                                            "extra_info": {
                                              "Join Type": "INNER",
                                              "Conditions": "ss_promo_sk = p_promo_sk",
                                              "Estimated Cardinality": "4282"
                                            },
                                            "cumulative_cardinality": 0,
                                            "operator_type": "HASH_JOIN",
                                            "operator_cardinality": 2772,
                                            "cumulative_rows_scanned": 0,
                                            "operator_rows_scanned": 0,
                                            "operator_timing": 0.000321278,
                                            "children": [
                                              {
                                                "total_bytes_written": 0,
                                                "total_bytes_read": 0,
                                                "result_set_size": 111180,
                                                "operator_name": "HASH_JOIN",
                                                "cpu_time": 0.0,
                                                "extra_info": {
                                                  "Join Type": "INNER",
                                                  "Conditions": "ss_item_sk = i_item_sk",
                                                  "Estimated Cardinality": "22267"
                                                },
                                                "cumulative_cardinality": 0,
                                                "operator_type": "HASH_JOIN",
                                                "operator_cardinality": 5559,
                                                "cumulative_rows_scanned": 0,
                                                "operator_rows_scanned": 0,
                                                "operator_timing": 0.004648191,
                                                "children": [
                                                  {
                                                    "total_bytes_written": 0,
                                                    "total_bytes_read": 0,
                                                    "result_set_size": 3316944,
                                                    "operator_name": "HASH_JOIN",
                                                    "cpu_time": 0.0,
                                                    "extra_info": {
                                                      "Join Type": "INNER",
                                                      "Conditions": "ss_sold_date_sk = d_date_sk",
                                                      "Estimated Cardinality": "230647"
                                                    },
                                                    "cumulative_cardinality": 0,
                                                    "operator_type": "HASH_JOIN",
                                                    "operator_cardinality": 138206,
                                                    "cumulative_rows_scanned": 0,
                                                    "operator_rows_scanned": 0,
                                                    "operator_timing": 0.008227123999999999,
                                                    "children": [
                                                      {
                                                        "total_bytes_written": 0,
                                                        "total_bytes_read": 0,
                                                        "result_set_size": 3316944,
                                                        "operator_name": "SEQ_SCAN ",
                                                        "cpu_time": 0.0,
                                                        "extra_info": {
                                                          "Table": "store_sales",
                                                          "Type": "Sequential Scan",
                                                          "Projections": [
                                                            "ss_sold_date_sk",
                                                            "ss_store_sk",
                                                            "ss_promo_sk",
                                                            "ss_customer_sk",
                                                            "ss_item_sk",
                                                            "ss_ext_sales_price"
                                                          ],
                                                          "Estimated Cardinality": "28800991"
                                                        },
                                                        "cumulative_cardinality": 0,
                                                        "operator_type": "TABLE_SCAN",
                                                        "operator_cardinality": 138206,
                                                        "cumulative_rows_scanned": 0,
                                                        "operator_rows_scanned": 806427748,
                                                        "operator_timing": 0.050663744,
                                                        "children": []
                                                      },
                                                      {
                                                        "total_bytes_written": 0,
                                                        "total_bytes_read": 0,
                                                        "result_set_size": 120,
                                                        "operator_name": "FILTER",
                                                        "cpu_time": 0.0,
                                                        "extra_info": {
                                                          "Expression": "(d_date_sk BETWEEN 2450816 AND 2452642)",
                                                          "Estimated Cardinality": "585"
                                                        },
                                                        "cumulative_cardinality": 0,
                                                        "operator_type": "FILTER",
                                                        "operator_cardinality": 30,
                                                        "cumulative_rows_scanned": 0,
                                                        "operator_rows_scanned": 0,
                                                        "operator_timing": 1.0610999999999999e-05,
                                                        "children": [
                                                          {
                                                            "total_bytes_written": 0,
                                                            "total_bytes_read": 0,
                                                            "result_set_size": 120,
                                                            "operator_name": "SEQ_SCAN ",
                                                            "cpu_time": 0.0,
                                                            "extra_info": {
                                                              "Table": "date_dim",
                                                              "Type": "Sequential Scan",
                                                              "Projections": "d_date_sk",
                                                              "Filters": [
                                                                "d_year=1999",
                                                                "d_moy=11"
                                                              ],
                                                              "Estimated Cardinality": "585"
                                                            },
                                                            "cumulative_cardinality": 0,
                                                            "operator_type": "TABLE_SCAN",
                                                            "operator_cardinality": 30,
                                                            "cumulative_rows_scanned": 0,
                                                            "operator_rows_scanned": 73049,
                                                            "operator_timing": 3.4781000000000005e-05,
                                                            "children": []
                                                          }
                                                        ]
                                                      }
                                                    ]
                                                  },
                                                  {
                                                    "total_bytes_written": 0,
                                                    "total_bytes_read": 0,
                                                    "result_set_size": 40252,
                                                    "operator_name": "SEQ_SCAN ",
                                                    "cpu_time": 0.0,
                                                    "extra_info": {
                                                      "Table": "item",
                                                      "Type": "Sequential Scan",
                                                      "Projections": "i_item_sk",
                                                      "Filters": "i_category='Jewelry'",
                                                      "Estimated Cardinality": "9273"
                                                    },
                                                    "cumulative_cardinality": 0,
                                                    "operator_type": "TABLE_SCAN",
                                                    "operator_cardinality": 10063,
                                                    "cumulative_rows_scanned": 0,
                                                    "operator_rows_scanned": 102000,
                                                    "operator_timing": 0.000568819,
                                                    "children": []
                                                  }
                                                ]
                                              },
                                              {
                                                "total_bytes_written": 0,
                                                "total_bytes_read": 0,
                                                "result_set_size": 1004,
                                                "operator_name": "PROJECTION",
                                                "cpu_time": 0.0,
                                                "extra_info": {
                                                  "Projections": "#0",
                                                  "Estimated Cardinality": "100"
                                                },
                                                "cumulative_cardinality": 0,
                                                "operator_type": "PROJECTION",
                                                "operator_cardinality": 251,
                                                "cumulative_rows_scanned": 0,
                                                "operator_rows_scanned": 0,
                                                "operator_timing": 2.29e-07,
                                                "children": [
                                                  {
                                                    "total_bytes_written": 0,
                                                    "total_bytes_read": 0,
                                                    "result_set_size": 13052,
                                                    "operator_name": "FILTER",
                                                    "cpu_time": 0.0,
                                                    "extra_info": {
                                                      "Expression": "((p_channel_dmail = 'Y') OR (p_channel_email = 'Y') OR (p_channel_tv = 'Y'))",
                                                      "Estimated Cardinality": "100"
                                                    },
                                                    "cumulative_cardinality": 0,
                                                    "operator_type": "FILTER",
                                                    "operator_cardinality": 251,
                                                    "cumulative_rows_scanned": 0,
                                                    "operator_rows_scanned": 0,
                                                    "operator_timing": 1.9191e-05,
                                                    "children": [
                                                      {
                                                        "total_bytes_written": 0,
                                                        "total_bytes_read": 0,
                                                        "result_set_size": 26000,
                                                        "operator_name": "SEQ_SCAN ",
                                                        "cpu_time": 0.0,
                                                        "extra_info": {
                                                          "Table": "promotion",
                                                          "Type": "Sequential Scan",
                                                          "Projections": [
                                                            "p_promo_sk",
                                                            "p_channel_dmail",
                                                            "p_channel_email",
                                                            "p_channel_tv"
                                                          ],
                                                          "Estimated Cardinality": "500"
                                                        },
                                                        "cumulative_cardinality": 0,
                                                        "operator_type": "TABLE_SCAN",
                                                        "operator_cardinality": 500,
                                                        "cumulative_rows_scanned": 0,
                                                        "operator_rows_scanned": 500,
                                                        "operator_timing": 3.1839e-05,
                                                        "children": []
                                                      }
                                                    ]
                                                  }
                                                ]
                                              }
                                            ]
                                          },
                                          {
                                            "total_bytes_written": 0,
                                            "total_bytes_read": 0,
                                            "result_set_size": 0,
                                            "operator_name": "FILTER",
                                            "cpu_time": 0.0,
                                            "extra_info": {
                                              "Expression": "(s_store_sk <= 100)",
                                              "Estimated Cardinality": "0"
                                            },
                                            "cumulative_cardinality": 0,
                                            "operator_type": "FILTER",
                                            "operator_cardinality": 0,
                                            "cumulative_rows_scanned": 0,
                                            "operator_rows_scanned": 0,
                                            "operator_timing": 1.09e-07,
                                            "children": [
                                              {
                                                "total_bytes_written": 0,
                                                "total_bytes_read": 0,
                                                "result_set_size": 0,
                                                "operator_name": "EMPTY_RESULT",
                                                "cpu_time": 0.0,
                                                "extra_info": {},
                                                "cumulative_cardinality": 0,
                                                "operator_type": "EMPTY_RESULT",
                                                "operator_cardinality": 0,
                                                "cumulative_rows_scanned": 0,
                                                "operator_rows_scanned": 0,
                                                "operator_timing": 2.74e-07,
                                                "children": []
                                              }
                                            ]
                                          }
                                        ]
                                      }
                                    ]
                                  }
                                ]
                              }
                            ]
                          }
                        ]
                      },
                      {
                        "total_bytes_written": 0,
                        "total_bytes_read": 0,
                        "result_set_size": 16,
                        "operator_name": "UNGROUPED_AGGREGATE",
                        "cpu_time": 0.0,
                        "extra_info": {
                          "Aggregates": "sum(#0)"
                        },
                        "cumulative_cardinality": 0,
                        "operator_type": "UNGROUPED_AGGREGATE",
                        "operator_cardinality": 1,
                        "cumulative_rows_scanned": 0,
                        "operator_rows_scanned": 0,
                        "operator_timing": 4.522e-06,
                        "children": [
                          {
                            "total_bytes_written": 0,
                            "total_bytes_read": 0,
                            "result_set_size": 0,
                            "operator_name": "PROJECTION",
                            "cpu_time": 0.0,
                            "extra_info": {
                              "Projections": "ss_ext_sales_price",
                              "Estimated Cardinality": "1554"
                            },
                            "cumulative_cardinality": 0,
                            "operator_type": "PROJECTION",
                            "operator_cardinality": 0,
                            "cumulative_rows_scanned": 0,
                            "operator_rows_scanned": 0,
                            "operator_timing": 0.0,
                            "children": [
                              {
                                "total_bytes_written": 0,
                                "total_bytes_read": 0,
                                "result_set_size": 0,
                                "operator_name": "HASH_JOIN",
                                "cpu_time": 0.0,
                                "extra_info": {
                                  "Join Type": "INNER",
                                  "Conditions": "ca_address_sk = c_current_addr_sk",
                                  "Estimated Cardinality": "1554"
                                },
                                "cumulative_cardinality": 0,
                                "operator_type": "HASH_JOIN",
                                "operator_cardinality": 0,
                                "cumulative_rows_scanned": 0,
                                "operator_rows_scanned": 0,
                                "operator_timing": 1.1954000000000001e-05,
                                "children": [
                                  {
                                    "total_bytes_written": 0,
                                    "total_bytes_read": 0,
                                    "result_set_size": 2808,
                                    "operator_name": "SEQ_SCAN ",
                                    "cpu_time": 0.0,
                                    "extra_info": {
                                      "Table": "customer_address",
                                      "Type": "Sequential Scan",
                                      "Projections": "ca_address_sk",
                                      "Filters": "ca_gmt_offset=-7.00",
                                      "Estimated Cardinality": "41667"
                                    },
                                    "cumulative_cardinality": 0,
                                    "operator_type": "TABLE_SCAN",
                                    "operator_cardinality": 702,
                                    "cumulative_rows_scanned": 0,
                                    "operator_rows_scanned": 750000,
                                    "operator_timing": 6.4712e-05,
                                    "children": []
                                  },
                                  {
                                    "total_bytes_written": 0,
                                    "total_bytes_read": 0,
                                    "result_set_size": 0,
                                    "operator_name": "HASH_JOIN",
                                    "cpu_time": 0.0,
                                    "extra_info": {
                                      "Join Type": "INNER",
                                      "Conditions": "c_customer_sk = ss_customer_sk",
                                      "Estimated Cardinality": "11356"
                                    },
                                    "cumulative_cardinality": 0,
                                    "operator_type": "HASH_JOIN",
                                    "operator_cardinality": 0,
                                    "cumulative_rows_scanned": 0,
                                    "operator_rows_scanned": 0,
                                    "operator_timing": 1.6986e-05,
                                    "children": [
                                      {
                                        "total_bytes_written": 0,
                                        "total_bytes_read": 0,
                                        "result_set_size": 81920,
                                        "operator_name": "SEQ_SCAN ",
                                        "cpu_time": 0.0,
                                        "extra_info": {
                                          "Table": "customer",
                                          "Type": "Sequential Scan",
                                          "Projections": [
                                            "c_customer_sk",
                                            "c_current_addr_sk"
                                          ],
                                          "Estimated Cardinality": "500000"
                                        },
                                        "cumulative_cardinality": 0,
                                        "operator_type": "TABLE_SCAN",
                                        "operator_cardinality": 10240,
                                        "cumulative_rows_scanned": 0,
                                        "operator_rows_scanned": 2500000,
                                        "operator_timing": 7.1272e-05,
                                        "children": []
                                      },
                                      {
                                        "total_bytes_written": 0,
                                        "total_bytes_read": 0,
                                        "result_set_size": 0,
                                        "operator_name": "HASH_JOIN",
                                        "cpu_time": 0.0,
                                        "extra_info": {
                                          "Join Type": "INNER",
                                          "Conditions": "ss_store_sk = s_store_sk",
                                          "Estimated Cardinality": "11356"
                                        },
                                        "cumulative_cardinality": 0,
                                        "operator_type": "HASH_JOIN",
                                        "operator_cardinality": 0,
                                        "cumulative_rows_scanned": 0,
                                        "operator_rows_scanned": 0,
                                        "operator_timing": 0.000110751,
                                        "children": [
                                          {
                                            "total_bytes_written": 0,
                                            "total_bytes_read": 0,
                                            "result_set_size": 89536,
                                            "operator_name": "HASH_JOIN",
                                            "cpu_time": 0.0,
                                            "extra_info": {
                                              "Join Type": "INNER",
                                              "Conditions": "ss_item_sk = i_item_sk",
                                              "Estimated Cardinality": "22267"
                                            },
                                            "cumulative_cardinality": 0,
                                            "operator_type": "HASH_JOIN",
                                            "operator_cardinality": 5596,
                                            "cumulative_rows_scanned": 0,
                                            "operator_rows_scanned": 0,
                                            "operator_timing": 0.004152957000000001,
                                            "children": [
                                              {
                                                "total_bytes_written": 0,
                                                "total_bytes_read": 0,
                                                "result_set_size": 2973780,
                                                "operator_name": "HASH_JOIN",
                                                "cpu_time": 0.0,
                                                "extra_info": {
                                                  "Join Type": "INNER",
                                                  "Conditions": "ss_sold_date_sk = d_date_sk",
                                                  "Estimated Cardinality": "230647"
                                                },
                                                "cumulative_cardinality": 0,
                                                "operator_type": "HASH_JOIN",
                                                "operator_cardinality": 148689,
                                                "cumulative_rows_scanned": 0,
                                                "operator_rows_scanned": 0,
                                                "operator_timing": 0.007242664,
                                                "children": [
                                                  {
                                                    "total_bytes_written": 0,
                                                    "total_bytes_read": 0,
                                                    "result_set_size": 2973780,
                                                    "operator_name": "SEQ_SCAN ",
                                                    "cpu_time": 0.0,
                                                    "extra_info": {
                                                      "Table": "store_sales",
                                                      "Type": "Sequential Scan",
                                                      "Projections": [
                                                        "ss_sold_date_sk",
                                                        "ss_store_sk",
                                                        "ss_customer_sk",
                                                        "ss_item_sk",
                                                        "ss_ext_sales_price"
                                                      ],
                                                      "Estimated Cardinality": "28800991"
                                                    },
                                                    "cumulative_cardinality": 0,
                                                    "operator_type": "TABLE_SCAN",
                                                    "operator_cardinality": 148689,
                                                    "cumulative_rows_scanned": 0,
                                                    "operator_rows_scanned": 806427748,
                                                    "operator_timing": 0.045739532,
                                                    "children": []
                                                  },
                                                  {
                                                    "total_bytes_written": 0,
                                                    "total_bytes_read": 0,
                                                    "result_set_size": 120,
                                                    "operator_name": "FILTER",
                                                    "cpu_time": 0.0,
                                                    "extra_info": {
                                                      "Expression": "(d_date_sk BETWEEN 2450816 AND 2452642)",
                                                      "Estimated Cardinality": "585"
                                                    },
                                                    "cumulative_cardinality": 0,
                                                    "operator_type": "FILTER",
                                                    "operator_cardinality": 30,
                                                    "cumulative_rows_scanned": 0,
                                                    "operator_rows_scanned": 0,
                                                    "operator_timing": 3.9576e-05,
                                                    "children": [
                                                      {
                                                        "total_bytes_written": 0,
                                                        "total_bytes_read": 0,
                                                        "result_set_size": 120,
                                                        "operator_name": "SEQ_SCAN ",
                                                        "cpu_time": 0.0,
                                                        "extra_info": {
                                                          "Table": "date_dim",
                                                          "Type": "Sequential Scan",
                                                          "Projections": "d_date_sk",
                                                          "Filters": [
                                                            "d_year=1999",
                                                            "d_moy=11"
                                                          ],
                                                          "Estimated Cardinality": "585"
                                                        },
                                                        "cumulative_cardinality": 0,
                                                        "operator_type": "TABLE_SCAN",
                                                        "operator_cardinality": 30,
                                                        "cumulative_rows_scanned": 0,
                                                        "operator_rows_scanned": 73049,
                                                        "operator_timing": 0.00012688199999999998,
                                                        "children": []
                                                      }
                                                    ]
                                                  }
                                                ]
                                              },
                                              {
                                                "total_bytes_written": 0,
                                                "total_bytes_read": 0,
                                                "result_set_size": 40252,
                                                "operator_name": "SEQ_SCAN ",
                                                "cpu_time": 0.0,
                                                "extra_info": {
                                                  "Table": "item",
                                                  "Type": "Sequential Scan",
                                                  "Projections": "i_item_sk",
                                                  "Filters": "i_category='Jewelry'",
                                                  "Estimated Cardinality": "9273"
                                                },
                                                "cumulative_cardinality": 0,
                                                "operator_type": "TABLE_SCAN",
                                                "operator_cardinality": 10063,
                                                "cumulative_rows_scanned": 0,
                                                "operator_rows_scanned": 102000,
                                                "operator_timing": 0.0007225090000000002,
                                                "children": []
                                              }
                                            ]
                                          },
                                          {
                                            "total_bytes_written": 0,
                                            "total_bytes_read": 0,
                                            "result_set_size": 0,
                                            "operator_name": "FILTER",
                                            "cpu_time": 0.0,
                                            "extra_info": {
                                              "Expression": "(s_store_sk <= 100)",
                                              "Estimated Cardinality": "0"
                                            },
                                            "cumulative_cardinality": 0,
                                            "operator_type": "FILTER",
                                            "operator_cardinality": 0,
                                            "cumulative_rows_scanned": 0,
                                            "operator_rows_scanned": 0,
                                            "operator_timing": 1.2e-07,
                                            "children": [
                                              {
                                                "total_bytes_written": 0,
                                                "total_bytes_read": 0,
                                                "result_set_size": 0,
                                                "operator_name": "EMPTY_RESULT",
                                                "cpu_time": 0.0,
                                                "extra_info": {},
                                                "cumulative_cardinality": 0,
                                                "operator_type": "EMPTY_RESULT",
                                                "operator_cardinality": 0,
                                                "cumulative_rows_scanned": 0,
                                                "operator_rows_scanned": 0,
                                                "operator_timing": 3.26e-07,
                                                "children": []
                                              }
                                            ]
                                          }
                                        ]
                                      }
                                    ]
                                  }
                                ]
                              }
                            ]
                          }
                        ]
                      }
                    ]
                  }
                ]
              }
            ]
          }
        ]
      }
    ]
  },
  "actual_rows": 0,
  "collected_at": "2026-02-16T10:19:39.803653",
  "query_id": "query_61"
}