{
  "execution_time_ms": 1480.0,
  "plan_text": "\u250c\u2500\u2500\u2500\u2500\u2500\u2500\u2500\u2500\u2500\u2500\u2500\u2500\u2500\u2500\u2500\u2500\u2500\u2500\u2500\u2500\u2500\u2500\u2500\u2500\u2500\u2500\u2500\u2500\u2500\u2500\u2500\u2500\u2500\u2500\u2500\u2500\u2500\u2510\n\u2502\u250c\u2500\u2500\u2500\u2500\u2500\u2500\u2500\u2500\u2500\u2500\u2500\u2500\u2500\u2500\u2500\u2500\u2500\u2500\u2500\u2500\u2500\u2500\u2500\u2500\u2500\u2500\u2500\u2500\u2500\u2500\u2500\u2500\u2500\u2500\u2500\u2510\u2502\n\u2502\u2502    Query Profiling Information    \u2502\u2502\n\u2502\u2514\u2500\u2500\u2500\u2500\u2500\u2500\u2500\u2500\u2500\u2500\u2500\u2500\u2500\u2500\u2500\u2500\u2500\u2500\u2500\u2500\u2500\u2500\u2500\u2500\u2500\u2500\u2500\u2500\u2500\u2500\u2500\u2500\u2500\u2500\u2500\u2518\u2502\n\u2514\u2500\u2500\u2500\u2500\u2500\u2500\u2500\u2500\u2500\u2500\u2500\u2500\u2500\u2500\u2500\u2500\u2500\u2500\u2500\u2500\u2500\u2500\u2500\u2500\u2500\u2500\u2500\u2500\u2500\u2500\u2500\u2500\u2500\u2500\u2500\u2500\u2500\u2518\nEXPLAIN ANALYZE with frequent_ss_items as  (select substr(i_item_desc,1,30) itemdesc,i_item_sk item_sk,d_date solddate,count(*) cnt   from store_sales       ,date_dim       ,item   where ss_sold_date_sk = d_date_sk     and ss_item_sk = i_item_sk     and d_year in (2000,2000 + 1,2000 + 2,2000 + 3)   group by substr(i_item_desc,1,30),i_item_sk,d_date   having count(*) >4),  max_store_sales as  (select max(csales) tpcds_cmax   from (select c_customer_sk,sum(ss_quantity*ss_sales_price) csales         from store_sales             ,customer             ,date_dim          where ss_customer_sk = c_customer_sk          and ss_sold_date_sk = d_date_sk          and d_year in (2000,2000+1,2000+2,2000+3)         group by c_customer_sk)),  best_ss_customer as  (select c_customer_sk,sum(ss_quantity*ss_sales_price) ssales   from store_sales       ,customer   where ss_customer_sk = c_customer_sk   group by c_customer_sk   having sum(ss_quantity*ss_sales_price) > (95/100.0) * (select   *  from max_store_sales))   select c_last_name,c_first_name,sales  from (select c_last_name,c_first_name,sum(cs_quantity*cs_list_price) sales         from catalog_sales             ,customer             ,date_dim          where d_year = 2000           and d_moy = 5           and cs_sold_date_sk = d_date_sk           and cs_item_sk in (select item_sk from frequent_ss_items)          and cs_bill_customer_sk in (select c_customer_sk from best_ss_customer)          and cs_bill_customer_sk = c_customer_sk         group by c_last_name,c_first_name       union all       select c_last_name,c_first_name,sum(ws_quantity*ws_list_price) sales        from web_sales            ,customer            ,date_dim         where d_year = 2000           and d_moy = 5           and ws_sold_date_sk = d_date_sk           and ws_item_sk in (select item_sk from frequent_ss_items)          and ws_bill_customer_sk in (select c_customer_sk from best_ss_customer)          and ws_bill_customer_sk = c_customer_sk        group by c_last_name,c_first_name)       order by c_last_name,c_first_name,sales  LIMIT 100;\n\u250c\u2500\u2500\u2500\u2500\u2500\u2500\u2500\u2500\u2500\u2500\u2500\u2500\u2500\u2500\u2500\u2500\u2500\u2500\u2500\u2500\u2500\u2500\u2500\u2500\u2500\u2500\u2500\u2500\u2500\u2500\u2500\u2500\u2500\u2500\u2500\u2500\u2500\u2500\u2500\u2500\u2500\u2500\u2500\u2500\u2500\u2500\u2500\u2500\u2510\n\u2502\u250c\u2500\u2500\u2500\u2500\u2500\u2500\u2500\u2500\u2500\u2500\u2500\u2500\u2500\u2500\u2500\u2500\u2500\u2500\u2500\u2500\u2500\u2500\u2500\u2500\u2500\u2500\u2500\u2500\u2500\u2500\u2500\u2500\u2500\u2500\u2500\u2500\u2500\u2500\u2500\u2500\u2500\u2500\u2500\u2500\u2500\u2500\u2510\u2502\n\u2502\u2502               Total Time: 1.48s              \u2502\u2502\n\u2502\u2514\u2500\u2500\u2500\u2500\u2500\u2500\u2500\u2500\u2500\u2500\u2500\u2500\u2500\u2500\u2500\u2500\u2500\u2500\u2500\u2500\u2500\u2500\u2500\u2500\u2500\u2500\u2500\u2500\u2500\u2500\u2500\u2500\u2500\u2500\u2500\u2500\u2500\u2500\u2500\u2500\u2500\u2500\u2500\u2500\u2500\u2500\u2518\u2502\n\u2514\u2500\u2500\u2500\u2500\u2500\u2500\u2500\u2500\u2500\u2500\u2500\u2500\u2500\u2500\u2500\u2500\u2500\u2500\u2500\u2500\u2500\u2500\u2500\u2500\u2500\u2500\u2500\u2500\u2500\u2500\u2500\u2500\u2500\u2500\u2500\u2500\u2500\u2500\u2500\u2500\u2500\u2500\u2500\u2500\u2500\u2500\u2500\u2500\u2518\n\u250c\u2500\u2500\u2500\u2500\u2500\u2500\u2500\u2500\u2500\u2500\u2500\u2500\u2500\u2510\n\u2502    QUERY    \u2502\n\u2514\u2500\u2500\u2500\u2500\u2500\u2500\u252c\u2500\u2500\u2500\u2500\u2500\u2500\u2518\n\u250c\u2500\u2500\u2500\u2500\u2500\u2500\u2534\u2500\u2500\u2500\u2500\u2500\u2500\u2510\n\u2502EXPLAIN_...  \u2502\n\u2502    \u2500\u2500\u2500\u2500\u2500\u2500   \u2502\n\u2502    0 rows   \u2502\n\u2502   (0.00s)   \u2502\n\u2514\u2500\u2500\u2500\u2500\u2500\u2500\u252c\u2500\u2500\u2500\u2500\u2500\u2500\u2518\n\u250c\u2500\u2500\u2500\u2500\u2500\u2500\u2534\u2500\u2500\u2500\u2500\u2500\u2500\u2510\n\u2502     CTE     \u2502\n\u2502    \u2500\u2500\u2500\u2500\u2500\u2500   \u2502\n\u2502  CTE Name:  \u2502\n\u2502frequent_ss_i\u2502\n\u2502     tems    \u2502\n\u2502             \u251c\u2500\u2500\u2500\u2500\u2500\u2500\u2500\u2500\u2500\u2500\u2500\u2500\u2500\u2500\u2500\u2500\u2500\u2500\u2500\u2500\u2500\u2500\u2500\u2500\u2500\u2500\u2500\u2500\u2500\u2500\u2500\u2500\u2500\u2500\u2500\u2500\u2500\u2510\n\u2502 Table Index:\u2502                                     \u2502\n\u2502      0      \u2502                                     \u2502\n\u2502             \u2502                                     \u2502\n\u2502    0 rows   \u2502                                     \u2502\n\u2502   (0.00s)   \u2502                                     \u2502\n\u2514\u2500\u2500\u2500\u2500\u2500\u2500\u252c\u2500\u2500\u2500\u2500\u2500\u2500\u2518                                     \u2502\n\u250c\u2500\u2500\u2500\u2500\u2500\u2500\u2534\u2500\u2500\u2500\u2500\u2500\u2500\u2510                              \u250c\u2500\u2500\u2500\u2500\u2500\u2500\u2534\u2500\u2500\u2500\u2500\u2500\u2500\u2510\n\u2502    FILTER   \u2502                              \u2502     CTE     \u2502\n\u2502    \u2500\u2500\u2500\u2500\u2500\u2500   \u2502                              \u2502    \u2500\u2500\u2500\u2500\u2500\u2500   \u2502\n\u2502 (count_star(\u2502                              \u2502  CTE Name:  \u2502\n\u2502    ) > 4)   \u2502                              \u2502max_store_sal\u2502\n\u2502             \u2502                              \u2502      es     \u2502\n\u2502             \u2502                              \u2502             \u251c\u2500\u2500\u2500\u2500\u2500\u2500\u2500\u2500\u2500\u2500\u2500\u2500\u2500\u2500\u2500\u2500\u2500\u2500\u2500\u2500\u2500\u2500\u2500\u2500\u2500\u2500\u2500\u2500\u2500\u2500\u2500\u2500\u2500\u2500\u2500\u2500\u2500\u2510\n\u2502             \u2502                              \u2502 Table Index:\u2502                                     \u2502\n\u2502             \u2502                              \u2502      10     \u2502                                     \u2502\n\u2502             \u2502                              \u2502             \u2502                                     \u2502\n\u2502  4,202 rows \u2502                              \u2502    0 rows   \u2502                                     \u2502\n\u2502   (0.05s)   \u2502                              \u2502   (0.00s)   \u2502                                     \u2502\n\u2514\u2500\u2500\u2500\u2500\u2500\u2500\u252c\u2500\u2500\u2500\u2500\u2500\u2500\u2518                              \u2514\u2500\u2500\u2500\u2500\u2500\u2500\u252c\u2500\u2500\u2500\u2500\u2500\u2500\u2518                                     \u2502\n\u250c\u2500\u2500\u2500\u2500\u2500\u2500\u2534\u2500\u2500\u2500\u2500\u2500\u2500\u2510                              \u250c\u2500\u2500\u2500\u2500\u2500\u2500\u2534\u2500\u2500\u2500\u2500\u2500\u2500\u2510                              \u250c\u2500\u2500\u2500\u2500\u2500\u2500\u2534\u2500\u2500\u2500\u2500\u2500\u2500\u2510\n\u2502HASH_GROUP_BY\u2502                              \u2502UNGROUPE...  \u2502                              \u2502    TOP_N    \u2502\n\u2502    \u2500\u2500\u2500\u2500\u2500\u2500   \u2502                              \u2502    \u2500\u2500\u2500\u2500\u2500\u2500   \u2502                              \u2502    \u2500\u2500\u2500\u2500\u2500\u2500   \u2502\n\u2502   Groups:   \u2502                              \u2502 Aggregates: \u2502                              \u2502     Top:    \u2502\n\u2502      #0     \u2502                              \u2502   max(#0)   \u2502                              \u2502     100     \u2502\n\u2502      #1     \u2502                              \u2502             \u2502                              \u2502             \u2502\n\u2502      #2     \u2502                              \u2502             \u2502                              \u2502  Order By:  \u2502\n\u2502             \u2502                              \u2502             \u2502                              \u2502unnamed_subqu\u2502\n\u2502 Aggregates: \u2502                              \u2502             \u2502                              \u2502ery.c_last_na\u2502\n\u2502 count_star()\u2502                              \u2502             \u2502                              \u2502    me ASC   \u2502\n\u2502             \u2502                              \u2502             \u2502                              \u2502unnamed_subqu\u2502\n\u2502             \u2502                              \u2502             \u2502                              \u2502ery.c_first_n\u2502\n\u2502             \u2502                              \u2502             \u2502                              \u2502   ame ASC   \u2502\n\u2502             \u2502                              \u2502             \u2502                              \u2502unnamed_subqu\u2502\n\u2502             \u2502                              \u2502             \u2502                              \u2502ery.sales ASC\u2502\n\u2502             \u2502                              \u2502             \u2502                              \u2502             \u2502\n\u250213,815,3...  \u2502                              \u2502    1 row    \u2502                              \u2502    5 rows   \u2502\n\u2502   (14.31s)  \u2502                              \u2502   (0.00s)   \u2502                              \u2502   (0.00s)   \u2502\n\u2514\u2500\u2500\u2500\u2500\u2500\u2500\u252c\u2500\u2500\u2500\u2500\u2500\u2500\u2518                              \u2514\u2500\u2500\u2500\u2500\u2500\u2500\u252c\u2500\u2500\u2500\u2500\u2500\u2500\u2518                              \u2514\u2500\u2500\u2500\u2500\u2500\u2500\u252c\u2500\u2500\u2500\u2500\u2500\u2500\u2518\n\u250c\u2500\u2500\u2500\u2500\u2500\u2500\u2534\u2500\u2500\u2500\u2500\u2500\u2500\u2510                              \u250c\u2500\u2500\u2500\u2500\u2500\u2500\u2534\u2500\u2500\u2500\u2500\u2500\u2500\u2510                              \u250c\u2500\u2500\u2500\u2500\u2500\u2500\u2534\u2500\u2500\u2500\u2500\u2500\u2500\u2510\n\u2502  PROJECTION \u2502                              \u2502  PROJECTION \u2502                              \u2502    UNION    \u2502\n\u2502    \u2500\u2500\u2500\u2500\u2500\u2500   \u2502                              \u2502    \u2500\u2500\u2500\u2500\u2500\u2500   \u2502                              \u2502    \u2500\u2500\u2500\u2500\u2500\u2500   \u2502\n\u2502substr(i_item\u2502                              \u2502    csales   \u2502                              \u2502             \u2502\n\u2502_desc, 1, 30)\u2502                              \u2502             \u2502                              \u2502             \u2502\n\u2502  i_item_sk  \u2502                              \u2502             \u2502                              \u2502             \u251c\u2500\u2500\u2500\u2500\u2500\u2500\u2500\u2500\u2500\u2500\u2500\u2500\u2500\u2500\u2500\u2500\u2500\u2500\u2500\u2500\u2500\u2500\u2500\u2500\u2500\u2500\u2500\u2500\u2500\u2500\u2500\u2500\u2500\u2500\u2500\u2500\u2500\u2500\u2500\u2500\u2500\u2500\u2500\u2500\u2500\u2500\u2500\u2500\u2500\u2500\u2500\u2500\u2500\u2500\u2500\u2500\u2500\u2500\u2500\u2500\u2500\u2500\u2500\u2500\u2500\u2500\u2500\u2500\u2500\u2500\u2500\u2500\u2500\u2500\u2500\u2500\u2500\u2500\u2500\u2500\u2500\u2500\u2500\u2500\u2500\u2500\u2500\u2500\u2500\u2500\u2500\u2500\u2500\u2500\u2500\u2500\u2500\u2510\n\u2502    d_date   \u2502                              \u2502             \u2502                              \u2502             \u2502                                                                                                 \u2502\n\u2502             \u2502                              \u2502             \u2502                              \u2502             \u2502                                                                                                 \u2502\n\u250216,554,9...  \u2502                              \u2502 472,250 rows\u2502                              \u2502    0 rows   \u2502                                                                                                 \u2502\n\u2502   (3.57s)   \u2502                              \u2502   (0.00s)   \u2502                              \u2502   (0.00s)   \u2502                                                                                                 \u2502\n\u2514\u2500\u2500\u2500\u2500\u2500\u2500\u252c\u2500\u2500\u2500\u2500\u2500\u2500\u2518                              \u2514\u2500\u2500\u2500\u2500\u2500\u2500\u252c\u2500\u2500\u2500\u2500\u2500\u2500\u2518                              \u2514\u2500\u2500\u2500\u2500\u2500\u2500\u252c\u2500\u2500\u2500\u2500\u2500\u2500\u2518                                                                                                 \u2502\n\u250c\u2500\u2500\u2500\u2500\u2500\u2500\u2534\u2500\u2500\u2500\u2500\u2500\u2500\u2510                              \u250c\u2500\u2500\u2500\u2500\u2500\u2500\u2534\u2500\u2500\u2500\u2500\u2500\u2500\u2510                              \u250c\u2500\u2500\u2500\u2500\u2500\u2500\u2534\u2500\u2500\u2500\u2500\u2500\u2500\u2510                                                                                          \u250c\u2500\u2500\u2500\u2500\u2500\u2500\u2534\u2500\u2500\u2500\u2500\u2500\u2500\u2510\n\u2502  HASH_JOIN  \u2502                              \u2502  PROJECTION \u2502                              \u2502  PROJECTION \u2502                                                                                          \u2502  PROJECTION \u2502\n\u2502    \u2500\u2500\u2500\u2500\u2500\u2500   \u2502                              \u2502    \u2500\u2500\u2500\u2500\u2500\u2500   \u2502                              \u2502    \u2500\u2500\u2500\u2500\u2500\u2500   \u2502                                                                                          \u2502    \u2500\u2500\u2500\u2500\u2500\u2500   \u2502\n\u2502  Join Type: \u2502                              \u2502    csales   \u2502                              \u2502__internal_de\u2502                                                                                          \u2502__internal_de\u2502\n\u2502    INNER    \u2502                              \u2502             \u2502                              \u2502compress_stri\u2502                                                                                          \u2502compress_stri\u2502\n\u2502             \u2502                              \u2502             \u2502                              \u2502    ng(#0)   \u2502                                                                                          \u2502    ng(#0)   \u2502\n\u2502 Conditions: \u2502                              \u2502             \u2502                              \u2502__internal_de\u2502                                                                                          \u2502__internal_de\u2502\n\u2502 ss_item_sk =\u251c\u2500\u2500\u2500\u2500\u2500\u2500\u2500\u2500\u2500\u2500\u2500\u2500\u2500\u2500\u2500\u2500\u2500\u2500\u2500\u2500\u2500\u2500\u2510       \u2502             \u2502                              \u2502compress_stri\u2502                                                                                          \u2502compress_stri\u2502\n\u2502   i_item_sk \u2502                      \u2502       \u2502             \u2502                              \u2502    ng(#1)   \u2502                                                                                          \u2502    ng(#1)   \u2502\n\u2502             \u2502                      \u2502       \u2502             \u2502                              \u2502      #2     \u2502                                                                                          \u2502      #2     \u2502\n\u2502             \u2502                      \u2502       \u2502             \u2502                              \u2502             \u2502                                                                                          \u2502             \u2502\n\u250216,554,9...  \u2502                      \u2502       \u2502 472,250 rows\u2502                              \u2502    3 rows   \u2502                                                                                          \u2502    2 rows   \u2502\n\u2502   (0.10s)   \u2502                      \u2502       \u2502   (0.00s)   \u2502                              \u2502   (0.00s)   \u2502                                                                                          \u2502   (0.00s)   \u2502\n\u2514\u2500\u2500\u2500\u2500\u2500\u2500\u252c\u2500\u2500\u2500\u2500\u2500\u2500\u2518                      \u2502       \u2514\u2500\u2500\u2500\u2500\u2500\u2500\u252c\u2500\u2500\u2500\u2500\u2500\u2500\u2518                              \u2514\u2500\u2500\u2500\u2500\u2500\u2500\u252c\u2500\u2500\u2500\u2500\u2500\u2500\u2518                                                                                          \u2514\u2500\u2500\u2500\u2500\u2500\u2500\u252c\u2500\u2500\u2500\u2500\u2500\u2500\u2518\n\u250c\u2500\u2500\u2500\u2500\u2500\u2500\u2534\u2500\u2500\u2500\u2500\u2500\u2500\u2510               \u250c\u2500\u2500\u2500\u2500\u2500\u2500\u2534\u2500\u2500\u2500\u2500\u2500\u2500\u2510\u250c\u2500\u2500\u2500\u2500\u2500\u2500\u2534\u2500\u2500\u2500\u2500\u2500\u2500\u2510                              \u250c\u2500\u2500\u2500\u2500\u2500\u2500\u2534\u2500\u2500\u2500\u2500\u2500\u2500\u2510                                                                                          \u250c\u2500\u2500\u2500\u2500\u2500\u2500\u2534\u2500\u2500\u2500\u2500\u2500\u2500\u2510\n\u2502  HASH_JOIN  \u2502               \u2502  TABLE_SCAN \u2502\u2502HASH_GROUP_BY\u2502                              \u2502HASH_GROUP_BY\u2502                                                                                          \u2502HASH_GROUP_BY\u2502\n\u2502    \u2500\u2500\u2500\u2500\u2500\u2500   \u2502               \u2502    \u2500\u2500\u2500\u2500\u2500\u2500   \u2502\u2502    \u2500\u2500\u2500\u2500\u2500\u2500   \u2502                              \u2502    \u2500\u2500\u2500\u2500\u2500\u2500   \u2502                                                                                          \u2502    \u2500\u2500\u2500\u2500\u2500\u2500   \u2502\n\u2502  Join Type: \u2502               \u2502    Table:   \u2502\u2502   Groups:   \u2502                              \u2502   Groups:   \u2502                                                                                          \u2502   Groups:   \u2502\n\u2502    INNER    \u2502               \u2502     item    \u2502\u2502      #0     \u2502                              \u2502      #0     \u2502                                                                                          \u2502      #0     \u2502\n\u2502             \u2502               \u2502             \u2502\u2502             \u2502                              \u2502      #1     \u2502                                                                                          \u2502      #1     \u2502\n\u2502 Conditions: \u2502               \u2502    Type:    \u2502\u2502 Aggregates: \u2502                              \u2502             \u2502                                                                                          \u2502             \u2502\n\u2502ss_sold_date_\u2502               \u2502  Sequential \u2502\u2502   sum(#1)   \u2502                              \u2502 Aggregates: \u2502                                                                                          \u2502 Aggregates: \u2502\n\u2502sk = d_date_s\u251c\u2500\u2500\u2500\u2500\u2500\u2500\u2500\u2510       \u2502     Scan    \u2502\u2502             \u2502                              \u2502   sum(#2)   \u2502                                                                                          \u2502   sum(#2)   \u2502\n\u2502      k      \u2502       \u2502       \u2502             \u2502\u2502             \u2502                              \u2502             \u2502                                                                                          \u2502             \u2502\n\u2502             \u2502       \u2502       \u2502 Projections:\u2502\u2502             \u2502                              \u2502             \u2502                                                                                          \u2502             \u2502\n\u2502             \u2502       \u2502       \u2502  i_item_sk  \u2502\u2502             \u2502                              \u2502             \u2502                                                                                          \u2502             \u2502\n\u2502             \u2502       \u2502       \u2502 i_item_desc \u2502\u2502             \u2502                              \u2502             \u2502                                                                                          \u2502             \u2502\n\u2502             \u2502       \u2502       \u2502             \u2502\u2502             \u2502                              \u2502             \u2502                                                                                          \u2502             \u2502\n\u250216,554,9...  \u2502       \u2502       \u2502 102,000 rows\u2502\u2502 472,250 rows\u2502                              \u2502    3 rows   \u2502                                                                                          \u2502    2 rows   \u2502\n\u2502   (0.13s)   \u2502       \u2502       \u2502   (0.20s)   \u2502\u2502   (0.69s)   \u2502                              \u2502   (0.00s)   \u2502                                                                                          \u2502   (0.00s)   \u2502\n\u2514\u2500\u2500\u2500\u2500\u2500\u2500\u252c\u2500\u2500\u2500\u2500\u2500\u2500\u2518       \u2502       \u2514\u2500\u2500\u2500\u2500\u2500\u2500\u2500\u2500\u2500\u2500\u2500\u2500\u2500\u2518\u2514\u2500\u2500\u2500\u2500\u2500\u2500\u252c\u2500\u2500\u2500\u2500\u2500\u2500\u2518                              \u2514\u2500\u2500\u2500\u2500\u2500\u2500\u252c\u2500\u2500\u2500\u2500\u2500\u2500\u2518                                                                                          \u2514\u2500\u2500\u2500\u2500\u2500\u2500\u252c\u2500\u2500\u2500\u2500\u2500\u2500\u2518\n\u250c\u2500\u2500\u2500\u2500\u2500\u2500\u2534\u2500\u2500\u2500\u2500\u2500\u2500\u2510\u250c\u2500\u2500\u2500\u2500\u2500\u2500\u2534\u2500\u2500\u2500\u2500\u2500\u2500\u2510               \u250c\u2500\u2500\u2500\u2500\u2500\u2500\u2534\u2500\u2500\u2500\u2500\u2500\u2500\u2510                              \u250c\u2500\u2500\u2500\u2500\u2500\u2500\u2534\u2500\u2500\u2500\u2500\u2500\u2500\u2510                                                                                          \u250c\u2500\u2500\u2500\u2500\u2500\u2500\u2534\u2500\u2500\u2500\u2500\u2500\u2500\u2510\n\u2502  TABLE_SCAN \u2502\u2502    FILTER   \u2502               \u2502  PROJECTION \u2502                              \u2502  PROJECTION \u2502                                                                                          \u2502  PROJECTION \u2502\n\u2502    \u2500\u2500\u2500\u2500\u2500\u2500   \u2502\u2502    \u2500\u2500\u2500\u2500\u2500\u2500   \u2502               \u2502    \u2500\u2500\u2500\u2500\u2500\u2500   \u2502                              \u2502    \u2500\u2500\u2500\u2500\u2500\u2500   \u2502                                                                                          \u2502    \u2500\u2500\u2500\u2500\u2500\u2500   \u2502\n\u2502    Table:   \u2502\u2502  (d_date_sk \u2502               \u2502c_customer_sk\u2502                              \u2502 c_last_name \u2502                                                                                          \u2502 c_last_name \u2502\n\u2502 store_sales \u2502\u2502    BETWEEN  \u2502               \u2502(CAST(ss_quan\u2502                              \u2502 c_first_name\u2502                                                                                          \u2502 c_first_name\u2502\n\u2502             \u2502\u2502  2450816 AND\u2502               \u2502tity AS DECIM\u2502                              \u2502(CAST(cs_quan\u2502                                                                                          \u2502(CAST(ws_quan\u2502\n\u2502    Type:    \u2502\u2502   2452642)  \u2502               \u2502 AL(17,0)) * \u2502                              \u2502tity AS DECIM\u2502                                                                                          \u2502tity AS DECIM\u2502\n\u2502  Sequential \u2502\u2502             \u2502               \u2502 CAST(ss_sale\u2502                              \u2502 AL(17,0)) * \u2502                                                                                          \u2502 AL(17,0)) * \u2502\n\u2502     Scan    \u2502\u2502             \u2502               \u2502  s_price AS \u2502                              \u2502 CAST(cs_list\u2502                                                                                          \u2502 CAST(ws_list\u2502\n\u2502             \u2502\u2502             \u2502               \u2502  DECIMAL(17 \u2502                              \u2502  _price AS  \u2502                                                                                          \u2502  _price AS  \u2502\n\u2502 Projections:\u2502\u2502             \u2502               \u2502    ,2)))    \u2502                              \u2502  DECIMAL(17 \u2502                                                                                          \u2502  DECIMAL(17 \u2502\n\u2502ss_sold_date_\u2502\u2502             \u2502               \u2502             \u2502                              \u2502    ,2)))    \u2502                                                                                          \u2502    ,2)))    \u2502\n\u2502      sk     \u2502\u2502             \u2502               \u2502             \u2502                              \u2502             \u2502                                                                                          \u2502             \u2502\n\u2502  ss_item_sk \u2502\u2502             \u2502               \u2502             \u2502                              \u2502             \u2502                                                                                          \u2502             \u2502\n\u2502             \u2502\u2502             \u2502               \u2502             \u2502                              \u2502             \u2502                                                                                          \u2502             \u2502\n\u250216,554,9...  \u2502\u2502  1,098 rows \u2502               \u250216,164,2...  \u2502                              \u2502    5 rows   \u2502                                                                                          \u2502    2 rows   \u2502\n\u2502   (2.12s)   \u2502\u2502   (0.00s)   \u2502               \u2502   (0.11s)   \u2502                              \u2502   (0.00s)   \u2502                                                                                          \u2502   (0.00s)   \u2502\n\u2514\u2500\u2500\u2500\u2500\u2500\u2500\u2500\u2500\u2500\u2500\u2500\u2500\u2500\u2518\u2514\u2500\u2500\u2500\u2500\u2500\u2500\u252c\u2500\u2500\u2500\u2500\u2500\u2500\u2518               \u2514\u2500\u2500\u2500\u2500\u2500\u2500\u252c\u2500\u2500\u2500\u2500\u2500\u2500\u2518                              \u2514\u2500\u2500\u2500\u2500\u2500\u2500\u252c\u2500\u2500\u2500\u2500\u2500\u2500\u2518                                                                                          \u2514\u2500\u2500\u2500\u2500\u2500\u2500\u252c\u2500\u2500\u2500\u2500\u2500\u2500\u2518\n               \u250c\u2500\u2500\u2500\u2500\u2500\u2500\u2534\u2500\u2500\u2500\u2500\u2500\u2500\u2510               \u250c\u2500\u2500\u2500\u2500\u2500\u2500\u2534\u2500\u2500\u2500\u2500\u2500\u2500\u2510                              \u250c\u2500\u2500\u2500\u2500\u2500\u2500\u2534\u2500\u2500\u2500\u2500\u2500\u2500\u2510                                                                                          \u250c\u2500\u2500\u2500\u2500\u2500\u2500\u2534\u2500\u2500\u2500\u2500\u2500\u2500\u2510\n               \u2502  TABLE_SCAN \u2502               \u2502  HASH_JOIN  \u2502                              \u2502  PROJECTION \u2502                                                                                          \u2502  PROJECTION \u2502\n               \u2502    \u2500\u2500\u2500\u2500\u2500\u2500   \u2502               \u2502    \u2500\u2500\u2500\u2500\u2500\u2500   \u2502                              \u2502    \u2500\u2500\u2500\u2500\u2500\u2500   \u2502                                                                                          \u2502    \u2500\u2500\u2500\u2500\u2500\u2500   \u2502\n               \u2502    Table:   \u2502               \u2502  Join Type: \u2502                              \u2502__internal_co\u2502                                                                                          \u2502__internal_co\u2502\n               \u2502   date_dim  \u2502               \u2502    INNER    \u2502                              \u2502mpress_string\u2502                                                                                          \u2502mpress_string\u2502\n               \u2502             \u2502               \u2502             \u2502                              \u2502_uhugeint(#0)\u2502                                                                                          \u2502_uhugeint(#0)\u2502\n               \u2502    Type:    \u2502               \u2502 Conditions: \u2502                              \u2502__internal_co\u2502                                                                                          \u2502__internal_co\u2502\n               \u2502  Sequential \u2502               \u2502ss_customer_s\u2502                              \u2502mpress_string\u2502                                                                                          \u2502mpress_string\u2502\n               \u2502     Scan    \u2502               \u2502k = c_custome\u2502                              \u2502_uhugeint(#1)\u2502                                                                                          \u2502_uhugeint(#1)\u2502\n               \u2502             \u2502               \u2502     r_sk    \u2502                              \u2502      #2     \u2502                                                                                          \u2502      #2     \u2502\n               \u2502 Projections:\u2502               \u2502             \u2502                              \u2502      #3     \u2502                                                                                          \u2502      #3     \u2502\n               \u2502  d_date_sk  \u2502               \u2502             \u251c\u2500\u2500\u2500\u2500\u2500\u2500\u2500\u2500\u2500\u2500\u2500\u2500\u2500\u2500\u2500\u2500\u2500\u2500\u2500\u2500\u2500\u2500\u2510       \u2502             \u2502                                                                                          \u2502             \u2502\n               \u2502    d_date   \u2502               \u2502             \u2502                      \u2502       \u2502             \u2502                                                                                          \u2502             \u2502\n               \u2502             \u2502               \u2502             \u2502                      \u2502       \u2502             \u2502                                                                                          \u2502             \u2502\n               \u2502   Filters:  \u2502               \u2502             \u2502                      \u2502       \u2502             \u2502                                                                                          \u2502             \u2502\n               \u2502 d_year>=2000\u2502               \u2502             \u2502                      \u2502       \u2502             \u2502                                                                                          \u2502             \u2502\n               \u2502  AND d_year<\u2502               \u2502             \u2502                      \u2502       \u2502             \u2502                                                                                          \u2502             \u2502\n               \u2502    =2003    \u2502               \u2502             \u2502                      \u2502       \u2502             \u2502                                                                                          \u2502             \u2502\n               \u2502             \u2502               \u2502             \u2502                      \u2502       \u2502             \u2502                                                                                          \u2502             \u2502\n               \u2502  1,461 rows \u2502               \u250216,164,2...  \u2502                      \u2502       \u2502    5 rows   \u2502                                                                                          \u2502    2 rows   \u2502\n               \u2502   (0.00s)   \u2502               \u2502   (0.06s)   \u2502                      \u2502       \u2502   (0.00s)   \u2502                                                                                          \u2502   (0.00s)   \u2502\n               \u2514\u2500\u2500\u2500\u2500\u2500\u2500\u2500\u2500\u2500\u2500\u2500\u2500\u2500\u2518               \u2514\u2500\u2500\u2500\u2500\u2500\u2500\u252c\u2500\u2500\u2500\u2500\u2500\u2500\u2518                      \u2502       \u2514\u2500\u2500\u2500\u2500\u2500\u2500\u252c\u2500\u2500\u2500\u2500\u2500\u2500\u2518                                                                                          \u2514\u2500\u2500\u2500\u2500\u2500\u2500\u252c\u2500\u2500\u2500\u2500\u2500\u2500\u2518\n                                             \u250c\u2500\u2500\u2500\u2500\u2500\u2500\u2534\u2500\u2500\u2500\u2500\u2500\u2500\u2510               \u250c\u2500\u2500\u2500\u2500\u2500\u2500\u2534\u2500\u2500\u2500\u2500\u2500\u2500\u2510\u250c\u2500\u2500\u2500\u2500\u2500\u2500\u2534\u2500\u2500\u2500\u2500\u2500\u2500\u2510                                                                                          \u250c\u2500\u2500\u2500\u2500\u2500\u2500\u2534\u2500\u2500\u2500\u2500\u2500\u2500\u2510\n                                             \u2502  HASH_JOIN  \u2502               \u2502  TABLE_SCAN \u2502\u2502  HASH_JOIN  \u2502                                                                                          \u2502  HASH_JOIN  \u2502\n                                             \u2502    \u2500\u2500\u2500\u2500\u2500\u2500   \u2502               \u2502    \u2500\u2500\u2500\u2500\u2500\u2500   \u2502\u2502    \u2500\u2500\u2500\u2500\u2500\u2500   \u2502                                                                                          \u2502    \u2500\u2500\u2500\u2500\u2500\u2500   \u2502\n                                             \u2502  Join Type: \u2502               \u2502    Table:   \u2502\u2502  Join Type: \u2502                                                                                          \u2502  Join Type: \u2502\n                                             \u2502    INNER    \u2502               \u2502   customer  \u2502\u2502    INNER    \u2502                                                                                          \u2502    INNER    \u2502\n                                             \u2502             \u2502               \u2502             \u2502\u2502             \u2502                                                                                          \u2502             \u2502\n                                             \u2502 Conditions: \u2502               \u2502    Type:    \u2502\u2502 Conditions: \u2502                                                                                          \u2502 Conditions: \u2502\n                                             \u2502ss_sold_date_\u2502               \u2502  Sequential \u2502\u2502c_customer_sk\u2502                                                                                          \u2502c_customer_sk\u2502\n                                             \u2502sk = d_date_s\u251c\u2500\u2500\u2500\u2500\u2500\u2500\u2500\u2510       \u2502     Scan    \u2502\u2502 = cs_bill_cu\u251c\u2500\u2500\u2500\u2500\u2500\u2500\u2500\u2510                                                                                  \u2502 = ws_bill_cu\u251c\u2500\u2500\u2500\u2500\u2500\u2500\u2500\u2510\n                                             \u2502      k      \u2502       \u2502       \u2502             \u2502\u2502  stomer_sk  \u2502       \u2502                                                                                  \u2502  stomer_sk  \u2502       \u2502\n                                             \u2502             \u2502       \u2502       \u2502 Projections:\u2502\u2502             \u2502       \u2502                                                                                  \u2502             \u2502       \u2502\n                                             \u2502             \u2502       \u2502       \u2502c_customer_sk\u2502\u2502             \u2502       \u2502                                                                                  \u2502             \u2502       \u2502\n                                             \u2502             \u2502       \u2502       \u2502             \u2502\u2502             \u2502       \u2502                                                                                  \u2502             \u2502       \u2502\n                                             \u250216,164,2...  \u2502       \u2502       \u2502 500,000 rows\u2502\u2502    5 rows   \u2502       \u2502                                                                                  \u2502    2 rows   \u2502       \u2502\n                                             \u2502   (0.05s)   \u2502       \u2502       \u2502   (0.02s)   \u2502\u2502   (0.00s)   \u2502       \u2502                                                                                  \u2502   (0.00s)   \u2502       \u2502\n                                             \u2514\u2500\u2500\u2500\u2500\u2500\u2500\u252c\u2500\u2500\u2500\u2500\u2500\u2500\u2518       \u2502       \u2514\u2500\u2500\u2500\u2500\u2500\u2500\u2500\u2500\u2500\u2500\u2500\u2500\u2500\u2518\u2514\u2500\u2500\u2500\u2500\u2500\u2500\u252c\u2500\u2500\u2500\u2500\u2500\u2500\u2518       \u2502                                                                                  \u2514\u2500\u2500\u2500\u2500\u2500\u2500\u252c\u2500\u2500\u2500\u2500\u2500\u2500\u2518       \u2502\n                                             \u250c\u2500\u2500\u2500\u2500\u2500\u2500\u2534\u2500\u2500\u2500\u2500\u2500\u2500\u2510\u250c\u2500\u2500\u2500\u2500\u2500\u2500\u2534\u2500\u2500\u2500\u2500\u2500\u2500\u2510               \u250c\u2500\u2500\u2500\u2500\u2500\u2500\u2534\u2500\u2500\u2500\u2500\u2500\u2500\u2510\u250c\u2500\u2500\u2500\u2500\u2500\u2500\u2534\u2500\u2500\u2500\u2500\u2500\u2500\u2510                                                                           \u250c\u2500\u2500\u2500\u2500\u2500\u2500\u2534\u2500\u2500\u2500\u2500\u2500\u2500\u2510\u250c\u2500\u2500\u2500\u2500\u2500\u2500\u2534\u2500\u2500\u2500\u2500\u2500\u2500\u2510\n                                             \u2502  TABLE_SCAN \u2502\u2502    FILTER   \u2502               \u2502  TABLE_SCAN \u2502\u2502  HASH_JOIN  \u2502                                                                           \u2502    FILTER   \u2502\u2502  HASH_JOIN  \u2502\n                                             \u2502    \u2500\u2500\u2500\u2500\u2500\u2500   \u2502\u2502    \u2500\u2500\u2500\u2500\u2500\u2500   \u2502               \u2502    \u2500\u2500\u2500\u2500\u2500\u2500   \u2502\u2502    \u2500\u2500\u2500\u2500\u2500\u2500   \u2502                                                                           \u2502    \u2500\u2500\u2500\u2500\u2500\u2500   \u2502\u2502    \u2500\u2500\u2500\u2500\u2500\u2500   \u2502\n                                             \u2502    Table:   \u2502\u2502  (d_date_sk \u2502               \u2502    Table:   \u2502\u2502  Join Type: \u2502                                                                           \u2502(c_customer_s\u2502\u2502  Join Type: \u2502\n                                             \u2502 store_sales \u2502\u2502    BETWEEN  \u2502               \u2502   customer  \u2502\u2502     SEMI    \u2502                                                                           \u2502 k BETWEEN 2 \u2502\u2502     SEMI    \u2502\n                                             \u2502             \u2502\u2502  2450816 AND\u2502               \u2502             \u2502\u2502             \u2502                                                                           \u2502  AND 499998)\u2502\u2502             \u2502\n                                             \u2502    Type:    \u2502\u2502   2452642)  \u2502               \u2502    Type:    \u2502\u2502 Conditions: \u2502                                                                           \u2502             \u2502\u2502 Conditions: \u2502\n                                             \u2502  Sequential \u2502\u2502             \u2502               \u2502  Sequential \u2502\u2502cs_bill_custo\u2502                                                                           \u2502             \u2502\u2502ws_bill_custo\u2502\n                                             \u2502     Scan    \u2502\u2502             \u2502               \u2502     Scan    \u2502\u2502 mer_sk = #0 \u2502                                                                           \u2502             \u2502\u2502 mer_sk = #0 \u2502\n                                             \u2502             \u2502\u2502             \u2502               \u2502             \u2502\u2502             \u2502                                                                           \u2502             \u2502\u2502             \u2502\n                                             \u2502 Projections:\u2502\u2502             \u2502               \u2502 Projections:\u2502\u2502             \u2502                                                                           \u2502             \u2502\u2502             \u2502\n                                             \u2502ss_customer_s\u2502\u2502             \u2502               \u2502c_customer_sk\u2502\u2502             \u2502                                                                           \u2502             \u2502\u2502             \u2502\n                                             \u2502      k      \u2502\u2502             \u2502               \u2502 c_last_name \u2502\u2502             \u251c\u2500\u2500\u2500\u2500\u2500\u2500\u2500\u2500\u2500\u2500\u2500\u2500\u2500\u2500\u2500\u2500\u2500\u2500\u2500\u2500\u2500\u2500\u2500\u2500\u2500\u2500\u2500\u2500\u2500\u2500\u2500\u2500\u2500\u2500\u2500\u2500\u2500\u2510                                     \u2502             \u2502\u2502             \u251c\u2500\u2500\u2500\u2500\u2500\u2500\u2500\u2500\u2500\u2500\u2500\u2500\u2500\u2500\u2500\n                                             \u2502ss_sold_date_\u2502\u2502             \u2502               \u2502 c_first_name\u2502\u2502             \u2502                                     \u2502                                     \u2502             \u2502\u2502             \u2502               \n                                             \u2502      sk     \u2502\u2502             \u2502               \u2502             \u2502\u2502             \u2502                                     \u2502                                     \u2502             \u2502\u2502             \u2502               \n                                             \u2502 ss_quantity \u2502\u2502             \u2502               \u2502   Filters:  \u2502\u2502             \u2502                                     \u2502                                     \u2502             \u2502\u2502             \u2502               \n                                             \u2502ss_sales_pric\u2502\u2502             \u2502               \u2502  optional:  \u2502\u2502             \u2502                                     \u2502                                     \u2502             \u2502\u2502             \u2502               \n                                             \u2502      e      \u2502\u2502             \u2502               \u2502    Dynamic  \u2502\u2502             \u2502                                     \u2502                                     \u2502             \u2502\u2502             \u2502               \n                                             \u2502             \u2502\u2502             \u2502               \u2502    Filter   \u2502\u2502             \u2502                                     \u2502                                     \u2502             \u2502\u2502             \u2502               \n                                             \u2502             \u2502\u2502             \u2502               \u2502(c_last_name)\u2502\u2502             \u2502                                     \u2502                                     \u2502             \u2502\u2502             \u2502               \n                                             \u2502             \u2502\u2502             \u2502               \u2502             \u2502\u2502             \u2502                                     \u2502                                     \u2502             \u2502\u2502             \u2502               \n                                             \u250216,164,2...  \u2502\u2502  1,098 rows \u2502               \u2502 166,618 rows\u2502\u2502    5 rows   \u2502                                     \u2502                                     \u2502  7,173 rows \u2502\u2502    2 rows   \u2502               \n                                             \u2502   (10.31s)  \u2502\u2502   (0.00s)   \u2502               \u2502   (0.01s)   \u2502\u2502   (0.00s)   \u2502                                     \u2502                                     \u2502   (0.00s)   \u2502\u2502   (0.00s)   \u2502               \n                                             \u2514\u2500\u2500\u2500\u2500\u2500\u2500\u2500\u2500\u2500\u2500\u2500\u2500\u2500\u2518\u2514\u2500\u2500\u2500\u2500\u2500\u2500\u252c\u2500\u2500\u2500\u2500\u2500\u2500\u2518               \u2514\u2500\u2500\u2500\u2500\u2500\u2500\u2500\u2500\u2500\u2500\u2500\u2500\u2500\u2518\u2514\u2500\u2500\u2500\u2500\u2500\u2500\u252c\u2500\u2500\u2500\u2500\u2500\u2500\u2518                                     \u2502                                     \u2514\u2500\u2500\u2500\u2500\u2500\u2500\u252c\u2500\u2500\u2500\u2500\u2500\u2500\u2518\u2514\u2500\u2500\u2500\u2500\u2500\u2500\u252c\u2500\u2500\u2500\u2500\u2500\u2500\u2518               \n                                                            \u250c\u2500\u2500\u2500\u2500\u2500\u2500\u2534\u2500\u2500\u2500\u2500\u2500\u2500\u2510                              \u250c\u2500\u2500\u2500\u2500\u2500\u2500\u2534\u2500\u2500\u2500\u2500\u2500\u2500\u2510                              \u250c\u2500\u2500\u2500\u2500\u2500\u2500\u2534\u2500\u2500\u2500\u2500\u2500\u2500\u2510                              \u250c\u2500\u2500\u2500\u2500\u2500\u2500\u2534\u2500\u2500\u2500\u2500\u2500\u2500\u2510\u250c\u2500\u2500\u2500\u2500\u2500\u2500\u2534\u2500\u2500\u2500\u2500\u2500\u2500\u2510               \n                                                            \u2502  TABLE_SCAN \u2502                              \u2502  HASH_JOIN  \u2502                              \u2502  PROJECTION \u2502                              \u2502  TABLE_SCAN \u2502\u2502  HASH_JOIN  \u2502               \n                                                            \u2502    \u2500\u2500\u2500\u2500\u2500\u2500   \u2502                              \u2502    \u2500\u2500\u2500\u2500\u2500\u2500   \u2502                              \u2502    \u2500\u2500\u2500\u2500\u2500\u2500   \u2502                              \u2502    \u2500\u2500\u2500\u2500\u2500\u2500   \u2502\u2502    \u2500\u2500\u2500\u2500\u2500\u2500   \u2502               \n                                                            \u2502    Table:   \u2502                              \u2502  Join Type: \u2502                              \u2502c_customer_sk\u2502                              \u2502    Table:   \u2502\u2502  Join Type: \u2502               \n                                                            \u2502   date_dim  \u2502                              \u2502  RIGHT_SEMI \u2502                              \u2502             \u2502                              \u2502   customer  \u2502\u2502  RIGHT_SEMI \u2502               \n                                                            \u2502             \u2502                              \u2502             \u2502                              \u2502             \u2502                              \u2502             \u2502\u2502             \u2502               \n                                                            \u2502    Type:    \u2502                              \u2502 Conditions: \u2502                              \u2502             \u2502                              \u2502    Type:    \u2502\u2502 Conditions: \u2502               \n                                                            \u2502  Sequential \u2502                              \u2502#0 = cs_item_\u2502                              \u2502             \u2502                              \u2502  Sequential \u2502\u2502#0 = ws_item_\u2502               \n                                                            \u2502     Scan    \u2502                              \u2502      sk     \u2502                              \u2502             \u2502                              \u2502     Scan    \u2502\u2502      sk     \u2502               \n                                                            \u2502             \u2502                              \u2502             \u2502                              \u2502             \u2502                              \u2502             \u2502\u2502             \u2502               \n                                                            \u2502 Projections:\u2502                              \u2502             \u2502                              \u2502             \u2502                              \u2502 Projections:\u2502\u2502             \u2502               \n                                                            \u2502  d_date_sk  \u2502                              \u2502             \u2502                              \u2502             \u2502                              \u2502c_customer_sk\u2502\u2502             \u2502               \n                                                            \u2502             \u2502                              \u2502             \u251c\u2500\u2500\u2500\u2500\u2500\u2500\u2500\u2510                      \u2502             \u2502                              \u2502 c_last_name \u2502\u2502             \u251c\u2500\u2500\u2500\u2500\u2500\u2500\u2500\u2510       \n                                                            \u2502   Filters:  \u2502                              \u2502             \u2502       \u2502                      \u2502             \u2502                              \u2502 c_first_name\u2502\u2502             \u2502       \u2502       \n                                                            \u2502 d_year>=2000\u2502                              \u2502             \u2502       \u2502                      \u2502             \u2502                              \u2502             \u2502\u2502             \u2502       \u2502       \n                                                            \u2502  AND d_year<\u2502                              \u2502             \u2502       \u2502                      \u2502             \u2502                              \u2502   Filters:  \u2502\u2502             \u2502       \u2502       \n                                                            \u2502    =2003    \u2502                              \u2502             \u2502       \u2502                      \u2502             \u2502                              \u2502  optional:  \u2502\u2502             \u2502       \u2502       \n                                                            \u2502             \u2502                              \u2502             \u2502       \u2502                      \u2502             \u2502                              \u2502    Dynamic  \u2502\u2502             \u2502       \u2502       \n                                                            \u2502             \u2502                              \u2502             \u2502       \u2502                      \u2502             \u2502                              \u2502    Filter   \u2502\u2502             \u2502       \u2502       \n                                                            \u2502             \u2502                              \u2502             \u2502       \u2502                      \u2502             \u2502                              \u2502(c_last_name)\u2502\u2502             \u2502       \u2502       \n                                                            \u2502             \u2502                              \u2502             \u2502       \u2502                      \u2502             \u2502                              \u2502             \u2502\u2502             \u2502       \u2502       \n                                                            \u2502  1,461 rows \u2502                              \u2502  7,396 rows \u2502       \u2502                      \u2502   171 rows  \u2502                              \u2502  7,173 rows \u2502\u2502  3,679 rows \u2502       \u2502       \n                                                            \u2502   (0.00s)   \u2502                              \u2502   (0.02s)   \u2502       \u2502                      \u2502   (0.00s)   \u2502                              \u2502   (0.00s)   \u2502\u2502   (0.02s)   \u2502       \u2502       \n                                                            \u2514\u2500\u2500\u2500\u2500\u2500\u2500\u2500\u2500\u2500\u2500\u2500\u2500\u2500\u2518                              \u2514\u2500\u2500\u2500\u2500\u2500\u2500\u252c\u2500\u2500\u2500\u2500\u2500\u2500\u2518       \u2502                      \u2514\u2500\u2500\u2500\u2500\u2500\u2500\u252c\u2500\u2500\u2500\u2500\u2500\u2500\u2518                              \u2514\u2500\u2500\u2500\u2500\u2500\u2500\u2500\u2500\u2500\u2500\u2500\u2500\u2500\u2518\u2514\u2500\u2500\u2500\u2500\u2500\u2500\u252c\u2500\u2500\u2500\u2500\u2500\u2500\u2518       \u2502       \n                                                                                                         \u250c\u2500\u2500\u2500\u2500\u2500\u2500\u2534\u2500\u2500\u2500\u2500\u2500\u2500\u2510\u250c\u2500\u2500\u2500\u2500\u2500\u2500\u2534\u2500\u2500\u2500\u2500\u2500\u2500\u2510               \u250c\u2500\u2500\u2500\u2500\u2500\u2500\u2534\u2500\u2500\u2500\u2500\u2500\u2500\u2510                                             \u250c\u2500\u2500\u2500\u2500\u2500\u2500\u2534\u2500\u2500\u2500\u2500\u2500\u2500\u2510\u250c\u2500\u2500\u2500\u2500\u2500\u2500\u2534\u2500\u2500\u2500\u2500\u2500\u2500\u2510\n                                                                                                         \u2502  PROJECTION \u2502\u2502  HASH_JOIN  \u2502               \u2502NESTED_L...  \u2502                                             \u2502  PROJECTION \u2502\u2502  HASH_JOIN  \u2502\n                                                                                                         \u2502    \u2500\u2500\u2500\u2500\u2500\u2500   \u2502\u2502    \u2500\u2500\u2500\u2500\u2500\u2500   \u2502               \u2502    \u2500\u2500\u2500\u2500\u2500\u2500   \u2502                                             \u2502    \u2500\u2500\u2500\u2500\u2500\u2500   \u2502\u2502    \u2500\u2500\u2500\u2500\u2500\u2500   \u2502\n                                                                                                         \u2502   item_sk   \u2502\u2502  Join Type: \u2502               \u2502  Join Type: \u2502                                             \u2502   item_sk   \u2502\u2502  Join Type: \u2502\n                                                                                                         \u2502             \u2502\u2502    INNER    \u2502               \u2502    INNER    \u2502                                             \u2502             \u2502\u2502    INNER    \u2502\n                                                                                                         \u2502             \u2502\u2502             \u2502               \u2502             \u2502                                             \u2502             \u2502\u2502             \u2502\n                                                                                                         \u2502             \u2502\u2502 Conditions: \u2502               \u2502 Conditions: \u2502                                             \u2502             \u2502\u2502 Conditions: \u2502\n                                                                                                         \u2502             \u2502\u2502cs_sold_date_\u2502               \u2502  CAST(sum(  \u2502                                             \u2502             \u2502\u2502ws_sold_date_\u2502\n                                                                                                         \u2502             \u2502\u2502sk = d_date_s\u2502               \u2502(CAST(ss_quan\u2502                                             \u2502             \u2502\u2502sk = d_date_s\u2502\n                                                                                                         \u2502             \u2502\u2502      k      \u2502               \u2502tity AS DECIM\u2502                                             \u2502             \u2502\u2502      k      \u2502\n                                                                                                         \u2502             \u2502\u2502             \u2502               \u2502 AL(17,0)) * \u2502                                             \u2502             \u2502\u2502             \u2502\n                                                                                                         \u2502             \u2502\u2502             \u251c\u2500\u2500\u2500\u2500\u2500\u2500\u2500\u2510       \u2502 CAST(ss_sale\u251c\u2500\u2500\u2500\u2500\u2500\u2500\u2500\u2500\u2500\u2500\u2500\u2500\u2500\u2500\u2500\u2500\u2500\u2500\u2500\u2500\u2500\u2500\u2510                      \u2502             \u2502\u2502             \u251c\n                                                                                                         \u2502             \u2502\u2502             \u2502       \u2502       \u2502  s_price AS \u2502                      \u2502                      \u2502             \u2502\u2502             \u2502\n                                                                                                         \u2502             \u2502\u2502             \u2502       \u2502       \u2502  DECIMAL(17 \u2502                      \u2502                      \u2502             \u2502\u2502             \u2502\n                                                                                                         \u2502             \u2502\u2502             \u2502       \u2502       \u2502  ,2)))) AS  \u2502                      \u2502                      \u2502             \u2502\u2502             \u2502\n                                                                                                         \u2502             \u2502\u2502             \u2502       \u2502       \u2502  DOUBLE) >  \u2502                      \u2502                      \u2502             \u2502\u2502             \u2502\n                                                                                                         \u2502             \u2502\u2502             \u2502       \u2502       \u2502 (0.95 * CAST\u2502                      \u2502                      \u2502             \u2502\u2502             \u2502\n                                                                                                         \u2502             \u2502\u2502             \u2502       \u2502       \u2502 (SUBQUERY AS\u2502                      \u2502                      \u2502             \u2502\u2502             \u2502\n                                                                                                         \u2502             \u2502\u2502             \u2502       \u2502       \u2502   DOUBLE))  \u2502                      \u2502                      \u2502             \u2502\u2502             \u2502\n                                                                                                         \u2502             \u2502\u2502             \u2502       \u2502       \u2502             \u2502                      \u2502                      \u2502             \u2502\u2502             \u2502\n                                                                                                         \u2502  4,202 rows \u2502\u2502 140,675 rows\u2502       \u2502       \u2502   171 rows  \u2502                      \u2502                      \u2502  4,202 rows \u2502\u2502 73,221 rows \u2502\n                                                                                                         \u2502   (0.00s)   \u2502\u2502   (0.00s)   \u2502       \u2502       \u2502   (0.01s)   \u2502                      \u2502                      \u2502   (0.00s)   \u2502\u2502   (0.01s)   \u2502\n                                                                                                         \u2514\u2500\u2500\u2500\u2500\u2500\u2500\u252c\u2500\u2500\u2500\u2500\u2500\u2500\u2518\u2514\u2500\u2500\u2500\u2500\u2500\u2500\u252c\u2500\u2500\u2500\u2500\u2500\u2500\u2518       \u2502       \u2514\u2500\u2500\u2500\u2500\u2500\u2500\u252c\u2500\u2500\u2500\u2500\u2500\u2500\u2518                      \u2502                      \u2514\u2500\u2500\u2500\u2500\u2500\u2500\u252c\u2500\u2500\u2500\u2500\u2500\u2500\u2518\u2514\u2500\u2500\u2500\u2500\u2500\u2500\u252c\u2500\u2500\u2500\u2500\u2500\u2500\u2518\n                                                                                                         \u250c\u2500\u2500\u2500\u2500\u2500\u2500\u2534\u2500\u2500\u2500\u2500\u2500\u2500\u2510\u250c\u2500\u2500\u2500\u2500\u2500\u2500\u2534\u2500\u2500\u2500\u2500\u2500\u2500\u2510\u250c\u2500\u2500\u2500\u2500\u2500\u2500\u2534\u2500\u2500\u2500\u2500\u2500\u2500\u2510\u250c\u2500\u2500\u2500\u2500\u2500\u2500\u2534\u2500\u2500\u2500\u2500\u2500\u2500\u2510               \u250c\u2500\u2500\u2500\u2500\u2500\u2500\u2534\u2500\u2500\u2500\u2500\u2500\u2500\u2510               \u250c\u2500\u2500\u2500\u2500\u2500\u2500\u2534\u2500\u2500\u2500\u2500\u2500\u2500\u2510\u250c\u2500\u2500\u2500\u2500\u2500\u2500\u2534\u2500\u2500\u2500\u2500\u2500\u2500\u2510\n                                                                                                         \u2502   CTE_SCAN  \u2502\u2502  TABLE_SCAN \u2502\u2502    FILTER   \u2502\u2502HASH_GROUP_BY\u2502               \u2502  PROJECTION \u2502               \u2502   CTE_SCAN  \u2502\u2502  TABLE_SCAN \u2502\n                                                                                                         \u2502    \u2500\u2500\u2500\u2500\u2500\u2500   \u2502\u2502    \u2500\u2500\u2500\u2500\u2500\u2500   \u2502\u2502    \u2500\u2500\u2500\u2500\u2500\u2500   \u2502\u2502    \u2500\u2500\u2500\u2500\u2500\u2500   \u2502               \u2502    \u2500\u2500\u2500\u2500\u2500\u2500   \u2502               \u2502    \u2500\u2500\u2500\u2500\u2500\u2500   \u2502\u2502    \u2500\u2500\u2500\u2500\u2500\u2500   \u2502\n                                                                                                         \u2502  CTE Index: \u2502\u2502    Table:   \u2502\u2502  (d_date_sk \u2502\u2502   Groups:   \u2502               \u2502 CASE  WHEN (\u2502               \u2502  CTE Index: \u2502\u2502    Table:   \u2502\n                                                                                                         \u2502      0      \u2502\u2502catalog_sales\u2502\u2502    BETWEEN  \u2502\u2502      #0     \u2502               \u2502  (#1 > 1))  \u2502               \u2502      0      \u2502\u2502  web_sales  \u2502\n                                                                                                         \u2502             \u2502\u2502             \u2502\u2502  2450815 AND\u2502\u2502             \u2502               \u2502 THEN (\"error\u2502               \u2502             \u2502\u2502             \u2502\n                                                                                                         \u2502             \u2502\u2502    Type:    \u2502\u2502   2452653)  \u2502\u2502 Aggregates: \u2502               \u2502 \"('More than\u2502               \u2502             \u2502\u2502    Type:    \u2502\n                                                                                                         \u2502             \u2502\u2502  Sequential \u2502\u2502             \u2502\u2502   sum(#1)   \u2502               \u2502    one row  \u2502               \u2502             \u2502\u2502  Sequential \u2502\n                                                                                                         \u2502             \u2502\u2502     Scan    \u2502\u2502             \u2502\u2502             \u2502               \u2502  returned by\u2502               \u2502             \u2502\u2502     Scan    \u2502\n                                                                                                         \u2502             \u2502\u2502             \u2502\u2502             \u2502\u2502             \u2502               \u2502  a subquery \u2502               \u2502             \u2502\u2502             \u2502\n                                                                                                         \u2502             \u2502\u2502 Projections:\u2502\u2502             \u2502\u2502             \u2502               \u2502  used as an \u2502               \u2502             \u2502\u2502 Projections:\u2502\n                                                                                                         \u2502             \u2502\u2502cs_sold_date_\u2502\u2502             \u2502\u2502             \u2502               \u2502  expression \u2502               \u2502             \u2502\u2502ws_sold_date_\u2502\n                                                                                                         \u2502             \u2502\u2502      sk     \u2502\u2502             \u2502\u2502             \u2502               \u2502   - scalar  \u2502               \u2502             \u2502\u2502      sk     \u2502\n                                                                                                         \u2502             \u2502\u2502  cs_item_sk \u2502\u2502             \u2502\u2502             \u2502               \u2502  subqueries \u2502               \u2502             \u2502\u2502  ws_item_sk \u2502\n                                                                                                         \u2502             \u2502\u2502cs_bill_custo\u2502\u2502             \u2502\u2502             \u2502               \u2502   can only  \u2502               \u2502             \u2502\u2502ws_bill_custo\u2502\n                                                                                                         \u2502             \u2502\u2502    mer_sk   \u2502\u2502             \u2502\u2502             \u2502               \u2502   return a  \u2502               \u2502             \u2502\u2502    mer_sk   \u2502\n                                                                                                         \u2502             \u2502\u2502 cs_quantity \u2502\u2502             \u2502\u2502             \u2502               \u2502  single row.\u2502               \u2502             \u2502\u2502 ws_quantity \u2502\n                                                                                                         \u2502             \u2502\u2502cs_list_price\u2502\u2502             \u2502\u2502             \u2502               \u2502   Use \"SET  \u2502               \u2502             \u2502\u2502ws_list_price\u2502\n                                                                                                         \u2502             \u2502\u2502             \u2502\u2502             \u2502\u2502             \u2502               \u2502 scalar_subqu\u2502               \u2502             \u2502\u2502             \u2502\n                                                                                                         \u2502             \u2502\u2502             \u2502\u2502             \u2502\u2502             \u2502               \u2502ery_error_on_\u2502               \u2502             \u2502\u2502             \u2502\n                                                                                                         \u2502             \u2502\u2502             \u2502\u2502             \u2502\u2502             \u2502               \u2502multiple_rows\u2502               \u2502             \u2502\u2502             \u2502\n                                                                                                         \u2502             \u2502\u2502             \u2502\u2502             \u2502\u2502             \u2502               \u2502  =false\" to \u2502               \u2502             \u2502\u2502             \u2502\n                                                                                                         \u2502             \u2502\u2502             \u2502\u2502             \u2502\u2502             \u2502               \u2502   revert to \u2502               \u2502             \u2502\u2502             \u2502\n                                                                                                         \u2502             \u2502\u2502             \u2502\u2502             \u2502\u2502             \u2502               \u2502   previous  \u2502               \u2502             \u2502\u2502             \u2502\n                                                                                                         \u2502             \u2502\u2502             \u2502\u2502             \u2502\u2502             \u2502               \u2502  behavior of\u2502               \u2502             \u2502\u2502             \u2502\n                                                                                                         \u2502             \u2502\u2502             \u2502\u2502             \u2502\u2502             \u2502               \u2502  returning a\u2502               \u2502             \u2502\u2502             \u2502\n                                                                                                         \u2502             \u2502\u2502             \u2502\u2502             \u2502\u2502             \u2502               \u2502  random row.\u2502               \u2502             \u2502\u2502             \u2502\n                                                                                                         \u2502             \u2502\u2502             \u2502\u2502             \u2502\u2502             \u2502               \u2502 ')) ELSE #0 \u2502               \u2502             \u2502\u2502             \u2502\n                                                                                                         \u2502             \u2502\u2502             \u2502\u2502             \u2502\u2502             \u2502               \u2502      END    \u2502               \u2502             \u2502\u2502             \u2502\n                                                                                                         \u2502             \u2502\u2502             \u2502\u2502             \u2502\u2502             \u2502               \u2502             \u2502               \u2502             \u2502\u2502             \u2502\n                                                                                                         \u2502  4,202 rows \u2502\u2502 140,675 rows\u2502\u2502   31 rows   \u2502\u2502 495,848 rows\u2502               \u2502    1 row    \u2502               \u2502  4,202 rows \u2502\u2502 73,221 rows \u2502\n                                                                                                         \u2502   (0.00s)   \u2502\u2502   (0.11s)   \u2502\u2502   (0.00s)   \u2502\u2502   (1.00s)   \u2502               \u2502   (0.00s)   \u2502               \u2502   (0.00s)   \u2502\u2502   (3.30s)   \u2502\n                                                                                                         \u2514\u2500\u2500\u2500\u2500\u2500\u2500\u2500\u2500\u2500\u2500\u2500\u2500\u2500\u2518\u2514\u2500\u2500\u2500\u2500\u2500\u2500\u2500\u2500\u2500\u2500\u2500\u2500\u2500\u2518\u2514\u2500\u2500\u2500\u2500\u2500\u2500\u252c\u2500\u2500\u2500\u2500\u2500\u2500\u2518\u2514\u2500\u2500\u2500\u2500\u2500\u2500\u252c\u2500\u2500\u2500\u2500\u2500\u2500\u2518               \u2514\u2500\u2500\u2500\u2500\u2500\u2500\u252c\u2500\u2500\u2500\u2500\u2500\u2500\u2518               \u2514\u2500\u2500\u2500\u2500\u2500\u2500\u2500\u2500\u2500\u2500\u2500\u2500\u2500\u2518\u2514\u2500\u2500\u2500\u2500\u2500\u2500\u2500\u2500\u2500\u2500\u2500\u2500\u2500\u2518\n                                                                                                                                       \u250c\u2500\u2500\u2500\u2500\u2500\u2500\u2534\u2500\u2500\u2500\u2500\u2500\u2500\u2510\u250c\u2500\u2500\u2500\u2500\u2500\u2500\u2534\u2500\u2500\u2500\u2500\u2500\u2500\u2510               \u250c\u2500\u2500\u2500\u2500\u2500\u2500\u2534\u2500\u2500\u2500\u2500\u2500\u2500\u2510                                             \n                                                                                                                                       \u2502  TABLE_SCAN \u2502\u2502  PROJECTION \u2502               \u2502UNGROUPE...  \u2502                                             \n                                                                                                                                       \u2502    \u2500\u2500\u2500\u2500\u2500\u2500   \u2502\u2502    \u2500\u2500\u2500\u2500\u2500\u2500   \u2502               \u2502    \u2500\u2500\u2500\u2500\u2500\u2500   \u2502                                             \n                                                                                                                                       \u2502    Table:   \u2502\u2502c_customer_sk\u2502               \u2502 Aggregates: \u2502                                             \n                                                                                                                                       \u2502   date_dim  \u2502\u2502(CAST(ss_quan\u2502               \u2502 \"first\"(#0) \u2502                                             \n                                                                                                                                       \u2502             \u2502\u2502tity AS DECIM\u2502               \u2502 count_star()\u2502                                             \n                                                                                                                                       \u2502    Type:    \u2502\u2502 AL(17,0)) * \u2502               \u2502             \u2502                                             \n                                                                                                                                       \u2502  Sequential \u2502\u2502 CAST(ss_sale\u2502               \u2502             \u2502                                             \n                                                                                                                                       \u2502     Scan    \u2502\u2502  s_price AS \u2502               \u2502             \u2502                                             \n                                                                                                                                       \u2502             \u2502\u2502  DECIMAL(17 \u2502               \u2502             \u2502                                             \n                                                                                                                                       \u2502 Projections:\u2502\u2502    ,2)))    \u2502               \u2502             \u2502                                             \n                                                                                                                                       \u2502  d_date_sk  \u2502\u2502             \u2502               \u2502             \u2502                                             \n                                                                                                                                       \u2502             \u2502\u2502             \u2502               \u2502             \u2502                                             \n                                                                                                                                       \u2502   Filters:  \u2502\u2502             \u2502               \u2502             \u2502                                             \n                                                                                                                                       \u2502 d_year=2000 \u2502\u2502             \u2502               \u2502             \u2502                                             \n                                                                                                                                       \u2502   d_moy=5   \u2502\u2502             \u2502               \u2502             \u2502                                             \n                                                                                                                                       \u2502             \u2502\u2502             \u2502               \u2502             \u2502                                             \n                                                                                                                                       \u2502   31 rows   \u2502\u250227,504,0...  \u2502               \u2502    1 row    \u2502                                             \n                                                                                                                                       \u2502   (0.01s)   \u2502\u2502   (0.25s)   \u2502               \u2502   (0.00s)   \u2502                                             \n                                                                                                                                       \u2514\u2500\u2500\u2500\u2500\u2500\u2500\u2500\u2500\u2500\u2500\u2500\u2500\u2500\u2518\u2514\u2500\u2500\u2500\u2500\u2500\u2500\u252c\u2500\u2500\u2500\u2500\u2500\u2500\u2518               \u2514\u2500\u2500\u2500\u2500\u2500\u2500\u252c\u2500\u2500\u2500\u2500\u2500\u2500\u2518                                             \n                                                                                                                                                      \u250c\u2500\u2500\u2500\u2500\u2500\u2500\u2534\u2500\u2500\u2500\u2500\u2500\u2500\u2510               \u250c\u2500\u2500\u2500\u2500\u2500\u2500\u2534\u2500\u2500\u2500\u2500\u2500\u2500\u2510                                             \n                                                                                                                                                      \u2502  HASH_JOIN  \u2502               \u2502  PROJECTION \u2502                                             \n                                                                                                                                                      \u2502    \u2500\u2500\u2500\u2500\u2500\u2500   \u2502               \u2502    \u2500\u2500\u2500\u2500\u2500\u2500   \u2502                                             \n                                                                                                                                                      \u2502  Join Type: \u2502               \u2502      #0     \u2502                                             \n                                                                                                                                                      \u2502    INNER    \u2502               \u2502             \u2502                                             \n                                                                                                                                                      \u2502             \u2502               \u2502             \u2502                                             \n                                                                                                                                                      \u2502 Conditions: \u2502               \u2502             \u2502                                             \n                                                                                                                                                      \u2502ss_customer_s\u251c\u2500\u2500\u2500\u2500\u2500\u2500\u2500\u2510       \u2502             \u2502                                             \n                                                                                                                                                      \u2502k = c_custome\u2502       \u2502       \u2502             \u2502                                             \n                                                                                                                                                      \u2502     r_sk    \u2502       \u2502       \u2502             \u2502                                             \n                                                                                                                                                      \u2502             \u2502       \u2502       \u2502             \u2502                                             \n                                                                                                                                                      \u250227,504,0...  \u2502       \u2502       \u2502    1 row    \u2502                                             \n                                                                                                                                                      \u2502   (0.09s)   \u2502       \u2502       \u2502   (0.00s)   \u2502                                             \n                                                                                                                                                      \u2514\u2500\u2500\u2500\u2500\u2500\u2500\u252c\u2500\u2500\u2500\u2500\u2500\u2500\u2518       \u2502       \u2514\u2500\u2500\u2500\u2500\u2500\u2500\u252c\u2500\u2500\u2500\u2500\u2500\u2500\u2518                                             \n                                                                                                                                                      \u250c\u2500\u2500\u2500\u2500\u2500\u2500\u2534\u2500\u2500\u2500\u2500\u2500\u2500\u2510\u250c\u2500\u2500\u2500\u2500\u2500\u2500\u2534\u2500\u2500\u2500\u2500\u2500\u2500\u2510\u250c\u2500\u2500\u2500\u2500\u2500\u2500\u2534\u2500\u2500\u2500\u2500\u2500\u2500\u2510                                             \n                                                                                                                                                      \u2502  TABLE_SCAN \u2502\u2502  TABLE_SCAN \u2502\u2502   CTE_SCAN  \u2502                                             \n                                                                                                                                                      \u2502    \u2500\u2500\u2500\u2500\u2500\u2500   \u2502\u2502    \u2500\u2500\u2500\u2500\u2500\u2500   \u2502\u2502    \u2500\u2500\u2500\u2500\u2500\u2500   \u2502                                             \n                                                                                                                                                      \u2502    Table:   \u2502\u2502    Table:   \u2502\u2502  CTE Index: \u2502                                             \n                                                                                                                                                      \u2502 store_sales \u2502\u2502   customer  \u2502\u2502      10     \u2502                                             \n                                                                                                                                                      \u2502             \u2502\u2502             \u2502\u2502             \u2502                                             \n                                                                                                                                                      \u2502    Type:    \u2502\u2502    Type:    \u2502\u2502             \u2502                                             \n                                                                                                                                                      \u2502  Sequential \u2502\u2502  Sequential \u2502\u2502             \u2502                                             \n                                                                                                                                                      \u2502     Scan    \u2502\u2502     Scan    \u2502\u2502             \u2502                                             \n                                                                                                                                                      \u2502             \u2502\u2502             \u2502\u2502             \u2502                                             \n                                                                                                                                                      \u2502 Projections:\u2502\u2502 Projections:\u2502\u2502             \u2502                                             \n                                                                                                                                                      \u2502ss_customer_s\u2502\u2502c_customer_sk\u2502\u2502             \u2502                                             \n                                                                                                                                                      \u2502      k      \u2502\u2502             \u2502\u2502             \u2502                                             \n                                                                                                                                                      \u2502 ss_quantity \u2502\u2502             \u2502\u2502             \u2502                                             \n                                                                                                                                                      \u2502ss_sales_pric\u2502\u2502             \u2502\u2502             \u2502                                             \n                                                                                                                                                      \u2502      e      \u2502\u2502             \u2502\u2502             \u2502                                             \n                                                                                                                                                      \u2502             \u2502\u2502             \u2502\u2502             \u2502                                             \n                                                                                                                                                      \u2502             \u2502\u2502             \u2502\u2502             \u2502                                             \n                                                                                                                                                      \u2502             \u2502\u2502             \u2502\u2502             \u2502                                             \n                                                                                                                                                      \u2502             \u2502\u2502             \u2502\u2502             \u2502                                             \n                                                                                                                                                      \u2502             \u2502\u2502             \u2502\u2502             \u2502                                             \n                                                                                                                                                      \u2502             \u2502\u2502             \u2502\u2502             \u2502                                             \n                                                                                                                                                      \u2502             \u2502\u2502             \u2502\u2502             \u2502                                             \n                                                                                                                                                      \u250227,504,0...  \u2502\u2502 500,000 rows\u2502\u2502    1 row    \u2502                                             \n                                                                                                                                                      \u2502   (0.22s)   \u2502\u2502   (0.02s)   \u2502\u2502   (0.00s)   \u2502                                             \n                                                                                                                                                      \u2514\u2500\u2500\u2500\u2500\u2500\u2500\u2500\u2500\u2500\u2500\u2500\u2500\u2500\u2518\u2514\u2500\u2500\u2500\u2500\u2500\u2500\u2500\u2500\u2500\u2500\u2500\u2500\u2500\u2518\u2514\u2500\u2500\u2500\u2500\u2500\u2500\u2500\u2500\u2500\u2500\u2500\u2500\u2500\u2518                                             \n",
  "plan_json": {
    "total_bytes_written": 0,
    "total_bytes_read": 0,
    "rows_returned": 0,
    "latency": 0.0,
    "result_set_size": 0,
    "query_name": "",
    "blocked_thread_time": 0.0,
    "system_peak_buffer_memory": 0,
    "system_peak_temp_dir_size": 0,
    "cpu_time": 0.0,
    "extra_info": {},
    "cumulative_cardinality": 0,
    "cumulative_rows_scanned": 0,
    "children": [
      {
        "total_bytes_written": 0,
        "total_bytes_read": 0,
        "result_set_size": 0,
        "operator_name": "EXPLAIN_ANALYZE",
        "cpu_time": 0.0,
        "extra_info": {},
        "cumulative_cardinality": 0,
        "operator_type": "EXPLAIN_ANALYZE",
        "operator_cardinality": 0,
        "cumulative_rows_scanned": 0,
        "operator_rows_scanned": 0,
        "operator_timing": 3.46e-07,
        "children": [
          {
            "total_bytes_written": 0,
            "total_bytes_read": 0,
            "result_set_size": 0,
            "operator_name": "CTE",
            "cpu_time": 0.0,
            "extra_info": {
              "CTE Name": "frequent_ss_items",
              "Table Index": "0",
              "Estimated Cardinality": "100"
            },
            "cumulative_cardinality": 0,
            "operator_type": "CTE",
            "operator_cardinality": 0,
            "cumulative_rows_scanned": 0,
            "operator_rows_scanned": 0,
            "operator_timing": 0.0010210800000000002,
            "children": [
              {
                "total_bytes_written": 0,
                "total_bytes_read": 0,
                "result_set_size": 134464,
                "operator_name": "FILTER",
                "cpu_time": 0.0,
                "extra_info": {
                  "Expression": "(count_star() > 4)",
                  "Estimated Cardinality": "1196617"
                },
                "cumulative_cardinality": 0,
                "operator_type": "FILTER",
                "operator_cardinality": 4202,
                "cumulative_rows_scanned": 0,
                "operator_rows_scanned": 0,
                "operator_timing": 0.066268171,
                "children": [
                  {
                    "total_bytes_written": 0,
                    "total_bytes_read": 0,
                    "result_set_size": 442092128,
                    "operator_name": "HASH_GROUP_BY",
                    "cpu_time": 0.0,
                    "extra_info": {
                      "Groups": [
                        "#0",
                        "#1",
                        "#2"
                      ],
                      "Aggregates": "count_star()",
                      "Estimated Cardinality": "5983085"
                    },
                    "cumulative_cardinality": 0,
                    "operator_type": "HASH_GROUP_BY",
                    "operator_cardinality": 13815379,
                    "cumulative_rows_scanned": 0,
                    "operator_rows_scanned": 0,
                    "operator_timing": 14.955294998000001,
                    "children": [
                      {
                        "total_bytes_written": 0,
                        "total_bytes_read": 0,
                        "result_set_size": 397319832,
                        "operator_name": "PROJECTION",
                        "cpu_time": 0.0,
                        "extra_info": {
                          "Projections": [
                            "substr(i_item_desc, 1, 30)",
                            "i_item_sk",
                            "d_date"
                          ],
                          "Estimated Cardinality": "6116562"
                        },
                        "cumulative_cardinality": 0,
                        "operator_type": "PROJECTION",
                        "operator_cardinality": 16554993,
                        "cumulative_rows_scanned": 0,
                        "operator_rows_scanned": 0,
                        "operator_timing": 3.2444355279999995,
                        "children": [
                          {
                            "total_bytes_written": 0,
                            "total_bytes_read": 0,
                            "result_set_size": 397319832,
                            "operator_name": "HASH_JOIN",
                            "cpu_time": 0.0,
                            "extra_info": {
                              "Join Type": "INNER",
                              "Conditions": "ss_item_sk = i_item_sk",
                              "Estimated Cardinality": "6116562"
                            },
                            "cumulative_cardinality": 0,
                            "operator_type": "HASH_JOIN",
                            "operator_cardinality": 16554993,
                            "cumulative_rows_scanned": 0,
                            "operator_rows_scanned": 0,
                            "operator_timing": 0.10694655200000001,
                            "children": [
                              {
                                "total_bytes_written": 0,
                                "total_bytes_read": 0,
                                "result_set_size": 132439944,
                                "operator_name": "HASH_JOIN",
                                "cpu_time": 0.0,
                                "extra_info": {
                                  "Join Type": "INNER",
                                  "Conditions": "ss_sold_date_sk = d_date_sk",
                                  "Estimated Cardinality": "5759882"
                                },
                                "cumulative_cardinality": 0,
                                "operator_type": "HASH_JOIN",
                                "operator_cardinality": 16554993,
                                "cumulative_rows_scanned": 0,
                                "operator_rows_scanned": 0,
                                "operator_timing": 0.12420668099999999,
                                "children": [
                                  {
                                    "total_bytes_written": 0,
                                    "total_bytes_read": 0,
                                    "result_set_size": 132439944,
                                    "operator_name": "SEQ_SCAN ",
                                    "cpu_time": 0.0,
                                    "extra_info": {
                                      "Table": "store_sales",
                                      "Type": "Sequential Scan",
                                      "Projections": [
                                        "ss_sold_date_sk",
                                        "ss_item_sk"
                                      ],
                                      "Estimated Cardinality": "28800991"
                                    },
                                    "cumulative_cardinality": 0,
                                    "operator_type": "TABLE_SCAN",
                                    "operator_cardinality": 16554993,
                                    "cumulative_rows_scanned": 0,
                                    "operator_rows_scanned": 806427748,
                                    "operator_timing": 0.404351357,
                                    "children": []
                                  },
                                  {
                                    "total_bytes_written": 0,
                                    "total_bytes_read": 0,
                                    "result_set_size": 8784,
                                    "operator_name": "FILTER",
                                    "cpu_time": 0.0,
                                    "extra_info": {
                                      "Expression": "(d_date_sk BETWEEN 2450816 AND 2452642)",
                                      "Estimated Cardinality": "14609"
                                    },
                                    "cumulative_cardinality": 0,
                                    "operator_type": "FILTER",
                                    "operator_cardinality": 1098,
                                    "cumulative_rows_scanned": 0,
                                    "operator_rows_scanned": 0,
                                    "operator_timing": 2.2736e-05,
                                    "children": [
                                      {
                                        "total_bytes_written": 0,
                                        "total_bytes_read": 0,
                                        "result_set_size": 11688,
                                        "operator_name": "SEQ_SCAN ",
                                        "cpu_time": 0.0,
                                        "extra_info": {
                                          "Table": "date_dim",
                                          "Type": "Sequential Scan",
                                          "Projections": [
                                            "d_date_sk",
                                            "d_date"
                                          ],
                                          "Filters": "d_year>=2000 AND d_year<=2003",
                                          "Estimated Cardinality": "14609"
                                        },
                                        "cumulative_cardinality": 0,
                                        "operator_type": "TABLE_SCAN",
                                        "operator_cardinality": 1461,
                                        "cumulative_rows_scanned": 0,
                                        "operator_rows_scanned": 73049,
                                        "operator_timing": 8.7966e-05,
                                        "children": []
                                      }
                                    ]
                                  }
                                ]
                              },
                              {
                                "total_bytes_written": 0,
                                "total_bytes_read": 0,
                                "result_set_size": 2040000,
                                "operator_name": "SEQ_SCAN ",
                                "cpu_time": 0.0,
                                "extra_info": {
                                  "Table": "item",
                                  "Type": "Sequential Scan",
                                  "Projections": [
                                    "i_item_sk",
                                    "i_item_desc"
                                  ],
                                  "Estimated Cardinality": "102000"
                                },
                                "cumulative_cardinality": 0,
                                "operator_type": "TABLE_SCAN",
                                "operator_cardinality": 102000,
                                "cumulative_rows_scanned": 0,
                                "operator_rows_scanned": 102000,
                                "operator_timing": 0.004903074,
                                "children": []
                              }
                            ]
                          }
                        ]
                      }
                    ]
                  }
                ]
              },
              {
                "total_bytes_written": 0,
                "total_bytes_read": 0,
                "result_set_size": 0,
                "operator_name": "CTE",
                "cpu_time": 0.0,
                "extra_info": {
                  "CTE Name": "max_store_sales",
                  "Table Index": "10",
                  "Estimated Cardinality": "100"
                },
                "cumulative_cardinality": 0,
                "operator_type": "CTE",
                "operator_cardinality": 0,
                "cumulative_rows_scanned": 0,
                "operator_rows_scanned": 0,
                "operator_timing": 8.469e-06,
                "children": [
                  {
                    "total_bytes_written": 0,
                    "total_bytes_read": 0,
                    "result_set_size": 16,
                    "operator_name": "UNGROUPED_AGGREGATE",
                    "cpu_time": 0.0,
                    "extra_info": {
                      "Aggregates": "max(#0)"
                    },
                    "cumulative_cardinality": 0,
                    "operator_type": "UNGROUPED_AGGREGATE",
                    "operator_cardinality": 1,
                    "cumulative_rows_scanned": 0,
                    "operator_rows_scanned": 0,
                    "operator_timing": 0.00107811,
                    "children": [
                      {
                        "total_bytes_written": 0,
                        "total_bytes_read": 0,
                        "result_set_size": 7556000,
                        "operator_name": "PROJECTION",
                        "cpu_time": 0.0,
                        "extra_info": {
                          "Projections": "csales",
                          "Estimated Cardinality": "385153"
                        },
                        "cumulative_cardinality": 0,
                        "operator_type": "PROJECTION",
                        "operator_cardinality": 472250,
                        "cumulative_rows_scanned": 0,
                        "operator_rows_scanned": 0,
                        "operator_timing": 4.012499999999999e-05,
                        "children": [
                          {
                            "total_bytes_written": 0,
                            "total_bytes_read": 0,
                            "result_set_size": 7556000,
                            "operator_name": "PROJECTION",
                            "cpu_time": 0.0,
                            "extra_info": {
                              "Projections": "csales",
                              "Estimated Cardinality": "385153"
                            },
                            "cumulative_cardinality": 0,
                            "operator_type": "PROJECTION",
                            "operator_cardinality": 472250,
                            "cumulative_rows_scanned": 0,
                            "operator_rows_scanned": 0,
                            "operator_timing": 6.5198e-05,
                            "children": [
                              {
                                "total_bytes_written": 0,
                                "total_bytes_read": 0,
                                "result_set_size": 9445000,
                                "operator_name": "HASH_GROUP_BY",
                                "cpu_time": 0.0,
                                "extra_info": {
                                  "Groups": "#0",
                                  "Aggregates": "sum(#1)",
                                  "Estimated Cardinality": "385153"
                                },
                                "cumulative_cardinality": 0,
                                "operator_type": "HASH_GROUP_BY",
                                "operator_cardinality": 472250,
                                "cumulative_rows_scanned": 0,
                                "operator_rows_scanned": 0,
                                "operator_timing": 0.841939701,
                                "children": [
                                  {
                                    "total_bytes_written": 0,
                                    "total_bytes_read": 0,
                                    "result_set_size": 193970952,
                                    "operator_name": "PROJECTION",
                                    "cpu_time": 0.0,
                                    "extra_info": {
                                      "Projections": [
                                        "c_customer_sk",
                                        "(CAST(ss_quantity AS DECIMAL(17,0)) * CAST(ss_sales_price AS DECIMAL(17,2)))"
                                      ],
                                      "Estimated Cardinality": "5759882"
                                    },
                                    "cumulative_cardinality": 0,
                                    "operator_type": "PROJECTION",
                                    "operator_cardinality": 16164246,
                                    "cumulative_rows_scanned": 0,
                                    "operator_rows_scanned": 0,
                                    "operator_timing": 0.1792475,
                                    "children": [
                                      {
                                        "total_bytes_written": 0,
                                        "total_bytes_read": 0,
                                        "result_set_size": 258627936,
                                        "operator_name": "HASH_JOIN",
                                        "cpu_time": 0.0,
                                        "extra_info": {
                                          "Join Type": "INNER",
                                          "Conditions": "ss_customer_sk = c_customer_sk",
                                          "Estimated Cardinality": "5759882"
                                        },
                                        "cumulative_cardinality": 0,
                                        "operator_type": "HASH_JOIN",
                                        "operator_cardinality": 16164246,
                                        "cumulative_rows_scanned": 0,
                                        "operator_rows_scanned": 0,
                                        "operator_timing": 0.06360458799999999,
                                        "children": [
                                          {
                                            "total_bytes_written": 0,
                                            "total_bytes_read": 0,
                                            "result_set_size": 258627936,
                                            "operator_name": "HASH_JOIN",
                                            "cpu_time": 0.0,
                                            "extra_info": {
                                              "Join Type": "INNER",
                                              "Conditions": "ss_sold_date_sk = d_date_sk",
                                              "Estimated Cardinality": "5759882"
                                            },
                                            "cumulative_cardinality": 0,
                                            "operator_type": "HASH_JOIN",
                                            "operator_cardinality": 16164246,
                                            "cumulative_rows_scanned": 0,
                                            "operator_rows_scanned": 0,
                                            "operator_timing": 0.07545736700000001,
                                            "children": [
                                              {
                                                "total_bytes_written": 0,
                                                "total_bytes_read": 0,
                                                "result_set_size": 258627936,
                                                "operator_name": "SEQ_SCAN ",
                                                "cpu_time": 0.0,
                                                "extra_info": {
                                                  "Table": "store_sales",
                                                  "Type": "Sequential Scan",
                                                  "Projections": [
                                                    "ss_customer_sk",
                                                    "ss_sold_date_sk",
                                                    "ss_quantity",
                                                    "ss_sales_price"
                                                  ],
                                                  "Estimated Cardinality": "28800991"
                                                },
                                                "cumulative_cardinality": 0,
                                                "operator_type": "TABLE_SCAN",
                                                "operator_cardinality": 16164246,
                                                "cumulative_rows_scanned": 0,
                                                "operator_rows_scanned": 806427748,
                                                "operator_timing": 0.305049299,
                                                "children": []
                                              },
                                              {
                                                "total_bytes_written": 0,
                                                "total_bytes_read": 0,
                                                "result_set_size": 4392,
                                                "operator_name": "FILTER",
                                                "cpu_time": 0.0,
                                                "extra_info": {
                                                  "Expression": "(d_date_sk BETWEEN 2450816 AND 2452642)",
                                                  "Estimated Cardinality": "14609"
                                                },
                                                "cumulative_cardinality": 0,
                                                "operator_type": "FILTER",
                                                "operator_cardinality": 1098,
                                                "cumulative_rows_scanned": 0,
                                                "operator_rows_scanned": 0,
                                                "operator_timing": 3.5462e-05,
                                                "children": [
                                                  {
                                                    "total_bytes_written": 0,
                                                    "total_bytes_read": 0,
                                                    "result_set_size": 5844,
                                                    "operator_name": "SEQ_SCAN ",
                                                    "cpu_time": 0.0,
                                                    "extra_info": {
                                                      "Table": "date_dim",
                                                      "Type": "Sequential Scan",
                                                      "Projections": "d_date_sk",
                                                      "Filters": "d_year>=2000 AND d_year<=2003",
                                                      "Estimated Cardinality": "14609"
                                                    },
                                                    "cumulative_cardinality": 0,
                                                    "operator_type": "TABLE_SCAN",
                                                    "operator_cardinality": 1461,
                                                    "cumulative_rows_scanned": 0,
                                                    "operator_rows_scanned": 73049,
                                                    "operator_timing": 0.00011333900000000001,
                                                    "children": []
                                                  }
                                                ]
                                              }
                                            ]
                                          },
                                          {
                                            "total_bytes_written": 0,
                                            "total_bytes_read": 0,
                                            "result_set_size": 2000000,
                                            "operator_name": "SEQ_SCAN ",
                                            "cpu_time": 0.0,
                                            "extra_info": {
                                              "Table": "customer",
                                              "Type": "Sequential Scan",
                                              "Projections": "c_customer_sk",
                                              "Estimated Cardinality": "500000"
                                            },
                                            "cumulative_cardinality": 0,
                                            "operator_type": "TABLE_SCAN",
                                            "operator_cardinality": 500000,
                                            "cumulative_rows_scanned": 0,
                                            "operator_rows_scanned": 2500000,
                                            "operator_timing": 0.00020717200000000004,
                                            "children": []
                                          }
                                        ]
                                      }
                                    ]
                                  }
                                ]
                              }
                            ]
                          }
                        ]
                      }
                    ]
                  },
                  {
                    "total_bytes_written": 0,
                    "total_bytes_read": 0,
                    "result_set_size": 240,
                    "operator_name": "TOP_N",
                    "cpu_time": 0.0,
                    "extra_info": {
                      "Top": "100",
                      "Order By": [
                        "unnamed_subquery.c_last_name ASC",
                        "unnamed_subquery.c_first_name ASC",
                        "unnamed_subquery.sales ASC"
                      ]
                    },
                    "cumulative_cardinality": 0,
                    "operator_type": "TOP_N",
                    "operator_cardinality": 5,
                    "cumulative_rows_scanned": 0,
                    "operator_rows_scanned": 0,
                    "operator_timing": 6.332099999999999e-05,
                    "children": [
                      {
                        "total_bytes_written": 0,
                        "total_bytes_read": 0,
                        "result_set_size": 0,
                        "operator_name": "UNION",
                        "cpu_time": 0.0,
                        "extra_info": {},
                        "cumulative_cardinality": 0,
                        "operator_type": "UNION",
                        "operator_cardinality": 0,
                        "cumulative_rows_scanned": 0,
                        "operator_rows_scanned": 0,
                        "operator_timing": 0.0,
                        "children": [
                          {
                            "total_bytes_written": 0,
                            "total_bytes_read": 0,
                            "result_set_size": 144,
                            "operator_name": "PROJECTION",
                            "cpu_time": 0.0,
                            "extra_info": {
                              "Projections": [
                                "__internal_decompress_string(#0)",
                                "__internal_decompress_string(#1)",
                                "#2"
                              ],
                              "Estimated Cardinality": "4612"
                            },
                            "cumulative_cardinality": 0,
                            "operator_type": "PROJECTION",
                            "operator_cardinality": 3,
                            "cumulative_rows_scanned": 0,
                            "operator_rows_scanned": 0,
                            "operator_timing": 8.056e-06,
                            "children": [
                              {
                                "total_bytes_written": 0,
                                "total_bytes_read": 0,
                                "result_set_size": 144,
                                "operator_name": "HASH_GROUP_BY",
                                "cpu_time": 0.0,
                                "extra_info": {
                                  "Groups": [
                                    "#0",
                                    "#1"
                                  ],
                                  "Aggregates": "sum(#2)",
                                  "Estimated Cardinality": "4612"
                                },
                                "cumulative_cardinality": 0,
                                "operator_type": "HASH_GROUP_BY",
                                "operator_cardinality": 3,
                                "cumulative_rows_scanned": 0,
                                "operator_rows_scanned": 0,
                                "operator_timing": 0.0006700640000000002,
                                "children": [
                                  {
                                    "total_bytes_written": 0,
                                    "total_bytes_read": 0,
                                    "result_set_size": 200,
                                    "operator_name": "PROJECTION",
                                    "cpu_time": 0.0,
                                    "extra_info": {
                                      "Projections": [
                                        "c_last_name",
                                        "c_first_name",
                                        "(CAST(cs_quantity AS DECIMAL(17,0)) * CAST(cs_list_price AS DECIMAL(17,2)))"
                                      ],
                                      "Estimated Cardinality": "4613"
                                    },
                                    "cumulative_cardinality": 0,
                                    "operator_type": "PROJECTION",
                                    "operator_cardinality": 5,
                                    "cumulative_rows_scanned": 0,
                                    "operator_rows_scanned": 0,
                                    "operator_timing": 1.6751e-05,
                                    "children": [
                                      {
                                        "total_bytes_written": 0,
                                        "total_bytes_read": 0,
                                        "result_set_size": 200,
                                        "operator_name": "PROJECTION",
                                        "cpu_time": 0.0,
                                        "extra_info": {
                                          "Projections": [
                                            "__internal_compress_string_uhugeint(#0)",
                                            "__internal_compress_string_uhugeint(#1)",
                                            "#2",
                                            "#3"
                                          ],
                                          "Estimated Cardinality": "4613"
                                        },
                                        "cumulative_cardinality": 0,
                                        "operator_type": "PROJECTION",
                                        "operator_cardinality": 5,
                                        "cumulative_rows_scanned": 0,
                                        "operator_rows_scanned": 0,
                                        "operator_timing": 6.319e-06,
                                        "children": [
                                          {
                                            "total_bytes_written": 0,
                                            "total_bytes_read": 0,
                                            "result_set_size": 200,
                                            "operator_name": "HASH_JOIN",
                                            "cpu_time": 0.0,
                                            "extra_info": {
                                              "Join Type": "INNER",
                                              "Conditions": "c_customer_sk = cs_bill_customer_sk",
                                              "Estimated Cardinality": "4613"
                                            },
                                            "cumulative_cardinality": 0,
                                            "operator_type": "HASH_JOIN",
                                            "operator_cardinality": 5,
                                            "cumulative_rows_scanned": 0,
                                            "operator_rows_scanned": 0,
                                            "operator_timing": 0.00048573200000000006,
                                            "children": [
                                              {
                                                "total_bytes_written": 0,
                                                "total_bytes_read": 0,
                                                "result_set_size": 5998248,
                                                "operator_name": "SEQ_SCAN ",
                                                "cpu_time": 0.0,
                                                "extra_info": {
                                                  "Table": "customer",
                                                  "Type": "Sequential Scan",
                                                  "Projections": [
                                                    "c_customer_sk",
                                                    "c_last_name",
                                                    "c_first_name"
                                                  ],
                                                  "Filters": "optional: Dynamic Filter (c_last_name)",
                                                  "Estimated Cardinality": "500000"
                                                },
                                                "cumulative_cardinality": 0,
                                                "operator_type": "TABLE_SCAN",
                                                "operator_cardinality": 166618,
                                                "cumulative_rows_scanned": 0,
                                                "operator_rows_scanned": 2500000,
                                                "operator_timing": 0.002039099,
                                                "children": []
                                              },
                                              {
                                                "total_bytes_written": 0,
                                                "total_bytes_read": 0,
                                                "result_set_size": 60,
                                                "operator_name": "HASH_JOIN",
                                                "cpu_time": 0.0,
                                                "extra_info": {
                                                  "Join Type": "SEMI",
                                                  "Conditions": "cs_bill_customer_sk = #0",
                                                  "Estimated Cardinality": "4613"
                                                },
                                                "cumulative_cardinality": 0,
                                                "operator_type": "HASH_JOIN",
                                                "operator_cardinality": 5,
                                                "cumulative_rows_scanned": 0,
                                                "operator_rows_scanned": 0,
                                                "operator_timing": 0.0064107949999999995,
                                                "children": [
                                                  {
                                                    "total_bytes_written": 0,
                                                    "total_bytes_read": 0,
                                                    "result_set_size": 88752,
                                                    "operator_name": "HASH_JOIN",
                                                    "cpu_time": 0.0,
                                                    "extra_info": {
                                                      "Join Type": "RIGHT_SEMI",
                                                      "Conditions": "#0 = cs_item_sk",
                                                      "Estimated Cardinality": "23065"
                                                    },
                                                    "cumulative_cardinality": 0,
                                                    "operator_type": "HASH_JOIN",
                                                    "operator_cardinality": 7396,
                                                    "cumulative_rows_scanned": 0,
                                                    "operator_rows_scanned": 0,
                                                    "operator_timing": 0.02118014000000001,
                                                    "children": [
                                                      {
                                                        "total_bytes_written": 0,
                                                        "total_bytes_read": 0,
                                                        "result_set_size": 16808,
                                                        "operator_name": "PROJECTION",
                                                        "cpu_time": 0.0,
                                                        "extra_info": {
                                                          "Projections": "item_sk",
                                                          "Estimated Cardinality": "1196617"
                                                        },
                                                        "cumulative_cardinality": 0,
                                                        "operator_type": "PROJECTION",
                                                        "operator_cardinality": 4202,
                                                        "cumulative_rows_scanned": 0,
                                                        "operator_rows_scanned": 0,
                                                        "operator_timing": 7.223000000000001e-06,
                                                        "children": [
                                                          {
                                                            "total_bytes_written": 0,
                                                            "total_bytes_read": 0,
                                                            "result_set_size": 134464,
                                                            "operator_name": "CTE_SCAN",
                                                            "cpu_time": 0.0,
                                                            "extra_info": {
                                                              "CTE Index": "0",
                                                              "Estimated Cardinality": "1196617"
                                                            },
                                                            "cumulative_cardinality": 0,
                                                            "operator_type": "CTE_SCAN",
                                                            "operator_cardinality": 4202,
                                                            "cumulative_rows_scanned": 0,
                                                            "operator_rows_scanned": 0,
                                                            "operator_timing": 0.00010359899999999997,
                                                            "children": []
                                                          }
                                                        ]
                                                      },
                                                      {
                                                        "total_bytes_written": 0,
                                                        "total_bytes_read": 0,
                                                        "result_set_size": 2813500,
                                                        "operator_name": "HASH_JOIN",
                                                        "cpu_time": 0.0,
                                                        "extra_info": {
                                                          "Join Type": "INNER",
                                                          "Conditions": "cs_sold_date_sk = d_date_sk",
                                                          "Estimated Cardinality": "115329"
                                                        },
                                                        "cumulative_cardinality": 0,
                                                        "operator_type": "HASH_JOIN",
                                                        "operator_cardinality": 140675,
                                                        "cumulative_rows_scanned": 0,
                                                        "operator_rows_scanned": 0,
                                                        "operator_timing": 0.000461555,
                                                        "children": [
                                                          {
                                                            "total_bytes_written": 0,
                                                            "total_bytes_read": 0,
                                                            "result_set_size": 2813500,
                                                            "operator_name": "SEQ_SCAN ",
                                                            "cpu_time": 0.0,
                                                            "extra_info": {
                                                              "Table": "catalog_sales",
                                                              "Type": "Sequential Scan",
                                                              "Projections": [
                                                                "cs_sold_date_sk",
                                                                "cs_item_sk",
                                                                "cs_bill_customer_sk",
                                                                "cs_quantity",
                                                                "cs_list_price"
                                                              ],
                                                              "Estimated Cardinality": "14401261"
                                                            },
                                                            "cumulative_cardinality": 0,
                                                            "operator_type": "TABLE_SCAN",
                                                            "operator_cardinality": 140675,
                                                            "cumulative_rows_scanned": 0,
                                                            "operator_rows_scanned": 403235308,
                                                            "operator_timing": 0.001355593,
                                                            "children": []
                                                          },
                                                          {
                                                            "total_bytes_written": 0,
                                                            "total_bytes_read": 0,
                                                            "result_set_size": 124,
                                                            "operator_name": "FILTER",
                                                            "cpu_time": 0.0,
                                                            "extra_info": {
                                                              "Expression": "(d_date_sk BETWEEN 2450815 AND 2452653)",
                                                              "Estimated Cardinality": "585"
                                                            },
                                                            "cumulative_cardinality": 0,
                                                            "operator_type": "FILTER",
                                                            "operator_cardinality": 31,
                                                            "cumulative_rows_scanned": 0,
                                                            "operator_rows_scanned": 0,
                                                            "operator_timing": 1.143e-05,
                                                            "children": [
                                                              {
                                                                "total_bytes_written": 0,
                                                                "total_bytes_read": 0,
                                                                "result_set_size": 124,
                                                                "operator_name": "SEQ_SCAN ",
                                                                "cpu_time": 0.0,
                                                                "extra_info": {
                                                                  "Table": "date_dim",
                                                                  "Type": "Sequential Scan",
                                                                  "Projections": "d_date_sk",
                                                                  "Filters": [
                                                                    "d_year=2000",
                                                                    "d_moy=5"
                                                                  ],
                                                                  "Estimated Cardinality": "585"
                                                                },
                                                                "cumulative_cardinality": 0,
                                                                "operator_type": "TABLE_SCAN",
                                                                "operator_cardinality": 31,
                                                                "cumulative_rows_scanned": 0,
                                                                "operator_rows_scanned": 73049,
                                                                "operator_timing": 4.5662e-05,
                                                                "children": []
                                                              }
                                                            ]
                                                          }
                                                        ]
                                                      }
                                                    ]
                                                  },
                                                  {
                                                    "total_bytes_written": 0,
                                                    "total_bytes_read": 0,
                                                    "result_set_size": 684,
                                                    "operator_name": "PROJECTION",
                                                    "cpu_time": 0.0,
                                                    "extra_info": {
                                                      "Projections": "c_customer_sk",
                                                      "Estimated Cardinality": "72"
                                                    },
                                                    "cumulative_cardinality": 0,
                                                    "operator_type": "PROJECTION",
                                                    "operator_cardinality": 171,
                                                    "cumulative_rows_scanned": 0,
                                                    "operator_rows_scanned": 0,
                                                    "operator_timing": 3.1757e-05,
                                                    "children": [
                                                      {
                                                        "total_bytes_written": 0,
                                                        "total_bytes_read": 0,
                                                        "result_set_size": 6156,
                                                        "operator_name": "NESTED_LOOP_JOIN",
                                                        "cpu_time": 0.0,
                                                        "extra_info": {
                                                          "Join Type": "INNER",
                                                          "Conditions": "CAST(sum((CAST(ss_quantity AS DECIMAL(17,0)) * CAST(ss_sales_price AS DECIMAL(17,2)))) AS DOUBLE) > (0.95 * CAST(SUBQUERY AS DOUBLE))",
                                                          "Estimated Cardinality": "72"
                                                        },
                                                        "cumulative_cardinality": 0,
                                                        "operator_type": "NESTED_LOOP_JOIN",
                                                        "operator_cardinality": 171,
                                                        "cumulative_rows_scanned": 0,
                                                        "operator_rows_scanned": 0,
                                                        "operator_timing": 0.013665945,
                                                        "children": [
                                                          {
                                                            "total_bytes_written": 0,
                                                            "total_bytes_read": 0,
                                                            "result_set_size": 9916960,
                                                            "operator_name": "HASH_GROUP_BY",
                                                            "cpu_time": 0.0,
                                                            "extra_info": {
                                                              "Groups": "#0",
                                                              "Aggregates": "sum(#1)",
                                                              "Estimated Cardinality": "385154"
                                                            },
                                                            "cumulative_cardinality": 0,
                                                            "operator_type": "HASH_GROUP_BY",
                                                            "operator_cardinality": 495848,
                                                            "cumulative_rows_scanned": 0,
                                                            "operator_rows_scanned": 0,
                                                            "operator_timing": 1.20139598,
                                                            "children": [
                                                              {
                                                                "total_bytes_written": 0,
                                                                "total_bytes_read": 0,
                                                                "result_set_size": 330048288,
                                                                "operator_name": "PROJECTION",
                                                                "cpu_time": 0.0,
                                                                "extra_info": {
                                                                  "Projections": [
                                                                    "c_customer_sk",
                                                                    "(CAST(ss_quantity AS DECIMAL(17,0)) * CAST(ss_sales_price AS DECIMAL(17,2)))"
                                                                  ],
                                                                  "Estimated Cardinality": "28800991"
                                                                },
                                                                "cumulative_cardinality": 0,
                                                                "operator_type": "PROJECTION",
                                                                "operator_cardinality": 27504024,
                                                                "cumulative_rows_scanned": 0,
                                                                "operator_rows_scanned": 0,
                                                                "operator_timing": 0.29403079,
                                                                "children": [
                                                                  {
                                                                    "total_bytes_written": 0,
                                                                    "total_bytes_read": 0,
                                                                    "result_set_size": 440064384,
                                                                    "operator_name": "HASH_JOIN",
                                                                    "cpu_time": 0.0,
                                                                    "extra_info": {
                                                                      "Join Type": "INNER",
                                                                      "Conditions": "ss_customer_sk = c_customer_sk",
                                                                      "Estimated Cardinality": "28800991"
                                                                    },
                                                                    "cumulative_cardinality": 0,
                                                                    "operator_type": "HASH_JOIN",
                                                                    "operator_cardinality": 27504024,
                                                                    "cumulative_rows_scanned": 0,
                                                                    "operator_rows_scanned": 0,
                                                                    "operator_timing": 0.10317905899999999,
                                                                    "children": [
                                                                      {
                                                                        "total_bytes_written": 0,
                                                                        "total_bytes_read": 0,
                                                                        "result_set_size": 330048288,
                                                                        "operator_name": "SEQ_SCAN ",
                                                                        "cpu_time": 0.0,
                                                                        "extra_info": {
                                                                          "Table": "store_sales",
                                                                          "Type": "Sequential Scan",
                                                                          "Projections": [
                                                                            "ss_customer_sk",
                                                                            "ss_quantity",
                                                                            "ss_sales_price"
                                                                          ],
                                                                          "Estimated Cardinality": "28800991"
                                                                        },
                                                                        "cumulative_cardinality": 0,
                                                                        "operator_type": "TABLE_SCAN",
                                                                        "operator_cardinality": 27504024,
                                                                        "cumulative_rows_scanned": 0,
                                                                        "operator_rows_scanned": 806427748,
                                                                        "operator_timing": 0.23176593799999995,
                                                                        "children": []
                                                                      },
                                                                      {
                                                                        "total_bytes_written": 0,
                                                                        "total_bytes_read": 0,
                                                                        "result_set_size": 2000000,
                                                                        "operator_name": "SEQ_SCAN ",
                                                                        "cpu_time": 0.0,
                                                                        "extra_info": {
                                                                          "Table": "customer",
                                                                          "Type": "Sequential Scan",
                                                                          "Projections": "c_customer_sk",
                                                                          "Estimated Cardinality": "500000"
                                                                        },
                                                                        "cumulative_cardinality": 0,
                                                                        "operator_type": "TABLE_SCAN",
                                                                        "operator_cardinality": 500000,
                                                                        "cumulative_rows_scanned": 0,
                                                                        "operator_rows_scanned": 2500000,
                                                                        "operator_timing": 0.0004682010000000001,
                                                                        "children": []
                                                                      }
                                                                    ]
                                                                  }
                                                                ]
                                                              }
                                                            ]
                                                          },
                                                          {
                                                            "total_bytes_written": 0,
                                                            "total_bytes_read": 0,
                                                            "result_set_size": 16,
                                                            "operator_name": "PROJECTION",
                                                            "cpu_time": 0.0,
                                                            "extra_info": {
                                                              "Projections": [
                                                                "CASE  WHEN ((#1 > 1)) THEN (\"error\"('More than one row returned by a subquery used as an expression - scalar subqueries can only return a single row.",
                                                                "Use \"SET scalar_subquery_error_on_multiple_rows=false\" to revert to previous behavior of returning a random row.')) ELSE #0 END"
                                                              ],
                                                              "Estimated Cardinality": "1"
                                                            },
                                                            "cumulative_cardinality": 0,
                                                            "operator_type": "PROJECTION",
                                                            "operator_cardinality": 1,
                                                            "cumulative_rows_scanned": 0,
                                                            "operator_rows_scanned": 0,
                                                            "operator_timing": 2.376e-06,
                                                            "children": [
                                                              {
                                                                "total_bytes_written": 0,
                                                                "total_bytes_read": 0,
                                                                "result_set_size": 24,
                                                                "operator_name": "UNGROUPED_AGGREGATE",
                                                                "cpu_time": 0.0,
                                                                "extra_info": {
                                                                  "Aggregates": [
                                                                    "\"first\"(#0)",
                                                                    "count_star()"
                                                                  ]
                                                                },
                                                                "cumulative_cardinality": 0,
                                                                "operator_type": "UNGROUPED_AGGREGATE",
                                                                "operator_cardinality": 1,
                                                                "cumulative_rows_scanned": 0,
                                                                "operator_rows_scanned": 0,
                                                                "operator_timing": 3.676e-06,
                                                                "children": [
                                                                  {
                                                                    "total_bytes_written": 0,
                                                                    "total_bytes_read": 0,
                                                                    "result_set_size": 16,
                                                                    "operator_name": "PROJECTION",
                                                                    "cpu_time": 0.0,
                                                                    "extra_info": {
                                                                      "Projections": "#0",
                                                                      "Estimated Cardinality": "1"
                                                                    },
                                                                    "cumulative_cardinality": 0,
                                                                    "operator_type": "PROJECTION",
                                                                    "operator_cardinality": 1,
                                                                    "cumulative_rows_scanned": 0,
                                                                    "operator_rows_scanned": 0,
                                                                    "operator_timing": 4.69e-07,
                                                                    "children": [
                                                                      {
                                                                        "total_bytes_written": 0,
                                                                        "total_bytes_read": 0,
                                                                        "result_set_size": 16,
                                                                        "operator_name": "CTE_SCAN",
                                                                        "cpu_time": 0.0,
                                                                        "extra_info": {
                                                                          "CTE Index": "10",
                                                                          "Estimated Cardinality": "1"
                                                                        },
                                                                        "cumulative_cardinality": 0,
                                                                        "operator_type": "CTE_SCAN",
                                                                        "operator_cardinality": 1,
                                                                        "cumulative_rows_scanned": 0,
                                                                        "operator_rows_scanned": 0,
                                                                        "operator_timing": 2.745e-06,
                                                                        "children": []
                                                                      }
                                                                    ]
                                                                  }
                                                                ]
                                                              }
                                                            ]
                                                          }
                                                        ]
                                                      }
                                                    ]
                                                  }
                                                ]
                                              }
                                            ]
                                          }
                                        ]
                                      }
                                    ]
                                  }
                                ]
                              }
                            ]
                          },
                          {
                            "total_bytes_written": 0,
                            "total_bytes_read": 0,
                            "result_set_size": 96,
                            "operator_name": "PROJECTION",
                            "cpu_time": 0.0,
                            "extra_info": {
                              "Projections": [
                                "__internal_decompress_string(#0)",
                                "__internal_decompress_string(#1)",
                                "#2"
                              ],
                              "Estimated Cardinality": "2304"
                            },
                            "cumulative_cardinality": 0,
                            "operator_type": "PROJECTION",
                            "operator_cardinality": 2,
                            "cumulative_rows_scanned": 0,
                            "operator_rows_scanned": 0,
                            "operator_timing": 8.41e-06,
                            "children": [
                              {
                                "total_bytes_written": 0,
                                "total_bytes_read": 0,
                                "result_set_size": 96,
                                "operator_name": "HASH_GROUP_BY",
                                "cpu_time": 0.0,
                                "extra_info": {
                                  "Groups": [
                                    "#0",
                                    "#1"
                                  ],
                                  "Aggregates": "sum(#2)",
                                  "Estimated Cardinality": "2304"
                                },
                                "cumulative_cardinality": 0,
                                "operator_type": "HASH_GROUP_BY",
                                "operator_cardinality": 2,
                                "cumulative_rows_scanned": 0,
                                "operator_rows_scanned": 0,
                                "operator_timing": 0.0034262019999999997,
                                "children": [
                                  {
                                    "total_bytes_written": 0,
                                    "total_bytes_read": 0,
                                    "result_set_size": 80,
                                    "operator_name": "PROJECTION",
                                    "cpu_time": 0.0,
                                    "extra_info": {
                                      "Projections": [
                                        "c_last_name",
                                        "c_first_name",
                                        "(CAST(ws_quantity AS DECIMAL(17,0)) * CAST(ws_list_price AS DECIMAL(17,2)))"
                                      ],
                                      "Estimated Cardinality": "2305"
                                    },
                                    "cumulative_cardinality": 0,
                                    "operator_type": "PROJECTION",
                                    "operator_cardinality": 2,
                                    "cumulative_rows_scanned": 0,
                                    "operator_rows_scanned": 0,
                                    "operator_timing": 2.392e-06,
                                    "children": [
                                      {
                                        "total_bytes_written": 0,
                                        "total_bytes_read": 0,
                                        "result_set_size": 80,
                                        "operator_name": "PROJECTION",
                                        "cpu_time": 0.0,
                                        "extra_info": {
                                          "Projections": [
                                            "__internal_compress_string_uhugeint(#0)",
                                            "__internal_compress_string_uhugeint(#1)",
                                            "#2",
                                            "#3"
                                          ],
                                          "Estimated Cardinality": "2305"
                                        },
                                        "cumulative_cardinality": 0,
                                        "operator_type": "PROJECTION",
                                        "operator_cardinality": 2,
                                        "cumulative_rows_scanned": 0,
                                        "operator_rows_scanned": 0,
                                        "operator_timing": 1.631e-06,
                                        "children": [
                                          {
                                            "total_bytes_written": 0,
                                            "total_bytes_read": 0,
                                            "result_set_size": 80,
                                            "operator_name": "HASH_JOIN",
                                            "cpu_time": 0.0,
                                            "extra_info": {
                                              "Join Type": "INNER",
                                              "Conditions": "c_customer_sk = ws_bill_customer_sk",
                                              "Estimated Cardinality": "2305"
                                            },
                                            "cumulative_cardinality": 0,
                                            "operator_type": "HASH_JOIN",
                                            "operator_cardinality": 2,
                                            "cumulative_rows_scanned": 0,
                                            "operator_rows_scanned": 0,
                                            "operator_timing": 4.7637000000000005e-05,
                                            "children": [
                                              {
                                                "total_bytes_written": 0,
                                                "total_bytes_read": 0,
                                                "result_set_size": 258228,
                                                "operator_name": "FILTER",
                                                "cpu_time": 0.0,
                                                "extra_info": {
                                                  "Expression": "(c_customer_sk BETWEEN 2 AND 499998)",
                                                  "Estimated Cardinality": "500000"
                                                },
                                                "cumulative_cardinality": 0,
                                                "operator_type": "FILTER",
                                                "operator_cardinality": 7173,
                                                "cumulative_rows_scanned": 0,
                                                "operator_rows_scanned": 0,
                                                "operator_timing": 1.4840999999999997e-05,
                                                "children": [
                                                  {
                                                    "total_bytes_written": 0,
                                                    "total_bytes_read": 0,
                                                    "result_set_size": 258228,
                                                    "operator_name": "SEQ_SCAN ",
                                                    "cpu_time": 0.0,
                                                    "extra_info": {
                                                      "Table": "customer",
                                                      "Type": "Sequential Scan",
                                                      "Projections": [
                                                        "c_customer_sk",
                                                        "c_last_name",
                                                        "c_first_name"
                                                      ],
                                                      "Filters": "optional: Dynamic Filter (c_last_name)",
                                                      "Estimated Cardinality": "500000"
                                                    },
                                                    "cumulative_cardinality": 0,
                                                    "operator_type": "TABLE_SCAN",
                                                    "operator_cardinality": 7173,
                                                    "cumulative_rows_scanned": 0,
                                                    "operator_rows_scanned": 2500000,
                                                    "operator_timing": 0.00034535800000000004,
                                                    "children": []
                                                  }
                                                ]
                                              },
                                              {
                                                "total_bytes_written": 0,
                                                "total_bytes_read": 0,
                                                "result_set_size": 24,
                                                "operator_name": "HASH_JOIN",
                                                "cpu_time": 0.0,
                                                "extra_info": {
                                                  "Join Type": "SEMI",
                                                  "Conditions": "ws_bill_customer_sk = #0",
                                                  "Estimated Cardinality": "2305"
                                                },
                                                "cumulative_cardinality": 0,
                                                "operator_type": "HASH_JOIN",
                                                "operator_cardinality": 2,
                                                "cumulative_rows_scanned": 0,
                                                "operator_rows_scanned": 0,
                                                "operator_timing": 0.0012443029999999998,
                                                "children": [
                                                  {
                                                    "total_bytes_written": 0,
                                                    "total_bytes_read": 0,
                                                    "result_set_size": 44148,
                                                    "operator_name": "HASH_JOIN",
                                                    "cpu_time": 0.0,
                                                    "extra_info": {
                                                      "Join Type": "RIGHT_SEMI",
                                                      "Conditions": "#0 = ws_item_sk",
                                                      "Estimated Cardinality": "11528"
                                                    },
                                                    "cumulative_cardinality": 0,
                                                    "operator_type": "HASH_JOIN",
                                                    "operator_cardinality": 3679,
                                                    "cumulative_rows_scanned": 0,
                                                    "operator_rows_scanned": 0,
                                                    "operator_timing": 0.024972366999999995,
                                                    "children": [
                                                      {
                                                        "total_bytes_written": 0,
                                                        "total_bytes_read": 0,
                                                        "result_set_size": 16808,
                                                        "operator_name": "PROJECTION",
                                                        "cpu_time": 0.0,
                                                        "extra_info": {
                                                          "Projections": "item_sk",
                                                          "Estimated Cardinality": "1196617"
                                                        },
                                                        "cumulative_cardinality": 0,
                                                        "operator_type": "PROJECTION",
                                                        "operator_cardinality": 4202,
                                                        "cumulative_rows_scanned": 0,
                                                        "operator_rows_scanned": 0,
                                                        "operator_timing": 1.3656e-05,
                                                        "children": [
                                                          {
                                                            "total_bytes_written": 0,
                                                            "total_bytes_read": 0,
                                                            "result_set_size": 134464,
                                                            "operator_name": "CTE_SCAN",
                                                            "cpu_time": 0.0,
                                                            "extra_info": {
                                                              "CTE Index": "0",
                                                              "Estimated Cardinality": "1196617"
                                                            },
                                                            "cumulative_cardinality": 0,
                                                            "operator_type": "CTE_SCAN",
                                                            "operator_cardinality": 4202,
                                                            "cumulative_rows_scanned": 0,
                                                            "operator_rows_scanned": 0,
                                                            "operator_timing": 0.00020464599999999998,
                                                            "children": []
                                                          }
                                                        ]
                                                      },
                                                      {
                                                        "total_bytes_written": 0,
                                                        "total_bytes_read": 0,
                                                        "result_set_size": 1464420,
                                                        "operator_name": "HASH_JOIN",
                                                        "cpu_time": 0.0,
                                                        "extra_info": {
                                                          "Join Type": "INNER",
                                                          "Conditions": "ws_sold_date_sk = d_date_sk",
                                                          "Estimated Cardinality": "57640"
                                                        },
                                                        "cumulative_cardinality": 0,
                                                        "operator_type": "HASH_JOIN",
                                                        "operator_cardinality": 73221,
                                                        "cumulative_rows_scanned": 0,
                                                        "operator_rows_scanned": 0,
                                                        "operator_timing": 0.016332426000000004,
                                                        "children": [
                                                          {
                                                            "total_bytes_written": 0,
                                                            "total_bytes_read": 0,
                                                            "result_set_size": 1464420,
                                                            "operator_name": "SEQ_SCAN ",
                                                            "cpu_time": 0.0,
                                                            "extra_info": {
                                                              "Table": "web_sales",
                                                              "Type": "Sequential Scan",
                                                              "Projections": [
                                                                "ws_sold_date_sk",
                                                                "ws_item_sk",
                                                                "ws_bill_customer_sk",
                                                                "ws_quantity",
                                                                "ws_list_price"
                                                              ],
                                                              "Estimated Cardinality": "7197566"
                                                            },
                                                            "cumulative_cardinality": 0,
                                                            "operator_type": "TABLE_SCAN",
                                                            "operator_cardinality": 73221,
                                                            "cumulative_rows_scanned": 0,
                                                            "operator_rows_scanned": 201531848,
                                                            "operator_timing": 0.06090437900000001,
                                                            "children": []
                                                          },
                                                          {
                                                            "total_bytes_written": 0,
                                                            "total_bytes_read": 0,
                                                            "result_set_size": 124,
                                                            "operator_name": "FILTER",
                                                            "cpu_time": 0.0,
                                                            "extra_info": {
                                                              "Expression": "(d_date_sk BETWEEN 2450816 AND 2452642)",
                                                              "Estimated Cardinality": "585"
                                                            },
                                                            "cumulative_cardinality": 0,
                                                            "operator_type": "FILTER",
                                                            "operator_cardinality": 31,
                                                            "cumulative_rows_scanned": 0,
                                                            "operator_rows_scanned": 0,
                                                            "operator_timing": 1.9423e-05,
                                                            "children": [
                                                              {
                                                                "total_bytes_written": 0,
                                                                "total_bytes_read": 0,
                                                                "result_set_size": 124,
                                                                "operator_name": "SEQ_SCAN ",
                                                                "cpu_time": 0.0,
                                                                "extra_info": {
                                                                  "Table": "date_dim",
                                                                  "Type": "Sequential Scan",
                                                                  "Projections": "d_date_sk",
                                                                  "Filters": [
                                                                    "d_year=2000",
                                                                    "d_moy=5"
                                                                  ],
                                                                  "Estimated Cardinality": "585"
                                                                },
                                                                "cumulative_cardinality": 0,
                                                                "operator_type": "TABLE_SCAN",
                                                                "operator_cardinality": 31,
                                                                "cumulative_rows_scanned": 0,
                                                                "operator_rows_scanned": 73049,
                                                                "operator_timing": 9.8413e-05,
                                                                "children": []
                                                              }
                                                            ]
                                                          }
                                                        ]
                                                      }
                                                    ]
                                                  },
                                                  {
                                                    "total_bytes_written": 0,
                                                    "total_bytes_read": 0,
                                                    "result_set_size": 684,
                                                    "operator_name": "PROJECTION",
                                                    "cpu_time": 0.0,
                                                    "extra_info": {
                                                      "Projections": "c_customer_sk",
                                                      "Estimated Cardinality": "72"
                                                    },
                                                    "cumulative_cardinality": 0,
                                                    "operator_type": "PROJECTION",
                                                    "operator_cardinality": 171,
                                                    "cumulative_rows_scanned": 0,
                                                    "operator_rows_scanned": 0,
                                                    "operator_timing": 3.0489000000000002e-05,
                                                    "children": [
                                                      {
                                                        "total_bytes_written": 0,
                                                        "total_bytes_read": 0,
                                                        "result_set_size": 6156,
                                                        "operator_name": "NESTED_LOOP_JOIN",
                                                        "cpu_time": 0.0,
                                                        "extra_info": {
                                                          "Join Type": "INNER",
                                                          "Conditions": "CAST(sum((CAST(ss_quantity AS DECIMAL(17,0)) * CAST(ss_sales_price AS DECIMAL(17,2)))) AS DOUBLE) > (0.95 * CAST(SUBQUERY AS DOUBLE))",
                                                          "Estimated Cardinality": "72"
                                                        },
                                                        "cumulative_cardinality": 0,
                                                        "operator_type": "NESTED_LOOP_JOIN",
                                                        "operator_cardinality": 171,
                                                        "cumulative_rows_scanned": 0,
                                                        "operator_rows_scanned": 0,
                                                        "operator_timing": 0.01822022,
                                                        "children": [
                                                          {
                                                            "total_bytes_written": 0,
                                                            "total_bytes_read": 0,
                                                            "result_set_size": 9916900,
                                                            "operator_name": "HASH_GROUP_BY",
                                                            "cpu_time": 0.0,
                                                            "extra_info": {
                                                              "Groups": "#0",
                                                              "Aggregates": "sum(#1)",
                                                              "Estimated Cardinality": "385154"
                                                            },
                                                            "cumulative_cardinality": 0,
                                                            "operator_type": "HASH_GROUP_BY",
                                                            "operator_cardinality": 495845,
                                                            "cumulative_rows_scanned": 0,
                                                            "operator_rows_scanned": 0,
                                                            "operator_timing": 1.4125939989999996,
                                                            "children": [
                                                              {
                                                                "total_bytes_written": 0,
                                                                "total_bytes_read": 0,
                                                                "result_set_size": 330046536,
                                                                "operator_name": "PROJECTION",
                                                                "cpu_time": 0.0,
                                                                "extra_info": {
                                                                  "Projections": [
                                                                    "c_customer_sk",
                                                                    "(CAST(ss_quantity AS DECIMAL(17,0)) * CAST(ss_sales_price AS DECIMAL(17,2)))"
                                                                  ],
                                                                  "Estimated Cardinality": "28800991"
                                                                },
                                                                "cumulative_cardinality": 0,
                                                                "operator_type": "PROJECTION",
                                                                "operator_cardinality": 27503878,
                                                                "cumulative_rows_scanned": 0,
                                                                "operator_rows_scanned": 0,
                                                                "operator_timing": 0.320555389,
                                                                "children": [
                                                                  {
                                                                    "total_bytes_written": 0,
                                                                    "total_bytes_read": 0,
                                                                    "result_set_size": 440062048,
                                                                    "operator_name": "HASH_JOIN",
                                                                    "cpu_time": 0.0,
                                                                    "extra_info": {
                                                                      "Join Type": "INNER",
                                                                      "Conditions": "c_customer_sk = c_customer_sk",
                                                                      "Estimated Cardinality": "28800991"
                                                                    },
                                                                    "cumulative_cardinality": 0,
                                                                    "operator_type": "HASH_JOIN",
                                                                    "operator_cardinality": 27503878,
                                                                    "cumulative_rows_scanned": 0,
                                                                    "operator_rows_scanned": 0,
                                                                    "operator_timing": 0.9711830229999998,
                                                                    "children": [
                                                                      {
                                                                        "total_bytes_written": 0,
                                                                        "total_bytes_read": 0,
                                                                        "result_set_size": 330046536,
                                                                        "operator_name": "SEQ_SCAN ",
                                                                        "cpu_time": 0.0,
                                                                        "extra_info": {
                                                                          "Table": "store_sales",
                                                                          "Type": "Sequential Scan",
                                                                          "Projections": [
                                                                            "ss_customer_sk",
                                                                            "ss_quantity",
                                                                            "ss_sales_price"
                                                                          ],
                                                                          "Filters": "ss_customer_sk>=2 AND ss_customer_sk<=499998",
                                                                          "Estimated Cardinality": "28800991"
                                                                        },
                                                                        "cumulative_cardinality": 0,
                                                                        "operator_type": "TABLE_SCAN",
                                                                        "operator_cardinality": 27503878,
                                                                        "cumulative_rows_scanned": 0,
                                                                        "operator_rows_scanned": 806427748,
                                                                        "operator_timing": 0.367264806,
                                                                        "children": []
                                                                      },
                                                                      {
                                                                        "total_bytes_written": 0,
                                                                        "total_bytes_read": 0,
                                                                        "result_set_size": 1999988,
                                                                        "operator_name": "SEQ_SCAN ",
                                                                        "cpu_time": 0.0,
                                                                        "extra_info": {
                                                                          "Table": "customer",
                                                                          "Type": "Sequential Scan",
                                                                          "Projections": "c_customer_sk",
                                                                          "Filters": "c_customer_sk>=2 AND c_customer_sk<=499998",
                                                                          "Estimated Cardinality": "500000"
                                                                        },
                                                                        "cumulative_cardinality": 0,
                                                                        "operator_type": "TABLE_SCAN",
                                                                        "operator_cardinality": 499997,
                                                                        "cumulative_rows_scanned": 0,
                                                                        "operator_rows_scanned": 2500000,
                                                                        "operator_timing": 0.0005089080000000002,
                                                                        "children": []
                                                                      }
                                                                    ]
                                                                  }
                                                                ]
                                                              }
                                                            ]
                                                          },
                                                          {
                                                            "total_bytes_written": 0,
                                                            "total_bytes_read": 0,
                                                            "result_set_size": 16,
                                                            "operator_name": "PROJECTION",
                                                            "cpu_time": 0.0,
                                                            "extra_info": {
                                                              "Projections": [
                                                                "CASE  WHEN ((#1 > 1)) THEN (\"error\"('More than one row returned by a subquery used as an expression - scalar subqueries can only return a single row.",
                                                                "Use \"SET scalar_subquery_error_on_multiple_rows=false\" to revert to previous behavior of returning a random row.')) ELSE #0 END"
                                                              ],
                                                              "Estimated Cardinality": "1"
                                                            },
                                                            "cumulative_cardinality": 0,
                                                            "operator_type": "PROJECTION",
                                                            "operator_cardinality": 1,
                                                            "cumulative_rows_scanned": 0,
                                                            "operator_rows_scanned": 0,
                                                            "operator_timing": 1.0761e-05,
                                                            "children": [
                                                              {
                                                                "total_bytes_written": 0,
                                                                "total_bytes_read": 0,
                                                                "result_set_size": 24,
                                                                "operator_name": "UNGROUPED_AGGREGATE",
                                                                "cpu_time": 0.0,
                                                                "extra_info": {
                                                                  "Aggregates": [
                                                                    "\"first\"(#0)",
                                                                    "count_star()"
                                                                  ]
                                                                },
                                                                "cumulative_cardinality": 0,
                                                                "operator_type": "UNGROUPED_AGGREGATE",
                                                                "operator_cardinality": 1,
                                                                "cumulative_rows_scanned": 0,
                                                                "operator_rows_scanned": 0,
                                                                "operator_timing": 1.1334999999999999e-05,
                                                                "children": [
                                                                  {
                                                                    "total_bytes_written": 0,
                                                                    "total_bytes_read": 0,
                                                                    "result_set_size": 16,
                                                                    "operator_name": "PROJECTION",
                                                                    "cpu_time": 0.0,
                                                                    "extra_info": {
                                                                      "Projections": "#0",
                                                                      "Estimated Cardinality": "1"
                                                                    },
                                                                    "cumulative_cardinality": 0,
                                                                    "operator_type": "PROJECTION",
                                                                    "operator_cardinality": 1,
                                                                    "cumulative_rows_scanned": 0,
                                                                    "operator_rows_scanned": 0,
                                                                    "operator_timing": 7.37e-07,
                                                                    "children": [
                                                                      {
                                                                        "total_bytes_written": 0,
                                                                        "total_bytes_read": 0,
                                                                        "result_set_size": 16,
                                                                        "operator_name": "CTE_SCAN",
                                                                        "cpu_time": 0.0,
                                                                        "extra_info": {
                                                                          "CTE Index": "10",
                                                                          "Estimated Cardinality": "1"
                                                                        },
                                                                        "cumulative_cardinality": 0,
                                                                        "operator_type": "CTE_SCAN",
                                                                        "operator_cardinality": 1,
                                                                        "cumulative_rows_scanned": 0,
                                                                        "operator_rows_scanned": 0,
                                                                        "operator_timing": 7.3070000000000005e-06,
                                                                        "children": []
                                                                      }
                                                                    ]
                                                                  }
                                                                ]
                                                              }
                                                            ]
                                                          }
                                                        ]
                                                      }
                                                    ]
                                                  }
                                                ]
                                              }
                                            ]
                                          }
                                        ]
                                      }
                                    ]
                                  }
                                ]
                              }
                            ]
                          }
                        ]
                      }
                    ]
                  }
                ]
              }
            ]
          }
        ]
      }
    ]
  },
  "actual_rows": 0,
  "collected_at": "2026-02-16T10:19:08.049072",
  "query_id": "query_23b"
}