{
  "execution_time_ms": 1220.0,
  "plan_text": "\u250c\u2500\u2500\u2500\u2500\u2500\u2500\u2500\u2500\u2500\u2500\u2500\u2500\u2500\u2500\u2500\u2500\u2500\u2500\u2500\u2500\u2500\u2500\u2500\u2500\u2500\u2500\u2500\u2500\u2500\u2500\u2500\u2500\u2500\u2500\u2500\u2500\u2500\u2510\n\u2502\u250c\u2500\u2500\u2500\u2500\u2500\u2500\u2500\u2500\u2500\u2500\u2500\u2500\u2500\u2500\u2500\u2500\u2500\u2500\u2500\u2500\u2500\u2500\u2500\u2500\u2500\u2500\u2500\u2500\u2500\u2500\u2500\u2500\u2500\u2500\u2500\u2510\u2502\n\u2502\u2502    Query Profiling Information    \u2502\u2502\n\u2502\u2514\u2500\u2500\u2500\u2500\u2500\u2500\u2500\u2500\u2500\u2500\u2500\u2500\u2500\u2500\u2500\u2500\u2500\u2500\u2500\u2500\u2500\u2500\u2500\u2500\u2500\u2500\u2500\u2500\u2500\u2500\u2500\u2500\u2500\u2500\u2500\u2518\u2502\n\u2514\u2500\u2500\u2500\u2500\u2500\u2500\u2500\u2500\u2500\u2500\u2500\u2500\u2500\u2500\u2500\u2500\u2500\u2500\u2500\u2500\u2500\u2500\u2500\u2500\u2500\u2500\u2500\u2500\u2500\u2500\u2500\u2500\u2500\u2500\u2500\u2500\u2500\u2518\nEXPLAIN ANALYZE with  cross_items as  (select i_item_sk ss_item_sk  from item,  (select iss.i_brand_id brand_id      ,iss.i_class_id class_id      ,iss.i_category_id category_id  from store_sales      ,item iss      ,date_dim d1  where ss_item_sk = iss.i_item_sk    and ss_sold_date_sk = d1.d_date_sk    and d1.d_year between 2000 AND 2000 + 2  intersect  select ics.i_brand_id      ,ics.i_class_id      ,ics.i_category_id  from catalog_sales      ,item ics      ,date_dim d2  where cs_item_sk = ics.i_item_sk    and cs_sold_date_sk = d2.d_date_sk    and d2.d_year between 2000 AND 2000 + 2  intersect  select iws.i_brand_id      ,iws.i_class_id      ,iws.i_category_id  from web_sales      ,item iws      ,date_dim d3  where ws_item_sk = iws.i_item_sk    and ws_sold_date_sk = d3.d_date_sk    and d3.d_year between 2000 AND 2000 + 2) x  where i_brand_id = brand_id       and i_class_id = class_id       and i_category_id = category_id ),  avg_sales as (select avg(quantity*list_price) average_sales   from (select ss_quantity quantity              ,ss_list_price list_price        from store_sales            ,date_dim        where ss_sold_date_sk = d_date_sk          and d_year between 2000 and 2000 + 2        union all        select cs_quantity quantity              ,cs_list_price list_price        from catalog_sales            ,date_dim        where cs_sold_date_sk = d_date_sk          and d_year between 2000 and 2000 + 2        union all        select ws_quantity quantity              ,ws_list_price list_price        from web_sales            ,date_dim        where ws_sold_date_sk = d_date_sk          and d_year between 2000 and 2000 + 2) x)   select this_year.channel ty_channel                            ,this_year.i_brand_id ty_brand                            ,this_year.i_class_id ty_class                            ,this_year.i_category_id ty_category                            ,this_year.sales ty_sales                            ,this_year.number_sales ty_number_sales                            ,last_year.channel ly_channel                            ,last_year.i_brand_id ly_brand                            ,last_year.i_class_id ly_class                            ,last_year.i_category_id ly_category                            ,last_year.sales ly_sales                            ,last_year.number_sales ly_number_sales   from  (select 'store' channel, i_brand_id,i_class_id,i_category_id         ,sum(ss_quantity*ss_list_price) sales, count(*) number_sales  from store_sales       ,item      ,date_dim  where ss_item_sk in (select ss_item_sk from cross_items)    and ss_item_sk = i_item_sk    and ss_sold_date_sk = d_date_sk    and d_week_seq = (select d_week_seq                      from date_dim                      where d_year = 2000 + 1                        and d_moy = 12                        and d_dom = 10)  group by i_brand_id,i_class_id,i_category_id  having sum(ss_quantity*ss_list_price) > (select average_sales from avg_sales)) this_year,  (select 'store' channel, i_brand_id,i_class_id         ,i_category_id, sum(ss_quantity*ss_list_price) sales, count(*) number_sales  from store_sales      ,item      ,date_dim  where ss_item_sk in (select ss_item_sk from cross_items)    and ss_item_sk = i_item_sk    and ss_sold_date_sk = d_date_sk    and d_week_seq = (select d_week_seq                      from date_dim                      where d_year = 2000                        and d_moy = 12                        and d_dom = 10)  group by i_brand_id,i_class_id,i_category_id  having sum(ss_quantity*ss_list_price) > (select average_sales from avg_sales)) last_year  where this_year.i_brand_id= last_year.i_brand_id    and this_year.i_class_id = last_year.i_class_id    and this_year.i_category_id = last_year.i_category_id  order by this_year.channel, this_year.i_brand_id, this_year.i_class_id, this_year.i_category_id  LIMIT 100\n\u250c\u2500\u2500\u2500\u2500\u2500\u2500\u2500\u2500\u2500\u2500\u2500\u2500\u2500\u2500\u2500\u2500\u2500\u2500\u2500\u2500\u2500\u2500\u2500\u2500\u2500\u2500\u2500\u2500\u2500\u2500\u2500\u2500\u2500\u2500\u2500\u2500\u2500\u2500\u2500\u2500\u2500\u2500\u2500\u2500\u2500\u2500\u2500\u2500\u2510\n\u2502\u250c\u2500\u2500\u2500\u2500\u2500\u2500\u2500\u2500\u2500\u2500\u2500\u2500\u2500\u2500\u2500\u2500\u2500\u2500\u2500\u2500\u2500\u2500\u2500\u2500\u2500\u2500\u2500\u2500\u2500\u2500\u2500\u2500\u2500\u2500\u2500\u2500\u2500\u2500\u2500\u2500\u2500\u2500\u2500\u2500\u2500\u2500\u2510\u2502\n\u2502\u2502               Total Time: 1.22s              \u2502\u2502\n\u2502\u2514\u2500\u2500\u2500\u2500\u2500\u2500\u2500\u2500\u2500\u2500\u2500\u2500\u2500\u2500\u2500\u2500\u2500\u2500\u2500\u2500\u2500\u2500\u2500\u2500\u2500\u2500\u2500\u2500\u2500\u2500\u2500\u2500\u2500\u2500\u2500\u2500\u2500\u2500\u2500\u2500\u2500\u2500\u2500\u2500\u2500\u2500\u2518\u2502\n\u2514\u2500\u2500\u2500\u2500\u2500\u2500\u2500\u2500\u2500\u2500\u2500\u2500\u2500\u2500\u2500\u2500\u2500\u2500\u2500\u2500\u2500\u2500\u2500\u2500\u2500\u2500\u2500\u2500\u2500\u2500\u2500\u2500\u2500\u2500\u2500\u2500\u2500\u2500\u2500\u2500\u2500\u2500\u2500\u2500\u2500\u2500\u2500\u2500\u2518\n\u250c\u2500\u2500\u2500\u2500\u2500\u2500\u2500\u2500\u2500\u2500\u2500\u2500\u2500\u2510\n\u2502    QUERY    \u2502\n\u2514\u2500\u2500\u2500\u2500\u2500\u2500\u252c\u2500\u2500\u2500\u2500\u2500\u2500\u2518\n\u250c\u2500\u2500\u2500\u2500\u2500\u2500\u2534\u2500\u2500\u2500\u2500\u2500\u2500\u2510\n\u2502EXPLAIN_...  \u2502\n\u2502    \u2500\u2500\u2500\u2500\u2500\u2500   \u2502\n\u2502    0 rows   \u2502\n\u2502   (0.00s)   \u2502\n\u2514\u2500\u2500\u2500\u2500\u2500\u2500\u252c\u2500\u2500\u2500\u2500\u2500\u2500\u2518\n\u250c\u2500\u2500\u2500\u2500\u2500\u2500\u2534\u2500\u2500\u2500\u2500\u2500\u2500\u2510\n\u2502     CTE     \u2502\n\u2502    \u2500\u2500\u2500\u2500\u2500\u2500   \u2502\n\u2502  CTE Name:  \u2502\n\u2502 cross_items \u2502\n\u2502             \u2502\n\u2502 Table Index:\u251c\u2500\u2500\u2500\u2500\u2500\u2500\u2500\u2500\u2500\u2500\u2500\u2500\u2500\u2500\u2500\u2500\u2500\u2500\u2500\u2500\u2500\u2500\u2500\u2500\u2500\u2500\u2500\u2500\u2500\u2500\u2500\u2500\u2500\u2500\u2500\u2500\u2500\u2500\u2500\u2500\u2500\u2500\u2500\u2500\u2500\u2500\u2500\u2500\u2500\u2500\u2500\u2500\u2500\u2500\u2500\u2500\u2500\u2500\u2500\u2500\u2500\u2500\u2500\u2500\u2500\u2500\u2500\u2500\u2500\u2500\u2500\u2500\u2500\u2500\u2500\u2500\u2500\u2500\u2500\u2500\u2500\u2500\u2500\u2500\u2500\u2500\u2500\u2500\u2500\u2500\u2500\u2500\u2500\u2500\u2500\u2500\u2500\u2500\u2500\u2500\u2500\u2500\u2500\u2500\u2500\u2500\u2500\u2500\u2500\u2500\u2500\u2500\u2500\u2500\u2500\u2500\u2500\u2500\u2500\u2500\u2500\u2500\u2500\u2500\u2500\u2500\u2500\u2500\u2500\u2500\u2500\u2500\u2500\u2500\u2500\u2500\u2500\u2500\u2500\u2500\u2500\u2500\u2510\n\u2502      0      \u2502                                                                                                                                              \u2502\n\u2502             \u2502                                                                                                                                              \u2502\n\u2502    0 rows   \u2502                                                                                                                                              \u2502\n\u2502   (0.00s)   \u2502                                                                                                                                              \u2502\n\u2514\u2500\u2500\u2500\u2500\u2500\u2500\u252c\u2500\u2500\u2500\u2500\u2500\u2500\u2518                                                                                                                                              \u2502\n\u250c\u2500\u2500\u2500\u2500\u2500\u2500\u2534\u2500\u2500\u2500\u2500\u2500\u2500\u2510                                                                                                                                       \u250c\u2500\u2500\u2500\u2500\u2500\u2500\u2534\u2500\u2500\u2500\u2500\u2500\u2500\u2510\n\u2502  PROJECTION \u2502                                                                                                                                       \u2502     CTE     \u2502\n\u2502    \u2500\u2500\u2500\u2500\u2500\u2500   \u2502                                                                                                                                       \u2502    \u2500\u2500\u2500\u2500\u2500\u2500   \u2502\n\u2502  ss_item_sk \u2502                                                                                                                                       \u2502  CTE Name:  \u2502\n\u2502             \u2502                                                                                                                                       \u2502  avg_sales  \u2502\n\u2502             \u2502                                                                                                                                       \u2502             \u2502\n\u2502             \u2502                                                                                                                                       \u2502 Table Index:\u251c\u2500\u2500\u2500\u2500\u2500\u2500\u2500\u2500\u2500\u2500\u2500\u2500\u2500\u2500\u2500\u2500\u2500\u2500\u2500\u2500\u2500\u2500\u2500\u2500\u2500\u2500\u2500\u2500\u2500\u2500\u2500\u2500\u2500\u2500\u2500\u2500\u2500\u2500\u2500\u2500\u2500\u2500\u2500\u2500\u2500\u2500\u2500\u2500\u2500\u2500\u2500\u2500\u2500\u2500\u2500\u2500\u2500\u2500\u2500\u2500\u2500\u2500\u2500\u2500\u2500\u2500\u2500\u2500\u2500\u2500\u2500\u2500\u2500\u2500\u2500\n\u2502             \u2502                                                                                                                                       \u2502      37     \u2502                                                                           \n\u2502             \u2502                                                                                                                                       \u2502             \u2502                                                                           \n\u2502 101,562 rows\u2502                                                                                                                                       \u2502    0 rows   \u2502                                                                           \n\u2502   (0.00s)   \u2502                                                                                                                                       \u2502   (0.00s)   \u2502                                                                           \n\u2514\u2500\u2500\u2500\u2500\u2500\u2500\u252c\u2500\u2500\u2500\u2500\u2500\u2500\u2518                                                                                                                                       \u2514\u2500\u2500\u2500\u2500\u2500\u2500\u252c\u2500\u2500\u2500\u2500\u2500\u2500\u2518                                                                           \n\u250c\u2500\u2500\u2500\u2500\u2500\u2500\u2534\u2500\u2500\u2500\u2500\u2500\u2500\u2510                                                                                                                                       \u250c\u2500\u2500\u2500\u2500\u2500\u2500\u2534\u2500\u2500\u2500\u2500\u2500\u2500\u2510                                                                           \n\u2502  HASH_JOIN  \u2502                                                                                                                                       \u2502UNGROUPE...  \u2502                                                                           \n\u2502    \u2500\u2500\u2500\u2500\u2500\u2500   \u2502                                                                                                                                       \u2502    \u2500\u2500\u2500\u2500\u2500\u2500   \u2502                                                                           \n\u2502  Join Type: \u2502                                                                                                                                       \u2502 Aggregates: \u2502                                                                           \n\u2502    INNER    \u2502                                                                                                                                       \u2502   avg(#0)   \u2502                                                                           \n\u2502             \u2502                                                                                                                                       \u2502             \u2502                                                                           \n\u2502 Conditions: \u2502                                                                                                                                       \u2502             \u2502                                                                           \n\u2502  brand_id = \u2502                                                                                                                                       \u2502             \u2502                                                                           \n\u2502  i_brand_id \u2502                                                                                                                                       \u2502             \u2502                                                                           \n\u2502  class_id = \u2502                                                                                                                                       \u2502             \u2502                                                                           \n\u2502  i_class_id \u2502                                                                                                                                       \u2502             \u2502                                                                           \n\u2502 category_id \u251c\u2500\u2500\u2500\u2500\u2500\u2500\u2500\u2500\u2500\u2500\u2500\u2500\u2500\u2500\u2500\u2500\u2500\u2500\u2500\u2500\u2500\u2500\u2500\u2500\u2500\u2500\u2500\u2500\u2500\u2500\u2500\u2500\u2500\u2500\u2500\u2500\u2500\u2500\u2500\u2500\u2500\u2500\u2500\u2500\u2500\u2500\u2500\u2500\u2500\u2500\u2500\u2500\u2500\u2500\u2500\u2500\u2500\u2500\u2500\u2500\u2500\u2500\u2500\u2500\u2500\u2500\u2500\u2500\u2500\u2500\u2500\u2500\u2500\u2500\u2500\u2500\u2500\u2500\u2500\u2500\u2500\u2500\u2500\u2500\u2500\u2500\u2500\u2500\u2500\u2500\u2500\u2500\u2500\u2500\u2500\u2500\u2500\u2500\u2500\u2500\u2500\u2500\u2500\u2500\u2500\u2500\u2500\u2500\u2500\u2500\u2500\u2500\u2500\u2500\u2500\u2500\u2500\u2500\u2500\u2500\u2500\u2500\u2500\u2500\u2500\u2500\u2500\u2510       \u2502             \u2502                                                                           \n\u2502= i_category_\u2502                                                                                                                               \u2502       \u2502             \u2502                                                                           \n\u2502      id     \u2502                                                                                                                               \u2502       \u2502             \u2502                                                                           \n\u2502             \u2502                                                                                                                               \u2502       \u2502             \u2502                                                                           \n\u2502             \u2502                                                                                                                               \u2502       \u2502             \u2502                                                                           \n\u2502             \u2502                                                                                                                               \u2502       \u2502             \u2502                                                                           \n\u2502             \u2502                                                                                                                               \u2502       \u2502             \u2502                                                                           \n\u2502             \u2502                                                                                                                               \u2502       \u2502             \u2502                                                                           \n\u2502 101,562 rows\u2502                                                                                                                               \u2502       \u2502    1 row    \u2502                                                                           \n\u2502   (0.01s)   \u2502                                                                                                                               \u2502       \u2502   (0.04s)   \u2502                                                                           \n\u2514\u2500\u2500\u2500\u2500\u2500\u2500\u252c\u2500\u2500\u2500\u2500\u2500\u2500\u2518                                                                                                                               \u2502       \u2514\u2500\u2500\u2500\u2500\u2500\u2500\u252c\u2500\u2500\u2500\u2500\u2500\u2500\u2518                                                                           \n\u250c\u2500\u2500\u2500\u2500\u2500\u2500\u2534\u2500\u2500\u2500\u2500\u2500\u2500\u2510                                                                                                                        \u250c\u2500\u2500\u2500\u2500\u2500\u2500\u2534\u2500\u2500\u2500\u2500\u2500\u2500\u2510\u250c\u2500\u2500\u2500\u2500\u2500\u2500\u2534\u2500\u2500\u2500\u2500\u2500\u2500\u2510                                                                           \n\u2502HASH_GROUP_BY\u2502                                                                                                                        \u2502  TABLE_SCAN \u2502\u2502  PROJECTION \u2502                                                                           \n\u2502    \u2500\u2500\u2500\u2500\u2500\u2500   \u2502                                                                                                                        \u2502    \u2500\u2500\u2500\u2500\u2500\u2500   \u2502\u2502    \u2500\u2500\u2500\u2500\u2500\u2500   \u2502                                                                           \n\u2502   Groups:   \u2502                                                                                                                        \u2502    Table:   \u2502\u2502(CAST(quantit\u2502                                                                           \n\u2502      #0     \u2502                                                                                                                        \u2502     item    \u2502\u2502 y AS DECIMAL\u2502                                                                           \n\u2502      #1     \u2502                                                                                                                        \u2502             \u2502\u2502  (17,0)) *  \u2502                                                                           \n\u2502      #2     \u2502                                                                                                                        \u2502    Type:    \u2502\u2502 CAST(list_pr\u2502                                                                           \n\u2502             \u2502                                                                                                                        \u2502  Sequential \u2502\u2502ice AS DECIMA\u2502                                                                           \n\u2502             \u2502                                                                                                                        \u2502     Scan    \u2502\u2502  L(17,2)))  \u2502                                                                           \n\u2502             \u2502                                                                                                                        \u2502             \u2502\u2502             \u2502                                                                           \n\u2502             \u2502                                                                                                                        \u2502 Projections:\u2502\u2502             \u2502                                                                           \n\u2502             \u2502                                                                                                                        \u2502  i_brand_id \u2502\u2502             \u2502                                                                           \n\u2502             \u2502                                                                                                                        \u2502  i_class_id \u2502\u2502             \u2502                                                                           \n\u2502             \u2502                                                                                                                        \u2502i_category_id\u2502\u2502             \u2502                                                                           \n\u2502             \u2502                                                                                                                        \u2502  i_item_sk  \u2502\u2502             \u2502                                                                           \n\u2502             \u2502                                                                                                                        \u2502             \u2502\u2502             \u2502                                                                           \n\u2502             \u2502                                                                                                                        \u2502             \u2502\u2502             \u2502                                                                           \n\u2502             \u2502                                                                                                                        \u2502             \u2502\u2502             \u2502                                                                           \n\u2502 17,799 rows \u2502                                                                                                                        \u2502 102,000 rows\u2502\u250229,382,3...  \u2502                                                                           \n\u2502   (0.01s)   \u2502                                                                                                                        \u2502   (0.05s)   \u2502\u2502   (0.17s)   \u2502                                                                           \n\u2514\u2500\u2500\u2500\u2500\u2500\u2500\u252c\u2500\u2500\u2500\u2500\u2500\u2500\u2518                                                                                                                        \u2514\u2500\u2500\u2500\u2500\u2500\u2500\u2500\u2500\u2500\u2500\u2500\u2500\u2500\u2518\u2514\u2500\u2500\u2500\u2500\u2500\u2500\u252c\u2500\u2500\u2500\u2500\u2500\u2500\u2518                                                                           \n\u250c\u2500\u2500\u2500\u2500\u2500\u2500\u2534\u2500\u2500\u2500\u2500\u2500\u2500\u2510                                                                                                                                       \u250c\u2500\u2500\u2500\u2500\u2500\u2500\u2534\u2500\u2500\u2500\u2500\u2500\u2500\u2510                                                                           \n\u2502  HASH_JOIN  \u2502                                                                                                                                       \u2502    UNION    \u2502                                                                           \n\u2502    \u2500\u2500\u2500\u2500\u2500\u2500   \u2502                                                                                                                                       \u2502    \u2500\u2500\u2500\u2500\u2500\u2500   \u2502                                                                           \n\u2502  Join Type: \u2502                                                                                                                                       \u2502             \u2502                                                                           \n\u2502     SEMI    \u2502                                                                                                                                       \u2502             \u2502                                                                           \n\u2502             \u2502                                                                                                                                       \u2502             \u2502                                                                           \n\u2502 Conditions: \u2502                                                                                                                                       \u2502             \u2502                                                                           \n\u2502  #0 IS NOT  \u2502                                                                                                                                       \u2502             \u2502                                                                           \n\u2502   DISTINCT  \u2502                                                                                                                                       \u2502             \u2502                                                                           \n\u2502    FROM #0  \u2502                                                                                                                                       \u2502             \u2502                                                                           \n\u2502  #1 IS NOT  \u251c\u2500\u2500\u2500\u2500\u2500\u2500\u2500\u2500\u2500\u2500\u2500\u2500\u2500\u2500\u2500\u2500\u2500\u2500\u2500\u2500\u2500\u2500\u2500\u2500\u2500\u2500\u2500\u2500\u2500\u2500\u2500\u2500\u2500\u2500\u2500\u2500\u2500\u2500\u2500\u2500\u2500\u2500\u2500\u2500\u2500\u2500\u2500\u2500\u2500\u2500\u2500\u2500\u2500\u2500\u2500\u2500\u2500\u2500\u2500\u2500\u2500\u2500\u2500\u2500\u2500\u2500\u2500\u2500\u2500\u2500\u2500\u2500\u2500\u2500\u2500\u2500\u2500\u2500\u2500\u2500\u2500\u2500\u2510                                                    \u2502             \u251c\u2500\u2500\u2500\u2500\u2500\u2500\u2500\u2500\u2500\u2500\u2500\u2500\u2500\u2500\u2500\u2500\u2500\u2500\u2500\u2500\u2500\u2500\u2500\u2500\u2500\u2500\u2500\u2500\u2500\u2500\u2500\u2500\u2500\u2500\u2500\u2500\u2500\u2500\u2500\u2500\u2500\u2500\u2500\u2500\u2500\u2500\u2500\u2500\u2500\u2500\u2500\u2500\u2510                      \n\u2502   DISTINCT  \u2502                                                                                  \u2502                                                    \u2502             \u2502                                                    \u2502                      \n\u2502    FROM #1  \u2502                                                                                  \u2502                                                    \u2502             \u2502                                                    \u2502                      \n\u2502  #2 IS NOT  \u2502                                                                                  \u2502                                                    \u2502             \u2502                                                    \u2502                      \n\u2502   DISTINCT  \u2502                                                                                  \u2502                                                    \u2502             \u2502                                                    \u2502                      \n\u2502    FROM #2  \u2502                                                                                  \u2502                                                    \u2502             \u2502                                                    \u2502                      \n\u2502             \u2502                                                                                  \u2502                                                    \u2502             \u2502                                                    \u2502                      \n\u2502 17,799 rows \u2502                                                                                  \u2502                                                    \u2502    0 rows   \u2502                                                    \u2502                      \n\u2502   (0.37s)   \u2502                                                                                  \u2502                                                    \u2502   (0.00s)   \u2502                                                    \u2502                      \n\u2514\u2500\u2500\u2500\u2500\u2500\u2500\u252c\u2500\u2500\u2500\u2500\u2500\u2500\u2518                                                                                  \u2502                                                    \u2514\u2500\u2500\u2500\u2500\u2500\u2500\u252c\u2500\u2500\u2500\u2500\u2500\u2500\u2518                                                    \u2502                      \n\u250c\u2500\u2500\u2500\u2500\u2500\u2500\u2534\u2500\u2500\u2500\u2500\u2500\u2500\u2510                                                                           \u250c\u2500\u2500\u2500\u2500\u2500\u2500\u2534\u2500\u2500\u2500\u2500\u2500\u2500\u2510                                             \u250c\u2500\u2500\u2500\u2500\u2500\u2500\u2534\u2500\u2500\u2500\u2500\u2500\u2500\u2510                                             \u250c\u2500\u2500\u2500\u2500\u2500\u2500\u2534\u2500\u2500\u2500\u2500\u2500\u2500\u2510               \n\u2502HASH_GROUP_BY\u2502                                                                           \u2502  PROJECTION \u2502                                             \u2502    UNION    \u2502                                             \u2502  PROJECTION \u2502               \n\u2502    \u2500\u2500\u2500\u2500\u2500\u2500   \u2502                                                                           \u2502    \u2500\u2500\u2500\u2500\u2500\u2500   \u2502                                             \u2502    \u2500\u2500\u2500\u2500\u2500\u2500   \u2502                                             \u2502    \u2500\u2500\u2500\u2500\u2500\u2500   \u2502               \n\u2502   Groups:   \u2502                                                                           \u2502  i_brand_id \u2502                                             \u2502             \u2502                                             \u2502   quantity  \u2502               \n\u2502      #0     \u2502                                                                           \u2502  i_class_id \u2502                                             \u2502             \u2502                                             \u2502  list_price \u2502               \n\u2502      #1     \u2502                                                                           \u2502i_category_id\u2502                                             \u2502             \u2502                                             \u2502             \u2502               \n\u2502      #2     \u2502                                                                           \u2502             \u2502                                             \u2502             \u251c\u2500\u2500\u2500\u2500\u2500\u2500\u2500\u2500\u2500\u2500\u2500\u2500\u2500\u2500\u2500\u2500\u2500\u2500\u2500\u2500\u2500\u2500\u2510                      \u2502             \u2502               \n\u2502             \u2502                                                                           \u2502             \u2502                                             \u2502             \u2502                      \u2502                      \u2502             \u2502               \n\u2502             \u2502                                                                           \u2502             \u2502                                             \u2502             \u2502                      \u2502                      \u2502             \u2502               \n\u2502             \u2502                                                                           \u2502             \u2502                                             \u2502             \u2502                      \u2502                      \u2502             \u2502               \n\u2502 17,800 rows \u2502                                                                           \u25024,318,25...  \u2502                                             \u2502    0 rows   \u2502                      \u2502                      \u25024,318,25...  \u2502               \n\u2502   (1.79s)   \u2502                                                                           \u2502   (0.00s)   \u2502                                             \u2502   (0.00s)   \u2502                      \u2502                      \u2502   (0.00s)   \u2502               \n\u2514\u2500\u2500\u2500\u2500\u2500\u2500\u252c\u2500\u2500\u2500\u2500\u2500\u2500\u2518                                                                           \u2514\u2500\u2500\u2500\u2500\u2500\u2500\u252c\u2500\u2500\u2500\u2500\u2500\u2500\u2518                                             \u2514\u2500\u2500\u2500\u2500\u2500\u2500\u252c\u2500\u2500\u2500\u2500\u2500\u2500\u2518                      \u2502                      \u2514\u2500\u2500\u2500\u2500\u2500\u2500\u252c\u2500\u2500\u2500\u2500\u2500\u2500\u2518               \n\u250c\u2500\u2500\u2500\u2500\u2500\u2500\u2534\u2500\u2500\u2500\u2500\u2500\u2500\u2510                                                                           \u250c\u2500\u2500\u2500\u2500\u2500\u2500\u2534\u2500\u2500\u2500\u2500\u2500\u2500\u2510                                             \u250c\u2500\u2500\u2500\u2500\u2500\u2500\u2534\u2500\u2500\u2500\u2500\u2500\u2500\u2510               \u250c\u2500\u2500\u2500\u2500\u2500\u2500\u2534\u2500\u2500\u2500\u2500\u2500\u2500\u2510               \u250c\u2500\u2500\u2500\u2500\u2500\u2500\u2534\u2500\u2500\u2500\u2500\u2500\u2500\u2510               \n\u2502  HASH_JOIN  \u2502                                                                           \u2502  HASH_JOIN  \u2502                                             \u2502  PROJECTION \u2502               \u2502  PROJECTION \u2502               \u2502  HASH_JOIN  \u2502               \n\u2502    \u2500\u2500\u2500\u2500\u2500\u2500   \u2502                                                                           \u2502    \u2500\u2500\u2500\u2500\u2500\u2500   \u2502                                             \u2502    \u2500\u2500\u2500\u2500\u2500\u2500   \u2502               \u2502    \u2500\u2500\u2500\u2500\u2500\u2500   \u2502               \u2502    \u2500\u2500\u2500\u2500\u2500\u2500   \u2502               \n\u2502  Join Type: \u2502                                                                           \u2502  Join Type: \u2502                                             \u2502   quantity  \u2502               \u2502   quantity  \u2502               \u2502  Join Type: \u2502               \n\u2502     SEMI    \u2502                                                                           \u2502    INNER    \u2502                                             \u2502  list_price \u2502               \u2502  list_price \u2502               \u2502    INNER    \u2502               \n\u2502             \u2502                                                                           \u2502             \u2502                                             \u2502             \u2502               \u2502             \u2502               \u2502             \u2502               \n\u2502 Conditions: \u2502                                                                           \u2502 Conditions: \u2502                                             \u2502             \u2502               \u2502             \u2502               \u2502 Conditions: \u2502               \n\u2502  #0 IS NOT  \u2502                                                                           \u2502 ws_item_sk =\u2502                                             \u2502             \u2502               \u2502             \u2502               \u2502ws_sold_date_\u2502               \n\u2502   DISTINCT  \u2502                                                                           \u2502   i_item_sk \u2502                                             \u2502             \u2502               \u2502             \u2502               \u2502sk = d_date_s\u2502               \n\u2502    FROM #0  \u2502                                                                           \u2502             \u2502                                             \u2502             \u2502               \u2502             \u2502               \u2502      k      \u2502               \n\u2502  #1 IS NOT  \u251c\u2500\u2500\u2500\u2500\u2500\u2500\u2500\u2500\u2500\u2500\u2500\u2500\u2500\u2500\u2500\u2500\u2500\u2500\u2500\u2500\u2500\u2500\u2500\u2500\u2500\u2500\u2500\u2500\u2500\u2500\u2500\u2500\u2500\u2500\u2500\u2500\u2500\u2510                                     \u2502             \u251c\u2500\u2500\u2500\u2500\u2500\u2500\u2500\u2500\u2500\u2500\u2500\u2500\u2500\u2500\u2500\u2500\u2500\u2500\u2500\u2500\u2500\u2500\u2510                      \u2502             \u2502               \u2502             \u2502               \u2502             \u251c\u2500\u2500\u2500\u2500\u2500\u2500\u2500\u2510       \n\u2502   DISTINCT  \u2502                                     \u2502                                     \u2502             \u2502                      \u2502                      \u2502             \u2502               \u2502             \u2502               \u2502             \u2502       \u2502       \n\u2502    FROM #1  \u2502                                     \u2502                                     \u2502             \u2502                      \u2502                      \u2502             \u2502               \u2502             \u2502               \u2502             \u2502       \u2502       \n\u2502  #2 IS NOT  \u2502                                     \u2502                                     \u2502             \u2502                      \u2502                      \u2502             \u2502               \u2502             \u2502               \u2502             \u2502       \u2502       \n\u2502   DISTINCT  \u2502                                     \u2502                                     \u2502             \u2502                      \u2502                      \u2502             \u2502               \u2502             \u2502               \u2502             \u2502       \u2502       \n\u2502    FROM #2  \u2502                                     \u2502                                     \u2502             \u2502                      \u2502                      \u2502             \u2502               \u2502             \u2502               \u2502             \u2502       \u2502       \n\u2502             \u2502                                     \u2502                                     \u2502             \u2502                      \u2502                      \u2502             \u2502               \u2502             \u2502               \u2502             \u2502       \u2502       \n\u2502             \u2502                                     \u2502                                     \u2502             \u2502                      \u2502                      \u2502             \u2502               \u2502             \u2502               \u2502             \u2502       \u2502       \n\u250216,494,7...  \u2502                                     \u2502                                     \u25024,318,25...  \u2502                      \u2502                      \u250216,494,7...  \u2502               \u25028,569,40...  \u2502               \u25024,318,25...  \u2502       \u2502       \n\u2502   (2.41s)   \u2502                                     \u2502                                     \u2502   (0.01s)   \u2502                      \u2502                      \u2502   (0.00s)   \u2502               \u2502   (0.00s)   \u2502               \u2502   (0.01s)   \u2502       \u2502       \n\u2514\u2500\u2500\u2500\u2500\u2500\u2500\u252c\u2500\u2500\u2500\u2500\u2500\u2500\u2518                                     \u2502                                     \u2514\u2500\u2500\u2500\u2500\u2500\u2500\u252c\u2500\u2500\u2500\u2500\u2500\u2500\u2518                      \u2502                      \u2514\u2500\u2500\u2500\u2500\u2500\u2500\u252c\u2500\u2500\u2500\u2500\u2500\u2500\u2518               \u2514\u2500\u2500\u2500\u2500\u2500\u2500\u252c\u2500\u2500\u2500\u2500\u2500\u2500\u2518               \u2514\u2500\u2500\u2500\u2500\u2500\u2500\u252c\u2500\u2500\u2500\u2500\u2500\u2500\u2518       \u2502       \n\u250c\u2500\u2500\u2500\u2500\u2500\u2500\u2534\u2500\u2500\u2500\u2500\u2500\u2500\u2510                              \u250c\u2500\u2500\u2500\u2500\u2500\u2500\u2534\u2500\u2500\u2500\u2500\u2500\u2500\u2510                              \u250c\u2500\u2500\u2500\u2500\u2500\u2500\u2534\u2500\u2500\u2500\u2500\u2500\u2500\u2510               \u250c\u2500\u2500\u2500\u2500\u2500\u2500\u2534\u2500\u2500\u2500\u2500\u2500\u2500\u2510               \u250c\u2500\u2500\u2500\u2500\u2500\u2500\u2534\u2500\u2500\u2500\u2500\u2500\u2500\u2510               \u250c\u2500\u2500\u2500\u2500\u2500\u2500\u2534\u2500\u2500\u2500\u2500\u2500\u2500\u2510               \u250c\u2500\u2500\u2500\u2500\u2500\u2500\u2534\u2500\u2500\u2500\u2500\u2500\u2500\u2510\u250c\u2500\u2500\u2500\u2500\u2500\u2500\u2534\u2500\u2500\u2500\u2500\u2500\u2500\u2510\n\u2502  PROJECTION \u2502                              \u2502  PROJECTION \u2502                              \u2502  HASH_JOIN  \u2502               \u2502  TABLE_SCAN \u2502               \u2502  HASH_JOIN  \u2502               \u2502  HASH_JOIN  \u2502               \u2502  TABLE_SCAN \u2502\u2502    FILTER   \u2502\n\u2502    \u2500\u2500\u2500\u2500\u2500\u2500   \u2502                              \u2502    \u2500\u2500\u2500\u2500\u2500\u2500   \u2502                              \u2502    \u2500\u2500\u2500\u2500\u2500\u2500   \u2502               \u2502    \u2500\u2500\u2500\u2500\u2500\u2500   \u2502               \u2502    \u2500\u2500\u2500\u2500\u2500\u2500   \u2502               \u2502    \u2500\u2500\u2500\u2500\u2500\u2500   \u2502               \u2502    \u2500\u2500\u2500\u2500\u2500\u2500   \u2502\u2502    \u2500\u2500\u2500\u2500\u2500\u2500   \u2502\n\u2502   brand_id  \u2502                              \u2502  i_brand_id \u2502                              \u2502  Join Type: \u2502               \u2502    Table:   \u2502               \u2502  Join Type: \u2502               \u2502  Join Type: \u2502               \u2502    Table:   \u2502\u2502  (d_date_sk \u2502\n\u2502   class_id  \u2502                              \u2502  i_class_id \u2502                              \u2502    INNER    \u2502               \u2502     item    \u2502               \u2502    INNER    \u2502               \u2502    INNER    \u2502               \u2502  web_sales  \u2502\u2502    BETWEEN  \u2502\n\u2502 category_id \u2502                              \u2502i_category_id\u2502                              \u2502             \u2502               \u2502             \u2502               \u2502             \u2502               \u2502             \u2502               \u2502             \u2502\u2502  2450816 AND\u2502\n\u2502             \u2502                              \u2502             \u2502                              \u2502 Conditions: \u2502               \u2502    Type:    \u2502               \u2502 Conditions: \u2502               \u2502 Conditions: \u2502               \u2502    Type:    \u2502\u2502   2452642)  \u2502\n\u2502             \u2502                              \u2502             \u2502                              \u2502ws_sold_date_\u2502               \u2502  Sequential \u2502               \u2502ss_sold_date_\u2502               \u2502cs_sold_date_\u2502               \u2502  Sequential \u2502\u2502             \u2502\n\u2502             \u2502                              \u2502             \u2502                              \u2502sk = d_date_s\u2502               \u2502     Scan    \u2502               \u2502sk = d_date_s\u2502               \u2502sk = d_date_s\u2502               \u2502     Scan    \u2502\u2502             \u2502\n\u2502             \u2502                              \u2502             \u2502                              \u2502      k      \u2502               \u2502             \u2502               \u2502      k      \u2502               \u2502      k      \u2502               \u2502             \u2502\u2502             \u2502\n\u2502             \u2502                              \u2502             \u2502                              \u2502             \u2502               \u2502 Projections:\u2502               \u2502             \u2502               \u2502             \u2502               \u2502 Projections:\u2502\u2502             \u2502\n\u2502             \u2502                              \u2502             \u2502                              \u2502             \u2502               \u2502  i_item_sk  \u2502               \u2502             \u2502               \u2502             \u2502               \u2502ws_sold_date_\u2502\u2502             \u2502\n\u2502             \u2502                              \u2502             \u2502                              \u2502             \u2502               \u2502  i_brand_id \u2502               \u2502             \u2502               \u2502             \u2502               \u2502      sk     \u2502\u2502             \u2502\n\u2502             \u2502                              \u2502             \u2502                              \u2502             \u2502               \u2502  i_class_id \u2502               \u2502             \u2502               \u2502             \u2502               \u2502 ws_quantity \u2502\u2502             \u2502\n\u2502             \u2502                              \u2502             \u2502                              \u2502             \u2502               \u2502i_category_id\u2502               \u2502             \u2502               \u2502             \u2502               \u2502ws_list_price\u2502\u2502             \u2502\n\u2502             \u2502                              \u2502             \u2502                              \u2502             \u2502               \u2502             \u2502               \u2502             \u2502               \u2502             \u2502               \u2502             \u2502\u2502             \u2502\n\u2502             \u2502                              \u2502             \u2502                              \u2502             \u251c\u2500\u2500\u2500\u2500\u2500\u2500\u2500\u2510       \u2502             \u2502               \u2502             \u251c\u2500\u2500\u2500\u2500\u2500\u2500\u2500\u2510       \u2502             \u251c\u2500\u2500\u2500\u2500\u2500\u2500\u2500\u2510       \u2502             \u2502\u2502             \u2502\n\u2502             \u2502                              \u2502             \u2502                              \u2502             \u2502       \u2502       \u2502             \u2502               \u2502             \u2502       \u2502       \u2502             \u2502       \u2502       \u2502             \u2502\u2502             \u2502\n\u2502             \u2502                              \u2502             \u2502                              \u2502             \u2502       \u2502       \u2502             \u2502               \u2502             \u2502       \u2502       \u2502             \u2502       \u2502       \u2502             \u2502\u2502             \u2502\n\u2502             \u2502                              \u2502             \u2502                              \u2502             \u2502       \u2502       \u2502             \u2502               \u2502             \u2502       \u2502       \u2502             \u2502       \u2502       \u2502             \u2502\u2502             \u2502\n\u2502             \u2502                              \u2502             \u2502                              \u2502             \u2502       \u2502       \u2502             \u2502               \u2502             \u2502       \u2502       \u2502             \u2502       \u2502       \u2502             \u2502\u2502             \u2502\n\u2502             \u2502                              \u2502             \u2502                              \u2502             \u2502       \u2502       \u2502             \u2502               \u2502             \u2502       \u2502       \u2502             \u2502       \u2502       \u2502             \u2502\u2502             \u2502\n\u2502             \u2502                              \u2502             \u2502                              \u2502             \u2502       \u2502       \u2502             \u2502               \u2502             \u2502       \u2502       \u2502             \u2502       \u2502       \u2502             \u2502\u2502             \u2502\n\u2502             \u2502                              \u2502             \u2502                              \u2502             \u2502       \u2502       \u2502             \u2502               \u2502             \u2502       \u2502       \u2502             \u2502       \u2502       \u2502             \u2502\u2502             \u2502\n\u2502             \u2502                              \u2502             \u2502                              \u2502             \u2502       \u2502       \u2502             \u2502               \u2502             \u2502       \u2502       \u2502             \u2502       \u2502       \u2502             \u2502\u2502             \u2502\n\u2502             \u2502                              \u2502             \u2502                              \u2502             \u2502       \u2502       \u2502             \u2502               \u2502             \u2502       \u2502       \u2502             \u2502       \u2502       \u2502             \u2502\u2502             \u2502\n\u2502             \u2502                              \u2502             \u2502                              \u2502             \u2502       \u2502       \u2502             \u2502               \u2502             \u2502       \u2502       \u2502             \u2502       \u2502       \u2502             \u2502\u2502             \u2502\n\u2502             \u2502                              \u2502             \u2502                              \u2502             \u2502       \u2502       \u2502             \u2502               \u2502             \u2502       \u2502       \u2502             \u2502       \u2502       \u2502             \u2502\u2502             \u2502\n\u2502             \u2502                              \u2502             \u2502                              \u2502             \u2502       \u2502       \u2502             \u2502               \u2502             \u2502       \u2502       \u2502             \u2502       \u2502       \u2502             \u2502\u2502             \u2502\n\u2502             \u2502                              \u2502             \u2502                              \u2502             \u2502       \u2502       \u2502             \u2502               \u2502             \u2502       \u2502       \u2502             \u2502       \u2502       \u2502             \u2502\u2502             \u2502\n\u250216,494,7...  \u2502                              \u25028,569,40...  \u2502                              \u25024,318,25...  \u2502       \u2502       \u2502 102,000 rows\u2502               \u250216,494,7...  \u2502       \u2502       \u25028,569,40...  \u2502       \u2502       \u25024,318,25...  \u2502\u2502  1,096 rows \u2502\n\u2502   (0.01s)   \u2502                              \u2502   (0.00s)   \u2502                              \u2502   (0.01s)   \u2502       \u2502       \u2502   (0.05s)   \u2502               \u2502   (0.04s)   \u2502       \u2502       \u2502   (0.02s)   \u2502       \u2502       \u2502   (3.09s)   \u2502\u2502   (0.00s)   \u2502\n\u2514\u2500\u2500\u2500\u2500\u2500\u2500\u252c\u2500\u2500\u2500\u2500\u2500\u2500\u2518                              \u2514\u2500\u2500\u2500\u2500\u2500\u2500\u252c\u2500\u2500\u2500\u2500\u2500\u2500\u2518                              \u2514\u2500\u2500\u2500\u2500\u2500\u2500\u252c\u2500\u2500\u2500\u2500\u2500\u2500\u2518       \u2502       \u2514\u2500\u2500\u2500\u2500\u2500\u2500\u2500\u2500\u2500\u2500\u2500\u2500\u2500\u2518               \u2514\u2500\u2500\u2500\u2500\u2500\u2500\u252c\u2500\u2500\u2500\u2500\u2500\u2500\u2518       \u2502       \u2514\u2500\u2500\u2500\u2500\u2500\u2500\u252c\u2500\u2500\u2500\u2500\u2500\u2500\u2518       \u2502       \u2514\u2500\u2500\u2500\u2500\u2500\u2500\u2500\u2500\u2500\u2500\u2500\u2500\u2500\u2518\u2514\u2500\u2500\u2500\u2500\u2500\u2500\u252c\u2500\u2500\u2500\u2500\u2500\u2500\u2518\n\u250c\u2500\u2500\u2500\u2500\u2500\u2500\u2534\u2500\u2500\u2500\u2500\u2500\u2500\u2510                              \u250c\u2500\u2500\u2500\u2500\u2500\u2500\u2534\u2500\u2500\u2500\u2500\u2500\u2500\u2510                              \u250c\u2500\u2500\u2500\u2500\u2500\u2500\u2534\u2500\u2500\u2500\u2500\u2500\u2500\u2510\u250c\u2500\u2500\u2500\u2500\u2500\u2500\u2534\u2500\u2500\u2500\u2500\u2500\u2500\u2510                              \u250c\u2500\u2500\u2500\u2500\u2500\u2500\u2534\u2500\u2500\u2500\u2500\u2500\u2500\u2510\u250c\u2500\u2500\u2500\u2500\u2500\u2500\u2534\u2500\u2500\u2500\u2500\u2500\u2500\u2510\u250c\u2500\u2500\u2500\u2500\u2500\u2500\u2534\u2500\u2500\u2500\u2500\u2500\u2500\u2510\u250c\u2500\u2500\u2500\u2500\u2500\u2500\u2534\u2500\u2500\u2500\u2500\u2500\u2500\u2510               \u250c\u2500\u2500\u2500\u2500\u2500\u2500\u2534\u2500\u2500\u2500\u2500\u2500\u2500\u2510\n\u2502  HASH_JOIN  \u2502                              \u2502  HASH_JOIN  \u2502                              \u2502  TABLE_SCAN \u2502\u2502    FILTER   \u2502                              \u2502  TABLE_SCAN \u2502\u2502    FILTER   \u2502\u2502  TABLE_SCAN \u2502\u2502    FILTER   \u2502               \u2502  TABLE_SCAN \u2502\n\u2502    \u2500\u2500\u2500\u2500\u2500\u2500   \u2502                              \u2502    \u2500\u2500\u2500\u2500\u2500\u2500   \u2502                              \u2502    \u2500\u2500\u2500\u2500\u2500\u2500   \u2502\u2502    \u2500\u2500\u2500\u2500\u2500\u2500   \u2502                              \u2502    \u2500\u2500\u2500\u2500\u2500\u2500   \u2502\u2502    \u2500\u2500\u2500\u2500\u2500\u2500   \u2502\u2502    \u2500\u2500\u2500\u2500\u2500\u2500   \u2502\u2502    \u2500\u2500\u2500\u2500\u2500\u2500   \u2502               \u2502    \u2500\u2500\u2500\u2500\u2500\u2500   \u2502\n\u2502  Join Type: \u2502                              \u2502  Join Type: \u2502                              \u2502    Table:   \u2502\u2502  (d_date_sk \u2502                              \u2502    Table:   \u2502\u2502  (d_date_sk \u2502\u2502    Table:   \u2502\u2502  (d_date_sk \u2502               \u2502    Table:   \u2502\n\u2502    INNER    \u2502                              \u2502    INNER    \u2502                              \u2502  web_sales  \u2502\u2502    BETWEEN  \u2502                              \u2502 store_sales \u2502\u2502    BETWEEN  \u2502\u2502catalog_sales\u2502\u2502    BETWEEN  \u2502               \u2502   date_dim  \u2502\n\u2502             \u2502                              \u2502             \u2502                              \u2502             \u2502\u2502  2450816 AND\u2502                              \u2502             \u2502\u2502  2450816 AND\u2502\u2502             \u2502\u2502  2450815 AND\u2502               \u2502             \u2502\n\u2502 Conditions: \u2502                              \u2502 Conditions: \u2502                              \u2502    Type:    \u2502\u2502   2452642)  \u2502                              \u2502    Type:    \u2502\u2502   2452642)  \u2502\u2502    Type:    \u2502\u2502   2452653)  \u2502               \u2502    Type:    \u2502\n\u2502 ss_item_sk =\u2502                              \u2502 cs_item_sk =\u2502                              \u2502  Sequential \u2502\u2502             \u2502                              \u2502  Sequential \u2502\u2502             \u2502\u2502  Sequential \u2502\u2502             \u2502               \u2502  Sequential \u2502\n\u2502   i_item_sk \u2502                              \u2502   i_item_sk \u2502                              \u2502     Scan    \u2502\u2502             \u2502                              \u2502     Scan    \u2502\u2502             \u2502\u2502     Scan    \u2502\u2502             \u2502               \u2502     Scan    \u2502\n\u2502             \u2502                              \u2502             \u2502                              \u2502             \u2502\u2502             \u2502                              \u2502             \u2502\u2502             \u2502\u2502             \u2502\u2502             \u2502               \u2502             \u2502\n\u2502             \u251c\u2500\u2500\u2500\u2500\u2500\u2500\u2500\u2500\u2500\u2500\u2500\u2500\u2500\u2500\u2500\u2500\u2500\u2500\u2500\u2500\u2500\u2500\u2510       \u2502             \u251c\u2500\u2500\u2500\u2500\u2500\u2500\u2500\u2500\u2500\u2500\u2500\u2500\u2500\u2500\u2500\u2500\u2500\u2500\u2500\u2500\u2500\u2500\u2510       \u2502 Projections:\u2502\u2502             \u2502                              \u2502 Projections:\u2502\u2502             \u2502\u2502 Projections:\u2502\u2502             \u2502               \u2502 Projections:\u2502\n\u2502             \u2502                      \u2502       \u2502             \u2502                      \u2502       \u2502  ws_item_sk \u2502\u2502             \u2502                              \u2502ss_sold_date_\u2502\u2502             \u2502\u2502cs_sold_date_\u2502\u2502             \u2502               \u2502  d_date_sk  \u2502\n\u2502             \u2502                      \u2502       \u2502             \u2502                      \u2502       \u2502ws_sold_date_\u2502\u2502             \u2502                              \u2502      sk     \u2502\u2502             \u2502\u2502      sk     \u2502\u2502             \u2502               \u2502             \u2502\n\u2502             \u2502                      \u2502       \u2502             \u2502                      \u2502       \u2502      sk     \u2502\u2502             \u2502                              \u2502 ss_quantity \u2502\u2502             \u2502\u2502 cs_quantity \u2502\u2502             \u2502               \u2502   Filters:  \u2502\n\u2502             \u2502                      \u2502       \u2502             \u2502                      \u2502       \u2502             \u2502\u2502             \u2502                              \u2502ss_list_price\u2502\u2502             \u2502\u2502cs_list_price\u2502\u2502             \u2502               \u2502 d_year>=2000\u2502\n\u2502             \u2502                      \u2502       \u2502             \u2502                      \u2502       \u2502             \u2502\u2502             \u2502                              \u2502             \u2502\u2502             \u2502\u2502             \u2502\u2502             \u2502               \u2502  AND d_year<\u2502\n\u2502             \u2502                      \u2502       \u2502             \u2502                      \u2502       \u2502             \u2502\u2502             \u2502                              \u2502             \u2502\u2502             \u2502\u2502             \u2502\u2502             \u2502               \u2502    =2002    \u2502\n\u2502             \u2502                      \u2502       \u2502             \u2502                      \u2502       \u2502             \u2502\u2502             \u2502                              \u2502             \u2502\u2502             \u2502\u2502             \u2502\u2502             \u2502               \u2502             \u2502\n\u250216,494,7...  \u2502                      \u2502       \u25028,569,40...  \u2502                      \u2502       \u25024,318,25...  \u2502\u2502  1,096 rows \u2502                              \u250216,494,7...  \u2502\u2502  1,096 rows \u2502\u25028,569,40...  \u2502\u2502  1,096 rows \u2502               \u2502  1,096 rows \u2502\n\u2502   (0.08s)   \u2502                      \u2502       \u2502   (0.02s)   \u2502                      \u2502       \u2502   (1.77s)   \u2502\u2502   (0.00s)   \u2502                              \u2502   (11.51s)  \u2502\u2502   (0.00s)   \u2502\u2502   (3.62s)   \u2502\u2502   (0.00s)   \u2502               \u2502   (0.00s)   \u2502\n\u2514\u2500\u2500\u2500\u2500\u2500\u2500\u252c\u2500\u2500\u2500\u2500\u2500\u2500\u2518                      \u2502       \u2514\u2500\u2500\u2500\u2500\u2500\u2500\u252c\u2500\u2500\u2500\u2500\u2500\u2500\u2518                      \u2502       \u2514\u2500\u2500\u2500\u2500\u2500\u2500\u2500\u2500\u2500\u2500\u2500\u2500\u2500\u2518\u2514\u2500\u2500\u2500\u2500\u2500\u2500\u252c\u2500\u2500\u2500\u2500\u2500\u2500\u2518                              \u2514\u2500\u2500\u2500\u2500\u2500\u2500\u2500\u2500\u2500\u2500\u2500\u2500\u2500\u2518\u2514\u2500\u2500\u2500\u2500\u2500\u2500\u252c\u2500\u2500\u2500\u2500\u2500\u2500\u2518\u2514\u2500\u2500\u2500\u2500\u2500\u2500\u2500\u2500\u2500\u2500\u2500\u2500\u2500\u2518\u2514\u2500\u2500\u2500\u2500\u2500\u2500\u252c\u2500\u2500\u2500\u2500\u2500\u2500\u2518               \u2514\u2500\u2500\u2500\u2500\u2500\u2500\u2500\u2500\u2500\u2500\u2500\u2500\u2500\u2518\n\u250c\u2500\u2500\u2500\u2500\u2500\u2500\u2534\u2500\u2500\u2500\u2500\u2500\u2500\u2510               \u250c\u2500\u2500\u2500\u2500\u2500\u2500\u2534\u2500\u2500\u2500\u2500\u2500\u2500\u2510\u250c\u2500\u2500\u2500\u2500\u2500\u2500\u2534\u2500\u2500\u2500\u2500\u2500\u2500\u2510               \u250c\u2500\u2500\u2500\u2500\u2500\u2500\u2534\u2500\u2500\u2500\u2500\u2500\u2500\u2510               \u250c\u2500\u2500\u2500\u2500\u2500\u2500\u2534\u2500\u2500\u2500\u2500\u2500\u2500\u2510                                             \u250c\u2500\u2500\u2500\u2500\u2500\u2500\u2534\u2500\u2500\u2500\u2500\u2500\u2500\u2510               \u250c\u2500\u2500\u2500\u2500\u2500\u2500\u2534\u2500\u2500\u2500\u2500\u2500\u2500\u2510                              \n\u2502  HASH_JOIN  \u2502               \u2502  TABLE_SCAN \u2502\u2502  HASH_JOIN  \u2502               \u2502  TABLE_SCAN \u2502               \u2502  TABLE_SCAN \u2502                                             \u2502  TABLE_SCAN \u2502               \u2502  TABLE_SCAN \u2502                              \n\u2502    \u2500\u2500\u2500\u2500\u2500\u2500   \u2502               \u2502    \u2500\u2500\u2500\u2500\u2500\u2500   \u2502\u2502    \u2500\u2500\u2500\u2500\u2500\u2500   \u2502               \u2502    \u2500\u2500\u2500\u2500\u2500\u2500   \u2502               \u2502    \u2500\u2500\u2500\u2500\u2500\u2500   \u2502                                             \u2502    \u2500\u2500\u2500\u2500\u2500\u2500   \u2502               \u2502    \u2500\u2500\u2500\u2500\u2500\u2500   \u2502                              \n\u2502  Join Type: \u2502               \u2502    Table:   \u2502\u2502  Join Type: \u2502               \u2502    Table:   \u2502               \u2502    Table:   \u2502                                             \u2502    Table:   \u2502               \u2502    Table:   \u2502                              \n\u2502    INNER    \u2502               \u2502     item    \u2502\u2502    INNER    \u2502               \u2502     item    \u2502               \u2502   date_dim  \u2502                                             \u2502   date_dim  \u2502               \u2502   date_dim  \u2502                              \n\u2502             \u2502               \u2502             \u2502\u2502             \u2502               \u2502             \u2502               \u2502             \u2502                                             \u2502             \u2502               \u2502             \u2502                              \n\u2502 Conditions: \u2502               \u2502    Type:    \u2502\u2502 Conditions: \u2502               \u2502    Type:    \u2502               \u2502    Type:    \u2502                                             \u2502    Type:    \u2502               \u2502    Type:    \u2502                              \n\u2502ss_sold_date_\u2502               \u2502  Sequential \u2502\u2502cs_sold_date_\u2502               \u2502  Sequential \u2502               \u2502  Sequential \u2502                                             \u2502  Sequential \u2502               \u2502  Sequential \u2502                              \n\u2502sk = d_date_s\u2502               \u2502     Scan    \u2502\u2502sk = d_date_s\u2502               \u2502     Scan    \u2502               \u2502     Scan    \u2502                                             \u2502     Scan    \u2502               \u2502     Scan    \u2502                              \n\u2502      k      \u2502               \u2502             \u2502\u2502      k      \u2502               \u2502             \u2502               \u2502             \u2502                                             \u2502             \u2502               \u2502             \u2502                              \n\u2502             \u251c\u2500\u2500\u2500\u2500\u2500\u2500\u2500\u2510       \u2502 Projections:\u2502\u2502             \u251c\u2500\u2500\u2500\u2500\u2500\u2500\u2500\u2510       \u2502 Projections:\u2502               \u2502 Projections:\u2502                                             \u2502 Projections:\u2502               \u2502 Projections:\u2502                              \n\u2502             \u2502       \u2502       \u2502  i_item_sk  \u2502\u2502             \u2502       \u2502       \u2502  i_item_sk  \u2502               \u2502  d_date_sk  \u2502                                             \u2502  d_date_sk  \u2502               \u2502  d_date_sk  \u2502                              \n\u2502             \u2502       \u2502       \u2502  i_brand_id \u2502\u2502             \u2502       \u2502       \u2502  i_brand_id \u2502               \u2502             \u2502                                             \u2502             \u2502               \u2502             \u2502                              \n\u2502             \u2502       \u2502       \u2502  i_class_id \u2502\u2502             \u2502       \u2502       \u2502  i_class_id \u2502               \u2502   Filters:  \u2502                                             \u2502   Filters:  \u2502               \u2502   Filters:  \u2502                              \n\u2502             \u2502       \u2502       \u2502i_category_id\u2502\u2502             \u2502       \u2502       \u2502i_category_id\u2502               \u2502 d_year>=2000\u2502                                             \u2502 d_year>=2000\u2502               \u2502 d_year>=2000\u2502                              \n\u2502             \u2502       \u2502       \u2502             \u2502\u2502             \u2502       \u2502       \u2502             \u2502               \u2502  AND d_year<\u2502                                             \u2502  AND d_year<\u2502               \u2502  AND d_year<\u2502                              \n\u2502             \u2502       \u2502       \u2502             \u2502\u2502             \u2502       \u2502       \u2502             \u2502               \u2502    =2002    \u2502                                             \u2502    =2002    \u2502               \u2502    =2002    \u2502                              \n\u2502             \u2502       \u2502       \u2502             \u2502\u2502             \u2502       \u2502       \u2502             \u2502               \u2502             \u2502                                             \u2502             \u2502               \u2502             \u2502                              \n\u250216,494,7...  \u2502       \u2502       \u2502 102,000 rows\u2502\u25028,569,40...  \u2502       \u2502       \u2502 102,000 rows\u2502               \u2502  1,096 rows \u2502                                             \u2502  1,096 rows \u2502               \u2502  1,096 rows \u2502                              \n\u2502   (0.11s)   \u2502       \u2502       \u2502   (0.05s)   \u2502\u2502   (0.02s)   \u2502       \u2502       \u2502   (0.05s)   \u2502               \u2502   (0.00s)   \u2502                                             \u2502   (0.01s)   \u2502               \u2502   (0.00s)   \u2502                              \n\u2514\u2500\u2500\u2500\u2500\u2500\u2500\u252c\u2500\u2500\u2500\u2500\u2500\u2500\u2518       \u2502       \u2514\u2500\u2500\u2500\u2500\u2500\u2500\u2500\u2500\u2500\u2500\u2500\u2500\u2500\u2518\u2514\u2500\u2500\u2500\u2500\u2500\u2500\u252c\u2500\u2500\u2500\u2500\u2500\u2500\u2518       \u2502       \u2514\u2500\u2500\u2500\u2500\u2500\u2500\u2500\u2500\u2500\u2500\u2500\u2500\u2500\u2518               \u2514\u2500\u2500\u2500\u2500\u2500\u2500\u2500\u2500\u2500\u2500\u2500\u2500\u2500\u2518                                             \u2514\u2500\u2500\u2500\u2500\u2500\u2500\u2500\u2500\u2500\u2500\u2500\u2500\u2500\u2518               \u2514\u2500\u2500\u2500\u2500\u2500\u2500\u2500\u2500\u2500\u2500\u2500\u2500\u2500\u2518                              \n\u250c\u2500\u2500\u2500\u2500\u2500\u2500\u2534\u2500\u2500\u2500\u2500\u2500\u2500\u2510\u250c\u2500\u2500\u2500\u2500\u2500\u2500\u2534\u2500\u2500\u2500\u2500\u2500\u2500\u2510               \u250c\u2500\u2500\u2500\u2500\u2500\u2500\u2534\u2500\u2500\u2500\u2500\u2500\u2500\u2510\u250c\u2500\u2500\u2500\u2500\u2500\u2500\u2534\u2500\u2500\u2500\u2500\u2500\u2500\u2510                                                                                                                                                                     \n\u2502  TABLE_SCAN \u2502\u2502    FILTER   \u2502               \u2502  TABLE_SCAN \u2502\u2502    FILTER   \u2502                                                                                                                                                                     \n\u2502    \u2500\u2500\u2500\u2500\u2500\u2500   \u2502\u2502    \u2500\u2500\u2500\u2500\u2500\u2500   \u2502               \u2502    \u2500\u2500\u2500\u2500\u2500\u2500   \u2502\u2502    \u2500\u2500\u2500\u2500\u2500\u2500   \u2502                                                                                                                                                                     \n\u2502    Table:   \u2502\u2502  (d_date_sk \u2502               \u2502    Table:   \u2502\u2502  (d_date_sk \u2502                                                                                                                                                                     \n\u2502 store_sales \u2502\u2502    BETWEEN  \u2502               \u2502catalog_sales\u2502\u2502    BETWEEN  \u2502                                                                                                                                                                     \n\u2502             \u2502\u2502  2450816 AND\u2502               \u2502             \u2502\u2502  2450815 AND\u2502                                                                                                                                                                     \n\u2502    Type:    \u2502\u2502   2452642)  \u2502               \u2502    Type:    \u2502\u2502   2452653)  \u2502                                                                                                                                                                     \n\u2502  Sequential \u2502\u2502             \u2502               \u2502  Sequential \u2502\u2502             \u2502                                                                                                                                                                     \n\u2502     Scan    \u2502\u2502             \u2502               \u2502     Scan    \u2502\u2502             \u2502                                                                                                                                                                     \n\u2502             \u2502\u2502             \u2502               \u2502             \u2502\u2502             \u2502                                                                                                                                                                     \n\u2502 Projections:\u2502\u2502             \u2502               \u2502 Projections:\u2502\u2502             \u2502                                                                                                                                                                     \n\u2502  ss_item_sk \u2502\u2502             \u2502               \u2502  cs_item_sk \u2502\u2502             \u2502                                                                                                                                                                     \n\u2502ss_sold_date_\u2502\u2502             \u2502               \u2502cs_sold_date_\u2502\u2502             \u2502                                                                                                                                                                     \n\u2502      sk     \u2502\u2502             \u2502               \u2502      sk     \u2502\u2502             \u2502                                                                                                                                                                     \n\u2502             \u2502\u2502             \u2502               \u2502             \u2502\u2502             \u2502                                                                                                                                                                     \n\u2502             \u2502\u2502             \u2502               \u2502             \u2502\u2502             \u2502                                                                                                                                                                     \n\u2502             \u2502\u2502             \u2502               \u2502             \u2502\u2502             \u2502                                                                                                                                                                     \n\u2502             \u2502\u2502             \u2502               \u2502             \u2502\u2502             \u2502                                                                                                                                                                     \n\u2502             \u2502\u2502             \u2502               \u2502             \u2502\u2502             \u2502                                                                                                                                                                     \n\u2502             \u2502\u2502             \u2502               \u2502             \u2502\u2502             \u2502                                                                                                                                                                     \n\u2502             \u2502\u2502             \u2502               \u2502             \u2502\u2502             \u2502                                                                                                                                                                     \n\u2502             \u2502\u2502             \u2502               \u2502             \u2502\u2502             \u2502                                                                                                                                                                     \n\u2502             \u2502\u2502             \u2502               \u2502             \u2502\u2502             \u2502                                                                                                                                                                     \n\u2502             \u2502\u2502             \u2502               \u2502             \u2502\u2502             \u2502                                                                                                                                                                     \n\u2502             \u2502\u2502             \u2502               \u2502             \u2502\u2502             \u2502                                                                                                                                                                     \n\u2502             \u2502\u2502             \u2502               \u2502             \u2502\u2502             \u2502                                                                                                                                                                     \n\u2502             \u2502\u2502             \u2502               \u2502             \u2502\u2502             \u2502                                                                                                                                                                     \n\u2502             \u2502\u2502             \u2502               \u2502             \u2502\u2502             \u2502                                                                                                                                                                     \n\u2502             \u2502\u2502             \u2502               \u2502             \u2502\u2502             \u2502                                                                                                                                                                     \n\u2502             \u2502\u2502             \u2502               \u2502             \u2502\u2502             \u2502                                                                                                                                                                     \n\u250216,494,7...  \u2502\u2502  1,096 rows \u2502               \u25028,569,40...  \u2502\u2502  1,096 rows \u2502                                                                                                                                                                     \n\u2502   (0.28s)   \u2502\u2502   (0.00s)   \u2502               \u2502   (1.07s)   \u2502\u2502   (0.00s)   \u2502                                                                                                                                                                     \n\u2514\u2500\u2500\u2500\u2500\u2500\u2500\u2500\u2500\u2500\u2500\u2500\u2500\u2500\u2518\u2514\u2500\u2500\u2500\u2500\u2500\u2500\u252c\u2500\u2500\u2500\u2500\u2500\u2500\u2518               \u2514\u2500\u2500\u2500\u2500\u2500\u2500\u2500\u2500\u2500\u2500\u2500\u2500\u2500\u2518\u2514\u2500\u2500\u2500\u2500\u2500\u2500\u252c\u2500\u2500\u2500\u2500\u2500\u2500\u2518                                                                                                                                                                     \n               \u250c\u2500\u2500\u2500\u2500\u2500\u2500\u2534\u2500\u2500\u2500\u2500\u2500\u2500\u2510                              \u250c\u2500\u2500\u2500\u2500\u2500\u2500\u2534\u2500\u2500\u2500\u2500\u2500\u2500\u2510                                                                                                                                                                     \n               \u2502  TABLE_SCAN \u2502                              \u2502  TABLE_SCAN \u2502                                                                                                                                                                     \n               \u2502    \u2500\u2500\u2500\u2500\u2500\u2500   \u2502                              \u2502    \u2500\u2500\u2500\u2500\u2500\u2500   \u2502                                                                                                                                                                     \n               \u2502    Table:   \u2502                              \u2502    Table:   \u2502                                                                                                                                                                     \n               \u2502   date_dim  \u2502                              \u2502   date_dim  \u2502                                                                                                                                                                     \n               \u2502             \u2502                              \u2502             \u2502                                                                                                                                                                     \n               \u2502    Type:    \u2502                              \u2502    Type:    \u2502                                                                                                                                                                     \n               \u2502  Sequential \u2502                              \u2502  Sequential \u2502                                                                                                                                                                     \n               \u2502     Scan    \u2502                              \u2502     Scan    \u2502                                                                                                                                                                     \n               \u2502             \u2502                              \u2502             \u2502                                                                                                                                                                     \n               \u2502 Projections:\u2502                              \u2502 Projections:\u2502                                                                                                                                                                     \n               \u2502  d_date_sk  \u2502                              \u2502  d_date_sk  \u2502                                                                                                                                                                     \n               \u2502             \u2502                              \u2502             \u2502                                                                                                                                                                     \n               \u2502   Filters:  \u2502                              \u2502   Filters:  \u2502                                                                                                                                                                     \n               \u2502 d_year>=2000\u2502                              \u2502 d_year>=2000\u2502                                                                                                                                                                     \n               \u2502  AND d_year<\u2502                              \u2502  AND d_year<\u2502                                                                                                                                                                     \n               \u2502    =2002    \u2502                              \u2502    =2002    \u2502                                                                                                                                                                     \n               \u2502             \u2502                              \u2502             \u2502                                                                                                                                                                     \n               \u2502  1,096 rows \u2502                              \u2502  1,096 rows \u2502                                                                                                                                                                     \n               \u2502   (0.00s)   \u2502                              \u2502   (0.00s)   \u2502                                                                                                                                                                     \n               \u2514\u2500\u2500\u2500\u2500\u2500\u2500\u2500\u2500\u2500\u2500\u2500\u2500\u2500\u2518                              \u2514\u2500\u2500\u2500\u2500\u2500\u2500\u2500\u2500\u2500\u2500\u2500\u2500\u2500\u2518                                                                                                                                                                     \n                                                                                                                                                                                                                                                \n                                                                                                                                                                                                                                                \n                                                                                                                                                                                                                                                \n                                                                                                                                                                                                                                                \n                                                                                                                                                                                                                                                \n                                                                                                                                                                                                                                                \n                                                                                                                                                                                                                                                \n                                                                                                                                                                                                                                                \n                                                                                                                                                                                                                                                \n                                                                                                                                                                                                                                                \n                                                                                                                                                                                                                                                \n                                                                                                                                                                                                                                                \n                                                                                                                                                                                                                                                \n                                                                                                                                                                                                                                                \n                                                                                                                                                                                                                                                \n                                                                                                                                                                                                                                                \n                                                                                                                                                                                                                                                \n                                                                                                                                                                                                                                                \n                                                                                                                                                                                                                                                \n                                                                                                                                                                                                                                                \n                                                                                                                                                                                                                                                \n                                                                                                                                                                                                                                                \n                                                                                                                                                                                                                                                \n                                                                                                                                                                                                                                                \n                                                                                                                                                                                                                                                \n                                                                                                                                                                                                                                                \n                                                                                                                                                                                                                                                \n                                                                                                                                                                                                                                                \n                                                                                                                                                                                                                                                \n                                                                                                                                                                                                                                                \n                                                                                                                                                                                                                                                \n                                                                                                                                                                                                                                                \n                                                                                                                                                                                                                                                \n                                                                                                                                                                                                                                                \n                                                                                                                                                                                                                                                \n                                                                                                                                                                                                                                                \n                                                                                                                                                                                                                                                \n                                                                                                                                                                                                                                                \n                                                                                                                                                                                                                                                \n                                                                                                                                                                                                                                                \n                                                                                                                                                                                                                                                \n                                                                                                                                                                                                                                                \n                                                                                                                                                                                                                                                \n                                                                                                                                                                                                                                                \n                                                                                                                                                                                                                                                \n                                                                                                                                                                                                                                                \n                                                                                                                                                                                                                                                \n                                                                                                                                                                                                                                                \n                                                                                                                                                                                                                                                \n                                                                                                                                                                                                                                                \n                                                                                                                                                                                                                                                \n                                                                                                                                                                                                                                                \n                                                                                                                                                                                                                                                \n                                                                                                                                                                                                                                                \n                                                                                                                                                                                                                                                \n                                                                                                                                                                                                                                                \n                                                                                                                                                                                                                                                \n                                                                                                                                                                                                                                                \n                                                                                                                                                                                                                                                \n                                                                                                                                                                                                                                                \n                                                                                                                                                                                                                                                \n                                                                                                                                                                                                                                                \n                                                                                                                                                                                                                                                \n                                                                                                                                                                                                                                                \n                                                                                                                                                                                                                                                \n                                                                                                                                                                                                                                                \n                                                                                                                                                                                                                                                \n                                                                                                                                                                                                                                                \n                                                                                                                                                                                                                                                \n                                                                                                                                                                                                                                                \n                                                                                                                                                                                                                                                \n                                                                                                                                                                                                                                                \n                                                                                                                                                                                                                                                \n                                                                                                                                                                                                                                                \n                                                                                                                                                                                                                                                \n                                                                                                                                                                                                                                                \n                                                                                                                                                                                                                                                \n                                                                                                                                                                                                                                                \n                                                                                                                                                                                                                                                \n                                                                                                                                                                                                                                                \n                                                                                                                                                                                                                                                \n                                                                                                                                                                                                                                                \n                                                                                                                                                                                                                                                \n                                                                                                                                                                                                                                                \n                                                                                                                                                                                                                                                \n                                                                                                                                                                                                                                                \n                                                                                                                                                                                                                                                \n                                                                                                                                                                                                                                                \n                                                                                                                                                                                                                                                \n                                                                                                                                                                                                                                                \n                                                                                                                                                                                                                                                \n                                                                                                                                                                                                                                                \n                                                                                                                                                                                                                                                \n                                                                                                                                                                                                                                                \n                                                                                                                                                                                                                                                \n                                                                                                                                                                                                                                                \n                                                                                                                                                                                                                                                \n                                                                                                                                                                                                                                                \n                                                                                                                                                                                                                                                \n                                                                                                                                                                                                                                                \n                                                                                                                                                                                                                                                \n                                                                                                                                                                                                                                                \n                                                                                                                                                                                                                                                \n                                                                                                                                                                                                                                                \n                                                                                                                                                                                                                                                \n                                                                                                                                                                                                                                                \n                                                                                                                                                                                                                                                \n                                                                                                                                                                                                                                                \n                                                                                                                                                                                                                                                \n                                                                                                                                                                                                                                                \n                                                                                                                                                                                                                                                \n                                                                                                                                                                                                                                                \n                                                                                                                                                                                                                                                \n                                                                                                                                                                                                                                                \n                                                                                                                                                                                                                                                \n                                                                                                                                                                                                                                                \n                                                                                                                                                                                                                                                \n                                                                                                                                                                                                                                                \n                                                                                                                                                                                                                                                \n                                                                                                                                                                                                                                                \n                                                                                                                                                                                                                                                \n                                                                                                                                                                                                                                                \n                                                                                                                                                                                                                                                \n                                                                                                                                                                                                                                                \n                                                                                                                                                                                                                                                \n",
  "plan_json": {
    "total_bytes_written": 0,
    "total_bytes_read": 0,
    "rows_returned": 0,
    "latency": 0.0,
    "result_set_size": 0,
    "query_name": "",
    "blocked_thread_time": 0.0,
    "system_peak_buffer_memory": 0,
    "system_peak_temp_dir_size": 0,
    "cpu_time": 0.0,
    "extra_info": {},
    "cumulative_cardinality": 0,
    "cumulative_rows_scanned": 0,
    "children": [
      {
        "total_bytes_written": 0,
        "total_bytes_read": 0,
        "result_set_size": 0,
        "operator_name": "EXPLAIN_ANALYZE",
        "cpu_time": 0.0,
        "extra_info": {},
        "cumulative_cardinality": 0,
        "operator_type": "EXPLAIN_ANALYZE",
        "operator_cardinality": 0,
        "cumulative_rows_scanned": 0,
        "operator_rows_scanned": 0,
        "operator_timing": 6.29e-07,
        "children": [
          {
            "total_bytes_written": 0,
            "total_bytes_read": 0,
            "result_set_size": 0,
            "operator_name": "CTE",
            "cpu_time": 0.0,
            "extra_info": {
              "CTE Name": "cross_items",
              "Table Index": "0",
              "Estimated Cardinality": "0"
            },
            "cumulative_cardinality": 0,
            "operator_type": "CTE",
            "operator_cardinality": 0,
            "cumulative_rows_scanned": 0,
            "operator_rows_scanned": 0,
            "operator_timing": 0.00018418200000000002,
            "children": [
              {
                "total_bytes_written": 0,
                "total_bytes_read": 0,
                "result_set_size": 406248,
                "operator_name": "PROJECTION",
                "cpu_time": 0.0,
                "extra_info": {
                  "Projections": "ss_item_sk",
                  "Estimated Cardinality": "726532"
                },
                "cumulative_cardinality": 0,
                "operator_type": "PROJECTION",
                "operator_cardinality": 101562,
                "cumulative_rows_scanned": 0,
                "operator_rows_scanned": 0,
                "operator_timing": 2.1401e-05,
                "children": [
                  {
                    "total_bytes_written": 0,
                    "total_bytes_read": 0,
                    "result_set_size": 1624992,
                    "operator_name": "HASH_JOIN",
                    "cpu_time": 0.0,
                    "extra_info": {
                      "Join Type": "INNER",
                      "Conditions": [
                        "brand_id = i_brand_id",
                        "class_id = i_class_id",
                        "category_id = i_category_id"
                      ],
                      "Estimated Cardinality": "726532"
                    },
                    "cumulative_cardinality": 0,
                    "operator_type": "HASH_JOIN",
                    "operator_cardinality": 101562,
                    "cumulative_rows_scanned": 0,
                    "operator_rows_scanned": 0,
                    "operator_timing": 0.015068327000000001,
                    "children": [
                      {
                        "total_bytes_written": 0,
                        "total_bytes_read": 0,
                        "result_set_size": 213588,
                        "operator_name": "HASH_GROUP_BY",
                        "cpu_time": 0.0,
                        "extra_info": {
                          "Groups": [
                            "#0",
                            "#1",
                            "#2"
                          ],
                          "Aggregates": "",
                          "Estimated Cardinality": "1521979"
                        },
                        "cumulative_cardinality": 0,
                        "operator_type": "HASH_GROUP_BY",
                        "operator_cardinality": 17799,
                        "cumulative_rows_scanned": 0,
                        "operator_rows_scanned": 0,
                        "operator_timing": 0.006833383999999999,
                        "children": [
                          {
                            "total_bytes_written": 0,
                            "total_bytes_read": 0,
                            "result_set_size": 213588,
                            "operator_name": "HASH_JOIN",
                            "cpu_time": 0.0,
                            "extra_info": {
                              "Join Type": "SEMI",
                              "Conditions": [
                                "#0 IS NOT DISTINCT FROM #0",
                                "#1 IS NOT DISTINCT FROM #1",
                                "#2 IS NOT DISTINCT FROM #2"
                              ],
                              "Estimated Cardinality": "1521979"
                            },
                            "cumulative_cardinality": 0,
                            "operator_type": "HASH_JOIN",
                            "operator_cardinality": 17799,
                            "cumulative_rows_scanned": 0,
                            "operator_rows_scanned": 0,
                            "operator_timing": 0.5860738160000003,
                            "children": [
                              {
                                "total_bytes_written": 0,
                                "total_bytes_read": 0,
                                "result_set_size": 213600,
                                "operator_name": "HASH_GROUP_BY",
                                "cpu_time": 0.0,
                                "extra_info": {
                                  "Groups": [
                                    "#0",
                                    "#1",
                                    "#2"
                                  ],
                                  "Aggregates": "",
                                  "Estimated Cardinality": "3055803"
                                },
                                "cumulative_cardinality": 0,
                                "operator_type": "HASH_GROUP_BY",
                                "operator_cardinality": 17800,
                                "cumulative_rows_scanned": 0,
                                "operator_rows_scanned": 0,
                                "operator_timing": 1.170393941,
                                "children": [
                                  {
                                    "total_bytes_written": 0,
                                    "total_bytes_read": 0,
                                    "result_set_size": 197936520,
                                    "operator_name": "HASH_JOIN",
                                    "cpu_time": 0.0,
                                    "extra_info": {
                                      "Join Type": "SEMI",
                                      "Conditions": [
                                        "#0 IS NOT DISTINCT FROM #0",
                                        "#1 IS NOT DISTINCT FROM #1",
                                        "#2 IS NOT DISTINCT FROM #2"
                                      ],
                                      "Estimated Cardinality": "3055803"
                                    },
                                    "cumulative_cardinality": 0,
                                    "operator_type": "HASH_JOIN",
                                    "operator_cardinality": 16494710,
                                    "cumulative_rows_scanned": 0,
                                    "operator_rows_scanned": 0,
                                    "operator_timing": 2.489625508,
                                    "children": [
                                      {
                                        "total_bytes_written": 0,
                                        "total_bytes_read": 0,
                                        "result_set_size": 197936628,
                                        "operator_name": "PROJECTION",
                                        "cpu_time": 0.0,
                                        "extra_info": {
                                          "Projections": [
                                            "brand_id",
                                            "class_id",
                                            "category_id"
                                          ],
                                          "Estimated Cardinality": "6116562"
                                        },
                                        "cumulative_cardinality": 0,
                                        "operator_type": "PROJECTION",
                                        "operator_cardinality": 16494719,
                                        "cumulative_rows_scanned": 0,
                                        "operator_rows_scanned": 0,
                                        "operator_timing": 0.007801868000000002,
                                        "children": [
                                          {
                                            "total_bytes_written": 0,
                                            "total_bytes_read": 0,
                                            "result_set_size": 329894380,
                                            "operator_name": "HASH_JOIN",
                                            "cpu_time": 0.0,
                                            "extra_info": {
                                              "Join Type": "INNER",
                                              "Conditions": "ss_item_sk = i_item_sk",
                                              "Estimated Cardinality": "6116562"
                                            },
                                            "cumulative_cardinality": 0,
                                            "operator_type": "HASH_JOIN",
                                            "operator_cardinality": 16494719,
                                            "cumulative_rows_scanned": 0,
                                            "operator_rows_scanned": 0,
                                            "operator_timing": 0.075880903,
                                            "children": [
                                              {
                                                "total_bytes_written": 0,
                                                "total_bytes_read": 0,
                                                "result_set_size": 131957752,
                                                "operator_name": "HASH_JOIN",
                                                "cpu_time": 0.0,
                                                "extra_info": {
                                                  "Join Type": "INNER",
                                                  "Conditions": "ss_sold_date_sk = d_date_sk",
                                                  "Estimated Cardinality": "5759882"
                                                },
                                                "cumulative_cardinality": 0,
                                                "operator_type": "HASH_JOIN",
                                                "operator_cardinality": 16494719,
                                                "cumulative_rows_scanned": 0,
                                                "operator_rows_scanned": 0,
                                                "operator_timing": 0.088912528,
                                                "children": [
                                                  {
                                                    "total_bytes_written": 0,
                                                    "total_bytes_read": 0,
                                                    "result_set_size": 131957752,
                                                    "operator_name": "SEQ_SCAN ",
                                                    "cpu_time": 0.0,
                                                    "extra_info": {
                                                      "Table": "store_sales",
                                                      "Type": "Sequential Scan",
                                                      "Projections": [
                                                        "ss_item_sk",
                                                        "ss_sold_date_sk"
                                                      ],
                                                      "Estimated Cardinality": "28800991"
                                                    },
                                                    "cumulative_cardinality": 0,
                                                    "operator_type": "TABLE_SCAN",
                                                    "operator_cardinality": 16494719,
                                                    "cumulative_rows_scanned": 0,
                                                    "operator_rows_scanned": 806427748,
                                                    "operator_timing": 0.25518103400000003,
                                                    "children": []
                                                  },
                                                  {
                                                    "total_bytes_written": 0,
                                                    "total_bytes_read": 0,
                                                    "result_set_size": 4384,
                                                    "operator_name": "FILTER",
                                                    "cpu_time": 0.0,
                                                    "extra_info": {
                                                      "Expression": "(d_date_sk BETWEEN 2450816 AND 2452642)",
                                                      "Estimated Cardinality": "14609"
                                                    },
                                                    "cumulative_cardinality": 0,
                                                    "operator_type": "FILTER",
                                                    "operator_cardinality": 1096,
                                                    "cumulative_rows_scanned": 0,
                                                    "operator_rows_scanned": 0,
                                                    "operator_timing": 1.0816000000000001e-05,
                                                    "children": [
                                                      {
                                                        "total_bytes_written": 0,
                                                        "total_bytes_read": 0,
                                                        "result_set_size": 4384,
                                                        "operator_name": "SEQ_SCAN ",
                                                        "cpu_time": 0.0,
                                                        "extra_info": {
                                                          "Table": "date_dim",
                                                          "Type": "Sequential Scan",
                                                          "Projections": "d_date_sk",
                                                          "Filters": "d_year>=2000 AND d_year<=2002",
                                                          "Estimated Cardinality": "14609"
                                                        },
                                                        "cumulative_cardinality": 0,
                                                        "operator_type": "TABLE_SCAN",
                                                        "operator_cardinality": 1096,
                                                        "cumulative_rows_scanned": 0,
                                                        "operator_rows_scanned": 73049,
                                                        "operator_timing": 4.3698999999999996e-05,
                                                        "children": []
                                                      }
                                                    ]
                                                  }
                                                ]
                                              },
                                              {
                                                "total_bytes_written": 0,
                                                "total_bytes_read": 0,
                                                "result_set_size": 1632000,
                                                "operator_name": "SEQ_SCAN ",
                                                "cpu_time": 0.0,
                                                "extra_info": {
                                                  "Table": "item",
                                                  "Type": "Sequential Scan",
                                                  "Projections": [
                                                    "i_item_sk",
                                                    "i_brand_id",
                                                    "i_class_id",
                                                    "i_category_id"
                                                  ],
                                                  "Estimated Cardinality": "102000"
                                                },
                                                "cumulative_cardinality": 0,
                                                "operator_type": "TABLE_SCAN",
                                                "operator_cardinality": 102000,
                                                "cumulative_rows_scanned": 0,
                                                "operator_rows_scanned": 102000,
                                                "operator_timing": 0.00024452400000000003,
                                                "children": []
                                              }
                                            ]
                                          }
                                        ]
                                      },
                                      {
                                        "total_bytes_written": 0,
                                        "total_bytes_read": 0,
                                        "result_set_size": 102832860,
                                        "operator_name": "PROJECTION",
                                        "cpu_time": 0.0,
                                        "extra_info": {
                                          "Projections": [
                                            "i_brand_id",
                                            "i_class_id",
                                            "i_category_id"
                                          ],
                                          "Estimated Cardinality": "3055803"
                                        },
                                        "cumulative_cardinality": 0,
                                        "operator_type": "PROJECTION",
                                        "operator_cardinality": 8569405,
                                        "cumulative_rows_scanned": 0,
                                        "operator_rows_scanned": 0,
                                        "operator_timing": 0.0018170249999999999,
                                        "children": [
                                          {
                                            "total_bytes_written": 0,
                                            "total_bytes_read": 0,
                                            "result_set_size": 171388100,
                                            "operator_name": "HASH_JOIN",
                                            "cpu_time": 0.0,
                                            "extra_info": {
                                              "Join Type": "INNER",
                                              "Conditions": "cs_item_sk = i_item_sk",
                                              "Estimated Cardinality": "3055803"
                                            },
                                            "cumulative_cardinality": 0,
                                            "operator_type": "HASH_JOIN",
                                            "operator_cardinality": 8569405,
                                            "cumulative_rows_scanned": 0,
                                            "operator_rows_scanned": 0,
                                            "operator_timing": 0.03138535699999999,
                                            "children": [
                                              {
                                                "total_bytes_written": 0,
                                                "total_bytes_read": 0,
                                                "result_set_size": 68555240,
                                                "operator_name": "HASH_JOIN",
                                                "cpu_time": 0.0,
                                                "extra_info": {
                                                  "Join Type": "INNER",
                                                  "Conditions": "cs_sold_date_sk = d_date_sk",
                                                  "Estimated Cardinality": "2880094"
                                                },
                                                "cumulative_cardinality": 0,
                                                "operator_type": "HASH_JOIN",
                                                "operator_cardinality": 8569405,
                                                "cumulative_rows_scanned": 0,
                                                "operator_rows_scanned": 0,
                                                "operator_timing": 0.04122180099999999,
                                                "children": [
                                                  {
                                                    "total_bytes_written": 0,
                                                    "total_bytes_read": 0,
                                                    "result_set_size": 68555240,
                                                    "operator_name": "SEQ_SCAN ",
                                                    "cpu_time": 0.0,
                                                    "extra_info": {
                                                      "Table": "catalog_sales",
                                                      "Type": "Sequential Scan",
                                                      "Projections": [
                                                        "cs_item_sk",
                                                        "cs_sold_date_sk"
                                                      ],
                                                      "Estimated Cardinality": "14401261"
                                                    },
                                                    "cumulative_cardinality": 0,
                                                    "operator_type": "TABLE_SCAN",
                                                    "operator_cardinality": 8569405,
                                                    "cumulative_rows_scanned": 0,
                                                    "operator_rows_scanned": 403235308,
                                                    "operator_timing": 0.07204345999999999,
                                                    "children": []
                                                  },
                                                  {
                                                    "total_bytes_written": 0,
                                                    "total_bytes_read": 0,
                                                    "result_set_size": 4384,
                                                    "operator_name": "FILTER",
                                                    "cpu_time": 0.0,
                                                    "extra_info": {
                                                      "Expression": "(d_date_sk BETWEEN 2450815 AND 2452653)",
                                                      "Estimated Cardinality": "14609"
                                                    },
                                                    "cumulative_cardinality": 0,
                                                    "operator_type": "FILTER",
                                                    "operator_cardinality": 1096,
                                                    "cumulative_rows_scanned": 0,
                                                    "operator_rows_scanned": 0,
                                                    "operator_timing": 3.0291e-05,
                                                    "children": [
                                                      {
                                                        "total_bytes_written": 0,
                                                        "total_bytes_read": 0,
                                                        "result_set_size": 4384,
                                                        "operator_name": "SEQ_SCAN ",
                                                        "cpu_time": 0.0,
                                                        "extra_info": {
                                                          "Table": "date_dim",
                                                          "Type": "Sequential Scan",
                                                          "Projections": "d_date_sk",
                                                          "Filters": "d_year>=2000 AND d_year<=2002",
                                                          "Estimated Cardinality": "14609"
                                                        },
                                                        "cumulative_cardinality": 0,
                                                        "operator_type": "TABLE_SCAN",
                                                        "operator_cardinality": 1096,
                                                        "cumulative_rows_scanned": 0,
                                                        "operator_rows_scanned": 73049,
                                                        "operator_timing": 0.00012100699999999999,
                                                        "children": []
                                                      }
                                                    ]
                                                  }
                                                ]
                                              },
                                              {
                                                "total_bytes_written": 0,
                                                "total_bytes_read": 0,
                                                "result_set_size": 1632000,
                                                "operator_name": "SEQ_SCAN ",
                                                "cpu_time": 0.0,
                                                "extra_info": {
                                                  "Table": "item",
                                                  "Type": "Sequential Scan",
                                                  "Projections": [
                                                    "i_item_sk",
                                                    "i_brand_id",
                                                    "i_class_id",
                                                    "i_category_id"
                                                  ],
                                                  "Estimated Cardinality": "102000"
                                                },
                                                "cumulative_cardinality": 0,
                                                "operator_type": "TABLE_SCAN",
                                                "operator_cardinality": 102000,
                                                "cumulative_rows_scanned": 0,
                                                "operator_rows_scanned": 102000,
                                                "operator_timing": 0.0008263929999999998,
                                                "children": []
                                              }
                                            ]
                                          }
                                        ]
                                      }
                                    ]
                                  }
                                ]
                              },
                              {
                                "total_bytes_written": 0,
                                "total_bytes_read": 0,
                                "result_set_size": 51819108,
                                "operator_name": "PROJECTION",
                                "cpu_time": 0.0,
                                "extra_info": {
                                  "Projections": [
                                    "i_brand_id",
                                    "i_class_id",
                                    "i_category_id"
                                  ],
                                  "Estimated Cardinality": "1521979"
                                },
                                "cumulative_cardinality": 0,
                                "operator_type": "PROJECTION",
                                "operator_cardinality": 4318259,
                                "cumulative_rows_scanned": 0,
                                "operator_rows_scanned": 0,
                                "operator_timing": 0.0014437050000000002,
                                "children": [
                                  {
                                    "total_bytes_written": 0,
                                    "total_bytes_read": 0,
                                    "result_set_size": 86365180,
                                    "operator_name": "HASH_JOIN",
                                    "cpu_time": 0.0,
                                    "extra_info": {
                                      "Join Type": "INNER",
                                      "Conditions": "ws_item_sk = i_item_sk",
                                      "Estimated Cardinality": "1521979"
                                    },
                                    "cumulative_cardinality": 0,
                                    "operator_type": "HASH_JOIN",
                                    "operator_cardinality": 4318259,
                                    "cumulative_rows_scanned": 0,
                                    "operator_rows_scanned": 0,
                                    "operator_timing": 0.020111253,
                                    "children": [
                                      {
                                        "total_bytes_written": 0,
                                        "total_bytes_read": 0,
                                        "result_set_size": 34546072,
                                        "operator_name": "HASH_JOIN",
                                        "cpu_time": 0.0,
                                        "extra_info": {
                                          "Join Type": "INNER",
                                          "Conditions": "ws_sold_date_sk = d_date_sk",
                                          "Estimated Cardinality": "1439434"
                                        },
                                        "cumulative_cardinality": 0,
                                        "operator_type": "HASH_JOIN",
                                        "operator_cardinality": 4318259,
                                        "cumulative_rows_scanned": 0,
                                        "operator_rows_scanned": 0,
                                        "operator_timing": 0.021044785999999992,
                                        "children": [
                                          {
                                            "total_bytes_written": 0,
                                            "total_bytes_read": 0,
                                            "result_set_size": 34546072,
                                            "operator_name": "SEQ_SCAN ",
                                            "cpu_time": 0.0,
                                            "extra_info": {
                                              "Table": "web_sales",
                                              "Type": "Sequential Scan",
                                              "Projections": [
                                                "ws_item_sk",
                                                "ws_sold_date_sk"
                                              ],
                                              "Estimated Cardinality": "7197566"
                                            },
                                            "cumulative_cardinality": 0,
                                            "operator_type": "TABLE_SCAN",
                                            "operator_cardinality": 4318259,
                                            "cumulative_rows_scanned": 0,
                                            "operator_rows_scanned": 201531848,
                                            "operator_timing": 0.05219497,
                                            "children": []
                                          },
                                          {
                                            "total_bytes_written": 0,
                                            "total_bytes_read": 0,
                                            "result_set_size": 4384,
                                            "operator_name": "FILTER",
                                            "cpu_time": 0.0,
                                            "extra_info": {
                                              "Expression": "(d_date_sk BETWEEN 2450816 AND 2452642)",
                                              "Estimated Cardinality": "14609"
                                            },
                                            "cumulative_cardinality": 0,
                                            "operator_type": "FILTER",
                                            "operator_cardinality": 1096,
                                            "cumulative_rows_scanned": 0,
                                            "operator_rows_scanned": 0,
                                            "operator_timing": 8.421000000000001e-06,
                                            "children": [
                                              {
                                                "total_bytes_written": 0,
                                                "total_bytes_read": 0,
                                                "result_set_size": 4384,
                                                "operator_name": "SEQ_SCAN ",
                                                "cpu_time": 0.0,
                                                "extra_info": {
                                                  "Table": "date_dim",
                                                  "Type": "Sequential Scan",
                                                  "Projections": "d_date_sk",
                                                  "Filters": "d_year>=2000 AND d_year<=2002",
                                                  "Estimated Cardinality": "14609"
                                                },
                                                "cumulative_cardinality": 0,
                                                "operator_type": "TABLE_SCAN",
                                                "operator_cardinality": 1096,
                                                "cumulative_rows_scanned": 0,
                                                "operator_rows_scanned": 73049,
                                                "operator_timing": 3.0086e-05,
                                                "children": []
                                              }
                                            ]
                                          }
                                        ]
                                      },
                                      {
                                        "total_bytes_written": 0,
                                        "total_bytes_read": 0,
                                        "result_set_size": 1632000,
                                        "operator_name": "SEQ_SCAN ",
                                        "cpu_time": 0.0,
                                        "extra_info": {
                                          "Table": "item",
                                          "Type": "Sequential Scan",
                                          "Projections": [
                                            "i_item_sk",
                                            "i_brand_id",
                                            "i_class_id",
                                            "i_category_id"
                                          ],
                                          "Estimated Cardinality": "102000"
                                        },
                                        "cumulative_cardinality": 0,
                                        "operator_type": "TABLE_SCAN",
                                        "operator_cardinality": 102000,
                                        "cumulative_rows_scanned": 0,
                                        "operator_rows_scanned": 102000,
                                        "operator_timing": 0.00026184600000000004,
                                        "children": []
                                      }
                                    ]
                                  }
                                ]
                              }
                            ]
                          }
                        ]
                      },
                      {
                        "total_bytes_written": 0,
                        "total_bytes_read": 0,
                        "result_set_size": 1632000,
                        "operator_name": "SEQ_SCAN ",
                        "cpu_time": 0.0,
                        "extra_info": {
                          "Table": "item",
                          "Type": "Sequential Scan",
                          "Projections": [
                            "i_brand_id",
                            "i_class_id",
                            "i_category_id",
                            "i_item_sk"
                          ],
                          "Estimated Cardinality": "102000"
                        },
                        "cumulative_cardinality": 0,
                        "operator_type": "TABLE_SCAN",
                        "operator_cardinality": 102000,
                        "cumulative_rows_scanned": 0,
                        "operator_rows_scanned": 102000,
                        "operator_timing": 0.00025661099999999996,
                        "children": []
                      }
                    ]
                  }
                ]
              },
              {
                "total_bytes_written": 0,
                "total_bytes_read": 0,
                "result_set_size": 0,
                "operator_name": "CTE",
                "cpu_time": 0.0,
                "extra_info": {
                  "CTE Name": "avg_sales",
                  "Table Index": "37",
                  "Estimated Cardinality": "0"
                },
                "cumulative_cardinality": 0,
                "operator_type": "CTE",
                "operator_cardinality": 0,
                "cumulative_rows_scanned": 0,
                "operator_rows_scanned": 0,
                "operator_timing": 6.637e-06,
                "children": [
                  {
                    "total_bytes_written": 0,
                    "total_bytes_read": 0,
                    "result_set_size": 8,
                    "operator_name": "UNGROUPED_AGGREGATE",
                    "cpu_time": 0.0,
                    "extra_info": {
                      "Aggregates": "avg(#0)"
                    },
                    "cumulative_cardinality": 0,
                    "operator_type": "UNGROUPED_AGGREGATE",
                    "operator_cardinality": 1,
                    "cumulative_rows_scanned": 0,
                    "operator_rows_scanned": 0,
                    "operator_timing": 0.05685382599999998,
                    "children": [
                      {
                        "total_bytes_written": 0,
                        "total_bytes_read": 0,
                        "result_set_size": 235059064,
                        "operator_name": "PROJECTION",
                        "cpu_time": 0.0,
                        "extra_info": {
                          "Projections": "(CAST(quantity AS DECIMAL(17,0)) * CAST(list_price AS DECIMAL(17,2)))",
                          "Estimated Cardinality": "10079410"
                        },
                        "cumulative_cardinality": 0,
                        "operator_type": "PROJECTION",
                        "operator_cardinality": 29382383,
                        "cumulative_rows_scanned": 0,
                        "operator_rows_scanned": 0,
                        "operator_timing": 0.282668788,
                        "children": [
                          {
                            "total_bytes_written": 0,
                            "total_bytes_read": 0,
                            "result_set_size": 0,
                            "operator_name": "UNION",
                            "cpu_time": 0.0,
                            "extra_info": {},
                            "cumulative_cardinality": 0,
                            "operator_type": "UNION",
                            "operator_cardinality": 0,
                            "cumulative_rows_scanned": 0,
                            "operator_rows_scanned": 0,
                            "operator_timing": 0.0,
                            "children": [
                              {
                                "total_bytes_written": 0,
                                "total_bytes_read": 0,
                                "result_set_size": 0,
                                "operator_name": "UNION",
                                "cpu_time": 0.0,
                                "extra_info": {},
                                "cumulative_cardinality": 0,
                                "operator_type": "UNION",
                                "operator_cardinality": 0,
                                "cumulative_rows_scanned": 0,
                                "operator_rows_scanned": 0,
                                "operator_timing": 0.0,
                                "children": [
                                  {
                                    "total_bytes_written": 0,
                                    "total_bytes_read": 0,
                                    "result_set_size": 131957752,
                                    "operator_name": "PROJECTION",
                                    "cpu_time": 0.0,
                                    "extra_info": {
                                      "Projections": [
                                        "quantity",
                                        "list_price"
                                      ],
                                      "Estimated Cardinality": "5759882"
                                    },
                                    "cumulative_cardinality": 0,
                                    "operator_type": "PROJECTION",
                                    "operator_cardinality": 16494719,
                                    "cumulative_rows_scanned": 0,
                                    "operator_rows_scanned": 0,
                                    "operator_timing": 0.0034023299999999994,
                                    "children": [
                                      {
                                        "total_bytes_written": 0,
                                        "total_bytes_read": 0,
                                        "result_set_size": 197936628,
                                        "operator_name": "HASH_JOIN",
                                        "cpu_time": 0.0,
                                        "extra_info": {
                                          "Join Type": "INNER",
                                          "Conditions": "ss_sold_date_sk = d_date_sk",
                                          "Estimated Cardinality": "5759882"
                                        },
                                        "cumulative_cardinality": 0,
                                        "operator_type": "HASH_JOIN",
                                        "operator_cardinality": 16494719,
                                        "cumulative_rows_scanned": 0,
                                        "operator_rows_scanned": 0,
                                        "operator_timing": 0.060163402,
                                        "children": [
                                          {
                                            "total_bytes_written": 0,
                                            "total_bytes_read": 0,
                                            "result_set_size": 197936628,
                                            "operator_name": "SEQ_SCAN ",
                                            "cpu_time": 0.0,
                                            "extra_info": {
                                              "Table": "store_sales",
                                              "Type": "Sequential Scan",
                                              "Projections": [
                                                "ss_sold_date_sk",
                                                "ss_quantity",
                                                "ss_list_price"
                                              ],
                                              "Estimated Cardinality": "28800991"
                                            },
                                            "cumulative_cardinality": 0,
                                            "operator_type": "TABLE_SCAN",
                                            "operator_cardinality": 16494719,
                                            "cumulative_rows_scanned": 0,
                                            "operator_rows_scanned": 806427748,
                                            "operator_timing": 0.170859512,
                                            "children": []
                                          },
                                          {
                                            "total_bytes_written": 0,
                                            "total_bytes_read": 0,
                                            "result_set_size": 4384,
                                            "operator_name": "FILTER",
                                            "cpu_time": 0.0,
                                            "extra_info": {
                                              "Expression": "(d_date_sk BETWEEN 2450816 AND 2452642)",
                                              "Estimated Cardinality": "14609"
                                            },
                                            "cumulative_cardinality": 0,
                                            "operator_type": "FILTER",
                                            "operator_cardinality": 1096,
                                            "cumulative_rows_scanned": 0,
                                            "operator_rows_scanned": 0,
                                            "operator_timing": 9.105e-06,
                                            "children": [
                                              {
                                                "total_bytes_written": 0,
                                                "total_bytes_read": 0,
                                                "result_set_size": 4384,
                                                "operator_name": "SEQ_SCAN ",
                                                "cpu_time": 0.0,
                                                "extra_info": {
                                                  "Table": "date_dim",
                                                  "Type": "Sequential Scan",
                                                  "Projections": "d_date_sk",
                                                  "Filters": "d_year>=2000 AND d_year<=2002",
                                                  "Estimated Cardinality": "14609"
                                                },
                                                "cumulative_cardinality": 0,
                                                "operator_type": "TABLE_SCAN",
                                                "operator_cardinality": 1096,
                                                "cumulative_rows_scanned": 0,
                                                "operator_rows_scanned": 73049,
                                                "operator_timing": 3.5751e-05,
                                                "children": []
                                              }
                                            ]
                                          }
                                        ]
                                      }
                                    ]
                                  },
                                  {
                                    "total_bytes_written": 0,
                                    "total_bytes_read": 0,
                                    "result_set_size": 68555240,
                                    "operator_name": "PROJECTION",
                                    "cpu_time": 0.0,
                                    "extra_info": {
                                      "Projections": [
                                        "quantity",
                                        "list_price"
                                      ],
                                      "Estimated Cardinality": "2880094"
                                    },
                                    "cumulative_cardinality": 0,
                                    "operator_type": "PROJECTION",
                                    "operator_cardinality": 8569405,
                                    "cumulative_rows_scanned": 0,
                                    "operator_rows_scanned": 0,
                                    "operator_timing": 0.0013380930000000003,
                                    "children": [
                                      {
                                        "total_bytes_written": 0,
                                        "total_bytes_read": 0,
                                        "result_set_size": 102832860,
                                        "operator_name": "HASH_JOIN",
                                        "cpu_time": 0.0,
                                        "extra_info": {
                                          "Join Type": "INNER",
                                          "Conditions": "cs_sold_date_sk = d_date_sk",
                                          "Estimated Cardinality": "2880094"
                                        },
                                        "cumulative_cardinality": 0,
                                        "operator_type": "HASH_JOIN",
                                        "operator_cardinality": 8569405,
                                        "cumulative_rows_scanned": 0,
                                        "operator_rows_scanned": 0,
                                        "operator_timing": 0.03349308399999999,
                                        "children": [
                                          {
                                            "total_bytes_written": 0,
                                            "total_bytes_read": 0,
                                            "result_set_size": 102832860,
                                            "operator_name": "SEQ_SCAN ",
                                            "cpu_time": 0.0,
                                            "extra_info": {
                                              "Table": "catalog_sales",
                                              "Type": "Sequential Scan",
                                              "Projections": [
                                                "cs_sold_date_sk",
                                                "cs_quantity",
                                                "cs_list_price"
                                              ],
                                              "Estimated Cardinality": "14401261"
                                            },
                                            "cumulative_cardinality": 0,
                                            "operator_type": "TABLE_SCAN",
                                            "operator_cardinality": 8569405,
                                            "cumulative_rows_scanned": 0,
                                            "operator_rows_scanned": 403235308,
                                            "operator_timing": 0.05615902700000001,
                                            "children": []
                                          },
                                          {
                                            "total_bytes_written": 0,
                                            "total_bytes_read": 0,
                                            "result_set_size": 4384,
                                            "operator_name": "FILTER",
                                            "cpu_time": 0.0,
                                            "extra_info": {
                                              "Expression": "(d_date_sk BETWEEN 2450815 AND 2452653)",
                                              "Estimated Cardinality": "14609"
                                            },
                                            "cumulative_cardinality": 0,
                                            "operator_type": "FILTER",
                                            "operator_cardinality": 1096,
                                            "cumulative_rows_scanned": 0,
                                            "operator_rows_scanned": 0,
                                            "operator_timing": 8.161e-06,
                                            "children": [
                                              {
                                                "total_bytes_written": 0,
                                                "total_bytes_read": 0,
                                                "result_set_size": 4384,
                                                "operator_name": "SEQ_SCAN ",
                                                "cpu_time": 0.0,
                                                "extra_info": {
                                                  "Table": "date_dim",
                                                  "Type": "Sequential Scan",
                                                  "Projections": "d_date_sk",
                                                  "Filters": "d_year>=2000 AND d_year<=2002",
                                                  "Estimated Cardinality": "14609"
                                                },
                                                "cumulative_cardinality": 0,
                                                "operator_type": "TABLE_SCAN",
                                                "operator_cardinality": 1096,
                                                "cumulative_rows_scanned": 0,
                                                "operator_rows_scanned": 73049,
                                                "operator_timing": 3.4498e-05,
                                                "children": []
                                              }
                                            ]
                                          }
                                        ]
                                      }
                                    ]
                                  }
                                ]
                              },
                              {
                                "total_bytes_written": 0,
                                "total_bytes_read": 0,
                                "result_set_size": 34546072,
                                "operator_name": "PROJECTION",
                                "cpu_time": 0.0,
                                "extra_info": {
                                  "Projections": [
                                    "quantity",
                                    "list_price"
                                  ],
                                  "Estimated Cardinality": "1439434"
                                },
                                "cumulative_cardinality": 0,
                                "operator_type": "PROJECTION",
                                "operator_cardinality": 4318259,
                                "cumulative_rows_scanned": 0,
                                "operator_rows_scanned": 0,
                                "operator_timing": 0.0011890979999999995,
                                "children": [
                                  {
                                    "total_bytes_written": 0,
                                    "total_bytes_read": 0,
                                    "result_set_size": 51819108,
                                    "operator_name": "HASH_JOIN",
                                    "cpu_time": 0.0,
                                    "extra_info": {
                                      "Join Type": "INNER",
                                      "Conditions": "ws_sold_date_sk = d_date_sk",
                                      "Estimated Cardinality": "1439434"
                                    },
                                    "cumulative_cardinality": 0,
                                    "operator_type": "HASH_JOIN",
                                    "operator_cardinality": 4318259,
                                    "cumulative_rows_scanned": 0,
                                    "operator_rows_scanned": 0,
                                    "operator_timing": 0.020571876000000006,
                                    "children": [
                                      {
                                        "total_bytes_written": 0,
                                        "total_bytes_read": 0,
                                        "result_set_size": 51819108,
                                        "operator_name": "SEQ_SCAN ",
                                        "cpu_time": 0.0,
                                        "extra_info": {
                                          "Table": "web_sales",
                                          "Type": "Sequential Scan",
                                          "Projections": [
                                            "ws_sold_date_sk",
                                            "ws_quantity",
                                            "ws_list_price"
                                          ],
                                          "Estimated Cardinality": "7197566"
                                        },
                                        "cumulative_cardinality": 0,
                                        "operator_type": "TABLE_SCAN",
                                        "operator_cardinality": 4318259,
                                        "cumulative_rows_scanned": 0,
                                        "operator_rows_scanned": 201531848,
                                        "operator_timing": 0.044333511000000006,
                                        "children": []
                                      },
                                      {
                                        "total_bytes_written": 0,
                                        "total_bytes_read": 0,
                                        "result_set_size": 4384,
                                        "operator_name": "FILTER",
                                        "cpu_time": 0.0,
                                        "extra_info": {
                                          "Expression": "(d_date_sk BETWEEN 2450816 AND 2452642)",
                                          "Estimated Cardinality": "14609"
                                        },
                                        "cumulative_cardinality": 0,
                                        "operator_type": "FILTER",
                                        "operator_cardinality": 1096,
                                        "cumulative_rows_scanned": 0,
                                        "operator_rows_scanned": 0,
                                        "operator_timing": 3.2476e-05,
                                        "children": [
                                          {
                                            "total_bytes_written": 0,
                                            "total_bytes_read": 0,
                                            "result_set_size": 4384,
                                            "operator_name": "SEQ_SCAN ",
                                            "cpu_time": 0.0,
                                            "extra_info": {
                                              "Table": "date_dim",
                                              "Type": "Sequential Scan",
                                              "Projections": "d_date_sk",
                                              "Filters": "d_year>=2000 AND d_year<=2002",
                                              "Estimated Cardinality": "14609"
                                            },
                                            "cumulative_cardinality": 0,
                                            "operator_type": "TABLE_SCAN",
                                            "operator_cardinality": 1096,
                                            "cumulative_rows_scanned": 0,
                                            "operator_rows_scanned": 73049,
                                            "operator_timing": 0.00010507999999999999,
                                            "children": []
                                          }
                                        ]
                                      }
                                    ]
                                  }
                                ]
                              }
                            ]
                          }
                        ]
                      }
                    ]
                  },
                  {
                    "total_bytes_written": 0,
                    "total_bytes_read": 0,
                    "result_set_size": 10400,
                    "operator_name": "TOP_N",
                    "cpu_time": 0.0,
                    "extra_info": {
                      "Top": "100",
                      "Order By": [
                        "this_year.channel ASC",
                        "this_year.i_brand_id ASC",
                        "this_year.i_class_id ASC",
                        "this_year.i_category_id ASC"
                      ]
                    },
                    "cumulative_cardinality": 0,
                    "operator_type": "TOP_N",
                    "operator_cardinality": 100,
                    "cumulative_rows_scanned": 0,
                    "operator_rows_scanned": 0,
                    "operator_timing": 0.0008117630000000001,
                    "children": [
                      {
                        "total_bytes_written": 0,
                        "total_bytes_read": 0,
                        "result_set_size": 631904,
                        "operator_name": "PROJECTION",
                        "cpu_time": 0.0,
                        "extra_info": {
                          "Projections": [
                            "ty_channel",
                            "ty_brand",
                            "ty_class",
                            "ty_category",
                            "ty_sales",
                            "ty_number_sales",
                            "ly_channel",
                            "ly_brand",
                            "ly_class",
                            "ly_category",
                            "ly_sales",
                            "ly_number_sales"
                          ],
                          "Estimated Cardinality": "0"
                        },
                        "cumulative_cardinality": 0,
                        "operator_type": "PROJECTION",
                        "operator_cardinality": 6076,
                        "cumulative_rows_scanned": 0,
                        "operator_rows_scanned": 0,
                        "operator_timing": 2.4235e-05,
                        "children": [
                          {
                            "total_bytes_written": 0,
                            "total_bytes_read": 0,
                            "result_set_size": 558992,
                            "operator_name": "HASH_JOIN",
                            "cpu_time": 0.0,
                            "extra_info": {
                              "Join Type": "INNER",
                              "Conditions": [
                                "i_brand_id = i_brand_id",
                                "i_class_id = i_class_id",
                                "i_category_id = i_category_id"
                              ],
                              "Estimated Cardinality": "0"
                            },
                            "cumulative_cardinality": 0,
                            "operator_type": "HASH_JOIN",
                            "operator_cardinality": 6076,
                            "cumulative_rows_scanned": 0,
                            "operator_rows_scanned": 0,
                            "operator_timing": 0.002876281,
                            "children": [
                              {
                                "total_bytes_written": 0,
                                "total_bytes_read": 0,
                                "result_set_size": 538512,
                                "operator_name": "PROJECTION",
                                "cpu_time": 0.0,
                                "extra_info": {
                                  "Projections": [
                                    "channel",
                                    "i_brand_id",
                                    "i_class_id",
                                    "i_category_id",
                                    "sales",
                                    "number_sales"
                                  ],
                                  "Estimated Cardinality": "0"
                                },
                                "cumulative_cardinality": 0,
                                "operator_type": "PROJECTION",
                                "operator_cardinality": 10356,
                                "cumulative_rows_scanned": 0,
                                "operator_rows_scanned": 0,
                                "operator_timing": 5.3244999999999996e-05,
                                "children": [
                                  {
                                    "total_bytes_written": 0,
                                    "total_bytes_read": 0,
                                    "result_set_size": 455664,
                                    "operator_name": "NESTED_LOOP_JOIN",
                                    "cpu_time": 0.0,
                                    "extra_info": {
                                      "Join Type": "INNER",
                                      "Conditions": "CAST(sum((CAST(ss_quantity AS DECIMAL(17,0)) * CAST(ss_list_price AS DECIMAL(17,2)))) AS DOUBLE) > SUBQUERY",
                                      "Estimated Cardinality": "0"
                                    },
                                    "cumulative_cardinality": 0,
                                    "operator_type": "NESTED_LOOP_JOIN",
                                    "operator_cardinality": 10356,
                                    "cumulative_rows_scanned": 0,
                                    "operator_rows_scanned": 0,
                                    "operator_timing": 0.0005142609999999999,
                                    "children": [
                                      {
                                        "total_bytes_written": 0,
                                        "total_bytes_read": 0,
                                        "result_set_size": 406080,
                                        "operator_name": "PROJECTION",
                                        "cpu_time": 0.0,
                                        "extra_info": {
                                          "Projections": [
                                            "#0",
                                            "__internal_decompress_integral_integer(#1, 1)",
                                            "__internal_decompress_integral_integer(#2, 1)",
                                            "#3",
                                            "#4"
                                          ],
                                          "Estimated Cardinality": "1761"
                                        },
                                        "cumulative_cardinality": 0,
                                        "operator_type": "PROJECTION",
                                        "operator_cardinality": 11280,
                                        "cumulative_rows_scanned": 0,
                                        "operator_rows_scanned": 0,
                                        "operator_timing": 8.279199999999999e-05,
                                        "children": [
                                          {
                                            "total_bytes_written": 0,
                                            "total_bytes_read": 0,
                                            "result_set_size": 338400,
                                            "operator_name": "HASH_GROUP_BY",
                                            "cpu_time": 0.0,
                                            "extra_info": {
                                              "Groups": [
                                                "#0",
                                                "#1",
                                                "#2"
                                              ],
                                              "Aggregates": [
                                                "sum(#3)",
                                                "count_star()"
                                              ],
                                              "Estimated Cardinality": "1761"
                                            },
                                            "cumulative_cardinality": 0,
                                            "operator_type": "HASH_GROUP_BY",
                                            "operator_cardinality": 11280,
                                            "cumulative_rows_scanned": 0,
                                            "operator_rows_scanned": 0,
                                            "operator_timing": 0.007100967,
                                            "children": [
                                              {
                                                "total_bytes_written": 0,
                                                "total_bytes_read": 0,
                                                "result_set_size": 2903194,
                                                "operator_name": "PROJECTION",
                                                "cpu_time": 0.0,
                                                "extra_info": {
                                                  "Projections": [
                                                    "i_brand_id",
                                                    "i_class_id",
                                                    "i_category_id",
                                                    "(CAST(ss_quantity AS DECIMAL(17,0)) * CAST(ss_list_price AS DECIMAL(17,2)))"
                                                  ],
                                                  "Estimated Cardinality": "1762"
                                                },
                                                "cumulative_cardinality": 0,
                                                "operator_type": "PROJECTION",
                                                "operator_cardinality": 207371,
                                                "cumulative_rows_scanned": 0,
                                                "operator_rows_scanned": 0,
                                                "operator_timing": 0.0008819439999999995,
                                                "children": [
                                                  {
                                                    "total_bytes_written": 0,
                                                    "total_bytes_read": 0,
                                                    "result_set_size": 6635872,
                                                    "operator_name": "PROJECTION",
                                                    "cpu_time": 0.0,
                                                    "extra_info": {
                                                      "Projections": [
                                                        "#0",
                                                        "#1",
                                                        "__internal_compress_integral_utinyint(#2, 1)",
                                                        "__internal_compress_integral_utinyint(#3, 1)",
                                                        "#4",
                                                        "__internal_compress_integral_usmallint(#5, 2450816)",
                                                        "#6",
                                                        "#7",
                                                        "__internal_compress_integral_usmallint(#8, 2450816)",
                                                        "__internal_compress_integral_usmallint(#9, 1)",
                                                        "#10"
                                                      ],
                                                      "Estimated Cardinality": "1762"
                                                    },
                                                    "cumulative_cardinality": 0,
                                                    "operator_type": "PROJECTION",
                                                    "operator_cardinality": 207371,
                                                    "cumulative_rows_scanned": 0,
                                                    "operator_rows_scanned": 0,
                                                    "operator_timing": 0.00045003,
                                                    "children": [
                                                      {
                                                        "total_bytes_written": 0,
                                                        "total_bytes_read": 0,
                                                        "result_set_size": 9124324,
                                                        "operator_name": "HASH_JOIN",
                                                        "cpu_time": 0.0,
                                                        "extra_info": {
                                                          "Join Type": "INNER",
                                                          "Conditions": "i_item_sk = ss_item_sk",
                                                          "Estimated Cardinality": "1762"
                                                        },
                                                        "cumulative_cardinality": 0,
                                                        "operator_type": "HASH_JOIN",
                                                        "operator_cardinality": 207371,
                                                        "cumulative_rows_scanned": 0,
                                                        "operator_rows_scanned": 0,
                                                        "operator_timing": 0.011033644999999998,
                                                        "children": [
                                                          {
                                                            "total_bytes_written": 0,
                                                            "total_bytes_read": 0,
                                                            "result_set_size": 1631984,
                                                            "operator_name": "SEQ_SCAN ",
                                                            "cpu_time": 0.0,
                                                            "extra_info": {
                                                              "Table": "item",
                                                              "Type": "Sequential Scan",
                                                              "Projections": [
                                                                "i_item_sk",
                                                                "i_brand_id",
                                                                "i_class_id",
                                                                "i_category_id"
                                                              ],
                                                              "Estimated Cardinality": "102000"
                                                            },
                                                            "cumulative_cardinality": 0,
                                                            "operator_type": "TABLE_SCAN",
                                                            "operator_cardinality": 101999,
                                                            "cumulative_rows_scanned": 0,
                                                            "operator_rows_scanned": 102000,
                                                            "operator_timing": 0.00042852699999999994,
                                                            "children": []
                                                          },
                                                          {
                                                            "total_bytes_written": 0,
                                                            "total_bytes_read": 0,
                                                            "result_set_size": 5806388,
                                                            "operator_name": "HASH_JOIN",
                                                            "cpu_time": 0.0,
                                                            "extra_info": {
                                                              "Join Type": "RIGHT_SEMI",
                                                              "Conditions": "#0 = ss_item_sk",
                                                              "Estimated Cardinality": "1659"
                                                            },
                                                            "cumulative_cardinality": 0,
                                                            "operator_type": "HASH_JOIN",
                                                            "operator_cardinality": 207371,
                                                            "cumulative_rows_scanned": 0,
                                                            "operator_rows_scanned": 0,
                                                            "operator_timing": 0.039855541,
                                                            "children": [
                                                              {
                                                                "total_bytes_written": 0,
                                                                "total_bytes_read": 0,
                                                                "result_set_size": 406248,
                                                                "operator_name": "CTE_SCAN",
                                                                "cpu_time": 0.0,
                                                                "extra_info": {
                                                                  "CTE Index": "0",
                                                                  "Estimated Cardinality": "726532"
                                                                },
                                                                "cumulative_cardinality": 0,
                                                                "operator_type": "CTE_SCAN",
                                                                "operator_cardinality": 101562,
                                                                "cumulative_rows_scanned": 0,
                                                                "operator_rows_scanned": 0,
                                                                "operator_timing": 0.000412664,
                                                                "children": []
                                                              },
                                                              {
                                                                "total_bytes_written": 0,
                                                                "total_bytes_read": 0,
                                                                "result_set_size": 5832680,
                                                                "operator_name": "HASH_JOIN",
                                                                "cpu_time": 0.0,
                                                                "extra_info": {
                                                                  "Join Type": "INNER",
                                                                  "Conditions": "ss_sold_date_sk = d_date_sk",
                                                                  "Estimated Cardinality": "8297"
                                                                },
                                                                "cumulative_cardinality": 0,
                                                                "operator_type": "HASH_JOIN",
                                                                "operator_cardinality": 208310,
                                                                "cumulative_rows_scanned": 0,
                                                                "operator_rows_scanned": 0,
                                                                "operator_timing": 0.045520272,
                                                                "children": [
                                                                  {
                                                                    "total_bytes_written": 0,
                                                                    "total_bytes_read": 0,
                                                                    "result_set_size": 3332960,
                                                                    "operator_name": "SEQ_SCAN ",
                                                                    "cpu_time": 0.0,
                                                                    "extra_info": {
                                                                      "Table": "store_sales",
                                                                      "Type": "Sequential Scan",
                                                                      "Projections": [
                                                                        "ss_item_sk",
                                                                        "ss_sold_date_sk",
                                                                        "ss_quantity",
                                                                        "ss_list_price"
                                                                      ],
                                                                      "Estimated Cardinality": "28800991"
                                                                    },
                                                                    "cumulative_cardinality": 0,
                                                                    "operator_type": "TABLE_SCAN",
                                                                    "operator_cardinality": 208310,
                                                                    "cumulative_rows_scanned": 0,
                                                                    "operator_rows_scanned": 806427748,
                                                                    "operator_timing": 0.180699277,
                                                                    "children": []
                                                                  },
                                                                  {
                                                                    "total_bytes_written": 0,
                                                                    "total_bytes_read": 0,
                                                                    "result_set_size": 84,
                                                                    "operator_name": "HASH_JOIN",
                                                                    "cpu_time": 0.0,
                                                                    "extra_info": {
                                                                      "Join Type": "INNER",
                                                                      "Conditions": "d_week_seq = SUBQUERY",
                                                                      "Estimated Cardinality": "21"
                                                                    },
                                                                    "cumulative_cardinality": 0,
                                                                    "operator_type": "HASH_JOIN",
                                                                    "operator_cardinality": 7,
                                                                    "cumulative_rows_scanned": 0,
                                                                    "operator_rows_scanned": 0,
                                                                    "operator_timing": 0.00023295800000000001,
                                                                    "children": [
                                                                      {
                                                                        "total_bytes_written": 0,
                                                                        "total_bytes_read": 0,
                                                                        "result_set_size": 56,
                                                                        "operator_name": "SEQ_SCAN ",
                                                                        "cpu_time": 0.0,
                                                                        "extra_info": {
                                                                          "Table": "date_dim",
                                                                          "Type": "Sequential Scan",
                                                                          "Projections": [
                                                                            "d_date_sk",
                                                                            "d_week_seq"
                                                                          ],
                                                                          "Filters": "d_date_sk>=2450816 AND d_date_sk<=2452642",
                                                                          "Estimated Cardinality": "73049"
                                                                        },
                                                                        "cumulative_cardinality": 0,
                                                                        "operator_type": "TABLE_SCAN",
                                                                        "operator_cardinality": 7,
                                                                        "cumulative_rows_scanned": 0,
                                                                        "operator_rows_scanned": 73049,
                                                                        "operator_timing": 0.000190689,
                                                                        "children": []
                                                                      },
                                                                      {
                                                                        "total_bytes_written": 0,
                                                                        "total_bytes_read": 0,
                                                                        "result_set_size": 4,
                                                                        "operator_name": "PROJECTION",
                                                                        "cpu_time": 0.0,
                                                                        "extra_info": {
                                                                          "Projections": [
                                                                            "CASE  WHEN ((#1 > 1)) THEN (\"error\"('More than one row returned by a subquery used as an expression - scalar subqueries can only return a single row.",
                                                                            "Use \"SET scalar_subquery_error_on_multiple_rows=false\" to revert to previous behavior of returning a random row.')) ELSE #0 END"
                                                                          ],
                                                                          "Estimated Cardinality": "1"
                                                                        },
                                                                        "cumulative_cardinality": 0,
                                                                        "operator_type": "PROJECTION",
                                                                        "operator_cardinality": 1,
                                                                        "cumulative_rows_scanned": 0,
                                                                        "operator_rows_scanned": 0,
                                                                        "operator_timing": 4.013e-06,
                                                                        "children": [
                                                                          {
                                                                            "total_bytes_written": 0,
                                                                            "total_bytes_read": 0,
                                                                            "result_set_size": 12,
                                                                            "operator_name": "UNGROUPED_AGGREGATE",
                                                                            "cpu_time": 0.0,
                                                                            "extra_info": {
                                                                              "Aggregates": [
                                                                                "\"first\"(#0)",
                                                                                "count_star()"
                                                                              ]
                                                                            },
                                                                            "cumulative_cardinality": 0,
                                                                            "operator_type": "UNGROUPED_AGGREGATE",
                                                                            "operator_cardinality": 1,
                                                                            "cumulative_rows_scanned": 0,
                                                                            "operator_rows_scanned": 0,
                                                                            "operator_timing": 5.365e-06,
                                                                            "children": [
                                                                              {
                                                                                "total_bytes_written": 0,
                                                                                "total_bytes_read": 0,
                                                                                "result_set_size": 4,
                                                                                "operator_name": "PROJECTION",
                                                                                "cpu_time": 0.0,
                                                                                "extra_info": {
                                                                                  "Projections": "#0",
                                                                                  "Estimated Cardinality": "585"
                                                                                },
                                                                                "cumulative_cardinality": 0,
                                                                                "operator_type": "PROJECTION",
                                                                                "operator_cardinality": 1,
                                                                                "cumulative_rows_scanned": 0,
                                                                                "operator_rows_scanned": 0,
                                                                                "operator_timing": 7.18e-07,
                                                                                "children": [
                                                                                  {
                                                                                    "total_bytes_written": 0,
                                                                                    "total_bytes_read": 0,
                                                                                    "result_set_size": 4,
                                                                                    "operator_name": "SEQ_SCAN ",
                                                                                    "cpu_time": 0.0,
                                                                                    "extra_info": {
                                                                                      "Table": "date_dim",
                                                                                      "Type": "Sequential Scan",
                                                                                      "Projections": "d_week_seq",
                                                                                      "Filters": [
                                                                                        "d_year=2001",
                                                                                        "d_moy=12",
                                                                                        "d_dom=10"
                                                                                      ],
                                                                                      "Estimated Cardinality": "585"
                                                                                    },
                                                                                    "cumulative_cardinality": 0,
                                                                                    "operator_type": "TABLE_SCAN",
                                                                                    "operator_cardinality": 1,
                                                                                    "cumulative_rows_scanned": 0,
                                                                                    "operator_rows_scanned": 73049,
                                                                                    "operator_timing": 0.000134465,
                                                                                    "children": []
                                                                                  }
                                                                                ]
                                                                              }
                                                                            ]
                                                                          }
                                                                        ]
                                                                      }
                                                                    ]
                                                                  }
                                                                ]
                                                              }
                                                            ]
                                                          }
                                                        ]
                                                      }
                                                    ]
                                                  }
                                                ]
                                              }
                                            ]
                                          }
                                        ]
                                      },
                                      {
                                        "total_bytes_written": 0,
                                        "total_bytes_read": 0,
                                        "result_set_size": 8,
                                        "operator_name": "PROJECTION",
                                        "cpu_time": 0.0,
                                        "extra_info": {
                                          "Projections": [
                                            "CASE  WHEN ((#1 > 1)) THEN (\"error\"('More than one row returned by a subquery used as an expression - scalar subqueries can only return a single row.",
                                            "Use \"SET scalar_subquery_error_on_multiple_rows=false\" to revert to previous behavior of returning a random row.')) ELSE #0 END"
                                          ],
                                          "Estimated Cardinality": "1"
                                        },
                                        "cumulative_cardinality": 0,
                                        "operator_type": "PROJECTION",
                                        "operator_cardinality": 1,
                                        "cumulative_rows_scanned": 0,
                                        "operator_rows_scanned": 0,
                                        "operator_timing": 6.915e-06,
                                        "children": [
                                          {
                                            "total_bytes_written": 0,
                                            "total_bytes_read": 0,
                                            "result_set_size": 16,
                                            "operator_name": "UNGROUPED_AGGREGATE",
                                            "cpu_time": 0.0,
                                            "extra_info": {
                                              "Aggregates": [
                                                "\"first\"(#0)",
                                                "count_star()"
                                              ]
                                            },
                                            "cumulative_cardinality": 0,
                                            "operator_type": "UNGROUPED_AGGREGATE",
                                            "operator_cardinality": 1,
                                            "cumulative_rows_scanned": 0,
                                            "operator_rows_scanned": 0,
                                            "operator_timing": 6.464e-05,
                                            "children": [
                                              {
                                                "total_bytes_written": 0,
                                                "total_bytes_read": 0,
                                                "result_set_size": 8,
                                                "operator_name": "PROJECTION",
                                                "cpu_time": 0.0,
                                                "extra_info": {
                                                  "Projections": "#0",
                                                  "Estimated Cardinality": "1"
                                                },
                                                "cumulative_cardinality": 0,
                                                "operator_type": "PROJECTION",
                                                "operator_cardinality": 1,
                                                "cumulative_rows_scanned": 0,
                                                "operator_rows_scanned": 0,
                                                "operator_timing": 3.675e-06,
                                                "children": [
                                                  {
                                                    "total_bytes_written": 0,
                                                    "total_bytes_read": 0,
                                                    "result_set_size": 8,
                                                    "operator_name": "CTE_SCAN",
                                                    "cpu_time": 0.0,
                                                    "extra_info": {
                                                      "CTE Index": "37",
                                                      "Estimated Cardinality": "1"
                                                    },
                                                    "cumulative_cardinality": 0,
                                                    "operator_type": "CTE_SCAN",
                                                    "operator_cardinality": 1,
                                                    "cumulative_rows_scanned": 0,
                                                    "operator_rows_scanned": 0,
                                                    "operator_timing": 8.418e-06,
                                                    "children": []
                                                  }
                                                ]
                                              }
                                            ]
                                          }
                                        ]
                                      }
                                    ]
                                  }
                                ]
                              },
                              {
                                "total_bytes_written": 0,
                                "total_bytes_read": 0,
                                "result_set_size": 343876,
                                "operator_name": "PROJECTION",
                                "cpu_time": 0.0,
                                "extra_info": {
                                  "Projections": [
                                    "channel",
                                    "i_brand_id",
                                    "i_class_id",
                                    "i_category_id",
                                    "sales",
                                    "number_sales"
                                  ],
                                  "Estimated Cardinality": "0"
                                },
                                "cumulative_cardinality": 0,
                                "operator_type": "PROJECTION",
                                "operator_cardinality": 6613,
                                "cumulative_rows_scanned": 0,
                                "operator_rows_scanned": 0,
                                "operator_timing": 3.6302000000000006e-05,
                                "children": [
                                  {
                                    "total_bytes_written": 0,
                                    "total_bytes_read": 0,
                                    "result_set_size": 290972,
                                    "operator_name": "NESTED_LOOP_JOIN",
                                    "cpu_time": 0.0,
                                    "extra_info": {
                                      "Join Type": "INNER",
                                      "Conditions": "CAST(sum((CAST(ss_quantity AS DECIMAL(17,0)) * CAST(ss_list_price AS DECIMAL(17,2)))) AS DOUBLE) > SUBQUERY",
                                      "Estimated Cardinality": "0"
                                    },
                                    "cumulative_cardinality": 0,
                                    "operator_type": "NESTED_LOOP_JOIN",
                                    "operator_cardinality": 6613,
                                    "cumulative_rows_scanned": 0,
                                    "operator_rows_scanned": 0,
                                    "operator_timing": 0.000413465,
                                    "children": [
                                      {
                                        "total_bytes_written": 0,
                                        "total_bytes_read": 0,
                                        "result_set_size": 257760,
                                        "operator_name": "PROJECTION",
                                        "cpu_time": 0.0,
                                        "extra_info": {
                                          "Projections": [
                                            "#0",
                                            "__internal_decompress_integral_integer(#1, 1)",
                                            "__internal_decompress_integral_integer(#2, 1)",
                                            "#3",
                                            "#4"
                                          ],
                                          "Estimated Cardinality": "1761"
                                        },
                                        "cumulative_cardinality": 0,
                                        "operator_type": "PROJECTION",
                                        "operator_cardinality": 7160,
                                        "cumulative_rows_scanned": 0,
                                        "operator_rows_scanned": 0,
                                        "operator_timing": 5.773400000000001e-05,
                                        "children": [
                                          {
                                            "total_bytes_written": 0,
                                            "total_bytes_read": 0,
                                            "result_set_size": 214800,
                                            "operator_name": "HASH_GROUP_BY",
                                            "cpu_time": 0.0,
                                            "extra_info": {
                                              "Groups": [
                                                "#0",
                                                "#1",
                                                "#2"
                                              ],
                                              "Aggregates": [
                                                "sum(#3)",
                                                "count_star()"
                                              ],
                                              "Estimated Cardinality": "1761"
                                            },
                                            "cumulative_cardinality": 0,
                                            "operator_type": "HASH_GROUP_BY",
                                            "operator_cardinality": 7160,
                                            "cumulative_rows_scanned": 0,
                                            "operator_rows_scanned": 0,
                                            "operator_timing": 0.006033355999999998,
                                            "children": [
                                              {
                                                "total_bytes_written": 0,
                                                "total_bytes_read": 0,
                                                "result_set_size": 2913736,
                                                "operator_name": "PROJECTION",
                                                "cpu_time": 0.0,
                                                "extra_info": {
                                                  "Projections": [
                                                    "i_brand_id",
                                                    "i_class_id",
                                                    "i_category_id",
                                                    "(CAST(ss_quantity AS DECIMAL(17,0)) * CAST(ss_list_price AS DECIMAL(17,2)))"
                                                  ],
                                                  "Estimated Cardinality": "1762"
                                                },
                                                "cumulative_cardinality": 0,
                                                "operator_type": "PROJECTION",
                                                "operator_cardinality": 208124,
                                                "cumulative_rows_scanned": 0,
                                                "operator_rows_scanned": 0,
                                                "operator_timing": 0.000956466,
                                                "children": [
                                                  {
                                                    "total_bytes_written": 0,
                                                    "total_bytes_read": 0,
                                                    "result_set_size": 6659968,
                                                    "operator_name": "PROJECTION",
                                                    "cpu_time": 0.0,
                                                    "extra_info": {
                                                      "Projections": [
                                                        "#0",
                                                        "#1",
                                                        "__internal_compress_integral_utinyint(#2, 1)",
                                                        "__internal_compress_integral_utinyint(#3, 1)",
                                                        "#4",
                                                        "__internal_compress_integral_usmallint(#5, 2450816)",
                                                        "#6",
                                                        "#7",
                                                        "__internal_compress_integral_usmallint(#8, 2450816)",
                                                        "__internal_compress_integral_usmallint(#9, 1)",
                                                        "#10"
                                                      ],
                                                      "Estimated Cardinality": "1762"
                                                    },
                                                    "cumulative_cardinality": 0,
                                                    "operator_type": "PROJECTION",
                                                    "operator_cardinality": 208124,
                                                    "cumulative_rows_scanned": 0,
                                                    "operator_rows_scanned": 0,
                                                    "operator_timing": 0.0005140709999999998,
                                                    "children": [
                                                      {
                                                        "total_bytes_written": 0,
                                                        "total_bytes_read": 0,
                                                        "result_set_size": 9157456,
                                                        "operator_name": "HASH_JOIN",
                                                        "cpu_time": 0.0,
                                                        "extra_info": {
                                                          "Join Type": "INNER",
                                                          "Conditions": "i_item_sk = ss_item_sk",
                                                          "Estimated Cardinality": "1762"
                                                        },
                                                        "cumulative_cardinality": 0,
                                                        "operator_type": "HASH_JOIN",
                                                        "operator_cardinality": 208124,
                                                        "cumulative_rows_scanned": 0,
                                                        "operator_rows_scanned": 0,
                                                        "operator_timing": 0.010631757,
                                                        "children": [
                                                          {
                                                            "total_bytes_written": 0,
                                                            "total_bytes_read": 0,
                                                            "result_set_size": 1631984,
                                                            "operator_name": "SEQ_SCAN ",
                                                            "cpu_time": 0.0,
                                                            "extra_info": {
                                                              "Table": "item",
                                                              "Type": "Sequential Scan",
                                                              "Projections": [
                                                                "i_item_sk",
                                                                "i_brand_id",
                                                                "i_class_id",
                                                                "i_category_id"
                                                              ],
                                                              "Estimated Cardinality": "102000"
                                                            },
                                                            "cumulative_cardinality": 0,
                                                            "operator_type": "TABLE_SCAN",
                                                            "operator_cardinality": 101999,
                                                            "cumulative_rows_scanned": 0,
                                                            "operator_rows_scanned": 102000,
                                                            "operator_timing": 0.00046994099999999987,
                                                            "children": []
                                                          },
                                                          {
                                                            "total_bytes_written": 0,
                                                            "total_bytes_read": 0,
                                                            "result_set_size": 5827472,
                                                            "operator_name": "HASH_JOIN",
                                                            "cpu_time": 0.0,
                                                            "extra_info": {
                                                              "Join Type": "RIGHT_SEMI",
                                                              "Conditions": "#0 = ss_item_sk",
                                                              "Estimated Cardinality": "1659"
                                                            },
                                                            "cumulative_cardinality": 0,
                                                            "operator_type": "HASH_JOIN",
                                                            "operator_cardinality": 208124,
                                                            "cumulative_rows_scanned": 0,
                                                            "operator_rows_scanned": 0,
                                                            "operator_timing": 0.050223532999999994,
                                                            "children": [
                                                              {
                                                                "total_bytes_written": 0,
                                                                "total_bytes_read": 0,
                                                                "result_set_size": 406248,
                                                                "operator_name": "CTE_SCAN",
                                                                "cpu_time": 0.0,
                                                                "extra_info": {
                                                                  "CTE Index": "0",
                                                                  "Estimated Cardinality": "726532"
                                                                },
                                                                "cumulative_cardinality": 0,
                                                                "operator_type": "CTE_SCAN",
                                                                "operator_cardinality": 101562,
                                                                "cumulative_rows_scanned": 0,
                                                                "operator_rows_scanned": 0,
                                                                "operator_timing": 0.00022416500000000002,
                                                                "children": []
                                                              },
                                                              {
                                                                "total_bytes_written": 0,
                                                                "total_bytes_read": 0,
                                                                "result_set_size": 5852896,
                                                                "operator_name": "HASH_JOIN",
                                                                "cpu_time": 0.0,
                                                                "extra_info": {
                                                                  "Join Type": "INNER",
                                                                  "Conditions": "ss_sold_date_sk = d_date_sk",
                                                                  "Estimated Cardinality": "8297"
                                                                },
                                                                "cumulative_cardinality": 0,
                                                                "operator_type": "HASH_JOIN",
                                                                "operator_cardinality": 209032,
                                                                "cumulative_rows_scanned": 0,
                                                                "operator_rows_scanned": 0,
                                                                "operator_timing": 0.05332852600000001,
                                                                "children": [
                                                                  {
                                                                    "total_bytes_written": 0,
                                                                    "total_bytes_read": 0,
                                                                    "result_set_size": 3344512,
                                                                    "operator_name": "SEQ_SCAN ",
                                                                    "cpu_time": 0.0,
                                                                    "extra_info": {
                                                                      "Table": "store_sales",
                                                                      "Type": "Sequential Scan",
                                                                      "Projections": [
                                                                        "ss_item_sk",
                                                                        "ss_sold_date_sk",
                                                                        "ss_quantity",
                                                                        "ss_list_price"
                                                                      ],
                                                                      "Estimated Cardinality": "28800991"
                                                                    },
                                                                    "cumulative_cardinality": 0,
                                                                    "operator_type": "TABLE_SCAN",
                                                                    "operator_cardinality": 209032,
                                                                    "cumulative_rows_scanned": 0,
                                                                    "operator_rows_scanned": 806427748,
                                                                    "operator_timing": 0.247773887,
                                                                    "children": []
                                                                  },
                                                                  {
                                                                    "total_bytes_written": 0,
                                                                    "total_bytes_read": 0,
                                                                    "result_set_size": 84,
                                                                    "operator_name": "HASH_JOIN",
                                                                    "cpu_time": 0.0,
                                                                    "extra_info": {
                                                                      "Join Type": "INNER",
                                                                      "Conditions": "d_week_seq = SUBQUERY",
                                                                      "Estimated Cardinality": "21"
                                                                    },
                                                                    "cumulative_cardinality": 0,
                                                                    "operator_type": "HASH_JOIN",
                                                                    "operator_cardinality": 7,
                                                                    "cumulative_rows_scanned": 0,
                                                                    "operator_rows_scanned": 0,
                                                                    "operator_timing": 0.000273904,
                                                                    "children": [
                                                                      {
                                                                        "total_bytes_written": 0,
                                                                        "total_bytes_read": 0,
                                                                        "result_set_size": 56,
                                                                        "operator_name": "SEQ_SCAN ",
                                                                        "cpu_time": 0.0,
                                                                        "extra_info": {
                                                                          "Table": "date_dim",
                                                                          "Type": "Sequential Scan",
                                                                          "Projections": [
                                                                            "d_date_sk",
                                                                            "d_week_seq"
                                                                          ],
                                                                          "Filters": "d_date_sk>=2450816 AND d_date_sk<=2452642",
                                                                          "Estimated Cardinality": "73049"
                                                                        },
                                                                        "cumulative_cardinality": 0,
                                                                        "operator_type": "TABLE_SCAN",
                                                                        "operator_cardinality": 7,
                                                                        "cumulative_rows_scanned": 0,
                                                                        "operator_rows_scanned": 73049,
                                                                        "operator_timing": 0.00014863000000000002,
                                                                        "children": []
                                                                      },
                                                                      {
                                                                        "total_bytes_written": 0,
                                                                        "total_bytes_read": 0,
                                                                        "result_set_size": 4,
                                                                        "operator_name": "PROJECTION",
                                                                        "cpu_time": 0.0,
                                                                        "extra_info": {
                                                                          "Projections": [
                                                                            "CASE  WHEN ((#1 > 1)) THEN (\"error\"('More than one row returned by a subquery used as an expression - scalar subqueries can only return a single row.",
                                                                            "Use \"SET scalar_subquery_error_on_multiple_rows=false\" to revert to previous behavior of returning a random row.')) ELSE #0 END"
                                                                          ],
                                                                          "Estimated Cardinality": "1"
                                                                        },
                                                                        "cumulative_cardinality": 0,
                                                                        "operator_type": "PROJECTION",
                                                                        "operator_cardinality": 1,
                                                                        "cumulative_rows_scanned": 0,
                                                                        "operator_rows_scanned": 0,
                                                                        "operator_timing": 4.627e-06,
                                                                        "children": [
                                                                          {
                                                                            "total_bytes_written": 0,
                                                                            "total_bytes_read": 0,
                                                                            "result_set_size": 12,
                                                                            "operator_name": "UNGROUPED_AGGREGATE",
                                                                            "cpu_time": 0.0,
                                                                            "extra_info": {
                                                                              "Aggregates": [
                                                                                "\"first\"(#0)",
                                                                                "count_star()"
                                                                              ]
                                                                            },
                                                                            "cumulative_cardinality": 0,
                                                                            "operator_type": "UNGROUPED_AGGREGATE",
                                                                            "operator_cardinality": 1,
                                                                            "cumulative_rows_scanned": 0,
                                                                            "operator_rows_scanned": 0,
                                                                            "operator_timing": 5.46e-06,
                                                                            "children": [
                                                                              {
                                                                                "total_bytes_written": 0,
                                                                                "total_bytes_read": 0,
                                                                                "result_set_size": 4,
                                                                                "operator_name": "PROJECTION",
                                                                                "cpu_time": 0.0,
                                                                                "extra_info": {
                                                                                  "Projections": "#0",
                                                                                  "Estimated Cardinality": "585"
                                                                                },
                                                                                "cumulative_cardinality": 0,
                                                                                "operator_type": "PROJECTION",
                                                                                "operator_cardinality": 1,
                                                                                "cumulative_rows_scanned": 0,
                                                                                "operator_rows_scanned": 0,
                                                                                "operator_timing": 7.42e-07,
                                                                                "children": [
                                                                                  {
                                                                                    "total_bytes_written": 0,
                                                                                    "total_bytes_read": 0,
                                                                                    "result_set_size": 4,
                                                                                    "operator_name": "SEQ_SCAN ",
                                                                                    "cpu_time": 0.0,
                                                                                    "extra_info": {
                                                                                      "Table": "date_dim",
                                                                                      "Type": "Sequential Scan",
                                                                                      "Projections": "d_week_seq",
                                                                                      "Filters": [
                                                                                        "d_year=2000",
                                                                                        "d_moy=12",
                                                                                        "d_dom=10"
                                                                                      ],
                                                                                      "Estimated Cardinality": "585"
                                                                                    },
                                                                                    "cumulative_cardinality": 0,
                                                                                    "operator_type": "TABLE_SCAN",
                                                                                    "operator_cardinality": 1,
                                                                                    "cumulative_rows_scanned": 0,
                                                                                    "operator_rows_scanned": 73049,
                                                                                    "operator_timing": 0.000110954,
                                                                                    "children": []
                                                                                  }
                                                                                ]
                                                                              }
                                                                            ]
                                                                          }
                                                                        ]
                                                                      }
                                                                    ]
                                                                  }
                                                                ]
                                                              }
                                                            ]
                                                          }
                                                        ]
                                                      }
                                                    ]
                                                  }
                                                ]
                                              }
                                            ]
                                          }
                                        ]
                                      },
                                      {
                                        "total_bytes_written": 0,
                                        "total_bytes_read": 0,
                                        "result_set_size": 8,
                                        "operator_name": "PROJECTION",
                                        "cpu_time": 0.0,
                                        "extra_info": {
                                          "Projections": [
                                            "CASE  WHEN ((#1 > 1)) THEN (\"error\"('More than one row returned by a subquery used as an expression - scalar subqueries can only return a single row.",
                                            "Use \"SET scalar_subquery_error_on_multiple_rows=false\" to revert to previous behavior of returning a random row.')) ELSE #0 END"
                                          ],
                                          "Estimated Cardinality": "1"
                                        },
                                        "cumulative_cardinality": 0,
                                        "operator_type": "PROJECTION",
                                        "operator_cardinality": 1,
                                        "cumulative_rows_scanned": 0,
                                        "operator_rows_scanned": 0,
                                        "operator_timing": 9.866e-06,
                                        "children": [
                                          {
                                            "total_bytes_written": 0,
                                            "total_bytes_read": 0,
                                            "result_set_size": 16,
                                            "operator_name": "UNGROUPED_AGGREGATE",
                                            "cpu_time": 0.0,
                                            "extra_info": {
                                              "Aggregates": [
                                                "\"first\"(#0)",
                                                "count_star()"
                                              ]
                                            },
                                            "cumulative_cardinality": 0,
                                            "operator_type": "UNGROUPED_AGGREGATE",
                                            "operator_cardinality": 1,
                                            "cumulative_rows_scanned": 0,
                                            "operator_rows_scanned": 0,
                                            "operator_timing": 8.863999999999998e-06,
                                            "children": [
                                              {
                                                "total_bytes_written": 0,
                                                "total_bytes_read": 0,
                                                "result_set_size": 8,
                                                "operator_name": "PROJECTION",
                                                "cpu_time": 0.0,
                                                "extra_info": {
                                                  "Projections": "#0",
                                                  "Estimated Cardinality": "1"
                                                },
                                                "cumulative_cardinality": 0,
                                                "operator_type": "PROJECTION",
                                                "operator_cardinality": 1,
                                                "cumulative_rows_scanned": 0,
                                                "operator_rows_scanned": 0,
                                                "operator_timing": 2.094e-06,
                                                "children": [
                                                  {
                                                    "total_bytes_written": 0,
                                                    "total_bytes_read": 0,
                                                    "result_set_size": 8,
                                                    "operator_name": "CTE_SCAN",
                                                    "cpu_time": 0.0,
                                                    "extra_info": {
                                                      "CTE Index": "37",
                                                      "Estimated Cardinality": "1"
                                                    },
                                                    "cumulative_cardinality": 0,
                                                    "operator_type": "CTE_SCAN",
                                                    "operator_cardinality": 1,
                                                    "cumulative_rows_scanned": 0,
                                                    "operator_rows_scanned": 0,
                                                    "operator_timing": 1.3238e-05,
                                                    "children": []
                                                  }
                                                ]
                                              }
                                            ]
                                          }
                                        ]
                                      }
                                    ]
                                  }
                                ]
                              }
                            ]
                          }
                        ]
                      }
                    ]
                  }
                ]
              }
            ]
          }
        ]
      }
    ]
  },
  "actual_rows": 0,
  "collected_at": "2026-02-16T10:32:58.853549",
  "query_id": "query_14"
}