{
  "execution_time_ms": 0.0,
  "plan_text": "\u250c\u2500\u2500\u2500\u2500\u2500\u2500\u2500\u2500\u2500\u2500\u2500\u2500\u2500\u2510\n\u2502  PROJECTION \u2502\n\u2502    \u2500\u2500\u2500\u2500\u2500\u2500   \u2502\n\u2502   bucket1   \u2502\n\u2502   bucket2   \u2502\n\u2502   bucket3   \u2502\n\u2502   bucket4   \u2502\n\u2502   bucket5   \u2502\n\u2502             \u2502\n\u2502    ~1 row   \u2502\n\u2514\u2500\u2500\u2500\u2500\u2500\u2500\u252c\u2500\u2500\u2500\u2500\u2500\u2500\u2518\n\u250c\u2500\u2500\u2500\u2500\u2500\u2500\u2534\u2500\u2500\u2500\u2500\u2500\u2500\u2510\n\u2502CROSS_PRODUCT\u251c\u2500\u2500\u2500\u2500\u2500\u2500\u2500\u2500\u2500\u2500\u2500\u2500\u2500\u2500\u2500\u2500\u2500\u2500\u2500\u2500\u2500\u2500\u2500\u2500\u2500\u2500\u2500\u2500\u2500\u2500\u2500\u2500\u2500\u2500\u2500\u2500\u2500\u2500\u2500\u2500\u2500\u2500\u2500\u2500\u2500\u2500\u2500\u2500\u2500\u2500\u2500\u2500\u2500\u2500\u2500\u2500\u2500\u2500\u2500\u2500\u2500\u2500\u2500\u2500\u2500\u2500\u2500\u2500\u2500\u2500\u2500\u2500\u2500\u2500\u2500\u2500\u2500\u2500\u2500\u2500\u2500\u2500\u2500\u2500\u2500\u2500\u2500\u2500\u2500\u2500\u2500\u2500\u2500\u2500\u2500\u2500\u2500\u2500\u2500\u2500\u2500\u2500\u2500\u2500\u2500\u2500\u2500\u2500\u2500\u2500\u2500\u2500\u2510\n\u2514\u2500\u2500\u2500\u2500\u2500\u2500\u252c\u2500\u2500\u2500\u2500\u2500\u2500\u2518                                                                                                                \u2502\n\u250c\u2500\u2500\u2500\u2500\u2500\u2500\u2534\u2500\u2500\u2500\u2500\u2500\u2500\u2510                                                                                                         \u250c\u2500\u2500\u2500\u2500\u2500\u2500\u2534\u2500\u2500\u2500\u2500\u2500\u2500\u2510\n\u2502CROSS_PRODUCT\u251c\u2500\u2500\u2500\u2500\u2500\u2500\u2500\u2500\u2500\u2500\u2500\u2500\u2500\u2500\u2500\u2500\u2500\u2500\u2500\u2500\u2500\u2500\u2500\u2500\u2500\u2500\u2500\u2500\u2500\u2500\u2500\u2500\u2500\u2500\u2500\u2500\u2500\u2500\u2500\u2500\u2500\u2500\u2500\u2500\u2500\u2500\u2500\u2500\u2500\u2500\u2500\u2500\u2510                                                    \u2502CROSS_PRODUCT\u251c\u2500\u2500\u2500\u2500\u2500\u2500\u2500\u2500\u2500\u2500\u2500\u2500\u2500\u2500\u2500\u2500\u2500\u2500\u2500\u2500\u2500\u2500\u2500\u2500\u2500\u2500\u2500\u2500\u2500\u2500\u2500\u2500\u2500\u2500\u2500\u2500\u2500\u2500\u2500\u2500\u2500\u2500\u2500\u2500\u2500\u2500\u2500\u2500\u2500\u2500\u2500\u2500\u2510\n\u2514\u2500\u2500\u2500\u2500\u2500\u2500\u252c\u2500\u2500\u2500\u2500\u2500\u2500\u2518                                                    \u2502                                                    \u2514\u2500\u2500\u2500\u2500\u2500\u2500\u252c\u2500\u2500\u2500\u2500\u2500\u2500\u2518                                                    \u2502\n\u250c\u2500\u2500\u2500\u2500\u2500\u2500\u2534\u2500\u2500\u2500\u2500\u2500\u2500\u2510                                             \u250c\u2500\u2500\u2500\u2500\u2500\u2500\u2534\u2500\u2500\u2500\u2500\u2500\u2500\u2510                                             \u250c\u2500\u2500\u2500\u2500\u2500\u2500\u2534\u2500\u2500\u2500\u2500\u2500\u2500\u2510                                             \u250c\u2500\u2500\u2500\u2500\u2500\u2500\u2534\u2500\u2500\u2500\u2500\u2500\u2500\u2510\n\u2502CROSS_PRODUCT\u251c\u2500\u2500\u2500\u2500\u2500\u2500\u2500\u2500\u2500\u2500\u2500\u2500\u2500\u2500\u2500\u2500\u2500\u2500\u2500\u2500\u2500\u2500\u2510                      \u2502CROSS_PRODUCT\u251c\u2500\u2500\u2500\u2500\u2500\u2500\u2500\u2500\u2500\u2500\u2500\u2500\u2500\u2500\u2500\u2500\u2500\u2500\u2500\u2500\u2500\u2500\u2510                      \u2502CROSS_PRODUCT\u251c\u2500\u2500\u2500\u2500\u2500\u2500\u2500\u2500\u2500\u2500\u2500\u2500\u2500\u2500\u2500\u2500\u2500\u2500\u2500\u2500\u2500\u2500\u2510                      \u2502CROSS_PRODUCT\u251c\u2500\u2500\u2500\u2500\u2500\u2500\u2500\u2500\u2500\u2500\u2500\u2500\u2500\u2500\u2500\u2500\u2500\u2500\u2500\u2500\u2500\u2500\u2510\n\u2514\u2500\u2500\u2500\u2500\u2500\u2500\u252c\u2500\u2500\u2500\u2500\u2500\u2500\u2518                      \u2502                      \u2514\u2500\u2500\u2500\u2500\u2500\u2500\u252c\u2500\u2500\u2500\u2500\u2500\u2500\u2518                      \u2502                      \u2514\u2500\u2500\u2500\u2500\u2500\u2500\u252c\u2500\u2500\u2500\u2500\u2500\u2500\u2518                      \u2502                      \u2514\u2500\u2500\u2500\u2500\u2500\u2500\u252c\u2500\u2500\u2500\u2500\u2500\u2500\u2518                      \u2502\n\u250c\u2500\u2500\u2500\u2500\u2500\u2500\u2534\u2500\u2500\u2500\u2500\u2500\u2500\u2510               \u250c\u2500\u2500\u2500\u2500\u2500\u2500\u2534\u2500\u2500\u2500\u2500\u2500\u2500\u2510               \u250c\u2500\u2500\u2500\u2500\u2500\u2500\u2534\u2500\u2500\u2500\u2500\u2500\u2500\u2510               \u250c\u2500\u2500\u2500\u2500\u2500\u2500\u2534\u2500\u2500\u2500\u2500\u2500\u2500\u2510               \u250c\u2500\u2500\u2500\u2500\u2500\u2500\u2534\u2500\u2500\u2500\u2500\u2500\u2500\u2510               \u250c\u2500\u2500\u2500\u2500\u2500\u2500\u2534\u2500\u2500\u2500\u2500\u2500\u2500\u2510               \u250c\u2500\u2500\u2500\u2500\u2500\u2500\u2534\u2500\u2500\u2500\u2500\u2500\u2500\u2510               \u250c\u2500\u2500\u2500\u2500\u2500\u2500\u2534\u2500\u2500\u2500\u2500\u2500\u2500\u2510\n\u2502CROSS_PRODUCT\u251c\u2500\u2500\u2500\u2500\u2500\u2500\u2500\u2510       \u2502CROSS_PRODUCT\u251c\u2500\u2500\u2500\u2500\u2500\u2500\u2500\u2510       \u2502CROSS_PRODUCT\u251c\u2500\u2500\u2500\u2500\u2500\u2500\u2500\u2510       \u2502CROSS_PRODUCT\u251c\u2500\u2500\u2500\u2500\u2500\u2500\u2500\u2510       \u2502CROSS_PRODUCT\u251c\u2500\u2500\u2500\u2500\u2500\u2500\u2500\u2510       \u2502CROSS_PRODUCT\u251c\u2500\u2500\u2500\u2500\u2500\u2500\u2500\u2510       \u2502CROSS_PRODUCT\u251c\u2500\u2500\u2500\u2500\u2500\u2500\u2500\u2510       \u2502CROSS_PRODUCT\u251c\u2500\u2500\u2500\u2500\u2500\u2500\u2500\u2510\n\u2514\u2500\u2500\u2500\u2500\u2500\u2500\u252c\u2500\u2500\u2500\u2500\u2500\u2500\u2518       \u2502       \u2514\u2500\u2500\u2500\u2500\u2500\u2500\u252c\u2500\u2500\u2500\u2500\u2500\u2500\u2518       \u2502       \u2514\u2500\u2500\u2500\u2500\u2500\u2500\u252c\u2500\u2500\u2500\u2500\u2500\u2500\u2518       \u2502       \u2514\u2500\u2500\u2500\u2500\u2500\u2500\u252c\u2500\u2500\u2500\u2500\u2500\u2500\u2518       \u2502       \u2514\u2500\u2500\u2500\u2500\u2500\u2500\u252c\u2500\u2500\u2500\u2500\u2500\u2500\u2518       \u2502       \u2514\u2500\u2500\u2500\u2500\u2500\u2500\u252c\u2500\u2500\u2500\u2500\u2500\u2500\u2518       \u2502       \u2514\u2500\u2500\u2500\u2500\u2500\u2500\u252c\u2500\u2500\u2500\u2500\u2500\u2500\u2518       \u2502       \u2514\u2500\u2500\u2500\u2500\u2500\u2500\u252c\u2500\u2500\u2500\u2500\u2500\u2500\u2518       \u2502\n\u250c\u2500\u2500\u2500\u2500\u2500\u2500\u2534\u2500\u2500\u2500\u2500\u2500\u2500\u2510\u250c\u2500\u2500\u2500\u2500\u2500\u2500\u2534\u2500\u2500\u2500\u2500\u2500\u2500\u2510\u250c\u2500\u2500\u2500\u2500\u2500\u2500\u2534\u2500\u2500\u2500\u2500\u2500\u2500\u2510\u250c\u2500\u2500\u2500\u2500\u2500\u2500\u2534\u2500\u2500\u2500\u2500\u2500\u2500\u2510\u250c\u2500\u2500\u2500\u2500\u2500\u2500\u2534\u2500\u2500\u2500\u2500\u2500\u2500\u2510\u250c\u2500\u2500\u2500\u2500\u2500\u2500\u2534\u2500\u2500\u2500\u2500\u2500\u2500\u2510\u250c\u2500\u2500\u2500\u2500\u2500\u2500\u2534\u2500\u2500\u2500\u2500\u2500\u2500\u2510\u250c\u2500\u2500\u2500\u2500\u2500\u2500\u2534\u2500\u2500\u2500\u2500\u2500\u2500\u2510\u250c\u2500\u2500\u2500\u2500\u2500\u2500\u2534\u2500\u2500\u2500\u2500\u2500\u2500\u2510\u250c\u2500\u2500\u2500\u2500\u2500\u2500\u2534\u2500\u2500\u2500\u2500\u2500\u2500\u2510\u250c\u2500\u2500\u2500\u2500\u2500\u2500\u2534\u2500\u2500\u2500\u2500\u2500\u2500\u2510\u250c\u2500\u2500\u2500\u2500\u2500\u2500\u2534\u2500\u2500\u2500\u2500\u2500\u2500\u2510\u250c\u2500\u2500\u2500\u2500\u2500\u2500\u2534\u2500\u2500\u2500\u2500\u2500\u2500\u2510\u250c\u2500\u2500\u2500\u2500\u2500\u2500\u2534\u2500\u2500\u2500\u2500\u2500\u2500\u2510\u250c\u2500\u2500\u2500\u2500\u2500\u2500\u2534\u2500\u2500\u2500\u2500\u2500\u2500\u2510\u250c\u2500\u2500\u2500\u2500\u2500\u2500\u2534\u2500\u2500\u2500\u2500\u2500\u2500\u2510\n\u2502  PROJECTION \u2502\u2502  PROJECTION \u2502\u2502  PROJECTION \u2502\u2502  PROJECTION \u2502\u2502  PROJECTION \u2502\u2502  PROJECTION \u2502\u2502  PROJECTION \u2502\u2502  PROJECTION \u2502\u2502  PROJECTION \u2502\u2502  PROJECTION \u2502\u2502  PROJECTION \u2502\u2502  PROJECTION \u2502\u2502  PROJECTION \u2502\u2502  PROJECTION \u2502\u2502  PROJECTION \u2502\u2502  SEQ_SCAN   \u2502\n\u2502    \u2500\u2500\u2500\u2500\u2500\u2500   \u2502\u2502    \u2500\u2500\u2500\u2500\u2500\u2500   \u2502\u2502    \u2500\u2500\u2500\u2500\u2500\u2500   \u2502\u2502    \u2500\u2500\u2500\u2500\u2500\u2500   \u2502\u2502    \u2500\u2500\u2500\u2500\u2500\u2500   \u2502\u2502    \u2500\u2500\u2500\u2500\u2500\u2500   \u2502\u2502    \u2500\u2500\u2500\u2500\u2500\u2500   \u2502\u2502    \u2500\u2500\u2500\u2500\u2500\u2500   \u2502\u2502    \u2500\u2500\u2500\u2500\u2500\u2500   \u2502\u2502    \u2500\u2500\u2500\u2500\u2500\u2500   \u2502\u2502    \u2500\u2500\u2500\u2500\u2500\u2500   \u2502\u2502    \u2500\u2500\u2500\u2500\u2500\u2500   \u2502\u2502    \u2500\u2500\u2500\u2500\u2500\u2500   \u2502\u2502    \u2500\u2500\u2500\u2500\u2500\u2500   \u2502\u2502    \u2500\u2500\u2500\u2500\u2500\u2500   \u2502\u2502    \u2500\u2500\u2500\u2500\u2500\u2500   \u2502\n\u2502 CASE  WHEN (\u2502\u2502 CASE  WHEN (\u2502\u2502 CASE  WHEN (\u2502\u2502 CASE  WHEN (\u2502\u2502 CASE  WHEN (\u2502\u2502 CASE  WHEN (\u2502\u2502 CASE  WHEN (\u2502\u2502 CASE  WHEN (\u2502\u2502 CASE  WHEN (\u2502\u2502 CASE  WHEN (\u2502\u2502 CASE  WHEN (\u2502\u2502 CASE  WHEN (\u2502\u2502 CASE  WHEN (\u2502\u2502 CASE  WHEN (\u2502\u2502 CASE  WHEN (\u2502\u2502    Table:   \u2502\n\u2502  (#1 > 1))  \u2502\u2502  (#1 > 1))  \u2502\u2502  (#1 > 1))  \u2502\u2502  (#1 > 1))  \u2502\u2502  (#1 > 1))  \u2502\u2502  (#1 > 1))  \u2502\u2502  (#1 > 1))  \u2502\u2502  (#1 > 1))  \u2502\u2502  (#1 > 1))  \u2502\u2502  (#1 > 1))  \u2502\u2502  (#1 > 1))  \u2502\u2502  (#1 > 1))  \u2502\u2502  (#1 > 1))  \u2502\u2502  (#1 > 1))  \u2502\u2502  (#1 > 1))  \u2502\u2502    reason   \u2502\n\u2502 THEN (\"error\u2502\u2502 THEN (\"error\u2502\u2502 THEN (\"error\u2502\u2502 THEN (\"error\u2502\u2502 THEN (\"error\u2502\u2502 THEN (\"error\u2502\u2502 THEN (\"error\u2502\u2502 THEN (\"error\u2502\u2502 THEN (\"error\u2502\u2502 THEN (\"error\u2502\u2502 THEN (\"error\u2502\u2502 THEN (\"error\u2502\u2502 THEN (\"error\u2502\u2502 THEN (\"error\u2502\u2502 THEN (\"error\u2502\u2502             \u2502\n\u2502 \"('More than\u2502\u2502 \"('More than\u2502\u2502 \"('More than\u2502\u2502 \"('More than\u2502\u2502 \"('More than\u2502\u2502 \"('More than\u2502\u2502 \"('More than\u2502\u2502 \"('More than\u2502\u2502 \"('More than\u2502\u2502 \"('More than\u2502\u2502 \"('More than\u2502\u2502 \"('More than\u2502\u2502 \"('More than\u2502\u2502 \"('More than\u2502\u2502 \"('More than\u2502\u2502    Type:    \u2502\n\u2502    one row  \u2502\u2502    one row  \u2502\u2502    one row  \u2502\u2502    one row  \u2502\u2502    one row  \u2502\u2502    one row  \u2502\u2502    one row  \u2502\u2502    one row  \u2502\u2502    one row  \u2502\u2502    one row  \u2502\u2502    one row  \u2502\u2502    one row  \u2502\u2502    one row  \u2502\u2502    one row  \u2502\u2502    one row  \u2502\u2502  Sequential \u2502\n\u2502  returned by\u2502\u2502  returned by\u2502\u2502  returned by\u2502\u2502  returned by\u2502\u2502  returned by\u2502\u2502  returned by\u2502\u2502  returned by\u2502\u2502  returned by\u2502\u2502  returned by\u2502\u2502  returned by\u2502\u2502  returned by\u2502\u2502  returned by\u2502\u2502  returned by\u2502\u2502  returned by\u2502\u2502  returned by\u2502\u2502     Scan    \u2502\n\u2502  a subquery \u2502\u2502  a subquery \u2502\u2502  a subquery \u2502\u2502  a subquery \u2502\u2502  a subquery \u2502\u2502  a subquery \u2502\u2502  a subquery \u2502\u2502  a subquery \u2502\u2502  a subquery \u2502\u2502  a subquery \u2502\u2502  a subquery \u2502\u2502  a subquery \u2502\u2502  a subquery \u2502\u2502  a subquery \u2502\u2502  a subquery \u2502\u2502             \u2502\n\u2502  used as an \u2502\u2502  used as an \u2502\u2502  used as an \u2502\u2502  used as an \u2502\u2502  used as an \u2502\u2502  used as an \u2502\u2502  used as an \u2502\u2502  used as an \u2502\u2502  used as an \u2502\u2502  used as an \u2502\u2502  used as an \u2502\u2502  used as an \u2502\u2502  used as an \u2502\u2502  used as an \u2502\u2502  used as an \u2502\u2502   Filters:  \u2502\n\u2502  expression \u2502\u2502  expression \u2502\u2502  expression \u2502\u2502  expression \u2502\u2502  expression \u2502\u2502  expression \u2502\u2502  expression \u2502\u2502  expression \u2502\u2502  expression \u2502\u2502  expression \u2502\u2502  expression \u2502\u2502  expression \u2502\u2502  expression \u2502\u2502  expression \u2502\u2502  expression \u2502\u2502r_reason_sk=1\u2502\n\u2502   - scalar  \u2502\u2502   - scalar  \u2502\u2502   - scalar  \u2502\u2502   - scalar  \u2502\u2502   - scalar  \u2502\u2502   - scalar  \u2502\u2502   - scalar  \u2502\u2502   - scalar  \u2502\u2502   - scalar  \u2502\u2502   - scalar  \u2502\u2502   - scalar  \u2502\u2502   - scalar  \u2502\u2502   - scalar  \u2502\u2502   - scalar  \u2502\u2502   - scalar  \u2502\u2502             \u2502\n\u2502  subqueries \u2502\u2502  subqueries \u2502\u2502  subqueries \u2502\u2502  subqueries \u2502\u2502  subqueries \u2502\u2502  subqueries \u2502\u2502  subqueries \u2502\u2502  subqueries \u2502\u2502  subqueries \u2502\u2502  subqueries \u2502\u2502  subqueries \u2502\u2502  subqueries \u2502\u2502  subqueries \u2502\u2502  subqueries \u2502\u2502  subqueries \u2502\u2502             \u2502\n\u2502   can only  \u2502\u2502   can only  \u2502\u2502   can only  \u2502\u2502   can only  \u2502\u2502   can only  \u2502\u2502   can only  \u2502\u2502   can only  \u2502\u2502   can only  \u2502\u2502   can only  \u2502\u2502   can only  \u2502\u2502   can only  \u2502\u2502   can only  \u2502\u2502   can only  \u2502\u2502   can only  \u2502\u2502   can only  \u2502\u2502             \u2502\n\u2502   return a  \u2502\u2502   return a  \u2502\u2502   return a  \u2502\u2502   return a  \u2502\u2502   return a  \u2502\u2502   return a  \u2502\u2502   return a  \u2502\u2502   return a  \u2502\u2502   return a  \u2502\u2502   return a  \u2502\u2502   return a  \u2502\u2502   return a  \u2502\u2502   return a  \u2502\u2502   return a  \u2502\u2502   return a  \u2502\u2502             \u2502\n\u2502  single row.\u2502\u2502  single row.\u2502\u2502  single row.\u2502\u2502  single row.\u2502\u2502  single row.\u2502\u2502  single row.\u2502\u2502  single row.\u2502\u2502  single row.\u2502\u2502  single row.\u2502\u2502  single row.\u2502\u2502  single row.\u2502\u2502  single row.\u2502\u2502  single row.\u2502\u2502  single row.\u2502\u2502  single row.\u2502\u2502             \u2502\n\u2502   Use \"SET  \u2502\u2502   Use \"SET  \u2502\u2502   Use \"SET  \u2502\u2502   Use \"SET  \u2502\u2502   Use \"SET  \u2502\u2502   Use \"SET  \u2502\u2502   Use \"SET  \u2502\u2502   Use \"SET  \u2502\u2502   Use \"SET  \u2502\u2502   Use \"SET  \u2502\u2502   Use \"SET  \u2502\u2502   Use \"SET  \u2502\u2502   Use \"SET  \u2502\u2502   Use \"SET  \u2502\u2502   Use \"SET  \u2502\u2502             \u2502\n\u2502 scalar_subqu\u2502\u2502 scalar_subqu\u2502\u2502 scalar_subqu\u2502\u2502 scalar_subqu\u2502\u2502 scalar_subqu\u2502\u2502 scalar_subqu\u2502\u2502 scalar_subqu\u2502\u2502 scalar_subqu\u2502\u2502 scalar_subqu\u2502\u2502 scalar_subqu\u2502\u2502 scalar_subqu\u2502\u2502 scalar_subqu\u2502\u2502 scalar_subqu\u2502\u2502 scalar_subqu\u2502\u2502 scalar_subqu\u2502\u2502             \u2502\n\u2502ery_error_on_\u2502\u2502ery_error_on_\u2502\u2502ery_error_on_\u2502\u2502ery_error_on_\u2502\u2502ery_error_on_\u2502\u2502ery_error_on_\u2502\u2502ery_error_on_\u2502\u2502ery_error_on_\u2502\u2502ery_error_on_\u2502\u2502ery_error_on_\u2502\u2502ery_error_on_\u2502\u2502ery_error_on_\u2502\u2502ery_error_on_\u2502\u2502ery_error_on_\u2502\u2502ery_error_on_\u2502\u2502             \u2502\n\u2502multiple_rows\u2502\u2502multiple_rows\u2502\u2502multiple_rows\u2502\u2502multiple_rows\u2502\u2502multiple_rows\u2502\u2502multiple_rows\u2502\u2502multiple_rows\u2502\u2502multiple_rows\u2502\u2502multiple_rows\u2502\u2502multiple_rows\u2502\u2502multiple_rows\u2502\u2502multiple_rows\u2502\u2502multiple_rows\u2502\u2502multiple_rows\u2502\u2502multiple_rows\u2502\u2502             \u2502\n\u2502  =false\" to \u2502\u2502  =false\" to \u2502\u2502  =false\" to \u2502\u2502  =false\" to \u2502\u2502  =false\" to \u2502\u2502  =false\" to \u2502\u2502  =false\" to \u2502\u2502  =false\" to \u2502\u2502  =false\" to \u2502\u2502  =false\" to \u2502\u2502  =false\" to \u2502\u2502  =false\" to \u2502\u2502  =false\" to \u2502\u2502  =false\" to \u2502\u2502  =false\" to \u2502\u2502             \u2502\n\u2502   revert to \u2502\u2502   revert to \u2502\u2502   revert to \u2502\u2502   revert to \u2502\u2502   revert to \u2502\u2502   revert to \u2502\u2502   revert to \u2502\u2502   revert to \u2502\u2502   revert to \u2502\u2502   revert to \u2502\u2502   revert to \u2502\u2502   revert to \u2502\u2502   revert to \u2502\u2502   revert to \u2502\u2502   revert to \u2502\u2502             \u2502\n\u2502   previous  \u2502\u2502   previous  \u2502\u2502   previous  \u2502\u2502   previous  \u2502\u2502   previous  \u2502\u2502   previous  \u2502\u2502   previous  \u2502\u2502   previous  \u2502\u2502   previous  \u2502\u2502   previous  \u2502\u2502   previous  \u2502\u2502   previous  \u2502\u2502   previous  \u2502\u2502   previous  \u2502\u2502   previous  \u2502\u2502             \u2502\n\u2502  behavior of\u2502\u2502  behavior of\u2502\u2502  behavior of\u2502\u2502  behavior of\u2502\u2502  behavior of\u2502\u2502  behavior of\u2502\u2502  behavior of\u2502\u2502  behavior of\u2502\u2502  behavior of\u2502\u2502  behavior of\u2502\u2502  behavior of\u2502\u2502  behavior of\u2502\u2502  behavior of\u2502\u2502  behavior of\u2502\u2502  behavior of\u2502\u2502             \u2502\n\u2502  returning a\u2502\u2502  returning a\u2502\u2502  returning a\u2502\u2502  returning a\u2502\u2502  returning a\u2502\u2502  returning a\u2502\u2502  returning a\u2502\u2502  returning a\u2502\u2502  returning a\u2502\u2502  returning a\u2502\u2502  returning a\u2502\u2502  returning a\u2502\u2502  returning a\u2502\u2502  returning a\u2502\u2502  returning a\u2502\u2502             \u2502\n\u2502  random row.\u2502\u2502  random row.\u2502\u2502  random row.\u2502\u2502  random row.\u2502\u2502  random row.\u2502\u2502  random row.\u2502\u2502  random row.\u2502\u2502  random row.\u2502\u2502  random row.\u2502\u2502  random row.\u2502\u2502  random row.\u2502\u2502  random row.\u2502\u2502  random row.\u2502\u2502  random row.\u2502\u2502  random row.\u2502\u2502             \u2502\n\u2502 ')) ELSE #0 \u2502\u2502 ')) ELSE #0 \u2502\u2502 ')) ELSE #0 \u2502\u2502 ')) ELSE #0 \u2502\u2502 ')) ELSE #0 \u2502\u2502 ')) ELSE #0 \u2502\u2502 ')) ELSE #0 \u2502\u2502 ')) ELSE #0 \u2502\u2502 ')) ELSE #0 \u2502\u2502 ')) ELSE #0 \u2502\u2502 ')) ELSE #0 \u2502\u2502 ')) ELSE #0 \u2502\u2502 ')) ELSE #0 \u2502\u2502 ')) ELSE #0 \u2502\u2502 ')) ELSE #0 \u2502\u2502             \u2502\n\u2502      END    \u2502\u2502      END    \u2502\u2502      END    \u2502\u2502      END    \u2502\u2502      END    \u2502\u2502      END    \u2502\u2502      END    \u2502\u2502      END    \u2502\u2502      END    \u2502\u2502      END    \u2502\u2502      END    \u2502\u2502      END    \u2502\u2502      END    \u2502\u2502      END    \u2502\u2502      END    \u2502\u2502             \u2502\n\u2502             \u2502\u2502             \u2502\u2502             \u2502\u2502             \u2502\u2502             \u2502\u2502             \u2502\u2502             \u2502\u2502             \u2502\u2502             \u2502\u2502             \u2502\u2502             \u2502\u2502             \u2502\u2502             \u2502\u2502             \u2502\u2502             \u2502\u2502             \u2502\n\u2502    ~1 row   \u2502\u2502    ~1 row   \u2502\u2502    ~1 row   \u2502\u2502    ~1 row   \u2502\u2502    ~1 row   \u2502\u2502    ~1 row   \u2502\u2502    ~1 row   \u2502\u2502    ~1 row   \u2502\u2502    ~1 row   \u2502\u2502    ~1 row   \u2502\u2502    ~1 row   \u2502\u2502    ~1 row   \u2502\u2502    ~1 row   \u2502\u2502    ~1 row   \u2502\u2502    ~1 row   \u2502\u2502    ~1 row   \u2502\n\u2514\u2500\u2500\u2500\u2500\u2500\u2500\u252c\u2500\u2500\u2500\u2500\u2500\u2500\u2518\u2514\u2500\u2500\u2500\u2500\u2500\u2500\u252c\u2500\u2500\u2500\u2500\u2500\u2500\u2518\u2514\u2500\u2500\u2500\u2500\u2500\u2500\u252c\u2500\u2500\u2500\u2500\u2500\u2500\u2518\u2514\u2500\u2500\u2500\u2500\u2500\u2500\u252c\u2500\u2500\u2500\u2500\u2500\u2500\u2518\u2514\u2500\u2500\u2500\u2500\u2500\u2500\u252c\u2500\u2500\u2500\u2500\u2500\u2500\u2518\u2514\u2500\u2500\u2500\u2500\u2500\u2500\u252c\u2500\u2500\u2500\u2500\u2500\u2500\u2518\u2514\u2500\u2500\u2500\u2500\u2500\u2500\u252c\u2500\u2500\u2500\u2500\u2500\u2500\u2518\u2514\u2500\u2500\u2500\u2500\u2500\u2500\u252c\u2500\u2500\u2500\u2500\u2500\u2500\u2518\u2514\u2500\u2500\u2500\u2500\u2500\u2500\u252c\u2500\u2500\u2500\u2500\u2500\u2500\u2518\u2514\u2500\u2500\u2500\u2500\u2500\u2500\u252c\u2500\u2500\u2500\u2500\u2500\u2500\u2518\u2514\u2500\u2500\u2500\u2500\u2500\u2500\u252c\u2500\u2500\u2500\u2500\u2500\u2500\u2518\u2514\u2500\u2500\u2500\u2500\u2500\u2500\u252c\u2500\u2500\u2500\u2500\u2500\u2500\u2518\u2514\u2500\u2500\u2500\u2500\u2500\u2500\u252c\u2500\u2500\u2500\u2500\u2500\u2500\u2518\u2514\u2500\u2500\u2500\u2500\u2500\u2500\u252c\u2500\u2500\u2500\u2500\u2500\u2500\u2518\u2514\u2500\u2500\u2500\u2500\u2500\u2500\u252c\u2500\u2500\u2500\u2500\u2500\u2500\u2518\u2514\u2500\u2500\u2500\u2500\u2500\u2500\u2500\u2500\u2500\u2500\u2500\u2500\u2500\u2518\n\u250c\u2500\u2500\u2500\u2500\u2500\u2500\u2534\u2500\u2500\u2500\u2500\u2500\u2500\u2510\u250c\u2500\u2500\u2500\u2500\u2500\u2500\u2534\u2500\u2500\u2500\u2500\u2500\u2500\u2510\u250c\u2500\u2500\u2500\u2500\u2500\u2500\u2534\u2500\u2500\u2500\u2500\u2500\u2500\u2510\u250c\u2500\u2500\u2500\u2500\u2500\u2500\u2534\u2500\u2500\u2500\u2500\u2500\u2500\u2510\u250c\u2500\u2500\u2500\u2500\u2500\u2500\u2534\u2500\u2500\u2500\u2500\u2500\u2500\u2510\u250c\u2500\u2500\u2500\u2500\u2500\u2500\u2534\u2500\u2500\u2500\u2500\u2500\u2500\u2510\u250c\u2500\u2500\u2500\u2500\u2500\u2500\u2534\u2500\u2500\u2500\u2500\u2500\u2500\u2510\u250c\u2500\u2500\u2500\u2500\u2500\u2500\u2534\u2500\u2500\u2500\u2500\u2500\u2500\u2510\u250c\u2500\u2500\u2500\u2500\u2500\u2500\u2534\u2500\u2500\u2500\u2500\u2500\u2500\u2510\u250c\u2500\u2500\u2500\u2500\u2500\u2500\u2534\u2500\u2500\u2500\u2500\u2500\u2500\u2510\u250c\u2500\u2500\u2500\u2500\u2500\u2500\u2534\u2500\u2500\u2500\u2500\u2500\u2500\u2510\u250c\u2500\u2500\u2500\u2500\u2500\u2500\u2534\u2500\u2500\u2500\u2500\u2500\u2500\u2510\u250c\u2500\u2500\u2500\u2500\u2500\u2500\u2534\u2500\u2500\u2500\u2500\u2500\u2500\u2510\u250c\u2500\u2500\u2500\u2500\u2500\u2500\u2534\u2500\u2500\u2500\u2500\u2500\u2500\u2510\u250c\u2500\u2500\u2500\u2500\u2500\u2500\u2534\u2500\u2500\u2500\u2500\u2500\u2500\u2510\n\u2502UNGROUPE...  \u2502\u2502UNGROUPE...  \u2502\u2502UNGROUPE...  \u2502\u2502UNGROUPE...  \u2502\u2502UNGROUPE...  \u2502\u2502UNGROUPE...  \u2502\u2502UNGROUPE...  \u2502\u2502UNGROUPE...  \u2502\u2502UNGROUPE...  \u2502\u2502UNGROUPE...  \u2502\u2502UNGROUPE...  \u2502\u2502UNGROUPE...  \u2502\u2502UNGROUPE...  \u2502\u2502UNGROUPE...  \u2502\u2502UNGROUPE...  \u2502\n\u2502    \u2500\u2500\u2500\u2500\u2500\u2500   \u2502\u2502    \u2500\u2500\u2500\u2500\u2500\u2500   \u2502\u2502    \u2500\u2500\u2500\u2500\u2500\u2500   \u2502\u2502    \u2500\u2500\u2500\u2500\u2500\u2500   \u2502\u2502    \u2500\u2500\u2500\u2500\u2500\u2500   \u2502\u2502    \u2500\u2500\u2500\u2500\u2500\u2500   \u2502\u2502    \u2500\u2500\u2500\u2500\u2500\u2500   \u2502\u2502    \u2500\u2500\u2500\u2500\u2500\u2500   \u2502\u2502    \u2500\u2500\u2500\u2500\u2500\u2500   \u2502\u2502    \u2500\u2500\u2500\u2500\u2500\u2500   \u2502\u2502    \u2500\u2500\u2500\u2500\u2500\u2500   \u2502\u2502    \u2500\u2500\u2500\u2500\u2500\u2500   \u2502\u2502    \u2500\u2500\u2500\u2500\u2500\u2500   \u2502\u2502    \u2500\u2500\u2500\u2500\u2500\u2500   \u2502\u2502    \u2500\u2500\u2500\u2500\u2500\u2500   \u2502\n\u2502 Aggregates: \u2502\u2502 Aggregates: \u2502\u2502 Aggregates: \u2502\u2502 Aggregates: \u2502\u2502 Aggregates: \u2502\u2502 Aggregates: \u2502\u2502 Aggregates: \u2502\u2502 Aggregates: \u2502\u2502 Aggregates: \u2502\u2502 Aggregates: \u2502\u2502 Aggregates: \u2502\u2502 Aggregates: \u2502\u2502 Aggregates: \u2502\u2502 Aggregates: \u2502\u2502 Aggregates: \u2502\n\u2502 \"first\"(#0) \u2502\u2502 \"first\"(#0) \u2502\u2502 \"first\"(#0) \u2502\u2502 \"first\"(#0) \u2502\u2502 \"first\"(#0) \u2502\u2502 \"first\"(#0) \u2502\u2502 \"first\"(#0) \u2502\u2502 \"first\"(#0) \u2502\u2502 \"first\"(#0) \u2502\u2502 \"first\"(#0) \u2502\u2502 \"first\"(#0) \u2502\u2502 \"first\"(#0) \u2502\u2502 \"first\"(#0) \u2502\u2502 \"first\"(#0) \u2502\u2502 \"first\"(#0) \u2502\n\u2502 count_star()\u2502\u2502 count_star()\u2502\u2502 count_star()\u2502\u2502 count_star()\u2502\u2502 count_star()\u2502\u2502 count_star()\u2502\u2502 count_star()\u2502\u2502 count_star()\u2502\u2502 count_star()\u2502\u2502 count_star()\u2502\u2502 count_star()\u2502\u2502 count_star()\u2502\u2502 count_star()\u2502\u2502 count_star()\u2502\u2502 count_star()\u2502\n\u2514\u2500\u2500\u2500\u2500\u2500\u2500\u252c\u2500\u2500\u2500\u2500\u2500\u2500\u2518\u2514\u2500\u2500\u2500\u2500\u2500\u2500\u252c\u2500\u2500\u2500\u2500\u2500\u2500\u2518\u2514\u2500\u2500\u2500\u2500\u2500\u2500\u252c\u2500\u2500\u2500\u2500\u2500\u2500\u2518\u2514\u2500\u2500\u2500\u2500\u2500\u2500\u252c\u2500\u2500\u2500\u2500\u2500\u2500\u2518\u2514\u2500\u2500\u2500\u2500\u2500\u2500\u252c\u2500\u2500\u2500\u2500\u2500\u2500\u2518\u2514\u2500\u2500\u2500\u2500\u2500\u2500\u252c\u2500\u2500\u2500\u2500\u2500\u2500\u2518\u2514\u2500\u2500\u2500\u2500\u2500\u2500\u252c\u2500\u2500\u2500\u2500\u2500\u2500\u2518\u2514\u2500\u2500\u2500\u2500\u2500\u2500\u252c\u2500\u2500\u2500\u2500\u2500\u2500\u2518\u2514\u2500\u2500\u2500\u2500\u2500\u2500\u252c\u2500\u2500\u2500\u2500\u2500\u2500\u2518\u2514\u2500\u2500\u2500\u2500\u2500\u2500\u252c\u2500\u2500\u2500\u2500\u2500\u2500\u2518\u2514\u2500\u2500\u2500\u2500\u2500\u2500\u252c\u2500\u2500\u2500\u2500\u2500\u2500\u2518\u2514\u2500\u2500\u2500\u2500\u2500\u2500\u252c\u2500\u2500\u2500\u2500\u2500\u2500\u2518\u2514\u2500\u2500\u2500\u2500\u2500\u2500\u252c\u2500\u2500\u2500\u2500\u2500\u2500\u2518\u2514\u2500\u2500\u2500\u2500\u2500\u2500\u252c\u2500\u2500\u2500\u2500\u2500\u2500\u2518\u2514\u2500\u2500\u2500\u2500\u2500\u2500\u252c\u2500\u2500\u2500\u2500\u2500\u2500\u2518\n\u250c\u2500\u2500\u2500\u2500\u2500\u2500\u2534\u2500\u2500\u2500\u2500\u2500\u2500\u2510\u250c\u2500\u2500\u2500\u2500\u2500\u2500\u2534\u2500\u2500\u2500\u2500\u2500\u2500\u2510\u250c\u2500\u2500\u2500\u2500\u2500\u2500\u2534\u2500\u2500\u2500\u2500\u2500\u2500\u2510\u250c\u2500\u2500\u2500\u2500\u2500\u2500\u2534\u2500\u2500\u2500\u2500\u2500\u2500\u2510\u250c\u2500\u2500\u2500\u2500\u2500\u2500\u2534\u2500\u2500\u2500\u2500\u2500\u2500\u2510\u250c\u2500\u2500\u2500\u2500\u2500\u2500\u2534\u2500\u2500\u2500\u2500\u2500\u2500\u2510\u250c\u2500\u2500\u2500\u2500\u2500\u2500\u2534\u2500\u2500\u2500\u2500\u2500\u2500\u2510\u250c\u2500\u2500\u2500\u2500\u2500\u2500\u2534\u2500\u2500\u2500\u2500\u2500\u2500\u2510\u250c\u2500\u2500\u2500\u2500\u2500\u2500\u2534\u2500\u2500\u2500\u2500\u2500\u2500\u2510\u250c\u2500\u2500\u2500\u2500\u2500\u2500\u2534\u2500\u2500\u2500\u2500\u2500\u2500\u2510\u250c\u2500\u2500\u2500\u2500\u2500\u2500\u2534\u2500\u2500\u2500\u2500\u2500\u2500\u2510\u250c\u2500\u2500\u2500\u2500\u2500\u2500\u2534\u2500\u2500\u2500\u2500\u2500\u2500\u2510\u250c\u2500\u2500\u2500\u2500\u2500\u2500\u2534\u2500\u2500\u2500\u2500\u2500\u2500\u2510\u250c\u2500\u2500\u2500\u2500\u2500\u2500\u2534\u2500\u2500\u2500\u2500\u2500\u2500\u2510\u250c\u2500\u2500\u2500\u2500\u2500\u2500\u2534\u2500\u2500\u2500\u2500\u2500\u2500\u2510\n\u2502  PROJECTION \u2502\u2502  PROJECTION \u2502\u2502  PROJECTION \u2502\u2502  PROJECTION \u2502\u2502  PROJECTION \u2502\u2502  PROJECTION \u2502\u2502  PROJECTION \u2502\u2502  PROJECTION \u2502\u2502  PROJECTION \u2502\u2502  PROJECTION \u2502\u2502  PROJECTION \u2502\u2502  PROJECTION \u2502\u2502  PROJECTION \u2502\u2502  PROJECTION \u2502\u2502  PROJECTION \u2502\n\u2502    \u2500\u2500\u2500\u2500\u2500\u2500   \u2502\u2502    \u2500\u2500\u2500\u2500\u2500\u2500   \u2502\u2502    \u2500\u2500\u2500\u2500\u2500\u2500   \u2502\u2502    \u2500\u2500\u2500\u2500\u2500\u2500   \u2502\u2502    \u2500\u2500\u2500\u2500\u2500\u2500   \u2502\u2502    \u2500\u2500\u2500\u2500\u2500\u2500   \u2502\u2502    \u2500\u2500\u2500\u2500\u2500\u2500   \u2502\u2502    \u2500\u2500\u2500\u2500\u2500\u2500   \u2502\u2502    \u2500\u2500\u2500\u2500\u2500\u2500   \u2502\u2502    \u2500\u2500\u2500\u2500\u2500\u2500   \u2502\u2502    \u2500\u2500\u2500\u2500\u2500\u2500   \u2502\u2502    \u2500\u2500\u2500\u2500\u2500\u2500   \u2502\u2502    \u2500\u2500\u2500\u2500\u2500\u2500   \u2502\u2502    \u2500\u2500\u2500\u2500\u2500\u2500   \u2502\u2502    \u2500\u2500\u2500\u2500\u2500\u2500   \u2502\n\u2502      #0     \u2502\u2502      #0     \u2502\u2502      #0     \u2502\u2502      #0     \u2502\u2502      #0     \u2502\u2502      #0     \u2502\u2502      #0     \u2502\u2502      #0     \u2502\u2502      #0     \u2502\u2502      #0     \u2502\u2502      #0     \u2502\u2502      #0     \u2502\u2502      #0     \u2502\u2502      #0     \u2502\u2502      #0     \u2502\n\u2502             \u2502\u2502             \u2502\u2502             \u2502\u2502             \u2502\u2502             \u2502\u2502             \u2502\u2502             \u2502\u2502             \u2502\u2502             \u2502\u2502             \u2502\u2502             \u2502\u2502             \u2502\u2502             \u2502\u2502             \u2502\u2502             \u2502\n\u2502    ~1 row   \u2502\u2502    ~1 row   \u2502\u2502    ~1 row   \u2502\u2502    ~1 row   \u2502\u2502    ~1 row   \u2502\u2502    ~1 row   \u2502\u2502    ~1 row   \u2502\u2502    ~1 row   \u2502\u2502    ~1 row   \u2502\u2502    ~1 row   \u2502\u2502    ~1 row   \u2502\u2502    ~1 row   \u2502\u2502    ~1 row   \u2502\u2502    ~1 row   \u2502\u2502    ~1 row   \u2502\n\u2514\u2500\u2500\u2500\u2500\u2500\u2500\u252c\u2500\u2500\u2500\u2500\u2500\u2500\u2518\u2514\u2500\u2500\u2500\u2500\u2500\u2500\u252c\u2500\u2500\u2500\u2500\u2500\u2500\u2518\u2514\u2500\u2500\u2500\u2500\u2500\u2500\u252c\u2500\u2500\u2500\u2500\u2500\u2500\u2518\u2514\u2500\u2500\u2500\u2500\u2500\u2500\u252c\u2500\u2500\u2500\u2500\u2500\u2500\u2518\u2514\u2500\u2500\u2500\u2500\u2500\u2500\u252c\u2500\u2500\u2500\u2500\u2500\u2500\u2518\u2514\u2500\u2500\u2500\u2500\u2500\u2500\u252c\u2500\u2500\u2500\u2500\u2500\u2500\u2518\u2514\u2500\u2500\u2500\u2500\u2500\u2500\u252c\u2500\u2500\u2500\u2500\u2500\u2500\u2518\u2514\u2500\u2500\u2500\u2500\u2500\u2500\u252c\u2500\u2500\u2500\u2500\u2500\u2500\u2518\u2514\u2500\u2500\u2500\u2500\u2500\u2500\u252c\u2500\u2500\u2500\u2500\u2500\u2500\u2518\u2514\u2500\u2500\u2500\u2500\u2500\u2500\u252c\u2500\u2500\u2500\u2500\u2500\u2500\u2518\u2514\u2500\u2500\u2500\u2500\u2500\u2500\u252c\u2500\u2500\u2500\u2500\u2500\u2500\u2518\u2514\u2500\u2500\u2500\u2500\u2500\u2500\u252c\u2500\u2500\u2500\u2500\u2500\u2500\u2518\u2514\u2500\u2500\u2500\u2500\u2500\u2500\u252c\u2500\u2500\u2500\u2500\u2500\u2500\u2518\u2514\u2500\u2500\u2500\u2500\u2500\u2500\u252c\u2500\u2500\u2500\u2500\u2500\u2500\u2518\u2514\u2500\u2500\u2500\u2500\u2500\u2500\u252c\u2500\u2500\u2500\u2500\u2500\u2500\u2518\n\u250c\u2500\u2500\u2500\u2500\u2500\u2500\u2534\u2500\u2500\u2500\u2500\u2500\u2500\u2510\u250c\u2500\u2500\u2500\u2500\u2500\u2500\u2534\u2500\u2500\u2500\u2500\u2500\u2500\u2510\u250c\u2500\u2500\u2500\u2500\u2500\u2500\u2534\u2500\u2500\u2500\u2500\u2500\u2500\u2510\u250c\u2500\u2500\u2500\u2500\u2500\u2500\u2534\u2500\u2500\u2500\u2500\u2500\u2500\u2510\u250c\u2500\u2500\u2500\u2500\u2500\u2500\u2534\u2500\u2500\u2500\u2500\u2500\u2500\u2510\u250c\u2500\u2500\u2500\u2500\u2500\u2500\u2534\u2500\u2500\u2500\u2500\u2500\u2500\u2510\u250c\u2500\u2500\u2500\u2500\u2500\u2500\u2534\u2500\u2500\u2500\u2500\u2500\u2500\u2510\u250c\u2500\u2500\u2500\u2500\u2500\u2500\u2534\u2500\u2500\u2500\u2500\u2500\u2500\u2510\u250c\u2500\u2500\u2500\u2500\u2500\u2500\u2534\u2500\u2500\u2500\u2500\u2500\u2500\u2510\u250c\u2500\u2500\u2500\u2500\u2500\u2500\u2534\u2500\u2500\u2500\u2500\u2500\u2500\u2510\u250c\u2500\u2500\u2500\u2500\u2500\u2500\u2534\u2500\u2500\u2500\u2500\u2500\u2500\u2510\u250c\u2500\u2500\u2500\u2500\u2500\u2500\u2534\u2500\u2500\u2500\u2500\u2500\u2500\u2510\u250c\u2500\u2500\u2500\u2500\u2500\u2500\u2534\u2500\u2500\u2500\u2500\u2500\u2500\u2510\u250c\u2500\u2500\u2500\u2500\u2500\u2500\u2534\u2500\u2500\u2500\u2500\u2500\u2500\u2510\u250c\u2500\u2500\u2500\u2500\u2500\u2500\u2534\u2500\u2500\u2500\u2500\u2500\u2500\u2510\n\u2502UNGROUPE...  \u2502\u2502UNGROUPE...  \u2502\u2502UNGROUPE...  \u2502\u2502UNGROUPE...  \u2502\u2502UNGROUPE...  \u2502\u2502UNGROUPE...  \u2502\u2502UNGROUPE...  \u2502\u2502UNGROUPE...  \u2502\u2502UNGROUPE...  \u2502\u2502UNGROUPE...  \u2502\u2502UNGROUPE...  \u2502\u2502UNGROUPE...  \u2502\u2502UNGROUPE...  \u2502\u2502UNGROUPE...  \u2502\u2502UNGROUPE...  \u2502\n\u2502    \u2500\u2500\u2500\u2500\u2500\u2500   \u2502\u2502    \u2500\u2500\u2500\u2500\u2500\u2500   \u2502\u2502    \u2500\u2500\u2500\u2500\u2500\u2500   \u2502\u2502    \u2500\u2500\u2500\u2500\u2500\u2500   \u2502\u2502    \u2500\u2500\u2500\u2500\u2500\u2500   \u2502\u2502    \u2500\u2500\u2500\u2500\u2500\u2500   \u2502\u2502    \u2500\u2500\u2500\u2500\u2500\u2500   \u2502\u2502    \u2500\u2500\u2500\u2500\u2500\u2500   \u2502\u2502    \u2500\u2500\u2500\u2500\u2500\u2500   \u2502\u2502    \u2500\u2500\u2500\u2500\u2500\u2500   \u2502\u2502    \u2500\u2500\u2500\u2500\u2500\u2500   \u2502\u2502    \u2500\u2500\u2500\u2500\u2500\u2500   \u2502\u2502    \u2500\u2500\u2500\u2500\u2500\u2500   \u2502\u2502    \u2500\u2500\u2500\u2500\u2500\u2500   \u2502\u2502    \u2500\u2500\u2500\u2500\u2500\u2500   \u2502\n\u2502 Aggregates: \u2502\u2502 Aggregates: \u2502\u2502 Aggregates: \u2502\u2502 Aggregates: \u2502\u2502 Aggregates: \u2502\u2502 Aggregates: \u2502\u2502 Aggregates: \u2502\u2502 Aggregates: \u2502\u2502 Aggregates: \u2502\u2502 Aggregates: \u2502\u2502 Aggregates: \u2502\u2502 Aggregates: \u2502\u2502 Aggregates: \u2502\u2502 Aggregates: \u2502\u2502 Aggregates: \u2502\n\u2502   avg(#0)   \u2502\u2502   avg(#0)   \u2502\u2502 count_star()\u2502\u2502   avg(#0)   \u2502\u2502   avg(#0)   \u2502\u2502 count_star()\u2502\u2502   avg(#0)   \u2502\u2502   avg(#0)   \u2502\u2502 count_star()\u2502\u2502   avg(#0)   \u2502\u2502   avg(#0)   \u2502\u2502 count_star()\u2502\u2502   avg(#0)   \u2502\u2502   avg(#0)   \u2502\u2502 count_star()\u2502\n\u2514\u2500\u2500\u2500\u2500\u2500\u2500\u252c\u2500\u2500\u2500\u2500\u2500\u2500\u2518\u2514\u2500\u2500\u2500\u2500\u2500\u2500\u252c\u2500\u2500\u2500\u2500\u2500\u2500\u2518\u2514\u2500\u2500\u2500\u2500\u2500\u2500\u252c\u2500\u2500\u2500\u2500\u2500\u2500\u2518\u2514\u2500\u2500\u2500\u2500\u2500\u2500\u252c\u2500\u2500\u2500\u2500\u2500\u2500\u2518\u2514\u2500\u2500\u2500\u2500\u2500\u2500\u252c\u2500\u2500\u2500\u2500\u2500\u2500\u2518\u2514\u2500\u2500\u2500\u2500\u2500\u2500\u252c\u2500\u2500\u2500\u2500\u2500\u2500\u2518\u2514\u2500\u2500\u2500\u2500\u2500\u2500\u252c\u2500\u2500\u2500\u2500\u2500\u2500\u2518\u2514\u2500\u2500\u2500\u2500\u2500\u2500\u252c\u2500\u2500\u2500\u2500\u2500\u2500\u2518\u2514\u2500\u2500\u2500\u2500\u2500\u2500\u252c\u2500\u2500\u2500\u2500\u2500\u2500\u2518\u2514\u2500\u2500\u2500\u2500\u2500\u2500\u252c\u2500\u2500\u2500\u2500\u2500\u2500\u2518\u2514\u2500\u2500\u2500\u2500\u2500\u2500\u252c\u2500\u2500\u2500\u2500\u2500\u2500\u2518\u2514\u2500\u2500\u2500\u2500\u2500\u2500\u252c\u2500\u2500\u2500\u2500\u2500\u2500\u2518\u2514\u2500\u2500\u2500\u2500\u2500\u2500\u252c\u2500\u2500\u2500\u2500\u2500\u2500\u2518\u2514\u2500\u2500\u2500\u2500\u2500\u2500\u252c\u2500\u2500\u2500\u2500\u2500\u2500\u2518\u2514\u2500\u2500\u2500\u2500\u2500\u2500\u252c\u2500\u2500\u2500\u2500\u2500\u2500\u2518\n\u250c\u2500\u2500\u2500\u2500\u2500\u2500\u2534\u2500\u2500\u2500\u2500\u2500\u2500\u2510\u250c\u2500\u2500\u2500\u2500\u2500\u2500\u2534\u2500\u2500\u2500\u2500\u2500\u2500\u2510\u250c\u2500\u2500\u2500\u2500\u2500\u2500\u2534\u2500\u2500\u2500\u2500\u2500\u2500\u2510\u250c\u2500\u2500\u2500\u2500\u2500\u2500\u2534\u2500\u2500\u2500\u2500\u2500\u2500\u2510\u250c\u2500\u2500\u2500\u2500\u2500\u2500\u2534\u2500\u2500\u2500\u2500\u2500\u2500\u2510\u250c\u2500\u2500\u2500\u2500\u2500\u2500\u2534\u2500\u2500\u2500\u2500\u2500\u2500\u2510\u250c\u2500\u2500\u2500\u2500\u2500\u2500\u2534\u2500\u2500\u2500\u2500\u2500\u2500\u2510\u250c\u2500\u2500\u2500\u2500\u2500\u2500\u2534\u2500\u2500\u2500\u2500\u2500\u2500\u2510\u250c\u2500\u2500\u2500\u2500\u2500\u2500\u2534\u2500\u2500\u2500\u2500\u2500\u2500\u2510\u250c\u2500\u2500\u2500\u2500\u2500\u2500\u2534\u2500\u2500\u2500\u2500\u2500\u2500\u2510\u250c\u2500\u2500\u2500\u2500\u2500\u2500\u2534\u2500\u2500\u2500\u2500\u2500\u2500\u2510\u250c\u2500\u2500\u2500\u2500\u2500\u2500\u2534\u2500\u2500\u2500\u2500\u2500\u2500\u2510\u250c\u2500\u2500\u2500\u2500\u2500\u2500\u2534\u2500\u2500\u2500\u2500\u2500\u2500\u2510\u250c\u2500\u2500\u2500\u2500\u2500\u2500\u2534\u2500\u2500\u2500\u2500\u2500\u2500\u2510\u250c\u2500\u2500\u2500\u2500\u2500\u2500\u2534\u2500\u2500\u2500\u2500\u2500\u2500\u2510\n\u2502  PROJECTION \u2502\u2502  PROJECTION \u2502\u2502  SEQ_SCAN   \u2502\u2502  PROJECTION \u2502\u2502  PROJECTION \u2502\u2502  SEQ_SCAN   \u2502\u2502  PROJECTION \u2502\u2502  PROJECTION \u2502\u2502  SEQ_SCAN   \u2502\u2502  PROJECTION \u2502\u2502  PROJECTION \u2502\u2502  SEQ_SCAN   \u2502\u2502  PROJECTION \u2502\u2502  PROJECTION \u2502\u2502  SEQ_SCAN   \u2502\n\u2502    \u2500\u2500\u2500\u2500\u2500\u2500   \u2502\u2502    \u2500\u2500\u2500\u2500\u2500\u2500   \u2502\u2502    \u2500\u2500\u2500\u2500\u2500\u2500   \u2502\u2502    \u2500\u2500\u2500\u2500\u2500\u2500   \u2502\u2502    \u2500\u2500\u2500\u2500\u2500\u2500   \u2502\u2502    \u2500\u2500\u2500\u2500\u2500\u2500   \u2502\u2502    \u2500\u2500\u2500\u2500\u2500\u2500   \u2502\u2502    \u2500\u2500\u2500\u2500\u2500\u2500   \u2502\u2502    \u2500\u2500\u2500\u2500\u2500\u2500   \u2502\u2502    \u2500\u2500\u2500\u2500\u2500\u2500   \u2502\u2502    \u2500\u2500\u2500\u2500\u2500\u2500   \u2502\u2502    \u2500\u2500\u2500\u2500\u2500\u2500   \u2502\u2502    \u2500\u2500\u2500\u2500\u2500\u2500   \u2502\u2502    \u2500\u2500\u2500\u2500\u2500\u2500   \u2502\u2502    \u2500\u2500\u2500\u2500\u2500\u2500   \u2502\n\u2502ss_ext_sales_\u2502\u2502ss_net_profit\u2502\u2502    Table:   \u2502\u2502ss_ext_sales_\u2502\u2502ss_net_profit\u2502\u2502    Table:   \u2502\u2502ss_ext_sales_\u2502\u2502ss_net_profit\u2502\u2502    Table:   \u2502\u2502ss_ext_sales_\u2502\u2502ss_net_profit\u2502\u2502    Table:   \u2502\u2502ss_ext_sales_\u2502\u2502ss_net_profit\u2502\u2502    Table:   \u2502\n\u2502    price    \u2502\u2502             \u2502\u2502 store_sales \u2502\u2502    price    \u2502\u2502             \u2502\u2502 store_sales \u2502\u2502    price    \u2502\u2502             \u2502\u2502 store_sales \u2502\u2502    price    \u2502\u2502             \u2502\u2502 store_sales \u2502\u2502    price    \u2502\u2502             \u2502\u2502 store_sales \u2502\n\u2502             \u2502\u2502             \u2502\u2502             \u2502\u2502             \u2502\u2502             \u2502\u2502             \u2502\u2502             \u2502\u2502             \u2502\u2502             \u2502\u2502             \u2502\u2502             \u2502\u2502             \u2502\u2502             \u2502\u2502             \u2502\u2502             \u2502\n\u2502             \u2502\u2502             \u2502\u2502    Type:    \u2502\u2502             \u2502\u2502             \u2502\u2502    Type:    \u2502\u2502             \u2502\u2502             \u2502\u2502    Type:    \u2502\u2502             \u2502\u2502             \u2502\u2502    Type:    \u2502\u2502             \u2502\u2502             \u2502\u2502    Type:    \u2502\n\u2502             \u2502\u2502             \u2502\u2502  Sequential \u2502\u2502             \u2502\u2502             \u2502\u2502  Sequential \u2502\u2502             \u2502\u2502             \u2502\u2502  Sequential \u2502\u2502             \u2502\u2502             \u2502\u2502  Sequential \u2502\u2502             \u2502\u2502             \u2502\u2502  Sequential \u2502\n\u2502             \u2502\u2502             \u2502\u2502     Scan    \u2502\u2502             \u2502\u2502             \u2502\u2502     Scan    \u2502\u2502             \u2502\u2502             \u2502\u2502     Scan    \u2502\u2502             \u2502\u2502             \u2502\u2502     Scan    \u2502\u2502             \u2502\u2502             \u2502\u2502     Scan    \u2502\n\u2502             \u2502\u2502             \u2502\u2502             \u2502\u2502             \u2502\u2502             \u2502\u2502             \u2502\u2502             \u2502\u2502             \u2502\u2502             \u2502\u2502             \u2502\u2502             \u2502\u2502             \u2502\u2502             \u2502\u2502             \u2502\u2502             \u2502\n\u2502             \u2502\u2502             \u2502\u2502   Filters:  \u2502\u2502             \u2502\u2502             \u2502\u2502   Filters:  \u2502\u2502             \u2502\u2502             \u2502\u2502   Filters:  \u2502\u2502             \u2502\u2502             \u2502\u2502   Filters:  \u2502\u2502             \u2502\u2502             \u2502\u2502   Filters:  \u2502\n\u2502             \u2502\u2502             \u2502\u2502 ss_quantity>\u2502\u2502             \u2502\u2502             \u2502\u2502 ss_quantity>\u2502\u2502             \u2502\u2502             \u2502\u2502 ss_quantity>\u2502\u2502             \u2502\u2502             \u2502\u2502 ss_quantity>\u2502\u2502             \u2502\u2502             \u2502\u2502 ss_quantity>\u2502\n\u2502             \u2502\u2502             \u2502\u2502=61 AND ss_qu\u2502\u2502             \u2502\u2502             \u2502\u2502=81 AND ss_qu\u2502\u2502             \u2502\u2502             \u2502\u2502=21 AND ss_qu\u2502\u2502             \u2502\u2502             \u2502\u2502=41 AND ss_qu\u2502\u2502             \u2502\u2502             \u2502\u2502=1 AND ss_qua\u2502\n\u2502             \u2502\u2502             \u2502\u2502  antity<=80 \u2502\u2502             \u2502\u2502             \u2502\u2502 antity<=100 \u2502\u2502             \u2502\u2502             \u2502\u2502  antity<=40 \u2502\u2502             \u2502\u2502             \u2502\u2502  antity<=60 \u2502\u2502             \u2502\u2502             \u2502\u2502  ntity<=20  \u2502\n\u2502             \u2502\u2502             \u2502\u2502             \u2502\u2502             \u2502\u2502             \u2502\u2502             \u2502\u2502             \u2502\u2502             \u2502\u2502             \u2502\u2502             \u2502\u2502             \u2502\u2502             \u2502\u2502             \u2502\u2502             \u2502\u2502             \u2502\n\u2502~5,760,1...  \u2502\u2502~5,760,1...  \u2502\u2502~5,760,1...  \u2502\u2502~5,760,1...  \u2502\u2502~5,760,1...  \u2502\u2502~5,760,1...  \u2502\u2502~5,760,1...  \u2502\u2502~5,760,1...  \u2502\u2502~5,760,1...  \u2502\u2502~5,760,1...  \u2502\u2502~5,760,1...  \u2502\u2502~5,760,1...  \u2502\u2502~5,760,1...  \u2502\u2502~5,760,1...  \u2502\u2502~5,760,1...  \u2502\n\u2514\u2500\u2500\u2500\u2500\u2500\u2500\u252c\u2500\u2500\u2500\u2500\u2500\u2500\u2518\u2514\u2500\u2500\u2500\u2500\u2500\u2500\u252c\u2500\u2500\u2500\u2500\u2500\u2500\u2518\u2514\u2500\u2500\u2500\u2500\u2500\u2500\u2500\u2500\u2500\u2500\u2500\u2500\u2500\u2518\u2514\u2500\u2500\u2500\u2500\u2500\u2500\u252c\u2500\u2500\u2500\u2500\u2500\u2500\u2518\u2514\u2500\u2500\u2500\u2500\u2500\u2500\u252c\u2500\u2500\u2500\u2500\u2500\u2500\u2518\u2514\u2500\u2500\u2500\u2500\u2500\u2500\u2500\u2500\u2500\u2500\u2500\u2500\u2500\u2518\u2514\u2500\u2500\u2500\u2500\u2500\u2500\u252c\u2500\u2500\u2500\u2500\u2500\u2500\u2518\u2514\u2500\u2500\u2500\u2500\u2500\u2500\u252c\u2500\u2500\u2500\u2500\u2500\u2500\u2518\u2514\u2500\u2500\u2500\u2500\u2500\u2500\u2500\u2500\u2500\u2500\u2500\u2500\u2500\u2518\u2514\u2500\u2500\u2500\u2500\u2500\u2500\u252c\u2500\u2500\u2500\u2500\u2500\u2500\u2518\u2514\u2500\u2500\u2500\u2500\u2500\u2500\u252c\u2500\u2500\u2500\u2500\u2500\u2500\u2518\u2514\u2500\u2500\u2500\u2500\u2500\u2500\u2500\u2500\u2500\u2500\u2500\u2500\u2500\u2518\u2514\u2500\u2500\u2500\u2500\u2500\u2500\u252c\u2500\u2500\u2500\u2500\u2500\u2500\u2518\u2514\u2500\u2500\u2500\u2500\u2500\u2500\u252c\u2500\u2500\u2500\u2500\u2500\u2500\u2518\u2514\u2500\u2500\u2500\u2500\u2500\u2500\u2500\u2500\u2500\u2500\u2500\u2500\u2500\u2518\n\u250c\u2500\u2500\u2500\u2500\u2500\u2500\u2534\u2500\u2500\u2500\u2500\u2500\u2500\u2510\u250c\u2500\u2500\u2500\u2500\u2500\u2500\u2534\u2500\u2500\u2500\u2500\u2500\u2500\u2510               \u250c\u2500\u2500\u2500\u2500\u2500\u2500\u2534\u2500\u2500\u2500\u2500\u2500\u2500\u2510\u250c\u2500\u2500\u2500\u2500\u2500\u2500\u2534\u2500\u2500\u2500\u2500\u2500\u2500\u2510               \u250c\u2500\u2500\u2500\u2500\u2500\u2500\u2534\u2500\u2500\u2500\u2500\u2500\u2500\u2510\u250c\u2500\u2500\u2500\u2500\u2500\u2500\u2534\u2500\u2500\u2500\u2500\u2500\u2500\u2510               \u250c\u2500\u2500\u2500\u2500\u2500\u2500\u2534\u2500\u2500\u2500\u2500\u2500\u2500\u2510\u250c\u2500\u2500\u2500\u2500\u2500\u2500\u2534\u2500\u2500\u2500\u2500\u2500\u2500\u2510               \u250c\u2500\u2500\u2500\u2500\u2500\u2500\u2534\u2500\u2500\u2500\u2500\u2500\u2500\u2510\u250c\u2500\u2500\u2500\u2500\u2500\u2500\u2534\u2500\u2500\u2500\u2500\u2500\u2500\u2510\n\u2502  SEQ_SCAN   \u2502\u2502  SEQ_SCAN   \u2502               \u2502  SEQ_SCAN   \u2502\u2502  SEQ_SCAN   \u2502               \u2502  SEQ_SCAN   \u2502\u2502  SEQ_SCAN   \u2502               \u2502  SEQ_SCAN   \u2502\u2502  SEQ_SCAN   \u2502               \u2502  SEQ_SCAN   \u2502\u2502  SEQ_SCAN   \u2502\n\u2502    \u2500\u2500\u2500\u2500\u2500\u2500   \u2502\u2502    \u2500\u2500\u2500\u2500\u2500\u2500   \u2502               \u2502    \u2500\u2500\u2500\u2500\u2500\u2500   \u2502\u2502    \u2500\u2500\u2500\u2500\u2500\u2500   \u2502               \u2502    \u2500\u2500\u2500\u2500\u2500\u2500   \u2502\u2502    \u2500\u2500\u2500\u2500\u2500\u2500   \u2502               \u2502    \u2500\u2500\u2500\u2500\u2500\u2500   \u2502\u2502    \u2500\u2500\u2500\u2500\u2500\u2500   \u2502               \u2502    \u2500\u2500\u2500\u2500\u2500\u2500   \u2502\u2502    \u2500\u2500\u2500\u2500\u2500\u2500   \u2502\n\u2502    Table:   \u2502\u2502    Table:   \u2502               \u2502    Table:   \u2502\u2502    Table:   \u2502               \u2502    Table:   \u2502\u2502    Table:   \u2502               \u2502    Table:   \u2502\u2502    Table:   \u2502               \u2502    Table:   \u2502\u2502    Table:   \u2502\n\u2502 store_sales \u2502\u2502 store_sales \u2502               \u2502 store_sales \u2502\u2502 store_sales \u2502               \u2502 store_sales \u2502\u2502 store_sales \u2502               \u2502 store_sales \u2502\u2502 store_sales \u2502               \u2502 store_sales \u2502\u2502 store_sales \u2502\n\u2502             \u2502\u2502             \u2502               \u2502             \u2502\u2502             \u2502               \u2502             \u2502\u2502             \u2502               \u2502             \u2502\u2502             \u2502               \u2502             \u2502\u2502             \u2502\n\u2502    Type:    \u2502\u2502    Type:    \u2502               \u2502    Type:    \u2502\u2502    Type:    \u2502               \u2502    Type:    \u2502\u2502    Type:    \u2502               \u2502    Type:    \u2502\u2502    Type:    \u2502               \u2502    Type:    \u2502\u2502    Type:    \u2502\n\u2502  Sequential \u2502\u2502  Sequential \u2502               \u2502  Sequential \u2502\u2502  Sequential \u2502               \u2502  Sequential \u2502\u2502  Sequential \u2502               \u2502  Sequential \u2502\u2502  Sequential \u2502               \u2502  Sequential \u2502\u2502  Sequential \u2502\n\u2502     Scan    \u2502\u2502     Scan    \u2502               \u2502     Scan    \u2502\u2502     Scan    \u2502               \u2502     Scan    \u2502\u2502     Scan    \u2502               \u2502     Scan    \u2502\u2502     Scan    \u2502               \u2502     Scan    \u2502\u2502     Scan    \u2502\n\u2502             \u2502\u2502             \u2502               \u2502             \u2502\u2502             \u2502               \u2502             \u2502\u2502             \u2502               \u2502             \u2502\u2502             \u2502               \u2502             \u2502\u2502             \u2502\n\u2502 Projections:\u2502\u2502 Projections:\u2502               \u2502 Projections:\u2502\u2502 Projections:\u2502               \u2502 Projections:\u2502\u2502 Projections:\u2502               \u2502 Projections:\u2502\u2502 Projections:\u2502               \u2502 Projections:\u2502\u2502 Projections:\u2502\n\u2502ss_ext_sales_\u2502\u2502ss_net_profit\u2502               \u2502ss_ext_sales_\u2502\u2502ss_net_profit\u2502               \u2502ss_ext_sales_\u2502\u2502ss_net_profit\u2502               \u2502ss_ext_sales_\u2502\u2502ss_net_profit\u2502               \u2502ss_ext_sales_\u2502\u2502ss_net_profit\u2502\n\u2502    price    \u2502\u2502             \u2502               \u2502    price    \u2502\u2502             \u2502               \u2502    price    \u2502\u2502             \u2502               \u2502    price    \u2502\u2502             \u2502               \u2502    price    \u2502\u2502             \u2502\n\u2502             \u2502\u2502   Filters:  \u2502               \u2502             \u2502\u2502   Filters:  \u2502               \u2502             \u2502\u2502   Filters:  \u2502               \u2502             \u2502\u2502   Filters:  \u2502               \u2502             \u2502\u2502   Filters:  \u2502\n\u2502   Filters:  \u2502\u2502 ss_quantity>\u2502               \u2502   Filters:  \u2502\u2502 ss_quantity>\u2502               \u2502   Filters:  \u2502\u2502 ss_quantity>\u2502               \u2502   Filters:  \u2502\u2502 ss_quantity>\u2502               \u2502   Filters:  \u2502\u2502 ss_quantity>\u2502\n\u2502 ss_quantity>\u2502\u2502=41 AND ss_qu\u2502               \u2502 ss_quantity>\u2502\u2502=61 AND ss_qu\u2502               \u2502 ss_quantity>\u2502\u2502=81 AND ss_qu\u2502               \u2502 ss_quantity>\u2502\u2502=21 AND ss_qu\u2502               \u2502 ss_quantity>\u2502\u2502=1 AND ss_qua\u2502\n\u2502=41 AND ss_qu\u2502\u2502  antity<=60 \u2502               \u2502=61 AND ss_qu\u2502\u2502  antity<=80 \u2502               \u2502=81 AND ss_qu\u2502\u2502 antity<=100 \u2502               \u2502=21 AND ss_qu\u2502\u2502  antity<=40 \u2502               \u2502=1 AND ss_qua\u2502\u2502  ntity<=20  \u2502\n\u2502  antity<=60 \u2502\u2502             \u2502               \u2502  antity<=80 \u2502\u2502             \u2502               \u2502 antity<=100 \u2502\u2502             \u2502               \u2502  antity<=40 \u2502\u2502             \u2502               \u2502  ntity<=20  \u2502\u2502             \u2502\n\u2502             \u2502\u2502             \u2502               \u2502             \u2502\u2502             \u2502               \u2502             \u2502\u2502             \u2502               \u2502             \u2502\u2502             \u2502               \u2502             \u2502\u2502             \u2502\n\u2502~5,760,1...  \u2502\u2502~5,760,1...  \u2502               \u2502~5,760,1...  \u2502\u2502~5,760,1...  \u2502               \u2502~5,760,1...  \u2502\u2502~5,760,1...  \u2502               \u2502~5,760,1...  \u2502\u2502~5,760,1...  \u2502               \u2502~5,760,1...  \u2502\u2502~5,760,1...  \u2502\n\u2514\u2500\u2500\u2500\u2500\u2500\u2500\u2500\u2500\u2500\u2500\u2500\u2500\u2500\u2518\u2514\u2500\u2500\u2500\u2500\u2500\u2500\u2500\u2500\u2500\u2500\u2500\u2500\u2500\u2518               \u2514\u2500\u2500\u2500\u2500\u2500\u2500\u2500\u2500\u2500\u2500\u2500\u2500\u2500\u2518\u2514\u2500\u2500\u2500\u2500\u2500\u2500\u2500\u2500\u2500\u2500\u2500\u2500\u2500\u2518               \u2514\u2500\u2500\u2500\u2500\u2500\u2500\u2500\u2500\u2500\u2500\u2500\u2500\u2500\u2518\u2514\u2500\u2500\u2500\u2500\u2500\u2500\u2500\u2500\u2500\u2500\u2500\u2500\u2500\u2518               \u2514\u2500\u2500\u2500\u2500\u2500\u2500\u2500\u2500\u2500\u2500\u2500\u2500\u2500\u2518\u2514\u2500\u2500\u2500\u2500\u2500\u2500\u2500\u2500\u2500\u2500\u2500\u2500\u2500\u2518               \u2514\u2500\u2500\u2500\u2500\u2500\u2500\u2500\u2500\u2500\u2500\u2500\u2500\u2500\u2518\u2514\u2500\u2500\u2500\u2500\u2500\u2500\u2500\u2500\u2500\u2500\u2500\u2500\u2500\u2518\n",
  "plan_json": {
    "total_bytes_written": 0,
    "total_bytes_read": 0,
    "rows_returned": 0,
    "latency": 0.0,
    "result_set_size": 0,
    "query_name": "",
    "blocked_thread_time": 0.0,
    "system_peak_buffer_memory": 0,
    "system_peak_temp_dir_size": 0,
    "cpu_time": 0.0,
    "extra_info": {},
    "cumulative_cardinality": 0,
    "cumulative_rows_scanned": 0,
    "children": [
      {
        "total_bytes_written": 0,
        "total_bytes_read": 0,
        "result_set_size": 0,
        "operator_name": "EXPLAIN_ANALYZE",
        "cpu_time": 0.0,
        "extra_info": {},
        "cumulative_cardinality": 0,
        "operator_type": "EXPLAIN_ANALYZE",
        "operator_cardinality": 0,
        "cumulative_rows_scanned": 0,
        "operator_rows_scanned": 0,
        "operator_timing": 2.44e-07,
        "children": [
          {
            "total_bytes_written": 0,
            "total_bytes_read": 0,
            "result_set_size": 40,
            "operator_name": "PROJECTION",
            "cpu_time": 0.0,
            "extra_info": {
              "Projections": [
                "bucket1",
                "bucket2",
                "bucket3",
                "bucket4",
                "bucket5"
              ],
              "Estimated Cardinality": "1"
            },
            "cumulative_cardinality": 0,
            "operator_type": "PROJECTION",
            "operator_cardinality": 1,
            "cumulative_rows_scanned": 0,
            "operator_rows_scanned": 0,
            "operator_timing": 7.335e-06,
            "children": [
              {
                "total_bytes_written": 0,
                "total_bytes_read": 0,
                "result_set_size": 124,
                "operator_name": "CROSS_PRODUCT",
                "cpu_time": 0.0,
                "extra_info": {},
                "cumulative_cardinality": 0,
                "operator_type": "CROSS_PRODUCT",
                "operator_cardinality": 1,
                "cumulative_rows_scanned": 0,
                "operator_rows_scanned": 0,
                "operator_timing": 3.1802e-05,
                "children": [
                  {
                    "total_bytes_written": 0,
                    "total_bytes_read": 0,
                    "result_set_size": 64,
                    "operator_name": "CROSS_PRODUCT",
                    "cpu_time": 0.0,
                    "extra_info": {},
                    "cumulative_cardinality": 0,
                    "operator_type": "CROSS_PRODUCT",
                    "operator_cardinality": 1,
                    "cumulative_rows_scanned": 0,
                    "operator_rows_scanned": 0,
                    "operator_timing": 1.6466e-05,
                    "children": [
                      {
                        "total_bytes_written": 0,
                        "total_bytes_read": 0,
                        "result_set_size": 32,
                        "operator_name": "CROSS_PRODUCT",
                        "cpu_time": 0.0,
                        "extra_info": {},
                        "cumulative_cardinality": 0,
                        "operator_type": "CROSS_PRODUCT",
                        "operator_cardinality": 1,
                        "cumulative_rows_scanned": 0,
                        "operator_rows_scanned": 0,
                        "operator_timing": 1.2152e-05,
                        "children": [
                          {
                            "total_bytes_written": 0,
                            "total_bytes_read": 0,
                            "result_set_size": 16,
                            "operator_name": "CROSS_PRODUCT",
                            "cpu_time": 0.0,
                            "extra_info": {},
                            "cumulative_cardinality": 0,
                            "operator_type": "CROSS_PRODUCT",
                            "operator_cardinality": 1,
                            "cumulative_rows_scanned": 0,
                            "operator_rows_scanned": 0,
                            "operator_timing": 1.2737e-05,
                            "children": [
                              {
                                "total_bytes_written": 0,
                                "total_bytes_read": 0,
                                "result_set_size": 8,
                                "operator_name": "PROJECTION",
                                "cpu_time": 0.0,
                                "extra_info": {
                                  "Projections": [
                                    "CASE  WHEN ((#1 > 1)) THEN (\"error\"('More than one row returned by a subquery used as an expression - scalar subqueries can only return a single row.",
                                    "Use \"SET scalar_subquery_error_on_multiple_rows=false\" to revert to previous behavior of returning a random row.')) ELSE #0 END"
                                  ],
                                  "Estimated Cardinality": "1"
                                },
                                "cumulative_cardinality": 0,
                                "operator_type": "PROJECTION",
                                "operator_cardinality": 1,
                                "cumulative_rows_scanned": 0,
                                "operator_rows_scanned": 0,
                                "operator_timing": 1.219e-06,
                                "children": [
                                  {
                                    "total_bytes_written": 0,
                                    "total_bytes_read": 0,
                                    "result_set_size": 16,
                                    "operator_name": "UNGROUPED_AGGREGATE",
                                    "cpu_time": 0.0,
                                    "extra_info": {
                                      "Aggregates": [
                                        "\"first\"(#0)",
                                        "count_star()"
                                      ]
                                    },
                                    "cumulative_cardinality": 0,
                                    "operator_type": "UNGROUPED_AGGREGATE",
                                    "operator_cardinality": 1,
                                    "cumulative_rows_scanned": 0,
                                    "operator_rows_scanned": 0,
                                    "operator_timing": 1.945e-06,
                                    "children": [
                                      {
                                        "total_bytes_written": 0,
                                        "total_bytes_read": 0,
                                        "result_set_size": 8,
                                        "operator_name": "PROJECTION",
                                        "cpu_time": 0.0,
                                        "extra_info": {
                                          "Projections": "#0",
                                          "Estimated Cardinality": "1"
                                        },
                                        "cumulative_cardinality": 0,
                                        "operator_type": "PROJECTION",
                                        "operator_cardinality": 1,
                                        "cumulative_rows_scanned": 0,
                                        "operator_rows_scanned": 0,
                                        "operator_timing": 2.93e-07,
                                        "children": [
                                          {
                                            "total_bytes_written": 0,
                                            "total_bytes_read": 0,
                                            "result_set_size": 8,
                                            "operator_name": "UNGROUPED_AGGREGATE",
                                            "cpu_time": 0.0,
                                            "extra_info": {
                                              "Aggregates": "avg(#0)"
                                            },
                                            "cumulative_cardinality": 0,
                                            "operator_type": "UNGROUPED_AGGREGATE",
                                            "operator_cardinality": 1,
                                            "cumulative_rows_scanned": 0,
                                            "operator_rows_scanned": 0,
                                            "operator_timing": 0.022855033999999996,
                                            "children": [
                                              {
                                                "total_bytes_written": 0,
                                                "total_bytes_read": 0,
                                                "result_set_size": 22012576,
                                                "operator_name": "PROJECTION",
                                                "cpu_time": 0.0,
                                                "extra_info": {
                                                  "Projections": "ss_ext_sales_price",
                                                  "Estimated Cardinality": "5760198"
                                                },
                                                "cumulative_cardinality": 0,
                                                "operator_type": "PROJECTION",
                                                "operator_cardinality": 5503144,
                                                "cumulative_rows_scanned": 0,
                                                "operator_rows_scanned": 0,
                                                "operator_timing": 0.0025984939999999994,
                                                "children": [
                                                  {
                                                    "total_bytes_written": 0,
                                                    "total_bytes_read": 0,
                                                    "result_set_size": 22012576,
                                                    "operator_name": "SEQ_SCAN ",
                                                    "cpu_time": 0.0,
                                                    "extra_info": {
                                                      "Table": "store_sales",
                                                      "Type": "Sequential Scan",
                                                      "Projections": "ss_ext_sales_price",
                                                      "Filters": "ss_quantity>=41 AND ss_quantity<=60",
                                                      "Estimated Cardinality": "5760198"
                                                    },
                                                    "cumulative_cardinality": 0,
                                                    "operator_type": "TABLE_SCAN",
                                                    "operator_cardinality": 5503144,
                                                    "cumulative_rows_scanned": 0,
                                                    "operator_rows_scanned": 806427748,
                                                    "operator_timing": 0.19288674300000003,
                                                    "children": []
                                                  }
                                                ]
                                              }
                                            ]
                                          }
                                        ]
                                      }
                                    ]
                                  }
                                ]
                              },
                              {
                                "total_bytes_written": 0,
                                "total_bytes_read": 0,
                                "result_set_size": 8,
                                "operator_name": "PROJECTION",
                                "cpu_time": 0.0,
                                "extra_info": {
                                  "Projections": [
                                    "CASE  WHEN ((#1 > 1)) THEN (\"error\"('More than one row returned by a subquery used as an expression - scalar subqueries can only return a single row.",
                                    "Use \"SET scalar_subquery_error_on_multiple_rows=false\" to revert to previous behavior of returning a random row.')) ELSE #0 END"
                                  ],
                                  "Estimated Cardinality": "1"
                                },
                                "cumulative_cardinality": 0,
                                "operator_type": "PROJECTION",
                                "operator_cardinality": 1,
                                "cumulative_rows_scanned": 0,
                                "operator_rows_scanned": 0,
                                "operator_timing": 1.7e-06,
                                "children": [
                                  {
                                    "total_bytes_written": 0,
                                    "total_bytes_read": 0,
                                    "result_set_size": 16,
                                    "operator_name": "UNGROUPED_AGGREGATE",
                                    "cpu_time": 0.0,
                                    "extra_info": {
                                      "Aggregates": [
                                        "\"first\"(#0)",
                                        "count_star()"
                                      ]
                                    },
                                    "cumulative_cardinality": 0,
                                    "operator_type": "UNGROUPED_AGGREGATE",
                                    "operator_cardinality": 1,
                                    "cumulative_rows_scanned": 0,
                                    "operator_rows_scanned": 0,
                                    "operator_timing": 2.8029999999999997e-06,
                                    "children": [
                                      {
                                        "total_bytes_written": 0,
                                        "total_bytes_read": 0,
                                        "result_set_size": 8,
                                        "operator_name": "PROJECTION",
                                        "cpu_time": 0.0,
                                        "extra_info": {
                                          "Projections": "#0",
                                          "Estimated Cardinality": "1"
                                        },
                                        "cumulative_cardinality": 0,
                                        "operator_type": "PROJECTION",
                                        "operator_cardinality": 1,
                                        "cumulative_rows_scanned": 0,
                                        "operator_rows_scanned": 0,
                                        "operator_timing": 5.42e-07,
                                        "children": [
                                          {
                                            "total_bytes_written": 0,
                                            "total_bytes_read": 0,
                                            "result_set_size": 8,
                                            "operator_name": "UNGROUPED_AGGREGATE",
                                            "cpu_time": 0.0,
                                            "extra_info": {
                                              "Aggregates": "avg(#0)"
                                            },
                                            "cumulative_cardinality": 0,
                                            "operator_type": "UNGROUPED_AGGREGATE",
                                            "operator_cardinality": 1,
                                            "cumulative_rows_scanned": 0,
                                            "operator_rows_scanned": 0,
                                            "operator_timing": 0.019101518999999997,
                                            "children": [
                                              {
                                                "total_bytes_written": 0,
                                                "total_bytes_read": 0,
                                                "result_set_size": 22012576,
                                                "operator_name": "PROJECTION",
                                                "cpu_time": 0.0,
                                                "extra_info": {
                                                  "Projections": "ss_net_profit",
                                                  "Estimated Cardinality": "5760198"
                                                },
                                                "cumulative_cardinality": 0,
                                                "operator_type": "PROJECTION",
                                                "operator_cardinality": 5503144,
                                                "cumulative_rows_scanned": 0,
                                                "operator_rows_scanned": 0,
                                                "operator_timing": 0.002505901,
                                                "children": [
                                                  {
                                                    "total_bytes_written": 0,
                                                    "total_bytes_read": 0,
                                                    "result_set_size": 22012576,
                                                    "operator_name": "SEQ_SCAN ",
                                                    "cpu_time": 0.0,
                                                    "extra_info": {
                                                      "Table": "store_sales",
                                                      "Type": "Sequential Scan",
                                                      "Projections": "ss_net_profit",
                                                      "Filters": "ss_quantity>=41 AND ss_quantity<=60",
                                                      "Estimated Cardinality": "5760198"
                                                    },
                                                    "cumulative_cardinality": 0,
                                                    "operator_type": "TABLE_SCAN",
                                                    "operator_cardinality": 5503144,
                                                    "cumulative_rows_scanned": 0,
                                                    "operator_rows_scanned": 806427748,
                                                    "operator_timing": 0.17433716200000002,
                                                    "children": []
                                                  }
                                                ]
                                              }
                                            ]
                                          }
                                        ]
                                      }
                                    ]
                                  }
                                ]
                              }
                            ]
                          },
                          {
                            "total_bytes_written": 0,
                            "total_bytes_read": 0,
                            "result_set_size": 16,
                            "operator_name": "CROSS_PRODUCT",
                            "cpu_time": 0.0,
                            "extra_info": {},
                            "cumulative_cardinality": 0,
                            "operator_type": "CROSS_PRODUCT",
                            "operator_cardinality": 1,
                            "cumulative_rows_scanned": 0,
                            "operator_rows_scanned": 0,
                            "operator_timing": 1.2386999999999998e-05,
                            "children": [
                              {
                                "total_bytes_written": 0,
                                "total_bytes_read": 0,
                                "result_set_size": 8,
                                "operator_name": "PROJECTION",
                                "cpu_time": 0.0,
                                "extra_info": {
                                  "Projections": [
                                    "CASE  WHEN ((#1 > 1)) THEN (\"error\"('More than one row returned by a subquery used as an expression - scalar subqueries can only return a single row.",
                                    "Use \"SET scalar_subquery_error_on_multiple_rows=false\" to revert to previous behavior of returning a random row.')) ELSE #0 END"
                                  ],
                                  "Estimated Cardinality": "1"
                                },
                                "cumulative_cardinality": 0,
                                "operator_type": "PROJECTION",
                                "operator_cardinality": 1,
                                "cumulative_rows_scanned": 0,
                                "operator_rows_scanned": 0,
                                "operator_timing": 1.549e-06,
                                "children": [
                                  {
                                    "total_bytes_written": 0,
                                    "total_bytes_read": 0,
                                    "result_set_size": 16,
                                    "operator_name": "UNGROUPED_AGGREGATE",
                                    "cpu_time": 0.0,
                                    "extra_info": {
                                      "Aggregates": [
                                        "\"first\"(#0)",
                                        "count_star()"
                                      ]
                                    },
                                    "cumulative_cardinality": 0,
                                    "operator_type": "UNGROUPED_AGGREGATE",
                                    "operator_cardinality": 1,
                                    "cumulative_rows_scanned": 0,
                                    "operator_rows_scanned": 0,
                                    "operator_timing": 6.805e-06,
                                    "children": [
                                      {
                                        "total_bytes_written": 0,
                                        "total_bytes_read": 0,
                                        "result_set_size": 8,
                                        "operator_name": "PROJECTION",
                                        "cpu_time": 0.0,
                                        "extra_info": {
                                          "Projections": "#0",
                                          "Estimated Cardinality": "1"
                                        },
                                        "cumulative_cardinality": 0,
                                        "operator_type": "PROJECTION",
                                        "operator_cardinality": 1,
                                        "cumulative_rows_scanned": 0,
                                        "operator_rows_scanned": 0,
                                        "operator_timing": 8.46e-07,
                                        "children": [
                                          {
                                            "total_bytes_written": 0,
                                            "total_bytes_read": 0,
                                            "result_set_size": 8,
                                            "operator_name": "UNGROUPED_AGGREGATE",
                                            "cpu_time": 0.0,
                                            "extra_info": {
                                              "Aggregates": "count_star()"
                                            },
                                            "cumulative_cardinality": 0,
                                            "operator_type": "UNGROUPED_AGGREGATE",
                                            "operator_cardinality": 1,
                                            "cumulative_rows_scanned": 0,
                                            "operator_rows_scanned": 0,
                                            "operator_timing": 0.002496481,
                                            "children": [
                                              {
                                                "total_bytes_written": 0,
                                                "total_bytes_read": 0,
                                                "result_set_size": 22023020,
                                                "operator_name": "SEQ_SCAN ",
                                                "cpu_time": 0.0,
                                                "extra_info": {
                                                  "Table": "store_sales",
                                                  "Type": "Sequential Scan",
                                                  "Projections": "",
                                                  "Filters": "ss_quantity>=61 AND ss_quantity<=80",
                                                  "Estimated Cardinality": "5760198"
                                                },
                                                "cumulative_cardinality": 0,
                                                "operator_type": "TABLE_SCAN",
                                                "operator_cardinality": 5505755,
                                                "cumulative_rows_scanned": 0,
                                                "operator_rows_scanned": 806427748,
                                                "operator_timing": 0.11072540500000003,
                                                "children": []
                                              }
                                            ]
                                          }
                                        ]
                                      }
                                    ]
                                  }
                                ]
                              },
                              {
                                "total_bytes_written": 0,
                                "total_bytes_read": 0,
                                "result_set_size": 8,
                                "operator_name": "PROJECTION",
                                "cpu_time": 0.0,
                                "extra_info": {
                                  "Projections": [
                                    "CASE  WHEN ((#1 > 1)) THEN (\"error\"('More than one row returned by a subquery used as an expression - scalar subqueries can only return a single row.",
                                    "Use \"SET scalar_subquery_error_on_multiple_rows=false\" to revert to previous behavior of returning a random row.')) ELSE #0 END"
                                  ],
                                  "Estimated Cardinality": "1"
                                },
                                "cumulative_cardinality": 0,
                                "operator_type": "PROJECTION",
                                "operator_cardinality": 1,
                                "cumulative_rows_scanned": 0,
                                "operator_rows_scanned": 0,
                                "operator_timing": 1.69e-06,
                                "children": [
                                  {
                                    "total_bytes_written": 0,
                                    "total_bytes_read": 0,
                                    "result_set_size": 16,
                                    "operator_name": "UNGROUPED_AGGREGATE",
                                    "cpu_time": 0.0,
                                    "extra_info": {
                                      "Aggregates": [
                                        "\"first\"(#0)",
                                        "count_star()"
                                      ]
                                    },
                                    "cumulative_cardinality": 0,
                                    "operator_type": "UNGROUPED_AGGREGATE",
                                    "operator_cardinality": 1,
                                    "cumulative_rows_scanned": 0,
                                    "operator_rows_scanned": 0,
                                    "operator_timing": 2.91e-06,
                                    "children": [
                                      {
                                        "total_bytes_written": 0,
                                        "total_bytes_read": 0,
                                        "result_set_size": 8,
                                        "operator_name": "PROJECTION",
                                        "cpu_time": 0.0,
                                        "extra_info": {
                                          "Projections": "#0",
                                          "Estimated Cardinality": "1"
                                        },
                                        "cumulative_cardinality": 0,
                                        "operator_type": "PROJECTION",
                                        "operator_cardinality": 1,
                                        "cumulative_rows_scanned": 0,
                                        "operator_rows_scanned": 0,
                                        "operator_timing": 3.86e-07,
                                        "children": [
                                          {
                                            "total_bytes_written": 0,
                                            "total_bytes_read": 0,
                                            "result_set_size": 8,
                                            "operator_name": "UNGROUPED_AGGREGATE",
                                            "cpu_time": 0.0,
                                            "extra_info": {
                                              "Aggregates": "avg(#0)"
                                            },
                                            "cumulative_cardinality": 0,
                                            "operator_type": "UNGROUPED_AGGREGATE",
                                            "operator_cardinality": 1,
                                            "cumulative_rows_scanned": 0,
                                            "operator_rows_scanned": 0,
                                            "operator_timing": 0.019799792,
                                            "children": [
                                              {
                                                "total_bytes_written": 0,
                                                "total_bytes_read": 0,
                                                "result_set_size": 22023020,
                                                "operator_name": "PROJECTION",
                                                "cpu_time": 0.0,
                                                "extra_info": {
                                                  "Projections": "ss_ext_sales_price",
                                                  "Estimated Cardinality": "5760198"
                                                },
                                                "cumulative_cardinality": 0,
                                                "operator_type": "PROJECTION",
                                                "operator_cardinality": 5505755,
                                                "cumulative_rows_scanned": 0,
                                                "operator_rows_scanned": 0,
                                                "operator_timing": 0.002621928000000001,
                                                "children": [
                                                  {
                                                    "total_bytes_written": 0,
                                                    "total_bytes_read": 0,
                                                    "result_set_size": 22023020,
                                                    "operator_name": "SEQ_SCAN ",
                                                    "cpu_time": 0.0,
                                                    "extra_info": {
                                                      "Table": "store_sales",
                                                      "Type": "Sequential Scan",
                                                      "Projections": "ss_ext_sales_price",
                                                      "Filters": "ss_quantity>=61 AND ss_quantity<=80",
                                                      "Estimated Cardinality": "5760198"
                                                    },
                                                    "cumulative_cardinality": 0,
                                                    "operator_type": "TABLE_SCAN",
                                                    "operator_cardinality": 5505755,
                                                    "cumulative_rows_scanned": 0,
                                                    "operator_rows_scanned": 806427748,
                                                    "operator_timing": 0.16627592500000002,
                                                    "children": []
                                                  }
                                                ]
                                              }
                                            ]
                                          }
                                        ]
                                      }
                                    ]
                                  }
                                ]
                              }
                            ]
                          }
                        ]
                      },
                      {
                        "total_bytes_written": 0,
                        "total_bytes_read": 0,
                        "result_set_size": 32,
                        "operator_name": "CROSS_PRODUCT",
                        "cpu_time": 0.0,
                        "extra_info": {},
                        "cumulative_cardinality": 0,
                        "operator_type": "CROSS_PRODUCT",
                        "operator_cardinality": 1,
                        "cumulative_rows_scanned": 0,
                        "operator_rows_scanned": 0,
                        "operator_timing": 1.0580999999999999e-05,
                        "children": [
                          {
                            "total_bytes_written": 0,
                            "total_bytes_read": 0,
                            "result_set_size": 16,
                            "operator_name": "CROSS_PRODUCT",
                            "cpu_time": 0.0,
                            "extra_info": {},
                            "cumulative_cardinality": 0,
                            "operator_type": "CROSS_PRODUCT",
                            "operator_cardinality": 1,
                            "cumulative_rows_scanned": 0,
                            "operator_rows_scanned": 0,
                            "operator_timing": 1.5526e-05,
                            "children": [
                              {
                                "total_bytes_written": 0,
                                "total_bytes_read": 0,
                                "result_set_size": 8,
                                "operator_name": "PROJECTION",
                                "cpu_time": 0.0,
                                "extra_info": {
                                  "Projections": [
                                    "CASE  WHEN ((#1 > 1)) THEN (\"error\"('More than one row returned by a subquery used as an expression - scalar subqueries can only return a single row.",
                                    "Use \"SET scalar_subquery_error_on_multiple_rows=false\" to revert to previous behavior of returning a random row.')) ELSE #0 END"
                                  ],
                                  "Estimated Cardinality": "1"
                                },
                                "cumulative_cardinality": 0,
                                "operator_type": "PROJECTION",
                                "operator_cardinality": 1,
                                "cumulative_rows_scanned": 0,
                                "operator_rows_scanned": 0,
                                "operator_timing": 1.647e-06,
                                "children": [
                                  {
                                    "total_bytes_written": 0,
                                    "total_bytes_read": 0,
                                    "result_set_size": 16,
                                    "operator_name": "UNGROUPED_AGGREGATE",
                                    "cpu_time": 0.0,
                                    "extra_info": {
                                      "Aggregates": [
                                        "\"first\"(#0)",
                                        "count_star()"
                                      ]
                                    },
                                    "cumulative_cardinality": 0,
                                    "operator_type": "UNGROUPED_AGGREGATE",
                                    "operator_cardinality": 1,
                                    "cumulative_rows_scanned": 0,
                                    "operator_rows_scanned": 0,
                                    "operator_timing": 6.343e-06,
                                    "children": [
                                      {
                                        "total_bytes_written": 0,
                                        "total_bytes_read": 0,
                                        "result_set_size": 8,
                                        "operator_name": "PROJECTION",
                                        "cpu_time": 0.0,
                                        "extra_info": {
                                          "Projections": "#0",
                                          "Estimated Cardinality": "1"
                                        },
                                        "cumulative_cardinality": 0,
                                        "operator_type": "PROJECTION",
                                        "operator_cardinality": 1,
                                        "cumulative_rows_scanned": 0,
                                        "operator_rows_scanned": 0,
                                        "operator_timing": 4.35e-07,
                                        "children": [
                                          {
                                            "total_bytes_written": 0,
                                            "total_bytes_read": 0,
                                            "result_set_size": 8,
                                            "operator_name": "UNGROUPED_AGGREGATE",
                                            "cpu_time": 0.0,
                                            "extra_info": {
                                              "Aggregates": "avg(#0)"
                                            },
                                            "cumulative_cardinality": 0,
                                            "operator_type": "UNGROUPED_AGGREGATE",
                                            "operator_cardinality": 1,
                                            "cumulative_rows_scanned": 0,
                                            "operator_rows_scanned": 0,
                                            "operator_timing": 0.020518204,
                                            "children": [
                                              {
                                                "total_bytes_written": 0,
                                                "total_bytes_read": 0,
                                                "result_set_size": 22023020,
                                                "operator_name": "PROJECTION",
                                                "cpu_time": 0.0,
                                                "extra_info": {
                                                  "Projections": "ss_net_profit",
                                                  "Estimated Cardinality": "5760198"
                                                },
                                                "cumulative_cardinality": 0,
                                                "operator_type": "PROJECTION",
                                                "operator_cardinality": 5505755,
                                                "cumulative_rows_scanned": 0,
                                                "operator_rows_scanned": 0,
                                                "operator_timing": 0.002666148,
                                                "children": [
                                                  {
                                                    "total_bytes_written": 0,
                                                    "total_bytes_read": 0,
                                                    "result_set_size": 22023020,
                                                    "operator_name": "SEQ_SCAN ",
                                                    "cpu_time": 0.0,
                                                    "extra_info": {
                                                      "Table": "store_sales",
                                                      "Type": "Sequential Scan",
                                                      "Projections": "ss_net_profit",
                                                      "Filters": "ss_quantity>=61 AND ss_quantity<=80",
                                                      "Estimated Cardinality": "5760198"
                                                    },
                                                    "cumulative_cardinality": 0,
                                                    "operator_type": "TABLE_SCAN",
                                                    "operator_cardinality": 5505755,
                                                    "cumulative_rows_scanned": 0,
                                                    "operator_rows_scanned": 806427748,
                                                    "operator_timing": 0.15067371499999996,
                                                    "children": []
                                                  }
                                                ]
                                              }
                                            ]
                                          }
                                        ]
                                      }
                                    ]
                                  }
                                ]
                              },
                              {
                                "total_bytes_written": 0,
                                "total_bytes_read": 0,
                                "result_set_size": 8,
                                "operator_name": "PROJECTION",
                                "cpu_time": 0.0,
                                "extra_info": {
                                  "Projections": [
                                    "CASE  WHEN ((#1 > 1)) THEN (\"error\"('More than one row returned by a subquery used as an expression - scalar subqueries can only return a single row.",
                                    "Use \"SET scalar_subquery_error_on_multiple_rows=false\" to revert to previous behavior of returning a random row.')) ELSE #0 END"
                                  ],
                                  "Estimated Cardinality": "1"
                                },
                                "cumulative_cardinality": 0,
                                "operator_type": "PROJECTION",
                                "operator_cardinality": 1,
                                "cumulative_rows_scanned": 0,
                                "operator_rows_scanned": 0,
                                "operator_timing": 1.751e-06,
                                "children": [
                                  {
                                    "total_bytes_written": 0,
                                    "total_bytes_read": 0,
                                    "result_set_size": 16,
                                    "operator_name": "UNGROUPED_AGGREGATE",
                                    "cpu_time": 0.0,
                                    "extra_info": {
                                      "Aggregates": [
                                        "\"first\"(#0)",
                                        "count_star()"
                                      ]
                                    },
                                    "cumulative_cardinality": 0,
                                    "operator_type": "UNGROUPED_AGGREGATE",
                                    "operator_cardinality": 1,
                                    "cumulative_rows_scanned": 0,
                                    "operator_rows_scanned": 0,
                                    "operator_timing": 2.9480000000000004e-06,
                                    "children": [
                                      {
                                        "total_bytes_written": 0,
                                        "total_bytes_read": 0,
                                        "result_set_size": 8,
                                        "operator_name": "PROJECTION",
                                        "cpu_time": 0.0,
                                        "extra_info": {
                                          "Projections": "#0",
                                          "Estimated Cardinality": "1"
                                        },
                                        "cumulative_cardinality": 0,
                                        "operator_type": "PROJECTION",
                                        "operator_cardinality": 1,
                                        "cumulative_rows_scanned": 0,
                                        "operator_rows_scanned": 0,
                                        "operator_timing": 4.27e-07,
                                        "children": [
                                          {
                                            "total_bytes_written": 0,
                                            "total_bytes_read": 0,
                                            "result_set_size": 8,
                                            "operator_name": "UNGROUPED_AGGREGATE",
                                            "cpu_time": 0.0,
                                            "extra_info": {
                                              "Aggregates": "count_star()"
                                            },
                                            "cumulative_cardinality": 0,
                                            "operator_type": "UNGROUPED_AGGREGATE",
                                            "operator_cardinality": 1,
                                            "cumulative_rows_scanned": 0,
                                            "operator_rows_scanned": 0,
                                            "operator_timing": 0.002525821,
                                            "children": [
                                              {
                                                "total_bytes_written": 0,
                                                "total_bytes_read": 0,
                                                "result_set_size": 21998076,
                                                "operator_name": "SEQ_SCAN ",
                                                "cpu_time": 0.0,
                                                "extra_info": {
                                                  "Table": "store_sales",
                                                  "Type": "Sequential Scan",
                                                  "Projections": "",
                                                  "Filters": "ss_quantity>=81 AND ss_quantity<=100",
                                                  "Estimated Cardinality": "5760198"
                                                },
                                                "cumulative_cardinality": 0,
                                                "operator_type": "TABLE_SCAN",
                                                "operator_cardinality": 5499519,
                                                "cumulative_rows_scanned": 0,
                                                "operator_rows_scanned": 806427748,
                                                "operator_timing": 0.10251102799999996,
                                                "children": []
                                              }
                                            ]
                                          }
                                        ]
                                      }
                                    ]
                                  }
                                ]
                              }
                            ]
                          },
                          {
                            "total_bytes_written": 0,
                            "total_bytes_read": 0,
                            "result_set_size": 16,
                            "operator_name": "CROSS_PRODUCT",
                            "cpu_time": 0.0,
                            "extra_info": {},
                            "cumulative_cardinality": 0,
                            "operator_type": "CROSS_PRODUCT",
                            "operator_cardinality": 1,
                            "cumulative_rows_scanned": 0,
                            "operator_rows_scanned": 0,
                            "operator_timing": 2.2007e-05,
                            "children": [
                              {
                                "total_bytes_written": 0,
                                "total_bytes_read": 0,
                                "result_set_size": 8,
                                "operator_name": "PROJECTION",
                                "cpu_time": 0.0,
                                "extra_info": {
                                  "Projections": [
                                    "CASE  WHEN ((#1 > 1)) THEN (\"error\"('More than one row returned by a subquery used as an expression - scalar subqueries can only return a single row.",
                                    "Use \"SET scalar_subquery_error_on_multiple_rows=false\" to revert to previous behavior of returning a random row.')) ELSE #0 END"
                                  ],
                                  "Estimated Cardinality": "1"
                                },
                                "cumulative_cardinality": 0,
                                "operator_type": "PROJECTION",
                                "operator_cardinality": 1,
                                "cumulative_rows_scanned": 0,
                                "operator_rows_scanned": 0,
                                "operator_timing": 3.32e-07,
                                "children": [
                                  {
                                    "total_bytes_written": 0,
                                    "total_bytes_read": 0,
                                    "result_set_size": 16,
                                    "operator_name": "UNGROUPED_AGGREGATE",
                                    "cpu_time": 0.0,
                                    "extra_info": {
                                      "Aggregates": [
                                        "\"first\"(#0)",
                                        "count_star()"
                                      ]
                                    },
                                    "cumulative_cardinality": 0,
                                    "operator_type": "UNGROUPED_AGGREGATE",
                                    "operator_cardinality": 1,
                                    "cumulative_rows_scanned": 0,
                                    "operator_rows_scanned": 0,
                                    "operator_timing": 9.71e-07,
                                    "children": [
                                      {
                                        "total_bytes_written": 0,
                                        "total_bytes_read": 0,
                                        "result_set_size": 8,
                                        "operator_name": "PROJECTION",
                                        "cpu_time": 0.0,
                                        "extra_info": {
                                          "Projections": "#0",
                                          "Estimated Cardinality": "1"
                                        },
                                        "cumulative_cardinality": 0,
                                        "operator_type": "PROJECTION",
                                        "operator_cardinality": 1,
                                        "cumulative_rows_scanned": 0,
                                        "operator_rows_scanned": 0,
                                        "operator_timing": 4.54e-07,
                                        "children": [
                                          {
                                            "total_bytes_written": 0,
                                            "total_bytes_read": 0,
                                            "result_set_size": 8,
                                            "operator_name": "UNGROUPED_AGGREGATE",
                                            "cpu_time": 0.0,
                                            "extra_info": {
                                              "Aggregates": "avg(#0)"
                                            },
                                            "cumulative_cardinality": 0,
                                            "operator_type": "UNGROUPED_AGGREGATE",
                                            "operator_cardinality": 1,
                                            "cumulative_rows_scanned": 0,
                                            "operator_rows_scanned": 0,
                                            "operator_timing": 0.018997448999999996,
                                            "children": [
                                              {
                                                "total_bytes_written": 0,
                                                "total_bytes_read": 0,
                                                "result_set_size": 21998076,
                                                "operator_name": "PROJECTION",
                                                "cpu_time": 0.0,
                                                "extra_info": {
                                                  "Projections": "ss_ext_sales_price",
                                                  "Estimated Cardinality": "5760198"
                                                },
                                                "cumulative_cardinality": 0,
                                                "operator_type": "PROJECTION",
                                                "operator_cardinality": 5499519,
                                                "cumulative_rows_scanned": 0,
                                                "operator_rows_scanned": 0,
                                                "operator_timing": 0.002662849,
                                                "children": [
                                                  {
                                                    "total_bytes_written": 0,
                                                    "total_bytes_read": 0,
                                                    "result_set_size": 21998076,
                                                    "operator_name": "SEQ_SCAN ",
                                                    "cpu_time": 0.0,
                                                    "extra_info": {
                                                      "Table": "store_sales",
                                                      "Type": "Sequential Scan",
                                                      "Projections": "ss_ext_sales_price",
                                                      "Filters": "ss_quantity>=81 AND ss_quantity<=100",
                                                      "Estimated Cardinality": "5760198"
                                                    },
                                                    "cumulative_cardinality": 0,
                                                    "operator_type": "TABLE_SCAN",
                                                    "operator_cardinality": 5499519,
                                                    "cumulative_rows_scanned": 0,
                                                    "operator_rows_scanned": 806427748,
                                                    "operator_timing": 0.13744190500000003,
                                                    "children": []
                                                  }
                                                ]
                                              }
                                            ]
                                          }
                                        ]
                                      }
                                    ]
                                  }
                                ]
                              },
                              {
                                "total_bytes_written": 0,
                                "total_bytes_read": 0,
                                "result_set_size": 8,
                                "operator_name": "PROJECTION",
                                "cpu_time": 0.0,
                                "extra_info": {
                                  "Projections": [
                                    "CASE  WHEN ((#1 > 1)) THEN (\"error\"('More than one row returned by a subquery used as an expression - scalar subqueries can only return a single row.",
                                    "Use \"SET scalar_subquery_error_on_multiple_rows=false\" to revert to previous behavior of returning a random row.')) ELSE #0 END"
                                  ],
                                  "Estimated Cardinality": "1"
                                },
                                "cumulative_cardinality": 0,
                                "operator_type": "PROJECTION",
                                "operator_cardinality": 1,
                                "cumulative_rows_scanned": 0,
                                "operator_rows_scanned": 0,
                                "operator_timing": 3.461e-06,
                                "children": [
                                  {
                                    "total_bytes_written": 0,
                                    "total_bytes_read": 0,
                                    "result_set_size": 16,
                                    "operator_name": "UNGROUPED_AGGREGATE",
                                    "cpu_time": 0.0,
                                    "extra_info": {
                                      "Aggregates": [
                                        "\"first\"(#0)",
                                        "count_star()"
                                      ]
                                    },
                                    "cumulative_cardinality": 0,
                                    "operator_type": "UNGROUPED_AGGREGATE",
                                    "operator_cardinality": 1,
                                    "cumulative_rows_scanned": 0,
                                    "operator_rows_scanned": 0,
                                    "operator_timing": 1.4001999999999999e-05,
                                    "children": [
                                      {
                                        "total_bytes_written": 0,
                                        "total_bytes_read": 0,
                                        "result_set_size": 8,
                                        "operator_name": "PROJECTION",
                                        "cpu_time": 0.0,
                                        "extra_info": {
                                          "Projections": "#0",
                                          "Estimated Cardinality": "1"
                                        },
                                        "cumulative_cardinality": 0,
                                        "operator_type": "PROJECTION",
                                        "operator_cardinality": 1,
                                        "cumulative_rows_scanned": 0,
                                        "operator_rows_scanned": 0,
                                        "operator_timing": 3.67e-07,
                                        "children": [
                                          {
                                            "total_bytes_written": 0,
                                            "total_bytes_read": 0,
                                            "result_set_size": 8,
                                            "operator_name": "UNGROUPED_AGGREGATE",
                                            "cpu_time": 0.0,
                                            "extra_info": {
                                              "Aggregates": "avg(#0)"
                                            },
                                            "cumulative_cardinality": 0,
                                            "operator_type": "UNGROUPED_AGGREGATE",
                                            "operator_cardinality": 1,
                                            "cumulative_rows_scanned": 0,
                                            "operator_rows_scanned": 0,
                                            "operator_timing": 0.019227774,
                                            "children": [
                                              {
                                                "total_bytes_written": 0,
                                                "total_bytes_read": 0,
                                                "result_set_size": 21998076,
                                                "operator_name": "PROJECTION",
                                                "cpu_time": 0.0,
                                                "extra_info": {
                                                  "Projections": "ss_net_profit",
                                                  "Estimated Cardinality": "5760198"
                                                },
                                                "cumulative_cardinality": 0,
                                                "operator_type": "PROJECTION",
                                                "operator_cardinality": 5499519,
                                                "cumulative_rows_scanned": 0,
                                                "operator_rows_scanned": 0,
                                                "operator_timing": 0.002737738000000001,
                                                "children": [
                                                  {
                                                    "total_bytes_written": 0,
                                                    "total_bytes_read": 0,
                                                    "result_set_size": 21998076,
                                                    "operator_name": "SEQ_SCAN ",
                                                    "cpu_time": 0.0,
                                                    "extra_info": {
                                                      "Table": "store_sales",
                                                      "Type": "Sequential Scan",
                                                      "Projections": "ss_net_profit",
                                                      "Filters": "ss_quantity>=81 AND ss_quantity<=100",
                                                      "Estimated Cardinality": "5760198"
                                                    },
                                                    "cumulative_cardinality": 0,
                                                    "operator_type": "TABLE_SCAN",
                                                    "operator_cardinality": 5499519,
                                                    "cumulative_rows_scanned": 0,
                                                    "operator_rows_scanned": 806427748,
                                                    "operator_timing": 0.14673126,
                                                    "children": []
                                                  }
                                                ]
                                              }
                                            ]
                                          }
                                        ]
                                      }
                                    ]
                                  }
                                ]
                              }
                            ]
                          }
                        ]
                      }
                    ]
                  },
                  {
                    "total_bytes_written": 0,
                    "total_bytes_read": 0,
                    "result_set_size": 60,
                    "operator_name": "CROSS_PRODUCT",
                    "cpu_time": 0.0,
                    "extra_info": {},
                    "cumulative_cardinality": 0,
                    "operator_type": "CROSS_PRODUCT",
                    "operator_cardinality": 1,
                    "cumulative_rows_scanned": 0,
                    "operator_rows_scanned": 0,
                    "operator_timing": 1.9466e-05,
                    "children": [
                      {
                        "total_bytes_written": 0,
                        "total_bytes_read": 0,
                        "result_set_size": 32,
                        "operator_name": "CROSS_PRODUCT",
                        "cpu_time": 0.0,
                        "extra_info": {},
                        "cumulative_cardinality": 0,
                        "operator_type": "CROSS_PRODUCT",
                        "operator_cardinality": 1,
                        "cumulative_rows_scanned": 0,
                        "operator_rows_scanned": 0,
                        "operator_timing": 1.1833999999999999e-05,
                        "children": [
                          {
                            "total_bytes_written": 0,
                            "total_bytes_read": 0,
                            "result_set_size": 16,
                            "operator_name": "CROSS_PRODUCT",
                            "cpu_time": 0.0,
                            "extra_info": {},
                            "cumulative_cardinality": 0,
                            "operator_type": "CROSS_PRODUCT",
                            "operator_cardinality": 1,
                            "cumulative_rows_scanned": 0,
                            "operator_rows_scanned": 0,
                            "operator_timing": 1.5306e-05,
                            "children": [
                              {
                                "total_bytes_written": 0,
                                "total_bytes_read": 0,
                                "result_set_size": 8,
                                "operator_name": "PROJECTION",
                                "cpu_time": 0.0,
                                "extra_info": {
                                  "Projections": [
                                    "CASE  WHEN ((#1 > 1)) THEN (\"error\"('More than one row returned by a subquery used as an expression - scalar subqueries can only return a single row.",
                                    "Use \"SET scalar_subquery_error_on_multiple_rows=false\" to revert to previous behavior of returning a random row.')) ELSE #0 END"
                                  ],
                                  "Estimated Cardinality": "1"
                                },
                                "cumulative_cardinality": 0,
                                "operator_type": "PROJECTION",
                                "operator_cardinality": 1,
                                "cumulative_rows_scanned": 0,
                                "operator_rows_scanned": 0,
                                "operator_timing": 1.208e-06,
                                "children": [
                                  {
                                    "total_bytes_written": 0,
                                    "total_bytes_read": 0,
                                    "result_set_size": 16,
                                    "operator_name": "UNGROUPED_AGGREGATE",
                                    "cpu_time": 0.0,
                                    "extra_info": {
                                      "Aggregates": [
                                        "\"first\"(#0)",
                                        "count_star()"
                                      ]
                                    },
                                    "cumulative_cardinality": 0,
                                    "operator_type": "UNGROUPED_AGGREGATE",
                                    "operator_cardinality": 1,
                                    "cumulative_rows_scanned": 0,
                                    "operator_rows_scanned": 0,
                                    "operator_timing": 4.898e-06,
                                    "children": [
                                      {
                                        "total_bytes_written": 0,
                                        "total_bytes_read": 0,
                                        "result_set_size": 8,
                                        "operator_name": "PROJECTION",
                                        "cpu_time": 0.0,
                                        "extra_info": {
                                          "Projections": "#0",
                                          "Estimated Cardinality": "1"
                                        },
                                        "cumulative_cardinality": 0,
                                        "operator_type": "PROJECTION",
                                        "operator_cardinality": 1,
                                        "cumulative_rows_scanned": 0,
                                        "operator_rows_scanned": 0,
                                        "operator_timing": 9.93e-07,
                                        "children": [
                                          {
                                            "total_bytes_written": 0,
                                            "total_bytes_read": 0,
                                            "result_set_size": 8,
                                            "operator_name": "UNGROUPED_AGGREGATE",
                                            "cpu_time": 0.0,
                                            "extra_info": {
                                              "Aggregates": "count_star()"
                                            },
                                            "cumulative_cardinality": 0,
                                            "operator_type": "UNGROUPED_AGGREGATE",
                                            "operator_cardinality": 1,
                                            "cumulative_rows_scanned": 0,
                                            "operator_rows_scanned": 0,
                                            "operator_timing": 0.0024887779999999997,
                                            "children": [
                                              {
                                                "total_bytes_written": 0,
                                                "total_bytes_read": 0,
                                                "result_set_size": 21992700,
                                                "operator_name": "SEQ_SCAN ",
                                                "cpu_time": 0.0,
                                                "extra_info": {
                                                  "Table": "store_sales",
                                                  "Type": "Sequential Scan",
                                                  "Projections": "",
                                                  "Filters": "ss_quantity>=21 AND ss_quantity<=40",
                                                  "Estimated Cardinality": "5760198"
                                                },
                                                "cumulative_cardinality": 0,
                                                "operator_type": "TABLE_SCAN",
                                                "operator_cardinality": 5498175,
                                                "cumulative_rows_scanned": 0,
                                                "operator_rows_scanned": 806427748,
                                                "operator_timing": 0.11957881600000003,
                                                "children": []
                                              }
                                            ]
                                          }
                                        ]
                                      }
                                    ]
                                  }
                                ]
                              },
                              {
                                "total_bytes_written": 0,
                                "total_bytes_read": 0,
                                "result_set_size": 8,
                                "operator_name": "PROJECTION",
                                "cpu_time": 0.0,
                                "extra_info": {
                                  "Projections": [
                                    "CASE  WHEN ((#1 > 1)) THEN (\"error\"('More than one row returned by a subquery used as an expression - scalar subqueries can only return a single row.",
                                    "Use \"SET scalar_subquery_error_on_multiple_rows=false\" to revert to previous behavior of returning a random row.')) ELSE #0 END"
                                  ],
                                  "Estimated Cardinality": "1"
                                },
                                "cumulative_cardinality": 0,
                                "operator_type": "PROJECTION",
                                "operator_cardinality": 1,
                                "cumulative_rows_scanned": 0,
                                "operator_rows_scanned": 0,
                                "operator_timing": 1.759e-06,
                                "children": [
                                  {
                                    "total_bytes_written": 0,
                                    "total_bytes_read": 0,
                                    "result_set_size": 16,
                                    "operator_name": "UNGROUPED_AGGREGATE",
                                    "cpu_time": 0.0,
                                    "extra_info": {
                                      "Aggregates": [
                                        "\"first\"(#0)",
                                        "count_star()"
                                      ]
                                    },
                                    "cumulative_cardinality": 0,
                                    "operator_type": "UNGROUPED_AGGREGATE",
                                    "operator_cardinality": 1,
                                    "cumulative_rows_scanned": 0,
                                    "operator_rows_scanned": 0,
                                    "operator_timing": 2.765e-06,
                                    "children": [
                                      {
                                        "total_bytes_written": 0,
                                        "total_bytes_read": 0,
                                        "result_set_size": 8,
                                        "operator_name": "PROJECTION",
                                        "cpu_time": 0.0,
                                        "extra_info": {
                                          "Projections": "#0",
                                          "Estimated Cardinality": "1"
                                        },
                                        "cumulative_cardinality": 0,
                                        "operator_type": "PROJECTION",
                                        "operator_cardinality": 1,
                                        "cumulative_rows_scanned": 0,
                                        "operator_rows_scanned": 0,
                                        "operator_timing": 1.91e-07,
                                        "children": [
                                          {
                                            "total_bytes_written": 0,
                                            "total_bytes_read": 0,
                                            "result_set_size": 8,
                                            "operator_name": "UNGROUPED_AGGREGATE",
                                            "cpu_time": 0.0,
                                            "extra_info": {
                                              "Aggregates": "avg(#0)"
                                            },
                                            "cumulative_cardinality": 0,
                                            "operator_type": "UNGROUPED_AGGREGATE",
                                            "operator_cardinality": 1,
                                            "cumulative_rows_scanned": 0,
                                            "operator_rows_scanned": 0,
                                            "operator_timing": 0.020247232999999996,
                                            "children": [
                                              {
                                                "total_bytes_written": 0,
                                                "total_bytes_read": 0,
                                                "result_set_size": 21992700,
                                                "operator_name": "PROJECTION",
                                                "cpu_time": 0.0,
                                                "extra_info": {
                                                  "Projections": "ss_ext_sales_price",
                                                  "Estimated Cardinality": "5760198"
                                                },
                                                "cumulative_cardinality": 0,
                                                "operator_type": "PROJECTION",
                                                "operator_cardinality": 5498175,
                                                "cumulative_rows_scanned": 0,
                                                "operator_rows_scanned": 0,
                                                "operator_timing": 0.002649067,
                                                "children": [
                                                  {
                                                    "total_bytes_written": 0,
                                                    "total_bytes_read": 0,
                                                    "result_set_size": 21992700,
                                                    "operator_name": "SEQ_SCAN ",
                                                    "cpu_time": 0.0,
                                                    "extra_info": {
                                                      "Table": "store_sales",
                                                      "Type": "Sequential Scan",
                                                      "Projections": "ss_ext_sales_price",
                                                      "Filters": "ss_quantity>=21 AND ss_quantity<=40",
                                                      "Estimated Cardinality": "5760198"
                                                    },
                                                    "cumulative_cardinality": 0,
                                                    "operator_type": "TABLE_SCAN",
                                                    "operator_cardinality": 5498175,
                                                    "cumulative_rows_scanned": 0,
                                                    "operator_rows_scanned": 806427748,
                                                    "operator_timing": 0.15676876200000003,
                                                    "children": []
                                                  }
                                                ]
                                              }
                                            ]
                                          }
                                        ]
                                      }
                                    ]
                                  }
                                ]
                              }
                            ]
                          },
                          {
                            "total_bytes_written": 0,
                            "total_bytes_read": 0,
                            "result_set_size": 16,
                            "operator_name": "CROSS_PRODUCT",
                            "cpu_time": 0.0,
                            "extra_info": {},
                            "cumulative_cardinality": 0,
                            "operator_type": "CROSS_PRODUCT",
                            "operator_cardinality": 1,
                            "cumulative_rows_scanned": 0,
                            "operator_rows_scanned": 0,
                            "operator_timing": 1.6037999999999998e-05,
                            "children": [
                              {
                                "total_bytes_written": 0,
                                "total_bytes_read": 0,
                                "result_set_size": 8,
                                "operator_name": "PROJECTION",
                                "cpu_time": 0.0,
                                "extra_info": {
                                  "Projections": [
                                    "CASE  WHEN ((#1 > 1)) THEN (\"error\"('More than one row returned by a subquery used as an expression - scalar subqueries can only return a single row.",
                                    "Use \"SET scalar_subquery_error_on_multiple_rows=false\" to revert to previous behavior of returning a random row.')) ELSE #0 END"
                                  ],
                                  "Estimated Cardinality": "1"
                                },
                                "cumulative_cardinality": 0,
                                "operator_type": "PROJECTION",
                                "operator_cardinality": 1,
                                "cumulative_rows_scanned": 0,
                                "operator_rows_scanned": 0,
                                "operator_timing": 1.436e-06,
                                "children": [
                                  {
                                    "total_bytes_written": 0,
                                    "total_bytes_read": 0,
                                    "result_set_size": 16,
                                    "operator_name": "UNGROUPED_AGGREGATE",
                                    "cpu_time": 0.0,
                                    "extra_info": {
                                      "Aggregates": [
                                        "\"first\"(#0)",
                                        "count_star()"
                                      ]
                                    },
                                    "cumulative_cardinality": 0,
                                    "operator_type": "UNGROUPED_AGGREGATE",
                                    "operator_cardinality": 1,
                                    "cumulative_rows_scanned": 0,
                                    "operator_rows_scanned": 0,
                                    "operator_timing": 2.942e-06,
                                    "children": [
                                      {
                                        "total_bytes_written": 0,
                                        "total_bytes_read": 0,
                                        "result_set_size": 8,
                                        "operator_name": "PROJECTION",
                                        "cpu_time": 0.0,
                                        "extra_info": {
                                          "Projections": "#0",
                                          "Estimated Cardinality": "1"
                                        },
                                        "cumulative_cardinality": 0,
                                        "operator_type": "PROJECTION",
                                        "operator_cardinality": 1,
                                        "cumulative_rows_scanned": 0,
                                        "operator_rows_scanned": 0,
                                        "operator_timing": 3.8e-07,
                                        "children": [
                                          {
                                            "total_bytes_written": 0,
                                            "total_bytes_read": 0,
                                            "result_set_size": 8,
                                            "operator_name": "UNGROUPED_AGGREGATE",
                                            "cpu_time": 0.0,
                                            "extra_info": {
                                              "Aggregates": "avg(#0)"
                                            },
                                            "cumulative_cardinality": 0,
                                            "operator_type": "UNGROUPED_AGGREGATE",
                                            "operator_cardinality": 1,
                                            "cumulative_rows_scanned": 0,
                                            "operator_rows_scanned": 0,
                                            "operator_timing": 0.019581157999999994,
                                            "children": [
                                              {
                                                "total_bytes_written": 0,
                                                "total_bytes_read": 0,
                                                "result_set_size": 21992700,
                                                "operator_name": "PROJECTION",
                                                "cpu_time": 0.0,
                                                "extra_info": {
                                                  "Projections": "ss_net_profit",
                                                  "Estimated Cardinality": "5760198"
                                                },
                                                "cumulative_cardinality": 0,
                                                "operator_type": "PROJECTION",
                                                "operator_cardinality": 5498175,
                                                "cumulative_rows_scanned": 0,
                                                "operator_rows_scanned": 0,
                                                "operator_timing": 0.0026481820000000002,
                                                "children": [
                                                  {
                                                    "total_bytes_written": 0,
                                                    "total_bytes_read": 0,
                                                    "result_set_size": 21992700,
                                                    "operator_name": "SEQ_SCAN ",
                                                    "cpu_time": 0.0,
                                                    "extra_info": {
                                                      "Table": "store_sales",
                                                      "Type": "Sequential Scan",
                                                      "Projections": "ss_net_profit",
                                                      "Filters": "ss_quantity>=21 AND ss_quantity<=40",
                                                      "Estimated Cardinality": "5760198"
                                                    },
                                                    "cumulative_cardinality": 0,
                                                    "operator_type": "TABLE_SCAN",
                                                    "operator_cardinality": 5498175,
                                                    "cumulative_rows_scanned": 0,
                                                    "operator_rows_scanned": 806427748,
                                                    "operator_timing": 0.16122891499999997,
                                                    "children": []
                                                  }
                                                ]
                                              }
                                            ]
                                          }
                                        ]
                                      }
                                    ]
                                  }
                                ]
                              },
                              {
                                "total_bytes_written": 0,
                                "total_bytes_read": 0,
                                "result_set_size": 8,
                                "operator_name": "PROJECTION",
                                "cpu_time": 0.0,
                                "extra_info": {
                                  "Projections": [
                                    "CASE  WHEN ((#1 > 1)) THEN (\"error\"('More than one row returned by a subquery used as an expression - scalar subqueries can only return a single row.",
                                    "Use \"SET scalar_subquery_error_on_multiple_rows=false\" to revert to previous behavior of returning a random row.')) ELSE #0 END"
                                  ],
                                  "Estimated Cardinality": "1"
                                },
                                "cumulative_cardinality": 0,
                                "operator_type": "PROJECTION",
                                "operator_cardinality": 1,
                                "cumulative_rows_scanned": 0,
                                "operator_rows_scanned": 0,
                                "operator_timing": 2.326e-06,
                                "children": [
                                  {
                                    "total_bytes_written": 0,
                                    "total_bytes_read": 0,
                                    "result_set_size": 16,
                                    "operator_name": "UNGROUPED_AGGREGATE",
                                    "cpu_time": 0.0,
                                    "extra_info": {
                                      "Aggregates": [
                                        "\"first\"(#0)",
                                        "count_star()"
                                      ]
                                    },
                                    "cumulative_cardinality": 0,
                                    "operator_type": "UNGROUPED_AGGREGATE",
                                    "operator_cardinality": 1,
                                    "cumulative_rows_scanned": 0,
                                    "operator_rows_scanned": 0,
                                    "operator_timing": 7.753e-06,
                                    "children": [
                                      {
                                        "total_bytes_written": 0,
                                        "total_bytes_read": 0,
                                        "result_set_size": 8,
                                        "operator_name": "PROJECTION",
                                        "cpu_time": 0.0,
                                        "extra_info": {
                                          "Projections": "#0",
                                          "Estimated Cardinality": "1"
                                        },
                                        "cumulative_cardinality": 0,
                                        "operator_type": "PROJECTION",
                                        "operator_cardinality": 1,
                                        "cumulative_rows_scanned": 0,
                                        "operator_rows_scanned": 0,
                                        "operator_timing": 3.87e-07,
                                        "children": [
                                          {
                                            "total_bytes_written": 0,
                                            "total_bytes_read": 0,
                                            "result_set_size": 8,
                                            "operator_name": "UNGROUPED_AGGREGATE",
                                            "cpu_time": 0.0,
                                            "extra_info": {
                                              "Aggregates": "count_star()"
                                            },
                                            "cumulative_cardinality": 0,
                                            "operator_type": "UNGROUPED_AGGREGATE",
                                            "operator_cardinality": 1,
                                            "cumulative_rows_scanned": 0,
                                            "operator_rows_scanned": 0,
                                            "operator_timing": 0.0014647039999999987,
                                            "children": [
                                              {
                                                "total_bytes_written": 0,
                                                "total_bytes_read": 0,
                                                "result_set_size": 22012576,
                                                "operator_name": "SEQ_SCAN ",
                                                "cpu_time": 0.0,
                                                "extra_info": {
                                                  "Table": "store_sales",
                                                  "Type": "Sequential Scan",
                                                  "Projections": "",
                                                  "Filters": "ss_quantity>=41 AND ss_quantity<=60",
                                                  "Estimated Cardinality": "5760198"
                                                },
                                                "cumulative_cardinality": 0,
                                                "operator_type": "TABLE_SCAN",
                                                "operator_cardinality": 5503144,
                                                "cumulative_rows_scanned": 0,
                                                "operator_rows_scanned": 806427748,
                                                "operator_timing": 0.07313107000000002,
                                                "children": []
                                              }
                                            ]
                                          }
                                        ]
                                      }
                                    ]
                                  }
                                ]
                              }
                            ]
                          }
                        ]
                      },
                      {
                        "total_bytes_written": 0,
                        "total_bytes_read": 0,
                        "result_set_size": 28,
                        "operator_name": "CROSS_PRODUCT",
                        "cpu_time": 0.0,
                        "extra_info": {},
                        "cumulative_cardinality": 0,
                        "operator_type": "CROSS_PRODUCT",
                        "operator_cardinality": 1,
                        "cumulative_rows_scanned": 0,
                        "operator_rows_scanned": 0,
                        "operator_timing": 1.1283999999999999e-05,
                        "children": [
                          {
                            "total_bytes_written": 0,
                            "total_bytes_read": 0,
                            "result_set_size": 16,
                            "operator_name": "CROSS_PRODUCT",
                            "cpu_time": 0.0,
                            "extra_info": {},
                            "cumulative_cardinality": 0,
                            "operator_type": "CROSS_PRODUCT",
                            "operator_cardinality": 1,
                            "cumulative_rows_scanned": 0,
                            "operator_rows_scanned": 0,
                            "operator_timing": 1.728e-05,
                            "children": [
                              {
                                "total_bytes_written": 0,
                                "total_bytes_read": 0,
                                "result_set_size": 8,
                                "operator_name": "PROJECTION",
                                "cpu_time": 0.0,
                                "extra_info": {
                                  "Projections": [
                                    "CASE  WHEN ((#1 > 1)) THEN (\"error\"('More than one row returned by a subquery used as an expression - scalar subqueries can only return a single row.",
                                    "Use \"SET scalar_subquery_error_on_multiple_rows=false\" to revert to previous behavior of returning a random row.')) ELSE #0 END"
                                  ],
                                  "Estimated Cardinality": "1"
                                },
                                "cumulative_cardinality": 0,
                                "operator_type": "PROJECTION",
                                "operator_cardinality": 1,
                                "cumulative_rows_scanned": 0,
                                "operator_rows_scanned": 0,
                                "operator_timing": 1.624e-06,
                                "children": [
                                  {
                                    "total_bytes_written": 0,
                                    "total_bytes_read": 0,
                                    "result_set_size": 16,
                                    "operator_name": "UNGROUPED_AGGREGATE",
                                    "cpu_time": 0.0,
                                    "extra_info": {
                                      "Aggregates": [
                                        "\"first\"(#0)",
                                        "count_star()"
                                      ]
                                    },
                                    "cumulative_cardinality": 0,
                                    "operator_type": "UNGROUPED_AGGREGATE",
                                    "operator_cardinality": 1,
                                    "cumulative_rows_scanned": 0,
                                    "operator_rows_scanned": 0,
                                    "operator_timing": 7.05e-06,
                                    "children": [
                                      {
                                        "total_bytes_written": 0,
                                        "total_bytes_read": 0,
                                        "result_set_size": 8,
                                        "operator_name": "PROJECTION",
                                        "cpu_time": 0.0,
                                        "extra_info": {
                                          "Projections": "#0",
                                          "Estimated Cardinality": "1"
                                        },
                                        "cumulative_cardinality": 0,
                                        "operator_type": "PROJECTION",
                                        "operator_cardinality": 1,
                                        "cumulative_rows_scanned": 0,
                                        "operator_rows_scanned": 0,
                                        "operator_timing": 1.003e-06,
                                        "children": [
                                          {
                                            "total_bytes_written": 0,
                                            "total_bytes_read": 0,
                                            "result_set_size": 8,
                                            "operator_name": "UNGROUPED_AGGREGATE",
                                            "cpu_time": 0.0,
                                            "extra_info": {
                                              "Aggregates": "avg(#0)"
                                            },
                                            "cumulative_cardinality": 0,
                                            "operator_type": "UNGROUPED_AGGREGATE",
                                            "operator_cardinality": 1,
                                            "cumulative_rows_scanned": 0,
                                            "operator_rows_scanned": 0,
                                            "operator_timing": 0.013082716000000003,
                                            "children": [
                                              {
                                                "total_bytes_written": 0,
                                                "total_bytes_read": 0,
                                                "result_set_size": 21992864,
                                                "operator_name": "PROJECTION",
                                                "cpu_time": 0.0,
                                                "extra_info": {
                                                  "Projections": "ss_ext_sales_price",
                                                  "Estimated Cardinality": "5760198"
                                                },
                                                "cumulative_cardinality": 0,
                                                "operator_type": "PROJECTION",
                                                "operator_cardinality": 5498216,
                                                "cumulative_rows_scanned": 0,
                                                "operator_rows_scanned": 0,
                                                "operator_timing": 0.001814410000000002,
                                                "children": [
                                                  {
                                                    "total_bytes_written": 0,
                                                    "total_bytes_read": 0,
                                                    "result_set_size": 21992864,
                                                    "operator_name": "SEQ_SCAN ",
                                                    "cpu_time": 0.0,
                                                    "extra_info": {
                                                      "Table": "store_sales",
                                                      "Type": "Sequential Scan",
                                                      "Projections": "ss_ext_sales_price",
                                                      "Filters": "ss_quantity>=1 AND ss_quantity<=20",
                                                      "Estimated Cardinality": "5760198"
                                                    },
                                                    "cumulative_cardinality": 0,
                                                    "operator_type": "TABLE_SCAN",
                                                    "operator_cardinality": 5498216,
                                                    "cumulative_rows_scanned": 0,
                                                    "operator_rows_scanned": 806427748,
                                                    "operator_timing": 7.614276492,
                                                    "children": []
                                                  }
                                                ]
                                              }
                                            ]
                                          }
                                        ]
                                      }
                                    ]
                                  }
                                ]
                              },
                              {
                                "total_bytes_written": 0,
                                "total_bytes_read": 0,
                                "result_set_size": 8,
                                "operator_name": "PROJECTION",
                                "cpu_time": 0.0,
                                "extra_info": {
                                  "Projections": [
                                    "CASE  WHEN ((#1 > 1)) THEN (\"error\"('More than one row returned by a subquery used as an expression - scalar subqueries can only return a single row.",
                                    "Use \"SET scalar_subquery_error_on_multiple_rows=false\" to revert to previous behavior of returning a random row.')) ELSE #0 END"
                                  ],
                                  "Estimated Cardinality": "1"
                                },
                                "cumulative_cardinality": 0,
                                "operator_type": "PROJECTION",
                                "operator_cardinality": 1,
                                "cumulative_rows_scanned": 0,
                                "operator_rows_scanned": 0,
                                "operator_timing": 4.942e-06,
                                "children": [
                                  {
                                    "total_bytes_written": 0,
                                    "total_bytes_read": 0,
                                    "result_set_size": 16,
                                    "operator_name": "UNGROUPED_AGGREGATE",
                                    "cpu_time": 0.0,
                                    "extra_info": {
                                      "Aggregates": [
                                        "\"first\"(#0)",
                                        "count_star()"
                                      ]
                                    },
                                    "cumulative_cardinality": 0,
                                    "operator_type": "UNGROUPED_AGGREGATE",
                                    "operator_cardinality": 1,
                                    "cumulative_rows_scanned": 0,
                                    "operator_rows_scanned": 0,
                                    "operator_timing": 7.264e-06,
                                    "children": [
                                      {
                                        "total_bytes_written": 0,
                                        "total_bytes_read": 0,
                                        "result_set_size": 8,
                                        "operator_name": "PROJECTION",
                                        "cpu_time": 0.0,
                                        "extra_info": {
                                          "Projections": "#0",
                                          "Estimated Cardinality": "1"
                                        },
                                        "cumulative_cardinality": 0,
                                        "operator_type": "PROJECTION",
                                        "operator_cardinality": 1,
                                        "cumulative_rows_scanned": 0,
                                        "operator_rows_scanned": 0,
                                        "operator_timing": 2.69e-07,
                                        "children": [
                                          {
                                            "total_bytes_written": 0,
                                            "total_bytes_read": 0,
                                            "result_set_size": 8,
                                            "operator_name": "UNGROUPED_AGGREGATE",
                                            "cpu_time": 0.0,
                                            "extra_info": {
                                              "Aggregates": "avg(#0)"
                                            },
                                            "cumulative_cardinality": 0,
                                            "operator_type": "UNGROUPED_AGGREGATE",
                                            "operator_cardinality": 1,
                                            "cumulative_rows_scanned": 0,
                                            "operator_rows_scanned": 0,
                                            "operator_timing": 0.012134788999999997,
                                            "children": [
                                              {
                                                "total_bytes_written": 0,
                                                "total_bytes_read": 0,
                                                "result_set_size": 21992864,
                                                "operator_name": "PROJECTION",
                                                "cpu_time": 0.0,
                                                "extra_info": {
                                                  "Projections": "ss_net_profit",
                                                  "Estimated Cardinality": "5760198"
                                                },
                                                "cumulative_cardinality": 0,
                                                "operator_type": "PROJECTION",
                                                "operator_cardinality": 5498216,
                                                "cumulative_rows_scanned": 0,
                                                "operator_rows_scanned": 0,
                                                "operator_timing": 0.0016649610000000023,
                                                "children": [
                                                  {
                                                    "total_bytes_written": 0,
                                                    "total_bytes_read": 0,
                                                    "result_set_size": 21992864,
                                                    "operator_name": "SEQ_SCAN ",
                                                    "cpu_time": 0.0,
                                                    "extra_info": {
                                                      "Table": "store_sales",
                                                      "Type": "Sequential Scan",
                                                      "Projections": "ss_net_profit",
                                                      "Filters": "ss_quantity>=1 AND ss_quantity<=20",
                                                      "Estimated Cardinality": "5760198"
                                                    },
                                                    "cumulative_cardinality": 0,
                                                    "operator_type": "TABLE_SCAN",
                                                    "operator_cardinality": 5498216,
                                                    "cumulative_rows_scanned": 0,
                                                    "operator_rows_scanned": 806427748,
                                                    "operator_timing": 6.793746924000001,
                                                    "children": []
                                                  }
                                                ]
                                              }
                                            ]
                                          }
                                        ]
                                      }
                                    ]
                                  }
                                ]
                              }
                            ]
                          },
                          {
                            "total_bytes_written": 0,
                            "total_bytes_read": 0,
                            "result_set_size": 12,
                            "operator_name": "CROSS_PRODUCT",
                            "cpu_time": 0.0,
                            "extra_info": {},
                            "cumulative_cardinality": 0,
                            "operator_type": "CROSS_PRODUCT",
                            "operator_cardinality": 1,
                            "cumulative_rows_scanned": 0,
                            "operator_rows_scanned": 0,
                            "operator_timing": 1.5587000000000002e-05,
                            "children": [
                              {
                                "total_bytes_written": 0,
                                "total_bytes_read": 0,
                                "result_set_size": 8,
                                "operator_name": "PROJECTION",
                                "cpu_time": 0.0,
                                "extra_info": {
                                  "Projections": [
                                    "CASE  WHEN ((#1 > 1)) THEN (\"error\"('More than one row returned by a subquery used as an expression - scalar subqueries can only return a single row.",
                                    "Use \"SET scalar_subquery_error_on_multiple_rows=false\" to revert to previous behavior of returning a random row.')) ELSE #0 END"
                                  ],
                                  "Estimated Cardinality": "1"
                                },
                                "cumulative_cardinality": 0,
                                "operator_type": "PROJECTION",
                                "operator_cardinality": 1,
                                "cumulative_rows_scanned": 0,
                                "operator_rows_scanned": 0,
                                "operator_timing": 1.009e-06,
                                "children": [
                                  {
                                    "total_bytes_written": 0,
                                    "total_bytes_read": 0,
                                    "result_set_size": 16,
                                    "operator_name": "UNGROUPED_AGGREGATE",
                                    "cpu_time": 0.0,
                                    "extra_info": {
                                      "Aggregates": [
                                        "\"first\"(#0)",
                                        "count_star()"
                                      ]
                                    },
                                    "cumulative_cardinality": 0,
                                    "operator_type": "UNGROUPED_AGGREGATE",
                                    "operator_cardinality": 1,
                                    "cumulative_rows_scanned": 0,
                                    "operator_rows_scanned": 0,
                                    "operator_timing": 3.496e-06,
                                    "children": [
                                      {
                                        "total_bytes_written": 0,
                                        "total_bytes_read": 0,
                                        "result_set_size": 8,
                                        "operator_name": "PROJECTION",
                                        "cpu_time": 0.0,
                                        "extra_info": {
                                          "Projections": "#0",
                                          "Estimated Cardinality": "1"
                                        },
                                        "cumulative_cardinality": 0,
                                        "operator_type": "PROJECTION",
                                        "operator_cardinality": 1,
                                        "cumulative_rows_scanned": 0,
                                        "operator_rows_scanned": 0,
                                        "operator_timing": 4.17e-07,
                                        "children": [
                                          {
                                            "total_bytes_written": 0,
                                            "total_bytes_read": 0,
                                            "result_set_size": 8,
                                            "operator_name": "UNGROUPED_AGGREGATE",
                                            "cpu_time": 0.0,
                                            "extra_info": {
                                              "Aggregates": "count_star()"
                                            },
                                            "cumulative_cardinality": 0,
                                            "operator_type": "UNGROUPED_AGGREGATE",
                                            "operator_cardinality": 1,
                                            "cumulative_rows_scanned": 0,
                                            "operator_rows_scanned": 0,
                                            "operator_timing": 0.0006703929999999906,
                                            "children": [
                                              {
                                                "total_bytes_written": 0,
                                                "total_bytes_read": 0,
                                                "result_set_size": 21992864,
                                                "operator_name": "SEQ_SCAN ",
                                                "cpu_time": 0.0,
                                                "extra_info": {
                                                  "Table": "store_sales",
                                                  "Type": "Sequential Scan",
                                                  "Projections": "",
                                                  "Filters": "ss_quantity>=1 AND ss_quantity<=20",
                                                  "Estimated Cardinality": "5760198"
                                                },
                                                "cumulative_cardinality": 0,
                                                "operator_type": "TABLE_SCAN",
                                                "operator_cardinality": 5498216,
                                                "cumulative_rows_scanned": 0,
                                                "operator_rows_scanned": 806427748,
                                                "operator_timing": 0.06316963100000005,
                                                "children": []
                                              }
                                            ]
                                          }
                                        ]
                                      }
                                    ]
                                  }
                                ]
                              },
                              {
                                "total_bytes_written": 0,
                                "total_bytes_read": 0,
                                "result_set_size": 4,
                                "operator_name": "SEQ_SCAN ",
                                "cpu_time": 0.0,
                                "extra_info": {
                                  "Table": "reason",
                                  "Type": "Sequential Scan",
                                  "Projections": "",
                                  "Filters": "r_reason_sk=1",
                                  "Estimated Cardinality": "1"
                                },
                                "cumulative_cardinality": 0,
                                "operator_type": "TABLE_SCAN",
                                "operator_cardinality": 1,
                                "cumulative_rows_scanned": 0,
                                "operator_rows_scanned": 45,
                                "operator_timing": 0.001604718,
                                "children": []
                              }
                            ]
                          }
                        ]
                      }
                    ]
                  }
                ]
              }
            ]
          }
        ]
      }
    ]
  },
  "actual_rows": 0,
  "provenance": {
    "database": "/mnt/d/TPC-DS/tpcds_sf10.duckdb",
    "scale_factor": 10,
    "engine": "duckdb",
    "engine_version": "1.4.3",
    "cached_at": "2026-02-08T10:21:33.524891"
  }
}