{
  "execution_time_ms": 63.1,
  "plan_text": "\u250c\u2500\u2500\u2500\u2500\u2500\u2500\u2500\u2500\u2500\u2500\u2500\u2500\u2500\u2500\u2500\u2500\u2500\u2500\u2500\u2500\u2500\u2500\u2500\u2500\u2500\u2500\u2500\u2500\u2500\u2500\u2500\u2500\u2500\u2500\u2500\u2500\u2500\u2510\n\u2502\u250c\u2500\u2500\u2500\u2500\u2500\u2500\u2500\u2500\u2500\u2500\u2500\u2500\u2500\u2500\u2500\u2500\u2500\u2500\u2500\u2500\u2500\u2500\u2500\u2500\u2500\u2500\u2500\u2500\u2500\u2500\u2500\u2500\u2500\u2500\u2500\u2510\u2502\n\u2502\u2502    Query Profiling Information    \u2502\u2502\n\u2502\u2514\u2500\u2500\u2500\u2500\u2500\u2500\u2500\u2500\u2500\u2500\u2500\u2500\u2500\u2500\u2500\u2500\u2500\u2500\u2500\u2500\u2500\u2500\u2500\u2500\u2500\u2500\u2500\u2500\u2500\u2500\u2500\u2500\u2500\u2500\u2500\u2518\u2502\n\u2514\u2500\u2500\u2500\u2500\u2500\u2500\u2500\u2500\u2500\u2500\u2500\u2500\u2500\u2500\u2500\u2500\u2500\u2500\u2500\u2500\u2500\u2500\u2500\u2500\u2500\u2500\u2500\u2500\u2500\u2500\u2500\u2500\u2500\u2500\u2500\u2500\u2500\u2518\nEXPLAIN ANALYZE -- start query 83 in stream 0 using template query83.tpl with sr_items as  (select i_item_id item_id,         sum(sr_return_quantity) sr_item_qty  from store_returns,       item,       date_dim  where sr_item_sk = i_item_sk  and   d_date    in  \t(select d_date \tfrom date_dim \twhere d_week_seq in  \t\t(select d_week_seq \t\tfrom date_dim \t  where d_date in ('2001-06-06','2001-09-02','2001-11-11')))  and   sr_returned_date_sk   = d_date_sk  group by i_item_id),  cr_items as  (select i_item_id item_id,         sum(cr_return_quantity) cr_item_qty  from catalog_returns,       item,       date_dim  where cr_item_sk = i_item_sk  and   d_date    in  \t(select d_date \tfrom date_dim \twhere d_week_seq in  \t\t(select d_week_seq \t\tfrom date_dim \t  where d_date in ('2001-06-06','2001-09-02','2001-11-11')))  and   cr_returned_date_sk   = d_date_sk  group by i_item_id),  wr_items as  (select i_item_id item_id,         sum(wr_return_quantity) wr_item_qty  from web_returns,       item,       date_dim  where wr_item_sk = i_item_sk  and   d_date    in  \t(select d_date \tfrom date_dim \twhere d_week_seq in  \t\t(select d_week_seq \t\tfrom date_dim \t\twhere d_date in ('2001-06-06','2001-09-02','2001-11-11')))  and   wr_returned_date_sk   = d_date_sk  group by i_item_id)   select sr_items.item_id        ,sr_item_qty        ,sr_item_qty/(sr_item_qty+cr_item_qty+wr_item_qty)/3.0 * 100 sr_dev        ,cr_item_qty        ,cr_item_qty/(sr_item_qty+cr_item_qty+wr_item_qty)/3.0 * 100 cr_dev        ,wr_item_qty        ,wr_item_qty/(sr_item_qty+cr_item_qty+wr_item_qty)/3.0 * 100 wr_dev        ,(sr_item_qty+cr_item_qty+wr_item_qty)/3.0 average  from sr_items      ,cr_items      ,wr_items  where sr_items.item_id=cr_items.item_id    and sr_items.item_id=wr_items.item_id   order by sr_items.item_id          ,sr_item_qty  LIMIT 100;  -- end query 83 in stream 0 using template query83.tpl\n\u250c\u2500\u2500\u2500\u2500\u2500\u2500\u2500\u2500\u2500\u2500\u2500\u2500\u2500\u2500\u2500\u2500\u2500\u2500\u2500\u2500\u2500\u2500\u2500\u2500\u2500\u2500\u2500\u2500\u2500\u2500\u2500\u2500\u2500\u2500\u2500\u2500\u2500\u2500\u2500\u2500\u2500\u2500\u2500\u2500\u2500\u2500\u2500\u2500\u2510\n\u2502\u250c\u2500\u2500\u2500\u2500\u2500\u2500\u2500\u2500\u2500\u2500\u2500\u2500\u2500\u2500\u2500\u2500\u2500\u2500\u2500\u2500\u2500\u2500\u2500\u2500\u2500\u2500\u2500\u2500\u2500\u2500\u2500\u2500\u2500\u2500\u2500\u2500\u2500\u2500\u2500\u2500\u2500\u2500\u2500\u2500\u2500\u2500\u2510\u2502\n\u2502\u2502              Total Time: 0.0631s             \u2502\u2502\n\u2502\u2514\u2500\u2500\u2500\u2500\u2500\u2500\u2500\u2500\u2500\u2500\u2500\u2500\u2500\u2500\u2500\u2500\u2500\u2500\u2500\u2500\u2500\u2500\u2500\u2500\u2500\u2500\u2500\u2500\u2500\u2500\u2500\u2500\u2500\u2500\u2500\u2500\u2500\u2500\u2500\u2500\u2500\u2500\u2500\u2500\u2500\u2500\u2518\u2502\n\u2514\u2500\u2500\u2500\u2500\u2500\u2500\u2500\u2500\u2500\u2500\u2500\u2500\u2500\u2500\u2500\u2500\u2500\u2500\u2500\u2500\u2500\u2500\u2500\u2500\u2500\u2500\u2500\u2500\u2500\u2500\u2500\u2500\u2500\u2500\u2500\u2500\u2500\u2500\u2500\u2500\u2500\u2500\u2500\u2500\u2500\u2500\u2500\u2500\u2518\n\u250c\u2500\u2500\u2500\u2500\u2500\u2500\u2500\u2500\u2500\u2500\u2500\u2500\u2500\u2510\n\u2502    QUERY    \u2502\n\u2514\u2500\u2500\u2500\u2500\u2500\u2500\u252c\u2500\u2500\u2500\u2500\u2500\u2500\u2518\n\u250c\u2500\u2500\u2500\u2500\u2500\u2500\u2534\u2500\u2500\u2500\u2500\u2500\u2500\u2510\n\u2502EXPLAIN_...  \u2502\n\u2502    \u2500\u2500\u2500\u2500\u2500\u2500   \u2502\n\u2502    0 rows   \u2502\n\u2502   (0.00s)   \u2502\n\u2514\u2500\u2500\u2500\u2500\u2500\u2500\u252c\u2500\u2500\u2500\u2500\u2500\u2500\u2518\n\u250c\u2500\u2500\u2500\u2500\u2500\u2500\u2534\u2500\u2500\u2500\u2500\u2500\u2500\u2510\n\u2502    TOP_N    \u2502\n\u2502    \u2500\u2500\u2500\u2500\u2500\u2500   \u2502\n\u2502     Top:    \u2502\n\u2502     100     \u2502\n\u2502             \u2502\n\u2502  Order By:  \u2502\n\u2502   sr_items  \u2502\n\u2502 .item_id ASC\u2502\n\u2502   sr_items  \u2502\n\u2502 .sr_item_qty\u2502\n\u2502      ASC    \u2502\n\u2502             \u2502\n\u2502   100 rows  \u2502\n\u2502   (0.00s)   \u2502\n\u2514\u2500\u2500\u2500\u2500\u2500\u2500\u252c\u2500\u2500\u2500\u2500\u2500\u2500\u2518\n\u250c\u2500\u2500\u2500\u2500\u2500\u2500\u2534\u2500\u2500\u2500\u2500\u2500\u2500\u2510\n\u2502  PROJECTION \u2502\n\u2502    \u2500\u2500\u2500\u2500\u2500\u2500   \u2502\n\u2502   item_id   \u2502\n\u2502 sr_item_qty \u2502\n\u2502    sr_dev   \u2502\n\u2502 cr_item_qty \u2502\n\u2502    cr_dev   \u2502\n\u2502 wr_item_qty \u2502\n\u2502    wr_dev   \u2502\n\u2502   average   \u2502\n\u2502             \u2502\n\u2502   633 rows  \u2502\n\u2502   (0.00s)   \u2502\n\u2514\u2500\u2500\u2500\u2500\u2500\u2500\u252c\u2500\u2500\u2500\u2500\u2500\u2500\u2518\n\u250c\u2500\u2500\u2500\u2500\u2500\u2500\u2534\u2500\u2500\u2500\u2500\u2500\u2500\u2510\n\u2502  PROJECTION \u2502\n\u2502    \u2500\u2500\u2500\u2500\u2500\u2500   \u2502\n\u2502   item_id   \u2502\n\u2502 sr_item_qty \u2502\n\u2502CAST(((sr_ite\u2502\n\u2502m_qty + cr_it\u2502\n\u2502  em_qty) +  \u2502\n\u2502  wr_item_qty\u2502\n\u2502 ) AS DOUBLE)\u2502\n\u2502 cr_item_qty \u2502\n\u2502 wr_item_qty \u2502\n\u2502             \u2502\n\u2502   633 rows  \u2502\n\u2502   (0.00s)   \u2502\n\u2514\u2500\u2500\u2500\u2500\u2500\u2500\u252c\u2500\u2500\u2500\u2500\u2500\u2500\u2518\n\u250c\u2500\u2500\u2500\u2500\u2500\u2500\u2534\u2500\u2500\u2500\u2500\u2500\u2500\u2510\n\u2502  HASH_JOIN  \u2502\n\u2502    \u2500\u2500\u2500\u2500\u2500\u2500   \u2502\n\u2502  Join Type: \u2502\n\u2502    INNER    \u2502\n\u2502             \u2502\n\u2502 Conditions: \u251c\u2500\u2500\u2500\u2500\u2500\u2500\u2500\u2500\u2500\u2500\u2500\u2500\u2500\u2500\u2500\u2500\u2500\u2500\u2500\u2500\u2500\u2500\u2500\u2500\u2500\u2500\u2500\u2500\u2500\u2500\u2500\u2500\u2500\u2500\u2500\u2500\u2500\u2500\u2500\u2500\u2500\u2500\u2500\u2500\u2500\u2500\u2500\u2500\u2500\u2500\u2500\u2500\u2500\u2500\u2500\u2500\u2500\u2500\u2500\u2500\u2500\u2500\u2500\u2500\u2500\u2500\u2500\u2510\n\u2502  item_id =  \u2502                                                                   \u2502\n\u2502    item_id  \u2502                                                                   \u2502\n\u2502             \u2502                                                                   \u2502\n\u2502   633 rows  \u2502                                                                   \u2502\n\u2502   (0.00s)   \u2502                                                                   \u2502\n\u2514\u2500\u2500\u2500\u2500\u2500\u2500\u252c\u2500\u2500\u2500\u2500\u2500\u2500\u2518                                                                   \u2502\n\u250c\u2500\u2500\u2500\u2500\u2500\u2500\u2534\u2500\u2500\u2500\u2500\u2500\u2500\u2510                                                            \u250c\u2500\u2500\u2500\u2500\u2500\u2500\u2534\u2500\u2500\u2500\u2500\u2500\u2500\u2510\n\u2502HASH_GROUP_BY\u2502                                                            \u2502  HASH_JOIN  \u2502\n\u2502    \u2500\u2500\u2500\u2500\u2500\u2500   \u2502                                                            \u2502    \u2500\u2500\u2500\u2500\u2500\u2500   \u2502\n\u2502   Groups:   \u2502                                                            \u2502  Join Type: \u2502\n\u2502      #0     \u2502                                                            \u2502    INNER    \u2502\n\u2502             \u2502                                                            \u2502             \u2502\n\u2502 Aggregates: \u2502                                                            \u2502 Conditions: \u251c\u2500\u2500\u2500\u2500\u2500\u2500\u2500\u2500\u2500\u2500\u2500\u2500\u2500\u2500\u2500\u2500\u2500\u2500\u2500\u2500\u2500\u2500\u2500\u2500\u2500\u2500\u2500\u2500\u2500\u2500\u2500\u2500\u2500\u2500\u2500\u2500\u2500\u2500\u2500\u2500\u2500\u2500\u2500\u2500\u2500\u2500\u2500\u2500\u2500\u2500\u2500\u2500\u2500\u2500\u2500\u2500\u2500\u2500\u2500\u2500\u2500\u2500\u2500\u2500\u2500\u2500\u2500\u2510\n\u2502   sum(#1)   \u2502                                                            \u2502  item_id =  \u2502                                                                   \u2502\n\u2502             \u2502                                                            \u2502    item_id  \u2502                                                                   \u2502\n\u2502             \u2502                                                            \u2502             \u2502                                                                   \u2502\n\u2502  6,856 rows \u2502                                                            \u2502  4,679 rows \u2502                                                                   \u2502\n\u2502   (0.00s)   \u2502                                                            \u2502   (0.00s)   \u2502                                                                   \u2502\n\u2514\u2500\u2500\u2500\u2500\u2500\u2500\u252c\u2500\u2500\u2500\u2500\u2500\u2500\u2518                                                            \u2514\u2500\u2500\u2500\u2500\u2500\u2500\u252c\u2500\u2500\u2500\u2500\u2500\u2500\u2518                                                                   \u2502\n\u250c\u2500\u2500\u2500\u2500\u2500\u2500\u2534\u2500\u2500\u2500\u2500\u2500\u2500\u2510                                                            \u250c\u2500\u2500\u2500\u2500\u2500\u2500\u2534\u2500\u2500\u2500\u2500\u2500\u2500\u2510                                                            \u250c\u2500\u2500\u2500\u2500\u2500\u2500\u2534\u2500\u2500\u2500\u2500\u2500\u2500\u2510\n\u2502  PROJECTION \u2502                                                            \u2502HASH_GROUP_BY\u2502                                                            \u2502HASH_GROUP_BY\u2502\n\u2502    \u2500\u2500\u2500\u2500\u2500\u2500   \u2502                                                            \u2502    \u2500\u2500\u2500\u2500\u2500\u2500   \u2502                                                            \u2502    \u2500\u2500\u2500\u2500\u2500\u2500   \u2502\n\u2502  i_item_id  \u2502                                                            \u2502   Groups:   \u2502                                                            \u2502   Groups:   \u2502\n\u2502wr_return_qua\u2502                                                            \u2502      #0     \u2502                                                            \u2502      #0     \u2502\n\u2502    ntity    \u2502                                                            \u2502             \u2502                                                            \u2502             \u2502\n\u2502             \u2502                                                            \u2502 Aggregates: \u2502                                                            \u2502 Aggregates: \u2502\n\u2502             \u2502                                                            \u2502   sum(#1)   \u2502                                                            \u2502   sum(#1)   \u2502\n\u2502             \u2502                                                            \u2502             \u2502                                                            \u2502             \u2502\n\u2502  7,319 rows \u2502                                                            \u2502 12,023 rows \u2502                                                            \u2502 20,047 rows \u2502\n\u2502   (0.00s)   \u2502                                                            \u2502   (0.01s)   \u2502                                                            \u2502   (0.02s)   \u2502\n\u2514\u2500\u2500\u2500\u2500\u2500\u2500\u252c\u2500\u2500\u2500\u2500\u2500\u2500\u2518                                                            \u2514\u2500\u2500\u2500\u2500\u2500\u2500\u252c\u2500\u2500\u2500\u2500\u2500\u2500\u2518                                                            \u2514\u2500\u2500\u2500\u2500\u2500\u2500\u252c\u2500\u2500\u2500\u2500\u2500\u2500\u2518\n\u250c\u2500\u2500\u2500\u2500\u2500\u2500\u2534\u2500\u2500\u2500\u2500\u2500\u2500\u2510                                                            \u250c\u2500\u2500\u2500\u2500\u2500\u2500\u2534\u2500\u2500\u2500\u2500\u2500\u2500\u2510                                                            \u250c\u2500\u2500\u2500\u2500\u2500\u2500\u2534\u2500\u2500\u2500\u2500\u2500\u2500\u2510\n\u2502  HASH_JOIN  \u2502                                                            \u2502  PROJECTION \u2502                                                            \u2502  PROJECTION \u2502\n\u2502    \u2500\u2500\u2500\u2500\u2500\u2500   \u2502                                                            \u2502    \u2500\u2500\u2500\u2500\u2500\u2500   \u2502                                                            \u2502    \u2500\u2500\u2500\u2500\u2500\u2500   \u2502\n\u2502  Join Type: \u2502                                                            \u2502  i_item_id  \u2502                                                            \u2502  i_item_id  \u2502\n\u2502    INNER    \u2502                                                            \u2502cr_return_qua\u2502                                                            \u2502sr_return_qua\u2502\n\u2502             \u2502                                                            \u2502    ntity    \u2502                                                            \u2502    ntity    \u2502\n\u2502 Conditions: \u251c\u2500\u2500\u2500\u2500\u2500\u2500\u2500\u2510                                                    \u2502             \u2502                                                            \u2502             \u2502\n\u2502 i_item_sk = \u2502       \u2502                                                    \u2502             \u2502                                                            \u2502             \u2502\n\u2502  wr_item_sk \u2502       \u2502                                                    \u2502             \u2502                                                            \u2502             \u2502\n\u2502             \u2502       \u2502                                                    \u2502             \u2502                                                            \u2502             \u2502\n\u2502  7,319 rows \u2502       \u2502                                                    \u2502 13,736 rows \u2502                                                            \u2502 25,492 rows \u2502\n\u2502   (0.00s)   \u2502       \u2502                                                    \u2502   (0.00s)   \u2502                                                            \u2502   (0.00s)   \u2502\n\u2514\u2500\u2500\u2500\u2500\u2500\u2500\u252c\u2500\u2500\u2500\u2500\u2500\u2500\u2518       \u2502                                                    \u2514\u2500\u2500\u2500\u2500\u2500\u2500\u252c\u2500\u2500\u2500\u2500\u2500\u2500\u2518                                                            \u2514\u2500\u2500\u2500\u2500\u2500\u2500\u252c\u2500\u2500\u2500\u2500\u2500\u2500\u2518\n\u250c\u2500\u2500\u2500\u2500\u2500\u2500\u2534\u2500\u2500\u2500\u2500\u2500\u2500\u2510\u250c\u2500\u2500\u2500\u2500\u2500\u2500\u2534\u2500\u2500\u2500\u2500\u2500\u2500\u2510                                             \u250c\u2500\u2500\u2500\u2500\u2500\u2500\u2534\u2500\u2500\u2500\u2500\u2500\u2500\u2510                                                            \u250c\u2500\u2500\u2500\u2500\u2500\u2500\u2534\u2500\u2500\u2500\u2500\u2500\u2500\u2510\n\u2502  TABLE_SCAN \u2502\u2502  HASH_JOIN  \u2502                                             \u2502  HASH_JOIN  \u2502                                                            \u2502  HASH_JOIN  \u2502\n\u2502    \u2500\u2500\u2500\u2500\u2500\u2500   \u2502\u2502    \u2500\u2500\u2500\u2500\u2500\u2500   \u2502                                             \u2502    \u2500\u2500\u2500\u2500\u2500\u2500   \u2502                                                            \u2502    \u2500\u2500\u2500\u2500\u2500\u2500   \u2502\n\u2502    Table:   \u2502\u2502  Join Type: \u2502                                             \u2502  Join Type: \u2502                                                            \u2502  Join Type: \u2502\n\u2502     item    \u2502\u2502    INNER    \u2502                                             \u2502    INNER    \u2502                                                            \u2502    INNER    \u2502\n\u2502             \u2502\u2502             \u2502                                             \u2502             \u2502                                                            \u2502             \u2502\n\u2502    Type:    \u2502\u2502 Conditions: \u2502                                             \u2502 Conditions: \u2502                                                            \u2502 Conditions: \u2502\n\u2502  Sequential \u2502\u2502wr_returned_d\u2502                                             \u2502 cr_item_sk =\u2502                                                            \u2502 sr_item_sk =\u2502\n\u2502     Scan    \u2502\u2502   ate_sk =  \u251c\u2500\u2500\u2500\u2500\u2500\u2500\u2500\u2510                                     \u2502   i_item_sk \u251c\u2500\u2500\u2500\u2500\u2500\u2500\u2500\u2500\u2500\u2500\u2500\u2500\u2500\u2500\u2500\u2500\u2500\u2500\u2500\u2500\u2500\u2500\u2500\u2500\u2500\u2500\u2500\u2500\u2500\u2500\u2500\u2500\u2500\u2500\u2500\u2500\u2500\u2500\u2500\u2500\u2500\u2500\u2500\u2500\u2500\u2500\u2500\u2500\u2500\u2500\u2500\u2500\u2510       \u2502   i_item_sk \u251c\u2500\u2500\u2500\u2500\u2500\u2500\u2500\u2500\u2500\u2500\u2500\u2500\u2500\u2500\u2500\u2500\u2500\u2500\u2500\u2500\u2500\u2500\u2500\u2500\u2500\u2500\u2500\u2500\u2500\u2500\u2500\u2500\u2500\u2500\u2500\u2500\u2500\u2500\u2500\u2500\u2500\u2500\u2500\u2500\u2500\u2500\u2500\u2500\u2500\u2500\u2500\u2500\u2510\n\u2502             \u2502\u2502   d_date_sk \u2502       \u2502                                     \u2502             \u2502                                                    \u2502       \u2502             \u2502                                                    \u2502\n\u2502 Projections:\u2502\u2502             \u2502       \u2502                                     \u2502             \u2502                                                    \u2502       \u2502             \u2502                                                    \u2502\n\u2502  i_item_sk  \u2502\u2502             \u2502       \u2502                                     \u2502             \u2502                                                    \u2502       \u2502             \u2502                                                    \u2502\n\u2502  i_item_id  \u2502\u2502             \u2502       \u2502                                     \u2502             \u2502                                                    \u2502       \u2502             \u2502                                                    \u2502\n\u2502             \u2502\u2502             \u2502       \u2502                                     \u2502             \u2502                                                    \u2502       \u2502             \u2502                                                    \u2502\n\u2502 101,981 rows\u2502\u2502  7,319 rows \u2502       \u2502                                     \u2502 13,736 rows \u2502                                                    \u2502       \u2502 25,492 rows \u2502                                                    \u2502\n\u2502   (0.00s)   \u2502\u2502   (0.00s)   \u2502       \u2502                                     \u2502   (0.00s)   \u2502                                                    \u2502       \u2502   (0.00s)   \u2502                                                    \u2502\n\u2514\u2500\u2500\u2500\u2500\u2500\u2500\u2500\u2500\u2500\u2500\u2500\u2500\u2500\u2518\u2514\u2500\u2500\u2500\u2500\u2500\u2500\u252c\u2500\u2500\u2500\u2500\u2500\u2500\u2518       \u2502                                     \u2514\u2500\u2500\u2500\u2500\u2500\u2500\u252c\u2500\u2500\u2500\u2500\u2500\u2500\u2518                                                    \u2502       \u2514\u2500\u2500\u2500\u2500\u2500\u2500\u252c\u2500\u2500\u2500\u2500\u2500\u2500\u2518                                                    \u2502\n               \u250c\u2500\u2500\u2500\u2500\u2500\u2500\u2534\u2500\u2500\u2500\u2500\u2500\u2500\u2510\u250c\u2500\u2500\u2500\u2500\u2500\u2500\u2534\u2500\u2500\u2500\u2500\u2500\u2500\u2510                              \u250c\u2500\u2500\u2500\u2500\u2500\u2500\u2534\u2500\u2500\u2500\u2500\u2500\u2500\u2510                                             \u250c\u2500\u2500\u2500\u2500\u2500\u2500\u2534\u2500\u2500\u2500\u2500\u2500\u2500\u2510\u250c\u2500\u2500\u2500\u2500\u2500\u2500\u2534\u2500\u2500\u2500\u2500\u2500\u2500\u2510                                             \u250c\u2500\u2500\u2500\u2500\u2500\u2500\u2534\u2500\u2500\u2500\u2500\u2500\u2500\u2510\n               \u2502  TABLE_SCAN \u2502\u2502  HASH_JOIN  \u2502                              \u2502  HASH_JOIN  \u2502                                             \u2502  TABLE_SCAN \u2502\u2502  HASH_JOIN  \u2502                                             \u2502  TABLE_SCAN \u2502\n               \u2502    \u2500\u2500\u2500\u2500\u2500\u2500   \u2502\u2502    \u2500\u2500\u2500\u2500\u2500\u2500   \u2502                              \u2502    \u2500\u2500\u2500\u2500\u2500\u2500   \u2502                                             \u2502    \u2500\u2500\u2500\u2500\u2500\u2500   \u2502\u2502    \u2500\u2500\u2500\u2500\u2500\u2500   \u2502                                             \u2502    \u2500\u2500\u2500\u2500\u2500\u2500   \u2502\n               \u2502    Table:   \u2502\u2502  Join Type: \u2502                              \u2502  Join Type: \u2502                                             \u2502    Table:   \u2502\u2502  Join Type: \u2502                                             \u2502    Table:   \u2502\n               \u2502 web_returns \u2502\u2502     SEMI    \u2502                              \u2502    INNER    \u2502                                             \u2502     item    \u2502\u2502    INNER    \u2502                                             \u2502     item    \u2502\n               \u2502             \u2502\u2502             \u2502                              \u2502             \u2502                                             \u2502             \u2502\u2502             \u2502                                             \u2502             \u2502\n               \u2502    Type:    \u2502\u2502 Conditions: \u2502                              \u2502 Conditions: \u2502                                             \u2502    Type:    \u2502\u2502 Conditions: \u2502                                             \u2502    Type:    \u2502\n               \u2502  Sequential \u2502\u2502 d_date = #0 \u2502                              \u2502cr_returned_d\u2502                                             \u2502  Sequential \u2502\u2502sr_returned_d\u2502                                             \u2502  Sequential \u2502\n               \u2502     Scan    \u2502\u2502             \u2502                              \u2502   ate_sk =  \u2502                                             \u2502     Scan    \u2502\u2502   ate_sk =  \u2502                                             \u2502     Scan    \u2502\n               \u2502             \u2502\u2502             \u2502                              \u2502   d_date_sk \u2502                                             \u2502             \u2502\u2502   d_date_sk \u2502                                             \u2502             \u2502\n               \u2502 Projections:\u2502\u2502             \u251c\u2500\u2500\u2500\u2500\u2500\u2500\u2500\u2510                      \u2502             \u251c\u2500\u2500\u2500\u2500\u2500\u2500\u2500\u2510                                     \u2502 Projections:\u2502\u2502             \u251c\u2500\u2500\u2500\u2500\u2500\u2500\u2500\u2510                                     \u2502 Projections:\u2502\n               \u2502  wr_item_sk \u2502\u2502             \u2502       \u2502                      \u2502             \u2502       \u2502                                     \u2502  i_item_sk  \u2502\u2502             \u2502       \u2502                                     \u2502  i_item_sk  \u2502\n               \u2502wr_returned_d\u2502\u2502             \u2502       \u2502                      \u2502             \u2502       \u2502                                     \u2502  i_item_id  \u2502\u2502             \u2502       \u2502                                     \u2502  i_item_id  \u2502\n               \u2502    ate_sk   \u2502\u2502             \u2502       \u2502                      \u2502             \u2502       \u2502                                     \u2502             \u2502\u2502             \u2502       \u2502                                     \u2502             \u2502\n               \u2502wr_return_qua\u2502\u2502             \u2502       \u2502                      \u2502             \u2502       \u2502                                     \u2502             \u2502\u2502             \u2502       \u2502                                     \u2502             \u2502\n               \u2502    ntity    \u2502\u2502             \u2502       \u2502                      \u2502             \u2502       \u2502                                     \u2502             \u2502\u2502             \u2502       \u2502                                     \u2502             \u2502\n               \u2502             \u2502\u2502             \u2502       \u2502                      \u2502             \u2502       \u2502                                     \u2502             \u2502\u2502             \u2502       \u2502                                     \u2502             \u2502\n               \u2502 56,840 rows \u2502\u2502   21 rows   \u2502       \u2502                      \u2502 13,736 rows \u2502       \u2502                                     \u2502 102,000 rows\u2502\u2502 25,492 rows \u2502       \u2502                                     \u2502 102,000 rows\u2502\n               \u2502   (0.04s)   \u2502\u2502   (0.00s)   \u2502       \u2502                      \u2502   (0.00s)   \u2502       \u2502                                     \u2502   (0.01s)   \u2502\u2502   (0.00s)   \u2502       \u2502                                     \u2502   (0.00s)   \u2502\n               \u2514\u2500\u2500\u2500\u2500\u2500\u2500\u2500\u2500\u2500\u2500\u2500\u2500\u2500\u2518\u2514\u2500\u2500\u2500\u2500\u2500\u2500\u252c\u2500\u2500\u2500\u2500\u2500\u2500\u2518       \u2502                      \u2514\u2500\u2500\u2500\u2500\u2500\u2500\u252c\u2500\u2500\u2500\u2500\u2500\u2500\u2518       \u2502                                     \u2514\u2500\u2500\u2500\u2500\u2500\u2500\u2500\u2500\u2500\u2500\u2500\u2500\u2500\u2518\u2514\u2500\u2500\u2500\u2500\u2500\u2500\u252c\u2500\u2500\u2500\u2500\u2500\u2500\u2518       \u2502                                     \u2514\u2500\u2500\u2500\u2500\u2500\u2500\u2500\u2500\u2500\u2500\u2500\u2500\u2500\u2518\n                              \u250c\u2500\u2500\u2500\u2500\u2500\u2500\u2534\u2500\u2500\u2500\u2500\u2500\u2500\u2510\u250c\u2500\u2500\u2500\u2500\u2500\u2500\u2534\u2500\u2500\u2500\u2500\u2500\u2500\u2510               \u250c\u2500\u2500\u2500\u2500\u2500\u2500\u2534\u2500\u2500\u2500\u2500\u2500\u2500\u2510\u250c\u2500\u2500\u2500\u2500\u2500\u2500\u2534\u2500\u2500\u2500\u2500\u2500\u2500\u2510                                             \u250c\u2500\u2500\u2500\u2500\u2500\u2500\u2534\u2500\u2500\u2500\u2500\u2500\u2500\u2510\u250c\u2500\u2500\u2500\u2500\u2500\u2500\u2534\u2500\u2500\u2500\u2500\u2500\u2500\u2510\n                              \u2502  TABLE_SCAN \u2502\u2502  HASH_JOIN  \u2502               \u2502  TABLE_SCAN \u2502\u2502  HASH_JOIN  \u2502                                             \u2502  TABLE_SCAN \u2502\u2502  HASH_JOIN  \u2502\n                              \u2502    \u2500\u2500\u2500\u2500\u2500\u2500   \u2502\u2502    \u2500\u2500\u2500\u2500\u2500\u2500   \u2502               \u2502    \u2500\u2500\u2500\u2500\u2500\u2500   \u2502\u2502    \u2500\u2500\u2500\u2500\u2500\u2500   \u2502                                             \u2502    \u2500\u2500\u2500\u2500\u2500\u2500   \u2502\u2502    \u2500\u2500\u2500\u2500\u2500\u2500   \u2502\n                              \u2502    Table:   \u2502\u2502  Join Type: \u2502               \u2502    Table:   \u2502\u2502  Join Type: \u2502                                             \u2502    Table:   \u2502\u2502  Join Type: \u2502\n                              \u2502   date_dim  \u2502\u2502     SEMI    \u2502               \u2502catalog_retur\u2502\u2502     SEMI    \u2502                                             \u2502store_returns\u2502\u2502     SEMI    \u2502\n                              \u2502             \u2502\u2502             \u2502               \u2502      ns     \u2502\u2502             \u2502                                             \u2502             \u2502\u2502             \u2502\n                              \u2502    Type:    \u2502\u2502 Conditions: \u2502               \u2502             \u2502\u2502 Conditions: \u2502                                             \u2502    Type:    \u2502\u2502 Conditions: \u2502\n                              \u2502  Sequential \u2502\u2502 d_week_seq =\u2502               \u2502    Type:    \u2502\u2502 d_date = #0 \u2502                                             \u2502  Sequential \u2502\u2502 d_date = #0 \u2502\n                              \u2502     Scan    \u2502\u2502      #0     \u2502               \u2502  Sequential \u2502\u2502             \u2502                                             \u2502     Scan    \u2502\u2502             \u2502\n                              \u2502             \u2502\u2502             \u2502               \u2502     Scan    \u2502\u2502             \u2502                                             \u2502             \u2502\u2502             \u2502\n                              \u2502 Projections:\u2502\u2502             \u2502               \u2502             \u2502\u2502             \u2502                                             \u2502 Projections:\u2502\u2502             \u2502\n                              \u2502    d_date   \u2502\u2502             \u251c\u2500\u2500\u2500\u2500\u2500\u2500\u2500\u2510       \u2502 Projections:\u2502\u2502             \u251c\u2500\u2500\u2500\u2500\u2500\u2500\u2500\u2510                                     \u2502  sr_item_sk \u2502\u2502             \u251c\u2500\u2500\u2500\u2500\u2500\u2500\u2500\u2510\n                              \u2502  d_date_sk  \u2502\u2502             \u2502       \u2502       \u2502  cr_item_sk \u2502\u2502             \u2502       \u2502                                     \u2502sr_returned_d\u2502\u2502             \u2502       \u2502\n                              \u2502             \u2502\u2502             \u2502       \u2502       \u2502cr_returned_d\u2502\u2502             \u2502       \u2502                                     \u2502    ate_sk   \u2502\u2502             \u2502       \u2502\n                              \u2502   Filters:  \u2502\u2502             \u2502       \u2502       \u2502    ate_sk   \u2502\u2502             \u2502       \u2502                                     \u2502sr_return_qua\u2502\u2502             \u2502       \u2502\n                              \u2502  d_date_sk> \u2502\u2502             \u2502       \u2502       \u2502cr_return_qua\u2502\u2502             \u2502       \u2502                                     \u2502    ntity    \u2502\u2502             \u2502       \u2502\n                              \u2502 =2450821 AND\u2502\u2502             \u2502       \u2502       \u2502    ntity    \u2502\u2502             \u2502       \u2502                                     \u2502             \u2502\u2502             \u2502       \u2502\n                              \u2502  d_date_sk< \u2502\u2502             \u2502       \u2502       \u2502             \u2502\u2502             \u2502       \u2502                                     \u2502             \u2502\u2502             \u2502       \u2502\n                              \u2502   =2452997  \u2502\u2502             \u2502       \u2502       \u2502             \u2502\u2502             \u2502       \u2502                                     \u2502             \u2502\u2502             \u2502       \u2502\n                              \u2502             \u2502\u2502             \u2502       \u2502       \u2502             \u2502\u2502             \u2502       \u2502                                     \u2502             \u2502\u2502             \u2502       \u2502\n                              \u2502   161 rows  \u2502\u2502   21 rows   \u2502       \u2502       \u2502 96,661 rows \u2502\u2502   21 rows   \u2502       \u2502                                     \u2502 176,390 rows\u2502\u2502   21 rows   \u2502       \u2502\n                              \u2502   (0.00s)   \u2502\u2502   (0.00s)   \u2502       \u2502       \u2502   (0.12s)   \u2502\u2502   (0.00s)   \u2502       \u2502                                     \u2502   (0.87s)   \u2502\u2502   (0.00s)   \u2502       \u2502\n                              \u2514\u2500\u2500\u2500\u2500\u2500\u2500\u2500\u2500\u2500\u2500\u2500\u2500\u2500\u2518\u2514\u2500\u2500\u2500\u2500\u2500\u2500\u252c\u2500\u2500\u2500\u2500\u2500\u2500\u2518       \u2502       \u2514\u2500\u2500\u2500\u2500\u2500\u2500\u2500\u2500\u2500\u2500\u2500\u2500\u2500\u2518\u2514\u2500\u2500\u2500\u2500\u2500\u2500\u252c\u2500\u2500\u2500\u2500\u2500\u2500\u2518       \u2502                                     \u2514\u2500\u2500\u2500\u2500\u2500\u2500\u2500\u2500\u2500\u2500\u2500\u2500\u2500\u2518\u2514\u2500\u2500\u2500\u2500\u2500\u2500\u252c\u2500\u2500\u2500\u2500\u2500\u2500\u2518       \u2502\n                                             \u250c\u2500\u2500\u2500\u2500\u2500\u2500\u2534\u2500\u2500\u2500\u2500\u2500\u2500\u2510\u250c\u2500\u2500\u2500\u2500\u2500\u2500\u2534\u2500\u2500\u2500\u2500\u2500\u2500\u2510               \u250c\u2500\u2500\u2500\u2500\u2500\u2500\u2534\u2500\u2500\u2500\u2500\u2500\u2500\u2510\u250c\u2500\u2500\u2500\u2500\u2500\u2500\u2534\u2500\u2500\u2500\u2500\u2500\u2500\u2510                                             \u250c\u2500\u2500\u2500\u2500\u2500\u2500\u2534\u2500\u2500\u2500\u2500\u2500\u2500\u2510\u250c\u2500\u2500\u2500\u2500\u2500\u2500\u2534\u2500\u2500\u2500\u2500\u2500\u2500\u2510\n                                             \u2502  TABLE_SCAN \u2502\u2502  PROJECTION \u2502               \u2502  TABLE_SCAN \u2502\u2502  HASH_JOIN  \u2502                                             \u2502  TABLE_SCAN \u2502\u2502  HASH_JOIN  \u2502\n                                             \u2502    \u2500\u2500\u2500\u2500\u2500\u2500   \u2502\u2502    \u2500\u2500\u2500\u2500\u2500\u2500   \u2502               \u2502    \u2500\u2500\u2500\u2500\u2500\u2500   \u2502\u2502    \u2500\u2500\u2500\u2500\u2500\u2500   \u2502                                             \u2502    \u2500\u2500\u2500\u2500\u2500\u2500   \u2502\u2502    \u2500\u2500\u2500\u2500\u2500\u2500   \u2502\n                                             \u2502    Table:   \u2502\u2502      #1     \u2502               \u2502    Table:   \u2502\u2502  Join Type: \u2502                                             \u2502    Table:   \u2502\u2502  Join Type: \u2502\n                                             \u2502   date_dim  \u2502\u2502             \u2502               \u2502   date_dim  \u2502\u2502     SEMI    \u2502                                             \u2502   date_dim  \u2502\u2502     SEMI    \u2502\n                                             \u2502             \u2502\u2502             \u2502               \u2502             \u2502\u2502             \u2502                                             \u2502             \u2502\u2502             \u2502\n                                             \u2502    Type:    \u2502\u2502             \u2502               \u2502    Type:    \u2502\u2502 Conditions: \u2502                                             \u2502    Type:    \u2502\u2502 Conditions: \u2502\n                                             \u2502  Sequential \u2502\u2502             \u2502               \u2502  Sequential \u2502\u2502 d_week_seq =\u2502                                             \u2502  Sequential \u2502\u2502 d_week_seq =\u2502\n                                             \u2502     Scan    \u2502\u2502             \u2502               \u2502     Scan    \u2502\u2502      #0     \u2502                                             \u2502     Scan    \u2502\u2502      #0     \u2502\n                                             \u2502             \u2502\u2502             \u2502               \u2502             \u2502\u2502             \u2502                                             \u2502             \u2502\u2502             \u2502\n                                             \u2502 Projections:\u2502\u2502             \u2502               \u2502 Projections:\u2502\u2502             \u2502                                             \u2502 Projections:\u2502\u2502             \u2502\n                                             \u2502  d_week_seq \u2502\u2502             \u2502               \u2502    d_date   \u2502\u2502             \u251c\u2500\u2500\u2500\u2500\u2500\u2500\u2500\u2510                                     \u2502    d_date   \u2502\u2502             \u251c\u2500\u2500\u2500\u2500\u2500\u2500\u2500\u2510\n                                             \u2502    d_date   \u2502\u2502             \u2502               \u2502  d_date_sk  \u2502\u2502             \u2502       \u2502                                     \u2502  d_date_sk  \u2502\u2502             \u2502       \u2502\n                                             \u2502             \u2502\u2502             \u2502               \u2502             \u2502\u2502             \u2502       \u2502                                     \u2502             \u2502\u2502             \u2502       \u2502\n                                             \u2502             \u2502\u2502             \u2502               \u2502   Filters:  \u2502\u2502             \u2502       \u2502                                     \u2502   Filters:  \u2502\u2502             \u2502       \u2502\n                                             \u2502             \u2502\u2502             \u2502               \u2502  d_date_sk> \u2502\u2502             \u2502       \u2502                                     \u2502  d_date_sk> \u2502\u2502             \u2502       \u2502\n                                             \u2502             \u2502\u2502             \u2502               \u2502 =2450827 AND\u2502\u2502             \u2502       \u2502                                     \u2502 =2450820 AND\u2502\u2502             \u2502       \u2502\n                                             \u2502             \u2502\u2502             \u2502               \u2502  d_date_sk< \u2502\u2502             \u2502       \u2502                                     \u2502  d_date_sk< \u2502\u2502             \u2502       \u2502\n                                             \u2502             \u2502\u2502             \u2502               \u2502   =2452918  \u2502\u2502             \u2502       \u2502                                     \u2502   =2452822  \u2502\u2502             \u2502       \u2502\n                                             \u2502             \u2502\u2502             \u2502               \u2502             \u2502\u2502             \u2502       \u2502                                     \u2502             \u2502\u2502             \u2502       \u2502\n                                             \u2502   161 rows  \u2502\u2502    3 rows   \u2502               \u2502   161 rows  \u2502\u2502   21 rows   \u2502       \u2502                                     \u2502   161 rows  \u2502\u2502   21 rows   \u2502       \u2502\n                                             \u2502   (0.00s)   \u2502\u2502   (0.00s)   \u2502               \u2502   (0.00s)   \u2502\u2502   (0.00s)   \u2502       \u2502                                     \u2502   (0.00s)   \u2502\u2502   (0.00s)   \u2502       \u2502\n                                             \u2514\u2500\u2500\u2500\u2500\u2500\u2500\u2500\u2500\u2500\u2500\u2500\u2500\u2500\u2518\u2514\u2500\u2500\u2500\u2500\u2500\u2500\u252c\u2500\u2500\u2500\u2500\u2500\u2500\u2518               \u2514\u2500\u2500\u2500\u2500\u2500\u2500\u2500\u2500\u2500\u2500\u2500\u2500\u2500\u2518\u2514\u2500\u2500\u2500\u2500\u2500\u2500\u252c\u2500\u2500\u2500\u2500\u2500\u2500\u2518       \u2502                                     \u2514\u2500\u2500\u2500\u2500\u2500\u2500\u2500\u2500\u2500\u2500\u2500\u2500\u2500\u2518\u2514\u2500\u2500\u2500\u2500\u2500\u2500\u252c\u2500\u2500\u2500\u2500\u2500\u2500\u2518       \u2502\n                                                            \u250c\u2500\u2500\u2500\u2500\u2500\u2500\u2534\u2500\u2500\u2500\u2500\u2500\u2500\u2510                              \u250c\u2500\u2500\u2500\u2500\u2500\u2500\u2534\u2500\u2500\u2500\u2500\u2500\u2500\u2510\u250c\u2500\u2500\u2500\u2500\u2500\u2500\u2534\u2500\u2500\u2500\u2500\u2500\u2500\u2510                                             \u250c\u2500\u2500\u2500\u2500\u2500\u2500\u2534\u2500\u2500\u2500\u2500\u2500\u2500\u2510\u250c\u2500\u2500\u2500\u2500\u2500\u2500\u2534\u2500\u2500\u2500\u2500\u2500\u2500\u2510\n                                                            \u2502    FILTER   \u2502                              \u2502  TABLE_SCAN \u2502\u2502  PROJECTION \u2502                                             \u2502  TABLE_SCAN \u2502\u2502  PROJECTION \u2502\n                                                            \u2502    \u2500\u2500\u2500\u2500\u2500\u2500   \u2502                              \u2502    \u2500\u2500\u2500\u2500\u2500\u2500   \u2502\u2502    \u2500\u2500\u2500\u2500\u2500\u2500   \u2502                                             \u2502    \u2500\u2500\u2500\u2500\u2500\u2500   \u2502\u2502    \u2500\u2500\u2500\u2500\u2500\u2500   \u2502\n                                                            \u2502 ((d_date =  \u2502                              \u2502    Table:   \u2502\u2502      #1     \u2502                                             \u2502    Table:   \u2502\u2502      #1     \u2502\n                                                            \u2502 '2001-06-06'\u2502                              \u2502   date_dim  \u2502\u2502             \u2502                                             \u2502   date_dim  \u2502\u2502             \u2502\n                                                            \u2502 ::DATE) OR  \u2502                              \u2502             \u2502\u2502             \u2502                                             \u2502             \u2502\u2502             \u2502\n                                                            \u2502  (d_date =  \u2502                              \u2502    Type:    \u2502\u2502             \u2502                                             \u2502    Type:    \u2502\u2502             \u2502\n                                                            \u2502 '2001-09-02'\u2502                              \u2502  Sequential \u2502\u2502             \u2502                                             \u2502  Sequential \u2502\u2502             \u2502\n                                                            \u2502 ::DATE) OR  \u2502                              \u2502     Scan    \u2502\u2502             \u2502                                             \u2502     Scan    \u2502\u2502             \u2502\n                                                            \u2502  (d_date =  \u2502                              \u2502             \u2502\u2502             \u2502                                             \u2502             \u2502\u2502             \u2502\n                                                            \u2502 '2001-11-11'\u2502                              \u2502 Projections:\u2502\u2502             \u2502                                             \u2502 Projections:\u2502\u2502             \u2502\n                                                            \u2502   ::DATE))  \u2502                              \u2502  d_week_seq \u2502\u2502             \u2502                                             \u2502  d_week_seq \u2502\u2502             \u2502\n                                                            \u2502             \u2502                              \u2502    d_date   \u2502\u2502             \u2502                                             \u2502    d_date   \u2502\u2502             \u2502\n                                                            \u2502             \u2502                              \u2502             \u2502\u2502             \u2502                                             \u2502             \u2502\u2502             \u2502\n                                                            \u2502    3 rows   \u2502                              \u2502   161 rows  \u2502\u2502    3 rows   \u2502                                             \u2502   161 rows  \u2502\u2502    3 rows   \u2502\n                                                            \u2502   (0.00s)   \u2502                              \u2502   (0.00s)   \u2502\u2502   (0.00s)   \u2502                                             \u2502   (0.00s)   \u2502\u2502   (0.00s)   \u2502\n                                                            \u2514\u2500\u2500\u2500\u2500\u2500\u2500\u252c\u2500\u2500\u2500\u2500\u2500\u2500\u2518                              \u2514\u2500\u2500\u2500\u2500\u2500\u2500\u2500\u2500\u2500\u2500\u2500\u2500\u2500\u2518\u2514\u2500\u2500\u2500\u2500\u2500\u2500\u252c\u2500\u2500\u2500\u2500\u2500\u2500\u2518                                             \u2514\u2500\u2500\u2500\u2500\u2500\u2500\u2500\u2500\u2500\u2500\u2500\u2500\u2500\u2518\u2514\u2500\u2500\u2500\u2500\u2500\u2500\u252c\u2500\u2500\u2500\u2500\u2500\u2500\u2518\n                                                            \u250c\u2500\u2500\u2500\u2500\u2500\u2500\u2534\u2500\u2500\u2500\u2500\u2500\u2500\u2510                                             \u250c\u2500\u2500\u2500\u2500\u2500\u2500\u2534\u2500\u2500\u2500\u2500\u2500\u2500\u2510                                                            \u250c\u2500\u2500\u2500\u2500\u2500\u2500\u2534\u2500\u2500\u2500\u2500\u2500\u2500\u2510\n                                                            \u2502  TABLE_SCAN \u2502                                             \u2502    FILTER   \u2502                                                            \u2502    FILTER   \u2502\n                                                            \u2502    \u2500\u2500\u2500\u2500\u2500\u2500   \u2502                                             \u2502    \u2500\u2500\u2500\u2500\u2500\u2500   \u2502                                                            \u2502    \u2500\u2500\u2500\u2500\u2500\u2500   \u2502\n                                                            \u2502    Table:   \u2502                                             \u2502 ((d_date =  \u2502                                                            \u2502 ((d_date =  \u2502\n                                                            \u2502   date_dim  \u2502                                             \u2502 '2001-06-06'\u2502                                                            \u2502 '2001-06-06'\u2502\n                                                            \u2502             \u2502                                             \u2502 ::DATE) OR  \u2502                                                            \u2502 ::DATE) OR  \u2502\n                                                            \u2502    Type:    \u2502                                             \u2502  (d_date =  \u2502                                                            \u2502  (d_date =  \u2502\n                                                            \u2502  Sequential \u2502                                             \u2502 '2001-09-02'\u2502                                                            \u2502 '2001-09-02'\u2502\n                                                            \u2502     Scan    \u2502                                             \u2502 ::DATE) OR  \u2502                                                            \u2502 ::DATE) OR  \u2502\n                                                            \u2502             \u2502                                             \u2502  (d_date =  \u2502                                                            \u2502  (d_date =  \u2502\n                                                            \u2502 Projections:\u2502                                             \u2502 '2001-11-11'\u2502                                                            \u2502 '2001-11-11'\u2502\n                                                            \u2502    d_date   \u2502                                             \u2502   ::DATE))  \u2502                                                            \u2502   ::DATE))  \u2502\n                                                            \u2502  d_week_seq \u2502                                             \u2502             \u2502                                                            \u2502             \u2502\n                                                            \u2502             \u2502                                             \u2502             \u2502                                                            \u2502             \u2502\n                                                            \u2502   Filters:  \u2502                                             \u2502             \u2502                                                            \u2502             \u2502\n                                                            \u2502  optional:  \u2502                                             \u2502             \u2502                                                            \u2502             \u2502\n                                                            \u2502  d_date IN (\u2502                                             \u2502             \u2502                                                            \u2502             \u2502\n                                                            \u2502 '2001-06-06'\u2502                                             \u2502             \u2502                                                            \u2502             \u2502\n                                                            \u2502   ::DATE,   \u2502                                             \u2502             \u2502                                                            \u2502             \u2502\n                                                            \u2502 '2001-09-02'\u2502                                             \u2502             \u2502                                                            \u2502             \u2502\n                                                            \u2502   ::DATE,   \u2502                                             \u2502             \u2502                                                            \u2502             \u2502\n                                                            \u2502 '2001-11-11'\u2502                                             \u2502             \u2502                                                            \u2502             \u2502\n                                                            \u2502   ::DATE)   \u2502                                             \u2502             \u2502                                                            \u2502             \u2502\n                                                            \u2502             \u2502                                             \u2502             \u2502                                                            \u2502             \u2502\n                                                            \u2502 73,049 rows \u2502                                             \u2502    3 rows   \u2502                                                            \u2502    3 rows   \u2502\n                                                            \u2502   (0.00s)   \u2502                                             \u2502   (0.00s)   \u2502                                                            \u2502   (0.00s)   \u2502\n                                                            \u2514\u2500\u2500\u2500\u2500\u2500\u2500\u2500\u2500\u2500\u2500\u2500\u2500\u2500\u2518                                             \u2514\u2500\u2500\u2500\u2500\u2500\u2500\u252c\u2500\u2500\u2500\u2500\u2500\u2500\u2518                                                            \u2514\u2500\u2500\u2500\u2500\u2500\u2500\u252c\u2500\u2500\u2500\u2500\u2500\u2500\u2518\n                                                                                                                        \u250c\u2500\u2500\u2500\u2500\u2500\u2500\u2534\u2500\u2500\u2500\u2500\u2500\u2500\u2510                                                            \u250c\u2500\u2500\u2500\u2500\u2500\u2500\u2534\u2500\u2500\u2500\u2500\u2500\u2500\u2510\n                                                                                                                        \u2502  TABLE_SCAN \u2502                                                            \u2502  TABLE_SCAN \u2502\n                                                                                                                        \u2502    \u2500\u2500\u2500\u2500\u2500\u2500   \u2502                                                            \u2502    \u2500\u2500\u2500\u2500\u2500\u2500   \u2502\n                                                                                                                        \u2502    Table:   \u2502                                                            \u2502    Table:   \u2502\n                                                                                                                        \u2502   date_dim  \u2502                                                            \u2502   date_dim  \u2502\n                                                                                                                        \u2502             \u2502                                                            \u2502             \u2502\n                                                                                                                        \u2502    Type:    \u2502                                                            \u2502    Type:    \u2502\n                                                                                                                        \u2502  Sequential \u2502                                                            \u2502  Sequential \u2502\n                                                                                                                        \u2502     Scan    \u2502                                                            \u2502     Scan    \u2502\n                                                                                                                        \u2502             \u2502                                                            \u2502             \u2502\n                                                                                                                        \u2502 Projections:\u2502                                                            \u2502 Projections:\u2502\n                                                                                                                        \u2502    d_date   \u2502                                                            \u2502    d_date   \u2502\n                                                                                                                        \u2502  d_week_seq \u2502                                                            \u2502  d_week_seq \u2502\n                                                                                                                        \u2502             \u2502                                                            \u2502             \u2502\n                                                                                                                        \u2502   Filters:  \u2502                                                            \u2502   Filters:  \u2502\n                                                                                                                        \u2502  optional:  \u2502                                                            \u2502  optional:  \u2502\n                                                                                                                        \u2502  d_date IN (\u2502                                                            \u2502  d_date IN (\u2502\n                                                                                                                        \u2502 '2001-06-06'\u2502                                                            \u2502 '2001-06-06'\u2502\n                                                                                                                        \u2502   ::DATE,   \u2502                                                            \u2502   ::DATE,   \u2502\n                                                                                                                        \u2502 '2001-09-02'\u2502                                                            \u2502 '2001-09-02'\u2502\n                                                                                                                        \u2502   ::DATE,   \u2502                                                            \u2502   ::DATE,   \u2502\n                                                                                                                        \u2502 '2001-11-11'\u2502                                                            \u2502 '2001-11-11'\u2502\n                                                                                                                        \u2502   ::DATE)   \u2502                                                            \u2502   ::DATE)   \u2502\n                                                                                                                        \u2502             \u2502                                                            \u2502             \u2502\n                                                                                                                        \u2502 73,049 rows \u2502                                                            \u2502 73,049 rows \u2502\n                                                                                                                        \u2502   (0.00s)   \u2502                                                            \u2502   (0.00s)   \u2502\n                                                                                                                        \u2514\u2500\u2500\u2500\u2500\u2500\u2500\u2500\u2500\u2500\u2500\u2500\u2500\u2500\u2518                                                            \u2514\u2500\u2500\u2500\u2500\u2500\u2500\u2500\u2500\u2500\u2500\u2500\u2500\u2500\u2518\n",
  "plan_json": {
    "total_bytes_written": 0,
    "total_bytes_read": 0,
    "rows_returned": 0,
    "latency": 0.0,
    "result_set_size": 0,
    "query_name": "",
    "blocked_thread_time": 0.0,
    "system_peak_buffer_memory": 0,
    "system_peak_temp_dir_size": 0,
    "cpu_time": 0.0,
    "extra_info": {},
    "cumulative_cardinality": 0,
    "cumulative_rows_scanned": 0,
    "children": [
      {
        "total_bytes_written": 0,
        "total_bytes_read": 0,
        "result_set_size": 0,
        "operator_name": "EXPLAIN_ANALYZE",
        "cpu_time": 0.0,
        "extra_info": {},
        "cumulative_cardinality": 0,
        "operator_type": "EXPLAIN_ANALYZE",
        "operator_cardinality": 0,
        "cumulative_rows_scanned": 0,
        "operator_rows_scanned": 0,
        "operator_timing": 4.34e-07,
        "children": [
          {
            "total_bytes_written": 0,
            "total_bytes_read": 0,
            "result_set_size": 9600,
            "operator_name": "TOP_N",
            "cpu_time": 0.0,
            "extra_info": {
              "Top": "100",
              "Order By": [
                "sr_items.item_id ASC",
                "sr_items.sr_item_qty ASC"
              ]
            },
            "cumulative_cardinality": 0,
            "operator_type": "TOP_N",
            "operator_cardinality": 100,
            "cumulative_rows_scanned": 0,
            "operator_rows_scanned": 0,
            "operator_timing": 0.0006178609999999999,
            "children": [
              {
                "total_bytes_written": 0,
                "total_bytes_read": 0,
                "result_set_size": 60768,
                "operator_name": "PROJECTION",
                "cpu_time": 0.0,
                "extra_info": {
                  "Projections": [
                    "item_id",
                    "sr_item_qty",
                    "sr_dev",
                    "cr_item_qty",
                    "cr_dev",
                    "wr_item_qty",
                    "wr_dev",
                    "average"
                  ],
                  "Estimated Cardinality": "0"
                },
                "cumulative_cardinality": 0,
                "operator_type": "PROJECTION",
                "operator_cardinality": 633,
                "cumulative_rows_scanned": 0,
                "operator_rows_scanned": 0,
                "operator_timing": 0.00038045700000000006,
                "children": [
                  {
                    "total_bytes_written": 0,
                    "total_bytes_read": 0,
                    "result_set_size": 45576,
                    "operator_name": "PROJECTION",
                    "cpu_time": 0.0,
                    "extra_info": {
                      "Projections": [
                        "item_id",
                        "sr_item_qty",
                        "CAST(((sr_item_qty + cr_item_qty) + wr_item_qty) AS DOUBLE)",
                        "cr_item_qty",
                        "wr_item_qty"
                      ],
                      "Estimated Cardinality": "0"
                    },
                    "cumulative_cardinality": 0,
                    "operator_type": "PROJECTION",
                    "operator_cardinality": 633,
                    "cumulative_rows_scanned": 0,
                    "operator_rows_scanned": 0,
                    "operator_timing": 0.000103933,
                    "children": [
                      {
                        "total_bytes_written": 0,
                        "total_bytes_read": 0,
                        "result_set_size": 40512,
                        "operator_name": "HASH_JOIN",
                        "cpu_time": 0.0,
                        "extra_info": {
                          "Join Type": "INNER",
                          "Conditions": "item_id = item_id",
                          "Estimated Cardinality": "0"
                        },
                        "cumulative_cardinality": 0,
                        "operator_type": "HASH_JOIN",
                        "operator_cardinality": 633,
                        "cumulative_rows_scanned": 0,
                        "operator_rows_scanned": 0,
                        "operator_timing": 0.0014378900000000003,
                        "children": [
                          {
                            "total_bytes_written": 0,
                            "total_bytes_read": 0,
                            "result_set_size": 219392,
                            "operator_name": "HASH_GROUP_BY",
                            "cpu_time": 0.0,
                            "extra_info": {
                              "Groups": "#0",
                              "Aggregates": "sum(#1)",
                              "Estimated Cardinality": "2241"
                            },
                            "cumulative_cardinality": 0,
                            "operator_type": "HASH_GROUP_BY",
                            "operator_cardinality": 6856,
                            "cumulative_rows_scanned": 0,
                            "operator_rows_scanned": 0,
                            "operator_timing": 0.00290443,
                            "children": [
                              {
                                "total_bytes_written": 0,
                                "total_bytes_read": 0,
                                "result_set_size": 146380,
                                "operator_name": "PROJECTION",
                                "cpu_time": 0.0,
                                "extra_info": {
                                  "Projections": [
                                    "i_item_id",
                                    "wr_return_quantity"
                                  ],
                                  "Estimated Cardinality": "131087"
                                },
                                "cumulative_cardinality": 0,
                                "operator_type": "PROJECTION",
                                "operator_cardinality": 7319,
                                "cumulative_rows_scanned": 0,
                                "operator_rows_scanned": 0,
                                "operator_timing": 1.5490000000000002e-05,
                                "children": [
                                  {
                                    "total_bytes_written": 0,
                                    "total_bytes_read": 0,
                                    "result_set_size": 146380,
                                    "operator_name": "HASH_JOIN",
                                    "cpu_time": 0.0,
                                    "extra_info": {
                                      "Join Type": "INNER",
                                      "Conditions": "i_item_sk = wr_item_sk",
                                      "Estimated Cardinality": "131087"
                                    },
                                    "cumulative_cardinality": 0,
                                    "operator_type": "HASH_JOIN",
                                    "operator_cardinality": 7319,
                                    "cumulative_rows_scanned": 0,
                                    "operator_rows_scanned": 0,
                                    "operator_timing": 0.001959463,
                                    "children": [
                                      {
                                        "total_bytes_written": 0,
                                        "total_bytes_read": 0,
                                        "result_set_size": 2039620,
                                        "operator_name": "SEQ_SCAN ",
                                        "cpu_time": 0.0,
                                        "extra_info": {
                                          "Table": "item",
                                          "Type": "Sequential Scan",
                                          "Projections": [
                                            "i_item_sk",
                                            "i_item_id"
                                          ],
                                          "Estimated Cardinality": "102000"
                                        },
                                        "cumulative_cardinality": 0,
                                        "operator_type": "TABLE_SCAN",
                                        "operator_cardinality": 101981,
                                        "cumulative_rows_scanned": 0,
                                        "operator_rows_scanned": 102000,
                                        "operator_timing": 0.0012933650000000005,
                                        "children": []
                                      },
                                      {
                                        "total_bytes_written": 0,
                                        "total_bytes_read": 0,
                                        "result_set_size": 87828,
                                        "operator_name": "HASH_JOIN",
                                        "cpu_time": 0.0,
                                        "extra_info": {
                                          "Join Type": "INNER",
                                          "Conditions": "wr_returned_date_sk = d_date_sk",
                                          "Estimated Cardinality": "143844"
                                        },
                                        "cumulative_cardinality": 0,
                                        "operator_type": "HASH_JOIN",
                                        "operator_cardinality": 7319,
                                        "cumulative_rows_scanned": 0,
                                        "operator_rows_scanned": 0,
                                        "operator_timing": 0.0015477849999999999,
                                        "children": [
                                          {
                                            "total_bytes_written": 0,
                                            "total_bytes_read": 0,
                                            "result_set_size": 682080,
                                            "operator_name": "SEQ_SCAN ",
                                            "cpu_time": 0.0,
                                            "extra_info": {
                                              "Table": "web_returns",
                                              "Type": "Sequential Scan",
                                              "Projections": [
                                                "wr_item_sk",
                                                "wr_returned_date_sk",
                                                "wr_return_quantity"
                                              ],
                                              "Estimated Cardinality": "719222"
                                            },
                                            "cumulative_cardinality": 0,
                                            "operator_type": "TABLE_SCAN",
                                            "operator_cardinality": 56840,
                                            "cumulative_rows_scanned": 0,
                                            "operator_rows_scanned": 4315332,
                                            "operator_timing": 0.004171199999999999,
                                            "children": []
                                          },
                                          {
                                            "total_bytes_written": 0,
                                            "total_bytes_read": 0,
                                            "result_set_size": 84,
                                            "operator_name": "HASH_JOIN",
                                            "cpu_time": 0.0,
                                            "extra_info": {
                                              "Join Type": "SEMI",
                                              "Conditions": "d_date = #0",
                                              "Estimated Cardinality": "14609"
                                            },
                                            "cumulative_cardinality": 0,
                                            "operator_type": "HASH_JOIN",
                                            "operator_cardinality": 21,
                                            "cumulative_rows_scanned": 0,
                                            "operator_rows_scanned": 0,
                                            "operator_timing": 0.000285088,
                                            "children": [
                                              {
                                                "total_bytes_written": 0,
                                                "total_bytes_read": 0,
                                                "result_set_size": 1288,
                                                "operator_name": "SEQ_SCAN ",
                                                "cpu_time": 0.0,
                                                "extra_info": {
                                                  "Table": "date_dim",
                                                  "Type": "Sequential Scan",
                                                  "Projections": [
                                                    "d_date",
                                                    "d_date_sk"
                                                  ],
                                                  "Filters": "d_date_sk>=2450821 AND d_date_sk<=2452997",
                                                  "Estimated Cardinality": "73049"
                                                },
                                                "cumulative_cardinality": 0,
                                                "operator_type": "TABLE_SCAN",
                                                "operator_cardinality": 161,
                                                "cumulative_rows_scanned": 0,
                                                "operator_rows_scanned": 73049,
                                                "operator_timing": 0.00014731899999999998,
                                                "children": []
                                              },
                                              {
                                                "total_bytes_written": 0,
                                                "total_bytes_read": 0,
                                                "result_set_size": 84,
                                                "operator_name": "HASH_JOIN",
                                                "cpu_time": 0.0,
                                                "extra_info": {
                                                  "Join Type": "SEMI",
                                                  "Conditions": "d_week_seq = #0",
                                                  "Estimated Cardinality": "14609"
                                                },
                                                "cumulative_cardinality": 0,
                                                "operator_type": "HASH_JOIN",
                                                "operator_cardinality": 21,
                                                "cumulative_rows_scanned": 0,
                                                "operator_rows_scanned": 0,
                                                "operator_timing": 0.000123008,
                                                "children": [
                                                  {
                                                    "total_bytes_written": 0,
                                                    "total_bytes_read": 0,
                                                    "result_set_size": 1288,
                                                    "operator_name": "SEQ_SCAN ",
                                                    "cpu_time": 0.0,
                                                    "extra_info": {
                                                      "Table": "date_dim",
                                                      "Type": "Sequential Scan",
                                                      "Projections": [
                                                        "d_week_seq",
                                                        "d_date"
                                                      ],
                                                      "Estimated Cardinality": "73049"
                                                    },
                                                    "cumulative_cardinality": 0,
                                                    "operator_type": "TABLE_SCAN",
                                                    "operator_cardinality": 161,
                                                    "cumulative_rows_scanned": 0,
                                                    "operator_rows_scanned": 73049,
                                                    "operator_timing": 0.00016202399999999998,
                                                    "children": []
                                                  },
                                                  {
                                                    "total_bytes_written": 0,
                                                    "total_bytes_read": 0,
                                                    "result_set_size": 12,
                                                    "operator_name": "PROJECTION",
                                                    "cpu_time": 0.0,
                                                    "extra_info": {
                                                      "Projections": "#1",
                                                      "Estimated Cardinality": "14609"
                                                    },
                                                    "cumulative_cardinality": 0,
                                                    "operator_type": "PROJECTION",
                                                    "operator_cardinality": 3,
                                                    "cumulative_rows_scanned": 0,
                                                    "operator_rows_scanned": 0,
                                                    "operator_timing": 7.9e-07,
                                                    "children": [
                                                      {
                                                        "total_bytes_written": 0,
                                                        "total_bytes_read": 0,
                                                        "result_set_size": 24,
                                                        "operator_name": "FILTER",
                                                        "cpu_time": 0.0,
                                                        "extra_info": {
                                                          "Expression": "((d_date = '2001-06-06'::DATE) OR (d_date = '2001-09-02'::DATE) OR (d_date = '2001-11-11'::DATE))",
                                                          "Estimated Cardinality": "14609"
                                                        },
                                                        "cumulative_cardinality": 0,
                                                        "operator_type": "FILTER",
                                                        "operator_cardinality": 3,
                                                        "cumulative_rows_scanned": 0,
                                                        "operator_rows_scanned": 0,
                                                        "operator_timing": 0.00025016700000000003,
                                                        "children": [
                                                          {
                                                            "total_bytes_written": 0,
                                                            "total_bytes_read": 0,
                                                            "result_set_size": 584392,
                                                            "operator_name": "SEQ_SCAN ",
                                                            "cpu_time": 0.0,
                                                            "extra_info": {
                                                              "Table": "date_dim",
                                                              "Type": "Sequential Scan",
                                                              "Projections": [
                                                                "d_date",
                                                                "d_week_seq"
                                                              ],
                                                              "Filters": "optional: d_date IN ('2001-06-06'::DATE, '2001-09-02'::DATE, '2001-11-11'::DATE)",
                                                              "Estimated Cardinality": "73049"
                                                            },
                                                            "cumulative_cardinality": 0,
                                                            "operator_type": "TABLE_SCAN",
                                                            "operator_cardinality": 73049,
                                                            "cumulative_rows_scanned": 0,
                                                            "operator_rows_scanned": 73049,
                                                            "operator_timing": 0.00012147599999999996,
                                                            "children": []
                                                          }
                                                        ]
                                                      }
                                                    ]
                                                  }
                                                ]
                                              }
                                            ]
                                          }
                                        ]
                                      }
                                    ]
                                  }
                                ]
                              }
                            ]
                          },
                          {
                            "total_bytes_written": 0,
                            "total_bytes_read": 0,
                            "result_set_size": 224592,
                            "operator_name": "HASH_JOIN",
                            "cpu_time": 0.0,
                            "extra_info": {
                              "Join Type": "INNER",
                              "Conditions": "item_id = item_id",
                              "Estimated Cardinality": "43"
                            },
                            "cumulative_cardinality": 0,
                            "operator_type": "HASH_JOIN",
                            "operator_cardinality": 4679,
                            "cumulative_rows_scanned": 0,
                            "operator_rows_scanned": 0,
                            "operator_timing": 0.0025739419999999983,
                            "children": [
                              {
                                "total_bytes_written": 0,
                                "total_bytes_read": 0,
                                "result_set_size": 384736,
                                "operator_name": "HASH_GROUP_BY",
                                "cpu_time": 0.0,
                                "extra_info": {
                                  "Groups": "#0",
                                  "Aggregates": "sum(#1)",
                                  "Estimated Cardinality": "2221"
                                },
                                "cumulative_cardinality": 0,
                                "operator_type": "HASH_GROUP_BY",
                                "operator_cardinality": 12023,
                                "cumulative_rows_scanned": 0,
                                "operator_rows_scanned": 0,
                                "operator_timing": 0.0055352,
                                "children": [
                                  {
                                    "total_bytes_written": 0,
                                    "total_bytes_read": 0,
                                    "result_set_size": 274720,
                                    "operator_name": "PROJECTION",
                                    "cpu_time": 0.0,
                                    "extra_info": {
                                      "Projections": [
                                        "i_item_id",
                                        "cr_return_quantity"
                                      ],
                                      "Estimated Cardinality": "286360"
                                    },
                                    "cumulative_cardinality": 0,
                                    "operator_type": "PROJECTION",
                                    "operator_cardinality": 13736,
                                    "cumulative_rows_scanned": 0,
                                    "operator_rows_scanned": 0,
                                    "operator_timing": 2.8162999999999994e-05,
                                    "children": [
                                      {
                                        "total_bytes_written": 0,
                                        "total_bytes_read": 0,
                                        "result_set_size": 274720,
                                        "operator_name": "HASH_JOIN",
                                        "cpu_time": 0.0,
                                        "extra_info": {
                                          "Join Type": "INNER",
                                          "Conditions": "cr_item_sk = i_item_sk",
                                          "Estimated Cardinality": "286360"
                                        },
                                        "cumulative_cardinality": 0,
                                        "operator_type": "HASH_JOIN",
                                        "operator_cardinality": 13736,
                                        "cumulative_rows_scanned": 0,
                                        "operator_rows_scanned": 0,
                                        "operator_timing": 0.0035214559999999988,
                                        "children": [
                                          {
                                            "total_bytes_written": 0,
                                            "total_bytes_read": 0,
                                            "result_set_size": 164832,
                                            "operator_name": "HASH_JOIN",
                                            "cpu_time": 0.0,
                                            "extra_info": {
                                              "Join Type": "INNER",
                                              "Conditions": "cr_returned_date_sk = d_date_sk",
                                              "Estimated Cardinality": "288244"
                                            },
                                            "cumulative_cardinality": 0,
                                            "operator_type": "HASH_JOIN",
                                            "operator_cardinality": 13736,
                                            "cumulative_rows_scanned": 0,
                                            "operator_rows_scanned": 0,
                                            "operator_timing": 0.000699953,
                                            "children": [
                                              {
                                                "total_bytes_written": 0,
                                                "total_bytes_read": 0,
                                                "result_set_size": 1159932,
                                                "operator_name": "SEQ_SCAN ",
                                                "cpu_time": 0.0,
                                                "extra_info": {
                                                  "Table": "catalog_returns",
                                                  "Type": "Sequential Scan",
                                                  "Projections": [
                                                    "cr_item_sk",
                                                    "cr_returned_date_sk",
                                                    "cr_return_quantity"
                                                  ],
                                                  "Estimated Cardinality": "1441224"
                                                },
                                                "cumulative_cardinality": 0,
                                                "operator_type": "TABLE_SCAN",
                                                "operator_cardinality": 96661,
                                                "cumulative_rows_scanned": 0,
                                                "operator_rows_scanned": 17294688,
                                                "operator_timing": 0.001709018,
                                                "children": []
                                              },
                                              {
                                                "total_bytes_written": 0,
                                                "total_bytes_read": 0,
                                                "result_set_size": 84,
                                                "operator_name": "HASH_JOIN",
                                                "cpu_time": 0.0,
                                                "extra_info": {
                                                  "Join Type": "SEMI",
                                                  "Conditions": "d_date = #0",
                                                  "Estimated Cardinality": "14609"
                                                },
                                                "cumulative_cardinality": 0,
                                                "operator_type": "HASH_JOIN",
                                                "operator_cardinality": 21,
                                                "cumulative_rows_scanned": 0,
                                                "operator_rows_scanned": 0,
                                                "operator_timing": 0.00030909100000000005,
                                                "children": [
                                                  {
                                                    "total_bytes_written": 0,
                                                    "total_bytes_read": 0,
                                                    "result_set_size": 1288,
                                                    "operator_name": "SEQ_SCAN ",
                                                    "cpu_time": 0.0,
                                                    "extra_info": {
                                                      "Table": "date_dim",
                                                      "Type": "Sequential Scan",
                                                      "Projections": [
                                                        "d_date",
                                                        "d_date_sk"
                                                      ],
                                                      "Filters": "d_date_sk>=2450827 AND d_date_sk<=2452918",
                                                      "Estimated Cardinality": "73049"
                                                    },
                                                    "cumulative_cardinality": 0,
                                                    "operator_type": "TABLE_SCAN",
                                                    "operator_cardinality": 161,
                                                    "cumulative_rows_scanned": 0,
                                                    "operator_rows_scanned": 73049,
                                                    "operator_timing": 0.000367542,
                                                    "children": []
                                                  },
                                                  {
                                                    "total_bytes_written": 0,
                                                    "total_bytes_read": 0,
                                                    "result_set_size": 84,
                                                    "operator_name": "HASH_JOIN",
                                                    "cpu_time": 0.0,
                                                    "extra_info": {
                                                      "Join Type": "SEMI",
                                                      "Conditions": "d_week_seq = #0",
                                                      "Estimated Cardinality": "14609"
                                                    },
                                                    "cumulative_cardinality": 0,
                                                    "operator_type": "HASH_JOIN",
                                                    "operator_cardinality": 21,
                                                    "cumulative_rows_scanned": 0,
                                                    "operator_rows_scanned": 0,
                                                    "operator_timing": 0.000210301,
                                                    "children": [
                                                      {
                                                        "total_bytes_written": 0,
                                                        "total_bytes_read": 0,
                                                        "result_set_size": 1288,
                                                        "operator_name": "SEQ_SCAN ",
                                                        "cpu_time": 0.0,
                                                        "extra_info": {
                                                          "Table": "date_dim",
                                                          "Type": "Sequential Scan",
                                                          "Projections": [
                                                            "d_week_seq",
                                                            "d_date"
                                                          ],
                                                          "Estimated Cardinality": "73049"
                                                        },
                                                        "cumulative_cardinality": 0,
                                                        "operator_type": "TABLE_SCAN",
                                                        "operator_cardinality": 161,
                                                        "cumulative_rows_scanned": 0,
                                                        "operator_rows_scanned": 73049,
                                                        "operator_timing": 0.000159285,
                                                        "children": []
                                                      },
                                                      {
                                                        "total_bytes_written": 0,
                                                        "total_bytes_read": 0,
                                                        "result_set_size": 12,
                                                        "operator_name": "PROJECTION",
                                                        "cpu_time": 0.0,
                                                        "extra_info": {
                                                          "Projections": "#1",
                                                          "Estimated Cardinality": "14609"
                                                        },
                                                        "cumulative_cardinality": 0,
                                                        "operator_type": "PROJECTION",
                                                        "operator_cardinality": 3,
                                                        "cumulative_rows_scanned": 0,
                                                        "operator_rows_scanned": 0,
                                                        "operator_timing": 8.44e-07,
                                                        "children": [
                                                          {
                                                            "total_bytes_written": 0,
                                                            "total_bytes_read": 0,
                                                            "result_set_size": 24,
                                                            "operator_name": "FILTER",
                                                            "cpu_time": 0.0,
                                                            "extra_info": {
                                                              "Expression": "((d_date = '2001-06-06'::DATE) OR (d_date = '2001-09-02'::DATE) OR (d_date = '2001-11-11'::DATE))",
                                                              "Estimated Cardinality": "14609"
                                                            },
                                                            "cumulative_cardinality": 0,
                                                            "operator_type": "FILTER",
                                                            "operator_cardinality": 3,
                                                            "cumulative_rows_scanned": 0,
                                                            "operator_rows_scanned": 0,
                                                            "operator_timing": 0.000243897,
                                                            "children": [
                                                              {
                                                                "total_bytes_written": 0,
                                                                "total_bytes_read": 0,
                                                                "result_set_size": 584392,
                                                                "operator_name": "SEQ_SCAN ",
                                                                "cpu_time": 0.0,
                                                                "extra_info": {
                                                                  "Table": "date_dim",
                                                                  "Type": "Sequential Scan",
                                                                  "Projections": [
                                                                    "d_date",
                                                                    "d_week_seq"
                                                                  ],
                                                                  "Filters": "optional: d_date IN ('2001-06-06'::DATE, '2001-09-02'::DATE, '2001-11-11'::DATE)",
                                                                  "Estimated Cardinality": "73049"
                                                                },
                                                                "cumulative_cardinality": 0,
                                                                "operator_type": "TABLE_SCAN",
                                                                "operator_cardinality": 73049,
                                                                "cumulative_rows_scanned": 0,
                                                                "operator_rows_scanned": 73049,
                                                                "operator_timing": 0.000113015,
                                                                "children": []
                                                              }
                                                            ]
                                                          }
                                                        ]
                                                      }
                                                    ]
                                                  }
                                                ]
                                              }
                                            ]
                                          },
                                          {
                                            "total_bytes_written": 0,
                                            "total_bytes_read": 0,
                                            "result_set_size": 2040000,
                                            "operator_name": "SEQ_SCAN ",
                                            "cpu_time": 0.0,
                                            "extra_info": {
                                              "Table": "item",
                                              "Type": "Sequential Scan",
                                              "Projections": [
                                                "i_item_sk",
                                                "i_item_id"
                                              ],
                                              "Estimated Cardinality": "102000"
                                            },
                                            "cumulative_cardinality": 0,
                                            "operator_type": "TABLE_SCAN",
                                            "operator_cardinality": 102000,
                                            "cumulative_rows_scanned": 0,
                                            "operator_rows_scanned": 102000,
                                            "operator_timing": 0.0015469980000000002,
                                            "children": []
                                          }
                                        ]
                                      }
                                    ]
                                  }
                                ]
                              },
                              {
                                "total_bytes_written": 0,
                                "total_bytes_read": 0,
                                "result_set_size": 641504,
                                "operator_name": "HASH_GROUP_BY",
                                "cpu_time": 0.0,
                                "extra_info": {
                                  "Groups": "#0",
                                  "Aggregates": "sum(#1)",
                                  "Estimated Cardinality": "2202"
                                },
                                "cumulative_cardinality": 0,
                                "operator_type": "HASH_GROUP_BY",
                                "operator_cardinality": 20047,
                                "cumulative_rows_scanned": 0,
                                "operator_rows_scanned": 0,
                                "operator_timing": 0.017795690999999995,
                                "children": [
                                  {
                                    "total_bytes_written": 0,
                                    "total_bytes_read": 0,
                                    "result_set_size": 509840,
                                    "operator_name": "PROJECTION",
                                    "cpu_time": 0.0,
                                    "extra_info": {
                                      "Projections": [
                                        "i_item_id",
                                        "sr_return_quantity"
                                      ],
                                      "Estimated Cardinality": "594134"
                                    },
                                    "cumulative_cardinality": 0,
                                    "operator_type": "PROJECTION",
                                    "operator_cardinality": 25492,
                                    "cumulative_rows_scanned": 0,
                                    "operator_rows_scanned": 0,
                                    "operator_timing": 1.2952e-05,
                                    "children": [
                                      {
                                        "total_bytes_written": 0,
                                        "total_bytes_read": 0,
                                        "result_set_size": 509840,
                                        "operator_name": "HASH_JOIN",
                                        "cpu_time": 0.0,
                                        "extra_info": {
                                          "Join Type": "INNER",
                                          "Conditions": "sr_item_sk = i_item_sk",
                                          "Estimated Cardinality": "594134"
                                        },
                                        "cumulative_cardinality": 0,
                                        "operator_type": "HASH_JOIN",
                                        "operator_cardinality": 25492,
                                        "cumulative_rows_scanned": 0,
                                        "operator_rows_scanned": 0,
                                        "operator_timing": 0.003444195000000001,
                                        "children": [
                                          {
                                            "total_bytes_written": 0,
                                            "total_bytes_read": 0,
                                            "result_set_size": 305904,
                                            "operator_name": "HASH_JOIN",
                                            "cpu_time": 0.0,
                                            "extra_info": {
                                              "Join Type": "INNER",
                                              "Conditions": "sr_returned_date_sk = d_date_sk",
                                              "Estimated Cardinality": "575506"
                                            },
                                            "cumulative_cardinality": 0,
                                            "operator_type": "HASH_JOIN",
                                            "operator_cardinality": 25492,
                                            "cumulative_rows_scanned": 0,
                                            "operator_rows_scanned": 0,
                                            "operator_timing": 0.0044487730000000005,
                                            "children": [
                                              {
                                                "total_bytes_written": 0,
                                                "total_bytes_read": 0,
                                                "result_set_size": 2116680,
                                                "operator_name": "SEQ_SCAN ",
                                                "cpu_time": 0.0,
                                                "extra_info": {
                                                  "Table": "store_returns",
                                                  "Type": "Sequential Scan",
                                                  "Projections": [
                                                    "sr_item_sk",
                                                    "sr_returned_date_sk",
                                                    "sr_return_quantity"
                                                  ],
                                                  "Estimated Cardinality": "2877532"
                                                },
                                                "cumulative_cardinality": 0,
                                                "operator_type": "TABLE_SCAN",
                                                "operator_cardinality": 176390,
                                                "cumulative_rows_scanned": 0,
                                                "operator_rows_scanned": 69060768,
                                                "operator_timing": 0.014765183,
                                                "children": []
                                              },
                                              {
                                                "total_bytes_written": 0,
                                                "total_bytes_read": 0,
                                                "result_set_size": 84,
                                                "operator_name": "HASH_JOIN",
                                                "cpu_time": 0.0,
                                                "extra_info": {
                                                  "Join Type": "SEMI",
                                                  "Conditions": "d_date = #0",
                                                  "Estimated Cardinality": "14609"
                                                },
                                                "cumulative_cardinality": 0,
                                                "operator_type": "HASH_JOIN",
                                                "operator_cardinality": 21,
                                                "cumulative_rows_scanned": 0,
                                                "operator_rows_scanned": 0,
                                                "operator_timing": 0.00031185399999999997,
                                                "children": [
                                                  {
                                                    "total_bytes_written": 0,
                                                    "total_bytes_read": 0,
                                                    "result_set_size": 1288,
                                                    "operator_name": "SEQ_SCAN ",
                                                    "cpu_time": 0.0,
                                                    "extra_info": {
                                                      "Table": "date_dim",
                                                      "Type": "Sequential Scan",
                                                      "Projections": [
                                                        "d_date",
                                                        "d_date_sk"
                                                      ],
                                                      "Filters": "d_date_sk>=2450820 AND d_date_sk<=2452822",
                                                      "Estimated Cardinality": "73049"
                                                    },
                                                    "cumulative_cardinality": 0,
                                                    "operator_type": "TABLE_SCAN",
                                                    "operator_cardinality": 161,
                                                    "cumulative_rows_scanned": 0,
                                                    "operator_rows_scanned": 73049,
                                                    "operator_timing": 0.000178924,
                                                    "children": []
                                                  },
                                                  {
                                                    "total_bytes_written": 0,
                                                    "total_bytes_read": 0,
                                                    "result_set_size": 84,
                                                    "operator_name": "HASH_JOIN",
                                                    "cpu_time": 0.0,
                                                    "extra_info": {
                                                      "Join Type": "SEMI",
                                                      "Conditions": "d_week_seq = #0",
                                                      "Estimated Cardinality": "14609"
                                                    },
                                                    "cumulative_cardinality": 0,
                                                    "operator_type": "HASH_JOIN",
                                                    "operator_cardinality": 21,
                                                    "cumulative_rows_scanned": 0,
                                                    "operator_rows_scanned": 0,
                                                    "operator_timing": 0.000217951,
                                                    "children": [
                                                      {
                                                        "total_bytes_written": 0,
                                                        "total_bytes_read": 0,
                                                        "result_set_size": 1288,
                                                        "operator_name": "SEQ_SCAN ",
                                                        "cpu_time": 0.0,
                                                        "extra_info": {
                                                          "Table": "date_dim",
                                                          "Type": "Sequential Scan",
                                                          "Projections": [
                                                            "d_week_seq",
                                                            "d_date"
                                                          ],
                                                          "Estimated Cardinality": "73049"
                                                        },
                                                        "cumulative_cardinality": 0,
                                                        "operator_type": "TABLE_SCAN",
                                                        "operator_cardinality": 161,
                                                        "cumulative_rows_scanned": 0,
                                                        "operator_rows_scanned": 73049,
                                                        "operator_timing": 0.00016683300000000002,
                                                        "children": []
                                                      },
                                                      {
                                                        "total_bytes_written": 0,
                                                        "total_bytes_read": 0,
                                                        "result_set_size": 12,
                                                        "operator_name": "PROJECTION",
                                                        "cpu_time": 0.0,
                                                        "extra_info": {
                                                          "Projections": "#1",
                                                          "Estimated Cardinality": "14609"
                                                        },
                                                        "cumulative_cardinality": 0,
                                                        "operator_type": "PROJECTION",
                                                        "operator_cardinality": 3,
                                                        "cumulative_rows_scanned": 0,
                                                        "operator_rows_scanned": 0,
                                                        "operator_timing": 8.04e-07,
                                                        "children": [
                                                          {
                                                            "total_bytes_written": 0,
                                                            "total_bytes_read": 0,
                                                            "result_set_size": 24,
                                                            "operator_name": "FILTER",
                                                            "cpu_time": 0.0,
                                                            "extra_info": {
                                                              "Expression": "((d_date = '2001-06-06'::DATE) OR (d_date = '2001-09-02'::DATE) OR (d_date = '2001-11-11'::DATE))",
                                                              "Estimated Cardinality": "14609"
                                                            },
                                                            "cumulative_cardinality": 0,
                                                            "operator_type": "FILTER",
                                                            "operator_cardinality": 3,
                                                            "cumulative_rows_scanned": 0,
                                                            "operator_rows_scanned": 0,
                                                            "operator_timing": 0.00031133399999999997,
                                                            "children": [
                                                              {
                                                                "total_bytes_written": 0,
                                                                "total_bytes_read": 0,
                                                                "result_set_size": 584392,
                                                                "operator_name": "SEQ_SCAN ",
                                                                "cpu_time": 0.0,
                                                                "extra_info": {
                                                                  "Table": "date_dim",
                                                                  "Type": "Sequential Scan",
                                                                  "Projections": [
                                                                    "d_date",
                                                                    "d_week_seq"
                                                                  ],
                                                                  "Filters": "optional: d_date IN ('2001-06-06'::DATE, '2001-09-02'::DATE, '2001-11-11'::DATE)",
                                                                  "Estimated Cardinality": "73049"
                                                                },
                                                                "cumulative_cardinality": 0,
                                                                "operator_type": "TABLE_SCAN",
                                                                "operator_cardinality": 73049,
                                                                "cumulative_rows_scanned": 0,
                                                                "operator_rows_scanned": 73049,
                                                                "operator_timing": 0.00012408500000000002,
                                                                "children": []
                                                              }
                                                            ]
                                                          }
                                                        ]
                                                      }
                                                    ]
                                                  }
                                                ]
                                              }
                                            ]
                                          },
                                          {
                                            "total_bytes_written": 0,
                                            "total_bytes_read": 0,
                                            "result_set_size": 2040000,
                                            "operator_name": "SEQ_SCAN ",
                                            "cpu_time": 0.0,
                                            "extra_info": {
                                              "Table": "item",
                                              "Type": "Sequential Scan",
                                              "Projections": [
                                                "i_item_sk",
                                                "i_item_id"
                                              ],
                                              "Estimated Cardinality": "102000"
                                            },
                                            "cumulative_cardinality": 0,
                                            "operator_type": "TABLE_SCAN",
                                            "operator_cardinality": 102000,
                                            "cumulative_rows_scanned": 0,
                                            "operator_rows_scanned": 102000,
                                            "operator_timing": 0.0014951519999999998,
                                            "children": []
                                          }
                                        ]
                                      }
                                    ]
                                  }
                                ]
                              }
                            ]
                          }
                        ]
                      }
                    ]
                  }
                ]
              }
            ]
          }
        ]
      }
    ]
  },
  "actual_rows": 0,
  "collected_at": "2026-02-16T10:20:04.089061",
  "query_id": "query_83"
}