{
  "iteration": 0,
  "n_api_calls": 4,
  "beam_cost_usd": 0.0127326,
  "beam_cost_priced_calls": 2,
  "beam_cost_unpriced_calls": 0,
  "beam_token_totals": {
    "prompt_tokens": 30405,
    "completion_tokens": 11040,
    "total_tokens": 41445,
    "prompt_cache_hit_tokens": 0,
    "prompt_cache_miss_tokens": 0,
    "cached_tokens": 0,
    "reasoning_tokens": 9548
  },
  "best_speedup": 1499.7,
  "best_patch_id": "compile_p1",
  "best_sql": "WITH cte_date AS (SELECT d_date_sk FROM date_dim WHERE d_date BETWEEN '1998-01-06' AND CAST('1998-01-06' AS DATE) + INTERVAL '90 day'), cte_fact AS (SELECT cs.cs_item_sk, cs.cs_ext_discount_amt FROM catalog_sales cs JOIN cte_date d ON cs.cs_sold_date_sk = d.d_date_sk WHERE cs.cs_list_price BETWEEN 108 AND 137 AND cs.cs_sales_price / cs.cs_list_price BETWEEN 0.23 AND 0.43), cte_avg AS (SELECT cs_item_sk, 1.3 * AVG(cs_ext_discount_amt) AS threshold FROM cte_fact GROUP BY cs_item_sk) SELECT SUM(f.cs_ext_discount_amt) AS \"excess discount amount\" FROM cte_fact f JOIN item i ON f.cs_item_sk = i.i_item_sk JOIN cte_avg a ON f.cs_item_sk = a.cs_item_sk WHERE (i.i_manufact_id IN (47, 226, 612, 676, 818) OR i.i_manager_id BETWEEN 71 AND 100) AND f.cs_ext_discount_amt > a.threshold ORDER BY SUM(f.cs_ext_discount_amt) LIMIT 100;",
  "patches": [
    {
      "patch_id": "p06",
      "family": "E",
      "transform": "materialize_cte",
      "relevance_score": 0.5,
      "status": "ERROR",
      "speedup": 0.0,
      "semantic_passed": true,
      "correctness_verified": false,
      "error": "column \"cs_list_price\" does not exist\nLINE 1: ...ed_catalog_sales WHERE cs_item_sk = i_item_sk AND cs_list_pr...\n                                                             ^\n",
      "original_ms": null,
      "patch_ms": null,
      "output_sql": "WITH filtered_catalog_sales AS (SELECT cs_item_sk, cs_sold_date_sk, cs_ext_discount_amt FROM catalog_sales JOIN date_dim ON d_date_sk = cs_sold_date_sk WHERE d_date between '1998-01-06' and cast('1998-01-06' as date) + interval '90 day') SELECT sum(cs_ext_discount_amt) as \"excess discount amount\" FROM filtered_catalog_sales JOIN item ON i_item_sk = cs_item_sk WHERE (i_manufact_id in (47, 226, 612, 676, 818) or i_manager_id BETWEEN 71 and 100) AND cs_ext_discount_amt > (SELECT 1.3 * avg(cs_ext_discount_amt) FROM filtered_catalog_sales WHERE cs_item_sk = i_item_sk AND cs_list_price between 108 and 137 AND cs_sales_price / cs_list_price BETWEEN 23 * 0.01 AND 43 * 0.01) ORDER BY sum(cs_ext_discount_amt) LIMIT 100;",
      "has_explain": false,
      "description": "[scout:qwen/qwen3-coder] Materialize the repeated scan of catalog_sales and date_dim in a CTE for reuse in main query and subquery to avoid redundant work."
    },
    {
      "patch_id": "p05",
      "family": "F",
      "transform": "dimension_prefetch_star",
      "relevance_score": 0.55,
      "status": "ERROR",
      "speedup": 0.0,
      "semantic_passed": true,
      "correctness_verified": false,
      "error": "canceling statement due to statement timeout\n",
      "original_ms": null,
      "patch_ms": null,
      "output_sql": "WITH item_prefetch AS (SELECT i_item_sk, i_manufact_id, i_manager_id FROM item WHERE i_manufact_id IN (47, 226, 612, 676, 818) OR i_manager_id BETWEEN 71 AND 100), date_prefetch AS (SELECT d_date_sk FROM date_dim WHERE d_date BETWEEN '1998-01-06' AND cast('1998-01-06' AS date) + interval '90 day'), catalog_sales_filtered AS (SELECT cs.cs_ext_discount_amt FROM catalog_sales cs JOIN item_prefetch i ON cs.cs_item_sk = i.i_item_sk JOIN date_prefetch d ON cs.cs_sold_date_sk = d.d_date_sk WHERE (i.i_manufact_id IN (47, 226, 612, 676, 818) OR i.i_manager_id BETWEEN 71 AND 100) AND cs.cs_ext_discount_amt > (SELECT 1.3 * avg(cs2.cs_ext_discount_amt) FROM catalog_sales cs2 JOIN date_prefetch d2 ON cs2.cs_sold_date_sk = d2.d_date_sk WHERE cs2.cs_item_sk = i.i_item_sk AND cs2.cs_list_price BETWEEN 108 AND 137 AND cs2.cs_sales_price / cs2.cs_list_price BETWEEN 0.23 AND 0.43)) SELECT sum(cs_ext_discount_amt) AS \"excess discount amount\" FROM catalog_sales_filtered ORDER BY sum(cs_ext_discount_amt) LIMIT 100;",
      "has_explain": false,
      "description": "[scout:qwen/qwen3-coder] Pre-filter all dimension tables (item and date_dim) into CTEs before joining with catalog_sales to reduce fact table probe size."
    },
    {
      "patch_id": "p07",
      "family": "E",
      "transform": "pg_self_join_decomposition",
      "relevance_score": 0.45,
      "status": "WIN",
      "speedup": 814.75,
      "semantic_passed": true,
      "correctness_verified": false,
      "error": null,
      "original_ms": 300000.0,
      "patch_ms": 368.2,
      "output_sql": "WITH avg_discount AS (SELECT AVG(cs_ext_discount_amt) AS threshold\nFROM catalog_sales\nJOIN date_dim ON d_date_sk = cs_sold_date_sk\nWHERE d_date BETWEEN '1998-01-06' AND cast('1998-01-06' as date) + interval '90 day'\nAND cs_list_price BETWEEN 108 AND 137\nAND cs_sales_price / cs_list_price BETWEEN 23 * 0.01 AND 43 * 0.01) select  sum(cs_ext_discount_amt)  as \"excess discount amount\"\nfrom\n   catalog_sales\n   JOIN item ON i_item_sk = cs_item_sk\n   JOIN date_dim ON d_date_sk = cs_sold_date_sk\n   CROSS JOIN avg_discount\nwhere\n(i_manufact_id in (47, 226, 612, 676, 818)\nor i_manager_id BETWEEN 71 and 100)\nand d_date between '1998-01-06' and\ncast('1998-01-06' as date) + interval '90 day'\nand cs_ext_discount_amt > (1.3 * avg_discount.threshold)\norder by sum(cs_ext_discount_amt)\nlimit 100;",
      "has_explain": true,
      "description": "[scout:qwen/qwen3-coder] Decompose the repeated fact and dimension scan patterns into separate CTEs with embedded filters to allow early reduction."
    },
    {
      "patch_id": "p02",
      "family": "B",
      "transform": "early_filter_decorrelate",
      "relevance_score": 0.7,
      "status": "WIN",
      "speedup": 736.2,
      "semantic_passed": true,
      "correctness_verified": false,
      "error": null,
      "original_ms": 300000.0,
      "patch_ms": 407.5,
      "output_sql": "WITH main_fact AS (SELECT cs_item_sk, cs_sold_date_sk, cs_ext_discount_amt FROM catalog_sales), item_filtered AS (SELECT i_item_sk FROM item WHERE (i_manufact_id IN (47, 226, 612, 676, 818) OR i_manager_id BETWEEN 71 AND 100)), date_filtered AS (SELECT d_date_sk FROM date_dim WHERE d_date BETWEEN '1998-01-06' AND CAST('1998-01-06' AS DATE) + INTERVAL '90 day'), threshold_cte AS (SELECT 1.3 * AVG(cs_ext_discount_amt) AS avg_threshold FROM catalog_sales JOIN date_dim ON cs_sold_date_sk = d_date_sk WHERE d_date BETWEEN '1998-01-06' AND CAST('1998-01-06' AS DATE) + INTERVAL '90 day' AND cs_list_price BETWEEN 108 AND 137 AND cs_sales_price / cs_list_price BETWEEN 0.23 AND 0.43) SELECT SUM(cs_ext_discount_amt) AS \"excess discount amount\" FROM main_fact JOIN item_filtered ON main_fact.cs_item_sk = item_filtered.i_item_sk JOIN date_filtered ON main_fact.cs_sold_date_sk = date_filtered.d_date_sk WHERE cs_ext_discount_amt > (SELECT avg_threshold FROM threshold_cte) ORDER BY SUM(cs_ext_discount_amt) LIMIT 100;",
      "has_explain": true,
      "description": "[scout:qwen/qwen3-coder] Push date and item filters into CTEs before decorrelation, creating pre-filtered dimension CTEs and computing average discount in a separate CTE with early selectivity."
    },
    {
      "patch_id": "p01",
      "family": "B",
      "transform": "inline_decorrelate_materialized",
      "relevance_score": 0.9,
      "status": "WIN",
      "speedup": 1461.72,
      "semantic_passed": true,
      "correctness_verified": false,
      "error": null,
      "original_ms": 300000.0,
      "patch_ms": 205.2,
      "output_sql": "WITH cte_date AS (SELECT d_date_sk FROM date_dim WHERE d_date BETWEEN '1998-01-06' AND CAST('1998-01-06' AS DATE) + INTERVAL '90 day'), cte_fact AS (SELECT cs.cs_item_sk, cs.cs_ext_discount_amt FROM catalog_sales cs JOIN cte_date d ON cs.cs_sold_date_sk = d.d_date_sk WHERE cs.cs_list_price BETWEEN 108 AND 137 AND cs.cs_sales_price / cs.cs_list_price BETWEEN 0.23 AND 0.43), cte_avg AS (SELECT cs_item_sk, 1.3 * AVG(cs_ext_discount_amt) AS threshold FROM cte_fact GROUP BY cs_item_sk) SELECT SUM(f.cs_ext_discount_amt) AS \"excess discount amount\" FROM cte_fact f JOIN item i ON f.cs_item_sk = i.i_item_sk JOIN cte_avg a ON f.cs_item_sk = a.cs_item_sk WHERE (i.i_manufact_id IN (47, 226, 612, 676, 818) OR i.i_manager_id BETWEEN 71 AND 100) AND f.cs_ext_discount_amt > a.threshold ORDER BY SUM(f.cs_ext_discount_amt) LIMIT 100;",
      "has_explain": true,
      "description": "[scout:qwen/qwen3-coder] Decompose correlated scalar subquery into MATERIALIZED CTEs: create cte_date for filtered date_dim, cte_fact for catalog_sales with date join and price filters, cte_avg for per-item average discount, then in main query join cte_avg instead of subquery."
    },
    {
      "patch_id": "p04",
      "family": "F",
      "transform": "date_cte_explicit_join",
      "relevance_score": 0.6,
      "status": "ERROR",
      "speedup": 0.0,
      "semantic_passed": true,
      "correctness_verified": false,
      "error": "canceling statement due to statement timeout\n",
      "original_ms": null,
      "patch_ms": null,
      "output_sql": "WITH filtered_date_dim AS (SELECT d_date_sk FROM date_dim WHERE d_date BETWEEN '1998-01-06' AND CAST('1998-01-06' AS DATE) + INTERVAL '90 day') SELECT SUM(cs_ext_discount_amt) AS \"excess discount amount\" FROM catalog_sales JOIN item ON i_item_sk = cs_item_sk JOIN filtered_date_dim ON d_date_sk = cs_sold_date_sk WHERE (i_manufact_id IN (47, 226, 612, 676, 818) OR i_manager_id BETWEEN 71 AND 100) AND cs_ext_discount_amt > (SELECT 1.3 * AVG(cs_ext_discount_amt) FROM catalog_sales AS cs2 JOIN filtered_date_dim AS d2 ON cs2.cs_sold_date_sk = d2.d_date_sk WHERE cs2.cs_item_sk = item.i_item_sk AND cs2.cs_list_price BETWEEN 108 AND 137 AND cs2.cs_sales_price / cs2.cs_list_price BETWEEN 0.23 AND 0.43) ORDER BY SUM(cs_ext_discount_amt) LIMIT 100;",
      "has_explain": false,
      "description": "[scout:qwen/qwen3-coder] Convert comma joins to explicit JOIN syntax and isolate date_dim filter into a CTE to create a tiny hash table for probing."
    },
    {
      "patch_id": "p03",
      "family": "D",
      "transform": "or_to_union",
      "relevance_score": 0.5,
      "status": "ERROR",
      "speedup": 0.0,
      "semantic_passed": true,
      "correctness_verified": false,
      "error": "canceling statement due to statement timeout\n",
      "original_ms": null,
      "patch_ms": null,
      "output_sql": "select  sum(cs_ext_discount_amt)  as \"excess discount amount\"\nfrom\n   catalog_sales\n   ,item\n   ,date_dim\nwhere\n(i_manufact_id in (47, 226, 612, 676, 818)\nor i_manager_id BETWEEN 71 and 100)\nand i_item_sk = cs_item_sk\nand d_date between '1998-01-06' and\n        cast('1998-01-06' as date) + interval '90 day'\nand d_date_sk = cs_sold_date_sk\nand cs_ext_discount_amt\n     > (\n         select\n            1.3 * avg(cs_ext_discount_amt)\n         from\n            catalog_sales\n           ,date_dim\n         where\n              cs_item_sk = i_item_sk\n          and d_date between '1998-01-06' and\n                             cast('1998-01-06' as date) + interval '90 day'\n          and d_date_sk = cs_sold_date_sk\n          and cs_list_price between 108 and 137\n          and cs_sales_price / cs_list_price BETWEEN 23 * 0.01 AND 43 * 0.01\n      )\norder by sum(cs_ext_discount_amt)\nlimit 100;",
      "has_explain": false,
      "description": "[scout:qwen/qwen3-coder] Split OR condition on item into UNION ALL branches: one for i_manufact_id IN, another for i_manager_id BETWEEN, and combine with main query joins."
    },
    {
      "patch_id": "p08",
      "family": "A",
      "transform": "early_filter",
      "relevance_score": 0.4,
      "status": "WIN",
      "speedup": 1075.62,
      "semantic_passed": true,
      "correctness_verified": false,
      "error": null,
      "original_ms": 300000.0,
      "patch_ms": 278.9,
      "output_sql": "WITH item_filtered AS (SELECT i_item_sk FROM item WHERE (i_manufact_id IN (47, 226, 612, 676, 818) OR i_manager_id BETWEEN 71 AND 100)), date_filtered AS (SELECT d_date_sk FROM date_dim WHERE d_date BETWEEN '1998-01-06' AND CAST('1998-01-06' AS DATE) + INTERVAL '90 day'), threshold AS (SELECT 1.3 * AVG(cs_ext_discount_amt) AS threshold_value FROM catalog_sales cs JOIN date_filtered d ON cs.cs_sold_date_sk = d.d_date_sk WHERE cs.cs_list_price BETWEEN 108 AND 137 AND (cs.cs_sales_price / cs.cs_list_price) BETWEEN 0.23 AND 0.43) SELECT SUM(cs_ext_discount_amt) AS \"excess discount amount\" FROM catalog_sales cs JOIN item_filtered i ON cs.cs_item_sk = i.i_item_sk JOIN date_filtered d ON cs.cs_sold_date_sk = d.d_date_sk WHERE cs.cs_ext_discount_amt > (SELECT threshold_value FROM threshold) ORDER BY SUM(cs_ext_discount_amt) LIMIT 100;",
      "has_explain": true,
      "description": "[scout:qwen/qwen3-coder] Apply early filtering on dimension tables (item and date_dim) before joining to fact table to reduce rows entering the main join."
    },
    {
      "patch_id": "compile_p1",
      "family": "?",
      "transform": "tree_rewrite",
      "relevance_score": 1.0,
      "status": "WIN",
      "speedup": 133.2,
      "semantic_passed": true,
      "correctness_verified": false,
      "error": null,
      "original_ms": 300000.0,
      "patch_ms": 2252.2,
      "output_sql": "WITH date_range AS (SELECT d_date_sk FROM date_dim WHERE d_date BETWEEN '1998-01-06' AND CAST('1998-01-06' AS DATE) + INTERVAL '90 day'), item_filtered AS (SELECT i_item_sk FROM item WHERE (i_manufact_id IN (47, 226, 612, 676, 818) OR i_manager_id BETWEEN 71 AND 100)), per_item_threshold AS (SELECT cs.cs_item_sk, 1.3 * AVG(cs.cs_ext_discount_amt) AS threshold FROM catalog_sales cs JOIN date_range d ON cs.cs_sold_date_sk = d.d_date_sk WHERE cs.cs_list_price BETWEEN 108 AND 137 AND cs.cs_sales_price / cs.cs_list_price BETWEEN 0.23 AND 0.43 GROUP BY cs.cs_item_sk) SELECT SUM(cs.cs_ext_discount_amt) AS \"excess discount amount\" FROM catalog_sales cs JOIN item_filtered i ON cs.cs_item_sk = i.i_item_sk JOIN date_range d ON cs.cs_sold_date_sk = d.d_date_sk JOIN per_item_threshold t ON cs.cs_item_sk = t.cs_item_sk WHERE cs.cs_ext_discount_amt > t.threshold ORDER BY SUM(cs.cs_ext_discount_amt) LIMIT 100;",
      "has_explain": true,
      "description": null
    },
    {
      "patch_id": "compile_p1",
      "family": "?",
      "transform": "tree_rewrite",
      "relevance_score": 1.0,
      "status": "WIN",
      "speedup": 1499.7,
      "semantic_passed": true,
      "correctness_verified": false,
      "error": null,
      "original_ms": 300000.0,
      "patch_ms": 200.0,
      "output_sql": "WITH cte_date AS (SELECT d_date_sk FROM date_dim WHERE d_date BETWEEN '1998-01-06' AND CAST('1998-01-06' AS DATE) + INTERVAL '90 day'), cte_fact AS (SELECT cs.cs_item_sk, cs.cs_ext_discount_amt FROM catalog_sales cs JOIN cte_date d ON cs.cs_sold_date_sk = d.d_date_sk WHERE cs.cs_list_price BETWEEN 108 AND 137 AND cs.cs_sales_price / cs.cs_list_price BETWEEN 0.23 AND 0.43), cte_avg AS (SELECT cs_item_sk, 1.3 * AVG(cs_ext_discount_amt) AS threshold FROM cte_fact GROUP BY cs_item_sk) SELECT SUM(f.cs_ext_discount_amt) AS \"excess discount amount\" FROM cte_fact f JOIN item i ON f.cs_item_sk = i.i_item_sk JOIN cte_avg a ON f.cs_item_sk = a.cs_item_sk WHERE (i.i_manufact_id IN (47, 226, 612, 676, 818) OR i.i_manager_id BETWEEN 71 AND 100) AND f.cs_ext_discount_amt > a.threshold ORDER BY SUM(f.cs_ext_discount_amt) LIMIT 100;",
      "has_explain": true,
      "description": null
    }
  ],
  "explains": {
    "p07": "Limit  (cost=117064.08..117064.08 rows=1 width=32) (actual time=370.444..370.548 rows=1 loops=1)\n  ->  Sort  (cost=117064.08..117064.08 rows=1 width=32) (actual time=370.443..370.546 rows=1 loops=1)\n        Sort Key: (sum(catalog_sales.cs_ext_discount_amt))\n        Sort Method: quicksort  Memory: 25kB\n        ->  Aggregate  (cost=117064.06..117064.07 rows=1 width=32) (actual time=370.436..370.539 rows=1 loops=1)\n              ->  Nested Loop  (cost=58398.81..117059.33 rows=1892 width=6) (actual ",
    "p02": "Limit  (cost=112536.91..112536.91 rows=1 width=32) (actual time=344.556..346.723 rows=1 loops=1)\n  InitPlan 1 (returns $2)\n    ->  Finalize Aggregate  (cost=57398.08..57398.10 rows=1 width=32) (actual time=118.511..118.580 rows=1 loops=1)\n          ->  Gather  (cost=57397.97..57398.08 rows=1 width=32) (actual time=34.079..118.564 rows=2 loops=1)\n                Workers Planned: 1\n                Workers Launched: 1\n                ->  Partial Aggregate  (cost=56397.97..56397.98 rows=1 width=32) ",
    "p01": "Limit  (cost=57424.92..57424.93 rows=1 width=32) (actual time=200.410..200.478 rows=1 loops=1)\n  CTE cte_fact\n    ->  Gather  (cost=1000.43..57398.95 rows=10 width=10) (actual time=2.797..181.825 rows=16053 loops=1)\n          Workers Planned: 1\n          Workers Launched: 1\n          ->  Nested Loop  (cost=0.43..56397.95 rows=6 width=10) (actual time=1.337..83.835 rows=8026 loops=2)\n                ->  Parallel Seq Scan on date_dim  (cost=0.00..2049.55 rows=56 width=4) (actual time=1.299..2.885 ",
    "p08": "Limit  (cost=190486.38..190486.39 rows=1 width=32) (actual time=288.673..288.678 rows=1 loops=1)\n  CTE date_filtered\n    ->  Index Scan using _dta_index_date_dim_6_661577395__k4_k3 on date_dim  (cost=0.29..1703.55 rows=95 width=4) (actual time=0.412..1.001 rows=91 loops=1)\n          Index Cond: ((d_date >= '1998-01-06'::date) AND (d_date <= '1998-04-06 00:00:00'::timestamp without time zone))\n  InitPlan 2 (returns $2)\n    ->  Aggregate  (cost=92200.94..92200.95 rows=1 width=32) (actual time=127.",
    "compile_p1": "Limit  (cost=57424.92..57424.93 rows=1 width=32) (actual time=200.205..200.265 rows=1 loops=1)\n  CTE cte_fact\n    ->  Gather  (cost=1000.43..57398.95 rows=10 width=10) (actual time=3.072..177.540 rows=16053 loops=1)\n          Workers Planned: 1\n          Workers Launched: 1\n          ->  Nested Loop  (cost=0.43..56397.95 rows=6 width=10) (actual time=1.481..86.063 rows=8026 loops=2)\n                ->  Parallel Seq Scan on date_dim  (cost=0.00..2049.55 rows=56 width=4) (actual time=1.441..2.816 "
  }
}