{
  "query_id": "query050_spj_spj_s1",
  "engine": "postgresql",
  "benchmark": "dsb_156",
  "scale_factor": 10,
  "execution_time_ms": null,
  "planning_time_ms": 3.875731001244276,
  "plan_json": [
    {
      "Plan": {
        "Node Type": "Aggregate",
        "Strategy": "Plain",
        "Partial Mode": "Simple",
        "Parallel Aware": false,
        "Async Capable": false,
        "Startup Cost": 195753.86,
        "Total Cost": 195753.87,
        "Plan Rows": 1,
        "Plan Width": 216,
        "Output": [
          "min((store.s_store_name)::text)",
          "min(store.s_company_id)",
          "min((store.s_street_number)::text)",
          "min((store.s_street_name)::text)",
          "min(store.s_suite_number)",
          "min((store.s_city)::text)",
          "min(store.s_zip)",
          "min(store_sales.ss_ticket_number)",
          "min(store_sales.ss_sold_date_sk)",
          "min(store_returns.sr_returned_date_sk)",
          "min(store_sales.ss_item_sk)",
          "min(d1.d_date_sk)"
        ],
        "Plans": [
          {
            "Node Type": "Nested Loop",
            "Parent Relationship": "Outer",
            "Parallel Aware": false,
            "Async Capable": false,
            "Join Type": "Inner",
            "Startup Cost": 2647.17,
            "Total Cost": 195753.83,
            "Plan Rows": 1,
            "Plan Width": 72,
            "Output": [
              "store.s_store_name",
              "store.s_company_id",
              "store.s_street_number",
              "store.s_street_name",
              "store.s_suite_number",
              "store.s_city",
              "store.s_zip",
              "store_sales.ss_ticket_number",
              "store_sales.ss_sold_date_sk",
              "store_returns.sr_returned_date_sk",
              "store_sales.ss_item_sk",
              "d1.d_date_sk"
            ],
            "Inner Unique": true,
            "Join Filter": "((d1.d_date <= d2.d_date) AND (d1.d_date >= (d2.d_date - '120 days'::interval)))",
            "Plans": [
              {
                "Node Type": "Gather",
                "Parent Relationship": "Outer",
                "Parallel Aware": false,
                "Async Capable": false,
                "Startup Cost": 2646.87,
                "Total Cost": 195752.14,
                "Plan Rows": 1,
                "Plan Width": 72,
                "Output": [
                  "store_sales.ss_ticket_number",
                  "store_sales.ss_sold_date_sk",
                  "store_sales.ss_item_sk",
                  "store_returns.sr_returned_date_sk",
                  "store.s_store_name",
                  "store.s_company_id",
                  "store.s_street_number",
                  "store.s_street_name",
                  "store.s_suite_number",
                  "store.s_city",
                  "store.s_zip",
                  "d2.d_date"
                ],
                "Workers Planned": 2,
                "Single Copy": false,
                "Plans": [
                  {
                    "Node Type": "Nested Loop",
                    "Parent Relationship": "Outer",
                    "Parallel Aware": false,
                    "Async Capable": false,
                    "Join Type": "Inner",
                    "Startup Cost": 1646.87,
                    "Total Cost": 194752.04,
                    "Plan Rows": 1,
                    "Plan Width": 72,
                    "Output": [
                      "store_sales.ss_ticket_number",
                      "store_sales.ss_sold_date_sk",
                      "store_sales.ss_item_sk",
                      "store_returns.sr_returned_date_sk",
                      "store.s_store_name",
                      "store.s_company_id",
                      "store.s_street_number",
                      "store.s_street_name",
                      "store.s_suite_number",
                      "store.s_city",
                      "store.s_zip",
                      "d2.d_date"
                    ],
                    "Inner Unique": true,
                    "Join Filter": "(store.s_store_sk = store_sales.ss_store_sk)",
                    "Plans": [
                      {
                        "Node Type": "Hash Join",
                        "Parent Relationship": "Outer",
                        "Parallel Aware": false,
                        "Async Capable": false,
                        "Join Type": "Inner",
                        "Startup Cost": 1646.31,
                        "Total Cost": 159097.93,
                        "Plan Rows": 18524,
                        "Plan Width": 80,
                        "Output": [
                          "store_returns.sr_returned_date_sk",
                          "store_returns.sr_ticket_number",
                          "store_returns.sr_item_sk",
                          "store_returns.sr_customer_sk",
                          "store_returns.sr_store_sk",
                          "store.s_store_name",
                          "store.s_company_id",
                          "store.s_street_number",
                          "store.s_street_name",
                          "store.s_suite_number",
                          "store.s_city",
                          "store.s_zip",
                          "store.s_store_sk",
                          "d2.d_date"
                        ],
                        "Inner Unique": true,
                        "Hash Cond": "(store_returns.sr_store_sk = store.s_store_sk)",
                        "Plans": [
                          {
                            "Node Type": "Hash Join",
                            "Parent Relationship": "Outer",
                            "Parallel Aware": true,
                            "Async Capable": false,
                            "Join Type": "Inner",
                            "Startup Cost": 1639.81,
                            "Total Cost": 158424.02,
                            "Plan Rows": 244436,
                            "Plan Width": 24,
                            "Output": [
                              "store_returns.sr_returned_date_sk",
                              "store_returns.sr_ticket_number",
                              "store_returns.sr_item_sk",
                              "store_returns.sr_customer_sk",
                              "store_returns.sr_store_sk",
                              "d2.d_date"
                            ],
                            "Inner Unique": true,
                            "Hash Cond": "(store_returns.sr_returned_date_sk = d2.d_date_sk)",
                            "Plans": [
                              {
                                "Node Type": "Seq Scan",
                                "Parent Relationship": "Outer",
                                "Parallel Aware": true,
                                "Async Capable": false,
                                "Relation Name": "store_returns",
                                "Schema": "public",
                                "Alias": "store_returns",
                                "Startup Cost": 0.0,
                                "Total Cost": 148911.31,
                                "Plan Rows": 2999031,
                                "Plan Width": 20,
                                "Output": [
                                  "store_returns.sr_returned_date_sk",
                                  "store_returns.sr_return_time_sk",
                                  "store_returns.sr_item_sk",
                                  "store_returns.sr_customer_sk",
                                  "store_returns.sr_cdemo_sk",
                                  "store_returns.sr_hdemo_sk",
                                  "store_returns.sr_addr_sk",
                                  "store_returns.sr_store_sk",
                                  "store_returns.sr_reason_sk",
                                  "store_returns.sr_ticket_number",
                                  "store_returns.sr_return_quantity",
                                  "store_returns.sr_return_amt",
                                  "store_returns.sr_return_tax",
                                  "store_returns.sr_return_amt_inc_tax",
                                  "store_returns.sr_fee",
                                  "store_returns.sr_return_ship_cost",
                                  "store_returns.sr_refunded_cash",
                                  "store_returns.sr_reversed_charge",
                                  "store_returns.sr_store_credit",
                                  "store_returns.sr_net_loss"
                                ]
                              },
                              {
                                "Node Type": "Hash",
                                "Parent Relationship": "Inner",
                                "Parallel Aware": true,
                                "Async Capable": false,
                                "Startup Cost": 1594.5,
                                "Total Cost": 1594.5,
                                "Plan Rows": 3625,
                                "Plan Width": 8,
                                "Output": [
                                  "d2.d_date_sk",
                                  "d2.d_date"
                                ],
                                "Plans": [
                                  {
                                    "Node Type": "Bitmap Heap Scan",
                                    "Parent Relationship": "Outer",
                                    "Parallel Aware": true,
                                    "Async Capable": false,
                                    "Relation Name": "date_dim",
                                    "Schema": "public",
                                    "Alias": "d2",
                                    "Startup Cost": 144.18,
                                    "Total Cost": 1594.5,
                                    "Plan Rows": 3625,
                                    "Plan Width": 8,
                                    "Output": [
                                      "d2.d_date_sk",
                                      "d2.d_date"
                                    ],
                                    "Recheck Cond": "(d2.d_moy = 4)",
                                    "Plans": [
                                      {
                                        "Node Type": "Bitmap Index Scan",
                                        "Parent Relationship": "Outer",
                                        "Parallel Aware": false,
                                        "Async Capable": false,
                                        "Index Name": "_dta_index_date_dim_6_661577395__k9_k7_k1",
                                        "Startup Cost": 0.0,
                                        "Total Cost": 142.64,
                                        "Plan Rows": 6163,
                                        "Plan Width": 0,
                                        "Index Cond": "(d2.d_moy = 4)"
                                      }
                                    ]
                                  }
                                ]
                              }
                            ]
                          },
                          {
                            "Node Type": "Hash",
                            "Parent Relationship": "Inner",
                            "Parallel Aware": false,
                            "Async Capable": false,
                            "Startup Cost": 6.4,
                            "Total Cost": 6.4,
                            "Plan Rows": 8,
                            "Plan Width": 56,
                            "Output": [
                              "store.s_store_name",
                              "store.s_company_id",
                              "store.s_street_number",
                              "store.s_street_name",
                              "store.s_suite_number",
                              "store.s_city",
                              "store.s_zip",
                              "store.s_store_sk"
                            ],
                            "Plans": [
                              {
                                "Node Type": "Seq Scan",
                                "Parent Relationship": "Outer",
                                "Parallel Aware": false,
                                "Async Capable": false,
                                "Relation Name": "store",
                                "Schema": "public",
                                "Alias": "store",
                                "Startup Cost": 0.0,
                                "Total Cost": 6.4,
                                "Plan Rows": 8,
                                "Plan Width": 56,
                                "Output": [
                                  "store.s_store_name",
                                  "store.s_company_id",
                                  "store.s_street_number",
                                  "store.s_street_name",
                                  "store.s_suite_number",
                                  "store.s_city",
                                  "store.s_zip",
                                  "store.s_store_sk"
                                ],
                                "Filter": "(store.s_state = ANY ('{IA,IL,TX}'::bpchar[]))"
                              }
                            ]
                          }
                        ]
                      },
                      {
                        "Node Type": "Index Only Scan",
                        "Parent Relationship": "Inner",
                        "Parallel Aware": false,
                        "Async Capable": false,
                        "Scan Direction": "Forward",
                        "Index Name": "_dta_index_store_sales_6_1333579789__k3_k10_k4_k1_k8",
                        "Relation Name": "store_sales",
                        "Schema": "public",
                        "Alias": "store_sales",
                        "Startup Cost": 0.56,
                        "Total Cost": 1.91,
                        "Plan Rows": 1,
                        "Plan Width": 20,
                        "Output": [
                          "store_sales.ss_item_sk",
                          "store_sales.ss_ticket_number",
                          "store_sales.ss_customer_sk",
                          "store_sales.ss_sold_date_sk",
                          "store_sales.ss_store_sk"
                        ],
                        "Index Cond": "((store_sales.ss_item_sk = store_returns.sr_item_sk) AND (store_sales.ss_ticket_number = store_returns.sr_ticket_number) AND (store_sales.ss_customer_sk = store_returns.sr_customer_sk) AND (store_sales.ss_store_sk = store_returns.sr_store_sk))"
                      }
                    ]
                  }
                ]
              },
              {
                "Node Type": "Index Scan",
                "Parent Relationship": "Inner",
                "Parallel Aware": false,
                "Async Capable": false,
                "Scan Direction": "Forward",
                "Index Name": "date_dim_pkey",
                "Relation Name": "date_dim",
                "Schema": "public",
                "Alias": "d1",
                "Startup Cost": 0.29,
                "Total Cost": 1.68,
                "Plan Rows": 1,
                "Plan Width": 8,
                "Output": [
                  "d1.d_date_sk",
                  "d1.d_date_id",
                  "d1.d_date",
                  "d1.d_month_seq",
                  "d1.d_week_seq",
                  "d1.d_quarter_seq",
                  "d1.d_year",
                  "d1.d_dow",
                  "d1.d_moy",
                  "d1.d_dom",
                  "d1.d_qoy",
                  "d1.d_fy_year",
                  "d1.d_fy_quarter_seq",
                  "d1.d_fy_week_seq",
                  "d1.d_day_name",
                  "d1.d_quarter_name",
                  "d1.d_holiday",
                  "d1.d_weekend",
                  "d1.d_following_holiday",
                  "d1.d_first_dom",
                  "d1.d_last_dom",
                  "d1.d_same_day_ly",
                  "d1.d_same_day_lq",
                  "d1.d_current_day",
                  "d1.d_current_week",
                  "d1.d_current_month",
                  "d1.d_current_quarter",
                  "d1.d_current_year"
                ],
                "Index Cond": "(d1.d_date_sk = store_sales.ss_sold_date_sk)",
                "Filter": "(d1.d_dow = 1)"
              }
            ]
          }
        ]
      }
    }
  ],
  "original_sql": "select\n   min(s_store_name)\n  ,min(s_company_id)\n  ,min(s_street_number)\n  ,min(s_street_name)\n  ,min(s_suite_number)\n  ,min(s_city)\n  ,min(s_zip)\n  ,min(ss_ticket_number)\n  ,min(ss_sold_date_sk)\n  ,min(sr_returned_date_sk)\n  ,min(ss_item_sk)\n  ,min(d1.d_date_sk)\nfrom\n   store_sales\n  ,store_returns\n  ,store\n  ,date_dim d1\n  ,date_dim d2\nwhere\n    d2.d_moy = 4\nand ss_ticket_number = sr_ticket_number\nand ss_item_sk = sr_item_sk\nand ss_sold_date_sk   = d1.d_date_sk\nand sr_returned_date_sk   = d2.d_date_sk\nand ss_customer_sk = sr_customer_sk\nand ss_store_sk = s_store_sk\nand sr_store_sk = s_store_sk\nand d1.d_date between (d2.d_date - interval '120 day')\n               and d2.d_date\nand d1.d_dow = 1\nand s_state in ('IA','IL','TX')"
}