{
  "query_id": "query050_agg_s2",
  "engine": "postgresql",
  "benchmark": "dsb_156",
  "scale_factor": 10,
  "execution_time_ms": null,
  "planning_time_ms": 2.3670169994147727,
  "plan_json": [
    {
      "Plan": {
        "Node Type": "Limit",
        "Parallel Aware": false,
        "Async Capable": false,
        "Startup Cost": 8849.88,
        "Total Cost": 8851.49,
        "Plan Rows": 1,
        "Plan Width": 125,
        "Output": [
          "store.s_store_name",
          "store.s_company_id",
          "store.s_street_number",
          "store.s_street_name",
          "store.s_street_type",
          "store.s_suite_number",
          "store.s_city",
          "store.s_county",
          "store.s_state",
          "store.s_zip",
          "(sum(CASE WHEN ((store_returns.sr_returned_date_sk - store_sales.ss_sold_date_sk) <= 30) THEN 1 ELSE 0 END))",
          "(sum(CASE WHEN (((store_returns.sr_returned_date_sk - store_sales.ss_sold_date_sk) > 30) AND ((store_returns.sr_returned_date_sk - store_sales.ss_sold_date_sk) <= 60)) THEN 1 ELSE 0 END))",
          "(sum(CASE WHEN (((store_returns.sr_returned_date_sk - store_sales.ss_sold_date_sk) > 60) AND ((store_returns.sr_returned_date_sk - store_sales.ss_sold_date_sk) <= 90)) THEN 1 ELSE 0 END))",
          "(sum(CASE WHEN (((store_returns.sr_returned_date_sk - store_sales.ss_sold_date_sk) > 90) AND ((store_returns.sr_returned_date_sk - store_sales.ss_sold_date_sk) <= 120)) THEN 1 ELSE 0 END))",
          "(sum(CASE WHEN ((store_returns.sr_returned_date_sk - store_sales.ss_sold_date_sk) > 120) THEN 1 ELSE 0 END))"
        ],
        "Plans": [
          {
            "Node Type": "Aggregate",
            "Strategy": "Sorted",
            "Partial Mode": "Simple",
            "Parent Relationship": "Outer",
            "Parallel Aware": false,
            "Async Capable": false,
            "Startup Cost": 8849.88,
            "Total Cost": 8851.49,
            "Plan Rows": 1,
            "Plan Width": 125,
            "Output": [
              "store.s_store_name",
              "store.s_company_id",
              "store.s_street_number",
              "store.s_street_name",
              "store.s_street_type",
              "store.s_suite_number",
              "store.s_city",
              "store.s_county",
              "store.s_state",
              "store.s_zip",
              "sum(CASE WHEN ((store_returns.sr_returned_date_sk - store_sales.ss_sold_date_sk) <= 30) THEN 1 ELSE 0 END)",
              "sum(CASE WHEN (((store_returns.sr_returned_date_sk - store_sales.ss_sold_date_sk) > 30) AND ((store_returns.sr_returned_date_sk - store_sales.ss_sold_date_sk) <= 60)) THEN 1 ELSE 0 END)",
              "sum(CASE WHEN (((store_returns.sr_returned_date_sk - store_sales.ss_sold_date_sk) > 60) AND ((store_returns.sr_returned_date_sk - store_sales.ss_sold_date_sk) <= 90)) THEN 1 ELSE 0 END)",
              "sum(CASE WHEN (((store_returns.sr_returned_date_sk - store_sales.ss_sold_date_sk) > 90) AND ((store_returns.sr_returned_date_sk - store_sales.ss_sold_date_sk) <= 120)) THEN 1 ELSE 0 END)",
              "sum(CASE WHEN ((store_returns.sr_returned_date_sk - store_sales.ss_sold_date_sk) > 120) THEN 1 ELSE 0 END)"
            ],
            "Group Key": [
              "store.s_store_name",
              "store.s_company_id",
              "store.s_street_number",
              "store.s_street_name",
              "store.s_street_type",
              "store.s_suite_number",
              "store.s_city",
              "store.s_county",
              "store.s_state",
              "store.s_zip"
            ],
            "Plans": [
              {
                "Node Type": "Nested Loop",
                "Parent Relationship": "Outer",
                "Parallel Aware": false,
                "Async Capable": false,
                "Join Type": "Inner",
                "Startup Cost": 8849.88,
                "Total Cost": 8851.4,
                "Plan Rows": 1,
                "Plan Width": 93,
                "Output": [
                  "store.s_store_name",
                  "store.s_company_id",
                  "store.s_street_number",
                  "store.s_street_name",
                  "store.s_street_type",
                  "store.s_suite_number",
                  "store.s_city",
                  "store.s_county",
                  "store.s_state",
                  "store.s_zip",
                  "store_returns.sr_returned_date_sk",
                  "store_sales.ss_sold_date_sk"
                ],
                "Inner Unique": true,
                "Join Filter": "((d1.d_date <= d2.d_date) AND (d1.d_date >= (d2.d_date - '120 days'::interval)))",
                "Plans": [
                  {
                    "Node Type": "Gather Merge",
                    "Parent Relationship": "Outer",
                    "Parallel Aware": false,
                    "Async Capable": false,
                    "Startup Cost": 8849.59,
                    "Total Cost": 8849.71,
                    "Plan Rows": 1,
                    "Plan Width": 97,
                    "Output": [
                      "store_sales.ss_sold_date_sk",
                      "store_returns.sr_returned_date_sk",
                      "store.s_store_name",
                      "store.s_company_id",
                      "store.s_street_number",
                      "store.s_street_name",
                      "store.s_street_type",
                      "store.s_suite_number",
                      "store.s_city",
                      "store.s_county",
                      "store.s_state",
                      "store.s_zip",
                      "d2.d_date"
                    ],
                    "Workers Planned": 1,
                    "Plans": [
                      {
                        "Node Type": "Sort",
                        "Parent Relationship": "Outer",
                        "Parallel Aware": false,
                        "Async Capable": false,
                        "Startup Cost": 7849.58,
                        "Total Cost": 7849.58,
                        "Plan Rows": 1,
                        "Plan Width": 97,
                        "Output": [
                          "store_sales.ss_sold_date_sk",
                          "store_returns.sr_returned_date_sk",
                          "store.s_store_name",
                          "store.s_company_id",
                          "store.s_street_number",
                          "store.s_street_name",
                          "store.s_street_type",
                          "store.s_suite_number",
                          "store.s_city",
                          "store.s_county",
                          "store.s_state",
                          "store.s_zip",
                          "d2.d_date"
                        ],
                        "Sort Key": [
                          "store.s_store_name",
                          "store.s_company_id",
                          "store.s_street_number",
                          "store.s_street_name",
                          "store.s_street_type",
                          "store.s_suite_number",
                          "store.s_city",
                          "store.s_county",
                          "store.s_state",
                          "store.s_zip"
                        ],
                        "Plans": [
                          {
                            "Node Type": "Nested Loop",
                            "Parent Relationship": "Outer",
                            "Parallel Aware": false,
                            "Async Capable": false,
                            "Join Type": "Inner",
                            "Startup Cost": 1.14,
                            "Total Cost": 7849.57,
                            "Plan Rows": 1,
                            "Plan Width": 97,
                            "Output": [
                              "store_sales.ss_sold_date_sk",
                              "store_returns.sr_returned_date_sk",
                              "store.s_store_name",
                              "store.s_company_id",
                              "store.s_street_number",
                              "store.s_street_name",
                              "store.s_street_type",
                              "store.s_suite_number",
                              "store.s_city",
                              "store.s_county",
                              "store.s_state",
                              "store.s_zip",
                              "d2.d_date"
                            ],
                            "Inner Unique": true,
                            "Plans": [
                              {
                                "Node Type": "Nested Loop",
                                "Parent Relationship": "Outer",
                                "Parallel Aware": false,
                                "Async Capable": false,
                                "Join Type": "Inner",
                                "Startup Cost": 0.99,
                                "Total Cost": 7849.41,
                                "Plan Rows": 1,
                                "Plan Width": 16,
                                "Output": [
                                  "store_sales.ss_sold_date_sk",
                                  "store_sales.ss_store_sk",
                                  "store_returns.sr_returned_date_sk",
                                  "d2.d_date"
                                ],
                                "Inner Unique": true,
                                "Plans": [
                                  {
                                    "Node Type": "Nested Loop",
                                    "Parent Relationship": "Outer",
                                    "Parallel Aware": false,
                                    "Async Capable": false,
                                    "Join Type": "Inner",
                                    "Startup Cost": 0.43,
                                    "Total Cost": 4534.08,
                                    "Plan Rows": 1736,
                                    "Plan Width": 20,
                                    "Output": [
                                      "store_returns.sr_returned_date_sk",
                                      "store_returns.sr_ticket_number",
                                      "store_returns.sr_item_sk",
                                      "store_returns.sr_customer_sk",
                                      "d2.d_date"
                                    ],
                                    "Inner Unique": false,
                                    "Plans": [
                                      {
                                        "Node Type": "Seq Scan",
                                        "Parent Relationship": "Outer",
                                        "Parallel Aware": true,
                                        "Async Capable": false,
                                        "Relation Name": "date_dim",
                                        "Schema": "public",
                                        "Alias": "d2",
                                        "Startup Cost": 0.0,
                                        "Total Cost": 2049.55,
                                        "Plan Rows": 18,
                                        "Plan Width": 8,
                                        "Output": [
                                          "d2.d_date_sk",
                                          "d2.d_date_id",
                                          "d2.d_date",
                                          "d2.d_month_seq",
                                          "d2.d_week_seq",
                                          "d2.d_quarter_seq",
                                          "d2.d_year",
                                          "d2.d_dow",
                                          "d2.d_moy",
                                          "d2.d_dom",
                                          "d2.d_qoy",
                                          "d2.d_fy_year",
                                          "d2.d_fy_quarter_seq",
                                          "d2.d_fy_week_seq",
                                          "d2.d_day_name",
                                          "d2.d_quarter_name",
                                          "d2.d_holiday",
                                          "d2.d_weekend",
                                          "d2.d_following_holiday",
                                          "d2.d_first_dom",
                                          "d2.d_last_dom",
                                          "d2.d_same_day_ly",
                                          "d2.d_same_day_lq",
                                          "d2.d_current_day",
                                          "d2.d_current_week",
                                          "d2.d_current_month",
                                          "d2.d_current_quarter",
                                          "d2.d_current_year"
                                        ],
                                        "Filter": "((d2.d_year = 1999) AND (d2.d_moy = 7))"
                                      },
                                      {
                                        "Node Type": "Index Only Scan",
                                        "Parent Relationship": "Inner",
                                        "Parallel Aware": false,
                                        "Async Capable": false,
                                        "Scan Direction": "Forward",
                                        "Index Name": "_dta_index_store_returns_6_1013578649__k1_3_4_10",
                                        "Relation Name": "store_returns",
                                        "Schema": "public",
                                        "Alias": "store_returns",
                                        "Startup Cost": 0.43,
                                        "Total Cost": 106.81,
                                        "Plan Rows": 3122,
                                        "Plan Width": 16,
                                        "Output": [
                                          "store_returns.sr_returned_date_sk",
                                          "store_returns.sr_item_sk",
                                          "store_returns.sr_customer_sk",
                                          "store_returns.sr_ticket_number"
                                        ],
                                        "Index Cond": "(store_returns.sr_returned_date_sk = d2.d_date_sk)"
                                      }
                                    ]
                                  },
                                  {
                                    "Node Type": "Index Only Scan",
                                    "Parent Relationship": "Inner",
                                    "Parallel Aware": false,
                                    "Async Capable": false,
                                    "Scan Direction": "Forward",
                                    "Index Name": "_dta_index_store_sales_6_1333579789__k3_k10_k4_k1_k8",
                                    "Relation Name": "store_sales",
                                    "Schema": "public",
                                    "Alias": "store_sales",
                                    "Startup Cost": 0.56,
                                    "Total Cost": 1.91,
                                    "Plan Rows": 1,
                                    "Plan Width": 20,
                                    "Output": [
                                      "store_sales.ss_item_sk",
                                      "store_sales.ss_ticket_number",
                                      "store_sales.ss_customer_sk",
                                      "store_sales.ss_sold_date_sk",
                                      "store_sales.ss_store_sk"
                                    ],
                                    "Index Cond": "((store_sales.ss_item_sk = store_returns.sr_item_sk) AND (store_sales.ss_ticket_number = store_returns.sr_ticket_number) AND (store_sales.ss_customer_sk = store_returns.sr_customer_sk))"
                                  }
                                ]
                              },
                              {
                                "Node Type": "Index Scan",
                                "Parent Relationship": "Inner",
                                "Parallel Aware": false,
                                "Async Capable": false,
                                "Scan Direction": "Forward",
                                "Index Name": "_dta_index_store_6_885578193__k1_2_6",
                                "Relation Name": "store",
                                "Schema": "public",
                                "Alias": "store",
                                "Startup Cost": 0.14,
                                "Total Cost": 0.16,
                                "Plan Rows": 1,
                                "Plan Width": 89,
                                "Output": [
                                  "store.s_store_sk",
                                  "store.s_store_id",
                                  "store.s_rec_start_date",
                                  "store.s_rec_end_date",
                                  "store.s_closed_date_sk",
                                  "store.s_store_name",
                                  "store.s_number_employees",
                                  "store.s_floor_space",
                                  "store.s_hours",
                                  "store.s_manager",
                                  "store.s_market_id",
                                  "store.s_geography_class",
                                  "store.s_market_desc",
                                  "store.s_market_manager",
                                  "store.s_division_id",
                                  "store.s_division_name",
                                  "store.s_company_id",
                                  "store.s_company_name",
                                  "store.s_street_number",
                                  "store.s_street_name",
                                  "store.s_street_type",
                                  "store.s_suite_number",
                                  "store.s_city",
                                  "store.s_county",
                                  "store.s_state",
                                  "store.s_zip",
                                  "store.s_country",
                                  "store.s_gmt_offset",
                                  "store.s_tax_precentage"
                                ],
                                "Index Cond": "(store.s_store_sk = store_sales.ss_store_sk)"
                              }
                            ]
                          }
                        ]
                      }
                    ]
                  },
                  {
                    "Node Type": "Index Scan",
                    "Parent Relationship": "Inner",
                    "Parallel Aware": false,
                    "Async Capable": false,
                    "Scan Direction": "Forward",
                    "Index Name": "date_dim_pkey",
                    "Relation Name": "date_dim",
                    "Schema": "public",
                    "Alias": "d1",
                    "Startup Cost": 0.29,
                    "Total Cost": 1.68,
                    "Plan Rows": 1,
                    "Plan Width": 8,
                    "Output": [
                      "d1.d_date_sk",
                      "d1.d_date_id",
                      "d1.d_date",
                      "d1.d_month_seq",
                      "d1.d_week_seq",
                      "d1.d_quarter_seq",
                      "d1.d_year",
                      "d1.d_dow",
                      "d1.d_moy",
                      "d1.d_dom",
                      "d1.d_qoy",
                      "d1.d_fy_year",
                      "d1.d_fy_quarter_seq",
                      "d1.d_fy_week_seq",
                      "d1.d_day_name",
                      "d1.d_quarter_name",
                      "d1.d_holiday",
                      "d1.d_weekend",
                      "d1.d_following_holiday",
                      "d1.d_first_dom",
                      "d1.d_last_dom",
                      "d1.d_same_day_ly",
                      "d1.d_same_day_lq",
                      "d1.d_current_day",
                      "d1.d_current_week",
                      "d1.d_current_month",
                      "d1.d_current_quarter",
                      "d1.d_current_year"
                    ],
                    "Index Cond": "(d1.d_date_sk = store_sales.ss_sold_date_sk)"
                  }
                ]
              }
            ]
          }
        ]
      }
    }
  ],
  "original_sql": "select \n   s_store_name\n  ,s_company_id\n  ,s_street_number\n  ,s_street_name\n  ,s_street_type\n  ,s_suite_number\n  ,s_city\n  ,s_county\n  ,s_state\n  ,s_zip\n  ,sum(case when (sr_returned_date_sk - ss_sold_date_sk <= 30 ) then 1 else 0 end)  as \"30 days\"\n  ,sum(case when (sr_returned_date_sk - ss_sold_date_sk > 30) and\n                 (sr_returned_date_sk - ss_sold_date_sk <= 60) then 1 else 0 end )  as \"31-60 days\"\n  ,sum(case when (sr_returned_date_sk - ss_sold_date_sk > 60) and\n                 (sr_returned_date_sk - ss_sold_date_sk <= 90) then 1 else 0 end)  as \"61-90 days\"\n  ,sum(case when (sr_returned_date_sk - ss_sold_date_sk > 90) and\n                 (sr_returned_date_sk - ss_sold_date_sk <= 120) then 1 else 0 end)  as \"91-120 days\"\n  ,sum(case when (sr_returned_date_sk - ss_sold_date_sk  > 120) then 1 else 0 end)  as \">120 days\"\nfrom\n   store_sales\n  ,store_returns\n  ,store\n  ,date_dim d1\n  ,date_dim d2\nwhere\n    d2.d_year = 1999\nand d2.d_moy  = 7\nand ss_ticket_number = sr_ticket_number\nand ss_item_sk = sr_item_sk\nand ss_sold_date_sk   = d1.d_date_sk\nand sr_returned_date_sk   = d2.d_date_sk\nand ss_customer_sk = sr_customer_sk\nand ss_store_sk = s_store_sk\nand d1.d_date between (d2.d_date - interval '120 day')\n               and d2.d_date\ngroup by\n   s_store_name\n  ,s_company_id\n  ,s_street_number\n  ,s_street_name\n  ,s_street_type\n  ,s_suite_number\n  ,s_city\n  ,s_county\n  ,s_state\n  ,s_zip\norder by s_store_name\n        ,s_company_id\n        ,s_street_number\n        ,s_street_name\n        ,s_street_type\n        ,s_suite_number\n        ,s_city\n        ,s_county\n        ,s_state\n        ,s_zip\nlimit 100"
}