{
  "query_id": "query018_spj_spj_s2",
  "engine": "postgresql",
  "benchmark": "dsb_156",
  "scale_factor": 10,
  "execution_time_ms": null,
  "planning_time_ms": 1.448745999368839,
  "plan_json": [
    {
      "Plan": {
        "Node Type": "Aggregate",
        "Strategy": "Plain",
        "Partial Mode": "Simple",
        "Parallel Aware": false,
        "Async Capable": false,
        "Startup Cost": 133941.69,
        "Total Cost": 133941.7,
        "Plan Rows": 1,
        "Plan Width": 268,
        "Output": [
          "min(item.i_item_id)",
          "min((customer_address.ca_country)::text)",
          "min(customer_address.ca_state)",
          "min((customer_address.ca_county)::text)",
          "min(catalog_sales.cs_quantity)",
          "min(catalog_sales.cs_list_price)",
          "min(catalog_sales.cs_coupon_amt)",
          "min(catalog_sales.cs_sales_price)",
          "min(catalog_sales.cs_net_profit)",
          "min(customer.c_birth_year)",
          "min(customer_demographics.cd_dep_count)"
        ],
        "Plans": [
          {
            "Node Type": "Nested Loop",
            "Parent Relationship": "Outer",
            "Parallel Aware": false,
            "Async Capable": false,
            "Join Type": "Inner",
            "Startup Cost": 1002.29,
            "Total Cost": 133941.66,
            "Plan Rows": 1,
            "Plan Width": 81,
            "Output": [
              "item.i_item_id",
              "customer_address.ca_country",
              "customer_address.ca_state",
              "customer_address.ca_county",
              "catalog_sales.cs_quantity",
              "catalog_sales.cs_list_price",
              "catalog_sales.cs_coupon_amt",
              "catalog_sales.cs_sales_price",
              "catalog_sales.cs_net_profit",
              "customer.c_birth_year",
              "customer_demographics.cd_dep_count"
            ],
            "Inner Unique": true,
            "Plans": [
              {
                "Node Type": "Gather",
                "Parent Relationship": "Outer",
                "Parallel Aware": false,
                "Async Capable": false,
                "Startup Cost": 1001.87,
                "Total Cost": 133940.52,
                "Plan Rows": 1,
                "Plan Width": 54,
                "Output": [
                  "catalog_sales.cs_quantity",
                  "catalog_sales.cs_list_price",
                  "catalog_sales.cs_coupon_amt",
                  "catalog_sales.cs_sales_price",
                  "catalog_sales.cs_net_profit",
                  "customer_demographics.cd_dep_count",
                  "customer.c_birth_year",
                  "customer.c_current_addr_sk",
                  "item.i_item_id"
                ],
                "Workers Planned": 2,
                "Single Copy": false,
                "Plans": [
                  {
                    "Node Type": "Nested Loop",
                    "Parent Relationship": "Outer",
                    "Parallel Aware": false,
                    "Async Capable": false,
                    "Join Type": "Inner",
                    "Startup Cost": 1.87,
                    "Total Cost": 132940.42,
                    "Plan Rows": 1,
                    "Plan Width": 54,
                    "Output": [
                      "catalog_sales.cs_quantity",
                      "catalog_sales.cs_list_price",
                      "catalog_sales.cs_coupon_amt",
                      "catalog_sales.cs_sales_price",
                      "catalog_sales.cs_net_profit",
                      "customer_demographics.cd_dep_count",
                      "customer.c_birth_year",
                      "customer.c_current_addr_sk",
                      "item.i_item_id"
                    ],
                    "Inner Unique": true,
                    "Plans": [
                      {
                        "Node Type": "Nested Loop",
                        "Parent Relationship": "Outer",
                        "Parallel Aware": false,
                        "Async Capable": false,
                        "Join Type": "Inner",
                        "Startup Cost": 1.44,
                        "Total Cost": 132939.3,
                        "Plan Rows": 2,
                        "Plan Width": 54,
                        "Output": [
                          "catalog_sales.cs_quantity",
                          "catalog_sales.cs_list_price",
                          "catalog_sales.cs_coupon_amt",
                          "catalog_sales.cs_sales_price",
                          "catalog_sales.cs_net_profit",
                          "catalog_sales.cs_bill_cdemo_sk",
                          "customer.c_birth_year",
                          "customer.c_current_addr_sk",
                          "item.i_item_id"
                        ],
                        "Inner Unique": true,
                        "Plans": [
                          {
                            "Node Type": "Nested Loop",
                            "Parent Relationship": "Outer",
                            "Parallel Aware": false,
                            "Async Capable": false,
                            "Join Type": "Inner",
                            "Startup Cost": 1.02,
                            "Total Cost": 132920.66,
                            "Plan Rows": 37,
                            "Plan Width": 50,
                            "Output": [
                              "catalog_sales.cs_quantity",
                              "catalog_sales.cs_list_price",
                              "catalog_sales.cs_coupon_amt",
                              "catalog_sales.cs_sales_price",
                              "catalog_sales.cs_net_profit",
                              "catalog_sales.cs_bill_cdemo_sk",
                              "catalog_sales.cs_bill_customer_sk",
                              "item.i_item_id"
                            ],
                            "Inner Unique": true,
                            "Plans": [
                              {
                                "Node Type": "Nested Loop",
                                "Parent Relationship": "Outer",
                                "Parallel Aware": false,
                                "Async Capable": false,
                                "Join Type": "Inner",
                                "Startup Cost": 0.73,
                                "Total Cost": 132224.51,
                                "Plan Rows": 2037,
                                "Plan Width": 37,
                                "Output": [
                                  "catalog_sales.cs_quantity",
                                  "catalog_sales.cs_list_price",
                                  "catalog_sales.cs_coupon_amt",
                                  "catalog_sales.cs_sales_price",
                                  "catalog_sales.cs_net_profit",
                                  "catalog_sales.cs_item_sk",
                                  "catalog_sales.cs_bill_cdemo_sk",
                                  "catalog_sales.cs_bill_customer_sk"
                                ],
                                "Inner Unique": false,
                                "Plans": [
                                  {
                                    "Node Type": "Index Only Scan",
                                    "Parent Relationship": "Outer",
                                    "Parallel Aware": true,
                                    "Async Capable": false,
                                    "Scan Direction": "Forward",
                                    "Index Name": "_dta_index_date_dim_6_661577395__k1_k7_k9",
                                    "Relation Name": "date_dim",
                                    "Schema": "public",
                                    "Alias": "date_dim",
                                    "Startup Cost": 0.29,
                                    "Total Cost": 1677.67,
                                    "Plan Rows": 151,
                                    "Plan Width": 4,
                                    "Output": [
                                      "date_dim.d_date_sk",
                                      "date_dim.d_year",
                                      "date_dim.d_moy"
                                    ],
                                    "Index Cond": "(date_dim.d_year = 1999)"
                                  },
                                  {
                                    "Node Type": "Index Scan",
                                    "Parent Relationship": "Inner",
                                    "Parallel Aware": false,
                                    "Async Capable": false,
                                    "Scan Direction": "Forward",
                                    "Index Name": "_dta_index_catalog_sales_6_1301579675__k1_4",
                                    "Relation Name": "catalog_sales",
                                    "Schema": "public",
                                    "Alias": "catalog_sales",
                                    "Startup Cost": 0.43,
                                    "Total Cost": 859.91,
                                    "Plan Rows": 464,
                                    "Plan Width": 41,
                                    "Output": [
                                      "catalog_sales.cs_sold_date_sk",
                                      "catalog_sales.cs_sold_time_sk",
                                      "catalog_sales.cs_ship_date_sk",
                                      "catalog_sales.cs_bill_customer_sk",
                                      "catalog_sales.cs_bill_cdemo_sk",
                                      "catalog_sales.cs_bill_hdemo_sk",
                                      "catalog_sales.cs_bill_addr_sk",
                                      "catalog_sales.cs_ship_customer_sk",
                                      "catalog_sales.cs_ship_cdemo_sk",
                                      "catalog_sales.cs_ship_hdemo_sk",
                                      "catalog_sales.cs_ship_addr_sk",
                                      "catalog_sales.cs_call_center_sk",
                                      "catalog_sales.cs_catalog_page_sk",
                                      "catalog_sales.cs_ship_mode_sk",
                                      "catalog_sales.cs_warehouse_sk",
                                      "catalog_sales.cs_item_sk",
                                      "catalog_sales.cs_promo_sk",
                                      "catalog_sales.cs_order_number",
                                      "catalog_sales.cs_quantity",
                                      "catalog_sales.cs_wholesale_cost",
                                      "catalog_sales.cs_list_price",
                                      "catalog_sales.cs_sales_price",
                                      "catalog_sales.cs_ext_discount_amt",
                                      "catalog_sales.cs_ext_sales_price",
                                      "catalog_sales.cs_ext_wholesale_cost",
                                      "catalog_sales.cs_ext_list_price",
                                      "catalog_sales.cs_ext_tax",
                                      "catalog_sales.cs_coupon_amt",
                                      "catalog_sales.cs_ext_ship_cost",
                                      "catalog_sales.cs_net_paid",
                                      "catalog_sales.cs_net_paid_inc_tax",
                                      "catalog_sales.cs_net_paid_inc_ship",
                                      "catalog_sales.cs_net_paid_inc_ship_tax",
                                      "catalog_sales.cs_net_profit"
                                    ],
                                    "Index Cond": "(catalog_sales.cs_sold_date_sk = date_dim.d_date_sk)",
                                    "Filter": "((catalog_sales.cs_wholesale_cost >= '5'::numeric) AND (catalog_sales.cs_wholesale_cost <= '10'::numeric))"
                                  }
                                ]
                              },
                              {
                                "Node Type": "Index Scan",
                                "Parent Relationship": "Inner",
                                "Parallel Aware": false,
                                "Async Capable": false,
                                "Scan Direction": "Forward",
                                "Index Name": "item_pkey",
                                "Relation Name": "item",
                                "Schema": "public",
                                "Alias": "item",
                                "Startup Cost": 0.29,
                                "Total Cost": 0.34,
                                "Plan Rows": 1,
                                "Plan Width": 21,
                                "Output": [
                                  "item.i_item_sk",
                                  "item.i_item_id",
                                  "item.i_rec_start_date",
                                  "item.i_rec_end_date",
                                  "item.i_item_desc",
                                  "item.i_current_price",
                                  "item.i_wholesale_cost",
                                  "item.i_brand_id",
                                  "item.i_brand",
                                  "item.i_class_id",
                                  "item.i_class",
                                  "item.i_category_id",
                                  "item.i_category",
                                  "item.i_manufact_id",
                                  "item.i_manufact",
                                  "item.i_size",
                                  "item.i_formulation",
                                  "item.i_color",
                                  "item.i_units",
                                  "item.i_container",
                                  "item.i_manager_id",
                                  "item.i_product_name"
                                ],
                                "Index Cond": "(item.i_item_sk = catalog_sales.cs_item_sk)",
                                "Filter": "(item.i_category = 'Music'::bpchar)"
                              }
                            ]
                          },
                          {
                            "Node Type": "Index Scan",
                            "Parent Relationship": "Inner",
                            "Parallel Aware": false,
                            "Async Capable": false,
                            "Scan Direction": "Forward",
                            "Index Name": "_dta_index_customer_6_949578421__k1_k5",
                            "Relation Name": "customer",
                            "Schema": "public",
                            "Alias": "customer",
                            "Startup Cost": 0.42,
                            "Total Cost": 0.5,
                            "Plan Rows": 1,
                            "Plan Width": 12,
                            "Output": [
                              "customer.c_customer_sk",
                              "customer.c_customer_id",
                              "customer.c_current_cdemo_sk",
                              "customer.c_current_hdemo_sk",
                              "customer.c_current_addr_sk",
                              "customer.c_first_shipto_date_sk",
                              "customer.c_first_sales_date_sk",
                              "customer.c_salutation",
                              "customer.c_first_name",
                              "customer.c_last_name",
                              "customer.c_preferred_cust_flag",
                              "customer.c_birth_day",
                              "customer.c_birth_month",
                              "customer.c_birth_year",
                              "customer.c_birth_country",
                              "customer.c_login",
                              "customer.c_email_address",
                              "customer.c_last_review_date_sk"
                            ],
                            "Index Cond": "(customer.c_customer_sk = catalog_sales.cs_bill_customer_sk)",
                            "Filter": "(customer.c_birth_month = 12)"
                          }
                        ]
                      },
                      {
                        "Node Type": "Index Scan",
                        "Parent Relationship": "Inner",
                        "Parallel Aware": false,
                        "Async Capable": false,
                        "Scan Direction": "Forward",
                        "Index Name": "customer_demographics_pkey",
                        "Relation Name": "customer_demographics",
                        "Schema": "public",
                        "Alias": "customer_demographics",
                        "Startup Cost": 0.43,
                        "Total Cost": 0.56,
                        "Plan Rows": 1,
                        "Plan Width": 8,
                        "Output": [
                          "customer_demographics.cd_demo_sk",
                          "customer_demographics.cd_gender",
                          "customer_demographics.cd_marital_status",
                          "customer_demographics.cd_education_status",
                          "customer_demographics.cd_purchase_estimate",
                          "customer_demographics.cd_credit_rating",
                          "customer_demographics.cd_dep_count",
                          "customer_demographics.cd_dep_employed_count",
                          "customer_demographics.cd_dep_college_count"
                        ],
                        "Index Cond": "(customer_demographics.cd_demo_sk = catalog_sales.cs_bill_cdemo_sk)",
                        "Filter": "((customer_demographics.cd_gender = 'F'::bpchar) AND (customer_demographics.cd_education_status = '4 yr Degree'::bpchar))"
                      }
                    ]
                  }
                ]
              },
              {
                "Node Type": "Index Scan",
                "Parent Relationship": "Inner",
                "Parallel Aware": false,
                "Async Capable": false,
                "Scan Direction": "Forward",
                "Index Name": "customer_address_pkey",
                "Relation Name": "customer_address",
                "Schema": "public",
                "Alias": "customer_address",
                "Startup Cost": 0.42,
                "Total Cost": 1.14,
                "Plan Rows": 1,
                "Plan Width": 35,
                "Output": [
                  "customer_address.ca_address_sk",
                  "customer_address.ca_address_id",
                  "customer_address.ca_street_number",
                  "customer_address.ca_street_name",
                  "customer_address.ca_street_type",
                  "customer_address.ca_suite_number",
                  "customer_address.ca_city",
                  "customer_address.ca_county",
                  "customer_address.ca_state",
                  "customer_address.ca_zip",
                  "customer_address.ca_country",
                  "customer_address.ca_gmt_offset",
                  "customer_address.ca_location_type"
                ],
                "Index Cond": "(customer_address.ca_address_sk = customer.c_current_addr_sk)",
                "Filter": "(customer_address.ca_state = ANY ('{AR,IN,VA}'::bpchar[]))"
              }
            ]
          }
        ]
      }
    }
  ],
  "original_sql": "select min(i_item_id),\n        min(ca_country),\n        min(ca_state),\n        min(ca_county),\n        min(cs_quantity),\n        min(cs_list_price),\n        min(cs_coupon_amt),\n        min(cs_sales_price),\n        min(cs_net_profit),\n        min(c_birth_year),\n        min(cd_dep_count)\n from catalog_sales, customer_demographics, customer, customer_address, date_dim, item\n where cs_sold_date_sk = d_date_sk and\n       cs_item_sk = i_item_sk and\n       cs_bill_cdemo_sk = cd_demo_sk and\n       cs_bill_customer_sk = c_customer_sk and\n       cd_gender = 'F' and\n       cd_education_status = '4 yr Degree' and\n       c_current_addr_sk = ca_address_sk and\n       d_year = 1999 and\n       c_birth_month = 12 and\n       ca_state in ('AR', 'IN', 'VA')\n       and cs_wholesale_cost BETWEEN 5 AND 10\n       AND i_category = 'Music'"
}