{
  "query_id": "query027_agg_s1",
  "engine": "postgresql",
  "benchmark": "dsb_156",
  "scale_factor": 10,
  "execution_time_ms": null,
  "planning_time_ms": 1.4978259987401543,
  "plan_json": [
    {
      "Plan": {
        "Node Type": "Limit",
        "Parallel Aware": false,
        "Async Capable": false,
        "Startup Cost": 84791.45,
        "Total Cost": 84791.6,
        "Plan Rows": 5,
        "Plan Width": 152,
        "Output": [
          "item.i_item_id",
          "store.s_state",
          "(GROUPING(store.s_state))",
          "(avg(store_sales.ss_quantity))",
          "(avg(store_sales.ss_list_price))",
          "(avg(store_sales.ss_coupon_amt))",
          "(avg(store_sales.ss_sales_price))"
        ],
        "Plans": [
          {
            "Node Type": "Aggregate",
            "Strategy": "Sorted",
            "Partial Mode": "Simple",
            "Parent Relationship": "Outer",
            "Parallel Aware": false,
            "Async Capable": false,
            "Startup Cost": 84791.45,
            "Total Cost": 84791.6,
            "Plan Rows": 5,
            "Plan Width": 152,
            "Output": [
              "item.i_item_id",
              "store.s_state",
              "GROUPING(store.s_state)",
              "avg(store_sales.ss_quantity)",
              "avg(store_sales.ss_list_price)",
              "avg(store_sales.ss_coupon_amt)",
              "avg(store_sales.ss_sales_price)"
            ],
            "Grouping Sets": [
              {
                "Group Keys": [
                  [
                    "item.i_item_id",
                    "store.s_state"
                  ],
                  [
                    "item.i_item_id"
                  ],
                  []
                ]
              }
            ],
            "Plans": [
              {
                "Node Type": "Sort",
                "Parent Relationship": "Outer",
                "Parallel Aware": false,
                "Async Capable": false,
                "Startup Cost": 84791.45,
                "Total Cost": 84791.46,
                "Plan Rows": 2,
                "Plan Width": 39,
                "Output": [
                  "item.i_item_id",
                  "store.s_state",
                  "store_sales.ss_quantity",
                  "store_sales.ss_list_price",
                  "store_sales.ss_coupon_amt",
                  "store_sales.ss_sales_price"
                ],
                "Sort Key": [
                  "item.i_item_id"
                ],
                "Plans": [
                  {
                    "Node Type": "Gather",
                    "Parent Relationship": "Outer",
                    "Parallel Aware": false,
                    "Async Capable": false,
                    "Startup Cost": 1001.58,
                    "Total Cost": 84791.44,
                    "Plan Rows": 2,
                    "Plan Width": 39,
                    "Output": [
                      "item.i_item_id",
                      "store.s_state",
                      "store_sales.ss_quantity",
                      "store_sales.ss_list_price",
                      "store_sales.ss_coupon_amt",
                      "store_sales.ss_sales_price"
                    ],
                    "Workers Planned": 2,
                    "Single Copy": false,
                    "Plans": [
                      {
                        "Node Type": "Nested Loop",
                        "Parent Relationship": "Outer",
                        "Parallel Aware": false,
                        "Async Capable": false,
                        "Join Type": "Inner",
                        "Startup Cost": 1.57,
                        "Total Cost": 83791.24,
                        "Plan Rows": 1,
                        "Plan Width": 39,
                        "Output": [
                          "item.i_item_id",
                          "store.s_state",
                          "store_sales.ss_quantity",
                          "store_sales.ss_list_price",
                          "store_sales.ss_coupon_amt",
                          "store_sales.ss_sales_price"
                        ],
                        "Inner Unique": true,
                        "Plans": [
                          {
                            "Node Type": "Nested Loop",
                            "Parent Relationship": "Outer",
                            "Parallel Aware": false,
                            "Async Capable": false,
                            "Join Type": "Inner",
                            "Startup Cost": 1.15,
                            "Total Cost": 83745.05,
                            "Plan Rows": 58,
                            "Plan Width": 43,
                            "Output": [
                              "store_sales.ss_quantity",
                              "store_sales.ss_list_price",
                              "store_sales.ss_coupon_amt",
                              "store_sales.ss_sales_price",
                              "store_sales.ss_cdemo_sk",
                              "store.s_state",
                              "item.i_item_id"
                            ],
                            "Inner Unique": true,
                            "Plans": [
                              {
                                "Node Type": "Nested Loop",
                                "Parent Relationship": "Outer",
                                "Parallel Aware": false,
                                "Async Capable": false,
                                "Join Type": "Inner",
                                "Startup Cost": 0.85,
                                "Total Cost": 83439.26,
                                "Plan Rows": 530,
                                "Plan Width": 30,
                                "Output": [
                                  "store_sales.ss_quantity",
                                  "store_sales.ss_list_price",
                                  "store_sales.ss_coupon_amt",
                                  "store_sales.ss_sales_price",
                                  "store_sales.ss_item_sk",
                                  "store_sales.ss_cdemo_sk",
                                  "store.s_state"
                                ],
                                "Inner Unique": false,
                                "Plans": [
                                  {
                                    "Node Type": "Index Only Scan",
                                    "Parent Relationship": "Outer",
                                    "Parallel Aware": true,
                                    "Async Capable": false,
                                    "Scan Direction": "Forward",
                                    "Index Name": "_dta_index_date_dim_6_661577395__k1_k7_k9",
                                    "Relation Name": "date_dim",
                                    "Schema": "public",
                                    "Alias": "date_dim",
                                    "Startup Cost": 0.29,
                                    "Total Cost": 1677.67,
                                    "Plan Rows": 151,
                                    "Plan Width": 4,
                                    "Output": [
                                      "date_dim.d_date_sk",
                                      "date_dim.d_year",
                                      "date_dim.d_moy"
                                    ],
                                    "Index Cond": "(date_dim.d_year = 2002)"
                                  },
                                  {
                                    "Node Type": "Nested Loop",
                                    "Parent Relationship": "Inner",
                                    "Parallel Aware": false,
                                    "Async Capable": false,
                                    "Join Type": "Inner",
                                    "Startup Cost": 0.56,
                                    "Total Cost": 537.22,
                                    "Plan Rows": 425,
                                    "Plan Width": 34,
                                    "Output": [
                                      "store_sales.ss_quantity",
                                      "store_sales.ss_list_price",
                                      "store_sales.ss_coupon_amt",
                                      "store_sales.ss_sales_price",
                                      "store_sales.ss_sold_date_sk",
                                      "store_sales.ss_item_sk",
                                      "store_sales.ss_cdemo_sk",
                                      "store.s_state"
                                    ],
                                    "Inner Unique": false,
                                    "Plans": [
                                      {
                                        "Node Type": "Seq Scan",
                                        "Parent Relationship": "Outer",
                                        "Parallel Aware": false,
                                        "Async Capable": false,
                                        "Relation Name": "store",
                                        "Schema": "public",
                                        "Alias": "store",
                                        "Startup Cost": 0.0,
                                        "Total Cost": 6.28,
                                        "Plan Rows": 1,
                                        "Plan Width": 7,
                                        "Output": [
                                          "store.s_store_sk",
                                          "store.s_store_id",
                                          "store.s_rec_start_date",
                                          "store.s_rec_end_date",
                                          "store.s_closed_date_sk",
                                          "store.s_store_name",
                                          "store.s_number_employees",
                                          "store.s_floor_space",
                                          "store.s_hours",
                                          "store.s_manager",
                                          "store.s_market_id",
                                          "store.s_geography_class",
                                          "store.s_market_desc",
                                          "store.s_market_manager",
                                          "store.s_division_id",
                                          "store.s_division_name",
                                          "store.s_company_id",
                                          "store.s_company_name",
                                          "store.s_street_number",
                                          "store.s_street_name",
                                          "store.s_street_type",
                                          "store.s_suite_number",
                                          "store.s_city",
                                          "store.s_county",
                                          "store.s_state",
                                          "store.s_zip",
                                          "store.s_country",
                                          "store.s_gmt_offset",
                                          "store.s_tax_precentage"
                                        ],
                                        "Filter": "(store.s_state = 'IA'::bpchar)"
                                      },
                                      {
                                        "Node Type": "Index Only Scan",
                                        "Parent Relationship": "Inner",
                                        "Parallel Aware": false,
                                        "Async Capable": false,
                                        "Scan Direction": "Forward",
                                        "Index Name": "_dta_index_store_sales_6_1333579789__k1_k5_k8_k3_11_13_14_20",
                                        "Relation Name": "store_sales",
                                        "Schema": "public",
                                        "Alias": "store_sales",
                                        "Startup Cost": 0.56,
                                        "Total Cost": 526.69,
                                        "Plan Rows": 425,
                                        "Plan Width": 35,
                                        "Output": [
                                          "store_sales.ss_sold_date_sk",
                                          "store_sales.ss_cdemo_sk",
                                          "store_sales.ss_store_sk",
                                          "store_sales.ss_item_sk",
                                          "store_sales.ss_quantity",
                                          "store_sales.ss_list_price",
                                          "store_sales.ss_sales_price",
                                          "store_sales.ss_coupon_amt"
                                        ],
                                        "Index Cond": "((store_sales.ss_sold_date_sk = date_dim.d_date_sk) AND (store_sales.ss_store_sk = store.s_store_sk))"
                                      }
                                    ]
                                  }
                                ]
                              },
                              {
                                "Node Type": "Index Scan",
                                "Parent Relationship": "Inner",
                                "Parallel Aware": false,
                                "Async Capable": false,
                                "Scan Direction": "Forward",
                                "Index Name": "item_pkey",
                                "Relation Name": "item",
                                "Schema": "public",
                                "Alias": "item",
                                "Startup Cost": 0.29,
                                "Total Cost": 0.58,
                                "Plan Rows": 1,
                                "Plan Width": 21,
                                "Output": [
                                  "item.i_item_sk",
                                  "item.i_item_id",
                                  "item.i_rec_start_date",
                                  "item.i_rec_end_date",
                                  "item.i_item_desc",
                                  "item.i_current_price",
                                  "item.i_wholesale_cost",
                                  "item.i_brand_id",
                                  "item.i_brand",
                                  "item.i_class_id",
                                  "item.i_class",
                                  "item.i_category_id",
                                  "item.i_category",
                                  "item.i_manufact_id",
                                  "item.i_manufact",
                                  "item.i_size",
                                  "item.i_formulation",
                                  "item.i_color",
                                  "item.i_units",
                                  "item.i_container",
                                  "item.i_manager_id",
                                  "item.i_product_name"
                                ],
                                "Index Cond": "(item.i_item_sk = store_sales.ss_item_sk)",
                                "Filter": "(item.i_category = 'Sports'::bpchar)"
                              }
                            ]
                          },
                          {
                            "Node Type": "Index Scan",
                            "Parent Relationship": "Inner",
                            "Parallel Aware": false,
                            "Async Capable": false,
                            "Scan Direction": "Forward",
                            "Index Name": "customer_demographics_pkey",
                            "Relation Name": "customer_demographics",
                            "Schema": "public",
                            "Alias": "customer_demographics",
                            "Startup Cost": 0.43,
                            "Total Cost": 0.8,
                            "Plan Rows": 1,
                            "Plan Width": 4,
                            "Output": [
                              "customer_demographics.cd_demo_sk",
                              "customer_demographics.cd_gender",
                              "customer_demographics.cd_marital_status",
                              "customer_demographics.cd_education_status",
                              "customer_demographics.cd_purchase_estimate",
                              "customer_demographics.cd_credit_rating",
                              "customer_demographics.cd_dep_count",
                              "customer_demographics.cd_dep_employed_count",
                              "customer_demographics.cd_dep_college_count"
                            ],
                            "Index Cond": "(customer_demographics.cd_demo_sk = store_sales.ss_cdemo_sk)",
                            "Filter": "((customer_demographics.cd_gender = 'F'::bpchar) AND (customer_demographics.cd_marital_status = 'M'::bpchar) AND (customer_demographics.cd_education_status = 'Primary'::bpchar))"
                          }
                        ]
                      }
                    ]
                  }
                ]
              }
            ]
          }
        ]
      }
    }
  ],
  "original_sql": "select  i_item_id,\n        s_state, grouping(s_state) g_state,\n        avg(ss_quantity) agg1,\n        avg(ss_list_price) agg2,\n        avg(ss_coupon_amt) agg3,\n        avg(ss_sales_price) agg4\nfrom store_sales, customer_demographics, date_dim, store, item\nwhere ss_sold_date_sk = d_date_sk and\n      ss_item_sk = i_item_sk and\n      ss_store_sk = s_store_sk and\n      ss_cdemo_sk = cd_demo_sk and\n      cd_gender = 'F' and\n      cd_marital_status = 'M' and\n      cd_education_status = 'Primary' and\n      d_year = 2002 and\n      s_state = 'IA' and\n     i_category  = 'Sports'\n group by rollup (i_item_id, s_state)\n order by i_item_id\n         ,s_state\n limit 100"
}