{
  "query_id": "query065_multi_s2",
  "engine": "postgresql",
  "benchmark": "dsb_156",
  "scale_factor": 10,
  "execution_time_ms": null,
  "planning_time_ms": 1.0382899999967776,
  "plan_json": [
    {
      "Plan": {
        "Node Type": "Limit",
        "Parallel Aware": false,
        "Async Capable": false,
        "Startup Cost": 233987.11,
        "Total Cost": 233987.11,
        "Plan Rows": 1,
        "Plan Width": 202,
        "Output": [
          "store.s_store_name",
          "item.i_item_desc",
          "(sum(store_sales.ss_sales_price))",
          "item.i_current_price",
          "item.i_wholesale_cost",
          "item.i_brand"
        ],
        "Plans": [
          {
            "Node Type": "Sort",
            "Parent Relationship": "Outer",
            "Parallel Aware": false,
            "Async Capable": false,
            "Startup Cost": 233987.11,
            "Total Cost": 233987.11,
            "Plan Rows": 1,
            "Plan Width": 202,
            "Output": [
              "store.s_store_name",
              "item.i_item_desc",
              "(sum(store_sales.ss_sales_price))",
              "item.i_current_price",
              "item.i_wholesale_cost",
              "item.i_brand"
            ],
            "Sort Key": [
              "store.s_store_name",
              "item.i_item_desc"
            ],
            "Plans": [
              {
                "Node Type": "Nested Loop",
                "Parent Relationship": "Outer",
                "Parallel Aware": false,
                "Async Capable": false,
                "Join Type": "Inner",
                "Startup Cost": 233737.62,
                "Total Cost": 233987.1,
                "Plan Rows": 1,
                "Plan Width": 202,
                "Output": [
                  "store.s_store_name",
                  "item.i_item_desc",
                  "(sum(store_sales.ss_sales_price))",
                  "item.i_current_price",
                  "item.i_wholesale_cost",
                  "item.i_brand"
                ],
                "Inner Unique": true,
                "Plans": [
                  {
                    "Node Type": "Merge Join",
                    "Parent Relationship": "Outer",
                    "Parallel Aware": false,
                    "Async Capable": false,
                    "Join Type": "Inner",
                    "Startup Cost": 233737.32,
                    "Total Cost": 233941.43,
                    "Plan Rows": 8,
                    "Plan Width": 40,
                    "Output": [
                      "store.s_store_name",
                      "(sum(store_sales.ss_sales_price))",
                      "store_sales.ss_item_sk"
                    ],
                    "Inner Unique": false,
                    "Merge Cond": "(store_sales.ss_store_sk = store_sales_1.ss_store_sk)",
                    "Join Filter": "((sum(store_sales.ss_sales_price)) <= (0.1 * (avg((sum(store_sales_1.ss_sales_price))))))",
                    "Plans": [
                      {
                        "Node Type": "Aggregate",
                        "Strategy": "Sorted",
                        "Partial Mode": "Finalize",
                        "Parent Relationship": "Outer",
                        "Parallel Aware": false,
                        "Async Capable": false,
                        "Startup Cost": 116865.41,
                        "Total Cost": 116954.91,
                        "Plan Rows": 709,
                        "Plan Width": 40,
                        "Output": [
                          "store_sales.ss_store_sk",
                          "store_sales.ss_item_sk",
                          "sum(store_sales.ss_sales_price)"
                        ],
                        "Group Key": [
                          "store_sales.ss_store_sk",
                          "store_sales.ss_item_sk"
                        ],
                        "Plans": [
                          {
                            "Node Type": "Gather Merge",
                            "Parent Relationship": "Outer",
                            "Parallel Aware": false,
                            "Async Capable": false,
                            "Startup Cost": 116865.41,
                            "Total Cost": 116940.15,
                            "Plan Rows": 590,
                            "Plan Width": 40,
                            "Output": [
                              "store_sales.ss_store_sk",
                              "store_sales.ss_item_sk",
                              "(PARTIAL sum(store_sales.ss_sales_price))"
                            ],
                            "Workers Planned": 2,
                            "Plans": [
                              {
                                "Node Type": "Aggregate",
                                "Strategy": "Sorted",
                                "Partial Mode": "Partial",
                                "Parent Relationship": "Outer",
                                "Parallel Aware": false,
                                "Async Capable": false,
                                "Startup Cost": 115865.39,
                                "Total Cost": 115872.03,
                                "Plan Rows": 295,
                                "Plan Width": 40,
                                "Output": [
                                  "store_sales.ss_store_sk",
                                  "store_sales.ss_item_sk",
                                  "PARTIAL sum(store_sales.ss_sales_price)"
                                ],
                                "Group Key": [
                                  "store_sales.ss_store_sk",
                                  "store_sales.ss_item_sk"
                                ],
                                "Plans": [
                                  {
                                    "Node Type": "Sort",
                                    "Parent Relationship": "Outer",
                                    "Parallel Aware": false,
                                    "Async Capable": false,
                                    "Startup Cost": 115865.39,
                                    "Total Cost": 115866.13,
                                    "Plan Rows": 295,
                                    "Plan Width": 14,
                                    "Output": [
                                      "store_sales.ss_store_sk",
                                      "store_sales.ss_item_sk",
                                      "store_sales.ss_sales_price"
                                    ],
                                    "Sort Key": [
                                      "store_sales.ss_store_sk",
                                      "store_sales.ss_item_sk"
                                    ],
                                    "Plans": [
                                      {
                                        "Node Type": "Nested Loop",
                                        "Parent Relationship": "Outer",
                                        "Parallel Aware": false,
                                        "Async Capable": false,
                                        "Join Type": "Inner",
                                        "Startup Cost": 0.98,
                                        "Total Cost": 115853.29,
                                        "Plan Rows": 295,
                                        "Plan Width": 14,
                                        "Output": [
                                          "store_sales.ss_store_sk",
                                          "store_sales.ss_item_sk",
                                          "store_sales.ss_sales_price"
                                        ],
                                        "Inner Unique": false,
                                        "Plans": [
                                          {
                                            "Node Type": "Index Only Scan",
                                            "Parent Relationship": "Outer",
                                            "Parallel Aware": true,
                                            "Async Capable": false,
                                            "Scan Direction": "Forward",
                                            "Index Name": "_dta_index_date_dim_6_661577395__k7_k4_k9_k1",
                                            "Relation Name": "date_dim",
                                            "Schema": "public",
                                            "Alias": "date_dim",
                                            "Startup Cost": 0.42,
                                            "Total Cost": 1868.48,
                                            "Plan Rows": 157,
                                            "Plan Width": 4,
                                            "Output": [
                                              "date_dim.d_year",
                                              "date_dim.d_month_seq",
                                              "date_dim.d_moy",
                                              "date_dim.d_date_sk"
                                            ],
                                            "Index Cond": "((date_dim.d_month_seq >= 1215) AND (date_dim.d_month_seq <= 1226))"
                                          },
                                          {
                                            "Node Type": "Index Only Scan",
                                            "Parent Relationship": "Inner",
                                            "Parallel Aware": false,
                                            "Async Capable": false,
                                            "Scan Direction": "Forward",
                                            "Index Name": "_dta_index_store_sales_6_1333579789__k1_k5_k8_k3_11_13_14_20",
                                            "Relation Name": "store_sales",
                                            "Schema": "public",
                                            "Alias": "store_sales",
                                            "Startup Cost": 0.56,
                                            "Total Cost": 725.35,
                                            "Plan Rows": 67,
                                            "Plan Width": 18,
                                            "Output": [
                                              "store_sales.ss_sold_date_sk",
                                              "store_sales.ss_cdemo_sk",
                                              "store_sales.ss_store_sk",
                                              "store_sales.ss_item_sk",
                                              "store_sales.ss_quantity",
                                              "store_sales.ss_list_price",
                                              "store_sales.ss_sales_price",
                                              "store_sales.ss_coupon_amt"
                                            ],
                                            "Index Cond": "(store_sales.ss_sold_date_sk = date_dim.d_date_sk)",
                                            "Filter": "(((store_sales.ss_sales_price / store_sales.ss_list_price) >= 0.79) AND ((store_sales.ss_sales_price / store_sales.ss_list_price) <= 0.89))"
                                          }
                                        ]
                                      }
                                    ]
                                  }
                                ]
                              }
                            ]
                          }
                        ]
                      },
                      {
                        "Node Type": "Materialize",
                        "Parent Relationship": "Inner",
                        "Parallel Aware": false,
                        "Async Capable": false,
                        "Startup Cost": 116871.91,
                        "Total Cost": 116977.17,
                        "Plan Rows": 7,
                        "Plan Width": 44,
                        "Output": [
                          "store.s_store_name",
                          "store.s_store_sk",
                          "store_sales_1.ss_store_sk",
                          "(avg((sum(store_sales_1.ss_sales_price))))"
                        ],
                        "Plans": [
                          {
                            "Node Type": "Merge Join",
                            "Parent Relationship": "Outer",
                            "Parallel Aware": false,
                            "Async Capable": false,
                            "Join Type": "Inner",
                            "Startup Cost": 116871.91,
                            "Total Cost": 116977.15,
                            "Plan Rows": 7,
                            "Plan Width": 44,
                            "Output": [
                              "store.s_store_name",
                              "store.s_store_sk",
                              "store_sales_1.ss_store_sk",
                              "(avg((sum(store_sales_1.ss_sales_price))))"
                            ],
                            "Inner Unique": true,
                            "Merge Cond": "(store.s_store_sk = store_sales_1.ss_store_sk)",
                            "Plans": [
                              {
                                "Node Type": "Sort",
                                "Parent Relationship": "Outer",
                                "Parallel Aware": false,
                                "Async Capable": false,
                                "Startup Cost": 6.5,
                                "Total Cost": 6.52,
                                "Plan Rows": 7,
                                "Plan Width": 8,
                                "Output": [
                                  "store.s_store_name",
                                  "store.s_store_sk"
                                ],
                                "Sort Key": [
                                  "store.s_store_sk"
                                ],
                                "Plans": [
                                  {
                                    "Node Type": "Seq Scan",
                                    "Parent Relationship": "Outer",
                                    "Parallel Aware": false,
                                    "Async Capable": false,
                                    "Relation Name": "store",
                                    "Schema": "public",
                                    "Alias": "store",
                                    "Startup Cost": 0.0,
                                    "Total Cost": 6.4,
                                    "Plan Rows": 7,
                                    "Plan Width": 8,
                                    "Output": [
                                      "store.s_store_name",
                                      "store.s_store_sk"
                                    ],
                                    "Filter": "(store.s_state = ANY ('{KS,OH,SD}'::bpchar[]))"
                                  }
                                ]
                              },
                              {
                                "Node Type": "Aggregate",
                                "Strategy": "Sorted",
                                "Partial Mode": "Simple",
                                "Parent Relationship": "Inner",
                                "Parallel Aware": false,
                                "Async Capable": false,
                                "Startup Cost": 116865.41,
                                "Total Cost": 116968.05,
                                "Plan Rows": 200,
                                "Plan Width": 36,
                                "Output": [
                                  "store_sales_1.ss_store_sk",
                                  "avg((sum(store_sales_1.ss_sales_price)))"
                                ],
                                "Group Key": [
                                  "store_sales_1.ss_store_sk"
                                ],
                                "Plans": [
                                  {
                                    "Node Type": "Aggregate",
                                    "Strategy": "Sorted",
                                    "Partial Mode": "Finalize",
                                    "Parent Relationship": "Outer",
                                    "Parallel Aware": false,
                                    "Async Capable": false,
                                    "Startup Cost": 116865.41,
                                    "Total Cost": 116954.91,
                                    "Plan Rows": 709,
                                    "Plan Width": 40,
                                    "Output": [
                                      "store_sales_1.ss_store_sk",
                                      "store_sales_1.ss_item_sk",
                                      "sum(store_sales_1.ss_sales_price)"
                                    ],
                                    "Group Key": [
                                      "store_sales_1.ss_store_sk",
                                      "store_sales_1.ss_item_sk"
                                    ],
                                    "Plans": [
                                      {
                                        "Node Type": "Gather Merge",
                                        "Parent Relationship": "Outer",
                                        "Parallel Aware": false,
                                        "Async Capable": false,
                                        "Startup Cost": 116865.41,
                                        "Total Cost": 116940.15,
                                        "Plan Rows": 590,
                                        "Plan Width": 40,
                                        "Output": [
                                          "store_sales_1.ss_store_sk",
                                          "store_sales_1.ss_item_sk",
                                          "(PARTIAL sum(store_sales_1.ss_sales_price))"
                                        ],
                                        "Workers Planned": 2,
                                        "Plans": [
                                          {
                                            "Node Type": "Aggregate",
                                            "Strategy": "Sorted",
                                            "Partial Mode": "Partial",
                                            "Parent Relationship": "Outer",
                                            "Parallel Aware": false,
                                            "Async Capable": false,
                                            "Startup Cost": 115865.39,
                                            "Total Cost": 115872.03,
                                            "Plan Rows": 295,
                                            "Plan Width": 40,
                                            "Output": [
                                              "store_sales_1.ss_store_sk",
                                              "store_sales_1.ss_item_sk",
                                              "PARTIAL sum(store_sales_1.ss_sales_price)"
                                            ],
                                            "Group Key": [
                                              "store_sales_1.ss_store_sk",
                                              "store_sales_1.ss_item_sk"
                                            ],
                                            "Plans": [
                                              {
                                                "Node Type": "Sort",
                                                "Parent Relationship": "Outer",
                                                "Parallel Aware": false,
                                                "Async Capable": false,
                                                "Startup Cost": 115865.39,
                                                "Total Cost": 115866.13,
                                                "Plan Rows": 295,
                                                "Plan Width": 14,
                                                "Output": [
                                                  "store_sales_1.ss_store_sk",
                                                  "store_sales_1.ss_item_sk",
                                                  "store_sales_1.ss_sales_price"
                                                ],
                                                "Sort Key": [
                                                  "store_sales_1.ss_store_sk",
                                                  "store_sales_1.ss_item_sk"
                                                ],
                                                "Plans": [
                                                  {
                                                    "Node Type": "Nested Loop",
                                                    "Parent Relationship": "Outer",
                                                    "Parallel Aware": false,
                                                    "Async Capable": false,
                                                    "Join Type": "Inner",
                                                    "Startup Cost": 0.98,
                                                    "Total Cost": 115853.29,
                                                    "Plan Rows": 295,
                                                    "Plan Width": 14,
                                                    "Output": [
                                                      "store_sales_1.ss_store_sk",
                                                      "store_sales_1.ss_item_sk",
                                                      "store_sales_1.ss_sales_price"
                                                    ],
                                                    "Inner Unique": false,
                                                    "Plans": [
                                                      {
                                                        "Node Type": "Index Only Scan",
                                                        "Parent Relationship": "Outer",
                                                        "Parallel Aware": true,
                                                        "Async Capable": false,
                                                        "Scan Direction": "Forward",
                                                        "Index Name": "_dta_index_date_dim_6_661577395__k7_k4_k9_k1",
                                                        "Relation Name": "date_dim",
                                                        "Schema": "public",
                                                        "Alias": "date_dim_1",
                                                        "Startup Cost": 0.42,
                                                        "Total Cost": 1868.48,
                                                        "Plan Rows": 157,
                                                        "Plan Width": 4,
                                                        "Output": [
                                                          "date_dim_1.d_year",
                                                          "date_dim_1.d_month_seq",
                                                          "date_dim_1.d_moy",
                                                          "date_dim_1.d_date_sk"
                                                        ],
                                                        "Index Cond": "((date_dim_1.d_month_seq >= 1215) AND (date_dim_1.d_month_seq <= 1226))"
                                                      },
                                                      {
                                                        "Node Type": "Index Only Scan",
                                                        "Parent Relationship": "Inner",
                                                        "Parallel Aware": false,
                                                        "Async Capable": false,
                                                        "Scan Direction": "Forward",
                                                        "Index Name": "_dta_index_store_sales_6_1333579789__k1_k5_k8_k3_11_13_14_20",
                                                        "Relation Name": "store_sales",
                                                        "Schema": "public",
                                                        "Alias": "store_sales_1",
                                                        "Startup Cost": 0.56,
                                                        "Total Cost": 725.35,
                                                        "Plan Rows": 67,
                                                        "Plan Width": 18,
                                                        "Output": [
                                                          "store_sales_1.ss_sold_date_sk",
                                                          "store_sales_1.ss_cdemo_sk",
                                                          "store_sales_1.ss_store_sk",
                                                          "store_sales_1.ss_item_sk",
                                                          "store_sales_1.ss_quantity",
                                                          "store_sales_1.ss_list_price",
                                                          "store_sales_1.ss_sales_price",
                                                          "store_sales_1.ss_coupon_amt"
                                                        ],
                                                        "Index Cond": "(store_sales_1.ss_sold_date_sk = date_dim_1.d_date_sk)",
                                                        "Filter": "(((store_sales_1.ss_sales_price / store_sales_1.ss_list_price) >= 0.79) AND ((store_sales_1.ss_sales_price / store_sales_1.ss_list_price) <= 0.89))"
                                                      }
                                                    ]
                                                  }
                                                ]
                                              }
                                            ]
                                          }
                                        ]
                                      }
                                    ]
                                  }
                                ]
                              }
                            ]
                          }
                        ]
                      }
                    ]
                  },
                  {
                    "Node Type": "Index Scan",
                    "Parent Relationship": "Inner",
                    "Parallel Aware": false,
                    "Async Capable": false,
                    "Scan Direction": "Forward",
                    "Index Name": "item_pkey",
                    "Relation Name": "item",
                    "Schema": "public",
                    "Alias": "item",
                    "Startup Cost": 0.29,
                    "Total Cost": 5.71,
                    "Plan Rows": 1,
                    "Plan Width": 170,
                    "Output": [
                      "item.i_item_sk",
                      "item.i_item_id",
                      "item.i_rec_start_date",
                      "item.i_rec_end_date",
                      "item.i_item_desc",
                      "item.i_current_price",
                      "item.i_wholesale_cost",
                      "item.i_brand_id",
                      "item.i_brand",
                      "item.i_class_id",
                      "item.i_class",
                      "item.i_category_id",
                      "item.i_category",
                      "item.i_manufact_id",
                      "item.i_manufact",
                      "item.i_size",
                      "item.i_formulation",
                      "item.i_color",
                      "item.i_units",
                      "item.i_container",
                      "item.i_manager_id",
                      "item.i_product_name"
                    ],
                    "Index Cond": "(item.i_item_sk = store_sales.ss_item_sk)",
                    "Filter": "((item.i_manager_id >= 10) AND (item.i_manager_id <= 14))"
                  }
                ]
              }
            ]
          }
        ]
      }
    }
  ],
  "original_sql": "select \n\ts_store_name,\n\ti_item_desc,\n\tsc.revenue,\n\ti_current_price,\n\ti_wholesale_cost,\n\ti_brand\n from store, item,\n     (select ss_store_sk, avg(revenue) as ave\n \tfrom\n \t    (select  ss_store_sk, ss_item_sk,\n \t\t     sum(ss_sales_price) as revenue\n \t\tfrom store_sales, date_dim\n \t\twhere ss_sold_date_sk = d_date_sk and d_month_seq between 1215 and 1215+11\n    and ss_sales_price / ss_list_price BETWEEN 79 * 0.01 AND 89 * 0.01\n \t\tgroup by ss_store_sk, ss_item_sk) sa\n \tgroup by ss_store_sk) sb,\n     (select  ss_store_sk, ss_item_sk, sum(ss_sales_price) as revenue\n \tfrom store_sales, date_dim\n \twhere ss_sold_date_sk = d_date_sk and d_month_seq between 1215 and 1215+11\n  and ss_sales_price / ss_list_price BETWEEN 79 * 0.01 AND 89 * 0.01\n \tgroup by ss_store_sk, ss_item_sk) sc\n where sb.ss_store_sk = sc.ss_store_sk and\n       sc.revenue <= 0.1 * sb.ave and\n       s_store_sk = sc.ss_store_sk and\n       i_item_sk = sc.ss_item_sk\n       and i_manager_id BETWEEN 10 and 14\n       and s_state in ('KS','OH','SD')\n order by s_store_name, i_item_desc\nlimit 100"
}