{
  "query_id": "query064_multi_s1",
  "engine": "postgresql",
  "benchmark": "dsb_156",
  "scale_factor": 10,
  "execution_time_ms": null,
  "planning_time_ms": 99.59805699872959,
  "plan_json": [
    {
      "Plan": {
        "Node Type": "Sort",
        "Parallel Aware": false,
        "Async Capable": false,
        "Startup Cost": 610587.76,
        "Total Cost": 610587.76,
        "Plan Rows": 1,
        "Plan Width": 1310,
        "Output": [
          "cs1.product_name",
          "cs1.store_name",
          "cs1.store_zip",
          "cs1.b_street_number",
          "cs1.b_street_name",
          "cs1.b_city",
          "cs1.b_zip",
          "cs1.c_street_number",
          "cs1.c_street_name",
          "cs1.c_city",
          "cs1.c_zip",
          "cs1.syear",
          "cs1.cnt",
          "cs1.s1",
          "cs1.s2",
          "cs1.s3",
          "cs2.s1",
          "cs2.s2",
          "cs2.s3",
          "cs2.syear",
          "cs2.cnt"
        ],
        "Sort Key": [
          "cs1.product_name",
          "cs1.store_name",
          "cs2.cnt",
          "cs1.s1",
          "cs2.s1"
        ],
        "Plans": [
          {
            "Node Type": "Aggregate",
            "Strategy": "Sorted",
            "Partial Mode": "Simple",
            "Parent Relationship": "InitPlan",
            "Subplan Name": "CTE cross_sales",
            "Parallel Aware": false,
            "Async Capable": false,
            "Startup Cost": 583311.5,
            "Total Cost": 610587.68,
            "Plan Rows": 1,
            "Plan Width": 266,
            "Output": [
              "item.i_product_name",
              "item.i_item_sk",
              "store.s_store_name",
              "store.s_zip",
              "ad1.ca_street_number",
              "ad1.ca_street_name",
              "ad1.ca_city",
              "ad1.ca_zip",
              "ad2.ca_street_number",
              "ad2.ca_street_name",
              "ad2.ca_city",
              "ad2.ca_zip",
              "d1.d_year",
              "d2.d_year",
              "d3.d_year",
              "count(*)",
              "sum(store_sales.ss_wholesale_cost)",
              "sum(store_sales.ss_list_price)",
              "sum(store_sales.ss_coupon_amt)"
            ],
            "Group Key": [
              "item.i_item_sk",
              "store.s_store_name",
              "store.s_zip",
              "ad1.ca_street_number",
              "ad1.ca_street_name",
              "ad1.ca_city",
              "ad1.ca_zip",
              "ad2.ca_street_number",
              "ad2.ca_street_name",
              "ad2.ca_city",
              "ad2.ca_zip",
              "d1.d_year",
              "d2.d_year",
              "d3.d_year"
            ],
            "Plans": [
              {
                "Node Type": "Incremental Sort",
                "Parent Relationship": "Outer",
                "Parallel Aware": false,
                "Async Capable": false,
                "Startup Cost": 583311.5,
                "Total Cost": 610587.57,
                "Plan Rows": 2,
                "Plan Width": 177,
                "Output": [
                  "item.i_item_sk",
                  "store.s_store_name",
                  "store.s_zip",
                  "ad1.ca_street_number",
                  "ad1.ca_street_name",
                  "ad1.ca_city",
                  "ad1.ca_zip",
                  "ad2.ca_street_number",
                  "ad2.ca_street_name",
                  "ad2.ca_city",
                  "ad2.ca_zip",
                  "d1.d_year",
                  "d2.d_year",
                  "d3.d_year",
                  "item.i_product_name",
                  "store_sales.ss_wholesale_cost",
                  "store_sales.ss_list_price",
                  "store_sales.ss_coupon_amt"
                ],
                "Sort Key": [
                  "item.i_item_sk",
                  "store.s_store_name",
                  "store.s_zip",
                  "ad1.ca_street_number",
                  "ad1.ca_street_name",
                  "ad1.ca_city",
                  "ad1.ca_zip",
                  "ad2.ca_street_number",
                  "ad2.ca_street_name",
                  "ad2.ca_city",
                  "ad2.ca_zip",
                  "d1.d_year",
                  "d2.d_year",
                  "d3.d_year"
                ],
                "Presorted Key": [
                  "item.i_item_sk"
                ],
                "Plans": [
                  {
                    "Node Type": "Nested Loop",
                    "Parent Relationship": "Outer",
                    "Parallel Aware": false,
                    "Async Capable": false,
                    "Join Type": "Inner",
                    "Startup Cost": 556035.49,
                    "Total Cost": 610587.48,
                    "Plan Rows": 1,
                    "Plan Width": 177,
                    "Output": [
                      "item.i_item_sk",
                      "store.s_store_name",
                      "store.s_zip",
                      "ad1.ca_street_number",
                      "ad1.ca_street_name",
                      "ad1.ca_city",
                      "ad1.ca_zip",
                      "ad2.ca_street_number",
                      "ad2.ca_street_name",
                      "ad2.ca_city",
                      "ad2.ca_zip",
                      "d1.d_year",
                      "d2.d_year",
                      "d3.d_year",
                      "item.i_product_name",
                      "store_sales.ss_wholesale_cost",
                      "store_sales.ss_list_price",
                      "store_sales.ss_coupon_amt"
                    ],
                    "Inner Unique": true,
                    "Plans": [
                      {
                        "Node Type": "Nested Loop",
                        "Parent Relationship": "Outer",
                        "Parallel Aware": false,
                        "Async Capable": false,
                        "Join Type": "Inner",
                        "Startup Cost": 556035.2,
                        "Total Cost": 610586.12,
                        "Plan Rows": 1,
                        "Plan Width": 177,
                        "Output": [
                          "ad2.ca_street_number",
                          "ad2.ca_street_name",
                          "ad2.ca_city",
                          "ad2.ca_zip",
                          "item.i_product_name",
                          "item.i_item_sk",
                          "store_sales.ss_wholesale_cost",
                          "store_sales.ss_list_price",
                          "store_sales.ss_coupon_amt",
                          "store_sales.ss_sold_date_sk",
                          "d3.d_year",
                          "ad1.ca_street_number",
                          "ad1.ca_street_name",
                          "ad1.ca_city",
                          "ad1.ca_zip",
                          "store.s_store_name",
                          "store.s_zip",
                          "d2.d_year"
                        ],
                        "Inner Unique": true,
                        "Plans": [
                          {
                            "Node Type": "Nested Loop",
                            "Parent Relationship": "Outer",
                            "Parallel Aware": false,
                            "Async Capable": false,
                            "Join Type": "Inner",
                            "Startup Cost": 556034.93,
                            "Total Cost": 610583.83,
                            "Plan Rows": 1,
                            "Plan Width": 181,
                            "Output": [
                              "ad2.ca_street_number",
                              "ad2.ca_street_name",
                              "ad2.ca_city",
                              "ad2.ca_zip",
                              "item.i_product_name",
                              "item.i_item_sk",
                              "store_sales.ss_wholesale_cost",
                              "store_sales.ss_list_price",
                              "store_sales.ss_coupon_amt",
                              "store_sales.ss_sold_date_sk",
                              "store_sales.ss_promo_sk",
                              "d3.d_year",
                              "ad1.ca_street_number",
                              "ad1.ca_street_name",
                              "ad1.ca_city",
                              "ad1.ca_zip",
                              "store.s_store_name",
                              "store.s_zip",
                              "d2.d_year"
                            ],
                            "Inner Unique": true,
                            "Join Filter": "(cd1.cd_marital_status <> cd2.cd_marital_status)",
                            "Plans": [
                              {
                                "Node Type": "Nested Loop",
                                "Parent Relationship": "Outer",
                                "Parallel Aware": false,
                                "Async Capable": false,
                                "Join Type": "Inner",
                                "Startup Cost": 556034.5,
                                "Total Cost": 610581.14,
                                "Plan Rows": 1,
                                "Plan Width": 187,
                                "Output": [
                                  "ad2.ca_street_number",
                                  "ad2.ca_street_name",
                                  "ad2.ca_city",
                                  "ad2.ca_zip",
                                  "cd1.cd_marital_status",
                                  "item.i_product_name",
                                  "item.i_item_sk",
                                  "store_sales.ss_wholesale_cost",
                                  "store_sales.ss_list_price",
                                  "store_sales.ss_coupon_amt",
                                  "store_sales.ss_sold_date_sk",
                                  "store_sales.ss_promo_sk",
                                  "customer.c_current_cdemo_sk",
                                  "d3.d_year",
                                  "ad1.ca_street_number",
                                  "ad1.ca_street_name",
                                  "ad1.ca_city",
                                  "ad1.ca_zip",
                                  "store.s_store_name",
                                  "store.s_zip",
                                  "d2.d_year"
                                ],
                                "Inner Unique": true,
                                "Plans": [
                                  {
                                    "Node Type": "Nested Loop",
                                    "Parent Relationship": "Outer",
                                    "Parallel Aware": false,
                                    "Async Capable": false,
                                    "Join Type": "Inner",
                                    "Startup Cost": 556034.21,
                                    "Total Cost": 610579.78,
                                    "Plan Rows": 1,
                                    "Plan Width": 187,
                                    "Output": [
                                      "ad2.ca_street_number",
                                      "ad2.ca_street_name",
                                      "ad2.ca_city",
                                      "ad2.ca_zip",
                                      "cd1.cd_marital_status",
                                      "item.i_product_name",
                                      "item.i_item_sk",
                                      "store_sales.ss_wholesale_cost",
                                      "store_sales.ss_list_price",
                                      "store_sales.ss_coupon_amt",
                                      "store_sales.ss_sold_date_sk",
                                      "store_sales.ss_promo_sk",
                                      "customer.c_current_cdemo_sk",
                                      "customer.c_first_sales_date_sk",
                                      "d3.d_year",
                                      "ad1.ca_street_number",
                                      "ad1.ca_street_name",
                                      "ad1.ca_city",
                                      "ad1.ca_zip",
                                      "store.s_store_name",
                                      "store.s_zip"
                                    ],
                                    "Inner Unique": true,
                                    "Plans": [
                                      {
                                        "Node Type": "Nested Loop",
                                        "Parent Relationship": "Outer",
                                        "Parallel Aware": false,
                                        "Async Capable": false,
                                        "Join Type": "Inner",
                                        "Startup Cost": 556034.07,
                                        "Total Cost": 610578.8,
                                        "Plan Rows": 1,
                                        "Plan Width": 176,
                                        "Output": [
                                          "ad2.ca_street_number",
                                          "ad2.ca_street_name",
                                          "ad2.ca_city",
                                          "ad2.ca_zip",
                                          "cd1.cd_marital_status",
                                          "item.i_product_name",
                                          "item.i_item_sk",
                                          "store_sales.ss_wholesale_cost",
                                          "store_sales.ss_list_price",
                                          "store_sales.ss_coupon_amt",
                                          "store_sales.ss_store_sk",
                                          "store_sales.ss_sold_date_sk",
                                          "store_sales.ss_promo_sk",
                                          "customer.c_current_cdemo_sk",
                                          "customer.c_first_sales_date_sk",
                                          "d3.d_year",
                                          "ad1.ca_street_number",
                                          "ad1.ca_street_name",
                                          "ad1.ca_city",
                                          "ad1.ca_zip"
                                        ],
                                        "Inner Unique": true,
                                        "Plans": [
                                          {
                                            "Node Type": "Nested Loop",
                                            "Parent Relationship": "Outer",
                                            "Parallel Aware": false,
                                            "Async Capable": false,
                                            "Join Type": "Inner",
                                            "Startup Cost": 556033.93,
                                            "Total Cost": 610578.64,
                                            "Plan Rows": 1,
                                            "Plan Width": 180,
                                            "Output": [
                                              "hd2.hd_income_band_sk",
                                              "ad2.ca_street_number",
                                              "ad2.ca_street_name",
                                              "ad2.ca_city",
                                              "ad2.ca_zip",
                                              "cd1.cd_marital_status",
                                              "item.i_product_name",
                                              "item.i_item_sk",
                                              "store_sales.ss_wholesale_cost",
                                              "store_sales.ss_list_price",
                                              "store_sales.ss_coupon_amt",
                                              "store_sales.ss_store_sk",
                                              "store_sales.ss_sold_date_sk",
                                              "store_sales.ss_promo_sk",
                                              "customer.c_current_cdemo_sk",
                                              "customer.c_first_sales_date_sk",
                                              "d3.d_year",
                                              "ad1.ca_street_number",
                                              "ad1.ca_street_name",
                                              "ad1.ca_city",
                                              "ad1.ca_zip"
                                            ],
                                            "Inner Unique": true,
                                            "Plans": [
                                              {
                                                "Node Type": "Nested Loop",
                                                "Parent Relationship": "Outer",
                                                "Parallel Aware": false,
                                                "Async Capable": false,
                                                "Join Type": "Inner",
                                                "Startup Cost": 556033.51,
                                                "Total Cost": 610576.1,
                                                "Plan Rows": 1,
                                                "Plan Width": 144,
                                                "Output": [
                                                  "hd2.hd_income_band_sk",
                                                  "ad2.ca_street_number",
                                                  "ad2.ca_street_name",
                                                  "ad2.ca_city",
                                                  "ad2.ca_zip",
                                                  "cd1.cd_marital_status",
                                                  "item.i_product_name",
                                                  "item.i_item_sk",
                                                  "store_sales.ss_wholesale_cost",
                                                  "store_sales.ss_list_price",
                                                  "store_sales.ss_coupon_amt",
                                                  "store_sales.ss_store_sk",
                                                  "store_sales.ss_sold_date_sk",
                                                  "store_sales.ss_addr_sk",
                                                  "store_sales.ss_promo_sk",
                                                  "customer.c_current_cdemo_sk",
                                                  "customer.c_first_sales_date_sk",
                                                  "d3.d_year"
                                                ],
                                                "Inner Unique": true,
                                                "Plans": [
                                                  {
                                                    "Node Type": "Nested Loop",
                                                    "Parent Relationship": "Outer",
                                                    "Parallel Aware": false,
                                                    "Async Capable": false,
                                                    "Join Type": "Inner",
                                                    "Startup Cost": 556033.22,
                                                    "Total Cost": 610574.74,
                                                    "Plan Rows": 1,
                                                    "Plan Width": 144,
                                                    "Output": [
                                                      "hd2.hd_income_band_sk",
                                                      "ad2.ca_street_number",
                                                      "ad2.ca_street_name",
                                                      "ad2.ca_city",
                                                      "ad2.ca_zip",
                                                      "cd1.cd_marital_status",
                                                      "item.i_product_name",
                                                      "item.i_item_sk",
                                                      "store_sales.ss_wholesale_cost",
                                                      "store_sales.ss_list_price",
                                                      "store_sales.ss_coupon_amt",
                                                      "store_sales.ss_store_sk",
                                                      "store_sales.ss_sold_date_sk",
                                                      "store_sales.ss_addr_sk",
                                                      "store_sales.ss_promo_sk",
                                                      "customer.c_current_cdemo_sk",
                                                      "customer.c_first_sales_date_sk",
                                                      "customer.c_first_shipto_date_sk"
                                                    ],
                                                    "Inner Unique": true,
                                                    "Plans": [
                                                      {
                                                        "Node Type": "Nested Loop",
                                                        "Parent Relationship": "Outer",
                                                        "Parallel Aware": false,
                                                        "Async Capable": false,
                                                        "Join Type": "Inner",
                                                        "Startup Cost": 556032.93,
                                                        "Total Cost": 610572.55,
                                                        "Plan Rows": 1,
                                                        "Plan Width": 144,
                                                        "Output": [
                                                          "ad2.ca_street_number",
                                                          "ad2.ca_street_name",
                                                          "ad2.ca_city",
                                                          "ad2.ca_zip",
                                                          "cd1.cd_marital_status",
                                                          "item.i_product_name",
                                                          "item.i_item_sk",
                                                          "store_sales.ss_wholesale_cost",
                                                          "store_sales.ss_list_price",
                                                          "store_sales.ss_coupon_amt",
                                                          "store_sales.ss_store_sk",
                                                          "store_sales.ss_sold_date_sk",
                                                          "store_sales.ss_addr_sk",
                                                          "store_sales.ss_promo_sk",
                                                          "customer.c_current_cdemo_sk",
                                                          "customer.c_current_hdemo_sk",
                                                          "customer.c_first_sales_date_sk",
                                                          "customer.c_first_shipto_date_sk"
                                                        ],
                                                        "Inner Unique": true,
                                                        "Plans": [
                                                          {
                                                            "Node Type": "Nested Loop",
                                                            "Parent Relationship": "Outer",
                                                            "Parallel Aware": false,
                                                            "Async Capable": false,
                                                            "Join Type": "Inner",
                                                            "Startup Cost": 556032.51,
                                                            "Total Cost": 610569.98,
                                                            "Plan Rows": 1,
                                                            "Plan Width": 108,
                                                            "Output": [
                                                              "cd1.cd_marital_status",
                                                              "item.i_product_name",
                                                              "item.i_item_sk",
                                                              "store_sales.ss_wholesale_cost",
                                                              "store_sales.ss_list_price",
                                                              "store_sales.ss_coupon_amt",
                                                              "store_sales.ss_store_sk",
                                                              "store_sales.ss_sold_date_sk",
                                                              "store_sales.ss_addr_sk",
                                                              "store_sales.ss_promo_sk",
                                                              "customer.c_current_cdemo_sk",
                                                              "customer.c_current_hdemo_sk",
                                                              "customer.c_current_addr_sk",
                                                              "customer.c_first_sales_date_sk",
                                                              "customer.c_first_shipto_date_sk"
                                                            ],
                                                            "Inner Unique": true,
                                                            "Plans": [
                                                              {
                                                                "Node Type": "Nested Loop",
                                                                "Parent Relationship": "Outer",
                                                                "Parallel Aware": false,
                                                                "Async Capable": false,
                                                                "Join Type": "Inner",
                                                                "Startup Cost": 556032.09,
                                                                "Total Cost": 610567.43,
                                                                "Plan Rows": 1,
                                                                "Plan Width": 92,
                                                                "Output": [
                                                                  "cd1.cd_marital_status",
                                                                  "item.i_product_name",
                                                                  "item.i_item_sk",
                                                                  "store_sales.ss_wholesale_cost",
                                                                  "store_sales.ss_list_price",
                                                                  "store_sales.ss_coupon_amt",
                                                                  "store_sales.ss_store_sk",
                                                                  "store_sales.ss_sold_date_sk",
                                                                  "store_sales.ss_customer_sk",
                                                                  "store_sales.ss_addr_sk",
                                                                  "store_sales.ss_promo_sk"
                                                                ],
                                                                "Inner Unique": true,
                                                                "Plans": [
                                                                  {
                                                                    "Node Type": "Nested Loop",
                                                                    "Parent Relationship": "Outer",
                                                                    "Parallel Aware": false,
                                                                    "Async Capable": false,
                                                                    "Join Type": "Inner",
                                                                    "Startup Cost": 556031.95,
                                                                    "Total Cost": 610567.27,
                                                                    "Plan Rows": 1,
                                                                    "Plan Width": 96,
                                                                    "Output": [
                                                                      "cd1.cd_marital_status",
                                                                      "item.i_product_name",
                                                                      "item.i_item_sk",
                                                                      "store_sales.ss_wholesale_cost",
                                                                      "store_sales.ss_list_price",
                                                                      "store_sales.ss_coupon_amt",
                                                                      "store_sales.ss_store_sk",
                                                                      "store_sales.ss_sold_date_sk",
                                                                      "store_sales.ss_customer_sk",
                                                                      "store_sales.ss_addr_sk",
                                                                      "store_sales.ss_promo_sk",
                                                                      "hd1.hd_income_band_sk"
                                                                    ],
                                                                    "Inner Unique": true,
                                                                    "Plans": [
                                                                      {
                                                                        "Node Type": "Nested Loop",
                                                                        "Parent Relationship": "Outer",
                                                                        "Parallel Aware": false,
                                                                        "Async Capable": false,
                                                                        "Join Type": "Inner",
                                                                        "Startup Cost": 556031.67,
                                                                        "Total Cost": 610565.08,
                                                                        "Plan Rows": 1,
                                                                        "Plan Width": 96,
                                                                        "Output": [
                                                                          "cd1.cd_marital_status",
                                                                          "item.i_product_name",
                                                                          "item.i_item_sk",
                                                                          "store_sales.ss_wholesale_cost",
                                                                          "store_sales.ss_list_price",
                                                                          "store_sales.ss_coupon_amt",
                                                                          "store_sales.ss_store_sk",
                                                                          "store_sales.ss_sold_date_sk",
                                                                          "store_sales.ss_customer_sk",
                                                                          "store_sales.ss_hdemo_sk",
                                                                          "store_sales.ss_addr_sk",
                                                                          "store_sales.ss_promo_sk"
                                                                        ],
                                                                        "Inner Unique": true,
                                                                        "Plans": [
                                                                          {
                                                                            "Node Type": "Nested Loop",
                                                                            "Parent Relationship": "Outer",
                                                                            "Parallel Aware": false,
                                                                            "Async Capable": false,
                                                                            "Join Type": "Inner",
                                                                            "Startup Cost": 556031.24,
                                                                            "Total Cost": 610562.48,
                                                                            "Plan Rows": 1,
                                                                            "Plan Width": 98,
                                                                            "Output": [
                                                                              "item.i_product_name",
                                                                              "item.i_item_sk",
                                                                              "store_sales.ss_wholesale_cost",
                                                                              "store_sales.ss_list_price",
                                                                              "store_sales.ss_coupon_amt",
                                                                              "store_sales.ss_store_sk",
                                                                              "store_sales.ss_sold_date_sk",
                                                                              "store_sales.ss_customer_sk",
                                                                              "store_sales.ss_cdemo_sk",
                                                                              "store_sales.ss_hdemo_sk",
                                                                              "store_sales.ss_addr_sk",
                                                                              "store_sales.ss_promo_sk"
                                                                            ],
                                                                            "Inner Unique": true,
                                                                            "Join Filter": "(item.i_item_sk = store_sales.ss_item_sk)",
                                                                            "Plans": [
                                                                              {
                                                                                "Node Type": "Merge Join",
                                                                                "Parent Relationship": "Outer",
                                                                                "Parallel Aware": false,
                                                                                "Async Capable": false,
                                                                                "Join Type": "Inner",
                                                                                "Startup Cost": 556030.81,
                                                                                "Total Cost": 589411.4,
                                                                                "Plan Rows": 6464,
                                                                                "Plan Width": 67,
                                                                                "Output": [
                                                                                  "store_returns.sr_item_sk",
                                                                                  "store_returns.sr_ticket_number",
                                                                                  "item.i_product_name",
                                                                                  "item.i_item_sk",
                                                                                  "catalog_sales.cs_item_sk"
                                                                                ],
                                                                                "Inner Unique": true,
                                                                                "Merge Cond": "(item.i_item_sk = catalog_sales.cs_item_sk)",
                                                                                "Plans": [
                                                                                  {
                                                                                    "Node Type": "Nested Loop",
                                                                                    "Parent Relationship": "Outer",
                                                                                    "Parallel Aware": false,
                                                                                    "Async Capable": false,
                                                                                    "Join Type": "Inner",
                                                                                    "Startup Cost": 0.72,
                                                                                    "Total Cost": 25625.5,
                                                                                    "Plan Rows": 84467,
                                                                                    "Plan Width": 63,
                                                                                    "Output": [
                                                                                      "store_returns.sr_item_sk",
                                                                                      "store_returns.sr_ticket_number",
                                                                                      "item.i_product_name",
                                                                                      "item.i_item_sk"
                                                                                    ],
                                                                                    "Inner Unique": false,
                                                                                    "Plans": [
                                                                                      {
                                                                                        "Node Type": "Index Scan",
                                                                                        "Parent Relationship": "Outer",
                                                                                        "Parallel Aware": false,
                                                                                        "Async Capable": false,
                                                                                        "Scan Direction": "Forward",
                                                                                        "Index Name": "item_pkey",
                                                                                        "Relation Name": "item",
                                                                                        "Schema": "public",
                                                                                        "Alias": "item",
                                                                                        "Startup Cost": 0.29,
                                                                                        "Total Cost": 10222.46,
                                                                                        "Plan Rows": 1197,
                                                                                        "Plan Width": 55,
                                                                                        "Output": [
                                                                                          "item.i_item_sk",
                                                                                          "item.i_item_id",
                                                                                          "item.i_rec_start_date",
                                                                                          "item.i_rec_end_date",
                                                                                          "item.i_item_desc",
                                                                                          "item.i_current_price",
                                                                                          "item.i_wholesale_cost",
                                                                                          "item.i_brand_id",
                                                                                          "item.i_brand",
                                                                                          "item.i_class_id",
                                                                                          "item.i_class",
                                                                                          "item.i_category_id",
                                                                                          "item.i_category",
                                                                                          "item.i_manufact_id",
                                                                                          "item.i_manufact",
                                                                                          "item.i_size",
                                                                                          "item.i_formulation",
                                                                                          "item.i_color",
                                                                                          "item.i_units",
                                                                                          "item.i_container",
                                                                                          "item.i_manager_id",
                                                                                          "item.i_product_name"
                                                                                        ],
                                                                                        "Filter": "((item.i_current_price >= '26'::numeric) AND (item.i_current_price <= '36'::numeric))"
                                                                                      },
                                                                                      {
                                                                                        "Node Type": "Index Only Scan",
                                                                                        "Parent Relationship": "Inner",
                                                                                        "Parallel Aware": false,
                                                                                        "Async Capable": false,
                                                                                        "Scan Direction": "Forward",
                                                                                        "Index Name": "store_returns_pkey",
                                                                                        "Relation Name": "store_returns",
                                                                                        "Schema": "public",
                                                                                        "Alias": "store_returns",
                                                                                        "Startup Cost": 0.43,
                                                                                        "Total Cost": 9.76,
                                                                                        "Plan Rows": 311,
                                                                                        "Plan Width": 8,
                                                                                        "Output": [
                                                                                          "store_returns.sr_item_sk",
                                                                                          "store_returns.sr_ticket_number"
                                                                                        ],
                                                                                        "Index Cond": "(store_returns.sr_item_sk = item.i_item_sk)"
                                                                                      }
                                                                                    ]
                                                                                  },
                                                                                  {
                                                                                    "Node Type": "Aggregate",
                                                                                    "Strategy": "Sorted",
                                                                                    "Partial Mode": "Finalize",
                                                                                    "Parent Relationship": "Inner",
                                                                                    "Parallel Aware": false,
                                                                                    "Async Capable": false,
                                                                                    "Startup Cost": 556030.08,
                                                                                    "Total Cost": 563412.52,
                                                                                    "Plan Rows": 7806,
                                                                                    "Plan Width": 68,
                                                                                    "Output": [
                                                                                      "catalog_sales.cs_item_sk",
                                                                                      "NULL::numeric",
                                                                                      "NULL::numeric"
                                                                                    ],
                                                                                    "Group Key": [
                                                                                      "catalog_sales.cs_item_sk"
                                                                                    ],
                                                                                    "Filter": "(sum(catalog_sales.cs_ext_list_price) > ('2'::numeric * sum(((catalog_returns.cr_refunded_cash + catalog_returns.cr_reversed_charge) + catalog_returns.cr_store_credit))))",
                                                                                    "Plans": [
                                                                                      {
                                                                                        "Node Type": "Gather Merge",
                                                                                        "Parent Relationship": "Outer",
                                                                                        "Parallel Aware": false,
                                                                                        "Async Capable": false,
                                                                                        "Startup Cost": 556030.08,
                                                                                        "Total Cost": 562358.71,
                                                                                        "Plan Rows": 46836,
                                                                                        "Plan Width": 68,
                                                                                        "Output": [
                                                                                          "catalog_sales.cs_item_sk",
                                                                                          "(PARTIAL sum(catalog_sales.cs_ext_list_price))",
                                                                                          "(PARTIAL sum(((catalog_returns.cr_refunded_cash + catalog_returns.cr_reversed_charge) + catalog_returns.cr_store_credit)))"
                                                                                        ],
                                                                                        "Workers Planned": 2,
                                                                                        "Plans": [
                                                                                          {
                                                                                            "Node Type": "Aggregate",
                                                                                            "Strategy": "Sorted",
                                                                                            "Partial Mode": "Partial",
                                                                                            "Parent Relationship": "Outer",
                                                                                            "Parallel Aware": false,
                                                                                            "Async Capable": false,
                                                                                            "Startup Cost": 555030.06,
                                                                                            "Total Cost": 555952.65,
                                                                                            "Plan Rows": 23418,
                                                                                            "Plan Width": 68,
                                                                                            "Output": [
                                                                                              "catalog_sales.cs_item_sk",
                                                                                              "PARTIAL sum(catalog_sales.cs_ext_list_price)",
                                                                                              "PARTIAL sum(((catalog_returns.cr_refunded_cash + catalog_returns.cr_reversed_charge) + catalog_returns.cr_store_credit))"
                                                                                            ],
                                                                                            "Group Key": [
                                                                                              "catalog_sales.cs_item_sk"
                                                                                            ],
                                                                                            "Plans": [
                                                                                              {
                                                                                                "Node Type": "Sort",
                                                                                                "Parent Relationship": "Outer",
                                                                                                "Parallel Aware": false,
                                                                                                "Async Capable": false,
                                                                                                "Startup Cost": 555030.06,
                                                                                                "Total Cost": 555125.28,
                                                                                                "Plan Rows": 38088,
                                                                                                "Plan Width": 28,
                                                                                                "Output": [
                                                                                                  "catalog_sales.cs_item_sk",
                                                                                                  "catalog_sales.cs_ext_list_price",
                                                                                                  "catalog_returns.cr_refunded_cash",
                                                                                                  "catalog_returns.cr_reversed_charge",
                                                                                                  "catalog_returns.cr_store_credit"
                                                                                                ],
                                                                                                "Sort Key": [
                                                                                                  "catalog_sales.cs_item_sk"
                                                                                                ],
                                                                                                "Plans": [
                                                                                                  {
                                                                                                    "Node Type": "Hash Join",
                                                                                                    "Parent Relationship": "Outer",
                                                                                                    "Parallel Aware": true,
                                                                                                    "Async Capable": false,
                                                                                                    "Join Type": "Inner",
                                                                                                    "Startup Cost": 71615.5,
                                                                                                    "Total Cost": 552132.12,
                                                                                                    "Plan Rows": 38088,
                                                                                                    "Plan Width": 28,
                                                                                                    "Output": [
                                                                                                      "catalog_sales.cs_item_sk",
                                                                                                      "catalog_sales.cs_ext_list_price",
                                                                                                      "catalog_returns.cr_refunded_cash",
                                                                                                      "catalog_returns.cr_reversed_charge",
                                                                                                      "catalog_returns.cr_store_credit"
                                                                                                    ],
                                                                                                    "Inner Unique": true,
                                                                                                    "Hash Cond": "((catalog_sales.cs_item_sk = catalog_returns.cr_item_sk) AND (catalog_sales.cs_order_number = catalog_returns.cr_order_number))",
                                                                                                    "Plans": [
                                                                                                      {
                                                                                                        "Node Type": "Seq Scan",
                                                                                                        "Parent Relationship": "Outer",
                                                                                                        "Parallel Aware": true,
                                                                                                        "Async Capable": false,
                                                                                                        "Relation Name": "catalog_sales",
                                                                                                        "Schema": "public",
                                                                                                        "Alias": "catalog_sales",
                                                                                                        "Startup Cost": 0.0,
                                                                                                        "Total Cost": 458922.47,
                                                                                                        "Plan Rows": 1028600,
                                                                                                        "Plan Width": 14,
                                                                                                        "Output": [
                                                                                                          "catalog_sales.cs_item_sk",
                                                                                                          "catalog_sales.cs_ext_list_price",
                                                                                                          "catalog_sales.cs_order_number"
                                                                                                        ],
                                                                                                        "Filter": "((catalog_sales.cs_wholesale_cost >= '35'::numeric) AND (catalog_sales.cs_wholesale_cost <= '55'::numeric))"
                                                                                                      },
                                                                                                      {
                                                                                                        "Node Type": "Hash",
                                                                                                        "Parent Relationship": "Inner",
                                                                                                        "Parallel Aware": true,
                                                                                                        "Async Capable": false,
                                                                                                        "Startup Cost": 51978.6,
                                                                                                        "Total Cost": 51978.6,
                                                                                                        "Plan Rows": 899260,
                                                                                                        "Plan Width": 26,
                                                                                                        "Output": [
                                                                                                          "catalog_returns.cr_refunded_cash",
                                                                                                          "catalog_returns.cr_reversed_charge",
                                                                                                          "catalog_returns.cr_store_credit",
                                                                                                          "catalog_returns.cr_item_sk",
                                                                                                          "catalog_returns.cr_order_number"
                                                                                                        ],
                                                                                                        "Plans": [
                                                                                                          {
                                                                                                            "Node Type": "Seq Scan",
                                                                                                            "Parent Relationship": "Outer",
                                                                                                            "Parallel Aware": true,
                                                                                                            "Async Capable": false,
                                                                                                            "Relation Name": "catalog_returns",
                                                                                                            "Schema": "public",
                                                                                                            "Alias": "catalog_returns",
                                                                                                            "Startup Cost": 0.0,
                                                                                                            "Total Cost": 51978.6,
                                                                                                            "Plan Rows": 899260,
                                                                                                            "Plan Width": 26,
                                                                                                            "Output": [
                                                                                                              "catalog_returns.cr_refunded_cash",
                                                                                                              "catalog_returns.cr_reversed_charge",
                                                                                                              "catalog_returns.cr_store_credit",
                                                                                                              "catalog_returns.cr_item_sk",
                                                                                                              "catalog_returns.cr_order_number"
                                                                                                            ]
                                                                                                          }
                                                                                                        ]
                                                                                                      }
                                                                                                    ]
                                                                                                  }
                                                                                                ]
                                                                                              }
                                                                                            ]
                                                                                          }
                                                                                        ]
                                                                                      }
                                                                                    ]
                                                                                  }
                                                                                ]
                                                                              },
                                                                              {
                                                                                "Node Type": "Index Scan",
                                                                                "Parent Relationship": "Inner",
                                                                                "Parallel Aware": false,
                                                                                "Async Capable": false,
                                                                                "Scan Direction": "Forward",
                                                                                "Index Name": "_dta_index_store_sales_6_1333579789__k10_k3",
                                                                                "Relation Name": "store_sales",
                                                                                "Schema": "public",
                                                                                "Alias": "store_sales",
                                                                                "Startup Cost": 0.44,
                                                                                "Total Cost": 3.26,
                                                                                "Plan Rows": 1,
                                                                                "Plan Width": 51,
                                                                                "Output": [
                                                                                  "store_sales.ss_sold_date_sk",
                                                                                  "store_sales.ss_sold_time_sk",
                                                                                  "store_sales.ss_item_sk",
                                                                                  "store_sales.ss_customer_sk",
                                                                                  "store_sales.ss_cdemo_sk",
                                                                                  "store_sales.ss_hdemo_sk",
                                                                                  "store_sales.ss_addr_sk",
                                                                                  "store_sales.ss_store_sk",
                                                                                  "store_sales.ss_promo_sk",
                                                                                  "store_sales.ss_ticket_number",
                                                                                  "store_sales.ss_quantity",
                                                                                  "store_sales.ss_wholesale_cost",
                                                                                  "store_sales.ss_list_price",
                                                                                  "store_sales.ss_sales_price",
                                                                                  "store_sales.ss_ext_discount_amt",
                                                                                  "store_sales.ss_ext_sales_price",
                                                                                  "store_sales.ss_ext_wholesale_cost",
                                                                                  "store_sales.ss_ext_list_price",
                                                                                  "store_sales.ss_ext_tax",
                                                                                  "store_sales.ss_coupon_amt",
                                                                                  "store_sales.ss_net_paid",
                                                                                  "store_sales.ss_net_paid_inc_tax",
                                                                                  "store_sales.ss_net_profit"
                                                                                ],
                                                                                "Index Cond": "((store_sales.ss_ticket_number = store_returns.sr_ticket_number) AND (store_sales.ss_item_sk = store_returns.sr_item_sk))",
                                                                                "Filter": "((store_sales.ss_wholesale_cost >= '35'::numeric) AND (store_sales.ss_wholesale_cost <= '55'::numeric))"
                                                                              }
                                                                            ]
                                                                          },
                                                                          {
                                                                            "Node Type": "Index Scan",
                                                                            "Parent Relationship": "Inner",
                                                                            "Parallel Aware": false,
                                                                            "Async Capable": false,
                                                                            "Scan Direction": "Forward",
                                                                            "Index Name": "customer_demographics_pkey",
                                                                            "Relation Name": "customer_demographics",
                                                                            "Schema": "public",
                                                                            "Alias": "cd1",
                                                                            "Startup Cost": 0.43,
                                                                            "Total Cost": 2.6,
                                                                            "Plan Rows": 1,
                                                                            "Plan Width": 6,
                                                                            "Output": [
                                                                              "cd1.cd_demo_sk",
                                                                              "cd1.cd_gender",
                                                                              "cd1.cd_marital_status",
                                                                              "cd1.cd_education_status",
                                                                              "cd1.cd_purchase_estimate",
                                                                              "cd1.cd_credit_rating",
                                                                              "cd1.cd_dep_count",
                                                                              "cd1.cd_dep_employed_count",
                                                                              "cd1.cd_dep_college_count"
                                                                            ],
                                                                            "Index Cond": "(cd1.cd_demo_sk = store_sales.ss_cdemo_sk)",
                                                                            "Filter": "((cd1.cd_marital_status = ANY ('{M,M,U}'::bpchar[])) AND (cd1.cd_education_status = ANY ('{Unknown,\"Advanced Degree\",College}'::bpchar[])))"
                                                                          }
                                                                        ]
                                                                      },
                                                                      {
                                                                        "Node Type": "Index Scan",
                                                                        "Parent Relationship": "Inner",
                                                                        "Parallel Aware": false,
                                                                        "Async Capable": false,
                                                                        "Scan Direction": "Forward",
                                                                        "Index Name": "household_demographics_pkey",
                                                                        "Relation Name": "household_demographics",
                                                                        "Schema": "public",
                                                                        "Alias": "hd1",
                                                                        "Startup Cost": 0.28,
                                                                        "Total Cost": 2.19,
                                                                        "Plan Rows": 1,
                                                                        "Plan Width": 8,
                                                                        "Output": [
                                                                          "hd1.hd_demo_sk",
                                                                          "hd1.hd_income_band_sk",
                                                                          "hd1.hd_buy_potential",
                                                                          "hd1.hd_dep_count",
                                                                          "hd1.hd_vehicle_count"
                                                                        ],
                                                                        "Index Cond": "(hd1.hd_demo_sk = store_sales.ss_hdemo_sk)"
                                                                      }
                                                                    ]
                                                                  },
                                                                  {
                                                                    "Node Type": "Index Only Scan",
                                                                    "Parent Relationship": "Inner",
                                                                    "Parallel Aware": false,
                                                                    "Async Capable": false,
                                                                    "Scan Direction": "Forward",
                                                                    "Index Name": "income_band_pkey",
                                                                    "Relation Name": "income_band",
                                                                    "Schema": "public",
                                                                    "Alias": "ib1",
                                                                    "Startup Cost": 0.14,
                                                                    "Total Cost": 0.16,
                                                                    "Plan Rows": 1,
                                                                    "Plan Width": 4,
                                                                    "Output": [
                                                                      "ib1.ib_income_band_sk"
                                                                    ],
                                                                    "Index Cond": "(ib1.ib_income_band_sk = hd1.hd_income_band_sk)"
                                                                  }
                                                                ]
                                                              },
                                                              {
                                                                "Node Type": "Index Scan",
                                                                "Parent Relationship": "Inner",
                                                                "Parallel Aware": false,
                                                                "Async Capable": false,
                                                                "Scan Direction": "Forward",
                                                                "Index Name": "_dta_index_customer_6_949578421__k1_k5",
                                                                "Relation Name": "customer",
                                                                "Schema": "public",
                                                                "Alias": "customer",
                                                                "Startup Cost": 0.42,
                                                                "Total Cost": 2.55,
                                                                "Plan Rows": 1,
                                                                "Plan Width": 24,
                                                                "Output": [
                                                                  "customer.c_customer_sk",
                                                                  "customer.c_customer_id",
                                                                  "customer.c_current_cdemo_sk",
                                                                  "customer.c_current_hdemo_sk",
                                                                  "customer.c_current_addr_sk",
                                                                  "customer.c_first_shipto_date_sk",
                                                                  "customer.c_first_sales_date_sk",
                                                                  "customer.c_salutation",
                                                                  "customer.c_first_name",
                                                                  "customer.c_last_name",
                                                                  "customer.c_preferred_cust_flag",
                                                                  "customer.c_birth_day",
                                                                  "customer.c_birth_month",
                                                                  "customer.c_birth_year",
                                                                  "customer.c_birth_country",
                                                                  "customer.c_login",
                                                                  "customer.c_email_address",
                                                                  "customer.c_last_review_date_sk"
                                                                ],
                                                                "Index Cond": "(customer.c_customer_sk = store_sales.ss_customer_sk)"
                                                              }
                                                            ]
                                                          },
                                                          {
                                                            "Node Type": "Index Scan",
                                                            "Parent Relationship": "Inner",
                                                            "Parallel Aware": false,
                                                            "Async Capable": false,
                                                            "Scan Direction": "Forward",
                                                            "Index Name": "customer_address_pkey",
                                                            "Relation Name": "customer_address",
                                                            "Schema": "public",
                                                            "Alias": "ad2",
                                                            "Startup Cost": 0.42,
                                                            "Total Cost": 2.56,
                                                            "Plan Rows": 1,
                                                            "Plan Width": 44,
                                                            "Output": [
                                                              "ad2.ca_address_sk",
                                                              "ad2.ca_address_id",
                                                              "ad2.ca_street_number",
                                                              "ad2.ca_street_name",
                                                              "ad2.ca_street_type",
                                                              "ad2.ca_suite_number",
                                                              "ad2.ca_city",
                                                              "ad2.ca_county",
                                                              "ad2.ca_state",
                                                              "ad2.ca_zip",
                                                              "ad2.ca_country",
                                                              "ad2.ca_gmt_offset",
                                                              "ad2.ca_location_type"
                                                            ],
                                                            "Index Cond": "(ad2.ca_address_sk = customer.c_current_addr_sk)",
                                                            "Filter": "(ad2.ca_state = ANY ('{IA,IL,TX}'::bpchar[]))"
                                                          }
                                                        ]
                                                      },
                                                      {
                                                        "Node Type": "Index Scan",
                                                        "Parent Relationship": "Inner",
                                                        "Parallel Aware": false,
                                                        "Async Capable": false,
                                                        "Scan Direction": "Forward",
                                                        "Index Name": "household_demographics_pkey",
                                                        "Relation Name": "household_demographics",
                                                        "Schema": "public",
                                                        "Alias": "hd2",
                                                        "Startup Cost": 0.28,
                                                        "Total Cost": 2.19,
                                                        "Plan Rows": 1,
                                                        "Plan Width": 8,
                                                        "Output": [
                                                          "hd2.hd_demo_sk",
                                                          "hd2.hd_income_band_sk",
                                                          "hd2.hd_buy_potential",
                                                          "hd2.hd_dep_count",
                                                          "hd2.hd_vehicle_count"
                                                        ],
                                                        "Index Cond": "(hd2.hd_demo_sk = customer.c_current_hdemo_sk)"
                                                      }
                                                    ]
                                                  },
                                                  {
                                                    "Node Type": "Index Only Scan",
                                                    "Parent Relationship": "Inner",
                                                    "Parallel Aware": false,
                                                    "Async Capable": false,
                                                    "Scan Direction": "Forward",
                                                    "Index Name": "_dta_index_date_dim_6_661577395__k1_k7_k9",
                                                    "Relation Name": "date_dim",
                                                    "Schema": "public",
                                                    "Alias": "d3",
                                                    "Startup Cost": 0.29,
                                                    "Total Cost": 1.36,
                                                    "Plan Rows": 1,
                                                    "Plan Width": 8,
                                                    "Output": [
                                                      "d3.d_date_sk",
                                                      "d3.d_year",
                                                      "d3.d_moy"
                                                    ],
                                                    "Index Cond": "(d3.d_date_sk = customer.c_first_shipto_date_sk)"
                                                  }
                                                ]
                                              },
                                              {
                                                "Node Type": "Index Scan",
                                                "Parent Relationship": "Inner",
                                                "Parallel Aware": false,
                                                "Async Capable": false,
                                                "Scan Direction": "Forward",
                                                "Index Name": "customer_address_pkey",
                                                "Relation Name": "customer_address",
                                                "Schema": "public",
                                                "Alias": "ad1",
                                                "Startup Cost": 0.42,
                                                "Total Cost": 2.54,
                                                "Plan Rows": 1,
                                                "Plan Width": 44,
                                                "Output": [
                                                  "ad1.ca_address_sk",
                                                  "ad1.ca_address_id",
                                                  "ad1.ca_street_number",
                                                  "ad1.ca_street_name",
                                                  "ad1.ca_street_type",
                                                  "ad1.ca_suite_number",
                                                  "ad1.ca_city",
                                                  "ad1.ca_county",
                                                  "ad1.ca_state",
                                                  "ad1.ca_zip",
                                                  "ad1.ca_country",
                                                  "ad1.ca_gmt_offset",
                                                  "ad1.ca_location_type"
                                                ],
                                                "Index Cond": "(ad1.ca_address_sk = store_sales.ss_addr_sk)"
                                              }
                                            ]
                                          },
                                          {
                                            "Node Type": "Index Only Scan",
                                            "Parent Relationship": "Inner",
                                            "Parallel Aware": false,
                                            "Async Capable": false,
                                            "Scan Direction": "Forward",
                                            "Index Name": "income_band_pkey",
                                            "Relation Name": "income_band",
                                            "Schema": "public",
                                            "Alias": "ib2",
                                            "Startup Cost": 0.14,
                                            "Total Cost": 0.16,
                                            "Plan Rows": 1,
                                            "Plan Width": 4,
                                            "Output": [
                                              "ib2.ib_income_band_sk"
                                            ],
                                            "Index Cond": "(ib2.ib_income_band_sk = hd2.hd_income_band_sk)"
                                          }
                                        ]
                                      },
                                      {
                                        "Node Type": "Index Scan",
                                        "Parent Relationship": "Inner",
                                        "Parallel Aware": false,
                                        "Async Capable": false,
                                        "Scan Direction": "Forward",
                                        "Index Name": "_dta_index_store_6_885578193__k1_2_6",
                                        "Relation Name": "store",
                                        "Schema": "public",
                                        "Alias": "store",
                                        "Startup Cost": 0.14,
                                        "Total Cost": 0.96,
                                        "Plan Rows": 1,
                                        "Plan Width": 19,
                                        "Output": [
                                          "store.s_store_sk",
                                          "store.s_store_id",
                                          "store.s_rec_start_date",
                                          "store.s_rec_end_date",
                                          "store.s_closed_date_sk",
                                          "store.s_store_name",
                                          "store.s_number_employees",
                                          "store.s_floor_space",
                                          "store.s_hours",
                                          "store.s_manager",
                                          "store.s_market_id",
                                          "store.s_geography_class",
                                          "store.s_market_desc",
                                          "store.s_market_manager",
                                          "store.s_division_id",
                                          "store.s_division_name",
                                          "store.s_company_id",
                                          "store.s_company_name",
                                          "store.s_street_number",
                                          "store.s_street_name",
                                          "store.s_street_type",
                                          "store.s_suite_number",
                                          "store.s_city",
                                          "store.s_county",
                                          "store.s_state",
                                          "store.s_zip",
                                          "store.s_country",
                                          "store.s_gmt_offset",
                                          "store.s_tax_precentage"
                                        ],
                                        "Index Cond": "(store.s_store_sk = store_sales.ss_store_sk)"
                                      }
                                    ]
                                  },
                                  {
                                    "Node Type": "Index Only Scan",
                                    "Parent Relationship": "Inner",
                                    "Parallel Aware": false,
                                    "Async Capable": false,
                                    "Scan Direction": "Forward",
                                    "Index Name": "_dta_index_date_dim_6_661577395__k1_k7_k9",
                                    "Relation Name": "date_dim",
                                    "Schema": "public",
                                    "Alias": "d2",
                                    "Startup Cost": 0.29,
                                    "Total Cost": 1.36,
                                    "Plan Rows": 1,
                                    "Plan Width": 8,
                                    "Output": [
                                      "d2.d_date_sk",
                                      "d2.d_year",
                                      "d2.d_moy"
                                    ],
                                    "Index Cond": "(d2.d_date_sk = customer.c_first_sales_date_sk)"
                                  }
                                ]
                              },
                              {
                                "Node Type": "Index Scan",
                                "Parent Relationship": "Inner",
                                "Parallel Aware": false,
                                "Async Capable": false,
                                "Scan Direction": "Forward",
                                "Index Name": "customer_demographics_pkey",
                                "Relation Name": "customer_demographics",
                                "Schema": "public",
                                "Alias": "cd2",
                                "Startup Cost": 0.43,
                                "Total Cost": 2.69,
                                "Plan Rows": 1,
                                "Plan Width": 6,
                                "Output": [
                                  "cd2.cd_demo_sk",
                                  "cd2.cd_gender",
                                  "cd2.cd_marital_status",
                                  "cd2.cd_education_status",
                                  "cd2.cd_purchase_estimate",
                                  "cd2.cd_credit_rating",
                                  "cd2.cd_dep_count",
                                  "cd2.cd_dep_employed_count",
                                  "cd2.cd_dep_college_count"
                                ],
                                "Index Cond": "(cd2.cd_demo_sk = customer.c_current_cdemo_sk)",
                                "Filter": "((cd2.cd_marital_status = ANY ('{M,M,U}'::bpchar[])) AND (cd2.cd_education_status = ANY ('{Unknown,\"Advanced Degree\",College}'::bpchar[])))"
                              }
                            ]
                          },
                          {
                            "Node Type": "Index Scan",
                            "Parent Relationship": "Inner",
                            "Parallel Aware": false,
                            "Async Capable": false,
                            "Scan Direction": "Forward",
                            "Index Name": "promotion_pkey",
                            "Relation Name": "promotion",
                            "Schema": "public",
                            "Alias": "promotion",
                            "Startup Cost": 0.27,
                            "Total Cost": 2.22,
                            "Plan Rows": 1,
                            "Plan Width": 4,
                            "Output": [
                              "promotion.p_promo_sk",
                              "promotion.p_promo_id",
                              "promotion.p_start_date_sk",
                              "promotion.p_end_date_sk",
                              "promotion.p_item_sk",
                              "promotion.p_cost",
                              "promotion.p_response_target",
                              "promotion.p_promo_name",
                              "promotion.p_channel_dmail",
                              "promotion.p_channel_email",
                              "promotion.p_channel_catalog",
                              "promotion.p_channel_tv",
                              "promotion.p_channel_radio",
                              "promotion.p_channel_press",
                              "promotion.p_channel_event",
                              "promotion.p_channel_demo",
                              "promotion.p_channel_details",
                              "promotion.p_purpose",
                              "promotion.p_discount_active"
                            ],
                            "Index Cond": "(promotion.p_promo_sk = store_sales.ss_promo_sk)",
                            "Filter": "((promotion.p_channel_email = 'N'::bpchar) AND (promotion.p_channel_radio = 'N'::bpchar) AND (promotion.p_channel_tv = 'Y'::bpchar))"
                          }
                        ]
                      },
                      {
                        "Node Type": "Index Only Scan",
                        "Parent Relationship": "Inner",
                        "Parallel Aware": false,
                        "Async Capable": false,
                        "Scan Direction": "Forward",
                        "Index Name": "_dta_index_date_dim_6_661577395__k1_k7_k9",
                        "Relation Name": "date_dim",
                        "Schema": "public",
                        "Alias": "d1",
                        "Startup Cost": 0.29,
                        "Total Cost": 1.36,
                        "Plan Rows": 1,
                        "Plan Width": 8,
                        "Output": [
                          "d1.d_date_sk",
                          "d1.d_year",
                          "d1.d_moy"
                        ],
                        "Index Cond": "(d1.d_date_sk = store_sales.ss_sold_date_sk)"
                      }
                    ]
                  }
                ]
              }
            ]
          },
          {
            "Node Type": "Nested Loop",
            "Parent Relationship": "Outer",
            "Parallel Aware": false,
            "Async Capable": false,
            "Join Type": "Inner",
            "Startup Cost": 0.0,
            "Total Cost": 0.07,
            "Plan Rows": 1,
            "Plan Width": 1310,
            "Output": [
              "cs1.product_name",
              "cs1.store_name",
              "cs1.store_zip",
              "cs1.b_street_number",
              "cs1.b_street_name",
              "cs1.b_city",
              "cs1.b_zip",
              "cs1.c_street_number",
              "cs1.c_street_name",
              "cs1.c_city",
              "cs1.c_zip",
              "cs1.syear",
              "cs1.cnt",
              "cs1.s1",
              "cs1.s2",
              "cs1.s3",
              "cs2.s1",
              "cs2.s2",
              "cs2.s3",
              "cs2.syear",
              "cs2.cnt"
            ],
            "Inner Unique": false,
            "Join Filter": "((cs2.cnt <= cs1.cnt) AND (cs1.item_sk = cs2.item_sk) AND ((cs1.store_name)::text = (cs2.store_name)::text) AND (cs1.store_zip = cs2.store_zip))",
            "Plans": [
              {
                "Node Type": "CTE Scan",
                "Parent Relationship": "Outer",
                "Parallel Aware": false,
                "Async Capable": false,
                "CTE Name": "cross_sales",
                "Alias": "cs1",
                "Startup Cost": 0.0,
                "Total Cost": 0.02,
                "Plan Rows": 1,
                "Plan Width": 1206,
                "Output": [
                  "cs1.product_name",
                  "cs1.item_sk",
                  "cs1.store_name",
                  "cs1.store_zip",
                  "cs1.b_street_number",
                  "cs1.b_street_name",
                  "cs1.b_city",
                  "cs1.b_zip",
                  "cs1.c_street_number",
                  "cs1.c_street_name",
                  "cs1.c_city",
                  "cs1.c_zip",
                  "cs1.syear",
                  "cs1.fsyear",
                  "cs1.s2year",
                  "cs1.cnt",
                  "cs1.s1",
                  "cs1.s2",
                  "cs1.s3"
                ],
                "Filter": "(cs1.syear = 1998)"
              },
              {
                "Node Type": "CTE Scan",
                "Parent Relationship": "Inner",
                "Parallel Aware": false,
                "Async Capable": false,
                "CTE Name": "cross_sales",
                "Alias": "cs2",
                "Startup Cost": 0.0,
                "Total Cost": 0.02,
                "Plan Rows": 1,
                "Plan Width": 274,
                "Output": [
                  "cs2.product_name",
                  "cs2.item_sk",
                  "cs2.store_name",
                  "cs2.store_zip",
                  "cs2.b_street_number",
                  "cs2.b_street_name",
                  "cs2.b_city",
                  "cs2.b_zip",
                  "cs2.c_street_number",
                  "cs2.c_street_name",
                  "cs2.c_city",
                  "cs2.c_zip",
                  "cs2.syear",
                  "cs2.fsyear",
                  "cs2.s2year",
                  "cs2.cnt",
                  "cs2.s1",
                  "cs2.s2",
                  "cs2.s3"
                ],
                "Filter": "(cs2.syear = 1999)"
              }
            ]
          }
        ]
      }
    }
  ],
  "original_sql": "with cs_ui as\n (select cs_item_sk\n        ,sum(cs_ext_list_price) as sale,sum(cr_refunded_cash+cr_reversed_charge+cr_store_credit) as refund\n  from catalog_sales\n      ,catalog_returns\n  where cs_item_sk = cr_item_sk\n    and cs_order_number = cr_order_number\n    and cs_wholesale_cost BETWEEN 35 AND 55\n   group by cs_item_sk\n  having sum(cs_ext_list_price)>2*sum(cr_refunded_cash+cr_reversed_charge+cr_store_credit)),\ncross_sales as\n (select i_product_name product_name\n     ,i_item_sk item_sk\n     ,s_store_name store_name\n     ,s_zip store_zip\n     ,ad1.ca_street_number b_street_number\n     ,ad1.ca_street_name b_street_name\n     ,ad1.ca_city b_city\n     ,ad1.ca_zip b_zip\n     ,ad2.ca_street_number c_street_number\n     ,ad2.ca_street_name c_street_name\n     ,ad2.ca_city c_city\n     ,ad2.ca_zip c_zip\n     ,d1.d_year as syear\n     ,d2.d_year as fsyear\n     ,d3.d_year s2year\n     ,count(*) cnt\n     ,sum(ss_wholesale_cost) s1\n     ,sum(ss_list_price) s2\n     ,sum(ss_coupon_amt) s3\n  FROM   store_sales\n        ,store_returns\n        ,cs_ui\n        ,date_dim d1\n        ,date_dim d2\n        ,date_dim d3\n        ,store\n        ,customer\n        ,customer_demographics cd1\n        ,customer_demographics cd2\n        ,promotion\n        ,household_demographics hd1\n        ,household_demographics hd2\n        ,customer_address ad1\n        ,customer_address ad2\n        ,income_band ib1\n        ,income_band ib2\n        ,item\n  WHERE  ss_store_sk = s_store_sk AND\n         ss_sold_date_sk = d1.d_date_sk AND\n         ss_customer_sk = c_customer_sk AND\n         ss_cdemo_sk= cd1.cd_demo_sk AND\n         ss_hdemo_sk = hd1.hd_demo_sk AND\n         ss_addr_sk = ad1.ca_address_sk and\n         ss_item_sk = i_item_sk and\n         ss_item_sk = sr_item_sk and\n         ss_ticket_number = sr_ticket_number and\n         ss_item_sk = cs_ui.cs_item_sk and\n         c_current_cdemo_sk = cd2.cd_demo_sk AND\n         c_current_hdemo_sk = hd2.hd_demo_sk AND\n         c_current_addr_sk = ad2.ca_address_sk and\n         c_first_sales_date_sk = d2.d_date_sk and\n         c_first_shipto_date_sk = d3.d_date_sk and\n         ss_promo_sk = p_promo_sk and\n         hd1.hd_income_band_sk = ib1.ib_income_band_sk and\n         hd2.hd_income_band_sk = ib2.ib_income_band_sk and\n         cd1.cd_marital_status <> cd2.cd_marital_status and\n         i_current_price between 26 and 26 + 10\n         and p_channel_email = 'N'\n         and p_channel_tv = 'Y'\n         and p_channel_radio = 'N'\n         and ad2.ca_state in ('IA','IL','TX')\n         and ss_wholesale_cost BETWEEN 35 AND 55\n         and cd1.cd_marital_status in ('M', 'M', 'U')\n         and cd1.cd_education_status in ('Unknown', 'Advanced Degree', 'College')\n         and cd2.cd_marital_status in ('M', 'M', 'U')\n         and cd2.cd_education_status in ('Unknown', 'Advanced Degree', 'College')\ngroup by i_product_name\n       ,i_item_sk\n       ,s_store_name\n       ,s_zip\n       ,ad1.ca_street_number\n       ,ad1.ca_street_name\n       ,ad1.ca_city\n       ,ad1.ca_zip\n       ,ad2.ca_street_number\n       ,ad2.ca_street_name\n       ,ad2.ca_city\n       ,ad2.ca_zip\n       ,d1.d_year\n       ,d2.d_year\n       ,d3.d_year\n)\nselect cs1.product_name\n     ,cs1.store_name\n     ,cs1.store_zip\n     ,cs1.b_street_number\n     ,cs1.b_street_name\n     ,cs1.b_city\n     ,cs1.b_zip\n     ,cs1.c_street_number\n     ,cs1.c_street_name\n     ,cs1.c_city\n     ,cs1.c_zip\n     ,cs1.syear\n     ,cs1.cnt\n     ,cs1.s1 as s11\n     ,cs1.s2 as s21\n     ,cs1.s3 as s31\n     ,cs2.s1 as s12\n     ,cs2.s2 as s22\n     ,cs2.s3 as s32\n     ,cs2.syear\n     ,cs2.cnt\nfrom cross_sales cs1,cross_sales cs2\nwhere cs1.item_sk=cs2.item_sk and\n     cs1.syear = 1998 and\n     cs2.syear = 1998 + 1 and\n     cs2.cnt <= cs1.cnt and\n     cs1.store_name = cs2.store_name and\n     cs1.store_zip = cs2.store_zip\norder by cs1.product_name\n       ,cs1.store_name\n       ,cs2.cnt\n       ,cs1.s1\n       ,cs2.s1"
}