{
  "query_id": "query019_spj_spj_s1",
  "engine": "postgresql",
  "benchmark": "dsb_156",
  "scale_factor": 10,
  "execution_time_ms": null,
  "planning_time_ms": 1.9739819999813335,
  "plan_json": [
    {
      "Plan": {
        "Node Type": "Aggregate",
        "Strategy": "Plain",
        "Partial Mode": "Simple",
        "Parallel Aware": false,
        "Async Capable": false,
        "Startup Cost": 17211.96,
        "Total Cost": 17211.97,
        "Plan Rows": 1,
        "Plan Width": 40,
        "Output": [
          "min(item.i_brand_id)",
          "min(item.i_manufact_id)",
          "min(store_sales.ss_ext_sales_price)"
        ],
        "Plans": [
          {
            "Node Type": "Gather",
            "Parent Relationship": "Outer",
            "Parallel Aware": false,
            "Async Capable": false,
            "Startup Cost": 1009.28,
            "Total Cost": 17211.95,
            "Plan Rows": 1,
            "Plan Width": 14,
            "Output": [
              "item.i_brand_id",
              "item.i_manufact_id",
              "store_sales.ss_ext_sales_price"
            ],
            "Workers Planned": 2,
            "Single Copy": false,
            "Plans": [
              {
                "Node Type": "Nested Loop",
                "Parent Relationship": "Outer",
                "Parallel Aware": false,
                "Async Capable": false,
                "Join Type": "Inner",
                "Startup Cost": 9.29,
                "Total Cost": 16211.85,
                "Plan Rows": 1,
                "Plan Width": 14,
                "Output": [
                  "item.i_brand_id",
                  "item.i_manufact_id",
                  "store_sales.ss_ext_sales_price"
                ],
                "Inner Unique": true,
                "Join Filter": "(\"substring\"((customer_address.ca_zip)::text, 1, 5) <> \"substring\"((store.s_zip)::text, 1, 5))",
                "Plans": [
                  {
                    "Node Type": "Nested Loop",
                    "Parent Relationship": "Outer",
                    "Parallel Aware": false,
                    "Async Capable": false,
                    "Join Type": "Inner",
                    "Startup Cost": 8.87,
                    "Total Cost": 16206.11,
                    "Plan Rows": 5,
                    "Plan Width": 29,
                    "Output": [
                      "store_sales.ss_ext_sales_price",
                      "item.i_brand_id",
                      "item.i_manufact_id",
                      "customer.c_current_addr_sk",
                      "store.s_zip"
                    ],
                    "Inner Unique": true,
                    "Plans": [
                      {
                        "Node Type": "Nested Loop",
                        "Parent Relationship": "Outer",
                        "Parallel Aware": false,
                        "Async Capable": false,
                        "Join Type": "Inner",
                        "Startup Cost": 8.44,
                        "Total Cost": 16171.24,
                        "Plan Rows": 50,
                        "Plan Width": 29,
                        "Output": [
                          "store_sales.ss_ext_sales_price",
                          "store_sales.ss_customer_sk",
                          "item.i_brand_id",
                          "item.i_manufact_id",
                          "store.s_zip"
                        ],
                        "Inner Unique": true,
                        "Plans": [
                          {
                            "Node Type": "Hash Join",
                            "Parent Relationship": "Outer",
                            "Parallel Aware": false,
                            "Async Capable": false,
                            "Join Type": "Inner",
                            "Startup Cost": 8.15,
                            "Total Cost": 15558.95,
                            "Plan Rows": 1120,
                            "Plan Width": 25,
                            "Output": [
                              "store_sales.ss_ext_sales_price",
                              "store_sales.ss_item_sk",
                              "store_sales.ss_customer_sk",
                              "store.s_zip"
                            ],
                            "Inner Unique": true,
                            "Hash Cond": "(store_sales.ss_store_sk = store.s_store_sk)",
                            "Plans": [
                              {
                                "Node Type": "Nested Loop",
                                "Parent Relationship": "Outer",
                                "Parallel Aware": false,
                                "Async Capable": false,
                                "Join Type": "Inner",
                                "Startup Cost": 0.85,
                                "Total Cost": 15548.45,
                                "Plan Rows": 1175,
                                "Plan Width": 18,
                                "Output": [
                                  "store_sales.ss_ext_sales_price",
                                  "store_sales.ss_item_sk",
                                  "store_sales.ss_customer_sk",
                                  "store_sales.ss_store_sk"
                                ],
                                "Inner Unique": false,
                                "Plans": [
                                  {
                                    "Node Type": "Index Only Scan",
                                    "Parent Relationship": "Outer",
                                    "Parallel Aware": true,
                                    "Async Capable": false,
                                    "Scan Direction": "Forward",
                                    "Index Name": "_dta_index_date_dim_6_661577395__k1_k7_k9",
                                    "Relation Name": "date_dim",
                                    "Schema": "public",
                                    "Alias": "date_dim",
                                    "Startup Cost": 0.29,
                                    "Total Cost": 1858.91,
                                    "Plan Rows": 13,
                                    "Plan Width": 4,
                                    "Output": [
                                      "date_dim.d_date_sk",
                                      "date_dim.d_year",
                                      "date_dim.d_moy"
                                    ],
                                    "Index Cond": "((date_dim.d_year = 2002) AND (date_dim.d_moy = 4))"
                                  },
                                  {
                                    "Node Type": "Index Only Scan",
                                    "Parent Relationship": "Inner",
                                    "Parallel Aware": false,
                                    "Async Capable": false,
                                    "Scan Direction": "Forward",
                                    "Index Name": "_dta_index_store_sales_6_1333579789__k1_k23_k14_k6_k8_k5_k7_3_4",
                                    "Relation Name": "store_sales",
                                    "Schema": "public",
                                    "Alias": "store_sales",
                                    "Startup Cost": 0.56,
                                    "Total Cost": 1020.63,
                                    "Plan Rows": 3241,
                                    "Plan Width": 22,
                                    "Output": [
                                      "store_sales.ss_sold_date_sk",
                                      "store_sales.ss_net_profit",
                                      "store_sales.ss_sales_price",
                                      "store_sales.ss_hdemo_sk",
                                      "store_sales.ss_store_sk",
                                      "store_sales.ss_cdemo_sk",
                                      "store_sales.ss_addr_sk",
                                      "store_sales.ss_item_sk",
                                      "store_sales.ss_customer_sk",
                                      "store_sales.ss_promo_sk",
                                      "store_sales.ss_ticket_number",
                                      "store_sales.ss_quantity",
                                      "store_sales.ss_wholesale_cost",
                                      "store_sales.ss_list_price",
                                      "store_sales.ss_ext_sales_price",
                                      "store_sales.ss_ext_wholesale_cost",
                                      "store_sales.ss_coupon_amt"
                                    ],
                                    "Index Cond": "(store_sales.ss_sold_date_sk = date_dim.d_date_sk)",
                                    "Filter": "((store_sales.ss_wholesale_cost >= '35'::numeric) AND (store_sales.ss_wholesale_cost <= '55'::numeric))"
                                  }
                                ]
                              },
                              {
                                "Node Type": "Hash",
                                "Parent Relationship": "Inner",
                                "Parallel Aware": false,
                                "Async Capable": false,
                                "Startup Cost": 6.02,
                                "Total Cost": 6.02,
                                "Plan Rows": 102,
                                "Plan Width": 15,
                                "Output": [
                                  "store.s_store_sk",
                                  "store.s_zip"
                                ],
                                "Plans": [
                                  {
                                    "Node Type": "Seq Scan",
                                    "Parent Relationship": "Outer",
                                    "Parallel Aware": false,
                                    "Async Capable": false,
                                    "Relation Name": "store",
                                    "Schema": "public",
                                    "Alias": "store",
                                    "Startup Cost": 0.0,
                                    "Total Cost": 6.02,
                                    "Plan Rows": 102,
                                    "Plan Width": 15,
                                    "Output": [
                                      "store.s_store_sk",
                                      "store.s_zip"
                                    ]
                                  }
                                ]
                              }
                            ]
                          },
                          {
                            "Node Type": "Index Scan",
                            "Parent Relationship": "Inner",
                            "Parallel Aware": false,
                            "Async Capable": false,
                            "Scan Direction": "Forward",
                            "Index Name": "item_pkey",
                            "Relation Name": "item",
                            "Schema": "public",
                            "Alias": "item",
                            "Startup Cost": 0.29,
                            "Total Cost": 0.55,
                            "Plan Rows": 1,
                            "Plan Width": 12,
                            "Output": [
                              "item.i_item_sk",
                              "item.i_item_id",
                              "item.i_rec_start_date",
                              "item.i_rec_end_date",
                              "item.i_item_desc",
                              "item.i_current_price",
                              "item.i_wholesale_cost",
                              "item.i_brand_id",
                              "item.i_brand",
                              "item.i_class_id",
                              "item.i_class",
                              "item.i_category_id",
                              "item.i_category",
                              "item.i_manufact_id",
                              "item.i_manufact",
                              "item.i_size",
                              "item.i_formulation",
                              "item.i_color",
                              "item.i_units",
                              "item.i_container",
                              "item.i_manager_id",
                              "item.i_product_name"
                            ],
                            "Index Cond": "(item.i_item_sk = store_sales.ss_item_sk)",
                            "Filter": "(item.i_category = 'Jewelry'::bpchar)"
                          }
                        ]
                      },
                      {
                        "Node Type": "Index Scan",
                        "Parent Relationship": "Inner",
                        "Parallel Aware": false,
                        "Async Capable": false,
                        "Scan Direction": "Forward",
                        "Index Name": "_dta_index_customer_6_949578421__k1_k5",
                        "Relation Name": "customer",
                        "Schema": "public",
                        "Alias": "customer",
                        "Startup Cost": 0.42,
                        "Total Cost": 0.7,
                        "Plan Rows": 1,
                        "Plan Width": 8,
                        "Output": [
                          "customer.c_customer_sk",
                          "customer.c_customer_id",
                          "customer.c_current_cdemo_sk",
                          "customer.c_current_hdemo_sk",
                          "customer.c_current_addr_sk",
                          "customer.c_first_shipto_date_sk",
                          "customer.c_first_sales_date_sk",
                          "customer.c_salutation",
                          "customer.c_first_name",
                          "customer.c_last_name",
                          "customer.c_preferred_cust_flag",
                          "customer.c_birth_day",
                          "customer.c_birth_month",
                          "customer.c_birth_year",
                          "customer.c_birth_country",
                          "customer.c_login",
                          "customer.c_email_address",
                          "customer.c_last_review_date_sk"
                        ],
                        "Index Cond": "(customer.c_customer_sk = store_sales.ss_customer_sk)",
                        "Filter": "(customer.c_birth_month = 1)"
                      }
                    ]
                  },
                  {
                    "Node Type": "Index Scan",
                    "Parent Relationship": "Inner",
                    "Parallel Aware": false,
                    "Async Capable": false,
                    "Scan Direction": "Forward",
                    "Index Name": "customer_address_pkey",
                    "Relation Name": "customer_address",
                    "Schema": "public",
                    "Alias": "customer_address",
                    "Startup Cost": 0.42,
                    "Total Cost": 1.13,
                    "Plan Rows": 1,
                    "Plan Width": 15,
                    "Output": [
                      "customer_address.ca_address_sk",
                      "customer_address.ca_address_id",
                      "customer_address.ca_street_number",
                      "customer_address.ca_street_name",
                      "customer_address.ca_street_type",
                      "customer_address.ca_suite_number",
                      "customer_address.ca_city",
                      "customer_address.ca_county",
                      "customer_address.ca_state",
                      "customer_address.ca_zip",
                      "customer_address.ca_country",
                      "customer_address.ca_gmt_offset",
                      "customer_address.ca_location_type"
                    ],
                    "Index Cond": "(customer_address.ca_address_sk = customer.c_current_addr_sk)",
                    "Filter": "(customer_address.ca_state = 'IL'::bpchar)"
                  }
                ]
              }
            ]
          }
        ]
      }
    }
  ],
  "original_sql": "select min(i_brand_id), min(i_manufact_id),\n \tmin(ss_ext_sales_price)\n from date_dim, store_sales, item,customer,customer_address,store\n where d_date_sk = ss_sold_date_sk\n   and ss_item_sk = i_item_sk\n   and ss_customer_sk = c_customer_sk\n   and c_current_addr_sk = ca_address_sk\n   and ss_store_sk = s_store_sk\n   AND i_category  = 'Jewelry'\n   and d_year=2002\n   and d_moy = 4\n   and substring(ca_zip,1,5) <> substring(s_zip,1,5)\n   and ca_state  = 'IL'\n   and c_birth_month = 1\n   and ss_wholesale_cost BETWEEN 35 AND 55"
}