{
  "query_id": "query069_multi_s1",
  "engine": "postgresql",
  "benchmark": "dsb_156",
  "scale_factor": 10,
  "execution_time_ms": null,
  "planning_time_ms": 2.7308089993312024,
  "plan_json": [
    {
      "Plan": {
        "Node Type": "Limit",
        "Parallel Aware": false,
        "Async Capable": false,
        "Startup Cost": 71441.14,
        "Total Cost": 123416.5,
        "Plan Rows": 100,
        "Plan Width": 64,
        "Output": [
          "customer_demographics.cd_gender",
          "customer_demographics.cd_marital_status",
          "customer_demographics.cd_education_status",
          "(count(*))",
          "customer_demographics.cd_purchase_estimate",
          "(count(*))",
          "customer_demographics.cd_credit_rating",
          "(count(*))"
        ],
        "Plans": [
          {
            "Node Type": "Aggregate",
            "Strategy": "Sorted",
            "Partial Mode": "Simple",
            "Parent Relationship": "Outer",
            "Parallel Aware": false,
            "Async Capable": false,
            "Startup Cost": 71441.14,
            "Total Cost": 211774.6,
            "Plan Rows": 270,
            "Plan Width": 64,
            "Output": [
              "customer_demographics.cd_gender",
              "customer_demographics.cd_marital_status",
              "customer_demographics.cd_education_status",
              "count(*)",
              "customer_demographics.cd_purchase_estimate",
              "count(*)",
              "customer_demographics.cd_credit_rating",
              "count(*)"
            ],
            "Group Key": [
              "customer_demographics.cd_gender",
              "customer_demographics.cd_marital_status",
              "customer_demographics.cd_education_status",
              "customer_demographics.cd_purchase_estimate",
              "customer_demographics.cd_credit_rating"
            ],
            "Plans": [
              {
                "Node Type": "Nested Loop",
                "Parent Relationship": "Outer",
                "Parallel Aware": false,
                "Async Capable": false,
                "Join Type": "Anti",
                "Startup Cost": 71441.14,
                "Total Cost": 211767.85,
                "Plan Rows": 270,
                "Plan Width": 40,
                "Output": [
                  "customer_demographics.cd_gender",
                  "customer_demographics.cd_marital_status",
                  "customer_demographics.cd_education_status",
                  "customer_demographics.cd_purchase_estimate",
                  "customer_demographics.cd_credit_rating"
                ],
                "Inner Unique": false,
                "Join Filter": "(c.c_customer_sk = catalog_sales.cs_ship_customer_sk)",
                "Plans": [
                  {
                    "Node Type": "Nested Loop",
                    "Parent Relationship": "Outer",
                    "Parallel Aware": false,
                    "Async Capable": false,
                    "Join Type": "Anti",
                    "Startup Cost": 71440.41,
                    "Total Cost": 104837.04,
                    "Plan Rows": 273,
                    "Plan Width": 44,
                    "Output": [
                      "c.c_customer_sk",
                      "customer_demographics.cd_gender",
                      "customer_demographics.cd_marital_status",
                      "customer_demographics.cd_education_status",
                      "customer_demographics.cd_purchase_estimate",
                      "customer_demographics.cd_credit_rating"
                    ],
                    "Inner Unique": false,
                    "Join Filter": "(c.c_customer_sk = web_sales.ws_bill_customer_sk)",
                    "Plans": [
                      {
                        "Node Type": "Gather Merge",
                        "Parent Relationship": "Outer",
                        "Parallel Aware": false,
                        "Async Capable": false,
                        "Startup Cost": 70439.69,
                        "Total Cost": 70471.72,
                        "Plan Rows": 275,
                        "Plan Width": 44,
                        "Output": [
                          "c.c_customer_sk",
                          "customer_demographics.cd_gender",
                          "customer_demographics.cd_marital_status",
                          "customer_demographics.cd_education_status",
                          "customer_demographics.cd_purchase_estimate",
                          "customer_demographics.cd_credit_rating"
                        ],
                        "Workers Planned": 2,
                        "Plans": [
                          {
                            "Node Type": "Sort",
                            "Parent Relationship": "Outer",
                            "Parallel Aware": false,
                            "Async Capable": false,
                            "Startup Cost": 69439.66,
                            "Total Cost": 69439.95,
                            "Plan Rows": 115,
                            "Plan Width": 44,
                            "Output": [
                              "c.c_customer_sk",
                              "customer_demographics.cd_gender",
                              "customer_demographics.cd_marital_status",
                              "customer_demographics.cd_education_status",
                              "customer_demographics.cd_purchase_estimate",
                              "customer_demographics.cd_credit_rating"
                            ],
                            "Sort Key": [
                              "customer_demographics.cd_gender",
                              "customer_demographics.cd_marital_status",
                              "customer_demographics.cd_education_status",
                              "customer_demographics.cd_purchase_estimate",
                              "customer_demographics.cd_credit_rating"
                            ],
                            "Plans": [
                              {
                                "Node Type": "Nested Loop",
                                "Parent Relationship": "Outer",
                                "Parallel Aware": false,
                                "Async Capable": false,
                                "Join Type": "Inner",
                                "Startup Cost": 49564.03,
                                "Total Cost": 69435.73,
                                "Plan Rows": 115,
                                "Plan Width": 44,
                                "Output": [
                                  "c.c_customer_sk",
                                  "customer_demographics.cd_gender",
                                  "customer_demographics.cd_marital_status",
                                  "customer_demographics.cd_education_status",
                                  "customer_demographics.cd_purchase_estimate",
                                  "customer_demographics.cd_credit_rating"
                                ],
                                "Inner Unique": true,
                                "Plans": [
                                  {
                                    "Node Type": "Hash Join",
                                    "Parent Relationship": "Outer",
                                    "Parallel Aware": true,
                                    "Async Capable": false,
                                    "Join Type": "Semi",
                                    "Startup Cost": 49563.6,
                                    "Total Cost": 66116.41,
                                    "Plan Rows": 702,
                                    "Plan Width": 8,
                                    "Output": [
                                      "c.c_current_cdemo_sk",
                                      "c.c_customer_sk"
                                    ],
                                    "Inner Unique": false,
                                    "Hash Cond": "(c.c_customer_sk = store_sales.ss_customer_sk)",
                                    "Plans": [
                                      {
                                        "Node Type": "Hash Join",
                                        "Parent Relationship": "Outer",
                                        "Parallel Aware": true,
                                        "Async Capable": false,
                                        "Join Type": "Inner",
                                        "Startup Cost": 7019.69,
                                        "Total Cost": 23476.91,
                                        "Plan Rows": 27423,
                                        "Plan Width": 8,
                                        "Output": [
                                          "c.c_current_cdemo_sk",
                                          "c.c_customer_sk"
                                        ],
                                        "Inner Unique": true,
                                        "Hash Cond": "(c.c_current_addr_sk = ca.ca_address_sk)",
                                        "Plans": [
                                          {
                                            "Node Type": "Seq Scan",
                                            "Parent Relationship": "Outer",
                                            "Parallel Aware": true,
                                            "Async Capable": false,
                                            "Relation Name": "customer",
                                            "Schema": "public",
                                            "Alias": "c",
                                            "Startup Cost": 0.0,
                                            "Total Cost": 15910.33,
                                            "Plan Rows": 208333,
                                            "Plan Width": 12,
                                            "Output": [
                                              "c.c_customer_sk",
                                              "c.c_customer_id",
                                              "c.c_current_cdemo_sk",
                                              "c.c_current_hdemo_sk",
                                              "c.c_current_addr_sk",
                                              "c.c_first_shipto_date_sk",
                                              "c.c_first_sales_date_sk",
                                              "c.c_salutation",
                                              "c.c_first_name",
                                              "c.c_last_name",
                                              "c.c_preferred_cust_flag",
                                              "c.c_birth_day",
                                              "c.c_birth_month",
                                              "c.c_birth_year",
                                              "c.c_birth_country",
                                              "c.c_login",
                                              "c.c_email_address",
                                              "c.c_last_review_date_sk"
                                            ]
                                          },
                                          {
                                            "Node Type": "Hash",
                                            "Parent Relationship": "Inner",
                                            "Parallel Aware": true,
                                            "Async Capable": false,
                                            "Startup Cost": 6848.29,
                                            "Total Cost": 6848.29,
                                            "Plan Rows": 13712,
                                            "Plan Width": 4,
                                            "Output": [
                                              "ca.ca_address_sk"
                                            ],
                                            "Plans": [
                                              {
                                                "Node Type": "Seq Scan",
                                                "Parent Relationship": "Outer",
                                                "Parallel Aware": true,
                                                "Async Capable": false,
                                                "Relation Name": "customer_address",
                                                "Schema": "public",
                                                "Alias": "ca",
                                                "Startup Cost": 0.0,
                                                "Total Cost": 6848.29,
                                                "Plan Rows": 13712,
                                                "Plan Width": 4,
                                                "Output": [
                                                  "ca.ca_address_sk"
                                                ],
                                                "Filter": "(ca.ca_state = ANY ('{CO,NC,TX}'::bpchar[]))"
                                              }
                                            ]
                                          }
                                        ]
                                      },
                                      {
                                        "Node Type": "Hash",
                                        "Parent Relationship": "Inner",
                                        "Parallel Aware": true,
                                        "Async Capable": false,
                                        "Startup Cost": 42474.09,
                                        "Total Cost": 42474.09,
                                        "Plan Rows": 5586,
                                        "Plan Width": 4,
                                        "Output": [
                                          "store_sales.ss_customer_sk"
                                        ],
                                        "Plans": [
                                          {
                                            "Node Type": "Nested Loop",
                                            "Parent Relationship": "Outer",
                                            "Parallel Aware": false,
                                            "Async Capable": false,
                                            "Join Type": "Inner",
                                            "Startup Cost": 0.85,
                                            "Total Cost": 42474.09,
                                            "Plan Rows": 5586,
                                            "Plan Width": 4,
                                            "Output": [
                                              "store_sales.ss_customer_sk"
                                            ],
                                            "Inner Unique": false,
                                            "Plans": [
                                              {
                                                "Node Type": "Index Only Scan",
                                                "Parent Relationship": "Outer",
                                                "Parallel Aware": true,
                                                "Async Capable": false,
                                                "Scan Direction": "Forward",
                                                "Index Name": "_dta_index_date_dim_6_661577395__k1_k7_k9",
                                                "Relation Name": "date_dim",
                                                "Schema": "public",
                                                "Alias": "date_dim",
                                                "Startup Cost": 0.29,
                                                "Total Cost": 2041.78,
                                                "Plan Rows": 38,
                                                "Plan Width": 4,
                                                "Output": [
                                                  "date_dim.d_date_sk",
                                                  "date_dim.d_year",
                                                  "date_dim.d_moy"
                                                ],
                                                "Index Cond": "((date_dim.d_year = 2002) AND (date_dim.d_moy >= 10) AND (date_dim.d_moy <= 12))"
                                              },
                                              {
                                                "Node Type": "Index Only Scan",
                                                "Parent Relationship": "Inner",
                                                "Parallel Aware": false,
                                                "Async Capable": false,
                                                "Scan Direction": "Forward",
                                                "Index Name": "_dta_index_store_sales_6_1333579789__k1_k23_k14_k6_k8_k5_k7_3_4",
                                                "Relation Name": "store_sales",
                                                "Schema": "public",
                                                "Alias": "store_sales",
                                                "Startup Cost": 0.56,
                                                "Total Cost": 1010.95,
                                                "Plan Rows": 5306,
                                                "Plan Width": 8,
                                                "Output": [
                                                  "store_sales.ss_sold_date_sk",
                                                  "store_sales.ss_net_profit",
                                                  "store_sales.ss_sales_price",
                                                  "store_sales.ss_hdemo_sk",
                                                  "store_sales.ss_store_sk",
                                                  "store_sales.ss_cdemo_sk",
                                                  "store_sales.ss_addr_sk",
                                                  "store_sales.ss_item_sk",
                                                  "store_sales.ss_customer_sk",
                                                  "store_sales.ss_promo_sk",
                                                  "store_sales.ss_ticket_number",
                                                  "store_sales.ss_quantity",
                                                  "store_sales.ss_wholesale_cost",
                                                  "store_sales.ss_list_price",
                                                  "store_sales.ss_ext_sales_price",
                                                  "store_sales.ss_ext_wholesale_cost",
                                                  "store_sales.ss_coupon_amt"
                                                ],
                                                "Index Cond": "(store_sales.ss_sold_date_sk = date_dim.d_date_sk)",
                                                "Filter": "((store_sales.ss_list_price >= '80'::numeric) AND (store_sales.ss_list_price <= '169'::numeric))"
                                              }
                                            ]
                                          }
                                        ]
                                      }
                                    ]
                                  },
                                  {
                                    "Node Type": "Index Scan",
                                    "Parent Relationship": "Inner",
                                    "Parallel Aware": false,
                                    "Async Capable": false,
                                    "Scan Direction": "Forward",
                                    "Index Name": "customer_demographics_pkey",
                                    "Relation Name": "customer_demographics",
                                    "Schema": "public",
                                    "Alias": "customer_demographics",
                                    "Startup Cost": 0.43,
                                    "Total Cost": 4.73,
                                    "Plan Rows": 1,
                                    "Plan Width": 44,
                                    "Output": [
                                      "customer_demographics.cd_demo_sk",
                                      "customer_demographics.cd_gender",
                                      "customer_demographics.cd_marital_status",
                                      "customer_demographics.cd_education_status",
                                      "customer_demographics.cd_purchase_estimate",
                                      "customer_demographics.cd_credit_rating",
                                      "customer_demographics.cd_dep_count",
                                      "customer_demographics.cd_dep_employed_count",
                                      "customer_demographics.cd_dep_college_count"
                                    ],
                                    "Index Cond": "(customer_demographics.cd_demo_sk = c.c_current_cdemo_sk)",
                                    "Filter": "((customer_demographics.cd_education_status = ANY ('{Primary,College}'::bpchar[])) AND (customer_demographics.cd_marital_status = ANY ('{S,M,U}'::bpchar[])))"
                                  }
                                ]
                              }
                            ]
                          }
                        ]
                      },
                      {
                        "Node Type": "Materialize",
                        "Parent Relationship": "Inner",
                        "Parallel Aware": false,
                        "Async Capable": false,
                        "Startup Cost": 1000.73,
                        "Total Cost": 21894.76,
                        "Plan Rows": 3025,
                        "Plan Width": 4,
                        "Output": [
                          "web_sales.ws_bill_customer_sk"
                        ],
                        "Plans": [
                          {
                            "Node Type": "Gather",
                            "Parent Relationship": "Outer",
                            "Parallel Aware": false,
                            "Async Capable": false,
                            "Startup Cost": 1000.73,
                            "Total Cost": 21879.63,
                            "Plan Rows": 3025,
                            "Plan Width": 4,
                            "Output": [
                              "web_sales.ws_bill_customer_sk"
                            ],
                            "Workers Planned": 2,
                            "Single Copy": false,
                            "Plans": [
                              {
                                "Node Type": "Nested Loop",
                                "Parent Relationship": "Outer",
                                "Parallel Aware": false,
                                "Async Capable": false,
                                "Join Type": "Inner",
                                "Startup Cost": 0.72,
                                "Total Cost": 20577.13,
                                "Plan Rows": 1260,
                                "Plan Width": 4,
                                "Output": [
                                  "web_sales.ws_bill_customer_sk"
                                ],
                                "Inner Unique": false,
                                "Plans": [
                                  {
                                    "Node Type": "Index Only Scan",
                                    "Parent Relationship": "Outer",
                                    "Parallel Aware": true,
                                    "Async Capable": false,
                                    "Scan Direction": "Forward",
                                    "Index Name": "_dta_index_date_dim_6_661577395__k1_k7_k9",
                                    "Relation Name": "date_dim",
                                    "Schema": "public",
                                    "Alias": "date_dim_1",
                                    "Startup Cost": 0.29,
                                    "Total Cost": 2041.78,
                                    "Plan Rows": 38,
                                    "Plan Width": 4,
                                    "Output": [
                                      "date_dim_1.d_date_sk",
                                      "date_dim_1.d_year",
                                      "date_dim_1.d_moy"
                                    ],
                                    "Index Cond": "((date_dim_1.d_year = 2002) AND (date_dim_1.d_moy >= 10) AND (date_dim_1.d_moy <= 12))"
                                  },
                                  {
                                    "Node Type": "Index Scan",
                                    "Parent Relationship": "Inner",
                                    "Parallel Aware": false,
                                    "Async Capable": false,
                                    "Scan Direction": "Forward",
                                    "Index Name": "_dta_index_web_sales_6_1269579561__k1_8_24",
                                    "Relation Name": "web_sales",
                                    "Schema": "public",
                                    "Alias": "web_sales",
                                    "Startup Cost": 0.43,
                                    "Total Cost": 476.2,
                                    "Plan Rows": 1157,
                                    "Plan Width": 8,
                                    "Output": [
                                      "web_sales.ws_sold_date_sk",
                                      "web_sales.ws_sold_time_sk",
                                      "web_sales.ws_ship_date_sk",
                                      "web_sales.ws_item_sk",
                                      "web_sales.ws_bill_customer_sk",
                                      "web_sales.ws_bill_cdemo_sk",
                                      "web_sales.ws_bill_hdemo_sk",
                                      "web_sales.ws_bill_addr_sk",
                                      "web_sales.ws_ship_customer_sk",
                                      "web_sales.ws_ship_cdemo_sk",
                                      "web_sales.ws_ship_hdemo_sk",
                                      "web_sales.ws_ship_addr_sk",
                                      "web_sales.ws_web_page_sk",
                                      "web_sales.ws_web_site_sk",
                                      "web_sales.ws_ship_mode_sk",
                                      "web_sales.ws_warehouse_sk",
                                      "web_sales.ws_promo_sk",
                                      "web_sales.ws_order_number",
                                      "web_sales.ws_quantity",
                                      "web_sales.ws_wholesale_cost",
                                      "web_sales.ws_list_price",
                                      "web_sales.ws_sales_price",
                                      "web_sales.ws_ext_discount_amt",
                                      "web_sales.ws_ext_sales_price",
                                      "web_sales.ws_ext_wholesale_cost",
                                      "web_sales.ws_ext_list_price",
                                      "web_sales.ws_ext_tax",
                                      "web_sales.ws_coupon_amt",
                                      "web_sales.ws_ext_ship_cost",
                                      "web_sales.ws_net_paid",
                                      "web_sales.ws_net_paid_inc_tax",
                                      "web_sales.ws_net_paid_inc_ship",
                                      "web_sales.ws_net_paid_inc_ship_tax",
                                      "web_sales.ws_net_profit"
                                    ],
                                    "Index Cond": "(web_sales.ws_sold_date_sk = date_dim_1.d_date_sk)",
                                    "Filter": "((web_sales.ws_list_price >= '80'::numeric) AND (web_sales.ws_list_price <= '169'::numeric))"
                                  }
                                ]
                              }
                            ]
                          }
                        ]
                      }
                    ]
                  },
                  {
                    "Node Type": "Materialize",
                    "Parent Relationship": "Inner",
                    "Parallel Aware": false,
                    "Async Capable": false,
                    "Startup Cost": 0.73,
                    "Total Cost": 83538.09,
                    "Plan Rows": 5716,
                    "Plan Width": 4,
                    "Output": [
                      "catalog_sales.cs_ship_customer_sk"
                    ],
                    "Plans": [
                      {
                        "Node Type": "Nested Loop",
                        "Parent Relationship": "Outer",
                        "Parallel Aware": false,
                        "Async Capable": false,
                        "Join Type": "Inner",
                        "Startup Cost": 0.73,
                        "Total Cost": 83509.51,
                        "Plan Rows": 5716,
                        "Plan Width": 4,
                        "Output": [
                          "catalog_sales.cs_ship_customer_sk"
                        ],
                        "Inner Unique": false,
                        "Plans": [
                          {
                            "Node Type": "Index Scan",
                            "Parent Relationship": "Outer",
                            "Parallel Aware": false,
                            "Async Capable": false,
                            "Scan Direction": "Forward",
                            "Index Name": "_dta_index_date_dim_6_661577395__k7_k9",
                            "Relation Name": "date_dim",
                            "Schema": "public",
                            "Alias": "date_dim_2",
                            "Startup Cost": 0.29,
                            "Total Cost": 163.13,
                            "Plan Rows": 90,
                            "Plan Width": 4,
                            "Output": [
                              "date_dim_2.d_date_sk",
                              "date_dim_2.d_date_id",
                              "date_dim_2.d_date",
                              "date_dim_2.d_month_seq",
                              "date_dim_2.d_week_seq",
                              "date_dim_2.d_quarter_seq",
                              "date_dim_2.d_year",
                              "date_dim_2.d_dow",
                              "date_dim_2.d_moy",
                              "date_dim_2.d_dom",
                              "date_dim_2.d_qoy",
                              "date_dim_2.d_fy_year",
                              "date_dim_2.d_fy_quarter_seq",
                              "date_dim_2.d_fy_week_seq",
                              "date_dim_2.d_day_name",
                              "date_dim_2.d_quarter_name",
                              "date_dim_2.d_holiday",
                              "date_dim_2.d_weekend",
                              "date_dim_2.d_following_holiday",
                              "date_dim_2.d_first_dom",
                              "date_dim_2.d_last_dom",
                              "date_dim_2.d_same_day_ly",
                              "date_dim_2.d_same_day_lq",
                              "date_dim_2.d_current_day",
                              "date_dim_2.d_current_week",
                              "date_dim_2.d_current_month",
                              "date_dim_2.d_current_quarter",
                              "date_dim_2.d_current_year"
                            ],
                            "Index Cond": "((date_dim_2.d_year = 2002) AND (date_dim_2.d_moy >= 10) AND (date_dim_2.d_moy <= 12))"
                          },
                          {
                            "Node Type": "Index Scan",
                            "Parent Relationship": "Inner",
                            "Parallel Aware": false,
                            "Async Capable": false,
                            "Scan Direction": "Forward",
                            "Index Name": "_dta_index_catalog_sales_6_1301579675__k1_4",
                            "Relation Name": "catalog_sales",
                            "Schema": "public",
                            "Alias": "catalog_sales",
                            "Startup Cost": 0.43,
                            "Total Cost": 904.24,
                            "Plan Rows": 2183,
                            "Plan Width": 8,
                            "Output": [
                              "catalog_sales.cs_sold_date_sk",
                              "catalog_sales.cs_sold_time_sk",
                              "catalog_sales.cs_ship_date_sk",
                              "catalog_sales.cs_bill_customer_sk",
                              "catalog_sales.cs_bill_cdemo_sk",
                              "catalog_sales.cs_bill_hdemo_sk",
                              "catalog_sales.cs_bill_addr_sk",
                              "catalog_sales.cs_ship_customer_sk",
                              "catalog_sales.cs_ship_cdemo_sk",
                              "catalog_sales.cs_ship_hdemo_sk",
                              "catalog_sales.cs_ship_addr_sk",
                              "catalog_sales.cs_call_center_sk",
                              "catalog_sales.cs_catalog_page_sk",
                              "catalog_sales.cs_ship_mode_sk",
                              "catalog_sales.cs_warehouse_sk",
                              "catalog_sales.cs_item_sk",
                              "catalog_sales.cs_promo_sk",
                              "catalog_sales.cs_order_number",
                              "catalog_sales.cs_quantity",
                              "catalog_sales.cs_wholesale_cost",
                              "catalog_sales.cs_list_price",
                              "catalog_sales.cs_sales_price",
                              "catalog_sales.cs_ext_discount_amt",
                              "catalog_sales.cs_ext_sales_price",
                              "catalog_sales.cs_ext_wholesale_cost",
                              "catalog_sales.cs_ext_list_price",
                              "catalog_sales.cs_ext_tax",
                              "catalog_sales.cs_coupon_amt",
                              "catalog_sales.cs_ext_ship_cost",
                              "catalog_sales.cs_net_paid",
                              "catalog_sales.cs_net_paid_inc_tax",
                              "catalog_sales.cs_net_paid_inc_ship",
                              "catalog_sales.cs_net_paid_inc_ship_tax",
                              "catalog_sales.cs_net_profit"
                            ],
                            "Index Cond": "(catalog_sales.cs_sold_date_sk = date_dim_2.d_date_sk)",
                            "Filter": "((catalog_sales.cs_list_price >= '80'::numeric) AND (catalog_sales.cs_list_price <= '169'::numeric))"
                          }
                        ]
                      }
                    ]
                  }
                ]
              }
            ]
          }
        ]
      }
    }
  ],
  "original_sql": "select \n  cd_gender,\n  cd_marital_status,\n  cd_education_status,\n  count(*) cnt1,\n  cd_purchase_estimate,\n  count(*) cnt2,\n  cd_credit_rating,\n  count(*) cnt3\n from\n  customer c,customer_address ca,customer_demographics\n where\n  c.c_current_addr_sk = ca.ca_address_sk and\n  ca_state in ('CO','NC','TX') and\n  cd_demo_sk = c.c_current_cdemo_sk\n  and cd_marital_status in ('S', 'M', 'U')\n  and cd_education_status in ('Primary', 'College') and\n  exists (select *\n          from store_sales,date_dim\n          where c.c_customer_sk = ss_customer_sk and\n                ss_sold_date_sk = d_date_sk and\n                d_year = 2002 and\n                d_moy between 10 and 10+2\n                and ss_list_price between 80 and 169\n          ) and\n   (not exists (select *\n            from web_sales,date_dim\n            where c.c_customer_sk = ws_bill_customer_sk and\n                  ws_sold_date_sk = d_date_sk and\n                  d_year = 2002 and\n                  d_moy between 10 and 10+2\n                  and ws_list_price between 80 and 169\n            ) and\n    not exists (select *\n            from catalog_sales,date_dim\n            where c.c_customer_sk = cs_ship_customer_sk and\n                  cs_sold_date_sk = d_date_sk and\n                  d_year = 2002 and\n                  d_moy between 10 and 10+2\n                  and cs_list_price between 80 and 169)\n            )\n group by cd_gender,\n          cd_marital_status,\n          cd_education_status,\n          cd_purchase_estimate,\n          cd_credit_rating\n order by cd_gender,\n          cd_marital_status,\n          cd_education_status,\n          cd_purchase_estimate,\n          cd_credit_rating\n limit 100"
}