{
  "query_id": "query081_multi_s3",
  "engine": "postgresql",
  "benchmark": "dsb_156",
  "scale_factor": 10,
  "execution_time_ms": null,
  "planning_time_ms": 0.8117380002659047,
  "plan_json": [
    {
      "Plan": {
        "Node Type": "Limit",
        "Parallel Aware": false,
        "Async Capable": false,
        "Startup Cost": 2556825.28,
        "Total Cost": 2556825.49,
        "Plan Rows": 87,
        "Plan Width": 236,
        "Output": [
          "customer.c_customer_id",
          "customer.c_salutation",
          "customer.c_first_name",
          "customer.c_last_name",
          "customer_address.ca_street_number",
          "customer_address.ca_street_name",
          "customer_address.ca_street_type",
          "customer_address.ca_suite_number",
          "customer_address.ca_city",
          "customer_address.ca_county",
          "customer_address.ca_state",
          "customer_address.ca_zip",
          "customer_address.ca_country",
          "customer_address.ca_gmt_offset",
          "customer_address.ca_location_type",
          "ctr1.ctr_total_return"
        ],
        "Plans": [
          {
            "Node Type": "Aggregate",
            "Strategy": "Sorted",
            "Partial Mode": "Finalize",
            "Parent Relationship": "InitPlan",
            "Subplan Name": "CTE customer_total_return",
            "Parallel Aware": false,
            "Async Capable": false,
            "Startup Cost": 57622.63,
            "Total Cost": 58948.27,
            "Plan Rows": 10488,
            "Plan Width": 39,
            "Output": [
              "catalog_returns.cr_returning_customer_sk",
              "customer_address_1.ca_state",
              "sum(catalog_returns.cr_return_amt_inc_tax)"
            ],
            "Group Key": [
              "catalog_returns.cr_returning_customer_sk",
              "customer_address_1.ca_state"
            ],
            "Plans": [
              {
                "Node Type": "Gather Merge",
                "Parent Relationship": "Outer",
                "Parallel Aware": false,
                "Async Capable": false,
                "Startup Cost": 57622.63,
                "Total Cost": 58729.77,
                "Plan Rows": 8740,
                "Plan Width": 39,
                "Output": [
                  "catalog_returns.cr_returning_customer_sk",
                  "customer_address_1.ca_state",
                  "(PARTIAL sum(catalog_returns.cr_return_amt_inc_tax))"
                ],
                "Workers Planned": 2,
                "Plans": [
                  {
                    "Node Type": "Aggregate",
                    "Strategy": "Sorted",
                    "Partial Mode": "Partial",
                    "Parent Relationship": "Outer",
                    "Parallel Aware": false,
                    "Async Capable": false,
                    "Startup Cost": 56622.61,
                    "Total Cost": 56720.93,
                    "Plan Rows": 4370,
                    "Plan Width": 39,
                    "Output": [
                      "catalog_returns.cr_returning_customer_sk",
                      "customer_address_1.ca_state",
                      "PARTIAL sum(catalog_returns.cr_return_amt_inc_tax)"
                    ],
                    "Group Key": [
                      "catalog_returns.cr_returning_customer_sk",
                      "customer_address_1.ca_state"
                    ],
                    "Plans": [
                      {
                        "Node Type": "Sort",
                        "Parent Relationship": "Outer",
                        "Parallel Aware": false,
                        "Async Capable": false,
                        "Startup Cost": 56622.61,
                        "Total Cost": 56633.53,
                        "Plan Rows": 4370,
                        "Plan Width": 13,
                        "Output": [
                          "catalog_returns.cr_returning_customer_sk",
                          "customer_address_1.ca_state",
                          "catalog_returns.cr_return_amt_inc_tax"
                        ],
                        "Sort Key": [
                          "catalog_returns.cr_returning_customer_sk",
                          "customer_address_1.ca_state"
                        ],
                        "Plans": [
                          {
                            "Node Type": "Nested Loop",
                            "Parent Relationship": "Outer",
                            "Parallel Aware": false,
                            "Async Capable": false,
                            "Join Type": "Inner",
                            "Startup Cost": 19.57,
                            "Total Cost": 56358.37,
                            "Plan Rows": 4370,
                            "Plan Width": 13,
                            "Output": [
                              "catalog_returns.cr_returning_customer_sk",
                              "customer_address_1.ca_state",
                              "catalog_returns.cr_return_amt_inc_tax"
                            ],
                            "Inner Unique": true,
                            "Plans": [
                              {
                                "Node Type": "Hash Join",
                                "Parent Relationship": "Outer",
                                "Parallel Aware": false,
                                "Async Capable": false,
                                "Join Type": "Inner",
                                "Startup Cost": 19.15,
                                "Total Cost": 54358.45,
                                "Plan Rows": 4456,
                                "Plan Width": 14,
                                "Output": [
                                  "catalog_returns.cr_returning_customer_sk",
                                  "catalog_returns.cr_return_amt_inc_tax",
                                  "catalog_returns.cr_returning_addr_sk"
                                ],
                                "Inner Unique": true,
                                "Hash Cond": "(catalog_returns.cr_returned_date_sk = date_dim.d_date_sk)",
                                "Plans": [
                                  {
                                    "Node Type": "Seq Scan",
                                    "Parent Relationship": "Outer",
                                    "Parallel Aware": true,
                                    "Async Capable": false,
                                    "Relation Name": "catalog_returns",
                                    "Schema": "public",
                                    "Alias": "catalog_returns",
                                    "Startup Cost": 0.0,
                                    "Total Cost": 51978.6,
                                    "Plan Rows": 899260,
                                    "Plan Width": 18,
                                    "Output": [
                                      "catalog_returns.cr_returned_date_sk",
                                      "catalog_returns.cr_returned_time_sk",
                                      "catalog_returns.cr_item_sk",
                                      "catalog_returns.cr_refunded_customer_sk",
                                      "catalog_returns.cr_refunded_cdemo_sk",
                                      "catalog_returns.cr_refunded_hdemo_sk",
                                      "catalog_returns.cr_refunded_addr_sk",
                                      "catalog_returns.cr_returning_customer_sk",
                                      "catalog_returns.cr_returning_cdemo_sk",
                                      "catalog_returns.cr_returning_hdemo_sk",
                                      "catalog_returns.cr_returning_addr_sk",
                                      "catalog_returns.cr_call_center_sk",
                                      "catalog_returns.cr_catalog_page_sk",
                                      "catalog_returns.cr_ship_mode_sk",
                                      "catalog_returns.cr_warehouse_sk",
                                      "catalog_returns.cr_reason_sk",
                                      "catalog_returns.cr_order_number",
                                      "catalog_returns.cr_return_quantity",
                                      "catalog_returns.cr_return_amount",
                                      "catalog_returns.cr_return_tax",
                                      "catalog_returns.cr_return_amt_inc_tax",
                                      "catalog_returns.cr_fee",
                                      "catalog_returns.cr_return_ship_cost",
                                      "catalog_returns.cr_refunded_cash",
                                      "catalog_returns.cr_reversed_charge",
                                      "catalog_returns.cr_store_credit",
                                      "catalog_returns.cr_net_loss"
                                    ]
                                  },
                                  {
                                    "Node Type": "Hash",
                                    "Parent Relationship": "Inner",
                                    "Parallel Aware": false,
                                    "Async Capable": false,
                                    "Startup Cost": 14.63,
                                    "Total Cost": 14.63,
                                    "Plan Rows": 362,
                                    "Plan Width": 4,
                                    "Output": [
                                      "date_dim.d_date_sk"
                                    ],
                                    "Plans": [
                                      {
                                        "Node Type": "Index Only Scan",
                                        "Parent Relationship": "Outer",
                                        "Parallel Aware": false,
                                        "Async Capable": false,
                                        "Scan Direction": "Forward",
                                        "Index Name": "_dta_index_date_dim_6_661577395__k7_k1",
                                        "Relation Name": "date_dim",
                                        "Schema": "public",
                                        "Alias": "date_dim",
                                        "Startup Cost": 0.29,
                                        "Total Cost": 14.63,
                                        "Plan Rows": 362,
                                        "Plan Width": 4,
                                        "Output": [
                                          "date_dim.d_date_sk"
                                        ],
                                        "Index Cond": "(date_dim.d_year = 1999)"
                                      }
                                    ]
                                  }
                                ]
                              },
                              {
                                "Node Type": "Index Scan",
                                "Parent Relationship": "Inner",
                                "Parallel Aware": false,
                                "Async Capable": false,
                                "Scan Direction": "Forward",
                                "Index Name": "customer_address_pkey",
                                "Relation Name": "customer_address",
                                "Schema": "public",
                                "Alias": "customer_address_1",
                                "Startup Cost": 0.42,
                                "Total Cost": 0.45,
                                "Plan Rows": 1,
                                "Plan Width": 7,
                                "Output": [
                                  "customer_address_1.ca_address_sk",
                                  "customer_address_1.ca_address_id",
                                  "customer_address_1.ca_street_number",
                                  "customer_address_1.ca_street_name",
                                  "customer_address_1.ca_street_type",
                                  "customer_address_1.ca_suite_number",
                                  "customer_address_1.ca_city",
                                  "customer_address_1.ca_county",
                                  "customer_address_1.ca_state",
                                  "customer_address_1.ca_zip",
                                  "customer_address_1.ca_country",
                                  "customer_address_1.ca_gmt_offset",
                                  "customer_address_1.ca_location_type"
                                ],
                                "Index Cond": "(customer_address_1.ca_address_sk = catalog_returns.cr_returning_addr_sk)"
                              }
                            ]
                          }
                        ]
                      }
                    ]
                  }
                ]
              }
            ]
          },
          {
            "Node Type": "Sort",
            "Parent Relationship": "Outer",
            "Parallel Aware": false,
            "Async Capable": false,
            "Startup Cost": 2497877.01,
            "Total Cost": 2497877.22,
            "Plan Rows": 87,
            "Plan Width": 236,
            "Output": [
              "customer.c_customer_id",
              "customer.c_salutation",
              "customer.c_first_name",
              "customer.c_last_name",
              "customer_address.ca_street_number",
              "customer_address.ca_street_name",
              "customer_address.ca_street_type",
              "customer_address.ca_suite_number",
              "customer_address.ca_city",
              "customer_address.ca_county",
              "customer_address.ca_state",
              "customer_address.ca_zip",
              "customer_address.ca_country",
              "customer_address.ca_gmt_offset",
              "customer_address.ca_location_type",
              "ctr1.ctr_total_return"
            ],
            "Sort Key": [
              "customer.c_customer_id",
              "customer.c_salutation",
              "customer.c_first_name",
              "customer.c_last_name",
              "customer_address.ca_street_number",
              "customer_address.ca_street_name",
              "customer_address.ca_street_type",
              "customer_address.ca_suite_number",
              "customer_address.ca_city",
              "customer_address.ca_county",
              "customer_address.ca_zip",
              "customer_address.ca_country",
              "customer_address.ca_gmt_offset",
              "customer_address.ca_location_type",
              "ctr1.ctr_total_return"
            ],
            "Plans": [
              {
                "Node Type": "Nested Loop",
                "Parent Relationship": "Outer",
                "Parallel Aware": false,
                "Async Capable": false,
                "Join Type": "Inner",
                "Startup Cost": 0.84,
                "Total Cost": 2497874.2,
                "Plan Rows": 87,
                "Plan Width": 236,
                "Output": [
                  "customer.c_customer_id",
                  "customer.c_salutation",
                  "customer.c_first_name",
                  "customer.c_last_name",
                  "customer_address.ca_street_number",
                  "customer_address.ca_street_name",
                  "customer_address.ca_street_type",
                  "customer_address.ca_suite_number",
                  "customer_address.ca_city",
                  "customer_address.ca_county",
                  "customer_address.ca_state",
                  "customer_address.ca_zip",
                  "customer_address.ca_country",
                  "customer_address.ca_gmt_offset",
                  "customer_address.ca_location_type",
                  "ctr1.ctr_total_return"
                ],
                "Inner Unique": true,
                "Plans": [
                  {
                    "Node Type": "Nested Loop",
                    "Parent Relationship": "Outer",
                    "Parallel Aware": false,
                    "Async Capable": false,
                    "Join Type": "Inner",
                    "Startup Cost": 0.42,
                    "Total Cost": 2496165.22,
                    "Plan Rows": 3496,
                    "Plan Width": 116,
                    "Output": [
                      "ctr1.ctr_total_return",
                      "customer.c_customer_id",
                      "customer.c_salutation",
                      "customer.c_first_name",
                      "customer.c_last_name",
                      "customer.c_current_addr_sk"
                    ],
                    "Inner Unique": true,
                    "Plans": [
                      {
                        "Node Type": "CTE Scan",
                        "Parent Relationship": "Outer",
                        "Parallel Aware": false,
                        "Async Capable": false,
                        "CTE Name": "customer_total_return",
                        "Alias": "ctr1",
                        "Startup Cost": 0.0,
                        "Total Cost": 2476714.98,
                        "Plan Rows": 3496,
                        "Plan Width": 36,
                        "Output": [
                          "ctr1.ctr_customer_sk",
                          "ctr1.ctr_state",
                          "ctr1.ctr_total_return"
                        ],
                        "Filter": "(ctr1.ctr_total_return > (SubPlan 2))",
                        "Plans": [
                          {
                            "Node Type": "Aggregate",
                            "Strategy": "Plain",
                            "Partial Mode": "Simple",
                            "Parent Relationship": "SubPlan",
                            "Subplan Name": "SubPlan 2",
                            "Parallel Aware": false,
                            "Async Capable": false,
                            "Startup Cost": 236.11,
                            "Total Cost": 236.12,
                            "Plan Rows": 1,
                            "Plan Width": 32,
                            "Output": [
                              "(avg(ctr2.ctr_total_return) * 1.2)"
                            ],
                            "Plans": [
                              {
                                "Node Type": "CTE Scan",
                                "Parent Relationship": "Outer",
                                "Parallel Aware": false,
                                "Async Capable": false,
                                "CTE Name": "customer_total_return",
                                "Alias": "ctr2",
                                "Startup Cost": 0.0,
                                "Total Cost": 235.98,
                                "Plan Rows": 52,
                                "Plan Width": 32,
                                "Output": [
                                  "ctr2.ctr_customer_sk",
                                  "ctr2.ctr_state",
                                  "ctr2.ctr_total_return"
                                ],
                                "Filter": "(ctr1.ctr_state = ctr2.ctr_state)"
                              }
                            ]
                          }
                        ]
                      },
                      {
                        "Node Type": "Index Scan",
                        "Parent Relationship": "Inner",
                        "Parallel Aware": false,
                        "Async Capable": false,
                        "Scan Direction": "Forward",
                        "Index Name": "_dta_index_customer_6_949578421__k1_k5",
                        "Relation Name": "customer",
                        "Schema": "public",
                        "Alias": "customer",
                        "Startup Cost": 0.42,
                        "Total Cost": 5.56,
                        "Plan Rows": 1,
                        "Plan Width": 88,
                        "Output": [
                          "customer.c_customer_sk",
                          "customer.c_customer_id",
                          "customer.c_current_cdemo_sk",
                          "customer.c_current_hdemo_sk",
                          "customer.c_current_addr_sk",
                          "customer.c_first_shipto_date_sk",
                          "customer.c_first_sales_date_sk",
                          "customer.c_salutation",
                          "customer.c_first_name",
                          "customer.c_last_name",
                          "customer.c_preferred_cust_flag",
                          "customer.c_birth_day",
                          "customer.c_birth_month",
                          "customer.c_birth_year",
                          "customer.c_birth_country",
                          "customer.c_login",
                          "customer.c_email_address",
                          "customer.c_last_review_date_sk"
                        ],
                        "Index Cond": "(customer.c_customer_sk = ctr1.ctr_customer_sk)"
                      }
                    ]
                  },
                  {
                    "Node Type": "Index Scan",
                    "Parent Relationship": "Inner",
                    "Parallel Aware": false,
                    "Async Capable": false,
                    "Scan Direction": "Forward",
                    "Index Name": "customer_address_pkey",
                    "Relation Name": "customer_address",
                    "Schema": "public",
                    "Alias": "customer_address",
                    "Startup Cost": 0.42,
                    "Total Cost": 0.49,
                    "Plan Rows": 1,
                    "Plan Width": 128,
                    "Output": [
                      "customer_address.ca_address_sk",
                      "customer_address.ca_address_id",
                      "customer_address.ca_street_number",
                      "customer_address.ca_street_name",
                      "customer_address.ca_street_type",
                      "customer_address.ca_suite_number",
                      "customer_address.ca_city",
                      "customer_address.ca_county",
                      "customer_address.ca_state",
                      "customer_address.ca_zip",
                      "customer_address.ca_country",
                      "customer_address.ca_gmt_offset",
                      "customer_address.ca_location_type"
                    ],
                    "Index Cond": "(customer_address.ca_address_sk = customer.c_current_addr_sk)",
                    "Filter": "(customer_address.ca_state = 'MN'::bpchar)"
                  }
                ]
              }
            ]
          }
        ]
      }
    }
  ],
  "original_sql": "with customer_total_return as\n (select cr_returning_customer_sk as ctr_customer_sk\n        ,ca_state as ctr_state, \n \tsum(cr_return_amt_inc_tax) as ctr_total_return\n from catalog_returns\n     ,date_dim\n     ,customer_address\n where cr_returned_date_sk = d_date_sk \n   and d_year =1999\n   and cr_returning_addr_sk = ca_address_sk \n group by cr_returning_customer_sk\n         ,ca_state )\n  select  c_customer_id,c_salutation,c_first_name,c_last_name,ca_street_number,ca_street_name\n                   ,ca_street_type,ca_suite_number,ca_city,ca_county,ca_state,ca_zip,ca_country,ca_gmt_offset\n                  ,ca_location_type,ctr_total_return\n from customer_total_return ctr1\n     ,customer_address\n     ,customer\n where ctr1.ctr_total_return > (select avg(ctr_total_return)*1.2\n \t\t\t  from customer_total_return ctr2 \n                  \t  where ctr1.ctr_state = ctr2.ctr_state)\n       and ca_address_sk = c_current_addr_sk\n       and ca_state = 'MN'\n       and ctr1.ctr_customer_sk = c_customer_sk\n order by c_customer_id,c_salutation,c_first_name,c_last_name,ca_street_number,ca_street_name\n                   ,ca_street_type,ca_suite_number,ca_city,ca_county,ca_state,ca_zip,ca_country,ca_gmt_offset\n                  ,ca_location_type,ctr_total_return\n limit 100"
}