{
  "query_id": "query040_spj_spj_s3",
  "engine": "postgresql",
  "benchmark": "dsb_156",
  "scale_factor": 10,
  "execution_time_ms": null,
  "planning_time_ms": 1.7483690007793484,
  "plan_json": [
    {
      "Plan": {
        "Node Type": "Aggregate",
        "Strategy": "Plain",
        "Partial Mode": "Simple",
        "Parallel Aware": false,
        "Async Capable": false,
        "Startup Cost": 38553.83,
        "Total Cost": 38553.84,
        "Plan Rows": 1,
        "Plan Width": 80,
        "Output": [
          "min(warehouse.w_state)",
          "min(item.i_item_id)",
          "min(catalog_sales.cs_item_sk)",
          "min(catalog_sales.cs_order_number)",
          "min(catalog_returns.cr_item_sk)",
          "min(catalog_returns.cr_order_number)"
        ],
        "Plans": [
          {
            "Node Type": "Nested Loop",
            "Parent Relationship": "Outer",
            "Parallel Aware": false,
            "Async Capable": false,
            "Join Type": "Inner",
            "Startup Cost": 1001.29,
            "Total Cost": 38553.82,
            "Plan Rows": 1,
            "Plan Width": 36,
            "Output": [
              "warehouse.w_state",
              "item.i_item_id",
              "catalog_sales.cs_item_sk",
              "catalog_sales.cs_order_number",
              "catalog_returns.cr_item_sk",
              "catalog_returns.cr_order_number"
            ],
            "Inner Unique": true,
            "Plans": [
              {
                "Node Type": "Gather",
                "Parent Relationship": "Outer",
                "Parallel Aware": false,
                "Async Capable": false,
                "Startup Cost": 1001.16,
                "Total Cost": 38553.66,
                "Plan Rows": 1,
                "Plan Width": 37,
                "Output": [
                  "catalog_sales.cs_item_sk",
                  "catalog_sales.cs_order_number",
                  "catalog_sales.cs_warehouse_sk",
                  "catalog_returns.cr_item_sk",
                  "catalog_returns.cr_order_number",
                  "item.i_item_id"
                ],
                "Workers Planned": 1,
                "Single Copy": false,
                "Plans": [
                  {
                    "Node Type": "Nested Loop",
                    "Parent Relationship": "Outer",
                    "Parallel Aware": false,
                    "Async Capable": false,
                    "Join Type": "Inner",
                    "Startup Cost": 1.16,
                    "Total Cost": 37553.56,
                    "Plan Rows": 1,
                    "Plan Width": 37,
                    "Output": [
                      "catalog_sales.cs_item_sk",
                      "catalog_sales.cs_order_number",
                      "catalog_sales.cs_warehouse_sk",
                      "catalog_returns.cr_item_sk",
                      "catalog_returns.cr_order_number",
                      "item.i_item_id"
                    ],
                    "Inner Unique": true,
                    "Plans": [
                      {
                        "Node Type": "Nested Loop",
                        "Parent Relationship": "Outer",
                        "Parallel Aware": false,
                        "Async Capable": false,
                        "Join Type": "Inner",
                        "Startup Cost": 0.73,
                        "Total Cost": 37548.24,
                        "Plan Rows": 10,
                        "Plan Width": 33,
                        "Output": [
                          "catalog_sales.cs_item_sk",
                          "catalog_sales.cs_order_number",
                          "catalog_sales.cs_warehouse_sk",
                          "item.i_item_id",
                          "item.i_item_sk"
                        ],
                        "Inner Unique": true,
                        "Plans": [
                          {
                            "Node Type": "Nested Loop",
                            "Parent Relationship": "Outer",
                            "Parallel Aware": false,
                            "Async Capable": false,
                            "Join Type": "Inner",
                            "Startup Cost": 0.43,
                            "Total Cost": 37079.66,
                            "Plan Rows": 1429,
                            "Plan Width": 12,
                            "Output": [
                              "catalog_sales.cs_item_sk",
                              "catalog_sales.cs_order_number",
                              "catalog_sales.cs_warehouse_sk"
                            ],
                            "Inner Unique": false,
                            "Plans": [
                              {
                                "Node Type": "Seq Scan",
                                "Parent Relationship": "Outer",
                                "Parallel Aware": true,
                                "Async Capable": false,
                                "Relation Name": "date_dim",
                                "Schema": "public",
                                "Alias": "date_dim",
                                "Startup Cost": 0.0,
                                "Total Cost": 2049.55,
                                "Plan Rows": 38,
                                "Plan Width": 4,
                                "Output": [
                                  "date_dim.d_date_sk",
                                  "date_dim.d_date_id",
                                  "date_dim.d_date",
                                  "date_dim.d_month_seq",
                                  "date_dim.d_week_seq",
                                  "date_dim.d_quarter_seq",
                                  "date_dim.d_year",
                                  "date_dim.d_dow",
                                  "date_dim.d_moy",
                                  "date_dim.d_dom",
                                  "date_dim.d_qoy",
                                  "date_dim.d_fy_year",
                                  "date_dim.d_fy_quarter_seq",
                                  "date_dim.d_fy_week_seq",
                                  "date_dim.d_day_name",
                                  "date_dim.d_quarter_name",
                                  "date_dim.d_holiday",
                                  "date_dim.d_weekend",
                                  "date_dim.d_following_holiday",
                                  "date_dim.d_first_dom",
                                  "date_dim.d_last_dom",
                                  "date_dim.d_same_day_ly",
                                  "date_dim.d_same_day_lq",
                                  "date_dim.d_current_day",
                                  "date_dim.d_current_week",
                                  "date_dim.d_current_month",
                                  "date_dim.d_current_quarter",
                                  "date_dim.d_current_year"
                                ],
                                "Filter": "((date_dim.d_date >= '2000-05-06 00:00:00'::timestamp without time zone) AND (date_dim.d_date <= '2000-07-05 00:00:00'::timestamp without time zone))"
                              },
                              {
                                "Node Type": "Index Scan",
                                "Parent Relationship": "Inner",
                                "Parallel Aware": false,
                                "Async Capable": false,
                                "Scan Direction": "Forward",
                                "Index Name": "_dta_index_catalog_sales_6_1301579675__k1_4",
                                "Relation Name": "catalog_sales",
                                "Schema": "public",
                                "Alias": "catalog_sales",
                                "Startup Cost": 0.43,
                                "Total Cost": 908.79,
                                "Plan Rows": 1305,
                                "Plan Width": 16,
                                "Output": [
                                  "catalog_sales.cs_sold_date_sk",
                                  "catalog_sales.cs_sold_time_sk",
                                  "catalog_sales.cs_ship_date_sk",
                                  "catalog_sales.cs_bill_customer_sk",
                                  "catalog_sales.cs_bill_cdemo_sk",
                                  "catalog_sales.cs_bill_hdemo_sk",
                                  "catalog_sales.cs_bill_addr_sk",
                                  "catalog_sales.cs_ship_customer_sk",
                                  "catalog_sales.cs_ship_cdemo_sk",
                                  "catalog_sales.cs_ship_hdemo_sk",
                                  "catalog_sales.cs_ship_addr_sk",
                                  "catalog_sales.cs_call_center_sk",
                                  "catalog_sales.cs_catalog_page_sk",
                                  "catalog_sales.cs_ship_mode_sk",
                                  "catalog_sales.cs_warehouse_sk",
                                  "catalog_sales.cs_item_sk",
                                  "catalog_sales.cs_promo_sk",
                                  "catalog_sales.cs_order_number",
                                  "catalog_sales.cs_quantity",
                                  "catalog_sales.cs_wholesale_cost",
                                  "catalog_sales.cs_list_price",
                                  "catalog_sales.cs_sales_price",
                                  "catalog_sales.cs_ext_discount_amt",
                                  "catalog_sales.cs_ext_sales_price",
                                  "catalog_sales.cs_ext_wholesale_cost",
                                  "catalog_sales.cs_ext_list_price",
                                  "catalog_sales.cs_ext_tax",
                                  "catalog_sales.cs_coupon_amt",
                                  "catalog_sales.cs_ext_ship_cost",
                                  "catalog_sales.cs_net_paid",
                                  "catalog_sales.cs_net_paid_inc_tax",
                                  "catalog_sales.cs_net_paid_inc_ship",
                                  "catalog_sales.cs_net_paid_inc_ship_tax",
                                  "catalog_sales.cs_net_profit"
                                ],
                                "Index Cond": "(catalog_sales.cs_sold_date_sk = date_dim.d_date_sk)",
                                "Filter": "((catalog_sales.cs_wholesale_cost >= '41'::numeric) AND (catalog_sales.cs_wholesale_cost <= '60'::numeric))"
                              }
                            ]
                          },
                          {
                            "Node Type": "Index Scan",
                            "Parent Relationship": "Inner",
                            "Parallel Aware": false,
                            "Async Capable": false,
                            "Scan Direction": "Forward",
                            "Index Name": "item_pkey",
                            "Relation Name": "item",
                            "Schema": "public",
                            "Alias": "item",
                            "Startup Cost": 0.29,
                            "Total Cost": 0.33,
                            "Plan Rows": 1,
                            "Plan Width": 21,
                            "Output": [
                              "item.i_item_sk",
                              "item.i_item_id",
                              "item.i_rec_start_date",
                              "item.i_rec_end_date",
                              "item.i_item_desc",
                              "item.i_current_price",
                              "item.i_wholesale_cost",
                              "item.i_brand_id",
                              "item.i_brand",
                              "item.i_class_id",
                              "item.i_class",
                              "item.i_category_id",
                              "item.i_category",
                              "item.i_manufact_id",
                              "item.i_manufact",
                              "item.i_size",
                              "item.i_formulation",
                              "item.i_color",
                              "item.i_units",
                              "item.i_container",
                              "item.i_manager_id",
                              "item.i_product_name"
                            ],
                            "Index Cond": "(item.i_item_sk = catalog_sales.cs_item_sk)",
                            "Filter": "((item.i_manager_id >= 61) AND (item.i_manager_id <= 100) AND (item.i_category = 'Music'::bpchar))"
                          }
                        ]
                      },
                      {
                        "Node Type": "Index Scan",
                        "Parent Relationship": "Inner",
                        "Parallel Aware": false,
                        "Async Capable": false,
                        "Scan Direction": "Forward",
                        "Index Name": "catalog_returns_pkey",
                        "Relation Name": "catalog_returns",
                        "Schema": "public",
                        "Alias": "catalog_returns",
                        "Startup Cost": 0.43,
                        "Total Cost": 0.52,
                        "Plan Rows": 1,
                        "Plan Width": 8,
                        "Output": [
                          "catalog_returns.cr_returned_date_sk",
                          "catalog_returns.cr_returned_time_sk",
                          "catalog_returns.cr_item_sk",
                          "catalog_returns.cr_refunded_customer_sk",
                          "catalog_returns.cr_refunded_cdemo_sk",
                          "catalog_returns.cr_refunded_hdemo_sk",
                          "catalog_returns.cr_refunded_addr_sk",
                          "catalog_returns.cr_returning_customer_sk",
                          "catalog_returns.cr_returning_cdemo_sk",
                          "catalog_returns.cr_returning_hdemo_sk",
                          "catalog_returns.cr_returning_addr_sk",
                          "catalog_returns.cr_call_center_sk",
                          "catalog_returns.cr_catalog_page_sk",
                          "catalog_returns.cr_ship_mode_sk",
                          "catalog_returns.cr_warehouse_sk",
                          "catalog_returns.cr_reason_sk",
                          "catalog_returns.cr_order_number",
                          "catalog_returns.cr_return_quantity",
                          "catalog_returns.cr_return_amount",
                          "catalog_returns.cr_return_tax",
                          "catalog_returns.cr_return_amt_inc_tax",
                          "catalog_returns.cr_fee",
                          "catalog_returns.cr_return_ship_cost",
                          "catalog_returns.cr_refunded_cash",
                          "catalog_returns.cr_reversed_charge",
                          "catalog_returns.cr_store_credit",
                          "catalog_returns.cr_net_loss"
                        ],
                        "Index Cond": "((catalog_returns.cr_item_sk = catalog_sales.cs_item_sk) AND (catalog_returns.cr_order_number = catalog_sales.cs_order_number))",
                        "Filter": "(catalog_returns.cr_reason_sk = 47)"
                      }
                    ]
                  }
                ]
              },
              {
                "Node Type": "Index Scan",
                "Parent Relationship": "Inner",
                "Parallel Aware": false,
                "Async Capable": false,
                "Scan Direction": "Forward",
                "Index Name": "warehouse_pkey",
                "Relation Name": "warehouse",
                "Schema": "public",
                "Alias": "warehouse",
                "Startup Cost": 0.14,
                "Total Cost": 0.15,
                "Plan Rows": 1,
                "Plan Width": 7,
                "Output": [
                  "warehouse.w_warehouse_sk",
                  "warehouse.w_warehouse_id",
                  "warehouse.w_warehouse_name",
                  "warehouse.w_warehouse_sq_ft",
                  "warehouse.w_street_number",
                  "warehouse.w_street_name",
                  "warehouse.w_street_type",
                  "warehouse.w_suite_number",
                  "warehouse.w_city",
                  "warehouse.w_county",
                  "warehouse.w_state",
                  "warehouse.w_zip",
                  "warehouse.w_country",
                  "warehouse.w_gmt_offset"
                ],
                "Index Cond": "(warehouse.w_warehouse_sk = catalog_sales.cs_warehouse_sk)"
              }
            ]
          }
        ]
      }
    }
  ],
  "original_sql": "select\n   min(w_state)\n  ,min(i_item_id)\n  ,min(cs_item_sk)\n  ,min(cs_order_number)\n  ,min(cr_item_sk)\n  ,min(cr_order_number)\n from\n   catalog_sales left outer join catalog_returns on\n       (cs_order_number = cr_order_number\n        and cs_item_sk = cr_item_sk)\n  ,warehouse\n  ,item\n  ,date_dim\n where\n i_item_sk          = cs_item_sk\n and cs_warehouse_sk    = w_warehouse_sk\n and cs_sold_date_sk    = d_date_sk\n and d_date between (cast ('2000-06-05' as date) - interval '30 day')\n                and (cast ('2000-06-05' as date) + interval '30 day') \n and i_category  = 'Music'\n and i_manager_id between 61 and 100\n and cs_wholesale_cost between 41 and 60\n and cr_reason_sk = 47"
}