{
  "query_id": "query091_agg_s1",
  "engine": "postgresql",
  "benchmark": "dsb_156",
  "scale_factor": 10,
  "execution_time_ms": null,
  "planning_time_ms": 2.0332200001575984,
  "plan_json": [
    {
      "Plan": {
        "Node Type": "Sort",
        "Parallel Aware": false,
        "Async Capable": false,
        "Startup Cost": 55636.21,
        "Total Cost": 55636.22,
        "Plan Rows": 1,
        "Plan Width": 99,
        "Output": [
          "call_center.cc_call_center_id",
          "call_center.cc_name",
          "call_center.cc_manager",
          "(sum(catalog_returns.cr_net_loss))",
          "customer_demographics.cd_marital_status",
          "customer_demographics.cd_education_status"
        ],
        "Sort Key": [
          "(sum(catalog_returns.cr_net_loss)) DESC"
        ],
        "Plans": [
          {
            "Node Type": "Aggregate",
            "Strategy": "Sorted",
            "Partial Mode": "Simple",
            "Parent Relationship": "Outer",
            "Parallel Aware": false,
            "Async Capable": false,
            "Startup Cost": 55636.17,
            "Total Cost": 55636.2,
            "Plan Rows": 1,
            "Plan Width": 99,
            "Output": [
              "call_center.cc_call_center_id",
              "call_center.cc_name",
              "call_center.cc_manager",
              "sum(catalog_returns.cr_net_loss)",
              "customer_demographics.cd_marital_status",
              "customer_demographics.cd_education_status"
            ],
            "Group Key": [
              "call_center.cc_call_center_id",
              "call_center.cc_name",
              "call_center.cc_manager",
              "customer_demographics.cd_marital_status",
              "customer_demographics.cd_education_status"
            ],
            "Plans": [
              {
                "Node Type": "Sort",
                "Parent Relationship": "Outer",
                "Parallel Aware": false,
                "Async Capable": false,
                "Startup Cost": 55636.17,
                "Total Cost": 55636.18,
                "Plan Rows": 1,
                "Plan Width": 73,
                "Output": [
                  "call_center.cc_call_center_id",
                  "call_center.cc_name",
                  "call_center.cc_manager",
                  "customer_demographics.cd_marital_status",
                  "customer_demographics.cd_education_status",
                  "catalog_returns.cr_net_loss"
                ],
                "Sort Key": [
                  "call_center.cc_call_center_id",
                  "call_center.cc_name",
                  "call_center.cc_manager",
                  "customer_demographics.cd_marital_status",
                  "customer_demographics.cd_education_status"
                ],
                "Plans": [
                  {
                    "Node Type": "Gather",
                    "Parent Relationship": "Outer",
                    "Parallel Aware": false,
                    "Async Capable": false,
                    "Startup Cost": 1009.42,
                    "Total Cost": 55636.16,
                    "Plan Rows": 1,
                    "Plan Width": 73,
                    "Output": [
                      "call_center.cc_call_center_id",
                      "call_center.cc_name",
                      "call_center.cc_manager",
                      "customer_demographics.cd_marital_status",
                      "customer_demographics.cd_education_status",
                      "catalog_returns.cr_net_loss"
                    ],
                    "Workers Planned": 2,
                    "Single Copy": false,
                    "Plans": [
                      {
                        "Node Type": "Nested Loop",
                        "Parent Relationship": "Outer",
                        "Parallel Aware": false,
                        "Async Capable": false,
                        "Join Type": "Inner",
                        "Startup Cost": 9.42,
                        "Total Cost": 54636.06,
                        "Plan Rows": 1,
                        "Plan Width": 73,
                        "Output": [
                          "call_center.cc_call_center_id",
                          "call_center.cc_name",
                          "call_center.cc_manager",
                          "customer_demographics.cd_marital_status",
                          "customer_demographics.cd_education_status",
                          "catalog_returns.cr_net_loss"
                        ],
                        "Inner Unique": true,
                        "Plans": [
                          {
                            "Node Type": "Nested Loop",
                            "Parent Relationship": "Outer",
                            "Parallel Aware": false,
                            "Async Capable": false,
                            "Join Type": "Inner",
                            "Startup Cost": 8.99,
                            "Total Cost": 54632.7,
                            "Plan Rows": 5,
                            "Plan Width": 54,
                            "Output": [
                              "call_center.cc_call_center_id",
                              "call_center.cc_name",
                              "call_center.cc_manager",
                              "catalog_returns.cr_net_loss",
                              "customer.c_current_cdemo_sk"
                            ],
                            "Inner Unique": true,
                            "Plans": [
                              {
                                "Node Type": "Nested Loop",
                                "Parent Relationship": "Outer",
                                "Parallel Aware": false,
                                "Async Capable": false,
                                "Join Type": "Inner",
                                "Startup Cost": 8.57,
                                "Total Cost": 54606.79,
                                "Plan Rows": 53,
                                "Plan Width": 58,
                                "Output": [
                                  "call_center.cc_call_center_id",
                                  "call_center.cc_name",
                                  "call_center.cc_manager",
                                  "catalog_returns.cr_net_loss",
                                  "customer.c_current_cdemo_sk",
                                  "customer.c_current_addr_sk"
                                ],
                                "Inner Unique": true,
                                "Plans": [
                                  {
                                    "Node Type": "Nested Loop",
                                    "Parent Relationship": "Outer",
                                    "Parallel Aware": false,
                                    "Async Capable": false,
                                    "Join Type": "Inner",
                                    "Startup Cost": 8.29,
                                    "Total Cost": 54506.47,
                                    "Plan Rows": 331,
                                    "Plan Width": 62,
                                    "Output": [
                                      "call_center.cc_call_center_id",
                                      "call_center.cc_name",
                                      "call_center.cc_manager",
                                      "catalog_returns.cr_net_loss",
                                      "customer.c_current_cdemo_sk",
                                      "customer.c_current_hdemo_sk",
                                      "customer.c_current_addr_sk"
                                    ],
                                    "Inner Unique": true,
                                    "Plans": [
                                      {
                                        "Node Type": "Hash Join",
                                        "Parent Relationship": "Outer",
                                        "Parallel Aware": false,
                                        "Async Capable": false,
                                        "Join Type": "Inner",
                                        "Startup Cost": 7.87,
                                        "Total Cost": 54348.22,
                                        "Plan Rows": 338,
                                        "Plan Width": 54,
                                        "Output": [
                                          "call_center.cc_call_center_id",
                                          "call_center.cc_name",
                                          "call_center.cc_manager",
                                          "catalog_returns.cr_net_loss",
                                          "catalog_returns.cr_returning_customer_sk"
                                        ],
                                        "Inner Unique": true,
                                        "Hash Cond": "(catalog_returns.cr_call_center_sk = call_center.cc_call_center_sk)",
                                        "Plans": [
                                          {
                                            "Node Type": "Hash Join",
                                            "Parent Relationship": "Outer",
                                            "Parallel Aware": false,
                                            "Async Capable": false,
                                            "Join Type": "Inner",
                                            "Startup Cost": 5.33,
                                            "Total Cost": 54344.62,
                                            "Plan Rows": 345,
                                            "Plan Width": 14,
                                            "Output": [
                                              "catalog_returns.cr_net_loss",
                                              "catalog_returns.cr_call_center_sk",
                                              "catalog_returns.cr_returning_customer_sk"
                                            ],
                                            "Inner Unique": true,
                                            "Hash Cond": "(catalog_returns.cr_returned_date_sk = date_dim.d_date_sk)",
                                            "Plans": [
                                              {
                                                "Node Type": "Seq Scan",
                                                "Parent Relationship": "Outer",
                                                "Parallel Aware": true,
                                                "Async Capable": false,
                                                "Relation Name": "catalog_returns",
                                                "Schema": "public",
                                                "Alias": "catalog_returns",
                                                "Startup Cost": 0.0,
                                                "Total Cost": 51978.6,
                                                "Plan Rows": 899260,
                                                "Plan Width": 18,
                                                "Output": [
                                                  "catalog_returns.cr_returned_date_sk",
                                                  "catalog_returns.cr_returned_time_sk",
                                                  "catalog_returns.cr_item_sk",
                                                  "catalog_returns.cr_refunded_customer_sk",
                                                  "catalog_returns.cr_refunded_cdemo_sk",
                                                  "catalog_returns.cr_refunded_hdemo_sk",
                                                  "catalog_returns.cr_refunded_addr_sk",
                                                  "catalog_returns.cr_returning_customer_sk",
                                                  "catalog_returns.cr_returning_cdemo_sk",
                                                  "catalog_returns.cr_returning_hdemo_sk",
                                                  "catalog_returns.cr_returning_addr_sk",
                                                  "catalog_returns.cr_call_center_sk",
                                                  "catalog_returns.cr_catalog_page_sk",
                                                  "catalog_returns.cr_ship_mode_sk",
                                                  "catalog_returns.cr_warehouse_sk",
                                                  "catalog_returns.cr_reason_sk",
                                                  "catalog_returns.cr_order_number",
                                                  "catalog_returns.cr_return_quantity",
                                                  "catalog_returns.cr_return_amount",
                                                  "catalog_returns.cr_return_tax",
                                                  "catalog_returns.cr_return_amt_inc_tax",
                                                  "catalog_returns.cr_fee",
                                                  "catalog_returns.cr_return_ship_cost",
                                                  "catalog_returns.cr_refunded_cash",
                                                  "catalog_returns.cr_reversed_charge",
                                                  "catalog_returns.cr_store_credit",
                                                  "catalog_returns.cr_net_loss"
                                                ]
                                              },
                                              {
                                                "Node Type": "Hash",
                                                "Parent Relationship": "Inner",
                                                "Parallel Aware": false,
                                                "Async Capable": false,
                                                "Startup Cost": 4.98,
                                                "Total Cost": 4.98,
                                                "Plan Rows": 28,
                                                "Plan Width": 4,
                                                "Output": [
                                                  "date_dim.d_date_sk"
                                                ],
                                                "Plans": [
                                                  {
                                                    "Node Type": "Index Only Scan",
                                                    "Parent Relationship": "Outer",
                                                    "Parallel Aware": false,
                                                    "Async Capable": false,
                                                    "Scan Direction": "Forward",
                                                    "Index Name": "_dta_index_date_dim_6_661577395__k9_k7_k1",
                                                    "Relation Name": "date_dim",
                                                    "Schema": "public",
                                                    "Alias": "date_dim",
                                                    "Startup Cost": 0.42,
                                                    "Total Cost": 4.98,
                                                    "Plan Rows": 28,
                                                    "Plan Width": 4,
                                                    "Output": [
                                                      "date_dim.d_date_sk"
                                                    ],
                                                    "Index Cond": "((date_dim.d_moy = 2) AND (date_dim.d_year = 1998))"
                                                  }
                                                ]
                                              }
                                            ]
                                          },
                                          {
                                            "Node Type": "Hash",
                                            "Parent Relationship": "Inner",
                                            "Parallel Aware": false,
                                            "Async Capable": false,
                                            "Startup Cost": 2.24,
                                            "Total Cost": 2.24,
                                            "Plan Rows": 24,
                                            "Plan Width": 48,
                                            "Output": [
                                              "call_center.cc_call_center_id",
                                              "call_center.cc_name",
                                              "call_center.cc_manager",
                                              "call_center.cc_call_center_sk"
                                            ],
                                            "Plans": [
                                              {
                                                "Node Type": "Seq Scan",
                                                "Parent Relationship": "Outer",
                                                "Parallel Aware": false,
                                                "Async Capable": false,
                                                "Relation Name": "call_center",
                                                "Schema": "public",
                                                "Alias": "call_center",
                                                "Startup Cost": 0.0,
                                                "Total Cost": 2.24,
                                                "Plan Rows": 24,
                                                "Plan Width": 48,
                                                "Output": [
                                                  "call_center.cc_call_center_id",
                                                  "call_center.cc_name",
                                                  "call_center.cc_manager",
                                                  "call_center.cc_call_center_sk"
                                                ]
                                              }
                                            ]
                                          }
                                        ]
                                      },
                                      {
                                        "Node Type": "Index Scan",
                                        "Parent Relationship": "Inner",
                                        "Parallel Aware": false,
                                        "Async Capable": false,
                                        "Scan Direction": "Forward",
                                        "Index Name": "_dta_index_customer_6_949578421__k1_k5",
                                        "Relation Name": "customer",
                                        "Schema": "public",
                                        "Alias": "customer",
                                        "Startup Cost": 0.42,
                                        "Total Cost": 0.47,
                                        "Plan Rows": 1,
                                        "Plan Width": 16,
                                        "Output": [
                                          "customer.c_customer_sk",
                                          "customer.c_customer_id",
                                          "customer.c_current_cdemo_sk",
                                          "customer.c_current_hdemo_sk",
                                          "customer.c_current_addr_sk",
                                          "customer.c_first_shipto_date_sk",
                                          "customer.c_first_sales_date_sk",
                                          "customer.c_salutation",
                                          "customer.c_first_name",
                                          "customer.c_last_name",
                                          "customer.c_preferred_cust_flag",
                                          "customer.c_birth_day",
                                          "customer.c_birth_month",
                                          "customer.c_birth_year",
                                          "customer.c_birth_country",
                                          "customer.c_login",
                                          "customer.c_email_address",
                                          "customer.c_last_review_date_sk"
                                        ],
                                        "Index Cond": "(customer.c_customer_sk = catalog_returns.cr_returning_customer_sk)"
                                      }
                                    ]
                                  },
                                  {
                                    "Node Type": "Index Scan",
                                    "Parent Relationship": "Inner",
                                    "Parallel Aware": false,
                                    "Async Capable": false,
                                    "Scan Direction": "Forward",
                                    "Index Name": "household_demographics_pkey",
                                    "Relation Name": "household_demographics",
                                    "Schema": "public",
                                    "Alias": "household_demographics",
                                    "Startup Cost": 0.28,
                                    "Total Cost": 0.3,
                                    "Plan Rows": 1,
                                    "Plan Width": 4,
                                    "Output": [
                                      "household_demographics.hd_demo_sk",
                                      "household_demographics.hd_income_band_sk",
                                      "household_demographics.hd_buy_potential",
                                      "household_demographics.hd_dep_count",
                                      "household_demographics.hd_vehicle_count"
                                    ],
                                    "Index Cond": "(household_demographics.hd_demo_sk = customer.c_current_hdemo_sk)",
                                    "Filter": "(household_demographics.hd_buy_potential ~~ '1001-5000%'::text)"
                                  }
                                ]
                              },
                              {
                                "Node Type": "Index Scan",
                                "Parent Relationship": "Inner",
                                "Parallel Aware": false,
                                "Async Capable": false,
                                "Scan Direction": "Forward",
                                "Index Name": "customer_address_pkey",
                                "Relation Name": "customer_address",
                                "Schema": "public",
                                "Alias": "customer_address",
                                "Startup Cost": 0.42,
                                "Total Cost": 0.49,
                                "Plan Rows": 1,
                                "Plan Width": 4,
                                "Output": [
                                  "customer_address.ca_address_sk",
                                  "customer_address.ca_address_id",
                                  "customer_address.ca_street_number",
                                  "customer_address.ca_street_name",
                                  "customer_address.ca_street_type",
                                  "customer_address.ca_suite_number",
                                  "customer_address.ca_city",
                                  "customer_address.ca_county",
                                  "customer_address.ca_state",
                                  "customer_address.ca_zip",
                                  "customer_address.ca_country",
                                  "customer_address.ca_gmt_offset",
                                  "customer_address.ca_location_type"
                                ],
                                "Index Cond": "(customer_address.ca_address_sk = customer.c_current_addr_sk)",
                                "Filter": "(customer_address.ca_gmt_offset = '-7'::numeric)"
                              }
                            ]
                          },
                          {
                            "Node Type": "Index Scan",
                            "Parent Relationship": "Inner",
                            "Parallel Aware": false,
                            "Async Capable": false,
                            "Scan Direction": "Forward",
                            "Index Name": "customer_demographics_pkey",
                            "Relation Name": "customer_demographics",
                            "Schema": "public",
                            "Alias": "customer_demographics",
                            "Startup Cost": 0.43,
                            "Total Cost": 0.67,
                            "Plan Rows": 1,
                            "Plan Width": 27,
                            "Output": [
                              "customer_demographics.cd_demo_sk",
                              "customer_demographics.cd_gender",
                              "customer_demographics.cd_marital_status",
                              "customer_demographics.cd_education_status",
                              "customer_demographics.cd_purchase_estimate",
                              "customer_demographics.cd_credit_rating",
                              "customer_demographics.cd_dep_count",
                              "customer_demographics.cd_dep_employed_count",
                              "customer_demographics.cd_dep_college_count"
                            ],
                            "Index Cond": "(customer_demographics.cd_demo_sk = customer.c_current_cdemo_sk)",
                            "Filter": "(((customer_demographics.cd_marital_status = 'M'::bpchar) AND (customer_demographics.cd_education_status = 'Unknown'::bpchar)) OR ((customer_demographics.cd_marital_status = 'W'::bpchar) AND (customer_demographics.cd_education_status = 'Advanced Degree'::bpchar)))"
                          }
                        ]
                      }
                    ]
                  }
                ]
              }
            ]
          }
        ]
      }
    }
  ],
  "original_sql": "select  \n        cc_call_center_id Call_Center,\n        cc_name Call_Center_Name,\n        cc_manager Manager,\n        sum(cr_net_loss) Returns_Loss\nfrom\n        call_center,\n        catalog_returns,\n        date_dim,\n        customer,\n        customer_address,\n        customer_demographics,\n        household_demographics\nwhere\n        cr_call_center_sk       = cc_call_center_sk\nand     cr_returned_date_sk     = d_date_sk\nand     cr_returning_customer_sk= c_customer_sk\nand     cd_demo_sk              = c_current_cdemo_sk\nand     hd_demo_sk              = c_current_hdemo_sk\nand     ca_address_sk           = c_current_addr_sk\nand     d_year                  = 1998 \nand     d_moy                   = 2\nand     ( (cd_marital_status       = 'M' and cd_education_status     = 'Unknown')\n        or(cd_marital_status       = 'W' and cd_education_status     = 'Advanced Degree'))\nand     hd_buy_potential like '1001-5000%'\nand     ca_gmt_offset           = -7\ngroup by cc_call_center_id,cc_name,cc_manager,cd_marital_status,cd_education_status\norder by sum(cr_net_loss) desc"
}