{
  "query_id": "query099_spj_spj_s1",
  "engine": "postgresql",
  "benchmark": "dsb_156",
  "scale_factor": 10,
  "execution_time_ms": null,
  "planning_time_ms": 1.1614840004767757,
  "plan_json": [
    {
      "Plan": {
        "Node Type": "Aggregate",
        "Strategy": "Plain",
        "Partial Mode": "Finalize",
        "Parallel Aware": false,
        "Async Capable": false,
        "Startup Cost": 88658.24,
        "Total Cost": 88658.25,
        "Plan Rows": 1,
        "Plan Width": 104,
        "Output": [
          "min((warehouse.w_warehouse_name)::text)",
          "min(ship_mode.sm_type)",
          "min((call_center.cc_name)::text)",
          "min(catalog_sales.cs_order_number)",
          "min(catalog_sales.cs_item_sk)"
        ],
        "Plans": [
          {
            "Node Type": "Gather",
            "Parent Relationship": "Outer",
            "Parallel Aware": false,
            "Async Capable": false,
            "Startup Cost": 88658.0,
            "Total Cost": 88658.21,
            "Plan Rows": 2,
            "Plan Width": 104,
            "Output": [
              "(PARTIAL min((warehouse.w_warehouse_name)::text))",
              "(PARTIAL min(ship_mode.sm_type))",
              "(PARTIAL min((call_center.cc_name)::text))",
              "(PARTIAL min(catalog_sales.cs_order_number))",
              "(PARTIAL min(catalog_sales.cs_item_sk))"
            ],
            "Workers Planned": 2,
            "Single Copy": false,
            "Plans": [
              {
                "Node Type": "Aggregate",
                "Strategy": "Plain",
                "Partial Mode": "Partial",
                "Parent Relationship": "Outer",
                "Parallel Aware": false,
                "Async Capable": false,
                "Startup Cost": 87658.0,
                "Total Cost": 87658.01,
                "Plan Rows": 1,
                "Plan Width": 104,
                "Output": [
                  "PARTIAL min((warehouse.w_warehouse_name)::text)",
                  "PARTIAL min(ship_mode.sm_type)",
                  "PARTIAL min((call_center.cc_name)::text)",
                  "PARTIAL min(catalog_sales.cs_order_number)",
                  "PARTIAL min(catalog_sales.cs_item_sk)"
                ],
                "Plans": [
                  {
                    "Node Type": "Nested Loop",
                    "Parent Relationship": "Outer",
                    "Parallel Aware": false,
                    "Async Capable": false,
                    "Join Type": "Inner",
                    "Startup Cost": 0.98,
                    "Total Cost": 87657.49,
                    "Plan Rows": 41,
                    "Plan Width": 70,
                    "Output": [
                      "warehouse.w_warehouse_name",
                      "ship_mode.sm_type",
                      "call_center.cc_name",
                      "catalog_sales.cs_order_number",
                      "catalog_sales.cs_item_sk"
                    ],
                    "Inner Unique": false,
                    "Plans": [
                      {
                        "Node Type": "Index Only Scan",
                        "Parent Relationship": "Outer",
                        "Parallel Aware": true,
                        "Async Capable": false,
                        "Scan Direction": "Forward",
                        "Index Name": "_dta_index_date_dim_6_661577395__k7_k4_k9_k1",
                        "Relation Name": "date_dim",
                        "Schema": "public",
                        "Alias": "date_dim",
                        "Startup Cost": 0.42,
                        "Total Cost": 1870.17,
                        "Plan Rows": 326,
                        "Plan Width": 4,
                        "Output": [
                          "date_dim.d_year",
                          "date_dim.d_month_seq",
                          "date_dim.d_moy",
                          "date_dim.d_date_sk"
                        ],
                        "Index Cond": "((date_dim.d_month_seq >= 1192) AND (date_dim.d_month_seq <= 1215))"
                      },
                      {
                        "Node Type": "Nested Loop",
                        "Parent Relationship": "Inner",
                        "Parallel Aware": false,
                        "Async Capable": false,
                        "Join Type": "Inner",
                        "Startup Cost": 0.56,
                        "Total Cost": 262.91,
                        "Plan Rows": 24,
                        "Plan Width": 74,
                        "Output": [
                          "catalog_sales.cs_order_number",
                          "catalog_sales.cs_item_sk",
                          "catalog_sales.cs_ship_date_sk",
                          "warehouse.w_warehouse_name",
                          "ship_mode.sm_type",
                          "call_center.cc_name"
                        ],
                        "Inner Unique": false,
                        "Plans": [
                          {
                            "Node Type": "Seq Scan",
                            "Parent Relationship": "Outer",
                            "Parallel Aware": false,
                            "Async Capable": false,
                            "Relation Name": "call_center",
                            "Schema": "public",
                            "Alias": "call_center",
                            "Startup Cost": 0.0,
                            "Total Cost": 2.3,
                            "Plan Rows": 3,
                            "Plan Width": 18,
                            "Output": [
                              "call_center.cc_call_center_sk",
                              "call_center.cc_call_center_id",
                              "call_center.cc_rec_start_date",
                              "call_center.cc_rec_end_date",
                              "call_center.cc_closed_date_sk",
                              "call_center.cc_open_date_sk",
                              "call_center.cc_name",
                              "call_center.cc_class",
                              "call_center.cc_employees",
                              "call_center.cc_sq_ft",
                              "call_center.cc_hours",
                              "call_center.cc_manager",
                              "call_center.cc_mkt_id",
                              "call_center.cc_mkt_class",
                              "call_center.cc_mkt_desc",
                              "call_center.cc_market_manager",
                              "call_center.cc_division",
                              "call_center.cc_division_name",
                              "call_center.cc_company",
                              "call_center.cc_company_name",
                              "call_center.cc_street_number",
                              "call_center.cc_street_name",
                              "call_center.cc_street_type",
                              "call_center.cc_suite_number",
                              "call_center.cc_city",
                              "call_center.cc_county",
                              "call_center.cc_state",
                              "call_center.cc_zip",
                              "call_center.cc_country",
                              "call_center.cc_gmt_offset",
                              "call_center.cc_tax_percentage"
                            ],
                            "Filter": "((call_center.cc_class)::text = 'small'::text)"
                          },
                          {
                            "Node Type": "Nested Loop",
                            "Parent Relationship": "Inner",
                            "Parallel Aware": false,
                            "Async Capable": false,
                            "Join Type": "Inner",
                            "Startup Cost": 0.56,
                            "Total Cost": 86.79,
                            "Plan Rows": 8,
                            "Plan Width": 64,
                            "Output": [
                              "catalog_sales.cs_order_number",
                              "catalog_sales.cs_item_sk",
                              "catalog_sales.cs_ship_date_sk",
                              "catalog_sales.cs_call_center_sk",
                              "warehouse.w_warehouse_name",
                              "ship_mode.sm_type"
                            ],
                            "Inner Unique": false,
                            "Plans": [
                              {
                                "Node Type": "Seq Scan",
                                "Parent Relationship": "Outer",
                                "Parallel Aware": false,
                                "Async Capable": false,
                                "Relation Name": "warehouse",
                                "Schema": "public",
                                "Alias": "warehouse",
                                "Startup Cost": 0.0,
                                "Total Cost": 1.12,
                                "Plan Rows": 2,
                                "Plan Width": 21,
                                "Output": [
                                  "warehouse.w_warehouse_sk",
                                  "warehouse.w_warehouse_id",
                                  "warehouse.w_warehouse_name",
                                  "warehouse.w_warehouse_sq_ft",
                                  "warehouse.w_street_number",
                                  "warehouse.w_street_name",
                                  "warehouse.w_street_type",
                                  "warehouse.w_suite_number",
                                  "warehouse.w_city",
                                  "warehouse.w_county",
                                  "warehouse.w_state",
                                  "warehouse.w_zip",
                                  "warehouse.w_country",
                                  "warehouse.w_gmt_offset"
                                ],
                                "Filter": "(warehouse.w_gmt_offset = '-5'::numeric)"
                              },
                              {
                                "Node Type": "Nested Loop",
                                "Parent Relationship": "Inner",
                                "Parallel Aware": false,
                                "Async Capable": false,
                                "Join Type": "Inner",
                                "Startup Cost": 0.56,
                                "Total Cost": 42.79,
                                "Plan Rows": 4,
                                "Plan Width": 51,
                                "Output": [
                                  "catalog_sales.cs_order_number",
                                  "catalog_sales.cs_item_sk",
                                  "catalog_sales.cs_ship_date_sk",
                                  "catalog_sales.cs_warehouse_sk",
                                  "catalog_sales.cs_call_center_sk",
                                  "ship_mode.sm_type"
                                ],
                                "Inner Unique": false,
                                "Plans": [
                                  {
                                    "Node Type": "Seq Scan",
                                    "Parent Relationship": "Outer",
                                    "Parallel Aware": false,
                                    "Async Capable": false,
                                    "Relation Name": "ship_mode",
                                    "Schema": "public",
                                    "Alias": "ship_mode",
                                    "Startup Cost": 0.0,
                                    "Total Cost": 1.25,
                                    "Plan Rows": 4,
                                    "Plan Width": 35,
                                    "Output": [
                                      "ship_mode.sm_ship_mode_sk",
                                      "ship_mode.sm_ship_mode_id",
                                      "ship_mode.sm_type",
                                      "ship_mode.sm_code",
                                      "ship_mode.sm_carrier",
                                      "ship_mode.sm_contract"
                                    ],
                                    "Filter": "(ship_mode.sm_type = 'EXPRESS'::bpchar)"
                                  },
                                  {
                                    "Node Type": "Index Scan",
                                    "Parent Relationship": "Inner",
                                    "Parallel Aware": false,
                                    "Async Capable": false,
                                    "Scan Direction": "Forward",
                                    "Index Name": "_dta_index_catalog_sales_6_1301579675__k3_k12_k14_k15_16_18",
                                    "Relation Name": "catalog_sales",
                                    "Schema": "public",
                                    "Alias": "catalog_sales",
                                    "Startup Cost": 0.56,
                                    "Total Cost": 10.38,
                                    "Plan Rows": 1,
                                    "Plan Width": 24,
                                    "Output": [
                                      "catalog_sales.cs_sold_date_sk",
                                      "catalog_sales.cs_sold_time_sk",
                                      "catalog_sales.cs_ship_date_sk",
                                      "catalog_sales.cs_bill_customer_sk",
                                      "catalog_sales.cs_bill_cdemo_sk",
                                      "catalog_sales.cs_bill_hdemo_sk",
                                      "catalog_sales.cs_bill_addr_sk",
                                      "catalog_sales.cs_ship_customer_sk",
                                      "catalog_sales.cs_ship_cdemo_sk",
                                      "catalog_sales.cs_ship_hdemo_sk",
                                      "catalog_sales.cs_ship_addr_sk",
                                      "catalog_sales.cs_call_center_sk",
                                      "catalog_sales.cs_catalog_page_sk",
                                      "catalog_sales.cs_ship_mode_sk",
                                      "catalog_sales.cs_warehouse_sk",
                                      "catalog_sales.cs_item_sk",
                                      "catalog_sales.cs_promo_sk",
                                      "catalog_sales.cs_order_number",
                                      "catalog_sales.cs_quantity",
                                      "catalog_sales.cs_wholesale_cost",
                                      "catalog_sales.cs_list_price",
                                      "catalog_sales.cs_sales_price",
                                      "catalog_sales.cs_ext_discount_amt",
                                      "catalog_sales.cs_ext_sales_price",
                                      "catalog_sales.cs_ext_wholesale_cost",
                                      "catalog_sales.cs_ext_list_price",
                                      "catalog_sales.cs_ext_tax",
                                      "catalog_sales.cs_coupon_amt",
                                      "catalog_sales.cs_ext_ship_cost",
                                      "catalog_sales.cs_net_paid",
                                      "catalog_sales.cs_net_paid_inc_tax",
                                      "catalog_sales.cs_net_paid_inc_ship",
                                      "catalog_sales.cs_net_paid_inc_ship_tax",
                                      "catalog_sales.cs_net_profit"
                                    ],
                                    "Index Cond": "((catalog_sales.cs_ship_date_sk = date_dim.d_date_sk) AND (catalog_sales.cs_call_center_sk = call_center.cc_call_center_sk) AND (catalog_sales.cs_ship_mode_sk = ship_mode.sm_ship_mode_sk) AND (catalog_sales.cs_warehouse_sk = warehouse.w_warehouse_sk))",
                                    "Filter": "((catalog_sales.cs_list_price >= '86'::numeric) AND (catalog_sales.cs_list_price <= '115'::numeric))"
                                  }
                                ]
                              }
                            ]
                          }
                        ]
                      }
                    ]
                  }
                ]
              }
            ]
          }
        ]
      }
    }
  ],
  "original_sql": "select min(w_warehouse_name)\n  ,min(sm_type)\n  ,min(cc_name)\n  ,min(cs_order_number)\n  ,min(cs_item_sk)\nfrom\n   catalog_sales\n  ,warehouse\n  ,ship_mode\n  ,call_center\n  ,date_dim\nwhere\n    d_month_seq between 1192 and 1192 + 23\nand cs_ship_date_sk   = d_date_sk\nand cs_warehouse_sk   = w_warehouse_sk\nand cs_ship_mode_sk   = sm_ship_mode_sk\nand cs_call_center_sk = cc_call_center_sk\nand cs_list_price between 86 and 115\nand sm_type = 'EXPRESS'\nand cc_class = 'small'\nand w_gmt_offset = -5"
}