{
  "query_id": "query101_agg_s2",
  "engine": "postgresql",
  "benchmark": "dsb_156",
  "scale_factor": 10,
  "execution_time_ms": null,
  "planning_time_ms": 26.38772999853245,
  "plan_json": [
    {
      "Plan": {
        "Node Type": "Sort",
        "Parallel Aware": false,
        "Async Capable": false,
        "Startup Cost": 42469.72,
        "Total Cost": 42469.72,
        "Plan Rows": 1,
        "Plan Width": 64,
        "Output": [
          "customer.c_customer_sk",
          "customer.c_first_name",
          "customer.c_last_name",
          "(count(*))"
        ],
        "Sort Key": [
          "(count(*))"
        ],
        "Plans": [
          {
            "Node Type": "Aggregate",
            "Strategy": "Sorted",
            "Partial Mode": "Simple",
            "Parent Relationship": "Outer",
            "Parallel Aware": false,
            "Async Capable": false,
            "Startup Cost": 41988.03,
            "Total Cost": 42469.71,
            "Plan Rows": 1,
            "Plan Width": 64,
            "Output": [
              "customer.c_customer_sk",
              "customer.c_first_name",
              "customer.c_last_name",
              "count(*)"
            ],
            "Group Key": [
              "customer.c_customer_sk"
            ],
            "Plans": [
              {
                "Node Type": "Nested Loop",
                "Parent Relationship": "Outer",
                "Parallel Aware": false,
                "Async Capable": false,
                "Join Type": "Inner",
                "Startup Cost": 41988.03,
                "Total Cost": 42469.69,
                "Plan Rows": 1,
                "Plan Width": 56,
                "Output": [
                  "customer.c_customer_sk",
                  "customer.c_first_name",
                  "customer.c_last_name"
                ],
                "Inner Unique": true,
                "Plans": [
                  {
                    "Node Type": "Nested Loop",
                    "Parent Relationship": "Outer",
                    "Parallel Aware": false,
                    "Async Capable": false,
                    "Join Type": "Inner",
                    "Startup Cost": 41987.61,
                    "Total Cost": 42466.19,
                    "Plan Rows": 1,
                    "Plan Width": 60,
                    "Output": [
                      "customer.c_customer_sk",
                      "customer.c_first_name",
                      "customer.c_last_name",
                      "customer.c_current_addr_sk"
                    ],
                    "Inner Unique": true,
                    "Join Filter": "((d2.d_date >= d1.d_date) AND (d2.d_date <= (d1.d_date + '90 days'::interval)))",
                    "Plans": [
                      {
                        "Node Type": "Nested Loop",
                        "Parent Relationship": "Outer",
                        "Parallel Aware": false,
                        "Async Capable": false,
                        "Join Type": "Inner",
                        "Startup Cost": 41987.32,
                        "Total Cost": 42462.84,
                        "Plan Rows": 1,
                        "Plan Width": 68,
                        "Output": [
                          "web_sales.ws_sold_date_sk",
                          "d1.d_date",
                          "customer.c_customer_sk",
                          "customer.c_first_name",
                          "customer.c_last_name",
                          "customer.c_current_addr_sk"
                        ],
                        "Inner Unique": false,
                        "Plans": [
                          {
                            "Node Type": "Gather Merge",
                            "Parent Relationship": "Outer",
                            "Parallel Aware": false,
                            "Async Capable": false,
                            "Startup Cost": 41982.89,
                            "Total Cost": 41983.01,
                            "Plan Rows": 1,
                            "Plan Width": 80,
                            "Output": [
                              "store_sales.ss_customer_sk",
                              "store_sales.ss_item_sk",
                              "store_returns.sr_item_sk",
                              "d1.d_date",
                              "item.i_item_sk",
                              "customer.c_customer_sk",
                              "customer.c_first_name",
                              "customer.c_last_name",
                              "customer.c_current_addr_sk"
                            ],
                            "Workers Planned": 2,
                            "Plans": [
                              {
                                "Node Type": "Sort",
                                "Parent Relationship": "Outer",
                                "Parallel Aware": false,
                                "Async Capable": false,
                                "Startup Cost": 40982.87,
                                "Total Cost": 40982.87,
                                "Plan Rows": 1,
                                "Plan Width": 80,
                                "Output": [
                                  "store_sales.ss_customer_sk",
                                  "store_sales.ss_item_sk",
                                  "store_returns.sr_item_sk",
                                  "d1.d_date",
                                  "item.i_item_sk",
                                  "customer.c_customer_sk",
                                  "customer.c_first_name",
                                  "customer.c_last_name",
                                  "customer.c_current_addr_sk"
                                ],
                                "Sort Key": [
                                  "store_sales.ss_customer_sk"
                                ],
                                "Plans": [
                                  {
                                    "Node Type": "Nested Loop",
                                    "Parent Relationship": "Outer",
                                    "Parallel Aware": false,
                                    "Async Capable": false,
                                    "Join Type": "Inner",
                                    "Startup Cost": 2241.44,
                                    "Total Cost": 40982.86,
                                    "Plan Rows": 1,
                                    "Plan Width": 80,
                                    "Output": [
                                      "store_sales.ss_customer_sk",
                                      "store_sales.ss_item_sk",
                                      "store_returns.sr_item_sk",
                                      "d1.d_date",
                                      "item.i_item_sk",
                                      "customer.c_customer_sk",
                                      "customer.c_first_name",
                                      "customer.c_last_name",
                                      "customer.c_current_addr_sk"
                                    ],
                                    "Inner Unique": true,
                                    "Plans": [
                                      {
                                        "Node Type": "Nested Loop",
                                        "Parent Relationship": "Outer",
                                        "Parallel Aware": false,
                                        "Async Capable": false,
                                        "Join Type": "Inner",
                                        "Startup Cost": 2241.16,
                                        "Total Cost": 40950.13,
                                        "Plan Rows": 10,
                                        "Plan Width": 84,
                                        "Output": [
                                          "store_sales.ss_customer_sk",
                                          "store_sales.ss_item_sk",
                                          "store_returns.sr_item_sk",
                                          "d1.d_date",
                                          "item.i_item_sk",
                                          "customer.c_customer_sk",
                                          "customer.c_first_name",
                                          "customer.c_last_name",
                                          "customer.c_current_addr_sk",
                                          "customer.c_current_hdemo_sk"
                                        ],
                                        "Inner Unique": true,
                                        "Plans": [
                                          {
                                            "Node Type": "Nested Loop",
                                            "Parent Relationship": "Outer",
                                            "Parallel Aware": false,
                                            "Async Capable": false,
                                            "Join Type": "Inner",
                                            "Startup Cost": 2240.74,
                                            "Total Cost": 40914.08,
                                            "Plan Rows": 10,
                                            "Plan Width": 20,
                                            "Output": [
                                              "store_sales.ss_customer_sk",
                                              "store_sales.ss_item_sk",
                                              "store_returns.sr_item_sk",
                                              "d1.d_date",
                                              "item.i_item_sk"
                                            ],
                                            "Inner Unique": true,
                                            "Plans": [
                                              {
                                                "Node Type": "Hash Join",
                                                "Parent Relationship": "Outer",
                                                "Parallel Aware": true,
                                                "Async Capable": false,
                                                "Join Type": "Inner",
                                                "Startup Cost": 2240.3,
                                                "Total Cost": 25511.67,
                                                "Plan Rows": 3845,
                                                "Plan Width": 16,
                                                "Output": [
                                                  "store_returns.sr_ticket_number",
                                                  "store_returns.sr_item_sk",
                                                  "d1.d_date",
                                                  "item.i_item_sk"
                                                ],
                                                "Inner Unique": true,
                                                "Hash Cond": "(store_returns.sr_item_sk = item.i_item_sk)",
                                                "Plans": [
                                                  {
                                                    "Node Type": "Nested Loop",
                                                    "Parent Relationship": "Outer",
                                                    "Parallel Aware": false,
                                                    "Async Capable": false,
                                                    "Join Type": "Inner",
                                                    "Startup Cost": 0.72,
                                                    "Total Cost": 23234.41,
                                                    "Plan Rows": 14358,
                                                    "Plan Width": 12,
                                                    "Output": [
                                                      "store_returns.sr_ticket_number",
                                                      "store_returns.sr_item_sk",
                                                      "d1.d_date"
                                                    ],
                                                    "Inner Unique": false,
                                                    "Plans": [
                                                      {
                                                        "Node Type": "Index Scan",
                                                        "Parent Relationship": "Outer",
                                                        "Parallel Aware": true,
                                                        "Async Capable": false,
                                                        "Scan Direction": "Forward",
                                                        "Index Name": "date_dim_pkey",
                                                        "Relation Name": "date_dim",
                                                        "Schema": "public",
                                                        "Alias": "d1",
                                                        "Startup Cost": 0.29,
                                                        "Total Cost": 2962.0,
                                                        "Plan Rows": 151,
                                                        "Plan Width": 8,
                                                        "Output": [
                                                          "d1.d_date_sk",
                                                          "d1.d_date_id",
                                                          "d1.d_date",
                                                          "d1.d_month_seq",
                                                          "d1.d_week_seq",
                                                          "d1.d_quarter_seq",
                                                          "d1.d_year",
                                                          "d1.d_dow",
                                                          "d1.d_moy",
                                                          "d1.d_dom",
                                                          "d1.d_qoy",
                                                          "d1.d_fy_year",
                                                          "d1.d_fy_quarter_seq",
                                                          "d1.d_fy_week_seq",
                                                          "d1.d_day_name",
                                                          "d1.d_quarter_name",
                                                          "d1.d_holiday",
                                                          "d1.d_weekend",
                                                          "d1.d_following_holiday",
                                                          "d1.d_first_dom",
                                                          "d1.d_last_dom",
                                                          "d1.d_same_day_ly",
                                                          "d1.d_same_day_lq",
                                                          "d1.d_current_day",
                                                          "d1.d_current_week",
                                                          "d1.d_current_month",
                                                          "d1.d_current_quarter",
                                                          "d1.d_current_year"
                                                        ],
                                                        "Filter": "(d1.d_year = 2000)"
                                                      },
                                                      {
                                                        "Node Type": "Index Only Scan",
                                                        "Parent Relationship": "Inner",
                                                        "Parallel Aware": false,
                                                        "Async Capable": false,
                                                        "Scan Direction": "Forward",
                                                        "Index Name": "_dta_index_store_returns_6_1013578649__k1_3_4_10",
                                                        "Relation Name": "store_returns",
                                                        "Schema": "public",
                                                        "Alias": "store_returns",
                                                        "Startup Cost": 0.43,
                                                        "Total Cost": 103.03,
                                                        "Plan Rows": 3122,
                                                        "Plan Width": 12,
                                                        "Output": [
                                                          "store_returns.sr_returned_date_sk",
                                                          "store_returns.sr_item_sk",
                                                          "store_returns.sr_customer_sk",
                                                          "store_returns.sr_ticket_number"
                                                        ],
                                                        "Index Cond": "(store_returns.sr_returned_date_sk = d1.d_date_sk)"
                                                      }
                                                    ]
                                                  },
                                                  {
                                                    "Node Type": "Hash",
                                                    "Parent Relationship": "Inner",
                                                    "Parallel Aware": true,
                                                    "Async Capable": false,
                                                    "Startup Cost": 2038.75,
                                                    "Total Cost": 2038.75,
                                                    "Plan Rows": 16066,
                                                    "Plan Width": 4,
                                                    "Output": [
                                                      "item.i_item_sk"
                                                    ],
                                                    "Plans": [
                                                      {
                                                        "Node Type": "Index Only Scan",
                                                        "Parent Relationship": "Outer",
                                                        "Parallel Aware": true,
                                                        "Async Capable": false,
                                                        "Scan Direction": "Forward",
                                                        "Index Name": "_dta_index_item_6_853578079__k13_k11_k1",
                                                        "Relation Name": "item",
                                                        "Schema": "public",
                                                        "Alias": "item",
                                                        "Startup Cost": 0.42,
                                                        "Total Cost": 2038.75,
                                                        "Plan Rows": 16066,
                                                        "Plan Width": 4,
                                                        "Output": [
                                                          "item.i_item_sk"
                                                        ],
                                                        "Index Cond": "(item.i_category = ANY ('{Children,Home,Women}'::bpchar[]))"
                                                      }
                                                    ]
                                                  }
                                                ]
                                              },
                                              {
                                                "Node Type": "Index Scan",
                                                "Parent Relationship": "Inner",
                                                "Parallel Aware": false,
                                                "Async Capable": false,
                                                "Scan Direction": "Forward",
                                                "Index Name": "_dta_index_store_sales_6_1333579789__k10_k3",
                                                "Relation Name": "store_sales",
                                                "Schema": "public",
                                                "Alias": "store_sales",
                                                "Startup Cost": 0.44,
                                                "Total Cost": 4.01,
                                                "Plan Rows": 1,
                                                "Plan Width": 12,
                                                "Output": [
                                                  "store_sales.ss_sold_date_sk",
                                                  "store_sales.ss_sold_time_sk",
                                                  "store_sales.ss_item_sk",
                                                  "store_sales.ss_customer_sk",
                                                  "store_sales.ss_cdemo_sk",
                                                  "store_sales.ss_hdemo_sk",
                                                  "store_sales.ss_addr_sk",
                                                  "store_sales.ss_store_sk",
                                                  "store_sales.ss_promo_sk",
                                                  "store_sales.ss_ticket_number",
                                                  "store_sales.ss_quantity",
                                                  "store_sales.ss_wholesale_cost",
                                                  "store_sales.ss_list_price",
                                                  "store_sales.ss_sales_price",
                                                  "store_sales.ss_ext_discount_amt",
                                                  "store_sales.ss_ext_sales_price",
                                                  "store_sales.ss_ext_wholesale_cost",
                                                  "store_sales.ss_ext_list_price",
                                                  "store_sales.ss_ext_tax",
                                                  "store_sales.ss_coupon_amt",
                                                  "store_sales.ss_net_paid",
                                                  "store_sales.ss_net_paid_inc_tax",
                                                  "store_sales.ss_net_profit"
                                                ],
                                                "Index Cond": "((store_sales.ss_ticket_number = store_returns.sr_ticket_number) AND (store_sales.ss_item_sk = store_returns.sr_item_sk))",
                                                "Filter": "(((store_sales.ss_sales_price / store_sales.ss_list_price) >= 0.76) AND ((store_sales.ss_sales_price / store_sales.ss_list_price) <= 0.96))"
                                              }
                                            ]
                                          },
                                          {
                                            "Node Type": "Index Scan",
                                            "Parent Relationship": "Inner",
                                            "Parallel Aware": false,
                                            "Async Capable": false,
                                            "Scan Direction": "Forward",
                                            "Index Name": "_dta_index_customer_6_949578421__k1_k5",
                                            "Relation Name": "customer",
                                            "Schema": "public",
                                            "Alias": "customer",
                                            "Startup Cost": 0.42,
                                            "Total Cost": 3.6,
                                            "Plan Rows": 1,
                                            "Plan Width": 64,
                                            "Output": [
                                              "customer.c_customer_sk",
                                              "customer.c_customer_id",
                                              "customer.c_current_cdemo_sk",
                                              "customer.c_current_hdemo_sk",
                                              "customer.c_current_addr_sk",
                                              "customer.c_first_shipto_date_sk",
                                              "customer.c_first_sales_date_sk",
                                              "customer.c_salutation",
                                              "customer.c_first_name",
                                              "customer.c_last_name",
                                              "customer.c_preferred_cust_flag",
                                              "customer.c_birth_day",
                                              "customer.c_birth_month",
                                              "customer.c_birth_year",
                                              "customer.c_birth_country",
                                              "customer.c_login",
                                              "customer.c_email_address",
                                              "customer.c_last_review_date_sk"
                                            ],
                                            "Index Cond": "(customer.c_customer_sk = store_sales.ss_customer_sk)"
                                          }
                                        ]
                                      },
                                      {
                                        "Node Type": "Index Scan",
                                        "Parent Relationship": "Inner",
                                        "Parallel Aware": false,
                                        "Async Capable": false,
                                        "Scan Direction": "Forward",
                                        "Index Name": "household_demographics_pkey",
                                        "Relation Name": "household_demographics",
                                        "Schema": "public",
                                        "Alias": "household_demographics",
                                        "Startup Cost": 0.28,
                                        "Total Cost": 3.27,
                                        "Plan Rows": 1,
                                        "Plan Width": 4,
                                        "Output": [
                                          "household_demographics.hd_demo_sk",
                                          "household_demographics.hd_income_band_sk",
                                          "household_demographics.hd_buy_potential",
                                          "household_demographics.hd_dep_count",
                                          "household_demographics.hd_vehicle_count"
                                        ],
                                        "Index Cond": "(household_demographics.hd_demo_sk = customer.c_current_hdemo_sk)",
                                        "Filter": "((household_demographics.hd_income_band_sk >= 8) AND (household_demographics.hd_income_band_sk <= 14) AND (household_demographics.hd_buy_potential = '501-1000'::bpchar))"
                                      }
                                    ]
                                  }
                                ]
                              }
                            ]
                          },
                          {
                            "Node Type": "Bitmap Heap Scan",
                            "Parent Relationship": "Inner",
                            "Parallel Aware": false,
                            "Async Capable": false,
                            "Relation Name": "web_sales",
                            "Schema": "public",
                            "Alias": "web_sales",
                            "Startup Cost": 4.43,
                            "Total Cost": 479.82,
                            "Plan Rows": 1,
                            "Plan Width": 12,
                            "Output": [
                              "web_sales.ws_sold_date_sk",
                              "web_sales.ws_sold_time_sk",
                              "web_sales.ws_ship_date_sk",
                              "web_sales.ws_item_sk",
                              "web_sales.ws_bill_customer_sk",
                              "web_sales.ws_bill_cdemo_sk",
                              "web_sales.ws_bill_hdemo_sk",
                              "web_sales.ws_bill_addr_sk",
                              "web_sales.ws_ship_customer_sk",
                              "web_sales.ws_ship_cdemo_sk",
                              "web_sales.ws_ship_hdemo_sk",
                              "web_sales.ws_ship_addr_sk",
                              "web_sales.ws_web_page_sk",
                              "web_sales.ws_web_site_sk",
                              "web_sales.ws_ship_mode_sk",
                              "web_sales.ws_warehouse_sk",
                              "web_sales.ws_promo_sk",
                              "web_sales.ws_order_number",
                              "web_sales.ws_quantity",
                              "web_sales.ws_wholesale_cost",
                              "web_sales.ws_list_price",
                              "web_sales.ws_sales_price",
                              "web_sales.ws_ext_discount_amt",
                              "web_sales.ws_ext_sales_price",
                              "web_sales.ws_ext_wholesale_cost",
                              "web_sales.ws_ext_list_price",
                              "web_sales.ws_ext_tax",
                              "web_sales.ws_coupon_amt",
                              "web_sales.ws_ext_ship_cost",
                              "web_sales.ws_net_paid",
                              "web_sales.ws_net_paid_inc_tax",
                              "web_sales.ws_net_paid_inc_ship",
                              "web_sales.ws_net_paid_inc_ship_tax",
                              "web_sales.ws_net_profit"
                            ],
                            "Recheck Cond": "(web_sales.ws_item_sk = store_sales.ss_item_sk)",
                            "Filter": "(store_sales.ss_customer_sk = web_sales.ws_bill_customer_sk)",
                            "Plans": [
                              {
                                "Node Type": "Bitmap Index Scan",
                                "Parent Relationship": "Outer",
                                "Parallel Aware": false,
                                "Async Capable": false,
                                "Index Name": "web_sales_pkey",
                                "Startup Cost": 0.0,
                                "Total Cost": 4.43,
                                "Plan Rows": 303,
                                "Plan Width": 0,
                                "Index Cond": "(web_sales.ws_item_sk = store_sales.ss_item_sk)"
                              }
                            ]
                          }
                        ]
                      },
                      {
                        "Node Type": "Index Scan",
                        "Parent Relationship": "Inner",
                        "Parallel Aware": false,
                        "Async Capable": false,
                        "Scan Direction": "Forward",
                        "Index Name": "date_dim_pkey",
                        "Relation Name": "date_dim",
                        "Schema": "public",
                        "Alias": "d2",
                        "Startup Cost": 0.29,
                        "Total Cost": 3.34,
                        "Plan Rows": 1,
                        "Plan Width": 8,
                        "Output": [
                          "d2.d_date_sk",
                          "d2.d_date_id",
                          "d2.d_date",
                          "d2.d_month_seq",
                          "d2.d_week_seq",
                          "d2.d_quarter_seq",
                          "d2.d_year",
                          "d2.d_dow",
                          "d2.d_moy",
                          "d2.d_dom",
                          "d2.d_qoy",
                          "d2.d_fy_year",
                          "d2.d_fy_quarter_seq",
                          "d2.d_fy_week_seq",
                          "d2.d_day_name",
                          "d2.d_quarter_name",
                          "d2.d_holiday",
                          "d2.d_weekend",
                          "d2.d_following_holiday",
                          "d2.d_first_dom",
                          "d2.d_last_dom",
                          "d2.d_same_day_ly",
                          "d2.d_same_day_lq",
                          "d2.d_current_day",
                          "d2.d_current_week",
                          "d2.d_current_month",
                          "d2.d_current_quarter",
                          "d2.d_current_year"
                        ],
                        "Index Cond": "(d2.d_date_sk = web_sales.ws_sold_date_sk)"
                      }
                    ]
                  },
                  {
                    "Node Type": "Index Scan",
                    "Parent Relationship": "Inner",
                    "Parallel Aware": false,
                    "Async Capable": false,
                    "Scan Direction": "Forward",
                    "Index Name": "customer_address_pkey",
                    "Relation Name": "customer_address",
                    "Schema": "public",
                    "Alias": "customer_address",
                    "Startup Cost": 0.42,
                    "Total Cost": 3.5,
                    "Plan Rows": 1,
                    "Plan Width": 4,
                    "Output": [
                      "customer_address.ca_address_sk",
                      "customer_address.ca_address_id",
                      "customer_address.ca_street_number",
                      "customer_address.ca_street_name",
                      "customer_address.ca_street_type",
                      "customer_address.ca_suite_number",
                      "customer_address.ca_city",
                      "customer_address.ca_county",
                      "customer_address.ca_state",
                      "customer_address.ca_zip",
                      "customer_address.ca_country",
                      "customer_address.ca_gmt_offset",
                      "customer_address.ca_location_type"
                    ],
                    "Index Cond": "(customer_address.ca_address_sk = customer.c_current_addr_sk)",
                    "Filter": "(customer_address.ca_state = ANY ('{AR,GA,IN,KY,VA}'::bpchar[]))"
                  }
                ]
              }
            ]
          }
        ]
      }
    }
  ],
  "original_sql": "select  c_customer_sk, c_first_name, c_last_name, count(*) as cnt\nFROM\nstore_sales,\nstore_returns,\nweb_sales,\ndate_dim d1,\ndate_dim d2,\nitem,\ncustomer,\ncustomer_address,\nhousehold_demographics\nWHERE\nss_ticket_number = sr_ticket_number\nAND ss_customer_sk = ws_bill_customer_sk\nAND ss_customer_sk = c_customer_sk\nAND c_current_addr_sk = ca_address_sk\nAND c_current_hdemo_sk = hd_demo_sk\nAND ss_item_sk = sr_item_sk\nAND sr_item_sk = ws_item_sk\nAND i_item_sk = ss_item_sk\nAND i_category IN ('Children', 'Home', 'Women')\nAND sr_returned_date_sk = d1.d_date_sk\nAND ws_sold_date_sk = d2.d_date_sk\nAND d2.d_date between d1.d_date AND (d1.d_date + interval '90 day')\nAND ca_state in ('AR', 'GA', 'IN', 'KY', 'VA')\nAND d1.d_year = 2000\nAND hd_income_band_sk BETWEEN 8 AND 14\nAND hd_buy_potential = '501-1000'\nAND ss_sales_price / ss_list_price BETWEEN 76 * 0.01 AND 96 * 0.01\nGROUP BY c_customer_sk, c_first_name, c_last_name\nORDER BY cnt"
}