{
  "query_id": "query013_agg_s2",
  "engine": "postgresql",
  "benchmark": "dsb_156",
  "scale_factor": 10,
  "execution_time_ms": null,
  "planning_time_ms": 3.6835779992543394,
  "plan_json": [
    {
      "Plan": {
        "Node Type": "Aggregate",
        "Strategy": "Plain",
        "Partial Mode": "Finalize",
        "Parallel Aware": false,
        "Async Capable": false,
        "Startup Cost": 200863.2,
        "Total Cost": 200863.21,
        "Plan Rows": 1,
        "Plan Width": 128,
        "Output": [
          "avg(store_sales.ss_quantity)",
          "avg(store_sales.ss_ext_sales_price)",
          "avg(store_sales.ss_ext_wholesale_cost)",
          "sum(store_sales.ss_ext_wholesale_cost)"
        ],
        "Plans": [
          {
            "Node Type": "Gather",
            "Parent Relationship": "Outer",
            "Parallel Aware": false,
            "Async Capable": false,
            "Startup Cost": 200862.96,
            "Total Cost": 200863.17,
            "Plan Rows": 2,
            "Plan Width": 128,
            "Output": [
              "(PARTIAL avg(store_sales.ss_quantity))",
              "(PARTIAL avg(store_sales.ss_ext_sales_price))",
              "(PARTIAL avg(store_sales.ss_ext_wholesale_cost))",
              "(PARTIAL sum(store_sales.ss_ext_wholesale_cost))"
            ],
            "Workers Planned": 2,
            "Single Copy": false,
            "Plans": [
              {
                "Node Type": "Aggregate",
                "Strategy": "Plain",
                "Partial Mode": "Partial",
                "Parent Relationship": "Outer",
                "Parallel Aware": false,
                "Async Capable": false,
                "Startup Cost": 199862.96,
                "Total Cost": 199862.97,
                "Plan Rows": 1,
                "Plan Width": 128,
                "Output": [
                  "PARTIAL avg(store_sales.ss_quantity)",
                  "PARTIAL avg(store_sales.ss_ext_sales_price)",
                  "PARTIAL avg(store_sales.ss_ext_wholesale_cost)",
                  "PARTIAL sum(store_sales.ss_ext_wholesale_cost)"
                ],
                "Plans": [
                  {
                    "Node Type": "Nested Loop",
                    "Parent Relationship": "Outer",
                    "Parallel Aware": false,
                    "Async Capable": false,
                    "Join Type": "Inner",
                    "Startup Cost": 212.39,
                    "Total Cost": 199862.94,
                    "Plan Rows": 1,
                    "Plan Width": 16,
                    "Output": [
                      "store_sales.ss_quantity",
                      "store_sales.ss_ext_sales_price",
                      "store_sales.ss_ext_wholesale_cost"
                    ],
                    "Inner Unique": true,
                    "Join Filter": "(((customer_demographics.cd_marital_status = 'M'::bpchar) AND (customer_demographics.cd_education_status = '2 yr Degree'::bpchar) AND (store_sales.ss_sales_price >= 100.00) AND (store_sales.ss_sales_price <= 150.00) AND (household_demographics.hd_dep_count = 3)) OR ((customer_demographics.cd_marital_status = 'S'::bpchar) AND (customer_demographics.cd_education_status = 'Primary'::bpchar) AND (store_sales.ss_sales_price >= 50.00) AND (store_sales.ss_sales_price <= 100.00) AND (household_demographics.hd_dep_count = 1)) OR ((customer_demographics.cd_marital_status = 'W'::bpchar) AND (customer_demographics.cd_education_status = 'Primary'::bpchar) AND (store_sales.ss_sales_price >= 150.00) AND (store_sales.ss_sales_price <= 200.00) AND (household_demographics.hd_dep_count = 1)))",
                    "Plans": [
                      {
                        "Node Type": "Nested Loop",
                        "Parent Relationship": "Outer",
                        "Parallel Aware": false,
                        "Async Capable": false,
                        "Join Type": "Inner",
                        "Startup Cost": 211.96,
                        "Total Cost": 199825.72,
                        "Plan Rows": 40,
                        "Plan Width": 30,
                        "Output": [
                          "store_sales.ss_quantity",
                          "store_sales.ss_ext_sales_price",
                          "store_sales.ss_ext_wholesale_cost",
                          "store_sales.ss_cdemo_sk",
                          "store_sales.ss_sales_price",
                          "household_demographics.hd_dep_count"
                        ],
                        "Inner Unique": true,
                        "Plans": [
                          {
                            "Node Type": "Hash Join",
                            "Parent Relationship": "Outer",
                            "Parallel Aware": false,
                            "Async Capable": false,
                            "Join Type": "Inner",
                            "Startup Cost": 211.54,
                            "Total Cost": 199477.97,
                            "Plan Rows": 454,
                            "Plan Width": 40,
                            "Output": [
                              "store_sales.ss_quantity",
                              "store_sales.ss_ext_sales_price",
                              "store_sales.ss_ext_wholesale_cost",
                              "store_sales.ss_cdemo_sk",
                              "store_sales.ss_sales_price",
                              "store_sales.ss_addr_sk",
                              "store_sales.ss_net_profit",
                              "household_demographics.hd_dep_count"
                            ],
                            "Inner Unique": true,
                            "Hash Cond": "(store_sales.ss_store_sk = store.s_store_sk)",
                            "Plans": [
                              {
                                "Node Type": "Hash Join",
                                "Parent Relationship": "Outer",
                                "Parallel Aware": false,
                                "Async Capable": false,
                                "Join Type": "Inner",
                                "Startup Cost": 204.24,
                                "Total Cost": 199469.38,
                                "Plan Rows": 476,
                                "Plan Width": 44,
                                "Output": [
                                  "store_sales.ss_quantity",
                                  "store_sales.ss_ext_sales_price",
                                  "store_sales.ss_ext_wholesale_cost",
                                  "store_sales.ss_store_sk",
                                  "store_sales.ss_cdemo_sk",
                                  "store_sales.ss_sales_price",
                                  "store_sales.ss_addr_sk",
                                  "store_sales.ss_net_profit",
                                  "household_demographics.hd_dep_count"
                                ],
                                "Inner Unique": true,
                                "Hash Cond": "(store_sales.ss_hdemo_sk = household_demographics.hd_demo_sk)",
                                "Plans": [
                                  {
                                    "Node Type": "Nested Loop",
                                    "Parent Relationship": "Outer",
                                    "Parallel Aware": false,
                                    "Async Capable": false,
                                    "Join Type": "Inner",
                                    "Startup Cost": 0.85,
                                    "Total Cost": 199261.16,
                                    "Plan Rows": 1842,
                                    "Plan Width": 44,
                                    "Output": [
                                      "store_sales.ss_quantity",
                                      "store_sales.ss_ext_sales_price",
                                      "store_sales.ss_ext_wholesale_cost",
                                      "store_sales.ss_store_sk",
                                      "store_sales.ss_hdemo_sk",
                                      "store_sales.ss_cdemo_sk",
                                      "store_sales.ss_sales_price",
                                      "store_sales.ss_addr_sk",
                                      "store_sales.ss_net_profit"
                                    ],
                                    "Inner Unique": false,
                                    "Plans": [
                                      {
                                        "Node Type": "Index Only Scan",
                                        "Parent Relationship": "Outer",
                                        "Parallel Aware": true,
                                        "Async Capable": false,
                                        "Scan Direction": "Forward",
                                        "Index Name": "_dta_index_date_dim_6_661577395__k1_k7_k9",
                                        "Relation Name": "date_dim",
                                        "Schema": "public",
                                        "Alias": "date_dim",
                                        "Startup Cost": 0.29,
                                        "Total Cost": 1677.67,
                                        "Plan Rows": 151,
                                        "Plan Width": 4,
                                        "Output": [
                                          "date_dim.d_date_sk",
                                          "date_dim.d_year",
                                          "date_dim.d_moy"
                                        ],
                                        "Index Cond": "(date_dim.d_year = 2001)"
                                      },
                                      {
                                        "Node Type": "Index Only Scan",
                                        "Parent Relationship": "Inner",
                                        "Parallel Aware": false,
                                        "Async Capable": false,
                                        "Scan Direction": "Forward",
                                        "Index Name": "_dta_index_store_sales_6_1333579789__k1_k23_k14_k6_k8_k5_k7_3_4",
                                        "Relation Name": "store_sales",
                                        "Schema": "public",
                                        "Alias": "store_sales",
                                        "Startup Cost": 0.56,
                                        "Total Cost": 1304.15,
                                        "Plan Rows": 435,
                                        "Plan Width": 48,
                                        "Output": [
                                          "store_sales.ss_sold_date_sk",
                                          "store_sales.ss_net_profit",
                                          "store_sales.ss_sales_price",
                                          "store_sales.ss_hdemo_sk",
                                          "store_sales.ss_store_sk",
                                          "store_sales.ss_cdemo_sk",
                                          "store_sales.ss_addr_sk",
                                          "store_sales.ss_item_sk",
                                          "store_sales.ss_customer_sk",
                                          "store_sales.ss_promo_sk",
                                          "store_sales.ss_ticket_number",
                                          "store_sales.ss_quantity",
                                          "store_sales.ss_wholesale_cost",
                                          "store_sales.ss_list_price",
                                          "store_sales.ss_ext_sales_price",
                                          "store_sales.ss_ext_wholesale_cost",
                                          "store_sales.ss_coupon_amt"
                                        ],
                                        "Index Cond": "(store_sales.ss_sold_date_sk = date_dim.d_date_sk)",
                                        "Filter": "((((store_sales.ss_sales_price >= 100.00) AND (store_sales.ss_sales_price <= 150.00)) OR ((store_sales.ss_sales_price >= 50.00) AND (store_sales.ss_sales_price <= 100.00)) OR ((store_sales.ss_sales_price >= 150.00) AND (store_sales.ss_sales_price <= 200.00))) AND (((store_sales.ss_net_profit >= '100'::numeric) AND (store_sales.ss_net_profit <= '200'::numeric)) OR ((store_sales.ss_net_profit >= '150'::numeric) AND (store_sales.ss_net_profit <= '300'::numeric)) OR ((store_sales.ss_net_profit >= '50'::numeric) AND (store_sales.ss_net_profit <= '250'::numeric))))"
                                      }
                                    ]
                                  },
                                  {
                                    "Node Type": "Hash",
                                    "Parent Relationship": "Inner",
                                    "Parallel Aware": false,
                                    "Async Capable": false,
                                    "Startup Cost": 179.0,
                                    "Total Cost": 179.0,
                                    "Plan Rows": 1951,
                                    "Plan Width": 8,
                                    "Output": [
                                      "household_demographics.hd_demo_sk",
                                      "household_demographics.hd_dep_count"
                                    ],
                                    "Plans": [
                                      {
                                        "Node Type": "Seq Scan",
                                        "Parent Relationship": "Outer",
                                        "Parallel Aware": false,
                                        "Async Capable": false,
                                        "Relation Name": "household_demographics",
                                        "Schema": "public",
                                        "Alias": "household_demographics",
                                        "Startup Cost": 0.0,
                                        "Total Cost": 179.0,
                                        "Plan Rows": 1951,
                                        "Plan Width": 8,
                                        "Output": [
                                          "household_demographics.hd_demo_sk",
                                          "household_demographics.hd_dep_count"
                                        ],
                                        "Filter": "((household_demographics.hd_dep_count = 3) OR (household_demographics.hd_dep_count = 1) OR (household_demographics.hd_dep_count = 1))"
                                      }
                                    ]
                                  }
                                ]
                              },
                              {
                                "Node Type": "Hash",
                                "Parent Relationship": "Inner",
                                "Parallel Aware": false,
                                "Async Capable": false,
                                "Startup Cost": 6.02,
                                "Total Cost": 6.02,
                                "Plan Rows": 102,
                                "Plan Width": 4,
                                "Output": [
                                  "store.s_store_sk"
                                ],
                                "Plans": [
                                  {
                                    "Node Type": "Seq Scan",
                                    "Parent Relationship": "Outer",
                                    "Parallel Aware": false,
                                    "Async Capable": false,
                                    "Relation Name": "store",
                                    "Schema": "public",
                                    "Alias": "store",
                                    "Startup Cost": 0.0,
                                    "Total Cost": 6.02,
                                    "Plan Rows": 102,
                                    "Plan Width": 4,
                                    "Output": [
                                      "store.s_store_sk"
                                    ]
                                  }
                                ]
                              }
                            ]
                          },
                          {
                            "Node Type": "Index Scan",
                            "Parent Relationship": "Inner",
                            "Parallel Aware": false,
                            "Async Capable": false,
                            "Scan Direction": "Forward",
                            "Index Name": "customer_address_pkey",
                            "Relation Name": "customer_address",
                            "Schema": "public",
                            "Alias": "customer_address",
                            "Startup Cost": 0.42,
                            "Total Cost": 0.76,
                            "Plan Rows": 1,
                            "Plan Width": 7,
                            "Output": [
                              "customer_address.ca_address_sk",
                              "customer_address.ca_address_id",
                              "customer_address.ca_street_number",
                              "customer_address.ca_street_name",
                              "customer_address.ca_street_type",
                              "customer_address.ca_suite_number",
                              "customer_address.ca_city",
                              "customer_address.ca_county",
                              "customer_address.ca_state",
                              "customer_address.ca_zip",
                              "customer_address.ca_country",
                              "customer_address.ca_gmt_offset",
                              "customer_address.ca_location_type"
                            ],
                            "Index Cond": "(customer_address.ca_address_sk = store_sales.ss_addr_sk)",
                            "Filter": "(((customer_address.ca_country)::text = 'United States'::text) AND ((customer_address.ca_state = ANY ('{GA,KY,SD}'::bpchar[])) OR (customer_address.ca_state = ANY ('{AR,IN,VA}'::bpchar[])) OR (customer_address.ca_state = ANY ('{KS,OH,SD}'::bpchar[]))) AND (((customer_address.ca_state = ANY ('{GA,KY,SD}'::bpchar[])) AND (store_sales.ss_net_profit >= '100'::numeric) AND (store_sales.ss_net_profit <= '200'::numeric)) OR ((customer_address.ca_state = ANY ('{AR,IN,VA}'::bpchar[])) AND (store_sales.ss_net_profit >= '150'::numeric) AND (store_sales.ss_net_profit <= '300'::numeric)) OR ((customer_address.ca_state = ANY ('{KS,OH,SD}'::bpchar[])) AND (store_sales.ss_net_profit >= '50'::numeric) AND (store_sales.ss_net_profit <= '250'::numeric))))"
                          }
                        ]
                      },
                      {
                        "Node Type": "Index Scan",
                        "Parent Relationship": "Inner",
                        "Parallel Aware": false,
                        "Async Capable": false,
                        "Scan Direction": "Forward",
                        "Index Name": "customer_demographics_pkey",
                        "Relation Name": "customer_demographics",
                        "Schema": "public",
                        "Alias": "customer_demographics",
                        "Startup Cost": 0.43,
                        "Total Cost": 0.88,
                        "Plan Rows": 1,
                        "Plan Width": 27,
                        "Output": [
                          "customer_demographics.cd_demo_sk",
                          "customer_demographics.cd_gender",
                          "customer_demographics.cd_marital_status",
                          "customer_demographics.cd_education_status",
                          "customer_demographics.cd_purchase_estimate",
                          "customer_demographics.cd_credit_rating",
                          "customer_demographics.cd_dep_count",
                          "customer_demographics.cd_dep_employed_count",
                          "customer_demographics.cd_dep_college_count"
                        ],
                        "Index Cond": "(customer_demographics.cd_demo_sk = store_sales.ss_cdemo_sk)",
                        "Filter": "(((customer_demographics.cd_marital_status = 'M'::bpchar) AND (customer_demographics.cd_education_status = '2 yr Degree'::bpchar)) OR ((customer_demographics.cd_marital_status = 'S'::bpchar) AND (customer_demographics.cd_education_status = 'Primary'::bpchar)) OR ((customer_demographics.cd_marital_status = 'W'::bpchar) AND (customer_demographics.cd_education_status = 'Primary'::bpchar)))"
                      }
                    ]
                  }
                ]
              }
            ]
          }
        ]
      }
    }
  ],
  "original_sql": "select avg(ss_quantity)\n,avg(ss_ext_sales_price)\n,avg(ss_ext_wholesale_cost)\n,sum(ss_ext_wholesale_cost)\nfrom store_sales\n   ,store\n   ,customer_demographics\n   ,household_demographics\n   ,customer_address\n   ,date_dim\nwhere s_store_sk = ss_store_sk\nand  ss_sold_date_sk = d_date_sk and d_year = 2001\nand((ss_hdemo_sk=hd_demo_sk\nand cd_demo_sk = ss_cdemo_sk\nand cd_marital_status = 'M'\nand cd_education_status = '2 yr Degree'\nand ss_sales_price between 100.00 and 150.00\nand hd_dep_count = 3\n   )or\n   (ss_hdemo_sk=hd_demo_sk\nand cd_demo_sk = ss_cdemo_sk\nand cd_marital_status = 'S'\nand cd_education_status = 'Primary'\nand ss_sales_price between 50.00 and 100.00\nand hd_dep_count = 1\n   ) or\n   (ss_hdemo_sk=hd_demo_sk\nand cd_demo_sk = ss_cdemo_sk\nand cd_marital_status = 'W'\nand cd_education_status = 'Primary'\nand ss_sales_price between 150.00 and 200.00\nand hd_dep_count = 1\n   ))\nand((ss_addr_sk = ca_address_sk\nand ca_country = 'United States'\nand ca_state in ('GA', 'KY', 'SD')\nand ss_net_profit between 100 and 200\n   ) or\n   (ss_addr_sk = ca_address_sk\nand ca_country = 'United States'\nand ca_state in ('AR', 'IN', 'VA')\nand ss_net_profit between 150 and 300\n   ) or\n   (ss_addr_sk = ca_address_sk\nand ca_country = 'United States'\nand ca_state in ('KS', 'OH', 'SD')\nand ss_net_profit between 50 and 250\n   ))"
}