{
  "query_id": "query027_spj_spj_s3",
  "engine": "postgresql",
  "benchmark": "dsb_156",
  "scale_factor": 10,
  "execution_time_ms": null,
  "planning_time_ms": 1.2644489997910568,
  "plan_json": [
    {
      "Plan": {
        "Node Type": "Aggregate",
        "Strategy": "Plain",
        "Partial Mode": "Finalize",
        "Parallel Aware": false,
        "Async Capable": false,
        "Startup Cost": 160340.45,
        "Total Cost": 160340.46,
        "Plan Rows": 1,
        "Plan Width": 172,
        "Output": [
          "min(item.i_item_id)",
          "min(store.s_state)",
          "min(store_sales.ss_quantity)",
          "min(store_sales.ss_list_price)",
          "min(store_sales.ss_coupon_amt)",
          "min(store_sales.ss_sales_price)",
          "min(store_sales.ss_item_sk)",
          "min(store_sales.ss_ticket_number)"
        ],
        "Plans": [
          {
            "Node Type": "Gather",
            "Parent Relationship": "Outer",
            "Parallel Aware": false,
            "Async Capable": false,
            "Startup Cost": 160340.2,
            "Total Cost": 160340.41,
            "Plan Rows": 2,
            "Plan Width": 172,
            "Output": [
              "(PARTIAL min(item.i_item_id))",
              "(PARTIAL min(store.s_state))",
              "(PARTIAL min(store_sales.ss_quantity))",
              "(PARTIAL min(store_sales.ss_list_price))",
              "(PARTIAL min(store_sales.ss_coupon_amt))",
              "(PARTIAL min(store_sales.ss_sales_price))",
              "(PARTIAL min(store_sales.ss_item_sk))",
              "(PARTIAL min(store_sales.ss_ticket_number))"
            ],
            "Workers Planned": 2,
            "Single Copy": false,
            "Plans": [
              {
                "Node Type": "Aggregate",
                "Strategy": "Plain",
                "Partial Mode": "Partial",
                "Parent Relationship": "Outer",
                "Parallel Aware": false,
                "Async Capable": false,
                "Startup Cost": 159340.2,
                "Total Cost": 159340.21,
                "Plan Rows": 1,
                "Plan Width": 172,
                "Output": [
                  "PARTIAL min(item.i_item_id)",
                  "PARTIAL min(store.s_state)",
                  "PARTIAL min(store_sales.ss_quantity)",
                  "PARTIAL min(store_sales.ss_list_price)",
                  "PARTIAL min(store_sales.ss_coupon_amt)",
                  "PARTIAL min(store_sales.ss_sales_price)",
                  "PARTIAL min(store_sales.ss_item_sk)",
                  "PARTIAL min(store_sales.ss_ticket_number)"
                ],
                "Plans": [
                  {
                    "Node Type": "Nested Loop",
                    "Parent Relationship": "Outer",
                    "Parallel Aware": false,
                    "Async Capable": false,
                    "Join Type": "Inner",
                    "Startup Cost": 7.89,
                    "Total Cost": 159340.16,
                    "Plan Rows": 2,
                    "Plan Width": 47,
                    "Output": [
                      "item.i_item_id",
                      "store.s_state",
                      "store_sales.ss_quantity",
                      "store_sales.ss_list_price",
                      "store_sales.ss_coupon_amt",
                      "store_sales.ss_sales_price",
                      "store_sales.ss_item_sk",
                      "store_sales.ss_ticket_number"
                    ],
                    "Inner Unique": true,
                    "Plans": [
                      {
                        "Node Type": "Nested Loop",
                        "Parent Relationship": "Outer",
                        "Parallel Aware": false,
                        "Async Capable": false,
                        "Join Type": "Inner",
                        "Startup Cost": 7.46,
                        "Total Cost": 159250.96,
                        "Plan Rows": 112,
                        "Plan Width": 51,
                        "Output": [
                          "store_sales.ss_quantity",
                          "store_sales.ss_list_price",
                          "store_sales.ss_coupon_amt",
                          "store_sales.ss_sales_price",
                          "store_sales.ss_item_sk",
                          "store_sales.ss_ticket_number",
                          "store_sales.ss_cdemo_sk",
                          "store.s_state",
                          "item.i_item_id"
                        ],
                        "Inner Unique": true,
                        "Plans": [
                          {
                            "Node Type": "Hash Join",
                            "Parent Relationship": "Outer",
                            "Parallel Aware": false,
                            "Async Capable": false,
                            "Join Type": "Inner",
                            "Startup Cost": 7.17,
                            "Total Cost": 158333.59,
                            "Plan Rows": 1590,
                            "Plan Width": 34,
                            "Output": [
                              "store_sales.ss_quantity",
                              "store_sales.ss_list_price",
                              "store_sales.ss_coupon_amt",
                              "store_sales.ss_sales_price",
                              "store_sales.ss_item_sk",
                              "store_sales.ss_ticket_number",
                              "store_sales.ss_cdemo_sk",
                              "store.s_state"
                            ],
                            "Inner Unique": true,
                            "Hash Cond": "(store_sales.ss_store_sk = store.s_store_sk)",
                            "Plans": [
                              {
                                "Node Type": "Nested Loop",
                                "Parent Relationship": "Outer",
                                "Parallel Aware": false,
                                "Async Capable": false,
                                "Join Type": "Inner",
                                "Startup Cost": 0.85,
                                "Total Cost": 158172.55,
                                "Plan Rows": 56696,
                                "Plan Width": 35,
                                "Output": [
                                  "store_sales.ss_quantity",
                                  "store_sales.ss_list_price",
                                  "store_sales.ss_coupon_amt",
                                  "store_sales.ss_sales_price",
                                  "store_sales.ss_item_sk",
                                  "store_sales.ss_ticket_number",
                                  "store_sales.ss_store_sk",
                                  "store_sales.ss_cdemo_sk"
                                ],
                                "Inner Unique": false,
                                "Plans": [
                                  {
                                    "Node Type": "Index Only Scan",
                                    "Parent Relationship": "Outer",
                                    "Parallel Aware": true,
                                    "Async Capable": false,
                                    "Scan Direction": "Forward",
                                    "Index Name": "_dta_index_date_dim_6_661577395__k1_k7_k9",
                                    "Relation Name": "date_dim",
                                    "Schema": "public",
                                    "Alias": "date_dim",
                                    "Startup Cost": 0.29,
                                    "Total Cost": 1677.67,
                                    "Plan Rows": 151,
                                    "Plan Width": 4,
                                    "Output": [
                                      "date_dim.d_date_sk",
                                      "date_dim.d_year",
                                      "date_dim.d_moy"
                                    ],
                                    "Index Cond": "(date_dim.d_year = 2001)"
                                  },
                                  {
                                    "Node Type": "Index Only Scan",
                                    "Parent Relationship": "Inner",
                                    "Parallel Aware": false,
                                    "Async Capable": false,
                                    "Scan Direction": "Forward",
                                    "Index Name": "_dta_index_store_sales_6_1333579789__k1_k23_k14_k6_k8_k5_k7_3_4",
                                    "Relation Name": "store_sales",
                                    "Schema": "public",
                                    "Alias": "store_sales",
                                    "Startup Cost": 0.56,
                                    "Total Cost": 902.51,
                                    "Plan Rows": 13388,
                                    "Plan Width": 39,
                                    "Output": [
                                      "store_sales.ss_sold_date_sk",
                                      "store_sales.ss_net_profit",
                                      "store_sales.ss_sales_price",
                                      "store_sales.ss_hdemo_sk",
                                      "store_sales.ss_store_sk",
                                      "store_sales.ss_cdemo_sk",
                                      "store_sales.ss_addr_sk",
                                      "store_sales.ss_item_sk",
                                      "store_sales.ss_customer_sk",
                                      "store_sales.ss_promo_sk",
                                      "store_sales.ss_ticket_number",
                                      "store_sales.ss_quantity",
                                      "store_sales.ss_wholesale_cost",
                                      "store_sales.ss_list_price",
                                      "store_sales.ss_ext_sales_price",
                                      "store_sales.ss_ext_wholesale_cost",
                                      "store_sales.ss_coupon_amt"
                                    ],
                                    "Index Cond": "(store_sales.ss_sold_date_sk = date_dim.d_date_sk)"
                                  }
                                ]
                              },
                              {
                                "Node Type": "Hash",
                                "Parent Relationship": "Inner",
                                "Parallel Aware": false,
                                "Async Capable": false,
                                "Startup Cost": 6.28,
                                "Total Cost": 6.28,
                                "Plan Rows": 3,
                                "Plan Width": 7,
                                "Output": [
                                  "store.s_state",
                                  "store.s_store_sk"
                                ],
                                "Plans": [
                                  {
                                    "Node Type": "Seq Scan",
                                    "Parent Relationship": "Outer",
                                    "Parallel Aware": false,
                                    "Async Capable": false,
                                    "Relation Name": "store",
                                    "Schema": "public",
                                    "Alias": "store",
                                    "Startup Cost": 0.0,
                                    "Total Cost": 6.28,
                                    "Plan Rows": 3,
                                    "Plan Width": 7,
                                    "Output": [
                                      "store.s_state",
                                      "store.s_store_sk"
                                    ],
                                    "Filter": "(store.s_state = 'MN'::bpchar)"
                                  }
                                ]
                              }
                            ]
                          },
                          {
                            "Node Type": "Index Scan",
                            "Parent Relationship": "Inner",
                            "Parallel Aware": false,
                            "Async Capable": false,
                            "Scan Direction": "Forward",
                            "Index Name": "item_pkey",
                            "Relation Name": "item",
                            "Schema": "public",
                            "Alias": "item",
                            "Startup Cost": 0.29,
                            "Total Cost": 0.58,
                            "Plan Rows": 1,
                            "Plan Width": 21,
                            "Output": [
                              "item.i_item_sk",
                              "item.i_item_id",
                              "item.i_rec_start_date",
                              "item.i_rec_end_date",
                              "item.i_item_desc",
                              "item.i_current_price",
                              "item.i_wholesale_cost",
                              "item.i_brand_id",
                              "item.i_brand",
                              "item.i_class_id",
                              "item.i_class",
                              "item.i_category_id",
                              "item.i_category",
                              "item.i_manufact_id",
                              "item.i_manufact",
                              "item.i_size",
                              "item.i_formulation",
                              "item.i_color",
                              "item.i_units",
                              "item.i_container",
                              "item.i_manager_id",
                              "item.i_product_name"
                            ],
                            "Index Cond": "(item.i_item_sk = store_sales.ss_item_sk)",
                            "Filter": "(item.i_category = 'Men'::bpchar)"
                          }
                        ]
                      },
                      {
                        "Node Type": "Index Scan",
                        "Parent Relationship": "Inner",
                        "Parallel Aware": false,
                        "Async Capable": false,
                        "Scan Direction": "Forward",
                        "Index Name": "customer_demographics_pkey",
                        "Relation Name": "customer_demographics",
                        "Schema": "public",
                        "Alias": "customer_demographics",
                        "Startup Cost": 0.43,
                        "Total Cost": 0.8,
                        "Plan Rows": 1,
                        "Plan Width": 4,
                        "Output": [
                          "customer_demographics.cd_demo_sk",
                          "customer_demographics.cd_gender",
                          "customer_demographics.cd_marital_status",
                          "customer_demographics.cd_education_status",
                          "customer_demographics.cd_purchase_estimate",
                          "customer_demographics.cd_credit_rating",
                          "customer_demographics.cd_dep_count",
                          "customer_demographics.cd_dep_employed_count",
                          "customer_demographics.cd_dep_college_count"
                        ],
                        "Index Cond": "(customer_demographics.cd_demo_sk = store_sales.ss_cdemo_sk)",
                        "Filter": "((customer_demographics.cd_gender = 'F'::bpchar) AND (customer_demographics.cd_marital_status = 'U'::bpchar) AND (customer_demographics.cd_education_status = '2 yr Degree'::bpchar))"
                      }
                    ]
                  }
                ]
              }
            ]
          }
        ]
      }
    }
  ],
  "original_sql": "select min(i_item_id),\n        min(s_state),\n        min(ss_quantity),\n        min(ss_list_price),\n        min(ss_coupon_amt),\n        min(ss_sales_price),\n        min(ss_item_sk),\n        min(ss_ticket_number)\n from store_sales, customer_demographics, date_dim, store, item\n where ss_sold_date_sk = d_date_sk and\n       ss_item_sk = i_item_sk and\n       ss_store_sk = s_store_sk and\n       ss_cdemo_sk = cd_demo_sk and\n       cd_gender = 'F' and\n       cd_marital_status = 'U' and\n       cd_education_status = '2 yr Degree' and\n       d_year = 2001 and\n       s_state = 'MN' and\n      i_category  = 'Men'"
}