{
  "query_id": "query031_multi_s2",
  "engine": "postgresql",
  "benchmark": "dsb_156",
  "scale_factor": 10,
  "execution_time_ms": null,
  "planning_time_ms": 2.245374000267475,
  "plan_json": [
    {
      "Plan": {
        "Node Type": "Nested Loop",
        "Parallel Aware": false,
        "Async Capable": false,
        "Join Type": "Inner",
        "Startup Cost": 939608.87,
        "Total Cost": 939631.01,
        "Plan Rows": 1,
        "Plan Width": 210,
        "Output": [
          "ss1.ca_county",
          "ss1.d_year",
          "(ws2.web_sales / ws1.web_sales)",
          "(ss2.store_sales / ss1.store_sales)",
          "(ws3.web_sales / ws2.web_sales)",
          "(ss3.store_sales / ss2.store_sales)"
        ],
        "Inner Unique": false,
        "Join Filter": "(((ss1.ca_county)::text = (ws3.ca_county)::text) AND (CASE WHEN (ws2.web_sales > '0'::numeric) THEN (ws3.web_sales / ws2.web_sales) ELSE NULL::numeric END > CASE WHEN (ss2.store_sales > '0'::numeric) THEN (ss3.store_sales / ss2.store_sales) ELSE NULL::numeric END))",
        "Plans": [
          {
            "Node Type": "Aggregate",
            "Strategy": "Sorted",
            "Partial Mode": "Finalize",
            "Parent Relationship": "InitPlan",
            "Subplan Name": "CTE ss",
            "Parallel Aware": false,
            "Async Capable": false,
            "Startup Cost": 701120.5,
            "Total Cost": 701150.96,
            "Plan Rows": 235,
            "Plan Width": 54,
            "Output": [
              "customer_address.ca_county",
              "date_dim.d_qoy",
              "date_dim.d_year",
              "sum(store_sales.ss_ext_sales_price)"
            ],
            "Group Key": [
              "customer_address.ca_county",
              "date_dim.d_qoy",
              "date_dim.d_year"
            ],
            "Plans": [
              {
                "Node Type": "Gather Merge",
                "Parent Relationship": "Outer",
                "Parallel Aware": false,
                "Async Capable": false,
                "Startup Cost": 701120.5,
                "Total Cost": 701145.57,
                "Plan Rows": 196,
                "Plan Width": 54,
                "Output": [
                  "customer_address.ca_county",
                  "date_dim.d_qoy",
                  "date_dim.d_year",
                  "(PARTIAL sum(store_sales.ss_ext_sales_price))"
                ],
                "Workers Planned": 2,
                "Plans": [
                  {
                    "Node Type": "Aggregate",
                    "Strategy": "Sorted",
                    "Partial Mode": "Partial",
                    "Parent Relationship": "Outer",
                    "Parallel Aware": false,
                    "Async Capable": false,
                    "Startup Cost": 700120.47,
                    "Total Cost": 700122.92,
                    "Plan Rows": 98,
                    "Plan Width": 54,
                    "Output": [
                      "customer_address.ca_county",
                      "date_dim.d_qoy",
                      "date_dim.d_year",
                      "PARTIAL sum(store_sales.ss_ext_sales_price)"
                    ],
                    "Group Key": [
                      "customer_address.ca_county",
                      "date_dim.d_qoy",
                      "date_dim.d_year"
                    ],
                    "Plans": [
                      {
                        "Node Type": "Sort",
                        "Parent Relationship": "Outer",
                        "Parallel Aware": false,
                        "Async Capable": false,
                        "Startup Cost": 700120.47,
                        "Total Cost": 700120.72,
                        "Plan Rows": 98,
                        "Plan Width": 28,
                        "Output": [
                          "customer_address.ca_county",
                          "date_dim.d_qoy",
                          "date_dim.d_year",
                          "store_sales.ss_ext_sales_price"
                        ],
                        "Sort Key": [
                          "customer_address.ca_county",
                          "date_dim.d_qoy",
                          "date_dim.d_year"
                        ],
                        "Plans": [
                          {
                            "Node Type": "Nested Loop",
                            "Parent Relationship": "Outer",
                            "Parallel Aware": false,
                            "Async Capable": false,
                            "Join Type": "Inner",
                            "Startup Cost": 6424.9,
                            "Total Cost": 700117.23,
                            "Plan Rows": 98,
                            "Plan Width": 28,
                            "Output": [
                              "customer_address.ca_county",
                              "date_dim.d_qoy",
                              "date_dim.d_year",
                              "store_sales.ss_ext_sales_price"
                            ],
                            "Inner Unique": true,
                            "Plans": [
                              {
                                "Node Type": "Nested Loop",
                                "Parent Relationship": "Outer",
                                "Parallel Aware": false,
                                "Async Capable": false,
                                "Join Type": "Inner",
                                "Startup Cost": 6424.61,
                                "Total Cost": 700082.52,
                                "Plan Rows": 103,
                                "Plan Width": 24,
                                "Output": [
                                  "store_sales.ss_ext_sales_price",
                                  "store_sales.ss_sold_date_sk",
                                  "customer_address.ca_county"
                                ],
                                "Inner Unique": true,
                                "Plans": [
                                  {
                                    "Node Type": "Hash Join",
                                    "Parent Relationship": "Outer",
                                    "Parallel Aware": true,
                                    "Async Capable": false,
                                    "Join Type": "Inner",
                                    "Startup Cost": 6424.19,
                                    "Total Cost": 699177.12,
                                    "Plan Rows": 1730,
                                    "Plan Width": 14,
                                    "Output": [
                                      "store_sales.ss_ext_sales_price",
                                      "store_sales.ss_sold_date_sk",
                                      "store_sales.ss_addr_sk"
                                    ],
                                    "Inner Unique": true,
                                    "Hash Cond": "(store_sales.ss_item_sk = item.i_item_sk)",
                                    "Plans": [
                                      {
                                        "Node Type": "Seq Scan",
                                        "Parent Relationship": "Outer",
                                        "Parallel Aware": true,
                                        "Async Capable": false,
                                        "Relation Name": "store_sales",
                                        "Schema": "public",
                                        "Alias": "store_sales",
                                        "Startup Cost": 0.0,
                                        "Total Cost": 692206.15,
                                        "Plan Rows": 208290,
                                        "Plan Width": 18,
                                        "Output": [
                                          "store_sales.ss_sold_date_sk",
                                          "store_sales.ss_sold_time_sk",
                                          "store_sales.ss_item_sk",
                                          "store_sales.ss_customer_sk",
                                          "store_sales.ss_cdemo_sk",
                                          "store_sales.ss_hdemo_sk",
                                          "store_sales.ss_addr_sk",
                                          "store_sales.ss_store_sk",
                                          "store_sales.ss_promo_sk",
                                          "store_sales.ss_ticket_number",
                                          "store_sales.ss_quantity",
                                          "store_sales.ss_wholesale_cost",
                                          "store_sales.ss_list_price",
                                          "store_sales.ss_sales_price",
                                          "store_sales.ss_ext_discount_amt",
                                          "store_sales.ss_ext_sales_price",
                                          "store_sales.ss_ext_wholesale_cost",
                                          "store_sales.ss_ext_list_price",
                                          "store_sales.ss_ext_tax",
                                          "store_sales.ss_coupon_amt",
                                          "store_sales.ss_net_paid",
                                          "store_sales.ss_net_paid_inc_tax",
                                          "store_sales.ss_net_profit"
                                        ],
                                        "Filter": "((store_sales.ss_list_price >= '244'::numeric) AND (store_sales.ss_list_price <= '258'::numeric))"
                                      },
                                      {
                                        "Node Type": "Hash",
                                        "Parent Relationship": "Inner",
                                        "Parallel Aware": true,
                                        "Async Capable": false,
                                        "Startup Cost": 6419.77,
                                        "Total Cost": 6419.77,
                                        "Plan Rows": 353,
                                        "Plan Width": 4,
                                        "Output": [
                                          "item.i_item_sk"
                                        ],
                                        "Plans": [
                                          {
                                            "Node Type": "Bitmap Heap Scan",
                                            "Parent Relationship": "Outer",
                                            "Parallel Aware": true,
                                            "Async Capable": false,
                                            "Relation Name": "item",
                                            "Schema": "public",
                                            "Alias": "item",
                                            "Startup Cost": 48.55,
                                            "Total Cost": 6419.77,
                                            "Plan Rows": 353,
                                            "Plan Width": 4,
                                            "Output": [
                                              "item.i_item_sk"
                                            ],
                                            "Recheck Cond": "(item.i_color = ANY ('{dark,puff}'::bpchar[]))",
                                            "Filter": "((item.i_manager_id >= 15) AND (item.i_manager_id <= 34))",
                                            "Plans": [
                                              {
                                                "Node Type": "Bitmap Index Scan",
                                                "Parent Relationship": "Outer",
                                                "Parallel Aware": false,
                                                "Async Capable": false,
                                                "Index Name": "_dta_index_item_6_853578079__k18",
                                                "Startup Cost": 0.0,
                                                "Total Cost": 48.34,
                                                "Plan Rows": 4233,
                                                "Plan Width": 0,
                                                "Index Cond": "(item.i_color = ANY ('{dark,puff}'::bpchar[]))"
                                              }
                                            ]
                                          }
                                        ]
                                      }
                                    ]
                                  },
                                  {
                                    "Node Type": "Index Scan",
                                    "Parent Relationship": "Inner",
                                    "Parallel Aware": false,
                                    "Async Capable": false,
                                    "Scan Direction": "Forward",
                                    "Index Name": "customer_address_pkey",
                                    "Relation Name": "customer_address",
                                    "Schema": "public",
                                    "Alias": "customer_address",
                                    "Startup Cost": 0.42,
                                    "Total Cost": 0.52,
                                    "Plan Rows": 1,
                                    "Plan Width": 18,
                                    "Output": [
                                      "customer_address.ca_address_sk",
                                      "customer_address.ca_address_id",
                                      "customer_address.ca_street_number",
                                      "customer_address.ca_street_name",
                                      "customer_address.ca_street_type",
                                      "customer_address.ca_suite_number",
                                      "customer_address.ca_city",
                                      "customer_address.ca_county",
                                      "customer_address.ca_state",
                                      "customer_address.ca_zip",
                                      "customer_address.ca_country",
                                      "customer_address.ca_gmt_offset",
                                      "customer_address.ca_location_type"
                                    ],
                                    "Index Cond": "(customer_address.ca_address_sk = store_sales.ss_addr_sk)",
                                    "Filter": "(customer_address.ca_state = ANY ('{KS,OH}'::bpchar[]))"
                                  }
                                ]
                              },
                              {
                                "Node Type": "Index Scan",
                                "Parent Relationship": "Inner",
                                "Parallel Aware": false,
                                "Async Capable": false,
                                "Scan Direction": "Forward",
                                "Index Name": "date_dim_pkey",
                                "Relation Name": "date_dim",
                                "Schema": "public",
                                "Alias": "date_dim",
                                "Startup Cost": 0.29,
                                "Total Cost": 0.34,
                                "Plan Rows": 1,
                                "Plan Width": 12,
                                "Output": [
                                  "date_dim.d_date_sk",
                                  "date_dim.d_date_id",
                                  "date_dim.d_date",
                                  "date_dim.d_month_seq",
                                  "date_dim.d_week_seq",
                                  "date_dim.d_quarter_seq",
                                  "date_dim.d_year",
                                  "date_dim.d_dow",
                                  "date_dim.d_moy",
                                  "date_dim.d_dom",
                                  "date_dim.d_qoy",
                                  "date_dim.d_fy_year",
                                  "date_dim.d_fy_quarter_seq",
                                  "date_dim.d_fy_week_seq",
                                  "date_dim.d_day_name",
                                  "date_dim.d_quarter_name",
                                  "date_dim.d_holiday",
                                  "date_dim.d_weekend",
                                  "date_dim.d_following_holiday",
                                  "date_dim.d_first_dom",
                                  "date_dim.d_last_dom",
                                  "date_dim.d_same_day_ly",
                                  "date_dim.d_same_day_lq",
                                  "date_dim.d_current_day",
                                  "date_dim.d_current_week",
                                  "date_dim.d_current_month",
                                  "date_dim.d_current_quarter",
                                  "date_dim.d_current_year"
                                ],
                                "Index Cond": "(date_dim.d_date_sk = store_sales.ss_sold_date_sk)"
                              }
                            ]
                          }
                        ]
                      }
                    ]
                  }
                ]
              }
            ]
          },
          {
            "Node Type": "Aggregate",
            "Strategy": "Sorted",
            "Partial Mode": "Finalize",
            "Parent Relationship": "InitPlan",
            "Subplan Name": "CTE ws",
            "Parallel Aware": false,
            "Async Capable": false,
            "Startup Cost": 238450.15,
            "Total Cost": 238457.91,
            "Plan Rows": 59,
            "Plan Width": 54,
            "Output": [
              "customer_address_1.ca_county",
              "date_dim_1.d_qoy",
              "date_dim_1.d_year",
              "sum(web_sales.ws_ext_sales_price)"
            ],
            "Group Key": [
              "customer_address_1.ca_county",
              "date_dim_1.d_qoy",
              "date_dim_1.d_year"
            ],
            "Plans": [
              {
                "Node Type": "Gather Merge",
                "Parent Relationship": "Outer",
                "Parallel Aware": false,
                "Async Capable": false,
                "Startup Cost": 238450.15,
                "Total Cost": 238456.55,
                "Plan Rows": 50,
                "Plan Width": 54,
                "Output": [
                  "customer_address_1.ca_county",
                  "date_dim_1.d_qoy",
                  "date_dim_1.d_year",
                  "(PARTIAL sum(web_sales.ws_ext_sales_price))"
                ],
                "Workers Planned": 2,
                "Plans": [
                  {
                    "Node Type": "Aggregate",
                    "Strategy": "Sorted",
                    "Partial Mode": "Partial",
                    "Parent Relationship": "Outer",
                    "Parallel Aware": false,
                    "Async Capable": false,
                    "Startup Cost": 237450.13,
                    "Total Cost": 237450.75,
                    "Plan Rows": 25,
                    "Plan Width": 54,
                    "Output": [
                      "customer_address_1.ca_county",
                      "date_dim_1.d_qoy",
                      "date_dim_1.d_year",
                      "PARTIAL sum(web_sales.ws_ext_sales_price)"
                    ],
                    "Group Key": [
                      "customer_address_1.ca_county",
                      "date_dim_1.d_qoy",
                      "date_dim_1.d_year"
                    ],
                    "Plans": [
                      {
                        "Node Type": "Sort",
                        "Parent Relationship": "Outer",
                        "Parallel Aware": false,
                        "Async Capable": false,
                        "Startup Cost": 237450.13,
                        "Total Cost": 237450.19,
                        "Plan Rows": 25,
                        "Plan Width": 28,
                        "Output": [
                          "customer_address_1.ca_county",
                          "date_dim_1.d_qoy",
                          "date_dim_1.d_year",
                          "web_sales.ws_ext_sales_price"
                        ],
                        "Sort Key": [
                          "customer_address_1.ca_county",
                          "date_dim_1.d_qoy",
                          "date_dim_1.d_year"
                        ],
                        "Plans": [
                          {
                            "Node Type": "Nested Loop",
                            "Parent Relationship": "Outer",
                            "Parallel Aware": false,
                            "Async Capable": false,
                            "Join Type": "Inner",
                            "Startup Cost": 6424.9,
                            "Total Cost": 237449.55,
                            "Plan Rows": 25,
                            "Plan Width": 28,
                            "Output": [
                              "customer_address_1.ca_county",
                              "date_dim_1.d_qoy",
                              "date_dim_1.d_year",
                              "web_sales.ws_ext_sales_price"
                            ],
                            "Inner Unique": true,
                            "Plans": [
                              {
                                "Node Type": "Nested Loop",
                                "Parent Relationship": "Outer",
                                "Parallel Aware": false,
                                "Async Capable": false,
                                "Join Type": "Inner",
                                "Startup Cost": 6424.61,
                                "Total Cost": 237440.38,
                                "Plan Rows": 25,
                                "Plan Width": 24,
                                "Output": [
                                  "web_sales.ws_ext_sales_price",
                                  "web_sales.ws_sold_date_sk",
                                  "customer_address_1.ca_county"
                                ],
                                "Inner Unique": true,
                                "Plans": [
                                  {
                                    "Node Type": "Hash Join",
                                    "Parent Relationship": "Outer",
                                    "Parallel Aware": true,
                                    "Async Capable": false,
                                    "Join Type": "Inner",
                                    "Startup Cost": 6424.19,
                                    "Total Cost": 237183.31,
                                    "Plan Rows": 392,
                                    "Plan Width": 14,
                                    "Output": [
                                      "web_sales.ws_ext_sales_price",
                                      "web_sales.ws_sold_date_sk",
                                      "web_sales.ws_bill_addr_sk"
                                    ],
                                    "Inner Unique": true,
                                    "Hash Cond": "(web_sales.ws_item_sk = item_1.i_item_sk)",
                                    "Plans": [
                                      {
                                        "Node Type": "Seq Scan",
                                        "Parent Relationship": "Outer",
                                        "Parallel Aware": true,
                                        "Async Capable": false,
                                        "Relation Name": "web_sales",
                                        "Schema": "public",
                                        "Alias": "web_sales",
                                        "Startup Cost": 0.0,
                                        "Total Cost": 230635.34,
                                        "Plan Rows": 47154,
                                        "Plan Width": 18,
                                        "Output": [
                                          "web_sales.ws_sold_date_sk",
                                          "web_sales.ws_sold_time_sk",
                                          "web_sales.ws_ship_date_sk",
                                          "web_sales.ws_item_sk",
                                          "web_sales.ws_bill_customer_sk",
                                          "web_sales.ws_bill_cdemo_sk",
                                          "web_sales.ws_bill_hdemo_sk",
                                          "web_sales.ws_bill_addr_sk",
                                          "web_sales.ws_ship_customer_sk",
                                          "web_sales.ws_ship_cdemo_sk",
                                          "web_sales.ws_ship_hdemo_sk",
                                          "web_sales.ws_ship_addr_sk",
                                          "web_sales.ws_web_page_sk",
                                          "web_sales.ws_web_site_sk",
                                          "web_sales.ws_ship_mode_sk",
                                          "web_sales.ws_warehouse_sk",
                                          "web_sales.ws_promo_sk",
                                          "web_sales.ws_order_number",
                                          "web_sales.ws_quantity",
                                          "web_sales.ws_wholesale_cost",
                                          "web_sales.ws_list_price",
                                          "web_sales.ws_sales_price",
                                          "web_sales.ws_ext_discount_amt",
                                          "web_sales.ws_ext_sales_price",
                                          "web_sales.ws_ext_wholesale_cost",
                                          "web_sales.ws_ext_list_price",
                                          "web_sales.ws_ext_tax",
                                          "web_sales.ws_coupon_amt",
                                          "web_sales.ws_ext_ship_cost",
                                          "web_sales.ws_net_paid",
                                          "web_sales.ws_net_paid_inc_tax",
                                          "web_sales.ws_net_paid_inc_ship",
                                          "web_sales.ws_net_paid_inc_ship_tax",
                                          "web_sales.ws_net_profit"
                                        ],
                                        "Filter": "((web_sales.ws_list_price >= '244'::numeric) AND (web_sales.ws_list_price <= '258'::numeric))"
                                      },
                                      {
                                        "Node Type": "Hash",
                                        "Parent Relationship": "Inner",
                                        "Parallel Aware": true,
                                        "Async Capable": false,
                                        "Startup Cost": 6419.77,
                                        "Total Cost": 6419.77,
                                        "Plan Rows": 353,
                                        "Plan Width": 4,
                                        "Output": [
                                          "item_1.i_item_sk"
                                        ],
                                        "Plans": [
                                          {
                                            "Node Type": "Bitmap Heap Scan",
                                            "Parent Relationship": "Outer",
                                            "Parallel Aware": true,
                                            "Async Capable": false,
                                            "Relation Name": "item",
                                            "Schema": "public",
                                            "Alias": "item_1",
                                            "Startup Cost": 48.55,
                                            "Total Cost": 6419.77,
                                            "Plan Rows": 353,
                                            "Plan Width": 4,
                                            "Output": [
                                              "item_1.i_item_sk"
                                            ],
                                            "Recheck Cond": "(item_1.i_color = ANY ('{dark,puff}'::bpchar[]))",
                                            "Filter": "((item_1.i_manager_id >= 15) AND (item_1.i_manager_id <= 34))",
                                            "Plans": [
                                              {
                                                "Node Type": "Bitmap Index Scan",
                                                "Parent Relationship": "Outer",
                                                "Parallel Aware": false,
                                                "Async Capable": false,
                                                "Index Name": "_dta_index_item_6_853578079__k18",
                                                "Startup Cost": 0.0,
                                                "Total Cost": 48.34,
                                                "Plan Rows": 4233,
                                                "Plan Width": 0,
                                                "Index Cond": "(item_1.i_color = ANY ('{dark,puff}'::bpchar[]))"
                                              }
                                            ]
                                          }
                                        ]
                                      }
                                    ]
                                  },
                                  {
                                    "Node Type": "Index Scan",
                                    "Parent Relationship": "Inner",
                                    "Parallel Aware": false,
                                    "Async Capable": false,
                                    "Scan Direction": "Forward",
                                    "Index Name": "customer_address_pkey",
                                    "Relation Name": "customer_address",
                                    "Schema": "public",
                                    "Alias": "customer_address_1",
                                    "Startup Cost": 0.42,
                                    "Total Cost": 0.66,
                                    "Plan Rows": 1,
                                    "Plan Width": 18,
                                    "Output": [
                                      "customer_address_1.ca_address_sk",
                                      "customer_address_1.ca_address_id",
                                      "customer_address_1.ca_street_number",
                                      "customer_address_1.ca_street_name",
                                      "customer_address_1.ca_street_type",
                                      "customer_address_1.ca_suite_number",
                                      "customer_address_1.ca_city",
                                      "customer_address_1.ca_county",
                                      "customer_address_1.ca_state",
                                      "customer_address_1.ca_zip",
                                      "customer_address_1.ca_country",
                                      "customer_address_1.ca_gmt_offset",
                                      "customer_address_1.ca_location_type"
                                    ],
                                    "Index Cond": "(customer_address_1.ca_address_sk = web_sales.ws_bill_addr_sk)",
                                    "Filter": "(customer_address_1.ca_state = ANY ('{KS,OH}'::bpchar[]))"
                                  }
                                ]
                              },
                              {
                                "Node Type": "Index Scan",
                                "Parent Relationship": "Inner",
                                "Parallel Aware": false,
                                "Async Capable": false,
                                "Scan Direction": "Forward",
                                "Index Name": "date_dim_pkey",
                                "Relation Name": "date_dim",
                                "Schema": "public",
                                "Alias": "date_dim_1",
                                "Startup Cost": 0.29,
                                "Total Cost": 0.37,
                                "Plan Rows": 1,
                                "Plan Width": 12,
                                "Output": [
                                  "date_dim_1.d_date_sk",
                                  "date_dim_1.d_date_id",
                                  "date_dim_1.d_date",
                                  "date_dim_1.d_month_seq",
                                  "date_dim_1.d_week_seq",
                                  "date_dim_1.d_quarter_seq",
                                  "date_dim_1.d_year",
                                  "date_dim_1.d_dow",
                                  "date_dim_1.d_moy",
                                  "date_dim_1.d_dom",
                                  "date_dim_1.d_qoy",
                                  "date_dim_1.d_fy_year",
                                  "date_dim_1.d_fy_quarter_seq",
                                  "date_dim_1.d_fy_week_seq",
                                  "date_dim_1.d_day_name",
                                  "date_dim_1.d_quarter_name",
                                  "date_dim_1.d_holiday",
                                  "date_dim_1.d_weekend",
                                  "date_dim_1.d_following_holiday",
                                  "date_dim_1.d_first_dom",
                                  "date_dim_1.d_last_dom",
                                  "date_dim_1.d_same_day_ly",
                                  "date_dim_1.d_same_day_lq",
                                  "date_dim_1.d_current_day",
                                  "date_dim_1.d_current_week",
                                  "date_dim_1.d_current_month",
                                  "date_dim_1.d_current_quarter",
                                  "date_dim_1.d_current_year"
                                ],
                                "Index Cond": "(date_dim_1.d_date_sk = web_sales.ws_sold_date_sk)"
                              }
                            ]
                          }
                        ]
                      }
                    ]
                  }
                ]
              }
            ]
          },
          {
            "Node Type": "Nested Loop",
            "Parent Relationship": "Outer",
            "Parallel Aware": false,
            "Async Capable": false,
            "Join Type": "Inner",
            "Startup Cost": 0.0,
            "Total Cost": 20.64,
            "Plan Rows": 1,
            "Plan Width": 554,
            "Output": [
              "ss1.ca_county",
              "ss1.d_year",
              "ss1.store_sales",
              "ss2.store_sales",
              "ss2.ca_county",
              "ss3.store_sales",
              "ss3.ca_county",
              "ws1.web_sales",
              "ws1.ca_county",
              "ws2.web_sales",
              "ws2.ca_county"
            ],
            "Inner Unique": false,
            "Join Filter": "(((ss1.ca_county)::text = (ws2.ca_county)::text) AND (CASE WHEN (ws1.web_sales > '0'::numeric) THEN (ws2.web_sales / ws1.web_sales) ELSE NULL::numeric END > CASE WHEN (ss1.store_sales > '0'::numeric) THEN (ss2.store_sales / ss1.store_sales) ELSE NULL::numeric END))",
            "Plans": [
              {
                "Node Type": "Nested Loop",
                "Parent Relationship": "Outer",
                "Parallel Aware": false,
                "Async Capable": false,
                "Join Type": "Inner",
                "Startup Cost": 0.0,
                "Total Cost": 19.14,
                "Plan Rows": 1,
                "Plan Width": 444,
                "Output": [
                  "ss1.ca_county",
                  "ss1.d_year",
                  "ss1.store_sales",
                  "ss2.store_sales",
                  "ss2.ca_county",
                  "ss3.store_sales",
                  "ss3.ca_county",
                  "ws1.web_sales",
                  "ws1.ca_county"
                ],
                "Inner Unique": false,
                "Join Filter": "((ss1.ca_county)::text = (ws1.ca_county)::text)",
                "Plans": [
                  {
                    "Node Type": "Nested Loop",
                    "Parent Relationship": "Outer",
                    "Parallel Aware": false,
                    "Async Capable": false,
                    "Join Type": "Inner",
                    "Startup Cost": 0.0,
                    "Total Cost": 17.65,
                    "Plan Rows": 1,
                    "Plan Width": 334,
                    "Output": [
                      "ss1.ca_county",
                      "ss1.d_year",
                      "ss1.store_sales",
                      "ss2.store_sales",
                      "ss2.ca_county",
                      "ss3.store_sales",
                      "ss3.ca_county"
                    ],
                    "Inner Unique": false,
                    "Join Filter": "((ss1.ca_county)::text = (ss3.ca_county)::text)",
                    "Plans": [
                      {
                        "Node Type": "Nested Loop",
                        "Parent Relationship": "Outer",
                        "Parallel Aware": false,
                        "Async Capable": false,
                        "Join Type": "Inner",
                        "Startup Cost": 0.0,
                        "Total Cost": 11.76,
                        "Plan Rows": 1,
                        "Plan Width": 224,
                        "Output": [
                          "ss1.ca_county",
                          "ss1.d_year",
                          "ss1.store_sales",
                          "ss2.store_sales",
                          "ss2.ca_county"
                        ],
                        "Inner Unique": false,
                        "Join Filter": "((ss1.ca_county)::text = (ss2.ca_county)::text)",
                        "Plans": [
                          {
                            "Node Type": "CTE Scan",
                            "Parent Relationship": "Outer",
                            "Parallel Aware": false,
                            "Async Capable": false,
                            "CTE Name": "ss",
                            "Alias": "ss1",
                            "Startup Cost": 0.0,
                            "Total Cost": 5.88,
                            "Plan Rows": 1,
                            "Plan Width": 114,
                            "Output": [
                              "ss1.ca_county",
                              "ss1.d_qoy",
                              "ss1.d_year",
                              "ss1.store_sales"
                            ],
                            "Filter": "((ss1.d_qoy = 1) AND (ss1.d_year = 1999))"
                          },
                          {
                            "Node Type": "CTE Scan",
                            "Parent Relationship": "Inner",
                            "Parallel Aware": false,
                            "Async Capable": false,
                            "CTE Name": "ss",
                            "Alias": "ss2",
                            "Startup Cost": 0.0,
                            "Total Cost": 5.88,
                            "Plan Rows": 1,
                            "Plan Width": 110,
                            "Output": [
                              "ss2.ca_county",
                              "ss2.d_qoy",
                              "ss2.d_year",
                              "ss2.store_sales"
                            ],
                            "Filter": "((ss2.d_year = 1999) AND (ss2.d_qoy = 2))"
                          }
                        ]
                      },
                      {
                        "Node Type": "CTE Scan",
                        "Parent Relationship": "Inner",
                        "Parallel Aware": false,
                        "Async Capable": false,
                        "CTE Name": "ss",
                        "Alias": "ss3",
                        "Startup Cost": 0.0,
                        "Total Cost": 5.88,
                        "Plan Rows": 1,
                        "Plan Width": 110,
                        "Output": [
                          "ss3.ca_county",
                          "ss3.d_qoy",
                          "ss3.d_year",
                          "ss3.store_sales"
                        ],
                        "Filter": "((ss3.d_year = 1999) AND (ss3.d_qoy = 3))"
                      }
                    ]
                  },
                  {
                    "Node Type": "CTE Scan",
                    "Parent Relationship": "Inner",
                    "Parallel Aware": false,
                    "Async Capable": false,
                    "CTE Name": "ws",
                    "Alias": "ws1",
                    "Startup Cost": 0.0,
                    "Total Cost": 1.48,
                    "Plan Rows": 1,
                    "Plan Width": 110,
                    "Output": [
                      "ws1.ca_county",
                      "ws1.d_qoy",
                      "ws1.d_year",
                      "ws1.web_sales"
                    ],
                    "Filter": "((ws1.d_qoy = 1) AND (ws1.d_year = 1999))"
                  }
                ]
              },
              {
                "Node Type": "CTE Scan",
                "Parent Relationship": "Inner",
                "Parallel Aware": false,
                "Async Capable": false,
                "CTE Name": "ws",
                "Alias": "ws2",
                "Startup Cost": 0.0,
                "Total Cost": 1.48,
                "Plan Rows": 1,
                "Plan Width": 110,
                "Output": [
                  "ws2.ca_county",
                  "ws2.d_qoy",
                  "ws2.d_year",
                  "ws2.web_sales"
                ],
                "Filter": "((ws2.d_year = 1999) AND (ws2.d_qoy = 2))"
              }
            ]
          },
          {
            "Node Type": "CTE Scan",
            "Parent Relationship": "Inner",
            "Parallel Aware": false,
            "Async Capable": false,
            "CTE Name": "ws",
            "Alias": "ws3",
            "Startup Cost": 0.0,
            "Total Cost": 1.48,
            "Plan Rows": 1,
            "Plan Width": 110,
            "Output": [
              "ws3.ca_county",
              "ws3.d_qoy",
              "ws3.d_year",
              "ws3.web_sales"
            ],
            "Filter": "((ws3.d_year = 1999) AND (ws3.d_qoy = 3))"
          }
        ]
      }
    }
  ],
  "original_sql": "with ss as\n (select ca_county,d_qoy, d_year,sum(ss_ext_sales_price) as store_sales\n from store_sales,date_dim,customer_address, item\n where ss_sold_date_sk = d_date_sk\n  and ss_addr_sk=ca_address_sk\n  and ss_item_sk = i_item_sk\n  and i_color IN ('dark', 'puff')\n  and i_manager_id BETWEEN 15 and 34\n  and ss_list_price between 244 and 258\n  and ca_state in ('KS','OH')\n group by ca_county,d_qoy, d_year),\n ws as\n (select ca_county,d_qoy, d_year,sum(ws_ext_sales_price) as web_sales\n from web_sales,date_dim,customer_address, item\n where ws_sold_date_sk = d_date_sk\n  and ws_bill_addr_sk=ca_address_sk\n  and ws_item_sk = i_item_sk\n  and i_color IN ('dark', 'puff')\n  and i_manager_id BETWEEN 15 and 34\n  and ws_list_price between 244 and 258\n  and ca_state in ('KS','OH')\ngroup by ca_county,d_qoy, d_year)\n select\n        ss1.ca_county\n       ,ss1.d_year\n       ,ws2.web_sales/ws1.web_sales web_q1_q2_increase\n       ,ss2.store_sales/ss1.store_sales store_q1_q2_increase\n       ,ws3.web_sales/ws2.web_sales web_q2_q3_increase\n       ,ss3.store_sales/ss2.store_sales store_q2_q3_increase\n from\n        ss ss1\n       ,ss ss2\n       ,ss ss3\n       ,ws ws1\n       ,ws ws2\n       ,ws ws3\n where\n    ss1.d_qoy = 1\n    and ss1.d_year = 1999\n    and ss1.ca_county = ss2.ca_county\n    and ss2.d_qoy = 2\n    and ss2.d_year = 1999\n and ss2.ca_county = ss3.ca_county\n    and ss3.d_qoy = 3\n    and ss3.d_year = 1999\n    and ss1.ca_county = ws1.ca_county\n    and ws1.d_qoy = 1\n    and ws1.d_year = 1999\n    and ws1.ca_county = ws2.ca_county\n    and ws2.d_qoy = 2\n    and ws2.d_year = 1999\n    and ws1.ca_county = ws3.ca_county\n    and ws3.d_qoy = 3\n    and ws3.d_year =1999\n    and case when ws1.web_sales > 0 then ws2.web_sales/ws1.web_sales else null end\n       > case when ss1.store_sales > 0 then ss2.store_sales/ss1.store_sales else null end\n    and case when ws2.web_sales > 0 then ws3.web_sales/ws2.web_sales else null end\n       > case when ss2.store_sales > 0 then ss3.store_sales/ss2.store_sales else null end\n order by ss1.d_year"
}