{
  "query_id": "query030_multi_s3",
  "engine": "postgresql",
  "benchmark": "dsb_156",
  "scale_factor": 10,
  "execution_time_ms": null,
  "planning_time_ms": 1.2099489995307522,
  "plan_json": [
    {
      "Plan": {
        "Node Type": "Limit",
        "Parallel Aware": false,
        "Async Capable": false,
        "Startup Cost": 42604.61,
        "Total Cost": 42604.61,
        "Plan Rows": 1,
        "Plan Width": 246,
        "Output": [
          "customer.c_customer_id",
          "customer.c_salutation",
          "customer.c_first_name",
          "customer.c_last_name",
          "customer.c_preferred_cust_flag",
          "customer.c_birth_day",
          "customer.c_birth_month",
          "customer.c_birth_year",
          "customer.c_birth_country",
          "customer.c_login",
          "customer.c_email_address",
          "customer.c_last_review_date_sk",
          "ctr1.ctr_total_return"
        ],
        "Plans": [
          {
            "Node Type": "Aggregate",
            "Strategy": "Sorted",
            "Partial Mode": "Finalize",
            "Parent Relationship": "InitPlan",
            "Subplan Name": "CTE customer_total_return",
            "Parallel Aware": false,
            "Async Capable": false,
            "Startup Cost": 42594.5,
            "Total Cost": 42594.82,
            "Plan Rows": 3,
            "Plan Width": 43,
            "Output": [
              "web_returns.wr_returning_customer_sk",
              "customer_address_1.ca_state",
              "web_returns.wr_reason_sk",
              "sum(web_returns.wr_return_amt)"
            ],
            "Group Key": [
              "web_returns.wr_returning_customer_sk",
              "customer_address_1.ca_state",
              "web_returns.wr_reason_sk"
            ],
            "Plans": [
              {
                "Node Type": "Gather Merge",
                "Parent Relationship": "Outer",
                "Parallel Aware": false,
                "Async Capable": false,
                "Startup Cost": 42594.5,
                "Total Cost": 42594.75,
                "Plan Rows": 2,
                "Plan Width": 43,
                "Output": [
                  "web_returns.wr_returning_customer_sk",
                  "customer_address_1.ca_state",
                  "web_returns.wr_reason_sk",
                  "(PARTIAL sum(web_returns.wr_return_amt))"
                ],
                "Workers Planned": 2,
                "Plans": [
                  {
                    "Node Type": "Aggregate",
                    "Strategy": "Sorted",
                    "Partial Mode": "Partial",
                    "Parent Relationship": "Outer",
                    "Parallel Aware": false,
                    "Async Capable": false,
                    "Startup Cost": 41594.47,
                    "Total Cost": 41594.5,
                    "Plan Rows": 1,
                    "Plan Width": 43,
                    "Output": [
                      "web_returns.wr_returning_customer_sk",
                      "customer_address_1.ca_state",
                      "web_returns.wr_reason_sk",
                      "PARTIAL sum(web_returns.wr_return_amt)"
                    ],
                    "Group Key": [
                      "web_returns.wr_returning_customer_sk",
                      "customer_address_1.ca_state",
                      "web_returns.wr_reason_sk"
                    ],
                    "Plans": [
                      {
                        "Node Type": "Sort",
                        "Parent Relationship": "Outer",
                        "Parallel Aware": false,
                        "Async Capable": false,
                        "Startup Cost": 41594.47,
                        "Total Cost": 41594.48,
                        "Plan Rows": 1,
                        "Plan Width": 17,
                        "Output": [
                          "web_returns.wr_returning_customer_sk",
                          "customer_address_1.ca_state",
                          "web_returns.wr_reason_sk",
                          "web_returns.wr_return_amt"
                        ],
                        "Sort Key": [
                          "web_returns.wr_returning_customer_sk",
                          "customer_address_1.ca_state",
                          "web_returns.wr_reason_sk"
                        ],
                        "Plans": [
                          {
                            "Node Type": "Nested Loop",
                            "Parent Relationship": "Outer",
                            "Parallel Aware": false,
                            "Async Capable": false,
                            "Join Type": "Inner",
                            "Startup Cost": 19.87,
                            "Total Cost": 41594.46,
                            "Plan Rows": 1,
                            "Plan Width": 17,
                            "Output": [
                              "web_returns.wr_returning_customer_sk",
                              "customer_address_1.ca_state",
                              "web_returns.wr_reason_sk",
                              "web_returns.wr_return_amt"
                            ],
                            "Inner Unique": true,
                            "Plans": [
                              {
                                "Node Type": "Nested Loop",
                                "Parent Relationship": "Outer",
                                "Parallel Aware": false,
                                "Async Capable": false,
                                "Join Type": "Inner",
                                "Startup Cost": 19.45,
                                "Total Cost": 41591.24,
                                "Plan Rows": 1,
                                "Plan Width": 18,
                                "Output": [
                                  "web_returns.wr_returning_customer_sk",
                                  "web_returns.wr_reason_sk",
                                  "web_returns.wr_return_amt",
                                  "web_returns.wr_returning_addr_sk"
                                ],
                                "Inner Unique": true,
                                "Plans": [
                                  {
                                    "Node Type": "Hash Join",
                                    "Parent Relationship": "Outer",
                                    "Parallel Aware": false,
                                    "Async Capable": false,
                                    "Join Type": "Inner",
                                    "Startup Cost": 19.15,
                                    "Total Cost": 41547.72,
                                    "Plan Rows": 14,
                                    "Plan Width": 22,
                                    "Output": [
                                      "web_returns.wr_returning_customer_sk",
                                      "web_returns.wr_reason_sk",
                                      "web_returns.wr_return_amt",
                                      "web_returns.wr_returning_addr_sk",
                                      "web_returns.wr_item_sk"
                                    ],
                                    "Inner Unique": true,
                                    "Hash Cond": "(web_returns.wr_returned_date_sk = date_dim.d_date_sk)",
                                    "Plans": [
                                      {
                                        "Node Type": "Seq Scan",
                                        "Parent Relationship": "Outer",
                                        "Parallel Aware": true,
                                        "Async Capable": false,
                                        "Relation Name": "web_returns",
                                        "Schema": "public",
                                        "Alias": "web_returns",
                                        "Startup Cost": 0.0,
                                        "Total Cost": 41520.69,
                                        "Plan Rows": 3001,
                                        "Plan Width": 26,
                                        "Output": [
                                          "web_returns.wr_returned_date_sk",
                                          "web_returns.wr_returned_time_sk",
                                          "web_returns.wr_item_sk",
                                          "web_returns.wr_refunded_customer_sk",
                                          "web_returns.wr_refunded_cdemo_sk",
                                          "web_returns.wr_refunded_hdemo_sk",
                                          "web_returns.wr_refunded_addr_sk",
                                          "web_returns.wr_returning_customer_sk",
                                          "web_returns.wr_returning_cdemo_sk",
                                          "web_returns.wr_returning_hdemo_sk",
                                          "web_returns.wr_returning_addr_sk",
                                          "web_returns.wr_web_page_sk",
                                          "web_returns.wr_reason_sk",
                                          "web_returns.wr_order_number",
                                          "web_returns.wr_return_quantity",
                                          "web_returns.wr_return_amt",
                                          "web_returns.wr_return_tax",
                                          "web_returns.wr_return_amt_inc_tax",
                                          "web_returns.wr_fee",
                                          "web_returns.wr_return_ship_cost",
                                          "web_returns.wr_refunded_cash",
                                          "web_returns.wr_reversed_charge",
                                          "web_returns.wr_account_credit",
                                          "web_returns.wr_net_loss"
                                        ],
                                        "Filter": "(((web_returns.wr_return_amt / (web_returns.wr_return_quantity)::numeric) >= '271'::numeric) AND ((web_returns.wr_return_amt / (web_returns.wr_return_quantity)::numeric) <= '300'::numeric))"
                                      },
                                      {
                                        "Node Type": "Hash",
                                        "Parent Relationship": "Inner",
                                        "Parallel Aware": false,
                                        "Async Capable": false,
                                        "Startup Cost": 14.63,
                                        "Total Cost": 14.63,
                                        "Plan Rows": 362,
                                        "Plan Width": 4,
                                        "Output": [
                                          "date_dim.d_date_sk"
                                        ],
                                        "Plans": [
                                          {
                                            "Node Type": "Index Only Scan",
                                            "Parent Relationship": "Outer",
                                            "Parallel Aware": false,
                                            "Async Capable": false,
                                            "Scan Direction": "Forward",
                                            "Index Name": "_dta_index_date_dim_6_661577395__k7_k1",
                                            "Relation Name": "date_dim",
                                            "Schema": "public",
                                            "Alias": "date_dim",
                                            "Startup Cost": 0.29,
                                            "Total Cost": 14.63,
                                            "Plan Rows": 362,
                                            "Plan Width": 4,
                                            "Output": [
                                              "date_dim.d_date_sk"
                                            ],
                                            "Index Cond": "(date_dim.d_year = 2002)"
                                          }
                                        ]
                                      }
                                    ]
                                  },
                                  {
                                    "Node Type": "Index Scan",
                                    "Parent Relationship": "Inner",
                                    "Parallel Aware": false,
                                    "Async Capable": false,
                                    "Scan Direction": "Forward",
                                    "Index Name": "item_pkey",
                                    "Relation Name": "item",
                                    "Schema": "public",
                                    "Alias": "item",
                                    "Startup Cost": 0.29,
                                    "Total Cost": 3.11,
                                    "Plan Rows": 1,
                                    "Plan Width": 4,
                                    "Output": [
                                      "item.i_item_sk",
                                      "item.i_item_id",
                                      "item.i_rec_start_date",
                                      "item.i_rec_end_date",
                                      "item.i_item_desc",
                                      "item.i_current_price",
                                      "item.i_wholesale_cost",
                                      "item.i_brand_id",
                                      "item.i_brand",
                                      "item.i_class_id",
                                      "item.i_class",
                                      "item.i_category_id",
                                      "item.i_category",
                                      "item.i_manufact_id",
                                      "item.i_manufact",
                                      "item.i_size",
                                      "item.i_formulation",
                                      "item.i_color",
                                      "item.i_units",
                                      "item.i_container",
                                      "item.i_manager_id",
                                      "item.i_product_name"
                                    ],
                                    "Index Cond": "(item.i_item_sk = web_returns.wr_item_sk)",
                                    "Filter": "((item.i_manager_id >= 41) AND (item.i_manager_id <= 50))"
                                  }
                                ]
                              },
                              {
                                "Node Type": "Index Scan",
                                "Parent Relationship": "Inner",
                                "Parallel Aware": false,
                                "Async Capable": false,
                                "Scan Direction": "Forward",
                                "Index Name": "customer_address_pkey",
                                "Relation Name": "customer_address",
                                "Schema": "public",
                                "Alias": "customer_address_1",
                                "Startup Cost": 0.42,
                                "Total Cost": 3.22,
                                "Plan Rows": 1,
                                "Plan Width": 7,
                                "Output": [
                                  "customer_address_1.ca_address_sk",
                                  "customer_address_1.ca_address_id",
                                  "customer_address_1.ca_street_number",
                                  "customer_address_1.ca_street_name",
                                  "customer_address_1.ca_street_type",
                                  "customer_address_1.ca_suite_number",
                                  "customer_address_1.ca_city",
                                  "customer_address_1.ca_county",
                                  "customer_address_1.ca_state",
                                  "customer_address_1.ca_zip",
                                  "customer_address_1.ca_country",
                                  "customer_address_1.ca_gmt_offset",
                                  "customer_address_1.ca_location_type"
                                ],
                                "Index Cond": "(customer_address_1.ca_address_sk = web_returns.wr_returning_addr_sk)"
                              }
                            ]
                          }
                        ]
                      }
                    ]
                  }
                ]
              }
            ]
          },
          {
            "Node Type": "Sort",
            "Parent Relationship": "Outer",
            "Parallel Aware": false,
            "Async Capable": false,
            "Startup Cost": 9.79,
            "Total Cost": 9.79,
            "Plan Rows": 1,
            "Plan Width": 246,
            "Output": [
              "customer.c_customer_id",
              "customer.c_salutation",
              "customer.c_first_name",
              "customer.c_last_name",
              "customer.c_preferred_cust_flag",
              "customer.c_birth_day",
              "customer.c_birth_month",
              "customer.c_birth_year",
              "customer.c_birth_country",
              "customer.c_login",
              "customer.c_email_address",
              "customer.c_last_review_date_sk",
              "ctr1.ctr_total_return"
            ],
            "Sort Key": [
              "customer.c_customer_id",
              "customer.c_salutation",
              "customer.c_first_name",
              "customer.c_last_name",
              "customer.c_preferred_cust_flag",
              "customer.c_birth_day",
              "customer.c_birth_month",
              "customer.c_birth_year",
              "customer.c_birth_country",
              "customer.c_login",
              "customer.c_email_address",
              "customer.c_last_review_date_sk",
              "ctr1.ctr_total_return"
            ],
            "Plans": [
              {
                "Node Type": "Nested Loop",
                "Parent Relationship": "Outer",
                "Parallel Aware": false,
                "Async Capable": false,
                "Join Type": "Inner",
                "Startup Cost": 0.84,
                "Total Cost": 9.78,
                "Plan Rows": 1,
                "Plan Width": 246,
                "Output": [
                  "customer.c_customer_id",
                  "customer.c_salutation",
                  "customer.c_first_name",
                  "customer.c_last_name",
                  "customer.c_preferred_cust_flag",
                  "customer.c_birth_day",
                  "customer.c_birth_month",
                  "customer.c_birth_year",
                  "customer.c_birth_country",
                  "customer.c_login",
                  "customer.c_email_address",
                  "customer.c_last_review_date_sk",
                  "ctr1.ctr_total_return"
                ],
                "Inner Unique": true,
                "Plans": [
                  {
                    "Node Type": "Nested Loop",
                    "Parent Relationship": "Outer",
                    "Parallel Aware": false,
                    "Async Capable": false,
                    "Join Type": "Inner",
                    "Startup Cost": 0.42,
                    "Total Cost": 8.78,
                    "Plan Rows": 1,
                    "Plan Width": 250,
                    "Output": [
                      "ctr1.ctr_total_return",
                      "customer.c_customer_id",
                      "customer.c_salutation",
                      "customer.c_first_name",
                      "customer.c_last_name",
                      "customer.c_preferred_cust_flag",
                      "customer.c_birth_day",
                      "customer.c_birth_month",
                      "customer.c_birth_year",
                      "customer.c_birth_country",
                      "customer.c_login",
                      "customer.c_email_address",
                      "customer.c_last_review_date_sk",
                      "customer.c_current_addr_sk"
                    ],
                    "Inner Unique": true,
                    "Plans": [
                      {
                        "Node Type": "CTE Scan",
                        "Parent Relationship": "Outer",
                        "Parallel Aware": false,
                        "Async Capable": false,
                        "CTE Name": "customer_total_return",
                        "Alias": "ctr1",
                        "Startup Cost": 0.0,
                        "Total Cost": 0.33,
                        "Plan Rows": 1,
                        "Plan Width": 36,
                        "Output": [
                          "ctr1.ctr_customer_sk",
                          "ctr1.ctr_state",
                          "ctr1.ctr_reason_sk",
                          "ctr1.ctr_total_return"
                        ],
                        "Filter": "((ctr1.ctr_reason_sk = ANY ('{3,69}'::integer[])) AND (ctr1.ctr_total_return > (SubPlan 2)))",
                        "Plans": [
                          {
                            "Node Type": "Aggregate",
                            "Strategy": "Plain",
                            "Partial Mode": "Simple",
                            "Parent Relationship": "SubPlan",
                            "Subplan Name": "SubPlan 2",
                            "Parallel Aware": false,
                            "Async Capable": false,
                            "Startup Cost": 0.07,
                            "Total Cost": 0.09,
                            "Plan Rows": 1,
                            "Plan Width": 32,
                            "Output": [
                              "(avg(ctr2.ctr_total_return) * 1.2)"
                            ],
                            "Plans": [
                              {
                                "Node Type": "CTE Scan",
                                "Parent Relationship": "Outer",
                                "Parallel Aware": false,
                                "Async Capable": false,
                                "CTE Name": "customer_total_return",
                                "Alias": "ctr2",
                                "Startup Cost": 0.0,
                                "Total Cost": 0.07,
                                "Plan Rows": 1,
                                "Plan Width": 32,
                                "Output": [
                                  "ctr2.ctr_customer_sk",
                                  "ctr2.ctr_state",
                                  "ctr2.ctr_reason_sk",
                                  "ctr2.ctr_total_return"
                                ],
                                "Filter": "(ctr1.ctr_state = ctr2.ctr_state)"
                              }
                            ]
                          }
                        ]
                      },
                      {
                        "Node Type": "Index Scan",
                        "Parent Relationship": "Inner",
                        "Parallel Aware": false,
                        "Async Capable": false,
                        "Scan Direction": "Forward",
                        "Index Name": "_dta_index_customer_6_949578421__k1_k5",
                        "Relation Name": "customer",
                        "Schema": "public",
                        "Alias": "customer",
                        "Startup Cost": 0.42,
                        "Total Cost": 8.45,
                        "Plan Rows": 1,
                        "Plan Width": 222,
                        "Output": [
                          "customer.c_customer_sk",
                          "customer.c_customer_id",
                          "customer.c_current_cdemo_sk",
                          "customer.c_current_hdemo_sk",
                          "customer.c_current_addr_sk",
                          "customer.c_first_shipto_date_sk",
                          "customer.c_first_sales_date_sk",
                          "customer.c_salutation",
                          "customer.c_first_name",
                          "customer.c_last_name",
                          "customer.c_preferred_cust_flag",
                          "customer.c_birth_day",
                          "customer.c_birth_month",
                          "customer.c_birth_year",
                          "customer.c_birth_country",
                          "customer.c_login",
                          "customer.c_email_address",
                          "customer.c_last_review_date_sk"
                        ],
                        "Index Cond": "(customer.c_customer_sk = ctr1.ctr_customer_sk)",
                        "Filter": "((customer.c_birth_year >= 1956) AND (customer.c_birth_year <= 1962))"
                      }
                    ]
                  },
                  {
                    "Node Type": "Index Scan",
                    "Parent Relationship": "Inner",
                    "Parallel Aware": false,
                    "Async Capable": false,
                    "Scan Direction": "Forward",
                    "Index Name": "customer_address_pkey",
                    "Relation Name": "customer_address",
                    "Schema": "public",
                    "Alias": "customer_address",
                    "Startup Cost": 0.42,
                    "Total Cost": 1.0,
                    "Plan Rows": 1,
                    "Plan Width": 4,
                    "Output": [
                      "customer_address.ca_address_sk",
                      "customer_address.ca_address_id",
                      "customer_address.ca_street_number",
                      "customer_address.ca_street_name",
                      "customer_address.ca_street_type",
                      "customer_address.ca_suite_number",
                      "customer_address.ca_city",
                      "customer_address.ca_county",
                      "customer_address.ca_state",
                      "customer_address.ca_zip",
                      "customer_address.ca_country",
                      "customer_address.ca_gmt_offset",
                      "customer_address.ca_location_type"
                    ],
                    "Index Cond": "(customer_address.ca_address_sk = customer.c_current_addr_sk)",
                    "Filter": "(customer_address.ca_state = ANY ('{CO,GA,ID,MI}'::bpchar[]))"
                  }
                ]
              }
            ]
          }
        ]
      }
    }
  ],
  "original_sql": "with customer_total_return as\n (select wr_returning_customer_sk as ctr_customer_sk\n ,ca_state as ctr_state\n,wr_reason_sk as ctr_reason_sk\n,sum(wr_return_amt) as ctr_total_return\n from web_returns\n     ,date_dim\n     ,customer_address\n     ,item\n where wr_returned_date_sk = d_date_sk\n   and d_year =2002\n   and wr_returning_addr_sk = ca_address_sk\n   and wr_item_sk = i_item_sk\n   and i_manager_id BETWEEN 41 and 50\n   and wr_return_amt / wr_return_quantity between 271 and 300\n group by wr_returning_customer_sk\n         ,ca_state, wr_reason_sk)\n  select  c_customer_id,c_salutation,c_first_name,c_last_name,c_preferred_cust_flag\n       ,c_birth_day,c_birth_month,c_birth_year,c_birth_country,c_login,c_email_address\n       ,c_last_review_date_sk,ctr_total_return\n from customer_total_return ctr1\n     ,customer_address\n     ,customer\n where ctr1.ctr_total_return > (select avg(ctr_total_return)*1.2\n \t\t\t  from customer_total_return ctr2\n                  \t  where ctr1.ctr_state = ctr2.ctr_state)\n       and ca_address_sk = c_current_addr_sk\n       and ca_state in ('CO', 'GA', 'ID', 'MI')\n       and ctr1.ctr_customer_sk = c_customer_sk\n       and ctr1.ctr_reason_sk in (3, 69)\n      and c_birth_year BETWEEN 1956 AND 1962\n order by c_customer_id,c_salutation,c_first_name,c_last_name,c_preferred_cust_flag\n                  ,c_birth_day,c_birth_month,c_birth_year,c_birth_country,c_login,c_email_address\n                  ,c_last_review_date_sk,ctr_total_return\nlimit 100"
}