You are a senior SQL optimization architect for PostgreSQL v16.11-0ubuntu0.24.04.1). You have FULL FREEDOM to design your own approach — you are NOT constrained to any specific logical tree topology or CTE structure. Your job: diagnose WHY previous workers failed to reach 2.0x, identify unexplored optimization angles, and produce an optimized SQL rewrite that reaches the target.

Preserve defensive guards: if the original uses CASE WHEN x > 0 THEN y/x END around a division, keep it — guards prevent silent breakage. Strip benchmark comments (-- start query, -- end query) from output.

## Target: >=2.0x speedup

Your target is >=2.0x speedup on this query. This is the bar. Anything below 2.0x is a miss.

## Previous Optimization Attempts
Target: **>=2.0x** | 4 workers tried | none reached target

### W4:  → 0.15503658728822392x ★ BEST [REGRESSION (0.15503658728822392x)]
- **Optimized SQL:**
```sql
SELECT prev_yr.d_year AS prev_year,
       curr_yr.d_year AS year,
       curr_yr.i_brand_id,
       curr_yr.i_class_id,
       curr_yr.i_category_id,
       curr_yr.i_manufact_id,
       prev_yr.sales_cnt AS prev_yr_cnt,
       curr_yr.sales_cnt AS curr_yr_cnt,
       curr_yr.sales_cnt - prev_yr.sales_cnt AS sales_cnt_diff,
       curr_yr.sales_amt - prev_yr.sales_amt AS sales_amt_diff
FROM (
  SELECT d_year,
         i_brand_id,
         i_class_id,
         i_category_id,
         i_manufact_id,
         SUM(sales_cnt) AS sales_cnt,
         SUM(sales_amt) AS sales_amt
  FROM (
    SELECT d_year,
           i_brand_id,
           i_class_id,
           i_category_id,
           i_manufact_id,
           cs_quantity - COALESCE(cr_return_quantity, 0) AS sales_cnt,
           cs_ext_sales_price - COALESCE(cr_return_amount, 0.0) AS sales_amt
    FROM catalog_sales
    JOIN item ON i_item_sk = cs_item_sk
    JOIN date_dim ON d_date_sk = cs_sold_date_sk
    LEFT JOIN catalog_returns ON (cs_order_number = cr_order_number
                                  AND cs_item_sk = cr_item_sk)
    WHERE i_category = 'Home'
      AND cs_sales_price / cs_list_price BETWEEN 34 * 0.01 AND 54 * 0.01
      AND cr_reason_sk IN (7, 25, 26, 52, 69)
    UNION
    SELECT d_year,
           i_brand_id,
           i_class_id,
           i_category_id,
           i_manufact_id,
           ss_quantity - COALESCE(sr_return_quantity, 0) AS sales_cnt,
           ss_ext_sales_price - COALESCE(sr_return_amt, 0.0) AS sales_amt
    FROM store_sales
    JOIN item ON i_item_sk = ss_item_sk
    JOIN date_dim ON d_date_sk = ss_sold_date_sk
    LEFT JOIN store_returns ON (ss_ticket_number = sr_ticket_number
                                AND ss_item_sk = sr_item_sk)
    WHERE i_category = 'Home'
      AND ss_sales_price / ss_list_price BETWEEN 34 * 0.01 AND 54 * 0.01
      AND sr_reason_sk IN (7, 25, 26, 52, 69)
    UNION
    SELECT d_year,
           i_brand_id,
           i_class_id,
           i_category_id,
           i_manufact_id,
           ws_quantity - COALESCE(wr_return_quantity, 0) AS sales_cnt,
           ws_ext_sales_price - COALESCE(wr_return_amt, 0.0) AS sales_amt
    FROM web_sales
    JOIN item ON i_item_sk = ws_item_sk
    JOIN date_dim ON d_date_sk = ws_sold_date_sk
    LEFT JOIN web_returns ON (ws_order_number = wr_order_number
                              AND ws_item_sk = wr_item_sk)
    WHERE i_category = 'Home'
      AND ws_sales_price / ws_list_price BETWEEN 34 * 0.01 AND 54 * 0.01
      AND wr_reason_sk IN (7, 25, 26, 52, 69)
  ) sales_detail
  GROUP BY d_year, i_brand_id, i_class_id, i_category_id, i_manufact_id
) curr_yr,
 (
  SELECT d_year,
         i_brand_id,
         i_class_id,
         i_category_id,
         i_manufact_id,
         SUM(sales_cnt) AS sales_cnt,
         SUM(sales_amt) AS sales_amt
  FROM (
    SELECT d_year,
           i_brand_id,
           i_class_id,
           i_category_id,
           i_manufact_id,
           cs_quantity - COALESCE(cr_return_quantity, 0) AS sales_cnt,
           cs_ext_sales_price - COALESCE(cr_return_amount, 0.0) AS sales_amt
    FROM catalog_sales
    JOIN item ON i_item_sk = cs_item_sk
    JOIN date_dim ON d_date_sk = cs_sold_date_sk
    LEFT JOIN catalog_returns ON (cs_order_number = cr_order_number
                                  AND cs_item_sk = cr_item_sk)
    WHERE i_category = 'Home'
      AND cs_sales_price / cs_list_price BETWEEN 34 * 0.01 AND 54 * 0.01
      AND cr_reason_sk IN (7, 25, 26, 52, 69)
    UNION
    SELECT d_year,
           i_brand_id,
           i_class_id,
           i_category_id,
           i_manufact_id,
           ss_quantity - COALESCE(sr_return_quantity, 0) AS sales_cnt,
           ss_ext_sales_price - COALESCE(sr_return_amt, 0.0) AS sales_amt
    FROM store_sales
    JOIN item ON i_item_sk = ss_item_sk
    JOIN date_dim ON d_date_sk = ss_sold_date_sk
    LEFT JOIN store_returns ON (ss_ticket_number = sr_ticket_number
                                AND ss_item_sk = sr_item_sk)
    WHERE i_category = 'Home'
      AND ss_sales_price / ss_list_price BETWEEN 34 * 0.01 AND 54 * 0.01
      AND sr_reason_sk IN (7, 25, 26, 52, 69)
    UNION
    SELECT d_year,
           i_brand_id,
           i_class_id,
           i_category_id,
           i_manufact_id,
           ws_quantity - COALESCE(wr_return_quantity, 0) AS sales_cnt,
           ws_ext_sales_price - COALESCE(wr_return_amt, 0.0) AS sales_amt
    FROM web_sales
    JOIN item ON i_item_sk = ws_item_sk
    JOIN date_dim ON d_date_sk = ws_sold_date_sk
    LEFT JOIN web_returns ON (ws_order_number = wr_order_number
                              AND ws_item_sk = wr_item_sk)
    WHERE i_category = 'Home'
      AND ws_sales_price / ws_list_price BETWEEN 34 * 0.01 AND 54 * 0.01
      AND wr_reason_sk IN (7, 25, 26, 52, 69)
  ) sales_detail
  GROUP BY d_year, i_brand_id, i_class_id, i_category_id, i_manufact_id
) prev_yr
WHERE curr_yr.i_brand_id = prev_yr.i_brand_id
  AND curr_yr.i_class_id = prev_yr.i_class_id
  AND curr_yr.i_category_id = prev_yr.i_category_id
  AND curr_yr.i_manufact_id = prev_yr.i_manufact_id
  AND curr_yr.d_year = 1999
  AND prev_yr.d_year = 1998
  AND prev_yr.sales_cnt > 0
  AND CAST(curr_yr.sales_cnt AS DECIMAL(17, 2)) / CAST(prev_yr.sales_cnt AS DECIMAL(17, 2)) < 0.9
ORDER BY sales_cnt_diff, sales_amt_diff
LIMIT 100
```
- **Execution Plan (EXPLAIN ANALYZE):**
```
Limit  (rows=50, time=4854.595)
  Sort  (rows=50, time=4854.591)
    Merge Join  (rows=50, time=4854.563)
      Aggregate  (rows=730, time=2459.696)
        Sort  (rows=1330, time=2459.426)
          Aggregate  (rows=1330, time=2459.094)
            Gather  (rows=1358, time=2456.352)
              Append  (rows=453, time=1344.277)
                Nested Loop  (rows=323, time=1046.972)
                  Nested Loop  (rows=18243, time=983.805)
                    Nested Loop  (rows=218765, time=549.819)
                      Index Only Scan on date_dim  (rows=122, time=0.652)
                      Index Only Scan on store_sales  (rows=1798, time=4.411)
                    Index Scan on item  (rows=0, time=0.002)
                  Index Scan on store_returns  (rows=0, time=0.003)
                Nested Loop  (rows=117, time=268.868)
                  Nested Loop  (rows=1595, time=267.528)
                    Nested Loop  (rows=7997, time=213.448)
                      Seq Scan on catalog_returns  (rows=78913, time=103.496)
                      Memoize  (rows=0, time=0.001)
                        Index Scan on item (item_1)  (rows=0, time=0.003)
                    Index Scan on catalog_sales  (rows=0, time=0.007)
                  Index Only Scan on date_dim (date_dim_1)  (rows=0, time=0.001)
                Nested Loop  (rows=155, time=353.603)
                  Nested Loop  (rows=1044, time=352.289)
                    Nested Loop  (rows=6074, time=302.791)
                      Seq Scan on web_returns  (rows=101985, time=148.369)
                      Memoize  (rows=0, time=0.001)
                        Index Scan on item (item_2)  (rows=0, time=0.003)
                    Index Scan on web_sales  (rows=0, time=0.008)
                  Index Only Scan on date_dim (date_dim_2)  (rows=0, time=0.001)
      Materialize  (rows=690, time=2394.728)
        Aggregate  (rows=690, time=2394.637)
          Sort  (rows=1311, time=2394.374)
            Aggregate  (rows=1311, time=2394.097)
              Gather  (rows=1339, time=2390.914)
                Append  (rows=446, time=1451.718)
                  Nested Loop  (rows=332, time=1125.997)
                    Nested Loop  (rows=18081, time=1053.476)
                      Nested Loop  (rows=214673, time=570.298)
                        Index Only Scan on date_dim (date_dim_3)  (rows=122, time=0.75)
                        Index Only Scan on store_sales (store_sales_1)  (rows=1764, time=4.566)
                      Index Scan on item (item_3)  (rows=0, time=0.002)
                    Index Scan on store_returns (store_returns_1)  (rows=0, time=0.004)
                  Nested Loop  (rows=121, time=300.386)
                    Nested Loop  (rows=1595, time=298.819)
                      Nested Loop  (rows=7997, time=240.323)
                        Seq Scan on catalog_returns (catalog_returns_1)  (rows=78913, time=112.117)
                        Memoize  (rows=0, time=0.002)
                          Index Scan on item (item_4)  (rows=0, time=0.003)
                      Index Scan on catalog_sales (catalog_sales_1)  (rows=0, time=0.007)
                    Index Only Scan on date_dim (date_dim_4)  (rows=0, time=0.001)
                  Nested Loop  (rows=101, time=375.676)
                    Nested Loop  (rows=1044, time=374.449)
                      Nested Loop  (rows=6074, time=324.005)
                        Seq Scan on web_returns (web_returns_1)  (rows=101985, time=159.852)
                        Memoize  (rows=0, time=0.002)
                          Index Scan on item (item_5)  (rows=0, time=0.003)
                      Index Scan on web_sales (web_sales_1)  (rows=0, time=0.008)
                    Index Only Scan on date_dim (date_dim_5)  (rows=0, time=0.001)
```

### W1: star_join_prefetch → 0.0x [ERROR]
- **Examples**: pg_dimension_prefetch_star, pg_date_cte_explicit_join, pg_materialized_dimension_fact_prefilter
- **Transforms**: union_cte_split
- **Approach**: - pg_dimension_prefetch_star: Apply pre-filtering item and date_dim into CTEs; c
- **Error**: Value mismatch: rows differ between original and optimized
- **Optimized SQL:**
```sql
WITH filtered_item AS (SELECT i_item_sk, i_brand_id, i_class_id, i_category_id, i_manufact_id FROM item WHERE i_category = 'Home'), filtered_date AS (SELECT d_date_sk, d_year FROM date_dim WHERE d_year IN (1998, 1999)), store_branch AS (SELECT d.d_year, i.i_brand_id, i.i_class_id, i.i_category_id, i.i_manufact_id, ss.ss_quantity - COALESCE(sr.sr_return_quantity, 0) AS sales_cnt, ss.ss_ext_sales_price - COALESCE(sr.sr_return_amt, 0.0) AS sales_amt FROM store_returns sr LEFT JOIN filtered_item i ON sr.sr_item_sk = i.i_item_sk JOIN store_sales ss ON sr.sr_ticket_number = ss.ss_ticket_number AND sr.sr_item_sk = ss.ss_item_sk JOIN filtered_date d ON ss.ss_sold_date_sk = d.d_date_sk WHERE sr.sr_reason_sk IN (7, 25, 26, 52, 69) AND (ss.ss_sales_price / ss.ss_list_price) BETWEEN 0.34 AND 0.54), catalog_branch AS (SELECT d.d_year, i.i_brand_id, i.i_class_id, i.i_category_id, i.i_manufact_id, cs.cs_quantity - COALESCE(cr.cr_return_quantity, 0) AS sales_cnt, cs.cs_ext_sales_price - COALESCE(cr.cr_return_amount, 0.0) AS sales_amt FROM catalog_returns cr LEFT JOIN filtered_item i ON cr.cr_item_sk = i.i_item_sk JOIN catalog_sales cs ON cr.cr_order_number = cs.cs_order_number AND cr.cr_item_sk = cs.cs_item_sk JOIN filtered_date d ON cs.cs_sold_date_sk = d.d_date_sk WHERE cr.cr_reason_sk IN (7, 25, 26, 52, 69) AND (cs.cs_sales_price / cs.cs_list_price) BETWEEN 0.34 AND 0.54), web_branch AS (SELECT d.d_year, i.i_brand_id, i.i_class_id, i.i_category_id, i.i_manufact_id, ws.ws_quantity - COALESCE(wr.wr_return_quantity, 0) AS sales_cnt, ws.ws_ext_sales_price - COALESCE(wr.wr_return_amt, 0.0) AS sales_amt FROM web_returns wr LEFT JOIN filtered_item i ON wr.wr_item_sk = i.i_item_sk JOIN web_sales ws ON wr.wr_order_number = ws.ws_order_number AND wr.wr_item_sk = ws.ws_item_sk JOIN filtered_date d ON ws.ws_sold_date_sk = d.d_date_sk WHERE wr.wr_reason_sk IN (7, 25, 26, 52, 69) AND (ws.ws_sales_price / ws.ws_list_price) BETWEEN 0.34 AND 0.54), union_aggregate AS (SELECT d_year, i_brand_id, i_class_id, i_category_id, i_manufact_id, SUM(sales_cnt) AS sales_cnt, SUM(sales_amt) AS sales_amt FROM (SELECT * FROM store_branch UNION ALL SELECT * FROM catalog_branch UNION ALL SELECT * FROM web_branch) all_branches GROUP BY d_year, i_brand_id, i_class_id, i_category_id, i_manufact_id) SELECT prev_yr.d_year AS prev_year, curr_yr.d_year AS year, curr_yr.i_brand_id, curr_yr.i_class_id, curr_yr.i_category_id, curr_yr.i_manufact_id, prev_yr.sales_cnt AS prev_yr_cnt, curr_yr.sales_cnt AS curr_yr_cnt, curr_yr.sales_cnt - prev_yr.sales_cnt AS sales_cnt_diff, curr_yr.sales_amt - prev_yr.sales_amt AS sales_amt_diff FROM union_aggregate curr_yr, union_aggregate prev_yr WHERE curr_yr.i_brand_id = prev_yr.i_brand_id AND curr_yr.i_class_id = prev_yr.i_class_id AND curr_yr.i_category_id = prev_yr.i_category_id AND curr_yr.i_manufact_id = prev_yr.i_manufact_id AND curr_yr.d_year = 1999 AND prev_yr.d_year = 1998 AND prev_yr.sales_cnt > 0 AND CAST(curr_yr.sales_cnt AS DECIMAL(17,2))/CAST(prev_yr.sales_cnt AS DECIMAL(17,2)) < 0.9 ORDER BY sales_cnt_diff, sales_amt_diff LIMIT 100
```
- **Execution Plan (EXPLAIN estimate — query errored):**
```
[EXPLAIN estimate — query errored at execution]
Limit  (cost=1525440.02..1525440.02 rows=1 width=80)
  CTE filtered_item
    ->  Bitmap Heap Scan on item  (cost=658.27..8097.93 rows=8497 width=20)
          Recheck Cond: (i_category = 'Home'::bpchar)
          ->  Bitmap Index Scan on _dta_index_item_6_853578079__k13_k11_k1  (cost=0.00..656.14 rows=8497 width=0)
                Index Cond: (i_category = 'Home'::bpchar)
  CTE filtered_date
    ->  Index Only Scan using _dta_index_date_dim_6_661577395__k7_k1 on date_dim  (cost=0.29..29.30 rows=727 width=8)
          Index Cond: (d_year = ANY ('{1998,1999}'::integer[]))
  CTE union_aggregate
    ->  GroupAggregate  (cost=1517288.10..1517303.24 rows=200 width=60)
          Group Key: d.d_year, i.i_brand_id, i.i_class_id, i.i_category_id, i.i_manufact_id
          ->  Sort  (cost=1517288.10..1517289.68 rows=632 width=56)
                Sort Key: d.d_year, i.i_brand_id, i.i_class_id, i.i_category_id, i.i_manufact_id
                ->  Append  (cost=277.15..1517258.70 rows=632 width=56)
                      ->  Hash Left Join  (cost=277.15..914603.40 rows=528 width=56)
                            Hash Cond: (sr.sr_item_sk = i.i_item_sk)
                            ->  Nested Loop  (cost=0.99..913760.36 rows=528 width=28)
                                  ->  Nested Loop  (cost=0.56..718174.33 rows=48582 width=22)
                                        ->  CTE Scan on filtered_date d  (cost=0.00..14.54 rows=727 width=8)
                                        ->  Index Only Scan using _dta_index_store_sales_6_1333579789__k1_k23_k14_k6_k8_k5_k7_3_4 on store_sales ss  (cost=0.56..987.17 rows=67 width=22)
                                              Index Cond: (ss_sold_date_sk = d.d_date_sk)
                                              Filter: (((ss_sales_price / ss_list_price) >= 0.34) AND ((ss_sales_price / ss_list_price) <= 0.54))
                                  ->  Index Scan using store_returns_pkey on store_returns sr  (cost=0.43..4.03 rows=1 width=18)
                                        Index Cond: ((sr_item_sk = ss.ss_item_sk) AND (sr_ticket_number = ss.ss_ticket_number))
                                        Filter: (sr_reason_sk = ANY ('{7,25,26,52,69}'::integer[]))
                            ->  Hash  (cost=169.94..169.94 rows=8497 width=20)
                                  ->  CTE Scan on filtered_item i  (cost=0.00..169.94 rows=8497 width=20)
                      ->  Hash Left Join  (cost=1276.59..375647.34 rows=64 width=56)
                            Hash Cond: (cr.cr_item_sk = i_1.i_item_sk)
                            ->  Nested Loop  (cost=1000.43..375302.47 rows=64 width=28)
                                  Join Filter: (cs.cs_sold_date_sk = d_1.d_date_sk)
                                  ->  CTE Scan on filtered_date d_1  (cost=0.00..14.54 rows=727 width=8)
                                  ->  Materialize  (cost=1000.43..373238.26 rows=188 width=28)
                                        ->  Gather  (cost=1000.43..373237.32 rows=188 width=28)
                                              Workers Planned: 2
                                              ->  Nested Loop  (cost=0.43..372218.52 rows=78 width=28)
                                                    ->  Parallel Seq Scan on catalog_returns cr  (cost=0.00..57599.63 rows=66248 width=18)
                                                          Filter: (cr_reason_sk = ANY ('{7,25,26,52,69}'::integer[]))
                                                    ->  Index Scan using catalog_sales_pkey on catalog_sales cs  (cost=0.43..4.75 rows=1 width=22)
                                                          Index Cond: ((cs_item_sk = cr.cr_item_sk) AND (cs_order_number = cr.cr_order_number))
                                                          Filter: (((cs_sales_price / cs_list_price) >= 0.34) AND ((cs_sales_price / cs_list_price) <= 0.54))
                            ->  Hash  (cost=169.94..169.94 rows=8497 width=20)
                                  ->  CTE Scan on filtered_item i_1  (cost=0.00..169.94 rows=8497 width=20)
                      ->  Hash Left Join  (cost=1276.59..226998.49 rows=40 width=56)
                            Hash Cond: (wr.wr_item_sk = i_2.i_item_sk)
                            ->  Nested Loop  (cost=1000.43..226679.38 rows=40 width=28)
                                  Join Filter: (ws.ws_sold_date_sk = d_2.d_date_sk)
                                  ->  CTE Scan on filtered_date d_2  (cost=0.00..14.54 rows=727 width=8)
                                  ->  Materialize  (cost=1000.43..225389.25 rows=117 width=28)
                                        ->  Gather  (cost=1000.43..225388.67 rows=117 width=28)
                                              Workers Planned: 2
                                              ->  Nested Loop  (cost=0.43..224376.97 rows=49 width=28)
                                                    ->  Parallel Seq Scan on web_returns wr  (cost=0.00..36269.40 rows=43251 width=18)
                                                          Filter: (wr_reason_sk = ANY ('{7,25,26,52,69}'::integer[]))
                                                    ->  Index Scan using web_sales_pkey on web_sales ws  (cost=0.43..4.35 rows=1 width=22)
                                                          Index Cond: ((ws_item_sk = wr.wr_item_sk) AND (ws_order_number = wr.wr_order_number))
                                                          Filter: (((ws_sales_price / ws_list_price) >= 0.34) AND ((ws_sales_price / ws_list_price) <= 0.54))
                            ->  Hash  (cost=169.94..169.94 rows=8497 width=20)
                                  ->  CTE Scan on filtered_item i_2  (cost=0.00..169.94 rows=8497 width=20)
  ->  Sort  (cost=9.55..9.56 rows=1 width=80)
        Sort Key: ((curr_yr.sales_cnt - prev_yr.sales_cnt)), ((curr_yr.sales_amt - prev_yr.sales_amt))
        ->  Nested Loop  (cost=0.00..9.54 rows=1 width=80)
              Join Filter: ((curr_yr.i_brand_id = prev_yr.i_brand_id) AND (curr_yr.i_class_id = prev_yr.i_class_id) AND (curr_yr.i_category_id = prev_yr.i_category_id) AND (curr_yr.i_manufact_id = prev_yr.i_manufact_id) AND (((curr_yr.sales_cnt)::numeric(17,2) / (prev_yr.sales_cnt)::numeric(17,2)) < 0.9))
              ->  CTE Scan on union_aggregate curr_yr  (cost=0.00..4.50 rows=1 width=60)
                    Filter: (d_year = 1999)
              ->  CTE Scan on union_aggregate prev_yr  (cost=0.00..5.00 rows=1 width=60)
                    Filter: ((sales_cnt > 0) AND (d_year = 1998))
```

### W2: union_consolidation → 0.0x [ERROR]
- **Examples**: pg_dimension_prefetch_star, early_filter_decorrelate, shared_dimension_multi_channel
- **Transforms**: decorrelate
- **Approach**: - pg_dimension_prefetch_star: Apply pre-filtered dimension CTEs; use explicit JO
- **Error**: Value mismatch: rows differ between original and optimized
- **Optimized SQL:**
```sql
WITH filtered_item AS (SELECT i_item_sk, i_brand_id, i_class_id, i_category_id, i_manufact_id FROM item WHERE i_category = 'Home'), filtered_date AS (SELECT d_date_sk, d_year FROM date_dim WHERE d_year IN (1998, 1999)), union_all_branches AS (SELECT d.d_year, i.i_brand_id, i.i_class_id, i.i_category_id, i.i_manufact_id, ss.ss_quantity - COALESCE(sr.sr_return_quantity,0) AS sales_cnt, ss.ss_ext_sales_price - COALESCE(sr.sr_return_amt,0.0) AS sales_amt FROM store_returns sr LEFT JOIN filtered_item i ON sr.sr_item_sk = i.i_item_sk JOIN store_sales ss ON sr.sr_ticket_number = ss.ss_ticket_number AND sr.sr_item_sk = ss.ss_item_sk JOIN filtered_date d ON ss.ss_sold_date_sk = d.d_date_sk WHERE sr.sr_reason_sk IN (7,25,26,52,69) AND (ss.ss_sales_price / ss.ss_list_price) BETWEEN 0.34 AND 0.54 UNION ALL SELECT d.d_year, i.i_brand_id, i.i_class_id, i.i_category_id, i.i_manufact_id, cs.cs_quantity - COALESCE(cr.cr_return_quantity,0) AS sales_cnt, cs.cs_ext_sales_price - COALESCE(cr.cr_return_amount,0.0) AS sales_amt FROM catalog_returns cr LEFT JOIN filtered_item i ON cr.cr_item_sk = i.i_item_sk JOIN catalog_sales cs ON cr.cr_order_number = cs.cs_order_number AND cr.cr_item_sk = cs.cs_item_sk JOIN filtered_date d ON cs.cs_sold_date_sk = d.d_date_sk WHERE cr.cr_reason_sk IN (7,25,26,52,69) AND (cs.cs_sales_price / cs.cs_list_price) BETWEEN 0.34 AND 0.54 UNION ALL SELECT d.d_year, i.i_brand_id, i.i_class_id, i.i_category_id, i.i_manufact_id, ws.ws_quantity - COALESCE(wr.wr_return_quantity,0) AS sales_cnt, ws.ws_ext_sales_price - COALESCE(wr.wr_return_amt,0.0) AS sales_amt FROM web_returns wr LEFT JOIN filtered_item i ON wr.wr_item_sk = i.i_item_sk JOIN web_sales ws ON wr.wr_order_number = ws.ws_order_number AND wr.wr_item_sk = ws.ws_item_sk JOIN filtered_date d ON ws.ws_sold_date_sk = d.d_date_sk WHERE wr.wr_reason_sk IN (7,25,26,52,69) AND (ws.ws_sales_price / ws.ws_list_price) BETWEEN 0.34 AND 0.54), channel_aggregate AS (SELECT d_year, i_brand_id, i_class_id, i_category_id, i_manufact_id, SUM(sales_cnt) AS sales_cnt, SUM(sales_amt) AS sales_amt FROM union_all_branches GROUP BY d_year, i_brand_id, i_class_id, i_category_id, i_manufact_id) SELECT prev_yr.d_year AS prev_year, curr_yr.d_year AS year, curr_yr.i_brand_id, curr_yr.i_class_id, curr_yr.i_category_id, curr_yr.i_manufact_id, prev_yr.sales_cnt AS prev_yr_cnt, curr_yr.sales_cnt AS curr_yr_cnt, curr_yr.sales_cnt-prev_yr.sales_cnt AS sales_cnt_diff, curr_yr.sales_amt-prev_yr.sales_amt AS sales_amt_diff FROM channel_aggregate curr_yr, channel_aggregate prev_yr WHERE curr_yr.i_brand_id=prev_yr.i_brand_id AND curr_yr.i_class_id=prev_yr.i_class_id AND curr_yr.i_category_id=prev_yr.i_category_id AND curr_yr.i_manufact_id=prev_yr.i_manufact_id AND curr_yr.d_year=1999 AND prev_yr.d_year=1999-1 AND prev_yr.sales_cnt > 0 AND CAST(curr_yr.sales_cnt AS DECIMAL(17,2))/CAST(prev_yr.sales_cnt AS DECIMAL(17,2))<0.9 ORDER BY sales_cnt_diff, sales_amt_diff LIMIT 100
```
- **Execution Plan (EXPLAIN estimate — query errored):**
```
[EXPLAIN estimate — query errored at execution]
Limit  (cost=1525440.02..1525440.02 rows=1 width=80)
  CTE filtered_item
    ->  Bitmap Heap Scan on item  (cost=658.27..8097.93 rows=8497 width=20)
          Recheck Cond: (i_category = 'Home'::bpchar)
          ->  Bitmap Index Scan on _dta_index_item_6_853578079__k13_k11_k1  (cost=0.00..656.14 rows=8497 width=0)
                Index Cond: (i_category = 'Home'::bpchar)
  CTE filtered_date
    ->  Index Only Scan using _dta_index_date_dim_6_661577395__k7_k1 on date_dim  (cost=0.29..29.30 rows=727 width=8)
          Index Cond: (d_year = ANY ('{1998,1999}'::integer[]))
  CTE channel_aggregate
    ->  GroupAggregate  (cost=1517288.10..1517303.24 rows=200 width=60)
          Group Key: d.d_year, i.i_brand_id, i.i_class_id, i.i_category_id, i.i_manufact_id
          ->  Sort  (cost=1517288.10..1517289.68 rows=632 width=56)
                Sort Key: d.d_year, i.i_brand_id, i.i_class_id, i.i_category_id, i.i_manufact_id
                ->  Append  (cost=277.15..1517258.70 rows=632 width=56)
                      ->  Hash Left Join  (cost=277.15..914603.40 rows=528 width=56)
                            Hash Cond: (sr.sr_item_sk = i.i_item_sk)
                            ->  Nested Loop  (cost=0.99..913760.36 rows=528 width=28)
                                  ->  Nested Loop  (cost=0.56..718174.33 rows=48582 width=22)
                                        ->  CTE Scan on filtered_date d  (cost=0.00..14.54 rows=727 width=8)
                                        ->  Index Only Scan using _dta_index_store_sales_6_1333579789__k1_k23_k14_k6_k8_k5_k7_3_4 on store_sales ss  (cost=0.56..987.17 rows=67 width=22)
                                              Index Cond: (ss_sold_date_sk = d.d_date_sk)
                                              Filter: (((ss_sales_price / ss_list_price) >= 0.34) AND ((ss_sales_price / ss_list_price) <= 0.54))
                                  ->  Index Scan using store_returns_pkey on store_returns sr  (cost=0.43..4.03 rows=1 width=18)
                                        Index Cond: ((sr_item_sk = ss.ss_item_sk) AND (sr_ticket_number = ss.ss_ticket_number))
                                        Filter: (sr_reason_sk = ANY ('{7,25,26,52,69}'::integer[]))
                            ->  Hash  (cost=169.94..169.94 rows=8497 width=20)
                                  ->  CTE Scan on filtered_item i  (cost=0.00..169.94 rows=8497 width=20)
                      ->  Hash Left Join  (cost=1276.59..375647.34 rows=64 width=56)
                            Hash Cond: (cr.cr_item_sk = i_1.i_item_sk)
                            ->  Nested Loop  (cost=1000.43..375302.47 rows=64 width=28)
                                  Join Filter: (cs.cs_sold_date_sk = d_1.d_date_sk)
                                  ->  CTE Scan on filtered_date d_1  (cost=0.00..14.54 rows=727 width=8)
                                  ->  Materialize  (cost=1000.43..373238.26 rows=188 width=28)
                                        ->  Gather  (cost=1000.43..373237.32 rows=188 width=28)
                                              Workers Planned: 2
                                              ->  Nested Loop  (cost=0.43..372218.52 rows=78 width=28)
                                                    ->  Parallel Seq Scan on catalog_returns cr  (cost=0.00..57599.63 rows=66248 width=18)
                                                          Filter: (cr_reason_sk = ANY ('{7,25,26,52,69}'::integer[]))
                                                    ->  Index Scan using catalog_sales_pkey on catalog_sales cs  (cost=0.43..4.75 rows=1 width=22)
                                                          Index Cond: ((cs_item_sk = cr.cr_item_sk) AND (cs_order_number = cr.cr_order_number))
                                                          Filter: (((cs_sales_price / cs_list_price) >= 0.34) AND ((cs_sales_price / cs_list_price) <= 0.54))
                            ->  Hash  (cost=169.94..169.94 rows=8497 width=20)
                                  ->  CTE Scan on filtered_item i_1  (cost=0.00..169.94 rows=8497 width=20)
                      ->  Hash Left Join  (cost=1276.59..226998.49 rows=40 width=56)
                            Hash Cond: (wr.wr_item_sk = i_2.i_item_sk)
                            ->  Nested Loop  (cost=1000.43..226679.38 rows=40 width=28)
                                  Join Filter: (ws.ws_sold_date_sk = d_2.d_date_sk)
                                  ->  CTE Scan on filtered_date d_2  (cost=0.00..14.54 rows=727 width=8)
                                  ->  Materialize  (cost=1000.43..225389.25 rows=117 width=28)
                                        ->  Gather  (cost=1000.43..225388.67 rows=117 width=28)
                                              Workers Planned: 2
                                              ->  Nested Loop  (cost=0.43..224376.97 rows=49 width=28)
                                                    ->  Parallel Seq Scan on web_returns wr  (cost=0.00..36269.40 rows=43251 width=18)
                                                          Filter: (wr_reason_sk = ANY ('{7,25,26,52,69}'::integer[]))
                                                    ->  Index Scan using web_sales_pkey on web_sales ws  (cost=0.43..4.35 rows=1 width=22)
                                                          Index Cond: ((ws_item_sk = wr.wr_item_sk) AND (ws_order_number = wr.wr_order_number))
                                                          Filter: (((ws_sales_price / ws_list_price) >= 0.34) AND ((ws_sales_price / ws_list_price) <= 0.54))
                            ->  Hash  (cost=169.94..169.94 rows=8497 width=20)
                                  ->  CTE Scan on filtered_item i_2  (cost=0.00..169.94 rows=8497 width=20)
  ->  Sort  (cost=9.55..9.56 rows=1 width=80)
        Sort Key: ((curr_yr.sales_cnt - prev_yr.sales_cnt)), ((curr_yr.sales_amt - prev_yr.sales_amt))
        ->  Nested Loop  (cost=0.00..9.54 rows=1 width=80)
              Join Filter: ((curr_yr.i_brand_id = prev_yr.i_brand_id) AND (curr_yr.i_class_id = prev_yr.i_class_id) AND (curr_yr.i_category_id = prev_yr.i_category_id) AND (curr_yr.i_manufact_id = prev_yr.i_manufact_id) AND (((curr_yr.sales_cnt)::numeric(17,2) / (prev_yr.sales_cnt)::numeric(17,2)) < 0.9))
              ->  CTE Scan on channel_aggregate curr_yr  (cost=0.00..4.50 rows=1 width=60)
                    Filter: (d_year = 1999)
              ->  CTE Scan on channel_aggregate prev_yr  (cost=0.00..5.00 rows=1 width=60)
                    Filter: ((sales_cnt > 0) AND (d_year = 1998))
```

### W3: self_join_elimination → 0.0x [ERROR]
- **Examples**: pg_self_join_decomposition, early_filter_decorrelate
- **Transforms**: union_cte_split
- **Approach**: - pg_self_join_decomposition: Materialize sales aggregates for each year separat
- **Error**: Value mismatch: rows differ between original and optimized
- **Optimized SQL:**
```sql
WITH filtered_item AS (SELECT i_item_sk, i_brand_id, i_class_id, i_category_id, i_manufact_id FROM item WHERE i_category = 'Home'), filtered_date AS (SELECT d_date_sk, d_year FROM date_dim WHERE d_year IN (1998, 1999)), sales_1999_agg AS (SELECT i_brand_id, i_class_id, i_category_id, i_manufact_id, SUM(sales_cnt) AS sales_cnt, SUM(sales_amt) AS sales_amt FROM (SELECT i.i_brand_id, i.i_class_id, i.i_category_id, i.i_manufact_id, ss.ss_quantity - COALESCE(sr.sr_return_quantity,0) AS sales_cnt, ss.ss_ext_sales_price - COALESCE(sr.sr_return_amt,0.0) AS sales_amt FROM store_returns sr JOIN filtered_item i ON sr.sr_item_sk = i.i_item_sk JOIN store_sales ss ON sr.sr_ticket_number = ss.ss_ticket_number AND sr.sr_item_sk = ss.ss_item_sk JOIN filtered_date d ON ss.ss_sold_date_sk = d.d_date_sk WHERE sr.sr_reason_sk IN (7,25,26,52,69) AND (ss.ss_sales_price / ss.ss_list_price) BETWEEN 0.34 AND 0.54 AND d.d_year = 1999 UNION ALL SELECT i.i_brand_id, i.i_class_id, i.i_category_id, i.i_manufact_id, cs.cs_quantity - COALESCE(cr.cr_return_quantity,0) AS sales_cnt, cs.cs_ext_sales_price - COALESCE(cr.cr_return_amount,0.0) AS sales_amt FROM catalog_returns cr JOIN filtered_item i ON cr.cr_item_sk = i.i_item_sk JOIN catalog_sales cs ON cr.cr_order_number = cs.cs_order_number AND cr.cr_item_sk = cs.cs_item_sk JOIN filtered_date d ON cs.cs_sold_date_sk = d.d_date_sk WHERE cr.cr_reason_sk IN (7,25,26,52,69) AND (cs.cs_sales_price / cs.cs_list_price) BETWEEN 0.34 AND 0.54 AND d.d_year = 1999 UNION ALL SELECT i.i_brand_id, i.i_class_id, i.i_category_id, i.i_manufact_id, ws.ws_quantity - COALESCE(wr.wr_return_quantity,0) AS sales_cnt, ws.ws_ext_sales_price - COALESCE(wr.wr_return_amt,0.0) AS sales_amt FROM web_returns wr JOIN filtered_item i ON wr.wr_item_sk = i.i_item_sk JOIN web_sales ws ON wr.wr_order_number = ws.ws_order_number AND wr.wr_item_sk = ws.ws_item_sk JOIN filtered_date d ON ws.ws_sold_date_sk = d.d_date_sk WHERE wr.wr_reason_sk IN (7,25,26,52,69) AND (ws.ws_sales_price / ws.ws_list_price) BETWEEN 0.34 AND 0.54 AND d.d_year = 1999) t GROUP BY i_brand_id, i_class_id, i_category_id, i_manufact_id), sales_1998_agg AS (SELECT i_brand_id, i_class_id, i_category_id, i_manufact_id, SUM(sales_cnt) AS sales_cnt, SUM(sales_amt) AS sales_amt FROM (SELECT i.i_brand_id, i.i_class_id, i.i_category_id, i.i_manufact_id, ss.ss_quantity - COALESCE(sr.sr_return_quantity,0) AS sales_cnt, ss.ss_ext_sales_price - COALESCE(sr.sr_return_amt,0.0) AS sales_amt FROM store_returns sr JOIN filtered_item i ON sr.sr_item_sk = i.i_item_sk JOIN store_sales ss ON sr.sr_ticket_number = ss.ss_ticket_number AND sr.sr_item_sk = ss.ss_item_sk JOIN filtered_date d ON ss.ss_sold_date_sk = d.d_date_sk WHERE sr.sr_reason_sk IN (7,25,26,52,69) AND (ss.ss_sales_price / ss.ss_list_price) BETWEEN 0.34 AND 0.54 AND d.d_year = 1998 UNION ALL SELECT i.i_brand_id, i.i_class_id, i.i_category_id, i.i_manufact_id, cs.cs_quantity - COALESCE(cr.cr_return_quantity,0) AS sales_cnt, cs.cs_ext_sales_price - COALESCE(cr.cr_return_amount,0.0) AS sales_amt FROM catalog_returns cr JOIN filtered_item i ON cr.cr_item_sk = i.i_item_sk JOIN catalog_sales cs ON cr.cr_order_number = cs.cs_order_number AND cr.cr_item_sk = cs.cs_item_sk JOIN filtered_date d ON cs.cs_sold_date_sk = d.d_date_sk WHERE cr.cr_reason_sk IN (7,25,26,52,69) AND (cs.cs_sales_price / cs.cs_list_price) BETWEEN 0.34 AND 0.54 AND d.d_year = 1998 UNION ALL SELECT i.i_brand_id, i.i_class_id, i.i_category_id, i.i_manufact_id, ws.ws_quantity - COALESCE(wr.wr_return_quantity,0) AS sales_cnt, ws.ws_ext_sales_price - COALESCE(wr.wr_return_amt,0.0) AS sales_amt FROM web_returns wr JOIN filtered_item i ON wr.wr_item_sk = i.i_item_sk JOIN web_sales ws ON wr.wr_order_number = ws.ws_order_number AND wr.wr_item_sk = ws.ws_item_sk JOIN filtered_date d ON ws.ws_sold_date_sk = d.d_date_sk WHERE wr.wr_reason_sk IN (7,25,26,52,69) AND (ws.ws_sales_price / ws.ws_list_price) BETWEEN 0.34 AND 0.54 AND d.d_year = 1998) t GROUP BY i_brand_id, i_class_id, i_category_id, i_manufact_id) SELECT 1998 AS prev_year, 1999 AS year, curr_yr.i_brand_id, curr_yr.i_class_id, curr_yr.i_category_id, curr_yr.i_manufact_id, prev_yr.sales_cnt AS prev_yr_cnt, curr_yr.sales_cnt AS curr_yr_cnt, curr_yr.sales_cnt - prev_yr.sales_cnt AS sales_cnt_diff, curr_yr.sales_amt - prev_yr.sales_amt AS sales_amt_diff FROM sales_1999_agg curr_yr INNER JOIN sales_1998_agg prev_yr ON curr_yr.i_brand_id = prev_yr.i_brand_id AND curr_yr.i_class_id = prev_yr.i_class_id AND curr_yr.i_category_id = prev_yr.i_category_id AND curr_yr.i_manufact_id = prev_yr.i_manufact_id WHERE prev_yr.sales_cnt > 0 AND CAST(curr_yr.sales_cnt AS DECIMAL(17,2))/CAST(prev_yr.sales_cnt AS DECIMAL(17,2)) < 0.9 ORDER BY sales_cnt_diff, sales_amt_diff LIMIT 100
```
- **Execution Plan (EXPLAIN estimate — query errored):**
```
[EXPLAIN estimate — query errored at execution]
Limit  (cost=32509.72..32509.73 rows=1 width=80)
  CTE filtered_item
    ->  Bitmap Heap Scan on item  (cost=658.27..8097.93 rows=8497 width=20)
          Recheck Cond: (i_category = 'Home'::bpchar)
          ->  Bitmap Index Scan on _dta_index_item_6_853578079__k13_k11_k1  (cost=0.00..656.14 rows=8497 width=0)
                Index Cond: (i_category = 'Home'::bpchar)
  CTE filtered_date
    ->  Index Only Scan using _dta_index_date_dim_6_661577395__k7_k1 on date_dim  (cost=0.29..29.30 rows=727 width=8)
          Index Cond: (d_year = ANY ('{1998,1999}'::integer[]))
  ->  Sort  (cost=24382.50..24382.50 rows=1 width=80)
        Sort Key: (((sum(((ss.ss_quantity - COALESCE(sr.sr_return_quantity, 0))))) - (sum(((ss_1.ss_quantity - COALESCE(sr_1.sr_return_quantity, 0))))))), (((sum(((ss.ss_ext_sales_price - COALESCE(sr.sr_return_amt, 0.0))))) - (sum(((ss_1.ss_ext_sales_price - COALESCE(sr_1.sr_return_amt, 0.0)))))))
        ->  Merge Join  (cost=24382.19..24382.49 rows=1 width=80)
              Merge Cond: ((i.i_brand_id = i_3.i_brand_id) AND (i.i_class_id = i_3.i_class_id) AND (i.i_category_id = i_3.i_category_id) AND (i.i_manufact_id = i_3.i_manufact_id))
              Join Filter: ((((sum(((ss.ss_quantity - COALESCE(sr.sr_return_quantity, 0))))))::numeric(17,2) / ((sum(((ss_1.ss_quantity - COALESCE(sr_1.sr_return_quantity, 0))))))::numeric(17,2)) < 0.9)
              ->  GroupAggregate  (cost=12191.09..12191.18 rows=3 width=56)
                    Group Key: i.i_brand_id, i.i_class_id, i.i_category_id, i.i_manufact_id
                    ->  Sort  (cost=12191.09..12191.10 rows=3 width=52)
                          Sort Key: i.i_brand_id, i.i_class_id, i.i_category_id, i.i_manufact_id
                          ->  Append  (cost=277.15..12191.07 rows=3 width=52)
                                ->  Nested Loop  (cost=277.15..5340.64 rows=1 width=52)
                                      Join Filter: (i.i_item_sk = sr.sr_item_sk)
                                      ->  Hash Join  (cost=276.72..4948.91 rows=97 width=38)
                                            Hash Cond: (ss.ss_item_sk = i.i_item_sk)
                                            ->  Nested Loop  (cost=0.56..4387.44 rows=267 width=18)
                                                  ->  CTE Scan on filtered_date d  (cost=0.00..16.36 rows=4 width=4)
                                                        Filter: (d_year = 1999)
                                                  ->  Index Only Scan using _dta_index_store_sales_6_1333579789__k1_k23_k14_k6_k8_k5_k7_3_4 on store_sales ss  (cost=0.56..1092.10 rows=67 width=22)
                                                        Index Cond: (ss_sold_date_sk = d.d_date_sk)
                                                        Filter: (((ss_sales_price / ss_list_price) >= 0.34) AND ((ss_sales_price / ss_list_price) <= 0.54))
                                            ->  Hash  (cost=169.94..169.94 rows=8497 width=20)
                                                  ->  CTE Scan on filtered_item i  (cost=0.00..169.94 rows=8497 width=20)
                                      ->  Index Scan using store_returns_pkey on store_returns sr  (cost=0.43..4.03 rows=1 width=18)
                                            Index Cond: ((sr_item_sk = ss.ss_item_sk) AND (sr_ticket_number = ss.ss_ticket_number))
                                            Filter: (sr_reason_sk = ANY ('{7,25,26,52,69}'::integer[]))
                                ->  Nested Loop  (cost=277.02..4395.19 rows=1 width=52)
                                      Join Filter: (i_1.i_item_sk = cr.cr_item_sk)
                                      ->  Hash Join  (cost=276.59..4252.39 rows=48 width=38)
                                            Hash Cond: (cs.cs_item_sk = i_1.i_item_sk)
                                            ->  Nested Loop  (cost=0.43..3831.98 rows=135 width=18)
                                                  ->  CTE Scan on filtered_date d_1  (cost=0.00..16.36 rows=4 width=4)
                                                        Filter: (d_year = 1999)
                                                  ->  Index Scan using _dta_index_catalog_sales_6_1301579675__k1_4 on catalog_sales cs  (cost=0.43..953.56 rows=34 width=22)
                                                        Index Cond: (cs_sold_date_sk = d_1.d_date_sk)
                                                        Filter: (((cs_sales_price / cs_list_price) >= 0.34) AND ((cs_sales_price / cs_list_price) <= 0.54))
                                            ->  Hash  (cost=169.94..169.94 rows=8497 width=20)
                                                  ->  CTE Scan on filtered_item i_1  (cost=0.00..169.94 rows=8497 width=20)
                                      ->  Index Scan using catalog_returns_pkey on catalog_returns cr  (cost=0.43..2.96 rows=1 width=18)
                                            Index Cond: ((cr_item_sk = cs.cs_item_sk) AND (cr_order_number = cs.cs_order_number))
                                            Filter: (cr_reason_sk = ANY ('{7,25,26,52,69}'::integer[]))
                                ->  Nested Loop  (cost=277.01..2455.19 rows=1 width=52)
                                      Join Filter: (i_2.i_item_sk = wr.wr_item_sk)
                                      ->  Hash Join  (cost=276.59..2372.97 rows=25 width=38)
                                            Hash Cond: (ws.ws_item_sk = i_2.i_item_sk)
                                            ->  Nested Loop  (cost=0.43..2024.15 rows=68 width=18)
                                                  ->  CTE Scan on filtered_date d_2  (cost=0.00..16.36 rows=4 width=4)
                                                        Filter: (d_year = 1999)
                                                  ->  Index Scan using _dta_index_web_sales_6_1269579561__k1_8_24 on web_sales ws  (cost=0.43..501.78 rows=17 width=22)
                                                        Index Cond: (ws_sold_date_sk = d_2.d_date_sk)
                                                        Filter: (((ws_sales_price / ws_list_price) >= 0.34) AND ((ws_sales_price / ws_list_price) <= 0.54))
                                            ->  Hash  (cost=169.94..169.94 rows=8497 width=20)
                                                  ->  CTE Scan on filtered_item i_2  (cost=0.00..169.94 rows=8497 width=20)
                                      ->  Index Scan using web_returns_pkey on web_returns wr  (cost=0.43..3.28 rows=1 width=18)
                                            Index Cond: ((wr_item_sk = ws.ws_item_sk) AND (wr_order_number = ws.ws_order_number))
                                            Filter: (wr_reason_sk = ANY ('{7,25,26,52,69}'::integer[]))
              ->  Materialize  (cost=12191.09..12191.20 rows=1 width=56)
                    ->  GroupAggregate  (cost=12191.09..12191.19 rows=1 width=56)
                          Group Key: i_3.i_brand_id, i_3.i_class_id, i_3.i_category_id, i_3.i_manufact_id
                          Filter: (sum(((ss_1.ss_quantity - COALESCE(sr_1.sr_return_quantity, 0)))) > 0)
                          ->  Sort  (cost=12191.09..12191.10 rows=3 width=52)
                                Sort Key: i_3.i_brand_id, i_3.i_class_id, i_3.i_category_id, i_3.i_manufact_id
                                ->  Append  (cost=277.15..12191.07 rows=3 width=52)
                                      ->  Nested Loop  (cost=277.15..5340.64 rows=1 width=52)
                                            Join Filter: (i_3.i_item_sk = sr_1.sr_item_sk)
                                            ->  Hash Join  (cost=276.72..4948.91 rows=97 width=38)
                                                  Hash Cond: (ss_1.ss_item_sk = i_3.i_item_sk)
                                                  ->  Nested Loop  (cost=0.56..4387.44 rows=267 width=18)
                                                        ->  CTE Scan on filtered_date d_3  (cost=0.00..16.36 rows=4 width=4)
                                                              Filter: (d_year = 1998)
                                                        ->  Index Only Scan using _dta_index_store_sales_6_1333579789__k1_k23_k14_k6_k8_k5_k7_3_4 on store_sales ss_1  (cost=0.56..1092.10 rows=67 width=22)
... (37 more lines truncated)
```


## Original Execution Plan (EXPLAIN ANALYZE)

Compare each candidate's plan (above) against this baseline.

```
Limit  (rows=50, time=911.361)
  Aggregate  (rows=4598, time=778.029)
    Sort  (rows=9571, time=775.912)
      Aggregate  (rows=9571, time=772.646)
        Gather  (rows=9798, time=763.514)
          Append  (rows=3266, time=759.702)
            Nested Loop  (rows=1856, time=376.165)
              Nested Loop  (rows=1883, time=373.56)
                Hash Join  (rows=13646, time=266.914)
                  Seq Scan on store_returns  (rows=172653, time=231.204)
                  Hash  (rows=2879, time=11.292)
                    Seq Scan on item  (rows=8638, time=31.925)
                Index Scan on store_sales  (rows=0, time=0.008)
              Index Only Scan on date_dim  (rows=1, time=0.001)
            Nested Loop  (rows=1592, time=347.498)
              Nested Loop  (rows=1595, time=345.047)
                Nested Loop  (rows=7997, time=275.896)
                  Seq Scan on catalog_returns  (rows=78913, time=127.844)
                  Memoize  (rows=0, time=0.002)
                    Index Scan on item (item_1)  (rows=0, time=0.004)
                Index Scan on catalog_sales  (rows=0, time=0.008)
              Index Only Scan on date_dim (date_dim_1)  (rows=1, time=0.001)
            Nested Loop  (rows=1044, time=454.543)
              Nested Loop  (rows=1044, time=452.382)
                Nested Loop  (rows=6074, time=388.919)
                  Seq Scan on web_returns  (rows=101985, time=180.623)
                  Memoize  (rows=0, time=0.002)
                    Index Scan on item (item_2)  (rows=0, time=0.004)
                Index Scan on web_sales  (rows=0, time=0.01)
              Index Only Scan on date_dim (date_dim_2)  (rows=1, time=0.001)
  Sort  (rows=50, time=911.184)
    Nested Loop  (rows=50, time=911.105)
      CTE Scan (curr_yr)  (rows=731, time=776.006)
      CTE Scan (prev_yr)  (rows=690, time=0.168)
```

## Semantic Contract (MUST preserve)

Business intent: Compare year-over-year sales quantities and amounts for Home category items sold at 34-54% discount with specific return reasons, identifying products where current year sales dropped by more than 10% relative to prior year. JOIN semantics: All joins are INNER (item, date_dim) plus LEFT JOIN with returns tables (must preserve sales rows even without returns). Aggregation traps: None - only SUM and subtraction, no grouping-sensitive aggregates. Filter dependencies: The ratio filter (curr_yr.sales_cnt/prev_yr.sales_cnt < 0.9) depends on both years' aggregated values; rewriting must preserve exact decimal casting.

## Bottleneck Diagnosis

Scan-bound on returns tables (store_returns 605ms, catalog_returns 143ms, web_returns 203ms) filtering by reason_sk, followed by repeated item table scans (3x, 8.6K rows each). Cardinality flow: Returns tables scan millions → filter to ~100K each → join with item (8.6K rows) → join with sales via index. The optimizer already parallelizes CTE construction (2 workers) and uses efficient index scans for sales and date_dim. Logical-tree cost percentages misleading: CTE shows 68% cost but consumes 89% of runtime.

## Engine Profile

*This is field intelligence gathered from 53 DSB queries at SF5-SF10. PostgreSQL is a fundamentally different optimizer than DuckDB — it has bitmap index scans, JIT compilation, and aggressive CTE materialization. Techniques that work on DuckDB often regress here. Use this to guide your analysis but apply your own judgment — every query is different. Add to this knowledge if you observe something new.*

### Optimizer Strengths (DO NOT fight these)
- **BITMAP_OR_SCAN**: Multi-branch OR conditions on indexed columns are handled via BitmapOr — a single fact table scan with bitmap combination. Extremely efficient.
- **SEMI_JOIN_EXISTS**: EXISTS/NOT EXISTS uses semi-join with early termination. Stops scanning after the first match per outer row.
- **INNER_JOIN_REORDERING**: PostgreSQL freely reorders INNER JOINs based on estimated selectivity. The cost model works well for explicit JOIN...ON syntax.
- **INDEX_ONLY_SCAN**: When an index covers all requested columns, PostgreSQL reads only the index without touching the heap.
- **PARALLEL_QUERY_EXECUTION**: PostgreSQL parallelizes large scans and aggregations across worker processes with partial aggregation finalization.
- **JIT_COMPILATION**: PostgreSQL JIT-compiles complex expressions and tuple deforming for long-running queries.

### Optimizer Gaps (opportunities)
- **COMMA_JOIN_WEAKNESS**: Implicit comma-separated FROM tables (FROM t1, t2, t3 WHERE t1.id = t2.id) are treated as cross products initially. The cost model is significantly weaker on comma-joins than on explicit JOIN...ON syntax.
  Opportunity: Convert comma-joins to explicit JOIN...ON syntax. This alone can unlock 2-3x improvements. Best when combined with date_cte_isolate.
    + Q080: 3.32x — comma-joins to explicit JOINs + date CTE on multi-channel UNION query
    + Q099: 2.28x — same pattern on star schema
    + Q054: 1.14x — JOIN conversion alone
- **CORRELATED_SUBQUERY_PARALYSIS**: Cannot automatically decorrelate complex correlated subqueries. Correlated scalar subqueries with aggregates are executed as nested-loop with repeated evaluation.
  Opportunity: Convert correlated WHERE to explicit CTE with GROUP BY + JOIN.
    + Q092: 4428x — timeout recovery. Unbounded correlated subquery converted to explicit JOIN.
    + Q032: 391x — same pattern, timeout to sub-second.
- **NON_EQUI_JOIN_INPUT_BLINDNESS**: Cannot pre-filter fact tables before non-equi join operations (date arithmetic, range comparisons, quantity < quantity). Non-equi joins fall back to nested-loop, which is O(N*M).
  Opportunity: Reduce fact table input size via filtered CTE before the non-equi join.
    + Q072: 2.68x — pre-filtered catalog_sales by wholesale_cost range before non-equi quantity comparison with inventory. Reduced nested-loop input by ~70%.
- **CTE_MATERIALIZATION_FENCE**: PostgreSQL materializes CTEs by default (multi-referenced) or by choice (AS MATERIALIZED). This creates a hard optimization fence — no predicate pushdown from outer query into CTE. This makes CTE-based strategies a double-edged sword on PG.
  Opportunity: Use materialization STRATEGICALLY: materialize when the CTE is expensive and reused multiple times. Avoid CTEs that fence off predicate pushdown for single-use cases.
    + Q065: 1.95x — strategic materialization prevented redundant fact table scan multiplication
- **CROSS_CTE_PREDICATE_BLINDNESS**: Same gap as DuckDB but WORSE on PostgreSQL because CTE materialization fence makes it more impactful. Predicates in the outer WHERE cannot propagate into materialized CTEs.
  Opportunity: Same as DuckDB: pre-filter into CTE definition. But be more cautious — only when the CTE is clearly suboptimal.
    + Q080: 3.32x — date filter + comma-join conversion (the combo is key)
    + Q099: 2.28x — date CTE with explicit JOIN

## Reference Examples

Pattern reference only — do not copy table/column names or literals.

### 1. pg_dimension_prefetch_star (3.32x)

**Principle:** Multi-Dimension Prefetch (PG): pre-filter all selective dimensions into CTEs to create tiny hash tables, combined with explicit JOIN syntax. PostgreSQL's optimizer gets better cardinality estimates from pre-materialized small dimension results.

**BEFORE (slow):**
```sql
with ssr as
 (select  s_store_id as store_id,
          sum(ss_ext_sales_price) as sales,
          sum(coalesce(sr_return_amt, 0)) as returns,
          sum(ss_net_profit - coalesce(sr_net_loss, 0)) as profit
  from store_sales left outer join store_returns on
         (ss_item_sk = sr_item_sk and ss_ticket_number = sr_ticket_number),
     date_dim,
     store,
     item,
     promotion
 where ss_sold_date_sk = d_date_sk
       and d_date between cast('1998-08-23' as date)
                  and cast('1998-08-23' as date) + interval '30 day'
       and ss_store_sk = s_store_sk
       and ss_item_sk = i_item_sk
       and i_current_price > 50
       and ss_promo_sk = p_promo_sk
       and p_channel_email = 'Y'
       and p_channel_tv = 'Y'
       and p_channel_radio = 'N'
       and p_channel_press = 'N'
       and p_channel_event = 'Y'
       and ss_wholesale_cost BETWEEN 63 AND 78
       and i_category IN ('Jewelry', 'Music')
 group by s_store_id)
 ,
 csr as
 (select  cp_catalog_page_id as catalog_page_id,
          sum(cs_ext_sales_price) as sales,
          sum(coalesce(cr_return_amount, 0)) as returns,
          sum(cs_net_profit - coalesce(cr_net_loss, 0)) as profit
  from catalog_sales left outer join catalog_returns on
         (cs_item_sk = cr_item_sk and cs_order_number = cr_order_number),
     date_dim,
     catalog_page,
     item,
     promotion
 where cs_sold_date_sk = d_date_sk
       and d_date between cast('1998-08-23' as date)
                  and cast('1998-08-23' as date) + interval '30 day'
        and cs_catalog_page_sk = cp_catalog_page_sk
       and cs_item_sk = i_item_sk
       and i_current_price > 50
       and cs_promo_sk = p_promo_sk
       and p_channel_email = 'Y'
       and p_channel_tv = 'Y'
       and p_channel_radio = 'N'
       and p_channel_press = 'N'
       and p_channel_event = 'Y'
       and cs_wholesale_cost BETWEEN 63 AND 78
       and i_category IN ('Jewelry', 'Music')
group by cp_catalog_page_id)
 ,
 wsr as
 (select  web_site_id,
          sum(ws_ext_sales_price) as sales,
          sum(coalesce(wr_return_amt, 0)) as returns,
          sum(ws_net_profit - coalesce(wr_net_loss, 0)) as profit
  from web_sales left outer join web_returns on
         (ws_item_sk = wr_item_sk and ws_order_number = wr_order_number),
     date_dim,
     web_site,
     item,
     promotion
 where ws_sold_date_sk = d_date_sk
       and d_date between cast('1998-08-23' as date)
                  and cast('1998-08-23' as date) + interval '30 day'
        and ws_web_site_sk = web_site_sk
       and ws_item_sk = i_item_sk
       and i_current_price > 50
       and ws_promo_sk = p_promo_sk
       and p_channel_email = 'Y'
       and p_channel_tv = 'Y'
       and p_channel_radio = 'N'
       and p_channel_press = 'N'
       and p_channel_event = 'Y'
       and ws_wholesale_cost BETWEEN 63 AND 78
       and i_category IN ('Jewelry', 'Music')
group by web_site_id)
  select  channel
        , id
        , sum(sales) as sales
        , sum(returns) as returns
        , sum(profit) as profit
 from
 (select 'store channel' as channel
        , 'store' || store_id as id
        , sales
        , returns
        , profit
 from   ssr
 union all
 select 'catalog channel' as channel
        , 'catalog_page' || catalog_page_id as id
        , sales
        , returns
        , profit
 from  csr
 union all
 select 'web channel' as channel
        , 'web_site' || web_site_id as id
        , sales
        , returns
        , profit
 from   wsr
 ) x
 group by rollup (channel, id)
 order by channel
         ,id
 limit 100;
```

**AFTER (fast):**
[filtered_date]:
```sql
SELECT d_date_sk FROM date_dim WHERE d_date BETWEEN CAST('1998-08-23' AS DATE) AND CAST('1998-08-23' AS DATE) + INTERVAL '30 DAY'
```
[filtered_item]:
```sql
SELECT i_item_sk FROM item WHERE i_current_price > 50 AND i_category IN ('Jewelry', 'Music')
```
[filtered_promotion]:
```sql
SELECT p_promo_sk FROM promotion WHERE p_channel_email = 'Y' AND p_channel_tv = 'Y' AND p_channel_radio = 'N' AND p_channel_press = 'N' AND p_channel_event = 'Y'
```
[ssr]:
```sql
SELECT s_store_id AS store_id, SUM(ss_ext_sales_price) AS sales, SUM(COALESCE(sr_return_amt, 0)) AS returns, SUM(ss_net_profit - COALESCE(sr_net_loss, 0)) AS profit FROM store_sales LEFT OUTER JOIN store_returns ON (ss_item_sk = sr_item_sk AND ss_ticket_number = sr_ticket_number) INNER JOIN filtered_date ON ss_sold_date_sk = filtered_date.d_date_sk INNER JOIN store ON ss_store_sk = s_store_sk INNER JOIN filtered_item ON ss_item_sk = filtered_item.i_item_sk INNER JOIN filtered_promotion ON ss_promo_sk = filtered_promotion.p_promo_sk WHERE ss_wholesale_cost BETWEEN 63 AND 78 GROUP BY s_store_id
```
[csr]:
```sql
SELECT cp_catalog_page_id AS catalog_page_id, SUM(cs_ext_sales_price) AS sales, SUM(COALESCE(cr_return_amount, 0)) AS returns, SUM(cs_net_profit - COALESCE(cr_net_loss, 0)) AS profit FROM catalog_sales LEFT OUTER JOIN catalog_returns ON (cs_item_sk = cr_item_sk AND cs_order_number = cr_order_number) INNER JOIN filtered_date ON cs_sold_date_sk = filtered_date.d_date_sk INNER JOIN catalog_page ON cs_catalog_page_sk = cp_catalog_page_sk INNER JOIN filtered_item ON cs_item_sk = filtered_item.i_item_sk INNER JOIN filtered_promotion ON cs_promo_sk = filtered_promotion.p_promo_sk WHERE cs_wholesale_cost BETWEEN 63 AND 78 GROUP BY cp_catalog_page_id
```
[wsr]:
```sql
SELECT web_site_id, SUM(ws_ext_sales_price) AS sales, SUM(COALESCE(wr_return_amt, 0)) AS returns, SUM(ws_net_profit - COALESCE(wr_net_loss, 0)) AS profit FROM web_sales LEFT OUTER JOIN web_returns ON (ws_item_sk = wr_item_sk AND ws_order_number = wr_order_number) INNER JOIN filtered_date ON ws_sold_date_sk = filtered_date.d_date_sk INNER JOIN web_site ON ws_web_site_sk = web_site_sk INNER JOIN filtered_item ON ws_item_sk = filtered_item.i_item_sk INNER JOIN filtered_promotion ON ws_promo_sk = filtered_promotion.p_promo_sk WHERE ws_wholesale_cost BETWEEN 63 AND 78 GROUP BY web_site_id
```
[main_query]:
```sql
SELECT channel, id, SUM(sales) AS sales, SUM(returns) AS returns, SUM(profit) AS profit FROM (SELECT 'store channel' AS channel, 'store' || store_id AS id, sales, returns, profit FROM ssr UNION ALL SELECT 'catalog channel' AS channel, 'catalog_page' || catalog_page_id AS id, sales, returns, profit FROM csr UNION ALL SELECT 'web channel' AS channel, 'web_site' || web_site_id AS id, sales, returns, profit FROM wsr) AS x GROUP BY ROLLUP (channel, id) ORDER BY channel, id LIMIT 100
```

### 2. pg_materialized_dimension_fact_prefilter (2.68x)

**Principle:** Staged Reduction for Non-Equi Joins: when queries have expensive non-equi joins, reduce BOTH dimension and fact table sizes via MATERIALIZED CTEs before the join. Combined selectivity dramatically cuts the search space for inequality predicates.

**BEFORE (slow):**
```sql
select  i_item_desc
      ,w_warehouse_name
      ,d1.d_week_seq
      ,sum(case when p_promo_sk is null then 1 else 0 end) no_promo
      ,sum(case when p_promo_sk is not null then 1 else 0 end) promo
      ,count(*) total_cnt
from catalog_sales
join inventory on (cs_item_sk = inv_item_sk)
join warehouse on (w_warehouse_sk=inv_warehouse_sk)
join item on (i_item_sk = cs_item_sk)
join customer_demographics on (cs_bill_cdemo_sk = cd_demo_sk)
join household_demographics on (cs_bill_hdemo_sk = hd_demo_sk)
join date_dim d1 on (cs_sold_date_sk = d1.d_date_sk)
join date_dim d2 on (inv_date_sk = d2.d_date_sk)
join date_dim d3 on (cs_ship_date_sk = d3.d_date_sk)
left outer join promotion on (cs_promo_sk=p_promo_sk)
left outer join catalog_returns on (cr_item_sk = cs_item_sk and cr_order_number = cs_order_number)
where d1.d_week_seq = d2.d_week_seq
  and inv_quantity_on_hand < cs_quantity
  and d3.d_date > d1.d_date + interval '3 day'
  and hd_buy_potential = '501-1000'
  and d1.d_year = 1998
  and cd_marital_status = 'M'
  and cd_dep_count between 9 and 11
  and i_category IN ('Home', 'Men', 'Music')
  and cs_wholesale_cost BETWEEN 34 AND 54
group by i_item_desc,w_warehouse_name,d1.d_week_seq
order by total_cnt desc, i_item_desc, w_warehouse_name, d_week_seq
limit 100;
```

**AFTER (fast):**
[filtered_date]:
```sql
SELECT d_date_sk, d_date, d_week_seq FROM date_dim WHERE d_year = 1998
```
[filtered_item]:
```sql
SELECT i_item_sk, i_item_desc FROM item WHERE i_category IN ('Home', 'Men', 'Music')
```
[filtered_cd]:
```sql
SELECT cd_demo_sk FROM customer_demographics WHERE cd_marital_status = 'M' AND cd_dep_count BETWEEN 9 AND 11
```
[filtered_hd]:
```sql
SELECT hd_demo_sk FROM household_demographics WHERE hd_buy_potential = '501-1000'
```
[cs_filtered]:
```sql
SELECT cs_item_sk, cs_bill_cdemo_sk, cs_bill_hdemo_sk, cs_sold_date_sk, cs_ship_date_sk, cs_promo_sk, cs_quantity, cs_wholesale_cost, cs_order_number FROM catalog_sales WHERE cs_wholesale_cost BETWEEN 34 AND 54
```
[main_query]:
```sql
SELECT i.i_item_desc, w.w_warehouse_name, d1.d_week_seq, SUM(CASE WHEN p.p_promo_sk IS NULL THEN 1 ELSE 0 END) AS no_promo, SUM(CASE WHEN p.p_promo_sk IS NOT NULL THEN 1 ELSE 0 END) AS promo, COUNT(*) AS total_cnt FROM cs_filtered cs JOIN inventory inv ON cs.cs_item_sk = inv.inv_item_sk JOIN warehouse w ON w.w_warehouse_sk = inv.inv_warehouse_sk JOIN filtered_item i ON i.i_item_sk = cs.cs_item_sk JOIN filtered_cd cd ON cs.cs_bill_cdemo_sk = cd.cd_demo_sk JOIN filtered_hd hd ON cs.cs_bill_hdemo_sk = hd.hd_demo_sk JOIN filtered_date d1 ON cs.cs_sold_date_sk = d1.d_date_sk JOIN date_dim d2 ON inv.inv_date_sk = d2.d_date_sk JOIN date_dim d3 ON cs.cs_ship_date_sk = d3.d_date_sk LEFT OUTER JOIN promotion p ON cs.cs_promo_sk = p.p_promo_sk LEFT OUTER JOIN catalog_returns cr ON cr.cr_item_sk = cs.cs_item_sk AND cr.cr_order_number = cs.cs_order_number WHERE d1.d_week_seq = d2.d_week_seq AND inv.inv_quantity_on_hand < cs.cs_quantity AND d3.d_date > d1.d_date + INTERVAL '3 day' GROUP BY i.i_item_desc, w.w_warehouse_name, d1.d_week_seq ORDER BY total_cnt DESC, i.i_item_desc, w.w_warehouse_name, d1.d_week_seq LIMIT 100
```

### 3. early_filter_decorrelate (1.13x)

**Principle:** Early Selection + Decorrelation: push dimension filters into CTE definitions before materialization, and decorrelate correlated subqueries by pre-computing thresholds in separate CTEs. Filters reduce rows early; decorrelation replaces per-row subquery execution with a single pre-computed JOIN.

**BEFORE (slow):**
```sql
WITH customer_total_return AS (
  SELECT sr_customer_sk AS ctr_customer_sk,
         sr_store_sk AS ctr_store_sk,
         sr_reason_sk AS ctr_reason_sk,
         SUM(SR_REFUNDED_CASH) AS ctr_total_return
  FROM store_returns, date_dim
  WHERE sr_returned_date_sk = d_date_sk
    AND d_year = 2001
    AND sr_return_amt / sr_return_quantity BETWEEN 236 AND 295
  GROUP BY sr_customer_sk, sr_store_sk, sr_reason_sk
)
SELECT c_customer_id
FROM customer_total_return ctr1, store, customer, customer_demographics
WHERE ctr1.ctr_total_return > (
    SELECT AVG(ctr_total_return) * 1.2
    FROM customer_total_return ctr2
    WHERE ctr1.ctr_store_sk = ctr2.ctr_store_sk
  )
  AND ctr1.ctr_reason_sk BETWEEN 28 AND 31
  AND s_store_sk = ctr1.ctr_store_sk
  AND s_state IN ('MI', 'NC', 'WI')
  AND ctr1.ctr_customer_sk = c_customer_sk
  AND c_current_cdemo_sk = cd_demo_sk
  AND cd_marital_status IN ('W', 'W')
  AND cd_education_status IN ('4 yr Degree', 'College')
  AND cd_gender = 'M'
  AND c_birth_month = 5
  AND c_birth_year BETWEEN 1950 AND 1956
ORDER BY c_customer_id
LIMIT 100
```

**AFTER (fast):**
```sql
WITH customer_total_return AS (
    SELECT sr_customer_sk AS ctr_customer_sk,
           sr_store_sk AS ctr_store_sk,
           sr_reason_sk AS ctr_reason_sk,
           SUM(SR_REFUNDED_CASH) AS ctr_total_return
    FROM store_returns
    JOIN date_dim ON sr_returned_date_sk = d_date_sk
    JOIN store ON sr_store_sk = s_store_sk
    WHERE d_year = 2001
      AND s_state IN ('MI', 'NC', 'WI')
      AND sr_return_amt / sr_return_quantity BETWEEN 236 AND 295
    GROUP BY sr_customer_sk, sr_store_sk, sr_reason_sk
),
store_thresholds AS (
    SELECT ctr_store_sk,
           AVG(ctr_total_return) * 1.2 AS avg_limit
    FROM customer_total_return
    GROUP BY ctr_store_sk
)
SELECT c_customer_id
FROM customer_total_return ctr1
JOIN store_thresholds st ON ctr1.ctr_store_sk = st.ctr_store_sk
JOIN customer ON ctr1.ctr_customer_sk = c_customer_sk
JOIN customer_demographics ON c_current_cdemo_sk = cd_demo_sk
JOIN store s ON ctr1.ctr_store_sk = s.s_store_sk
WHERE ctr1.ctr_total_return > st.avg_limit
  AND ctr1.ctr_reason_sk BETWEEN 28 AND 31
  AND s.s_state IN ('MI', 'NC', 'WI')
  AND cd_marital_status = 'W'
  AND cd_education_status IN ('4 yr Degree', 'College')
  AND cd_gender = 'M'
  AND c_birth_month = 5
  AND c_birth_year BETWEEN 1950 AND 1956
ORDER BY c_customer_id
LIMIT 100
```

### 4. inline_decorrelate_materialized (timeout_rescue)

**Principle:** Inline Decorrelation with MATERIALIZED CTEs: When a WHERE clause contains a correlated scalar subquery (e.g., col > (SELECT 1.3 * avg(col) FROM ... WHERE correlated_key = outer.key)), PostgreSQL re-executes the subquery per outer row. Fix: decompose into 3 MATERIALIZED CTEs — (1) pre-filter dimension table, (2) pre-filter fact table by date range, (3) compute per-key aggregate threshold from filtered data — then JOIN the threshold CTE in the final query. MATERIALIZED keyword prevents PG from inlining the CTEs back into correlated form.

**BEFORE (slow):**
```sql
select  sum(cs_ext_discount_amt)  as "excess discount amount"
from
   catalog_sales
   ,item
   ,date_dim
where
(i_manufact_id in (1, 78, 97, 516, 521)
or i_manager_id BETWEEN 25 and 54)
and i_item_sk = cs_item_sk
and d_date between '1999-03-07' and
        cast('1999-03-07' as date) + interval '90 day'
and d_date_sk = cs_sold_date_sk
and cs_ext_discount_amt
     > (
         select
            1.3 * avg(cs_ext_discount_amt)
         from
            catalog_sales
           ,date_dim
         where
              cs_item_sk = i_item_sk
          and d_date between '1999-03-07' and
                             cast('1999-03-07' as date) + interval '90 day'
          and d_date_sk = cs_sold_date_sk
          and cs_list_price between 16 and 45
          and cs_sales_price / cs_list_price BETWEEN 63 * 0.01 AND 83 * 0.01
      )
order by sum(cs_ext_discount_amt)
limit 100;
```

**AFTER (fast):**
```sql
WITH filtered_items AS MATERIALIZED (
    SELECT i_item_sk
    FROM item
    WHERE i_manufact_id IN (1, 78, 97, 516, 521)
       OR i_manager_id BETWEEN 25 AND 54
),
date_filtered_sales AS MATERIALIZED (
    SELECT cs.cs_item_sk, cs.cs_ext_discount_amt,
           cs.cs_list_price, cs.cs_sales_price
    FROM catalog_sales cs
    JOIN date_dim d ON d.d_date_sk = cs.cs_sold_date_sk
    WHERE d.d_date BETWEEN '1999-03-07' AND cast('1999-03-07' as date) + interval '90 day'
),
item_avg_discount AS MATERIALIZED (
    SELECT dfs.cs_item_sk,
           1.3 * avg(dfs.cs_ext_discount_amt) AS threshold
    FROM date_filtered_sales dfs
    JOIN filtered_items fi ON fi.i_item_sk = dfs.cs_item_sk
    WHERE dfs.cs_list_price BETWEEN 16 AND 45
      AND dfs.cs_sales_price / dfs.cs_list_price BETWEEN 63 * 0.01 AND 83 * 0.01
    GROUP BY dfs.cs_item_sk
)
SELECT sum(dfs.cs_ext_discount_amt) AS "excess discount amount"
FROM date_filtered_sales dfs
JOIN item_avg_discount iad ON iad.cs_item_sk = dfs.cs_item_sk
WHERE dfs.cs_ext_discount_amt > iad.threshold
ORDER BY 1
LIMIT 100;
```

### 5. pg_self_join_decomposition (3.93x)

**Principle:** Shared Materialization (PG): when the same fact+dimension scan appears multiple times in self-join patterns, materialize it once as a CTE and derive all needed aggregates from the same result. PostgreSQL materializes CTEs by default, making this extremely effective.

**BEFORE (slow):**
```sql
select 
	s_store_name,
	i_item_desc,
	sc.revenue,
	i_current_price,
	i_wholesale_cost,
	i_brand
 from store, item,
     (select ss_store_sk, avg(revenue) as ave
	from
	    (select  ss_store_sk, ss_item_sk,
		     sum(ss_sales_price) as revenue
		from store_sales, date_dim
		where ss_sold_date_sk = d_date_sk and d_month_seq between 1213 and 1213+11
   and ss_sales_price / ss_list_price BETWEEN 38 * 0.01 AND 48 * 0.01
		group by ss_store_sk, ss_item_sk) sa
	group by ss_store_sk) sb,
     (select  ss_store_sk, ss_item_sk, sum(ss_sales_price) as revenue
	from store_sales, date_dim
	where ss_sold_date_sk = d_date_sk and d_month_seq between 1213 and 1213+11
  and ss_sales_price / ss_list_price BETWEEN 38 * 0.01 AND 48 * 0.01
	group by ss_store_sk, ss_item_sk) sc
 where sb.ss_store_sk = sc.ss_store_sk and
       sc.revenue <= 0.1 * sb.ave and
       s_store_sk = sc.ss_store_sk and
       i_item_sk = sc.ss_item_sk
       and i_manager_id BETWEEN 32 and 36
       and s_state in ('TN','TX','VA')
 order by s_store_name, i_item_desc
limit 100;
```

**AFTER (fast):**
[date_filter]:
```sql
SELECT d_date_sk FROM date_dim WHERE d_month_seq BETWEEN 1213 AND 1224
```
[store_sales_revenue]:
```sql
SELECT ss_store_sk, ss_item_sk, SUM(ss_sales_price) AS revenue FROM store_sales JOIN date_filter ON ss_sold_date_sk = d_date_sk WHERE ss_sales_price / ss_list_price BETWEEN 0.38 AND 0.48 GROUP BY ss_store_sk, ss_item_sk
```
[store_avg_revenue]:
```sql
SELECT ss_store_sk, AVG(revenue) AS ave FROM store_sales_revenue GROUP BY ss_store_sk
```
[filtered_store]:
```sql
SELECT s_store_sk, s_store_name FROM store WHERE s_state IN ('TN', 'TX', 'VA')
```
[filtered_item]:
```sql
SELECT i_item_sk, i_item_desc, i_current_price, i_wholesale_cost, i_brand FROM item WHERE i_manager_id BETWEEN 32 AND 36
```
[main_query]:
```sql
SELECT s_store_name, i_item_desc, sc.revenue, i_current_price, i_wholesale_cost, i_brand FROM store_avg_revenue AS sb JOIN store_sales_revenue AS sc ON sb.ss_store_sk = sc.ss_store_sk JOIN filtered_store AS s ON sc.ss_store_sk = s.s_store_sk JOIN filtered_item AS i ON sc.ss_item_sk = i.i_item_sk WHERE sc.revenue <= 0.1 * sb.ave ORDER BY s_store_name, i_item_desc LIMIT 100
```

### 6. pg_date_cte_explicit_join (2.28x)

**Principle:** Dimension Isolation + Explicit Joins: materialize selective dimension filters into CTEs to create tiny hash tables, AND convert comma-separated joins to explicit JOIN syntax. On PostgreSQL, the combination enables better hash join planning with a tiny probe table.

**BEFORE (slow):**
```sql
select 
   substring(w_warehouse_name,1,20)
  ,sm_type
  ,cc_name
  ,sum(case when (cs_ship_date_sk - cs_sold_date_sk <= 30 ) then 1 else 0 end)  as "30 days"
  ,sum(case when (cs_ship_date_sk - cs_sold_date_sk > 30) and
                 (cs_ship_date_sk - cs_sold_date_sk <= 60) then 1 else 0 end )  as "31-60 days"
  ,sum(case when (cs_ship_date_sk - cs_sold_date_sk > 60) and
                 (cs_ship_date_sk - cs_sold_date_sk <= 90) then 1 else 0 end)  as "61-90 days"
  ,sum(case when (cs_ship_date_sk - cs_sold_date_sk > 90) and
                 (cs_ship_date_sk - cs_sold_date_sk <= 120) then 1 else 0 end)  as "91-120 days"
  ,sum(case when (cs_ship_date_sk - cs_sold_date_sk  > 120) then 1 else 0 end)  as ">120 days"
from
   catalog_sales
  ,warehouse
  ,ship_mode
  ,call_center
  ,date_dim
where
d_month_seq between 1193 and 1193 + 23
and cs_ship_date_sk   = d_date_sk
and cs_warehouse_sk   = w_warehouse_sk
and cs_ship_mode_sk   = sm_ship_mode_sk
and cs_call_center_sk = cc_call_center_sk
and cs_list_price between 271 and 300
and sm_type = 'REGULAR'
and cc_class = 'small'
and w_gmt_offset = -5
group by
   substring(w_warehouse_name,1,20)
  ,sm_type
  ,cc_name
order by substring(w_warehouse_name,1,20)
        ,sm_type
        ,cc_name
limit 100;
```

**AFTER (fast):**
[filtered_dates]:
```sql
SELECT d_date_sk FROM date_dim WHERE d_month_seq BETWEEN 1193 AND 1216
```
[main_query]:
```sql
SELECT SUBSTRING(w_warehouse_name FROM 1 FOR 20), sm_type, cc_name, SUM(CASE WHEN (cs_ship_date_sk - cs_sold_date_sk <= 30) THEN 1 ELSE 0 END) AS "30 days", ... FROM catalog_sales JOIN filtered_dates ON cs_ship_date_sk = d_date_sk JOIN warehouse ON cs_warehouse_sk = w_warehouse_sk JOIN ship_mode ON cs_ship_mode_sk = sm_ship_mode_sk JOIN call_center ON cs_call_center_sk = cc_call_center_sk WHERE cs_list_price BETWEEN 271 AND 300 AND sm_type = 'REGULAR' AND cc_class = 'small' AND w_gmt_offset = -5 GROUP BY SUBSTRING(w_warehouse_name FROM 1 FOR 20), sm_type, cc_name ORDER BY 1, 2, 3 LIMIT 100
```

## Correctness Invariants (HARD STOPS — non-negotiable)

These 4 constraints are absolute. Even with full creative freedom, you may NEVER violate these:

- **COMPLETE_OUTPUT**: The rewritten query must output ALL columns from the original SELECT. Never drop, rename, or reorder output columns. Every column alias must be preserved exactly as in the original.
- **CTE_COLUMN_COMPLETENESS**: CRITICAL: When creating or modifying a CTE, its SELECT list MUST include ALL columns referenced by downstream queries. Check the Node Contracts section: every column in downstream_refs MUST appear in the CTE output. Also ensure: (1) JOIN columns used by consumers are included in SELECT, (2) every table referenced in WHERE is present in FROM/JOIN, (3) no ambiguous column names between the CTE and re-joined tables. Dropping a column that a downstream node needs will cause an execution error.
- **LITERAL_PRESERVATION**: CRITICAL: When rewriting SQL, you MUST copy ALL literal values (strings, numbers, dates) EXACTLY from the original query. Do NOT invent, substitute, or 'improve' any filter values. If the original says d_year = 2000, your rewrite MUST say d_year = 2000. If the original says ca_state = 'GA', your rewrite MUST say ca_state = 'GA'. Changing these values will produce WRONG RESULTS and the rewrite will be REJECTED.
- **SEMANTIC_EQUIVALENCE**: The rewritten query MUST return exactly the same rows, columns, and ordering as the original. This is the prime directive. Any rewrite that changes the result set — even by one row, one column, or a different sort order — is WRONG and will be REJECTED.

## Aggregation Semantics Check (HARD STOP)

- STDDEV_SAMP/VARIANCE are grouping-sensitive — changing group membership changes the result.
- AVG and STDDEV are NOT duplicate-safe.
- FILTER over a combined group != separate per-group computation.
- Verify aggregation equivalence for ANY proposed restructuring.

## Original SQL

```sql
WITH all_sales AS (
 SELECT d_year
       ,i_brand_id
       ,i_class_id
       ,i_category_id
       ,i_manufact_id
       ,SUM(sales_cnt) AS sales_cnt
       ,SUM(sales_amt) AS sales_amt
 FROM (SELECT d_year
             ,i_brand_id
             ,i_class_id
             ,i_category_id
             ,i_manufact_id
             ,cs_quantity - COALESCE(cr_return_quantity,0) AS sales_cnt
             ,cs_ext_sales_price - COALESCE(cr_return_amount,0.0) AS sales_amt
       FROM catalog_sales JOIN item ON i_item_sk=cs_item_sk
                          JOIN date_dim ON d_date_sk=cs_sold_date_sk
                          LEFT JOIN catalog_returns ON (cs_order_number=cr_order_number
                                                    AND cs_item_sk=cr_item_sk)
       WHERE i_category='Home'
       and cs_sales_price / cs_list_price BETWEEN 34 * 0.01 AND 54 * 0.01
       and cr_reason_sk in (7, 25, 26, 52, 69)
       UNION
       SELECT d_year
             ,i_brand_id
             ,i_class_id
             ,i_category_id
             ,i_manufact_id
             ,ss_quantity - COALESCE(sr_return_quantity,0) AS sales_cnt
             ,ss_ext_sales_price - COALESCE(sr_return_amt,0.0) AS sales_amt
       FROM store_sales JOIN item ON i_item_sk=ss_item_sk
                        JOIN date_dim ON d_date_sk=ss_sold_date_sk
                        LEFT JOIN store_returns ON (ss_ticket_number=sr_ticket_number
                                                AND ss_item_sk=sr_item_sk)
       WHERE i_category='Home'
       and ss_sales_price / ss_list_price BETWEEN 34 * 0.01 AND 54 * 0.01
       and sr_reason_sk in (7, 25, 26, 52, 69)
       UNION
       SELECT d_year
             ,i_brand_id
             ,i_class_id
             ,i_category_id
             ,i_manufact_id
             ,ws_quantity - COALESCE(wr_return_quantity,0) AS sales_cnt
             ,ws_ext_sales_price - COALESCE(wr_return_amt,0.0) AS sales_amt
       FROM web_sales JOIN item ON i_item_sk=ws_item_sk
                      JOIN date_dim ON d_date_sk=ws_sold_date_sk
                      LEFT JOIN web_returns ON (ws_order_number=wr_order_number
                                            AND ws_item_sk=wr_item_sk)
       WHERE i_category='Home'
       and ws_sales_price / ws_list_price BETWEEN 34 * 0.01 AND 54 * 0.01
       and wr_reason_sk in (7, 25, 26, 52, 69)) sales_detail
GROUP BY d_year, i_brand_id, i_class_id, i_category_id, i_manufact_id)
 SELECT  prev_yr.d_year AS prev_year
                          ,curr_yr.d_year AS year
                          ,curr_yr.i_brand_id
                          ,curr_yr.i_class_id
                          ,curr_yr.i_category_id
                          ,curr_yr.i_manufact_id
                          ,prev_yr.sales_cnt AS prev_yr_cnt
                          ,curr_yr.sales_cnt AS curr_yr_cnt
                          ,curr_yr.sales_cnt-prev_yr.sales_cnt AS sales_cnt_diff
                          ,curr_yr.sales_amt-prev_yr.sales_amt AS sales_amt_diff
 FROM all_sales curr_yr, all_sales prev_yr
 WHERE curr_yr.i_brand_id=prev_yr.i_brand_id
   AND curr_yr.i_class_id=prev_yr.i_class_id
   AND curr_yr.i_category_id=prev_yr.i_category_id
   AND curr_yr.i_manufact_id=prev_yr.i_manufact_id
   AND curr_yr.d_year=1999
   AND prev_yr.d_year=1999-1
   AND prev_yr.sales_cnt > 0
   AND CAST(curr_yr.sales_cnt AS DECIMAL(17,2))/CAST(prev_yr.sales_cnt AS DECIMAL(17,2))<0.9
 ORDER BY sales_cnt_diff,sales_amt_diff
 limit 100;
```

## Per-Rewrite Configuration (SET LOCAL)

You have two optimization levers: SQL rewrite AND per-query configuration.
After writing your rewrite, analyze its execution profile and emit SET LOCAL
commands that fix planner-level bottlenecks specific to YOUR rewrite.

Memory budget: shared_buffers=128MB, effective_cache_size=4GB
Global work_mem: 4MB (per-operation)
Active connections: ~1 (work_mem headroom: safe up to 16MB per-op)
Storage: HDD (random_page_cost=4.0)
Parallel capacity: max_parallel_workers=8, per_gather=2

SET LOCAL permissions:
  user-level (always available): effective_cache_size, enable_hashjoin, enable_mergejoin, enable_nestloop, enable_seqscan, from_collapse_limit, geqo_threshold, hash_mem_multiplier, jit, jit_above_cost, join_collapse_limit, max_parallel_workers_per_gather, parallel_setup_cost, parallel_tuple_cost, random_page_cost, work_mem

### Tunable Parameters (whitelist — only these are allowed)

- **effective_cache_size** (1024MB–65536MB): Advisory: how much OS cache to expect (MB). Safe to set aggressively.
- **enable_hashjoin** (on | off): Enable hash join plan type.
- **enable_mergejoin** (on | off): Enable merge join plan type.
- **enable_nestloop** (on | off): Enable nested-loop join plan type.
- **enable_seqscan** (on | off): Enable sequential scan plan type.
- **from_collapse_limit** (1–20): Max FROM items before subqueries stop being flattened.
- **geqo_threshold** (2–20): Number of FROM items that triggers genetic query optimizer.
- **hash_mem_multiplier** (1.0–10.0): Multiplier applied to work_mem for hash-based operations.
- **jit** (on | off): Enable JIT compilation.
- **jit_above_cost** (0.0–1000000.0): Query cost above which JIT is activated.
- **join_collapse_limit** (1–20): Max FROM items before planner stops trying all join orders.
- **max_parallel_workers_per_gather** (0–8): Max parallel workers per Gather node.
- **parallel_setup_cost** (0.0–10000.0): Planner estimate of cost to launch parallel workers.
- **parallel_tuple_cost** (0.0–1.0): Planner estimate of cost to transfer a tuple to parallel worker.
- **random_page_cost** (1.0–10.0): Planner estimate of cost of a random page fetch (1.0 = SSD, 4.0 = HDD).
- **work_mem** (64MB–2048MB): Memory for sorts/hashes per operation (MB). Allocated PER-OPERATION, not per-query. Count hash/sort ops in EXPLAIN before sizing.

### Rules
- Every SET LOCAL MUST cite a specific EXPLAIN node your rewrite creates/changes
- work_mem is PER-OPERATION: count hash/sort ops in your rewrite before sizing
- random_page_cost: ONLY change if your rewrite creates index-favorable access patterns
- Empty is valid: if your rewrite has no planner bottleneck, emit no SET LOCAL
- Stay within the resource envelope bounds above

### SET LOCAL Syntax
Include SET LOCAL commands in the `runtime_config` array field of your JSON output.
If no config changes help, omit the field or use an empty array.

## Your Task — Self-Directed Retry

Work through these 3 steps in a `<reasoning>` block, then output your optimized SQL:

1. **DIAGNOSE**: Why did the best worker achieve 0.15503658728822392x instead of the 2.0x target? What do the EXPLAIN plans reveal about the actual execution bottleneck?
2. **IDENTIFY**: What optimization angles are still unexplored? What did the empirical results reveal that couldn't have been known before seeing the execution plans?
3. **REWRITE**: Produce optimized SQL that exploits the angles you identified. You may build on the best foundation or start fresh.

## Rewrite Checklist (must pass before final SQL)

- Verify output schema matches the Column Completeness Contract (same columns, same names, same order).
- Keep all semantic invariants from `Correctness Invariants` (including join/null behavior).
- Verify aggregation equivalence: same rows participate in each group, same aggregate semantics.
- Preserve all literals exactly (numbers, strings, date values).
- Apply `Hazard Flags` as hard guards against known failure modes.

### Column Completeness Contract

Your `main_query` component MUST produce **exactly** these output columns (same names, same order):

  1. `prev_year`
  2. `year`
  3. `i_brand_id`
  4. `i_class_id`
  5. `i_category_id`
  6. `i_manufact_id`
  7. `prev_yr_cnt`
  8. `curr_yr_cnt`
  9. `sales_cnt_diff`
  10. `sales_amt_diff`

Do NOT add, remove, or rename any output columns. The result set schema must be identical to the original query.

## Output Format

Your response has **two parts** in order:

### Part 1: Modified Logic Tree

Show what changed using change markers. Generate the tree BEFORE writing SQL.

Change markers:
- `[+]` — New component added
- `[-]` — Component removed
- `[~]` — Component modified (describe what changed)
- `[=]` — Unchanged (no children needed)
- `[!]` — Structural change (e.g. CTE → subquery)

### Part 2: Component Payload JSON

```json
{
  "spec_version": "1.0",
  "dialect": "<dialect>",
  "rewrite_rules": [
    {"id": "R1", "type": "<transform_name>", "description": "<what changed>", "applied_to": ["<component_id>"]}
  ],
  "statements": [{
    "target_table": null,
    "change": "modified",
    "components": {
      "<cte_name>": {
        "type": "cte",
        "change": "modified",
        "sql": "<complete SQL for this CTE body>",
        "interfaces": {"outputs": ["col1", "col2"], "consumes": ["<upstream_id>"]}
      },
      "main_query": {
        "type": "main_query",
        "change": "modified",
        "sql": "<final SELECT>",
        "interfaces": {"outputs": ["col1", "col2"], "consumes": ["<cte_name>"]}
      }
    },
    "reconstruction_order": ["<cte_name>", "main_query"],
    "assembly_template": "WITH <cte_name> AS ({<cte_name>}) {main_query}"
  }],
  "macros": {},
  "frozen_blocks": [],
  "runtime_config": ["SET LOCAL work_mem = '512MB'"],
  "validation_checks": []
}
```

### Rules
- **Tree first, always.** Generate the Logic Tree before writing any SQL
- **One component at a time.** When writing SQL for component X, treat others as opaque interfaces
- **No ellipsis.** Every `sql` value must be complete, executable SQL
- **Frozen blocks are copy-paste.** Large CASE-WHEN lookups must be verbatim
- **Validate interfaces.** Verify every `consumes` reference exists in upstream `outputs`
- Only include components you **changed or added** — set unchanged components to `"change": "unchanged"` with `"sql": ""`
- `main_query` output columns must match the Column Completeness Contract above
- `runtime_config`: SET LOCAL commands for PostgreSQL. Omit or use empty array if not needed
- `reconstruction_order`: topological order of components for assembly

After the JSON, explain the mechanism:

```
Changes: <1-2 sentences: what structural change + the expected mechanism>
Expected speedup: <estimate>
```

Now output your Logic Tree and Component Payload JSON: