{
  "query_id": "query001_multi",
  "engine": "postgresql",
  "benchmark": "dsb",
  "scale_factor": 10,
  "execution_time_ms": null,
  "planning_time_ms": 0,
  "plan_json": [
    {
      "Plan": {
        "Node Type": "Limit",
        "Parallel Aware": false,
        "Async Capable": false,
        "Startup Cost": 57063.28,
        "Total Cost": 57063.29,
        "Plan Rows": 1,
        "Plan Width": 17,
        "Plans": [
          {
            "Node Type": "Aggregate",
            "Strategy": "Sorted",
            "Partial Mode": "Finalize",
            "Parent Relationship": "InitPlan",
            "Subplan Name": "CTE customer_total_return",
            "Parallel Aware": false,
            "Async Capable": false,
            "Startup Cost": 56329.25,
            "Total Cost": 56351.65,
            "Plan Rows": 174,
            "Plan Width": 44,
            "Group Key": [
              "store_returns.sr_customer_sk",
              "store_returns.sr_store_sk",
              "store_returns.sr_reason_sk"
            ],
            "Plans": [
              {
                "Node Type": "Gather Merge",
                "Parent Relationship": "Outer",
                "Parallel Aware": false,
                "Async Capable": false,
                "Startup Cost": 56329.25,
                "Total Cost": 56347.68,
                "Plan Rows": 144,
                "Plan Width": 44,
                "Workers Planned": 2,
                "Plans": [
                  {
                    "Node Type": "Aggregate",
                    "Strategy": "Sorted",
                    "Partial Mode": "Partial",
                    "Parent Relationship": "Outer",
                    "Parallel Aware": false,
                    "Async Capable": false,
                    "Startup Cost": 55329.23,
                    "Total Cost": 55331.03,
                    "Plan Rows": 72,
                    "Plan Width": 44,
                    "Group Key": [
                      "store_returns.sr_customer_sk",
                      "store_returns.sr_store_sk",
                      "store_returns.sr_reason_sk"
                    ],
                    "Plans": [
                      {
                        "Node Type": "Sort",
                        "Parent Relationship": "Outer",
                        "Parallel Aware": false,
                        "Async Capable": false,
                        "Startup Cost": 55329.23,
                        "Total Cost": 55329.41,
                        "Plan Rows": 72,
                        "Plan Width": 18,
                        "Sort Key": [
                          "store_returns.sr_customer_sk",
                          "store_returns.sr_store_sk",
                          "store_returns.sr_reason_sk"
                        ],
                        "Plans": [
                          {
                            "Node Type": "Nested Loop",
                            "Parent Relationship": "Outer",
                            "Parallel Aware": false,
                            "Async Capable": false,
                            "Join Type": "Inner",
                            "Startup Cost": 0.72,
                            "Total Cost": 55327.01,
                            "Plan Rows": 72,
                            "Plan Width": 18,
                            "Inner Unique": false,
                            "Plans": [
                              {
                                "Node Type": "Index Only Scan",
                                "Parent Relationship": "Outer",
                                "Parallel Aware": true,
                                "Async Capable": false,
                                "Scan Direction": "Forward",
                                "Index Name": "_dta_index_date_dim_6_661577395__k1_k7_k9",
                                "Relation Name": "date_dim",
                                "Alias": "date_dim",
                                "Startup Cost": 0.29,
                                "Total Cost": 1688.68,
                                "Plan Rows": 152,
                                "Plan Width": 4,
                                "Index Cond": "(d_year = 2000)"
                              },
                              {
                                "Node Type": "Index Scan",
                                "Parent Relationship": "Inner",
                                "Parallel Aware": false,
                                "Async Capable": false,
                                "Scan Direction": "Forward",
                                "Index Name": "_dta_index_store_returns_6_1013578649__k1_3_4_10",
                                "Relation Name": "store_returns",
                                "Alias": "store_returns",
                                "Startup Cost": 0.43,
                                "Total Cost": 352.72,
                                "Plan Rows": 16,
                                "Plan Width": 22,
                                "Index Cond": "(sr_returned_date_sk = date_dim.d_date_sk)",
                                "Filter": "(((sr_return_amt / (sr_return_quantity)::numeric) >= '16'::numeric) AND ((sr_return_amt / (sr_return_quantity)::numeric) <= '75'::numeric))"
                              }
                            ]
                          }
                        ]
                      }
                    ]
                  }
                ]
              }
            ]
          },
          {
            "Node Type": "Sort",
            "Parent Relationship": "Outer",
            "Parallel Aware": false,
            "Async Capable": false,
            "Startup Cost": 711.63,
            "Total Cost": 711.64,
            "Plan Rows": 1,
            "Plan Width": 17,
            "Sort Key": [
              "customer.c_customer_id"
            ],
            "Plans": [
              {
                "Node Type": "Nested Loop",
                "Parent Relationship": "Outer",
                "Parallel Aware": false,
                "Async Capable": false,
                "Join Type": "Inner",
                "Startup Cost": 0.85,
                "Total Cost": 711.62,
                "Plan Rows": 1,
                "Plan Width": 17,
                "Inner Unique": true,
                "Plans": [
                  {
                    "Node Type": "Nested Loop",
                    "Parent Relationship": "Outer",
                    "Parallel Aware": false,
                    "Async Capable": false,
                    "Join Type": "Inner",
                    "Startup Cost": 0.42,
                    "Total Cost": 704.06,
                    "Plan Rows": 1,
                    "Plan Width": 21,
                    "Inner Unique": true,
                    "Plans": [
                      {
                        "Node Type": "Nested Loop",
                        "Parent Relationship": "Outer",
                        "Parallel Aware": false,
                        "Async Capable": false,
                        "Join Type": "Inner",
                        "Startup Cost": 0.0,
                        "Total Cost": 695.6,
                        "Plan Rows": 1,
                        "Plan Width": 4,
                        "Inner Unique": true,
                        "Join Filter": "(store.s_store_sk = ctr1.ctr_store_sk)",
                        "Plans": [
                          {
                            "Node Type": "CTE Scan",
                            "Parent Relationship": "Outer",
                            "Parallel Aware": false,
                            "Async Capable": false,
                            "CTE Name": "customer_total_return",
                            "Alias": "ctr1",
                            "Startup Cost": 0.0,
                            "Total Cost": 689.04,
                            "Plan Rows": 1,
                            "Plan Width": 8,
                            "Filter": "((ctr_reason_sk >= 25) AND (ctr_reason_sk <= 28) AND (ctr_total_return > (SubPlan 2)))",
                            "Plans": [
                              {
                                "Node Type": "Aggregate",
                                "Strategy": "Plain",
                                "Partial Mode": "Simple",
                                "Parent Relationship": "SubPlan",
                                "Subplan Name": "SubPlan 2",
                                "Parallel Aware": false,
                                "Async Capable": false,
                                "Startup Cost": 3.92,
                                "Total Cost": 3.93,
                                "Plan Rows": 1,
                                "Plan Width": 32,
                                "Plans": [
                                  {
                                    "Node Type": "CTE Scan",
                                    "Parent Relationship": "Outer",
                                    "Parallel Aware": false,
                                    "Async Capable": false,
                                    "CTE Name": "customer_total_return",
                                    "Alias": "ctr2",
                                    "Startup Cost": 0.0,
                                    "Total Cost": 3.92,
                                    "Plan Rows": 1,
                                    "Plan Width": 32,
                                    "Filter": "(ctr1.ctr_store_sk = ctr_store_sk)"
                                  }
                                ]
                              }
                            ]
                          },
                          {
                            "Node Type": "Seq Scan",
                            "Parent Relationship": "Inner",
                            "Parallel Aware": false,
                            "Async Capable": false,
                            "Relation Name": "store",
                            "Alias": "store",
                            "Startup Cost": 0.0,
                            "Total Cost": 6.4,
                            "Plan Rows": 13,
                            "Plan Width": 4,
                            "Filter": "(s_state = ANY ('{MI,ND,TX}'::bpchar[]))"
                          }
                        ]
                      },
                      {
                        "Node Type": "Index Scan",
                        "Parent Relationship": "Inner",
                        "Parallel Aware": false,
                        "Async Capable": false,
                        "Scan Direction": "Forward",
                        "Index Name": "_dta_index_customer_6_949578421__k1_k5",
                        "Relation Name": "customer",
                        "Alias": "customer",
                        "Startup Cost": 0.42,
                        "Total Cost": 8.45,
                        "Plan Rows": 1,
                        "Plan Width": 25,
                        "Index Cond": "(c_customer_sk = ctr1.ctr_customer_sk)",
                        "Filter": "((c_birth_year >= 1979) AND (c_birth_year <= 1985) AND (c_birth_month = 9))"
                      }
                    ]
                  },
                  {
                    "Node Type": "Index Scan",
                    "Parent Relationship": "Inner",
                    "Parallel Aware": false,
                    "Async Capable": false,
                    "Scan Direction": "Forward",
                    "Index Name": "customer_demographics_pkey",
                    "Relation Name": "customer_demographics",
                    "Alias": "customer_demographics",
                    "Startup Cost": 0.43,
                    "Total Cost": 7.56,
                    "Plan Rows": 1,
                    "Plan Width": 4,
                    "Index Cond": "(cd_demo_sk = customer.c_current_cdemo_sk)",
                    "Filter": "((cd_marital_status = ANY ('{M,M}'::bpchar[])) AND (cd_education_status = ANY ('{College,College}'::bpchar[])) AND (cd_gender = 'M'::bpchar))"
                  }
                ]
              }
            ]
          }
        ]
      }
    }
  ],
  "note": "EXPLAIN only (no ANALYZE) - estimated costs, no actual timing"
}