{
  "query_id": "query099_agg_s2",
  "engine": "postgresql",
  "benchmark": "dsb_156",
  "scale_factor": 10,
  "execution_time_ms": null,
  "planning_time_ms": 1.521628999398672,
  "plan_json": [
    {
      "Plan": {
        "Node Type": "Limit",
        "Parallel Aware": false,
        "Async Capable": false,
        "Startup Cost": 272571.31,
        "Total Cost": 272579.59,
        "Plan Rows": 54,
        "Plan Width": 117,
        "Output": [
          "(\"substring\"((warehouse.w_warehouse_name)::text, 1, 20))",
          "ship_mode.sm_type",
          "call_center.cc_name",
          "(sum(CASE WHEN ((catalog_sales.cs_ship_date_sk - catalog_sales.cs_sold_date_sk) <= 30) THEN 1 ELSE 0 END))",
          "(sum(CASE WHEN (((catalog_sales.cs_ship_date_sk - catalog_sales.cs_sold_date_sk) > 30) AND ((catalog_sales.cs_ship_date_sk - catalog_sales.cs_sold_date_sk) <= 60)) THEN 1 ELSE 0 END))",
          "(sum(CASE WHEN (((catalog_sales.cs_ship_date_sk - catalog_sales.cs_sold_date_sk) > 60) AND ((catalog_sales.cs_ship_date_sk - catalog_sales.cs_sold_date_sk) <= 90)) THEN 1 ELSE 0 END))",
          "(sum(CASE WHEN (((catalog_sales.cs_ship_date_sk - catalog_sales.cs_sold_date_sk) > 90) AND ((catalog_sales.cs_ship_date_sk - catalog_sales.cs_sold_date_sk) <= 120)) THEN 1 ELSE 0 END))",
          "(sum(CASE WHEN ((catalog_sales.cs_ship_date_sk - catalog_sales.cs_sold_date_sk) > 120) THEN 1 ELSE 0 END))"
        ],
        "Plans": [
          {
            "Node Type": "Aggregate",
            "Strategy": "Sorted",
            "Partial Mode": "Finalize",
            "Parent Relationship": "Outer",
            "Parallel Aware": false,
            "Async Capable": false,
            "Startup Cost": 272571.31,
            "Total Cost": 272579.59,
            "Plan Rows": 54,
            "Plan Width": 117,
            "Output": [
              "(\"substring\"((warehouse.w_warehouse_name)::text, 1, 20))",
              "ship_mode.sm_type",
              "call_center.cc_name",
              "sum(CASE WHEN ((catalog_sales.cs_ship_date_sk - catalog_sales.cs_sold_date_sk) <= 30) THEN 1 ELSE 0 END)",
              "sum(CASE WHEN (((catalog_sales.cs_ship_date_sk - catalog_sales.cs_sold_date_sk) > 30) AND ((catalog_sales.cs_ship_date_sk - catalog_sales.cs_sold_date_sk) <= 60)) THEN 1 ELSE 0 END)",
              "sum(CASE WHEN (((catalog_sales.cs_ship_date_sk - catalog_sales.cs_sold_date_sk) > 60) AND ((catalog_sales.cs_ship_date_sk - catalog_sales.cs_sold_date_sk) <= 90)) THEN 1 ELSE 0 END)",
              "sum(CASE WHEN (((catalog_sales.cs_ship_date_sk - catalog_sales.cs_sold_date_sk) > 90) AND ((catalog_sales.cs_ship_date_sk - catalog_sales.cs_sold_date_sk) <= 120)) THEN 1 ELSE 0 END)",
              "sum(CASE WHEN ((catalog_sales.cs_ship_date_sk - catalog_sales.cs_sold_date_sk) > 120) THEN 1 ELSE 0 END)"
            ],
            "Group Key": [
              "(\"substring\"((warehouse.w_warehouse_name)::text, 1, 20))",
              "ship_mode.sm_type",
              "call_center.cc_name"
            ],
            "Plans": [
              {
                "Node Type": "Gather Merge",
                "Parent Relationship": "Outer",
                "Parallel Aware": false,
                "Async Capable": false,
                "Startup Cost": 272571.31,
                "Total Cost": 272578.03,
                "Plan Rows": 44,
                "Plan Width": 117,
                "Output": [
                  "(\"substring\"((warehouse.w_warehouse_name)::text, 1, 20))",
                  "ship_mode.sm_type",
                  "call_center.cc_name",
                  "(PARTIAL sum(CASE WHEN ((catalog_sales.cs_ship_date_sk - catalog_sales.cs_sold_date_sk) <= 30) THEN 1 ELSE 0 END))",
                  "(PARTIAL sum(CASE WHEN (((catalog_sales.cs_ship_date_sk - catalog_sales.cs_sold_date_sk) > 30) AND ((catalog_sales.cs_ship_date_sk - catalog_sales.cs_sold_date_sk) <= 60)) THEN 1 ELSE 0 END))",
                  "(PARTIAL sum(CASE WHEN (((catalog_sales.cs_ship_date_sk - catalog_sales.cs_sold_date_sk) > 60) AND ((catalog_sales.cs_ship_date_sk - catalog_sales.cs_sold_date_sk) <= 90)) THEN 1 ELSE 0 END))",
                  "(PARTIAL sum(CASE WHEN (((catalog_sales.cs_ship_date_sk - catalog_sales.cs_sold_date_sk) > 90) AND ((catalog_sales.cs_ship_date_sk - catalog_sales.cs_sold_date_sk) <= 120)) THEN 1 ELSE 0 END))",
                  "(PARTIAL sum(CASE WHEN ((catalog_sales.cs_ship_date_sk - catalog_sales.cs_sold_date_sk) > 120) THEN 1 ELSE 0 END))"
                ],
                "Workers Planned": 2,
                "Plans": [
                  {
                    "Node Type": "Aggregate",
                    "Strategy": "Sorted",
                    "Partial Mode": "Partial",
                    "Parent Relationship": "Outer",
                    "Parallel Aware": false,
                    "Async Capable": false,
                    "Startup Cost": 271571.28,
                    "Total Cost": 271572.93,
                    "Plan Rows": 22,
                    "Plan Width": 117,
                    "Output": [
                      "(\"substring\"((warehouse.w_warehouse_name)::text, 1, 20))",
                      "ship_mode.sm_type",
                      "call_center.cc_name",
                      "PARTIAL sum(CASE WHEN ((catalog_sales.cs_ship_date_sk - catalog_sales.cs_sold_date_sk) <= 30) THEN 1 ELSE 0 END)",
                      "PARTIAL sum(CASE WHEN (((catalog_sales.cs_ship_date_sk - catalog_sales.cs_sold_date_sk) > 30) AND ((catalog_sales.cs_ship_date_sk - catalog_sales.cs_sold_date_sk) <= 60)) THEN 1 ELSE 0 END)",
                      "PARTIAL sum(CASE WHEN (((catalog_sales.cs_ship_date_sk - catalog_sales.cs_sold_date_sk) > 60) AND ((catalog_sales.cs_ship_date_sk - catalog_sales.cs_sold_date_sk) <= 90)) THEN 1 ELSE 0 END)",
                      "PARTIAL sum(CASE WHEN (((catalog_sales.cs_ship_date_sk - catalog_sales.cs_sold_date_sk) > 90) AND ((catalog_sales.cs_ship_date_sk - catalog_sales.cs_sold_date_sk) <= 120)) THEN 1 ELSE 0 END)",
                      "PARTIAL sum(CASE WHEN ((catalog_sales.cs_ship_date_sk - catalog_sales.cs_sold_date_sk) > 120) THEN 1 ELSE 0 END)"
                    ],
                    "Group Key": [
                      "(\"substring\"((warehouse.w_warehouse_name)::text, 1, 20))",
                      "ship_mode.sm_type",
                      "call_center.cc_name"
                    ],
                    "Plans": [
                      {
                        "Node Type": "Sort",
                        "Parent Relationship": "Outer",
                        "Parallel Aware": false,
                        "Async Capable": false,
                        "Startup Cost": 271571.28,
                        "Total Cost": 271571.34,
                        "Plan Rows": 22,
                        "Plan Width": 85,
                        "Output": [
                          "(\"substring\"((warehouse.w_warehouse_name)::text, 1, 20))",
                          "ship_mode.sm_type",
                          "call_center.cc_name",
                          "catalog_sales.cs_ship_date_sk",
                          "catalog_sales.cs_sold_date_sk"
                        ],
                        "Sort Key": [
                          "(\"substring\"((warehouse.w_warehouse_name)::text, 1, 20))",
                          "call_center.cc_name"
                        ],
                        "Plans": [
                          {
                            "Node Type": "Nested Loop",
                            "Parent Relationship": "Outer",
                            "Parallel Aware": false,
                            "Async Capable": false,
                            "Join Type": "Inner",
                            "Startup Cost": 0.98,
                            "Total Cost": 271570.79,
                            "Plan Rows": 22,
                            "Plan Width": 85,
                            "Output": [
                              "\"substring\"((warehouse.w_warehouse_name)::text, 1, 20)",
                              "ship_mode.sm_type",
                              "call_center.cc_name",
                              "catalog_sales.cs_ship_date_sk",
                              "catalog_sales.cs_sold_date_sk"
                            ],
                            "Inner Unique": false,
                            "Plans": [
                              {
                                "Node Type": "Index Only Scan",
                                "Parent Relationship": "Outer",
                                "Parallel Aware": true,
                                "Async Capable": false,
                                "Scan Direction": "Forward",
                                "Index Name": "_dta_index_date_dim_6_661577395__k7_k4_k9_k1",
                                "Relation Name": "date_dim",
                                "Schema": "public",
                                "Alias": "date_dim",
                                "Startup Cost": 0.42,
                                "Total Cost": 1870.16,
                                "Plan Rows": 325,
                                "Plan Width": 4,
                                "Output": [
                                  "date_dim.d_year",
                                  "date_dim.d_month_seq",
                                  "date_dim.d_moy",
                                  "date_dim.d_date_sk"
                                ],
                                "Index Cond": "((date_dim.d_month_seq >= 1191) AND (date_dim.d_month_seq <= 1214))"
                              },
                              {
                                "Node Type": "Nested Loop",
                                "Parent Relationship": "Inner",
                                "Parallel Aware": false,
                                "Async Capable": false,
                                "Join Type": "Inner",
                                "Startup Cost": 0.56,
                                "Total Cost": 829.07,
                                "Plan Rows": 78,
                                "Plan Width": 70,
                                "Output": [
                                  "catalog_sales.cs_ship_date_sk",
                                  "catalog_sales.cs_sold_date_sk",
                                  "warehouse.w_warehouse_name",
                                  "ship_mode.sm_type",
                                  "call_center.cc_name"
                                ],
                                "Inner Unique": false,
                                "Plans": [
                                  {
                                    "Node Type": "Seq Scan",
                                    "Parent Relationship": "Outer",
                                    "Parallel Aware": false,
                                    "Async Capable": false,
                                    "Relation Name": "warehouse",
                                    "Schema": "public",
                                    "Alias": "warehouse",
                                    "Startup Cost": 0.0,
                                    "Total Cost": 1.12,
                                    "Plan Rows": 2,
                                    "Plan Width": 21,
                                    "Output": [
                                      "warehouse.w_warehouse_sk",
                                      "warehouse.w_warehouse_id",
                                      "warehouse.w_warehouse_name",
                                      "warehouse.w_warehouse_sq_ft",
                                      "warehouse.w_street_number",
                                      "warehouse.w_street_name",
                                      "warehouse.w_street_type",
                                      "warehouse.w_suite_number",
                                      "warehouse.w_city",
                                      "warehouse.w_county",
                                      "warehouse.w_state",
                                      "warehouse.w_zip",
                                      "warehouse.w_country",
                                      "warehouse.w_gmt_offset"
                                    ],
                                    "Filter": "(warehouse.w_gmt_offset = '-5'::numeric)"
                                  },
                                  {
                                    "Node Type": "Nested Loop",
                                    "Parent Relationship": "Inner",
                                    "Parallel Aware": false,
                                    "Async Capable": false,
                                    "Join Type": "Inner",
                                    "Startup Cost": 0.56,
                                    "Total Cost": 413.58,
                                    "Plan Rows": 39,
                                    "Plan Width": 57,
                                    "Output": [
                                      "catalog_sales.cs_ship_date_sk",
                                      "catalog_sales.cs_sold_date_sk",
                                      "catalog_sales.cs_warehouse_sk",
                                      "ship_mode.sm_type",
                                      "call_center.cc_name"
                                    ],
                                    "Inner Unique": false,
                                    "Plans": [
                                      {
                                        "Node Type": "Seq Scan",
                                        "Parent Relationship": "Outer",
                                        "Parallel Aware": false,
                                        "Async Capable": false,
                                        "Relation Name": "ship_mode",
                                        "Schema": "public",
                                        "Alias": "ship_mode",
                                        "Startup Cost": 0.0,
                                        "Total Cost": 1.25,
                                        "Plan Rows": 3,
                                        "Plan Width": 35,
                                        "Output": [
                                          "ship_mode.sm_ship_mode_sk",
                                          "ship_mode.sm_ship_mode_id",
                                          "ship_mode.sm_type",
                                          "ship_mode.sm_code",
                                          "ship_mode.sm_carrier",
                                          "ship_mode.sm_contract"
                                        ],
                                        "Filter": "(ship_mode.sm_type = 'LIBRARY'::bpchar)"
                                      },
                                      {
                                        "Node Type": "Nested Loop",
                                        "Parent Relationship": "Inner",
                                        "Parallel Aware": false,
                                        "Async Capable": false,
                                        "Join Type": "Inner",
                                        "Startup Cost": 0.56,
                                        "Total Cost": 137.31,
                                        "Plan Rows": 13,
                                        "Plan Width": 30,
                                        "Output": [
                                          "catalog_sales.cs_ship_date_sk",
                                          "catalog_sales.cs_sold_date_sk",
                                          "catalog_sales.cs_warehouse_sk",
                                          "catalog_sales.cs_ship_mode_sk",
                                          "call_center.cc_name"
                                        ],
                                        "Inner Unique": false,
                                        "Plans": [
                                          {
                                            "Node Type": "Seq Scan",
                                            "Parent Relationship": "Outer",
                                            "Parallel Aware": false,
                                            "Async Capable": false,
                                            "Relation Name": "call_center",
                                            "Schema": "public",
                                            "Alias": "call_center",
                                            "Startup Cost": 0.0,
                                            "Total Cost": 2.3,
                                            "Plan Rows": 13,
                                            "Plan Width": 18,
                                            "Output": [
                                              "call_center.cc_call_center_sk",
                                              "call_center.cc_call_center_id",
                                              "call_center.cc_rec_start_date",
                                              "call_center.cc_rec_end_date",
                                              "call_center.cc_closed_date_sk",
                                              "call_center.cc_open_date_sk",
                                              "call_center.cc_name",
                                              "call_center.cc_class",
                                              "call_center.cc_employees",
                                              "call_center.cc_sq_ft",
                                              "call_center.cc_hours",
                                              "call_center.cc_manager",
                                              "call_center.cc_mkt_id",
                                              "call_center.cc_mkt_class",
                                              "call_center.cc_mkt_desc",
                                              "call_center.cc_market_manager",
                                              "call_center.cc_division",
                                              "call_center.cc_division_name",
                                              "call_center.cc_company",
                                              "call_center.cc_company_name",
                                              "call_center.cc_street_number",
                                              "call_center.cc_street_name",
                                              "call_center.cc_street_type",
                                              "call_center.cc_suite_number",
                                              "call_center.cc_city",
                                              "call_center.cc_county",
                                              "call_center.cc_state",
                                              "call_center.cc_zip",
                                              "call_center.cc_country",
                                              "call_center.cc_gmt_offset",
                                              "call_center.cc_tax_percentage"
                                            ],
                                            "Filter": "((call_center.cc_class)::text = 'medium'::text)"
                                          },
                                          {
                                            "Node Type": "Index Scan",
                                            "Parent Relationship": "Inner",
                                            "Parallel Aware": false,
                                            "Async Capable": false,
                                            "Scan Direction": "Forward",
                                            "Index Name": "_dta_index_catalog_sales_6_1301579675__k3_k12_k14_k15_16_18",
                                            "Relation Name": "catalog_sales",
                                            "Schema": "public",
                                            "Alias": "catalog_sales",
                                            "Startup Cost": 0.56,
                                            "Total Cost": 10.38,
                                            "Plan Rows": 1,
                                            "Plan Width": 20,
                                            "Output": [
                                              "catalog_sales.cs_sold_date_sk",
                                              "catalog_sales.cs_sold_time_sk",
                                              "catalog_sales.cs_ship_date_sk",
                                              "catalog_sales.cs_bill_customer_sk",
                                              "catalog_sales.cs_bill_cdemo_sk",
                                              "catalog_sales.cs_bill_hdemo_sk",
                                              "catalog_sales.cs_bill_addr_sk",
                                              "catalog_sales.cs_ship_customer_sk",
                                              "catalog_sales.cs_ship_cdemo_sk",
                                              "catalog_sales.cs_ship_hdemo_sk",
                                              "catalog_sales.cs_ship_addr_sk",
                                              "catalog_sales.cs_call_center_sk",
                                              "catalog_sales.cs_catalog_page_sk",
                                              "catalog_sales.cs_ship_mode_sk",
                                              "catalog_sales.cs_warehouse_sk",
                                              "catalog_sales.cs_item_sk",
                                              "catalog_sales.cs_promo_sk",
                                              "catalog_sales.cs_order_number",
                                              "catalog_sales.cs_quantity",
                                              "catalog_sales.cs_wholesale_cost",
                                              "catalog_sales.cs_list_price",
                                              "catalog_sales.cs_sales_price",
                                              "catalog_sales.cs_ext_discount_amt",
                                              "catalog_sales.cs_ext_sales_price",
                                              "catalog_sales.cs_ext_wholesale_cost",
                                              "catalog_sales.cs_ext_list_price",
                                              "catalog_sales.cs_ext_tax",
                                              "catalog_sales.cs_coupon_amt",
                                              "catalog_sales.cs_ext_ship_cost",
                                              "catalog_sales.cs_net_paid",
                                              "catalog_sales.cs_net_paid_inc_tax",
                                              "catalog_sales.cs_net_paid_inc_ship",
                                              "catalog_sales.cs_net_paid_inc_ship_tax",
                                              "catalog_sales.cs_net_profit"
                                            ],
                                            "Index Cond": "((catalog_sales.cs_ship_date_sk = date_dim.d_date_sk) AND (catalog_sales.cs_call_center_sk = call_center.cc_call_center_sk) AND (catalog_sales.cs_ship_mode_sk = ship_mode.sm_ship_mode_sk) AND (catalog_sales.cs_warehouse_sk = warehouse.w_warehouse_sk))",
                                            "Filter": "((catalog_sales.cs_list_price >= '244'::numeric) AND (catalog_sales.cs_list_price <= '273'::numeric))"
                                          }
                                        ]
                                      }
                                    ]
                                  }
                                ]
                              }
                            ]
                          }
                        ]
                      }
                    ]
                  }
                ]
              }
            ]
          }
        ]
      }
    }
  ],
  "original_sql": "select \n   substring(w_warehouse_name,1,20)\n  ,sm_type\n  ,cc_name\n  ,sum(case when (cs_ship_date_sk - cs_sold_date_sk <= 30 ) then 1 else 0 end)  as \"30 days\"\n  ,sum(case when (cs_ship_date_sk - cs_sold_date_sk > 30) and\n                 (cs_ship_date_sk - cs_sold_date_sk <= 60) then 1 else 0 end )  as \"31-60 days\"\n  ,sum(case when (cs_ship_date_sk - cs_sold_date_sk > 60) and\n                 (cs_ship_date_sk - cs_sold_date_sk <= 90) then 1 else 0 end)  as \"61-90 days\"\n  ,sum(case when (cs_ship_date_sk - cs_sold_date_sk > 90) and\n                 (cs_ship_date_sk - cs_sold_date_sk <= 120) then 1 else 0 end)  as \"91-120 days\"\n  ,sum(case when (cs_ship_date_sk - cs_sold_date_sk  > 120) then 1 else 0 end)  as \">120 days\"\nfrom\n   catalog_sales\n  ,warehouse\n  ,ship_mode\n  ,call_center\n  ,date_dim\nwhere\nd_month_seq between 1191 and 1191 + 23\nand cs_ship_date_sk   = d_date_sk\nand cs_warehouse_sk   = w_warehouse_sk\nand cs_ship_mode_sk   = sm_ship_mode_sk\nand cs_call_center_sk = cc_call_center_sk\nand cs_list_price between 244 and 273\nand sm_type = 'LIBRARY'\nand cc_class = 'medium'\nand w_gmt_offset = -5\ngroup by\n   substring(w_warehouse_name,1,20)\n  ,sm_type\n  ,cc_name\norder by substring(w_warehouse_name,1,20)\n        ,sm_type\n        ,cc_name\nlimit 100"
}