{
  "query_id": "query025_spj_spj_s3",
  "engine": "postgresql",
  "benchmark": "dsb_156",
  "scale_factor": 10,
  "execution_time_ms": null,
  "planning_time_ms": 22.26735799922608,
  "plan_json": [
    {
      "Plan": {
        "Node Type": "Aggregate",
        "Strategy": "Plain",
        "Partial Mode": "Simple",
        "Parallel Aware": false,
        "Async Capable": false,
        "Startup Cost": 18976.2,
        "Total Cost": 18976.21,
        "Plan Rows": 1,
        "Plan Width": 236,
        "Output": [
          "min(item.i_item_id)",
          "min((item.i_item_desc)::text)",
          "min(store.s_store_id)",
          "min((store.s_store_name)::text)",
          "min(store_sales.ss_net_profit)",
          "min(store_returns.sr_net_loss)",
          "min(catalog_sales.cs_net_profit)",
          "min(store_sales.ss_item_sk)",
          "min(store_returns.sr_ticket_number)",
          "min(catalog_sales.cs_order_number)"
        ],
        "Plans": [
          {
            "Node Type": "Nested Loop",
            "Parent Relationship": "Outer",
            "Parallel Aware": false,
            "Async Capable": false,
            "Join Type": "Inner",
            "Startup Cost": 8770.16,
            "Total Cost": 18976.18,
            "Plan Rows": 1,
            "Plan Width": 171,
            "Output": [
              "item.i_item_id",
              "item.i_item_desc",
              "store.s_store_id",
              "store.s_store_name",
              "store_sales.ss_net_profit",
              "store_returns.sr_net_loss",
              "catalog_sales.cs_net_profit",
              "store_sales.ss_item_sk",
              "store_returns.sr_ticket_number",
              "catalog_sales.cs_order_number"
            ],
            "Inner Unique": true,
            "Plans": [
              {
                "Node Type": "Nested Loop",
                "Parent Relationship": "Outer",
                "Parallel Aware": false,
                "Async Capable": false,
                "Join Type": "Inner",
                "Startup Cost": 8769.74,
                "Total Cost": 18973.81,
                "Plan Rows": 1,
                "Plan Width": 59,
                "Output": [
                  "store_sales.ss_net_profit",
                  "store_sales.ss_item_sk",
                  "store_returns.sr_net_loss",
                  "store_returns.sr_ticket_number",
                  "store_returns.sr_item_sk",
                  "catalog_sales.cs_net_profit",
                  "catalog_sales.cs_order_number",
                  "catalog_sales.cs_item_sk",
                  "store.s_store_id",
                  "store.s_store_name"
                ],
                "Inner Unique": true,
                "Plans": [
                  {
                    "Node Type": "Nested Loop",
                    "Parent Relationship": "Outer",
                    "Parallel Aware": false,
                    "Async Capable": false,
                    "Join Type": "Inner",
                    "Startup Cost": 8769.6,
                    "Total Cost": 18972.02,
                    "Plan Rows": 1,
                    "Plan Width": 42,
                    "Output": [
                      "store_sales.ss_net_profit",
                      "store_sales.ss_item_sk",
                      "store_sales.ss_store_sk",
                      "store_returns.sr_net_loss",
                      "store_returns.sr_ticket_number",
                      "store_returns.sr_item_sk",
                      "catalog_sales.cs_net_profit",
                      "catalog_sales.cs_order_number",
                      "catalog_sales.cs_item_sk"
                    ],
                    "Inner Unique": true,
                    "Plans": [
                      {
                        "Node Type": "Nested Loop",
                        "Parent Relationship": "Outer",
                        "Parallel Aware": false,
                        "Async Capable": false,
                        "Join Type": "Inner",
                        "Startup Cost": 8769.31,
                        "Total Cost": 18969.75,
                        "Plan Rows": 1,
                        "Plan Width": 46,
                        "Output": [
                          "store_sales.ss_net_profit",
                          "store_sales.ss_item_sk",
                          "store_sales.ss_store_sk",
                          "store_returns.sr_net_loss",
                          "store_returns.sr_ticket_number",
                          "store_returns.sr_item_sk",
                          "catalog_sales.cs_net_profit",
                          "catalog_sales.cs_order_number",
                          "catalog_sales.cs_item_sk",
                          "catalog_sales.cs_sold_date_sk"
                        ],
                        "Inner Unique": false,
                        "Plans": [
                          {
                            "Node Type": "Gather",
                            "Parent Relationship": "Outer",
                            "Parallel Aware": false,
                            "Async Capable": false,
                            "Startup Cost": 8768.75,
                            "Total Cost": 18965.02,
                            "Plan Rows": 1,
                            "Plan Width": 36,
                            "Output": [
                              "store_sales.ss_net_profit",
                              "store_sales.ss_item_sk",
                              "store_sales.ss_store_sk",
                              "store_sales.ss_customer_sk",
                              "store_returns.sr_net_loss",
                              "store_returns.sr_ticket_number",
                              "store_returns.sr_customer_sk",
                              "store_returns.sr_item_sk"
                            ],
                            "Workers Planned": 2,
                            "Single Copy": false,
                            "Plans": [
                              {
                                "Node Type": "Hash Join",
                                "Parent Relationship": "Outer",
                                "Parallel Aware": true,
                                "Async Capable": false,
                                "Join Type": "Inner",
                                "Startup Cost": 7768.75,
                                "Total Cost": 17964.92,
                                "Plan Rows": 1,
                                "Plan Width": 36,
                                "Output": [
                                  "store_sales.ss_net_profit",
                                  "store_sales.ss_item_sk",
                                  "store_sales.ss_store_sk",
                                  "store_sales.ss_customer_sk",
                                  "store_returns.sr_net_loss",
                                  "store_returns.sr_ticket_number",
                                  "store_returns.sr_customer_sk",
                                  "store_returns.sr_item_sk"
                                ],
                                "Inner Unique": false,
                                "Hash Cond": "((store_sales.ss_item_sk = store_returns.sr_item_sk) AND (store_sales.ss_customer_sk = store_returns.sr_customer_sk) AND (store_sales.ss_ticket_number = store_returns.sr_ticket_number))",
                                "Plans": [
                                  {
                                    "Node Type": "Nested Loop",
                                    "Parent Relationship": "Outer",
                                    "Parallel Aware": false,
                                    "Async Capable": false,
                                    "Join Type": "Inner",
                                    "Startup Cost": 0.85,
                                    "Total Cost": 10147.69,
                                    "Plan Rows": 4385,
                                    "Plan Width": 22,
                                    "Output": [
                                      "store_sales.ss_net_profit",
                                      "store_sales.ss_item_sk",
                                      "store_sales.ss_store_sk",
                                      "store_sales.ss_customer_sk",
                                      "store_sales.ss_ticket_number"
                                    ],
                                    "Inner Unique": false,
                                    "Plans": [
                                      {
                                        "Node Type": "Index Only Scan",
                                        "Parent Relationship": "Outer",
                                        "Parallel Aware": true,
                                        "Async Capable": false,
                                        "Scan Direction": "Forward",
                                        "Index Name": "_dta_index_date_dim_6_661577395__k1_k7_k9",
                                        "Relation Name": "date_dim",
                                        "Schema": "public",
                                        "Alias": "d1",
                                        "Startup Cost": 0.29,
                                        "Total Cost": 1858.9,
                                        "Plan Rows": 12,
                                        "Plan Width": 4,
                                        "Output": [
                                          "d1.d_date_sk",
                                          "d1.d_year",
                                          "d1.d_moy"
                                        ],
                                        "Index Cond": "((d1.d_year = 1998) AND (d1.d_moy = 2))"
                                      },
                                      {
                                        "Node Type": "Index Only Scan",
                                        "Parent Relationship": "Inner",
                                        "Parallel Aware": false,
                                        "Async Capable": false,
                                        "Scan Direction": "Forward",
                                        "Index Name": "_dta_index_store_sales_6_1333579789__k1_k3_k10_k4_k8_23",
                                        "Relation Name": "store_sales",
                                        "Schema": "public",
                                        "Alias": "store_sales",
                                        "Startup Cost": 0.56,
                                        "Total Cost": 556.85,
                                        "Plan Rows": 13388,
                                        "Plan Width": 26,
                                        "Output": [
                                          "store_sales.ss_sold_date_sk",
                                          "store_sales.ss_item_sk",
                                          "store_sales.ss_ticket_number",
                                          "store_sales.ss_customer_sk",
                                          "store_sales.ss_store_sk",
                                          "store_sales.ss_net_profit"
                                        ],
                                        "Index Cond": "(store_sales.ss_sold_date_sk = d1.d_date_sk)"
                                      }
                                    ]
                                  },
                                  {
                                    "Node Type": "Hash",
                                    "Parent Relationship": "Inner",
                                    "Parallel Aware": true,
                                    "Async Capable": false,
                                    "Startup Cost": 7705.42,
                                    "Total Cost": 7705.42,
                                    "Plan Rows": 3570,
                                    "Plan Width": 18,
                                    "Output": [
                                      "store_returns.sr_net_loss",
                                      "store_returns.sr_ticket_number",
                                      "store_returns.sr_customer_sk",
                                      "store_returns.sr_item_sk"
                                    ],
                                    "Plans": [
                                      {
                                        "Node Type": "Nested Loop",
                                        "Parent Relationship": "Outer",
                                        "Parallel Aware": false,
                                        "Async Capable": false,
                                        "Join Type": "Inner",
                                        "Startup Cost": 0.72,
                                        "Total Cost": 7705.42,
                                        "Plan Rows": 3570,
                                        "Plan Width": 18,
                                        "Output": [
                                          "store_returns.sr_net_loss",
                                          "store_returns.sr_ticket_number",
                                          "store_returns.sr_customer_sk",
                                          "store_returns.sr_item_sk"
                                        ],
                                        "Inner Unique": false,
                                        "Plans": [
                                          {
                                            "Node Type": "Index Only Scan",
                                            "Parent Relationship": "Outer",
                                            "Parallel Aware": true,
                                            "Async Capable": false,
                                            "Scan Direction": "Forward",
                                            "Index Name": "_dta_index_date_dim_6_661577395__k1_k7_k9",
                                            "Relation Name": "date_dim",
                                            "Schema": "public",
                                            "Alias": "d2",
                                            "Startup Cost": 0.29,
                                            "Total Cost": 2041.78,
                                            "Plan Rows": 38,
                                            "Plan Width": 4,
                                            "Output": [
                                              "d2.d_date_sk",
                                              "d2.d_year",
                                              "d2.d_moy"
                                            ],
                                            "Index Cond": "((d2.d_year = 1998) AND (d2.d_moy >= 2) AND (d2.d_moy <= 4))"
                                          },
                                          {
                                            "Node Type": "Index Only Scan",
                                            "Parent Relationship": "Inner",
                                            "Parallel Aware": false,
                                            "Async Capable": false,
                                            "Scan Direction": "Forward",
                                            "Index Name": "_dta_index_store_returns_6_1013578649__k1_3_4_10_20",
                                            "Relation Name": "store_returns",
                                            "Schema": "public",
                                            "Alias": "store_returns",
                                            "Startup Cost": 0.43,
                                            "Total Cost": 117.82,
                                            "Plan Rows": 3122,
                                            "Plan Width": 22,
                                            "Output": [
                                              "store_returns.sr_returned_date_sk",
                                              "store_returns.sr_item_sk",
                                              "store_returns.sr_customer_sk",
                                              "store_returns.sr_ticket_number",
                                              "store_returns.sr_net_loss"
                                            ],
                                            "Index Cond": "(store_returns.sr_returned_date_sk = d2.d_date_sk)"
                                          }
                                        ]
                                      }
                                    ]
                                  }
                                ]
                              }
                            ]
                          },
                          {
                            "Node Type": "Index Scan",
                            "Parent Relationship": "Inner",
                            "Parallel Aware": false,
                            "Async Capable": false,
                            "Scan Direction": "Forward",
                            "Index Name": "_dta_index_catalog_sales_6_1301579675__k16_k4_k1_34",
                            "Relation Name": "catalog_sales",
                            "Schema": "public",
                            "Alias": "catalog_sales",
                            "Startup Cost": 0.56,
                            "Total Cost": 4.71,
                            "Plan Rows": 1,
                            "Plan Width": 22,
                            "Output": [
                              "catalog_sales.cs_sold_date_sk",
                              "catalog_sales.cs_sold_time_sk",
                              "catalog_sales.cs_ship_date_sk",
                              "catalog_sales.cs_bill_customer_sk",
                              "catalog_sales.cs_bill_cdemo_sk",
                              "catalog_sales.cs_bill_hdemo_sk",
                              "catalog_sales.cs_bill_addr_sk",
                              "catalog_sales.cs_ship_customer_sk",
                              "catalog_sales.cs_ship_cdemo_sk",
                              "catalog_sales.cs_ship_hdemo_sk",
                              "catalog_sales.cs_ship_addr_sk",
                              "catalog_sales.cs_call_center_sk",
                              "catalog_sales.cs_catalog_page_sk",
                              "catalog_sales.cs_ship_mode_sk",
                              "catalog_sales.cs_warehouse_sk",
                              "catalog_sales.cs_item_sk",
                              "catalog_sales.cs_promo_sk",
                              "catalog_sales.cs_order_number",
                              "catalog_sales.cs_quantity",
                              "catalog_sales.cs_wholesale_cost",
                              "catalog_sales.cs_list_price",
                              "catalog_sales.cs_sales_price",
                              "catalog_sales.cs_ext_discount_amt",
                              "catalog_sales.cs_ext_sales_price",
                              "catalog_sales.cs_ext_wholesale_cost",
                              "catalog_sales.cs_ext_list_price",
                              "catalog_sales.cs_ext_tax",
                              "catalog_sales.cs_coupon_amt",
                              "catalog_sales.cs_ext_ship_cost",
                              "catalog_sales.cs_net_paid",
                              "catalog_sales.cs_net_paid_inc_tax",
                              "catalog_sales.cs_net_paid_inc_ship",
                              "catalog_sales.cs_net_paid_inc_ship_tax",
                              "catalog_sales.cs_net_profit"
                            ],
                            "Index Cond": "((catalog_sales.cs_item_sk = store_sales.ss_item_sk) AND (catalog_sales.cs_bill_customer_sk = store_sales.ss_customer_sk))"
                          }
                        ]
                      },
                      {
                        "Node Type": "Index Only Scan",
                        "Parent Relationship": "Inner",
                        "Parallel Aware": false,
                        "Async Capable": false,
                        "Scan Direction": "Forward",
                        "Index Name": "_dta_index_date_dim_6_661577395__k1_k7_k9",
                        "Relation Name": "date_dim",
                        "Schema": "public",
                        "Alias": "d3",
                        "Startup Cost": 0.29,
                        "Total Cost": 2.23,
                        "Plan Rows": 1,
                        "Plan Width": 4,
                        "Output": [
                          "d3.d_date_sk",
                          "d3.d_year",
                          "d3.d_moy"
                        ],
                        "Index Cond": "((d3.d_date_sk = catalog_sales.cs_sold_date_sk) AND (d3.d_year = 1998) AND (d3.d_moy >= 2) AND (d3.d_moy <= 4))"
                      }
                    ]
                  },
                  {
                    "Node Type": "Index Only Scan",
                    "Parent Relationship": "Inner",
                    "Parallel Aware": false,
                    "Async Capable": false,
                    "Scan Direction": "Forward",
                    "Index Name": "_dta_index_store_6_885578193__k1_2_6",
                    "Relation Name": "store",
                    "Schema": "public",
                    "Alias": "store",
                    "Startup Cost": 0.14,
                    "Total Cost": 1.76,
                    "Plan Rows": 1,
                    "Plan Width": 25,
                    "Output": [
                      "store.s_store_sk",
                      "store.s_store_id",
                      "store.s_store_name"
                    ],
                    "Index Cond": "(store.s_store_sk = store_sales.ss_store_sk)"
                  }
                ]
              },
              {
                "Node Type": "Index Only Scan",
                "Parent Relationship": "Inner",
                "Parallel Aware": false,
                "Async Capable": false,
                "Scan Direction": "Forward",
                "Index Name": "_dta_index_item_6_853578079__k1_2_5",
                "Relation Name": "item",
                "Schema": "public",
                "Alias": "item",
                "Startup Cost": 0.42,
                "Total Cost": 2.36,
                "Plan Rows": 1,
                "Plan Width": 124,
                "Output": [
                  "item.i_item_sk",
                  "item.i_item_id",
                  "item.i_item_desc"
                ],
                "Index Cond": "(item.i_item_sk = store_sales.ss_item_sk)"
              }
            ]
          }
        ]
      }
    }
  ],
  "original_sql": "select\n min(i_item_id)\n ,min(i_item_desc)\n ,min(s_store_id)\n ,min(s_store_name)\n ,min(ss_net_profit)\n ,min(sr_net_loss)\n ,min(cs_net_profit)\n ,min(ss_item_sk)\n ,min(sr_ticket_number)\n ,min(cs_order_number)\n from\n store_sales\n ,store_returns\n ,catalog_sales\n ,date_dim d1\n ,date_dim d2\n ,date_dim d3\n ,store\n ,item\n where\n d1.d_moy = 2\n and d1.d_year = 1998\n and d1.d_date_sk = ss_sold_date_sk\n and i_item_sk = ss_item_sk\n and s_store_sk = ss_store_sk\n and ss_customer_sk = sr_customer_sk\n and ss_item_sk = sr_item_sk\n and ss_ticket_number = sr_ticket_number\n and sr_returned_date_sk = d2.d_date_sk\n and d2.d_moy               between 2 and  2 + 2\n and d2.d_year              = 1998\n and sr_customer_sk = cs_bill_customer_sk\n and sr_item_sk = cs_item_sk\n and cs_sold_date_sk = d3.d_date_sk\n and d3.d_moy               between 2 and  2 + 2\n and d3.d_year              = 1998"
}