{
  "query_id": "query100_agg_s1",
  "engine": "postgresql",
  "benchmark": "dsb_156",
  "scale_factor": 10,
  "execution_time_ms": null,
  "planning_time_ms": 5.049762999988161,
  "plan_json": [
    {
      "Plan": {
        "Node Type": "Sort",
        "Parallel Aware": false,
        "Async Capable": false,
        "Startup Cost": 316486.02,
        "Total Cost": 316486.29,
        "Plan Rows": 108,
        "Plan Width": 16,
        "Output": [
          "item1.i_item_sk",
          "item2.i_item_sk",
          "(count(*))"
        ],
        "Sort Key": [
          "(count(*))"
        ],
        "Plans": [
          {
            "Node Type": "Aggregate",
            "Strategy": "Sorted",
            "Partial Mode": "Simple",
            "Parent Relationship": "Outer",
            "Parallel Aware": false,
            "Async Capable": false,
            "Startup Cost": 286466.22,
            "Total Cost": 316482.38,
            "Plan Rows": 108,
            "Plan Width": 16,
            "Output": [
              "item1.i_item_sk",
              "item2.i_item_sk",
              "count(*)"
            ],
            "Group Key": [
              "item1.i_item_sk",
              "item2.i_item_sk"
            ],
            "Plans": [
              {
                "Node Type": "Gather Merge",
                "Parent Relationship": "Outer",
                "Parallel Aware": false,
                "Async Capable": false,
                "Startup Cost": 286466.22,
                "Total Cost": 316480.49,
                "Plan Rows": 108,
                "Plan Width": 8,
                "Output": [
                  "item1.i_item_sk",
                  "item2.i_item_sk"
                ],
                "Workers Planned": 2,
                "Plans": [
                  {
                    "Node Type": "Incremental Sort",
                    "Parent Relationship": "Outer",
                    "Parallel Aware": false,
                    "Async Capable": false,
                    "Startup Cost": 285466.2,
                    "Total Cost": 315468.0,
                    "Plan Rows": 45,
                    "Plan Width": 8,
                    "Output": [
                      "item1.i_item_sk",
                      "item2.i_item_sk"
                    ],
                    "Sort Key": [
                      "item1.i_item_sk",
                      "item2.i_item_sk"
                    ],
                    "Presorted Key": [
                      "item1.i_item_sk"
                    ],
                    "Plans": [
                      {
                        "Node Type": "Nested Loop",
                        "Parent Relationship": "Outer",
                        "Parallel Aware": false,
                        "Async Capable": false,
                        "Join Type": "Inner",
                        "Startup Cost": 284784.38,
                        "Total Cost": 315465.97,
                        "Plan Rows": 45,
                        "Plan Width": 8,
                        "Output": [
                          "item1.i_item_sk",
                          "item2.i_item_sk"
                        ],
                        "Inner Unique": true,
                        "Plans": [
                          {
                            "Node Type": "Nested Loop",
                            "Parent Relationship": "Outer",
                            "Parallel Aware": false,
                            "Async Capable": false,
                            "Join Type": "Inner",
                            "Startup Cost": 284783.96,
                            "Total Cost": 315353.76,
                            "Plan Rows": 45,
                            "Plan Width": 12,
                            "Output": [
                              "item1.i_item_sk",
                              "item2.i_item_sk",
                              "customer.c_current_addr_sk"
                            ],
                            "Inner Unique": true,
                            "Join Filter": "(item1.i_item_sk < item2.i_item_sk)",
                            "Plans": [
                              {
                                "Node Type": "Nested Loop",
                                "Parent Relationship": "Outer",
                                "Parallel Aware": false,
                                "Async Capable": false,
                                "Join Type": "Inner",
                                "Startup Cost": 284783.66,
                                "Total Cost": 312414.99,
                                "Plan Rows": 662,
                                "Plan Width": 12,
                                "Output": [
                                  "item1.i_item_sk",
                                  "s2.ss_item_sk",
                                  "customer.c_current_addr_sk"
                                ],
                                "Inner Unique": false,
                                "Plans": [
                                  {
                                    "Node Type": "Nested Loop",
                                    "Parent Relationship": "Outer",
                                    "Parallel Aware": false,
                                    "Async Capable": false,
                                    "Join Type": "Inner",
                                    "Startup Cost": 284783.23,
                                    "Total Cost": 302668.18,
                                    "Plan Rows": 52,
                                    "Plan Width": 12,
                                    "Output": [
                                      "item1.i_item_sk",
                                      "s1.ss_ticket_number",
                                      "customer.c_current_addr_sk"
                                    ],
                                    "Inner Unique": true,
                                    "Plans": [
                                      {
                                        "Node Type": "Nested Loop",
                                        "Parent Relationship": "Outer",
                                        "Parallel Aware": false,
                                        "Async Capable": false,
                                        "Join Type": "Inner",
                                        "Startup Cost": 284782.8,
                                        "Total Cost": 293976.97,
                                        "Plan Rows": 1881,
                                        "Plan Width": 16,
                                        "Output": [
                                          "item1.i_item_sk",
                                          "s1.ss_ticket_number",
                                          "customer.c_current_addr_sk",
                                          "customer.c_current_cdemo_sk"
                                        ],
                                        "Inner Unique": true,
                                        "Plans": [
                                          {
                                            "Node Type": "Merge Join",
                                            "Parent Relationship": "Outer",
                                            "Parallel Aware": false,
                                            "Async Capable": false,
                                            "Join Type": "Inner",
                                            "Startup Cost": 284782.38,
                                            "Total Cost": 284969.15,
                                            "Plan Rows": 1972,
                                            "Plan Width": 12,
                                            "Output": [
                                              "item1.i_item_sk",
                                              "s1.ss_ticket_number",
                                              "s1.ss_customer_sk"
                                            ],
                                            "Inner Unique": true,
                                            "Merge Cond": "(s1.ss_item_sk = item1.i_item_sk)",
                                            "Plans": [
                                              {
                                                "Node Type": "Sort",
                                                "Parent Relationship": "Outer",
                                                "Parallel Aware": false,
                                                "Async Capable": false,
                                                "Startup Cost": 280883.22,
                                                "Total Cost": 280902.89,
                                                "Plan Rows": 7868,
                                                "Plan Width": 12,
                                                "Output": [
                                                  "s1.ss_ticket_number",
                                                  "s1.ss_item_sk",
                                                  "s1.ss_customer_sk"
                                                ],
                                                "Sort Key": [
                                                  "s1.ss_item_sk"
                                                ],
                                                "Plans": [
                                                  {
                                                    "Node Type": "Nested Loop",
                                                    "Parent Relationship": "Outer",
                                                    "Parallel Aware": false,
                                                    "Async Capable": false,
                                                    "Join Type": "Inner",
                                                    "Startup Cost": 0.85,
                                                    "Total Cost": 280374.09,
                                                    "Plan Rows": 7868,
                                                    "Plan Width": 12,
                                                    "Output": [
                                                      "s1.ss_ticket_number",
                                                      "s1.ss_item_sk",
                                                      "s1.ss_customer_sk"
                                                    ],
                                                    "Inner Unique": false,
                                                    "Plans": [
                                                      {
                                                        "Node Type": "Index Only Scan",
                                                        "Parent Relationship": "Outer",
                                                        "Parallel Aware": true,
                                                        "Async Capable": false,
                                                        "Scan Direction": "Forward",
                                                        "Index Name": "_dta_index_date_dim_6_661577395__k1_k7_k9",
                                                        "Relation Name": "date_dim",
                                                        "Schema": "public",
                                                        "Alias": "date_dim",
                                                        "Startup Cost": 0.29,
                                                        "Total Cost": 1861.77,
                                                        "Plan Rows": 299,
                                                        "Plan Width": 4,
                                                        "Output": [
                                                          "date_dim.d_date_sk",
                                                          "date_dim.d_year",
                                                          "date_dim.d_moy"
                                                        ],
                                                        "Index Cond": "((date_dim.d_year >= 1998) AND (date_dim.d_year <= 1999))"
                                                      },
                                                      {
                                                        "Node Type": "Index Only Scan",
                                                        "Parent Relationship": "Inner",
                                                        "Parallel Aware": false,
                                                        "Async Capable": false,
                                                        "Scan Direction": "Forward",
                                                        "Index Name": "_dta_index_store_sales_6_1333579789__k1_k23_k14_k6_k8_k5_k7_3_4",
                                                        "Relation Name": "store_sales",
                                                        "Schema": "public",
                                                        "Alias": "s1",
                                                        "Startup Cost": 0.56,
                                                        "Total Cost": 922.1,
                                                        "Plan Rows": 938,
                                                        "Plan Width": 16,
                                                        "Output": [
                                                          "s1.ss_sold_date_sk",
                                                          "s1.ss_net_profit",
                                                          "s1.ss_sales_price",
                                                          "s1.ss_hdemo_sk",
                                                          "s1.ss_store_sk",
                                                          "s1.ss_cdemo_sk",
                                                          "s1.ss_addr_sk",
                                                          "s1.ss_item_sk",
                                                          "s1.ss_customer_sk",
                                                          "s1.ss_promo_sk",
                                                          "s1.ss_ticket_number",
                                                          "s1.ss_quantity",
                                                          "s1.ss_wholesale_cost",
                                                          "s1.ss_list_price",
                                                          "s1.ss_ext_sales_price",
                                                          "s1.ss_ext_wholesale_cost",
                                                          "s1.ss_coupon_amt"
                                                        ],
                                                        "Index Cond": "(s1.ss_sold_date_sk = date_dim.d_date_sk)",
                                                        "Filter": "((s1.ss_list_price >= '108'::numeric) AND (s1.ss_list_price <= '122'::numeric))"
                                                      }
                                                    ]
                                                  }
                                                ]
                                              },
                                              {
                                                "Node Type": "Sort",
                                                "Parent Relationship": "Inner",
                                                "Parallel Aware": false,
                                                "Async Capable": false,
                                                "Startup Cost": 3899.14,
                                                "Total Cost": 3963.03,
                                                "Plan Rows": 25558,
                                                "Plan Width": 4,
                                                "Output": [
                                                  "item1.i_item_sk"
                                                ],
                                                "Sort Key": [
                                                  "item1.i_item_sk"
                                                ],
                                                "Plans": [
                                                  {
                                                    "Node Type": "Index Only Scan",
                                                    "Parent Relationship": "Outer",
                                                    "Parallel Aware": false,
                                                    "Async Capable": false,
                                                    "Scan Direction": "Forward",
                                                    "Index Name": "_dta_index_item_6_853578079__k13_k11_k1",
                                                    "Relation Name": "item",
                                                    "Schema": "public",
                                                    "Alias": "item1",
                                                    "Startup Cost": 0.42,
                                                    "Total Cost": 2028.1,
                                                    "Plan Rows": 25558,
                                                    "Plan Width": 4,
                                                    "Output": [
                                                      "item1.i_item_sk"
                                                    ],
                                                    "Index Cond": "(item1.i_category = ANY ('{Electronics,Jewelry}'::bpchar[]))"
                                                  }
                                                ]
                                              }
                                            ]
                                          },
                                          {
                                            "Node Type": "Index Scan",
                                            "Parent Relationship": "Inner",
                                            "Parallel Aware": false,
                                            "Async Capable": false,
                                            "Scan Direction": "Forward",
                                            "Index Name": "_dta_index_customer_6_949578421__k1_k5",
                                            "Relation Name": "customer",
                                            "Schema": "public",
                                            "Alias": "customer",
                                            "Startup Cost": 0.42,
                                            "Total Cost": 4.57,
                                            "Plan Rows": 1,
                                            "Plan Width": 12,
                                            "Output": [
                                              "customer.c_customer_sk",
                                              "customer.c_customer_id",
                                              "customer.c_current_cdemo_sk",
                                              "customer.c_current_hdemo_sk",
                                              "customer.c_current_addr_sk",
                                              "customer.c_first_shipto_date_sk",
                                              "customer.c_first_sales_date_sk",
                                              "customer.c_salutation",
                                              "customer.c_first_name",
                                              "customer.c_last_name",
                                              "customer.c_preferred_cust_flag",
                                              "customer.c_birth_day",
                                              "customer.c_birth_month",
                                              "customer.c_birth_year",
                                              "customer.c_birth_country",
                                              "customer.c_login",
                                              "customer.c_email_address",
                                              "customer.c_last_review_date_sk"
                                            ],
                                            "Index Cond": "(customer.c_customer_sk = s1.ss_customer_sk)"
                                          }
                                        ]
                                      },
                                      {
                                        "Node Type": "Index Scan",
                                        "Parent Relationship": "Inner",
                                        "Parallel Aware": false,
                                        "Async Capable": false,
                                        "Scan Direction": "Forward",
                                        "Index Name": "customer_demographics_pkey",
                                        "Relation Name": "customer_demographics",
                                        "Schema": "public",
                                        "Alias": "customer_demographics",
                                        "Startup Cost": 0.43,
                                        "Total Cost": 4.62,
                                        "Plan Rows": 1,
                                        "Plan Width": 4,
                                        "Output": [
                                          "customer_demographics.cd_demo_sk",
                                          "customer_demographics.cd_gender",
                                          "customer_demographics.cd_marital_status",
                                          "customer_demographics.cd_education_status",
                                          "customer_demographics.cd_purchase_estimate",
                                          "customer_demographics.cd_credit_rating",
                                          "customer_demographics.cd_dep_count",
                                          "customer_demographics.cd_dep_employed_count",
                                          "customer_demographics.cd_dep_college_count"
                                        ],
                                        "Index Cond": "(customer_demographics.cd_demo_sk = customer.c_current_cdemo_sk)",
                                        "Filter": "((customer_demographics.cd_marital_status = 'S'::bpchar) AND (customer_demographics.cd_education_status = 'College'::bpchar))"
                                      }
                                    ]
                                  },
                                  {
                                    "Node Type": "Index Scan",
                                    "Parent Relationship": "Inner",
                                    "Parallel Aware": false,
                                    "Async Capable": false,
                                    "Scan Direction": "Forward",
                                    "Index Name": "_dta_index_store_sales_6_1333579789__k10_k3",
                                    "Relation Name": "store_sales",
                                    "Schema": "public",
                                    "Alias": "s2",
                                    "Startup Cost": 0.44,
                                    "Total Cost": 187.31,
                                    "Plan Rows": 13,
                                    "Plan Width": 8,
                                    "Output": [
                                      "s2.ss_sold_date_sk",
                                      "s2.ss_sold_time_sk",
                                      "s2.ss_item_sk",
                                      "s2.ss_customer_sk",
                                      "s2.ss_cdemo_sk",
                                      "s2.ss_hdemo_sk",
                                      "s2.ss_addr_sk",
                                      "s2.ss_store_sk",
                                      "s2.ss_promo_sk",
                                      "s2.ss_ticket_number",
                                      "s2.ss_quantity",
                                      "s2.ss_wholesale_cost",
                                      "s2.ss_list_price",
                                      "s2.ss_sales_price",
                                      "s2.ss_ext_discount_amt",
                                      "s2.ss_ext_sales_price",
                                      "s2.ss_ext_wholesale_cost",
                                      "s2.ss_ext_list_price",
                                      "s2.ss_ext_tax",
                                      "s2.ss_coupon_amt",
                                      "s2.ss_net_paid",
                                      "s2.ss_net_paid_inc_tax",
                                      "s2.ss_net_profit"
                                    ],
                                    "Index Cond": "(s2.ss_ticket_number = s1.ss_ticket_number)",
                                    "Filter": "((s2.ss_list_price >= '108'::numeric) AND (s2.ss_list_price <= '122'::numeric))"
                                  }
                                ]
                              },
                              {
                                "Node Type": "Index Scan",
                                "Parent Relationship": "Inner",
                                "Parallel Aware": false,
                                "Async Capable": false,
                                "Scan Direction": "Forward",
                                "Index Name": "item_pkey",
                                "Relation Name": "item",
                                "Schema": "public",
                                "Alias": "item2",
                                "Startup Cost": 0.29,
                                "Total Cost": 4.43,
                                "Plan Rows": 1,
                                "Plan Width": 4,
                                "Output": [
                                  "item2.i_item_sk",
                                  "item2.i_item_id",
                                  "item2.i_rec_start_date",
                                  "item2.i_rec_end_date",
                                  "item2.i_item_desc",
                                  "item2.i_current_price",
                                  "item2.i_wholesale_cost",
                                  "item2.i_brand_id",
                                  "item2.i_brand",
                                  "item2.i_class_id",
                                  "item2.i_class",
                                  "item2.i_category_id",
                                  "item2.i_category",
                                  "item2.i_manufact_id",
                                  "item2.i_manufact",
                                  "item2.i_size",
                                  "item2.i_formulation",
                                  "item2.i_color",
                                  "item2.i_units",
                                  "item2.i_container",
                                  "item2.i_manager_id",
                                  "item2.i_product_name"
                                ],
                                "Index Cond": "(item2.i_item_sk = s2.ss_item_sk)",
                                "Filter": "((item2.i_manager_id >= 81) AND (item2.i_manager_id <= 100))"
                              }
                            ]
                          },
                          {
                            "Node Type": "Index Only Scan",
                            "Parent Relationship": "Inner",
                            "Parallel Aware": false,
                            "Async Capable": false,
                            "Scan Direction": "Forward",
                            "Index Name": "customer_address_pkey",
                            "Relation Name": "customer_address",
                            "Schema": "public",
                            "Alias": "customer_address",
                            "Startup Cost": 0.42,
                            "Total Cost": 2.49,
                            "Plan Rows": 1,
                            "Plan Width": 4,
                            "Output": [
                              "customer_address.ca_address_sk"
                            ],
                            "Index Cond": "(customer_address.ca_address_sk = customer.c_current_addr_sk)"
                          }
                        ]
                      }
                    ]
                  }
                ]
              }
            ]
          }
        ]
      }
    }
  ],
  "original_sql": "select  item1.i_item_sk, item2.i_item_sk, count(*) as cnt\nFROM item AS item1,\nitem AS item2,\nstore_sales AS s1,\nstore_sales AS s2,\ndate_dim,\ncustomer,\ncustomer_address,\ncustomer_demographics\nWHERE\nitem1.i_item_sk < item2.i_item_sk\nAND s1.ss_ticket_number = s2.ss_ticket_number\nAND s1.ss_item_sk = item1.i_item_sk and s2.ss_item_sk = item2.i_item_sk\nAND s1.ss_customer_sk = c_customer_sk\nand c_current_addr_sk = ca_address_sk\nand c_current_cdemo_sk = cd_demo_sk\nAND d_year between 1998 and 1998 + 1\nand d_date_sk = s1.ss_sold_date_sk\nand item1.i_category in ('Electronics', 'Jewelry')\nand item2.i_manager_id between 81 and 100\nand cd_marital_status = 'S'\nand cd_education_status = 'College'\nand s1.ss_list_price between 108 and 122\nand s2.ss_list_price between 108 and 122\nGROUP BY item1.i_item_sk, item2.i_item_sk\nORDER BY cnt"
}