{
  "query_id": "query092_multi_s1",
  "engine": "postgresql",
  "benchmark": "dsb_156",
  "scale_factor": 10,
  "execution_time_ms": null,
  "planning_time_ms": 1.0833519991138019,
  "plan_json": [
    {
      "Plan": {
        "Node Type": "Limit",
        "Parallel Aware": false,
        "Async Capable": false,
        "Startup Cost": 38624.49,
        "Total Cost": 38624.5,
        "Plan Rows": 1,
        "Plan Width": 32,
        "Output": [
          "(sum(web_sales.ws_ext_discount_amt))"
        ],
        "Plans": [
          {
            "Node Type": "Sort",
            "Parent Relationship": "Outer",
            "Parallel Aware": false,
            "Async Capable": false,
            "Startup Cost": 38624.49,
            "Total Cost": 38624.5,
            "Plan Rows": 1,
            "Plan Width": 32,
            "Output": [
              "(sum(web_sales.ws_ext_discount_amt))"
            ],
            "Sort Key": [
              "(sum(web_sales.ws_ext_discount_amt))"
            ],
            "Plans": [
              {
                "Node Type": "Aggregate",
                "Strategy": "Plain",
                "Partial Mode": "Simple",
                "Parent Relationship": "Outer",
                "Parallel Aware": false,
                "Async Capable": false,
                "Startup Cost": 38624.47,
                "Total Cost": 38624.48,
                "Plan Rows": 1,
                "Plan Width": 32,
                "Output": [
                  "sum(web_sales.ws_ext_discount_amt)"
                ],
                "Plans": [
                  {
                    "Node Type": "Hash Join",
                    "Parent Relationship": "Outer",
                    "Parallel Aware": false,
                    "Async Capable": false,
                    "Join Type": "Inner",
                    "Startup Cost": 10383.28,
                    "Total Cost": 38623.95,
                    "Plan Rows": 208,
                    "Plan Width": 6,
                    "Output": [
                      "web_sales.ws_ext_discount_amt"
                    ],
                    "Inner Unique": true,
                    "Hash Cond": "(web_sales.ws_item_sk = item.i_item_sk)",
                    "Join Filter": "(web_sales.ws_ext_discount_amt > (SubPlan 1))",
                    "Plans": [
                      {
                        "Node Type": "Gather",
                        "Parent Relationship": "Outer",
                        "Parallel Aware": false,
                        "Async Capable": false,
                        "Startup Cost": 1000.43,
                        "Total Cost": 29236.92,
                        "Plan Rows": 1594,
                        "Plan Width": 10,
                        "Output": [
                          "web_sales.ws_ext_discount_amt",
                          "web_sales.ws_item_sk"
                        ],
                        "Workers Planned": 1,
                        "Single Copy": false,
                        "Plans": [
                          {
                            "Node Type": "Nested Loop",
                            "Parent Relationship": "Outer",
                            "Parallel Aware": false,
                            "Async Capable": false,
                            "Join Type": "Inner",
                            "Startup Cost": 0.43,
                            "Total Cost": 28077.52,
                            "Plan Rows": 938,
                            "Plan Width": 10,
                            "Output": [
                              "web_sales.ws_ext_discount_amt",
                              "web_sales.ws_item_sk"
                            ],
                            "Inner Unique": false,
                            "Plans": [
                              {
                                "Node Type": "Seq Scan",
                                "Parent Relationship": "Outer",
                                "Parallel Aware": true,
                                "Async Capable": false,
                                "Relation Name": "date_dim",
                                "Schema": "public",
                                "Alias": "date_dim",
                                "Startup Cost": 0.0,
                                "Total Cost": 2049.55,
                                "Plan Rows": 54,
                                "Plan Width": 4,
                                "Output": [
                                  "date_dim.d_date_sk",
                                  "date_dim.d_date_id",
                                  "date_dim.d_date",
                                  "date_dim.d_month_seq",
                                  "date_dim.d_week_seq",
                                  "date_dim.d_quarter_seq",
                                  "date_dim.d_year",
                                  "date_dim.d_dow",
                                  "date_dim.d_moy",
                                  "date_dim.d_dom",
                                  "date_dim.d_qoy",
                                  "date_dim.d_fy_year",
                                  "date_dim.d_fy_quarter_seq",
                                  "date_dim.d_fy_week_seq",
                                  "date_dim.d_day_name",
                                  "date_dim.d_quarter_name",
                                  "date_dim.d_holiday",
                                  "date_dim.d_weekend",
                                  "date_dim.d_following_holiday",
                                  "date_dim.d_first_dom",
                                  "date_dim.d_last_dom",
                                  "date_dim.d_same_day_ly",
                                  "date_dim.d_same_day_lq",
                                  "date_dim.d_current_day",
                                  "date_dim.d_current_week",
                                  "date_dim.d_current_month",
                                  "date_dim.d_current_quarter",
                                  "date_dim.d_current_year"
                                ],
                                "Filter": "((date_dim.d_date >= '2002-03-06'::date) AND (date_dim.d_date <= '2002-06-04 00:00:00'::timestamp without time zone))"
                              },
                              {
                                "Node Type": "Index Scan",
                                "Parent Relationship": "Inner",
                                "Parallel Aware": false,
                                "Async Capable": false,
                                "Scan Direction": "Forward",
                                "Index Name": "_dta_index_web_sales_6_1269579561__k1_8_24",
                                "Relation Name": "web_sales",
                                "Schema": "public",
                                "Alias": "web_sales",
                                "Startup Cost": 0.43,
                                "Total Cost": 476.04,
                                "Plan Rows": 596,
                                "Plan Width": 14,
                                "Output": [
                                  "web_sales.ws_sold_date_sk",
                                  "web_sales.ws_sold_time_sk",
                                  "web_sales.ws_ship_date_sk",
                                  "web_sales.ws_item_sk",
                                  "web_sales.ws_bill_customer_sk",
                                  "web_sales.ws_bill_cdemo_sk",
                                  "web_sales.ws_bill_hdemo_sk",
                                  "web_sales.ws_bill_addr_sk",
                                  "web_sales.ws_ship_customer_sk",
                                  "web_sales.ws_ship_cdemo_sk",
                                  "web_sales.ws_ship_hdemo_sk",
                                  "web_sales.ws_ship_addr_sk",
                                  "web_sales.ws_web_page_sk",
                                  "web_sales.ws_web_site_sk",
                                  "web_sales.ws_ship_mode_sk",
                                  "web_sales.ws_warehouse_sk",
                                  "web_sales.ws_promo_sk",
                                  "web_sales.ws_order_number",
                                  "web_sales.ws_quantity",
                                  "web_sales.ws_wholesale_cost",
                                  "web_sales.ws_list_price",
                                  "web_sales.ws_sales_price",
                                  "web_sales.ws_ext_discount_amt",
                                  "web_sales.ws_ext_sales_price",
                                  "web_sales.ws_ext_wholesale_cost",
                                  "web_sales.ws_ext_list_price",
                                  "web_sales.ws_ext_tax",
                                  "web_sales.ws_coupon_amt",
                                  "web_sales.ws_ext_ship_cost",
                                  "web_sales.ws_net_paid",
                                  "web_sales.ws_net_paid_inc_tax",
                                  "web_sales.ws_net_paid_inc_ship",
                                  "web_sales.ws_net_paid_inc_ship_tax",
                                  "web_sales.ws_net_profit"
                                ],
                                "Index Cond": "(web_sales.ws_sold_date_sk = date_dim.d_date_sk)",
                                "Filter": "((web_sales.ws_wholesale_cost >= '16'::numeric) AND (web_sales.ws_wholesale_cost <= '36'::numeric))"
                              }
                            ]
                          }
                        ]
                      },
                      {
                        "Node Type": "Hash",
                        "Parent Relationship": "Inner",
                        "Parallel Aware": false,
                        "Async Capable": false,
                        "Startup Cost": 8882.5,
                        "Total Cost": 8882.5,
                        "Plan Rows": 40028,
                        "Plan Width": 4,
                        "Output": [
                          "item.i_item_sk"
                        ],
                        "Plans": [
                          {
                            "Node Type": "Seq Scan",
                            "Parent Relationship": "Outer",
                            "Parallel Aware": false,
                            "Async Capable": false,
                            "Relation Name": "item",
                            "Schema": "public",
                            "Alias": "item",
                            "Startup Cost": 0.0,
                            "Total Cost": 8882.5,
                            "Plan Rows": 40028,
                            "Plan Width": 4,
                            "Output": [
                              "item.i_item_sk"
                            ],
                            "Filter": "(((item.i_manufact_id >= 566) AND (item.i_manufact_id <= 765)) OR (item.i_category = ANY ('{Children,Jewelry,Men}'::bpchar[])))"
                          }
                        ]
                      },
                      {
                        "Node Type": "Aggregate",
                        "Strategy": "Plain",
                        "Partial Mode": "Simple",
                        "Parent Relationship": "SubPlan",
                        "Subplan Name": "SubPlan 1",
                        "Parallel Aware": false,
                        "Async Capable": false,
                        "Startup Cost": 1198.81,
                        "Total Cost": 1198.82,
                        "Plan Rows": 1,
                        "Plan Width": 32,
                        "Output": [
                          "(1.3 * avg(web_sales_1.ws_ext_discount_amt))"
                        ],
                        "Plans": [
                          {
                            "Node Type": "Nested Loop",
                            "Parent Relationship": "Outer",
                            "Parallel Aware": false,
                            "Async Capable": false,
                            "Join Type": "Inner",
                            "Startup Cost": 7.0,
                            "Total Cost": 1198.8,
                            "Plan Rows": 1,
                            "Plan Width": 6,
                            "Output": [
                              "web_sales_1.ws_ext_discount_amt"
                            ],
                            "Inner Unique": true,
                            "Plans": [
                              {
                                "Node Type": "Bitmap Heap Scan",
                                "Parent Relationship": "Outer",
                                "Parallel Aware": false,
                                "Async Capable": false,
                                "Relation Name": "web_sales",
                                "Schema": "public",
                                "Alias": "web_sales_1",
                                "Startup Cost": 6.71,
                                "Total Cost": 1190.32,
                                "Plan Rows": 1,
                                "Plan Width": 10,
                                "Output": [
                                  "web_sales_1.ws_sold_date_sk",
                                  "web_sales_1.ws_sold_time_sk",
                                  "web_sales_1.ws_ship_date_sk",
                                  "web_sales_1.ws_item_sk",
                                  "web_sales_1.ws_bill_customer_sk",
                                  "web_sales_1.ws_bill_cdemo_sk",
                                  "web_sales_1.ws_bill_hdemo_sk",
                                  "web_sales_1.ws_bill_addr_sk",
                                  "web_sales_1.ws_ship_customer_sk",
                                  "web_sales_1.ws_ship_cdemo_sk",
                                  "web_sales_1.ws_ship_hdemo_sk",
                                  "web_sales_1.ws_ship_addr_sk",
                                  "web_sales_1.ws_web_page_sk",
                                  "web_sales_1.ws_web_site_sk",
                                  "web_sales_1.ws_ship_mode_sk",
                                  "web_sales_1.ws_warehouse_sk",
                                  "web_sales_1.ws_promo_sk",
                                  "web_sales_1.ws_order_number",
                                  "web_sales_1.ws_quantity",
                                  "web_sales_1.ws_wholesale_cost",
                                  "web_sales_1.ws_list_price",
                                  "web_sales_1.ws_sales_price",
                                  "web_sales_1.ws_ext_discount_amt",
                                  "web_sales_1.ws_ext_sales_price",
                                  "web_sales_1.ws_ext_wholesale_cost",
                                  "web_sales_1.ws_ext_list_price",
                                  "web_sales_1.ws_ext_tax",
                                  "web_sales_1.ws_coupon_amt",
                                  "web_sales_1.ws_ext_ship_cost",
                                  "web_sales_1.ws_net_paid",
                                  "web_sales_1.ws_net_paid_inc_tax",
                                  "web_sales_1.ws_net_paid_inc_ship",
                                  "web_sales_1.ws_net_paid_inc_ship_tax",
                                  "web_sales_1.ws_net_profit"
                                ],
                                "Recheck Cond": "(web_sales_1.ws_item_sk = item.i_item_sk)",
                                "Filter": "((web_sales_1.ws_wholesale_cost >= '16'::numeric) AND (web_sales_1.ws_wholesale_cost <= '36'::numeric) AND ((web_sales_1.ws_sales_price / web_sales_1.ws_list_price) >= 0.35) AND ((web_sales_1.ws_sales_price / web_sales_1.ws_list_price) <= 0.50))",
                                "Plans": [
                                  {
                                    "Node Type": "Bitmap Index Scan",
                                    "Parent Relationship": "Outer",
                                    "Parallel Aware": false,
                                    "Async Capable": false,
                                    "Index Name": "web_sales_pkey",
                                    "Startup Cost": 0.0,
                                    "Total Cost": 6.71,
                                    "Plan Rows": 303,
                                    "Plan Width": 0,
                                    "Index Cond": "(web_sales_1.ws_item_sk = item.i_item_sk)"
                                  }
                                ]
                              },
                              {
                                "Node Type": "Index Scan",
                                "Parent Relationship": "Inner",
                                "Parallel Aware": false,
                                "Async Capable": false,
                                "Scan Direction": "Forward",
                                "Index Name": "_dta_index_date_dim_6_661577395__k1_k7_k9",
                                "Relation Name": "date_dim",
                                "Schema": "public",
                                "Alias": "date_dim_1",
                                "Startup Cost": 0.29,
                                "Total Cost": 8.32,
                                "Plan Rows": 1,
                                "Plan Width": 4,
                                "Output": [
                                  "date_dim_1.d_date_sk",
                                  "date_dim_1.d_date_id",
                                  "date_dim_1.d_date",
                                  "date_dim_1.d_month_seq",
                                  "date_dim_1.d_week_seq",
                                  "date_dim_1.d_quarter_seq",
                                  "date_dim_1.d_year",
                                  "date_dim_1.d_dow",
                                  "date_dim_1.d_moy",
                                  "date_dim_1.d_dom",
                                  "date_dim_1.d_qoy",
                                  "date_dim_1.d_fy_year",
                                  "date_dim_1.d_fy_quarter_seq",
                                  "date_dim_1.d_fy_week_seq",
                                  "date_dim_1.d_day_name",
                                  "date_dim_1.d_quarter_name",
                                  "date_dim_1.d_holiday",
                                  "date_dim_1.d_weekend",
                                  "date_dim_1.d_following_holiday",
                                  "date_dim_1.d_first_dom",
                                  "date_dim_1.d_last_dom",
                                  "date_dim_1.d_same_day_ly",
                                  "date_dim_1.d_same_day_lq",
                                  "date_dim_1.d_current_day",
                                  "date_dim_1.d_current_week",
                                  "date_dim_1.d_current_month",
                                  "date_dim_1.d_current_quarter",
                                  "date_dim_1.d_current_year"
                                ],
                                "Index Cond": "(date_dim_1.d_date_sk = web_sales_1.ws_sold_date_sk)",
                                "Filter": "((date_dim_1.d_date >= '2002-03-06'::date) AND (date_dim_1.d_date <= '2002-06-04 00:00:00'::timestamp without time zone))"
                              }
                            ]
                          }
                        ]
                      }
                    ]
                  }
                ]
              }
            ]
          }
        ]
      }
    }
  ],
  "original_sql": "select \n   sum(ws_ext_discount_amt)  as \"Excess Discount Amount\"\nfrom\n    web_sales\n   ,item\n   ,date_dim\nwhere\n(i_manufact_id BETWEEN 566 and 765\nor i_category IN ('Children', 'Jewelry', 'Men'))\nand i_item_sk = ws_item_sk\nand d_date between '2002-03-06' and\n        cast('2002-03-06' as date) + interval '90 day'\nand d_date_sk = ws_sold_date_sk\nand ws_wholesale_cost BETWEEN 16 AND 36\nand ws_ext_discount_amt\n     > (\n         SELECT\n            1.3 * avg(ws_ext_discount_amt)\n         FROM\n            web_sales\n           ,date_dim\n         WHERE\n              ws_item_sk = i_item_sk\n          and d_date between '2002-03-06' and\n                             cast('2002-03-06' as date) + interval '90 day'\n          and d_date_sk = ws_sold_date_sk\n          and ws_wholesale_cost BETWEEN 16 AND 36\n          and ws_sales_price / ws_list_price BETWEEN 35 * 0.01 AND 50 * 0.01\n  )\norder by sum(ws_ext_discount_amt)\nlimit 100"
}