{
  "query_id": "query014_multi_s3",
  "engine": "postgresql",
  "benchmark": "dsb_156",
  "scale_factor": 10,
  "execution_time_ms": null,
  "planning_time_ms": 4.466368998691905,
  "plan_json": [
    {
      "Plan": {
        "Node Type": "Limit",
        "Parallel Aware": false,
        "Async Capable": false,
        "Startup Cost": 1914290.69,
        "Total Cost": 1914290.69,
        "Plan Rows": 1,
        "Plan Width": 168,
        "Output": [
          "('store'::text)",
          "item.i_brand_id",
          "item.i_class_id",
          "item.i_category_id",
          "(sum(((store_sales.ss_quantity)::numeric * store_sales.ss_list_price)))",
          "(count(*))",
          "('store'::text)",
          "item_1.i_brand_id",
          "item_1.i_class_id",
          "item_1.i_category_id",
          "(sum(((store_sales_1.ss_quantity)::numeric * store_sales_1.ss_list_price)))",
          "(count(*))"
        ],
        "Plans": [
          {
            "Node Type": "Hash Join",
            "Parent Relationship": "InitPlan",
            "Subplan Name": "CTE cross_items",
            "Parallel Aware": false,
            "Async Capable": false,
            "Join Type": "Inner",
            "Startup Cost": 9920.22,
            "Total Cost": 970163.26,
            "Plan Rows": 1,
            "Plan Width": 4,
            "Output": [
              "item_2.i_item_sk"
            ],
            "Inner Unique": false,
            "Hash Cond": "((x.brand_id = item_2.i_brand_id) AND (x.class_id = item_2.i_class_id) AND (x.category_id = item_2.i_category_id))",
            "Plans": [
              {
                "Node Type": "Subquery Scan",
                "Parent Relationship": "Outer",
                "Parallel Aware": false,
                "Async Capable": false,
                "Alias": "x",
                "Startup Cost": 1001.16,
                "Total Cost": 953214.75,
                "Plan Rows": 1024,
                "Plan Width": 12,
                "Output": [
                  "x.brand_id",
                  "x.class_id",
                  "x.category_id"
                ],
                "Plans": [
                  {
                    "Node Type": "SetOp",
                    "Strategy": "Hashed",
                    "Parent Relationship": "Subquery",
                    "Parallel Aware": false,
                    "Async Capable": false,
                    "Command": "Intersect",
                    "Startup Cost": 1001.16,
                    "Total Cost": 953204.51,
                    "Plan Rows": 1024,
                    "Plan Width": 16,
                    "Output": [
                      "\"*SELECT* 1\".brand_id",
                      "\"*SELECT* 1\".class_id",
                      "\"*SELECT* 1\".category_id",
                      "(0)"
                    ],
                    "Plans": [
                      {
                        "Node Type": "Append",
                        "Parent Relationship": "Outer",
                        "Parallel Aware": false,
                        "Async Capable": false,
                        "Startup Cost": 1001.16,
                        "Total Cost": 953057.67,
                        "Plan Rows": 19579,
                        "Plan Width": 16,
                        "Subplans Removed": 0,
                        "Plans": [
                          {
                            "Node Type": "Result",
                            "Parent Relationship": "Member",
                            "Parallel Aware": false,
                            "Async Capable": false,
                            "Startup Cost": 1001.16,
                            "Total Cost": 763678.1,
                            "Plan Rows": 1024,
                            "Plan Width": 16,
                            "Output": [
                              "\"*SELECT* 1\".brand_id",
                              "\"*SELECT* 1\".class_id",
                              "\"*SELECT* 1\".category_id",
                              "0"
                            ],
                            "Plans": [
                              {
                                "Node Type": "SetOp",
                                "Strategy": "Hashed",
                                "Parent Relationship": "Outer",
                                "Parallel Aware": false,
                                "Async Capable": false,
                                "Command": "Intersect",
                                "Startup Cost": 1001.16,
                                "Total Cost": 763667.86,
                                "Plan Rows": 1024,
                                "Plan Width": 16,
                                "Output": [
                                  "\"*SELECT* 1\".brand_id",
                                  "\"*SELECT* 1\".class_id",
                                  "\"*SELECT* 1\".category_id",
                                  "(0)"
                                ],
                                "Plans": [
                                  {
                                    "Node Type": "Append",
                                    "Parent Relationship": "Outer",
                                    "Parallel Aware": false,
                                    "Async Capable": false,
                                    "Startup Cost": 1001.16,
                                    "Total Cost": 763651.33,
                                    "Plan Rows": 2204,
                                    "Plan Width": 16,
                                    "Subplans Removed": 0,
                                    "Plans": [
                                      {
                                        "Node Type": "Subquery Scan",
                                        "Parent Relationship": "Member",
                                        "Parallel Aware": false,
                                        "Async Capable": false,
                                        "Alias": "*SELECT* 1",
                                        "Startup Cost": 1001.16,
                                        "Total Cost": 407117.02,
                                        "Plan Rows": 1024,
                                        "Plan Width": 16,
                                        "Output": [
                                          "\"*SELECT* 1\".brand_id",
                                          "\"*SELECT* 1\".class_id",
                                          "\"*SELECT* 1\".category_id",
                                          "0"
                                        ],
                                        "Plans": [
                                          {
                                            "Node Type": "Gather",
                                            "Parent Relationship": "Subquery",
                                            "Parallel Aware": false,
                                            "Async Capable": false,
                                            "Startup Cost": 1001.16,
                                            "Total Cost": 407106.78,
                                            "Plan Rows": 1024,
                                            "Plan Width": 12,
                                            "Output": [
                                              "iss.i_brand_id",
                                              "iss.i_class_id",
                                              "iss.i_category_id"
                                            ],
                                            "Workers Planned": 2,
                                            "Single Copy": false,
                                            "Plans": [
                                              {
                                                "Node Type": "Nested Loop",
                                                "Parent Relationship": "Outer",
                                                "Parallel Aware": false,
                                                "Async Capable": false,
                                                "Join Type": "Inner",
                                                "Startup Cost": 1.16,
                                                "Total Cost": 406004.38,
                                                "Plan Rows": 427,
                                                "Plan Width": 12,
                                                "Output": [
                                                  "iss.i_brand_id",
                                                  "iss.i_class_id",
                                                  "iss.i_category_id"
                                                ],
                                                "Inner Unique": true,
                                                "Plans": [
                                                  {
                                                    "Node Type": "Nested Loop",
                                                    "Parent Relationship": "Outer",
                                                    "Parallel Aware": false,
                                                    "Async Capable": false,
                                                    "Join Type": "Inner",
                                                    "Startup Cost": 0.85,
                                                    "Total Cost": 402264.85,
                                                    "Plan Rows": 20833,
                                                    "Plan Width": 4,
                                                    "Output": [
                                                      "store_sales_2.ss_item_sk"
                                                    ],
                                                    "Inner Unique": false,
                                                    "Plans": [
                                                      {
                                                        "Node Type": "Index Only Scan",
                                                        "Parent Relationship": "Outer",
                                                        "Parallel Aware": true,
                                                        "Async Capable": false,
                                                        "Scan Direction": "Forward",
                                                        "Index Name": "_dta_index_date_dim_6_661577395__k1_k7_k9",
                                                        "Relation Name": "date_dim",
                                                        "Schema": "public",
                                                        "Alias": "d1",
                                                        "Startup Cost": 0.29,
                                                        "Total Cost": 1863.25,
                                                        "Plan Rows": 446,
                                                        "Plan Width": 4,
                                                        "Output": [
                                                          "d1.d_date_sk",
                                                          "d1.d_year",
                                                          "d1.d_moy"
                                                        ],
                                                        "Index Cond": "((d1.d_year >= 1999) AND (d1.d_year <= 2001))"
                                                      },
                                                      {
                                                        "Node Type": "Index Only Scan",
                                                        "Parent Relationship": "Inner",
                                                        "Parallel Aware": false,
                                                        "Async Capable": false,
                                                        "Scan Direction": "Forward",
                                                        "Index Name": "_dta_index_store_sales_6_1333579789__k1_k23_k14_k6_k8_k5_k7_3_4",
                                                        "Relation Name": "store_sales",
                                                        "Schema": "public",
                                                        "Alias": "store_sales_2",
                                                        "Startup Cost": 0.56,
                                                        "Total Cost": 881.13,
                                                        "Plan Rows": 1663,
                                                        "Plan Width": 8,
                                                        "Output": [
                                                          "store_sales_2.ss_sold_date_sk",
                                                          "store_sales_2.ss_net_profit",
                                                          "store_sales_2.ss_sales_price",
                                                          "store_sales_2.ss_hdemo_sk",
                                                          "store_sales_2.ss_store_sk",
                                                          "store_sales_2.ss_cdemo_sk",
                                                          "store_sales_2.ss_addr_sk",
                                                          "store_sales_2.ss_item_sk",
                                                          "store_sales_2.ss_customer_sk",
                                                          "store_sales_2.ss_promo_sk",
                                                          "store_sales_2.ss_ticket_number",
                                                          "store_sales_2.ss_quantity",
                                                          "store_sales_2.ss_wholesale_cost",
                                                          "store_sales_2.ss_list_price",
                                                          "store_sales_2.ss_ext_sales_price",
                                                          "store_sales_2.ss_ext_wholesale_cost",
                                                          "store_sales_2.ss_coupon_amt"
                                                        ],
                                                        "Index Cond": "(store_sales_2.ss_sold_date_sk = d1.d_date_sk)",
                                                        "Filter": "((store_sales_2.ss_wholesale_cost >= '16'::numeric) AND (store_sales_2.ss_wholesale_cost <= '36'::numeric))"
                                                      }
                                                    ]
                                                  },
                                                  {
                                                    "Node Type": "Memoize",
                                                    "Parent Relationship": "Inner",
                                                    "Parallel Aware": false,
                                                    "Async Capable": false,
                                                    "Startup Cost": 0.3,
                                                    "Total Cost": 0.34,
                                                    "Plan Rows": 1,
                                                    "Plan Width": 16,
                                                    "Output": [
                                                      "iss.i_brand_id",
                                                      "iss.i_class_id",
                                                      "iss.i_category_id",
                                                      "iss.i_item_sk"
                                                    ],
                                                    "Cache Key": "store_sales_2.ss_item_sk",
                                                    "Cache Mode": "logical",
                                                    "Plans": [
                                                      {
                                                        "Node Type": "Index Scan",
                                                        "Parent Relationship": "Outer",
                                                        "Parallel Aware": false,
                                                        "Async Capable": false,
                                                        "Scan Direction": "Forward",
                                                        "Index Name": "item_pkey",
                                                        "Relation Name": "item",
                                                        "Schema": "public",
                                                        "Alias": "iss",
                                                        "Startup Cost": 0.29,
                                                        "Total Cost": 0.33,
                                                        "Plan Rows": 1,
                                                        "Plan Width": 16,
                                                        "Output": [
                                                          "iss.i_brand_id",
                                                          "iss.i_class_id",
                                                          "iss.i_category_id",
                                                          "iss.i_item_sk"
                                                        ],
                                                        "Index Cond": "(iss.i_item_sk = store_sales_2.ss_item_sk)",
                                                        "Filter": "((iss.i_manager_id >= 91) AND (iss.i_manager_id <= 100) AND (iss.i_category = ANY ('{Children,Music,Women}'::bpchar[])))"
                                                      }
                                                    ]
                                                  }
                                                ]
                                              }
                                            ]
                                          }
                                        ]
                                      },
                                      {
                                        "Node Type": "Subquery Scan",
                                        "Parent Relationship": "Member",
                                        "Parallel Aware": false,
                                        "Async Capable": false,
                                        "Alias": "*SELECT* 2",
                                        "Startup Cost": 1001.03,
                                        "Total Cost": 356523.29,
                                        "Plan Rows": 1180,
                                        "Plan Width": 16,
                                        "Output": [
                                          "\"*SELECT* 2\".i_brand_id",
                                          "\"*SELECT* 2\".i_class_id",
                                          "\"*SELECT* 2\".i_category_id",
                                          "1"
                                        ],
                                        "Plans": [
                                          {
                                            "Node Type": "Gather",
                                            "Parent Relationship": "Subquery",
                                            "Parallel Aware": false,
                                            "Async Capable": false,
                                            "Startup Cost": 1001.03,
                                            "Total Cost": 356511.49,
                                            "Plan Rows": 1180,
                                            "Plan Width": 12,
                                            "Output": [
                                              "ics.i_brand_id",
                                              "ics.i_class_id",
                                              "ics.i_category_id"
                                            ],
                                            "Workers Planned": 2,
                                            "Single Copy": false,
                                            "Plans": [
                                              {
                                                "Node Type": "Nested Loop",
                                                "Parent Relationship": "Outer",
                                                "Parallel Aware": false,
                                                "Async Capable": false,
                                                "Join Type": "Inner",
                                                "Startup Cost": 1.03,
                                                "Total Cost": 355393.49,
                                                "Plan Rows": 492,
                                                "Plan Width": 12,
                                                "Output": [
                                                  "ics.i_brand_id",
                                                  "ics.i_class_id",
                                                  "ics.i_category_id"
                                                ],
                                                "Inner Unique": true,
                                                "Plans": [
                                                  {
                                                    "Node Type": "Nested Loop",
                                                    "Parent Relationship": "Outer",
                                                    "Parallel Aware": false,
                                                    "Async Capable": false,
                                                    "Join Type": "Inner",
                                                    "Startup Cost": 0.73,
                                                    "Total Cost": 351611.33,
                                                    "Plan Rows": 24002,
                                                    "Plan Width": 4,
                                                    "Output": [
                                                      "catalog_sales.cs_item_sk"
                                                    ],
                                                    "Inner Unique": false,
                                                    "Plans": [
                                                      {
                                                        "Node Type": "Index Only Scan",
                                                        "Parent Relationship": "Outer",
                                                        "Parallel Aware": true,
                                                        "Async Capable": false,
                                                        "Scan Direction": "Forward",
                                                        "Index Name": "_dta_index_date_dim_6_661577395__k1_k7_k9",
                                                        "Relation Name": "date_dim",
                                                        "Schema": "public",
                                                        "Alias": "d2",
                                                        "Startup Cost": 0.29,
                                                        "Total Cost": 1863.25,
                                                        "Plan Rows": 446,
                                                        "Plan Width": 4,
                                                        "Output": [
                                                          "d2.d_date_sk",
                                                          "d2.d_year",
                                                          "d2.d_moy"
                                                        ],
                                                        "Index Cond": "((d2.d_year >= 1999) AND (d2.d_year <= 2001))"
                                                      },
                                                      {
                                                        "Node Type": "Index Scan",
                                                        "Parent Relationship": "Inner",
                                                        "Parallel Aware": false,
                                                        "Async Capable": false,
                                                        "Scan Direction": "Forward",
                                                        "Index Name": "_dta_index_catalog_sales_6_1301579675__k1_4",
                                                        "Relation Name": "catalog_sales",
                                                        "Schema": "public",
                                                        "Alias": "catalog_sales",
                                                        "Startup Cost": 0.43,
                                                        "Total Cost": 765.7,
                                                        "Plan Rows": 1849,
                                                        "Plan Width": 8,
                                                        "Output": [
                                                          "catalog_sales.cs_sold_date_sk",
                                                          "catalog_sales.cs_sold_time_sk",
                                                          "catalog_sales.cs_ship_date_sk",
                                                          "catalog_sales.cs_bill_customer_sk",
                                                          "catalog_sales.cs_bill_cdemo_sk",
                                                          "catalog_sales.cs_bill_hdemo_sk",
                                                          "catalog_sales.cs_bill_addr_sk",
                                                          "catalog_sales.cs_ship_customer_sk",
                                                          "catalog_sales.cs_ship_cdemo_sk",
                                                          "catalog_sales.cs_ship_hdemo_sk",
                                                          "catalog_sales.cs_ship_addr_sk",
                                                          "catalog_sales.cs_call_center_sk",
                                                          "catalog_sales.cs_catalog_page_sk",
                                                          "catalog_sales.cs_ship_mode_sk",
                                                          "catalog_sales.cs_warehouse_sk",
                                                          "catalog_sales.cs_item_sk",
                                                          "catalog_sales.cs_promo_sk",
                                                          "catalog_sales.cs_order_number",
                                                          "catalog_sales.cs_quantity",
                                                          "catalog_sales.cs_wholesale_cost",
                                                          "catalog_sales.cs_list_price",
                                                          "catalog_sales.cs_sales_price",
                                                          "catalog_sales.cs_ext_discount_amt",
                                                          "catalog_sales.cs_ext_sales_price",
                                                          "catalog_sales.cs_ext_wholesale_cost",
                                                          "catalog_sales.cs_ext_list_price",
                                                          "catalog_sales.cs_ext_tax",
                                                          "catalog_sales.cs_coupon_amt",
                                                          "catalog_sales.cs_ext_ship_cost",
                                                          "catalog_sales.cs_net_paid",
                                                          "catalog_sales.cs_net_paid_inc_tax",
                                                          "catalog_sales.cs_net_paid_inc_ship",
                                                          "catalog_sales.cs_net_paid_inc_ship_tax",
                                                          "catalog_sales.cs_net_profit"
                                                        ],
                                                        "Index Cond": "(catalog_sales.cs_sold_date_sk = d2.d_date_sk)",
                                                        "Filter": "((catalog_sales.cs_wholesale_cost >= '16'::numeric) AND (catalog_sales.cs_wholesale_cost <= '36'::numeric))"
                                                      }
                                                    ]
                                                  },
                                                  {
                                                    "Node Type": "Memoize",
                                                    "Parent Relationship": "Inner",
                                                    "Parallel Aware": false,
                                                    "Async Capable": false,
                                                    "Startup Cost": 0.3,
                                                    "Total Cost": 0.34,
                                                    "Plan Rows": 1,
                                                    "Plan Width": 16,
                                                    "Output": [
                                                      "ics.i_brand_id",
                                                      "ics.i_class_id",
                                                      "ics.i_category_id",
                                                      "ics.i_item_sk"
                                                    ],
                                                    "Cache Key": "catalog_sales.cs_item_sk",
                                                    "Cache Mode": "logical",
                                                    "Plans": [
                                                      {
                                                        "Node Type": "Index Scan",
                                                        "Parent Relationship": "Outer",
                                                        "Parallel Aware": false,
                                                        "Async Capable": false,
                                                        "Scan Direction": "Forward",
                                                        "Index Name": "item_pkey",
                                                        "Relation Name": "item",
                                                        "Schema": "public",
                                                        "Alias": "ics",
                                                        "Startup Cost": 0.29,
                                                        "Total Cost": 0.33,
                                                        "Plan Rows": 1,
                                                        "Plan Width": 16,
                                                        "Output": [
                                                          "ics.i_brand_id",
                                                          "ics.i_class_id",
                                                          "ics.i_category_id",
                                                          "ics.i_item_sk"
                                                        ],
                                                        "Index Cond": "(ics.i_item_sk = catalog_sales.cs_item_sk)",
                                                        "Filter": "((ics.i_manager_id >= 91) AND (ics.i_manager_id <= 100) AND (ics.i_category = ANY ('{Children,Music,Women}'::bpchar[])))"
                                                      }
                                                    ]
                                                  }
                                                ]
                                              }
                                            ]
                                          }
                                        ]
                                      }
                                    ]
                                  }
                                ]
                              }
                            ]
                          },
                          {
                            "Node Type": "Subquery Scan",
                            "Parent Relationship": "Member",
                            "Parallel Aware": false,
                            "Async Capable": false,
                            "Alias": "*SELECT* 3",
                            "Startup Cost": 1001.02,
                            "Total Cost": 189281.67,
                            "Plan Rows": 18555,
                            "Plan Width": 16,
                            "Output": [
                              "\"*SELECT* 3\".i_brand_id",
                              "\"*SELECT* 3\".i_class_id",
                              "\"*SELECT* 3\".i_category_id",
                              "1"
                            ],
                            "Plans": [
                              {
                                "Node Type": "Gather",
                                "Parent Relationship": "Subquery",
                                "Parallel Aware": false,
                                "Async Capable": false,
                                "Startup Cost": 1001.02,
                                "Total Cost": 189096.12,
                                "Plan Rows": 18555,
                                "Plan Width": 12,
                                "Output": [
                                  "iws.i_brand_id",
                                  "iws.i_class_id",
                                  "iws.i_category_id"
                                ],
                                "Workers Planned": 2,
                                "Single Copy": false,
                                "Plans": [
                                  {
                                    "Node Type": "Nested Loop",
                                    "Parent Relationship": "Outer",
                                    "Parallel Aware": false,
                                    "Async Capable": false,
                                    "Join Type": "Inner",
                                    "Startup Cost": 1.02,
                                    "Total Cost": 186240.62,
                                    "Plan Rows": 7731,
                                    "Plan Width": 12,
                                    "Output": [
                                      "iws.i_brand_id",
                                      "iws.i_class_id",
                                      "iws.i_category_id"
                                    ],
                                    "Inner Unique": true,
                                    "Plans": [
                                      {
                                        "Node Type": "Nested Loop",
                                        "Parent Relationship": "Outer",
                                        "Parallel Aware": false,
                                        "Async Capable": false,
                                        "Join Type": "Inner",
                                        "Startup Cost": 0.72,
                                        "Total Cost": 183666.88,
                                        "Plan Rows": 7731,
                                        "Plan Width": 4,
                                        "Output": [
                                          "web_sales.ws_item_sk"
                                        ],
                                        "Inner Unique": false,
                                        "Plans": [
                                          {
                                            "Node Type": "Index Only Scan",
                                            "Parent Relationship": "Outer",
                                            "Parallel Aware": true,
                                            "Async Capable": false,
                                            "Scan Direction": "Forward",
                                            "Index Name": "_dta_index_date_dim_6_661577395__k1_k7_k9",
                                            "Relation Name": "date_dim",
                                            "Schema": "public",
                                            "Alias": "d3",
                                            "Startup Cost": 0.29,
                                            "Total Cost": 1863.25,
                                            "Plan Rows": 446,
                                            "Plan Width": 4,
                                            "Output": [
                                              "d3.d_date_sk",
                                              "d3.d_year",
                                              "d3.d_moy"
                                            ],
                                            "Index Cond": "((d3.d_year >= 1999) AND (d3.d_year <= 2001))"
                                          },
                                          {
                                            "Node Type": "Index Scan",
                                            "Parent Relationship": "Inner",
                                            "Parallel Aware": false,
                                            "Async Capable": false,
                                            "Scan Direction": "Forward",
                                            "Index Name": "_dta_index_web_sales_6_1269579561__k1_8_24",
                                            "Relation Name": "web_sales",
                                            "Schema": "public",
                                            "Alias": "web_sales",
                                            "Startup Cost": 0.43,
                                            "Total Cost": 401.67,
                                            "Plan Rows": 596,
                                            "Plan Width": 8,
                                            "Output": [
                                              "web_sales.ws_sold_date_sk",
                                              "web_sales.ws_sold_time_sk",
                                              "web_sales.ws_ship_date_sk",
                                              "web_sales.ws_item_sk",
                                              "web_sales.ws_bill_customer_sk",
                                              "web_sales.ws_bill_cdemo_sk",
                                              "web_sales.ws_bill_hdemo_sk",
                                              "web_sales.ws_bill_addr_sk",
                                              "web_sales.ws_ship_customer_sk",
                                              "web_sales.ws_ship_cdemo_sk",
                                              "web_sales.ws_ship_hdemo_sk",
                                              "web_sales.ws_ship_addr_sk",
                                              "web_sales.ws_web_page_sk",
                                              "web_sales.ws_web_site_sk",
                                              "web_sales.ws_ship_mode_sk",
                                              "web_sales.ws_warehouse_sk",
                                              "web_sales.ws_promo_sk",
                                              "web_sales.ws_order_number",
                                              "web_sales.ws_quantity",
                                              "web_sales.ws_wholesale_cost",
                                              "web_sales.ws_list_price",
                                              "web_sales.ws_sales_price",
                                              "web_sales.ws_ext_discount_amt",
                                              "web_sales.ws_ext_sales_price",
                                              "web_sales.ws_ext_wholesale_cost",
                                              "web_sales.ws_ext_list_price",
                                              "web_sales.ws_ext_tax",
                                              "web_sales.ws_coupon_amt",
                                              "web_sales.ws_ext_ship_cost",
                                              "web_sales.ws_net_paid",
                                              "web_sales.ws_net_paid_inc_tax",
                                              "web_sales.ws_net_paid_inc_ship",
                                              "web_sales.ws_net_paid_inc_ship_tax",
                                              "web_sales.ws_net_profit"
                                            ],
                                            "Index Cond": "(web_sales.ws_sold_date_sk = d3.d_date_sk)",
                                            "Filter": "((web_sales.ws_wholesale_cost >= '16'::numeric) AND (web_sales.ws_wholesale_cost <= '36'::numeric))"
                                          }
                                        ]
                                      },
                                      {
                                        "Node Type": "Index Scan",
                                        "Parent Relationship": "Inner",
                                        "Parallel Aware": false,
                                        "Async Capable": false,
                                        "Scan Direction": "Forward",
                                        "Index Name": "item_pkey",
                                        "Relation Name": "item",
                                        "Schema": "public",
                                        "Alias": "iws",
                                        "Startup Cost": 0.29,
                                        "Total Cost": 0.33,
                                        "Plan Rows": 1,
                                        "Plan Width": 16,
                                        "Output": [
                                          "iws.i_item_sk",
                                          "iws.i_item_id",
                                          "iws.i_rec_start_date",
                                          "iws.i_rec_end_date",
                                          "iws.i_item_desc",
                                          "iws.i_current_price",
                                          "iws.i_wholesale_cost",
                                          "iws.i_brand_id",
                                          "iws.i_brand",
                                          "iws.i_class_id",
                                          "iws.i_class",
                                          "iws.i_category_id",
                                          "iws.i_category",
                                          "iws.i_manufact_id",
                                          "iws.i_manufact",
                                          "iws.i_size",
                                          "iws.i_formulation",
                                          "iws.i_color",
                                          "iws.i_units",
                                          "iws.i_container",
                                          "iws.i_manager_id",
                                          "iws.i_product_name"
                                        ],
                                        "Index Cond": "(iws.i_item_sk = web_sales.ws_item_sk)"
                                      }
                                    ]
                                  }
                                ]
                              }
                            ]
                          }
                        ]
                      }
                    ]
                  }
                ]
              },
              {
                "Node Type": "Hash",
                "Parent Relationship": "Inner",
                "Parallel Aware": false,
                "Async Capable": false,
                "Startup Cost": 8882.5,
                "Total Cost": 8882.5,
                "Plan Rows": 2089,
                "Plan Width": 16,
                "Output": [
                  "item_2.i_item_sk",
                  "item_2.i_brand_id",
                  "item_2.i_class_id",
                  "item_2.i_category_id"
                ],
                "Plans": [
                  {
                    "Node Type": "Seq Scan",
                    "Parent Relationship": "Outer",
                    "Parallel Aware": false,
                    "Async Capable": false,
                    "Relation Name": "item",
                    "Schema": "public",
                    "Alias": "item_2",
                    "Startup Cost": 0.0,
                    "Total Cost": 8882.5,
                    "Plan Rows": 2089,
                    "Plan Width": 16,
                    "Output": [
                      "item_2.i_item_sk",
                      "item_2.i_brand_id",
                      "item_2.i_class_id",
                      "item_2.i_category_id"
                    ],
                    "Filter": "((item_2.i_manager_id >= 91) AND (item_2.i_manager_id <= 100) AND (item_2.i_category = ANY ('{Children,Music,Women}'::bpchar[])))"
                  }
                ]
              }
            ]
          },
          {
            "Node Type": "Aggregate",
            "Strategy": "Plain",
            "Partial Mode": "Finalize",
            "Parent Relationship": "InitPlan",
            "Subplan Name": "CTE avg_sales",
            "Parallel Aware": false,
            "Async Capable": false,
            "Startup Cost": 941381.86,
            "Total Cost": 941381.87,
            "Plan Rows": 1,
            "Plan Width": 32,
            "Output": [
              "avg(((store_sales_3.ss_quantity)::numeric * store_sales_3.ss_list_price))"
            ],
            "Plans": [
              {
                "Node Type": "Gather",
                "Parent Relationship": "Outer",
                "Parallel Aware": false,
                "Async Capable": false,
                "Startup Cost": 941381.64,
                "Total Cost": 941381.85,
                "Plan Rows": 2,
                "Plan Width": 32,
                "Output": [
                  "(PARTIAL avg(((store_sales_3.ss_quantity)::numeric * store_sales_3.ss_list_price)))"
                ],
                "Workers Planned": 2,
                "Single Copy": false,
                "Plans": [
                  {
                    "Node Type": "Aggregate",
                    "Strategy": "Plain",
                    "Partial Mode": "Partial",
                    "Parent Relationship": "Outer",
                    "Parallel Aware": false,
                    "Async Capable": false,
                    "Startup Cost": 940381.64,
                    "Total Cost": 940381.65,
                    "Plan Rows": 1,
                    "Plan Width": 32,
                    "Output": [
                      "PARTIAL avg(((store_sales_3.ss_quantity)::numeric * store_sales_3.ss_list_price))"
                    ],
                    "Plans": [
                      {
                        "Node Type": "Append",
                        "Parent Relationship": "Outer",
                        "Parallel Aware": true,
                        "Async Capable": false,
                        "Startup Cost": 0.73,
                        "Total Cost": 939435.44,
                        "Plan Rows": 126159,
                        "Plan Width": 10,
                        "Subplans Removed": 0,
                        "Plans": [
                          {
                            "Node Type": "Nested Loop",
                            "Parent Relationship": "Member",
                            "Parallel Aware": false,
                            "Async Capable": false,
                            "Join Type": "Inner",
                            "Startup Cost": 0.85,
                            "Total Cost": 402264.85,
                            "Plan Rows": 20833,
                            "Plan Width": 10,
                            "Output": [
                              "store_sales_3.ss_quantity",
                              "store_sales_3.ss_list_price"
                            ],
                            "Inner Unique": false,
                            "Plans": [
                              {
                                "Node Type": "Index Only Scan",
                                "Parent Relationship": "Outer",
                                "Parallel Aware": true,
                                "Async Capable": false,
                                "Scan Direction": "Forward",
                                "Index Name": "_dta_index_date_dim_6_661577395__k1_k7_k9",
                                "Relation Name": "date_dim",
                                "Schema": "public",
                                "Alias": "date_dim_2",
                                "Startup Cost": 0.29,
                                "Total Cost": 1863.25,
                                "Plan Rows": 446,
                                "Plan Width": 4,
                                "Output": [
                                  "date_dim_2.d_date_sk",
                                  "date_dim_2.d_year",
                                  "date_dim_2.d_moy"
                                ],
                                "Index Cond": "((date_dim_2.d_year >= 1999) AND (date_dim_2.d_year <= 2001))"
                              },
                              {
                                "Node Type": "Index Only Scan",
                                "Parent Relationship": "Inner",
                                "Parallel Aware": false,
                                "Async Capable": false,
                                "Scan Direction": "Forward",
                                "Index Name": "_dta_index_store_sales_6_1333579789__k1_k23_k14_k6_k8_k5_k7_3_4",
                                "Relation Name": "store_sales",
                                "Schema": "public",
                                "Alias": "store_sales_3",
                                "Startup Cost": 0.56,
                                "Total Cost": 881.13,
                                "Plan Rows": 1663,
                                "Plan Width": 14,
                                "Output": [
                                  "store_sales_3.ss_sold_date_sk",
                                  "store_sales_3.ss_net_profit",
                                  "store_sales_3.ss_sales_price",
                                  "store_sales_3.ss_hdemo_sk",
                                  "store_sales_3.ss_store_sk",
                                  "store_sales_3.ss_cdemo_sk",
                                  "store_sales_3.ss_addr_sk",
                                  "store_sales_3.ss_item_sk",
                                  "store_sales_3.ss_customer_sk",
                                  "store_sales_3.ss_promo_sk",
                                  "store_sales_3.ss_ticket_number",
                                  "store_sales_3.ss_quantity",
                                  "store_sales_3.ss_wholesale_cost",
                                  "store_sales_3.ss_list_price",
                                  "store_sales_3.ss_ext_sales_price",
                                  "store_sales_3.ss_ext_wholesale_cost",
                                  "store_sales_3.ss_coupon_amt"
                                ],
                                "Index Cond": "(store_sales_3.ss_sold_date_sk = date_dim_2.d_date_sk)",
                                "Filter": "((store_sales_3.ss_wholesale_cost >= '16'::numeric) AND (store_sales_3.ss_wholesale_cost <= '36'::numeric))"
                              }
                            ]
                          },
                          {
                            "Node Type": "Nested Loop",
                            "Parent Relationship": "Member",
                            "Parallel Aware": false,
                            "Async Capable": false,
                            "Join Type": "Inner",
                            "Startup Cost": 0.73,
                            "Total Cost": 351611.33,
                            "Plan Rows": 24002,
                            "Plan Width": 10,
                            "Output": [
                              "catalog_sales_1.cs_quantity",
                              "catalog_sales_1.cs_list_price"
                            ],
                            "Inner Unique": false,
                            "Plans": [
                              {
                                "Node Type": "Index Only Scan",
                                "Parent Relationship": "Outer",
                                "Parallel Aware": true,
                                "Async Capable": false,
                                "Scan Direction": "Forward",
                                "Index Name": "_dta_index_date_dim_6_661577395__k1_k7_k9",
                                "Relation Name": "date_dim",
                                "Schema": "public",
                                "Alias": "date_dim_3",
                                "Startup Cost": 0.29,
                                "Total Cost": 1863.25,
                                "Plan Rows": 446,
                                "Plan Width": 4,
                                "Output": [
                                  "date_dim_3.d_date_sk",
                                  "date_dim_3.d_year",
                                  "date_dim_3.d_moy"
                                ],
                                "Index Cond": "((date_dim_3.d_year >= 1999) AND (date_dim_3.d_year <= 2001))"
                              },
                              {
                                "Node Type": "Index Scan",
                                "Parent Relationship": "Inner",
                                "Parallel Aware": false,
                                "Async Capable": false,
                                "Scan Direction": "Forward",
                                "Index Name": "_dta_index_catalog_sales_6_1301579675__k1_4",
                                "Relation Name": "catalog_sales",
                                "Schema": "public",
                                "Alias": "catalog_sales_1",
                                "Startup Cost": 0.43,
                                "Total Cost": 765.7,
                                "Plan Rows": 1849,
                                "Plan Width": 14,
                                "Output": [
                                  "catalog_sales_1.cs_sold_date_sk",
                                  "catalog_sales_1.cs_sold_time_sk",
                                  "catalog_sales_1.cs_ship_date_sk",
                                  "catalog_sales_1.cs_bill_customer_sk",
                                  "catalog_sales_1.cs_bill_cdemo_sk",
                                  "catalog_sales_1.cs_bill_hdemo_sk",
                                  "catalog_sales_1.cs_bill_addr_sk",
                                  "catalog_sales_1.cs_ship_customer_sk",
                                  "catalog_sales_1.cs_ship_cdemo_sk",
                                  "catalog_sales_1.cs_ship_hdemo_sk",
                                  "catalog_sales_1.cs_ship_addr_sk",
                                  "catalog_sales_1.cs_call_center_sk",
                                  "catalog_sales_1.cs_catalog_page_sk",
                                  "catalog_sales_1.cs_ship_mode_sk",
                                  "catalog_sales_1.cs_warehouse_sk",
                                  "catalog_sales_1.cs_item_sk",
                                  "catalog_sales_1.cs_promo_sk",
                                  "catalog_sales_1.cs_order_number",
                                  "catalog_sales_1.cs_quantity",
                                  "catalog_sales_1.cs_wholesale_cost",
                                  "catalog_sales_1.cs_list_price",
                                  "catalog_sales_1.cs_sales_price",
                                  "catalog_sales_1.cs_ext_discount_amt",
                                  "catalog_sales_1.cs_ext_sales_price",
                                  "catalog_sales_1.cs_ext_wholesale_cost",
                                  "catalog_sales_1.cs_ext_list_price",
                                  "catalog_sales_1.cs_ext_tax",
                                  "catalog_sales_1.cs_coupon_amt",
                                  "catalog_sales_1.cs_ext_ship_cost",
                                  "catalog_sales_1.cs_net_paid",
                                  "catalog_sales_1.cs_net_paid_inc_tax",
                                  "catalog_sales_1.cs_net_paid_inc_ship",
                                  "catalog_sales_1.cs_net_paid_inc_ship_tax",
                                  "catalog_sales_1.cs_net_profit"
                                ],
                                "Index Cond": "(catalog_sales_1.cs_sold_date_sk = date_dim_3.d_date_sk)",
                                "Filter": "((catalog_sales_1.cs_wholesale_cost >= '16'::numeric) AND (catalog_sales_1.cs_wholesale_cost <= '36'::numeric))"
                              }
                            ]
                          },
                          {
                            "Node Type": "Nested Loop",
                            "Parent Relationship": "Member",
                            "Parallel Aware": false,
                            "Async Capable": false,
                            "Join Type": "Inner",
                            "Startup Cost": 0.72,
                            "Total Cost": 183666.88,
                            "Plan Rows": 7731,
                            "Plan Width": 10,
                            "Output": [
                              "web_sales_1.ws_quantity",
                              "web_sales_1.ws_list_price"
                            ],
                            "Inner Unique": false,
                            "Plans": [
                              {
                                "Node Type": "Index Only Scan",
                                "Parent Relationship": "Outer",
                                "Parallel Aware": true,
                                "Async Capable": false,
                                "Scan Direction": "Forward",
                                "Index Name": "_dta_index_date_dim_6_661577395__k1_k7_k9",
                                "Relation Name": "date_dim",
                                "Schema": "public",
                                "Alias": "date_dim_4",
                                "Startup Cost": 0.29,
                                "Total Cost": 1863.25,
                                "Plan Rows": 446,
                                "Plan Width": 4,
                                "Output": [
                                  "date_dim_4.d_date_sk",
                                  "date_dim_4.d_year",
                                  "date_dim_4.d_moy"
                                ],
                                "Index Cond": "((date_dim_4.d_year >= 1999) AND (date_dim_4.d_year <= 2001))"
                              },
                              {
                                "Node Type": "Index Scan",
                                "Parent Relationship": "Inner",
                                "Parallel Aware": false,
                                "Async Capable": false,
                                "Scan Direction": "Forward",
                                "Index Name": "_dta_index_web_sales_6_1269579561__k1_8_24",
                                "Relation Name": "web_sales",
                                "Schema": "public",
                                "Alias": "web_sales_1",
                                "Startup Cost": 0.43,
                                "Total Cost": 401.67,
                                "Plan Rows": 596,
                                "Plan Width": 14,
                                "Output": [
                                  "web_sales_1.ws_sold_date_sk",
                                  "web_sales_1.ws_sold_time_sk",
                                  "web_sales_1.ws_ship_date_sk",
                                  "web_sales_1.ws_item_sk",
                                  "web_sales_1.ws_bill_customer_sk",
                                  "web_sales_1.ws_bill_cdemo_sk",
                                  "web_sales_1.ws_bill_hdemo_sk",
                                  "web_sales_1.ws_bill_addr_sk",
                                  "web_sales_1.ws_ship_customer_sk",
                                  "web_sales_1.ws_ship_cdemo_sk",
                                  "web_sales_1.ws_ship_hdemo_sk",
                                  "web_sales_1.ws_ship_addr_sk",
                                  "web_sales_1.ws_web_page_sk",
                                  "web_sales_1.ws_web_site_sk",
                                  "web_sales_1.ws_ship_mode_sk",
                                  "web_sales_1.ws_warehouse_sk",
                                  "web_sales_1.ws_promo_sk",
                                  "web_sales_1.ws_order_number",
                                  "web_sales_1.ws_quantity",
                                  "web_sales_1.ws_wholesale_cost",
                                  "web_sales_1.ws_list_price",
                                  "web_sales_1.ws_sales_price",
                                  "web_sales_1.ws_ext_discount_amt",
                                  "web_sales_1.ws_ext_sales_price",
                                  "web_sales_1.ws_ext_wholesale_cost",
                                  "web_sales_1.ws_ext_list_price",
                                  "web_sales_1.ws_ext_tax",
                                  "web_sales_1.ws_coupon_amt",
                                  "web_sales_1.ws_ext_ship_cost",
                                  "web_sales_1.ws_net_paid",
                                  "web_sales_1.ws_net_paid_inc_tax",
                                  "web_sales_1.ws_net_paid_inc_ship",
                                  "web_sales_1.ws_net_paid_inc_ship_tax",
                                  "web_sales_1.ws_net_profit"
                                ],
                                "Index Cond": "(web_sales_1.ws_sold_date_sk = date_dim_4.d_date_sk)",
                                "Filter": "((web_sales_1.ws_wholesale_cost >= '16'::numeric) AND (web_sales_1.ws_wholesale_cost <= '36'::numeric))"
                              }
                            ]
                          }
                        ]
                      }
                    ]
                  }
                ]
              }
            ]
          },
          {
            "Node Type": "Sort",
            "Parent Relationship": "Outer",
            "Parallel Aware": false,
            "Async Capable": false,
            "Startup Cost": 2745.56,
            "Total Cost": 2745.56,
            "Plan Rows": 1,
            "Plan Width": 168,
            "Output": [
              "('store'::text)",
              "item.i_brand_id",
              "item.i_class_id",
              "item.i_category_id",
              "(sum(((store_sales.ss_quantity)::numeric * store_sales.ss_list_price)))",
              "(count(*))",
              "('store'::text)",
              "item_1.i_brand_id",
              "item_1.i_class_id",
              "item_1.i_category_id",
              "(sum(((store_sales_1.ss_quantity)::numeric * store_sales_1.ss_list_price)))",
              "(count(*))"
            ],
            "Sort Key": [
              "('store'::text)",
              "item.i_brand_id",
              "item.i_class_id",
              "item.i_category_id"
            ],
            "Plans": [
              {
                "Node Type": "Nested Loop",
                "Parent Relationship": "Outer",
                "Parallel Aware": false,
                "Async Capable": false,
                "Join Type": "Inner",
                "Startup Cost": 2745.43,
                "Total Cost": 2745.55,
                "Plan Rows": 1,
                "Plan Width": 168,
                "Output": [
                  "('store'::text)",
                  "item.i_brand_id",
                  "item.i_class_id",
                  "item.i_category_id",
                  "(sum(((store_sales.ss_quantity)::numeric * store_sales.ss_list_price)))",
                  "(count(*))",
                  "('store'::text)",
                  "item_1.i_brand_id",
                  "item_1.i_class_id",
                  "item_1.i_category_id",
                  "(sum(((store_sales_1.ss_quantity)::numeric * store_sales_1.ss_list_price)))",
                  "(count(*))"
                ],
                "Inner Unique": true,
                "Join Filter": "((item.i_brand_id = item_1.i_brand_id) AND (item.i_class_id = item_1.i_class_id) AND (item.i_category_id = item_1.i_category_id))",
                "Plans": [
                  {
                    "Node Type": "Aggregate",
                    "Strategy": "Sorted",
                    "Partial Mode": "Simple",
                    "Parent Relationship": "Outer",
                    "Parallel Aware": false,
                    "Async Capable": false,
                    "Startup Cost": 1372.72,
                    "Total Cost": 1372.75,
                    "Plan Rows": 1,
                    "Plan Width": 84,
                    "Output": [
                      "'store'::text",
                      "item.i_brand_id",
                      "item.i_class_id",
                      "item.i_category_id",
                      "sum(((store_sales.ss_quantity)::numeric * store_sales.ss_list_price))",
                      "count(*)"
                    ],
                    "Group Key": [
                      "item.i_brand_id",
                      "item.i_class_id",
                      "item.i_category_id"
                    ],
                    "Filter": "(sum(((store_sales.ss_quantity)::numeric * store_sales.ss_list_price)) > $16)",
                    "Plans": [
                      {
                        "Node Type": "Index Scan",
                        "Parent Relationship": "InitPlan",
                        "Subplan Name": "InitPlan 3 (returns $15)",
                        "Parallel Aware": false,
                        "Async Capable": false,
                        "Scan Direction": "Forward",
                        "Index Name": "_dta_index_date_dim_6_661577395__k7_k9",
                        "Relation Name": "date_dim",
                        "Schema": "public",
                        "Alias": "date_dim_5",
                        "Startup Cost": 0.29,
                        "Total Cost": 59.72,
                        "Plan Rows": 1,
                        "Plan Width": 4,
                        "Output": [
                          "date_dim_5.d_week_seq"
                        ],
                        "Index Cond": "((date_dim_5.d_year = 2000) AND (date_dim_5.d_moy = 12))",
                        "Filter": "(date_dim_5.d_dom = 4)"
                      },
                      {
                        "Node Type": "CTE Scan",
                        "Parent Relationship": "InitPlan",
                        "Subplan Name": "InitPlan 4 (returns $16)",
                        "Parallel Aware": false,
                        "Async Capable": false,
                        "CTE Name": "avg_sales",
                        "Alias": "avg_sales",
                        "Startup Cost": 0.0,
                        "Total Cost": 0.02,
                        "Plan Rows": 1,
                        "Plan Width": 32,
                        "Output": [
                          "avg_sales.average_sales"
                        ]
                      },
                      {
                        "Node Type": "Sort",
                        "Parent Relationship": "Outer",
                        "Parallel Aware": false,
                        "Async Capable": false,
                        "Startup Cost": 1312.98,
                        "Total Cost": 1312.98,
                        "Plan Rows": 1,
                        "Plan Width": 22,
                        "Output": [
                          "item.i_brand_id",
                          "item.i_class_id",
                          "item.i_category_id",
                          "store_sales.ss_quantity",
                          "store_sales.ss_list_price"
                        ],
                        "Sort Key": [
                          "item.i_brand_id",
                          "item.i_class_id",
                          "item.i_category_id"
                        ],
                        "Plans": [
                          {
                            "Node Type": "Nested Loop",
                            "Parent Relationship": "Outer",
                            "Parallel Aware": false,
                            "Async Capable": false,
                            "Join Type": "Inner",
                            "Startup Cost": 25.42,
                            "Total Cost": 1312.97,
                            "Plan Rows": 1,
                            "Plan Width": 22,
                            "Output": [
                              "item.i_brand_id",
                              "item.i_class_id",
                              "item.i_category_id",
                              "store_sales.ss_quantity",
                              "store_sales.ss_list_price"
                            ],
                            "Inner Unique": true,
                            "Plans": [
                              {
                                "Node Type": "Nested Loop",
                                "Parent Relationship": "Outer",
                                "Parallel Aware": false,
                                "Async Capable": false,
                                "Join Type": "Inner",
                                "Startup Cost": 25.13,
                                "Total Cost": 1312.02,
                                "Plan Rows": 3,
                                "Plan Width": 26,
                                "Output": [
                                  "store_sales.ss_quantity",
                                  "store_sales.ss_list_price",
                                  "store_sales.ss_sold_date_sk",
                                  "item.i_brand_id",
                                  "item.i_class_id",
                                  "item.i_category_id"
                                ],
                                "Inner Unique": false,
                                "Plans": [
                                  {
                                    "Node Type": "Nested Loop",
                                    "Parent Relationship": "Outer",
                                    "Parallel Aware": false,
                                    "Async Capable": false,
                                    "Join Type": "Inner",
                                    "Startup Cost": 0.32,
                                    "Total Cost": 8.36,
                                    "Plan Rows": 1,
                                    "Plan Width": 20,
                                    "Output": [
                                      "item.i_brand_id",
                                      "item.i_class_id",
                                      "item.i_category_id",
                                      "item.i_item_sk",
                                      "cross_items.ss_item_sk"
                                    ],
                                    "Inner Unique": true,
                                    "Plans": [
                                      {
                                        "Node Type": "Aggregate",
                                        "Strategy": "Hashed",
                                        "Partial Mode": "Simple",
                                        "Parent Relationship": "Outer",
                                        "Parallel Aware": false,
                                        "Async Capable": false,
                                        "Startup Cost": 0.02,
                                        "Total Cost": 0.03,
                                        "Plan Rows": 1,
                                        "Plan Width": 4,
                                        "Output": [
                                          "cross_items.ss_item_sk"
                                        ],
                                        "Group Key": [
                                          "cross_items.ss_item_sk"
                                        ],
                                        "Planned Partitions": 0,
                                        "Plans": [
                                          {
                                            "Node Type": "CTE Scan",
                                            "Parent Relationship": "Outer",
                                            "Parallel Aware": false,
                                            "Async Capable": false,
                                            "CTE Name": "cross_items",
                                            "Alias": "cross_items",
                                            "Startup Cost": 0.0,
                                            "Total Cost": 0.02,
                                            "Plan Rows": 1,
                                            "Plan Width": 4,
                                            "Output": [
                                              "cross_items.ss_item_sk"
                                            ]
                                          }
                                        ]
                                      },
                                      {
                                        "Node Type": "Index Scan",
                                        "Parent Relationship": "Inner",
                                        "Parallel Aware": false,
                                        "Async Capable": false,
                                        "Scan Direction": "Forward",
                                        "Index Name": "item_pkey",
                                        "Relation Name": "item",
                                        "Schema": "public",
                                        "Alias": "item",
                                        "Startup Cost": 0.29,
                                        "Total Cost": 8.32,
                                        "Plan Rows": 1,
                                        "Plan Width": 16,
                                        "Output": [
                                          "item.i_item_sk",
                                          "item.i_item_id",
                                          "item.i_rec_start_date",
                                          "item.i_rec_end_date",
                                          "item.i_item_desc",
                                          "item.i_current_price",
                                          "item.i_wholesale_cost",
                                          "item.i_brand_id",
                                          "item.i_brand",
                                          "item.i_class_id",
                                          "item.i_class",
                                          "item.i_category_id",
                                          "item.i_category",
                                          "item.i_manufact_id",
                                          "item.i_manufact",
                                          "item.i_size",
                                          "item.i_formulation",
                                          "item.i_color",
                                          "item.i_units",
                                          "item.i_container",
                                          "item.i_manager_id",
                                          "item.i_product_name"
                                        ],
                                        "Index Cond": "(item.i_item_sk = cross_items.ss_item_sk)",
                                        "Filter": "((item.i_manager_id >= 91) AND (item.i_manager_id <= 100) AND (item.i_category = ANY ('{Children,Music,Women}'::bpchar[])))"
                                      }
                                    ]
                                  },
                                  {
                                    "Node Type": "Bitmap Heap Scan",
                                    "Parent Relationship": "Inner",
                                    "Parallel Aware": false,
                                    "Async Capable": false,
                                    "Relation Name": "store_sales",
                                    "Schema": "public",
                                    "Alias": "store_sales",
                                    "Startup Cost": 24.82,
                                    "Total Cost": 1302.15,
                                    "Plan Rows": 151,
                                    "Plan Width": 18,
                                    "Output": [
                                      "store_sales.ss_sold_date_sk",
                                      "store_sales.ss_sold_time_sk",
                                      "store_sales.ss_item_sk",
                                      "store_sales.ss_customer_sk",
                                      "store_sales.ss_cdemo_sk",
                                      "store_sales.ss_hdemo_sk",
                                      "store_sales.ss_addr_sk",
                                      "store_sales.ss_store_sk",
                                      "store_sales.ss_promo_sk",
                                      "store_sales.ss_ticket_number",
                                      "store_sales.ss_quantity",
                                      "store_sales.ss_wholesale_cost",
                                      "store_sales.ss_list_price",
                                      "store_sales.ss_sales_price",
                                      "store_sales.ss_ext_discount_amt",
                                      "store_sales.ss_ext_sales_price",
                                      "store_sales.ss_ext_wholesale_cost",
                                      "store_sales.ss_ext_list_price",
                                      "store_sales.ss_ext_tax",
                                      "store_sales.ss_coupon_amt",
                                      "store_sales.ss_net_paid",
                                      "store_sales.ss_net_paid_inc_tax",
                                      "store_sales.ss_net_profit"
                                    ],
                                    "Recheck Cond": "(store_sales.ss_item_sk = item.i_item_sk)",
                                    "Filter": "((store_sales.ss_wholesale_cost >= '16'::numeric) AND (store_sales.ss_wholesale_cost <= '36'::numeric))",
                                    "Plans": [
                                      {
                                        "Node Type": "Bitmap Index Scan",
                                        "Parent Relationship": "Outer",
                                        "Parallel Aware": false,
                                        "Async Capable": false,
                                        "Index Name": "store_sales_pkey",
                                        "Startup Cost": 0.0,
                                        "Total Cost": 24.78,
                                        "Plan Rows": 1219,
                                        "Plan Width": 0,
                                        "Index Cond": "(store_sales.ss_item_sk = item.i_item_sk)"
                                      }
                                    ]
                                  }
                                ]
                              },
                              {
                                "Node Type": "Index Scan",
                                "Parent Relationship": "Inner",
                                "Parallel Aware": false,
                                "Async Capable": false,
                                "Scan Direction": "Forward",
                                "Index Name": "date_dim_pkey",
                                "Relation Name": "date_dim",
                                "Schema": "public",
                                "Alias": "date_dim",
                                "Startup Cost": 0.29,
                                "Total Cost": 0.31,
                                "Plan Rows": 1,
                                "Plan Width": 4,
                                "Output": [
                                  "date_dim.d_date_sk",
                                  "date_dim.d_date_id",
                                  "date_dim.d_date",
                                  "date_dim.d_month_seq",
                                  "date_dim.d_week_seq",
                                  "date_dim.d_quarter_seq",
                                  "date_dim.d_year",
                                  "date_dim.d_dow",
                                  "date_dim.d_moy",
                                  "date_dim.d_dom",
                                  "date_dim.d_qoy",
                                  "date_dim.d_fy_year",
                                  "date_dim.d_fy_quarter_seq",
                                  "date_dim.d_fy_week_seq",
                                  "date_dim.d_day_name",
                                  "date_dim.d_quarter_name",
                                  "date_dim.d_holiday",
                                  "date_dim.d_weekend",
                                  "date_dim.d_following_holiday",
                                  "date_dim.d_first_dom",
                                  "date_dim.d_last_dom",
                                  "date_dim.d_same_day_ly",
                                  "date_dim.d_same_day_lq",
                                  "date_dim.d_current_day",
                                  "date_dim.d_current_week",
                                  "date_dim.d_current_month",
                                  "date_dim.d_current_quarter",
                                  "date_dim.d_current_year"
                                ],
                                "Index Cond": "(date_dim.d_date_sk = store_sales.ss_sold_date_sk)",
                                "Filter": "(date_dim.d_week_seq = $15)"
                              }
                            ]
                          }
                        ]
                      }
                    ]
                  },
                  {
                    "Node Type": "Aggregate",
                    "Strategy": "Sorted",
                    "Partial Mode": "Simple",
                    "Parent Relationship": "Inner",
                    "Parallel Aware": false,
                    "Async Capable": false,
                    "Startup Cost": 1372.72,
                    "Total Cost": 1372.75,
                    "Plan Rows": 1,
                    "Plan Width": 84,
                    "Output": [
                      "'store'::text",
                      "item_1.i_brand_id",
                      "item_1.i_class_id",
                      "item_1.i_category_id",
                      "sum(((store_sales_1.ss_quantity)::numeric * store_sales_1.ss_list_price))",
                      "count(*)"
                    ],
                    "Group Key": [
                      "item_1.i_brand_id",
                      "item_1.i_class_id",
                      "item_1.i_category_id"
                    ],
                    "Filter": "(sum(((store_sales_1.ss_quantity)::numeric * store_sales_1.ss_list_price)) > $18)",
                    "Plans": [
                      {
                        "Node Type": "Index Scan",
                        "Parent Relationship": "InitPlan",
                        "Subplan Name": "InitPlan 5 (returns $17)",
                        "Parallel Aware": false,
                        "Async Capable": false,
                        "Scan Direction": "Forward",
                        "Index Name": "_dta_index_date_dim_6_661577395__k7_k9",
                        "Relation Name": "date_dim",
                        "Schema": "public",
                        "Alias": "date_dim_6",
                        "Startup Cost": 0.29,
                        "Total Cost": 59.72,
                        "Plan Rows": 1,
                        "Plan Width": 4,
                        "Output": [
                          "date_dim_6.d_week_seq"
                        ],
                        "Index Cond": "((date_dim_6.d_year = 1999) AND (date_dim_6.d_moy = 12))",
                        "Filter": "(date_dim_6.d_dom = 4)"
                      },
                      {
                        "Node Type": "CTE Scan",
                        "Parent Relationship": "InitPlan",
                        "Subplan Name": "InitPlan 6 (returns $18)",
                        "Parallel Aware": false,
                        "Async Capable": false,
                        "CTE Name": "avg_sales",
                        "Alias": "avg_sales_1",
                        "Startup Cost": 0.0,
                        "Total Cost": 0.02,
                        "Plan Rows": 1,
                        "Plan Width": 32,
                        "Output": [
                          "avg_sales_1.average_sales"
                        ]
                      },
                      {
                        "Node Type": "Sort",
                        "Parent Relationship": "Outer",
                        "Parallel Aware": false,
                        "Async Capable": false,
                        "Startup Cost": 1312.98,
                        "Total Cost": 1312.98,
                        "Plan Rows": 1,
                        "Plan Width": 22,
                        "Output": [
                          "item_1.i_brand_id",
                          "item_1.i_class_id",
                          "item_1.i_category_id",
                          "store_sales_1.ss_quantity",
                          "store_sales_1.ss_list_price"
                        ],
                        "Sort Key": [
                          "item_1.i_brand_id",
                          "item_1.i_class_id",
                          "item_1.i_category_id"
                        ],
                        "Plans": [
                          {
                            "Node Type": "Nested Loop",
                            "Parent Relationship": "Outer",
                            "Parallel Aware": false,
                            "Async Capable": false,
                            "Join Type": "Inner",
                            "Startup Cost": 25.42,
                            "Total Cost": 1312.97,
                            "Plan Rows": 1,
                            "Plan Width": 22,
                            "Output": [
                              "item_1.i_brand_id",
                              "item_1.i_class_id",
                              "item_1.i_category_id",
                              "store_sales_1.ss_quantity",
                              "store_sales_1.ss_list_price"
                            ],
                            "Inner Unique": true,
                            "Plans": [
                              {
                                "Node Type": "Nested Loop",
                                "Parent Relationship": "Outer",
                                "Parallel Aware": false,
                                "Async Capable": false,
                                "Join Type": "Inner",
                                "Startup Cost": 25.13,
                                "Total Cost": 1312.02,
                                "Plan Rows": 3,
                                "Plan Width": 26,
                                "Output": [
                                  "store_sales_1.ss_quantity",
                                  "store_sales_1.ss_list_price",
                                  "store_sales_1.ss_sold_date_sk",
                                  "item_1.i_brand_id",
                                  "item_1.i_class_id",
                                  "item_1.i_category_id"
                                ],
                                "Inner Unique": false,
                                "Plans": [
                                  {
                                    "Node Type": "Nested Loop",
                                    "Parent Relationship": "Outer",
                                    "Parallel Aware": false,
                                    "Async Capable": false,
                                    "Join Type": "Inner",
                                    "Startup Cost": 0.32,
                                    "Total Cost": 8.36,
                                    "Plan Rows": 1,
                                    "Plan Width": 20,
                                    "Output": [
                                      "item_1.i_brand_id",
                                      "item_1.i_class_id",
                                      "item_1.i_category_id",
                                      "item_1.i_item_sk",
                                      "cross_items_1.ss_item_sk"
                                    ],
                                    "Inner Unique": true,
                                    "Plans": [
                                      {
                                        "Node Type": "Aggregate",
                                        "Strategy": "Hashed",
                                        "Partial Mode": "Simple",
                                        "Parent Relationship": "Outer",
                                        "Parallel Aware": false,
                                        "Async Capable": false,
                                        "Startup Cost": 0.02,
                                        "Total Cost": 0.03,
                                        "Plan Rows": 1,
                                        "Plan Width": 4,
                                        "Output": [
                                          "cross_items_1.ss_item_sk"
                                        ],
                                        "Group Key": [
                                          "cross_items_1.ss_item_sk"
                                        ],
                                        "Planned Partitions": 0,
                                        "Plans": [
                                          {
                                            "Node Type": "CTE Scan",
                                            "Parent Relationship": "Outer",
                                            "Parallel Aware": false,
                                            "Async Capable": false,
                                            "CTE Name": "cross_items",
                                            "Alias": "cross_items_1",
                                            "Startup Cost": 0.0,
                                            "Total Cost": 0.02,
                                            "Plan Rows": 1,
                                            "Plan Width": 4,
                                            "Output": [
                                              "cross_items_1.ss_item_sk"
                                            ]
                                          }
                                        ]
                                      },
                                      {
                                        "Node Type": "Index Scan",
                                        "Parent Relationship": "Inner",
                                        "Parallel Aware": false,
                                        "Async Capable": false,
                                        "Scan Direction": "Forward",
                                        "Index Name": "item_pkey",
                                        "Relation Name": "item",
                                        "Schema": "public",
                                        "Alias": "item_1",
                                        "Startup Cost": 0.29,
                                        "Total Cost": 8.32,
                                        "Plan Rows": 1,
                                        "Plan Width": 16,
                                        "Output": [
                                          "item_1.i_item_sk",
                                          "item_1.i_item_id",
                                          "item_1.i_rec_start_date",
                                          "item_1.i_rec_end_date",
                                          "item_1.i_item_desc",
                                          "item_1.i_current_price",
                                          "item_1.i_wholesale_cost",
                                          "item_1.i_brand_id",
                                          "item_1.i_brand",
                                          "item_1.i_class_id",
                                          "item_1.i_class",
                                          "item_1.i_category_id",
                                          "item_1.i_category",
                                          "item_1.i_manufact_id",
                                          "item_1.i_manufact",
                                          "item_1.i_size",
                                          "item_1.i_formulation",
                                          "item_1.i_color",
                                          "item_1.i_units",
                                          "item_1.i_container",
                                          "item_1.i_manager_id",
                                          "item_1.i_product_name"
                                        ],
                                        "Index Cond": "(item_1.i_item_sk = cross_items_1.ss_item_sk)",
                                        "Filter": "((item_1.i_manager_id >= 91) AND (item_1.i_manager_id <= 100) AND (item_1.i_category = ANY ('{Children,Music,Women}'::bpchar[])))"
                                      }
                                    ]
                                  },
                                  {
                                    "Node Type": "Bitmap Heap Scan",
                                    "Parent Relationship": "Inner",
                                    "Parallel Aware": false,
                                    "Async Capable": false,
                                    "Relation Name": "store_sales",
                                    "Schema": "public",
                                    "Alias": "store_sales_1",
                                    "Startup Cost": 24.82,
                                    "Total Cost": 1302.15,
                                    "Plan Rows": 151,
                                    "Plan Width": 18,
                                    "Output": [
                                      "store_sales_1.ss_sold_date_sk",
                                      "store_sales_1.ss_sold_time_sk",
                                      "store_sales_1.ss_item_sk",
                                      "store_sales_1.ss_customer_sk",
                                      "store_sales_1.ss_cdemo_sk",
                                      "store_sales_1.ss_hdemo_sk",
                                      "store_sales_1.ss_addr_sk",
                                      "store_sales_1.ss_store_sk",
                                      "store_sales_1.ss_promo_sk",
                                      "store_sales_1.ss_ticket_number",
                                      "store_sales_1.ss_quantity",
                                      "store_sales_1.ss_wholesale_cost",
                                      "store_sales_1.ss_list_price",
                                      "store_sales_1.ss_sales_price",
                                      "store_sales_1.ss_ext_discount_amt",
                                      "store_sales_1.ss_ext_sales_price",
                                      "store_sales_1.ss_ext_wholesale_cost",
                                      "store_sales_1.ss_ext_list_price",
                                      "store_sales_1.ss_ext_tax",
                                      "store_sales_1.ss_coupon_amt",
                                      "store_sales_1.ss_net_paid",
                                      "store_sales_1.ss_net_paid_inc_tax",
                                      "store_sales_1.ss_net_profit"
                                    ],
                                    "Recheck Cond": "(store_sales_1.ss_item_sk = item_1.i_item_sk)",
                                    "Filter": "((store_sales_1.ss_wholesale_cost >= '16'::numeric) AND (store_sales_1.ss_wholesale_cost <= '36'::numeric))",
                                    "Plans": [
                                      {
                                        "Node Type": "Bitmap Index Scan",
                                        "Parent Relationship": "Outer",
                                        "Parallel Aware": false,
                                        "Async Capable": false,
                                        "Index Name": "store_sales_pkey",
                                        "Startup Cost": 0.0,
                                        "Total Cost": 24.78,
                                        "Plan Rows": 1219,
                                        "Plan Width": 0,
                                        "Index Cond": "(store_sales_1.ss_item_sk = item_1.i_item_sk)"
                                      }
                                    ]
                                  }
                                ]
                              },
                              {
                                "Node Type": "Index Scan",
                                "Parent Relationship": "Inner",
                                "Parallel Aware": false,
                                "Async Capable": false,
                                "Scan Direction": "Forward",
                                "Index Name": "date_dim_pkey",
                                "Relation Name": "date_dim",
                                "Schema": "public",
                                "Alias": "date_dim_1",
                                "Startup Cost": 0.29,
                                "Total Cost": 0.31,
                                "Plan Rows": 1,
                                "Plan Width": 4,
                                "Output": [
                                  "date_dim_1.d_date_sk",
                                  "date_dim_1.d_date_id",
                                  "date_dim_1.d_date",
                                  "date_dim_1.d_month_seq",
                                  "date_dim_1.d_week_seq",
                                  "date_dim_1.d_quarter_seq",
                                  "date_dim_1.d_year",
                                  "date_dim_1.d_dow",
                                  "date_dim_1.d_moy",
                                  "date_dim_1.d_dom",
                                  "date_dim_1.d_qoy",
                                  "date_dim_1.d_fy_year",
                                  "date_dim_1.d_fy_quarter_seq",
                                  "date_dim_1.d_fy_week_seq",
                                  "date_dim_1.d_day_name",
                                  "date_dim_1.d_quarter_name",
                                  "date_dim_1.d_holiday",
                                  "date_dim_1.d_weekend",
                                  "date_dim_1.d_following_holiday",
                                  "date_dim_1.d_first_dom",
                                  "date_dim_1.d_last_dom",
                                  "date_dim_1.d_same_day_ly",
                                  "date_dim_1.d_same_day_lq",
                                  "date_dim_1.d_current_day",
                                  "date_dim_1.d_current_week",
                                  "date_dim_1.d_current_month",
                                  "date_dim_1.d_current_quarter",
                                  "date_dim_1.d_current_year"
                                ],
                                "Index Cond": "(date_dim_1.d_date_sk = store_sales_1.ss_sold_date_sk)",
                                "Filter": "(date_dim_1.d_week_seq = $17)"
                              }
                            ]
                          }
                        ]
                      }
                    ]
                  }
                ]
              }
            ]
          }
        ]
      }
    }
  ],
  "original_sql": "with  cross_items as\n (select i_item_sk ss_item_sk\n from item,\n (select iss.i_brand_id brand_id\n     ,iss.i_class_id class_id\n     ,iss.i_category_id category_id\n from store_sales\n     ,item iss\n     ,date_dim d1\n where ss_item_sk = iss.i_item_sk\n   and ss_sold_date_sk = d1.d_date_sk\n   and d1.d_year between 1999 AND 1999 + 2\n   and i_category IN ('Children', 'Music', 'Women')\n   and i_manager_id BETWEEN 91 and 100\n   and ss_wholesale_cost BETWEEN 16 AND 36\nintersect\n select ics.i_brand_id\n     ,ics.i_class_id\n     ,ics.i_category_id\n from catalog_sales\n     ,item ics\n     ,date_dim d2\n where cs_item_sk = ics.i_item_sk\n   and cs_sold_date_sk = d2.d_date_sk\n   and d2.d_year between 1999 AND 1999 + 2\n   and i_category IN ('Children', 'Music', 'Women')\n   and i_manager_id BETWEEN 91 and 100\n   and cs_wholesale_cost BETWEEN 16 AND 36\nintersect\n select iws.i_brand_id\n     ,iws.i_class_id\n     ,iws.i_category_id\n from web_sales\n     ,item iws\n     ,date_dim d3\n where ws_item_sk = iws.i_item_sk\n   and ws_sold_date_sk = d3.d_date_sk\n   and ws_wholesale_cost BETWEEN 16 AND 36\n   and d3.d_year between 1999 AND 1999 + 2) x\n where i_brand_id = brand_id\n      and i_class_id = class_id\n      and i_category_id = category_id\n      and i_category IN ('Children', 'Music', 'Women')\n      and i_manager_id BETWEEN 91 and 100\n),\n avg_sales as\n(select avg(quantity*list_price) average_sales\n  from (select ss_quantity quantity\n             ,ss_list_price list_price\n       from store_sales\n           ,date_dim\n       where ss_sold_date_sk = d_date_sk\n         and d_year between 1999 and 1999 + 2\n         and ss_wholesale_cost BETWEEN 16 AND 36\n       union all\n       select cs_quantity quantity\n             ,cs_list_price list_price\n       from catalog_sales\n           ,date_dim\n       where cs_sold_date_sk = d_date_sk\n         and d_year between 1999 and 1999 + 2\n         and cs_wholesale_cost BETWEEN 16 AND 36\n       union all\n       select ws_quantity quantity\n             ,ws_list_price list_price\n       from web_sales\n           ,date_dim\n       where ws_sold_date_sk = d_date_sk\n        and ws_wholesale_cost BETWEEN 16 AND 36\n         and d_year between 1999 and 1999 + 2) x)\n  select  this_year.channel ty_channel\n                           ,this_year.i_brand_id ty_brand\n                           ,this_year.i_class_id ty_class\n                           ,this_year.i_category_id ty_category\n                           ,this_year.sales ty_sales\n                           ,this_year.number_sales ty_number_sales\n                           ,last_year.channel ly_channel\n                           ,last_year.i_brand_id ly_brand\n                           ,last_year.i_class_id ly_class\n                           ,last_year.i_category_id ly_category\n                           ,last_year.sales ly_sales\n                           ,last_year.number_sales ly_number_sales\n from\n (select 'store' channel, i_brand_id,i_class_id,i_category_id\n        ,sum(ss_quantity*ss_list_price) sales, count(*) number_sales\n from store_sales\n     ,item\n     ,date_dim\n where ss_item_sk in (select ss_item_sk from cross_items)\n   and ss_item_sk = i_item_sk\n   and ss_sold_date_sk = d_date_sk\n   and d_week_seq = (select d_week_seq\n                     from date_dim\n                     where d_year = 1999 + 1\n                       and d_moy = 12\n                       and d_dom = 4)\n   and i_category IN ('Children', 'Music', 'Women')\n   and i_manager_id BETWEEN 91 and 100\n   and ss_wholesale_cost BETWEEN 16 AND 36\n group by i_brand_id,i_class_id,i_category_id\n having sum(ss_quantity*ss_list_price) > (select average_sales from avg_sales)) this_year,\n (select 'store' channel, i_brand_id,i_class_id\n        ,i_category_id, sum(ss_quantity*ss_list_price) sales, count(*) number_sales\n from store_sales\n     ,item\n     ,date_dim\n where ss_item_sk in (select ss_item_sk from cross_items)\n   and ss_item_sk = i_item_sk\n   and ss_sold_date_sk = d_date_sk\n   and d_week_seq = (select d_week_seq\n                     from date_dim\n                     where d_year = 1999\n                       and d_moy = 12\n                       and d_dom = 4)\n   and i_category IN ('Children', 'Music', 'Women')\n   and ss_wholesale_cost BETWEEN 16 AND 36\n   and i_manager_id BETWEEN 91 and 100\ngroup by i_brand_id,i_class_id,i_category_id\n having sum(ss_quantity*ss_list_price) > (select average_sales from avg_sales)) last_year\n where this_year.i_brand_id= last_year.i_brand_id\n   and this_year.i_class_id = last_year.i_class_id\n   and this_year.i_category_id = last_year.i_category_id\n order by this_year.channel, this_year.i_brand_id, this_year.i_class_id, this_year.i_category_id\n limit 100"
}