{
  "query_id": "query091_spj_spj_s2",
  "engine": "postgresql",
  "benchmark": "dsb_156",
  "scale_factor": 10,
  "execution_time_ms": null,
  "planning_time_ms": 1.3214020000305027,
  "plan_json": [
    {
      "Plan": {
        "Node Type": "Aggregate",
        "Strategy": "Plain",
        "Partial Mode": "Finalize",
        "Parallel Aware": false,
        "Async Capable": false,
        "Startup Cost": 55665.46,
        "Total Cost": 55665.47,
        "Plan Rows": 1,
        "Plan Width": 136,
        "Output": [
          "min(call_center.cc_call_center_id)",
          "min((call_center.cc_name)::text)",
          "min((call_center.cc_manager)::text)",
          "min(catalog_returns.cr_net_loss)",
          "min(catalog_returns.cr_item_sk)",
          "min(catalog_returns.cr_order_number)"
        ],
        "Plans": [
          {
            "Node Type": "Gather",
            "Parent Relationship": "Outer",
            "Parallel Aware": false,
            "Async Capable": false,
            "Startup Cost": 55665.22,
            "Total Cost": 55665.43,
            "Plan Rows": 2,
            "Plan Width": 136,
            "Output": [
              "(PARTIAL min(call_center.cc_call_center_id))",
              "(PARTIAL min((call_center.cc_name)::text))",
              "(PARTIAL min((call_center.cc_manager)::text))",
              "(PARTIAL min(catalog_returns.cr_net_loss))",
              "(PARTIAL min(catalog_returns.cr_item_sk))",
              "(PARTIAL min(catalog_returns.cr_order_number))"
            ],
            "Workers Planned": 2,
            "Single Copy": false,
            "Plans": [
              {
                "Node Type": "Aggregate",
                "Strategy": "Plain",
                "Partial Mode": "Partial",
                "Parent Relationship": "Outer",
                "Parallel Aware": false,
                "Async Capable": false,
                "Startup Cost": 54665.22,
                "Total Cost": 54665.23,
                "Plan Rows": 1,
                "Plan Width": 136,
                "Output": [
                  "PARTIAL min(call_center.cc_call_center_id)",
                  "PARTIAL min((call_center.cc_name)::text)",
                  "PARTIAL min((call_center.cc_manager)::text)",
                  "PARTIAL min(catalog_returns.cr_net_loss)",
                  "PARTIAL min(catalog_returns.cr_item_sk)",
                  "PARTIAL min(catalog_returns.cr_order_number)"
                ],
                "Plans": [
                  {
                    "Node Type": "Nested Loop",
                    "Parent Relationship": "Outer",
                    "Parallel Aware": false,
                    "Async Capable": false,
                    "Join Type": "Inner",
                    "Startup Cost": 9.49,
                    "Total Cost": 54665.2,
                    "Plan Rows": 1,
                    "Plan Width": 58,
                    "Output": [
                      "call_center.cc_call_center_id",
                      "call_center.cc_name",
                      "call_center.cc_manager",
                      "catalog_returns.cr_net_loss",
                      "catalog_returns.cr_item_sk",
                      "catalog_returns.cr_order_number"
                    ],
                    "Inner Unique": true,
                    "Plans": [
                      {
                        "Node Type": "Nested Loop",
                        "Parent Relationship": "Outer",
                        "Parallel Aware": false,
                        "Async Capable": false,
                        "Join Type": "Inner",
                        "Startup Cost": 9.07,
                        "Total Cost": 54663.73,
                        "Plan Rows": 3,
                        "Plan Width": 62,
                        "Output": [
                          "call_center.cc_call_center_id",
                          "call_center.cc_name",
                          "call_center.cc_manager",
                          "catalog_returns.cr_net_loss",
                          "catalog_returns.cr_item_sk",
                          "catalog_returns.cr_order_number",
                          "customer.c_current_addr_sk"
                        ],
                        "Inner Unique": true,
                        "Plans": [
                          {
                            "Node Type": "Nested Loop",
                            "Parent Relationship": "Outer",
                            "Parallel Aware": false,
                            "Async Capable": false,
                            "Join Type": "Inner",
                            "Startup Cost": 8.64,
                            "Total Cost": 54625.44,
                            "Plan Rows": 57,
                            "Plan Width": 66,
                            "Output": [
                              "call_center.cc_call_center_id",
                              "call_center.cc_name",
                              "call_center.cc_manager",
                              "catalog_returns.cr_net_loss",
                              "catalog_returns.cr_item_sk",
                              "catalog_returns.cr_order_number",
                              "customer.c_current_cdemo_sk",
                              "customer.c_current_addr_sk"
                            ],
                            "Inner Unique": true,
                            "Plans": [
                              {
                                "Node Type": "Nested Loop",
                                "Parent Relationship": "Outer",
                                "Parallel Aware": false,
                                "Async Capable": false,
                                "Join Type": "Inner",
                                "Startup Cost": 8.36,
                                "Total Cost": 54517.84,
                                "Plan Rows": 355,
                                "Plan Width": 70,
                                "Output": [
                                  "call_center.cc_call_center_id",
                                  "call_center.cc_name",
                                  "call_center.cc_manager",
                                  "catalog_returns.cr_net_loss",
                                  "catalog_returns.cr_item_sk",
                                  "catalog_returns.cr_order_number",
                                  "customer.c_current_cdemo_sk",
                                  "customer.c_current_hdemo_sk",
                                  "customer.c_current_addr_sk"
                                ],
                                "Inner Unique": true,
                                "Plans": [
                                  {
                                    "Node Type": "Hash Join",
                                    "Parent Relationship": "Outer",
                                    "Parallel Aware": false,
                                    "Async Capable": false,
                                    "Join Type": "Inner",
                                    "Startup Cost": 7.93,
                                    "Total Cost": 54348.36,
                                    "Plan Rows": 362,
                                    "Plan Width": 62,
                                    "Output": [
                                      "call_center.cc_call_center_id",
                                      "call_center.cc_name",
                                      "call_center.cc_manager",
                                      "catalog_returns.cr_net_loss",
                                      "catalog_returns.cr_item_sk",
                                      "catalog_returns.cr_order_number",
                                      "catalog_returns.cr_returning_customer_sk"
                                    ],
                                    "Inner Unique": true,
                                    "Hash Cond": "(catalog_returns.cr_call_center_sk = call_center.cc_call_center_sk)",
                                    "Plans": [
                                      {
                                        "Node Type": "Hash Join",
                                        "Parent Relationship": "Outer",
                                        "Parallel Aware": false,
                                        "Async Capable": false,
                                        "Join Type": "Inner",
                                        "Startup Cost": 5.39,
                                        "Total Cost": 54344.69,
                                        "Plan Rows": 369,
                                        "Plan Width": 22,
                                        "Output": [
                                          "catalog_returns.cr_net_loss",
                                          "catalog_returns.cr_item_sk",
                                          "catalog_returns.cr_order_number",
                                          "catalog_returns.cr_call_center_sk",
                                          "catalog_returns.cr_returning_customer_sk"
                                        ],
                                        "Inner Unique": true,
                                        "Hash Cond": "(catalog_returns.cr_returned_date_sk = date_dim.d_date_sk)",
                                        "Plans": [
                                          {
                                            "Node Type": "Seq Scan",
                                            "Parent Relationship": "Outer",
                                            "Parallel Aware": true,
                                            "Async Capable": false,
                                            "Relation Name": "catalog_returns",
                                            "Schema": "public",
                                            "Alias": "catalog_returns",
                                            "Startup Cost": 0.0,
                                            "Total Cost": 51978.6,
                                            "Plan Rows": 899260,
                                            "Plan Width": 26,
                                            "Output": [
                                              "catalog_returns.cr_returned_date_sk",
                                              "catalog_returns.cr_returned_time_sk",
                                              "catalog_returns.cr_item_sk",
                                              "catalog_returns.cr_refunded_customer_sk",
                                              "catalog_returns.cr_refunded_cdemo_sk",
                                              "catalog_returns.cr_refunded_hdemo_sk",
                                              "catalog_returns.cr_refunded_addr_sk",
                                              "catalog_returns.cr_returning_customer_sk",
                                              "catalog_returns.cr_returning_cdemo_sk",
                                              "catalog_returns.cr_returning_hdemo_sk",
                                              "catalog_returns.cr_returning_addr_sk",
                                              "catalog_returns.cr_call_center_sk",
                                              "catalog_returns.cr_catalog_page_sk",
                                              "catalog_returns.cr_ship_mode_sk",
                                              "catalog_returns.cr_warehouse_sk",
                                              "catalog_returns.cr_reason_sk",
                                              "catalog_returns.cr_order_number",
                                              "catalog_returns.cr_return_quantity",
                                              "catalog_returns.cr_return_amount",
                                              "catalog_returns.cr_return_tax",
                                              "catalog_returns.cr_return_amt_inc_tax",
                                              "catalog_returns.cr_fee",
                                              "catalog_returns.cr_return_ship_cost",
                                              "catalog_returns.cr_refunded_cash",
                                              "catalog_returns.cr_reversed_charge",
                                              "catalog_returns.cr_store_credit",
                                              "catalog_returns.cr_net_loss"
                                            ]
                                          },
                                          {
                                            "Node Type": "Hash",
                                            "Parent Relationship": "Inner",
                                            "Parallel Aware": false,
                                            "Async Capable": false,
                                            "Startup Cost": 5.02,
                                            "Total Cost": 5.02,
                                            "Plan Rows": 30,
                                            "Plan Width": 4,
                                            "Output": [
                                              "date_dim.d_date_sk"
                                            ],
                                            "Plans": [
                                              {
                                                "Node Type": "Index Only Scan",
                                                "Parent Relationship": "Outer",
                                                "Parallel Aware": false,
                                                "Async Capable": false,
                                                "Scan Direction": "Forward",
                                                "Index Name": "_dta_index_date_dim_6_661577395__k9_k7_k1",
                                                "Relation Name": "date_dim",
                                                "Schema": "public",
                                                "Alias": "date_dim",
                                                "Startup Cost": 0.42,
                                                "Total Cost": 5.02,
                                                "Plan Rows": 30,
                                                "Plan Width": 4,
                                                "Output": [
                                                  "date_dim.d_date_sk"
                                                ],
                                                "Index Cond": "((date_dim.d_moy = 12) AND (date_dim.d_year = 2001))"
                                              }
                                            ]
                                          }
                                        ]
                                      },
                                      {
                                        "Node Type": "Hash",
                                        "Parent Relationship": "Inner",
                                        "Parallel Aware": false,
                                        "Async Capable": false,
                                        "Startup Cost": 2.24,
                                        "Total Cost": 2.24,
                                        "Plan Rows": 24,
                                        "Plan Width": 48,
                                        "Output": [
                                          "call_center.cc_call_center_id",
                                          "call_center.cc_name",
                                          "call_center.cc_manager",
                                          "call_center.cc_call_center_sk"
                                        ],
                                        "Plans": [
                                          {
                                            "Node Type": "Seq Scan",
                                            "Parent Relationship": "Outer",
                                            "Parallel Aware": false,
                                            "Async Capable": false,
                                            "Relation Name": "call_center",
                                            "Schema": "public",
                                            "Alias": "call_center",
                                            "Startup Cost": 0.0,
                                            "Total Cost": 2.24,
                                            "Plan Rows": 24,
                                            "Plan Width": 48,
                                            "Output": [
                                              "call_center.cc_call_center_id",
                                              "call_center.cc_name",
                                              "call_center.cc_manager",
                                              "call_center.cc_call_center_sk"
                                            ]
                                          }
                                        ]
                                      }
                                    ]
                                  },
                                  {
                                    "Node Type": "Index Scan",
                                    "Parent Relationship": "Inner",
                                    "Parallel Aware": false,
                                    "Async Capable": false,
                                    "Scan Direction": "Forward",
                                    "Index Name": "_dta_index_customer_6_949578421__k1_k5",
                                    "Relation Name": "customer",
                                    "Schema": "public",
                                    "Alias": "customer",
                                    "Startup Cost": 0.42,
                                    "Total Cost": 0.47,
                                    "Plan Rows": 1,
                                    "Plan Width": 16,
                                    "Output": [
                                      "customer.c_customer_sk",
                                      "customer.c_customer_id",
                                      "customer.c_current_cdemo_sk",
                                      "customer.c_current_hdemo_sk",
                                      "customer.c_current_addr_sk",
                                      "customer.c_first_shipto_date_sk",
                                      "customer.c_first_sales_date_sk",
                                      "customer.c_salutation",
                                      "customer.c_first_name",
                                      "customer.c_last_name",
                                      "customer.c_preferred_cust_flag",
                                      "customer.c_birth_day",
                                      "customer.c_birth_month",
                                      "customer.c_birth_year",
                                      "customer.c_birth_country",
                                      "customer.c_login",
                                      "customer.c_email_address",
                                      "customer.c_last_review_date_sk"
                                    ],
                                    "Index Cond": "(customer.c_customer_sk = catalog_returns.cr_returning_customer_sk)"
                                  }
                                ]
                              },
                              {
                                "Node Type": "Index Scan",
                                "Parent Relationship": "Inner",
                                "Parallel Aware": false,
                                "Async Capable": false,
                                "Scan Direction": "Forward",
                                "Index Name": "household_demographics_pkey",
                                "Relation Name": "household_demographics",
                                "Schema": "public",
                                "Alias": "household_demographics",
                                "Startup Cost": 0.28,
                                "Total Cost": 0.3,
                                "Plan Rows": 1,
                                "Plan Width": 4,
                                "Output": [
                                  "household_demographics.hd_demo_sk",
                                  "household_demographics.hd_income_band_sk",
                                  "household_demographics.hd_buy_potential",
                                  "household_demographics.hd_dep_count",
                                  "household_demographics.hd_vehicle_count"
                                ],
                                "Index Cond": "(household_demographics.hd_demo_sk = customer.c_current_hdemo_sk)",
                                "Filter": "(household_demographics.hd_buy_potential ~~ '>10000%'::text)"
                              }
                            ]
                          },
                          {
                            "Node Type": "Index Scan",
                            "Parent Relationship": "Inner",
                            "Parallel Aware": false,
                            "Async Capable": false,
                            "Scan Direction": "Forward",
                            "Index Name": "customer_demographics_pkey",
                            "Relation Name": "customer_demographics",
                            "Schema": "public",
                            "Alias": "customer_demographics",
                            "Startup Cost": 0.43,
                            "Total Cost": 0.67,
                            "Plan Rows": 1,
                            "Plan Width": 4,
                            "Output": [
                              "customer_demographics.cd_demo_sk",
                              "customer_demographics.cd_gender",
                              "customer_demographics.cd_marital_status",
                              "customer_demographics.cd_education_status",
                              "customer_demographics.cd_purchase_estimate",
                              "customer_demographics.cd_credit_rating",
                              "customer_demographics.cd_dep_count",
                              "customer_demographics.cd_dep_employed_count",
                              "customer_demographics.cd_dep_college_count"
                            ],
                            "Index Cond": "(customer_demographics.cd_demo_sk = customer.c_current_cdemo_sk)",
                            "Filter": "(((customer_demographics.cd_marital_status = 'M'::bpchar) AND (customer_demographics.cd_education_status = 'Unknown'::bpchar)) OR ((customer_demographics.cd_marital_status = 'W'::bpchar) AND (customer_demographics.cd_education_status = 'Advanced Degree'::bpchar)))"
                          }
                        ]
                      },
                      {
                        "Node Type": "Index Scan",
                        "Parent Relationship": "Inner",
                        "Parallel Aware": false,
                        "Async Capable": false,
                        "Scan Direction": "Forward",
                        "Index Name": "customer_address_pkey",
                        "Relation Name": "customer_address",
                        "Schema": "public",
                        "Alias": "customer_address",
                        "Startup Cost": 0.42,
                        "Total Cost": 0.49,
                        "Plan Rows": 1,
                        "Plan Width": 4,
                        "Output": [
                          "customer_address.ca_address_sk",
                          "customer_address.ca_address_id",
                          "customer_address.ca_street_number",
                          "customer_address.ca_street_name",
                          "customer_address.ca_street_type",
                          "customer_address.ca_suite_number",
                          "customer_address.ca_city",
                          "customer_address.ca_county",
                          "customer_address.ca_state",
                          "customer_address.ca_zip",
                          "customer_address.ca_country",
                          "customer_address.ca_gmt_offset",
                          "customer_address.ca_location_type"
                        ],
                        "Index Cond": "(customer_address.ca_address_sk = customer.c_current_addr_sk)",
                        "Filter": "(customer_address.ca_gmt_offset = '-6'::numeric)"
                      }
                    ]
                  }
                ]
              }
            ]
          }
        ]
      }
    }
  ],
  "original_sql": "select  \n        min(cc_call_center_id),\n        min(cc_name),\n        min(cc_manager),\n        min(cr_net_loss),\n        min(cr_item_sk),\n        min(cr_order_number)\nfrom\n        call_center,\n        catalog_returns,\n        date_dim,\n        customer,\n        customer_address,\n        customer_demographics,\n        household_demographics\nwhere\n        cr_call_center_sk       = cc_call_center_sk\nand     cr_returned_date_sk     = d_date_sk\nand     cr_returning_customer_sk= c_customer_sk\nand     cd_demo_sk              = c_current_cdemo_sk\nand     hd_demo_sk              = c_current_hdemo_sk\nand     ca_address_sk           = c_current_addr_sk\nand     d_year                  = 2001 \nand     d_moy                   = 12\nand     ( (cd_marital_status       = 'M' and cd_education_status     = 'Unknown')\n        or(cd_marital_status       = 'W' and cd_education_status     = 'Advanced Degree'))\nand     hd_buy_potential like '>10000%'\nand     ca_gmt_offset           = -6"
}