{
  "query_id": "query102_agg_s2",
  "engine": "postgresql",
  "benchmark": "dsb_156",
  "scale_factor": 10,
  "execution_time_ms": null,
  "planning_time_ms": 130.86826200014912,
  "plan_json": [
    {
      "Plan": {
        "Node Type": "Sort",
        "Parallel Aware": false,
        "Async Capable": false,
        "Startup Cost": 303750.07,
        "Total Cost": 303750.07,
        "Plan Rows": 1,
        "Plan Width": 37,
        "Output": [
          "customer_demographics.cd_gender",
          "customer_demographics.cd_marital_status",
          "customer_demographics.cd_education_status",
          "household_demographics.hd_vehicle_count",
          "(count(*))"
        ],
        "Sort Key": [
          "(count(*))"
        ],
        "Plans": [
          {
            "Node Type": "Aggregate",
            "Strategy": "Sorted",
            "Partial Mode": "Simple",
            "Parent Relationship": "Outer",
            "Parallel Aware": false,
            "Async Capable": false,
            "Startup Cost": 303749.91,
            "Total Cost": 303750.06,
            "Plan Rows": 1,
            "Plan Width": 37,
            "Output": [
              "customer_demographics.cd_gender",
              "customer_demographics.cd_marital_status",
              "customer_demographics.cd_education_status",
              "household_demographics.hd_vehicle_count",
              "count(*)"
            ],
            "Group Key": [
              "customer_demographics.cd_gender",
              "customer_demographics.cd_marital_status",
              "customer_demographics.cd_education_status",
              "household_demographics.hd_vehicle_count"
            ],
            "Plans": [
              {
                "Node Type": "Gather Merge",
                "Parent Relationship": "Outer",
                "Parallel Aware": false,
                "Async Capable": false,
                "Startup Cost": 303749.91,
                "Total Cost": 303750.03,
                "Plan Rows": 1,
                "Plan Width": 29,
                "Output": [
                  "customer_demographics.cd_gender",
                  "customer_demographics.cd_marital_status",
                  "customer_demographics.cd_education_status",
                  "household_demographics.hd_vehicle_count"
                ],
                "Workers Planned": 2,
                "Plans": [
                  {
                    "Node Type": "Sort",
                    "Parent Relationship": "Outer",
                    "Parallel Aware": false,
                    "Async Capable": false,
                    "Startup Cost": 302749.89,
                    "Total Cost": 302749.89,
                    "Plan Rows": 1,
                    "Plan Width": 29,
                    "Output": [
                      "customer_demographics.cd_gender",
                      "customer_demographics.cd_marital_status",
                      "customer_demographics.cd_education_status",
                      "household_demographics.hd_vehicle_count"
                    ],
                    "Sort Key": [
                      "customer_demographics.cd_gender",
                      "customer_demographics.cd_marital_status",
                      "customer_demographics.cd_education_status",
                      "household_demographics.hd_vehicle_count"
                    ],
                    "Plans": [
                      {
                        "Node Type": "Nested Loop",
                        "Parent Relationship": "Outer",
                        "Parallel Aware": false,
                        "Async Capable": false,
                        "Join Type": "Inner",
                        "Startup Cost": 302708.27,
                        "Total Cost": 302749.88,
                        "Plan Rows": 1,
                        "Plan Width": 29,
                        "Output": [
                          "customer_demographics.cd_gender",
                          "customer_demographics.cd_marital_status",
                          "customer_demographics.cd_education_status",
                          "household_demographics.hd_vehicle_count"
                        ],
                        "Inner Unique": true,
                        "Join Filter": "(web_sales.ws_warehouse_sk = inventory.inv_warehouse_sk)",
                        "Plans": [
                          {
                            "Node Type": "Nested Loop",
                            "Parent Relationship": "Outer",
                            "Parallel Aware": false,
                            "Async Capable": false,
                            "Join Type": "Inner",
                            "Startup Cost": 302707.7,
                            "Total Cost": 302741.27,
                            "Plan Rows": 1,
                            "Plan Width": 61,
                            "Output": [
                              "d1.d_date_sk",
                              "household_demographics.hd_vehicle_count",
                              "web_sales.ws_item_sk",
                              "web_sales.ws_warehouse_sk",
                              "item.i_item_sk",
                              "store_sales.ss_item_sk",
                              "store_sales.ss_sold_date_sk",
                              "store_sales.ss_quantity",
                              "warehouse.w_warehouse_sk",
                              "customer_demographics.cd_gender",
                              "customer_demographics.cd_marital_status",
                              "customer_demographics.cd_education_status"
                            ],
                            "Inner Unique": true,
                            "Plans": [
                              {
                                "Node Type": "Nested Loop",
                                "Parent Relationship": "Outer",
                                "Parallel Aware": false,
                                "Async Capable": false,
                                "Join Type": "Inner",
                                "Startup Cost": 302707.28,
                                "Total Cost": 302735.66,
                                "Plan Rows": 1,
                                "Plan Width": 40,
                                "Output": [
                                  "d1.d_date_sk",
                                  "household_demographics.hd_vehicle_count",
                                  "customer.c_current_cdemo_sk",
                                  "web_sales.ws_item_sk",
                                  "web_sales.ws_warehouse_sk",
                                  "item.i_item_sk",
                                  "store_sales.ss_item_sk",
                                  "store_sales.ss_sold_date_sk",
                                  "store_sales.ss_quantity",
                                  "warehouse.w_warehouse_sk"
                                ],
                                "Inner Unique": false,
                                "Plans": [
                                  {
                                    "Node Type": "Nested Loop",
                                    "Parent Relationship": "Outer",
                                    "Parallel Aware": false,
                                    "Async Capable": false,
                                    "Join Type": "Inner",
                                    "Startup Cost": 302704.71,
                                    "Total Cost": 302728.82,
                                    "Plan Rows": 1,
                                    "Plan Width": 43,
                                    "Output": [
                                      "d1.d_date_sk",
                                      "household_demographics.hd_vehicle_count",
                                      "customer.c_current_cdemo_sk",
                                      "web_sales.ws_item_sk",
                                      "web_sales.ws_warehouse_sk",
                                      "item.i_item_sk",
                                      "store_sales.ss_item_sk",
                                      "store_sales.ss_sold_date_sk",
                                      "store_sales.ss_quantity",
                                      "warehouse.w_warehouse_sk",
                                      "warehouse.w_state"
                                    ],
                                    "Inner Unique": true,
                                    "Join Filter": "(web_sales.ws_warehouse_sk = warehouse.w_warehouse_sk)",
                                    "Plans": [
                                      {
                                        "Node Type": "Nested Loop",
                                        "Parent Relationship": "Outer",
                                        "Parallel Aware": false,
                                        "Async Capable": false,
                                        "Join Type": "Inner",
                                        "Startup Cost": 302704.71,
                                        "Total Cost": 302727.6,
                                        "Plan Rows": 1,
                                        "Plan Width": 36,
                                        "Output": [
                                          "d1.d_date_sk",
                                          "household_demographics.hd_vehicle_count",
                                          "customer.c_current_cdemo_sk",
                                          "web_sales.ws_item_sk",
                                          "web_sales.ws_warehouse_sk",
                                          "item.i_item_sk",
                                          "store_sales.ss_item_sk",
                                          "store_sales.ss_sold_date_sk",
                                          "store_sales.ss_quantity"
                                        ],
                                        "Inner Unique": true,
                                        "Join Filter": "((d2.d_date >= d1.d_date) AND (d2.d_date <= (d1.d_date + '30 days'::interval)))",
                                        "Plans": [
                                          {
                                            "Node Type": "Merge Join",
                                            "Parent Relationship": "Outer",
                                            "Parallel Aware": false,
                                            "Async Capable": false,
                                            "Join Type": "Inner",
                                            "Startup Cost": 302704.42,
                                            "Total Cost": 302722.14,
                                            "Plan Rows": 1,
                                            "Plan Width": 44,
                                            "Output": [
                                              "d1.d_date_sk",
                                              "d1.d_date",
                                              "household_demographics.hd_vehicle_count",
                                              "customer.c_current_cdemo_sk",
                                              "web_sales.ws_item_sk",
                                              "web_sales.ws_sold_date_sk",
                                              "web_sales.ws_warehouse_sk",
                                              "item.i_item_sk",
                                              "store_sales.ss_item_sk",
                                              "store_sales.ss_sold_date_sk",
                                              "store_sales.ss_quantity"
                                            ],
                                            "Inner Unique": true,
                                            "Merge Cond": "(store_sales.ss_sold_date_sk = d1.d_date_sk)",
                                            "Plans": [
                                              {
                                                "Node Type": "Sort",
                                                "Parent Relationship": "Outer",
                                                "Parallel Aware": false,
                                                "Async Capable": false,
                                                "Startup Cost": 302419.26,
                                                "Total Cost": 302419.26,
                                                "Plan Rows": 2,
                                                "Plan Width": 36,
                                                "Output": [
                                                  "household_demographics.hd_vehicle_count",
                                                  "customer.c_current_cdemo_sk",
                                                  "web_sales.ws_item_sk",
                                                  "web_sales.ws_sold_date_sk",
                                                  "web_sales.ws_warehouse_sk",
                                                  "item.i_item_sk",
                                                  "store_sales.ss_item_sk",
                                                  "store_sales.ss_sold_date_sk",
                                                  "store_sales.ss_quantity"
                                                ],
                                                "Sort Key": [
                                                  "store_sales.ss_sold_date_sk"
                                                ],
                                                "Plans": [
                                                  {
                                                    "Node Type": "Nested Loop",
                                                    "Parent Relationship": "Outer",
                                                    "Parallel Aware": false,
                                                    "Async Capable": false,
                                                    "Join Type": "Inner",
                                                    "Startup Cost": 32950.86,
                                                    "Total Cost": 302419.25,
                                                    "Plan Rows": 2,
                                                    "Plan Width": 36,
                                                    "Output": [
                                                      "household_demographics.hd_vehicle_count",
                                                      "customer.c_current_cdemo_sk",
                                                      "web_sales.ws_item_sk",
                                                      "web_sales.ws_sold_date_sk",
                                                      "web_sales.ws_warehouse_sk",
                                                      "item.i_item_sk",
                                                      "store_sales.ss_item_sk",
                                                      "store_sales.ss_sold_date_sk",
                                                      "store_sales.ss_quantity"
                                                    ],
                                                    "Inner Unique": false,
                                                    "Join Filter": "((item.i_item_sk = store_sales.ss_item_sk) AND (customer.c_customer_sk = store_sales.ss_customer_sk))",
                                                    "Plans": [
                                                      {
                                                        "Node Type": "Hash Join",
                                                        "Parent Relationship": "Outer",
                                                        "Parallel Aware": true,
                                                        "Async Capable": false,
                                                        "Join Type": "Inner",
                                                        "Startup Cost": 32950.3,
                                                        "Total Cost": 266427.57,
                                                        "Plan Rows": 2995,
                                                        "Plan Width": 32,
                                                        "Output": [
                                                          "household_demographics.hd_vehicle_count",
                                                          "customer.c_customer_sk",
                                                          "customer.c_current_cdemo_sk",
                                                          "web_sales.ws_item_sk",
                                                          "web_sales.ws_sold_date_sk",
                                                          "web_sales.ws_bill_customer_sk",
                                                          "web_sales.ws_warehouse_sk",
                                                          "item.i_item_sk"
                                                        ],
                                                        "Inner Unique": true,
                                                        "Hash Cond": "(web_sales.ws_item_sk = item.i_item_sk)",
                                                        "Plans": [
                                                          {
                                                            "Node Type": "Hash Join",
                                                            "Parent Relationship": "Outer",
                                                            "Parallel Aware": true,
                                                            "Async Capable": false,
                                                            "Join Type": "Inner",
                                                            "Startup Cost": 24845.37,
                                                            "Total Cost": 258106.2,
                                                            "Plan Rows": 82449,
                                                            "Plan Width": 28,
                                                            "Output": [
                                                              "household_demographics.hd_vehicle_count",
                                                              "customer.c_customer_sk",
                                                              "customer.c_current_cdemo_sk",
                                                              "web_sales.ws_item_sk",
                                                              "web_sales.ws_sold_date_sk",
                                                              "web_sales.ws_bill_customer_sk",
                                                              "web_sales.ws_warehouse_sk"
                                                            ],
                                                            "Inner Unique": false,
                                                            "Hash Cond": "(web_sales.ws_bill_customer_sk = customer.c_customer_sk)",
                                                            "Plans": [
                                                              {
                                                                "Node Type": "Seq Scan",
                                                                "Parent Relationship": "Outer",
                                                                "Parallel Aware": true,
                                                                "Async Capable": false,
                                                                "Relation Name": "web_sales",
                                                                "Schema": "public",
                                                                "Alias": "web_sales",
                                                                "Startup Cost": 0.0,
                                                                "Total Cost": 230635.34,
                                                                "Plan Rows": 608520,
                                                                "Plan Width": 16,
                                                                "Output": [
                                                                  "web_sales.ws_sold_date_sk",
                                                                  "web_sales.ws_sold_time_sk",
                                                                  "web_sales.ws_ship_date_sk",
                                                                  "web_sales.ws_item_sk",
                                                                  "web_sales.ws_bill_customer_sk",
                                                                  "web_sales.ws_bill_cdemo_sk",
                                                                  "web_sales.ws_bill_hdemo_sk",
                                                                  "web_sales.ws_bill_addr_sk",
                                                                  "web_sales.ws_ship_customer_sk",
                                                                  "web_sales.ws_ship_cdemo_sk",
                                                                  "web_sales.ws_ship_hdemo_sk",
                                                                  "web_sales.ws_ship_addr_sk",
                                                                  "web_sales.ws_web_page_sk",
                                                                  "web_sales.ws_web_site_sk",
                                                                  "web_sales.ws_ship_mode_sk",
                                                                  "web_sales.ws_warehouse_sk",
                                                                  "web_sales.ws_promo_sk",
                                                                  "web_sales.ws_order_number",
                                                                  "web_sales.ws_quantity",
                                                                  "web_sales.ws_wholesale_cost",
                                                                  "web_sales.ws_list_price",
                                                                  "web_sales.ws_sales_price",
                                                                  "web_sales.ws_ext_discount_amt",
                                                                  "web_sales.ws_ext_sales_price",
                                                                  "web_sales.ws_ext_wholesale_cost",
                                                                  "web_sales.ws_ext_list_price",
                                                                  "web_sales.ws_ext_tax",
                                                                  "web_sales.ws_coupon_amt",
                                                                  "web_sales.ws_ext_ship_cost",
                                                                  "web_sales.ws_net_paid",
                                                                  "web_sales.ws_net_paid_inc_tax",
                                                                  "web_sales.ws_net_paid_inc_ship",
                                                                  "web_sales.ws_net_paid_inc_ship_tax",
                                                                  "web_sales.ws_net_profit"
                                                                ],
                                                                "Filter": "((web_sales.ws_wholesale_cost >= '76'::numeric) AND (web_sales.ws_wholesale_cost <= '96'::numeric))"
                                                              },
                                                              {
                                                                "Node Type": "Hash",
                                                                "Parent Relationship": "Inner",
                                                                "Parallel Aware": true,
                                                                "Async Capable": false,
                                                                "Startup Cost": 24492.47,
                                                                "Total Cost": 24492.47,
                                                                "Plan Rows": 28232,
                                                                "Plan Width": 12,
                                                                "Output": [
                                                                  "household_demographics.hd_vehicle_count",
                                                                  "customer.c_customer_sk",
                                                                  "customer.c_current_cdemo_sk"
                                                                ],
                                                                "Plans": [
                                                                  {
                                                                    "Node Type": "Hash Join",
                                                                    "Parent Relationship": "Outer",
                                                                    "Parallel Aware": true,
                                                                    "Async Capable": false,
                                                                    "Join Type": "Inner",
                                                                    "Startup Cost": 7506.22,
                                                                    "Total Cost": 24492.47,
                                                                    "Plan Rows": 28232,
                                                                    "Plan Width": 12,
                                                                    "Output": [
                                                                      "household_demographics.hd_vehicle_count",
                                                                      "customer.c_customer_sk",
                                                                      "customer.c_current_cdemo_sk"
                                                                    ],
                                                                    "Inner Unique": true,
                                                                    "Hash Cond": "(customer.c_current_addr_sk = customer_address.ca_address_sk)",
                                                                    "Plans": [
                                                                      {
                                                                        "Node Type": "Hash Join",
                                                                        "Parent Relationship": "Outer",
                                                                        "Parallel Aware": false,
                                                                        "Async Capable": false,
                                                                        "Join Type": "Inner",
                                                                        "Startup Cost": 215.0,
                                                                        "Total Cost": 16672.52,
                                                                        "Plan Rows": 201417,
                                                                        "Plan Width": 16,
                                                                        "Output": [
                                                                          "household_demographics.hd_vehicle_count",
                                                                          "customer.c_customer_sk",
                                                                          "customer.c_current_cdemo_sk",
                                                                          "customer.c_current_addr_sk"
                                                                        ],
                                                                        "Inner Unique": true,
                                                                        "Hash Cond": "(customer.c_current_hdemo_sk = household_demographics.hd_demo_sk)",
                                                                        "Plans": [
                                                                          {
                                                                            "Node Type": "Seq Scan",
                                                                            "Parent Relationship": "Outer",
                                                                            "Parallel Aware": true,
                                                                            "Async Capable": false,
                                                                            "Relation Name": "customer",
                                                                            "Schema": "public",
                                                                            "Alias": "customer",
                                                                            "Startup Cost": 0.0,
                                                                            "Total Cost": 15910.33,
                                                                            "Plan Rows": 208333,
                                                                            "Plan Width": 16,
                                                                            "Output": [
                                                                              "customer.c_customer_sk",
                                                                              "customer.c_customer_id",
                                                                              "customer.c_current_cdemo_sk",
                                                                              "customer.c_current_hdemo_sk",
                                                                              "customer.c_current_addr_sk",
                                                                              "customer.c_first_shipto_date_sk",
                                                                              "customer.c_first_sales_date_sk",
                                                                              "customer.c_salutation",
                                                                              "customer.c_first_name",
                                                                              "customer.c_last_name",
                                                                              "customer.c_preferred_cust_flag",
                                                                              "customer.c_birth_day",
                                                                              "customer.c_birth_month",
                                                                              "customer.c_birth_year",
                                                                              "customer.c_birth_country",
                                                                              "customer.c_login",
                                                                              "customer.c_email_address",
                                                                              "customer.c_last_review_date_sk"
                                                                            ]
                                                                          },
                                                                          {
                                                                            "Node Type": "Hash",
                                                                            "Parent Relationship": "Inner",
                                                                            "Parallel Aware": false,
                                                                            "Async Capable": false,
                                                                            "Startup Cost": 125.0,
                                                                            "Total Cost": 125.0,
                                                                            "Plan Rows": 7200,
                                                                            "Plan Width": 8,
                                                                            "Output": [
                                                                              "household_demographics.hd_vehicle_count",
                                                                              "household_demographics.hd_demo_sk"
                                                                            ],
                                                                            "Plans": [
                                                                              {
                                                                                "Node Type": "Seq Scan",
                                                                                "Parent Relationship": "Outer",
                                                                                "Parallel Aware": false,
                                                                                "Async Capable": false,
                                                                                "Relation Name": "household_demographics",
                                                                                "Schema": "public",
                                                                                "Alias": "household_demographics",
                                                                                "Startup Cost": 0.0,
                                                                                "Total Cost": 125.0,
                                                                                "Plan Rows": 7200,
                                                                                "Plan Width": 8,
                                                                                "Output": [
                                                                                  "household_demographics.hd_vehicle_count",
                                                                                  "household_demographics.hd_demo_sk"
                                                                                ]
                                                                              }
                                                                            ]
                                                                          }
                                                                        ]
                                                                      },
                                                                      {
                                                                        "Node Type": "Hash",
                                                                        "Parent Relationship": "Inner",
                                                                        "Parallel Aware": true,
                                                                        "Async Capable": false,
                                                                        "Startup Cost": 7108.71,
                                                                        "Total Cost": 7108.71,
                                                                        "Plan Rows": 14601,
                                                                        "Plan Width": 4,
                                                                        "Output": [
                                                                          "customer_address.ca_address_sk"
                                                                        ],
                                                                        "Plans": [
                                                                          {
                                                                            "Node Type": "Seq Scan",
                                                                            "Parent Relationship": "Outer",
                                                                            "Parallel Aware": true,
                                                                            "Async Capable": false,
                                                                            "Relation Name": "customer_address",
                                                                            "Schema": "public",
                                                                            "Alias": "customer_address",
                                                                            "Startup Cost": 0.0,
                                                                            "Total Cost": 7108.71,
                                                                            "Plan Rows": 14601,
                                                                            "Plan Width": 4,
                                                                            "Output": [
                                                                              "customer_address.ca_address_sk"
                                                                            ],
                                                                            "Filter": "(customer_address.ca_state = ANY ('{AR,CA,KS,NY,VA}'::bpchar[]))"
                                                                          }
                                                                        ]
                                                                      }
                                                                    ]
                                                                  }
                                                                ]
                                                              }
                                                            ]
                                                          },
                                                          {
                                                            "Node Type": "Hash",
                                                            "Parent Relationship": "Inner",
                                                            "Parallel Aware": true,
                                                            "Async Capable": false,
                                                            "Startup Cost": 8085.62,
                                                            "Total Cost": 8085.62,
                                                            "Plan Rows": 1544,
                                                            "Plan Width": 4,
                                                            "Output": [
                                                              "item.i_item_sk"
                                                            ],
                                                            "Plans": [
                                                              {
                                                                "Node Type": "Seq Scan",
                                                                "Parent Relationship": "Outer",
                                                                "Parallel Aware": true,
                                                                "Async Capable": false,
                                                                "Relation Name": "item",
                                                                "Schema": "public",
                                                                "Alias": "item",
                                                                "Startup Cost": 0.0,
                                                                "Total Cost": 8085.62,
                                                                "Plan Rows": 1544,
                                                                "Plan Width": 4,
                                                                "Output": [
                                                                  "item.i_item_sk"
                                                                ],
                                                                "Filter": "((item.i_category = ANY ('{Men,Shoes,Sports}'::bpchar[])) AND (item.i_manager_id = ANY ('{6,11,16,17,19,28,47,82,88,98}'::integer[])))"
                                                              }
                                                            ]
                                                          }
                                                        ]
                                                      },
                                                      {
                                                        "Node Type": "Index Scan",
                                                        "Parent Relationship": "Inner",
                                                        "Parallel Aware": false,
                                                        "Async Capable": false,
                                                        "Scan Direction": "Forward",
                                                        "Index Name": "_dta_index_store_sales_5_1333579789__k4_k8_k3_k1_16",
                                                        "Relation Name": "store_sales",
                                                        "Schema": "public",
                                                        "Alias": "store_sales",
                                                        "Startup Cost": 0.56,
                                                        "Total Cost": 12.0,
                                                        "Plan Rows": 1,
                                                        "Plan Width": 16,
                                                        "Output": [
                                                          "store_sales.ss_sold_date_sk",
                                                          "store_sales.ss_sold_time_sk",
                                                          "store_sales.ss_item_sk",
                                                          "store_sales.ss_customer_sk",
                                                          "store_sales.ss_cdemo_sk",
                                                          "store_sales.ss_hdemo_sk",
                                                          "store_sales.ss_addr_sk",
                                                          "store_sales.ss_store_sk",
                                                          "store_sales.ss_promo_sk",
                                                          "store_sales.ss_ticket_number",
                                                          "store_sales.ss_quantity",
                                                          "store_sales.ss_wholesale_cost",
                                                          "store_sales.ss_list_price",
                                                          "store_sales.ss_sales_price",
                                                          "store_sales.ss_ext_discount_amt",
                                                          "store_sales.ss_ext_sales_price",
                                                          "store_sales.ss_ext_wholesale_cost",
                                                          "store_sales.ss_ext_list_price",
                                                          "store_sales.ss_ext_tax",
                                                          "store_sales.ss_coupon_amt",
                                                          "store_sales.ss_net_paid",
                                                          "store_sales.ss_net_paid_inc_tax",
                                                          "store_sales.ss_net_profit"
                                                        ],
                                                        "Index Cond": "((store_sales.ss_customer_sk = web_sales.ws_bill_customer_sk) AND (store_sales.ss_item_sk = web_sales.ws_item_sk))"
                                                      }
                                                    ]
                                                  }
                                                ]
                                              },
                                              {
                                                "Node Type": "Index Scan",
                                                "Parent Relationship": "Inner",
                                                "Parallel Aware": false,
                                                "Async Capable": false,
                                                "Scan Direction": "Forward",
                                                "Index Name": "_dta_index_date_dim_6_661577395__k7_k1",
                                                "Relation Name": "date_dim",
                                                "Schema": "public",
                                                "Alias": "d1",
                                                "Startup Cost": 0.29,
                                                "Total Cost": 582.0,
                                                "Plan Rows": 362,
                                                "Plan Width": 8,
                                                "Output": [
                                                  "d1.d_date_sk",
                                                  "d1.d_date_id",
                                                  "d1.d_date",
                                                  "d1.d_month_seq",
                                                  "d1.d_week_seq",
                                                  "d1.d_quarter_seq",
                                                  "d1.d_year",
                                                  "d1.d_dow",
                                                  "d1.d_moy",
                                                  "d1.d_dom",
                                                  "d1.d_qoy",
                                                  "d1.d_fy_year",
                                                  "d1.d_fy_quarter_seq",
                                                  "d1.d_fy_week_seq",
                                                  "d1.d_day_name",
                                                  "d1.d_quarter_name",
                                                  "d1.d_holiday",
                                                  "d1.d_weekend",
                                                  "d1.d_following_holiday",
                                                  "d1.d_first_dom",
                                                  "d1.d_last_dom",
                                                  "d1.d_same_day_ly",
                                                  "d1.d_same_day_lq",
                                                  "d1.d_current_day",
                                                  "d1.d_current_week",
                                                  "d1.d_current_month",
                                                  "d1.d_current_quarter",
                                                  "d1.d_current_year"
                                                ],
                                                "Index Cond": "(d1.d_year = 1998)"
                                              }
                                            ]
                                          },
                                          {
                                            "Node Type": "Index Scan",
                                            "Parent Relationship": "Inner",
                                            "Parallel Aware": false,
                                            "Async Capable": false,
                                            "Scan Direction": "Forward",
                                            "Index Name": "date_dim_pkey",
                                            "Relation Name": "date_dim",
                                            "Schema": "public",
                                            "Alias": "d2",
                                            "Startup Cost": 0.29,
                                            "Total Cost": 5.44,
                                            "Plan Rows": 1,
                                            "Plan Width": 8,
                                            "Output": [
                                              "d2.d_date_sk",
                                              "d2.d_date_id",
                                              "d2.d_date",
                                              "d2.d_month_seq",
                                              "d2.d_week_seq",
                                              "d2.d_quarter_seq",
                                              "d2.d_year",
                                              "d2.d_dow",
                                              "d2.d_moy",
                                              "d2.d_dom",
                                              "d2.d_qoy",
                                              "d2.d_fy_year",
                                              "d2.d_fy_quarter_seq",
                                              "d2.d_fy_week_seq",
                                              "d2.d_day_name",
                                              "d2.d_quarter_name",
                                              "d2.d_holiday",
                                              "d2.d_weekend",
                                              "d2.d_following_holiday",
                                              "d2.d_first_dom",
                                              "d2.d_last_dom",
                                              "d2.d_same_day_ly",
                                              "d2.d_same_day_lq",
                                              "d2.d_current_day",
                                              "d2.d_current_week",
                                              "d2.d_current_month",
                                              "d2.d_current_quarter",
                                              "d2.d_current_year"
                                            ],
                                            "Index Cond": "(d2.d_date_sk = web_sales.ws_sold_date_sk)"
                                          }
                                        ]
                                      },
                                      {
                                        "Node Type": "Seq Scan",
                                        "Parent Relationship": "Inner",
                                        "Parallel Aware": false,
                                        "Async Capable": false,
                                        "Relation Name": "warehouse",
                                        "Schema": "public",
                                        "Alias": "warehouse",
                                        "Startup Cost": 0.0,
                                        "Total Cost": 1.1,
                                        "Plan Rows": 10,
                                        "Plan Width": 7,
                                        "Output": [
                                          "warehouse.w_warehouse_sk",
                                          "warehouse.w_warehouse_id",
                                          "warehouse.w_warehouse_name",
                                          "warehouse.w_warehouse_sq_ft",
                                          "warehouse.w_street_number",
                                          "warehouse.w_street_name",
                                          "warehouse.w_street_type",
                                          "warehouse.w_suite_number",
                                          "warehouse.w_city",
                                          "warehouse.w_county",
                                          "warehouse.w_state",
                                          "warehouse.w_zip",
                                          "warehouse.w_country",
                                          "warehouse.w_gmt_offset"
                                        ]
                                      }
                                    ]
                                  },
                                  {
                                    "Node Type": "Bitmap Heap Scan",
                                    "Parent Relationship": "Inner",
                                    "Parallel Aware": false,
                                    "Async Capable": false,
                                    "Relation Name": "store",
                                    "Schema": "public",
                                    "Alias": "store",
                                    "Startup Cost": 2.57,
                                    "Total Cost": 6.81,
                                    "Plan Rows": 3,
                                    "Plan Width": 3,
                                    "Output": [
                                      "store.s_store_sk",
                                      "store.s_store_id",
                                      "store.s_rec_start_date",
                                      "store.s_rec_end_date",
                                      "store.s_closed_date_sk",
                                      "store.s_store_name",
                                      "store.s_number_employees",
                                      "store.s_floor_space",
                                      "store.s_hours",
                                      "store.s_manager",
                                      "store.s_market_id",
                                      "store.s_geography_class",
                                      "store.s_market_desc",
                                      "store.s_market_manager",
                                      "store.s_division_id",
                                      "store.s_division_name",
                                      "store.s_company_id",
                                      "store.s_company_name",
                                      "store.s_street_number",
                                      "store.s_street_name",
                                      "store.s_street_type",
                                      "store.s_suite_number",
                                      "store.s_city",
                                      "store.s_county",
                                      "store.s_state",
                                      "store.s_zip",
                                      "store.s_country",
                                      "store.s_gmt_offset",
                                      "store.s_tax_precentage"
                                    ],
                                    "Recheck Cond": "(store.s_state = warehouse.w_state)",
                                    "Plans": [
                                      {
                                        "Node Type": "Bitmap Index Scan",
                                        "Parent Relationship": "Outer",
                                        "Parallel Aware": false,
                                        "Async Capable": false,
                                        "Index Name": "_dta_index_store_6_885578193__k25_k1",
                                        "Startup Cost": 0.0,
                                        "Total Cost": 2.56,
                                        "Plan Rows": 3,
                                        "Plan Width": 0,
                                        "Index Cond": "(store.s_state = warehouse.w_state)"
                                      }
                                    ]
                                  }
                                ]
                              },
                              {
                                "Node Type": "Index Scan",
                                "Parent Relationship": "Inner",
                                "Parallel Aware": false,
                                "Async Capable": false,
                                "Scan Direction": "Forward",
                                "Index Name": "customer_demographics_pkey",
                                "Relation Name": "customer_demographics",
                                "Schema": "public",
                                "Alias": "customer_demographics",
                                "Startup Cost": 0.43,
                                "Total Cost": 5.61,
                                "Plan Rows": 1,
                                "Plan Width": 29,
                                "Output": [
                                  "customer_demographics.cd_demo_sk",
                                  "customer_demographics.cd_gender",
                                  "customer_demographics.cd_marital_status",
                                  "customer_demographics.cd_education_status",
                                  "customer_demographics.cd_purchase_estimate",
                                  "customer_demographics.cd_credit_rating",
                                  "customer_demographics.cd_dep_count",
                                  "customer_demographics.cd_dep_employed_count",
                                  "customer_demographics.cd_dep_college_count"
                                ],
                                "Index Cond": "(customer_demographics.cd_demo_sk = customer.c_current_cdemo_sk)"
                              }
                            ]
                          },
                          {
                            "Node Type": "Index Scan",
                            "Parent Relationship": "Inner",
                            "Parallel Aware": false,
                            "Async Capable": false,
                            "Scan Direction": "Forward",
                            "Index Name": "inventory_pkey",
                            "Relation Name": "inventory",
                            "Schema": "public",
                            "Alias": "inventory",
                            "Startup Cost": 0.57,
                            "Total Cost": 8.59,
                            "Plan Rows": 1,
                            "Plan Width": 16,
                            "Output": [
                              "inventory.inv_date_sk",
                              "inventory.inv_item_sk",
                              "inventory.inv_warehouse_sk",
                              "inventory.inv_quantity_on_hand"
                            ],
                            "Index Cond": "((inventory.inv_date_sk = store_sales.ss_sold_date_sk) AND (inventory.inv_item_sk = store_sales.ss_item_sk) AND (inventory.inv_warehouse_sk = warehouse.w_warehouse_sk))",
                            "Filter": "(inventory.inv_quantity_on_hand >= store_sales.ss_quantity)"
                          }
                        ]
                      }
                    ]
                  }
                ]
              }
            ]
          }
        ]
      }
    }
  ],
  "original_sql": "select \n    cd_gender,\n    cd_marital_status,\n    cd_education_status,\n    hd_vehicle_count,\n    count(*) as cnt\nfrom\n    store_sales,\n    web_sales,\n    date_dim d1,\n    date_dim d2,\n    customer,\n    inventory,\n    store,\n    warehouse,\n    item,\n    customer_demographics,\n    household_demographics,\n    customer_address\n    where\n      ss_item_sk = i_item_sk\n      and ws_item_sk = ss_item_sk\n      and ss_sold_date_sk = d1.d_date_sk\n      and ws_sold_date_sk = d2.d_date_sk\n\t\t\tand d2.d_date between d1.d_date and (d1.d_date + interval '30 day')\n      and ss_customer_sk = c_customer_sk\n      and ws_bill_customer_sk = c_customer_sk\n      and ws_warehouse_sk = inv_warehouse_sk\n      and ws_warehouse_sk = w_warehouse_sk\n      and inv_item_sk = ss_item_sk\n      and inv_date_sk = ss_sold_date_sk\n      and inv_quantity_on_hand >= ss_quantity\n      and s_state = w_state\n      AND i_category IN ('Men', 'Shoes', 'Sports')\n      and i_manager_id IN (6, 11, 16, 17, 19, 28, 47, 82, 88, 98)\n      and c_current_cdemo_sk = cd_demo_sk\n      and c_current_hdemo_sk = hd_demo_sk\n      and c_current_addr_sk = ca_address_sk\n      and ca_state in ('AR', 'CA', 'KS', 'NY', 'VA')\n      and d1.d_year = 1998\n      and ws_wholesale_cost BETWEEN 76 AND 96\n    group by cd_gender, cd_marital_status, cd_education_status, hd_vehicle_count\n    order by cnt"
}