{
  "query_id": "query010_multi_s2",
  "engine": "postgresql",
  "benchmark": "dsb_156",
  "scale_factor": 10,
  "execution_time_ms": null,
  "planning_time_ms": 2.7071320000686683,
  "plan_json": [
    {
      "Plan": {
        "Node Type": "Limit",
        "Parallel Aware": false,
        "Async Capable": false,
        "Startup Cost": 753761.74,
        "Total Cost": 753761.78,
        "Plan Rows": 1,
        "Plan Width": 100,
        "Output": [
          "customer_demographics.cd_gender",
          "customer_demographics.cd_marital_status",
          "customer_demographics.cd_education_status",
          "(count(*))",
          "customer_demographics.cd_purchase_estimate",
          "(count(*))",
          "customer_demographics.cd_credit_rating",
          "(count(*))",
          "customer_demographics.cd_dep_count",
          "(count(*))",
          "customer_demographics.cd_dep_employed_count",
          "(count(*))",
          "customer_demographics.cd_dep_college_count",
          "(count(*))"
        ],
        "Plans": [
          {
            "Node Type": "Aggregate",
            "Strategy": "Sorted",
            "Partial Mode": "Simple",
            "Parent Relationship": "Outer",
            "Parallel Aware": false,
            "Async Capable": false,
            "Startup Cost": 753761.74,
            "Total Cost": 753761.78,
            "Plan Rows": 1,
            "Plan Width": 100,
            "Output": [
              "customer_demographics.cd_gender",
              "customer_demographics.cd_marital_status",
              "customer_demographics.cd_education_status",
              "count(*)",
              "customer_demographics.cd_purchase_estimate",
              "count(*)",
              "customer_demographics.cd_credit_rating",
              "count(*)",
              "customer_demographics.cd_dep_count",
              "count(*)",
              "customer_demographics.cd_dep_employed_count",
              "count(*)",
              "customer_demographics.cd_dep_college_count",
              "count(*)"
            ],
            "Group Key": [
              "customer_demographics.cd_gender",
              "customer_demographics.cd_marital_status",
              "customer_demographics.cd_education_status",
              "customer_demographics.cd_purchase_estimate",
              "customer_demographics.cd_credit_rating",
              "customer_demographics.cd_dep_count",
              "customer_demographics.cd_dep_employed_count",
              "customer_demographics.cd_dep_college_count"
            ],
            "Plans": [
              {
                "Node Type": "Sort",
                "Parent Relationship": "Outer",
                "Parallel Aware": false,
                "Async Capable": false,
                "Startup Cost": 753761.74,
                "Total Cost": 753761.75,
                "Plan Rows": 1,
                "Plan Width": 52,
                "Output": [
                  "customer_demographics.cd_gender",
                  "customer_demographics.cd_marital_status",
                  "customer_demographics.cd_education_status",
                  "customer_demographics.cd_purchase_estimate",
                  "customer_demographics.cd_credit_rating",
                  "customer_demographics.cd_dep_count",
                  "customer_demographics.cd_dep_employed_count",
                  "customer_demographics.cd_dep_college_count"
                ],
                "Sort Key": [
                  "customer_demographics.cd_marital_status",
                  "customer_demographics.cd_education_status",
                  "customer_demographics.cd_purchase_estimate",
                  "customer_demographics.cd_credit_rating",
                  "customer_demographics.cd_dep_count",
                  "customer_demographics.cd_dep_employed_count",
                  "customer_demographics.cd_dep_college_count"
                ],
                "Plans": [
                  {
                    "Node Type": "Nested Loop",
                    "Parent Relationship": "Outer",
                    "Parallel Aware": false,
                    "Async Capable": false,
                    "Join Type": "Inner",
                    "Startup Cost": 56817.84,
                    "Total Cost": 753761.73,
                    "Plan Rows": 1,
                    "Plan Width": 52,
                    "Output": [
                      "customer_demographics.cd_gender",
                      "customer_demographics.cd_marital_status",
                      "customer_demographics.cd_education_status",
                      "customer_demographics.cd_purchase_estimate",
                      "customer_demographics.cd_credit_rating",
                      "customer_demographics.cd_dep_count",
                      "customer_demographics.cd_dep_employed_count",
                      "customer_demographics.cd_dep_college_count"
                    ],
                    "Inner Unique": true,
                    "Plans": [
                      {
                        "Node Type": "Nested Loop",
                        "Parent Relationship": "Outer",
                        "Parallel Aware": false,
                        "Async Capable": false,
                        "Join Type": "Inner",
                        "Startup Cost": 56817.41,
                        "Total Cost": 753759.4,
                        "Plan Rows": 1,
                        "Plan Width": 4,
                        "Output": [
                          "c.c_current_cdemo_sk"
                        ],
                        "Inner Unique": true,
                        "Plans": [
                          {
                            "Node Type": "Nested Loop",
                            "Parent Relationship": "Outer",
                            "Parallel Aware": false,
                            "Async Capable": false,
                            "Join Type": "Inner",
                            "Startup Cost": 56816.99,
                            "Total Cost": 753758.12,
                            "Plan Rows": 1,
                            "Plan Width": 8,
                            "Output": [
                              "c.c_current_addr_sk",
                              "c.c_current_cdemo_sk"
                            ],
                            "Inner Unique": true,
                            "Plans": [
                              {
                                "Node Type": "Aggregate",
                                "Strategy": "Hashed",
                                "Partial Mode": "Simple",
                                "Parent Relationship": "Outer",
                                "Parallel Aware": false,
                                "Async Capable": false,
                                "Startup Cost": 56816.57,
                                "Total Cost": 56816.63,
                                "Plan Rows": 6,
                                "Plan Width": 4,
                                "Output": [
                                  "store_sales.ss_customer_sk"
                                ],
                                "Group Key": [
                                  "store_sales.ss_customer_sk"
                                ],
                                "Planned Partitions": 0,
                                "Plans": [
                                  {
                                    "Node Type": "Gather",
                                    "Parent Relationship": "Outer",
                                    "Parallel Aware": false,
                                    "Async Capable": false,
                                    "Startup Cost": 1001.15,
                                    "Total Cost": 56816.55,
                                    "Plan Rows": 6,
                                    "Plan Width": 4,
                                    "Output": [
                                      "store_sales.ss_customer_sk"
                                    ],
                                    "Workers Planned": 2,
                                    "Single Copy": false,
                                    "Plans": [
                                      {
                                        "Node Type": "Nested Loop",
                                        "Parent Relationship": "Outer",
                                        "Parallel Aware": false,
                                        "Async Capable": false,
                                        "Join Type": "Inner",
                                        "Startup Cost": 1.15,
                                        "Total Cost": 55815.95,
                                        "Plan Rows": 2,
                                        "Plan Width": 4,
                                        "Output": [
                                          "store_sales.ss_customer_sk"
                                        ],
                                        "Inner Unique": true,
                                        "Plans": [
                                          {
                                            "Node Type": "Nested Loop",
                                            "Parent Relationship": "Outer",
                                            "Parallel Aware": false,
                                            "Async Capable": false,
                                            "Join Type": "Inner",
                                            "Startup Cost": 0.85,
                                            "Total Cost": 55720.3,
                                            "Plan Rows": 95,
                                            "Plan Width": 8,
                                            "Output": [
                                              "store_sales.ss_customer_sk",
                                              "store_sales.ss_item_sk"
                                            ],
                                            "Inner Unique": false,
                                            "Plans": [
                                              {
                                                "Node Type": "Index Only Scan",
                                                "Parent Relationship": "Outer",
                                                "Parallel Aware": true,
                                                "Async Capable": false,
                                                "Scan Direction": "Forward",
                                                "Index Name": "_dta_index_date_dim_6_661577395__k1_k7_k9",
                                                "Relation Name": "date_dim",
                                                "Schema": "public",
                                                "Alias": "date_dim",
                                                "Startup Cost": 0.29,
                                                "Total Cost": 2041.91,
                                                "Plan Rows": 50,
                                                "Plan Width": 4,
                                                "Output": [
                                                  "date_dim.d_date_sk",
                                                  "date_dim.d_year",
                                                  "date_dim.d_moy"
                                                ],
                                                "Index Cond": "((date_dim.d_year = 1999) AND (date_dim.d_moy >= 5) AND (date_dim.d_moy <= 8))"
                                              },
                                              {
                                                "Node Type": "Index Only Scan",
                                                "Parent Relationship": "Inner",
                                                "Parallel Aware": false,
                                                "Async Capable": false,
                                                "Scan Direction": "Forward",
                                                "Index Name": "_dta_index_store_sales_6_1333579789__k1_k23_k14_k6_k8_k5_k7_3_4",
                                                "Relation Name": "store_sales",
                                                "Schema": "public",
                                                "Alias": "store_sales",
                                                "Startup Cost": 0.56,
                                                "Total Cost": 1072.9,
                                                "Plan Rows": 67,
                                                "Plan Width": 12,
                                                "Output": [
                                                  "store_sales.ss_sold_date_sk",
                                                  "store_sales.ss_net_profit",
                                                  "store_sales.ss_sales_price",
                                                  "store_sales.ss_hdemo_sk",
                                                  "store_sales.ss_store_sk",
                                                  "store_sales.ss_cdemo_sk",
                                                  "store_sales.ss_addr_sk",
                                                  "store_sales.ss_item_sk",
                                                  "store_sales.ss_customer_sk",
                                                  "store_sales.ss_promo_sk",
                                                  "store_sales.ss_ticket_number",
                                                  "store_sales.ss_quantity",
                                                  "store_sales.ss_wholesale_cost",
                                                  "store_sales.ss_list_price",
                                                  "store_sales.ss_ext_sales_price",
                                                  "store_sales.ss_ext_wholesale_cost",
                                                  "store_sales.ss_coupon_amt"
                                                ],
                                                "Index Cond": "(store_sales.ss_sold_date_sk = date_dim.d_date_sk)",
                                                "Filter": "(((store_sales.ss_sales_price / store_sales.ss_list_price) >= 0.65) AND ((store_sales.ss_sales_price / store_sales.ss_list_price) <= 0.75))"
                                              }
                                            ]
                                          },
                                          {
                                            "Node Type": "Index Scan",
                                            "Parent Relationship": "Inner",
                                            "Parallel Aware": false,
                                            "Async Capable": false,
                                            "Scan Direction": "Forward",
                                            "Index Name": "item_pkey",
                                            "Relation Name": "item",
                                            "Schema": "public",
                                            "Alias": "item",
                                            "Startup Cost": 0.29,
                                            "Total Cost": 1.01,
                                            "Plan Rows": 1,
                                            "Plan Width": 4,
                                            "Output": [
                                              "item.i_item_sk",
                                              "item.i_item_id",
                                              "item.i_rec_start_date",
                                              "item.i_rec_end_date",
                                              "item.i_item_desc",
                                              "item.i_current_price",
                                              "item.i_wholesale_cost",
                                              "item.i_brand_id",
                                              "item.i_brand",
                                              "item.i_class_id",
                                              "item.i_class",
                                              "item.i_category_id",
                                              "item.i_category",
                                              "item.i_manufact_id",
                                              "item.i_manufact",
                                              "item.i_size",
                                              "item.i_formulation",
                                              "item.i_color",
                                              "item.i_units",
                                              "item.i_container",
                                              "item.i_manager_id",
                                              "item.i_product_name"
                                            ],
                                            "Index Cond": "(item.i_item_sk = store_sales.ss_item_sk)",
                                            "Filter": "((item.i_manager_id >= 91) AND (item.i_manager_id <= 100) AND (item.i_category = ANY ('{Children,Home,Women}'::bpchar[])))"
                                          }
                                        ]
                                      }
                                    ]
                                  }
                                ]
                              },
                              {
                                "Node Type": "Index Scan",
                                "Parent Relationship": "Inner",
                                "Parallel Aware": false,
                                "Async Capable": false,
                                "Scan Direction": "Forward",
                                "Index Name": "_dta_index_customer_6_949578421__k1_k5",
                                "Relation Name": "customer",
                                "Schema": "public",
                                "Alias": "c",
                                "Startup Cost": 0.42,
                                "Total Cost": 116153.48,
                                "Plan Rows": 1,
                                "Plan Width": 12,
                                "Output": [
                                  "c.c_customer_sk",
                                  "c.c_customer_id",
                                  "c.c_current_cdemo_sk",
                                  "c.c_current_hdemo_sk",
                                  "c.c_current_addr_sk",
                                  "c.c_first_shipto_date_sk",
                                  "c.c_first_sales_date_sk",
                                  "c.c_salutation",
                                  "c.c_first_name",
                                  "c.c_last_name",
                                  "c.c_preferred_cust_flag",
                                  "c.c_birth_day",
                                  "c.c_birth_month",
                                  "c.c_birth_year",
                                  "c.c_birth_country",
                                  "c.c_login",
                                  "c.c_email_address",
                                  "c.c_last_review_date_sk"
                                ],
                                "Index Cond": "(c.c_customer_sk = store_sales.ss_customer_sk)",
                                "Filter": "((c.c_birth_month = ANY ('{4,5}'::integer[])) AND ((SubPlan 1) OR (hashed SubPlan 4)))",
                                "Plans": [
                                  {
                                    "Node Type": "Nested Loop",
                                    "Parent Relationship": "SubPlan",
                                    "Subplan Name": "SubPlan 1",
                                    "Parallel Aware": false,
                                    "Async Capable": false,
                                    "Join Type": "Inner",
                                    "Startup Cost": 1.14,
                                    "Total Cost": 1040.64,
                                    "Plan Rows": 1,
                                    "Plan Width": 0,
                                    "Inner Unique": true,
                                    "Plans": [
                                      {
                                        "Node Type": "Nested Loop",
                                        "Parent Relationship": "Outer",
                                        "Parallel Aware": false,
                                        "Async Capable": false,
                                        "Join Type": "Inner",
                                        "Startup Cost": 0.85,
                                        "Total Cost": 1032.31,
                                        "Plan Rows": 1,
                                        "Plan Width": 4,
                                        "Output": [
                                          "web_sales.ws_item_sk"
                                        ],
                                        "Inner Unique": false,
                                        "Plans": [
                                          {
                                            "Node Type": "Index Only Scan",
                                            "Parent Relationship": "Outer",
                                            "Parallel Aware": false,
                                            "Async Capable": false,
                                            "Scan Direction": "Forward",
                                            "Index Name": "_dta_index_date_dim_6_661577395__k7_k9_k1",
                                            "Relation Name": "date_dim",
                                            "Schema": "public",
                                            "Alias": "date_dim_1",
                                            "Startup Cost": 0.42,
                                            "Total Cost": 7.14,
                                            "Plan Rows": 121,
                                            "Plan Width": 4,
                                            "Output": [
                                              "date_dim_1.d_year",
                                              "date_dim_1.d_moy",
                                              "date_dim_1.d_date_sk"
                                            ],
                                            "Index Cond": "((date_dim_1.d_year = 1999) AND (date_dim_1.d_moy >= 5) AND (date_dim_1.d_moy <= 8))"
                                          },
                                          {
                                            "Node Type": "Index Scan",
                                            "Parent Relationship": "Inner",
                                            "Parallel Aware": false,
                                            "Async Capable": false,
                                            "Scan Direction": "Forward",
                                            "Index Name": "_dta_index_web_sales_6_1269579561__k1_k5",
                                            "Relation Name": "web_sales",
                                            "Schema": "public",
                                            "Alias": "web_sales",
                                            "Startup Cost": 0.43,
                                            "Total Cost": 8.46,
                                            "Plan Rows": 1,
                                            "Plan Width": 8,
                                            "Output": [
                                              "web_sales.ws_sold_date_sk",
                                              "web_sales.ws_sold_time_sk",
                                              "web_sales.ws_ship_date_sk",
                                              "web_sales.ws_item_sk",
                                              "web_sales.ws_bill_customer_sk",
                                              "web_sales.ws_bill_cdemo_sk",
                                              "web_sales.ws_bill_hdemo_sk",
                                              "web_sales.ws_bill_addr_sk",
                                              "web_sales.ws_ship_customer_sk",
                                              "web_sales.ws_ship_cdemo_sk",
                                              "web_sales.ws_ship_hdemo_sk",
                                              "web_sales.ws_ship_addr_sk",
                                              "web_sales.ws_web_page_sk",
                                              "web_sales.ws_web_site_sk",
                                              "web_sales.ws_ship_mode_sk",
                                              "web_sales.ws_warehouse_sk",
                                              "web_sales.ws_promo_sk",
                                              "web_sales.ws_order_number",
                                              "web_sales.ws_quantity",
                                              "web_sales.ws_wholesale_cost",
                                              "web_sales.ws_list_price",
                                              "web_sales.ws_sales_price",
                                              "web_sales.ws_ext_discount_amt",
                                              "web_sales.ws_ext_sales_price",
                                              "web_sales.ws_ext_wholesale_cost",
                                              "web_sales.ws_ext_list_price",
                                              "web_sales.ws_ext_tax",
                                              "web_sales.ws_coupon_amt",
                                              "web_sales.ws_ext_ship_cost",
                                              "web_sales.ws_net_paid",
                                              "web_sales.ws_net_paid_inc_tax",
                                              "web_sales.ws_net_paid_inc_ship",
                                              "web_sales.ws_net_paid_inc_ship_tax",
                                              "web_sales.ws_net_profit"
                                            ],
                                            "Index Cond": "((web_sales.ws_sold_date_sk = date_dim_1.d_date_sk) AND (web_sales.ws_bill_customer_sk = c.c_customer_sk))",
                                            "Filter": "(((web_sales.ws_sales_price / web_sales.ws_list_price) >= 0.65) AND ((web_sales.ws_sales_price / web_sales.ws_list_price) <= 0.75))"
                                          }
                                        ]
                                      },
                                      {
                                        "Node Type": "Index Scan",
                                        "Parent Relationship": "Inner",
                                        "Parallel Aware": false,
                                        "Async Capable": false,
                                        "Scan Direction": "Forward",
                                        "Index Name": "item_pkey",
                                        "Relation Name": "item",
                                        "Schema": "public",
                                        "Alias": "item_1",
                                        "Startup Cost": 0.29,
                                        "Total Cost": 8.32,
                                        "Plan Rows": 1,
                                        "Plan Width": 4,
                                        "Output": [
                                          "item_1.i_item_sk",
                                          "item_1.i_item_id",
                                          "item_1.i_rec_start_date",
                                          "item_1.i_rec_end_date",
                                          "item_1.i_item_desc",
                                          "item_1.i_current_price",
                                          "item_1.i_wholesale_cost",
                                          "item_1.i_brand_id",
                                          "item_1.i_brand",
                                          "item_1.i_class_id",
                                          "item_1.i_class",
                                          "item_1.i_category_id",
                                          "item_1.i_category",
                                          "item_1.i_manufact_id",
                                          "item_1.i_manufact",
                                          "item_1.i_size",
                                          "item_1.i_formulation",
                                          "item_1.i_color",
                                          "item_1.i_units",
                                          "item_1.i_container",
                                          "item_1.i_manager_id",
                                          "item_1.i_product_name"
                                        ],
                                        "Index Cond": "(item_1.i_item_sk = web_sales.ws_item_sk)",
                                        "Filter": "((item_1.i_manager_id >= 91) AND (item_1.i_manager_id <= 100) AND (item_1.i_category = ANY ('{Children,Home,Women}'::bpchar[])))"
                                      }
                                    ]
                                  },
                                  {
                                    "Node Type": "Gather",
                                    "Parent Relationship": "SubPlan",
                                    "Subplan Name": "SubPlan 4",
                                    "Parallel Aware": false,
                                    "Async Capable": false,
                                    "Startup Cost": 1001.02,
                                    "Total Cost": 49726.41,
                                    "Plan Rows": 3,
                                    "Plan Width": 4,
                                    "Output": [
                                      "catalog_sales.cs_ship_customer_sk"
                                    ],
                                    "Workers Planned": 2,
                                    "Single Copy": false,
                                    "Plans": [
                                      {
                                        "Node Type": "Nested Loop",
                                        "Parent Relationship": "Outer",
                                        "Parallel Aware": false,
                                        "Async Capable": false,
                                        "Join Type": "Inner",
                                        "Startup Cost": 1.02,
                                        "Total Cost": 48726.11,
                                        "Plan Rows": 1,
                                        "Plan Width": 4,
                                        "Output": [
                                          "catalog_sales.cs_ship_customer_sk"
                                        ],
                                        "Inner Unique": true,
                                        "Plans": [
                                          {
                                            "Node Type": "Nested Loop",
                                            "Parent Relationship": "Outer",
                                            "Parallel Aware": false,
                                            "Async Capable": false,
                                            "Join Type": "Inner",
                                            "Startup Cost": 0.73,
                                            "Total Cost": 48690.03,
                                            "Plan Rows": 50,
                                            "Plan Width": 8,
                                            "Output": [
                                              "catalog_sales.cs_ship_customer_sk",
                                              "catalog_sales.cs_item_sk"
                                            ],
                                            "Inner Unique": false,
                                            "Plans": [
                                              {
                                                "Node Type": "Index Only Scan",
                                                "Parent Relationship": "Outer",
                                                "Parallel Aware": true,
                                                "Async Capable": false,
                                                "Scan Direction": "Forward",
                                                "Index Name": "_dta_index_date_dim_6_661577395__k1_k7_k9",
                                                "Relation Name": "date_dim",
                                                "Schema": "public",
                                                "Alias": "date_dim_2",
                                                "Startup Cost": 0.29,
                                                "Total Cost": 2041.91,
                                                "Plan Rows": 50,
                                                "Plan Width": 4,
                                                "Output": [
                                                  "date_dim_2.d_date_sk",
                                                  "date_dim_2.d_year",
                                                  "date_dim_2.d_moy"
                                                ],
                                                "Index Cond": "((date_dim_2.d_year = 1999) AND (date_dim_2.d_moy >= 5) AND (date_dim_2.d_moy <= 8))"
                                              },
                                              {
                                                "Node Type": "Index Scan",
                                                "Parent Relationship": "Inner",
                                                "Parallel Aware": false,
                                                "Async Capable": false,
                                                "Scan Direction": "Forward",
                                                "Index Name": "_dta_index_catalog_sales_6_1301579675__k1_4",
                                                "Relation Name": "catalog_sales",
                                                "Schema": "public",
                                                "Alias": "catalog_sales",
                                                "Startup Cost": 0.43,
                                                "Total Cost": 932.62,
                                                "Plan Rows": 34,
                                                "Plan Width": 12,
                                                "Output": [
                                                  "catalog_sales.cs_sold_date_sk",
                                                  "catalog_sales.cs_sold_time_sk",
                                                  "catalog_sales.cs_ship_date_sk",
                                                  "catalog_sales.cs_bill_customer_sk",
                                                  "catalog_sales.cs_bill_cdemo_sk",
                                                  "catalog_sales.cs_bill_hdemo_sk",
                                                  "catalog_sales.cs_bill_addr_sk",
                                                  "catalog_sales.cs_ship_customer_sk",
                                                  "catalog_sales.cs_ship_cdemo_sk",
                                                  "catalog_sales.cs_ship_hdemo_sk",
                                                  "catalog_sales.cs_ship_addr_sk",
                                                  "catalog_sales.cs_call_center_sk",
                                                  "catalog_sales.cs_catalog_page_sk",
                                                  "catalog_sales.cs_ship_mode_sk",
                                                  "catalog_sales.cs_warehouse_sk",
                                                  "catalog_sales.cs_item_sk",
                                                  "catalog_sales.cs_promo_sk",
                                                  "catalog_sales.cs_order_number",
                                                  "catalog_sales.cs_quantity",
                                                  "catalog_sales.cs_wholesale_cost",
                                                  "catalog_sales.cs_list_price",
                                                  "catalog_sales.cs_sales_price",
                                                  "catalog_sales.cs_ext_discount_amt",
                                                  "catalog_sales.cs_ext_sales_price",
                                                  "catalog_sales.cs_ext_wholesale_cost",
                                                  "catalog_sales.cs_ext_list_price",
                                                  "catalog_sales.cs_ext_tax",
                                                  "catalog_sales.cs_coupon_amt",
                                                  "catalog_sales.cs_ext_ship_cost",
                                                  "catalog_sales.cs_net_paid",
                                                  "catalog_sales.cs_net_paid_inc_tax",
                                                  "catalog_sales.cs_net_paid_inc_ship",
                                                  "catalog_sales.cs_net_paid_inc_ship_tax",
                                                  "catalog_sales.cs_net_profit"
                                                ],
                                                "Index Cond": "(catalog_sales.cs_sold_date_sk = date_dim_2.d_date_sk)",
                                                "Filter": "(((catalog_sales.cs_sales_price / catalog_sales.cs_list_price) >= 0.65) AND ((catalog_sales.cs_sales_price / catalog_sales.cs_list_price) <= 0.75))"
                                              }
                                            ]
                                          },
                                          {
                                            "Node Type": "Index Scan",
                                            "Parent Relationship": "Inner",
                                            "Parallel Aware": false,
                                            "Async Capable": false,
                                            "Scan Direction": "Forward",
                                            "Index Name": "item_pkey",
                                            "Relation Name": "item",
                                            "Schema": "public",
                                            "Alias": "item_2",
                                            "Startup Cost": 0.29,
                                            "Total Cost": 0.72,
                                            "Plan Rows": 1,
                                            "Plan Width": 4,
                                            "Output": [
                                              "item_2.i_item_sk",
                                              "item_2.i_item_id",
                                              "item_2.i_rec_start_date",
                                              "item_2.i_rec_end_date",
                                              "item_2.i_item_desc",
                                              "item_2.i_current_price",
                                              "item_2.i_wholesale_cost",
                                              "item_2.i_brand_id",
                                              "item_2.i_brand",
                                              "item_2.i_class_id",
                                              "item_2.i_class",
                                              "item_2.i_category_id",
                                              "item_2.i_category",
                                              "item_2.i_manufact_id",
                                              "item_2.i_manufact",
                                              "item_2.i_size",
                                              "item_2.i_formulation",
                                              "item_2.i_color",
                                              "item_2.i_units",
                                              "item_2.i_container",
                                              "item_2.i_manager_id",
                                              "item_2.i_product_name"
                                            ],
                                            "Index Cond": "(item_2.i_item_sk = catalog_sales.cs_item_sk)",
                                            "Filter": "((item_2.i_manager_id >= 91) AND (item_2.i_manager_id <= 100) AND (item_2.i_category = ANY ('{Children,Home,Women}'::bpchar[])))"
                                          }
                                        ]
                                      }
                                    ]
                                  }
                                ]
                              }
                            ]
                          },
                          {
                            "Node Type": "Index Scan",
                            "Parent Relationship": "Inner",
                            "Parallel Aware": false,
                            "Async Capable": false,
                            "Scan Direction": "Forward",
                            "Index Name": "customer_address_pkey",
                            "Relation Name": "customer_address",
                            "Schema": "public",
                            "Alias": "ca",
                            "Startup Cost": 0.42,
                            "Total Cost": 1.28,
                            "Plan Rows": 1,
                            "Plan Width": 4,
                            "Output": [
                              "ca.ca_address_sk",
                              "ca.ca_address_id",
                              "ca.ca_street_number",
                              "ca.ca_street_name",
                              "ca.ca_street_type",
                              "ca.ca_suite_number",
                              "ca.ca_city",
                              "ca.ca_county",
                              "ca.ca_state",
                              "ca.ca_zip",
                              "ca.ca_country",
                              "ca.ca_gmt_offset",
                              "ca.ca_location_type"
                            ],
                            "Index Cond": "(ca.ca_address_sk = c.c_current_addr_sk)",
                            "Filter": "((ca.ca_county)::text = ANY ('{\"Alameda County\",\"Lexington city\",\"Pender County\",\"Petroleum County\",\"Walworth County\"}'::text[]))"
                          }
                        ]
                      },
                      {
                        "Node Type": "Index Scan",
                        "Parent Relationship": "Inner",
                        "Parallel Aware": false,
                        "Async Capable": false,
                        "Scan Direction": "Forward",
                        "Index Name": "customer_demographics_pkey",
                        "Relation Name": "customer_demographics",
                        "Schema": "public",
                        "Alias": "customer_demographics",
                        "Startup Cost": 0.43,
                        "Total Cost": 2.33,
                        "Plan Rows": 1,
                        "Plan Width": 56,
                        "Output": [
                          "customer_demographics.cd_demo_sk",
                          "customer_demographics.cd_gender",
                          "customer_demographics.cd_marital_status",
                          "customer_demographics.cd_education_status",
                          "customer_demographics.cd_purchase_estimate",
                          "customer_demographics.cd_credit_rating",
                          "customer_demographics.cd_dep_count",
                          "customer_demographics.cd_dep_employed_count",
                          "customer_demographics.cd_dep_college_count"
                        ],
                        "Index Cond": "(customer_demographics.cd_demo_sk = c.c_current_cdemo_sk)",
                        "Filter": "((customer_demographics.cd_gender = 'M'::bpchar) AND (customer_demographics.cd_marital_status = ANY ('{U,S,U}'::bpchar[])) AND (customer_demographics.cd_education_status = ANY ('{College,Secondary,College}'::bpchar[])))"
                      }
                    ]
                  }
                ]
              }
            ]
          }
        ]
      }
    }
  ],
  "original_sql": "select \n  cd_gender,\n  cd_marital_status,\n  cd_education_status,\n  count(*) cnt1,\n  cd_purchase_estimate,\n  count(*) cnt2,\n  cd_credit_rating,\n  count(*) cnt3,\n  cd_dep_count,\n  count(*) cnt4,\n  cd_dep_employed_count,\n  count(*) cnt5,\n  cd_dep_college_count,\n  count(*) cnt6\n from\n  customer c,customer_address ca,customer_demographics\n where\n  c.c_current_addr_sk = ca.ca_address_sk and\n  ca_county in ('Alameda County','Lexington city','Pender County','Petroleum County','Walworth County') and\n  c.c_birth_month in (4, 5) and\n  cd_demo_sk = c.c_current_cdemo_sk\n  and cd_marital_status in ('U', 'S', 'U')\n  and cd_education_status in ('College', 'Secondary', 'College')\n  and cd_gender = 'M' and\n  exists (select *\n          from store_sales,date_dim, item\n          where c.c_customer_sk = ss_customer_sk and\n                ss_sold_date_sk = d_date_sk and\n                d_year = 1999 and\n                d_moy between 5 and 5+3 and\n                ss_item_sk = i_item_sk and\n                i_category in ('Children', 'Home', 'Women')\n                and ss_sales_price / ss_list_price BETWEEN 65 * 0.01 AND 75 * 0.01\n                and i_manager_id BETWEEN 91 and 100\n                ) and\n   (exists (select *\n            from web_sales,date_dim, item\n            where c.c_customer_sk = ws_bill_customer_sk and\n                  ws_sold_date_sk = d_date_sk and\n                  d_year = 1999 and\n                  d_moy between 5 ANd 5+3 and\n                  ws_item_sk = i_item_sk and\n                  i_category in ('Children', 'Home', 'Women')\n                  and i_manager_id BETWEEN 91 and 100\n                  and ws_sales_price / ws_list_price BETWEEN 65 * 0.01 AND 75 * 0.01\n                  ) or\n    exists (select *\n            from catalog_sales,date_dim, item\n            where c.c_customer_sk = cs_ship_customer_sk and\n                  cs_sold_date_sk = d_date_sk and\n                  d_year = 1999 and\n                  d_moy between 5 and 5+3 and\n                  cs_item_sk = i_item_sk and\n                  i_category in ('Children', 'Home', 'Women')\n                  and i_manager_id BETWEEN 91 and 100\n                  and cs_sales_price / cs_list_price BETWEEN 65 * 0.01 AND 75 * 0.01\n                  ))\n group by cd_gender,\n          cd_marital_status,\n          cd_education_status,\n          cd_purchase_estimate,\n          cd_credit_rating,\n          cd_dep_count,\n          cd_dep_employed_count,\n          cd_dep_college_count\n order by cd_gender,\n          cd_marital_status,\n          cd_education_status,\n          cd_purchase_estimate,\n          cd_credit_rating,\n          cd_dep_count,\n          cd_dep_employed_count,\n          cd_dep_college_count\nlimit 100"
}