{
  "query_id": "query094_multi_s1",
  "engine": "postgresql",
  "benchmark": "dsb_156",
  "scale_factor": 10,
  "execution_time_ms": null,
  "planning_time_ms": 2.3858309996285243,
  "plan_json": [
    {
      "Plan": {
        "Node Type": "Limit",
        "Parallel Aware": false,
        "Async Capable": false,
        "Startup Cost": 185544.38,
        "Total Cost": 185544.39,
        "Plan Rows": 1,
        "Plan Width": 72,
        "Output": [
          "(count(DISTINCT ws1.ws_order_number))",
          "(sum(ws1.ws_ext_ship_cost))",
          "(sum(ws1.ws_net_profit))"
        ],
        "Plans": [
          {
            "Node Type": "Sort",
            "Parent Relationship": "Outer",
            "Parallel Aware": false,
            "Async Capable": false,
            "Startup Cost": 185544.38,
            "Total Cost": 185544.39,
            "Plan Rows": 1,
            "Plan Width": 72,
            "Output": [
              "(count(DISTINCT ws1.ws_order_number))",
              "(sum(ws1.ws_ext_ship_cost))",
              "(sum(ws1.ws_net_profit))"
            ],
            "Sort Key": [
              "(count(DISTINCT ws1.ws_order_number))"
            ],
            "Plans": [
              {
                "Node Type": "Aggregate",
                "Strategy": "Plain",
                "Partial Mode": "Simple",
                "Parent Relationship": "Outer",
                "Parallel Aware": false,
                "Async Capable": false,
                "Startup Cost": 185544.36,
                "Total Cost": 185544.37,
                "Plan Rows": 1,
                "Plan Width": 72,
                "Output": [
                  "count(DISTINCT ws1.ws_order_number)",
                  "sum(ws1.ws_ext_ship_cost)",
                  "sum(ws1.ws_net_profit)"
                ],
                "Plans": [
                  {
                    "Node Type": "Nested Loop",
                    "Parent Relationship": "Outer",
                    "Parallel Aware": false,
                    "Async Capable": false,
                    "Join Type": "Semi",
                    "Startup Cost": 37805.81,
                    "Total Cost": 185544.2,
                    "Plan Rows": 21,
                    "Plan Width": 16,
                    "Output": [
                      "ws1.ws_order_number",
                      "ws1.ws_ext_ship_cost",
                      "ws1.ws_net_profit"
                    ],
                    "Inner Unique": false,
                    "Plans": [
                      {
                        "Node Type": "Nested Loop",
                        "Parent Relationship": "Outer",
                        "Parallel Aware": false,
                        "Async Capable": false,
                        "Join Type": "Inner",
                        "Startup Cost": 37805.37,
                        "Total Cost": 185531.97,
                        "Plan Rows": 21,
                        "Plan Width": 20,
                        "Output": [
                          "ws1.ws_order_number",
                          "ws1.ws_ext_ship_cost",
                          "ws1.ws_net_profit",
                          "ws1.ws_warehouse_sk"
                        ],
                        "Inner Unique": true,
                        "Join Filter": "(ws1.ws_web_site_sk = web_site.web_site_sk)",
                        "Plans": [
                          {
                            "Node Type": "Gather",
                            "Parent Relationship": "Outer",
                            "Parallel Aware": false,
                            "Async Capable": false,
                            "Startup Cost": 37805.37,
                            "Total Cost": 185514.9,
                            "Plan Rows": 40,
                            "Plan Width": 24,
                            "Output": [
                              "ws1.ws_order_number",
                              "ws1.ws_ext_ship_cost",
                              "ws1.ws_net_profit",
                              "ws1.ws_web_site_sk",
                              "ws1.ws_warehouse_sk"
                            ],
                            "Workers Planned": 1,
                            "Single Copy": false,
                            "Plans": [
                              {
                                "Node Type": "Nested Loop",
                                "Parent Relationship": "Outer",
                                "Parallel Aware": false,
                                "Async Capable": false,
                                "Join Type": "Inner",
                                "Startup Cost": 36805.37,
                                "Total Cost": 184510.9,
                                "Plan Rows": 24,
                                "Plan Width": 24,
                                "Output": [
                                  "ws1.ws_order_number",
                                  "ws1.ws_ext_ship_cost",
                                  "ws1.ws_net_profit",
                                  "ws1.ws_web_site_sk",
                                  "ws1.ws_warehouse_sk"
                                ],
                                "Inner Unique": true,
                                "Plans": [
                                  {
                                    "Node Type": "Hash Join",
                                    "Parent Relationship": "Outer",
                                    "Parallel Aware": true,
                                    "Async Capable": false,
                                    "Join Type": "Anti",
                                    "Startup Cost": 36804.95,
                                    "Total Cost": 184454.4,
                                    "Plan Rows": 106,
                                    "Plan Width": 28,
                                    "Output": [
                                      "ws1.ws_order_number",
                                      "ws1.ws_ext_ship_cost",
                                      "ws1.ws_net_profit",
                                      "ws1.ws_ship_addr_sk",
                                      "ws1.ws_web_site_sk",
                                      "ws1.ws_warehouse_sk"
                                    ],
                                    "Inner Unique": false,
                                    "Hash Cond": "(ws1.ws_order_number = wr1.wr_order_number)",
                                    "Plans": [
                                      {
                                        "Node Type": "Nested Loop",
                                        "Parent Relationship": "Outer",
                                        "Parallel Aware": false,
                                        "Async Capable": false,
                                        "Join Type": "Inner",
                                        "Startup Cost": 0.43,
                                        "Total Cost": 147648.42,
                                        "Plan Rows": 138,
                                        "Plan Width": 28,
                                        "Output": [
                                          "ws1.ws_order_number",
                                          "ws1.ws_ext_ship_cost",
                                          "ws1.ws_net_profit",
                                          "ws1.ws_ship_addr_sk",
                                          "ws1.ws_web_site_sk",
                                          "ws1.ws_warehouse_sk"
                                        ],
                                        "Inner Unique": false,
                                        "Plans": [
                                          {
                                            "Node Type": "Seq Scan",
                                            "Parent Relationship": "Outer",
                                            "Parallel Aware": true,
                                            "Async Capable": false,
                                            "Relation Name": "date_dim",
                                            "Schema": "public",
                                            "Alias": "date_dim",
                                            "Startup Cost": 0.0,
                                            "Total Cost": 2049.55,
                                            "Plan Rows": 36,
                                            "Plan Width": 4,
                                            "Output": [
                                              "date_dim.d_date_sk",
                                              "date_dim.d_date_id",
                                              "date_dim.d_date",
                                              "date_dim.d_month_seq",
                                              "date_dim.d_week_seq",
                                              "date_dim.d_quarter_seq",
                                              "date_dim.d_year",
                                              "date_dim.d_dow",
                                              "date_dim.d_moy",
                                              "date_dim.d_dom",
                                              "date_dim.d_qoy",
                                              "date_dim.d_fy_year",
                                              "date_dim.d_fy_quarter_seq",
                                              "date_dim.d_fy_week_seq",
                                              "date_dim.d_day_name",
                                              "date_dim.d_quarter_name",
                                              "date_dim.d_holiday",
                                              "date_dim.d_weekend",
                                              "date_dim.d_following_holiday",
                                              "date_dim.d_first_dom",
                                              "date_dim.d_last_dom",
                                              "date_dim.d_same_day_ly",
                                              "date_dim.d_same_day_lq",
                                              "date_dim.d_current_day",
                                              "date_dim.d_current_week",
                                              "date_dim.d_current_month",
                                              "date_dim.d_current_quarter",
                                              "date_dim.d_current_year"
                                            ],
                                            "Filter": "((date_dim.d_date >= '2002-09-01'::date) AND (date_dim.d_date <= '2002-10-31 00:00:00'::timestamp without time zone))"
                                          },
                                          {
                                            "Node Type": "Index Scan",
                                            "Parent Relationship": "Inner",
                                            "Parallel Aware": false,
                                            "Async Capable": false,
                                            "Scan Direction": "Forward",
                                            "Index Name": "_dta_index_web_sales_6_1269579561__k3_k18_k12_k14_16_29_34",
                                            "Relation Name": "web_sales",
                                            "Schema": "public",
                                            "Alias": "ws1",
                                            "Startup Cost": 0.43,
                                            "Total Cost": 4043.16,
                                            "Plan Rows": 125,
                                            "Plan Width": 32,
                                            "Output": [
                                              "ws1.ws_sold_date_sk",
                                              "ws1.ws_sold_time_sk",
                                              "ws1.ws_ship_date_sk",
                                              "ws1.ws_item_sk",
                                              "ws1.ws_bill_customer_sk",
                                              "ws1.ws_bill_cdemo_sk",
                                              "ws1.ws_bill_hdemo_sk",
                                              "ws1.ws_bill_addr_sk",
                                              "ws1.ws_ship_customer_sk",
                                              "ws1.ws_ship_cdemo_sk",
                                              "ws1.ws_ship_hdemo_sk",
                                              "ws1.ws_ship_addr_sk",
                                              "ws1.ws_web_page_sk",
                                              "ws1.ws_web_site_sk",
                                              "ws1.ws_ship_mode_sk",
                                              "ws1.ws_warehouse_sk",
                                              "ws1.ws_promo_sk",
                                              "ws1.ws_order_number",
                                              "ws1.ws_quantity",
                                              "ws1.ws_wholesale_cost",
                                              "ws1.ws_list_price",
                                              "ws1.ws_sales_price",
                                              "ws1.ws_ext_discount_amt",
                                              "ws1.ws_ext_sales_price",
                                              "ws1.ws_ext_wholesale_cost",
                                              "ws1.ws_ext_list_price",
                                              "ws1.ws_ext_tax",
                                              "ws1.ws_coupon_amt",
                                              "ws1.ws_ext_ship_cost",
                                              "ws1.ws_net_paid",
                                              "ws1.ws_net_paid_inc_tax",
                                              "ws1.ws_net_paid_inc_ship",
                                              "ws1.ws_net_paid_inc_ship_tax",
                                              "ws1.ws_net_profit"
                                            ],
                                            "Index Cond": "(ws1.ws_ship_date_sk = date_dim.d_date_sk)",
                                            "Filter": "((ws1.ws_list_price >= '237'::numeric) AND (ws1.ws_list_price <= '266'::numeric))"
                                          }
                                        ]
                                      },
                                      {
                                        "Node Type": "Hash",
                                        "Parent Relationship": "Inner",
                                        "Parallel Aware": true,
                                        "Async Capable": false,
                                        "Startup Cost": 36269.4,
                                        "Total Cost": 36269.4,
                                        "Plan Rows": 42810,
                                        "Plan Width": 4,
                                        "Output": [
                                          "wr1.wr_order_number"
                                        ],
                                        "Plans": [
                                          {
                                            "Node Type": "Seq Scan",
                                            "Parent Relationship": "Outer",
                                            "Parallel Aware": true,
                                            "Async Capable": false,
                                            "Relation Name": "web_returns",
                                            "Schema": "public",
                                            "Alias": "wr1",
                                            "Startup Cost": 0.0,
                                            "Total Cost": 36269.4,
                                            "Plan Rows": 42810,
                                            "Plan Width": 4,
                                            "Output": [
                                              "wr1.wr_order_number"
                                            ],
                                            "Filter": "(wr1.wr_reason_sk = ANY ('{7,25,26,52,69}'::integer[]))"
                                          }
                                        ]
                                      }
                                    ]
                                  },
                                  {
                                    "Node Type": "Index Scan",
                                    "Parent Relationship": "Inner",
                                    "Parallel Aware": false,
                                    "Async Capable": false,
                                    "Scan Direction": "Forward",
                                    "Index Name": "customer_address_pkey",
                                    "Relation Name": "customer_address",
                                    "Schema": "public",
                                    "Alias": "customer_address",
                                    "Startup Cost": 0.42,
                                    "Total Cost": 0.53,
                                    "Plan Rows": 1,
                                    "Plan Width": 4,
                                    "Output": [
                                      "customer_address.ca_address_sk",
                                      "customer_address.ca_address_id",
                                      "customer_address.ca_street_number",
                                      "customer_address.ca_street_name",
                                      "customer_address.ca_street_type",
                                      "customer_address.ca_suite_number",
                                      "customer_address.ca_city",
                                      "customer_address.ca_county",
                                      "customer_address.ca_state",
                                      "customer_address.ca_zip",
                                      "customer_address.ca_country",
                                      "customer_address.ca_gmt_offset",
                                      "customer_address.ca_location_type"
                                    ],
                                    "Index Cond": "(customer_address.ca_address_sk = ws1.ws_ship_addr_sk)",
                                    "Filter": "(customer_address.ca_state = ANY ('{CA,MI,OH,SD,TX,VA}'::bpchar[]))"
                                  }
                                ]
                              }
                            ]
                          },
                          {
                            "Node Type": "Materialize",
                            "Parent Relationship": "Inner",
                            "Parallel Aware": false,
                            "Async Capable": false,
                            "Startup Cost": 0.0,
                            "Total Cost": 3.64,
                            "Plan Rows": 23,
                            "Plan Width": 4,
                            "Output": [
                              "web_site.web_site_sk"
                            ],
                            "Plans": [
                              {
                                "Node Type": "Seq Scan",
                                "Parent Relationship": "Outer",
                                "Parallel Aware": false,
                                "Async Capable": false,
                                "Relation Name": "web_site",
                                "Schema": "public",
                                "Alias": "web_site",
                                "Startup Cost": 0.0,
                                "Total Cost": 3.52,
                                "Plan Rows": 23,
                                "Plan Width": 4,
                                "Output": [
                                  "web_site.web_site_sk"
                                ],
                                "Filter": "(web_site.web_gmt_offset >= '-5'::numeric)"
                              }
                            ]
                          }
                        ]
                      },
                      {
                        "Node Type": "Index Only Scan",
                        "Parent Relationship": "Inner",
                        "Parallel Aware": false,
                        "Async Capable": false,
                        "Scan Direction": "Forward",
                        "Index Name": "_dta_index_web_sales_6_1269579561__k18_16",
                        "Relation Name": "web_sales",
                        "Schema": "public",
                        "Alias": "ws2",
                        "Startup Cost": 0.43,
                        "Total Cost": 2.06,
                        "Plan Rows": 60,
                        "Plan Width": 8,
                        "Output": [
                          "ws2.ws_order_number",
                          "ws2.ws_warehouse_sk"
                        ],
                        "Index Cond": "(ws2.ws_order_number = ws1.ws_order_number)",
                        "Filter": "(ws1.ws_warehouse_sk <> ws2.ws_warehouse_sk)"
                      }
                    ]
                  }
                ]
              }
            ]
          }
        ]
      }
    }
  ],
  "original_sql": "select \n   count(distinct ws_order_number) as \"order count\"\n  ,sum(ws_ext_ship_cost) as \"total shipping cost\"\n  ,sum(ws_net_profit) as \"total net profit\"\nfrom\n   web_sales ws1\n  ,date_dim\n  ,customer_address\n  ,web_site\nwhere\n    d_date between '2002-9-01' and\n           cast('2002-9-01' as date) + interval '60 day'\nand ws1.ws_ship_date_sk = d_date_sk\nand ws1.ws_ship_addr_sk = ca_address_sk\nand ca_state in ('CA','MI','OH'\n            ,'SD' ,'TX' ,'VA')\nand ws1.ws_web_site_sk = web_site_sk\nand web_gmt_offset >= -5\nand ws1.ws_list_price between 237 and 266\nand exists (select *\n            from web_sales ws2\n            where ws1.ws_order_number = ws2.ws_order_number\n              and ws1.ws_warehouse_sk <> ws2.ws_warehouse_sk)\nand not exists(select *\n               from web_returns wr1\n               where ws1.ws_order_number = wr1.wr_order_number\n               and wr1.wr_reason_sk in (7, 25, 26, 52, 69)\n               )\norder by count(distinct ws_order_number)\nlimit 100"
}