{
  "query_id": "query059_multi_s3",
  "engine": "postgresql",
  "benchmark": "dsb_156",
  "scale_factor": 10,
  "execution_time_ms": null,
  "planning_time_ms": 1.3585960005002562,
  "plan_json": [
    {
      "Plan": {
        "Node Type": "Limit",
        "Parallel Aware": false,
        "Async Capable": false,
        "Startup Cost": 791578.85,
        "Total Cost": 791578.86,
        "Plan Rows": 1,
        "Plan Width": 249,
        "Output": [
          "store.s_store_name",
          "store.s_store_id",
          "wss.d_week_seq",
          "((wss.sun_sales / wss_1.sun_sales))",
          "((wss.mon_sales / wss_1.mon_sales))",
          "((wss.tue_sales / wss_1.tue_sales))",
          "((wss.wed_sales / wss_1.wed_sales))",
          "((wss.thu_sales / wss_1.thu_sales))",
          "((wss.fri_sales / wss_1.fri_sales))",
          "((wss.sat_sales / wss_1.sat_sales))"
        ],
        "Plans": [
          {
            "Node Type": "Aggregate",
            "Strategy": "Sorted",
            "Partial Mode": "Simple",
            "Parent Relationship": "InitPlan",
            "Subplan Name": "CTE wss",
            "Parallel Aware": false,
            "Async Capable": false,
            "Startup Cost": 759536.67,
            "Total Cost": 784793.43,
            "Plan Rows": 137290,
            "Plan Width": 232,
            "Output": [
              "date_dim.d_week_seq",
              "store_sales.ss_store_sk",
              "sum(CASE WHEN (date_dim.d_day_name = 'Sunday'::bpchar) THEN store_sales.ss_sales_price ELSE NULL::numeric END)",
              "sum(CASE WHEN (date_dim.d_day_name = 'Monday'::bpchar) THEN store_sales.ss_sales_price ELSE NULL::numeric END)",
              "sum(CASE WHEN (date_dim.d_day_name = 'Tuesday'::bpchar) THEN store_sales.ss_sales_price ELSE NULL::numeric END)",
              "sum(CASE WHEN (date_dim.d_day_name = 'Wednesday'::bpchar) THEN store_sales.ss_sales_price ELSE NULL::numeric END)",
              "sum(CASE WHEN (date_dim.d_day_name = 'Thursday'::bpchar) THEN store_sales.ss_sales_price ELSE NULL::numeric END)",
              "sum(CASE WHEN (date_dim.d_day_name = 'Friday'::bpchar) THEN store_sales.ss_sales_price ELSE NULL::numeric END)",
              "sum(CASE WHEN (date_dim.d_day_name = 'Saturday'::bpchar) THEN store_sales.ss_sales_price ELSE NULL::numeric END)"
            ],
            "Group Key": [
              "date_dim.d_week_seq",
              "store_sales.ss_store_sk"
            ],
            "Plans": [
              {
                "Node Type": "Gather Merge",
                "Parent Relationship": "Outer",
                "Parallel Aware": false,
                "Async Capable": false,
                "Startup Cost": 759536.67,
                "Total Cost": 775526.35,
                "Plan Rows": 137290,
                "Plan Width": 24,
                "Output": [
                  "date_dim.d_week_seq",
                  "store_sales.ss_store_sk",
                  "date_dim.d_day_name",
                  "store_sales.ss_sales_price"
                ],
                "Workers Planned": 2,
                "Plans": [
                  {
                    "Node Type": "Sort",
                    "Parent Relationship": "Outer",
                    "Parallel Aware": false,
                    "Async Capable": false,
                    "Startup Cost": 758536.65,
                    "Total Cost": 758679.66,
                    "Plan Rows": 57204,
                    "Plan Width": 24,
                    "Output": [
                      "date_dim.d_week_seq",
                      "store_sales.ss_store_sk",
                      "date_dim.d_day_name",
                      "store_sales.ss_sales_price"
                    ],
                    "Sort Key": [
                      "date_dim.d_week_seq",
                      "store_sales.ss_store_sk"
                    ],
                    "Plans": [
                      {
                        "Node Type": "Nested Loop",
                        "Parent Relationship": "Outer",
                        "Parallel Aware": false,
                        "Async Capable": false,
                        "Join Type": "Inner",
                        "Startup Cost": 0.3,
                        "Total Cost": 754016.44,
                        "Plan Rows": 57204,
                        "Plan Width": 24,
                        "Output": [
                          "date_dim.d_week_seq",
                          "store_sales.ss_store_sk",
                          "date_dim.d_day_name",
                          "store_sales.ss_sales_price"
                        ],
                        "Inner Unique": true,
                        "Plans": [
                          {
                            "Node Type": "Seq Scan",
                            "Parent Relationship": "Outer",
                            "Parallel Aware": true,
                            "Async Capable": false,
                            "Relation Name": "store_sales",
                            "Schema": "public",
                            "Alias": "store_sales",
                            "Startup Cost": 0.0,
                            "Total Cost": 752212.87,
                            "Plan Rows": 60007,
                            "Plan Width": 14,
                            "Output": [
                              "store_sales.ss_sold_date_sk",
                              "store_sales.ss_sold_time_sk",
                              "store_sales.ss_item_sk",
                              "store_sales.ss_customer_sk",
                              "store_sales.ss_cdemo_sk",
                              "store_sales.ss_hdemo_sk",
                              "store_sales.ss_addr_sk",
                              "store_sales.ss_store_sk",
                              "store_sales.ss_promo_sk",
                              "store_sales.ss_ticket_number",
                              "store_sales.ss_quantity",
                              "store_sales.ss_wholesale_cost",
                              "store_sales.ss_list_price",
                              "store_sales.ss_sales_price",
                              "store_sales.ss_ext_discount_amt",
                              "store_sales.ss_ext_sales_price",
                              "store_sales.ss_ext_wholesale_cost",
                              "store_sales.ss_ext_list_price",
                              "store_sales.ss_ext_tax",
                              "store_sales.ss_coupon_amt",
                              "store_sales.ss_net_paid",
                              "store_sales.ss_net_paid_inc_tax",
                              "store_sales.ss_net_profit"
                            ],
                            "Filter": "(((store_sales.ss_sales_price / store_sales.ss_list_price) >= 0.09) AND ((store_sales.ss_sales_price / store_sales.ss_list_price) <= 0.29))"
                          },
                          {
                            "Node Type": "Memoize",
                            "Parent Relationship": "Inner",
                            "Parallel Aware": false,
                            "Async Capable": false,
                            "Startup Cost": 0.3,
                            "Total Cost": 0.36,
                            "Plan Rows": 1,
                            "Plan Width": 18,
                            "Output": [
                              "date_dim.d_week_seq",
                              "date_dim.d_day_name",
                              "date_dim.d_date_sk"
                            ],
                            "Cache Key": "store_sales.ss_sold_date_sk",
                            "Cache Mode": "logical",
                            "Plans": [
                              {
                                "Node Type": "Index Scan",
                                "Parent Relationship": "Outer",
                                "Parallel Aware": false,
                                "Async Capable": false,
                                "Scan Direction": "Forward",
                                "Index Name": "date_dim_pkey",
                                "Relation Name": "date_dim",
                                "Schema": "public",
                                "Alias": "date_dim",
                                "Startup Cost": 0.29,
                                "Total Cost": 0.35,
                                "Plan Rows": 1,
                                "Plan Width": 18,
                                "Output": [
                                  "date_dim.d_week_seq",
                                  "date_dim.d_day_name",
                                  "date_dim.d_date_sk"
                                ],
                                "Index Cond": "(date_dim.d_date_sk = store_sales.ss_sold_date_sk)"
                              }
                            ]
                          }
                        ]
                      }
                    ]
                  }
                ]
              }
            ]
          },
          {
            "Node Type": "Sort",
            "Parent Relationship": "Outer",
            "Parallel Aware": false,
            "Async Capable": false,
            "Startup Cost": 6785.43,
            "Total Cost": 6785.43,
            "Plan Rows": 1,
            "Plan Width": 249,
            "Output": [
              "store.s_store_name",
              "store.s_store_id",
              "wss.d_week_seq",
              "((wss.sun_sales / wss_1.sun_sales))",
              "((wss.mon_sales / wss_1.mon_sales))",
              "((wss.tue_sales / wss_1.tue_sales))",
              "((wss.wed_sales / wss_1.wed_sales))",
              "((wss.thu_sales / wss_1.thu_sales))",
              "((wss.fri_sales / wss_1.fri_sales))",
              "((wss.sat_sales / wss_1.sat_sales))"
            ],
            "Sort Key": [
              "store.s_store_name",
              "store.s_store_id",
              "wss.d_week_seq"
            ],
            "Plans": [
              {
                "Node Type": "Nested Loop",
                "Parent Relationship": "Outer",
                "Parallel Aware": false,
                "Async Capable": false,
                "Join Type": "Inner",
                "Startup Cost": 3448.59,
                "Total Cost": 6785.42,
                "Plan Rows": 1,
                "Plan Width": 249,
                "Output": [
                  "store.s_store_name",
                  "store.s_store_id",
                  "wss.d_week_seq",
                  "(wss.sun_sales / wss_1.sun_sales)",
                  "(wss.mon_sales / wss_1.mon_sales)",
                  "(wss.tue_sales / wss_1.tue_sales)",
                  "(wss.wed_sales / wss_1.wed_sales)",
                  "(wss.thu_sales / wss_1.thu_sales)",
                  "(wss.fri_sales / wss_1.fri_sales)",
                  "(wss.sat_sales / wss_1.sat_sales)"
                ],
                "Inner Unique": true,
                "Join Filter": "(store_1.s_store_id = store.s_store_id)",
                "Plans": [
                  {
                    "Node Type": "Hash Join",
                    "Parent Relationship": "Outer",
                    "Parallel Aware": false,
                    "Async Capable": false,
                    "Join Type": "Inner",
                    "Startup Cost": 3448.45,
                    "Total Cost": 6713.05,
                    "Plan Rows": 396,
                    "Plan Width": 473,
                    "Output": [
                      "wss.d_week_seq",
                      "wss.sun_sales",
                      "wss.mon_sales",
                      "wss.tue_sales",
                      "wss.wed_sales",
                      "wss.thu_sales",
                      "wss.fri_sales",
                      "wss.sat_sales",
                      "wss.ss_store_sk",
                      "wss_1.sun_sales",
                      "wss_1.mon_sales",
                      "wss_1.tue_sales",
                      "wss_1.wed_sales",
                      "wss_1.thu_sales",
                      "wss_1.fri_sales",
                      "wss_1.sat_sales",
                      "store_1.s_store_id"
                    ],
                    "Inner Unique": false,
                    "Hash Cond": "(wss.d_week_seq = d.d_week_seq)",
                    "Plans": [
                      {
                        "Node Type": "CTE Scan",
                        "Parent Relationship": "Outer",
                        "Parallel Aware": false,
                        "Async Capable": false,
                        "CTE Name": "wss",
                        "Alias": "wss",
                        "Startup Cost": 0.0,
                        "Total Cost": 2745.8,
                        "Plan Rows": 137290,
                        "Plan Width": 232,
                        "Output": [
                          "wss.d_week_seq",
                          "wss.ss_store_sk",
                          "wss.sun_sales",
                          "wss.mon_sales",
                          "wss.tue_sales",
                          "wss.wed_sales",
                          "wss.thu_sales",
                          "wss.fri_sales",
                          "wss.sat_sales"
                        ]
                      },
                      {
                        "Node Type": "Hash",
                        "Parent Relationship": "Inner",
                        "Parallel Aware": false,
                        "Async Capable": false,
                        "Startup Cost": 3448.08,
                        "Total Cost": 3448.08,
                        "Plan Rows": 30,
                        "Plan Width": 249,
                        "Output": [
                          "d.d_week_seq",
                          "wss_1.sun_sales",
                          "wss_1.mon_sales",
                          "wss_1.tue_sales",
                          "wss_1.wed_sales",
                          "wss_1.thu_sales",
                          "wss_1.fri_sales",
                          "wss_1.sat_sales",
                          "wss_1.d_week_seq",
                          "store_1.s_store_id"
                        ],
                        "Plans": [
                          {
                            "Node Type": "Hash Join",
                            "Parent Relationship": "Outer",
                            "Parallel Aware": false,
                            "Async Capable": false,
                            "Join Type": "Inner",
                            "Startup Cost": 71.43,
                            "Total Cost": 3448.08,
                            "Plan Rows": 30,
                            "Plan Width": 249,
                            "Output": [
                              "d.d_week_seq",
                              "wss_1.sun_sales",
                              "wss_1.mon_sales",
                              "wss_1.tue_sales",
                              "wss_1.wed_sales",
                              "wss_1.thu_sales",
                              "wss_1.fri_sales",
                              "wss_1.sat_sales",
                              "wss_1.d_week_seq",
                              "store_1.s_store_id"
                            ],
                            "Inner Unique": false,
                            "Hash Cond": "((wss_1.d_week_seq - 52) = d.d_week_seq)",
                            "Plans": [
                              {
                                "Node Type": "Hash Join",
                                "Parent Relationship": "Outer",
                                "Parallel Aware": false,
                                "Async Capable": false,
                                "Join Type": "Inner",
                                "Startup Cost": 38.97,
                                "Total Cost": 3399.9,
                                "Plan Rows": 771,
                                "Plan Width": 245,
                                "Output": [
                                  "wss_1.sun_sales",
                                  "wss_1.mon_sales",
                                  "wss_1.tue_sales",
                                  "wss_1.wed_sales",
                                  "wss_1.thu_sales",
                                  "wss_1.fri_sales",
                                  "wss_1.sat_sales",
                                  "wss_1.d_week_seq",
                                  "store_1.s_store_id"
                                ],
                                "Inner Unique": false,
                                "Hash Cond": "(wss_1.d_week_seq = d_1.d_week_seq)",
                                "Plans": [
                                  {
                                    "Node Type": "Hash Join",
                                    "Parent Relationship": "Outer",
                                    "Parallel Aware": false,
                                    "Async Capable": false,
                                    "Join Type": "Inner",
                                    "Startup Cost": 7.43,
                                    "Total Cost": 3121.25,
                                    "Plan Rows": 21280,
                                    "Plan Width": 245,
                                    "Output": [
                                      "wss_1.sun_sales",
                                      "wss_1.mon_sales",
                                      "wss_1.tue_sales",
                                      "wss_1.wed_sales",
                                      "wss_1.thu_sales",
                                      "wss_1.fri_sales",
                                      "wss_1.sat_sales",
                                      "wss_1.d_week_seq",
                                      "store_1.s_store_id"
                                    ],
                                    "Inner Unique": true,
                                    "Hash Cond": "(wss_1.ss_store_sk = store_1.s_store_sk)",
                                    "Plans": [
                                      {
                                        "Node Type": "CTE Scan",
                                        "Parent Relationship": "Outer",
                                        "Parallel Aware": false,
                                        "Async Capable": false,
                                        "CTE Name": "wss",
                                        "Alias": "wss_1",
                                        "Startup Cost": 0.0,
                                        "Total Cost": 2745.8,
                                        "Plan Rows": 137290,
                                        "Plan Width": 232,
                                        "Output": [
                                          "wss_1.d_week_seq",
                                          "wss_1.ss_store_sk",
                                          "wss_1.sun_sales",
                                          "wss_1.mon_sales",
                                          "wss_1.tue_sales",
                                          "wss_1.wed_sales",
                                          "wss_1.thu_sales",
                                          "wss_1.fri_sales",
                                          "wss_1.sat_sales"
                                        ]
                                      },
                                      {
                                        "Node Type": "Hash",
                                        "Parent Relationship": "Inner",
                                        "Parallel Aware": false,
                                        "Async Capable": false,
                                        "Startup Cost": 7.04,
                                        "Total Cost": 7.04,
                                        "Plan Rows": 31,
                                        "Plan Width": 21,
                                        "Output": [
                                          "store_1.s_store_sk",
                                          "store_1.s_store_id"
                                        ],
                                        "Plans": [
                                          {
                                            "Node Type": "Seq Scan",
                                            "Parent Relationship": "Outer",
                                            "Parallel Aware": false,
                                            "Async Capable": false,
                                            "Relation Name": "store",
                                            "Schema": "public",
                                            "Alias": "store_1",
                                            "Startup Cost": 0.0,
                                            "Total Cost": 7.04,
                                            "Plan Rows": 31,
                                            "Plan Width": 21,
                                            "Output": [
                                              "store_1.s_store_sk",
                                              "store_1.s_store_id"
                                            ],
                                            "Filter": "(store_1.s_state = ANY ('{GA,IA,IL,MN,MO,TN,VA,WI}'::bpchar[]))"
                                          }
                                        ]
                                      }
                                    ]
                                  },
                                  {
                                    "Node Type": "Hash",
                                    "Parent Relationship": "Inner",
                                    "Parallel Aware": false,
                                    "Async Capable": false,
                                    "Startup Cost": 26.83,
                                    "Total Cost": 26.83,
                                    "Plan Rows": 377,
                                    "Plan Width": 4,
                                    "Output": [
                                      "d_1.d_week_seq"
                                    ],
                                    "Plans": [
                                      {
                                        "Node Type": "Index Scan",
                                        "Parent Relationship": "Outer",
                                        "Parallel Aware": false,
                                        "Async Capable": false,
                                        "Scan Direction": "Forward",
                                        "Index Name": "_dta_index_date_dim_6_661577395__k4_1",
                                        "Relation Name": "date_dim",
                                        "Schema": "public",
                                        "Alias": "d_1",
                                        "Startup Cost": 0.29,
                                        "Total Cost": 26.83,
                                        "Plan Rows": 377,
                                        "Plan Width": 4,
                                        "Output": [
                                          "d_1.d_week_seq"
                                        ],
                                        "Index Cond": "((d_1.d_month_seq >= 1204) AND (d_1.d_month_seq <= 1215))"
                                      }
                                    ]
                                  }
                                ]
                              },
                              {
                                "Node Type": "Hash",
                                "Parent Relationship": "Inner",
                                "Parallel Aware": false,
                                "Async Capable": false,
                                "Startup Cost": 27.39,
                                "Total Cost": 27.39,
                                "Plan Rows": 405,
                                "Plan Width": 4,
                                "Output": [
                                  "d.d_week_seq"
                                ],
                                "Plans": [
                                  {
                                    "Node Type": "Index Scan",
                                    "Parent Relationship": "Outer",
                                    "Parallel Aware": false,
                                    "Async Capable": false,
                                    "Scan Direction": "Forward",
                                    "Index Name": "_dta_index_date_dim_6_661577395__k4_1",
                                    "Relation Name": "date_dim",
                                    "Schema": "public",
                                    "Alias": "d",
                                    "Startup Cost": 0.29,
                                    "Total Cost": 27.39,
                                    "Plan Rows": 405,
                                    "Plan Width": 4,
                                    "Output": [
                                      "d.d_week_seq"
                                    ],
                                    "Index Cond": "((d.d_month_seq >= 1192) AND (d.d_month_seq <= 1203))"
                                  }
                                ]
                              }
                            ]
                          }
                        ]
                      }
                    ]
                  },
                  {
                    "Node Type": "Index Scan",
                    "Parent Relationship": "Inner",
                    "Parallel Aware": false,
                    "Async Capable": false,
                    "Scan Direction": "Forward",
                    "Index Name": "_dta_index_store_6_885578193__k1_2_6",
                    "Relation Name": "store",
                    "Schema": "public",
                    "Alias": "store",
                    "Startup Cost": 0.14,
                    "Total Cost": 0.17,
                    "Plan Rows": 1,
                    "Plan Width": 25,
                    "Output": [
                      "store.s_store_sk",
                      "store.s_store_id",
                      "store.s_rec_start_date",
                      "store.s_rec_end_date",
                      "store.s_closed_date_sk",
                      "store.s_store_name",
                      "store.s_number_employees",
                      "store.s_floor_space",
                      "store.s_hours",
                      "store.s_manager",
                      "store.s_market_id",
                      "store.s_geography_class",
                      "store.s_market_desc",
                      "store.s_market_manager",
                      "store.s_division_id",
                      "store.s_division_name",
                      "store.s_company_id",
                      "store.s_company_name",
                      "store.s_street_number",
                      "store.s_street_name",
                      "store.s_street_type",
                      "store.s_suite_number",
                      "store.s_city",
                      "store.s_county",
                      "store.s_state",
                      "store.s_zip",
                      "store.s_country",
                      "store.s_gmt_offset",
                      "store.s_tax_precentage"
                    ],
                    "Index Cond": "(store.s_store_sk = wss.ss_store_sk)",
                    "Filter": "(store.s_state = ANY ('{GA,IA,IL,MN,MO,TN,VA,WI}'::bpchar[]))"
                  }
                ]
              }
            ]
          }
        ]
      }
    }
  ],
  "original_sql": "with wss as\n (select d_week_seq,\n        ss_store_sk,\n        sum(case when (d_day_name='Sunday') then ss_sales_price else null end) sun_sales,\n        sum(case when (d_day_name='Monday') then ss_sales_price else null end) mon_sales,\n        sum(case when (d_day_name='Tuesday') then ss_sales_price else  null end) tue_sales,\n        sum(case when (d_day_name='Wednesday') then ss_sales_price else null end) wed_sales,\n        sum(case when (d_day_name='Thursday') then ss_sales_price else null end) thu_sales,\n        sum(case when (d_day_name='Friday') then ss_sales_price else null end) fri_sales,\n        sum(case when (d_day_name='Saturday') then ss_sales_price else null end) sat_sales\n from store_sales,date_dim\n where d_date_sk = ss_sold_date_sk\n and ss_sales_price / ss_list_price BETWEEN 9 * 0.01 AND 29 * 0.01\n group by d_week_seq,ss_store_sk\n )\n  select  s_store_name1,s_store_id1,d_week_seq1\n       ,sun_sales1/sun_sales2,mon_sales1/mon_sales2\n       ,tue_sales1/tue_sales2,wed_sales1/wed_sales2,thu_sales1/thu_sales2\n       ,fri_sales1/fri_sales2,sat_sales1/sat_sales2\n from\n (select s_store_name s_store_name1,wss.d_week_seq d_week_seq1\n        ,s_store_id s_store_id1,sun_sales sun_sales1\n        ,mon_sales mon_sales1,tue_sales tue_sales1\n        ,wed_sales wed_sales1,thu_sales thu_sales1\n        ,fri_sales fri_sales1,sat_sales sat_sales1\n  from wss,store,date_dim d\n  where d.d_week_seq = wss.d_week_seq and\n        ss_store_sk = s_store_sk and\n        d_month_seq between 1192 and 1192 + 11\n        and s_state in ('GA','IA','IL'\n                    ,'MN','MO','TN','VA','WI')\n        ) y,\n (select s_store_name s_store_name2,wss.d_week_seq d_week_seq2\n        ,s_store_id s_store_id2,sun_sales sun_sales2\n        ,mon_sales mon_sales2,tue_sales tue_sales2\n        ,wed_sales wed_sales2,thu_sales thu_sales2\n        ,fri_sales fri_sales2,sat_sales sat_sales2\n  from wss,store,date_dim d\n  where d.d_week_seq = wss.d_week_seq and\n        ss_store_sk = s_store_sk and\n        d_month_seq between 1192+ 12 and 1192 + 23\n        and s_state in ('GA','IA','IL'\n                    ,'MN','MO','TN','VA','WI')) x\n where s_store_id1=s_store_id2\n   and d_week_seq1=d_week_seq2-52\n order by s_store_name1,s_store_id1,d_week_seq1\nlimit 100"
}