{
  "query_id": "query080_multi_s3",
  "engine": "postgresql",
  "benchmark": "dsb_156",
  "scale_factor": 10,
  "execution_time_ms": null,
  "planning_time_ms": 6.185948999700486,
  "plan_json": [
    {
      "Plan": {
        "Node Type": "Limit",
        "Parallel Aware": false,
        "Async Capable": false,
        "Startup Cost": 50664.44,
        "Total Cost": 50664.61,
        "Plan Rows": 7,
        "Plan Width": 160,
        "Output": [
          "('store channel'::text)",
          "(('store'::text || (ssr.store_id)::text))",
          "(sum(ssr.sales))",
          "(sum(ssr.returns))",
          "(sum(ssr.profit))"
        ],
        "Plans": [
          {
            "Node Type": "Aggregate",
            "Strategy": "Sorted",
            "Partial Mode": "Simple",
            "Parent Relationship": "Outer",
            "Parallel Aware": false,
            "Async Capable": false,
            "Startup Cost": 50664.44,
            "Total Cost": 50664.61,
            "Plan Rows": 7,
            "Plan Width": 160,
            "Output": [
              "('store channel'::text)",
              "(('store'::text || (ssr.store_id)::text))",
              "sum(ssr.sales)",
              "sum(ssr.returns)",
              "sum(ssr.profit)"
            ],
            "Grouping Sets": [
              {
                "Group Keys": [
                  [
                    "('store channel'::text)",
                    "(('store'::text || (ssr.store_id)::text))"
                  ],
                  [
                    "('store channel'::text)"
                  ],
                  []
                ]
              }
            ],
            "Plans": [
              {
                "Node Type": "Sort",
                "Parent Relationship": "Outer",
                "Parallel Aware": false,
                "Async Capable": false,
                "Startup Cost": 50664.44,
                "Total Cost": 50664.45,
                "Plan Rows": 3,
                "Plan Width": 160,
                "Output": [
                  "('store channel'::text)",
                  "(('store'::text || (ssr.store_id)::text))",
                  "ssr.sales",
                  "ssr.returns",
                  "ssr.profit"
                ],
                "Sort Key": [
                  "('store channel'::text)",
                  "(('store'::text || (ssr.store_id)::text))"
                ],
                "Plans": [
                  {
                    "Node Type": "Append",
                    "Parent Relationship": "Outer",
                    "Parallel Aware": false,
                    "Async Capable": false,
                    "Startup Cost": 17677.0,
                    "Total Cost": 50664.41,
                    "Plan Rows": 3,
                    "Plan Width": 160,
                    "Subplans Removed": 0,
                    "Plans": [
                      {
                        "Node Type": "Subquery Scan",
                        "Parent Relationship": "Member",
                        "Parallel Aware": false,
                        "Async Capable": false,
                        "Alias": "ssr",
                        "Startup Cost": 17677.0,
                        "Total Cost": 17677.05,
                        "Plan Rows": 1,
                        "Plan Width": 160,
                        "Output": [
                          "'store channel'::text",
                          "('store'::text || (ssr.store_id)::text)",
                          "ssr.sales",
                          "ssr.returns",
                          "ssr.profit"
                        ],
                        "Plans": [
                          {
                            "Node Type": "Aggregate",
                            "Strategy": "Sorted",
                            "Partial Mode": "Simple",
                            "Parent Relationship": "Subquery",
                            "Parallel Aware": false,
                            "Async Capable": false,
                            "Startup Cost": 17677.0,
                            "Total Cost": 17677.04,
                            "Plan Rows": 1,
                            "Plan Width": 113,
                            "Output": [
                              "store.s_store_id",
                              "sum(store_sales.ss_ext_sales_price)",
                              "sum(COALESCE(store_returns.sr_return_amt, '0'::numeric))",
                              "sum((store_sales.ss_net_profit - COALESCE(store_returns.sr_net_loss, '0'::numeric)))"
                            ],
                            "Group Key": [
                              "store.s_store_id"
                            ],
                            "Plans": [
                              {
                                "Node Type": "Sort",
                                "Parent Relationship": "Outer",
                                "Parallel Aware": false,
                                "Async Capable": false,
                                "Startup Cost": 17677.0,
                                "Total Cost": 17677.01,
                                "Plan Rows": 1,
                                "Plan Width": 41,
                                "Output": [
                                  "store.s_store_id",
                                  "store_sales.ss_ext_sales_price",
                                  "store_returns.sr_return_amt",
                                  "store_sales.ss_net_profit",
                                  "store_returns.sr_net_loss"
                                ],
                                "Sort Key": [
                                  "store.s_store_id"
                                ],
                                "Plans": [
                                  {
                                    "Node Type": "Nested Loop",
                                    "Parent Relationship": "Outer",
                                    "Parallel Aware": false,
                                    "Async Capable": false,
                                    "Join Type": "Inner",
                                    "Startup Cost": 1026.11,
                                    "Total Cost": 17676.99,
                                    "Plan Rows": 1,
                                    "Plan Width": 41,
                                    "Output": [
                                      "store.s_store_id",
                                      "store_sales.ss_ext_sales_price",
                                      "store_returns.sr_return_amt",
                                      "store_sales.ss_net_profit",
                                      "store_returns.sr_net_loss"
                                    ],
                                    "Inner Unique": true,
                                    "Plans": [
                                      {
                                        "Node Type": "Nested Loop",
                                        "Parent Relationship": "Outer",
                                        "Parallel Aware": false,
                                        "Async Capable": false,
                                        "Join Type": "Left",
                                        "Startup Cost": 1025.97,
                                        "Total Cost": 17676.83,
                                        "Plan Rows": 1,
                                        "Plan Width": 28,
                                        "Output": [
                                          "store_sales.ss_ext_sales_price",
                                          "store_sales.ss_net_profit",
                                          "store_sales.ss_store_sk",
                                          "store_returns.sr_return_amt",
                                          "store_returns.sr_net_loss"
                                        ],
                                        "Inner Unique": true,
                                        "Plans": [
                                          {
                                            "Node Type": "Gather",
                                            "Parent Relationship": "Outer",
                                            "Parallel Aware": false,
                                            "Async Capable": false,
                                            "Startup Cost": 1025.54,
                                            "Total Cost": 17674.69,
                                            "Plan Rows": 1,
                                            "Plan Width": 24,
                                            "Output": [
                                              "store_sales.ss_ext_sales_price",
                                              "store_sales.ss_net_profit",
                                              "store_sales.ss_item_sk",
                                              "store_sales.ss_ticket_number",
                                              "store_sales.ss_store_sk"
                                            ],
                                            "Workers Planned": 2,
                                            "Single Copy": false,
                                            "Plans": [
                                              {
                                                "Node Type": "Nested Loop",
                                                "Parent Relationship": "Outer",
                                                "Parallel Aware": false,
                                                "Async Capable": false,
                                                "Join Type": "Inner",
                                                "Startup Cost": 25.54,
                                                "Total Cost": 16674.59,
                                                "Plan Rows": 1,
                                                "Plan Width": 24,
                                                "Output": [
                                                  "store_sales.ss_ext_sales_price",
                                                  "store_sales.ss_net_profit",
                                                  "store_sales.ss_item_sk",
                                                  "store_sales.ss_ticket_number",
                                                  "store_sales.ss_store_sk"
                                                ],
                                                "Inner Unique": true,
                                                "Plans": [
                                                  {
                                                    "Node Type": "Hash Join",
                                                    "Parent Relationship": "Outer",
                                                    "Parallel Aware": false,
                                                    "Async Capable": false,
                                                    "Join Type": "Inner",
                                                    "Startup Cost": 25.24,
                                                    "Total Cost": 16641.29,
                                                    "Plan Rows": 19,
                                                    "Plan Width": 24,
                                                    "Output": [
                                                      "store_sales.ss_ext_sales_price",
                                                      "store_sales.ss_net_profit",
                                                      "store_sales.ss_item_sk",
                                                      "store_sales.ss_ticket_number",
                                                      "store_sales.ss_store_sk"
                                                    ],
                                                    "Inner Unique": true,
                                                    "Hash Cond": "(store_sales.ss_promo_sk = promotion.p_promo_sk)",
                                                    "Plans": [
                                                      {
                                                        "Node Type": "Nested Loop",
                                                        "Parent Relationship": "Outer",
                                                        "Parallel Aware": false,
                                                        "Async Capable": false,
                                                        "Join Type": "Inner",
                                                        "Startup Cost": 0.85,
                                                        "Total Cost": 16614.55,
                                                        "Plan Rows": 891,
                                                        "Plan Width": 28,
                                                        "Output": [
                                                          "store_sales.ss_ext_sales_price",
                                                          "store_sales.ss_net_profit",
                                                          "store_sales.ss_item_sk",
                                                          "store_sales.ss_ticket_number",
                                                          "store_sales.ss_store_sk",
                                                          "store_sales.ss_promo_sk"
                                                        ],
                                                        "Inner Unique": false,
                                                        "Plans": [
                                                          {
                                                            "Node Type": "Index Scan",
                                                            "Parent Relationship": "Outer",
                                                            "Parallel Aware": true,
                                                            "Async Capable": false,
                                                            "Scan Direction": "Forward",
                                                            "Index Name": "date_dim_pkey",
                                                            "Relation Name": "date_dim",
                                                            "Schema": "public",
                                                            "Alias": "date_dim",
                                                            "Startup Cost": 0.29,
                                                            "Total Cost": 3038.09,
                                                            "Plan Rows": 13,
                                                            "Plan Width": 4,
                                                            "Output": [
                                                              "date_dim.d_date_sk",
                                                              "date_dim.d_date_id",
                                                              "date_dim.d_date",
                                                              "date_dim.d_month_seq",
                                                              "date_dim.d_week_seq",
                                                              "date_dim.d_quarter_seq",
                                                              "date_dim.d_year",
                                                              "date_dim.d_dow",
                                                              "date_dim.d_moy",
                                                              "date_dim.d_dom",
                                                              "date_dim.d_qoy",
                                                              "date_dim.d_fy_year",
                                                              "date_dim.d_fy_quarter_seq",
                                                              "date_dim.d_fy_week_seq",
                                                              "date_dim.d_day_name",
                                                              "date_dim.d_quarter_name",
                                                              "date_dim.d_holiday",
                                                              "date_dim.d_weekend",
                                                              "date_dim.d_following_holiday",
                                                              "date_dim.d_first_dom",
                                                              "date_dim.d_last_dom",
                                                              "date_dim.d_same_day_ly",
                                                              "date_dim.d_same_day_lq",
                                                              "date_dim.d_current_day",
                                                              "date_dim.d_current_week",
                                                              "date_dim.d_current_month",
                                                              "date_dim.d_current_quarter",
                                                              "date_dim.d_current_year"
                                                            ],
                                                            "Filter": "((date_dim.d_date >= '2000-07-15'::date) AND (date_dim.d_date <= '2000-08-14 00:00:00'::timestamp without time zone))"
                                                          },
                                                          {
                                                            "Node Type": "Index Only Scan",
                                                            "Parent Relationship": "Inner",
                                                            "Parallel Aware": false,
                                                            "Async Capable": false,
                                                            "Scan Direction": "Forward",
                                                            "Index Name": "_dta_index_store_sales_6_1333579789__k1_k23_k14_k6_k8_k5_k7_3_4",
                                                            "Relation Name": "store_sales",
                                                            "Schema": "public",
                                                            "Alias": "store_sales",
                                                            "Startup Cost": 0.56,
                                                            "Total Cost": 1020.54,
                                                            "Plan Rows": 2380,
                                                            "Plan Width": 32,
                                                            "Output": [
                                                              "store_sales.ss_sold_date_sk",
                                                              "store_sales.ss_net_profit",
                                                              "store_sales.ss_sales_price",
                                                              "store_sales.ss_hdemo_sk",
                                                              "store_sales.ss_store_sk",
                                                              "store_sales.ss_cdemo_sk",
                                                              "store_sales.ss_addr_sk",
                                                              "store_sales.ss_item_sk",
                                                              "store_sales.ss_customer_sk",
                                                              "store_sales.ss_promo_sk",
                                                              "store_sales.ss_ticket_number",
                                                              "store_sales.ss_quantity",
                                                              "store_sales.ss_wholesale_cost",
                                                              "store_sales.ss_list_price",
                                                              "store_sales.ss_ext_sales_price",
                                                              "store_sales.ss_ext_wholesale_cost",
                                                              "store_sales.ss_coupon_amt"
                                                            ],
                                                            "Index Cond": "(store_sales.ss_sold_date_sk = date_dim.d_date_sk)",
                                                            "Filter": "((store_sales.ss_wholesale_cost >= '52'::numeric) AND (store_sales.ss_wholesale_cost <= '67'::numeric))"
                                                          }
                                                        ]
                                                      },
                                                      {
                                                        "Node Type": "Hash",
                                                        "Parent Relationship": "Inner",
                                                        "Parallel Aware": false,
                                                        "Async Capable": false,
                                                        "Startup Cost": 24.25,
                                                        "Total Cost": 24.25,
                                                        "Plan Rows": 11,
                                                        "Plan Width": 4,
                                                        "Output": [
                                                          "promotion.p_promo_sk"
                                                        ],
                                                        "Plans": [
                                                          {
                                                            "Node Type": "Seq Scan",
                                                            "Parent Relationship": "Outer",
                                                            "Parallel Aware": false,
                                                            "Async Capable": false,
                                                            "Relation Name": "promotion",
                                                            "Schema": "public",
                                                            "Alias": "promotion",
                                                            "Startup Cost": 0.0,
                                                            "Total Cost": 24.25,
                                                            "Plan Rows": 11,
                                                            "Plan Width": 4,
                                                            "Output": [
                                                              "promotion.p_promo_sk"
                                                            ],
                                                            "Filter": "((promotion.p_channel_email = 'Y'::bpchar) AND (promotion.p_channel_press = 'Y'::bpchar) AND (promotion.p_channel_event = 'Y'::bpchar) AND (promotion.p_channel_tv = 'N'::bpchar) AND (promotion.p_channel_radio = 'N'::bpchar))"
                                                          }
                                                        ]
                                                      }
                                                    ]
                                                  },
                                                  {
                                                    "Node Type": "Index Scan",
                                                    "Parent Relationship": "Inner",
                                                    "Parallel Aware": false,
                                                    "Async Capable": false,
                                                    "Scan Direction": "Forward",
                                                    "Index Name": "item_pkey",
                                                    "Relation Name": "item",
                                                    "Schema": "public",
                                                    "Alias": "item",
                                                    "Startup Cost": 0.29,
                                                    "Total Cost": 1.75,
                                                    "Plan Rows": 1,
                                                    "Plan Width": 4,
                                                    "Output": [
                                                      "item.i_item_sk",
                                                      "item.i_item_id",
                                                      "item.i_rec_start_date",
                                                      "item.i_rec_end_date",
                                                      "item.i_item_desc",
                                                      "item.i_current_price",
                                                      "item.i_wholesale_cost",
                                                      "item.i_brand_id",
                                                      "item.i_brand",
                                                      "item.i_class_id",
                                                      "item.i_class",
                                                      "item.i_category_id",
                                                      "item.i_category",
                                                      "item.i_manufact_id",
                                                      "item.i_manufact",
                                                      "item.i_size",
                                                      "item.i_formulation",
                                                      "item.i_color",
                                                      "item.i_units",
                                                      "item.i_container",
                                                      "item.i_manager_id",
                                                      "item.i_product_name"
                                                    ],
                                                    "Index Cond": "(item.i_item_sk = store_sales.ss_item_sk)",
                                                    "Filter": "((item.i_current_price > '50'::numeric) AND (item.i_category = ANY ('{Men,Women}'::bpchar[])))"
                                                  }
                                                ]
                                              }
                                            ]
                                          },
                                          {
                                            "Node Type": "Index Scan",
                                            "Parent Relationship": "Inner",
                                            "Parallel Aware": false,
                                            "Async Capable": false,
                                            "Scan Direction": "Forward",
                                            "Index Name": "store_returns_pkey",
                                            "Relation Name": "store_returns",
                                            "Schema": "public",
                                            "Alias": "store_returns",
                                            "Startup Cost": 0.43,
                                            "Total Cost": 2.15,
                                            "Plan Rows": 1,
                                            "Plan Width": 20,
                                            "Output": [
                                              "store_returns.sr_returned_date_sk",
                                              "store_returns.sr_return_time_sk",
                                              "store_returns.sr_item_sk",
                                              "store_returns.sr_customer_sk",
                                              "store_returns.sr_cdemo_sk",
                                              "store_returns.sr_hdemo_sk",
                                              "store_returns.sr_addr_sk",
                                              "store_returns.sr_store_sk",
                                              "store_returns.sr_reason_sk",
                                              "store_returns.sr_ticket_number",
                                              "store_returns.sr_return_quantity",
                                              "store_returns.sr_return_amt",
                                              "store_returns.sr_return_tax",
                                              "store_returns.sr_return_amt_inc_tax",
                                              "store_returns.sr_fee",
                                              "store_returns.sr_return_ship_cost",
                                              "store_returns.sr_refunded_cash",
                                              "store_returns.sr_reversed_charge",
                                              "store_returns.sr_store_credit",
                                              "store_returns.sr_net_loss"
                                            ],
                                            "Index Cond": "((store_returns.sr_item_sk = store_sales.ss_item_sk) AND (store_returns.sr_ticket_number = store_sales.ss_ticket_number))"
                                          }
                                        ]
                                      },
                                      {
                                        "Node Type": "Index Only Scan",
                                        "Parent Relationship": "Inner",
                                        "Parallel Aware": false,
                                        "Async Capable": false,
                                        "Scan Direction": "Forward",
                                        "Index Name": "_dta_index_store_6_885578193__k1_2_6",
                                        "Relation Name": "store",
                                        "Schema": "public",
                                        "Alias": "store",
                                        "Startup Cost": 0.14,
                                        "Total Cost": 0.16,
                                        "Plan Rows": 1,
                                        "Plan Width": 21,
                                        "Output": [
                                          "store.s_store_sk",
                                          "store.s_store_id",
                                          "store.s_store_name"
                                        ],
                                        "Index Cond": "(store.s_store_sk = store_sales.ss_store_sk)"
                                      }
                                    ]
                                  }
                                ]
                              }
                            ]
                          }
                        ]
                      },
                      {
                        "Node Type": "Subquery Scan",
                        "Parent Relationship": "Member",
                        "Parallel Aware": false,
                        "Async Capable": false,
                        "Alias": "csr",
                        "Startup Cost": 20646.78,
                        "Total Cost": 20647.05,
                        "Plan Rows": 1,
                        "Plan Width": 160,
                        "Output": [
                          "'catalog channel'::text",
                          "('catalog_page'::text || (csr.catalog_page_id)::text)",
                          "csr.sales",
                          "csr.returns",
                          "csr.profit"
                        ],
                        "Plans": [
                          {
                            "Node Type": "Aggregate",
                            "Strategy": "Sorted",
                            "Partial Mode": "Simple",
                            "Parent Relationship": "Subquery",
                            "Parallel Aware": false,
                            "Async Capable": false,
                            "Startup Cost": 20646.78,
                            "Total Cost": 20647.04,
                            "Plan Rows": 1,
                            "Plan Width": 113,
                            "Output": [
                              "catalog_page.cp_catalog_page_id",
                              "sum(catalog_sales.cs_ext_sales_price)",
                              "sum(COALESCE(catalog_returns.cr_return_amount, '0'::numeric))",
                              "sum((catalog_sales.cs_net_profit - COALESCE(catalog_returns.cr_net_loss, '0'::numeric)))"
                            ],
                            "Group Key": [
                              "catalog_page.cp_catalog_page_id"
                            ],
                            "Plans": [
                              {
                                "Node Type": "Nested Loop",
                                "Parent Relationship": "Outer",
                                "Parallel Aware": false,
                                "Async Capable": false,
                                "Join Type": "Left",
                                "Startup Cost": 20646.78,
                                "Total Cost": 20647.01,
                                "Plan Rows": 1,
                                "Plan Width": 41,
                                "Output": [
                                  "catalog_page.cp_catalog_page_id",
                                  "catalog_sales.cs_ext_sales_price",
                                  "catalog_returns.cr_return_amount",
                                  "catalog_sales.cs_net_profit",
                                  "catalog_returns.cr_net_loss"
                                ],
                                "Inner Unique": true,
                                "Plans": [
                                  {
                                    "Node Type": "Gather Merge",
                                    "Parent Relationship": "Outer",
                                    "Parallel Aware": false,
                                    "Async Capable": false,
                                    "Startup Cost": 20646.35,
                                    "Total Cost": 20646.47,
                                    "Plan Rows": 1,
                                    "Plan Width": 37,
                                    "Output": [
                                      "catalog_sales.cs_ext_sales_price",
                                      "catalog_sales.cs_net_profit",
                                      "catalog_sales.cs_item_sk",
                                      "catalog_sales.cs_order_number",
                                      "catalog_page.cp_catalog_page_id"
                                    ],
                                    "Workers Planned": 1,
                                    "Plans": [
                                      {
                                        "Node Type": "Sort",
                                        "Parent Relationship": "Outer",
                                        "Parallel Aware": false,
                                        "Async Capable": false,
                                        "Startup Cost": 19646.34,
                                        "Total Cost": 19646.34,
                                        "Plan Rows": 1,
                                        "Plan Width": 37,
                                        "Output": [
                                          "catalog_sales.cs_ext_sales_price",
                                          "catalog_sales.cs_net_profit",
                                          "catalog_sales.cs_item_sk",
                                          "catalog_sales.cs_order_number",
                                          "catalog_page.cp_catalog_page_id"
                                        ],
                                        "Sort Key": [
                                          "catalog_page.cp_catalog_page_id"
                                        ],
                                        "Plans": [
                                          {
                                            "Node Type": "Nested Loop",
                                            "Parent Relationship": "Outer",
                                            "Parallel Aware": false,
                                            "Async Capable": false,
                                            "Join Type": "Inner",
                                            "Startup Cost": 25.4,
                                            "Total Cost": 19646.33,
                                            "Plan Rows": 1,
                                            "Plan Width": 37,
                                            "Output": [
                                              "catalog_sales.cs_ext_sales_price",
                                              "catalog_sales.cs_net_profit",
                                              "catalog_sales.cs_item_sk",
                                              "catalog_sales.cs_order_number",
                                              "catalog_page.cp_catalog_page_id"
                                            ],
                                            "Inner Unique": true,
                                            "Plans": [
                                              {
                                                "Node Type": "Nested Loop",
                                                "Parent Relationship": "Outer",
                                                "Parallel Aware": false,
                                                "Async Capable": false,
                                                "Join Type": "Inner",
                                                "Startup Cost": 25.11,
                                                "Total Cost": 19646.03,
                                                "Plan Rows": 1,
                                                "Plan Width": 24,
                                                "Output": [
                                                  "catalog_sales.cs_ext_sales_price",
                                                  "catalog_sales.cs_net_profit",
                                                  "catalog_sales.cs_item_sk",
                                                  "catalog_sales.cs_order_number",
                                                  "catalog_sales.cs_catalog_page_sk"
                                                ],
                                                "Inner Unique": true,
                                                "Plans": [
                                                  {
                                                    "Node Type": "Hash Join",
                                                    "Parent Relationship": "Outer",
                                                    "Parallel Aware": false,
                                                    "Async Capable": false,
                                                    "Join Type": "Inner",
                                                    "Startup Cost": 24.82,
                                                    "Total Cost": 19642.09,
                                                    "Plan Rows": 12,
                                                    "Plan Width": 24,
                                                    "Output": [
                                                      "catalog_sales.cs_ext_sales_price",
                                                      "catalog_sales.cs_net_profit",
                                                      "catalog_sales.cs_item_sk",
                                                      "catalog_sales.cs_order_number",
                                                      "catalog_sales.cs_catalog_page_sk"
                                                    ],
                                                    "Inner Unique": true,
                                                    "Hash Cond": "(catalog_sales.cs_promo_sk = promotion_1.p_promo_sk)",
                                                    "Plans": [
                                                      {
                                                        "Node Type": "Nested Loop",
                                                        "Parent Relationship": "Outer",
                                                        "Parallel Aware": false,
                                                        "Async Capable": false,
                                                        "Join Type": "Inner",
                                                        "Startup Cost": 0.43,
                                                        "Total Cost": 19616.24,
                                                        "Plan Rows": 552,
                                                        "Plan Width": 28,
                                                        "Output": [
                                                          "catalog_sales.cs_ext_sales_price",
                                                          "catalog_sales.cs_net_profit",
                                                          "catalog_sales.cs_item_sk",
                                                          "catalog_sales.cs_order_number",
                                                          "catalog_sales.cs_catalog_page_sk",
                                                          "catalog_sales.cs_promo_sk"
                                                        ],
                                                        "Inner Unique": false,
                                                        "Plans": [
                                                          {
                                                            "Node Type": "Seq Scan",
                                                            "Parent Relationship": "Outer",
                                                            "Parallel Aware": true,
                                                            "Async Capable": false,
                                                            "Relation Name": "date_dim",
                                                            "Schema": "public",
                                                            "Alias": "date_dim_1",
                                                            "Startup Cost": 0.0,
                                                            "Total Cost": 2049.55,
                                                            "Plan Rows": 19,
                                                            "Plan Width": 4,
                                                            "Output": [
                                                              "date_dim_1.d_date_sk",
                                                              "date_dim_1.d_date_id",
                                                              "date_dim_1.d_date",
                                                              "date_dim_1.d_month_seq",
                                                              "date_dim_1.d_week_seq",
                                                              "date_dim_1.d_quarter_seq",
                                                              "date_dim_1.d_year",
                                                              "date_dim_1.d_dow",
                                                              "date_dim_1.d_moy",
                                                              "date_dim_1.d_dom",
                                                              "date_dim_1.d_qoy",
                                                              "date_dim_1.d_fy_year",
                                                              "date_dim_1.d_fy_quarter_seq",
                                                              "date_dim_1.d_fy_week_seq",
                                                              "date_dim_1.d_day_name",
                                                              "date_dim_1.d_quarter_name",
                                                              "date_dim_1.d_holiday",
                                                              "date_dim_1.d_weekend",
                                                              "date_dim_1.d_following_holiday",
                                                              "date_dim_1.d_first_dom",
                                                              "date_dim_1.d_last_dom",
                                                              "date_dim_1.d_same_day_ly",
                                                              "date_dim_1.d_same_day_lq",
                                                              "date_dim_1.d_current_day",
                                                              "date_dim_1.d_current_week",
                                                              "date_dim_1.d_current_month",
                                                              "date_dim_1.d_current_quarter",
                                                              "date_dim_1.d_current_year"
                                                            ],
                                                            "Filter": "((date_dim_1.d_date >= '2000-07-15'::date) AND (date_dim_1.d_date <= '2000-08-14 00:00:00'::timestamp without time zone))"
                                                          },
                                                          {
                                                            "Node Type": "Index Scan",
                                                            "Parent Relationship": "Inner",
                                                            "Parallel Aware": false,
                                                            "Async Capable": false,
                                                            "Scan Direction": "Forward",
                                                            "Index Name": "_dta_index_catalog_sales_6_1301579675__k1_4",
                                                            "Relation Name": "catalog_sales",
                                                            "Schema": "public",
                                                            "Alias": "catalog_sales",
                                                            "Startup Cost": 0.43,
                                                            "Total Cost": 914.48,
                                                            "Plan Rows": 1008,
                                                            "Plan Width": 32,
                                                            "Output": [
                                                              "catalog_sales.cs_sold_date_sk",
                                                              "catalog_sales.cs_sold_time_sk",
                                                              "catalog_sales.cs_ship_date_sk",
                                                              "catalog_sales.cs_bill_customer_sk",
                                                              "catalog_sales.cs_bill_cdemo_sk",
                                                              "catalog_sales.cs_bill_hdemo_sk",
                                                              "catalog_sales.cs_bill_addr_sk",
                                                              "catalog_sales.cs_ship_customer_sk",
                                                              "catalog_sales.cs_ship_cdemo_sk",
                                                              "catalog_sales.cs_ship_hdemo_sk",
                                                              "catalog_sales.cs_ship_addr_sk",
                                                              "catalog_sales.cs_call_center_sk",
                                                              "catalog_sales.cs_catalog_page_sk",
                                                              "catalog_sales.cs_ship_mode_sk",
                                                              "catalog_sales.cs_warehouse_sk",
                                                              "catalog_sales.cs_item_sk",
                                                              "catalog_sales.cs_promo_sk",
                                                              "catalog_sales.cs_order_number",
                                                              "catalog_sales.cs_quantity",
                                                              "catalog_sales.cs_wholesale_cost",
                                                              "catalog_sales.cs_list_price",
                                                              "catalog_sales.cs_sales_price",
                                                              "catalog_sales.cs_ext_discount_amt",
                                                              "catalog_sales.cs_ext_sales_price",
                                                              "catalog_sales.cs_ext_wholesale_cost",
                                                              "catalog_sales.cs_ext_list_price",
                                                              "catalog_sales.cs_ext_tax",
                                                              "catalog_sales.cs_coupon_amt",
                                                              "catalog_sales.cs_ext_ship_cost",
                                                              "catalog_sales.cs_net_paid",
                                                              "catalog_sales.cs_net_paid_inc_tax",
                                                              "catalog_sales.cs_net_paid_inc_ship",
                                                              "catalog_sales.cs_net_paid_inc_ship_tax",
                                                              "catalog_sales.cs_net_profit"
                                                            ],
                                                            "Index Cond": "(catalog_sales.cs_sold_date_sk = date_dim_1.d_date_sk)",
                                                            "Filter": "((catalog_sales.cs_wholesale_cost >= '52'::numeric) AND (catalog_sales.cs_wholesale_cost <= '67'::numeric))"
                                                          }
                                                        ]
                                                      },
                                                      {
                                                        "Node Type": "Hash",
                                                        "Parent Relationship": "Inner",
                                                        "Parallel Aware": false,
                                                        "Async Capable": false,
                                                        "Startup Cost": 24.25,
                                                        "Total Cost": 24.25,
                                                        "Plan Rows": 11,
                                                        "Plan Width": 4,
                                                        "Output": [
                                                          "promotion_1.p_promo_sk"
                                                        ],
                                                        "Plans": [
                                                          {
                                                            "Node Type": "Seq Scan",
                                                            "Parent Relationship": "Outer",
                                                            "Parallel Aware": false,
                                                            "Async Capable": false,
                                                            "Relation Name": "promotion",
                                                            "Schema": "public",
                                                            "Alias": "promotion_1",
                                                            "Startup Cost": 0.0,
                                                            "Total Cost": 24.25,
                                                            "Plan Rows": 11,
                                                            "Plan Width": 4,
                                                            "Output": [
                                                              "promotion_1.p_promo_sk"
                                                            ],
                                                            "Filter": "((promotion_1.p_channel_email = 'Y'::bpchar) AND (promotion_1.p_channel_press = 'Y'::bpchar) AND (promotion_1.p_channel_event = 'Y'::bpchar) AND (promotion_1.p_channel_tv = 'N'::bpchar) AND (promotion_1.p_channel_radio = 'N'::bpchar))"
                                                          }
                                                        ]
                                                      }
                                                    ]
                                                  },
                                                  {
                                                    "Node Type": "Index Scan",
                                                    "Parent Relationship": "Inner",
                                                    "Parallel Aware": false,
                                                    "Async Capable": false,
                                                    "Scan Direction": "Forward",
                                                    "Index Name": "item_pkey",
                                                    "Relation Name": "item",
                                                    "Schema": "public",
                                                    "Alias": "item_1",
                                                    "Startup Cost": 0.29,
                                                    "Total Cost": 0.33,
                                                    "Plan Rows": 1,
                                                    "Plan Width": 4,
                                                    "Output": [
                                                      "item_1.i_item_sk",
                                                      "item_1.i_item_id",
                                                      "item_1.i_rec_start_date",
                                                      "item_1.i_rec_end_date",
                                                      "item_1.i_item_desc",
                                                      "item_1.i_current_price",
                                                      "item_1.i_wholesale_cost",
                                                      "item_1.i_brand_id",
                                                      "item_1.i_brand",
                                                      "item_1.i_class_id",
                                                      "item_1.i_class",
                                                      "item_1.i_category_id",
                                                      "item_1.i_category",
                                                      "item_1.i_manufact_id",
                                                      "item_1.i_manufact",
                                                      "item_1.i_size",
                                                      "item_1.i_formulation",
                                                      "item_1.i_color",
                                                      "item_1.i_units",
                                                      "item_1.i_container",
                                                      "item_1.i_manager_id",
                                                      "item_1.i_product_name"
                                                    ],
                                                    "Index Cond": "(item_1.i_item_sk = catalog_sales.cs_item_sk)",
                                                    "Filter": "((item_1.i_current_price > '50'::numeric) AND (item_1.i_category = ANY ('{Men,Women}'::bpchar[])))"
                                                  }
                                                ]
                                              },
                                              {
                                                "Node Type": "Index Scan",
                                                "Parent Relationship": "Inner",
                                                "Parallel Aware": false,
                                                "Async Capable": false,
                                                "Scan Direction": "Forward",
                                                "Index Name": "catalog_page_pkey",
                                                "Relation Name": "catalog_page",
                                                "Schema": "public",
                                                "Alias": "catalog_page",
                                                "Startup Cost": 0.29,
                                                "Total Cost": 0.3,
                                                "Plan Rows": 1,
                                                "Plan Width": 21,
                                                "Output": [
                                                  "catalog_page.cp_catalog_page_sk",
                                                  "catalog_page.cp_catalog_page_id",
                                                  "catalog_page.cp_start_date_sk",
                                                  "catalog_page.cp_end_date_sk",
                                                  "catalog_page.cp_department",
                                                  "catalog_page.cp_catalog_number",
                                                  "catalog_page.cp_catalog_page_number",
                                                  "catalog_page.cp_description",
                                                  "catalog_page.cp_type"
                                                ],
                                                "Index Cond": "(catalog_page.cp_catalog_page_sk = catalog_sales.cs_catalog_page_sk)"
                                              }
                                            ]
                                          }
                                        ]
                                      }
                                    ]
                                  },
                                  {
                                    "Node Type": "Index Scan",
                                    "Parent Relationship": "Inner",
                                    "Parallel Aware": false,
                                    "Async Capable": false,
                                    "Scan Direction": "Forward",
                                    "Index Name": "catalog_returns_pkey",
                                    "Relation Name": "catalog_returns",
                                    "Schema": "public",
                                    "Alias": "catalog_returns",
                                    "Startup Cost": 0.43,
                                    "Total Cost": 0.54,
                                    "Plan Rows": 1,
                                    "Plan Width": 20,
                                    "Output": [
                                      "catalog_returns.cr_returned_date_sk",
                                      "catalog_returns.cr_returned_time_sk",
                                      "catalog_returns.cr_item_sk",
                                      "catalog_returns.cr_refunded_customer_sk",
                                      "catalog_returns.cr_refunded_cdemo_sk",
                                      "catalog_returns.cr_refunded_hdemo_sk",
                                      "catalog_returns.cr_refunded_addr_sk",
                                      "catalog_returns.cr_returning_customer_sk",
                                      "catalog_returns.cr_returning_cdemo_sk",
                                      "catalog_returns.cr_returning_hdemo_sk",
                                      "catalog_returns.cr_returning_addr_sk",
                                      "catalog_returns.cr_call_center_sk",
                                      "catalog_returns.cr_catalog_page_sk",
                                      "catalog_returns.cr_ship_mode_sk",
                                      "catalog_returns.cr_warehouse_sk",
                                      "catalog_returns.cr_reason_sk",
                                      "catalog_returns.cr_order_number",
                                      "catalog_returns.cr_return_quantity",
                                      "catalog_returns.cr_return_amount",
                                      "catalog_returns.cr_return_tax",
                                      "catalog_returns.cr_return_amt_inc_tax",
                                      "catalog_returns.cr_fee",
                                      "catalog_returns.cr_return_ship_cost",
                                      "catalog_returns.cr_refunded_cash",
                                      "catalog_returns.cr_reversed_charge",
                                      "catalog_returns.cr_store_credit",
                                      "catalog_returns.cr_net_loss"
                                    ],
                                    "Index Cond": "((catalog_returns.cr_item_sk = catalog_sales.cs_item_sk) AND (catalog_returns.cr_order_number = catalog_sales.cs_order_number))"
                                  }
                                ]
                              }
                            ]
                          }
                        ]
                      },
                      {
                        "Node Type": "Subquery Scan",
                        "Parent Relationship": "Member",
                        "Parallel Aware": false,
                        "Async Capable": false,
                        "Alias": "wsr",
                        "Startup Cost": 12340.01,
                        "Total Cost": 12340.29,
                        "Plan Rows": 1,
                        "Plan Width": 160,
                        "Output": [
                          "'web channel'::text",
                          "('web_site'::text || (wsr.web_site_id)::text)",
                          "wsr.sales",
                          "wsr.returns",
                          "wsr.profit"
                        ],
                        "Plans": [
                          {
                            "Node Type": "Aggregate",
                            "Strategy": "Sorted",
                            "Partial Mode": "Simple",
                            "Parent Relationship": "Subquery",
                            "Parallel Aware": false,
                            "Async Capable": false,
                            "Startup Cost": 12340.01,
                            "Total Cost": 12340.28,
                            "Plan Rows": 1,
                            "Plan Width": 113,
                            "Output": [
                              "web_site.web_site_id",
                              "sum(web_sales.ws_ext_sales_price)",
                              "sum(COALESCE(web_returns.wr_return_amt, '0'::numeric))",
                              "sum((web_sales.ws_net_profit - COALESCE(web_returns.wr_net_loss, '0'::numeric)))"
                            ],
                            "Group Key": [
                              "web_site.web_site_id"
                            ],
                            "Plans": [
                              {
                                "Node Type": "Nested Loop",
                                "Parent Relationship": "Outer",
                                "Parallel Aware": false,
                                "Async Capable": false,
                                "Join Type": "Left",
                                "Startup Cost": 12340.01,
                                "Total Cost": 12340.25,
                                "Plan Rows": 1,
                                "Plan Width": 41,
                                "Output": [
                                  "web_site.web_site_id",
                                  "web_sales.ws_ext_sales_price",
                                  "web_returns.wr_return_amt",
                                  "web_sales.ws_net_profit",
                                  "web_returns.wr_net_loss"
                                ],
                                "Inner Unique": true,
                                "Plans": [
                                  {
                                    "Node Type": "Gather Merge",
                                    "Parent Relationship": "Outer",
                                    "Parallel Aware": false,
                                    "Async Capable": false,
                                    "Startup Cost": 12339.58,
                                    "Total Cost": 12339.7,
                                    "Plan Rows": 1,
                                    "Plan Width": 37,
                                    "Output": [
                                      "web_sales.ws_ext_sales_price",
                                      "web_sales.ws_net_profit",
                                      "web_sales.ws_item_sk",
                                      "web_sales.ws_order_number",
                                      "web_site.web_site_id"
                                    ],
                                    "Workers Planned": 1,
                                    "Plans": [
                                      {
                                        "Node Type": "Sort",
                                        "Parent Relationship": "Outer",
                                        "Parallel Aware": false,
                                        "Async Capable": false,
                                        "Startup Cost": 11339.57,
                                        "Total Cost": 11339.58,
                                        "Plan Rows": 1,
                                        "Plan Width": 37,
                                        "Output": [
                                          "web_sales.ws_ext_sales_price",
                                          "web_sales.ws_net_profit",
                                          "web_sales.ws_item_sk",
                                          "web_sales.ws_order_number",
                                          "web_site.web_site_id"
                                        ],
                                        "Sort Key": [
                                          "web_site.web_site_id"
                                        ],
                                        "Plans": [
                                          {
                                            "Node Type": "Nested Loop",
                                            "Parent Relationship": "Outer",
                                            "Parallel Aware": false,
                                            "Async Capable": false,
                                            "Join Type": "Inner",
                                            "Startup Cost": 25.25,
                                            "Total Cost": 11339.56,
                                            "Plan Rows": 1,
                                            "Plan Width": 37,
                                            "Output": [
                                              "web_sales.ws_ext_sales_price",
                                              "web_sales.ws_net_profit",
                                              "web_sales.ws_item_sk",
                                              "web_sales.ws_order_number",
                                              "web_site.web_site_id"
                                            ],
                                            "Inner Unique": true,
                                            "Plans": [
                                              {
                                                "Node Type": "Nested Loop",
                                                "Parent Relationship": "Outer",
                                                "Parallel Aware": false,
                                                "Async Capable": false,
                                                "Join Type": "Inner",
                                                "Startup Cost": 25.11,
                                                "Total Cost": 11339.4,
                                                "Plan Rows": 1,
                                                "Plan Width": 24,
                                                "Output": [
                                                  "web_sales.ws_ext_sales_price",
                                                  "web_sales.ws_net_profit",
                                                  "web_sales.ws_item_sk",
                                                  "web_sales.ws_order_number",
                                                  "web_sales.ws_web_site_sk"
                                                ],
                                                "Inner Unique": true,
                                                "Plans": [
                                                  {
                                                    "Node Type": "Hash Join",
                                                    "Parent Relationship": "Outer",
                                                    "Parallel Aware": false,
                                                    "Async Capable": false,
                                                    "Join Type": "Inner",
                                                    "Startup Cost": 24.82,
                                                    "Total Cost": 11337.03,
                                                    "Plan Rows": 7,
                                                    "Plan Width": 24,
                                                    "Output": [
                                                      "web_sales.ws_ext_sales_price",
                                                      "web_sales.ws_net_profit",
                                                      "web_sales.ws_item_sk",
                                                      "web_sales.ws_order_number",
                                                      "web_sales.ws_web_site_sk"
                                                    ],
                                                    "Inner Unique": true,
                                                    "Hash Cond": "(web_sales.ws_promo_sk = promotion_2.p_promo_sk)",
                                                    "Plans": [
                                                      {
                                                        "Node Type": "Nested Loop",
                                                        "Parent Relationship": "Outer",
                                                        "Parallel Aware": false,
                                                        "Async Capable": false,
                                                        "Join Type": "Inner",
                                                        "Startup Cost": 0.43,
                                                        "Total Cost": 11311.81,
                                                        "Plan Rows": 315,
                                                        "Plan Width": 28,
                                                        "Output": [
                                                          "web_sales.ws_ext_sales_price",
                                                          "web_sales.ws_net_profit",
                                                          "web_sales.ws_item_sk",
                                                          "web_sales.ws_order_number",
                                                          "web_sales.ws_web_site_sk",
                                                          "web_sales.ws_promo_sk"
                                                        ],
                                                        "Inner Unique": false,
                                                        "Plans": [
                                                          {
                                                            "Node Type": "Seq Scan",
                                                            "Parent Relationship": "Outer",
                                                            "Parallel Aware": true,
                                                            "Async Capable": false,
                                                            "Relation Name": "date_dim",
                                                            "Schema": "public",
                                                            "Alias": "date_dim_2",
                                                            "Startup Cost": 0.0,
                                                            "Total Cost": 2049.55,
                                                            "Plan Rows": 19,
                                                            "Plan Width": 4,
                                                            "Output": [
                                                              "date_dim_2.d_date_sk",
                                                              "date_dim_2.d_date_id",
                                                              "date_dim_2.d_date",
                                                              "date_dim_2.d_month_seq",
                                                              "date_dim_2.d_week_seq",
                                                              "date_dim_2.d_quarter_seq",
                                                              "date_dim_2.d_year",
                                                              "date_dim_2.d_dow",
                                                              "date_dim_2.d_moy",
                                                              "date_dim_2.d_dom",
                                                              "date_dim_2.d_qoy",
                                                              "date_dim_2.d_fy_year",
                                                              "date_dim_2.d_fy_quarter_seq",
                                                              "date_dim_2.d_fy_week_seq",
                                                              "date_dim_2.d_day_name",
                                                              "date_dim_2.d_quarter_name",
                                                              "date_dim_2.d_holiday",
                                                              "date_dim_2.d_weekend",
                                                              "date_dim_2.d_following_holiday",
                                                              "date_dim_2.d_first_dom",
                                                              "date_dim_2.d_last_dom",
                                                              "date_dim_2.d_same_day_ly",
                                                              "date_dim_2.d_same_day_lq",
                                                              "date_dim_2.d_current_day",
                                                              "date_dim_2.d_current_week",
                                                              "date_dim_2.d_current_month",
                                                              "date_dim_2.d_current_quarter",
                                                              "date_dim_2.d_current_year"
                                                            ],
                                                            "Filter": "((date_dim_2.d_date >= '2000-07-15'::date) AND (date_dim_2.d_date <= '2000-08-14 00:00:00'::timestamp without time zone))"
                                                          },
                                                          {
                                                            "Node Type": "Index Scan",
                                                            "Parent Relationship": "Inner",
                                                            "Parallel Aware": false,
                                                            "Async Capable": false,
                                                            "Scan Direction": "Forward",
                                                            "Index Name": "_dta_index_web_sales_6_1269579561__k1_8_24",
                                                            "Relation Name": "web_sales",
                                                            "Schema": "public",
                                                            "Alias": "web_sales",
                                                            "Startup Cost": 0.43,
                                                            "Total Cost": 481.74,
                                                            "Plan Rows": 575,
                                                            "Plan Width": 32,
                                                            "Output": [
                                                              "web_sales.ws_sold_date_sk",
                                                              "web_sales.ws_sold_time_sk",
                                                              "web_sales.ws_ship_date_sk",
                                                              "web_sales.ws_item_sk",
                                                              "web_sales.ws_bill_customer_sk",
                                                              "web_sales.ws_bill_cdemo_sk",
                                                              "web_sales.ws_bill_hdemo_sk",
                                                              "web_sales.ws_bill_addr_sk",
                                                              "web_sales.ws_ship_customer_sk",
                                                              "web_sales.ws_ship_cdemo_sk",
                                                              "web_sales.ws_ship_hdemo_sk",
                                                              "web_sales.ws_ship_addr_sk",
                                                              "web_sales.ws_web_page_sk",
                                                              "web_sales.ws_web_site_sk",
                                                              "web_sales.ws_ship_mode_sk",
                                                              "web_sales.ws_warehouse_sk",
                                                              "web_sales.ws_promo_sk",
                                                              "web_sales.ws_order_number",
                                                              "web_sales.ws_quantity",
                                                              "web_sales.ws_wholesale_cost",
                                                              "web_sales.ws_list_price",
                                                              "web_sales.ws_sales_price",
                                                              "web_sales.ws_ext_discount_amt",
                                                              "web_sales.ws_ext_sales_price",
                                                              "web_sales.ws_ext_wholesale_cost",
                                                              "web_sales.ws_ext_list_price",
                                                              "web_sales.ws_ext_tax",
                                                              "web_sales.ws_coupon_amt",
                                                              "web_sales.ws_ext_ship_cost",
                                                              "web_sales.ws_net_paid",
                                                              "web_sales.ws_net_paid_inc_tax",
                                                              "web_sales.ws_net_paid_inc_ship",
                                                              "web_sales.ws_net_paid_inc_ship_tax",
                                                              "web_sales.ws_net_profit"
                                                            ],
                                                            "Index Cond": "(web_sales.ws_sold_date_sk = date_dim_2.d_date_sk)",
                                                            "Filter": "((web_sales.ws_wholesale_cost >= '52'::numeric) AND (web_sales.ws_wholesale_cost <= '67'::numeric))"
                                                          }
                                                        ]
                                                      },
                                                      {
                                                        "Node Type": "Hash",
                                                        "Parent Relationship": "Inner",
                                                        "Parallel Aware": false,
                                                        "Async Capable": false,
                                                        "Startup Cost": 24.25,
                                                        "Total Cost": 24.25,
                                                        "Plan Rows": 11,
                                                        "Plan Width": 4,
                                                        "Output": [
                                                          "promotion_2.p_promo_sk"
                                                        ],
                                                        "Plans": [
                                                          {
                                                            "Node Type": "Seq Scan",
                                                            "Parent Relationship": "Outer",
                                                            "Parallel Aware": false,
                                                            "Async Capable": false,
                                                            "Relation Name": "promotion",
                                                            "Schema": "public",
                                                            "Alias": "promotion_2",
                                                            "Startup Cost": 0.0,
                                                            "Total Cost": 24.25,
                                                            "Plan Rows": 11,
                                                            "Plan Width": 4,
                                                            "Output": [
                                                              "promotion_2.p_promo_sk"
                                                            ],
                                                            "Filter": "((promotion_2.p_channel_email = 'Y'::bpchar) AND (promotion_2.p_channel_press = 'Y'::bpchar) AND (promotion_2.p_channel_event = 'Y'::bpchar) AND (promotion_2.p_channel_tv = 'N'::bpchar) AND (promotion_2.p_channel_radio = 'N'::bpchar))"
                                                          }
                                                        ]
                                                      }
                                                    ]
                                                  },
                                                  {
                                                    "Node Type": "Index Scan",
                                                    "Parent Relationship": "Inner",
                                                    "Parallel Aware": false,
                                                    "Async Capable": false,
                                                    "Scan Direction": "Forward",
                                                    "Index Name": "item_pkey",
                                                    "Relation Name": "item",
                                                    "Schema": "public",
                                                    "Alias": "item_2",
                                                    "Startup Cost": 0.29,
                                                    "Total Cost": 0.34,
                                                    "Plan Rows": 1,
                                                    "Plan Width": 4,
                                                    "Output": [
                                                      "item_2.i_item_sk",
                                                      "item_2.i_item_id",
                                                      "item_2.i_rec_start_date",
                                                      "item_2.i_rec_end_date",
                                                      "item_2.i_item_desc",
                                                      "item_2.i_current_price",
                                                      "item_2.i_wholesale_cost",
                                                      "item_2.i_brand_id",
                                                      "item_2.i_brand",
                                                      "item_2.i_class_id",
                                                      "item_2.i_class",
                                                      "item_2.i_category_id",
                                                      "item_2.i_category",
                                                      "item_2.i_manufact_id",
                                                      "item_2.i_manufact",
                                                      "item_2.i_size",
                                                      "item_2.i_formulation",
                                                      "item_2.i_color",
                                                      "item_2.i_units",
                                                      "item_2.i_container",
                                                      "item_2.i_manager_id",
                                                      "item_2.i_product_name"
                                                    ],
                                                    "Index Cond": "(item_2.i_item_sk = web_sales.ws_item_sk)",
                                                    "Filter": "((item_2.i_current_price > '50'::numeric) AND (item_2.i_category = ANY ('{Men,Women}'::bpchar[])))"
                                                  }
                                                ]
                                              },
                                              {
                                                "Node Type": "Index Scan",
                                                "Parent Relationship": "Inner",
                                                "Parallel Aware": false,
                                                "Async Capable": false,
                                                "Scan Direction": "Forward",
                                                "Index Name": "web_site_pkey",
                                                "Relation Name": "web_site",
                                                "Schema": "public",
                                                "Alias": "web_site",
                                                "Startup Cost": 0.14,
                                                "Total Cost": 0.16,
                                                "Plan Rows": 1,
                                                "Plan Width": 21,
                                                "Output": [
                                                  "web_site.web_site_sk",
                                                  "web_site.web_site_id",
                                                  "web_site.web_rec_start_date",
                                                  "web_site.web_rec_end_date",
                                                  "web_site.web_name",
                                                  "web_site.web_open_date_sk",
                                                  "web_site.web_close_date_sk",
                                                  "web_site.web_class",
                                                  "web_site.web_manager",
                                                  "web_site.web_mkt_id",
                                                  "web_site.web_mkt_class",
                                                  "web_site.web_mkt_desc",
                                                  "web_site.web_market_manager",
                                                  "web_site.web_company_id",
                                                  "web_site.web_company_name",
                                                  "web_site.web_street_number",
                                                  "web_site.web_street_name",
                                                  "web_site.web_street_type",
                                                  "web_site.web_suite_number",
                                                  "web_site.web_city",
                                                  "web_site.web_county",
                                                  "web_site.web_state",
                                                  "web_site.web_zip",
                                                  "web_site.web_country",
                                                  "web_site.web_gmt_offset",
                                                  "web_site.web_tax_percentage"
                                                ],
                                                "Index Cond": "(web_site.web_site_sk = web_sales.ws_web_site_sk)"
                                              }
                                            ]
                                          }
                                        ]
                                      }
                                    ]
                                  },
                                  {
                                    "Node Type": "Index Scan",
                                    "Parent Relationship": "Inner",
                                    "Parallel Aware": false,
                                    "Async Capable": false,
                                    "Scan Direction": "Forward",
                                    "Index Name": "web_returns_pkey",
                                    "Relation Name": "web_returns",
                                    "Schema": "public",
                                    "Alias": "web_returns",
                                    "Startup Cost": 0.43,
                                    "Total Cost": 0.55,
                                    "Plan Rows": 1,
                                    "Plan Width": 20,
                                    "Output": [
                                      "web_returns.wr_returned_date_sk",
                                      "web_returns.wr_returned_time_sk",
                                      "web_returns.wr_item_sk",
                                      "web_returns.wr_refunded_customer_sk",
                                      "web_returns.wr_refunded_cdemo_sk",
                                      "web_returns.wr_refunded_hdemo_sk",
                                      "web_returns.wr_refunded_addr_sk",
                                      "web_returns.wr_returning_customer_sk",
                                      "web_returns.wr_returning_cdemo_sk",
                                      "web_returns.wr_returning_hdemo_sk",
                                      "web_returns.wr_returning_addr_sk",
                                      "web_returns.wr_web_page_sk",
                                      "web_returns.wr_reason_sk",
                                      "web_returns.wr_order_number",
                                      "web_returns.wr_return_quantity",
                                      "web_returns.wr_return_amt",
                                      "web_returns.wr_return_tax",
                                      "web_returns.wr_return_amt_inc_tax",
                                      "web_returns.wr_fee",
                                      "web_returns.wr_return_ship_cost",
                                      "web_returns.wr_refunded_cash",
                                      "web_returns.wr_reversed_charge",
                                      "web_returns.wr_account_credit",
                                      "web_returns.wr_net_loss"
                                    ],
                                    "Index Cond": "((web_returns.wr_item_sk = web_sales.ws_item_sk) AND (web_returns.wr_order_number = web_sales.ws_order_number))"
                                  }
                                ]
                              }
                            ]
                          }
                        ]
                      }
                    ]
                  }
                ]
              }
            ]
          }
        ]
      }
    }
  ],
  "original_sql": "with ssr as\n (select  s_store_id as store_id,\n          sum(ss_ext_sales_price) as sales,\n          sum(coalesce(sr_return_amt, 0)) as returns,\n          sum(ss_net_profit - coalesce(sr_net_loss, 0)) as profit\n  from store_sales left outer join store_returns on\n         (ss_item_sk = sr_item_sk and ss_ticket_number = sr_ticket_number),\n     date_dim,\n     store,\n     item,\n     promotion\n where ss_sold_date_sk = d_date_sk\n       and d_date between cast('2000-07-15' as date)\n                  and cast('2000-07-15' as date) + interval '30 day'\n       and ss_store_sk = s_store_sk\n       and ss_item_sk = i_item_sk\n       and i_current_price > 50\n       and ss_promo_sk = p_promo_sk\n       and p_channel_email = 'Y'\n       and p_channel_tv = 'N'\n       and p_channel_radio = 'N'\n       and p_channel_press = 'Y'\n       and p_channel_event = 'Y'\n       and ss_wholesale_cost BETWEEN 52 AND 67\n       and i_category IN ('Men', 'Women')\n group by s_store_id)\n ,\n csr as\n (select  cp_catalog_page_id as catalog_page_id,\n          sum(cs_ext_sales_price) as sales,\n          sum(coalesce(cr_return_amount, 0)) as returns,\n          sum(cs_net_profit - coalesce(cr_net_loss, 0)) as profit\n  from catalog_sales left outer join catalog_returns on\n         (cs_item_sk = cr_item_sk and cs_order_number = cr_order_number),\n     date_dim,\n     catalog_page,\n     item,\n     promotion\n where cs_sold_date_sk = d_date_sk\n       and d_date between cast('2000-07-15' as date)\n                  and cast('2000-07-15' as date) + interval '30 day'\n        and cs_catalog_page_sk = cp_catalog_page_sk\n       and cs_item_sk = i_item_sk\n       and i_current_price > 50\n       and cs_promo_sk = p_promo_sk\n       and p_channel_email = 'Y'\n       and p_channel_tv = 'N'\n       and p_channel_radio = 'N'\n       and p_channel_press = 'Y'\n       and p_channel_event = 'Y'\n       and cs_wholesale_cost BETWEEN 52 AND 67\n       and i_category IN ('Men', 'Women')\ngroup by cp_catalog_page_id)\n ,\n wsr as\n (select  web_site_id,\n          sum(ws_ext_sales_price) as sales,\n          sum(coalesce(wr_return_amt, 0)) as returns,\n          sum(ws_net_profit - coalesce(wr_net_loss, 0)) as profit\n  from web_sales left outer join web_returns on\n         (ws_item_sk = wr_item_sk and ws_order_number = wr_order_number),\n     date_dim,\n     web_site,\n     item,\n     promotion\n where ws_sold_date_sk = d_date_sk\n       and d_date between cast('2000-07-15' as date)\n                  and cast('2000-07-15' as date) + interval '30 day'\n        and ws_web_site_sk = web_site_sk\n       and ws_item_sk = i_item_sk\n       and i_current_price > 50\n       and ws_promo_sk = p_promo_sk\n       and p_channel_email = 'Y'\n       and p_channel_tv = 'N'\n       and p_channel_radio = 'N'\n       and p_channel_press = 'Y'\n       and p_channel_event = 'Y'\n       and ws_wholesale_cost BETWEEN 52 AND 67\n       and i_category IN ('Men', 'Women')\ngroup by web_site_id)\n  select  channel\n        , id\n        , sum(sales) as sales\n        , sum(returns) as returns\n        , sum(profit) as profit\n from\n (select 'store channel' as channel\n        , 'store' || store_id as id\n        , sales\n        , returns\n        , profit\n from   ssr\n union all\n select 'catalog channel' as channel\n        , 'catalog_page' || catalog_page_id as id\n        , sales\n        , returns\n        , profit\n from  csr\n union all\n select 'web channel' as channel\n        , 'web_site' || web_site_id as id\n        , sales\n        , returns\n        , profit\n from   wsr\n ) x\n group by rollup (channel, id)\n order by channel\n         ,id\n limit 100"
}