{
  "query_id": "query001_multi_s2",
  "engine": "postgresql",
  "benchmark": "dsb_156",
  "scale_factor": 10,
  "execution_time_ms": null,
  "planning_time_ms": 1.0618119995342568,
  "plan_json": [
    {
      "Plan": {
        "Node Type": "Limit",
        "Parallel Aware": false,
        "Async Capable": false,
        "Startup Cost": 56646.4,
        "Total Cost": 56646.41,
        "Plan Rows": 1,
        "Plan Width": 17,
        "Output": [
          "customer.c_customer_id"
        ],
        "Plans": [
          {
            "Node Type": "Aggregate",
            "Strategy": "Sorted",
            "Partial Mode": "Finalize",
            "Parent Relationship": "InitPlan",
            "Subplan Name": "CTE customer_total_return",
            "Parallel Aware": false,
            "Async Capable": false,
            "Startup Cost": 55929.25,
            "Total Cost": 55951.62,
            "Plan Rows": 172,
            "Plan Width": 44,
            "Output": [
              "store_returns.sr_customer_sk",
              "store_returns.sr_store_sk",
              "store_returns.sr_reason_sk",
              "sum(store_returns.sr_return_amt_inc_tax)"
            ],
            "Group Key": [
              "store_returns.sr_customer_sk",
              "store_returns.sr_store_sk",
              "store_returns.sr_reason_sk"
            ],
            "Plans": [
              {
                "Node Type": "Gather Merge",
                "Parent Relationship": "Outer",
                "Parallel Aware": false,
                "Async Capable": false,
                "Startup Cost": 55929.25,
                "Total Cost": 55947.67,
                "Plan Rows": 144,
                "Plan Width": 44,
                "Output": [
                  "store_returns.sr_customer_sk",
                  "store_returns.sr_store_sk",
                  "store_returns.sr_reason_sk",
                  "(PARTIAL sum(store_returns.sr_return_amt_inc_tax))"
                ],
                "Workers Planned": 2,
                "Plans": [
                  {
                    "Node Type": "Aggregate",
                    "Strategy": "Sorted",
                    "Partial Mode": "Partial",
                    "Parent Relationship": "Outer",
                    "Parallel Aware": false,
                    "Async Capable": false,
                    "Startup Cost": 54929.22,
                    "Total Cost": 54931.02,
                    "Plan Rows": 72,
                    "Plan Width": 44,
                    "Output": [
                      "store_returns.sr_customer_sk",
                      "store_returns.sr_store_sk",
                      "store_returns.sr_reason_sk",
                      "PARTIAL sum(store_returns.sr_return_amt_inc_tax)"
                    ],
                    "Group Key": [
                      "store_returns.sr_customer_sk",
                      "store_returns.sr_store_sk",
                      "store_returns.sr_reason_sk"
                    ],
                    "Plans": [
                      {
                        "Node Type": "Sort",
                        "Parent Relationship": "Outer",
                        "Parallel Aware": false,
                        "Async Capable": false,
                        "Startup Cost": 54929.22,
                        "Total Cost": 54929.4,
                        "Plan Rows": 72,
                        "Plan Width": 18,
                        "Output": [
                          "store_returns.sr_customer_sk",
                          "store_returns.sr_store_sk",
                          "store_returns.sr_reason_sk",
                          "store_returns.sr_return_amt_inc_tax"
                        ],
                        "Sort Key": [
                          "store_returns.sr_customer_sk",
                          "store_returns.sr_store_sk",
                          "store_returns.sr_reason_sk"
                        ],
                        "Plans": [
                          {
                            "Node Type": "Nested Loop",
                            "Parent Relationship": "Outer",
                            "Parallel Aware": false,
                            "Async Capable": false,
                            "Join Type": "Inner",
                            "Startup Cost": 0.72,
                            "Total Cost": 54927.0,
                            "Plan Rows": 72,
                            "Plan Width": 18,
                            "Output": [
                              "store_returns.sr_customer_sk",
                              "store_returns.sr_store_sk",
                              "store_returns.sr_reason_sk",
                              "store_returns.sr_return_amt_inc_tax"
                            ],
                            "Inner Unique": false,
                            "Plans": [
                              {
                                "Node Type": "Index Only Scan",
                                "Parent Relationship": "Outer",
                                "Parallel Aware": true,
                                "Async Capable": false,
                                "Scan Direction": "Forward",
                                "Index Name": "_dta_index_date_dim_6_661577395__k1_k7_k9",
                                "Relation Name": "date_dim",
                                "Schema": "public",
                                "Alias": "date_dim",
                                "Startup Cost": 0.29,
                                "Total Cost": 1677.67,
                                "Plan Rows": 151,
                                "Plan Width": 4,
                                "Output": [
                                  "date_dim.d_date_sk",
                                  "date_dim.d_year",
                                  "date_dim.d_moy"
                                ],
                                "Index Cond": "(date_dim.d_year = 2000)"
                              },
                              {
                                "Node Type": "Index Scan",
                                "Parent Relationship": "Inner",
                                "Parallel Aware": false,
                                "Async Capable": false,
                                "Scan Direction": "Forward",
                                "Index Name": "_dta_index_store_returns_6_1013578649__k1_3_4_10",
                                "Relation Name": "store_returns",
                                "Schema": "public",
                                "Alias": "store_returns",
                                "Startup Cost": 0.43,
                                "Total Cost": 352.48,
                                "Plan Rows": 16,
                                "Plan Width": 22,
                                "Output": [
                                  "store_returns.sr_returned_date_sk",
                                  "store_returns.sr_return_time_sk",
                                  "store_returns.sr_item_sk",
                                  "store_returns.sr_customer_sk",
                                  "store_returns.sr_cdemo_sk",
                                  "store_returns.sr_hdemo_sk",
                                  "store_returns.sr_addr_sk",
                                  "store_returns.sr_store_sk",
                                  "store_returns.sr_reason_sk",
                                  "store_returns.sr_ticket_number",
                                  "store_returns.sr_return_quantity",
                                  "store_returns.sr_return_amt",
                                  "store_returns.sr_return_tax",
                                  "store_returns.sr_return_amt_inc_tax",
                                  "store_returns.sr_fee",
                                  "store_returns.sr_return_ship_cost",
                                  "store_returns.sr_refunded_cash",
                                  "store_returns.sr_reversed_charge",
                                  "store_returns.sr_store_credit",
                                  "store_returns.sr_net_loss"
                                ],
                                "Index Cond": "(store_returns.sr_returned_date_sk = date_dim.d_date_sk)",
                                "Filter": "(((store_returns.sr_return_amt / (store_returns.sr_return_quantity)::numeric) >= '115'::numeric) AND ((store_returns.sr_return_amt / (store_returns.sr_return_quantity)::numeric) <= '174'::numeric))"
                              }
                            ]
                          }
                        ]
                      }
                    ]
                  }
                ]
              }
            ]
          },
          {
            "Node Type": "Sort",
            "Parent Relationship": "Outer",
            "Parallel Aware": false,
            "Async Capable": false,
            "Startup Cost": 694.79,
            "Total Cost": 694.79,
            "Plan Rows": 1,
            "Plan Width": 17,
            "Output": [
              "customer.c_customer_id"
            ],
            "Sort Key": [
              "customer.c_customer_id"
            ],
            "Plans": [
              {
                "Node Type": "Nested Loop",
                "Parent Relationship": "Outer",
                "Parallel Aware": false,
                "Async Capable": false,
                "Join Type": "Inner",
                "Startup Cost": 0.85,
                "Total Cost": 694.78,
                "Plan Rows": 1,
                "Plan Width": 17,
                "Output": [
                  "customer.c_customer_id"
                ],
                "Inner Unique": true,
                "Plans": [
                  {
                    "Node Type": "Nested Loop",
                    "Parent Relationship": "Outer",
                    "Parallel Aware": false,
                    "Async Capable": false,
                    "Join Type": "Inner",
                    "Startup Cost": 0.42,
                    "Total Cost": 688.35,
                    "Plan Rows": 1,
                    "Plan Width": 21,
                    "Output": [
                      "customer.c_customer_id",
                      "customer.c_current_cdemo_sk"
                    ],
                    "Inner Unique": true,
                    "Plans": [
                      {
                        "Node Type": "Nested Loop",
                        "Parent Relationship": "Outer",
                        "Parallel Aware": false,
                        "Async Capable": false,
                        "Join Type": "Inner",
                        "Startup Cost": 0.0,
                        "Total Cost": 679.89,
                        "Plan Rows": 1,
                        "Plan Width": 4,
                        "Output": [
                          "ctr1.ctr_customer_sk"
                        ],
                        "Inner Unique": true,
                        "Join Filter": "(ctr1.ctr_store_sk = store.s_store_sk)",
                        "Plans": [
                          {
                            "Node Type": "CTE Scan",
                            "Parent Relationship": "Outer",
                            "Parallel Aware": false,
                            "Async Capable": false,
                            "CTE Name": "customer_total_return",
                            "Alias": "ctr1",
                            "Startup Cost": 0.0,
                            "Total Cost": 673.38,
                            "Plan Rows": 1,
                            "Plan Width": 8,
                            "Output": [
                              "ctr1.ctr_customer_sk",
                              "ctr1.ctr_store_sk",
                              "ctr1.ctr_reason_sk",
                              "ctr1.ctr_total_return"
                            ],
                            "Filter": "((ctr1.ctr_reason_sk >= 17) AND (ctr1.ctr_reason_sk <= 20) AND (ctr1.ctr_total_return > (SubPlan 2)))",
                            "Plans": [
                              {
                                "Node Type": "Aggregate",
                                "Strategy": "Plain",
                                "Partial Mode": "Simple",
                                "Parent Relationship": "SubPlan",
                                "Subplan Name": "SubPlan 2",
                                "Parallel Aware": false,
                                "Async Capable": false,
                                "Startup Cost": 3.87,
                                "Total Cost": 3.89,
                                "Plan Rows": 1,
                                "Plan Width": 32,
                                "Output": [
                                  "(avg(ctr2.ctr_total_return) * 1.2)"
                                ],
                                "Plans": [
                                  {
                                    "Node Type": "CTE Scan",
                                    "Parent Relationship": "Outer",
                                    "Parallel Aware": false,
                                    "Async Capable": false,
                                    "CTE Name": "customer_total_return",
                                    "Alias": "ctr2",
                                    "Startup Cost": 0.0,
                                    "Total Cost": 3.87,
                                    "Plan Rows": 1,
                                    "Plan Width": 32,
                                    "Output": [
                                      "ctr2.ctr_customer_sk",
                                      "ctr2.ctr_store_sk",
                                      "ctr2.ctr_reason_sk",
                                      "ctr2.ctr_total_return"
                                    ],
                                    "Filter": "(ctr1.ctr_store_sk = ctr2.ctr_store_sk)"
                                  }
                                ]
                              }
                            ]
                          },
                          {
                            "Node Type": "Seq Scan",
                            "Parent Relationship": "Inner",
                            "Parallel Aware": false,
                            "Async Capable": false,
                            "Relation Name": "store",
                            "Schema": "public",
                            "Alias": "store",
                            "Startup Cost": 0.0,
                            "Total Cost": 6.4,
                            "Plan Rows": 9,
                            "Plan Width": 4,
                            "Output": [
                              "store.s_store_sk",
                              "store.s_store_id",
                              "store.s_rec_start_date",
                              "store.s_rec_end_date",
                              "store.s_closed_date_sk",
                              "store.s_store_name",
                              "store.s_number_employees",
                              "store.s_floor_space",
                              "store.s_hours",
                              "store.s_manager",
                              "store.s_market_id",
                              "store.s_geography_class",
                              "store.s_market_desc",
                              "store.s_market_manager",
                              "store.s_division_id",
                              "store.s_division_name",
                              "store.s_company_id",
                              "store.s_company_name",
                              "store.s_street_number",
                              "store.s_street_name",
                              "store.s_street_type",
                              "store.s_suite_number",
                              "store.s_city",
                              "store.s_county",
                              "store.s_state",
                              "store.s_zip",
                              "store.s_country",
                              "store.s_gmt_offset",
                              "store.s_tax_precentage"
                            ],
                            "Filter": "(store.s_state = ANY ('{IA,KY,NE}'::bpchar[]))"
                          }
                        ]
                      },
                      {
                        "Node Type": "Index Scan",
                        "Parent Relationship": "Inner",
                        "Parallel Aware": false,
                        "Async Capable": false,
                        "Scan Direction": "Forward",
                        "Index Name": "_dta_index_customer_6_949578421__k1_k5",
                        "Relation Name": "customer",
                        "Schema": "public",
                        "Alias": "customer",
                        "Startup Cost": 0.42,
                        "Total Cost": 8.45,
                        "Plan Rows": 1,
                        "Plan Width": 25,
                        "Output": [
                          "customer.c_customer_sk",
                          "customer.c_customer_id",
                          "customer.c_current_cdemo_sk",
                          "customer.c_current_hdemo_sk",
                          "customer.c_current_addr_sk",
                          "customer.c_first_shipto_date_sk",
                          "customer.c_first_sales_date_sk",
                          "customer.c_salutation",
                          "customer.c_first_name",
                          "customer.c_last_name",
                          "customer.c_preferred_cust_flag",
                          "customer.c_birth_day",
                          "customer.c_birth_month",
                          "customer.c_birth_year",
                          "customer.c_birth_country",
                          "customer.c_login",
                          "customer.c_email_address",
                          "customer.c_last_review_date_sk"
                        ],
                        "Index Cond": "(customer.c_customer_sk = ctr1.ctr_customer_sk)",
                        "Filter": "((customer.c_birth_year >= 1987) AND (customer.c_birth_year <= 1993) AND (customer.c_birth_month = 4))"
                      }
                    ]
                  },
                  {
                    "Node Type": "Index Scan",
                    "Parent Relationship": "Inner",
                    "Parallel Aware": false,
                    "Async Capable": false,
                    "Scan Direction": "Forward",
                    "Index Name": "customer_demographics_pkey",
                    "Relation Name": "customer_demographics",
                    "Schema": "public",
                    "Alias": "customer_demographics",
                    "Startup Cost": 0.43,
                    "Total Cost": 6.43,
                    "Plan Rows": 1,
                    "Plan Width": 4,
                    "Output": [
                      "customer_demographics.cd_demo_sk",
                      "customer_demographics.cd_gender",
                      "customer_demographics.cd_marital_status",
                      "customer_demographics.cd_education_status",
                      "customer_demographics.cd_purchase_estimate",
                      "customer_demographics.cd_credit_rating",
                      "customer_demographics.cd_dep_count",
                      "customer_demographics.cd_dep_employed_count",
                      "customer_demographics.cd_dep_college_count"
                    ],
                    "Index Cond": "(customer_demographics.cd_demo_sk = customer.c_current_cdemo_sk)",
                    "Filter": "((customer_demographics.cd_marital_status = ANY ('{S,S}'::bpchar[])) AND (customer_demographics.cd_education_status = ANY ('{\"4 yr Degree\",\"4 yr Degree\"}'::bpchar[])) AND (customer_demographics.cd_gender = 'M'::bpchar))"
                  }
                ]
              }
            ]
          }
        ]
      }
    }
  ],
  "original_sql": "with customer_total_return as\n(select sr_customer_sk as ctr_customer_sk\n,sr_store_sk as ctr_store_sk\n,sr_reason_sk as ctr_reason_sk\n,sum(SR_RETURN_AMT_INC_TAX) as ctr_total_return\nfrom store_returns\n,date_dim\nwhere sr_returned_date_sk = d_date_sk\nand d_year =2000\nand sr_return_amt / sr_return_quantity between 115 and 174\ngroup by sr_customer_sk\n,sr_store_sk, sr_reason_sk)\n select  c_customer_id\nfrom customer_total_return ctr1\n,store\n,customer\n,customer_demographics\nwhere ctr1.ctr_total_return > (select avg(ctr_total_return)*1.2\nfrom customer_total_return ctr2\nwhere ctr1.ctr_store_sk = ctr2.ctr_store_sk\n)\nand ctr1.ctr_reason_sk BETWEEN 17 AND 20\nand s_store_sk = ctr1.ctr_store_sk\nand s_state IN ('IA', 'KY', 'NE')\nand ctr1.ctr_customer_sk = c_customer_sk\nand c_current_cdemo_sk = cd_demo_sk\nand cd_marital_status IN ('S', 'S')\nand cd_education_status IN ('4 yr Degree', '4 yr Degree')\nand cd_gender = 'M'\nand c_birth_month = 4\nand c_birth_year BETWEEN 1987 AND 1993\norder by c_customer_id\nlimit 100"
}