{
  "query_id": "query054_multi_s2",
  "engine": "postgresql",
  "benchmark": "dsb_156",
  "scale_factor": 10,
  "execution_time_ms": null,
  "planning_time_ms": 2.2429410000768257,
  "plan_json": [
    {
      "Plan": {
        "Node Type": "Limit",
        "Parallel Aware": false,
        "Async Capable": false,
        "Startup Cost": 18653.16,
        "Total Cost": 18653.17,
        "Plan Rows": 1,
        "Plan Width": 16,
        "Output": [
          "(((my_revenue.revenue / '50'::numeric))::integer)",
          "(count(*))",
          "(((((my_revenue.revenue / '50'::numeric))::integer) * 50))"
        ],
        "Plans": [
          {
            "Node Type": "Sort",
            "Parent Relationship": "Outer",
            "Parallel Aware": false,
            "Async Capable": false,
            "Startup Cost": 18653.16,
            "Total Cost": 18653.17,
            "Plan Rows": 1,
            "Plan Width": 16,
            "Output": [
              "(((my_revenue.revenue / '50'::numeric))::integer)",
              "(count(*))",
              "(((((my_revenue.revenue / '50'::numeric))::integer) * 50))"
            ],
            "Sort Key": [
              "(((my_revenue.revenue / '50'::numeric))::integer)",
              "(count(*))"
            ],
            "Plans": [
              {
                "Node Type": "Aggregate",
                "Strategy": "Sorted",
                "Partial Mode": "Simple",
                "Parent Relationship": "Outer",
                "Parallel Aware": false,
                "Async Capable": false,
                "Startup Cost": 18653.12,
                "Total Cost": 18653.15,
                "Plan Rows": 1,
                "Plan Width": 16,
                "Output": [
                  "(((my_revenue.revenue / '50'::numeric))::integer)",
                  "count(*)",
                  "((((my_revenue.revenue / '50'::numeric))::integer) * 50)"
                ],
                "Group Key": [
                  "(((my_revenue.revenue / '50'::numeric))::integer)"
                ],
                "Plans": [
                  {
                    "Node Type": "Sort",
                    "Parent Relationship": "Outer",
                    "Parallel Aware": false,
                    "Async Capable": false,
                    "Startup Cost": 18653.12,
                    "Total Cost": 18653.12,
                    "Plan Rows": 1,
                    "Plan Width": 36,
                    "Output": [
                      "(((my_revenue.revenue / '50'::numeric))::integer)",
                      "my_revenue.revenue"
                    ],
                    "Sort Key": [
                      "(((my_revenue.revenue / '50'::numeric))::integer)"
                    ],
                    "Plans": [
                      {
                        "Node Type": "Subquery Scan",
                        "Parent Relationship": "Outer",
                        "Parallel Aware": false,
                        "Async Capable": false,
                        "Alias": "my_revenue",
                        "Startup Cost": 17373.31,
                        "Total Cost": 18653.11,
                        "Plan Rows": 1,
                        "Plan Width": 36,
                        "Output": [
                          "((my_revenue.revenue / '50'::numeric))::integer",
                          "my_revenue.revenue"
                        ],
                        "Plans": [
                          {
                            "Node Type": "Aggregate",
                            "Strategy": "Sorted",
                            "Partial Mode": "Simple",
                            "Parent Relationship": "Subquery",
                            "Parallel Aware": false,
                            "Async Capable": false,
                            "Startup Cost": 17373.31,
                            "Total Cost": 18653.09,
                            "Plan Rows": 1,
                            "Plan Width": 36,
                            "Output": [
                              "customer.c_customer_sk",
                              "sum(store_sales.ss_ext_sales_price)"
                            ],
                            "Group Key": [
                              "customer.c_customer_sk"
                            ],
                            "Plans": [
                              {
                                "Node Type": "Aggregate",
                                "Strategy": "Hashed",
                                "Partial Mode": "Simple",
                                "Parent Relationship": "InitPlan",
                                "Subplan Name": "InitPlan 1 (returns $0)",
                                "Parallel Aware": false,
                                "Async Capable": false,
                                "Startup Cost": 12.49,
                                "Total Cost": 12.86,
                                "Plan Rows": 30,
                                "Plan Width": 4,
                                "Output": [
                                  "((date_dim_2.d_month_seq + 1))"
                                ],
                                "Group Key": [
                                  "(date_dim_2.d_month_seq + 1)"
                                ],
                                "Planned Partitions": 0,
                                "Plans": [
                                  {
                                    "Node Type": "Index Only Scan",
                                    "Parent Relationship": "Outer",
                                    "Parallel Aware": false,
                                    "Async Capable": false,
                                    "Scan Direction": "Forward",
                                    "Index Name": "_dta_index_date_dim_6_661577395__k7_k4_k9_k1",
                                    "Relation Name": "date_dim",
                                    "Schema": "public",
                                    "Alias": "date_dim_2",
                                    "Startup Cost": 0.42,
                                    "Total Cost": 12.41,
                                    "Plan Rows": 30,
                                    "Plan Width": 4,
                                    "Output": [
                                      "(date_dim_2.d_month_seq + 1)"
                                    ],
                                    "Index Cond": "((date_dim_2.d_year = 1998) AND (date_dim_2.d_moy = 5))"
                                  }
                                ]
                              },
                              {
                                "Node Type": "Aggregate",
                                "Strategy": "Hashed",
                                "Partial Mode": "Simple",
                                "Parent Relationship": "InitPlan",
                                "Subplan Name": "InitPlan 2 (returns $1)",
                                "Parallel Aware": false,
                                "Async Capable": false,
                                "Startup Cost": 12.49,
                                "Total Cost": 12.86,
                                "Plan Rows": 30,
                                "Plan Width": 4,
                                "Output": [
                                  "((date_dim_3.d_month_seq + 3))"
                                ],
                                "Group Key": [
                                  "(date_dim_3.d_month_seq + 3)"
                                ],
                                "Planned Partitions": 0,
                                "Plans": [
                                  {
                                    "Node Type": "Index Only Scan",
                                    "Parent Relationship": "Outer",
                                    "Parallel Aware": false,
                                    "Async Capable": false,
                                    "Scan Direction": "Forward",
                                    "Index Name": "_dta_index_date_dim_6_661577395__k7_k4_k9_k1",
                                    "Relation Name": "date_dim",
                                    "Schema": "public",
                                    "Alias": "date_dim_3",
                                    "Startup Cost": 0.42,
                                    "Total Cost": 12.41,
                                    "Plan Rows": 30,
                                    "Plan Width": 4,
                                    "Output": [
                                      "(date_dim_3.d_month_seq + 3)"
                                    ],
                                    "Index Cond": "((date_dim_3.d_year = 1998) AND (date_dim_3.d_moy = 5))"
                                  }
                                ]
                              },
                              {
                                "Node Type": "Nested Loop",
                                "Parent Relationship": "Outer",
                                "Parallel Aware": false,
                                "Async Capable": false,
                                "Join Type": "Inner",
                                "Startup Cost": 17347.58,
                                "Total Cost": 18627.35,
                                "Plan Rows": 1,
                                "Plan Width": 10,
                                "Output": [
                                  "customer.c_customer_sk",
                                  "store_sales.ss_ext_sales_price"
                                ],
                                "Inner Unique": true,
                                "Plans": [
                                  {
                                    "Node Type": "Nested Loop",
                                    "Parent Relationship": "Outer",
                                    "Parallel Aware": false,
                                    "Async Capable": false,
                                    "Join Type": "Inner",
                                    "Startup Cost": 17347.29,
                                    "Total Cost": 18627.04,
                                    "Plan Rows": 1,
                                    "Plan Width": 14,
                                    "Output": [
                                      "customer.c_customer_sk",
                                      "store_sales.ss_ext_sales_price",
                                      "store_sales.ss_sold_date_sk"
                                    ],
                                    "Inner Unique": false,
                                    "Plans": [
                                      {
                                        "Node Type": "Nested Loop",
                                        "Parent Relationship": "Outer",
                                        "Parallel Aware": false,
                                        "Async Capable": false,
                                        "Join Type": "Inner",
                                        "Startup Cost": 17336.29,
                                        "Total Cost": 17345.73,
                                        "Plan Rows": 1,
                                        "Plan Width": 4,
                                        "Output": [
                                          "customer.c_customer_sk"
                                        ],
                                        "Inner Unique": false,
                                        "Plans": [
                                          {
                                            "Node Type": "Nested Loop",
                                            "Parent Relationship": "Outer",
                                            "Parallel Aware": false,
                                            "Async Capable": false,
                                            "Join Type": "Inner",
                                            "Startup Cost": 17336.15,
                                            "Total Cost": 17344.18,
                                            "Plan Rows": 1,
                                            "Plan Width": 21,
                                            "Output": [
                                              "customer.c_customer_sk",
                                              "customer_address.ca_county",
                                              "customer_address.ca_state"
                                            ],
                                            "Inner Unique": true,
                                            "Plans": [
                                              {
                                                "Node Type": "Unique",
                                                "Parent Relationship": "Outer",
                                                "Parallel Aware": false,
                                                "Async Capable": false,
                                                "Startup Cost": 17335.73,
                                                "Total Cost": 17335.74,
                                                "Plan Rows": 1,
                                                "Plan Width": 8,
                                                "Output": [
                                                  "customer.c_customer_sk",
                                                  "customer.c_current_addr_sk"
                                                ],
                                                "Plans": [
                                                  {
                                                    "Node Type": "Sort",
                                                    "Parent Relationship": "Outer",
                                                    "Parallel Aware": false,
                                                    "Async Capable": false,
                                                    "Startup Cost": 17335.73,
                                                    "Total Cost": 17335.73,
                                                    "Plan Rows": 1,
                                                    "Plan Width": 8,
                                                    "Output": [
                                                      "customer.c_customer_sk",
                                                      "customer.c_current_addr_sk"
                                                    ],
                                                    "Sort Key": [
                                                      "customer.c_customer_sk",
                                                      "customer.c_current_addr_sk"
                                                    ],
                                                    "Plans": [
                                                      {
                                                        "Node Type": "Nested Loop",
                                                        "Parent Relationship": "Outer",
                                                        "Parallel Aware": false,
                                                        "Async Capable": false,
                                                        "Join Type": "Inner",
                                                        "Startup Cost": 1001.69,
                                                        "Total Cost": 17335.72,
                                                        "Plan Rows": 1,
                                                        "Plan Width": 8,
                                                        "Output": [
                                                          "customer.c_customer_sk",
                                                          "customer.c_current_addr_sk"
                                                        ],
                                                        "Inner Unique": true,
                                                        "Plans": [
                                                          {
                                                            "Node Type": "Gather",
                                                            "Parent Relationship": "Outer",
                                                            "Parallel Aware": false,
                                                            "Async Capable": false,
                                                            "Startup Cost": 1001.27,
                                                            "Total Cost": 17334.52,
                                                            "Plan Rows": 1,
                                                            "Plan Width": 4,
                                                            "Output": [
                                                              "catalog_sales.cs_bill_customer_sk"
                                                            ],
                                                            "Workers Planned": 2,
                                                            "Single Copy": false,
                                                            "Plans": [
                                                              {
                                                                "Node Type": "Nested Loop",
                                                                "Parent Relationship": "Outer",
                                                                "Parallel Aware": false,
                                                                "Async Capable": false,
                                                                "Join Type": "Inner",
                                                                "Startup Cost": 1.27,
                                                                "Total Cost": 16334.42,
                                                                "Plan Rows": 1,
                                                                "Plan Width": 4,
                                                                "Output": [
                                                                  "catalog_sales.cs_bill_customer_sk"
                                                                ],
                                                                "Inner Unique": false,
                                                                "Plans": [
                                                                  {
                                                                    "Node Type": "Index Only Scan",
                                                                    "Parent Relationship": "Outer",
                                                                    "Parallel Aware": true,
                                                                    "Async Capable": false,
                                                                    "Scan Direction": "Forward",
                                                                    "Index Name": "_dta_index_date_dim_6_661577395__k1_k7_k9",
                                                                    "Relation Name": "date_dim",
                                                                    "Schema": "public",
                                                                    "Alias": "date_dim_1",
                                                                    "Startup Cost": 0.29,
                                                                    "Total Cost": 1858.91,
                                                                    "Plan Rows": 12,
                                                                    "Plan Width": 4,
                                                                    "Output": [
                                                                      "date_dim_1.d_date_sk",
                                                                      "date_dim_1.d_year",
                                                                      "date_dim_1.d_moy"
                                                                    ],
                                                                    "Index Cond": "((date_dim_1.d_year = 1998) AND (date_dim_1.d_moy = 5))"
                                                                  },
                                                                  {
                                                                    "Node Type": "Nested Loop",
                                                                    "Parent Relationship": "Inner",
                                                                    "Parallel Aware": false,
                                                                    "Async Capable": false,
                                                                    "Join Type": "Inner",
                                                                    "Startup Cost": 0.98,
                                                                    "Total Cost": 1204.89,
                                                                    "Plan Rows": 140,
                                                                    "Plan Width": 8,
                                                                    "Output": [
                                                                      "catalog_sales.cs_sold_date_sk",
                                                                      "catalog_sales.cs_bill_customer_sk"
                                                                    ],
                                                                    "Inner Unique": false,
                                                                    "Plans": [
                                                                      {
                                                                        "Node Type": "Index Only Scan",
                                                                        "Parent Relationship": "Outer",
                                                                        "Parallel Aware": false,
                                                                        "Async Capable": false,
                                                                        "Scan Direction": "Forward",
                                                                        "Index Name": "_dta_index_item_6_853578079__k13_k11_k1",
                                                                        "Relation Name": "item",
                                                                        "Schema": "public",
                                                                        "Alias": "item",
                                                                        "Startup Cost": 0.42,
                                                                        "Total Cost": 9.82,
                                                                        "Plan Rows": 70,
                                                                        "Plan Width": 4,
                                                                        "Output": [
                                                                          "item.i_category",
                                                                          "item.i_class",
                                                                          "item.i_item_sk"
                                                                        ],
                                                                        "Index Cond": "((item.i_category = 'Home'::bpchar) AND (item.i_class = 'curtains/drapes'::bpchar))"
                                                                      },
                                                                      {
                                                                        "Node Type": "Append",
                                                                        "Parent Relationship": "Inner",
                                                                        "Parallel Aware": false,
                                                                        "Async Capable": false,
                                                                        "Startup Cost": 0.56,
                                                                        "Total Cost": 17.05,
                                                                        "Plan Rows": 2,
                                                                        "Plan Width": 12,
                                                                        "Subplans Removed": 0,
                                                                        "Plans": [
                                                                          {
                                                                            "Node Type": "Index Scan",
                                                                            "Parent Relationship": "Member",
                                                                            "Parallel Aware": false,
                                                                            "Async Capable": false,
                                                                            "Scan Direction": "Forward",
                                                                            "Index Name": "_dta_index_catalog_sales_6_1301579675__k1_k16_k5_k4_3_6_18_19_2",
                                                                            "Relation Name": "catalog_sales",
                                                                            "Schema": "public",
                                                                            "Alias": "catalog_sales",
                                                                            "Startup Cost": 0.56,
                                                                            "Total Cost": 8.59,
                                                                            "Plan Rows": 1,
                                                                            "Plan Width": 12,
                                                                            "Output": [
                                                                              "catalog_sales.cs_sold_date_sk",
                                                                              "catalog_sales.cs_item_sk",
                                                                              "catalog_sales.cs_bill_customer_sk"
                                                                            ],
                                                                            "Index Cond": "((catalog_sales.cs_sold_date_sk = date_dim_1.d_date_sk) AND (catalog_sales.cs_item_sk = item.i_item_sk))",
                                                                            "Filter": "((catalog_sales.cs_wholesale_cost >= '70'::numeric) AND (catalog_sales.cs_wholesale_cost <= '100'::numeric))"
                                                                          },
                                                                          {
                                                                            "Node Type": "Index Scan",
                                                                            "Parent Relationship": "Member",
                                                                            "Parallel Aware": false,
                                                                            "Async Capable": false,
                                                                            "Scan Direction": "Forward",
                                                                            "Index Name": "_dta_index_web_sales_6_1269579561__k1_k4_k5_18",
                                                                            "Relation Name": "web_sales",
                                                                            "Schema": "public",
                                                                            "Alias": "web_sales",
                                                                            "Startup Cost": 0.43,
                                                                            "Total Cost": 8.46,
                                                                            "Plan Rows": 1,
                                                                            "Plan Width": 12,
                                                                            "Output": [
                                                                              "web_sales.ws_sold_date_sk",
                                                                              "web_sales.ws_item_sk",
                                                                              "web_sales.ws_bill_customer_sk"
                                                                            ],
                                                                            "Index Cond": "((web_sales.ws_sold_date_sk = date_dim_1.d_date_sk) AND (web_sales.ws_item_sk = item.i_item_sk))",
                                                                            "Filter": "((web_sales.ws_wholesale_cost >= '70'::numeric) AND (web_sales.ws_wholesale_cost <= '100'::numeric))"
                                                                          }
                                                                        ]
                                                                      }
                                                                    ]
                                                                  }
                                                                ]
                                                              }
                                                            ]
                                                          },
                                                          {
                                                            "Node Type": "Index Scan",
                                                            "Parent Relationship": "Inner",
                                                            "Parallel Aware": false,
                                                            "Async Capable": false,
                                                            "Scan Direction": "Forward",
                                                            "Index Name": "_dta_index_customer_6_949578421__k1_k5",
                                                            "Relation Name": "customer",
                                                            "Schema": "public",
                                                            "Alias": "customer",
                                                            "Startup Cost": 0.42,
                                                            "Total Cost": 1.2,
                                                            "Plan Rows": 1,
                                                            "Plan Width": 8,
                                                            "Output": [
                                                              "customer.c_customer_sk",
                                                              "customer.c_customer_id",
                                                              "customer.c_current_cdemo_sk",
                                                              "customer.c_current_hdemo_sk",
                                                              "customer.c_current_addr_sk",
                                                              "customer.c_first_shipto_date_sk",
                                                              "customer.c_first_sales_date_sk",
                                                              "customer.c_salutation",
                                                              "customer.c_first_name",
                                                              "customer.c_last_name",
                                                              "customer.c_preferred_cust_flag",
                                                              "customer.c_birth_day",
                                                              "customer.c_birth_month",
                                                              "customer.c_birth_year",
                                                              "customer.c_birth_country",
                                                              "customer.c_login",
                                                              "customer.c_email_address",
                                                              "customer.c_last_review_date_sk"
                                                            ],
                                                            "Index Cond": "(customer.c_customer_sk = catalog_sales.cs_bill_customer_sk)",
                                                            "Filter": "((customer.c_birth_year >= 1942) AND (customer.c_birth_year <= 1955))"
                                                          }
                                                        ]
                                                      }
                                                    ]
                                                  }
                                                ]
                                              },
                                              {
                                                "Node Type": "Index Scan",
                                                "Parent Relationship": "Inner",
                                                "Parallel Aware": false,
                                                "Async Capable": false,
                                                "Scan Direction": "Forward",
                                                "Index Name": "customer_address_pkey",
                                                "Relation Name": "customer_address",
                                                "Schema": "public",
                                                "Alias": "customer_address",
                                                "Startup Cost": 0.42,
                                                "Total Cost": 8.44,
                                                "Plan Rows": 1,
                                                "Plan Width": 21,
                                                "Output": [
                                                  "customer_address.ca_address_sk",
                                                  "customer_address.ca_address_id",
                                                  "customer_address.ca_street_number",
                                                  "customer_address.ca_street_name",
                                                  "customer_address.ca_street_type",
                                                  "customer_address.ca_suite_number",
                                                  "customer_address.ca_city",
                                                  "customer_address.ca_county",
                                                  "customer_address.ca_state",
                                                  "customer_address.ca_zip",
                                                  "customer_address.ca_country",
                                                  "customer_address.ca_gmt_offset",
                                                  "customer_address.ca_location_type"
                                                ],
                                                "Index Cond": "(customer_address.ca_address_sk = customer.c_current_addr_sk)"
                                              }
                                            ]
                                          },
                                          {
                                            "Node Type": "Index Scan",
                                            "Parent Relationship": "Inner",
                                            "Parallel Aware": false,
                                            "Async Capable": false,
                                            "Scan Direction": "Forward",
                                            "Index Name": "_dta_index_store_6_885578193__k25_k1",
                                            "Relation Name": "store",
                                            "Schema": "public",
                                            "Alias": "store",
                                            "Startup Cost": 0.14,
                                            "Total Cost": 1.54,
                                            "Plan Rows": 1,
                                            "Plan Width": 17,
                                            "Output": [
                                              "store.s_store_sk",
                                              "store.s_store_id",
                                              "store.s_rec_start_date",
                                              "store.s_rec_end_date",
                                              "store.s_closed_date_sk",
                                              "store.s_store_name",
                                              "store.s_number_employees",
                                              "store.s_floor_space",
                                              "store.s_hours",
                                              "store.s_manager",
                                              "store.s_market_id",
                                              "store.s_geography_class",
                                              "store.s_market_desc",
                                              "store.s_market_manager",
                                              "store.s_division_id",
                                              "store.s_division_name",
                                              "store.s_company_id",
                                              "store.s_company_name",
                                              "store.s_street_number",
                                              "store.s_street_name",
                                              "store.s_street_type",
                                              "store.s_suite_number",
                                              "store.s_city",
                                              "store.s_county",
                                              "store.s_state",
                                              "store.s_zip",
                                              "store.s_country",
                                              "store.s_gmt_offset",
                                              "store.s_tax_precentage"
                                            ],
                                            "Index Cond": "((store.s_state = customer_address.ca_state) AND (store.s_state = ANY ('{AR,GA,IN,KS,KY,NC,OH,PA,SD,VA}'::bpchar[])))",
                                            "Filter": "((customer_address.ca_county)::text = (store.s_county)::text)"
                                          }
                                        ]
                                      },
                                      {
                                        "Node Type": "Bitmap Heap Scan",
                                        "Parent Relationship": "Inner",
                                        "Parallel Aware": false,
                                        "Async Capable": false,
                                        "Relation Name": "store_sales",
                                        "Schema": "public",
                                        "Alias": "store_sales",
                                        "Startup Cost": 11.0,
                                        "Total Cost": 1280.41,
                                        "Plan Rows": 89,
                                        "Plan Width": 14,
                                        "Output": [
                                          "store_sales.ss_sold_date_sk",
                                          "store_sales.ss_sold_time_sk",
                                          "store_sales.ss_item_sk",
                                          "store_sales.ss_customer_sk",
                                          "store_sales.ss_cdemo_sk",
                                          "store_sales.ss_hdemo_sk",
                                          "store_sales.ss_addr_sk",
                                          "store_sales.ss_store_sk",
                                          "store_sales.ss_promo_sk",
                                          "store_sales.ss_ticket_number",
                                          "store_sales.ss_quantity",
                                          "store_sales.ss_wholesale_cost",
                                          "store_sales.ss_list_price",
                                          "store_sales.ss_sales_price",
                                          "store_sales.ss_ext_discount_amt",
                                          "store_sales.ss_ext_sales_price",
                                          "store_sales.ss_ext_wholesale_cost",
                                          "store_sales.ss_ext_list_price",
                                          "store_sales.ss_ext_tax",
                                          "store_sales.ss_coupon_amt",
                                          "store_sales.ss_net_paid",
                                          "store_sales.ss_net_paid_inc_tax",
                                          "store_sales.ss_net_profit"
                                        ],
                                        "Recheck Cond": "(store_sales.ss_customer_sk = customer.c_customer_sk)",
                                        "Filter": "((store_sales.ss_wholesale_cost >= '70'::numeric) AND (store_sales.ss_wholesale_cost <= '100'::numeric))",
                                        "Plans": [
                                          {
                                            "Node Type": "Bitmap Index Scan",
                                            "Parent Relationship": "Outer",
                                            "Parallel Aware": false,
                                            "Async Capable": false,
                                            "Index Name": "_dta_index_store_sales_6_1333579789__k4_k1_16",
                                            "Startup Cost": 0.0,
                                            "Total Cost": 10.98,
                                            "Plan Rows": 322,
                                            "Plan Width": 0,
                                            "Index Cond": "(store_sales.ss_customer_sk = customer.c_customer_sk)"
                                          }
                                        ]
                                      }
                                    ]
                                  },
                                  {
                                    "Node Type": "Index Scan",
                                    "Parent Relationship": "Inner",
                                    "Parallel Aware": false,
                                    "Async Capable": false,
                                    "Scan Direction": "Forward",
                                    "Index Name": "date_dim_pkey",
                                    "Relation Name": "date_dim",
                                    "Schema": "public",
                                    "Alias": "date_dim",
                                    "Startup Cost": 0.29,
                                    "Total Cost": 0.32,
                                    "Plan Rows": 1,
                                    "Plan Width": 4,
                                    "Output": [
                                      "date_dim.d_date_sk",
                                      "date_dim.d_date_id",
                                      "date_dim.d_date",
                                      "date_dim.d_month_seq",
                                      "date_dim.d_week_seq",
                                      "date_dim.d_quarter_seq",
                                      "date_dim.d_year",
                                      "date_dim.d_dow",
                                      "date_dim.d_moy",
                                      "date_dim.d_dom",
                                      "date_dim.d_qoy",
                                      "date_dim.d_fy_year",
                                      "date_dim.d_fy_quarter_seq",
                                      "date_dim.d_fy_week_seq",
                                      "date_dim.d_day_name",
                                      "date_dim.d_quarter_name",
                                      "date_dim.d_holiday",
                                      "date_dim.d_weekend",
                                      "date_dim.d_following_holiday",
                                      "date_dim.d_first_dom",
                                      "date_dim.d_last_dom",
                                      "date_dim.d_same_day_ly",
                                      "date_dim.d_same_day_lq",
                                      "date_dim.d_current_day",
                                      "date_dim.d_current_week",
                                      "date_dim.d_current_month",
                                      "date_dim.d_current_quarter",
                                      "date_dim.d_current_year"
                                    ],
                                    "Index Cond": "(date_dim.d_date_sk = store_sales.ss_sold_date_sk)",
                                    "Filter": "((date_dim.d_month_seq >= $0) AND (date_dim.d_month_seq <= $1))"
                                  }
                                ]
                              }
                            ]
                          }
                        ]
                      }
                    ]
                  }
                ]
              }
            ]
          }
        ]
      }
    }
  ],
  "original_sql": "with my_customers as (\n select distinct c_customer_sk\n        , c_current_addr_sk\n from\n        ( select cs_sold_date_sk sold_date_sk,\n                 cs_bill_customer_sk customer_sk,\n                 cs_item_sk item_sk,\n                 cs_wholesale_cost wholesale_cost\n          from   catalog_sales\n          union all\n          select ws_sold_date_sk sold_date_sk,\n                 ws_bill_customer_sk customer_sk,\n                 ws_item_sk item_sk,\n                 ws_wholesale_cost wholesale_cost\n          from   web_sales\n         ) cs_or_ws_sales,\n         item,\n         date_dim,\n         customer\n where   sold_date_sk = d_date_sk\n         and item_sk = i_item_sk\n         and i_category = 'Home'\n         and i_class = 'curtains/drapes'\n         and c_customer_sk = cs_or_ws_sales.customer_sk\n         and d_moy = 5\n         and d_year = 1998\n         and wholesale_cost BETWEEN 70 AND 100\n         and c_birth_year BETWEEN 1942 AND 1955\n )\n , my_revenue as (\n select c_customer_sk,\n        sum(ss_ext_sales_price) as revenue\n from   my_customers,\n        store_sales,\n        customer_address,\n        store,\n        date_dim\n where  c_current_addr_sk = ca_address_sk\n        and ca_county = s_county\n        and ca_state = s_state\n        and ss_sold_date_sk = d_date_sk\n        and c_customer_sk = ss_customer_sk\n        and ss_wholesale_cost BETWEEN 70 AND 100\n        and s_state in ('AR','GA','IN'\n                    ,'KS','KY','NC'\n                    ,'OH','PA','SD'\n                    ,'VA')\n        and d_month_seq between (select distinct d_month_seq+1\n                                 from   date_dim where d_year = 1998 and d_moy = 5)\n                           and  (select distinct d_month_seq+3\n                                 from   date_dim where d_year = 1998 and d_moy = 5)\n group by c_customer_sk\n )\n , segments as\n (select cast((revenue/50) as int) as segment\n  from   my_revenue\n )\n  select  segment, count(*) as num_customers, segment*50 as segment_base\n from segments\n group by segment\n order by segment, num_customers\n limit 100"
}