{
  "query_id": "query084_spj_spj_s2",
  "engine": "postgresql",
  "benchmark": "dsb_156",
  "scale_factor": 10,
  "execution_time_ms": null,
  "planning_time_ms": 0.9709340010886081,
  "plan_json": [
    {
      "Plan": {
        "Node Type": "Aggregate",
        "Strategy": "Plain",
        "Partial Mode": "Finalize",
        "Parallel Aware": false,
        "Async Capable": false,
        "Startup Cost": 24344.5,
        "Total Cost": 24344.51,
        "Plan Rows": 1,
        "Plan Width": 40,
        "Output": [
          "min(customer.c_customer_id)",
          "min(store_returns.sr_ticket_number)",
          "min(store_returns.sr_item_sk)"
        ],
        "Plans": [
          {
            "Node Type": "Gather",
            "Parent Relationship": "Outer",
            "Parallel Aware": false,
            "Async Capable": false,
            "Startup Cost": 24344.28,
            "Total Cost": 24344.49,
            "Plan Rows": 2,
            "Plan Width": 40,
            "Output": [
              "(PARTIAL min(customer.c_customer_id))",
              "(PARTIAL min(store_returns.sr_ticket_number))",
              "(PARTIAL min(store_returns.sr_item_sk))"
            ],
            "Workers Planned": 2,
            "Single Copy": false,
            "Plans": [
              {
                "Node Type": "Aggregate",
                "Strategy": "Plain",
                "Partial Mode": "Partial",
                "Parent Relationship": "Outer",
                "Parallel Aware": false,
                "Async Capable": false,
                "Startup Cost": 23344.28,
                "Total Cost": 23344.29,
                "Plan Rows": 1,
                "Plan Width": 40,
                "Output": [
                  "PARTIAL min(customer.c_customer_id)",
                  "PARTIAL min(store_returns.sr_ticket_number)",
                  "PARTIAL min(store_returns.sr_item_sk)"
                ],
                "Plans": [
                  {
                    "Node Type": "Nested Loop",
                    "Parent Relationship": "Outer",
                    "Parallel Aware": false,
                    "Async Capable": false,
                    "Join Type": "Inner",
                    "Startup Cost": 6721.74,
                    "Total Cost": 23342.48,
                    "Plan Rows": 240,
                    "Plan Width": 25,
                    "Output": [
                      "customer.c_customer_id",
                      "store_returns.sr_ticket_number",
                      "store_returns.sr_item_sk"
                    ],
                    "Inner Unique": false,
                    "Plans": [
                      {
                        "Node Type": "Nested Loop",
                        "Parent Relationship": "Outer",
                        "Parallel Aware": false,
                        "Async Capable": false,
                        "Join Type": "Inner",
                        "Startup Cost": 6721.31,
                        "Total Cost": 23265.49,
                        "Plan Rows": 66,
                        "Plan Width": 25,
                        "Output": [
                          "customer.c_customer_id",
                          "customer.c_current_cdemo_sk",
                          "customer_demographics.cd_demo_sk"
                        ],
                        "Inner Unique": true,
                        "Plans": [
                          {
                            "Node Type": "Hash Join",
                            "Parent Relationship": "Outer",
                            "Parallel Aware": false,
                            "Async Capable": false,
                            "Join Type": "Inner",
                            "Startup Cost": 6720.88,
                            "Total Cost": 23231.87,
                            "Plan Rows": 69,
                            "Plan Width": 21,
                            "Output": [
                              "customer.c_customer_id",
                              "customer.c_current_cdemo_sk"
                            ],
                            "Inner Unique": true,
                            "Hash Cond": "(household_demographics.hd_income_band_sk = income_band.ib_income_band_sk)",
                            "Plans": [
                              {
                                "Node Type": "Nested Loop",
                                "Parent Relationship": "Outer",
                                "Parallel Aware": false,
                                "Async Capable": false,
                                "Join Type": "Inner",
                                "Startup Cost": 6719.48,
                                "Total Cost": 23229.92,
                                "Plan Rows": 172,
                                "Plan Width": 25,
                                "Output": [
                                  "customer.c_customer_id",
                                  "customer.c_current_cdemo_sk",
                                  "household_demographics.hd_income_band_sk"
                                ],
                                "Inner Unique": true,
                                "Plans": [
                                  {
                                    "Node Type": "Hash Join",
                                    "Parent Relationship": "Outer",
                                    "Parallel Aware": true,
                                    "Async Capable": false,
                                    "Join Type": "Inner",
                                    "Startup Cost": 6719.2,
                                    "Total Cost": 23176.41,
                                    "Plan Rows": 178,
                                    "Plan Width": 25,
                                    "Output": [
                                      "customer.c_customer_id",
                                      "customer.c_current_cdemo_sk",
                                      "customer.c_current_hdemo_sk"
                                    ],
                                    "Inner Unique": true,
                                    "Hash Cond": "(customer.c_current_addr_sk = customer_address.ca_address_sk)",
                                    "Plans": [
                                      {
                                        "Node Type": "Seq Scan",
                                        "Parent Relationship": "Outer",
                                        "Parallel Aware": true,
                                        "Async Capable": false,
                                        "Relation Name": "customer",
                                        "Schema": "public",
                                        "Alias": "customer",
                                        "Startup Cost": 0.0,
                                        "Total Cost": 15910.33,
                                        "Plan Rows": 208333,
                                        "Plan Width": 29,
                                        "Output": [
                                          "customer.c_customer_sk",
                                          "customer.c_customer_id",
                                          "customer.c_current_cdemo_sk",
                                          "customer.c_current_hdemo_sk",
                                          "customer.c_current_addr_sk",
                                          "customer.c_first_shipto_date_sk",
                                          "customer.c_first_sales_date_sk",
                                          "customer.c_salutation",
                                          "customer.c_first_name",
                                          "customer.c_last_name",
                                          "customer.c_preferred_cust_flag",
                                          "customer.c_birth_day",
                                          "customer.c_birth_month",
                                          "customer.c_birth_year",
                                          "customer.c_birth_country",
                                          "customer.c_login",
                                          "customer.c_email_address",
                                          "customer.c_last_review_date_sk"
                                        ]
                                      },
                                      {
                                        "Node Type": "Hash",
                                        "Parent Relationship": "Inner",
                                        "Parallel Aware": true,
                                        "Async Capable": false,
                                        "Startup Cost": 6718.08,
                                        "Total Cost": 6718.08,
                                        "Plan Rows": 89,
                                        "Plan Width": 4,
                                        "Output": [
                                          "customer_address.ca_address_sk"
                                        ],
                                        "Plans": [
                                          {
                                            "Node Type": "Seq Scan",
                                            "Parent Relationship": "Outer",
                                            "Parallel Aware": true,
                                            "Async Capable": false,
                                            "Relation Name": "customer_address",
                                            "Schema": "public",
                                            "Alias": "customer_address",
                                            "Startup Cost": 0.0,
                                            "Total Cost": 6718.08,
                                            "Plan Rows": 89,
                                            "Plan Width": 4,
                                            "Output": [
                                              "customer_address.ca_address_sk"
                                            ],
                                            "Filter": "((customer_address.ca_city)::text = 'Mount Vernon'::text)"
                                          }
                                        ]
                                      }
                                    ]
                                  },
                                  {
                                    "Node Type": "Index Scan",
                                    "Parent Relationship": "Inner",
                                    "Parallel Aware": false,
                                    "Async Capable": false,
                                    "Scan Direction": "Forward",
                                    "Index Name": "household_demographics_pkey",
                                    "Relation Name": "household_demographics",
                                    "Schema": "public",
                                    "Alias": "household_demographics",
                                    "Startup Cost": 0.28,
                                    "Total Cost": 0.3,
                                    "Plan Rows": 1,
                                    "Plan Width": 8,
                                    "Output": [
                                      "household_demographics.hd_demo_sk",
                                      "household_demographics.hd_income_band_sk",
                                      "household_demographics.hd_buy_potential",
                                      "household_demographics.hd_dep_count",
                                      "household_demographics.hd_vehicle_count"
                                    ],
                                    "Index Cond": "(household_demographics.hd_demo_sk = customer.c_current_hdemo_sk)"
                                  }
                                ]
                              },
                              {
                                "Node Type": "Hash",
                                "Parent Relationship": "Inner",
                                "Parallel Aware": false,
                                "Async Capable": false,
                                "Startup Cost": 1.3,
                                "Total Cost": 1.3,
                                "Plan Rows": 8,
                                "Plan Width": 4,
                                "Output": [
                                  "income_band.ib_income_band_sk"
                                ],
                                "Plans": [
                                  {
                                    "Node Type": "Seq Scan",
                                    "Parent Relationship": "Outer",
                                    "Parallel Aware": false,
                                    "Async Capable": false,
                                    "Relation Name": "income_band",
                                    "Schema": "public",
                                    "Alias": "income_band",
                                    "Startup Cost": 0.0,
                                    "Total Cost": 1.3,
                                    "Plan Rows": 8,
                                    "Plan Width": 4,
                                    "Output": [
                                      "income_band.ib_income_band_sk"
                                    ],
                                    "Filter": "((income_band.ib_lower_bound >= 60000) AND (income_band.ib_upper_bound <= 110000))"
                                  }
                                ]
                              }
                            ]
                          },
                          {
                            "Node Type": "Index Only Scan",
                            "Parent Relationship": "Inner",
                            "Parallel Aware": false,
                            "Async Capable": false,
                            "Scan Direction": "Forward",
                            "Index Name": "customer_demographics_pkey",
                            "Relation Name": "customer_demographics",
                            "Schema": "public",
                            "Alias": "customer_demographics",
                            "Startup Cost": 0.43,
                            "Total Cost": 0.49,
                            "Plan Rows": 1,
                            "Plan Width": 4,
                            "Output": [
                              "customer_demographics.cd_demo_sk"
                            ],
                            "Index Cond": "(customer_demographics.cd_demo_sk = customer.c_current_cdemo_sk)"
                          }
                        ]
                      },
                      {
                        "Node Type": "Index Only Scan",
                        "Parent Relationship": "Inner",
                        "Parallel Aware": false,
                        "Async Capable": false,
                        "Scan Direction": "Forward",
                        "Index Name": "_dta_index_store_returns_6_1013578649__k5_1_3_10_11",
                        "Relation Name": "store_returns",
                        "Schema": "public",
                        "Alias": "store_returns",
                        "Startup Cost": 0.43,
                        "Total Cost": 0.93,
                        "Plan Rows": 24,
                        "Plan Width": 12,
                        "Output": [
                          "store_returns.sr_cdemo_sk",
                          "store_returns.sr_returned_date_sk",
                          "store_returns.sr_item_sk",
                          "store_returns.sr_ticket_number",
                          "store_returns.sr_return_quantity"
                        ],
                        "Index Cond": "(store_returns.sr_cdemo_sk = customer_demographics.cd_demo_sk)"
                      }
                    ]
                  }
                ]
              }
            ]
          }
        ]
      }
    }
  ],
  "original_sql": "select min(c_customer_id),\n    min(sr_ticket_number),\n    min(sr_item_sk)\n from customer\n     ,customer_address\n     ,customer_demographics\n     ,household_demographics\n     ,income_band\n     ,store_returns\n where ca_city\t        =  'Mount Vernon'\n   and c_current_addr_sk = ca_address_sk\n   and ib_lower_bound   >=  6 * 10000\n   and ib_upper_bound   <=  6 * 10000 + 50000\n   and ib_income_band_sk = hd_income_band_sk\n   and cd_demo_sk = c_current_cdemo_sk\n   and hd_demo_sk = c_current_hdemo_sk\n   and sr_cdemo_sk = cd_demo_sk"
}