{
  "query_id": "query031_multi_s3",
  "engine": "postgresql",
  "benchmark": "dsb_156",
  "scale_factor": 10,
  "execution_time_ms": null,
  "planning_time_ms": 2.2898469997016946,
  "plan_json": [
    {
      "Plan": {
        "Node Type": "Nested Loop",
        "Parallel Aware": false,
        "Async Capable": false,
        "Join Type": "Inner",
        "Startup Cost": 695014.04,
        "Total Cost": 695038.81,
        "Plan Rows": 1,
        "Plan Width": 210,
        "Output": [
          "ss1.ca_county",
          "ss1.d_year",
          "(ws2.web_sales / ws1.web_sales)",
          "(ss2.store_sales / ss1.store_sales)",
          "(ws3.web_sales / ws2.web_sales)",
          "(ss3.store_sales / ss2.store_sales)"
        ],
        "Inner Unique": false,
        "Join Filter": "(((ss1.ca_county)::text = (ws3.ca_county)::text) AND (CASE WHEN (ws2.web_sales > '0'::numeric) THEN (ws3.web_sales / ws2.web_sales) ELSE NULL::numeric END > CASE WHEN (ss2.store_sales > '0'::numeric) THEN (ss3.store_sales / ss2.store_sales) ELSE NULL::numeric END))",
        "Plans": [
          {
            "Node Type": "Aggregate",
            "Strategy": "Sorted",
            "Partial Mode": "Finalize",
            "Parent Relationship": "InitPlan",
            "Subplan Name": "CTE ss",
            "Parallel Aware": false,
            "Async Capable": false,
            "Startup Cost": 538453.53,
            "Total Cost": 538486.79,
            "Plan Rows": 257,
            "Plan Width": 54,
            "Output": [
              "customer_address.ca_county",
              "date_dim.d_qoy",
              "date_dim.d_year",
              "sum(store_sales.ss_ext_sales_price)"
            ],
            "Group Key": [
              "customer_address.ca_county",
              "date_dim.d_qoy",
              "date_dim.d_year"
            ],
            "Plans": [
              {
                "Node Type": "Gather Merge",
                "Parent Relationship": "Outer",
                "Parallel Aware": false,
                "Async Capable": false,
                "Startup Cost": 538453.53,
                "Total Cost": 538480.9,
                "Plan Rows": 214,
                "Plan Width": 54,
                "Output": [
                  "customer_address.ca_county",
                  "date_dim.d_qoy",
                  "date_dim.d_year",
                  "(PARTIAL sum(store_sales.ss_ext_sales_price))"
                ],
                "Workers Planned": 2,
                "Plans": [
                  {
                    "Node Type": "Aggregate",
                    "Strategy": "Sorted",
                    "Partial Mode": "Partial",
                    "Parent Relationship": "Outer",
                    "Parallel Aware": false,
                    "Async Capable": false,
                    "Startup Cost": 537453.5,
                    "Total Cost": 537456.18,
                    "Plan Rows": 107,
                    "Plan Width": 54,
                    "Output": [
                      "customer_address.ca_county",
                      "date_dim.d_qoy",
                      "date_dim.d_year",
                      "PARTIAL sum(store_sales.ss_ext_sales_price)"
                    ],
                    "Group Key": [
                      "customer_address.ca_county",
                      "date_dim.d_qoy",
                      "date_dim.d_year"
                    ],
                    "Plans": [
                      {
                        "Node Type": "Sort",
                        "Parent Relationship": "Outer",
                        "Parallel Aware": false,
                        "Async Capable": false,
                        "Startup Cost": 537453.5,
                        "Total Cost": 537453.77,
                        "Plan Rows": 107,
                        "Plan Width": 28,
                        "Output": [
                          "customer_address.ca_county",
                          "date_dim.d_qoy",
                          "date_dim.d_year",
                          "store_sales.ss_ext_sales_price"
                        ],
                        "Sort Key": [
                          "customer_address.ca_county",
                          "date_dim.d_qoy",
                          "date_dim.d_year"
                        ],
                        "Plans": [
                          {
                            "Node Type": "Nested Loop",
                            "Parent Relationship": "Outer",
                            "Parallel Aware": false,
                            "Async Capable": false,
                            "Join Type": "Inner",
                            "Startup Cost": 26.45,
                            "Total Cost": 537449.9,
                            "Plan Rows": 107,
                            "Plan Width": 28,
                            "Output": [
                              "customer_address.ca_county",
                              "date_dim.d_qoy",
                              "date_dim.d_year",
                              "store_sales.ss_ext_sales_price"
                            ],
                            "Inner Unique": true,
                            "Plans": [
                              {
                                "Node Type": "Nested Loop",
                                "Parent Relationship": "Outer",
                                "Parallel Aware": false,
                                "Async Capable": false,
                                "Join Type": "Inner",
                                "Startup Cost": 26.16,
                                "Total Cost": 537413.05,
                                "Plan Rows": 112,
                                "Plan Width": 24,
                                "Output": [
                                  "store_sales.ss_ext_sales_price",
                                  "store_sales.ss_sold_date_sk",
                                  "customer_address.ca_county"
                                ],
                                "Inner Unique": true,
                                "Plans": [
                                  {
                                    "Node Type": "Nested Loop",
                                    "Parent Relationship": "Outer",
                                    "Parallel Aware": false,
                                    "Async Capable": false,
                                    "Join Type": "Inner",
                                    "Startup Cost": 25.74,
                                    "Total Cost": 536381.24,
                                    "Plan Rows": 2092,
                                    "Plan Width": 14,
                                    "Output": [
                                      "store_sales.ss_ext_sales_price",
                                      "store_sales.ss_sold_date_sk",
                                      "store_sales.ss_addr_sk"
                                    ],
                                    "Inner Unique": false,
                                    "Plans": [
                                      {
                                        "Node Type": "Index Scan",
                                        "Parent Relationship": "Outer",
                                        "Parallel Aware": true,
                                        "Async Capable": false,
                                        "Scan Direction": "Forward",
                                        "Index Name": "item_pkey",
                                        "Relation Name": "item",
                                        "Schema": "public",
                                        "Alias": "item",
                                        "Startup Cost": 0.29,
                                        "Total Cost": 9367.84,
                                        "Plan Rows": 160,
                                        "Plan Width": 4,
                                        "Output": [
                                          "item.i_item_sk",
                                          "item.i_item_id",
                                          "item.i_rec_start_date",
                                          "item.i_rec_end_date",
                                          "item.i_item_desc",
                                          "item.i_current_price",
                                          "item.i_wholesale_cost",
                                          "item.i_brand_id",
                                          "item.i_brand",
                                          "item.i_class_id",
                                          "item.i_class",
                                          "item.i_category_id",
                                          "item.i_category",
                                          "item.i_manufact_id",
                                          "item.i_manufact",
                                          "item.i_size",
                                          "item.i_formulation",
                                          "item.i_color",
                                          "item.i_units",
                                          "item.i_container",
                                          "item.i_manager_id",
                                          "item.i_product_name"
                                        ],
                                        "Filter": "((item.i_color = ANY ('{forest,sandy}'::bpchar[])) AND (item.i_manager_id >= 22) AND (item.i_manager_id <= 41))"
                                      },
                                      {
                                        "Node Type": "Bitmap Heap Scan",
                                        "Parent Relationship": "Inner",
                                        "Parallel Aware": false,
                                        "Async Capable": false,
                                        "Relation Name": "store_sales",
                                        "Schema": "public",
                                        "Alias": "store_sales",
                                        "Startup Cost": 25.45,
                                        "Total Cost": 3293.27,
                                        "Plan Rows": 56,
                                        "Plan Width": 18,
                                        "Output": [
                                          "store_sales.ss_sold_date_sk",
                                          "store_sales.ss_sold_time_sk",
                                          "store_sales.ss_item_sk",
                                          "store_sales.ss_customer_sk",
                                          "store_sales.ss_cdemo_sk",
                                          "store_sales.ss_hdemo_sk",
                                          "store_sales.ss_addr_sk",
                                          "store_sales.ss_store_sk",
                                          "store_sales.ss_promo_sk",
                                          "store_sales.ss_ticket_number",
                                          "store_sales.ss_quantity",
                                          "store_sales.ss_wholesale_cost",
                                          "store_sales.ss_list_price",
                                          "store_sales.ss_sales_price",
                                          "store_sales.ss_ext_discount_amt",
                                          "store_sales.ss_ext_sales_price",
                                          "store_sales.ss_ext_wholesale_cost",
                                          "store_sales.ss_ext_list_price",
                                          "store_sales.ss_ext_tax",
                                          "store_sales.ss_coupon_amt",
                                          "store_sales.ss_net_paid",
                                          "store_sales.ss_net_paid_inc_tax",
                                          "store_sales.ss_net_profit"
                                        ],
                                        "Recheck Cond": "(store_sales.ss_item_sk = item.i_item_sk)",
                                        "Filter": "((store_sales.ss_list_price >= '155'::numeric) AND (store_sales.ss_list_price <= '169'::numeric))",
                                        "Plans": [
                                          {
                                            "Node Type": "Bitmap Index Scan",
                                            "Parent Relationship": "Outer",
                                            "Parallel Aware": false,
                                            "Async Capable": false,
                                            "Index Name": "store_sales_pkey",
                                            "Startup Cost": 0.0,
                                            "Total Cost": 25.43,
                                            "Plan Rows": 1219,
                                            "Plan Width": 0,
                                            "Index Cond": "(store_sales.ss_item_sk = item.i_item_sk)"
                                          }
                                        ]
                                      }
                                    ]
                                  },
                                  {
                                    "Node Type": "Index Scan",
                                    "Parent Relationship": "Inner",
                                    "Parallel Aware": false,
                                    "Async Capable": false,
                                    "Scan Direction": "Forward",
                                    "Index Name": "customer_address_pkey",
                                    "Relation Name": "customer_address",
                                    "Schema": "public",
                                    "Alias": "customer_address",
                                    "Startup Cost": 0.42,
                                    "Total Cost": 0.49,
                                    "Plan Rows": 1,
                                    "Plan Width": 18,
                                    "Output": [
                                      "customer_address.ca_address_sk",
                                      "customer_address.ca_address_id",
                                      "customer_address.ca_street_number",
                                      "customer_address.ca_street_name",
                                      "customer_address.ca_street_type",
                                      "customer_address.ca_suite_number",
                                      "customer_address.ca_city",
                                      "customer_address.ca_county",
                                      "customer_address.ca_state",
                                      "customer_address.ca_zip",
                                      "customer_address.ca_country",
                                      "customer_address.ca_gmt_offset",
                                      "customer_address.ca_location_type"
                                    ],
                                    "Index Cond": "(customer_address.ca_address_sk = store_sales.ss_addr_sk)",
                                    "Filter": "(customer_address.ca_state = ANY ('{IA,MN}'::bpchar[]))"
                                  }
                                ]
                              },
                              {
                                "Node Type": "Index Scan",
                                "Parent Relationship": "Inner",
                                "Parallel Aware": false,
                                "Async Capable": false,
                                "Scan Direction": "Forward",
                                "Index Name": "date_dim_pkey",
                                "Relation Name": "date_dim",
                                "Schema": "public",
                                "Alias": "date_dim",
                                "Startup Cost": 0.29,
                                "Total Cost": 0.33,
                                "Plan Rows": 1,
                                "Plan Width": 12,
                                "Output": [
                                  "date_dim.d_date_sk",
                                  "date_dim.d_date_id",
                                  "date_dim.d_date",
                                  "date_dim.d_month_seq",
                                  "date_dim.d_week_seq",
                                  "date_dim.d_quarter_seq",
                                  "date_dim.d_year",
                                  "date_dim.d_dow",
                                  "date_dim.d_moy",
                                  "date_dim.d_dom",
                                  "date_dim.d_qoy",
                                  "date_dim.d_fy_year",
                                  "date_dim.d_fy_quarter_seq",
                                  "date_dim.d_fy_week_seq",
                                  "date_dim.d_day_name",
                                  "date_dim.d_quarter_name",
                                  "date_dim.d_holiday",
                                  "date_dim.d_weekend",
                                  "date_dim.d_following_holiday",
                                  "date_dim.d_first_dom",
                                  "date_dim.d_last_dom",
                                  "date_dim.d_same_day_ly",
                                  "date_dim.d_same_day_lq",
                                  "date_dim.d_current_day",
                                  "date_dim.d_current_week",
                                  "date_dim.d_current_month",
                                  "date_dim.d_current_quarter",
                                  "date_dim.d_current_year"
                                ],
                                "Index Cond": "(date_dim.d_date_sk = store_sales.ss_sold_date_sk)"
                              }
                            ]
                          }
                        ]
                      }
                    ]
                  }
                ]
              }
            ]
          },
          {
            "Node Type": "Aggregate",
            "Strategy": "Sorted",
            "Partial Mode": "Finalize",
            "Parent Relationship": "InitPlan",
            "Subplan Name": "CTE ws",
            "Parallel Aware": false,
            "Async Capable": false,
            "Startup Cost": 156517.92,
            "Total Cost": 156527.25,
            "Plan Rows": 72,
            "Plan Width": 54,
            "Output": [
              "customer_address_1.ca_county",
              "date_dim_1.d_qoy",
              "date_dim_1.d_year",
              "sum(web_sales.ws_ext_sales_price)"
            ],
            "Group Key": [
              "customer_address_1.ca_county",
              "date_dim_1.d_qoy",
              "date_dim_1.d_year"
            ],
            "Plans": [
              {
                "Node Type": "Gather Merge",
                "Parent Relationship": "Outer",
                "Parallel Aware": false,
                "Async Capable": false,
                "Startup Cost": 156517.92,
                "Total Cost": 156525.6,
                "Plan Rows": 60,
                "Plan Width": 54,
                "Output": [
                  "customer_address_1.ca_county",
                  "date_dim_1.d_qoy",
                  "date_dim_1.d_year",
                  "(PARTIAL sum(web_sales.ws_ext_sales_price))"
                ],
                "Workers Planned": 2,
                "Plans": [
                  {
                    "Node Type": "Aggregate",
                    "Strategy": "Sorted",
                    "Partial Mode": "Partial",
                    "Parent Relationship": "Outer",
                    "Parallel Aware": false,
                    "Async Capable": false,
                    "Startup Cost": 155517.9,
                    "Total Cost": 155518.65,
                    "Plan Rows": 30,
                    "Plan Width": 54,
                    "Output": [
                      "customer_address_1.ca_county",
                      "date_dim_1.d_qoy",
                      "date_dim_1.d_year",
                      "PARTIAL sum(web_sales.ws_ext_sales_price)"
                    ],
                    "Group Key": [
                      "customer_address_1.ca_county",
                      "date_dim_1.d_qoy",
                      "date_dim_1.d_year"
                    ],
                    "Plans": [
                      {
                        "Node Type": "Sort",
                        "Parent Relationship": "Outer",
                        "Parallel Aware": false,
                        "Async Capable": false,
                        "Startup Cost": 155517.9,
                        "Total Cost": 155517.98,
                        "Plan Rows": 30,
                        "Plan Width": 28,
                        "Output": [
                          "customer_address_1.ca_county",
                          "date_dim_1.d_qoy",
                          "date_dim_1.d_year",
                          "web_sales.ws_ext_sales_price"
                        ],
                        "Sort Key": [
                          "customer_address_1.ca_county",
                          "date_dim_1.d_qoy",
                          "date_dim_1.d_year"
                        ],
                        "Plans": [
                          {
                            "Node Type": "Nested Loop",
                            "Parent Relationship": "Outer",
                            "Parallel Aware": false,
                            "Async Capable": false,
                            "Join Type": "Inner",
                            "Startup Cost": 7.68,
                            "Total Cost": 155517.16,
                            "Plan Rows": 30,
                            "Plan Width": 28,
                            "Output": [
                              "customer_address_1.ca_county",
                              "date_dim_1.d_qoy",
                              "date_dim_1.d_year",
                              "web_sales.ws_ext_sales_price"
                            ],
                            "Inner Unique": true,
                            "Plans": [
                              {
                                "Node Type": "Nested Loop",
                                "Parent Relationship": "Outer",
                                "Parallel Aware": false,
                                "Async Capable": false,
                                "Join Type": "Inner",
                                "Startup Cost": 7.39,
                                "Total Cost": 155507.3,
                                "Plan Rows": 30,
                                "Plan Width": 24,
                                "Output": [
                                  "web_sales.ws_ext_sales_price",
                                  "web_sales.ws_sold_date_sk",
                                  "customer_address_1.ca_county"
                                ],
                                "Inner Unique": true,
                                "Plans": [
                                  {
                                    "Node Type": "Nested Loop",
                                    "Parent Relationship": "Outer",
                                    "Parallel Aware": false,
                                    "Async Capable": false,
                                    "Join Type": "Inner",
                                    "Startup Cost": 6.97,
                                    "Total Cost": 155234.93,
                                    "Plan Rows": 532,
                                    "Plan Width": 14,
                                    "Output": [
                                      "web_sales.ws_ext_sales_price",
                                      "web_sales.ws_sold_date_sk",
                                      "web_sales.ws_bill_addr_sk"
                                    ],
                                    "Inner Unique": false,
                                    "Plans": [
                                      {
                                        "Node Type": "Index Scan",
                                        "Parent Relationship": "Outer",
                                        "Parallel Aware": true,
                                        "Async Capable": false,
                                        "Scan Direction": "Forward",
                                        "Index Name": "item_pkey",
                                        "Relation Name": "item",
                                        "Schema": "public",
                                        "Alias": "item_1",
                                        "Startup Cost": 0.29,
                                        "Total Cost": 9366.92,
                                        "Plan Rows": 160,
                                        "Plan Width": 4,
                                        "Output": [
                                          "item_1.i_item_sk",
                                          "item_1.i_item_id",
                                          "item_1.i_rec_start_date",
                                          "item_1.i_rec_end_date",
                                          "item_1.i_item_desc",
                                          "item_1.i_current_price",
                                          "item_1.i_wholesale_cost",
                                          "item_1.i_brand_id",
                                          "item_1.i_brand",
                                          "item_1.i_class_id",
                                          "item_1.i_class",
                                          "item_1.i_category_id",
                                          "item_1.i_category",
                                          "item_1.i_manufact_id",
                                          "item_1.i_manufact",
                                          "item_1.i_size",
                                          "item_1.i_formulation",
                                          "item_1.i_color",
                                          "item_1.i_units",
                                          "item_1.i_container",
                                          "item_1.i_manager_id",
                                          "item_1.i_product_name"
                                        ],
                                        "Filter": "((item_1.i_color = ANY ('{forest,sandy}'::bpchar[])) AND (item_1.i_manager_id >= 22) AND (item_1.i_manager_id <= 41))"
                                      },
                                      {
                                        "Node Type": "Bitmap Heap Scan",
                                        "Parent Relationship": "Inner",
                                        "Parallel Aware": false,
                                        "Async Capable": false,
                                        "Relation Name": "web_sales",
                                        "Schema": "public",
                                        "Alias": "web_sales",
                                        "Startup Cost": 6.68,
                                        "Total Cost": 911.54,
                                        "Plan Rows": 14,
                                        "Plan Width": 18,
                                        "Output": [
                                          "web_sales.ws_sold_date_sk",
                                          "web_sales.ws_sold_time_sk",
                                          "web_sales.ws_ship_date_sk",
                                          "web_sales.ws_item_sk",
                                          "web_sales.ws_bill_customer_sk",
                                          "web_sales.ws_bill_cdemo_sk",
                                          "web_sales.ws_bill_hdemo_sk",
                                          "web_sales.ws_bill_addr_sk",
                                          "web_sales.ws_ship_customer_sk",
                                          "web_sales.ws_ship_cdemo_sk",
                                          "web_sales.ws_ship_hdemo_sk",
                                          "web_sales.ws_ship_addr_sk",
                                          "web_sales.ws_web_page_sk",
                                          "web_sales.ws_web_site_sk",
                                          "web_sales.ws_ship_mode_sk",
                                          "web_sales.ws_warehouse_sk",
                                          "web_sales.ws_promo_sk",
                                          "web_sales.ws_order_number",
                                          "web_sales.ws_quantity",
                                          "web_sales.ws_wholesale_cost",
                                          "web_sales.ws_list_price",
                                          "web_sales.ws_sales_price",
                                          "web_sales.ws_ext_discount_amt",
                                          "web_sales.ws_ext_sales_price",
                                          "web_sales.ws_ext_wholesale_cost",
                                          "web_sales.ws_ext_list_price",
                                          "web_sales.ws_ext_tax",
                                          "web_sales.ws_coupon_amt",
                                          "web_sales.ws_ext_ship_cost",
                                          "web_sales.ws_net_paid",
                                          "web_sales.ws_net_paid_inc_tax",
                                          "web_sales.ws_net_paid_inc_ship",
                                          "web_sales.ws_net_paid_inc_ship_tax",
                                          "web_sales.ws_net_profit"
                                        ],
                                        "Recheck Cond": "(web_sales.ws_item_sk = item_1.i_item_sk)",
                                        "Filter": "((web_sales.ws_list_price >= '155'::numeric) AND (web_sales.ws_list_price <= '169'::numeric))",
                                        "Plans": [
                                          {
                                            "Node Type": "Bitmap Index Scan",
                                            "Parent Relationship": "Outer",
                                            "Parallel Aware": false,
                                            "Async Capable": false,
                                            "Index Name": "web_sales_pkey",
                                            "Startup Cost": 0.0,
                                            "Total Cost": 6.67,
                                            "Plan Rows": 303,
                                            "Plan Width": 0,
                                            "Index Cond": "(web_sales.ws_item_sk = item_1.i_item_sk)"
                                          }
                                        ]
                                      }
                                    ]
                                  },
                                  {
                                    "Node Type": "Index Scan",
                                    "Parent Relationship": "Inner",
                                    "Parallel Aware": false,
                                    "Async Capable": false,
                                    "Scan Direction": "Forward",
                                    "Index Name": "customer_address_pkey",
                                    "Relation Name": "customer_address",
                                    "Schema": "public",
                                    "Alias": "customer_address_1",
                                    "Startup Cost": 0.42,
                                    "Total Cost": 0.51,
                                    "Plan Rows": 1,
                                    "Plan Width": 18,
                                    "Output": [
                                      "customer_address_1.ca_address_sk",
                                      "customer_address_1.ca_address_id",
                                      "customer_address_1.ca_street_number",
                                      "customer_address_1.ca_street_name",
                                      "customer_address_1.ca_street_type",
                                      "customer_address_1.ca_suite_number",
                                      "customer_address_1.ca_city",
                                      "customer_address_1.ca_county",
                                      "customer_address_1.ca_state",
                                      "customer_address_1.ca_zip",
                                      "customer_address_1.ca_country",
                                      "customer_address_1.ca_gmt_offset",
                                      "customer_address_1.ca_location_type"
                                    ],
                                    "Index Cond": "(customer_address_1.ca_address_sk = web_sales.ws_bill_addr_sk)",
                                    "Filter": "(customer_address_1.ca_state = ANY ('{IA,MN}'::bpchar[]))"
                                  }
                                ]
                              },
                              {
                                "Node Type": "Index Scan",
                                "Parent Relationship": "Inner",
                                "Parallel Aware": false,
                                "Async Capable": false,
                                "Scan Direction": "Forward",
                                "Index Name": "date_dim_pkey",
                                "Relation Name": "date_dim",
                                "Schema": "public",
                                "Alias": "date_dim_1",
                                "Startup Cost": 0.29,
                                "Total Cost": 0.33,
                                "Plan Rows": 1,
                                "Plan Width": 12,
                                "Output": [
                                  "date_dim_1.d_date_sk",
                                  "date_dim_1.d_date_id",
                                  "date_dim_1.d_date",
                                  "date_dim_1.d_month_seq",
                                  "date_dim_1.d_week_seq",
                                  "date_dim_1.d_quarter_seq",
                                  "date_dim_1.d_year",
                                  "date_dim_1.d_dow",
                                  "date_dim_1.d_moy",
                                  "date_dim_1.d_dom",
                                  "date_dim_1.d_qoy",
                                  "date_dim_1.d_fy_year",
                                  "date_dim_1.d_fy_quarter_seq",
                                  "date_dim_1.d_fy_week_seq",
                                  "date_dim_1.d_day_name",
                                  "date_dim_1.d_quarter_name",
                                  "date_dim_1.d_holiday",
                                  "date_dim_1.d_weekend",
                                  "date_dim_1.d_following_holiday",
                                  "date_dim_1.d_first_dom",
                                  "date_dim_1.d_last_dom",
                                  "date_dim_1.d_same_day_ly",
                                  "date_dim_1.d_same_day_lq",
                                  "date_dim_1.d_current_day",
                                  "date_dim_1.d_current_week",
                                  "date_dim_1.d_current_month",
                                  "date_dim_1.d_current_quarter",
                                  "date_dim_1.d_current_year"
                                ],
                                "Index Cond": "(date_dim_1.d_date_sk = web_sales.ws_sold_date_sk)"
                              }
                            ]
                          }
                        ]
                      }
                    ]
                  }
                ]
              }
            ]
          },
          {
            "Node Type": "Nested Loop",
            "Parent Relationship": "Outer",
            "Parallel Aware": false,
            "Async Capable": false,
            "Join Type": "Inner",
            "Startup Cost": 0.0,
            "Total Cost": 22.94,
            "Plan Rows": 1,
            "Plan Width": 554,
            "Output": [
              "ss1.ca_county",
              "ss1.d_year",
              "ss1.store_sales",
              "ss2.store_sales",
              "ss2.ca_county",
              "ss3.store_sales",
              "ss3.ca_county",
              "ws1.web_sales",
              "ws1.ca_county",
              "ws2.web_sales",
              "ws2.ca_county"
            ],
            "Inner Unique": false,
            "Join Filter": "(((ss1.ca_county)::text = (ws2.ca_county)::text) AND (CASE WHEN (ws1.web_sales > '0'::numeric) THEN (ws2.web_sales / ws1.web_sales) ELSE NULL::numeric END > CASE WHEN (ss1.store_sales > '0'::numeric) THEN (ss2.store_sales / ss1.store_sales) ELSE NULL::numeric END))",
            "Plans": [
              {
                "Node Type": "Nested Loop",
                "Parent Relationship": "Outer",
                "Parallel Aware": false,
                "Async Capable": false,
                "Join Type": "Inner",
                "Startup Cost": 0.0,
                "Total Cost": 21.11,
                "Plan Rows": 1,
                "Plan Width": 444,
                "Output": [
                  "ss1.ca_county",
                  "ss1.d_year",
                  "ss1.store_sales",
                  "ss2.store_sales",
                  "ss2.ca_county",
                  "ss3.store_sales",
                  "ss3.ca_county",
                  "ws1.web_sales",
                  "ws1.ca_county"
                ],
                "Inner Unique": false,
                "Join Filter": "((ss1.ca_county)::text = (ws1.ca_county)::text)",
                "Plans": [
                  {
                    "Node Type": "Nested Loop",
                    "Parent Relationship": "Outer",
                    "Parallel Aware": false,
                    "Async Capable": false,
                    "Join Type": "Inner",
                    "Startup Cost": 0.0,
                    "Total Cost": 19.3,
                    "Plan Rows": 1,
                    "Plan Width": 334,
                    "Output": [
                      "ss1.ca_county",
                      "ss1.d_year",
                      "ss1.store_sales",
                      "ss2.store_sales",
                      "ss2.ca_county",
                      "ss3.store_sales",
                      "ss3.ca_county"
                    ],
                    "Inner Unique": false,
                    "Join Filter": "((ss1.ca_county)::text = (ss3.ca_county)::text)",
                    "Plans": [
                      {
                        "Node Type": "Nested Loop",
                        "Parent Relationship": "Outer",
                        "Parallel Aware": false,
                        "Async Capable": false,
                        "Join Type": "Inner",
                        "Startup Cost": 0.0,
                        "Total Cost": 12.86,
                        "Plan Rows": 1,
                        "Plan Width": 224,
                        "Output": [
                          "ss1.ca_county",
                          "ss1.d_year",
                          "ss1.store_sales",
                          "ss2.store_sales",
                          "ss2.ca_county"
                        ],
                        "Inner Unique": false,
                        "Join Filter": "((ss1.ca_county)::text = (ss2.ca_county)::text)",
                        "Plans": [
                          {
                            "Node Type": "CTE Scan",
                            "Parent Relationship": "Outer",
                            "Parallel Aware": false,
                            "Async Capable": false,
                            "CTE Name": "ss",
                            "Alias": "ss1",
                            "Startup Cost": 0.0,
                            "Total Cost": 6.43,
                            "Plan Rows": 1,
                            "Plan Width": 114,
                            "Output": [
                              "ss1.ca_county",
                              "ss1.d_qoy",
                              "ss1.d_year",
                              "ss1.store_sales"
                            ],
                            "Filter": "((ss1.d_qoy = 1) AND (ss1.d_year = 2002))"
                          },
                          {
                            "Node Type": "CTE Scan",
                            "Parent Relationship": "Inner",
                            "Parallel Aware": false,
                            "Async Capable": false,
                            "CTE Name": "ss",
                            "Alias": "ss2",
                            "Startup Cost": 0.0,
                            "Total Cost": 6.43,
                            "Plan Rows": 1,
                            "Plan Width": 110,
                            "Output": [
                              "ss2.ca_county",
                              "ss2.d_qoy",
                              "ss2.d_year",
                              "ss2.store_sales"
                            ],
                            "Filter": "((ss2.d_year = 2002) AND (ss2.d_qoy = 2))"
                          }
                        ]
                      },
                      {
                        "Node Type": "CTE Scan",
                        "Parent Relationship": "Inner",
                        "Parallel Aware": false,
                        "Async Capable": false,
                        "CTE Name": "ss",
                        "Alias": "ss3",
                        "Startup Cost": 0.0,
                        "Total Cost": 6.43,
                        "Plan Rows": 1,
                        "Plan Width": 110,
                        "Output": [
                          "ss3.ca_county",
                          "ss3.d_qoy",
                          "ss3.d_year",
                          "ss3.store_sales"
                        ],
                        "Filter": "((ss3.d_year = 2002) AND (ss3.d_qoy = 3))"
                      }
                    ]
                  },
                  {
                    "Node Type": "CTE Scan",
                    "Parent Relationship": "Inner",
                    "Parallel Aware": false,
                    "Async Capable": false,
                    "CTE Name": "ws",
                    "Alias": "ws1",
                    "Startup Cost": 0.0,
                    "Total Cost": 1.8,
                    "Plan Rows": 1,
                    "Plan Width": 110,
                    "Output": [
                      "ws1.ca_county",
                      "ws1.d_qoy",
                      "ws1.d_year",
                      "ws1.web_sales"
                    ],
                    "Filter": "((ws1.d_qoy = 1) AND (ws1.d_year = 2002))"
                  }
                ]
              },
              {
                "Node Type": "CTE Scan",
                "Parent Relationship": "Inner",
                "Parallel Aware": false,
                "Async Capable": false,
                "CTE Name": "ws",
                "Alias": "ws2",
                "Startup Cost": 0.0,
                "Total Cost": 1.8,
                "Plan Rows": 1,
                "Plan Width": 110,
                "Output": [
                  "ws2.ca_county",
                  "ws2.d_qoy",
                  "ws2.d_year",
                  "ws2.web_sales"
                ],
                "Filter": "((ws2.d_year = 2002) AND (ws2.d_qoy = 2))"
              }
            ]
          },
          {
            "Node Type": "CTE Scan",
            "Parent Relationship": "Inner",
            "Parallel Aware": false,
            "Async Capable": false,
            "CTE Name": "ws",
            "Alias": "ws3",
            "Startup Cost": 0.0,
            "Total Cost": 1.8,
            "Plan Rows": 1,
            "Plan Width": 110,
            "Output": [
              "ws3.ca_county",
              "ws3.d_qoy",
              "ws3.d_year",
              "ws3.web_sales"
            ],
            "Filter": "((ws3.d_year = 2002) AND (ws3.d_qoy = 3))"
          }
        ]
      }
    }
  ],
  "original_sql": "with ss as\n (select ca_county,d_qoy, d_year,sum(ss_ext_sales_price) as store_sales\n from store_sales,date_dim,customer_address, item\n where ss_sold_date_sk = d_date_sk\n  and ss_addr_sk=ca_address_sk\n  and ss_item_sk = i_item_sk\n  and i_color IN ('forest', 'sandy')\n  and i_manager_id BETWEEN 22 and 41\n  and ss_list_price between 155 and 169\n  and ca_state in ('IA','MN')\n group by ca_county,d_qoy, d_year),\n ws as\n (select ca_county,d_qoy, d_year,sum(ws_ext_sales_price) as web_sales\n from web_sales,date_dim,customer_address, item\n where ws_sold_date_sk = d_date_sk\n  and ws_bill_addr_sk=ca_address_sk\n  and ws_item_sk = i_item_sk\n  and i_color IN ('forest', 'sandy')\n  and i_manager_id BETWEEN 22 and 41\n  and ws_list_price between 155 and 169\n  and ca_state in ('IA','MN')\ngroup by ca_county,d_qoy, d_year)\n select\n        ss1.ca_county\n       ,ss1.d_year\n       ,ws2.web_sales/ws1.web_sales web_q1_q2_increase\n       ,ss2.store_sales/ss1.store_sales store_q1_q2_increase\n       ,ws3.web_sales/ws2.web_sales web_q2_q3_increase\n       ,ss3.store_sales/ss2.store_sales store_q2_q3_increase\n from\n        ss ss1\n       ,ss ss2\n       ,ss ss3\n       ,ws ws1\n       ,ws ws2\n       ,ws ws3\n where\n    ss1.d_qoy = 1\n    and ss1.d_year = 2002\n    and ss1.ca_county = ss2.ca_county\n    and ss2.d_qoy = 2\n    and ss2.d_year = 2002\n and ss2.ca_county = ss3.ca_county\n    and ss3.d_qoy = 3\n    and ss3.d_year = 2002\n    and ss1.ca_county = ws1.ca_county\n    and ws1.d_qoy = 1\n    and ws1.d_year = 2002\n    and ws1.ca_county = ws2.ca_county\n    and ws2.d_qoy = 2\n    and ws2.d_year = 2002\n    and ws1.ca_county = ws3.ca_county\n    and ws3.d_qoy = 3\n    and ws3.d_year =2002\n    and case when ws1.web_sales > 0 then ws2.web_sales/ws1.web_sales else null end\n       > case when ss1.store_sales > 0 then ss2.store_sales/ss1.store_sales else null end\n    and case when ws2.web_sales > 0 then ws3.web_sales/ws2.web_sales else null end\n       > case when ss2.store_sales > 0 then ss3.store_sales/ss2.store_sales else null end\n order by ss1.d_year"
}