{
  "query_id": "query058_multi_s2",
  "engine": "postgresql",
  "benchmark": "dsb_156",
  "scale_factor": 10,
  "execution_time_ms": null,
  "planning_time_ms": 3.5632440012705047,
  "plan_json": [
    {
      "Plan": {
        "Node Type": "Limit",
        "Parallel Aware": false,
        "Async Capable": false,
        "Startup Cost": 29264.94,
        "Total Cost": 29264.95,
        "Plan Rows": 1,
        "Plan Width": 245,
        "Output": [
          "item_1.i_item_id",
          "customer_1.c_birth_year",
          "(sum(store_sales.ss_ext_sales_price))",
          "((((sum(store_sales.ss_ext_sales_price)) / ((((sum(store_sales.ss_ext_sales_price)) + (sum(catalog_sales.cs_ext_sales_price))) + (sum(web_sales.ws_ext_sales_price))) / '3'::numeric)) * '100'::numeric))",
          "(sum(catalog_sales.cs_ext_sales_price))",
          "((((sum(catalog_sales.cs_ext_sales_price)) / ((((sum(store_sales.ss_ext_sales_price)) + (sum(catalog_sales.cs_ext_sales_price))) + (sum(web_sales.ws_ext_sales_price))) / '3'::numeric)) * '100'::numeric))",
          "(sum(web_sales.ws_ext_sales_price))",
          "((((sum(web_sales.ws_ext_sales_price)) / ((((sum(store_sales.ss_ext_sales_price)) + (sum(catalog_sales.cs_ext_sales_price))) + (sum(web_sales.ws_ext_sales_price))) / '3'::numeric)) * '100'::numeric))",
          "(((((sum(store_sales.ss_ext_sales_price)) + (sum(catalog_sales.cs_ext_sales_price))) + (sum(web_sales.ws_ext_sales_price))) / '3'::numeric))"
        ],
        "Plans": [
          {
            "Node Type": "Sort",
            "Parent Relationship": "Outer",
            "Parallel Aware": false,
            "Async Capable": false,
            "Startup Cost": 29264.94,
            "Total Cost": 29264.95,
            "Plan Rows": 1,
            "Plan Width": 245,
            "Output": [
              "item_1.i_item_id",
              "customer_1.c_birth_year",
              "(sum(store_sales.ss_ext_sales_price))",
              "((((sum(store_sales.ss_ext_sales_price)) / ((((sum(store_sales.ss_ext_sales_price)) + (sum(catalog_sales.cs_ext_sales_price))) + (sum(web_sales.ws_ext_sales_price))) / '3'::numeric)) * '100'::numeric))",
              "(sum(catalog_sales.cs_ext_sales_price))",
              "((((sum(catalog_sales.cs_ext_sales_price)) / ((((sum(store_sales.ss_ext_sales_price)) + (sum(catalog_sales.cs_ext_sales_price))) + (sum(web_sales.ws_ext_sales_price))) / '3'::numeric)) * '100'::numeric))",
              "(sum(web_sales.ws_ext_sales_price))",
              "((((sum(web_sales.ws_ext_sales_price)) / ((((sum(store_sales.ss_ext_sales_price)) + (sum(catalog_sales.cs_ext_sales_price))) + (sum(web_sales.ws_ext_sales_price))) / '3'::numeric)) * '100'::numeric))",
              "(((((sum(store_sales.ss_ext_sales_price)) + (sum(catalog_sales.cs_ext_sales_price))) + (sum(web_sales.ws_ext_sales_price))) / '3'::numeric))"
            ],
            "Sort Key": [
              "item_1.i_item_id",
              "customer_1.c_birth_year",
              "(sum(store_sales.ss_ext_sales_price))"
            ],
            "Plans": [
              {
                "Node Type": "Merge Join",
                "Parent Relationship": "Outer",
                "Parallel Aware": false,
                "Async Capable": false,
                "Join Type": "Inner",
                "Startup Cost": 29260.0,
                "Total Cost": 29264.93,
                "Plan Rows": 1,
                "Plan Width": 245,
                "Output": [
                  "item_1.i_item_id",
                  "customer_1.c_birth_year",
                  "(sum(store_sales.ss_ext_sales_price))",
                  "(((sum(store_sales.ss_ext_sales_price)) / ((((sum(store_sales.ss_ext_sales_price)) + (sum(catalog_sales.cs_ext_sales_price))) + (sum(web_sales.ws_ext_sales_price))) / '3'::numeric)) * '100'::numeric)",
                  "(sum(catalog_sales.cs_ext_sales_price))",
                  "(((sum(catalog_sales.cs_ext_sales_price)) / ((((sum(store_sales.ss_ext_sales_price)) + (sum(catalog_sales.cs_ext_sales_price))) + (sum(web_sales.ws_ext_sales_price))) / '3'::numeric)) * '100'::numeric)",
                  "(sum(web_sales.ws_ext_sales_price))",
                  "(((sum(web_sales.ws_ext_sales_price)) / ((((sum(store_sales.ss_ext_sales_price)) + (sum(catalog_sales.cs_ext_sales_price))) + (sum(web_sales.ws_ext_sales_price))) / '3'::numeric)) * '100'::numeric)",
                  "((((sum(store_sales.ss_ext_sales_price)) + (sum(catalog_sales.cs_ext_sales_price))) + (sum(web_sales.ws_ext_sales_price))) / '3'::numeric)"
                ],
                "Inner Unique": false,
                "Merge Cond": "((item.i_item_id = item_1.i_item_id) AND (customer.c_birth_year = customer_1.c_birth_year))",
                "Join Filter": "(((sum(store_sales.ss_ext_sales_price)) >= (0.9 * (sum(catalog_sales.cs_ext_sales_price)))) AND ((sum(store_sales.ss_ext_sales_price)) <= (1.1 * (sum(catalog_sales.cs_ext_sales_price)))) AND ((sum(catalog_sales.cs_ext_sales_price)) >= (0.9 * (sum(store_sales.ss_ext_sales_price)))) AND ((sum(catalog_sales.cs_ext_sales_price)) <= (1.1 * (sum(store_sales.ss_ext_sales_price)))) AND ((sum(catalog_sales.cs_ext_sales_price)) >= (0.9 * (sum(web_sales.ws_ext_sales_price)))) AND ((sum(catalog_sales.cs_ext_sales_price)) <= (1.1 * (sum(web_sales.ws_ext_sales_price)))) AND ((sum(web_sales.ws_ext_sales_price)) >= (0.9 * (sum(catalog_sales.cs_ext_sales_price)))) AND ((sum(web_sales.ws_ext_sales_price)) <= (1.1 * (sum(catalog_sales.cs_ext_sales_price)))))",
                "Plans": [
                  {
                    "Node Type": "Aggregate",
                    "Strategy": "Sorted",
                    "Partial Mode": "Finalize",
                    "Parent Relationship": "Outer",
                    "Parallel Aware": false,
                    "Async Capable": false,
                    "Startup Cost": 7305.0,
                    "Total Cost": 7305.99,
                    "Plan Rows": 10,
                    "Plan Width": 53,
                    "Output": [
                      "item.i_item_id",
                      "customer.c_birth_year",
                      "sum(catalog_sales.cs_ext_sales_price)"
                    ],
                    "Group Key": [
                      "item.i_item_id",
                      "customer.c_birth_year"
                    ],
                    "Plans": [
                      {
                        "Node Type": "Index Only Scan",
                        "Parent Relationship": "InitPlan",
                        "Subplan Name": "InitPlan 2 (returns $1)",
                        "Parallel Aware": false,
                        "Async Capable": false,
                        "Scan Direction": "Forward",
                        "Index Name": "_dta_index_date_dim_6_661577395__k4_k3",
                        "Relation Name": "date_dim",
                        "Schema": "public",
                        "Alias": "date_dim_7",
                        "Startup Cost": 0.29,
                        "Total Cost": 1356.17,
                        "Plan Rows": 1,
                        "Plan Width": 4,
                        "Output": [
                          "date_dim_7.d_month_seq"
                        ],
                        "Index Cond": "(date_dim_7.d_date = '2001-06-06'::date)"
                      },
                      {
                        "Node Type": "Gather Merge",
                        "Parent Relationship": "Outer",
                        "Parallel Aware": false,
                        "Async Capable": false,
                        "Startup Cost": 5948.83,
                        "Total Cost": 5949.64,
                        "Plan Rows": 6,
                        "Plan Width": 53,
                        "Output": [
                          "item.i_item_id",
                          "customer.c_birth_year",
                          "(PARTIAL sum(catalog_sales.cs_ext_sales_price))"
                        ],
                        "Workers Planned": 1,
                        "Params Evaluated": [
                          "$1"
                        ],
                        "Plans": [
                          {
                            "Node Type": "Aggregate",
                            "Strategy": "Sorted",
                            "Partial Mode": "Partial",
                            "Parent Relationship": "Outer",
                            "Parallel Aware": false,
                            "Async Capable": false,
                            "Startup Cost": 4948.82,
                            "Total Cost": 4948.95,
                            "Plan Rows": 6,
                            "Plan Width": 53,
                            "Output": [
                              "item.i_item_id",
                              "customer.c_birth_year",
                              "PARTIAL sum(catalog_sales.cs_ext_sales_price)"
                            ],
                            "Group Key": [
                              "item.i_item_id",
                              "customer.c_birth_year"
                            ],
                            "Plans": [
                              {
                                "Node Type": "Sort",
                                "Parent Relationship": "Outer",
                                "Parallel Aware": false,
                                "Async Capable": false,
                                "Startup Cost": 4948.82,
                                "Total Cost": 4948.83,
                                "Plan Rows": 6,
                                "Plan Width": 27,
                                "Output": [
                                  "item.i_item_id",
                                  "customer.c_birth_year",
                                  "catalog_sales.cs_ext_sales_price"
                                ],
                                "Sort Key": [
                                  "item.i_item_id",
                                  "customer.c_birth_year"
                                ],
                                "Plans": [
                                  {
                                    "Node Type": "Nested Loop",
                                    "Parent Relationship": "Outer",
                                    "Parallel Aware": false,
                                    "Async Capable": false,
                                    "Join Type": "Inner",
                                    "Startup Cost": 6.47,
                                    "Total Cost": 4948.74,
                                    "Plan Rows": 6,
                                    "Plan Width": 27,
                                    "Output": [
                                      "item.i_item_id",
                                      "customer.c_birth_year",
                                      "catalog_sales.cs_ext_sales_price"
                                    ],
                                    "Inner Unique": true,
                                    "Plans": [
                                      {
                                        "Node Type": "Nested Loop",
                                        "Parent Relationship": "Outer",
                                        "Parallel Aware": false,
                                        "Async Capable": false,
                                        "Join Type": "Inner",
                                        "Startup Cost": 6.04,
                                        "Total Cost": 4920.39,
                                        "Plan Rows": 54,
                                        "Plan Width": 27,
                                        "Output": [
                                          "catalog_sales.cs_ext_sales_price",
                                          "catalog_sales.cs_bill_customer_sk",
                                          "item.i_item_id"
                                        ],
                                        "Inner Unique": true,
                                        "Plans": [
                                          {
                                            "Node Type": "Nested Loop",
                                            "Parent Relationship": "Outer",
                                            "Parallel Aware": false,
                                            "Async Capable": false,
                                            "Join Type": "Inner",
                                            "Startup Cost": 5.75,
                                            "Total Cost": 4856.11,
                                            "Plan Rows": 182,
                                            "Plan Width": 14,
                                            "Output": [
                                              "catalog_sales.cs_ext_sales_price",
                                              "catalog_sales.cs_item_sk",
                                              "catalog_sales.cs_bill_customer_sk"
                                            ],
                                            "Inner Unique": false,
                                            "Plans": [
                                              {
                                                "Node Type": "Hash Join",
                                                "Parent Relationship": "Outer",
                                                "Parallel Aware": false,
                                                "Async Capable": false,
                                                "Join Type": "Semi",
                                                "Startup Cost": 5.19,
                                                "Total Cost": 1952.89,
                                                "Plan Rows": 18,
                                                "Plan Width": 4,
                                                "Output": [
                                                  "date_dim.d_date_sk"
                                                ],
                                                "Inner Unique": false,
                                                "Hash Cond": "(date_dim.d_date = date_dim_1.d_date)",
                                                "Plans": [
                                                  {
                                                    "Node Type": "Seq Scan",
                                                    "Parent Relationship": "Outer",
                                                    "Parallel Aware": true,
                                                    "Async Capable": false,
                                                    "Relation Name": "date_dim",
                                                    "Schema": "public",
                                                    "Alias": "date_dim",
                                                    "Startup Cost": 0.0,
                                                    "Total Cost": 1834.7,
                                                    "Plan Rows": 42970,
                                                    "Plan Width": 8,
                                                    "Output": [
                                                      "date_dim.d_date_sk",
                                                      "date_dim.d_date_id",
                                                      "date_dim.d_date",
                                                      "date_dim.d_month_seq",
                                                      "date_dim.d_week_seq",
                                                      "date_dim.d_quarter_seq",
                                                      "date_dim.d_year",
                                                      "date_dim.d_dow",
                                                      "date_dim.d_moy",
                                                      "date_dim.d_dom",
                                                      "date_dim.d_qoy",
                                                      "date_dim.d_fy_year",
                                                      "date_dim.d_fy_quarter_seq",
                                                      "date_dim.d_fy_week_seq",
                                                      "date_dim.d_day_name",
                                                      "date_dim.d_quarter_name",
                                                      "date_dim.d_holiday",
                                                      "date_dim.d_weekend",
                                                      "date_dim.d_following_holiday",
                                                      "date_dim.d_first_dom",
                                                      "date_dim.d_last_dom",
                                                      "date_dim.d_same_day_ly",
                                                      "date_dim.d_same_day_lq",
                                                      "date_dim.d_current_day",
                                                      "date_dim.d_current_week",
                                                      "date_dim.d_current_month",
                                                      "date_dim.d_current_quarter",
                                                      "date_dim.d_current_year"
                                                    ]
                                                  },
                                                  {
                                                    "Node Type": "Hash",
                                                    "Parent Relationship": "Inner",
                                                    "Parallel Aware": false,
                                                    "Async Capable": false,
                                                    "Startup Cost": 4.82,
                                                    "Total Cost": 4.82,
                                                    "Plan Rows": 30,
                                                    "Plan Width": 4,
                                                    "Output": [
                                                      "date_dim_1.d_date"
                                                    ],
                                                    "Plans": [
                                                      {
                                                        "Node Type": "Index Only Scan",
                                                        "Parent Relationship": "Outer",
                                                        "Parallel Aware": false,
                                                        "Async Capable": false,
                                                        "Scan Direction": "Forward",
                                                        "Index Name": "_dta_index_date_dim_6_661577395__k4_k3",
                                                        "Relation Name": "date_dim",
                                                        "Schema": "public",
                                                        "Alias": "date_dim_1",
                                                        "Startup Cost": 0.29,
                                                        "Total Cost": 4.82,
                                                        "Plan Rows": 30,
                                                        "Plan Width": 4,
                                                        "Output": [
                                                          "date_dim_1.d_date"
                                                        ],
                                                        "Index Cond": "(date_dim_1.d_month_seq = $1)"
                                                      }
                                                    ]
                                                  }
                                                ]
                                              },
                                              {
                                                "Node Type": "Index Only Scan",
                                                "Parent Relationship": "Inner",
                                                "Parallel Aware": false,
                                                "Async Capable": false,
                                                "Scan Direction": "Forward",
                                                "Index Name": "_dta_index_catalog_sales_6_1301579675__k1_4_16_18_19_21_24",
                                                "Relation Name": "catalog_sales",
                                                "Schema": "public",
                                                "Alias": "catalog_sales",
                                                "Startup Cost": 0.56,
                                                "Total Cost": 157.73,
                                                "Plan Rows": 356,
                                                "Plan Width": 18,
                                                "Output": [
                                                  "catalog_sales.cs_sold_date_sk",
                                                  "catalog_sales.cs_bill_customer_sk",
                                                  "catalog_sales.cs_item_sk",
                                                  "catalog_sales.cs_order_number",
                                                  "catalog_sales.cs_quantity",
                                                  "catalog_sales.cs_list_price",
                                                  "catalog_sales.cs_ext_sales_price"
                                                ],
                                                "Index Cond": "(catalog_sales.cs_sold_date_sk = date_dim.d_date_sk)",
                                                "Filter": "((catalog_sales.cs_list_price >= '168'::numeric) AND (catalog_sales.cs_list_price <= '197'::numeric))"
                                              }
                                            ]
                                          },
                                          {
                                            "Node Type": "Index Scan",
                                            "Parent Relationship": "Inner",
                                            "Parallel Aware": false,
                                            "Async Capable": false,
                                            "Scan Direction": "Forward",
                                            "Index Name": "item_pkey",
                                            "Relation Name": "item",
                                            "Schema": "public",
                                            "Alias": "item",
                                            "Startup Cost": 0.29,
                                            "Total Cost": 0.35,
                                            "Plan Rows": 1,
                                            "Plan Width": 21,
                                            "Output": [
                                              "item.i_item_sk",
                                              "item.i_item_id",
                                              "item.i_rec_start_date",
                                              "item.i_rec_end_date",
                                              "item.i_item_desc",
                                              "item.i_current_price",
                                              "item.i_wholesale_cost",
                                              "item.i_brand_id",
                                              "item.i_brand",
                                              "item.i_class_id",
                                              "item.i_class",
                                              "item.i_category_id",
                                              "item.i_category",
                                              "item.i_manufact_id",
                                              "item.i_manufact",
                                              "item.i_size",
                                              "item.i_formulation",
                                              "item.i_color",
                                              "item.i_units",
                                              "item.i_container",
                                              "item.i_manager_id",
                                              "item.i_product_name"
                                            ],
                                            "Index Cond": "(item.i_item_sk = catalog_sales.cs_item_sk)",
                                            "Filter": "((item.i_manager_id >= 42) AND (item.i_manager_id <= 71))"
                                          }
                                        ]
                                      },
                                      {
                                        "Node Type": "Index Scan",
                                        "Parent Relationship": "Inner",
                                        "Parallel Aware": false,
                                        "Async Capable": false,
                                        "Scan Direction": "Forward",
                                        "Index Name": "_dta_index_customer_6_949578421__k1_k5",
                                        "Relation Name": "customer",
                                        "Schema": "public",
                                        "Alias": "customer",
                                        "Startup Cost": 0.42,
                                        "Total Cost": 0.53,
                                        "Plan Rows": 1,
                                        "Plan Width": 8,
                                        "Output": [
                                          "customer.c_customer_sk",
                                          "customer.c_customer_id",
                                          "customer.c_current_cdemo_sk",
                                          "customer.c_current_hdemo_sk",
                                          "customer.c_current_addr_sk",
                                          "customer.c_first_shipto_date_sk",
                                          "customer.c_first_sales_date_sk",
                                          "customer.c_salutation",
                                          "customer.c_first_name",
                                          "customer.c_last_name",
                                          "customer.c_preferred_cust_flag",
                                          "customer.c_birth_day",
                                          "customer.c_birth_month",
                                          "customer.c_birth_year",
                                          "customer.c_birth_country",
                                          "customer.c_login",
                                          "customer.c_email_address",
                                          "customer.c_last_review_date_sk"
                                        ],
                                        "Index Cond": "(customer.c_customer_sk = catalog_sales.cs_bill_customer_sk)",
                                        "Filter": "((customer.c_birth_year >= 1985) AND (customer.c_birth_year <= 1991))"
                                      }
                                    ]
                                  }
                                ]
                              }
                            ]
                          }
                        ]
                      }
                    ]
                  },
                  {
                    "Node Type": "Materialize",
                    "Parent Relationship": "Inner",
                    "Parallel Aware": false,
                    "Async Capable": false,
                    "Startup Cost": 21955.0,
                    "Total Cost": 21958.69,
                    "Plan Rows": 1,
                    "Plan Width": 106,
                    "Output": [
                      "item_1.i_item_id",
                      "customer_1.c_birth_year",
                      "(sum(store_sales.ss_ext_sales_price))",
                      "(sum(web_sales.ws_ext_sales_price))",
                      "item_2.i_item_id",
                      "customer_2.c_birth_year"
                    ],
                    "Plans": [
                      {
                        "Node Type": "Merge Join",
                        "Parent Relationship": "Outer",
                        "Parallel Aware": false,
                        "Async Capable": false,
                        "Join Type": "Inner",
                        "Startup Cost": 21955.0,
                        "Total Cost": 21958.69,
                        "Plan Rows": 1,
                        "Plan Width": 106,
                        "Output": [
                          "item_1.i_item_id",
                          "customer_1.c_birth_year",
                          "(sum(store_sales.ss_ext_sales_price))",
                          "(sum(web_sales.ws_ext_sales_price))",
                          "item_2.i_item_id",
                          "customer_2.c_birth_year"
                        ],
                        "Inner Unique": true,
                        "Merge Cond": "((item_1.i_item_id = item_2.i_item_id) AND (customer_1.c_birth_year = customer_2.c_birth_year))",
                        "Join Filter": "(((sum(store_sales.ss_ext_sales_price)) >= (0.9 * (sum(web_sales.ws_ext_sales_price)))) AND ((sum(store_sales.ss_ext_sales_price)) <= (1.1 * (sum(web_sales.ws_ext_sales_price)))) AND ((sum(web_sales.ws_ext_sales_price)) >= (0.9 * (sum(store_sales.ss_ext_sales_price)))) AND ((sum(web_sales.ws_ext_sales_price)) <= (1.1 * (sum(store_sales.ss_ext_sales_price)))))",
                        "Plans": [
                          {
                            "Node Type": "Aggregate",
                            "Strategy": "Sorted",
                            "Partial Mode": "Finalize",
                            "Parent Relationship": "Outer",
                            "Parallel Aware": false,
                            "Async Capable": false,
                            "Startup Cost": 15951.96,
                            "Total Cost": 15954.29,
                            "Plan Rows": 24,
                            "Plan Width": 53,
                            "Output": [
                              "item_1.i_item_id",
                              "customer_1.c_birth_year",
                              "sum(store_sales.ss_ext_sales_price)"
                            ],
                            "Group Key": [
                              "item_1.i_item_id",
                              "customer_1.c_birth_year"
                            ],
                            "Plans": [
                              {
                                "Node Type": "Index Only Scan",
                                "Parent Relationship": "InitPlan",
                                "Subplan Name": "InitPlan 1 (returns $0)",
                                "Parallel Aware": false,
                                "Async Capable": false,
                                "Scan Direction": "Forward",
                                "Index Name": "_dta_index_date_dim_6_661577395__k4_k3",
                                "Relation Name": "date_dim",
                                "Schema": "public",
                                "Alias": "date_dim_6",
                                "Startup Cost": 0.29,
                                "Total Cost": 1356.17,
                                "Plan Rows": 1,
                                "Plan Width": 4,
                                "Output": [
                                  "date_dim_6.d_month_seq"
                                ],
                                "Index Cond": "(date_dim_6.d_date = '2001-06-06'::date)"
                              },
                              {
                                "Node Type": "Gather Merge",
                                "Parent Relationship": "Outer",
                                "Parallel Aware": false,
                                "Async Capable": false,
                                "Startup Cost": 14595.79,
                                "Total Cost": 14597.68,
                                "Plan Rows": 14,
                                "Plan Width": 53,
                                "Output": [
                                  "item_1.i_item_id",
                                  "customer_1.c_birth_year",
                                  "(PARTIAL sum(store_sales.ss_ext_sales_price))"
                                ],
                                "Workers Planned": 1,
                                "Params Evaluated": [
                                  "$0"
                                ],
                                "Plans": [
                                  {
                                    "Node Type": "Aggregate",
                                    "Strategy": "Sorted",
                                    "Partial Mode": "Partial",
                                    "Parent Relationship": "Outer",
                                    "Parallel Aware": false,
                                    "Async Capable": false,
                                    "Startup Cost": 13595.78,
                                    "Total Cost": 13596.1,
                                    "Plan Rows": 14,
                                    "Plan Width": 53,
                                    "Output": [
                                      "item_1.i_item_id",
                                      "customer_1.c_birth_year",
                                      "PARTIAL sum(store_sales.ss_ext_sales_price)"
                                    ],
                                    "Group Key": [
                                      "item_1.i_item_id",
                                      "customer_1.c_birth_year"
                                    ],
                                    "Plans": [
                                      {
                                        "Node Type": "Sort",
                                        "Parent Relationship": "Outer",
                                        "Parallel Aware": false,
                                        "Async Capable": false,
                                        "Startup Cost": 13595.78,
                                        "Total Cost": 13595.82,
                                        "Plan Rows": 14,
                                        "Plan Width": 27,
                                        "Output": [
                                          "item_1.i_item_id",
                                          "customer_1.c_birth_year",
                                          "store_sales.ss_ext_sales_price"
                                        ],
                                        "Sort Key": [
                                          "item_1.i_item_id",
                                          "customer_1.c_birth_year"
                                        ],
                                        "Plans": [
                                          {
                                            "Node Type": "Nested Loop",
                                            "Parent Relationship": "Outer",
                                            "Parallel Aware": false,
                                            "Async Capable": false,
                                            "Join Type": "Inner",
                                            "Startup Cost": 6.47,
                                            "Total Cost": 13595.51,
                                            "Plan Rows": 14,
                                            "Plan Width": 27,
                                            "Output": [
                                              "item_1.i_item_id",
                                              "customer_1.c_birth_year",
                                              "store_sales.ss_ext_sales_price"
                                            ],
                                            "Inner Unique": true,
                                            "Plans": [
                                              {
                                                "Node Type": "Nested Loop",
                                                "Parent Relationship": "Outer",
                                                "Parallel Aware": false,
                                                "Async Capable": false,
                                                "Join Type": "Inner",
                                                "Startup Cost": 6.05,
                                                "Total Cost": 13506.11,
                                                "Plan Rows": 135,
                                                "Plan Width": 27,
                                                "Output": [
                                                  "store_sales.ss_ext_sales_price",
                                                  "store_sales.ss_customer_sk",
                                                  "item_1.i_item_id"
                                                ],
                                                "Inner Unique": true,
                                                "Plans": [
                                                  {
                                                    "Node Type": "Nested Loop",
                                                    "Parent Relationship": "Outer",
                                                    "Parallel Aware": false,
                                                    "Async Capable": false,
                                                    "Join Type": "Inner",
                                                    "Startup Cost": 5.75,
                                                    "Total Cost": 13275.27,
                                                    "Plan Rows": 460,
                                                    "Plan Width": 14,
                                                    "Output": [
                                                      "store_sales.ss_ext_sales_price",
                                                      "store_sales.ss_item_sk",
                                                      "store_sales.ss_customer_sk"
                                                    ],
                                                    "Inner Unique": false,
                                                    "Plans": [
                                                      {
                                                        "Node Type": "Hash Join",
                                                        "Parent Relationship": "Outer",
                                                        "Parallel Aware": false,
                                                        "Async Capable": false,
                                                        "Join Type": "Semi",
                                                        "Startup Cost": 5.19,
                                                        "Total Cost": 1952.89,
                                                        "Plan Rows": 18,
                                                        "Plan Width": 4,
                                                        "Output": [
                                                          "date_dim_2.d_date_sk"
                                                        ],
                                                        "Inner Unique": false,
                                                        "Hash Cond": "(date_dim_2.d_date = date_dim_3.d_date)",
                                                        "Plans": [
                                                          {
                                                            "Node Type": "Seq Scan",
                                                            "Parent Relationship": "Outer",
                                                            "Parallel Aware": true,
                                                            "Async Capable": false,
                                                            "Relation Name": "date_dim",
                                                            "Schema": "public",
                                                            "Alias": "date_dim_2",
                                                            "Startup Cost": 0.0,
                                                            "Total Cost": 1834.7,
                                                            "Plan Rows": 42970,
                                                            "Plan Width": 8,
                                                            "Output": [
                                                              "date_dim_2.d_date_sk",
                                                              "date_dim_2.d_date_id",
                                                              "date_dim_2.d_date",
                                                              "date_dim_2.d_month_seq",
                                                              "date_dim_2.d_week_seq",
                                                              "date_dim_2.d_quarter_seq",
                                                              "date_dim_2.d_year",
                                                              "date_dim_2.d_dow",
                                                              "date_dim_2.d_moy",
                                                              "date_dim_2.d_dom",
                                                              "date_dim_2.d_qoy",
                                                              "date_dim_2.d_fy_year",
                                                              "date_dim_2.d_fy_quarter_seq",
                                                              "date_dim_2.d_fy_week_seq",
                                                              "date_dim_2.d_day_name",
                                                              "date_dim_2.d_quarter_name",
                                                              "date_dim_2.d_holiday",
                                                              "date_dim_2.d_weekend",
                                                              "date_dim_2.d_following_holiday",
                                                              "date_dim_2.d_first_dom",
                                                              "date_dim_2.d_last_dom",
                                                              "date_dim_2.d_same_day_ly",
                                                              "date_dim_2.d_same_day_lq",
                                                              "date_dim_2.d_current_day",
                                                              "date_dim_2.d_current_week",
                                                              "date_dim_2.d_current_month",
                                                              "date_dim_2.d_current_quarter",
                                                              "date_dim_2.d_current_year"
                                                            ]
                                                          },
                                                          {
                                                            "Node Type": "Hash",
                                                            "Parent Relationship": "Inner",
                                                            "Parallel Aware": false,
                                                            "Async Capable": false,
                                                            "Startup Cost": 4.82,
                                                            "Total Cost": 4.82,
                                                            "Plan Rows": 30,
                                                            "Plan Width": 4,
                                                            "Output": [
                                                              "date_dim_3.d_date"
                                                            ],
                                                            "Plans": [
                                                              {
                                                                "Node Type": "Index Only Scan",
                                                                "Parent Relationship": "Outer",
                                                                "Parallel Aware": false,
                                                                "Async Capable": false,
                                                                "Scan Direction": "Forward",
                                                                "Index Name": "_dta_index_date_dim_6_661577395__k4_k3",
                                                                "Relation Name": "date_dim",
                                                                "Schema": "public",
                                                                "Alias": "date_dim_3",
                                                                "Startup Cost": 0.29,
                                                                "Total Cost": 4.82,
                                                                "Plan Rows": 30,
                                                                "Plan Width": 4,
                                                                "Output": [
                                                                  "date_dim_3.d_date"
                                                                ],
                                                                "Index Cond": "(date_dim_3.d_month_seq = $0)"
                                                              }
                                                            ]
                                                          }
                                                        ]
                                                      },
                                                      {
                                                        "Node Type": "Index Only Scan",
                                                        "Parent Relationship": "Inner",
                                                        "Parallel Aware": false,
                                                        "Async Capable": false,
                                                        "Scan Direction": "Forward",
                                                        "Index Name": "_dta_index_store_sales_6_1333579789__k1_k23_k14_k6_k8_k5_k7_3_4",
                                                        "Relation Name": "store_sales",
                                                        "Schema": "public",
                                                        "Alias": "store_sales",
                                                        "Startup Cost": 0.56,
                                                        "Total Cost": 619.74,
                                                        "Plan Rows": 928,
                                                        "Plan Width": 18,
                                                        "Output": [
                                                          "store_sales.ss_sold_date_sk",
                                                          "store_sales.ss_net_profit",
                                                          "store_sales.ss_sales_price",
                                                          "store_sales.ss_hdemo_sk",
                                                          "store_sales.ss_store_sk",
                                                          "store_sales.ss_cdemo_sk",
                                                          "store_sales.ss_addr_sk",
                                                          "store_sales.ss_item_sk",
                                                          "store_sales.ss_customer_sk",
                                                          "store_sales.ss_promo_sk",
                                                          "store_sales.ss_ticket_number",
                                                          "store_sales.ss_quantity",
                                                          "store_sales.ss_wholesale_cost",
                                                          "store_sales.ss_list_price",
                                                          "store_sales.ss_ext_sales_price",
                                                          "store_sales.ss_ext_wholesale_cost",
                                                          "store_sales.ss_coupon_amt"
                                                        ],
                                                        "Index Cond": "(store_sales.ss_sold_date_sk = date_dim_2.d_date_sk)",
                                                        "Filter": "((store_sales.ss_list_price >= '168'::numeric) AND (store_sales.ss_list_price <= '197'::numeric))"
                                                      }
                                                    ]
                                                  },
                                                  {
                                                    "Node Type": "Index Scan",
                                                    "Parent Relationship": "Inner",
                                                    "Parallel Aware": false,
                                                    "Async Capable": false,
                                                    "Scan Direction": "Forward",
                                                    "Index Name": "item_pkey",
                                                    "Relation Name": "item",
                                                    "Schema": "public",
                                                    "Alias": "item_1",
                                                    "Startup Cost": 0.29,
                                                    "Total Cost": 0.5,
                                                    "Plan Rows": 1,
                                                    "Plan Width": 21,
                                                    "Output": [
                                                      "item_1.i_item_sk",
                                                      "item_1.i_item_id",
                                                      "item_1.i_rec_start_date",
                                                      "item_1.i_rec_end_date",
                                                      "item_1.i_item_desc",
                                                      "item_1.i_current_price",
                                                      "item_1.i_wholesale_cost",
                                                      "item_1.i_brand_id",
                                                      "item_1.i_brand",
                                                      "item_1.i_class_id",
                                                      "item_1.i_class",
                                                      "item_1.i_category_id",
                                                      "item_1.i_category",
                                                      "item_1.i_manufact_id",
                                                      "item_1.i_manufact",
                                                      "item_1.i_size",
                                                      "item_1.i_formulation",
                                                      "item_1.i_color",
                                                      "item_1.i_units",
                                                      "item_1.i_container",
                                                      "item_1.i_manager_id",
                                                      "item_1.i_product_name"
                                                    ],
                                                    "Index Cond": "(item_1.i_item_sk = store_sales.ss_item_sk)",
                                                    "Filter": "((item_1.i_manager_id >= 42) AND (item_1.i_manager_id <= 71))"
                                                  }
                                                ]
                                              },
                                              {
                                                "Node Type": "Index Scan",
                                                "Parent Relationship": "Inner",
                                                "Parallel Aware": false,
                                                "Async Capable": false,
                                                "Scan Direction": "Forward",
                                                "Index Name": "_dta_index_customer_6_949578421__k1_k5",
                                                "Relation Name": "customer",
                                                "Schema": "public",
                                                "Alias": "customer_1",
                                                "Startup Cost": 0.42,
                                                "Total Cost": 0.66,
                                                "Plan Rows": 1,
                                                "Plan Width": 8,
                                                "Output": [
                                                  "customer_1.c_customer_sk",
                                                  "customer_1.c_customer_id",
                                                  "customer_1.c_current_cdemo_sk",
                                                  "customer_1.c_current_hdemo_sk",
                                                  "customer_1.c_current_addr_sk",
                                                  "customer_1.c_first_shipto_date_sk",
                                                  "customer_1.c_first_sales_date_sk",
                                                  "customer_1.c_salutation",
                                                  "customer_1.c_first_name",
                                                  "customer_1.c_last_name",
                                                  "customer_1.c_preferred_cust_flag",
                                                  "customer_1.c_birth_day",
                                                  "customer_1.c_birth_month",
                                                  "customer_1.c_birth_year",
                                                  "customer_1.c_birth_country",
                                                  "customer_1.c_login",
                                                  "customer_1.c_email_address",
                                                  "customer_1.c_last_review_date_sk"
                                                ],
                                                "Index Cond": "(customer_1.c_customer_sk = store_sales.ss_customer_sk)",
                                                "Filter": "((customer_1.c_birth_year >= 1985) AND (customer_1.c_birth_year <= 1991))"
                                              }
                                            ]
                                          }
                                        ]
                                      }
                                    ]
                                  }
                                ]
                              }
                            ]
                          },
                          {
                            "Node Type": "Materialize",
                            "Parent Relationship": "Inner",
                            "Parallel Aware": false,
                            "Async Capable": false,
                            "Startup Cost": 6003.04,
                            "Total Cost": 6003.97,
                            "Plan Rows": 8,
                            "Plan Width": 53,
                            "Output": [
                              "item_2.i_item_id",
                              "customer_2.c_birth_year",
                              "(sum(web_sales.ws_ext_sales_price))"
                            ],
                            "Plans": [
                              {
                                "Node Type": "Aggregate",
                                "Strategy": "Sorted",
                                "Partial Mode": "Finalize",
                                "Parent Relationship": "Outer",
                                "Parallel Aware": false,
                                "Async Capable": false,
                                "Startup Cost": 6003.04,
                                "Total Cost": 6003.87,
                                "Plan Rows": 8,
                                "Plan Width": 53,
                                "Output": [
                                  "item_2.i_item_id",
                                  "customer_2.c_birth_year",
                                  "sum(web_sales.ws_ext_sales_price)"
                                ],
                                "Group Key": [
                                  "item_2.i_item_id",
                                  "customer_2.c_birth_year"
                                ],
                                "Plans": [
                                  {
                                    "Node Type": "Index Only Scan",
                                    "Parent Relationship": "InitPlan",
                                    "Subplan Name": "InitPlan 3 (returns $2)",
                                    "Parallel Aware": false,
                                    "Async Capable": false,
                                    "Scan Direction": "Forward",
                                    "Index Name": "_dta_index_date_dim_6_661577395__k4_k3",
                                    "Relation Name": "date_dim",
                                    "Schema": "public",
                                    "Alias": "date_dim_8",
                                    "Startup Cost": 0.29,
                                    "Total Cost": 1356.17,
                                    "Plan Rows": 1,
                                    "Plan Width": 4,
                                    "Output": [
                                      "date_dim_8.d_month_seq"
                                    ],
                                    "Index Cond": "(date_dim_8.d_date = '2001-06-06'::date)"
                                  },
                                  {
                                    "Node Type": "Gather Merge",
                                    "Parent Relationship": "Outer",
                                    "Parallel Aware": false,
                                    "Async Capable": false,
                                    "Startup Cost": 4646.87,
                                    "Total Cost": 4647.55,
                                    "Plan Rows": 5,
                                    "Plan Width": 53,
                                    "Output": [
                                      "item_2.i_item_id",
                                      "customer_2.c_birth_year",
                                      "(PARTIAL sum(web_sales.ws_ext_sales_price))"
                                    ],
                                    "Workers Planned": 1,
                                    "Params Evaluated": [
                                      "$2"
                                    ],
                                    "Plans": [
                                      {
                                        "Node Type": "Aggregate",
                                        "Strategy": "Sorted",
                                        "Partial Mode": "Partial",
                                        "Parent Relationship": "Outer",
                                        "Parallel Aware": false,
                                        "Async Capable": false,
                                        "Startup Cost": 3646.86,
                                        "Total Cost": 3646.97,
                                        "Plan Rows": 5,
                                        "Plan Width": 53,
                                        "Output": [
                                          "item_2.i_item_id",
                                          "customer_2.c_birth_year",
                                          "PARTIAL sum(web_sales.ws_ext_sales_price)"
                                        ],
                                        "Group Key": [
                                          "item_2.i_item_id",
                                          "customer_2.c_birth_year"
                                        ],
                                        "Plans": [
                                          {
                                            "Node Type": "Sort",
                                            "Parent Relationship": "Outer",
                                            "Parallel Aware": false,
                                            "Async Capable": false,
                                            "Startup Cost": 3646.86,
                                            "Total Cost": 3646.87,
                                            "Plan Rows": 5,
                                            "Plan Width": 27,
                                            "Output": [
                                              "item_2.i_item_id",
                                              "customer_2.c_birth_year",
                                              "web_sales.ws_ext_sales_price"
                                            ],
                                            "Sort Key": [
                                              "item_2.i_item_id",
                                              "customer_2.c_birth_year"
                                            ],
                                            "Plans": [
                                              {
                                                "Node Type": "Nested Loop",
                                                "Parent Relationship": "Outer",
                                                "Parallel Aware": false,
                                                "Async Capable": false,
                                                "Join Type": "Inner",
                                                "Startup Cost": 6.34,
                                                "Total Cost": 3646.8,
                                                "Plan Rows": 5,
                                                "Plan Width": 27,
                                                "Output": [
                                                  "item_2.i_item_id",
                                                  "customer_2.c_birth_year",
                                                  "web_sales.ws_ext_sales_price"
                                                ],
                                                "Inner Unique": true,
                                                "Plans": [
                                                  {
                                                    "Node Type": "Nested Loop",
                                                    "Parent Relationship": "Outer",
                                                    "Parallel Aware": false,
                                                    "Async Capable": false,
                                                    "Join Type": "Inner",
                                                    "Startup Cost": 5.92,
                                                    "Total Cost": 3624.23,
                                                    "Plan Rows": 41,
                                                    "Plan Width": 27,
                                                    "Output": [
                                                      "web_sales.ws_ext_sales_price",
                                                      "web_sales.ws_bill_customer_sk",
                                                      "item_2.i_item_id"
                                                    ],
                                                    "Inner Unique": true,
                                                    "Plans": [
                                                      {
                                                        "Node Type": "Nested Loop",
                                                        "Parent Relationship": "Outer",
                                                        "Parallel Aware": false,
                                                        "Async Capable": false,
                                                        "Join Type": "Inner",
                                                        "Startup Cost": 5.62,
                                                        "Total Cost": 3573.44,
                                                        "Plan Rows": 139,
                                                        "Plan Width": 14,
                                                        "Output": [
                                                          "web_sales.ws_ext_sales_price",
                                                          "web_sales.ws_item_sk",
                                                          "web_sales.ws_bill_customer_sk"
                                                        ],
                                                        "Inner Unique": false,
                                                        "Plans": [
                                                          {
                                                            "Node Type": "Hash Join",
                                                            "Parent Relationship": "Outer",
                                                            "Parallel Aware": false,
                                                            "Async Capable": false,
                                                            "Join Type": "Semi",
                                                            "Startup Cost": 5.19,
                                                            "Total Cost": 1952.89,
                                                            "Plan Rows": 18,
                                                            "Plan Width": 4,
                                                            "Output": [
                                                              "date_dim_4.d_date_sk"
                                                            ],
                                                            "Inner Unique": false,
                                                            "Hash Cond": "(date_dim_4.d_date = date_dim_5.d_date)",
                                                            "Plans": [
                                                              {
                                                                "Node Type": "Seq Scan",
                                                                "Parent Relationship": "Outer",
                                                                "Parallel Aware": true,
                                                                "Async Capable": false,
                                                                "Relation Name": "date_dim",
                                                                "Schema": "public",
                                                                "Alias": "date_dim_4",
                                                                "Startup Cost": 0.0,
                                                                "Total Cost": 1834.7,
                                                                "Plan Rows": 42970,
                                                                "Plan Width": 8,
                                                                "Output": [
                                                                  "date_dim_4.d_date_sk",
                                                                  "date_dim_4.d_date_id",
                                                                  "date_dim_4.d_date",
                                                                  "date_dim_4.d_month_seq",
                                                                  "date_dim_4.d_week_seq",
                                                                  "date_dim_4.d_quarter_seq",
                                                                  "date_dim_4.d_year",
                                                                  "date_dim_4.d_dow",
                                                                  "date_dim_4.d_moy",
                                                                  "date_dim_4.d_dom",
                                                                  "date_dim_4.d_qoy",
                                                                  "date_dim_4.d_fy_year",
                                                                  "date_dim_4.d_fy_quarter_seq",
                                                                  "date_dim_4.d_fy_week_seq",
                                                                  "date_dim_4.d_day_name",
                                                                  "date_dim_4.d_quarter_name",
                                                                  "date_dim_4.d_holiday",
                                                                  "date_dim_4.d_weekend",
                                                                  "date_dim_4.d_following_holiday",
                                                                  "date_dim_4.d_first_dom",
                                                                  "date_dim_4.d_last_dom",
                                                                  "date_dim_4.d_same_day_ly",
                                                                  "date_dim_4.d_same_day_lq",
                                                                  "date_dim_4.d_current_day",
                                                                  "date_dim_4.d_current_week",
                                                                  "date_dim_4.d_current_month",
                                                                  "date_dim_4.d_current_quarter",
                                                                  "date_dim_4.d_current_year"
                                                                ]
                                                              },
                                                              {
                                                                "Node Type": "Hash",
                                                                "Parent Relationship": "Inner",
                                                                "Parallel Aware": false,
                                                                "Async Capable": false,
                                                                "Startup Cost": 4.82,
                                                                "Total Cost": 4.82,
                                                                "Plan Rows": 30,
                                                                "Plan Width": 4,
                                                                "Output": [
                                                                  "date_dim_5.d_date"
                                                                ],
                                                                "Plans": [
                                                                  {
                                                                    "Node Type": "Index Only Scan",
                                                                    "Parent Relationship": "Outer",
                                                                    "Parallel Aware": false,
                                                                    "Async Capable": false,
                                                                    "Scan Direction": "Forward",
                                                                    "Index Name": "_dta_index_date_dim_6_661577395__k4_k3",
                                                                    "Relation Name": "date_dim",
                                                                    "Schema": "public",
                                                                    "Alias": "date_dim_5",
                                                                    "Startup Cost": 0.29,
                                                                    "Total Cost": 4.82,
                                                                    "Plan Rows": 30,
                                                                    "Plan Width": 4,
                                                                    "Output": [
                                                                      "date_dim_5.d_date"
                                                                    ],
                                                                    "Index Cond": "(date_dim_5.d_month_seq = $2)"
                                                                  }
                                                                ]
                                                              }
                                                            ]
                                                          },
                                                          {
                                                            "Node Type": "Index Scan",
                                                            "Parent Relationship": "Inner",
                                                            "Parallel Aware": false,
                                                            "Async Capable": false,
                                                            "Scan Direction": "Forward",
                                                            "Index Name": "_dta_index_web_sales_6_1269579561__k1_k5",
                                                            "Relation Name": "web_sales",
                                                            "Schema": "public",
                                                            "Alias": "web_sales",
                                                            "Startup Cost": 0.43,
                                                            "Total Cost": 87.32,
                                                            "Plan Rows": 271,
                                                            "Plan Width": 18,
                                                            "Output": [
                                                              "web_sales.ws_sold_date_sk",
                                                              "web_sales.ws_sold_time_sk",
                                                              "web_sales.ws_ship_date_sk",
                                                              "web_sales.ws_item_sk",
                                                              "web_sales.ws_bill_customer_sk",
                                                              "web_sales.ws_bill_cdemo_sk",
                                                              "web_sales.ws_bill_hdemo_sk",
                                                              "web_sales.ws_bill_addr_sk",
                                                              "web_sales.ws_ship_customer_sk",
                                                              "web_sales.ws_ship_cdemo_sk",
                                                              "web_sales.ws_ship_hdemo_sk",
                                                              "web_sales.ws_ship_addr_sk",
                                                              "web_sales.ws_web_page_sk",
                                                              "web_sales.ws_web_site_sk",
                                                              "web_sales.ws_ship_mode_sk",
                                                              "web_sales.ws_warehouse_sk",
                                                              "web_sales.ws_promo_sk",
                                                              "web_sales.ws_order_number",
                                                              "web_sales.ws_quantity",
                                                              "web_sales.ws_wholesale_cost",
                                                              "web_sales.ws_list_price",
                                                              "web_sales.ws_sales_price",
                                                              "web_sales.ws_ext_discount_amt",
                                                              "web_sales.ws_ext_sales_price",
                                                              "web_sales.ws_ext_wholesale_cost",
                                                              "web_sales.ws_ext_list_price",
                                                              "web_sales.ws_ext_tax",
                                                              "web_sales.ws_coupon_amt",
                                                              "web_sales.ws_ext_ship_cost",
                                                              "web_sales.ws_net_paid",
                                                              "web_sales.ws_net_paid_inc_tax",
                                                              "web_sales.ws_net_paid_inc_ship",
                                                              "web_sales.ws_net_paid_inc_ship_tax",
                                                              "web_sales.ws_net_profit"
                                                            ],
                                                            "Index Cond": "(web_sales.ws_sold_date_sk = date_dim_4.d_date_sk)",
                                                            "Filter": "((web_sales.ws_list_price >= '168'::numeric) AND (web_sales.ws_list_price <= '197'::numeric))"
                                                          }
                                                        ]
                                                      },
                                                      {
                                                        "Node Type": "Index Scan",
                                                        "Parent Relationship": "Inner",
                                                        "Parallel Aware": false,
                                                        "Async Capable": false,
                                                        "Scan Direction": "Forward",
                                                        "Index Name": "item_pkey",
                                                        "Relation Name": "item",
                                                        "Schema": "public",
                                                        "Alias": "item_2",
                                                        "Startup Cost": 0.29,
                                                        "Total Cost": 0.37,
                                                        "Plan Rows": 1,
                                                        "Plan Width": 21,
                                                        "Output": [
                                                          "item_2.i_item_sk",
                                                          "item_2.i_item_id",
                                                          "item_2.i_rec_start_date",
                                                          "item_2.i_rec_end_date",
                                                          "item_2.i_item_desc",
                                                          "item_2.i_current_price",
                                                          "item_2.i_wholesale_cost",
                                                          "item_2.i_brand_id",
                                                          "item_2.i_brand",
                                                          "item_2.i_class_id",
                                                          "item_2.i_class",
                                                          "item_2.i_category_id",
                                                          "item_2.i_category",
                                                          "item_2.i_manufact_id",
                                                          "item_2.i_manufact",
                                                          "item_2.i_size",
                                                          "item_2.i_formulation",
                                                          "item_2.i_color",
                                                          "item_2.i_units",
                                                          "item_2.i_container",
                                                          "item_2.i_manager_id",
                                                          "item_2.i_product_name"
                                                        ],
                                                        "Index Cond": "(item_2.i_item_sk = web_sales.ws_item_sk)",
                                                        "Filter": "((item_2.i_manager_id >= 42) AND (item_2.i_manager_id <= 71))"
                                                      }
                                                    ]
                                                  },
                                                  {
                                                    "Node Type": "Index Scan",
                                                    "Parent Relationship": "Inner",
                                                    "Parallel Aware": false,
                                                    "Async Capable": false,
                                                    "Scan Direction": "Forward",
                                                    "Index Name": "_dta_index_customer_6_949578421__k1_k5",
                                                    "Relation Name": "customer",
                                                    "Schema": "public",
                                                    "Alias": "customer_2",
                                                    "Startup Cost": 0.42,
                                                    "Total Cost": 0.55,
                                                    "Plan Rows": 1,
                                                    "Plan Width": 8,
                                                    "Output": [
                                                      "customer_2.c_customer_sk",
                                                      "customer_2.c_customer_id",
                                                      "customer_2.c_current_cdemo_sk",
                                                      "customer_2.c_current_hdemo_sk",
                                                      "customer_2.c_current_addr_sk",
                                                      "customer_2.c_first_shipto_date_sk",
                                                      "customer_2.c_first_sales_date_sk",
                                                      "customer_2.c_salutation",
                                                      "customer_2.c_first_name",
                                                      "customer_2.c_last_name",
                                                      "customer_2.c_preferred_cust_flag",
                                                      "customer_2.c_birth_day",
                                                      "customer_2.c_birth_month",
                                                      "customer_2.c_birth_year",
                                                      "customer_2.c_birth_country",
                                                      "customer_2.c_login",
                                                      "customer_2.c_email_address",
                                                      "customer_2.c_last_review_date_sk"
                                                    ],
                                                    "Index Cond": "(customer_2.c_customer_sk = web_sales.ws_bill_customer_sk)",
                                                    "Filter": "((customer_2.c_birth_year >= 1985) AND (customer_2.c_birth_year <= 1991))"
                                                  }
                                                ]
                                              }
                                            ]
                                          }
                                        ]
                                      }
                                    ]
                                  }
                                ]
                              }
                            ]
                          }
                        ]
                      }
                    ]
                  }
                ]
              }
            ]
          }
        ]
      }
    }
  ],
  "original_sql": "with ss_items as\n (select i_item_id item_id\n       ,c_birth_year birth_year\n        ,sum(ss_ext_sales_price) ss_item_rev\n from store_sales\n     ,item\n     ,date_dim\n     ,customer\n where ss_item_sk = i_item_sk\n   and d_date in (select d_date\n                  from date_dim\n                  where d_month_seq = (select d_month_seq\n                                      from date_dim\n                                      where d_date = '2001-06-06'))\n   and ss_sold_date_sk   = d_date_sk\n   and ss_list_price between 168 and 197\n   and i_manager_id BETWEEN 42 and 71\n   and ss_customer_sk = c_customer_sk\n   and c_birth_year BETWEEN 1985 AND 1991\ngroup by i_item_id, c_birth_year),\n cs_items as\n (select i_item_id item_id\n        ,c_birth_year birth_year\n        ,sum(cs_ext_sales_price) cs_item_rev\n  from catalog_sales\n      ,item\n      ,date_dim\n      ,customer\n where cs_item_sk = i_item_sk\n  and  d_date in (select d_date\n                  from date_dim\n                  where d_month_seq = (select d_month_seq\n                                      from date_dim\n                                      where d_date = '2001-06-06'))\n  and  cs_sold_date_sk = d_date_sk\n  and  cs_list_price between 168 and 197\n  and i_manager_id BETWEEN 42 and 71\n  and cs_bill_customer_sk = c_customer_sk\n  and c_birth_year BETWEEN 1985 AND 1991\ngroup by i_item_id, c_birth_year),\n ws_items as\n (select i_item_id item_id\n      ,c_birth_year birth_year\n        ,sum(ws_ext_sales_price) ws_item_rev\n  from web_sales\n      ,item\n      ,date_dim\n      ,customer\n where ws_item_sk = i_item_sk\n  and  d_date in (select d_date\n                  from date_dim\n                  where d_month_seq = (select d_month_seq\n                                     from date_dim\n                                     where d_date = '2001-06-06'))\n  and ws_sold_date_sk   = d_date_sk\n  and ws_list_price between 168 and 197\n  and i_manager_id BETWEEN 42 and 71\n  and ws_bill_customer_sk = c_customer_sk\n  and c_birth_year BETWEEN 1985 AND 1991\ngroup by i_item_id, c_birth_year)\n  select  ss_items.item_id, ss_items.birth_year\n       ,ss_item_rev\n       ,ss_item_rev/((ss_item_rev+cs_item_rev+ws_item_rev)/3) * 100 ss_dev\n       ,cs_item_rev\n       ,cs_item_rev/((ss_item_rev+cs_item_rev+ws_item_rev)/3) * 100 cs_dev\n       ,ws_item_rev\n       ,ws_item_rev/((ss_item_rev+cs_item_rev+ws_item_rev)/3) * 100 ws_dev\n       ,(ss_item_rev+cs_item_rev+ws_item_rev)/3 average\n from ss_items,cs_items,ws_items\n where ss_items.item_id=cs_items.item_id\n   and ss_items.item_id=ws_items.item_id\n   and ss_items.birth_year = cs_items.birth_year\n   and ss_items.birth_year = ws_items.birth_year\n   and ss_item_rev between 0.9 * cs_item_rev and 1.1 * cs_item_rev\n   and ss_item_rev between 0.9 * ws_item_rev and 1.1 * ws_item_rev\n   and cs_item_rev between 0.9 * ss_item_rev and 1.1 * ss_item_rev\n   and cs_item_rev between 0.9 * ws_item_rev and 1.1 * ws_item_rev\n   and ws_item_rev between 0.9 * ss_item_rev and 1.1 * ss_item_rev\n   and ws_item_rev between 0.9 * cs_item_rev and 1.1 * cs_item_rev\n order by item_id, birth_year\n         ,ss_item_rev\n limit 100"
}