{
  "execution_time_ms": 1005.465,
  "plan_text": "Limit  (rows=0, time=1005.358)\n  Aggregate  (rows=99, time=1005.001)\n    Gather Merge  (rows=99, time=1004.953)\n      Aggregate  (rows=33, time=994.097)\n        Sort  (rows=33, time=994.077)\n          Nested Loop  (rows=33, time=994.029)\n            Nested Loop  (rows=33, time=987.627)\n              Hash Join  (rows=357, time=968.57)\n                Seq Scan on web_returns  (rows=2617, time=967.12)\n                Hash  (rows=365, time=0.625)\n                  Index Only Scan on date_dim  (rows=365, time=0.598)\n              Index Scan on item  (rows=0, time=0.053)\n            Index Scan on customer_address (customer_address_1)  (rows=1, time=0.191)\n  Sort  (rows=0, time=1003.874)\n    Nested Loop  (rows=0, time=1003.858)\n      Nested Loop  (rows=0, time=1003.857)\n        CTE Scan (ctr1)  (rows=1, time=1003.581)\n          Aggregate  (rows=1, time=0.015)\n            CTE Scan (ctr2)  (rows=4, time=0.012)\n        Index Scan on customer  (rows=0, time=0.273)\n      Index Scan on customer_address  (rows=0, time=0.0)",
  "plan_json": {
    "Node Type": "Limit",
    "Parallel Aware": false,
    "Async Capable": false,
    "Startup Cost": 42666.69,
    "Total Cost": 42666.69,
    "Plan Rows": 1,
    "Plan Width": 246,
    "Actual Startup Time": 1003.872,
    "Actual Total Time": 1005.358,
    "Actual Rows": 0,
    "Actual Loops": 1,
    "Plans": [
      {
        "Node Type": "Aggregate",
        "Strategy": "Sorted",
        "Partial Mode": "Finalize",
        "Parent Relationship": "InitPlan",
        "Subplan Name": "CTE customer_total_return",
        "Parallel Aware": false,
        "Async Capable": false,
        "Startup Cost": 42656.72,
        "Total Cost": 42657.04,
        "Plan Rows": 3,
        "Plan Width": 43,
        "Actual Startup Time": 1003.454,
        "Actual Total Time": 1005.001,
        "Actual Rows": 99,
        "Actual Loops": 1,
        "Group Key": [
          "web_returns.wr_returning_customer_sk",
          "customer_address_1.ca_state",
          "web_returns.wr_reason_sk"
        ],
        "Plans": [
          {
            "Node Type": "Gather Merge",
            "Parent Relationship": "Outer",
            "Parallel Aware": false,
            "Async Capable": false,
            "Startup Cost": 42656.72,
            "Total Cost": 42656.98,
            "Plan Rows": 2,
            "Plan Width": 43,
            "Actual Startup Time": 1003.447,
            "Actual Total Time": 1004.953,
            "Actual Rows": 99,
            "Actual Loops": 1,
            "Workers Planned": 2,
            "Workers Launched": 2,
            "Plans": [
              {
                "Node Type": "Aggregate",
                "Strategy": "Sorted",
                "Partial Mode": "Partial",
                "Parent Relationship": "Outer",
                "Parallel Aware": false,
                "Async Capable": false,
                "Startup Cost": 41656.7,
                "Total Cost": 41656.72,
                "Plan Rows": 1,
                "Plan Width": 43,
                "Actual Startup Time": 994.082,
                "Actual Total Time": 994.097,
                "Actual Rows": 33,
                "Actual Loops": 3,
                "Group Key": [
                  "web_returns.wr_returning_customer_sk",
                  "customer_address_1.ca_state",
                  "web_returns.wr_reason_sk"
                ],
                "Workers": [],
                "Plans": [
                  {
                    "Node Type": "Sort",
                    "Parent Relationship": "Outer",
                    "Parallel Aware": false,
                    "Async Capable": false,
                    "Startup Cost": 41656.7,
                    "Total Cost": 41656.7,
                    "Plan Rows": 1,
                    "Plan Width": 17,
                    "Actual Startup Time": 994.073,
                    "Actual Total Time": 994.077,
                    "Actual Rows": 33,
                    "Actual Loops": 3,
                    "Sort Key": [
                      "web_returns.wr_returning_customer_sk",
                      "customer_address_1.ca_state",
                      "web_returns.wr_reason_sk"
                    ],
                    "Sort Method": "quicksort",
                    "Sort Space Used": 26,
                    "Sort Space Type": "Memory",
                    "Workers": [
                      {
                        "Worker Number": 0,
                        "Sort Method": "quicksort",
                        "Sort Space Used": 26,
                        "Sort Space Type": "Memory"
                      },
                      {
                        "Worker Number": 1,
                        "Sort Method": "quicksort",
                        "Sort Space Used": 26,
                        "Sort Space Type": "Memory"
                      }
                    ],
                    "Plans": [
                      {
                        "Node Type": "Nested Loop",
                        "Parent Relationship": "Outer",
                        "Parallel Aware": false,
                        "Async Capable": false,
                        "Join Type": "Inner",
                        "Startup Cost": 30.96,
                        "Total Cost": 41656.69,
                        "Plan Rows": 1,
                        "Plan Width": 17,
                        "Actual Startup Time": 545.572,
                        "Actual Total Time": 994.029,
                        "Actual Rows": 33,
                        "Actual Loops": 3,
                        "Inner Unique": true,
                        "Workers": [],
                        "Plans": [
                          {
                            "Node Type": "Nested Loop",
                            "Parent Relationship": "Outer",
                            "Parallel Aware": false,
                            "Async Capable": false,
                            "Join Type": "Inner",
                            "Startup Cost": 30.54,
                            "Total Cost": 41653.46,
                            "Plan Rows": 1,
                            "Plan Width": 18,
                            "Actual Startup Time": 545.104,
                            "Actual Total Time": 987.627,
                            "Actual Rows": 33,
                            "Actual Loops": 3,
                            "Inner Unique": true,
                            "Workers": [],
                            "Plans": [
                              {
                                "Node Type": "Hash Join",
                                "Parent Relationship": "Outer",
                                "Parallel Aware": false,
                                "Async Capable": false,
                                "Join Type": "Inner",
                                "Startup Cost": 30.24,
                                "Total Cost": 41609.81,
                                "Plan Rows": 14,
                                "Plan Width": 22,
                                "Actual Startup Time": 507.025,
                                "Actual Total Time": 968.57,
                                "Actual Rows": 357,
                                "Actual Loops": 3,
                                "Inner Unique": true,
                                "Hash Cond": "(web_returns.wr_returned_date_sk = date_dim.d_date_sk)",
                                "Workers": [],
                                "Plans": [
                                  {
                                    "Node Type": "Seq Scan",
                                    "Parent Relationship": "Outer",
                                    "Parallel Aware": true,
                                    "Async Capable": false,
                                    "Relation Name": "web_returns",
                                    "Alias": "web_returns",
                                    "Startup Cost": 0.0,
                                    "Total Cost": 41571.69,
                                    "Plan Rows": 3001,
                                    "Plan Width": 26,
                                    "Actual Startup Time": 0.635,
                                    "Actual Total Time": 967.12,
                                    "Actual Rows": 2617,
                                    "Actual Loops": 3,
                                    "Filter": "(((wr_return_amt / (wr_return_quantity)::numeric) >= '242'::numeric) AND ((wr_return_amt / (wr_return_quantity)::numeric) <= '271'::numeric))",
                                    "Rows Removed by Filter": 477501,
                                    "Workers": []
                                  },
                                  {
                                    "Node Type": "Hash",
                                    "Parent Relationship": "Inner",
                                    "Parallel Aware": false,
                                    "Async Capable": false,
                                    "Startup Cost": 25.68,
                                    "Total Cost": 25.68,
                                    "Plan Rows": 365,
                                    "Plan Width": 4,
                                    "Actual Startup Time": 0.624,
                                    "Actual Total Time": 0.625,
                                    "Actual Rows": 365,
                                    "Actual Loops": 3,
                                    "Hash Buckets": 1024,
                                    "Original Hash Buckets": 1024,
                                    "Hash Batches": 1,
                                    "Original Hash Batches": 1,
                                    "Peak Memory Usage": 21,
                                    "Workers": [],
                                    "Plans": [
                                      {
                                        "Node Type": "Index Only Scan",
                                        "Parent Relationship": "Outer",
                                        "Parallel Aware": false,
                                        "Async Capable": false,
                                        "Scan Direction": "Forward",
                                        "Index Name": "_dta_index_date_dim_6_661577395__k7_k1",
                                        "Relation Name": "date_dim",
                                        "Alias": "date_dim",
                                        "Startup Cost": 0.29,
                                        "Total Cost": 25.68,
                                        "Plan Rows": 365,
                                        "Plan Width": 4,
                                        "Actual Startup Time": 0.467,
                                        "Actual Total Time": 0.598,
                                        "Actual Rows": 365,
                                        "Actual Loops": 3,
                                        "Index Cond": "(d_year = 2002)",
                                        "Rows Removed by Index Recheck": 0,
                                        "Heap Fetches": 0,
                                        "Workers": []
                                      }
                                    ]
                                  }
                                ]
                              },
                              {
                                "Node Type": "Index Scan",
                                "Parent Relationship": "Inner",
                                "Parallel Aware": false,
                                "Async Capable": false,
                                "Scan Direction": "Forward",
                                "Index Name": "item_pkey",
                                "Relation Name": "item",
                                "Alias": "item",
                                "Startup Cost": 0.29,
                                "Total Cost": 3.12,
                                "Plan Rows": 1,
                                "Plan Width": 4,
                                "Actual Startup Time": 0.053,
                                "Actual Total Time": 0.053,
                                "Actual Rows": 0,
                                "Actual Loops": 1070,
                                "Index Cond": "(i_item_sk = web_returns.wr_item_sk)",
                                "Rows Removed by Index Recheck": 0,
                                "Filter": "((i_manager_id >= 68) AND (i_manager_id <= 77))",
                                "Rows Removed by Filter": 1,
                                "Workers": []
                              }
                            ]
                          },
                          {
                            "Node Type": "Index Scan",
                            "Parent Relationship": "Inner",
                            "Parallel Aware": false,
                            "Async Capable": false,
                            "Scan Direction": "Forward",
                            "Index Name": "customer_address_pkey",
                            "Relation Name": "customer_address",
                            "Alias": "customer_address_1",
                            "Startup Cost": 0.42,
                            "Total Cost": 3.22,
                            "Plan Rows": 1,
                            "Plan Width": 7,
                            "Actual Startup Time": 0.191,
                            "Actual Total Time": 0.191,
                            "Actual Rows": 1,
                            "Actual Loops": 100,
                            "Index Cond": "(ca_address_sk = web_returns.wr_returning_addr_sk)",
                            "Rows Removed by Index Recheck": 0,
                            "Workers": []
                          }
                        ]
                      }
                    ]
                  }
                ]
              }
            ]
          }
        ]
      },
      {
        "Node Type": "Sort",
        "Parent Relationship": "Outer",
        "Parallel Aware": false,
        "Async Capable": false,
        "Startup Cost": 9.65,
        "Total Cost": 9.65,
        "Plan Rows": 1,
        "Plan Width": 246,
        "Actual Startup Time": 1003.871,
        "Actual Total Time": 1003.874,
        "Actual Rows": 0,
        "Actual Loops": 1,
        "Sort Key": [
          "customer.c_customer_id",
          "customer.c_salutation",
          "customer.c_first_name",
          "customer.c_last_name",
          "customer.c_preferred_cust_flag",
          "customer.c_birth_day",
          "customer.c_birth_month",
          "customer.c_birth_year",
          "customer.c_birth_country",
          "customer.c_login",
          "customer.c_email_address",
          "customer.c_last_review_date_sk",
          "ctr1.ctr_total_return"
        ],
        "Sort Method": "quicksort",
        "Sort Space Used": 25,
        "Sort Space Type": "Memory",
        "Plans": [
          {
            "Node Type": "Nested Loop",
            "Parent Relationship": "Outer",
            "Parallel Aware": false,
            "Async Capable": false,
            "Join Type": "Inner",
            "Startup Cost": 0.84,
            "Total Cost": 9.64,
            "Plan Rows": 1,
            "Plan Width": 246,
            "Actual Startup Time": 1003.856,
            "Actual Total Time": 1003.858,
            "Actual Rows": 0,
            "Actual Loops": 1,
            "Inner Unique": true,
            "Plans": [
              {
                "Node Type": "Nested Loop",
                "Parent Relationship": "Outer",
                "Parallel Aware": false,
                "Async Capable": false,
                "Join Type": "Inner",
                "Startup Cost": 0.42,
                "Total Cost": 8.78,
                "Plan Rows": 1,
                "Plan Width": 250,
                "Actual Startup Time": 1003.855,
                "Actual Total Time": 1003.857,
                "Actual Rows": 0,
                "Actual Loops": 1,
                "Inner Unique": true,
                "Plans": [
                  {
                    "Node Type": "CTE Scan",
                    "Parent Relationship": "Outer",
                    "Parallel Aware": false,
                    "Async Capable": false,
                    "CTE Name": "customer_total_return",
                    "Alias": "ctr1",
                    "Startup Cost": 0.0,
                    "Total Cost": 0.33,
                    "Plan Rows": 1,
                    "Plan Width": 36,
                    "Actual Startup Time": 1003.569,
                    "Actual Total Time": 1003.581,
                    "Actual Rows": 1,
                    "Actual Loops": 1,
                    "Filter": "((ctr_reason_sk = ANY ('{20,36}'::integer[])) AND (ctr_total_return > (SubPlan 2)))",
                    "Rows Removed by Filter": 98,
                    "Plans": [
                      {
                        "Node Type": "Aggregate",
                        "Strategy": "Plain",
                        "Partial Mode": "Simple",
                        "Parent Relationship": "SubPlan",
                        "Subplan Name": "SubPlan 2",
                        "Parallel Aware": false,
                        "Async Capable": false,
                        "Startup Cost": 0.07,
                        "Total Cost": 0.09,
                        "Plan Rows": 1,
                        "Plan Width": 32,
                        "Actual Startup Time": 0.014,
                        "Actual Total Time": 0.015,
                        "Actual Rows": 1,
                        "Actual Loops": 6,
                        "Plans": [
                          {
                            "Node Type": "CTE Scan",
                            "Parent Relationship": "Outer",
                            "Parallel Aware": false,
                            "Async Capable": false,
                            "CTE Name": "customer_total_return",
                            "Alias": "ctr2",
                            "Startup Cost": 0.0,
                            "Total Cost": 0.07,
                            "Plan Rows": 1,
                            "Plan Width": 32,
                            "Actual Startup Time": 0.001,
                            "Actual Total Time": 0.012,
                            "Actual Rows": 4,
                            "Actual Loops": 6,
                            "Filter": "(ctr1.ctr_state = ctr_state)",
                            "Rows Removed by Filter": 95
                          }
                        ]
                      }
                    ]
                  },
                  {
                    "Node Type": "Index Scan",
                    "Parent Relationship": "Inner",
                    "Parallel Aware": false,
                    "Async Capable": false,
                    "Scan Direction": "Forward",
                    "Index Name": "_dta_index_customer_6_949578421__k1_k5",
                    "Relation Name": "customer",
                    "Alias": "customer",
                    "Startup Cost": 0.42,
                    "Total Cost": 8.45,
                    "Plan Rows": 1,
                    "Plan Width": 222,
                    "Actual Startup Time": 0.273,
                    "Actual Total Time": 0.273,
                    "Actual Rows": 0,
                    "Actual Loops": 1,
                    "Index Cond": "(c_customer_sk = ctr1.ctr_customer_sk)",
                    "Rows Removed by Index Recheck": 0,
                    "Filter": "((c_birth_year >= 1985) AND (c_birth_year <= 1991))",
                    "Rows Removed by Filter": 1
                  }
                ]
              },
              {
                "Node Type": "Index Scan",
                "Parent Relationship": "Inner",
                "Parallel Aware": false,
                "Async Capable": false,
                "Scan Direction": "Forward",
                "Index Name": "customer_address_pkey",
                "Relation Name": "customer_address",
                "Alias": "customer_address",
                "Startup Cost": 0.42,
                "Total Cost": 0.86,
                "Plan Rows": 1,
                "Plan Width": 4,
                "Actual Startup Time": 0.0,
                "Actual Total Time": 0.0,
                "Actual Rows": 0,
                "Actual Loops": 0,
                "Index Cond": "(ca_address_sk = customer.c_current_addr_sk)",
                "Rows Removed by Index Recheck": 0,
                "Filter": "(ca_state = ANY ('{OK,SC,TX,WI}'::bpchar[]))",
                "Rows Removed by Filter": 0
              }
            ]
          }
        ]
      }
    ]
  },
  "actual_rows": 0,
  "provenance": {
    "database": "postgres://jakc9:jakc9@127.0.0.1:5434/dsb_sf10",
    "scale_factor": 10,
    "engine": "postgresql",
    "engine_version": "14.3",
    "cached_at": "2026-02-09T20:54:56.179225"
  }
}