{
  "execution_time_ms": 67607.09,
  "plan_text": "Sort  (rows=0, time=67593.932)\n  Aggregate  (rows=0, time=67593.915)\n    Sort  (rows=0, time=67593.913)\n      Gather  (rows=0, time=67593.901)\n        Nested Loop  (rows=0, time=38321.593)\n          Nested Loop  (rows=0, time=38321.592)\n            Nested Loop  (rows=0, time=38321.59)\n              Merge Join  (rows=3042, time=13086.722)\n                Sort  (rows=3042, time=13084.188)\n                  Nested Loop  (rows=3042, time=13081.289)\n                    Hash Join  (rows=2298, time=12519.296)\n                      Seq Scan on customer_address  (rows=11622, time=193.917)\n                      Hash  (rows=25331, time=12320.437)\n                        Nested Loop  (rows=25331, time=6027.065)\n                          Hash Join  (rows=25802, time=3826.791)\n                            Nested Loop  (rows=26759, time=3784.722)\n                              Hash Join  (rows=27399, time=2348.767)\n                                Nested Loop  (rows=1506919, time=1994.373)\n                                  Index Scan on date_dim (d1)  (rows=122, time=67.287)\n                                  Index Only Scan on store_sales  (rows=12386, time=15.213)\n                                Hash  (rows=1255, time=250.637)\n                                  Seq Scan on item  (rows=1255, time=250.045)\n                              Index Scan on customer  (rows=1, time=0.052)\n                            Hash  (rows=7200, time=26.311)\n                              Seq Scan on household_demographics  (rows=7200, time=25.866)\n                          Index Scan on customer_demographics  (rows=1, time=0.085)\n                    Index Scan on inventory  (rows=1, time=0.244)\n                Sort  (rows=10, time=0.245)\n                  Seq Scan on warehouse  (rows=10, time=0.232)\n              Bitmap Heap Scan on web_sales  (rows=0, time=8.294)\n                Bitmap Index Scan  (rows=149, time=0.111)\n            Bitmap Heap Scan on store  (rows=0, time=0.0)\n              Bitmap Index Scan  (rows=0, time=0.0)\n          Index Scan on date_dim (d2)  (rows=0, time=0.0)",
  "plan_json": {
    "Node Type": "Sort",
    "Parallel Aware": false,
    "Async Capable": false,
    "Startup Cost": 255316.48,
    "Total Cost": 255316.49,
    "Plan Rows": 1,
    "Plan Width": 37,
    "Actual Startup Time": 67588.449,
    "Actual Total Time": 67593.932,
    "Actual Rows": 0,
    "Actual Loops": 1,
    "Sort Key": [
      "(count(*))"
    ],
    "Sort Method": "quicksort",
    "Sort Space Used": 25,
    "Sort Space Type": "Memory",
    "Plans": [
      {
        "Node Type": "Aggregate",
        "Strategy": "Sorted",
        "Partial Mode": "Simple",
        "Parent Relationship": "Outer",
        "Parallel Aware": false,
        "Async Capable": false,
        "Startup Cost": 255316.45,
        "Total Cost": 255316.47,
        "Plan Rows": 1,
        "Plan Width": 37,
        "Actual Startup Time": 67588.432,
        "Actual Total Time": 67593.915,
        "Actual Rows": 0,
        "Actual Loops": 1,
        "Group Key": [
          "customer_demographics.cd_gender",
          "customer_demographics.cd_marital_status",
          "customer_demographics.cd_education_status",
          "household_demographics.hd_vehicle_count"
        ],
        "Plans": [
          {
            "Node Type": "Sort",
            "Parent Relationship": "Outer",
            "Parallel Aware": false,
            "Async Capable": false,
            "Startup Cost": 255316.45,
            "Total Cost": 255316.45,
            "Plan Rows": 1,
            "Plan Width": 29,
            "Actual Startup Time": 67588.43,
            "Actual Total Time": 67593.913,
            "Actual Rows": 0,
            "Actual Loops": 1,
            "Sort Key": [
              "customer_demographics.cd_gender",
              "customer_demographics.cd_marital_status",
              "customer_demographics.cd_education_status",
              "household_demographics.hd_vehicle_count"
            ],
            "Sort Method": "quicksort",
            "Sort Space Used": 25,
            "Sort Space Type": "Memory",
            "Plans": [
              {
                "Node Type": "Gather",
                "Parent Relationship": "Outer",
                "Parallel Aware": false,
                "Async Capable": false,
                "Startup Cost": 204183.96,
                "Total Cost": 255316.44,
                "Plan Rows": 1,
                "Plan Width": 29,
                "Actual Startup Time": 67588.42,
                "Actual Total Time": 67593.901,
                "Actual Rows": 0,
                "Actual Loops": 1,
                "Workers Planned": 2,
                "Workers Launched": 2,
                "Single Copy": false,
                "Plans": [
                  {
                    "Node Type": "Nested Loop",
                    "Parent Relationship": "Outer",
                    "Parallel Aware": false,
                    "Async Capable": false,
                    "Join Type": "Inner",
                    "Startup Cost": 203183.96,
                    "Total Cost": 254316.34,
                    "Plan Rows": 1,
                    "Plan Width": 29,
                    "Actual Startup Time": 38321.581,
                    "Actual Total Time": 38321.593,
                    "Actual Rows": 0,
                    "Actual Loops": 3,
                    "Inner Unique": true,
                    "Join Filter": "((d2.d_date >= d1.d_date) AND (d2.d_date <= (d1.d_date + '30 days'::interval)))",
                    "Rows Removed by Join Filter": 0,
                    "Workers": [],
                    "Plans": [
                      {
                        "Node Type": "Nested Loop",
                        "Parent Relationship": "Outer",
                        "Parallel Aware": false,
                        "Async Capable": false,
                        "Join Type": "Inner",
                        "Startup Cost": 203183.67,
                        "Total Cost": 254310.88,
                        "Plan Rows": 1,
                        "Plan Width": 37,
                        "Actual Startup Time": 38321.58,
                        "Actual Total Time": 38321.592,
                        "Actual Rows": 0,
                        "Actual Loops": 3,
                        "Inner Unique": false,
                        "Workers": [],
                        "Plans": [
                          {
                            "Node Type": "Nested Loop",
                            "Parent Relationship": "Outer",
                            "Parallel Aware": false,
                            "Async Capable": false,
                            "Join Type": "Inner",
                            "Startup Cost": 203181.1,
                            "Total Cost": 254304.04,
                            "Plan Rows": 1,
                            "Plan Width": 40,
                            "Actual Startup Time": 38321.58,
                            "Actual Total Time": 38321.59,
                            "Actual Rows": 0,
                            "Actual Loops": 3,
                            "Inner Unique": false,
                            "Join Filter": "(inventory.inv_warehouse_sk = web_sales.ws_warehouse_sk)",
                            "Rows Removed by Join Filter": 0,
                            "Workers": [],
                            "Plans": [
                              {
                                "Node Type": "Merge Join",
                                "Parent Relationship": "Outer",
                                "Parallel Aware": false,
                                "Async Capable": false,
                                "Join Type": "Inner",
                                "Startup Cost": 203173.2,
                                "Total Cost": 203174.22,
                                "Plan Rows": 65,
                                "Plan Width": 64,
                                "Actual Startup Time": 13083.203,
                                "Actual Total Time": 13086.722,
                                "Actual Rows": 3042,
                                "Actual Loops": 3,
                                "Inner Unique": true,
                                "Merge Cond": "(inventory.inv_warehouse_sk = warehouse.w_warehouse_sk)",
                                "Workers": [],
                                "Plans": [
                                  {
                                    "Node Type": "Sort",
                                    "Parent Relationship": "Outer",
                                    "Parallel Aware": false,
                                    "Async Capable": false,
                                    "Startup Cost": 203171.93,
                                    "Total Cost": 203172.09,
                                    "Plan Rows": 65,
                                    "Plan Width": 57,
                                    "Actual Startup Time": 13082.938,
                                    "Actual Total Time": 13084.188,
                                    "Actual Rows": 3042,
                                    "Actual Loops": 3,
                                    "Sort Key": [
                                      "inventory.inv_warehouse_sk"
                                    ],
                                    "Sort Method": "quicksort",
                                    "Sort Space Used": 356,
                                    "Sort Space Type": "Memory",
                                    "Workers": [
                                      {
                                        "Worker Number": 0,
                                        "Sort Method": "quicksort",
                                        "Sort Space Used": 355,
                                        "Sort Space Type": "Memory"
                                      },
                                      {
                                        "Worker Number": 1,
                                        "Sort Method": "quicksort",
                                        "Sort Space Used": 363,
                                        "Sort Space Type": "Memory"
                                      }
                                    ],
                                    "Plans": [
                                      {
                                        "Node Type": "Nested Loop",
                                        "Parent Relationship": "Outer",
                                        "Parallel Aware": false,
                                        "Async Capable": false,
                                        "Join Type": "Inner",
                                        "Startup Cost": 192471.68,
                                        "Total Cost": 203169.97,
                                        "Plan Rows": 65,
                                        "Plan Width": 57,
                                        "Actual Startup Time": 12325.557,
                                        "Actual Total Time": 13081.289,
                                        "Actual Rows": 3042,
                                        "Actual Loops": 3,
                                        "Inner Unique": false,
                                        "Workers": [],
                                        "Plans": [
                                          {
                                            "Node Type": "Hash Join",
                                            "Parent Relationship": "Outer",
                                            "Parallel Aware": true,
                                            "Async Capable": false,
                                            "Join Type": "Inner",
                                            "Startup Cost": 192471.11,
                                            "Total Cost": 199643.08,
                                            "Plan Rows": 262,
                                            "Plan Width": 61,
                                            "Actual Startup Time": 12321.131,
                                            "Actual Total Time": 12519.296,
                                            "Actual Rows": 2298,
                                            "Actual Loops": 3,
                                            "Inner Unique": false,
                                            "Hash Cond": "(customer_address.ca_address_sk = customer.c_current_addr_sk)",
                                            "Workers": [],
                                            "Plans": [
                                              {
                                                "Node Type": "Seq Scan",
                                                "Parent Relationship": "Outer",
                                                "Parallel Aware": true,
                                                "Async Capable": false,
                                                "Relation Name": "customer_address",
                                                "Alias": "customer_address",
                                                "Startup Cost": 0.0,
                                                "Total Cost": 7116.71,
                                                "Plan Rows": 14445,
                                                "Plan Width": 4,
                                                "Actual Startup Time": 0.367,
                                                "Actual Total Time": 193.917,
                                                "Actual Rows": 11622,
                                                "Actual Loops": 3,
                                                "Filter": "(ca_state = ANY ('{AR,CA,KS,NY,VA}'::bpchar[]))",
                                                "Rows Removed by Filter": 71711,
                                                "Workers": []
                                              },
                                              {
                                                "Node Type": "Hash",
                                                "Parent Relationship": "Inner",
                                                "Parallel Aware": true,
                                                "Async Capable": false,
                                                "Startup Cost": 192447.52,
                                                "Total Cost": 192447.52,
                                                "Plan Rows": 1887,
                                                "Plan Width": 65,
                                                "Actual Startup Time": 12320.43,
                                                "Actual Total Time": 12320.437,
                                                "Actual Rows": 25331,
                                                "Actual Loops": 3,
                                                "Hash Buckets": 131072,
                                                "Original Hash Buckets": 8192,
                                                "Hash Batches": 1,
                                                "Original Hash Batches": 1,
                                                "Peak Memory Usage": 9760,
                                                "Workers": [],
                                                "Plans": [
                                                  {
                                                    "Node Type": "Nested Loop",
                                                    "Parent Relationship": "Outer",
                                                    "Parallel Aware": false,
                                                    "Async Capable": false,
                                                    "Join Type": "Inner",
                                                    "Startup Cost": 8077.23,
                                                    "Total Cost": 192447.52,
                                                    "Plan Rows": 1887,
                                                    "Plan Width": 65,
                                                    "Actual Startup Time": 345.834,
                                                    "Actual Total Time": 6027.065,
                                                    "Actual Rows": 25331,
                                                    "Actual Loops": 3,
                                                    "Inner Unique": true,
                                                    "Workers": [],
                                                    "Plans": [
                                                      {
                                                        "Node Type": "Hash Join",
                                                        "Parent Relationship": "Outer",
                                                        "Parallel Aware": false,
                                                        "Async Capable": false,
                                                        "Join Type": "Inner",
                                                        "Startup Cost": 8076.8,
                                                        "Total Cost": 181482.2,
                                                        "Plan Rows": 1952,
                                                        "Plan Width": 44,
                                                        "Actual Startup Time": 345.151,
                                                        "Actual Total Time": 3826.791,
                                                        "Actual Rows": 25802,
                                                        "Actual Loops": 3,
                                                        "Inner Unique": true,
                                                        "Hash Cond": "(customer.c_current_hdemo_sk = household_demographics.hd_demo_sk)",
                                                        "Workers": [],
                                                        "Plans": [
                                                          {
                                                            "Node Type": "Nested Loop",
                                                            "Parent Relationship": "Outer",
                                                            "Parallel Aware": false,
                                                            "Async Capable": false,
                                                            "Join Type": "Inner",
                                                            "Startup Cost": 7861.8,
                                                            "Total Cost": 181261.89,
                                                            "Plan Rows": 2023,
                                                            "Plan Width": 44,
                                                            "Actual Startup Time": 318.812,
                                                            "Actual Total Time": 3784.722,
                                                            "Actual Rows": 26759,
                                                            "Actual Loops": 3,
                                                            "Inner Unique": true,
                                                            "Workers": [],
                                                            "Plans": [
                                                              {
                                                                "Node Type": "Hash Join",
                                                                "Parent Relationship": "Outer",
                                                                "Parallel Aware": true,
                                                                "Async Capable": false,
                                                                "Join Type": "Inner",
                                                                "Startup Cost": 7861.38,
                                                                "Total Cost": 169415.28,
                                                                "Plan Rows": 2120,
                                                                "Plan Width": 28,
                                                                "Actual Startup Time": 318.259,
                                                                "Actual Total Time": 2348.767,
                                                                "Actual Rows": 27399,
                                                                "Actual Loops": 3,
                                                                "Inner Unique": true,
                                                                "Hash Cond": "(store_sales.ss_item_sk = item.i_item_sk)",
                                                                "Workers": [],
                                                                "Plans": [
                                                                  {
                                                                    "Node Type": "Nested Loop",
                                                                    "Parent Relationship": "Outer",
                                                                    "Parallel Aware": false,
                                                                    "Async Capable": false,
                                                                    "Join Type": "Inner",
                                                                    "Startup Cost": 0.85,
                                                                    "Total Cost": 161404.08,
                                                                    "Plan Rows": 57395,
                                                                    "Plan Width": 24,
                                                                    "Actual Startup Time": 67.541,
                                                                    "Actual Total Time": 1994.373,
                                                                    "Actual Rows": 1506919,
                                                                    "Actual Loops": 3,
                                                                    "Inner Unique": false,
                                                                    "Workers": [],
                                                                    "Plans": [
                                                                      {
                                                                        "Node Type": "Index Scan",
                                                                        "Parent Relationship": "Outer",
                                                                        "Parallel Aware": true,
                                                                        "Async Capable": false,
                                                                        "Scan Direction": "Forward",
                                                                        "Index Name": "date_dim_pkey",
                                                                        "Relation Name": "date_dim",
                                                                        "Alias": "d1",
                                                                        "Startup Cost": 0.29,
                                                                        "Total Cost": 2981.0,
                                                                        "Plan Rows": 152,
                                                                        "Plan Width": 8,
                                                                        "Actual Startup Time": 66.944,
                                                                        "Actual Total Time": 67.287,
                                                                        "Actual Rows": 122,
                                                                        "Actual Loops": 3,
                                                                        "Filter": "(d_year = 1998)",
                                                                        "Rows Removed by Filter": 24228,
                                                                        "Workers": []
                                                                      },
                                                                      {
                                                                        "Node Type": "Index Only Scan",
                                                                        "Parent Relationship": "Inner",
                                                                        "Parallel Aware": false,
                                                                        "Async Capable": false,
                                                                        "Scan Direction": "Forward",
                                                                        "Index Name": "_dta_index_store_sales_6_1333579789__k1_k23_k14_k6_k8_k5_k7_3_4",
                                                                        "Relation Name": "store_sales",
                                                                        "Alias": "store_sales",
                                                                        "Startup Cost": 0.56,
                                                                        "Total Cost": 907.45,
                                                                        "Plan Rows": 13481,
                                                                        "Plan Width": 16,
                                                                        "Actual Startup Time": 0.073,
                                                                        "Actual Total Time": 15.213,
                                                                        "Actual Rows": 12386,
                                                                        "Actual Loops": 365,
                                                                        "Index Cond": "(ss_sold_date_sk = d1.d_date_sk)",
                                                                        "Rows Removed by Index Recheck": 0,
                                                                        "Heap Fetches": 0,
                                                                        "Workers": []
                                                                      }
                                                                    ]
                                                                  },
                                                                  {
                                                                    "Node Type": "Hash",
                                                                    "Parent Relationship": "Inner",
                                                                    "Parallel Aware": true,
                                                                    "Async Capable": false,
                                                                    "Startup Cost": 7840.9,
                                                                    "Total Cost": 7840.9,
                                                                    "Plan Rows": 1570,
                                                                    "Plan Width": 4,
                                                                    "Actual Startup Time": 250.636,
                                                                    "Actual Total Time": 250.637,
                                                                    "Actual Rows": 1255,
                                                                    "Actual Loops": 3,
                                                                    "Hash Buckets": 4096,
                                                                    "Original Hash Buckets": 4096,
                                                                    "Hash Batches": 1,
                                                                    "Original Hash Batches": 1,
                                                                    "Peak Memory Usage": 224,
                                                                    "Workers": [],
                                                                    "Plans": [
                                                                      {
                                                                        "Node Type": "Seq Scan",
                                                                        "Parent Relationship": "Outer",
                                                                        "Parallel Aware": true,
                                                                        "Async Capable": false,
                                                                        "Relation Name": "item",
                                                                        "Alias": "item",
                                                                        "Startup Cost": 0.03,
                                                                        "Total Cost": 7840.9,
                                                                        "Plan Rows": 1570,
                                                                        "Plan Width": 4,
                                                                        "Actual Startup Time": 0.37,
                                                                        "Actual Total Time": 250.045,
                                                                        "Actual Rows": 1255,
                                                                        "Actual Loops": 3,
                                                                        "Filter": "((i_category = ANY ('{Men,Shoes,Sports}'::bpchar[])) AND (i_manager_id = ANY ('{6,11,16,17,19,28,47,82,88,98}'::integer[])))",
                                                                        "Rows Removed by Filter": 32745,
                                                                        "Workers": []
                                                                      }
                                                                    ]
                                                                  }
                                                                ]
                                                              },
                                                              {
                                                                "Node Type": "Index Scan",
                                                                "Parent Relationship": "Inner",
                                                                "Parallel Aware": false,
                                                                "Async Capable": false,
                                                                "Scan Direction": "Forward",
                                                                "Index Name": "_dta_index_customer_6_949578421__k1_k5",
                                                                "Relation Name": "customer",
                                                                "Alias": "customer",
                                                                "Startup Cost": 0.42,
                                                                "Total Cost": 5.59,
                                                                "Plan Rows": 1,
                                                                "Plan Width": 16,
                                                                "Actual Startup Time": 0.052,
                                                                "Actual Total Time": 0.052,
                                                                "Actual Rows": 1,
                                                                "Actual Loops": 82198,
                                                                "Index Cond": "(c_customer_sk = store_sales.ss_customer_sk)",
                                                                "Rows Removed by Index Recheck": 0,
                                                                "Workers": []
                                                              }
                                                            ]
                                                          },
                                                          {
                                                            "Node Type": "Hash",
                                                            "Parent Relationship": "Inner",
                                                            "Parallel Aware": false,
                                                            "Async Capable": false,
                                                            "Startup Cost": 125.0,
                                                            "Total Cost": 125.0,
                                                            "Plan Rows": 7200,
                                                            "Plan Width": 8,
                                                            "Actual Startup Time": 26.31,
                                                            "Actual Total Time": 26.311,
                                                            "Actual Rows": 7200,
                                                            "Actual Loops": 3,
                                                            "Hash Buckets": 8192,
                                                            "Original Hash Buckets": 8192,
                                                            "Hash Batches": 1,
                                                            "Original Hash Batches": 1,
                                                            "Peak Memory Usage": 346,
                                                            "Workers": [],
                                                            "Plans": [
                                                              {
                                                                "Node Type": "Seq Scan",
                                                                "Parent Relationship": "Outer",
                                                                "Parallel Aware": false,
                                                                "Async Capable": false,
                                                                "Relation Name": "household_demographics",
                                                                "Alias": "household_demographics",
                                                                "Startup Cost": 0.0,
                                                                "Total Cost": 125.0,
                                                                "Plan Rows": 7200,
                                                                "Plan Width": 8,
                                                                "Actual Startup Time": 23.476,
                                                                "Actual Total Time": 25.866,
                                                                "Actual Rows": 7200,
                                                                "Actual Loops": 3,
                                                                "Workers": []
                                                              }
                                                            ]
                                                          }
                                                        ]
                                                      },
                                                      {
                                                        "Node Type": "Index Scan",
                                                        "Parent Relationship": "Inner",
                                                        "Parallel Aware": false,
                                                        "Async Capable": false,
                                                        "Scan Direction": "Forward",
                                                        "Index Name": "customer_demographics_pkey",
                                                        "Relation Name": "customer_demographics",
                                                        "Alias": "customer_demographics",
                                                        "Startup Cost": 0.43,
                                                        "Total Cost": 5.62,
                                                        "Plan Rows": 1,
                                                        "Plan Width": 29,
                                                        "Actual Startup Time": 0.085,
                                                        "Actual Total Time": 0.085,
                                                        "Actual Rows": 1,
                                                        "Actual Loops": 77407,
                                                        "Index Cond": "(cd_demo_sk = customer.c_current_cdemo_sk)",
                                                        "Rows Removed by Index Recheck": 0,
                                                        "Workers": []
                                                      }
                                                    ]
                                                  }
                                                ]
                                              }
                                            ]
                                          },
                                          {
                                            "Node Type": "Index Scan",
                                            "Parent Relationship": "Inner",
                                            "Parallel Aware": false,
                                            "Async Capable": false,
                                            "Scan Direction": "Forward",
                                            "Index Name": "inventory_pkey",
                                            "Relation Name": "inventory",
                                            "Alias": "inventory",
                                            "Startup Cost": 0.57,
                                            "Total Cost": 13.44,
                                            "Plan Rows": 2,
                                            "Plan Width": 16,
                                            "Actual Startup Time": 0.103,
                                            "Actual Total Time": 0.244,
                                            "Actual Rows": 1,
                                            "Actual Loops": 6895,
                                            "Index Cond": "((inv_date_sk = store_sales.ss_sold_date_sk) AND (inv_item_sk = store_sales.ss_item_sk))",
                                            "Rows Removed by Index Recheck": 0,
                                            "Filter": "(inv_quantity_on_hand >= store_sales.ss_quantity)",
                                            "Rows Removed by Filter": 0,
                                            "Workers": []
                                          }
                                        ]
                                      }
                                    ]
                                  },
                                  {
                                    "Node Type": "Sort",
                                    "Parent Relationship": "Inner",
                                    "Parallel Aware": false,
                                    "Async Capable": false,
                                    "Startup Cost": 1.27,
                                    "Total Cost": 1.29,
                                    "Plan Rows": 10,
                                    "Plan Width": 7,
                                    "Actual Startup Time": 0.239,
                                    "Actual Total Time": 0.245,
                                    "Actual Rows": 10,
                                    "Actual Loops": 3,
                                    "Sort Key": [
                                      "warehouse.w_warehouse_sk"
                                    ],
                                    "Sort Method": "quicksort",
                                    "Sort Space Used": 25,
                                    "Sort Space Type": "Memory",
                                    "Workers": [
                                      {
                                        "Worker Number": 0,
                                        "Sort Method": "quicksort",
                                        "Sort Space Used": 25,
                                        "Sort Space Type": "Memory"
                                      },
                                      {
                                        "Worker Number": 1,
                                        "Sort Method": "quicksort",
                                        "Sort Space Used": 25,
                                        "Sort Space Type": "Memory"
                                      }
                                    ],
                                    "Plans": [
                                      {
                                        "Node Type": "Seq Scan",
                                        "Parent Relationship": "Outer",
                                        "Parallel Aware": false,
                                        "Async Capable": false,
                                        "Relation Name": "warehouse",
                                        "Alias": "warehouse",
                                        "Startup Cost": 0.0,
                                        "Total Cost": 1.1,
                                        "Plan Rows": 10,
                                        "Plan Width": 7,
                                        "Actual Startup Time": 0.231,
                                        "Actual Total Time": 0.232,
                                        "Actual Rows": 10,
                                        "Actual Loops": 3,
                                        "Workers": []
                                      }
                                    ]
                                  }
                                ]
                              },
                              {
                                "Node Type": "Bitmap Heap Scan",
                                "Parent Relationship": "Inner",
                                "Parallel Aware": false,
                                "Async Capable": false,
                                "Relation Name": "web_sales",
                                "Alias": "web_sales",
                                "Startup Cost": 7.9,
                                "Total Cost": 786.6,
                                "Plan Rows": 1,
                                "Plan Width": 16,
                                "Actual Startup Time": 8.294,
                                "Actual Total Time": 8.294,
                                "Actual Rows": 0,
                                "Actual Loops": 9126,
                                "Recheck Cond": "(store_sales.ss_item_sk = ws_item_sk)",
                                "Rows Removed by Index Recheck": 0,
                                "Filter": "((ws_wholesale_cost >= '76'::numeric) AND (ws_wholesale_cost <= '96'::numeric) AND (store_sales.ss_customer_sk = ws_bill_customer_sk))",
                                "Rows Removed by Filter": 149,
                                "Exact Heap Blocks": 138698,
                                "Lossy Heap Blocks": 0,
                                "Workers": [],
                                "Plans": [
                                  {
                                    "Node Type": "Bitmap Index Scan",
                                    "Parent Relationship": "Outer",
                                    "Parallel Aware": false,
                                    "Async Capable": false,
                                    "Index Name": "web_sales_pkey",
                                    "Startup Cost": 0.0,
                                    "Total Cost": 7.9,
                                    "Plan Rows": 304,
                                    "Plan Width": 0,
                                    "Actual Startup Time": 0.111,
                                    "Actual Total Time": 0.111,
                                    "Actual Rows": 149,
                                    "Actual Loops": 9126,
                                    "Index Cond": "(ws_item_sk = store_sales.ss_item_sk)",
                                    "Workers": []
                                  }
                                ]
                              }
                            ]
                          },
                          {
                            "Node Type": "Bitmap Heap Scan",
                            "Parent Relationship": "Inner",
                            "Parallel Aware": false,
                            "Async Capable": false,
                            "Relation Name": "store",
                            "Alias": "store",
                            "Startup Cost": 2.57,
                            "Total Cost": 6.81,
                            "Plan Rows": 3,
                            "Plan Width": 3,
                            "Actual Startup Time": 0.0,
                            "Actual Total Time": 0.0,
                            "Actual Rows": 0,
                            "Actual Loops": 0,
                            "Recheck Cond": "(s_state = warehouse.w_state)",
                            "Rows Removed by Index Recheck": 0,
                            "Exact Heap Blocks": 0,
                            "Lossy Heap Blocks": 0,
                            "Workers": [],
                            "Plans": [
                              {
                                "Node Type": "Bitmap Index Scan",
                                "Parent Relationship": "Outer",
                                "Parallel Aware": false,
                                "Async Capable": false,
                                "Index Name": "_dta_index_store_6_885578193__k25_k1",
                                "Startup Cost": 0.0,
                                "Total Cost": 2.56,
                                "Plan Rows": 3,
                                "Plan Width": 0,
                                "Actual Startup Time": 0.0,
                                "Actual Total Time": 0.0,
                                "Actual Rows": 0,
                                "Actual Loops": 0,
                                "Index Cond": "(s_state = warehouse.w_state)",
                                "Workers": []
                              }
                            ]
                          }
                        ]
                      },
                      {
                        "Node Type": "Index Scan",
                        "Parent Relationship": "Inner",
                        "Parallel Aware": false,
                        "Async Capable": false,
                        "Scan Direction": "Forward",
                        "Index Name": "date_dim_pkey",
                        "Relation Name": "date_dim",
                        "Alias": "d2",
                        "Startup Cost": 0.29,
                        "Total Cost": 5.44,
                        "Plan Rows": 1,
                        "Plan Width": 8,
                        "Actual Startup Time": 0.0,
                        "Actual Total Time": 0.0,
                        "Actual Rows": 0,
                        "Actual Loops": 0,
                        "Index Cond": "(d_date_sk = web_sales.ws_sold_date_sk)",
                        "Rows Removed by Index Recheck": 0,
                        "Workers": []
                      }
                    ]
                  }
                ]
              }
            ]
          }
        ]
      }
    ]
  },
  "actual_rows": 0,
  "provenance": {
    "database": "postgres://jakc9:jakc9@127.0.0.1:5434/dsb_sf10",
    "scale_factor": 10,
    "engine": "postgresql",
    "engine_version": "14.3",
    "cached_at": "2026-02-09T21:27:07.891763"
  }
}