{
  "execution_time_ms": 51627.368,
  "plan_text": "Sort  (rows=0, time=51627.216)\n  Aggregate  (rows=0, time=51627.202)\n    Sort  (rows=0, time=51627.201)\n      Nested Loop  (rows=0, time=51627.188)\n        Nested Loop  (rows=1, time=51626.862)\n          Nested Loop  (rows=2, time=51626.455)\n            Gather  (rows=1917, time=37792.222)\n              Nested Loop  (rows=639, time=21981.328)\n                Nested Loop  (rows=10493, time=21948.901)\n                  Nested Loop  (rows=10609, time=20455.075)\n                    Hash Join  (rows=74035, time=10190.052)\n                      Nested Loop  (rows=389199, time=10016.372)\n                        Index Scan on date_dim (d1)  (rows=122, time=80.129)\n                        Index Only Scan on store_returns  (rows=3190, time=81.01)\n                      Hash  (rows=9203, time=51.046)\n                        Index Only Scan on item  (rows=9203, time=50.098)\n                    Index Scan on store_sales  (rows=0, time=0.138)\n                  Index Scan on customer  (rows=1, time=0.14)\n                Index Scan on household_demographics  (rows=0, time=0.002)\n            Bitmap Heap Scan on web_sales  (rows=0, time=7.214)\n              Bitmap Index Scan  (rows=50, time=0.154)\n          Index Scan on date_dim (d2)  (rows=1, time=0.195)\n        Index Scan on customer_address  (rows=0, time=0.324)",
  "plan_json": {
    "Node Type": "Sort",
    "Parallel Aware": false,
    "Async Capable": false,
    "Startup Cost": 79362.07,
    "Total Cost": 79362.07,
    "Plan Rows": 1,
    "Plan Width": 64,
    "Actual Startup Time": 51625.948,
    "Actual Total Time": 51627.216,
    "Actual Rows": 0,
    "Actual Loops": 1,
    "Sort Key": [
      "(count(*))"
    ],
    "Sort Method": "quicksort",
    "Sort Space Used": 25,
    "Sort Space Type": "Memory",
    "Plans": [
      {
        "Node Type": "Aggregate",
        "Strategy": "Sorted",
        "Partial Mode": "Simple",
        "Parent Relationship": "Outer",
        "Parallel Aware": false,
        "Async Capable": false,
        "Startup Cost": 79362.04,
        "Total Cost": 79362.06,
        "Plan Rows": 1,
        "Plan Width": 64,
        "Actual Startup Time": 51625.935,
        "Actual Total Time": 51627.202,
        "Actual Rows": 0,
        "Actual Loops": 1,
        "Group Key": [
          "customer.c_customer_sk"
        ],
        "Plans": [
          {
            "Node Type": "Sort",
            "Parent Relationship": "Outer",
            "Parallel Aware": false,
            "Async Capable": false,
            "Startup Cost": 79362.04,
            "Total Cost": 79362.04,
            "Plan Rows": 1,
            "Plan Width": 56,
            "Actual Startup Time": 51625.934,
            "Actual Total Time": 51627.201,
            "Actual Rows": 0,
            "Actual Loops": 1,
            "Sort Key": [
              "customer.c_customer_sk"
            ],
            "Sort Method": "quicksort",
            "Sort Space Used": 25,
            "Sort Space Type": "Memory",
            "Plans": [
              {
                "Node Type": "Nested Loop",
                "Parent Relationship": "Outer",
                "Parallel Aware": false,
                "Async Capable": false,
                "Join Type": "Inner",
                "Startup Cost": 3439.21,
                "Total Cost": 79362.03,
                "Plan Rows": 1,
                "Plan Width": 56,
                "Actual Startup Time": 51625.921,
                "Actual Total Time": 51627.188,
                "Actual Rows": 0,
                "Actual Loops": 1,
                "Inner Unique": true,
                "Plans": [
                  {
                    "Node Type": "Nested Loop",
                    "Parent Relationship": "Outer",
                    "Parallel Aware": false,
                    "Async Capable": false,
                    "Join Type": "Inner",
                    "Startup Cost": 3438.79,
                    "Total Cost": 79358.52,
                    "Plan Rows": 1,
                    "Plan Width": 60,
                    "Actual Startup Time": 45156.428,
                    "Actual Total Time": 51626.862,
                    "Actual Rows": 1,
                    "Actual Loops": 1,
                    "Inner Unique": true,
                    "Join Filter": "((d2.d_date >= d1.d_date) AND (d2.d_date <= (d1.d_date + '90 days'::interval)))",
                    "Rows Removed by Join Filter": 1,
                    "Plans": [
                      {
                        "Node Type": "Nested Loop",
                        "Parent Relationship": "Outer",
                        "Parallel Aware": false,
                        "Async Capable": false,
                        "Join Type": "Inner",
                        "Startup Cost": 3438.5,
                        "Total Cost": 79355.15,
                        "Plan Rows": 1,
                        "Plan Width": 68,
                        "Actual Startup Time": 13886.987,
                        "Actual Total Time": 51626.455,
                        "Actual Rows": 2,
                        "Actual Loops": 1,
                        "Inner Unique": false,
                        "Plans": [
                          {
                            "Node Type": "Gather",
                            "Parent Relationship": "Outer",
                            "Parallel Aware": false,
                            "Async Capable": false,
                            "Startup Cost": 3432.43,
                            "Total Cost": 78865.88,
                            "Plan Rows": 1,
                            "Plan Width": 80,
                            "Actual Startup Time": 165.7,
                            "Actual Total Time": 37792.222,
                            "Actual Rows": 1917,
                            "Actual Loops": 1,
                            "Workers Planned": 2,
                            "Workers Launched": 2,
                            "Single Copy": false,
                            "Plans": [
                              {
                                "Node Type": "Nested Loop",
                                "Parent Relationship": "Outer",
                                "Parallel Aware": false,
                                "Async Capable": false,
                                "Join Type": "Inner",
                                "Startup Cost": 2432.43,
                                "Total Cost": 77865.78,
                                "Plan Rows": 1,
                                "Plan Width": 80,
                                "Actual Startup Time": 164.472,
                                "Actual Total Time": 21981.328,
                                "Actual Rows": 639,
                                "Actual Loops": 3,
                                "Inner Unique": true,
                                "Workers": [],
                                "Plans": [
                                  {
                                    "Node Type": "Nested Loop",
                                    "Parent Relationship": "Outer",
                                    "Parallel Aware": false,
                                    "Async Capable": false,
                                    "Join Type": "Inner",
                                    "Startup Cost": 2432.15,
                                    "Total Cost": 77833.05,
                                    "Plan Rows": 10,
                                    "Plan Width": 84,
                                    "Actual Startup Time": 133.623,
                                    "Actual Total Time": 21948.901,
                                    "Actual Rows": 10493,
                                    "Actual Loops": 3,
                                    "Inner Unique": true,
                                    "Workers": [],
                                    "Plans": [
                                      {
                                        "Node Type": "Nested Loop",
                                        "Parent Relationship": "Outer",
                                        "Parallel Aware": false,
                                        "Async Capable": false,
                                        "Join Type": "Inner",
                                        "Startup Cost": 2431.73,
                                        "Total Cost": 77793.3,
                                        "Plan Rows": 11,
                                        "Plan Width": 20,
                                        "Actual Startup Time": 133.19,
                                        "Actual Total Time": 20455.075,
                                        "Actual Rows": 10609,
                                        "Actual Loops": 3,
                                        "Inner Unique": true,
                                        "Workers": [],
                                        "Plans": [
                                          {
                                            "Node Type": "Hash Join",
                                            "Parent Relationship": "Outer",
                                            "Parallel Aware": true,
                                            "Async Capable": false,
                                            "Join Type": "Inner",
                                            "Startup Cost": 2431.29,
                                            "Total Cost": 62223.04,
                                            "Plan Rows": 3880,
                                            "Plan Width": 16,
                                            "Actual Startup Time": 132.228,
                                            "Actual Total Time": 10190.052,
                                            "Actual Rows": 74035,
                                            "Actual Loops": 3,
                                            "Inner Unique": true,
                                            "Hash Cond": "(store_returns.sr_item_sk = item.i_item_sk)",
                                            "Workers": [],
                                            "Plans": [
                                              {
                                                "Node Type": "Nested Loop",
                                                "Parent Relationship": "Outer",
                                                "Parallel Aware": false,
                                                "Async Capable": false,
                                                "Join Type": "Inner",
                                                "Startup Cost": 0.72,
                                                "Total Cost": 59754.47,
                                                "Plan Rows": 14476,
                                                "Plan Width": 12,
                                                "Actual Startup Time": 80.666,
                                                "Actual Total Time": 10016.372,
                                                "Actual Rows": 389199,
                                                "Actual Loops": 3,
                                                "Inner Unique": false,
                                                "Workers": [],
                                                "Plans": [
                                                  {
                                                    "Node Type": "Index Scan",
                                                    "Parent Relationship": "Outer",
                                                    "Parallel Aware": true,
                                                    "Async Capable": false,
                                                    "Scan Direction": "Forward",
                                                    "Index Name": "date_dim_pkey",
                                                    "Relation Name": "date_dim",
                                                    "Alias": "d1",
                                                    "Startup Cost": 0.29,
                                                    "Total Cost": 2981.0,
                                                    "Plan Rows": 152,
                                                    "Plan Width": 8,
                                                    "Actual Startup Time": 79.772,
                                                    "Actual Total Time": 80.129,
                                                    "Actual Rows": 122,
                                                    "Actual Loops": 3,
                                                    "Filter": "(d_year = 2000)",
                                                    "Rows Removed by Filter": 24228,
                                                    "Workers": []
                                                  },
                                                  {
                                                    "Node Type": "Index Only Scan",
                                                    "Parent Relationship": "Inner",
                                                    "Parallel Aware": false,
                                                    "Async Capable": false,
                                                    "Scan Direction": "Forward",
                                                    "Index Name": "_dta_index_store_returns_6_1013578649__k1_3_4_10",
                                                    "Relation Name": "store_returns",
                                                    "Alias": "store_returns",
                                                    "Startup Cost": 0.43,
                                                    "Total Cost": 342.22,
                                                    "Plan Rows": 3129,
                                                    "Plan Width": 12,
                                                    "Actual Startup Time": 0.045,
                                                    "Actual Total Time": 81.01,
                                                    "Actual Rows": 3190,
                                                    "Actual Loops": 366,
                                                    "Index Cond": "(sr_returned_date_sk = d1.d_date_sk)",
                                                    "Rows Removed by Index Recheck": 0,
                                                    "Heap Fetches": 1167596,
                                                    "Workers": []
                                                  }
                                                ]
                                              },
                                              {
                                                "Node Type": "Hash",
                                                "Parent Relationship": "Inner",
                                                "Parallel Aware": true,
                                                "Async Capable": false,
                                                "Startup Cost": 2229.57,
                                                "Total Cost": 2229.57,
                                                "Plan Rows": 16080,
                                                "Plan Width": 4,
                                                "Actual Startup Time": 51.046,
                                                "Actual Total Time": 51.046,
                                                "Actual Rows": 9203,
                                                "Actual Loops": 3,
                                                "Hash Buckets": 32768,
                                                "Original Hash Buckets": 32768,
                                                "Hash Batches": 1,
                                                "Original Hash Batches": 1,
                                                "Peak Memory Usage": 1376,
                                                "Workers": [],
                                                "Plans": [
                                                  {
                                                    "Node Type": "Index Only Scan",
                                                    "Parent Relationship": "Outer",
                                                    "Parallel Aware": true,
                                                    "Async Capable": false,
                                                    "Scan Direction": "Forward",
                                                    "Index Name": "_dta_index_item_6_853578079__k13_k11_k1",
                                                    "Relation Name": "item",
                                                    "Alias": "item",
                                                    "Startup Cost": 0.42,
                                                    "Total Cost": 2229.57,
                                                    "Plan Rows": 16080,
                                                    "Plan Width": 4,
                                                    "Actual Startup Time": 0.751,
                                                    "Actual Total Time": 50.098,
                                                    "Actual Rows": 9203,
                                                    "Actual Loops": 3,
                                                    "Index Cond": "(i_category = ANY ('{Children,Home,Women}'::bpchar[]))",
                                                    "Rows Removed by Index Recheck": 0,
                                                    "Heap Fetches": 0,
                                                    "Workers": []
                                                  }
                                                ]
                                              }
                                            ]
                                          },
                                          {
                                            "Node Type": "Index Scan",
                                            "Parent Relationship": "Inner",
                                            "Parallel Aware": false,
                                            "Async Capable": false,
                                            "Scan Direction": "Forward",
                                            "Index Name": "_dta_index_store_sales_6_1333579789__k10_k3",
                                            "Relation Name": "store_sales",
                                            "Alias": "store_sales",
                                            "Startup Cost": 0.44,
                                            "Total Cost": 4.01,
                                            "Plan Rows": 1,
                                            "Plan Width": 12,
                                            "Actual Startup Time": 0.138,
                                            "Actual Total Time": 0.138,
                                            "Actual Rows": 0,
                                            "Actual Loops": 222105,
                                            "Index Cond": "((ss_ticket_number = store_returns.sr_ticket_number) AND (ss_item_sk = store_returns.sr_item_sk))",
                                            "Rows Removed by Index Recheck": 0,
                                            "Filter": "(((ss_sales_price / ss_list_price) >= 0.76) AND ((ss_sales_price / ss_list_price) <= 0.96))",
                                            "Rows Removed by Filter": 1,
                                            "Workers": []
                                          }
                                        ]
                                      },
                                      {
                                        "Node Type": "Index Scan",
                                        "Parent Relationship": "Inner",
                                        "Parallel Aware": false,
                                        "Async Capable": false,
                                        "Scan Direction": "Forward",
                                        "Index Name": "_dta_index_customer_6_949578421__k1_k5",
                                        "Relation Name": "customer",
                                        "Alias": "customer",
                                        "Startup Cost": 0.42,
                                        "Total Cost": 3.61,
                                        "Plan Rows": 1,
                                        "Plan Width": 64,
                                        "Actual Startup Time": 0.14,
                                        "Actual Total Time": 0.14,
                                        "Actual Rows": 1,
                                        "Actual Loops": 31826,
                                        "Index Cond": "(c_customer_sk = store_sales.ss_customer_sk)",
                                        "Rows Removed by Index Recheck": 0,
                                        "Workers": []
                                      }
                                    ]
                                  },
                                  {
                                    "Node Type": "Index Scan",
                                    "Parent Relationship": "Inner",
                                    "Parallel Aware": false,
                                    "Async Capable": false,
                                    "Scan Direction": "Forward",
                                    "Index Name": "household_demographics_pkey",
                                    "Relation Name": "household_demographics",
                                    "Alias": "household_demographics",
                                    "Startup Cost": 0.28,
                                    "Total Cost": 3.27,
                                    "Plan Rows": 1,
                                    "Plan Width": 4,
                                    "Actual Startup Time": 0.002,
                                    "Actual Total Time": 0.002,
                                    "Actual Rows": 0,
                                    "Actual Loops": 31479,
                                    "Index Cond": "(hd_demo_sk = customer.c_current_hdemo_sk)",
                                    "Rows Removed by Index Recheck": 0,
                                    "Filter": "((hd_income_band_sk >= 8) AND (hd_income_band_sk <= 14) AND (hd_buy_potential = '501-1000'::bpchar))",
                                    "Rows Removed by Filter": 1,
                                    "Workers": []
                                  }
                                ]
                              }
                            ]
                          },
                          {
                            "Node Type": "Bitmap Heap Scan",
                            "Parent Relationship": "Inner",
                            "Parallel Aware": false,
                            "Async Capable": false,
                            "Relation Name": "web_sales",
                            "Alias": "web_sales",
                            "Startup Cost": 6.07,
                            "Total Cost": 489.25,
                            "Plan Rows": 1,
                            "Plan Width": 12,
                            "Actual Startup Time": 7.211,
                            "Actual Total Time": 7.214,
                            "Actual Rows": 0,
                            "Actual Loops": 1917,
                            "Recheck Cond": "(store_sales.ss_item_sk = ws_item_sk)",
                            "Rows Removed by Index Recheck": 0,
                            "Filter": "(store_sales.ss_customer_sk = ws_bill_customer_sk)",
                            "Rows Removed by Filter": 50,
                            "Exact Heap Blocks": 96181,
                            "Lossy Heap Blocks": 0,
                            "Plans": [
                              {
                                "Node Type": "Bitmap Index Scan",
                                "Parent Relationship": "Outer",
                                "Parallel Aware": false,
                                "Async Capable": false,
                                "Index Name": "web_sales_pkey",
                                "Startup Cost": 0.0,
                                "Total Cost": 6.07,
                                "Plan Rows": 304,
                                "Plan Width": 0,
                                "Actual Startup Time": 0.154,
                                "Actual Total Time": 0.154,
                                "Actual Rows": 50,
                                "Actual Loops": 1917,
                                "Index Cond": "(ws_item_sk = store_sales.ss_item_sk)"
                              }
                            ]
                          }
                        ]
                      },
                      {
                        "Node Type": "Index Scan",
                        "Parent Relationship": "Inner",
                        "Parallel Aware": false,
                        "Async Capable": false,
                        "Scan Direction": "Forward",
                        "Index Name": "_dta_index_date_dim_6_661577395__k1_k7_k9",
                        "Relation Name": "date_dim",
                        "Alias": "d2",
                        "Startup Cost": 0.29,
                        "Total Cost": 3.35,
                        "Plan Rows": 1,
                        "Plan Width": 8,
                        "Actual Startup Time": 0.195,
                        "Actual Total Time": 0.195,
                        "Actual Rows": 1,
                        "Actual Loops": 2,
                        "Index Cond": "(d_date_sk = web_sales.ws_sold_date_sk)",
                        "Rows Removed by Index Recheck": 0
                      }
                    ]
                  },
                  {
                    "Node Type": "Index Scan",
                    "Parent Relationship": "Inner",
                    "Parallel Aware": false,
                    "Async Capable": false,
                    "Scan Direction": "Forward",
                    "Index Name": "customer_address_pkey",
                    "Relation Name": "customer_address",
                    "Alias": "customer_address",
                    "Startup Cost": 0.42,
                    "Total Cost": 3.51,
                    "Plan Rows": 1,
                    "Plan Width": 4,
                    "Actual Startup Time": 0.323,
                    "Actual Total Time": 0.324,
                    "Actual Rows": 0,
                    "Actual Loops": 1,
                    "Index Cond": "(ca_address_sk = customer.c_current_addr_sk)",
                    "Rows Removed by Index Recheck": 0,
                    "Filter": "(ca_state = ANY ('{AR,GA,IN,KY,VA}'::bpchar[]))",
                    "Rows Removed by Filter": 1
                  }
                ]
              }
            ]
          }
        ]
      }
    ]
  },
  "actual_rows": 0,
  "provenance": {
    "database": "postgres://jakc9:jakc9@127.0.0.1:5434/dsb_sf10",
    "scale_factor": 10,
    "engine": "postgresql",
    "engine_version": "14.3",
    "cached_at": "2026-02-09T21:27:06.032605"
  }
}