{
  "execution_time_ms": 1890.647,
  "plan_text": "Limit  (rows=0, time=1890.297)\n  Incremental Sort  (rows=0, time=1890.295)\n    Merge Join  (rows=0, time=1890.284)\n      Aggregate  (rows=1, time=357.088)\n        Index Only Scan on date_dim (date_dim_7)  (rows=1, time=25.202)\n        Gather Merge  (rows=2, time=357.081)\n          Aggregate  (rows=20, time=325.39)\n            Sort  (rows=23, time=325.373)\n              Nested Loop  (rows=45, time=325.268)\n                Nested Loop  (rows=478, time=270.244)\n                  Nested Loop  (rows=1705, time=178.97)\n                    Hash Join  (rows=16, time=60.194)\n                      Seq Scan on date_dim  (rows=36524, time=58.289)\n                      Hash  (rows=31, time=0.149)\n                        Index Only Scan on date_dim (date_dim_1)  (rows=31, time=0.141)\n                    Index Scan on catalog_sales  (rows=110, time=7.637)\n                  Index Scan on item  (rows=0, time=0.053)\n                Index Scan on customer  (rows=0, time=0.114)\n      Materialize  (rows=0, time=1533.192)\n        Merge Join  (rows=0, time=1533.184)\n          Aggregate  (rows=192, time=774.721)\n            Index Only Scan on date_dim (date_dim_6)  (rows=1, time=0.457)\n            Gather Merge  (rows=209, time=774.646)\n              Aggregate  (rows=104, time=726.407)\n                Sort  (rows=148, time=726.362)\n                  Nested Loop  (rows=148, time=726.066)\n                    Nested Loop  (rows=1733, time=559.721)\n                      Nested Loop  (rows=6909, time=361.011)\n                        Hash Join  (rows=16, time=35.731)\n                          Seq Scan on date_dim (date_dim_2)  (rows=36524, time=33.964)\n                          Hash  (rows=31, time=0.145)\n                            Index Only Scan on date_dim (date_dim_3)  (rows=31, time=0.14)\n                        Index Only Scan on store_sales  (rows=446, time=20.897)\n                      Index Scan on item (item_1)  (rows=0, time=0.028)\n                    Index Scan on customer (customer_1)  (rows=0, time=0.095)\n          Materialize  (rows=62, time=758.444)\n            Aggregate  (rows=62, time=758.425)\n              Index Only Scan on date_dim (date_dim_8)  (rows=1, time=15.678)\n              Gather Merge  (rows=65, time=758.397)\n                Aggregate  (rows=32, time=475.202)\n                  Sort  (rows=38, time=475.18)\n                    Nested Loop  (rows=38, time=475.073)\n                      Nested Loop  (rows=390, time=428.294)\n                        Nested Loop  (rows=1590, time=373.565)\n                          Hash Join  (rows=16, time=34.912)\n                            Seq Scan on date_dim (date_dim_4)  (rows=36524, time=33.114)\n                            Hash  (rows=31, time=0.163)\n                              Index Only Scan on date_dim (date_dim_5)  (rows=31, time=0.142)\n                          Index Scan on web_sales  (rows=103, time=21.82)\n                        Index Scan on item (item_2)  (rows=0, time=0.034)\n                      Index Scan on customer (customer_2)  (rows=0, time=0.119)",
  "plan_json": {
    "Node Type": "Limit",
    "Parallel Aware": false,
    "Async Capable": false,
    "Startup Cost": 29297.1,
    "Total Cost": 29298.07,
    "Plan Rows": 2,
    "Plan Width": 245,
    "Actual Startup Time": 1886.213,
    "Actual Total Time": 1890.297,
    "Actual Rows": 0,
    "Actual Loops": 1,
    "Plans": [
      {
        "Node Type": "Incremental Sort",
        "Parent Relationship": "Outer",
        "Parallel Aware": false,
        "Async Capable": false,
        "Startup Cost": 29297.1,
        "Total Cost": 29298.07,
        "Plan Rows": 2,
        "Plan Width": 245,
        "Actual Startup Time": 1886.212,
        "Actual Total Time": 1890.295,
        "Actual Rows": 0,
        "Actual Loops": 1,
        "Sort Key": [
          "item_1.i_item_id",
          "customer_1.c_birth_year",
          "(sum(store_sales.ss_ext_sales_price))"
        ],
        "Presorted Key": [
          "item_1.i_item_id",
          "customer_1.c_birth_year"
        ],
        "Full-sort Groups": {
          "Group Count": 1,
          "Sort Methods Used": [
            "quicksort"
          ],
          "Sort Space Memory": {
            "Average Sort Space Used": 25,
            "Peak Sort Space Used": 25
          }
        },
        "Plans": [
          {
            "Node Type": "Merge Join",
            "Parent Relationship": "Outer",
            "Parallel Aware": false,
            "Async Capable": false,
            "Join Type": "Inner",
            "Startup Cost": 29296.21,
            "Total Cost": 29297.98,
            "Plan Rows": 1,
            "Plan Width": 245,
            "Actual Startup Time": 1886.2,
            "Actual Total Time": 1890.284,
            "Actual Rows": 0,
            "Actual Loops": 1,
            "Inner Unique": false,
            "Merge Cond": "((item.i_item_id = item_1.i_item_id) AND (customer.c_birth_year = customer_1.c_birth_year))",
            "Join Filter": "(((sum(store_sales.ss_ext_sales_price)) >= (0.9 * (sum(catalog_sales.cs_ext_sales_price)))) AND ((sum(store_sales.ss_ext_sales_price)) <= (1.1 * (sum(catalog_sales.cs_ext_sales_price)))) AND ((sum(catalog_sales.cs_ext_sales_price)) >= (0.9 * (sum(store_sales.ss_ext_sales_price)))) AND ((sum(catalog_sales.cs_ext_sales_price)) <= (1.1 * (sum(store_sales.ss_ext_sales_price)))) AND ((sum(catalog_sales.cs_ext_sales_price)) >= (0.9 * (sum(web_sales.ws_ext_sales_price)))) AND ((sum(catalog_sales.cs_ext_sales_price)) <= (1.1 * (sum(web_sales.ws_ext_sales_price)))) AND ((sum(web_sales.ws_ext_sales_price)) >= (0.9 * (sum(catalog_sales.cs_ext_sales_price)))) AND ((sum(web_sales.ws_ext_sales_price)) <= (1.1 * (sum(catalog_sales.cs_ext_sales_price)))))",
            "Rows Removed by Join Filter": 0,
            "Plans": [
              {
                "Node Type": "Aggregate",
                "Strategy": "Sorted",
                "Partial Mode": "Finalize",
                "Parent Relationship": "Outer",
                "Parallel Aware": false,
                "Async Capable": false,
                "Startup Cost": 7546.47,
                "Total Cost": 7546.81,
                "Plan Rows": 4,
                "Plan Width": 53,
                "Actual Startup Time": 356.978,
                "Actual Total Time": 357.088,
                "Actual Rows": 1,
                "Actual Loops": 1,
                "Group Key": [
                  "item.i_item_id",
                  "customer.c_birth_year"
                ],
                "Plans": [
                  {
                    "Node Type": "Index Only Scan",
                    "Parent Relationship": "InitPlan",
                    "Subplan Name": "InitPlan 2 (returns $1)",
                    "Parallel Aware": false,
                    "Async Capable": false,
                    "Scan Direction": "Forward",
                    "Index Name": "_dta_index_date_dim_6_661577395__k4_k3",
                    "Relation Name": "date_dim",
                    "Alias": "date_dim_7",
                    "Startup Cost": 0.29,
                    "Total Cost": 1360.17,
                    "Plan Rows": 1,
                    "Plan Width": 4,
                    "Actual Startup Time": 13.91,
                    "Actual Total Time": 25.202,
                    "Actual Rows": 1,
                    "Actual Loops": 1,
                    "Index Cond": "(d_date = '1998-05-19'::date)",
                    "Rows Removed by Index Recheck": 0,
                    "Heap Fetches": 0
                  },
                  {
                    "Node Type": "Gather Merge",
                    "Parent Relationship": "Outer",
                    "Parallel Aware": false,
                    "Async Capable": false,
                    "Startup Cost": 6186.3,
                    "Total Cost": 6186.57,
                    "Plan Rows": 2,
                    "Plan Width": 53,
                    "Actual Startup Time": 356.971,
                    "Actual Total Time": 357.081,
                    "Actual Rows": 2,
                    "Actual Loops": 1,
                    "Workers Planned": 1,
                    "Params Evaluated": [
                      "$1"
                    ],
                    "Workers Launched": 1,
                    "Plans": [
                      {
                        "Node Type": "Aggregate",
                        "Strategy": "Sorted",
                        "Partial Mode": "Partial",
                        "Parent Relationship": "Outer",
                        "Parallel Aware": false,
                        "Async Capable": false,
                        "Startup Cost": 5186.29,
                        "Total Cost": 5186.33,
                        "Plan Rows": 2,
                        "Plan Width": 53,
                        "Actual Startup Time": 325.379,
                        "Actual Total Time": 325.39,
                        "Actual Rows": 20,
                        "Actual Loops": 2,
                        "Group Key": [
                          "item.i_item_id",
                          "customer.c_birth_year"
                        ],
                        "Workers": [],
                        "Plans": [
                          {
                            "Node Type": "Sort",
                            "Parent Relationship": "Outer",
                            "Parallel Aware": false,
                            "Async Capable": false,
                            "Startup Cost": 5186.29,
                            "Total Cost": 5186.29,
                            "Plan Rows": 2,
                            "Plan Width": 27,
                            "Actual Startup Time": 325.369,
                            "Actual Total Time": 325.373,
                            "Actual Rows": 23,
                            "Actual Loops": 2,
                            "Sort Key": [
                              "item.i_item_id",
                              "customer.c_birth_year"
                            ],
                            "Sort Method": "quicksort",
                            "Sort Space Used": 27,
                            "Sort Space Type": "Memory",
                            "Workers": [
                              {
                                "Worker Number": 0,
                                "Sort Method": "quicksort",
                                "Sort Space Used": 27,
                                "Sort Space Type": "Memory"
                              }
                            ],
                            "Plans": [
                              {
                                "Node Type": "Nested Loop",
                                "Parent Relationship": "Outer",
                                "Parallel Aware": false,
                                "Async Capable": false,
                                "Join Type": "Inner",
                                "Startup Cost": 10.34,
                                "Total Cost": 5186.28,
                                "Plan Rows": 2,
                                "Plan Width": 27,
                                "Actual Startup Time": 38.763,
                                "Actual Total Time": 325.268,
                                "Actual Rows": 45,
                                "Actual Loops": 2,
                                "Inner Unique": true,
                                "Workers": [],
                                "Plans": [
                                  {
                                    "Node Type": "Nested Loop",
                                    "Parent Relationship": "Outer",
                                    "Parallel Aware": false,
                                    "Async Capable": false,
                                    "Join Type": "Inner",
                                    "Startup Cost": 9.92,
                                    "Total Cost": 5169.92,
                                    "Plan Rows": 27,
                                    "Plan Width": 27,
                                    "Actual Startup Time": 32.107,
                                    "Actual Total Time": 270.244,
                                    "Actual Rows": 478,
                                    "Actual Loops": 2,
                                    "Inner Unique": true,
                                    "Workers": [],
                                    "Plans": [
                                      {
                                        "Node Type": "Nested Loop",
                                        "Parent Relationship": "Outer",
                                        "Parallel Aware": false,
                                        "Async Capable": false,
                                        "Join Type": "Inner",
                                        "Startup Cost": 9.63,
                                        "Total Cost": 5134.23,
                                        "Plan Rows": 91,
                                        "Plan Width": 14,
                                        "Actual Startup Time": 28.465,
                                        "Actual Total Time": 178.97,
                                        "Actual Rows": 1705,
                                        "Actual Loops": 2,
                                        "Inner Unique": false,
                                        "Workers": [],
                                        "Plans": [
                                          {
                                            "Node Type": "Hash Join",
                                            "Parent Relationship": "Outer",
                                            "Parallel Aware": false,
                                            "Async Capable": false,
                                            "Join Type": "Semi",
                                            "Startup Cost": 9.19,
                                            "Total Cost": 1975.89,
                                            "Plan Rows": 18,
                                            "Plan Width": 4,
                                            "Actual Startup Time": 27.195,
                                            "Actual Total Time": 60.194,
                                            "Actual Rows": 16,
                                            "Actual Loops": 2,
                                            "Inner Unique": false,
                                            "Hash Cond": "(date_dim.d_date = date_dim_1.d_date)",
                                            "Workers": [],
                                            "Plans": [
                                              {
                                                "Node Type": "Seq Scan",
                                                "Parent Relationship": "Outer",
                                                "Parallel Aware": true,
                                                "Async Capable": false,
                                                "Relation Name": "date_dim",
                                                "Alias": "date_dim",
                                                "Startup Cost": 0.0,
                                                "Total Cost": 1853.7,
                                                "Plan Rows": 42970,
                                                "Plan Width": 8,
                                                "Actual Startup Time": 0.41,
                                                "Actual Total Time": 58.289,
                                                "Actual Rows": 36524,
                                                "Actual Loops": 2,
                                                "Workers": []
                                              },
                                              {
                                                "Node Type": "Hash",
                                                "Parent Relationship": "Inner",
                                                "Parallel Aware": false,
                                                "Async Capable": false,
                                                "Startup Cost": 8.82,
                                                "Total Cost": 8.82,
                                                "Plan Rows": 30,
                                                "Plan Width": 4,
                                                "Actual Startup Time": 0.148,
                                                "Actual Total Time": 0.149,
                                                "Actual Rows": 31,
                                                "Actual Loops": 2,
                                                "Hash Buckets": 1024,
                                                "Original Hash Buckets": 1024,
                                                "Hash Batches": 1,
                                                "Original Hash Batches": 1,
                                                "Peak Memory Usage": 10,
                                                "Workers": [],
                                                "Plans": [
                                                  {
                                                    "Node Type": "Index Only Scan",
                                                    "Parent Relationship": "Outer",
                                                    "Parallel Aware": false,
                                                    "Async Capable": false,
                                                    "Scan Direction": "Forward",
                                                    "Index Name": "_dta_index_date_dim_6_661577395__k4_k3",
                                                    "Relation Name": "date_dim",
                                                    "Alias": "date_dim_1",
                                                    "Startup Cost": 0.29,
                                                    "Total Cost": 8.82,
                                                    "Plan Rows": 30,
                                                    "Plan Width": 4,
                                                    "Actual Startup Time": 0.139,
                                                    "Actual Total Time": 0.141,
                                                    "Actual Rows": 31,
                                                    "Actual Loops": 2,
                                                    "Index Cond": "(d_month_seq = $1)",
                                                    "Rows Removed by Index Recheck": 0,
                                                    "Heap Fetches": 0,
                                                    "Workers": []
                                                  }
                                                ]
                                              }
                                            ]
                                          },
                                          {
                                            "Node Type": "Index Scan",
                                            "Parent Relationship": "Inner",
                                            "Parallel Aware": false,
                                            "Async Capable": false,
                                            "Scan Direction": "Forward",
                                            "Index Name": "_dta_index_catalog_sales_6_1301579675__k1_k4",
                                            "Relation Name": "catalog_sales",
                                            "Alias": "catalog_sales",
                                            "Startup Cost": 0.43,
                                            "Total Cost": 173.68,
                                            "Plan Rows": 178,
                                            "Plan Width": 18,
                                            "Actual Startup Time": 0.355,
                                            "Actual Total Time": 7.637,
                                            "Actual Rows": 110,
                                            "Actual Loops": 31,
                                            "Index Cond": "(cs_sold_date_sk = date_dim.d_date_sk)",
                                            "Rows Removed by Index Recheck": 0,
                                            "Filter": "((cs_list_price >= '242'::numeric) AND (cs_list_price <= '271'::numeric))",
                                            "Rows Removed by Filter": 4391,
                                            "Workers": []
                                          }
                                        ]
                                      },
                                      {
                                        "Node Type": "Index Scan",
                                        "Parent Relationship": "Inner",
                                        "Parallel Aware": false,
                                        "Async Capable": false,
                                        "Scan Direction": "Forward",
                                        "Index Name": "item_pkey",
                                        "Relation Name": "item",
                                        "Alias": "item",
                                        "Startup Cost": 0.29,
                                        "Total Cost": 0.39,
                                        "Plan Rows": 1,
                                        "Plan Width": 21,
                                        "Actual Startup Time": 0.053,
                                        "Actual Total Time": 0.053,
                                        "Actual Rows": 0,
                                        "Actual Loops": 3410,
                                        "Index Cond": "(i_item_sk = catalog_sales.cs_item_sk)",
                                        "Rows Removed by Index Recheck": 0,
                                        "Filter": "((i_manager_id >= 71) AND (i_manager_id <= 100))",
                                        "Rows Removed by Filter": 1,
                                        "Workers": []
                                      }
                                    ]
                                  },
                                  {
                                    "Node Type": "Index Scan",
                                    "Parent Relationship": "Inner",
                                    "Parallel Aware": false,
                                    "Async Capable": false,
                                    "Scan Direction": "Forward",
                                    "Index Name": "_dta_index_customer_6_949578421__k1_k5",
                                    "Relation Name": "customer",
                                    "Alias": "customer",
                                    "Startup Cost": 0.42,
                                    "Total Cost": 0.61,
                                    "Plan Rows": 1,
                                    "Plan Width": 8,
                                    "Actual Startup Time": 0.114,
                                    "Actual Total Time": 0.114,
                                    "Actual Rows": 0,
                                    "Actual Loops": 957,
                                    "Index Cond": "(c_customer_sk = catalog_sales.cs_bill_customer_sk)",
                                    "Rows Removed by Index Recheck": 0,
                                    "Filter": "((c_birth_year >= 1945) AND (c_birth_year <= 1951))",
                                    "Rows Removed by Filter": 1,
                                    "Workers": []
                                  }
                                ]
                              }
                            ]
                          }
                        ]
                      }
                    ]
                  }
                ]
              },
              {
                "Node Type": "Materialize",
                "Parent Relationship": "Inner",
                "Parallel Aware": false,
                "Async Capable": false,
                "Startup Cost": 21749.74,
                "Total Cost": 21751.02,
                "Plan Rows": 1,
                "Plan Width": 106,
                "Actual Startup Time": 1529.22,
                "Actual Total Time": 1533.192,
                "Actual Rows": 0,
                "Actual Loops": 1,
                "Plans": [
                  {
                    "Node Type": "Merge Join",
                    "Parent Relationship": "Outer",
                    "Parallel Aware": false,
                    "Async Capable": false,
                    "Join Type": "Inner",
                    "Startup Cost": 21749.74,
                    "Total Cost": 21751.02,
                    "Plan Rows": 1,
                    "Plan Width": 106,
                    "Actual Startup Time": 1529.214,
                    "Actual Total Time": 1533.184,
                    "Actual Rows": 0,
                    "Actual Loops": 1,
                    "Inner Unique": true,
                    "Merge Cond": "((item_1.i_item_id = item_2.i_item_id) AND (customer_1.c_birth_year = customer_2.c_birth_year))",
                    "Join Filter": "(((sum(store_sales.ss_ext_sales_price)) >= (0.9 * (sum(web_sales.ws_ext_sales_price)))) AND ((sum(store_sales.ss_ext_sales_price)) <= (1.1 * (sum(web_sales.ws_ext_sales_price)))) AND ((sum(web_sales.ws_ext_sales_price)) >= (0.9 * (sum(store_sales.ss_ext_sales_price)))) AND ((sum(web_sales.ws_ext_sales_price)) <= (1.1 * (sum(store_sales.ss_ext_sales_price)))))",
                    "Rows Removed by Join Filter": 0,
                    "Plans": [
                      {
                        "Node Type": "Aggregate",
                        "Strategy": "Sorted",
                        "Partial Mode": "Finalize",
                        "Parent Relationship": "Outer",
                        "Parallel Aware": false,
                        "Async Capable": false,
                        "Startup Cost": 15787.04,
                        "Total Cost": 15787.86,
                        "Plan Rows": 8,
                        "Plan Width": 53,
                        "Actual Startup Time": 774.49,
                        "Actual Total Time": 774.721,
                        "Actual Rows": 192,
                        "Actual Loops": 1,
                        "Group Key": [
                          "item_1.i_item_id",
                          "customer_1.c_birth_year"
                        ],
                        "Plans": [
                          {
                            "Node Type": "Index Only Scan",
                            "Parent Relationship": "InitPlan",
                            "Subplan Name": "InitPlan 1 (returns $0)",
                            "Parallel Aware": false,
                            "Async Capable": false,
                            "Scan Direction": "Forward",
                            "Index Name": "_dta_index_date_dim_6_661577395__k4_k3",
                            "Relation Name": "date_dim",
                            "Alias": "date_dim_6",
                            "Startup Cost": 0.29,
                            "Total Cost": 1360.17,
                            "Plan Rows": 1,
                            "Plan Width": 4,
                            "Actual Startup Time": 0.231,
                            "Actual Total Time": 0.457,
                            "Actual Rows": 1,
                            "Actual Loops": 1,
                            "Index Cond": "(d_date = '1998-05-19'::date)",
                            "Rows Removed by Index Recheck": 0,
                            "Heap Fetches": 0
                          },
                          {
                            "Node Type": "Gather Merge",
                            "Parent Relationship": "Outer",
                            "Parallel Aware": false,
                            "Async Capable": false,
                            "Startup Cost": 14426.87,
                            "Total Cost": 14427.54,
                            "Plan Rows": 5,
                            "Plan Width": 53,
                            "Actual Startup Time": 774.481,
                            "Actual Total Time": 774.646,
                            "Actual Rows": 209,
                            "Actual Loops": 1,
                            "Workers Planned": 1,
                            "Params Evaluated": [
                              "$0"
                            ],
                            "Workers Launched": 1,
                            "Plans": [
                              {
                                "Node Type": "Aggregate",
                                "Strategy": "Sorted",
                                "Partial Mode": "Partial",
                                "Parent Relationship": "Outer",
                                "Parallel Aware": false,
                                "Async Capable": false,
                                "Startup Cost": 13426.86,
                                "Total Cost": 13426.97,
                                "Plan Rows": 5,
                                "Plan Width": 53,
                                "Actual Startup Time": 726.365,
                                "Actual Total Time": 726.407,
                                "Actual Rows": 104,
                                "Actual Loops": 2,
                                "Group Key": [
                                  "item_1.i_item_id",
                                  "customer_1.c_birth_year"
                                ],
                                "Workers": [],
                                "Plans": [
                                  {
                                    "Node Type": "Sort",
                                    "Parent Relationship": "Outer",
                                    "Parallel Aware": false,
                                    "Async Capable": false,
                                    "Startup Cost": 13426.86,
                                    "Total Cost": 13426.87,
                                    "Plan Rows": 5,
                                    "Plan Width": 27,
                                    "Actual Startup Time": 726.355,
                                    "Actual Total Time": 726.362,
                                    "Actual Rows": 148,
                                    "Actual Loops": 2,
                                    "Sort Key": [
                                      "item_1.i_item_id",
                                      "customer_1.c_birth_year"
                                    ],
                                    "Sort Method": "quicksort",
                                    "Sort Space Used": 32,
                                    "Sort Space Type": "Memory",
                                    "Workers": [
                                      {
                                        "Worker Number": 0,
                                        "Sort Method": "quicksort",
                                        "Sort Space Used": 34,
                                        "Sort Space Type": "Memory"
                                      }
                                    ],
                                    "Plans": [
                                      {
                                        "Node Type": "Nested Loop",
                                        "Parent Relationship": "Outer",
                                        "Parallel Aware": false,
                                        "Async Capable": false,
                                        "Join Type": "Inner",
                                        "Startup Cost": 10.47,
                                        "Total Cost": 13426.8,
                                        "Plan Rows": 5,
                                        "Plan Width": 27,
                                        "Actual Startup Time": 4.052,
                                        "Actual Total Time": 726.066,
                                        "Actual Rows": 148,
                                        "Actual Loops": 2,
                                        "Inner Unique": true,
                                        "Workers": [],
                                        "Plans": [
                                          {
                                            "Node Type": "Nested Loop",
                                            "Parent Relationship": "Outer",
                                            "Parallel Aware": false,
                                            "Async Capable": false,
                                            "Join Type": "Inner",
                                            "Startup Cost": 10.05,
                                            "Total Cost": 13385.17,
                                            "Plan Rows": 58,
                                            "Plan Width": 27,
                                            "Actual Startup Time": 2.742,
                                            "Actual Total Time": 559.721,
                                            "Actual Rows": 1733,
                                            "Actual Loops": 2,
                                            "Inner Unique": true,
                                            "Workers": [],
                                            "Plans": [
                                              {
                                                "Node Type": "Nested Loop",
                                                "Parent Relationship": "Outer",
                                                "Parallel Aware": false,
                                                "Async Capable": false,
                                                "Join Type": "Inner",
                                                "Startup Cost": 9.76,
                                                "Total Cost": 13282.68,
                                                "Plan Rows": 194,
                                                "Plan Width": 14,
                                                "Actual Startup Time": 2.468,
                                                "Actual Total Time": 361.011,
                                                "Actual Rows": 6909,
                                                "Actual Loops": 2,
                                                "Inner Unique": false,
                                                "Workers": [],
                                                "Plans": [
                                                  {
                                                    "Node Type": "Hash Join",
                                                    "Parent Relationship": "Outer",
                                                    "Parallel Aware": false,
                                                    "Async Capable": false,
                                                    "Join Type": "Semi",
                                                    "Startup Cost": 9.19,
                                                    "Total Cost": 1975.89,
                                                    "Plan Rows": 18,
                                                    "Plan Width": 4,
                                                    "Actual Startup Time": 1.523,
                                                    "Actual Total Time": 35.731,
                                                    "Actual Rows": 16,
                                                    "Actual Loops": 2,
                                                    "Inner Unique": false,
                                                    "Hash Cond": "(date_dim_2.d_date = date_dim_3.d_date)",
                                                    "Workers": [],
                                                    "Plans": [
                                                      {
                                                        "Node Type": "Seq Scan",
                                                        "Parent Relationship": "Outer",
                                                        "Parallel Aware": true,
                                                        "Async Capable": false,
                                                        "Relation Name": "date_dim",
                                                        "Alias": "date_dim_2",
                                                        "Startup Cost": 0.0,
                                                        "Total Cost": 1853.7,
                                                        "Plan Rows": 42970,
                                                        "Plan Width": 8,
                                                        "Actual Startup Time": 0.003,
                                                        "Actual Total Time": 33.964,
                                                        "Actual Rows": 36524,
                                                        "Actual Loops": 2,
                                                        "Workers": []
                                                      },
                                                      {
                                                        "Node Type": "Hash",
                                                        "Parent Relationship": "Inner",
                                                        "Parallel Aware": false,
                                                        "Async Capable": false,
                                                        "Startup Cost": 8.82,
                                                        "Total Cost": 8.82,
                                                        "Plan Rows": 30,
                                                        "Plan Width": 4,
                                                        "Actual Startup Time": 0.145,
                                                        "Actual Total Time": 0.145,
                                                        "Actual Rows": 31,
                                                        "Actual Loops": 2,
                                                        "Hash Buckets": 1024,
                                                        "Original Hash Buckets": 1024,
                                                        "Hash Batches": 1,
                                                        "Original Hash Batches": 1,
                                                        "Peak Memory Usage": 10,
                                                        "Workers": [],
                                                        "Plans": [
                                                          {
                                                            "Node Type": "Index Only Scan",
                                                            "Parent Relationship": "Outer",
                                                            "Parallel Aware": false,
                                                            "Async Capable": false,
                                                            "Scan Direction": "Forward",
                                                            "Index Name": "_dta_index_date_dim_6_661577395__k4_k3",
                                                            "Relation Name": "date_dim",
                                                            "Alias": "date_dim_3",
                                                            "Startup Cost": 0.29,
                                                            "Total Cost": 8.82,
                                                            "Plan Rows": 30,
                                                            "Plan Width": 4,
                                                            "Actual Startup Time": 0.138,
                                                            "Actual Total Time": 0.14,
                                                            "Actual Rows": 31,
                                                            "Actual Loops": 2,
                                                            "Index Cond": "(d_month_seq = $0)",
                                                            "Rows Removed by Index Recheck": 0,
                                                            "Heap Fetches": 0,
                                                            "Workers": []
                                                          }
                                                        ]
                                                      }
                                                    ]
                                                  },
                                                  {
                                                    "Node Type": "Index Only Scan",
                                                    "Parent Relationship": "Inner",
                                                    "Parallel Aware": false,
                                                    "Async Capable": false,
                                                    "Scan Direction": "Forward",
                                                    "Index Name": "_dta_index_store_sales_6_1333579789__k1_k23_k14_k6_k8_k5_k7_3_4",
                                                    "Relation Name": "store_sales",
                                                    "Alias": "store_sales",
                                                    "Startup Cost": 0.56,
                                                    "Total Cost": 624.23,
                                                    "Plan Rows": 392,
                                                    "Plan Width": 18,
                                                    "Actual Startup Time": 0.155,
                                                    "Actual Total Time": 20.897,
                                                    "Actual Rows": 446,
                                                    "Actual Loops": 31,
                                                    "Index Cond": "(ss_sold_date_sk = date_dim_2.d_date_sk)",
                                                    "Rows Removed by Index Recheck": 0,
                                                    "Filter": "((ss_list_price >= '242'::numeric) AND (ss_list_price <= '271'::numeric))",
                                                    "Rows Removed by Filter": 14543,
                                                    "Heap Fetches": 0,
                                                    "Workers": []
                                                  }
                                                ]
                                              },
                                              {
                                                "Node Type": "Index Scan",
                                                "Parent Relationship": "Inner",
                                                "Parallel Aware": false,
                                                "Async Capable": false,
                                                "Scan Direction": "Forward",
                                                "Index Name": "item_pkey",
                                                "Relation Name": "item",
                                                "Alias": "item_1",
                                                "Startup Cost": 0.29,
                                                "Total Cost": 0.53,
                                                "Plan Rows": 1,
                                                "Plan Width": 21,
                                                "Actual Startup Time": 0.028,
                                                "Actual Total Time": 0.028,
                                                "Actual Rows": 0,
                                                "Actual Loops": 13818,
                                                "Index Cond": "(i_item_sk = store_sales.ss_item_sk)",
                                                "Rows Removed by Index Recheck": 0,
                                                "Filter": "((i_manager_id >= 71) AND (i_manager_id <= 100))",
                                                "Rows Removed by Filter": 1,
                                                "Workers": []
                                              }
                                            ]
                                          },
                                          {
                                            "Node Type": "Index Scan",
                                            "Parent Relationship": "Inner",
                                            "Parallel Aware": false,
                                            "Async Capable": false,
                                            "Scan Direction": "Forward",
                                            "Index Name": "_dta_index_customer_6_949578421__k1_k5",
                                            "Relation Name": "customer",
                                            "Alias": "customer_1",
                                            "Startup Cost": 0.42,
                                            "Total Cost": 0.72,
                                            "Plan Rows": 1,
                                            "Plan Width": 8,
                                            "Actual Startup Time": 0.095,
                                            "Actual Total Time": 0.095,
                                            "Actual Rows": 0,
                                            "Actual Loops": 3466,
                                            "Index Cond": "(c_customer_sk = store_sales.ss_customer_sk)",
                                            "Rows Removed by Index Recheck": 0,
                                            "Filter": "((c_birth_year >= 1945) AND (c_birth_year <= 1951))",
                                            "Rows Removed by Filter": 1,
                                            "Workers": []
                                          }
                                        ]
                                      }
                                    ]
                                  }
                                ]
                              }
                            ]
                          }
                        ]
                      },
                      {
                        "Node Type": "Materialize",
                        "Parent Relationship": "Inner",
                        "Parallel Aware": false,
                        "Async Capable": false,
                        "Startup Cost": 5962.7,
                        "Total Cost": 5963.07,
                        "Plan Rows": 3,
                        "Plan Width": 53,
                        "Actual Startup Time": 754.527,
                        "Actual Total Time": 758.444,
                        "Actual Rows": 62,
                        "Actual Loops": 1,
                        "Plans": [
                          {
                            "Node Type": "Aggregate",
                            "Strategy": "Sorted",
                            "Partial Mode": "Finalize",
                            "Parent Relationship": "Outer",
                            "Parallel Aware": false,
                            "Async Capable": false,
                            "Startup Cost": 5962.7,
                            "Total Cost": 5963.03,
                            "Plan Rows": 3,
                            "Plan Width": 53,
                            "Actual Startup Time": 754.515,
                            "Actual Total Time": 758.425,
                            "Actual Rows": 62,
                            "Actual Loops": 1,
                            "Group Key": [
                              "item_2.i_item_id",
                              "customer_2.c_birth_year"
                            ],
                            "Plans": [
                              {
                                "Node Type": "Index Only Scan",
                                "Parent Relationship": "InitPlan",
                                "Subplan Name": "InitPlan 3 (returns $2)",
                                "Parallel Aware": false,
                                "Async Capable": false,
                                "Scan Direction": "Forward",
                                "Index Name": "_dta_index_date_dim_6_661577395__k4_k3",
                                "Relation Name": "date_dim",
                                "Alias": "date_dim_8",
                                "Startup Cost": 0.29,
                                "Total Cost": 1360.17,
                                "Plan Rows": 1,
                                "Plan Width": 4,
                                "Actual Startup Time": 7.83,
                                "Actual Total Time": 15.678,
                                "Actual Rows": 1,
                                "Actual Loops": 1,
                                "Index Cond": "(d_date = '1998-05-19'::date)",
                                "Rows Removed by Index Recheck": 0,
                                "Heap Fetches": 0
                              },
                              {
                                "Node Type": "Gather Merge",
                                "Parent Relationship": "Outer",
                                "Parallel Aware": false,
                                "Async Capable": false,
                                "Startup Cost": 4602.53,
                                "Total Cost": 4602.8,
                                "Plan Rows": 2,
                                "Plan Width": 53,
                                "Actual Startup Time": 754.503,
                                "Actual Total Time": 758.397,
                                "Actual Rows": 65,
                                "Actual Loops": 1,
                                "Workers Planned": 1,
                                "Params Evaluated": [
                                  "$2"
                                ],
                                "Workers Launched": 1,
                                "Plans": [
                                  {
                                    "Node Type": "Aggregate",
                                    "Strategy": "Sorted",
                                    "Partial Mode": "Partial",
                                    "Parent Relationship": "Outer",
                                    "Parallel Aware": false,
                                    "Async Capable": false,
                                    "Startup Cost": 3602.52,
                                    "Total Cost": 3602.57,
                                    "Plan Rows": 2,
                                    "Plan Width": 53,
                                    "Actual Startup Time": 475.185,
                                    "Actual Total Time": 475.202,
                                    "Actual Rows": 32,
                                    "Actual Loops": 2,
                                    "Group Key": [
                                      "item_2.i_item_id",
                                      "customer_2.c_birth_year"
                                    ],
                                    "Workers": [],
                                    "Plans": [
                                      {
                                        "Node Type": "Sort",
                                        "Parent Relationship": "Outer",
                                        "Parallel Aware": false,
                                        "Async Capable": false,
                                        "Startup Cost": 3602.52,
                                        "Total Cost": 3602.53,
                                        "Plan Rows": 2,
                                        "Plan Width": 27,
                                        "Actual Startup Time": 475.175,
                                        "Actual Total Time": 475.18,
                                        "Actual Rows": 38,
                                        "Actual Loops": 2,
                                        "Sort Key": [
                                          "item_2.i_item_id",
                                          "customer_2.c_birth_year"
                                        ],
                                        "Sort Method": "quicksort",
                                        "Sort Space Used": 26,
                                        "Sort Space Type": "Memory",
                                        "Workers": [
                                          {
                                            "Worker Number": 0,
                                            "Sort Method": "quicksort",
                                            "Sort Space Used": 28,
                                            "Sort Space Type": "Memory"
                                          }
                                        ],
                                        "Plans": [
                                          {
                                            "Node Type": "Nested Loop",
                                            "Parent Relationship": "Outer",
                                            "Parallel Aware": false,
                                            "Async Capable": false,
                                            "Join Type": "Inner",
                                            "Startup Cost": 10.34,
                                            "Total Cost": 3602.51,
                                            "Plan Rows": 2,
                                            "Plan Width": 27,
                                            "Actual Startup Time": 55.315,
                                            "Actual Total Time": 475.073,
                                            "Actual Rows": 38,
                                            "Actual Loops": 2,
                                            "Inner Unique": true,
                                            "Workers": [],
                                            "Plans": [
                                              {
                                                "Node Type": "Nested Loop",
                                                "Parent Relationship": "Outer",
                                                "Parallel Aware": false,
                                                "Async Capable": false,
                                                "Join Type": "Inner",
                                                "Startup Cost": 9.92,
                                                "Total Cost": 3591.2,
                                                "Plan Rows": 16,
                                                "Plan Width": 27,
                                                "Actual Startup Time": 44.297,
                                                "Actual Total Time": 428.294,
                                                "Actual Rows": 390,
                                                "Actual Loops": 2,
                                                "Inner Unique": true,
                                                "Workers": [],
                                                "Plans": [
                                                  {
                                                    "Node Type": "Nested Loop",
                                                    "Parent Relationship": "Outer",
                                                    "Parallel Aware": false,
                                                    "Async Capable": false,
                                                    "Join Type": "Inner",
                                                    "Startup Cost": 9.62,
                                                    "Total Cost": 3566.51,
                                                    "Plan Rows": 56,
                                                    "Plan Width": 14,
                                                    "Actual Startup Time": 35.218,
                                                    "Actual Total Time": 373.565,
                                                    "Actual Rows": 1590,
                                                    "Actual Loops": 2,
                                                    "Inner Unique": false,
                                                    "Workers": [],
                                                    "Plans": [
                                                      {
                                                        "Node Type": "Hash Join",
                                                        "Parent Relationship": "Outer",
                                                        "Parallel Aware": false,
                                                        "Async Capable": false,
                                                        "Join Type": "Semi",
                                                        "Startup Cost": 9.19,
                                                        "Total Cost": 1975.89,
                                                        "Plan Rows": 18,
                                                        "Plan Width": 4,
                                                        "Actual Startup Time": 33.494,
                                                        "Actual Total Time": 34.912,
                                                        "Actual Rows": 16,
                                                        "Actual Loops": 2,
                                                        "Inner Unique": false,
                                                        "Hash Cond": "(date_dim_4.d_date = date_dim_5.d_date)",
                                                        "Workers": [],
                                                        "Plans": [
                                                          {
                                                            "Node Type": "Seq Scan",
                                                            "Parent Relationship": "Outer",
                                                            "Parallel Aware": true,
                                                            "Async Capable": false,
                                                            "Relation Name": "date_dim",
                                                            "Alias": "date_dim_4",
                                                            "Startup Cost": 0.0,
                                                            "Total Cost": 1853.7,
                                                            "Plan Rows": 42970,
                                                            "Plan Width": 8,
                                                            "Actual Startup Time": 0.223,
                                                            "Actual Total Time": 33.114,
                                                            "Actual Rows": 36524,
                                                            "Actual Loops": 2,
                                                            "Workers": []
                                                          },
                                                          {
                                                            "Node Type": "Hash",
                                                            "Parent Relationship": "Inner",
                                                            "Parallel Aware": false,
                                                            "Async Capable": false,
                                                            "Startup Cost": 8.82,
                                                            "Total Cost": 8.82,
                                                            "Plan Rows": 30,
                                                            "Plan Width": 4,
                                                            "Actual Startup Time": 0.163,
                                                            "Actual Total Time": 0.163,
                                                            "Actual Rows": 31,
                                                            "Actual Loops": 2,
                                                            "Hash Buckets": 1024,
                                                            "Original Hash Buckets": 1024,
                                                            "Hash Batches": 1,
                                                            "Original Hash Batches": 1,
                                                            "Peak Memory Usage": 10,
                                                            "Workers": [],
                                                            "Plans": [
                                                              {
                                                                "Node Type": "Index Only Scan",
                                                                "Parent Relationship": "Outer",
                                                                "Parallel Aware": false,
                                                                "Async Capable": false,
                                                                "Scan Direction": "Forward",
                                                                "Index Name": "_dta_index_date_dim_6_661577395__k4_k3",
                                                                "Relation Name": "date_dim",
                                                                "Alias": "date_dim_5",
                                                                "Startup Cost": 0.29,
                                                                "Total Cost": 8.82,
                                                                "Plan Rows": 30,
                                                                "Plan Width": 4,
                                                                "Actual Startup Time": 0.139,
                                                                "Actual Total Time": 0.142,
                                                                "Actual Rows": 31,
                                                                "Actual Loops": 2,
                                                                "Index Cond": "(d_month_seq = $2)",
                                                                "Rows Removed by Index Recheck": 0,
                                                                "Heap Fetches": 0,
                                                                "Workers": []
                                                              }
                                                            ]
                                                          }
                                                        ]
                                                      },
                                                      {
                                                        "Node Type": "Index Scan",
                                                        "Parent Relationship": "Inner",
                                                        "Parallel Aware": false,
                                                        "Async Capable": false,
                                                        "Scan Direction": "Forward",
                                                        "Index Name": "_dta_index_web_sales_6_1269579561__k1_k5",
                                                        "Relation Name": "web_sales",
                                                        "Alias": "web_sales",
                                                        "Startup Cost": 0.43,
                                                        "Total Cost": 87.27,
                                                        "Plan Rows": 110,
                                                        "Plan Width": 18,
                                                        "Actual Startup Time": 0.958,
                                                        "Actual Total Time": 21.82,
                                                        "Actual Rows": 103,
                                                        "Actual Loops": 31,
                                                        "Index Cond": "(ws_sold_date_sk = date_dim_4.d_date_sk)",
                                                        "Rows Removed by Index Recheck": 0,
                                                        "Filter": "((ws_list_price >= '242'::numeric) AND (ws_list_price <= '271'::numeric))",
                                                        "Rows Removed by Filter": 2746,
                                                        "Workers": []
                                                      }
                                                    ]
                                                  },
                                                  {
                                                    "Node Type": "Index Scan",
                                                    "Parent Relationship": "Inner",
                                                    "Parallel Aware": false,
                                                    "Async Capable": false,
                                                    "Scan Direction": "Forward",
                                                    "Index Name": "item_pkey",
                                                    "Relation Name": "item",
                                                    "Alias": "item_2",
                                                    "Startup Cost": 0.29,
                                                    "Total Cost": 0.44,
                                                    "Plan Rows": 1,
                                                    "Plan Width": 21,
                                                    "Actual Startup Time": 0.034,
                                                    "Actual Total Time": 0.034,
                                                    "Actual Rows": 0,
                                                    "Actual Loops": 3181,
                                                    "Index Cond": "(i_item_sk = web_sales.ws_item_sk)",
                                                    "Rows Removed by Index Recheck": 0,
                                                    "Filter": "((i_manager_id >= 71) AND (i_manager_id <= 100))",
                                                    "Rows Removed by Filter": 1,
                                                    "Workers": []
                                                  }
                                                ]
                                              },
                                              {
                                                "Node Type": "Index Scan",
                                                "Parent Relationship": "Inner",
                                                "Parallel Aware": false,
                                                "Async Capable": false,
                                                "Scan Direction": "Forward",
                                                "Index Name": "_dta_index_customer_6_949578421__k1_k5",
                                                "Relation Name": "customer",
                                                "Alias": "customer_2",
                                                "Startup Cost": 0.42,
                                                "Total Cost": 0.71,
                                                "Plan Rows": 1,
                                                "Plan Width": 8,
                                                "Actual Startup Time": 0.119,
                                                "Actual Total Time": 0.119,
                                                "Actual Rows": 0,
                                                "Actual Loops": 781,
                                                "Index Cond": "(c_customer_sk = web_sales.ws_bill_customer_sk)",
                                                "Rows Removed by Index Recheck": 0,
                                                "Filter": "((c_birth_year >= 1945) AND (c_birth_year <= 1951))",
                                                "Rows Removed by Filter": 1,
                                                "Workers": []
                                              }
                                            ]
                                          }
                                        ]
                                      }
                                    ]
                                  }
                                ]
                              }
                            ]
                          }
                        ]
                      }
                    ]
                  }
                ]
              }
            ]
          }
        ]
      }
    ]
  },
  "actual_rows": 0,
  "provenance": {
    "database": "postgres://jakc9:jakc9@127.0.0.1:5434/dsb_sf10",
    "scale_factor": 10,
    "engine": "postgresql",
    "engine_version": "14.3",
    "cached_at": "2026-02-09T21:05:23.380616"
  }
}