{
  "execution_time_ms": 717.525,
  "plan_text": "Limit  (rows=0, time=717.369)\n  Incremental Sort  (rows=0, time=717.368)\n    Aggregate  (rows=0, time=717.353)\n      Sort  (rows=0, time=717.352)\n        Subquery Scan (my_revenue)  (rows=0, time=717.348)\n          Aggregate  (rows=0, time=717.347)\n            Aggregate  (rows=0, time=0.0)\n              Index Only Scan on date_dim (date_dim_2)  (rows=0, time=0.0)\n            Aggregate  (rows=0, time=0.0)\n              Index Only Scan on date_dim (date_dim_3)  (rows=0, time=0.0)\n            Nested Loop  (rows=0, time=717.344)\n              Nested Loop  (rows=0, time=717.344)\n                Nested Loop  (rows=0, time=717.342)\n                  Nested Loop  (rows=131, time=716.908)\n                    Unique  (rows=131, time=697.414)\n                      Sort  (rows=132, time=697.375)\n                        Gather  (rows=132, time=697.161)\n                          Nested Loop  (rows=44, time=232.885)\n                            Nested Loop  (rows=236, time=200.954)\n                              Index Only Scan on date_dim (date_dim_1)  (rows=10, time=0.946)\n                              Nested Loop  (rows=23, time=19.347)\n                                Index Only Scan on item  (rows=833, time=0.313)\n                                Append  (rows=0, time=0.023)\n                                  Index Scan on catalog_sales  (rows=0, time=0.014)\n                                  Index Scan on web_sales  (rows=0, time=0.008)\n                            Index Scan on customer  (rows=0, time=0.135)\n                    Index Scan on customer_address  (rows=1, time=0.148)\n                  Index Scan on store  (rows=0, time=0.001)\n                Bitmap Heap Scan on store_sales  (rows=0, time=0.0)\n                  Bitmap Index Scan  (rows=0, time=0.0)\n              Index Scan on date_dim  (rows=0, time=0.0)",
  "plan_json": {
    "Node Type": "Limit",
    "Parallel Aware": false,
    "Async Capable": false,
    "Startup Cost": 21441.69,
    "Total Cost": 21441.73,
    "Plan Rows": 2,
    "Plan Width": 16,
    "Actual Startup Time": 717.299,
    "Actual Total Time": 717.369,
    "Actual Rows": 0,
    "Actual Loops": 1,
    "Plans": [
      {
        "Node Type": "Incremental Sort",
        "Parent Relationship": "Outer",
        "Parallel Aware": false,
        "Async Capable": false,
        "Startup Cost": 21441.69,
        "Total Cost": 21441.73,
        "Plan Rows": 2,
        "Plan Width": 16,
        "Actual Startup Time": 717.298,
        "Actual Total Time": 717.368,
        "Actual Rows": 0,
        "Actual Loops": 1,
        "Sort Key": [
          "(((my_revenue.revenue / '50'::numeric))::integer)",
          "(count(*))"
        ],
        "Presorted Key": [
          "(((my_revenue.revenue / '50'::numeric))::integer)"
        ],
        "Full-sort Groups": {
          "Group Count": 1,
          "Sort Methods Used": [
            "quicksort"
          ],
          "Sort Space Memory": {
            "Average Sort Space Used": 25,
            "Peak Sort Space Used": 25
          }
        },
        "Plans": [
          {
            "Node Type": "Aggregate",
            "Strategy": "Sorted",
            "Partial Mode": "Simple",
            "Parent Relationship": "Outer",
            "Parallel Aware": false,
            "Async Capable": false,
            "Startup Cost": 21441.65,
            "Total Cost": 21441.68,
            "Plan Rows": 1,
            "Plan Width": 16,
            "Actual Startup Time": 717.283,
            "Actual Total Time": 717.353,
            "Actual Rows": 0,
            "Actual Loops": 1,
            "Group Key": [
              "(((my_revenue.revenue / '50'::numeric))::integer)"
            ],
            "Plans": [
              {
                "Node Type": "Sort",
                "Parent Relationship": "Outer",
                "Parallel Aware": false,
                "Async Capable": false,
                "Startup Cost": 21441.65,
                "Total Cost": 21441.65,
                "Plan Rows": 1,
                "Plan Width": 36,
                "Actual Startup Time": 717.282,
                "Actual Total Time": 717.352,
                "Actual Rows": 0,
                "Actual Loops": 1,
                "Sort Key": [
                  "(((my_revenue.revenue / '50'::numeric))::integer)"
                ],
                "Sort Method": "quicksort",
                "Sort Space Used": 25,
                "Sort Space Type": "Memory",
                "Plans": [
                  {
                    "Node Type": "Subquery Scan",
                    "Parent Relationship": "Outer",
                    "Parallel Aware": false,
                    "Async Capable": false,
                    "Alias": "my_revenue",
                    "Startup Cost": 20200.89,
                    "Total Cost": 21441.64,
                    "Plan Rows": 1,
                    "Plan Width": 36,
                    "Actual Startup Time": 717.278,
                    "Actual Total Time": 717.348,
                    "Actual Rows": 0,
                    "Actual Loops": 1,
                    "Plans": [
                      {
                        "Node Type": "Aggregate",
                        "Strategy": "Sorted",
                        "Partial Mode": "Simple",
                        "Parent Relationship": "Subquery",
                        "Parallel Aware": false,
                        "Async Capable": false,
                        "Startup Cost": 20200.89,
                        "Total Cost": 21441.62,
                        "Plan Rows": 1,
                        "Plan Width": 36,
                        "Actual Startup Time": 717.277,
                        "Actual Total Time": 717.347,
                        "Actual Rows": 0,
                        "Actual Loops": 1,
                        "Group Key": [
                          "customer.c_customer_sk"
                        ],
                        "Plans": [
                          {
                            "Node Type": "Aggregate",
                            "Strategy": "Hashed",
                            "Partial Mode": "Simple",
                            "Parent Relationship": "InitPlan",
                            "Subplan Name": "InitPlan 1 (returns $0)",
                            "Parallel Aware": false,
                            "Async Capable": false,
                            "Startup Cost": 16.53,
                            "Total Cost": 16.92,
                            "Plan Rows": 31,
                            "Plan Width": 4,
                            "Actual Startup Time": 0.0,
                            "Actual Total Time": 0.0,
                            "Actual Rows": 0,
                            "Actual Loops": 0,
                            "Group Key": [
                              "(date_dim_2.d_month_seq + 1)"
                            ],
                            "Planned Partitions": 0,
                            "Plans": [
                              {
                                "Node Type": "Index Only Scan",
                                "Parent Relationship": "Outer",
                                "Parallel Aware": false,
                                "Async Capable": false,
                                "Scan Direction": "Forward",
                                "Index Name": "_dta_index_date_dim_6_661577395__k7_k4_k9_k1",
                                "Relation Name": "date_dim",
                                "Alias": "date_dim_2",
                                "Startup Cost": 0.42,
                                "Total Cost": 16.46,
                                "Plan Rows": 31,
                                "Plan Width": 4,
                                "Actual Startup Time": 0.0,
                                "Actual Total Time": 0.0,
                                "Actual Rows": 0,
                                "Actual Loops": 0,
                                "Index Cond": "((d_year = 1998) AND (d_moy = 5))",
                                "Rows Removed by Index Recheck": 0,
                                "Heap Fetches": 0
                              }
                            ]
                          },
                          {
                            "Node Type": "Aggregate",
                            "Strategy": "Hashed",
                            "Partial Mode": "Simple",
                            "Parent Relationship": "InitPlan",
                            "Subplan Name": "InitPlan 2 (returns $1)",
                            "Parallel Aware": false,
                            "Async Capable": false,
                            "Startup Cost": 16.53,
                            "Total Cost": 16.92,
                            "Plan Rows": 31,
                            "Plan Width": 4,
                            "Actual Startup Time": 0.0,
                            "Actual Total Time": 0.0,
                            "Actual Rows": 0,
                            "Actual Loops": 0,
                            "Group Key": [
                              "(date_dim_3.d_month_seq + 3)"
                            ],
                            "Planned Partitions": 0,
                            "Plans": [
                              {
                                "Node Type": "Index Only Scan",
                                "Parent Relationship": "Outer",
                                "Parallel Aware": false,
                                "Async Capable": false,
                                "Scan Direction": "Forward",
                                "Index Name": "_dta_index_date_dim_6_661577395__k7_k4_k9_k1",
                                "Relation Name": "date_dim",
                                "Alias": "date_dim_3",
                                "Startup Cost": 0.42,
                                "Total Cost": 16.46,
                                "Plan Rows": 31,
                                "Plan Width": 4,
                                "Actual Startup Time": 0.0,
                                "Actual Total Time": 0.0,
                                "Actual Rows": 0,
                                "Actual Loops": 0,
                                "Index Cond": "((d_year = 1998) AND (d_moy = 5))",
                                "Rows Removed by Index Recheck": 0,
                                "Heap Fetches": 0
                              }
                            ]
                          },
                          {
                            "Node Type": "Nested Loop",
                            "Parent Relationship": "Outer",
                            "Parallel Aware": false,
                            "Async Capable": false,
                            "Join Type": "Inner",
                            "Startup Cost": 20167.05,
                            "Total Cost": 21407.76,
                            "Plan Rows": 1,
                            "Plan Width": 10,
                            "Actual Startup Time": 717.276,
                            "Actual Total Time": 717.344,
                            "Actual Rows": 0,
                            "Actual Loops": 1,
                            "Inner Unique": true,
                            "Plans": [
                              {
                                "Node Type": "Nested Loop",
                                "Parent Relationship": "Outer",
                                "Parallel Aware": false,
                                "Async Capable": false,
                                "Join Type": "Inner",
                                "Startup Cost": 20166.76,
                                "Total Cost": 21407.45,
                                "Plan Rows": 1,
                                "Plan Width": 14,
                                "Actual Startup Time": 717.276,
                                "Actual Total Time": 717.344,
                                "Actual Rows": 0,
                                "Actual Loops": 1,
                                "Inner Unique": false,
                                "Plans": [
                                  {
                                    "Node Type": "Nested Loop",
                                    "Parent Relationship": "Outer",
                                    "Parallel Aware": false,
                                    "Async Capable": false,
                                    "Join Type": "Inner",
                                    "Startup Cost": 20155.83,
                                    "Total Cost": 20165.26,
                                    "Plan Rows": 1,
                                    "Plan Width": 4,
                                    "Actual Startup Time": 717.276,
                                    "Actual Total Time": 717.342,
                                    "Actual Rows": 0,
                                    "Actual Loops": 1,
                                    "Inner Unique": false,
                                    "Plans": [
                                      {
                                        "Node Type": "Nested Loop",
                                        "Parent Relationship": "Outer",
                                        "Parallel Aware": false,
                                        "Async Capable": false,
                                        "Join Type": "Inner",
                                        "Startup Cost": 20155.69,
                                        "Total Cost": 20163.72,
                                        "Plan Rows": 1,
                                        "Plan Width": 21,
                                        "Actual Startup Time": 697.53,
                                        "Actual Total Time": 716.908,
                                        "Actual Rows": 131,
                                        "Actual Loops": 1,
                                        "Inner Unique": true,
                                        "Plans": [
                                          {
                                            "Node Type": "Unique",
                                            "Parent Relationship": "Outer",
                                            "Parallel Aware": false,
                                            "Async Capable": false,
                                            "Startup Cost": 20155.27,
                                            "Total Cost": 20155.28,
                                            "Plan Rows": 1,
                                            "Plan Width": 8,
                                            "Actual Startup Time": 697.289,
                                            "Actual Total Time": 697.414,
                                            "Actual Rows": 131,
                                            "Actual Loops": 1,
                                            "Plans": [
                                              {
                                                "Node Type": "Sort",
                                                "Parent Relationship": "Outer",
                                                "Parallel Aware": false,
                                                "Async Capable": false,
                                                "Startup Cost": 20155.27,
                                                "Total Cost": 20155.27,
                                                "Plan Rows": 1,
                                                "Plan Width": 8,
                                                "Actual Startup Time": 697.288,
                                                "Actual Total Time": 697.375,
                                                "Actual Rows": 132,
                                                "Actual Loops": 1,
                                                "Sort Key": [
                                                  "customer.c_customer_sk",
                                                  "customer.c_current_addr_sk"
                                                ],
                                                "Sort Method": "quicksort",
                                                "Sort Space Used": 29,
                                                "Sort Space Type": "Memory",
                                                "Plans": [
                                                  {
                                                    "Node Type": "Gather",
                                                    "Parent Relationship": "Outer",
                                                    "Parallel Aware": false,
                                                    "Async Capable": false,
                                                    "Startup Cost": 1001.69,
                                                    "Total Cost": 20155.26,
                                                    "Plan Rows": 1,
                                                    "Plan Width": 8,
                                                    "Actual Startup Time": 14.269,
                                                    "Actual Total Time": 697.161,
                                                    "Actual Rows": 132,
                                                    "Actual Loops": 1,
                                                    "Workers Planned": 2,
                                                    "Workers Launched": 2,
                                                    "Single Copy": false,
                                                    "Plans": [
                                                      {
                                                        "Node Type": "Nested Loop",
                                                        "Parent Relationship": "Outer",
                                                        "Parallel Aware": false,
                                                        "Async Capable": false,
                                                        "Join Type": "Inner",
                                                        "Startup Cost": 1.69,
                                                        "Total Cost": 19155.16,
                                                        "Plan Rows": 1,
                                                        "Plan Width": 8,
                                                        "Actual Startup Time": 5.296,
                                                        "Actual Total Time": 232.885,
                                                        "Actual Rows": 44,
                                                        "Actual Loops": 3,
                                                        "Inner Unique": true,
                                                        "Workers": [],
                                                        "Plans": [
                                                          {
                                                            "Node Type": "Nested Loop",
                                                            "Parent Relationship": "Outer",
                                                            "Parallel Aware": false,
                                                            "Async Capable": false,
                                                            "Join Type": "Inner",
                                                            "Startup Cost": 1.27,
                                                            "Total Cost": 19153.95,
                                                            "Plan Rows": 1,
                                                            "Plan Width": 4,
                                                            "Actual Startup Time": 2.779,
                                                            "Actual Total Time": 200.954,
                                                            "Actual Rows": 236,
                                                            "Actual Loops": 3,
                                                            "Inner Unique": false,
                                                            "Workers": [],
                                                            "Plans": [
                                                              {
                                                                "Node Type": "Index Only Scan",
                                                                "Parent Relationship": "Outer",
                                                                "Parallel Aware": true,
                                                                "Async Capable": false,
                                                                "Scan Direction": "Forward",
                                                                "Index Name": "_dta_index_date_dim_6_661577395__k1_k7_k9",
                                                                "Relation Name": "date_dim",
                                                                "Alias": "date_dim_1",
                                                                "Startup Cost": 0.29,
                                                                "Total Cost": 1862.91,
                                                                "Plan Rows": 13,
                                                                "Plan Width": 4,
                                                                "Actual Startup Time": 0.938,
                                                                "Actual Total Time": 0.946,
                                                                "Actual Rows": 10,
                                                                "Actual Loops": 3,
                                                                "Index Cond": "((d_year = 1998) AND (d_moy = 5))",
                                                                "Rows Removed by Index Recheck": 0,
                                                                "Heap Fetches": 0,
                                                                "Workers": []
                                                              },
                                                              {
                                                                "Node Type": "Nested Loop",
                                                                "Parent Relationship": "Inner",
                                                                "Parallel Aware": false,
                                                                "Async Capable": false,
                                                                "Join Type": "Inner",
                                                                "Startup Cost": 0.98,
                                                                "Total Cost": 1328.54,
                                                                "Plan Rows": 154,
                                                                "Plan Width": 8,
                                                                "Actual Startup Time": 1.649,
                                                                "Actual Total Time": 19.347,
                                                                "Actual Rows": 23,
                                                                "Actual Loops": 31,
                                                                "Inner Unique": false,
                                                                "Workers": [],
                                                                "Plans": [
                                                                  {
                                                                    "Node Type": "Index Only Scan",
                                                                    "Parent Relationship": "Outer",
                                                                    "Parallel Aware": false,
                                                                    "Async Capable": false,
                                                                    "Scan Direction": "Forward",
                                                                    "Index Name": "_dta_index_item_6_853578079__k13_k11_k1",
                                                                    "Relation Name": "item",
                                                                    "Alias": "item",
                                                                    "Startup Cost": 0.42,
                                                                    "Total Cost": 13.96,
                                                                    "Plan Rows": 77,
                                                                    "Plan Width": 4,
                                                                    "Actual Startup Time": 0.044,
                                                                    "Actual Total Time": 0.313,
                                                                    "Actual Rows": 833,
                                                                    "Actual Loops": 31,
                                                                    "Index Cond": "((i_category = 'Home'::bpchar) AND (i_class = 'curtains/drapes'::bpchar))",
                                                                    "Rows Removed by Index Recheck": 0,
                                                                    "Heap Fetches": 0,
                                                                    "Workers": []
                                                                  },
                                                                  {
                                                                    "Node Type": "Append",
                                                                    "Parent Relationship": "Inner",
                                                                    "Parallel Aware": false,
                                                                    "Async Capable": false,
                                                                    "Startup Cost": 0.56,
                                                                    "Total Cost": 17.05,
                                                                    "Plan Rows": 2,
                                                                    "Plan Width": 12,
                                                                    "Actual Startup Time": 0.018,
                                                                    "Actual Total Time": 0.023,
                                                                    "Actual Rows": 0,
                                                                    "Actual Loops": 25823,
                                                                    "Workers": [],
                                                                    "Subplans Removed": 0,
                                                                    "Plans": [
                                                                      {
                                                                        "Node Type": "Index Scan",
                                                                        "Parent Relationship": "Member",
                                                                        "Parallel Aware": false,
                                                                        "Async Capable": false,
                                                                        "Scan Direction": "Forward",
                                                                        "Index Name": "_dta_index_catalog_sales_6_1301579675__k1_k16_k4_18_34",
                                                                        "Relation Name": "catalog_sales",
                                                                        "Alias": "catalog_sales",
                                                                        "Startup Cost": 0.56,
                                                                        "Total Cost": 8.59,
                                                                        "Plan Rows": 1,
                                                                        "Plan Width": 12,
                                                                        "Actual Startup Time": 0.01,
                                                                        "Actual Total Time": 0.014,
                                                                        "Actual Rows": 0,
                                                                        "Actual Loops": 25823,
                                                                        "Index Cond": "((cs_sold_date_sk = date_dim_1.d_date_sk) AND (cs_item_sk = item.i_item_sk))",
                                                                        "Rows Removed by Index Recheck": 0,
                                                                        "Filter": "((cs_wholesale_cost >= '70'::numeric) AND (cs_wholesale_cost <= '100'::numeric))",
                                                                        "Rows Removed by Filter": 0,
                                                                        "Workers": []
                                                                      },
                                                                      {
                                                                        "Node Type": "Index Scan",
                                                                        "Parent Relationship": "Member",
                                                                        "Parallel Aware": false,
                                                                        "Async Capable": false,
                                                                        "Scan Direction": "Forward",
                                                                        "Index Name": "_dta_index_web_sales_6_1269579561__k1_k4_k5_18",
                                                                        "Relation Name": "web_sales",
                                                                        "Alias": "web_sales",
                                                                        "Startup Cost": 0.43,
                                                                        "Total Cost": 8.46,
                                                                        "Plan Rows": 1,
                                                                        "Plan Width": 12,
                                                                        "Actual Startup Time": 0.008,
                                                                        "Actual Total Time": 0.008,
                                                                        "Actual Rows": 0,
                                                                        "Actual Loops": 25823,
                                                                        "Index Cond": "((ws_sold_date_sk = date_dim_1.d_date_sk) AND (ws_item_sk = item.i_item_sk))",
                                                                        "Rows Removed by Index Recheck": 0,
                                                                        "Filter": "((ws_wholesale_cost >= '70'::numeric) AND (ws_wholesale_cost <= '100'::numeric))",
                                                                        "Rows Removed by Filter": 0,
                                                                        "Workers": []
                                                                      }
                                                                    ]
                                                                  }
                                                                ]
                                                              }
                                                            ]
                                                          },
                                                          {
                                                            "Node Type": "Index Scan",
                                                            "Parent Relationship": "Inner",
                                                            "Parallel Aware": false,
                                                            "Async Capable": false,
                                                            "Scan Direction": "Forward",
                                                            "Index Name": "_dta_index_customer_6_949578421__k1_k5",
                                                            "Relation Name": "customer",
                                                            "Alias": "customer",
                                                            "Startup Cost": 0.42,
                                                            "Total Cost": 1.21,
                                                            "Plan Rows": 1,
                                                            "Plan Width": 8,
                                                            "Actual Startup Time": 0.135,
                                                            "Actual Total Time": 0.135,
                                                            "Actual Rows": 0,
                                                            "Actual Loops": 707,
                                                            "Index Cond": "(c_customer_sk = catalog_sales.cs_bill_customer_sk)",
                                                            "Rows Removed by Index Recheck": 0,
                                                            "Filter": "((c_birth_year >= 1942) AND (c_birth_year <= 1955))",
                                                            "Rows Removed by Filter": 1,
                                                            "Workers": []
                                                          }
                                                        ]
                                                      }
                                                    ]
                                                  }
                                                ]
                                              }
                                            ]
                                          },
                                          {
                                            "Node Type": "Index Scan",
                                            "Parent Relationship": "Inner",
                                            "Parallel Aware": false,
                                            "Async Capable": false,
                                            "Scan Direction": "Forward",
                                            "Index Name": "customer_address_pkey",
                                            "Relation Name": "customer_address",
                                            "Alias": "customer_address",
                                            "Startup Cost": 0.42,
                                            "Total Cost": 8.44,
                                            "Plan Rows": 1,
                                            "Plan Width": 21,
                                            "Actual Startup Time": 0.148,
                                            "Actual Total Time": 0.148,
                                            "Actual Rows": 1,
                                            "Actual Loops": 131,
                                            "Index Cond": "(ca_address_sk = customer.c_current_addr_sk)",
                                            "Rows Removed by Index Recheck": 0
                                          }
                                        ]
                                      },
                                      {
                                        "Node Type": "Index Scan",
                                        "Parent Relationship": "Inner",
                                        "Parallel Aware": false,
                                        "Async Capable": false,
                                        "Scan Direction": "Forward",
                                        "Index Name": "_dta_index_store_6_885578193__k25_k1",
                                        "Relation Name": "store",
                                        "Alias": "store",
                                        "Startup Cost": 0.14,
                                        "Total Cost": 1.54,
                                        "Plan Rows": 1,
                                        "Plan Width": 17,
                                        "Actual Startup Time": 0.001,
                                        "Actual Total Time": 0.001,
                                        "Actual Rows": 0,
                                        "Actual Loops": 131,
                                        "Index Cond": "((s_state = customer_address.ca_state) AND (s_state = ANY ('{AR,GA,IN,KS,KY,NC,OH,PA,SD,VA}'::bpchar[])))",
                                        "Rows Removed by Index Recheck": 0,
                                        "Filter": "((customer_address.ca_county)::text = (s_county)::text)",
                                        "Rows Removed by Filter": 0
                                      }
                                    ]
                                  },
                                  {
                                    "Node Type": "Bitmap Heap Scan",
                                    "Parent Relationship": "Inner",
                                    "Parallel Aware": false,
                                    "Async Capable": false,
                                    "Relation Name": "store_sales",
                                    "Alias": "store_sales",
                                    "Startup Cost": 10.92,
                                    "Total Cost": 1241.3,
                                    "Plan Rows": 88,
                                    "Plan Width": 14,
                                    "Actual Startup Time": 0.0,
                                    "Actual Total Time": 0.0,
                                    "Actual Rows": 0,
                                    "Actual Loops": 0,
                                    "Recheck Cond": "(ss_customer_sk = customer.c_customer_sk)",
                                    "Rows Removed by Index Recheck": 0,
                                    "Filter": "((ss_wholesale_cost >= '70'::numeric) AND (ss_wholesale_cost <= '100'::numeric))",
                                    "Rows Removed by Filter": 0,
                                    "Exact Heap Blocks": 0,
                                    "Lossy Heap Blocks": 0,
                                    "Plans": [
                                      {
                                        "Node Type": "Bitmap Index Scan",
                                        "Parent Relationship": "Outer",
                                        "Parallel Aware": false,
                                        "Async Capable": false,
                                        "Index Name": "_dta_index_store_sales_5_1333579789__k4_k8_k3_k1_16",
                                        "Startup Cost": 0.0,
                                        "Total Cost": 10.9,
                                        "Plan Rows": 312,
                                        "Plan Width": 0,
                                        "Actual Startup Time": 0.0,
                                        "Actual Total Time": 0.0,
                                        "Actual Rows": 0,
                                        "Actual Loops": 0,
                                        "Index Cond": "(ss_customer_sk = customer.c_customer_sk)"
                                      }
                                    ]
                                  }
                                ]
                              },
                              {
                                "Node Type": "Index Scan",
                                "Parent Relationship": "Inner",
                                "Parallel Aware": false,
                                "Async Capable": false,
                                "Scan Direction": "Forward",
                                "Index Name": "date_dim_pkey",
                                "Relation Name": "date_dim",
                                "Alias": "date_dim",
                                "Startup Cost": 0.29,
                                "Total Cost": 0.32,
                                "Plan Rows": 1,
                                "Plan Width": 4,
                                "Actual Startup Time": 0.0,
                                "Actual Total Time": 0.0,
                                "Actual Rows": 0,
                                "Actual Loops": 0,
                                "Index Cond": "(d_date_sk = store_sales.ss_sold_date_sk)",
                                "Rows Removed by Index Recheck": 0,
                                "Filter": "((d_month_seq >= $0) AND (d_month_seq <= $1))",
                                "Rows Removed by Filter": 0
                              }
                            ]
                          }
                        ]
                      }
                    ]
                  }
                ]
              }
            ]
          }
        ]
      }
    ]
  },
  "actual_rows": 0,
  "provenance": {
    "database": "postgres://jakc9:jakc9@127.0.0.1:5434/dsb_sf10",
    "scale_factor": 10,
    "engine": "postgresql",
    "engine_version": "14.3",
    "cached_at": "2026-02-09T21:05:23.145067"
  }
}