{
  "execution_time_ms": 3351.664,
  "plan_text": "Limit  (rows=31, time=3351.547)\n  Sort  (rows=31, time=3351.545)\n    Aggregate  (rows=31, time=3351.521)\n      Gather Merge  (rows=31, time=3351.503)\n        Aggregate  (rows=10, time=1117.571)\n          Sort  (rows=12, time=1117.562)\n            Nested Loop  (rows=12, time=1117.519)\n              Nested Loop  (rows=433, time=1055.58)\n                Nested Loop  (rows=4389, time=528.41)\n                  Hash Join  (rows=41155, time=443.291)\n                    Nested Loop  (rows=41672, time=435.128)\n                      Index Only Scan on date_dim  (rows=9, time=0.76)\n                      Index Only Scan on store_sales  (rows=4465, time=46.164)\n                    Hash  (rows=102, time=0.035)\n                      Seq Scan on store  (rows=102, time=0.022)\n                  Index Scan on item  (rows=0, time=0.002)\n                Index Scan on customer  (rows=0, time=0.12)\n              Index Scan on customer_address  (rows=0, time=0.142)",
  "plan_json": {
    "Node Type": "Limit",
    "Parallel Aware": false,
    "Async Capable": false,
    "Startup Cost": 15877.77,
    "Total Cost": 15877.77,
    "Plan Rows": 1,
    "Plan Width": 142,
    "Actual Startup Time": 3351.486,
    "Actual Total Time": 3351.547,
    "Actual Rows": 31,
    "Actual Loops": 1,
    "Plans": [
      {
        "Node Type": "Sort",
        "Parent Relationship": "Outer",
        "Parallel Aware": false,
        "Async Capable": false,
        "Startup Cost": 15877.77,
        "Total Cost": 15877.77,
        "Plan Rows": 1,
        "Plan Width": 142,
        "Actual Startup Time": 3351.485,
        "Actual Total Time": 3351.545,
        "Actual Rows": 31,
        "Actual Loops": 1,
        "Sort Key": [
          "(sum(store_sales.ss_ext_sales_price)) DESC",
          "item.i_brand",
          "item.i_brand_id",
          "item.i_manufact_id",
          "item.i_manufact"
        ],
        "Sort Method": "quicksort",
        "Sort Space Used": 32,
        "Sort Space Type": "Memory",
        "Plans": [
          {
            "Node Type": "Aggregate",
            "Strategy": "Sorted",
            "Partial Mode": "Finalize",
            "Parent Relationship": "Outer",
            "Parallel Aware": false,
            "Async Capable": false,
            "Startup Cost": 15877.45,
            "Total Cost": 15877.76,
            "Plan Rows": 1,
            "Plan Width": 142,
            "Actual Startup Time": 3351.435,
            "Actual Total Time": 3351.521,
            "Actual Rows": 31,
            "Actual Loops": 1,
            "Group Key": [
              "item.i_brand",
              "item.i_brand_id",
              "item.i_manufact_id",
              "item.i_manufact"
            ],
            "Plans": [
              {
                "Node Type": "Gather Merge",
                "Parent Relationship": "Outer",
                "Parallel Aware": false,
                "Async Capable": false,
                "Startup Cost": 15877.45,
                "Total Cost": 15877.71,
                "Plan Rows": 2,
                "Plan Width": 142,
                "Actual Startup Time": 3351.428,
                "Actual Total Time": 3351.503,
                "Actual Rows": 31,
                "Actual Loops": 1,
                "Workers Planned": 2,
                "Workers Launched": 2,
                "Plans": [
                  {
                    "Node Type": "Aggregate",
                    "Strategy": "Sorted",
                    "Partial Mode": "Partial",
                    "Parent Relationship": "Outer",
                    "Parallel Aware": false,
                    "Async Capable": false,
                    "Startup Cost": 14877.43,
                    "Total Cost": 14877.46,
                    "Plan Rows": 1,
                    "Plan Width": 142,
                    "Actual Startup Time": 1117.565,
                    "Actual Total Time": 1117.571,
                    "Actual Rows": 10,
                    "Actual Loops": 3,
                    "Group Key": [
                      "item.i_brand",
                      "item.i_brand_id",
                      "item.i_manufact_id",
                      "item.i_manufact"
                    ],
                    "Workers": [],
                    "Plans": [
                      {
                        "Node Type": "Sort",
                        "Parent Relationship": "Outer",
                        "Parallel Aware": false,
                        "Async Capable": false,
                        "Startup Cost": 14877.43,
                        "Total Cost": 14877.43,
                        "Plan Rows": 1,
                        "Plan Width": 116,
                        "Actual Startup Time": 1117.559,
                        "Actual Total Time": 1117.562,
                        "Actual Rows": 12,
                        "Actual Loops": 3,
                        "Sort Key": [
                          "item.i_brand",
                          "item.i_brand_id",
                          "item.i_manufact_id",
                          "item.i_manufact"
                        ],
                        "Sort Method": "quicksort",
                        "Sort Space Used": 30,
                        "Sort Space Type": "Memory",
                        "Workers": [
                          {
                            "Worker Number": 0,
                            "Sort Method": "quicksort",
                            "Sort Space Used": 25,
                            "Sort Space Type": "Memory"
                          },
                          {
                            "Worker Number": 1,
                            "Sort Method": "quicksort",
                            "Sort Space Used": 25,
                            "Sort Space Type": "Memory"
                          }
                        ],
                        "Plans": [
                          {
                            "Node Type": "Nested Loop",
                            "Parent Relationship": "Outer",
                            "Parallel Aware": false,
                            "Async Capable": false,
                            "Join Type": "Inner",
                            "Startup Cost": 9.29,
                            "Total Cost": 14877.42,
                            "Plan Rows": 1,
                            "Plan Width": 116,
                            "Actual Startup Time": 9.28,
                            "Actual Total Time": 1117.519,
                            "Actual Rows": 12,
                            "Actual Loops": 3,
                            "Inner Unique": true,
                            "Join Filter": "(\"substring\"((customer_address.ca_zip)::text, 1, 5) <> \"substring\"((store.s_zip)::text, 1, 5))",
                            "Rows Removed by Join Filter": 0,
                            "Workers": [],
                            "Plans": [
                              {
                                "Node Type": "Nested Loop",
                                "Parent Relationship": "Outer",
                                "Parallel Aware": false,
                                "Async Capable": false,
                                "Join Type": "Inner",
                                "Startup Cost": 8.87,
                                "Total Cost": 14865.74,
                                "Plan Rows": 10,
                                "Plan Width": 131,
                                "Actual Startup Time": 2.127,
                                "Actual Total Time": 1055.58,
                                "Actual Rows": 433,
                                "Actual Loops": 3,
                                "Inner Unique": true,
                                "Workers": [],
                                "Plans": [
                                  {
                                    "Node Type": "Nested Loop",
                                    "Parent Relationship": "Outer",
                                    "Parallel Aware": false,
                                    "Async Capable": false,
                                    "Join Type": "Inner",
                                    "Startup Cost": 8.44,
                                    "Total Cost": 14792.43,
                                    "Plan Rows": 102,
                                    "Plan Width": 131,
                                    "Actual Startup Time": 0.958,
                                    "Actual Total Time": 528.41,
                                    "Actual Rows": 4389,
                                    "Actual Loops": 3,
                                    "Inner Unique": true,
                                    "Workers": [],
                                    "Plans": [
                                      {
                                        "Node Type": "Hash Join",
                                        "Parent Relationship": "Outer",
                                        "Parallel Aware": false,
                                        "Async Capable": false,
                                        "Join Type": "Inner",
                                        "Startup Cost": 8.15,
                                        "Total Cost": 14444.33,
                                        "Plan Rows": 625,
                                        "Plan Width": 25,
                                        "Actual Startup Time": 0.945,
                                        "Actual Total Time": 443.291,
                                        "Actual Rows": 41155,
                                        "Actual Loops": 3,
                                        "Inner Unique": true,
                                        "Hash Cond": "(store_sales.ss_store_sk = store.s_store_sk)",
                                        "Workers": [],
                                        "Plans": [
                                          {
                                            "Node Type": "Nested Loop",
                                            "Parent Relationship": "Outer",
                                            "Parallel Aware": false,
                                            "Async Capable": false,
                                            "Join Type": "Inner",
                                            "Startup Cost": 0.85,
                                            "Total Cost": 14435.25,
                                            "Plan Rows": 655,
                                            "Plan Width": 18,
                                            "Actual Startup Time": 0.929,
                                            "Actual Total Time": 435.128,
                                            "Actual Rows": 41672,
                                            "Actual Loops": 3,
                                            "Inner Unique": false,
                                            "Workers": [],
                                            "Plans": [
                                              {
                                                "Node Type": "Index Only Scan",
                                                "Parent Relationship": "Outer",
                                                "Parallel Aware": true,
                                                "Async Capable": false,
                                                "Scan Direction": "Forward",
                                                "Index Name": "_dta_index_date_dim_6_661577395__k1_k7_k9",
                                                "Relation Name": "date_dim",
                                                "Alias": "date_dim",
                                                "Startup Cost": 0.29,
                                                "Total Cost": 1862.9,
                                                "Plan Rows": 12,
                                                "Plan Width": 4,
                                                "Actual Startup Time": 0.753,
                                                "Actual Total Time": 0.76,
                                                "Actual Rows": 9,
                                                "Actual Loops": 3,
                                                "Index Cond": "((d_year = 1999) AND (d_moy = 2))",
                                                "Rows Removed by Index Recheck": 0,
                                                "Heap Fetches": 0,
                                                "Workers": []
                                              },
                                              {
                                                "Node Type": "Index Only Scan",
                                                "Parent Relationship": "Inner",
                                                "Parallel Aware": false,
                                                "Async Capable": false,
                                                "Scan Direction": "Forward",
                                                "Index Name": "_dta_index_store_sales_6_1333579789__k1_k23_k14_k6_k8_k5_k7_3_4",
                                                "Relation Name": "store_sales",
                                                "Alias": "store_sales",
                                                "Startup Cost": 0.56,
                                                "Total Cost": 1027.63,
                                                "Plan Rows": 2007,
                                                "Plan Width": 22,
                                                "Actual Startup Time": 0.119,
                                                "Actual Total Time": 46.164,
                                                "Actual Rows": 4465,
                                                "Actual Loops": 28,
                                                "Index Cond": "(ss_sold_date_sk = date_dim.d_date_sk)",
                                                "Rows Removed by Index Recheck": 0,
                                                "Filter": "((ss_wholesale_cost >= '76'::numeric) AND (ss_wholesale_cost <= '96'::numeric))",
                                                "Rows Removed by Filter": 24723,
                                                "Heap Fetches": 0,
                                                "Workers": []
                                              }
                                            ]
                                          },
                                          {
                                            "Node Type": "Hash",
                                            "Parent Relationship": "Inner",
                                            "Parallel Aware": false,
                                            "Async Capable": false,
                                            "Startup Cost": 6.02,
                                            "Total Cost": 6.02,
                                            "Plan Rows": 102,
                                            "Plan Width": 15,
                                            "Actual Startup Time": 0.035,
                                            "Actual Total Time": 0.035,
                                            "Actual Rows": 102,
                                            "Actual Loops": 1,
                                            "Hash Buckets": 1024,
                                            "Original Hash Buckets": 1024,
                                            "Hash Batches": 1,
                                            "Original Hash Batches": 1,
                                            "Peak Memory Usage": 13,
                                            "Workers": [],
                                            "Plans": [
                                              {
                                                "Node Type": "Seq Scan",
                                                "Parent Relationship": "Outer",
                                                "Parallel Aware": false,
                                                "Async Capable": false,
                                                "Relation Name": "store",
                                                "Alias": "store",
                                                "Startup Cost": 0.0,
                                                "Total Cost": 6.02,
                                                "Plan Rows": 102,
                                                "Plan Width": 15,
                                                "Actual Startup Time": 0.005,
                                                "Actual Total Time": 0.022,
                                                "Actual Rows": 102,
                                                "Actual Loops": 1,
                                                "Workers": []
                                              }
                                            ]
                                          }
                                        ]
                                      },
                                      {
                                        "Node Type": "Index Scan",
                                        "Parent Relationship": "Inner",
                                        "Parallel Aware": false,
                                        "Async Capable": false,
                                        "Scan Direction": "Forward",
                                        "Index Name": "item_pkey",
                                        "Relation Name": "item",
                                        "Alias": "item",
                                        "Startup Cost": 0.29,
                                        "Total Cost": 0.56,
                                        "Plan Rows": 1,
                                        "Plan Width": 114,
                                        "Actual Startup Time": 0.002,
                                        "Actual Total Time": 0.002,
                                        "Actual Rows": 0,
                                        "Actual Loops": 123464,
                                        "Index Cond": "(i_item_sk = store_sales.ss_item_sk)",
                                        "Rows Removed by Index Recheck": 0,
                                        "Filter": "(i_category = 'Shoes'::bpchar)",
                                        "Rows Removed by Filter": 1,
                                        "Workers": []
                                      }
                                    ]
                                  },
                                  {
                                    "Node Type": "Index Scan",
                                    "Parent Relationship": "Inner",
                                    "Parallel Aware": false,
                                    "Async Capable": false,
                                    "Scan Direction": "Forward",
                                    "Index Name": "_dta_index_customer_6_949578421__k1_k5",
                                    "Relation Name": "customer",
                                    "Alias": "customer",
                                    "Startup Cost": 0.42,
                                    "Total Cost": 0.72,
                                    "Plan Rows": 1,
                                    "Plan Width": 8,
                                    "Actual Startup Time": 0.12,
                                    "Actual Total Time": 0.12,
                                    "Actual Rows": 0,
                                    "Actual Loops": 13167,
                                    "Index Cond": "(c_customer_sk = store_sales.ss_customer_sk)",
                                    "Rows Removed by Index Recheck": 0,
                                    "Filter": "(c_birth_month = 2)",
                                    "Rows Removed by Filter": 1,
                                    "Workers": []
                                  }
                                ]
                              },
                              {
                                "Node Type": "Index Scan",
                                "Parent Relationship": "Inner",
                                "Parallel Aware": false,
                                "Async Capable": false,
                                "Scan Direction": "Forward",
                                "Index Name": "customer_address_pkey",
                                "Relation Name": "customer_address",
                                "Alias": "customer_address",
                                "Startup Cost": 0.42,
                                "Total Cost": 1.15,
                                "Plan Rows": 1,
                                "Plan Width": 15,
                                "Actual Startup Time": 0.142,
                                "Actual Total Time": 0.142,
                                "Actual Rows": 0,
                                "Actual Loops": 1299,
                                "Index Cond": "(ca_address_sk = customer.c_current_addr_sk)",
                                "Rows Removed by Index Recheck": 0,
                                "Filter": "(ca_state = 'KS'::bpchar)",
                                "Rows Removed by Filter": 1,
                                "Workers": []
                              }
                            ]
                          }
                        ]
                      }
                    ]
                  }
                ]
              }
            ]
          }
        ]
      }
    ]
  },
  "actual_rows": 31,
  "provenance": {
    "database": "postgres://jakc9:jakc9@127.0.0.1:5434/dsb_sf10",
    "scale_factor": 10,
    "engine": "postgresql",
    "engine_version": "14.3",
    "cached_at": "2026-02-09T20:54:43.897909"
  }
}