{
  "execution_time_ms": 12024.507,
  "plan_text": "Aggregate  (rows=1, time=12014.964)\n  Gather  (rows=3, time=12014.949)\n    Aggregate  (rows=1, time=7897.978)\n      Nested Loop  (rows=28, time=7897.891)\n        Nested Loop  (rows=1079, time=7480.561)\n          Hash Join  (rows=6247, time=6817.757)\n            Hash Join  (rows=6265, time=6803.517)\n              Nested Loop  (rows=56045, time=6789.755)\n                Index Only Scan on date_dim  (rows=122, time=8.773)\n                Index Only Scan on store_sales  (rows=461, time=55.7)\n              Hash  (rows=1440, time=7.261)\n                Seq Scan on household_demographics  (rows=1440, time=7.171)\n            Hash  (rows=102, time=11.914)\n              Seq Scan on store  (rows=102, time=11.894)\n          Index Scan on customer_address  (rows=0, time=0.105)\n        Index Scan on customer_demographics  (rows=0, time=0.386)",
  "plan_json": {
    "Node Type": "Aggregate",
    "Strategy": "Plain",
    "Partial Mode": "Finalize",
    "Parallel Aware": false,
    "Async Capable": false,
    "Startup Cost": 203398.46,
    "Total Cost": 203398.47,
    "Plan Rows": 1,
    "Plan Width": 128,
    "Actual Startup Time": 12014.9,
    "Actual Total Time": 12014.964,
    "Actual Rows": 1,
    "Actual Loops": 1,
    "Plans": [
      {
        "Node Type": "Gather",
        "Parent Relationship": "Outer",
        "Parallel Aware": false,
        "Async Capable": false,
        "Startup Cost": 203398.21,
        "Total Cost": 203398.42,
        "Plan Rows": 2,
        "Plan Width": 128,
        "Actual Startup Time": 12014.882,
        "Actual Total Time": 12014.949,
        "Actual Rows": 3,
        "Actual Loops": 1,
        "Workers Planned": 2,
        "Workers Launched": 2,
        "Single Copy": false,
        "Plans": [
          {
            "Node Type": "Aggregate",
            "Strategy": "Plain",
            "Partial Mode": "Partial",
            "Parent Relationship": "Outer",
            "Parallel Aware": false,
            "Async Capable": false,
            "Startup Cost": 202398.21,
            "Total Cost": 202398.22,
            "Plan Rows": 1,
            "Plan Width": 128,
            "Actual Startup Time": 7897.975,
            "Actual Total Time": 7897.978,
            "Actual Rows": 1,
            "Actual Loops": 3,
            "Workers": [],
            "Plans": [
              {
                "Node Type": "Nested Loop",
                "Parent Relationship": "Outer",
                "Parallel Aware": false,
                "Async Capable": false,
                "Join Type": "Inner",
                "Startup Cost": 212.39,
                "Total Cost": 202398.2,
                "Plan Rows": 1,
                "Plan Width": 16,
                "Actual Startup Time": 700.283,
                "Actual Total Time": 7897.891,
                "Actual Rows": 28,
                "Actual Loops": 3,
                "Inner Unique": true,
                "Join Filter": "(((customer_demographics.cd_marital_status = 'M'::bpchar) AND (customer_demographics.cd_education_status = '2 yr Degree'::bpchar) AND (store_sales.ss_sales_price >= 100.00) AND (store_sales.ss_sales_price <= 150.00) AND (household_demographics.hd_dep_count = 3)) OR ((customer_demographics.cd_marital_status = 'U'::bpchar) AND (customer_demographics.cd_education_status = 'College'::bpchar) AND (store_sales.ss_sales_price >= 50.00) AND (store_sales.ss_sales_price <= 100.00) AND (household_demographics.hd_dep_count = 1)) OR ((customer_demographics.cd_marital_status = 'S'::bpchar) AND (customer_demographics.cd_education_status = 'Unknown'::bpchar) AND (store_sales.ss_sales_price >= 150.00) AND (store_sales.ss_sales_price <= 200.00) AND (household_demographics.hd_dep_count = 1)))",
                "Rows Removed by Join Filter": 164,
                "Workers": [],
                "Plans": [
                  {
                    "Node Type": "Nested Loop",
                    "Parent Relationship": "Outer",
                    "Parallel Aware": false,
                    "Async Capable": false,
                    "Join Type": "Inner",
                    "Startup Cost": 211.96,
                    "Total Cost": 202351.22,
                    "Plan Rows": 50,
                    "Plan Width": 30,
                    "Actual Startup Time": 65.056,
                    "Actual Total Time": 7480.561,
                    "Actual Rows": 1079,
                    "Actual Loops": 3,
                    "Inner Unique": true,
                    "Workers": [],
                    "Plans": [
                      {
                        "Node Type": "Hash Join",
                        "Parent Relationship": "Outer",
                        "Parallel Aware": false,
                        "Async Capable": false,
                        "Join Type": "Inner",
                        "Startup Cost": 211.54,
                        "Total Cost": 201981.45,
                        "Plan Rows": 475,
                        "Plan Width": 40,
                        "Actual Startup Time": 61.23,
                        "Actual Total Time": 6817.757,
                        "Actual Rows": 6247,
                        "Actual Loops": 3,
                        "Inner Unique": true,
                        "Hash Cond": "(store_sales.ss_store_sk = store.s_store_sk)",
                        "Workers": [],
                        "Plans": [
                          {
                            "Node Type": "Hash Join",
                            "Parent Relationship": "Outer",
                            "Parallel Aware": false,
                            "Async Capable": false,
                            "Join Type": "Inner",
                            "Startup Cost": 204.24,
                            "Total Cost": 201972.79,
                            "Plan Rows": 499,
                            "Plan Width": 44,
                            "Actual Startup Time": 49.283,
                            "Actual Total Time": 6803.517,
                            "Actual Rows": 6265,
                            "Actual Loops": 3,
                            "Inner Unique": true,
                            "Hash Cond": "(store_sales.ss_hdemo_sk = household_demographics.hd_demo_sk)",
                            "Workers": [],
                            "Plans": [
                              {
                                "Node Type": "Nested Loop",
                                "Parent Relationship": "Outer",
                                "Parallel Aware": false,
                                "Async Capable": false,
                                "Join Type": "Inner",
                                "Startup Cost": 0.85,
                                "Total Cost": 201764.34,
                                "Plan Rows": 1928,
                                "Plan Width": 44,
                                "Actual Startup Time": 44.319,
                                "Actual Total Time": 6789.755,
                                "Actual Rows": 56045,
                                "Actual Loops": 3,
                                "Inner Unique": false,
                                "Workers": [],
                                "Plans": [
                                  {
                                    "Node Type": "Index Only Scan",
                                    "Parent Relationship": "Outer",
                                    "Parallel Aware": true,
                                    "Async Capable": false,
                                    "Scan Direction": "Forward",
                                    "Index Name": "_dta_index_date_dim_6_661577395__k1_k7_k9",
                                    "Relation Name": "date_dim",
                                    "Alias": "date_dim",
                                    "Startup Cost": 0.29,
                                    "Total Cost": 1688.68,
                                    "Plan Rows": 152,
                                    "Plan Width": 4,
                                    "Actual Startup Time": 8.672,
                                    "Actual Total Time": 8.773,
                                    "Actual Rows": 122,
                                    "Actual Loops": 3,
                                    "Index Cond": "(d_year = 2001)",
                                    "Rows Removed by Index Recheck": 0,
                                    "Heap Fetches": 0,
                                    "Workers": []
                                  },
                                  {
                                    "Node Type": "Index Only Scan",
                                    "Parent Relationship": "Inner",
                                    "Parallel Aware": false,
                                    "Async Capable": false,
                                    "Scan Direction": "Forward",
                                    "Index Name": "_dta_index_store_sales_6_1333579789__k1_k23_k14_k6_k8_k5_k7_3_4",
                                    "Relation Name": "store_sales",
                                    "Alias": "store_sales",
                                    "Startup Cost": 0.56,
                                    "Total Cost": 1311.76,
                                    "Plan Rows": 453,
                                    "Plan Width": 48,
                                    "Actual Startup Time": 37.555,
                                    "Actual Total Time": 55.7,
                                    "Actual Rows": 461,
                                    "Actual Loops": 365,
                                    "Index Cond": "(ss_sold_date_sk = date_dim.d_date_sk)",
                                    "Rows Removed by Index Recheck": 0,
                                    "Filter": "((((ss_sales_price >= 100.00) AND (ss_sales_price <= 150.00)) OR ((ss_sales_price >= 50.00) AND (ss_sales_price <= 100.00)) OR ((ss_sales_price >= 150.00) AND (ss_sales_price <= 200.00))) AND (((ss_net_profit >= '100'::numeric) AND (ss_net_profit <= '200'::numeric)) OR ((ss_net_profit >= '150'::numeric) AND (ss_net_profit <= '300'::numeric)) OR ((ss_net_profit >= '50'::numeric) AND (ss_net_profit <= '250'::numeric))))",
                                    "Rows Removed by Filter": 13310,
                                    "Heap Fetches": 0,
                                    "Workers": []
                                  }
                                ]
                              },
                              {
                                "Node Type": "Hash",
                                "Parent Relationship": "Inner",
                                "Parallel Aware": false,
                                "Async Capable": false,
                                "Startup Cost": 179.0,
                                "Total Cost": 179.0,
                                "Plan Rows": 1951,
                                "Plan Width": 8,
                                "Actual Startup Time": 7.261,
                                "Actual Total Time": 7.261,
                                "Actual Rows": 1440,
                                "Actual Loops": 2,
                                "Hash Buckets": 2048,
                                "Original Hash Buckets": 2048,
                                "Hash Batches": 1,
                                "Original Hash Batches": 1,
                                "Peak Memory Usage": 73,
                                "Workers": [],
                                "Plans": [
                                  {
                                    "Node Type": "Seq Scan",
                                    "Parent Relationship": "Outer",
                                    "Parallel Aware": false,
                                    "Async Capable": false,
                                    "Relation Name": "household_demographics",
                                    "Alias": "household_demographics",
                                    "Startup Cost": 0.0,
                                    "Total Cost": 179.0,
                                    "Plan Rows": 1951,
                                    "Plan Width": 8,
                                    "Actual Startup Time": 0.284,
                                    "Actual Total Time": 7.171,
                                    "Actual Rows": 1440,
                                    "Actual Loops": 2,
                                    "Filter": "((hd_dep_count = 3) OR (hd_dep_count = 1) OR (hd_dep_count = 1))",
                                    "Rows Removed by Filter": 5760,
                                    "Workers": []
                                  }
                                ]
                              }
                            ]
                          },
                          {
                            "Node Type": "Hash",
                            "Parent Relationship": "Inner",
                            "Parallel Aware": false,
                            "Async Capable": false,
                            "Startup Cost": 6.02,
                            "Total Cost": 6.02,
                            "Plan Rows": 102,
                            "Plan Width": 4,
                            "Actual Startup Time": 11.914,
                            "Actual Total Time": 11.914,
                            "Actual Rows": 102,
                            "Actual Loops": 3,
                            "Hash Buckets": 1024,
                            "Original Hash Buckets": 1024,
                            "Hash Batches": 1,
                            "Original Hash Batches": 1,
                            "Peak Memory Usage": 12,
                            "Workers": [],
                            "Plans": [
                              {
                                "Node Type": "Seq Scan",
                                "Parent Relationship": "Outer",
                                "Parallel Aware": false,
                                "Async Capable": false,
                                "Relation Name": "store",
                                "Alias": "store",
                                "Startup Cost": 0.0,
                                "Total Cost": 6.02,
                                "Plan Rows": 102,
                                "Plan Width": 4,
                                "Actual Startup Time": 11.748,
                                "Actual Total Time": 11.894,
                                "Actual Rows": 102,
                                "Actual Loops": 3,
                                "Workers": []
                              }
                            ]
                          }
                        ]
                      },
                      {
                        "Node Type": "Index Scan",
                        "Parent Relationship": "Inner",
                        "Parallel Aware": false,
                        "Async Capable": false,
                        "Scan Direction": "Forward",
                        "Index Name": "customer_address_pkey",
                        "Relation Name": "customer_address",
                        "Alias": "customer_address",
                        "Startup Cost": 0.42,
                        "Total Cost": 0.77,
                        "Plan Rows": 1,
                        "Plan Width": 7,
                        "Actual Startup Time": 0.105,
                        "Actual Total Time": 0.105,
                        "Actual Rows": 0,
                        "Actual Loops": 18741,
                        "Index Cond": "(ca_address_sk = store_sales.ss_addr_sk)",
                        "Rows Removed by Index Recheck": 0,
                        "Filter": "(((ca_country)::text = 'United States'::text) AND ((ca_state = ANY ('{CO,NC,TX}'::bpchar[])) OR (ca_state = ANY ('{AR,NY,TX}'::bpchar[])) OR (ca_state = ANY ('{IA,IL,NC}'::bpchar[]))) AND (((ca_state = ANY ('{CO,NC,TX}'::bpchar[])) AND (store_sales.ss_net_profit >= '100'::numeric) AND (store_sales.ss_net_profit <= '200'::numeric)) OR ((ca_state = ANY ('{AR,NY,TX}'::bpchar[])) AND (store_sales.ss_net_profit >= '150'::numeric) AND (store_sales.ss_net_profit <= '300'::numeric)) OR ((ca_state = ANY ('{IA,IL,NC}'::bpchar[])) AND (store_sales.ss_net_profit >= '50'::numeric) AND (store_sales.ss_net_profit <= '250'::numeric))))",
                        "Rows Removed by Filter": 1,
                        "Workers": []
                      }
                    ]
                  },
                  {
                    "Node Type": "Index Scan",
                    "Parent Relationship": "Inner",
                    "Parallel Aware": false,
                    "Async Capable": false,
                    "Scan Direction": "Forward",
                    "Index Name": "customer_demographics_pkey",
                    "Relation Name": "customer_demographics",
                    "Alias": "customer_demographics",
                    "Startup Cost": 0.43,
                    "Total Cost": 0.89,
                    "Plan Rows": 1,
                    "Plan Width": 27,
                    "Actual Startup Time": 0.386,
                    "Actual Total Time": 0.386,
                    "Actual Rows": 0,
                    "Actual Loops": 3238,
                    "Index Cond": "(cd_demo_sk = store_sales.ss_cdemo_sk)",
                    "Rows Removed by Index Recheck": 0,
                    "Filter": "(((cd_marital_status = 'M'::bpchar) AND (cd_education_status = '2 yr Degree'::bpchar)) OR ((cd_marital_status = 'U'::bpchar) AND (cd_education_status = 'College'::bpchar)) OR ((cd_marital_status = 'S'::bpchar) AND (cd_education_status = 'Unknown'::bpchar)))",
                    "Rows Removed by Filter": 1,
                    "Workers": []
                  }
                ]
              }
            ]
          }
        ]
      }
    ]
  },
  "actual_rows": 1,
  "provenance": {
    "database": "postgres://jakc9:jakc9@127.0.0.1:5434/dsb_sf10",
    "scale_factor": 10,
    "engine": "postgresql",
    "engine_version": "14.3",
    "cached_at": "2026-02-09T20:54:13.862452"
  }
}