{
  "execution_time_ms": 27.061,
  "plan_text": "Limit  (rows=1, time=26.967)\n  Aggregate  (rows=1, time=26.965)\n    Sort  (rows=0, time=26.959)\n      Gather  (rows=0, time=26.946)\n        Nested Loop  (rows=0, time=15.38)\n          Nested Loop  (rows=0, time=15.38)\n            Nested Loop  (rows=0, time=15.379)\n              Index Only Scan on date_dim  (rows=122, time=14.241)\n              Nested Loop  (rows=0, time=0.009)\n                Seq Scan on store  (rows=0, time=0.009)\n                Index Only Scan on store_sales  (rows=0, time=0.0)\n            Index Scan on item  (rows=0, time=0.0)\n          Index Scan on customer_demographics  (rows=0, time=0.0)",
  "plan_json": {
    "Node Type": "Limit",
    "Parallel Aware": false,
    "Async Capable": false,
    "Startup Cost": 86730.74,
    "Total Cost": 86730.88,
    "Plan Rows": 5,
    "Plan Width": 152,
    "Actual Startup Time": 25.536,
    "Actual Total Time": 26.967,
    "Actual Rows": 1,
    "Actual Loops": 1,
    "Plans": [
      {
        "Node Type": "Aggregate",
        "Strategy": "Sorted",
        "Partial Mode": "Simple",
        "Parent Relationship": "Outer",
        "Parallel Aware": false,
        "Async Capable": false,
        "Startup Cost": 86730.74,
        "Total Cost": 86730.88,
        "Plan Rows": 5,
        "Plan Width": 152,
        "Actual Startup Time": 25.535,
        "Actual Total Time": 26.965,
        "Actual Rows": 1,
        "Actual Loops": 1,
        "Grouping Sets": [
          {
            "Group Keys": [
              [
                "item.i_item_id",
                "store.s_state"
              ],
              [
                "item.i_item_id"
              ],
              []
            ]
          }
        ],
        "Plans": [
          {
            "Node Type": "Sort",
            "Parent Relationship": "Outer",
            "Parallel Aware": false,
            "Async Capable": false,
            "Startup Cost": 86730.74,
            "Total Cost": 86730.74,
            "Plan Rows": 2,
            "Plan Width": 39,
            "Actual Startup Time": 25.53,
            "Actual Total Time": 26.959,
            "Actual Rows": 0,
            "Actual Loops": 1,
            "Sort Key": [
              "item.i_item_id"
            ],
            "Sort Method": "quicksort",
            "Sort Space Used": 25,
            "Sort Space Type": "Memory",
            "Plans": [
              {
                "Node Type": "Gather",
                "Parent Relationship": "Outer",
                "Parallel Aware": false,
                "Async Capable": false,
                "Startup Cost": 1001.58,
                "Total Cost": 86730.73,
                "Plan Rows": 2,
                "Plan Width": 39,
                "Actual Startup Time": 25.517,
                "Actual Total Time": 26.946,
                "Actual Rows": 0,
                "Actual Loops": 1,
                "Workers Planned": 2,
                "Workers Launched": 2,
                "Single Copy": false,
                "Plans": [
                  {
                    "Node Type": "Nested Loop",
                    "Parent Relationship": "Outer",
                    "Parallel Aware": false,
                    "Async Capable": false,
                    "Join Type": "Inner",
                    "Startup Cost": 1.57,
                    "Total Cost": 85730.53,
                    "Plan Rows": 1,
                    "Plan Width": 39,
                    "Actual Startup Time": 15.379,
                    "Actual Total Time": 15.38,
                    "Actual Rows": 0,
                    "Actual Loops": 3,
                    "Inner Unique": true,
                    "Workers": [],
                    "Plans": [
                      {
                        "Node Type": "Nested Loop",
                        "Parent Relationship": "Outer",
                        "Parallel Aware": false,
                        "Async Capable": false,
                        "Join Type": "Inner",
                        "Startup Cost": 1.15,
                        "Total Cost": 85683.47,
                        "Plan Rows": 58,
                        "Plan Width": 43,
                        "Actual Startup Time": 15.379,
                        "Actual Total Time": 15.38,
                        "Actual Rows": 0,
                        "Actual Loops": 3,
                        "Inner Unique": true,
                        "Workers": [],
                        "Plans": [
                          {
                            "Node Type": "Nested Loop",
                            "Parent Relationship": "Outer",
                            "Parallel Aware": false,
                            "Async Capable": false,
                            "Join Type": "Inner",
                            "Startup Cost": 0.85,
                            "Total Cost": 85362.78,
                            "Plan Rows": 536,
                            "Plan Width": 30,
                            "Actual Startup Time": 15.378,
                            "Actual Total Time": 15.379,
                            "Actual Rows": 0,
                            "Actual Loops": 3,
                            "Inner Unique": false,
                            "Workers": [],
                            "Plans": [
                              {
                                "Node Type": "Index Only Scan",
                                "Parent Relationship": "Outer",
                                "Parallel Aware": true,
                                "Async Capable": false,
                                "Scan Direction": "Forward",
                                "Index Name": "_dta_index_date_dim_6_661577395__k1_k7_k9",
                                "Relation Name": "date_dim",
                                "Alias": "date_dim",
                                "Startup Cost": 0.29,
                                "Total Cost": 1688.68,
                                "Plan Rows": 152,
                                "Plan Width": 4,
                                "Actual Startup Time": 7.665,
                                "Actual Total Time": 14.241,
                                "Actual Rows": 122,
                                "Actual Loops": 3,
                                "Index Cond": "(d_year = 2002)",
                                "Rows Removed by Index Recheck": 0,
                                "Heap Fetches": 0,
                                "Workers": []
                              },
                              {
                                "Node Type": "Nested Loop",
                                "Parent Relationship": "Inner",
                                "Parallel Aware": false,
                                "Async Capable": false,
                                "Join Type": "Inner",
                                "Startup Cost": 0.56,
                                "Total Cost": 546.21,
                                "Plan Rows": 428,
                                "Plan Width": 34,
                                "Actual Startup Time": 0.009,
                                "Actual Total Time": 0.009,
                                "Actual Rows": 0,
                                "Actual Loops": 365,
                                "Inner Unique": false,
                                "Workers": [],
                                "Plans": [
                                  {
                                    "Node Type": "Seq Scan",
                                    "Parent Relationship": "Outer",
                                    "Parallel Aware": false,
                                    "Async Capable": false,
                                    "Relation Name": "store",
                                    "Alias": "store",
                                    "Startup Cost": 0.0,
                                    "Total Cost": 6.28,
                                    "Plan Rows": 1,
                                    "Plan Width": 7,
                                    "Actual Startup Time": 0.009,
                                    "Actual Total Time": 0.009,
                                    "Actual Rows": 0,
                                    "Actual Loops": 365,
                                    "Filter": "(s_state = 'IA'::bpchar)",
                                    "Rows Removed by Filter": 102,
                                    "Workers": []
                                  },
                                  {
                                    "Node Type": "Index Only Scan",
                                    "Parent Relationship": "Inner",
                                    "Parallel Aware": false,
                                    "Async Capable": false,
                                    "Scan Direction": "Forward",
                                    "Index Name": "_dta_index_store_sales_6_1333579789__k1_k5_k8_k3_11_13_14_20",
                                    "Relation Name": "store_sales",
                                    "Alias": "store_sales",
                                    "Startup Cost": 0.56,
                                    "Total Cost": 535.65,
                                    "Plan Rows": 428,
                                    "Plan Width": 35,
                                    "Actual Startup Time": 0.0,
                                    "Actual Total Time": 0.0,
                                    "Actual Rows": 0,
                                    "Actual Loops": 0,
                                    "Index Cond": "((ss_sold_date_sk = date_dim.d_date_sk) AND (ss_store_sk = store.s_store_sk))",
                                    "Rows Removed by Index Recheck": 0,
                                    "Heap Fetches": 0,
                                    "Workers": []
                                  }
                                ]
                              }
                            ]
                          },
                          {
                            "Node Type": "Index Scan",
                            "Parent Relationship": "Inner",
                            "Parallel Aware": false,
                            "Async Capable": false,
                            "Scan Direction": "Forward",
                            "Index Name": "item_pkey",
                            "Relation Name": "item",
                            "Alias": "item",
                            "Startup Cost": 0.29,
                            "Total Cost": 0.6,
                            "Plan Rows": 1,
                            "Plan Width": 21,
                            "Actual Startup Time": 0.0,
                            "Actual Total Time": 0.0,
                            "Actual Rows": 0,
                            "Actual Loops": 0,
                            "Index Cond": "(i_item_sk = store_sales.ss_item_sk)",
                            "Rows Removed by Index Recheck": 0,
                            "Filter": "(i_category = 'Sports'::bpchar)",
                            "Rows Removed by Filter": 0,
                            "Workers": []
                          }
                        ]
                      },
                      {
                        "Node Type": "Index Scan",
                        "Parent Relationship": "Inner",
                        "Parallel Aware": false,
                        "Async Capable": false,
                        "Scan Direction": "Forward",
                        "Index Name": "customer_demographics_pkey",
                        "Relation Name": "customer_demographics",
                        "Alias": "customer_demographics",
                        "Startup Cost": 0.43,
                        "Total Cost": 0.81,
                        "Plan Rows": 1,
                        "Plan Width": 4,
                        "Actual Startup Time": 0.0,
                        "Actual Total Time": 0.0,
                        "Actual Rows": 0,
                        "Actual Loops": 0,
                        "Index Cond": "(cd_demo_sk = store_sales.ss_cdemo_sk)",
                        "Rows Removed by Index Recheck": 0,
                        "Filter": "((cd_gender = 'F'::bpchar) AND (cd_marital_status = 'M'::bpchar) AND (cd_education_status = 'Primary'::bpchar))",
                        "Rows Removed by Filter": 0,
                        "Workers": []
                      }
                    ]
                  }
                ]
              }
            ]
          }
        ]
      }
    ]
  },
  "actual_rows": 1,
  "provenance": {
    "database": "postgres://jakc9:jakc9@127.0.0.1:5434/dsb_sf10",
    "scale_factor": 10,
    "engine": "postgresql",
    "engine_version": "14.3",
    "cached_at": "2026-02-09T20:54:55.022917"
  }
}