{
  "execution_time_ms": 4090.618,
  "plan_text": "Limit  (rows=19, time=4090.471)\n  Sort  (rows=19, time=4090.468)\n    Aggregate  (rows=19, time=4090.451)\n      Gather Merge  (rows=21, time=4090.408)\n        Aggregate  (rows=7, time=1918.87)\n          Sort  (rows=9, time=1918.859)\n            Nested Loop  (rows=9, time=1918.82)\n              Nested Loop  (rows=9, time=1918.783)\n                Nested Loop  (rows=9, time=1918.743)\n                  Nested Loop  (rows=9, time=1918.111)\n                    Nested Loop  (rows=460, time=1847.922)\n                      Nested Loop  (rows=2877, time=1658.333)\n                        Nested Loop  (rows=14361, time=1142.296)\n                          Index Only Scan on date_dim  (rows=122, time=10.485)\n                          Index Scan on web_sales  (rows=118, time=9.252)\n                        Index Scan on web_returns  (rows=0, time=0.035)\n                      Index Scan on customer_address  (rows=0, time=0.065)\n                    Index Scan on customer_demographics (cd1)  (rows=0, time=0.152)\n                  Index Only Scan on web_page  (rows=1, time=0.065)\n                Index Scan on customer_demographics (cd2)  (rows=1, time=0.002)\n              Index Scan on reason  (rows=1, time=0.002)",
  "plan_json": {
    "Node Type": "Limit",
    "Parallel Aware": false,
    "Async Capable": false,
    "Startup Cost": 85115.04,
    "Total Cost": 85115.04,
    "Plan Rows": 1,
    "Plan Width": 229,
    "Actual Startup Time": 4086.733,
    "Actual Total Time": 4090.471,
    "Actual Rows": 19,
    "Actual Loops": 1,
    "Plans": [
      {
        "Node Type": "Sort",
        "Parent Relationship": "Outer",
        "Parallel Aware": false,
        "Async Capable": false,
        "Startup Cost": 85115.04,
        "Total Cost": 85115.04,
        "Plan Rows": 1,
        "Plan Width": 229,
        "Actual Startup Time": 4086.732,
        "Actual Total Time": 4090.468,
        "Actual Rows": 19,
        "Actual Loops": 1,
        "Sort Key": [
          "(\"substring\"((reason.r_reason_desc)::text, 1, 20))",
          "(avg(web_sales.ws_quantity))",
          "(avg(web_returns.wr_refunded_cash))",
          "(avg(web_returns.wr_fee))"
        ],
        "Sort Method": "quicksort",
        "Sort Space Used": 29,
        "Sort Space Type": "Memory",
        "Plans": [
          {
            "Node Type": "Aggregate",
            "Strategy": "Sorted",
            "Partial Mode": "Finalize",
            "Parent Relationship": "Outer",
            "Parallel Aware": false,
            "Async Capable": false,
            "Startup Cost": 85114.71,
            "Total Cost": 85115.03,
            "Plan Rows": 1,
            "Plan Width": 229,
            "Actual Startup Time": 4086.681,
            "Actual Total Time": 4090.451,
            "Actual Rows": 19,
            "Actual Loops": 1,
            "Group Key": [
              "reason.r_reason_desc"
            ],
            "Plans": [
              {
                "Node Type": "Gather Merge",
                "Parent Relationship": "Outer",
                "Parallel Aware": false,
                "Async Capable": false,
                "Startup Cost": 85114.71,
                "Total Cost": 85114.98,
                "Plan Rows": 2,
                "Plan Width": 197,
                "Actual Startup Time": 4086.667,
                "Actual Total Time": 4090.408,
                "Actual Rows": 21,
                "Actual Loops": 1,
                "Workers Planned": 2,
                "Workers Launched": 2,
                "Plans": [
                  {
                    "Node Type": "Aggregate",
                    "Strategy": "Sorted",
                    "Partial Mode": "Partial",
                    "Parent Relationship": "Outer",
                    "Parallel Aware": false,
                    "Async Capable": false,
                    "Startup Cost": 84114.69,
                    "Total Cost": 84114.72,
                    "Plan Rows": 1,
                    "Plan Width": 197,
                    "Actual Startup Time": 1918.862,
                    "Actual Total Time": 1918.87,
                    "Actual Rows": 7,
                    "Actual Loops": 3,
                    "Group Key": [
                      "reason.r_reason_desc"
                    ],
                    "Workers": [],
                    "Plans": [
                      {
                        "Node Type": "Sort",
                        "Parent Relationship": "Outer",
                        "Parallel Aware": false,
                        "Async Capable": false,
                        "Startup Cost": 84114.69,
                        "Total Cost": 84114.7,
                        "Plan Rows": 1,
                        "Plan Width": 117,
                        "Actual Startup Time": 1918.855,
                        "Actual Total Time": 1918.859,
                        "Actual Rows": 9,
                        "Actual Loops": 3,
                        "Sort Key": [
                          "reason.r_reason_desc"
                        ],
                        "Sort Method": "quicksort",
                        "Sort Space Used": 25,
                        "Sort Space Type": "Memory",
                        "Workers": [
                          {
                            "Worker Number": 0,
                            "Sort Method": "quicksort",
                            "Sort Space Used": 25,
                            "Sort Space Type": "Memory"
                          },
                          {
                            "Worker Number": 1,
                            "Sort Method": "quicksort",
                            "Sort Space Used": 28,
                            "Sort Space Type": "Memory"
                          }
                        ],
                        "Plans": [
                          {
                            "Node Type": "Nested Loop",
                            "Parent Relationship": "Outer",
                            "Parallel Aware": false,
                            "Async Capable": false,
                            "Join Type": "Inner",
                            "Startup Cost": 2.71,
                            "Total Cost": 84114.68,
                            "Plan Rows": 1,
                            "Plan Width": 117,
                            "Actual Startup Time": 243.525,
                            "Actual Total Time": 1918.82,
                            "Actual Rows": 9,
                            "Actual Loops": 3,
                            "Inner Unique": true,
                            "Workers": [],
                            "Plans": [
                              {
                                "Node Type": "Nested Loop",
                                "Parent Relationship": "Outer",
                                "Parallel Aware": false,
                                "Async Capable": false,
                                "Join Type": "Inner",
                                "Startup Cost": 2.57,
                                "Total Cost": 84114.52,
                                "Plan Rows": 1,
                                "Plan Width": 20,
                                "Actual Startup Time": 243.517,
                                "Actual Total Time": 1918.783,
                                "Actual Rows": 9,
                                "Actual Loops": 3,
                                "Inner Unique": true,
                                "Join Filter": "((cd1.cd_marital_status = cd2.cd_marital_status) AND (cd1.cd_education_status = cd2.cd_education_status))",
                                "Rows Removed by Join Filter": 0,
                                "Workers": [],
                                "Plans": [
                                  {
                                    "Node Type": "Nested Loop",
                                    "Parent Relationship": "Outer",
                                    "Parallel Aware": false,
                                    "Async Capable": false,
                                    "Join Type": "Inner",
                                    "Startup Cost": 2.14,
                                    "Total Cost": 84113.99,
                                    "Plan Rows": 1,
                                    "Plan Width": 47,
                                    "Actual Startup Time": 243.51,
                                    "Actual Total Time": 1918.743,
                                    "Actual Rows": 9,
                                    "Actual Loops": 3,
                                    "Inner Unique": true,
                                    "Workers": [],
                                    "Plans": [
                                      {
                                        "Node Type": "Nested Loop",
                                        "Parent Relationship": "Outer",
                                        "Parallel Aware": false,
                                        "Async Capable": false,
                                        "Join Type": "Inner",
                                        "Startup Cost": 2.0,
                                        "Total Cost": 84113.82,
                                        "Plan Rows": 1,
                                        "Plan Width": 51,
                                        "Actual Startup Time": 243.412,
                                        "Actual Total Time": 1918.111,
                                        "Actual Rows": 9,
                                        "Actual Loops": 3,
                                        "Inner Unique": true,
                                        "Join Filter": "(((cd1.cd_marital_status = 'S'::bpchar) AND (cd1.cd_education_status = 'College'::bpchar) AND (web_sales.ws_sales_price >= 100.00) AND (web_sales.ws_sales_price <= 150.00)) OR ((cd1.cd_marital_status = 'W'::bpchar) AND (cd1.cd_education_status = 'Unknown'::bpchar) AND (web_sales.ws_sales_price >= 50.00) AND (web_sales.ws_sales_price <= 100.00)) OR ((cd1.cd_marital_status = 'M'::bpchar) AND (cd1.cd_education_status = 'Secondary'::bpchar) AND (web_sales.ws_sales_price >= 150.00) AND (web_sales.ws_sales_price <= 200.00)))",
                                        "Rows Removed by Join Filter": 11,
                                        "Workers": [],
                                        "Plans": [
                                          {
                                            "Node Type": "Nested Loop",
                                            "Parent Relationship": "Outer",
                                            "Parallel Aware": false,
                                            "Async Capable": false,
                                            "Join Type": "Inner",
                                            "Startup Cost": 1.57,
                                            "Total Cost": 84112.1,
                                            "Plan Rows": 3,
                                            "Plan Width": 38,
                                            "Actual Startup Time": 34.071,
                                            "Actual Total Time": 1847.922,
                                            "Actual Rows": 460,
                                            "Actual Loops": 3,
                                            "Inner Unique": true,
                                            "Join Filter": "(((customer_address.ca_state = ANY ('{NC,PA,TX}'::bpchar[])) AND (web_sales.ws_net_profit >= '100'::numeric) AND (web_sales.ws_net_profit <= '200'::numeric)) OR ((customer_address.ca_state = ANY ('{AR,CO,NY}'::bpchar[])) AND (web_sales.ws_net_profit >= '150'::numeric) AND (web_sales.ws_net_profit <= '300'::numeric)) OR ((customer_address.ca_state = ANY ('{IA,IL,TX}'::bpchar[])) AND (web_sales.ws_net_profit >= '50'::numeric) AND (web_sales.ws_net_profit <= '250'::numeric)))",
                                            "Rows Removed by Join Filter": 228,
                                            "Workers": [],
                                            "Plans": [
                                              {
                                                "Node Type": "Nested Loop",
                                                "Parent Relationship": "Outer",
                                                "Parallel Aware": false,
                                                "Async Capable": false,
                                                "Join Type": "Inner",
                                                "Startup Cost": 1.15,
                                                "Total Cost": 84096.96,
                                                "Plan Rows": 30,
                                                "Plan Width": 48,
                                                "Actual Startup Time": 12.138,
                                                "Actual Total Time": 1658.333,
                                                "Actual Rows": 2877,
                                                "Actual Loops": 3,
                                                "Inner Unique": true,
                                                "Workers": [],
                                                "Plans": [
                                                  {
                                                    "Node Type": "Nested Loop",
                                                    "Parent Relationship": "Outer",
                                                    "Parallel Aware": false,
                                                    "Async Capable": false,
                                                    "Join Type": "Inner",
                                                    "Startup Cost": 0.72,
                                                    "Total Cost": 83515.74,
                                                    "Plan Rows": 715,
                                                    "Plan Width": 28,
                                                    "Actual Startup Time": 7.817,
                                                    "Actual Total Time": 1142.296,
                                                    "Actual Rows": 14361,
                                                    "Actual Loops": 3,
                                                    "Inner Unique": false,
                                                    "Workers": [],
                                                    "Plans": [
                                                      {
                                                        "Node Type": "Index Only Scan",
                                                        "Parent Relationship": "Outer",
                                                        "Parallel Aware": true,
                                                        "Async Capable": false,
                                                        "Scan Direction": "Forward",
                                                        "Index Name": "_dta_index_date_dim_6_661577395__k1_k7_k9",
                                                        "Relation Name": "date_dim",
                                                        "Alias": "date_dim",
                                                        "Startup Cost": 0.29,
                                                        "Total Cost": 1688.68,
                                                        "Plan Rows": 152,
                                                        "Plan Width": 4,
                                                        "Actual Startup Time": 6.741,
                                                        "Actual Total Time": 10.485,
                                                        "Actual Rows": 122,
                                                        "Actual Loops": 3,
                                                        "Index Cond": "(d_year = 2000)",
                                                        "Rows Removed by Index Recheck": 0,
                                                        "Heap Fetches": 0,
                                                        "Workers": []
                                                      },
                                                      {
                                                        "Node Type": "Index Scan",
                                                        "Parent Relationship": "Inner",
                                                        "Parallel Aware": false,
                                                        "Async Capable": false,
                                                        "Scan Direction": "Forward",
                                                        "Index Name": "_dta_index_web_sales_6_1269579561__k1_8_24",
                                                        "Relation Name": "web_sales",
                                                        "Alias": "web_sales",
                                                        "Startup Cost": 0.43,
                                                        "Total Cost": 536.72,
                                                        "Plan Rows": 162,
                                                        "Plan Width": 32,
                                                        "Actual Startup Time": 0.092,
                                                        "Actual Total Time": 9.252,
                                                        "Actual Rows": 118,
                                                        "Actual Loops": 366,
                                                        "Index Cond": "(ws_sold_date_sk = date_dim.d_date_sk)",
                                                        "Rows Removed by Index Recheck": 0,
                                                        "Filter": "((((ws_sales_price >= 100.00) AND (ws_sales_price <= 150.00)) OR ((ws_sales_price >= 50.00) AND (ws_sales_price <= 100.00)) OR ((ws_sales_price >= 150.00) AND (ws_sales_price <= 200.00))) AND (((ws_net_profit >= '100'::numeric) AND (ws_net_profit <= '200'::numeric)) OR ((ws_net_profit >= '150'::numeric) AND (ws_net_profit <= '300'::numeric)) OR ((ws_net_profit >= '50'::numeric) AND (ws_net_profit <= '250'::numeric))))",
                                                        "Rows Removed by Filter": 3555,
                                                        "Workers": []
                                                      }
                                                    ]
                                                  },
                                                  {
                                                    "Node Type": "Index Scan",
                                                    "Parent Relationship": "Inner",
                                                    "Parallel Aware": false,
                                                    "Async Capable": false,
                                                    "Scan Direction": "Forward",
                                                    "Index Name": "web_returns_pkey",
                                                    "Relation Name": "web_returns",
                                                    "Alias": "web_returns",
                                                    "Startup Cost": 0.43,
                                                    "Total Cost": 0.81,
                                                    "Plan Rows": 1,
                                                    "Plan Width": 36,
                                                    "Actual Startup Time": 0.035,
                                                    "Actual Total Time": 0.035,
                                                    "Actual Rows": 0,
                                                    "Actual Loops": 43082,
                                                    "Index Cond": "((wr_item_sk = web_sales.ws_item_sk) AND (wr_order_number = web_sales.ws_order_number))",
                                                    "Rows Removed by Index Recheck": 0,
                                                    "Workers": []
                                                  }
                                                ]
                                              },
                                              {
                                                "Node Type": "Index Scan",
                                                "Parent Relationship": "Inner",
                                                "Parallel Aware": false,
                                                "Async Capable": false,
                                                "Scan Direction": "Forward",
                                                "Index Name": "customer_address_pkey",
                                                "Relation Name": "customer_address",
                                                "Alias": "customer_address",
                                                "Startup Cost": 0.42,
                                                "Total Cost": 0.47,
                                                "Plan Rows": 1,
                                                "Plan Width": 7,
                                                "Actual Startup Time": 0.065,
                                                "Actual Total Time": 0.065,
                                                "Actual Rows": 0,
                                                "Actual Loops": 8632,
                                                "Index Cond": "(ca_address_sk = web_returns.wr_refunded_addr_sk)",
                                                "Rows Removed by Index Recheck": 0,
                                                "Filter": "(((ca_country)::text = 'United States'::text) AND ((ca_state = ANY ('{NC,PA,TX}'::bpchar[])) OR (ca_state = ANY ('{AR,CO,NY}'::bpchar[])) OR (ca_state = ANY ('{IA,IL,TX}'::bpchar[]))))",
                                                "Rows Removed by Filter": 1,
                                                "Workers": []
                                              }
                                            ]
                                          },
                                          {
                                            "Node Type": "Index Scan",
                                            "Parent Relationship": "Inner",
                                            "Parallel Aware": false,
                                            "Async Capable": false,
                                            "Scan Direction": "Forward",
                                            "Index Name": "customer_demographics_pkey",
                                            "Relation Name": "customer_demographics",
                                            "Alias": "cd1",
                                            "Startup Cost": 0.43,
                                            "Total Cost": 0.54,
                                            "Plan Rows": 1,
                                            "Plan Width": 27,
                                            "Actual Startup Time": 0.152,
                                            "Actual Total Time": 0.152,
                                            "Actual Rows": 0,
                                            "Actual Loops": 1381,
                                            "Index Cond": "(cd_demo_sk = web_returns.wr_refunded_cdemo_sk)",
                                            "Rows Removed by Index Recheck": 0,
                                            "Filter": "(((cd_marital_status = 'S'::bpchar) AND (cd_education_status = 'College'::bpchar)) OR ((cd_marital_status = 'W'::bpchar) AND (cd_education_status = 'Unknown'::bpchar)) OR ((cd_marital_status = 'M'::bpchar) AND (cd_education_status = 'Secondary'::bpchar)))",
                                            "Rows Removed by Filter": 1,
                                            "Workers": []
                                          }
                                        ]
                                      },
                                      {
                                        "Node Type": "Index Only Scan",
                                        "Parent Relationship": "Inner",
                                        "Parallel Aware": false,
                                        "Async Capable": false,
                                        "Scan Direction": "Forward",
                                        "Index Name": "web_page_pkey",
                                        "Relation Name": "web_page",
                                        "Alias": "web_page",
                                        "Startup Cost": 0.14,
                                        "Total Cost": 0.16,
                                        "Plan Rows": 1,
                                        "Plan Width": 4,
                                        "Actual Startup Time": 0.065,
                                        "Actual Total Time": 0.065,
                                        "Actual Rows": 1,
                                        "Actual Loops": 28,
                                        "Index Cond": "(wp_web_page_sk = web_sales.ws_web_page_sk)",
                                        "Rows Removed by Index Recheck": 0,
                                        "Heap Fetches": 28,
                                        "Workers": []
                                      }
                                    ]
                                  },
                                  {
                                    "Node Type": "Index Scan",
                                    "Parent Relationship": "Inner",
                                    "Parallel Aware": false,
                                    "Async Capable": false,
                                    "Scan Direction": "Forward",
                                    "Index Name": "customer_demographics_pkey",
                                    "Relation Name": "customer_demographics",
                                    "Alias": "cd2",
                                    "Startup Cost": 0.43,
                                    "Total Cost": 0.52,
                                    "Plan Rows": 1,
                                    "Plan Width": 27,
                                    "Actual Startup Time": 0.002,
                                    "Actual Total Time": 0.002,
                                    "Actual Rows": 1,
                                    "Actual Loops": 28,
                                    "Index Cond": "(cd_demo_sk = web_returns.wr_returning_cdemo_sk)",
                                    "Rows Removed by Index Recheck": 0,
                                    "Workers": []
                                  }
                                ]
                              },
                              {
                                "Node Type": "Index Scan",
                                "Parent Relationship": "Inner",
                                "Parallel Aware": false,
                                "Async Capable": false,
                                "Scan Direction": "Forward",
                                "Index Name": "reason_pkey",
                                "Relation Name": "reason",
                                "Alias": "reason",
                                "Startup Cost": 0.14,
                                "Total Cost": 0.16,
                                "Plan Rows": 1,
                                "Plan Width": 105,
                                "Actual Startup Time": 0.002,
                                "Actual Total Time": 0.002,
                                "Actual Rows": 1,
                                "Actual Loops": 28,
                                "Index Cond": "(r_reason_sk = web_returns.wr_reason_sk)",
                                "Rows Removed by Index Recheck": 0,
                                "Workers": []
                              }
                            ]
                          }
                        ]
                      }
                    ]
                  }
                ]
              }
            ]
          }
        ]
      }
    ]
  },
  "actual_rows": 19,
  "provenance": {
    "database": "postgres://jakc9:jakc9@127.0.0.1:5434/dsb_sf10",
    "scale_factor": 10,
    "engine": "postgresql",
    "engine_version": "14.3",
    "cached_at": "2026-02-09T21:16:50.993416"
  }
}