{
  "execution_time_ms": 3739.397,
  "plan_text": "Limit  (rows=0, time=3728.014)\n  Incremental Sort  (rows=0, time=3699.502)\n    Nested Loop  (rows=0, time=3699.469)\n      Nested Loop  (rows=0, time=3699.465)\n        Aggregate  (rows=1, time=2028.999)\n          Sort  (rows=1, time=2028.97)\n            Gather  (rows=1, time=2028.964)\n              Nested Loop  (rows=0, time=1868.418)\n                Nested Loop  (rows=42, time=1862.291)\n                  Hash Join  (rows=61, time=62.811)\n                    Seq Scan on date_dim  (rows=36524, time=53.316)\n                    Hash  (rows=122, time=7.596)\n                      Nested Loop  (rows=122, time=7.587)\n                        Aggregate  (rows=4, time=7.562)\n                          Index Only Scan on date_dim (date_dim_2)  (rows=4, time=7.542)\n                        Index Only Scan on date_dim (date_dim_1)  (rows=30, time=0.003)\n                  Index Scan on store_returns  (rows=1, time=29.497)\n                Index Scan on item  (rows=0, time=0.144)\n        Aggregate  (rows=1, time=1670.461)\n          Gather Merge  (rows=1, time=1670.428)\n            Sort  (rows=0, time=1631.467)\n              Nested Loop  (rows=0, time=1631.315)\n                Hash Join  (rows=8, time=1628.932)\n                  Seq Scan on catalog_returns  (rows=158, time=1566.196)\n                  Hash  (rows=41, time=62.515)\n                    Hash Join  (rows=41, time=62.431)\n                      Seq Scan on date_dim (date_dim_3)  (rows=24350, time=42.727)\n                      Hash  (rows=122, time=18.269)\n                        Nested Loop  (rows=122, time=18.259)\n                          Aggregate  (rows=4, time=18.235)\n                            Index Only Scan on date_dim (date_dim_5)  (rows=4, time=18.205)\n                          Index Only Scan on date_dim (date_dim_4)  (rows=30, time=0.004)\n                Index Scan on item (item_1)  (rows=0, time=0.283)\n      Aggregate  (rows=0, time=0.0)\n        Sort  (rows=0, time=0.0)\n          Nested Loop  (rows=0, time=0.0)\n            Gather  (rows=0, time=0.0)\n              Hash Join  (rows=0, time=0.0)\n                Nested Loop  (rows=0, time=0.0)\n                  Seq Scan on web_returns  (rows=0, time=0.0)\n                  Index Scan on date_dim (date_dim_6)  (rows=0, time=0.0)\n                Hash  (rows=0, time=0.0)\n                  Nested Loop  (rows=0, time=0.0)\n                    Aggregate  (rows=0, time=0.0)\n                      Index Only Scan on date_dim (date_dim_8)  (rows=0, time=0.0)\n                    Index Only Scan on date_dim (date_dim_7)  (rows=0, time=0.0)\n            Index Scan on item (item_2)  (rows=0, time=0.0)",
  "plan_json": {
    "Node Type": "Limit",
    "Parallel Aware": false,
    "Async Capable": false,
    "Startup Cost": 141265.5,
    "Total Cost": 141265.55,
    "Plan Rows": 2,
    "Plan Width": 169,
    "Actual Startup Time": 3724.051,
    "Actual Total Time": 3728.014,
    "Actual Rows": 0,
    "Actual Loops": 1,
    "Plans": [
      {
        "Node Type": "Incremental Sort",
        "Parent Relationship": "Outer",
        "Parallel Aware": false,
        "Async Capable": false,
        "Startup Cost": 141265.5,
        "Total Cost": 141265.55,
        "Plan Rows": 2,
        "Plan Width": 169,
        "Actual Startup Time": 3695.54,
        "Actual Total Time": 3699.502,
        "Actual Rows": 0,
        "Actual Loops": 1,
        "Sort Key": [
          "item.i_item_id",
          "(sum(store_returns.sr_return_quantity))"
        ],
        "Presorted Key": [
          "item.i_item_id"
        ],
        "Full-sort Groups": {
          "Group Count": 1,
          "Sort Methods Used": [
            "quicksort"
          ],
          "Sort Space Memory": {
            "Average Sort Space Used": 25,
            "Peak Sort Space Used": 25
          }
        },
        "Plans": [
          {
            "Node Type": "Nested Loop",
            "Parent Relationship": "Outer",
            "Parallel Aware": false,
            "Async Capable": false,
            "Join Type": "Inner",
            "Startup Cost": 141265.22,
            "Total Cost": 141265.49,
            "Plan Rows": 1,
            "Plan Width": 169,
            "Actual Startup Time": 3695.507,
            "Actual Total Time": 3699.469,
            "Actual Rows": 0,
            "Actual Loops": 1,
            "Inner Unique": true,
            "Join Filter": "(item.i_item_id = item_2.i_item_id)",
            "Rows Removed by Join Filter": 0,
            "Plans": [
              {
                "Node Type": "Nested Loop",
                "Parent Relationship": "Outer",
                "Parallel Aware": false,
                "Async Capable": false,
                "Join Type": "Inner",
                "Startup Cost": 91116.16,
                "Total Cost": 91116.34,
                "Plan Rows": 1,
                "Plan Width": 50,
                "Actual Startup Time": 3695.506,
                "Actual Total Time": 3699.465,
                "Actual Rows": 0,
                "Actual Loops": 1,
                "Inner Unique": true,
                "Join Filter": "(item.i_item_id = item_1.i_item_id)",
                "Rows Removed by Join Filter": 1,
                "Plans": [
                  {
                    "Node Type": "Aggregate",
                    "Strategy": "Sorted",
                    "Partial Mode": "Simple",
                    "Parent Relationship": "Outer",
                    "Parallel Aware": false,
                    "Async Capable": false,
                    "Startup Cost": 14669.31,
                    "Total Cost": 14669.33,
                    "Plan Rows": 1,
                    "Plan Width": 25,
                    "Actual Startup Time": 2028.943,
                    "Actual Total Time": 2028.999,
                    "Actual Rows": 1,
                    "Actual Loops": 1,
                    "Group Key": [
                      "item.i_item_id"
                    ],
                    "Plans": [
                      {
                        "Node Type": "Sort",
                        "Parent Relationship": "Outer",
                        "Parallel Aware": false,
                        "Async Capable": false,
                        "Startup Cost": 14669.31,
                        "Total Cost": 14669.32,
                        "Plan Rows": 1,
                        "Plan Width": 21,
                        "Actual Startup Time": 2028.915,
                        "Actual Total Time": 2028.97,
                        "Actual Rows": 1,
                        "Actual Loops": 1,
                        "Sort Key": [
                          "item.i_item_id"
                        ],
                        "Sort Method": "quicksort",
                        "Sort Space Used": 25,
                        "Sort Space Type": "Memory",
                        "Plans": [
                          {
                            "Node Type": "Gather",
                            "Parent Relationship": "Outer",
                            "Parallel Aware": false,
                            "Async Capable": false,
                            "Startup Cost": 3345.73,
                            "Total Cost": 14669.3,
                            "Plan Rows": 1,
                            "Plan Width": 21,
                            "Actual Startup Time": 1345.022,
                            "Actual Total Time": 2028.964,
                            "Actual Rows": 1,
                            "Actual Loops": 1,
                            "Workers Planned": 1,
                            "Workers Launched": 1,
                            "Single Copy": false,
                            "Plans": [
                              {
                                "Node Type": "Nested Loop",
                                "Parent Relationship": "Outer",
                                "Parallel Aware": false,
                                "Async Capable": false,
                                "Join Type": "Inner",
                                "Startup Cost": 2345.73,
                                "Total Cost": 13669.2,
                                "Plan Rows": 1,
                                "Plan Width": 21,
                                "Actual Startup Time": 1526.472,
                                "Actual Total Time": 1868.418,
                                "Actual Rows": 0,
                                "Actual Loops": 2,
                                "Inner Unique": true,
                                "Workers": [],
                                "Plans": [
                                  {
                                    "Node Type": "Nested Loop",
                                    "Parent Relationship": "Outer",
                                    "Parallel Aware": false,
                                    "Async Capable": false,
                                    "Join Type": "Inner",
                                    "Startup Cost": 2345.44,
                                    "Total Cost": 13654.49,
                                    "Plan Rows": 4,
                                    "Plan Width": 8,
                                    "Actual Startup Time": 166.622,
                                    "Actual Total Time": 1862.291,
                                    "Actual Rows": 42,
                                    "Actual Loops": 2,
                                    "Inner Unique": false,
                                    "Workers": [],
                                    "Plans": [
                                      {
                                        "Node Type": "Hash Join",
                                        "Parent Relationship": "Outer",
                                        "Parallel Aware": false,
                                        "Async Capable": false,
                                        "Join Type": "Semi",
                                        "Startup Cost": 2345.0,
                                        "Total Cost": 4312.3,
                                        "Plan Rows": 72,
                                        "Plan Width": 4,
                                        "Actual Startup Time": 35.907,
                                        "Actual Total Time": 62.811,
                                        "Actual Rows": 61,
                                        "Actual Loops": 2,
                                        "Inner Unique": false,
                                        "Hash Cond": "(date_dim.d_date = date_dim_1.d_date)",
                                        "Workers": [],
                                        "Plans": [
                                          {
                                            "Node Type": "Seq Scan",
                                            "Parent Relationship": "Outer",
                                            "Parallel Aware": true,
                                            "Async Capable": false,
                                            "Relation Name": "date_dim",
                                            "Alias": "date_dim",
                                            "Startup Cost": 0.0,
                                            "Total Cost": 1853.7,
                                            "Plan Rows": 42970,
                                            "Plan Width": 8,
                                            "Actual Startup Time": 0.282,
                                            "Actual Total Time": 53.316,
                                            "Actual Rows": 36524,
                                            "Actual Loops": 2,
                                            "Workers": []
                                          },
                                          {
                                            "Node Type": "Hash",
                                            "Parent Relationship": "Inner",
                                            "Parallel Aware": false,
                                            "Async Capable": false,
                                            "Startup Cost": 2343.48,
                                            "Total Cost": 2343.48,
                                            "Plan Rows": 122,
                                            "Plan Width": 4,
                                            "Actual Startup Time": 7.594,
                                            "Actual Total Time": 7.596,
                                            "Actual Rows": 122,
                                            "Actual Loops": 2,
                                            "Hash Buckets": 1024,
                                            "Original Hash Buckets": 1024,
                                            "Hash Batches": 1,
                                            "Original Hash Batches": 1,
                                            "Peak Memory Usage": 13,
                                            "Workers": [],
                                            "Plans": [
                                              {
                                                "Node Type": "Nested Loop",
                                                "Parent Relationship": "Outer",
                                                "Parallel Aware": false,
                                                "Async Capable": false,
                                                "Join Type": "Inner",
                                                "Startup Cost": 2317.51,
                                                "Total Cost": 2343.48,
                                                "Plan Rows": 122,
                                                "Plan Width": 4,
                                                "Actual Startup Time": 7.569,
                                                "Actual Total Time": 7.587,
                                                "Actual Rows": 122,
                                                "Actual Loops": 2,
                                                "Inner Unique": false,
                                                "Workers": [],
                                                "Plans": [
                                                  {
                                                    "Node Type": "Aggregate",
                                                    "Strategy": "Hashed",
                                                    "Partial Mode": "Simple",
                                                    "Parent Relationship": "Outer",
                                                    "Parallel Aware": false,
                                                    "Async Capable": false,
                                                    "Startup Cost": 2317.22,
                                                    "Total Cost": 2317.26,
                                                    "Plan Rows": 4,
                                                    "Plan Width": 4,
                                                    "Actual Startup Time": 7.561,
                                                    "Actual Total Time": 7.562,
                                                    "Actual Rows": 4,
                                                    "Actual Loops": 2,
                                                    "Group Key": [
                                                      "date_dim_2.d_month_seq"
                                                    ],
                                                    "Planned Partitions": 0,
                                                    "HashAgg Batches": 1,
                                                    "Peak Memory Usage": 24,
                                                    "Disk Usage": 0,
                                                    "Workers": [
                                                      {
                                                        "Worker Number": 0,
                                                        "HashAgg Batches": 1,
                                                        "Peak Memory Usage": 24,
                                                        "Disk Usage": 0
                                                      }
                                                    ],
                                                    "Plans": [
                                                      {
                                                        "Node Type": "Index Only Scan",
                                                        "Parent Relationship": "Outer",
                                                        "Parallel Aware": false,
                                                        "Async Capable": false,
                                                        "Scan Direction": "Forward",
                                                        "Index Name": "_dta_index_date_dim_6_661577395__k4_k3",
                                                        "Relation Name": "date_dim",
                                                        "Alias": "date_dim_2",
                                                        "Startup Cost": 0.29,
                                                        "Total Cost": 2317.21,
                                                        "Plan Rows": 4,
                                                        "Plan Width": 4,
                                                        "Actual Startup Time": 5.87,
                                                        "Actual Total Time": 7.542,
                                                        "Actual Rows": 4,
                                                        "Actual Loops": 2,
                                                        "Filter": "(d_date = ANY ('{1999-01-10,1999-06-17,1999-08-04,1999-11-05}'::date[]))",
                                                        "Rows Removed by Filter": 73045,
                                                        "Heap Fetches": 0,
                                                        "Workers": []
                                                      }
                                                    ]
                                                  },
                                                  {
                                                    "Node Type": "Index Only Scan",
                                                    "Parent Relationship": "Inner",
                                                    "Parallel Aware": false,
                                                    "Async Capable": false,
                                                    "Scan Direction": "Forward",
                                                    "Index Name": "_dta_index_date_dim_6_661577395__k4_k3",
                                                    "Relation Name": "date_dim",
                                                    "Alias": "date_dim_1",
                                                    "Startup Cost": 0.29,
                                                    "Total Cost": 6.25,
                                                    "Plan Rows": 30,
                                                    "Plan Width": 8,
                                                    "Actual Startup Time": 0.002,
                                                    "Actual Total Time": 0.003,
                                                    "Actual Rows": 30,
                                                    "Actual Loops": 8,
                                                    "Index Cond": "(d_month_seq = date_dim_2.d_month_seq)",
                                                    "Rows Removed by Index Recheck": 0,
                                                    "Heap Fetches": 0,
                                                    "Workers": []
                                                  }
                                                ]
                                              }
                                            ]
                                          }
                                        ]
                                      },
                                      {
                                        "Node Type": "Index Scan",
                                        "Parent Relationship": "Inner",
                                        "Parallel Aware": false,
                                        "Async Capable": false,
                                        "Scan Direction": "Forward",
                                        "Index Name": "_dta_index_store_returns_6_1013578649__k1_3_4_10",
                                        "Relation Name": "store_returns",
                                        "Alias": "store_returns",
                                        "Startup Cost": 0.43,
                                        "Total Cost": 129.73,
                                        "Plan Rows": 2,
                                        "Plan Width": 12,
                                        "Actual Startup Time": 17.997,
                                        "Actual Total Time": 29.497,
                                        "Actual Rows": 1,
                                        "Actual Loops": 122,
                                        "Index Cond": "(sr_returned_date_sk = date_dim.d_date_sk)",
                                        "Rows Removed by Index Recheck": 0,
                                        "Filter": "((sr_reason_sk = ANY ('{7,18,19,22,36}'::integer[])) AND ((sr_return_amt / (sr_return_quantity)::numeric) >= '253'::numeric) AND ((sr_return_amt / (sr_return_quantity)::numeric) <= '282'::numeric))",
                                        "Rows Removed by Filter": 3168,
                                        "Workers": []
                                      }
                                    ]
                                  },
                                  {
                                    "Node Type": "Index Scan",
                                    "Parent Relationship": "Inner",
                                    "Parallel Aware": false,
                                    "Async Capable": false,
                                    "Scan Direction": "Forward",
                                    "Index Name": "item_pkey",
                                    "Relation Name": "item",
                                    "Alias": "item",
                                    "Startup Cost": 0.29,
                                    "Total Cost": 3.68,
                                    "Plan Rows": 1,
                                    "Plan Width": 21,
                                    "Actual Startup Time": 0.144,
                                    "Actual Total Time": 0.144,
                                    "Actual Rows": 0,
                                    "Actual Loops": 84,
                                    "Index Cond": "(i_item_sk = store_returns.sr_item_sk)",
                                    "Rows Removed by Index Recheck": 0,
                                    "Filter": "((i_category = ANY ('{Children,Electronics}'::bpchar[])) AND (i_manager_id >= 15) AND (i_manager_id <= 24))",
                                    "Rows Removed by Filter": 1,
                                    "Workers": []
                                  }
                                ]
                              }
                            ]
                          }
                        ]
                      }
                    ]
                  },
                  {
                    "Node Type": "Aggregate",
                    "Strategy": "Sorted",
                    "Partial Mode": "Simple",
                    "Parent Relationship": "Inner",
                    "Parallel Aware": false,
                    "Async Capable": false,
                    "Startup Cost": 76446.85,
                    "Total Cost": 76446.98,
                    "Plan Rows": 1,
                    "Plan Width": 25,
                    "Actual Startup Time": 1666.557,
                    "Actual Total Time": 1670.461,
                    "Actual Rows": 1,
                    "Actual Loops": 1,
                    "Group Key": [
                      "item_1.i_item_id"
                    ],
                    "Plans": [
                      {
                        "Node Type": "Gather Merge",
                        "Parent Relationship": "Outer",
                        "Parallel Aware": false,
                        "Async Capable": false,
                        "Startup Cost": 76446.85,
                        "Total Cost": 76446.97,
                        "Plan Rows": 1,
                        "Plan Width": 21,
                        "Actual Startup Time": 1666.525,
                        "Actual Total Time": 1670.428,
                        "Actual Rows": 1,
                        "Actual Loops": 1,
                        "Workers Planned": 2,
                        "Workers Launched": 2,
                        "Plans": [
                          {
                            "Node Type": "Sort",
                            "Parent Relationship": "Outer",
                            "Parallel Aware": false,
                            "Async Capable": false,
                            "Startup Cost": 75446.82,
                            "Total Cost": 75446.83,
                            "Plan Rows": 1,
                            "Plan Width": 21,
                            "Actual Startup Time": 1631.461,
                            "Actual Total Time": 1631.467,
                            "Actual Rows": 0,
                            "Actual Loops": 3,
                            "Sort Key": [
                              "item_1.i_item_id"
                            ],
                            "Sort Method": "quicksort",
                            "Sort Space Used": 25,
                            "Sort Space Type": "Memory",
                            "Workers": [
                              {
                                "Worker Number": 0,
                                "Sort Method": "quicksort",
                                "Sort Space Used": 25,
                                "Sort Space Type": "Memory"
                              },
                              {
                                "Worker Number": 1,
                                "Sort Method": "quicksort",
                                "Sort Space Used": 25,
                                "Sort Space Type": "Memory"
                              }
                            ],
                            "Plans": [
                              {
                                "Node Type": "Nested Loop",
                                "Parent Relationship": "Outer",
                                "Parallel Aware": false,
                                "Async Capable": false,
                                "Join Type": "Inner",
                                "Startup Cost": 4313.49,
                                "Total Cost": 75446.81,
                                "Plan Rows": 1,
                                "Plan Width": 21,
                                "Actual Startup Time": 1196.165,
                                "Actual Total Time": 1631.315,
                                "Actual Rows": 0,
                                "Actual Loops": 3,
                                "Inner Unique": true,
                                "Workers": [],
                                "Plans": [
                                  {
                                    "Node Type": "Hash Join",
                                    "Parent Relationship": "Outer",
                                    "Parallel Aware": true,
                                    "Async Capable": false,
                                    "Join Type": "Inner",
                                    "Startup Cost": 4313.2,
                                    "Total Cost": 75441.95,
                                    "Plan Rows": 1,
                                    "Plan Width": 8,
                                    "Actual Startup Time": 176.833,
                                    "Actual Total Time": 1628.932,
                                    "Actual Rows": 8,
                                    "Actual Loops": 3,
                                    "Inner Unique": false,
                                    "Hash Cond": "(catalog_returns.cr_returned_date_sk = date_dim_3.d_date_sk)",
                                    "Workers": [],
                                    "Plans": [
                                      {
                                        "Node Type": "Seq Scan",
                                        "Parent Relationship": "Outer",
                                        "Parallel Aware": true,
                                        "Async Capable": false,
                                        "Relation Name": "catalog_returns",
                                        "Alias": "catalog_returns",
                                        "Startup Cost": 0.0,
                                        "Total Cost": 71126.73,
                                        "Plan Rows": 533,
                                        "Plan Width": 12,
                                        "Actual Startup Time": 6.416,
                                        "Actual Total Time": 1566.196,
                                        "Actual Rows": 158,
                                        "Actual Loops": 3,
                                        "Filter": "((cr_reason_sk = ANY ('{7,18,19,22,36}'::integer[])) AND ((cr_return_amount / (cr_return_quantity)::numeric) >= '253'::numeric) AND ((cr_return_amount / (cr_return_quantity)::numeric) <= '282'::numeric))",
                                        "Rows Removed by Filter": 719262,
                                        "Workers": []
                                      },
                                      {
                                        "Node Type": "Hash",
                                        "Parent Relationship": "Inner",
                                        "Parallel Aware": true,
                                        "Async Capable": false,
                                        "Startup Cost": 4312.3,
                                        "Total Cost": 4312.3,
                                        "Plan Rows": 72,
                                        "Plan Width": 4,
                                        "Actual Startup Time": 62.512,
                                        "Actual Total Time": 62.515,
                                        "Actual Rows": 41,
                                        "Actual Loops": 3,
                                        "Hash Buckets": 1024,
                                        "Original Hash Buckets": 1024,
                                        "Hash Batches": 1,
                                        "Original Hash Batches": 1,
                                        "Peak Memory Usage": 104,
                                        "Workers": [],
                                        "Plans": [
                                          {
                                            "Node Type": "Hash Join",
                                            "Parent Relationship": "Outer",
                                            "Parallel Aware": false,
                                            "Async Capable": false,
                                            "Join Type": "Semi",
                                            "Startup Cost": 2345.0,
                                            "Total Cost": 4312.3,
                                            "Plan Rows": 72,
                                            "Plan Width": 4,
                                            "Actual Startup Time": 39.528,
                                            "Actual Total Time": 62.431,
                                            "Actual Rows": 41,
                                            "Actual Loops": 3,
                                            "Inner Unique": false,
                                            "Hash Cond": "(date_dim_3.d_date = date_dim_4.d_date)",
                                            "Workers": [],
                                            "Plans": [
                                              {
                                                "Node Type": "Seq Scan",
                                                "Parent Relationship": "Outer",
                                                "Parallel Aware": true,
                                                "Async Capable": false,
                                                "Relation Name": "date_dim",
                                                "Alias": "date_dim_3",
                                                "Startup Cost": 0.0,
                                                "Total Cost": 1853.7,
                                                "Plan Rows": 42970,
                                                "Plan Width": 8,
                                                "Actual Startup Time": 0.31,
                                                "Actual Total Time": 42.727,
                                                "Actual Rows": 24350,
                                                "Actual Loops": 3,
                                                "Workers": []
                                              },
                                              {
                                                "Node Type": "Hash",
                                                "Parent Relationship": "Inner",
                                                "Parallel Aware": false,
                                                "Async Capable": false,
                                                "Startup Cost": 2343.48,
                                                "Total Cost": 2343.48,
                                                "Plan Rows": 122,
                                                "Plan Width": 4,
                                                "Actual Startup Time": 18.267,
                                                "Actual Total Time": 18.269,
                                                "Actual Rows": 122,
                                                "Actual Loops": 3,
                                                "Hash Buckets": 1024,
                                                "Original Hash Buckets": 1024,
                                                "Hash Batches": 1,
                                                "Original Hash Batches": 1,
                                                "Peak Memory Usage": 13,
                                                "Workers": [],
                                                "Plans": [
                                                  {
                                                    "Node Type": "Nested Loop",
                                                    "Parent Relationship": "Outer",
                                                    "Parallel Aware": false,
                                                    "Async Capable": false,
                                                    "Join Type": "Inner",
                                                    "Startup Cost": 2317.51,
                                                    "Total Cost": 2343.48,
                                                    "Plan Rows": 122,
                                                    "Plan Width": 4,
                                                    "Actual Startup Time": 18.245,
                                                    "Actual Total Time": 18.259,
                                                    "Actual Rows": 122,
                                                    "Actual Loops": 3,
                                                    "Inner Unique": false,
                                                    "Workers": [],
                                                    "Plans": [
                                                      {
                                                        "Node Type": "Aggregate",
                                                        "Strategy": "Hashed",
                                                        "Partial Mode": "Simple",
                                                        "Parent Relationship": "Outer",
                                                        "Parallel Aware": false,
                                                        "Async Capable": false,
                                                        "Startup Cost": 2317.22,
                                                        "Total Cost": 2317.26,
                                                        "Plan Rows": 4,
                                                        "Plan Width": 4,
                                                        "Actual Startup Time": 18.234,
                                                        "Actual Total Time": 18.235,
                                                        "Actual Rows": 4,
                                                        "Actual Loops": 3,
                                                        "Group Key": [
                                                          "date_dim_5.d_month_seq"
                                                        ],
                                                        "Planned Partitions": 0,
                                                        "HashAgg Batches": 1,
                                                        "Peak Memory Usage": 24,
                                                        "Disk Usage": 0,
                                                        "Workers": [
                                                          {
                                                            "Worker Number": 0,
                                                            "HashAgg Batches": 1,
                                                            "Peak Memory Usage": 24,
                                                            "Disk Usage": 0
                                                          },
                                                          {
                                                            "Worker Number": 1,
                                                            "HashAgg Batches": 1,
                                                            "Peak Memory Usage": 24,
                                                            "Disk Usage": 0
                                                          }
                                                        ],
                                                        "Plans": [
                                                          {
                                                            "Node Type": "Index Only Scan",
                                                            "Parent Relationship": "Outer",
                                                            "Parallel Aware": false,
                                                            "Async Capable": false,
                                                            "Scan Direction": "Forward",
                                                            "Index Name": "_dta_index_date_dim_6_661577395__k4_k3",
                                                            "Relation Name": "date_dim",
                                                            "Alias": "date_dim_5",
                                                            "Startup Cost": 0.29,
                                                            "Total Cost": 2317.21,
                                                            "Plan Rows": 4,
                                                            "Plan Width": 4,
                                                            "Actual Startup Time": 13.865,
                                                            "Actual Total Time": 18.205,
                                                            "Actual Rows": 4,
                                                            "Actual Loops": 3,
                                                            "Filter": "(d_date = ANY ('{1999-01-10,1999-06-17,1999-08-04,1999-11-05}'::date[]))",
                                                            "Rows Removed by Filter": 73045,
                                                            "Heap Fetches": 0,
                                                            "Workers": []
                                                          }
                                                        ]
                                                      },
                                                      {
                                                        "Node Type": "Index Only Scan",
                                                        "Parent Relationship": "Inner",
                                                        "Parallel Aware": false,
                                                        "Async Capable": false,
                                                        "Scan Direction": "Forward",
                                                        "Index Name": "_dta_index_date_dim_6_661577395__k4_k3",
                                                        "Relation Name": "date_dim",
                                                        "Alias": "date_dim_4",
                                                        "Startup Cost": 0.29,
                                                        "Total Cost": 6.25,
                                                        "Plan Rows": 30,
                                                        "Plan Width": 8,
                                                        "Actual Startup Time": 0.002,
                                                        "Actual Total Time": 0.004,
                                                        "Actual Rows": 30,
                                                        "Actual Loops": 12,
                                                        "Index Cond": "(d_month_seq = date_dim_5.d_month_seq)",
                                                        "Rows Removed by Index Recheck": 0,
                                                        "Heap Fetches": 0,
                                                        "Workers": []
                                                      }
                                                    ]
                                                  }
                                                ]
                                              }
                                            ]
                                          }
                                        ]
                                      }
                                    ]
                                  },
                                  {
                                    "Node Type": "Index Scan",
                                    "Parent Relationship": "Inner",
                                    "Parallel Aware": false,
                                    "Async Capable": false,
                                    "Scan Direction": "Forward",
                                    "Index Name": "item_pkey",
                                    "Relation Name": "item",
                                    "Alias": "item_1",
                                    "Startup Cost": 0.29,
                                    "Total Cost": 4.86,
                                    "Plan Rows": 1,
                                    "Plan Width": 21,
                                    "Actual Startup Time": 0.283,
                                    "Actual Total Time": 0.283,
                                    "Actual Rows": 0,
                                    "Actual Loops": 25,
                                    "Index Cond": "(i_item_sk = catalog_returns.cr_item_sk)",
                                    "Rows Removed by Index Recheck": 0,
                                    "Filter": "((i_category = ANY ('{Children,Electronics}'::bpchar[])) AND (i_manager_id >= 15) AND (i_manager_id <= 24))",
                                    "Rows Removed by Filter": 1,
                                    "Workers": []
                                  }
                                ]
                              }
                            ]
                          }
                        ]
                      }
                    ]
                  }
                ]
              },
              {
                "Node Type": "Aggregate",
                "Strategy": "Sorted",
                "Partial Mode": "Simple",
                "Parent Relationship": "Inner",
                "Parallel Aware": false,
                "Async Capable": false,
                "Startup Cost": 50149.06,
                "Total Cost": 50149.08,
                "Plan Rows": 1,
                "Plan Width": 25,
                "Actual Startup Time": 0.0,
                "Actual Total Time": 0.0,
                "Actual Rows": 0,
                "Actual Loops": 0,
                "Group Key": [
                  "item_2.i_item_id"
                ],
                "Plans": [
                  {
                    "Node Type": "Sort",
                    "Parent Relationship": "Outer",
                    "Parallel Aware": false,
                    "Async Capable": false,
                    "Startup Cost": 50149.06,
                    "Total Cost": 50149.06,
                    "Plan Rows": 1,
                    "Plan Width": 21,
                    "Actual Startup Time": 0.0,
                    "Actual Total Time": 0.0,
                    "Actual Rows": 0,
                    "Actual Loops": 0,
                    "Sort Key": [
                      "item_2.i_item_id"
                    ],
                    "Plans": [
                      {
                        "Node Type": "Nested Loop",
                        "Parent Relationship": "Outer",
                        "Parallel Aware": false,
                        "Async Capable": false,
                        "Join Type": "Inner",
                        "Startup Cost": 3345.59,
                        "Total Cost": 50149.05,
                        "Plan Rows": 1,
                        "Plan Width": 21,
                        "Actual Startup Time": 0.0,
                        "Actual Total Time": 0.0,
                        "Actual Rows": 0,
                        "Actual Loops": 0,
                        "Inner Unique": true,
                        "Plans": [
                          {
                            "Node Type": "Gather",
                            "Parent Relationship": "Outer",
                            "Parallel Aware": false,
                            "Async Capable": false,
                            "Startup Cost": 3345.3,
                            "Total Cost": 50143.52,
                            "Plan Rows": 1,
                            "Plan Width": 8,
                            "Actual Startup Time": 0.0,
                            "Actual Total Time": 0.0,
                            "Actual Rows": 0,
                            "Actual Loops": 0,
                            "Workers Planned": 2,
                            "Workers Launched": 0,
                            "Single Copy": false,
                            "Plans": [
                              {
                                "Node Type": "Hash Join",
                                "Parent Relationship": "Outer",
                                "Parallel Aware": false,
                                "Async Capable": false,
                                "Join Type": "Semi",
                                "Startup Cost": 2345.3,
                                "Total Cost": 49143.42,
                                "Plan Rows": 1,
                                "Plan Width": 8,
                                "Actual Startup Time": 0.0,
                                "Actual Total Time": 0.0,
                                "Actual Rows": 0,
                                "Actual Loops": 0,
                                "Inner Unique": false,
                                "Hash Cond": "(date_dim_6.d_date = date_dim_7.d_date)",
                                "Plans": [
                                  {
                                    "Node Type": "Nested Loop",
                                    "Parent Relationship": "Outer",
                                    "Parallel Aware": false,
                                    "Async Capable": false,
                                    "Join Type": "Inner",
                                    "Startup Cost": 0.29,
                                    "Total Cost": 46797.58,
                                    "Plan Rows": 316,
                                    "Plan Width": 12,
                                    "Actual Startup Time": 0.0,
                                    "Actual Total Time": 0.0,
                                    "Actual Rows": 0,
                                    "Actual Loops": 0,
                                    "Inner Unique": true,
                                    "Plans": [
                                      {
                                        "Node Type": "Seq Scan",
                                        "Parent Relationship": "Outer",
                                        "Parallel Aware": true,
                                        "Async Capable": false,
                                        "Relation Name": "web_returns",
                                        "Alias": "web_returns",
                                        "Startup Cost": 0.0,
                                        "Total Cost": 45322.61,
                                        "Plan Rows": 331,
                                        "Plan Width": 12,
                                        "Actual Startup Time": 0.0,
                                        "Actual Total Time": 0.0,
                                        "Actual Rows": 0,
                                        "Actual Loops": 0,
                                        "Filter": "((wr_reason_sk = ANY ('{7,18,19,22,36}'::integer[])) AND ((wr_return_amt / (wr_return_quantity)::numeric) >= '253'::numeric) AND ((wr_return_amt / (wr_return_quantity)::numeric) <= '282'::numeric))",
                                        "Rows Removed by Filter": 0
                                      },
                                      {
                                        "Node Type": "Index Scan",
                                        "Parent Relationship": "Inner",
                                        "Parallel Aware": false,
                                        "Async Capable": false,
                                        "Scan Direction": "Forward",
                                        "Index Name": "date_dim_pkey",
                                        "Relation Name": "date_dim",
                                        "Alias": "date_dim_6",
                                        "Startup Cost": 0.29,
                                        "Total Cost": 4.46,
                                        "Plan Rows": 1,
                                        "Plan Width": 8,
                                        "Actual Startup Time": 0.0,
                                        "Actual Total Time": 0.0,
                                        "Actual Rows": 0,
                                        "Actual Loops": 0,
                                        "Index Cond": "(d_date_sk = web_returns.wr_returned_date_sk)",
                                        "Rows Removed by Index Recheck": 0
                                      }
                                    ]
                                  },
                                  {
                                    "Node Type": "Hash",
                                    "Parent Relationship": "Inner",
                                    "Parallel Aware": false,
                                    "Async Capable": false,
                                    "Startup Cost": 2343.48,
                                    "Total Cost": 2343.48,
                                    "Plan Rows": 122,
                                    "Plan Width": 4,
                                    "Actual Startup Time": 0.0,
                                    "Actual Total Time": 0.0,
                                    "Actual Rows": 0,
                                    "Actual Loops": 0,
                                    "Plans": [
                                      {
                                        "Node Type": "Nested Loop",
                                        "Parent Relationship": "Outer",
                                        "Parallel Aware": false,
                                        "Async Capable": false,
                                        "Join Type": "Inner",
                                        "Startup Cost": 2317.51,
                                        "Total Cost": 2343.48,
                                        "Plan Rows": 122,
                                        "Plan Width": 4,
                                        "Actual Startup Time": 0.0,
                                        "Actual Total Time": 0.0,
                                        "Actual Rows": 0,
                                        "Actual Loops": 0,
                                        "Inner Unique": false,
                                        "Plans": [
                                          {
                                            "Node Type": "Aggregate",
                                            "Strategy": "Hashed",
                                            "Partial Mode": "Simple",
                                            "Parent Relationship": "Outer",
                                            "Parallel Aware": false,
                                            "Async Capable": false,
                                            "Startup Cost": 2317.22,
                                            "Total Cost": 2317.26,
                                            "Plan Rows": 4,
                                            "Plan Width": 4,
                                            "Actual Startup Time": 0.0,
                                            "Actual Total Time": 0.0,
                                            "Actual Rows": 0,
                                            "Actual Loops": 0,
                                            "Group Key": [
                                              "date_dim_8.d_month_seq"
                                            ],
                                            "Planned Partitions": 0,
                                            "Plans": [
                                              {
                                                "Node Type": "Index Only Scan",
                                                "Parent Relationship": "Outer",
                                                "Parallel Aware": false,
                                                "Async Capable": false,
                                                "Scan Direction": "Forward",
                                                "Index Name": "_dta_index_date_dim_6_661577395__k4_k3",
                                                "Relation Name": "date_dim",
                                                "Alias": "date_dim_8",
                                                "Startup Cost": 0.29,
                                                "Total Cost": 2317.21,
                                                "Plan Rows": 4,
                                                "Plan Width": 4,
                                                "Actual Startup Time": 0.0,
                                                "Actual Total Time": 0.0,
                                                "Actual Rows": 0,
                                                "Actual Loops": 0,
                                                "Filter": "(d_date = ANY ('{1999-01-10,1999-06-17,1999-08-04,1999-11-05}'::date[]))",
                                                "Rows Removed by Filter": 0,
                                                "Heap Fetches": 0
                                              }
                                            ]
                                          },
                                          {
                                            "Node Type": "Index Only Scan",
                                            "Parent Relationship": "Inner",
                                            "Parallel Aware": false,
                                            "Async Capable": false,
                                            "Scan Direction": "Forward",
                                            "Index Name": "_dta_index_date_dim_6_661577395__k4_k3",
                                            "Relation Name": "date_dim",
                                            "Alias": "date_dim_7",
                                            "Startup Cost": 0.29,
                                            "Total Cost": 6.25,
                                            "Plan Rows": 30,
                                            "Plan Width": 8,
                                            "Actual Startup Time": 0.0,
                                            "Actual Total Time": 0.0,
                                            "Actual Rows": 0,
                                            "Actual Loops": 0,
                                            "Index Cond": "(d_month_seq = date_dim_8.d_month_seq)",
                                            "Rows Removed by Index Recheck": 0,
                                            "Heap Fetches": 0
                                          }
                                        ]
                                      }
                                    ]
                                  }
                                ]
                              }
                            ]
                          },
                          {
                            "Node Type": "Index Scan",
                            "Parent Relationship": "Inner",
                            "Parallel Aware": false,
                            "Async Capable": false,
                            "Scan Direction": "Forward",
                            "Index Name": "item_pkey",
                            "Relation Name": "item",
                            "Alias": "item_2",
                            "Startup Cost": 0.29,
                            "Total Cost": 5.52,
                            "Plan Rows": 1,
                            "Plan Width": 21,
                            "Actual Startup Time": 0.0,
                            "Actual Total Time": 0.0,
                            "Actual Rows": 0,
                            "Actual Loops": 0,
                            "Index Cond": "(i_item_sk = web_returns.wr_item_sk)",
                            "Rows Removed by Index Recheck": 0,
                            "Filter": "((i_category = ANY ('{Children,Electronics}'::bpchar[])) AND (i_manager_id >= 15) AND (i_manager_id <= 24))",
                            "Rows Removed by Filter": 0
                          }
                        ]
                      }
                    ]
                  }
                ]
              }
            ]
          }
        ]
      }
    ]
  },
  "actual_rows": 0,
  "provenance": {
    "database": "postgres://jakc9:jakc9@127.0.0.1:5434/dsb_sf10",
    "scale_factor": 10,
    "engine": "postgresql",
    "engine_version": "14.3",
    "cached_at": "2026-02-09T21:16:50.166582"
  }
}