{
  "execution_time_ms": 95197.008,
  "plan_text": "Sort  (rows=0, time=95181.339)\n  Aggregate  (rows=0, time=95181.306)\n    Incremental Sort  (rows=0, time=95181.305)\n      Nested Loop  (rows=0, time=95181.293)\n        Nested Loop  (rows=0, time=95181.292)\n          Nested Loop  (rows=0, time=95181.291)\n            Nested Loop  (rows=0, time=95181.291)\n              Nested Loop  (rows=1140, time=94777.011)\n                Nested Loop  (rows=1140, time=94773.262)\n                  Nested Loop  (rows=1149, time=94770.864)\n                    Nested Loop  (rows=1178, time=94765.721)\n                      Nested Loop  (rows=1210, time=94759.655)\n                        Nested Loop  (rows=1211, time=94473.135)\n                          Nested Loop  (rows=1214, time=94466.578)\n                            Nested Loop  (rows=22546, time=89291.125)\n                              Nested Loop  (rows=22678, time=89214.503)\n                                Nested Loop  (rows=22955, time=86483.821)\n                                  Nested Loop  (rows=23565, time=86379.043)\n                                    Nested Loop  (rows=157863, time=57364.344)\n                                      Merge Join  (rows=604, time=25859.379)\n                                        Index Scan on item  (rows=1071, time=1874.375)\n                                        Aggregate  (rows=58699, time=23981.63)\n                                          Gather Merge  (rows=100716, time=23925.465)\n                                            Aggregate  (rows=33598, time=23792.942)\n                                              Sort  (rows=85939, time=23765.36)\n                                                Hash Join  (rows=85957, time=23379.78)\n                                                  Seq Scan on catalog_returns  (rows=719420, time=1757.932)\n                                                  Hash  (rows=573293, time=18368.759)\n                                                    Seq Scan on catalog_sales  (rows=573293, time=17768.958)\n                                      Bitmap Heap Scan on store_returns  (rows=261, time=52.051)\n                                        Bitmap Index Scan  (rows=261, time=0.685)\n                                    Index Scan on store_sales  (rows=0, time=0.183)\n                                  Index Scan on household_demographics (hd1)  (rows=1, time=0.003)\n                                Index Scan on customer_address (ad1)  (rows=1, time=0.118)\n                              Index Only Scan on date_dim (d1)  (rows=1, time=0.002)\n                            Index Scan on customer_demographics (cd1)  (rows=0, time=0.229)\n                          Index Scan on store  (rows=1, time=0.003)\n                        Index Scan on customer  (rows=1, time=0.235)\n                      Index Only Scan on date_dim (d3)  (rows=1, time=0.003)\n                    Index Scan on household_demographics (hd2)  (rows=1, time=0.003)\n                  Index Only Scan on date_dim (d2)  (rows=1, time=0.001)\n                Index Only Scan on income_band (ib2)  (rows=1, time=0.002)\n              Index Scan on customer_demographics (cd2)  (rows=0, time=0.354)\n            Index Scan on promotion  (rows=0, time=0.0)\n          Index Scan on customer_address (ad2)  (rows=0, time=0.0)\n        Index Only Scan on income_band (ib1)  (rows=0, time=0.0)\n  Nested Loop  (rows=0, time=95089.108)\n    CTE Scan (cs1)  (rows=0, time=95089.107)\n    CTE Scan (cs2)  (rows=0, time=0.0)",
  "plan_json": {
    "Node Type": "Sort",
    "Parallel Aware": false,
    "Async Capable": false,
    "Startup Cost": 621719.42,
    "Total Cost": 621719.43,
    "Plan Rows": 1,
    "Plan Width": 1310,
    "Actual Startup Time": 95089.137,
    "Actual Total Time": 95181.339,
    "Actual Rows": 0,
    "Actual Loops": 1,
    "Sort Key": [
      "cs1.product_name",
      "cs1.store_name",
      "cs2.cnt",
      "cs1.s1",
      "cs2.s1"
    ],
    "Sort Method": "quicksort",
    "Sort Space Used": 25,
    "Sort Space Type": "Memory",
    "Plans": [
      {
        "Node Type": "Aggregate",
        "Strategy": "Sorted",
        "Partial Mode": "Simple",
        "Parent Relationship": "InitPlan",
        "Subplan Name": "CTE cross_sales",
        "Parallel Aware": false,
        "Async Capable": false,
        "Startup Cost": 585340.17,
        "Total Cost": 621719.35,
        "Plan Rows": 1,
        "Plan Width": 266,
        "Actual Startup Time": 95089.106,
        "Actual Total Time": 95181.306,
        "Actual Rows": 0,
        "Actual Loops": 1,
        "Group Key": [
          "item.i_item_sk",
          "store.s_store_name",
          "store.s_zip",
          "ad1.ca_street_number",
          "ad1.ca_street_name",
          "ad1.ca_city",
          "ad1.ca_zip",
          "ad2.ca_street_number",
          "ad2.ca_street_name",
          "ad2.ca_city",
          "ad2.ca_zip",
          "d1.d_year",
          "d2.d_year",
          "d3.d_year"
        ],
        "Plans": [
          {
            "Node Type": "Incremental Sort",
            "Parent Relationship": "Outer",
            "Parallel Aware": false,
            "Async Capable": false,
            "Startup Cost": 585340.17,
            "Total Cost": 621719.24,
            "Plan Rows": 2,
            "Plan Width": 177,
            "Actual Startup Time": 95089.105,
            "Actual Total Time": 95181.305,
            "Actual Rows": 0,
            "Actual Loops": 1,
            "Sort Key": [
              "item.i_item_sk",
              "store.s_store_name",
              "store.s_zip",
              "ad1.ca_street_number",
              "ad1.ca_street_name",
              "ad1.ca_city",
              "ad1.ca_zip",
              "ad2.ca_street_number",
              "ad2.ca_street_name",
              "ad2.ca_city",
              "ad2.ca_zip",
              "d1.d_year",
              "d2.d_year",
              "d3.d_year"
            ],
            "Presorted Key": [
              "item.i_item_sk"
            ],
            "Full-sort Groups": {
              "Group Count": 1,
              "Sort Methods Used": [
                "quicksort"
              ],
              "Sort Space Memory": {
                "Average Sort Space Used": 25,
                "Peak Sort Space Used": 25
              }
            },
            "Plans": [
              {
                "Node Type": "Nested Loop",
                "Parent Relationship": "Outer",
                "Parallel Aware": false,
                "Async Capable": false,
                "Join Type": "Inner",
                "Startup Cost": 548961.16,
                "Total Cost": 621719.15,
                "Plan Rows": 1,
                "Plan Width": 177,
                "Actual Startup Time": 95089.093,
                "Actual Total Time": 95181.293,
                "Actual Rows": 0,
                "Actual Loops": 1,
                "Inner Unique": true,
                "Plans": [
                  {
                    "Node Type": "Nested Loop",
                    "Parent Relationship": "Outer",
                    "Parallel Aware": false,
                    "Async Capable": false,
                    "Join Type": "Inner",
                    "Startup Cost": 548961.02,
                    "Total Cost": 621718.99,
                    "Plan Rows": 1,
                    "Plan Width": 181,
                    "Actual Startup Time": 95089.092,
                    "Actual Total Time": 95181.292,
                    "Actual Rows": 0,
                    "Actual Loops": 1,
                    "Inner Unique": true,
                    "Plans": [
                      {
                        "Node Type": "Nested Loop",
                        "Parent Relationship": "Outer",
                        "Parallel Aware": false,
                        "Async Capable": false,
                        "Join Type": "Inner",
                        "Startup Cost": 548960.6,
                        "Total Cost": 621716.42,
                        "Plan Rows": 1,
                        "Plan Width": 145,
                        "Actual Startup Time": 95089.092,
                        "Actual Total Time": 95181.291,
                        "Actual Rows": 0,
                        "Actual Loops": 1,
                        "Inner Unique": true,
                        "Plans": [
                          {
                            "Node Type": "Nested Loop",
                            "Parent Relationship": "Outer",
                            "Parallel Aware": false,
                            "Async Capable": false,
                            "Join Type": "Inner",
                            "Startup Cost": 548960.33,
                            "Total Cost": 621714.14,
                            "Plan Rows": 1,
                            "Plan Width": 149,
                            "Actual Startup Time": 95089.092,
                            "Actual Total Time": 95181.291,
                            "Actual Rows": 0,
                            "Actual Loops": 1,
                            "Inner Unique": true,
                            "Join Filter": "(cd1.cd_marital_status <> cd2.cd_marital_status)",
                            "Rows Removed by Join Filter": 40,
                            "Plans": [
                              {
                                "Node Type": "Nested Loop",
                                "Parent Relationship": "Outer",
                                "Parallel Aware": false,
                                "Async Capable": false,
                                "Join Type": "Inner",
                                "Startup Cost": 548959.9,
                                "Total Cost": 621711.43,
                                "Plan Rows": 1,
                                "Plan Width": 155,
                                "Actual Startup Time": 24617.951,
                                "Actual Total Time": 94777.011,
                                "Actual Rows": 1140,
                                "Actual Loops": 1,
                                "Inner Unique": true,
                                "Plans": [
                                  {
                                    "Node Type": "Nested Loop",
                                    "Parent Relationship": "Outer",
                                    "Parallel Aware": false,
                                    "Async Capable": false,
                                    "Join Type": "Inner",
                                    "Startup Cost": 548959.77,
                                    "Total Cost": 621711.27,
                                    "Plan Rows": 1,
                                    "Plan Width": 159,
                                    "Actual Startup Time": 24617.939,
                                    "Actual Total Time": 94773.262,
                                    "Actual Rows": 1140,
                                    "Actual Loops": 1,
                                    "Inner Unique": true,
                                    "Plans": [
                                      {
                                        "Node Type": "Nested Loop",
                                        "Parent Relationship": "Outer",
                                        "Parallel Aware": false,
                                        "Async Capable": false,
                                        "Join Type": "Inner",
                                        "Startup Cost": 548959.47,
                                        "Total Cost": 621709.9,
                                        "Plan Rows": 1,
                                        "Plan Width": 159,
                                        "Actual Startup Time": 24617.928,
                                        "Actual Total Time": 94770.864,
                                        "Actual Rows": 1149,
                                        "Actual Loops": 1,
                                        "Inner Unique": true,
                                        "Plans": [
                                          {
                                            "Node Type": "Nested Loop",
                                            "Parent Relationship": "Outer",
                                            "Parallel Aware": false,
                                            "Async Capable": false,
                                            "Join Type": "Inner",
                                            "Startup Cost": 548959.19,
                                            "Total Cost": 621707.71,
                                            "Plan Rows": 1,
                                            "Plan Width": 159,
                                            "Actual Startup Time": 24617.912,
                                            "Actual Total Time": 94765.721,
                                            "Actual Rows": 1178,
                                            "Actual Loops": 1,
                                            "Inner Unique": true,
                                            "Plans": [
                                              {
                                                "Node Type": "Nested Loop",
                                                "Parent Relationship": "Outer",
                                                "Parallel Aware": false,
                                                "Async Capable": false,
                                                "Join Type": "Inner",
                                                "Startup Cost": 548958.9,
                                                "Total Cost": 621706.33,
                                                "Plan Rows": 1,
                                                "Plan Width": 159,
                                                "Actual Startup Time": 24617.89,
                                                "Actual Total Time": 94759.655,
                                                "Actual Rows": 1210,
                                                "Actual Loops": 1,
                                                "Inner Unique": true,
                                                "Plans": [
                                                  {
                                                    "Node Type": "Nested Loop",
                                                    "Parent Relationship": "Outer",
                                                    "Parallel Aware": false,
                                                    "Async Capable": false,
                                                    "Join Type": "Inner",
                                                    "Startup Cost": 548958.48,
                                                    "Total Cost": 621703.77,
                                                    "Plan Rows": 1,
                                                    "Plan Width": 143,
                                                    "Actual Startup Time": 24617.192,
                                                    "Actual Total Time": 94473.135,
                                                    "Actual Rows": 1211,
                                                    "Actual Loops": 1,
                                                    "Inner Unique": true,
                                                    "Plans": [
                                                      {
                                                        "Node Type": "Nested Loop",
                                                        "Parent Relationship": "Outer",
                                                        "Parallel Aware": false,
                                                        "Async Capable": false,
                                                        "Join Type": "Inner",
                                                        "Startup Cost": 548958.33,
                                                        "Total Cost": 621702.79,
                                                        "Plan Rows": 1,
                                                        "Plan Width": 132,
                                                        "Actual Startup Time": 24617.178,
                                                        "Actual Total Time": 94466.578,
                                                        "Actual Rows": 1214,
                                                        "Actual Loops": 1,
                                                        "Inner Unique": true,
                                                        "Plans": [
                                                          {
                                                            "Node Type": "Nested Loop",
                                                            "Parent Relationship": "Outer",
                                                            "Parallel Aware": false,
                                                            "Async Capable": false,
                                                            "Join Type": "Inner",
                                                            "Startup Cost": 548957.91,
                                                            "Total Cost": 621700.18,
                                                            "Plan Rows": 1,
                                                            "Plan Width": 134,
                                                            "Actual Startup Time": 24616.783,
                                                            "Actual Total Time": 89291.125,
                                                            "Actual Rows": 22546,
                                                            "Actual Loops": 1,
                                                            "Inner Unique": true,
                                                            "Plans": [
                                                              {
                                                                "Node Type": "Nested Loop",
                                                                "Parent Relationship": "Outer",
                                                                "Parallel Aware": false,
                                                                "Async Capable": false,
                                                                "Join Type": "Inner",
                                                                "Startup Cost": 548957.61,
                                                                "Total Cost": 621698.8,
                                                                "Plan Rows": 1,
                                                                "Plan Width": 134,
                                                                "Actual Startup Time": 24615.873,
                                                                "Actual Total Time": 89214.503,
                                                                "Actual Rows": 22678,
                                                                "Actual Loops": 1,
                                                                "Inner Unique": true,
                                                                "Plans": [
                                                                  {
                                                                    "Node Type": "Nested Loop",
                                                                    "Parent Relationship": "Outer",
                                                                    "Parallel Aware": false,
                                                                    "Async Capable": false,
                                                                    "Join Type": "Inner",
                                                                    "Startup Cost": 548957.19,
                                                                    "Total Cost": 621696.25,
                                                                    "Plan Rows": 1,
                                                                    "Plan Width": 98,
                                                                    "Actual Startup Time": 24615.853,
                                                                    "Actual Total Time": 86483.821,
                                                                    "Actual Rows": 22955,
                                                                    "Actual Loops": 1,
                                                                    "Inner Unique": true,
                                                                    "Plans": [
                                                                      {
                                                                        "Node Type": "Nested Loop",
                                                                        "Parent Relationship": "Outer",
                                                                        "Parallel Aware": false,
                                                                        "Async Capable": false,
                                                                        "Join Type": "Inner",
                                                                        "Startup Cost": 548956.91,
                                                                        "Total Cost": 621694.06,
                                                                        "Plan Rows": 1,
                                                                        "Plan Width": 98,
                                                                        "Actual Startup Time": 24615.831,
                                                                        "Actual Total Time": 86379.043,
                                                                        "Actual Rows": 23565,
                                                                        "Actual Loops": 1,
                                                                        "Inner Unique": true,
                                                                        "Join Filter": "(store_sales.ss_item_sk = item.i_item_sk)",
                                                                        "Rows Removed by Join Filter": 0,
                                                                        "Plans": [
                                                                          {
                                                                            "Node Type": "Nested Loop",
                                                                            "Parent Relationship": "Outer",
                                                                            "Parallel Aware": false,
                                                                            "Async Capable": false,
                                                                            "Join Type": "Inner",
                                                                            "Startup Cost": 548956.47,
                                                                            "Total Cost": 601092.01,
                                                                            "Plan Rows": 6280,
                                                                            "Plan Width": 67,
                                                                            "Actual Startup Time": 24589.788,
                                                                            "Actual Total Time": 57364.344,
                                                                            "Actual Rows": 157863,
                                                                            "Actual Loops": 1,
                                                                            "Inner Unique": false,
                                                                            "Join Filter": "(store_returns.sr_item_sk = item.i_item_sk)",
                                                                            "Rows Removed by Join Filter": 0,
                                                                            "Plans": [
                                                                              {
                                                                                "Node Type": "Merge Join",
                                                                                "Parent Relationship": "Outer",
                                                                                "Parallel Aware": false,
                                                                                "Async Capable": false,
                                                                                "Join Type": "Inner",
                                                                                "Startup Cost": 548947.65,
                                                                                "Total Cost": 566520.07,
                                                                                "Plan Rows": 89,
                                                                                "Plan Width": 59,
                                                                                "Actual Startup Time": 24586.537,
                                                                                "Actual Total Time": 25859.379,
                                                                                "Actual Rows": 604,
                                                                                "Actual Loops": 1,
                                                                                "Inner Unique": true,
                                                                                "Merge Cond": "(item.i_item_sk = catalog_sales.cs_item_sk)",
                                                                                "Plans": [
                                                                                  {
                                                                                    "Node Type": "Index Scan",
                                                                                    "Parent Relationship": "Outer",
                                                                                    "Parallel Aware": false,
                                                                                    "Async Capable": false,
                                                                                    "Scan Direction": "Forward",
                                                                                    "Index Name": "item_pkey",
                                                                                    "Relation Name": "item",
                                                                                    "Alias": "item",
                                                                                    "Startup Cost": 0.29,
                                                                                    "Total Cost": 10324.25,
                                                                                    "Plan Rows": 1165,
                                                                                    "Plan Width": 55,
                                                                                    "Actual Startup Time": 807.414,
                                                                                    "Actual Total Time": 1874.375,
                                                                                    "Actual Rows": 1071,
                                                                                    "Actual Loops": 1,
                                                                                    "Filter": "((i_current_price >= '77'::numeric) AND (i_current_price <= '87'::numeric))",
                                                                                    "Rows Removed by Filter": 100929
                                                                                  },
                                                                                  {
                                                                                    "Node Type": "Aggregate",
                                                                                    "Strategy": "Sorted",
                                                                                    "Partial Mode": "Finalize",
                                                                                    "Parent Relationship": "Inner",
                                                                                    "Parallel Aware": false,
                                                                                    "Async Capable": false,
                                                                                    "Startup Cost": 548947.36,
                                                                                    "Total Cost": 556095.04,
                                                                                    "Plan Rows": 7759,
                                                                                    "Plan Width": 68,
                                                                                    "Actual Startup Time": 23779.041,
                                                                                    "Actual Total Time": 23981.63,
                                                                                    "Actual Rows": 58699,
                                                                                    "Actual Loops": 1,
                                                                                    "Group Key": [
                                                                                      "catalog_sales.cs_item_sk"
                                                                                    ],
                                                                                    "Filter": "(sum(catalog_sales.cs_ext_list_price) > ('2'::numeric * sum(((catalog_returns.cr_refunded_cash + catalog_returns.cr_reversed_charge) + catalog_returns.cr_store_credit))))",
                                                                                    "Rows Removed by Filter": 9430,
                                                                                    "Plans": [
                                                                                      {
                                                                                        "Node Type": "Gather Merge",
                                                                                        "Parent Relationship": "Outer",
                                                                                        "Parallel Aware": false,
                                                                                        "Async Capable": false,
                                                                                        "Startup Cost": 548947.36,
                                                                                        "Total Cost": 555047.53,
                                                                                        "Plan Rows": 46556,
                                                                                        "Plan Width": 68,
                                                                                        "Actual Startup Time": 23778.983,
                                                                                        "Actual Total Time": 23925.465,
                                                                                        "Actual Rows": 100716,
                                                                                        "Actual Loops": 1,
                                                                                        "Workers Planned": 2,
                                                                                        "Workers Launched": 2,
                                                                                        "Plans": [
                                                                                          {
                                                                                            "Node Type": "Aggregate",
                                                                                            "Strategy": "Sorted",
                                                                                            "Partial Mode": "Partial",
                                                                                            "Parent Relationship": "Outer",
                                                                                            "Parallel Aware": false,
                                                                                            "Async Capable": false,
                                                                                            "Startup Cost": 547947.33,
                                                                                            "Total Cost": 548673.78,
                                                                                            "Plan Rows": 23278,
                                                                                            "Plan Width": 68,
                                                                                            "Actual Startup Time": 23758.538,
                                                                                            "Actual Total Time": 23792.942,
                                                                                            "Actual Rows": 33598,
                                                                                            "Actual Loops": 3,
                                                                                            "Group Key": [
                                                                                              "catalog_sales.cs_item_sk"
                                                                                            ],
                                                                                            "Workers": [],
                                                                                            "Plans": [
                                                                                              {
                                                                                                "Node Type": "Sort",
                                                                                                "Parent Relationship": "Outer",
                                                                                                "Parallel Aware": false,
                                                                                                "Async Capable": false,
                                                                                                "Startup Cost": 547947.33,
                                                                                                "Total Cost": 548010.21,
                                                                                                "Plan Rows": 25152,
                                                                                                "Plan Width": 28,
                                                                                                "Actual Startup Time": 23758.503,
                                                                                                "Actual Total Time": 23765.36,
                                                                                                "Actual Rows": 85939,
                                                                                                "Actual Loops": 3,
                                                                                                "Sort Key": [
                                                                                                  "catalog_sales.cs_item_sk"
                                                                                                ],
                                                                                                "Sort Method": "external merge",
                                                                                                "Sort Space Used": 3496,
                                                                                                "Sort Space Type": "Disk",
                                                                                                "Workers": [
                                                                                                  {
                                                                                                    "Worker Number": 0,
                                                                                                    "Sort Method": "external merge",
                                                                                                    "Sort Space Used": 3536,
                                                                                                    "Sort Space Type": "Disk"
                                                                                                  },
                                                                                                  {
                                                                                                    "Worker Number": 1,
                                                                                                    "Sort Method": "external merge",
                                                                                                    "Sort Space Used": 3512,
                                                                                                    "Sort Space Type": "Disk"
                                                                                                  }
                                                                                                ],
                                                                                                "Plans": [
                                                                                                  {
                                                                                                    "Node Type": "Hash Join",
                                                                                                    "Parent Relationship": "Outer",
                                                                                                    "Parallel Aware": true,
                                                                                                    "Async Capable": false,
                                                                                                    "Join Type": "Inner",
                                                                                                    "Startup Cost": 473576.79,
                                                                                                    "Total Cost": 546108.93,
                                                                                                    "Plan Rows": 25152,
                                                                                                    "Plan Width": 28,
                                                                                                    "Actual Startup Time": 20995.67,
                                                                                                    "Actual Total Time": 23379.78,
                                                                                                    "Actual Rows": 85957,
                                                                                                    "Actual Loops": 3,
                                                                                                    "Inner Unique": true,
                                                                                                    "Hash Cond": "((catalog_returns.cr_item_sk = catalog_sales.cs_item_sk) AND (catalog_returns.cr_order_number = catalog_sales.cs_order_number))",
                                                                                                    "Workers": [],
                                                                                                    "Plans": [
                                                                                                      {
                                                                                                        "Node Type": "Seq Scan",
                                                                                                        "Parent Relationship": "Outer",
                                                                                                        "Parallel Aware": true,
                                                                                                        "Async Capable": false,
                                                                                                        "Relation Name": "catalog_returns",
                                                                                                        "Alias": "catalog_returns",
                                                                                                        "Startup Cost": 0.0,
                                                                                                        "Total Cost": 52016.88,
                                                                                                        "Plan Rows": 899288,
                                                                                                        "Plan Width": 26,
                                                                                                        "Actual Startup Time": 0.385,
                                                                                                        "Actual Total Time": 1757.932,
                                                                                                        "Actual Rows": 719420,
                                                                                                        "Actual Loops": 3,
                                                                                                        "Workers": []
                                                                                                      },
                                                                                                      {
                                                                                                        "Node Type": "Hash",
                                                                                                        "Parent Relationship": "Inner",
                                                                                                        "Parallel Aware": true,
                                                                                                        "Async Capable": false,
                                                                                                        "Startup Cost": 459334.84,
                                                                                                        "Total Cost": 459334.84,
                                                                                                        "Plan Rows": 716263,
                                                                                                        "Plan Width": 14,
                                                                                                        "Actual Startup Time": 18368.758,
                                                                                                        "Actual Total Time": 18368.759,
                                                                                                        "Actual Rows": 573293,
                                                                                                        "Actual Loops": 3,
                                                                                                        "Hash Buckets": 262144,
                                                                                                        "Original Hash Buckets": 262144,
                                                                                                        "Hash Batches": 16,
                                                                                                        "Original Hash Batches": 16,
                                                                                                        "Peak Memory Usage": 7456,
                                                                                                        "Workers": [],
                                                                                                        "Plans": [
                                                                                                          {
                                                                                                            "Node Type": "Seq Scan",
                                                                                                            "Parent Relationship": "Outer",
                                                                                                            "Parallel Aware": true,
                                                                                                            "Async Capable": false,
                                                                                                            "Relation Name": "catalog_sales",
                                                                                                            "Alias": "catalog_sales",
                                                                                                            "Startup Cost": 0.0,
                                                                                                            "Total Cost": 459334.84,
                                                                                                            "Plan Rows": 716263,
                                                                                                            "Plan Width": 14,
                                                                                                            "Actual Startup Time": 100.157,
                                                                                                            "Actual Total Time": 17768.958,
                                                                                                            "Actual Rows": 573293,
                                                                                                            "Actual Loops": 3,
                                                                                                            "Filter": "((cs_wholesale_cost >= '76'::numeric) AND (cs_wholesale_cost <= '96'::numeric))",
                                                                                                            "Rows Removed by Filter": 4225871,
                                                                                                            "Workers": []
                                                                                                          }
                                                                                                        ]
                                                                                                      }
                                                                                                    ]
                                                                                                  }
                                                                                                ]
                                                                                              }
                                                                                            ]
                                                                                          }
                                                                                        ]
                                                                                      }
                                                                                    ]
                                                                                  }
                                                                                ]
                                                                              },
                                                                              {
                                                                                "Node Type": "Bitmap Heap Scan",
                                                                                "Parent Relationship": "Inner",
                                                                                "Parallel Aware": false,
                                                                                "Async Capable": false,
                                                                                "Relation Name": "store_returns",
                                                                                "Alias": "store_returns",
                                                                                "Startup Cost": 8.82,
                                                                                "Total Cost": 384.61,
                                                                                "Plan Rows": 307,
                                                                                "Plan Width": 8,
                                                                                "Actual Startup Time": 0.962,
                                                                                "Actual Total Time": 52.051,
                                                                                "Actual Rows": 261,
                                                                                "Actual Loops": 604,
                                                                                "Recheck Cond": "(sr_item_sk = catalog_sales.cs_item_sk)",
                                                                                "Rows Removed by Index Recheck": 0,
                                                                                "Exact Heap Blocks": 73703,
                                                                                "Lossy Heap Blocks": 0,
                                                                                "Plans": [
                                                                                  {
                                                                                    "Node Type": "Bitmap Index Scan",
                                                                                    "Parent Relationship": "Outer",
                                                                                    "Parallel Aware": false,
                                                                                    "Async Capable": false,
                                                                                    "Index Name": "store_returns_pkey",
                                                                                    "Startup Cost": 0.0,
                                                                                    "Total Cost": 8.75,
                                                                                    "Plan Rows": 307,
                                                                                    "Plan Width": 0,
                                                                                    "Actual Startup Time": 0.685,
                                                                                    "Actual Total Time": 0.685,
                                                                                    "Actual Rows": 261,
                                                                                    "Actual Loops": 604,
                                                                                    "Index Cond": "(sr_item_sk = catalog_sales.cs_item_sk)"
                                                                                  }
                                                                                ]
                                                                              }
                                                                            ]
                                                                          },
                                                                          {
                                                                            "Node Type": "Index Scan",
                                                                            "Parent Relationship": "Inner",
                                                                            "Parallel Aware": false,
                                                                            "Async Capable": false,
                                                                            "Scan Direction": "Forward",
                                                                            "Index Name": "_dta_index_store_sales_6_1333579789__k10_k3",
                                                                            "Relation Name": "store_sales",
                                                                            "Alias": "store_sales",
                                                                            "Startup Cost": 0.44,
                                                                            "Total Cost": 3.27,
                                                                            "Plan Rows": 1,
                                                                            "Plan Width": 51,
                                                                            "Actual Startup Time": 0.183,
                                                                            "Actual Total Time": 0.183,
                                                                            "Actual Rows": 0,
                                                                            "Actual Loops": 157863,
                                                                            "Index Cond": "((ss_ticket_number = store_returns.sr_ticket_number) AND (ss_item_sk = store_returns.sr_item_sk))",
                                                                            "Rows Removed by Index Recheck": 0,
                                                                            "Filter": "((ss_wholesale_cost >= '76'::numeric) AND (ss_wholesale_cost <= '96'::numeric))",
                                                                            "Rows Removed by Filter": 1
                                                                          }
                                                                        ]
                                                                      },
                                                                      {
                                                                        "Node Type": "Index Scan",
                                                                        "Parent Relationship": "Inner",
                                                                        "Parallel Aware": false,
                                                                        "Async Capable": false,
                                                                        "Scan Direction": "Forward",
                                                                        "Index Name": "household_demographics_pkey",
                                                                        "Relation Name": "household_demographics",
                                                                        "Alias": "hd1",
                                                                        "Startup Cost": 0.28,
                                                                        "Total Cost": 2.19,
                                                                        "Plan Rows": 1,
                                                                        "Plan Width": 8,
                                                                        "Actual Startup Time": 0.003,
                                                                        "Actual Total Time": 0.003,
                                                                        "Actual Rows": 1,
                                                                        "Actual Loops": 23565,
                                                                        "Index Cond": "(hd_demo_sk = store_sales.ss_hdemo_sk)",
                                                                        "Rows Removed by Index Recheck": 0
                                                                      }
                                                                    ]
                                                                  },
                                                                  {
                                                                    "Node Type": "Index Scan",
                                                                    "Parent Relationship": "Inner",
                                                                    "Parallel Aware": false,
                                                                    "Async Capable": false,
                                                                    "Scan Direction": "Forward",
                                                                    "Index Name": "customer_address_pkey",
                                                                    "Relation Name": "customer_address",
                                                                    "Alias": "ad1",
                                                                    "Startup Cost": 0.42,
                                                                    "Total Cost": 2.55,
                                                                    "Plan Rows": 1,
                                                                    "Plan Width": 44,
                                                                    "Actual Startup Time": 0.118,
                                                                    "Actual Total Time": 0.118,
                                                                    "Actual Rows": 1,
                                                                    "Actual Loops": 22955,
                                                                    "Index Cond": "(ca_address_sk = store_sales.ss_addr_sk)",
                                                                    "Rows Removed by Index Recheck": 0
                                                                  }
                                                                ]
                                                              },
                                                              {
                                                                "Node Type": "Index Only Scan",
                                                                "Parent Relationship": "Inner",
                                                                "Parallel Aware": false,
                                                                "Async Capable": false,
                                                                "Scan Direction": "Forward",
                                                                "Index Name": "_dta_index_date_dim_6_661577395__k1_k7_k9",
                                                                "Relation Name": "date_dim",
                                                                "Alias": "d1",
                                                                "Startup Cost": 0.29,
                                                                "Total Cost": 1.37,
                                                                "Plan Rows": 1,
                                                                "Plan Width": 8,
                                                                "Actual Startup Time": 0.002,
                                                                "Actual Total Time": 0.002,
                                                                "Actual Rows": 1,
                                                                "Actual Loops": 22678,
                                                                "Index Cond": "(d_date_sk = store_sales.ss_sold_date_sk)",
                                                                "Rows Removed by Index Recheck": 0,
                                                                "Heap Fetches": 0
                                                              }
                                                            ]
                                                          },
                                                          {
                                                            "Node Type": "Index Scan",
                                                            "Parent Relationship": "Inner",
                                                            "Parallel Aware": false,
                                                            "Async Capable": false,
                                                            "Scan Direction": "Forward",
                                                            "Index Name": "customer_demographics_pkey",
                                                            "Relation Name": "customer_demographics",
                                                            "Alias": "cd1",
                                                            "Startup Cost": 0.43,
                                                            "Total Cost": 2.62,
                                                            "Plan Rows": 1,
                                                            "Plan Width": 6,
                                                            "Actual Startup Time": 0.229,
                                                            "Actual Total Time": 0.229,
                                                            "Actual Rows": 0,
                                                            "Actual Loops": 22546,
                                                            "Index Cond": "(cd_demo_sk = store_sales.ss_cdemo_sk)",
                                                            "Rows Removed by Index Recheck": 0,
                                                            "Filter": "((cd_marital_status = ANY ('{S,S,S}'::bpchar[])) AND (cd_education_status = ANY ('{\"Advanced Degree\",\"4 yr Degree\",\"4 yr Degree\"}'::bpchar[])))",
                                                            "Rows Removed by Filter": 1
                                                          }
                                                        ]
                                                      },
                                                      {
                                                        "Node Type": "Index Scan",
                                                        "Parent Relationship": "Inner",
                                                        "Parallel Aware": false,
                                                        "Async Capable": false,
                                                        "Scan Direction": "Forward",
                                                        "Index Name": "_dta_index_store_6_885578193__k1_2_6",
                                                        "Relation Name": "store",
                                                        "Alias": "store",
                                                        "Startup Cost": 0.14,
                                                        "Total Cost": 0.96,
                                                        "Plan Rows": 1,
                                                        "Plan Width": 19,
                                                        "Actual Startup Time": 0.003,
                                                        "Actual Total Time": 0.003,
                                                        "Actual Rows": 1,
                                                        "Actual Loops": 1214,
                                                        "Index Cond": "(s_store_sk = store_sales.ss_store_sk)",
                                                        "Rows Removed by Index Recheck": 0
                                                      }
                                                    ]
                                                  },
                                                  {
                                                    "Node Type": "Index Scan",
                                                    "Parent Relationship": "Inner",
                                                    "Parallel Aware": false,
                                                    "Async Capable": false,
                                                    "Scan Direction": "Forward",
                                                    "Index Name": "_dta_index_customer_6_949578421__k1_k5",
                                                    "Relation Name": "customer",
                                                    "Alias": "customer",
                                                    "Startup Cost": 0.42,
                                                    "Total Cost": 2.57,
                                                    "Plan Rows": 1,
                                                    "Plan Width": 24,
                                                    "Actual Startup Time": 0.235,
                                                    "Actual Total Time": 0.235,
                                                    "Actual Rows": 1,
                                                    "Actual Loops": 1211,
                                                    "Index Cond": "(c_customer_sk = store_sales.ss_customer_sk)",
                                                    "Rows Removed by Index Recheck": 0
                                                  }
                                                ]
                                              },
                                              {
                                                "Node Type": "Index Only Scan",
                                                "Parent Relationship": "Inner",
                                                "Parallel Aware": false,
                                                "Async Capable": false,
                                                "Scan Direction": "Forward",
                                                "Index Name": "_dta_index_date_dim_6_661577395__k1_k7_k9",
                                                "Relation Name": "date_dim",
                                                "Alias": "d3",
                                                "Startup Cost": 0.29,
                                                "Total Cost": 1.37,
                                                "Plan Rows": 1,
                                                "Plan Width": 8,
                                                "Actual Startup Time": 0.003,
                                                "Actual Total Time": 0.003,
                                                "Actual Rows": 1,
                                                "Actual Loops": 1210,
                                                "Index Cond": "(d_date_sk = customer.c_first_shipto_date_sk)",
                                                "Rows Removed by Index Recheck": 0,
                                                "Heap Fetches": 0
                                              }
                                            ]
                                          },
                                          {
                                            "Node Type": "Index Scan",
                                            "Parent Relationship": "Inner",
                                            "Parallel Aware": false,
                                            "Async Capable": false,
                                            "Scan Direction": "Forward",
                                            "Index Name": "household_demographics_pkey",
                                            "Relation Name": "household_demographics",
                                            "Alias": "hd2",
                                            "Startup Cost": 0.28,
                                            "Total Cost": 2.19,
                                            "Plan Rows": 1,
                                            "Plan Width": 8,
                                            "Actual Startup Time": 0.003,
                                            "Actual Total Time": 0.003,
                                            "Actual Rows": 1,
                                            "Actual Loops": 1178,
                                            "Index Cond": "(hd_demo_sk = customer.c_current_hdemo_sk)",
                                            "Rows Removed by Index Recheck": 0
                                          }
                                        ]
                                      },
                                      {
                                        "Node Type": "Index Only Scan",
                                        "Parent Relationship": "Inner",
                                        "Parallel Aware": false,
                                        "Async Capable": false,
                                        "Scan Direction": "Forward",
                                        "Index Name": "_dta_index_date_dim_6_661577395__k1_k7_k9",
                                        "Relation Name": "date_dim",
                                        "Alias": "d2",
                                        "Startup Cost": 0.29,
                                        "Total Cost": 1.37,
                                        "Plan Rows": 1,
                                        "Plan Width": 8,
                                        "Actual Startup Time": 0.001,
                                        "Actual Total Time": 0.001,
                                        "Actual Rows": 1,
                                        "Actual Loops": 1149,
                                        "Index Cond": "(d_date_sk = customer.c_first_sales_date_sk)",
                                        "Rows Removed by Index Recheck": 0,
                                        "Heap Fetches": 0
                                      }
                                    ]
                                  },
                                  {
                                    "Node Type": "Index Only Scan",
                                    "Parent Relationship": "Inner",
                                    "Parallel Aware": false,
                                    "Async Capable": false,
                                    "Scan Direction": "Forward",
                                    "Index Name": "income_band_pkey",
                                    "Relation Name": "income_band",
                                    "Alias": "ib2",
                                    "Startup Cost": 0.14,
                                    "Total Cost": 0.16,
                                    "Plan Rows": 1,
                                    "Plan Width": 4,
                                    "Actual Startup Time": 0.002,
                                    "Actual Total Time": 0.002,
                                    "Actual Rows": 1,
                                    "Actual Loops": 1140,
                                    "Index Cond": "(ib_income_band_sk = hd2.hd_income_band_sk)",
                                    "Rows Removed by Index Recheck": 0,
                                    "Heap Fetches": 1140
                                  }
                                ]
                              },
                              {
                                "Node Type": "Index Scan",
                                "Parent Relationship": "Inner",
                                "Parallel Aware": false,
                                "Async Capable": false,
                                "Scan Direction": "Forward",
                                "Index Name": "customer_demographics_pkey",
                                "Relation Name": "customer_demographics",
                                "Alias": "cd2",
                                "Startup Cost": 0.43,
                                "Total Cost": 2.7,
                                "Plan Rows": 1,
                                "Plan Width": 6,
                                "Actual Startup Time": 0.354,
                                "Actual Total Time": 0.354,
                                "Actual Rows": 0,
                                "Actual Loops": 1140,
                                "Index Cond": "(cd_demo_sk = customer.c_current_cdemo_sk)",
                                "Rows Removed by Index Recheck": 0,
                                "Filter": "((cd_marital_status = ANY ('{S,S,S}'::bpchar[])) AND (cd_education_status = ANY ('{\"Advanced Degree\",\"4 yr Degree\",\"4 yr Degree\"}'::bpchar[])))",
                                "Rows Removed by Filter": 1
                              }
                            ]
                          },
                          {
                            "Node Type": "Index Scan",
                            "Parent Relationship": "Inner",
                            "Parallel Aware": false,
                            "Async Capable": false,
                            "Scan Direction": "Forward",
                            "Index Name": "promotion_pkey",
                            "Relation Name": "promotion",
                            "Alias": "promotion",
                            "Startup Cost": 0.27,
                            "Total Cost": 2.22,
                            "Plan Rows": 1,
                            "Plan Width": 4,
                            "Actual Startup Time": 0.0,
                            "Actual Total Time": 0.0,
                            "Actual Rows": 0,
                            "Actual Loops": 0,
                            "Index Cond": "(p_promo_sk = store_sales.ss_promo_sk)",
                            "Rows Removed by Index Recheck": 0,
                            "Filter": "((p_channel_email = 'Y'::bpchar) AND (p_channel_tv = 'Y'::bpchar) AND (p_channel_radio = 'Y'::bpchar))",
                            "Rows Removed by Filter": 0
                          }
                        ]
                      },
                      {
                        "Node Type": "Index Scan",
                        "Parent Relationship": "Inner",
                        "Parallel Aware": false,
                        "Async Capable": false,
                        "Scan Direction": "Forward",
                        "Index Name": "customer_address_pkey",
                        "Relation Name": "customer_address",
                        "Alias": "ad2",
                        "Startup Cost": 0.42,
                        "Total Cost": 2.57,
                        "Plan Rows": 1,
                        "Plan Width": 44,
                        "Actual Startup Time": 0.0,
                        "Actual Total Time": 0.0,
                        "Actual Rows": 0,
                        "Actual Loops": 0,
                        "Index Cond": "(ca_address_sk = customer.c_current_addr_sk)",
                        "Rows Removed by Index Recheck": 0,
                        "Filter": "(ca_state = ANY ('{KS,OH,VA}'::bpchar[]))",
                        "Rows Removed by Filter": 0
                      }
                    ]
                  },
                  {
                    "Node Type": "Index Only Scan",
                    "Parent Relationship": "Inner",
                    "Parallel Aware": false,
                    "Async Capable": false,
                    "Scan Direction": "Forward",
                    "Index Name": "income_band_pkey",
                    "Relation Name": "income_band",
                    "Alias": "ib1",
                    "Startup Cost": 0.14,
                    "Total Cost": 0.16,
                    "Plan Rows": 1,
                    "Plan Width": 4,
                    "Actual Startup Time": 0.0,
                    "Actual Total Time": 0.0,
                    "Actual Rows": 0,
                    "Actual Loops": 0,
                    "Index Cond": "(ib_income_band_sk = hd1.hd_income_band_sk)",
                    "Rows Removed by Index Recheck": 0,
                    "Heap Fetches": 0
                  }
                ]
              }
            ]
          }
        ]
      },
      {
        "Node Type": "Nested Loop",
        "Parent Relationship": "Outer",
        "Parallel Aware": false,
        "Async Capable": false,
        "Join Type": "Inner",
        "Startup Cost": 0.0,
        "Total Cost": 0.07,
        "Plan Rows": 1,
        "Plan Width": 1310,
        "Actual Startup Time": 95089.107,
        "Actual Total Time": 95089.108,
        "Actual Rows": 0,
        "Actual Loops": 1,
        "Inner Unique": false,
        "Join Filter": "((cs2.cnt <= cs1.cnt) AND (cs1.item_sk = cs2.item_sk) AND ((cs1.store_name)::text = (cs2.store_name)::text) AND (cs1.store_zip = cs2.store_zip))",
        "Rows Removed by Join Filter": 0,
        "Plans": [
          {
            "Node Type": "CTE Scan",
            "Parent Relationship": "Outer",
            "Parallel Aware": false,
            "Async Capable": false,
            "CTE Name": "cross_sales",
            "Alias": "cs1",
            "Startup Cost": 0.0,
            "Total Cost": 0.02,
            "Plan Rows": 1,
            "Plan Width": 1206,
            "Actual Startup Time": 95089.107,
            "Actual Total Time": 95089.107,
            "Actual Rows": 0,
            "Actual Loops": 1,
            "Filter": "(syear = 2000)",
            "Rows Removed by Filter": 0
          },
          {
            "Node Type": "CTE Scan",
            "Parent Relationship": "Inner",
            "Parallel Aware": false,
            "Async Capable": false,
            "CTE Name": "cross_sales",
            "Alias": "cs2",
            "Startup Cost": 0.0,
            "Total Cost": 0.02,
            "Plan Rows": 1,
            "Plan Width": 274,
            "Actual Startup Time": 0.0,
            "Actual Total Time": 0.0,
            "Actual Rows": 0,
            "Actual Loops": 0,
            "Filter": "(syear = 2001)",
            "Rows Removed by Filter": 0
          }
        ]
      }
    ]
  },
  "actual_rows": 0,
  "provenance": {
    "database": "postgres://jakc9:jakc9@127.0.0.1:5434/dsb_sf10",
    "scale_factor": 10,
    "engine": "postgresql",
    "engine_version": "14.3",
    "cached_at": "2026-02-09T21:05:43.879675"
  }
}