{
  "execution_time_ms": 4154.688,
  "plan_text": "Aggregate  (rows=1, time=4145.774)\n  Gather  (rows=3, time=4145.766)\n    Aggregate  (rows=1, time=2707.381)\n      Nested Loop  (rows=22, time=2707.328)\n        Nested Loop  (rows=980, time=2568.241)\n          Hash Join  (rows=6247, time=2310.635)\n            Hash Join  (rows=6265, time=2297.178)\n              Nested Loop  (rows=56045, time=2287.582)\n                Index Only Scan on date_dim  (rows=122, time=9.503)\n                Index Only Scan on store_sales  (rows=461, time=18.693)\n              Hash  (rows=1440, time=3.538)\n                Seq Scan on household_demographics  (rows=1440, time=3.447)\n            Hash  (rows=102, time=11.588)\n              Seq Scan on store  (rows=102, time=11.567)\n          Index Scan on customer_address  (rows=0, time=0.041)\n        Index Scan on customer_demographics  (rows=0, time=0.141)",
  "plan_json": {
    "Node Type": "Aggregate",
    "Strategy": "Plain",
    "Partial Mode": "Finalize",
    "Parallel Aware": false,
    "Async Capable": false,
    "Startup Cost": 203390.92,
    "Total Cost": 203390.93,
    "Plan Rows": 1,
    "Plan Width": 100,
    "Actual Startup Time": 4145.71,
    "Actual Total Time": 4145.774,
    "Actual Rows": 1,
    "Actual Loops": 1,
    "Plans": [
      {
        "Node Type": "Gather",
        "Parent Relationship": "Outer",
        "Parallel Aware": false,
        "Async Capable": false,
        "Startup Cost": 203390.69,
        "Total Cost": 203390.9,
        "Plan Rows": 2,
        "Plan Width": 68,
        "Actual Startup Time": 4145.699,
        "Actual Total Time": 4145.766,
        "Actual Rows": 3,
        "Actual Loops": 1,
        "Workers Planned": 2,
        "Workers Launched": 2,
        "Single Copy": false,
        "Plans": [
          {
            "Node Type": "Aggregate",
            "Strategy": "Plain",
            "Partial Mode": "Partial",
            "Parent Relationship": "Outer",
            "Parallel Aware": false,
            "Async Capable": false,
            "Startup Cost": 202390.69,
            "Total Cost": 202390.7,
            "Plan Rows": 1,
            "Plan Width": 68,
            "Actual Startup Time": 2707.379,
            "Actual Total Time": 2707.381,
            "Actual Rows": 1,
            "Actual Loops": 3,
            "Workers": [],
            "Plans": [
              {
                "Node Type": "Nested Loop",
                "Parent Relationship": "Outer",
                "Parallel Aware": false,
                "Async Capable": false,
                "Join Type": "Inner",
                "Startup Cost": 212.39,
                "Total Cost": 202390.69,
                "Plan Rows": 1,
                "Plan Width": 16,
                "Actual Startup Time": 231.002,
                "Actual Total Time": 2707.328,
                "Actual Rows": 22,
                "Actual Loops": 3,
                "Inner Unique": true,
                "Join Filter": "(((customer_demographics.cd_marital_status = 'M'::bpchar) AND (customer_demographics.cd_education_status = '2 yr Degree'::bpchar) AND (store_sales.ss_sales_price >= 100.00) AND (store_sales.ss_sales_price <= 150.00) AND (household_demographics.hd_dep_count = 3)) OR ((customer_demographics.cd_marital_status = 'S'::bpchar) AND (customer_demographics.cd_education_status = 'Primary'::bpchar) AND (store_sales.ss_sales_price >= 50.00) AND (store_sales.ss_sales_price <= 100.00) AND (household_demographics.hd_dep_count = 1)) OR ((customer_demographics.cd_marital_status = 'W'::bpchar) AND (customer_demographics.cd_education_status = 'Primary'::bpchar) AND (store_sales.ss_sales_price >= 150.00) AND (store_sales.ss_sales_price <= 200.00) AND (household_demographics.hd_dep_count = 1)))",
                "Rows Removed by Join Filter": 100,
                "Workers": [],
                "Plans": [
                  {
                    "Node Type": "Nested Loop",
                    "Parent Relationship": "Outer",
                    "Parallel Aware": false,
                    "Async Capable": false,
                    "Join Type": "Inner",
                    "Startup Cost": 211.96,
                    "Total Cost": 202351.22,
                    "Plan Rows": 42,
                    "Plan Width": 30,
                    "Actual Startup Time": 40.919,
                    "Actual Total Time": 2568.241,
                    "Actual Rows": 980,
                    "Actual Loops": 3,
                    "Inner Unique": true,
                    "Workers": [],
                    "Plans": [
                      {
                        "Node Type": "Hash Join",
                        "Parent Relationship": "Outer",
                        "Parallel Aware": false,
                        "Async Capable": false,
                        "Join Type": "Inner",
                        "Startup Cost": 211.54,
                        "Total Cost": 201981.45,
                        "Plan Rows": 475,
                        "Plan Width": 40,
                        "Actual Startup Time": 39.954,
                        "Actual Total Time": 2310.635,
                        "Actual Rows": 6247,
                        "Actual Loops": 3,
                        "Inner Unique": true,
                        "Hash Cond": "(store_sales.ss_store_sk = store.s_store_sk)",
                        "Workers": [],
                        "Plans": [
                          {
                            "Node Type": "Hash Join",
                            "Parent Relationship": "Outer",
                            "Parallel Aware": false,
                            "Async Capable": false,
                            "Join Type": "Inner",
                            "Startup Cost": 204.24,
                            "Total Cost": 201972.79,
                            "Plan Rows": 499,
                            "Plan Width": 44,
                            "Actual Startup Time": 28.332,
                            "Actual Total Time": 2297.178,
                            "Actual Rows": 6265,
                            "Actual Loops": 3,
                            "Inner Unique": true,
                            "Hash Cond": "(store_sales.ss_hdemo_sk = household_demographics.hd_demo_sk)",
                            "Workers": [],
                            "Plans": [
                              {
                                "Node Type": "Nested Loop",
                                "Parent Relationship": "Outer",
                                "Parallel Aware": false,
                                "Async Capable": false,
                                "Join Type": "Inner",
                                "Startup Cost": 0.85,
                                "Total Cost": 201764.34,
                                "Plan Rows": 1928,
                                "Plan Width": 44,
                                "Actual Startup Time": 25.93,
                                "Actual Total Time": 2287.582,
                                "Actual Rows": 56045,
                                "Actual Loops": 3,
                                "Inner Unique": false,
                                "Workers": [],
                                "Plans": [
                                  {
                                    "Node Type": "Index Only Scan",
                                    "Parent Relationship": "Outer",
                                    "Parallel Aware": true,
                                    "Async Capable": false,
                                    "Scan Direction": "Forward",
                                    "Index Name": "_dta_index_date_dim_6_661577395__k1_k7_k9",
                                    "Relation Name": "date_dim",
                                    "Alias": "date_dim",
                                    "Startup Cost": 0.29,
                                    "Total Cost": 1688.68,
                                    "Plan Rows": 152,
                                    "Plan Width": 4,
                                    "Actual Startup Time": 9.419,
                                    "Actual Total Time": 9.503,
                                    "Actual Rows": 122,
                                    "Actual Loops": 3,
                                    "Index Cond": "(d_year = 2001)",
                                    "Rows Removed by Index Recheck": 0,
                                    "Heap Fetches": 0,
                                    "Workers": []
                                  },
                                  {
                                    "Node Type": "Index Only Scan",
                                    "Parent Relationship": "Inner",
                                    "Parallel Aware": false,
                                    "Async Capable": false,
                                    "Scan Direction": "Forward",
                                    "Index Name": "_dta_index_store_sales_6_1333579789__k1_k23_k14_k6_k8_k5_k7_3_4",
                                    "Relation Name": "store_sales",
                                    "Alias": "store_sales",
                                    "Startup Cost": 0.56,
                                    "Total Cost": 1311.76,
                                    "Plan Rows": 453,
                                    "Plan Width": 48,
                                    "Actual Startup Time": 12.431,
                                    "Actual Total Time": 18.693,
                                    "Actual Rows": 461,
                                    "Actual Loops": 365,
                                    "Index Cond": "(ss_sold_date_sk = date_dim.d_date_sk)",
                                    "Rows Removed by Index Recheck": 0,
                                    "Filter": "((((ss_sales_price >= 100.00) AND (ss_sales_price <= 150.00)) OR ((ss_sales_price >= 50.00) AND (ss_sales_price <= 100.00)) OR ((ss_sales_price >= 150.00) AND (ss_sales_price <= 200.00))) AND (((ss_net_profit >= '100'::numeric) AND (ss_net_profit <= '200'::numeric)) OR ((ss_net_profit >= '150'::numeric) AND (ss_net_profit <= '300'::numeric)) OR ((ss_net_profit >= '50'::numeric) AND (ss_net_profit <= '250'::numeric))))",
                                    "Rows Removed by Filter": 13310,
                                    "Heap Fetches": 0,
                                    "Workers": []
                                  }
                                ]
                              },
                              {
                                "Node Type": "Hash",
                                "Parent Relationship": "Inner",
                                "Parallel Aware": false,
                                "Async Capable": false,
                                "Startup Cost": 179.0,
                                "Total Cost": 179.0,
                                "Plan Rows": 1951,
                                "Plan Width": 8,
                                "Actual Startup Time": 3.538,
                                "Actual Total Time": 3.538,
                                "Actual Rows": 1440,
                                "Actual Loops": 2,
                                "Hash Buckets": 2048,
                                "Original Hash Buckets": 2048,
                                "Hash Batches": 1,
                                "Original Hash Batches": 1,
                                "Peak Memory Usage": 73,
                                "Workers": [],
                                "Plans": [
                                  {
                                    "Node Type": "Seq Scan",
                                    "Parent Relationship": "Outer",
                                    "Parallel Aware": false,
                                    "Async Capable": false,
                                    "Relation Name": "household_demographics",
                                    "Alias": "household_demographics",
                                    "Startup Cost": 0.0,
                                    "Total Cost": 179.0,
                                    "Plan Rows": 1951,
                                    "Plan Width": 8,
                                    "Actual Startup Time": 0.195,
                                    "Actual Total Time": 3.447,
                                    "Actual Rows": 1440,
                                    "Actual Loops": 2,
                                    "Filter": "((hd_dep_count = 3) OR (hd_dep_count = 1) OR (hd_dep_count = 1))",
                                    "Rows Removed by Filter": 5760,
                                    "Workers": []
                                  }
                                ]
                              }
                            ]
                          },
                          {
                            "Node Type": "Hash",
                            "Parent Relationship": "Inner",
                            "Parallel Aware": false,
                            "Async Capable": false,
                            "Startup Cost": 6.02,
                            "Total Cost": 6.02,
                            "Plan Rows": 102,
                            "Plan Width": 4,
                            "Actual Startup Time": 11.588,
                            "Actual Total Time": 11.588,
                            "Actual Rows": 102,
                            "Actual Loops": 3,
                            "Hash Buckets": 1024,
                            "Original Hash Buckets": 1024,
                            "Hash Batches": 1,
                            "Original Hash Batches": 1,
                            "Peak Memory Usage": 12,
                            "Workers": [],
                            "Plans": [
                              {
                                "Node Type": "Seq Scan",
                                "Parent Relationship": "Outer",
                                "Parallel Aware": false,
                                "Async Capable": false,
                                "Relation Name": "store",
                                "Alias": "store",
                                "Startup Cost": 0.0,
                                "Total Cost": 6.02,
                                "Plan Rows": 102,
                                "Plan Width": 4,
                                "Actual Startup Time": 11.377,
                                "Actual Total Time": 11.567,
                                "Actual Rows": 102,
                                "Actual Loops": 3,
                                "Workers": []
                              }
                            ]
                          }
                        ]
                      },
                      {
                        "Node Type": "Index Scan",
                        "Parent Relationship": "Inner",
                        "Parallel Aware": false,
                        "Async Capable": false,
                        "Scan Direction": "Forward",
                        "Index Name": "customer_address_pkey",
                        "Relation Name": "customer_address",
                        "Alias": "customer_address",
                        "Startup Cost": 0.42,
                        "Total Cost": 0.77,
                        "Plan Rows": 1,
                        "Plan Width": 7,
                        "Actual Startup Time": 0.041,
                        "Actual Total Time": 0.041,
                        "Actual Rows": 0,
                        "Actual Loops": 18741,
                        "Index Cond": "(ca_address_sk = store_sales.ss_addr_sk)",
                        "Rows Removed by Index Recheck": 0,
                        "Filter": "(((ca_country)::text = 'United States'::text) AND ((ca_state = ANY ('{GA,KY,SD}'::bpchar[])) OR (ca_state = ANY ('{AR,IN,VA}'::bpchar[])) OR (ca_state = ANY ('{KS,OH,SD}'::bpchar[]))) AND (((ca_state = ANY ('{GA,KY,SD}'::bpchar[])) AND (store_sales.ss_net_profit >= '100'::numeric) AND (store_sales.ss_net_profit <= '200'::numeric)) OR ((ca_state = ANY ('{AR,IN,VA}'::bpchar[])) AND (store_sales.ss_net_profit >= '150'::numeric) AND (store_sales.ss_net_profit <= '300'::numeric)) OR ((ca_state = ANY ('{KS,OH,SD}'::bpchar[])) AND (store_sales.ss_net_profit >= '50'::numeric) AND (store_sales.ss_net_profit <= '250'::numeric))))",
                        "Rows Removed by Filter": 1,
                        "Workers": []
                      }
                    ]
                  },
                  {
                    "Node Type": "Index Scan",
                    "Parent Relationship": "Inner",
                    "Parallel Aware": false,
                    "Async Capable": false,
                    "Scan Direction": "Forward",
                    "Index Name": "customer_demographics_pkey",
                    "Relation Name": "customer_demographics",
                    "Alias": "customer_demographics",
                    "Startup Cost": 0.43,
                    "Total Cost": 0.89,
                    "Plan Rows": 1,
                    "Plan Width": 27,
                    "Actual Startup Time": 0.141,
                    "Actual Total Time": 0.141,
                    "Actual Rows": 0,
                    "Actual Loops": 2940,
                    "Index Cond": "(cd_demo_sk = store_sales.ss_cdemo_sk)",
                    "Rows Removed by Index Recheck": 0,
                    "Filter": "(((cd_marital_status = 'M'::bpchar) AND (cd_education_status = '2 yr Degree'::bpchar)) OR ((cd_marital_status = 'S'::bpchar) AND (cd_education_status = 'Primary'::bpchar)) OR ((cd_marital_status = 'W'::bpchar) AND (cd_education_status = 'Primary'::bpchar)))",
                    "Rows Removed by Filter": 1,
                    "Workers": []
                  }
                ]
              }
            ]
          }
        ]
      }
    ]
  },
  "actual_rows": 1,
  "provenance": {
    "database": "postgres://jakc9:jakc9@127.0.0.1:5434/dsb_sf10",
    "scale_factor": 10,
    "engine": "postgresql",
    "engine_version": "14.3",
    "cached_at": "2026-02-09T20:54:16.285266"
  }
}