{
  "execution_time_ms": 6514.064,
  "plan_text": "Limit  (rows=1, time=6503.678)\n  Sort  (rows=1, time=6489.309)\n    Aggregate  (rows=1, time=6489.283)\n      Sort  (rows=1185, time=6489.171)\n        Nested Loop  (rows=1185, time=6488.472)\n          Gather  (rows=1672, time=6485.677)\n            Nested Loop  (rows=557, time=5950.789)\n              Nested Loop  (rows=557, time=5820.381)\n                Hash Join  (rows=2820, time=5695.716)\n                  Seq Scan on web_returns (wr1)  (rows=51578, time=1061.31)\n                  Hash  (rows=3710, time=4624.419)\n                    Nested Loop  (rows=3710, time=2514.916)\n                      Seq Scan on date_dim  (rows=20, time=67.767)\n                      Index Scan on web_sales (ws1)  (rows=182, time=120.249)\n                Index Scan on customer_address  (rows=0, time=0.044)\n              Index Only Scan on web_sales (ws2)  (rows=1, time=0.233)\n          Materialize  (rows=19, time=0.001)\n            Seq Scan on web_site  (rows=22, time=0.253)",
  "plan_json": {
    "Node Type": "Limit",
    "Parallel Aware": false,
    "Async Capable": false,
    "Startup Cost": 191669.57,
    "Total Cost": 191669.58,
    "Plan Rows": 1,
    "Plan Width": 72,
    "Actual Startup Time": 6503.166,
    "Actual Total Time": 6503.678,
    "Actual Rows": 1,
    "Actual Loops": 1,
    "Plans": [
      {
        "Node Type": "Sort",
        "Parent Relationship": "Outer",
        "Parallel Aware": false,
        "Async Capable": false,
        "Startup Cost": 191669.57,
        "Total Cost": 191669.58,
        "Plan Rows": 1,
        "Plan Width": 72,
        "Actual Startup Time": 6488.798,
        "Actual Total Time": 6489.309,
        "Actual Rows": 1,
        "Actual Loops": 1,
        "Sort Key": [
          "(count(DISTINCT ws1.ws_order_number))"
        ],
        "Sort Method": "quicksort",
        "Sort Space Used": 25,
        "Sort Space Type": "Memory",
        "Plans": [
          {
            "Node Type": "Aggregate",
            "Strategy": "Plain",
            "Partial Mode": "Simple",
            "Parent Relationship": "Outer",
            "Parallel Aware": false,
            "Async Capable": false,
            "Startup Cost": 191669.55,
            "Total Cost": 191669.56,
            "Plan Rows": 1,
            "Plan Width": 72,
            "Actual Startup Time": 6488.772,
            "Actual Total Time": 6489.283,
            "Actual Rows": 1,
            "Actual Loops": 1,
            "Plans": [
              {
                "Node Type": "Sort",
                "Parent Relationship": "Outer",
                "Parallel Aware": false,
                "Async Capable": false,
                "Startup Cost": 191669.41,
                "Total Cost": 191669.44,
                "Plan Rows": 14,
                "Plan Width": 16,
                "Actual Startup Time": 6488.618,
                "Actual Total Time": 6489.171,
                "Actual Rows": 1185,
                "Actual Loops": 1,
                "Sort Key": [
                  "ws1.ws_order_number"
                ],
                "Sort Method": "quicksort",
                "Sort Space Used": 103,
                "Sort Space Type": "Memory",
                "Plans": [
                  {
                    "Node Type": "Nested Loop",
                    "Parent Relationship": "Outer",
                    "Parallel Aware": false,
                    "Async Capable": false,
                    "Join Type": "Inner",
                    "Startup Cost": 155057.28,
                    "Total Cost": 191669.14,
                    "Plan Rows": 14,
                    "Plan Width": 16,
                    "Actual Startup Time": 5720.818,
                    "Actual Total Time": 6488.472,
                    "Actual Rows": 1185,
                    "Actual Loops": 1,
                    "Inner Unique": true,
                    "Join Filter": "(ws1.ws_web_site_sk = web_site.web_site_sk)",
                    "Rows Removed by Join Filter": 30509,
                    "Plans": [
                      {
                        "Node Type": "Gather",
                        "Parent Relationship": "Outer",
                        "Parallel Aware": false,
                        "Async Capable": false,
                        "Startup Cost": 155057.28,
                        "Total Cost": 191657.25,
                        "Plan Rows": 25,
                        "Plan Width": 20,
                        "Actual Startup Time": 5720.53,
                        "Actual Total Time": 6485.677,
                        "Actual Rows": 1672,
                        "Actual Loops": 1,
                        "Workers Planned": 2,
                        "Workers Launched": 2,
                        "Single Copy": false,
                        "Plans": [
                          {
                            "Node Type": "Nested Loop",
                            "Parent Relationship": "Outer",
                            "Parallel Aware": false,
                            "Async Capable": false,
                            "Join Type": "Semi",
                            "Startup Cost": 154057.28,
                            "Total Cost": 190654.75,
                            "Plan Rows": 10,
                            "Plan Width": 20,
                            "Actual Startup Time": 5695.992,
                            "Actual Total Time": 5950.789,
                            "Actual Rows": 557,
                            "Actual Loops": 3,
                            "Inner Unique": false,
                            "Workers": [],
                            "Plans": [
                              {
                                "Node Type": "Nested Loop",
                                "Parent Relationship": "Outer",
                                "Parallel Aware": false,
                                "Async Capable": false,
                                "Join Type": "Inner",
                                "Startup Cost": 154056.85,
                                "Total Cost": 190643.79,
                                "Plan Rows": 10,
                                "Plan Width": 24,
                                "Actual Startup Time": 5695.027,
                                "Actual Total Time": 5820.381,
                                "Actual Rows": 557,
                                "Actual Loops": 3,
                                "Inner Unique": true,
                                "Workers": [],
                                "Plans": [
                                  {
                                    "Node Type": "Hash Join",
                                    "Parent Relationship": "Outer",
                                    "Parallel Aware": true,
                                    "Async Capable": false,
                                    "Join Type": "Right Anti",
                                    "Startup Cost": 154056.43,
                                    "Total Cost": 190613.45,
                                    "Plan Rows": 55,
                                    "Plan Width": 28,
                                    "Actual Startup Time": 5694.847,
                                    "Actual Total Time": 5695.716,
                                    "Actual Rows": 2820,
                                    "Actual Loops": 3,
                                    "Inner Unique": false,
                                    "Hash Cond": "(wr1.wr_order_number = ws1.ws_order_number)",
                                    "Workers": [],
                                    "Plans": [
                                      {
                                        "Node Type": "Seq Scan",
                                        "Parent Relationship": "Outer",
                                        "Parallel Aware": true,
                                        "Async Capable": false,
                                        "Relation Name": "web_returns",
                                        "Alias": "wr1",
                                        "Startup Cost": 0.0,
                                        "Total Cost": 36320.4,
                                        "Plan Rows": 63055,
                                        "Plan Width": 4,
                                        "Actual Startup Time": 0.594,
                                        "Actual Total Time": 1061.31,
                                        "Actual Rows": 51578,
                                        "Actual Loops": 3,
                                        "Filter": "(wr_reason_sk = ANY ('{8,18,20,23,41}'::integer[]))",
                                        "Rows Removed by Filter": 428540,
                                        "Workers": []
                                      },
                                      {
                                        "Node Type": "Hash",
                                        "Parent Relationship": "Inner",
                                        "Parallel Aware": true,
                                        "Async Capable": false,
                                        "Startup Cost": 154054.96,
                                        "Total Cost": 154054.96,
                                        "Plan Rows": 118,
                                        "Plan Width": 28,
                                        "Actual Startup Time": 4624.417,
                                        "Actual Total Time": 4624.419,
                                        "Actual Rows": 3710,
                                        "Actual Loops": 3,
                                        "Hash Buckets": 16384,
                                        "Original Hash Buckets": 1024,
                                        "Hash Batches": 1,
                                        "Original Hash Batches": 1,
                                        "Peak Memory Usage": 984,
                                        "Workers": [],
                                        "Plans": [
                                          {
                                            "Node Type": "Nested Loop",
                                            "Parent Relationship": "Outer",
                                            "Parallel Aware": false,
                                            "Async Capable": false,
                                            "Join Type": "Inner",
                                            "Startup Cost": 0.43,
                                            "Total Cost": 154054.96,
                                            "Plan Rows": 118,
                                            "Plan Width": 28,
                                            "Actual Startup Time": 72.374,
                                            "Actual Total Time": 2514.916,
                                            "Actual Rows": 3710,
                                            "Actual Loops": 3,
                                            "Inner Unique": false,
                                            "Workers": [],
                                            "Plans": [
                                              {
                                                "Node Type": "Seq Scan",
                                                "Parent Relationship": "Outer",
                                                "Parallel Aware": true,
                                                "Async Capable": false,
                                                "Relation Name": "date_dim",
                                                "Alias": "date_dim",
                                                "Startup Cost": 0.0,
                                                "Total Cost": 2068.55,
                                                "Plan Rows": 38,
                                                "Plan Width": 4,
                                                "Actual Startup Time": 67.726,
                                                "Actual Total Time": 67.767,
                                                "Actual Rows": 20,
                                                "Actual Loops": 3,
                                                "Filter": "((d_date >= '1999-10-01'::date) AND (d_date <= '1999-11-30 00:00:00'::timestamp without time zone))",
                                                "Rows Removed by Filter": 24329,
                                                "Workers": []
                                              },
                                              {
                                                "Node Type": "Index Scan",
                                                "Parent Relationship": "Inner",
                                                "Parallel Aware": false,
                                                "Async Capable": false,
                                                "Scan Direction": "Forward",
                                                "Index Name": "_dta_index_web_sales_6_1269579561__k3_k18_k12_k14_16_29_34",
                                                "Relation Name": "web_sales",
                                                "Alias": "ws1",
                                                "Startup Cost": 0.43,
                                                "Total Cost": 3998.61,
                                                "Plan Rows": 103,
                                                "Plan Width": 32,
                                                "Actual Startup Time": 1.069,
                                                "Actual Total Time": 120.249,
                                                "Actual Rows": 182,
                                                "Actual Loops": 61,
                                                "Index Cond": "(ws_ship_date_sk = date_dim.d_date_sk)",
                                                "Rows Removed by Index Recheck": 0,
                                                "Filter": "((ws_list_price >= '253'::numeric) AND (ws_list_price <= '282'::numeric))",
                                                "Rows Removed by Filter": 5684,
                                                "Workers": []
                                              }
                                            ]
                                          }
                                        ]
                                      }
                                    ]
                                  },
                                  {
                                    "Node Type": "Index Scan",
                                    "Parent Relationship": "Inner",
                                    "Parallel Aware": false,
                                    "Async Capable": false,
                                    "Scan Direction": "Forward",
                                    "Index Name": "customer_address_pkey",
                                    "Relation Name": "customer_address",
                                    "Alias": "customer_address",
                                    "Startup Cost": 0.42,
                                    "Total Cost": 0.55,
                                    "Plan Rows": 1,
                                    "Plan Width": 4,
                                    "Actual Startup Time": 0.044,
                                    "Actual Total Time": 0.044,
                                    "Actual Rows": 0,
                                    "Actual Loops": 8461,
                                    "Index Cond": "(ca_address_sk = ws1.ws_ship_addr_sk)",
                                    "Rows Removed by Index Recheck": 0,
                                    "Filter": "(ca_state = ANY ('{MO,MT,OK,SC,TX,WI}'::bpchar[]))",
                                    "Rows Removed by Filter": 1,
                                    "Workers": []
                                  }
                                ]
                              },
                              {
                                "Node Type": "Index Only Scan",
                                "Parent Relationship": "Inner",
                                "Parallel Aware": false,
                                "Async Capable": false,
                                "Scan Direction": "Forward",
                                "Index Name": "_dta_index_web_sales_6_1269579561__k18_16",
                                "Relation Name": "web_sales",
                                "Alias": "ws2",
                                "Startup Cost": 0.43,
                                "Total Cost": 5.34,
                                "Plan Rows": 59,
                                "Plan Width": 8,
                                "Actual Startup Time": 0.233,
                                "Actual Total Time": 0.233,
                                "Actual Rows": 1,
                                "Actual Loops": 1672,
                                "Index Cond": "(ws_order_number = ws1.ws_order_number)",
                                "Rows Removed by Index Recheck": 0,
                                "Filter": "(ws1.ws_warehouse_sk <> ws_warehouse_sk)",
                                "Rows Removed by Filter": 0,
                                "Heap Fetches": 2101,
                                "Workers": []
                              }
                            ]
                          }
                        ]
                      },
                      {
                        "Node Type": "Materialize",
                        "Parent Relationship": "Inner",
                        "Parallel Aware": false,
                        "Async Capable": false,
                        "Startup Cost": 0.0,
                        "Total Cost": 3.64,
                        "Plan Rows": 23,
                        "Plan Width": 4,
                        "Actual Startup Time": 0.0,
                        "Actual Total Time": 0.001,
                        "Actual Rows": 19,
                        "Actual Loops": 1672,
                        "Plans": [
                          {
                            "Node Type": "Seq Scan",
                            "Parent Relationship": "Outer",
                            "Parallel Aware": false,
                            "Async Capable": false,
                            "Relation Name": "web_site",
                            "Alias": "web_site",
                            "Startup Cost": 0.0,
                            "Total Cost": 3.52,
                            "Plan Rows": 23,
                            "Plan Width": 4,
                            "Actual Startup Time": 0.096,
                            "Actual Total Time": 0.253,
                            "Actual Rows": 22,
                            "Actual Loops": 1,
                            "Filter": "(web_gmt_offset >= '-5'::numeric)",
                            "Rows Removed by Filter": 20
                          }
                        ]
                      }
                    ]
                  }
                ]
              }
            ]
          }
        ]
      }
    ]
  },
  "actual_rows": 1,
  "provenance": {
    "database": "postgres://jakc9:jakc9@127.0.0.1:5434/dsb_sf10",
    "scale_factor": 10,
    "engine": "postgresql",
    "engine_version": "14.3",
    "cached_at": "2026-02-09T21:26:55.015154"
  }
}