{
  "execution_time_ms": 2490.958,
  "plan_text": "Sort  (rows=8, time=2490.844)\n  Aggregate  (rows=8, time=2490.832)\n    Gather Merge  (rows=24, time=2490.817)\n      Aggregate  (rows=8, time=2474.658)\n        Sort  (rows=157, time=2474.627)\n          Nested Loop  (rows=157, time=2474.404)\n            Nested Loop  (rows=290, time=2427.707)\n              Nested Loop  (rows=1855, time=2061.85)\n                Nested Loop  (rows=10409, time=2044.44)\n                  Hash Join  (rows=10509, time=1595.17)\n                    Hash Join  (rows=10720, time=1591.96)\n                      Seq Scan on catalog_returns  (rows=719420, time=1551.736)\n                      Hash  (rows=31, time=2.009)\n                        Index Only Scan on date_dim  (rows=31, time=2.003)\n                    Hash  (rows=24, time=0.236)\n                      Seq Scan on call_center  (rows=24, time=0.227)\n                  Index Scan on customer  (rows=1, time=0.042)\n                Index Scan on household_demographics  (rows=0, time=0.001)\n              Index Scan on customer_demographics  (rows=0, time=0.197)\n            Index Scan on customer_address  (rows=1, time=0.16)",
  "plan_json": {
    "Node Type": "Sort",
    "Parallel Aware": false,
    "Async Capable": false,
    "Startup Cost": 55718.36,
    "Total Cost": 55718.37,
    "Plan Rows": 3,
    "Plan Width": 99,
    "Actual Startup Time": 2487.774,
    "Actual Total Time": 2490.844,
    "Actual Rows": 8,
    "Actual Loops": 1,
    "Sort Key": [
      "(sum(catalog_returns.cr_net_loss)) DESC"
    ],
    "Sort Method": "quicksort",
    "Sort Space Used": 25,
    "Sort Space Type": "Memory",
    "Plans": [
      {
        "Node Type": "Aggregate",
        "Strategy": "Sorted",
        "Partial Mode": "Finalize",
        "Parent Relationship": "Outer",
        "Parallel Aware": false,
        "Async Capable": false,
        "Startup Cost": 55718.0,
        "Total Cost": 55718.34,
        "Plan Rows": 3,
        "Plan Width": 99,
        "Actual Startup Time": 2487.725,
        "Actual Total Time": 2490.832,
        "Actual Rows": 8,
        "Actual Loops": 1,
        "Group Key": [
          "call_center.cc_call_center_id",
          "call_center.cc_name",
          "call_center.cc_manager",
          "customer_demographics.cd_marital_status",
          "customer_demographics.cd_education_status"
        ],
        "Plans": [
          {
            "Node Type": "Gather Merge",
            "Parent Relationship": "Outer",
            "Parallel Aware": false,
            "Async Capable": false,
            "Startup Cost": 55718.0,
            "Total Cost": 55718.26,
            "Plan Rows": 2,
            "Plan Width": 99,
            "Actual Startup Time": 2487.714,
            "Actual Total Time": 2490.817,
            "Actual Rows": 24,
            "Actual Loops": 1,
            "Workers Planned": 2,
            "Workers Launched": 2,
            "Plans": [
              {
                "Node Type": "Aggregate",
                "Strategy": "Sorted",
                "Partial Mode": "Partial",
                "Parent Relationship": "Outer",
                "Parallel Aware": false,
                "Async Capable": false,
                "Startup Cost": 54717.98,
                "Total Cost": 54718.01,
                "Plan Rows": 1,
                "Plan Width": 99,
                "Actual Startup Time": 2474.629,
                "Actual Total Time": 2474.658,
                "Actual Rows": 8,
                "Actual Loops": 3,
                "Group Key": [
                  "call_center.cc_call_center_id",
                  "call_center.cc_name",
                  "call_center.cc_manager",
                  "customer_demographics.cd_marital_status",
                  "customer_demographics.cd_education_status"
                ],
                "Workers": [],
                "Plans": [
                  {
                    "Node Type": "Sort",
                    "Parent Relationship": "Outer",
                    "Parallel Aware": false,
                    "Async Capable": false,
                    "Startup Cost": 54717.98,
                    "Total Cost": 54717.98,
                    "Plan Rows": 1,
                    "Plan Width": 73,
                    "Actual Startup Time": 2474.618,
                    "Actual Total Time": 2474.627,
                    "Actual Rows": 157,
                    "Actual Loops": 3,
                    "Sort Key": [
                      "call_center.cc_call_center_id",
                      "call_center.cc_name",
                      "call_center.cc_manager",
                      "customer_demographics.cd_marital_status",
                      "customer_demographics.cd_education_status"
                    ],
                    "Sort Method": "quicksort",
                    "Sort Space Used": 41,
                    "Sort Space Type": "Memory",
                    "Workers": [
                      {
                        "Worker Number": 0,
                        "Sort Method": "quicksort",
                        "Sort Space Used": 39,
                        "Sort Space Type": "Memory"
                      },
                      {
                        "Worker Number": 1,
                        "Sort Method": "quicksort",
                        "Sort Space Used": 40,
                        "Sort Space Type": "Memory"
                      }
                    ],
                    "Plans": [
                      {
                        "Node Type": "Nested Loop",
                        "Parent Relationship": "Outer",
                        "Parallel Aware": false,
                        "Async Capable": false,
                        "Join Type": "Inner",
                        "Startup Cost": 13.52,
                        "Total Cost": 54717.97,
                        "Plan Rows": 1,
                        "Plan Width": 73,
                        "Actual Startup Time": 732.95,
                        "Actual Total Time": 2474.404,
                        "Actual Rows": 157,
                        "Actual Loops": 3,
                        "Inner Unique": true,
                        "Workers": [],
                        "Plans": [
                          {
                            "Node Type": "Nested Loop",
                            "Parent Relationship": "Outer",
                            "Parallel Aware": false,
                            "Async Capable": false,
                            "Join Type": "Inner",
                            "Startup Cost": 13.1,
                            "Total Cost": 54716.5,
                            "Plan Rows": 3,
                            "Plan Width": 77,
                            "Actual Startup Time": 717.297,
                            "Actual Total Time": 2427.707,
                            "Actual Rows": 290,
                            "Actual Loops": 3,
                            "Inner Unique": true,
                            "Workers": [],
                            "Plans": [
                              {
                                "Node Type": "Nested Loop",
                                "Parent Relationship": "Outer",
                                "Parallel Aware": false,
                                "Async Capable": false,
                                "Join Type": "Inner",
                                "Startup Cost": 12.67,
                                "Total Cost": 54676.85,
                                "Plan Rows": 59,
                                "Plan Width": 58,
                                "Actual Startup Time": 705.728,
                                "Actual Total Time": 2061.85,
                                "Actual Rows": 1855,
                                "Actual Loops": 3,
                                "Inner Unique": true,
                                "Workers": [],
                                "Plans": [
                                  {
                                    "Node Type": "Nested Loop",
                                    "Parent Relationship": "Outer",
                                    "Parallel Aware": false,
                                    "Async Capable": false,
                                    "Join Type": "Inner",
                                    "Startup Cost": 12.39,
                                    "Total Cost": 54565.92,
                                    "Plan Rows": 366,
                                    "Plan Width": 62,
                                    "Actual Startup Time": 702.608,
                                    "Actual Total Time": 2044.44,
                                    "Actual Rows": 10409,
                                    "Actual Loops": 3,
                                    "Inner Unique": true,
                                    "Workers": [],
                                    "Plans": [
                                      {
                                        "Node Type": "Hash Join",
                                        "Parent Relationship": "Outer",
                                        "Parallel Aware": false,
                                        "Async Capable": false,
                                        "Join Type": "Inner",
                                        "Startup Cost": 11.97,
                                        "Total Cost": 54390.79,
                                        "Plan Rows": 374,
                                        "Plan Width": 54,
                                        "Actual Startup Time": 702.277,
                                        "Actual Total Time": 1595.17,
                                        "Actual Rows": 10509,
                                        "Actual Loops": 3,
                                        "Inner Unique": true,
                                        "Hash Cond": "(catalog_returns.cr_call_center_sk = call_center.cc_call_center_sk)",
                                        "Workers": [],
                                        "Plans": [
                                          {
                                            "Node Type": "Hash Join",
                                            "Parent Relationship": "Outer",
                                            "Parallel Aware": false,
                                            "Async Capable": false,
                                            "Join Type": "Inner",
                                            "Startup Cost": 9.43,
                                            "Total Cost": 54387.06,
                                            "Plan Rows": 382,
                                            "Plan Width": 14,
                                            "Actual Startup Time": 702.025,
                                            "Actual Total Time": 1591.96,
                                            "Actual Rows": 10720,
                                            "Actual Loops": 3,
                                            "Inner Unique": true,
                                            "Hash Cond": "(catalog_returns.cr_returned_date_sk = date_dim.d_date_sk)",
                                            "Workers": [],
                                            "Plans": [
                                              {
                                                "Node Type": "Seq Scan",
                                                "Parent Relationship": "Outer",
                                                "Parallel Aware": true,
                                                "Async Capable": false,
                                                "Relation Name": "catalog_returns",
                                                "Alias": "catalog_returns",
                                                "Startup Cost": 0.0,
                                                "Total Cost": 52016.88,
                                                "Plan Rows": 899288,
                                                "Plan Width": 18,
                                                "Actual Startup Time": 0.368,
                                                "Actual Total Time": 1551.736,
                                                "Actual Rows": 719420,
                                                "Actual Loops": 3,
                                                "Workers": []
                                              },
                                              {
                                                "Node Type": "Hash",
                                                "Parent Relationship": "Inner",
                                                "Parallel Aware": false,
                                                "Async Capable": false,
                                                "Startup Cost": 9.04,
                                                "Total Cost": 9.04,
                                                "Plan Rows": 31,
                                                "Plan Width": 4,
                                                "Actual Startup Time": 2.009,
                                                "Actual Total Time": 2.009,
                                                "Actual Rows": 31,
                                                "Actual Loops": 3,
                                                "Hash Buckets": 1024,
                                                "Original Hash Buckets": 1024,
                                                "Hash Batches": 1,
                                                "Original Hash Batches": 1,
                                                "Peak Memory Usage": 10,
                                                "Workers": [],
                                                "Plans": [
                                                  {
                                                    "Node Type": "Index Only Scan",
                                                    "Parent Relationship": "Outer",
                                                    "Parallel Aware": false,
                                                    "Async Capable": false,
                                                    "Scan Direction": "Forward",
                                                    "Index Name": "_dta_index_date_dim_6_661577395__k9_k7_k1",
                                                    "Relation Name": "date_dim",
                                                    "Alias": "date_dim",
                                                    "Startup Cost": 0.42,
                                                    "Total Cost": 9.04,
                                                    "Plan Rows": 31,
                                                    "Plan Width": 4,
                                                    "Actual Startup Time": 2.001,
                                                    "Actual Total Time": 2.003,
                                                    "Actual Rows": 31,
                                                    "Actual Loops": 3,
                                                    "Index Cond": "((d_moy = 12) AND (d_year = 2001))",
                                                    "Rows Removed by Index Recheck": 0,
                                                    "Heap Fetches": 0,
                                                    "Workers": []
                                                  }
                                                ]
                                              }
                                            ]
                                          },
                                          {
                                            "Node Type": "Hash",
                                            "Parent Relationship": "Inner",
                                            "Parallel Aware": false,
                                            "Async Capable": false,
                                            "Startup Cost": 2.24,
                                            "Total Cost": 2.24,
                                            "Plan Rows": 24,
                                            "Plan Width": 48,
                                            "Actual Startup Time": 0.236,
                                            "Actual Total Time": 0.236,
                                            "Actual Rows": 24,
                                            "Actual Loops": 3,
                                            "Hash Buckets": 1024,
                                            "Original Hash Buckets": 1024,
                                            "Hash Batches": 1,
                                            "Original Hash Batches": 1,
                                            "Peak Memory Usage": 10,
                                            "Workers": [],
                                            "Plans": [
                                              {
                                                "Node Type": "Seq Scan",
                                                "Parent Relationship": "Outer",
                                                "Parallel Aware": false,
                                                "Async Capable": false,
                                                "Relation Name": "call_center",
                                                "Alias": "call_center",
                                                "Startup Cost": 0.0,
                                                "Total Cost": 2.24,
                                                "Plan Rows": 24,
                                                "Plan Width": 48,
                                                "Actual Startup Time": 0.224,
                                                "Actual Total Time": 0.227,
                                                "Actual Rows": 24,
                                                "Actual Loops": 3,
                                                "Workers": []
                                              }
                                            ]
                                          }
                                        ]
                                      },
                                      {
                                        "Node Type": "Index Scan",
                                        "Parent Relationship": "Inner",
                                        "Parallel Aware": false,
                                        "Async Capable": false,
                                        "Scan Direction": "Forward",
                                        "Index Name": "_dta_index_customer_6_949578421__k1_k5",
                                        "Relation Name": "customer",
                                        "Alias": "customer",
                                        "Startup Cost": 0.42,
                                        "Total Cost": 0.47,
                                        "Plan Rows": 1,
                                        "Plan Width": 16,
                                        "Actual Startup Time": 0.042,
                                        "Actual Total Time": 0.042,
                                        "Actual Rows": 1,
                                        "Actual Loops": 31526,
                                        "Index Cond": "(c_customer_sk = catalog_returns.cr_returning_customer_sk)",
                                        "Rows Removed by Index Recheck": 0,
                                        "Workers": []
                                      }
                                    ]
                                  },
                                  {
                                    "Node Type": "Index Scan",
                                    "Parent Relationship": "Inner",
                                    "Parallel Aware": false,
                                    "Async Capable": false,
                                    "Scan Direction": "Forward",
                                    "Index Name": "household_demographics_pkey",
                                    "Relation Name": "household_demographics",
                                    "Alias": "household_demographics",
                                    "Startup Cost": 0.28,
                                    "Total Cost": 0.3,
                                    "Plan Rows": 1,
                                    "Plan Width": 4,
                                    "Actual Startup Time": 0.001,
                                    "Actual Total Time": 0.001,
                                    "Actual Rows": 0,
                                    "Actual Loops": 31226,
                                    "Index Cond": "(hd_demo_sk = customer.c_current_hdemo_sk)",
                                    "Rows Removed by Index Recheck": 0,
                                    "Filter": "(hd_buy_potential ~~ '>10000%'::text)",
                                    "Rows Removed by Filter": 1,
                                    "Workers": []
                                  }
                                ]
                              },
                              {
                                "Node Type": "Index Scan",
                                "Parent Relationship": "Inner",
                                "Parallel Aware": false,
                                "Async Capable": false,
                                "Scan Direction": "Forward",
                                "Index Name": "customer_demographics_pkey",
                                "Relation Name": "customer_demographics",
                                "Alias": "customer_demographics",
                                "Startup Cost": 0.43,
                                "Total Cost": 0.67,
                                "Plan Rows": 1,
                                "Plan Width": 27,
                                "Actual Startup Time": 0.197,
                                "Actual Total Time": 0.197,
                                "Actual Rows": 0,
                                "Actual Loops": 5564,
                                "Index Cond": "(cd_demo_sk = customer.c_current_cdemo_sk)",
                                "Rows Removed by Index Recheck": 0,
                                "Filter": "(((cd_marital_status = 'M'::bpchar) AND (cd_education_status = 'Unknown'::bpchar)) OR ((cd_marital_status = 'W'::bpchar) AND (cd_education_status = 'Advanced Degree'::bpchar)))",
                                "Rows Removed by Filter": 1,
                                "Workers": []
                              }
                            ]
                          },
                          {
                            "Node Type": "Index Scan",
                            "Parent Relationship": "Inner",
                            "Parallel Aware": false,
                            "Async Capable": false,
                            "Scan Direction": "Forward",
                            "Index Name": "customer_address_pkey",
                            "Relation Name": "customer_address",
                            "Alias": "customer_address",
                            "Startup Cost": 0.42,
                            "Total Cost": 0.49,
                            "Plan Rows": 1,
                            "Plan Width": 4,
                            "Actual Startup Time": 0.16,
                            "Actual Total Time": 0.16,
                            "Actual Rows": 1,
                            "Actual Loops": 869,
                            "Index Cond": "(ca_address_sk = customer.c_current_addr_sk)",
                            "Rows Removed by Index Recheck": 0,
                            "Filter": "(ca_gmt_offset = '-6'::numeric)",
                            "Rows Removed by Filter": 0,
                            "Workers": []
                          }
                        ]
                      }
                    ]
                  }
                ]
              }
            ]
          }
        ]
      }
    ]
  },
  "actual_rows": 8,
  "provenance": {
    "database": "postgres://jakc9:jakc9@127.0.0.1:5434/dsb_sf10",
    "scale_factor": 10,
    "engine": "postgresql",
    "engine_version": "14.3",
    "cached_at": "2026-02-09T21:16:54.193271"
  }
}