{
  "execution_time_ms": 9401.316,
  "plan_text": "Aggregate  (rows=1, time=9391.161)\n  Subquery Scan (cool_cust)  (rows=0, time=9391.133)\n    SetOp  (rows=0, time=9391.131)\n      Append  (rows=0, time=9391.13)\n        Result  (rows=0, time=7429.403)\n          SetOp  (rows=0, time=7429.402)\n            Append  (rows=0, time=7429.4)\n              Subquery Scan (*SELECT* 1)  (rows=0, time=3730.026)\n                Unique  (rows=0, time=3730.025)\n                  Gather Merge  (rows=0, time=3730.024)\n                    Unique  (rows=0, time=3557.116)\n                      Sort  (rows=0, time=3557.115)\n                        Nested Loop  (rows=0, time=3557.096)\n                          Nested Loop  (rows=0, time=3557.095)\n                            Seq Scan on date_dim  (rows=182, time=303.063)\n                            Index Only Scan on store_sales  (rows=0, time=17.829)\n                          Index Scan on customer  (rows=0, time=0.0)\n              Subquery Scan (*SELECT* 2)  (rows=0, time=3699.37)\n                Unique  (rows=0, time=3699.368)\n                  Gather Merge  (rows=0, time=3699.368)\n                    Unique  (rows=0, time=3352.089)\n                      Sort  (rows=0, time=3352.088)\n                        Nested Loop  (rows=0, time=3351.941)\n                          Nested Loop  (rows=0, time=3351.94)\n                            Seq Scan on date_dim (date_dim_1)  (rows=182, time=128.828)\n                            Index Scan on catalog_sales  (rows=0, time=17.659)\n                          Index Scan on customer (customer_1)  (rows=0, time=0.0)\n        Subquery Scan (*SELECT* 3)  (rows=0, time=1961.724)\n          Unique  (rows=0, time=1961.723)\n            Gather Merge  (rows=0, time=1961.722)\n              Unique  (rows=0, time=1802.493)\n                Sort  (rows=0, time=1802.492)\n                  Nested Loop  (rows=0, time=1802.343)\n                    Nested Loop  (rows=0, time=1802.342)\n                      Seq Scan on date_dim (date_dim_2)  (rows=182, time=120.865)\n                      Index Scan on web_sales  (rows=0, time=9.212)\n                    Index Scan on customer (customer_2)  (rows=0, time=0.0)",
  "plan_json": {
    "Node Type": "Aggregate",
    "Strategy": "Plain",
    "Partial Mode": "Simple",
    "Parallel Aware": false,
    "Async Capable": false,
    "Startup Cost": 563904.54,
    "Total Cost": 563904.55,
    "Plan Rows": 1,
    "Plan Width": 8,
    "Actual Startup Time": 9391.062,
    "Actual Total Time": 9391.161,
    "Actual Rows": 1,
    "Actual Loops": 1,
    "Plans": [
      {
        "Node Type": "Subquery Scan",
        "Parent Relationship": "Outer",
        "Parallel Aware": false,
        "Async Capable": false,
        "Alias": "cool_cust",
        "Startup Cost": 243312.59,
        "Total Cost": 563904.47,
        "Plan Rows": 28,
        "Plan Width": 0,
        "Actual Startup Time": 9391.034,
        "Actual Total Time": 9391.133,
        "Actual Rows": 0,
        "Actual Loops": 1,
        "Plans": [
          {
            "Node Type": "SetOp",
            "Strategy": "Hashed",
            "Parent Relationship": "Subquery",
            "Parallel Aware": false,
            "Async Capable": false,
            "Command": "Except",
            "Startup Cost": 243312.59,
            "Total Cost": 563904.19,
            "Plan Rows": 28,
            "Plan Width": 216,
            "Actual Startup Time": 9391.033,
            "Actual Total Time": 9391.131,
            "Actual Rows": 0,
            "Actual Loops": 1,
            "Plans": [
              {
                "Node Type": "Append",
                "Parent Relationship": "Outer",
                "Parallel Aware": false,
                "Async Capable": false,
                "Startup Cost": 243312.59,
                "Total Cost": 563903.95,
                "Plan Rows": 33,
                "Plan Width": 216,
                "Actual Startup Time": 9391.032,
                "Actual Total Time": 9391.13,
                "Actual Rows": 0,
                "Actual Loops": 1,
                "Subplans Removed": 0,
                "Plans": [
                  {
                    "Node Type": "Result",
                    "Parent Relationship": "Member",
                    "Parallel Aware": false,
                    "Async Capable": false,
                    "Startup Cost": 243312.59,
                    "Total Cost": 452856.54,
                    "Plan Rows": 28,
                    "Plan Width": 216,
                    "Actual Startup Time": 7429.333,
                    "Actual Total Time": 7429.403,
                    "Actual Rows": 0,
                    "Actual Loops": 1,
                    "Plans": [
                      {
                        "Node Type": "SetOp",
                        "Strategy": "Hashed",
                        "Parent Relationship": "Outer",
                        "Parallel Aware": false,
                        "Async Capable": false,
                        "Command": "Except",
                        "Startup Cost": 243312.59,
                        "Total Cost": 452856.26,
                        "Plan Rows": 28,
                        "Plan Width": 216,
                        "Actual Startup Time": 7429.332,
                        "Actual Total Time": 7429.402,
                        "Actual Rows": 0,
                        "Actual Loops": 1,
                        "Plans": [
                          {
                            "Node Type": "Append",
                            "Parent Relationship": "Outer",
                            "Parallel Aware": false,
                            "Async Capable": false,
                            "Startup Cost": 243312.59,
                            "Total Cost": 452856.0,
                            "Plan Rows": 34,
                            "Plan Width": 216,
                            "Actual Startup Time": 7429.33,
                            "Actual Total Time": 7429.4,
                            "Actual Rows": 0,
                            "Actual Loops": 1,
                            "Subplans Removed": 0,
                            "Plans": [
                              {
                                "Node Type": "Subquery Scan",
                                "Parent Relationship": "Member",
                                "Parallel Aware": false,
                                "Async Capable": false,
                                "Alias": "*SELECT* 1",
                                "Startup Cost": 243312.59,
                                "Total Cost": 243316.51,
                                "Plan Rows": 28,
                                "Plan Width": 60,
                                "Actual Startup Time": 3729.978,
                                "Actual Total Time": 3730.026,
                                "Actual Rows": 0,
                                "Actual Loops": 1,
                                "Plans": [
                                  {
                                    "Node Type": "Unique",
                                    "Parent Relationship": "Subquery",
                                    "Parallel Aware": false,
                                    "Async Capable": false,
                                    "Startup Cost": 243312.59,
                                    "Total Cost": 243316.23,
                                    "Plan Rows": 28,
                                    "Plan Width": 56,
                                    "Actual Startup Time": 3729.977,
                                    "Actual Total Time": 3730.025,
                                    "Actual Rows": 0,
                                    "Actual Loops": 1,
                                    "Plans": [
                                      {
                                        "Node Type": "Gather Merge",
                                        "Parent Relationship": "Outer",
                                        "Parallel Aware": false,
                                        "Async Capable": false,
                                        "Startup Cost": 243312.59,
                                        "Total Cost": 243316.02,
                                        "Plan Rows": 28,
                                        "Plan Width": 56,
                                        "Actual Startup Time": 3729.977,
                                        "Actual Total Time": 3730.024,
                                        "Actual Rows": 0,
                                        "Actual Loops": 1,
                                        "Workers Planned": 1,
                                        "Workers Launched": 1,
                                        "Plans": [
                                          {
                                            "Node Type": "Unique",
                                            "Parent Relationship": "Outer",
                                            "Parallel Aware": false,
                                            "Async Capable": false,
                                            "Startup Cost": 242312.58,
                                            "Total Cost": 242312.86,
                                            "Plan Rows": 28,
                                            "Plan Width": 56,
                                            "Actual Startup Time": 3557.113,
                                            "Actual Total Time": 3557.116,
                                            "Actual Rows": 0,
                                            "Actual Loops": 2,
                                            "Workers": [],
                                            "Plans": [
                                              {
                                                "Node Type": "Sort",
                                                "Parent Relationship": "Outer",
                                                "Parallel Aware": false,
                                                "Async Capable": false,
                                                "Startup Cost": 242312.58,
                                                "Total Cost": 242312.65,
                                                "Plan Rows": 28,
                                                "Plan Width": 56,
                                                "Actual Startup Time": 3557.113,
                                                "Actual Total Time": 3557.115,
                                                "Actual Rows": 0,
                                                "Actual Loops": 2,
                                                "Sort Key": [
                                                  "customer.c_last_name",
                                                  "customer.c_first_name",
                                                  "date_dim.d_date"
                                                ],
                                                "Sort Method": "quicksort",
                                                "Sort Space Used": 25,
                                                "Sort Space Type": "Memory",
                                                "Workers": [
                                                  {
                                                    "Worker Number": 0,
                                                    "Sort Method": "quicksort",
                                                    "Sort Space Used": 25,
                                                    "Sort Space Type": "Memory"
                                                  }
                                                ],
                                                "Plans": [
                                                  {
                                                    "Node Type": "Nested Loop",
                                                    "Parent Relationship": "Outer",
                                                    "Parallel Aware": false,
                                                    "Async Capable": false,
                                                    "Join Type": "Inner",
                                                    "Startup Cost": 0.98,
                                                    "Total Cost": 242311.91,
                                                    "Plan Rows": 28,
                                                    "Plan Width": 56,
                                                    "Actual Startup Time": 3557.095,
                                                    "Actual Total Time": 3557.096,
                                                    "Actual Rows": 0,
                                                    "Actual Loops": 2,
                                                    "Inner Unique": true,
                                                    "Workers": [],
                                                    "Plans": [
                                                      {
                                                        "Node Type": "Nested Loop",
                                                        "Parent Relationship": "Outer",
                                                        "Parallel Aware": false,
                                                        "Async Capable": false,
                                                        "Join Type": "Inner",
                                                        "Startup Cost": 0.56,
                                                        "Total Cost": 241974.98,
                                                        "Plan Rows": 299,
                                                        "Plan Width": 8,
                                                        "Actual Startup Time": 3557.094,
                                                        "Actual Total Time": 3557.095,
                                                        "Actual Rows": 0,
                                                        "Actual Loops": 2,
                                                        "Inner Unique": false,
                                                        "Workers": [],
                                                        "Plans": [
                                                          {
                                                            "Node Type": "Seq Scan",
                                                            "Parent Relationship": "Outer",
                                                            "Parallel Aware": true,
                                                            "Async Capable": false,
                                                            "Relation Name": "date_dim",
                                                            "Alias": "date_dim",
                                                            "Startup Cost": 0.0,
                                                            "Total Cost": 2068.55,
                                                            "Plan Rows": 231,
                                                            "Plan Width": 8,
                                                            "Actual Startup Time": 266.862,
                                                            "Actual Total Time": 303.063,
                                                            "Actual Rows": 182,
                                                            "Actual Loops": 2,
                                                            "Filter": "((d_month_seq >= 1214) AND (d_month_seq <= 1225))",
                                                            "Rows Removed by Filter": 36342,
                                                            "Workers": []
                                                          },
                                                          {
                                                            "Node Type": "Index Only Scan",
                                                            "Parent Relationship": "Inner",
                                                            "Parallel Aware": false,
                                                            "Async Capable": false,
                                                            "Scan Direction": "Forward",
                                                            "Index Name": "_dta_index_store_sales_6_1333579789__k1_k23_k14_k6_k8_k5_k7_3_4",
                                                            "Relation Name": "store_sales",
                                                            "Alias": "store_sales",
                                                            "Startup Cost": 0.56,
                                                            "Total Cost": 1038.1,
                                                            "Plan Rows": 46,
                                                            "Plan Width": 8,
                                                            "Actual Startup Time": 17.829,
                                                            "Actual Total Time": 17.829,
                                                            "Actual Rows": 0,
                                                            "Actual Loops": 365,
                                                            "Index Cond": "(ss_sold_date_sk = date_dim.d_date_sk)",
                                                            "Rows Removed by Index Recheck": 0,
                                                            "Filter": "((ss_list_price >= '242'::numeric) AND (ss_list_price <= '271'::numeric) AND (ss_wholesale_cost >= '35'::numeric) AND (ss_wholesale_cost <= '45'::numeric))",
                                                            "Rows Removed by Filter": 13787,
                                                            "Heap Fetches": 0,
                                                            "Workers": []
                                                          }
                                                        ]
                                                      },
                                                      {
                                                        "Node Type": "Index Scan",
                                                        "Parent Relationship": "Inner",
                                                        "Parallel Aware": false,
                                                        "Async Capable": false,
                                                        "Scan Direction": "Forward",
                                                        "Index Name": "_dta_index_customer_6_949578421__k1_k5",
                                                        "Relation Name": "customer",
                                                        "Alias": "customer",
                                                        "Startup Cost": 0.42,
                                                        "Total Cost": 1.13,
                                                        "Plan Rows": 1,
                                                        "Plan Width": 56,
                                                        "Actual Startup Time": 0.0,
                                                        "Actual Total Time": 0.0,
                                                        "Actual Rows": 0,
                                                        "Actual Loops": 0,
                                                        "Index Cond": "(c_customer_sk = store_sales.ss_customer_sk)",
                                                        "Rows Removed by Index Recheck": 0,
                                                        "Filter": "((c_birth_year >= 1955) AND (c_birth_year <= 1961))",
                                                        "Rows Removed by Filter": 0,
                                                        "Workers": []
                                                      }
                                                    ]
                                                  }
                                                ]
                                              }
                                            ]
                                          }
                                        ]
                                      }
                                    ]
                                  }
                                ]
                              },
                              {
                                "Node Type": "Subquery Scan",
                                "Parent Relationship": "Member",
                                "Parallel Aware": false,
                                "Async Capable": false,
                                "Alias": "*SELECT* 2",
                                "Startup Cost": 209538.49,
                                "Total Cost": 209539.33,
                                "Plan Rows": 6,
                                "Plan Width": 60,
                                "Actual Startup Time": 3699.349,
                                "Actual Total Time": 3699.37,
                                "Actual Rows": 0,
                                "Actual Loops": 1,
                                "Plans": [
                                  {
                                    "Node Type": "Unique",
                                    "Parent Relationship": "Subquery",
                                    "Parallel Aware": false,
                                    "Async Capable": false,
                                    "Startup Cost": 209538.49,
                                    "Total Cost": 209539.27,
                                    "Plan Rows": 6,
                                    "Plan Width": 56,
                                    "Actual Startup Time": 3699.348,
                                    "Actual Total Time": 3699.368,
                                    "Actual Rows": 0,
                                    "Actual Loops": 1,
                                    "Plans": [
                                      {
                                        "Node Type": "Gather Merge",
                                        "Parent Relationship": "Outer",
                                        "Parallel Aware": false,
                                        "Async Capable": false,
                                        "Startup Cost": 209538.49,
                                        "Total Cost": 209539.22,
                                        "Plan Rows": 6,
                                        "Plan Width": 56,
                                        "Actual Startup Time": 3699.347,
                                        "Actual Total Time": 3699.368,
                                        "Actual Rows": 0,
                                        "Actual Loops": 1,
                                        "Workers Planned": 1,
                                        "Workers Launched": 1,
                                        "Plans": [
                                          {
                                            "Node Type": "Unique",
                                            "Parent Relationship": "Outer",
                                            "Parallel Aware": false,
                                            "Async Capable": false,
                                            "Startup Cost": 208538.48,
                                            "Total Cost": 208538.54,
                                            "Plan Rows": 6,
                                            "Plan Width": 56,
                                            "Actual Startup Time": 3352.087,
                                            "Actual Total Time": 3352.089,
                                            "Actual Rows": 0,
                                            "Actual Loops": 2,
                                            "Workers": [],
                                            "Plans": [
                                              {
                                                "Node Type": "Sort",
                                                "Parent Relationship": "Outer",
                                                "Parallel Aware": false,
                                                "Async Capable": false,
                                                "Startup Cost": 208538.48,
                                                "Total Cost": 208538.49,
                                                "Plan Rows": 6,
                                                "Plan Width": 56,
                                                "Actual Startup Time": 3352.086,
                                                "Actual Total Time": 3352.088,
                                                "Actual Rows": 0,
                                                "Actual Loops": 2,
                                                "Sort Key": [
                                                  "customer_1.c_last_name",
                                                  "customer_1.c_first_name",
                                                  "date_dim_1.d_date"
                                                ],
                                                "Sort Method": "quicksort",
                                                "Sort Space Used": 25,
                                                "Sort Space Type": "Memory",
                                                "Workers": [
                                                  {
                                                    "Worker Number": 0,
                                                    "Sort Method": "quicksort",
                                                    "Sort Space Used": 25,
                                                    "Sort Space Type": "Memory"
                                                  }
                                                ],
                                                "Plans": [
                                                  {
                                                    "Node Type": "Nested Loop",
                                                    "Parent Relationship": "Outer",
                                                    "Parallel Aware": false,
                                                    "Async Capable": false,
                                                    "Join Type": "Inner",
                                                    "Startup Cost": 0.86,
                                                    "Total Cost": 208538.4,
                                                    "Plan Rows": 6,
                                                    "Plan Width": 56,
                                                    "Actual Startup Time": 3351.94,
                                                    "Actual Total Time": 3351.941,
                                                    "Actual Rows": 0,
                                                    "Actual Loops": 2,
                                                    "Inner Unique": true,
                                                    "Workers": [],
                                                    "Plans": [
                                                      {
                                                        "Node Type": "Nested Loop",
                                                        "Parent Relationship": "Outer",
                                                        "Parallel Aware": false,
                                                        "Async Capable": false,
                                                        "Join Type": "Inner",
                                                        "Startup Cost": 0.43,
                                                        "Total Cost": 208337.42,
                                                        "Plan Rows": 68,
                                                        "Plan Width": 8,
                                                        "Actual Startup Time": 3351.939,
                                                        "Actual Total Time": 3351.94,
                                                        "Actual Rows": 0,
                                                        "Actual Loops": 2,
                                                        "Inner Unique": false,
                                                        "Workers": [],
                                                        "Plans": [
                                                          {
                                                            "Node Type": "Seq Scan",
                                                            "Parent Relationship": "Outer",
                                                            "Parallel Aware": true,
                                                            "Async Capable": false,
                                                            "Relation Name": "date_dim",
                                                            "Alias": "date_dim_1",
                                                            "Startup Cost": 0.0,
                                                            "Total Cost": 2068.55,
                                                            "Plan Rows": 231,
                                                            "Plan Width": 8,
                                                            "Actual Startup Time": 95.573,
                                                            "Actual Total Time": 128.828,
                                                            "Actual Rows": 182,
                                                            "Actual Loops": 2,
                                                            "Filter": "((d_month_seq >= 1214) AND (d_month_seq <= 1225))",
                                                            "Rows Removed by Filter": 36342,
                                                            "Workers": []
                                                          },
                                                          {
                                                            "Node Type": "Index Scan",
                                                            "Parent Relationship": "Inner",
                                                            "Parallel Aware": false,
                                                            "Async Capable": false,
                                                            "Scan Direction": "Forward",
                                                            "Index Name": "_dta_index_catalog_sales_6_1301579675__k1_4",
                                                            "Relation Name": "catalog_sales",
                                                            "Alias": "catalog_sales",
                                                            "Startup Cost": 0.43,
                                                            "Total Cost": 892.84,
                                                            "Plan Rows": 10,
                                                            "Plan Width": 8,
                                                            "Actual Startup Time": 17.659,
                                                            "Actual Total Time": 17.659,
                                                            "Actual Rows": 0,
                                                            "Actual Loops": 365,
                                                            "Index Cond": "(cs_sold_date_sk = date_dim_1.d_date_sk)",
                                                            "Rows Removed by Index Recheck": 0,
                                                            "Filter": "((cs_list_price >= '242'::numeric) AND (cs_list_price <= '271'::numeric) AND (cs_wholesale_cost >= '35'::numeric) AND (cs_wholesale_cost <= '45'::numeric))",
                                                            "Rows Removed by Filter": 7203,
                                                            "Workers": []
                                                          }
                                                        ]
                                                      },
                                                      {
                                                        "Node Type": "Index Scan",
                                                        "Parent Relationship": "Inner",
                                                        "Parallel Aware": false,
                                                        "Async Capable": false,
                                                        "Scan Direction": "Forward",
                                                        "Index Name": "_dta_index_customer_6_949578421__k1_k5",
                                                        "Relation Name": "customer",
                                                        "Alias": "customer_1",
                                                        "Startup Cost": 0.42,
                                                        "Total Cost": 2.96,
                                                        "Plan Rows": 1,
                                                        "Plan Width": 56,
                                                        "Actual Startup Time": 0.0,
                                                        "Actual Total Time": 0.0,
                                                        "Actual Rows": 0,
                                                        "Actual Loops": 0,
                                                        "Index Cond": "(c_customer_sk = catalog_sales.cs_bill_customer_sk)",
                                                        "Rows Removed by Index Recheck": 0,
                                                        "Filter": "((c_birth_year >= 1955) AND (c_birth_year <= 1961))",
                                                        "Rows Removed by Filter": 0,
                                                        "Workers": []
                                                      }
                                                    ]
                                                  }
                                                ]
                                              }
                                            ]
                                          }
                                        ]
                                      }
                                    ]
                                  }
                                ]
                              }
                            ]
                          }
                        ]
                      }
                    ]
                  },
                  {
                    "Node Type": "Subquery Scan",
                    "Parent Relationship": "Member",
                    "Parallel Aware": false,
                    "Async Capable": false,
                    "Alias": "*SELECT* 3",
                    "Startup Cost": 111046.54,
                    "Total Cost": 111047.24,
                    "Plan Rows": 5,
                    "Plan Width": 60,
                    "Actual Startup Time": 1961.697,
                    "Actual Total Time": 1961.724,
                    "Actual Rows": 0,
                    "Actual Loops": 1,
                    "Plans": [
                      {
                        "Node Type": "Unique",
                        "Parent Relationship": "Subquery",
                        "Parallel Aware": false,
                        "Async Capable": false,
                        "Startup Cost": 111046.54,
                        "Total Cost": 111047.19,
                        "Plan Rows": 5,
                        "Plan Width": 56,
                        "Actual Startup Time": 1961.695,
                        "Actual Total Time": 1961.723,
                        "Actual Rows": 0,
                        "Actual Loops": 1,
                        "Plans": [
                          {
                            "Node Type": "Gather Merge",
                            "Parent Relationship": "Outer",
                            "Parallel Aware": false,
                            "Async Capable": false,
                            "Startup Cost": 111046.54,
                            "Total Cost": 111047.15,
                            "Plan Rows": 5,
                            "Plan Width": 56,
                            "Actual Startup Time": 1961.695,
                            "Actual Total Time": 1961.722,
                            "Actual Rows": 0,
                            "Actual Loops": 1,
                            "Workers Planned": 1,
                            "Workers Launched": 1,
                            "Plans": [
                              {
                                "Node Type": "Unique",
                                "Parent Relationship": "Outer",
                                "Parallel Aware": false,
                                "Async Capable": false,
                                "Startup Cost": 110046.53,
                                "Total Cost": 110046.58,
                                "Plan Rows": 5,
                                "Plan Width": 56,
                                "Actual Startup Time": 1802.492,
                                "Actual Total Time": 1802.493,
                                "Actual Rows": 0,
                                "Actual Loops": 2,
                                "Workers": [],
                                "Plans": [
                                  {
                                    "Node Type": "Sort",
                                    "Parent Relationship": "Outer",
                                    "Parallel Aware": false,
                                    "Async Capable": false,
                                    "Startup Cost": 110046.53,
                                    "Total Cost": 110046.54,
                                    "Plan Rows": 5,
                                    "Plan Width": 56,
                                    "Actual Startup Time": 1802.491,
                                    "Actual Total Time": 1802.492,
                                    "Actual Rows": 0,
                                    "Actual Loops": 2,
                                    "Sort Key": [
                                      "customer_2.c_last_name",
                                      "customer_2.c_first_name",
                                      "date_dim_2.d_date"
                                    ],
                                    "Sort Method": "quicksort",
                                    "Sort Space Used": 25,
                                    "Sort Space Type": "Memory",
                                    "Workers": [
                                      {
                                        "Worker Number": 0,
                                        "Sort Method": "quicksort",
                                        "Sort Space Used": 25,
                                        "Sort Space Type": "Memory"
                                      }
                                    ],
                                    "Plans": [
                                      {
                                        "Node Type": "Nested Loop",
                                        "Parent Relationship": "Outer",
                                        "Parallel Aware": false,
                                        "Async Capable": false,
                                        "Join Type": "Inner",
                                        "Startup Cost": 0.85,
                                        "Total Cost": 110046.47,
                                        "Plan Rows": 5,
                                        "Plan Width": 56,
                                        "Actual Startup Time": 1802.342,
                                        "Actual Total Time": 1802.343,
                                        "Actual Rows": 0,
                                        "Actual Loops": 2,
                                        "Inner Unique": true,
                                        "Workers": [],
                                        "Plans": [
                                          {
                                            "Node Type": "Nested Loop",
                                            "Parent Relationship": "Outer",
                                            "Parallel Aware": false,
                                            "Async Capable": false,
                                            "Join Type": "Inner",
                                            "Startup Cost": 0.43,
                                            "Total Cost": 109883.42,
                                            "Plan Rows": 48,
                                            "Plan Width": 8,
                                            "Actual Startup Time": 1802.341,
                                            "Actual Total Time": 1802.342,
                                            "Actual Rows": 0,
                                            "Actual Loops": 2,
                                            "Inner Unique": false,
                                            "Workers": [],
                                            "Plans": [
                                              {
                                                "Node Type": "Seq Scan",
                                                "Parent Relationship": "Outer",
                                                "Parallel Aware": true,
                                                "Async Capable": false,
                                                "Relation Name": "date_dim",
                                                "Alias": "date_dim_2",
                                                "Startup Cost": 0.0,
                                                "Total Cost": 2068.55,
                                                "Plan Rows": 231,
                                                "Plan Width": 8,
                                                "Actual Startup Time": 93.331,
                                                "Actual Total Time": 120.865,
                                                "Actual Rows": 182,
                                                "Actual Loops": 2,
                                                "Filter": "((d_month_seq >= 1214) AND (d_month_seq <= 1225))",
                                                "Rows Removed by Filter": 36342,
                                                "Workers": []
                                              },
                                              {
                                                "Node Type": "Index Scan",
                                                "Parent Relationship": "Inner",
                                                "Parallel Aware": false,
                                                "Async Capable": false,
                                                "Scan Direction": "Forward",
                                                "Index Name": "_dta_index_web_sales_6_1269579561__k1_8_24",
                                                "Relation Name": "web_sales",
                                                "Alias": "web_sales",
                                                "Startup Cost": 0.43,
                                                "Total Cost": 466.66,
                                                "Plan Rows": 7,
                                                "Plan Width": 8,
                                                "Actual Startup Time": 9.212,
                                                "Actual Total Time": 9.212,
                                                "Actual Rows": 0,
                                                "Actual Loops": 365,
                                                "Index Cond": "(ws_sold_date_sk = date_dim_2.d_date_sk)",
                                                "Rows Removed by Index Recheck": 0,
                                                "Filter": "((ws_list_price >= '242'::numeric) AND (ws_list_price <= '271'::numeric) AND (ws_wholesale_cost >= '35'::numeric) AND (ws_wholesale_cost <= '45'::numeric))",
                                                "Rows Removed by Filter": 3797,
                                                "Workers": []
                                              }
                                            ]
                                          },
                                          {
                                            "Node Type": "Index Scan",
                                            "Parent Relationship": "Inner",
                                            "Parallel Aware": false,
                                            "Async Capable": false,
                                            "Scan Direction": "Forward",
                                            "Index Name": "_dta_index_customer_6_949578421__k1_k5",
                                            "Relation Name": "customer",
                                            "Alias": "customer_2",
                                            "Startup Cost": 0.42,
                                            "Total Cost": 3.4,
                                            "Plan Rows": 1,
                                            "Plan Width": 56,
                                            "Actual Startup Time": 0.0,
                                            "Actual Total Time": 0.0,
                                            "Actual Rows": 0,
                                            "Actual Loops": 0,
                                            "Index Cond": "(c_customer_sk = web_sales.ws_bill_customer_sk)",
                                            "Rows Removed by Index Recheck": 0,
                                            "Filter": "((c_birth_year >= 1955) AND (c_birth_year <= 1961))",
                                            "Rows Removed by Filter": 0,
                                            "Workers": []
                                          }
                                        ]
                                      }
                                    ]
                                  }
                                ]
                              }
                            ]
                          }
                        ]
                      }
                    ]
                  }
                ]
              }
            ]
          }
        ]
      }
    ]
  },
  "actual_rows": 1,
  "provenance": {
    "database": "postgres://jakc9:jakc9@127.0.0.1:5434/dsb_sf10",
    "scale_factor": 10,
    "engine": "postgresql",
    "engine_version": "14.3",
    "cached_at": "2026-02-09T21:16:52.663452"
  }
}