{
  "execution_time_ms": 990.212,
  "plan_text": "Limit  (rows=14, time=989.964)\n  Aggregate  (rows=14, time=989.962)\n    Sort  (rows=10, time=989.949)\n      Append  (rows=10, time=989.93)\n        Subquery Scan (ssr)  (rows=4, time=263.135)\n          Aggregate  (rows=4, time=263.13)\n            Sort  (rows=4, time=263.117)\n              Nested Loop  (rows=4, time=263.094)\n                Nested Loop  (rows=4, time=262.998)\n                  Gather  (rows=4, time=261.02)\n                    Nested Loop  (rows=1, time=136.693)\n                      Hash Join  (rows=119, time=127.997)\n                        Nested Loop  (rows=4857, time=126.828)\n                          Index Scan on date_dim  (rows=10, time=64.635)\n                          Index Only Scan on store_sales  (rows=470, time=5.979)\n                        Hash  (rows=11, time=2.392)\n                          Seq Scan on promotion  (rows=11, time=2.38)\n                      Index Scan on item  (rows=0, time=0.072)\n                  Index Scan on store_returns  (rows=0, time=0.492)\n                Index Only Scan on store  (rows=1, time=0.021)\n        Subquery Scan (csr)  (rows=5, time=248.659)\n          Aggregate  (rows=5, time=248.652)\n            Nested Loop  (rows=5, time=248.63)\n              Gather Merge  (rows=5, time=246.562)\n                Sort  (rows=2, time=131.761)\n                  Nested Loop  (rows=2, time=131.741)\n                    Nested Loop  (rows=2, time=131.103)\n                      Hash Join  (rows=259, time=117.834)\n                        Nested Loop  (rows=9750, time=116.82)\n                          Seq Scan on date_dim (date_dim_1)  (rows=16, time=3.026)\n                          Index Scan on catalog_sales  (rows=629, time=7.258)\n                        Hash  (rows=11, time=0.181)\n                          Seq Scan on promotion (promotion_1)  (rows=11, time=0.174)\n                      Index Scan on item (item_1)  (rows=0, time=0.051)\n                    Index Scan on catalog_page  (rows=1, time=0.253)\n              Index Scan on catalog_returns  (rows=0, time=0.411)\n        Subquery Scan (wsr)  (rows=1, time=478.131)\n          Aggregate  (rows=1, time=478.127)\n            Nested Loop  (rows=1, time=478.118)\n              Gather Merge  (rows=1, time=477.638)\n                Sort  (rows=0, time=258.841)\n                  Nested Loop  (rows=0, time=258.828)\n                    Nested Loop  (rows=0, time=258.817)\n                      Hash Join  (rows=58, time=254.047)\n                        Nested Loop  (rows=2509, time=253.475)\n                          Seq Scan on date_dim (date_dim_2)  (rows=16, time=1.296)\n                          Index Scan on web_sales  (rows=162, time=16.238)\n                        Hash  (rows=11, time=0.153)\n                          Seq Scan on promotion (promotion_2)  (rows=11, time=0.149)\n                      Index Scan on item (item_2)  (rows=0, time=0.082)\n                    Index Scan on web_site  (rows=1, time=0.018)\n              Index Scan on web_returns  (rows=0, time=0.471)",
  "plan_json": {
    "Node Type": "Limit",
    "Parallel Aware": false,
    "Async Capable": false,
    "Startup Cost": 50725.3,
    "Total Cost": 50725.47,
    "Plan Rows": 7,
    "Plan Width": 160,
    "Actual Startup Time": 988.468,
    "Actual Total Time": 989.964,
    "Actual Rows": 14,
    "Actual Loops": 1,
    "Plans": [
      {
        "Node Type": "Aggregate",
        "Strategy": "Sorted",
        "Partial Mode": "Simple",
        "Parent Relationship": "Outer",
        "Parallel Aware": false,
        "Async Capable": false,
        "Startup Cost": 50725.3,
        "Total Cost": 50725.47,
        "Plan Rows": 7,
        "Plan Width": 160,
        "Actual Startup Time": 988.467,
        "Actual Total Time": 989.962,
        "Actual Rows": 14,
        "Actual Loops": 1,
        "Grouping Sets": [
          {
            "Group Keys": [
              [
                "('store channel'::text)",
                "(('store'::text || (ssr.store_id)::text))"
              ],
              [
                "('store channel'::text)"
              ],
              []
            ]
          }
        ],
        "Plans": [
          {
            "Node Type": "Sort",
            "Parent Relationship": "Outer",
            "Parallel Aware": false,
            "Async Capable": false,
            "Startup Cost": 50725.3,
            "Total Cost": 50725.31,
            "Plan Rows": 3,
            "Plan Width": 160,
            "Actual Startup Time": 988.462,
            "Actual Total Time": 989.949,
            "Actual Rows": 10,
            "Actual Loops": 1,
            "Sort Key": [
              "('store channel'::text)",
              "(('store'::text || (ssr.store_id)::text))"
            ],
            "Sort Method": "quicksort",
            "Sort Space Used": 25,
            "Sort Space Type": "Memory",
            "Plans": [
              {
                "Node Type": "Append",
                "Parent Relationship": "Outer",
                "Parallel Aware": false,
                "Async Capable": false,
                "Startup Cost": 17617.83,
                "Total Cost": 50725.28,
                "Plan Rows": 3,
                "Plan Width": 160,
                "Actual Startup Time": 263.087,
                "Actual Total Time": 989.93,
                "Actual Rows": 10,
                "Actual Loops": 1,
                "Subplans Removed": 0,
                "Plans": [
                  {
                    "Node Type": "Subquery Scan",
                    "Parent Relationship": "Member",
                    "Parallel Aware": false,
                    "Async Capable": false,
                    "Alias": "ssr",
                    "Startup Cost": 17617.83,
                    "Total Cost": 17617.88,
                    "Plan Rows": 1,
                    "Plan Width": 160,
                    "Actual Startup Time": 263.086,
                    "Actual Total Time": 263.135,
                    "Actual Rows": 4,
                    "Actual Loops": 1,
                    "Plans": [
                      {
                        "Node Type": "Aggregate",
                        "Strategy": "Sorted",
                        "Partial Mode": "Simple",
                        "Parent Relationship": "Subquery",
                        "Parallel Aware": false,
                        "Async Capable": false,
                        "Startup Cost": 17617.83,
                        "Total Cost": 17617.87,
                        "Plan Rows": 1,
                        "Plan Width": 113,
                        "Actual Startup Time": 263.083,
                        "Actual Total Time": 263.13,
                        "Actual Rows": 4,
                        "Actual Loops": 1,
                        "Group Key": [
                          "store.s_store_id"
                        ],
                        "Plans": [
                          {
                            "Node Type": "Sort",
                            "Parent Relationship": "Outer",
                            "Parallel Aware": false,
                            "Async Capable": false,
                            "Startup Cost": 17617.83,
                            "Total Cost": 17617.84,
                            "Plan Rows": 1,
                            "Plan Width": 41,
                            "Actual Startup Time": 263.073,
                            "Actual Total Time": 263.117,
                            "Actual Rows": 4,
                            "Actual Loops": 1,
                            "Sort Key": [
                              "store.s_store_id"
                            ],
                            "Sort Method": "quicksort",
                            "Sort Space Used": 25,
                            "Sort Space Type": "Memory",
                            "Plans": [
                              {
                                "Node Type": "Nested Loop",
                                "Parent Relationship": "Outer",
                                "Parallel Aware": false,
                                "Async Capable": false,
                                "Join Type": "Inner",
                                "Startup Cost": 1026.15,
                                "Total Cost": 17617.82,
                                "Plan Rows": 1,
                                "Plan Width": 41,
                                "Actual Startup Time": 142.348,
                                "Actual Total Time": 263.094,
                                "Actual Rows": 4,
                                "Actual Loops": 1,
                                "Inner Unique": true,
                                "Plans": [
                                  {
                                    "Node Type": "Nested Loop",
                                    "Parent Relationship": "Outer",
                                    "Parallel Aware": false,
                                    "Async Capable": false,
                                    "Join Type": "Left",
                                    "Startup Cost": 1026.0,
                                    "Total Cost": 17617.66,
                                    "Plan Rows": 1,
                                    "Plan Width": 28,
                                    "Actual Startup Time": 142.271,
                                    "Actual Total Time": 262.998,
                                    "Actual Rows": 4,
                                    "Actual Loops": 1,
                                    "Inner Unique": true,
                                    "Plans": [
                                      {
                                        "Node Type": "Gather",
                                        "Parent Relationship": "Outer",
                                        "Parallel Aware": false,
                                        "Async Capable": false,
                                        "Startup Cost": 1025.57,
                                        "Total Cost": 17615.41,
                                        "Plan Rows": 1,
                                        "Plan Width": 24,
                                        "Actual Startup Time": 141.821,
                                        "Actual Total Time": 261.02,
                                        "Actual Rows": 4,
                                        "Actual Loops": 1,
                                        "Workers Planned": 2,
                                        "Workers Launched": 2,
                                        "Single Copy": false,
                                        "Plans": [
                                          {
                                            "Node Type": "Nested Loop",
                                            "Parent Relationship": "Outer",
                                            "Parallel Aware": false,
                                            "Async Capable": false,
                                            "Join Type": "Inner",
                                            "Startup Cost": 25.57,
                                            "Total Cost": 16615.31,
                                            "Plan Rows": 1,
                                            "Plan Width": 24,
                                            "Actual Startup Time": 96.973,
                                            "Actual Total Time": 136.693,
                                            "Actual Rows": 1,
                                            "Actual Loops": 3,
                                            "Inner Unique": true,
                                            "Workers": [],
                                            "Plans": [
                                              {
                                                "Node Type": "Hash Join",
                                                "Parent Relationship": "Outer",
                                                "Parallel Aware": false,
                                                "Async Capable": false,
                                                "Join Type": "Inner",
                                                "Startup Cost": 25.28,
                                                "Total Cost": 16594.01,
                                                "Plan Rows": 12,
                                                "Plan Width": 24,
                                                "Actual Startup Time": 66.26,
                                                "Actual Total Time": 127.997,
                                                "Actual Rows": 119,
                                                "Actual Loops": 3,
                                                "Inner Unique": true,
                                                "Hash Cond": "(store_sales.ss_promo_sk = promotion.p_promo_sk)",
                                                "Workers": [],
                                                "Plans": [
                                                  {
                                                    "Node Type": "Nested Loop",
                                                    "Parent Relationship": "Outer",
                                                    "Parallel Aware": false,
                                                    "Async Capable": false,
                                                    "Join Type": "Inner",
                                                    "Startup Cost": 0.85,
                                                    "Total Cost": 16568.36,
                                                    "Plan Rows": 463,
                                                    "Plan Width": 28,
                                                    "Actual Startup Time": 65.321,
                                                    "Actual Total Time": 126.828,
                                                    "Actual Rows": 4857,
                                                    "Actual Loops": 3,
                                                    "Inner Unique": false,
                                                    "Workers": [],
                                                    "Plans": [
                                                      {
                                                        "Node Type": "Index Scan",
                                                        "Parent Relationship": "Outer",
                                                        "Parallel Aware": true,
                                                        "Async Capable": false,
                                                        "Scan Direction": "Forward",
                                                        "Index Name": "date_dim_pkey",
                                                        "Relation Name": "date_dim",
                                                        "Alias": "date_dim",
                                                        "Startup Cost": 0.29,
                                                        "Total Cost": 3057.09,
                                                        "Plan Rows": 13,
                                                        "Plan Width": 4,
                                                        "Actual Startup Time": 64.555,
                                                        "Actual Total Time": 64.635,
                                                        "Actual Rows": 10,
                                                        "Actual Loops": 3,
                                                        "Filter": "((d_date >= '1998-08-29'::date) AND (d_date <= '1998-09-28 00:00:00'::timestamp without time zone))",
                                                        "Rows Removed by Filter": 24339,
                                                        "Workers": []
                                                      },
                                                      {
                                                        "Node Type": "Index Only Scan",
                                                        "Parent Relationship": "Inner",
                                                        "Parallel Aware": false,
                                                        "Async Capable": false,
                                                        "Scan Direction": "Forward",
                                                        "Index Name": "_dta_index_store_sales_6_1333579789__k1_k23_k14_k6_k8_k5_k7_3_4",
                                                        "Relation Name": "store_sales",
                                                        "Alias": "store_sales",
                                                        "Startup Cost": 0.56,
                                                        "Total Cost": 1026.91,
                                                        "Plan Rows": 1242,
                                                        "Plan Width": 32,
                                                        "Actual Startup Time": 0.604,
                                                        "Actual Total Time": 5.979,
                                                        "Actual Rows": 470,
                                                        "Actual Loops": 31,
                                                        "Index Cond": "(ss_sold_date_sk = date_dim.d_date_sk)",
                                                        "Rows Removed by Index Recheck": 0,
                                                        "Filter": "((ss_wholesale_cost >= '23'::numeric) AND (ss_wholesale_cost <= '38'::numeric))",
                                                        "Rows Removed by Filter": 4639,
                                                        "Heap Fetches": 0,
                                                        "Workers": []
                                                      }
                                                    ]
                                                  },
                                                  {
                                                    "Node Type": "Hash",
                                                    "Parent Relationship": "Inner",
                                                    "Parallel Aware": false,
                                                    "Async Capable": false,
                                                    "Startup Cost": 24.25,
                                                    "Total Cost": 24.25,
                                                    "Plan Rows": 14,
                                                    "Plan Width": 4,
                                                    "Actual Startup Time": 2.392,
                                                    "Actual Total Time": 2.392,
                                                    "Actual Rows": 11,
                                                    "Actual Loops": 1,
                                                    "Hash Buckets": 1024,
                                                    "Original Hash Buckets": 1024,
                                                    "Hash Batches": 1,
                                                    "Original Hash Batches": 1,
                                                    "Peak Memory Usage": 9,
                                                    "Workers": [],
                                                    "Plans": [
                                                      {
                                                        "Node Type": "Seq Scan",
                                                        "Parent Relationship": "Outer",
                                                        "Parallel Aware": false,
                                                        "Async Capable": false,
                                                        "Relation Name": "promotion",
                                                        "Alias": "promotion",
                                                        "Startup Cost": 0.0,
                                                        "Total Cost": 24.25,
                                                        "Plan Rows": 14,
                                                        "Plan Width": 4,
                                                        "Actual Startup Time": 0.566,
                                                        "Actual Total Time": 2.38,
                                                        "Actual Rows": 11,
                                                        "Actual Loops": 1,
                                                        "Filter": "((p_channel_email = 'N'::bpchar) AND (p_channel_tv = 'N'::bpchar) AND (p_channel_radio = 'N'::bpchar) AND (p_channel_press = 'N'::bpchar) AND (p_channel_event = 'N'::bpchar))",
                                                        "Rows Removed by Filter": 489,
                                                        "Workers": []
                                                      }
                                                    ]
                                                  }
                                                ]
                                              },
                                              {
                                                "Node Type": "Index Scan",
                                                "Parent Relationship": "Inner",
                                                "Parallel Aware": false,
                                                "Async Capable": false,
                                                "Scan Direction": "Forward",
                                                "Index Name": "item_pkey",
                                                "Relation Name": "item",
                                                "Alias": "item",
                                                "Startup Cost": 0.29,
                                                "Total Cost": 1.77,
                                                "Plan Rows": 1,
                                                "Plan Width": 4,
                                                "Actual Startup Time": 0.072,
                                                "Actual Total Time": 0.072,
                                                "Actual Rows": 0,
                                                "Actual Loops": 358,
                                                "Index Cond": "(i_item_sk = store_sales.ss_item_sk)",
                                                "Rows Removed by Index Recheck": 0,
                                                "Filter": "((i_current_price > '50'::numeric) AND (i_category = ANY ('{Children,Sports}'::bpchar[])))",
                                                "Rows Removed by Filter": 1,
                                                "Workers": []
                                              }
                                            ]
                                          }
                                        ]
                                      },
                                      {
                                        "Node Type": "Index Scan",
                                        "Parent Relationship": "Inner",
                                        "Parallel Aware": false,
                                        "Async Capable": false,
                                        "Scan Direction": "Forward",
                                        "Index Name": "store_returns_pkey",
                                        "Relation Name": "store_returns",
                                        "Alias": "store_returns",
                                        "Startup Cost": 0.43,
                                        "Total Cost": 2.25,
                                        "Plan Rows": 1,
                                        "Plan Width": 20,
                                        "Actual Startup Time": 0.492,
                                        "Actual Total Time": 0.492,
                                        "Actual Rows": 0,
                                        "Actual Loops": 4,
                                        "Index Cond": "((sr_item_sk = store_sales.ss_item_sk) AND (sr_ticket_number = store_sales.ss_ticket_number))",
                                        "Rows Removed by Index Recheck": 0
                                      }
                                    ]
                                  },
                                  {
                                    "Node Type": "Index Only Scan",
                                    "Parent Relationship": "Inner",
                                    "Parallel Aware": false,
                                    "Async Capable": false,
                                    "Scan Direction": "Forward",
                                    "Index Name": "_dta_index_store_6_885578193__k1_2_6",
                                    "Relation Name": "store",
                                    "Alias": "store",
                                    "Startup Cost": 0.14,
                                    "Total Cost": 0.16,
                                    "Plan Rows": 1,
                                    "Plan Width": 21,
                                    "Actual Startup Time": 0.021,
                                    "Actual Total Time": 0.021,
                                    "Actual Rows": 1,
                                    "Actual Loops": 4,
                                    "Index Cond": "(s_store_sk = store_sales.ss_store_sk)",
                                    "Rows Removed by Index Recheck": 0,
                                    "Heap Fetches": 4
                                  }
                                ]
                              }
                            ]
                          }
                        ]
                      }
                    ]
                  },
                  {
                    "Node Type": "Subquery Scan",
                    "Parent Relationship": "Member",
                    "Parallel Aware": false,
                    "Async Capable": false,
                    "Alias": "csr",
                    "Startup Cost": 20808.02,
                    "Total Cost": 20808.28,
                    "Plan Rows": 1,
                    "Plan Width": 160,
                    "Actual Startup Time": 247.439,
                    "Actual Total Time": 248.659,
                    "Actual Rows": 5,
                    "Actual Loops": 1,
                    "Plans": [
                      {
                        "Node Type": "Aggregate",
                        "Strategy": "Sorted",
                        "Partial Mode": "Simple",
                        "Parent Relationship": "Subquery",
                        "Parallel Aware": false,
                        "Async Capable": false,
                        "Startup Cost": 20808.02,
                        "Total Cost": 20808.26,
                        "Plan Rows": 1,
                        "Plan Width": 113,
                        "Actual Startup Time": 247.437,
                        "Actual Total Time": 248.652,
                        "Actual Rows": 5,
                        "Actual Loops": 1,
                        "Group Key": [
                          "catalog_page.cp_catalog_page_id"
                        ],
                        "Plans": [
                          {
                            "Node Type": "Nested Loop",
                            "Parent Relationship": "Outer",
                            "Parallel Aware": false,
                            "Async Capable": false,
                            "Join Type": "Left",
                            "Startup Cost": 20808.02,
                            "Total Cost": 20808.23,
                            "Plan Rows": 1,
                            "Plan Width": 41,
                            "Actual Startup Time": 247.014,
                            "Actual Total Time": 248.63,
                            "Actual Rows": 5,
                            "Actual Loops": 1,
                            "Inner Unique": true,
                            "Plans": [
                              {
                                "Node Type": "Gather Merge",
                                "Parent Relationship": "Outer",
                                "Parallel Aware": false,
                                "Async Capable": false,
                                "Startup Cost": 20807.59,
                                "Total Cost": 20807.71,
                                "Plan Rows": 1,
                                "Plan Width": 37,
                                "Actual Startup Time": 246.535,
                                "Actual Total Time": 246.562,
                                "Actual Rows": 5,
                                "Actual Loops": 1,
                                "Workers Planned": 1,
                                "Workers Launched": 1,
                                "Plans": [
                                  {
                                    "Node Type": "Sort",
                                    "Parent Relationship": "Outer",
                                    "Parallel Aware": false,
                                    "Async Capable": false,
                                    "Startup Cost": 19807.58,
                                    "Total Cost": 19807.59,
                                    "Plan Rows": 1,
                                    "Plan Width": 37,
                                    "Actual Startup Time": 131.757,
                                    "Actual Total Time": 131.761,
                                    "Actual Rows": 2,
                                    "Actual Loops": 2,
                                    "Sort Key": [
                                      "catalog_page.cp_catalog_page_id"
                                    ],
                                    "Sort Method": "quicksort",
                                    "Sort Space Used": 25,
                                    "Sort Space Type": "Memory",
                                    "Workers": [
                                      {
                                        "Worker Number": 0,
                                        "Sort Method": "quicksort",
                                        "Sort Space Used": 25,
                                        "Sort Space Type": "Memory"
                                      }
                                    ],
                                    "Plans": [
                                      {
                                        "Node Type": "Nested Loop",
                                        "Parent Relationship": "Outer",
                                        "Parallel Aware": false,
                                        "Async Capable": false,
                                        "Join Type": "Inner",
                                        "Startup Cost": 25.44,
                                        "Total Cost": 19807.57,
                                        "Plan Rows": 1,
                                        "Plan Width": 37,
                                        "Actual Startup Time": 7.751,
                                        "Actual Total Time": 131.741,
                                        "Actual Rows": 2,
                                        "Actual Loops": 2,
                                        "Inner Unique": true,
                                        "Workers": [],
                                        "Plans": [
                                          {
                                            "Node Type": "Nested Loop",
                                            "Parent Relationship": "Outer",
                                            "Parallel Aware": false,
                                            "Async Capable": false,
                                            "Join Type": "Inner",
                                            "Startup Cost": 25.15,
                                            "Total Cost": 19807.27,
                                            "Plan Rows": 1,
                                            "Plan Width": 24,
                                            "Actual Startup Time": 7.539,
                                            "Actual Total Time": 131.103,
                                            "Actual Rows": 2,
                                            "Actual Loops": 2,
                                            "Inner Unique": true,
                                            "Workers": [],
                                            "Plans": [
                                              {
                                                "Node Type": "Hash Join",
                                                "Parent Relationship": "Outer",
                                                "Parallel Aware": false,
                                                "Async Capable": false,
                                                "Join Type": "Inner",
                                                "Startup Cost": 24.86,
                                                "Total Cost": 19800.76,
                                                "Plan Rows": 20,
                                                "Plan Width": 24,
                                                "Actual Startup Time": 2.751,
                                                "Actual Total Time": 117.834,
                                                "Actual Rows": 259,
                                                "Actual Loops": 2,
                                                "Inner Unique": true,
                                                "Hash Cond": "(catalog_sales.cs_promo_sk = promotion_1.p_promo_sk)",
                                                "Workers": [],
                                                "Plans": [
                                                  {
                                                    "Node Type": "Nested Loop",
                                                    "Parent Relationship": "Outer",
                                                    "Parallel Aware": false,
                                                    "Async Capable": false,
                                                    "Join Type": "Inner",
                                                    "Startup Cost": 0.43,
                                                    "Total Cost": 19774.46,
                                                    "Plan Rows": 709,
                                                    "Plan Width": 28,
                                                    "Actual Startup Time": 1.261,
                                                    "Actual Total Time": 116.82,
                                                    "Actual Rows": 9750,
                                                    "Actual Loops": 2,
                                                    "Inner Unique": false,
                                                    "Workers": [],
                                                    "Plans": [
                                                      {
                                                        "Node Type": "Seq Scan",
                                                        "Parent Relationship": "Outer",
                                                        "Parallel Aware": true,
                                                        "Async Capable": false,
                                                        "Relation Name": "date_dim",
                                                        "Alias": "date_dim_1",
                                                        "Startup Cost": 0.0,
                                                        "Total Cost": 2068.55,
                                                        "Plan Rows": 19,
                                                        "Plan Width": 4,
                                                        "Actual Startup Time": 0.743,
                                                        "Actual Total Time": 3.026,
                                                        "Actual Rows": 16,
                                                        "Actual Loops": 2,
                                                        "Filter": "((d_date >= '1998-08-29'::date) AND (d_date <= '1998-09-28 00:00:00'::timestamp without time zone))",
                                                        "Rows Removed by Filter": 36509,
                                                        "Workers": []
                                                      },
                                                      {
                                                        "Node Type": "Index Scan",
                                                        "Parent Relationship": "Inner",
                                                        "Parallel Aware": false,
                                                        "Async Capable": false,
                                                        "Scan Direction": "Forward",
                                                        "Index Name": "_dta_index_catalog_sales_6_1301579675__k1_4",
                                                        "Relation Name": "catalog_sales",
                                                        "Alias": "catalog_sales",
                                                        "Startup Cost": 0.43,
                                                        "Total Cost": 918.91,
                                                        "Plan Rows": 1298,
                                                        "Plan Width": 32,
                                                        "Actual Startup Time": 0.055,
                                                        "Actual Total Time": 7.258,
                                                        "Actual Rows": 629,
                                                        "Actual Loops": 31,
                                                        "Index Cond": "(cs_sold_date_sk = date_dim_1.d_date_sk)",
                                                        "Rows Removed by Index Recheck": 0,
                                                        "Filter": "((cs_wholesale_cost >= '23'::numeric) AND (cs_wholesale_cost <= '38'::numeric))",
                                                        "Rows Removed by Filter": 2585,
                                                        "Workers": []
                                                      }
                                                    ]
                                                  },
                                                  {
                                                    "Node Type": "Hash",
                                                    "Parent Relationship": "Inner",
                                                    "Parallel Aware": false,
                                                    "Async Capable": false,
                                                    "Startup Cost": 24.25,
                                                    "Total Cost": 24.25,
                                                    "Plan Rows": 14,
                                                    "Plan Width": 4,
                                                    "Actual Startup Time": 0.18,
                                                    "Actual Total Time": 0.181,
                                                    "Actual Rows": 11,
                                                    "Actual Loops": 2,
                                                    "Hash Buckets": 1024,
                                                    "Original Hash Buckets": 1024,
                                                    "Hash Batches": 1,
                                                    "Original Hash Batches": 1,
                                                    "Peak Memory Usage": 9,
                                                    "Workers": [],
                                                    "Plans": [
                                                      {
                                                        "Node Type": "Seq Scan",
                                                        "Parent Relationship": "Outer",
                                                        "Parallel Aware": false,
                                                        "Async Capable": false,
                                                        "Relation Name": "promotion",
                                                        "Alias": "promotion_1",
                                                        "Startup Cost": 0.0,
                                                        "Total Cost": 24.25,
                                                        "Plan Rows": 14,
                                                        "Plan Width": 4,
                                                        "Actual Startup Time": 0.129,
                                                        "Actual Total Time": 0.174,
                                                        "Actual Rows": 11,
                                                        "Actual Loops": 2,
                                                        "Filter": "((p_channel_email = 'N'::bpchar) AND (p_channel_tv = 'N'::bpchar) AND (p_channel_radio = 'N'::bpchar) AND (p_channel_press = 'N'::bpchar) AND (p_channel_event = 'N'::bpchar))",
                                                        "Rows Removed by Filter": 489,
                                                        "Workers": []
                                                      }
                                                    ]
                                                  }
                                                ]
                                              },
                                              {
                                                "Node Type": "Index Scan",
                                                "Parent Relationship": "Inner",
                                                "Parallel Aware": false,
                                                "Async Capable": false,
                                                "Scan Direction": "Forward",
                                                "Index Name": "item_pkey",
                                                "Relation Name": "item",
                                                "Alias": "item_1",
                                                "Startup Cost": 0.29,
                                                "Total Cost": 0.33,
                                                "Plan Rows": 1,
                                                "Plan Width": 4,
                                                "Actual Startup Time": 0.051,
                                                "Actual Total Time": 0.051,
                                                "Actual Rows": 0,
                                                "Actual Loops": 518,
                                                "Index Cond": "(i_item_sk = catalog_sales.cs_item_sk)",
                                                "Rows Removed by Index Recheck": 0,
                                                "Filter": "((i_current_price > '50'::numeric) AND (i_category = ANY ('{Children,Sports}'::bpchar[])))",
                                                "Rows Removed by Filter": 1,
                                                "Workers": []
                                              }
                                            ]
                                          },
                                          {
                                            "Node Type": "Index Scan",
                                            "Parent Relationship": "Inner",
                                            "Parallel Aware": false,
                                            "Async Capable": false,
                                            "Scan Direction": "Forward",
                                            "Index Name": "catalog_page_pkey",
                                            "Relation Name": "catalog_page",
                                            "Alias": "catalog_page",
                                            "Startup Cost": 0.29,
                                            "Total Cost": 0.3,
                                            "Plan Rows": 1,
                                            "Plan Width": 21,
                                            "Actual Startup Time": 0.253,
                                            "Actual Total Time": 0.253,
                                            "Actual Rows": 1,
                                            "Actual Loops": 5,
                                            "Index Cond": "(cp_catalog_page_sk = catalog_sales.cs_catalog_page_sk)",
                                            "Rows Removed by Index Recheck": 0,
                                            "Workers": []
                                          }
                                        ]
                                      }
                                    ]
                                  }
                                ]
                              },
                              {
                                "Node Type": "Index Scan",
                                "Parent Relationship": "Inner",
                                "Parallel Aware": false,
                                "Async Capable": false,
                                "Scan Direction": "Forward",
                                "Index Name": "catalog_returns_pkey",
                                "Relation Name": "catalog_returns",
                                "Alias": "catalog_returns",
                                "Startup Cost": 0.43,
                                "Total Cost": 0.52,
                                "Plan Rows": 1,
                                "Plan Width": 20,
                                "Actual Startup Time": 0.411,
                                "Actual Total Time": 0.411,
                                "Actual Rows": 0,
                                "Actual Loops": 5,
                                "Index Cond": "((cr_item_sk = catalog_sales.cs_item_sk) AND (cr_order_number = catalog_sales.cs_order_number))",
                                "Rows Removed by Index Recheck": 0
                              }
                            ]
                          }
                        ]
                      }
                    ]
                  },
                  {
                    "Node Type": "Subquery Scan",
                    "Parent Relationship": "Member",
                    "Parallel Aware": false,
                    "Async Capable": false,
                    "Alias": "wsr",
                    "Startup Cost": 12298.7,
                    "Total Cost": 12299.1,
                    "Plan Rows": 1,
                    "Plan Width": 160,
                    "Actual Startup Time": 476.714,
                    "Actual Total Time": 478.131,
                    "Actual Rows": 1,
                    "Actual Loops": 1,
                    "Plans": [
                      {
                        "Node Type": "Aggregate",
                        "Strategy": "Sorted",
                        "Partial Mode": "Simple",
                        "Parent Relationship": "Subquery",
                        "Parallel Aware": false,
                        "Async Capable": false,
                        "Startup Cost": 12298.7,
                        "Total Cost": 12299.09,
                        "Plan Rows": 1,
                        "Plan Width": 113,
                        "Actual Startup Time": 476.711,
                        "Actual Total Time": 478.127,
                        "Actual Rows": 1,
                        "Actual Loops": 1,
                        "Group Key": [
                          "web_site.web_site_id"
                        ],
                        "Plans": [
                          {
                            "Node Type": "Nested Loop",
                            "Parent Relationship": "Outer",
                            "Parallel Aware": false,
                            "Async Capable": false,
                            "Join Type": "Left",
                            "Startup Cost": 12298.7,
                            "Total Cost": 12299.06,
                            "Plan Rows": 1,
                            "Plan Width": 41,
                            "Actual Startup Time": 476.699,
                            "Actual Total Time": 478.118,
                            "Actual Rows": 1,
                            "Actual Loops": 1,
                            "Inner Unique": true,
                            "Plans": [
                              {
                                "Node Type": "Gather Merge",
                                "Parent Relationship": "Outer",
                                "Parallel Aware": false,
                                "Async Capable": false,
                                "Startup Cost": 12298.28,
                                "Total Cost": 12298.39,
                                "Plan Rows": 1,
                                "Plan Width": 37,
                                "Actual Startup Time": 476.223,
                                "Actual Total Time": 477.638,
                                "Actual Rows": 1,
                                "Actual Loops": 1,
                                "Workers Planned": 1,
                                "Workers Launched": 1,
                                "Plans": [
                                  {
                                    "Node Type": "Sort",
                                    "Parent Relationship": "Outer",
                                    "Parallel Aware": false,
                                    "Async Capable": false,
                                    "Startup Cost": 11298.27,
                                    "Total Cost": 11298.27,
                                    "Plan Rows": 1,
                                    "Plan Width": 37,
                                    "Actual Startup Time": 258.838,
                                    "Actual Total Time": 258.841,
                                    "Actual Rows": 0,
                                    "Actual Loops": 2,
                                    "Sort Key": [
                                      "web_site.web_site_id"
                                    ],
                                    "Sort Method": "quicksort",
                                    "Sort Space Used": 25,
                                    "Sort Space Type": "Memory",
                                    "Workers": [
                                      {
                                        "Worker Number": 0,
                                        "Sort Method": "quicksort",
                                        "Sort Space Used": 25,
                                        "Sort Space Type": "Memory"
                                      }
                                    ],
                                    "Plans": [
                                      {
                                        "Node Type": "Nested Loop",
                                        "Parent Relationship": "Outer",
                                        "Parallel Aware": false,
                                        "Async Capable": false,
                                        "Join Type": "Inner",
                                        "Startup Cost": 25.29,
                                        "Total Cost": 11298.26,
                                        "Plan Rows": 1,
                                        "Plan Width": 37,
                                        "Actual Startup Time": 157.33,
                                        "Actual Total Time": 258.828,
                                        "Actual Rows": 0,
                                        "Actual Loops": 2,
                                        "Inner Unique": true,
                                        "Workers": [],
                                        "Plans": [
                                          {
                                            "Node Type": "Nested Loop",
                                            "Parent Relationship": "Outer",
                                            "Parallel Aware": false,
                                            "Async Capable": false,
                                            "Join Type": "Inner",
                                            "Startup Cost": 25.15,
                                            "Total Cost": 11298.1,
                                            "Plan Rows": 1,
                                            "Plan Width": 24,
                                            "Actual Startup Time": 157.32,
                                            "Actual Total Time": 258.817,
                                            "Actual Rows": 0,
                                            "Actual Loops": 2,
                                            "Inner Unique": true,
                                            "Workers": [],
                                            "Plans": [
                                              {
                                                "Node Type": "Hash Join",
                                                "Parent Relationship": "Outer",
                                                "Parallel Aware": false,
                                                "Async Capable": false,
                                                "Join Type": "Inner",
                                                "Startup Cost": 24.86,
                                                "Total Cost": 11296.63,
                                                "Plan Rows": 4,
                                                "Plan Width": 24,
                                                "Actual Startup Time": 5.041,
                                                "Actual Total Time": 254.047,
                                                "Actual Rows": 58,
                                                "Actual Loops": 2,
                                                "Inner Unique": true,
                                                "Hash Cond": "(web_sales.ws_promo_sk = promotion_2.p_promo_sk)",
                                                "Workers": [],
                                                "Plans": [
                                                  {
                                                    "Node Type": "Nested Loop",
                                                    "Parent Relationship": "Outer",
                                                    "Parallel Aware": false,
                                                    "Async Capable": false,
                                                    "Join Type": "Inner",
                                                    "Startup Cost": 0.43,
                                                    "Total Cost": 11271.82,
                                                    "Plan Rows": 149,
                                                    "Plan Width": 28,
                                                    "Actual Startup Time": 1.905,
                                                    "Actual Total Time": 253.475,
                                                    "Actual Rows": 2509,
                                                    "Actual Loops": 2,
                                                    "Inner Unique": false,
                                                    "Workers": [],
                                                    "Plans": [
                                                      {
                                                        "Node Type": "Seq Scan",
                                                        "Parent Relationship": "Outer",
                                                        "Parallel Aware": true,
                                                        "Async Capable": false,
                                                        "Relation Name": "date_dim",
                                                        "Alias": "date_dim_2",
                                                        "Startup Cost": 0.0,
                                                        "Total Cost": 2068.55,
                                                        "Plan Rows": 19,
                                                        "Plan Width": 4,
                                                        "Actual Startup Time": 0.593,
                                                        "Actual Total Time": 1.296,
                                                        "Actual Rows": 16,
                                                        "Actual Loops": 2,
                                                        "Filter": "((d_date >= '1998-08-29'::date) AND (d_date <= '1998-09-28 00:00:00'::timestamp without time zone))",
                                                        "Rows Removed by Filter": 36509,
                                                        "Workers": []
                                                      },
                                                      {
                                                        "Node Type": "Index Scan",
                                                        "Parent Relationship": "Inner",
                                                        "Parallel Aware": false,
                                                        "Async Capable": false,
                                                        "Scan Direction": "Forward",
                                                        "Index Name": "_dta_index_web_sales_6_1269579561__k1_8_24",
                                                        "Relation Name": "web_sales",
                                                        "Alias": "web_sales",
                                                        "Startup Cost": 0.43,
                                                        "Total Cost": 481.66,
                                                        "Plan Rows": 272,
                                                        "Plan Width": 32,
                                                        "Actual Startup Time": 0.182,
                                                        "Actual Total Time": 16.238,
                                                        "Actual Rows": 162,
                                                        "Actual Loops": 31,
                                                        "Index Cond": "(ws_sold_date_sk = date_dim_2.d_date_sk)",
                                                        "Rows Removed by Index Recheck": 0,
                                                        "Filter": "((ws_wholesale_cost >= '23'::numeric) AND (ws_wholesale_cost <= '38'::numeric))",
                                                        "Rows Removed by Filter": 1877,
                                                        "Workers": []
                                                      }
                                                    ]
                                                  },
                                                  {
                                                    "Node Type": "Hash",
                                                    "Parent Relationship": "Inner",
                                                    "Parallel Aware": false,
                                                    "Async Capable": false,
                                                    "Startup Cost": 24.25,
                                                    "Total Cost": 24.25,
                                                    "Plan Rows": 14,
                                                    "Plan Width": 4,
                                                    "Actual Startup Time": 0.152,
                                                    "Actual Total Time": 0.153,
                                                    "Actual Rows": 11,
                                                    "Actual Loops": 2,
                                                    "Hash Buckets": 1024,
                                                    "Original Hash Buckets": 1024,
                                                    "Hash Batches": 1,
                                                    "Original Hash Batches": 1,
                                                    "Peak Memory Usage": 9,
                                                    "Workers": [],
                                                    "Plans": [
                                                      {
                                                        "Node Type": "Seq Scan",
                                                        "Parent Relationship": "Outer",
                                                        "Parallel Aware": false,
                                                        "Async Capable": false,
                                                        "Relation Name": "promotion",
                                                        "Alias": "promotion_2",
                                                        "Startup Cost": 0.0,
                                                        "Total Cost": 24.25,
                                                        "Plan Rows": 14,
                                                        "Plan Width": 4,
                                                        "Actual Startup Time": 0.105,
                                                        "Actual Total Time": 0.149,
                                                        "Actual Rows": 11,
                                                        "Actual Loops": 2,
                                                        "Filter": "((p_channel_email = 'N'::bpchar) AND (p_channel_tv = 'N'::bpchar) AND (p_channel_radio = 'N'::bpchar) AND (p_channel_press = 'N'::bpchar) AND (p_channel_event = 'N'::bpchar))",
                                                        "Rows Removed by Filter": 489,
                                                        "Workers": []
                                                      }
                                                    ]
                                                  }
                                                ]
                                              },
                                              {
                                                "Node Type": "Index Scan",
                                                "Parent Relationship": "Inner",
                                                "Parallel Aware": false,
                                                "Async Capable": false,
                                                "Scan Direction": "Forward",
                                                "Index Name": "item_pkey",
                                                "Relation Name": "item",
                                                "Alias": "item_2",
                                                "Startup Cost": 0.29,
                                                "Total Cost": 0.37,
                                                "Plan Rows": 1,
                                                "Plan Width": 4,
                                                "Actual Startup Time": 0.082,
                                                "Actual Total Time": 0.082,
                                                "Actual Rows": 0,
                                                "Actual Loops": 115,
                                                "Index Cond": "(i_item_sk = web_sales.ws_item_sk)",
                                                "Rows Removed by Index Recheck": 0,
                                                "Filter": "((i_current_price > '50'::numeric) AND (i_category = ANY ('{Children,Sports}'::bpchar[])))",
                                                "Rows Removed by Filter": 1,
                                                "Workers": []
                                              }
                                            ]
                                          },
                                          {
                                            "Node Type": "Index Scan",
                                            "Parent Relationship": "Inner",
                                            "Parallel Aware": false,
                                            "Async Capable": false,
                                            "Scan Direction": "Forward",
                                            "Index Name": "web_site_pkey",
                                            "Relation Name": "web_site",
                                            "Alias": "web_site",
                                            "Startup Cost": 0.14,
                                            "Total Cost": 0.16,
                                            "Plan Rows": 1,
                                            "Plan Width": 21,
                                            "Actual Startup Time": 0.017,
                                            "Actual Total Time": 0.018,
                                            "Actual Rows": 1,
                                            "Actual Loops": 1,
                                            "Index Cond": "(web_site_sk = web_sales.ws_web_site_sk)",
                                            "Rows Removed by Index Recheck": 0,
                                            "Workers": []
                                          }
                                        ]
                                      }
                                    ]
                                  }
                                ]
                              },
                              {
                                "Node Type": "Index Scan",
                                "Parent Relationship": "Inner",
                                "Parallel Aware": false,
                                "Async Capable": false,
                                "Scan Direction": "Forward",
                                "Index Name": "web_returns_pkey",
                                "Relation Name": "web_returns",
                                "Alias": "web_returns",
                                "Startup Cost": 0.43,
                                "Total Cost": 0.66,
                                "Plan Rows": 1,
                                "Plan Width": 20,
                                "Actual Startup Time": 0.471,
                                "Actual Total Time": 0.471,
                                "Actual Rows": 0,
                                "Actual Loops": 1,
                                "Index Cond": "((wr_item_sk = web_sales.ws_item_sk) AND (wr_order_number = web_sales.ws_order_number))",
                                "Rows Removed by Index Recheck": 0
                              }
                            ]
                          }
                        ]
                      }
                    ]
                  }
                ]
              }
            ]
          }
        ]
      }
    ]
  },
  "actual_rows": 14,
  "provenance": {
    "database": "postgres://jakc9:jakc9@127.0.0.1:5434/dsb_sf10",
    "scale_factor": 10,
    "engine": "postgresql",
    "engine_version": "14.3",
    "cached_at": "2026-02-09T21:06:49.375135"
  }
}