{
  "execution_time_ms": 77742.73,
  "plan_text": "Limit  (rows=80, time=77729.757)\n  Aggregate  (rows=80, time=77715.472)\n    Nested Loop  (rows=964, time=77712.733)\n      Nested Loop  (rows=1105, time=10971.236)\n        Gather Merge  (rows=1128, time=4366.52)\n          Sort  (rows=376, time=4343.754)\n            Nested Loop  (rows=376, time=4342.987)\n              Hash Join  (rows=1691, time=3512.661)\n                Hash Join  (rows=22398, time=1684.457)\n                  Seq Scan on customer (c)  (rows=166667, time=1205.575)\n                  Hash  (rows=11220, time=442.404)\n                    Seq Scan on customer_address (ca)  (rows=11220, time=439.012)\n                Hash  (rows=150624, time=1817.419)\n                  Nested Loop  (rows=150624, time=864.826)\n                    Index Only Scan on date_dim  (rows=31, time=8.858)\n                    Index Only Scan on store_sales  (rows=4912, time=27.602)\n              Index Scan on customer_demographics  (rows=0, time=0.489)\n        Materialize  (rows=83523, time=3.78)\n          Gather  (rows=84341, time=2033.399)\n            Nested Loop  (rows=28114, time=976.82)\n              Index Only Scan on date_dim (date_dim_1)  (rows=31, time=24.429)\n              Index Scan on web_sales  (rows=917, time=30.943)\n      Materialize  (rows=310392, time=53.158)\n        Gather  (rows=332456, time=1691.225)\n          Nested Loop  (rows=110819, time=1023.499)\n            Index Only Scan on date_dim (date_dim_2)  (rows=31, time=0.346)\n            Index Scan on catalog_sales  (rows=3614, time=33.086)",
  "plan_json": {
    "Node Type": "Limit",
    "Parallel Aware": false,
    "Async Capable": false,
    "Startup Cost": 72933.47,
    "Total Cost": 106916.09,
    "Plan Rows": 100,
    "Plan Width": 64,
    "Actual Startup Time": 9285.591,
    "Actual Total Time": 77729.757,
    "Actual Rows": 80,
    "Actual Loops": 1,
    "Plans": [
      {
        "Node Type": "Aggregate",
        "Strategy": "Sorted",
        "Partial Mode": "Simple",
        "Parent Relationship": "Outer",
        "Parallel Aware": false,
        "Async Capable": false,
        "Startup Cost": 72933.47,
        "Total Cost": 169444.12,
        "Plan Rows": 284,
        "Plan Width": 64,
        "Actual Startup Time": 9271.379,
        "Actual Total Time": 77715.472,
        "Actual Rows": 80,
        "Actual Loops": 1,
        "Group Key": [
          "customer_demographics.cd_gender",
          "customer_demographics.cd_marital_status",
          "customer_demographics.cd_education_status",
          "customer_demographics.cd_purchase_estimate",
          "customer_demographics.cd_credit_rating"
        ],
        "Plans": [
          {
            "Node Type": "Nested Loop",
            "Parent Relationship": "Outer",
            "Parallel Aware": false,
            "Async Capable": false,
            "Join Type": "Anti",
            "Startup Cost": 72933.47,
            "Total Cost": 169437.02,
            "Plan Rows": 284,
            "Plan Width": 40,
            "Actual Startup Time": 8210.562,
            "Actual Total Time": 77712.733,
            "Actual Rows": 964,
            "Actual Loops": 1,
            "Inner Unique": false,
            "Join Filter": "(c.c_customer_sk = catalog_sales.cs_ship_customer_sk)",
            "Rows Removed by Join Filter": 342982712,
            "Plans": [
              {
                "Node Type": "Nested Loop",
                "Parent Relationship": "Outer",
                "Parallel Aware": false,
                "Async Capable": false,
                "Join Type": "Anti",
                "Startup Cost": 71932.74,
                "Total Cost": 105732.68,
                "Plan Rows": 287,
                "Plan Width": 44,
                "Actual Startup Time": 6409.721,
                "Actual Total Time": 10971.236,
                "Actual Rows": 1105,
                "Actual Loops": 1,
                "Inner Unique": false,
                "Join Filter": "(c.c_customer_sk = web_sales.ws_bill_customer_sk)",
                "Rows Removed by Join Filter": 94213763,
                "Plans": [
                  {
                    "Node Type": "Gather Merge",
                    "Parent Relationship": "Outer",
                    "Parallel Aware": false,
                    "Async Capable": false,
                    "Startup Cost": 70932.01,
                    "Total Cost": 70965.56,
                    "Plan Rows": 288,
                    "Plan Width": 44,
                    "Actual Startup Time": 4360.585,
                    "Actual Total Time": 4366.52,
                    "Actual Rows": 1128,
                    "Actual Loops": 1,
                    "Workers Planned": 2,
                    "Workers Launched": 2,
                    "Plans": [
                      {
                        "Node Type": "Sort",
                        "Parent Relationship": "Outer",
                        "Parallel Aware": false,
                        "Async Capable": false,
                        "Startup Cost": 69931.99,
                        "Total Cost": 69932.29,
                        "Plan Rows": 120,
                        "Plan Width": 44,
                        "Actual Startup Time": 4343.509,
                        "Actual Total Time": 4343.754,
                        "Actual Rows": 376,
                        "Actual Loops": 3,
                        "Sort Key": [
                          "customer_demographics.cd_gender",
                          "customer_demographics.cd_marital_status",
                          "customer_demographics.cd_education_status",
                          "customer_demographics.cd_purchase_estimate",
                          "customer_demographics.cd_credit_rating"
                        ],
                        "Sort Method": "quicksort",
                        "Sort Space Used": 50,
                        "Sort Space Type": "Memory",
                        "Workers": [
                          {
                            "Worker Number": 0,
                            "Sort Method": "quicksort",
                            "Sort Space Used": 52,
                            "Sort Space Type": "Memory"
                          },
                          {
                            "Worker Number": 1,
                            "Sort Method": "quicksort",
                            "Sort Space Used": 50,
                            "Sort Space Type": "Memory"
                          }
                        ],
                        "Plans": [
                          {
                            "Node Type": "Nested Loop",
                            "Parent Relationship": "Outer",
                            "Parallel Aware": false,
                            "Async Capable": false,
                            "Join Type": "Inner",
                            "Startup Cost": 49849.39,
                            "Total Cost": 69927.85,
                            "Plan Rows": 120,
                            "Plan Width": 44,
                            "Actual Startup Time": 2273.477,
                            "Actual Total Time": 4342.987,
                            "Actual Rows": 376,
                            "Actual Loops": 3,
                            "Inner Unique": true,
                            "Workers": [],
                            "Plans": [
                              {
                                "Node Type": "Hash Join",
                                "Parent Relationship": "Outer",
                                "Parallel Aware": true,
                                "Async Capable": false,
                                "Join Type": "Semi",
                                "Startup Cost": 49848.97,
                                "Total Cost": 66458.14,
                                "Plan Rows": 733,
                                "Plan Width": 8,
                                "Actual Startup Time": 2261.017,
                                "Actual Total Time": 3512.661,
                                "Actual Rows": 1691,
                                "Actual Loops": 3,
                                "Inner Unique": false,
                                "Hash Cond": "(c.c_customer_sk = store_sales.ss_customer_sk)",
                                "Workers": [],
                                "Plans": [
                                  {
                                    "Node Type": "Hash Join",
                                    "Parent Relationship": "Outer",
                                    "Parallel Aware": true,
                                    "Async Capable": false,
                                    "Join Type": "Inner",
                                    "Startup Cost": 7031.03,
                                    "Total Cost": 23541.25,
                                    "Plan Rows": 27958,
                                    "Plan Width": 8,
                                    "Actual Startup Time": 442.908,
                                    "Actual Total Time": 1684.457,
                                    "Actual Rows": 22398,
                                    "Actual Loops": 3,
                                    "Inner Unique": true,
                                    "Hash Cond": "(c.c_current_addr_sk = ca.ca_address_sk)",
                                    "Workers": [],
                                    "Plans": [
                                      {
                                        "Node Type": "Seq Scan",
                                        "Parent Relationship": "Outer",
                                        "Parallel Aware": true,
                                        "Async Capable": false,
                                        "Relation Name": "customer",
                                        "Alias": "c",
                                        "Startup Cost": 0.0,
                                        "Total Cost": 15963.33,
                                        "Plan Rows": 208333,
                                        "Plan Width": 12,
                                        "Actual Startup Time": 0.395,
                                        "Actual Total Time": 1205.575,
                                        "Actual Rows": 166667,
                                        "Actual Loops": 3,
                                        "Workers": []
                                      },
                                      {
                                        "Node Type": "Hash",
                                        "Parent Relationship": "Inner",
                                        "Parallel Aware": true,
                                        "Async Capable": false,
                                        "Startup Cost": 6856.29,
                                        "Total Cost": 6856.29,
                                        "Plan Rows": 13979,
                                        "Plan Width": 4,
                                        "Actual Startup Time": 442.403,
                                        "Actual Total Time": 442.404,
                                        "Actual Rows": 11220,
                                        "Actual Loops": 3,
                                        "Hash Buckets": 65536,
                                        "Original Hash Buckets": 65536,
                                        "Hash Batches": 1,
                                        "Original Hash Batches": 1,
                                        "Peak Memory Usage": 1888,
                                        "Workers": [],
                                        "Plans": [
                                          {
                                            "Node Type": "Seq Scan",
                                            "Parent Relationship": "Outer",
                                            "Parallel Aware": true,
                                            "Async Capable": false,
                                            "Relation Name": "customer_address",
                                            "Alias": "ca",
                                            "Startup Cost": 0.0,
                                            "Total Cost": 6856.29,
                                            "Plan Rows": 13979,
                                            "Plan Width": 4,
                                            "Actual Startup Time": 2.854,
                                            "Actual Total Time": 439.012,
                                            "Actual Rows": 11220,
                                            "Actual Loops": 3,
                                            "Filter": "(ca_state = ANY ('{CO,NC,TX}'::bpchar[]))",
                                            "Rows Removed by Filter": 72113,
                                            "Workers": []
                                          }
                                        ]
                                      }
                                    ]
                                  },
                                  {
                                    "Node Type": "Hash",
                                    "Parent Relationship": "Inner",
                                    "Parallel Aware": true,
                                    "Async Capable": false,
                                    "Startup Cost": 42746.36,
                                    "Total Cost": 42746.36,
                                    "Plan Rows": 5726,
                                    "Plan Width": 4,
                                    "Actual Startup Time": 1817.418,
                                    "Actual Total Time": 1817.419,
                                    "Actual Rows": 150624,
                                    "Actual Loops": 3,
                                    "Hash Buckets": 524288,
                                    "Original Hash Buckets": 16384,
                                    "Hash Batches": 1,
                                    "Original Hash Batches": 1,
                                    "Peak Memory Usage": 25568,
                                    "Workers": [],
                                    "Plans": [
                                      {
                                        "Node Type": "Nested Loop",
                                        "Parent Relationship": "Outer",
                                        "Parallel Aware": false,
                                        "Async Capable": false,
                                        "Join Type": "Inner",
                                        "Startup Cost": 0.85,
                                        "Total Cost": 42746.36,
                                        "Plan Rows": 5726,
                                        "Plan Width": 4,
                                        "Actual Startup Time": 11.989,
                                        "Actual Total Time": 864.826,
                                        "Actual Rows": 150624,
                                        "Actual Loops": 3,
                                        "Inner Unique": false,
                                        "Workers": [],
                                        "Plans": [
                                          {
                                            "Node Type": "Index Only Scan",
                                            "Parent Relationship": "Outer",
                                            "Parallel Aware": true,
                                            "Async Capable": false,
                                            "Scan Direction": "Forward",
                                            "Index Name": "_dta_index_date_dim_6_661577395__k1_k7_k9",
                                            "Relation Name": "date_dim",
                                            "Alias": "date_dim",
                                            "Startup Cost": 0.29,
                                            "Total Cost": 2047.53,
                                            "Plan Rows": 38,
                                            "Plan Width": 4,
                                            "Actual Startup Time": 8.839,
                                            "Actual Total Time": 8.858,
                                            "Actual Rows": 31,
                                            "Actual Loops": 3,
                                            "Index Cond": "((d_year = 2002) AND (d_moy >= 10) AND (d_moy <= 12))",
                                            "Rows Removed by Index Recheck": 0,
                                            "Heap Fetches": 0,
                                            "Workers": []
                                          },
                                          {
                                            "Node Type": "Index Only Scan",
                                            "Parent Relationship": "Inner",
                                            "Parallel Aware": false,
                                            "Async Capable": false,
                                            "Scan Direction": "Forward",
                                            "Index Name": "_dta_index_store_sales_6_1333579789__k1_k23_k14_k6_k8_k5_k7_3_4",
                                            "Relation Name": "store_sales",
                                            "Alias": "store_sales",
                                            "Startup Cost": 0.56,
                                            "Total Cost": 1017.07,
                                            "Plan Rows": 5395,
                                            "Plan Width": 8,
                                            "Actual Startup Time": 0.243,
                                            "Actual Total Time": 27.602,
                                            "Actual Rows": 4912,
                                            "Actual Loops": 92,
                                            "Index Cond": "(ss_sold_date_sk = date_dim.d_date_sk)",
                                            "Rows Removed by Index Recheck": 0,
                                            "Filter": "((ss_list_price >= '80'::numeric) AND (ss_list_price <= '169'::numeric))",
                                            "Rows Removed by Filter": 7334,
                                            "Heap Fetches": 0,
                                            "Workers": []
                                          }
                                        ]
                                      }
                                    ]
                                  }
                                ]
                              },
                              {
                                "Node Type": "Index Scan",
                                "Parent Relationship": "Inner",
                                "Parallel Aware": false,
                                "Async Capable": false,
                                "Scan Direction": "Forward",
                                "Index Name": "customer_demographics_pkey",
                                "Relation Name": "customer_demographics",
                                "Alias": "customer_demographics",
                                "Startup Cost": 0.43,
                                "Total Cost": 4.73,
                                "Plan Rows": 1,
                                "Plan Width": 44,
                                "Actual Startup Time": 0.489,
                                "Actual Total Time": 0.489,
                                "Actual Rows": 0,
                                "Actual Loops": 5074,
                                "Index Cond": "(cd_demo_sk = c.c_current_cdemo_sk)",
                                "Rows Removed by Index Recheck": 0,
                                "Filter": "((cd_education_status = ANY ('{Primary,College}'::bpchar[])) AND (cd_marital_status = ANY ('{S,M,U}'::bpchar[])))",
                                "Rows Removed by Filter": 1,
                                "Workers": []
                              }
                            ]
                          }
                        ]
                      }
                    ]
                  },
                  {
                    "Node Type": "Materialize",
                    "Parent Relationship": "Inner",
                    "Parallel Aware": false,
                    "Async Capable": false,
                    "Startup Cost": 1000.73,
                    "Total Cost": 21879.39,
                    "Plan Rows": 2985,
                    "Plan Width": 4,
                    "Actual Startup Time": 0.037,
                    "Actual Total Time": 3.78,
                    "Actual Rows": 83523,
                    "Actual Loops": 1128,
                    "Plans": [
                      {
                        "Node Type": "Gather",
                        "Parent Relationship": "Outer",
                        "Parallel Aware": false,
                        "Async Capable": false,
                        "Startup Cost": 1000.73,
                        "Total Cost": 21864.46,
                        "Plan Rows": 2985,
                        "Plan Width": 4,
                        "Actual Startup Time": 41.733,
                        "Actual Total Time": 2033.399,
                        "Actual Rows": 84341,
                        "Actual Loops": 1,
                        "Workers Planned": 2,
                        "Workers Launched": 2,
                        "Single Copy": false,
                        "Plans": [
                          {
                            "Node Type": "Nested Loop",
                            "Parent Relationship": "Outer",
                            "Parallel Aware": false,
                            "Async Capable": false,
                            "Join Type": "Inner",
                            "Startup Cost": 0.72,
                            "Total Cost": 20565.96,
                            "Plan Rows": 1244,
                            "Plan Width": 4,
                            "Actual Startup Time": 27.911,
                            "Actual Total Time": 976.82,
                            "Actual Rows": 28114,
                            "Actual Loops": 3,
                            "Inner Unique": false,
                            "Workers": [],
                            "Plans": [
                              {
                                "Node Type": "Index Only Scan",
                                "Parent Relationship": "Outer",
                                "Parallel Aware": true,
                                "Async Capable": false,
                                "Scan Direction": "Forward",
                                "Index Name": "_dta_index_date_dim_6_661577395__k1_k7_k9",
                                "Relation Name": "date_dim",
                                "Alias": "date_dim_1",
                                "Startup Cost": 0.29,
                                "Total Cost": 2047.53,
                                "Plan Rows": 38,
                                "Plan Width": 4,
                                "Actual Startup Time": 24.399,
                                "Actual Total Time": 24.429,
                                "Actual Rows": 31,
                                "Actual Loops": 3,
                                "Index Cond": "((d_year = 2002) AND (d_moy >= 10) AND (d_moy <= 12))",
                                "Rows Removed by Index Recheck": 0,
                                "Heap Fetches": 0,
                                "Workers": []
                              },
                              {
                                "Node Type": "Index Scan",
                                "Parent Relationship": "Inner",
                                "Parallel Aware": false,
                                "Async Capable": false,
                                "Scan Direction": "Forward",
                                "Index Name": "_dta_index_web_sales_6_1269579561__k1_8_24",
                                "Relation Name": "web_sales",
                                "Alias": "web_sales",
                                "Startup Cost": 0.43,
                                "Total Cost": 476.05,
                                "Plan Rows": 1128,
                                "Plan Width": 8,
                                "Actual Startup Time": 0.123,
                                "Actual Total Time": 30.943,
                                "Actual Rows": 917,
                                "Actual Loops": 92,
                                "Index Cond": "(ws_sold_date_sk = date_dim_1.d_date_sk)",
                                "Rows Removed by Index Recheck": 0,
                                "Filter": "((ws_list_price >= '80'::numeric) AND (ws_list_price <= '169'::numeric))",
                                "Rows Removed by Filter": 1827,
                                "Workers": []
                              }
                            ]
                          }
                        ]
                      }
                    ]
                  }
                ]
              },
              {
                "Node Type": "Materialize",
                "Parent Relationship": "Inner",
                "Parallel Aware": false,
                "Async Capable": false,
                "Startup Cost": 1000.73,
                "Total Cost": 38995.08,
                "Plan Rows": 5743,
                "Plan Width": 4,
                "Actual Startup Time": 0.154,
                "Actual Total Time": 53.158,
                "Actual Rows": 310392,
                "Actual Loops": 1105,
                "Plans": [
                  {
                    "Node Type": "Gather",
                    "Parent Relationship": "Outer",
                    "Parallel Aware": false,
                    "Async Capable": false,
                    "Startup Cost": 1000.73,
                    "Total Cost": 38966.36,
                    "Plan Rows": 5743,
                    "Plan Width": 4,
                    "Actual Startup Time": 1.518,
                    "Actual Total Time": 1691.225,
                    "Actual Rows": 332456,
                    "Actual Loops": 1,
                    "Workers Planned": 2,
                    "Workers Launched": 2,
                    "Single Copy": false,
                    "Plans": [
                      {
                        "Node Type": "Nested Loop",
                        "Parent Relationship": "Outer",
                        "Parallel Aware": false,
                        "Async Capable": false,
                        "Join Type": "Inner",
                        "Startup Cost": 0.73,
                        "Total Cost": 37392.06,
                        "Plan Rows": 2393,
                        "Plan Width": 4,
                        "Actual Startup Time": 2.539,
                        "Actual Total Time": 1023.499,
                        "Actual Rows": 110819,
                        "Actual Loops": 3,
                        "Inner Unique": false,
                        "Workers": [],
                        "Plans": [
                          {
                            "Node Type": "Index Only Scan",
                            "Parent Relationship": "Outer",
                            "Parallel Aware": true,
                            "Async Capable": false,
                            "Scan Direction": "Forward",
                            "Index Name": "_dta_index_date_dim_6_661577395__k1_k7_k9",
                            "Relation Name": "date_dim",
                            "Alias": "date_dim_2",
                            "Startup Cost": 0.29,
                            "Total Cost": 2047.53,
                            "Plan Rows": 38,
                            "Plan Width": 4,
                            "Actual Startup Time": 0.322,
                            "Actual Total Time": 0.346,
                            "Actual Rows": 31,
                            "Actual Loops": 3,
                            "Index Cond": "((d_year = 2002) AND (d_moy >= 10) AND (d_moy <= 12))",
                            "Rows Removed by Index Recheck": 0,
                            "Heap Fetches": 0,
                            "Workers": []
                          },
                          {
                            "Node Type": "Index Scan",
                            "Parent Relationship": "Inner",
                            "Parallel Aware": false,
                            "Async Capable": false,
                            "Scan Direction": "Forward",
                            "Index Name": "_dta_index_catalog_sales_6_1301579675__k1_4",
                            "Relation Name": "catalog_sales",
                            "Alias": "catalog_sales",
                            "Startup Cost": 0.43,
                            "Total Cost": 908.36,
                            "Plan Rows": 2176,
                            "Plan Width": 8,
                            "Actual Startup Time": 0.082,
                            "Actual Total Time": 33.086,
                            "Actual Rows": 3614,
                            "Actual Loops": 92,
                            "Index Cond": "(cs_sold_date_sk = date_dim_2.d_date_sk)",
                            "Rows Removed by Index Recheck": 0,
                            "Filter": "((cs_list_price >= '80'::numeric) AND (cs_list_price <= '169'::numeric))",
                            "Rows Removed by Filter": 7612,
                            "Workers": []
                          }
                        ]
                      }
                    ]
                  }
                ]
              }
            ]
          }
        ]
      }
    ]
  },
  "actual_rows": 80,
  "provenance": {
    "database": "postgres://jakc9:jakc9@127.0.0.1:5434/dsb_sf10",
    "scale_factor": 10,
    "engine": "postgresql",
    "engine_version": "14.3",
    "cached_at": "2026-02-09T21:06:22.229716"
  }
}