{
  "execution_time_ms": 22942.558,
  "plan_text": "Limit  (rows=1, time=22926.528)\n  Aggregate  (rows=3, time=3456.378)\n    Gather Merge  (rows=139930, time=3441.925)\n      Aggregate  (rows=69965, time=3348.473)\n        Sort  (rows=75786, time=3337.781)\n          Hash Join  (rows=75786, time=3204.629)\n            Nested Loop  (rows=2260378, time=2735.185)\n              Seq Scan on date_dim (date_dim_2)  (rows=182, time=148.618)\n              Index Only Scan on store_sales  (rows=12386, time=13.678)\n            Hash  (rows=3436, time=326.194)\n              Seq Scan on item  (rows=3436, time=324.779)\n  Aggregate  (rows=24387, time=17871.071)\n    Aggregate  (rows=1, time=9692.431)\n      Aggregate  (rows=135776, time=9687.463)\n        Gather Merge  (rows=151333, time=9646.741)\n          Aggregate  (rows=50444, time=5400.998)\n            Sort  (rows=85420, time=5380.877)\n              Nested Loop  (rows=85420, time=5313.998)\n                Nested Loop  (rows=86490, time=5160.745)\n                  Index Only Scan on date_dim (date_dim_3)  (rows=122, time=30.072)\n                  Index Only Scan on store_sales (store_sales_1)  (rows=711, time=41.92)\n                Index Only Scan on customer  (rows=1, time=0.002)\n    Gather Merge  (rows=44534, time=8156.676)\n      Aggregate  (rows=14845, time=6165.431)\n        Nested Loop  (rows=878663, time=6041.596)\n          Index Scan on customer (customer_1)  (rows=16003, time=783.395)\n          Index Only Scan on store_sales (store_sales_2)  (rows=55, time=0.325)\n  Aggregate  (rows=1, time=22428.219)\n    Append  (rows=0, time=22428.19)\n      Hash Join  (rows=0, time=21727.363)\n        Hash Join  (rows=0, time=3842.34)\n          Gather  (rows=8790, time=385.302)\n            Nested Loop  (rows=2930, time=136.424)\n              Index Only Scan on date_dim  (rows=10, time=14.114)\n              Index Scan on catalog_sales  (rows=284, time=11.797)\n          Hash  (rows=3, time=3455.939)\n            Aggregate  (rows=3, time=3455.933)\n              CTE Scan (frequent_ss_items)  (rows=3, time=3455.914)\n        Hash  (rows=24387, time=17885.007)\n          Aggregate  (rows=24387, time=17883.821)\n            CTE Scan (best_ss_customer)  (rows=24387, time=17875.4)\n      Hash Join  (rows=0, time=700.823)\n        Hash Join  (rows=0, time=695.268)\n          Gather  (rows=11612, time=693.962)\n            Nested Loop  (rows=3871, time=231.529)\n              Index Only Scan on date_dim (date_dim_1)  (rows=10, time=0.708)\n              Index Scan on web_sales  (rows=375, time=22.297)\n          Hash  (rows=3, time=0.018)\n            Aggregate  (rows=3, time=0.016)\n              CTE Scan (frequent_ss_items_1)  (rows=3, time=0.01)\n        Hash  (rows=24387, time=5.538)\n          Aggregate  (rows=24387, time=4.488)\n            CTE Scan (best_ss_customer_1)  (rows=24387, time=0.943)",
  "plan_json": {
    "Node Type": "Limit",
    "Parallel Aware": false,
    "Async Capable": false,
    "Startup Cost": 671052.8,
    "Total Cost": 671052.81,
    "Plan Rows": 1,
    "Plan Width": 32,
    "Actual Startup Time": 22925.957,
    "Actual Total Time": 22926.528,
    "Actual Rows": 1,
    "Actual Loops": 1,
    "Plans": [
      {
        "Node Type": "Aggregate",
        "Strategy": "Sorted",
        "Partial Mode": "Finalize",
        "Parent Relationship": "InitPlan",
        "Subplan Name": "CTE frequent_ss_items",
        "Parallel Aware": false,
        "Async Capable": false,
        "Startup Cost": 133183.47,
        "Total Cost": 134022.39,
        "Plan Rows": 2794,
        "Plan Width": 48,
        "Actual Startup Time": 3415.914,
        "Actual Total Time": 3456.378,
        "Actual Rows": 3,
        "Actual Loops": 1,
        "Group Key": [
          "(\"substring\"((item.i_item_desc)::text, 1, 30))",
          "item.i_item_sk",
          "date_dim_2.d_date"
        ],
        "Filter": "(count(*) > 4)",
        "Rows Removed by Filter": 139927,
        "Plans": [
          {
            "Node Type": "Gather Merge",
            "Parent Relationship": "Outer",
            "Parallel Aware": false,
            "Async Capable": false,
            "Startup Cost": 133183.47,
            "Total Cost": 133861.34,
            "Plan Rows": 4930,
            "Plan Width": 48,
            "Actual Startup Time": 3406.197,
            "Actual Total Time": 3441.925,
            "Actual Rows": 139930,
            "Actual Loops": 1,
            "Workers Planned": 1,
            "Workers Launched": 1,
            "Plans": [
              {
                "Node Type": "Aggregate",
                "Strategy": "Sorted",
                "Partial Mode": "Partial",
                "Parent Relationship": "Outer",
                "Parallel Aware": false,
                "Async Capable": false,
                "Startup Cost": 132183.46,
                "Total Cost": 132306.71,
                "Plan Rows": 4930,
                "Plan Width": 48,
                "Actual Startup Time": 3328.211,
                "Actual Total Time": 3348.473,
                "Actual Rows": 69965,
                "Actual Loops": 2,
                "Group Key": [
                  "(\"substring\"((item.i_item_desc)::text, 1, 30))",
                  "item.i_item_sk",
                  "date_dim_2.d_date"
                ],
                "Workers": [],
                "Plans": [
                  {
                    "Node Type": "Sort",
                    "Parent Relationship": "Outer",
                    "Parallel Aware": false,
                    "Async Capable": false,
                    "Startup Cost": 132183.46,
                    "Total Cost": 132195.78,
                    "Plan Rows": 4930,
                    "Plan Width": 40,
                    "Actual Startup Time": 3328.18,
                    "Actual Total Time": 3337.781,
                    "Actual Rows": 75786,
                    "Actual Loops": 2,
                    "Sort Key": [
                      "(\"substring\"((item.i_item_desc)::text, 1, 30))",
                      "item.i_item_sk",
                      "date_dim_2.d_date"
                    ],
                    "Sort Method": "external merge",
                    "Sort Space Used": 3720,
                    "Sort Space Type": "Disk",
                    "Workers": [
                      {
                        "Worker Number": 0,
                        "Sort Method": "external merge",
                        "Sort Space Used": 3416,
                        "Sort Space Type": "Disk"
                      }
                    ],
                    "Plans": [
                      {
                        "Node Type": "Hash Join",
                        "Parent Relationship": "Outer",
                        "Parallel Aware": true,
                        "Async Capable": false,
                        "Join Type": "Inner",
                        "Startup Cost": 7873.76,
                        "Total Cost": 131881.07,
                        "Plan Rows": 4930,
                        "Plan Width": 40,
                        "Actual Startup Time": 375.2,
                        "Actual Total Time": 3204.629,
                        "Actual Rows": 75786,
                        "Actual Loops": 2,
                        "Inner Unique": true,
                        "Hash Cond": "(store_sales.ss_item_sk = item.i_item_sk)",
                        "Workers": [],
                        "Plans": [
                          {
                            "Node Type": "Nested Loop",
                            "Parent Relationship": "Outer",
                            "Parallel Aware": false,
                            "Async Capable": false,
                            "Join Type": "Inner",
                            "Startup Cost": 0.56,
                            "Total Cost": 123782.83,
                            "Plan Rows": 81028,
                            "Plan Width": 8,
                            "Actual Startup Time": 48.865,
                            "Actual Total Time": 2735.185,
                            "Actual Rows": 2260378,
                            "Actual Loops": 2,
                            "Inner Unique": false,
                            "Workers": [],
                            "Plans": [
                              {
                                "Node Type": "Seq Scan",
                                "Parent Relationship": "Outer",
                                "Parallel Aware": true,
                                "Async Capable": false,
                                "Relation Name": "date_dim",
                                "Alias": "date_dim_2",
                                "Startup Cost": 0.0,
                                "Total Cost": 1961.12,
                                "Plan Rows": 215,
                                "Plan Width": 8,
                                "Actual Startup Time": 47.993,
                                "Actual Total Time": 148.618,
                                "Actual Rows": 182,
                                "Actual Loops": 2,
                                "Filter": "(d_year = 1998)",
                                "Rows Removed by Filter": 36342,
                                "Workers": []
                              },
                              {
                                "Node Type": "Index Only Scan",
                                "Parent Relationship": "Inner",
                                "Parallel Aware": false,
                                "Async Capable": false,
                                "Scan Direction": "Forward",
                                "Index Name": "_dta_index_store_sales_6_1333579789__k1_k4_k3_k10",
                                "Relation Name": "store_sales",
                                "Alias": "store_sales",
                                "Startup Cost": 0.56,
                                "Total Cost": 431.8,
                                "Plan Rows": 13481,
                                "Plan Width": 8,
                                "Actual Startup Time": 0.079,
                                "Actual Total Time": 13.678,
                                "Actual Rows": 12386,
                                "Actual Loops": 365,
                                "Index Cond": "(ss_sold_date_sk = date_dim_2.d_date_sk)",
                                "Rows Removed by Index Recheck": 0,
                                "Heap Fetches": 0,
                                "Workers": []
                              }
                            ]
                          },
                          {
                            "Node Type": "Hash",
                            "Parent Relationship": "Inner",
                            "Parallel Aware": true,
                            "Async Capable": false,
                            "Startup Cost": 7840.88,
                            "Total Cost": 7840.88,
                            "Plan Rows": 2586,
                            "Plan Width": 106,
                            "Actual Startup Time": 326.194,
                            "Actual Total Time": 326.194,
                            "Actual Rows": 3436,
                            "Actual Loops": 2,
                            "Hash Buckets": 8192,
                            "Original Hash Buckets": 8192,
                            "Hash Batches": 1,
                            "Original Hash Batches": 1,
                            "Peak Memory Usage": 1056,
                            "Workers": [],
                            "Plans": [
                              {
                                "Node Type": "Seq Scan",
                                "Parent Relationship": "Outer",
                                "Parallel Aware": true,
                                "Async Capable": false,
                                "Relation Name": "item",
                                "Alias": "item",
                                "Startup Cost": 0.0,
                                "Total Cost": 7840.88,
                                "Plan Rows": 2586,
                                "Plan Width": 106,
                                "Actual Startup Time": 64.75,
                                "Actual Total Time": 324.779,
                                "Actual Rows": 3436,
                                "Actual Loops": 2,
                                "Filter": "((i_manager_id >= 81) AND (i_manager_id <= 100) AND (i_category = ANY ('{Children,Men,Sports}'::bpchar[])))",
                                "Rows Removed by Filter": 47564,
                                "Workers": []
                              }
                            ]
                          }
                        ]
                      }
                    ]
                  }
                ]
              }
            ]
          }
        ]
      },
      {
        "Node Type": "Aggregate",
        "Strategy": "Sorted",
        "Partial Mode": "Finalize",
        "Parent Relationship": "InitPlan",
        "Subplan Name": "CTE best_ss_customer",
        "Parallel Aware": false,
        "Async Capable": false,
        "Startup Cost": 155686.34,
        "Total Cost": 512028.74,
        "Plan Rows": 15956,
        "Plan Width": 36,
        "Actual Startup Time": 9949.532,
        "Actual Total Time": 17871.071,
        "Actual Rows": 24387,
        "Actual Loops": 1,
        "Group Key": [
          "customer_1.c_customer_sk"
        ],
        "Filter": "(sum(((store_sales_2.ss_quantity)::numeric * store_sales_2.ss_sales_price)) > (0.95000000000000000000 * $6))",
        "Rows Removed by Filter": 20147,
        "Plans": [
          {
            "Node Type": "Aggregate",
            "Strategy": "Plain",
            "Partial Mode": "Simple",
            "Parent Relationship": "InitPlan",
            "Subplan Name": "InitPlan 2 (returns $6)",
            "Parallel Aware": false,
            "Async Capable": false,
            "Startup Cost": 154685.32,
            "Total Cost": 154685.33,
            "Plan Rows": 1,
            "Plan Width": 32,
            "Actual Startup Time": 9692.402,
            "Actual Total Time": 9692.431,
            "Actual Rows": 1,
            "Actual Loops": 1,
            "Plans": [
              {
                "Node Type": "Aggregate",
                "Strategy": "Sorted",
                "Partial Mode": "Finalize",
                "Parent Relationship": "Outer",
                "Parallel Aware": false,
                "Async Capable": false,
                "Startup Cost": 153686.13,
                "Total Cost": 154594.7,
                "Plan Rows": 7249,
                "Plan Width": 36,
                "Actual Startup Time": 9580.88,
                "Actual Total Time": 9687.463,
                "Actual Rows": 135776,
                "Actual Loops": 1,
                "Group Key": [
                  "customer.c_customer_sk"
                ],
                "Plans": [
                  {
                    "Node Type": "Gather Merge",
                    "Parent Relationship": "Outer",
                    "Parallel Aware": false,
                    "Async Capable": false,
                    "Startup Cost": 153686.13,
                    "Total Cost": 154458.79,
                    "Plan Rows": 6040,
                    "Plan Width": 36,
                    "Actual Startup Time": 9580.873,
                    "Actual Total Time": 9646.741,
                    "Actual Rows": 151333,
                    "Actual Loops": 1,
                    "Workers Planned": 2,
                    "Workers Launched": 2,
                    "Plans": [
                      {
                        "Node Type": "Aggregate",
                        "Strategy": "Sorted",
                        "Partial Mode": "Partial",
                        "Parent Relationship": "Outer",
                        "Parallel Aware": false,
                        "Async Capable": false,
                        "Startup Cost": 152686.1,
                        "Total Cost": 152761.6,
                        "Plan Rows": 3020,
                        "Plan Width": 36,
                        "Actual Startup Time": 5375.084,
                        "Actual Total Time": 5400.998,
                        "Actual Rows": 50444,
                        "Actual Loops": 3,
                        "Group Key": [
                          "customer.c_customer_sk"
                        ],
                        "Workers": [],
                        "Plans": [
                          {
                            "Node Type": "Sort",
                            "Parent Relationship": "Outer",
                            "Parallel Aware": false,
                            "Async Capable": false,
                            "Startup Cost": 152686.1,
                            "Total Cost": 152693.65,
                            "Plan Rows": 3020,
                            "Plan Width": 14,
                            "Actual Startup Time": 5375.06,
                            "Actual Total Time": 5380.877,
                            "Actual Rows": 85420,
                            "Actual Loops": 3,
                            "Sort Key": [
                              "customer.c_customer_sk"
                            ],
                            "Sort Method": "external merge",
                            "Sort Space Used": 4400,
                            "Sort Space Type": "Disk",
                            "Workers": [
                              {
                                "Worker Number": 0,
                                "Sort Method": "quicksort",
                                "Sort Space Used": 25,
                                "Sort Space Type": "Memory"
                              },
                              {
                                "Worker Number": 1,
                                "Sort Method": "external merge",
                                "Sort Space Used": 1800,
                                "Sort Space Type": "Disk"
                              }
                            ],
                            "Plans": [
                              {
                                "Node Type": "Nested Loop",
                                "Parent Relationship": "Outer",
                                "Parallel Aware": false,
                                "Async Capable": false,
                                "Join Type": "Inner",
                                "Startup Cost": 1.28,
                                "Total Cost": 152511.54,
                                "Plan Rows": 3020,
                                "Plan Width": 14,
                                "Actual Startup Time": 72.948,
                                "Actual Total Time": 5313.998,
                                "Actual Rows": 85420,
                                "Actual Loops": 3,
                                "Inner Unique": true,
                                "Workers": [],
                                "Plans": [
                                  {
                                    "Node Type": "Nested Loop",
                                    "Parent Relationship": "Outer",
                                    "Parallel Aware": false,
                                    "Async Capable": false,
                                    "Join Type": "Inner",
                                    "Startup Cost": 0.85,
                                    "Total Cost": 150978.14,
                                    "Plan Rows": 3166,
                                    "Plan Width": 14,
                                    "Actual Startup Time": 72.794,
                                    "Actual Total Time": 5160.745,
                                    "Actual Rows": 86490,
                                    "Actual Loops": 3,
                                    "Inner Unique": false,
                                    "Workers": [],
                                    "Plans": [
                                      {
                                        "Node Type": "Index Only Scan",
                                        "Parent Relationship": "Outer",
                                        "Parallel Aware": true,
                                        "Async Capable": false,
                                        "Scan Direction": "Forward",
                                        "Index Name": "_dta_index_date_dim_6_661577395__k1_k7_k9",
                                        "Relation Name": "date_dim",
                                        "Alias": "date_dim_3",
                                        "Startup Cost": 0.29,
                                        "Total Cost": 1688.68,
                                        "Plan Rows": 152,
                                        "Plan Width": 4,
                                        "Actual Startup Time": 29.98,
                                        "Actual Total Time": 30.072,
                                        "Actual Rows": 122,
                                        "Actual Loops": 3,
                                        "Index Cond": "(d_year = 1998)",
                                        "Rows Removed by Index Recheck": 0,
                                        "Heap Fetches": 0,
                                        "Workers": []
                                      },
                                      {
                                        "Node Type": "Index Only Scan",
                                        "Parent Relationship": "Inner",
                                        "Parallel Aware": false,
                                        "Async Capable": false,
                                        "Scan Direction": "Forward",
                                        "Index Name": "_dta_index_store_sales_6_1333579789__k1_k23_k14_k6_k8_k5_k7_3_4",
                                        "Relation Name": "store_sales",
                                        "Alias": "store_sales_1",
                                        "Startup Cost": 0.56,
                                        "Total Cost": 974.73,
                                        "Plan Rows": 744,
                                        "Plan Width": 18,
                                        "Actual Startup Time": 9.517,
                                        "Actual Total Time": 41.92,
                                        "Actual Rows": 711,
                                        "Actual Loops": 365,
                                        "Index Cond": "(ss_sold_date_sk = date_dim_3.d_date_sk)",
                                        "Rows Removed by Index Recheck": 0,
                                        "Filter": "((ss_wholesale_cost >= '11'::numeric) AND (ss_wholesale_cost <= '21'::numeric))",
                                        "Rows Removed by Filter": 11675,
                                        "Heap Fetches": 0,
                                        "Workers": []
                                      }
                                    ]
                                  },
                                  {
                                    "Node Type": "Index Only Scan",
                                    "Parent Relationship": "Inner",
                                    "Parallel Aware": false,
                                    "Async Capable": false,
                                    "Scan Direction": "Forward",
                                    "Index Name": "_dta_index_customer_6_949578421__k1_k5",
                                    "Relation Name": "customer",
                                    "Alias": "customer",
                                    "Startup Cost": 0.42,
                                    "Total Cost": 0.48,
                                    "Plan Rows": 1,
                                    "Plan Width": 4,
                                    "Actual Startup Time": 0.002,
                                    "Actual Total Time": 0.002,
                                    "Actual Rows": 1,
                                    "Actual Loops": 259471,
                                    "Index Cond": "(c_customer_sk = store_sales_1.ss_customer_sk)",
                                    "Rows Removed by Index Recheck": 0,
                                    "Heap Fetches": 0,
                                    "Workers": []
                                  }
                                ]
                              }
                            ]
                          }
                        ]
                      }
                    ]
                  }
                ]
              }
            ]
          },
          {
            "Node Type": "Gather Merge",
            "Parent Relationship": "Outer",
            "Parallel Aware": false,
            "Async Capable": false,
            "Startup Cost": 1001.01,
            "Total Cost": 355787.73,
            "Plan Rows": 95734,
            "Plan Width": 36,
            "Actual Startup Time": 256.61,
            "Actual Total Time": 8156.676,
            "Actual Rows": 44534,
            "Actual Loops": 1,
            "Workers Planned": 2,
            "Workers Launched": 2,
            "Plans": [
              {
                "Node Type": "Aggregate",
                "Strategy": "Sorted",
                "Partial Mode": "Partial",
                "Parent Relationship": "Outer",
                "Parallel Aware": false,
                "Async Capable": false,
                "Startup Cost": 0.98,
                "Total Cost": 343737.63,
                "Plan Rows": 47867,
                "Plan Width": 36,
                "Actual Startup Time": 59.093,
                "Actual Total Time": 6165.431,
                "Actual Rows": 14845,
                "Actual Loops": 3,
                "Group Key": [
                  "customer_1.c_customer_sk"
                ],
                "Workers": [],
                "Plans": [
                  {
                    "Node Type": "Nested Loop",
                    "Parent Relationship": "Outer",
                    "Parallel Aware": false,
                    "Async Capable": false,
                    "Join Type": "Inner",
                    "Startup Cost": 0.98,
                    "Total Cost": 332177.52,
                    "Plan Rows": 1096177,
                    "Plan Width": 14,
                    "Actual Startup Time": 56.28,
                    "Actual Total Time": 6041.596,
                    "Actual Rows": 878663,
                    "Actual Loops": 3,
                    "Inner Unique": false,
                    "Workers": [],
                    "Plans": [
                      {
                        "Node Type": "Index Scan",
                        "Parent Relationship": "Outer",
                        "Parallel Aware": true,
                        "Async Capable": false,
                        "Scan Direction": "Forward",
                        "Index Name": "customer_pkey",
                        "Relation Name": "customer",
                        "Alias": "customer_1",
                        "Startup Cost": 0.42,
                        "Total Cost": 25004.42,
                        "Plan Rows": 19945,
                        "Plan Width": 4,
                        "Actual Startup Time": 54.309,
                        "Actual Total Time": 783.395,
                        "Actual Rows": 16003,
                        "Actual Loops": 3,
                        "Filter": "((c_birth_year >= 1934) AND (c_birth_year <= 1940))",
                        "Rows Removed by Filter": 150664,
                        "Workers": []
                      },
                      {
                        "Node Type": "Index Only Scan",
                        "Parent Relationship": "Inner",
                        "Parallel Aware": false,
                        "Async Capable": false,
                        "Scan Direction": "Forward",
                        "Index Name": "_dta_index_store_sales_6_1333579789__k4_1_3_10_11_14",
                        "Relation Name": "store_sales",
                        "Alias": "store_sales_2",
                        "Startup Cost": 0.56,
                        "Total Cost": 12.28,
                        "Plan Rows": 312,
                        "Plan Width": 14,
                        "Actual Startup Time": 0.23,
                        "Actual Total Time": 0.325,
                        "Actual Rows": 55,
                        "Actual Loops": 48009,
                        "Index Cond": "(ss_customer_sk = customer_1.c_customer_sk)",
                        "Rows Removed by Index Recheck": 0,
                        "Heap Fetches": 0,
                        "Workers": []
                      }
                    ]
                  }
                ]
              }
            ]
          }
        ]
      },
      {
        "Node Type": "Aggregate",
        "Strategy": "Plain",
        "Partial Mode": "Simple",
        "Parent Relationship": "Outer",
        "Parallel Aware": false,
        "Async Capable": false,
        "Startup Cost": 25001.67,
        "Total Cost": 25001.68,
        "Plan Rows": 1,
        "Plan Width": 32,
        "Actual Startup Time": 22428.174,
        "Actual Total Time": 22428.219,
        "Actual Rows": 1,
        "Actual Loops": 1,
        "Plans": [
          {
            "Node Type": "Append",
            "Parent Relationship": "Outer",
            "Parallel Aware": false,
            "Async Capable": false,
            "Startup Cost": 1431.6,
            "Total Cost": 25001.62,
            "Plan Rows": 20,
            "Plan Width": 32,
            "Actual Startup Time": 22428.146,
            "Actual Total Time": 22428.19,
            "Actual Rows": 0,
            "Actual Loops": 1,
            "Subplans Removed": 0,
            "Plans": [
              {
                "Node Type": "Hash Join",
                "Parent Relationship": "Member",
                "Parallel Aware": false,
                "Async Capable": false,
                "Join Type": "Inner",
                "Startup Cost": 1431.6,
                "Total Cost": 15322.37,
                "Plan Rows": 7,
                "Plan Width": 32,
                "Actual Startup Time": 21727.343,
                "Actual Total Time": 21727.363,
                "Actual Rows": 0,
                "Actual Loops": 1,
                "Inner Unique": true,
                "Hash Cond": "(catalog_sales.cs_bill_customer_sk = best_ss_customer.c_customer_sk)",
                "Plans": [
                  {
                    "Node Type": "Hash Join",
                    "Parent Relationship": "Outer",
                    "Parallel Aware": false,
                    "Async Capable": false,
                    "Join Type": "Inner",
                    "Startup Cost": 1068.09,
                    "Total Cost": 14958.65,
                    "Plan Rows": 39,
                    "Plan Width": 14,
                    "Actual Startup Time": 3842.321,
                    "Actual Total Time": 3842.34,
                    "Actual Rows": 0,
                    "Actual Loops": 1,
                    "Inner Unique": true,
                    "Hash Cond": "(catalog_sales.cs_item_sk = frequent_ss_items.item_sk)",
                    "Plans": [
                      {
                        "Node Type": "Gather",
                        "Parent Relationship": "Outer",
                        "Parallel Aware": false,
                        "Async Capable": false,
                        "Startup Cost": 1000.73,
                        "Total Cost": 14889.99,
                        "Plan Rows": 328,
                        "Plan Width": 18,
                        "Actual Startup Time": 17.886,
                        "Actual Total Time": 385.302,
                        "Actual Rows": 8790,
                        "Actual Loops": 1,
                        "Workers Planned": 2,
                        "Workers Launched": 2,
                        "Single Copy": false,
                        "Plans": [
                          {
                            "Node Type": "Nested Loop",
                            "Parent Relationship": "Outer",
                            "Parallel Aware": false,
                            "Async Capable": false,
                            "Join Type": "Inner",
                            "Startup Cost": 0.73,
                            "Total Cost": 13857.19,
                            "Plan Rows": 137,
                            "Plan Width": 18,
                            "Actual Startup Time": 14.225,
                            "Actual Total Time": 136.424,
                            "Actual Rows": 2930,
                            "Actual Loops": 3,
                            "Inner Unique": false,
                            "Workers": [],
                            "Plans": [
                              {
                                "Node Type": "Index Only Scan",
                                "Parent Relationship": "Outer",
                                "Parallel Aware": true,
                                "Async Capable": false,
                                "Scan Direction": "Forward",
                                "Index Name": "_dta_index_date_dim_6_661577395__k1_k7_k9",
                                "Relation Name": "date_dim",
                                "Alias": "date_dim",
                                "Startup Cost": 0.29,
                                "Total Cost": 1862.91,
                                "Plan Rows": 13,
                                "Plan Width": 4,
                                "Actual Startup Time": 14.108,
                                "Actual Total Time": 14.114,
                                "Actual Rows": 10,
                                "Actual Loops": 3,
                                "Index Cond": "((d_year = 1998) AND (d_moy = 10))",
                                "Rows Removed by Index Recheck": 0,
                                "Heap Fetches": 0,
                                "Workers": []
                              },
                              {
                                "Node Type": "Index Scan",
                                "Parent Relationship": "Inner",
                                "Parallel Aware": false,
                                "Async Capable": false,
                                "Scan Direction": "Forward",
                                "Index Name": "_dta_index_catalog_sales_6_1301579675__k1_4",
                                "Relation Name": "catalog_sales",
                                "Alias": "catalog_sales",
                                "Startup Cost": 0.43,
                                "Total Cost": 918.99,
                                "Plan Rows": 365,
                                "Plan Width": 22,
                                "Actual Startup Time": 0.067,
                                "Actual Total Time": 11.797,
                                "Actual Rows": 284,
                                "Actual Loops": 31,
                                "Index Cond": "(cs_sold_date_sk = date_dim.d_date_sk)",
                                "Rows Removed by Index Recheck": 0,
                                "Filter": "((cs_wholesale_cost >= '11'::numeric) AND (cs_wholesale_cost <= '21'::numeric))",
                                "Rows Removed by Filter": 5086,
                                "Workers": []
                              }
                            ]
                          }
                        ]
                      },
                      {
                        "Node Type": "Hash",
                        "Parent Relationship": "Inner",
                        "Parallel Aware": false,
                        "Async Capable": false,
                        "Startup Cost": 64.87,
                        "Total Cost": 64.87,
                        "Plan Rows": 200,
                        "Plan Width": 4,
                        "Actual Startup Time": 3455.937,
                        "Actual Total Time": 3455.939,
                        "Actual Rows": 3,
                        "Actual Loops": 1,
                        "Hash Buckets": 1024,
                        "Original Hash Buckets": 1024,
                        "Hash Batches": 1,
                        "Original Hash Batches": 1,
                        "Peak Memory Usage": 9,
                        "Plans": [
                          {
                            "Node Type": "Aggregate",
                            "Strategy": "Hashed",
                            "Partial Mode": "Simple",
                            "Parent Relationship": "Outer",
                            "Parallel Aware": false,
                            "Async Capable": false,
                            "Startup Cost": 62.87,
                            "Total Cost": 64.87,
                            "Plan Rows": 200,
                            "Plan Width": 4,
                            "Actual Startup Time": 3455.932,
                            "Actual Total Time": 3455.933,
                            "Actual Rows": 3,
                            "Actual Loops": 1,
                            "Group Key": [
                              "frequent_ss_items.item_sk"
                            ],
                            "Planned Partitions": 0,
                            "HashAgg Batches": 1,
                            "Peak Memory Usage": 40,
                            "Disk Usage": 0,
                            "Plans": [
                              {
                                "Node Type": "CTE Scan",
                                "Parent Relationship": "Outer",
                                "Parallel Aware": false,
                                "Async Capable": false,
                                "CTE Name": "frequent_ss_items",
                                "Alias": "frequent_ss_items",
                                "Startup Cost": 0.0,
                                "Total Cost": 55.88,
                                "Plan Rows": 2794,
                                "Plan Width": 4,
                                "Actual Startup Time": 3415.917,
                                "Actual Total Time": 3455.914,
                                "Actual Rows": 3,
                                "Actual Loops": 1
                              }
                            ]
                          }
                        ]
                      }
                    ]
                  },
                  {
                    "Node Type": "Hash",
                    "Parent Relationship": "Inner",
                    "Parallel Aware": false,
                    "Async Capable": false,
                    "Startup Cost": 361.01,
                    "Total Cost": 361.01,
                    "Plan Rows": 200,
                    "Plan Width": 4,
                    "Actual Startup Time": 17885.005,
                    "Actual Total Time": 17885.007,
                    "Actual Rows": 24387,
                    "Actual Loops": 1,
                    "Hash Buckets": 32768,
                    "Original Hash Buckets": 1024,
                    "Hash Batches": 1,
                    "Original Hash Batches": 1,
                    "Peak Memory Usage": 1114,
                    "Plans": [
                      {
                        "Node Type": "Aggregate",
                        "Strategy": "Hashed",
                        "Partial Mode": "Simple",
                        "Parent Relationship": "Outer",
                        "Parallel Aware": false,
                        "Async Capable": false,
                        "Startup Cost": 359.01,
                        "Total Cost": 361.01,
                        "Plan Rows": 200,
                        "Plan Width": 4,
                        "Actual Startup Time": 17882.687,
                        "Actual Total Time": 17883.821,
                        "Actual Rows": 24387,
                        "Actual Loops": 1,
                        "Group Key": [
                          "best_ss_customer.c_customer_sk"
                        ],
                        "Planned Partitions": 0,
                        "HashAgg Batches": 1,
                        "Peak Memory Usage": 1825,
                        "Disk Usage": 0,
                        "Plans": [
                          {
                            "Node Type": "CTE Scan",
                            "Parent Relationship": "Outer",
                            "Parallel Aware": false,
                            "Async Capable": false,
                            "CTE Name": "best_ss_customer",
                            "Alias": "best_ss_customer",
                            "Startup Cost": 0.0,
                            "Total Cost": 319.12,
                            "Plan Rows": 15956,
                            "Plan Width": 4,
                            "Actual Startup Time": 9949.537,
                            "Actual Total Time": 17875.4,
                            "Actual Rows": 24387,
                            "Actual Loops": 1
                          }
                        ]
                      }
                    ]
                  }
                ]
              },
              {
                "Node Type": "Hash Join",
                "Parent Relationship": "Member",
                "Parallel Aware": false,
                "Async Capable": false,
                "Join Type": "Inner",
                "Startup Cost": 1431.6,
                "Total Cost": 9679.15,
                "Plan Rows": 13,
                "Plan Width": 32,
                "Actual Startup Time": 700.8,
                "Actual Total Time": 700.823,
                "Actual Rows": 0,
                "Actual Loops": 1,
                "Inner Unique": true,
                "Hash Cond": "(web_sales.ws_bill_customer_sk = best_ss_customer_1.c_customer_sk)",
                "Plans": [
                  {
                    "Node Type": "Hash Join",
                    "Parent Relationship": "Outer",
                    "Parallel Aware": false,
                    "Async Capable": false,
                    "Join Type": "Inner",
                    "Startup Cost": 1068.09,
                    "Total Cost": 9315.27,
                    "Plan Rows": 58,
                    "Plan Width": 14,
                    "Actual Startup Time": 695.247,
                    "Actual Total Time": 695.268,
                    "Actual Rows": 0,
                    "Actual Loops": 1,
                    "Inner Unique": true,
                    "Hash Cond": "(web_sales.ws_item_sk = frequent_ss_items_1.item_sk)",
                    "Plans": [
                      {
                        "Node Type": "Gather",
                        "Parent Relationship": "Outer",
                        "Parallel Aware": false,
                        "Async Capable": false,
                        "Startup Cost": 1000.73,
                        "Total Cost": 9245.98,
                        "Plan Rows": 489,
                        "Plan Width": 18,
                        "Actual Startup Time": 3.564,
                        "Actual Total Time": 693.962,
                        "Actual Rows": 11612,
                        "Actual Loops": 1,
                        "Workers Planned": 2,
                        "Workers Launched": 2,
                        "Single Copy": false,
                        "Plans": [
                          {
                            "Node Type": "Nested Loop",
                            "Parent Relationship": "Outer",
                            "Parallel Aware": false,
                            "Async Capable": false,
                            "Join Type": "Inner",
                            "Startup Cost": 0.72,
                            "Total Cost": 8197.08,
                            "Plan Rows": 204,
                            "Plan Width": 18,
                            "Actual Startup Time": 1.667,
                            "Actual Total Time": 231.529,
                            "Actual Rows": 3871,
                            "Actual Loops": 3,
                            "Inner Unique": false,
                            "Workers": [],
                            "Plans": [
                              {
                                "Node Type": "Index Only Scan",
                                "Parent Relationship": "Outer",
                                "Parallel Aware": true,
                                "Async Capable": false,
                                "Scan Direction": "Forward",
                                "Index Name": "_dta_index_date_dim_6_661577395__k1_k7_k9",
                                "Relation Name": "date_dim",
                                "Alias": "date_dim_1",
                                "Startup Cost": 0.29,
                                "Total Cost": 1862.91,
                                "Plan Rows": 13,
                                "Plan Width": 4,
                                "Actual Startup Time": 0.697,
                                "Actual Total Time": 0.708,
                                "Actual Rows": 10,
                                "Actual Loops": 3,
                                "Index Cond": "((d_year = 1998) AND (d_moy = 10))",
                                "Rows Removed by Index Recheck": 0,
                                "Heap Fetches": 0,
                                "Workers": []
                              },
                              {
                                "Node Type": "Index Scan",
                                "Parent Relationship": "Inner",
                                "Parallel Aware": false,
                                "Async Capable": false,
                                "Scan Direction": "Forward",
                                "Index Name": "_dta_index_web_sales_6_1269579561__k1_8_24",
                                "Relation Name": "web_sales",
                                "Alias": "web_sales",
                                "Startup Cost": 0.43,
                                "Total Cost": 481.82,
                                "Plan Rows": 542,
                                "Plan Width": 22,
                                "Actual Startup Time": 0.235,
                                "Actual Total Time": 22.297,
                                "Actual Rows": 375,
                                "Actual Loops": 31,
                                "Index Cond": "(ws_sold_date_sk = date_dim_1.d_date_sk)",
                                "Rows Removed by Index Recheck": 0,
                                "Filter": "((ws_wholesale_cost >= '11'::numeric) AND (ws_wholesale_cost <= '21'::numeric))",
                                "Rows Removed by Filter": 2010,
                                "Workers": []
                              }
                            ]
                          }
                        ]
                      },
                      {
                        "Node Type": "Hash",
                        "Parent Relationship": "Inner",
                        "Parallel Aware": false,
                        "Async Capable": false,
                        "Startup Cost": 64.87,
                        "Total Cost": 64.87,
                        "Plan Rows": 200,
                        "Plan Width": 4,
                        "Actual Startup Time": 0.017,
                        "Actual Total Time": 0.018,
                        "Actual Rows": 3,
                        "Actual Loops": 1,
                        "Hash Buckets": 1024,
                        "Original Hash Buckets": 1024,
                        "Hash Batches": 1,
                        "Original Hash Batches": 1,
                        "Peak Memory Usage": 9,
                        "Plans": [
                          {
                            "Node Type": "Aggregate",
                            "Strategy": "Hashed",
                            "Partial Mode": "Simple",
                            "Parent Relationship": "Outer",
                            "Parallel Aware": false,
                            "Async Capable": false,
                            "Startup Cost": 62.87,
                            "Total Cost": 64.87,
                            "Plan Rows": 200,
                            "Plan Width": 4,
                            "Actual Startup Time": 0.015,
                            "Actual Total Time": 0.016,
                            "Actual Rows": 3,
                            "Actual Loops": 1,
                            "Group Key": [
                              "frequent_ss_items_1.item_sk"
                            ],
                            "Planned Partitions": 0,
                            "HashAgg Batches": 1,
                            "Peak Memory Usage": 40,
                            "Disk Usage": 0,
                            "Plans": [
                              {
                                "Node Type": "CTE Scan",
                                "Parent Relationship": "Outer",
                                "Parallel Aware": false,
                                "Async Capable": false,
                                "CTE Name": "frequent_ss_items",
                                "Alias": "frequent_ss_items_1",
                                "Startup Cost": 0.0,
                                "Total Cost": 55.88,
                                "Plan Rows": 2794,
                                "Plan Width": 4,
                                "Actual Startup Time": 0.009,
                                "Actual Total Time": 0.01,
                                "Actual Rows": 3,
                                "Actual Loops": 1
                              }
                            ]
                          }
                        ]
                      }
                    ]
                  },
                  {
                    "Node Type": "Hash",
                    "Parent Relationship": "Inner",
                    "Parallel Aware": false,
                    "Async Capable": false,
                    "Startup Cost": 361.01,
                    "Total Cost": 361.01,
                    "Plan Rows": 200,
                    "Plan Width": 4,
                    "Actual Startup Time": 5.538,
                    "Actual Total Time": 5.538,
                    "Actual Rows": 24387,
                    "Actual Loops": 1,
                    "Hash Buckets": 32768,
                    "Original Hash Buckets": 1024,
                    "Hash Batches": 1,
                    "Original Hash Batches": 1,
                    "Peak Memory Usage": 1114,
                    "Plans": [
                      {
                        "Node Type": "Aggregate",
                        "Strategy": "Hashed",
                        "Partial Mode": "Simple",
                        "Parent Relationship": "Outer",
                        "Parallel Aware": false,
                        "Async Capable": false,
                        "Startup Cost": 359.01,
                        "Total Cost": 361.01,
                        "Plan Rows": 200,
                        "Plan Width": 4,
                        "Actual Startup Time": 3.042,
                        "Actual Total Time": 4.488,
                        "Actual Rows": 24387,
                        "Actual Loops": 1,
                        "Group Key": [
                          "best_ss_customer_1.c_customer_sk"
                        ],
                        "Planned Partitions": 0,
                        "HashAgg Batches": 1,
                        "Peak Memory Usage": 1825,
                        "Disk Usage": 0,
                        "Plans": [
                          {
                            "Node Type": "CTE Scan",
                            "Parent Relationship": "Outer",
                            "Parallel Aware": false,
                            "Async Capable": false,
                            "CTE Name": "best_ss_customer",
                            "Alias": "best_ss_customer_1",
                            "Startup Cost": 0.0,
                            "Total Cost": 319.12,
                            "Plan Rows": 15956,
                            "Plan Width": 4,
                            "Actual Startup Time": 0.027,
                            "Actual Total Time": 0.943,
                            "Actual Rows": 24387,
                            "Actual Loops": 1
                          }
                        ]
                      }
                    ]
                  }
                ]
              }
            ]
          }
        ]
      }
    ]
  },
  "actual_rows": 1,
  "provenance": {
    "database": "postgres://jakc9:jakc9@127.0.0.1:5434/dsb_sf10",
    "scale_factor": 10,
    "engine": "postgresql",
    "engine_version": "14.3",
    "cached_at": "2026-02-09T20:54:50.077833"
  }
}