{
  "execution_time_ms": 65176.324,
  "plan_text": "Sort  (rows=0, time=65176.188)\n  Aggregate  (rows=0, time=65176.175)\n    Sort  (rows=0, time=65176.173)\n      Nested Loop  (rows=0, time=65176.163)\n        Nested Loop  (rows=0, time=65176.162)\n          Gather  (rows=2, time=65175.293)\n            Nested Loop  (rows=1, time=23105.242)\n              Nested Loop  (rows=868, time=19577.666)\n                Nested Loop  (rows=15896, time=19528.633)\n                  Nested Loop  (rows=16099, time=17664.853)\n                    Hash Join  (rows=117487, time=6144.05)\n                      Nested Loop  (rows=296787, time=5973.499)\n                        Index Scan on date_dim (d1)  (rows=122, time=76.885)\n                        Index Only Scan on store_returns  (rows=2439, time=48.122)\n                      Hash  (rows=12059, time=58.762)\n                        Index Only Scan on item  (rows=12059, time=57.39)\n                    Index Scan on store_sales  (rows=0, time=0.098)\n                  Index Scan on customer  (rows=1, time=0.115)\n                Index Scan on household_demographics  (rows=0, time=0.003)\n              Bitmap Heap Scan on web_sales  (rows=0, time=4.06)\n                Bitmap Index Scan  (rows=37, time=0.107)\n          Index Scan on date_dim (d2)  (rows=1, time=0.426)\n        Index Scan on customer_address  (rows=0, time=0.0)",
  "plan_json": {
    "Node Type": "Sort",
    "Parallel Aware": false,
    "Async Capable": false,
    "Startup Cost": 84895.85,
    "Total Cost": 84895.86,
    "Plan Rows": 1,
    "Plan Width": 64,
    "Actual Startup Time": 65172.355,
    "Actual Total Time": 65176.188,
    "Actual Rows": 0,
    "Actual Loops": 1,
    "Sort Key": [
      "(count(*))"
    ],
    "Sort Method": "quicksort",
    "Sort Space Used": 25,
    "Sort Space Type": "Memory",
    "Plans": [
      {
        "Node Type": "Aggregate",
        "Strategy": "Sorted",
        "Partial Mode": "Simple",
        "Parent Relationship": "Outer",
        "Parallel Aware": false,
        "Async Capable": false,
        "Startup Cost": 84895.82,
        "Total Cost": 84895.84,
        "Plan Rows": 1,
        "Plan Width": 64,
        "Actual Startup Time": 65172.342,
        "Actual Total Time": 65176.175,
        "Actual Rows": 0,
        "Actual Loops": 1,
        "Group Key": [
          "customer.c_customer_sk"
        ],
        "Plans": [
          {
            "Node Type": "Sort",
            "Parent Relationship": "Outer",
            "Parallel Aware": false,
            "Async Capable": false,
            "Startup Cost": 84895.82,
            "Total Cost": 84895.83,
            "Plan Rows": 1,
            "Plan Width": 56,
            "Actual Startup Time": 65172.341,
            "Actual Total Time": 65176.173,
            "Actual Rows": 0,
            "Actual Loops": 1,
            "Sort Key": [
              "customer.c_customer_sk"
            ],
            "Sort Method": "quicksort",
            "Sort Space Used": 25,
            "Sort Space Type": "Memory",
            "Plans": [
              {
                "Node Type": "Nested Loop",
                "Parent Relationship": "Outer",
                "Parallel Aware": false,
                "Async Capable": false,
                "Join Type": "Inner",
                "Startup Cost": 3992.33,
                "Total Cost": 84895.81,
                "Plan Rows": 1,
                "Plan Width": 56,
                "Actual Startup Time": 65172.331,
                "Actual Total Time": 65176.163,
                "Actual Rows": 0,
                "Actual Loops": 1,
                "Inner Unique": true,
                "Plans": [
                  {
                    "Node Type": "Nested Loop",
                    "Parent Relationship": "Outer",
                    "Parallel Aware": false,
                    "Async Capable": false,
                    "Join Type": "Inner",
                    "Startup Cost": 3991.91,
                    "Total Cost": 84892.3,
                    "Plan Rows": 1,
                    "Plan Width": 60,
                    "Actual Startup Time": 65172.33,
                    "Actual Total Time": 65176.162,
                    "Actual Rows": 0,
                    "Actual Loops": 1,
                    "Inner Unique": true,
                    "Join Filter": "((d2.d_date >= d1.d_date) AND (d2.d_date <= (d1.d_date + '90 days'::interval)))",
                    "Rows Removed by Join Filter": 2,
                    "Plans": [
                      {
                        "Node Type": "Gather",
                        "Parent Relationship": "Outer",
                        "Parallel Aware": false,
                        "Async Capable": false,
                        "Startup Cost": 3991.62,
                        "Total Cost": 84888.93,
                        "Plan Rows": 1,
                        "Plan Width": 68,
                        "Actual Startup Time": 1171.817,
                        "Actual Total Time": 65175.293,
                        "Actual Rows": 2,
                        "Actual Loops": 1,
                        "Workers Planned": 2,
                        "Workers Launched": 2,
                        "Single Copy": false,
                        "Plans": [
                          {
                            "Node Type": "Nested Loop",
                            "Parent Relationship": "Outer",
                            "Parallel Aware": false,
                            "Async Capable": false,
                            "Join Type": "Inner",
                            "Startup Cost": 2991.62,
                            "Total Cost": 83888.83,
                            "Plan Rows": 1,
                            "Plan Width": 68,
                            "Actual Startup Time": 21079.467,
                            "Actual Total Time": 23105.242,
                            "Actual Rows": 1,
                            "Actual Loops": 3,
                            "Inner Unique": false,
                            "Workers": [],
                            "Plans": [
                              {
                                "Node Type": "Nested Loop",
                                "Parent Relationship": "Outer",
                                "Parallel Aware": false,
                                "Async Capable": false,
                                "Join Type": "Inner",
                                "Startup Cost": 2985.55,
                                "Total Cost": 83399.57,
                                "Plan Rows": 1,
                                "Plan Width": 80,
                                "Actual Startup Time": 167.483,
                                "Actual Total Time": 19577.666,
                                "Actual Rows": 868,
                                "Actual Loops": 3,
                                "Inner Unique": true,
                                "Workers": [],
                                "Plans": [
                                  {
                                    "Node Type": "Nested Loop",
                                    "Parent Relationship": "Outer",
                                    "Parallel Aware": false,
                                    "Async Capable": false,
                                    "Join Type": "Inner",
                                    "Startup Cost": 2985.27,
                                    "Total Cost": 83357.02,
                                    "Plan Rows": 13,
                                    "Plan Width": 84,
                                    "Actual Startup Time": 141.265,
                                    "Actual Total Time": 19528.633,
                                    "Actual Rows": 15896,
                                    "Actual Loops": 3,
                                    "Inner Unique": true,
                                    "Workers": [],
                                    "Plans": [
                                      {
                                        "Node Type": "Nested Loop",
                                        "Parent Relationship": "Outer",
                                        "Parallel Aware": false,
                                        "Async Capable": false,
                                        "Join Type": "Inner",
                                        "Startup Cost": 2984.85,
                                        "Total Cost": 83306.42,
                                        "Plan Rows": 14,
                                        "Plan Width": 20,
                                        "Actual Startup Time": 141.059,
                                        "Actual Total Time": 17664.853,
                                        "Actual Rows": 16099,
                                        "Actual Loops": 3,
                                        "Inner Unique": true,
                                        "Workers": [],
                                        "Plans": [
                                          {
                                            "Node Type": "Hash Join",
                                            "Parent Relationship": "Outer",
                                            "Parallel Aware": true,
                                            "Async Capable": false,
                                            "Join Type": "Inner",
                                            "Startup Cost": 2984.41,
                                            "Total Cost": 62776.15,
                                            "Plan Rows": 5116,
                                            "Plan Width": 16,
                                            "Actual Startup Time": 136.001,
                                            "Actual Total Time": 6144.05,
                                            "Actual Rows": 117487,
                                            "Actual Loops": 3,
                                            "Inner Unique": true,
                                            "Hash Cond": "(store_returns.sr_item_sk = item.i_item_sk)",
                                            "Workers": [],
                                            "Plans": [
                                              {
                                                "Node Type": "Nested Loop",
                                                "Parent Relationship": "Outer",
                                                "Parallel Aware": false,
                                                "Async Capable": false,
                                                "Join Type": "Inner",
                                                "Startup Cost": 0.72,
                                                "Total Cost": 59754.47,
                                                "Plan Rows": 14476,
                                                "Plan Width": 12,
                                                "Actual Startup Time": 77.072,
                                                "Actual Total Time": 5973.499,
                                                "Actual Rows": 296787,
                                                "Actual Loops": 3,
                                                "Inner Unique": false,
                                                "Workers": [],
                                                "Plans": [
                                                  {
                                                    "Node Type": "Index Scan",
                                                    "Parent Relationship": "Outer",
                                                    "Parallel Aware": true,
                                                    "Async Capable": false,
                                                    "Scan Direction": "Forward",
                                                    "Index Name": "date_dim_pkey",
                                                    "Relation Name": "date_dim",
                                                    "Alias": "d1",
                                                    "Startup Cost": 0.29,
                                                    "Total Cost": 2981.0,
                                                    "Plan Rows": 152,
                                                    "Plan Width": 8,
                                                    "Actual Startup Time": 76.543,
                                                    "Actual Total Time": 76.885,
                                                    "Actual Rows": 122,
                                                    "Actual Loops": 3,
                                                    "Filter": "(d_year = 1998)",
                                                    "Rows Removed by Filter": 24228,
                                                    "Workers": []
                                                  },
                                                  {
                                                    "Node Type": "Index Only Scan",
                                                    "Parent Relationship": "Inner",
                                                    "Parallel Aware": false,
                                                    "Async Capable": false,
                                                    "Scan Direction": "Forward",
                                                    "Index Name": "_dta_index_store_returns_6_1013578649__k1_3_4_10",
                                                    "Relation Name": "store_returns",
                                                    "Alias": "store_returns",
                                                    "Startup Cost": 0.43,
                                                    "Total Cost": 342.22,
                                                    "Plan Rows": 3129,
                                                    "Plan Width": 12,
                                                    "Actual Startup Time": 0.039,
                                                    "Actual Total Time": 48.122,
                                                    "Actual Rows": 2439,
                                                    "Actual Loops": 365,
                                                    "Index Cond": "(sr_returned_date_sk = d1.d_date_sk)",
                                                    "Rows Removed by Index Recheck": 0,
                                                    "Heap Fetches": 890361,
                                                    "Workers": []
                                                  }
                                                ]
                                              },
                                              {
                                                "Node Type": "Hash",
                                                "Parent Relationship": "Inner",
                                                "Parallel Aware": true,
                                                "Async Capable": false,
                                                "Startup Cost": 2795.92,
                                                "Total Cost": 2795.92,
                                                "Plan Rows": 15021,
                                                "Plan Width": 4,
                                                "Actual Startup Time": 58.761,
                                                "Actual Total Time": 58.762,
                                                "Actual Rows": 12059,
                                                "Actual Loops": 3,
                                                "Hash Buckets": 65536,
                                                "Original Hash Buckets": 65536,
                                                "Hash Batches": 1,
                                                "Original Hash Batches": 1,
                                                "Peak Memory Usage": 1984,
                                                "Workers": [],
                                                "Plans": [
                                                  {
                                                    "Node Type": "Index Only Scan",
                                                    "Parent Relationship": "Outer",
                                                    "Parallel Aware": true,
                                                    "Async Capable": false,
                                                    "Scan Direction": "Forward",
                                                    "Index Name": "_dta_index_item_6_853578079__k13_k11_k1",
                                                    "Relation Name": "item",
                                                    "Alias": "item",
                                                    "Startup Cost": 0.42,
                                                    "Total Cost": 2795.92,
                                                    "Plan Rows": 15021,
                                                    "Plan Width": 4,
                                                    "Actual Startup Time": 0.975,
                                                    "Actual Total Time": 57.39,
                                                    "Actual Rows": 12059,
                                                    "Actual Loops": 3,
                                                    "Index Cond": "(i_category = ANY ('{Children,Electronics,Music}'::bpchar[]))",
                                                    "Rows Removed by Index Recheck": 0,
                                                    "Heap Fetches": 0,
                                                    "Workers": []
                                                  }
                                                ]
                                              }
                                            ]
                                          },
                                          {
                                            "Node Type": "Index Scan",
                                            "Parent Relationship": "Inner",
                                            "Parallel Aware": false,
                                            "Async Capable": false,
                                            "Scan Direction": "Forward",
                                            "Index Name": "_dta_index_store_sales_6_1333579789__k10_k3",
                                            "Relation Name": "store_sales",
                                            "Alias": "store_sales",
                                            "Startup Cost": 0.44,
                                            "Total Cost": 4.01,
                                            "Plan Rows": 1,
                                            "Plan Width": 12,
                                            "Actual Startup Time": 0.098,
                                            "Actual Total Time": 0.098,
                                            "Actual Rows": 0,
                                            "Actual Loops": 352461,
                                            "Index Cond": "((ss_ticket_number = store_returns.sr_ticket_number) AND (ss_item_sk = store_returns.sr_item_sk))",
                                            "Rows Removed by Index Recheck": 0,
                                            "Filter": "(((ss_sales_price / ss_list_price) >= 0.35) AND ((ss_sales_price / ss_list_price) <= 0.55))",
                                            "Rows Removed by Filter": 1,
                                            "Workers": []
                                          }
                                        ]
                                      },
                                      {
                                        "Node Type": "Index Scan",
                                        "Parent Relationship": "Inner",
                                        "Parallel Aware": false,
                                        "Async Capable": false,
                                        "Scan Direction": "Forward",
                                        "Index Name": "_dta_index_customer_6_949578421__k1_k5",
                                        "Relation Name": "customer",
                                        "Alias": "customer",
                                        "Startup Cost": 0.42,
                                        "Total Cost": 3.61,
                                        "Plan Rows": 1,
                                        "Plan Width": 64,
                                        "Actual Startup Time": 0.115,
                                        "Actual Total Time": 0.115,
                                        "Actual Rows": 1,
                                        "Actual Loops": 48298,
                                        "Index Cond": "(c_customer_sk = store_sales.ss_customer_sk)",
                                        "Rows Removed by Index Recheck": 0,
                                        "Workers": []
                                      }
                                    ]
                                  },
                                  {
                                    "Node Type": "Index Scan",
                                    "Parent Relationship": "Inner",
                                    "Parallel Aware": false,
                                    "Async Capable": false,
                                    "Scan Direction": "Forward",
                                    "Index Name": "household_demographics_pkey",
                                    "Relation Name": "household_demographics",
                                    "Alias": "household_demographics",
                                    "Startup Cost": 0.28,
                                    "Total Cost": 3.27,
                                    "Plan Rows": 1,
                                    "Plan Width": 4,
                                    "Actual Startup Time": 0.003,
                                    "Actual Total Time": 0.003,
                                    "Actual Rows": 0,
                                    "Actual Loops": 47688,
                                    "Index Cond": "(hd_demo_sk = customer.c_current_hdemo_sk)",
                                    "Rows Removed by Index Recheck": 0,
                                    "Filter": "((hd_income_band_sk >= 7) AND (hd_income_band_sk <= 13) AND (hd_buy_potential = '0-500'::bpchar))",
                                    "Rows Removed by Filter": 1,
                                    "Workers": []
                                  }
                                ]
                              },
                              {
                                "Node Type": "Bitmap Heap Scan",
                                "Parent Relationship": "Inner",
                                "Parallel Aware": false,
                                "Async Capable": false,
                                "Relation Name": "web_sales",
                                "Alias": "web_sales",
                                "Startup Cost": 6.07,
                                "Total Cost": 489.25,
                                "Plan Rows": 1,
                                "Plan Width": 12,
                                "Actual Startup Time": 4.059,
                                "Actual Total Time": 4.06,
                                "Actual Rows": 0,
                                "Actual Loops": 2605,
                                "Recheck Cond": "(store_sales.ss_item_sk = ws_item_sk)",
                                "Rows Removed by Index Recheck": 0,
                                "Filter": "(store_sales.ss_customer_sk = ws_bill_customer_sk)",
                                "Rows Removed by Filter": 37,
                                "Exact Heap Blocks": 6430,
                                "Lossy Heap Blocks": 0,
                                "Workers": [],
                                "Plans": [
                                  {
                                    "Node Type": "Bitmap Index Scan",
                                    "Parent Relationship": "Outer",
                                    "Parallel Aware": false,
                                    "Async Capable": false,
                                    "Index Name": "web_sales_pkey",
                                    "Startup Cost": 0.0,
                                    "Total Cost": 6.07,
                                    "Plan Rows": 304,
                                    "Plan Width": 0,
                                    "Actual Startup Time": 0.107,
                                    "Actual Total Time": 0.107,
                                    "Actual Rows": 37,
                                    "Actual Loops": 2605,
                                    "Index Cond": "(ws_item_sk = store_sales.ss_item_sk)",
                                    "Workers": []
                                  }
                                ]
                              }
                            ]
                          }
                        ]
                      },
                      {
                        "Node Type": "Index Scan",
                        "Parent Relationship": "Inner",
                        "Parallel Aware": false,
                        "Async Capable": false,
                        "Scan Direction": "Forward",
                        "Index Name": "_dta_index_date_dim_6_661577395__k1_k7_k9",
                        "Relation Name": "date_dim",
                        "Alias": "d2",
                        "Startup Cost": 0.29,
                        "Total Cost": 3.35,
                        "Plan Rows": 1,
                        "Plan Width": 8,
                        "Actual Startup Time": 0.426,
                        "Actual Total Time": 0.426,
                        "Actual Rows": 1,
                        "Actual Loops": 2,
                        "Index Cond": "(d_date_sk = web_sales.ws_sold_date_sk)",
                        "Rows Removed by Index Recheck": 0
                      }
                    ]
                  },
                  {
                    "Node Type": "Index Scan",
                    "Parent Relationship": "Inner",
                    "Parallel Aware": false,
                    "Async Capable": false,
                    "Scan Direction": "Forward",
                    "Index Name": "customer_address_pkey",
                    "Relation Name": "customer_address",
                    "Alias": "customer_address",
                    "Startup Cost": 0.42,
                    "Total Cost": 3.51,
                    "Plan Rows": 1,
                    "Plan Width": 4,
                    "Actual Startup Time": 0.0,
                    "Actual Total Time": 0.0,
                    "Actual Rows": 0,
                    "Actual Loops": 0,
                    "Index Cond": "(ca_address_sk = customer.c_current_addr_sk)",
                    "Rows Removed by Index Recheck": 0,
                    "Filter": "(ca_state = ANY ('{AR,CO,NC,NY,TX}'::bpchar[]))",
                    "Rows Removed by Filter": 0
                  }
                ]
              }
            ]
          }
        ]
      }
    ]
  },
  "actual_rows": 0,
  "provenance": {
    "database": "postgres://jakc9:jakc9@127.0.0.1:5434/dsb_sf10",
    "scale_factor": 10,
    "engine": "postgresql",
    "engine_version": "14.3",
    "cached_at": "2026-02-09T21:27:04.481136"
  }
}