{
  "execution_time_ms": 738.352,
  "plan_text": "Limit  (rows=100, time=738.278)\n  Gather Merge  (rows=100, time=738.272)\n    Sort  (rows=67, time=727.809)\n      Nested Loop  (rows=186, time=727.69)\n        Nested Loop  (rows=38, time=689.606)\n          Hash Join  (rows=39, time=684.369)\n            Nested Loop  (rows=202, time=684.064)\n              Hash Join  (rows=207, time=682.751)\n                Seq Scan on customer  (rows=166667, time=467.346)\n                Hash  (rows=99, time=204.113)\n                  Seq Scan on customer_address  (rows=99, time=203.991)\n              Index Scan on household_demographics  (rows=1, time=0.005)\n            Hash  (rows=4, time=0.183)\n              Seq Scan on income_band  (rows=4, time=0.178)\n          Index Only Scan on customer_demographics  (rows=1, time=0.133)\n        Index Only Scan on store_returns  (rows=5, time=0.995)",
  "plan_json": {
    "Node Type": "Limit",
    "Parallel Aware": false,
    "Async Capable": false,
    "Startup Cost": 24417.48,
    "Total Cost": 24429.15,
    "Plan Rows": 100,
    "Plan Width": 49,
    "Actual Startup Time": 737.83,
    "Actual Total Time": 738.278,
    "Actual Rows": 100,
    "Actual Loops": 1,
    "Plans": [
      {
        "Node Type": "Gather Merge",
        "Parent Relationship": "Outer",
        "Parallel Aware": false,
        "Async Capable": false,
        "Startup Cost": 24417.48,
        "Total Cost": 24466.48,
        "Plan Rows": 420,
        "Plan Width": 49,
        "Actual Startup Time": 737.828,
        "Actual Total Time": 738.272,
        "Actual Rows": 100,
        "Actual Loops": 1,
        "Workers Planned": 2,
        "Workers Launched": 2,
        "Plans": [
          {
            "Node Type": "Sort",
            "Parent Relationship": "Outer",
            "Parallel Aware": false,
            "Async Capable": false,
            "Startup Cost": 23417.46,
            "Total Cost": 23417.98,
            "Plan Rows": 210,
            "Plan Width": 49,
            "Actual Startup Time": 727.805,
            "Actual Total Time": 727.809,
            "Actual Rows": 67,
            "Actual Loops": 3,
            "Sort Key": [
              "customer.c_customer_id"
            ],
            "Sort Method": "top-N heapsort",
            "Sort Space Used": 33,
            "Sort Space Type": "Memory",
            "Workers": [
              {
                "Worker Number": 0,
                "Sort Method": "quicksort",
                "Sort Space Used": 38,
                "Sort Space Type": "Memory"
              },
              {
                "Worker Number": 1,
                "Sort Method": "quicksort",
                "Sort Space Used": 33,
                "Sort Space Type": "Memory"
              }
            ],
            "Plans": [
              {
                "Node Type": "Nested Loop",
                "Parent Relationship": "Outer",
                "Parallel Aware": false,
                "Async Capable": false,
                "Join Type": "Inner",
                "Startup Cost": 6729.73,
                "Total Cost": 23409.43,
                "Plan Rows": 210,
                "Plan Width": 49,
                "Actual Startup Time": 239.538,
                "Actual Total Time": 727.69,
                "Actual Rows": 186,
                "Actual Loops": 3,
                "Inner Unique": false,
                "Workers": [],
                "Plans": [
                  {
                    "Node Type": "Nested Loop",
                    "Parent Relationship": "Outer",
                    "Parallel Aware": false,
                    "Async Capable": false,
                    "Join Type": "Inner",
                    "Startup Cost": 6729.29,
                    "Total Cost": 23322.1,
                    "Plan Rows": 58,
                    "Plan Width": 77,
                    "Actual Startup Time": 211.784,
                    "Actual Total Time": 689.606,
                    "Actual Rows": 38,
                    "Actual Loops": 3,
                    "Inner Unique": true,
                    "Workers": [],
                    "Plans": [
                      {
                        "Node Type": "Hash Join",
                        "Parent Relationship": "Outer",
                        "Parallel Aware": false,
                        "Async Capable": false,
                        "Join Type": "Inner",
                        "Startup Cost": 6728.87,
                        "Total Cost": 23292.86,
                        "Plan Rows": 60,
                        "Plan Width": 73,
                        "Actual Startup Time": 211.306,
                        "Actual Total Time": 684.369,
                        "Actual Rows": 39,
                        "Actual Loops": 3,
                        "Inner Unique": true,
                        "Hash Cond": "(household_demographics.hd_income_band_sk = income_band.ib_income_band_sk)",
                        "Workers": [],
                        "Plans": [
                          {
                            "Node Type": "Nested Loop",
                            "Parent Relationship": "Outer",
                            "Parallel Aware": false,
                            "Async Capable": false,
                            "Join Type": "Inner",
                            "Startup Cost": 6727.48,
                            "Total Cost": 23290.92,
                            "Plan Rows": 171,
                            "Plan Width": 77,
                            "Actual Startup Time": 208.449,
                            "Actual Total Time": 684.064,
                            "Actual Rows": 202,
                            "Actual Loops": 3,
                            "Inner Unique": true,
                            "Workers": [],
                            "Plans": [
                              {
                                "Node Type": "Hash Join",
                                "Parent Relationship": "Outer",
                                "Parallel Aware": true,
                                "Async Capable": false,
                                "Join Type": "Inner",
                                "Startup Cost": 6727.2,
                                "Total Cost": 23237.41,
                                "Plan Rows": 178,
                                "Plan Width": 77,
                                "Actual Startup Time": 208.425,
                                "Actual Total Time": 682.751,
                                "Actual Rows": 207,
                                "Actual Loops": 3,
                                "Inner Unique": true,
                                "Hash Cond": "(customer.c_current_addr_sk = customer_address.ca_address_sk)",
                                "Workers": [],
                                "Plans": [
                                  {
                                    "Node Type": "Seq Scan",
                                    "Parent Relationship": "Outer",
                                    "Parallel Aware": true,
                                    "Async Capable": false,
                                    "Relation Name": "customer",
                                    "Alias": "customer",
                                    "Startup Cost": 0.0,
                                    "Total Cost": 15963.33,
                                    "Plan Rows": 208333,
                                    "Plan Width": 81,
                                    "Actual Startup Time": 0.372,
                                    "Actual Total Time": 467.346,
                                    "Actual Rows": 166667,
                                    "Actual Loops": 3,
                                    "Workers": []
                                  },
                                  {
                                    "Node Type": "Hash",
                                    "Parent Relationship": "Inner",
                                    "Parallel Aware": true,
                                    "Async Capable": false,
                                    "Startup Cost": 6726.08,
                                    "Total Cost": 6726.08,
                                    "Plan Rows": 89,
                                    "Plan Width": 4,
                                    "Actual Startup Time": 204.113,
                                    "Actual Total Time": 204.113,
                                    "Actual Rows": 99,
                                    "Actual Loops": 3,
                                    "Hash Buckets": 1024,
                                    "Original Hash Buckets": 1024,
                                    "Hash Batches": 1,
                                    "Original Hash Batches": 1,
                                    "Peak Memory Usage": 104,
                                    "Workers": [],
                                    "Plans": [
                                      {
                                        "Node Type": "Seq Scan",
                                        "Parent Relationship": "Outer",
                                        "Parallel Aware": true,
                                        "Async Capable": false,
                                        "Relation Name": "customer_address",
                                        "Alias": "customer_address",
                                        "Startup Cost": 0.0,
                                        "Total Cost": 6726.08,
                                        "Plan Rows": 89,
                                        "Plan Width": 4,
                                        "Actual Startup Time": 1.685,
                                        "Actual Total Time": 203.991,
                                        "Actual Rows": 99,
                                        "Actual Loops": 3,
                                        "Filter": "((ca_city)::text = 'Mount Vernon'::text)",
                                        "Rows Removed by Filter": 83234,
                                        "Workers": []
                                      }
                                    ]
                                  }
                                ]
                              },
                              {
                                "Node Type": "Index Scan",
                                "Parent Relationship": "Inner",
                                "Parallel Aware": false,
                                "Async Capable": false,
                                "Scan Direction": "Forward",
                                "Index Name": "household_demographics_pkey",
                                "Relation Name": "household_demographics",
                                "Alias": "household_demographics",
                                "Startup Cost": 0.28,
                                "Total Cost": 0.3,
                                "Plan Rows": 1,
                                "Plan Width": 8,
                                "Actual Startup Time": 0.005,
                                "Actual Total Time": 0.005,
                                "Actual Rows": 1,
                                "Actual Loops": 622,
                                "Index Cond": "(hd_demo_sk = customer.c_current_hdemo_sk)",
                                "Rows Removed by Index Recheck": 0,
                                "Workers": []
                              }
                            ]
                          },
                          {
                            "Node Type": "Hash",
                            "Parent Relationship": "Inner",
                            "Parallel Aware": false,
                            "Async Capable": false,
                            "Startup Cost": 1.3,
                            "Total Cost": 1.3,
                            "Plan Rows": 7,
                            "Plan Width": 4,
                            "Actual Startup Time": 0.183,
                            "Actual Total Time": 0.183,
                            "Actual Rows": 4,
                            "Actual Loops": 3,
                            "Hash Buckets": 1024,
                            "Original Hash Buckets": 1024,
                            "Hash Batches": 1,
                            "Original Hash Batches": 1,
                            "Peak Memory Usage": 9,
                            "Workers": [],
                            "Plans": [
                              {
                                "Node Type": "Seq Scan",
                                "Parent Relationship": "Outer",
                                "Parallel Aware": false,
                                "Async Capable": false,
                                "Relation Name": "income_band",
                                "Alias": "income_band",
                                "Startup Cost": 0.0,
                                "Total Cost": 1.3,
                                "Plan Rows": 7,
                                "Plan Width": 4,
                                "Actual Startup Time": 0.177,
                                "Actual Total Time": 0.178,
                                "Actual Rows": 4,
                                "Actual Loops": 3,
                                "Filter": "((ib_lower_bound >= 40374) AND (ib_upper_bound <= 90374))",
                                "Rows Removed by Filter": 16,
                                "Workers": []
                              }
                            ]
                          }
                        ]
                      },
                      {
                        "Node Type": "Index Only Scan",
                        "Parent Relationship": "Inner",
                        "Parallel Aware": false,
                        "Async Capable": false,
                        "Scan Direction": "Forward",
                        "Index Name": "customer_demographics_pkey",
                        "Relation Name": "customer_demographics",
                        "Alias": "customer_demographics",
                        "Startup Cost": 0.43,
                        "Total Cost": 0.49,
                        "Plan Rows": 1,
                        "Plan Width": 4,
                        "Actual Startup Time": 0.133,
                        "Actual Total Time": 0.133,
                        "Actual Rows": 1,
                        "Actual Loops": 117,
                        "Index Cond": "(cd_demo_sk = customer.c_current_cdemo_sk)",
                        "Rows Removed by Index Recheck": 0,
                        "Heap Fetches": 0,
                        "Workers": []
                      }
                    ]
                  },
                  {
                    "Node Type": "Index Only Scan",
                    "Parent Relationship": "Inner",
                    "Parallel Aware": false,
                    "Async Capable": false,
                    "Scan Direction": "Forward",
                    "Index Name": "_dta_index_store_returns_6_1013578649__k5_1_3_10_11",
                    "Relation Name": "store_returns",
                    "Alias": "store_returns",
                    "Startup Cost": 0.43,
                    "Total Cost": 1.21,
                    "Plan Rows": 26,
                    "Plan Width": 4,
                    "Actual Startup Time": 0.608,
                    "Actual Total Time": 0.995,
                    "Actual Rows": 5,
                    "Actual Loops": 114,
                    "Index Cond": "(sr_cdemo_sk = customer_demographics.cd_demo_sk)",
                    "Rows Removed by Index Recheck": 0,
                    "Heap Fetches": 559,
                    "Workers": []
                  }
                ]
              }
            ]
          }
        ]
      }
    ]
  },
  "actual_rows": 100,
  "provenance": {
    "database": "postgres://jakc9:jakc9@127.0.0.1:5434/dsb_sf10",
    "scale_factor": 10,
    "engine": "postgresql",
    "engine_version": "14.3",
    "cached_at": "2026-02-09T21:16:50.279364"
  }
}