{
  "execution_time_ms": 19867.217,
  "plan_text": "Limit  (rows=50, time=19855.619)\n  Aggregate  (rows=4598, time=19710.145)\n    Sort  (rows=9571, time=19708.457)\n      Aggregate  (rows=9571, time=19706.274)\n        Gather  (rows=9798, time=19696.483)\n          Append  (rows=3266, time=19679.153)\n            Nested Loop  (rows=1856, time=12559.597)\n              Nested Loop  (rows=1883, time=12551.456)\n                Hash Join  (rows=13646, time=7760.236)\n                  Seq Scan on store_returns  (rows=172653, time=7472.105)\n                  Hash  (rows=2879, time=238.658)\n                    Seq Scan on item  (rows=8638, time=712.584)\n                Index Scan on store_sales  (rows=0, time=0.35)\n              Index Only Scan on date_dim  (rows=1, time=0.002)\n            Nested Loop  (rows=1592, time=6282.413)\n              Nested Loop  (rows=1595, time=6275.913)\n                Hash Join  (rows=7997, time=3525.054)\n                  Seq Scan on catalog_returns  (rows=78913, time=3140.552)\n                  Hash  (rows=4319, time=357.981)\n                    Seq Scan on item (item_1)  (rows=8638, time=712.411)\n                Index Scan on catalog_sales  (rows=0, time=0.343)\n              Index Only Scan on date_dim (date_dim_1)  (rows=1, time=0.002)\n            Nested Loop  (rows=1044, time=8790.984)\n              Nested Loop  (rows=1044, time=8783.495)\n                Hash Join  (rows=6074, time=5540.714)\n                  Seq Scan on web_returns  (rows=101985, time=4850.767)\n                  Hash  (rows=8638, time=657.527)\n                    Seq Scan on item (item_2)  (rows=8638, time=654.183)\n                Index Scan on web_sales  (rows=0, time=0.532)\n              Index Only Scan on date_dim (date_dim_2)  (rows=1, time=0.005)\n  Sort  (rows=50, time=19815.519)\n    Nested Loop  (rows=50, time=19815.448)\n      CTE Scan (curr_yr)  (rows=731, time=19707.24)\n      CTE Scan (prev_yr)  (rows=690, time=0.134)",
  "plan_json": {
    "Node Type": "Limit",
    "Parallel Aware": false,
    "Async Capable": false,
    "Startup Cost": 413423.59,
    "Total Cost": 413423.6,
    "Plan Rows": 1,
    "Plan Width": 80,
    "Actual Startup Time": 19854.129,
    "Actual Total Time": 19855.619,
    "Actual Rows": 50,
    "Actual Loops": 1,
    "Plans": [
      {
        "Node Type": "Aggregate",
        "Strategy": "Sorted",
        "Partial Mode": "Simple",
        "Parent Relationship": "InitPlan",
        "Subplan Name": "CTE all_sales",
        "Parallel Aware": false,
        "Async Capable": false,
        "Startup Cost": 413423.3,
        "Total Cost": 413423.4,
        "Plan Rows": 3,
        "Plan Width": 60,
        "Actual Startup Time": 19706.754,
        "Actual Total Time": 19710.145,
        "Actual Rows": 4598,
        "Actual Loops": 1,
        "Group Key": [
          "date_dim.d_year",
          "item.i_brand_id",
          "item.i_class_id",
          "item.i_category_id",
          "item.i_manufact_id"
        ],
        "Plans": [
          {
            "Node Type": "Sort",
            "Parent Relationship": "Outer",
            "Parallel Aware": false,
            "Async Capable": false,
            "Startup Cost": 413423.3,
            "Total Cost": 413423.31,
            "Plan Rows": 3,
            "Plan Width": 56,
            "Actual Startup Time": 19706.734,
            "Actual Total Time": 19708.457,
            "Actual Rows": 9571,
            "Actual Loops": 1,
            "Sort Key": [
              "date_dim.d_year",
              "item.i_brand_id",
              "item.i_class_id",
              "item.i_category_id",
              "item.i_manufact_id"
            ],
            "Sort Method": "quicksort",
            "Sort Space Used": 908,
            "Sort Space Type": "Memory",
            "Plans": [
              {
                "Node Type": "Aggregate",
                "Strategy": "Hashed",
                "Partial Mode": "Simple",
                "Parent Relationship": "Outer",
                "Parallel Aware": false,
                "Async Capable": false,
                "Startup Cost": 413423.25,
                "Total Cost": 413423.28,
                "Plan Rows": 3,
                "Plan Width": 56,
                "Actual Startup Time": 19704.12,
                "Actual Total Time": 19706.274,
                "Actual Rows": 9571,
                "Actual Loops": 1,
                "Group Key": [
                  "date_dim.d_year",
                  "item.i_brand_id",
                  "item.i_class_id",
                  "item.i_category_id",
                  "item.i_manufact_id",
                  "((store_sales.ss_quantity - COALESCE(store_returns.sr_return_quantity, 0)))",
                  "((store_sales.ss_ext_sales_price - COALESCE(store_returns.sr_return_amt, 0.0)))"
                ],
                "Planned Partitions": 0,
                "HashAgg Batches": 1,
                "Peak Memory Usage": 1193,
                "Disk Usage": 0,
                "Plans": [
                  {
                    "Node Type": "Gather",
                    "Parent Relationship": "Outer",
                    "Parallel Aware": false,
                    "Async Capable": false,
                    "Startup Cost": 8620.9,
                    "Total Cost": 413423.19,
                    "Plan Rows": 3,
                    "Plan Width": 56,
                    "Actual Startup Time": 662.975,
                    "Actual Total Time": 19696.483,
                    "Actual Rows": 9798,
                    "Actual Loops": 1,
                    "Workers Planned": 2,
                    "Workers Launched": 2,
                    "Single Copy": false,
                    "Plans": [
                      {
                        "Node Type": "Append",
                        "Parent Relationship": "Outer",
                        "Parallel Aware": true,
                        "Async Capable": false,
                        "Startup Cost": 7620.9,
                        "Total Cost": 412422.89,
                        "Plan Rows": 3,
                        "Plan Width": 56,
                        "Actual Startup Time": 705.31,
                        "Actual Total Time": 19679.153,
                        "Actual Rows": 3266,
                        "Actual Loops": 3,
                        "Workers": [],
                        "Subplans Removed": 0,
                        "Plans": [
                          {
                            "Node Type": "Nested Loop",
                            "Parent Relationship": "Member",
                            "Parallel Aware": false,
                            "Async Capable": false,
                            "Join Type": "Inner",
                            "Startup Cost": 7620.9,
                            "Total Cost": 259021.52,
                            "Plan Rows": 1,
                            "Plan Width": 56,
                            "Actual Startup Time": 245.111,
                            "Actual Total Time": 12559.597,
                            "Actual Rows": 1856,
                            "Actual Loops": 3,
                            "Inner Unique": true,
                            "Workers": [],
                            "Plans": [
                              {
                                "Node Type": "Nested Loop",
                                "Parent Relationship": "Outer",
                                "Parallel Aware": false,
                                "Async Capable": false,
                                "Join Type": "Inner",
                                "Startup Cost": 7620.61,
                                "Total Cost": 259020.47,
                                "Plan Rows": 1,
                                "Plan Width": 40,
                                "Actual Startup Time": 245.015,
                                "Actual Total Time": 12551.456,
                                "Actual Rows": 1883,
                                "Actual Loops": 3,
                                "Inner Unique": true,
                                "Join Filter": "(store_sales.ss_item_sk = item.i_item_sk)",
                                "Rows Removed by Join Filter": 0,
                                "Workers": [],
                                "Plans": [
                                  {
                                    "Node Type": "Hash Join",
                                    "Parent Relationship": "Outer",
                                    "Parallel Aware": true,
                                    "Async Capable": false,
                                    "Join Type": "Inner",
                                    "Startup Cost": 7620.18,
                                    "Total Cost": 175987.87,
                                    "Plan Rows": 18641,
                                    "Plan Width": 38,
                                    "Actual Startup Time": 239.135,
                                    "Actual Total Time": 7760.236,
                                    "Actual Rows": 13646,
                                    "Actual Loops": 3,
                                    "Inner Unique": true,
                                    "Hash Cond": "(store_returns.sr_item_sk = item.i_item_sk)",
                                    "Workers": [],
                                    "Plans": [
                                      {
                                        "Node Type": "Seq Scan",
                                        "Parent Relationship": "Outer",
                                        "Parallel Aware": true,
                                        "Async Capable": false,
                                        "Relation Name": "store_returns",
                                        "Alias": "store_returns",
                                        "Startup Cost": 0.0,
                                        "Total Cost": 167789.07,
                                        "Plan Rows": 220423,
                                        "Plan Width": 18,
                                        "Actual Startup Time": 0.349,
                                        "Actual Total Time": 7472.105,
                                        "Actual Rows": 172653,
                                        "Actual Loops": 3,
                                        "Filter": "(sr_reason_sk = ANY ('{7,25,26,52,69}'::integer[]))",
                                        "Rows Removed by Filter": 2226745,
                                        "Workers": []
                                      },
                                      {
                                        "Node Type": "Hash",
                                        "Parent Relationship": "Inner",
                                        "Parallel Aware": true,
                                        "Async Capable": false,
                                        "Startup Cost": 7575.25,
                                        "Total Cost": 7575.25,
                                        "Plan Rows": 3594,
                                        "Plan Width": 20,
                                        "Actual Startup Time": 238.657,
                                        "Actual Total Time": 238.658,
                                        "Actual Rows": 2879,
                                        "Actual Loops": 3,
                                        "Hash Buckets": 16384,
                                        "Original Hash Buckets": 16384,
                                        "Hash Batches": 1,
                                        "Original Hash Batches": 1,
                                        "Peak Memory Usage": 608,
                                        "Workers": [],
                                        "Plans": [
                                          {
                                            "Node Type": "Seq Scan",
                                            "Parent Relationship": "Outer",
                                            "Parallel Aware": true,
                                            "Async Capable": false,
                                            "Relation Name": "item",
                                            "Alias": "item",
                                            "Startup Cost": 0.0,
                                            "Total Cost": 7575.25,
                                            "Plan Rows": 3594,
                                            "Plan Width": 20,
                                            "Actual Startup Time": 32.565,
                                            "Actual Total Time": 712.584,
                                            "Actual Rows": 8638,
                                            "Actual Loops": 1,
                                            "Filter": "(i_category = 'Home'::bpchar)",
                                            "Rows Removed by Filter": 93362,
                                            "Workers": []
                                          }
                                        ]
                                      }
                                    ]
                                  },
                                  {
                                    "Node Type": "Index Scan",
                                    "Parent Relationship": "Inner",
                                    "Parallel Aware": false,
                                    "Async Capable": false,
                                    "Scan Direction": "Forward",
                                    "Index Name": "_dta_index_store_sales_6_1333579789__k10_k3",
                                    "Relation Name": "store_sales",
                                    "Alias": "store_sales",
                                    "Startup Cost": 0.44,
                                    "Total Cost": 4.44,
                                    "Plan Rows": 1,
                                    "Plan Width": 22,
                                    "Actual Startup Time": 0.35,
                                    "Actual Total Time": 0.35,
                                    "Actual Rows": 0,
                                    "Actual Loops": 40938,
                                    "Index Cond": "((ss_ticket_number = store_returns.sr_ticket_number) AND (ss_item_sk = store_returns.sr_item_sk))",
                                    "Rows Removed by Index Recheck": 0,
                                    "Filter": "(((ss_sales_price / ss_list_price) >= 0.34) AND ((ss_sales_price / ss_list_price) <= 0.54))",
                                    "Rows Removed by Filter": 1,
                                    "Workers": []
                                  }
                                ]
                              },
                              {
                                "Node Type": "Index Only Scan",
                                "Parent Relationship": "Inner",
                                "Parallel Aware": false,
                                "Async Capable": false,
                                "Scan Direction": "Forward",
                                "Index Name": "_dta_index_date_dim_6_661577395__k1_k7_k9",
                                "Relation Name": "date_dim",
                                "Alias": "date_dim",
                                "Startup Cost": 0.29,
                                "Total Cost": 1.05,
                                "Plan Rows": 1,
                                "Plan Width": 8,
                                "Actual Startup Time": 0.002,
                                "Actual Total Time": 0.002,
                                "Actual Rows": 1,
                                "Actual Loops": 5648,
                                "Index Cond": "(d_date_sk = store_sales.ss_sold_date_sk)",
                                "Rows Removed by Index Recheck": 0,
                                "Heap Fetches": 0,
                                "Workers": []
                              }
                            ]
                          },
                          {
                            "Node Type": "Nested Loop",
                            "Parent Relationship": "Member",
                            "Parallel Aware": false,
                            "Async Capable": false,
                            "Join Type": "Inner",
                            "Startup Cost": 7620.9,
                            "Total Cost": 93233.69,
                            "Plan Rows": 1,
                            "Plan Width": 56,
                            "Actual Startup Time": 365.579,
                            "Actual Total Time": 6282.413,
                            "Actual Rows": 1592,
                            "Actual Loops": 2,
                            "Inner Unique": true,
                            "Workers": [],
                            "Plans": [
                              {
                                "Node Type": "Nested Loop",
                                "Parent Relationship": "Outer",
                                "Parallel Aware": false,
                                "Async Capable": false,
                                "Join Type": "Inner",
                                "Startup Cost": 7620.61,
                                "Total Cost": 93233.36,
                                "Plan Rows": 1,
                                "Plan Width": 40,
                                "Actual Startup Time": 365.432,
                                "Actual Total Time": 6275.913,
                                "Actual Rows": 1595,
                                "Actual Loops": 2,
                                "Inner Unique": true,
                                "Join Filter": "(catalog_sales.cs_item_sk = item_1.i_item_sk)",
                                "Rows Removed by Join Filter": 0,
                                "Workers": [],
                                "Plans": [
                                  {
                                    "Node Type": "Hash Join",
                                    "Parent Relationship": "Outer",
                                    "Parallel Aware": true,
                                    "Async Capable": false,
                                    "Join Type": "Inner",
                                    "Startup Cost": 7620.18,
                                    "Total Cost": 65430.56,
                                    "Plan Rows": 5572,
                                    "Plan Width": 38,
                                    "Actual Startup Time": 358.334,
                                    "Actual Total Time": 3525.054,
                                    "Actual Rows": 7997,
                                    "Actual Loops": 2,
                                    "Inner Unique": true,
                                    "Hash Cond": "(catalog_returns.cr_item_sk = item_1.i_item_sk)",
                                    "Workers": [],
                                    "Plans": [
                                      {
                                        "Node Type": "Seq Scan",
                                        "Parent Relationship": "Outer",
                                        "Parallel Aware": true,
                                        "Async Capable": false,
                                        "Relation Name": "catalog_returns",
                                        "Alias": "catalog_returns",
                                        "Startup Cost": 0.0,
                                        "Total Cost": 57637.42,
                                        "Plan Rows": 65888,
                                        "Plan Width": 18,
                                        "Actual Startup Time": 0.278,
                                        "Actual Total Time": 3140.552,
                                        "Actual Rows": 78913,
                                        "Actual Loops": 2,
                                        "Filter": "(cr_reason_sk = ANY ('{7,25,26,52,69}'::integer[]))",
                                        "Rows Removed by Filter": 1000217,
                                        "Workers": []
                                      },
                                      {
                                        "Node Type": "Hash",
                                        "Parent Relationship": "Inner",
                                        "Parallel Aware": true,
                                        "Async Capable": false,
                                        "Startup Cost": 7575.25,
                                        "Total Cost": 7575.25,
                                        "Plan Rows": 3594,
                                        "Plan Width": 20,
                                        "Actual Startup Time": 357.98,
                                        "Actual Total Time": 357.981,
                                        "Actual Rows": 4319,
                                        "Actual Loops": 2,
                                        "Hash Buckets": 16384,
                                        "Original Hash Buckets": 16384,
                                        "Hash Batches": 1,
                                        "Original Hash Batches": 1,
                                        "Peak Memory Usage": 608,
                                        "Workers": [],
                                        "Plans": [
                                          {
                                            "Node Type": "Seq Scan",
                                            "Parent Relationship": "Outer",
                                            "Parallel Aware": true,
                                            "Async Capable": false,
                                            "Relation Name": "item",
                                            "Alias": "item_1",
                                            "Startup Cost": 0.0,
                                            "Total Cost": 7575.25,
                                            "Plan Rows": 3594,
                                            "Plan Width": 20,
                                            "Actual Startup Time": 32.253,
                                            "Actual Total Time": 712.411,
                                            "Actual Rows": 8638,
                                            "Actual Loops": 1,
                                            "Filter": "(i_category = 'Home'::bpchar)",
                                            "Rows Removed by Filter": 93362,
                                            "Workers": []
                                          }
                                        ]
                                      }
                                    ]
                                  },
                                  {
                                    "Node Type": "Index Scan",
                                    "Parent Relationship": "Inner",
                                    "Parallel Aware": false,
                                    "Async Capable": false,
                                    "Scan Direction": "Forward",
                                    "Index Name": "catalog_sales_pkey",
                                    "Relation Name": "catalog_sales",
                                    "Alias": "catalog_sales",
                                    "Startup Cost": 0.43,
                                    "Total Cost": 4.98,
                                    "Plan Rows": 1,
                                    "Plan Width": 22,
                                    "Actual Startup Time": 0.343,
                                    "Actual Total Time": 0.343,
                                    "Actual Rows": 0,
                                    "Actual Loops": 15994,
                                    "Index Cond": "((cs_item_sk = catalog_returns.cr_item_sk) AND (cs_order_number = catalog_returns.cr_order_number))",
                                    "Rows Removed by Index Recheck": 0,
                                    "Filter": "(((cs_sales_price / cs_list_price) >= 0.34) AND ((cs_sales_price / cs_list_price) <= 0.54))",
                                    "Rows Removed by Filter": 1,
                                    "Workers": []
                                  }
                                ]
                              },
                              {
                                "Node Type": "Index Only Scan",
                                "Parent Relationship": "Inner",
                                "Parallel Aware": false,
                                "Async Capable": false,
                                "Scan Direction": "Forward",
                                "Index Name": "_dta_index_date_dim_6_661577395__k1_k7_k9",
                                "Relation Name": "date_dim",
                                "Alias": "date_dim_1",
                                "Startup Cost": 0.29,
                                "Total Cost": 0.33,
                                "Plan Rows": 1,
                                "Plan Width": 8,
                                "Actual Startup Time": 0.002,
                                "Actual Total Time": 0.002,
                                "Actual Rows": 1,
                                "Actual Loops": 3190,
                                "Index Cond": "(d_date_sk = catalog_sales.cs_sold_date_sk)",
                                "Rows Removed by Index Recheck": 0,
                                "Heap Fetches": 0,
                                "Workers": []
                              }
                            ]
                          },
                          {
                            "Node Type": "Nested Loop",
                            "Parent Relationship": "Member",
                            "Parallel Aware": false,
                            "Async Capable": false,
                            "Join Type": "Inner",
                            "Startup Cost": 7620.9,
                            "Total Cost": 60167.67,
                            "Plan Rows": 1,
                            "Plan Width": 56,
                            "Actual Startup Time": 662.554,
                            "Actual Total Time": 8790.984,
                            "Actual Rows": 1044,
                            "Actual Loops": 1,
                            "Inner Unique": true,
                            "Workers": [],
                            "Plans": [
                              {
                                "Node Type": "Nested Loop",
                                "Parent Relationship": "Outer",
                                "Parallel Aware": false,
                                "Async Capable": false,
                                "Join Type": "Inner",
                                "Startup Cost": 7620.61,
                                "Total Cost": 60167.32,
                                "Plan Rows": 1,
                                "Plan Width": 40,
                                "Actual Startup Time": 661.766,
                                "Actual Total Time": 8783.495,
                                "Actual Rows": 1044,
                                "Actual Loops": 1,
                                "Inner Unique": true,
                                "Join Filter": "(web_sales.ws_item_sk = item_2.i_item_sk)",
                                "Rows Removed by Join Filter": 0,
                                "Workers": [],
                                "Plans": [
                                  {
                                    "Node Type": "Hash Join",
                                    "Parent Relationship": "Outer",
                                    "Parallel Aware": true,
                                    "Async Capable": false,
                                    "Join Type": "Inner",
                                    "Startup Cost": 7620.18,
                                    "Total Cost": 44049.8,
                                    "Plan Rows": 3519,
                                    "Plan Width": 38,
                                    "Actual Startup Time": 659.136,
                                    "Actual Total Time": 5540.714,
                                    "Actual Rows": 6074,
                                    "Actual Loops": 1,
                                    "Inner Unique": true,
                                    "Hash Cond": "(web_returns.wr_item_sk = item_2.i_item_sk)",
                                    "Workers": [],
                                    "Plans": [
                                      {
                                        "Node Type": "Seq Scan",
                                        "Parent Relationship": "Outer",
                                        "Parallel Aware": true,
                                        "Async Capable": false,
                                        "Relation Name": "web_returns",
                                        "Alias": "web_returns",
                                        "Startup Cost": 0.0,
                                        "Total Cost": 36320.4,
                                        "Plan Rows": 41610,
                                        "Plan Width": 18,
                                        "Actual Startup Time": 0.145,
                                        "Actual Total Time": 4850.767,
                                        "Actual Rows": 101985,
                                        "Actual Loops": 1,
                                        "Filter": "(wr_reason_sk = ANY ('{7,25,26,52,69}'::integer[]))",
                                        "Rows Removed by Filter": 1338369,
                                        "Workers": []
                                      },
                                      {
                                        "Node Type": "Hash",
                                        "Parent Relationship": "Inner",
                                        "Parallel Aware": true,
                                        "Async Capable": false,
                                        "Startup Cost": 7575.25,
                                        "Total Cost": 7575.25,
                                        "Plan Rows": 3594,
                                        "Plan Width": 20,
                                        "Actual Startup Time": 657.526,
                                        "Actual Total Time": 657.527,
                                        "Actual Rows": 8638,
                                        "Actual Loops": 1,
                                        "Hash Buckets": 16384,
                                        "Original Hash Buckets": 16384,
                                        "Hash Batches": 1,
                                        "Original Hash Batches": 1,
                                        "Peak Memory Usage": 608,
                                        "Workers": [],
                                        "Plans": [
                                          {
                                            "Node Type": "Seq Scan",
                                            "Parent Relationship": "Outer",
                                            "Parallel Aware": true,
                                            "Async Capable": false,
                                            "Relation Name": "item",
                                            "Alias": "item_2",
                                            "Startup Cost": 0.0,
                                            "Total Cost": 7575.25,
                                            "Plan Rows": 3594,
                                            "Plan Width": 20,
                                            "Actual Startup Time": 0.167,
                                            "Actual Total Time": 654.183,
                                            "Actual Rows": 8638,
                                            "Actual Loops": 1,
                                            "Filter": "(i_category = 'Home'::bpchar)",
                                            "Rows Removed by Filter": 93362,
                                            "Workers": []
                                          }
                                        ]
                                      }
                                    ]
                                  },
                                  {
                                    "Node Type": "Index Scan",
                                    "Parent Relationship": "Inner",
                                    "Parallel Aware": false,
                                    "Async Capable": false,
                                    "Scan Direction": "Forward",
                                    "Index Name": "web_sales_pkey",
                                    "Relation Name": "web_sales",
                                    "Alias": "web_sales",
                                    "Startup Cost": 0.43,
                                    "Total Cost": 4.57,
                                    "Plan Rows": 1,
                                    "Plan Width": 22,
                                    "Actual Startup Time": 0.532,
                                    "Actual Total Time": 0.532,
                                    "Actual Rows": 0,
                                    "Actual Loops": 6074,
                                    "Index Cond": "((ws_item_sk = web_returns.wr_item_sk) AND (ws_order_number = web_returns.wr_order_number))",
                                    "Rows Removed by Index Recheck": 0,
                                    "Filter": "(((ws_sales_price / ws_list_price) >= 0.34) AND ((ws_sales_price / ws_list_price) <= 0.54))",
                                    "Rows Removed by Filter": 1,
                                    "Workers": []
                                  }
                                ]
                              },
                              {
                                "Node Type": "Index Only Scan",
                                "Parent Relationship": "Inner",
                                "Parallel Aware": false,
                                "Async Capable": false,
                                "Scan Direction": "Forward",
                                "Index Name": "_dta_index_date_dim_6_661577395__k1_k7_k9",
                                "Relation Name": "date_dim",
                                "Alias": "date_dim_2",
                                "Startup Cost": 0.29,
                                "Total Cost": 0.34,
                                "Plan Rows": 1,
                                "Plan Width": 8,
                                "Actual Startup Time": 0.005,
                                "Actual Total Time": 0.005,
                                "Actual Rows": 1,
                                "Actual Loops": 1044,
                                "Index Cond": "(d_date_sk = web_sales.ws_sold_date_sk)",
                                "Rows Removed by Index Recheck": 0,
                                "Heap Fetches": 0,
                                "Workers": []
                              }
                            ]
                          }
                        ]
                      }
                    ]
                  }
                ]
              }
            ]
          }
        ]
      },
      {
        "Node Type": "Sort",
        "Parent Relationship": "Outer",
        "Parallel Aware": false,
        "Async Capable": false,
        "Startup Cost": 0.19,
        "Total Cost": 0.2,
        "Plan Rows": 1,
        "Plan Width": 80,
        "Actual Startup Time": 19815.518,
        "Actual Total Time": 19815.519,
        "Actual Rows": 50,
        "Actual Loops": 1,
        "Sort Key": [
          "((curr_yr.sales_cnt - prev_yr.sales_cnt))",
          "((curr_yr.sales_amt - prev_yr.sales_amt))"
        ],
        "Sort Method": "quicksort",
        "Sort Space Used": 31,
        "Sort Space Type": "Memory",
        "Plans": [
          {
            "Node Type": "Nested Loop",
            "Parent Relationship": "Outer",
            "Parallel Aware": false,
            "Async Capable": false,
            "Join Type": "Inner",
            "Startup Cost": 0.0,
            "Total Cost": 0.18,
            "Plan Rows": 1,
            "Plan Width": 80,
            "Actual Startup Time": 19710.207,
            "Actual Total Time": 19815.448,
            "Actual Rows": 50,
            "Actual Loops": 1,
            "Inner Unique": false,
            "Join Filter": "((curr_yr.i_brand_id = prev_yr.i_brand_id) AND (curr_yr.i_class_id = prev_yr.i_class_id) AND (curr_yr.i_category_id = prev_yr.i_category_id) AND (curr_yr.i_manufact_id = prev_yr.i_manufact_id) AND (((curr_yr.sales_cnt)::numeric(17,2) / (prev_yr.sales_cnt)::numeric(17,2)) < 0.9))",
            "Rows Removed by Join Filter": 504340,
            "Plans": [
              {
                "Node Type": "CTE Scan",
                "Parent Relationship": "Outer",
                "Parallel Aware": false,
                "Async Capable": false,
                "CTE Name": "all_sales",
                "Alias": "curr_yr",
                "Startup Cost": 0.0,
                "Total Cost": 0.07,
                "Plan Rows": 1,
                "Plan Width": 60,
                "Actual Startup Time": 19707.141,
                "Actual Total Time": 19707.24,
                "Actual Rows": 731,
                "Actual Loops": 1,
                "Filter": "(d_year = 1999)",
                "Rows Removed by Filter": 3867
              },
              {
                "Node Type": "CTE Scan",
                "Parent Relationship": "Inner",
                "Parallel Aware": false,
                "Async Capable": false,
                "CTE Name": "all_sales",
                "Alias": "prev_yr",
                "Startup Cost": 0.0,
                "Total Cost": 0.08,
                "Plan Rows": 1,
                "Plan Width": 60,
                "Actual Startup Time": 0.0,
                "Actual Total Time": 0.134,
                "Actual Rows": 690,
                "Actual Loops": 731,
                "Filter": "((sales_cnt > 0) AND (d_year = 1998))",
                "Rows Removed by Filter": 3908
              }
            ]
          }
        ]
      }
    ]
  },
  "actual_rows": 50,
  "provenance": {
    "database": "postgres://jakc9:jakc9@127.0.0.1:5434/dsb_sf10",
    "scale_factor": 10,
    "engine": "postgresql",
    "engine_version": "14.3",
    "cached_at": "2026-02-09T21:06:47.451254"
  }
}