{
  "execution_time_ms": 16263.094,
  "plan_text": "Sort  (rows=0, time=16252.109)\n  Aggregate  (rows=0, time=16252.089)\n    Sort  (rows=0, time=16252.087)\n      Gather  (rows=0, time=16252.073)\n        Nested Loop  (rows=0, time=15913.584)\n          Nested Loop  (rows=0, time=15913.583)\n            Nested Loop  (rows=0, time=15913.582)\n              Merge Join  (rows=10090, time=12214.595)\n                Sort  (rows=10090, time=12212.346)\n                  Nested Loop  (rows=10090, time=12207.282)\n                    Nested Loop  (rows=7918, time=11750.349)\n                      Hash Join  (rows=8065, time=11057.45)\n                        Seq Scan on customer_address  (rows=13281, time=198.811)\n                        Hash  (rows=83568, time=10848.376)\n                          Hash Join  (rows=83568, time=4753.078)\n                            Nested Loop  (rows=86626, time=4700.43)\n                              Hash Join  (rows=88752, time=2624.01)\n                                Nested Loop  (rows=1675487, time=2185.967)\n                                  Index Scan on date_dim (d1)  (rows=122, time=58.218)\n                                  Index Only Scan on store_sales  (rows=13771, time=16.795)\n                                Hash  (rows=786, time=331.08)\n                                  Seq Scan on item  (rows=786, time=330.648)\n                              Index Scan on customer  (rows=1, time=0.023)\n                            Hash  (rows=7200, time=24.484)\n                              Seq Scan on household_demographics  (rows=7200, time=24.09)\n                      Index Scan on customer_demographics  (rows=1, time=0.085)\n                    Index Scan on inventory  (rows=1, time=0.057)\n                Sort  (rows=10, time=0.311)\n                  Seq Scan on warehouse  (rows=10, time=0.296)\n              Bitmap Heap Scan on web_sales  (rows=0, time=0.366)\n                Bitmap Index Scan  (rows=26, time=0.009)\n            Bitmap Heap Scan on store  (rows=0, time=0.0)\n              Bitmap Index Scan  (rows=0, time=0.0)\n          Index Scan on date_dim (d2)  (rows=0, time=0.0)",
  "plan_json": {
    "Node Type": "Sort",
    "Parallel Aware": false,
    "Async Capable": false,
    "Startup Cost": 228139.89,
    "Total Cost": 228139.89,
    "Plan Rows": 1,
    "Plan Width": 37,
    "Actual Startup Time": 16245.824,
    "Actual Total Time": 16252.109,
    "Actual Rows": 0,
    "Actual Loops": 1,
    "Sort Key": [
      "(count(*))"
    ],
    "Sort Method": "quicksort",
    "Sort Space Used": 25,
    "Sort Space Type": "Memory",
    "Plans": [
      {
        "Node Type": "Aggregate",
        "Strategy": "Sorted",
        "Partial Mode": "Simple",
        "Parent Relationship": "Outer",
        "Parallel Aware": false,
        "Async Capable": false,
        "Startup Cost": 228139.85,
        "Total Cost": 228139.88,
        "Plan Rows": 1,
        "Plan Width": 37,
        "Actual Startup Time": 16245.804,
        "Actual Total Time": 16252.089,
        "Actual Rows": 0,
        "Actual Loops": 1,
        "Group Key": [
          "customer_demographics.cd_gender",
          "customer_demographics.cd_marital_status",
          "customer_demographics.cd_education_status",
          "household_demographics.hd_vehicle_count"
        ],
        "Plans": [
          {
            "Node Type": "Sort",
            "Parent Relationship": "Outer",
            "Parallel Aware": false,
            "Async Capable": false,
            "Startup Cost": 228139.85,
            "Total Cost": 228139.86,
            "Plan Rows": 1,
            "Plan Width": 29,
            "Actual Startup Time": 16245.803,
            "Actual Total Time": 16252.087,
            "Actual Rows": 0,
            "Actual Loops": 1,
            "Sort Key": [
              "customer_demographics.cd_gender",
              "customer_demographics.cd_marital_status",
              "customer_demographics.cd_education_status",
              "household_demographics.hd_vehicle_count"
            ],
            "Sort Method": "quicksort",
            "Sort Space Used": 25,
            "Sort Space Type": "Memory",
            "Plans": [
              {
                "Node Type": "Gather",
                "Parent Relationship": "Outer",
                "Parallel Aware": false,
                "Async Capable": false,
                "Startup Cost": 189593.41,
                "Total Cost": 228139.84,
                "Plan Rows": 1,
                "Plan Width": 29,
                "Actual Startup Time": 16245.789,
                "Actual Total Time": 16252.073,
                "Actual Rows": 0,
                "Actual Loops": 1,
                "Workers Planned": 2,
                "Workers Launched": 2,
                "Single Copy": false,
                "Plans": [
                  {
                    "Node Type": "Nested Loop",
                    "Parent Relationship": "Outer",
                    "Parallel Aware": false,
                    "Async Capable": false,
                    "Join Type": "Inner",
                    "Startup Cost": 188593.41,
                    "Total Cost": 227139.74,
                    "Plan Rows": 1,
                    "Plan Width": 29,
                    "Actual Startup Time": 15913.571,
                    "Actual Total Time": 15913.584,
                    "Actual Rows": 0,
                    "Actual Loops": 3,
                    "Inner Unique": true,
                    "Join Filter": "((d2.d_date >= d1.d_date) AND (d2.d_date <= (d1.d_date + '30 days'::interval)))",
                    "Rows Removed by Join Filter": 0,
                    "Workers": [],
                    "Plans": [
                      {
                        "Node Type": "Nested Loop",
                        "Parent Relationship": "Outer",
                        "Parallel Aware": false,
                        "Async Capable": false,
                        "Join Type": "Inner",
                        "Startup Cost": 188593.11,
                        "Total Cost": 227134.29,
                        "Plan Rows": 1,
                        "Plan Width": 37,
                        "Actual Startup Time": 15913.571,
                        "Actual Total Time": 15913.583,
                        "Actual Rows": 0,
                        "Actual Loops": 3,
                        "Inner Unique": false,
                        "Workers": [],
                        "Plans": [
                          {
                            "Node Type": "Nested Loop",
                            "Parent Relationship": "Outer",
                            "Parallel Aware": false,
                            "Async Capable": false,
                            "Join Type": "Inner",
                            "Startup Cost": 188590.55,
                            "Total Cost": 227127.45,
                            "Plan Rows": 1,
                            "Plan Width": 40,
                            "Actual Startup Time": 15913.57,
                            "Actual Total Time": 15913.582,
                            "Actual Rows": 0,
                            "Actual Loops": 3,
                            "Inner Unique": false,
                            "Join Filter": "(inventory.inv_warehouse_sk = web_sales.ws_warehouse_sk)",
                            "Rows Removed by Join Filter": 0,
                            "Workers": [],
                            "Plans": [
                              {
                                "Node Type": "Merge Join",
                                "Parent Relationship": "Outer",
                                "Parallel Aware": false,
                                "Async Capable": false,
                                "Join Type": "Inner",
                                "Startup Cost": 188582.64,
                                "Total Cost": 188583.43,
                                "Plan Rows": 49,
                                "Plan Width": 64,
                                "Actual Startup Time": 12210.922,
                                "Actual Total Time": 12214.595,
                                "Actual Rows": 10090,
                                "Actual Loops": 3,
                                "Inner Unique": true,
                                "Merge Cond": "(inventory.inv_warehouse_sk = warehouse.w_warehouse_sk)",
                                "Workers": [],
                                "Plans": [
                                  {
                                    "Node Type": "Sort",
                                    "Parent Relationship": "Outer",
                                    "Parallel Aware": false,
                                    "Async Capable": false,
                                    "Startup Cost": 188581.38,
                                    "Total Cost": 188581.5,
                                    "Plan Rows": 49,
                                    "Plan Width": 57,
                                    "Actual Startup Time": 12210.596,
                                    "Actual Total Time": 12212.346,
                                    "Actual Rows": 10090,
                                    "Actual Loops": 3,
                                    "Sort Key": [
                                      "inventory.inv_warehouse_sk"
                                    ],
                                    "Sort Method": "quicksort",
                                    "Sort Space Used": 1226,
                                    "Sort Space Type": "Memory",
                                    "Workers": [
                                      {
                                        "Worker Number": 0,
                                        "Sort Method": "quicksort",
                                        "Sort Space Used": 1277,
                                        "Sort Space Type": "Memory"
                                      },
                                      {
                                        "Worker Number": 1,
                                        "Sort Method": "quicksort",
                                        "Sort Space Used": 1252,
                                        "Sort Space Type": "Memory"
                                      }
                                    ],
                                    "Plans": [
                                      {
                                        "Node Type": "Nested Loop",
                                        "Parent Relationship": "Outer",
                                        "Parallel Aware": false,
                                        "Async Capable": false,
                                        "Join Type": "Inner",
                                        "Startup Cost": 177585.29,
                                        "Total Cost": 188580.0,
                                        "Plan Rows": 49,
                                        "Plan Width": 57,
                                        "Actual Startup Time": 10861.584,
                                        "Actual Total Time": 12207.282,
                                        "Actual Rows": 10090,
                                        "Actual Loops": 3,
                                        "Inner Unique": false,
                                        "Workers": [],
                                        "Plans": [
                                          {
                                            "Node Type": "Nested Loop",
                                            "Parent Relationship": "Outer",
                                            "Parallel Aware": false,
                                            "Async Capable": false,
                                            "Join Type": "Inner",
                                            "Startup Cost": 177584.73,
                                            "Total Cost": 185914.64,
                                            "Plan Rows": 198,
                                            "Plan Width": 61,
                                            "Actual Startup Time": 10850.271,
                                            "Actual Total Time": 11750.349,
                                            "Actual Rows": 7918,
                                            "Actual Loops": 3,
                                            "Inner Unique": true,
                                            "Workers": [],
                                            "Plans": [
                                              {
                                                "Node Type": "Hash Join",
                                                "Parent Relationship": "Outer",
                                                "Parallel Aware": true,
                                                "Async Capable": false,
                                                "Join Type": "Inner",
                                                "Startup Cost": 177584.3,
                                                "Total Cost": 184763.06,
                                                "Plan Rows": 205,
                                                "Plan Width": 40,
                                                "Actual Startup Time": 10849.092,
                                                "Actual Total Time": 11057.45,
                                                "Actual Rows": 8065,
                                                "Actual Loops": 3,
                                                "Inner Unique": false,
                                                "Hash Cond": "(customer_address.ca_address_sk = customer.c_current_addr_sk)",
                                                "Workers": [],
                                                "Plans": [
                                                  {
                                                    "Node Type": "Seq Scan",
                                                    "Parent Relationship": "Outer",
                                                    "Parallel Aware": true,
                                                    "Async Capable": false,
                                                    "Relation Name": "customer_address",
                                                    "Alias": "customer_address",
                                                    "Startup Cost": 0.0,
                                                    "Total Cost": 7116.71,
                                                    "Plan Rows": 16320,
                                                    "Plan Width": 4,
                                                    "Actual Startup Time": 0.608,
                                                    "Actual Total Time": 198.811,
                                                    "Actual Rows": 13281,
                                                    "Actual Loops": 3,
                                                    "Filter": "(ca_state = ANY ('{AZ,KS,OH,TX,WA}'::bpchar[]))",
                                                    "Rows Removed by Filter": 70052,
                                                    "Workers": []
                                                  },
                                                  {
                                                    "Node Type": "Hash",
                                                    "Parent Relationship": "Inner",
                                                    "Parallel Aware": true,
                                                    "Async Capable": false,
                                                    "Startup Cost": 177567.95,
                                                    "Total Cost": 177567.95,
                                                    "Plan Rows": 1308,
                                                    "Plan Width": 44,
                                                    "Actual Startup Time": 10848.369,
                                                    "Actual Total Time": 10848.376,
                                                    "Actual Rows": 83568,
                                                    "Actual Loops": 3,
                                                    "Hash Buckets": 262144,
                                                    "Original Hash Buckets": 4096,
                                                    "Hash Batches": 1,
                                                    "Original Hash Batches": 1,
                                                    "Peak Memory Usage": 23712,
                                                    "Workers": [],
                                                    "Plans": [
                                                      {
                                                        "Node Type": "Hash Join",
                                                        "Parent Relationship": "Outer",
                                                        "Parallel Aware": false,
                                                        "Async Capable": false,
                                                        "Join Type": "Inner",
                                                        "Startup Cost": 8070.33,
                                                        "Total Cost": 177567.95,
                                                        "Plan Rows": 1308,
                                                        "Plan Width": 44,
                                                        "Actual Startup Time": 414.44,
                                                        "Actual Total Time": 4753.078,
                                                        "Actual Rows": 83568,
                                                        "Actual Loops": 3,
                                                        "Inner Unique": true,
                                                        "Hash Cond": "(customer.c_current_hdemo_sk = household_demographics.hd_demo_sk)",
                                                        "Workers": [],
                                                        "Plans": [
                                                          {
                                                            "Node Type": "Nested Loop",
                                                            "Parent Relationship": "Outer",
                                                            "Parallel Aware": false,
                                                            "Async Capable": false,
                                                            "Join Type": "Inner",
                                                            "Startup Cost": 7855.33,
                                                            "Total Cost": 177349.39,
                                                            "Plan Rows": 1356,
                                                            "Plan Width": 44,
                                                            "Actual Startup Time": 389.933,
                                                            "Actual Total Time": 4700.43,
                                                            "Actual Rows": 86626,
                                                            "Actual Loops": 3,
                                                            "Inner Unique": true,
                                                            "Workers": [],
                                                            "Plans": [
                                                              {
                                                                "Node Type": "Hash Join",
                                                                "Parent Relationship": "Outer",
                                                                "Parallel Aware": true,
                                                                "Async Capable": false,
                                                                "Join Type": "Inner",
                                                                "Startup Cost": 7854.9,
                                                                "Total Cost": 169408.81,
                                                                "Plan Rows": 1421,
                                                                "Plan Width": 28,
                                                                "Actual Startup Time": 389.614,
                                                                "Actual Total Time": 2624.01,
                                                                "Actual Rows": 88752,
                                                                "Actual Loops": 3,
                                                                "Inner Unique": true,
                                                                "Hash Cond": "(store_sales.ss_item_sk = item.i_item_sk)",
                                                                "Workers": [],
                                                                "Plans": [
                                                                  {
                                                                    "Node Type": "Nested Loop",
                                                                    "Parent Relationship": "Outer",
                                                                    "Parallel Aware": false,
                                                                    "Async Capable": false,
                                                                    "Join Type": "Inner",
                                                                    "Startup Cost": 0.85,
                                                                    "Total Cost": 161404.08,
                                                                    "Plan Rows": 57395,
                                                                    "Plan Width": 24,
                                                                    "Actual Startup Time": 58.462,
                                                                    "Actual Total Time": 2185.967,
                                                                    "Actual Rows": 1675487,
                                                                    "Actual Loops": 3,
                                                                    "Inner Unique": false,
                                                                    "Workers": [],
                                                                    "Plans": [
                                                                      {
                                                                        "Node Type": "Index Scan",
                                                                        "Parent Relationship": "Outer",
                                                                        "Parallel Aware": true,
                                                                        "Async Capable": false,
                                                                        "Scan Direction": "Forward",
                                                                        "Index Name": "date_dim_pkey",
                                                                        "Relation Name": "date_dim",
                                                                        "Alias": "d1",
                                                                        "Startup Cost": 0.29,
                                                                        "Total Cost": 2981.0,
                                                                        "Plan Rows": 152,
                                                                        "Plan Width": 8,
                                                                        "Actual Startup Time": 57.929,
                                                                        "Actual Total Time": 58.218,
                                                                        "Actual Rows": 122,
                                                                        "Actual Loops": 3,
                                                                        "Filter": "(d_year = 2001)",
                                                                        "Rows Removed by Filter": 24228,
                                                                        "Workers": []
                                                                      },
                                                                      {
                                                                        "Node Type": "Index Only Scan",
                                                                        "Parent Relationship": "Inner",
                                                                        "Parallel Aware": false,
                                                                        "Async Capable": false,
                                                                        "Scan Direction": "Forward",
                                                                        "Index Name": "_dta_index_store_sales_6_1333579789__k1_k23_k14_k6_k8_k5_k7_3_4",
                                                                        "Relation Name": "store_sales",
                                                                        "Alias": "store_sales",
                                                                        "Startup Cost": 0.56,
                                                                        "Total Cost": 907.45,
                                                                        "Plan Rows": 13481,
                                                                        "Plan Width": 16,
                                                                        "Actual Startup Time": 0.072,
                                                                        "Actual Total Time": 16.795,
                                                                        "Actual Rows": 13771,
                                                                        "Actual Loops": 365,
                                                                        "Index Cond": "(ss_sold_date_sk = d1.d_date_sk)",
                                                                        "Rows Removed by Index Recheck": 0,
                                                                        "Heap Fetches": 0,
                                                                        "Workers": []
                                                                      }
                                                                    ]
                                                                  },
                                                                  {
                                                                    "Node Type": "Hash",
                                                                    "Parent Relationship": "Inner",
                                                                    "Parallel Aware": true,
                                                                    "Async Capable": false,
                                                                    "Startup Cost": 7840.9,
                                                                    "Total Cost": 7840.9,
                                                                    "Plan Rows": 1052,
                                                                    "Plan Width": 4,
                                                                    "Actual Startup Time": 331.079,
                                                                    "Actual Total Time": 331.08,
                                                                    "Actual Rows": 786,
                                                                    "Actual Loops": 3,
                                                                    "Hash Buckets": 4096,
                                                                    "Original Hash Buckets": 4096,
                                                                    "Hash Batches": 1,
                                                                    "Original Hash Batches": 1,
                                                                    "Peak Memory Usage": 160,
                                                                    "Workers": [],
                                                                    "Plans": [
                                                                      {
                                                                        "Node Type": "Seq Scan",
                                                                        "Parent Relationship": "Outer",
                                                                        "Parallel Aware": true,
                                                                        "Async Capable": false,
                                                                        "Relation Name": "item",
                                                                        "Alias": "item",
                                                                        "Startup Cost": 0.03,
                                                                        "Total Cost": 7840.9,
                                                                        "Plan Rows": 1052,
                                                                        "Plan Width": 4,
                                                                        "Actual Startup Time": 1.127,
                                                                        "Actual Total Time": 330.648,
                                                                        "Actual Rows": 786,
                                                                        "Actual Loops": 3,
                                                                        "Filter": "((i_category = ANY ('{Children,Jewelry,Men}'::bpchar[])) AND (i_manager_id = ANY ('{21,22,38,39,46,47,66,67,74,93}'::integer[])))",
                                                                        "Rows Removed by Filter": 33214,
                                                                        "Workers": []
                                                                      }
                                                                    ]
                                                                  }
                                                                ]
                                                              },
                                                              {
                                                                "Node Type": "Index Scan",
                                                                "Parent Relationship": "Inner",
                                                                "Parallel Aware": false,
                                                                "Async Capable": false,
                                                                "Scan Direction": "Forward",
                                                                "Index Name": "_dta_index_customer_6_949578421__k1_k5",
                                                                "Relation Name": "customer",
                                                                "Alias": "customer",
                                                                "Startup Cost": 0.42,
                                                                "Total Cost": 5.59,
                                                                "Plan Rows": 1,
                                                                "Plan Width": 16,
                                                                "Actual Startup Time": 0.023,
                                                                "Actual Total Time": 0.023,
                                                                "Actual Rows": 1,
                                                                "Actual Loops": 266257,
                                                                "Index Cond": "(c_customer_sk = store_sales.ss_customer_sk)",
                                                                "Rows Removed by Index Recheck": 0,
                                                                "Workers": []
                                                              }
                                                            ]
                                                          },
                                                          {
                                                            "Node Type": "Hash",
                                                            "Parent Relationship": "Inner",
                                                            "Parallel Aware": false,
                                                            "Async Capable": false,
                                                            "Startup Cost": 125.0,
                                                            "Total Cost": 125.0,
                                                            "Plan Rows": 7200,
                                                            "Plan Width": 8,
                                                            "Actual Startup Time": 24.483,
                                                            "Actual Total Time": 24.484,
                                                            "Actual Rows": 7200,
                                                            "Actual Loops": 3,
                                                            "Hash Buckets": 8192,
                                                            "Original Hash Buckets": 8192,
                                                            "Hash Batches": 1,
                                                            "Original Hash Batches": 1,
                                                            "Peak Memory Usage": 346,
                                                            "Workers": [],
                                                            "Plans": [
                                                              {
                                                                "Node Type": "Seq Scan",
                                                                "Parent Relationship": "Outer",
                                                                "Parallel Aware": false,
                                                                "Async Capable": false,
                                                                "Relation Name": "household_demographics",
                                                                "Alias": "household_demographics",
                                                                "Startup Cost": 0.0,
                                                                "Total Cost": 125.0,
                                                                "Plan Rows": 7200,
                                                                "Plan Width": 8,
                                                                "Actual Startup Time": 23.66,
                                                                "Actual Total Time": 24.09,
                                                                "Actual Rows": 7200,
                                                                "Actual Loops": 3,
                                                                "Workers": []
                                                              }
                                                            ]
                                                          }
                                                        ]
                                                      }
                                                    ]
                                                  }
                                                ]
                                              },
                                              {
                                                "Node Type": "Index Scan",
                                                "Parent Relationship": "Inner",
                                                "Parallel Aware": false,
                                                "Async Capable": false,
                                                "Scan Direction": "Forward",
                                                "Index Name": "customer_demographics_pkey",
                                                "Relation Name": "customer_demographics",
                                                "Alias": "customer_demographics",
                                                "Startup Cost": 0.43,
                                                "Total Cost": 5.62,
                                                "Plan Rows": 1,
                                                "Plan Width": 29,
                                                "Actual Startup Time": 0.085,
                                                "Actual Total Time": 0.085,
                                                "Actual Rows": 1,
                                                "Actual Loops": 24195,
                                                "Index Cond": "(cd_demo_sk = customer.c_current_cdemo_sk)",
                                                "Rows Removed by Index Recheck": 0,
                                                "Workers": []
                                              }
                                            ]
                                          },
                                          {
                                            "Node Type": "Index Scan",
                                            "Parent Relationship": "Inner",
                                            "Parallel Aware": false,
                                            "Async Capable": false,
                                            "Scan Direction": "Forward",
                                            "Index Name": "inventory_pkey",
                                            "Relation Name": "inventory",
                                            "Alias": "inventory",
                                            "Startup Cost": 0.57,
                                            "Total Cost": 13.44,
                                            "Plan Rows": 2,
                                            "Plan Width": 16,
                                            "Actual Startup Time": 0.026,
                                            "Actual Total Time": 0.057,
                                            "Actual Rows": 1,
                                            "Actual Loops": 23755,
                                            "Index Cond": "((inv_date_sk = store_sales.ss_sold_date_sk) AND (inv_item_sk = store_sales.ss_item_sk))",
                                            "Rows Removed by Index Recheck": 0,
                                            "Filter": "(inv_quantity_on_hand >= store_sales.ss_quantity)",
                                            "Rows Removed by Filter": 0,
                                            "Workers": []
                                          }
                                        ]
                                      }
                                    ]
                                  },
                                  {
                                    "Node Type": "Sort",
                                    "Parent Relationship": "Inner",
                                    "Parallel Aware": false,
                                    "Async Capable": false,
                                    "Startup Cost": 1.27,
                                    "Total Cost": 1.29,
                                    "Plan Rows": 10,
                                    "Plan Width": 7,
                                    "Actual Startup Time": 0.303,
                                    "Actual Total Time": 0.311,
                                    "Actual Rows": 10,
                                    "Actual Loops": 3,
                                    "Sort Key": [
                                      "warehouse.w_warehouse_sk"
                                    ],
                                    "Sort Method": "quicksort",
                                    "Sort Space Used": 25,
                                    "Sort Space Type": "Memory",
                                    "Workers": [
                                      {
                                        "Worker Number": 0,
                                        "Sort Method": "quicksort",
                                        "Sort Space Used": 25,
                                        "Sort Space Type": "Memory"
                                      },
                                      {
                                        "Worker Number": 1,
                                        "Sort Method": "quicksort",
                                        "Sort Space Used": 25,
                                        "Sort Space Type": "Memory"
                                      }
                                    ],
                                    "Plans": [
                                      {
                                        "Node Type": "Seq Scan",
                                        "Parent Relationship": "Outer",
                                        "Parallel Aware": false,
                                        "Async Capable": false,
                                        "Relation Name": "warehouse",
                                        "Alias": "warehouse",
                                        "Startup Cost": 0.0,
                                        "Total Cost": 1.1,
                                        "Plan Rows": 10,
                                        "Plan Width": 7,
                                        "Actual Startup Time": 0.294,
                                        "Actual Total Time": 0.296,
                                        "Actual Rows": 10,
                                        "Actual Loops": 3,
                                        "Workers": []
                                      }
                                    ]
                                  }
                                ]
                              },
                              {
                                "Node Type": "Bitmap Heap Scan",
                                "Parent Relationship": "Inner",
                                "Parallel Aware": false,
                                "Async Capable": false,
                                "Relation Name": "web_sales",
                                "Alias": "web_sales",
                                "Startup Cost": 7.9,
                                "Total Cost": 786.6,
                                "Plan Rows": 1,
                                "Plan Width": 16,
                                "Actual Startup Time": 0.366,
                                "Actual Total Time": 0.366,
                                "Actual Rows": 0,
                                "Actual Loops": 30271,
                                "Recheck Cond": "(store_sales.ss_item_sk = ws_item_sk)",
                                "Rows Removed by Index Recheck": 0,
                                "Filter": "((ws_wholesale_cost >= '35'::numeric) AND (ws_wholesale_cost <= '55'::numeric) AND (store_sales.ss_customer_sk = ws_bill_customer_sk))",
                                "Rows Removed by Filter": 26,
                                "Exact Heap Blocks": 257370,
                                "Lossy Heap Blocks": 0,
                                "Workers": [],
                                "Plans": [
                                  {
                                    "Node Type": "Bitmap Index Scan",
                                    "Parent Relationship": "Outer",
                                    "Parallel Aware": false,
                                    "Async Capable": false,
                                    "Index Name": "web_sales_pkey",
                                    "Startup Cost": 0.0,
                                    "Total Cost": 7.9,
                                    "Plan Rows": 304,
                                    "Plan Width": 0,
                                    "Actual Startup Time": 0.009,
                                    "Actual Total Time": 0.009,
                                    "Actual Rows": 26,
                                    "Actual Loops": 30271,
                                    "Index Cond": "(ws_item_sk = store_sales.ss_item_sk)",
                                    "Workers": []
                                  }
                                ]
                              }
                            ]
                          },
                          {
                            "Node Type": "Bitmap Heap Scan",
                            "Parent Relationship": "Inner",
                            "Parallel Aware": false,
                            "Async Capable": false,
                            "Relation Name": "store",
                            "Alias": "store",
                            "Startup Cost": 2.57,
                            "Total Cost": 6.81,
                            "Plan Rows": 3,
                            "Plan Width": 3,
                            "Actual Startup Time": 0.0,
                            "Actual Total Time": 0.0,
                            "Actual Rows": 0,
                            "Actual Loops": 0,
                            "Recheck Cond": "(s_state = warehouse.w_state)",
                            "Rows Removed by Index Recheck": 0,
                            "Exact Heap Blocks": 0,
                            "Lossy Heap Blocks": 0,
                            "Workers": [],
                            "Plans": [
                              {
                                "Node Type": "Bitmap Index Scan",
                                "Parent Relationship": "Outer",
                                "Parallel Aware": false,
                                "Async Capable": false,
                                "Index Name": "_dta_index_store_6_885578193__k25_k1",
                                "Startup Cost": 0.0,
                                "Total Cost": 2.56,
                                "Plan Rows": 3,
                                "Plan Width": 0,
                                "Actual Startup Time": 0.0,
                                "Actual Total Time": 0.0,
                                "Actual Rows": 0,
                                "Actual Loops": 0,
                                "Index Cond": "(s_state = warehouse.w_state)",
                                "Workers": []
                              }
                            ]
                          }
                        ]
                      },
                      {
                        "Node Type": "Index Scan",
                        "Parent Relationship": "Inner",
                        "Parallel Aware": false,
                        "Async Capable": false,
                        "Scan Direction": "Forward",
                        "Index Name": "date_dim_pkey",
                        "Relation Name": "date_dim",
                        "Alias": "d2",
                        "Startup Cost": 0.29,
                        "Total Cost": 5.44,
                        "Plan Rows": 1,
                        "Plan Width": 8,
                        "Actual Startup Time": 0.0,
                        "Actual Total Time": 0.0,
                        "Actual Rows": 0,
                        "Actual Loops": 0,
                        "Index Cond": "(d_date_sk = web_sales.ws_sold_date_sk)",
                        "Rows Removed by Index Recheck": 0,
                        "Workers": []
                      }
                    ]
                  }
                ]
              }
            ]
          }
        ]
      }
    ]
  },
  "actual_rows": 0,
  "provenance": {
    "database": "postgres://jakc9:jakc9@127.0.0.1:5434/dsb_sf10",
    "scale_factor": 10,
    "engine": "postgresql",
    "engine_version": "14.3",
    "cached_at": "2026-02-09T21:27:06.908866"
  }
}