{
  "execution_time_ms": 50470.158,
  "plan_text": "Sort  (rows=0, time=50455.833)\n  Aggregate  (rows=0, time=50455.787)\n    Incremental Sort  (rows=0, time=50455.786)\n      Nested Loop  (rows=0, time=50455.774)\n        Nested Loop  (rows=0, time=50455.773)\n          Nested Loop  (rows=14, time=50454.519)\n            Nested Loop  (rows=229, time=50448.045)\n              Nested Loop  (rows=1745, time=49726.349)\n                Nested Loop  (rows=1745, time=49721.192)\n                  Nested Loop  (rows=1760, time=49717.691)\n                    Nested Loop  (rows=1791, time=49708.682)\n                      Nested Loop  (rows=1864, time=49700.632)\n                        Nested Loop  (rows=1864, time=49427.388)\n                          Nested Loop  (rows=1866, time=49418.509)\n                            Nested Loop  (rows=7110, time=47573.0)\n                              Nested Loop  (rows=7163, time=47546.084)\n                                Nested Loop  (rows=7257, time=46796.992)\n                                  Nested Loop  (rows=7425, time=46752.721)\n                                    Nested Loop  (rows=30779, time=35109.794)\n                                      Merge Join  (rows=823, time=24157.741)\n                                        Index Scan on item  (rows=1176, time=1455.229)\n                                        Aggregate  (rows=69776, time=22698.245)\n                                          Gather Merge  (rows=130673, time=22628.917)\n                                            Aggregate  (rows=43560, time=22411.85)\n                                              Sort  (rows=121974, time=22375.77)\n                                                Hash Join  (rows=121974, time=22196.155)\n                                                  Seq Scan on catalog_sales  (rows=814012, time=15102.611)\n                                                  Hash  (rows=719420, time=5251.993)\n                                                    Seq Scan on catalog_returns  (rows=719420, time=4570.59)\n                                      Bitmap Heap Scan on store_returns  (rows=37, time=13.283)\n                                        Bitmap Index Scan  (rows=37, time=0.402)\n                                    Index Scan on store_sales  (rows=0, time=0.377)\n                                  Index Scan on household_demographics (hd1)  (rows=1, time=0.004)\n                                Index Scan on customer_address (ad1)  (rows=1, time=0.102)\n                              Index Only Scan on date_dim (d1)  (rows=1, time=0.003)\n                            Index Scan on customer_demographics (cd1)  (rows=0, time=0.259)\n                          Index Scan on store  (rows=1, time=0.002)\n                        Index Scan on customer  (rows=1, time=0.145)\n                      Index Only Scan on date_dim (d3)  (rows=1, time=0.003)\n                    Index Scan on household_demographics (hd2)  (rows=1, time=0.004)\n                  Index Only Scan on date_dim (d2)  (rows=1, time=0.001)\n                Index Only Scan on income_band (ib2)  (rows=1, time=0.002)\n              Index Scan on customer_demographics (cd2)  (rows=0, time=0.412)\n            Index Scan on promotion  (rows=0, time=0.026)\n          Index Scan on customer_address (ad2)  (rows=0, time=0.088)\n        Index Only Scan on income_band (ib1)  (rows=0, time=0.0)\n  Nested Loop  (rows=0, time=50281.758)\n    CTE Scan (cs1)  (rows=0, time=50281.757)\n    CTE Scan (cs2)  (rows=0, time=0.0)",
  "plan_json": {
    "Node Type": "Sort",
    "Parallel Aware": false,
    "Async Capable": false,
    "Startup Cost": 630605.62,
    "Total Cost": 630605.62,
    "Plan Rows": 1,
    "Plan Width": 1310,
    "Actual Startup Time": 50281.8,
    "Actual Total Time": 50455.833,
    "Actual Rows": 0,
    "Actual Loops": 1,
    "Sort Key": [
      "cs1.product_name",
      "cs1.store_name",
      "cs2.cnt",
      "cs1.s1",
      "cs2.s1"
    ],
    "Sort Method": "quicksort",
    "Sort Space Used": 25,
    "Sort Space Type": "Memory",
    "Plans": [
      {
        "Node Type": "Aggregate",
        "Strategy": "Sorted",
        "Partial Mode": "Simple",
        "Parent Relationship": "InitPlan",
        "Subplan Name": "CTE cross_sales",
        "Parallel Aware": false,
        "Async Capable": false,
        "Startup Cost": 593220.87,
        "Total Cost": 630605.54,
        "Plan Rows": 1,
        "Plan Width": 266,
        "Actual Startup Time": 50281.756,
        "Actual Total Time": 50455.787,
        "Actual Rows": 0,
        "Actual Loops": 1,
        "Group Key": [
          "item.i_item_sk",
          "store.s_store_name",
          "store.s_zip",
          "ad1.ca_street_number",
          "ad1.ca_street_name",
          "ad1.ca_city",
          "ad1.ca_zip",
          "ad2.ca_street_number",
          "ad2.ca_street_name",
          "ad2.ca_city",
          "ad2.ca_zip",
          "d1.d_year",
          "d2.d_year",
          "d3.d_year"
        ],
        "Plans": [
          {
            "Node Type": "Incremental Sort",
            "Parent Relationship": "Outer",
            "Parallel Aware": false,
            "Async Capable": false,
            "Startup Cost": 593220.87,
            "Total Cost": 630605.44,
            "Plan Rows": 2,
            "Plan Width": 177,
            "Actual Startup Time": 50281.755,
            "Actual Total Time": 50455.786,
            "Actual Rows": 0,
            "Actual Loops": 1,
            "Sort Key": [
              "item.i_item_sk",
              "store.s_store_name",
              "store.s_zip",
              "ad1.ca_street_number",
              "ad1.ca_street_name",
              "ad1.ca_city",
              "ad1.ca_zip",
              "ad2.ca_street_number",
              "ad2.ca_street_name",
              "ad2.ca_city",
              "ad2.ca_zip",
              "d1.d_year",
              "d2.d_year",
              "d3.d_year"
            ],
            "Presorted Key": [
              "item.i_item_sk"
            ],
            "Full-sort Groups": {
              "Group Count": 1,
              "Sort Methods Used": [
                "quicksort"
              ],
              "Sort Space Memory": {
                "Average Sort Space Used": 25,
                "Peak Sort Space Used": 25
              }
            },
            "Plans": [
              {
                "Node Type": "Nested Loop",
                "Parent Relationship": "Outer",
                "Parallel Aware": false,
                "Async Capable": false,
                "Join Type": "Inner",
                "Startup Cost": 555836.37,
                "Total Cost": 630605.35,
                "Plan Rows": 1,
                "Plan Width": 177,
                "Actual Startup Time": 50281.743,
                "Actual Total Time": 50455.774,
                "Actual Rows": 0,
                "Actual Loops": 1,
                "Inner Unique": true,
                "Plans": [
                  {
                    "Node Type": "Nested Loop",
                    "Parent Relationship": "Outer",
                    "Parallel Aware": false,
                    "Async Capable": false,
                    "Join Type": "Inner",
                    "Startup Cost": 555836.23,
                    "Total Cost": 630605.19,
                    "Plan Rows": 1,
                    "Plan Width": 181,
                    "Actual Startup Time": 50281.743,
                    "Actual Total Time": 50455.773,
                    "Actual Rows": 0,
                    "Actual Loops": 1,
                    "Inner Unique": true,
                    "Plans": [
                      {
                        "Node Type": "Nested Loop",
                        "Parent Relationship": "Outer",
                        "Parallel Aware": false,
                        "Async Capable": false,
                        "Join Type": "Inner",
                        "Startup Cost": 555835.81,
                        "Total Cost": 630602.61,
                        "Plan Rows": 1,
                        "Plan Width": 145,
                        "Actual Startup Time": 26861.329,
                        "Actual Total Time": 50454.519,
                        "Actual Rows": 14,
                        "Actual Loops": 1,
                        "Inner Unique": true,
                        "Plans": [
                          {
                            "Node Type": "Nested Loop",
                            "Parent Relationship": "Outer",
                            "Parallel Aware": false,
                            "Async Capable": false,
                            "Join Type": "Inner",
                            "Startup Cost": 555835.54,
                            "Total Cost": 630600.32,
                            "Plan Rows": 1,
                            "Plan Width": 149,
                            "Actual Startup Time": 23332.394,
                            "Actual Total Time": 50448.045,
                            "Actual Rows": 229,
                            "Actual Loops": 1,
                            "Inner Unique": true,
                            "Join Filter": "(cd1.cd_marital_status <> cd2.cd_marital_status)",
                            "Rows Removed by Join Filter": 213,
                            "Plans": [
                              {
                                "Node Type": "Nested Loop",
                                "Parent Relationship": "Outer",
                                "Parallel Aware": false,
                                "Async Capable": false,
                                "Join Type": "Inner",
                                "Startup Cost": 555835.11,
                                "Total Cost": 630597.62,
                                "Plan Rows": 1,
                                "Plan Width": 155,
                                "Actual Startup Time": 23266.355,
                                "Actual Total Time": 49726.349,
                                "Actual Rows": 1745,
                                "Actual Loops": 1,
                                "Inner Unique": true,
                                "Plans": [
                                  {
                                    "Node Type": "Nested Loop",
                                    "Parent Relationship": "Outer",
                                    "Parallel Aware": false,
                                    "Async Capable": false,
                                    "Join Type": "Inner",
                                    "Startup Cost": 555834.98,
                                    "Total Cost": 630597.46,
                                    "Plan Rows": 1,
                                    "Plan Width": 159,
                                    "Actual Startup Time": 23266.341,
                                    "Actual Total Time": 49721.192,
                                    "Actual Rows": 1745,
                                    "Actual Loops": 1,
                                    "Inner Unique": true,
                                    "Plans": [
                                      {
                                        "Node Type": "Nested Loop",
                                        "Parent Relationship": "Outer",
                                        "Parallel Aware": false,
                                        "Async Capable": false,
                                        "Join Type": "Inner",
                                        "Startup Cost": 555834.68,
                                        "Total Cost": 630596.08,
                                        "Plan Rows": 1,
                                        "Plan Width": 159,
                                        "Actual Startup Time": 23266.229,
                                        "Actual Total Time": 49717.691,
                                        "Actual Rows": 1760,
                                        "Actual Loops": 1,
                                        "Inner Unique": true,
                                        "Plans": [
                                          {
                                            "Node Type": "Nested Loop",
                                            "Parent Relationship": "Outer",
                                            "Parallel Aware": false,
                                            "Async Capable": false,
                                            "Join Type": "Inner",
                                            "Startup Cost": 555834.4,
                                            "Total Cost": 630593.89,
                                            "Plan Rows": 1,
                                            "Plan Width": 159,
                                            "Actual Startup Time": 23265.838,
                                            "Actual Total Time": 49708.682,
                                            "Actual Rows": 1791,
                                            "Actual Loops": 1,
                                            "Inner Unique": true,
                                            "Plans": [
                                              {
                                                "Node Type": "Nested Loop",
                                                "Parent Relationship": "Outer",
                                                "Parallel Aware": false,
                                                "Async Capable": false,
                                                "Join Type": "Inner",
                                                "Startup Cost": 555834.11,
                                                "Total Cost": 630592.52,
                                                "Plan Rows": 1,
                                                "Plan Width": 159,
                                                "Actual Startup Time": 23265.753,
                                                "Actual Total Time": 49700.632,
                                                "Actual Rows": 1864,
                                                "Actual Loops": 1,
                                                "Inner Unique": true,
                                                "Plans": [
                                                  {
                                                    "Node Type": "Nested Loop",
                                                    "Parent Relationship": "Outer",
                                                    "Parallel Aware": false,
                                                    "Async Capable": false,
                                                    "Join Type": "Inner",
                                                    "Startup Cost": 555833.69,
                                                    "Total Cost": 630589.95,
                                                    "Plan Rows": 1,
                                                    "Plan Width": 143,
                                                    "Actual Startup Time": 23265.582,
                                                    "Actual Total Time": 49427.388,
                                                    "Actual Rows": 1864,
                                                    "Actual Loops": 1,
                                                    "Inner Unique": true,
                                                    "Plans": [
                                                      {
                                                        "Node Type": "Nested Loop",
                                                        "Parent Relationship": "Outer",
                                                        "Parallel Aware": false,
                                                        "Async Capable": false,
                                                        "Join Type": "Inner",
                                                        "Startup Cost": 555833.54,
                                                        "Total Cost": 630588.98,
                                                        "Plan Rows": 1,
                                                        "Plan Width": 132,
                                                        "Actual Startup Time": 23265.57,
                                                        "Actual Total Time": 49418.509,
                                                        "Actual Rows": 1866,
                                                        "Actual Loops": 1,
                                                        "Inner Unique": true,
                                                        "Plans": [
                                                          {
                                                            "Node Type": "Nested Loop",
                                                            "Parent Relationship": "Outer",
                                                            "Parallel Aware": false,
                                                            "Async Capable": false,
                                                            "Join Type": "Inner",
                                                            "Startup Cost": 555833.12,
                                                            "Total Cost": 630586.37,
                                                            "Plan Rows": 1,
                                                            "Plan Width": 134,
                                                            "Actual Startup Time": 23238.211,
                                                            "Actual Total Time": 47573.0,
                                                            "Actual Rows": 7110,
                                                            "Actual Loops": 1,
                                                            "Inner Unique": true,
                                                            "Plans": [
                                                              {
                                                                "Node Type": "Nested Loop",
                                                                "Parent Relationship": "Outer",
                                                                "Parallel Aware": false,
                                                                "Async Capable": false,
                                                                "Join Type": "Inner",
                                                                "Startup Cost": 555832.82,
                                                                "Total Cost": 630584.99,
                                                                "Plan Rows": 1,
                                                                "Plan Width": 134,
                                                                "Actual Startup Time": 23237.283,
                                                                "Actual Total Time": 47546.084,
                                                                "Actual Rows": 7163,
                                                                "Actual Loops": 1,
                                                                "Inner Unique": true,
                                                                "Plans": [
                                                                  {
                                                                    "Node Type": "Nested Loop",
                                                                    "Parent Relationship": "Outer",
                                                                    "Parallel Aware": false,
                                                                    "Async Capable": false,
                                                                    "Join Type": "Inner",
                                                                    "Startup Cost": 555832.4,
                                                                    "Total Cost": 630582.44,
                                                                    "Plan Rows": 1,
                                                                    "Plan Width": 98,
                                                                    "Actual Startup Time": 23236.88,
                                                                    "Actual Total Time": 46796.992,
                                                                    "Actual Rows": 7257,
                                                                    "Actual Loops": 1,
                                                                    "Inner Unique": true,
                                                                    "Plans": [
                                                                      {
                                                                        "Node Type": "Nested Loop",
                                                                        "Parent Relationship": "Outer",
                                                                        "Parallel Aware": false,
                                                                        "Async Capable": false,
                                                                        "Join Type": "Inner",
                                                                        "Startup Cost": 555832.12,
                                                                        "Total Cost": 630580.25,
                                                                        "Plan Rows": 1,
                                                                        "Plan Width": 98,
                                                                        "Actual Startup Time": 23236.457,
                                                                        "Actual Total Time": 46752.721,
                                                                        "Actual Rows": 7425,
                                                                        "Actual Loops": 1,
                                                                        "Inner Unique": true,
                                                                        "Join Filter": "(store_sales.ss_item_sk = item.i_item_sk)",
                                                                        "Rows Removed by Join Filter": 0,
                                                                        "Plans": [
                                                                          {
                                                                            "Node Type": "Nested Loop",
                                                                            "Parent Relationship": "Outer",
                                                                            "Parallel Aware": false,
                                                                            "Async Capable": false,
                                                                            "Join Type": "Inner",
                                                                            "Startup Cost": 555831.68,
                                                                            "Total Cost": 609282.72,
                                                                            "Plan Rows": 6492,
                                                                            "Plan Width": 67,
                                                                            "Actual Startup Time": 23235.019,
                                                                            "Actual Total Time": 35109.794,
                                                                            "Actual Rows": 30779,
                                                                            "Actual Loops": 1,
                                                                            "Inner Unique": false,
                                                                            "Join Filter": "(store_returns.sr_item_sk = item.i_item_sk)",
                                                                            "Rows Removed by Join Filter": 0,
                                                                            "Plans": [
                                                                              {
                                                                                "Node Type": "Merge Join",
                                                                                "Parent Relationship": "Outer",
                                                                                "Parallel Aware": false,
                                                                                "Async Capable": false,
                                                                                "Join Type": "Inner",
                                                                                "Startup Cost": 555822.86,
                                                                                "Total Cost": 573545.43,
                                                                                "Plan Rows": 92,
                                                                                "Plan Width": 59,
                                                                                "Actual Startup Time": 23234.102,
                                                                                "Actual Total Time": 24157.741,
                                                                                "Actual Rows": 823,
                                                                                "Actual Loops": 1,
                                                                                "Inner Unique": true,
                                                                                "Merge Cond": "(item.i_item_sk = catalog_sales.cs_item_sk)",
                                                                                "Plans": [
                                                                                  {
                                                                                    "Node Type": "Index Scan",
                                                                                    "Parent Relationship": "Outer",
                                                                                    "Parallel Aware": false,
                                                                                    "Async Capable": false,
                                                                                    "Scan Direction": "Forward",
                                                                                    "Index Name": "item_pkey",
                                                                                    "Relation Name": "item",
                                                                                    "Alias": "item",
                                                                                    "Startup Cost": 0.29,
                                                                                    "Total Cost": 10324.25,
                                                                                    "Plan Rows": 1214,
                                                                                    "Plan Width": 55,
                                                                                    "Actual Startup Time": 859.789,
                                                                                    "Actual Total Time": 1455.229,
                                                                                    "Actual Rows": 1176,
                                                                                    "Actual Loops": 1,
                                                                                    "Filter": "((i_current_price >= '26'::numeric) AND (i_current_price <= '36'::numeric))",
                                                                                    "Rows Removed by Filter": 100824
                                                                                  },
                                                                                  {
                                                                                    "Node Type": "Aggregate",
                                                                                    "Strategy": "Sorted",
                                                                                    "Partial Mode": "Finalize",
                                                                                    "Parent Relationship": "Inner",
                                                                                    "Parallel Aware": false,
                                                                                    "Async Capable": false,
                                                                                    "Startup Cost": 555822.57,
                                                                                    "Total Cost": 563120.25,
                                                                                    "Plan Rows": 7759,
                                                                                    "Plan Width": 68,
                                                                                    "Actual Startup Time": 22373.307,
                                                                                    "Actual Total Time": 22698.245,
                                                                                    "Actual Rows": 69776,
                                                                                    "Actual Loops": 1,
                                                                                    "Group Key": [
                                                                                      "catalog_sales.cs_item_sk"
                                                                                    ],
                                                                                    "Filter": "(sum(catalog_sales.cs_ext_list_price) > ('2'::numeric * sum(((catalog_returns.cr_refunded_cash + catalog_returns.cr_reversed_charge) + catalog_returns.cr_store_credit))))",
                                                                                    "Rows Removed by Filter": 9466,
                                                                                    "Plans": [
                                                                                      {
                                                                                        "Node Type": "Gather Merge",
                                                                                        "Parent Relationship": "Outer",
                                                                                        "Parallel Aware": false,
                                                                                        "Async Capable": false,
                                                                                        "Startup Cost": 555822.57,
                                                                                        "Total Cost": 562072.74,
                                                                                        "Plan Rows": 46556,
                                                                                        "Plan Width": 68,
                                                                                        "Actual Startup Time": 22373.277,
                                                                                        "Actual Total Time": 22628.917,
                                                                                        "Actual Rows": 130673,
                                                                                        "Actual Loops": 1,
                                                                                        "Workers Planned": 2,
                                                                                        "Workers Launched": 2,
                                                                                        "Plans": [
                                                                                          {
                                                                                            "Node Type": "Aggregate",
                                                                                            "Strategy": "Sorted",
                                                                                            "Partial Mode": "Partial",
                                                                                            "Parent Relationship": "Outer",
                                                                                            "Parallel Aware": false,
                                                                                            "Async Capable": false,
                                                                                            "Startup Cost": 554822.54,
                                                                                            "Total Cost": 555698.99,
                                                                                            "Plan Rows": 23278,
                                                                                            "Plan Width": 68,
                                                                                            "Actual Startup Time": 22351.425,
                                                                                            "Actual Total Time": 22411.85,
                                                                                            "Actual Rows": 43560,
                                                                                            "Actual Loops": 3,
                                                                                            "Group Key": [
                                                                                              "catalog_sales.cs_item_sk"
                                                                                            ],
                                                                                            "Workers": [],
                                                                                            "Plans": [
                                                                                              {
                                                                                                "Node Type": "Sort",
                                                                                                "Parent Relationship": "Outer",
                                                                                                "Parallel Aware": false,
                                                                                                "Async Capable": false,
                                                                                                "Startup Cost": 554822.54,
                                                                                                "Total Cost": 554910.42,
                                                                                                "Plan Rows": 35152,
                                                                                                "Plan Width": 28,
                                                                                                "Actual Startup Time": 22351.388,
                                                                                                "Actual Total Time": 22375.77,
                                                                                                "Actual Rows": 121974,
                                                                                                "Actual Loops": 3,
                                                                                                "Sort Key": [
                                                                                                  "catalog_sales.cs_item_sk"
                                                                                                ],
                                                                                                "Sort Method": "external merge",
                                                                                                "Sort Space Used": 4736,
                                                                                                "Sort Space Type": "Disk",
                                                                                                "Workers": [
                                                                                                  {
                                                                                                    "Worker Number": 0,
                                                                                                    "Sort Method": "external merge",
                                                                                                    "Sort Space Used": 5096,
                                                                                                    "Sort Space Type": "Disk"
                                                                                                  },
                                                                                                  {
                                                                                                    "Worker Number": 1,
                                                                                                    "Sort Method": "external merge",
                                                                                                    "Sort Space Used": 4848,
                                                                                                    "Sort Space Type": "Disk"
                                                                                                  }
                                                                                                ],
                                                                                                "Plans": [
                                                                                                  {
                                                                                                    "Node Type": "Hash Join",
                                                                                                    "Parent Relationship": "Outer",
                                                                                                    "Parallel Aware": true,
                                                                                                    "Async Capable": false,
                                                                                                    "Join Type": "Inner",
                                                                                                    "Startup Cost": 71654.2,
                                                                                                    "Total Cost": 552168.34,
                                                                                                    "Plan Rows": 35152,
                                                                                                    "Plan Width": 28,
                                                                                                    "Actual Startup Time": 21157.959,
                                                                                                    "Actual Total Time": 22196.155,
                                                                                                    "Actual Rows": 121974,
                                                                                                    "Actual Loops": 3,
                                                                                                    "Inner Unique": true,
                                                                                                    "Hash Cond": "((catalog_sales.cs_item_sk = catalog_returns.cr_item_sk) AND (catalog_sales.cs_order_number = catalog_returns.cr_order_number))",
                                                                                                    "Workers": [],
                                                                                                    "Plans": [
                                                                                                      {
                                                                                                        "Node Type": "Seq Scan",
                                                                                                        "Parent Relationship": "Outer",
                                                                                                        "Parallel Aware": true,
                                                                                                        "Async Capable": false,
                                                                                                        "Relation Name": "catalog_sales",
                                                                                                        "Alias": "catalog_sales",
                                                                                                        "Startup Cost": 0.0,
                                                                                                        "Total Cost": 459334.84,
                                                                                                        "Plan Rows": 1001009,
                                                                                                        "Plan Width": 14,
                                                                                                        "Actual Startup Time": 0.431,
                                                                                                        "Actual Total Time": 15102.611,
                                                                                                        "Actual Rows": 814012,
                                                                                                        "Actual Loops": 3,
                                                                                                        "Filter": "((cs_wholesale_cost >= '35'::numeric) AND (cs_wholesale_cost <= '55'::numeric))",
                                                                                                        "Rows Removed by Filter": 3985152,
                                                                                                        "Workers": []
                                                                                                      },
                                                                                                      {
                                                                                                        "Node Type": "Hash",
                                                                                                        "Parent Relationship": "Inner",
                                                                                                        "Parallel Aware": true,
                                                                                                        "Async Capable": false,
                                                                                                        "Startup Cost": 52016.88,
                                                                                                        "Total Cost": 52016.88,
                                                                                                        "Plan Rows": 899288,
                                                                                                        "Plan Width": 26,
                                                                                                        "Actual Startup Time": 5251.991,
                                                                                                        "Actual Total Time": 5251.993,
                                                                                                        "Actual Rows": 719420,
                                                                                                        "Actual Loops": 3,
                                                                                                        "Hash Buckets": 131072,
                                                                                                        "Original Hash Buckets": 131072,
                                                                                                        "Hash Batches": 32,
                                                                                                        "Original Hash Batches": 32,
                                                                                                        "Peak Memory Usage": 5248,
                                                                                                        "Workers": [],
                                                                                                        "Plans": [
                                                                                                          {
                                                                                                            "Node Type": "Seq Scan",
                                                                                                            "Parent Relationship": "Outer",
                                                                                                            "Parallel Aware": true,
                                                                                                            "Async Capable": false,
                                                                                                            "Relation Name": "catalog_returns",
                                                                                                            "Alias": "catalog_returns",
                                                                                                            "Startup Cost": 0.0,
                                                                                                            "Total Cost": 52016.88,
                                                                                                            "Plan Rows": 899288,
                                                                                                            "Plan Width": 26,
                                                                                                            "Actual Startup Time": 131.061,
                                                                                                            "Actual Total Time": 4570.59,
                                                                                                            "Actual Rows": 719420,
                                                                                                            "Actual Loops": 3,
                                                                                                            "Workers": []
                                                                                                          }
                                                                                                        ]
                                                                                                      }
                                                                                                    ]
                                                                                                  }
                                                                                                ]
                                                                                              }
                                                                                            ]
                                                                                          }
                                                                                        ]
                                                                                      }
                                                                                    ]
                                                                                  }
                                                                                ]
                                                                              },
                                                                              {
                                                                                "Node Type": "Bitmap Heap Scan",
                                                                                "Parent Relationship": "Inner",
                                                                                "Parallel Aware": false,
                                                                                "Async Capable": false,
                                                                                "Relation Name": "store_returns",
                                                                                "Alias": "store_returns",
                                                                                "Startup Cost": 8.82,
                                                                                "Total Cost": 384.61,
                                                                                "Plan Rows": 307,
                                                                                "Plan Width": 8,
                                                                                "Actual Startup Time": 0.652,
                                                                                "Actual Total Time": 13.283,
                                                                                "Actual Rows": 37,
                                                                                "Actual Loops": 823,
                                                                                "Recheck Cond": "(sr_item_sk = catalog_sales.cs_item_sk)",
                                                                                "Rows Removed by Index Recheck": 0,
                                                                                "Exact Heap Blocks": 30767,
                                                                                "Lossy Heap Blocks": 0,
                                                                                "Plans": [
                                                                                  {
                                                                                    "Node Type": "Bitmap Index Scan",
                                                                                    "Parent Relationship": "Outer",
                                                                                    "Parallel Aware": false,
                                                                                    "Async Capable": false,
                                                                                    "Index Name": "store_returns_pkey",
                                                                                    "Startup Cost": 0.0,
                                                                                    "Total Cost": 8.75,
                                                                                    "Plan Rows": 307,
                                                                                    "Plan Width": 0,
                                                                                    "Actual Startup Time": 0.402,
                                                                                    "Actual Total Time": 0.402,
                                                                                    "Actual Rows": 37,
                                                                                    "Actual Loops": 823,
                                                                                    "Index Cond": "(sr_item_sk = catalog_sales.cs_item_sk)"
                                                                                  }
                                                                                ]
                                                                              }
                                                                            ]
                                                                          },
                                                                          {
                                                                            "Node Type": "Index Scan",
                                                                            "Parent Relationship": "Inner",
                                                                            "Parallel Aware": false,
                                                                            "Async Capable": false,
                                                                            "Scan Direction": "Forward",
                                                                            "Index Name": "_dta_index_store_sales_6_1333579789__k10_k3",
                                                                            "Relation Name": "store_sales",
                                                                            "Alias": "store_sales",
                                                                            "Startup Cost": 0.44,
                                                                            "Total Cost": 3.27,
                                                                            "Plan Rows": 1,
                                                                            "Plan Width": 51,
                                                                            "Actual Startup Time": 0.377,
                                                                            "Actual Total Time": 0.377,
                                                                            "Actual Rows": 0,
                                                                            "Actual Loops": 30779,
                                                                            "Index Cond": "((ss_ticket_number = store_returns.sr_ticket_number) AND (ss_item_sk = store_returns.sr_item_sk))",
                                                                            "Rows Removed by Index Recheck": 0,
                                                                            "Filter": "((ss_wholesale_cost >= '35'::numeric) AND (ss_wholesale_cost <= '55'::numeric))",
                                                                            "Rows Removed by Filter": 1
                                                                          }
                                                                        ]
                                                                      },
                                                                      {
                                                                        "Node Type": "Index Scan",
                                                                        "Parent Relationship": "Inner",
                                                                        "Parallel Aware": false,
                                                                        "Async Capable": false,
                                                                        "Scan Direction": "Forward",
                                                                        "Index Name": "household_demographics_pkey",
                                                                        "Relation Name": "household_demographics",
                                                                        "Alias": "hd1",
                                                                        "Startup Cost": 0.28,
                                                                        "Total Cost": 2.19,
                                                                        "Plan Rows": 1,
                                                                        "Plan Width": 8,
                                                                        "Actual Startup Time": 0.004,
                                                                        "Actual Total Time": 0.004,
                                                                        "Actual Rows": 1,
                                                                        "Actual Loops": 7425,
                                                                        "Index Cond": "(hd_demo_sk = store_sales.ss_hdemo_sk)",
                                                                        "Rows Removed by Index Recheck": 0
                                                                      }
                                                                    ]
                                                                  },
                                                                  {
                                                                    "Node Type": "Index Scan",
                                                                    "Parent Relationship": "Inner",
                                                                    "Parallel Aware": false,
                                                                    "Async Capable": false,
                                                                    "Scan Direction": "Forward",
                                                                    "Index Name": "customer_address_pkey",
                                                                    "Relation Name": "customer_address",
                                                                    "Alias": "ad1",
                                                                    "Startup Cost": 0.42,
                                                                    "Total Cost": 2.55,
                                                                    "Plan Rows": 1,
                                                                    "Plan Width": 44,
                                                                    "Actual Startup Time": 0.102,
                                                                    "Actual Total Time": 0.102,
                                                                    "Actual Rows": 1,
                                                                    "Actual Loops": 7257,
                                                                    "Index Cond": "(ca_address_sk = store_sales.ss_addr_sk)",
                                                                    "Rows Removed by Index Recheck": 0
                                                                  }
                                                                ]
                                                              },
                                                              {
                                                                "Node Type": "Index Only Scan",
                                                                "Parent Relationship": "Inner",
                                                                "Parallel Aware": false,
                                                                "Async Capable": false,
                                                                "Scan Direction": "Forward",
                                                                "Index Name": "_dta_index_date_dim_6_661577395__k1_k7_k9",
                                                                "Relation Name": "date_dim",
                                                                "Alias": "d1",
                                                                "Startup Cost": 0.29,
                                                                "Total Cost": 1.37,
                                                                "Plan Rows": 1,
                                                                "Plan Width": 8,
                                                                "Actual Startup Time": 0.003,
                                                                "Actual Total Time": 0.003,
                                                                "Actual Rows": 1,
                                                                "Actual Loops": 7163,
                                                                "Index Cond": "(d_date_sk = store_sales.ss_sold_date_sk)",
                                                                "Rows Removed by Index Recheck": 0,
                                                                "Heap Fetches": 0
                                                              }
                                                            ]
                                                          },
                                                          {
                                                            "Node Type": "Index Scan",
                                                            "Parent Relationship": "Inner",
                                                            "Parallel Aware": false,
                                                            "Async Capable": false,
                                                            "Scan Direction": "Forward",
                                                            "Index Name": "customer_demographics_pkey",
                                                            "Relation Name": "customer_demographics",
                                                            "Alias": "cd1",
                                                            "Startup Cost": 0.43,
                                                            "Total Cost": 2.61,
                                                            "Plan Rows": 1,
                                                            "Plan Width": 6,
                                                            "Actual Startup Time": 0.259,
                                                            "Actual Total Time": 0.259,
                                                            "Actual Rows": 0,
                                                            "Actual Loops": 7110,
                                                            "Index Cond": "(cd_demo_sk = store_sales.ss_cdemo_sk)",
                                                            "Rows Removed by Index Recheck": 0,
                                                            "Filter": "((cd_marital_status = ANY ('{M,M,U}'::bpchar[])) AND (cd_education_status = ANY ('{Unknown,\"Advanced Degree\",College}'::bpchar[])))",
                                                            "Rows Removed by Filter": 1
                                                          }
                                                        ]
                                                      },
                                                      {
                                                        "Node Type": "Index Scan",
                                                        "Parent Relationship": "Inner",
                                                        "Parallel Aware": false,
                                                        "Async Capable": false,
                                                        "Scan Direction": "Forward",
                                                        "Index Name": "_dta_index_store_6_885578193__k1_2_6",
                                                        "Relation Name": "store",
                                                        "Alias": "store",
                                                        "Startup Cost": 0.14,
                                                        "Total Cost": 0.96,
                                                        "Plan Rows": 1,
                                                        "Plan Width": 19,
                                                        "Actual Startup Time": 0.002,
                                                        "Actual Total Time": 0.002,
                                                        "Actual Rows": 1,
                                                        "Actual Loops": 1866,
                                                        "Index Cond": "(s_store_sk = store_sales.ss_store_sk)",
                                                        "Rows Removed by Index Recheck": 0
                                                      }
                                                    ]
                                                  },
                                                  {
                                                    "Node Type": "Index Scan",
                                                    "Parent Relationship": "Inner",
                                                    "Parallel Aware": false,
                                                    "Async Capable": false,
                                                    "Scan Direction": "Forward",
                                                    "Index Name": "_dta_index_customer_6_949578421__k1_k5",
                                                    "Relation Name": "customer",
                                                    "Alias": "customer",
                                                    "Startup Cost": 0.42,
                                                    "Total Cost": 2.56,
                                                    "Plan Rows": 1,
                                                    "Plan Width": 24,
                                                    "Actual Startup Time": 0.145,
                                                    "Actual Total Time": 0.145,
                                                    "Actual Rows": 1,
                                                    "Actual Loops": 1864,
                                                    "Index Cond": "(c_customer_sk = store_sales.ss_customer_sk)",
                                                    "Rows Removed by Index Recheck": 0
                                                  }
                                                ]
                                              },
                                              {
                                                "Node Type": "Index Only Scan",
                                                "Parent Relationship": "Inner",
                                                "Parallel Aware": false,
                                                "Async Capable": false,
                                                "Scan Direction": "Forward",
                                                "Index Name": "_dta_index_date_dim_6_661577395__k1_k7_k9",
                                                "Relation Name": "date_dim",
                                                "Alias": "d3",
                                                "Startup Cost": 0.29,
                                                "Total Cost": 1.37,
                                                "Plan Rows": 1,
                                                "Plan Width": 8,
                                                "Actual Startup Time": 0.003,
                                                "Actual Total Time": 0.003,
                                                "Actual Rows": 1,
                                                "Actual Loops": 1864,
                                                "Index Cond": "(d_date_sk = customer.c_first_shipto_date_sk)",
                                                "Rows Removed by Index Recheck": 0,
                                                "Heap Fetches": 0
                                              }
                                            ]
                                          },
                                          {
                                            "Node Type": "Index Scan",
                                            "Parent Relationship": "Inner",
                                            "Parallel Aware": false,
                                            "Async Capable": false,
                                            "Scan Direction": "Forward",
                                            "Index Name": "household_demographics_pkey",
                                            "Relation Name": "household_demographics",
                                            "Alias": "hd2",
                                            "Startup Cost": 0.28,
                                            "Total Cost": 2.19,
                                            "Plan Rows": 1,
                                            "Plan Width": 8,
                                            "Actual Startup Time": 0.004,
                                            "Actual Total Time": 0.004,
                                            "Actual Rows": 1,
                                            "Actual Loops": 1791,
                                            "Index Cond": "(hd_demo_sk = customer.c_current_hdemo_sk)",
                                            "Rows Removed by Index Recheck": 0
                                          }
                                        ]
                                      },
                                      {
                                        "Node Type": "Index Only Scan",
                                        "Parent Relationship": "Inner",
                                        "Parallel Aware": false,
                                        "Async Capable": false,
                                        "Scan Direction": "Forward",
                                        "Index Name": "_dta_index_date_dim_6_661577395__k1_k7_k9",
                                        "Relation Name": "date_dim",
                                        "Alias": "d2",
                                        "Startup Cost": 0.29,
                                        "Total Cost": 1.37,
                                        "Plan Rows": 1,
                                        "Plan Width": 8,
                                        "Actual Startup Time": 0.001,
                                        "Actual Total Time": 0.001,
                                        "Actual Rows": 1,
                                        "Actual Loops": 1760,
                                        "Index Cond": "(d_date_sk = customer.c_first_sales_date_sk)",
                                        "Rows Removed by Index Recheck": 0,
                                        "Heap Fetches": 0
                                      }
                                    ]
                                  },
                                  {
                                    "Node Type": "Index Only Scan",
                                    "Parent Relationship": "Inner",
                                    "Parallel Aware": false,
                                    "Async Capable": false,
                                    "Scan Direction": "Forward",
                                    "Index Name": "income_band_pkey",
                                    "Relation Name": "income_band",
                                    "Alias": "ib2",
                                    "Startup Cost": 0.14,
                                    "Total Cost": 0.16,
                                    "Plan Rows": 1,
                                    "Plan Width": 4,
                                    "Actual Startup Time": 0.002,
                                    "Actual Total Time": 0.002,
                                    "Actual Rows": 1,
                                    "Actual Loops": 1745,
                                    "Index Cond": "(ib_income_band_sk = hd2.hd_income_band_sk)",
                                    "Rows Removed by Index Recheck": 0,
                                    "Heap Fetches": 1745
                                  }
                                ]
                              },
                              {
                                "Node Type": "Index Scan",
                                "Parent Relationship": "Inner",
                                "Parallel Aware": false,
                                "Async Capable": false,
                                "Scan Direction": "Forward",
                                "Index Name": "customer_demographics_pkey",
                                "Relation Name": "customer_demographics",
                                "Alias": "cd2",
                                "Startup Cost": 0.43,
                                "Total Cost": 2.7,
                                "Plan Rows": 1,
                                "Plan Width": 6,
                                "Actual Startup Time": 0.412,
                                "Actual Total Time": 0.412,
                                "Actual Rows": 0,
                                "Actual Loops": 1745,
                                "Index Cond": "(cd_demo_sk = customer.c_current_cdemo_sk)",
                                "Rows Removed by Index Recheck": 0,
                                "Filter": "((cd_marital_status = ANY ('{M,M,U}'::bpchar[])) AND (cd_education_status = ANY ('{Unknown,\"Advanced Degree\",College}'::bpchar[])))",
                                "Rows Removed by Filter": 1
                              }
                            ]
                          },
                          {
                            "Node Type": "Index Scan",
                            "Parent Relationship": "Inner",
                            "Parallel Aware": false,
                            "Async Capable": false,
                            "Scan Direction": "Forward",
                            "Index Name": "promotion_pkey",
                            "Relation Name": "promotion",
                            "Alias": "promotion",
                            "Startup Cost": 0.27,
                            "Total Cost": 2.22,
                            "Plan Rows": 1,
                            "Plan Width": 4,
                            "Actual Startup Time": 0.026,
                            "Actual Total Time": 0.026,
                            "Actual Rows": 0,
                            "Actual Loops": 229,
                            "Index Cond": "(p_promo_sk = store_sales.ss_promo_sk)",
                            "Rows Removed by Index Recheck": 0,
                            "Filter": "((p_channel_email = 'N'::bpchar) AND (p_channel_radio = 'N'::bpchar) AND (p_channel_tv = 'Y'::bpchar))",
                            "Rows Removed by Filter": 1
                          }
                        ]
                      },
                      {
                        "Node Type": "Index Scan",
                        "Parent Relationship": "Inner",
                        "Parallel Aware": false,
                        "Async Capable": false,
                        "Scan Direction": "Forward",
                        "Index Name": "customer_address_pkey",
                        "Relation Name": "customer_address",
                        "Alias": "ad2",
                        "Startup Cost": 0.42,
                        "Total Cost": 2.57,
                        "Plan Rows": 1,
                        "Plan Width": 44,
                        "Actual Startup Time": 0.088,
                        "Actual Total Time": 0.088,
                        "Actual Rows": 0,
                        "Actual Loops": 14,
                        "Index Cond": "(ca_address_sk = customer.c_current_addr_sk)",
                        "Rows Removed by Index Recheck": 0,
                        "Filter": "(ca_state = ANY ('{IA,IL,TX}'::bpchar[]))",
                        "Rows Removed by Filter": 1
                      }
                    ]
                  },
                  {
                    "Node Type": "Index Only Scan",
                    "Parent Relationship": "Inner",
                    "Parallel Aware": false,
                    "Async Capable": false,
                    "Scan Direction": "Forward",
                    "Index Name": "income_band_pkey",
                    "Relation Name": "income_band",
                    "Alias": "ib1",
                    "Startup Cost": 0.14,
                    "Total Cost": 0.16,
                    "Plan Rows": 1,
                    "Plan Width": 4,
                    "Actual Startup Time": 0.0,
                    "Actual Total Time": 0.0,
                    "Actual Rows": 0,
                    "Actual Loops": 0,
                    "Index Cond": "(ib_income_band_sk = hd1.hd_income_band_sk)",
                    "Rows Removed by Index Recheck": 0,
                    "Heap Fetches": 0
                  }
                ]
              }
            ]
          }
        ]
      },
      {
        "Node Type": "Nested Loop",
        "Parent Relationship": "Outer",
        "Parallel Aware": false,
        "Async Capable": false,
        "Join Type": "Inner",
        "Startup Cost": 0.0,
        "Total Cost": 0.07,
        "Plan Rows": 1,
        "Plan Width": 1310,
        "Actual Startup Time": 50281.757,
        "Actual Total Time": 50281.758,
        "Actual Rows": 0,
        "Actual Loops": 1,
        "Inner Unique": false,
        "Join Filter": "((cs2.cnt <= cs1.cnt) AND (cs1.item_sk = cs2.item_sk) AND ((cs1.store_name)::text = (cs2.store_name)::text) AND (cs1.store_zip = cs2.store_zip))",
        "Rows Removed by Join Filter": 0,
        "Plans": [
          {
            "Node Type": "CTE Scan",
            "Parent Relationship": "Outer",
            "Parallel Aware": false,
            "Async Capable": false,
            "CTE Name": "cross_sales",
            "Alias": "cs1",
            "Startup Cost": 0.0,
            "Total Cost": 0.02,
            "Plan Rows": 1,
            "Plan Width": 1206,
            "Actual Startup Time": 50281.757,
            "Actual Total Time": 50281.757,
            "Actual Rows": 0,
            "Actual Loops": 1,
            "Filter": "(syear = 1998)",
            "Rows Removed by Filter": 0
          },
          {
            "Node Type": "CTE Scan",
            "Parent Relationship": "Inner",
            "Parallel Aware": false,
            "Async Capable": false,
            "CTE Name": "cross_sales",
            "Alias": "cs2",
            "Startup Cost": 0.0,
            "Total Cost": 0.02,
            "Plan Rows": 1,
            "Plan Width": 274,
            "Actual Startup Time": 0.0,
            "Actual Total Time": 0.0,
            "Actual Rows": 0,
            "Actual Loops": 0,
            "Filter": "(syear = 1999)",
            "Rows Removed by Filter": 0
          }
        ]
      }
    ]
  },
  "actual_rows": 0,
  "provenance": {
    "database": "postgres://jakc9:jakc9@127.0.0.1:5434/dsb_sf10",
    "scale_factor": 10,
    "engine": "postgresql",
    "engine_version": "14.3",
    "cached_at": "2026-02-09T21:05:40.572413"
  }
}