{
  "execution_time_ms": 6787.468,
  "plan_text": "Limit  (rows=2, time=6777.646)\n  Sort  (rows=2, time=6763.797)\n    Nested Loop  (rows=2, time=6763.768)\n      Merge Join  (rows=53, time=6756.603)\n        Aggregate  (rows=6666, time=4371.499)\n          Gather Merge  (rows=6863, time=4369.525)\n            Aggregate  (rows=2696, time=2404.764)\n              Sort  (rows=5097, time=2403.768)\n                Nested Loop  (rows=36809, time=2380.079)\n                  Index Only Scan on date_dim  (rows=122, time=10.531)\n                  Index Only Scan on store_sales  (rows=303, time=19.425)\n        Materialize  (rows=1, time=2384.823)\n          Merge Join  (rows=1, time=2384.801)\n            Sort  (rows=7, time=0.42)\n              Seq Scan on store  (rows=7, time=0.404)\n            Aggregate  (rows=22, time=2384.361)\n              Aggregate  (rows=23814, time=2383.407)\n                Gather Merge  (rows=24593, time=2376.453)\n                  Aggregate  (rows=8524, time=1274.325)\n                    Sort  (rows=16383, time=1271.481)\n                      Nested Loop  (rows=36809, time=1249.05)\n                        Index Only Scan on date_dim (date_dim_1)  (rows=122, time=9.668)\n                        Index Only Scan on store_sales (store_sales_1)  (rows=303, time=10.141)\n      Index Scan on item  (rows=0, time=0.134)",
  "plan_json": {
    "Node Type": "Limit",
    "Parallel Aware": false,
    "Async Capable": false,
    "Startup Cost": 245777.6,
    "Total Cost": 245777.61,
    "Plan Rows": 1,
    "Plan Width": 201,
    "Actual Startup Time": 6765.075,
    "Actual Total Time": 6777.646,
    "Actual Rows": 2,
    "Actual Loops": 1,
    "Plans": [
      {
        "Node Type": "Sort",
        "Parent Relationship": "Outer",
        "Parallel Aware": false,
        "Async Capable": false,
        "Startup Cost": 245777.6,
        "Total Cost": 245777.61,
        "Plan Rows": 1,
        "Plan Width": 201,
        "Actual Startup Time": 6751.227,
        "Actual Total Time": 6763.797,
        "Actual Rows": 2,
        "Actual Loops": 1,
        "Sort Key": [
          "store.s_store_name",
          "item.i_item_desc"
        ],
        "Sort Method": "quicksort",
        "Sort Space Used": 25,
        "Sort Space Type": "Memory",
        "Plans": [
          {
            "Node Type": "Nested Loop",
            "Parent Relationship": "Outer",
            "Parallel Aware": false,
            "Async Capable": false,
            "Join Type": "Inner",
            "Startup Cost": 245515.7,
            "Total Cost": 245777.59,
            "Plan Rows": 1,
            "Plan Width": 201,
            "Actual Startup Time": 6749.722,
            "Actual Total Time": 6763.768,
            "Actual Rows": 2,
            "Actual Loops": 1,
            "Inner Unique": true,
            "Plans": [
              {
                "Node Type": "Merge Join",
                "Parent Relationship": "Outer",
                "Parallel Aware": false,
                "Async Capable": false,
                "Join Type": "Inner",
                "Startup Cost": 245515.41,
                "Total Cost": 245726.92,
                "Plan Rows": 9,
                "Plan Width": 40,
                "Actual Startup Time": 6743.545,
                "Actual Total Time": 6756.603,
                "Actual Rows": 53,
                "Actual Loops": 1,
                "Inner Unique": false,
                "Merge Cond": "(store_sales.ss_store_sk = store_sales_1.ss_store_sk)",
                "Join Filter": "((sum(store_sales.ss_sales_price)) <= (0.1 * (avg((sum(store_sales_1.ss_sales_price))))))",
                "Rows Removed by Join Filter": 316,
                "Plans": [
                  {
                    "Node Type": "Aggregate",
                    "Strategy": "Sorted",
                    "Partial Mode": "Finalize",
                    "Parent Relationship": "Outer",
                    "Parallel Aware": false,
                    "Async Capable": false,
                    "Startup Cost": 122754.45,
                    "Total Cost": 122848.19,
                    "Plan Rows": 742,
                    "Plan Width": 40,
                    "Actual Startup Time": 4361.593,
                    "Actual Total Time": 4371.499,
                    "Actual Rows": 6666,
                    "Actual Loops": 1,
                    "Group Key": [
                      "store_sales.ss_store_sk",
                      "store_sales.ss_item_sk"
                    ],
                    "Plans": [
                      {
                        "Node Type": "Gather Merge",
                        "Parent Relationship": "Outer",
                        "Parallel Aware": false,
                        "Async Capable": false,
                        "Startup Cost": 122754.45,
                        "Total Cost": 122832.74,
                        "Plan Rows": 618,
                        "Plan Width": 40,
                        "Actual Startup Time": 4361.559,
                        "Actual Total Time": 4369.525,
                        "Actual Rows": 6863,
                        "Actual Loops": 1,
                        "Workers Planned": 2,
                        "Workers Launched": 2,
                        "Plans": [
                          {
                            "Node Type": "Aggregate",
                            "Strategy": "Sorted",
                            "Partial Mode": "Partial",
                            "Parent Relationship": "Outer",
                            "Parallel Aware": false,
                            "Async Capable": false,
                            "Startup Cost": 121754.43,
                            "Total Cost": 121761.38,
                            "Plan Rows": 309,
                            "Plan Width": 40,
                            "Actual Startup Time": 2403.479,
                            "Actual Total Time": 2404.764,
                            "Actual Rows": 2696,
                            "Actual Loops": 3,
                            "Group Key": [
                              "store_sales.ss_store_sk",
                              "store_sales.ss_item_sk"
                            ],
                            "Workers": [],
                            "Plans": [
                              {
                                "Node Type": "Sort",
                                "Parent Relationship": "Outer",
                                "Parallel Aware": false,
                                "Async Capable": false,
                                "Startup Cost": 121754.43,
                                "Total Cost": 121755.2,
                                "Plan Rows": 309,
                                "Plan Width": 14,
                                "Actual Startup Time": 2403.442,
                                "Actual Total Time": 2403.768,
                                "Actual Rows": 5097,
                                "Actual Loops": 3,
                                "Sort Key": [
                                  "store_sales.ss_store_sk",
                                  "store_sales.ss_item_sk"
                                ],
                                "Sort Method": "quicksort",
                                "Sort Space Used": 2959,
                                "Sort Space Type": "Memory",
                                "Workers": [
                                  {
                                    "Worker Number": 0,
                                    "Sort Method": "external merge",
                                    "Sort Space Used": 1696,
                                    "Sort Space Type": "Disk"
                                  },
                                  {
                                    "Worker Number": 1,
                                    "Sort Method": "quicksort",
                                    "Sort Space Used": 358,
                                    "Sort Space Type": "Memory"
                                  }
                                ],
                                "Plans": [
                                  {
                                    "Node Type": "Nested Loop",
                                    "Parent Relationship": "Outer",
                                    "Parallel Aware": false,
                                    "Async Capable": false,
                                    "Join Type": "Inner",
                                    "Startup Cost": 0.98,
                                    "Total Cost": 121741.65,
                                    "Plan Rows": 309,
                                    "Plan Width": 14,
                                    "Actual Startup Time": 8.41,
                                    "Actual Total Time": 2380.079,
                                    "Actual Rows": 36809,
                                    "Actual Loops": 3,
                                    "Inner Unique": false,
                                    "Workers": [],
                                    "Plans": [
                                      {
                                        "Node Type": "Index Only Scan",
                                        "Parent Relationship": "Outer",
                                        "Parallel Aware": true,
                                        "Async Capable": false,
                                        "Scan Direction": "Forward",
                                        "Index Name": "_dta_index_date_dim_6_661577395__k7_k4_k9_k1",
                                        "Relation Name": "date_dim",
                                        "Alias": "date_dim",
                                        "Startup Cost": 0.42,
                                        "Total Cost": 1879.55,
                                        "Plan Rows": 164,
                                        "Plan Width": 4,
                                        "Actual Startup Time": 4.833,
                                        "Actual Total Time": 10.531,
                                        "Actual Rows": 122,
                                        "Actual Loops": 3,
                                        "Index Cond": "((d_month_seq >= 1215) AND (d_month_seq <= 1226))",
                                        "Rows Removed by Index Recheck": 0,
                                        "Heap Fetches": 0,
                                        "Workers": []
                                      },
                                      {
                                        "Node Type": "Index Only Scan",
                                        "Parent Relationship": "Inner",
                                        "Parallel Aware": false,
                                        "Async Capable": false,
                                        "Scan Direction": "Forward",
                                        "Index Name": "_dta_index_store_sales_6_1333579789__k1_k5_k8_k3_11_13_14_20",
                                        "Relation Name": "store_sales",
                                        "Alias": "store_sales",
                                        "Startup Cost": 0.56,
                                        "Total Cost": 730.2,
                                        "Plan Rows": 67,
                                        "Plan Width": 18,
                                        "Actual Startup Time": 0.179,
                                        "Actual Total Time": 19.425,
                                        "Actual Rows": 303,
                                        "Actual Loops": 365,
                                        "Index Cond": "(ss_sold_date_sk = date_dim.d_date_sk)",
                                        "Rows Removed by Index Recheck": 0,
                                        "Filter": "(((ss_sales_price / ss_list_price) >= 0.79) AND ((ss_sales_price / ss_list_price) <= 0.89))",
                                        "Rows Removed by Filter": 12857,
                                        "Heap Fetches": 0,
                                        "Workers": []
                                      }
                                    ]
                                  }
                                ]
                              }
                            ]
                          }
                        ]
                      }
                    ]
                  },
                  {
                    "Node Type": "Materialize",
                    "Parent Relationship": "Inner",
                    "Parallel Aware": false,
                    "Async Capable": false,
                    "Startup Cost": 122760.95,
                    "Total Cost": 122868.95,
                    "Plan Rows": 7,
                    "Plan Width": 44,
                    "Actual Startup Time": 2368.02,
                    "Actual Total Time": 2384.823,
                    "Actual Rows": 1,
                    "Actual Loops": 1,
                    "Plans": [
                      {
                        "Node Type": "Merge Join",
                        "Parent Relationship": "Outer",
                        "Parallel Aware": false,
                        "Async Capable": false,
                        "Join Type": "Inner",
                        "Startup Cost": 122760.95,
                        "Total Cost": 122868.93,
                        "Plan Rows": 7,
                        "Plan Width": 44,
                        "Actual Startup Time": 2368.012,
                        "Actual Total Time": 2384.801,
                        "Actual Rows": 1,
                        "Actual Loops": 1,
                        "Inner Unique": true,
                        "Merge Cond": "(store.s_store_sk = store_sales_1.ss_store_sk)",
                        "Plans": [
                          {
                            "Node Type": "Sort",
                            "Parent Relationship": "Outer",
                            "Parallel Aware": false,
                            "Async Capable": false,
                            "Startup Cost": 6.5,
                            "Total Cost": 6.52,
                            "Plan Rows": 7,
                            "Plan Width": 8,
                            "Actual Startup Time": 0.418,
                            "Actual Total Time": 0.42,
                            "Actual Rows": 7,
                            "Actual Loops": 1,
                            "Sort Key": [
                              "store.s_store_sk"
                            ],
                            "Sort Method": "quicksort",
                            "Sort Space Used": 25,
                            "Sort Space Type": "Memory",
                            "Plans": [
                              {
                                "Node Type": "Seq Scan",
                                "Parent Relationship": "Outer",
                                "Parallel Aware": false,
                                "Async Capable": false,
                                "Relation Name": "store",
                                "Alias": "store",
                                "Startup Cost": 0.0,
                                "Total Cost": 6.4,
                                "Plan Rows": 7,
                                "Plan Width": 8,
                                "Actual Startup Time": 0.109,
                                "Actual Total Time": 0.404,
                                "Actual Rows": 7,
                                "Actual Loops": 1,
                                "Filter": "(s_state = ANY ('{KS,OH,SD}'::bpchar[]))",
                                "Rows Removed by Filter": 95
                              }
                            ]
                          },
                          {
                            "Node Type": "Aggregate",
                            "Strategy": "Sorted",
                            "Partial Mode": "Simple",
                            "Parent Relationship": "Inner",
                            "Parallel Aware": false,
                            "Async Capable": false,
                            "Startup Cost": 122754.45,
                            "Total Cost": 122861.82,
                            "Plan Rows": 200,
                            "Plan Width": 36,
                            "Actual Startup Time": 2364.675,
                            "Actual Total Time": 2384.361,
                            "Actual Rows": 22,
                            "Actual Loops": 1,
                            "Group Key": [
                              "store_sales_1.ss_store_sk"
                            ],
                            "Plans": [
                              {
                                "Node Type": "Aggregate",
                                "Strategy": "Sorted",
                                "Partial Mode": "Finalize",
                                "Parent Relationship": "Outer",
                                "Parallel Aware": false,
                                "Async Capable": false,
                                "Startup Cost": 122754.45,
                                "Total Cost": 122848.19,
                                "Plan Rows": 742,
                                "Plan Width": 40,
                                "Actual Startup Time": 2363.465,
                                "Actual Total Time": 2383.407,
                                "Actual Rows": 23814,
                                "Actual Loops": 1,
                                "Group Key": [
                                  "store_sales_1.ss_store_sk",
                                  "store_sales_1.ss_item_sk"
                                ],
                                "Plans": [
                                  {
                                    "Node Type": "Gather Merge",
                                    "Parent Relationship": "Outer",
                                    "Parallel Aware": false,
                                    "Async Capable": false,
                                    "Startup Cost": 122754.45,
                                    "Total Cost": 122832.74,
                                    "Plan Rows": 618,
                                    "Plan Width": 40,
                                    "Actual Startup Time": 2363.429,
                                    "Actual Total Time": 2376.453,
                                    "Actual Rows": 24593,
                                    "Actual Loops": 1,
                                    "Workers Planned": 2,
                                    "Workers Launched": 2,
                                    "Plans": [
                                      {
                                        "Node Type": "Aggregate",
                                        "Strategy": "Sorted",
                                        "Partial Mode": "Partial",
                                        "Parent Relationship": "Outer",
                                        "Parallel Aware": false,
                                        "Async Capable": false,
                                        "Startup Cost": 121754.43,
                                        "Total Cost": 121761.38,
                                        "Plan Rows": 309,
                                        "Plan Width": 40,
                                        "Actual Startup Time": 1270.599,
                                        "Actual Total Time": 1274.325,
                                        "Actual Rows": 8524,
                                        "Actual Loops": 3,
                                        "Group Key": [
                                          "store_sales_1.ss_store_sk",
                                          "store_sales_1.ss_item_sk"
                                        ],
                                        "Workers": [],
                                        "Plans": [
                                          {
                                            "Node Type": "Sort",
                                            "Parent Relationship": "Outer",
                                            "Parallel Aware": false,
                                            "Async Capable": false,
                                            "Startup Cost": 121754.43,
                                            "Total Cost": 121755.2,
                                            "Plan Rows": 309,
                                            "Plan Width": 14,
                                            "Actual Startup Time": 1270.563,
                                            "Actual Total Time": 1271.481,
                                            "Actual Rows": 16383,
                                            "Actual Loops": 3,
                                            "Sort Key": [
                                              "store_sales_1.ss_store_sk",
                                              "store_sales_1.ss_item_sk"
                                            ],
                                            "Sort Method": "quicksort",
                                            "Sort Space Used": 2959,
                                            "Sort Space Type": "Memory",
                                            "Workers": [
                                              {
                                                "Worker Number": 0,
                                                "Sort Method": "external merge",
                                                "Sort Space Used": 1696,
                                                "Sort Space Type": "Disk"
                                              },
                                              {
                                                "Worker Number": 1,
                                                "Sort Method": "quicksort",
                                                "Sort Space Used": 358,
                                                "Sort Space Type": "Memory"
                                              }
                                            ],
                                            "Plans": [
                                              {
                                                "Node Type": "Nested Loop",
                                                "Parent Relationship": "Outer",
                                                "Parallel Aware": false,
                                                "Async Capable": false,
                                                "Join Type": "Inner",
                                                "Startup Cost": 0.98,
                                                "Total Cost": 121741.65,
                                                "Plan Rows": 309,
                                                "Plan Width": 14,
                                                "Actual Startup Time": 8.069,
                                                "Actual Total Time": 1249.05,
                                                "Actual Rows": 36809,
                                                "Actual Loops": 3,
                                                "Inner Unique": false,
                                                "Workers": [],
                                                "Plans": [
                                                  {
                                                    "Node Type": "Index Only Scan",
                                                    "Parent Relationship": "Outer",
                                                    "Parallel Aware": true,
                                                    "Async Capable": false,
                                                    "Scan Direction": "Forward",
                                                    "Index Name": "_dta_index_date_dim_6_661577395__k7_k4_k9_k1",
                                                    "Relation Name": "date_dim",
                                                    "Alias": "date_dim_1",
                                                    "Startup Cost": 0.42,
                                                    "Total Cost": 1879.55,
                                                    "Plan Rows": 164,
                                                    "Plan Width": 4,
                                                    "Actual Startup Time": 5.555,
                                                    "Actual Total Time": 9.668,
                                                    "Actual Rows": 122,
                                                    "Actual Loops": 3,
                                                    "Index Cond": "((d_month_seq >= 1215) AND (d_month_seq <= 1226))",
                                                    "Rows Removed by Index Recheck": 0,
                                                    "Heap Fetches": 0,
                                                    "Workers": []
                                                  },
                                                  {
                                                    "Node Type": "Index Only Scan",
                                                    "Parent Relationship": "Inner",
                                                    "Parallel Aware": false,
                                                    "Async Capable": false,
                                                    "Scan Direction": "Forward",
                                                    "Index Name": "_dta_index_store_sales_6_1333579789__k1_k5_k8_k3_11_13_14_20",
                                                    "Relation Name": "store_sales",
                                                    "Alias": "store_sales_1",
                                                    "Startup Cost": 0.56,
                                                    "Total Cost": 730.2,
                                                    "Plan Rows": 67,
                                                    "Plan Width": 18,
                                                    "Actual Startup Time": 0.07,
                                                    "Actual Total Time": 10.141,
                                                    "Actual Rows": 303,
                                                    "Actual Loops": 365,
                                                    "Index Cond": "(ss_sold_date_sk = date_dim_1.d_date_sk)",
                                                    "Rows Removed by Index Recheck": 0,
                                                    "Filter": "(((ss_sales_price / ss_list_price) >= 0.79) AND ((ss_sales_price / ss_list_price) <= 0.89))",
                                                    "Rows Removed by Filter": 12857,
                                                    "Heap Fetches": 0,
                                                    "Workers": []
                                                  }
                                                ]
                                              }
                                            ]
                                          }
                                        ]
                                      }
                                    ]
                                  }
                                ]
                              }
                            ]
                          }
                        ]
                      }
                    ]
                  }
                ]
              },
              {
                "Node Type": "Index Scan",
                "Parent Relationship": "Inner",
                "Parallel Aware": false,
                "Async Capable": false,
                "Scan Direction": "Forward",
                "Index Name": "item_pkey",
                "Relation Name": "item",
                "Alias": "item",
                "Startup Cost": 0.29,
                "Total Cost": 5.63,
                "Plan Rows": 1,
                "Plan Width": 169,
                "Actual Startup Time": 0.134,
                "Actual Total Time": 0.134,
                "Actual Rows": 0,
                "Actual Loops": 53,
                "Index Cond": "(i_item_sk = store_sales.ss_item_sk)",
                "Rows Removed by Index Recheck": 0,
                "Filter": "((i_manager_id >= 10) AND (i_manager_id <= 14))",
                "Rows Removed by Filter": 1
              }
            ]
          }
        ]
      }
    ]
  },
  "actual_rows": 2,
  "provenance": {
    "database": "postgres://jakc9:jakc9@127.0.0.1:5434/dsb_sf10",
    "scale_factor": 10,
    "engine": "postgresql",
    "engine_version": "14.3",
    "cached_at": "2026-02-09T21:05:48.972804"
  }
}