{
  "execution_time_ms": 11064.039,
  "plan_text": "Limit  (rows=5, time=11054.761)\n  Sort  (rows=5, time=11034.353)\n    Aggregate  (rows=5, time=11034.321)\n      Sort  (rows=1, time=11034.271)\n        Nested Loop  (rows=1, time=11034.264)\n          Gather  (rows=22, time=11029.404)\n            Nested Loop  (rows=7, time=6134.595)\n              Nested Loop  (rows=158, time=6077.109)\n                Nested Loop  (rows=1466, time=5690.444)\n                  Nested Loop  (rows=12994, time=5291.318)\n                    Index Only Scan on date_dim  (rows=122, time=10.382)\n                    Index Scan on catalog_sales  (rows=107, time=43.321)\n                  Index Scan on item  (rows=0, time=0.03)\n                Index Scan on customer  (rows=0, time=0.263)\n              Index Scan on customer_demographics  (rows=0, time=0.361)\n          Index Scan on customer_address  (rows=0, time=0.218)",
  "plan_json": {
    "Node Type": "Limit",
    "Parallel Aware": false,
    "Async Capable": false,
    "Startup Cost": 134390.98,
    "Total Cost": 134390.99,
    "Plan Rows": 5,
    "Plan Width": 240,
    "Actual Startup Time": 11054.699,
    "Actual Total Time": 11054.761,
    "Actual Rows": 5,
    "Actual Loops": 1,
    "Plans": [
      {
        "Node Type": "Sort",
        "Parent Relationship": "Outer",
        "Parallel Aware": false,
        "Async Capable": false,
        "Startup Cost": 134390.98,
        "Total Cost": 134390.99,
        "Plan Rows": 5,
        "Plan Width": 240,
        "Actual Startup Time": 11034.292,
        "Actual Total Time": 11034.353,
        "Actual Rows": 5,
        "Actual Loops": 1,
        "Sort Key": [
          "customer_address.ca_country",
          "customer_address.ca_state",
          "customer_address.ca_county",
          "item.i_item_id"
        ],
        "Sort Method": "quicksort",
        "Sort Space Used": 25,
        "Sort Space Type": "Memory",
        "Plans": [
          {
            "Node Type": "Aggregate",
            "Strategy": "Sorted",
            "Partial Mode": "Simple",
            "Parent Relationship": "Outer",
            "Parallel Aware": false,
            "Async Capable": false,
            "Startup Cost": 134390.76,
            "Total Cost": 134390.92,
            "Plan Rows": 5,
            "Plan Width": 240,
            "Actual Startup Time": 11034.256,
            "Actual Total Time": 11034.321,
            "Actual Rows": 5,
            "Actual Loops": 1,
            "Grouping Sets": [
              {
                "Group Keys": [
                  [
                    "item.i_item_id",
                    "customer_address.ca_country",
                    "customer_address.ca_state",
                    "customer_address.ca_county"
                  ],
                  [
                    "item.i_item_id",
                    "customer_address.ca_country",
                    "customer_address.ca_state"
                  ],
                  [
                    "item.i_item_id",
                    "customer_address.ca_country"
                  ],
                  [
                    "item.i_item_id"
                  ],
                  []
                ]
              }
            ],
            "Plans": [
              {
                "Node Type": "Sort",
                "Parent Relationship": "Outer",
                "Parallel Aware": false,
                "Async Capable": false,
                "Startup Cost": 134390.76,
                "Total Cost": 134390.76,
                "Plan Rows": 1,
                "Plan Width": 77,
                "Actual Startup Time": 11034.21,
                "Actual Total Time": 11034.271,
                "Actual Rows": 1,
                "Actual Loops": 1,
                "Sort Key": [
                  "item.i_item_id",
                  "customer_address.ca_country",
                  "customer_address.ca_state",
                  "customer_address.ca_county"
                ],
                "Sort Method": "quicksort",
                "Sort Space Used": 25,
                "Sort Space Type": "Memory",
                "Plans": [
                  {
                    "Node Type": "Nested Loop",
                    "Parent Relationship": "Outer",
                    "Parallel Aware": false,
                    "Async Capable": false,
                    "Join Type": "Inner",
                    "Startup Cost": 1002.29,
                    "Total Cost": 134390.75,
                    "Plan Rows": 1,
                    "Plan Width": 77,
                    "Actual Startup Time": 7417.325,
                    "Actual Total Time": 11034.264,
                    "Actual Rows": 1,
                    "Actual Loops": 1,
                    "Inner Unique": true,
                    "Plans": [
                      {
                        "Node Type": "Gather",
                        "Parent Relationship": "Outer",
                        "Parallel Aware": false,
                        "Async Capable": false,
                        "Startup Cost": 1001.87,
                        "Total Cost": 134389.8,
                        "Plan Rows": 1,
                        "Plan Width": 50,
                        "Actual Startup Time": 1112.707,
                        "Actual Total Time": 11029.404,
                        "Actual Rows": 22,
                        "Actual Loops": 1,
                        "Workers Planned": 2,
                        "Workers Launched": 2,
                        "Single Copy": false,
                        "Plans": [
                          {
                            "Node Type": "Nested Loop",
                            "Parent Relationship": "Outer",
                            "Parallel Aware": false,
                            "Async Capable": false,
                            "Join Type": "Inner",
                            "Startup Cost": 1.87,
                            "Total Cost": 133389.7,
                            "Plan Rows": 1,
                            "Plan Width": 50,
                            "Actual Startup Time": 483.383,
                            "Actual Total Time": 6134.595,
                            "Actual Rows": 7,
                            "Actual Loops": 3,
                            "Inner Unique": true,
                            "Workers": [],
                            "Plans": [
                              {
                                "Node Type": "Nested Loop",
                                "Parent Relationship": "Outer",
                                "Parallel Aware": false,
                                "Async Capable": false,
                                "Join Type": "Inner",
                                "Startup Cost": 1.44,
                                "Total Cost": 133384.59,
                                "Plan Rows": 6,
                                "Plan Width": 54,
                                "Actual Startup Time": 41.018,
                                "Actual Total Time": 6077.109,
                                "Actual Rows": 158,
                                "Actual Loops": 3,
                                "Inner Unique": true,
                                "Workers": [],
                                "Plans": [
                                  {
                                    "Node Type": "Nested Loop",
                                    "Parent Relationship": "Outer",
                                    "Parallel Aware": false,
                                    "Async Capable": false,
                                    "Join Type": "Inner",
                                    "Startup Cost": 1.02,
                                    "Total Cost": 133344.47,
                                    "Plan Rows": 60,
                                    "Plan Width": 50,
                                    "Actual Startup Time": 16.399,
                                    "Actual Total Time": 5690.444,
                                    "Actual Rows": 1466,
                                    "Actual Loops": 3,
                                    "Inner Unique": true,
                                    "Workers": [],
                                    "Plans": [
                                      {
                                        "Node Type": "Nested Loop",
                                        "Parent Relationship": "Outer",
                                        "Parallel Aware": false,
                                        "Async Capable": false,
                                        "Join Type": "Inner",
                                        "Startup Cost": 0.73,
                                        "Total Cost": 133109.47,
                                        "Plan Rows": 558,
                                        "Plan Width": 37,
                                        "Actual Startup Time": 14.61,
                                        "Actual Total Time": 5291.318,
                                        "Actual Rows": 12994,
                                        "Actual Loops": 3,
                                        "Inner Unique": false,
                                        "Workers": [],
                                        "Plans": [
                                          {
                                            "Node Type": "Index Only Scan",
                                            "Parent Relationship": "Outer",
                                            "Parallel Aware": true,
                                            "Async Capable": false,
                                            "Scan Direction": "Forward",
                                            "Index Name": "_dta_index_date_dim_6_661577395__k1_k7_k9",
                                            "Relation Name": "date_dim",
                                            "Alias": "date_dim",
                                            "Startup Cost": 0.29,
                                            "Total Cost": 1688.68,
                                            "Plan Rows": 152,
                                            "Plan Width": 4,
                                            "Actual Startup Time": 10.257,
                                            "Actual Total Time": 10.382,
                                            "Actual Rows": 122,
                                            "Actual Loops": 3,
                                            "Index Cond": "(d_year = 1998)",
                                            "Rows Removed by Index Recheck": 0,
                                            "Heap Fetches": 0,
                                            "Workers": []
                                          },
                                          {
                                            "Node Type": "Index Scan",
                                            "Parent Relationship": "Inner",
                                            "Parallel Aware": false,
                                            "Async Capable": false,
                                            "Scan Direction": "Forward",
                                            "Index Name": "_dta_index_catalog_sales_6_1301579675__k1_4",
                                            "Relation Name": "catalog_sales",
                                            "Alias": "catalog_sales",
                                            "Startup Cost": 0.43,
                                            "Total Cost": 863.34,
                                            "Plan Rows": 127,
                                            "Plan Width": 41,
                                            "Actual Startup Time": 0.407,
                                            "Actual Total Time": 43.321,
                                            "Actual Rows": 107,
                                            "Actual Loops": 365,
                                            "Index Cond": "(cs_sold_date_sk = date_dim.d_date_sk)",
                                            "Rows Removed by Index Recheck": 0,
                                            "Filter": "((cs_wholesale_cost >= '41'::numeric) AND (cs_wholesale_cost <= '46'::numeric))",
                                            "Rows Removed by Filter": 5171,
                                            "Workers": []
                                          }
                                        ]
                                      },
                                      {
                                        "Node Type": "Index Scan",
                                        "Parent Relationship": "Inner",
                                        "Parallel Aware": false,
                                        "Async Capable": false,
                                        "Scan Direction": "Forward",
                                        "Index Name": "item_pkey",
                                        "Relation Name": "item",
                                        "Alias": "item",
                                        "Startup Cost": 0.29,
                                        "Total Cost": 0.42,
                                        "Plan Rows": 1,
                                        "Plan Width": 21,
                                        "Actual Startup Time": 0.03,
                                        "Actual Total Time": 0.03,
                                        "Actual Rows": 0,
                                        "Actual Loops": 38982,
                                        "Index Cond": "(i_item_sk = catalog_sales.cs_item_sk)",
                                        "Rows Removed by Index Recheck": 0,
                                        "Filter": "(i_category = 'Sports'::bpchar)",
                                        "Rows Removed by Filter": 1,
                                        "Workers": []
                                      }
                                    ]
                                  },
                                  {
                                    "Node Type": "Index Scan",
                                    "Parent Relationship": "Inner",
                                    "Parallel Aware": false,
                                    "Async Capable": false,
                                    "Scan Direction": "Forward",
                                    "Index Name": "_dta_index_customer_6_949578421__k1_k5",
                                    "Relation Name": "customer",
                                    "Alias": "customer",
                                    "Startup Cost": 0.42,
                                    "Total Cost": 0.67,
                                    "Plan Rows": 1,
                                    "Plan Width": 12,
                                    "Actual Startup Time": 0.263,
                                    "Actual Total Time": 0.263,
                                    "Actual Rows": 0,
                                    "Actual Loops": 4397,
                                    "Index Cond": "(c_customer_sk = catalog_sales.cs_bill_customer_sk)",
                                    "Rows Removed by Index Recheck": 0,
                                    "Filter": "(c_birth_month = 2)",
                                    "Rows Removed by Filter": 1,
                                    "Workers": []
                                  }
                                ]
                              },
                              {
                                "Node Type": "Index Scan",
                                "Parent Relationship": "Inner",
                                "Parallel Aware": false,
                                "Async Capable": false,
                                "Scan Direction": "Forward",
                                "Index Name": "customer_demographics_pkey",
                                "Relation Name": "customer_demographics",
                                "Alias": "customer_demographics",
                                "Startup Cost": 0.43,
                                "Total Cost": 0.85,
                                "Plan Rows": 1,
                                "Plan Width": 4,
                                "Actual Startup Time": 0.361,
                                "Actual Total Time": 0.361,
                                "Actual Rows": 0,
                                "Actual Loops": 475,
                                "Index Cond": "(cd_demo_sk = catalog_sales.cs_bill_cdemo_sk)",
                                "Rows Removed by Index Recheck": 0,
                                "Filter": "((cd_gender = 'F'::bpchar) AND (cd_education_status = 'College'::bpchar))",
                                "Rows Removed by Filter": 1,
                                "Workers": []
                              }
                            ]
                          }
                        ]
                      },
                      {
                        "Node Type": "Index Scan",
                        "Parent Relationship": "Inner",
                        "Parallel Aware": false,
                        "Async Capable": false,
                        "Scan Direction": "Forward",
                        "Index Name": "customer_address_pkey",
                        "Relation Name": "customer_address",
                        "Alias": "customer_address",
                        "Startup Cost": 0.42,
                        "Total Cost": 0.94,
                        "Plan Rows": 1,
                        "Plan Width": 35,
                        "Actual Startup Time": 0.218,
                        "Actual Total Time": 0.218,
                        "Actual Rows": 0,
                        "Actual Loops": 22,
                        "Index Cond": "(ca_address_sk = customer.c_current_addr_sk)",
                        "Rows Removed by Index Recheck": 0,
                        "Filter": "(ca_state = ANY ('{AR,NY,TX}'::bpchar[]))",
                        "Rows Removed by Filter": 1
                      }
                    ]
                  }
                ]
              }
            ]
          }
        ]
      }
    ]
  },
  "actual_rows": 5,
  "provenance": {
    "database": "postgres://jakc9:jakc9@127.0.0.1:5434/dsb_sf10",
    "scale_factor": 10,
    "engine": "postgresql",
    "engine_version": "14.3",
    "cached_at": "2026-02-09T20:54:42.458354"
  }
}