{
  "execution_time_ms": 11959.187,
  "plan_text": "Aggregate  (rows=1, time=11948.511)\n  Subquery Scan (cool_cust)  (rows=6520, time=11948.372)\n    SetOp  (rows=6520, time=11948.09)\n      Append  (rows=7948, time=11946.349)\n        Result  (rows=6522, time=9286.06)\n          SetOp  (rows=6522, time=9285.756)\n            Append  (rows=7413, time=9284.083)\n              Subquery Scan (*SELECT* 1)  (rows=6528, time=5245.851)\n                Unique  (rows=6528, time=5245.528)\n                  Gather Merge  (rows=6528, time=5245.18)\n                    Unique  (rows=3264, time=4986.895)\n                      Sort  (rows=3473, time=4986.653)\n                        Nested Loop  (rows=3473, time=4982.304)\n                          Nested Loop  (rows=27680, time=3513.111)\n                            Seq Scan on date_dim  (rows=182, time=310.77)\n                            Index Only Scan on store_sales  (rows=152, time=17.519)\n                          Index Scan on customer  (rows=0, time=0.053)\n              Subquery Scan (*SELECT* 2)  (rows=885, time=4037.98)\n                Unique  (rows=885, time=4037.915)\n                  Gather Merge  (rows=885, time=4037.868)\n                    Unique  (rows=442, time=3573.496)\n                      Sort  (rows=448, time=3573.455)\n                        Nested Loop  (rows=448, time=3572.251)\n                          Nested Loop  (rows=3772, time=3252.109)\n                            Seq Scan on date_dim (date_dim_1)  (rows=182, time=121.681)\n                            Index Scan on catalog_sales  (rows=21, time=17.146)\n                          Index Scan on customer (customer_1)  (rows=0, time=0.084)\n        Subquery Scan (*SELECT* 3)  (rows=1426, time=2660.026)\n          Unique  (rows=1426, time=2659.947)\n            Gather Merge  (rows=1426, time=2659.863)\n              Unique  (rows=713, time=2344.295)\n                Sort  (rows=742, time=2344.235)\n                  Nested Loop  (rows=742, time=2343.186)\n                    Nested Loop  (rows=5882, time=1914.929)\n                      Seq Scan on date_dim (date_dim_2)  (rows=182, time=121.908)\n                      Index Scan on web_sales  (rows=32, time=9.816)\n                    Index Scan on customer (customer_2)  (rows=0, time=0.072)",
  "plan_json": {
    "Node Type": "Aggregate",
    "Strategy": "Plain",
    "Partial Mode": "Simple",
    "Parallel Aware": false,
    "Async Capable": false,
    "Startup Cost": 564271.13,
    "Total Cost": 564271.14,
    "Plan Rows": 1,
    "Plan Width": 8,
    "Actual Startup Time": 11944.68,
    "Actual Total Time": 11948.511,
    "Actual Rows": 1,
    "Actual Loops": 1,
    "Plans": [
      {
        "Node Type": "Subquery Scan",
        "Parent Relationship": "Outer",
        "Parallel Aware": false,
        "Async Capable": false,
        "Alias": "cool_cust",
        "Startup Cost": 243538.49,
        "Total Cost": 564270.96,
        "Plan Rows": 68,
        "Plan Width": 0,
        "Actual Startup Time": 11944.038,
        "Actual Total Time": 11948.372,
        "Actual Rows": 6520,
        "Actual Loops": 1,
        "Plans": [
          {
            "Node Type": "SetOp",
            "Strategy": "Hashed",
            "Parent Relationship": "Subquery",
            "Parallel Aware": false,
            "Async Capable": false,
            "Command": "Except",
            "Startup Cost": 243538.49,
            "Total Cost": 564270.28,
            "Plan Rows": 68,
            "Plan Width": 216,
            "Actual Startup Time": 11944.036,
            "Actual Total Time": 11948.09,
            "Actual Rows": 6520,
            "Actual Loops": 1,
            "Plans": [
              {
                "Node Type": "Append",
                "Parent Relationship": "Outer",
                "Parallel Aware": false,
                "Async Capable": false,
                "Startup Cost": 243538.49,
                "Total Cost": 564269.67,
                "Plan Rows": 81,
                "Plan Width": 216,
                "Actual Startup Time": 9285.402,
                "Actual Total Time": 11946.349,
                "Actual Rows": 7948,
                "Actual Loops": 1,
                "Subplans Removed": 0,
                "Plans": [
                  {
                    "Node Type": "Result",
                    "Parent Relationship": "Member",
                    "Parallel Aware": false,
                    "Async Capable": false,
                    "Startup Cost": 243538.49,
                    "Total Cost": 453127.69,
                    "Plan Rows": 68,
                    "Plan Width": 216,
                    "Actual Startup Time": 9285.402,
                    "Actual Total Time": 9286.06,
                    "Actual Rows": 6522,
                    "Actual Loops": 1,
                    "Plans": [
                      {
                        "Node Type": "SetOp",
                        "Strategy": "Hashed",
                        "Parent Relationship": "Outer",
                        "Parallel Aware": false,
                        "Async Capable": false,
                        "Command": "Except",
                        "Startup Cost": 243538.49,
                        "Total Cost": 453127.01,
                        "Plan Rows": 68,
                        "Plan Width": 216,
                        "Actual Startup Time": 9285.399,
                        "Actual Total Time": 9285.756,
                        "Actual Rows": 6522,
                        "Actual Loops": 1,
                        "Plans": [
                          {
                            "Node Type": "Append",
                            "Parent Relationship": "Outer",
                            "Parallel Aware": false,
                            "Async Capable": false,
                            "Startup Cost": 243538.49,
                            "Total Cost": 453126.42,
                            "Plan Rows": 79,
                            "Plan Width": 216,
                            "Actual Startup Time": 5243.867,
                            "Actual Total Time": 9284.083,
                            "Actual Rows": 7413,
                            "Actual Loops": 1,
                            "Subplans Removed": 0,
                            "Plans": [
                              {
                                "Node Type": "Subquery Scan",
                                "Parent Relationship": "Member",
                                "Parallel Aware": false,
                                "Async Capable": false,
                                "Alias": "*SELECT* 1",
                                "Startup Cost": 243538.49,
                                "Total Cost": 243548.01,
                                "Plan Rows": 68,
                                "Plan Width": 60,
                                "Actual Startup Time": 5243.867,
                                "Actual Total Time": 5245.851,
                                "Actual Rows": 6528,
                                "Actual Loops": 1,
                                "Plans": [
                                  {
                                    "Node Type": "Unique",
                                    "Parent Relationship": "Subquery",
                                    "Parallel Aware": false,
                                    "Async Capable": false,
                                    "Startup Cost": 243538.49,
                                    "Total Cost": 243547.33,
                                    "Plan Rows": 68,
                                    "Plan Width": 56,
                                    "Actual Startup Time": 5243.847,
                                    "Actual Total Time": 5245.528,
                                    "Actual Rows": 6528,
                                    "Actual Loops": 1,
                                    "Plans": [
                                      {
                                        "Node Type": "Gather Merge",
                                        "Parent Relationship": "Outer",
                                        "Parallel Aware": false,
                                        "Async Capable": false,
                                        "Startup Cost": 243538.49,
                                        "Total Cost": 243546.82,
                                        "Plan Rows": 68,
                                        "Plan Width": 56,
                                        "Actual Startup Time": 5243.846,
                                        "Actual Total Time": 5245.18,
                                        "Actual Rows": 6528,
                                        "Actual Loops": 1,
                                        "Workers Planned": 1,
                                        "Workers Launched": 1,
                                        "Plans": [
                                          {
                                            "Node Type": "Unique",
                                            "Parent Relationship": "Outer",
                                            "Parallel Aware": false,
                                            "Async Capable": false,
                                            "Startup Cost": 242538.48,
                                            "Total Cost": 242539.16,
                                            "Plan Rows": 68,
                                            "Plan Width": 56,
                                            "Actual Startup Time": 4986.498,
                                            "Actual Total Time": 4986.895,
                                            "Actual Rows": 3264,
                                            "Actual Loops": 2,
                                            "Workers": [],
                                            "Plans": [
                                              {
                                                "Node Type": "Sort",
                                                "Parent Relationship": "Outer",
                                                "Parallel Aware": false,
                                                "Async Capable": false,
                                                "Startup Cost": 242538.48,
                                                "Total Cost": 242538.65,
                                                "Plan Rows": 68,
                                                "Plan Width": 56,
                                                "Actual Startup Time": 4986.497,
                                                "Actual Total Time": 4986.653,
                                                "Actual Rows": 3473,
                                                "Actual Loops": 2,
                                                "Sort Key": [
                                                  "customer.c_last_name",
                                                  "customer.c_first_name",
                                                  "date_dim.d_date"
                                                ],
                                                "Sort Method": "quicksort",
                                                "Sort Space Used": 342,
                                                "Sort Space Type": "Memory",
                                                "Workers": [
                                                  {
                                                    "Worker Number": 0,
                                                    "Sort Method": "quicksort",
                                                    "Sort Space Used": 388,
                                                    "Sort Space Type": "Memory"
                                                  }
                                                ],
                                                "Plans": [
                                                  {
                                                    "Node Type": "Nested Loop",
                                                    "Parent Relationship": "Outer",
                                                    "Parallel Aware": false,
                                                    "Async Capable": false,
                                                    "Join Type": "Inner",
                                                    "Startup Cost": 0.98,
                                                    "Total Cost": 242536.41,
                                                    "Plan Rows": 68,
                                                    "Plan Width": 56,
                                                    "Actual Startup Time": 278.186,
                                                    "Actual Total Time": 4982.304,
                                                    "Actual Rows": 3473,
                                                    "Actual Loops": 2,
                                                    "Inner Unique": true,
                                                    "Workers": [],
                                                    "Plans": [
                                                      {
                                                        "Node Type": "Nested Loop",
                                                        "Parent Relationship": "Outer",
                                                        "Parallel Aware": false,
                                                        "Async Capable": false,
                                                        "Join Type": "Inner",
                                                        "Startup Cost": 0.56,
                                                        "Total Cost": 242065.07,
                                                        "Plan Rows": 554,
                                                        "Plan Width": 8,
                                                        "Actual Startup Time": 277.774,
                                                        "Actual Total Time": 3513.111,
                                                        "Actual Rows": 27680,
                                                        "Actual Loops": 2,
                                                        "Inner Unique": false,
                                                        "Workers": [],
                                                        "Plans": [
                                                          {
                                                            "Node Type": "Seq Scan",
                                                            "Parent Relationship": "Outer",
                                                            "Parallel Aware": true,
                                                            "Async Capable": false,
                                                            "Relation Name": "date_dim",
                                                            "Alias": "date_dim",
                                                            "Startup Cost": 0.0,
                                                            "Total Cost": 2068.55,
                                                            "Plan Rows": 231,
                                                            "Plan Width": 8,
                                                            "Actual Startup Time": 277.013,
                                                            "Actual Total Time": 310.77,
                                                            "Actual Rows": 182,
                                                            "Actual Loops": 2,
                                                            "Filter": "((d_month_seq >= 1213) AND (d_month_seq <= 1224))",
                                                            "Rows Removed by Filter": 36342,
                                                            "Workers": []
                                                          },
                                                          {
                                                            "Node Type": "Index Only Scan",
                                                            "Parent Relationship": "Inner",
                                                            "Parallel Aware": false,
                                                            "Async Capable": false,
                                                            "Scan Direction": "Forward",
                                                            "Index Name": "_dta_index_store_sales_6_1333579789__k1_k23_k14_k6_k8_k5_k7_3_4",
                                                            "Relation Name": "store_sales",
                                                            "Alias": "store_sales",
                                                            "Startup Cost": 0.56,
                                                            "Total Cost": 1038.1,
                                                            "Plan Rows": 85,
                                                            "Plan Width": 8,
                                                            "Actual Startup Time": 0.169,
                                                            "Actual Total Time": 17.519,
                                                            "Actual Rows": 152,
                                                            "Actual Loops": 365,
                                                            "Index Cond": "(ss_sold_date_sk = date_dim.d_date_sk)",
                                                            "Rows Removed by Index Recheck": 0,
                                                            "Filter": "((ss_list_price >= '168'::numeric) AND (ss_list_price <= '197'::numeric) AND (ss_wholesale_cost >= '76'::numeric) AND (ss_wholesale_cost <= '86'::numeric))",
                                                            "Rows Removed by Filter": 13584,
                                                            "Heap Fetches": 0,
                                                            "Workers": []
                                                          }
                                                        ]
                                                      },
                                                      {
                                                        "Node Type": "Index Scan",
                                                        "Parent Relationship": "Inner",
                                                        "Parallel Aware": false,
                                                        "Async Capable": false,
                                                        "Scan Direction": "Forward",
                                                        "Index Name": "_dta_index_customer_6_949578421__k1_k5",
                                                        "Relation Name": "customer",
                                                        "Alias": "customer",
                                                        "Startup Cost": 0.42,
                                                        "Total Cost": 0.85,
                                                        "Plan Rows": 1,
                                                        "Plan Width": 56,
                                                        "Actual Startup Time": 0.053,
                                                        "Actual Total Time": 0.053,
                                                        "Actual Rows": 0,
                                                        "Actual Loops": 55359,
                                                        "Index Cond": "(c_customer_sk = store_sales.ss_customer_sk)",
                                                        "Rows Removed by Index Recheck": 0,
                                                        "Filter": "((c_birth_year >= 1968) AND (c_birth_year <= 1974))",
                                                        "Rows Removed by Filter": 1,
                                                        "Workers": []
                                                      }
                                                    ]
                                                  }
                                                ]
                                              }
                                            ]
                                          }
                                        ]
                                      }
                                    ]
                                  }
                                ]
                              },
                              {
                                "Node Type": "Subquery Scan",
                                "Parent Relationship": "Member",
                                "Parallel Aware": false,
                                "Async Capable": false,
                                "Alias": "*SELECT* 2",
                                "Startup Cost": 209576.47,
                                "Total Cost": 209578.01,
                                "Plan Rows": 11,
                                "Plan Width": 60,
                                "Actual Startup Time": 4037.741,
                                "Actual Total Time": 4037.98,
                                "Actual Rows": 885,
                                "Actual Loops": 1,
                                "Plans": [
                                  {
                                    "Node Type": "Unique",
                                    "Parent Relationship": "Subquery",
                                    "Parallel Aware": false,
                                    "Async Capable": false,
                                    "Startup Cost": 209576.47,
                                    "Total Cost": 209577.9,
                                    "Plan Rows": 11,
                                    "Plan Width": 56,
                                    "Actual Startup Time": 4037.721,
                                    "Actual Total Time": 4037.915,
                                    "Actual Rows": 885,
                                    "Actual Loops": 1,
                                    "Plans": [
                                      {
                                        "Node Type": "Gather Merge",
                                        "Parent Relationship": "Outer",
                                        "Parallel Aware": false,
                                        "Async Capable": false,
                                        "Startup Cost": 209576.47,
                                        "Total Cost": 209577.82,
                                        "Plan Rows": 11,
                                        "Plan Width": 56,
                                        "Actual Startup Time": 4037.72,
                                        "Actual Total Time": 4037.868,
                                        "Actual Rows": 885,
                                        "Actual Loops": 1,
                                        "Workers Planned": 1,
                                        "Workers Launched": 1,
                                        "Plans": [
                                          {
                                            "Node Type": "Unique",
                                            "Parent Relationship": "Outer",
                                            "Parallel Aware": false,
                                            "Async Capable": false,
                                            "Startup Cost": 208576.46,
                                            "Total Cost": 208576.57,
                                            "Plan Rows": 11,
                                            "Plan Width": 56,
                                            "Actual Startup Time": 3573.441,
                                            "Actual Total Time": 3573.496,
                                            "Actual Rows": 442,
                                            "Actual Loops": 2,
                                            "Workers": [],
                                            "Plans": [
                                              {
                                                "Node Type": "Sort",
                                                "Parent Relationship": "Outer",
                                                "Parallel Aware": false,
                                                "Async Capable": false,
                                                "Startup Cost": 208576.46,
                                                "Total Cost": 208576.49,
                                                "Plan Rows": 11,
                                                "Plan Width": 56,
                                                "Actual Startup Time": 3573.44,
                                                "Actual Total Time": 3573.455,
                                                "Actual Rows": 448,
                                                "Actual Loops": 2,
                                                "Sort Key": [
                                                  "customer_1.c_last_name",
                                                  "customer_1.c_first_name",
                                                  "date_dim_1.d_date"
                                                ],
                                                "Sort Method": "quicksort",
                                                "Sort Space Used": 54,
                                                "Sort Space Type": "Memory",
                                                "Workers": [
                                                  {
                                                    "Worker Number": 0,
                                                    "Sort Method": "quicksort",
                                                    "Sort Space Used": 65,
                                                    "Sort Space Type": "Memory"
                                                  }
                                                ],
                                                "Plans": [
                                                  {
                                                    "Node Type": "Nested Loop",
                                                    "Parent Relationship": "Outer",
                                                    "Parallel Aware": false,
                                                    "Async Capable": false,
                                                    "Join Type": "Inner",
                                                    "Startup Cost": 0.86,
                                                    "Total Cost": 208576.27,
                                                    "Plan Rows": 11,
                                                    "Plan Width": 56,
                                                    "Actual Startup Time": 101.415,
                                                    "Actual Total Time": 3572.251,
                                                    "Actual Rows": 448,
                                                    "Actual Loops": 2,
                                                    "Inner Unique": true,
                                                    "Workers": [],
                                                    "Plans": [
                                                      {
                                                        "Node Type": "Nested Loop",
                                                        "Parent Relationship": "Outer",
                                                        "Parallel Aware": false,
                                                        "Async Capable": false,
                                                        "Join Type": "Inner",
                                                        "Startup Cost": 0.43,
                                                        "Total Cost": 208344.35,
                                                        "Plan Rows": 89,
                                                        "Plan Width": 8,
                                                        "Actual Startup Time": 97.132,
                                                        "Actual Total Time": 3252.109,
                                                        "Actual Rows": 3772,
                                                        "Actual Loops": 2,
                                                        "Inner Unique": false,
                                                        "Workers": [],
                                                        "Plans": [
                                                          {
                                                            "Node Type": "Seq Scan",
                                                            "Parent Relationship": "Outer",
                                                            "Parallel Aware": true,
                                                            "Async Capable": false,
                                                            "Relation Name": "date_dim",
                                                            "Alias": "date_dim_1",
                                                            "Startup Cost": 0.0,
                                                            "Total Cost": 2068.55,
                                                            "Plan Rows": 231,
                                                            "Plan Width": 8,
                                                            "Actual Startup Time": 94.14,
                                                            "Actual Total Time": 121.681,
                                                            "Actual Rows": 182,
                                                            "Actual Loops": 2,
                                                            "Filter": "((d_month_seq >= 1213) AND (d_month_seq <= 1224))",
                                                            "Rows Removed by Filter": 36342,
                                                            "Workers": []
                                                          },
                                                          {
                                                            "Node Type": "Index Scan",
                                                            "Parent Relationship": "Inner",
                                                            "Parallel Aware": false,
                                                            "Async Capable": false,
                                                            "Scan Direction": "Forward",
                                                            "Index Name": "_dta_index_catalog_sales_6_1301579675__k1_4",
                                                            "Relation Name": "catalog_sales",
                                                            "Alias": "catalog_sales",
                                                            "Startup Cost": 0.43,
                                                            "Total Cost": 892.84,
                                                            "Plan Rows": 13,
                                                            "Plan Width": 8,
                                                            "Actual Startup Time": 0.874,
                                                            "Actual Total Time": 17.146,
                                                            "Actual Rows": 21,
                                                            "Actual Loops": 365,
                                                            "Index Cond": "(cs_sold_date_sk = date_dim_1.d_date_sk)",
                                                            "Rows Removed by Index Recheck": 0,
                                                            "Filter": "((cs_list_price >= '168'::numeric) AND (cs_list_price <= '197'::numeric) AND (cs_wholesale_cost >= '76'::numeric) AND (cs_wholesale_cost <= '86'::numeric))",
                                                            "Rows Removed by Filter": 7103,
                                                            "Workers": []
                                                          }
                                                        ]
                                                      },
                                                      {
                                                        "Node Type": "Index Scan",
                                                        "Parent Relationship": "Inner",
                                                        "Parallel Aware": false,
                                                        "Async Capable": false,
                                                        "Scan Direction": "Forward",
                                                        "Index Name": "_dta_index_customer_6_949578421__k1_k5",
                                                        "Relation Name": "customer",
                                                        "Alias": "customer_1",
                                                        "Startup Cost": 0.42,
                                                        "Total Cost": 2.61,
                                                        "Plan Rows": 1,
                                                        "Plan Width": 56,
                                                        "Actual Startup Time": 0.084,
                                                        "Actual Total Time": 0.084,
                                                        "Actual Rows": 0,
                                                        "Actual Loops": 7544,
                                                        "Index Cond": "(c_customer_sk = catalog_sales.cs_bill_customer_sk)",
                                                        "Rows Removed by Index Recheck": 0,
                                                        "Filter": "((c_birth_year >= 1968) AND (c_birth_year <= 1974))",
                                                        "Rows Removed by Filter": 1,
                                                        "Workers": []
                                                      }
                                                    ]
                                                  }
                                                ]
                                              }
                                            ]
                                          }
                                        ]
                                      }
                                    ]
                                  }
                                ]
                              }
                            ]
                          }
                        ]
                      }
                    ]
                  },
                  {
                    "Node Type": "Subquery Scan",
                    "Parent Relationship": "Member",
                    "Parallel Aware": false,
                    "Async Capable": false,
                    "Alias": "*SELECT* 3",
                    "Startup Cost": 111139.76,
                    "Total Cost": 111141.58,
                    "Plan Rows": 13,
                    "Plan Width": 60,
                    "Actual Startup Time": 2655.886,
                    "Actual Total Time": 2660.026,
                    "Actual Rows": 1426,
                    "Actual Loops": 1,
                    "Plans": [
                      {
                        "Node Type": "Unique",
                        "Parent Relationship": "Subquery",
                        "Parallel Aware": false,
                        "Async Capable": false,
                        "Startup Cost": 111139.76,
                        "Total Cost": 111141.45,
                        "Plan Rows": 13,
                        "Plan Width": 56,
                        "Actual Startup Time": 2655.867,
                        "Actual Total Time": 2659.947,
                        "Actual Rows": 1426,
                        "Actual Loops": 1,
                        "Plans": [
                          {
                            "Node Type": "Gather Merge",
                            "Parent Relationship": "Outer",
                            "Parallel Aware": false,
                            "Async Capable": false,
                            "Startup Cost": 111139.76,
                            "Total Cost": 111141.35,
                            "Plan Rows": 13,
                            "Plan Width": 56,
                            "Actual Startup Time": 2655.862,
                            "Actual Total Time": 2659.863,
                            "Actual Rows": 1426,
                            "Actual Loops": 1,
                            "Workers Planned": 1,
                            "Workers Launched": 1,
                            "Plans": [
                              {
                                "Node Type": "Unique",
                                "Parent Relationship": "Outer",
                                "Parallel Aware": false,
                                "Async Capable": false,
                                "Startup Cost": 110139.75,
                                "Total Cost": 110139.88,
                                "Plan Rows": 13,
                                "Plan Width": 56,
                                "Actual Startup Time": 2344.206,
                                "Actual Total Time": 2344.295,
                                "Actual Rows": 713,
                                "Actual Loops": 2,
                                "Workers": [],
                                "Plans": [
                                  {
                                    "Node Type": "Sort",
                                    "Parent Relationship": "Outer",
                                    "Parallel Aware": false,
                                    "Async Capable": false,
                                    "Startup Cost": 110139.75,
                                    "Total Cost": 110139.78,
                                    "Plan Rows": 13,
                                    "Plan Width": 56,
                                    "Actual Startup Time": 2344.205,
                                    "Actual Total Time": 2344.235,
                                    "Actual Rows": 742,
                                    "Actual Loops": 2,
                                    "Sort Key": [
                                      "customer_2.c_last_name",
                                      "customer_2.c_first_name",
                                      "date_dim_2.d_date"
                                    ],
                                    "Sort Method": "quicksort",
                                    "Sort Space Used": 75,
                                    "Sort Space Type": "Memory",
                                    "Workers": [
                                      {
                                        "Worker Number": 0,
                                        "Sort Method": "quicksort",
                                        "Sort Space Used": 89,
                                        "Sort Space Type": "Memory"
                                      }
                                    ],
                                    "Plans": [
                                      {
                                        "Node Type": "Nested Loop",
                                        "Parent Relationship": "Outer",
                                        "Parallel Aware": false,
                                        "Async Capable": false,
                                        "Join Type": "Inner",
                                        "Startup Cost": 0.85,
                                        "Total Cost": 110139.51,
                                        "Plan Rows": 13,
                                        "Plan Width": 56,
                                        "Actual Startup Time": 97.989,
                                        "Actual Total Time": 2343.186,
                                        "Actual Rows": 742,
                                        "Actual Loops": 2,
                                        "Inner Unique": true,
                                        "Workers": [],
                                        "Plans": [
                                          {
                                            "Node Type": "Nested Loop",
                                            "Parent Relationship": "Outer",
                                            "Parallel Aware": false,
                                            "Async Capable": false,
                                            "Join Type": "Inner",
                                            "Startup Cost": 0.43,
                                            "Total Cost": 109901.9,
                                            "Plan Rows": 100,
                                            "Plan Width": 8,
                                            "Actual Startup Time": 94.391,
                                            "Actual Total Time": 1914.929,
                                            "Actual Rows": 5882,
                                            "Actual Loops": 2,
                                            "Inner Unique": false,
                                            "Workers": [],
                                            "Plans": [
                                              {
                                                "Node Type": "Seq Scan",
                                                "Parent Relationship": "Outer",
                                                "Parallel Aware": true,
                                                "Async Capable": false,
                                                "Relation Name": "date_dim",
                                                "Alias": "date_dim_2",
                                                "Startup Cost": 0.0,
                                                "Total Cost": 2068.55,
                                                "Plan Rows": 231,
                                                "Plan Width": 8,
                                                "Actual Startup Time": 93.146,
                                                "Actual Total Time": 121.908,
                                                "Actual Rows": 182,
                                                "Actual Loops": 2,
                                                "Filter": "((d_month_seq >= 1213) AND (d_month_seq <= 1224))",
                                                "Rows Removed by Filter": 36342,
                                                "Workers": []
                                              },
                                              {
                                                "Node Type": "Index Scan",
                                                "Parent Relationship": "Inner",
                                                "Parallel Aware": false,
                                                "Async Capable": false,
                                                "Scan Direction": "Forward",
                                                "Index Name": "_dta_index_web_sales_6_1269579561__k1_8_24",
                                                "Relation Name": "web_sales",
                                                "Alias": "web_sales",
                                                "Startup Cost": 0.43,
                                                "Total Cost": 466.66,
                                                "Plan Rows": 15,
                                                "Plan Width": 8,
                                                "Actual Startup Time": 0.334,
                                                "Actual Total Time": 9.816,
                                                "Actual Rows": 32,
                                                "Actual Loops": 365,
                                                "Index Cond": "(ws_sold_date_sk = date_dim_2.d_date_sk)",
                                                "Rows Removed by Index Recheck": 0,
                                                "Filter": "((ws_list_price >= '168'::numeric) AND (ws_list_price <= '197'::numeric) AND (ws_wholesale_cost >= '76'::numeric) AND (ws_wholesale_cost <= '86'::numeric))",
                                                "Rows Removed by Filter": 3963,
                                                "Workers": []
                                              }
                                            ]
                                          },
                                          {
                                            "Node Type": "Index Scan",
                                            "Parent Relationship": "Inner",
                                            "Parallel Aware": false,
                                            "Async Capable": false,
                                            "Scan Direction": "Forward",
                                            "Index Name": "_dta_index_customer_6_949578421__k1_k5",
                                            "Relation Name": "customer",
                                            "Alias": "customer_2",
                                            "Startup Cost": 0.42,
                                            "Total Cost": 2.38,
                                            "Plan Rows": 1,
                                            "Plan Width": 56,
                                            "Actual Startup Time": 0.072,
                                            "Actual Total Time": 0.072,
                                            "Actual Rows": 0,
                                            "Actual Loops": 11765,
                                            "Index Cond": "(c_customer_sk = web_sales.ws_bill_customer_sk)",
                                            "Rows Removed by Index Recheck": 0,
                                            "Filter": "((c_birth_year >= 1968) AND (c_birth_year <= 1974))",
                                            "Rows Removed by Filter": 1,
                                            "Workers": []
                                          }
                                        ]
                                      }
                                    ]
                                  }
                                ]
                              }
                            ]
                          }
                        ]
                      }
                    ]
                  }
                ]
              }
            ]
          }
        ]
      }
    ]
  },
  "actual_rows": 1,
  "provenance": {
    "database": "postgres://jakc9:jakc9@127.0.0.1:5434/dsb_sf10",
    "scale_factor": 10,
    "engine": "postgresql",
    "engine_version": "14.3",
    "cached_at": "2026-02-09T21:16:53.906372"
  }
}