{
  "execution_time_ms": 12170.278,
  "plan_text": "Limit  (rows=0, time=12049.237)\n  Aggregate  (rows=0, time=11593.73)\n    Sort  (rows=0, time=11593.728)\n      Nested Loop  (rows=0, time=11593.681)\n        Nested Loop  (rows=0, time=11593.68)\n          Nested Loop  (rows=7, time=11589.083)\n            Aggregate  (rows=1942, time=4736.585)\n              Gather  (rows=2012, time=4732.944)\n                Nested Loop  (rows=671, time=1586.969)\n                  Nested Loop  (rows=40552, time=841.63)\n                    Index Only Scan on date_dim  (rows=41, time=16.944)\n                    Index Only Scan on store_sales  (rows=997, time=20.209)\n                  Index Scan on item  (rows=0, time=0.018)\n            Index Scan on customer (c)  (rows=0, time=3.528)\n              Nested Loop  (rows=0, time=1.379)\n                Nested Loop  (rows=1, time=1.374)\n                  Index Only Scan on date_dim (date_dim_1)  (rows=121, time=0.016)\n                  Index Scan on web_sales  (rows=0, time=0.011)\n                Index Scan on item (item_1)  (rows=0, time=0.004)\n              Gather  (rows=1630, time=5793.167)\n                Nested Loop  (rows=543, time=1939.68)\n                  Nested Loop  (rows=33110, time=1873.228)\n                    Index Only Scan on date_dim (date_dim_2)  (rows=41, time=14.952)\n                    Index Scan on catalog_sales  (rows=814, time=45.558)\n                  Index Scan on item (item_2)  (rows=0, time=0.002)\n          Index Scan on customer_address (ca)  (rows=0, time=0.655)\n        Index Scan on customer_demographics  (rows=0, time=0.0)",
  "plan_json": {
    "Node Type": "Limit",
    "Parallel Aware": false,
    "Async Capable": false,
    "Startup Cost": 999332.2,
    "Total Cost": 999332.23,
    "Plan Rows": 1,
    "Plan Width": 100,
    "Actual Startup Time": 12049.147,
    "Actual Total Time": 12049.237,
    "Actual Rows": 0,
    "Actual Loops": 1,
    "Plans": [
      {
        "Node Type": "Aggregate",
        "Strategy": "Sorted",
        "Partial Mode": "Simple",
        "Parent Relationship": "Outer",
        "Parallel Aware": false,
        "Async Capable": false,
        "Startup Cost": 999332.2,
        "Total Cost": 999332.23,
        "Plan Rows": 1,
        "Plan Width": 100,
        "Actual Startup Time": 11593.64,
        "Actual Total Time": 11593.73,
        "Actual Rows": 0,
        "Actual Loops": 1,
        "Group Key": [
          "customer_demographics.cd_marital_status",
          "customer_demographics.cd_education_status",
          "customer_demographics.cd_purchase_estimate",
          "customer_demographics.cd_credit_rating",
          "customer_demographics.cd_dep_count",
          "customer_demographics.cd_dep_employed_count",
          "customer_demographics.cd_dep_college_count"
        ],
        "Plans": [
          {
            "Node Type": "Sort",
            "Parent Relationship": "Outer",
            "Parallel Aware": false,
            "Async Capable": false,
            "Startup Cost": 999332.2,
            "Total Cost": 999332.2,
            "Plan Rows": 1,
            "Plan Width": 52,
            "Actual Startup Time": 11593.638,
            "Actual Total Time": 11593.728,
            "Actual Rows": 0,
            "Actual Loops": 1,
            "Sort Key": [
              "customer_demographics.cd_marital_status",
              "customer_demographics.cd_education_status",
              "customer_demographics.cd_purchase_estimate",
              "customer_demographics.cd_credit_rating",
              "customer_demographics.cd_dep_count",
              "customer_demographics.cd_dep_employed_count",
              "customer_demographics.cd_dep_college_count"
            ],
            "Sort Method": "quicksort",
            "Sort Space Used": 25,
            "Sort Space Type": "Memory",
            "Plans": [
              {
                "Node Type": "Nested Loop",
                "Parent Relationship": "Outer",
                "Parallel Aware": false,
                "Async Capable": false,
                "Join Type": "Inner",
                "Startup Cost": 58228.19,
                "Total Cost": 999332.19,
                "Plan Rows": 1,
                "Plan Width": 52,
                "Actual Startup Time": 11593.592,
                "Actual Total Time": 11593.681,
                "Actual Rows": 0,
                "Actual Loops": 1,
                "Inner Unique": true,
                "Plans": [
                  {
                    "Node Type": "Nested Loop",
                    "Parent Relationship": "Outer",
                    "Parallel Aware": false,
                    "Async Capable": false,
                    "Join Type": "Inner",
                    "Startup Cost": 58227.76,
                    "Total Cost": 999329.06,
                    "Plan Rows": 1,
                    "Plan Width": 4,
                    "Actual Startup Time": 11593.591,
                    "Actual Total Time": 11593.68,
                    "Actual Rows": 0,
                    "Actual Loops": 1,
                    "Inner Unique": true,
                    "Plans": [
                      {
                        "Node Type": "Nested Loop",
                        "Parent Relationship": "Outer",
                        "Parallel Aware": false,
                        "Async Capable": false,
                        "Join Type": "Inner",
                        "Startup Cost": 58227.34,
                        "Total Cost": 999327.59,
                        "Plan Rows": 1,
                        "Plan Width": 8,
                        "Actual Startup Time": 10993.666,
                        "Actual Total Time": 11589.083,
                        "Actual Rows": 7,
                        "Actual Loops": 1,
                        "Inner Unique": true,
                        "Plans": [
                          {
                            "Node Type": "Aggregate",
                            "Strategy": "Hashed",
                            "Partial Mode": "Simple",
                            "Parent Relationship": "Outer",
                            "Parallel Aware": false,
                            "Async Capable": false,
                            "Startup Cost": 58226.92,
                            "Total Cost": 58227.0,
                            "Plan Rows": 8,
                            "Plan Width": 4,
                            "Actual Startup Time": 4735.53,
                            "Actual Total Time": 4736.585,
                            "Actual Rows": 1942,
                            "Actual Loops": 1,
                            "Group Key": [
                              "store_sales.ss_customer_sk"
                            ],
                            "Planned Partitions": 0,
                            "HashAgg Batches": 1,
                            "Peak Memory Usage": 265,
                            "Disk Usage": 0,
                            "Plans": [
                              {
                                "Node Type": "Gather",
                                "Parent Relationship": "Outer",
                                "Parallel Aware": false,
                                "Async Capable": false,
                                "Startup Cost": 1001.15,
                                "Total Cost": 58226.9,
                                "Plan Rows": 8,
                                "Plan Width": 4,
                                "Actual Startup Time": 28.109,
                                "Actual Total Time": 4732.944,
                                "Actual Rows": 2012,
                                "Actual Loops": 1,
                                "Workers Planned": 2,
                                "Workers Launched": 2,
                                "Single Copy": false,
                                "Plans": [
                                  {
                                    "Node Type": "Nested Loop",
                                    "Parent Relationship": "Outer",
                                    "Parallel Aware": false,
                                    "Async Capable": false,
                                    "Join Type": "Inner",
                                    "Startup Cost": 1.15,
                                    "Total Cost": 57226.1,
                                    "Plan Rows": 3,
                                    "Plan Width": 4,
                                    "Actual Startup Time": 18.845,
                                    "Actual Total Time": 1586.969,
                                    "Actual Rows": 671,
                                    "Actual Loops": 3,
                                    "Inner Unique": true,
                                    "Workers": [],
                                    "Plans": [
                                      {
                                        "Node Type": "Nested Loop",
                                        "Parent Relationship": "Outer",
                                        "Parallel Aware": false,
                                        "Async Capable": false,
                                        "Join Type": "Inner",
                                        "Startup Cost": 0.85,
                                        "Total Cost": 57127.3,
                                        "Plan Rows": 96,
                                        "Plan Width": 8,
                                        "Actual Startup Time": 18.174,
                                        "Actual Total Time": 841.63,
                                        "Actual Rows": 40552,
                                        "Actual Loops": 3,
                                        "Inner Unique": false,
                                        "Workers": [],
                                        "Plans": [
                                          {
                                            "Node Type": "Index Only Scan",
                                            "Parent Relationship": "Outer",
                                            "Parallel Aware": true,
                                            "Async Capable": false,
                                            "Scan Direction": "Forward",
                                            "Index Name": "_dta_index_date_dim_6_661577395__k1_k7_k9",
                                            "Relation Name": "date_dim",
                                            "Alias": "date_dim",
                                            "Startup Cost": 0.29,
                                            "Total Cost": 2047.66,
                                            "Plan Rows": 51,
                                            "Plan Width": 4,
                                            "Actual Startup Time": 16.917,
                                            "Actual Total Time": 16.944,
                                            "Actual Rows": 41,
                                            "Actual Loops": 3,
                                            "Index Cond": "((d_year = 1999) AND (d_moy >= 8) AND (d_moy <= 11))",
                                            "Rows Removed by Index Recheck": 0,
                                            "Heap Fetches": 0,
                                            "Workers": []
                                          },
                                          {
                                            "Node Type": "Index Only Scan",
                                            "Parent Relationship": "Inner",
                                            "Parallel Aware": false,
                                            "Async Capable": false,
                                            "Scan Direction": "Forward",
                                            "Index Name": "_dta_index_store_sales_6_1333579789__k1_k23_k14_k6_k8_k5_k7_3_4",
                                            "Relation Name": "store_sales",
                                            "Alias": "store_sales",
                                            "Startup Cost": 0.56,
                                            "Total Cost": 1079.32,
                                            "Plan Rows": 67,
                                            "Plan Width": 12,
                                            "Actual Startup Time": 0.252,
                                            "Actual Total Time": 20.209,
                                            "Actual Rows": 997,
                                            "Actual Loops": 122,
                                            "Index Cond": "(ss_sold_date_sk = date_dim.d_date_sk)",
                                            "Rows Removed by Index Recheck": 0,
                                            "Filter": "(((ss_sales_price / ss_list_price) >= 0.20) AND ((ss_sales_price / ss_list_price) <= 0.30))",
                                            "Rows Removed by Filter": 10125,
                                            "Heap Fetches": 0,
                                            "Workers": []
                                          }
                                        ]
                                      },
                                      {
                                        "Node Type": "Index Scan",
                                        "Parent Relationship": "Inner",
                                        "Parallel Aware": false,
                                        "Async Capable": false,
                                        "Scan Direction": "Forward",
                                        "Index Name": "item_pkey",
                                        "Relation Name": "item",
                                        "Alias": "item",
                                        "Startup Cost": 0.29,
                                        "Total Cost": 1.03,
                                        "Plan Rows": 1,
                                        "Plan Width": 4,
                                        "Actual Startup Time": 0.018,
                                        "Actual Total Time": 0.018,
                                        "Actual Rows": 0,
                                        "Actual Loops": 121657,
                                        "Index Cond": "(i_item_sk = store_sales.ss_item_sk)",
                                        "Rows Removed by Index Recheck": 0,
                                        "Filter": "((i_manager_id >= 66) AND (i_manager_id <= 75) AND (i_category = ANY ('{Children,Electronics,Music}'::bpchar[])))",
                                        "Rows Removed by Filter": 1,
                                        "Workers": []
                                      }
                                    ]
                                  }
                                ]
                              }
                            ]
                          },
                          {
                            "Node Type": "Index Scan",
                            "Parent Relationship": "Inner",
                            "Parallel Aware": false,
                            "Async Capable": false,
                            "Scan Direction": "Forward",
                            "Index Name": "_dta_index_customer_6_949578421__k1_k5",
                            "Relation Name": "customer",
                            "Alias": "c",
                            "Startup Cost": 0.42,
                            "Total Cost": 117631.95,
                            "Plan Rows": 1,
                            "Plan Width": 12,
                            "Actual Startup Time": 3.528,
                            "Actual Total Time": 3.528,
                            "Actual Rows": 0,
                            "Actual Loops": 1942,
                            "Index Cond": "(c_customer_sk = store_sales.ss_customer_sk)",
                            "Rows Removed by Index Recheck": 0,
                            "Filter": "((c_birth_month = ANY ('{1,5}'::integer[])) AND ((SubPlan 1) OR (hashed SubPlan 4)))",
                            "Rows Removed by Filter": 1,
                            "Plans": [
                              {
                                "Node Type": "Nested Loop",
                                "Parent Relationship": "SubPlan",
                                "Subplan Name": "SubPlan 1",
                                "Parallel Aware": false,
                                "Async Capable": false,
                                "Join Type": "Inner",
                                "Startup Cost": 1.14,
                                "Total Cost": 1054.88,
                                "Plan Rows": 1,
                                "Plan Width": 0,
                                "Actual Startup Time": 1.379,
                                "Actual Total Time": 1.379,
                                "Actual Rows": 0,
                                "Actual Loops": 229,
                                "Inner Unique": true,
                                "Plans": [
                                  {
                                    "Node Type": "Nested Loop",
                                    "Parent Relationship": "Outer",
                                    "Parallel Aware": false,
                                    "Async Capable": false,
                                    "Join Type": "Inner",
                                    "Startup Cost": 0.85,
                                    "Total Cost": 1046.56,
                                    "Plan Rows": 1,
                                    "Plan Width": 4,
                                    "Actual Startup Time": 1.231,
                                    "Actual Total Time": 1.374,
                                    "Actual Rows": 1,
                                    "Actual Loops": 229,
                                    "Inner Unique": false,
                                    "Plans": [
                                      {
                                        "Node Type": "Index Only Scan",
                                        "Parent Relationship": "Outer",
                                        "Parallel Aware": false,
                                        "Async Capable": false,
                                        "Scan Direction": "Forward",
                                        "Index Name": "_dta_index_date_dim_6_661577395__k7_k9_k1",
                                        "Relation Name": "date_dim",
                                        "Alias": "date_dim_1",
                                        "Startup Cost": 0.42,
                                        "Total Cost": 12.91,
                                        "Plan Rows": 122,
                                        "Plan Width": 4,
                                        "Actual Startup Time": 0.01,
                                        "Actual Total Time": 0.016,
                                        "Actual Rows": 121,
                                        "Actual Loops": 229,
                                        "Index Cond": "((d_year = 1999) AND (d_moy >= 8) AND (d_moy <= 11))",
                                        "Rows Removed by Index Recheck": 0,
                                        "Heap Fetches": 0
                                      },
                                      {
                                        "Node Type": "Index Scan",
                                        "Parent Relationship": "Inner",
                                        "Parallel Aware": false,
                                        "Async Capable": false,
                                        "Scan Direction": "Forward",
                                        "Index Name": "_dta_index_web_sales_6_1269579561__k1_k5",
                                        "Relation Name": "web_sales",
                                        "Alias": "web_sales",
                                        "Startup Cost": 0.43,
                                        "Total Cost": 8.46,
                                        "Plan Rows": 1,
                                        "Plan Width": 8,
                                        "Actual Startup Time": 0.011,
                                        "Actual Total Time": 0.011,
                                        "Actual Rows": 0,
                                        "Actual Loops": 27711,
                                        "Index Cond": "((ws_sold_date_sk = date_dim_1.d_date_sk) AND (ws_bill_customer_sk = c.c_customer_sk))",
                                        "Rows Removed by Index Recheck": 0,
                                        "Filter": "(((ws_sales_price / ws_list_price) >= 0.20) AND ((ws_sales_price / ws_list_price) <= 0.30))",
                                        "Rows Removed by Filter": 0
                                      }
                                    ]
                                  },
                                  {
                                    "Node Type": "Index Scan",
                                    "Parent Relationship": "Inner",
                                    "Parallel Aware": false,
                                    "Async Capable": false,
                                    "Scan Direction": "Forward",
                                    "Index Name": "item_pkey",
                                    "Relation Name": "item",
                                    "Alias": "item_1",
                                    "Startup Cost": 0.29,
                                    "Total Cost": 8.32,
                                    "Plan Rows": 1,
                                    "Plan Width": 4,
                                    "Actual Startup Time": 0.004,
                                    "Actual Total Time": 0.004,
                                    "Actual Rows": 0,
                                    "Actual Loops": 200,
                                    "Index Cond": "(i_item_sk = web_sales.ws_item_sk)",
                                    "Rows Removed by Index Recheck": 0,
                                    "Filter": "((i_manager_id >= 66) AND (i_manager_id <= 75) AND (i_category = ANY ('{Children,Electronics,Music}'::bpchar[])))",
                                    "Rows Removed by Filter": 1
                                  }
                                ]
                              },
                              {
                                "Node Type": "Gather",
                                "Parent Relationship": "SubPlan",
                                "Subplan Name": "SubPlan 4",
                                "Parallel Aware": false,
                                "Async Capable": false,
                                "Startup Cost": 1001.02,
                                "Total Cost": 50878.19,
                                "Plan Rows": 4,
                                "Plan Width": 4,
                                "Actual Startup Time": 27.655,
                                "Actual Total Time": 5793.167,
                                "Actual Rows": 1630,
                                "Actual Loops": 1,
                                "Workers Planned": 2,
                                "Workers Launched": 2,
                                "Single Copy": false,
                                "Plans": [
                                  {
                                    "Node Type": "Nested Loop",
                                    "Parent Relationship": "Outer",
                                    "Parallel Aware": false,
                                    "Async Capable": false,
                                    "Join Type": "Inner",
                                    "Startup Cost": 1.02,
                                    "Total Cost": 49877.79,
                                    "Plan Rows": 2,
                                    "Plan Width": 4,
                                    "Actual Startup Time": 17.972,
                                    "Actual Total Time": 1939.68,
                                    "Actual Rows": 543,
                                    "Actual Loops": 3,
                                    "Inner Unique": true,
                                    "Workers": [],
                                    "Plans": [
                                      {
                                        "Node Type": "Nested Loop",
                                        "Parent Relationship": "Outer",
                                        "Parallel Aware": false,
                                        "Async Capable": false,
                                        "Join Type": "Inner",
                                        "Startup Cost": 0.73,
                                        "Total Cost": 49841.5,
                                        "Plan Rows": 50,
                                        "Plan Width": 8,
                                        "Actual Startup Time": 17.787,
                                        "Actual Total Time": 1873.228,
                                        "Actual Rows": 33110,
                                        "Actual Loops": 3,
                                        "Inner Unique": false,
                                        "Workers": [],
                                        "Plans": [
                                          {
                                            "Node Type": "Index Only Scan",
                                            "Parent Relationship": "Outer",
                                            "Parallel Aware": true,
                                            "Async Capable": false,
                                            "Scan Direction": "Forward",
                                            "Index Name": "_dta_index_date_dim_6_661577395__k1_k7_k9",
                                            "Relation Name": "date_dim",
                                            "Alias": "date_dim_2",
                                            "Startup Cost": 0.29,
                                            "Total Cost": 2047.66,
                                            "Plan Rows": 51,
                                            "Plan Width": 4,
                                            "Actual Startup Time": 14.909,
                                            "Actual Total Time": 14.952,
                                            "Actual Rows": 41,
                                            "Actual Loops": 3,
                                            "Index Cond": "((d_year = 1999) AND (d_moy >= 8) AND (d_moy <= 11))",
                                            "Rows Removed by Index Recheck": 0,
                                            "Heap Fetches": 0,
                                            "Workers": []
                                          },
                                          {
                                            "Node Type": "Index Scan",
                                            "Parent Relationship": "Inner",
                                            "Parallel Aware": false,
                                            "Async Capable": false,
                                            "Scan Direction": "Forward",
                                            "Index Name": "_dta_index_catalog_sales_6_1301579675__k1_4",
                                            "Relation Name": "catalog_sales",
                                            "Alias": "catalog_sales",
                                            "Startup Cost": 0.43,
                                            "Total Cost": 936.79,
                                            "Plan Rows": 34,
                                            "Plan Width": 12,
                                            "Actual Startup Time": 0.092,
                                            "Actual Total Time": 45.558,
                                            "Actual Rows": 814,
                                            "Actual Loops": 122,
                                            "Index Cond": "(cs_sold_date_sk = date_dim_2.d_date_sk)",
                                            "Rows Removed by Index Recheck": 0,
                                            "Filter": "(((cs_sales_price / cs_list_price) >= 0.20) AND ((cs_sales_price / cs_list_price) <= 0.30))",
                                            "Rows Removed by Filter": 5824,
                                            "Workers": []
                                          }
                                        ]
                                      },
                                      {
                                        "Node Type": "Index Scan",
                                        "Parent Relationship": "Inner",
                                        "Parallel Aware": false,
                                        "Async Capable": false,
                                        "Scan Direction": "Forward",
                                        "Index Name": "item_pkey",
                                        "Relation Name": "item",
                                        "Alias": "item_2",
                                        "Startup Cost": 0.29,
                                        "Total Cost": 0.73,
                                        "Plan Rows": 1,
                                        "Plan Width": 4,
                                        "Actual Startup Time": 0.002,
                                        "Actual Total Time": 0.002,
                                        "Actual Rows": 0,
                                        "Actual Loops": 99331,
                                        "Index Cond": "(i_item_sk = catalog_sales.cs_item_sk)",
                                        "Rows Removed by Index Recheck": 0,
                                        "Filter": "((i_manager_id >= 66) AND (i_manager_id <= 75) AND (i_category = ANY ('{Children,Electronics,Music}'::bpchar[])))",
                                        "Rows Removed by Filter": 1,
                                        "Workers": []
                                      }
                                    ]
                                  }
                                ]
                              }
                            ]
                          }
                        ]
                      },
                      {
                        "Node Type": "Index Scan",
                        "Parent Relationship": "Inner",
                        "Parallel Aware": false,
                        "Async Capable": false,
                        "Scan Direction": "Forward",
                        "Index Name": "customer_address_pkey",
                        "Relation Name": "customer_address",
                        "Alias": "ca",
                        "Startup Cost": 0.42,
                        "Total Cost": 1.47,
                        "Plan Rows": 1,
                        "Plan Width": 4,
                        "Actual Startup Time": 0.655,
                        "Actual Total Time": 0.655,
                        "Actual Rows": 0,
                        "Actual Loops": 7,
                        "Index Cond": "(ca_address_sk = c.c_current_addr_sk)",
                        "Rows Removed by Index Recheck": 0,
                        "Filter": "((ca_county)::text = ANY ('{\"Grays Harbor County\",\"Kootenai County\",\"Pike County\",\"Thomas County\",\"Uinta County\"}'::text[]))",
                        "Rows Removed by Filter": 1
                      }
                    ]
                  },
                  {
                    "Node Type": "Index Scan",
                    "Parent Relationship": "Inner",
                    "Parallel Aware": false,
                    "Async Capable": false,
                    "Scan Direction": "Forward",
                    "Index Name": "customer_demographics_pkey",
                    "Relation Name": "customer_demographics",
                    "Alias": "customer_demographics",
                    "Startup Cost": 0.43,
                    "Total Cost": 3.12,
                    "Plan Rows": 1,
                    "Plan Width": 56,
                    "Actual Startup Time": 0.0,
                    "Actual Total Time": 0.0,
                    "Actual Rows": 0,
                    "Actual Loops": 0,
                    "Index Cond": "(cd_demo_sk = c.c_current_cdemo_sk)",
                    "Rows Removed by Index Recheck": 0,
                    "Filter": "((cd_gender = 'M'::bpchar) AND (cd_marital_status = ANY ('{U,U,M}'::bpchar[])) AND (cd_education_status = ANY ('{College,Primary,\"2 yr Degree\"}'::bpchar[])))",
                    "Rows Removed by Filter": 0
                  }
                ]
              }
            ]
          }
        ]
      }
    ]
  },
  "actual_rows": 0,
  "provenance": {
    "database": "postgres://jakc9:jakc9@127.0.0.1:5434/dsb_sf10",
    "scale_factor": 10,
    "engine": "postgresql",
    "engine_version": "14.3",
    "cached_at": "2026-02-09T20:54:11.564384"
  }
}