{
  "execution_time_ms": 56867.534,
  "plan_text": "Limit  (rows=0, time=56864.214)\n  Aggregate  (rows=95599, time=2291.133)\n    Gather Merge  (rows=95661, time=2261.868)\n      Aggregate  (rows=31887, time=1798.863)\n        Sort  (rows=31974, time=1789.447)\n          Nested Loop  (rows=31974, time=1764.78)\n            Index Only Scan on date_dim  (rows=122, time=13.041)\n            Index Scan on store_returns  (rows=263, time=14.373)\n  Sort  (rows=0, time=56864.157)\n    Nested Loop  (rows=0, time=56864.145)\n      Nested Loop  (rows=0, time=56864.144)\n        Nested Loop  (rows=30, time=56855.134)\n          CTE Scan (ctr1)  (rows=582, time=56838.289)\n            Aggregate  (rows=1, time=29.506)\n              CTE Scan (ctr2)  (rows=2450, time=29.238)\n          Seq Scan on store  (rows=9, time=0.025)\n        Index Scan on customer  (rows=0, time=0.298)\n      Index Scan on customer_demographics  (rows=0, time=0.0)",
  "plan_json": {
    "Node Type": "Limit",
    "Parallel Aware": false,
    "Async Capable": false,
    "Startup Cost": 57062.2,
    "Total Cost": 57062.21,
    "Plan Rows": 1,
    "Plan Width": 17,
    "Actual Startup Time": 56864.156,
    "Actual Total Time": 56864.214,
    "Actual Rows": 0,
    "Actual Loops": 1,
    "Plans": [
      {
        "Node Type": "Aggregate",
        "Strategy": "Sorted",
        "Partial Mode": "Finalize",
        "Parent Relationship": "InitPlan",
        "Subplan Name": "CTE customer_total_return",
        "Parallel Aware": false,
        "Async Capable": false,
        "Startup Cost": 56329.25,
        "Total Cost": 56351.65,
        "Plan Rows": 174,
        "Plan Width": 44,
        "Actual Startup Time": 2245.638,
        "Actual Total Time": 2291.133,
        "Actual Rows": 95599,
        "Actual Loops": 1,
        "Group Key": [
          "store_returns.sr_customer_sk",
          "store_returns.sr_store_sk",
          "store_returns.sr_reason_sk"
        ],
        "Plans": [
          {
            "Node Type": "Gather Merge",
            "Parent Relationship": "Outer",
            "Parallel Aware": false,
            "Async Capable": false,
            "Startup Cost": 56329.25,
            "Total Cost": 56347.68,
            "Plan Rows": 144,
            "Plan Width": 44,
            "Actual Startup Time": 2245.629,
            "Actual Total Time": 2261.868,
            "Actual Rows": 95661,
            "Actual Loops": 1,
            "Workers Planned": 2,
            "Workers Launched": 2,
            "Plans": [
              {
                "Node Type": "Aggregate",
                "Strategy": "Sorted",
                "Partial Mode": "Partial",
                "Parent Relationship": "Outer",
                "Parallel Aware": false,
                "Async Capable": false,
                "Startup Cost": 55329.23,
                "Total Cost": 55331.03,
                "Plan Rows": 72,
                "Plan Width": 44,
                "Actual Startup Time": 1787.627,
                "Actual Total Time": 1798.863,
                "Actual Rows": 31887,
                "Actual Loops": 3,
                "Group Key": [
                  "store_returns.sr_customer_sk",
                  "store_returns.sr_store_sk",
                  "store_returns.sr_reason_sk"
                ],
                "Workers": [],
                "Plans": [
                  {
                    "Node Type": "Sort",
                    "Parent Relationship": "Outer",
                    "Parallel Aware": false,
                    "Async Capable": false,
                    "Startup Cost": 55329.23,
                    "Total Cost": 55329.41,
                    "Plan Rows": 72,
                    "Plan Width": 18,
                    "Actual Startup Time": 1787.618,
                    "Actual Total Time": 1789.447,
                    "Actual Rows": 31974,
                    "Actual Loops": 3,
                    "Sort Key": [
                      "store_returns.sr_customer_sk",
                      "store_returns.sr_store_sk",
                      "store_returns.sr_reason_sk"
                    ],
                    "Sort Method": "quicksort",
                    "Sort Space Used": 1061,
                    "Sort Space Type": "Memory",
                    "Workers": [
                      {
                        "Worker Number": 0,
                        "Sort Method": "quicksort",
                        "Sort Space Used": 997,
                        "Sort Space Type": "Memory"
                      },
                      {
                        "Worker Number": 1,
                        "Sort Method": "external merge",
                        "Sort Space Used": 1944,
                        "Sort Space Type": "Disk"
                      }
                    ],
                    "Plans": [
                      {
                        "Node Type": "Nested Loop",
                        "Parent Relationship": "Outer",
                        "Parallel Aware": false,
                        "Async Capable": false,
                        "Join Type": "Inner",
                        "Startup Cost": 0.72,
                        "Total Cost": 55327.01,
                        "Plan Rows": 72,
                        "Plan Width": 18,
                        "Actual Startup Time": 10.838,
                        "Actual Total Time": 1764.78,
                        "Actual Rows": 31974,
                        "Actual Loops": 3,
                        "Inner Unique": false,
                        "Workers": [],
                        "Plans": [
                          {
                            "Node Type": "Index Only Scan",
                            "Parent Relationship": "Outer",
                            "Parallel Aware": true,
                            "Async Capable": false,
                            "Scan Direction": "Forward",
                            "Index Name": "_dta_index_date_dim_6_661577395__k1_k7_k9",
                            "Relation Name": "date_dim",
                            "Alias": "date_dim",
                            "Startup Cost": 0.29,
                            "Total Cost": 1688.68,
                            "Plan Rows": 152,
                            "Plan Width": 4,
                            "Actual Startup Time": 8.595,
                            "Actual Total Time": 13.041,
                            "Actual Rows": 122,
                            "Actual Loops": 3,
                            "Index Cond": "(d_year = 2002)",
                            "Rows Removed by Index Recheck": 0,
                            "Heap Fetches": 0,
                            "Workers": []
                          },
                          {
                            "Node Type": "Index Scan",
                            "Parent Relationship": "Inner",
                            "Parallel Aware": false,
                            "Async Capable": false,
                            "Scan Direction": "Forward",
                            "Index Name": "_dta_index_store_returns_6_1013578649__k1_3_4_10",
                            "Relation Name": "store_returns",
                            "Alias": "store_returns",
                            "Startup Cost": 0.43,
                            "Total Cost": 352.72,
                            "Plan Rows": 16,
                            "Plan Width": 22,
                            "Actual Startup Time": 0.053,
                            "Actual Total Time": 14.373,
                            "Actual Rows": 263,
                            "Actual Loops": 365,
                            "Index Cond": "(sr_returned_date_sk = date_dim.d_date_sk)",
                            "Rows Removed by Index Recheck": 0,
                            "Filter": "(((sr_return_amt / (sr_return_quantity)::numeric) >= '108'::numeric) AND ((sr_return_amt / (sr_return_quantity)::numeric) <= '167'::numeric))",
                            "Rows Removed by Filter": 2612,
                            "Workers": []
                          }
                        ]
                      }
                    ]
                  }
                ]
              }
            ]
          }
        ]
      },
      {
        "Node Type": "Sort",
        "Parent Relationship": "Outer",
        "Parallel Aware": false,
        "Async Capable": false,
        "Startup Cost": 710.55,
        "Total Cost": 710.56,
        "Plan Rows": 1,
        "Plan Width": 17,
        "Actual Startup Time": 56864.155,
        "Actual Total Time": 56864.157,
        "Actual Rows": 0,
        "Actual Loops": 1,
        "Sort Key": [
          "customer.c_customer_id"
        ],
        "Sort Method": "quicksort",
        "Sort Space Used": 25,
        "Sort Space Type": "Memory",
        "Plans": [
          {
            "Node Type": "Nested Loop",
            "Parent Relationship": "Outer",
            "Parallel Aware": false,
            "Async Capable": false,
            "Join Type": "Inner",
            "Startup Cost": 0.85,
            "Total Cost": 710.54,
            "Plan Rows": 1,
            "Plan Width": 17,
            "Actual Startup Time": 56864.143,
            "Actual Total Time": 56864.145,
            "Actual Rows": 0,
            "Actual Loops": 1,
            "Inner Unique": true,
            "Plans": [
              {
                "Node Type": "Nested Loop",
                "Parent Relationship": "Outer",
                "Parallel Aware": false,
                "Async Capable": false,
                "Join Type": "Inner",
                "Startup Cost": 0.42,
                "Total Cost": 704.01,
                "Plan Rows": 1,
                "Plan Width": 21,
                "Actual Startup Time": 56864.143,
                "Actual Total Time": 56864.144,
                "Actual Rows": 0,
                "Actual Loops": 1,
                "Inner Unique": true,
                "Plans": [
                  {
                    "Node Type": "Nested Loop",
                    "Parent Relationship": "Outer",
                    "Parallel Aware": false,
                    "Async Capable": false,
                    "Join Type": "Inner",
                    "Startup Cost": 0.0,
                    "Total Cost": 695.55,
                    "Plan Rows": 1,
                    "Plan Width": 4,
                    "Actual Startup Time": 4878.559,
                    "Actual Total Time": 56855.134,
                    "Actual Rows": 30,
                    "Actual Loops": 1,
                    "Inner Unique": true,
                    "Join Filter": "(store.s_store_sk = ctr1.ctr_store_sk)",
                    "Rows Removed by Join Filter": 5089,
                    "Plans": [
                      {
                        "Node Type": "CTE Scan",
                        "Parent Relationship": "Outer",
                        "Parallel Aware": false,
                        "Async Capable": false,
                        "CTE Name": "customer_total_return",
                        "Alias": "ctr1",
                        "Startup Cost": 0.0,
                        "Total Cost": 689.04,
                        "Plan Rows": 1,
                        "Plan Width": 8,
                        "Actual Startup Time": 2335.144,
                        "Actual Total Time": 56838.289,
                        "Actual Rows": 582,
                        "Actual Loops": 1,
                        "Filter": "((ctr_reason_sk >= 43) AND (ctr_reason_sk <= 46) AND (ctr_total_return > (SubPlan 2)))",
                        "Rows Removed by Filter": 95017,
                        "Plans": [
                          {
                            "Node Type": "Aggregate",
                            "Strategy": "Plain",
                            "Partial Mode": "Simple",
                            "Parent Relationship": "SubPlan",
                            "Subplan Name": "SubPlan 2",
                            "Parallel Aware": false,
                            "Async Capable": false,
                            "Startup Cost": 3.92,
                            "Total Cost": 3.93,
                            "Plan Rows": 1,
                            "Plan Width": 32,
                            "Actual Startup Time": 29.505,
                            "Actual Total Time": 29.506,
                            "Actual Rows": 1,
                            "Actual Loops": 1845,
                            "Plans": [
                              {
                                "Node Type": "CTE Scan",
                                "Parent Relationship": "Outer",
                                "Parallel Aware": false,
                                "Async Capable": false,
                                "CTE Name": "customer_total_return",
                                "Alias": "ctr2",
                                "Startup Cost": 0.0,
                                "Total Cost": 3.92,
                                "Plan Rows": 1,
                                "Plan Width": 32,
                                "Actual Startup Time": 0.195,
                                "Actual Total Time": 29.238,
                                "Actual Rows": 2450,
                                "Actual Loops": 1845,
                                "Filter": "(ctr1.ctr_store_sk = ctr_store_sk)",
                                "Rows Removed by Filter": 93149
                              }
                            ]
                          }
                        ]
                      },
                      {
                        "Node Type": "Seq Scan",
                        "Parent Relationship": "Inner",
                        "Parallel Aware": false,
                        "Async Capable": false,
                        "Relation Name": "store",
                        "Alias": "store",
                        "Startup Cost": 0.0,
                        "Total Cost": 6.4,
                        "Plan Rows": 9,
                        "Plan Width": 4,
                        "Actual Startup Time": 0.009,
                        "Actual Total Time": 0.025,
                        "Actual Rows": 9,
                        "Actual Loops": 582,
                        "Filter": "(s_state = ANY ('{IL,KY,TX}'::bpchar[]))",
                        "Rows Removed by Filter": 91
                      }
                    ]
                  },
                  {
                    "Node Type": "Index Scan",
                    "Parent Relationship": "Inner",
                    "Parallel Aware": false,
                    "Async Capable": false,
                    "Scan Direction": "Forward",
                    "Index Name": "_dta_index_customer_6_949578421__k1_k5",
                    "Relation Name": "customer",
                    "Alias": "customer",
                    "Startup Cost": 0.42,
                    "Total Cost": 8.45,
                    "Plan Rows": 1,
                    "Plan Width": 25,
                    "Actual Startup Time": 0.298,
                    "Actual Total Time": 0.298,
                    "Actual Rows": 0,
                    "Actual Loops": 30,
                    "Index Cond": "(c_customer_sk = ctr1.ctr_customer_sk)",
                    "Rows Removed by Index Recheck": 0,
                    "Filter": "((c_birth_year >= 1965) AND (c_birth_year <= 1971) AND (c_birth_month = 2))",
                    "Rows Removed by Filter": 1
                  }
                ]
              },
              {
                "Node Type": "Index Scan",
                "Parent Relationship": "Inner",
                "Parallel Aware": false,
                "Async Capable": false,
                "Scan Direction": "Forward",
                "Index Name": "customer_demographics_pkey",
                "Relation Name": "customer_demographics",
                "Alias": "customer_demographics",
                "Startup Cost": 0.43,
                "Total Cost": 6.54,
                "Plan Rows": 1,
                "Plan Width": 4,
                "Actual Startup Time": 0.0,
                "Actual Total Time": 0.0,
                "Actual Rows": 0,
                "Actual Loops": 0,
                "Index Cond": "(cd_demo_sk = customer.c_current_cdemo_sk)",
                "Rows Removed by Index Recheck": 0,
                "Filter": "((cd_marital_status = ANY ('{M,M}'::bpchar[])) AND (cd_education_status = ANY ('{\"Advanced Degree\",College}'::bpchar[])) AND (cd_gender = 'F'::bpchar))",
                "Rows Removed by Filter": 0
              }
            ]
          }
        ]
      }
    ]
  },
  "actual_rows": 0
}