{
  "execution_time_ms": 29559.423,
  "plan_text": "Sort  (rows=304, time=29545.727)\n  Aggregate  (rows=304, time=29545.664)\n    Gather Merge  (rows=315, time=29545.591)\n      Aggregate  (rows=105, time=20453.572)\n        Incremental Sort  (rows=192, time=20453.515)\n          Nested Loop  (rows=192, time=20453.184)\n            Nested Loop  (rows=192, time=20434.623)\n              Nested Loop  (rows=6215, time=20185.766)\n                Nested Loop  (rows=3468, time=19364.916)\n                  Nested Loop  (rows=76967, time=12154.905)\n                    Merge Join  (rows=77900, time=7574.558)\n                      Sort  (rows=218145, time=7502.536)\n                        Nested Loop  (rows=218147, time=7252.393)\n                          Index Only Scan on date_dim  (rows=243, time=22.075)\n                          Index Only Scan on store_sales (s1)  (rows=896, time=29.575)\n                      Sort  (rows=25326, time=31.06)\n                        Index Only Scan on item (item1)  (rows=25326, time=26.606)\n                    Index Scan on customer  (rows=1, time=0.058)\n                  Index Scan on customer_demographics  (rows=0, time=0.093)\n                Index Scan on store_sales (s2)  (rows=2, time=0.236)\n              Index Scan on item (item2)  (rows=0, time=0.039)\n            Index Only Scan on customer_address  (rows=1, time=0.095)",
  "plan_json": {
    "Node Type": "Sort",
    "Parallel Aware": false,
    "Async Capable": false,
    "Startup Cost": 318793.56,
    "Total Cost": 318793.79,
    "Plan Rows": 92,
    "Plan Width": 16,
    "Actual Startup Time": 29545.644,
    "Actual Total Time": 29545.727,
    "Actual Rows": 304,
    "Actual Loops": 1,
    "Sort Key": [
      "(count(*))"
    ],
    "Sort Method": "quicksort",
    "Sort Space Used": 36,
    "Sort Space Type": "Memory",
    "Plans": [
      {
        "Node Type": "Aggregate",
        "Strategy": "Sorted",
        "Partial Mode": "Finalize",
        "Parent Relationship": "Outer",
        "Parallel Aware": false,
        "Async Capable": false,
        "Startup Cost": 290697.55,
        "Total Cost": 318790.55,
        "Plan Rows": 92,
        "Plan Width": 16,
        "Actual Startup Time": 21098.545,
        "Actual Total Time": 29545.664,
        "Actual Rows": 304,
        "Actual Loops": 1,
        "Group Key": [
          "item1.i_item_sk",
          "item2.i_item_sk"
        ],
        "Plans": [
          {
            "Node Type": "Gather Merge",
            "Parent Relationship": "Outer",
            "Parallel Aware": false,
            "Async Capable": false,
            "Startup Cost": 290697.55,
            "Total Cost": 318789.06,
            "Plan Rows": 76,
            "Plan Width": 16,
            "Actual Startup Time": 21098.513,
            "Actual Total Time": 29545.591,
            "Actual Rows": 315,
            "Actual Loops": 1,
            "Workers Planned": 2,
            "Workers Launched": 2,
            "Plans": [
              {
                "Node Type": "Aggregate",
                "Strategy": "Sorted",
                "Partial Mode": "Partial",
                "Parent Relationship": "Outer",
                "Parallel Aware": false,
                "Async Capable": false,
                "Startup Cost": 289697.53,
                "Total Cost": 317780.27,
                "Plan Rows": 38,
                "Plan Width": 16,
                "Actual Startup Time": 9459.715,
                "Actual Total Time": 20453.572,
                "Actual Rows": 105,
                "Actual Loops": 3,
                "Group Key": [
                  "item1.i_item_sk",
                  "item2.i_item_sk"
                ],
                "Workers": [],
                "Plans": [
                  {
                    "Node Type": "Incremental Sort",
                    "Parent Relationship": "Outer",
                    "Parallel Aware": false,
                    "Async Capable": false,
                    "Startup Cost": 289697.53,
                    "Total Cost": 317779.6,
                    "Plan Rows": 38,
                    "Plan Width": 8,
                    "Actual Startup Time": 9459.687,
                    "Actual Total Time": 20453.515,
                    "Actual Rows": 192,
                    "Actual Loops": 3,
                    "Sort Key": [
                      "item1.i_item_sk",
                      "item2.i_item_sk"
                    ],
                    "Presorted Key": [
                      "item1.i_item_sk"
                    ],
                    "Full-sort Groups": {
                      "Group Count": 5,
                      "Sort Methods Used": [
                        "quicksort"
                      ],
                      "Sort Space Memory": {
                        "Average Sort Space Used": 26,
                        "Peak Sort Space Used": 26
                      }
                    },
                    "Workers": [
                      {
                        "Worker Number": 0,
                        "Full-sort Groups": {
                          "Group Count": 5,
                          "Sort Methods Used": [
                            "quicksort"
                          ],
                          "Sort Space Memory": {
                            "Average Sort Space Used": 26,
                            "Peak Sort Space Used": 26
                          }
                        }
                      },
                      {
                        "Worker Number": 1,
                        "Full-sort Groups": {
                          "Group Count": 6,
                          "Sort Methods Used": [
                            "quicksort"
                          ],
                          "Sort Space Memory": {
                            "Average Sort Space Used": 26,
                            "Peak Sort Space Used": 26
                          }
                        }
                      }
                    ],
                    "Plans": [
                      {
                        "Node Type": "Nested Loop",
                        "Parent Relationship": "Outer",
                        "Parallel Aware": false,
                        "Async Capable": false,
                        "Join Type": "Inner",
                        "Startup Cost": 288938.59,
                        "Total Cost": 317777.89,
                        "Plan Rows": 38,
                        "Plan Width": 8,
                        "Actual Startup Time": 7540.401,
                        "Actual Total Time": 20453.184,
                        "Actual Rows": 192,
                        "Actual Loops": 3,
                        "Inner Unique": true,
                        "Workers": [],
                        "Plans": [
                          {
                            "Node Type": "Nested Loop",
                            "Parent Relationship": "Outer",
                            "Parallel Aware": false,
                            "Async Capable": false,
                            "Join Type": "Inner",
                            "Startup Cost": 288938.17,
                            "Total Cost": 317682.87,
                            "Plan Rows": 38,
                            "Plan Width": 12,
                            "Actual Startup Time": 7539.761,
                            "Actual Total Time": 20434.623,
                            "Actual Rows": 192,
                            "Actual Loops": 3,
                            "Inner Unique": true,
                            "Join Filter": "(item1.i_item_sk < item2.i_item_sk)",
                            "Rows Removed by Join Filter": 556,
                            "Workers": [],
                            "Plans": [
                              {
                                "Node Type": "Nested Loop",
                                "Parent Relationship": "Outer",
                                "Parallel Aware": false,
                                "Async Capable": false,
                                "Join Type": "Inner",
                                "Startup Cost": 288937.88,
                                "Total Cost": 315114.65,
                                "Plan Rows": 578,
                                "Plan Width": 12,
                                "Actual Startup Time": 7498.028,
                                "Actual Total Time": 20185.766,
                                "Actual Rows": 6215,
                                "Actual Loops": 3,
                                "Inner Unique": false,
                                "Workers": [],
                                "Plans": [
                                  {
                                    "Node Type": "Nested Loop",
                                    "Parent Relationship": "Outer",
                                    "Parallel Aware": false,
                                    "Async Capable": false,
                                    "Join Type": "Inner",
                                    "Startup Cost": 288937.44,
                                    "Total Cost": 306254.21,
                                    "Plan Rows": 49,
                                    "Plan Width": 12,
                                    "Actual Startup Time": 7497.151,
                                    "Actual Total Time": 19364.916,
                                    "Actual Rows": 3468,
                                    "Actual Loops": 3,
                                    "Inner Unique": true,
                                    "Workers": [],
                                    "Plans": [
                                      {
                                        "Node Type": "Nested Loop",
                                        "Parent Relationship": "Outer",
                                        "Parallel Aware": false,
                                        "Async Capable": false,
                                        "Join Type": "Inner",
                                        "Startup Cost": 288937.01,
                                        "Total Cost": 297840.54,
                                        "Plan Rows": 1818,
                                        "Plan Width": 16,
                                        "Actual Startup Time": 7481.325,
                                        "Actual Total Time": 12154.905,
                                        "Actual Rows": 76967,
                                        "Actual Loops": 3,
                                        "Inner Unique": true,
                                        "Workers": [],
                                        "Plans": [
                                          {
                                            "Node Type": "Merge Join",
                                            "Parent Relationship": "Outer",
                                            "Parallel Aware": false,
                                            "Async Capable": false,
                                            "Join Type": "Inner",
                                            "Startup Cost": 288936.59,
                                            "Total Cost": 289121.26,
                                            "Plan Rows": 1906,
                                            "Plan Width": 12,
                                            "Actual Startup Time": 7480.641,
                                            "Actual Total Time": 7574.558,
                                            "Actual Rows": 77900,
                                            "Actual Loops": 3,
                                            "Inner Unique": true,
                                            "Merge Cond": "(s1.ss_item_sk = item1.i_item_sk)",
                                            "Workers": [],
                                            "Plans": [
                                              {
                                                "Node Type": "Sort",
                                                "Parent Relationship": "Outer",
                                                "Parallel Aware": false,
                                                "Async Capable": false,
                                                "Startup Cost": 284832.88,
                                                "Total Cost": 284851.94,
                                                "Plan Rows": 7623,
                                                "Plan Width": 12,
                                                "Actual Startup Time": 7452.318,
                                                "Actual Total Time": 7502.536,
                                                "Actual Rows": 218145,
                                                "Actual Loops": 3,
                                                "Sort Key": [
                                                  "s1.ss_item_sk"
                                                ],
                                                "Sort Method": "external merge",
                                                "Sort Space Used": 4960,
                                                "Sort Space Type": "Disk",
                                                "Workers": [
                                                  {
                                                    "Worker Number": 0,
                                                    "Sort Method": "external merge",
                                                    "Sort Space Used": 4512,
                                                    "Sort Space Type": "Disk"
                                                  },
                                                  {
                                                    "Worker Number": 1,
                                                    "Sort Method": "external merge",
                                                    "Sort Space Used": 4624,
                                                    "Sort Space Type": "Disk"
                                                  }
                                                ],
                                                "Plans": [
                                                  {
                                                    "Node Type": "Nested Loop",
                                                    "Parent Relationship": "Outer",
                                                    "Parallel Aware": false,
                                                    "Async Capable": false,
                                                    "Join Type": "Inner",
                                                    "Startup Cost": 0.85,
                                                    "Total Cost": 284341.34,
                                                    "Plan Rows": 7623,
                                                    "Plan Width": 12,
                                                    "Actual Startup Time": 31.711,
                                                    "Actual Total Time": 7252.393,
                                                    "Actual Rows": 218147,
                                                    "Actual Loops": 3,
                                                    "Inner Unique": false,
                                                    "Workers": [],
                                                    "Plans": [
                                                      {
                                                        "Node Type": "Index Only Scan",
                                                        "Parent Relationship": "Outer",
                                                        "Parallel Aware": true,
                                                        "Async Capable": false,
                                                        "Scan Direction": "Forward",
                                                        "Index Name": "_dta_index_date_dim_6_661577395__k1_k7_k9",
                                                        "Relation Name": "date_dim",
                                                        "Alias": "date_dim",
                                                        "Startup Cost": 0.29,
                                                        "Total Cost": 1878.06,
                                                        "Plan Rows": 302,
                                                        "Plan Width": 4,
                                                        "Actual Startup Time": 16.605,
                                                        "Actual Total Time": 22.075,
                                                        "Actual Rows": 243,
                                                        "Actual Loops": 3,
                                                        "Index Cond": "((d_year >= 1998) AND (d_year <= 1999))",
                                                        "Rows Removed by Index Recheck": 0,
                                                        "Heap Fetches": 0,
                                                        "Workers": []
                                                      },
                                                      {
                                                        "Node Type": "Index Only Scan",
                                                        "Parent Relationship": "Inner",
                                                        "Parallel Aware": false,
                                                        "Async Capable": false,
                                                        "Scan Direction": "Forward",
                                                        "Index Name": "_dta_index_store_sales_6_1333579789__k1_k23_k14_k6_k8_k5_k7_3_4",
                                                        "Relation Name": "store_sales",
                                                        "Alias": "s1",
                                                        "Startup Cost": 0.56,
                                                        "Total Cost": 926.31,
                                                        "Plan Rows": 900,
                                                        "Plan Width": 16,
                                                        "Actual Startup Time": 0.164,
                                                        "Actual Total Time": 29.575,
                                                        "Actual Rows": 896,
                                                        "Actual Loops": 730,
                                                        "Index Cond": "(ss_sold_date_sk = date_dim.d_date_sk)",
                                                        "Rows Removed by Index Recheck": 0,
                                                        "Filter": "((ss_list_price >= '108'::numeric) AND (ss_list_price <= '122'::numeric))",
                                                        "Rows Removed by Filter": 11605,
                                                        "Heap Fetches": 0,
                                                        "Workers": []
                                                      }
                                                    ]
                                                  }
                                                ]
                                              },
                                              {
                                                "Node Type": "Sort",
                                                "Parent Relationship": "Inner",
                                                "Parallel Aware": false,
                                                "Async Capable": false,
                                                "Startup Cost": 4103.71,
                                                "Total Cost": 4167.46,
                                                "Plan Rows": 25500,
                                                "Plan Width": 4,
                                                "Actual Startup Time": 28.277,
                                                "Actual Total Time": 31.06,
                                                "Actual Rows": 25326,
                                                "Actual Loops": 3,
                                                "Sort Key": [
                                                  "item1.i_item_sk"
                                                ],
                                                "Sort Method": "quicksort",
                                                "Sort Space Used": 769,
                                                "Sort Space Type": "Memory",
                                                "Workers": [
                                                  {
                                                    "Worker Number": 0,
                                                    "Sort Method": "quicksort",
                                                    "Sort Space Used": 769,
                                                    "Sort Space Type": "Memory"
                                                  },
                                                  {
                                                    "Worker Number": 1,
                                                    "Sort Method": "quicksort",
                                                    "Sort Space Used": 769,
                                                    "Sort Space Type": "Memory"
                                                  }
                                                ],
                                                "Plans": [
                                                  {
                                                    "Node Type": "Index Only Scan",
                                                    "Parent Relationship": "Outer",
                                                    "Parallel Aware": false,
                                                    "Async Capable": false,
                                                    "Scan Direction": "Forward",
                                                    "Index Name": "_dta_index_item_6_853578079__k13_k11_k1",
                                                    "Relation Name": "item",
                                                    "Alias": "item1",
                                                    "Startup Cost": 0.42,
                                                    "Total Cost": 2237.34,
                                                    "Plan Rows": 25500,
                                                    "Plan Width": 4,
                                                    "Actual Startup Time": 1.233,
                                                    "Actual Total Time": 26.606,
                                                    "Actual Rows": 25326,
                                                    "Actual Loops": 3,
                                                    "Index Cond": "(i_category = ANY ('{Electronics,Jewelry}'::bpchar[]))",
                                                    "Rows Removed by Index Recheck": 0,
                                                    "Heap Fetches": 0,
                                                    "Workers": []
                                                  }
                                                ]
                                              }
                                            ]
                                          },
                                          {
                                            "Node Type": "Index Scan",
                                            "Parent Relationship": "Inner",
                                            "Parallel Aware": false,
                                            "Async Capable": false,
                                            "Scan Direction": "Forward",
                                            "Index Name": "_dta_index_customer_6_949578421__k1_k5",
                                            "Relation Name": "customer",
                                            "Alias": "customer",
                                            "Startup Cost": 0.42,
                                            "Total Cost": 4.57,
                                            "Plan Rows": 1,
                                            "Plan Width": 12,
                                            "Actual Startup Time": 0.058,
                                            "Actual Total Time": 0.058,
                                            "Actual Rows": 1,
                                            "Actual Loops": 233700,
                                            "Index Cond": "(c_customer_sk = s1.ss_customer_sk)",
                                            "Rows Removed by Index Recheck": 0,
                                            "Workers": []
                                          }
                                        ]
                                      },
                                      {
                                        "Node Type": "Index Scan",
                                        "Parent Relationship": "Inner",
                                        "Parallel Aware": false,
                                        "Async Capable": false,
                                        "Scan Direction": "Forward",
                                        "Index Name": "customer_demographics_pkey",
                                        "Relation Name": "customer_demographics",
                                        "Alias": "customer_demographics",
                                        "Startup Cost": 0.43,
                                        "Total Cost": 4.63,
                                        "Plan Rows": 1,
                                        "Plan Width": 4,
                                        "Actual Startup Time": 0.093,
                                        "Actual Total Time": 0.093,
                                        "Actual Rows": 0,
                                        "Actual Loops": 230900,
                                        "Index Cond": "(cd_demo_sk = customer.c_current_cdemo_sk)",
                                        "Rows Removed by Index Recheck": 0,
                                        "Filter": "((cd_marital_status = 'S'::bpchar) AND (cd_education_status = 'College'::bpchar))",
                                        "Rows Removed by Filter": 1,
                                        "Workers": []
                                      }
                                    ]
                                  },
                                  {
                                    "Node Type": "Index Scan",
                                    "Parent Relationship": "Inner",
                                    "Parallel Aware": false,
                                    "Async Capable": false,
                                    "Scan Direction": "Forward",
                                    "Index Name": "_dta_index_store_sales_6_1333579789__k10_k3",
                                    "Relation Name": "store_sales",
                                    "Alias": "s2",
                                    "Startup Cost": 0.44,
                                    "Total Cost": 180.71,
                                    "Plan Rows": 12,
                                    "Plan Width": 8,
                                    "Actual Startup Time": 0.226,
                                    "Actual Total Time": 0.236,
                                    "Actual Rows": 2,
                                    "Actual Loops": 10404,
                                    "Index Cond": "(ss_ticket_number = s1.ss_ticket_number)",
                                    "Rows Removed by Index Recheck": 0,
                                    "Filter": "((ss_list_price >= '108'::numeric) AND (ss_list_price <= '122'::numeric))",
                                    "Rows Removed by Filter": 11,
                                    "Workers": []
                                  }
                                ]
                              },
                              {
                                "Node Type": "Index Scan",
                                "Parent Relationship": "Inner",
                                "Parallel Aware": false,
                                "Async Capable": false,
                                "Scan Direction": "Forward",
                                "Index Name": "item_pkey",
                                "Relation Name": "item",
                                "Alias": "item2",
                                "Startup Cost": 0.29,
                                "Total Cost": 4.43,
                                "Plan Rows": 1,
                                "Plan Width": 4,
                                "Actual Startup Time": 0.039,
                                "Actual Total Time": 0.039,
                                "Actual Rows": 0,
                                "Actual Loops": 18644,
                                "Index Cond": "(i_item_sk = s2.ss_item_sk)",
                                "Rows Removed by Index Recheck": 0,
                                "Filter": "((i_manager_id >= 81) AND (i_manager_id <= 100))",
                                "Rows Removed by Filter": 1,
                                "Workers": []
                              }
                            ]
                          },
                          {
                            "Node Type": "Index Only Scan",
                            "Parent Relationship": "Inner",
                            "Parallel Aware": false,
                            "Async Capable": false,
                            "Scan Direction": "Forward",
                            "Index Name": "customer_address_pkey",
                            "Relation Name": "customer_address",
                            "Alias": "customer_address",
                            "Startup Cost": 0.42,
                            "Total Cost": 2.5,
                            "Plan Rows": 1,
                            "Plan Width": 4,
                            "Actual Startup Time": 0.095,
                            "Actual Total Time": 0.095,
                            "Actual Rows": 1,
                            "Actual Loops": 575,
                            "Index Cond": "(ca_address_sk = customer.c_current_addr_sk)",
                            "Rows Removed by Index Recheck": 0,
                            "Heap Fetches": 0,
                            "Workers": []
                          }
                        ]
                      }
                    ]
                  }
                ]
              }
            ]
          }
        ]
      }
    ]
  },
  "actual_rows": 304,
  "provenance": {
    "database": "postgres://jakc9:jakc9@127.0.0.1:5434/dsb_sf10",
    "scale_factor": 10,
    "engine": "postgresql",
    "engine_version": "14.3",
    "cached_at": "2026-02-09T21:27:00.204314"
  }
}