{
  "execution_time_ms": 4439.824,
  "plan_text": "Limit  (rows=2, time=4439.55)\n  Aggregate  (rows=2, time=4439.548)\n    Nested Loop  (rows=2, time=4439.51)\n      Nested Loop  (rows=37, time=4438.911)\n        Gather Merge  (rows=31297, time=1722.685)\n          Sort  (rows=10432, time=1285.715)\n            Nested Loop  (rows=10432, time=1230.691)\n              Nested Loop  (rows=10432, time=1214.284)\n                Hash Join  (rows=10567, time=1207.621)\n                  Nested Loop  (rows=142816, time=115.934)\n                    Index Only Scan on date_dim (d1)  (rows=10, time=0.919)\n                    Index Only Scan on store_sales  (rows=14774, time=11.226)\n                  Hash  (rows=72770, time=1060.776)\n                    Nested Loop  (rows=72770, time=357.701)\n                      Index Only Scan on date_dim (d2)  (rows=30, time=17.456)\n                      Index Scan on store_returns  (rows=2426, time=11.065)\n                Index Only Scan on store  (rows=1, time=0.0)\n              Index Only Scan on item  (rows=1, time=0.001)\n        Index Only Scan on catalog_sales  (rows=0, time=0.086)\n      Index Only Scan on date_dim (d3)  (rows=0, time=0.015)",
  "plan_json": {
    "Node Type": "Limit",
    "Parallel Aware": false,
    "Async Capable": false,
    "Startup Cost": 28294.76,
    "Total Cost": 28301.11,
    "Plan Rows": 1,
    "Plan Width": 236,
    "Actual Startup Time": 2978.981,
    "Actual Total Time": 4439.55,
    "Actual Rows": 2,
    "Actual Loops": 1,
    "Plans": [
      {
        "Node Type": "Aggregate",
        "Strategy": "Sorted",
        "Partial Mode": "Simple",
        "Parent Relationship": "Outer",
        "Parallel Aware": false,
        "Async Capable": false,
        "Startup Cost": 28294.76,
        "Total Cost": 28301.11,
        "Plan Rows": 1,
        "Plan Width": 236,
        "Actual Startup Time": 2978.98,
        "Actual Total Time": 4439.548,
        "Actual Rows": 2,
        "Actual Loops": 1,
        "Group Key": [
          "item.i_item_id",
          "item.i_item_desc",
          "store.s_store_id",
          "store.s_store_name"
        ],
        "Plans": [
          {
            "Node Type": "Nested Loop",
            "Parent Relationship": "Outer",
            "Parallel Aware": false,
            "Async Capable": false,
            "Join Type": "Inner",
            "Startup Cost": 28294.76,
            "Total Cost": 28301.07,
            "Plan Rows": 1,
            "Plan Width": 158,
            "Actual Startup Time": 1757.919,
            "Actual Total Time": 4439.51,
            "Actual Rows": 2,
            "Actual Loops": 1,
            "Inner Unique": true,
            "Plans": [
              {
                "Node Type": "Nested Loop",
                "Parent Relationship": "Outer",
                "Parallel Aware": false,
                "Async Capable": false,
                "Join Type": "Inner",
                "Startup Cost": 28294.46,
                "Total Cost": 28298.76,
                "Plan Rows": 1,
                "Plan Width": 162,
                "Actual Startup Time": 1746.586,
                "Actual Total Time": 4438.911,
                "Actual Rows": 37,
                "Actual Loops": 1,
                "Inner Unique": false,
                "Join Filter": "(catalog_sales.cs_item_sk = item.i_item_sk)",
                "Rows Removed by Join Filter": 0,
                "Plans": [
                  {
                    "Node Type": "Gather Merge",
                    "Parent Relationship": "Outer",
                    "Parallel Aware": false,
                    "Async Capable": false,
                    "Startup Cost": 28293.9,
                    "Total Cost": 28294.02,
                    "Plan Rows": 1,
                    "Plan Width": 172,
                    "Actual Startup Time": 1712.189,
                    "Actual Total Time": 1722.685,
                    "Actual Rows": 31297,
                    "Actual Loops": 1,
                    "Workers Planned": 2,
                    "Workers Launched": 2,
                    "Plans": [
                      {
                        "Node Type": "Sort",
                        "Parent Relationship": "Outer",
                        "Parallel Aware": false,
                        "Async Capable": false,
                        "Startup Cost": 27293.88,
                        "Total Cost": 27293.89,
                        "Plan Rows": 1,
                        "Plan Width": 172,
                        "Actual Startup Time": 1274.542,
                        "Actual Total Time": 1285.715,
                        "Actual Rows": 10432,
                        "Actual Loops": 3,
                        "Sort Key": [
                          "item.i_item_id",
                          "item.i_item_desc",
                          "store.s_store_id",
                          "store.s_store_name"
                        ],
                        "Sort Method": "quicksort",
                        "Sort Space Used": 25,
                        "Sort Space Type": "Memory",
                        "Workers": [
                          {
                            "Worker Number": 0,
                            "Sort Method": "external merge",
                            "Sort Space Used": 6064,
                            "Sort Space Type": "Disk"
                          },
                          {
                            "Worker Number": 1,
                            "Sort Method": "quicksort",
                            "Sort Space Used": 25,
                            "Sort Space Type": "Memory"
                          }
                        ],
                        "Plans": [
                          {
                            "Node Type": "Nested Loop",
                            "Parent Relationship": "Outer",
                            "Parallel Aware": false,
                            "Async Capable": false,
                            "Join Type": "Inner",
                            "Startup Cost": 17053.73,
                            "Total Cost": 27293.87,
                            "Plan Rows": 1,
                            "Plan Width": 172,
                            "Actual Startup Time": 1063.401,
                            "Actual Total Time": 1230.691,
                            "Actual Rows": 10432,
                            "Actual Loops": 3,
                            "Inner Unique": true,
                            "Workers": [],
                            "Plans": [
                              {
                                "Node Type": "Nested Loop",
                                "Parent Relationship": "Outer",
                                "Parallel Aware": false,
                                "Async Capable": false,
                                "Join Type": "Inner",
                                "Startup Cost": 17053.31,
                                "Total Cost": 27291.5,
                                "Plan Rows": 1,
                                "Plan Width": 49,
                                "Actual Startup Time": 1063.312,
                                "Actual Total Time": 1214.284,
                                "Actual Rows": 10432,
                                "Actual Loops": 3,
                                "Inner Unique": true,
                                "Workers": [],
                                "Plans": [
                                  {
                                    "Node Type": "Hash Join",
                                    "Parent Relationship": "Outer",
                                    "Parallel Aware": true,
                                    "Async Capable": false,
                                    "Join Type": "Inner",
                                    "Startup Cost": 17053.17,
                                    "Total Cost": 27289.7,
                                    "Plan Rows": 1,
                                    "Plan Width": 32,
                                    "Actual Startup Time": 1063.267,
                                    "Actual Total Time": 1207.621,
                                    "Actual Rows": 10567,
                                    "Actual Loops": 3,
                                    "Inner Unique": false,
                                    "Hash Cond": "((store_sales.ss_item_sk = store_returns.sr_item_sk) AND (store_sales.ss_customer_sk = store_returns.sr_customer_sk) AND (store_sales.ss_ticket_number = store_returns.sr_ticket_number))",
                                    "Workers": [],
                                    "Plans": [
                                      {
                                        "Node Type": "Nested Loop",
                                        "Parent Relationship": "Outer",
                                        "Parallel Aware": false,
                                        "Async Capable": false,
                                        "Join Type": "Inner",
                                        "Startup Cost": 0.85,
                                        "Total Cost": 10187.84,
                                        "Plan Rows": 4403,
                                        "Plan Width": 22,
                                        "Actual Startup Time": 2.381,
                                        "Actual Total Time": 115.934,
                                        "Actual Rows": 142816,
                                        "Actual Loops": 3,
                                        "Inner Unique": false,
                                        "Workers": [],
                                        "Plans": [
                                          {
                                            "Node Type": "Index Only Scan",
                                            "Parent Relationship": "Outer",
                                            "Parallel Aware": true,
                                            "Async Capable": false,
                                            "Scan Direction": "Forward",
                                            "Index Name": "_dta_index_date_dim_6_661577395__k1_k7_k9",
                                            "Relation Name": "date_dim",
                                            "Alias": "d1",
                                            "Startup Cost": 0.29,
                                            "Total Cost": 1862.9,
                                            "Plan Rows": 12,
                                            "Plan Width": 4,
                                            "Actual Startup Time": 0.913,
                                            "Actual Total Time": 0.919,
                                            "Actual Rows": 10,
                                            "Actual Loops": 3,
                                            "Index Cond": "((d_year = 2000) AND (d_moy = 2))",
                                            "Rows Removed by Index Recheck": 0,
                                            "Heap Fetches": 0,
                                            "Workers": []
                                          },
                                          {
                                            "Node Type": "Index Only Scan",
                                            "Parent Relationship": "Inner",
                                            "Parallel Aware": false,
                                            "Async Capable": false,
                                            "Scan Direction": "Forward",
                                            "Index Name": "_dta_index_store_sales_6_1333579789__k1_k3_k10_k4_k8_23",
                                            "Relation Name": "store_sales",
                                            "Alias": "store_sales",
                                            "Startup Cost": 0.56,
                                            "Total Cost": 558.94,
                                            "Plan Rows": 13481,
                                            "Plan Width": 26,
                                            "Actual Startup Time": 0.255,
                                            "Actual Total Time": 11.226,
                                            "Actual Rows": 14774,
                                            "Actual Loops": 29,
                                            "Index Cond": "(ss_sold_date_sk = d1.d_date_sk)",
                                            "Rows Removed by Index Recheck": 0,
                                            "Heap Fetches": 0,
                                            "Workers": []
                                          }
                                        ]
                                      },
                                      {
                                        "Node Type": "Hash",
                                        "Parent Relationship": "Inner",
                                        "Parallel Aware": true,
                                        "Async Capable": false,
                                        "Startup Cost": 16991.24,
                                        "Total Cost": 16991.24,
                                        "Plan Rows": 3490,
                                        "Plan Width": 18,
                                        "Actual Startup Time": 1060.775,
                                        "Actual Total Time": 1060.776,
                                        "Actual Rows": 72770,
                                        "Actual Loops": 3,
                                        "Hash Buckets": 262144,
                                        "Original Hash Buckets": 16384,
                                        "Hash Batches": 1,
                                        "Original Hash Batches": 1,
                                        "Peak Memory Usage": 15712,
                                        "Workers": [],
                                        "Plans": [
                                          {
                                            "Node Type": "Nested Loop",
                                            "Parent Relationship": "Outer",
                                            "Parallel Aware": false,
                                            "Async Capable": false,
                                            "Join Type": "Inner",
                                            "Startup Cost": 0.72,
                                            "Total Cost": 16991.24,
                                            "Plan Rows": 3490,
                                            "Plan Width": 18,
                                            "Actual Startup Time": 17.528,
                                            "Actual Total Time": 357.701,
                                            "Actual Rows": 72770,
                                            "Actual Loops": 3,
                                            "Inner Unique": false,
                                            "Workers": [],
                                            "Plans": [
                                              {
                                                "Node Type": "Index Only Scan",
                                                "Parent Relationship": "Outer",
                                                "Parallel Aware": true,
                                                "Async Capable": false,
                                                "Scan Direction": "Forward",
                                                "Index Name": "_dta_index_date_dim_6_661577395__k1_k7_k9",
                                                "Relation Name": "date_dim",
                                                "Alias": "d2",
                                                "Startup Cost": 0.29,
                                                "Total Cost": 2047.52,
                                                "Plan Rows": 37,
                                                "Plan Width": 4,
                                                "Actual Startup Time": 17.436,
                                                "Actual Total Time": 17.456,
                                                "Actual Rows": 30,
                                                "Actual Loops": 3,
                                                "Index Cond": "((d_year = 2000) AND (d_moy >= 2) AND (d_moy <= 4))",
                                                "Rows Removed by Index Recheck": 0,
                                                "Heap Fetches": 0,
                                                "Workers": []
                                              },
                                              {
                                                "Node Type": "Index Scan",
                                                "Parent Relationship": "Inner",
                                                "Parallel Aware": false,
                                                "Async Capable": false,
                                                "Scan Direction": "Forward",
                                                "Index Name": "_dta_index_store_returns_6_1013578649__k1_3_4_10",
                                                "Relation Name": "store_returns",
                                                "Alias": "store_returns",
                                                "Startup Cost": 0.43,
                                                "Total Cost": 372.59,
                                                "Plan Rows": 3129,
                                                "Plan Width": 22,
                                                "Actual Startup Time": 0.01,
                                                "Actual Total Time": 11.065,
                                                "Actual Rows": 2426,
                                                "Actual Loops": 90,
                                                "Index Cond": "(sr_returned_date_sk = d2.d_date_sk)",
                                                "Rows Removed by Index Recheck": 0,
                                                "Workers": []
                                              }
                                            ]
                                          }
                                        ]
                                      }
                                    ]
                                  },
                                  {
                                    "Node Type": "Index Only Scan",
                                    "Parent Relationship": "Inner",
                                    "Parallel Aware": false,
                                    "Async Capable": false,
                                    "Scan Direction": "Forward",
                                    "Index Name": "_dta_index_store_6_885578193__k1_2_6",
                                    "Relation Name": "store",
                                    "Alias": "store",
                                    "Startup Cost": 0.14,
                                    "Total Cost": 1.76,
                                    "Plan Rows": 1,
                                    "Plan Width": 25,
                                    "Actual Startup Time": 0.0,
                                    "Actual Total Time": 0.0,
                                    "Actual Rows": 1,
                                    "Actual Loops": 31701,
                                    "Index Cond": "(s_store_sk = store_sales.ss_store_sk)",
                                    "Rows Removed by Index Recheck": 0,
                                    "Heap Fetches": 31297,
                                    "Workers": []
                                  }
                                ]
                              },
                              {
                                "Node Type": "Index Only Scan",
                                "Parent Relationship": "Inner",
                                "Parallel Aware": false,
                                "Async Capable": false,
                                "Scan Direction": "Forward",
                                "Index Name": "_dta_index_item_6_853578079__k1_2_5",
                                "Relation Name": "item",
                                "Alias": "item",
                                "Startup Cost": 0.42,
                                "Total Cost": 2.38,
                                "Plan Rows": 1,
                                "Plan Width": 123,
                                "Actual Startup Time": 0.001,
                                "Actual Total Time": 0.001,
                                "Actual Rows": 1,
                                "Actual Loops": 31297,
                                "Index Cond": "(i_item_sk = store_sales.ss_item_sk)",
                                "Rows Removed by Index Recheck": 0,
                                "Heap Fetches": 0,
                                "Workers": []
                              }
                            ]
                          }
                        ]
                      }
                    ]
                  },
                  {
                    "Node Type": "Index Only Scan",
                    "Parent Relationship": "Inner",
                    "Parallel Aware": false,
                    "Async Capable": false,
                    "Scan Direction": "Forward",
                    "Index Name": "_dta_index_catalog_sales_6_1301579675__k16_k4_k1_34",
                    "Relation Name": "catalog_sales",
                    "Alias": "catalog_sales",
                    "Startup Cost": 0.56,
                    "Total Cost": 4.72,
                    "Plan Rows": 1,
                    "Plan Width": 18,
                    "Actual Startup Time": 0.086,
                    "Actual Total Time": 0.086,
                    "Actual Rows": 0,
                    "Actual Loops": 31297,
                    "Index Cond": "((cs_item_sk = store_sales.ss_item_sk) AND (cs_bill_customer_sk = store_sales.ss_customer_sk))",
                    "Rows Removed by Index Recheck": 0,
                    "Heap Fetches": 37
                  }
                ]
              },
              {
                "Node Type": "Index Only Scan",
                "Parent Relationship": "Inner",
                "Parallel Aware": false,
                "Async Capable": false,
                "Scan Direction": "Forward",
                "Index Name": "_dta_index_date_dim_6_661577395__k1_k7_k9",
                "Relation Name": "date_dim",
                "Alias": "d3",
                "Startup Cost": 0.29,
                "Total Cost": 2.27,
                "Plan Rows": 1,
                "Plan Width": 4,
                "Actual Startup Time": 0.015,
                "Actual Total Time": 0.015,
                "Actual Rows": 0,
                "Actual Loops": 37,
                "Index Cond": "((d_date_sk = catalog_sales.cs_sold_date_sk) AND (d_year = 2000) AND (d_moy >= 2) AND (d_moy <= 4))",
                "Rows Removed by Index Recheck": 0,
                "Heap Fetches": 0
              }
            ]
          }
        ]
      }
    ]
  },
  "actual_rows": 2,
  "provenance": {
    "database": "postgres://jakc9:jakc9@127.0.0.1:5434/dsb_sf10",
    "scale_factor": 10,
    "engine": "postgresql",
    "engine_version": "14.3",
    "cached_at": "2026-02-09T20:54:54.999614"
  }
}