{
  "execution_time_ms": 31451.118,
  "plan_text": "Sort  (rows=368, time=31438.245)\n  Aggregate  (rows=368, time=31438.178)\n    Gather Merge  (rows=394, time=31438.087)\n      Aggregate  (rows=131, time=18921.569)\n        Incremental Sort  (rows=279, time=18921.496)\n          Nested Loop  (rows=279, time=18921.078)\n            Nested Loop  (rows=279, time=18896.32)\n              Nested Loop  (rows=6540, time=18608.761)\n                Nested Loop  (rows=3655, time=17798.296)\n                  Nested Loop  (rows=84279, time=10543.665)\n                    Merge Join  (rows=85310, time=5807.631)\n                      Sort  (rows=248157, time=5722.189)\n                        Nested Loop  (rows=248158, time=5484.236)\n                          Index Only Scan on date_dim  (rows=244, time=11.733)\n                          Index Only Scan on store_sales (s1)  (rows=1018, time=22.331)\n                      Sort  (rows=27907, time=43.364)\n                        Index Only Scan on item (item1)  (rows=27907, time=38.304)\n                    Index Scan on customer  (rows=1, time=0.055)\n                  Index Scan on customer_demographics  (rows=0, time=0.086)\n                Index Scan on store_sales (s2)  (rows=2, time=0.221)\n              Index Scan on item (item2)  (rows=0, time=0.043)\n            Index Only Scan on customer_address  (rows=1, time=0.087)",
  "plan_json": {
    "Node Type": "Sort",
    "Parallel Aware": false,
    "Async Capable": false,
    "Startup Cost": 325387.78,
    "Total Cost": 325388.08,
    "Plan Rows": 120,
    "Plan Width": 16,
    "Actual Startup Time": 31438.167,
    "Actual Total Time": 31438.245,
    "Actual Rows": 368,
    "Actual Loops": 1,
    "Sort Key": [
      "(count(*))"
    ],
    "Sort Method": "quicksort",
    "Sort Space Used": 39,
    "Sort Space Type": "Memory",
    "Plans": [
      {
        "Node Type": "Aggregate",
        "Strategy": "Sorted",
        "Partial Mode": "Finalize",
        "Parent Relationship": "Outer",
        "Parallel Aware": false,
        "Async Capable": false,
        "Startup Cost": 291316.89,
        "Total Cost": 325383.64,
        "Plan Rows": 120,
        "Plan Width": 16,
        "Actual Startup Time": 19907.849,
        "Actual Total Time": 31438.178,
        "Actual Rows": 368,
        "Actual Loops": 1,
        "Group Key": [
          "item1.i_item_sk",
          "item2.i_item_sk"
        ],
        "Plans": [
          {
            "Node Type": "Gather Merge",
            "Parent Relationship": "Outer",
            "Parallel Aware": false,
            "Async Capable": false,
            "Startup Cost": 291316.89,
            "Total Cost": 325381.69,
            "Plan Rows": 100,
            "Plan Width": 16,
            "Actual Startup Time": 19907.811,
            "Actual Total Time": 31438.087,
            "Actual Rows": 394,
            "Actual Loops": 1,
            "Workers Planned": 2,
            "Workers Launched": 2,
            "Plans": [
              {
                "Node Type": "Aggregate",
                "Strategy": "Sorted",
                "Partial Mode": "Partial",
                "Parent Relationship": "Outer",
                "Parallel Aware": false,
                "Async Capable": false,
                "Startup Cost": 290316.87,
                "Total Cost": 324370.12,
                "Plan Rows": 50,
                "Plan Width": 16,
                "Actual Startup Time": 7553.111,
                "Actual Total Time": 18921.569,
                "Actual Rows": 131,
                "Actual Loops": 3,
                "Group Key": [
                  "item1.i_item_sk",
                  "item2.i_item_sk"
                ],
                "Workers": [],
                "Plans": [
                  {
                    "Node Type": "Incremental Sort",
                    "Parent Relationship": "Outer",
                    "Parallel Aware": false,
                    "Async Capable": false,
                    "Startup Cost": 290316.87,
                    "Total Cost": 324369.24,
                    "Plan Rows": 50,
                    "Plan Width": 8,
                    "Actual Startup Time": 7553.081,
                    "Actual Total Time": 18921.496,
                    "Actual Rows": 279,
                    "Actual Loops": 3,
                    "Sort Key": [
                      "item1.i_item_sk",
                      "item2.i_item_sk"
                    ],
                    "Presorted Key": [
                      "item1.i_item_sk"
                    ],
                    "Full-sort Groups": {
                      "Group Count": 7,
                      "Sort Methods Used": [
                        "quicksort"
                      ],
                      "Sort Space Memory": {
                        "Average Sort Space Used": 26,
                        "Peak Sort Space Used": 26
                      }
                    },
                    "Pre-sorted Groups": {
                      "Group Count": 21,
                      "Sort Methods Used": [
                        "quicksort"
                      ],
                      "Sort Space Memory": {
                        "Average Sort Space Used": 25,
                        "Peak Sort Space Used": 25
                      }
                    },
                    "Workers": [
                      {
                        "Worker Number": 0,
                        "Full-sort Groups": {
                          "Group Count": 5,
                          "Sort Methods Used": [
                            "quicksort"
                          ],
                          "Sort Space Memory": {
                            "Average Sort Space Used": 26,
                            "Peak Sort Space Used": 26
                          }
                        }
                      },
                      {
                        "Worker Number": 1,
                        "Full-sort Groups": {
                          "Group Count": 8,
                          "Sort Methods Used": [
                            "quicksort"
                          ],
                          "Sort Space Memory": {
                            "Average Sort Space Used": 26,
                            "Peak Sort Space Used": 26
                          }
                        },
                        "Pre-sorted Groups": {
                          "Group Count": 37,
                          "Sort Methods Used": [
                            "quicksort"
                          ],
                          "Sort Space Memory": {
                            "Average Sort Space Used": 25,
                            "Peak Sort Space Used": 25
                          }
                        }
                      }
                    ],
                    "Plans": [
                      {
                        "Node Type": "Nested Loop",
                        "Parent Relationship": "Outer",
                        "Parallel Aware": false,
                        "Async Capable": false,
                        "Join Type": "Inner",
                        "Startup Cost": 289621.96,
                        "Total Cost": 324366.99,
                        "Plan Rows": 50,
                        "Plan Width": 8,
                        "Actual Startup Time": 5775.892,
                        "Actual Total Time": 18921.078,
                        "Actual Rows": 279,
                        "Actual Loops": 3,
                        "Inner Unique": true,
                        "Workers": [],
                        "Plans": [
                          {
                            "Node Type": "Nested Loop",
                            "Parent Relationship": "Outer",
                            "Parallel Aware": false,
                            "Async Capable": false,
                            "Join Type": "Inner",
                            "Startup Cost": 289621.54,
                            "Total Cost": 324241.96,
                            "Plan Rows": 50,
                            "Plan Width": 12,
                            "Actual Startup Time": 5775.251,
                            "Actual Total Time": 18896.32,
                            "Actual Rows": 279,
                            "Actual Loops": 3,
                            "Inner Unique": true,
                            "Join Filter": "(item1.i_item_sk < item2.i_item_sk)",
                            "Rows Removed by Join Filter": 1034,
                            "Workers": [],
                            "Plans": [
                              {
                                "Node Type": "Nested Loop",
                                "Parent Relationship": "Outer",
                                "Parallel Aware": false,
                                "Async Capable": false,
                                "Join Type": "Inner",
                                "Startup Cost": 289621.24,
                                "Total Cost": 320909.64,
                                "Plan Rows": 750,
                                "Plan Width": 12,
                                "Actual Startup Time": 5715.721,
                                "Actual Total Time": 18608.761,
                                "Actual Rows": 6540,
                                "Actual Loops": 3,
                                "Inner Unique": false,
                                "Workers": [],
                                "Plans": [
                                  {
                                    "Node Type": "Nested Loop",
                                    "Parent Relationship": "Outer",
                                    "Parallel Aware": false,
                                    "Async Capable": false,
                                    "Join Type": "Inner",
                                    "Startup Cost": 289620.81,
                                    "Total Cost": 310241.1,
                                    "Plan Rows": 59,
                                    "Plan Width": 12,
                                    "Actual Startup Time": 5714.918,
                                    "Actual Total Time": 17798.296,
                                    "Actual Rows": 3655,
                                    "Actual Loops": 3,
                                    "Inner Unique": true,
                                    "Workers": [],
                                    "Plans": [
                                      {
                                        "Node Type": "Nested Loop",
                                        "Parent Relationship": "Outer",
                                        "Parallel Aware": false,
                                        "Async Capable": false,
                                        "Join Type": "Inner",
                                        "Startup Cost": 289620.38,
                                        "Total Cost": 300212.26,
                                        "Plan Rows": 2167,
                                        "Plan Width": 16,
                                        "Actual Startup Time": 5713.561,
                                        "Actual Total Time": 10543.665,
                                        "Actual Rows": 84279,
                                        "Actual Loops": 3,
                                        "Inner Unique": true,
                                        "Workers": [],
                                        "Plans": [
                                          {
                                            "Node Type": "Merge Join",
                                            "Parent Relationship": "Outer",
                                            "Parallel Aware": false,
                                            "Async Capable": false,
                                            "Join Type": "Inner",
                                            "Startup Cost": 289619.96,
                                            "Total Cost": 289824.1,
                                            "Plan Rows": 2271,
                                            "Plan Width": 12,
                                            "Actual Startup Time": 5713.008,
                                            "Actual Total Time": 5807.631,
                                            "Actual Rows": 85310,
                                            "Actual Loops": 3,
                                            "Inner Unique": true,
                                            "Merge Cond": "(s1.ss_item_sk = item1.i_item_sk)",
                                            "Workers": [],
                                            "Plans": [
                                              {
                                                "Node Type": "Sort",
                                                "Parent Relationship": "Outer",
                                                "Parallel Aware": false,
                                                "Async Capable": false,
                                                "Startup Cost": 285108.91,
                                                "Total Cost": 285129.58,
                                                "Plan Rows": 8269,
                                                "Plan Width": 12,
                                                "Actual Startup Time": 5672.775,
                                                "Actual Total Time": 5722.189,
                                                "Actual Rows": 248157,
                                                "Actual Loops": 3,
                                                "Sort Key": [
                                                  "s1.ss_item_sk"
                                                ],
                                                "Sort Method": "external merge",
                                                "Sort Space Used": 5944,
                                                "Sort Space Type": "Disk",
                                                "Workers": [
                                                  {
                                                    "Worker Number": 0,
                                                    "Sort Method": "external merge",
                                                    "Sort Space Used": 4688,
                                                    "Sort Space Type": "Disk"
                                                  },
                                                  {
                                                    "Worker Number": 1,
                                                    "Sort Method": "external merge",
                                                    "Sort Space Used": 5392,
                                                    "Sort Space Type": "Disk"
                                                  }
                                                ],
                                                "Plans": [
                                                  {
                                                    "Node Type": "Nested Loop",
                                                    "Parent Relationship": "Outer",
                                                    "Parallel Aware": false,
                                                    "Async Capable": false,
                                                    "Join Type": "Inner",
                                                    "Startup Cost": 0.85,
                                                    "Total Cost": 284570.86,
                                                    "Plan Rows": 8269,
                                                    "Plan Width": 12,
                                                    "Actual Startup Time": 17.825,
                                                    "Actual Total Time": 5484.236,
                                                    "Actual Rows": 248158,
                                                    "Actual Loops": 3,
                                                    "Inner Unique": false,
                                                    "Workers": [],
                                                    "Plans": [
                                                      {
                                                        "Node Type": "Index Only Scan",
                                                        "Parent Relationship": "Outer",
                                                        "Parallel Aware": true,
                                                        "Async Capable": false,
                                                        "Scan Direction": "Forward",
                                                        "Index Name": "_dta_index_date_dim_6_661577395__k1_k7_k9",
                                                        "Relation Name": "date_dim",
                                                        "Alias": "date_dim",
                                                        "Startup Cost": 0.29,
                                                        "Total Cost": 1878.06,
                                                        "Plan Rows": 302,
                                                        "Plan Width": 4,
                                                        "Actual Startup Time": 5.828,
                                                        "Actual Total Time": 11.733,
                                                        "Actual Rows": 244,
                                                        "Actual Loops": 3,
                                                        "Index Cond": "((d_year >= 1999) AND (d_year <= 2000))",
                                                        "Rows Removed by Index Recheck": 0,
                                                        "Heap Fetches": 0,
                                                        "Workers": []
                                                      },
                                                      {
                                                        "Node Type": "Index Only Scan",
                                                        "Parent Relationship": "Inner",
                                                        "Parallel Aware": false,
                                                        "Async Capable": false,
                                                        "Scan Direction": "Forward",
                                                        "Index Name": "_dta_index_store_sales_6_1333579789__k1_k23_k14_k6_k8_k5_k7_3_4",
                                                        "Relation Name": "store_sales",
                                                        "Alias": "s1",
                                                        "Startup Cost": 0.56,
                                                        "Total Cost": 926.31,
                                                        "Plan Rows": 976,
                                                        "Plan Width": 16,
                                                        "Actual Startup Time": 0.116,
                                                        "Actual Total Time": 22.331,
                                                        "Actual Rows": 1018,
                                                        "Actual Loops": 731,
                                                        "Index Cond": "(ss_sold_date_sk = date_dim.d_date_sk)",
                                                        "Rows Removed by Index Recheck": 0,
                                                        "Filter": "((ss_list_price >= '115'::numeric) AND (ss_list_price <= '129'::numeric))",
                                                        "Rows Removed by Filter": 13502,
                                                        "Heap Fetches": 0,
                                                        "Workers": []
                                                      }
                                                    ]
                                                  }
                                                ]
                                              },
                                              {
                                                "Node Type": "Sort",
                                                "Parent Relationship": "Inner",
                                                "Parallel Aware": false,
                                                "Async Capable": false,
                                                "Startup Cost": 4511.05,
                                                "Total Cost": 4581.1,
                                                "Plan Rows": 28019,
                                                "Plan Width": 4,
                                                "Actual Startup Time": 40.18,
                                                "Actual Total Time": 43.364,
                                                "Actual Rows": 27907,
                                                "Actual Loops": 3,
                                                "Sort Key": [
                                                  "item1.i_item_sk"
                                                ],
                                                "Sort Method": "quicksort",
                                                "Sort Space Used": 769,
                                                "Sort Space Type": "Memory",
                                                "Workers": [
                                                  {
                                                    "Worker Number": 0,
                                                    "Sort Method": "quicksort",
                                                    "Sort Space Used": 769,
                                                    "Sort Space Type": "Memory"
                                                  },
                                                  {
                                                    "Worker Number": 1,
                                                    "Sort Method": "quicksort",
                                                    "Sort Space Used": 769,
                                                    "Sort Space Type": "Memory"
                                                  }
                                                ],
                                                "Plans": [
                                                  {
                                                    "Node Type": "Index Only Scan",
                                                    "Parent Relationship": "Outer",
                                                    "Parallel Aware": false,
                                                    "Async Capable": false,
                                                    "Scan Direction": "Forward",
                                                    "Index Name": "_dta_index_item_6_853578079__k13_k11_k1",
                                                    "Relation Name": "item",
                                                    "Alias": "item1",
                                                    "Startup Cost": 0.42,
                                                    "Total Cost": 2441.27,
                                                    "Plan Rows": 28019,
                                                    "Plan Width": 4,
                                                    "Actual Startup Time": 1.24,
                                                    "Actual Total Time": 38.304,
                                                    "Actual Rows": 27907,
                                                    "Actual Loops": 3,
                                                    "Index Cond": "(i_category = ANY ('{Electronics,Men}'::bpchar[]))",
                                                    "Rows Removed by Index Recheck": 0,
                                                    "Heap Fetches": 0,
                                                    "Workers": []
                                                  }
                                                ]
                                              }
                                            ]
                                          },
                                          {
                                            "Node Type": "Index Scan",
                                            "Parent Relationship": "Inner",
                                            "Parallel Aware": false,
                                            "Async Capable": false,
                                            "Scan Direction": "Forward",
                                            "Index Name": "_dta_index_customer_6_949578421__k1_k5",
                                            "Relation Name": "customer",
                                            "Alias": "customer",
                                            "Startup Cost": 0.42,
                                            "Total Cost": 4.57,
                                            "Plan Rows": 1,
                                            "Plan Width": 12,
                                            "Actual Startup Time": 0.055,
                                            "Actual Total Time": 0.055,
                                            "Actual Rows": 1,
                                            "Actual Loops": 255930,
                                            "Index Cond": "(c_customer_sk = s1.ss_customer_sk)",
                                            "Rows Removed by Index Recheck": 0,
                                            "Workers": []
                                          }
                                        ]
                                      },
                                      {
                                        "Node Type": "Index Scan",
                                        "Parent Relationship": "Inner",
                                        "Parallel Aware": false,
                                        "Async Capable": false,
                                        "Scan Direction": "Forward",
                                        "Index Name": "customer_demographics_pkey",
                                        "Relation Name": "customer_demographics",
                                        "Alias": "customer_demographics",
                                        "Startup Cost": 0.43,
                                        "Total Cost": 4.63,
                                        "Plan Rows": 1,
                                        "Plan Width": 4,
                                        "Actual Startup Time": 0.086,
                                        "Actual Total Time": 0.086,
                                        "Actual Rows": 0,
                                        "Actual Loops": 252837,
                                        "Index Cond": "(cd_demo_sk = customer.c_current_cdemo_sk)",
                                        "Rows Removed by Index Recheck": 0,
                                        "Filter": "((cd_marital_status = 'D'::bpchar) AND (cd_education_status = 'College'::bpchar))",
                                        "Rows Removed by Filter": 1,
                                        "Workers": []
                                      }
                                    ]
                                  },
                                  {
                                    "Node Type": "Index Scan",
                                    "Parent Relationship": "Inner",
                                    "Parallel Aware": false,
                                    "Async Capable": false,
                                    "Scan Direction": "Forward",
                                    "Index Name": "_dta_index_store_sales_6_1333579789__k10_k3",
                                    "Relation Name": "store_sales",
                                    "Alias": "s2",
                                    "Startup Cost": 0.44,
                                    "Total Cost": 180.69,
                                    "Plan Rows": 13,
                                    "Plan Width": 8,
                                    "Actual Startup Time": 0.212,
                                    "Actual Total Time": 0.221,
                                    "Actual Rows": 2,
                                    "Actual Loops": 10965,
                                    "Index Cond": "(ss_ticket_number = s1.ss_ticket_number)",
                                    "Rows Removed by Index Recheck": 0,
                                    "Filter": "((ss_list_price >= '115'::numeric) AND (ss_list_price <= '129'::numeric))",
                                    "Rows Removed by Filter": 11,
                                    "Workers": []
                                  }
                                ]
                              },
                              {
                                "Node Type": "Index Scan",
                                "Parent Relationship": "Inner",
                                "Parallel Aware": false,
                                "Async Capable": false,
                                "Scan Direction": "Forward",
                                "Index Name": "item_pkey",
                                "Relation Name": "item",
                                "Alias": "item2",
                                "Startup Cost": 0.29,
                                "Total Cost": 4.43,
                                "Plan Rows": 1,
                                "Plan Width": 4,
                                "Actual Startup Time": 0.043,
                                "Actual Total Time": 0.043,
                                "Actual Rows": 0,
                                "Actual Loops": 19619,
                                "Index Cond": "(i_item_sk = s2.ss_item_sk)",
                                "Rows Removed by Index Recheck": 0,
                                "Filter": "((i_manager_id >= 44) AND (i_manager_id <= 63))",
                                "Rows Removed by Filter": 1,
                                "Workers": []
                              }
                            ]
                          },
                          {
                            "Node Type": "Index Only Scan",
                            "Parent Relationship": "Inner",
                            "Parallel Aware": false,
                            "Async Capable": false,
                            "Scan Direction": "Forward",
                            "Index Name": "customer_address_pkey",
                            "Relation Name": "customer_address",
                            "Alias": "customer_address",
                            "Startup Cost": 0.42,
                            "Total Cost": 2.5,
                            "Plan Rows": 1,
                            "Plan Width": 4,
                            "Actual Startup Time": 0.087,
                            "Actual Total Time": 0.087,
                            "Actual Rows": 1,
                            "Actual Loops": 838,
                            "Index Cond": "(ca_address_sk = customer.c_current_addr_sk)",
                            "Rows Removed by Index Recheck": 0,
                            "Heap Fetches": 0,
                            "Workers": []
                          }
                        ]
                      }
                    ]
                  }
                ]
              }
            ]
          }
        ]
      }
    ]
  },
  "actual_rows": 368,
  "provenance": {
    "database": "postgres://jakc9:jakc9@127.0.0.1:5434/dsb_sf10",
    "scale_factor": 10,
    "engine": "postgresql",
    "engine_version": "14.3",
    "cached_at": "2026-02-09T21:27:02.230106"
  }
}