{
  "execution_time_ms": 8675.819,
  "plan_text": "Nested Loop  (rows=0, time=8665.407)\n  Aggregate  (rows=173, time=8665.314)\n    Gather Merge  (rows=180, time=8665.189)\n      Aggregate  (rows=60, time=8593.713)\n        Sort  (rows=62, time=8593.658)\n          Nested Loop  (rows=62, time=8593.497)\n            Nested Loop  (rows=63, time=8589.201)\n              Nested Loop  (rows=1048, time=8350.374)\n                Index Scan on item  (rows=89, time=793.352)\n                Bitmap Heap Scan on store_sales  (rows=12, time=84.581)\n                  Bitmap Index Scan  (rows=135, time=0.747)\n              Index Scan on customer_address  (rows=0, time=0.226)\n            Index Scan on date_dim  (rows=1, time=0.065)\n  Aggregate  (rows=0, time=0.0)\n    Gather Merge  (rows=0, time=0.0)\n      Aggregate  (rows=0, time=0.0)\n        Sort  (rows=0, time=0.0)\n          Nested Loop  (rows=0, time=0.0)\n            Nested Loop  (rows=0, time=0.0)\n              Nested Loop  (rows=0, time=0.0)\n                Index Scan on item (item_1)  (rows=0, time=0.0)\n                Bitmap Heap Scan on web_sales  (rows=0, time=0.0)\n                  Bitmap Index Scan  (rows=0, time=0.0)\n              Index Scan on customer_address (customer_address_1)  (rows=0, time=0.0)\n            Index Scan on date_dim (date_dim_1)  (rows=0, time=0.0)\n  Nested Loop  (rows=0, time=8660.766)\n    Nested Loop  (rows=0, time=8660.765)\n      Nested Loop  (rows=0, time=8660.764)\n        Nested Loop  (rows=0, time=8660.763)\n          CTE Scan (ss1)  (rows=10, time=8660.573)\n          CTE Scan (ss2)  (rows=9, time=0.018)\n        CTE Scan (ss3)  (rows=0, time=0.0)\n      CTE Scan (ws1)  (rows=0, time=0.0)\n    CTE Scan (ws2)  (rows=0, time=0.0)\n  CTE Scan (ws3)  (rows=0, time=0.0)",
  "plan_json": {
    "Node Type": "Nested Loop",
    "Parallel Aware": false,
    "Async Capable": false,
    "Join Type": "Inner",
    "Startup Cost": 559559.71,
    "Total Cost": 559594.23,
    "Plan Rows": 1,
    "Plan Width": 210,
    "Actual Startup Time": 8660.765,
    "Actual Total Time": 8665.407,
    "Actual Rows": 0,
    "Actual Loops": 1,
    "Inner Unique": false,
    "Join Filter": "(((ss1.ca_county)::text = (ws3.ca_county)::text) AND (CASE WHEN (ws2.web_sales > '0'::numeric) THEN (ws3.web_sales / ws2.web_sales) ELSE NULL::numeric END > CASE WHEN (ss2.store_sales > '0'::numeric) THEN (ss3.store_sales / ss2.store_sales) ELSE NULL::numeric END))",
    "Rows Removed by Join Filter": 0,
    "Plans": [
      {
        "Node Type": "Aggregate",
        "Strategy": "Sorted",
        "Partial Mode": "Finalize",
        "Parent Relationship": "InitPlan",
        "Subplan Name": "CTE ss",
        "Parallel Aware": false,
        "Async Capable": false,
        "Startup Cost": 434018.41,
        "Total Cost": 434068.14,
        "Plan Rows": 384,
        "Plan Width": 54,
        "Actual Startup Time": 8660.506,
        "Actual Total Time": 8665.314,
        "Actual Rows": 173,
        "Actual Loops": 1,
        "Group Key": [
          "customer_address.ca_county",
          "date_dim.d_qoy",
          "date_dim.d_year"
        ],
        "Plans": [
          {
            "Node Type": "Gather Merge",
            "Parent Relationship": "Outer",
            "Parallel Aware": false,
            "Async Capable": false,
            "Startup Cost": 434018.41,
            "Total Cost": 434059.34,
            "Plan Rows": 320,
            "Plan Width": 54,
            "Actual Startup Time": 8660.477,
            "Actual Total Time": 8665.189,
            "Actual Rows": 180,
            "Actual Loops": 1,
            "Workers Planned": 2,
            "Workers Launched": 2,
            "Plans": [
              {
                "Node Type": "Aggregate",
                "Strategy": "Sorted",
                "Partial Mode": "Partial",
                "Parent Relationship": "Outer",
                "Parallel Aware": false,
                "Async Capable": false,
                "Startup Cost": 433018.38,
                "Total Cost": 433022.38,
                "Plan Rows": 160,
                "Plan Width": 54,
                "Actual Startup Time": 8593.684,
                "Actual Total Time": 8593.713,
                "Actual Rows": 60,
                "Actual Loops": 3,
                "Group Key": [
                  "customer_address.ca_county",
                  "date_dim.d_qoy",
                  "date_dim.d_year"
                ],
                "Workers": [],
                "Plans": [
                  {
                    "Node Type": "Sort",
                    "Parent Relationship": "Outer",
                    "Parallel Aware": false,
                    "Async Capable": false,
                    "Startup Cost": 433018.38,
                    "Total Cost": 433018.78,
                    "Plan Rows": 160,
                    "Plan Width": 28,
                    "Actual Startup Time": 8593.653,
                    "Actual Total Time": 8593.658,
                    "Actual Rows": 62,
                    "Actual Loops": 3,
                    "Sort Key": [
                      "customer_address.ca_county",
                      "date_dim.d_qoy",
                      "date_dim.d_year"
                    ],
                    "Sort Method": "quicksort",
                    "Sort Space Used": 28,
                    "Sort Space Type": "Memory",
                    "Workers": [
                      {
                        "Worker Number": 0,
                        "Sort Method": "quicksort",
                        "Sort Space Used": 28,
                        "Sort Space Type": "Memory"
                      },
                      {
                        "Worker Number": 1,
                        "Sort Method": "quicksort",
                        "Sort Space Used": 28,
                        "Sort Space Type": "Memory"
                      }
                    ],
                    "Plans": [
                      {
                        "Node Type": "Nested Loop",
                        "Parent Relationship": "Outer",
                        "Parallel Aware": false,
                        "Async Capable": false,
                        "Join Type": "Inner",
                        "Startup Cost": 30.51,
                        "Total Cost": 433012.52,
                        "Plan Rows": 160,
                        "Plan Width": 28,
                        "Actual Startup Time": 369.101,
                        "Actual Total Time": 8593.497,
                        "Actual Rows": 62,
                        "Actual Loops": 3,
                        "Inner Unique": true,
                        "Workers": [],
                        "Plans": [
                          {
                            "Node Type": "Nested Loop",
                            "Parent Relationship": "Outer",
                            "Parallel Aware": false,
                            "Async Capable": false,
                            "Join Type": "Inner",
                            "Startup Cost": 30.21,
                            "Total Cost": 432953.84,
                            "Plan Rows": 168,
                            "Plan Width": 24,
                            "Actual Startup Time": 368.717,
                            "Actual Total Time": 8589.201,
                            "Actual Rows": 63,
                            "Actual Loops": 3,
                            "Inner Unique": true,
                            "Workers": [],
                            "Plans": [
                              {
                                "Node Type": "Nested Loop",
                                "Parent Relationship": "Outer",
                                "Parallel Aware": false,
                                "Async Capable": false,
                                "Join Type": "Inner",
                                "Startup Cost": 29.79,
                                "Total Cost": 431525.76,
                                "Plan Rows": 2868,
                                "Plan Width": 14,
                                "Actual Startup Time": 313.467,
                                "Actual Total Time": 8350.374,
                                "Actual Rows": 1048,
                                "Actual Loops": 3,
                                "Inner Unique": false,
                                "Workers": [],
                                "Plans": [
                                  {
                                    "Node Type": "Index Scan",
                                    "Parent Relationship": "Outer",
                                    "Parallel Aware": true,
                                    "Async Capable": false,
                                    "Scan Direction": "Forward",
                                    "Index Name": "item_pkey",
                                    "Relation Name": "item",
                                    "Alias": "item",
                                    "Startup Cost": 0.29,
                                    "Total Cost": 9448.02,
                                    "Plan Rows": 117,
                                    "Plan Width": 4,
                                    "Actual Startup Time": 310.128,
                                    "Actual Total Time": 793.352,
                                    "Actual Rows": 89,
                                    "Actual Loops": 3,
                                    "Filter": "((i_color = ANY ('{navajo,orchid}'::bpchar[])) AND (i_manager_id >= 8) AND (i_manager_id <= 27))",
                                    "Rows Removed by Filter": 33911,
                                    "Workers": []
                                  },
                                  {
                                    "Node Type": "Bitmap Heap Scan",
                                    "Parent Relationship": "Inner",
                                    "Parallel Aware": false,
                                    "Async Capable": false,
                                    "Relation Name": "store_sales",
                                    "Alias": "store_sales",
                                    "Startup Cost": 29.5,
                                    "Total Cost": 3606.43,
                                    "Plan Rows": 107,
                                    "Plan Width": 18,
                                    "Actual Startup Time": 7.251,
                                    "Actual Total Time": 84.581,
                                    "Actual Rows": 12,
                                    "Actual Loops": 268,
                                    "Recheck Cond": "(ss_item_sk = item.i_item_sk)",
                                    "Rows Removed by Index Recheck": 0,
                                    "Filter": "((ss_list_price >= '86'::numeric) AND (ss_list_price <= '100'::numeric))",
                                    "Rows Removed by Filter": 123,
                                    "Exact Heap Blocks": 11081,
                                    "Lossy Heap Blocks": 0,
                                    "Workers": [],
                                    "Plans": [
                                      {
                                        "Node Type": "Bitmap Index Scan",
                                        "Parent Relationship": "Outer",
                                        "Parallel Aware": false,
                                        "Async Capable": false,
                                        "Index Name": "store_sales_pkey",
                                        "Startup Cost": 0.0,
                                        "Total Cost": 29.47,
                                        "Plan Rows": 1224,
                                        "Plan Width": 0,
                                        "Actual Startup Time": 0.747,
                                        "Actual Total Time": 0.747,
                                        "Actual Rows": 135,
                                        "Actual Loops": 268,
                                        "Index Cond": "(ss_item_sk = item.i_item_sk)",
                                        "Workers": []
                                      }
                                    ]
                                  }
                                ]
                              },
                              {
                                "Node Type": "Index Scan",
                                "Parent Relationship": "Inner",
                                "Parallel Aware": false,
                                "Async Capable": false,
                                "Scan Direction": "Forward",
                                "Index Name": "customer_address_pkey",
                                "Relation Name": "customer_address",
                                "Alias": "customer_address",
                                "Startup Cost": 0.42,
                                "Total Cost": 0.5,
                                "Plan Rows": 1,
                                "Plan Width": 18,
                                "Actual Startup Time": 0.226,
                                "Actual Total Time": 0.226,
                                "Actual Rows": 0,
                                "Actual Loops": 3143,
                                "Index Cond": "(ca_address_sk = store_sales.ss_addr_sk)",
                                "Rows Removed by Index Recheck": 0,
                                "Filter": "(ca_state = ANY ('{IA,IL}'::bpchar[]))",
                                "Rows Removed by Filter": 1,
                                "Workers": []
                              }
                            ]
                          },
                          {
                            "Node Type": "Index Scan",
                            "Parent Relationship": "Inner",
                            "Parallel Aware": false,
                            "Async Capable": false,
                            "Scan Direction": "Forward",
                            "Index Name": "_dta_index_date_dim_6_661577395__k1_k7_k9",
                            "Relation Name": "date_dim",
                            "Alias": "date_dim",
                            "Startup Cost": 0.29,
                            "Total Cost": 0.35,
                            "Plan Rows": 1,
                            "Plan Width": 12,
                            "Actual Startup Time": 0.065,
                            "Actual Total Time": 0.065,
                            "Actual Rows": 1,
                            "Actual Loops": 188,
                            "Index Cond": "(d_date_sk = store_sales.ss_sold_date_sk)",
                            "Rows Removed by Index Recheck": 0,
                            "Workers": []
                          }
                        ]
                      }
                    ]
                  }
                ]
              }
            ]
          }
        ]
      },
      {
        "Node Type": "Aggregate",
        "Strategy": "Sorted",
        "Partial Mode": "Finalize",
        "Parent Relationship": "InitPlan",
        "Subplan Name": "CTE ws",
        "Parallel Aware": false,
        "Async Capable": false,
        "Startup Cost": 125481.93,
        "Total Cost": 125491.57,
        "Plan Rows": 75,
        "Plan Width": 54,
        "Actual Startup Time": 0.0,
        "Actual Total Time": 0.0,
        "Actual Rows": 0,
        "Actual Loops": 0,
        "Group Key": [
          "customer_address_1.ca_county",
          "date_dim_1.d_qoy",
          "date_dim_1.d_year"
        ],
        "Plans": [
          {
            "Node Type": "Gather Merge",
            "Parent Relationship": "Outer",
            "Parallel Aware": false,
            "Async Capable": false,
            "Startup Cost": 125481.93,
            "Total Cost": 125489.86,
            "Plan Rows": 62,
            "Plan Width": 54,
            "Actual Startup Time": 0.0,
            "Actual Total Time": 0.0,
            "Actual Rows": 0,
            "Actual Loops": 0,
            "Workers Planned": 2,
            "Workers Launched": 0,
            "Plans": [
              {
                "Node Type": "Aggregate",
                "Strategy": "Sorted",
                "Partial Mode": "Partial",
                "Parent Relationship": "Outer",
                "Parallel Aware": false,
                "Async Capable": false,
                "Startup Cost": 124481.9,
                "Total Cost": 124482.68,
                "Plan Rows": 31,
                "Plan Width": 54,
                "Actual Startup Time": 0.0,
                "Actual Total Time": 0.0,
                "Actual Rows": 0,
                "Actual Loops": 0,
                "Group Key": [
                  "customer_address_1.ca_county",
                  "date_dim_1.d_qoy",
                  "date_dim_1.d_year"
                ],
                "Plans": [
                  {
                    "Node Type": "Sort",
                    "Parent Relationship": "Outer",
                    "Parallel Aware": false,
                    "Async Capable": false,
                    "Startup Cost": 124481.9,
                    "Total Cost": 124481.98,
                    "Plan Rows": 31,
                    "Plan Width": 28,
                    "Actual Startup Time": 0.0,
                    "Actual Total Time": 0.0,
                    "Actual Rows": 0,
                    "Actual Loops": 0,
                    "Sort Key": [
                      "customer_address_1.ca_county",
                      "date_dim_1.d_qoy",
                      "date_dim_1.d_year"
                    ],
                    "Plans": [
                      {
                        "Node Type": "Nested Loop",
                        "Parent Relationship": "Outer",
                        "Parallel Aware": false,
                        "Async Capable": false,
                        "Join Type": "Inner",
                        "Startup Cost": 11.64,
                        "Total Cost": 124481.13,
                        "Plan Rows": 31,
                        "Plan Width": 28,
                        "Actual Startup Time": 0.0,
                        "Actual Total Time": 0.0,
                        "Actual Rows": 0,
                        "Actual Loops": 0,
                        "Inner Unique": true,
                        "Plans": [
                          {
                            "Node Type": "Nested Loop",
                            "Parent Relationship": "Outer",
                            "Parallel Aware": false,
                            "Async Capable": false,
                            "Join Type": "Inner",
                            "Startup Cost": 11.34,
                            "Total Cost": 124471.07,
                            "Plan Rows": 31,
                            "Plan Width": 24,
                            "Actual Startup Time": 0.0,
                            "Actual Total Time": 0.0,
                            "Actual Rows": 0,
                            "Actual Loops": 0,
                            "Inner Unique": true,
                            "Plans": [
                              {
                                "Node Type": "Nested Loop",
                                "Parent Relationship": "Outer",
                                "Parallel Aware": false,
                                "Async Capable": false,
                                "Join Type": "Inner",
                                "Startup Cost": 10.92,
                                "Total Cost": 124219.62,
                                "Plan Rows": 508,
                                "Plan Width": 14,
                                "Actual Startup Time": 0.0,
                                "Actual Total Time": 0.0,
                                "Actual Rows": 0,
                                "Actual Loops": 0,
                                "Inner Unique": false,
                                "Plans": [
                                  {
                                    "Node Type": "Index Scan",
                                    "Parent Relationship": "Outer",
                                    "Parallel Aware": true,
                                    "Async Capable": false,
                                    "Scan Direction": "Forward",
                                    "Index Name": "item_pkey",
                                    "Relation Name": "item",
                                    "Alias": "item_1",
                                    "Startup Cost": 0.29,
                                    "Total Cost": 9446.22,
                                    "Plan Rows": 117,
                                    "Plan Width": 4,
                                    "Actual Startup Time": 0.0,
                                    "Actual Total Time": 0.0,
                                    "Actual Rows": 0,
                                    "Actual Loops": 0,
                                    "Filter": "((i_color = ANY ('{navajo,orchid}'::bpchar[])) AND (i_manager_id >= 8) AND (i_manager_id <= 27))",
                                    "Rows Removed by Filter": 0
                                  },
                                  {
                                    "Node Type": "Bitmap Heap Scan",
                                    "Parent Relationship": "Inner",
                                    "Parallel Aware": false,
                                    "Async Capable": false,
                                    "Relation Name": "web_sales",
                                    "Alias": "web_sales",
                                    "Startup Cost": 10.63,
                                    "Total Cost": 980.78,
                                    "Plan Rows": 19,
                                    "Plan Width": 18,
                                    "Actual Startup Time": 0.0,
                                    "Actual Total Time": 0.0,
                                    "Actual Rows": 0,
                                    "Actual Loops": 0,
                                    "Recheck Cond": "(ws_item_sk = item_1.i_item_sk)",
                                    "Rows Removed by Index Recheck": 0,
                                    "Filter": "((ws_list_price >= '86'::numeric) AND (ws_list_price <= '100'::numeric))",
                                    "Rows Removed by Filter": 0,
                                    "Exact Heap Blocks": 0,
                                    "Lossy Heap Blocks": 0,
                                    "Plans": [
                                      {
                                        "Node Type": "Bitmap Index Scan",
                                        "Parent Relationship": "Outer",
                                        "Parallel Aware": false,
                                        "Async Capable": false,
                                        "Index Name": "web_sales_pkey",
                                        "Startup Cost": 0.0,
                                        "Total Cost": 10.63,
                                        "Plan Rows": 304,
                                        "Plan Width": 0,
                                        "Actual Startup Time": 0.0,
                                        "Actual Total Time": 0.0,
                                        "Actual Rows": 0,
                                        "Actual Loops": 0,
                                        "Index Cond": "(ws_item_sk = item_1.i_item_sk)"
                                      }
                                    ]
                                  }
                                ]
                              },
                              {
                                "Node Type": "Index Scan",
                                "Parent Relationship": "Inner",
                                "Parallel Aware": false,
                                "Async Capable": false,
                                "Scan Direction": "Forward",
                                "Index Name": "customer_address_pkey",
                                "Relation Name": "customer_address",
                                "Alias": "customer_address_1",
                                "Startup Cost": 0.42,
                                "Total Cost": 0.49,
                                "Plan Rows": 1,
                                "Plan Width": 18,
                                "Actual Startup Time": 0.0,
                                "Actual Total Time": 0.0,
                                "Actual Rows": 0,
                                "Actual Loops": 0,
                                "Index Cond": "(ca_address_sk = web_sales.ws_bill_addr_sk)",
                                "Rows Removed by Index Recheck": 0,
                                "Filter": "(ca_state = ANY ('{IA,IL}'::bpchar[]))",
                                "Rows Removed by Filter": 0
                              }
                            ]
                          },
                          {
                            "Node Type": "Index Scan",
                            "Parent Relationship": "Inner",
                            "Parallel Aware": false,
                            "Async Capable": false,
                            "Scan Direction": "Forward",
                            "Index Name": "date_dim_pkey",
                            "Relation Name": "date_dim",
                            "Alias": "date_dim_1",
                            "Startup Cost": 0.29,
                            "Total Cost": 0.32,
                            "Plan Rows": 1,
                            "Plan Width": 12,
                            "Actual Startup Time": 0.0,
                            "Actual Total Time": 0.0,
                            "Actual Rows": 0,
                            "Actual Loops": 0,
                            "Index Cond": "(d_date_sk = web_sales.ws_sold_date_sk)",
                            "Rows Removed by Index Recheck": 0
                          }
                        ]
                      }
                    ]
                  }
                ]
              }
            ]
          }
        ]
      },
      {
        "Node Type": "Nested Loop",
        "Parent Relationship": "Outer",
        "Parallel Aware": false,
        "Async Capable": false,
        "Join Type": "Inner",
        "Startup Cost": 0.0,
        "Total Cost": 32.61,
        "Plan Rows": 1,
        "Plan Width": 554,
        "Actual Startup Time": 8660.764,
        "Actual Total Time": 8660.766,
        "Actual Rows": 0,
        "Actual Loops": 1,
        "Inner Unique": false,
        "Join Filter": "(((ss1.ca_county)::text = (ws2.ca_county)::text) AND (CASE WHEN (ws1.web_sales > '0'::numeric) THEN (ws2.web_sales / ws1.web_sales) ELSE NULL::numeric END > CASE WHEN (ss1.store_sales > '0'::numeric) THEN (ss2.store_sales / ss1.store_sales) ELSE NULL::numeric END))",
        "Rows Removed by Join Filter": 0,
        "Plans": [
          {
            "Node Type": "Nested Loop",
            "Parent Relationship": "Outer",
            "Parallel Aware": false,
            "Async Capable": false,
            "Join Type": "Inner",
            "Startup Cost": 0.0,
            "Total Cost": 30.71,
            "Plan Rows": 1,
            "Plan Width": 444,
            "Actual Startup Time": 8660.764,
            "Actual Total Time": 8660.765,
            "Actual Rows": 0,
            "Actual Loops": 1,
            "Inner Unique": false,
            "Join Filter": "((ss1.ca_county)::text = (ws1.ca_county)::text)",
            "Rows Removed by Join Filter": 0,
            "Plans": [
              {
                "Node Type": "Nested Loop",
                "Parent Relationship": "Outer",
                "Parallel Aware": false,
                "Async Capable": false,
                "Join Type": "Inner",
                "Startup Cost": 0.0,
                "Total Cost": 28.83,
                "Plan Rows": 1,
                "Plan Width": 334,
                "Actual Startup Time": 8660.763,
                "Actual Total Time": 8660.764,
                "Actual Rows": 0,
                "Actual Loops": 1,
                "Inner Unique": false,
                "Join Filter": "((ss1.ca_county)::text = (ss3.ca_county)::text)",
                "Rows Removed by Join Filter": 0,
                "Plans": [
                  {
                    "Node Type": "Nested Loop",
                    "Parent Relationship": "Outer",
                    "Parallel Aware": false,
                    "Async Capable": false,
                    "Join Type": "Inner",
                    "Startup Cost": 0.0,
                    "Total Cost": 19.21,
                    "Plan Rows": 1,
                    "Plan Width": 224,
                    "Actual Startup Time": 8660.762,
                    "Actual Total Time": 8660.763,
                    "Actual Rows": 0,
                    "Actual Loops": 1,
                    "Inner Unique": false,
                    "Join Filter": "((ss1.ca_county)::text = (ss2.ca_county)::text)",
                    "Rows Removed by Join Filter": 90,
                    "Plans": [
                      {
                        "Node Type": "CTE Scan",
                        "Parent Relationship": "Outer",
                        "Parallel Aware": false,
                        "Async Capable": false,
                        "CTE Name": "ss",
                        "Alias": "ss1",
                        "Startup Cost": 0.0,
                        "Total Cost": 9.6,
                        "Plan Rows": 1,
                        "Plan Width": 114,
                        "Actual Startup Time": 8660.57,
                        "Actual Total Time": 8660.573,
                        "Actual Rows": 10,
                        "Actual Loops": 1,
                        "Filter": "((d_qoy = 1) AND (d_year = 1998))",
                        "Rows Removed by Filter": 163
                      },
                      {
                        "Node Type": "CTE Scan",
                        "Parent Relationship": "Inner",
                        "Parallel Aware": false,
                        "Async Capable": false,
                        "CTE Name": "ss",
                        "Alias": "ss2",
                        "Startup Cost": 0.0,
                        "Total Cost": 9.6,
                        "Plan Rows": 1,
                        "Plan Width": 110,
                        "Actual Startup Time": 0.001,
                        "Actual Total Time": 0.018,
                        "Actual Rows": 9,
                        "Actual Loops": 10,
                        "Filter": "((d_year = 1998) AND (d_qoy = 2))",
                        "Rows Removed by Filter": 164
                      }
                    ]
                  },
                  {
                    "Node Type": "CTE Scan",
                    "Parent Relationship": "Inner",
                    "Parallel Aware": false,
                    "Async Capable": false,
                    "CTE Name": "ss",
                    "Alias": "ss3",
                    "Startup Cost": 0.0,
                    "Total Cost": 9.6,
                    "Plan Rows": 1,
                    "Plan Width": 110,
                    "Actual Startup Time": 0.0,
                    "Actual Total Time": 0.0,
                    "Actual Rows": 0,
                    "Actual Loops": 0,
                    "Filter": "((d_year = 1998) AND (d_qoy = 3))",
                    "Rows Removed by Filter": 0
                  }
                ]
              },
              {
                "Node Type": "CTE Scan",
                "Parent Relationship": "Inner",
                "Parallel Aware": false,
                "Async Capable": false,
                "CTE Name": "ws",
                "Alias": "ws1",
                "Startup Cost": 0.0,
                "Total Cost": 1.88,
                "Plan Rows": 1,
                "Plan Width": 110,
                "Actual Startup Time": 0.0,
                "Actual Total Time": 0.0,
                "Actual Rows": 0,
                "Actual Loops": 0,
                "Filter": "((d_qoy = 1) AND (d_year = 1998))",
                "Rows Removed by Filter": 0
              }
            ]
          },
          {
            "Node Type": "CTE Scan",
            "Parent Relationship": "Inner",
            "Parallel Aware": false,
            "Async Capable": false,
            "CTE Name": "ws",
            "Alias": "ws2",
            "Startup Cost": 0.0,
            "Total Cost": 1.88,
            "Plan Rows": 1,
            "Plan Width": 110,
            "Actual Startup Time": 0.0,
            "Actual Total Time": 0.0,
            "Actual Rows": 0,
            "Actual Loops": 0,
            "Filter": "((d_year = 1998) AND (d_qoy = 2))",
            "Rows Removed by Filter": 0
          }
        ]
      },
      {
        "Node Type": "CTE Scan",
        "Parent Relationship": "Inner",
        "Parallel Aware": false,
        "Async Capable": false,
        "CTE Name": "ws",
        "Alias": "ws3",
        "Startup Cost": 0.0,
        "Total Cost": 1.88,
        "Plan Rows": 1,
        "Plan Width": 110,
        "Actual Startup Time": 0.0,
        "Actual Total Time": 0.0,
        "Actual Rows": 0,
        "Actual Loops": 0,
        "Filter": "((d_year = 1998) AND (d_qoy = 3))",
        "Rows Removed by Filter": 0
      }
    ]
  },
  "actual_rows": 0,
  "provenance": {
    "database": "postgres://jakc9:jakc9@127.0.0.1:5434/dsb_sf10",
    "scale_factor": 10,
    "engine": "postgresql",
    "engine_version": "14.3",
    "cached_at": "2026-02-09T20:54:56.291619"
  }
}