{
  "execution_time_ms": 10039.049,
  "plan_text": "Limit  (rows=1, time=9916.635)\n  Aggregate  (rows=1, time=9468.077)\n    Subquery Scan (hot_cust)  (rows=0, time=9468.049)\n      SetOp  (rows=0, time=9468.047)\n        Append  (rows=0, time=9468.046)\n          Subquery Scan (*SELECT* 3)  (rows=0, time=2473.299)\n            Unique  (rows=0, time=2473.297)\n              Gather Merge  (rows=0, time=2473.296)\n                Unique  (rows=0, time=2447.306)\n                  Sort  (rows=0, time=2447.304)\n                    Nested Loop  (rows=0, time=2447.286)\n                      Nested Loop  (rows=0, time=2447.284)\n                        Seq Scan on date_dim  (rows=183, time=191.055)\n                        Index Scan on web_sales  (rows=0, time=12.328)\n                      Index Scan on customer  (rows=0, time=0.0)\n          Result  (rows=0, time=6994.743)\n            SetOp  (rows=0, time=6994.742)\n              Append  (rows=0, time=6994.741)\n                Subquery Scan (*SELECT* 2)  (rows=0, time=2828.821)\n                  Unique  (rows=0, time=2828.819)\n                    Gather Merge  (rows=0, time=2828.818)\n                      Unique  (rows=0, time=2695.832)\n                        Sort  (rows=0, time=2695.831)\n                          Nested Loop  (rows=0, time=2695.812)\n                            Nested Loop  (rows=0, time=2695.811)\n                              Seq Scan on date_dim (date_dim_1)  (rows=183, time=117.644)\n                              Index Scan on catalog_sales  (rows=0, time=14.087)\n                            Index Scan on customer (customer_1)  (rows=0, time=0.0)\n                Subquery Scan (*SELECT* 1)  (rows=0, time=4165.915)\n                  Unique  (rows=0, time=4165.913)\n                    Gather Merge  (rows=0, time=4165.912)\n                      Unique  (rows=0, time=3777.617)\n                        Sort  (rows=0, time=3777.616)\n                          Nested Loop  (rows=0, time=3777.01)\n                            Nested Loop  (rows=0, time=3777.009)\n                              Seq Scan on date_dim (date_dim_2)  (rows=183, time=113.878)\n                              Index Only Scan on store_sales  (rows=0, time=20.015)\n                            Index Scan on customer (customer_2)  (rows=0, time=0.0)",
  "plan_json": {
    "Node Type": "Limit",
    "Parallel Aware": false,
    "Async Capable": false,
    "Startup Cost": 565732.76,
    "Total Cost": 565732.77,
    "Plan Rows": 1,
    "Plan Width": 8,
    "Actual Startup Time": 9916.546,
    "Actual Total Time": 9916.635,
    "Actual Rows": 1,
    "Actual Loops": 1,
    "Plans": [
      {
        "Node Type": "Aggregate",
        "Strategy": "Plain",
        "Partial Mode": "Simple",
        "Parent Relationship": "Outer",
        "Parallel Aware": false,
        "Async Capable": false,
        "Startup Cost": 565732.76,
        "Total Cost": 565732.77,
        "Plan Rows": 1,
        "Plan Width": 8,
        "Actual Startup Time": 9467.989,
        "Actual Total Time": 9468.077,
        "Actual Rows": 1,
        "Actual Loops": 1,
        "Plans": [
          {
            "Node Type": "Subquery Scan",
            "Parent Relationship": "Outer",
            "Parallel Aware": false,
            "Async Capable": false,
            "Alias": "hot_cust",
            "Startup Cost": 111208.81,
            "Total Cost": 565732.63,
            "Plan Rows": 51,
            "Plan Width": 0,
            "Actual Startup Time": 9467.961,
            "Actual Total Time": 9468.049,
            "Actual Rows": 0,
            "Actual Loops": 1,
            "Plans": [
              {
                "Node Type": "SetOp",
                "Strategy": "Hashed",
                "Parent Relationship": "Subquery",
                "Parallel Aware": false,
                "Async Capable": false,
                "Command": "Intersect",
                "Startup Cost": 111208.81,
                "Total Cost": 565732.12,
                "Plan Rows": 51,
                "Plan Width": 216,
                "Actual Startup Time": 9467.96,
                "Actual Total Time": 9468.047,
                "Actual Rows": 0,
                "Actual Loops": 1,
                "Plans": [
                  {
                    "Node Type": "Append",
                    "Parent Relationship": "Outer",
                    "Parallel Aware": false,
                    "Async Capable": false,
                    "Startup Cost": 111208.81,
                    "Total Cost": 565730.85,
                    "Plan Rows": 169,
                    "Plan Width": 216,
                    "Actual Startup Time": 9467.959,
                    "Actual Total Time": 9468.046,
                    "Actual Rows": 0,
                    "Actual Loops": 1,
                    "Subplans Removed": 0,
                    "Plans": [
                      {
                        "Node Type": "Subquery Scan",
                        "Parent Relationship": "Member",
                        "Parallel Aware": false,
                        "Async Capable": false,
                        "Alias": "*SELECT* 3",
                        "Startup Cost": 111208.81,
                        "Total Cost": 111215.95,
                        "Plan Rows": 51,
                        "Plan Width": 60,
                        "Actual Startup Time": 2473.249,
                        "Actual Total Time": 2473.299,
                        "Actual Rows": 0,
                        "Actual Loops": 1,
                        "Plans": [
                          {
                            "Node Type": "Unique",
                            "Parent Relationship": "Subquery",
                            "Parallel Aware": false,
                            "Async Capable": false,
                            "Startup Cost": 111208.81,
                            "Total Cost": 111215.44,
                            "Plan Rows": 51,
                            "Plan Width": 56,
                            "Actual Startup Time": 2473.248,
                            "Actual Total Time": 2473.297,
                            "Actual Rows": 0,
                            "Actual Loops": 1,
                            "Plans": [
                              {
                                "Node Type": "Gather Merge",
                                "Parent Relationship": "Outer",
                                "Parallel Aware": false,
                                "Async Capable": false,
                                "Startup Cost": 111208.81,
                                "Total Cost": 111215.06,
                                "Plan Rows": 51,
                                "Plan Width": 56,
                                "Actual Startup Time": 2473.248,
                                "Actual Total Time": 2473.296,
                                "Actual Rows": 0,
                                "Actual Loops": 1,
                                "Workers Planned": 1,
                                "Workers Launched": 1,
                                "Plans": [
                                  {
                                    "Node Type": "Unique",
                                    "Parent Relationship": "Outer",
                                    "Parallel Aware": false,
                                    "Async Capable": false,
                                    "Startup Cost": 110208.8,
                                    "Total Cost": 110209.31,
                                    "Plan Rows": 51,
                                    "Plan Width": 56,
                                    "Actual Startup Time": 2447.303,
                                    "Actual Total Time": 2447.306,
                                    "Actual Rows": 0,
                                    "Actual Loops": 2,
                                    "Workers": [],
                                    "Plans": [
                                      {
                                        "Node Type": "Sort",
                                        "Parent Relationship": "Outer",
                                        "Parallel Aware": false,
                                        "Async Capable": false,
                                        "Startup Cost": 110208.8,
                                        "Total Cost": 110208.93,
                                        "Plan Rows": 51,
                                        "Plan Width": 56,
                                        "Actual Startup Time": 2447.303,
                                        "Actual Total Time": 2447.304,
                                        "Actual Rows": 0,
                                        "Actual Loops": 2,
                                        "Sort Key": [
                                          "customer.c_last_name",
                                          "customer.c_first_name",
                                          "date_dim.d_date"
                                        ],
                                        "Sort Method": "quicksort",
                                        "Sort Space Used": 25,
                                        "Sort Space Type": "Memory",
                                        "Workers": [
                                          {
                                            "Worker Number": 0,
                                            "Sort Method": "quicksort",
                                            "Sort Space Used": 25,
                                            "Sort Space Type": "Memory"
                                          }
                                        ],
                                        "Plans": [
                                          {
                                            "Node Type": "Nested Loop",
                                            "Parent Relationship": "Outer",
                                            "Parallel Aware": false,
                                            "Async Capable": false,
                                            "Join Type": "Inner",
                                            "Startup Cost": 0.85,
                                            "Total Cost": 110207.35,
                                            "Plan Rows": 51,
                                            "Plan Width": 56,
                                            "Actual Startup Time": 2447.284,
                                            "Actual Total Time": 2447.286,
                                            "Actual Rows": 0,
                                            "Actual Loops": 2,
                                            "Inner Unique": true,
                                            "Workers": [],
                                            "Plans": [
                                              {
                                                "Node Type": "Nested Loop",
                                                "Parent Relationship": "Outer",
                                                "Parallel Aware": false,
                                                "Async Capable": false,
                                                "Join Type": "Inner",
                                                "Startup Cost": 0.43,
                                                "Total Cost": 109931.93,
                                                "Plan Rows": 185,
                                                "Plan Width": 8,
                                                "Actual Startup Time": 2447.283,
                                                "Actual Total Time": 2447.284,
                                                "Actual Rows": 0,
                                                "Actual Loops": 2,
                                                "Inner Unique": false,
                                                "Workers": [],
                                                "Plans": [
                                                  {
                                                    "Node Type": "Seq Scan",
                                                    "Parent Relationship": "Outer",
                                                    "Parallel Aware": true,
                                                    "Async Capable": false,
                                                    "Relation Name": "date_dim",
                                                    "Alias": "date_dim",
                                                    "Startup Cost": 0.0,
                                                    "Total Cost": 2068.55,
                                                    "Plan Rows": 231,
                                                    "Plan Width": 8,
                                                    "Actual Startup Time": 160.624,
                                                    "Actual Total Time": 191.055,
                                                    "Actual Rows": 183,
                                                    "Actual Loops": 2,
                                                    "Filter": "((d_month_seq >= 1200) AND (d_month_seq <= 1211))",
                                                    "Rows Removed by Filter": 36342,
                                                    "Workers": []
                                                  },
                                                  {
                                                    "Node Type": "Index Scan",
                                                    "Parent Relationship": "Inner",
                                                    "Parallel Aware": false,
                                                    "Async Capable": false,
                                                    "Scan Direction": "Forward",
                                                    "Index Name": "_dta_index_web_sales_6_1269579561__k1_8_24",
                                                    "Relation Name": "web_sales",
                                                    "Alias": "web_sales",
                                                    "Startup Cost": 0.43,
                                                    "Total Cost": 466.66,
                                                    "Plan Rows": 28,
                                                    "Plan Width": 8,
                                                    "Actual Startup Time": 12.328,
                                                    "Actual Total Time": 12.328,
                                                    "Actual Rows": 0,
                                                    "Actual Loops": 366,
                                                    "Index Cond": "(ws_sold_date_sk = date_dim.d_date_sk)",
                                                    "Rows Removed by Index Recheck": 0,
                                                    "Filter": "((ws_list_price >= '193'::numeric) AND (ws_list_price <= '252'::numeric) AND (ws_wholesale_cost >= '35'::numeric) AND (ws_wholesale_cost <= '55'::numeric))",
                                                    "Rows Removed by Filter": 3673,
                                                    "Workers": []
                                                  }
                                                ]
                                              },
                                              {
                                                "Node Type": "Index Scan",
                                                "Parent Relationship": "Inner",
                                                "Parallel Aware": false,
                                                "Async Capable": false,
                                                "Scan Direction": "Forward",
                                                "Index Name": "_dta_index_customer_6_949578421__k1_k5",
                                                "Relation Name": "customer",
                                                "Alias": "customer",
                                                "Startup Cost": 0.42,
                                                "Total Cost": 1.49,
                                                "Plan Rows": 1,
                                                "Plan Width": 56,
                                                "Actual Startup Time": 0.0,
                                                "Actual Total Time": 0.0,
                                                "Actual Rows": 0,
                                                "Actual Loops": 0,
                                                "Index Cond": "(c_customer_sk = web_sales.ws_bill_customer_sk)",
                                                "Rows Removed by Index Recheck": 0,
                                                "Filter": "(c_birth_month = ANY ('{1,2,5,12}'::integer[]))",
                                                "Rows Removed by Filter": 0,
                                                "Workers": []
                                              }
                                            ]
                                          }
                                        ]
                                      }
                                    ]
                                  }
                                ]
                              }
                            ]
                          }
                        ]
                      },
                      {
                        "Node Type": "Result",
                        "Parent Relationship": "Member",
                        "Parallel Aware": false,
                        "Async Capable": false,
                        "Startup Cost": 209848.25,
                        "Total Cost": 454514.06,
                        "Plan Rows": 118,
                        "Plan Width": 216,
                        "Actual Startup Time": 6994.707,
                        "Actual Total Time": 6994.743,
                        "Actual Rows": 0,
                        "Actual Loops": 1,
                        "Plans": [
                          {
                            "Node Type": "SetOp",
                            "Strategy": "Hashed",
                            "Parent Relationship": "Outer",
                            "Parallel Aware": false,
                            "Async Capable": false,
                            "Command": "Intersect",
                            "Startup Cost": 209848.25,
                            "Total Cost": 454512.88,
                            "Plan Rows": 118,
                            "Plan Width": 216,
                            "Actual Startup Time": 6994.706,
                            "Actual Total Time": 6994.742,
                            "Actual Rows": 0,
                            "Actual Loops": 1,
                            "Plans": [
                              {
                                "Node Type": "Append",
                                "Parent Relationship": "Outer",
                                "Parallel Aware": false,
                                "Async Capable": false,
                                "Startup Cost": 209848.25,
                                "Total Cost": 454508.6,
                                "Plan Rows": 570,
                                "Plan Width": 216,
                                "Actual Startup Time": 6994.705,
                                "Actual Total Time": 6994.741,
                                "Actual Rows": 0,
                                "Actual Loops": 1,
                                "Subplans Removed": 0,
                                "Plans": [
                                  {
                                    "Node Type": "Subquery Scan",
                                    "Parent Relationship": "Member",
                                    "Parallel Aware": false,
                                    "Async Capable": false,
                                    "Alias": "*SELECT* 2",
                                    "Startup Cost": 209848.25,
                                    "Total Cost": 209864.77,
                                    "Plan Rows": 118,
                                    "Plan Width": 60,
                                    "Actual Startup Time": 2828.804,
                                    "Actual Total Time": 2828.821,
                                    "Actual Rows": 0,
                                    "Actual Loops": 1,
                                    "Plans": [
                                      {
                                        "Node Type": "Unique",
                                        "Parent Relationship": "Subquery",
                                        "Parallel Aware": false,
                                        "Async Capable": false,
                                        "Startup Cost": 209848.25,
                                        "Total Cost": 209863.59,
                                        "Plan Rows": 118,
                                        "Plan Width": 56,
                                        "Actual Startup Time": 2828.803,
                                        "Actual Total Time": 2828.819,
                                        "Actual Rows": 0,
                                        "Actual Loops": 1,
                                        "Plans": [
                                          {
                                            "Node Type": "Gather Merge",
                                            "Parent Relationship": "Outer",
                                            "Parallel Aware": false,
                                            "Async Capable": false,
                                            "Startup Cost": 209848.25,
                                            "Total Cost": 209862.7,
                                            "Plan Rows": 118,
                                            "Plan Width": 56,
                                            "Actual Startup Time": 2828.802,
                                            "Actual Total Time": 2828.818,
                                            "Actual Rows": 0,
                                            "Actual Loops": 1,
                                            "Workers Planned": 1,
                                            "Workers Launched": 1,
                                            "Plans": [
                                              {
                                                "Node Type": "Unique",
                                                "Parent Relationship": "Outer",
                                                "Parallel Aware": false,
                                                "Async Capable": false,
                                                "Startup Cost": 208848.24,
                                                "Total Cost": 208849.42,
                                                "Plan Rows": 118,
                                                "Plan Width": 56,
                                                "Actual Startup Time": 2695.831,
                                                "Actual Total Time": 2695.832,
                                                "Actual Rows": 0,
                                                "Actual Loops": 2,
                                                "Workers": [],
                                                "Plans": [
                                                  {
                                                    "Node Type": "Sort",
                                                    "Parent Relationship": "Outer",
                                                    "Parallel Aware": false,
                                                    "Async Capable": false,
                                                    "Startup Cost": 208848.24,
                                                    "Total Cost": 208848.53,
                                                    "Plan Rows": 118,
                                                    "Plan Width": 56,
                                                    "Actual Startup Time": 2695.83,
                                                    "Actual Total Time": 2695.831,
                                                    "Actual Rows": 0,
                                                    "Actual Loops": 2,
                                                    "Sort Key": [
                                                      "customer_1.c_last_name",
                                                      "customer_1.c_first_name",
                                                      "date_dim_1.d_date"
                                                    ],
                                                    "Sort Method": "quicksort",
                                                    "Sort Space Used": 25,
                                                    "Sort Space Type": "Memory",
                                                    "Workers": [
                                                      {
                                                        "Worker Number": 0,
                                                        "Sort Method": "quicksort",
                                                        "Sort Space Used": 25,
                                                        "Sort Space Type": "Memory"
                                                      }
                                                    ],
                                                    "Plans": [
                                                      {
                                                        "Node Type": "Nested Loop",
                                                        "Parent Relationship": "Outer",
                                                        "Parallel Aware": false,
                                                        "Async Capable": false,
                                                        "Join Type": "Inner",
                                                        "Startup Cost": 0.86,
                                                        "Total Cost": 208844.17,
                                                        "Plan Rows": 118,
                                                        "Plan Width": 56,
                                                        "Actual Startup Time": 2695.811,
                                                        "Actual Total Time": 2695.812,
                                                        "Actual Rows": 0,
                                                        "Actual Loops": 2,
                                                        "Inner Unique": true,
                                                        "Workers": [],
                                                        "Plans": [
                                                          {
                                                            "Node Type": "Nested Loop",
                                                            "Parent Relationship": "Outer",
                                                            "Parallel Aware": false,
                                                            "Async Capable": false,
                                                            "Join Type": "Inner",
                                                            "Startup Cost": 0.43,
                                                            "Total Cost": 208462.16,
                                                            "Plan Rows": 427,
                                                            "Plan Width": 8,
                                                            "Actual Startup Time": 2695.81,
                                                            "Actual Total Time": 2695.811,
                                                            "Actual Rows": 0,
                                                            "Actual Loops": 2,
                                                            "Inner Unique": false,
                                                            "Workers": [],
                                                            "Plans": [
                                                              {
                                                                "Node Type": "Seq Scan",
                                                                "Parent Relationship": "Outer",
                                                                "Parallel Aware": true,
                                                                "Async Capable": false,
                                                                "Relation Name": "date_dim",
                                                                "Alias": "date_dim_1",
                                                                "Startup Cost": 0.0,
                                                                "Total Cost": 2068.55,
                                                                "Plan Rows": 231,
                                                                "Plan Width": 8,
                                                                "Actual Startup Time": 90.219,
                                                                "Actual Total Time": 117.644,
                                                                "Actual Rows": 183,
                                                                "Actual Loops": 2,
                                                                "Filter": "((d_month_seq >= 1200) AND (d_month_seq <= 1211))",
                                                                "Rows Removed by Filter": 36342,
                                                                "Workers": []
                                                              },
                                                              {
                                                                "Node Type": "Index Scan",
                                                                "Parent Relationship": "Inner",
                                                                "Parallel Aware": false,
                                                                "Async Capable": false,
                                                                "Scan Direction": "Forward",
                                                                "Index Name": "_dta_index_catalog_sales_6_1301579675__k1_4",
                                                                "Relation Name": "catalog_sales",
                                                                "Alias": "catalog_sales",
                                                                "Startup Cost": 0.43,
                                                                "Total Cost": 892.84,
                                                                "Plan Rows": 64,
                                                                "Plan Width": 8,
                                                                "Actual Startup Time": 14.087,
                                                                "Actual Total Time": 14.087,
                                                                "Actual Rows": 0,
                                                                "Actual Loops": 366,
                                                                "Index Cond": "(cs_sold_date_sk = date_dim_1.d_date_sk)",
                                                                "Rows Removed by Index Recheck": 0,
                                                                "Filter": "((cs_list_price >= '193'::numeric) AND (cs_list_price <= '252'::numeric) AND (cs_wholesale_cost >= '35'::numeric) AND (cs_wholesale_cost <= '55'::numeric))",
                                                                "Rows Removed by Filter": 6245,
                                                                "Workers": []
                                                              }
                                                            ]
                                                          },
                                                          {
                                                            "Node Type": "Index Scan",
                                                            "Parent Relationship": "Inner",
                                                            "Parallel Aware": false,
                                                            "Async Capable": false,
                                                            "Scan Direction": "Forward",
                                                            "Index Name": "_dta_index_customer_6_949578421__k1_k5",
                                                            "Relation Name": "customer",
                                                            "Alias": "customer_1",
                                                            "Startup Cost": 0.42,
                                                            "Total Cost": 0.89,
                                                            "Plan Rows": 1,
                                                            "Plan Width": 56,
                                                            "Actual Startup Time": 0.0,
                                                            "Actual Total Time": 0.0,
                                                            "Actual Rows": 0,
                                                            "Actual Loops": 0,
                                                            "Index Cond": "(c_customer_sk = catalog_sales.cs_bill_customer_sk)",
                                                            "Rows Removed by Index Recheck": 0,
                                                            "Filter": "(c_birth_month = ANY ('{1,2,5,12}'::integer[]))",
                                                            "Rows Removed by Filter": 0,
                                                            "Workers": []
                                                          }
                                                        ]
                                                      }
                                                    ]
                                                  }
                                                ]
                                              }
                                            ]
                                          }
                                        ]
                                      }
                                    ]
                                  },
                                  {
                                    "Node Type": "Subquery Scan",
                                    "Parent Relationship": "Member",
                                    "Parallel Aware": false,
                                    "Async Capable": false,
                                    "Alias": "*SELECT* 1",
                                    "Startup Cost": 244577.71,
                                    "Total Cost": 244640.99,
                                    "Plan Rows": 452,
                                    "Plan Width": 60,
                                    "Actual Startup Time": 4165.896,
                                    "Actual Total Time": 4165.915,
                                    "Actual Rows": 0,
                                    "Actual Loops": 1,
                                    "Plans": [
                                      {
                                        "Node Type": "Unique",
                                        "Parent Relationship": "Subquery",
                                        "Parallel Aware": false,
                                        "Async Capable": false,
                                        "Startup Cost": 244577.71,
                                        "Total Cost": 244636.47,
                                        "Plan Rows": 452,
                                        "Plan Width": 56,
                                        "Actual Startup Time": 4165.895,
                                        "Actual Total Time": 4165.913,
                                        "Actual Rows": 0,
                                        "Actual Loops": 1,
                                        "Plans": [
                                          {
                                            "Node Type": "Gather Merge",
                                            "Parent Relationship": "Outer",
                                            "Parallel Aware": false,
                                            "Async Capable": false,
                                            "Startup Cost": 244577.71,
                                            "Total Cost": 244633.08,
                                            "Plan Rows": 452,
                                            "Plan Width": 56,
                                            "Actual Startup Time": 4165.894,
                                            "Actual Total Time": 4165.912,
                                            "Actual Rows": 0,
                                            "Actual Loops": 1,
                                            "Workers Planned": 1,
                                            "Workers Launched": 1,
                                            "Plans": [
                                              {
                                                "Node Type": "Unique",
                                                "Parent Relationship": "Outer",
                                                "Parallel Aware": false,
                                                "Async Capable": false,
                                                "Startup Cost": 243577.7,
                                                "Total Cost": 243582.22,
                                                "Plan Rows": 452,
                                                "Plan Width": 56,
                                                "Actual Startup Time": 3777.615,
                                                "Actual Total Time": 3777.617,
                                                "Actual Rows": 0,
                                                "Actual Loops": 2,
                                                "Workers": [],
                                                "Plans": [
                                                  {
                                                    "Node Type": "Sort",
                                                    "Parent Relationship": "Outer",
                                                    "Parallel Aware": false,
                                                    "Async Capable": false,
                                                    "Startup Cost": 243577.7,
                                                    "Total Cost": 243578.83,
                                                    "Plan Rows": 452,
                                                    "Plan Width": 56,
                                                    "Actual Startup Time": 3777.614,
                                                    "Actual Total Time": 3777.616,
                                                    "Actual Rows": 0,
                                                    "Actual Loops": 2,
                                                    "Sort Key": [
                                                      "customer_2.c_last_name",
                                                      "customer_2.c_first_name",
                                                      "date_dim_2.d_date"
                                                    ],
                                                    "Sort Method": "quicksort",
                                                    "Sort Space Used": 25,
                                                    "Sort Space Type": "Memory",
                                                    "Workers": [
                                                      {
                                                        "Worker Number": 0,
                                                        "Sort Method": "quicksort",
                                                        "Sort Space Used": 25,
                                                        "Sort Space Type": "Memory"
                                                      }
                                                    ],
                                                    "Plans": [
                                                      {
                                                        "Node Type": "Nested Loop",
                                                        "Parent Relationship": "Outer",
                                                        "Parallel Aware": false,
                                                        "Async Capable": false,
                                                        "Join Type": "Inner",
                                                        "Startup Cost": 0.98,
                                                        "Total Cost": 243557.76,
                                                        "Plan Rows": 452,
                                                        "Plan Width": 56,
                                                        "Actual Startup Time": 3777.009,
                                                        "Actual Total Time": 3777.01,
                                                        "Actual Rows": 0,
                                                        "Actual Loops": 2,
                                                        "Inner Unique": true,
                                                        "Workers": [],
                                                        "Plans": [
                                                          {
                                                            "Node Type": "Nested Loop",
                                                            "Parent Relationship": "Outer",
                                                            "Parallel Aware": false,
                                                            "Async Capable": false,
                                                            "Join Type": "Inner",
                                                            "Startup Cost": 0.56,
                                                            "Total Cost": 242478.56,
                                                            "Plan Rows": 1708,
                                                            "Plan Width": 8,
                                                            "Actual Startup Time": 3777.008,
                                                            "Actual Total Time": 3777.009,
                                                            "Actual Rows": 0,
                                                            "Actual Loops": 2,
                                                            "Inner Unique": false,
                                                            "Workers": [],
                                                            "Plans": [
                                                              {
                                                                "Node Type": "Seq Scan",
                                                                "Parent Relationship": "Outer",
                                                                "Parallel Aware": true,
                                                                "Async Capable": false,
                                                                "Relation Name": "date_dim",
                                                                "Alias": "date_dim_2",
                                                                "Startup Cost": 0.0,
                                                                "Total Cost": 2068.55,
                                                                "Plan Rows": 231,
                                                                "Plan Width": 8,
                                                                "Actual Startup Time": 81.545,
                                                                "Actual Total Time": 113.878,
                                                                "Actual Rows": 183,
                                                                "Actual Loops": 2,
                                                                "Filter": "((d_month_seq >= 1200) AND (d_month_seq <= 1211))",
                                                                "Rows Removed by Filter": 36342,
                                                                "Workers": []
                                                              },
                                                              {
                                                                "Node Type": "Index Only Scan",
                                                                "Parent Relationship": "Inner",
                                                                "Parallel Aware": false,
                                                                "Async Capable": false,
                                                                "Scan Direction": "Forward",
                                                                "Index Name": "_dta_index_store_sales_6_1333579789__k1_k23_k14_k6_k8_k5_k7_3_4",
                                                                "Relation Name": "store_sales",
                                                                "Alias": "store_sales",
                                                                "Startup Cost": 0.56,
                                                                "Total Cost": 1038.1,
                                                                "Plan Rows": 264,
                                                                "Plan Width": 8,
                                                                "Actual Startup Time": 20.015,
                                                                "Actual Total Time": 20.015,
                                                                "Actual Rows": 0,
                                                                "Actual Loops": 366,
                                                                "Index Cond": "(ss_sold_date_sk = date_dim_2.d_date_sk)",
                                                                "Rows Removed by Index Recheck": 0,
                                                                "Filter": "((ss_list_price >= '193'::numeric) AND (ss_list_price <= '252'::numeric) AND (ss_wholesale_cost >= '35'::numeric) AND (ss_wholesale_cost <= '55'::numeric))",
                                                                "Rows Removed by Filter": 16419,
                                                                "Heap Fetches": 0,
                                                                "Workers": []
                                                              }
                                                            ]
                                                          },
                                                          {
                                                            "Node Type": "Index Scan",
                                                            "Parent Relationship": "Inner",
                                                            "Parallel Aware": false,
                                                            "Async Capable": false,
                                                            "Scan Direction": "Forward",
                                                            "Index Name": "_dta_index_customer_6_949578421__k1_k5",
                                                            "Relation Name": "customer",
                                                            "Alias": "customer_2",
                                                            "Startup Cost": 0.42,
                                                            "Total Cost": 0.63,
                                                            "Plan Rows": 1,
                                                            "Plan Width": 56,
                                                            "Actual Startup Time": 0.0,
                                                            "Actual Total Time": 0.0,
                                                            "Actual Rows": 0,
                                                            "Actual Loops": 0,
                                                            "Index Cond": "(c_customer_sk = store_sales.ss_customer_sk)",
                                                            "Rows Removed by Index Recheck": 0,
                                                            "Filter": "(c_birth_month = ANY ('{1,2,5,12}'::integer[]))",
                                                            "Rows Removed by Filter": 0,
                                                            "Workers": []
                                                          }
                                                        ]
                                                      }
                                                    ]
                                                  }
                                                ]
                                              }
                                            ]
                                          }
                                        ]
                                      }
                                    ]
                                  }
                                ]
                              }
                            ]
                          }
                        ]
                      }
                    ]
                  }
                ]
              }
            ]
          }
        ]
      }
    ]
  },
  "actual_rows": 1,
  "provenance": {
    "database": "postgres://jakc9:jakc9@127.0.0.1:5434/dsb_sf10",
    "scale_factor": 10,
    "engine": "postgresql",
    "engine_version": "14.3",
    "cached_at": "2026-02-09T21:04:58.677248"
  }
}