{
  "execution_time_ms": 11607.574,
  "plan_text": "Limit  (rows=1, time=11593.276)\n  Aggregate  (rows=2, time=1123.746)\n    Gather Merge  (rows=83570, time=1116.241)\n      Aggregate  (rows=27857, time=1074.598)\n        Sort  (rows=30562, time=1070.837)\n          Hash Join  (rows=30562, time=1054.358)\n            Nested Loop  (rows=208254, time=1037.558)\n              Seq Scan on item  (rows=1389, time=289.728)\n              Index Only Scan on store_sales  (rows=150, time=0.531)\n            Hash  (rows=365, time=0.989)\n              Index Scan on date_dim (date_dim_2)  (rows=365, time=0.962)\n  Aggregate  (rows=5504, time=9465.386)\n    Aggregate  (rows=1, time=4044.945)\n      Aggregate  (rows=147865, time=4039.925)\n        Gather Merge  (rows=168783, time=3993.58)\n          Aggregate  (rows=56261, time=2155.355)\n            Sort  (rows=100405, time=2130.654)\n              Nested Loop  (rows=100405, time=2054.158)\n                Nested Loop  (rows=101613, time=1870.835)\n                  Index Only Scan on date_dim (date_dim_3)  (rows=122, time=0.629)\n                  Index Only Scan on store_sales (store_sales_1)  (rows=835, time=15.129)\n                Index Only Scan on customer  (rows=1, time=0.002)\n    Gather Merge  (rows=36317, time=5402.801)\n      Aggregate  (rows=12106, time=4010.182)\n        Nested Loop  (rows=714638, time=3907.881)\n          Index Scan on customer (customer_1)  (rows=13078, time=495.792)\n          Index Only Scan on store_sales (store_sales_2)  (rows=55, time=0.258)\n  Aggregate  (rows=1, time=11112.321)\n    Append  (rows=0, time=11112.29)\n      Hash Join  (rows=0, time=10754.009)\n        Hash Join  (rows=0, time=1284.412)\n          Gather  (rows=10889, time=159.917)\n            Nested Loop  (rows=3630, time=60.987)\n              Index Only Scan on date_dim  (rows=10, time=13.33)\n              Index Scan on catalog_sales  (rows=351, time=4.581)\n          Hash  (rows=2, time=1123.706)\n            Aggregate  (rows=2, time=1123.7)\n              CTE Scan (frequent_ss_items)  (rows=2, time=1123.682)\n        Hash  (rows=5504, time=9469.581)\n          Aggregate  (rows=5504, time=9469.342)\n            CTE Scan (best_ss_customer)  (rows=5504, time=9466.822)\n      Hash Join  (rows=0, time=358.278)\n        Hash Join  (rows=0, time=357.125)\n          Gather  (rows=9780, time=356.016)\n            Nested Loop  (rows=3260, time=118.882)\n              Index Only Scan on date_dim (date_dim_1)  (rows=10, time=0.685)\n              Index Scan on web_sales  (rows=315, time=11.4)\n          Hash  (rows=2, time=0.009)\n            Aggregate  (rows=2, time=0.007)\n              CTE Scan (frequent_ss_items_1)  (rows=2, time=0.002)\n        Hash  (rows=5504, time=1.14)\n          Aggregate  (rows=5504, time=0.913)\n            CTE Scan (best_ss_customer_1)  (rows=5504, time=0.207)",
  "plan_json": {
    "Node Type": "Limit",
    "Parallel Aware": false,
    "Async Capable": false,
    "Startup Cost": 596494.53,
    "Total Cost": 596494.54,
    "Plan Rows": 1,
    "Plan Width": 32,
    "Actual Startup Time": 11593.124,
    "Actual Total Time": 11593.276,
    "Actual Rows": 1,
    "Actual Loops": 1,
    "Plans": [
      {
        "Node Type": "Aggregate",
        "Strategy": "Sorted",
        "Partial Mode": "Finalize",
        "Parent Relationship": "InitPlan",
        "Subplan Name": "CTE frequent_ss_items",
        "Parallel Aware": false,
        "Async Capable": false,
        "Startup Cost": 109975.68,
        "Total Cost": 110665.57,
        "Plan Rows": 1793,
        "Plan Width": 48,
        "Actual Startup Time": 1105.54,
        "Actual Total Time": 1123.746,
        "Actual Rows": 2,
        "Actual Loops": 1,
        "Group Key": [
          "(\"substring\"((item.i_item_desc)::text, 1, 30))",
          "item.i_item_sk",
          "date_dim_2.d_date"
        ],
        "Filter": "(count(*) > 4)",
        "Rows Removed by Filter": 83568,
        "Plans": [
          {
            "Node Type": "Gather Merge",
            "Parent Relationship": "Outer",
            "Parallel Aware": false,
            "Async Capable": false,
            "Startup Cost": 109975.68,
            "Total Cost": 110549.03,
            "Plan Rows": 4482,
            "Plan Width": 48,
            "Actual Startup Time": 1102.554,
            "Actual Total Time": 1116.241,
            "Actual Rows": 83570,
            "Actual Loops": 1,
            "Workers Planned": 2,
            "Workers Launched": 2,
            "Plans": [
              {
                "Node Type": "Aggregate",
                "Strategy": "Sorted",
                "Partial Mode": "Partial",
                "Parent Relationship": "Outer",
                "Parallel Aware": false,
                "Async Capable": false,
                "Startup Cost": 108975.65,
                "Total Cost": 109031.68,
                "Plan Rows": 2241,
                "Plan Width": 48,
                "Actual Startup Time": 1070.104,
                "Actual Total Time": 1074.598,
                "Actual Rows": 27857,
                "Actual Loops": 3,
                "Group Key": [
                  "(\"substring\"((item.i_item_desc)::text, 1, 30))",
                  "item.i_item_sk",
                  "date_dim_2.d_date"
                ],
                "Workers": [],
                "Plans": [
                  {
                    "Node Type": "Sort",
                    "Parent Relationship": "Outer",
                    "Parallel Aware": false,
                    "Async Capable": false,
                    "Startup Cost": 108975.65,
                    "Total Cost": 108981.25,
                    "Plan Rows": 2241,
                    "Plan Width": 40,
                    "Actual Startup Time": 1070.078,
                    "Actual Total Time": 1070.837,
                    "Actual Rows": 30562,
                    "Actual Loops": 3,
                    "Sort Key": [
                      "(\"substring\"((item.i_item_desc)::text, 1, 30))",
                      "item.i_item_sk",
                      "date_dim_2.d_date"
                    ],
                    "Sort Method": "quicksort",
                    "Sort Space Used": 3227,
                    "Sort Space Type": "Memory",
                    "Workers": [
                      {
                        "Worker Number": 0,
                        "Sort Method": "quicksort",
                        "Sort Space Used": 2436,
                        "Sort Space Type": "Memory"
                      },
                      {
                        "Worker Number": 1,
                        "Sort Method": "quicksort",
                        "Sort Space Used": 2582,
                        "Sort Space Type": "Memory"
                      }
                    ],
                    "Plans": [
                      {
                        "Node Type": "Hash Join",
                        "Parent Relationship": "Outer",
                        "Parallel Aware": false,
                        "Async Capable": false,
                        "Join Type": "Inner",
                        "Startup Cost": 592.99,
                        "Total Cost": 108850.94,
                        "Plan Rows": 2241,
                        "Plan Width": 40,
                        "Actual Startup Time": 87.134,
                        "Actual Total Time": 1054.358,
                        "Actual Rows": 30562,
                        "Actual Loops": 3,
                        "Inner Unique": true,
                        "Hash Cond": "(store_sales.ss_sold_date_sk = date_dim_2.d_date_sk)",
                        "Workers": [],
                        "Plans": [
                          {
                            "Node Type": "Nested Loop",
                            "Parent Relationship": "Outer",
                            "Parallel Aware": false,
                            "Async Capable": false,
                            "Join Type": "Inner",
                            "Startup Cost": 0.56,
                            "Total Cost": 107022.51,
                            "Plan Rows": 468696,
                            "Plan Width": 110,
                            "Actual Startup Time": 85.528,
                            "Actual Total Time": 1037.558,
                            "Actual Rows": 208254,
                            "Actual Loops": 3,
                            "Inner Unique": false,
                            "Workers": [],
                            "Plans": [
                              {
                                "Node Type": "Seq Scan",
                                "Parent Relationship": "Outer",
                                "Parallel Aware": true,
                                "Async Capable": false,
                                "Relation Name": "item",
                                "Alias": "item",
                                "Startup Cost": 0.0,
                                "Total Cost": 7840.88,
                                "Plan Rows": 1660,
                                "Plan Width": 106,
                                "Actual Startup Time": 84.24,
                                "Actual Total Time": 289.728,
                                "Actual Rows": 1389,
                                "Actual Loops": 3,
                                "Filter": "((i_manager_id >= 44) AND (i_manager_id <= 63) AND (i_category = ANY ('{Men,Music,Sports}'::bpchar[])))",
                                "Rows Removed by Filter": 32611,
                                "Workers": []
                              },
                              {
                                "Node Type": "Index Only Scan",
                                "Parent Relationship": "Inner",
                                "Parallel Aware": false,
                                "Async Capable": false,
                                "Scan Direction": "Forward",
                                "Index Name": "_dta_index_store_sales_6_1333579789__k3_k10_k4_k1_k8",
                                "Relation Name": "store_sales",
                                "Alias": "store_sales",
                                "Startup Cost": 0.56,
                                "Total Cost": 47.51,
                                "Plan Rows": 1224,
                                "Plan Width": 8,
                                "Actual Startup Time": 0.306,
                                "Actual Total Time": 0.531,
                                "Actual Rows": 150,
                                "Actual Loops": 4168,
                                "Index Cond": "(ss_item_sk = item.i_item_sk)",
                                "Rows Removed by Index Recheck": 0,
                                "Heap Fetches": 0,
                                "Workers": []
                              }
                            ]
                          },
                          {
                            "Node Type": "Hash",
                            "Parent Relationship": "Inner",
                            "Parallel Aware": false,
                            "Async Capable": false,
                            "Startup Cost": 587.87,
                            "Total Cost": 587.87,
                            "Plan Rows": 365,
                            "Plan Width": 8,
                            "Actual Startup Time": 0.988,
                            "Actual Total Time": 0.989,
                            "Actual Rows": 365,
                            "Actual Loops": 3,
                            "Hash Buckets": 1024,
                            "Original Hash Buckets": 1024,
                            "Hash Batches": 1,
                            "Original Hash Batches": 1,
                            "Peak Memory Usage": 23,
                            "Workers": [],
                            "Plans": [
                              {
                                "Node Type": "Index Scan",
                                "Parent Relationship": "Outer",
                                "Parallel Aware": false,
                                "Async Capable": false,
                                "Scan Direction": "Forward",
                                "Index Name": "_dta_index_date_dim_6_661577395__k7_k1",
                                "Relation Name": "date_dim",
                                "Alias": "date_dim_2",
                                "Startup Cost": 0.29,
                                "Total Cost": 587.87,
                                "Plan Rows": 365,
                                "Plan Width": 8,
                                "Actual Startup Time": 0.586,
                                "Actual Total Time": 0.962,
                                "Actual Rows": 365,
                                "Actual Loops": 3,
                                "Index Cond": "(d_year = 1999)",
                                "Rows Removed by Index Recheck": 0,
                                "Workers": []
                              }
                            ]
                          }
                        ]
                      }
                    ]
                  }
                ]
              }
            ]
          }
        ]
      },
      {
        "Node Type": "Aggregate",
        "Strategy": "Sorted",
        "Partial Mode": "Finalize",
        "Parent Relationship": "InitPlan",
        "Subplan Name": "CTE best_ss_customer",
        "Parallel Aware": false,
        "Async Capable": false,
        "Startup Cost": 156465.24,
        "Total Cost": 460919.8,
        "Plan Rows": 13267,
        "Plan Width": 36,
        "Actual Startup Time": 4212.013,
        "Actual Total Time": 9465.386,
        "Actual Rows": 5504,
        "Actual Loops": 1,
        "Group Key": [
          "customer_1.c_customer_sk"
        ],
        "Filter": "(sum(((store_sales_2.ss_quantity)::numeric * store_sales_2.ss_sales_price)) > (0.95000000000000000000 * $6))",
        "Rows Removed by Filter": 30813,
        "Plans": [
          {
            "Node Type": "Aggregate",
            "Strategy": "Plain",
            "Partial Mode": "Simple",
            "Parent Relationship": "InitPlan",
            "Subplan Name": "InitPlan 2 (returns $6)",
            "Parallel Aware": false,
            "Async Capable": false,
            "Startup Cost": 155464.23,
            "Total Cost": 155464.24,
            "Plan Rows": 1,
            "Plan Width": 32,
            "Actual Startup Time": 4044.92,
            "Actual Total Time": 4044.945,
            "Actual Rows": 1,
            "Actual Loops": 1,
            "Plans": [
              {
                "Node Type": "Aggregate",
                "Strategy": "Sorted",
                "Partial Mode": "Finalize",
                "Parent Relationship": "Outer",
                "Parallel Aware": false,
                "Async Capable": false,
                "Startup Cost": 154262.58,
                "Total Cost": 155355.26,
                "Plan Rows": 8717,
                "Plan Width": 36,
                "Actual Startup Time": 3939.125,
                "Actual Total Time": 4039.925,
                "Actual Rows": 147865,
                "Actual Loops": 1,
                "Group Key": [
                  "customer.c_customer_sk"
                ],
                "Plans": [
                  {
                    "Node Type": "Gather Merge",
                    "Parent Relationship": "Outer",
                    "Parallel Aware": false,
                    "Async Capable": false,
                    "Startup Cost": 154262.58,
                    "Total Cost": 155191.82,
                    "Plan Rows": 7264,
                    "Plan Width": 36,
                    "Actual Startup Time": 3939.099,
                    "Actual Total Time": 3993.58,
                    "Actual Rows": 168783,
                    "Actual Loops": 1,
                    "Workers Planned": 2,
                    "Workers Launched": 2,
                    "Plans": [
                      {
                        "Node Type": "Aggregate",
                        "Strategy": "Sorted",
                        "Partial Mode": "Partial",
                        "Parent Relationship": "Outer",
                        "Parallel Aware": false,
                        "Async Capable": false,
                        "Startup Cost": 153262.55,
                        "Total Cost": 153353.35,
                        "Plan Rows": 3632,
                        "Plan Width": 36,
                        "Actual Startup Time": 2123.082,
                        "Actual Total Time": 2155.355,
                        "Actual Rows": 56261,
                        "Actual Loops": 3,
                        "Group Key": [
                          "customer.c_customer_sk"
                        ],
                        "Workers": [],
                        "Plans": [
                          {
                            "Node Type": "Sort",
                            "Parent Relationship": "Outer",
                            "Parallel Aware": false,
                            "Async Capable": false,
                            "Startup Cost": 153262.55,
                            "Total Cost": 153271.63,
                            "Plan Rows": 3632,
                            "Plan Width": 14,
                            "Actual Startup Time": 2123.056,
                            "Actual Total Time": 2130.654,
                            "Actual Rows": 100405,
                            "Actual Loops": 3,
                            "Sort Key": [
                              "customer.c_customer_sk"
                            ],
                            "Sort Method": "external merge",
                            "Sort Space Used": 2696,
                            "Sort Space Type": "Disk",
                            "Workers": [
                              {
                                "Worker Number": 0,
                                "Sort Method": "external merge",
                                "Sort Space Used": 4616,
                                "Sort Space Type": "Disk"
                              },
                              {
                                "Worker Number": 1,
                                "Sort Method": "quicksort",
                                "Sort Space Used": 25,
                                "Sort Space Type": "Memory"
                              }
                            ],
                            "Plans": [
                              {
                                "Node Type": "Nested Loop",
                                "Parent Relationship": "Outer",
                                "Parallel Aware": false,
                                "Async Capable": false,
                                "Join Type": "Inner",
                                "Startup Cost": 1.28,
                                "Total Cost": 153047.78,
                                "Plan Rows": 3632,
                                "Plan Width": 14,
                                "Actual Startup Time": 24.702,
                                "Actual Total Time": 2054.158,
                                "Actual Rows": 100405,
                                "Actual Loops": 3,
                                "Inner Unique": true,
                                "Workers": [],
                                "Plans": [
                                  {
                                    "Node Type": "Nested Loop",
                                    "Parent Relationship": "Outer",
                                    "Parallel Aware": false,
                                    "Async Capable": false,
                                    "Join Type": "Inner",
                                    "Startup Cost": 0.85,
                                    "Total Cost": 151206.14,
                                    "Plan Rows": 3807,
                                    "Plan Width": 14,
                                    "Actual Startup Time": 24.449,
                                    "Actual Total Time": 1870.835,
                                    "Actual Rows": 101613,
                                    "Actual Loops": 3,
                                    "Inner Unique": false,
                                    "Workers": [],
                                    "Plans": [
                                      {
                                        "Node Type": "Index Only Scan",
                                        "Parent Relationship": "Outer",
                                        "Parallel Aware": true,
                                        "Async Capable": false,
                                        "Scan Direction": "Forward",
                                        "Index Name": "_dta_index_date_dim_6_661577395__k1_k7_k9",
                                        "Relation Name": "date_dim",
                                        "Alias": "date_dim_3",
                                        "Startup Cost": 0.29,
                                        "Total Cost": 1688.68,
                                        "Plan Rows": 152,
                                        "Plan Width": 4,
                                        "Actual Startup Time": 0.559,
                                        "Actual Total Time": 0.629,
                                        "Actual Rows": 122,
                                        "Actual Loops": 3,
                                        "Index Cond": "(d_year = 1999)",
                                        "Rows Removed by Index Recheck": 0,
                                        "Heap Fetches": 0,
                                        "Workers": []
                                      },
                                      {
                                        "Node Type": "Index Only Scan",
                                        "Parent Relationship": "Inner",
                                        "Parallel Aware": false,
                                        "Async Capable": false,
                                        "Scan Direction": "Forward",
                                        "Index Name": "_dta_index_store_sales_6_1333579789__k1_k23_k14_k6_k8_k5_k7_3_4",
                                        "Relation Name": "store_sales",
                                        "Alias": "store_sales_1",
                                        "Startup Cost": 0.56,
                                        "Total Cost": 974.73,
                                        "Plan Rows": 894,
                                        "Plan Width": 18,
                                        "Actual Startup Time": 1.551,
                                        "Actual Total Time": 15.129,
                                        "Actual Rows": 835,
                                        "Actual Loops": 365,
                                        "Index Cond": "(ss_sold_date_sk = date_dim_3.d_date_sk)",
                                        "Rows Removed by Index Recheck": 0,
                                        "Filter": "((ss_wholesale_cost >= '26'::numeric) AND (ss_wholesale_cost <= '36'::numeric))",
                                        "Rows Removed by Filter": 11782,
                                        "Heap Fetches": 0,
                                        "Workers": []
                                      }
                                    ]
                                  },
                                  {
                                    "Node Type": "Index Only Scan",
                                    "Parent Relationship": "Inner",
                                    "Parallel Aware": false,
                                    "Async Capable": false,
                                    "Scan Direction": "Forward",
                                    "Index Name": "_dta_index_customer_6_949578421__k1_k5",
                                    "Relation Name": "customer",
                                    "Alias": "customer",
                                    "Startup Cost": 0.42,
                                    "Total Cost": 0.48,
                                    "Plan Rows": 1,
                                    "Plan Width": 4,
                                    "Actual Startup Time": 0.002,
                                    "Actual Total Time": 0.002,
                                    "Actual Rows": 1,
                                    "Actual Loops": 304839,
                                    "Index Cond": "(c_customer_sk = store_sales_1.ss_customer_sk)",
                                    "Rows Removed by Index Recheck": 0,
                                    "Heap Fetches": 0,
                                    "Workers": []
                                  }
                                ]
                              }
                            ]
                          }
                        ]
                      }
                    ]
                  }
                ]
              }
            ]
          },
          {
            "Node Type": "Gather Merge",
            "Parent Relationship": "Outer",
            "Parallel Aware": false,
            "Async Capable": false,
            "Startup Cost": 1001.01,
            "Total Cost": 304162.06,
            "Plan Rows": 79600,
            "Plan Width": 36,
            "Actual Startup Time": 161.482,
            "Actual Total Time": 5402.801,
            "Actual Rows": 36317,
            "Actual Loops": 1,
            "Workers Planned": 2,
            "Workers Launched": 2,
            "Plans": [
              {
                "Node Type": "Aggregate",
                "Strategy": "Sorted",
                "Partial Mode": "Partial",
                "Parent Relationship": "Outer",
                "Parallel Aware": false,
                "Async Capable": false,
                "Startup Cost": 0.98,
                "Total Cost": 293974.22,
                "Plan Rows": 39800,
                "Plan Width": 36,
                "Actual Startup Time": 49.555,
                "Actual Total Time": 4010.182,
                "Actual Rows": 12106,
                "Actual Loops": 3,
                "Group Key": [
                  "customer_1.c_customer_sk"
                ],
                "Workers": [],
                "Plans": [
                  {
                    "Node Type": "Nested Loop",
                    "Parent Relationship": "Outer",
                    "Parallel Aware": false,
                    "Async Capable": false,
                    "Join Type": "Inner",
                    "Startup Cost": 0.98,
                    "Total Cost": 284362.33,
                    "Plan Rows": 911439,
                    "Plan Width": 14,
                    "Actual Startup Time": 49.205,
                    "Actual Total Time": 3907.881,
                    "Actual Rows": 714638,
                    "Actual Loops": 3,
                    "Inner Unique": false,
                    "Workers": [],
                    "Plans": [
                      {
                        "Node Type": "Index Scan",
                        "Parent Relationship": "Outer",
                        "Parallel Aware": true,
                        "Async Capable": false,
                        "Scan Direction": "Forward",
                        "Index Name": "customer_pkey",
                        "Relation Name": "customer",
                        "Alias": "customer_1",
                        "Startup Cost": 0.42,
                        "Total Cost": 25004.42,
                        "Plan Rows": 16583,
                        "Plan Width": 4,
                        "Actual Startup Time": 47.576,
                        "Actual Total Time": 495.792,
                        "Actual Rows": 13078,
                        "Actual Loops": 3,
                        "Filter": "((c_birth_year >= 1987) AND (c_birth_year <= 1993))",
                        "Rows Removed by Filter": 153589,
                        "Workers": []
                      },
                      {
                        "Node Type": "Index Only Scan",
                        "Parent Relationship": "Inner",
                        "Parallel Aware": false,
                        "Async Capable": false,
                        "Scan Direction": "Forward",
                        "Index Name": "_dta_index_store_sales_6_1333579789__k4_1_3_10_11_14",
                        "Relation Name": "store_sales",
                        "Alias": "store_sales_2",
                        "Startup Cost": 0.56,
                        "Total Cost": 12.52,
                        "Plan Rows": 312,
                        "Plan Width": 14,
                        "Actual Startup Time": 0.179,
                        "Actual Total Time": 0.258,
                        "Actual Rows": 55,
                        "Actual Loops": 39234,
                        "Index Cond": "(ss_customer_sk = customer_1.c_customer_sk)",
                        "Rows Removed by Index Recheck": 0,
                        "Heap Fetches": 0,
                        "Workers": []
                      }
                    ]
                  }
                ]
              }
            ]
          }
        ]
      },
      {
        "Node Type": "Aggregate",
        "Strategy": "Plain",
        "Partial Mode": "Simple",
        "Parent Relationship": "Outer",
        "Parallel Aware": false,
        "Async Capable": false,
        "Startup Cost": 24909.16,
        "Total Cost": 24909.17,
        "Plan Rows": 1,
        "Plan Width": 32,
        "Actual Startup Time": 11112.285,
        "Actual Total Time": 11112.321,
        "Actual Rows": 1,
        "Actual Loops": 1,
        "Plans": [
          {
            "Node Type": "Append",
            "Parent Relationship": "Outer",
            "Parallel Aware": false,
            "Async Capable": false,
            "Startup Cost": 1348.58,
            "Total Cost": 24909.13,
            "Plan Rows": 13,
            "Plan Width": 32,
            "Actual Startup Time": 11112.255,
            "Actual Total Time": 11112.29,
            "Actual Rows": 0,
            "Actual Loops": 1,
            "Subplans Removed": 0,
            "Plans": [
              {
                "Node Type": "Hash Join",
                "Parent Relationship": "Member",
                "Parallel Aware": false,
                "Async Capable": false,
                "Join Type": "Inner",
                "Startup Cost": 1348.58,
                "Total Cost": 15390.37,
                "Plan Rows": 11,
                "Plan Width": 32,
                "Actual Startup Time": 10753.991,
                "Actual Total Time": 10754.009,
                "Actual Rows": 0,
                "Actual Loops": 1,
                "Inner Unique": true,
                "Hash Cond": "(catalog_sales.cs_bill_customer_sk = best_ss_customer.c_customer_sk)",
                "Plans": [
                  {
                    "Node Type": "Hash Join",
                    "Parent Relationship": "Outer",
                    "Parallel Aware": false,
                    "Async Capable": false,
                    "Join Type": "Inner",
                    "Startup Cost": 1045.57,
                    "Total Cost": 15087.0,
                    "Plan Rows": 72,
                    "Plan Width": 14,
                    "Actual Startup Time": 1284.396,
                    "Actual Total Time": 1284.412,
                    "Actual Rows": 0,
                    "Actual Loops": 1,
                    "Inner Unique": true,
                    "Hash Cond": "(catalog_sales.cs_item_sk = frequent_ss_items.item_sk)",
                    "Plans": [
                      {
                        "Node Type": "Gather",
                        "Parent Relationship": "Outer",
                        "Parallel Aware": false,
                        "Async Capable": false,
                        "Startup Cost": 1000.73,
                        "Total Cost": 15038.9,
                        "Plan Rows": 937,
                        "Plan Width": 18,
                        "Actual Startup Time": 16.423,
                        "Actual Total Time": 159.917,
                        "Actual Rows": 10889,
                        "Actual Loops": 1,
                        "Workers Planned": 2,
                        "Workers Launched": 2,
                        "Single Copy": false,
                        "Plans": [
                          {
                            "Node Type": "Nested Loop",
                            "Parent Relationship": "Outer",
                            "Parallel Aware": false,
                            "Async Capable": false,
                            "Join Type": "Inner",
                            "Startup Cost": 0.73,
                            "Total Cost": 13945.2,
                            "Plan Rows": 390,
                            "Plan Width": 18,
                            "Actual Startup Time": 13.413,
                            "Actual Total Time": 60.987,
                            "Actual Rows": 3630,
                            "Actual Loops": 3,
                            "Inner Unique": false,
                            "Workers": [],
                            "Plans": [
                              {
                                "Node Type": "Index Only Scan",
                                "Parent Relationship": "Outer",
                                "Parallel Aware": true,
                                "Async Capable": false,
                                "Scan Direction": "Forward",
                                "Index Name": "_dta_index_date_dim_6_661577395__k1_k7_k9",
                                "Relation Name": "date_dim",
                                "Alias": "date_dim",
                                "Startup Cost": 0.29,
                                "Total Cost": 1862.91,
                                "Plan Rows": 13,
                                "Plan Width": 4,
                                "Actual Startup Time": 13.297,
                                "Actual Total Time": 13.33,
                                "Actual Rows": 10,
                                "Actual Loops": 3,
                                "Index Cond": "((d_year = 1999) AND (d_moy = 5))",
                                "Rows Removed by Index Recheck": 0,
                                "Heap Fetches": 0,
                                "Workers": []
                              },
                              {
                                "Node Type": "Index Scan",
                                "Parent Relationship": "Inner",
                                "Parallel Aware": false,
                                "Async Capable": false,
                                "Scan Direction": "Forward",
                                "Index Name": "_dta_index_catalog_sales_6_1301579675__k1_4",
                                "Relation Name": "catalog_sales",
                                "Alias": "catalog_sales",
                                "Startup Cost": 0.43,
                                "Total Cost": 918.99,
                                "Plan Rows": 1042,
                                "Plan Width": 22,
                                "Actual Startup Time": 0.03,
                                "Actual Total Time": 4.581,
                                "Actual Rows": 351,
                                "Actual Loops": 31,
                                "Index Cond": "(cs_sold_date_sk = date_dim.d_date_sk)",
                                "Rows Removed by Index Recheck": 0,
                                "Filter": "((cs_wholesale_cost >= '26'::numeric) AND (cs_wholesale_cost <= '36'::numeric))",
                                "Rows Removed by Filter": 1887,
                                "Workers": []
                              }
                            ]
                          }
                        ]
                      },
                      {
                        "Node Type": "Hash",
                        "Parent Relationship": "Inner",
                        "Parallel Aware": false,
                        "Async Capable": false,
                        "Startup Cost": 42.34,
                        "Total Cost": 42.34,
                        "Plan Rows": 200,
                        "Plan Width": 4,
                        "Actual Startup Time": 1123.705,
                        "Actual Total Time": 1123.706,
                        "Actual Rows": 2,
                        "Actual Loops": 1,
                        "Hash Buckets": 1024,
                        "Original Hash Buckets": 1024,
                        "Hash Batches": 1,
                        "Original Hash Batches": 1,
                        "Peak Memory Usage": 9,
                        "Plans": [
                          {
                            "Node Type": "Aggregate",
                            "Strategy": "Hashed",
                            "Partial Mode": "Simple",
                            "Parent Relationship": "Outer",
                            "Parallel Aware": false,
                            "Async Capable": false,
                            "Startup Cost": 40.34,
                            "Total Cost": 42.34,
                            "Plan Rows": 200,
                            "Plan Width": 4,
                            "Actual Startup Time": 1123.699,
                            "Actual Total Time": 1123.7,
                            "Actual Rows": 2,
                            "Actual Loops": 1,
                            "Group Key": [
                              "frequent_ss_items.item_sk"
                            ],
                            "Planned Partitions": 0,
                            "HashAgg Batches": 1,
                            "Peak Memory Usage": 40,
                            "Disk Usage": 0,
                            "Plans": [
                              {
                                "Node Type": "CTE Scan",
                                "Parent Relationship": "Outer",
                                "Parallel Aware": false,
                                "Async Capable": false,
                                "CTE Name": "frequent_ss_items",
                                "Alias": "frequent_ss_items",
                                "Startup Cost": 0.0,
                                "Total Cost": 35.86,
                                "Plan Rows": 1793,
                                "Plan Width": 4,
                                "Actual Startup Time": 1105.544,
                                "Actual Total Time": 1123.682,
                                "Actual Rows": 2,
                                "Actual Loops": 1
                              }
                            ]
                          }
                        ]
                      }
                    ]
                  },
                  {
                    "Node Type": "Hash",
                    "Parent Relationship": "Inner",
                    "Parallel Aware": false,
                    "Async Capable": false,
                    "Startup Cost": 300.51,
                    "Total Cost": 300.51,
                    "Plan Rows": 200,
                    "Plan Width": 4,
                    "Actual Startup Time": 9469.58,
                    "Actual Total Time": 9469.581,
                    "Actual Rows": 5504,
                    "Actual Loops": 1,
                    "Hash Buckets": 8192,
                    "Original Hash Buckets": 1024,
                    "Hash Batches": 1,
                    "Original Hash Batches": 1,
                    "Peak Memory Usage": 258,
                    "Plans": [
                      {
                        "Node Type": "Aggregate",
                        "Strategy": "Hashed",
                        "Partial Mode": "Simple",
                        "Parent Relationship": "Outer",
                        "Parallel Aware": false,
                        "Async Capable": false,
                        "Startup Cost": 298.51,
                        "Total Cost": 300.51,
                        "Plan Rows": 200,
                        "Plan Width": 4,
                        "Actual Startup Time": 9469.107,
                        "Actual Total Time": 9469.342,
                        "Actual Rows": 5504,
                        "Actual Loops": 1,
                        "Group Key": [
                          "best_ss_customer.c_customer_sk"
                        ],
                        "Planned Partitions": 0,
                        "HashAgg Batches": 1,
                        "Peak Memory Usage": 481,
                        "Disk Usage": 0,
                        "Plans": [
                          {
                            "Node Type": "CTE Scan",
                            "Parent Relationship": "Outer",
                            "Parallel Aware": false,
                            "Async Capable": false,
                            "CTE Name": "best_ss_customer",
                            "Alias": "best_ss_customer",
                            "Startup Cost": 0.0,
                            "Total Cost": 265.34,
                            "Plan Rows": 13267,
                            "Plan Width": 4,
                            "Actual Startup Time": 4212.018,
                            "Actual Total Time": 9466.822,
                            "Actual Rows": 5504,
                            "Actual Loops": 1
                          }
                        ]
                      }
                    ]
                  }
                ]
              },
              {
                "Node Type": "Hash Join",
                "Parent Relationship": "Member",
                "Parallel Aware": false,
                "Async Capable": false,
                "Join Type": "Inner",
                "Startup Cost": 1348.58,
                "Total Cost": 9518.69,
                "Plan Rows": 2,
                "Plan Width": 32,
                "Actual Startup Time": 358.261,
                "Actual Total Time": 358.278,
                "Actual Rows": 0,
                "Actual Loops": 1,
                "Inner Unique": true,
                "Hash Cond": "(web_sales.ws_bill_customer_sk = best_ss_customer_1.c_customer_sk)",
                "Plans": [
                  {
                    "Node Type": "Hash Join",
                    "Parent Relationship": "Outer",
                    "Parallel Aware": false,
                    "Async Capable": false,
                    "Join Type": "Inner",
                    "Startup Cost": 1045.57,
                    "Total Cost": 9215.62,
                    "Plan Rows": 13,
                    "Plan Width": 14,
                    "Actual Startup Time": 357.109,
                    "Actual Total Time": 357.125,
                    "Actual Rows": 0,
                    "Actual Loops": 1,
                    "Inner Unique": true,
                    "Hash Cond": "(web_sales.ws_item_sk = frequent_ss_items_1.item_sk)",
                    "Plans": [
                      {
                        "Node Type": "Gather",
                        "Parent Relationship": "Outer",
                        "Parallel Aware": false,
                        "Async Capable": false,
                        "Startup Cost": 1000.73,
                        "Total Cost": 9170.16,
                        "Plan Rows": 178,
                        "Plan Width": 18,
                        "Actual Startup Time": 1.098,
                        "Actual Total Time": 356.016,
                        "Actual Rows": 9780,
                        "Actual Loops": 1,
                        "Workers Planned": 2,
                        "Workers Launched": 2,
                        "Single Copy": false,
                        "Plans": [
                          {
                            "Node Type": "Nested Loop",
                            "Parent Relationship": "Outer",
                            "Parallel Aware": false,
                            "Async Capable": false,
                            "Join Type": "Inner",
                            "Startup Cost": 0.72,
                            "Total Cost": 8152.36,
                            "Plan Rows": 74,
                            "Plan Width": 18,
                            "Actual Startup Time": 0.88,
                            "Actual Total Time": 118.882,
                            "Actual Rows": 3260,
                            "Actual Loops": 3,
                            "Inner Unique": false,
                            "Workers": [],
                            "Plans": [
                              {
                                "Node Type": "Index Only Scan",
                                "Parent Relationship": "Outer",
                                "Parallel Aware": true,
                                "Async Capable": false,
                                "Scan Direction": "Forward",
                                "Index Name": "_dta_index_date_dim_6_661577395__k1_k7_k9",
                                "Relation Name": "date_dim",
                                "Alias": "date_dim_1",
                                "Startup Cost": 0.29,
                                "Total Cost": 1862.91,
                                "Plan Rows": 13,
                                "Plan Width": 4,
                                "Actual Startup Time": 0.674,
                                "Actual Total Time": 0.685,
                                "Actual Rows": 10,
                                "Actual Loops": 3,
                                "Index Cond": "((d_year = 1999) AND (d_moy = 5))",
                                "Rows Removed by Index Recheck": 0,
                                "Heap Fetches": 0,
                                "Workers": []
                              },
                              {
                                "Node Type": "Index Scan",
                                "Parent Relationship": "Inner",
                                "Parallel Aware": false,
                                "Async Capable": false,
                                "Scan Direction": "Forward",
                                "Index Name": "_dta_index_web_sales_6_1269579561__k1_8_24",
                                "Relation Name": "web_sales",
                                "Alias": "web_sales",
                                "Startup Cost": 0.43,
                                "Total Cost": 481.82,
                                "Plan Rows": 198,
                                "Plan Width": 22,
                                "Actual Startup Time": 0.065,
                                "Actual Total Time": 11.4,
                                "Actual Rows": 315,
                                "Actual Loops": 31,
                                "Index Cond": "(ws_sold_date_sk = date_dim_1.d_date_sk)",
                                "Rows Removed by Index Recheck": 0,
                                "Filter": "((ws_wholesale_cost >= '26'::numeric) AND (ws_wholesale_cost <= '36'::numeric))",
                                "Rows Removed by Filter": 5016,
                                "Workers": []
                              }
                            ]
                          }
                        ]
                      },
                      {
                        "Node Type": "Hash",
                        "Parent Relationship": "Inner",
                        "Parallel Aware": false,
                        "Async Capable": false,
                        "Startup Cost": 42.34,
                        "Total Cost": 42.34,
                        "Plan Rows": 200,
                        "Plan Width": 4,
                        "Actual Startup Time": 0.009,
                        "Actual Total Time": 0.009,
                        "Actual Rows": 2,
                        "Actual Loops": 1,
                        "Hash Buckets": 1024,
                        "Original Hash Buckets": 1024,
                        "Hash Batches": 1,
                        "Original Hash Batches": 1,
                        "Peak Memory Usage": 9,
                        "Plans": [
                          {
                            "Node Type": "Aggregate",
                            "Strategy": "Hashed",
                            "Partial Mode": "Simple",
                            "Parent Relationship": "Outer",
                            "Parallel Aware": false,
                            "Async Capable": false,
                            "Startup Cost": 40.34,
                            "Total Cost": 42.34,
                            "Plan Rows": 200,
                            "Plan Width": 4,
                            "Actual Startup Time": 0.006,
                            "Actual Total Time": 0.007,
                            "Actual Rows": 2,
                            "Actual Loops": 1,
                            "Group Key": [
                              "frequent_ss_items_1.item_sk"
                            ],
                            "Planned Partitions": 0,
                            "HashAgg Batches": 1,
                            "Peak Memory Usage": 40,
                            "Disk Usage": 0,
                            "Plans": [
                              {
                                "Node Type": "CTE Scan",
                                "Parent Relationship": "Outer",
                                "Parallel Aware": false,
                                "Async Capable": false,
                                "CTE Name": "frequent_ss_items",
                                "Alias": "frequent_ss_items_1",
                                "Startup Cost": 0.0,
                                "Total Cost": 35.86,
                                "Plan Rows": 1793,
                                "Plan Width": 4,
                                "Actual Startup Time": 0.002,
                                "Actual Total Time": 0.002,
                                "Actual Rows": 2,
                                "Actual Loops": 1
                              }
                            ]
                          }
                        ]
                      }
                    ]
                  },
                  {
                    "Node Type": "Hash",
                    "Parent Relationship": "Inner",
                    "Parallel Aware": false,
                    "Async Capable": false,
                    "Startup Cost": 300.51,
                    "Total Cost": 300.51,
                    "Plan Rows": 200,
                    "Plan Width": 4,
                    "Actual Startup Time": 1.139,
                    "Actual Total Time": 1.14,
                    "Actual Rows": 5504,
                    "Actual Loops": 1,
                    "Hash Buckets": 8192,
                    "Original Hash Buckets": 1024,
                    "Hash Batches": 1,
                    "Original Hash Batches": 1,
                    "Peak Memory Usage": 258,
                    "Plans": [
                      {
                        "Node Type": "Aggregate",
                        "Strategy": "Hashed",
                        "Partial Mode": "Simple",
                        "Parent Relationship": "Outer",
                        "Parallel Aware": false,
                        "Async Capable": false,
                        "Startup Cost": 298.51,
                        "Total Cost": 300.51,
                        "Plan Rows": 200,
                        "Plan Width": 4,
                        "Actual Startup Time": 0.708,
                        "Actual Total Time": 0.913,
                        "Actual Rows": 5504,
                        "Actual Loops": 1,
                        "Group Key": [
                          "best_ss_customer_1.c_customer_sk"
                        ],
                        "Planned Partitions": 0,
                        "HashAgg Batches": 1,
                        "Peak Memory Usage": 481,
                        "Disk Usage": 0,
                        "Plans": [
                          {
                            "Node Type": "CTE Scan",
                            "Parent Relationship": "Outer",
                            "Parallel Aware": false,
                            "Async Capable": false,
                            "CTE Name": "best_ss_customer",
                            "Alias": "best_ss_customer_1",
                            "Startup Cost": 0.0,
                            "Total Cost": 265.34,
                            "Plan Rows": 13267,
                            "Plan Width": 4,
                            "Actual Startup Time": 0.025,
                            "Actual Total Time": 0.207,
                            "Actual Rows": 5504,
                            "Actual Loops": 1
                          }
                        ]
                      }
                    ]
                  }
                ]
              }
            ]
          }
        ]
      }
    ]
  },
  "actual_rows": 1,
  "provenance": {
    "database": "postgres://jakc9:jakc9@127.0.0.1:5434/dsb_sf10",
    "scale_factor": 10,
    "engine": "postgresql",
    "engine_version": "14.3",
    "cached_at": "2026-02-09T20:54:53.024257"
  }
}