{
  "execution_time_ms": 922.212,
  "plan_text": "Limit  (rows=0, time=922.106)\n  Aggregate  (rows=0, time=922.105)\n    Gather Merge  (rows=0, time=922.104)\n      Aggregate  (rows=0, time=730.948)\n        Sort  (rows=0, time=730.947)\n          Nested Loop  (rows=0, time=730.929)\n            Nested Loop  (rows=0, time=730.928)\n              Nested Loop  (rows=434, time=602.973)\n                Nested Loop  (rows=15172, time=528.105)\n                  Seq Scan on date_dim  (rows=30, time=62.149)\n                  Index Scan on catalog_sales  (rows=497, time=15.196)\n                Index Scan on item  (rows=0, time=0.005)\n              Index Scan on catalog_returns  (rows=0, time=0.294)\n            Index Scan on warehouse  (rows=0, time=0.0)",
  "plan_json": {
    "Node Type": "Limit",
    "Parallel Aware": false,
    "Async Capable": false,
    "Startup Cost": 40033.24,
    "Total Cost": 40033.43,
    "Plan Rows": 1,
    "Plan Width": 84,
    "Actual Startup Time": 922.041,
    "Actual Total Time": 922.106,
    "Actual Rows": 0,
    "Actual Loops": 1,
    "Plans": [
      {
        "Node Type": "Aggregate",
        "Strategy": "Sorted",
        "Partial Mode": "Finalize",
        "Parent Relationship": "Outer",
        "Parallel Aware": false,
        "Async Capable": false,
        "Startup Cost": 40033.24,
        "Total Cost": 40033.43,
        "Plan Rows": 1,
        "Plan Width": 84,
        "Actual Startup Time": 922.04,
        "Actual Total Time": 922.105,
        "Actual Rows": 0,
        "Actual Loops": 1,
        "Group Key": [
          "warehouse.w_state",
          "item.i_item_id"
        ],
        "Plans": [
          {
            "Node Type": "Gather Merge",
            "Parent Relationship": "Outer",
            "Parallel Aware": false,
            "Async Capable": false,
            "Startup Cost": 40033.24,
            "Total Cost": 40033.4,
            "Plan Rows": 1,
            "Plan Width": 84,
            "Actual Startup Time": 922.039,
            "Actual Total Time": 922.104,
            "Actual Rows": 0,
            "Actual Loops": 1,
            "Workers Planned": 1,
            "Workers Launched": 1,
            "Plans": [
              {
                "Node Type": "Aggregate",
                "Strategy": "Sorted",
                "Partial Mode": "Partial",
                "Parent Relationship": "Outer",
                "Parallel Aware": false,
                "Async Capable": false,
                "Startup Cost": 39033.23,
                "Total Cost": 39033.27,
                "Plan Rows": 1,
                "Plan Width": 84,
                "Actual Startup Time": 730.945,
                "Actual Total Time": 730.948,
                "Actual Rows": 0,
                "Actual Loops": 2,
                "Group Key": [
                  "warehouse.w_state",
                  "item.i_item_id"
                ],
                "Workers": [],
                "Plans": [
                  {
                    "Node Type": "Sort",
                    "Parent Relationship": "Outer",
                    "Parallel Aware": false,
                    "Async Capable": false,
                    "Startup Cost": 39033.23,
                    "Total Cost": 39033.24,
                    "Plan Rows": 1,
                    "Plan Width": 36,
                    "Actual Startup Time": 730.944,
                    "Actual Total Time": 730.947,
                    "Actual Rows": 0,
                    "Actual Loops": 2,
                    "Sort Key": [
                      "warehouse.w_state",
                      "item.i_item_id"
                    ],
                    "Sort Method": "quicksort",
                    "Sort Space Used": 25,
                    "Sort Space Type": "Memory",
                    "Workers": [
                      {
                        "Worker Number": 0,
                        "Sort Method": "quicksort",
                        "Sort Space Used": 25,
                        "Sort Space Type": "Memory"
                      }
                    ],
                    "Plans": [
                      {
                        "Node Type": "Nested Loop",
                        "Parent Relationship": "Outer",
                        "Parallel Aware": false,
                        "Async Capable": false,
                        "Join Type": "Inner",
                        "Startup Cost": 1.29,
                        "Total Cost": 39033.22,
                        "Plan Rows": 1,
                        "Plan Width": 36,
                        "Actual Startup Time": 730.926,
                        "Actual Total Time": 730.929,
                        "Actual Rows": 0,
                        "Actual Loops": 2,
                        "Inner Unique": true,
                        "Workers": [],
                        "Plans": [
                          {
                            "Node Type": "Nested Loop",
                            "Parent Relationship": "Outer",
                            "Parallel Aware": false,
                            "Async Capable": false,
                            "Join Type": "Inner",
                            "Startup Cost": 1.16,
                            "Total Cost": 39033.07,
                            "Plan Rows": 1,
                            "Plan Width": 37,
                            "Actual Startup Time": 730.926,
                            "Actual Total Time": 730.928,
                            "Actual Rows": 0,
                            "Actual Loops": 2,
                            "Inner Unique": true,
                            "Workers": [],
                            "Plans": [
                              {
                                "Node Type": "Nested Loop",
                                "Parent Relationship": "Outer",
                                "Parallel Aware": false,
                                "Async Capable": false,
                                "Join Type": "Inner",
                                "Startup Cost": 0.73,
                                "Total Cost": 39006.95,
                                "Plan Rows": 42,
                                "Plan Width": 43,
                                "Actual Startup Time": 32.8,
                                "Actual Total Time": 602.973,
                                "Actual Rows": 434,
                                "Actual Loops": 2,
                                "Inner Unique": true,
                                "Workers": [],
                                "Plans": [
                                  {
                                    "Node Type": "Nested Loop",
                                    "Parent Relationship": "Outer",
                                    "Parallel Aware": false,
                                    "Async Capable": false,
                                    "Join Type": "Inner",
                                    "Startup Cost": 0.43,
                                    "Total Cost": 38786.84,
                                    "Plan Rows": 643,
                                    "Plan Width": 22,
                                    "Actual Startup Time": 31.974,
                                    "Actual Total Time": 528.105,
                                    "Actual Rows": 15172,
                                    "Actual Loops": 2,
                                    "Inner Unique": false,
                                    "Workers": [],
                                    "Plans": [
                                      {
                                        "Node Type": "Seq Scan",
                                        "Parent Relationship": "Outer",
                                        "Parallel Aware": true,
                                        "Async Capable": false,
                                        "Relation Name": "date_dim",
                                        "Alias": "date_dim",
                                        "Startup Cost": 0.0,
                                        "Total Cost": 2068.55,
                                        "Plan Rows": 40,
                                        "Plan Width": 8,
                                        "Actual Startup Time": 30.881,
                                        "Actual Total Time": 62.149,
                                        "Actual Rows": 30,
                                        "Actual Loops": 2,
                                        "Filter": "((d_date >= '2002-01-21 00:00:00'::timestamp without time zone) AND (d_date <= '2002-03-22 00:00:00'::timestamp without time zone))",
                                        "Rows Removed by Filter": 36494,
                                        "Workers": []
                                      },
                                      {
                                        "Node Type": "Index Scan",
                                        "Parent Relationship": "Inner",
                                        "Parallel Aware": false,
                                        "Async Capable": false,
                                        "Scan Direction": "Forward",
                                        "Index Name": "_dta_index_catalog_sales_6_1301579675__k1_4",
                                        "Relation Name": "catalog_sales",
                                        "Alias": "catalog_sales",
                                        "Startup Cost": 0.43,
                                        "Total Cost": 912.42,
                                        "Plan Rows": 554,
                                        "Plan Width": 22,
                                        "Actual Startup Time": 0.08,
                                        "Actual Total Time": 15.196,
                                        "Actual Rows": 497,
                                        "Actual Loops": 61,
                                        "Index Cond": "(cs_sold_date_sk = date_dim.d_date_sk)",
                                        "Rows Removed by Index Recheck": 0,
                                        "Filter": "((cs_wholesale_cost >= '68'::numeric) AND (cs_wholesale_cost <= '87'::numeric))",
                                        "Rows Removed by Filter": 5425,
                                        "Workers": []
                                      }
                                    ]
                                  },
                                  {
                                    "Node Type": "Index Scan",
                                    "Parent Relationship": "Inner",
                                    "Parallel Aware": false,
                                    "Async Capable": false,
                                    "Scan Direction": "Forward",
                                    "Index Name": "item_pkey",
                                    "Relation Name": "item",
                                    "Alias": "item",
                                    "Startup Cost": 0.29,
                                    "Total Cost": 0.34,
                                    "Plan Rows": 1,
                                    "Plan Width": 21,
                                    "Actual Startup Time": 0.005,
                                    "Actual Total Time": 0.005,
                                    "Actual Rows": 0,
                                    "Actual Loops": 30343,
                                    "Index Cond": "(i_item_sk = catalog_sales.cs_item_sk)",
                                    "Rows Removed by Index Recheck": 0,
                                    "Filter": "((i_manager_id >= 42) AND (i_manager_id <= 81) AND (i_category = 'Shoes'::bpchar))",
                                    "Rows Removed by Filter": 1,
                                    "Workers": []
                                  }
                                ]
                              },
                              {
                                "Node Type": "Index Scan",
                                "Parent Relationship": "Inner",
                                "Parallel Aware": false,
                                "Async Capable": false,
                                "Scan Direction": "Forward",
                                "Index Name": "catalog_returns_pkey",
                                "Relation Name": "catalog_returns",
                                "Alias": "catalog_returns",
                                "Startup Cost": 0.43,
                                "Total Cost": 0.62,
                                "Plan Rows": 1,
                                "Plan Width": 14,
                                "Actual Startup Time": 0.294,
                                "Actual Total Time": 0.294,
                                "Actual Rows": 0,
                                "Actual Loops": 868,
                                "Index Cond": "((cr_item_sk = catalog_sales.cs_item_sk) AND (cr_order_number = catalog_sales.cs_order_number))",
                                "Rows Removed by Index Recheck": 0,
                                "Filter": "(cr_reason_sk = 40)",
                                "Rows Removed by Filter": 0,
                                "Workers": []
                              }
                            ]
                          },
                          {
                            "Node Type": "Index Scan",
                            "Parent Relationship": "Inner",
                            "Parallel Aware": false,
                            "Async Capable": false,
                            "Scan Direction": "Forward",
                            "Index Name": "warehouse_pkey",
                            "Relation Name": "warehouse",
                            "Alias": "warehouse",
                            "Startup Cost": 0.14,
                            "Total Cost": 0.15,
                            "Plan Rows": 1,
                            "Plan Width": 7,
                            "Actual Startup Time": 0.0,
                            "Actual Total Time": 0.0,
                            "Actual Rows": 0,
                            "Actual Loops": 0,
                            "Index Cond": "(w_warehouse_sk = catalog_sales.cs_warehouse_sk)",
                            "Rows Removed by Index Recheck": 0,
                            "Workers": []
                          }
                        ]
                      }
                    ]
                  }
                ]
              }
            ]
          }
        ]
      }
    ]
  },
  "actual_rows": 0,
  "provenance": {
    "database": "postgres://jakc9:jakc9@127.0.0.1:5434/dsb_sf10",
    "scale_factor": 10,
    "engine": "postgresql",
    "engine_version": "14.3",
    "cached_at": "2026-02-09T21:05:18.547679"
  }
}