{
  "execution_time_ms": 27307.056,
  "plan_text": "Limit  (rows=100, time=27293.614)\n  Aggregate  (rows=6789, time=26367.475)\n    Sort  (rows=19738, time=26364.572)\n      Aggregate  (rows=19738, time=26359.223)\n        Gather  (rows=20290, time=26340.311)\n          Append  (rows=6763, time=26322.977)\n            Nested Loop  (rows=2944, time=13165.621)\n              Nested Loop  (rows=2979, time=13155.858)\n                Hash Join  (rows=30254, time=6332.928)\n                  Seq Scan on store_returns  (rows=260757, time=5859.223)\n                  Hash  (rows=4475, time=401.744)\n                    Seq Scan on item  (rows=13424, time=1200.663)\n                Index Scan on store_sales  (rows=0, time=0.225)\n              Index Only Scan on date_dim  (rows=1, time=0.002)\n            Nested Loop  (rows=4561, time=11639.414)\n              Nested Loop  (rows=4568, time=11622.02)\n                Hash Join  (rows=21390, time=4617.027)\n                  Seq Scan on catalog_returns  (rows=119194, time=3967.833)\n                  Hash  (rows=6712, time=602.612)\n                    Seq Scan on item (item_1)  (rows=13424, time=1200.387)\n                Index Scan on catalog_sales  (rows=0, time=0.326)\n              Index Only Scan on date_dim (date_dim_1)  (rows=1, time=0.002)\n            Nested Loop  (rows=2337, time=16188.309)\n              Nested Loop  (rows=2337, time=16173.019)\n                Hash Join  (rows=19291, time=6970.453)\n                  Seq Scan on web_returns  (rows=154733, time=6388.375)\n                  Hash  (rows=13424, time=520.57)\n                    Seq Scan on item (item_2)  (rows=13424, time=516.146)\n                Index Scan on web_sales  (rows=0, time=0.476)\n              Index Only Scan on date_dim (date_dim_2)  (rows=1, time=0.004)\n  Sort  (rows=100, time=26547.827)\n    Nested Loop  (rows=198, time=26547.701)\n      CTE Scan (curr_yr)  (rows=1109, time=26362.889)\n      CTE Scan (prev_yr)  (rows=1015, time=0.147)",
  "plan_json": {
    "Node Type": "Limit",
    "Parallel Aware": false,
    "Async Capable": false,
    "Startup Cost": 540594.25,
    "Total Cost": 540594.25,
    "Plan Rows": 1,
    "Plan Width": 80,
    "Actual Startup Time": 27291.573,
    "Actual Total Time": 27293.614,
    "Actual Rows": 100,
    "Actual Loops": 1,
    "Plans": [
      {
        "Node Type": "Aggregate",
        "Strategy": "Sorted",
        "Partial Mode": "Simple",
        "Parent Relationship": "InitPlan",
        "Subplan Name": "CTE all_sales",
        "Parallel Aware": false,
        "Async Capable": false,
        "Startup Cost": 540593.96,
        "Total Cost": 540594.05,
        "Plan Rows": 3,
        "Plan Width": 60,
        "Actual Startup Time": 26361.942,
        "Actual Total Time": 26367.475,
        "Actual Rows": 6789,
        "Actual Loops": 1,
        "Group Key": [
          "date_dim.d_year",
          "item.i_brand_id",
          "item.i_class_id",
          "item.i_category_id",
          "item.i_manufact_id"
        ],
        "Plans": [
          {
            "Node Type": "Sort",
            "Parent Relationship": "Outer",
            "Parallel Aware": false,
            "Async Capable": false,
            "Startup Cost": 540593.96,
            "Total Cost": 540593.96,
            "Plan Rows": 3,
            "Plan Width": 56,
            "Actual Startup Time": 26361.881,
            "Actual Total Time": 26364.572,
            "Actual Rows": 19738,
            "Actual Loops": 1,
            "Sort Key": [
              "date_dim.d_year",
              "item.i_brand_id",
              "item.i_class_id",
              "item.i_category_id",
              "item.i_manufact_id"
            ],
            "Sort Method": "quicksort",
            "Sort Space Used": 1850,
            "Sort Space Type": "Memory",
            "Plans": [
              {
                "Node Type": "Aggregate",
                "Strategy": "Hashed",
                "Partial Mode": "Simple",
                "Parent Relationship": "Outer",
                "Parallel Aware": false,
                "Async Capable": false,
                "Startup Cost": 540593.9,
                "Total Cost": 540593.93,
                "Plan Rows": 3,
                "Plan Width": 56,
                "Actual Startup Time": 26355.755,
                "Actual Total Time": 26359.223,
                "Actual Rows": 19738,
                "Actual Loops": 1,
                "Group Key": [
                  "date_dim.d_year",
                  "item.i_brand_id",
                  "item.i_class_id",
                  "item.i_category_id",
                  "item.i_manufact_id",
                  "((store_sales.ss_quantity - COALESCE(store_returns.sr_return_quantity, 0)))",
                  "((store_sales.ss_ext_sales_price - COALESCE(store_returns.sr_return_amt, 0.0)))"
                ],
                "Planned Partitions": 0,
                "HashAgg Batches": 1,
                "Peak Memory Usage": 2345,
                "Disk Usage": 0,
                "Plans": [
                  {
                    "Node Type": "Gather",
                    "Parent Relationship": "Outer",
                    "Parallel Aware": false,
                    "Async Capable": false,
                    "Startup Cost": 8645.18,
                    "Total Cost": 540593.85,
                    "Plan Rows": 3,
                    "Plan Width": 56,
                    "Actual Startup Time": 528.548,
                    "Actual Total Time": 26340.311,
                    "Actual Rows": 20290,
                    "Actual Loops": 1,
                    "Workers Planned": 2,
                    "Workers Launched": 2,
                    "Single Copy": false,
                    "Plans": [
                      {
                        "Node Type": "Append",
                        "Parent Relationship": "Outer",
                        "Parallel Aware": true,
                        "Async Capable": false,
                        "Startup Cost": 7645.18,
                        "Total Cost": 539593.55,
                        "Plan Rows": 3,
                        "Plan Width": 56,
                        "Actual Startup Time": 983.851,
                        "Actual Total Time": 26322.977,
                        "Actual Rows": 6763,
                        "Actual Loops": 3,
                        "Workers": [],
                        "Subplans Removed": 0,
                        "Plans": [
                          {
                            "Node Type": "Nested Loop",
                            "Parent Relationship": "Member",
                            "Parallel Aware": false,
                            "Async Capable": false,
                            "Join Type": "Inner",
                            "Startup Cost": 7645.18,
                            "Total Cost": 341362.07,
                            "Plan Rows": 1,
                            "Plan Width": 56,
                            "Actual Startup Time": 407.288,
                            "Actual Total Time": 13165.621,
                            "Actual Rows": 2944,
                            "Actual Loops": 3,
                            "Inner Unique": true,
                            "Workers": [],
                            "Plans": [
                              {
                                "Node Type": "Nested Loop",
                                "Parent Relationship": "Outer",
                                "Parallel Aware": false,
                                "Async Capable": false,
                                "Join Type": "Inner",
                                "Startup Cost": 7644.89,
                                "Total Cost": 341361.02,
                                "Plan Rows": 1,
                                "Plan Width": 40,
                                "Actual Startup Time": 407.192,
                                "Actual Total Time": 13155.858,
                                "Actual Rows": 2979,
                                "Actual Loops": 3,
                                "Inner Unique": true,
                                "Join Filter": "(store_sales.ss_item_sk = item.i_item_sk)",
                                "Rows Removed by Join Filter": 0,
                                "Workers": [],
                                "Plans": [
                                  {
                                    "Node Type": "Hash Join",
                                    "Parent Relationship": "Outer",
                                    "Parallel Aware": true,
                                    "Async Capable": false,
                                    "Join Type": "Inner",
                                    "Startup Cost": 7644.45,
                                    "Total Cost": 176280.34,
                                    "Plan Rows": 42022,
                                    "Plan Width": 38,
                                    "Actual Startup Time": 402.478,
                                    "Actual Total Time": 6332.928,
                                    "Actual Rows": 30254,
                                    "Actual Loops": 3,
                                    "Inner Unique": true,
                                    "Hash Cond": "(store_returns.sr_item_sk = item.i_item_sk)",
                                    "Workers": [],
                                    "Plans": [
                                      {
                                        "Node Type": "Seq Scan",
                                        "Parent Relationship": "Outer",
                                        "Parallel Aware": true,
                                        "Async Capable": false,
                                        "Relation Name": "store_returns",
                                        "Alias": "store_returns",
                                        "Startup Cost": 0.0,
                                        "Total Cost": 167789.07,
                                        "Plan Rows": 322588,
                                        "Plan Width": 18,
                                        "Actual Startup Time": 0.421,
                                        "Actual Total Time": 5859.223,
                                        "Actual Rows": 260757,
                                        "Actual Loops": 3,
                                        "Filter": "(sr_reason_sk = ANY ('{8,18,20,23,41}'::integer[]))",
                                        "Rows Removed by Filter": 2138641,
                                        "Workers": []
                                      },
                                      {
                                        "Node Type": "Hash",
                                        "Parent Relationship": "Inner",
                                        "Parallel Aware": true,
                                        "Async Capable": false,
                                        "Startup Cost": 7575.25,
                                        "Total Cost": 7575.25,
                                        "Plan Rows": 5536,
                                        "Plan Width": 20,
                                        "Actual Startup Time": 401.743,
                                        "Actual Total Time": 401.744,
                                        "Actual Rows": 4475,
                                        "Actual Loops": 3,
                                        "Hash Buckets": 16384,
                                        "Original Hash Buckets": 16384,
                                        "Hash Batches": 1,
                                        "Original Hash Batches": 1,
                                        "Peak Memory Usage": 864,
                                        "Workers": [],
                                        "Plans": [
                                          {
                                            "Node Type": "Seq Scan",
                                            "Parent Relationship": "Outer",
                                            "Parallel Aware": true,
                                            "Async Capable": false,
                                            "Relation Name": "item",
                                            "Alias": "item",
                                            "Startup Cost": 0.0,
                                            "Total Cost": 7575.25,
                                            "Plan Rows": 5536,
                                            "Plan Width": 20,
                                            "Actual Startup Time": 565.126,
                                            "Actual Total Time": 1200.663,
                                            "Actual Rows": 13424,
                                            "Actual Loops": 1,
                                            "Filter": "(i_category = 'Children'::bpchar)",
                                            "Rows Removed by Filter": 88576,
                                            "Workers": []
                                          }
                                        ]
                                      }
                                    ]
                                  },
                                  {
                                    "Node Type": "Index Scan",
                                    "Parent Relationship": "Inner",
                                    "Parallel Aware": false,
                                    "Async Capable": false,
                                    "Scan Direction": "Forward",
                                    "Index Name": "_dta_index_store_sales_6_1333579789__k10_k3",
                                    "Relation Name": "store_sales",
                                    "Alias": "store_sales",
                                    "Startup Cost": 0.44,
                                    "Total Cost": 3.92,
                                    "Plan Rows": 1,
                                    "Plan Width": 22,
                                    "Actual Startup Time": 0.225,
                                    "Actual Total Time": 0.225,
                                    "Actual Rows": 0,
                                    "Actual Loops": 90761,
                                    "Index Cond": "((ss_ticket_number = store_returns.sr_ticket_number) AND (ss_item_sk = store_returns.sr_item_sk))",
                                    "Rows Removed by Index Recheck": 0,
                                    "Filter": "(((ss_sales_price / ss_list_price) >= 0.69) AND ((ss_sales_price / ss_list_price) <= 0.89))",
                                    "Rows Removed by Filter": 1,
                                    "Workers": []
                                  }
                                ]
                              },
                              {
                                "Node Type": "Index Only Scan",
                                "Parent Relationship": "Inner",
                                "Parallel Aware": false,
                                "Async Capable": false,
                                "Scan Direction": "Forward",
                                "Index Name": "_dta_index_date_dim_6_661577395__k1_k7_k9",
                                "Relation Name": "date_dim",
                                "Alias": "date_dim",
                                "Startup Cost": 0.29,
                                "Total Cost": 1.05,
                                "Plan Rows": 1,
                                "Plan Width": 8,
                                "Actual Startup Time": 0.002,
                                "Actual Total Time": 0.002,
                                "Actual Rows": 1,
                                "Actual Loops": 8938,
                                "Index Cond": "(d_date_sk = store_sales.ss_sold_date_sk)",
                                "Rows Removed by Index Recheck": 0,
                                "Heap Fetches": 0,
                                "Workers": []
                              }
                            ]
                          },
                          {
                            "Node Type": "Nested Loop",
                            "Parent Relationship": "Member",
                            "Parallel Aware": false,
                            "Async Capable": false,
                            "Join Type": "Inner",
                            "Startup Cost": 7645.18,
                            "Total Cost": 121686.82,
                            "Plan Rows": 1,
                            "Plan Width": 56,
                            "Actual Startup Time": 614.549,
                            "Actual Total Time": 11639.414,
                            "Actual Rows": 4561,
                            "Actual Loops": 2,
                            "Inner Unique": true,
                            "Workers": [],
                            "Plans": [
                              {
                                "Node Type": "Nested Loop",
                                "Parent Relationship": "Outer",
                                "Parallel Aware": false,
                                "Async Capable": false,
                                "Join Type": "Inner",
                                "Startup Cost": 7644.89,
                                "Total Cost": 121686.49,
                                "Plan Rows": 1,
                                "Plan Width": 40,
                                "Actual Startup Time": 614.392,
                                "Actual Total Time": 11622.02,
                                "Actual Rows": 4568,
                                "Actual Loops": 2,
                                "Inner Unique": true,
                                "Join Filter": "(catalog_sales.cs_item_sk = item_1.i_item_sk)",
                                "Rows Removed by Join Filter": 0,
                                "Workers": [],
                                "Plans": [
                                  {
                                    "Node Type": "Hash Join",
                                    "Parent Relationship": "Outer",
                                    "Parallel Aware": true,
                                    "Async Capable": false,
                                    "Join Type": "Inner",
                                    "Startup Cost": 7644.45,
                                    "Total Cost": 65545.41,
                                    "Plan Rows": 13078,
                                    "Plan Width": 38,
                                    "Actual Startup Time": 603.375,
                                    "Actual Total Time": 4617.027,
                                    "Actual Rows": 21390,
                                    "Actual Loops": 2,
                                    "Inner Unique": true,
                                    "Hash Cond": "(catalog_returns.cr_item_sk = item_1.i_item_sk)",
                                    "Workers": [],
                                    "Plans": [
                                      {
                                        "Node Type": "Seq Scan",
                                        "Parent Relationship": "Outer",
                                        "Parallel Aware": true,
                                        "Async Capable": false,
                                        "Relation Name": "catalog_returns",
                                        "Alias": "catalog_returns",
                                        "Startup Cost": 0.0,
                                        "Total Cost": 57637.42,
                                        "Plan Rows": 100390,
                                        "Plan Width": 18,
                                        "Actual Startup Time": 0.388,
                                        "Actual Total Time": 3967.833,
                                        "Actual Rows": 119194,
                                        "Actual Loops": 2,
                                        "Filter": "(cr_reason_sk = ANY ('{8,18,20,23,41}'::integer[]))",
                                        "Rows Removed by Filter": 959936,
                                        "Workers": []
                                      },
                                      {
                                        "Node Type": "Hash",
                                        "Parent Relationship": "Inner",
                                        "Parallel Aware": true,
                                        "Async Capable": false,
                                        "Startup Cost": 7575.25,
                                        "Total Cost": 7575.25,
                                        "Plan Rows": 5536,
                                        "Plan Width": 20,
                                        "Actual Startup Time": 602.611,
                                        "Actual Total Time": 602.612,
                                        "Actual Rows": 6712,
                                        "Actual Loops": 2,
                                        "Hash Buckets": 16384,
                                        "Original Hash Buckets": 16384,
                                        "Hash Batches": 1,
                                        "Original Hash Batches": 1,
                                        "Peak Memory Usage": 864,
                                        "Workers": [],
                                        "Plans": [
                                          {
                                            "Node Type": "Seq Scan",
                                            "Parent Relationship": "Outer",
                                            "Parallel Aware": true,
                                            "Async Capable": false,
                                            "Relation Name": "item",
                                            "Alias": "item_1",
                                            "Startup Cost": 0.0,
                                            "Total Cost": 7575.25,
                                            "Plan Rows": 5536,
                                            "Plan Width": 20,
                                            "Actual Startup Time": 563.834,
                                            "Actual Total Time": 1200.387,
                                            "Actual Rows": 13424,
                                            "Actual Loops": 1,
                                            "Filter": "(i_category = 'Children'::bpchar)",
                                            "Rows Removed by Filter": 88576,
                                            "Workers": []
                                          }
                                        ]
                                      }
                                    ]
                                  },
                                  {
                                    "Node Type": "Index Scan",
                                    "Parent Relationship": "Inner",
                                    "Parallel Aware": false,
                                    "Async Capable": false,
                                    "Scan Direction": "Forward",
                                    "Index Name": "catalog_sales_pkey",
                                    "Relation Name": "catalog_sales",
                                    "Alias": "catalog_sales",
                                    "Startup Cost": 0.43,
                                    "Total Cost": 4.28,
                                    "Plan Rows": 1,
                                    "Plan Width": 22,
                                    "Actual Startup Time": 0.326,
                                    "Actual Total Time": 0.326,
                                    "Actual Rows": 0,
                                    "Actual Loops": 42781,
                                    "Index Cond": "((cs_item_sk = catalog_returns.cr_item_sk) AND (cs_order_number = catalog_returns.cr_order_number))",
                                    "Rows Removed by Index Recheck": 0,
                                    "Filter": "(((cs_sales_price / cs_list_price) >= 0.69) AND ((cs_sales_price / cs_list_price) <= 0.89))",
                                    "Rows Removed by Filter": 1,
                                    "Workers": []
                                  }
                                ]
                              },
                              {
                                "Node Type": "Index Only Scan",
                                "Parent Relationship": "Inner",
                                "Parallel Aware": false,
                                "Async Capable": false,
                                "Scan Direction": "Forward",
                                "Index Name": "_dta_index_date_dim_6_661577395__k1_k7_k9",
                                "Relation Name": "date_dim",
                                "Alias": "date_dim_1",
                                "Startup Cost": 0.29,
                                "Total Cost": 0.33,
                                "Plan Rows": 1,
                                "Plan Width": 8,
                                "Actual Startup Time": 0.002,
                                "Actual Total Time": 0.002,
                                "Actual Rows": 1,
                                "Actual Loops": 9137,
                                "Index Cond": "(d_date_sk = catalog_sales.cs_sold_date_sk)",
                                "Rows Removed by Index Recheck": 0,
                                "Heap Fetches": 0,
                                "Workers": []
                              }
                            ]
                          },
                          {
                            "Node Type": "Nested Loop",
                            "Parent Relationship": "Member",
                            "Parallel Aware": false,
                            "Async Capable": false,
                            "Join Type": "Inner",
                            "Startup Cost": 7645.17,
                            "Total Cost": 76544.64,
                            "Plan Rows": 1,
                            "Plan Width": 56,
                            "Actual Startup Time": 527.952,
                            "Actual Total Time": 16188.309,
                            "Actual Rows": 2337,
                            "Actual Loops": 1,
                            "Inner Unique": true,
                            "Workers": [],
                            "Plans": [
                              {
                                "Node Type": "Nested Loop",
                                "Parent Relationship": "Outer",
                                "Parallel Aware": false,
                                "Async Capable": false,
                                "Join Type": "Inner",
                                "Startup Cost": 7644.88,
                                "Total Cost": 76544.3,
                                "Plan Rows": 1,
                                "Plan Width": 40,
                                "Actual Startup Time": 527.076,
                                "Actual Total Time": 16173.019,
                                "Actual Rows": 2337,
                                "Actual Loops": 1,
                                "Inner Unique": true,
                                "Join Filter": "(web_sales.ws_item_sk = item_2.i_item_sk)",
                                "Rows Removed by Join Filter": 0,
                                "Workers": [],
                                "Plans": [
                                  {
                                    "Node Type": "Hash Join",
                                    "Parent Relationship": "Outer",
                                    "Parallel Aware": true,
                                    "Async Capable": false,
                                    "Join Type": "Inner",
                                    "Startup Cost": 7644.45,
                                    "Total Cost": 44130.38,
                                    "Plan Rows": 8214,
                                    "Plan Width": 38,
                                    "Actual Startup Time": 520.774,
                                    "Actual Total Time": 6970.453,
                                    "Actual Rows": 19291,
                                    "Actual Loops": 1,
                                    "Inner Unique": true,
                                    "Hash Cond": "(web_returns.wr_item_sk = item_2.i_item_sk)",
                                    "Workers": [],
                                    "Plans": [
                                      {
                                        "Node Type": "Seq Scan",
                                        "Parent Relationship": "Outer",
                                        "Parallel Aware": true,
                                        "Async Capable": false,
                                        "Relation Name": "web_returns",
                                        "Alias": "web_returns",
                                        "Startup Cost": 0.0,
                                        "Total Cost": 36320.4,
                                        "Plan Rows": 63055,
                                        "Plan Width": 18,
                                        "Actual Startup Time": 0.105,
                                        "Actual Total Time": 6388.375,
                                        "Actual Rows": 154733,
                                        "Actual Loops": 1,
                                        "Filter": "(wr_reason_sk = ANY ('{8,18,20,23,41}'::integer[]))",
                                        "Rows Removed by Filter": 1285621,
                                        "Workers": []
                                      },
                                      {
                                        "Node Type": "Hash",
                                        "Parent Relationship": "Inner",
                                        "Parallel Aware": true,
                                        "Async Capable": false,
                                        "Startup Cost": 7575.25,
                                        "Total Cost": 7575.25,
                                        "Plan Rows": 5536,
                                        "Plan Width": 20,
                                        "Actual Startup Time": 520.57,
                                        "Actual Total Time": 520.57,
                                        "Actual Rows": 13424,
                                        "Actual Loops": 1,
                                        "Hash Buckets": 16384,
                                        "Original Hash Buckets": 16384,
                                        "Hash Batches": 1,
                                        "Original Hash Batches": 1,
                                        "Peak Memory Usage": 864,
                                        "Workers": [],
                                        "Plans": [
                                          {
                                            "Node Type": "Seq Scan",
                                            "Parent Relationship": "Outer",
                                            "Parallel Aware": true,
                                            "Async Capable": false,
                                            "Relation Name": "item",
                                            "Alias": "item_2",
                                            "Startup Cost": 0.0,
                                            "Total Cost": 7575.25,
                                            "Plan Rows": 5536,
                                            "Plan Width": 20,
                                            "Actual Startup Time": 0.354,
                                            "Actual Total Time": 516.146,
                                            "Actual Rows": 13424,
                                            "Actual Loops": 1,
                                            "Filter": "(i_category = 'Children'::bpchar)",
                                            "Rows Removed by Filter": 88576,
                                            "Workers": []
                                          }
                                        ]
                                      }
                                    ]
                                  },
                                  {
                                    "Node Type": "Index Scan",
                                    "Parent Relationship": "Inner",
                                    "Parallel Aware": false,
                                    "Async Capable": false,
                                    "Scan Direction": "Forward",
                                    "Index Name": "web_sales_pkey",
                                    "Relation Name": "web_sales",
                                    "Alias": "web_sales",
                                    "Startup Cost": 0.43,
                                    "Total Cost": 3.93,
                                    "Plan Rows": 1,
                                    "Plan Width": 22,
                                    "Actual Startup Time": 0.476,
                                    "Actual Total Time": 0.476,
                                    "Actual Rows": 0,
                                    "Actual Loops": 19291,
                                    "Index Cond": "((ws_item_sk = web_returns.wr_item_sk) AND (ws_order_number = web_returns.wr_order_number))",
                                    "Rows Removed by Index Recheck": 0,
                                    "Filter": "(((ws_sales_price / ws_list_price) >= 0.69) AND ((ws_sales_price / ws_list_price) <= 0.89))",
                                    "Rows Removed by Filter": 1,
                                    "Workers": []
                                  }
                                ]
                              },
                              {
                                "Node Type": "Index Only Scan",
                                "Parent Relationship": "Inner",
                                "Parallel Aware": false,
                                "Async Capable": false,
                                "Scan Direction": "Forward",
                                "Index Name": "_dta_index_date_dim_6_661577395__k1_k7_k9",
                                "Relation Name": "date_dim",
                                "Alias": "date_dim_2",
                                "Startup Cost": 0.29,
                                "Total Cost": 0.34,
                                "Plan Rows": 1,
                                "Plan Width": 8,
                                "Actual Startup Time": 0.004,
                                "Actual Total Time": 0.004,
                                "Actual Rows": 1,
                                "Actual Loops": 2337,
                                "Index Cond": "(d_date_sk = web_sales.ws_sold_date_sk)",
                                "Rows Removed by Index Recheck": 0,
                                "Heap Fetches": 0,
                                "Workers": []
                              }
                            ]
                          }
                        ]
                      }
                    ]
                  }
                ]
              }
            ]
          }
        ]
      },
      {
        "Node Type": "Sort",
        "Parent Relationship": "Outer",
        "Parallel Aware": false,
        "Async Capable": false,
        "Startup Cost": 0.19,
        "Total Cost": 0.2,
        "Plan Rows": 1,
        "Plan Width": 80,
        "Actual Startup Time": 26547.824,
        "Actual Total Time": 26547.827,
        "Actual Rows": 100,
        "Actual Loops": 1,
        "Sort Key": [
          "((curr_yr.sales_cnt - prev_yr.sales_cnt))",
          "((curr_yr.sales_amt - prev_yr.sales_amt))"
        ],
        "Sort Method": "quicksort",
        "Sort Space Used": 51,
        "Sort Space Type": "Memory",
        "Plans": [
          {
            "Node Type": "Nested Loop",
            "Parent Relationship": "Outer",
            "Parallel Aware": false,
            "Async Capable": false,
            "Join Type": "Inner",
            "Startup Cost": 0.0,
            "Total Cost": 0.18,
            "Plan Rows": 1,
            "Plan Width": 80,
            "Actual Startup Time": 26366.536,
            "Actual Total Time": 26547.701,
            "Actual Rows": 198,
            "Actual Loops": 1,
            "Inner Unique": false,
            "Join Filter": "((curr_yr.i_brand_id = prev_yr.i_brand_id) AND (curr_yr.i_class_id = prev_yr.i_class_id) AND (curr_yr.i_category_id = prev_yr.i_category_id) AND (curr_yr.i_manufact_id = prev_yr.i_manufact_id) AND (((curr_yr.sales_cnt)::numeric(17,2) / (prev_yr.sales_cnt)::numeric(17,2)) < 0.9))",
            "Rows Removed by Join Filter": 1125437,
            "Plans": [
              {
                "Node Type": "CTE Scan",
                "Parent Relationship": "Outer",
                "Parallel Aware": false,
                "Async Capable": false,
                "CTE Name": "all_sales",
                "Alias": "curr_yr",
                "Startup Cost": 0.0,
                "Total Cost": 0.07,
                "Plan Rows": 1,
                "Plan Width": 60,
                "Actual Startup Time": 26362.763,
                "Actual Total Time": 26362.889,
                "Actual Rows": 1109,
                "Actual Loops": 1,
                "Filter": "(d_year = 1999)",
                "Rows Removed by Filter": 5680
              },
              {
                "Node Type": "CTE Scan",
                "Parent Relationship": "Inner",
                "Parallel Aware": false,
                "Async Capable": false,
                "CTE Name": "all_sales",
                "Alias": "prev_yr",
                "Startup Cost": 0.0,
                "Total Cost": 0.08,
                "Plan Rows": 1,
                "Plan Width": 60,
                "Actual Startup Time": 0.0,
                "Actual Total Time": 0.147,
                "Actual Rows": 1015,
                "Actual Loops": 1109,
                "Filter": "((sales_cnt > 0) AND (d_year = 1998))",
                "Rows Removed by Filter": 5774
              }
            ]
          }
        ]
      }
    ]
  },
  "actual_rows": 100,
  "provenance": {
    "database": "postgres://jakc9:jakc9@127.0.0.1:5434/dsb_sf10",
    "scale_factor": 10,
    "engine": "postgresql",
    "engine_version": "14.3",
    "cached_at": "2026-02-09T21:06:49.229333"
  }
}