{
  "execution_time_ms": 3632.265,
  "plan_text": "Limit  (rows=0, time=3631.982)\n  Incremental Sort  (rows=0, time=3631.98)\n    Merge Join  (rows=0, time=3631.961)\n      Aggregate  (rows=1, time=572.966)\n        Index Only Scan on date_dim (date_dim_7)  (rows=1, time=1.21)\n        Gather Merge  (rows=2, time=572.96)\n          Aggregate  (rows=1, time=287.332)\n            Sort  (rows=2, time=287.326)\n              Nested Loop  (rows=88, time=287.146)\n                Nested Loop  (rows=816, time=217.882)\n                  Nested Loop  (rows=3022, time=142.052)\n                    Hash Join  (rows=15, time=3.412)\n                      Seq Scan on date_dim  (rows=36524, time=1.708)\n                      Hash  (rows=30, time=0.152)\n                        Index Only Scan on date_dim (date_dim_1)  (rows=30, time=0.143)\n                    Index Scan on catalog_sales  (rows=201, time=9.204)\n                  Index Scan on item  (rows=0, time=0.025)\n                Index Scan on customer  (rows=0, time=0.084)\n      Materialize  (rows=0, time=3058.993)\n        Merge Join  (rows=0, time=3058.986)\n          Aggregate  (rows=951, time=2799.761)\n            Index Only Scan on date_dim (date_dim_6)  (rows=1, time=0.423)\n            Gather Merge  (rows=951, time=2799.458)\n              Aggregate  (rows=476, time=1400.954)\n                Sort  (rows=972, time=1400.786)\n                  Nested Loop  (rows=972, time=1399.344)\n                    Nested Loop  (rows=8766, time=901.953)\n                      Nested Loop  (rows=27168, time=466.72)\n                        Hash Join  (rows=15, time=3.117)\n                          Seq Scan on date_dim (date_dim_2)  (rows=36524, time=1.513)\n                          Hash  (rows=30, time=0.143)\n                            Index Only Scan on date_dim (date_dim_3)  (rows=30, time=0.136)\n                        Index Only Scan on store_sales  (rows=1811, time=30.678)\n                      Index Scan on item (item_1)  (rows=0, time=0.016)\n                    Index Scan on customer (customer_1)  (rows=0, time=0.056)\n          Materialize  (rows=80, time=259.16)\n            Aggregate  (rows=80, time=259.148)\n              Index Only Scan on date_dim (date_dim_8)  (rows=1, time=14.293)\n              Gather Merge  (rows=80, time=259.117)\n                Aggregate  (rows=40, time=157.713)\n                  Sort  (rows=66, time=157.694)\n                    Nested Loop  (rows=66, time=157.499)\n                      Nested Loop  (rows=546, time=131.711)\n                        Nested Loop  (rows=1574, time=113.313)\n                          Hash Join  (rows=15, time=64.895)\n                            Seq Scan on date_dim (date_dim_4)  (rows=36524, time=62.55)\n                            Hash  (rows=30, time=0.333)\n                              Index Only Scan on date_dim (date_dim_5)  (rows=30, time=0.324)\n                          Index Scan on web_sales  (rows=105, time=3.21)\n                        Index Scan on item (item_2)  (rows=0, time=0.011)\n                      Index Scan on customer (customer_2)  (rows=0, time=0.047)",
  "plan_json": {
    "Node Type": "Limit",
    "Parallel Aware": false,
    "Async Capable": false,
    "Startup Cost": 29766.72,
    "Total Cost": 29769.43,
    "Plan Rows": 2,
    "Plan Width": 245,
    "Actual Startup Time": 3631.64,
    "Actual Total Time": 3631.982,
    "Actual Rows": 0,
    "Actual Loops": 1,
    "Plans": [
      {
        "Node Type": "Incremental Sort",
        "Parent Relationship": "Outer",
        "Parallel Aware": false,
        "Async Capable": false,
        "Startup Cost": 29766.72,
        "Total Cost": 29769.43,
        "Plan Rows": 2,
        "Plan Width": 245,
        "Actual Startup Time": 3631.639,
        "Actual Total Time": 3631.98,
        "Actual Rows": 0,
        "Actual Loops": 1,
        "Sort Key": [
          "item_1.i_item_id",
          "customer_1.c_birth_year",
          "(sum(store_sales.ss_ext_sales_price))"
        ],
        "Presorted Key": [
          "item_1.i_item_id",
          "customer_1.c_birth_year"
        ],
        "Full-sort Groups": {
          "Group Count": 1,
          "Sort Methods Used": [
            "quicksort"
          ],
          "Sort Space Memory": {
            "Average Sort Space Used": 25,
            "Peak Sort Space Used": 25
          }
        },
        "Plans": [
          {
            "Node Type": "Merge Join",
            "Parent Relationship": "Outer",
            "Parallel Aware": false,
            "Async Capable": false,
            "Join Type": "Inner",
            "Startup Cost": 29764.08,
            "Total Cost": 29769.34,
            "Plan Rows": 1,
            "Plan Width": 245,
            "Actual Startup Time": 3631.62,
            "Actual Total Time": 3631.961,
            "Actual Rows": 0,
            "Actual Loops": 1,
            "Inner Unique": false,
            "Merge Cond": "((item.i_item_id = item_1.i_item_id) AND (customer.c_birth_year = customer_1.c_birth_year))",
            "Join Filter": "(((sum(store_sales.ss_ext_sales_price)) >= (0.9 * (sum(catalog_sales.cs_ext_sales_price)))) AND ((sum(store_sales.ss_ext_sales_price)) <= (1.1 * (sum(catalog_sales.cs_ext_sales_price)))) AND ((sum(catalog_sales.cs_ext_sales_price)) >= (0.9 * (sum(store_sales.ss_ext_sales_price)))) AND ((sum(catalog_sales.cs_ext_sales_price)) <= (1.1 * (sum(store_sales.ss_ext_sales_price)))) AND ((sum(catalog_sales.cs_ext_sales_price)) >= (0.9 * (sum(web_sales.ws_ext_sales_price)))) AND ((sum(catalog_sales.cs_ext_sales_price)) <= (1.1 * (sum(web_sales.ws_ext_sales_price)))) AND ((sum(web_sales.ws_ext_sales_price)) >= (0.9 * (sum(catalog_sales.cs_ext_sales_price)))) AND ((sum(web_sales.ws_ext_sales_price)) <= (1.1 * (sum(catalog_sales.cs_ext_sales_price)))))",
            "Rows Removed by Join Filter": 0,
            "Plans": [
              {
                "Node Type": "Aggregate",
                "Strategy": "Sorted",
                "Partial Mode": "Finalize",
                "Parent Relationship": "Outer",
                "Parallel Aware": false,
                "Async Capable": false,
                "Startup Cost": 7631.51,
                "Total Cost": 7632.68,
                "Plan Rows": 12,
                "Plan Width": 53,
                "Actual Startup Time": 572.835,
                "Actual Total Time": 572.966,
                "Actual Rows": 1,
                "Actual Loops": 1,
                "Group Key": [
                  "item.i_item_id",
                  "customer.c_birth_year"
                ],
                "Plans": [
                  {
                    "Node Type": "Index Only Scan",
                    "Parent Relationship": "InitPlan",
                    "Subplan Name": "InitPlan 2 (returns $1)",
                    "Parallel Aware": false,
                    "Async Capable": false,
                    "Scan Direction": "Forward",
                    "Index Name": "_dta_index_date_dim_6_661577395__k4_k3",
                    "Relation Name": "date_dim",
                    "Alias": "date_dim_7",
                    "Startup Cost": 0.29,
                    "Total Cost": 1360.17,
                    "Plan Rows": 1,
                    "Plan Width": 4,
                    "Actual Startup Time": 0.941,
                    "Actual Total Time": 1.21,
                    "Actual Rows": 1,
                    "Actual Loops": 1,
                    "Index Cond": "(d_date = '2001-06-06'::date)",
                    "Rows Removed by Index Recheck": 0,
                    "Heap Fetches": 0
                  },
                  {
                    "Node Type": "Gather Merge",
                    "Parent Relationship": "Outer",
                    "Parallel Aware": false,
                    "Async Capable": false,
                    "Startup Cost": 6271.34,
                    "Total Cost": 6272.29,
                    "Plan Rows": 7,
                    "Plan Width": 53,
                    "Actual Startup Time": 572.829,
                    "Actual Total Time": 572.96,
                    "Actual Rows": 2,
                    "Actual Loops": 1,
                    "Workers Planned": 1,
                    "Params Evaluated": [
                      "$1"
                    ],
                    "Workers Launched": 1,
                    "Plans": [
                      {
                        "Node Type": "Aggregate",
                        "Strategy": "Sorted",
                        "Partial Mode": "Partial",
                        "Parent Relationship": "Outer",
                        "Parallel Aware": false,
                        "Async Capable": false,
                        "Startup Cost": 5271.33,
                        "Total Cost": 5271.49,
                        "Plan Rows": 7,
                        "Plan Width": 53,
                        "Actual Startup Time": 287.327,
                        "Actual Total Time": 287.332,
                        "Actual Rows": 1,
                        "Actual Loops": 2,
                        "Group Key": [
                          "item.i_item_id",
                          "customer.c_birth_year"
                        ],
                        "Workers": [],
                        "Plans": [
                          {
                            "Node Type": "Sort",
                            "Parent Relationship": "Outer",
                            "Parallel Aware": false,
                            "Async Capable": false,
                            "Startup Cost": 5271.33,
                            "Total Cost": 5271.35,
                            "Plan Rows": 7,
                            "Plan Width": 27,
                            "Actual Startup Time": 287.322,
                            "Actual Total Time": 287.326,
                            "Actual Rows": 2,
                            "Actual Loops": 2,
                            "Sort Key": [
                              "item.i_item_id",
                              "customer.c_birth_year"
                            ],
                            "Sort Method": "quicksort",
                            "Sort Space Used": 34,
                            "Sort Space Type": "Memory",
                            "Workers": [
                              {
                                "Worker Number": 0,
                                "Sort Method": "quicksort",
                                "Sort Space Used": 25,
                                "Sort Space Type": "Memory"
                              }
                            ],
                            "Plans": [
                              {
                                "Node Type": "Nested Loop",
                                "Parent Relationship": "Outer",
                                "Parallel Aware": false,
                                "Async Capable": false,
                                "Join Type": "Inner",
                                "Startup Cost": 10.34,
                                "Total Cost": 5271.24,
                                "Plan Rows": 7,
                                "Plan Width": 27,
                                "Actual Startup Time": 5.088,
                                "Actual Total Time": 287.146,
                                "Actual Rows": 88,
                                "Actual Loops": 2,
                                "Inner Unique": true,
                                "Workers": [],
                                "Plans": [
                                  {
                                    "Node Type": "Nested Loop",
                                    "Parent Relationship": "Outer",
                                    "Parallel Aware": false,
                                    "Async Capable": false,
                                    "Join Type": "Inner",
                                    "Startup Cost": 9.92,
                                    "Total Cost": 5240.59,
                                    "Plan Rows": 59,
                                    "Plan Width": 27,
                                    "Actual Startup Time": 4.774,
                                    "Actual Total Time": 217.882,
                                    "Actual Rows": 816,
                                    "Actual Loops": 2,
                                    "Inner Unique": true,
                                    "Workers": [],
                                    "Plans": [
                                      {
                                        "Node Type": "Nested Loop",
                                        "Parent Relationship": "Outer",
                                        "Parallel Aware": false,
                                        "Async Capable": false,
                                        "Join Type": "Inner",
                                        "Startup Cost": 9.63,
                                        "Total Cost": 5171.49,
                                        "Plan Rows": 197,
                                        "Plan Width": 14,
                                        "Actual Startup Time": 4.2,
                                        "Actual Total Time": 142.052,
                                        "Actual Rows": 3022,
                                        "Actual Loops": 2,
                                        "Inner Unique": false,
                                        "Workers": [],
                                        "Plans": [
                                          {
                                            "Node Type": "Hash Join",
                                            "Parent Relationship": "Outer",
                                            "Parallel Aware": false,
                                            "Async Capable": false,
                                            "Join Type": "Semi",
                                            "Startup Cost": 9.19,
                                            "Total Cost": 1975.89,
                                            "Plan Rows": 18,
                                            "Plan Width": 4,
                                            "Actual Startup Time": 3.343,
                                            "Actual Total Time": 3.412,
                                            "Actual Rows": 15,
                                            "Actual Loops": 2,
                                            "Inner Unique": false,
                                            "Hash Cond": "(date_dim.d_date = date_dim_1.d_date)",
                                            "Workers": [],
                                            "Plans": [
                                              {
                                                "Node Type": "Seq Scan",
                                                "Parent Relationship": "Outer",
                                                "Parallel Aware": true,
                                                "Async Capable": false,
                                                "Relation Name": "date_dim",
                                                "Alias": "date_dim",
                                                "Startup Cost": 0.0,
                                                "Total Cost": 1853.7,
                                                "Plan Rows": 42970,
                                                "Plan Width": 8,
                                                "Actual Startup Time": 0.003,
                                                "Actual Total Time": 1.708,
                                                "Actual Rows": 36524,
                                                "Actual Loops": 2,
                                                "Workers": []
                                              },
                                              {
                                                "Node Type": "Hash",
                                                "Parent Relationship": "Inner",
                                                "Parallel Aware": false,
                                                "Async Capable": false,
                                                "Startup Cost": 8.82,
                                                "Total Cost": 8.82,
                                                "Plan Rows": 30,
                                                "Plan Width": 4,
                                                "Actual Startup Time": 0.151,
                                                "Actual Total Time": 0.152,
                                                "Actual Rows": 30,
                                                "Actual Loops": 2,
                                                "Hash Buckets": 1024,
                                                "Original Hash Buckets": 1024,
                                                "Hash Batches": 1,
                                                "Original Hash Batches": 1,
                                                "Peak Memory Usage": 10,
                                                "Workers": [],
                                                "Plans": [
                                                  {
                                                    "Node Type": "Index Only Scan",
                                                    "Parent Relationship": "Outer",
                                                    "Parallel Aware": false,
                                                    "Async Capable": false,
                                                    "Scan Direction": "Forward",
                                                    "Index Name": "_dta_index_date_dim_6_661577395__k4_k3",
                                                    "Relation Name": "date_dim",
                                                    "Alias": "date_dim_1",
                                                    "Startup Cost": 0.29,
                                                    "Total Cost": 8.82,
                                                    "Plan Rows": 30,
                                                    "Plan Width": 4,
                                                    "Actual Startup Time": 0.141,
                                                    "Actual Total Time": 0.143,
                                                    "Actual Rows": 30,
                                                    "Actual Loops": 2,
                                                    "Index Cond": "(d_month_seq = $1)",
                                                    "Rows Removed by Index Recheck": 0,
                                                    "Heap Fetches": 0,
                                                    "Workers": []
                                                  }
                                                ]
                                              }
                                            ]
                                          },
                                          {
                                            "Node Type": "Index Scan",
                                            "Parent Relationship": "Inner",
                                            "Parallel Aware": false,
                                            "Async Capable": false,
                                            "Scan Direction": "Forward",
                                            "Index Name": "_dta_index_catalog_sales_6_1301579675__k1_k4",
                                            "Relation Name": "catalog_sales",
                                            "Alias": "catalog_sales",
                                            "Startup Cost": 0.43,
                                            "Total Cost": 173.68,
                                            "Plan Rows": 385,
                                            "Plan Width": 18,
                                            "Actual Startup Time": 0.288,
                                            "Actual Total Time": 9.204,
                                            "Actual Rows": 201,
                                            "Actual Loops": 30,
                                            "Index Cond": "(cs_sold_date_sk = date_dim.d_date_sk)",
                                            "Rows Removed by Index Recheck": 0,
                                            "Filter": "((cs_list_price >= '168'::numeric) AND (cs_list_price <= '197'::numeric))",
                                            "Rows Removed by Filter": 3598,
                                            "Workers": []
                                          }
                                        ]
                                      },
                                      {
                                        "Node Type": "Index Scan",
                                        "Parent Relationship": "Inner",
                                        "Parallel Aware": false,
                                        "Async Capable": false,
                                        "Scan Direction": "Forward",
                                        "Index Name": "item_pkey",
                                        "Relation Name": "item",
                                        "Alias": "item",
                                        "Startup Cost": 0.29,
                                        "Total Cost": 0.35,
                                        "Plan Rows": 1,
                                        "Plan Width": 21,
                                        "Actual Startup Time": 0.025,
                                        "Actual Total Time": 0.025,
                                        "Actual Rows": 0,
                                        "Actual Loops": 6043,
                                        "Index Cond": "(i_item_sk = catalog_sales.cs_item_sk)",
                                        "Rows Removed by Index Recheck": 0,
                                        "Filter": "((i_manager_id >= 42) AND (i_manager_id <= 71))",
                                        "Rows Removed by Filter": 1,
                                        "Workers": []
                                      }
                                    ]
                                  },
                                  {
                                    "Node Type": "Index Scan",
                                    "Parent Relationship": "Inner",
                                    "Parallel Aware": false,
                                    "Async Capable": false,
                                    "Scan Direction": "Forward",
                                    "Index Name": "_dta_index_customer_6_949578421__k1_k5",
                                    "Relation Name": "customer",
                                    "Alias": "customer",
                                    "Startup Cost": 0.42,
                                    "Total Cost": 0.52,
                                    "Plan Rows": 1,
                                    "Plan Width": 8,
                                    "Actual Startup Time": 0.084,
                                    "Actual Total Time": 0.084,
                                    "Actual Rows": 0,
                                    "Actual Loops": 1633,
                                    "Index Cond": "(c_customer_sk = catalog_sales.cs_bill_customer_sk)",
                                    "Rows Removed by Index Recheck": 0,
                                    "Filter": "((c_birth_year >= 1985) AND (c_birth_year <= 1991))",
                                    "Rows Removed by Filter": 1,
                                    "Workers": []
                                  }
                                ]
                              }
                            ]
                          }
                        ]
                      }
                    ]
                  }
                ]
              },
              {
                "Node Type": "Materialize",
                "Parent Relationship": "Inner",
                "Parallel Aware": false,
                "Async Capable": false,
                "Startup Cost": 22132.57,
                "Total Cost": 22136.38,
                "Plan Rows": 1,
                "Plan Width": 106,
                "Actual Startup Time": 3058.783,
                "Actual Total Time": 3058.993,
                "Actual Rows": 0,
                "Actual Loops": 1,
                "Plans": [
                  {
                    "Node Type": "Merge Join",
                    "Parent Relationship": "Outer",
                    "Parallel Aware": false,
                    "Async Capable": false,
                    "Join Type": "Inner",
                    "Startup Cost": 22132.57,
                    "Total Cost": 22136.38,
                    "Plan Rows": 1,
                    "Plan Width": 106,
                    "Actual Startup Time": 3058.777,
                    "Actual Total Time": 3058.986,
                    "Actual Rows": 0,
                    "Actual Loops": 1,
                    "Inner Unique": true,
                    "Merge Cond": "((item_1.i_item_id = item_2.i_item_id) AND (customer_1.c_birth_year = customer_2.c_birth_year))",
                    "Join Filter": "(((sum(store_sales.ss_ext_sales_price)) >= (0.9 * (sum(web_sales.ws_ext_sales_price)))) AND ((sum(store_sales.ss_ext_sales_price)) <= (1.1 * (sum(web_sales.ws_ext_sales_price)))) AND ((sum(web_sales.ws_ext_sales_price)) >= (0.9 * (sum(store_sales.ss_ext_sales_price)))) AND ((sum(web_sales.ws_ext_sales_price)) <= (1.1 * (sum(store_sales.ss_ext_sales_price)))))",
                    "Rows Removed by Join Filter": 1,
                    "Plans": [
                      {
                        "Node Type": "Aggregate",
                        "Strategy": "Sorted",
                        "Partial Mode": "Finalize",
                        "Parent Relationship": "Outer",
                        "Parallel Aware": false,
                        "Async Capable": false,
                        "Startup Cost": 16104.19,
                        "Total Cost": 16106.86,
                        "Plan Rows": 28,
                        "Plan Width": 53,
                        "Actual Startup Time": 2798.936,
                        "Actual Total Time": 2799.761,
                        "Actual Rows": 951,
                        "Actual Loops": 1,
                        "Group Key": [
                          "item_1.i_item_id",
                          "customer_1.c_birth_year"
                        ],
                        "Plans": [
                          {
                            "Node Type": "Index Only Scan",
                            "Parent Relationship": "InitPlan",
                            "Subplan Name": "InitPlan 1 (returns $0)",
                            "Parallel Aware": false,
                            "Async Capable": false,
                            "Scan Direction": "Forward",
                            "Index Name": "_dta_index_date_dim_6_661577395__k4_k3",
                            "Relation Name": "date_dim",
                            "Alias": "date_dim_6",
                            "Startup Cost": 0.29,
                            "Total Cost": 1360.17,
                            "Plan Rows": 1,
                            "Plan Width": 4,
                            "Actual Startup Time": 0.225,
                            "Actual Total Time": 0.423,
                            "Actual Rows": 1,
                            "Actual Loops": 1,
                            "Index Cond": "(d_date = '2001-06-06'::date)",
                            "Rows Removed by Index Recheck": 0,
                            "Heap Fetches": 0
                          },
                          {
                            "Node Type": "Gather Merge",
                            "Parent Relationship": "Outer",
                            "Parallel Aware": false,
                            "Async Capable": false,
                            "Startup Cost": 14744.02,
                            "Total Cost": 14746.18,
                            "Plan Rows": 16,
                            "Plan Width": 53,
                            "Actual Startup Time": 2798.93,
                            "Actual Total Time": 2799.458,
                            "Actual Rows": 951,
                            "Actual Loops": 1,
                            "Workers Planned": 1,
                            "Params Evaluated": [
                              "$0"
                            ],
                            "Workers Launched": 1,
                            "Plans": [
                              {
                                "Node Type": "Aggregate",
                                "Strategy": "Sorted",
                                "Partial Mode": "Partial",
                                "Parent Relationship": "Outer",
                                "Parallel Aware": false,
                                "Async Capable": false,
                                "Startup Cost": 13744.01,
                                "Total Cost": 13744.37,
                                "Plan Rows": 16,
                                "Plan Width": 53,
                                "Actual Startup Time": 1400.753,
                                "Actual Total Time": 1400.954,
                                "Actual Rows": 476,
                                "Actual Loops": 2,
                                "Group Key": [
                                  "item_1.i_item_id",
                                  "customer_1.c_birth_year"
                                ],
                                "Workers": [],
                                "Plans": [
                                  {
                                    "Node Type": "Sort",
                                    "Parent Relationship": "Outer",
                                    "Parallel Aware": false,
                                    "Async Capable": false,
                                    "Startup Cost": 13744.01,
                                    "Total Cost": 13744.05,
                                    "Plan Rows": 16,
                                    "Plan Width": 27,
                                    "Actual Startup Time": 1400.749,
                                    "Actual Total Time": 1400.786,
                                    "Actual Rows": 972,
                                    "Actual Loops": 2,
                                    "Sort Key": [
                                      "item_1.i_item_id",
                                      "customer_1.c_birth_year"
                                    ],
                                    "Sort Method": "quicksort",
                                    "Sort Space Used": 156,
                                    "Sort Space Type": "Memory",
                                    "Workers": [
                                      {
                                        "Worker Number": 0,
                                        "Sort Method": "quicksort",
                                        "Sort Space Used": 25,
                                        "Sort Space Type": "Memory"
                                      }
                                    ],
                                    "Plans": [
                                      {
                                        "Node Type": "Nested Loop",
                                        "Parent Relationship": "Outer",
                                        "Parallel Aware": false,
                                        "Async Capable": false,
                                        "Join Type": "Inner",
                                        "Startup Cost": 10.47,
                                        "Total Cost": 13743.69,
                                        "Plan Rows": 16,
                                        "Plan Width": 27,
                                        "Actual Startup Time": 3.883,
                                        "Actual Total Time": 1399.344,
                                        "Actual Rows": 972,
                                        "Actual Loops": 2,
                                        "Inner Unique": true,
                                        "Workers": [],
                                        "Plans": [
                                          {
                                            "Node Type": "Nested Loop",
                                            "Parent Relationship": "Outer",
                                            "Parallel Aware": false,
                                            "Async Capable": false,
                                            "Join Type": "Inner",
                                            "Startup Cost": 10.05,
                                            "Total Cost": 13643.53,
                                            "Plan Rows": 148,
                                            "Plan Width": 27,
                                            "Actual Startup Time": 3.28,
                                            "Actual Total Time": 901.953,
                                            "Actual Rows": 8766,
                                            "Actual Loops": 2,
                                            "Inner Unique": true,
                                            "Workers": [],
                                            "Plans": [
                                              {
                                                "Node Type": "Nested Loop",
                                                "Parent Relationship": "Outer",
                                                "Parallel Aware": false,
                                                "Async Capable": false,
                                                "Join Type": "Inner",
                                                "Startup Cost": 9.76,
                                                "Total Cost": 13392.3,
                                                "Plan Rows": 494,
                                                "Plan Width": 14,
                                                "Actual Startup Time": 3.27,
                                                "Actual Total Time": 466.72,
                                                "Actual Rows": 27168,
                                                "Actual Loops": 2,
                                                "Inner Unique": false,
                                                "Workers": [],
                                                "Plans": [
                                                  {
                                                    "Node Type": "Hash Join",
                                                    "Parent Relationship": "Outer",
                                                    "Parallel Aware": false,
                                                    "Async Capable": false,
                                                    "Join Type": "Semi",
                                                    "Startup Cost": 9.19,
                                                    "Total Cost": 1975.89,
                                                    "Plan Rows": 18,
                                                    "Plan Width": 4,
                                                    "Actual Startup Time": 3.049,
                                                    "Actual Total Time": 3.117,
                                                    "Actual Rows": 15,
                                                    "Actual Loops": 2,
                                                    "Inner Unique": false,
                                                    "Hash Cond": "(date_dim_2.d_date = date_dim_3.d_date)",
                                                    "Workers": [],
                                                    "Plans": [
                                                      {
                                                        "Node Type": "Seq Scan",
                                                        "Parent Relationship": "Outer",
                                                        "Parallel Aware": true,
                                                        "Async Capable": false,
                                                        "Relation Name": "date_dim",
                                                        "Alias": "date_dim_2",
                                                        "Startup Cost": 0.0,
                                                        "Total Cost": 1853.7,
                                                        "Plan Rows": 42970,
                                                        "Plan Width": 8,
                                                        "Actual Startup Time": 0.003,
                                                        "Actual Total Time": 1.513,
                                                        "Actual Rows": 36524,
                                                        "Actual Loops": 2,
                                                        "Workers": []
                                                      },
                                                      {
                                                        "Node Type": "Hash",
                                                        "Parent Relationship": "Inner",
                                                        "Parallel Aware": false,
                                                        "Async Capable": false,
                                                        "Startup Cost": 8.82,
                                                        "Total Cost": 8.82,
                                                        "Plan Rows": 30,
                                                        "Plan Width": 4,
                                                        "Actual Startup Time": 0.142,
                                                        "Actual Total Time": 0.143,
                                                        "Actual Rows": 30,
                                                        "Actual Loops": 2,
                                                        "Hash Buckets": 1024,
                                                        "Original Hash Buckets": 1024,
                                                        "Hash Batches": 1,
                                                        "Original Hash Batches": 1,
                                                        "Peak Memory Usage": 10,
                                                        "Workers": [],
                                                        "Plans": [
                                                          {
                                                            "Node Type": "Index Only Scan",
                                                            "Parent Relationship": "Outer",
                                                            "Parallel Aware": false,
                                                            "Async Capable": false,
                                                            "Scan Direction": "Forward",
                                                            "Index Name": "_dta_index_date_dim_6_661577395__k4_k3",
                                                            "Relation Name": "date_dim",
                                                            "Alias": "date_dim_3",
                                                            "Startup Cost": 0.29,
                                                            "Total Cost": 8.82,
                                                            "Plan Rows": 30,
                                                            "Plan Width": 4,
                                                            "Actual Startup Time": 0.134,
                                                            "Actual Total Time": 0.136,
                                                            "Actual Rows": 30,
                                                            "Actual Loops": 2,
                                                            "Index Cond": "(d_month_seq = $0)",
                                                            "Rows Removed by Index Recheck": 0,
                                                            "Heap Fetches": 0,
                                                            "Workers": []
                                                          }
                                                        ]
                                                      }
                                                    ]
                                                  },
                                                  {
                                                    "Node Type": "Index Only Scan",
                                                    "Parent Relationship": "Inner",
                                                    "Parallel Aware": false,
                                                    "Async Capable": false,
                                                    "Scan Direction": "Forward",
                                                    "Index Name": "_dta_index_store_sales_6_1333579789__k1_k23_k14_k6_k8_k5_k7_3_4",
                                                    "Relation Name": "store_sales",
                                                    "Alias": "store_sales",
                                                    "Startup Cost": 0.56,
                                                    "Total Cost": 624.23,
                                                    "Plan Rows": 1001,
                                                    "Plan Width": 18,
                                                    "Actual Startup Time": 0.116,
                                                    "Actual Total Time": 30.678,
                                                    "Actual Rows": 1811,
                                                    "Actual Loops": 30,
                                                    "Index Cond": "(ss_sold_date_sk = date_dim_2.d_date_sk)",
                                                    "Rows Removed by Index Recheck": 0,
                                                    "Filter": "((ss_list_price >= '168'::numeric) AND (ss_list_price <= '197'::numeric))",
                                                    "Rows Removed by Filter": 23098,
                                                    "Heap Fetches": 0,
                                                    "Workers": []
                                                  }
                                                ]
                                              },
                                              {
                                                "Node Type": "Index Scan",
                                                "Parent Relationship": "Inner",
                                                "Parallel Aware": false,
                                                "Async Capable": false,
                                                "Scan Direction": "Forward",
                                                "Index Name": "item_pkey",
                                                "Relation Name": "item",
                                                "Alias": "item_1",
                                                "Startup Cost": 0.29,
                                                "Total Cost": 0.51,
                                                "Plan Rows": 1,
                                                "Plan Width": 21,
                                                "Actual Startup Time": 0.016,
                                                "Actual Total Time": 0.016,
                                                "Actual Rows": 0,
                                                "Actual Loops": 54335,
                                                "Index Cond": "(i_item_sk = store_sales.ss_item_sk)",
                                                "Rows Removed by Index Recheck": 0,
                                                "Filter": "((i_manager_id >= 42) AND (i_manager_id <= 71))",
                                                "Rows Removed by Filter": 1,
                                                "Workers": []
                                              }
                                            ]
                                          },
                                          {
                                            "Node Type": "Index Scan",
                                            "Parent Relationship": "Inner",
                                            "Parallel Aware": false,
                                            "Async Capable": false,
                                            "Scan Direction": "Forward",
                                            "Index Name": "_dta_index_customer_6_949578421__k1_k5",
                                            "Relation Name": "customer",
                                            "Alias": "customer_1",
                                            "Startup Cost": 0.42,
                                            "Total Cost": 0.68,
                                            "Plan Rows": 1,
                                            "Plan Width": 8,
                                            "Actual Startup Time": 0.056,
                                            "Actual Total Time": 0.056,
                                            "Actual Rows": 0,
                                            "Actual Loops": 17532,
                                            "Index Cond": "(c_customer_sk = store_sales.ss_customer_sk)",
                                            "Rows Removed by Index Recheck": 0,
                                            "Filter": "((c_birth_year >= 1985) AND (c_birth_year <= 1991))",
                                            "Rows Removed by Filter": 1,
                                            "Workers": []
                                          }
                                        ]
                                      }
                                    ]
                                  }
                                ]
                              }
                            ]
                          }
                        ]
                      },
                      {
                        "Node Type": "Materialize",
                        "Parent Relationship": "Inner",
                        "Parallel Aware": false,
                        "Async Capable": false,
                        "Startup Cost": 6028.38,
                        "Total Cost": 6029.31,
                        "Plan Rows": 8,
                        "Plan Width": 53,
                        "Actual Startup Time": 258.976,
                        "Actual Total Time": 259.16,
                        "Actual Rows": 80,
                        "Actual Loops": 1,
                        "Plans": [
                          {
                            "Node Type": "Aggregate",
                            "Strategy": "Sorted",
                            "Partial Mode": "Finalize",
                            "Parent Relationship": "Outer",
                            "Parallel Aware": false,
                            "Async Capable": false,
                            "Startup Cost": 6028.38,
                            "Total Cost": 6029.21,
                            "Plan Rows": 8,
                            "Plan Width": 53,
                            "Actual Startup Time": 258.973,
                            "Actual Total Time": 259.148,
                            "Actual Rows": 80,
                            "Actual Loops": 1,
                            "Group Key": [
                              "item_2.i_item_id",
                              "customer_2.c_birth_year"
                            ],
                            "Plans": [
                              {
                                "Node Type": "Index Only Scan",
                                "Parent Relationship": "InitPlan",
                                "Subplan Name": "InitPlan 3 (returns $2)",
                                "Parallel Aware": false,
                                "Async Capable": false,
                                "Scan Direction": "Forward",
                                "Index Name": "_dta_index_date_dim_6_661577395__k4_k3",
                                "Relation Name": "date_dim",
                                "Alias": "date_dim_8",
                                "Startup Cost": 0.29,
                                "Total Cost": 1360.17,
                                "Plan Rows": 1,
                                "Plan Width": 4,
                                "Actual Startup Time": 6.833,
                                "Actual Total Time": 14.293,
                                "Actual Rows": 1,
                                "Actual Loops": 1,
                                "Index Cond": "(d_date = '2001-06-06'::date)",
                                "Rows Removed by Index Recheck": 0,
                                "Heap Fetches": 0
                              },
                              {
                                "Node Type": "Gather Merge",
                                "Parent Relationship": "Outer",
                                "Parallel Aware": false,
                                "Async Capable": false,
                                "Startup Cost": 4668.21,
                                "Total Cost": 4668.89,
                                "Plan Rows": 5,
                                "Plan Width": 53,
                                "Actual Startup Time": 258.967,
                                "Actual Total Time": 259.117,
                                "Actual Rows": 80,
                                "Actual Loops": 1,
                                "Workers Planned": 1,
                                "Params Evaluated": [
                                  "$2"
                                ],
                                "Workers Launched": 1,
                                "Plans": [
                                  {
                                    "Node Type": "Aggregate",
                                    "Strategy": "Sorted",
                                    "Partial Mode": "Partial",
                                    "Parent Relationship": "Outer",
                                    "Parallel Aware": false,
                                    "Async Capable": false,
                                    "Startup Cost": 3668.2,
                                    "Total Cost": 3668.32,
                                    "Plan Rows": 5,
                                    "Plan Width": 53,
                                    "Actual Startup Time": 157.695,
                                    "Actual Total Time": 157.713,
                                    "Actual Rows": 40,
                                    "Actual Loops": 2,
                                    "Group Key": [
                                      "item_2.i_item_id",
                                      "customer_2.c_birth_year"
                                    ],
                                    "Workers": [],
                                    "Plans": [
                                      {
                                        "Node Type": "Sort",
                                        "Parent Relationship": "Outer",
                                        "Parallel Aware": false,
                                        "Async Capable": false,
                                        "Startup Cost": 3668.2,
                                        "Total Cost": 3668.22,
                                        "Plan Rows": 5,
                                        "Plan Width": 27,
                                        "Actual Startup Time": 157.689,
                                        "Actual Total Time": 157.694,
                                        "Actual Rows": 66,
                                        "Actual Loops": 2,
                                        "Sort Key": [
                                          "item_2.i_item_id",
                                          "customer_2.c_birth_year"
                                        ],
                                        "Sort Method": "quicksort",
                                        "Sort Space Used": 32,
                                        "Sort Space Type": "Memory",
                                        "Workers": [
                                          {
                                            "Worker Number": 0,
                                            "Sort Method": "quicksort",
                                            "Sort Space Used": 25,
                                            "Sort Space Type": "Memory"
                                          }
                                        ],
                                        "Plans": [
                                          {
                                            "Node Type": "Nested Loop",
                                            "Parent Relationship": "Outer",
                                            "Parallel Aware": false,
                                            "Async Capable": false,
                                            "Join Type": "Inner",
                                            "Startup Cost": 10.34,
                                            "Total Cost": 3668.15,
                                            "Plan Rows": 5,
                                            "Plan Width": 27,
                                            "Actual Startup Time": 67.572,
                                            "Actual Total Time": 157.499,
                                            "Actual Rows": 66,
                                            "Actual Loops": 2,
                                            "Inner Unique": true,
                                            "Workers": [],
                                            "Plans": [
                                              {
                                                "Node Type": "Nested Loop",
                                                "Parent Relationship": "Outer",
                                                "Parallel Aware": false,
                                                "Async Capable": false,
                                                "Join Type": "Inner",
                                                "Startup Cost": 9.92,
                                                "Total Cost": 3645.51,
                                                "Plan Rows": 41,
                                                "Plan Width": 27,
                                                "Actual Startup Time": 66.044,
                                                "Actual Total Time": 131.711,
                                                "Actual Rows": 546,
                                                "Actual Loops": 2,
                                                "Inner Unique": true,
                                                "Workers": [],
                                                "Plans": [
                                                  {
                                                    "Node Type": "Nested Loop",
                                                    "Parent Relationship": "Outer",
                                                    "Parallel Aware": false,
                                                    "Async Capable": false,
                                                    "Join Type": "Inner",
                                                    "Startup Cost": 9.62,
                                                    "Total Cost": 3594.95,
                                                    "Plan Rows": 138,
                                                    "Plan Width": 14,
                                                    "Actual Startup Time": 65.987,
                                                    "Actual Total Time": 113.313,
                                                    "Actual Rows": 1574,
                                                    "Actual Loops": 2,
                                                    "Inner Unique": false,
                                                    "Workers": [],
                                                    "Plans": [
                                                      {
                                                        "Node Type": "Hash Join",
                                                        "Parent Relationship": "Outer",
                                                        "Parallel Aware": false,
                                                        "Async Capable": false,
                                                        "Join Type": "Semi",
                                                        "Startup Cost": 9.19,
                                                        "Total Cost": 1975.89,
                                                        "Plan Rows": 18,
                                                        "Plan Width": 4,
                                                        "Actual Startup Time": 64.853,
                                                        "Actual Total Time": 64.895,
                                                        "Actual Rows": 15,
                                                        "Actual Loops": 2,
                                                        "Inner Unique": false,
                                                        "Hash Cond": "(date_dim_4.d_date = date_dim_5.d_date)",
                                                        "Workers": [],
                                                        "Plans": [
                                                          {
                                                            "Node Type": "Seq Scan",
                                                            "Parent Relationship": "Outer",
                                                            "Parallel Aware": true,
                                                            "Async Capable": false,
                                                            "Relation Name": "date_dim",
                                                            "Alias": "date_dim_4",
                                                            "Startup Cost": 0.0,
                                                            "Total Cost": 1853.7,
                                                            "Plan Rows": 42970,
                                                            "Plan Width": 8,
                                                            "Actual Startup Time": 0.213,
                                                            "Actual Total Time": 62.55,
                                                            "Actual Rows": 36524,
                                                            "Actual Loops": 2,
                                                            "Workers": []
                                                          },
                                                          {
                                                            "Node Type": "Hash",
                                                            "Parent Relationship": "Inner",
                                                            "Parallel Aware": false,
                                                            "Async Capable": false,
                                                            "Startup Cost": 8.82,
                                                            "Total Cost": 8.82,
                                                            "Plan Rows": 30,
                                                            "Plan Width": 4,
                                                            "Actual Startup Time": 0.333,
                                                            "Actual Total Time": 0.333,
                                                            "Actual Rows": 30,
                                                            "Actual Loops": 2,
                                                            "Hash Buckets": 1024,
                                                            "Original Hash Buckets": 1024,
                                                            "Hash Batches": 1,
                                                            "Original Hash Batches": 1,
                                                            "Peak Memory Usage": 10,
                                                            "Workers": [],
                                                            "Plans": [
                                                              {
                                                                "Node Type": "Index Only Scan",
                                                                "Parent Relationship": "Outer",
                                                                "Parallel Aware": false,
                                                                "Async Capable": false,
                                                                "Scan Direction": "Forward",
                                                                "Index Name": "_dta_index_date_dim_6_661577395__k4_k3",
                                                                "Relation Name": "date_dim",
                                                                "Alias": "date_dim_5",
                                                                "Startup Cost": 0.29,
                                                                "Total Cost": 8.82,
                                                                "Plan Rows": 30,
                                                                "Plan Width": 4,
                                                                "Actual Startup Time": 0.322,
                                                                "Actual Total Time": 0.324,
                                                                "Actual Rows": 30,
                                                                "Actual Loops": 2,
                                                                "Index Cond": "(d_month_seq = $2)",
                                                                "Rows Removed by Index Recheck": 0,
                                                                "Heap Fetches": 0,
                                                                "Workers": []
                                                              }
                                                            ]
                                                          }
                                                        ]
                                                      },
                                                      {
                                                        "Node Type": "Index Scan",
                                                        "Parent Relationship": "Inner",
                                                        "Parallel Aware": false,
                                                        "Async Capable": false,
                                                        "Scan Direction": "Forward",
                                                        "Index Name": "_dta_index_web_sales_6_1269579561__k1_k5",
                                                        "Relation Name": "web_sales",
                                                        "Alias": "web_sales",
                                                        "Startup Cost": 0.43,
                                                        "Total Cost": 87.27,
                                                        "Plan Rows": 268,
                                                        "Plan Width": 18,
                                                        "Actual Startup Time": 0.216,
                                                        "Actual Total Time": 3.21,
                                                        "Actual Rows": 105,
                                                        "Actual Loops": 30,
                                                        "Index Cond": "(ws_sold_date_sk = date_dim_4.d_date_sk)",
                                                        "Rows Removed by Index Recheck": 0,
                                                        "Filter": "((ws_list_price >= '168'::numeric) AND (ws_list_price <= '197'::numeric))",
                                                        "Rows Removed by Filter": 1226,
                                                        "Workers": []
                                                      }
                                                    ]
                                                  },
                                                  {
                                                    "Node Type": "Index Scan",
                                                    "Parent Relationship": "Inner",
                                                    "Parallel Aware": false,
                                                    "Async Capable": false,
                                                    "Scan Direction": "Forward",
                                                    "Index Name": "item_pkey",
                                                    "Relation Name": "item",
                                                    "Alias": "item_2",
                                                    "Startup Cost": 0.29,
                                                    "Total Cost": 0.37,
                                                    "Plan Rows": 1,
                                                    "Plan Width": 21,
                                                    "Actual Startup Time": 0.011,
                                                    "Actual Total Time": 0.011,
                                                    "Actual Rows": 0,
                                                    "Actual Loops": 3148,
                                                    "Index Cond": "(i_item_sk = web_sales.ws_item_sk)",
                                                    "Rows Removed by Index Recheck": 0,
                                                    "Filter": "((i_manager_id >= 42) AND (i_manager_id <= 71))",
                                                    "Rows Removed by Filter": 1,
                                                    "Workers": []
                                                  }
                                                ]
                                              },
                                              {
                                                "Node Type": "Index Scan",
                                                "Parent Relationship": "Inner",
                                                "Parallel Aware": false,
                                                "Async Capable": false,
                                                "Scan Direction": "Forward",
                                                "Index Name": "_dta_index_customer_6_949578421__k1_k5",
                                                "Relation Name": "customer",
                                                "Alias": "customer_2",
                                                "Startup Cost": 0.42,
                                                "Total Cost": 0.55,
                                                "Plan Rows": 1,
                                                "Plan Width": 8,
                                                "Actual Startup Time": 0.047,
                                                "Actual Total Time": 0.047,
                                                "Actual Rows": 0,
                                                "Actual Loops": 1092,
                                                "Index Cond": "(c_customer_sk = web_sales.ws_bill_customer_sk)",
                                                "Rows Removed by Index Recheck": 0,
                                                "Filter": "((c_birth_year >= 1985) AND (c_birth_year <= 1991))",
                                                "Rows Removed by Filter": 1,
                                                "Workers": []
                                              }
                                            ]
                                          }
                                        ]
                                      }
                                    ]
                                  }
                                ]
                              }
                            ]
                          }
                        ]
                      }
                    ]
                  }
                ]
              }
            ]
          }
        ]
      }
    ]
  },
  "actual_rows": 0,
  "provenance": {
    "database": "postgres://jakc9:jakc9@127.0.0.1:5434/dsb_sf10",
    "scale_factor": 10,
    "engine": "postgresql",
    "engine_version": "14.3",
    "cached_at": "2026-02-09T21:05:23.841651"
  }
}