{
  "execution_time_ms": 73596.623,
  "plan_text": "Limit  (rows=11, time=73587.308)\n  Aggregate  (rows=11, time=73572.941)\n    Gather Merge  (rows=25, time=73572.915)\n      Aggregate  (rows=8, time=67249.437)\n        Sort  (rows=826, time=67249.314)\n          Hash Join  (rows=826, time=67247.714)\n            Hash Join  (rows=1287, time=67236.305)\n              Hash Join  (rows=4948, time=67233.207)\n                Nested Loop  (rows=25870, time=67217.691)\n                  Index Only Scan on date_dim  (rows=244, time=11.936)\n                  Index Scan on catalog_sales  (rows=106, time=275.769)\n                Hash  (rows=3, time=0.185)\n                  Seq Scan on ship_mode  (rows=3, time=0.181)\n              Hash  (rows=2, time=0.201)\n                Seq Scan on warehouse  (rows=2, time=0.199)\n            Hash  (rows=13, time=9.162)\n              Seq Scan on call_center  (rows=13, time=9.155)",
  "plan_json": {
    "Node Type": "Limit",
    "Parallel Aware": false,
    "Async Capable": false,
    "Startup Cost": 270725.34,
    "Total Cost": 270731.9,
    "Plan Rows": 18,
    "Plan Width": 117,
    "Actual Startup Time": 73587.145,
    "Actual Total Time": 73587.308,
    "Actual Rows": 11,
    "Actual Loops": 1,
    "Plans": [
      {
        "Node Type": "Aggregate",
        "Strategy": "Sorted",
        "Partial Mode": "Finalize",
        "Parent Relationship": "Outer",
        "Parallel Aware": false,
        "Async Capable": false,
        "Startup Cost": 270725.34,
        "Total Cost": 270731.9,
        "Plan Rows": 18,
        "Plan Width": 117,
        "Actual Startup Time": 73572.778,
        "Actual Total Time": 73572.941,
        "Actual Rows": 11,
        "Actual Loops": 1,
        "Group Key": [
          "(\"substring\"((warehouse.w_warehouse_name)::text, 1, 20))",
          "call_center.cc_name"
        ],
        "Plans": [
          {
            "Node Type": "Gather Merge",
            "Parent Relationship": "Outer",
            "Parallel Aware": false,
            "Async Capable": false,
            "Startup Cost": 270725.34,
            "Total Cost": 270731.04,
            "Plan Rows": 36,
            "Plan Width": 117,
            "Actual Startup Time": 73572.76,
            "Actual Total Time": 73572.915,
            "Actual Rows": 25,
            "Actual Loops": 1,
            "Workers Planned": 2,
            "Workers Launched": 2,
            "Plans": [
              {
                "Node Type": "Aggregate",
                "Strategy": "Sorted",
                "Partial Mode": "Partial",
                "Parent Relationship": "Outer",
                "Parallel Aware": false,
                "Async Capable": false,
                "Startup Cost": 269725.32,
                "Total Cost": 269726.86,
                "Plan Rows": 18,
                "Plan Width": 117,
                "Actual Startup Time": 67249.339,
                "Actual Total Time": 67249.437,
                "Actual Rows": 8,
                "Actual Loops": 3,
                "Group Key": [
                  "(\"substring\"((warehouse.w_warehouse_name)::text, 1, 20))",
                  "call_center.cc_name"
                ],
                "Workers": [],
                "Plans": [
                  {
                    "Node Type": "Sort",
                    "Parent Relationship": "Outer",
                    "Parallel Aware": false,
                    "Async Capable": false,
                    "Startup Cost": 269725.32,
                    "Total Cost": 269725.37,
                    "Plan Rows": 22,
                    "Plan Width": 85,
                    "Actual Startup Time": 67249.291,
                    "Actual Total Time": 67249.314,
                    "Actual Rows": 826,
                    "Actual Loops": 3,
                    "Sort Key": [
                      "(\"substring\"((warehouse.w_warehouse_name)::text, 1, 20))",
                      "call_center.cc_name"
                    ],
                    "Sort Method": "quicksort",
                    "Sort Space Used": 106,
                    "Sort Space Type": "Memory",
                    "Workers": [
                      {
                        "Worker Number": 0,
                        "Sort Method": "quicksort",
                        "Sort Space Used": 103,
                        "Sort Space Type": "Memory"
                      },
                      {
                        "Worker Number": 1,
                        "Sort Method": "quicksort",
                        "Sort Space Used": 111,
                        "Sort Space Type": "Memory"
                      }
                    ],
                    "Plans": [
                      {
                        "Node Type": "Hash Join",
                        "Parent Relationship": "Outer",
                        "Parallel Aware": false,
                        "Async Capable": false,
                        "Join Type": "Inner",
                        "Startup Cost": 5.88,
                        "Total Cost": 269724.83,
                        "Plan Rows": 22,
                        "Plan Width": 85,
                        "Actual Startup Time": 277.848,
                        "Actual Total Time": 67247.714,
                        "Actual Rows": 826,
                        "Actual Loops": 3,
                        "Inner Unique": true,
                        "Hash Cond": "(catalog_sales.cs_call_center_sk = call_center.cc_call_center_sk)",
                        "Workers": [],
                        "Plans": [
                          {
                            "Node Type": "Hash Join",
                            "Parent Relationship": "Outer",
                            "Parallel Aware": false,
                            "Async Capable": false,
                            "Join Type": "Inner",
                            "Startup Cost": 3.42,
                            "Total Cost": 269722.18,
                            "Plan Rows": 42,
                            "Plan Width": 60,
                            "Actual Startup Time": 110.328,
                            "Actual Total Time": 67236.305,
                            "Actual Rows": 1287,
                            "Actual Loops": 3,
                            "Inner Unique": true,
                            "Hash Cond": "(catalog_sales.cs_warehouse_sk = warehouse.w_warehouse_sk)",
                            "Workers": [],
                            "Plans": [
                              {
                                "Node Type": "Hash Join",
                                "Parent Relationship": "Outer",
                                "Parallel Aware": false,
                                "Async Capable": false,
                                "Join Type": "Inner",
                                "Startup Cost": 2.27,
                                "Total Cost": 269720.25,
                                "Plan Rows": 209,
                                "Plan Width": 47,
                                "Actual Startup Time": 23.184,
                                "Actual Total Time": 67233.207,
                                "Actual Rows": 4948,
                                "Actual Loops": 3,
                                "Inner Unique": true,
                                "Hash Cond": "(catalog_sales.cs_ship_mode_sk = ship_mode.sm_ship_mode_sk)",
                                "Workers": [],
                                "Plans": [
                                  {
                                    "Node Type": "Nested Loop",
                                    "Parent Relationship": "Outer",
                                    "Parallel Aware": false,
                                    "Async Capable": false,
                                    "Join Type": "Inner",
                                    "Startup Cost": 0.98,
                                    "Total Cost": 269714.51,
                                    "Plan Rows": 1399,
                                    "Plan Width": 20,
                                    "Actual Startup Time": 8.165,
                                    "Actual Total Time": 67217.691,
                                    "Actual Rows": 25870,
                                    "Actual Loops": 3,
                                    "Inner Unique": false,
                                    "Workers": [],
                                    "Plans": [
                                      {
                                        "Node Type": "Index Only Scan",
                                        "Parent Relationship": "Outer",
                                        "Parallel Aware": true,
                                        "Async Capable": false,
                                        "Scan Direction": "Forward",
                                        "Index Name": "_dta_index_date_dim_6_661577395__k7_k4_k9_k1",
                                        "Relation Name": "date_dim",
                                        "Alias": "date_dim",
                                        "Startup Cost": 0.42,
                                        "Total Cost": 1888.16,
                                        "Plan Rows": 325,
                                        "Plan Width": 4,
                                        "Actual Startup Time": 5.712,
                                        "Actual Total Time": 11.936,
                                        "Actual Rows": 244,
                                        "Actual Loops": 3,
                                        "Index Cond": "((d_month_seq >= 1191) AND (d_month_seq <= 1214))",
                                        "Rows Removed by Index Recheck": 0,
                                        "Heap Fetches": 0,
                                        "Workers": []
                                      },
                                      {
                                        "Node Type": "Index Scan",
                                        "Parent Relationship": "Inner",
                                        "Parallel Aware": false,
                                        "Async Capable": false,
                                        "Scan Direction": "Forward",
                                        "Index Name": "_dta_index_catalog_sales_6_1301579675__k3_1_12_14_15",
                                        "Relation Name": "catalog_sales",
                                        "Alias": "catalog_sales",
                                        "Startup Cost": 0.56,
                                        "Total Cost": 822.67,
                                        "Plan Rows": 141,
                                        "Plan Width": 20,
                                        "Actual Startup Time": 2.224,
                                        "Actual Total Time": 275.769,
                                        "Actual Rows": 106,
                                        "Actual Loops": 731,
                                        "Index Cond": "(cs_ship_date_sk = date_dim.d_date_sk)",
                                        "Rows Removed by Index Recheck": 0,
                                        "Filter": "((cs_list_price >= '244'::numeric) AND (cs_list_price <= '273'::numeric))",
                                        "Rows Removed by Filter": 5585,
                                        "Workers": []
                                      }
                                    ]
                                  },
                                  {
                                    "Node Type": "Hash",
                                    "Parent Relationship": "Inner",
                                    "Parallel Aware": false,
                                    "Async Capable": false,
                                    "Startup Cost": 1.25,
                                    "Total Cost": 1.25,
                                    "Plan Rows": 3,
                                    "Plan Width": 35,
                                    "Actual Startup Time": 0.184,
                                    "Actual Total Time": 0.185,
                                    "Actual Rows": 3,
                                    "Actual Loops": 3,
                                    "Hash Buckets": 1024,
                                    "Original Hash Buckets": 1024,
                                    "Hash Batches": 1,
                                    "Original Hash Batches": 1,
                                    "Peak Memory Usage": 9,
                                    "Workers": [],
                                    "Plans": [
                                      {
                                        "Node Type": "Seq Scan",
                                        "Parent Relationship": "Outer",
                                        "Parallel Aware": false,
                                        "Async Capable": false,
                                        "Relation Name": "ship_mode",
                                        "Alias": "ship_mode",
                                        "Startup Cost": 0.0,
                                        "Total Cost": 1.25,
                                        "Plan Rows": 3,
                                        "Plan Width": 35,
                                        "Actual Startup Time": 0.18,
                                        "Actual Total Time": 0.181,
                                        "Actual Rows": 3,
                                        "Actual Loops": 3,
                                        "Filter": "(sm_type = 'LIBRARY'::bpchar)",
                                        "Rows Removed by Filter": 17,
                                        "Workers": []
                                      }
                                    ]
                                  }
                                ]
                              },
                              {
                                "Node Type": "Hash",
                                "Parent Relationship": "Inner",
                                "Parallel Aware": false,
                                "Async Capable": false,
                                "Startup Cost": 1.12,
                                "Total Cost": 1.12,
                                "Plan Rows": 2,
                                "Plan Width": 21,
                                "Actual Startup Time": 0.201,
                                "Actual Total Time": 0.201,
                                "Actual Rows": 2,
                                "Actual Loops": 3,
                                "Hash Buckets": 1024,
                                "Original Hash Buckets": 1024,
                                "Hash Batches": 1,
                                "Original Hash Batches": 1,
                                "Peak Memory Usage": 9,
                                "Workers": [],
                                "Plans": [
                                  {
                                    "Node Type": "Seq Scan",
                                    "Parent Relationship": "Outer",
                                    "Parallel Aware": false,
                                    "Async Capable": false,
                                    "Relation Name": "warehouse",
                                    "Alias": "warehouse",
                                    "Startup Cost": 0.0,
                                    "Total Cost": 1.12,
                                    "Plan Rows": 2,
                                    "Plan Width": 21,
                                    "Actual Startup Time": 0.198,
                                    "Actual Total Time": 0.199,
                                    "Actual Rows": 2,
                                    "Actual Loops": 3,
                                    "Filter": "(w_gmt_offset = '-5'::numeric)",
                                    "Rows Removed by Filter": 8,
                                    "Workers": []
                                  }
                                ]
                              }
                            ]
                          },
                          {
                            "Node Type": "Hash",
                            "Parent Relationship": "Inner",
                            "Parallel Aware": false,
                            "Async Capable": false,
                            "Startup Cost": 2.3,
                            "Total Cost": 2.3,
                            "Plan Rows": 13,
                            "Plan Width": 18,
                            "Actual Startup Time": 9.162,
                            "Actual Total Time": 9.162,
                            "Actual Rows": 13,
                            "Actual Loops": 3,
                            "Hash Buckets": 1024,
                            "Original Hash Buckets": 1024,
                            "Hash Batches": 1,
                            "Original Hash Batches": 1,
                            "Peak Memory Usage": 9,
                            "Workers": [],
                            "Plans": [
                              {
                                "Node Type": "Seq Scan",
                                "Parent Relationship": "Outer",
                                "Parallel Aware": false,
                                "Async Capable": false,
                                "Relation Name": "call_center",
                                "Alias": "call_center",
                                "Startup Cost": 0.0,
                                "Total Cost": 2.3,
                                "Plan Rows": 13,
                                "Plan Width": 18,
                                "Actual Startup Time": 9.151,
                                "Actual Total Time": 9.155,
                                "Actual Rows": 13,
                                "Actual Loops": 3,
                                "Filter": "((cc_class)::text = 'medium'::text)",
                                "Rows Removed by Filter": 11,
                                "Workers": []
                              }
                            ]
                          }
                        ]
                      }
                    ]
                  }
                ]
              }
            ]
          }
        ]
      }
    ]
  },
  "actual_rows": 11,
  "provenance": {
    "database": "postgres://jakc9:jakc9@127.0.0.1:5434/dsb_sf10",
    "scale_factor": 10,
    "engine": "postgresql",
    "engine_version": "14.3",
    "cached_at": "2026-02-09T21:26:58.091404"
  }
}