{
  "execution_time_ms": 1669.901,
  "plan_text": "Sort  (rows=0, time=1669.795)\n  Aggregate  (rows=0, time=1669.784)\n    Sort  (rows=0, time=1669.783)\n      Gather  (rows=0, time=1669.768)\n        Nested Loop  (rows=0, time=1655.95)\n          Nested Loop  (rows=3, time=1654.732)\n            Nested Loop  (rows=40, time=1646.024)\n              Nested Loop  (rows=300, time=1642.518)\n                Hash Join  (rows=304, time=1615.198)\n                  Hash Join  (rows=312, time=1614.724)\n                    Seq Scan on catalog_returns  (rows=719420, time=1579.718)\n                    Hash  (rows=28, time=1.126)\n                      Index Only Scan on date_dim  (rows=28, time=1.12)\n                  Hash  (rows=24, time=0.313)\n                    Seq Scan on call_center  (rows=24, time=0.304)\n                Index Scan on customer  (rows=1, time=0.089)\n              Index Scan on household_demographics  (rows=0, time=0.011)\n            Index Scan on customer_address  (rows=0, time=0.215)\n          Index Scan on customer_demographics  (rows=0, time=0.404)",
  "plan_json": {
    "Node Type": "Sort",
    "Parallel Aware": false,
    "Async Capable": false,
    "Startup Cost": 55679.27,
    "Total Cost": 55679.27,
    "Plan Rows": 1,
    "Plan Width": 99,
    "Actual Startup Time": 1667.44,
    "Actual Total Time": 1669.795,
    "Actual Rows": 0,
    "Actual Loops": 1,
    "Sort Key": [
      "(sum(catalog_returns.cr_net_loss)) DESC"
    ],
    "Sort Method": "quicksort",
    "Sort Space Used": 25,
    "Sort Space Type": "Memory",
    "Plans": [
      {
        "Node Type": "Aggregate",
        "Strategy": "Sorted",
        "Partial Mode": "Simple",
        "Parent Relationship": "Outer",
        "Parallel Aware": false,
        "Async Capable": false,
        "Startup Cost": 55679.22,
        "Total Cost": 55679.26,
        "Plan Rows": 1,
        "Plan Width": 99,
        "Actual Startup Time": 1667.429,
        "Actual Total Time": 1669.784,
        "Actual Rows": 0,
        "Actual Loops": 1,
        "Group Key": [
          "call_center.cc_call_center_id",
          "call_center.cc_name",
          "call_center.cc_manager",
          "customer_demographics.cd_marital_status",
          "customer_demographics.cd_education_status"
        ],
        "Plans": [
          {
            "Node Type": "Sort",
            "Parent Relationship": "Outer",
            "Parallel Aware": false,
            "Async Capable": false,
            "Startup Cost": 55679.22,
            "Total Cost": 55679.23,
            "Plan Rows": 1,
            "Plan Width": 73,
            "Actual Startup Time": 1667.428,
            "Actual Total Time": 1669.783,
            "Actual Rows": 0,
            "Actual Loops": 1,
            "Sort Key": [
              "call_center.cc_call_center_id",
              "call_center.cc_name",
              "call_center.cc_manager",
              "customer_demographics.cd_marital_status",
              "customer_demographics.cd_education_status"
            ],
            "Sort Method": "quicksort",
            "Sort Space Used": 25,
            "Sort Space Type": "Memory",
            "Plans": [
              {
                "Node Type": "Gather",
                "Parent Relationship": "Outer",
                "Parallel Aware": false,
                "Async Capable": false,
                "Startup Cost": 1013.42,
                "Total Cost": 55679.21,
                "Plan Rows": 1,
                "Plan Width": 73,
                "Actual Startup Time": 1667.414,
                "Actual Total Time": 1669.768,
                "Actual Rows": 0,
                "Actual Loops": 1,
                "Workers Planned": 2,
                "Workers Launched": 2,
                "Single Copy": false,
                "Plans": [
                  {
                    "Node Type": "Nested Loop",
                    "Parent Relationship": "Outer",
                    "Parallel Aware": false,
                    "Async Capable": false,
                    "Join Type": "Inner",
                    "Startup Cost": 13.42,
                    "Total Cost": 54679.11,
                    "Plan Rows": 1,
                    "Plan Width": 73,
                    "Actual Startup Time": 1655.944,
                    "Actual Total Time": 1655.95,
                    "Actual Rows": 0,
                    "Actual Loops": 3,
                    "Inner Unique": true,
                    "Workers": [],
                    "Plans": [
                      {
                        "Node Type": "Nested Loop",
                        "Parent Relationship": "Outer",
                        "Parallel Aware": false,
                        "Async Capable": false,
                        "Join Type": "Inner",
                        "Startup Cost": 12.99,
                        "Total Cost": 54675.08,
                        "Plan Rows": 6,
                        "Plan Width": 54,
                        "Actual Startup Time": 37.985,
                        "Actual Total Time": 1654.732,
                        "Actual Rows": 3,
                        "Actual Loops": 3,
                        "Inner Unique": true,
                        "Workers": [],
                        "Plans": [
                          {
                            "Node Type": "Nested Loop",
                            "Parent Relationship": "Outer",
                            "Parallel Aware": false,
                            "Async Capable": false,
                            "Join Type": "Inner",
                            "Startup Cost": 12.57,
                            "Total Cost": 54649.17,
                            "Plan Rows": 53,
                            "Plan Width": 58,
                            "Actual Startup Time": 3.425,
                            "Actual Total Time": 1646.024,
                            "Actual Rows": 40,
                            "Actual Loops": 3,
                            "Inner Unique": true,
                            "Workers": [],
                            "Plans": [
                              {
                                "Node Type": "Nested Loop",
                                "Parent Relationship": "Outer",
                                "Parallel Aware": false,
                                "Async Capable": false,
                                "Join Type": "Inner",
                                "Startup Cost": 12.29,
                                "Total Cost": 54548.84,
                                "Plan Rows": 331,
                                "Plan Width": 62,
                                "Actual Startup Time": 2.578,
                                "Actual Total Time": 1642.518,
                                "Actual Rows": 300,
                                "Actual Loops": 3,
                                "Inner Unique": true,
                                "Workers": [],
                                "Plans": [
                                  {
                                    "Node Type": "Hash Join",
                                    "Parent Relationship": "Outer",
                                    "Parallel Aware": false,
                                    "Async Capable": false,
                                    "Join Type": "Inner",
                                    "Startup Cost": 11.87,
                                    "Total Cost": 54390.57,
                                    "Plan Rows": 338,
                                    "Plan Width": 54,
                                    "Actual Startup Time": 1.94,
                                    "Actual Total Time": 1615.198,
                                    "Actual Rows": 304,
                                    "Actual Loops": 3,
                                    "Inner Unique": true,
                                    "Hash Cond": "(catalog_returns.cr_call_center_sk = call_center.cc_call_center_sk)",
                                    "Workers": [],
                                    "Plans": [
                                      {
                                        "Node Type": "Hash Join",
                                        "Parent Relationship": "Outer",
                                        "Parallel Aware": false,
                                        "Async Capable": false,
                                        "Join Type": "Inner",
                                        "Startup Cost": 9.33,
                                        "Total Cost": 54386.97,
                                        "Plan Rows": 345,
                                        "Plan Width": 14,
                                        "Actual Startup Time": 1.592,
                                        "Actual Total Time": 1614.724,
                                        "Actual Rows": 312,
                                        "Actual Loops": 3,
                                        "Inner Unique": true,
                                        "Hash Cond": "(catalog_returns.cr_returned_date_sk = date_dim.d_date_sk)",
                                        "Workers": [],
                                        "Plans": [
                                          {
                                            "Node Type": "Seq Scan",
                                            "Parent Relationship": "Outer",
                                            "Parallel Aware": true,
                                            "Async Capable": false,
                                            "Relation Name": "catalog_returns",
                                            "Alias": "catalog_returns",
                                            "Startup Cost": 0.0,
                                            "Total Cost": 52016.88,
                                            "Plan Rows": 899288,
                                            "Plan Width": 18,
                                            "Actual Startup Time": 0.448,
                                            "Actual Total Time": 1579.718,
                                            "Actual Rows": 719420,
                                            "Actual Loops": 3,
                                            "Workers": []
                                          },
                                          {
                                            "Node Type": "Hash",
                                            "Parent Relationship": "Inner",
                                            "Parallel Aware": false,
                                            "Async Capable": false,
                                            "Startup Cost": 8.98,
                                            "Total Cost": 8.98,
                                            "Plan Rows": 28,
                                            "Plan Width": 4,
                                            "Actual Startup Time": 1.125,
                                            "Actual Total Time": 1.126,
                                            "Actual Rows": 28,
                                            "Actual Loops": 3,
                                            "Hash Buckets": 1024,
                                            "Original Hash Buckets": 1024,
                                            "Hash Batches": 1,
                                            "Original Hash Batches": 1,
                                            "Peak Memory Usage": 9,
                                            "Workers": [],
                                            "Plans": [
                                              {
                                                "Node Type": "Index Only Scan",
                                                "Parent Relationship": "Outer",
                                                "Parallel Aware": false,
                                                "Async Capable": false,
                                                "Scan Direction": "Forward",
                                                "Index Name": "_dta_index_date_dim_6_661577395__k9_k7_k1",
                                                "Relation Name": "date_dim",
                                                "Alias": "date_dim",
                                                "Startup Cost": 0.42,
                                                "Total Cost": 8.98,
                                                "Plan Rows": 28,
                                                "Plan Width": 4,
                                                "Actual Startup Time": 1.118,
                                                "Actual Total Time": 1.12,
                                                "Actual Rows": 28,
                                                "Actual Loops": 3,
                                                "Index Cond": "((d_moy = 2) AND (d_year = 1998))",
                                                "Rows Removed by Index Recheck": 0,
                                                "Heap Fetches": 0,
                                                "Workers": []
                                              }
                                            ]
                                          }
                                        ]
                                      },
                                      {
                                        "Node Type": "Hash",
                                        "Parent Relationship": "Inner",
                                        "Parallel Aware": false,
                                        "Async Capable": false,
                                        "Startup Cost": 2.24,
                                        "Total Cost": 2.24,
                                        "Plan Rows": 24,
                                        "Plan Width": 48,
                                        "Actual Startup Time": 0.312,
                                        "Actual Total Time": 0.313,
                                        "Actual Rows": 24,
                                        "Actual Loops": 3,
                                        "Hash Buckets": 1024,
                                        "Original Hash Buckets": 1024,
                                        "Hash Batches": 1,
                                        "Original Hash Batches": 1,
                                        "Peak Memory Usage": 10,
                                        "Workers": [],
                                        "Plans": [
                                          {
                                            "Node Type": "Seq Scan",
                                            "Parent Relationship": "Outer",
                                            "Parallel Aware": false,
                                            "Async Capable": false,
                                            "Relation Name": "call_center",
                                            "Alias": "call_center",
                                            "Startup Cost": 0.0,
                                            "Total Cost": 2.24,
                                            "Plan Rows": 24,
                                            "Plan Width": 48,
                                            "Actual Startup Time": 0.302,
                                            "Actual Total Time": 0.304,
                                            "Actual Rows": 24,
                                            "Actual Loops": 3,
                                            "Workers": []
                                          }
                                        ]
                                      }
                                    ]
                                  },
                                  {
                                    "Node Type": "Index Scan",
                                    "Parent Relationship": "Inner",
                                    "Parallel Aware": false,
                                    "Async Capable": false,
                                    "Scan Direction": "Forward",
                                    "Index Name": "_dta_index_customer_6_949578421__k1_k5",
                                    "Relation Name": "customer",
                                    "Alias": "customer",
                                    "Startup Cost": 0.42,
                                    "Total Cost": 0.47,
                                    "Plan Rows": 1,
                                    "Plan Width": 16,
                                    "Actual Startup Time": 0.089,
                                    "Actual Total Time": 0.089,
                                    "Actual Rows": 1,
                                    "Actual Loops": 912,
                                    "Index Cond": "(c_customer_sk = catalog_returns.cr_returning_customer_sk)",
                                    "Rows Removed by Index Recheck": 0,
                                    "Workers": []
                                  }
                                ]
                              },
                              {
                                "Node Type": "Index Scan",
                                "Parent Relationship": "Inner",
                                "Parallel Aware": false,
                                "Async Capable": false,
                                "Scan Direction": "Forward",
                                "Index Name": "household_demographics_pkey",
                                "Relation Name": "household_demographics",
                                "Alias": "household_demographics",
                                "Startup Cost": 0.28,
                                "Total Cost": 0.3,
                                "Plan Rows": 1,
                                "Plan Width": 4,
                                "Actual Startup Time": 0.011,
                                "Actual Total Time": 0.011,
                                "Actual Rows": 0,
                                "Actual Loops": 900,
                                "Index Cond": "(hd_demo_sk = customer.c_current_hdemo_sk)",
                                "Rows Removed by Index Recheck": 0,
                                "Filter": "(hd_buy_potential ~~ '1001-5000%'::text)",
                                "Rows Removed by Filter": 1,
                                "Workers": []
                              }
                            ]
                          },
                          {
                            "Node Type": "Index Scan",
                            "Parent Relationship": "Inner",
                            "Parallel Aware": false,
                            "Async Capable": false,
                            "Scan Direction": "Forward",
                            "Index Name": "customer_address_pkey",
                            "Relation Name": "customer_address",
                            "Alias": "customer_address",
                            "Startup Cost": 0.42,
                            "Total Cost": 0.49,
                            "Plan Rows": 1,
                            "Plan Width": 4,
                            "Actual Startup Time": 0.215,
                            "Actual Total Time": 0.215,
                            "Actual Rows": 0,
                            "Actual Loops": 121,
                            "Index Cond": "(ca_address_sk = customer.c_current_addr_sk)",
                            "Rows Removed by Index Recheck": 0,
                            "Filter": "(ca_gmt_offset = '-7'::numeric)",
                            "Rows Removed by Filter": 1,
                            "Workers": []
                          }
                        ]
                      },
                      {
                        "Node Type": "Index Scan",
                        "Parent Relationship": "Inner",
                        "Parallel Aware": false,
                        "Async Capable": false,
                        "Scan Direction": "Forward",
                        "Index Name": "customer_demographics_pkey",
                        "Relation Name": "customer_demographics",
                        "Alias": "customer_demographics",
                        "Startup Cost": 0.43,
                        "Total Cost": 0.67,
                        "Plan Rows": 1,
                        "Plan Width": 27,
                        "Actual Startup Time": 0.404,
                        "Actual Total Time": 0.404,
                        "Actual Rows": 0,
                        "Actual Loops": 9,
                        "Index Cond": "(cd_demo_sk = customer.c_current_cdemo_sk)",
                        "Rows Removed by Index Recheck": 0,
                        "Filter": "(((cd_marital_status = 'M'::bpchar) AND (cd_education_status = 'Unknown'::bpchar)) OR ((cd_marital_status = 'W'::bpchar) AND (cd_education_status = 'Advanced Degree'::bpchar)))",
                        "Rows Removed by Filter": 1,
                        "Workers": []
                      }
                    ]
                  }
                ]
              }
            ]
          }
        ]
      }
    ]
  },
  "actual_rows": 0,
  "provenance": {
    "database": "postgres://jakc9:jakc9@127.0.0.1:5434/dsb_sf10",
    "scale_factor": 10,
    "engine": "postgresql",
    "engine_version": "14.3",
    "cached_at": "2026-02-09T21:16:54.012093"
  }
}