{
  "execution_time_ms": 58283.658,
  "plan_text": "Limit  (rows=80, time=58268.689)\n  Aggregate  (rows=80, time=58254.547)\n    Nested Loop  (rows=914, time=58251.755)\n      Nested Loop  (rows=986, time=19176.95)\n        Gather Merge  (rows=1011, time=1938.813)\n          Sort  (rows=337, time=1918.082)\n            Nested Loop  (rows=337, time=1917.435)\n              Hash Join  (rows=1447, time=1575.593)\n                Hash Join  (rows=18082, time=696.216)\n                  Seq Scan on customer (c)  (rows=166667, time=477.012)\n                  Hash  (rows=9018, time=194.788)\n                    Seq Scan on customer_address (ca)  (rows=9018, time=192.995)\n                Hash  (rows=164518, time=871.417)\n                  Nested Loop  (rows=164518, time=467.283)\n                    Index Only Scan on date_dim  (rows=31, time=8.371)\n                    Index Only Scan on store_sales  (rows=5365, time=14.639)\n              Index Scan on customer_demographics  (rows=0, time=0.235)\n        Materialize  (rows=90112, time=14.94)\n          Gather  (rows=91174, time=407.463)\n            Nested Loop  (rows=30391, time=226.716)\n              Index Only Scan on date_dim (date_dim_1)  (rows=31, time=8.511)\n              Index Scan on web_sales  (rows=991, time=7.018)\n      Materialize  (rows=207072, time=34.826)\n        Gather  (rows=214907, time=1071.156)\n          Nested Loop  (rows=71636, time=425.63)\n            Index Only Scan on date_dim (date_dim_2)  (rows=31, time=0.372)\n            Index Scan on catalog_sales  (rows=2336, time=13.692)",
  "plan_json": {
    "Node Type": "Limit",
    "Parallel Aware": false,
    "Async Capable": false,
    "Startup Cost": 72814.37,
    "Total Cost": 112319.0,
    "Plan Rows": 100,
    "Plan Width": 64,
    "Actual Startup Time": 4436.071,
    "Actual Total Time": 58268.689,
    "Actual Rows": 80,
    "Actual Loops": 1,
    "Plans": [
      {
        "Node Type": "Aggregate",
        "Strategy": "Sorted",
        "Partial Mode": "Simple",
        "Parent Relationship": "Outer",
        "Parallel Aware": false,
        "Async Capable": false,
        "Startup Cost": 72814.37,
        "Total Cost": 173551.19,
        "Plan Rows": 255,
        "Plan Width": 64,
        "Actual Startup Time": 4422.004,
        "Actual Total Time": 58254.547,
        "Actual Rows": 80,
        "Actual Loops": 1,
        "Group Key": [
          "customer_demographics.cd_gender",
          "customer_demographics.cd_marital_status",
          "customer_demographics.cd_education_status",
          "customer_demographics.cd_purchase_estimate",
          "customer_demographics.cd_credit_rating"
        ],
        "Plans": [
          {
            "Node Type": "Nested Loop",
            "Parent Relationship": "Outer",
            "Parallel Aware": false,
            "Async Capable": false,
            "Join Type": "Anti",
            "Startup Cost": 72814.37,
            "Total Cost": 173544.81,
            "Plan Rows": 255,
            "Plan Width": 40,
            "Actual Startup Time": 3504.401,
            "Actual Total Time": 58251.755,
            "Actual Rows": 914,
            "Actual Loops": 1,
            "Inner Unique": false,
            "Join Filter": "(c.c_customer_sk = catalog_sales.cs_ship_customer_sk)",
            "Rows Removed by Join Filter": 204173037,
            "Plans": [
              {
                "Node Type": "Nested Loop",
                "Parent Relationship": "Outer",
                "Parallel Aware": false,
                "Async Capable": false,
                "Join Type": "Anti",
                "Startup Cost": 71813.64,
                "Total Cost": 105117.22,
                "Plan Rows": 259,
                "Plan Width": 44,
                "Actual Startup Time": 2368.295,
                "Actual Total Time": 19176.95,
                "Actual Rows": 986,
                "Actual Loops": 1,
                "Inner Unique": false,
                "Join Filter": "(c.c_customer_sk = web_sales.ws_bill_customer_sk)",
                "Rows Removed by Join Filter": 91103137,
                "Plans": [
                  {
                    "Node Type": "Gather Merge",
                    "Parent Relationship": "Outer",
                    "Parallel Aware": false,
                    "Async Capable": false,
                    "Startup Cost": 70812.91,
                    "Total Cost": 70843.31,
                    "Plan Rows": 261,
                    "Plan Width": 44,
                    "Actual Startup Time": 1933.801,
                    "Actual Total Time": 1938.813,
                    "Actual Rows": 1011,
                    "Actual Loops": 1,
                    "Workers Planned": 2,
                    "Workers Launched": 2,
                    "Plans": [
                      {
                        "Node Type": "Sort",
                        "Parent Relationship": "Outer",
                        "Parallel Aware": false,
                        "Async Capable": false,
                        "Startup Cost": 69812.89,
                        "Total Cost": 69813.16,
                        "Plan Rows": 109,
                        "Plan Width": 44,
                        "Actual Startup Time": 1917.94,
                        "Actual Total Time": 1918.082,
                        "Actual Rows": 337,
                        "Actual Loops": 3,
                        "Sort Key": [
                          "customer_demographics.cd_gender",
                          "customer_demographics.cd_marital_status",
                          "customer_demographics.cd_education_status",
                          "customer_demographics.cd_purchase_estimate",
                          "customer_demographics.cd_credit_rating"
                        ],
                        "Sort Method": "quicksort",
                        "Sort Space Used": 49,
                        "Sort Space Type": "Memory",
                        "Workers": [
                          {
                            "Worker Number": 0,
                            "Sort Method": "quicksort",
                            "Sort Space Used": 48,
                            "Sort Space Type": "Memory"
                          },
                          {
                            "Worker Number": 1,
                            "Sort Method": "quicksort",
                            "Sort Space Used": 48,
                            "Sort Space Type": "Memory"
                          }
                        ],
                        "Plans": [
                          {
                            "Node Type": "Nested Loop",
                            "Parent Relationship": "Outer",
                            "Parallel Aware": false,
                            "Async Capable": false,
                            "Join Type": "Inner",
                            "Startup Cost": 50066.44,
                            "Total Cost": 69809.2,
                            "Plan Rows": 109,
                            "Plan Width": 44,
                            "Actual Startup Time": 1070.011,
                            "Actual Total Time": 1917.435,
                            "Actual Rows": 337,
                            "Actual Loops": 3,
                            "Inner Unique": true,
                            "Workers": [],
                            "Plans": [
                              {
                                "Node Type": "Hash Join",
                                "Parent Relationship": "Outer",
                                "Parallel Aware": true,
                                "Async Capable": false,
                                "Join Type": "Semi",
                                "Startup Cost": 50066.01,
                                "Total Cost": 66661.38,
                                "Plan Rows": 665,
                                "Plan Width": 8,
                                "Actual Startup Time": 1067.072,
                                "Actual Total Time": 1575.593,
                                "Actual Rows": 1447,
                                "Actual Loops": 3,
                                "Inner Unique": false,
                                "Hash Cond": "(c.c_customer_sk = store_sales.ss_customer_sk)",
                                "Workers": [],
                                "Plans": [
                                  {
                                    "Node Type": "Hash Join",
                                    "Parent Relationship": "Outer",
                                    "Parallel Aware": true,
                                    "Async Capable": false,
                                    "Join Type": "Inner",
                                    "Startup Cost": 6997.95,
                                    "Total Cost": 23508.17,
                                    "Plan Rows": 22667,
                                    "Plan Width": 8,
                                    "Actual Startup Time": 195.269,
                                    "Actual Total Time": 696.216,
                                    "Actual Rows": 18082,
                                    "Actual Loops": 3,
                                    "Inner Unique": true,
                                    "Hash Cond": "(c.c_current_addr_sk = ca.ca_address_sk)",
                                    "Workers": [],
                                    "Plans": [
                                      {
                                        "Node Type": "Seq Scan",
                                        "Parent Relationship": "Outer",
                                        "Parallel Aware": true,
                                        "Async Capable": false,
                                        "Relation Name": "customer",
                                        "Alias": "c",
                                        "Startup Cost": 0.0,
                                        "Total Cost": 15963.33,
                                        "Plan Rows": 208333,
                                        "Plan Width": 12,
                                        "Actual Startup Time": 0.393,
                                        "Actual Total Time": 477.012,
                                        "Actual Rows": 166667,
                                        "Actual Loops": 3,
                                        "Workers": []
                                      },
                                      {
                                        "Node Type": "Hash",
                                        "Parent Relationship": "Inner",
                                        "Parallel Aware": true,
                                        "Async Capable": false,
                                        "Startup Cost": 6856.29,
                                        "Total Cost": 6856.29,
                                        "Plan Rows": 11333,
                                        "Plan Width": 4,
                                        "Actual Startup Time": 194.788,
                                        "Actual Total Time": 194.788,
                                        "Actual Rows": 9018,
                                        "Actual Loops": 3,
                                        "Hash Buckets": 32768,
                                        "Original Hash Buckets": 32768,
                                        "Hash Batches": 1,
                                        "Original Hash Batches": 1,
                                        "Peak Memory Usage": 1344,
                                        "Workers": [],
                                        "Plans": [
                                          {
                                            "Node Type": "Seq Scan",
                                            "Parent Relationship": "Outer",
                                            "Parallel Aware": true,
                                            "Async Capable": false,
                                            "Relation Name": "customer_address",
                                            "Alias": "ca",
                                            "Startup Cost": 0.0,
                                            "Total Cost": 6856.29,
                                            "Plan Rows": 11333,
                                            "Plan Width": 4,
                                            "Actual Startup Time": 2.889,
                                            "Actual Total Time": 192.995,
                                            "Actual Rows": 9018,
                                            "Actual Loops": 3,
                                            "Filter": "(ca_state = ANY ('{GA,KY,SD}'::bpchar[]))",
                                            "Rows Removed by Filter": 74316,
                                            "Workers": []
                                          }
                                        ]
                                      }
                                    ]
                                  },
                                  {
                                    "Node Type": "Hash",
                                    "Parent Relationship": "Inner",
                                    "Parallel Aware": true,
                                    "Async Capable": false,
                                    "Startup Cost": 42988.04,
                                    "Total Cost": 42988.04,
                                    "Plan Rows": 6401,
                                    "Plan Width": 4,
                                    "Actual Startup Time": 871.416,
                                    "Actual Total Time": 871.417,
                                    "Actual Rows": 164518,
                                    "Actual Loops": 3,
                                    "Hash Buckets": 524288,
                                    "Original Hash Buckets": 16384,
                                    "Hash Batches": 1,
                                    "Original Hash Batches": 1,
                                    "Peak Memory Usage": 27168,
                                    "Workers": [],
                                    "Plans": [
                                      {
                                        "Node Type": "Nested Loop",
                                        "Parent Relationship": "Outer",
                                        "Parallel Aware": false,
                                        "Async Capable": false,
                                        "Join Type": "Inner",
                                        "Startup Cost": 0.85,
                                        "Total Cost": 42988.04,
                                        "Plan Rows": 6401,
                                        "Plan Width": 4,
                                        "Actual Startup Time": 11.04,
                                        "Actual Total Time": 467.283,
                                        "Actual Rows": 164518,
                                        "Actual Loops": 3,
                                        "Inner Unique": false,
                                        "Workers": [],
                                        "Plans": [
                                          {
                                            "Node Type": "Index Only Scan",
                                            "Parent Relationship": "Outer",
                                            "Parallel Aware": true,
                                            "Async Capable": false,
                                            "Scan Direction": "Forward",
                                            "Index Name": "_dta_index_date_dim_6_661577395__k1_k7_k9",
                                            "Relation Name": "date_dim",
                                            "Alias": "date_dim",
                                            "Startup Cost": 0.29,
                                            "Total Cost": 2047.53,
                                            "Plan Rows": 38,
                                            "Plan Width": 4,
                                            "Actual Startup Time": 8.356,
                                            "Actual Total Time": 8.371,
                                            "Actual Rows": 31,
                                            "Actual Loops": 3,
                                            "Index Cond": "((d_year = 1999) AND (d_moy >= 3) AND (d_moy <= 5))",
                                            "Rows Removed by Index Recheck": 0,
                                            "Heap Fetches": 0,
                                            "Workers": []
                                          },
                                          {
                                            "Node Type": "Index Only Scan",
                                            "Parent Relationship": "Inner",
                                            "Parallel Aware": false,
                                            "Async Capable": false,
                                            "Scan Direction": "Forward",
                                            "Index Name": "_dta_index_store_sales_6_1333579789__k1_k23_k14_k6_k8_k5_k7_3_4",
                                            "Relation Name": "store_sales",
                                            "Alias": "store_sales",
                                            "Startup Cost": 0.56,
                                            "Total Cost": 1017.07,
                                            "Plan Rows": 6031,
                                            "Plan Width": 8,
                                            "Actual Startup Time": 0.079,
                                            "Actual Total Time": 14.639,
                                            "Actual Rows": 5365,
                                            "Actual Loops": 92,
                                            "Index Cond": "(ss_sold_date_sk = date_dim.d_date_sk)",
                                            "Rows Removed by Index Recheck": 0,
                                            "Filter": "((ss_list_price >= '52'::numeric) AND (ss_list_price <= '141'::numeric))",
                                            "Rows Removed by Filter": 6424,
                                            "Heap Fetches": 0,
                                            "Workers": []
                                          }
                                        ]
                                      }
                                    ]
                                  }
                                ]
                              },
                              {
                                "Node Type": "Index Scan",
                                "Parent Relationship": "Inner",
                                "Parallel Aware": false,
                                "Async Capable": false,
                                "Scan Direction": "Forward",
                                "Index Name": "customer_demographics_pkey",
                                "Relation Name": "customer_demographics",
                                "Alias": "customer_demographics",
                                "Startup Cost": 0.43,
                                "Total Cost": 4.73,
                                "Plan Rows": 1,
                                "Plan Width": 44,
                                "Actual Startup Time": 0.235,
                                "Actual Total Time": 0.235,
                                "Actual Rows": 0,
                                "Actual Loops": 4341,
                                "Index Cond": "(cd_demo_sk = c.c_current_cdemo_sk)",
                                "Rows Removed by Index Recheck": 0,
                                "Filter": "((cd_education_status = ANY ('{Primary,College}'::bpchar[])) AND (cd_marital_status = ANY ('{D,W,U}'::bpchar[])))",
                                "Rows Removed by Filter": 1,
                                "Workers": []
                              }
                            ]
                          }
                        ]
                      }
                    ]
                  },
                  {
                    "Node Type": "Materialize",
                    "Parent Relationship": "Inner",
                    "Parallel Aware": false,
                    "Async Capable": false,
                    "Startup Cost": 1000.73,
                    "Total Cost": 21922.15,
                    "Plan Rows": 3157,
                    "Plan Width": 4,
                    "Actual Startup Time": 0.094,
                    "Actual Total Time": 14.94,
                    "Actual Rows": 90112,
                    "Actual Loops": 1011,
                    "Plans": [
                      {
                        "Node Type": "Gather",
                        "Parent Relationship": "Outer",
                        "Parallel Aware": false,
                        "Async Capable": false,
                        "Startup Cost": 1000.73,
                        "Total Cost": 21906.36,
                        "Plan Rows": 3157,
                        "Plan Width": 4,
                        "Actual Startup Time": 13.999,
                        "Actual Total Time": 407.463,
                        "Actual Rows": 91174,
                        "Actual Loops": 1,
                        "Workers Planned": 2,
                        "Workers Launched": 2,
                        "Single Copy": false,
                        "Plans": [
                          {
                            "Node Type": "Nested Loop",
                            "Parent Relationship": "Outer",
                            "Parallel Aware": false,
                            "Async Capable": false,
                            "Join Type": "Inner",
                            "Startup Cost": 0.72,
                            "Total Cost": 20590.66,
                            "Plan Rows": 1315,
                            "Plan Width": 4,
                            "Actual Startup Time": 10.017,
                            "Actual Total Time": 226.716,
                            "Actual Rows": 30391,
                            "Actual Loops": 3,
                            "Inner Unique": false,
                            "Workers": [],
                            "Plans": [
                              {
                                "Node Type": "Index Only Scan",
                                "Parent Relationship": "Outer",
                                "Parallel Aware": true,
                                "Async Capable": false,
                                "Scan Direction": "Forward",
                                "Index Name": "_dta_index_date_dim_6_661577395__k1_k7_k9",
                                "Relation Name": "date_dim",
                                "Alias": "date_dim_1",
                                "Startup Cost": 0.29,
                                "Total Cost": 2047.53,
                                "Plan Rows": 38,
                                "Plan Width": 4,
                                "Actual Startup Time": 8.494,
                                "Actual Total Time": 8.511,
                                "Actual Rows": 31,
                                "Actual Loops": 3,
                                "Index Cond": "((d_year = 1999) AND (d_moy >= 3) AND (d_moy <= 5))",
                                "Rows Removed by Index Recheck": 0,
                                "Heap Fetches": 0,
                                "Workers": []
                              },
                              {
                                "Node Type": "Index Scan",
                                "Parent Relationship": "Inner",
                                "Parallel Aware": false,
                                "Async Capable": false,
                                "Scan Direction": "Forward",
                                "Index Name": "_dta_index_web_sales_6_1269579561__k1_8_24",
                                "Relation Name": "web_sales",
                                "Alias": "web_sales",
                                "Startup Cost": 0.43,
                                "Total Cost": 476.05,
                                "Plan Rows": 1193,
                                "Plan Width": 8,
                                "Actual Startup Time": 0.023,
                                "Actual Total Time": 7.018,
                                "Actual Rows": 991,
                                "Actual Loops": 92,
                                "Index Cond": "(ws_sold_date_sk = date_dim_1.d_date_sk)",
                                "Rows Removed by Index Recheck": 0,
                                "Filter": "((ws_list_price >= '52'::numeric) AND (ws_list_price <= '141'::numeric))",
                                "Rows Removed by Filter": 1821,
                                "Workers": []
                              }
                            ]
                          }
                        ]
                      }
                    ]
                  }
                ]
              },
              {
                "Node Type": "Materialize",
                "Parent Relationship": "Inner",
                "Parallel Aware": false,
                "Async Capable": false,
                "Startup Cost": 1000.73,
                "Total Cost": 39425.31,
                "Plan Rows": 7470,
                "Plan Width": 4,
                "Actual Startup Time": 0.085,
                "Actual Total Time": 34.826,
                "Actual Rows": 207072,
                "Actual Loops": 986,
                "Plans": [
                  {
                    "Node Type": "Gather",
                    "Parent Relationship": "Outer",
                    "Parallel Aware": false,
                    "Async Capable": false,
                    "Startup Cost": 1000.73,
                    "Total Cost": 39387.96,
                    "Plan Rows": 7470,
                    "Plan Width": 4,
                    "Actual Startup Time": 1.191,
                    "Actual Total Time": 1071.156,
                    "Actual Rows": 214907,
                    "Actual Loops": 1,
                    "Workers Planned": 2,
                    "Workers Launched": 2,
                    "Single Copy": false,
                    "Plans": [
                      {
                        "Node Type": "Nested Loop",
                        "Parent Relationship": "Outer",
                        "Parallel Aware": false,
                        "Async Capable": false,
                        "Join Type": "Inner",
                        "Startup Cost": 0.73,
                        "Total Cost": 37640.96,
                        "Plan Rows": 3112,
                        "Plan Width": 4,
                        "Actual Startup Time": 2.438,
                        "Actual Total Time": 425.63,
                        "Actual Rows": 71636,
                        "Actual Loops": 3,
                        "Inner Unique": false,
                        "Workers": [],
                        "Plans": [
                          {
                            "Node Type": "Index Only Scan",
                            "Parent Relationship": "Outer",
                            "Parallel Aware": true,
                            "Async Capable": false,
                            "Scan Direction": "Forward",
                            "Index Name": "_dta_index_date_dim_6_661577395__k1_k7_k9",
                            "Relation Name": "date_dim",
                            "Alias": "date_dim_2",
                            "Startup Cost": 0.29,
                            "Total Cost": 2047.53,
                            "Plan Rows": 38,
                            "Plan Width": 4,
                            "Actual Startup Time": 0.348,
                            "Actual Total Time": 0.372,
                            "Actual Rows": 31,
                            "Actual Loops": 3,
                            "Index Cond": "((d_year = 1999) AND (d_moy >= 3) AND (d_moy <= 5))",
                            "Rows Removed by Index Recheck": 0,
                            "Heap Fetches": 0,
                            "Workers": []
                          },
                          {
                            "Node Type": "Index Scan",
                            "Parent Relationship": "Inner",
                            "Parallel Aware": false,
                            "Async Capable": false,
                            "Scan Direction": "Forward",
                            "Index Name": "_dta_index_catalog_sales_6_1301579675__k1_4",
                            "Relation Name": "catalog_sales",
                            "Alias": "catalog_sales",
                            "Startup Cost": 0.43,
                            "Total Cost": 908.36,
                            "Plan Rows": 2831,
                            "Plan Width": 8,
                            "Actual Startup Time": 0.056,
                            "Actual Total Time": 13.692,
                            "Actual Rows": 2336,
                            "Actual Loops": 92,
                            "Index Cond": "(cs_sold_date_sk = date_dim_2.d_date_sk)",
                            "Rows Removed by Index Recheck": 0,
                            "Filter": "((cs_list_price >= '52'::numeric) AND (cs_list_price <= '141'::numeric))",
                            "Rows Removed by Filter": 3209,
                            "Workers": []
                          }
                        ]
                      }
                    ]
                  }
                ]
              }
            ]
          }
        ]
      }
    ]
  },
  "actual_rows": 80,
  "provenance": {
    "database": "postgres://jakc9:jakc9@127.0.0.1:5434/dsb_sf10",
    "scale_factor": 10,
    "engine": "postgresql",
    "engine_version": "14.3",
    "cached_at": "2026-02-09T21:06:44.718367"
  }
}