{
  "execution_time_ms": 16125.609,
  "plan_text": "Limit  (rows=1, time=16115.048)\n  Aggregate  (rows=1, time=15737.242)\n    Subquery Scan (hot_cust)  (rows=45, time=15737.228)\n      SetOp  (rows=45, time=15737.22)\n        Append  (rows=21988, time=15732.413)\n          Subquery Scan (*SELECT* 3)  (rows=21773, time=3410.883)\n            Unique  (rows=21773, time=3409.87)\n              Gather Merge  (rows=21773, time=3408.689)\n                Unique  (rows=10886, time=3154.004)\n                  Sort  (rows=13661, time=3153.004)\n                    Nested Loop  (rows=13661, time=3138.199)\n                      Nested Loop  (rows=29521, time=1983.99)\n                        Seq Scan on date_dim  (rows=182, time=126.671)\n                        Index Scan on web_sales  (rows=162, time=10.151)\n                      Index Scan on customer  (rows=0, time=0.039)\n          Result  (rows=215, time=12320.799)\n            SetOp  (rows=215, time=12320.768)\n              Append  (rows=82642, time=12311.106)\n                Subquery Scan (*SELECT* 2)  (rows=20799, time=4406.887)\n                  Unique  (rows=20799, time=4405.905)\n                    Gather Merge  (rows=20799, time=4404.806)\n                      Unique  (rows=10400, time=4368.184)\n                        Sort  (rows=11434, time=4367.367)\n                          Nested Loop  (rows=11434, time=4353.446)\n                            Nested Loop  (rows=24561, time=3138.145)\n                              Seq Scan on date_dim (date_dim_1)  (rows=182, time=116.456)\n                              Index Scan on catalog_sales  (rows=135, time=16.528)\n                            Index Scan on customer (customer_1)  (rows=0, time=0.049)\n                Subquery Scan (*SELECT* 1)  (rows=61843, time=7901.436)\n                  Unique  (rows=61843, time=7898.738)\n                    Gather Merge  (rows=61843, time=7895.486)\n                      Unique  (rows=30922, time=7588.914)\n                        Sort  (rows=34904, time=7586.533)\n                          Nested Loop  (rows=34904, time=7542.535)\n                            Nested Loop  (rows=75280, time=4754.845)\n                              Seq Scan on date_dim (date_dim_2)  (rows=182, time=114.104)\n                              Index Only Scan on store_sales  (rows=412, time=25.366)\n                            Index Scan on customer (customer_2)  (rows=0, time=0.037)",
  "plan_json": {
    "Node Type": "Limit",
    "Parallel Aware": false,
    "Async Capable": false,
    "Startup Cost": 564628.65,
    "Total Cost": 564628.66,
    "Plan Rows": 1,
    "Plan Width": 8,
    "Actual Startup Time": 16110.549,
    "Actual Total Time": 16115.048,
    "Actual Rows": 1,
    "Actual Loops": 1,
    "Plans": [
      {
        "Node Type": "Aggregate",
        "Strategy": "Plain",
        "Partial Mode": "Simple",
        "Parent Relationship": "Outer",
        "Parallel Aware": false,
        "Async Capable": false,
        "Startup Cost": 564628.65,
        "Total Cost": 564628.66,
        "Plan Rows": 1,
        "Plan Width": 8,
        "Actual Startup Time": 15732.745,
        "Actual Total Time": 15737.242,
        "Actual Rows": 1,
        "Actual Loops": 1,
        "Plans": [
          {
            "Node Type": "Subquery Scan",
            "Parent Relationship": "Outer",
            "Parallel Aware": false,
            "Async Capable": false,
            "Alias": "hot_cust",
            "Startup Cost": 111249.5,
            "Total Cost": 564628.38,
            "Plan Rows": 109,
            "Plan Width": 0,
            "Actual Startup Time": 15732.334,
            "Actual Total Time": 15737.228,
            "Actual Rows": 45,
            "Actual Loops": 1,
            "Plans": [
              {
                "Node Type": "SetOp",
                "Strategy": "Hashed",
                "Parent Relationship": "Subquery",
                "Parallel Aware": false,
                "Async Capable": false,
                "Command": "Intersect",
                "Startup Cost": 111249.5,
                "Total Cost": 564627.29,
                "Plan Rows": 109,
                "Plan Width": 216,
                "Actual Startup Time": 15732.329,
                "Actual Total Time": 15737.22,
                "Actual Rows": 45,
                "Actual Loops": 1,
                "Plans": [
                  {
                    "Node Type": "Append",
                    "Parent Relationship": "Outer",
                    "Parallel Aware": false,
                    "Async Capable": false,
                    "Startup Cost": 111249.5,
                    "Total Cost": 564625.58,
                    "Plan Rows": 228,
                    "Plan Width": 216,
                    "Actual Startup Time": 3403.734,
                    "Actual Total Time": 15732.413,
                    "Actual Rows": 21988,
                    "Actual Loops": 1,
                    "Subplans Removed": 0,
                    "Plans": [
                      {
                        "Node Type": "Subquery Scan",
                        "Parent Relationship": "Member",
                        "Parallel Aware": false,
                        "Async Capable": false,
                        "Alias": "*SELECT* 3",
                        "Startup Cost": 111249.5,
                        "Total Cost": 111264.76,
                        "Plan Rows": 109,
                        "Plan Width": 60,
                        "Actual Startup Time": 3403.732,
                        "Actual Total Time": 3410.883,
                        "Actual Rows": 21773,
                        "Actual Loops": 1,
                        "Plans": [
                          {
                            "Node Type": "Unique",
                            "Parent Relationship": "Subquery",
                            "Parallel Aware": false,
                            "Async Capable": false,
                            "Startup Cost": 111249.5,
                            "Total Cost": 111263.67,
                            "Plan Rows": 109,
                            "Plan Width": 56,
                            "Actual Startup Time": 3403.715,
                            "Actual Total Time": 3409.87,
                            "Actual Rows": 21773,
                            "Actual Loops": 1,
                            "Plans": [
                              {
                                "Node Type": "Gather Merge",
                                "Parent Relationship": "Outer",
                                "Parallel Aware": false,
                                "Async Capable": false,
                                "Startup Cost": 111249.5,
                                "Total Cost": 111262.85,
                                "Plan Rows": 109,
                                "Plan Width": 56,
                                "Actual Startup Time": 3403.714,
                                "Actual Total Time": 3408.689,
                                "Actual Rows": 21773,
                                "Actual Loops": 1,
                                "Workers Planned": 1,
                                "Workers Launched": 1,
                                "Plans": [
                                  {
                                    "Node Type": "Unique",
                                    "Parent Relationship": "Outer",
                                    "Parallel Aware": false,
                                    "Async Capable": false,
                                    "Startup Cost": 110249.49,
                                    "Total Cost": 110250.58,
                                    "Plan Rows": 109,
                                    "Plan Width": 56,
                                    "Actual Startup Time": 3152.348,
                                    "Actual Total Time": 3154.004,
                                    "Actual Rows": 10886,
                                    "Actual Loops": 2,
                                    "Workers": [],
                                    "Plans": [
                                      {
                                        "Node Type": "Sort",
                                        "Parent Relationship": "Outer",
                                        "Parallel Aware": false,
                                        "Async Capable": false,
                                        "Startup Cost": 110249.49,
                                        "Total Cost": 110249.76,
                                        "Plan Rows": 109,
                                        "Plan Width": 56,
                                        "Actual Startup Time": 3152.346,
                                        "Actual Total Time": 3153.004,
                                        "Actual Rows": 13661,
                                        "Actual Loops": 2,
                                        "Sort Key": [
                                          "customer.c_last_name",
                                          "customer.c_first_name",
                                          "date_dim.d_date"
                                        ],
                                        "Sort Method": "quicksort",
                                        "Sort Space Used": 1327,
                                        "Sort Space Type": "Memory",
                                        "Workers": [
                                          {
                                            "Worker Number": 0,
                                            "Sort Method": "quicksort",
                                            "Sort Space Used": 1555,
                                            "Sort Space Type": "Memory"
                                          }
                                        ],
                                        "Plans": [
                                          {
                                            "Node Type": "Nested Loop",
                                            "Parent Relationship": "Outer",
                                            "Parallel Aware": false,
                                            "Async Capable": false,
                                            "Join Type": "Inner",
                                            "Startup Cost": 0.85,
                                            "Total Cost": 110245.8,
                                            "Plan Rows": 109,
                                            "Plan Width": 56,
                                            "Actual Startup Time": 94.871,
                                            "Actual Total Time": 3138.199,
                                            "Actual Rows": 13661,
                                            "Actual Loops": 2,
                                            "Inner Unique": true,
                                            "Workers": [],
                                            "Plans": [
                                              {
                                                "Node Type": "Nested Loop",
                                                "Parent Relationship": "Outer",
                                                "Parallel Aware": false,
                                                "Async Capable": false,
                                                "Join Type": "Inner",
                                                "Startup Cost": 0.43,
                                                "Total Cost": 109948.1,
                                                "Plan Rows": 236,
                                                "Plan Width": 8,
                                                "Actual Startup Time": 94.017,
                                                "Actual Total Time": 1983.99,
                                                "Actual Rows": 29521,
                                                "Actual Loops": 2,
                                                "Inner Unique": false,
                                                "Workers": [],
                                                "Plans": [
                                                  {
                                                    "Node Type": "Seq Scan",
                                                    "Parent Relationship": "Outer",
                                                    "Parallel Aware": true,
                                                    "Async Capable": false,
                                                    "Relation Name": "date_dim",
                                                    "Alias": "date_dim",
                                                    "Startup Cost": 0.0,
                                                    "Total Cost": 2068.55,
                                                    "Plan Rows": 231,
                                                    "Plan Width": 8,
                                                    "Actual Startup Time": 92.624,
                                                    "Actual Total Time": 126.671,
                                                    "Actual Rows": 182,
                                                    "Actual Loops": 2,
                                                    "Filter": "((d_month_seq >= 1207) AND (d_month_seq <= 1218))",
                                                    "Rows Removed by Filter": 36342,
                                                    "Workers": []
                                                  },
                                                  {
                                                    "Node Type": "Index Scan",
                                                    "Parent Relationship": "Inner",
                                                    "Parallel Aware": false,
                                                    "Async Capable": false,
                                                    "Scan Direction": "Forward",
                                                    "Index Name": "_dta_index_web_sales_6_1269579561__k1_8_24",
                                                    "Relation Name": "web_sales",
                                                    "Alias": "web_sales",
                                                    "Startup Cost": 0.43,
                                                    "Total Cost": 466.66,
                                                    "Plan Rows": 35,
                                                    "Plan Width": 8,
                                                    "Actual Startup Time": 0.083,
                                                    "Actual Total Time": 10.151,
                                                    "Actual Rows": 162,
                                                    "Actual Loops": 365,
                                                    "Index Cond": "(ws_sold_date_sk = date_dim.d_date_sk)",
                                                    "Rows Removed by Index Recheck": 0,
                                                    "Filter": "((ws_list_price >= '241'::numeric) AND (ws_list_price <= '300'::numeric) AND (ws_wholesale_cost >= '76'::numeric) AND (ws_wholesale_cost <= '96'::numeric))",
                                                    "Rows Removed by Filter": 3776,
                                                    "Workers": []
                                                  }
                                                ]
                                              },
                                              {
                                                "Node Type": "Index Scan",
                                                "Parent Relationship": "Inner",
                                                "Parallel Aware": false,
                                                "Async Capable": false,
                                                "Scan Direction": "Forward",
                                                "Index Name": "_dta_index_customer_6_949578421__k1_k5",
                                                "Relation Name": "customer",
                                                "Alias": "customer",
                                                "Startup Cost": 0.42,
                                                "Total Cost": 1.26,
                                                "Plan Rows": 1,
                                                "Plan Width": 56,
                                                "Actual Startup Time": 0.039,
                                                "Actual Total Time": 0.039,
                                                "Actual Rows": 0,
                                                "Actual Loops": 59042,
                                                "Index Cond": "(c_customer_sk = web_sales.ws_bill_customer_sk)",
                                                "Rows Removed by Index Recheck": 0,
                                                "Filter": "(c_birth_month = ANY ('{2,3,4,10}'::integer[]))",
                                                "Rows Removed by Filter": 1,
                                                "Workers": []
                                              }
                                            ]
                                          }
                                        ]
                                      }
                                    ]
                                  }
                                ]
                              }
                            ]
                          }
                        ]
                      },
                      {
                        "Node Type": "Result",
                        "Parent Relationship": "Member",
                        "Parallel Aware": false,
                        "Async Capable": false,
                        "Startup Cost": 209715.64,
                        "Total Cost": 453359.68,
                        "Plan Rows": 119,
                        "Plan Width": 216,
                        "Actual Startup Time": 12315.953,
                        "Actual Total Time": 12320.799,
                        "Actual Rows": 215,
                        "Actual Loops": 1,
                        "Plans": [
                          {
                            "Node Type": "SetOp",
                            "Strategy": "Hashed",
                            "Parent Relationship": "Outer",
                            "Parallel Aware": false,
                            "Async Capable": false,
                            "Command": "Intersect",
                            "Startup Cost": 209715.64,
                            "Total Cost": 453358.49,
                            "Plan Rows": 119,
                            "Plan Width": 216,
                            "Actual Startup Time": 12315.934,
                            "Actual Total Time": 12320.768,
                            "Actual Rows": 215,
                            "Actual Loops": 1,
                            "Plans": [
                              {
                                "Node Type": "Append",
                                "Parent Relationship": "Outer",
                                "Parallel Aware": false,
                                "Async Capable": false,
                                "Startup Cost": 209715.64,
                                "Total Cost": 453355.61,
                                "Plan Rows": 383,
                                "Plan Width": 216,
                                "Actual Startup Time": 4400.589,
                                "Actual Total Time": 12311.106,
                                "Actual Rows": 82642,
                                "Actual Loops": 1,
                                "Subplans Removed": 0,
                                "Plans": [
                                  {
                                    "Node Type": "Subquery Scan",
                                    "Parent Relationship": "Member",
                                    "Parallel Aware": false,
                                    "Async Capable": false,
                                    "Alias": "*SELECT* 2",
                                    "Startup Cost": 209715.64,
                                    "Total Cost": 209732.3,
                                    "Plan Rows": 119,
                                    "Plan Width": 60,
                                    "Actual Startup Time": 4400.588,
                                    "Actual Total Time": 4406.887,
                                    "Actual Rows": 20799,
                                    "Actual Loops": 1,
                                    "Plans": [
                                      {
                                        "Node Type": "Unique",
                                        "Parent Relationship": "Subquery",
                                        "Parallel Aware": false,
                                        "Async Capable": false,
                                        "Startup Cost": 209715.64,
                                        "Total Cost": 209731.11,
                                        "Plan Rows": 119,
                                        "Plan Width": 56,
                                        "Actual Startup Time": 4400.57,
                                        "Actual Total Time": 4405.905,
                                        "Actual Rows": 20799,
                                        "Actual Loops": 1,
                                        "Plans": [
                                          {
                                            "Node Type": "Gather Merge",
                                            "Parent Relationship": "Outer",
                                            "Parallel Aware": false,
                                            "Async Capable": false,
                                            "Startup Cost": 209715.64,
                                            "Total Cost": 209730.22,
                                            "Plan Rows": 119,
                                            "Plan Width": 56,
                                            "Actual Startup Time": 4400.569,
                                            "Actual Total Time": 4404.806,
                                            "Actual Rows": 20799,
                                            "Actual Loops": 1,
                                            "Workers Planned": 1,
                                            "Workers Launched": 1,
                                            "Plans": [
                                              {
                                                "Node Type": "Unique",
                                                "Parent Relationship": "Outer",
                                                "Parallel Aware": false,
                                                "Async Capable": false,
                                                "Startup Cost": 208715.63,
                                                "Total Cost": 208716.82,
                                                "Plan Rows": 119,
                                                "Plan Width": 56,
                                                "Actual Startup Time": 4366.668,
                                                "Actual Total Time": 4368.184,
                                                "Actual Rows": 10400,
                                                "Actual Loops": 2,
                                                "Workers": [],
                                                "Plans": [
                                                  {
                                                    "Node Type": "Sort",
                                                    "Parent Relationship": "Outer",
                                                    "Parallel Aware": false,
                                                    "Async Capable": false,
                                                    "Startup Cost": 208715.63,
                                                    "Total Cost": 208715.93,
                                                    "Plan Rows": 119,
                                                    "Plan Width": 56,
                                                    "Actual Startup Time": 4366.667,
                                                    "Actual Total Time": 4367.367,
                                                    "Actual Rows": 11434,
                                                    "Actual Loops": 2,
                                                    "Sort Key": [
                                                      "customer_1.c_last_name",
                                                      "customer_1.c_first_name",
                                                      "date_dim_1.d_date"
                                                    ],
                                                    "Sort Method": "quicksort",
                                                    "Sort Space Used": 1276,
                                                    "Sort Space Type": "Memory",
                                                    "Workers": [
                                                      {
                                                        "Worker Number": 0,
                                                        "Sort Method": "quicksort",
                                                        "Sort Space Used": 1262,
                                                        "Sort Space Type": "Memory"
                                                      }
                                                    ],
                                                    "Plans": [
                                                      {
                                                        "Node Type": "Nested Loop",
                                                        "Parent Relationship": "Outer",
                                                        "Parallel Aware": false,
                                                        "Async Capable": false,
                                                        "Join Type": "Inner",
                                                        "Startup Cost": 0.86,
                                                        "Total Cost": 208711.53,
                                                        "Plan Rows": 119,
                                                        "Plan Width": 56,
                                                        "Actual Startup Time": 91.323,
                                                        "Actual Total Time": 4353.446,
                                                        "Actual Rows": 11434,
                                                        "Actual Loops": 2,
                                                        "Inner Unique": true,
                                                        "Workers": [],
                                                        "Plans": [
                                                          {
                                                            "Node Type": "Nested Loop",
                                                            "Parent Relationship": "Outer",
                                                            "Parallel Aware": false,
                                                            "Async Capable": false,
                                                            "Join Type": "Inner",
                                                            "Startup Cost": 0.43,
                                                            "Total Cost": 208404.41,
                                                            "Plan Rows": 259,
                                                            "Plan Width": 8,
                                                            "Actual Startup Time": 90.98,
                                                            "Actual Total Time": 3138.145,
                                                            "Actual Rows": 24561,
                                                            "Actual Loops": 2,
                                                            "Inner Unique": false,
                                                            "Workers": [],
                                                            "Plans": [
                                                              {
                                                                "Node Type": "Seq Scan",
                                                                "Parent Relationship": "Outer",
                                                                "Parallel Aware": true,
                                                                "Async Capable": false,
                                                                "Relation Name": "date_dim",
                                                                "Alias": "date_dim_1",
                                                                "Startup Cost": 0.0,
                                                                "Total Cost": 2068.55,
                                                                "Plan Rows": 231,
                                                                "Plan Width": 8,
                                                                "Actual Startup Time": 89.896,
                                                                "Actual Total Time": 116.456,
                                                                "Actual Rows": 182,
                                                                "Actual Loops": 2,
                                                                "Filter": "((d_month_seq >= 1207) AND (d_month_seq <= 1218))",
                                                                "Rows Removed by Filter": 36342,
                                                                "Workers": []
                                                              },
                                                              {
                                                                "Node Type": "Index Scan",
                                                                "Parent Relationship": "Inner",
                                                                "Parallel Aware": false,
                                                                "Async Capable": false,
                                                                "Scan Direction": "Forward",
                                                                "Index Name": "_dta_index_catalog_sales_6_1301579675__k1_4",
                                                                "Relation Name": "catalog_sales",
                                                                "Alias": "catalog_sales",
                                                                "Startup Cost": 0.43,
                                                                "Total Cost": 892.84,
                                                                "Plan Rows": 39,
                                                                "Plan Width": 8,
                                                                "Actual Startup Time": 0.138,
                                                                "Actual Total Time": 16.528,
                                                                "Actual Rows": 135,
                                                                "Actual Loops": 365,
                                                                "Index Cond": "(cs_sold_date_sk = date_dim_1.d_date_sk)",
                                                                "Rows Removed by Index Recheck": 0,
                                                                "Filter": "((cs_list_price >= '241'::numeric) AND (cs_list_price <= '300'::numeric) AND (cs_wholesale_cost >= '76'::numeric) AND (cs_wholesale_cost <= '96'::numeric))",
                                                                "Rows Removed by Filter": 6429,
                                                                "Workers": []
                                                              }
                                                            ]
                                                          },
                                                          {
                                                            "Node Type": "Index Scan",
                                                            "Parent Relationship": "Inner",
                                                            "Parallel Aware": false,
                                                            "Async Capable": false,
                                                            "Scan Direction": "Forward",
                                                            "Index Name": "_dta_index_customer_6_949578421__k1_k5",
                                                            "Relation Name": "customer",
                                                            "Alias": "customer_1",
                                                            "Startup Cost": 0.42,
                                                            "Total Cost": 1.19,
                                                            "Plan Rows": 1,
                                                            "Plan Width": 56,
                                                            "Actual Startup Time": 0.049,
                                                            "Actual Total Time": 0.049,
                                                            "Actual Rows": 0,
                                                            "Actual Loops": 49122,
                                                            "Index Cond": "(c_customer_sk = catalog_sales.cs_bill_customer_sk)",
                                                            "Rows Removed by Index Recheck": 0,
                                                            "Filter": "(c_birth_month = ANY ('{2,3,4,10}'::integer[]))",
                                                            "Rows Removed by Filter": 1,
                                                            "Workers": []
                                                          }
                                                        ]
                                                      }
                                                    ]
                                                  }
                                                ]
                                              }
                                            ]
                                          }
                                        ]
                                      }
                                    ]
                                  },
                                  {
                                    "Node Type": "Subquery Scan",
                                    "Parent Relationship": "Member",
                                    "Parallel Aware": false,
                                    "Async Capable": false,
                                    "Alias": "*SELECT* 1",
                                    "Startup Cost": 243584.44,
                                    "Total Cost": 243621.4,
                                    "Plan Rows": 264,
                                    "Plan Width": 60,
                                    "Actual Startup Time": 7878.479,
                                    "Actual Total Time": 7901.436,
                                    "Actual Rows": 61843,
                                    "Actual Loops": 1,
                                    "Plans": [
                                      {
                                        "Node Type": "Unique",
                                        "Parent Relationship": "Subquery",
                                        "Parallel Aware": false,
                                        "Async Capable": false,
                                        "Startup Cost": 243584.44,
                                        "Total Cost": 243618.76,
                                        "Plan Rows": 264,
                                        "Plan Width": 56,
                                        "Actual Startup Time": 7878.456,
                                        "Actual Total Time": 7898.738,
                                        "Actual Rows": 61843,
                                        "Actual Loops": 1,
                                        "Plans": [
                                          {
                                            "Node Type": "Gather Merge",
                                            "Parent Relationship": "Outer",
                                            "Parallel Aware": false,
                                            "Async Capable": false,
                                            "Startup Cost": 243584.44,
                                            "Total Cost": 243616.78,
                                            "Plan Rows": 264,
                                            "Plan Width": 56,
                                            "Actual Startup Time": 7878.455,
                                            "Actual Total Time": 7895.486,
                                            "Actual Rows": 61843,
                                            "Actual Loops": 1,
                                            "Workers Planned": 1,
                                            "Workers Launched": 1,
                                            "Plans": [
                                              {
                                                "Node Type": "Unique",
                                                "Parent Relationship": "Outer",
                                                "Parallel Aware": false,
                                                "Async Capable": false,
                                                "Startup Cost": 242584.43,
                                                "Total Cost": 242587.07,
                                                "Plan Rows": 264,
                                                "Plan Width": 56,
                                                "Actual Startup Time": 7584.525,
                                                "Actual Total Time": 7588.914,
                                                "Actual Rows": 30922,
                                                "Actual Loops": 2,
                                                "Workers": [],
                                                "Plans": [
                                                  {
                                                    "Node Type": "Sort",
                                                    "Parent Relationship": "Outer",
                                                    "Parallel Aware": false,
                                                    "Async Capable": false,
                                                    "Startup Cost": 242584.43,
                                                    "Total Cost": 242585.09,
                                                    "Plan Rows": 264,
                                                    "Plan Width": 56,
                                                    "Actual Startup Time": 7584.523,
                                                    "Actual Total Time": 7586.533,
                                                    "Actual Rows": 34904,
                                                    "Actual Loops": 2,
                                                    "Sort Key": [
                                                      "customer_2.c_last_name",
                                                      "customer_2.c_first_name",
                                                      "date_dim_2.d_date"
                                                    ],
                                                    "Sort Method": "quicksort",
                                                    "Sort Space Used": 3541,
                                                    "Sort Space Type": "Memory",
                                                    "Workers": [
                                                      {
                                                        "Worker Number": 0,
                                                        "Sort Method": "quicksort",
                                                        "Sort Space Used": 3765,
                                                        "Sort Space Type": "Memory"
                                                      }
                                                    ],
                                                    "Plans": [
                                                      {
                                                        "Node Type": "Nested Loop",
                                                        "Parent Relationship": "Outer",
                                                        "Parallel Aware": false,
                                                        "Async Capable": false,
                                                        "Join Type": "Inner",
                                                        "Startup Cost": 0.98,
                                                        "Total Cost": 242573.81,
                                                        "Plan Rows": 264,
                                                        "Plan Width": 56,
                                                        "Actual Startup Time": 81.958,
                                                        "Actual Total Time": 7542.535,
                                                        "Actual Rows": 34904,
                                                        "Actual Loops": 2,
                                                        "Inner Unique": true,
                                                        "Workers": [],
                                                        "Plans": [
                                                          {
                                                            "Node Type": "Nested Loop",
                                                            "Parent Relationship": "Outer",
                                                            "Parallel Aware": false,
                                                            "Async Capable": false,
                                                            "Join Type": "Inner",
                                                            "Startup Cost": 0.56,
                                                            "Total Cost": 242081.24,
                                                            "Plan Rows": 595,
                                                            "Plan Width": 8,
                                                            "Actual Startup Time": 81.448,
                                                            "Actual Total Time": 4754.845,
                                                            "Actual Rows": 75280,
                                                            "Actual Loops": 2,
                                                            "Inner Unique": false,
                                                            "Workers": [],
                                                            "Plans": [
                                                              {
                                                                "Node Type": "Seq Scan",
                                                                "Parent Relationship": "Outer",
                                                                "Parallel Aware": true,
                                                                "Async Capable": false,
                                                                "Relation Name": "date_dim",
                                                                "Alias": "date_dim_2",
                                                                "Startup Cost": 0.0,
                                                                "Total Cost": 2068.55,
                                                                "Plan Rows": 231,
                                                                "Plan Width": 8,
                                                                "Actual Startup Time": 80.539,
                                                                "Actual Total Time": 114.104,
                                                                "Actual Rows": 182,
                                                                "Actual Loops": 2,
                                                                "Filter": "((d_month_seq >= 1207) AND (d_month_seq <= 1218))",
                                                                "Rows Removed by Filter": 36342,
                                                                "Workers": []
                                                              },
                                                              {
                                                                "Node Type": "Index Only Scan",
                                                                "Parent Relationship": "Inner",
                                                                "Parallel Aware": false,
                                                                "Async Capable": false,
                                                                "Scan Direction": "Forward",
                                                                "Index Name": "_dta_index_store_sales_6_1333579789__k1_k23_k14_k6_k8_k5_k7_3_4",
                                                                "Relation Name": "store_sales",
                                                                "Alias": "store_sales",
                                                                "Startup Cost": 0.56,
                                                                "Total Cost": 1038.1,
                                                                "Plan Rows": 92,
                                                                "Plan Width": 8,
                                                                "Actual Startup Time": 0.12,
                                                                "Actual Total Time": 25.366,
                                                                "Actual Rows": 412,
                                                                "Actual Loops": 365,
                                                                "Index Cond": "(ss_sold_date_sk = date_dim_2.d_date_sk)",
                                                                "Rows Removed by Index Recheck": 0,
                                                                "Filter": "((ss_list_price >= '241'::numeric) AND (ss_list_price <= '300'::numeric) AND (ss_wholesale_cost >= '76'::numeric) AND (ss_wholesale_cost <= '96'::numeric))",
                                                                "Rows Removed by Filter": 19295,
                                                                "Heap Fetches": 0,
                                                                "Workers": []
                                                              }
                                                            ]
                                                          },
                                                          {
                                                            "Node Type": "Index Scan",
                                                            "Parent Relationship": "Inner",
                                                            "Parallel Aware": false,
                                                            "Async Capable": false,
                                                            "Scan Direction": "Forward",
                                                            "Index Name": "_dta_index_customer_6_949578421__k1_k5",
                                                            "Relation Name": "customer",
                                                            "Alias": "customer_2",
                                                            "Startup Cost": 0.42,
                                                            "Total Cost": 0.83,
                                                            "Plan Rows": 1,
                                                            "Plan Width": 56,
                                                            "Actual Startup Time": 0.037,
                                                            "Actual Total Time": 0.037,
                                                            "Actual Rows": 0,
                                                            "Actual Loops": 150559,
                                                            "Index Cond": "(c_customer_sk = store_sales.ss_customer_sk)",
                                                            "Rows Removed by Index Recheck": 0,
                                                            "Filter": "(c_birth_month = ANY ('{2,3,4,10}'::integer[]))",
                                                            "Rows Removed by Filter": 1,
                                                            "Workers": []
                                                          }
                                                        ]
                                                      }
                                                    ]
                                                  }
                                                ]
                                              }
                                            ]
                                          }
                                        ]
                                      }
                                    ]
                                  }
                                ]
                              }
                            ]
                          }
                        ]
                      }
                    ]
                  }
                ]
              }
            ]
          }
        ]
      }
    ]
  },
  "actual_rows": 1,
  "provenance": {
    "database": "postgres://jakc9:jakc9@127.0.0.1:5434/dsb_sf10",
    "scale_factor": 10,
    "engine": "postgresql",
    "engine_version": "14.3",
    "cached_at": "2026-02-09T21:05:00.392343"
  }
}