{
  "execution_time_ms": 17518.053,
  "plan_text": "Limit  (rows=30, time=17510.923)\n  Aggregate  (rows=30, time=17510.913)\n    Nested Loop  (rows=39154, time=17502.676)\n      Gather Merge  (rows=81513, time=17449.309)\n        Sort  (rows=27171, time=5857.717)\n          Nested Loop  (rows=27171, time=5738.354)\n            Nested Loop  (rows=27822, time=5682.347)\n              Nested Loop  (rows=37529, time=1536.591)\n                Index Scan on date_dim (d2)  (rows=10, time=55.04)\n                Index Only Scan on store_returns  (rows=3632, time=142.567)\n              Index Only Scan on store_sales  (rows=1, time=0.11)\n            Index Scan on store  (rows=1, time=0.001)\n      Index Scan on date_dim (d1)  (rows=1, time=0.0)",
  "plan_json": {
    "Node Type": "Limit",
    "Parallel Aware": false,
    "Async Capable": false,
    "Startup Cost": 11911.36,
    "Total Cost": 11913.0,
    "Plan Rows": 1,
    "Plan Width": 125,
    "Actual Startup Time": 17326.757,
    "Actual Total Time": 17510.923,
    "Actual Rows": 30,
    "Actual Loops": 1,
    "Plans": [
      {
        "Node Type": "Aggregate",
        "Strategy": "Sorted",
        "Partial Mode": "Simple",
        "Parent Relationship": "Outer",
        "Parallel Aware": false,
        "Async Capable": false,
        "Startup Cost": 11911.36,
        "Total Cost": 11913.0,
        "Plan Rows": 1,
        "Plan Width": 125,
        "Actual Startup Time": 17326.756,
        "Actual Total Time": 17510.913,
        "Actual Rows": 30,
        "Actual Loops": 1,
        "Group Key": [
          "store.s_store_name",
          "store.s_company_id",
          "store.s_street_number",
          "store.s_street_name",
          "store.s_street_type",
          "store.s_suite_number",
          "store.s_city",
          "store.s_county",
          "store.s_state",
          "store.s_zip"
        ],
        "Plans": [
          {
            "Node Type": "Nested Loop",
            "Parent Relationship": "Outer",
            "Parallel Aware": false,
            "Async Capable": false,
            "Join Type": "Inner",
            "Startup Cost": 11911.36,
            "Total Cost": 11912.91,
            "Plan Rows": 1,
            "Plan Width": 93,
            "Actual Startup Time": 17324.014,
            "Actual Total Time": 17502.676,
            "Actual Rows": 39154,
            "Actual Loops": 1,
            "Inner Unique": true,
            "Join Filter": "((d1.d_date <= d2.d_date) AND (d1.d_date >= (d2.d_date - '120 days'::interval)))",
            "Rows Removed by Join Filter": 41398,
            "Plans": [
              {
                "Node Type": "Gather Merge",
                "Parent Relationship": "Outer",
                "Parallel Aware": false,
                "Async Capable": false,
                "Startup Cost": 11911.07,
                "Total Cost": 11911.19,
                "Plan Rows": 1,
                "Plan Width": 97,
                "Actual Startup Time": 17323.683,
                "Actual Total Time": 17449.309,
                "Actual Rows": 81513,
                "Actual Loops": 1,
                "Workers Planned": 2,
                "Workers Launched": 2,
                "Plans": [
                  {
                    "Node Type": "Sort",
                    "Parent Relationship": "Outer",
                    "Parallel Aware": false,
                    "Async Capable": false,
                    "Startup Cost": 10911.05,
                    "Total Cost": 10911.05,
                    "Plan Rows": 1,
                    "Plan Width": 97,
                    "Actual Startup Time": 5817.02,
                    "Actual Total Time": 5857.717,
                    "Actual Rows": 27171,
                    "Actual Loops": 3,
                    "Sort Key": [
                      "store.s_store_name",
                      "store.s_company_id",
                      "store.s_street_number",
                      "store.s_street_name",
                      "store.s_street_type",
                      "store.s_suite_number",
                      "store.s_city",
                      "store.s_county",
                      "store.s_state",
                      "store.s_zip"
                    ],
                    "Sort Method": "external merge",
                    "Sort Space Used": 9224,
                    "Sort Space Type": "Disk",
                    "Workers": [
                      {
                        "Worker Number": 0,
                        "Sort Method": "quicksort",
                        "Sort Space Used": 25,
                        "Sort Space Type": "Memory"
                      },
                      {
                        "Worker Number": 1,
                        "Sort Method": "quicksort",
                        "Sort Space Used": 25,
                        "Sort Space Type": "Memory"
                      }
                    ],
                    "Plans": [
                      {
                        "Node Type": "Nested Loop",
                        "Parent Relationship": "Outer",
                        "Parallel Aware": false,
                        "Async Capable": false,
                        "Join Type": "Inner",
                        "Startup Cost": 1.43,
                        "Total Cost": 10911.04,
                        "Plan Rows": 1,
                        "Plan Width": 97,
                        "Actual Startup Time": 55.569,
                        "Actual Total Time": 5738.354,
                        "Actual Rows": 27171,
                        "Actual Loops": 3,
                        "Inner Unique": true,
                        "Workers": [],
                        "Plans": [
                          {
                            "Node Type": "Nested Loop",
                            "Parent Relationship": "Outer",
                            "Parallel Aware": false,
                            "Async Capable": false,
                            "Join Type": "Inner",
                            "Startup Cost": 1.29,
                            "Total Cost": 10910.88,
                            "Plan Rows": 1,
                            "Plan Width": 16,
                            "Actual Startup Time": 55.563,
                            "Actual Total Time": 5682.347,
                            "Actual Rows": 27822,
                            "Actual Loops": 3,
                            "Inner Unique": true,
                            "Workers": [],
                            "Plans": [
                              {
                                "Node Type": "Nested Loop",
                                "Parent Relationship": "Outer",
                                "Parallel Aware": false,
                                "Async Capable": false,
                                "Join Type": "Inner",
                                "Startup Cost": 0.72,
                                "Total Cost": 8557.36,
                                "Plan Rows": 1230,
                                "Plan Width": 20,
                                "Actual Startup Time": 55.397,
                                "Actual Total Time": 1536.591,
                                "Actual Rows": 37529,
                                "Actual Loops": 3,
                                "Inner Unique": false,
                                "Workers": [],
                                "Plans": [
                                  {
                                    "Node Type": "Index Scan",
                                    "Parent Relationship": "Outer",
                                    "Parallel Aware": true,
                                    "Async Capable": false,
                                    "Scan Direction": "Forward",
                                    "Index Name": "date_dim_pkey",
                                    "Relation Name": "date_dim",
                                    "Alias": "d2",
                                    "Startup Cost": 0.29,
                                    "Total Cost": 3057.09,
                                    "Plan Rows": 13,
                                    "Plan Width": 8,
                                    "Actual Startup Time": 54.821,
                                    "Actual Total Time": 55.04,
                                    "Actual Rows": 10,
                                    "Actual Loops": 3,
                                    "Filter": "((d_year = 1999) AND (d_moy = 7))",
                                    "Rows Removed by Filter": 24339,
                                    "Workers": []
                                  },
                                  {
                                    "Node Type": "Index Only Scan",
                                    "Parent Relationship": "Inner",
                                    "Parallel Aware": false,
                                    "Async Capable": false,
                                    "Scan Direction": "Forward",
                                    "Index Name": "_dta_index_store_returns_6_1013578649__k1_3_4_10",
                                    "Relation Name": "store_returns",
                                    "Alias": "store_returns",
                                    "Startup Cost": 0.43,
                                    "Total Cost": 391.81,
                                    "Plan Rows": 3129,
                                    "Plan Width": 16,
                                    "Actual Startup Time": 0.127,
                                    "Actual Total Time": 142.567,
                                    "Actual Rows": 3632,
                                    "Actual Loops": 31,
                                    "Index Cond": "(sr_returned_date_sk = d2.d_date_sk)",
                                    "Rows Removed by Index Recheck": 0,
                                    "Heap Fetches": 112587,
                                    "Workers": []
                                  }
                                ]
                              },
                              {
                                "Node Type": "Index Only Scan",
                                "Parent Relationship": "Inner",
                                "Parallel Aware": false,
                                "Async Capable": false,
                                "Scan Direction": "Forward",
                                "Index Name": "_dta_index_store_sales_6_1333579789__k3_k10_k4_k1_k8",
                                "Relation Name": "store_sales",
                                "Alias": "store_sales",
                                "Startup Cost": 0.56,
                                "Total Cost": 1.91,
                                "Plan Rows": 1,
                                "Plan Width": 20,
                                "Actual Startup Time": 0.11,
                                "Actual Total Time": 0.11,
                                "Actual Rows": 1,
                                "Actual Loops": 112587,
                                "Index Cond": "((ss_item_sk = store_returns.sr_item_sk) AND (ss_ticket_number = store_returns.sr_ticket_number) AND (ss_customer_sk = store_returns.sr_customer_sk))",
                                "Rows Removed by Index Recheck": 0,
                                "Heap Fetches": 0,
                                "Workers": []
                              }
                            ]
                          },
                          {
                            "Node Type": "Index Scan",
                            "Parent Relationship": "Inner",
                            "Parallel Aware": false,
                            "Async Capable": false,
                            "Scan Direction": "Forward",
                            "Index Name": "_dta_index_store_6_885578193__k1_2_6",
                            "Relation Name": "store",
                            "Alias": "store",
                            "Startup Cost": 0.14,
                            "Total Cost": 0.16,
                            "Plan Rows": 1,
                            "Plan Width": 89,
                            "Actual Startup Time": 0.001,
                            "Actual Total Time": 0.001,
                            "Actual Rows": 1,
                            "Actual Loops": 83467,
                            "Index Cond": "(s_store_sk = store_sales.ss_store_sk)",
                            "Rows Removed by Index Recheck": 0,
                            "Workers": []
                          }
                        ]
                      }
                    ]
                  }
                ]
              },
              {
                "Node Type": "Index Scan",
                "Parent Relationship": "Inner",
                "Parallel Aware": false,
                "Async Capable": false,
                "Scan Direction": "Forward",
                "Index Name": "date_dim_pkey",
                "Relation Name": "date_dim",
                "Alias": "d1",
                "Startup Cost": 0.29,
                "Total Cost": 1.7,
                "Plan Rows": 1,
                "Plan Width": 8,
                "Actual Startup Time": 0.0,
                "Actual Total Time": 0.0,
                "Actual Rows": 1,
                "Actual Loops": 81513,
                "Index Cond": "(d_date_sk = store_sales.ss_sold_date_sk)",
                "Rows Removed by Index Recheck": 0
              }
            ]
          }
        ]
      }
    ]
  },
  "actual_rows": 30,
  "provenance": {
    "database": "postgres://jakc9:jakc9@127.0.0.1:5434/dsb_sf10",
    "scale_factor": 10,
    "engine": "postgresql",
    "engine_version": "14.3",
    "cached_at": "2026-02-09T21:05:22.911541"
  }
}