{
  "execution_time_ms": 28786.22,
  "plan_text": "Limit  (rows=100, time=28757.935)\n  Aggregate  (rows=9175, time=27996.931)\n    Gather Merge  (rows=3952325, time=27525.968)\n      Sort  (rows=1317442, time=26618.265)\n        Nested Loop  (rows=1317442, time=23411.326)\n          Seq Scan on store_sales  (rows=1333491, time=23035.219)\n          Memoize  (rows=1, time=0.0)\n            Index Scan on date_dim  (rows=1, time=0.008)\n  Sort  (rows=100, time=28361.474)\n    Nested Loop  (rows=20320, time=28358.15)\n      Hash Join  (rows=629528, time=28042.634)\n        CTE Scan (wss)  (rows=9175, time=26157.399)\n        Hash  (rows=20320, time=1849.178)\n          Hash Join  (rows=20320, time=1846.626)\n            Hash Join  (rows=2928, time=1845.734)\n              Hash Join  (rows=2368, time=1845.235)\n                CTE Scan (wss_1)  (rows=9175, time=1843.347)\n                Hash  (rows=26, time=0.038)\n                  Seq Scan on store (store_1)  (rows=26, time=0.033)\n              Hash  (rows=366, time=0.049)\n                Index Scan on date_dim (d_1)  (rows=366, time=0.032)\n            Hash  (rows=365, time=0.073)\n              Index Scan on date_dim (d)  (rows=365, time=0.055)\n      Index Scan on store  (rows=0, time=0.0)",
  "plan_json": {
    "Node Type": "Limit",
    "Parallel Aware": false,
    "Async Capable": false,
    "Startup Cost": 793039.15,
    "Total Cost": 793039.16,
    "Plan Rows": 1,
    "Plan Width": 249,
    "Actual Startup Time": 28757.832,
    "Actual Total Time": 28757.935,
    "Actual Rows": 100,
    "Actual Loops": 1,
    "Plans": [
      {
        "Node Type": "Aggregate",
        "Strategy": "Sorted",
        "Partial Mode": "Simple",
        "Parent Relationship": "InitPlan",
        "Subplan Name": "CTE wss",
        "Parallel Aware": false,
        "Async Capable": false,
        "Startup Cost": 760918.18,
        "Total Cost": 786276.12,
        "Plan Rows": 137840,
        "Plan Width": 232,
        "Actual Startup Time": 26156.895,
        "Actual Total Time": 27996.931,
        "Actual Rows": 9175,
        "Actual Loops": 1,
        "Group Key": [
          "date_dim.d_week_seq",
          "store_sales.ss_store_sk"
        ],
        "Plans": [
          {
            "Node Type": "Gather Merge",
            "Parent Relationship": "Outer",
            "Parallel Aware": false,
            "Async Capable": false,
            "Startup Cost": 760918.18,
            "Total Cost": 776971.92,
            "Plan Rows": 137840,
            "Plan Width": 24,
            "Actual Startup Time": 26156.749,
            "Actual Total Time": 27525.968,
            "Actual Rows": 3952325,
            "Actual Loops": 1,
            "Workers Planned": 2,
            "Workers Launched": 2,
            "Plans": [
              {
                "Node Type": "Sort",
                "Parent Relationship": "Outer",
                "Parallel Aware": false,
                "Async Capable": false,
                "Startup Cost": 759918.16,
                "Total Cost": 760061.74,
                "Plan Rows": 57433,
                "Plan Width": 24,
                "Actual Startup Time": 26132.795,
                "Actual Total Time": 26618.265,
                "Actual Rows": 1317442,
                "Actual Loops": 3,
                "Sort Key": [
                  "date_dim.d_week_seq",
                  "store_sales.ss_store_sk"
                ],
                "Sort Method": "external merge",
                "Sort Space Used": 45232,
                "Sort Space Type": "Disk",
                "Workers": [
                  {
                    "Worker Number": 0,
                    "Sort Method": "external merge",
                    "Sort Space Used": 44920,
                    "Sort Space Type": "Disk"
                  },
                  {
                    "Worker Number": 1,
                    "Sort Method": "external merge",
                    "Sort Space Used": 44920,
                    "Sort Space Type": "Disk"
                  }
                ],
                "Plans": [
                  {
                    "Node Type": "Nested Loop",
                    "Parent Relationship": "Outer",
                    "Parallel Aware": false,
                    "Async Capable": false,
                    "Join Type": "Inner",
                    "Startup Cost": 0.3,
                    "Total Cost": 755378.2,
                    "Plan Rows": 57433,
                    "Plan Width": 24,
                    "Actual Startup Time": 70.621,
                    "Actual Total Time": 23411.326,
                    "Actual Rows": 1317442,
                    "Actual Loops": 3,
                    "Inner Unique": true,
                    "Workers": [],
                    "Plans": [
                      {
                        "Node Type": "Seq Scan",
                        "Parent Relationship": "Outer",
                        "Parallel Aware": true,
                        "Async Capable": false,
                        "Relation Name": "store_sales",
                        "Alias": "store_sales",
                        "Startup Cost": 0.0,
                        "Total Cost": 753151.23,
                        "Plan Rows": 60014,
                        "Plan Width": 14,
                        "Actual Startup Time": 70.574,
                        "Actual Total Time": 23035.219,
                        "Actual Rows": 1333491,
                        "Actual Loops": 3,
                        "Filter": "(((ss_sales_price / ss_list_price) >= 0.65) AND ((ss_sales_price / ss_list_price) <= 0.85))",
                        "Rows Removed by Filter": 8266839,
                        "Workers": []
                      },
                      {
                        "Node Type": "Memoize",
                        "Parent Relationship": "Inner",
                        "Parallel Aware": false,
                        "Async Capable": false,
                        "Startup Cost": 0.3,
                        "Total Cost": 0.37,
                        "Plan Rows": 1,
                        "Plan Width": 18,
                        "Actual Startup Time": 0.0,
                        "Actual Total Time": 0.0,
                        "Actual Rows": 1,
                        "Actual Loops": 4000474,
                        "Cache Key": "store_sales.ss_sold_date_sk",
                        "Cache Mode": "logical",
                        "Cache Hits": 1338400,
                        "Cache Misses": 1379,
                        "Cache Evictions": 0,
                        "Cache Overflows": 0,
                        "Peak Memory Usage": 162,
                        "Workers": [
                          {
                            "Worker Number": 0,
                            "Cache Hits": 1329035,
                            "Cache Misses": 1349,
                            "Cache Evictions": 0,
                            "Cache Overflows": 0,
                            "Peak Memory Usage": 159
                          },
                          {
                            "Worker Number": 1,
                            "Cache Hits": 1328964,
                            "Cache Misses": 1347,
                            "Cache Evictions": 0,
                            "Cache Overflows": 0,
                            "Peak Memory Usage": 158
                          }
                        ],
                        "Plans": [
                          {
                            "Node Type": "Index Scan",
                            "Parent Relationship": "Outer",
                            "Parallel Aware": false,
                            "Async Capable": false,
                            "Scan Direction": "Forward",
                            "Index Name": "date_dim_pkey",
                            "Relation Name": "date_dim",
                            "Alias": "date_dim",
                            "Startup Cost": 0.29,
                            "Total Cost": 0.36,
                            "Plan Rows": 1,
                            "Plan Width": 18,
                            "Actual Startup Time": 0.008,
                            "Actual Total Time": 0.008,
                            "Actual Rows": 1,
                            "Actual Loops": 4075,
                            "Index Cond": "(d_date_sk = store_sales.ss_sold_date_sk)",
                            "Rows Removed by Index Recheck": 0,
                            "Workers": []
                          }
                        ]
                      }
                    ]
                  }
                ]
              }
            ]
          }
        ]
      },
      {
        "Node Type": "Sort",
        "Parent Relationship": "Outer",
        "Parallel Aware": false,
        "Async Capable": false,
        "Startup Cost": 6763.03,
        "Total Cost": 6763.04,
        "Plan Rows": 1,
        "Plan Width": 249,
        "Actual Startup Time": 28361.464,
        "Actual Total Time": 28361.474,
        "Actual Rows": 100,
        "Actual Loops": 1,
        "Sort Key": [
          "store.s_store_name",
          "store.s_store_id",
          "wss.d_week_seq"
        ],
        "Sort Method": "top-N heapsort",
        "Sort Space Used": 76,
        "Sort Space Type": "Memory",
        "Plans": [
          {
            "Node Type": "Nested Loop",
            "Parent Relationship": "Outer",
            "Parallel Aware": false,
            "Async Capable": false,
            "Join Type": "Inner",
            "Startup Cost": 3427.82,
            "Total Cost": 6763.02,
            "Plan Rows": 1,
            "Plan Width": 249,
            "Actual Startup Time": 28006.48,
            "Actual Total Time": 28358.15,
            "Actual Rows": 20320,
            "Actual Loops": 1,
            "Inner Unique": true,
            "Join Filter": "(store.s_store_id = store_1.s_store_id)",
            "Rows Removed by Join Filter": 142240,
            "Plans": [
              {
                "Node Type": "Hash Join",
                "Parent Relationship": "Outer",
                "Parallel Aware": false,
                "Async Capable": false,
                "Join Type": "Inner",
                "Startup Cost": 3427.68,
                "Total Cost": 6704.54,
                "Plan Rows": 320,
                "Plan Width": 473,
                "Actual Startup Time": 28006.172,
                "Actual Total Time": 28042.634,
                "Actual Rows": 629528,
                "Actual Loops": 1,
                "Inner Unique": false,
                "Hash Cond": "(wss.d_week_seq = d.d_week_seq)",
                "Plans": [
                  {
                    "Node Type": "CTE Scan",
                    "Parent Relationship": "Outer",
                    "Parallel Aware": false,
                    "Async Capable": false,
                    "CTE Name": "wss",
                    "Alias": "wss",
                    "Startup Cost": 0.0,
                    "Total Cost": 2756.8,
                    "Plan Rows": 137840,
                    "Plan Width": 232,
                    "Actual Startup Time": 26156.899,
                    "Actual Total Time": 26157.399,
                    "Actual Rows": 9175,
                    "Actual Loops": 1
                  },
                  {
                    "Node Type": "Hash",
                    "Parent Relationship": "Inner",
                    "Parallel Aware": false,
                    "Async Capable": false,
                    "Startup Cost": 3427.38,
                    "Total Cost": 3427.38,
                    "Plan Rows": 24,
                    "Plan Width": 249,
                    "Actual Startup Time": 1849.172,
                    "Actual Total Time": 1849.178,
                    "Actual Rows": 20320,
                    "Actual Loops": 1,
                    "Hash Buckets": 32768,
                    "Original Hash Buckets": 1024,
                    "Hash Batches": 1,
                    "Original Hash Batches": 1,
                    "Peak Memory Usage": 2415,
                    "Plans": [
                      {
                        "Node Type": "Hash Join",
                        "Parent Relationship": "Outer",
                        "Parallel Aware": false,
                        "Async Capable": false,
                        "Join Type": "Inner",
                        "Startup Cost": 70.53,
                        "Total Cost": 3427.38,
                        "Plan Rows": 24,
                        "Plan Width": 249,
                        "Actual Startup Time": 529.667,
                        "Actual Total Time": 1846.626,
                        "Actual Rows": 20320,
                        "Actual Loops": 1,
                        "Inner Unique": false,
                        "Hash Cond": "((wss_1.d_week_seq - 52) = d.d_week_seq)",
                        "Plans": [
                          {
                            "Node Type": "Hash Join",
                            "Parent Relationship": "Outer",
                            "Parallel Aware": false,
                            "Async Capable": false,
                            "Join Type": "Inner",
                            "Startup Cost": 39.44,
                            "Total Cost": 3382.07,
                            "Plan Rows": 699,
                            "Plan Width": 245,
                            "Actual Startup Time": 529.584,
                            "Actual Total Time": 1845.734,
                            "Actual Rows": 2928,
                            "Actual Loops": 1,
                            "Inner Unique": false,
                            "Hash Cond": "(wss_1.d_week_seq = d_1.d_week_seq)",
                            "Plans": [
                              {
                                "Node Type": "Hash Join",
                                "Parent Relationship": "Outer",
                                "Parallel Aware": false,
                                "Async Capable": false,
                                "Join Type": "Inner",
                                "Startup Cost": 7.38,
                                "Total Cost": 3133.67,
                                "Plan Rows": 18608,
                                "Plan Width": 245,
                                "Actual Startup Time": 0.305,
                                "Actual Total Time": 1845.235,
                                "Actual Rows": 2368,
                                "Actual Loops": 1,
                                "Inner Unique": true,
                                "Hash Cond": "(wss_1.ss_store_sk = store_1.s_store_sk)",
                                "Plans": [
                                  {
                                    "Node Type": "CTE Scan",
                                    "Parent Relationship": "Outer",
                                    "Parallel Aware": false,
                                    "Async Capable": false,
                                    "CTE Name": "wss",
                                    "Alias": "wss_1",
                                    "Startup Cost": 0.0,
                                    "Total Cost": 2756.8,
                                    "Plan Rows": 137840,
                                    "Plan Width": 232,
                                    "Actual Startup Time": 0.001,
                                    "Actual Total Time": 1843.347,
                                    "Actual Rows": 9175,
                                    "Actual Loops": 1
                                  },
                                  {
                                    "Node Type": "Hash",
                                    "Parent Relationship": "Inner",
                                    "Parallel Aware": false,
                                    "Async Capable": false,
                                    "Startup Cost": 7.04,
                                    "Total Cost": 7.04,
                                    "Plan Rows": 27,
                                    "Plan Width": 21,
                                    "Actual Startup Time": 0.037,
                                    "Actual Total Time": 0.038,
                                    "Actual Rows": 26,
                                    "Actual Loops": 1,
                                    "Hash Buckets": 1024,
                                    "Original Hash Buckets": 1024,
                                    "Hash Batches": 1,
                                    "Original Hash Batches": 1,
                                    "Peak Memory Usage": 10,
                                    "Plans": [
                                      {
                                        "Node Type": "Seq Scan",
                                        "Parent Relationship": "Outer",
                                        "Parallel Aware": false,
                                        "Async Capable": false,
                                        "Relation Name": "store",
                                        "Alias": "store_1",
                                        "Startup Cost": 0.0,
                                        "Total Cost": 7.04,
                                        "Plan Rows": 27,
                                        "Plan Width": 21,
                                        "Actual Startup Time": 0.015,
                                        "Actual Total Time": 0.033,
                                        "Actual Rows": 26,
                                        "Actual Loops": 1,
                                        "Filter": "(s_state = ANY ('{AR,GA,IN,KS,KY,OH,SD,VA}'::bpchar[]))",
                                        "Rows Removed by Filter": 76
                                      }
                                    ]
                                  }
                                ]
                              },
                              {
                                "Node Type": "Hash",
                                "Parent Relationship": "Inner",
                                "Parallel Aware": false,
                                "Async Capable": false,
                                "Startup Cost": 27.15,
                                "Total Cost": 27.15,
                                "Plan Rows": 393,
                                "Plan Width": 4,
                                "Actual Startup Time": 0.049,
                                "Actual Total Time": 0.049,
                                "Actual Rows": 366,
                                "Actual Loops": 1,
                                "Hash Buckets": 1024,
                                "Original Hash Buckets": 1024,
                                "Hash Batches": 1,
                                "Original Hash Batches": 1,
                                "Peak Memory Usage": 21,
                                "Plans": [
                                  {
                                    "Node Type": "Index Scan",
                                    "Parent Relationship": "Outer",
                                    "Parallel Aware": false,
                                    "Async Capable": false,
                                    "Scan Direction": "Forward",
                                    "Index Name": "_dta_index_date_dim_6_661577395__k4_1",
                                    "Relation Name": "date_dim",
                                    "Alias": "d_1",
                                    "Startup Cost": 0.29,
                                    "Total Cost": 27.15,
                                    "Plan Rows": 393,
                                    "Plan Width": 4,
                                    "Actual Startup Time": 0.005,
                                    "Actual Total Time": 0.032,
                                    "Actual Rows": 366,
                                    "Actual Loops": 1,
                                    "Index Cond": "((d_month_seq >= 1195) AND (d_month_seq <= 1206))",
                                    "Rows Removed by Index Recheck": 0
                                  }
                                ]
                              }
                            ]
                          },
                          {
                            "Node Type": "Hash",
                            "Parent Relationship": "Inner",
                            "Parallel Aware": false,
                            "Async Capable": false,
                            "Startup Cost": 26.55,
                            "Total Cost": 26.55,
                            "Plan Rows": 363,
                            "Plan Width": 4,
                            "Actual Startup Time": 0.072,
                            "Actual Total Time": 0.073,
                            "Actual Rows": 365,
                            "Actual Loops": 1,
                            "Hash Buckets": 1024,
                            "Original Hash Buckets": 1024,
                            "Hash Batches": 1,
                            "Original Hash Batches": 1,
                            "Peak Memory Usage": 21,
                            "Plans": [
                              {
                                "Node Type": "Index Scan",
                                "Parent Relationship": "Outer",
                                "Parallel Aware": false,
                                "Async Capable": false,
                                "Scan Direction": "Forward",
                                "Index Name": "_dta_index_date_dim_6_661577395__k4_1",
                                "Relation Name": "date_dim",
                                "Alias": "d",
                                "Startup Cost": 0.29,
                                "Total Cost": 26.55,
                                "Plan Rows": 363,
                                "Plan Width": 4,
                                "Actual Startup Time": 0.027,
                                "Actual Total Time": 0.055,
                                "Actual Rows": 365,
                                "Actual Loops": 1,
                                "Index Cond": "((d_month_seq >= 1183) AND (d_month_seq <= 1194))",
                                "Rows Removed by Index Recheck": 0
                              }
                            ]
                          }
                        ]
                      }
                    ]
                  }
                ]
              },
              {
                "Node Type": "Index Scan",
                "Parent Relationship": "Inner",
                "Parallel Aware": false,
                "Async Capable": false,
                "Scan Direction": "Forward",
                "Index Name": "_dta_index_store_6_885578193__k1_2_6",
                "Relation Name": "store",
                "Alias": "store",
                "Startup Cost": 0.14,
                "Total Cost": 0.17,
                "Plan Rows": 1,
                "Plan Width": 25,
                "Actual Startup Time": 0.0,
                "Actual Total Time": 0.0,
                "Actual Rows": 0,
                "Actual Loops": 629528,
                "Index Cond": "(s_store_sk = wss.ss_store_sk)",
                "Rows Removed by Index Recheck": 0,
                "Filter": "(s_state = ANY ('{AR,GA,IN,KS,KY,OH,SD,VA}'::bpchar[]))",
                "Rows Removed by Filter": 1
              }
            ]
          }
        ]
      }
    ]
  },
  "actual_rows": 100,
  "provenance": {
    "database": "postgres://jakc9:jakc9@127.0.0.1:5434/dsb_sf10",
    "scale_factor": 10,
    "engine": "postgresql",
    "engine_version": "14.3",
    "cached_at": "2026-02-09T21:05:37.141921"
  }
}