{
  "execution_time_ms": 31819.906,
  "plan_text": "Limit  (rows=100, time=31799.119)\n  Aggregate  (rows=9176, time=31357.981)\n    Gather Merge  (rows=6944132, time=30531.497)\n      Sort  (rows=2314711, time=27100.516)\n        Nested Loop  (rows=2314711, time=20781.586)\n          Seq Scan on store_sales  (rows=2342989, time=20251.452)\n          Memoize  (rows=1, time=0.0)\n            Index Scan on date_dim  (rows=1, time=0.008)\n  Sort  (rows=100, time=31367.194)\n    Hash Join  (rows=10176, time=31365.747)\n      Hash Join  (rows=1184, time=25113.772)\n        CTE Scan (wss)  (rows=9176, time=25112.548)\n        Hash  (rows=10, time=0.826)\n          Seq Scan on store  (rows=10, time=0.816)\n      Hash  (rows=10176, time=6246.72)\n        Hash Join  (rows=10176, time=6244.978)\n          Hash Join  (rows=1464, time=6243.147)\n            Hash Join  (rows=1184, time=6242.317)\n              CTE Scan (wss_1)  (rows=9176, time=6239.604)\n              Hash  (rows=10, time=0.038)\n                Seq Scan on store (store_1)  (rows=10, time=0.034)\n            Hash  (rows=366, time=0.423)\n              Index Scan on date_dim (d_1)  (rows=366, time=0.404)\n          Hash  (rows=365, time=1.339)\n            Index Scan on date_dim (d)  (rows=365, time=1.316)",
  "plan_json": {
    "Node Type": "Limit",
    "Parallel Aware": false,
    "Async Capable": false,
    "Startup Cost": 792785.08,
    "Total Cost": 792785.08,
    "Plan Rows": 1,
    "Plan Width": 249,
    "Actual Startup Time": 31788.478,
    "Actual Total Time": 31799.119,
    "Actual Rows": 100,
    "Actual Loops": 1,
    "Plans": [
      {
        "Node Type": "Aggregate",
        "Strategy": "Sorted",
        "Partial Mode": "Simple",
        "Parent Relationship": "InitPlan",
        "Subplan Name": "CTE wss",
        "Parallel Aware": false,
        "Async Capable": false,
        "Startup Cost": 760918.18,
        "Total Cost": 786276.12,
        "Plan Rows": 137840,
        "Plan Width": 232,
        "Actual Startup Time": 25110.281,
        "Actual Total Time": 31357.981,
        "Actual Rows": 9176,
        "Actual Loops": 1,
        "Group Key": [
          "date_dim.d_week_seq",
          "store_sales.ss_store_sk"
        ],
        "Plans": [
          {
            "Node Type": "Gather Merge",
            "Parent Relationship": "Outer",
            "Parallel Aware": false,
            "Async Capable": false,
            "Startup Cost": 760918.18,
            "Total Cost": 776971.92,
            "Plan Rows": 137840,
            "Plan Width": 24,
            "Actual Startup Time": 25110.066,
            "Actual Total Time": 30531.497,
            "Actual Rows": 6944132,
            "Actual Loops": 1,
            "Workers Planned": 2,
            "Workers Launched": 2,
            "Plans": [
              {
                "Node Type": "Sort",
                "Parent Relationship": "Outer",
                "Parallel Aware": false,
                "Async Capable": false,
                "Startup Cost": 759918.16,
                "Total Cost": 760061.74,
                "Plan Rows": 57433,
                "Plan Width": 24,
                "Actual Startup Time": 25080.732,
                "Actual Total Time": 27100.516,
                "Actual Rows": 2314711,
                "Actual Loops": 3,
                "Sort Key": [
                  "date_dim.d_week_seq",
                  "store_sales.ss_store_sk"
                ],
                "Sort Method": "external merge",
                "Sort Space Used": 79440,
                "Sort Space Type": "Disk",
                "Workers": [
                  {
                    "Worker Number": 0,
                    "Sort Method": "external merge",
                    "Sort Space Used": 78856,
                    "Sort Space Type": "Disk"
                  },
                  {
                    "Worker Number": 1,
                    "Sort Method": "external merge",
                    "Sort Space Used": 78832,
                    "Sort Space Type": "Disk"
                  }
                ],
                "Plans": [
                  {
                    "Node Type": "Nested Loop",
                    "Parent Relationship": "Outer",
                    "Parallel Aware": false,
                    "Async Capable": false,
                    "Join Type": "Inner",
                    "Startup Cost": 0.3,
                    "Total Cost": 755378.2,
                    "Plan Rows": 57433,
                    "Plan Width": 24,
                    "Actual Startup Time": 72.338,
                    "Actual Total Time": 20781.586,
                    "Actual Rows": 2314711,
                    "Actual Loops": 3,
                    "Inner Unique": true,
                    "Workers": [],
                    "Plans": [
                      {
                        "Node Type": "Seq Scan",
                        "Parent Relationship": "Outer",
                        "Parallel Aware": true,
                        "Async Capable": false,
                        "Relation Name": "store_sales",
                        "Alias": "store_sales",
                        "Startup Cost": 0.0,
                        "Total Cost": 753151.23,
                        "Plan Rows": 60014,
                        "Plan Width": 14,
                        "Actual Startup Time": 72.161,
                        "Actual Total Time": 20251.452,
                        "Actual Rows": 2342989,
                        "Actual Loops": 3,
                        "Filter": "(((ss_sales_price / ss_list_price) >= 0.57) AND ((ss_sales_price / ss_list_price) <= 0.77))",
                        "Rows Removed by Filter": 7257341,
                        "Workers": []
                      },
                      {
                        "Node Type": "Memoize",
                        "Parent Relationship": "Inner",
                        "Parallel Aware": false,
                        "Async Capable": false,
                        "Startup Cost": 0.3,
                        "Total Cost": 0.37,
                        "Plan Rows": 1,
                        "Plan Width": 18,
                        "Actual Startup Time": 0.0,
                        "Actual Total Time": 0.0,
                        "Actual Rows": 1,
                        "Actual Loops": 7028968,
                        "Cache Key": "store_sales.ss_sold_date_sk",
                        "Cache Mode": "logical",
                        "Cache Hits": 2353410,
                        "Cache Misses": 1348,
                        "Cache Evictions": 0,
                        "Cache Overflows": 0,
                        "Peak Memory Usage": 158,
                        "Workers": [
                          {
                            "Worker Number": 0,
                            "Cache Hits": 2336003,
                            "Cache Misses": 1364,
                            "Cache Evictions": 0,
                            "Cache Overflows": 0,
                            "Peak Memory Usage": 160
                          },
                          {
                            "Worker Number": 1,
                            "Cache Hits": 2335489,
                            "Cache Misses": 1354,
                            "Cache Evictions": 0,
                            "Cache Overflows": 0,
                            "Peak Memory Usage": 159
                          }
                        ],
                        "Plans": [
                          {
                            "Node Type": "Index Scan",
                            "Parent Relationship": "Outer",
                            "Parallel Aware": false,
                            "Async Capable": false,
                            "Scan Direction": "Forward",
                            "Index Name": "date_dim_pkey",
                            "Relation Name": "date_dim",
                            "Alias": "date_dim",
                            "Startup Cost": 0.29,
                            "Total Cost": 0.36,
                            "Plan Rows": 1,
                            "Plan Width": 18,
                            "Actual Startup Time": 0.008,
                            "Actual Total Time": 0.008,
                            "Actual Rows": 1,
                            "Actual Loops": 4066,
                            "Index Cond": "(d_date_sk = store_sales.ss_sold_date_sk)",
                            "Rows Removed by Index Recheck": 0,
                            "Workers": []
                          }
                        ]
                      }
                    ]
                  }
                ]
              }
            ]
          }
        ]
      },
      {
        "Node Type": "Sort",
        "Parent Relationship": "Outer",
        "Parallel Aware": false,
        "Async Capable": false,
        "Startup Cost": 6508.96,
        "Total Cost": 6508.96,
        "Plan Rows": 1,
        "Plan Width": 249,
        "Actual Startup Time": 31367.184,
        "Actual Total Time": 31367.194,
        "Actual Rows": 100,
        "Actual Loops": 1,
        "Sort Key": [
          "store.s_store_name",
          "store.s_store_id",
          "wss.d_week_seq"
        ],
        "Sort Method": "top-N heapsort",
        "Sort Space Used": 61,
        "Sort Space Type": "Memory",
        "Plans": [
          {
            "Node Type": "Hash Join",
            "Parent Relationship": "Outer",
            "Parallel Aware": false,
            "Async Capable": false,
            "Join Type": "Inner",
            "Startup Cost": 3315.42,
            "Total Cost": 6508.95,
            "Plan Rows": 1,
            "Plan Width": 249,
            "Actual Startup Time": 31360.007,
            "Actual Total Time": 31365.747,
            "Actual Rows": 10176,
            "Actual Loops": 1,
            "Inner Unique": false,
            "Hash Cond": "((wss.d_week_seq = d.d_week_seq) AND (store.s_store_id = store_1.s_store_id))",
            "Plans": [
              {
                "Node Type": "Hash Join",
                "Parent Relationship": "Outer",
                "Parallel Aware": false,
                "Async Capable": false,
                "Join Type": "Inner",
                "Startup Cost": 7.2,
                "Total Cost": 3133.5,
                "Plan Rows": 8960,
                "Plan Width": 249,
                "Actual Startup Time": 25113.099,
                "Actual Total Time": 25113.772,
                "Actual Rows": 1184,
                "Actual Loops": 1,
                "Inner Unique": true,
                "Hash Cond": "(wss.ss_store_sk = store.s_store_sk)",
                "Plans": [
                  {
                    "Node Type": "CTE Scan",
                    "Parent Relationship": "Outer",
                    "Parallel Aware": false,
                    "Async Capable": false,
                    "CTE Name": "wss",
                    "Alias": "wss",
                    "Startup Cost": 0.0,
                    "Total Cost": 2756.8,
                    "Plan Rows": 137840,
                    "Plan Width": 232,
                    "Actual Startup Time": 25110.286,
                    "Actual Total Time": 25112.548,
                    "Actual Rows": 9176,
                    "Actual Loops": 1
                  },
                  {
                    "Node Type": "Hash",
                    "Parent Relationship": "Inner",
                    "Parallel Aware": false,
                    "Async Capable": false,
                    "Startup Cost": 7.04,
                    "Total Cost": 7.04,
                    "Plan Rows": 13,
                    "Plan Width": 25,
                    "Actual Startup Time": 0.825,
                    "Actual Total Time": 0.826,
                    "Actual Rows": 10,
                    "Actual Loops": 1,
                    "Hash Buckets": 1024,
                    "Original Hash Buckets": 1024,
                    "Hash Batches": 1,
                    "Original Hash Batches": 1,
                    "Peak Memory Usage": 9,
                    "Plans": [
                      {
                        "Node Type": "Seq Scan",
                        "Parent Relationship": "Outer",
                        "Parallel Aware": false,
                        "Async Capable": false,
                        "Relation Name": "store",
                        "Alias": "store",
                        "Startup Cost": 0.0,
                        "Total Cost": 7.04,
                        "Plan Rows": 13,
                        "Plan Width": 25,
                        "Actual Startup Time": 0.244,
                        "Actual Total Time": 0.816,
                        "Actual Rows": 10,
                        "Actual Loops": 1,
                        "Filter": "(s_state = ANY ('{AR,CO,IA,IL,NC,NY,PA,TX}'::bpchar[]))",
                        "Rows Removed by Filter": 92
                      }
                    ]
                  }
                ]
              },
              {
                "Node Type": "Hash",
                "Parent Relationship": "Inner",
                "Parallel Aware": false,
                "Async Capable": false,
                "Startup Cost": 3308.04,
                "Total Cost": 3308.04,
                "Plan Rows": 12,
                "Plan Width": 249,
                "Actual Startup Time": 6246.716,
                "Actual Total Time": 6246.72,
                "Actual Rows": 10176,
                "Actual Loops": 1,
                "Hash Buckets": 16384,
                "Original Hash Buckets": 1024,
                "Hash Batches": 1,
                "Original Hash Batches": 1,
                "Peak Memory Usage": 1223,
                "Plans": [
                  {
                    "Node Type": "Hash Join",
                    "Parent Relationship": "Outer",
                    "Parallel Aware": false,
                    "Async Capable": false,
                    "Join Type": "Inner",
                    "Startup Cost": 70.72,
                    "Total Cost": 3308.04,
                    "Plan Rows": 12,
                    "Plan Width": 249,
                    "Actual Startup Time": 2886.661,
                    "Actual Total Time": 6244.978,
                    "Actual Rows": 10176,
                    "Actual Loops": 1,
                    "Inner Unique": false,
                    "Hash Cond": "((wss_1.d_week_seq - 52) = d.d_week_seq)",
                    "Plans": [
                      {
                        "Node Type": "Hash Join",
                        "Parent Relationship": "Outer",
                        "Parallel Aware": false,
                        "Async Capable": false,
                        "Join Type": "Inner",
                        "Startup Cost": 39.27,
                        "Total Cost": 3269.73,
                        "Plan Rows": 337,
                        "Plan Width": 245,
                        "Actual Startup Time": 2885.311,
                        "Actual Total Time": 6243.147,
                        "Actual Rows": 1464,
                        "Actual Loops": 1,
                        "Inner Unique": false,
                        "Hash Cond": "(wss_1.d_week_seq = d_1.d_week_seq)",
                        "Plans": [
                          {
                            "Node Type": "Hash Join",
                            "Parent Relationship": "Outer",
                            "Parallel Aware": false,
                            "Async Capable": false,
                            "Join Type": "Inner",
                            "Startup Cost": 7.2,
                            "Total Cost": 3133.5,
                            "Plan Rows": 8960,
                            "Plan Width": 245,
                            "Actual Startup Time": 0.05,
                            "Actual Total Time": 6242.317,
                            "Actual Rows": 1184,
                            "Actual Loops": 1,
                            "Inner Unique": true,
                            "Hash Cond": "(wss_1.ss_store_sk = store_1.s_store_sk)",
                            "Plans": [
                              {
                                "Node Type": "CTE Scan",
                                "Parent Relationship": "Outer",
                                "Parallel Aware": false,
                                "Async Capable": false,
                                "CTE Name": "wss",
                                "Alias": "wss_1",
                                "Startup Cost": 0.0,
                                "Total Cost": 2756.8,
                                "Plan Rows": 137840,
                                "Plan Width": 232,
                                "Actual Startup Time": 0.001,
                                "Actual Total Time": 6239.604,
                                "Actual Rows": 9176,
                                "Actual Loops": 1
                              },
                              {
                                "Node Type": "Hash",
                                "Parent Relationship": "Inner",
                                "Parallel Aware": false,
                                "Async Capable": false,
                                "Startup Cost": 7.04,
                                "Total Cost": 7.04,
                                "Plan Rows": 13,
                                "Plan Width": 21,
                                "Actual Startup Time": 0.037,
                                "Actual Total Time": 0.038,
                                "Actual Rows": 10,
                                "Actual Loops": 1,
                                "Hash Buckets": 1024,
                                "Original Hash Buckets": 1024,
                                "Hash Batches": 1,
                                "Original Hash Batches": 1,
                                "Peak Memory Usage": 9,
                                "Plans": [
                                  {
                                    "Node Type": "Seq Scan",
                                    "Parent Relationship": "Outer",
                                    "Parallel Aware": false,
                                    "Async Capable": false,
                                    "Relation Name": "store",
                                    "Alias": "store_1",
                                    "Startup Cost": 0.0,
                                    "Total Cost": 7.04,
                                    "Plan Rows": 13,
                                    "Plan Width": 21,
                                    "Actual Startup Time": 0.016,
                                    "Actual Total Time": 0.034,
                                    "Actual Rows": 10,
                                    "Actual Loops": 1,
                                    "Filter": "(s_state = ANY ('{AR,CO,IA,IL,NC,NY,PA,TX}'::bpchar[]))",
                                    "Rows Removed by Filter": 92
                                  }
                                ]
                              }
                            ]
                          },
                          {
                            "Node Type": "Hash",
                            "Parent Relationship": "Inner",
                            "Parallel Aware": false,
                            "Async Capable": false,
                            "Startup Cost": 27.15,
                            "Total Cost": 27.15,
                            "Plan Rows": 393,
                            "Plan Width": 4,
                            "Actual Startup Time": 0.423,
                            "Actual Total Time": 0.423,
                            "Actual Rows": 366,
                            "Actual Loops": 1,
                            "Hash Buckets": 1024,
                            "Original Hash Buckets": 1024,
                            "Hash Batches": 1,
                            "Original Hash Batches": 1,
                            "Peak Memory Usage": 21,
                            "Plans": [
                              {
                                "Node Type": "Index Scan",
                                "Parent Relationship": "Outer",
                                "Parallel Aware": false,
                                "Async Capable": false,
                                "Scan Direction": "Forward",
                                "Index Name": "_dta_index_date_dim_6_661577395__k4_1",
                                "Relation Name": "date_dim",
                                "Alias": "d_1",
                                "Startup Cost": 0.29,
                                "Total Cost": 27.15,
                                "Plan Rows": 393,
                                "Plan Width": 4,
                                "Actual Startup Time": 0.012,
                                "Actual Total Time": 0.404,
                                "Actual Rows": 366,
                                "Actual Loops": 1,
                                "Index Cond": "((d_month_seq >= 1199) AND (d_month_seq <= 1210))",
                                "Rows Removed by Index Recheck": 0
                              }
                            ]
                          }
                        ]
                      },
                      {
                        "Node Type": "Hash",
                        "Parent Relationship": "Inner",
                        "Parallel Aware": false,
                        "Async Capable": false,
                        "Startup Cost": 26.77,
                        "Total Cost": 26.77,
                        "Plan Rows": 374,
                        "Plan Width": 4,
                        "Actual Startup Time": 1.338,
                        "Actual Total Time": 1.339,
                        "Actual Rows": 365,
                        "Actual Loops": 1,
                        "Hash Buckets": 1024,
                        "Original Hash Buckets": 1024,
                        "Hash Batches": 1,
                        "Original Hash Batches": 1,
                        "Peak Memory Usage": 21,
                        "Plans": [
                          {
                            "Node Type": "Index Scan",
                            "Parent Relationship": "Outer",
                            "Parallel Aware": false,
                            "Async Capable": false,
                            "Scan Direction": "Forward",
                            "Index Name": "_dta_index_date_dim_6_661577395__k4_1",
                            "Relation Name": "date_dim",
                            "Alias": "d",
                            "Startup Cost": 0.29,
                            "Total Cost": 26.77,
                            "Plan Rows": 374,
                            "Plan Width": 4,
                            "Actual Startup Time": 0.937,
                            "Actual Total Time": 1.316,
                            "Actual Rows": 365,
                            "Actual Loops": 1,
                            "Index Cond": "((d_month_seq >= 1187) AND (d_month_seq <= 1198))",
                            "Rows Removed by Index Recheck": 0
                          }
                        ]
                      }
                    ]
                  }
                ]
              }
            ]
          }
        ]
      }
    ]
  },
  "actual_rows": 100,
  "provenance": {
    "database": "postgres://jakc9:jakc9@127.0.0.1:5434/dsb_sf10",
    "scale_factor": 10,
    "engine": "postgresql",
    "engine_version": "14.3",
    "cached_at": "2026-02-09T21:05:31.271025"
  }
}