{
  "execution_time_ms": 1244.661,
  "plan_text": "Limit  (rows=4, time=1244.559)\n  Sort  (rows=4, time=1244.557)\n    Aggregate  (rows=4, time=1244.545)\n      Gather Merge  (rows=4, time=1244.54)\n        Aggregate  (rows=1, time=422.806)\n          Sort  (rows=2, time=422.801)\n            Nested Loop  (rows=2, time=422.771)\n              Nested Loop  (rows=103, time=407.42)\n                Nested Loop  (rows=1086, time=214.666)\n                  Hash Join  (rows=18255, time=155.051)\n                    Nested Loop  (rows=18475, time=151.822)\n                      Index Only Scan on date_dim  (rows=10, time=13.186)\n                      Index Only Scan on store_sales  (rows=1848, time=13.722)\n                    Hash  (rows=102, time=0.253)\n                      Seq Scan on store  (rows=102, time=0.234)\n                  Index Scan on item  (rows=0, time=0.003)\n                Index Scan on customer  (rows=0, time=0.177)\n              Index Scan on customer_address  (rows=0, time=0.148)",
  "plan_json": {
    "Node Type": "Limit",
    "Parallel Aware": false,
    "Async Capable": false,
    "Startup Cost": 16227.28,
    "Total Cost": 16227.28,
    "Plan Rows": 1,
    "Plan Width": 142,
    "Actual Startup Time": 1244.487,
    "Actual Total Time": 1244.559,
    "Actual Rows": 4,
    "Actual Loops": 1,
    "Plans": [
      {
        "Node Type": "Sort",
        "Parent Relationship": "Outer",
        "Parallel Aware": false,
        "Async Capable": false,
        "Startup Cost": 16227.28,
        "Total Cost": 16227.28,
        "Plan Rows": 1,
        "Plan Width": 142,
        "Actual Startup Time": 1244.486,
        "Actual Total Time": 1244.557,
        "Actual Rows": 4,
        "Actual Loops": 1,
        "Sort Key": [
          "(sum(store_sales.ss_ext_sales_price)) DESC",
          "item.i_brand",
          "item.i_brand_id",
          "item.i_manufact_id",
          "item.i_manufact"
        ],
        "Sort Method": "quicksort",
        "Sort Space Used": 26,
        "Sort Space Type": "Memory",
        "Plans": [
          {
            "Node Type": "Aggregate",
            "Strategy": "Sorted",
            "Partial Mode": "Finalize",
            "Parent Relationship": "Outer",
            "Parallel Aware": false,
            "Async Capable": false,
            "Startup Cost": 16226.96,
            "Total Cost": 16227.27,
            "Plan Rows": 1,
            "Plan Width": 142,
            "Actual Startup Time": 1244.472,
            "Actual Total Time": 1244.545,
            "Actual Rows": 4,
            "Actual Loops": 1,
            "Group Key": [
              "item.i_brand",
              "item.i_brand_id",
              "item.i_manufact_id",
              "item.i_manufact"
            ],
            "Plans": [
              {
                "Node Type": "Gather Merge",
                "Parent Relationship": "Outer",
                "Parallel Aware": false,
                "Async Capable": false,
                "Startup Cost": 16226.96,
                "Total Cost": 16227.23,
                "Plan Rows": 2,
                "Plan Width": 142,
                "Actual Startup Time": 1244.466,
                "Actual Total Time": 1244.54,
                "Actual Rows": 4,
                "Actual Loops": 1,
                "Workers Planned": 2,
                "Workers Launched": 2,
                "Plans": [
                  {
                    "Node Type": "Aggregate",
                    "Strategy": "Sorted",
                    "Partial Mode": "Partial",
                    "Parent Relationship": "Outer",
                    "Parallel Aware": false,
                    "Async Capable": false,
                    "Startup Cost": 15226.94,
                    "Total Cost": 15226.97,
                    "Plan Rows": 1,
                    "Plan Width": 142,
                    "Actual Startup Time": 422.803,
                    "Actual Total Time": 422.806,
                    "Actual Rows": 1,
                    "Actual Loops": 3,
                    "Group Key": [
                      "item.i_brand",
                      "item.i_brand_id",
                      "item.i_manufact_id",
                      "item.i_manufact"
                    ],
                    "Workers": [],
                    "Plans": [
                      {
                        "Node Type": "Sort",
                        "Parent Relationship": "Outer",
                        "Parallel Aware": false,
                        "Async Capable": false,
                        "Startup Cost": 15226.94,
                        "Total Cost": 15226.95,
                        "Plan Rows": 1,
                        "Plan Width": 116,
                        "Actual Startup Time": 422.799,
                        "Actual Total Time": 422.801,
                        "Actual Rows": 2,
                        "Actual Loops": 3,
                        "Sort Key": [
                          "item.i_brand",
                          "item.i_brand_id",
                          "item.i_manufact_id",
                          "item.i_manufact"
                        ],
                        "Sort Method": "quicksort",
                        "Sort Space Used": 25,
                        "Sort Space Type": "Memory",
                        "Workers": [
                          {
                            "Worker Number": 0,
                            "Sort Method": "quicksort",
                            "Sort Space Used": 25,
                            "Sort Space Type": "Memory"
                          },
                          {
                            "Worker Number": 1,
                            "Sort Method": "quicksort",
                            "Sort Space Used": 25,
                            "Sort Space Type": "Memory"
                          }
                        ],
                        "Plans": [
                          {
                            "Node Type": "Nested Loop",
                            "Parent Relationship": "Outer",
                            "Parallel Aware": false,
                            "Async Capable": false,
                            "Join Type": "Inner",
                            "Startup Cost": 9.29,
                            "Total Cost": 15226.93,
                            "Plan Rows": 1,
                            "Plan Width": 116,
                            "Actual Startup Time": 109.8,
                            "Actual Total Time": 422.771,
                            "Actual Rows": 2,
                            "Actual Loops": 3,
                            "Inner Unique": true,
                            "Join Filter": "(\"substring\"((customer_address.ca_zip)::text, 1, 5) <> \"substring\"((store.s_zip)::text, 1, 5))",
                            "Rows Removed by Join Filter": 0,
                            "Workers": [],
                            "Plans": [
                              {
                                "Node Type": "Nested Loop",
                                "Parent Relationship": "Outer",
                                "Parallel Aware": false,
                                "Async Capable": false,
                                "Join Type": "Inner",
                                "Startup Cost": 8.87,
                                "Total Cost": 15222.24,
                                "Plan Rows": 4,
                                "Plan Width": 131,
                                "Actual Startup Time": 15.427,
                                "Actual Total Time": 407.42,
                                "Actual Rows": 103,
                                "Actual Loops": 3,
                                "Inner Unique": true,
                                "Workers": [],
                                "Plans": [
                                  {
                                    "Node Type": "Nested Loop",
                                    "Parent Relationship": "Outer",
                                    "Parallel Aware": false,
                                    "Async Capable": false,
                                    "Join Type": "Inner",
                                    "Startup Cost": 8.44,
                                    "Total Cost": 15187.98,
                                    "Plan Rows": 48,
                                    "Plan Width": 131,
                                    "Actual Startup Time": 14.058,
                                    "Actual Total Time": 214.666,
                                    "Actual Rows": 1086,
                                    "Actual Loops": 3,
                                    "Inner Unique": true,
                                    "Workers": [],
                                    "Plans": [
                                      {
                                        "Node Type": "Hash Join",
                                        "Parent Relationship": "Outer",
                                        "Parallel Aware": false,
                                        "Async Capable": false,
                                        "Join Type": "Inner",
                                        "Startup Cost": 8.15,
                                        "Total Cost": 14589.02,
                                        "Plan Rows": 1080,
                                        "Plan Width": 25,
                                        "Actual Startup Time": 14.051,
                                        "Actual Total Time": 155.051,
                                        "Actual Rows": 18255,
                                        "Actual Loops": 3,
                                        "Inner Unique": true,
                                        "Hash Cond": "(store_sales.ss_store_sk = store.s_store_sk)",
                                        "Workers": [],
                                        "Plans": [
                                          {
                                            "Node Type": "Nested Loop",
                                            "Parent Relationship": "Outer",
                                            "Parallel Aware": false,
                                            "Async Capable": false,
                                            "Join Type": "Inner",
                                            "Startup Cost": 0.85,
                                            "Total Cost": 14578.63,
                                            "Plan Rows": 1134,
                                            "Plan Width": 18,
                                            "Actual Startup Time": 13.963,
                                            "Actual Total Time": 151.822,
                                            "Actual Rows": 18475,
                                            "Actual Loops": 3,
                                            "Inner Unique": false,
                                            "Workers": [],
                                            "Plans": [
                                              {
                                                "Node Type": "Index Only Scan",
                                                "Parent Relationship": "Outer",
                                                "Parallel Aware": true,
                                                "Async Capable": false,
                                                "Scan Direction": "Forward",
                                                "Index Name": "_dta_index_date_dim_6_661577395__k1_k7_k9",
                                                "Relation Name": "date_dim",
                                                "Alias": "date_dim",
                                                "Startup Cost": 0.29,
                                                "Total Cost": 1862.91,
                                                "Plan Rows": 12,
                                                "Plan Width": 4,
                                                "Actual Startup Time": 13.179,
                                                "Actual Total Time": 13.186,
                                                "Actual Rows": 10,
                                                "Actual Loops": 3,
                                                "Index Cond": "((d_year = 2002) AND (d_moy = 4))",
                                                "Rows Removed by Index Recheck": 0,
                                                "Heap Fetches": 0,
                                                "Workers": []
                                              },
                                              {
                                                "Node Type": "Index Only Scan",
                                                "Parent Relationship": "Inner",
                                                "Parallel Aware": false,
                                                "Async Capable": false,
                                                "Scan Direction": "Forward",
                                                "Index Name": "_dta_index_store_sales_6_1333579789__k1_k23_k14_k6_k8_k5_k7_3_4",
                                                "Relation Name": "store_sales",
                                                "Alias": "store_sales",
                                                "Startup Cost": 0.56,
                                                "Total Cost": 1027.24,
                                                "Plan Rows": 3240,
                                                "Plan Width": 22,
                                                "Actual Startup Time": 0.633,
                                                "Actual Total Time": 13.722,
                                                "Actual Rows": 1848,
                                                "Actual Loops": 30,
                                                "Index Cond": "(ss_sold_date_sk = date_dim.d_date_sk)",
                                                "Rows Removed by Index Recheck": 0,
                                                "Filter": "((ss_wholesale_cost >= '35'::numeric) AND (ss_wholesale_cost <= '55'::numeric))",
                                                "Rows Removed by Filter": 5637,
                                                "Heap Fetches": 0,
                                                "Workers": []
                                              }
                                            ]
                                          },
                                          {
                                            "Node Type": "Hash",
                                            "Parent Relationship": "Inner",
                                            "Parallel Aware": false,
                                            "Async Capable": false,
                                            "Startup Cost": 6.02,
                                            "Total Cost": 6.02,
                                            "Plan Rows": 102,
                                            "Plan Width": 15,
                                            "Actual Startup Time": 0.252,
                                            "Actual Total Time": 0.253,
                                            "Actual Rows": 102,
                                            "Actual Loops": 1,
                                            "Hash Buckets": 1024,
                                            "Original Hash Buckets": 1024,
                                            "Hash Batches": 1,
                                            "Original Hash Batches": 1,
                                            "Peak Memory Usage": 13,
                                            "Workers": [],
                                            "Plans": [
                                              {
                                                "Node Type": "Seq Scan",
                                                "Parent Relationship": "Outer",
                                                "Parallel Aware": false,
                                                "Async Capable": false,
                                                "Relation Name": "store",
                                                "Alias": "store",
                                                "Startup Cost": 0.0,
                                                "Total Cost": 6.02,
                                                "Plan Rows": 102,
                                                "Plan Width": 15,
                                                "Actual Startup Time": 0.003,
                                                "Actual Total Time": 0.234,
                                                "Actual Rows": 102,
                                                "Actual Loops": 1,
                                                "Workers": []
                                              }
                                            ]
                                          }
                                        ]
                                      },
                                      {
                                        "Node Type": "Index Scan",
                                        "Parent Relationship": "Inner",
                                        "Parallel Aware": false,
                                        "Async Capable": false,
                                        "Scan Direction": "Forward",
                                        "Index Name": "item_pkey",
                                        "Relation Name": "item",
                                        "Alias": "item",
                                        "Startup Cost": 0.29,
                                        "Total Cost": 0.55,
                                        "Plan Rows": 1,
                                        "Plan Width": 114,
                                        "Actual Startup Time": 0.003,
                                        "Actual Total Time": 0.003,
                                        "Actual Rows": 0,
                                        "Actual Loops": 54766,
                                        "Index Cond": "(i_item_sk = store_sales.ss_item_sk)",
                                        "Rows Removed by Index Recheck": 0,
                                        "Filter": "(i_category = 'Jewelry'::bpchar)",
                                        "Rows Removed by Filter": 1,
                                        "Workers": []
                                      }
                                    ]
                                  },
                                  {
                                    "Node Type": "Index Scan",
                                    "Parent Relationship": "Inner",
                                    "Parallel Aware": false,
                                    "Async Capable": false,
                                    "Scan Direction": "Forward",
                                    "Index Name": "_dta_index_customer_6_949578421__k1_k5",
                                    "Relation Name": "customer",
                                    "Alias": "customer",
                                    "Startup Cost": 0.42,
                                    "Total Cost": 0.71,
                                    "Plan Rows": 1,
                                    "Plan Width": 8,
                                    "Actual Startup Time": 0.177,
                                    "Actual Total Time": 0.177,
                                    "Actual Rows": 0,
                                    "Actual Loops": 3259,
                                    "Index Cond": "(c_customer_sk = store_sales.ss_customer_sk)",
                                    "Rows Removed by Index Recheck": 0,
                                    "Filter": "(c_birth_month = 1)",
                                    "Rows Removed by Filter": 1,
                                    "Workers": []
                                  }
                                ]
                              },
                              {
                                "Node Type": "Index Scan",
                                "Parent Relationship": "Inner",
                                "Parallel Aware": false,
                                "Async Capable": false,
                                "Scan Direction": "Forward",
                                "Index Name": "customer_address_pkey",
                                "Relation Name": "customer_address",
                                "Alias": "customer_address",
                                "Startup Cost": 0.42,
                                "Total Cost": 1.15,
                                "Plan Rows": 1,
                                "Plan Width": 15,
                                "Actual Startup Time": 0.148,
                                "Actual Total Time": 0.148,
                                "Actual Rows": 0,
                                "Actual Loops": 309,
                                "Index Cond": "(ca_address_sk = customer.c_current_addr_sk)",
                                "Rows Removed by Index Recheck": 0,
                                "Filter": "(ca_state = 'IL'::bpchar)",
                                "Rows Removed by Filter": 1,
                                "Workers": []
                              }
                            ]
                          }
                        ]
                      }
                    ]
                  }
                ]
              }
            ]
          }
        ]
      }
    ]
  },
  "actual_rows": 4,
  "provenance": {
    "database": "postgres://jakc9:jakc9@127.0.0.1:5434/dsb_sf10",
    "scale_factor": 10,
    "engine": "postgresql",
    "engine_version": "14.3",
    "cached_at": "2026-02-09T20:54:43.341131"
  }
}