{
  "execution_time_ms": 3882.129,
  "plan_text": "Limit  (rows=1, time=3872.925)\n  Sort  (rows=1, time=3855.374)\n    Aggregate  (rows=1, time=3855.346)\n      Sort  (rows=0, time=3855.32)\n        Nested Loop  (rows=0, time=3855.317)\n          Gather  (rows=2, time=3854.387)\n            Nested Loop  (rows=1, time=2176.727)\n              Nested Loop  (rows=26, time=2168.18)\n                Nested Loop  (rows=390, time=2065.521)\n                  Nested Loop  (rows=45193, time=1643.125)\n                    Index Only Scan on date_dim  (rows=122, time=8.974)\n                    Index Scan on catalog_sales  (rows=371, time=13.307)\n                  Index Scan on item  (rows=0, time=0.009)\n                Index Scan on customer  (rows=0, time=0.263)\n              Index Scan on customer_demographics  (rows=0, time=0.327)\n          Index Scan on customer_address  (rows=0, time=0.461)",
  "plan_json": {
    "Node Type": "Limit",
    "Parallel Aware": false,
    "Async Capable": false,
    "Startup Cost": 135406.84,
    "Total Cost": 135406.85,
    "Plan Rows": 5,
    "Plan Width": 240,
    "Actual Startup Time": 3868.99,
    "Actual Total Time": 3872.925,
    "Actual Rows": 1,
    "Actual Loops": 1,
    "Plans": [
      {
        "Node Type": "Sort",
        "Parent Relationship": "Outer",
        "Parallel Aware": false,
        "Async Capable": false,
        "Startup Cost": 135406.84,
        "Total Cost": 135406.85,
        "Plan Rows": 5,
        "Plan Width": 240,
        "Actual Startup Time": 3851.44,
        "Actual Total Time": 3855.374,
        "Actual Rows": 1,
        "Actual Loops": 1,
        "Sort Key": [
          "customer_address.ca_country",
          "customer_address.ca_state",
          "customer_address.ca_county",
          "item.i_item_id"
        ],
        "Sort Method": "quicksort",
        "Sort Space Used": 25,
        "Sort Space Type": "Memory",
        "Plans": [
          {
            "Node Type": "Aggregate",
            "Strategy": "Sorted",
            "Partial Mode": "Simple",
            "Parent Relationship": "Outer",
            "Parallel Aware": false,
            "Async Capable": false,
            "Startup Cost": 135406.62,
            "Total Cost": 135406.78,
            "Plan Rows": 5,
            "Plan Width": 240,
            "Actual Startup Time": 3851.411,
            "Actual Total Time": 3855.346,
            "Actual Rows": 1,
            "Actual Loops": 1,
            "Grouping Sets": [
              {
                "Group Keys": [
                  [
                    "item.i_item_id",
                    "customer_address.ca_country",
                    "customer_address.ca_state",
                    "customer_address.ca_county"
                  ],
                  [
                    "item.i_item_id",
                    "customer_address.ca_country",
                    "customer_address.ca_state"
                  ],
                  [
                    "item.i_item_id",
                    "customer_address.ca_country"
                  ],
                  [
                    "item.i_item_id"
                  ],
                  []
                ]
              }
            ],
            "Plans": [
              {
                "Node Type": "Sort",
                "Parent Relationship": "Outer",
                "Parallel Aware": false,
                "Async Capable": false,
                "Startup Cost": 135406.62,
                "Total Cost": 135406.62,
                "Plan Rows": 1,
                "Plan Width": 77,
                "Actual Startup Time": 3851.386,
                "Actual Total Time": 3855.32,
                "Actual Rows": 0,
                "Actual Loops": 1,
                "Sort Key": [
                  "item.i_item_id",
                  "customer_address.ca_country",
                  "customer_address.ca_state",
                  "customer_address.ca_county"
                ],
                "Sort Method": "quicksort",
                "Sort Space Used": 25,
                "Sort Space Type": "Memory",
                "Plans": [
                  {
                    "Node Type": "Nested Loop",
                    "Parent Relationship": "Outer",
                    "Parallel Aware": false,
                    "Async Capable": false,
                    "Join Type": "Inner",
                    "Startup Cost": 1002.29,
                    "Total Cost": 135406.61,
                    "Plan Rows": 1,
                    "Plan Width": 77,
                    "Actual Startup Time": 3851.383,
                    "Actual Total Time": 3855.317,
                    "Actual Rows": 0,
                    "Actual Loops": 1,
                    "Inner Unique": true,
                    "Plans": [
                      {
                        "Node Type": "Gather",
                        "Parent Relationship": "Outer",
                        "Parallel Aware": false,
                        "Async Capable": false,
                        "Startup Cost": 1001.87,
                        "Total Cost": 135405.45,
                        "Plan Rows": 1,
                        "Plan Width": 50,
                        "Actual Startup Time": 1321.208,
                        "Actual Total Time": 3854.387,
                        "Actual Rows": 2,
                        "Actual Loops": 1,
                        "Workers Planned": 2,
                        "Workers Launched": 2,
                        "Single Copy": false,
                        "Plans": [
                          {
                            "Node Type": "Nested Loop",
                            "Parent Relationship": "Outer",
                            "Parallel Aware": false,
                            "Async Capable": false,
                            "Join Type": "Inner",
                            "Startup Cost": 1.87,
                            "Total Cost": 134405.35,
                            "Plan Rows": 1,
                            "Plan Width": 50,
                            "Actual Startup Time": 1719.698,
                            "Actual Total Time": 2176.727,
                            "Actual Rows": 1,
                            "Actual Loops": 3,
                            "Inner Unique": true,
                            "Workers": [],
                            "Plans": [
                              {
                                "Node Type": "Nested Loop",
                                "Parent Relationship": "Outer",
                                "Parallel Aware": false,
                                "Async Capable": false,
                                "Join Type": "Inner",
                                "Startup Cost": 1.44,
                                "Total Cost": 134404.24,
                                "Plan Rows": 2,
                                "Plan Width": 54,
                                "Actual Startup Time": 88.698,
                                "Actual Total Time": 2168.18,
                                "Actual Rows": 26,
                                "Actual Loops": 3,
                                "Inner Unique": true,
                                "Workers": [],
                                "Plans": [
                                  {
                                    "Node Type": "Nested Loop",
                                    "Parent Relationship": "Outer",
                                    "Parallel Aware": false,
                                    "Async Capable": false,
                                    "Join Type": "Inner",
                                    "Startup Cost": 1.02,
                                    "Total Cost": 134385.19,
                                    "Plan Rows": 38,
                                    "Plan Width": 50,
                                    "Actual Startup Time": 17.588,
                                    "Actual Total Time": 2065.521,
                                    "Actual Rows": 390,
                                    "Actual Loops": 3,
                                    "Inner Unique": true,
                                    "Workers": [],
                                    "Plans": [
                                      {
                                        "Node Type": "Nested Loop",
                                        "Parent Relationship": "Outer",
                                        "Parallel Aware": false,
                                        "Async Capable": false,
                                        "Join Type": "Inner",
                                        "Startup Cost": 0.73,
                                        "Total Cost": 133655.15,
                                        "Plan Rows": 2142,
                                        "Plan Width": 37,
                                        "Actual Startup Time": 12.786,
                                        "Actual Total Time": 1643.125,
                                        "Actual Rows": 45193,
                                        "Actual Loops": 3,
                                        "Inner Unique": false,
                                        "Workers": [],
                                        "Plans": [
                                          {
                                            "Node Type": "Index Only Scan",
                                            "Parent Relationship": "Outer",
                                            "Parallel Aware": true,
                                            "Async Capable": false,
                                            "Scan Direction": "Forward",
                                            "Index Name": "_dta_index_date_dim_6_661577395__k1_k7_k9",
                                            "Relation Name": "date_dim",
                                            "Alias": "date_dim",
                                            "Startup Cost": 0.29,
                                            "Total Cost": 1688.68,
                                            "Plan Rows": 152,
                                            "Plan Width": 4,
                                            "Actual Startup Time": 8.891,
                                            "Actual Total Time": 8.974,
                                            "Actual Rows": 122,
                                            "Actual Loops": 3,
                                            "Index Cond": "(d_year = 1999)",
                                            "Rows Removed by Index Recheck": 0,
                                            "Heap Fetches": 0,
                                            "Workers": []
                                          },
                                          {
                                            "Node Type": "Index Scan",
                                            "Parent Relationship": "Inner",
                                            "Parallel Aware": false,
                                            "Async Capable": false,
                                            "Scan Direction": "Forward",
                                            "Index Name": "_dta_index_catalog_sales_6_1301579675__k1_4",
                                            "Relation Name": "catalog_sales",
                                            "Alias": "catalog_sales",
                                            "Startup Cost": 0.43,
                                            "Total Cost": 863.34,
                                            "Plan Rows": 486,
                                            "Plan Width": 41,
                                            "Actual Startup Time": 0.046,
                                            "Actual Total Time": 13.307,
                                            "Actual Rows": 371,
                                            "Actual Loops": 365,
                                            "Index Cond": "(cs_sold_date_sk = date_dim.d_date_sk)",
                                            "Rows Removed by Index Recheck": 0,
                                            "Filter": "((cs_wholesale_cost >= '5'::numeric) AND (cs_wholesale_cost <= '10'::numeric))",
                                            "Rows Removed by Filter": 4816,
                                            "Workers": []
                                          }
                                        ]
                                      },
                                      {
                                        "Node Type": "Index Scan",
                                        "Parent Relationship": "Inner",
                                        "Parallel Aware": false,
                                        "Async Capable": false,
                                        "Scan Direction": "Forward",
                                        "Index Name": "item_pkey",
                                        "Relation Name": "item",
                                        "Alias": "item",
                                        "Startup Cost": 0.29,
                                        "Total Cost": 0.34,
                                        "Plan Rows": 1,
                                        "Plan Width": 21,
                                        "Actual Startup Time": 0.009,
                                        "Actual Total Time": 0.009,
                                        "Actual Rows": 0,
                                        "Actual Loops": 135580,
                                        "Index Cond": "(i_item_sk = catalog_sales.cs_item_sk)",
                                        "Rows Removed by Index Recheck": 0,
                                        "Filter": "(i_category = 'Music'::bpchar)",
                                        "Rows Removed by Filter": 1,
                                        "Workers": []
                                      }
                                    ]
                                  },
                                  {
                                    "Node Type": "Index Scan",
                                    "Parent Relationship": "Inner",
                                    "Parallel Aware": false,
                                    "Async Capable": false,
                                    "Scan Direction": "Forward",
                                    "Index Name": "_dta_index_customer_6_949578421__k1_k5",
                                    "Relation Name": "customer",
                                    "Alias": "customer",
                                    "Startup Cost": 0.42,
                                    "Total Cost": 0.5,
                                    "Plan Rows": 1,
                                    "Plan Width": 12,
                                    "Actual Startup Time": 0.263,
                                    "Actual Total Time": 0.263,
                                    "Actual Rows": 0,
                                    "Actual Loops": 1170,
                                    "Index Cond": "(c_customer_sk = catalog_sales.cs_bill_customer_sk)",
                                    "Rows Removed by Index Recheck": 0,
                                    "Filter": "(c_birth_month = 12)",
                                    "Rows Removed by Filter": 1,
                                    "Workers": []
                                  }
                                ]
                              },
                              {
                                "Node Type": "Index Scan",
                                "Parent Relationship": "Inner",
                                "Parallel Aware": false,
                                "Async Capable": false,
                                "Scan Direction": "Forward",
                                "Index Name": "customer_demographics_pkey",
                                "Relation Name": "customer_demographics",
                                "Alias": "customer_demographics",
                                "Startup Cost": 0.43,
                                "Total Cost": 0.55,
                                "Plan Rows": 1,
                                "Plan Width": 4,
                                "Actual Startup Time": 0.327,
                                "Actual Total Time": 0.327,
                                "Actual Rows": 0,
                                "Actual Loops": 78,
                                "Index Cond": "(cd_demo_sk = catalog_sales.cs_bill_cdemo_sk)",
                                "Rows Removed by Index Recheck": 0,
                                "Filter": "((cd_gender = 'F'::bpchar) AND (cd_education_status = '4 yr Degree'::bpchar))",
                                "Rows Removed by Filter": 1,
                                "Workers": []
                              }
                            ]
                          }
                        ]
                      },
                      {
                        "Node Type": "Index Scan",
                        "Parent Relationship": "Inner",
                        "Parallel Aware": false,
                        "Async Capable": false,
                        "Scan Direction": "Forward",
                        "Index Name": "customer_address_pkey",
                        "Relation Name": "customer_address",
                        "Alias": "customer_address",
                        "Startup Cost": 0.42,
                        "Total Cost": 1.16,
                        "Plan Rows": 1,
                        "Plan Width": 35,
                        "Actual Startup Time": 0.461,
                        "Actual Total Time": 0.461,
                        "Actual Rows": 0,
                        "Actual Loops": 2,
                        "Index Cond": "(ca_address_sk = customer.c_current_addr_sk)",
                        "Rows Removed by Index Recheck": 0,
                        "Filter": "(ca_state = ANY ('{AR,IN,VA}'::bpchar[]))",
                        "Rows Removed by Filter": 1
                      }
                    ]
                  }
                ]
              }
            ]
          }
        ]
      }
    ]
  },
  "actual_rows": 1,
  "provenance": {
    "database": "postgres://jakc9:jakc9@127.0.0.1:5434/dsb_sf10",
    "scale_factor": 10,
    "engine": "postgresql",
    "engine_version": "14.3",
    "cached_at": "2026-02-09T20:54:43.000442"
  }
}