{
  "execution_time_ms": 1452.951,
  "plan_text": "Limit  (rows=0, time=1452.759)\n  Incremental Sort  (rows=0, time=1452.757)\n    Aggregate  (rows=0, time=1452.738)\n      Sort  (rows=0, time=1452.737)\n        Subquery Scan (my_revenue)  (rows=0, time=1452.733)\n          Aggregate  (rows=0, time=1452.732)\n            Aggregate  (rows=0, time=0.0)\n              Index Only Scan on date_dim (date_dim_2)  (rows=0, time=0.0)\n            Aggregate  (rows=0, time=0.0)\n              Index Only Scan on date_dim (date_dim_3)  (rows=0, time=0.0)\n            Nested Loop  (rows=0, time=1452.73)\n              Nested Loop  (rows=0, time=1452.729)\n                Nested Loop  (rows=0, time=1452.728)\n                  Nested Loop  (rows=69, time=1452.496)\n                    Unique  (rows=69, time=1439.064)\n                      Sort  (rows=70, time=1439.043)\n                        Gather  (rows=70, time=1438.873)\n                          Nested Loop  (rows=23, time=492.556)\n                            Hash Join  (rows=134, time=462.801)\n                              Nested Loop  (rows=18519, time=456.482)\n                                Index Only Scan on date_dim (date_dim_1)  (rows=10, time=19.987)\n                                Append  (rows=1792, time=42.08)\n                                  Index Scan on catalog_sales  (rows=1031, time=11.869)\n                                  Index Scan on web_sales  (rows=761, time=30.104)\n                              Hash  (rows=1454, time=9.816)\n                                Index Only Scan on item  (rows=1454, time=9.621)\n                            Index Scan on customer  (rows=0, time=0.219)\n                    Index Scan on customer_address  (rows=1, time=0.194)\n                  Index Scan on store  (rows=0, time=0.002)\n                Bitmap Heap Scan on store_sales  (rows=0, time=0.0)\n                  Bitmap Index Scan  (rows=0, time=0.0)\n              Index Scan on date_dim  (rows=0, time=0.0)",
  "plan_json": {
    "Node Type": "Limit",
    "Parallel Aware": false,
    "Async Capable": false,
    "Startup Cost": 22925.35,
    "Total Cost": 22925.4,
    "Plan Rows": 2,
    "Plan Width": 16,
    "Actual Startup Time": 1452.69,
    "Actual Total Time": 1452.759,
    "Actual Rows": 0,
    "Actual Loops": 1,
    "Plans": [
      {
        "Node Type": "Incremental Sort",
        "Parent Relationship": "Outer",
        "Parallel Aware": false,
        "Async Capable": false,
        "Startup Cost": 22925.35,
        "Total Cost": 22925.4,
        "Plan Rows": 2,
        "Plan Width": 16,
        "Actual Startup Time": 1452.69,
        "Actual Total Time": 1452.757,
        "Actual Rows": 0,
        "Actual Loops": 1,
        "Sort Key": [
          "(((my_revenue.revenue / '50'::numeric))::integer)",
          "(count(*))"
        ],
        "Presorted Key": [
          "(((my_revenue.revenue / '50'::numeric))::integer)"
        ],
        "Full-sort Groups": {
          "Group Count": 1,
          "Sort Methods Used": [
            "quicksort"
          ],
          "Sort Space Memory": {
            "Average Sort Space Used": 25,
            "Peak Sort Space Used": 25
          }
        },
        "Plans": [
          {
            "Node Type": "Aggregate",
            "Strategy": "Sorted",
            "Partial Mode": "Simple",
            "Parent Relationship": "Outer",
            "Parallel Aware": false,
            "Async Capable": false,
            "Startup Cost": 22925.31,
            "Total Cost": 22925.34,
            "Plan Rows": 1,
            "Plan Width": 16,
            "Actual Startup Time": 1452.671,
            "Actual Total Time": 1452.738,
            "Actual Rows": 0,
            "Actual Loops": 1,
            "Group Key": [
              "(((my_revenue.revenue / '50'::numeric))::integer)"
            ],
            "Plans": [
              {
                "Node Type": "Sort",
                "Parent Relationship": "Outer",
                "Parallel Aware": false,
                "Async Capable": false,
                "Startup Cost": 22925.31,
                "Total Cost": 22925.32,
                "Plan Rows": 1,
                "Plan Width": 36,
                "Actual Startup Time": 1452.67,
                "Actual Total Time": 1452.737,
                "Actual Rows": 0,
                "Actual Loops": 1,
                "Sort Key": [
                  "(((my_revenue.revenue / '50'::numeric))::integer)"
                ],
                "Sort Method": "quicksort",
                "Sort Space Used": 25,
                "Sort Space Type": "Memory",
                "Plans": [
                  {
                    "Node Type": "Subquery Scan",
                    "Parent Relationship": "Outer",
                    "Parallel Aware": false,
                    "Async Capable": false,
                    "Alias": "my_revenue",
                    "Startup Cost": 21684.26,
                    "Total Cost": 22925.3,
                    "Plan Rows": 1,
                    "Plan Width": 36,
                    "Actual Startup Time": 1452.666,
                    "Actual Total Time": 1452.733,
                    "Actual Rows": 0,
                    "Actual Loops": 1,
                    "Plans": [
                      {
                        "Node Type": "Aggregate",
                        "Strategy": "Sorted",
                        "Partial Mode": "Simple",
                        "Parent Relationship": "Subquery",
                        "Parallel Aware": false,
                        "Async Capable": false,
                        "Startup Cost": 21684.26,
                        "Total Cost": 22925.29,
                        "Plan Rows": 1,
                        "Plan Width": 36,
                        "Actual Startup Time": 1452.665,
                        "Actual Total Time": 1452.732,
                        "Actual Rows": 0,
                        "Actual Loops": 1,
                        "Group Key": [
                          "customer.c_customer_sk"
                        ],
                        "Plans": [
                          {
                            "Node Type": "Aggregate",
                            "Strategy": "Hashed",
                            "Partial Mode": "Simple",
                            "Parent Relationship": "InitPlan",
                            "Subplan Name": "InitPlan 1 (returns $0)",
                            "Parallel Aware": false,
                            "Async Capable": false,
                            "Startup Cost": 16.55,
                            "Total Cost": 16.95,
                            "Plan Rows": 32,
                            "Plan Width": 4,
                            "Actual Startup Time": 0.0,
                            "Actual Total Time": 0.0,
                            "Actual Rows": 0,
                            "Actual Loops": 0,
                            "Group Key": [
                              "(date_dim_2.d_month_seq + 1)"
                            ],
                            "Planned Partitions": 0,
                            "Plans": [
                              {
                                "Node Type": "Index Only Scan",
                                "Parent Relationship": "Outer",
                                "Parallel Aware": false,
                                "Async Capable": false,
                                "Scan Direction": "Forward",
                                "Index Name": "_dta_index_date_dim_6_661577395__k7_k4_k9_k1",
                                "Relation Name": "date_dim",
                                "Alias": "date_dim_2",
                                "Startup Cost": 0.42,
                                "Total Cost": 16.47,
                                "Plan Rows": 32,
                                "Plan Width": 4,
                                "Actual Startup Time": 0.0,
                                "Actual Total Time": 0.0,
                                "Actual Rows": 0,
                                "Actual Loops": 0,
                                "Index Cond": "((d_year = 1998) AND (d_moy = 1))",
                                "Rows Removed by Index Recheck": 0,
                                "Heap Fetches": 0
                              }
                            ]
                          },
                          {
                            "Node Type": "Aggregate",
                            "Strategy": "Hashed",
                            "Partial Mode": "Simple",
                            "Parent Relationship": "InitPlan",
                            "Subplan Name": "InitPlan 2 (returns $1)",
                            "Parallel Aware": false,
                            "Async Capable": false,
                            "Startup Cost": 16.55,
                            "Total Cost": 16.95,
                            "Plan Rows": 32,
                            "Plan Width": 4,
                            "Actual Startup Time": 0.0,
                            "Actual Total Time": 0.0,
                            "Actual Rows": 0,
                            "Actual Loops": 0,
                            "Group Key": [
                              "(date_dim_3.d_month_seq + 3)"
                            ],
                            "Planned Partitions": 0,
                            "Plans": [
                              {
                                "Node Type": "Index Only Scan",
                                "Parent Relationship": "Outer",
                                "Parallel Aware": false,
                                "Async Capable": false,
                                "Scan Direction": "Forward",
                                "Index Name": "_dta_index_date_dim_6_661577395__k7_k4_k9_k1",
                                "Relation Name": "date_dim",
                                "Alias": "date_dim_3",
                                "Startup Cost": 0.42,
                                "Total Cost": 16.47,
                                "Plan Rows": 32,
                                "Plan Width": 4,
                                "Actual Startup Time": 0.0,
                                "Actual Total Time": 0.0,
                                "Actual Rows": 0,
                                "Actual Loops": 0,
                                "Index Cond": "((d_year = 1998) AND (d_moy = 1))",
                                "Rows Removed by Index Recheck": 0,
                                "Heap Fetches": 0
                              }
                            ]
                          },
                          {
                            "Node Type": "Nested Loop",
                            "Parent Relationship": "Outer",
                            "Parallel Aware": false,
                            "Async Capable": false,
                            "Join Type": "Inner",
                            "Startup Cost": 21650.37,
                            "Total Cost": 22891.37,
                            "Plan Rows": 1,
                            "Plan Width": 10,
                            "Actual Startup Time": 1452.664,
                            "Actual Total Time": 1452.73,
                            "Actual Rows": 0,
                            "Actual Loops": 1,
                            "Inner Unique": true,
                            "Plans": [
                              {
                                "Node Type": "Nested Loop",
                                "Parent Relationship": "Outer",
                                "Parallel Aware": false,
                                "Async Capable": false,
                                "Join Type": "Inner",
                                "Startup Cost": 21650.08,
                                "Total Cost": 22891.06,
                                "Plan Rows": 1,
                                "Plan Width": 14,
                                "Actual Startup Time": 1452.664,
                                "Actual Total Time": 1452.729,
                                "Actual Rows": 0,
                                "Actual Loops": 1,
                                "Inner Unique": false,
                                "Plans": [
                                  {
                                    "Node Type": "Nested Loop",
                                    "Parent Relationship": "Outer",
                                    "Parallel Aware": false,
                                    "Async Capable": false,
                                    "Join Type": "Inner",
                                    "Startup Cost": 21639.14,
                                    "Total Cost": 21648.58,
                                    "Plan Rows": 1,
                                    "Plan Width": 4,
                                    "Actual Startup Time": 1452.663,
                                    "Actual Total Time": 1452.728,
                                    "Actual Rows": 0,
                                    "Actual Loops": 1,
                                    "Inner Unique": false,
                                    "Plans": [
                                      {
                                        "Node Type": "Nested Loop",
                                        "Parent Relationship": "Outer",
                                        "Parallel Aware": false,
                                        "Async Capable": false,
                                        "Join Type": "Inner",
                                        "Startup Cost": 21639.0,
                                        "Total Cost": 21647.03,
                                        "Plan Rows": 1,
                                        "Plan Width": 21,
                                        "Actual Startup Time": 1439.559,
                                        "Actual Total Time": 1452.496,
                                        "Actual Rows": 69,
                                        "Actual Loops": 1,
                                        "Inner Unique": true,
                                        "Plans": [
                                          {
                                            "Node Type": "Unique",
                                            "Parent Relationship": "Outer",
                                            "Parallel Aware": false,
                                            "Async Capable": false,
                                            "Startup Cost": 21638.58,
                                            "Total Cost": 21638.59,
                                            "Plan Rows": 1,
                                            "Plan Width": 8,
                                            "Actual Startup Time": 1438.971,
                                            "Actual Total Time": 1439.064,
                                            "Actual Rows": 69,
                                            "Actual Loops": 1,
                                            "Plans": [
                                              {
                                                "Node Type": "Sort",
                                                "Parent Relationship": "Outer",
                                                "Parallel Aware": false,
                                                "Async Capable": false,
                                                "Startup Cost": 21638.58,
                                                "Total Cost": 21638.59,
                                                "Plan Rows": 1,
                                                "Plan Width": 8,
                                                "Actual Startup Time": 1438.97,
                                                "Actual Total Time": 1439.043,
                                                "Actual Rows": 70,
                                                "Actual Loops": 1,
                                                "Sort Key": [
                                                  "customer.c_customer_sk",
                                                  "customer.c_current_addr_sk"
                                                ],
                                                "Sort Method": "quicksort",
                                                "Sort Space Used": 27,
                                                "Sort Space Type": "Memory",
                                                "Plans": [
                                                  {
                                                    "Node Type": "Gather",
                                                    "Parent Relationship": "Outer",
                                                    "Parallel Aware": false,
                                                    "Async Capable": false,
                                                    "Startup Cost": 1043.45,
                                                    "Total Cost": 21638.57,
                                                    "Plan Rows": 1,
                                                    "Plan Width": 8,
                                                    "Actual Startup Time": 55.406,
                                                    "Actual Total Time": 1438.873,
                                                    "Actual Rows": 70,
                                                    "Actual Loops": 1,
                                                    "Workers Planned": 2,
                                                    "Workers Launched": 2,
                                                    "Single Copy": false,
                                                    "Plans": [
                                                      {
                                                        "Node Type": "Nested Loop",
                                                        "Parent Relationship": "Outer",
                                                        "Parallel Aware": false,
                                                        "Async Capable": false,
                                                        "Join Type": "Inner",
                                                        "Startup Cost": 43.45,
                                                        "Total Cost": 20638.47,
                                                        "Plan Rows": 1,
                                                        "Plan Width": 8,
                                                        "Actual Startup Time": 31.441,
                                                        "Actual Total Time": 492.556,
                                                        "Actual Rows": 23,
                                                        "Actual Loops": 3,
                                                        "Inner Unique": true,
                                                        "Workers": [],
                                                        "Plans": [
                                                          {
                                                            "Node Type": "Hash Join",
                                                            "Parent Relationship": "Outer",
                                                            "Parallel Aware": false,
                                                            "Async Capable": false,
                                                            "Join Type": "Inner",
                                                            "Startup Cost": 43.02,
                                                            "Total Cost": 20634.85,
                                                            "Plan Rows": 3,
                                                            "Plan Width": 4,
                                                            "Actual Startup Time": 23.702,
                                                            "Actual Total Time": 462.801,
                                                            "Actual Rows": 134,
                                                            "Actual Loops": 3,
                                                            "Inner Unique": true,
                                                            "Hash Cond": "(catalog_sales.cs_item_sk = item.i_item_sk)",
                                                            "Workers": [],
                                                            "Plans": [
                                                              {
                                                                "Node Type": "Nested Loop",
                                                                "Parent Relationship": "Outer",
                                                                "Parallel Aware": false,
                                                                "Async Capable": false,
                                                                "Join Type": "Inner",
                                                                "Startup Cost": 0.73,
                                                                "Total Cost": 20589.84,
                                                                "Plan Rows": 1035,
                                                                "Plan Width": 8,
                                                                "Actual Startup Time": 20.247,
                                                                "Actual Total Time": 456.482,
                                                                "Actual Rows": 18519,
                                                                "Actual Loops": 3,
                                                                "Inner Unique": false,
                                                                "Workers": [],
                                                                "Plans": [
                                                                  {
                                                                    "Node Type": "Index Only Scan",
                                                                    "Parent Relationship": "Outer",
                                                                    "Parallel Aware": true,
                                                                    "Async Capable": false,
                                                                    "Scan Direction": "Forward",
                                                                    "Index Name": "_dta_index_date_dim_6_661577395__k1_k7_k9",
                                                                    "Relation Name": "date_dim",
                                                                    "Alias": "date_dim_1",
                                                                    "Startup Cost": 0.29,
                                                                    "Total Cost": 1862.92,
                                                                    "Plan Rows": 13,
                                                                    "Plan Width": 4,
                                                                    "Actual Startup Time": 19.968,
                                                                    "Actual Total Time": 19.987,
                                                                    "Actual Rows": 10,
                                                                    "Actual Loops": 3,
                                                                    "Index Cond": "((d_year = 1998) AND (d_moy = 1))",
                                                                    "Rows Removed by Index Recheck": 0,
                                                                    "Heap Fetches": 0,
                                                                    "Workers": []
                                                                  },
                                                                  {
                                                                    "Node Type": "Append",
                                                                    "Parent Relationship": "Inner",
                                                                    "Parallel Aware": false,
                                                                    "Async Capable": false,
                                                                    "Startup Cost": 0.43,
                                                                    "Total Cost": 1413.89,
                                                                    "Plan Rows": 2664,
                                                                    "Plan Width": 12,
                                                                    "Actual Startup Time": 0.056,
                                                                    "Actual Total Time": 42.08,
                                                                    "Actual Rows": 1792,
                                                                    "Actual Loops": 31,
                                                                    "Workers": [],
                                                                    "Subplans Removed": 0,
                                                                    "Plans": [
                                                                      {
                                                                        "Node Type": "Index Scan",
                                                                        "Parent Relationship": "Member",
                                                                        "Parallel Aware": false,
                                                                        "Async Capable": false,
                                                                        "Scan Direction": "Forward",
                                                                        "Index Name": "_dta_index_catalog_sales_6_1301579675__k1_4",
                                                                        "Relation Name": "catalog_sales",
                                                                        "Alias": "catalog_sales",
                                                                        "Startup Cost": 0.43,
                                                                        "Total Cost": 918.91,
                                                                        "Plan Rows": 1821,
                                                                        "Plan Width": 12,
                                                                        "Actual Startup Time": 0.054,
                                                                        "Actual Total Time": 11.869,
                                                                        "Actual Rows": 1031,
                                                                        "Actual Loops": 31,
                                                                        "Index Cond": "(cs_sold_date_sk = date_dim_1.d_date_sk)",
                                                                        "Rows Removed by Index Recheck": 0,
                                                                        "Filter": "((cs_wholesale_cost >= '35'::numeric) AND (cs_wholesale_cost <= '65'::numeric))",
                                                                        "Rows Removed by Filter": 2814,
                                                                        "Workers": []
                                                                      },
                                                                      {
                                                                        "Node Type": "Index Scan",
                                                                        "Parent Relationship": "Member",
                                                                        "Parallel Aware": false,
                                                                        "Async Capable": false,
                                                                        "Scan Direction": "Forward",
                                                                        "Index Name": "_dta_index_web_sales_6_1269579561__k1_8_24",
                                                                        "Relation Name": "web_sales",
                                                                        "Alias": "web_sales",
                                                                        "Startup Cost": 0.43,
                                                                        "Total Cost": 481.66,
                                                                        "Plan Rows": 843,
                                                                        "Plan Width": 12,
                                                                        "Actual Startup Time": 0.091,
                                                                        "Actual Total Time": 30.104,
                                                                        "Actual Rows": 761,
                                                                        "Actual Loops": 31,
                                                                        "Index Cond": "(ws_sold_date_sk = date_dim_1.d_date_sk)",
                                                                        "Rows Removed by Index Recheck": 0,
                                                                        "Filter": "((ws_wholesale_cost >= '35'::numeric) AND (ws_wholesale_cost <= '65'::numeric))",
                                                                        "Rows Removed by Filter": 2295,
                                                                        "Workers": []
                                                                      }
                                                                    ]
                                                                  }
                                                                ]
                                                              },
                                                              {
                                                                "Node Type": "Hash",
                                                                "Parent Relationship": "Inner",
                                                                "Parallel Aware": false,
                                                                "Async Capable": false,
                                                                "Startup Cost": 38.48,
                                                                "Total Cost": 38.48,
                                                                "Plan Rows": 305,
                                                                "Plan Width": 4,
                                                                "Actual Startup Time": 9.815,
                                                                "Actual Total Time": 9.816,
                                                                "Actual Rows": 1454,
                                                                "Actual Loops": 1,
                                                                "Hash Buckets": 2048,
                                                                "Original Hash Buckets": 1024,
                                                                "Hash Batches": 1,
                                                                "Original Hash Batches": 1,
                                                                "Peak Memory Usage": 68,
                                                                "Workers": [],
                                                                "Plans": [
                                                                  {
                                                                    "Node Type": "Index Only Scan",
                                                                    "Parent Relationship": "Outer",
                                                                    "Parallel Aware": false,
                                                                    "Async Capable": false,
                                                                    "Scan Direction": "Forward",
                                                                    "Index Name": "_dta_index_item_6_853578079__k13_k11_k1",
                                                                    "Relation Name": "item",
                                                                    "Alias": "item",
                                                                    "Startup Cost": 0.42,
                                                                    "Total Cost": 38.48,
                                                                    "Plan Rows": 305,
                                                                    "Plan Width": 4,
                                                                    "Actual Startup Time": 2.321,
                                                                    "Actual Total Time": 9.621,
                                                                    "Actual Rows": 1454,
                                                                    "Actual Loops": 1,
                                                                    "Index Cond": "((i_category = 'Electronics'::bpchar) AND (i_class = 'personal'::bpchar))",
                                                                    "Rows Removed by Index Recheck": 0,
                                                                    "Heap Fetches": 0,
                                                                    "Workers": []
                                                                  }
                                                                ]
                                                              }
                                                            ]
                                                          },
                                                          {
                                                            "Node Type": "Index Scan",
                                                            "Parent Relationship": "Inner",
                                                            "Parallel Aware": false,
                                                            "Async Capable": false,
                                                            "Scan Direction": "Forward",
                                                            "Index Name": "_dta_index_customer_6_949578421__k1_k5",
                                                            "Relation Name": "customer",
                                                            "Alias": "customer",
                                                            "Startup Cost": 0.42,
                                                            "Total Cost": 1.21,
                                                            "Plan Rows": 1,
                                                            "Plan Width": 8,
                                                            "Actual Startup Time": 0.219,
                                                            "Actual Total Time": 0.219,
                                                            "Actual Rows": 0,
                                                            "Actual Loops": 403,
                                                            "Index Cond": "(c_customer_sk = catalog_sales.cs_bill_customer_sk)",
                                                            "Rows Removed by Index Recheck": 0,
                                                            "Filter": "((c_birth_year >= 1928) AND (c_birth_year <= 1941))",
                                                            "Rows Removed by Filter": 1,
                                                            "Workers": []
                                                          }
                                                        ]
                                                      }
                                                    ]
                                                  }
                                                ]
                                              }
                                            ]
                                          },
                                          {
                                            "Node Type": "Index Scan",
                                            "Parent Relationship": "Inner",
                                            "Parallel Aware": false,
                                            "Async Capable": false,
                                            "Scan Direction": "Forward",
                                            "Index Name": "customer_address_pkey",
                                            "Relation Name": "customer_address",
                                            "Alias": "customer_address",
                                            "Startup Cost": 0.42,
                                            "Total Cost": 8.44,
                                            "Plan Rows": 1,
                                            "Plan Width": 21,
                                            "Actual Startup Time": 0.194,
                                            "Actual Total Time": 0.194,
                                            "Actual Rows": 1,
                                            "Actual Loops": 69,
                                            "Index Cond": "(ca_address_sk = customer.c_current_addr_sk)",
                                            "Rows Removed by Index Recheck": 0
                                          }
                                        ]
                                      },
                                      {
                                        "Node Type": "Index Scan",
                                        "Parent Relationship": "Inner",
                                        "Parallel Aware": false,
                                        "Async Capable": false,
                                        "Scan Direction": "Forward",
                                        "Index Name": "_dta_index_store_6_885578193__k25_k1",
                                        "Relation Name": "store",
                                        "Alias": "store",
                                        "Startup Cost": 0.14,
                                        "Total Cost": 1.54,
                                        "Plan Rows": 1,
                                        "Plan Width": 17,
                                        "Actual Startup Time": 0.002,
                                        "Actual Total Time": 0.002,
                                        "Actual Rows": 0,
                                        "Actual Loops": 69,
                                        "Index Cond": "((s_state = customer_address.ca_state) AND (s_state = ANY ('{AR,CO,IA,IL,KY,NC,NM,NY,PA,TX}'::bpchar[])))",
                                        "Rows Removed by Index Recheck": 0,
                                        "Filter": "((customer_address.ca_county)::text = (s_county)::text)",
                                        "Rows Removed by Filter": 0
                                      }
                                    ]
                                  },
                                  {
                                    "Node Type": "Bitmap Heap Scan",
                                    "Parent Relationship": "Inner",
                                    "Parallel Aware": false,
                                    "Async Capable": false,
                                    "Relation Name": "store_sales",
                                    "Alias": "store_sales",
                                    "Startup Cost": 10.93,
                                    "Total Cost": 1241.31,
                                    "Plan Rows": 117,
                                    "Plan Width": 14,
                                    "Actual Startup Time": 0.0,
                                    "Actual Total Time": 0.0,
                                    "Actual Rows": 0,
                                    "Actual Loops": 0,
                                    "Recheck Cond": "(ss_customer_sk = customer.c_customer_sk)",
                                    "Rows Removed by Index Recheck": 0,
                                    "Filter": "((ss_wholesale_cost >= '35'::numeric) AND (ss_wholesale_cost <= '65'::numeric))",
                                    "Rows Removed by Filter": 0,
                                    "Exact Heap Blocks": 0,
                                    "Lossy Heap Blocks": 0,
                                    "Plans": [
                                      {
                                        "Node Type": "Bitmap Index Scan",
                                        "Parent Relationship": "Outer",
                                        "Parallel Aware": false,
                                        "Async Capable": false,
                                        "Index Name": "_dta_index_store_sales_5_1333579789__k4_k8_k3_k1_16",
                                        "Startup Cost": 0.0,
                                        "Total Cost": 10.9,
                                        "Plan Rows": 312,
                                        "Plan Width": 0,
                                        "Actual Startup Time": 0.0,
                                        "Actual Total Time": 0.0,
                                        "Actual Rows": 0,
                                        "Actual Loops": 0,
                                        "Index Cond": "(ss_customer_sk = customer.c_customer_sk)"
                                      }
                                    ]
                                  }
                                ]
                              },
                              {
                                "Node Type": "Index Scan",
                                "Parent Relationship": "Inner",
                                "Parallel Aware": false,
                                "Async Capable": false,
                                "Scan Direction": "Forward",
                                "Index Name": "date_dim_pkey",
                                "Relation Name": "date_dim",
                                "Alias": "date_dim",
                                "Startup Cost": 0.29,
                                "Total Cost": 0.32,
                                "Plan Rows": 1,
                                "Plan Width": 4,
                                "Actual Startup Time": 0.0,
                                "Actual Total Time": 0.0,
                                "Actual Rows": 0,
                                "Actual Loops": 0,
                                "Index Cond": "(d_date_sk = store_sales.ss_sold_date_sk)",
                                "Rows Removed by Index Recheck": 0,
                                "Filter": "((d_month_seq >= $0) AND (d_month_seq <= $1))",
                                "Rows Removed by Filter": 0
                              }
                            ]
                          }
                        ]
                      }
                    ]
                  }
                ]
              }
            ]
          }
        ]
      }
    ]
  },
  "actual_rows": 0,
  "provenance": {
    "database": "postgres://jakc9:jakc9@127.0.0.1:5434/dsb_sf10",
    "scale_factor": 10,
    "engine": "postgresql",
    "engine_version": "14.3",
    "cached_at": "2026-02-09T21:05:23.039035"
  }
}