{
  "execution_time_ms": 2373.368,
  "plan_text": "Limit  (rows=1, time=2249.998)\n  Sort  (rows=1, time=2217.068)\n    Aggregate  (rows=1, time=2217.034)\n      Sort  (rows=753, time=2216.949)\n        Nested Loop  (rows=753, time=2216.837)\n          Gather  (rows=944, time=2215.423)\n            Nested Loop  (rows=315, time=1895.581)\n              Nested Loop  (rows=315, time=1837.646)\n                Hash Join  (rows=1427, time=1748.39)\n                  Seq Scan on web_returns (wr1)  (rows=33995, time=944.227)\n                  Hash  (rows=1688, time=797.154)\n                    Nested Loop  (rows=1688, time=519.194)\n                      Seq Scan on date_dim  (rows=20, time=59.05)\n                      Index Scan on web_sales (ws1)  (rows=83, time=22.6)\n                Index Scan on customer_address  (rows=0, time=0.062)\n              Index Only Scan on web_sales (ws2)  (rows=1, time=0.184)\n          Materialize  (rows=19, time=0.001)\n            Seq Scan on web_site  (rows=22, time=0.53)",
  "plan_json": {
    "Node Type": "Limit",
    "Parallel Aware": false,
    "Async Capable": false,
    "Startup Cost": 196426.16,
    "Total Cost": 196426.17,
    "Plan Rows": 1,
    "Plan Width": 72,
    "Actual Startup Time": 2244.343,
    "Actual Total Time": 2249.998,
    "Actual Rows": 1,
    "Actual Loops": 1,
    "Plans": [
      {
        "Node Type": "Sort",
        "Parent Relationship": "Outer",
        "Parallel Aware": false,
        "Async Capable": false,
        "Startup Cost": 196426.16,
        "Total Cost": 196426.17,
        "Plan Rows": 1,
        "Plan Width": 72,
        "Actual Startup Time": 2211.414,
        "Actual Total Time": 2217.068,
        "Actual Rows": 1,
        "Actual Loops": 1,
        "Sort Key": [
          "(count(DISTINCT ws1.ws_order_number))"
        ],
        "Sort Method": "quicksort",
        "Sort Space Used": 25,
        "Sort Space Type": "Memory",
        "Plans": [
          {
            "Node Type": "Aggregate",
            "Strategy": "Plain",
            "Partial Mode": "Simple",
            "Parent Relationship": "Outer",
            "Parallel Aware": false,
            "Async Capable": false,
            "Startup Cost": 196426.14,
            "Total Cost": 196426.15,
            "Plan Rows": 1,
            "Plan Width": 72,
            "Actual Startup Time": 2211.38,
            "Actual Total Time": 2217.034,
            "Actual Rows": 1,
            "Actual Loops": 1,
            "Plans": [
              {
                "Node Type": "Sort",
                "Parent Relationship": "Outer",
                "Parallel Aware": false,
                "Async Capable": false,
                "Startup Cost": 196425.9,
                "Total Cost": 196425.96,
                "Plan Rows": 24,
                "Plan Width": 16,
                "Actual Startup Time": 2211.272,
                "Actual Total Time": 2216.949,
                "Actual Rows": 753,
                "Actual Loops": 1,
                "Sort Key": [
                  "ws1.ws_order_number"
                ],
                "Sort Method": "quicksort",
                "Sort Space Used": 59,
                "Sort Space Type": "Memory",
                "Plans": [
                  {
                    "Node Type": "Nested Loop",
                    "Parent Relationship": "Outer",
                    "Parallel Aware": false,
                    "Async Capable": false,
                    "Join Type": "Inner",
                    "Startup Cost": 159869.14,
                    "Total Cost": 196425.35,
                    "Plan Rows": 24,
                    "Plan Width": 16,
                    "Actual Startup Time": 1986.601,
                    "Actual Total Time": 2216.837,
                    "Actual Rows": 753,
                    "Actual Loops": 1,
                    "Inner Unique": true,
                    "Join Filter": "(ws1.ws_web_site_sk = web_site.web_site_sk)",
                    "Rows Removed by Join Filter": 17114,
                    "Plans": [
                      {
                        "Node Type": "Gather",
                        "Parent Relationship": "Outer",
                        "Parallel Aware": false,
                        "Async Capable": false,
                        "Startup Cost": 159869.14,
                        "Total Cost": 196407.25,
                        "Plan Rows": 43,
                        "Plan Width": 20,
                        "Actual Startup Time": 1986.458,
                        "Actual Total Time": 2215.423,
                        "Actual Rows": 944,
                        "Actual Loops": 1,
                        "Workers Planned": 2,
                        "Workers Launched": 2,
                        "Single Copy": false,
                        "Plans": [
                          {
                            "Node Type": "Nested Loop",
                            "Parent Relationship": "Outer",
                            "Parallel Aware": false,
                            "Async Capable": false,
                            "Join Type": "Semi",
                            "Startup Cost": 158869.14,
                            "Total Cost": 195402.95,
                            "Plan Rows": 18,
                            "Plan Width": 20,
                            "Actual Startup Time": 1749.41,
                            "Actual Total Time": 1895.581,
                            "Actual Rows": 315,
                            "Actual Loops": 3,
                            "Inner Unique": false,
                            "Workers": [],
                            "Plans": [
                              {
                                "Node Type": "Nested Loop",
                                "Parent Relationship": "Outer",
                                "Parallel Aware": false,
                                "Async Capable": false,
                                "Join Type": "Inner",
                                "Startup Cost": 158868.71,
                                "Total Cost": 195387.81,
                                "Plan Rows": 18,
                                "Plan Width": 24,
                                "Actual Startup Time": 1748.445,
                                "Actual Total Time": 1837.646,
                                "Actual Rows": 315,
                                "Actual Loops": 3,
                                "Inner Unique": true,
                                "Workers": [],
                                "Plans": [
                                  {
                                    "Node Type": "Hash Join",
                                    "Parent Relationship": "Outer",
                                    "Parallel Aware": true,
                                    "Async Capable": false,
                                    "Join Type": "Right Anti",
                                    "Startup Cost": 158868.29,
                                    "Total Cost": 195344.86,
                                    "Plan Rows": 80,
                                    "Plan Width": 28,
                                    "Actual Startup Time": 1747.972,
                                    "Actual Total Time": 1748.39,
                                    "Actual Rows": 1427,
                                    "Actual Loops": 3,
                                    "Inner Unique": false,
                                    "Hash Cond": "(wr1.wr_order_number = ws1.ws_order_number)",
                                    "Workers": [],
                                    "Plans": [
                                      {
                                        "Node Type": "Seq Scan",
                                        "Parent Relationship": "Outer",
                                        "Parallel Aware": true,
                                        "Async Capable": false,
                                        "Relation Name": "web_returns",
                                        "Alias": "wr1",
                                        "Startup Cost": 0.0,
                                        "Total Cost": 36320.4,
                                        "Plan Rows": 41610,
                                        "Plan Width": 4,
                                        "Actual Startup Time": 0.654,
                                        "Actual Total Time": 944.227,
                                        "Actual Rows": 33995,
                                        "Actual Loops": 3,
                                        "Filter": "(wr_reason_sk = ANY ('{7,25,26,52,69}'::integer[]))",
                                        "Rows Removed by Filter": 446123,
                                        "Workers": []
                                      },
                                      {
                                        "Node Type": "Hash",
                                        "Parent Relationship": "Inner",
                                        "Parallel Aware": true,
                                        "Async Capable": false,
                                        "Startup Cost": 158866.46,
                                        "Total Cost": 158866.46,
                                        "Plan Rows": 146,
                                        "Plan Width": 28,
                                        "Actual Startup Time": 797.152,
                                        "Actual Total Time": 797.154,
                                        "Actual Rows": 1688,
                                        "Actual Loops": 3,
                                        "Hash Buckets": 8192,
                                        "Original Hash Buckets": 1024,
                                        "Hash Batches": 1,
                                        "Original Hash Batches": 1,
                                        "Peak Memory Usage": 472,
                                        "Workers": [],
                                        "Plans": [
                                          {
                                            "Node Type": "Nested Loop",
                                            "Parent Relationship": "Outer",
                                            "Parallel Aware": false,
                                            "Async Capable": false,
                                            "Join Type": "Inner",
                                            "Startup Cost": 0.43,
                                            "Total Cost": 158866.46,
                                            "Plan Rows": 146,
                                            "Plan Width": 28,
                                            "Actual Startup Time": 60.598,
                                            "Actual Total Time": 519.194,
                                            "Actual Rows": 1688,
                                            "Actual Loops": 3,
                                            "Inner Unique": false,
                                            "Workers": [],
                                            "Plans": [
                                              {
                                                "Node Type": "Seq Scan",
                                                "Parent Relationship": "Outer",
                                                "Parallel Aware": true,
                                                "Async Capable": false,
                                                "Relation Name": "date_dim",
                                                "Alias": "date_dim",
                                                "Startup Cost": 0.0,
                                                "Total Cost": 2068.55,
                                                "Plan Rows": 40,
                                                "Plan Width": 4,
                                                "Actual Startup Time": 59.031,
                                                "Actual Total Time": 59.05,
                                                "Actual Rows": 20,
                                                "Actual Loops": 3,
                                                "Filter": "((d_date >= '2002-09-01'::date) AND (d_date <= '2002-10-31 00:00:00'::timestamp without time zone))",
                                                "Rows Removed by Filter": 24329,
                                                "Workers": []
                                              },
                                              {
                                                "Node Type": "Index Scan",
                                                "Parent Relationship": "Inner",
                                                "Parallel Aware": false,
                                                "Async Capable": false,
                                                "Scan Direction": "Forward",
                                                "Index Name": "_dta_index_web_sales_6_1269579561__k3_k18_k12_k14_16_29_34",
                                                "Relation Name": "web_sales",
                                                "Alias": "ws1",
                                                "Startup Cost": 0.43,
                                                "Total Cost": 3918.76,
                                                "Plan Rows": 119,
                                                "Plan Width": 32,
                                                "Actual Startup Time": 0.252,
                                                "Actual Total Time": 22.6,
                                                "Actual Rows": 83,
                                                "Actual Loops": 61,
                                                "Index Cond": "(ws_ship_date_sk = date_dim.d_date_sk)",
                                                "Rows Removed by Index Recheck": 0,
                                                "Filter": "((ws_list_price >= '237'::numeric) AND (ws_list_price <= '266'::numeric))",
                                                "Rows Removed by Filter": 2171,
                                                "Workers": []
                                              }
                                            ]
                                          }
                                        ]
                                      }
                                    ]
                                  },
                                  {
                                    "Node Type": "Index Scan",
                                    "Parent Relationship": "Inner",
                                    "Parallel Aware": false,
                                    "Async Capable": false,
                                    "Scan Direction": "Forward",
                                    "Index Name": "customer_address_pkey",
                                    "Relation Name": "customer_address",
                                    "Alias": "customer_address",
                                    "Startup Cost": 0.42,
                                    "Total Cost": 0.54,
                                    "Plan Rows": 1,
                                    "Plan Width": 4,
                                    "Actual Startup Time": 0.062,
                                    "Actual Total Time": 0.062,
                                    "Actual Rows": 0,
                                    "Actual Loops": 4281,
                                    "Index Cond": "(ca_address_sk = ws1.ws_ship_addr_sk)",
                                    "Rows Removed by Index Recheck": 0,
                                    "Filter": "(ca_state = ANY ('{CA,MI,OH,SD,TX,VA}'::bpchar[]))",
                                    "Rows Removed by Filter": 1,
                                    "Workers": []
                                  }
                                ]
                              },
                              {
                                "Node Type": "Index Only Scan",
                                "Parent Relationship": "Inner",
                                "Parallel Aware": false,
                                "Async Capable": false,
                                "Scan Direction": "Forward",
                                "Index Name": "_dta_index_web_sales_6_1269579561__k18_16",
                                "Relation Name": "web_sales",
                                "Alias": "ws2",
                                "Startup Cost": 0.43,
                                "Total Cost": 4.84,
                                "Plan Rows": 59,
                                "Plan Width": 8,
                                "Actual Startup Time": 0.184,
                                "Actual Total Time": 0.184,
                                "Actual Rows": 1,
                                "Actual Loops": 944,
                                "Index Cond": "(ws_order_number = ws1.ws_order_number)",
                                "Rows Removed by Index Recheck": 0,
                                "Filter": "(ws1.ws_warehouse_sk <> ws_warehouse_sk)",
                                "Rows Removed by Filter": 0,
                                "Heap Fetches": 1181,
                                "Workers": []
                              }
                            ]
                          }
                        ]
                      },
                      {
                        "Node Type": "Materialize",
                        "Parent Relationship": "Inner",
                        "Parallel Aware": false,
                        "Async Capable": false,
                        "Startup Cost": 0.0,
                        "Total Cost": 3.64,
                        "Plan Rows": 23,
                        "Plan Width": 4,
                        "Actual Startup Time": 0.0,
                        "Actual Total Time": 0.001,
                        "Actual Rows": 19,
                        "Actual Loops": 944,
                        "Plans": [
                          {
                            "Node Type": "Seq Scan",
                            "Parent Relationship": "Outer",
                            "Parallel Aware": false,
                            "Async Capable": false,
                            "Relation Name": "web_site",
                            "Alias": "web_site",
                            "Startup Cost": 0.0,
                            "Total Cost": 3.52,
                            "Plan Rows": 23,
                            "Plan Width": 4,
                            "Actual Startup Time": 0.131,
                            "Actual Total Time": 0.53,
                            "Actual Rows": 22,
                            "Actual Loops": 1,
                            "Filter": "(web_gmt_offset >= '-5'::numeric)",
                            "Rows Removed by Filter": 20
                          }
                        ]
                      }
                    ]
                  }
                ]
              }
            ]
          }
        ]
      }
    ]
  },
  "actual_rows": 1,
  "provenance": {
    "database": "postgres://jakc9:jakc9@127.0.0.1:5434/dsb_sf10",
    "scale_factor": 10,
    "engine": "postgresql",
    "engine_version": "14.3",
    "cached_at": "2026-02-09T21:26:54.455495"
  }
}