{
  "execution_time_ms": 8606.834,
  "plan_text": "Limit  (rows=0, time=8606.701)\n  Aggregate  (rows=0, time=8606.7)\n    Nested Loop  (rows=0, time=8606.698)\n      Nested Loop  (rows=36, time=8605.821)\n        Gather Merge  (rows=42316, time=3782.033)\n          Sort  (rows=14105, time=2842.11)\n            Nested Loop  (rows=14105, time=2775.472)\n              Nested Loop  (rows=14105, time=2586.108)\n                Hash Join  (rows=14290, time=2576.693)\n                  Nested Loop  (rows=176229, time=174.18)\n                    Index Only Scan on date_dim (d1)  (rows=10, time=1.12)\n                    Index Only Scan on store_sales  (rows=17054, time=15.938)\n                  Hash  (rows=109862, time=2366.0)\n                    Nested Loop  (rows=109862, time=1467.032)\n                      Index Only Scan on date_dim (d2)  (rows=31, time=0.703)\n                      Index Scan on store_returns  (rows=3582, time=47.414)\n                Index Only Scan on store  (rows=1, time=0.0)\n              Index Only Scan on item  (rows=1, time=0.013)\n        Index Only Scan on catalog_sales  (rows=0, time=0.114)\n      Index Only Scan on date_dim (d3)  (rows=0, time=0.023)",
  "plan_json": {
    "Node Type": "Limit",
    "Parallel Aware": false,
    "Async Capable": false,
    "Startup Cost": 28684.8,
    "Total Cost": 28691.15,
    "Plan Rows": 1,
    "Plan Width": 236,
    "Actual Startup Time": 8604.953,
    "Actual Total Time": 8606.701,
    "Actual Rows": 0,
    "Actual Loops": 1,
    "Plans": [
      {
        "Node Type": "Aggregate",
        "Strategy": "Sorted",
        "Partial Mode": "Simple",
        "Parent Relationship": "Outer",
        "Parallel Aware": false,
        "Async Capable": false,
        "Startup Cost": 28684.8,
        "Total Cost": 28691.15,
        "Plan Rows": 1,
        "Plan Width": 236,
        "Actual Startup Time": 8604.952,
        "Actual Total Time": 8606.7,
        "Actual Rows": 0,
        "Actual Loops": 1,
        "Group Key": [
          "item.i_item_id",
          "item.i_item_desc",
          "store.s_store_id",
          "store.s_store_name"
        ],
        "Plans": [
          {
            "Node Type": "Nested Loop",
            "Parent Relationship": "Outer",
            "Parallel Aware": false,
            "Async Capable": false,
            "Join Type": "Inner",
            "Startup Cost": 28684.8,
            "Total Cost": 28691.12,
            "Plan Rows": 1,
            "Plan Width": 158,
            "Actual Startup Time": 8604.951,
            "Actual Total Time": 8606.698,
            "Actual Rows": 0,
            "Actual Loops": 1,
            "Inner Unique": true,
            "Plans": [
              {
                "Node Type": "Nested Loop",
                "Parent Relationship": "Outer",
                "Parallel Aware": false,
                "Async Capable": false,
                "Join Type": "Inner",
                "Startup Cost": 28684.51,
                "Total Cost": 28688.81,
                "Plan Rows": 1,
                "Plan Width": 162,
                "Actual Startup Time": 3856.741,
                "Actual Total Time": 8605.821,
                "Actual Rows": 36,
                "Actual Loops": 1,
                "Inner Unique": false,
                "Join Filter": "(catalog_sales.cs_item_sk = item.i_item_sk)",
                "Rows Removed by Join Filter": 0,
                "Plans": [
                  {
                    "Node Type": "Gather Merge",
                    "Parent Relationship": "Outer",
                    "Parallel Aware": false,
                    "Async Capable": false,
                    "Startup Cost": 28683.95,
                    "Total Cost": 28684.07,
                    "Plan Rows": 1,
                    "Plan Width": 172,
                    "Actual Startup Time": 3746.363,
                    "Actual Total Time": 3782.033,
                    "Actual Rows": 42316,
                    "Actual Loops": 1,
                    "Workers Planned": 2,
                    "Workers Launched": 2,
                    "Plans": [
                      {
                        "Node Type": "Sort",
                        "Parent Relationship": "Outer",
                        "Parallel Aware": false,
                        "Async Capable": false,
                        "Startup Cost": 27683.93,
                        "Total Cost": 27683.93,
                        "Plan Rows": 1,
                        "Plan Width": 172,
                        "Actual Startup Time": 2823.741,
                        "Actual Total Time": 2842.11,
                        "Actual Rows": 14105,
                        "Actual Loops": 3,
                        "Sort Key": [
                          "item.i_item_id",
                          "item.i_item_desc",
                          "store.s_store_id",
                          "store.s_store_name"
                        ],
                        "Sort Method": "quicksort",
                        "Sort Space Used": 25,
                        "Sort Space Type": "Memory",
                        "Workers": [
                          {
                            "Worker Number": 0,
                            "Sort Method": "external merge",
                            "Sort Space Used": 8176,
                            "Sort Space Type": "Disk"
                          },
                          {
                            "Worker Number": 1,
                            "Sort Method": "quicksort",
                            "Sort Space Used": 25,
                            "Sort Space Type": "Memory"
                          }
                        ],
                        "Plans": [
                          {
                            "Node Type": "Nested Loop",
                            "Parent Relationship": "Outer",
                            "Parallel Aware": false,
                            "Async Capable": false,
                            "Join Type": "Inner",
                            "Startup Cost": 17442.19,
                            "Total Cost": 27683.92,
                            "Plan Rows": 1,
                            "Plan Width": 172,
                            "Actual Startup Time": 2368.405,
                            "Actual Total Time": 2775.472,
                            "Actual Rows": 14105,
                            "Actual Loops": 3,
                            "Inner Unique": true,
                            "Workers": [],
                            "Plans": [
                              {
                                "Node Type": "Nested Loop",
                                "Parent Relationship": "Outer",
                                "Parallel Aware": false,
                                "Async Capable": false,
                                "Join Type": "Inner",
                                "Startup Cost": 17441.77,
                                "Total Cost": 27681.54,
                                "Plan Rows": 1,
                                "Plan Width": 49,
                                "Actual Startup Time": 2368.242,
                                "Actual Total Time": 2586.108,
                                "Actual Rows": 14105,
                                "Actual Loops": 3,
                                "Inner Unique": true,
                                "Workers": [],
                                "Plans": [
                                  {
                                    "Node Type": "Hash Join",
                                    "Parent Relationship": "Outer",
                                    "Parallel Aware": true,
                                    "Async Capable": false,
                                    "Join Type": "Inner",
                                    "Startup Cost": 17441.63,
                                    "Total Cost": 27679.75,
                                    "Plan Rows": 1,
                                    "Plan Width": 32,
                                    "Actual Startup Time": 2367.865,
                                    "Actual Total Time": 2576.693,
                                    "Actual Rows": 14290,
                                    "Actual Loops": 3,
                                    "Inner Unique": false,
                                    "Hash Cond": "((store_sales.ss_item_sk = store_returns.sr_item_sk) AND (store_sales.ss_customer_sk = store_returns.sr_customer_sk) AND (store_sales.ss_ticket_number = store_returns.sr_ticket_number))",
                                    "Workers": [],
                                    "Plans": [
                                      {
                                        "Node Type": "Nested Loop",
                                        "Parent Relationship": "Outer",
                                        "Parallel Aware": false,
                                        "Async Capable": false,
                                        "Join Type": "Inner",
                                        "Startup Cost": 0.85,
                                        "Total Cost": 10185.89,
                                        "Plan Rows": 4718,
                                        "Plan Width": 22,
                                        "Actual Startup Time": 1.748,
                                        "Actual Total Time": 174.18,
                                        "Actual Rows": 176229,
                                        "Actual Loops": 3,
                                        "Inner Unique": false,
                                        "Workers": [],
                                        "Plans": [
                                          {
                                            "Node Type": "Index Only Scan",
                                            "Parent Relationship": "Outer",
                                            "Parallel Aware": true,
                                            "Async Capable": false,
                                            "Scan Direction": "Forward",
                                            "Index Name": "_dta_index_date_dim_6_661577395__k1_k7_k9",
                                            "Relation Name": "date_dim",
                                            "Alias": "d1",
                                            "Startup Cost": 0.29,
                                            "Total Cost": 1862.91,
                                            "Plan Rows": 12,
                                            "Plan Width": 4,
                                            "Actual Startup Time": 1.114,
                                            "Actual Total Time": 1.12,
                                            "Actual Rows": 10,
                                            "Actual Loops": 3,
                                            "Index Cond": "((d_year = 1999) AND (d_moy = 3))",
                                            "Rows Removed by Index Recheck": 0,
                                            "Heap Fetches": 0,
                                            "Workers": []
                                          },
                                          {
                                            "Node Type": "Index Only Scan",
                                            "Parent Relationship": "Inner",
                                            "Parallel Aware": false,
                                            "Async Capable": false,
                                            "Scan Direction": "Forward",
                                            "Index Name": "_dta_index_store_sales_6_1333579789__k1_k3_k10_k4_k8_23",
                                            "Relation Name": "store_sales",
                                            "Alias": "store_sales",
                                            "Startup Cost": 0.56,
                                            "Total Cost": 558.77,
                                            "Plan Rows": 13481,
                                            "Plan Width": 26,
                                            "Actual Startup Time": 0.183,
                                            "Actual Total Time": 15.938,
                                            "Actual Rows": 17054,
                                            "Actual Loops": 31,
                                            "Index Cond": "(ss_sold_date_sk = d1.d_date_sk)",
                                            "Rows Removed by Index Recheck": 0,
                                            "Heap Fetches": 0,
                                            "Workers": []
                                          }
                                        ]
                                      },
                                      {
                                        "Node Type": "Hash",
                                        "Parent Relationship": "Inner",
                                        "Parallel Aware": true,
                                        "Async Capable": false,
                                        "Startup Cost": 17377.62,
                                        "Total Cost": 17377.62,
                                        "Plan Rows": 3609,
                                        "Plan Width": 18,
                                        "Actual Startup Time": 2365.999,
                                        "Actual Total Time": 2366.0,
                                        "Actual Rows": 109862,
                                        "Actual Loops": 3,
                                        "Hash Buckets": 524288,
                                        "Original Hash Buckets": 16384,
                                        "Hash Batches": 1,
                                        "Original Hash Batches": 1,
                                        "Peak Memory Usage": 25792,
                                        "Workers": [],
                                        "Plans": [
                                          {
                                            "Node Type": "Nested Loop",
                                            "Parent Relationship": "Outer",
                                            "Parallel Aware": false,
                                            "Async Capable": false,
                                            "Join Type": "Inner",
                                            "Startup Cost": 0.72,
                                            "Total Cost": 17377.62,
                                            "Plan Rows": 3609,
                                            "Plan Width": 18,
                                            "Actual Startup Time": 1.64,
                                            "Actual Total Time": 1467.032,
                                            "Actual Rows": 109862,
                                            "Actual Loops": 3,
                                            "Inner Unique": false,
                                            "Workers": [],
                                            "Plans": [
                                              {
                                                "Node Type": "Index Only Scan",
                                                "Parent Relationship": "Outer",
                                                "Parallel Aware": true,
                                                "Async Capable": false,
                                                "Scan Direction": "Forward",
                                                "Index Name": "_dta_index_date_dim_6_661577395__k1_k7_k9",
                                                "Relation Name": "date_dim",
                                                "Alias": "d2",
                                                "Startup Cost": 0.29,
                                                "Total Cost": 2047.53,
                                                "Plan Rows": 38,
                                                "Plan Width": 4,
                                                "Actual Startup Time": 0.681,
                                                "Actual Total Time": 0.703,
                                                "Actual Rows": 31,
                                                "Actual Loops": 3,
                                                "Index Cond": "((d_year = 1999) AND (d_moy >= 3) AND (d_moy <= 5))",
                                                "Rows Removed by Index Recheck": 0,
                                                "Heap Fetches": 0,
                                                "Workers": []
                                              },
                                              {
                                                "Node Type": "Index Scan",
                                                "Parent Relationship": "Inner",
                                                "Parallel Aware": false,
                                                "Async Capable": false,
                                                "Scan Direction": "Forward",
                                                "Index Name": "_dta_index_store_returns_6_1013578649__k1_3_4_10",
                                                "Relation Name": "store_returns",
                                                "Alias": "store_returns",
                                                "Startup Cost": 0.43,
                                                "Total Cost": 372.13,
                                                "Plan Rows": 3129,
                                                "Plan Width": 22,
                                                "Actual Startup Time": 0.079,
                                                "Actual Total Time": 47.414,
                                                "Actual Rows": 3582,
                                                "Actual Loops": 92,
                                                "Index Cond": "(sr_returned_date_sk = d2.d_date_sk)",
                                                "Rows Removed by Index Recheck": 0,
                                                "Workers": []
                                              }
                                            ]
                                          }
                                        ]
                                      }
                                    ]
                                  },
                                  {
                                    "Node Type": "Index Only Scan",
                                    "Parent Relationship": "Inner",
                                    "Parallel Aware": false,
                                    "Async Capable": false,
                                    "Scan Direction": "Forward",
                                    "Index Name": "_dta_index_store_6_885578193__k1_2_6",
                                    "Relation Name": "store",
                                    "Alias": "store",
                                    "Startup Cost": 0.14,
                                    "Total Cost": 1.76,
                                    "Plan Rows": 1,
                                    "Plan Width": 25,
                                    "Actual Startup Time": 0.0,
                                    "Actual Total Time": 0.0,
                                    "Actual Rows": 1,
                                    "Actual Loops": 42870,
                                    "Index Cond": "(s_store_sk = store_sales.ss_store_sk)",
                                    "Rows Removed by Index Recheck": 0,
                                    "Heap Fetches": 42316,
                                    "Workers": []
                                  }
                                ]
                              },
                              {
                                "Node Type": "Index Only Scan",
                                "Parent Relationship": "Inner",
                                "Parallel Aware": false,
                                "Async Capable": false,
                                "Scan Direction": "Forward",
                                "Index Name": "_dta_index_item_6_853578079__k1_2_5",
                                "Relation Name": "item",
                                "Alias": "item",
                                "Startup Cost": 0.42,
                                "Total Cost": 2.38,
                                "Plan Rows": 1,
                                "Plan Width": 123,
                                "Actual Startup Time": 0.013,
                                "Actual Total Time": 0.013,
                                "Actual Rows": 1,
                                "Actual Loops": 42316,
                                "Index Cond": "(i_item_sk = store_sales.ss_item_sk)",
                                "Rows Removed by Index Recheck": 0,
                                "Heap Fetches": 0,
                                "Workers": []
                              }
                            ]
                          }
                        ]
                      }
                    ]
                  },
                  {
                    "Node Type": "Index Only Scan",
                    "Parent Relationship": "Inner",
                    "Parallel Aware": false,
                    "Async Capable": false,
                    "Scan Direction": "Forward",
                    "Index Name": "_dta_index_catalog_sales_6_1301579675__k16_k4_k1_34",
                    "Relation Name": "catalog_sales",
                    "Alias": "catalog_sales",
                    "Startup Cost": 0.56,
                    "Total Cost": 4.72,
                    "Plan Rows": 1,
                    "Plan Width": 18,
                    "Actual Startup Time": 0.114,
                    "Actual Total Time": 0.114,
                    "Actual Rows": 0,
                    "Actual Loops": 42316,
                    "Index Cond": "((cs_item_sk = store_sales.ss_item_sk) AND (cs_bill_customer_sk = store_sales.ss_customer_sk))",
                    "Rows Removed by Index Recheck": 0,
                    "Heap Fetches": 36
                  }
                ]
              },
              {
                "Node Type": "Index Only Scan",
                "Parent Relationship": "Inner",
                "Parallel Aware": false,
                "Async Capable": false,
                "Scan Direction": "Forward",
                "Index Name": "_dta_index_date_dim_6_661577395__k1_k7_k9",
                "Relation Name": "date_dim",
                "Alias": "d3",
                "Startup Cost": 0.29,
                "Total Cost": 2.27,
                "Plan Rows": 1,
                "Plan Width": 4,
                "Actual Startup Time": 0.023,
                "Actual Total Time": 0.023,
                "Actual Rows": 0,
                "Actual Loops": 36,
                "Index Cond": "((d_date_sk = catalog_sales.cs_sold_date_sk) AND (d_year = 1999) AND (d_moy >= 3) AND (d_moy <= 5))",
                "Rows Removed by Index Recheck": 0,
                "Heap Fetches": 0
              }
            ]
          }
        ]
      }
    ]
  },
  "actual_rows": 0,
  "provenance": {
    "database": "postgres://jakc9:jakc9@127.0.0.1:5434/dsb_sf10",
    "scale_factor": 10,
    "engine": "postgresql",
    "engine_version": "14.3",
    "cached_at": "2026-02-09T20:54:54.300583"
  }
}