{
  "execution_time_ms": 22984.376,
  "plan_text": "Nested Loop  (rows=0, time=22973.409)\n  Aggregate  (rows=98, time=22973.357)\n    Gather Merge  (rows=99, time=22973.296)\n      Aggregate  (rows=33, time=22942.617)\n        Sort  (rows=33, time=22942.57)\n          Nested Loop  (rows=33, time=22942.476)\n            Nested Loop  (rows=34, time=22941.457)\n              Hash Join  (rows=558, time=22878.752)\n                Seq Scan on store_sales  (rows=138412, time=21992.784)\n                Hash  (rows=272, time=845.635)\n                  Bitmap Heap Scan on item  (rows=272, time=845.315)\n                    Bitmap Index Scan  (rows=4248, time=3.631)\n              Index Scan on customer_address  (rows=0, time=0.11)\n            Index Scan on date_dim  (rows=1, time=0.027)\n  Aggregate  (rows=0, time=0.0)\n    Gather Merge  (rows=0, time=0.0)\n      Aggregate  (rows=0, time=0.0)\n        Sort  (rows=0, time=0.0)\n          Nested Loop  (rows=0, time=0.0)\n            Nested Loop  (rows=0, time=0.0)\n              Hash Join  (rows=0, time=0.0)\n                Seq Scan on web_sales  (rows=0, time=0.0)\n                Hash  (rows=0, time=0.0)\n                  Bitmap Heap Scan on item (item_1)  (rows=0, time=0.0)\n                    Bitmap Index Scan  (rows=0, time=0.0)\n              Index Scan on customer_address (customer_address_1)  (rows=0, time=0.0)\n            Index Scan on date_dim (date_dim_1)  (rows=0, time=0.0)\n  Nested Loop  (rows=0, time=22969.723)\n    Nested Loop  (rows=0, time=22969.721)\n      Nested Loop  (rows=0, time=22969.72)\n        Nested Loop  (rows=0, time=22969.719)\n          CTE Scan (ss1)  (rows=8, time=22969.625)\n          CTE Scan (ss2)  (rows=4, time=0.011)\n        CTE Scan (ss3)  (rows=0, time=0.0)\n      CTE Scan (ws1)  (rows=0, time=0.0)\n    CTE Scan (ws2)  (rows=0, time=0.0)\n  CTE Scan (ws3)  (rows=0, time=0.0)",
  "plan_json": {
    "Node Type": "Nested Loop",
    "Parallel Aware": false,
    "Async Capable": false,
    "Join Type": "Inner",
    "Startup Cost": 940721.14,
    "Total Cost": 940740.51,
    "Plan Rows": 1,
    "Plan Width": 210,
    "Actual Startup Time": 22969.721,
    "Actual Total Time": 22973.409,
    "Actual Rows": 0,
    "Actual Loops": 1,
    "Inner Unique": false,
    "Join Filter": "(((ss1.ca_county)::text = (ws3.ca_county)::text) AND (CASE WHEN (ws2.web_sales > '0'::numeric) THEN (ws3.web_sales / ws2.web_sales) ELSE NULL::numeric END > CASE WHEN (ss2.store_sales > '0'::numeric) THEN (ss3.store_sales / ss2.store_sales) ELSE NULL::numeric END))",
    "Rows Removed by Join Filter": 0,
    "Plans": [
      {
        "Node Type": "Aggregate",
        "Strategy": "Sorted",
        "Partial Mode": "Finalize",
        "Parent Relationship": "InitPlan",
        "Subplan Name": "CTE ss",
        "Parallel Aware": false,
        "Async Capable": false,
        "Startup Cost": 701993.45,
        "Total Cost": 702020.81,
        "Plan Rows": 212,
        "Plan Width": 54,
        "Actual Startup Time": 22969.61,
        "Actual Total Time": 22973.357,
        "Actual Rows": 98,
        "Actual Loops": 1,
        "Group Key": [
          "customer_address.ca_county",
          "date_dim.d_qoy",
          "date_dim.d_year"
        ],
        "Plans": [
          {
            "Node Type": "Gather Merge",
            "Parent Relationship": "Outer",
            "Parallel Aware": false,
            "Async Capable": false,
            "Startup Cost": 701993.45,
            "Total Cost": 702015.96,
            "Plan Rows": 176,
            "Plan Width": 54,
            "Actual Startup Time": 22969.584,
            "Actual Total Time": 22973.296,
            "Actual Rows": 99,
            "Actual Loops": 1,
            "Workers Planned": 2,
            "Workers Launched": 2,
            "Plans": [
              {
                "Node Type": "Aggregate",
                "Strategy": "Sorted",
                "Partial Mode": "Partial",
                "Parent Relationship": "Outer",
                "Parallel Aware": false,
                "Async Capable": false,
                "Startup Cost": 700993.42,
                "Total Cost": 700995.62,
                "Plan Rows": 88,
                "Plan Width": 54,
                "Actual Startup Time": 22942.601,
                "Actual Total Time": 22942.617,
                "Actual Rows": 33,
                "Actual Loops": 3,
                "Group Key": [
                  "customer_address.ca_county",
                  "date_dim.d_qoy",
                  "date_dim.d_year"
                ],
                "Workers": [],
                "Plans": [
                  {
                    "Node Type": "Sort",
                    "Parent Relationship": "Outer",
                    "Parallel Aware": false,
                    "Async Capable": false,
                    "Startup Cost": 700993.42,
                    "Total Cost": 700993.64,
                    "Plan Rows": 88,
                    "Plan Width": 28,
                    "Actual Startup Time": 22942.565,
                    "Actual Total Time": 22942.57,
                    "Actual Rows": 33,
                    "Actual Loops": 3,
                    "Sort Key": [
                      "customer_address.ca_county",
                      "date_dim.d_qoy",
                      "date_dim.d_year"
                    ],
                    "Sort Method": "quicksort",
                    "Sort Space Used": 26,
                    "Sort Space Type": "Memory",
                    "Workers": [
                      {
                        "Worker Number": 0,
                        "Sort Method": "quicksort",
                        "Sort Space Used": 26,
                        "Sort Space Type": "Memory"
                      },
                      {
                        "Worker Number": 1,
                        "Sort Method": "quicksort",
                        "Sort Space Used": 27,
                        "Sort Space Type": "Memory"
                      }
                    ],
                    "Plans": [
                      {
                        "Node Type": "Nested Loop",
                        "Parent Relationship": "Outer",
                        "Parallel Aware": false,
                        "Async Capable": false,
                        "Join Type": "Inner",
                        "Startup Cost": 6458.7,
                        "Total Cost": 700990.58,
                        "Plan Rows": 88,
                        "Plan Width": 28,
                        "Actual Startup Time": 1545.725,
                        "Actual Total Time": 22942.476,
                        "Actual Rows": 33,
                        "Actual Loops": 3,
                        "Inner Unique": true,
                        "Workers": [],
                        "Plans": [
                          {
                            "Node Type": "Nested Loop",
                            "Parent Relationship": "Outer",
                            "Parallel Aware": false,
                            "Async Capable": false,
                            "Join Type": "Inner",
                            "Startup Cost": 6458.41,
                            "Total Cost": 700957.36,
                            "Plan Rows": 92,
                            "Plan Width": 24,
                            "Actual Startup Time": 1545.696,
                            "Actual Total Time": 22941.457,
                            "Actual Rows": 34,
                            "Actual Loops": 3,
                            "Inner Unique": true,
                            "Workers": [],
                            "Plans": [
                              {
                                "Node Type": "Hash Join",
                                "Parent Relationship": "Outer",
                                "Parallel Aware": true,
                                "Async Capable": false,
                                "Join Type": "Inner",
                                "Startup Cost": 6457.99,
                                "Total Cost": 700103.59,
                                "Plan Rows": 1581,
                                "Plan Width": 14,
                                "Actual Startup Time": 898.832,
                                "Actual Total Time": 22878.752,
                                "Actual Rows": 558,
                                "Actual Loops": 3,
                                "Inner Unique": true,
                                "Hash Cond": "(store_sales.ss_item_sk = item.i_item_sk)",
                                "Workers": [],
                                "Plans": [
                                  {
                                    "Node Type": "Seq Scan",
                                    "Parent Relationship": "Outer",
                                    "Parallel Aware": true,
                                    "Async Capable": false,
                                    "Relation Name": "store_sales",
                                    "Alias": "store_sales",
                                    "Startup Cost": 0.0,
                                    "Total Cost": 693137.43,
                                    "Plan Rows": 193583,
                                    "Plan Width": 18,
                                    "Actual Startup Time": 0.524,
                                    "Actual Total Time": 21992.784,
                                    "Actual Rows": 138412,
                                    "Actual Loops": 3,
                                    "Filter": "((ss_list_price >= '244'::numeric) AND (ss_list_price <= '258'::numeric))",
                                    "Rows Removed by Filter": 9461918,
                                    "Workers": []
                                  },
                                  {
                                    "Node Type": "Hash",
                                    "Parent Relationship": "Inner",
                                    "Parallel Aware": true,
                                    "Async Capable": false,
                                    "Startup Cost": 6453.65,
                                    "Total Cost": 6453.65,
                                    "Plan Rows": 347,
                                    "Plan Width": 4,
                                    "Actual Startup Time": 845.634,
                                    "Actual Total Time": 845.635,
                                    "Actual Rows": 272,
                                    "Actual Loops": 3,
                                    "Hash Buckets": 1024,
                                    "Original Hash Buckets": 1024,
                                    "Hash Batches": 1,
                                    "Original Hash Batches": 1,
                                    "Peak Memory Usage": 104,
                                    "Workers": [],
                                    "Plans": [
                                      {
                                        "Node Type": "Bitmap Heap Scan",
                                        "Parent Relationship": "Outer",
                                        "Parallel Aware": true,
                                        "Async Capable": false,
                                        "Relation Name": "item",
                                        "Alias": "item",
                                        "Startup Cost": 48.44,
                                        "Total Cost": 6453.65,
                                        "Plan Rows": 347,
                                        "Plan Width": 4,
                                        "Actual Startup Time": 404.515,
                                        "Actual Total Time": 845.315,
                                        "Actual Rows": 272,
                                        "Actual Loops": 3,
                                        "Recheck Cond": "(i_color = ANY ('{dark,puff}'::bpchar[]))",
                                        "Rows Removed by Index Recheck": 0,
                                        "Filter": "((i_manager_id >= 15) AND (i_manager_id <= 34))",
                                        "Rows Removed by Filter": 1144,
                                        "Exact Heap Blocks": 468,
                                        "Lossy Heap Blocks": 0,
                                        "Workers": [],
                                        "Plans": [
                                          {
                                            "Node Type": "Bitmap Index Scan",
                                            "Parent Relationship": "Outer",
                                            "Parallel Aware": false,
                                            "Async Capable": false,
                                            "Index Name": "_dta_index_item_6_853578079__k18",
                                            "Startup Cost": 0.0,
                                            "Total Cost": 48.23,
                                            "Plan Rows": 4219,
                                            "Plan Width": 0,
                                            "Actual Startup Time": 3.631,
                                            "Actual Total Time": 3.631,
                                            "Actual Rows": 4248,
                                            "Actual Loops": 1,
                                            "Index Cond": "(i_color = ANY ('{dark,puff}'::bpchar[]))",
                                            "Workers": []
                                          }
                                        ]
                                      }
                                    ]
                                  }
                                ]
                              },
                              {
                                "Node Type": "Index Scan",
                                "Parent Relationship": "Inner",
                                "Parallel Aware": false,
                                "Async Capable": false,
                                "Scan Direction": "Forward",
                                "Index Name": "customer_address_pkey",
                                "Relation Name": "customer_address",
                                "Alias": "customer_address",
                                "Startup Cost": 0.42,
                                "Total Cost": 0.54,
                                "Plan Rows": 1,
                                "Plan Width": 18,
                                "Actual Startup Time": 0.11,
                                "Actual Total Time": 0.11,
                                "Actual Rows": 0,
                                "Actual Loops": 1674,
                                "Index Cond": "(ca_address_sk = store_sales.ss_addr_sk)",
                                "Rows Removed by Index Recheck": 0,
                                "Filter": "(ca_state = ANY ('{KS,OH}'::bpchar[]))",
                                "Rows Removed by Filter": 1,
                                "Workers": []
                              }
                            ]
                          },
                          {
                            "Node Type": "Index Scan",
                            "Parent Relationship": "Inner",
                            "Parallel Aware": false,
                            "Async Capable": false,
                            "Scan Direction": "Forward",
                            "Index Name": "_dta_index_date_dim_6_661577395__k1_k7_k9",
                            "Relation Name": "date_dim",
                            "Alias": "date_dim",
                            "Startup Cost": 0.29,
                            "Total Cost": 0.36,
                            "Plan Rows": 1,
                            "Plan Width": 12,
                            "Actual Startup Time": 0.027,
                            "Actual Total Time": 0.027,
                            "Actual Rows": 1,
                            "Actual Loops": 102,
                            "Index Cond": "(d_date_sk = store_sales.ss_sold_date_sk)",
                            "Rows Removed by Index Recheck": 0,
                            "Workers": []
                          }
                        ]
                      }
                    ]
                  }
                ]
              }
            ]
          }
        ]
      },
      {
        "Node Type": "Aggregate",
        "Strategy": "Sorted",
        "Partial Mode": "Finalize",
        "Parent Relationship": "InitPlan",
        "Subplan Name": "CTE ws",
        "Parallel Aware": false,
        "Async Capable": false,
        "Startup Cost": 238694.43,
        "Total Cost": 238700.33,
        "Plan Rows": 45,
        "Plan Width": 54,
        "Actual Startup Time": 0.0,
        "Actual Total Time": 0.0,
        "Actual Rows": 0,
        "Actual Loops": 0,
        "Group Key": [
          "customer_address_1.ca_county",
          "date_dim_1.d_qoy",
          "date_dim_1.d_year"
        ],
        "Plans": [
          {
            "Node Type": "Gather Merge",
            "Parent Relationship": "Outer",
            "Parallel Aware": false,
            "Async Capable": false,
            "Startup Cost": 238694.43,
            "Total Cost": 238699.29,
            "Plan Rows": 38,
            "Plan Width": 54,
            "Actual Startup Time": 0.0,
            "Actual Total Time": 0.0,
            "Actual Rows": 0,
            "Actual Loops": 0,
            "Workers Planned": 2,
            "Workers Launched": 0,
            "Plans": [
              {
                "Node Type": "Aggregate",
                "Strategy": "Sorted",
                "Partial Mode": "Partial",
                "Parent Relationship": "Outer",
                "Parallel Aware": false,
                "Async Capable": false,
                "Startup Cost": 237694.4,
                "Total Cost": 237694.88,
                "Plan Rows": 19,
                "Plan Width": 54,
                "Actual Startup Time": 0.0,
                "Actual Total Time": 0.0,
                "Actual Rows": 0,
                "Actual Loops": 0,
                "Group Key": [
                  "customer_address_1.ca_county",
                  "date_dim_1.d_qoy",
                  "date_dim_1.d_year"
                ],
                "Plans": [
                  {
                    "Node Type": "Sort",
                    "Parent Relationship": "Outer",
                    "Parallel Aware": false,
                    "Async Capable": false,
                    "Startup Cost": 237694.4,
                    "Total Cost": 237694.45,
                    "Plan Rows": 19,
                    "Plan Width": 28,
                    "Actual Startup Time": 0.0,
                    "Actual Total Time": 0.0,
                    "Actual Rows": 0,
                    "Actual Loops": 0,
                    "Sort Key": [
                      "customer_address_1.ca_county",
                      "date_dim_1.d_qoy",
                      "date_dim_1.d_year"
                    ],
                    "Plans": [
                      {
                        "Node Type": "Nested Loop",
                        "Parent Relationship": "Outer",
                        "Parallel Aware": false,
                        "Async Capable": false,
                        "Join Type": "Inner",
                        "Startup Cost": 6458.7,
                        "Total Cost": 237694.0,
                        "Plan Rows": 19,
                        "Plan Width": 28,
                        "Actual Startup Time": 0.0,
                        "Actual Total Time": 0.0,
                        "Actual Rows": 0,
                        "Actual Loops": 0,
                        "Inner Unique": true,
                        "Plans": [
                          {
                            "Node Type": "Nested Loop",
                            "Parent Relationship": "Outer",
                            "Parallel Aware": false,
                            "Async Capable": false,
                            "Join Type": "Inner",
                            "Startup Cost": 6458.41,
                            "Total Cost": 237686.73,
                            "Plan Rows": 19,
                            "Plan Width": 24,
                            "Actual Startup Time": 0.0,
                            "Actual Total Time": 0.0,
                            "Actual Rows": 0,
                            "Actual Loops": 0,
                            "Inner Unique": true,
                            "Plans": [
                              {
                                "Node Type": "Hash Join",
                                "Parent Relationship": "Outer",
                                "Parallel Aware": true,
                                "Async Capable": false,
                                "Join Type": "Inner",
                                "Startup Cost": 6457.99,
                                "Total Cost": 237468.86,
                                "Plan Rows": 306,
                                "Plan Width": 14,
                                "Actual Startup Time": 0.0,
                                "Actual Total Time": 0.0,
                                "Actual Rows": 0,
                                "Actual Loops": 0,
                                "Inner Unique": true,
                                "Hash Cond": "(web_sales.ws_item_sk = item_1.i_item_sk)",
                                "Plans": [
                                  {
                                    "Node Type": "Seq Scan",
                                    "Parent Relationship": "Outer",
                                    "Parallel Aware": true,
                                    "Async Capable": false,
                                    "Relation Name": "web_sales",
                                    "Alias": "web_sales",
                                    "Startup Cost": 0.0,
                                    "Total Cost": 230912.58,
                                    "Plan Rows": 37442,
                                    "Plan Width": 18,
                                    "Actual Startup Time": 0.0,
                                    "Actual Total Time": 0.0,
                                    "Actual Rows": 0,
                                    "Actual Loops": 0,
                                    "Filter": "((ws_list_price >= '244'::numeric) AND (ws_list_price <= '258'::numeric))",
                                    "Rows Removed by Filter": 0
                                  },
                                  {
                                    "Node Type": "Hash",
                                    "Parent Relationship": "Inner",
                                    "Parallel Aware": true,
                                    "Async Capable": false,
                                    "Startup Cost": 6453.65,
                                    "Total Cost": 6453.65,
                                    "Plan Rows": 347,
                                    "Plan Width": 4,
                                    "Actual Startup Time": 0.0,
                                    "Actual Total Time": 0.0,
                                    "Actual Rows": 0,
                                    "Actual Loops": 0,
                                    "Plans": [
                                      {
                                        "Node Type": "Bitmap Heap Scan",
                                        "Parent Relationship": "Outer",
                                        "Parallel Aware": true,
                                        "Async Capable": false,
                                        "Relation Name": "item",
                                        "Alias": "item_1",
                                        "Startup Cost": 48.44,
                                        "Total Cost": 6453.65,
                                        "Plan Rows": 347,
                                        "Plan Width": 4,
                                        "Actual Startup Time": 0.0,
                                        "Actual Total Time": 0.0,
                                        "Actual Rows": 0,
                                        "Actual Loops": 0,
                                        "Recheck Cond": "(i_color = ANY ('{dark,puff}'::bpchar[]))",
                                        "Rows Removed by Index Recheck": 0,
                                        "Filter": "((i_manager_id >= 15) AND (i_manager_id <= 34))",
                                        "Rows Removed by Filter": 0,
                                        "Exact Heap Blocks": 0,
                                        "Lossy Heap Blocks": 0,
                                        "Plans": [
                                          {
                                            "Node Type": "Bitmap Index Scan",
                                            "Parent Relationship": "Outer",
                                            "Parallel Aware": false,
                                            "Async Capable": false,
                                            "Index Name": "_dta_index_item_6_853578079__k18",
                                            "Startup Cost": 0.0,
                                            "Total Cost": 48.23,
                                            "Plan Rows": 4219,
                                            "Plan Width": 0,
                                            "Actual Startup Time": 0.0,
                                            "Actual Total Time": 0.0,
                                            "Actual Rows": 0,
                                            "Actual Loops": 0,
                                            "Index Cond": "(i_color = ANY ('{dark,puff}'::bpchar[]))"
                                          }
                                        ]
                                      }
                                    ]
                                  }
                                ]
                              },
                              {
                                "Node Type": "Index Scan",
                                "Parent Relationship": "Inner",
                                "Parallel Aware": false,
                                "Async Capable": false,
                                "Scan Direction": "Forward",
                                "Index Name": "customer_address_pkey",
                                "Relation Name": "customer_address",
                                "Alias": "customer_address_1",
                                "Startup Cost": 0.42,
                                "Total Cost": 0.71,
                                "Plan Rows": 1,
                                "Plan Width": 18,
                                "Actual Startup Time": 0.0,
                                "Actual Total Time": 0.0,
                                "Actual Rows": 0,
                                "Actual Loops": 0,
                                "Index Cond": "(ca_address_sk = web_sales.ws_bill_addr_sk)",
                                "Rows Removed by Index Recheck": 0,
                                "Filter": "(ca_state = ANY ('{KS,OH}'::bpchar[]))",
                                "Rows Removed by Filter": 0
                              }
                            ]
                          },
                          {
                            "Node Type": "Index Scan",
                            "Parent Relationship": "Inner",
                            "Parallel Aware": false,
                            "Async Capable": false,
                            "Scan Direction": "Forward",
                            "Index Name": "date_dim_pkey",
                            "Relation Name": "date_dim",
                            "Alias": "date_dim_1",
                            "Startup Cost": 0.29,
                            "Total Cost": 0.38,
                            "Plan Rows": 1,
                            "Plan Width": 12,
                            "Actual Startup Time": 0.0,
                            "Actual Total Time": 0.0,
                            "Actual Rows": 0,
                            "Actual Loops": 0,
                            "Index Cond": "(d_date_sk = web_sales.ws_sold_date_sk)",
                            "Rows Removed by Index Recheck": 0
                          }
                        ]
                      }
                    ]
                  }
                ]
              }
            ]
          }
        ]
      },
      {
        "Node Type": "Nested Loop",
        "Parent Relationship": "Outer",
        "Parallel Aware": false,
        "Async Capable": false,
        "Join Type": "Inner",
        "Startup Cost": 0.0,
        "Total Cost": 18.21,
        "Plan Rows": 1,
        "Plan Width": 554,
        "Actual Startup Time": 22969.721,
        "Actual Total Time": 22969.723,
        "Actual Rows": 0,
        "Actual Loops": 1,
        "Inner Unique": false,
        "Join Filter": "(((ss1.ca_county)::text = (ws2.ca_county)::text) AND (CASE WHEN (ws1.web_sales > '0'::numeric) THEN (ws2.web_sales / ws1.web_sales) ELSE NULL::numeric END > CASE WHEN (ss1.store_sales > '0'::numeric) THEN (ss2.store_sales / ss1.store_sales) ELSE NULL::numeric END))",
        "Rows Removed by Join Filter": 0,
        "Plans": [
          {
            "Node Type": "Nested Loop",
            "Parent Relationship": "Outer",
            "Parallel Aware": false,
            "Async Capable": false,
            "Join Type": "Inner",
            "Startup Cost": 0.0,
            "Total Cost": 17.06,
            "Plan Rows": 1,
            "Plan Width": 444,
            "Actual Startup Time": 22969.72,
            "Actual Total Time": 22969.721,
            "Actual Rows": 0,
            "Actual Loops": 1,
            "Inner Unique": false,
            "Join Filter": "((ss1.ca_county)::text = (ws1.ca_county)::text)",
            "Rows Removed by Join Filter": 0,
            "Plans": [
              {
                "Node Type": "Nested Loop",
                "Parent Relationship": "Outer",
                "Parallel Aware": false,
                "Async Capable": false,
                "Join Type": "Inner",
                "Startup Cost": 0.0,
                "Total Cost": 15.93,
                "Plan Rows": 1,
                "Plan Width": 334,
                "Actual Startup Time": 22969.719,
                "Actual Total Time": 22969.72,
                "Actual Rows": 0,
                "Actual Loops": 1,
                "Inner Unique": false,
                "Join Filter": "((ss1.ca_county)::text = (ss3.ca_county)::text)",
                "Rows Removed by Join Filter": 0,
                "Plans": [
                  {
                    "Node Type": "Nested Loop",
                    "Parent Relationship": "Outer",
                    "Parallel Aware": false,
                    "Async Capable": false,
                    "Join Type": "Inner",
                    "Startup Cost": 0.0,
                    "Total Cost": 10.61,
                    "Plan Rows": 1,
                    "Plan Width": 224,
                    "Actual Startup Time": 22969.719,
                    "Actual Total Time": 22969.719,
                    "Actual Rows": 0,
                    "Actual Loops": 1,
                    "Inner Unique": false,
                    "Join Filter": "((ss1.ca_county)::text = (ss2.ca_county)::text)",
                    "Rows Removed by Join Filter": 32,
                    "Plans": [
                      {
                        "Node Type": "CTE Scan",
                        "Parent Relationship": "Outer",
                        "Parallel Aware": false,
                        "Async Capable": false,
                        "CTE Name": "ss",
                        "Alias": "ss1",
                        "Startup Cost": 0.0,
                        "Total Cost": 5.3,
                        "Plan Rows": 1,
                        "Plan Width": 114,
                        "Actual Startup Time": 22969.623,
                        "Actual Total Time": 22969.625,
                        "Actual Rows": 8,
                        "Actual Loops": 1,
                        "Filter": "((d_qoy = 1) AND (d_year = 1999))",
                        "Rows Removed by Filter": 90
                      },
                      {
                        "Node Type": "CTE Scan",
                        "Parent Relationship": "Inner",
                        "Parallel Aware": false,
                        "Async Capable": false,
                        "CTE Name": "ss",
                        "Alias": "ss2",
                        "Startup Cost": 0.0,
                        "Total Cost": 5.3,
                        "Plan Rows": 1,
                        "Plan Width": 110,
                        "Actual Startup Time": 0.001,
                        "Actual Total Time": 0.011,
                        "Actual Rows": 4,
                        "Actual Loops": 8,
                        "Filter": "((d_year = 1999) AND (d_qoy = 2))",
                        "Rows Removed by Filter": 94
                      }
                    ]
                  },
                  {
                    "Node Type": "CTE Scan",
                    "Parent Relationship": "Inner",
                    "Parallel Aware": false,
                    "Async Capable": false,
                    "CTE Name": "ss",
                    "Alias": "ss3",
                    "Startup Cost": 0.0,
                    "Total Cost": 5.3,
                    "Plan Rows": 1,
                    "Plan Width": 110,
                    "Actual Startup Time": 0.0,
                    "Actual Total Time": 0.0,
                    "Actual Rows": 0,
                    "Actual Loops": 0,
                    "Filter": "((d_year = 1999) AND (d_qoy = 3))",
                    "Rows Removed by Filter": 0
                  }
                ]
              },
              {
                "Node Type": "CTE Scan",
                "Parent Relationship": "Inner",
                "Parallel Aware": false,
                "Async Capable": false,
                "CTE Name": "ws",
                "Alias": "ws1",
                "Startup Cost": 0.0,
                "Total Cost": 1.12,
                "Plan Rows": 1,
                "Plan Width": 110,
                "Actual Startup Time": 0.0,
                "Actual Total Time": 0.0,
                "Actual Rows": 0,
                "Actual Loops": 0,
                "Filter": "((d_qoy = 1) AND (d_year = 1999))",
                "Rows Removed by Filter": 0
              }
            ]
          },
          {
            "Node Type": "CTE Scan",
            "Parent Relationship": "Inner",
            "Parallel Aware": false,
            "Async Capable": false,
            "CTE Name": "ws",
            "Alias": "ws2",
            "Startup Cost": 0.0,
            "Total Cost": 1.12,
            "Plan Rows": 1,
            "Plan Width": 110,
            "Actual Startup Time": 0.0,
            "Actual Total Time": 0.0,
            "Actual Rows": 0,
            "Actual Loops": 0,
            "Filter": "((d_year = 1999) AND (d_qoy = 2))",
            "Rows Removed by Filter": 0
          }
        ]
      },
      {
        "Node Type": "CTE Scan",
        "Parent Relationship": "Inner",
        "Parallel Aware": false,
        "Async Capable": false,
        "CTE Name": "ws",
        "Alias": "ws3",
        "Startup Cost": 0.0,
        "Total Cost": 1.12,
        "Plan Rows": 1,
        "Plan Width": 110,
        "Actual Startup Time": 0.0,
        "Actual Total Time": 0.0,
        "Actual Rows": 0,
        "Actual Loops": 0,
        "Filter": "((d_year = 1999) AND (d_qoy = 3))",
        "Rows Removed by Filter": 0
      }
    ]
  },
  "actual_rows": 0,
  "provenance": {
    "database": "postgres://jakc9:jakc9@127.0.0.1:5434/dsb_sf10",
    "scale_factor": 10,
    "engine": "postgresql",
    "engine_version": "14.3",
    "cached_at": "2026-02-09T20:54:57.655455"
  }
}