{
  "execution_time_ms": 4534.263,
  "plan_text": "Limit  (rows=0, time=4519.689)\n  Sort  (rows=0, time=4500.509)\n    Nested Loop  (rows=0, time=4500.477)\n      Merge Join  (rows=0, time=4500.475)\n        Aggregate  (rows=1, time=2548.813)\n          Gather Merge  (rows=2, time=2548.785)\n            Aggregate  (rows=212, time=1486.064)\n              Sort  (rows=412, time=1485.965)\n                Nested Loop  (rows=145949, time=1392.144)\n                  Index Only Scan on date_dim  (rows=122, time=19.584)\n                  Index Only Scan on store_sales  (rows=1196, time=11.165)\n        Materialize  (rows=0, time=1951.657)\n          Merge Join  (rows=0, time=1951.654)\n            Sort  (rows=1, time=0.146)\n              Seq Scan on store  (rows=1, time=0.136)\n            Aggregate  (rows=18, time=1951.491)\n              Aggregate  (rows=78259, time=1948.105)\n                Gather Merge  (rows=80174, time=1924.478)\n                  Aggregate  (rows=26918, time=1166.102)\n                    Sort  (rows=54570, time=1157.002)\n                      Nested Loop  (rows=145949, time=1055.923)\n                        Index Only Scan on date_dim (date_dim_1)  (rows=122, time=8.121)\n                        Index Only Scan on store_sales (store_sales_1)  (rows=1196, time=8.505)\n      Index Scan on item  (rows=0, time=0.0)",
  "plan_json": {
    "Node Type": "Limit",
    "Parallel Aware": false,
    "Async Capable": false,
    "Startup Cost": 245749.01,
    "Total Cost": 245749.02,
    "Plan Rows": 1,
    "Plan Width": 201,
    "Actual Startup Time": 4504.966,
    "Actual Total Time": 4519.689,
    "Actual Rows": 0,
    "Actual Loops": 1,
    "Plans": [
      {
        "Node Type": "Sort",
        "Parent Relationship": "Outer",
        "Parallel Aware": false,
        "Async Capable": false,
        "Startup Cost": 245749.01,
        "Total Cost": 245749.02,
        "Plan Rows": 1,
        "Plan Width": 201,
        "Actual Startup Time": 4485.785,
        "Actual Total Time": 4500.509,
        "Actual Rows": 0,
        "Actual Loops": 1,
        "Sort Key": [
          "store.s_store_name",
          "item.i_item_desc"
        ],
        "Sort Method": "quicksort",
        "Sort Space Used": 25,
        "Sort Space Type": "Memory",
        "Plans": [
          {
            "Node Type": "Nested Loop",
            "Parent Relationship": "Outer",
            "Parallel Aware": false,
            "Async Capable": false,
            "Join Type": "Inner",
            "Startup Cost": 245515.62,
            "Total Cost": 245749.0,
            "Plan Rows": 1,
            "Plan Width": 201,
            "Actual Startup Time": 4485.754,
            "Actual Total Time": 4500.477,
            "Actual Rows": 0,
            "Actual Loops": 1,
            "Inner Unique": true,
            "Plans": [
              {
                "Node Type": "Merge Join",
                "Parent Relationship": "Outer",
                "Parallel Aware": false,
                "Async Capable": false,
                "Join Type": "Inner",
                "Startup Cost": 245515.33,
                "Total Cost": 245726.48,
                "Plan Rows": 4,
                "Plan Width": 40,
                "Actual Startup Time": 4485.753,
                "Actual Total Time": 4500.475,
                "Actual Rows": 0,
                "Actual Loops": 1,
                "Inner Unique": false,
                "Merge Cond": "(store_sales.ss_store_sk = store_sales_1.ss_store_sk)",
                "Join Filter": "((sum(store_sales.ss_sales_price)) <= (0.1 * (avg((sum(store_sales_1.ss_sales_price))))))",
                "Rows Removed by Join Filter": 0,
                "Plans": [
                  {
                    "Node Type": "Aggregate",
                    "Strategy": "Sorted",
                    "Partial Mode": "Finalize",
                    "Parent Relationship": "Outer",
                    "Parallel Aware": false,
                    "Async Capable": false,
                    "Startup Cost": 122754.45,
                    "Total Cost": 122848.19,
                    "Plan Rows": 742,
                    "Plan Width": 40,
                    "Actual Startup Time": 2540.314,
                    "Actual Total Time": 2548.813,
                    "Actual Rows": 1,
                    "Actual Loops": 1,
                    "Group Key": [
                      "store_sales.ss_store_sk",
                      "store_sales.ss_item_sk"
                    ],
                    "Plans": [
                      {
                        "Node Type": "Gather Merge",
                        "Parent Relationship": "Outer",
                        "Parallel Aware": false,
                        "Async Capable": false,
                        "Startup Cost": 122754.45,
                        "Total Cost": 122832.74,
                        "Plan Rows": 618,
                        "Plan Width": 40,
                        "Actual Startup Time": 2540.287,
                        "Actual Total Time": 2548.785,
                        "Actual Rows": 2,
                        "Actual Loops": 1,
                        "Workers Planned": 2,
                        "Workers Launched": 2,
                        "Plans": [
                          {
                            "Node Type": "Aggregate",
                            "Strategy": "Sorted",
                            "Partial Mode": "Partial",
                            "Parent Relationship": "Outer",
                            "Parallel Aware": false,
                            "Async Capable": false,
                            "Startup Cost": 121754.43,
                            "Total Cost": 121761.38,
                            "Plan Rows": 309,
                            "Plan Width": 40,
                            "Actual Startup Time": 1485.976,
                            "Actual Total Time": 1486.064,
                            "Actual Rows": 212,
                            "Actual Loops": 3,
                            "Group Key": [
                              "store_sales.ss_store_sk",
                              "store_sales.ss_item_sk"
                            ],
                            "Workers": [],
                            "Plans": [
                              {
                                "Node Type": "Sort",
                                "Parent Relationship": "Outer",
                                "Parallel Aware": false,
                                "Async Capable": false,
                                "Startup Cost": 121754.43,
                                "Total Cost": 121755.2,
                                "Plan Rows": 309,
                                "Plan Width": 14,
                                "Actual Startup Time": 1485.94,
                                "Actual Total Time": 1485.965,
                                "Actual Rows": 412,
                                "Actual Loops": 3,
                                "Sort Key": [
                                  "store_sales.ss_store_sk",
                                  "store_sales.ss_item_sk"
                                ],
                                "Sort Method": "external merge",
                                "Sort Space Used": 4880,
                                "Sort Space Type": "Disk",
                                "Workers": [
                                  {
                                    "Worker Number": 0,
                                    "Sort Method": "quicksort",
                                    "Sort Space Used": 25,
                                    "Sort Space Type": "Memory"
                                  },
                                  {
                                    "Worker Number": 1,
                                    "Sort Method": "external merge",
                                    "Sort Space Used": 5784,
                                    "Sort Space Type": "Disk"
                                  }
                                ],
                                "Plans": [
                                  {
                                    "Node Type": "Nested Loop",
                                    "Parent Relationship": "Outer",
                                    "Parallel Aware": false,
                                    "Async Capable": false,
                                    "Join Type": "Inner",
                                    "Startup Cost": 0.98,
                                    "Total Cost": 121741.65,
                                    "Plan Rows": 309,
                                    "Plan Width": 14,
                                    "Actual Startup Time": 21.803,
                                    "Actual Total Time": 1392.144,
                                    "Actual Rows": 145949,
                                    "Actual Loops": 3,
                                    "Inner Unique": false,
                                    "Workers": [],
                                    "Plans": [
                                      {
                                        "Node Type": "Index Only Scan",
                                        "Parent Relationship": "Outer",
                                        "Parallel Aware": true,
                                        "Async Capable": false,
                                        "Scan Direction": "Forward",
                                        "Index Name": "_dta_index_date_dim_6_661577395__k7_k4_k9_k1",
                                        "Relation Name": "date_dim",
                                        "Alias": "date_dim",
                                        "Startup Cost": 0.42,
                                        "Total Cost": 1879.55,
                                        "Plan Rows": 164,
                                        "Plan Width": 4,
                                        "Actual Startup Time": 19.533,
                                        "Actual Total Time": 19.584,
                                        "Actual Rows": 122,
                                        "Actual Loops": 3,
                                        "Index Cond": "((d_month_seq >= 1195) AND (d_month_seq <= 1206))",
                                        "Rows Removed by Index Recheck": 0,
                                        "Heap Fetches": 0,
                                        "Workers": []
                                      },
                                      {
                                        "Node Type": "Index Only Scan",
                                        "Parent Relationship": "Inner",
                                        "Parallel Aware": false,
                                        "Async Capable": false,
                                        "Scan Direction": "Forward",
                                        "Index Name": "_dta_index_store_sales_6_1333579789__k1_k5_k8_k3_11_13_14_20",
                                        "Relation Name": "store_sales",
                                        "Alias": "store_sales",
                                        "Startup Cost": 0.56,
                                        "Total Cost": 730.2,
                                        "Plan Rows": 67,
                                        "Plan Width": 18,
                                        "Actual Startup Time": 0.097,
                                        "Actual Total Time": 11.165,
                                        "Actual Rows": 1196,
                                        "Actual Loops": 366,
                                        "Index Cond": "(ss_sold_date_sk = date_dim.d_date_sk)",
                                        "Rows Removed by Index Recheck": 0,
                                        "Filter": "(((ss_sales_price / ss_list_price) >= 0.38) AND ((ss_sales_price / ss_list_price) <= 0.48))",
                                        "Rows Removed by Filter": 9938,
                                        "Heap Fetches": 0,
                                        "Workers": []
                                      }
                                    ]
                                  }
                                ]
                              }
                            ]
                          }
                        ]
                      }
                    ]
                  },
                  {
                    "Node Type": "Materialize",
                    "Parent Relationship": "Inner",
                    "Parallel Aware": false,
                    "Async Capable": false,
                    "Startup Cost": 122760.88,
                    "Total Cost": 122868.8,
                    "Plan Rows": 3,
                    "Plan Width": 44,
                    "Actual Startup Time": 1945.434,
                    "Actual Total Time": 1951.657,
                    "Actual Rows": 0,
                    "Actual Loops": 1,
                    "Plans": [
                      {
                        "Node Type": "Merge Join",
                        "Parent Relationship": "Outer",
                        "Parallel Aware": false,
                        "Async Capable": false,
                        "Join Type": "Inner",
                        "Startup Cost": 122760.88,
                        "Total Cost": 122868.79,
                        "Plan Rows": 3,
                        "Plan Width": 44,
                        "Actual Startup Time": 1945.432,
                        "Actual Total Time": 1951.654,
                        "Actual Rows": 0,
                        "Actual Loops": 1,
                        "Inner Unique": true,
                        "Merge Cond": "(store.s_store_sk = store_sales_1.ss_store_sk)",
                        "Plans": [
                          {
                            "Node Type": "Sort",
                            "Parent Relationship": "Outer",
                            "Parallel Aware": false,
                            "Async Capable": false,
                            "Startup Cost": 6.43,
                            "Total Cost": 6.43,
                            "Plan Rows": 3,
                            "Plan Width": 8,
                            "Actual Startup Time": 0.145,
                            "Actual Total Time": 0.146,
                            "Actual Rows": 1,
                            "Actual Loops": 1,
                            "Sort Key": [
                              "store.s_store_sk"
                            ],
                            "Sort Method": "quicksort",
                            "Sort Space Used": 25,
                            "Sort Space Type": "Memory",
                            "Plans": [
                              {
                                "Node Type": "Seq Scan",
                                "Parent Relationship": "Outer",
                                "Parallel Aware": false,
                                "Async Capable": false,
                                "Relation Name": "store",
                                "Alias": "store",
                                "Startup Cost": 0.0,
                                "Total Cost": 6.4,
                                "Plan Rows": 3,
                                "Plan Width": 8,
                                "Actual Startup Time": 0.033,
                                "Actual Total Time": 0.136,
                                "Actual Rows": 1,
                                "Actual Loops": 1,
                                "Filter": "(s_state = ANY ('{IA,IL,NC}'::bpchar[]))",
                                "Rows Removed by Filter": 101
                              }
                            ]
                          },
                          {
                            "Node Type": "Aggregate",
                            "Strategy": "Sorted",
                            "Partial Mode": "Simple",
                            "Parent Relationship": "Inner",
                            "Parallel Aware": false,
                            "Async Capable": false,
                            "Startup Cost": 122754.45,
                            "Total Cost": 122861.82,
                            "Plan Rows": 200,
                            "Plan Width": 36,
                            "Actual Startup Time": 1897.493,
                            "Actual Total Time": 1951.491,
                            "Actual Rows": 18,
                            "Actual Loops": 1,
                            "Group Key": [
                              "store_sales_1.ss_store_sk"
                            ],
                            "Plans": [
                              {
                                "Node Type": "Aggregate",
                                "Strategy": "Sorted",
                                "Partial Mode": "Finalize",
                                "Parent Relationship": "Outer",
                                "Parallel Aware": false,
                                "Async Capable": false,
                                "Startup Cost": 122754.45,
                                "Total Cost": 122848.19,
                                "Plan Rows": 742,
                                "Plan Width": 40,
                                "Actual Startup Time": 1892.714,
                                "Actual Total Time": 1948.105,
                                "Actual Rows": 78259,
                                "Actual Loops": 1,
                                "Group Key": [
                                  "store_sales_1.ss_store_sk",
                                  "store_sales_1.ss_item_sk"
                                ],
                                "Plans": [
                                  {
                                    "Node Type": "Gather Merge",
                                    "Parent Relationship": "Outer",
                                    "Parallel Aware": false,
                                    "Async Capable": false,
                                    "Startup Cost": 122754.45,
                                    "Total Cost": 122832.74,
                                    "Plan Rows": 618,
                                    "Plan Width": 40,
                                    "Actual Startup Time": 1892.692,
                                    "Actual Total Time": 1924.478,
                                    "Actual Rows": 80174,
                                    "Actual Loops": 1,
                                    "Workers Planned": 2,
                                    "Workers Launched": 2,
                                    "Plans": [
                                      {
                                        "Node Type": "Aggregate",
                                        "Strategy": "Sorted",
                                        "Partial Mode": "Partial",
                                        "Parent Relationship": "Outer",
                                        "Parallel Aware": false,
                                        "Async Capable": false,
                                        "Startup Cost": 121754.43,
                                        "Total Cost": 121761.38,
                                        "Plan Rows": 309,
                                        "Plan Width": 40,
                                        "Actual Startup Time": 1153.367,
                                        "Actual Total Time": 1166.102,
                                        "Actual Rows": 26918,
                                        "Actual Loops": 3,
                                        "Group Key": [
                                          "store_sales_1.ss_store_sk",
                                          "store_sales_1.ss_item_sk"
                                        ],
                                        "Workers": [],
                                        "Plans": [
                                          {
                                            "Node Type": "Sort",
                                            "Parent Relationship": "Outer",
                                            "Parallel Aware": false,
                                            "Async Capable": false,
                                            "Startup Cost": 121754.43,
                                            "Total Cost": 121755.2,
                                            "Plan Rows": 309,
                                            "Plan Width": 14,
                                            "Actual Startup Time": 1153.341,
                                            "Actual Total Time": 1157.002,
                                            "Actual Rows": 54570,
                                            "Actual Loops": 3,
                                            "Sort Key": [
                                              "store_sales_1.ss_store_sk",
                                              "store_sales_1.ss_item_sk"
                                            ],
                                            "Sort Method": "external merge",
                                            "Sort Space Used": 4880,
                                            "Sort Space Type": "Disk",
                                            "Workers": [
                                              {
                                                "Worker Number": 0,
                                                "Sort Method": "quicksort",
                                                "Sort Space Used": 25,
                                                "Sort Space Type": "Memory"
                                              },
                                              {
                                                "Worker Number": 1,
                                                "Sort Method": "external merge",
                                                "Sort Space Used": 5784,
                                                "Sort Space Type": "Disk"
                                              }
                                            ],
                                            "Plans": [
                                              {
                                                "Node Type": "Nested Loop",
                                                "Parent Relationship": "Outer",
                                                "Parallel Aware": false,
                                                "Async Capable": false,
                                                "Join Type": "Inner",
                                                "Startup Cost": 0.98,
                                                "Total Cost": 121741.65,
                                                "Plan Rows": 309,
                                                "Plan Width": 14,
                                                "Actual Startup Time": 9.59,
                                                "Actual Total Time": 1055.923,
                                                "Actual Rows": 145949,
                                                "Actual Loops": 3,
                                                "Inner Unique": false,
                                                "Workers": [],
                                                "Plans": [
                                                  {
                                                    "Node Type": "Index Only Scan",
                                                    "Parent Relationship": "Outer",
                                                    "Parallel Aware": true,
                                                    "Async Capable": false,
                                                    "Scan Direction": "Forward",
                                                    "Index Name": "_dta_index_date_dim_6_661577395__k7_k4_k9_k1",
                                                    "Relation Name": "date_dim",
                                                    "Alias": "date_dim_1",
                                                    "Startup Cost": 0.42,
                                                    "Total Cost": 1879.55,
                                                    "Plan Rows": 164,
                                                    "Plan Width": 4,
                                                    "Actual Startup Time": 8.079,
                                                    "Actual Total Time": 8.121,
                                                    "Actual Rows": 122,
                                                    "Actual Loops": 3,
                                                    "Index Cond": "((d_month_seq >= 1195) AND (d_month_seq <= 1206))",
                                                    "Rows Removed by Index Recheck": 0,
                                                    "Heap Fetches": 0,
                                                    "Workers": []
                                                  },
                                                  {
                                                    "Node Type": "Index Only Scan",
                                                    "Parent Relationship": "Inner",
                                                    "Parallel Aware": false,
                                                    "Async Capable": false,
                                                    "Scan Direction": "Forward",
                                                    "Index Name": "_dta_index_store_sales_6_1333579789__k1_k5_k8_k3_11_13_14_20",
                                                    "Relation Name": "store_sales",
                                                    "Alias": "store_sales_1",
                                                    "Startup Cost": 0.56,
                                                    "Total Cost": 730.2,
                                                    "Plan Rows": 67,
                                                    "Plan Width": 18,
                                                    "Actual Startup Time": 0.033,
                                                    "Actual Total Time": 8.505,
                                                    "Actual Rows": 1196,
                                                    "Actual Loops": 366,
                                                    "Index Cond": "(ss_sold_date_sk = date_dim_1.d_date_sk)",
                                                    "Rows Removed by Index Recheck": 0,
                                                    "Filter": "(((ss_sales_price / ss_list_price) >= 0.38) AND ((ss_sales_price / ss_list_price) <= 0.48))",
                                                    "Rows Removed by Filter": 9938,
                                                    "Heap Fetches": 0,
                                                    "Workers": []
                                                  }
                                                ]
                                              }
                                            ]
                                          }
                                        ]
                                      }
                                    ]
                                  }
                                ]
                              }
                            ]
                          }
                        ]
                      }
                    ]
                  }
                ]
              },
              {
                "Node Type": "Index Scan",
                "Parent Relationship": "Inner",
                "Parallel Aware": false,
                "Async Capable": false,
                "Scan Direction": "Forward",
                "Index Name": "item_pkey",
                "Relation Name": "item",
                "Alias": "item",
                "Startup Cost": 0.29,
                "Total Cost": 5.63,
                "Plan Rows": 1,
                "Plan Width": 169,
                "Actual Startup Time": 0.0,
                "Actual Total Time": 0.0,
                "Actual Rows": 0,
                "Actual Loops": 0,
                "Index Cond": "(i_item_sk = store_sales.ss_item_sk)",
                "Rows Removed by Index Recheck": 0,
                "Filter": "((i_manager_id >= 80) AND (i_manager_id <= 84))",
                "Rows Removed by Filter": 0
              }
            ]
          }
        ]
      }
    ]
  },
  "actual_rows": 0,
  "provenance": {
    "database": "postgres://jakc9:jakc9@127.0.0.1:5434/dsb_sf10",
    "scale_factor": 10,
    "engine": "postgresql",
    "engine_version": "14.3",
    "cached_at": "2026-02-09T21:05:46.381807"
  }
}