{
  "execution_time_ms": 213278.376,
  "plan_text": "Limit  (rows=55, time=213258.294)\n  Hash Join  (rows=4735, time=25073.32)\n    Seq Scan on item (item_2)  (rows=4750, time=16.084)\n    Hash  (rows=432, time=25056.8)\n      Subquery Scan (x)  (rows=435, time=25056.764)\n        SetOp  (rows=435, time=25056.726)\n          Append  (rows=840725, time=24996.098)\n            Result  (rows=436, time=19241.04)\n              SetOp  (rows=436, time=19241.0)\n                Append  (rows=116507, time=19216.344)\n                  Subquery Scan (*SELECT* 2)  (rows=59725, time=9213.399)\n                    Gather  (rows=59725, time=9206.889)\n                      Nested Loop  (rows=19908, time=7848.689)\n                        Nested Loop  (rows=262544, time=6864.902)\n                          Index Only Scan on date_dim (d2)  (rows=365, time=20.676)\n                          Index Scan on catalog_sales  (rows=719, time=18.272)\n                        Index Scan on item (ics)  (rows=0, time=0.004)\n                  Subquery Scan (*SELECT* 1)  (rows=56782, time=9993.367)\n                    Gather  (rows=56782, time=9986.832)\n                      Hash Join  (rows=18927, time=8537.61)\n                        Nested Loop  (rows=798538, time=8438.834)\n                          Index Only Scan on date_dim (d1)  (rows=365, time=10.336)\n                          Index Only Scan on store_sales (store_sales_2)  (rows=2186, time=22.609)\n                        Hash  (rows=1583, time=7.661)\n                          Seq Scan on item (iss)  (rows=4750, time=22.309)\n            Subquery Scan (*SELECT* 3)  (rows=840289, time=5717.11)\n              Gather  (rows=840289, time=5669.486)\n                Nested Loop  (rows=280096, time=5048.082)\n                  Nested Loop  (rows=280096, time=4410.528)\n                    Index Only Scan on date_dim (d3)  (rows=365, time=12.426)\n                    Index Scan on web_sales  (rows=767, time=11.701)\n                  Index Scan on item (iws)  (rows=1, time=0.002)\n  Aggregate  (rows=1, time=20542.837)\n    Gather  (rows=3, time=20542.804)\n      Aggregate  (rows=1, time=19769.91)\n        Append  (rows=1341178, time=19533.547)\n          Nested Loop  (rows=798538, time=7797.912)\n            Index Only Scan on date_dim (date_dim_2)  (rows=365, time=6.856)\n            Index Only Scan on store_sales (store_sales_3)  (rows=2186, time=21.009)\n          Nested Loop  (rows=393816, time=10585.544)\n            Index Only Scan on date_dim (date_dim_3)  (rows=548, time=10.737)\n            Index Scan on catalog_sales (catalog_sales_1)  (rows=719, time=19.034)\n          Nested Loop  (rows=840289, time=13825.957)\n            Index Only Scan on date_dim (date_dim_4)  (rows=1096, time=39.162)\n            Index Scan on web_sales (web_sales_1)  (rows=767, time=12.516)\n  Sort  (rows=55, time=212256.005)\n    Nested Loop  (rows=55, time=212255.933)\n      Aggregate  (rows=194, time=161529.353)\n        Index Scan on date_dim (date_dim_5)  (rows=1, time=0.513)\n        CTE Scan (avg_sales)  (rows=1, time=20542.805)\n        Sort  (rows=751, time=140986.299)\n          Nested Loop  (rows=751, time=140984.597)\n            Nested Loop  (rows=100842, time=140595.539)\n              Nested Loop  (rows=4735, time=25815.195)\n                Aggregate  (rows=4735, time=25081.595)\n                  CTE Scan (cross_items)  (rows=4735, time=25072.88)\n                Index Scan on item  (rows=1, time=0.153)\n              Index Scan on store_sales  (rows=21, time=24.231)\n            Index Scan on date_dim  (rows=0, time=0.003)\n      Aggregate  (rows=78, time=261.475)\n        Index Scan on date_dim (date_dim_6)  (rows=1, time=0.264)\n        CTE Scan (avg_sales_1)  (rows=1, time=0.001)\n        Sort  (rows=244, time=261.414)\n          Nested Loop  (rows=274, time=50712.512)\n            Nested Loop  (rows=100842, time=50452.368)\n              Nested Loop  (rows=4735, time=627.964)\n                Aggregate  (rows=4735, time=6.52)\n                  CTE Scan (cross_items_1)  (rows=4735, time=0.156)\n                Index Scan on item (item_1)  (rows=1, time=0.13)\n              Index Scan on store_sales (store_sales_1)  (rows=21, time=10.515)\n            Index Scan on date_dim (date_dim_1)  (rows=0, time=0.002)",
  "plan_json": {
    "Node Type": "Limit",
    "Parallel Aware": false,
    "Async Capable": false,
    "Startup Cost": 1935428.87,
    "Total Cost": 1935428.88,
    "Plan Rows": 1,
    "Plan Width": 168,
    "Actual Startup Time": 213257.396,
    "Actual Total Time": 213258.294,
    "Actual Rows": 55,
    "Actual Loops": 1,
    "Plans": [
      {
        "Node Type": "Hash Join",
        "Parent Relationship": "InitPlan",
        "Subplan Name": "CTE cross_items",
        "Parallel Aware": false,
        "Async Capable": false,
        "Join Type": "Inner",
        "Startup Cost": 971634.4,
        "Total Cost": 980629.28,
        "Plan Rows": 1,
        "Plan Width": 4,
        "Actual Startup Time": 25056.378,
        "Actual Total Time": 25073.32,
        "Actual Rows": 4735,
        "Actual Loops": 1,
        "Inner Unique": true,
        "Hash Cond": "((item_2.i_brand_id = x.brand_id) AND (item_2.i_class_id = x.class_id) AND (item_2.i_category_id = x.category_id))",
        "Plans": [
          {
            "Node Type": "Seq Scan",
            "Parent Relationship": "Outer",
            "Parallel Aware": false,
            "Async Capable": false,
            "Relation Name": "item",
            "Alias": "item_2",
            "Startup Cost": 0.0,
            "Total Cost": 8956.5,
            "Plan Rows": 4874,
            "Plan Width": 16,
            "Actual Startup Time": 0.406,
            "Actual Total Time": 16.084,
            "Actual Rows": 4750,
            "Actual Loops": 1,
            "Filter": "((i_manager_id >= 42) AND (i_manager_id <= 51) AND (i_category = ANY ('{Electronics,Shoes,Sports}'::bpchar[])))",
            "Rows Removed by Filter": 97250
          },
          {
            "Node Type": "Hash",
            "Parent Relationship": "Inner",
            "Parallel Aware": false,
            "Async Capable": false,
            "Startup Cost": 971613.12,
            "Total Cost": 971613.12,
            "Plan Rows": 1216,
            "Plan Width": 12,
            "Actual Startup Time": 25055.956,
            "Actual Total Time": 25056.8,
            "Actual Rows": 432,
            "Actual Loops": 1,
            "Hash Buckets": 2048,
            "Original Hash Buckets": 2048,
            "Hash Batches": 1,
            "Original Hash Batches": 1,
            "Peak Memory Usage": 35,
            "Plans": [
              {
                "Node Type": "Subquery Scan",
                "Parent Relationship": "Outer",
                "Parallel Aware": false,
                "Async Capable": false,
                "Alias": "x",
                "Startup Cost": 1001.02,
                "Total Cost": 971613.12,
                "Plan Rows": 1216,
                "Plan Width": 12,
                "Actual Startup Time": 25055.89,
                "Actual Total Time": 25056.764,
                "Actual Rows": 435,
                "Actual Loops": 1,
                "Plans": [
                  {
                    "Node Type": "SetOp",
                    "Strategy": "Hashed",
                    "Parent Relationship": "Subquery",
                    "Parallel Aware": false,
                    "Async Capable": false,
                    "Command": "Intersect",
                    "Startup Cost": 1001.02,
                    "Total Cost": 971613.12,
                    "Plan Rows": 1216,
                    "Plan Width": 16,
                    "Actual Startup Time": 25055.87,
                    "Actual Total Time": 25056.726,
                    "Actual Rows": 435,
                    "Actual Loops": 1,
                    "Plans": [
                      {
                        "Node Type": "Append",
                        "Parent Relationship": "Outer",
                        "Parallel Aware": false,
                        "Async Capable": false,
                        "Startup Cost": 1001.02,
                        "Total Cost": 971442.83,
                        "Plan Rows": 22705,
                        "Plan Width": 16,
                        "Actual Startup Time": 19240.186,
                        "Actual Total Time": 24996.098,
                        "Actual Rows": 840725,
                        "Actual Loops": 1,
                        "Subplans Removed": 0,
                        "Plans": [
                          {
                            "Node Type": "Result",
                            "Parent Relationship": "Member",
                            "Parallel Aware": false,
                            "Async Capable": false,
                            "Startup Cost": 1001.02,
                            "Total Cost": 778524.5,
                            "Plan Rows": 1216,
                            "Plan Width": 16,
                            "Actual Startup Time": 19240.185,
                            "Actual Total Time": 19241.04,
                            "Actual Rows": 436,
                            "Actual Loops": 1,
                            "Plans": [
                              {
                                "Node Type": "SetOp",
                                "Strategy": "Hashed",
                                "Parent Relationship": "Outer",
                                "Parallel Aware": false,
                                "Async Capable": false,
                                "Command": "Intersect",
                                "Startup Cost": 1001.02,
                                "Total Cost": 778512.34,
                                "Plan Rows": 1216,
                                "Plan Width": 16,
                                "Actual Startup Time": 19240.161,
                                "Actual Total Time": 19241.0,
                                "Actual Rows": 436,
                                "Actual Loops": 1,
                                "Plans": [
                                  {
                                    "Node Type": "Append",
                                    "Parent Relationship": "Outer",
                                    "Parallel Aware": false,
                                    "Async Capable": false,
                                    "Startup Cost": 1001.02,
                                    "Total Cost": 778481.32,
                                    "Plan Rows": 4135,
                                    "Plan Width": 16,
                                    "Actual Startup Time": 61.401,
                                    "Actual Total Time": 19216.344,
                                    "Actual Rows": 116507,
                                    "Actual Loops": 1,
                                    "Subplans Removed": 0,
                                    "Plans": [
                                      {
                                        "Node Type": "Subquery Scan",
                                        "Parent Relationship": "Member",
                                        "Parallel Aware": false,
                                        "Async Capable": false,
                                        "Alias": "*SELECT* 2",
                                        "Startup Cost": 1001.02,
                                        "Total Cost": 357663.26,
                                        "Plan Rows": 1216,
                                        "Plan Width": 16,
                                        "Actual Startup Time": 61.4,
                                        "Actual Total Time": 9213.399,
                                        "Actual Rows": 59725,
                                        "Actual Loops": 1,
                                        "Plans": [
                                          {
                                            "Node Type": "Gather",
                                            "Parent Relationship": "Subquery",
                                            "Parallel Aware": false,
                                            "Async Capable": false,
                                            "Startup Cost": 1001.02,
                                            "Total Cost": 357651.1,
                                            "Plan Rows": 1216,
                                            "Plan Width": 12,
                                            "Actual Startup Time": 61.398,
                                            "Actual Total Time": 9206.889,
                                            "Actual Rows": 59725,
                                            "Actual Loops": 1,
                                            "Workers Planned": 2,
                                            "Workers Launched": 2,
                                            "Single Copy": false,
                                            "Plans": [
                                              {
                                                "Node Type": "Nested Loop",
                                                "Parent Relationship": "Outer",
                                                "Parallel Aware": false,
                                                "Async Capable": false,
                                                "Join Type": "Inner",
                                                "Startup Cost": 1.02,
                                                "Total Cost": 356529.5,
                                                "Plan Rows": 507,
                                                "Plan Width": 12,
                                                "Actual Startup Time": 176.672,
                                                "Actual Total Time": 7848.689,
                                                "Actual Rows": 19908,
                                                "Actual Loops": 3,
                                                "Inner Unique": true,
                                                "Workers": [],
                                                "Plans": [
                                                  {
                                                    "Node Type": "Nested Loop",
                                                    "Parent Relationship": "Outer",
                                                    "Parallel Aware": false,
                                                    "Async Capable": false,
                                                    "Join Type": "Inner",
                                                    "Startup Cost": 0.73,
                                                    "Total Cost": 352970.08,
                                                    "Plan Rows": 10600,
                                                    "Plan Width": 4,
                                                    "Actual Startup Time": 159.056,
                                                    "Actual Total Time": 6864.902,
                                                    "Actual Rows": 262544,
                                                    "Actual Loops": 3,
                                                    "Inner Unique": false,
                                                    "Workers": [],
                                                    "Plans": [
                                                      {
                                                        "Node Type": "Index Only Scan",
                                                        "Parent Relationship": "Outer",
                                                        "Parallel Aware": true,
                                                        "Async Capable": false,
                                                        "Scan Direction": "Forward",
                                                        "Index Name": "_dta_index_date_dim_6_661577395__k1_k7_k9",
                                                        "Relation Name": "date_dim",
                                                        "Alias": "d2",
                                                        "Startup Cost": 0.29,
                                                        "Total Cost": 1884.81,
                                                        "Plan Rows": 453,
                                                        "Plan Width": 4,
                                                        "Actual Startup Time": 15.207,
                                                        "Actual Total Time": 20.676,
                                                        "Actual Rows": 365,
                                                        "Actual Loops": 3,
                                                        "Index Cond": "((d_year >= 1999) AND (d_year <= 2001))",
                                                        "Rows Removed by Index Recheck": 0,
                                                        "Heap Fetches": 0,
                                                        "Workers": []
                                                      },
                                                      {
                                                        "Node Type": "Index Scan",
                                                        "Parent Relationship": "Inner",
                                                        "Parallel Aware": false,
                                                        "Async Capable": false,
                                                        "Scan Direction": "Forward",
                                                        "Index Name": "_dta_index_catalog_sales_6_1301579675__k1_4",
                                                        "Relation Name": "catalog_sales",
                                                        "Alias": "catalog_sales",
                                                        "Startup Cost": 0.43,
                                                        "Total Cost": 766.95,
                                                        "Plan Rows": 807,
                                                        "Plan Width": 8,
                                                        "Actual Startup Time": 0.048,
                                                        "Actual Total Time": 18.272,
                                                        "Actual Rows": 719,
                                                        "Actual Loops": 1096,
                                                        "Index Cond": "(cs_sold_date_sk = d2.d_date_sk)",
                                                        "Rows Removed by Index Recheck": 0,
                                                        "Filter": "((cs_wholesale_cost >= '76'::numeric) AND (cs_wholesale_cost <= '96'::numeric))",
                                                        "Rows Removed by Filter": 5291,
                                                        "Workers": []
                                                      }
                                                    ]
                                                  },
                                                  {
                                                    "Node Type": "Index Scan",
                                                    "Parent Relationship": "Inner",
                                                    "Parallel Aware": false,
                                                    "Async Capable": false,
                                                    "Scan Direction": "Forward",
                                                    "Index Name": "item_pkey",
                                                    "Relation Name": "item",
                                                    "Alias": "ics",
                                                    "Startup Cost": 0.29,
                                                    "Total Cost": 0.34,
                                                    "Plan Rows": 1,
                                                    "Plan Width": 16,
                                                    "Actual Startup Time": 0.004,
                                                    "Actual Total Time": 0.004,
                                                    "Actual Rows": 0,
                                                    "Actual Loops": 787633,
                                                    "Index Cond": "(i_item_sk = catalog_sales.cs_item_sk)",
                                                    "Rows Removed by Index Recheck": 0,
                                                    "Filter": "((i_manager_id >= 42) AND (i_manager_id <= 51) AND (i_category = ANY ('{Electronics,Shoes,Sports}'::bpchar[])))",
                                                    "Rows Removed by Filter": 1,
                                                    "Workers": []
                                                  }
                                                ]
                                              }
                                            ]
                                          }
                                        ]
                                      },
                                      {
                                        "Node Type": "Subquery Scan",
                                        "Parent Relationship": "Member",
                                        "Parallel Aware": false,
                                        "Async Capable": false,
                                        "Alias": "*SELECT* 1",
                                        "Startup Cost": 8867.12,
                                        "Total Cost": 420797.39,
                                        "Plan Rows": 2919,
                                        "Plan Width": 16,
                                        "Actual Startup Time": 37.874,
                                        "Actual Total Time": 9993.367,
                                        "Actual Rows": 56782,
                                        "Actual Loops": 1,
                                        "Plans": [
                                          {
                                            "Node Type": "Gather",
                                            "Parent Relationship": "Subquery",
                                            "Parallel Aware": false,
                                            "Async Capable": false,
                                            "Startup Cost": 8867.12,
                                            "Total Cost": 420768.2,
                                            "Plan Rows": 2919,
                                            "Plan Width": 12,
                                            "Actual Startup Time": 37.873,
                                            "Actual Total Time": 9986.832,
                                            "Actual Rows": 56782,
                                            "Actual Loops": 1,
                                            "Workers Planned": 2,
                                            "Workers Launched": 2,
                                            "Single Copy": false,
                                            "Plans": [
                                              {
                                                "Node Type": "Hash Join",
                                                "Parent Relationship": "Outer",
                                                "Parallel Aware": true,
                                                "Async Capable": false,
                                                "Join Type": "Inner",
                                                "Startup Cost": 7867.12,
                                                "Total Cost": 419476.3,
                                                "Plan Rows": 1216,
                                                "Plan Width": 12,
                                                "Actual Startup Time": 134.454,
                                                "Actual Total Time": 8537.61,
                                                "Actual Rows": 18927,
                                                "Actual Loops": 3,
                                                "Inner Unique": true,
                                                "Hash Cond": "(store_sales_2.ss_item_sk = iss.i_item_sk)",
                                                "Workers": [],
                                                "Plans": [
                                                  {
                                                    "Node Type": "Nested Loop",
                                                    "Parent Relationship": "Outer",
                                                    "Parallel Aware": false,
                                                    "Async Capable": false,
                                                    "Join Type": "Inner",
                                                    "Startup Cost": 0.85,
                                                    "Total Cost": 411543.23,
                                                    "Plan Rows": 25451,
                                                    "Plan Width": 4,
                                                    "Actual Startup Time": 125.911,
                                                    "Actual Total Time": 8438.834,
                                                    "Actual Rows": 798538,
                                                    "Actual Loops": 3,
                                                    "Inner Unique": false,
                                                    "Workers": [],
                                                    "Plans": [
                                                      {
                                                        "Node Type": "Index Only Scan",
                                                        "Parent Relationship": "Outer",
                                                        "Parallel Aware": true,
                                                        "Async Capable": false,
                                                        "Scan Direction": "Forward",
                                                        "Index Name": "_dta_index_date_dim_6_661577395__k1_k7_k9",
                                                        "Relation Name": "date_dim",
                                                        "Alias": "d1",
                                                        "Startup Cost": 0.29,
                                                        "Total Cost": 1884.81,
                                                        "Plan Rows": 453,
                                                        "Plan Width": 4,
                                                        "Actual Startup Time": 5.308,
                                                        "Actual Total Time": 10.336,
                                                        "Actual Rows": 365,
                                                        "Actual Loops": 3,
                                                        "Index Cond": "((d_year >= 1999) AND (d_year <= 2001))",
                                                        "Rows Removed by Index Recheck": 0,
                                                        "Heap Fetches": 0,
                                                        "Workers": []
                                                      },
                                                      {
                                                        "Node Type": "Index Only Scan",
                                                        "Parent Relationship": "Inner",
                                                        "Parallel Aware": false,
                                                        "Async Capable": false,
                                                        "Scan Direction": "Forward",
                                                        "Index Name": "_dta_index_store_sales_6_1333579789__k1_k23_k14_k6_k8_k5_k7_3_4",
                                                        "Relation Name": "store_sales",
                                                        "Alias": "store_sales_2",
                                                        "Startup Cost": 0.56,
                                                        "Total Cost": 884.25,
                                                        "Plan Rows": 2007,
                                                        "Plan Width": 8,
                                                        "Actual Startup Time": 0.1,
                                                        "Actual Total Time": 22.609,
                                                        "Actual Rows": 2186,
                                                        "Actual Loops": 1096,
                                                        "Index Cond": "(ss_sold_date_sk = d1.d_date_sk)",
                                                        "Rows Removed by Index Recheck": 0,
                                                        "Filter": "((ss_wholesale_cost >= '76'::numeric) AND (ss_wholesale_cost <= '96'::numeric))",
                                                        "Rows Removed by Filter": 12085,
                                                        "Heap Fetches": 0,
                                                        "Workers": []
                                                      }
                                                    ]
                                                  },
                                                  {
                                                    "Node Type": "Hash",
                                                    "Parent Relationship": "Inner",
                                                    "Parallel Aware": true,
                                                    "Async Capable": false,
                                                    "Startup Cost": 7840.88,
                                                    "Total Cost": 7840.88,
                                                    "Plan Rows": 2031,
                                                    "Plan Width": 16,
                                                    "Actual Startup Time": 7.66,
                                                    "Actual Total Time": 7.661,
                                                    "Actual Rows": 1583,
                                                    "Actual Loops": 3,
                                                    "Hash Buckets": 8192,
                                                    "Original Hash Buckets": 8192,
                                                    "Hash Batches": 1,
                                                    "Original Hash Batches": 1,
                                                    "Peak Memory Usage": 288,
                                                    "Workers": [],
                                                    "Plans": [
                                                      {
                                                        "Node Type": "Seq Scan",
                                                        "Parent Relationship": "Outer",
                                                        "Parallel Aware": true,
                                                        "Async Capable": false,
                                                        "Relation Name": "item",
                                                        "Alias": "iss",
                                                        "Startup Cost": 0.0,
                                                        "Total Cost": 7840.88,
                                                        "Plan Rows": 2031,
                                                        "Plan Width": 16,
                                                        "Actual Startup Time": 0.037,
                                                        "Actual Total Time": 22.309,
                                                        "Actual Rows": 4750,
                                                        "Actual Loops": 1,
                                                        "Filter": "((i_manager_id >= 42) AND (i_manager_id <= 51) AND (i_category = ANY ('{Electronics,Shoes,Sports}'::bpchar[])))",
                                                        "Rows Removed by Filter": 97250,
                                                        "Workers": []
                                                      }
                                                    ]
                                                  }
                                                ]
                                              }
                                            ]
                                          }
                                        ]
                                      }
                                    ]
                                  }
                                ]
                              }
                            ]
                          },
                          {
                            "Node Type": "Subquery Scan",
                            "Parent Relationship": "Member",
                            "Parallel Aware": false,
                            "Async Capable": false,
                            "Alias": "*SELECT* 3",
                            "Startup Cost": 1001.02,
                            "Total Cost": 192804.81,
                            "Plan Rows": 21489,
                            "Plan Width": 16,
                            "Actual Startup Time": 15.161,
                            "Actual Total Time": 5717.11,
                            "Actual Rows": 840289,
                            "Actual Loops": 1,
                            "Plans": [
                              {
                                "Node Type": "Gather",
                                "Parent Relationship": "Subquery",
                                "Parallel Aware": false,
                                "Async Capable": false,
                                "Startup Cost": 1001.02,
                                "Total Cost": 192589.92,
                                "Plan Rows": 21489,
                                "Plan Width": 12,
                                "Actual Startup Time": 15.158,
                                "Actual Total Time": 5669.486,
                                "Actual Rows": 840289,
                                "Actual Loops": 1,
                                "Workers Planned": 2,
                                "Workers Launched": 2,
                                "Single Copy": false,
                                "Plans": [
                                  {
                                    "Node Type": "Nested Loop",
                                    "Parent Relationship": "Outer",
                                    "Parallel Aware": false,
                                    "Async Capable": false,
                                    "Join Type": "Inner",
                                    "Startup Cost": 1.02,
                                    "Total Cost": 189441.02,
                                    "Plan Rows": 8954,
                                    "Plan Width": 12,
                                    "Actual Startup Time": 107.65,
                                    "Actual Total Time": 5048.082,
                                    "Actual Rows": 280096,
                                    "Actual Loops": 3,
                                    "Inner Unique": true,
                                    "Workers": [],
                                    "Plans": [
                                      {
                                        "Node Type": "Nested Loop",
                                        "Parent Relationship": "Outer",
                                        "Parallel Aware": false,
                                        "Async Capable": false,
                                        "Join Type": "Inner",
                                        "Startup Cost": 0.72,
                                        "Total Cost": 186483.66,
                                        "Plan Rows": 8954,
                                        "Plan Width": 4,
                                        "Actual Startup Time": 107.247,
                                        "Actual Total Time": 4410.528,
                                        "Actual Rows": 280096,
                                        "Actual Loops": 3,
                                        "Inner Unique": false,
                                        "Workers": [],
                                        "Plans": [
                                          {
                                            "Node Type": "Index Only Scan",
                                            "Parent Relationship": "Outer",
                                            "Parallel Aware": true,
                                            "Async Capable": false,
                                            "Scan Direction": "Forward",
                                            "Index Name": "_dta_index_date_dim_6_661577395__k1_k7_k9",
                                            "Relation Name": "date_dim",
                                            "Alias": "d3",
                                            "Startup Cost": 0.29,
                                            "Total Cost": 1884.81,
                                            "Plan Rows": 453,
                                            "Plan Width": 4,
                                            "Actual Startup Time": 5.475,
                                            "Actual Total Time": 12.426,
                                            "Actual Rows": 365,
                                            "Actual Loops": 3,
                                            "Index Cond": "((d_year >= 1999) AND (d_year <= 2001))",
                                            "Rows Removed by Index Recheck": 0,
                                            "Heap Fetches": 0,
                                            "Workers": []
                                          },
                                          {
                                            "Node Type": "Index Scan",
                                            "Parent Relationship": "Inner",
                                            "Parallel Aware": false,
                                            "Async Capable": false,
                                            "Scan Direction": "Forward",
                                            "Index Name": "_dta_index_web_sales_6_1269579561__k1_8_24",
                                            "Relation Name": "web_sales",
                                            "Alias": "web_sales",
                                            "Startup Cost": 0.43,
                                            "Total Cost": 400.7,
                                            "Plan Rows": 680,
                                            "Plan Width": 8,
                                            "Actual Startup Time": 0.031,
                                            "Actual Total Time": 11.701,
                                            "Actual Rows": 767,
                                            "Actual Loops": 1096,
                                            "Index Cond": "(ws_sold_date_sk = d3.d_date_sk)",
                                            "Rows Removed by Index Recheck": 0,
                                            "Filter": "((ws_wholesale_cost >= '76'::numeric) AND (ws_wholesale_cost <= '96'::numeric))",
                                            "Rows Removed by Filter": 3045,
                                            "Workers": []
                                          }
                                        ]
                                      },
                                      {
                                        "Node Type": "Index Scan",
                                        "Parent Relationship": "Inner",
                                        "Parallel Aware": false,
                                        "Async Capable": false,
                                        "Scan Direction": "Forward",
                                        "Index Name": "item_pkey",
                                        "Relation Name": "item",
                                        "Alias": "iws",
                                        "Startup Cost": 0.29,
                                        "Total Cost": 0.33,
                                        "Plan Rows": 1,
                                        "Plan Width": 16,
                                        "Actual Startup Time": 0.002,
                                        "Actual Total Time": 0.002,
                                        "Actual Rows": 1,
                                        "Actual Loops": 840289,
                                        "Index Cond": "(i_item_sk = web_sales.ws_item_sk)",
                                        "Rows Removed by Index Recheck": 0,
                                        "Workers": []
                                      }
                                    ]
                                  }
                                ]
                              }
                            ]
                          }
                        ]
                      }
                    ]
                  }
                ]
              }
            ]
          }
        ]
      },
      {
        "Node Type": "Aggregate",
        "Strategy": "Plain",
        "Partial Mode": "Finalize",
        "Parent Relationship": "InitPlan",
        "Subplan Name": "CTE avg_sales",
        "Parallel Aware": false,
        "Async Capable": false,
        "Startup Cost": 952559.03,
        "Total Cost": 952559.04,
        "Plan Rows": 1,
        "Plan Width": 32,
        "Actual Startup Time": 20542.801,
        "Actual Total Time": 20542.837,
        "Actual Rows": 1,
        "Actual Loops": 1,
        "Plans": [
          {
            "Node Type": "Gather",
            "Parent Relationship": "Outer",
            "Parallel Aware": false,
            "Async Capable": false,
            "Startup Cost": 952558.8,
            "Total Cost": 952559.01,
            "Plan Rows": 2,
            "Plan Width": 32,
            "Actual Startup Time": 18510.376,
            "Actual Total Time": 20542.804,
            "Actual Rows": 3,
            "Actual Loops": 1,
            "Workers Planned": 2,
            "Workers Launched": 2,
            "Single Copy": false,
            "Plans": [
              {
                "Node Type": "Aggregate",
                "Strategy": "Plain",
                "Partial Mode": "Partial",
                "Parent Relationship": "Outer",
                "Parallel Aware": false,
                "Async Capable": false,
                "Startup Cost": 951558.8,
                "Total Cost": 951558.81,
                "Plan Rows": 1,
                "Plan Width": 32,
                "Actual Startup Time": 19769.907,
                "Actual Total Time": 19769.91,
                "Actual Rows": 1,
                "Actual Loops": 3,
                "Workers": [],
                "Plans": [
                  {
                    "Node Type": "Append",
                    "Parent Relationship": "Outer",
                    "Parallel Aware": true,
                    "Async Capable": false,
                    "Startup Cost": 0.73,
                    "Total Cost": 951221.26,
                    "Plan Rows": 45005,
                    "Plan Width": 10,
                    "Actual Startup Time": 144.311,
                    "Actual Total Time": 19533.547,
                    "Actual Rows": 1341178,
                    "Actual Loops": 3,
                    "Workers": [],
                    "Subplans Removed": 0,
                    "Plans": [
                      {
                        "Node Type": "Nested Loop",
                        "Parent Relationship": "Member",
                        "Parallel Aware": false,
                        "Async Capable": false,
                        "Join Type": "Inner",
                        "Startup Cost": 0.85,
                        "Total Cost": 411542.5,
                        "Plan Rows": 25451,
                        "Plan Width": 10,
                        "Actual Startup Time": 76.466,
                        "Actual Total Time": 7797.912,
                        "Actual Rows": 798538,
                        "Actual Loops": 3,
                        "Inner Unique": false,
                        "Workers": [],
                        "Plans": [
                          {
                            "Node Type": "Index Only Scan",
                            "Parent Relationship": "Outer",
                            "Parallel Aware": true,
                            "Async Capable": false,
                            "Scan Direction": "Forward",
                            "Index Name": "_dta_index_date_dim_6_661577395__k1_k7_k9",
                            "Relation Name": "date_dim",
                            "Alias": "date_dim_2",
                            "Startup Cost": 0.29,
                            "Total Cost": 1884.81,
                            "Plan Rows": 453,
                            "Plan Width": 4,
                            "Actual Startup Time": 6.546,
                            "Actual Total Time": 6.856,
                            "Actual Rows": 365,
                            "Actual Loops": 3,
                            "Index Cond": "((d_year >= 1999) AND (d_year <= 2001))",
                            "Rows Removed by Index Recheck": 0,
                            "Heap Fetches": 0,
                            "Workers": []
                          },
                          {
                            "Node Type": "Index Only Scan",
                            "Parent Relationship": "Inner",
                            "Parallel Aware": false,
                            "Async Capable": false,
                            "Scan Direction": "Forward",
                            "Index Name": "_dta_index_store_sales_6_1333579789__k1_k23_k14_k6_k8_k5_k7_3_4",
                            "Relation Name": "store_sales",
                            "Alias": "store_sales_3",
                            "Startup Cost": 0.56,
                            "Total Cost": 884.25,
                            "Plan Rows": 2007,
                            "Plan Width": 14,
                            "Actual Startup Time": 0.096,
                            "Actual Total Time": 21.009,
                            "Actual Rows": 2186,
                            "Actual Loops": 1096,
                            "Index Cond": "(ss_sold_date_sk = date_dim_2.d_date_sk)",
                            "Rows Removed by Index Recheck": 0,
                            "Filter": "((ss_wholesale_cost >= '76'::numeric) AND (ss_wholesale_cost <= '96'::numeric))",
                            "Rows Removed by Filter": 12085,
                            "Heap Fetches": 0,
                            "Workers": []
                          }
                        ]
                      },
                      {
                        "Node Type": "Nested Loop",
                        "Parent Relationship": "Member",
                        "Parallel Aware": false,
                        "Async Capable": false,
                        "Join Type": "Inner",
                        "Startup Cost": 0.73,
                        "Total Cost": 352970.08,
                        "Plan Rows": 10600,
                        "Plan Width": 10,
                        "Actual Startup Time": 104.778,
                        "Actual Total Time": 10585.544,
                        "Actual Rows": 393816,
                        "Actual Loops": 2,
                        "Inner Unique": false,
                        "Workers": [],
                        "Plans": [
                          {
                            "Node Type": "Index Only Scan",
                            "Parent Relationship": "Outer",
                            "Parallel Aware": true,
                            "Async Capable": false,
                            "Scan Direction": "Forward",
                            "Index Name": "_dta_index_date_dim_6_661577395__k1_k7_k9",
                            "Relation Name": "date_dim",
                            "Alias": "date_dim_3",
                            "Startup Cost": 0.29,
                            "Total Cost": 1884.81,
                            "Plan Rows": 453,
                            "Plan Width": 4,
                            "Actual Startup Time": 0.393,
                            "Actual Total Time": 10.737,
                            "Actual Rows": 548,
                            "Actual Loops": 2,
                            "Index Cond": "((d_year >= 1999) AND (d_year <= 2001))",
                            "Rows Removed by Index Recheck": 0,
                            "Heap Fetches": 0,
                            "Workers": []
                          },
                          {
                            "Node Type": "Index Scan",
                            "Parent Relationship": "Inner",
                            "Parallel Aware": false,
                            "Async Capable": false,
                            "Scan Direction": "Forward",
                            "Index Name": "_dta_index_catalog_sales_6_1301579675__k1_4",
                            "Relation Name": "catalog_sales",
                            "Alias": "catalog_sales_1",
                            "Startup Cost": 0.43,
                            "Total Cost": 766.95,
                            "Plan Rows": 807,
                            "Plan Width": 14,
                            "Actual Startup Time": 0.041,
                            "Actual Total Time": 19.034,
                            "Actual Rows": 719,
                            "Actual Loops": 1096,
                            "Index Cond": "(cs_sold_date_sk = date_dim_3.d_date_sk)",
                            "Rows Removed by Index Recheck": 0,
                            "Filter": "((cs_wholesale_cost >= '76'::numeric) AND (cs_wholesale_cost <= '96'::numeric))",
                            "Rows Removed by Filter": 5291,
                            "Workers": []
                          }
                        ]
                      },
                      {
                        "Node Type": "Nested Loop",
                        "Parent Relationship": "Member",
                        "Parallel Aware": false,
                        "Async Capable": false,
                        "Join Type": "Inner",
                        "Startup Cost": 0.72,
                        "Total Cost": 186483.66,
                        "Plan Rows": 8954,
                        "Plan Width": 10,
                        "Actual Startup Time": 15.821,
                        "Actual Total Time": 13825.957,
                        "Actual Rows": 840289,
                        "Actual Loops": 1,
                        "Inner Unique": false,
                        "Workers": [],
                        "Plans": [
                          {
                            "Node Type": "Index Only Scan",
                            "Parent Relationship": "Outer",
                            "Parallel Aware": true,
                            "Async Capable": false,
                            "Scan Direction": "Forward",
                            "Index Name": "_dta_index_date_dim_6_661577395__k1_k7_k9",
                            "Relation Name": "date_dim",
                            "Alias": "date_dim_4",
                            "Startup Cost": 0.29,
                            "Total Cost": 1884.81,
                            "Plan Rows": 453,
                            "Plan Width": 4,
                            "Actual Startup Time": 15.361,
                            "Actual Total Time": 39.162,
                            "Actual Rows": 1096,
                            "Actual Loops": 1,
                            "Index Cond": "((d_year >= 1999) AND (d_year <= 2001))",
                            "Rows Removed by Index Recheck": 0,
                            "Heap Fetches": 0,
                            "Workers": []
                          },
                          {
                            "Node Type": "Index Scan",
                            "Parent Relationship": "Inner",
                            "Parallel Aware": false,
                            "Async Capable": false,
                            "Scan Direction": "Forward",
                            "Index Name": "_dta_index_web_sales_6_1269579561__k1_8_24",
                            "Relation Name": "web_sales",
                            "Alias": "web_sales_1",
                            "Startup Cost": 0.43,
                            "Total Cost": 400.7,
                            "Plan Rows": 680,
                            "Plan Width": 14,
                            "Actual Startup Time": 0.027,
                            "Actual Total Time": 12.516,
                            "Actual Rows": 767,
                            "Actual Loops": 1096,
                            "Index Cond": "(ws_sold_date_sk = date_dim_4.d_date_sk)",
                            "Rows Removed by Index Recheck": 0,
                            "Filter": "((ws_wholesale_cost >= '76'::numeric) AND (ws_wholesale_cost <= '96'::numeric))",
                            "Rows Removed by Filter": 3045,
                            "Workers": []
                          }
                        ]
                      }
                    ]
                  }
                ]
              }
            ]
          }
        ]
      },
      {
        "Node Type": "Sort",
        "Parent Relationship": "Outer",
        "Parallel Aware": false,
        "Async Capable": false,
        "Startup Cost": 2240.56,
        "Total Cost": 2240.56,
        "Plan Rows": 1,
        "Plan Width": 168,
        "Actual Startup Time": 212255.994,
        "Actual Total Time": 212256.005,
        "Actual Rows": 55,
        "Actual Loops": 1,
        "Sort Key": [
          "('store'::text)",
          "item.i_brand_id",
          "item.i_class_id",
          "item.i_category_id"
        ],
        "Sort Method": "quicksort",
        "Sort Space Used": 32,
        "Sort Space Type": "Memory",
        "Plans": [
          {
            "Node Type": "Nested Loop",
            "Parent Relationship": "Outer",
            "Parallel Aware": false,
            "Async Capable": false,
            "Join Type": "Inner",
            "Startup Cost": 2240.46,
            "Total Cost": 2240.55,
            "Plan Rows": 1,
            "Plan Width": 168,
            "Actual Startup Time": 212242.282,
            "Actual Total Time": 212255.933,
            "Actual Rows": 55,
            "Actual Loops": 1,
            "Inner Unique": true,
            "Join Filter": "((item.i_brand_id = item_1.i_brand_id) AND (item.i_class_id = item_1.i_class_id) AND (item.i_category_id = item_1.i_category_id))",
            "Rows Removed by Join Filter": 15021,
            "Plans": [
              {
                "Node Type": "Aggregate",
                "Strategy": "Sorted",
                "Partial Mode": "Simple",
                "Parent Relationship": "Outer",
                "Parallel Aware": false,
                "Async Capable": false,
                "Startup Cost": 1120.23,
                "Total Cost": 1120.27,
                "Plan Rows": 1,
                "Plan Width": 84,
                "Actual Startup Time": 161529.133,
                "Actual Total Time": 161529.353,
                "Actual Rows": 194,
                "Actual Loops": 1,
                "Group Key": [
                  "item.i_brand_id",
                  "item.i_class_id",
                  "item.i_category_id"
                ],
                "Filter": "(sum(((store_sales.ss_quantity)::numeric * store_sales.ss_list_price)) > $15)",
                "Rows Removed by Filter": 80,
                "Plans": [
                  {
                    "Node Type": "Index Scan",
                    "Parent Relationship": "InitPlan",
                    "Subplan Name": "InitPlan 3 (returns $14)",
                    "Parallel Aware": false,
                    "Async Capable": false,
                    "Scan Direction": "Forward",
                    "Index Name": "_dta_index_date_dim_6_661577395__k7_k9",
                    "Relation Name": "date_dim",
                    "Alias": "date_dim_5",
                    "Startup Cost": 0.29,
                    "Total Cost": 61.49,
                    "Plan Rows": 1,
                    "Plan Width": 4,
                    "Actual Startup Time": 0.511,
                    "Actual Total Time": 0.513,
                    "Actual Rows": 1,
                    "Actual Loops": 1,
                    "Index Cond": "((d_year = 2000) AND (d_moy = 12))",
                    "Rows Removed by Index Recheck": 0,
                    "Filter": "(d_dom = 12)",
                    "Rows Removed by Filter": 30
                  },
                  {
                    "Node Type": "CTE Scan",
                    "Parent Relationship": "InitPlan",
                    "Subplan Name": "InitPlan 4 (returns $15)",
                    "Parallel Aware": false,
                    "Async Capable": false,
                    "CTE Name": "avg_sales",
                    "Alias": "avg_sales",
                    "Startup Cost": 0.0,
                    "Total Cost": 0.02,
                    "Plan Rows": 1,
                    "Plan Width": 32,
                    "Actual Startup Time": 20542.805,
                    "Actual Total Time": 20542.805,
                    "Actual Rows": 1,
                    "Actual Loops": 1
                  },
                  {
                    "Node Type": "Sort",
                    "Parent Relationship": "Outer",
                    "Parallel Aware": false,
                    "Async Capable": false,
                    "Startup Cost": 1058.72,
                    "Total Cost": 1058.72,
                    "Plan Rows": 1,
                    "Plan Width": 22,
                    "Actual Startup Time": 140986.262,
                    "Actual Total Time": 140986.299,
                    "Actual Rows": 751,
                    "Actual Loops": 1,
                    "Sort Key": [
                      "item.i_brand_id",
                      "item.i_class_id",
                      "item.i_category_id"
                    ],
                    "Sort Method": "quicksort",
                    "Sort Space Used": 60,
                    "Sort Space Type": "Memory",
                    "Plans": [
                      {
                        "Node Type": "Nested Loop",
                        "Parent Relationship": "Outer",
                        "Parallel Aware": false,
                        "Async Capable": false,
                        "Join Type": "Inner",
                        "Startup Cost": 1.04,
                        "Total Cost": 1058.71,
                        "Plan Rows": 1,
                        "Plan Width": 22,
                        "Actual Startup Time": 25143.978,
                        "Actual Total Time": 140984.597,
                        "Actual Rows": 751,
                        "Actual Loops": 1,
                        "Inner Unique": true,
                        "Plans": [
                          {
                            "Node Type": "Nested Loop",
                            "Parent Relationship": "Outer",
                            "Parallel Aware": false,
                            "Async Capable": false,
                            "Join Type": "Inner",
                            "Startup Cost": 0.75,
                            "Total Cost": 1055.88,
                            "Plan Rows": 9,
                            "Plan Width": 26,
                            "Actual Startup Time": 25077.101,
                            "Actual Total Time": 140595.539,
                            "Actual Rows": 100842,
                            "Actual Loops": 1,
                            "Inner Unique": false,
                            "Plans": [
                              {
                                "Node Type": "Nested Loop",
                                "Parent Relationship": "Outer",
                                "Parallel Aware": false,
                                "Async Capable": false,
                                "Join Type": "Inner",
                                "Startup Cost": 0.32,
                                "Total Cost": 8.35,
                                "Plan Rows": 1,
                                "Plan Width": 20,
                                "Actual Startup Time": 25073.551,
                                "Actual Total Time": 25815.195,
                                "Actual Rows": 4735,
                                "Actual Loops": 1,
                                "Inner Unique": true,
                                "Plans": [
                                  {
                                    "Node Type": "Aggregate",
                                    "Strategy": "Hashed",
                                    "Partial Mode": "Simple",
                                    "Parent Relationship": "Outer",
                                    "Parallel Aware": false,
                                    "Async Capable": false,
                                    "Startup Cost": 0.02,
                                    "Total Cost": 0.03,
                                    "Plan Rows": 1,
                                    "Plan Width": 4,
                                    "Actual Startup Time": 25073.53,
                                    "Actual Total Time": 25081.595,
                                    "Actual Rows": 4735,
                                    "Actual Loops": 1,
                                    "Group Key": [
                                      "cross_items.ss_item_sk"
                                    ],
                                    "Planned Partitions": 0,
                                    "HashAgg Batches": 1,
                                    "Peak Memory Usage": 489,
                                    "Disk Usage": 0,
                                    "Plans": [
                                      {
                                        "Node Type": "CTE Scan",
                                        "Parent Relationship": "Outer",
                                        "Parallel Aware": false,
                                        "Async Capable": false,
                                        "CTE Name": "cross_items",
                                        "Alias": "cross_items",
                                        "Startup Cost": 0.0,
                                        "Total Cost": 0.02,
                                        "Plan Rows": 1,
                                        "Plan Width": 4,
                                        "Actual Startup Time": 25056.381,
                                        "Actual Total Time": 25072.88,
                                        "Actual Rows": 4735,
                                        "Actual Loops": 1
                                      }
                                    ]
                                  },
                                  {
                                    "Node Type": "Index Scan",
                                    "Parent Relationship": "Inner",
                                    "Parallel Aware": false,
                                    "Async Capable": false,
                                    "Scan Direction": "Forward",
                                    "Index Name": "item_pkey",
                                    "Relation Name": "item",
                                    "Alias": "item",
                                    "Startup Cost": 0.29,
                                    "Total Cost": 8.32,
                                    "Plan Rows": 1,
                                    "Plan Width": 16,
                                    "Actual Startup Time": 0.153,
                                    "Actual Total Time": 0.153,
                                    "Actual Rows": 1,
                                    "Actual Loops": 4735,
                                    "Index Cond": "(i_item_sk = cross_items.ss_item_sk)",
                                    "Rows Removed by Index Recheck": 0,
                                    "Filter": "((i_manager_id >= 42) AND (i_manager_id <= 51) AND (i_category = ANY ('{Electronics,Shoes,Sports}'::bpchar[])))",
                                    "Rows Removed by Filter": 0
                                  }
                                ]
                              },
                              {
                                "Node Type": "Index Scan",
                                "Parent Relationship": "Inner",
                                "Parallel Aware": false,
                                "Async Capable": false,
                                "Scan Direction": "Forward",
                                "Index Name": "store_sales_pkey",
                                "Relation Name": "store_sales",
                                "Alias": "store_sales",
                                "Startup Cost": 0.44,
                                "Total Cost": 1045.7,
                                "Plan Rows": 182,
                                "Plan Width": 18,
                                "Actual Startup Time": 1.891,
                                "Actual Total Time": 24.231,
                                "Actual Rows": 21,
                                "Actual Loops": 4735,
                                "Index Cond": "(ss_item_sk = item.i_item_sk)",
                                "Rows Removed by Index Recheck": 0,
                                "Filter": "((ss_wholesale_cost >= '76'::numeric) AND (ss_wholesale_cost <= '96'::numeric))",
                                "Rows Removed by Filter": 121
                              }
                            ]
                          },
                          {
                            "Node Type": "Index Scan",
                            "Parent Relationship": "Inner",
                            "Parallel Aware": false,
                            "Async Capable": false,
                            "Scan Direction": "Forward",
                            "Index Name": "date_dim_pkey",
                            "Relation Name": "date_dim",
                            "Alias": "date_dim",
                            "Startup Cost": 0.29,
                            "Total Cost": 0.31,
                            "Plan Rows": 1,
                            "Plan Width": 4,
                            "Actual Startup Time": 0.003,
                            "Actual Total Time": 0.003,
                            "Actual Rows": 0,
                            "Actual Loops": 100842,
                            "Index Cond": "(d_date_sk = store_sales.ss_sold_date_sk)",
                            "Rows Removed by Index Recheck": 0,
                            "Filter": "(d_week_seq = $14)",
                            "Rows Removed by Filter": 1
                          }
                        ]
                      }
                    ]
                  }
                ]
              },
              {
                "Node Type": "Aggregate",
                "Strategy": "Sorted",
                "Partial Mode": "Simple",
                "Parent Relationship": "Inner",
                "Parallel Aware": false,
                "Async Capable": false,
                "Startup Cost": 1120.23,
                "Total Cost": 1120.27,
                "Plan Rows": 1,
                "Plan Width": 84,
                "Actual Startup Time": 261.411,
                "Actual Total Time": 261.475,
                "Actual Rows": 78,
                "Actual Loops": 194,
                "Group Key": [
                  "item_1.i_brand_id",
                  "item_1.i_class_id",
                  "item_1.i_category_id"
                ],
                "Filter": "(sum(((store_sales_1.ss_quantity)::numeric * store_sales_1.ss_list_price)) > $17)",
                "Rows Removed by Filter": 53,
                "Plans": [
                  {
                    "Node Type": "Index Scan",
                    "Parent Relationship": "InitPlan",
                    "Subplan Name": "InitPlan 5 (returns $16)",
                    "Parallel Aware": false,
                    "Async Capable": false,
                    "Scan Direction": "Forward",
                    "Index Name": "_dta_index_date_dim_6_661577395__k7_k9",
                    "Relation Name": "date_dim",
                    "Alias": "date_dim_6",
                    "Startup Cost": 0.29,
                    "Total Cost": 61.49,
                    "Plan Rows": 1,
                    "Plan Width": 4,
                    "Actual Startup Time": 0.2,
                    "Actual Total Time": 0.264,
                    "Actual Rows": 1,
                    "Actual Loops": 1,
                    "Index Cond": "((d_year = 1999) AND (d_moy = 12))",
                    "Rows Removed by Index Recheck": 0,
                    "Filter": "(d_dom = 12)",
                    "Rows Removed by Filter": 30
                  },
                  {
                    "Node Type": "CTE Scan",
                    "Parent Relationship": "InitPlan",
                    "Subplan Name": "InitPlan 6 (returns $17)",
                    "Parallel Aware": false,
                    "Async Capable": false,
                    "CTE Name": "avg_sales",
                    "Alias": "avg_sales_1",
                    "Startup Cost": 0.0,
                    "Total Cost": 0.02,
                    "Plan Rows": 1,
                    "Plan Width": 32,
                    "Actual Startup Time": 0.001,
                    "Actual Total Time": 0.001,
                    "Actual Rows": 1,
                    "Actual Loops": 1
                  },
                  {
                    "Node Type": "Sort",
                    "Parent Relationship": "Outer",
                    "Parallel Aware": false,
                    "Async Capable": false,
                    "Startup Cost": 1058.72,
                    "Total Cost": 1058.72,
                    "Plan Rows": 1,
                    "Plan Width": 22,
                    "Actual Startup Time": 261.408,
                    "Actual Total Time": 261.414,
                    "Actual Rows": 244,
                    "Actual Loops": 194,
                    "Sort Key": [
                      "item_1.i_brand_id",
                      "item_1.i_class_id",
                      "item_1.i_category_id"
                    ],
                    "Sort Method": "quicksort",
                    "Sort Space Used": 37,
                    "Sort Space Type": "Memory",
                    "Plans": [
                      {
                        "Node Type": "Nested Loop",
                        "Parent Relationship": "Outer",
                        "Parallel Aware": false,
                        "Async Capable": false,
                        "Join Type": "Inner",
                        "Startup Cost": 1.04,
                        "Total Cost": 1058.71,
                        "Plan Rows": 1,
                        "Plan Width": 22,
                        "Actual Startup Time": 29.396,
                        "Actual Total Time": 50712.512,
                        "Actual Rows": 274,
                        "Actual Loops": 1,
                        "Inner Unique": true,
                        "Plans": [
                          {
                            "Node Type": "Nested Loop",
                            "Parent Relationship": "Outer",
                            "Parallel Aware": false,
                            "Async Capable": false,
                            "Join Type": "Inner",
                            "Startup Cost": 0.75,
                            "Total Cost": 1055.88,
                            "Plan Rows": 9,
                            "Plan Width": 26,
                            "Actual Startup Time": 2.755,
                            "Actual Total Time": 50452.368,
                            "Actual Rows": 100842,
                            "Actual Loops": 1,
                            "Inner Unique": false,
                            "Plans": [
                              {
                                "Node Type": "Nested Loop",
                                "Parent Relationship": "Outer",
                                "Parallel Aware": false,
                                "Async Capable": false,
                                "Join Type": "Inner",
                                "Startup Cost": 0.32,
                                "Total Cost": 8.35,
                                "Plan Rows": 1,
                                "Plan Width": 20,
                                "Actual Startup Time": 0.986,
                                "Actual Total Time": 627.964,
                                "Actual Rows": 4735,
                                "Actual Loops": 1,
                                "Inner Unique": true,
                                "Plans": [
                                  {
                                    "Node Type": "Aggregate",
                                    "Strategy": "Hashed",
                                    "Partial Mode": "Simple",
                                    "Parent Relationship": "Outer",
                                    "Parallel Aware": false,
                                    "Async Capable": false,
                                    "Startup Cost": 0.02,
                                    "Total Cost": 0.03,
                                    "Plan Rows": 1,
                                    "Plan Width": 4,
                                    "Actual Startup Time": 0.685,
                                    "Actual Total Time": 6.52,
                                    "Actual Rows": 4735,
                                    "Actual Loops": 1,
                                    "Group Key": [
                                      "cross_items_1.ss_item_sk"
                                    ],
                                    "Planned Partitions": 0,
                                    "HashAgg Batches": 1,
                                    "Peak Memory Usage": 489,
                                    "Disk Usage": 0,
                                    "Plans": [
                                      {
                                        "Node Type": "CTE Scan",
                                        "Parent Relationship": "Outer",
                                        "Parallel Aware": false,
                                        "Async Capable": false,
                                        "CTE Name": "cross_items",
                                        "Alias": "cross_items_1",
                                        "Startup Cost": 0.0,
                                        "Total Cost": 0.02,
                                        "Plan Rows": 1,
                                        "Plan Width": 4,
                                        "Actual Startup Time": 0.001,
                                        "Actual Total Time": 0.156,
                                        "Actual Rows": 4735,
                                        "Actual Loops": 1
                                      }
                                    ]
                                  },
                                  {
                                    "Node Type": "Index Scan",
                                    "Parent Relationship": "Inner",
                                    "Parallel Aware": false,
                                    "Async Capable": false,
                                    "Scan Direction": "Forward",
                                    "Index Name": "item_pkey",
                                    "Relation Name": "item",
                                    "Alias": "item_1",
                                    "Startup Cost": 0.29,
                                    "Total Cost": 8.32,
                                    "Plan Rows": 1,
                                    "Plan Width": 16,
                                    "Actual Startup Time": 0.13,
                                    "Actual Total Time": 0.13,
                                    "Actual Rows": 1,
                                    "Actual Loops": 4735,
                                    "Index Cond": "(i_item_sk = cross_items_1.ss_item_sk)",
                                    "Rows Removed by Index Recheck": 0,
                                    "Filter": "((i_manager_id >= 42) AND (i_manager_id <= 51) AND (i_category = ANY ('{Electronics,Shoes,Sports}'::bpchar[])))",
                                    "Rows Removed by Filter": 0
                                  }
                                ]
                              },
                              {
                                "Node Type": "Index Scan",
                                "Parent Relationship": "Inner",
                                "Parallel Aware": false,
                                "Async Capable": false,
                                "Scan Direction": "Forward",
                                "Index Name": "store_sales_pkey",
                                "Relation Name": "store_sales",
                                "Alias": "store_sales_1",
                                "Startup Cost": 0.44,
                                "Total Cost": 1045.7,
                                "Plan Rows": 182,
                                "Plan Width": 18,
                                "Actual Startup Time": 0.606,
                                "Actual Total Time": 10.515,
                                "Actual Rows": 21,
                                "Actual Loops": 4735,
                                "Index Cond": "(ss_item_sk = item_1.i_item_sk)",
                                "Rows Removed by Index Recheck": 0,
                                "Filter": "((ss_wholesale_cost >= '76'::numeric) AND (ss_wholesale_cost <= '96'::numeric))",
                                "Rows Removed by Filter": 121
                              }
                            ]
                          },
                          {
                            "Node Type": "Index Scan",
                            "Parent Relationship": "Inner",
                            "Parallel Aware": false,
                            "Async Capable": false,
                            "Scan Direction": "Forward",
                            "Index Name": "date_dim_pkey",
                            "Relation Name": "date_dim",
                            "Alias": "date_dim_1",
                            "Startup Cost": 0.29,
                            "Total Cost": 0.31,
                            "Plan Rows": 1,
                            "Plan Width": 4,
                            "Actual Startup Time": 0.002,
                            "Actual Total Time": 0.002,
                            "Actual Rows": 0,
                            "Actual Loops": 100842,
                            "Index Cond": "(d_date_sk = store_sales_1.ss_sold_date_sk)",
                            "Rows Removed by Index Recheck": 0,
                            "Filter": "(d_week_seq = $16)",
                            "Rows Removed by Filter": 1
                          }
                        ]
                      }
                    ]
                  }
                ]
              }
            ]
          }
        ]
      }
    ]
  },
  "actual_rows": 55,
  "provenance": {
    "database": "postgres://jakc9:jakc9@127.0.0.1:5434/dsb_sf10",
    "scale_factor": 10,
    "engine": "postgresql",
    "engine_version": "14.3",
    "cached_at": "2026-02-09T20:54:41.983055"
  }
}