{
  "execution_time_ms": 799.181,
  "plan_text": "Limit  (rows=6, time=798.921)\n  Aggregate  (rows=6, time=798.918)\n    Sort  (rows=3, time=798.904)\n      Append  (rows=3, time=798.887)\n        Subquery Scan (ssr)  (rows=2, time=229.097)\n          Aggregate  (rows=2, time=229.093)\n            Sort  (rows=2, time=229.081)\n              Nested Loop  (rows=2, time=229.068)\n                Nested Loop  (rows=2, time=228.969)\n                  Gather  (rows=2, time=228.017)\n                    Nested Loop  (rows=1, time=76.901)\n                      Hash Join  (rows=207, time=68.855)\n                        Nested Loop  (rows=5432, time=68.401)\n                          Index Scan on date_dim  (rows=10, time=1.825)\n                          Index Only Scan on store_sales  (rows=526, time=6.397)\n                        Hash  (rows=18, time=0.072)\n                          Seq Scan on promotion  (rows=18, time=0.065)\n                      Index Scan on item  (rows=0, time=0.038)\n                  Index Scan on store_returns  (rows=0, time=0.472)\n                Index Only Scan on store  (rows=1, time=0.046)\n        Subquery Scan (csr)  (rows=1, time=202.005)\n          Aggregate  (rows=1, time=202.002)\n            Sort  (rows=1, time=201.991)\n              Nested Loop  (rows=1, time=201.972)\n                Nested Loop  (rows=1, time=201.79)\n                  Gather  (rows=1, time=201.198)\n                    Nested Loop  (rows=0, time=115.979)\n                      Hash Join  (rows=326, time=102.97)\n                        Nested Loop  (rows=10428, time=101.979)\n                          Seq Scan on date_dim (date_dim_1)  (rows=16, time=1.549)\n                          Index Scan on catalog_sales  (rows=673, time=6.395)\n                        Hash  (rows=18, time=0.184)\n                          Seq Scan on promotion (promotion_1)  (rows=18, time=0.174)\n                      Index Scan on item (item_1)  (rows=0, time=0.039)\n                  Index Scan on catalog_returns  (rows=0, time=0.586)\n                Index Scan on catalog_page  (rows=1, time=0.179)\n        Subquery Scan (wsr)  (rows=0, time=367.779)\n          Aggregate  (rows=0, time=367.778)\n            Nested Loop  (rows=0, time=367.776)\n              Gather Merge  (rows=0, time=367.774)\n                Sort  (rows=0, time=186.919)\n                  Nested Loop  (rows=0, time=186.904)\n                    Nested Loop  (rows=0, time=186.903)\n                      Hash Join  (rows=446, time=170.238)\n                        Nested Loop  (rows=9748, time=169.052)\n                          Seq Scan on date_dim (date_dim_2)  (rows=16, time=1.337)\n                          Index Scan on web_sales  (rows=629, time=10.732)\n                        Hash  (rows=18, time=0.215)\n                          Seq Scan on promotion (promotion_2)  (rows=18, time=0.209)\n                      Index Scan on item (item_2)  (rows=0, time=0.037)\n                    Index Scan on web_site  (rows=0, time=0.0)\n              Index Scan on web_returns  (rows=0, time=0.0)",
  "plan_json": {
    "Node Type": "Limit",
    "Parallel Aware": false,
    "Async Capable": false,
    "Startup Cost": 51838.86,
    "Total Cost": 51839.03,
    "Plan Rows": 7,
    "Plan Width": 160,
    "Actual Startup Time": 796.376,
    "Actual Total Time": 798.921,
    "Actual Rows": 6,
    "Actual Loops": 1,
    "Plans": [
      {
        "Node Type": "Aggregate",
        "Strategy": "Sorted",
        "Partial Mode": "Simple",
        "Parent Relationship": "Outer",
        "Parallel Aware": false,
        "Async Capable": false,
        "Startup Cost": 51838.86,
        "Total Cost": 51839.03,
        "Plan Rows": 7,
        "Plan Width": 160,
        "Actual Startup Time": 796.375,
        "Actual Total Time": 798.918,
        "Actual Rows": 6,
        "Actual Loops": 1,
        "Grouping Sets": [
          {
            "Group Keys": [
              [
                "('store channel'::text)",
                "(('store'::text || (ssr.store_id)::text))"
              ],
              [
                "('store channel'::text)"
              ],
              []
            ]
          }
        ],
        "Plans": [
          {
            "Node Type": "Sort",
            "Parent Relationship": "Outer",
            "Parallel Aware": false,
            "Async Capable": false,
            "Startup Cost": 51838.86,
            "Total Cost": 51838.87,
            "Plan Rows": 3,
            "Plan Width": 160,
            "Actual Startup Time": 796.364,
            "Actual Total Time": 798.904,
            "Actual Rows": 3,
            "Actual Loops": 1,
            "Sort Key": [
              "('store channel'::text)",
              "(('store'::text || (ssr.store_id)::text))"
            ],
            "Sort Method": "quicksort",
            "Sort Space Used": 25,
            "Sort Space Type": "Memory",
            "Plans": [
              {
                "Node Type": "Append",
                "Parent Relationship": "Outer",
                "Parallel Aware": false,
                "Async Capable": false,
                "Startup Cost": 18645.63,
                "Total Cost": 51838.84,
                "Plan Rows": 3,
                "Plan Width": 160,
                "Actual Startup Time": 229.035,
                "Actual Total Time": 798.887,
                "Actual Rows": 3,
                "Actual Loops": 1,
                "Subplans Removed": 0,
                "Plans": [
                  {
                    "Node Type": "Subquery Scan",
                    "Parent Relationship": "Member",
                    "Parallel Aware": false,
                    "Async Capable": false,
                    "Alias": "ssr",
                    "Startup Cost": 18645.63,
                    "Total Cost": 18645.68,
                    "Plan Rows": 1,
                    "Plan Width": 160,
                    "Actual Startup Time": 229.034,
                    "Actual Total Time": 229.097,
                    "Actual Rows": 2,
                    "Actual Loops": 1,
                    "Plans": [
                      {
                        "Node Type": "Aggregate",
                        "Strategy": "Sorted",
                        "Partial Mode": "Simple",
                        "Parent Relationship": "Subquery",
                        "Parallel Aware": false,
                        "Async Capable": false,
                        "Startup Cost": 18645.63,
                        "Total Cost": 18645.67,
                        "Plan Rows": 1,
                        "Plan Width": 113,
                        "Actual Startup Time": 229.031,
                        "Actual Total Time": 229.093,
                        "Actual Rows": 2,
                        "Actual Loops": 1,
                        "Group Key": [
                          "store.s_store_id"
                        ],
                        "Plans": [
                          {
                            "Node Type": "Sort",
                            "Parent Relationship": "Outer",
                            "Parallel Aware": false,
                            "Async Capable": false,
                            "Startup Cost": 18645.63,
                            "Total Cost": 18645.64,
                            "Plan Rows": 1,
                            "Plan Width": 41,
                            "Actual Startup Time": 229.021,
                            "Actual Total Time": 229.081,
                            "Actual Rows": 2,
                            "Actual Loops": 1,
                            "Sort Key": [
                              "store.s_store_id"
                            ],
                            "Sort Method": "quicksort",
                            "Sort Space Used": 25,
                            "Sort Space Type": "Memory",
                            "Plans": [
                              {
                                "Node Type": "Nested Loop",
                                "Parent Relationship": "Outer",
                                "Parallel Aware": false,
                                "Async Capable": false,
                                "Join Type": "Inner",
                                "Startup Cost": 1026.15,
                                "Total Cost": 18645.62,
                                "Plan Rows": 1,
                                "Plan Width": 41,
                                "Actual Startup Time": 76.343,
                                "Actual Total Time": 229.068,
                                "Actual Rows": 2,
                                "Actual Loops": 1,
                                "Inner Unique": true,
                                "Plans": [
                                  {
                                    "Node Type": "Nested Loop",
                                    "Parent Relationship": "Outer",
                                    "Parallel Aware": false,
                                    "Async Capable": false,
                                    "Join Type": "Left",
                                    "Startup Cost": 1026.0,
                                    "Total Cost": 18645.46,
                                    "Plan Rows": 1,
                                    "Plan Width": 28,
                                    "Actual Startup Time": 76.334,
                                    "Actual Total Time": 228.969,
                                    "Actual Rows": 2,
                                    "Actual Loops": 1,
                                    "Inner Unique": true,
                                    "Plans": [
                                      {
                                        "Node Type": "Gather",
                                        "Parent Relationship": "Outer",
                                        "Parallel Aware": false,
                                        "Async Capable": false,
                                        "Startup Cost": 1025.57,
                                        "Total Cost": 18643.21,
                                        "Plan Rows": 1,
                                        "Plan Width": 24,
                                        "Actual Startup Time": 75.874,
                                        "Actual Total Time": 228.017,
                                        "Actual Rows": 2,
                                        "Actual Loops": 1,
                                        "Workers Planned": 2,
                                        "Workers Launched": 2,
                                        "Single Copy": false,
                                        "Plans": [
                                          {
                                            "Node Type": "Nested Loop",
                                            "Parent Relationship": "Outer",
                                            "Parallel Aware": false,
                                            "Async Capable": false,
                                            "Join Type": "Inner",
                                            "Startup Cost": 25.57,
                                            "Total Cost": 17643.11,
                                            "Plan Rows": 1,
                                            "Plan Width": 24,
                                            "Actual Startup Time": 26.203,
                                            "Actual Total Time": 76.901,
                                            "Actual Rows": 1,
                                            "Actual Loops": 3,
                                            "Inner Unique": true,
                                            "Workers": [],
                                            "Plans": [
                                              {
                                                "Node Type": "Hash Join",
                                                "Parent Relationship": "Outer",
                                                "Parallel Aware": false,
                                                "Async Capable": false,
                                                "Join Type": "Inner",
                                                "Startup Cost": 25.28,
                                                "Total Cost": 17621.8,
                                                "Plan Rows": 12,
                                                "Plan Width": 24,
                                                "Actual Startup Time": 2.406,
                                                "Actual Total Time": 68.855,
                                                "Actual Rows": 207,
                                                "Actual Loops": 3,
                                                "Inner Unique": true,
                                                "Hash Cond": "(store_sales.ss_promo_sk = promotion.p_promo_sk)",
                                                "Workers": [],
                                                "Plans": [
                                                  {
                                                    "Node Type": "Nested Loop",
                                                    "Parent Relationship": "Outer",
                                                    "Parallel Aware": false,
                                                    "Async Capable": false,
                                                    "Join Type": "Inner",
                                                    "Startup Cost": 0.85,
                                                    "Total Cost": 17596.17,
                                                    "Plan Rows": 455,
                                                    "Plan Width": 28,
                                                    "Actual Startup Time": 2.264,
                                                    "Actual Total Time": 68.401,
                                                    "Actual Rows": 5432,
                                                    "Actual Loops": 3,
                                                    "Inner Unique": false,
                                                    "Workers": [],
                                                    "Plans": [
                                                      {
                                                        "Node Type": "Index Scan",
                                                        "Parent Relationship": "Outer",
                                                        "Parallel Aware": true,
                                                        "Async Capable": false,
                                                        "Scan Direction": "Forward",
                                                        "Index Name": "date_dim_pkey",
                                                        "Relation Name": "date_dim",
                                                        "Alias": "date_dim",
                                                        "Startup Cost": 0.29,
                                                        "Total Cost": 3057.09,
                                                        "Plan Rows": 14,
                                                        "Plan Width": 4,
                                                        "Actual Startup Time": 1.811,
                                                        "Actual Total Time": 1.825,
                                                        "Actual Rows": 10,
                                                        "Actual Loops": 3,
                                                        "Filter": "((d_date >= '1999-10-21'::date) AND (d_date <= '1999-11-20 00:00:00'::timestamp without time zone))",
                                                        "Rows Removed by Filter": 24339,
                                                        "Workers": []
                                                      },
                                                      {
                                                        "Node Type": "Index Only Scan",
                                                        "Parent Relationship": "Inner",
                                                        "Parallel Aware": false,
                                                        "Async Capable": false,
                                                        "Scan Direction": "Forward",
                                                        "Index Name": "_dta_index_store_sales_6_1333579789__k1_k23_k14_k6_k8_k5_k7_3_4",
                                                        "Relation Name": "store_sales",
                                                        "Alias": "store_sales",
                                                        "Startup Cost": 0.56,
                                                        "Total Cost": 1026.7,
                                                        "Plan Rows": 1181,
                                                        "Plan Width": 32,
                                                        "Actual Startup Time": 0.692,
                                                        "Actual Total Time": 6.397,
                                                        "Actual Rows": 526,
                                                        "Actual Loops": 31,
                                                        "Index Cond": "(ss_sold_date_sk = date_dim.d_date_sk)",
                                                        "Rows Removed by Index Recheck": 0,
                                                        "Filter": "((ss_wholesale_cost >= '21'::numeric) AND (ss_wholesale_cost <= '36'::numeric))",
                                                        "Rows Removed by Filter": 5358,
                                                        "Heap Fetches": 0,
                                                        "Workers": []
                                                      }
                                                    ]
                                                  },
                                                  {
                                                    "Node Type": "Hash",
                                                    "Parent Relationship": "Inner",
                                                    "Parallel Aware": false,
                                                    "Async Capable": false,
                                                    "Startup Cost": 24.25,
                                                    "Total Cost": 24.25,
                                                    "Plan Rows": 14,
                                                    "Plan Width": 4,
                                                    "Actual Startup Time": 0.071,
                                                    "Actual Total Time": 0.072,
                                                    "Actual Rows": 18,
                                                    "Actual Loops": 1,
                                                    "Hash Buckets": 1024,
                                                    "Original Hash Buckets": 1024,
                                                    "Hash Batches": 1,
                                                    "Original Hash Batches": 1,
                                                    "Peak Memory Usage": 9,
                                                    "Workers": [],
                                                    "Plans": [
                                                      {
                                                        "Node Type": "Seq Scan",
                                                        "Parent Relationship": "Outer",
                                                        "Parallel Aware": false,
                                                        "Async Capable": false,
                                                        "Relation Name": "promotion",
                                                        "Alias": "promotion",
                                                        "Startup Cost": 0.0,
                                                        "Total Cost": 24.25,
                                                        "Plan Rows": 14,
                                                        "Plan Width": 4,
                                                        "Actual Startup Time": 0.013,
                                                        "Actual Total Time": 0.065,
                                                        "Actual Rows": 18,
                                                        "Actual Loops": 1,
                                                        "Filter": "((p_channel_email = 'Y'::bpchar) AND (p_channel_tv = 'N'::bpchar) AND (p_channel_radio = 'N'::bpchar) AND (p_channel_press = 'N'::bpchar) AND (p_channel_event = 'N'::bpchar))",
                                                        "Rows Removed by Filter": 482,
                                                        "Workers": []
                                                      }
                                                    ]
                                                  }
                                                ]
                                              },
                                              {
                                                "Node Type": "Index Scan",
                                                "Parent Relationship": "Inner",
                                                "Parallel Aware": false,
                                                "Async Capable": false,
                                                "Scan Direction": "Forward",
                                                "Index Name": "item_pkey",
                                                "Relation Name": "item",
                                                "Alias": "item",
                                                "Startup Cost": 0.29,
                                                "Total Cost": 1.77,
                                                "Plan Rows": 1,
                                                "Plan Width": 4,
                                                "Actual Startup Time": 0.038,
                                                "Actual Total Time": 0.038,
                                                "Actual Rows": 0,
                                                "Actual Loops": 620,
                                                "Index Cond": "(i_item_sk = store_sales.ss_item_sk)",
                                                "Rows Removed by Index Recheck": 0,
                                                "Filter": "((i_current_price > '50'::numeric) AND (i_category = ANY ('{Men,Music}'::bpchar[])))",
                                                "Rows Removed by Filter": 1,
                                                "Workers": []
                                              }
                                            ]
                                          }
                                        ]
                                      },
                                      {
                                        "Node Type": "Index Scan",
                                        "Parent Relationship": "Inner",
                                        "Parallel Aware": false,
                                        "Async Capable": false,
                                        "Scan Direction": "Forward",
                                        "Index Name": "store_returns_pkey",
                                        "Relation Name": "store_returns",
                                        "Alias": "store_returns",
                                        "Startup Cost": 0.43,
                                        "Total Cost": 2.25,
                                        "Plan Rows": 1,
                                        "Plan Width": 20,
                                        "Actual Startup Time": 0.472,
                                        "Actual Total Time": 0.472,
                                        "Actual Rows": 0,
                                        "Actual Loops": 2,
                                        "Index Cond": "((sr_item_sk = store_sales.ss_item_sk) AND (sr_ticket_number = store_sales.ss_ticket_number))",
                                        "Rows Removed by Index Recheck": 0
                                      }
                                    ]
                                  },
                                  {
                                    "Node Type": "Index Only Scan",
                                    "Parent Relationship": "Inner",
                                    "Parallel Aware": false,
                                    "Async Capable": false,
                                    "Scan Direction": "Forward",
                                    "Index Name": "_dta_index_store_6_885578193__k1_2_6",
                                    "Relation Name": "store",
                                    "Alias": "store",
                                    "Startup Cost": 0.14,
                                    "Total Cost": 0.16,
                                    "Plan Rows": 1,
                                    "Plan Width": 21,
                                    "Actual Startup Time": 0.046,
                                    "Actual Total Time": 0.046,
                                    "Actual Rows": 1,
                                    "Actual Loops": 2,
                                    "Index Cond": "(s_store_sk = store_sales.ss_store_sk)",
                                    "Rows Removed by Index Recheck": 0,
                                    "Heap Fetches": 2
                                  }
                                ]
                              }
                            ]
                          }
                        ]
                      }
                    ]
                  },
                  {
                    "Node Type": "Subquery Scan",
                    "Parent Relationship": "Member",
                    "Parallel Aware": false,
                    "Async Capable": false,
                    "Alias": "csr",
                    "Startup Cost": 20862.08,
                    "Total Cost": 20862.13,
                    "Plan Rows": 1,
                    "Plan Width": 160,
                    "Actual Startup Time": 201.973,
                    "Actual Total Time": 202.005,
                    "Actual Rows": 1,
                    "Actual Loops": 1,
                    "Plans": [
                      {
                        "Node Type": "Aggregate",
                        "Strategy": "Sorted",
                        "Partial Mode": "Simple",
                        "Parent Relationship": "Subquery",
                        "Parallel Aware": false,
                        "Async Capable": false,
                        "Startup Cost": 20862.08,
                        "Total Cost": 20862.11,
                        "Plan Rows": 1,
                        "Plan Width": 113,
                        "Actual Startup Time": 201.97,
                        "Actual Total Time": 202.002,
                        "Actual Rows": 1,
                        "Actual Loops": 1,
                        "Group Key": [
                          "catalog_page.cp_catalog_page_id"
                        ],
                        "Plans": [
                          {
                            "Node Type": "Sort",
                            "Parent Relationship": "Outer",
                            "Parallel Aware": false,
                            "Async Capable": false,
                            "Startup Cost": 20862.08,
                            "Total Cost": 20862.08,
                            "Plan Rows": 1,
                            "Plan Width": 41,
                            "Actual Startup Time": 201.96,
                            "Actual Total Time": 201.991,
                            "Actual Rows": 1,
                            "Actual Loops": 1,
                            "Sort Key": [
                              "catalog_page.cp_catalog_page_id"
                            ],
                            "Sort Method": "quicksort",
                            "Sort Space Used": 25,
                            "Sort Space Type": "Memory",
                            "Plans": [
                              {
                                "Node Type": "Nested Loop",
                                "Parent Relationship": "Outer",
                                "Parallel Aware": false,
                                "Async Capable": false,
                                "Join Type": "Inner",
                                "Startup Cost": 1025.87,
                                "Total Cost": 20862.07,
                                "Plan Rows": 1,
                                "Plan Width": 41,
                                "Actual Startup Time": 201.939,
                                "Actual Total Time": 201.972,
                                "Actual Rows": 1,
                                "Actual Loops": 1,
                                "Inner Unique": true,
                                "Plans": [
                                  {
                                    "Node Type": "Nested Loop",
                                    "Parent Relationship": "Outer",
                                    "Parallel Aware": false,
                                    "Async Capable": false,
                                    "Join Type": "Left",
                                    "Startup Cost": 1025.58,
                                    "Total Cost": 20861.77,
                                    "Plan Rows": 1,
                                    "Plan Width": 28,
                                    "Actual Startup Time": 201.758,
                                    "Actual Total Time": 201.79,
                                    "Actual Rows": 1,
                                    "Actual Loops": 1,
                                    "Inner Unique": true,
                                    "Plans": [
                                      {
                                        "Node Type": "Gather",
                                        "Parent Relationship": "Outer",
                                        "Parallel Aware": false,
                                        "Async Capable": false,
                                        "Startup Cost": 1025.15,
                                        "Total Cost": 20861.26,
                                        "Plan Rows": 1,
                                        "Plan Width": 24,
                                        "Actual Startup Time": 201.167,
                                        "Actual Total Time": 201.198,
                                        "Actual Rows": 1,
                                        "Actual Loops": 1,
                                        "Workers Planned": 1,
                                        "Workers Launched": 1,
                                        "Single Copy": false,
                                        "Plans": [
                                          {
                                            "Node Type": "Nested Loop",
                                            "Parent Relationship": "Outer",
                                            "Parallel Aware": false,
                                            "Async Capable": false,
                                            "Join Type": "Inner",
                                            "Startup Cost": 25.15,
                                            "Total Cost": 19861.16,
                                            "Plan Rows": 1,
                                            "Plan Width": 24,
                                            "Actual Startup Time": 114.526,
                                            "Actual Total Time": 115.979,
                                            "Actual Rows": 0,
                                            "Actual Loops": 2,
                                            "Inner Unique": true,
                                            "Workers": [],
                                            "Plans": [
                                              {
                                                "Node Type": "Hash Join",
                                                "Parent Relationship": "Outer",
                                                "Parallel Aware": false,
                                                "Async Capable": false,
                                                "Join Type": "Inner",
                                                "Startup Cost": 24.86,
                                                "Total Cost": 19853.07,
                                                "Plan Rows": 25,
                                                "Plan Width": 24,
                                                "Actual Startup Time": 3.049,
                                                "Actual Total Time": 102.97,
                                                "Actual Rows": 326,
                                                "Actual Loops": 2,
                                                "Inner Unique": true,
                                                "Hash Cond": "(catalog_sales.cs_promo_sk = promotion_1.p_promo_sk)",
                                                "Workers": [],
                                                "Plans": [
                                                  {
                                                    "Node Type": "Nested Loop",
                                                    "Parent Relationship": "Outer",
                                                    "Parallel Aware": false,
                                                    "Async Capable": false,
                                                    "Join Type": "Inner",
                                                    "Startup Cost": 0.43,
                                                    "Total Cost": 19826.27,
                                                    "Plan Rows": 895,
                                                    "Plan Width": 28,
                                                    "Actual Startup Time": 1.117,
                                                    "Actual Total Time": 101.979,
                                                    "Actual Rows": 10428,
                                                    "Actual Loops": 2,
                                                    "Inner Unique": false,
                                                    "Workers": [],
                                                    "Plans": [
                                                      {
                                                        "Node Type": "Seq Scan",
                                                        "Parent Relationship": "Outer",
                                                        "Parallel Aware": true,
                                                        "Async Capable": false,
                                                        "Relation Name": "date_dim",
                                                        "Alias": "date_dim_1",
                                                        "Startup Cost": 0.0,
                                                        "Total Cost": 2068.55,
                                                        "Plan Rows": 19,
                                                        "Plan Width": 4,
                                                        "Actual Startup Time": 0.657,
                                                        "Actual Total Time": 1.549,
                                                        "Actual Rows": 16,
                                                        "Actual Loops": 2,
                                                        "Filter": "((d_date >= '1999-10-21'::date) AND (d_date <= '1999-11-20 00:00:00'::timestamp without time zone))",
                                                        "Rows Removed by Filter": 36509,
                                                        "Workers": []
                                                      },
                                                      {
                                                        "Node Type": "Index Scan",
                                                        "Parent Relationship": "Inner",
                                                        "Parallel Aware": false,
                                                        "Async Capable": false,
                                                        "Scan Direction": "Forward",
                                                        "Index Name": "_dta_index_catalog_sales_6_1301579675__k1_4",
                                                        "Relation Name": "catalog_sales",
                                                        "Alias": "catalog_sales",
                                                        "Startup Cost": 0.43,
                                                        "Total Cost": 918.72,
                                                        "Plan Rows": 1590,
                                                        "Plan Width": 32,
                                                        "Actual Startup Time": 0.049,
                                                        "Actual Total Time": 6.395,
                                                        "Actual Rows": 673,
                                                        "Actual Loops": 31,
                                                        "Index Cond": "(cs_sold_date_sk = date_dim_1.d_date_sk)",
                                                        "Rows Removed by Index Recheck": 0,
                                                        "Filter": "((cs_wholesale_cost >= '21'::numeric) AND (cs_wholesale_cost <= '36'::numeric))",
                                                        "Rows Removed by Filter": 2160,
                                                        "Workers": []
                                                      }
                                                    ]
                                                  },
                                                  {
                                                    "Node Type": "Hash",
                                                    "Parent Relationship": "Inner",
                                                    "Parallel Aware": false,
                                                    "Async Capable": false,
                                                    "Startup Cost": 24.25,
                                                    "Total Cost": 24.25,
                                                    "Plan Rows": 14,
                                                    "Plan Width": 4,
                                                    "Actual Startup Time": 0.183,
                                                    "Actual Total Time": 0.184,
                                                    "Actual Rows": 18,
                                                    "Actual Loops": 2,
                                                    "Hash Buckets": 1024,
                                                    "Original Hash Buckets": 1024,
                                                    "Hash Batches": 1,
                                                    "Original Hash Batches": 1,
                                                    "Peak Memory Usage": 9,
                                                    "Workers": [],
                                                    "Plans": [
                                                      {
                                                        "Node Type": "Seq Scan",
                                                        "Parent Relationship": "Outer",
                                                        "Parallel Aware": false,
                                                        "Async Capable": false,
                                                        "Relation Name": "promotion",
                                                        "Alias": "promotion_1",
                                                        "Startup Cost": 0.0,
                                                        "Total Cost": 24.25,
                                                        "Plan Rows": 14,
                                                        "Plan Width": 4,
                                                        "Actual Startup Time": 0.123,
                                                        "Actual Total Time": 0.174,
                                                        "Actual Rows": 18,
                                                        "Actual Loops": 2,
                                                        "Filter": "((p_channel_email = 'Y'::bpchar) AND (p_channel_tv = 'N'::bpchar) AND (p_channel_radio = 'N'::bpchar) AND (p_channel_press = 'N'::bpchar) AND (p_channel_event = 'N'::bpchar))",
                                                        "Rows Removed by Filter": 482,
                                                        "Workers": []
                                                      }
                                                    ]
                                                  }
                                                ]
                                              },
                                              {
                                                "Node Type": "Index Scan",
                                                "Parent Relationship": "Inner",
                                                "Parallel Aware": false,
                                                "Async Capable": false,
                                                "Scan Direction": "Forward",
                                                "Index Name": "item_pkey",
                                                "Relation Name": "item",
                                                "Alias": "item_1",
                                                "Startup Cost": 0.29,
                                                "Total Cost": 0.32,
                                                "Plan Rows": 1,
                                                "Plan Width": 4,
                                                "Actual Startup Time": 0.039,
                                                "Actual Total Time": 0.039,
                                                "Actual Rows": 0,
                                                "Actual Loops": 653,
                                                "Index Cond": "(i_item_sk = catalog_sales.cs_item_sk)",
                                                "Rows Removed by Index Recheck": 0,
                                                "Filter": "((i_current_price > '50'::numeric) AND (i_category = ANY ('{Men,Music}'::bpchar[])))",
                                                "Rows Removed by Filter": 1,
                                                "Workers": []
                                              }
                                            ]
                                          }
                                        ]
                                      },
                                      {
                                        "Node Type": "Index Scan",
                                        "Parent Relationship": "Inner",
                                        "Parallel Aware": false,
                                        "Async Capable": false,
                                        "Scan Direction": "Forward",
                                        "Index Name": "catalog_returns_pkey",
                                        "Relation Name": "catalog_returns",
                                        "Alias": "catalog_returns",
                                        "Startup Cost": 0.43,
                                        "Total Cost": 0.51,
                                        "Plan Rows": 1,
                                        "Plan Width": 20,
                                        "Actual Startup Time": 0.586,
                                        "Actual Total Time": 0.586,
                                        "Actual Rows": 0,
                                        "Actual Loops": 1,
                                        "Index Cond": "((cr_item_sk = catalog_sales.cs_item_sk) AND (cr_order_number = catalog_sales.cs_order_number))",
                                        "Rows Removed by Index Recheck": 0
                                      }
                                    ]
                                  },
                                  {
                                    "Node Type": "Index Scan",
                                    "Parent Relationship": "Inner",
                                    "Parallel Aware": false,
                                    "Async Capable": false,
                                    "Scan Direction": "Forward",
                                    "Index Name": "catalog_page_pkey",
                                    "Relation Name": "catalog_page",
                                    "Alias": "catalog_page",
                                    "Startup Cost": 0.29,
                                    "Total Cost": 0.3,
                                    "Plan Rows": 1,
                                    "Plan Width": 21,
                                    "Actual Startup Time": 0.178,
                                    "Actual Total Time": 0.179,
                                    "Actual Rows": 1,
                                    "Actual Loops": 1,
                                    "Index Cond": "(cp_catalog_page_sk = catalog_sales.cs_catalog_page_sk)",
                                    "Rows Removed by Index Recheck": 0
                                  }
                                ]
                              }
                            ]
                          }
                        ]
                      }
                    ]
                  },
                  {
                    "Node Type": "Subquery Scan",
                    "Parent Relationship": "Member",
                    "Parallel Aware": false,
                    "Async Capable": false,
                    "Alias": "wsr",
                    "Startup Cost": 12330.7,
                    "Total Cost": 12331.01,
                    "Plan Rows": 1,
                    "Plan Width": 160,
                    "Actual Startup Time": 365.333,
                    "Actual Total Time": 367.779,
                    "Actual Rows": 0,
                    "Actual Loops": 1,
                    "Plans": [
                      {
                        "Node Type": "Aggregate",
                        "Strategy": "Sorted",
                        "Partial Mode": "Simple",
                        "Parent Relationship": "Subquery",
                        "Parallel Aware": false,
                        "Async Capable": false,
                        "Startup Cost": 12330.7,
                        "Total Cost": 12331.0,
                        "Plan Rows": 1,
                        "Plan Width": 113,
                        "Actual Startup Time": 365.332,
                        "Actual Total Time": 367.778,
                        "Actual Rows": 0,
                        "Actual Loops": 1,
                        "Group Key": [
                          "web_site.web_site_id"
                        ],
                        "Plans": [
                          {
                            "Node Type": "Nested Loop",
                            "Parent Relationship": "Outer",
                            "Parallel Aware": false,
                            "Async Capable": false,
                            "Join Type": "Left",
                            "Startup Cost": 12330.7,
                            "Total Cost": 12330.97,
                            "Plan Rows": 1,
                            "Plan Width": 41,
                            "Actual Startup Time": 365.331,
                            "Actual Total Time": 367.776,
                            "Actual Rows": 0,
                            "Actual Loops": 1,
                            "Inner Unique": true,
                            "Plans": [
                              {
                                "Node Type": "Gather Merge",
                                "Parent Relationship": "Outer",
                                "Parallel Aware": false,
                                "Async Capable": false,
                                "Startup Cost": 12330.27,
                                "Total Cost": 12330.39,
                                "Plan Rows": 1,
                                "Plan Width": 37,
                                "Actual Startup Time": 365.33,
                                "Actual Total Time": 367.774,
                                "Actual Rows": 0,
                                "Actual Loops": 1,
                                "Workers Planned": 1,
                                "Workers Launched": 1,
                                "Plans": [
                                  {
                                    "Node Type": "Sort",
                                    "Parent Relationship": "Outer",
                                    "Parallel Aware": false,
                                    "Async Capable": false,
                                    "Startup Cost": 11330.26,
                                    "Total Cost": 11330.26,
                                    "Plan Rows": 1,
                                    "Plan Width": 37,
                                    "Actual Startup Time": 186.915,
                                    "Actual Total Time": 186.919,
                                    "Actual Rows": 0,
                                    "Actual Loops": 2,
                                    "Sort Key": [
                                      "web_site.web_site_id"
                                    ],
                                    "Sort Method": "quicksort",
                                    "Sort Space Used": 25,
                                    "Sort Space Type": "Memory",
                                    "Workers": [
                                      {
                                        "Worker Number": 0,
                                        "Sort Method": "quicksort",
                                        "Sort Space Used": 25,
                                        "Sort Space Type": "Memory"
                                      }
                                    ],
                                    "Plans": [
                                      {
                                        "Node Type": "Nested Loop",
                                        "Parent Relationship": "Outer",
                                        "Parallel Aware": false,
                                        "Async Capable": false,
                                        "Join Type": "Inner",
                                        "Startup Cost": 25.29,
                                        "Total Cost": 11330.25,
                                        "Plan Rows": 1,
                                        "Plan Width": 37,
                                        "Actual Startup Time": 186.901,
                                        "Actual Total Time": 186.904,
                                        "Actual Rows": 0,
                                        "Actual Loops": 2,
                                        "Inner Unique": true,
                                        "Workers": [],
                                        "Plans": [
                                          {
                                            "Node Type": "Nested Loop",
                                            "Parent Relationship": "Outer",
                                            "Parallel Aware": false,
                                            "Async Capable": false,
                                            "Join Type": "Inner",
                                            "Startup Cost": 25.15,
                                            "Total Cost": 11330.09,
                                            "Plan Rows": 1,
                                            "Plan Width": 24,
                                            "Actual Startup Time": 186.9,
                                            "Actual Total Time": 186.903,
                                            "Actual Rows": 0,
                                            "Actual Loops": 2,
                                            "Inner Unique": true,
                                            "Workers": [],
                                            "Plans": [
                                              {
                                                "Node Type": "Hash Join",
                                                "Parent Relationship": "Outer",
                                                "Parallel Aware": false,
                                                "Async Capable": false,
                                                "Join Type": "Inner",
                                                "Startup Cost": 24.86,
                                                "Total Cost": 11327.67,
                                                "Plan Rows": 7,
                                                "Plan Width": 24,
                                                "Actual Startup Time": 2.344,
                                                "Actual Total Time": 170.238,
                                                "Actual Rows": 446,
                                                "Actual Loops": 2,
                                                "Inner Unique": true,
                                                "Hash Cond": "(web_sales.ws_promo_sk = promotion_2.p_promo_sk)",
                                                "Workers": [],
                                                "Plans": [
                                                  {
                                                    "Node Type": "Nested Loop",
                                                    "Parent Relationship": "Outer",
                                                    "Parallel Aware": false,
                                                    "Async Capable": false,
                                                    "Join Type": "Inner",
                                                    "Startup Cost": 0.43,
                                                    "Total Cost": 11302.59,
                                                    "Plan Rows": 247,
                                                    "Plan Width": 28,
                                                    "Actual Startup Time": 1.204,
                                                    "Actual Total Time": 169.052,
                                                    "Actual Rows": 9748,
                                                    "Actual Loops": 2,
                                                    "Inner Unique": false,
                                                    "Workers": [],
                                                    "Plans": [
                                                      {
                                                        "Node Type": "Seq Scan",
                                                        "Parent Relationship": "Outer",
                                                        "Parallel Aware": true,
                                                        "Async Capable": false,
                                                        "Relation Name": "date_dim",
                                                        "Alias": "date_dim_2",
                                                        "Startup Cost": 0.0,
                                                        "Total Cost": 2068.55,
                                                        "Plan Rows": 19,
                                                        "Plan Width": 4,
                                                        "Actual Startup Time": 0.685,
                                                        "Actual Total Time": 1.337,
                                                        "Actual Rows": 16,
                                                        "Actual Loops": 2,
                                                        "Filter": "((d_date >= '1999-10-21'::date) AND (d_date <= '1999-11-20 00:00:00'::timestamp without time zone))",
                                                        "Rows Removed by Filter": 36509,
                                                        "Workers": []
                                                      },
                                                      {
                                                        "Node Type": "Index Scan",
                                                        "Parent Relationship": "Inner",
                                                        "Parallel Aware": false,
                                                        "Async Capable": false,
                                                        "Scan Direction": "Forward",
                                                        "Index Name": "_dta_index_web_sales_6_1269579561__k1_8_24",
                                                        "Relation Name": "web_sales",
                                                        "Alias": "web_sales",
                                                        "Startup Cost": 0.43,
                                                        "Total Cost": 481.63,
                                                        "Plan Rows": 437,
                                                        "Plan Width": 32,
                                                        "Actual Startup Time": 0.054,
                                                        "Actual Total Time": 10.732,
                                                        "Actual Rows": 629,
                                                        "Actual Loops": 31,
                                                        "Index Cond": "(ws_sold_date_sk = date_dim_2.d_date_sk)",
                                                        "Rows Removed by Index Recheck": 0,
                                                        "Filter": "((ws_wholesale_cost >= '21'::numeric) AND (ws_wholesale_cost <= '36'::numeric))",
                                                        "Rows Removed by Filter": 4161,
                                                        "Workers": []
                                                      }
                                                    ]
                                                  },
                                                  {
                                                    "Node Type": "Hash",
                                                    "Parent Relationship": "Inner",
                                                    "Parallel Aware": false,
                                                    "Async Capable": false,
                                                    "Startup Cost": 24.25,
                                                    "Total Cost": 24.25,
                                                    "Plan Rows": 14,
                                                    "Plan Width": 4,
                                                    "Actual Startup Time": 0.214,
                                                    "Actual Total Time": 0.215,
                                                    "Actual Rows": 18,
                                                    "Actual Loops": 2,
                                                    "Hash Buckets": 1024,
                                                    "Original Hash Buckets": 1024,
                                                    "Hash Batches": 1,
                                                    "Original Hash Batches": 1,
                                                    "Peak Memory Usage": 9,
                                                    "Workers": [],
                                                    "Plans": [
                                                      {
                                                        "Node Type": "Seq Scan",
                                                        "Parent Relationship": "Outer",
                                                        "Parallel Aware": false,
                                                        "Async Capable": false,
                                                        "Relation Name": "promotion",
                                                        "Alias": "promotion_2",
                                                        "Startup Cost": 0.0,
                                                        "Total Cost": 24.25,
                                                        "Plan Rows": 14,
                                                        "Plan Width": 4,
                                                        "Actual Startup Time": 0.163,
                                                        "Actual Total Time": 0.209,
                                                        "Actual Rows": 18,
                                                        "Actual Loops": 2,
                                                        "Filter": "((p_channel_email = 'Y'::bpchar) AND (p_channel_tv = 'N'::bpchar) AND (p_channel_radio = 'N'::bpchar) AND (p_channel_press = 'N'::bpchar) AND (p_channel_event = 'N'::bpchar))",
                                                        "Rows Removed by Filter": 482,
                                                        "Workers": []
                                                      }
                                                    ]
                                                  }
                                                ]
                                              },
                                              {
                                                "Node Type": "Index Scan",
                                                "Parent Relationship": "Inner",
                                                "Parallel Aware": false,
                                                "Async Capable": false,
                                                "Scan Direction": "Forward",
                                                "Index Name": "item_pkey",
                                                "Relation Name": "item",
                                                "Alias": "item_2",
                                                "Startup Cost": 0.29,
                                                "Total Cost": 0.35,
                                                "Plan Rows": 1,
                                                "Plan Width": 4,
                                                "Actual Startup Time": 0.037,
                                                "Actual Total Time": 0.037,
                                                "Actual Rows": 0,
                                                "Actual Loops": 893,
                                                "Index Cond": "(i_item_sk = web_sales.ws_item_sk)",
                                                "Rows Removed by Index Recheck": 0,
                                                "Filter": "((i_current_price > '50'::numeric) AND (i_category = ANY ('{Men,Music}'::bpchar[])))",
                                                "Rows Removed by Filter": 1,
                                                "Workers": []
                                              }
                                            ]
                                          },
                                          {
                                            "Node Type": "Index Scan",
                                            "Parent Relationship": "Inner",
                                            "Parallel Aware": false,
                                            "Async Capable": false,
                                            "Scan Direction": "Forward",
                                            "Index Name": "web_site_pkey",
                                            "Relation Name": "web_site",
                                            "Alias": "web_site",
                                            "Startup Cost": 0.14,
                                            "Total Cost": 0.16,
                                            "Plan Rows": 1,
                                            "Plan Width": 21,
                                            "Actual Startup Time": 0.0,
                                            "Actual Total Time": 0.0,
                                            "Actual Rows": 0,
                                            "Actual Loops": 0,
                                            "Index Cond": "(web_site_sk = web_sales.ws_web_site_sk)",
                                            "Rows Removed by Index Recheck": 0,
                                            "Workers": []
                                          }
                                        ]
                                      }
                                    ]
                                  }
                                ]
                              },
                              {
                                "Node Type": "Index Scan",
                                "Parent Relationship": "Inner",
                                "Parallel Aware": false,
                                "Async Capable": false,
                                "Scan Direction": "Forward",
                                "Index Name": "web_returns_pkey",
                                "Relation Name": "web_returns",
                                "Alias": "web_returns",
                                "Startup Cost": 0.43,
                                "Total Cost": 0.58,
                                "Plan Rows": 1,
                                "Plan Width": 20,
                                "Actual Startup Time": 0.0,
                                "Actual Total Time": 0.0,
                                "Actual Rows": 0,
                                "Actual Loops": 0,
                                "Index Cond": "((wr_item_sk = web_sales.ws_item_sk) AND (wr_order_number = web_sales.ws_order_number))",
                                "Rows Removed by Index Recheck": 0
                              }
                            ]
                          }
                        ]
                      }
                    ]
                  }
                ]
              }
            ]
          }
        ]
      }
    ]
  },
  "actual_rows": 6,
  "provenance": {
    "database": "postgres://jakc9:jakc9@127.0.0.1:5434/dsb_sf10",
    "scale_factor": 10,
    "engine": "postgresql",
    "engine_version": "14.3",
    "cached_at": "2026-02-09T21:06:49.522434"
  }
}