{
  "execution_time_ms": 262792.817,
  "plan_text": "Limit  (rows=0, time=262788.108)\n  Aggregate  (rows=93169, time=3378.65)\n    Gather Merge  (rows=93235, time=3349.909)\n      Aggregate  (rows=31078, time=2028.572)\n        Sort  (rows=31155, time=2019.776)\n          Nested Loop  (rows=31155, time=2010.125)\n            Index Only Scan on date_dim  (rows=122, time=9.57)\n            Index Scan on store_returns  (rows=255, time=16.37)\n  Sort  (rows=0, time=262788.04)\n    Nested Loop  (rows=0, time=262788.029)\n      Nested Loop  (rows=6, time=262783.827)\n        Nested Loop  (rows=242, time=262526.333)\n          CTE Scan (ctr1)  (rows=2902, time=262448.563)\n            Aggregate  (rows=1, time=29.248)\n              CTE Scan (ctr2)  (rows=2394, time=28.99)\n          Seq Scan on store  (rows=8, time=0.023)\n        Index Scan on customer  (rows=0, time=1.061)\n      Index Scan on customer_demographics  (rows=0, time=0.694)",
  "plan_json": {
    "Node Type": "Limit",
    "Parallel Aware": false,
    "Async Capable": false,
    "Startup Cost": 57062.04,
    "Total Cost": 57062.04,
    "Plan Rows": 1,
    "Plan Width": 17,
    "Actual Startup Time": 262788.039,
    "Actual Total Time": 262788.108,
    "Actual Rows": 0,
    "Actual Loops": 1,
    "Plans": [
      {
        "Node Type": "Aggregate",
        "Strategy": "Sorted",
        "Partial Mode": "Finalize",
        "Parent Relationship": "InitPlan",
        "Subplan Name": "CTE customer_total_return",
        "Parallel Aware": false,
        "Async Capable": false,
        "Startup Cost": 56329.25,
        "Total Cost": 56351.65,
        "Plan Rows": 174,
        "Plan Width": 44,
        "Actual Startup Time": 3337.212,
        "Actual Total Time": 3378.65,
        "Actual Rows": 93169,
        "Actual Loops": 1,
        "Group Key": [
          "store_returns.sr_customer_sk",
          "store_returns.sr_store_sk",
          "store_returns.sr_reason_sk"
        ],
        "Plans": [
          {
            "Node Type": "Gather Merge",
            "Parent Relationship": "Outer",
            "Parallel Aware": false,
            "Async Capable": false,
            "Startup Cost": 56329.25,
            "Total Cost": 56347.68,
            "Plan Rows": 144,
            "Plan Width": 44,
            "Actual Startup Time": 3337.206,
            "Actual Total Time": 3349.909,
            "Actual Rows": 93235,
            "Actual Loops": 1,
            "Workers Planned": 2,
            "Workers Launched": 2,
            "Plans": [
              {
                "Node Type": "Aggregate",
                "Strategy": "Sorted",
                "Partial Mode": "Partial",
                "Parent Relationship": "Outer",
                "Parallel Aware": false,
                "Async Capable": false,
                "Startup Cost": 55329.23,
                "Total Cost": 55331.03,
                "Plan Rows": 72,
                "Plan Width": 44,
                "Actual Startup Time": 2017.434,
                "Actual Total Time": 2028.572,
                "Actual Rows": 31078,
                "Actual Loops": 3,
                "Group Key": [
                  "store_returns.sr_customer_sk",
                  "store_returns.sr_store_sk",
                  "store_returns.sr_reason_sk"
                ],
                "Workers": [],
                "Plans": [
                  {
                    "Node Type": "Sort",
                    "Parent Relationship": "Outer",
                    "Parallel Aware": false,
                    "Async Capable": false,
                    "Startup Cost": 55329.23,
                    "Total Cost": 55329.41,
                    "Plan Rows": 72,
                    "Plan Width": 18,
                    "Actual Startup Time": 2017.425,
                    "Actual Total Time": 2019.776,
                    "Actual Rows": 31155,
                    "Actual Loops": 3,
                    "Sort Key": [
                      "store_returns.sr_customer_sk",
                      "store_returns.sr_store_sk",
                      "store_returns.sr_reason_sk"
                    ],
                    "Sort Method": "quicksort",
                    "Sort Space Used": 276,
                    "Sort Space Type": "Memory",
                    "Workers": [
                      {
                        "Worker Number": 0,
                        "Sort Method": "quicksort",
                        "Sort Space Used": 3966,
                        "Sort Space Type": "Memory"
                      },
                      {
                        "Worker Number": 1,
                        "Sort Method": "quicksort",
                        "Sort Space Used": 2961,
                        "Sort Space Type": "Memory"
                      }
                    ],
                    "Plans": [
                      {
                        "Node Type": "Nested Loop",
                        "Parent Relationship": "Outer",
                        "Parallel Aware": false,
                        "Async Capable": false,
                        "Join Type": "Inner",
                        "Startup Cost": 0.72,
                        "Total Cost": 55327.01,
                        "Plan Rows": 72,
                        "Plan Width": 18,
                        "Actual Startup Time": 6.588,
                        "Actual Total Time": 2010.125,
                        "Actual Rows": 31155,
                        "Actual Loops": 3,
                        "Inner Unique": false,
                        "Workers": [],
                        "Plans": [
                          {
                            "Node Type": "Index Only Scan",
                            "Parent Relationship": "Outer",
                            "Parallel Aware": true,
                            "Async Capable": false,
                            "Scan Direction": "Forward",
                            "Index Name": "_dta_index_date_dim_6_661577395__k1_k7_k9",
                            "Relation Name": "date_dim",
                            "Alias": "date_dim",
                            "Startup Cost": 0.29,
                            "Total Cost": 1688.68,
                            "Plan Rows": 152,
                            "Plan Width": 4,
                            "Actual Startup Time": 5.465,
                            "Actual Total Time": 9.57,
                            "Actual Rows": 122,
                            "Actual Loops": 3,
                            "Index Cond": "(d_year = 2000)",
                            "Rows Removed by Index Recheck": 0,
                            "Heap Fetches": 0,
                            "Workers": []
                          },
                          {
                            "Node Type": "Index Scan",
                            "Parent Relationship": "Inner",
                            "Parallel Aware": false,
                            "Async Capable": false,
                            "Scan Direction": "Forward",
                            "Index Name": "_dta_index_store_returns_6_1013578649__k1_3_4_10",
                            "Relation Name": "store_returns",
                            "Alias": "store_returns",
                            "Startup Cost": 0.43,
                            "Total Cost": 352.72,
                            "Plan Rows": 16,
                            "Plan Width": 22,
                            "Actual Startup Time": 0.054,
                            "Actual Total Time": 16.37,
                            "Actual Rows": 255,
                            "Actual Loops": 366,
                            "Index Cond": "(sr_returned_date_sk = date_dim.d_date_sk)",
                            "Rows Removed by Index Recheck": 0,
                            "Filter": "(((sr_return_amt / (sr_return_quantity)::numeric) >= '115'::numeric) AND ((sr_return_amt / (sr_return_quantity)::numeric) <= '174'::numeric))",
                            "Rows Removed by Filter": 2935,
                            "Workers": []
                          }
                        ]
                      }
                    ]
                  }
                ]
              }
            ]
          }
        ]
      },
      {
        "Node Type": "Sort",
        "Parent Relationship": "Outer",
        "Parallel Aware": false,
        "Async Capable": false,
        "Startup Cost": 710.39,
        "Total Cost": 710.39,
        "Plan Rows": 1,
        "Plan Width": 17,
        "Actual Startup Time": 262788.038,
        "Actual Total Time": 262788.04,
        "Actual Rows": 0,
        "Actual Loops": 1,
        "Sort Key": [
          "customer.c_customer_id"
        ],
        "Sort Method": "quicksort",
        "Sort Space Used": 25,
        "Sort Space Type": "Memory",
        "Plans": [
          {
            "Node Type": "Nested Loop",
            "Parent Relationship": "Outer",
            "Parallel Aware": false,
            "Async Capable": false,
            "Join Type": "Inner",
            "Startup Cost": 0.85,
            "Total Cost": 710.38,
            "Plan Rows": 1,
            "Plan Width": 17,
            "Actual Startup Time": 262788.027,
            "Actual Total Time": 262788.029,
            "Actual Rows": 0,
            "Actual Loops": 1,
            "Inner Unique": true,
            "Plans": [
              {
                "Node Type": "Nested Loop",
                "Parent Relationship": "Outer",
                "Parallel Aware": false,
                "Async Capable": false,
                "Join Type": "Inner",
                "Startup Cost": 0.42,
                "Total Cost": 704.0,
                "Plan Rows": 1,
                "Plan Width": 21,
                "Actual Startup Time": 101004.917,
                "Actual Total Time": 262783.827,
                "Actual Rows": 6,
                "Actual Loops": 1,
                "Inner Unique": true,
                "Plans": [
                  {
                    "Node Type": "Nested Loop",
                    "Parent Relationship": "Outer",
                    "Parallel Aware": false,
                    "Async Capable": false,
                    "Join Type": "Inner",
                    "Startup Cost": 0.0,
                    "Total Cost": 695.55,
                    "Plan Rows": 1,
                    "Plan Width": 4,
                    "Actual Startup Time": 3496.828,
                    "Actual Total Time": 262526.333,
                    "Actual Rows": 242,
                    "Actual Loops": 1,
                    "Inner Unique": true,
                    "Join Filter": "(store.s_store_sk = ctr1.ctr_store_sk)",
                    "Rows Removed by Join Filter": 21720,
                    "Plans": [
                      {
                        "Node Type": "CTE Scan",
                        "Parent Relationship": "Outer",
                        "Parallel Aware": false,
                        "Async Capable": false,
                        "CTE Name": "customer_total_return",
                        "Alias": "ctr1",
                        "Startup Cost": 0.0,
                        "Total Cost": 689.04,
                        "Plan Rows": 1,
                        "Plan Width": 8,
                        "Actual Startup Time": 3445.192,
                        "Actual Total Time": 262448.563,
                        "Actual Rows": 2902,
                        "Actual Loops": 1,
                        "Filter": "((ctr_reason_sk >= 17) AND (ctr_reason_sk <= 20) AND (ctr_total_return > (SubPlan 2)))",
                        "Rows Removed by Filter": 90267,
                        "Plans": [
                          {
                            "Node Type": "Aggregate",
                            "Strategy": "Plain",
                            "Partial Mode": "Simple",
                            "Parent Relationship": "SubPlan",
                            "Subplan Name": "SubPlan 2",
                            "Parallel Aware": false,
                            "Async Capable": false,
                            "Startup Cost": 3.92,
                            "Total Cost": 3.93,
                            "Plan Rows": 1,
                            "Plan Width": 32,
                            "Actual Startup Time": 29.248,
                            "Actual Total Time": 29.248,
                            "Actual Rows": 1,
                            "Actual Loops": 8834,
                            "Plans": [
                              {
                                "Node Type": "CTE Scan",
                                "Parent Relationship": "Outer",
                                "Parallel Aware": false,
                                "Async Capable": false,
                                "CTE Name": "customer_total_return",
                                "Alias": "ctr2",
                                "Startup Cost": 0.0,
                                "Total Cost": 3.92,
                                "Plan Rows": 1,
                                "Plan Width": 32,
                                "Actual Startup Time": 0.125,
                                "Actual Total Time": 28.99,
                                "Actual Rows": 2394,
                                "Actual Loops": 8834,
                                "Filter": "(ctr1.ctr_store_sk = ctr_store_sk)",
                                "Rows Removed by Filter": 90775
                              }
                            ]
                          }
                        ]
                      },
                      {
                        "Node Type": "Seq Scan",
                        "Parent Relationship": "Inner",
                        "Parallel Aware": false,
                        "Async Capable": false,
                        "Relation Name": "store",
                        "Alias": "store",
                        "Startup Cost": 0.0,
                        "Total Cost": 6.4,
                        "Plan Rows": 9,
                        "Plan Width": 4,
                        "Actual Startup Time": 0.013,
                        "Actual Total Time": 0.023,
                        "Actual Rows": 8,
                        "Actual Loops": 2902,
                        "Filter": "(s_state = ANY ('{IA,KY,NE}'::bpchar[]))",
                        "Rows Removed by Filter": 89
                      }
                    ]
                  },
                  {
                    "Node Type": "Index Scan",
                    "Parent Relationship": "Inner",
                    "Parallel Aware": false,
                    "Async Capable": false,
                    "Scan Direction": "Forward",
                    "Index Name": "_dta_index_customer_6_949578421__k1_k5",
                    "Relation Name": "customer",
                    "Alias": "customer",
                    "Startup Cost": 0.42,
                    "Total Cost": 8.45,
                    "Plan Rows": 1,
                    "Plan Width": 25,
                    "Actual Startup Time": 1.061,
                    "Actual Total Time": 1.061,
                    "Actual Rows": 0,
                    "Actual Loops": 242,
                    "Index Cond": "(c_customer_sk = ctr1.ctr_customer_sk)",
                    "Rows Removed by Index Recheck": 0,
                    "Filter": "((c_birth_year >= 1987) AND (c_birth_year <= 1993) AND (c_birth_month = 4))",
                    "Rows Removed by Filter": 1
                  }
                ]
              },
              {
                "Node Type": "Index Scan",
                "Parent Relationship": "Inner",
                "Parallel Aware": false,
                "Async Capable": false,
                "Scan Direction": "Forward",
                "Index Name": "customer_demographics_pkey",
                "Relation Name": "customer_demographics",
                "Alias": "customer_demographics",
                "Startup Cost": 0.43,
                "Total Cost": 6.37,
                "Plan Rows": 1,
                "Plan Width": 4,
                "Actual Startup Time": 0.694,
                "Actual Total Time": 0.694,
                "Actual Rows": 0,
                "Actual Loops": 6,
                "Index Cond": "(cd_demo_sk = customer.c_current_cdemo_sk)",
                "Rows Removed by Index Recheck": 0,
                "Filter": "((cd_marital_status = ANY ('{S,S}'::bpchar[])) AND (cd_education_status = ANY ('{\"4 yr Degree\",\"4 yr Degree\"}'::bpchar[])) AND (cd_gender = 'M'::bpchar))",
                "Rows Removed by Filter": 1
              }
            ]
          }
        ]
      }
    ]
  },
  "actual_rows": 0,
  "provenance": {
    "database": "postgres://jakc9:jakc9@127.0.0.1:5434/dsb_sf10",
    "scale_factor": 10,
    "engine": "postgresql",
    "engine_version": "14.3",
    "cached_at": "2026-02-09T20:54:09.906683"
  }
}