{
  "execution_time_ms": 3218.459,
  "plan_text": "Limit  (rows=0, time=3206.253)\n  Incremental Sort  (rows=0, time=3179.848)\n    Nested Loop  (rows=0, time=3179.815)\n      Nested Loop  (rows=0, time=3179.812)\n        Aggregate  (rows=2, time=1597.031)\n          Sort  (rows=2, time=1597.0)\n            Gather  (rows=2, time=1596.989)\n              Nested Loop  (rows=1, time=1295.13)\n                Nested Loop  (rows=50, time=1288.915)\n                  Hash Join  (rows=60, time=46.783)\n                    Seq Scan on date_dim  (rows=36524, time=28.713)\n                    Hash  (rows=120, time=16.288)\n                      Nested Loop  (rows=120, time=16.279)\n                        Aggregate  (rows=4, time=16.257)\n                          Index Only Scan on date_dim (date_dim_2)  (rows=4, time=16.232)\n                        Index Only Scan on date_dim (date_dim_1)  (rows=30, time=0.003)\n                  Index Scan on store_returns  (rows=1, time=20.7)\n                Index Scan on item  (rows=0, time=0.121)\n        Aggregate  (rows=1, time=791.388)\n          Sort  (rows=2, time=791.373)\n            Gather  (rows=2, time=1582.734)\n              Nested Loop  (rows=1, time=1539.888)\n                Hash Join  (rows=9, time=1537.664)\n                  Nested Loop  (rows=176, time=1525.499)\n                    Seq Scan on catalog_returns  (rows=176, time=1521.929)\n                    Index Scan on date_dim (date_dim_3)  (rows=1, time=0.018)\n                  Hash  (rows=120, time=11.577)\n                    Nested Loop  (rows=120, time=11.569)\n                      Aggregate  (rows=4, time=11.545)\n                        Index Only Scan on date_dim (date_dim_5)  (rows=4, time=11.522)\n                      Index Only Scan on date_dim (date_dim_4)  (rows=30, time=0.003)\n                Index Scan on item (item_1)  (rows=0, time=0.237)\n      Aggregate  (rows=0, time=0.0)\n        Sort  (rows=0, time=0.0)\n          Nested Loop  (rows=0, time=0.0)\n            Gather  (rows=0, time=0.0)\n              Hash Join  (rows=0, time=0.0)\n                Nested Loop  (rows=0, time=0.0)\n                  Seq Scan on web_returns  (rows=0, time=0.0)\n                  Index Scan on date_dim (date_dim_6)  (rows=0, time=0.0)\n                Hash  (rows=0, time=0.0)\n                  Nested Loop  (rows=0, time=0.0)\n                    Aggregate  (rows=0, time=0.0)\n                      Index Only Scan on date_dim (date_dim_8)  (rows=0, time=0.0)\n                    Index Only Scan on date_dim (date_dim_7)  (rows=0, time=0.0)\n            Index Scan on item (item_2)  (rows=0, time=0.0)",
  "plan_json": {
    "Node Type": "Limit",
    "Parallel Aware": false,
    "Async Capable": false,
    "Startup Cost": 140994.16,
    "Total Cost": 140994.21,
    "Plan Rows": 2,
    "Plan Width": 169,
    "Actual Startup Time": 3202.114,
    "Actual Total Time": 3206.253,
    "Actual Rows": 0,
    "Actual Loops": 1,
    "Plans": [
      {
        "Node Type": "Incremental Sort",
        "Parent Relationship": "Outer",
        "Parallel Aware": false,
        "Async Capable": false,
        "Startup Cost": 140994.16,
        "Total Cost": 140994.21,
        "Plan Rows": 2,
        "Plan Width": 169,
        "Actual Startup Time": 3175.708,
        "Actual Total Time": 3179.848,
        "Actual Rows": 0,
        "Actual Loops": 1,
        "Sort Key": [
          "item.i_item_id",
          "(sum(store_returns.sr_return_quantity))"
        ],
        "Presorted Key": [
          "item.i_item_id"
        ],
        "Full-sort Groups": {
          "Group Count": 1,
          "Sort Methods Used": [
            "quicksort"
          ],
          "Sort Space Memory": {
            "Average Sort Space Used": 25,
            "Peak Sort Space Used": 25
          }
        },
        "Plans": [
          {
            "Node Type": "Nested Loop",
            "Parent Relationship": "Outer",
            "Parallel Aware": false,
            "Async Capable": false,
            "Join Type": "Inner",
            "Startup Cost": 140993.99,
            "Total Cost": 140994.15,
            "Plan Rows": 1,
            "Plan Width": 169,
            "Actual Startup Time": 3175.676,
            "Actual Total Time": 3179.815,
            "Actual Rows": 0,
            "Actual Loops": 1,
            "Inner Unique": true,
            "Join Filter": "(item.i_item_id = item_2.i_item_id)",
            "Rows Removed by Join Filter": 0,
            "Plans": [
              {
                "Node Type": "Nested Loop",
                "Parent Relationship": "Outer",
                "Parallel Aware": false,
                "Async Capable": false,
                "Join Type": "Inner",
                "Startup Cost": 90944.87,
                "Total Cost": 90944.94,
                "Plan Rows": 1,
                "Plan Width": 50,
                "Actual Startup Time": 3175.675,
                "Actual Total Time": 3179.812,
                "Actual Rows": 0,
                "Actual Loops": 1,
                "Inner Unique": true,
                "Join Filter": "(item.i_item_id = item_1.i_item_id)",
                "Rows Removed by Join Filter": 2,
                "Plans": [
                  {
                    "Node Type": "Aggregate",
                    "Strategy": "Sorted",
                    "Partial Mode": "Simple",
                    "Parent Relationship": "Outer",
                    "Parallel Aware": false,
                    "Async Capable": false,
                    "Startup Cost": 14669.78,
                    "Total Cost": 14669.8,
                    "Plan Rows": 1,
                    "Plan Width": 25,
                    "Actual Startup Time": 1596.989,
                    "Actual Total Time": 1597.031,
                    "Actual Rows": 2,
                    "Actual Loops": 1,
                    "Group Key": [
                      "item.i_item_id"
                    ],
                    "Plans": [
                      {
                        "Node Type": "Sort",
                        "Parent Relationship": "Outer",
                        "Parallel Aware": false,
                        "Async Capable": false,
                        "Startup Cost": 14669.78,
                        "Total Cost": 14669.79,
                        "Plan Rows": 1,
                        "Plan Width": 21,
                        "Actual Startup Time": 1596.96,
                        "Actual Total Time": 1597.0,
                        "Actual Rows": 2,
                        "Actual Loops": 1,
                        "Sort Key": [
                          "item.i_item_id"
                        ],
                        "Sort Method": "quicksort",
                        "Sort Space Used": 25,
                        "Sort Space Type": "Memory",
                        "Plans": [
                          {
                            "Node Type": "Gather",
                            "Parent Relationship": "Outer",
                            "Parallel Aware": false,
                            "Async Capable": false,
                            "Startup Cost": 3345.73,
                            "Total Cost": 14669.77,
                            "Plan Rows": 1,
                            "Plan Width": 21,
                            "Actual Startup Time": 634.768,
                            "Actual Total Time": 1596.989,
                            "Actual Rows": 2,
                            "Actual Loops": 1,
                            "Workers Planned": 1,
                            "Workers Launched": 1,
                            "Single Copy": false,
                            "Plans": [
                              {
                                "Node Type": "Nested Loop",
                                "Parent Relationship": "Outer",
                                "Parallel Aware": false,
                                "Async Capable": false,
                                "Join Type": "Inner",
                                "Startup Cost": 2345.73,
                                "Total Cost": 13669.67,
                                "Plan Rows": 1,
                                "Plan Width": 21,
                                "Actual Startup Time": 738.634,
                                "Actual Total Time": 1295.13,
                                "Actual Rows": 1,
                                "Actual Loops": 2,
                                "Inner Unique": true,
                                "Workers": [],
                                "Plans": [
                                  {
                                    "Node Type": "Nested Loop",
                                    "Parent Relationship": "Outer",
                                    "Parallel Aware": false,
                                    "Async Capable": false,
                                    "Join Type": "Inner",
                                    "Startup Cost": 2345.44,
                                    "Total Cost": 13654.49,
                                    "Plan Rows": 4,
                                    "Plan Width": 8,
                                    "Actual Startup Time": 173.859,
                                    "Actual Total Time": 1288.915,
                                    "Actual Rows": 50,
                                    "Actual Loops": 2,
                                    "Inner Unique": false,
                                    "Workers": [],
                                    "Plans": [
                                      {
                                        "Node Type": "Hash Join",
                                        "Parent Relationship": "Outer",
                                        "Parallel Aware": false,
                                        "Async Capable": false,
                                        "Join Type": "Semi",
                                        "Startup Cost": 2345.0,
                                        "Total Cost": 4312.3,
                                        "Plan Rows": 72,
                                        "Plan Width": 4,
                                        "Actual Startup Time": 17.886,
                                        "Actual Total Time": 46.783,
                                        "Actual Rows": 60,
                                        "Actual Loops": 2,
                                        "Inner Unique": false,
                                        "Hash Cond": "(date_dim.d_date = date_dim_1.d_date)",
                                        "Workers": [],
                                        "Plans": [
                                          {
                                            "Node Type": "Seq Scan",
                                            "Parent Relationship": "Outer",
                                            "Parallel Aware": true,
                                            "Async Capable": false,
                                            "Relation Name": "date_dim",
                                            "Alias": "date_dim",
                                            "Startup Cost": 0.0,
                                            "Total Cost": 1853.7,
                                            "Plan Rows": 42970,
                                            "Plan Width": 8,
                                            "Actual Startup Time": 0.006,
                                            "Actual Total Time": 28.713,
                                            "Actual Rows": 36524,
                                            "Actual Loops": 2,
                                            "Workers": []
                                          },
                                          {
                                            "Node Type": "Hash",
                                            "Parent Relationship": "Inner",
                                            "Parallel Aware": false,
                                            "Async Capable": false,
                                            "Startup Cost": 2343.48,
                                            "Total Cost": 2343.48,
                                            "Plan Rows": 122,
                                            "Plan Width": 4,
                                            "Actual Startup Time": 16.287,
                                            "Actual Total Time": 16.288,
                                            "Actual Rows": 120,
                                            "Actual Loops": 2,
                                            "Hash Buckets": 1024,
                                            "Original Hash Buckets": 1024,
                                            "Hash Batches": 1,
                                            "Original Hash Batches": 1,
                                            "Peak Memory Usage": 13,
                                            "Workers": [],
                                            "Plans": [
                                              {
                                                "Node Type": "Nested Loop",
                                                "Parent Relationship": "Outer",
                                                "Parallel Aware": false,
                                                "Async Capable": false,
                                                "Join Type": "Inner",
                                                "Startup Cost": 2317.51,
                                                "Total Cost": 2343.48,
                                                "Plan Rows": 122,
                                                "Plan Width": 4,
                                                "Actual Startup Time": 16.265,
                                                "Actual Total Time": 16.279,
                                                "Actual Rows": 120,
                                                "Actual Loops": 2,
                                                "Inner Unique": false,
                                                "Workers": [],
                                                "Plans": [
                                                  {
                                                    "Node Type": "Aggregate",
                                                    "Strategy": "Hashed",
                                                    "Partial Mode": "Simple",
                                                    "Parent Relationship": "Outer",
                                                    "Parallel Aware": false,
                                                    "Async Capable": false,
                                                    "Startup Cost": 2317.22,
                                                    "Total Cost": 2317.26,
                                                    "Plan Rows": 4,
                                                    "Plan Width": 4,
                                                    "Actual Startup Time": 16.256,
                                                    "Actual Total Time": 16.257,
                                                    "Actual Rows": 4,
                                                    "Actual Loops": 2,
                                                    "Group Key": [
                                                      "date_dim_2.d_month_seq"
                                                    ],
                                                    "Planned Partitions": 0,
                                                    "HashAgg Batches": 1,
                                                    "Peak Memory Usage": 24,
                                                    "Disk Usage": 0,
                                                    "Workers": [
                                                      {
                                                        "Worker Number": 0,
                                                        "HashAgg Batches": 1,
                                                        "Peak Memory Usage": 24,
                                                        "Disk Usage": 0
                                                      }
                                                    ],
                                                    "Plans": [
                                                      {
                                                        "Node Type": "Index Only Scan",
                                                        "Parent Relationship": "Outer",
                                                        "Parallel Aware": false,
                                                        "Async Capable": false,
                                                        "Scan Direction": "Forward",
                                                        "Index Name": "_dta_index_date_dim_6_661577395__k4_k3",
                                                        "Relation Name": "date_dim",
                                                        "Alias": "date_dim_2",
                                                        "Startup Cost": 0.29,
                                                        "Total Cost": 2317.21,
                                                        "Plan Rows": 4,
                                                        "Plan Width": 4,
                                                        "Actual Startup Time": 11.003,
                                                        "Actual Total Time": 16.232,
                                                        "Actual Rows": 4,
                                                        "Actual Loops": 2,
                                                        "Filter": "(d_date = ANY ('{2002-02-26,2002-05-03,2002-08-19,2002-11-18}'::date[]))",
                                                        "Rows Removed by Filter": 73045,
                                                        "Heap Fetches": 0,
                                                        "Workers": []
                                                      }
                                                    ]
                                                  },
                                                  {
                                                    "Node Type": "Index Only Scan",
                                                    "Parent Relationship": "Inner",
                                                    "Parallel Aware": false,
                                                    "Async Capable": false,
                                                    "Scan Direction": "Forward",
                                                    "Index Name": "_dta_index_date_dim_6_661577395__k4_k3",
                                                    "Relation Name": "date_dim",
                                                    "Alias": "date_dim_1",
                                                    "Startup Cost": 0.29,
                                                    "Total Cost": 6.25,
                                                    "Plan Rows": 30,
                                                    "Plan Width": 8,
                                                    "Actual Startup Time": 0.002,
                                                    "Actual Total Time": 0.003,
                                                    "Actual Rows": 30,
                                                    "Actual Loops": 8,
                                                    "Index Cond": "(d_month_seq = date_dim_2.d_month_seq)",
                                                    "Rows Removed by Index Recheck": 0,
                                                    "Heap Fetches": 0,
                                                    "Workers": []
                                                  }
                                                ]
                                              }
                                            ]
                                          }
                                        ]
                                      },
                                      {
                                        "Node Type": "Index Scan",
                                        "Parent Relationship": "Inner",
                                        "Parallel Aware": false,
                                        "Async Capable": false,
                                        "Scan Direction": "Forward",
                                        "Index Name": "_dta_index_store_returns_6_1013578649__k1_3_4_10",
                                        "Relation Name": "store_returns",
                                        "Alias": "store_returns",
                                        "Startup Cost": 0.43,
                                        "Total Cost": 129.73,
                                        "Plan Rows": 2,
                                        "Plan Width": 12,
                                        "Actual Startup Time": 13.509,
                                        "Actual Total Time": 20.7,
                                        "Actual Rows": 1,
                                        "Actual Loops": 120,
                                        "Index Cond": "(sr_returned_date_sk = date_dim.d_date_sk)",
                                        "Rows Removed by Index Recheck": 0,
                                        "Filter": "((sr_reason_sk = ANY ('{6,7,25,45,51}'::integer[])) AND ((sr_return_amt / (sr_return_quantity)::numeric) >= '237'::numeric) AND ((sr_return_amt / (sr_return_quantity)::numeric) <= '266'::numeric))",
                                        "Rows Removed by Filter": 2830,
                                        "Workers": []
                                      }
                                    ]
                                  },
                                  {
                                    "Node Type": "Index Scan",
                                    "Parent Relationship": "Inner",
                                    "Parallel Aware": false,
                                    "Async Capable": false,
                                    "Scan Direction": "Forward",
                                    "Index Name": "item_pkey",
                                    "Relation Name": "item",
                                    "Alias": "item",
                                    "Startup Cost": 0.29,
                                    "Total Cost": 3.79,
                                    "Plan Rows": 1,
                                    "Plan Width": 21,
                                    "Actual Startup Time": 0.121,
                                    "Actual Total Time": 0.121,
                                    "Actual Rows": 0,
                                    "Actual Loops": 101,
                                    "Index Cond": "(i_item_sk = store_returns.sr_item_sk)",
                                    "Rows Removed by Index Recheck": 0,
                                    "Filter": "((i_category = ANY ('{Home,Men}'::bpchar[])) AND (i_manager_id >= 8) AND (i_manager_id <= 17))",
                                    "Rows Removed by Filter": 1,
                                    "Workers": []
                                  }
                                ]
                              }
                            ]
                          }
                        ]
                      }
                    ]
                  },
                  {
                    "Node Type": "Aggregate",
                    "Strategy": "Sorted",
                    "Partial Mode": "Simple",
                    "Parent Relationship": "Inner",
                    "Parallel Aware": false,
                    "Async Capable": false,
                    "Startup Cost": 76275.09,
                    "Total Cost": 76275.11,
                    "Plan Rows": 1,
                    "Plan Width": 25,
                    "Actual Startup Time": 789.34,
                    "Actual Total Time": 791.388,
                    "Actual Rows": 1,
                    "Actual Loops": 2,
                    "Group Key": [
                      "item_1.i_item_id"
                    ],
                    "Plans": [
                      {
                        "Node Type": "Sort",
                        "Parent Relationship": "Outer",
                        "Parallel Aware": false,
                        "Async Capable": false,
                        "Startup Cost": 76275.09,
                        "Total Cost": 76275.09,
                        "Plan Rows": 1,
                        "Plan Width": 21,
                        "Actual Startup Time": 789.325,
                        "Actual Total Time": 791.373,
                        "Actual Rows": 2,
                        "Actual Loops": 2,
                        "Sort Key": [
                          "item_1.i_item_id"
                        ],
                        "Sort Method": "quicksort",
                        "Sort Space Used": 25,
                        "Sort Space Type": "Memory",
                        "Plans": [
                          {
                            "Node Type": "Gather",
                            "Parent Relationship": "Outer",
                            "Parallel Aware": false,
                            "Async Capable": false,
                            "Startup Cost": 3345.59,
                            "Total Cost": 76275.08,
                            "Plan Rows": 1,
                            "Plan Width": 21,
                            "Actual Startup Time": 851.141,
                            "Actual Total Time": 1582.734,
                            "Actual Rows": 2,
                            "Actual Loops": 1,
                            "Workers Planned": 2,
                            "Workers Launched": 2,
                            "Single Copy": false,
                            "Plans": [
                              {
                                "Node Type": "Nested Loop",
                                "Parent Relationship": "Outer",
                                "Parallel Aware": false,
                                "Async Capable": false,
                                "Join Type": "Inner",
                                "Startup Cost": 2345.59,
                                "Total Cost": 75274.98,
                                "Plan Rows": 1,
                                "Plan Width": 21,
                                "Actual Startup Time": 1297.421,
                                "Actual Total Time": 1539.888,
                                "Actual Rows": 1,
                                "Actual Loops": 3,
                                "Inner Unique": true,
                                "Workers": [],
                                "Plans": [
                                  {
                                    "Node Type": "Hash Join",
                                    "Parent Relationship": "Outer",
                                    "Parallel Aware": false,
                                    "Async Capable": false,
                                    "Join Type": "Semi",
                                    "Startup Cost": 2345.3,
                                    "Total Cost": 75269.91,
                                    "Plan Rows": 1,
                                    "Plan Width": 8,
                                    "Actual Startup Time": 820.358,
                                    "Actual Total Time": 1537.664,
                                    "Actual Rows": 9,
                                    "Actual Loops": 3,
                                    "Inner Unique": false,
                                    "Hash Cond": "(date_dim_3.d_date = date_dim_4.d_date)",
                                    "Workers": [],
                                    "Plans": [
                                      {
                                        "Node Type": "Nested Loop",
                                        "Parent Relationship": "Outer",
                                        "Parallel Aware": false,
                                        "Async Capable": false,
                                        "Join Type": "Inner",
                                        "Startup Cost": 0.29,
                                        "Total Cost": 72923.7,
                                        "Plan Rows": 456,
                                        "Plan Width": 12,
                                        "Actual Startup Time": 18.057,
                                        "Actual Total Time": 1525.499,
                                        "Actual Rows": 176,
                                        "Actual Loops": 3,
                                        "Inner Unique": true,
                                        "Workers": [],
                                        "Plans": [
                                          {
                                            "Node Type": "Seq Scan",
                                            "Parent Relationship": "Outer",
                                            "Parallel Aware": true,
                                            "Async Capable": false,
                                            "Relation Name": "catalog_returns",
                                            "Alias": "catalog_returns",
                                            "Startup Cost": 0.0,
                                            "Total Cost": 71126.73,
                                            "Plan Rows": 456,
                                            "Plan Width": 12,
                                            "Actual Startup Time": 17.612,
                                            "Actual Total Time": 1521.929,
                                            "Actual Rows": 176,
                                            "Actual Loops": 3,
                                            "Filter": "((cr_reason_sk = ANY ('{6,7,25,45,51}'::integer[])) AND ((cr_return_amount / (cr_return_quantity)::numeric) >= '237'::numeric) AND ((cr_return_amount / (cr_return_quantity)::numeric) <= '266'::numeric))",
                                            "Rows Removed by Filter": 719244,
                                            "Workers": []
                                          },
                                          {
                                            "Node Type": "Index Scan",
                                            "Parent Relationship": "Inner",
                                            "Parallel Aware": false,
                                            "Async Capable": false,
                                            "Scan Direction": "Forward",
                                            "Index Name": "date_dim_pkey",
                                            "Relation Name": "date_dim",
                                            "Alias": "date_dim_3",
                                            "Startup Cost": 0.29,
                                            "Total Cost": 3.94,
                                            "Plan Rows": 1,
                                            "Plan Width": 8,
                                            "Actual Startup Time": 0.018,
                                            "Actual Total Time": 0.018,
                                            "Actual Rows": 1,
                                            "Actual Loops": 528,
                                            "Index Cond": "(d_date_sk = catalog_returns.cr_returned_date_sk)",
                                            "Rows Removed by Index Recheck": 0,
                                            "Workers": []
                                          }
                                        ]
                                      },
                                      {
                                        "Node Type": "Hash",
                                        "Parent Relationship": "Inner",
                                        "Parallel Aware": false,
                                        "Async Capable": false,
                                        "Startup Cost": 2343.48,
                                        "Total Cost": 2343.48,
                                        "Plan Rows": 122,
                                        "Plan Width": 4,
                                        "Actual Startup Time": 11.576,
                                        "Actual Total Time": 11.577,
                                        "Actual Rows": 120,
                                        "Actual Loops": 3,
                                        "Hash Buckets": 1024,
                                        "Original Hash Buckets": 1024,
                                        "Hash Batches": 1,
                                        "Original Hash Batches": 1,
                                        "Peak Memory Usage": 13,
                                        "Workers": [],
                                        "Plans": [
                                          {
                                            "Node Type": "Nested Loop",
                                            "Parent Relationship": "Outer",
                                            "Parallel Aware": false,
                                            "Async Capable": false,
                                            "Join Type": "Inner",
                                            "Startup Cost": 2317.51,
                                            "Total Cost": 2343.48,
                                            "Plan Rows": 122,
                                            "Plan Width": 4,
                                            "Actual Startup Time": 11.555,
                                            "Actual Total Time": 11.569,
                                            "Actual Rows": 120,
                                            "Actual Loops": 3,
                                            "Inner Unique": false,
                                            "Workers": [],
                                            "Plans": [
                                              {
                                                "Node Type": "Aggregate",
                                                "Strategy": "Hashed",
                                                "Partial Mode": "Simple",
                                                "Parent Relationship": "Outer",
                                                "Parallel Aware": false,
                                                "Async Capable": false,
                                                "Startup Cost": 2317.22,
                                                "Total Cost": 2317.26,
                                                "Plan Rows": 4,
                                                "Plan Width": 4,
                                                "Actual Startup Time": 11.544,
                                                "Actual Total Time": 11.545,
                                                "Actual Rows": 4,
                                                "Actual Loops": 3,
                                                "Group Key": [
                                                  "date_dim_5.d_month_seq"
                                                ],
                                                "Planned Partitions": 0,
                                                "HashAgg Batches": 1,
                                                "Peak Memory Usage": 24,
                                                "Disk Usage": 0,
                                                "Workers": [
                                                  {
                                                    "Worker Number": 0,
                                                    "HashAgg Batches": 1,
                                                    "Peak Memory Usage": 24,
                                                    "Disk Usage": 0
                                                  },
                                                  {
                                                    "Worker Number": 1,
                                                    "HashAgg Batches": 1,
                                                    "Peak Memory Usage": 24,
                                                    "Disk Usage": 0
                                                  }
                                                ],
                                                "Plans": [
                                                  {
                                                    "Node Type": "Index Only Scan",
                                                    "Parent Relationship": "Outer",
                                                    "Parallel Aware": false,
                                                    "Async Capable": false,
                                                    "Scan Direction": "Forward",
                                                    "Index Name": "_dta_index_date_dim_6_661577395__k4_k3",
                                                    "Relation Name": "date_dim",
                                                    "Alias": "date_dim_5",
                                                    "Startup Cost": 0.29,
                                                    "Total Cost": 2317.21,
                                                    "Plan Rows": 4,
                                                    "Plan Width": 4,
                                                    "Actual Startup Time": 7.314,
                                                    "Actual Total Time": 11.522,
                                                    "Actual Rows": 4,
                                                    "Actual Loops": 3,
                                                    "Filter": "(d_date = ANY ('{2002-02-26,2002-05-03,2002-08-19,2002-11-18}'::date[]))",
                                                    "Rows Removed by Filter": 73045,
                                                    "Heap Fetches": 0,
                                                    "Workers": []
                                                  }
                                                ]
                                              },
                                              {
                                                "Node Type": "Index Only Scan",
                                                "Parent Relationship": "Inner",
                                                "Parallel Aware": false,
                                                "Async Capable": false,
                                                "Scan Direction": "Forward",
                                                "Index Name": "_dta_index_date_dim_6_661577395__k4_k3",
                                                "Relation Name": "date_dim",
                                                "Alias": "date_dim_4",
                                                "Startup Cost": 0.29,
                                                "Total Cost": 6.25,
                                                "Plan Rows": 30,
                                                "Plan Width": 8,
                                                "Actual Startup Time": 0.002,
                                                "Actual Total Time": 0.003,
                                                "Actual Rows": 30,
                                                "Actual Loops": 12,
                                                "Index Cond": "(d_month_seq = date_dim_5.d_month_seq)",
                                                "Rows Removed by Index Recheck": 0,
                                                "Heap Fetches": 0,
                                                "Workers": []
                                              }
                                            ]
                                          }
                                        ]
                                      }
                                    ]
                                  },
                                  {
                                    "Node Type": "Index Scan",
                                    "Parent Relationship": "Inner",
                                    "Parallel Aware": false,
                                    "Async Capable": false,
                                    "Scan Direction": "Forward",
                                    "Index Name": "item_pkey",
                                    "Relation Name": "item",
                                    "Alias": "item_1",
                                    "Startup Cost": 0.29,
                                    "Total Cost": 5.06,
                                    "Plan Rows": 1,
                                    "Plan Width": 21,
                                    "Actual Startup Time": 0.237,
                                    "Actual Total Time": 0.237,
                                    "Actual Rows": 0,
                                    "Actual Loops": 28,
                                    "Index Cond": "(i_item_sk = catalog_returns.cr_item_sk)",
                                    "Rows Removed by Index Recheck": 0,
                                    "Filter": "((i_category = ANY ('{Home,Men}'::bpchar[])) AND (i_manager_id >= 8) AND (i_manager_id <= 17))",
                                    "Rows Removed by Filter": 1,
                                    "Workers": []
                                  }
                                ]
                              }
                            ]
                          }
                        ]
                      }
                    ]
                  }
                ]
              },
              {
                "Node Type": "Aggregate",
                "Strategy": "Sorted",
                "Partial Mode": "Simple",
                "Parent Relationship": "Inner",
                "Parallel Aware": false,
                "Async Capable": false,
                "Startup Cost": 50049.12,
                "Total Cost": 50049.14,
                "Plan Rows": 1,
                "Plan Width": 25,
                "Actual Startup Time": 0.0,
                "Actual Total Time": 0.0,
                "Actual Rows": 0,
                "Actual Loops": 0,
                "Group Key": [
                  "item_2.i_item_id"
                ],
                "Plans": [
                  {
                    "Node Type": "Sort",
                    "Parent Relationship": "Outer",
                    "Parallel Aware": false,
                    "Async Capable": false,
                    "Startup Cost": 50049.12,
                    "Total Cost": 50049.12,
                    "Plan Rows": 1,
                    "Plan Width": 21,
                    "Actual Startup Time": 0.0,
                    "Actual Total Time": 0.0,
                    "Actual Rows": 0,
                    "Actual Loops": 0,
                    "Sort Key": [
                      "item_2.i_item_id"
                    ],
                    "Plans": [
                      {
                        "Node Type": "Nested Loop",
                        "Parent Relationship": "Outer",
                        "Parallel Aware": false,
                        "Async Capable": false,
                        "Join Type": "Inner",
                        "Startup Cost": 3345.59,
                        "Total Cost": 50049.11,
                        "Plan Rows": 1,
                        "Plan Width": 21,
                        "Actual Startup Time": 0.0,
                        "Actual Total Time": 0.0,
                        "Actual Rows": 0,
                        "Actual Loops": 0,
                        "Inner Unique": true,
                        "Plans": [
                          {
                            "Node Type": "Gather",
                            "Parent Relationship": "Outer",
                            "Parallel Aware": false,
                            "Async Capable": false,
                            "Startup Cost": 3345.3,
                            "Total Cost": 50043.38,
                            "Plan Rows": 1,
                            "Plan Width": 8,
                            "Actual Startup Time": 0.0,
                            "Actual Total Time": 0.0,
                            "Actual Rows": 0,
                            "Actual Loops": 0,
                            "Workers Planned": 2,
                            "Workers Launched": 0,
                            "Single Copy": false,
                            "Plans": [
                              {
                                "Node Type": "Hash Join",
                                "Parent Relationship": "Outer",
                                "Parallel Aware": false,
                                "Async Capable": false,
                                "Join Type": "Semi",
                                "Startup Cost": 2345.3,
                                "Total Cost": 49043.28,
                                "Plan Rows": 1,
                                "Plan Width": 8,
                                "Actual Startup Time": 0.0,
                                "Actual Total Time": 0.0,
                                "Actual Rows": 0,
                                "Actual Loops": 0,
                                "Inner Unique": false,
                                "Hash Cond": "(date_dim_6.d_date = date_dim_7.d_date)",
                                "Plans": [
                                  {
                                    "Node Type": "Nested Loop",
                                    "Parent Relationship": "Outer",
                                    "Parallel Aware": false,
                                    "Async Capable": false,
                                    "Join Type": "Inner",
                                    "Startup Cost": 0.29,
                                    "Total Cost": 46697.54,
                                    "Plan Rows": 281,
                                    "Plan Width": 12,
                                    "Actual Startup Time": 0.0,
                                    "Actual Total Time": 0.0,
                                    "Actual Rows": 0,
                                    "Actual Loops": 0,
                                    "Inner Unique": true,
                                    "Plans": [
                                      {
                                        "Node Type": "Seq Scan",
                                        "Parent Relationship": "Outer",
                                        "Parallel Aware": true,
                                        "Async Capable": false,
                                        "Relation Name": "web_returns",
                                        "Alias": "web_returns",
                                        "Startup Cost": 0.0,
                                        "Total Cost": 45322.61,
                                        "Plan Rows": 295,
                                        "Plan Width": 12,
                                        "Actual Startup Time": 0.0,
                                        "Actual Total Time": 0.0,
                                        "Actual Rows": 0,
                                        "Actual Loops": 0,
                                        "Filter": "((wr_reason_sk = ANY ('{6,7,25,45,51}'::integer[])) AND ((wr_return_amt / (wr_return_quantity)::numeric) >= '237'::numeric) AND ((wr_return_amt / (wr_return_quantity)::numeric) <= '266'::numeric))",
                                        "Rows Removed by Filter": 0
                                      },
                                      {
                                        "Node Type": "Index Scan",
                                        "Parent Relationship": "Inner",
                                        "Parallel Aware": false,
                                        "Async Capable": false,
                                        "Scan Direction": "Forward",
                                        "Index Name": "date_dim_pkey",
                                        "Relation Name": "date_dim",
                                        "Alias": "date_dim_6",
                                        "Startup Cost": 0.29,
                                        "Total Cost": 4.66,
                                        "Plan Rows": 1,
                                        "Plan Width": 8,
                                        "Actual Startup Time": 0.0,
                                        "Actual Total Time": 0.0,
                                        "Actual Rows": 0,
                                        "Actual Loops": 0,
                                        "Index Cond": "(d_date_sk = web_returns.wr_returned_date_sk)",
                                        "Rows Removed by Index Recheck": 0
                                      }
                                    ]
                                  },
                                  {
                                    "Node Type": "Hash",
                                    "Parent Relationship": "Inner",
                                    "Parallel Aware": false,
                                    "Async Capable": false,
                                    "Startup Cost": 2343.48,
                                    "Total Cost": 2343.48,
                                    "Plan Rows": 122,
                                    "Plan Width": 4,
                                    "Actual Startup Time": 0.0,
                                    "Actual Total Time": 0.0,
                                    "Actual Rows": 0,
                                    "Actual Loops": 0,
                                    "Plans": [
                                      {
                                        "Node Type": "Nested Loop",
                                        "Parent Relationship": "Outer",
                                        "Parallel Aware": false,
                                        "Async Capable": false,
                                        "Join Type": "Inner",
                                        "Startup Cost": 2317.51,
                                        "Total Cost": 2343.48,
                                        "Plan Rows": 122,
                                        "Plan Width": 4,
                                        "Actual Startup Time": 0.0,
                                        "Actual Total Time": 0.0,
                                        "Actual Rows": 0,
                                        "Actual Loops": 0,
                                        "Inner Unique": false,
                                        "Plans": [
                                          {
                                            "Node Type": "Aggregate",
                                            "Strategy": "Hashed",
                                            "Partial Mode": "Simple",
                                            "Parent Relationship": "Outer",
                                            "Parallel Aware": false,
                                            "Async Capable": false,
                                            "Startup Cost": 2317.22,
                                            "Total Cost": 2317.26,
                                            "Plan Rows": 4,
                                            "Plan Width": 4,
                                            "Actual Startup Time": 0.0,
                                            "Actual Total Time": 0.0,
                                            "Actual Rows": 0,
                                            "Actual Loops": 0,
                                            "Group Key": [
                                              "date_dim_8.d_month_seq"
                                            ],
                                            "Planned Partitions": 0,
                                            "Plans": [
                                              {
                                                "Node Type": "Index Only Scan",
                                                "Parent Relationship": "Outer",
                                                "Parallel Aware": false,
                                                "Async Capable": false,
                                                "Scan Direction": "Forward",
                                                "Index Name": "_dta_index_date_dim_6_661577395__k4_k3",
                                                "Relation Name": "date_dim",
                                                "Alias": "date_dim_8",
                                                "Startup Cost": 0.29,
                                                "Total Cost": 2317.21,
                                                "Plan Rows": 4,
                                                "Plan Width": 4,
                                                "Actual Startup Time": 0.0,
                                                "Actual Total Time": 0.0,
                                                "Actual Rows": 0,
                                                "Actual Loops": 0,
                                                "Filter": "(d_date = ANY ('{2002-02-26,2002-05-03,2002-08-19,2002-11-18}'::date[]))",
                                                "Rows Removed by Filter": 0,
                                                "Heap Fetches": 0
                                              }
                                            ]
                                          },
                                          {
                                            "Node Type": "Index Only Scan",
                                            "Parent Relationship": "Inner",
                                            "Parallel Aware": false,
                                            "Async Capable": false,
                                            "Scan Direction": "Forward",
                                            "Index Name": "_dta_index_date_dim_6_661577395__k4_k3",
                                            "Relation Name": "date_dim",
                                            "Alias": "date_dim_7",
                                            "Startup Cost": 0.29,
                                            "Total Cost": 6.25,
                                            "Plan Rows": 30,
                                            "Plan Width": 8,
                                            "Actual Startup Time": 0.0,
                                            "Actual Total Time": 0.0,
                                            "Actual Rows": 0,
                                            "Actual Loops": 0,
                                            "Index Cond": "(d_month_seq = date_dim_8.d_month_seq)",
                                            "Rows Removed by Index Recheck": 0,
                                            "Heap Fetches": 0
                                          }
                                        ]
                                      }
                                    ]
                                  }
                                ]
                              }
                            ]
                          },
                          {
                            "Node Type": "Index Scan",
                            "Parent Relationship": "Inner",
                            "Parallel Aware": false,
                            "Async Capable": false,
                            "Scan Direction": "Forward",
                            "Index Name": "item_pkey",
                            "Relation Name": "item",
                            "Alias": "item_2",
                            "Startup Cost": 0.29,
                            "Total Cost": 5.72,
                            "Plan Rows": 1,
                            "Plan Width": 21,
                            "Actual Startup Time": 0.0,
                            "Actual Total Time": 0.0,
                            "Actual Rows": 0,
                            "Actual Loops": 0,
                            "Index Cond": "(i_item_sk = web_returns.wr_item_sk)",
                            "Rows Removed by Index Recheck": 0,
                            "Filter": "((i_category = ANY ('{Home,Men}'::bpchar[])) AND (i_manager_id >= 8) AND (i_manager_id <= 17))",
                            "Rows Removed by Filter": 0
                          }
                        ]
                      }
                    ]
                  }
                ]
              }
            ]
          }
        ]
      }
    ]
  },
  "actual_rows": 0,
  "provenance": {
    "database": "postgres://jakc9:jakc9@127.0.0.1:5434/dsb_sf10",
    "scale_factor": 10,
    "engine": "postgresql",
    "engine_version": "14.3",
    "cached_at": "2026-02-09T21:16:49.855506"
  }
}