{
  "execution_time_ms": 725.934,
  "plan_text": "Limit  (rows=100, time=725.848)\n  Gather Merge  (rows=100, time=725.843)\n    Sort  (rows=36, time=713.505)\n      Nested Loop  (rows=44, time=713.466)\n        Nested Loop  (rows=12, time=701.117)\n          Hash Join  (rows=12, time=699.011)\n            Nested Loop  (rows=63, time=698.709)\n              Hash Join  (rows=64, time=695.661)\n                Seq Scan on customer  (rows=166667, time=490.726)\n                Hash  (rows=33, time=194.733)\n                  Seq Scan on customer_address  (rows=33, time=194.644)\n              Index Scan on household_demographics  (rows=1, time=0.046)\n            Hash  (rows=4, time=0.228)\n              Seq Scan on income_band  (rows=4, time=0.219)\n          Index Only Scan on customer_demographics  (rows=1, time=0.169)\n        Index Only Scan on store_returns  (rows=4, time=1.052)",
  "plan_json": {
    "Node Type": "Limit",
    "Parallel Aware": false,
    "Async Capable": false,
    "Startup Cost": 24399.69,
    "Total Cost": 24411.35,
    "Plan Rows": 100,
    "Plan Width": 49,
    "Actual Startup Time": 723.402,
    "Actual Total Time": 725.848,
    "Actual Rows": 100,
    "Actual Loops": 1,
    "Plans": [
      {
        "Node Type": "Gather Merge",
        "Parent Relationship": "Outer",
        "Parallel Aware": false,
        "Async Capable": false,
        "Startup Cost": 24399.69,
        "Total Cost": 24441.46,
        "Plan Rows": 358,
        "Plan Width": 49,
        "Actual Startup Time": 723.401,
        "Actual Total Time": 725.843,
        "Actual Rows": 100,
        "Actual Loops": 1,
        "Workers Planned": 2,
        "Workers Launched": 2,
        "Plans": [
          {
            "Node Type": "Sort",
            "Parent Relationship": "Outer",
            "Parallel Aware": false,
            "Async Capable": false,
            "Startup Cost": 23399.66,
            "Total Cost": 23400.11,
            "Plan Rows": 179,
            "Plan Width": 49,
            "Actual Startup Time": 713.501,
            "Actual Total Time": 713.505,
            "Actual Rows": 36,
            "Actual Loops": 3,
            "Sort Key": [
              "customer.c_customer_id"
            ],
            "Sort Method": "quicksort",
            "Sort Space Used": 30,
            "Sort Space Type": "Memory",
            "Workers": [
              {
                "Worker Number": 0,
                "Sort Method": "quicksort",
                "Sort Space Used": 26,
                "Sort Space Type": "Memory"
              },
              {
                "Worker Number": 1,
                "Sort Method": "quicksort",
                "Sort Space Used": 27,
                "Sort Space Type": "Memory"
              }
            ],
            "Plans": [
              {
                "Node Type": "Nested Loop",
                "Parent Relationship": "Outer",
                "Parallel Aware": false,
                "Async Capable": false,
                "Join Type": "Inner",
                "Startup Cost": 6729.71,
                "Total Cost": 23392.97,
                "Plan Rows": 179,
                "Plan Width": 49,
                "Actual Startup Time": 259.005,
                "Actual Total Time": 713.466,
                "Actual Rows": 44,
                "Actual Loops": 3,
                "Inner Unique": false,
                "Workers": [],
                "Plans": [
                  {
                    "Node Type": "Nested Loop",
                    "Parent Relationship": "Outer",
                    "Parallel Aware": false,
                    "Async Capable": false,
                    "Join Type": "Inner",
                    "Startup Cost": 6729.28,
                    "Total Cost": 23317.7,
                    "Plan Rows": 50,
                    "Plan Width": 77,
                    "Actual Startup Time": 207.417,
                    "Actual Total Time": 701.117,
                    "Actual Rows": 12,
                    "Actual Loops": 3,
                    "Inner Unique": true,
                    "Workers": [],
                    "Plans": [
                      {
                        "Node Type": "Hash Join",
                        "Parent Relationship": "Outer",
                        "Parallel Aware": false,
                        "Async Capable": false,
                        "Join Type": "Inner",
                        "Startup Cost": 6728.85,
                        "Total Cost": 23292.85,
                        "Plan Rows": 51,
                        "Plan Width": 73,
                        "Actual Startup Time": 206.86,
                        "Actual Total Time": 699.011,
                        "Actual Rows": 12,
                        "Actual Loops": 3,
                        "Inner Unique": true,
                        "Hash Cond": "(household_demographics.hd_income_band_sk = income_band.ib_income_band_sk)",
                        "Workers": [],
                        "Plans": [
                          {
                            "Node Type": "Nested Loop",
                            "Parent Relationship": "Outer",
                            "Parallel Aware": false,
                            "Async Capable": false,
                            "Join Type": "Inner",
                            "Startup Cost": 6727.48,
                            "Total Cost": 23290.92,
                            "Plan Rows": 171,
                            "Plan Width": 77,
                            "Actual Startup Time": 199.761,
                            "Actual Total Time": 698.709,
                            "Actual Rows": 63,
                            "Actual Loops": 3,
                            "Inner Unique": true,
                            "Workers": [],
                            "Plans": [
                              {
                                "Node Type": "Hash Join",
                                "Parent Relationship": "Outer",
                                "Parallel Aware": true,
                                "Async Capable": false,
                                "Join Type": "Inner",
                                "Startup Cost": 6727.2,
                                "Total Cost": 23237.41,
                                "Plan Rows": 178,
                                "Plan Width": 77,
                                "Actual Startup Time": 199.362,
                                "Actual Total Time": 695.661,
                                "Actual Rows": 64,
                                "Actual Loops": 3,
                                "Inner Unique": true,
                                "Hash Cond": "(customer.c_current_addr_sk = customer_address.ca_address_sk)",
                                "Workers": [],
                                "Plans": [
                                  {
                                    "Node Type": "Seq Scan",
                                    "Parent Relationship": "Outer",
                                    "Parallel Aware": true,
                                    "Async Capable": false,
                                    "Relation Name": "customer",
                                    "Alias": "customer",
                                    "Startup Cost": 0.0,
                                    "Total Cost": 15963.33,
                                    "Plan Rows": 208333,
                                    "Plan Width": 81,
                                    "Actual Startup Time": 0.314,
                                    "Actual Total Time": 490.726,
                                    "Actual Rows": 166667,
                                    "Actual Loops": 3,
                                    "Workers": []
                                  },
                                  {
                                    "Node Type": "Hash",
                                    "Parent Relationship": "Inner",
                                    "Parallel Aware": true,
                                    "Async Capable": false,
                                    "Startup Cost": 6726.08,
                                    "Total Cost": 6726.08,
                                    "Plan Rows": 89,
                                    "Plan Width": 4,
                                    "Actual Startup Time": 194.732,
                                    "Actual Total Time": 194.733,
                                    "Actual Rows": 33,
                                    "Actual Loops": 3,
                                    "Hash Buckets": 1024,
                                    "Original Hash Buckets": 1024,
                                    "Hash Batches": 1,
                                    "Original Hash Batches": 1,
                                    "Peak Memory Usage": 104,
                                    "Workers": [],
                                    "Plans": [
                                      {
                                        "Node Type": "Seq Scan",
                                        "Parent Relationship": "Outer",
                                        "Parallel Aware": true,
                                        "Async Capable": false,
                                        "Relation Name": "customer_address",
                                        "Alias": "customer_address",
                                        "Startup Cost": 0.0,
                                        "Total Cost": 6726.08,
                                        "Plan Rows": 89,
                                        "Plan Width": 4,
                                        "Actual Startup Time": 8.481,
                                        "Actual Total Time": 194.644,
                                        "Actual Rows": 33,
                                        "Actual Loops": 3,
                                        "Filter": "((ca_city)::text = 'Jackson'::text)",
                                        "Rows Removed by Filter": 83301,
                                        "Workers": []
                                      }
                                    ]
                                  }
                                ]
                              },
                              {
                                "Node Type": "Index Scan",
                                "Parent Relationship": "Inner",
                                "Parallel Aware": false,
                                "Async Capable": false,
                                "Scan Direction": "Forward",
                                "Index Name": "household_demographics_pkey",
                                "Relation Name": "household_demographics",
                                "Alias": "household_demographics",
                                "Startup Cost": 0.28,
                                "Total Cost": 0.3,
                                "Plan Rows": 1,
                                "Plan Width": 8,
                                "Actual Startup Time": 0.046,
                                "Actual Total Time": 0.046,
                                "Actual Rows": 1,
                                "Actual Loops": 193,
                                "Index Cond": "(hd_demo_sk = customer.c_current_hdemo_sk)",
                                "Rows Removed by Index Recheck": 0,
                                "Workers": []
                              }
                            ]
                          },
                          {
                            "Node Type": "Hash",
                            "Parent Relationship": "Inner",
                            "Parallel Aware": false,
                            "Async Capable": false,
                            "Startup Cost": 1.3,
                            "Total Cost": 1.3,
                            "Plan Rows": 6,
                            "Plan Width": 4,
                            "Actual Startup Time": 0.227,
                            "Actual Total Time": 0.228,
                            "Actual Rows": 4,
                            "Actual Loops": 3,
                            "Hash Buckets": 1024,
                            "Original Hash Buckets": 1024,
                            "Hash Batches": 1,
                            "Original Hash Batches": 1,
                            "Peak Memory Usage": 9,
                            "Workers": [],
                            "Plans": [
                              {
                                "Node Type": "Seq Scan",
                                "Parent Relationship": "Outer",
                                "Parallel Aware": false,
                                "Async Capable": false,
                                "Relation Name": "income_band",
                                "Alias": "income_band",
                                "Startup Cost": 0.0,
                                "Total Cost": 1.3,
                                "Plan Rows": 6,
                                "Plan Width": 4,
                                "Actual Startup Time": 0.217,
                                "Actual Total Time": 0.219,
                                "Actual Rows": 4,
                                "Actual Loops": 3,
                                "Filter": "((ib_lower_bound >= 23567) AND (ib_upper_bound <= 73567))",
                                "Rows Removed by Filter": 16,
                                "Workers": []
                              }
                            ]
                          }
                        ]
                      },
                      {
                        "Node Type": "Index Only Scan",
                        "Parent Relationship": "Inner",
                        "Parallel Aware": false,
                        "Async Capable": false,
                        "Scan Direction": "Forward",
                        "Index Name": "customer_demographics_pkey",
                        "Relation Name": "customer_demographics",
                        "Alias": "customer_demographics",
                        "Startup Cost": 0.43,
                        "Total Cost": 0.49,
                        "Plan Rows": 1,
                        "Plan Width": 4,
                        "Actual Startup Time": 0.169,
                        "Actual Total Time": 0.169,
                        "Actual Rows": 1,
                        "Actual Loops": 37,
                        "Index Cond": "(cd_demo_sk = customer.c_current_cdemo_sk)",
                        "Rows Removed by Index Recheck": 0,
                        "Heap Fetches": 0,
                        "Workers": []
                      }
                    ]
                  },
                  {
                    "Node Type": "Index Only Scan",
                    "Parent Relationship": "Inner",
                    "Parallel Aware": false,
                    "Async Capable": false,
                    "Scan Direction": "Forward",
                    "Index Name": "_dta_index_store_returns_6_1013578649__k5_1_3_10_11",
                    "Relation Name": "store_returns",
                    "Alias": "store_returns",
                    "Startup Cost": 0.43,
                    "Total Cost": 1.21,
                    "Plan Rows": 26,
                    "Plan Width": 4,
                    "Actual Startup Time": 0.721,
                    "Actual Total Time": 1.052,
                    "Actual Rows": 4,
                    "Actual Loops": 35,
                    "Index Cond": "(sr_cdemo_sk = customer_demographics.cd_demo_sk)",
                    "Rows Removed by Index Recheck": 0,
                    "Heap Fetches": 131,
                    "Workers": []
                  }
                ]
              }
            ]
          }
        ]
      }
    ]
  },
  "actual_rows": 100,
  "provenance": {
    "database": "postgres://jakc9:jakc9@127.0.0.1:5434/dsb_sf10",
    "scale_factor": 10,
    "engine": "postgresql",
    "engine_version": "14.3",
    "cached_at": "2026-02-09T21:16:50.221669"
  }
}