{
  "execution_time_ms": 5536.82,
  "plan_text": "Limit  (rows=0, time=5527.26)\n  Sort  (rows=0, time=5508.319)\n    Aggregate  (rows=0, time=5508.297)\n      Nested Loop  (rows=0, time=5508.295)\n        Nested Loop  (rows=0, time=5508.294)\n          Gather Merge  (rows=0, time=5508.292)\n            Sort  (rows=0, time=5488.82)\n              Nested Loop  (rows=0, time=5488.801)\n                Nested Loop  (rows=0, time=5488.8)\n                  Nested Loop  (rows=0, time=5488.799)\n                    Hash Join  (rows=0, time=5488.798)\n                      Seq Scan on date_dim (d2)  (rows=0, time=0.0)\n                      Hash  (rows=0, time=5488.711)\n                        Nested Loop  (rows=0, time=3442.409)\n                          Hash Join  (rows=23847, time=2542.358)\n                            Nested Loop  (rows=113468, time=2519.105)\n                              Index Scan on date_dim (d1)  (rows=182, time=75.748)\n                              Index Scan on catalog_sales  (rows=622, time=13.322)\n                            Hash  (rows=1200, time=3.87)\n                              Seq Scan on household_demographics  (rows=1200, time=3.779)\n                          Index Scan on customer_demographics  (rows=0, time=0.037)\n                    Index Scan on inventory  (rows=0, time=0.0)\n                  Seq Scan on warehouse  (rows=0, time=0.0)\n                Index Scan on item  (rows=0, time=0.0)\n          Index Scan on date_dim (d3)  (rows=0, time=0.0)\n        Seq Scan on promotion  (rows=0, time=0.0)",
  "plan_json": {
    "Node Type": "Limit",
    "Parallel Aware": false,
    "Async Capable": false,
    "Startup Cost": 141513.74,
    "Total Cost": 141513.75,
    "Plan Rows": 1,
    "Plan Width": 147,
    "Actual Startup Time": 5521.923,
    "Actual Total Time": 5527.26,
    "Actual Rows": 0,
    "Actual Loops": 1,
    "Plans": [
      {
        "Node Type": "Sort",
        "Parent Relationship": "Outer",
        "Parallel Aware": false,
        "Async Capable": false,
        "Startup Cost": 141513.74,
        "Total Cost": 141513.75,
        "Plan Rows": 1,
        "Plan Width": 147,
        "Actual Startup Time": 5502.983,
        "Actual Total Time": 5508.319,
        "Actual Rows": 0,
        "Actual Loops": 1,
        "Sort Key": [
          "(count(*)) DESC",
          "item.i_item_desc",
          "warehouse.w_warehouse_name",
          "d1.d_week_seq"
        ],
        "Sort Method": "quicksort",
        "Sort Space Used": 25,
        "Sort Space Type": "Memory",
        "Plans": [
          {
            "Node Type": "Aggregate",
            "Strategy": "Sorted",
            "Partial Mode": "Simple",
            "Parent Relationship": "Outer",
            "Parallel Aware": false,
            "Async Capable": false,
            "Startup Cost": 141485.06,
            "Total Cost": 141513.73,
            "Plan Rows": 1,
            "Plan Width": 147,
            "Actual Startup Time": 5502.961,
            "Actual Total Time": 5508.297,
            "Actual Rows": 0,
            "Actual Loops": 1,
            "Group Key": [
              "item.i_item_desc",
              "warehouse.w_warehouse_name",
              "d1.d_week_seq"
            ],
            "Plans": [
              {
                "Node Type": "Nested Loop",
                "Parent Relationship": "Outer",
                "Parallel Aware": false,
                "Async Capable": false,
                "Join Type": "Left",
                "Startup Cost": 141485.06,
                "Total Cost": 141513.71,
                "Plan Rows": 1,
                "Plan Width": 127,
                "Actual Startup Time": 5502.959,
                "Actual Total Time": 5508.295,
                "Actual Rows": 0,
                "Actual Loops": 1,
                "Inner Unique": true,
                "Join Filter": "(catalog_sales.cs_promo_sk = promotion.p_promo_sk)",
                "Rows Removed by Join Filter": 0,
                "Plans": [
                  {
                    "Node Type": "Nested Loop",
                    "Parent Relationship": "Outer",
                    "Parallel Aware": false,
                    "Async Capable": false,
                    "Join Type": "Inner",
                    "Startup Cost": 141485.06,
                    "Total Cost": 141489.46,
                    "Plan Rows": 1,
                    "Plan Width": 127,
                    "Actual Startup Time": 5502.959,
                    "Actual Total Time": 5508.294,
                    "Actual Rows": 0,
                    "Actual Loops": 1,
                    "Inner Unique": true,
                    "Join Filter": "(d3.d_date > (d1.d_date + '3 days'::interval))",
                    "Rows Removed by Join Filter": 0,
                    "Plans": [
                      {
                        "Node Type": "Gather Merge",
                        "Parent Relationship": "Outer",
                        "Parallel Aware": false,
                        "Async Capable": false,
                        "Startup Cost": 141484.77,
                        "Total Cost": 141484.88,
                        "Plan Rows": 1,
                        "Plan Width": 135,
                        "Actual Startup Time": 5502.958,
                        "Actual Total Time": 5508.292,
                        "Actual Rows": 0,
                        "Actual Loops": 1,
                        "Workers Planned": 1,
                        "Workers Launched": 1,
                        "Plans": [
                          {
                            "Node Type": "Sort",
                            "Parent Relationship": "Outer",
                            "Parallel Aware": false,
                            "Async Capable": false,
                            "Startup Cost": 140484.76,
                            "Total Cost": 140484.76,
                            "Plan Rows": 1,
                            "Plan Width": 135,
                            "Actual Startup Time": 5488.814,
                            "Actual Total Time": 5488.82,
                            "Actual Rows": 0,
                            "Actual Loops": 2,
                            "Sort Key": [
                              "item.i_item_desc",
                              "warehouse.w_warehouse_name",
                              "d1.d_week_seq"
                            ],
                            "Sort Method": "quicksort",
                            "Sort Space Used": 25,
                            "Sort Space Type": "Memory",
                            "Workers": [
                              {
                                "Worker Number": 0,
                                "Sort Method": "quicksort",
                                "Sort Space Used": 25,
                                "Sort Space Type": "Memory"
                              }
                            ],
                            "Plans": [
                              {
                                "Node Type": "Nested Loop",
                                "Parent Relationship": "Outer",
                                "Parallel Aware": false,
                                "Async Capable": false,
                                "Join Type": "Inner",
                                "Startup Cost": 138404.96,
                                "Total Cost": 140484.75,
                                "Plan Rows": 1,
                                "Plan Width": 135,
                                "Actual Startup Time": 5488.794,
                                "Actual Total Time": 5488.801,
                                "Actual Rows": 0,
                                "Actual Loops": 2,
                                "Inner Unique": true,
                                "Workers": [],
                                "Plans": [
                                  {
                                    "Node Type": "Nested Loop",
                                    "Parent Relationship": "Outer",
                                    "Parallel Aware": false,
                                    "Async Capable": false,
                                    "Join Type": "Inner",
                                    "Startup Cost": 138404.67,
                                    "Total Cost": 140480.18,
                                    "Plan Rows": 1,
                                    "Plan Width": 41,
                                    "Actual Startup Time": 5488.794,
                                    "Actual Total Time": 5488.8,
                                    "Actual Rows": 0,
                                    "Actual Loops": 2,
                                    "Inner Unique": true,
                                    "Join Filter": "(inventory.inv_warehouse_sk = warehouse.w_warehouse_sk)",
                                    "Rows Removed by Join Filter": 0,
                                    "Workers": [],
                                    "Plans": [
                                      {
                                        "Node Type": "Nested Loop",
                                        "Parent Relationship": "Outer",
                                        "Parallel Aware": false,
                                        "Async Capable": false,
                                        "Join Type": "Inner",
                                        "Startup Cost": 138404.67,
                                        "Total Cost": 140478.95,
                                        "Plan Rows": 1,
                                        "Plan Width": 28,
                                        "Actual Startup Time": 5488.793,
                                        "Actual Total Time": 5488.799,
                                        "Actual Rows": 0,
                                        "Actual Loops": 2,
                                        "Inner Unique": false,
                                        "Workers": [],
                                        "Plans": [
                                          {
                                            "Node Type": "Hash Join",
                                            "Parent Relationship": "Outer",
                                            "Parallel Aware": true,
                                            "Async Capable": false,
                                            "Join Type": "Inner",
                                            "Startup Cost": 138404.1,
                                            "Total Cost": 140418.98,
                                            "Plan Rows": 4,
                                            "Plan Width": 28,
                                            "Actual Startup Time": 5488.793,
                                            "Actual Total Time": 5488.798,
                                            "Actual Rows": 0,
                                            "Actual Loops": 2,
                                            "Inner Unique": false,
                                            "Hash Cond": "(d2.d_week_seq = d1.d_week_seq)",
                                            "Workers": [],
                                            "Plans": [
                                              {
                                                "Node Type": "Seq Scan",
                                                "Parent Relationship": "Outer",
                                                "Parallel Aware": true,
                                                "Async Capable": false,
                                                "Relation Name": "date_dim",
                                                "Alias": "d2",
                                                "Startup Cost": 0.0,
                                                "Total Cost": 1853.7,
                                                "Plan Rows": 42970,
                                                "Plan Width": 8,
                                                "Actual Startup Time": 0.0,
                                                "Actual Total Time": 0.0,
                                                "Actual Rows": 0,
                                                "Actual Loops": 0,
                                                "Workers": []
                                              },
                                              {
                                                "Node Type": "Hash",
                                                "Parent Relationship": "Inner",
                                                "Parallel Aware": true,
                                                "Async Capable": false,
                                                "Startup Cost": 138404.09,
                                                "Total Cost": 138404.09,
                                                "Plan Rows": 1,
                                                "Plan Width": 24,
                                                "Actual Startup Time": 5488.708,
                                                "Actual Total Time": 5488.711,
                                                "Actual Rows": 0,
                                                "Actual Loops": 2,
                                                "Hash Buckets": 1024,
                                                "Original Hash Buckets": 1024,
                                                "Hash Batches": 1,
                                                "Original Hash Batches": 1,
                                                "Peak Memory Usage": 0,
                                                "Workers": [],
                                                "Plans": [
                                                  {
                                                    "Node Type": "Nested Loop",
                                                    "Parent Relationship": "Outer",
                                                    "Parallel Aware": false,
                                                    "Async Capable": false,
                                                    "Join Type": "Inner",
                                                    "Startup Cost": 159.16,
                                                    "Total Cost": 138404.09,
                                                    "Plan Rows": 1,
                                                    "Plan Width": 24,
                                                    "Actual Startup Time": 3442.406,
                                                    "Actual Total Time": 3442.409,
                                                    "Actual Rows": 0,
                                                    "Actual Loops": 2,
                                                    "Inner Unique": true,
                                                    "Workers": [],
                                                    "Plans": [
                                                      {
                                                        "Node Type": "Hash Join",
                                                        "Parent Relationship": "Outer",
                                                        "Parallel Aware": false,
                                                        "Async Capable": false,
                                                        "Join Type": "Inner",
                                                        "Startup Cost": 158.73,
                                                        "Total Cost": 135602.74,
                                                        "Plan Rows": 590,
                                                        "Plan Width": 28,
                                                        "Actual Startup Time": 45.697,
                                                        "Actual Total Time": 2542.358,
                                                        "Actual Rows": 23847,
                                                        "Actual Loops": 2,
                                                        "Inner Unique": true,
                                                        "Hash Cond": "(catalog_sales.cs_bill_hdemo_sk = household_demographics.hd_demo_sk)",
                                                        "Workers": [],
                                                        "Plans": [
                                                          {
                                                            "Node Type": "Nested Loop",
                                                            "Parent Relationship": "Outer",
                                                            "Parallel Aware": false,
                                                            "Async Capable": false,
                                                            "Join Type": "Inner",
                                                            "Startup Cost": 0.73,
                                                            "Total Cost": 135435.39,
                                                            "Plan Rows": 3559,
                                                            "Plan Width": 32,
                                                            "Actual Startup Time": 41.246,
                                                            "Actual Total Time": 2519.105,
                                                            "Actual Rows": 113468,
                                                            "Actual Loops": 2,
                                                            "Inner Unique": false,
                                                            "Workers": [],
                                                            "Plans": [
                                                              {
                                                                "Node Type": "Index Scan",
                                                                "Parent Relationship": "Outer",
                                                                "Parallel Aware": true,
                                                                "Async Capable": false,
                                                                "Scan Direction": "Forward",
                                                                "Index Name": "date_dim_pkey",
                                                                "Relation Name": "date_dim",
                                                                "Alias": "d1",
                                                                "Startup Cost": 0.29,
                                                                "Total Cost": 2981.0,
                                                                "Plan Rows": 152,
                                                                "Plan Width": 12,
                                                                "Actual Startup Time": 40.7,
                                                                "Actual Total Time": 75.748,
                                                                "Actual Rows": 182,
                                                                "Actual Loops": 2,
                                                                "Filter": "(d_year = 1999)",
                                                                "Rows Removed by Filter": 36342,
                                                                "Workers": []
                                                              },
                                                              {
                                                                "Node Type": "Index Scan",
                                                                "Parent Relationship": "Inner",
                                                                "Parallel Aware": false,
                                                                "Async Capable": false,
                                                                "Scan Direction": "Forward",
                                                                "Index Name": "_dta_index_catalog_sales_6_1301579675__k1_4",
                                                                "Relation Name": "catalog_sales",
                                                                "Alias": "catalog_sales",
                                                                "Startup Cost": 0.43,
                                                                "Total Cost": 863.34,
                                                                "Plan Rows": 807,
                                                                "Plan Width": 32,
                                                                "Actual Startup Time": 0.034,
                                                                "Actual Total Time": 13.322,
                                                                "Actual Rows": 622,
                                                                "Actual Loops": 365,
                                                                "Index Cond": "(cs_sold_date_sk = d1.d_date_sk)",
                                                                "Rows Removed by Index Recheck": 0,
                                                                "Filter": "((cs_wholesale_cost >= '76'::numeric) AND (cs_wholesale_cost <= '96'::numeric))",
                                                                "Rows Removed by Filter": 4566,
                                                                "Workers": []
                                                              }
                                                            ]
                                                          },
                                                          {
                                                            "Node Type": "Hash",
                                                            "Parent Relationship": "Inner",
                                                            "Parallel Aware": false,
                                                            "Async Capable": false,
                                                            "Startup Cost": 143.0,
                                                            "Total Cost": 143.0,
                                                            "Plan Rows": 1200,
                                                            "Plan Width": 4,
                                                            "Actual Startup Time": 3.869,
                                                            "Actual Total Time": 3.87,
                                                            "Actual Rows": 1200,
                                                            "Actual Loops": 2,
                                                            "Hash Buckets": 2048,
                                                            "Original Hash Buckets": 2048,
                                                            "Hash Batches": 1,
                                                            "Original Hash Batches": 1,
                                                            "Peak Memory Usage": 59,
                                                            "Workers": [],
                                                            "Plans": [
                                                              {
                                                                "Node Type": "Seq Scan",
                                                                "Parent Relationship": "Outer",
                                                                "Parallel Aware": false,
                                                                "Async Capable": false,
                                                                "Relation Name": "household_demographics",
                                                                "Alias": "household_demographics",
                                                                "Startup Cost": 0.0,
                                                                "Total Cost": 143.0,
                                                                "Plan Rows": 1200,
                                                                "Plan Width": 4,
                                                                "Actual Startup Time": 0.173,
                                                                "Actual Total Time": 3.779,
                                                                "Actual Rows": 1200,
                                                                "Actual Loops": 2,
                                                                "Filter": "(hd_buy_potential = '>10000'::bpchar)",
                                                                "Rows Removed by Filter": 6000,
                                                                "Workers": []
                                                              }
                                                            ]
                                                          }
                                                        ]
                                                      },
                                                      {
                                                        "Node Type": "Index Scan",
                                                        "Parent Relationship": "Inner",
                                                        "Parallel Aware": false,
                                                        "Async Capable": false,
                                                        "Scan Direction": "Forward",
                                                        "Index Name": "customer_demographics_pkey",
                                                        "Relation Name": "customer_demographics",
                                                        "Alias": "customer_demographics",
                                                        "Startup Cost": 0.43,
                                                        "Total Cost": 4.74,
                                                        "Plan Rows": 1,
                                                        "Plan Width": 4,
                                                        "Actual Startup Time": 0.037,
                                                        "Actual Total Time": 0.037,
                                                        "Actual Rows": 0,
                                                        "Actual Loops": 47694,
                                                        "Index Cond": "(cd_demo_sk = catalog_sales.cs_bill_cdemo_sk)",
                                                        "Rows Removed by Index Recheck": 0,
                                                        "Filter": "((cd_dep_count >= 9) AND (cd_dep_count <= 11) AND (cd_marital_status = 'S'::bpchar))",
                                                        "Rows Removed by Filter": 1,
                                                        "Workers": []
                                                      }
                                                    ]
                                                  }
                                                ]
                                              }
                                            ]
                                          },
                                          {
                                            "Node Type": "Index Scan",
                                            "Parent Relationship": "Inner",
                                            "Parallel Aware": false,
                                            "Async Capable": false,
                                            "Scan Direction": "Forward",
                                            "Index Name": "inventory_pkey",
                                            "Relation Name": "inventory",
                                            "Alias": "inventory",
                                            "Startup Cost": 0.57,
                                            "Total Cost": 14.97,
                                            "Plan Rows": 2,
                                            "Plan Width": 16,
                                            "Actual Startup Time": 0.0,
                                            "Actual Total Time": 0.0,
                                            "Actual Rows": 0,
                                            "Actual Loops": 0,
                                            "Index Cond": "((inv_date_sk = d2.d_date_sk) AND (inv_item_sk = catalog_sales.cs_item_sk))",
                                            "Rows Removed by Index Recheck": 0,
                                            "Filter": "(inv_quantity_on_hand < catalog_sales.cs_quantity)",
                                            "Rows Removed by Filter": 0,
                                            "Workers": []
                                          }
                                        ]
                                      },
                                      {
                                        "Node Type": "Seq Scan",
                                        "Parent Relationship": "Inner",
                                        "Parallel Aware": false,
                                        "Async Capable": false,
                                        "Relation Name": "warehouse",
                                        "Alias": "warehouse",
                                        "Startup Cost": 0.0,
                                        "Total Cost": 1.1,
                                        "Plan Rows": 10,
                                        "Plan Width": 21,
                                        "Actual Startup Time": 0.0,
                                        "Actual Total Time": 0.0,
                                        "Actual Rows": 0,
                                        "Actual Loops": 0,
                                        "Workers": []
                                      }
                                    ]
                                  },
                                  {
                                    "Node Type": "Index Scan",
                                    "Parent Relationship": "Inner",
                                    "Parallel Aware": false,
                                    "Async Capable": false,
                                    "Scan Direction": "Forward",
                                    "Index Name": "item_pkey",
                                    "Relation Name": "item",
                                    "Alias": "item",
                                    "Startup Cost": 0.29,
                                    "Total Cost": 4.57,
                                    "Plan Rows": 1,
                                    "Plan Width": 106,
                                    "Actual Startup Time": 0.0,
                                    "Actual Total Time": 0.0,
                                    "Actual Rows": 0,
                                    "Actual Loops": 0,
                                    "Index Cond": "(i_item_sk = catalog_sales.cs_item_sk)",
                                    "Rows Removed by Index Recheck": 0,
                                    "Filter": "(i_category = ANY ('{Men,Shoes,Sports}'::bpchar[]))",
                                    "Rows Removed by Filter": 0,
                                    "Workers": []
                                  }
                                ]
                              }
                            ]
                          }
                        ]
                      },
                      {
                        "Node Type": "Index Scan",
                        "Parent Relationship": "Inner",
                        "Parallel Aware": false,
                        "Async Capable": false,
                        "Scan Direction": "Forward",
                        "Index Name": "date_dim_pkey",
                        "Relation Name": "date_dim",
                        "Alias": "d3",
                        "Startup Cost": 0.29,
                        "Total Cost": 4.56,
                        "Plan Rows": 1,
                        "Plan Width": 8,
                        "Actual Startup Time": 0.0,
                        "Actual Total Time": 0.0,
                        "Actual Rows": 0,
                        "Actual Loops": 0,
                        "Index Cond": "(d_date_sk = catalog_sales.cs_ship_date_sk)",
                        "Rows Removed by Index Recheck": 0
                      }
                    ]
                  },
                  {
                    "Node Type": "Seq Scan",
                    "Parent Relationship": "Inner",
                    "Parallel Aware": false,
                    "Async Capable": false,
                    "Relation Name": "promotion",
                    "Alias": "promotion",
                    "Startup Cost": 0.0,
                    "Total Cost": 18.0,
                    "Plan Rows": 500,
                    "Plan Width": 4,
                    "Actual Startup Time": 0.0,
                    "Actual Total Time": 0.0,
                    "Actual Rows": 0,
                    "Actual Loops": 0
                  }
                ]
              }
            ]
          }
        ]
      }
    ]
  },
  "actual_rows": 0,
  "provenance": {
    "database": "postgres://jakc9:jakc9@127.0.0.1:5434/dsb_sf10",
    "scale_factor": 10,
    "engine": "postgresql",
    "engine_version": "14.3",
    "cached_at": "2026-02-09T21:06:45.850387"
  }
}