{
  "query_id": "query072_agg_s1",
  "engine": "postgresql",
  "benchmark": "dsb_156",
  "scale_factor": 10,
  "execution_time_ms": null,
  "planning_time_ms": 28.280309999900055,
  "plan_json": [
    {
      "Plan": {
        "Node Type": "Limit",
        "Parallel Aware": false,
        "Async Capable": false,
        "Startup Cost": 141781.72,
        "Total Cost": 141781.73,
        "Plan Rows": 1,
        "Plan Width": 148,
        "Output": [
          "item.i_item_desc",
          "warehouse.w_warehouse_name",
          "d1.d_week_seq",
          "(sum(CASE WHEN (promotion.p_promo_sk IS NULL) THEN 1 ELSE 0 END))",
          "(sum(CASE WHEN (promotion.p_promo_sk IS NOT NULL) THEN 1 ELSE 0 END))",
          "(count(*))"
        ],
        "Plans": [
          {
            "Node Type": "Sort",
            "Parent Relationship": "Outer",
            "Parallel Aware": false,
            "Async Capable": false,
            "Startup Cost": 141781.72,
            "Total Cost": 141781.73,
            "Plan Rows": 1,
            "Plan Width": 148,
            "Output": [
              "item.i_item_desc",
              "warehouse.w_warehouse_name",
              "d1.d_week_seq",
              "(sum(CASE WHEN (promotion.p_promo_sk IS NULL) THEN 1 ELSE 0 END))",
              "(sum(CASE WHEN (promotion.p_promo_sk IS NOT NULL) THEN 1 ELSE 0 END))",
              "(count(*))"
            ],
            "Sort Key": [
              "(count(*)) DESC",
              "item.i_item_desc",
              "warehouse.w_warehouse_name",
              "d1.d_week_seq"
            ],
            "Plans": [
              {
                "Node Type": "Aggregate",
                "Strategy": "Sorted",
                "Partial Mode": "Simple",
                "Parent Relationship": "Outer",
                "Parallel Aware": false,
                "Async Capable": false,
                "Startup Cost": 141777.29,
                "Total Cost": 141781.71,
                "Plan Rows": 1,
                "Plan Width": 148,
                "Output": [
                  "item.i_item_desc",
                  "warehouse.w_warehouse_name",
                  "d1.d_week_seq",
                  "sum(CASE WHEN (promotion.p_promo_sk IS NULL) THEN 1 ELSE 0 END)",
                  "sum(CASE WHEN (promotion.p_promo_sk IS NOT NULL) THEN 1 ELSE 0 END)",
                  "count(*)"
                ],
                "Group Key": [
                  "item.i_item_desc",
                  "warehouse.w_warehouse_name",
                  "d1.d_week_seq"
                ],
                "Plans": [
                  {
                    "Node Type": "Nested Loop",
                    "Parent Relationship": "Outer",
                    "Parallel Aware": false,
                    "Async Capable": false,
                    "Join Type": "Inner",
                    "Startup Cost": 141777.29,
                    "Total Cost": 141781.69,
                    "Plan Rows": 1,
                    "Plan Width": 128,
                    "Output": [
                      "item.i_item_desc",
                      "warehouse.w_warehouse_name",
                      "d1.d_week_seq",
                      "promotion.p_promo_sk"
                    ],
                    "Inner Unique": true,
                    "Join Filter": "(d3.d_date > (d1.d_date + '3 days'::interval))",
                    "Plans": [
                      {
                        "Node Type": "Gather Merge",
                        "Parent Relationship": "Outer",
                        "Parallel Aware": false,
                        "Async Capable": false,
                        "Startup Cost": 141776.99,
                        "Total Cost": 141777.11,
                        "Plan Rows": 1,
                        "Plan Width": 136,
                        "Output": [
                          "catalog_sales.cs_ship_date_sk",
                          "warehouse.w_warehouse_name",
                          "item.i_item_desc",
                          "d1.d_week_seq",
                          "d1.d_date",
                          "promotion.p_promo_sk"
                        ],
                        "Workers Planned": 1,
                        "Plans": [
                          {
                            "Node Type": "Sort",
                            "Parent Relationship": "Outer",
                            "Parallel Aware": false,
                            "Async Capable": false,
                            "Startup Cost": 140776.98,
                            "Total Cost": 140776.99,
                            "Plan Rows": 1,
                            "Plan Width": 136,
                            "Output": [
                              "catalog_sales.cs_ship_date_sk",
                              "warehouse.w_warehouse_name",
                              "item.i_item_desc",
                              "d1.d_week_seq",
                              "d1.d_date",
                              "promotion.p_promo_sk"
                            ],
                            "Sort Key": [
                              "item.i_item_desc",
                              "warehouse.w_warehouse_name",
                              "d1.d_week_seq"
                            ],
                            "Plans": [
                              {
                                "Node Type": "Nested Loop",
                                "Parent Relationship": "Outer",
                                "Parallel Aware": false,
                                "Async Capable": false,
                                "Join Type": "Left",
                                "Startup Cost": 138713.14,
                                "Total Cost": 140776.97,
                                "Plan Rows": 1,
                                "Plan Width": 136,
                                "Output": [
                                  "catalog_sales.cs_ship_date_sk",
                                  "warehouse.w_warehouse_name",
                                  "item.i_item_desc",
                                  "d1.d_week_seq",
                                  "d1.d_date",
                                  "promotion.p_promo_sk"
                                ],
                                "Inner Unique": true,
                                "Plans": [
                                  {
                                    "Node Type": "Nested Loop",
                                    "Parent Relationship": "Outer",
                                    "Parallel Aware": false,
                                    "Async Capable": false,
                                    "Join Type": "Inner",
                                    "Startup Cost": 138712.87,
                                    "Total Cost": 140772.82,
                                    "Plan Rows": 1,
                                    "Plan Width": 136,
                                    "Output": [
                                      "catalog_sales.cs_ship_date_sk",
                                      "catalog_sales.cs_promo_sk",
                                      "warehouse.w_warehouse_name",
                                      "item.i_item_desc",
                                      "d1.d_week_seq",
                                      "d1.d_date"
                                    ],
                                    "Inner Unique": true,
                                    "Plans": [
                                      {
                                        "Node Type": "Nested Loop",
                                        "Parent Relationship": "Outer",
                                        "Parallel Aware": false,
                                        "Async Capable": false,
                                        "Join Type": "Inner",
                                        "Startup Cost": 138712.58,
                                        "Total Cost": 140768.26,
                                        "Plan Rows": 1,
                                        "Plan Width": 41,
                                        "Output": [
                                          "catalog_sales.cs_item_sk",
                                          "catalog_sales.cs_ship_date_sk",
                                          "catalog_sales.cs_promo_sk",
                                          "inventory.inv_item_sk",
                                          "warehouse.w_warehouse_name",
                                          "d1.d_week_seq",
                                          "d1.d_date"
                                        ],
                                        "Inner Unique": true,
                                        "Join Filter": "(inventory.inv_warehouse_sk = warehouse.w_warehouse_sk)",
                                        "Plans": [
                                          {
                                            "Node Type": "Nested Loop",
                                            "Parent Relationship": "Outer",
                                            "Parallel Aware": false,
                                            "Async Capable": false,
                                            "Join Type": "Inner",
                                            "Startup Cost": 138712.58,
                                            "Total Cost": 140767.03,
                                            "Plan Rows": 1,
                                            "Plan Width": 28,
                                            "Output": [
                                              "catalog_sales.cs_item_sk",
                                              "catalog_sales.cs_ship_date_sk",
                                              "catalog_sales.cs_promo_sk",
                                              "inventory.inv_item_sk",
                                              "inventory.inv_warehouse_sk",
                                              "d1.d_week_seq",
                                              "d1.d_date"
                                            ],
                                            "Inner Unique": false,
                                            "Plans": [
                                              {
                                                "Node Type": "Hash Join",
                                                "Parent Relationship": "Outer",
                                                "Parallel Aware": true,
                                                "Async Capable": false,
                                                "Join Type": "Inner",
                                                "Startup Cost": 138712.01,
                                                "Total Cost": 140707.89,
                                                "Plan Rows": 4,
                                                "Plan Width": 28,
                                                "Output": [
                                                  "catalog_sales.cs_item_sk",
                                                  "catalog_sales.cs_ship_date_sk",
                                                  "catalog_sales.cs_promo_sk",
                                                  "catalog_sales.cs_quantity",
                                                  "d1.d_week_seq",
                                                  "d1.d_date",
                                                  "d2.d_date_sk"
                                                ],
                                                "Inner Unique": false,
                                                "Hash Cond": "(d2.d_week_seq = d1.d_week_seq)",
                                                "Plans": [
                                                  {
                                                    "Node Type": "Seq Scan",
                                                    "Parent Relationship": "Outer",
                                                    "Parallel Aware": true,
                                                    "Async Capable": false,
                                                    "Relation Name": "date_dim",
                                                    "Schema": "public",
                                                    "Alias": "d2",
                                                    "Startup Cost": 0.0,
                                                    "Total Cost": 1834.7,
                                                    "Plan Rows": 42970,
                                                    "Plan Width": 8,
                                                    "Output": [
                                                      "d2.d_date_sk",
                                                      "d2.d_date_id",
                                                      "d2.d_date",
                                                      "d2.d_month_seq",
                                                      "d2.d_week_seq",
                                                      "d2.d_quarter_seq",
                                                      "d2.d_year",
                                                      "d2.d_dow",
                                                      "d2.d_moy",
                                                      "d2.d_dom",
                                                      "d2.d_qoy",
                                                      "d2.d_fy_year",
                                                      "d2.d_fy_quarter_seq",
                                                      "d2.d_fy_week_seq",
                                                      "d2.d_day_name",
                                                      "d2.d_quarter_name",
                                                      "d2.d_holiday",
                                                      "d2.d_weekend",
                                                      "d2.d_following_holiday",
                                                      "d2.d_first_dom",
                                                      "d2.d_last_dom",
                                                      "d2.d_same_day_ly",
                                                      "d2.d_same_day_lq",
                                                      "d2.d_current_day",
                                                      "d2.d_current_week",
                                                      "d2.d_current_month",
                                                      "d2.d_current_quarter",
                                                      "d2.d_current_year"
                                                    ]
                                                  },
                                                  {
                                                    "Node Type": "Hash",
                                                    "Parent Relationship": "Inner",
                                                    "Parallel Aware": true,
                                                    "Async Capable": false,
                                                    "Startup Cost": 138712.0,
                                                    "Total Cost": 138712.0,
                                                    "Plan Rows": 1,
                                                    "Plan Width": 24,
                                                    "Output": [
                                                      "catalog_sales.cs_item_sk",
                                                      "catalog_sales.cs_ship_date_sk",
                                                      "catalog_sales.cs_promo_sk",
                                                      "catalog_sales.cs_quantity",
                                                      "d1.d_week_seq",
                                                      "d1.d_date"
                                                    ],
                                                    "Plans": [
                                                      {
                                                        "Node Type": "Nested Loop",
                                                        "Parent Relationship": "Outer",
                                                        "Parallel Aware": false,
                                                        "Async Capable": false,
                                                        "Join Type": "Inner",
                                                        "Startup Cost": 159.16,
                                                        "Total Cost": 138712.0,
                                                        "Plan Rows": 1,
                                                        "Plan Width": 24,
                                                        "Output": [
                                                          "catalog_sales.cs_item_sk",
                                                          "catalog_sales.cs_ship_date_sk",
                                                          "catalog_sales.cs_promo_sk",
                                                          "catalog_sales.cs_quantity",
                                                          "d1.d_week_seq",
                                                          "d1.d_date"
                                                        ],
                                                        "Inner Unique": true,
                                                        "Plans": [
                                                          {
                                                            "Node Type": "Hash Join",
                                                            "Parent Relationship": "Outer",
                                                            "Parallel Aware": false,
                                                            "Async Capable": false,
                                                            "Join Type": "Inner",
                                                            "Startup Cost": 158.73,
                                                            "Total Cost": 134725.09,
                                                            "Plan Rows": 841,
                                                            "Plan Width": 28,
                                                            "Output": [
                                                              "catalog_sales.cs_item_sk",
                                                              "catalog_sales.cs_bill_cdemo_sk",
                                                              "catalog_sales.cs_ship_date_sk",
                                                              "catalog_sales.cs_promo_sk",
                                                              "catalog_sales.cs_quantity",
                                                              "d1.d_week_seq",
                                                              "d1.d_date"
                                                            ],
                                                            "Inner Unique": true,
                                                            "Hash Cond": "(catalog_sales.cs_bill_hdemo_sk = household_demographics.hd_demo_sk)",
                                                            "Plans": [
                                                              {
                                                                "Node Type": "Nested Loop",
                                                                "Parent Relationship": "Outer",
                                                                "Parallel Aware": false,
                                                                "Async Capable": false,
                                                                "Join Type": "Inner",
                                                                "Startup Cost": 0.73,
                                                                "Total Cost": 134553.76,
                                                                "Plan Rows": 5072,
                                                                "Plan Width": 32,
                                                                "Output": [
                                                                  "catalog_sales.cs_item_sk",
                                                                  "catalog_sales.cs_bill_cdemo_sk",
                                                                  "catalog_sales.cs_bill_hdemo_sk",
                                                                  "catalog_sales.cs_ship_date_sk",
                                                                  "catalog_sales.cs_promo_sk",
                                                                  "catalog_sales.cs_quantity",
                                                                  "d1.d_week_seq",
                                                                  "d1.d_date"
                                                                ],
                                                                "Inner Unique": false,
                                                                "Plans": [
                                                                  {
                                                                    "Node Type": "Index Scan",
                                                                    "Parent Relationship": "Outer",
                                                                    "Parallel Aware": true,
                                                                    "Async Capable": false,
                                                                    "Scan Direction": "Forward",
                                                                    "Index Name": "date_dim_pkey",
                                                                    "Relation Name": "date_dim",
                                                                    "Schema": "public",
                                                                    "Alias": "d1",
                                                                    "Startup Cost": 0.29,
                                                                    "Total Cost": 2962.0,
                                                                    "Plan Rows": 151,
                                                                    "Plan Width": 12,
                                                                    "Output": [
                                                                      "d1.d_date_sk",
                                                                      "d1.d_date_id",
                                                                      "d1.d_date",
                                                                      "d1.d_month_seq",
                                                                      "d1.d_week_seq",
                                                                      "d1.d_quarter_seq",
                                                                      "d1.d_year",
                                                                      "d1.d_dow",
                                                                      "d1.d_moy",
                                                                      "d1.d_dom",
                                                                      "d1.d_qoy",
                                                                      "d1.d_fy_year",
                                                                      "d1.d_fy_quarter_seq",
                                                                      "d1.d_fy_week_seq",
                                                                      "d1.d_day_name",
                                                                      "d1.d_quarter_name",
                                                                      "d1.d_holiday",
                                                                      "d1.d_weekend",
                                                                      "d1.d_following_holiday",
                                                                      "d1.d_first_dom",
                                                                      "d1.d_last_dom",
                                                                      "d1.d_same_day_ly",
                                                                      "d1.d_same_day_lq",
                                                                      "d1.d_current_day",
                                                                      "d1.d_current_week",
                                                                      "d1.d_current_month",
                                                                      "d1.d_current_quarter",
                                                                      "d1.d_current_year"
                                                                    ],
                                                                    "Filter": "(d1.d_year = 1998)"
                                                                  },
                                                                  {
                                                                    "Node Type": "Index Scan",
                                                                    "Parent Relationship": "Inner",
                                                                    "Parallel Aware": false,
                                                                    "Async Capable": false,
                                                                    "Scan Direction": "Forward",
                                                                    "Index Name": "_dta_index_catalog_sales_6_1301579675__k1_4",
                                                                    "Relation Name": "catalog_sales",
                                                                    "Schema": "public",
                                                                    "Alias": "catalog_sales",
                                                                    "Startup Cost": 0.43,
                                                                    "Total Cost": 859.91,
                                                                    "Plan Rows": 1156,
                                                                    "Plan Width": 32,
                                                                    "Output": [
                                                                      "catalog_sales.cs_sold_date_sk",
                                                                      "catalog_sales.cs_sold_time_sk",
                                                                      "catalog_sales.cs_ship_date_sk",
                                                                      "catalog_sales.cs_bill_customer_sk",
                                                                      "catalog_sales.cs_bill_cdemo_sk",
                                                                      "catalog_sales.cs_bill_hdemo_sk",
                                                                      "catalog_sales.cs_bill_addr_sk",
                                                                      "catalog_sales.cs_ship_customer_sk",
                                                                      "catalog_sales.cs_ship_cdemo_sk",
                                                                      "catalog_sales.cs_ship_hdemo_sk",
                                                                      "catalog_sales.cs_ship_addr_sk",
                                                                      "catalog_sales.cs_call_center_sk",
                                                                      "catalog_sales.cs_catalog_page_sk",
                                                                      "catalog_sales.cs_ship_mode_sk",
                                                                      "catalog_sales.cs_warehouse_sk",
                                                                      "catalog_sales.cs_item_sk",
                                                                      "catalog_sales.cs_promo_sk",
                                                                      "catalog_sales.cs_order_number",
                                                                      "catalog_sales.cs_quantity",
                                                                      "catalog_sales.cs_wholesale_cost",
                                                                      "catalog_sales.cs_list_price",
                                                                      "catalog_sales.cs_sales_price",
                                                                      "catalog_sales.cs_ext_discount_amt",
                                                                      "catalog_sales.cs_ext_sales_price",
                                                                      "catalog_sales.cs_ext_wholesale_cost",
                                                                      "catalog_sales.cs_ext_list_price",
                                                                      "catalog_sales.cs_ext_tax",
                                                                      "catalog_sales.cs_coupon_amt",
                                                                      "catalog_sales.cs_ext_ship_cost",
                                                                      "catalog_sales.cs_net_paid",
                                                                      "catalog_sales.cs_net_paid_inc_tax",
                                                                      "catalog_sales.cs_net_paid_inc_ship",
                                                                      "catalog_sales.cs_net_paid_inc_ship_tax",
                                                                      "catalog_sales.cs_net_profit"
                                                                    ],
                                                                    "Index Cond": "(catalog_sales.cs_sold_date_sk = d1.d_date_sk)",
                                                                    "Filter": "((catalog_sales.cs_wholesale_cost >= '35'::numeric) AND (catalog_sales.cs_wholesale_cost <= '55'::numeric))"
                                                                  }
                                                                ]
                                                              },
                                                              {
                                                                "Node Type": "Hash",
                                                                "Parent Relationship": "Inner",
                                                                "Parallel Aware": false,
                                                                "Async Capable": false,
                                                                "Startup Cost": 143.0,
                                                                "Total Cost": 143.0,
                                                                "Plan Rows": 1200,
                                                                "Plan Width": 4,
                                                                "Output": [
                                                                  "household_demographics.hd_demo_sk"
                                                                ],
                                                                "Plans": [
                                                                  {
                                                                    "Node Type": "Seq Scan",
                                                                    "Parent Relationship": "Outer",
                                                                    "Parallel Aware": false,
                                                                    "Async Capable": false,
                                                                    "Relation Name": "household_demographics",
                                                                    "Schema": "public",
                                                                    "Alias": "household_demographics",
                                                                    "Startup Cost": 0.0,
                                                                    "Total Cost": 143.0,
                                                                    "Plan Rows": 1200,
                                                                    "Plan Width": 4,
                                                                    "Output": [
                                                                      "household_demographics.hd_demo_sk"
                                                                    ],
                                                                    "Filter": "(household_demographics.hd_buy_potential = '>10000'::bpchar)"
                                                                  }
                                                                ]
                                                              }
                                                            ]
                                                          },
                                                          {
                                                            "Node Type": "Index Scan",
                                                            "Parent Relationship": "Inner",
                                                            "Parallel Aware": false,
                                                            "Async Capable": false,
                                                            "Scan Direction": "Forward",
                                                            "Index Name": "customer_demographics_pkey",
                                                            "Relation Name": "customer_demographics",
                                                            "Schema": "public",
                                                            "Alias": "customer_demographics",
                                                            "Startup Cost": 0.43,
                                                            "Total Cost": 4.74,
                                                            "Plan Rows": 1,
                                                            "Plan Width": 4,
                                                            "Output": [
                                                              "customer_demographics.cd_demo_sk",
                                                              "customer_demographics.cd_gender",
                                                              "customer_demographics.cd_marital_status",
                                                              "customer_demographics.cd_education_status",
                                                              "customer_demographics.cd_purchase_estimate",
                                                              "customer_demographics.cd_credit_rating",
                                                              "customer_demographics.cd_dep_count",
                                                              "customer_demographics.cd_dep_employed_count",
                                                              "customer_demographics.cd_dep_college_count"
                                                            ],
                                                            "Index Cond": "(customer_demographics.cd_demo_sk = catalog_sales.cs_bill_cdemo_sk)",
                                                            "Filter": "((customer_demographics.cd_dep_count >= 9) AND (customer_demographics.cd_dep_count <= 11) AND (customer_demographics.cd_marital_status = 'U'::bpchar))"
                                                          }
                                                        ]
                                                      }
                                                    ]
                                                  }
                                                ]
                                              },
                                              {
                                                "Node Type": "Index Scan",
                                                "Parent Relationship": "Inner",
                                                "Parallel Aware": false,
                                                "Async Capable": false,
                                                "Scan Direction": "Forward",
                                                "Index Name": "inventory_pkey",
                                                "Relation Name": "inventory",
                                                "Schema": "public",
                                                "Alias": "inventory",
                                                "Startup Cost": 0.57,
                                                "Total Cost": 14.77,
                                                "Plan Rows": 2,
                                                "Plan Width": 16,
                                                "Output": [
                                                  "inventory.inv_date_sk",
                                                  "inventory.inv_item_sk",
                                                  "inventory.inv_warehouse_sk",
                                                  "inventory.inv_quantity_on_hand"
                                                ],
                                                "Index Cond": "((inventory.inv_date_sk = d2.d_date_sk) AND (inventory.inv_item_sk = catalog_sales.cs_item_sk))",
                                                "Filter": "(inventory.inv_quantity_on_hand < catalog_sales.cs_quantity)"
                                              }
                                            ]
                                          },
                                          {
                                            "Node Type": "Seq Scan",
                                            "Parent Relationship": "Inner",
                                            "Parallel Aware": false,
                                            "Async Capable": false,
                                            "Relation Name": "warehouse",
                                            "Schema": "public",
                                            "Alias": "warehouse",
                                            "Startup Cost": 0.0,
                                            "Total Cost": 1.1,
                                            "Plan Rows": 10,
                                            "Plan Width": 21,
                                            "Output": [
                                              "warehouse.w_warehouse_sk",
                                              "warehouse.w_warehouse_id",
                                              "warehouse.w_warehouse_name",
                                              "warehouse.w_warehouse_sq_ft",
                                              "warehouse.w_street_number",
                                              "warehouse.w_street_name",
                                              "warehouse.w_street_type",
                                              "warehouse.w_suite_number",
                                              "warehouse.w_city",
                                              "warehouse.w_county",
                                              "warehouse.w_state",
                                              "warehouse.w_zip",
                                              "warehouse.w_country",
                                              "warehouse.w_gmt_offset"
                                            ]
                                          }
                                        ]
                                      },
                                      {
                                        "Node Type": "Index Scan",
                                        "Parent Relationship": "Inner",
                                        "Parallel Aware": false,
                                        "Async Capable": false,
                                        "Scan Direction": "Forward",
                                        "Index Name": "item_pkey",
                                        "Relation Name": "item",
                                        "Schema": "public",
                                        "Alias": "item",
                                        "Startup Cost": 0.29,
                                        "Total Cost": 4.57,
                                        "Plan Rows": 1,
                                        "Plan Width": 107,
                                        "Output": [
                                          "item.i_item_sk",
                                          "item.i_item_id",
                                          "item.i_rec_start_date",
                                          "item.i_rec_end_date",
                                          "item.i_item_desc",
                                          "item.i_current_price",
                                          "item.i_wholesale_cost",
                                          "item.i_brand_id",
                                          "item.i_brand",
                                          "item.i_class_id",
                                          "item.i_class",
                                          "item.i_category_id",
                                          "item.i_category",
                                          "item.i_manufact_id",
                                          "item.i_manufact",
                                          "item.i_size",
                                          "item.i_formulation",
                                          "item.i_color",
                                          "item.i_units",
                                          "item.i_container",
                                          "item.i_manager_id",
                                          "item.i_product_name"
                                        ],
                                        "Index Cond": "(item.i_item_sk = catalog_sales.cs_item_sk)",
                                        "Filter": "(item.i_category = ANY ('{Children,Jewelry,Men}'::bpchar[]))"
                                      }
                                    ]
                                  },
                                  {
                                    "Node Type": "Index Only Scan",
                                    "Parent Relationship": "Inner",
                                    "Parallel Aware": false,
                                    "Async Capable": false,
                                    "Scan Direction": "Forward",
                                    "Index Name": "promotion_pkey",
                                    "Relation Name": "promotion",
                                    "Schema": "public",
                                    "Alias": "promotion",
                                    "Startup Cost": 0.27,
                                    "Total Cost": 4.14,
                                    "Plan Rows": 1,
                                    "Plan Width": 4,
                                    "Output": [
                                      "promotion.p_promo_sk"
                                    ],
                                    "Index Cond": "(promotion.p_promo_sk = catalog_sales.cs_promo_sk)"
                                  }
                                ]
                              }
                            ]
                          }
                        ]
                      },
                      {
                        "Node Type": "Index Scan",
                        "Parent Relationship": "Inner",
                        "Parallel Aware": false,
                        "Async Capable": false,
                        "Scan Direction": "Forward",
                        "Index Name": "date_dim_pkey",
                        "Relation Name": "date_dim",
                        "Schema": "public",
                        "Alias": "d3",
                        "Startup Cost": 0.29,
                        "Total Cost": 4.56,
                        "Plan Rows": 1,
                        "Plan Width": 8,
                        "Output": [
                          "d3.d_date_sk",
                          "d3.d_date_id",
                          "d3.d_date",
                          "d3.d_month_seq",
                          "d3.d_week_seq",
                          "d3.d_quarter_seq",
                          "d3.d_year",
                          "d3.d_dow",
                          "d3.d_moy",
                          "d3.d_dom",
                          "d3.d_qoy",
                          "d3.d_fy_year",
                          "d3.d_fy_quarter_seq",
                          "d3.d_fy_week_seq",
                          "d3.d_day_name",
                          "d3.d_quarter_name",
                          "d3.d_holiday",
                          "d3.d_weekend",
                          "d3.d_following_holiday",
                          "d3.d_first_dom",
                          "d3.d_last_dom",
                          "d3.d_same_day_ly",
                          "d3.d_same_day_lq",
                          "d3.d_current_day",
                          "d3.d_current_week",
                          "d3.d_current_month",
                          "d3.d_current_quarter",
                          "d3.d_current_year"
                        ],
                        "Index Cond": "(d3.d_date_sk = catalog_sales.cs_ship_date_sk)"
                      }
                    ]
                  }
                ]
              }
            ]
          }
        ]
      }
    }
  ],
  "original_sql": "select  i_item_desc\n      ,w_warehouse_name\n      ,d1.d_week_seq\n      ,sum(case when p_promo_sk is null then 1 else 0 end) no_promo\n      ,sum(case when p_promo_sk is not null then 1 else 0 end) promo\n      ,count(*) total_cnt\nfrom catalog_sales\njoin inventory on (cs_item_sk = inv_item_sk)\njoin warehouse on (w_warehouse_sk=inv_warehouse_sk)\njoin item on (i_item_sk = cs_item_sk)\njoin customer_demographics on (cs_bill_cdemo_sk = cd_demo_sk)\njoin household_demographics on (cs_bill_hdemo_sk = hd_demo_sk)\njoin date_dim d1 on (cs_sold_date_sk = d1.d_date_sk)\njoin date_dim d2 on (inv_date_sk = d2.d_date_sk)\njoin date_dim d3 on (cs_ship_date_sk = d3.d_date_sk)\nleft outer join promotion on (cs_promo_sk=p_promo_sk)\nleft outer join catalog_returns on (cr_item_sk = cs_item_sk and cr_order_number = cs_order_number)\nwhere d1.d_week_seq = d2.d_week_seq\n  and inv_quantity_on_hand < cs_quantity\n  and d3.d_date > d1.d_date + interval '3 day'\n  and hd_buy_potential = '>10000'\n  and d1.d_year = 1998\n  and cd_marital_status = 'U'\n  and cd_dep_count between 9 and 11\n  and i_category IN ('Children', 'Jewelry', 'Men')\n  and cs_wholesale_cost BETWEEN 35 AND 55\ngroup by i_item_desc,w_warehouse_name,d1.d_week_seq\norder by total_cnt desc, i_item_desc, w_warehouse_name, d_week_seq\nlimit 100"
}