{
  "query_id": "query087_multi_s2",
  "engine": "postgresql",
  "benchmark": "dsb_156",
  "scale_factor": 10,
  "execution_time_ms": null,
  "planning_time_ms": 1.781978999133571,
  "plan_json": [
    {
      "Plan": {
        "Node Type": "Aggregate",
        "Strategy": "Plain",
        "Partial Mode": "Simple",
        "Parallel Aware": false,
        "Async Capable": false,
        "Startup Cost": 541640.13,
        "Total Cost": 541640.14,
        "Plan Rows": 1,
        "Plan Width": 8,
        "Output": [
          "count(*)"
        ],
        "Plans": [
          {
            "Node Type": "Subquery Scan",
            "Parent Relationship": "Outer",
            "Parallel Aware": false,
            "Async Capable": false,
            "Alias": "cool_cust",
            "Startup Cost": 233240.72,
            "Total Cost": 541639.88,
            "Plan Rows": 99,
            "Plan Width": 0,
            "Output": [
              "cool_cust.c_last_name",
              "cool_cust.c_first_name",
              "cool_cust.d_date"
            ],
            "Plans": [
              {
                "Node Type": "SetOp",
                "Strategy": "Hashed",
                "Parent Relationship": "Subquery",
                "Parallel Aware": false,
                "Async Capable": false,
                "Command": "Except",
                "Startup Cost": 233240.72,
                "Total Cost": 541638.89,
                "Plan Rows": 99,
                "Plan Width": 216,
                "Output": [
                  "\"*SELECT* 1\".c_last_name",
                  "\"*SELECT* 1\".c_first_name",
                  "\"*SELECT* 1\".d_date",
                  "(0)"
                ],
                "Plans": [
                  {
                    "Node Type": "Append",
                    "Parent Relationship": "Outer",
                    "Parallel Aware": false,
                    "Async Capable": false,
                    "Startup Cost": 233240.72,
                    "Total Cost": 541637.99,
                    "Plan Rows": 120,
                    "Plan Width": 216,
                    "Subplans Removed": 0,
                    "Plans": [
                      {
                        "Node Type": "Result",
                        "Parent Relationship": "Member",
                        "Parallel Aware": false,
                        "Async Capable": false,
                        "Startup Cost": 233240.72,
                        "Total Cost": 434425.54,
                        "Plan Rows": 99,
                        "Plan Width": 216,
                        "Output": [
                          "\"*SELECT* 1\".c_last_name",
                          "\"*SELECT* 1\".c_first_name",
                          "\"*SELECT* 1\".d_date",
                          "0"
                        ],
                        "Plans": [
                          {
                            "Node Type": "SetOp",
                            "Strategy": "Hashed",
                            "Parent Relationship": "Outer",
                            "Parallel Aware": false,
                            "Async Capable": false,
                            "Command": "Except",
                            "Startup Cost": 233240.72,
                            "Total Cost": 434424.55,
                            "Plan Rows": 99,
                            "Plan Width": 216,
                            "Output": [
                              "\"*SELECT* 1\".c_last_name",
                              "\"*SELECT* 1\".c_first_name",
                              "\"*SELECT* 1\".d_date",
                              "(0)"
                            ],
                            "Plans": [
                              {
                                "Node Type": "Append",
                                "Parent Relationship": "Outer",
                                "Parallel Aware": false,
                                "Async Capable": false,
                                "Startup Cost": 233240.72,
                                "Total Cost": 434423.68,
                                "Plan Rows": 116,
                                "Plan Width": 216,
                                "Subplans Removed": 0,
                                "Plans": [
                                  {
                                    "Node Type": "Subquery Scan",
                                    "Parent Relationship": "Member",
                                    "Parallel Aware": false,
                                    "Async Capable": false,
                                    "Alias": "*SELECT* 1",
                                    "Startup Cost": 233240.72,
                                    "Total Cost": 233253.74,
                                    "Plan Rows": 99,
                                    "Plan Width": 60,
                                    "Output": [
                                      "\"*SELECT* 1\".c_last_name",
                                      "\"*SELECT* 1\".c_first_name",
                                      "\"*SELECT* 1\".d_date",
                                      "0"
                                    ],
                                    "Plans": [
                                      {
                                        "Node Type": "Unique",
                                        "Parent Relationship": "Subquery",
                                        "Parallel Aware": false,
                                        "Async Capable": false,
                                        "Startup Cost": 233240.72,
                                        "Total Cost": 233252.75,
                                        "Plan Rows": 99,
                                        "Plan Width": 56,
                                        "Output": [
                                          "customer.c_last_name",
                                          "customer.c_first_name",
                                          "date_dim.d_date"
                                        ],
                                        "Plans": [
                                          {
                                            "Node Type": "Gather Merge",
                                            "Parent Relationship": "Outer",
                                            "Parallel Aware": false,
                                            "Async Capable": false,
                                            "Startup Cost": 233240.72,
                                            "Total Cost": 233252.01,
                                            "Plan Rows": 99,
                                            "Plan Width": 56,
                                            "Output": [
                                              "customer.c_last_name",
                                              "customer.c_first_name",
                                              "date_dim.d_date"
                                            ],
                                            "Workers Planned": 1,
                                            "Plans": [
                                              {
                                                "Node Type": "Sort",
                                                "Parent Relationship": "Outer",
                                                "Parallel Aware": false,
                                                "Async Capable": false,
                                                "Startup Cost": 232240.71,
                                                "Total Cost": 232240.86,
                                                "Plan Rows": 58,
                                                "Plan Width": 56,
                                                "Output": [
                                                  "customer.c_last_name",
                                                  "customer.c_first_name",
                                                  "date_dim.d_date"
                                                ],
                                                "Sort Key": [
                                                  "customer.c_last_name",
                                                  "customer.c_first_name",
                                                  "date_dim.d_date"
                                                ],
                                                "Plans": [
                                                  {
                                                    "Node Type": "Nested Loop",
                                                    "Parent Relationship": "Outer",
                                                    "Parallel Aware": false,
                                                    "Async Capable": false,
                                                    "Join Type": "Inner",
                                                    "Startup Cost": 0.98,
                                                    "Total Cost": 232239.01,
                                                    "Plan Rows": 58,
                                                    "Plan Width": 56,
                                                    "Output": [
                                                      "customer.c_last_name",
                                                      "customer.c_first_name",
                                                      "date_dim.d_date"
                                                    ],
                                                    "Inner Unique": true,
                                                    "Plans": [
                                                      {
                                                        "Node Type": "Nested Loop",
                                                        "Parent Relationship": "Outer",
                                                        "Parallel Aware": false,
                                                        "Async Capable": false,
                                                        "Join Type": "Inner",
                                                        "Startup Cost": 0.56,
                                                        "Total Cost": 231821.58,
                                                        "Plan Rows": 481,
                                                        "Plan Width": 8,
                                                        "Output": [
                                                          "store_sales.ss_customer_sk",
                                                          "date_dim.d_date"
                                                        ],
                                                        "Inner Unique": false,
                                                        "Plans": [
                                                          {
                                                            "Node Type": "Seq Scan",
                                                            "Parent Relationship": "Outer",
                                                            "Parallel Aware": true,
                                                            "Async Capable": false,
                                                            "Relation Name": "date_dim",
                                                            "Schema": "public",
                                                            "Alias": "date_dim",
                                                            "Startup Cost": 0.0,
                                                            "Total Cost": 2049.55,
                                                            "Plan Rows": 222,
                                                            "Plan Width": 8,
                                                            "Output": [
                                                              "date_dim.d_date_sk",
                                                              "date_dim.d_date_id",
                                                              "date_dim.d_date",
                                                              "date_dim.d_month_seq",
                                                              "date_dim.d_week_seq",
                                                              "date_dim.d_quarter_seq",
                                                              "date_dim.d_year",
                                                              "date_dim.d_dow",
                                                              "date_dim.d_moy",
                                                              "date_dim.d_dom",
                                                              "date_dim.d_qoy",
                                                              "date_dim.d_fy_year",
                                                              "date_dim.d_fy_quarter_seq",
                                                              "date_dim.d_fy_week_seq",
                                                              "date_dim.d_day_name",
                                                              "date_dim.d_quarter_name",
                                                              "date_dim.d_holiday",
                                                              "date_dim.d_weekend",
                                                              "date_dim.d_following_holiday",
                                                              "date_dim.d_first_dom",
                                                              "date_dim.d_last_dom",
                                                              "date_dim.d_same_day_ly",
                                                              "date_dim.d_same_day_lq",
                                                              "date_dim.d_current_day",
                                                              "date_dim.d_current_week",
                                                              "date_dim.d_current_month",
                                                              "date_dim.d_current_quarter",
                                                              "date_dim.d_current_year"
                                                            ],
                                                            "Filter": "((date_dim.d_month_seq >= 1213) AND (date_dim.d_month_seq <= 1224))"
                                                          },
                                                          {
                                                            "Node Type": "Index Only Scan",
                                                            "Parent Relationship": "Inner",
                                                            "Parallel Aware": false,
                                                            "Async Capable": false,
                                                            "Scan Direction": "Forward",
                                                            "Index Name": "_dta_index_store_sales_6_1333579789__k1_k23_k14_k6_k8_k5_k7_3_4",
                                                            "Relation Name": "store_sales",
                                                            "Schema": "public",
                                                            "Alias": "store_sales",
                                                            "Startup Cost": 0.56,
                                                            "Total Cost": 1034.24,
                                                            "Plan Rows": 77,
                                                            "Plan Width": 8,
                                                            "Output": [
                                                              "store_sales.ss_sold_date_sk",
                                                              "store_sales.ss_net_profit",
                                                              "store_sales.ss_sales_price",
                                                              "store_sales.ss_hdemo_sk",
                                                              "store_sales.ss_store_sk",
                                                              "store_sales.ss_cdemo_sk",
                                                              "store_sales.ss_addr_sk",
                                                              "store_sales.ss_item_sk",
                                                              "store_sales.ss_customer_sk",
                                                              "store_sales.ss_promo_sk",
                                                              "store_sales.ss_ticket_number",
                                                              "store_sales.ss_quantity",
                                                              "store_sales.ss_wholesale_cost",
                                                              "store_sales.ss_list_price",
                                                              "store_sales.ss_ext_sales_price",
                                                              "store_sales.ss_ext_wholesale_cost",
                                                              "store_sales.ss_coupon_amt"
                                                            ],
                                                            "Index Cond": "(store_sales.ss_sold_date_sk = date_dim.d_date_sk)",
                                                            "Filter": "((store_sales.ss_list_price >= '168'::numeric) AND (store_sales.ss_list_price <= '197'::numeric) AND (store_sales.ss_wholesale_cost >= '76'::numeric) AND (store_sales.ss_wholesale_cost <= '86'::numeric))"
                                                          }
                                                        ]
                                                      },
                                                      {
                                                        "Node Type": "Index Scan",
                                                        "Parent Relationship": "Inner",
                                                        "Parallel Aware": false,
                                                        "Async Capable": false,
                                                        "Scan Direction": "Forward",
                                                        "Index Name": "_dta_index_customer_6_949578421__k1_k5",
                                                        "Relation Name": "customer",
                                                        "Schema": "public",
                                                        "Alias": "customer",
                                                        "Startup Cost": 0.42,
                                                        "Total Cost": 0.87,
                                                        "Plan Rows": 1,
                                                        "Plan Width": 56,
                                                        "Output": [
                                                          "customer.c_customer_sk",
                                                          "customer.c_customer_id",
                                                          "customer.c_current_cdemo_sk",
                                                          "customer.c_current_hdemo_sk",
                                                          "customer.c_current_addr_sk",
                                                          "customer.c_first_shipto_date_sk",
                                                          "customer.c_first_sales_date_sk",
                                                          "customer.c_salutation",
                                                          "customer.c_first_name",
                                                          "customer.c_last_name",
                                                          "customer.c_preferred_cust_flag",
                                                          "customer.c_birth_day",
                                                          "customer.c_birth_month",
                                                          "customer.c_birth_year",
                                                          "customer.c_birth_country",
                                                          "customer.c_login",
                                                          "customer.c_email_address",
                                                          "customer.c_last_review_date_sk"
                                                        ],
                                                        "Index Cond": "(customer.c_customer_sk = store_sales.ss_customer_sk)",
                                                        "Filter": "((customer.c_birth_year >= 1968) AND (customer.c_birth_year <= 1974))"
                                                      }
                                                    ]
                                                  }
                                                ]
                                              }
                                            ]
                                          }
                                        ]
                                      }
                                    ]
                                  },
                                  {
                                    "Node Type": "Subquery Scan",
                                    "Parent Relationship": "Member",
                                    "Parallel Aware": false,
                                    "Async Capable": false,
                                    "Alias": "*SELECT* 2",
                                    "Startup Cost": 201169.02,
                                    "Total Cost": 201169.36,
                                    "Plan Rows": 17,
                                    "Plan Width": 60,
                                    "Output": [
                                      "\"*SELECT* 2\".c_last_name",
                                      "\"*SELECT* 2\".c_first_name",
                                      "\"*SELECT* 2\".d_date",
                                      "1"
                                    ],
                                    "Plans": [
                                      {
                                        "Node Type": "Unique",
                                        "Parent Relationship": "Subquery",
                                        "Parallel Aware": false,
                                        "Async Capable": false,
                                        "Startup Cost": 201169.02,
                                        "Total Cost": 201169.19,
                                        "Plan Rows": 17,
                                        "Plan Width": 56,
                                        "Output": [
                                          "customer_1.c_last_name",
                                          "customer_1.c_first_name",
                                          "date_dim_1.d_date"
                                        ],
                                        "Plans": [
                                          {
                                            "Node Type": "Sort",
                                            "Parent Relationship": "Outer",
                                            "Parallel Aware": false,
                                            "Async Capable": false,
                                            "Startup Cost": 201169.02,
                                            "Total Cost": 201169.06,
                                            "Plan Rows": 17,
                                            "Plan Width": 56,
                                            "Output": [
                                              "customer_1.c_last_name",
                                              "customer_1.c_first_name",
                                              "date_dim_1.d_date"
                                            ],
                                            "Sort Key": [
                                              "customer_1.c_last_name",
                                              "customer_1.c_first_name",
                                              "date_dim_1.d_date"
                                            ],
                                            "Plans": [
                                              {
                                                "Node Type": "Gather",
                                                "Parent Relationship": "Outer",
                                                "Parallel Aware": false,
                                                "Async Capable": false,
                                                "Startup Cost": 1000.86,
                                                "Total Cost": 201168.67,
                                                "Plan Rows": 17,
                                                "Plan Width": 56,
                                                "Output": [
                                                  "customer_1.c_last_name",
                                                  "customer_1.c_first_name",
                                                  "date_dim_1.d_date"
                                                ],
                                                "Workers Planned": 1,
                                                "Single Copy": false,
                                                "Plans": [
                                                  {
                                                    "Node Type": "Nested Loop",
                                                    "Parent Relationship": "Outer",
                                                    "Parallel Aware": false,
                                                    "Async Capable": false,
                                                    "Join Type": "Inner",
                                                    "Startup Cost": 0.86,
                                                    "Total Cost": 200166.97,
                                                    "Plan Rows": 10,
                                                    "Plan Width": 56,
                                                    "Output": [
                                                      "customer_1.c_last_name",
                                                      "customer_1.c_first_name",
                                                      "date_dim_1.d_date"
                                                    ],
                                                    "Inner Unique": true,
                                                    "Plans": [
                                                      {
                                                        "Node Type": "Nested Loop",
                                                        "Parent Relationship": "Outer",
                                                        "Parallel Aware": false,
                                                        "Async Capable": false,
                                                        "Join Type": "Inner",
                                                        "Startup Cost": 0.43,
                                                        "Total Cost": 199951.39,
                                                        "Plan Rows": 80,
                                                        "Plan Width": 8,
                                                        "Output": [
                                                          "catalog_sales.cs_bill_customer_sk",
                                                          "date_dim_1.d_date"
                                                        ],
                                                        "Inner Unique": false,
                                                        "Plans": [
                                                          {
                                                            "Node Type": "Seq Scan",
                                                            "Parent Relationship": "Outer",
                                                            "Parallel Aware": true,
                                                            "Async Capable": false,
                                                            "Relation Name": "date_dim",
                                                            "Schema": "public",
                                                            "Alias": "date_dim_1",
                                                            "Startup Cost": 0.0,
                                                            "Total Cost": 2049.55,
                                                            "Plan Rows": 222,
                                                            "Plan Width": 8,
                                                            "Output": [
                                                              "date_dim_1.d_date_sk",
                                                              "date_dim_1.d_date_id",
                                                              "date_dim_1.d_date",
                                                              "date_dim_1.d_month_seq",
                                                              "date_dim_1.d_week_seq",
                                                              "date_dim_1.d_quarter_seq",
                                                              "date_dim_1.d_year",
                                                              "date_dim_1.d_dow",
                                                              "date_dim_1.d_moy",
                                                              "date_dim_1.d_dom",
                                                              "date_dim_1.d_qoy",
                                                              "date_dim_1.d_fy_year",
                                                              "date_dim_1.d_fy_quarter_seq",
                                                              "date_dim_1.d_fy_week_seq",
                                                              "date_dim_1.d_day_name",
                                                              "date_dim_1.d_quarter_name",
                                                              "date_dim_1.d_holiday",
                                                              "date_dim_1.d_weekend",
                                                              "date_dim_1.d_following_holiday",
                                                              "date_dim_1.d_first_dom",
                                                              "date_dim_1.d_last_dom",
                                                              "date_dim_1.d_same_day_ly",
                                                              "date_dim_1.d_same_day_lq",
                                                              "date_dim_1.d_current_day",
                                                              "date_dim_1.d_current_week",
                                                              "date_dim_1.d_current_month",
                                                              "date_dim_1.d_current_quarter",
                                                              "date_dim_1.d_current_year"
                                                            ],
                                                            "Filter": "((date_dim_1.d_month_seq >= 1213) AND (date_dim_1.d_month_seq <= 1224))"
                                                          },
                                                          {
                                                            "Node Type": "Index Scan",
                                                            "Parent Relationship": "Inner",
                                                            "Parallel Aware": false,
                                                            "Async Capable": false,
                                                            "Scan Direction": "Forward",
                                                            "Index Name": "_dta_index_catalog_sales_6_1301579675__k1_4",
                                                            "Relation Name": "catalog_sales",
                                                            "Schema": "public",
                                                            "Alias": "catalog_sales",
                                                            "Startup Cost": 0.43,
                                                            "Total Cost": 891.33,
                                                            "Plan Rows": 12,
                                                            "Plan Width": 8,
                                                            "Output": [
                                                              "catalog_sales.cs_sold_date_sk",
                                                              "catalog_sales.cs_sold_time_sk",
                                                              "catalog_sales.cs_ship_date_sk",
                                                              "catalog_sales.cs_bill_customer_sk",
                                                              "catalog_sales.cs_bill_cdemo_sk",
                                                              "catalog_sales.cs_bill_hdemo_sk",
                                                              "catalog_sales.cs_bill_addr_sk",
                                                              "catalog_sales.cs_ship_customer_sk",
                                                              "catalog_sales.cs_ship_cdemo_sk",
                                                              "catalog_sales.cs_ship_hdemo_sk",
                                                              "catalog_sales.cs_ship_addr_sk",
                                                              "catalog_sales.cs_call_center_sk",
                                                              "catalog_sales.cs_catalog_page_sk",
                                                              "catalog_sales.cs_ship_mode_sk",
                                                              "catalog_sales.cs_warehouse_sk",
                                                              "catalog_sales.cs_item_sk",
                                                              "catalog_sales.cs_promo_sk",
                                                              "catalog_sales.cs_order_number",
                                                              "catalog_sales.cs_quantity",
                                                              "catalog_sales.cs_wholesale_cost",
                                                              "catalog_sales.cs_list_price",
                                                              "catalog_sales.cs_sales_price",
                                                              "catalog_sales.cs_ext_discount_amt",
                                                              "catalog_sales.cs_ext_sales_price",
                                                              "catalog_sales.cs_ext_wholesale_cost",
                                                              "catalog_sales.cs_ext_list_price",
                                                              "catalog_sales.cs_ext_tax",
                                                              "catalog_sales.cs_coupon_amt",
                                                              "catalog_sales.cs_ext_ship_cost",
                                                              "catalog_sales.cs_net_paid",
                                                              "catalog_sales.cs_net_paid_inc_tax",
                                                              "catalog_sales.cs_net_paid_inc_ship",
                                                              "catalog_sales.cs_net_paid_inc_ship_tax",
                                                              "catalog_sales.cs_net_profit"
                                                            ],
                                                            "Index Cond": "(catalog_sales.cs_sold_date_sk = date_dim_1.d_date_sk)",
                                                            "Filter": "((catalog_sales.cs_list_price >= '168'::numeric) AND (catalog_sales.cs_list_price <= '197'::numeric) AND (catalog_sales.cs_wholesale_cost >= '76'::numeric) AND (catalog_sales.cs_wholesale_cost <= '86'::numeric))"
                                                          }
                                                        ]
                                                      },
                                                      {
                                                        "Node Type": "Index Scan",
                                                        "Parent Relationship": "Inner",
                                                        "Parallel Aware": false,
                                                        "Async Capable": false,
                                                        "Scan Direction": "Forward",
                                                        "Index Name": "_dta_index_customer_6_949578421__k1_k5",
                                                        "Relation Name": "customer",
                                                        "Schema": "public",
                                                        "Alias": "customer_1",
                                                        "Startup Cost": 0.42,
                                                        "Total Cost": 2.69,
                                                        "Plan Rows": 1,
                                                        "Plan Width": 56,
                                                        "Output": [
                                                          "customer_1.c_customer_sk",
                                                          "customer_1.c_customer_id",
                                                          "customer_1.c_current_cdemo_sk",
                                                          "customer_1.c_current_hdemo_sk",
                                                          "customer_1.c_current_addr_sk",
                                                          "customer_1.c_first_shipto_date_sk",
                                                          "customer_1.c_first_sales_date_sk",
                                                          "customer_1.c_salutation",
                                                          "customer_1.c_first_name",
                                                          "customer_1.c_last_name",
                                                          "customer_1.c_preferred_cust_flag",
                                                          "customer_1.c_birth_day",
                                                          "customer_1.c_birth_month",
                                                          "customer_1.c_birth_year",
                                                          "customer_1.c_birth_country",
                                                          "customer_1.c_login",
                                                          "customer_1.c_email_address",
                                                          "customer_1.c_last_review_date_sk"
                                                        ],
                                                        "Index Cond": "(customer_1.c_customer_sk = catalog_sales.cs_bill_customer_sk)",
                                                        "Filter": "((customer_1.c_birth_year >= 1968) AND (customer_1.c_birth_year <= 1974))"
                                                      }
                                                    ]
                                                  }
                                                ]
                                              }
                                            ]
                                          }
                                        ]
                                      }
                                    ]
                                  }
                                ]
                              }
                            ]
                          }
                        ]
                      },
                      {
                        "Node Type": "Subquery Scan",
                        "Parent Relationship": "Member",
                        "Parallel Aware": false,
                        "Async Capable": false,
                        "Alias": "*SELECT* 3",
                        "Startup Cost": 107211.43,
                        "Total Cost": 107211.85,
                        "Plan Rows": 21,
                        "Plan Width": 60,
                        "Output": [
                          "\"*SELECT* 3\".c_last_name",
                          "\"*SELECT* 3\".c_first_name",
                          "\"*SELECT* 3\".d_date",
                          "1"
                        ],
                        "Plans": [
                          {
                            "Node Type": "Unique",
                            "Parent Relationship": "Subquery",
                            "Parallel Aware": false,
                            "Async Capable": false,
                            "Startup Cost": 107211.43,
                            "Total Cost": 107211.64,
                            "Plan Rows": 21,
                            "Plan Width": 56,
                            "Output": [
                              "customer_2.c_last_name",
                              "customer_2.c_first_name",
                              "date_dim_2.d_date"
                            ],
                            "Plans": [
                              {
                                "Node Type": "Sort",
                                "Parent Relationship": "Outer",
                                "Parallel Aware": false,
                                "Async Capable": false,
                                "Startup Cost": 107211.43,
                                "Total Cost": 107211.48,
                                "Plan Rows": 21,
                                "Plan Width": 56,
                                "Output": [
                                  "customer_2.c_last_name",
                                  "customer_2.c_first_name",
                                  "date_dim_2.d_date"
                                ],
                                "Sort Key": [
                                  "customer_2.c_last_name",
                                  "customer_2.c_first_name",
                                  "date_dim_2.d_date"
                                ],
                                "Plans": [
                                  {
                                    "Node Type": "Gather",
                                    "Parent Relationship": "Outer",
                                    "Parallel Aware": false,
                                    "Async Capable": false,
                                    "Startup Cost": 1000.86,
                                    "Total Cost": 107210.97,
                                    "Plan Rows": 21,
                                    "Plan Width": 56,
                                    "Output": [
                                      "customer_2.c_last_name",
                                      "customer_2.c_first_name",
                                      "date_dim_2.d_date"
                                    ],
                                    "Workers Planned": 1,
                                    "Single Copy": false,
                                    "Plans": [
                                      {
                                        "Node Type": "Nested Loop",
                                        "Parent Relationship": "Outer",
                                        "Parallel Aware": false,
                                        "Async Capable": false,
                                        "Join Type": "Inner",
                                        "Startup Cost": 0.85,
                                        "Total Cost": 106208.87,
                                        "Plan Rows": 12,
                                        "Plan Width": 56,
                                        "Output": [
                                          "customer_2.c_last_name",
                                          "customer_2.c_first_name",
                                          "date_dim_2.d_date"
                                        ],
                                        "Inner Unique": true,
                                        "Plans": [
                                          {
                                            "Node Type": "Nested Loop",
                                            "Parent Relationship": "Outer",
                                            "Parallel Aware": false,
                                            "Async Capable": false,
                                            "Join Type": "Inner",
                                            "Startup Cost": 0.43,
                                            "Total Cost": 105981.02,
                                            "Plan Rows": 98,
                                            "Plan Width": 8,
                                            "Output": [
                                              "web_sales.ws_bill_customer_sk",
                                              "date_dim_2.d_date"
                                            ],
                                            "Inner Unique": false,
                                            "Plans": [
                                              {
                                                "Node Type": "Seq Scan",
                                                "Parent Relationship": "Outer",
                                                "Parallel Aware": true,
                                                "Async Capable": false,
                                                "Relation Name": "date_dim",
                                                "Schema": "public",
                                                "Alias": "date_dim_2",
                                                "Startup Cost": 0.0,
                                                "Total Cost": 2049.55,
                                                "Plan Rows": 222,
                                                "Plan Width": 8,
                                                "Output": [
                                                  "date_dim_2.d_date_sk",
                                                  "date_dim_2.d_date_id",
                                                  "date_dim_2.d_date",
                                                  "date_dim_2.d_month_seq",
                                                  "date_dim_2.d_week_seq",
                                                  "date_dim_2.d_quarter_seq",
                                                  "date_dim_2.d_year",
                                                  "date_dim_2.d_dow",
                                                  "date_dim_2.d_moy",
                                                  "date_dim_2.d_dom",
                                                  "date_dim_2.d_qoy",
                                                  "date_dim_2.d_fy_year",
                                                  "date_dim_2.d_fy_quarter_seq",
                                                  "date_dim_2.d_fy_week_seq",
                                                  "date_dim_2.d_day_name",
                                                  "date_dim_2.d_quarter_name",
                                                  "date_dim_2.d_holiday",
                                                  "date_dim_2.d_weekend",
                                                  "date_dim_2.d_following_holiday",
                                                  "date_dim_2.d_first_dom",
                                                  "date_dim_2.d_last_dom",
                                                  "date_dim_2.d_same_day_ly",
                                                  "date_dim_2.d_same_day_lq",
                                                  "date_dim_2.d_current_day",
                                                  "date_dim_2.d_current_week",
                                                  "date_dim_2.d_current_month",
                                                  "date_dim_2.d_current_quarter",
                                                  "date_dim_2.d_current_year"
                                                ],
                                                "Filter": "((date_dim_2.d_month_seq >= 1213) AND (date_dim_2.d_month_seq <= 1224))"
                                              },
                                              {
                                                "Node Type": "Index Scan",
                                                "Parent Relationship": "Inner",
                                                "Parallel Aware": false,
                                                "Async Capable": false,
                                                "Scan Direction": "Forward",
                                                "Index Name": "_dta_index_web_sales_6_1269579561__k1_8_24",
                                                "Relation Name": "web_sales",
                                                "Schema": "public",
                                                "Alias": "web_sales",
                                                "Startup Cost": 0.43,
                                                "Total Cost": 468.01,
                                                "Plan Rows": 15,
                                                "Plan Width": 8,
                                                "Output": [
                                                  "web_sales.ws_sold_date_sk",
                                                  "web_sales.ws_sold_time_sk",
                                                  "web_sales.ws_ship_date_sk",
                                                  "web_sales.ws_item_sk",
                                                  "web_sales.ws_bill_customer_sk",
                                                  "web_sales.ws_bill_cdemo_sk",
                                                  "web_sales.ws_bill_hdemo_sk",
                                                  "web_sales.ws_bill_addr_sk",
                                                  "web_sales.ws_ship_customer_sk",
                                                  "web_sales.ws_ship_cdemo_sk",
                                                  "web_sales.ws_ship_hdemo_sk",
                                                  "web_sales.ws_ship_addr_sk",
                                                  "web_sales.ws_web_page_sk",
                                                  "web_sales.ws_web_site_sk",
                                                  "web_sales.ws_ship_mode_sk",
                                                  "web_sales.ws_warehouse_sk",
                                                  "web_sales.ws_promo_sk",
                                                  "web_sales.ws_order_number",
                                                  "web_sales.ws_quantity",
                                                  "web_sales.ws_wholesale_cost",
                                                  "web_sales.ws_list_price",
                                                  "web_sales.ws_sales_price",
                                                  "web_sales.ws_ext_discount_amt",
                                                  "web_sales.ws_ext_sales_price",
                                                  "web_sales.ws_ext_wholesale_cost",
                                                  "web_sales.ws_ext_list_price",
                                                  "web_sales.ws_ext_tax",
                                                  "web_sales.ws_coupon_amt",
                                                  "web_sales.ws_ext_ship_cost",
                                                  "web_sales.ws_net_paid",
                                                  "web_sales.ws_net_paid_inc_tax",
                                                  "web_sales.ws_net_paid_inc_ship",
                                                  "web_sales.ws_net_paid_inc_ship_tax",
                                                  "web_sales.ws_net_profit"
                                                ],
                                                "Index Cond": "(web_sales.ws_sold_date_sk = date_dim_2.d_date_sk)",
                                                "Filter": "((web_sales.ws_list_price >= '168'::numeric) AND (web_sales.ws_list_price <= '197'::numeric) AND (web_sales.ws_wholesale_cost >= '76'::numeric) AND (web_sales.ws_wholesale_cost <= '86'::numeric))"
                                              }
                                            ]
                                          },
                                          {
                                            "Node Type": "Index Scan",
                                            "Parent Relationship": "Inner",
                                            "Parallel Aware": false,
                                            "Async Capable": false,
                                            "Scan Direction": "Forward",
                                            "Index Name": "_dta_index_customer_6_949578421__k1_k5",
                                            "Relation Name": "customer",
                                            "Schema": "public",
                                            "Alias": "customer_2",
                                            "Startup Cost": 0.42,
                                            "Total Cost": 2.32,
                                            "Plan Rows": 1,
                                            "Plan Width": 56,
                                            "Output": [
                                              "customer_2.c_customer_sk",
                                              "customer_2.c_customer_id",
                                              "customer_2.c_current_cdemo_sk",
                                              "customer_2.c_current_hdemo_sk",
                                              "customer_2.c_current_addr_sk",
                                              "customer_2.c_first_shipto_date_sk",
                                              "customer_2.c_first_sales_date_sk",
                                              "customer_2.c_salutation",
                                              "customer_2.c_first_name",
                                              "customer_2.c_last_name",
                                              "customer_2.c_preferred_cust_flag",
                                              "customer_2.c_birth_day",
                                              "customer_2.c_birth_month",
                                              "customer_2.c_birth_year",
                                              "customer_2.c_birth_country",
                                              "customer_2.c_login",
                                              "customer_2.c_email_address",
                                              "customer_2.c_last_review_date_sk"
                                            ],
                                            "Index Cond": "(customer_2.c_customer_sk = web_sales.ws_bill_customer_sk)",
                                            "Filter": "((customer_2.c_birth_year >= 1968) AND (customer_2.c_birth_year <= 1974))"
                                          }
                                        ]
                                      }
                                    ]
                                  }
                                ]
                              }
                            ]
                          }
                        ]
                      }
                    ]
                  }
                ]
              }
            ]
          }
        ]
      }
    }
  ],
  "original_sql": "select count(*)\nfrom ((select distinct c_last_name, c_first_name, d_date\n       from store_sales, date_dim, customer\n       where store_sales.ss_sold_date_sk = date_dim.d_date_sk\n         and store_sales.ss_customer_sk = customer.c_customer_sk\n         and d_month_seq between 1213 and 1213+11\n         and ss_list_price between 168 and 197\n         and c_birth_year BETWEEN 1968 AND 1974\n         and ss_wholesale_cost BETWEEN 76 AND 86\n         )\n       except\n      (select distinct c_last_name, c_first_name, d_date\n       from catalog_sales, date_dim, customer\n       where catalog_sales.cs_sold_date_sk = date_dim.d_date_sk\n         and catalog_sales.cs_bill_customer_sk = customer.c_customer_sk\n         and d_month_seq between 1213 and 1213+11\n         and cs_list_price between 168 and 197\n         and c_birth_year BETWEEN 1968 AND 1974\n         and cs_wholesale_cost BETWEEN 76 AND 86\n         )\n       except\n      (select distinct c_last_name, c_first_name, d_date\n       from web_sales, date_dim, customer\n       where web_sales.ws_sold_date_sk = date_dim.d_date_sk\n         and web_sales.ws_bill_customer_sk = customer.c_customer_sk\n         and d_month_seq between 1213 and 1213+11\n         and ws_list_price between 168 and 197\n         and c_birth_year BETWEEN 1968 AND 1974\n         and ws_wholesale_cost BETWEEN 76 AND 86\n         )\n) cool_cust"
}