{
  "query_id": "query025_agg_s2",
  "engine": "postgresql",
  "benchmark": "dsb_156",
  "scale_factor": 10,
  "execution_time_ms": null,
  "planning_time_ms": 50.73298299976159,
  "plan_json": [
    {
      "Plan": {
        "Node Type": "Limit",
        "Parallel Aware": false,
        "Async Capable": false,
        "Startup Cost": 18213.67,
        "Total Cost": 18215.9,
        "Plan Rows": 1,
        "Plan Width": 237,
        "Output": [
          "item.i_item_id",
          "item.i_item_desc",
          "store.s_store_id",
          "store.s_store_name",
          "(stddev_samp(store_sales.ss_net_profit))",
          "(stddev_samp(store_returns.sr_net_loss))",
          "(stddev_samp(catalog_sales.cs_net_profit))"
        ],
        "Plans": [
          {
            "Node Type": "Aggregate",
            "Strategy": "Sorted",
            "Partial Mode": "Simple",
            "Parent Relationship": "Outer",
            "Parallel Aware": false,
            "Async Capable": false,
            "Startup Cost": 18213.67,
            "Total Cost": 18215.9,
            "Plan Rows": 1,
            "Plan Width": 237,
            "Output": [
              "item.i_item_id",
              "item.i_item_desc",
              "store.s_store_id",
              "store.s_store_name",
              "stddev_samp(store_sales.ss_net_profit)",
              "stddev_samp(store_returns.sr_net_loss)",
              "stddev_samp(catalog_sales.cs_net_profit)"
            ],
            "Group Key": [
              "item.i_item_id",
              "item.i_item_desc",
              "store.s_store_id",
              "store.s_store_name"
            ],
            "Plans": [
              {
                "Node Type": "Nested Loop",
                "Parent Relationship": "Outer",
                "Parallel Aware": false,
                "Async Capable": false,
                "Join Type": "Inner",
                "Startup Cost": 18213.67,
                "Total Cost": 18215.86,
                "Plan Rows": 1,
                "Plan Width": 159,
                "Output": [
                  "item.i_item_id",
                  "item.i_item_desc",
                  "store.s_store_id",
                  "store.s_store_name",
                  "store_sales.ss_net_profit",
                  "store_returns.sr_net_loss",
                  "catalog_sales.cs_net_profit"
                ],
                "Inner Unique": true,
                "Plans": [
                  {
                    "Node Type": "Gather Merge",
                    "Parent Relationship": "Outer",
                    "Parallel Aware": false,
                    "Async Capable": false,
                    "Startup Cost": 18213.38,
                    "Total Cost": 18213.5,
                    "Plan Rows": 1,
                    "Plan Width": 163,
                    "Output": [
                      "store_sales.ss_net_profit",
                      "store_sales.ss_sold_date_sk",
                      "store_returns.sr_net_loss",
                      "catalog_sales.cs_net_profit",
                      "store.s_store_id",
                      "store.s_store_name",
                      "item.i_item_id",
                      "item.i_item_desc"
                    ],
                    "Workers Planned": 2,
                    "Plans": [
                      {
                        "Node Type": "Sort",
                        "Parent Relationship": "Outer",
                        "Parallel Aware": false,
                        "Async Capable": false,
                        "Startup Cost": 17213.35,
                        "Total Cost": 17213.36,
                        "Plan Rows": 1,
                        "Plan Width": 163,
                        "Output": [
                          "store_sales.ss_net_profit",
                          "store_sales.ss_sold_date_sk",
                          "store_returns.sr_net_loss",
                          "catalog_sales.cs_net_profit",
                          "store.s_store_id",
                          "store.s_store_name",
                          "item.i_item_id",
                          "item.i_item_desc"
                        ],
                        "Sort Key": [
                          "item.i_item_id",
                          "item.i_item_desc",
                          "store.s_store_id",
                          "store.s_store_name"
                        ],
                        "Plans": [
                          {
                            "Node Type": "Nested Loop",
                            "Parent Relationship": "Outer",
                            "Parallel Aware": false,
                            "Async Capable": false,
                            "Join Type": "Inner",
                            "Startup Cost": 9.85,
                            "Total Cost": 17213.34,
                            "Plan Rows": 1,
                            "Plan Width": 163,
                            "Output": [
                              "store_sales.ss_net_profit",
                              "store_sales.ss_sold_date_sk",
                              "store_returns.sr_net_loss",
                              "catalog_sales.cs_net_profit",
                              "store.s_store_id",
                              "store.s_store_name",
                              "item.i_item_id",
                              "item.i_item_desc"
                            ],
                            "Inner Unique": true,
                            "Plans": [
                              {
                                "Node Type": "Nested Loop",
                                "Parent Relationship": "Outer",
                                "Parallel Aware": false,
                                "Async Capable": false,
                                "Join Type": "Inner",
                                "Startup Cost": 9.43,
                                "Total Cost": 17210.98,
                                "Plan Rows": 1,
                                "Plan Width": 55,
                                "Output": [
                                  "store_sales.ss_net_profit",
                                  "store_sales.ss_sold_date_sk",
                                  "store_sales.ss_item_sk",
                                  "store_returns.sr_net_loss",
                                  "store_returns.sr_item_sk",
                                  "catalog_sales.cs_net_profit",
                                  "catalog_sales.cs_item_sk",
                                  "store.s_store_id",
                                  "store.s_store_name"
                                ],
                                "Inner Unique": true,
                                "Plans": [
                                  {
                                    "Node Type": "Nested Loop",
                                    "Parent Relationship": "Outer",
                                    "Parallel Aware": false,
                                    "Async Capable": false,
                                    "Join Type": "Inner",
                                    "Startup Cost": 9.29,
                                    "Total Cost": 17209.19,
                                    "Plan Rows": 1,
                                    "Plan Width": 38,
                                    "Output": [
                                      "store_sales.ss_net_profit",
                                      "store_sales.ss_sold_date_sk",
                                      "store_sales.ss_item_sk",
                                      "store_sales.ss_store_sk",
                                      "store_returns.sr_net_loss",
                                      "store_returns.sr_item_sk",
                                      "catalog_sales.cs_net_profit",
                                      "catalog_sales.cs_item_sk"
                                    ],
                                    "Inner Unique": true,
                                    "Plans": [
                                      {
                                        "Node Type": "Hash Join",
                                        "Parent Relationship": "Outer",
                                        "Parallel Aware": false,
                                        "Async Capable": false,
                                        "Join Type": "Inner",
                                        "Startup Cost": 8.85,
                                        "Total Cost": 17204.52,
                                        "Plan Rows": 1,
                                        "Plan Width": 32,
                                        "Output": [
                                          "store_returns.sr_net_loss",
                                          "store_returns.sr_customer_sk",
                                          "store_returns.sr_item_sk",
                                          "store_returns.sr_ticket_number",
                                          "catalog_sales.cs_net_profit",
                                          "catalog_sales.cs_bill_customer_sk",
                                          "catalog_sales.cs_item_sk"
                                        ],
                                        "Inner Unique": true,
                                        "Hash Cond": "(catalog_sales.cs_sold_date_sk = d3.d_date_sk)",
                                        "Plans": [
                                          {
                                            "Node Type": "Nested Loop",
                                            "Parent Relationship": "Outer",
                                            "Parallel Aware": false,
                                            "Async Capable": false,
                                            "Join Type": "Inner",
                                            "Startup Cost": 1.29,
                                            "Total Cost": 17196.92,
                                            "Plan Rows": 12,
                                            "Plan Width": 36,
                                            "Output": [
                                              "store_returns.sr_net_loss",
                                              "store_returns.sr_customer_sk",
                                              "store_returns.sr_item_sk",
                                              "store_returns.sr_ticket_number",
                                              "catalog_sales.cs_net_profit",
                                              "catalog_sales.cs_bill_customer_sk",
                                              "catalog_sales.cs_item_sk",
                                              "catalog_sales.cs_sold_date_sk"
                                            ],
                                            "Inner Unique": false,
                                            "Plans": [
                                              {
                                                "Node Type": "Nested Loop",
                                                "Parent Relationship": "Outer",
                                                "Parallel Aware": false,
                                                "Async Capable": false,
                                                "Join Type": "Inner",
                                                "Startup Cost": 0.72,
                                                "Total Cost": 7705.42,
                                                "Plan Rows": 3570,
                                                "Plan Width": 18,
                                                "Output": [
                                                  "store_returns.sr_net_loss",
                                                  "store_returns.sr_customer_sk",
                                                  "store_returns.sr_item_sk",
                                                  "store_returns.sr_ticket_number"
                                                ],
                                                "Inner Unique": false,
                                                "Plans": [
                                                  {
                                                    "Node Type": "Index Only Scan",
                                                    "Parent Relationship": "Outer",
                                                    "Parallel Aware": true,
                                                    "Async Capable": false,
                                                    "Scan Direction": "Forward",
                                                    "Index Name": "_dta_index_date_dim_6_661577395__k1_k7_k9",
                                                    "Relation Name": "date_dim",
                                                    "Schema": "public",
                                                    "Alias": "d2",
                                                    "Startup Cost": 0.29,
                                                    "Total Cost": 2041.78,
                                                    "Plan Rows": 38,
                                                    "Plan Width": 4,
                                                    "Output": [
                                                      "d2.d_date_sk",
                                                      "d2.d_year",
                                                      "d2.d_moy"
                                                    ],
                                                    "Index Cond": "((d2.d_year = 2000) AND (d2.d_moy >= 2) AND (d2.d_moy <= 4))"
                                                  },
                                                  {
                                                    "Node Type": "Index Only Scan",
                                                    "Parent Relationship": "Inner",
                                                    "Parallel Aware": false,
                                                    "Async Capable": false,
                                                    "Scan Direction": "Forward",
                                                    "Index Name": "_dta_index_store_returns_6_1013578649__k1_3_4_10_20",
                                                    "Relation Name": "store_returns",
                                                    "Schema": "public",
                                                    "Alias": "store_returns",
                                                    "Startup Cost": 0.43,
                                                    "Total Cost": 117.82,
                                                    "Plan Rows": 3122,
                                                    "Plan Width": 22,
                                                    "Output": [
                                                      "store_returns.sr_returned_date_sk",
                                                      "store_returns.sr_item_sk",
                                                      "store_returns.sr_customer_sk",
                                                      "store_returns.sr_ticket_number",
                                                      "store_returns.sr_net_loss"
                                                    ],
                                                    "Index Cond": "(store_returns.sr_returned_date_sk = d2.d_date_sk)"
                                                  }
                                                ]
                                              },
                                              {
                                                "Node Type": "Index Only Scan",
                                                "Parent Relationship": "Inner",
                                                "Parallel Aware": false,
                                                "Async Capable": false,
                                                "Scan Direction": "Forward",
                                                "Index Name": "_dta_index_catalog_sales_6_1301579675__k16_k4_k1_34",
                                                "Relation Name": "catalog_sales",
                                                "Schema": "public",
                                                "Alias": "catalog_sales",
                                                "Startup Cost": 0.56,
                                                "Total Cost": 2.65,
                                                "Plan Rows": 1,
                                                "Plan Width": 18,
                                                "Output": [
                                                  "catalog_sales.cs_item_sk",
                                                  "catalog_sales.cs_bill_customer_sk",
                                                  "catalog_sales.cs_sold_date_sk",
                                                  "catalog_sales.cs_net_profit"
                                                ],
                                                "Index Cond": "((catalog_sales.cs_item_sk = store_returns.sr_item_sk) AND (catalog_sales.cs_bill_customer_sk = store_returns.sr_customer_sk))"
                                              }
                                            ]
                                          },
                                          {
                                            "Node Type": "Hash",
                                            "Parent Relationship": "Inner",
                                            "Parallel Aware": false,
                                            "Async Capable": false,
                                            "Startup Cost": 6.44,
                                            "Total Cost": 6.44,
                                            "Plan Rows": 90,
                                            "Plan Width": 4,
                                            "Output": [
                                              "d3.d_date_sk"
                                            ],
                                            "Plans": [
                                              {
                                                "Node Type": "Index Only Scan",
                                                "Parent Relationship": "Outer",
                                                "Parallel Aware": false,
                                                "Async Capable": false,
                                                "Scan Direction": "Forward",
                                                "Index Name": "_dta_index_date_dim_6_661577395__k7_k9_k1",
                                                "Relation Name": "date_dim",
                                                "Schema": "public",
                                                "Alias": "d3",
                                                "Startup Cost": 0.42,
                                                "Total Cost": 6.44,
                                                "Plan Rows": 90,
                                                "Plan Width": 4,
                                                "Output": [
                                                  "d3.d_date_sk"
                                                ],
                                                "Index Cond": "((d3.d_year = 2000) AND (d3.d_moy >= 2) AND (d3.d_moy <= 4))"
                                              }
                                            ]
                                          }
                                        ]
                                      },
                                      {
                                        "Node Type": "Index Scan",
                                        "Parent Relationship": "Inner",
                                        "Parallel Aware": false,
                                        "Async Capable": false,
                                        "Scan Direction": "Forward",
                                        "Index Name": "_dta_index_store_sales_6_1333579789__k10_k3",
                                        "Relation Name": "store_sales",
                                        "Schema": "public",
                                        "Alias": "store_sales",
                                        "Startup Cost": 0.44,
                                        "Total Cost": 4.66,
                                        "Plan Rows": 1,
                                        "Plan Width": 26,
                                        "Output": [
                                          "store_sales.ss_sold_date_sk",
                                          "store_sales.ss_sold_time_sk",
                                          "store_sales.ss_item_sk",
                                          "store_sales.ss_customer_sk",
                                          "store_sales.ss_cdemo_sk",
                                          "store_sales.ss_hdemo_sk",
                                          "store_sales.ss_addr_sk",
                                          "store_sales.ss_store_sk",
                                          "store_sales.ss_promo_sk",
                                          "store_sales.ss_ticket_number",
                                          "store_sales.ss_quantity",
                                          "store_sales.ss_wholesale_cost",
                                          "store_sales.ss_list_price",
                                          "store_sales.ss_sales_price",
                                          "store_sales.ss_ext_discount_amt",
                                          "store_sales.ss_ext_sales_price",
                                          "store_sales.ss_ext_wholesale_cost",
                                          "store_sales.ss_ext_list_price",
                                          "store_sales.ss_ext_tax",
                                          "store_sales.ss_coupon_amt",
                                          "store_sales.ss_net_paid",
                                          "store_sales.ss_net_paid_inc_tax",
                                          "store_sales.ss_net_profit"
                                        ],
                                        "Index Cond": "((store_sales.ss_ticket_number = store_returns.sr_ticket_number) AND (store_sales.ss_item_sk = store_returns.sr_item_sk))",
                                        "Filter": "(store_returns.sr_customer_sk = store_sales.ss_customer_sk)"
                                      }
                                    ]
                                  },
                                  {
                                    "Node Type": "Index Only Scan",
                                    "Parent Relationship": "Inner",
                                    "Parallel Aware": false,
                                    "Async Capable": false,
                                    "Scan Direction": "Forward",
                                    "Index Name": "_dta_index_store_6_885578193__k1_2_6",
                                    "Relation Name": "store",
                                    "Schema": "public",
                                    "Alias": "store",
                                    "Startup Cost": 0.14,
                                    "Total Cost": 1.76,
                                    "Plan Rows": 1,
                                    "Plan Width": 25,
                                    "Output": [
                                      "store.s_store_sk",
                                      "store.s_store_id",
                                      "store.s_store_name"
                                    ],
                                    "Index Cond": "(store.s_store_sk = store_sales.ss_store_sk)"
                                  }
                                ]
                              },
                              {
                                "Node Type": "Index Only Scan",
                                "Parent Relationship": "Inner",
                                "Parallel Aware": false,
                                "Async Capable": false,
                                "Scan Direction": "Forward",
                                "Index Name": "_dta_index_item_6_853578079__k1_2_5",
                                "Relation Name": "item",
                                "Schema": "public",
                                "Alias": "item",
                                "Startup Cost": 0.42,
                                "Total Cost": 2.36,
                                "Plan Rows": 1,
                                "Plan Width": 124,
                                "Output": [
                                  "item.i_item_sk",
                                  "item.i_item_id",
                                  "item.i_item_desc"
                                ],
                                "Index Cond": "(item.i_item_sk = store_sales.ss_item_sk)"
                              }
                            ]
                          }
                        ]
                      }
                    ]
                  },
                  {
                    "Node Type": "Index Only Scan",
                    "Parent Relationship": "Inner",
                    "Parallel Aware": false,
                    "Async Capable": false,
                    "Scan Direction": "Forward",
                    "Index Name": "_dta_index_date_dim_6_661577395__k1_k7_k9",
                    "Relation Name": "date_dim",
                    "Schema": "public",
                    "Alias": "d1",
                    "Startup Cost": 0.29,
                    "Total Cost": 2.23,
                    "Plan Rows": 1,
                    "Plan Width": 4,
                    "Output": [
                      "d1.d_date_sk",
                      "d1.d_year",
                      "d1.d_moy"
                    ],
                    "Index Cond": "((d1.d_date_sk = store_sales.ss_sold_date_sk) AND (d1.d_year = 2000) AND (d1.d_moy = 2))"
                  }
                ]
              }
            ]
          }
        ]
      }
    }
  ],
  "original_sql": "select \n i_item_id\n ,i_item_desc\n ,s_store_id\n ,s_store_name\n ,stddev_samp(ss_net_profit) as store_sales_profit\n ,stddev_samp(sr_net_loss) as store_returns_loss\n ,stddev_samp(cs_net_profit) as catalog_sales_profit\n from\n store_sales\n ,store_returns\n ,catalog_sales\n ,date_dim d1\n ,date_dim d2\n ,date_dim d3\n ,store\n ,item\n where\n d1.d_moy = 2\n and d1.d_year = 2000\n and d1.d_date_sk = ss_sold_date_sk\n and i_item_sk = ss_item_sk\n and s_store_sk = ss_store_sk\n and ss_customer_sk = sr_customer_sk\n and ss_item_sk = sr_item_sk\n and ss_ticket_number = sr_ticket_number\n and sr_returned_date_sk = d2.d_date_sk\n and d2.d_moy               between 2 and  2 + 2\n and d2.d_year              = 2000\n and sr_customer_sk = cs_bill_customer_sk\n and sr_item_sk = cs_item_sk\n and cs_sold_date_sk = d3.d_date_sk\n and d3.d_moy               between 2 and  2 + 2\n and d3.d_year              = 2000\n group by\n i_item_id\n ,i_item_desc\n ,s_store_id\n ,s_store_name\n order by\n i_item_id\n ,i_item_desc\n ,s_store_id\n ,s_store_name\n limit 100"
}