{
  "query_id": "query083_multi_s1",
  "engine": "postgresql",
  "benchmark": "dsb_156",
  "scale_factor": 10,
  "execution_time_ms": null,
  "planning_time_ms": 2.467180000166991,
  "plan_json": [
    {
      "Plan": {
        "Node Type": "Limit",
        "Parallel Aware": false,
        "Async Capable": false,
        "Startup Cost": 140174.82,
        "Total Cost": 140174.83,
        "Plan Rows": 1,
        "Plan Width": 169,
        "Output": [
          "item.i_item_id",
          "(sum(store_returns.sr_return_quantity))",
          "((((((sum(store_returns.sr_return_quantity)) / (((sum(store_returns.sr_return_quantity)) + (sum(catalog_returns.cr_return_quantity))) + (sum(web_returns.wr_return_quantity)))))::numeric / 3.0) * '100'::numeric))",
          "(sum(catalog_returns.cr_return_quantity))",
          "((((((sum(catalog_returns.cr_return_quantity)) / (((sum(store_returns.sr_return_quantity)) + (sum(catalog_returns.cr_return_quantity))) + (sum(web_returns.wr_return_quantity)))))::numeric / 3.0) * '100'::numeric))",
          "(sum(web_returns.wr_return_quantity))",
          "((((((sum(web_returns.wr_return_quantity)) / (((sum(store_returns.sr_return_quantity)) + (sum(catalog_returns.cr_return_quantity))) + (sum(web_returns.wr_return_quantity)))))::numeric / 3.0) * '100'::numeric))",
          "((((((sum(store_returns.sr_return_quantity)) + (sum(catalog_returns.cr_return_quantity))) + (sum(web_returns.wr_return_quantity))))::numeric / 3.0))"
        ],
        "Plans": [
          {
            "Node Type": "Sort",
            "Parent Relationship": "Outer",
            "Parallel Aware": false,
            "Async Capable": false,
            "Startup Cost": 140174.82,
            "Total Cost": 140174.83,
            "Plan Rows": 1,
            "Plan Width": 169,
            "Output": [
              "item.i_item_id",
              "(sum(store_returns.sr_return_quantity))",
              "((((((sum(store_returns.sr_return_quantity)) / (((sum(store_returns.sr_return_quantity)) + (sum(catalog_returns.cr_return_quantity))) + (sum(web_returns.wr_return_quantity)))))::numeric / 3.0) * '100'::numeric))",
              "(sum(catalog_returns.cr_return_quantity))",
              "((((((sum(catalog_returns.cr_return_quantity)) / (((sum(store_returns.sr_return_quantity)) + (sum(catalog_returns.cr_return_quantity))) + (sum(web_returns.wr_return_quantity)))))::numeric / 3.0) * '100'::numeric))",
              "(sum(web_returns.wr_return_quantity))",
              "((((((sum(web_returns.wr_return_quantity)) / (((sum(store_returns.sr_return_quantity)) + (sum(catalog_returns.cr_return_quantity))) + (sum(web_returns.wr_return_quantity)))))::numeric / 3.0) * '100'::numeric))",
              "((((((sum(store_returns.sr_return_quantity)) + (sum(catalog_returns.cr_return_quantity))) + (sum(web_returns.wr_return_quantity))))::numeric / 3.0))"
            ],
            "Sort Key": [
              "item.i_item_id",
              "(sum(store_returns.sr_return_quantity))"
            ],
            "Plans": [
              {
                "Node Type": "Nested Loop",
                "Parent Relationship": "Outer",
                "Parallel Aware": false,
                "Async Capable": false,
                "Join Type": "Inner",
                "Startup Cost": 140174.64,
                "Total Cost": 140174.81,
                "Plan Rows": 1,
                "Plan Width": 169,
                "Output": [
                  "item.i_item_id",
                  "(sum(store_returns.sr_return_quantity))",
                  "(((((sum(store_returns.sr_return_quantity)) / (((sum(store_returns.sr_return_quantity)) + (sum(catalog_returns.cr_return_quantity))) + (sum(web_returns.wr_return_quantity)))))::numeric / 3.0) * '100'::numeric)",
                  "(sum(catalog_returns.cr_return_quantity))",
                  "(((((sum(catalog_returns.cr_return_quantity)) / (((sum(store_returns.sr_return_quantity)) + (sum(catalog_returns.cr_return_quantity))) + (sum(web_returns.wr_return_quantity)))))::numeric / 3.0) * '100'::numeric)",
                  "(sum(web_returns.wr_return_quantity))",
                  "(((((sum(web_returns.wr_return_quantity)) / (((sum(store_returns.sr_return_quantity)) + (sum(catalog_returns.cr_return_quantity))) + (sum(web_returns.wr_return_quantity)))))::numeric / 3.0) * '100'::numeric)",
                  "(((((sum(store_returns.sr_return_quantity)) + (sum(catalog_returns.cr_return_quantity))) + (sum(web_returns.wr_return_quantity))))::numeric / 3.0)"
                ],
                "Inner Unique": true,
                "Join Filter": "(item.i_item_id = item_2.i_item_id)",
                "Plans": [
                  {
                    "Node Type": "Nested Loop",
                    "Parent Relationship": "Outer",
                    "Parallel Aware": false,
                    "Async Capable": false,
                    "Join Type": "Inner",
                    "Startup Cost": 90391.42,
                    "Total Cost": 90391.5,
                    "Plan Rows": 1,
                    "Plan Width": 50,
                    "Output": [
                      "item.i_item_id",
                      "(sum(store_returns.sr_return_quantity))",
                      "(sum(catalog_returns.cr_return_quantity))",
                      "item_1.i_item_id"
                    ],
                    "Inner Unique": true,
                    "Join Filter": "(item.i_item_id = item_1.i_item_id)",
                    "Plans": [
                      {
                        "Node Type": "Aggregate",
                        "Strategy": "Sorted",
                        "Partial Mode": "Simple",
                        "Parent Relationship": "Outer",
                        "Parallel Aware": false,
                        "Async Capable": false,
                        "Startup Cost": 14577.04,
                        "Total Cost": 14577.06,
                        "Plan Rows": 1,
                        "Plan Width": 25,
                        "Output": [
                          "item.i_item_id",
                          "sum(store_returns.sr_return_quantity)"
                        ],
                        "Group Key": [
                          "item.i_item_id"
                        ],
                        "Plans": [
                          {
                            "Node Type": "Sort",
                            "Parent Relationship": "Outer",
                            "Parallel Aware": false,
                            "Async Capable": false,
                            "Startup Cost": 14577.04,
                            "Total Cost": 14577.04,
                            "Plan Rows": 1,
                            "Plan Width": 21,
                            "Output": [
                              "item.i_item_id",
                              "store_returns.sr_return_quantity"
                            ],
                            "Sort Key": [
                              "item.i_item_id"
                            ],
                            "Plans": [
                              {
                                "Node Type": "Gather",
                                "Parent Relationship": "Outer",
                                "Parallel Aware": false,
                                "Async Capable": false,
                                "Startup Cost": 3292.04,
                                "Total Cost": 14577.03,
                                "Plan Rows": 1,
                                "Plan Width": 21,
                                "Output": [
                                  "item.i_item_id",
                                  "store_returns.sr_return_quantity"
                                ],
                                "Workers Planned": 1,
                                "Single Copy": false,
                                "Plans": [
                                  {
                                    "Node Type": "Nested Loop",
                                    "Parent Relationship": "Outer",
                                    "Parallel Aware": false,
                                    "Async Capable": false,
                                    "Join Type": "Inner",
                                    "Startup Cost": 2292.04,
                                    "Total Cost": 13576.93,
                                    "Plan Rows": 1,
                                    "Plan Width": 21,
                                    "Output": [
                                      "item.i_item_id",
                                      "store_returns.sr_return_quantity"
                                    ],
                                    "Inner Unique": true,
                                    "Plans": [
                                      {
                                        "Node Type": "Nested Loop",
                                        "Parent Relationship": "Outer",
                                        "Parallel Aware": false,
                                        "Async Capable": false,
                                        "Join Type": "Inner",
                                        "Startup Cost": 2291.75,
                                        "Total Cost": 13561.74,
                                        "Plan Rows": 4,
                                        "Plan Width": 8,
                                        "Output": [
                                          "store_returns.sr_return_quantity",
                                          "store_returns.sr_item_sk"
                                        ],
                                        "Inner Unique": false,
                                        "Plans": [
                                          {
                                            "Node Type": "Hash Join",
                                            "Parent Relationship": "Outer",
                                            "Parallel Aware": false,
                                            "Async Capable": false,
                                            "Join Type": "Semi",
                                            "Startup Cost": 2291.32,
                                            "Total Cost": 4239.61,
                                            "Plan Rows": 72,
                                            "Plan Width": 4,
                                            "Output": [
                                              "date_dim.d_date_sk"
                                            ],
                                            "Inner Unique": false,
                                            "Hash Cond": "(date_dim.d_date = date_dim_1.d_date)",
                                            "Plans": [
                                              {
                                                "Node Type": "Seq Scan",
                                                "Parent Relationship": "Outer",
                                                "Parallel Aware": true,
                                                "Async Capable": false,
                                                "Relation Name": "date_dim",
                                                "Schema": "public",
                                                "Alias": "date_dim",
                                                "Startup Cost": 0.0,
                                                "Total Cost": 1834.7,
                                                "Plan Rows": 42970,
                                                "Plan Width": 8,
                                                "Output": [
                                                  "date_dim.d_date_sk",
                                                  "date_dim.d_date_id",
                                                  "date_dim.d_date",
                                                  "date_dim.d_month_seq",
                                                  "date_dim.d_week_seq",
                                                  "date_dim.d_quarter_seq",
                                                  "date_dim.d_year",
                                                  "date_dim.d_dow",
                                                  "date_dim.d_moy",
                                                  "date_dim.d_dom",
                                                  "date_dim.d_qoy",
                                                  "date_dim.d_fy_year",
                                                  "date_dim.d_fy_quarter_seq",
                                                  "date_dim.d_fy_week_seq",
                                                  "date_dim.d_day_name",
                                                  "date_dim.d_quarter_name",
                                                  "date_dim.d_holiday",
                                                  "date_dim.d_weekend",
                                                  "date_dim.d_following_holiday",
                                                  "date_dim.d_first_dom",
                                                  "date_dim.d_last_dom",
                                                  "date_dim.d_same_day_ly",
                                                  "date_dim.d_same_day_lq",
                                                  "date_dim.d_current_day",
                                                  "date_dim.d_current_week",
                                                  "date_dim.d_current_month",
                                                  "date_dim.d_current_quarter",
                                                  "date_dim.d_current_year"
                                                ]
                                              },
                                              {
                                                "Node Type": "Hash",
                                                "Parent Relationship": "Inner",
                                                "Parallel Aware": false,
                                                "Async Capable": false,
                                                "Startup Cost": 2289.79,
                                                "Total Cost": 2289.79,
                                                "Plan Rows": 122,
                                                "Plan Width": 4,
                                                "Output": [
                                                  "date_dim_1.d_date"
                                                ],
                                                "Plans": [
                                                  {
                                                    "Node Type": "Nested Loop",
                                                    "Parent Relationship": "Outer",
                                                    "Parallel Aware": false,
                                                    "Async Capable": false,
                                                    "Join Type": "Inner",
                                                    "Startup Cost": 2269.57,
                                                    "Total Cost": 2289.79,
                                                    "Plan Rows": 122,
                                                    "Plan Width": 4,
                                                    "Output": [
                                                      "date_dim_1.d_date"
                                                    ],
                                                    "Inner Unique": false,
                                                    "Plans": [
                                                      {
                                                        "Node Type": "Aggregate",
                                                        "Strategy": "Hashed",
                                                        "Partial Mode": "Simple",
                                                        "Parent Relationship": "Outer",
                                                        "Parallel Aware": false,
                                                        "Async Capable": false,
                                                        "Startup Cost": 2269.28,
                                                        "Total Cost": 2269.32,
                                                        "Plan Rows": 4,
                                                        "Plan Width": 4,
                                                        "Output": [
                                                          "date_dim_2.d_month_seq"
                                                        ],
                                                        "Group Key": [
                                                          "date_dim_2.d_month_seq"
                                                        ],
                                                        "Planned Partitions": 0,
                                                        "Plans": [
                                                          {
                                                            "Node Type": "Index Only Scan",
                                                            "Parent Relationship": "Outer",
                                                            "Parallel Aware": false,
                                                            "Async Capable": false,
                                                            "Scan Direction": "Forward",
                                                            "Index Name": "_dta_index_date_dim_6_661577395__k4_k3",
                                                            "Relation Name": "date_dim",
                                                            "Schema": "public",
                                                            "Alias": "date_dim_2",
                                                            "Startup Cost": 0.29,
                                                            "Total Cost": 2269.27,
                                                            "Plan Rows": 4,
                                                            "Plan Width": 4,
                                                            "Output": [
                                                              "date_dim_2.d_month_seq",
                                                              "date_dim_2.d_date"
                                                            ],
                                                            "Filter": "(date_dim_2.d_date = ANY ('{2002-02-26,2002-05-03,2002-08-19,2002-11-18}'::date[]))"
                                                          }
                                                        ]
                                                      },
                                                      {
                                                        "Node Type": "Index Only Scan",
                                                        "Parent Relationship": "Inner",
                                                        "Parallel Aware": false,
                                                        "Async Capable": false,
                                                        "Scan Direction": "Forward",
                                                        "Index Name": "_dta_index_date_dim_6_661577395__k4_k3",
                                                        "Relation Name": "date_dim",
                                                        "Schema": "public",
                                                        "Alias": "date_dim_1",
                                                        "Startup Cost": 0.29,
                                                        "Total Cost": 4.82,
                                                        "Plan Rows": 30,
                                                        "Plan Width": 8,
                                                        "Output": [
                                                          "date_dim_1.d_month_seq",
                                                          "date_dim_1.d_date"
                                                        ],
                                                        "Index Cond": "(date_dim_1.d_month_seq = date_dim_2.d_month_seq)"
                                                      }
                                                    ]
                                                  }
                                                ]
                                              }
                                            ]
                                          },
                                          {
                                            "Node Type": "Index Scan",
                                            "Parent Relationship": "Inner",
                                            "Parallel Aware": false,
                                            "Async Capable": false,
                                            "Scan Direction": "Forward",
                                            "Index Name": "_dta_index_store_returns_6_1013578649__k1_3_4_10",
                                            "Relation Name": "store_returns",
                                            "Schema": "public",
                                            "Alias": "store_returns",
                                            "Startup Cost": 0.43,
                                            "Total Cost": 129.45,
                                            "Plan Rows": 2,
                                            "Plan Width": 12,
                                            "Output": [
                                              "store_returns.sr_returned_date_sk",
                                              "store_returns.sr_return_time_sk",
                                              "store_returns.sr_item_sk",
                                              "store_returns.sr_customer_sk",
                                              "store_returns.sr_cdemo_sk",
                                              "store_returns.sr_hdemo_sk",
                                              "store_returns.sr_addr_sk",
                                              "store_returns.sr_store_sk",
                                              "store_returns.sr_reason_sk",
                                              "store_returns.sr_ticket_number",
                                              "store_returns.sr_return_quantity",
                                              "store_returns.sr_return_amt",
                                              "store_returns.sr_return_tax",
                                              "store_returns.sr_return_amt_inc_tax",
                                              "store_returns.sr_fee",
                                              "store_returns.sr_return_ship_cost",
                                              "store_returns.sr_refunded_cash",
                                              "store_returns.sr_reversed_charge",
                                              "store_returns.sr_store_credit",
                                              "store_returns.sr_net_loss"
                                            ],
                                            "Index Cond": "(store_returns.sr_returned_date_sk = date_dim.d_date_sk)",
                                            "Filter": "((store_returns.sr_reason_sk = ANY ('{6,7,25,45,51}'::integer[])) AND ((store_returns.sr_return_amt / (store_returns.sr_return_quantity)::numeric) >= '237'::numeric) AND ((store_returns.sr_return_amt / (store_returns.sr_return_quantity)::numeric) <= '266'::numeric))"
                                          }
                                        ]
                                      },
                                      {
                                        "Node Type": "Index Scan",
                                        "Parent Relationship": "Inner",
                                        "Parallel Aware": false,
                                        "Async Capable": false,
                                        "Scan Direction": "Forward",
                                        "Index Name": "item_pkey",
                                        "Relation Name": "item",
                                        "Schema": "public",
                                        "Alias": "item",
                                        "Startup Cost": 0.29,
                                        "Total Cost": 3.79,
                                        "Plan Rows": 1,
                                        "Plan Width": 21,
                                        "Output": [
                                          "item.i_item_sk",
                                          "item.i_item_id",
                                          "item.i_rec_start_date",
                                          "item.i_rec_end_date",
                                          "item.i_item_desc",
                                          "item.i_current_price",
                                          "item.i_wholesale_cost",
                                          "item.i_brand_id",
                                          "item.i_brand",
                                          "item.i_class_id",
                                          "item.i_class",
                                          "item.i_category_id",
                                          "item.i_category",
                                          "item.i_manufact_id",
                                          "item.i_manufact",
                                          "item.i_size",
                                          "item.i_formulation",
                                          "item.i_color",
                                          "item.i_units",
                                          "item.i_container",
                                          "item.i_manager_id",
                                          "item.i_product_name"
                                        ],
                                        "Index Cond": "(item.i_item_sk = store_returns.sr_item_sk)",
                                        "Filter": "((item.i_category = ANY ('{Home,Men}'::bpchar[])) AND (item.i_manager_id >= 8) AND (item.i_manager_id <= 17))"
                                      }
                                    ]
                                  }
                                ]
                              }
                            ]
                          }
                        ]
                      },
                      {
                        "Node Type": "Aggregate",
                        "Strategy": "Sorted",
                        "Partial Mode": "Simple",
                        "Parent Relationship": "Inner",
                        "Parallel Aware": false,
                        "Async Capable": false,
                        "Startup Cost": 75814.39,
                        "Total Cost": 75814.41,
                        "Plan Rows": 1,
                        "Plan Width": 25,
                        "Output": [
                          "item_1.i_item_id",
                          "sum(catalog_returns.cr_return_quantity)"
                        ],
                        "Group Key": [
                          "item_1.i_item_id"
                        ],
                        "Plans": [
                          {
                            "Node Type": "Sort",
                            "Parent Relationship": "Outer",
                            "Parallel Aware": false,
                            "Async Capable": false,
                            "Startup Cost": 75814.39,
                            "Total Cost": 75814.39,
                            "Plan Rows": 1,
                            "Plan Width": 21,
                            "Output": [
                              "item_1.i_item_id",
                              "catalog_returns.cr_return_quantity"
                            ],
                            "Sort Key": [
                              "item_1.i_item_id"
                            ],
                            "Plans": [
                              {
                                "Node Type": "Gather",
                                "Parent Relationship": "Outer",
                                "Parallel Aware": false,
                                "Async Capable": false,
                                "Startup Cost": 3291.91,
                                "Total Cost": 75814.38,
                                "Plan Rows": 1,
                                "Plan Width": 21,
                                "Output": [
                                  "item_1.i_item_id",
                                  "catalog_returns.cr_return_quantity"
                                ],
                                "Workers Planned": 2,
                                "Single Copy": false,
                                "Plans": [
                                  {
                                    "Node Type": "Nested Loop",
                                    "Parent Relationship": "Outer",
                                    "Parallel Aware": false,
                                    "Async Capable": false,
                                    "Join Type": "Inner",
                                    "Startup Cost": 2291.91,
                                    "Total Cost": 74814.28,
                                    "Plan Rows": 1,
                                    "Plan Width": 21,
                                    "Output": [
                                      "item_1.i_item_id",
                                      "catalog_returns.cr_return_quantity"
                                    ],
                                    "Inner Unique": true,
                                    "Plans": [
                                      {
                                        "Node Type": "Hash Join",
                                        "Parent Relationship": "Outer",
                                        "Parallel Aware": false,
                                        "Async Capable": false,
                                        "Join Type": "Semi",
                                        "Startup Cost": 2291.62,
                                        "Total Cost": 74809.2,
                                        "Plan Rows": 1,
                                        "Plan Width": 8,
                                        "Output": [
                                          "catalog_returns.cr_return_quantity",
                                          "catalog_returns.cr_item_sk"
                                        ],
                                        "Inner Unique": false,
                                        "Hash Cond": "(date_dim_3.d_date = date_dim_4.d_date)",
                                        "Plans": [
                                          {
                                            "Node Type": "Nested Loop",
                                            "Parent Relationship": "Outer",
                                            "Parallel Aware": false,
                                            "Async Capable": false,
                                            "Join Type": "Inner",
                                            "Startup Cost": 0.3,
                                            "Total Cost": 72516.69,
                                            "Plan Rows": 448,
                                            "Plan Width": 12,
                                            "Output": [
                                              "catalog_returns.cr_return_quantity",
                                              "catalog_returns.cr_item_sk",
                                              "date_dim_3.d_date"
                                            ],
                                            "Inner Unique": true,
                                            "Plans": [
                                              {
                                                "Node Type": "Seq Scan",
                                                "Parent Relationship": "Outer",
                                                "Parallel Aware": true,
                                                "Async Capable": false,
                                                "Relation Name": "catalog_returns",
                                                "Schema": "public",
                                                "Alias": "catalog_returns",
                                                "Startup Cost": 0.0,
                                                "Total Cost": 71087.89,
                                                "Plan Rows": 448,
                                                "Plan Width": 12,
                                                "Output": [
                                                  "catalog_returns.cr_returned_date_sk",
                                                  "catalog_returns.cr_returned_time_sk",
                                                  "catalog_returns.cr_item_sk",
                                                  "catalog_returns.cr_refunded_customer_sk",
                                                  "catalog_returns.cr_refunded_cdemo_sk",
                                                  "catalog_returns.cr_refunded_hdemo_sk",
                                                  "catalog_returns.cr_refunded_addr_sk",
                                                  "catalog_returns.cr_returning_customer_sk",
                                                  "catalog_returns.cr_returning_cdemo_sk",
                                                  "catalog_returns.cr_returning_hdemo_sk",
                                                  "catalog_returns.cr_returning_addr_sk",
                                                  "catalog_returns.cr_call_center_sk",
                                                  "catalog_returns.cr_catalog_page_sk",
                                                  "catalog_returns.cr_ship_mode_sk",
                                                  "catalog_returns.cr_warehouse_sk",
                                                  "catalog_returns.cr_reason_sk",
                                                  "catalog_returns.cr_order_number",
                                                  "catalog_returns.cr_return_quantity",
                                                  "catalog_returns.cr_return_amount",
                                                  "catalog_returns.cr_return_tax",
                                                  "catalog_returns.cr_return_amt_inc_tax",
                                                  "catalog_returns.cr_fee",
                                                  "catalog_returns.cr_return_ship_cost",
                                                  "catalog_returns.cr_refunded_cash",
                                                  "catalog_returns.cr_reversed_charge",
                                                  "catalog_returns.cr_store_credit",
                                                  "catalog_returns.cr_net_loss"
                                                ],
                                                "Filter": "((catalog_returns.cr_reason_sk = ANY ('{6,7,25,45,51}'::integer[])) AND ((catalog_returns.cr_return_amount / (catalog_returns.cr_return_quantity)::numeric) >= '237'::numeric) AND ((catalog_returns.cr_return_amount / (catalog_returns.cr_return_quantity)::numeric) <= '266'::numeric))"
                                              },
                                              {
                                                "Node Type": "Memoize",
                                                "Parent Relationship": "Inner",
                                                "Parallel Aware": false,
                                                "Async Capable": false,
                                                "Startup Cost": 0.3,
                                                "Total Cost": 3.97,
                                                "Plan Rows": 1,
                                                "Plan Width": 8,
                                                "Output": [
                                                  "date_dim_3.d_date_sk",
                                                  "date_dim_3.d_date"
                                                ],
                                                "Cache Key": "catalog_returns.cr_returned_date_sk",
                                                "Cache Mode": "logical",
                                                "Plans": [
                                                  {
                                                    "Node Type": "Index Scan",
                                                    "Parent Relationship": "Outer",
                                                    "Parallel Aware": false,
                                                    "Async Capable": false,
                                                    "Scan Direction": "Forward",
                                                    "Index Name": "date_dim_pkey",
                                                    "Relation Name": "date_dim",
                                                    "Schema": "public",
                                                    "Alias": "date_dim_3",
                                                    "Startup Cost": 0.29,
                                                    "Total Cost": 3.96,
                                                    "Plan Rows": 1,
                                                    "Plan Width": 8,
                                                    "Output": [
                                                      "date_dim_3.d_date_sk",
                                                      "date_dim_3.d_date"
                                                    ],
                                                    "Index Cond": "(date_dim_3.d_date_sk = catalog_returns.cr_returned_date_sk)"
                                                  }
                                                ]
                                              }
                                            ]
                                          },
                                          {
                                            "Node Type": "Hash",
                                            "Parent Relationship": "Inner",
                                            "Parallel Aware": false,
                                            "Async Capable": false,
                                            "Startup Cost": 2289.79,
                                            "Total Cost": 2289.79,
                                            "Plan Rows": 122,
                                            "Plan Width": 4,
                                            "Output": [
                                              "date_dim_4.d_date"
                                            ],
                                            "Plans": [
                                              {
                                                "Node Type": "Nested Loop",
                                                "Parent Relationship": "Outer",
                                                "Parallel Aware": false,
                                                "Async Capable": false,
                                                "Join Type": "Inner",
                                                "Startup Cost": 2269.57,
                                                "Total Cost": 2289.79,
                                                "Plan Rows": 122,
                                                "Plan Width": 4,
                                                "Output": [
                                                  "date_dim_4.d_date"
                                                ],
                                                "Inner Unique": false,
                                                "Plans": [
                                                  {
                                                    "Node Type": "Aggregate",
                                                    "Strategy": "Hashed",
                                                    "Partial Mode": "Simple",
                                                    "Parent Relationship": "Outer",
                                                    "Parallel Aware": false,
                                                    "Async Capable": false,
                                                    "Startup Cost": 2269.28,
                                                    "Total Cost": 2269.32,
                                                    "Plan Rows": 4,
                                                    "Plan Width": 4,
                                                    "Output": [
                                                      "date_dim_5.d_month_seq"
                                                    ],
                                                    "Group Key": [
                                                      "date_dim_5.d_month_seq"
                                                    ],
                                                    "Planned Partitions": 0,
                                                    "Plans": [
                                                      {
                                                        "Node Type": "Index Only Scan",
                                                        "Parent Relationship": "Outer",
                                                        "Parallel Aware": false,
                                                        "Async Capable": false,
                                                        "Scan Direction": "Forward",
                                                        "Index Name": "_dta_index_date_dim_6_661577395__k4_k3",
                                                        "Relation Name": "date_dim",
                                                        "Schema": "public",
                                                        "Alias": "date_dim_5",
                                                        "Startup Cost": 0.29,
                                                        "Total Cost": 2269.27,
                                                        "Plan Rows": 4,
                                                        "Plan Width": 4,
                                                        "Output": [
                                                          "date_dim_5.d_month_seq",
                                                          "date_dim_5.d_date"
                                                        ],
                                                        "Filter": "(date_dim_5.d_date = ANY ('{2002-02-26,2002-05-03,2002-08-19,2002-11-18}'::date[]))"
                                                      }
                                                    ]
                                                  },
                                                  {
                                                    "Node Type": "Index Only Scan",
                                                    "Parent Relationship": "Inner",
                                                    "Parallel Aware": false,
                                                    "Async Capable": false,
                                                    "Scan Direction": "Forward",
                                                    "Index Name": "_dta_index_date_dim_6_661577395__k4_k3",
                                                    "Relation Name": "date_dim",
                                                    "Schema": "public",
                                                    "Alias": "date_dim_4",
                                                    "Startup Cost": 0.29,
                                                    "Total Cost": 4.82,
                                                    "Plan Rows": 30,
                                                    "Plan Width": 8,
                                                    "Output": [
                                                      "date_dim_4.d_month_seq",
                                                      "date_dim_4.d_date"
                                                    ],
                                                    "Index Cond": "(date_dim_4.d_month_seq = date_dim_5.d_month_seq)"
                                                  }
                                                ]
                                              }
                                            ]
                                          }
                                        ]
                                      },
                                      {
                                        "Node Type": "Index Scan",
                                        "Parent Relationship": "Inner",
                                        "Parallel Aware": false,
                                        "Async Capable": false,
                                        "Scan Direction": "Forward",
                                        "Index Name": "item_pkey",
                                        "Relation Name": "item",
                                        "Schema": "public",
                                        "Alias": "item_1",
                                        "Startup Cost": 0.29,
                                        "Total Cost": 5.08,
                                        "Plan Rows": 1,
                                        "Plan Width": 21,
                                        "Output": [
                                          "item_1.i_item_sk",
                                          "item_1.i_item_id",
                                          "item_1.i_rec_start_date",
                                          "item_1.i_rec_end_date",
                                          "item_1.i_item_desc",
                                          "item_1.i_current_price",
                                          "item_1.i_wholesale_cost",
                                          "item_1.i_brand_id",
                                          "item_1.i_brand",
                                          "item_1.i_class_id",
                                          "item_1.i_class",
                                          "item_1.i_category_id",
                                          "item_1.i_category",
                                          "item_1.i_manufact_id",
                                          "item_1.i_manufact",
                                          "item_1.i_size",
                                          "item_1.i_formulation",
                                          "item_1.i_color",
                                          "item_1.i_units",
                                          "item_1.i_container",
                                          "item_1.i_manager_id",
                                          "item_1.i_product_name"
                                        ],
                                        "Index Cond": "(item_1.i_item_sk = catalog_returns.cr_item_sk)",
                                        "Filter": "((item_1.i_category = ANY ('{Home,Men}'::bpchar[])) AND (item_1.i_manager_id >= 8) AND (item_1.i_manager_id <= 17))"
                                      }
                                    ]
                                  }
                                ]
                              }
                            ]
                          }
                        ]
                      }
                    ]
                  },
                  {
                    "Node Type": "Aggregate",
                    "Strategy": "Sorted",
                    "Partial Mode": "Simple",
                    "Parent Relationship": "Inner",
                    "Parallel Aware": false,
                    "Async Capable": false,
                    "Startup Cost": 49783.22,
                    "Total Cost": 49783.24,
                    "Plan Rows": 1,
                    "Plan Width": 25,
                    "Output": [
                      "item_2.i_item_id",
                      "sum(web_returns.wr_return_quantity)"
                    ],
                    "Group Key": [
                      "item_2.i_item_id"
                    ],
                    "Plans": [
                      {
                        "Node Type": "Sort",
                        "Parent Relationship": "Outer",
                        "Parallel Aware": false,
                        "Async Capable": false,
                        "Startup Cost": 49783.22,
                        "Total Cost": 49783.22,
                        "Plan Rows": 1,
                        "Plan Width": 21,
                        "Output": [
                          "item_2.i_item_id",
                          "web_returns.wr_return_quantity"
                        ],
                        "Sort Key": [
                          "item_2.i_item_id"
                        ],
                        "Plans": [
                          {
                            "Node Type": "Nested Loop",
                            "Parent Relationship": "Outer",
                            "Parallel Aware": false,
                            "Async Capable": false,
                            "Join Type": "Inner",
                            "Startup Cost": 3291.91,
                            "Total Cost": 49783.21,
                            "Plan Rows": 1,
                            "Plan Width": 21,
                            "Output": [
                              "item_2.i_item_id",
                              "web_returns.wr_return_quantity"
                            ],
                            "Inner Unique": true,
                            "Plans": [
                              {
                                "Node Type": "Gather",
                                "Parent Relationship": "Outer",
                                "Parallel Aware": false,
                                "Async Capable": false,
                                "Startup Cost": 3291.62,
                                "Total Cost": 49777.55,
                                "Plan Rows": 1,
                                "Plan Width": 8,
                                "Output": [
                                  "web_returns.wr_return_quantity",
                                  "web_returns.wr_item_sk"
                                ],
                                "Workers Planned": 2,
                                "Single Copy": false,
                                "Plans": [
                                  {
                                    "Node Type": "Hash Join",
                                    "Parent Relationship": "Outer",
                                    "Parallel Aware": false,
                                    "Async Capable": false,
                                    "Join Type": "Semi",
                                    "Startup Cost": 2291.62,
                                    "Total Cost": 48777.45,
                                    "Plan Rows": 1,
                                    "Plan Width": 8,
                                    "Output": [
                                      "web_returns.wr_return_quantity",
                                      "web_returns.wr_item_sk"
                                    ],
                                    "Inner Unique": false,
                                    "Hash Cond": "(date_dim_6.d_date = date_dim_7.d_date)",
                                    "Plans": [
                                      {
                                        "Node Type": "Nested Loop",
                                        "Parent Relationship": "Outer",
                                        "Parallel Aware": false,
                                        "Async Capable": false,
                                        "Join Type": "Inner",
                                        "Startup Cost": 0.3,
                                        "Total Cost": 46485.36,
                                        "Plan Rows": 292,
                                        "Plan Width": 12,
                                        "Output": [
                                          "web_returns.wr_return_quantity",
                                          "web_returns.wr_item_sk",
                                          "date_dim_6.d_date"
                                        ],
                                        "Inner Unique": true,
                                        "Plans": [
                                          {
                                            "Node Type": "Seq Scan",
                                            "Parent Relationship": "Outer",
                                            "Parallel Aware": true,
                                            "Async Capable": false,
                                            "Relation Name": "web_returns",
                                            "Schema": "public",
                                            "Alias": "web_returns",
                                            "Startup Cost": 0.0,
                                            "Total Cost": 45271.61,
                                            "Plan Rows": 306,
                                            "Plan Width": 12,
                                            "Output": [
                                              "web_returns.wr_returned_date_sk",
                                              "web_returns.wr_returned_time_sk",
                                              "web_returns.wr_item_sk",
                                              "web_returns.wr_refunded_customer_sk",
                                              "web_returns.wr_refunded_cdemo_sk",
                                              "web_returns.wr_refunded_hdemo_sk",
                                              "web_returns.wr_refunded_addr_sk",
                                              "web_returns.wr_returning_customer_sk",
                                              "web_returns.wr_returning_cdemo_sk",
                                              "web_returns.wr_returning_hdemo_sk",
                                              "web_returns.wr_returning_addr_sk",
                                              "web_returns.wr_web_page_sk",
                                              "web_returns.wr_reason_sk",
                                              "web_returns.wr_order_number",
                                              "web_returns.wr_return_quantity",
                                              "web_returns.wr_return_amt",
                                              "web_returns.wr_return_tax",
                                              "web_returns.wr_return_amt_inc_tax",
                                              "web_returns.wr_fee",
                                              "web_returns.wr_return_ship_cost",
                                              "web_returns.wr_refunded_cash",
                                              "web_returns.wr_reversed_charge",
                                              "web_returns.wr_account_credit",
                                              "web_returns.wr_net_loss"
                                            ],
                                            "Filter": "((web_returns.wr_reason_sk = ANY ('{6,7,25,45,51}'::integer[])) AND ((web_returns.wr_return_amt / (web_returns.wr_return_quantity)::numeric) >= '237'::numeric) AND ((web_returns.wr_return_amt / (web_returns.wr_return_quantity)::numeric) <= '266'::numeric))"
                                          },
                                          {
                                            "Node Type": "Memoize",
                                            "Parent Relationship": "Inner",
                                            "Parallel Aware": false,
                                            "Async Capable": false,
                                            "Startup Cost": 0.3,
                                            "Total Cost": 4.59,
                                            "Plan Rows": 1,
                                            "Plan Width": 8,
                                            "Output": [
                                              "date_dim_6.d_date_sk",
                                              "date_dim_6.d_date"
                                            ],
                                            "Cache Key": "web_returns.wr_returned_date_sk",
                                            "Cache Mode": "logical",
                                            "Plans": [
                                              {
                                                "Node Type": "Index Scan",
                                                "Parent Relationship": "Outer",
                                                "Parallel Aware": false,
                                                "Async Capable": false,
                                                "Scan Direction": "Forward",
                                                "Index Name": "date_dim_pkey",
                                                "Relation Name": "date_dim",
                                                "Schema": "public",
                                                "Alias": "date_dim_6",
                                                "Startup Cost": 0.29,
                                                "Total Cost": 4.58,
                                                "Plan Rows": 1,
                                                "Plan Width": 8,
                                                "Output": [
                                                  "date_dim_6.d_date_sk",
                                                  "date_dim_6.d_date"
                                                ],
                                                "Index Cond": "(date_dim_6.d_date_sk = web_returns.wr_returned_date_sk)"
                                              }
                                            ]
                                          }
                                        ]
                                      },
                                      {
                                        "Node Type": "Hash",
                                        "Parent Relationship": "Inner",
                                        "Parallel Aware": false,
                                        "Async Capable": false,
                                        "Startup Cost": 2289.79,
                                        "Total Cost": 2289.79,
                                        "Plan Rows": 122,
                                        "Plan Width": 4,
                                        "Output": [
                                          "date_dim_7.d_date"
                                        ],
                                        "Plans": [
                                          {
                                            "Node Type": "Nested Loop",
                                            "Parent Relationship": "Outer",
                                            "Parallel Aware": false,
                                            "Async Capable": false,
                                            "Join Type": "Inner",
                                            "Startup Cost": 2269.57,
                                            "Total Cost": 2289.79,
                                            "Plan Rows": 122,
                                            "Plan Width": 4,
                                            "Output": [
                                              "date_dim_7.d_date"
                                            ],
                                            "Inner Unique": false,
                                            "Plans": [
                                              {
                                                "Node Type": "Aggregate",
                                                "Strategy": "Hashed",
                                                "Partial Mode": "Simple",
                                                "Parent Relationship": "Outer",
                                                "Parallel Aware": false,
                                                "Async Capable": false,
                                                "Startup Cost": 2269.28,
                                                "Total Cost": 2269.32,
                                                "Plan Rows": 4,
                                                "Plan Width": 4,
                                                "Output": [
                                                  "date_dim_8.d_month_seq"
                                                ],
                                                "Group Key": [
                                                  "date_dim_8.d_month_seq"
                                                ],
                                                "Planned Partitions": 0,
                                                "Plans": [
                                                  {
                                                    "Node Type": "Index Only Scan",
                                                    "Parent Relationship": "Outer",
                                                    "Parallel Aware": false,
                                                    "Async Capable": false,
                                                    "Scan Direction": "Forward",
                                                    "Index Name": "_dta_index_date_dim_6_661577395__k4_k3",
                                                    "Relation Name": "date_dim",
                                                    "Schema": "public",
                                                    "Alias": "date_dim_8",
                                                    "Startup Cost": 0.29,
                                                    "Total Cost": 2269.27,
                                                    "Plan Rows": 4,
                                                    "Plan Width": 4,
                                                    "Output": [
                                                      "date_dim_8.d_month_seq",
                                                      "date_dim_8.d_date"
                                                    ],
                                                    "Filter": "(date_dim_8.d_date = ANY ('{2002-02-26,2002-05-03,2002-08-19,2002-11-18}'::date[]))"
                                                  }
                                                ]
                                              },
                                              {
                                                "Node Type": "Index Only Scan",
                                                "Parent Relationship": "Inner",
                                                "Parallel Aware": false,
                                                "Async Capable": false,
                                                "Scan Direction": "Forward",
                                                "Index Name": "_dta_index_date_dim_6_661577395__k4_k3",
                                                "Relation Name": "date_dim",
                                                "Schema": "public",
                                                "Alias": "date_dim_7",
                                                "Startup Cost": 0.29,
                                                "Total Cost": 4.82,
                                                "Plan Rows": 30,
                                                "Plan Width": 8,
                                                "Output": [
                                                  "date_dim_7.d_month_seq",
                                                  "date_dim_7.d_date"
                                                ],
                                                "Index Cond": "(date_dim_7.d_month_seq = date_dim_8.d_month_seq)"
                                              }
                                            ]
                                          }
                                        ]
                                      }
                                    ]
                                  }
                                ]
                              },
                              {
                                "Node Type": "Index Scan",
                                "Parent Relationship": "Inner",
                                "Parallel Aware": false,
                                "Async Capable": false,
                                "Scan Direction": "Forward",
                                "Index Name": "item_pkey",
                                "Relation Name": "item",
                                "Schema": "public",
                                "Alias": "item_2",
                                "Startup Cost": 0.29,
                                "Total Cost": 5.65,
                                "Plan Rows": 1,
                                "Plan Width": 21,
                                "Output": [
                                  "item_2.i_item_sk",
                                  "item_2.i_item_id",
                                  "item_2.i_rec_start_date",
                                  "item_2.i_rec_end_date",
                                  "item_2.i_item_desc",
                                  "item_2.i_current_price",
                                  "item_2.i_wholesale_cost",
                                  "item_2.i_brand_id",
                                  "item_2.i_brand",
                                  "item_2.i_class_id",
                                  "item_2.i_class",
                                  "item_2.i_category_id",
                                  "item_2.i_category",
                                  "item_2.i_manufact_id",
                                  "item_2.i_manufact",
                                  "item_2.i_size",
                                  "item_2.i_formulation",
                                  "item_2.i_color",
                                  "item_2.i_units",
                                  "item_2.i_container",
                                  "item_2.i_manager_id",
                                  "item_2.i_product_name"
                                ],
                                "Index Cond": "(item_2.i_item_sk = web_returns.wr_item_sk)",
                                "Filter": "((item_2.i_category = ANY ('{Home,Men}'::bpchar[])) AND (item_2.i_manager_id >= 8) AND (item_2.i_manager_id <= 17))"
                              }
                            ]
                          }
                        ]
                      }
                    ]
                  }
                ]
              }
            ]
          }
        ]
      }
    }
  ],
  "original_sql": "with sr_items as\n (select i_item_id item_id,\n        sum(sr_return_quantity) sr_item_qty\n from store_returns,\n      item,\n      date_dim\n where sr_item_sk = i_item_sk\n and   d_date    in\n\t(select d_date\n\tfrom date_dim\n\twhere d_month_seq in\n\t\t(select d_month_seq\n\t\tfrom date_dim\n\t  where d_date in ('2002-02-26','2002-05-03','2002-08-19','2002-11-18')))\n and   sr_returned_date_sk   = d_date_sk\n and i_category IN ('Home', 'Men')\n and i_manager_id BETWEEN 8 and 17\n and sr_return_amt / sr_return_quantity between 237 and 266\n and sr_reason_sk in (6, 7, 25, 45, 51)\ngroup by i_item_id),\n cr_items as\n (select i_item_id item_id,\n        sum(cr_return_quantity) cr_item_qty\n from catalog_returns,\n      item,\n      date_dim\n where cr_item_sk = i_item_sk\n and   d_date    in\n\t(select d_date\n\tfrom date_dim\n  where d_month_seq in\n\t\t(select d_month_seq\n\t\tfrom date_dim\n\t  \t  where d_date in ('2002-02-26','2002-05-03','2002-08-19','2002-11-18')))\n and   cr_returned_date_sk   = d_date_sk\n and i_category IN ('Home', 'Men')\n and i_manager_id BETWEEN 8 and 17\n and cr_return_amount / cr_return_quantity between 237 and 266\n and cr_reason_sk in (6, 7, 25, 45, 51)\n group by i_item_id),\n wr_items as\n (select i_item_id item_id,\n        sum(wr_return_quantity) wr_item_qty\n from web_returns,\n      item,\n      date_dim\n where wr_item_sk = i_item_sk\n and   d_date    in\n\t(select d_date\n\tfrom date_dim\n  where d_month_seq in\n\t\t(select d_month_seq\n\t\tfrom date_dim\n\t\t\t  where d_date in ('2002-02-26','2002-05-03','2002-08-19','2002-11-18')))\n and   wr_returned_date_sk   = d_date_sk\n and i_category IN ('Home', 'Men')\n and i_manager_id BETWEEN 8 and 17\n and wr_return_amt / wr_return_quantity between 237 and 266\n and wr_reason_sk in (6, 7, 25, 45, 51)\n group by i_item_id)\n  select  sr_items.item_id\n       ,sr_item_qty\n       ,sr_item_qty/(sr_item_qty+cr_item_qty+wr_item_qty)/3.0 * 100 sr_dev\n       ,cr_item_qty\n       ,cr_item_qty/(sr_item_qty+cr_item_qty+wr_item_qty)/3.0 * 100 cr_dev\n       ,wr_item_qty\n       ,wr_item_qty/(sr_item_qty+cr_item_qty+wr_item_qty)/3.0 * 100 wr_dev\n       ,(sr_item_qty+cr_item_qty+wr_item_qty)/3.0 average\n from sr_items\n     ,cr_items\n     ,wr_items\n where sr_items.item_id=cr_items.item_id\n   and sr_items.item_id=wr_items.item_id\n order by sr_items.item_id\n         ,sr_item_qty\n limit 100"
}