{
  "query_id": "query040_agg_s2",
  "engine": "postgresql",
  "benchmark": "dsb_156",
  "scale_factor": 10,
  "execution_time_ms": null,
  "planning_time_ms": 1.956405998498667,
  "plan_json": [
    {
      "Plan": {
        "Node Type": "Limit",
        "Parallel Aware": false,
        "Async Capable": false,
        "Startup Cost": 36206.79,
        "Total Cost": 36206.97,
        "Plan Rows": 1,
        "Plan Width": 84,
        "Output": [
          "warehouse.w_state",
          "item.i_item_id",
          "(sum(CASE WHEN (date_dim.d_date < '2002-02-20'::date) THEN (catalog_sales.cs_sales_price - COALESCE(catalog_returns.cr_refunded_cash, '0'::numeric)) ELSE '0'::numeric END))",
          "(sum(CASE WHEN (date_dim.d_date >= '2002-02-20'::date) THEN (catalog_sales.cs_sales_price - COALESCE(catalog_returns.cr_refunded_cash, '0'::numeric)) ELSE '0'::numeric END))"
        ],
        "Plans": [
          {
            "Node Type": "Aggregate",
            "Strategy": "Sorted",
            "Partial Mode": "Finalize",
            "Parent Relationship": "Outer",
            "Parallel Aware": false,
            "Async Capable": false,
            "Startup Cost": 36206.79,
            "Total Cost": 36206.97,
            "Plan Rows": 1,
            "Plan Width": 84,
            "Output": [
              "warehouse.w_state",
              "item.i_item_id",
              "sum(CASE WHEN (date_dim.d_date < '2002-02-20'::date) THEN (catalog_sales.cs_sales_price - COALESCE(catalog_returns.cr_refunded_cash, '0'::numeric)) ELSE '0'::numeric END)",
              "sum(CASE WHEN (date_dim.d_date >= '2002-02-20'::date) THEN (catalog_sales.cs_sales_price - COALESCE(catalog_returns.cr_refunded_cash, '0'::numeric)) ELSE '0'::numeric END)"
            ],
            "Group Key": [
              "warehouse.w_state",
              "item.i_item_id"
            ],
            "Plans": [
              {
                "Node Type": "Gather Merge",
                "Parent Relationship": "Outer",
                "Parallel Aware": false,
                "Async Capable": false,
                "Startup Cost": 36206.79,
                "Total Cost": 36206.94,
                "Plan Rows": 1,
                "Plan Width": 84,
                "Output": [
                  "warehouse.w_state",
                  "item.i_item_id",
                  "(PARTIAL sum(CASE WHEN (date_dim.d_date < '2002-02-20'::date) THEN (catalog_sales.cs_sales_price - COALESCE(catalog_returns.cr_refunded_cash, '0'::numeric)) ELSE '0'::numeric END))",
                  "(PARTIAL sum(CASE WHEN (date_dim.d_date >= '2002-02-20'::date) THEN (catalog_sales.cs_sales_price - COALESCE(catalog_returns.cr_refunded_cash, '0'::numeric)) ELSE '0'::numeric END))"
                ],
                "Workers Planned": 1,
                "Plans": [
                  {
                    "Node Type": "Aggregate",
                    "Strategy": "Sorted",
                    "Partial Mode": "Partial",
                    "Parent Relationship": "Outer",
                    "Parallel Aware": false,
                    "Async Capable": false,
                    "Startup Cost": 35206.78,
                    "Total Cost": 35206.82,
                    "Plan Rows": 1,
                    "Plan Width": 84,
                    "Output": [
                      "warehouse.w_state",
                      "item.i_item_id",
                      "PARTIAL sum(CASE WHEN (date_dim.d_date < '2002-02-20'::date) THEN (catalog_sales.cs_sales_price - COALESCE(catalog_returns.cr_refunded_cash, '0'::numeric)) ELSE '0'::numeric END)",
                      "PARTIAL sum(CASE WHEN (date_dim.d_date >= '2002-02-20'::date) THEN (catalog_sales.cs_sales_price - COALESCE(catalog_returns.cr_refunded_cash, '0'::numeric)) ELSE '0'::numeric END)"
                    ],
                    "Group Key": [
                      "warehouse.w_state",
                      "item.i_item_id"
                    ],
                    "Plans": [
                      {
                        "Node Type": "Sort",
                        "Parent Relationship": "Outer",
                        "Parallel Aware": false,
                        "Async Capable": false,
                        "Startup Cost": 35206.78,
                        "Total Cost": 35206.78,
                        "Plan Rows": 1,
                        "Plan Width": 36,
                        "Output": [
                          "warehouse.w_state",
                          "item.i_item_id",
                          "date_dim.d_date",
                          "catalog_sales.cs_sales_price",
                          "catalog_returns.cr_refunded_cash"
                        ],
                        "Sort Key": [
                          "warehouse.w_state",
                          "item.i_item_id"
                        ],
                        "Plans": [
                          {
                            "Node Type": "Nested Loop",
                            "Parent Relationship": "Outer",
                            "Parallel Aware": false,
                            "Async Capable": false,
                            "Join Type": "Inner",
                            "Startup Cost": 1.29,
                            "Total Cost": 35206.77,
                            "Plan Rows": 1,
                            "Plan Width": 36,
                            "Output": [
                              "warehouse.w_state",
                              "item.i_item_id",
                              "date_dim.d_date",
                              "catalog_sales.cs_sales_price",
                              "catalog_returns.cr_refunded_cash"
                            ],
                            "Inner Unique": true,
                            "Plans": [
                              {
                                "Node Type": "Nested Loop",
                                "Parent Relationship": "Outer",
                                "Parallel Aware": false,
                                "Async Capable": false,
                                "Join Type": "Inner",
                                "Startup Cost": 1.16,
                                "Total Cost": 35206.61,
                                "Plan Rows": 1,
                                "Plan Width": 37,
                                "Output": [
                                  "catalog_sales.cs_sales_price",
                                  "catalog_sales.cs_warehouse_sk",
                                  "catalog_returns.cr_refunded_cash",
                                  "item.i_item_id",
                                  "date_dim.d_date"
                                ],
                                "Inner Unique": true,
                                "Plans": [
                                  {
                                    "Node Type": "Nested Loop",
                                    "Parent Relationship": "Outer",
                                    "Parallel Aware": false,
                                    "Async Capable": false,
                                    "Join Type": "Inner",
                                    "Startup Cost": 0.73,
                                    "Total Cost": 35183.19,
                                    "Plan Rows": 38,
                                    "Plan Width": 43,
                                    "Output": [
                                      "catalog_sales.cs_sales_price",
                                      "catalog_sales.cs_order_number",
                                      "catalog_sales.cs_item_sk",
                                      "catalog_sales.cs_warehouse_sk",
                                      "item.i_item_id",
                                      "item.i_item_sk",
                                      "date_dim.d_date"
                                    ],
                                    "Inner Unique": true,
                                    "Plans": [
                                      {
                                        "Node Type": "Nested Loop",
                                        "Parent Relationship": "Outer",
                                        "Parallel Aware": false,
                                        "Async Capable": false,
                                        "Join Type": "Inner",
                                        "Startup Cost": 0.43,
                                        "Total Cost": 34980.18,
                                        "Plan Rows": 594,
                                        "Plan Width": 22,
                                        "Output": [
                                          "catalog_sales.cs_sales_price",
                                          "catalog_sales.cs_order_number",
                                          "catalog_sales.cs_item_sk",
                                          "catalog_sales.cs_warehouse_sk",
                                          "date_dim.d_date"
                                        ],
                                        "Inner Unique": false,
                                        "Plans": [
                                          {
                                            "Node Type": "Seq Scan",
                                            "Parent Relationship": "Outer",
                                            "Parallel Aware": true,
                                            "Async Capable": false,
                                            "Relation Name": "date_dim",
                                            "Schema": "public",
                                            "Alias": "date_dim",
                                            "Startup Cost": 0.0,
                                            "Total Cost": 2049.55,
                                            "Plan Rows": 36,
                                            "Plan Width": 8,
                                            "Output": [
                                              "date_dim.d_date_sk",
                                              "date_dim.d_date_id",
                                              "date_dim.d_date",
                                              "date_dim.d_month_seq",
                                              "date_dim.d_week_seq",
                                              "date_dim.d_quarter_seq",
                                              "date_dim.d_year",
                                              "date_dim.d_dow",
                                              "date_dim.d_moy",
                                              "date_dim.d_dom",
                                              "date_dim.d_qoy",
                                              "date_dim.d_fy_year",
                                              "date_dim.d_fy_quarter_seq",
                                              "date_dim.d_fy_week_seq",
                                              "date_dim.d_day_name",
                                              "date_dim.d_quarter_name",
                                              "date_dim.d_holiday",
                                              "date_dim.d_weekend",
                                              "date_dim.d_following_holiday",
                                              "date_dim.d_first_dom",
                                              "date_dim.d_last_dom",
                                              "date_dim.d_same_day_ly",
                                              "date_dim.d_same_day_lq",
                                              "date_dim.d_current_day",
                                              "date_dim.d_current_week",
                                              "date_dim.d_current_month",
                                              "date_dim.d_current_quarter",
                                              "date_dim.d_current_year"
                                            ],
                                            "Filter": "((date_dim.d_date >= '2002-01-21 00:00:00'::timestamp without time zone) AND (date_dim.d_date <= '2002-03-22 00:00:00'::timestamp without time zone))"
                                          },
                                          {
                                            "Node Type": "Index Scan",
                                            "Parent Relationship": "Inner",
                                            "Parallel Aware": false,
                                            "Async Capable": false,
                                            "Scan Direction": "Forward",
                                            "Index Name": "_dta_index_catalog_sales_6_1301579675__k1_4",
                                            "Relation Name": "catalog_sales",
                                            "Schema": "public",
                                            "Alias": "catalog_sales",
                                            "Startup Cost": 0.43,
                                            "Total Cost": 909.14,
                                            "Plan Rows": 560,
                                            "Plan Width": 22,
                                            "Output": [
                                              "catalog_sales.cs_sold_date_sk",
                                              "catalog_sales.cs_sold_time_sk",
                                              "catalog_sales.cs_ship_date_sk",
                                              "catalog_sales.cs_bill_customer_sk",
                                              "catalog_sales.cs_bill_cdemo_sk",
                                              "catalog_sales.cs_bill_hdemo_sk",
                                              "catalog_sales.cs_bill_addr_sk",
                                              "catalog_sales.cs_ship_customer_sk",
                                              "catalog_sales.cs_ship_cdemo_sk",
                                              "catalog_sales.cs_ship_hdemo_sk",
                                              "catalog_sales.cs_ship_addr_sk",
                                              "catalog_sales.cs_call_center_sk",
                                              "catalog_sales.cs_catalog_page_sk",
                                              "catalog_sales.cs_ship_mode_sk",
                                              "catalog_sales.cs_warehouse_sk",
                                              "catalog_sales.cs_item_sk",
                                              "catalog_sales.cs_promo_sk",
                                              "catalog_sales.cs_order_number",
                                              "catalog_sales.cs_quantity",
                                              "catalog_sales.cs_wholesale_cost",
                                              "catalog_sales.cs_list_price",
                                              "catalog_sales.cs_sales_price",
                                              "catalog_sales.cs_ext_discount_amt",
                                              "catalog_sales.cs_ext_sales_price",
                                              "catalog_sales.cs_ext_wholesale_cost",
                                              "catalog_sales.cs_ext_list_price",
                                              "catalog_sales.cs_ext_tax",
                                              "catalog_sales.cs_coupon_amt",
                                              "catalog_sales.cs_ext_ship_cost",
                                              "catalog_sales.cs_net_paid",
                                              "catalog_sales.cs_net_paid_inc_tax",
                                              "catalog_sales.cs_net_paid_inc_ship",
                                              "catalog_sales.cs_net_paid_inc_ship_tax",
                                              "catalog_sales.cs_net_profit"
                                            ],
                                            "Index Cond": "(catalog_sales.cs_sold_date_sk = date_dim.d_date_sk)",
                                            "Filter": "((catalog_sales.cs_wholesale_cost >= '68'::numeric) AND (catalog_sales.cs_wholesale_cost <= '87'::numeric))"
                                          }
                                        ]
                                      },
                                      {
                                        "Node Type": "Index Scan",
                                        "Parent Relationship": "Inner",
                                        "Parallel Aware": false,
                                        "Async Capable": false,
                                        "Scan Direction": "Forward",
                                        "Index Name": "item_pkey",
                                        "Relation Name": "item",
                                        "Schema": "public",
                                        "Alias": "item",
                                        "Startup Cost": 0.29,
                                        "Total Cost": 0.34,
                                        "Plan Rows": 1,
                                        "Plan Width": 21,
                                        "Output": [
                                          "item.i_item_sk",
                                          "item.i_item_id",
                                          "item.i_rec_start_date",
                                          "item.i_rec_end_date",
                                          "item.i_item_desc",
                                          "item.i_current_price",
                                          "item.i_wholesale_cost",
                                          "item.i_brand_id",
                                          "item.i_brand",
                                          "item.i_class_id",
                                          "item.i_class",
                                          "item.i_category_id",
                                          "item.i_category",
                                          "item.i_manufact_id",
                                          "item.i_manufact",
                                          "item.i_size",
                                          "item.i_formulation",
                                          "item.i_color",
                                          "item.i_units",
                                          "item.i_container",
                                          "item.i_manager_id",
                                          "item.i_product_name"
                                        ],
                                        "Index Cond": "(item.i_item_sk = catalog_sales.cs_item_sk)",
                                        "Filter": "((item.i_manager_id >= 42) AND (item.i_manager_id <= 81) AND (item.i_category = 'Shoes'::bpchar))"
                                      }
                                    ]
                                  },
                                  {
                                    "Node Type": "Index Scan",
                                    "Parent Relationship": "Inner",
                                    "Parallel Aware": false,
                                    "Async Capable": false,
                                    "Scan Direction": "Forward",
                                    "Index Name": "catalog_returns_pkey",
                                    "Relation Name": "catalog_returns",
                                    "Schema": "public",
                                    "Alias": "catalog_returns",
                                    "Startup Cost": 0.43,
                                    "Total Cost": 0.62,
                                    "Plan Rows": 1,
                                    "Plan Width": 14,
                                    "Output": [
                                      "catalog_returns.cr_returned_date_sk",
                                      "catalog_returns.cr_returned_time_sk",
                                      "catalog_returns.cr_item_sk",
                                      "catalog_returns.cr_refunded_customer_sk",
                                      "catalog_returns.cr_refunded_cdemo_sk",
                                      "catalog_returns.cr_refunded_hdemo_sk",
                                      "catalog_returns.cr_refunded_addr_sk",
                                      "catalog_returns.cr_returning_customer_sk",
                                      "catalog_returns.cr_returning_cdemo_sk",
                                      "catalog_returns.cr_returning_hdemo_sk",
                                      "catalog_returns.cr_returning_addr_sk",
                                      "catalog_returns.cr_call_center_sk",
                                      "catalog_returns.cr_catalog_page_sk",
                                      "catalog_returns.cr_ship_mode_sk",
                                      "catalog_returns.cr_warehouse_sk",
                                      "catalog_returns.cr_reason_sk",
                                      "catalog_returns.cr_order_number",
                                      "catalog_returns.cr_return_quantity",
                                      "catalog_returns.cr_return_amount",
                                      "catalog_returns.cr_return_tax",
                                      "catalog_returns.cr_return_amt_inc_tax",
                                      "catalog_returns.cr_fee",
                                      "catalog_returns.cr_return_ship_cost",
                                      "catalog_returns.cr_refunded_cash",
                                      "catalog_returns.cr_reversed_charge",
                                      "catalog_returns.cr_store_credit",
                                      "catalog_returns.cr_net_loss"
                                    ],
                                    "Index Cond": "((catalog_returns.cr_item_sk = catalog_sales.cs_item_sk) AND (catalog_returns.cr_order_number = catalog_sales.cs_order_number))",
                                    "Filter": "(catalog_returns.cr_reason_sk = 40)"
                                  }
                                ]
                              },
                              {
                                "Node Type": "Index Scan",
                                "Parent Relationship": "Inner",
                                "Parallel Aware": false,
                                "Async Capable": false,
                                "Scan Direction": "Forward",
                                "Index Name": "warehouse_pkey",
                                "Relation Name": "warehouse",
                                "Schema": "public",
                                "Alias": "warehouse",
                                "Startup Cost": 0.14,
                                "Total Cost": 0.15,
                                "Plan Rows": 1,
                                "Plan Width": 7,
                                "Output": [
                                  "warehouse.w_warehouse_sk",
                                  "warehouse.w_warehouse_id",
                                  "warehouse.w_warehouse_name",
                                  "warehouse.w_warehouse_sq_ft",
                                  "warehouse.w_street_number",
                                  "warehouse.w_street_name",
                                  "warehouse.w_street_type",
                                  "warehouse.w_suite_number",
                                  "warehouse.w_city",
                                  "warehouse.w_county",
                                  "warehouse.w_state",
                                  "warehouse.w_zip",
                                  "warehouse.w_country",
                                  "warehouse.w_gmt_offset"
                                ],
                                "Index Cond": "(warehouse.w_warehouse_sk = catalog_sales.cs_warehouse_sk)"
                              }
                            ]
                          }
                        ]
                      }
                    ]
                  }
                ]
              }
            ]
          }
        ]
      }
    }
  ],
  "original_sql": "select \n   w_state\n  ,i_item_id\n  ,sum(case when (cast(d_date as date) < cast ('2002-02-20' as date))\n \t\tthen cs_sales_price - coalesce(cr_refunded_cash,0) else 0 end) as sales_before\n  ,sum(case when (cast(d_date as date) >= cast ('2002-02-20' as date))\n \t\tthen cs_sales_price - coalesce(cr_refunded_cash,0) else 0 end) as sales_after\n from\n   catalog_sales left outer join catalog_returns on\n       (cs_order_number = cr_order_number\n        and cs_item_sk = cr_item_sk)\n  ,warehouse\n  ,item\n  ,date_dim\n where\n i_item_sk          = cs_item_sk\n and cs_warehouse_sk    = w_warehouse_sk\n and cs_sold_date_sk    = d_date_sk\n and d_date between  (cast ('2002-02-20' as date) - interval '30 day')\n                and (cast ('2002-02-20' as date) + interval '30 day') \n and i_category  = 'Shoes'\n and i_manager_id between 42 and 81\n and cs_wholesale_cost between 68 and 87\n and cr_reason_sk = 40\n group by\n    w_state,i_item_id\n order by w_state,i_item_id\nlimit 100"
}