{
  "query_id": "query085_spj_spj_s2",
  "engine": "postgresql",
  "benchmark": "dsb_156",
  "scale_factor": 10,
  "execution_time_ms": null,
  "planning_time_ms": 3.613003998907516,
  "plan_json": [
    {
      "Plan": {
        "Node Type": "Aggregate",
        "Strategy": "Plain",
        "Partial Mode": "Simple",
        "Parallel Aware": false,
        "Async Capable": false,
        "Startup Cost": 84613.72,
        "Total Cost": 84613.73,
        "Plan Rows": 1,
        "Plan Width": 84,
        "Output": [
          "min(web_sales.ws_quantity)",
          "min(web_returns.wr_refunded_cash)",
          "min(web_returns.wr_fee)",
          "min(web_sales.ws_item_sk)",
          "min(web_returns.wr_order_number)",
          "min(cd1.cd_demo_sk)",
          "min(cd2.cd_demo_sk)"
        ],
        "Plans": [
          {
            "Node Type": "Nested Loop",
            "Parent Relationship": "Outer",
            "Parallel Aware": false,
            "Async Capable": false,
            "Join Type": "Inner",
            "Startup Cost": 1002.71,
            "Total Cost": 84613.71,
            "Plan Rows": 1,
            "Plan Width": 32,
            "Output": [
              "web_sales.ws_quantity",
              "web_returns.wr_refunded_cash",
              "web_returns.wr_fee",
              "web_sales.ws_item_sk",
              "web_returns.wr_order_number",
              "cd1.cd_demo_sk",
              "cd2.cd_demo_sk"
            ],
            "Inner Unique": true,
            "Plans": [
              {
                "Node Type": "Nested Loop",
                "Parent Relationship": "Outer",
                "Parallel Aware": false,
                "Async Capable": false,
                "Join Type": "Inner",
                "Startup Cost": 1002.57,
                "Total Cost": 84613.55,
                "Plan Rows": 1,
                "Plan Width": 36,
                "Output": [
                  "web_sales.ws_quantity",
                  "web_sales.ws_item_sk",
                  "web_returns.wr_refunded_cash",
                  "web_returns.wr_fee",
                  "web_returns.wr_order_number",
                  "web_returns.wr_reason_sk",
                  "cd1.cd_demo_sk",
                  "cd2.cd_demo_sk"
                ],
                "Inner Unique": true,
                "Join Filter": "((cd1.cd_marital_status = cd2.cd_marital_status) AND (cd1.cd_education_status = cd2.cd_education_status))",
                "Plans": [
                  {
                    "Node Type": "Nested Loop",
                    "Parent Relationship": "Outer",
                    "Parallel Aware": false,
                    "Async Capable": false,
                    "Join Type": "Inner",
                    "Startup Cost": 1002.14,
                    "Total Cost": 84613.01,
                    "Plan Rows": 1,
                    "Plan Width": 59,
                    "Output": [
                      "web_sales.ws_quantity",
                      "web_sales.ws_item_sk",
                      "web_returns.wr_refunded_cash",
                      "web_returns.wr_fee",
                      "web_returns.wr_order_number",
                      "web_returns.wr_returning_cdemo_sk",
                      "web_returns.wr_reason_sk",
                      "cd1.cd_demo_sk",
                      "cd1.cd_marital_status",
                      "cd1.cd_education_status"
                    ],
                    "Inner Unique": true,
                    "Plans": [
                      {
                        "Node Type": "Gather",
                        "Parent Relationship": "Outer",
                        "Parallel Aware": false,
                        "Async Capable": false,
                        "Startup Cost": 1002.0,
                        "Total Cost": 84612.85,
                        "Plan Rows": 1,
                        "Plan Width": 63,
                        "Output": [
                          "web_sales.ws_quantity",
                          "web_sales.ws_item_sk",
                          "web_sales.ws_web_page_sk",
                          "web_returns.wr_refunded_cash",
                          "web_returns.wr_fee",
                          "web_returns.wr_order_number",
                          "web_returns.wr_returning_cdemo_sk",
                          "web_returns.wr_reason_sk",
                          "cd1.cd_demo_sk",
                          "cd1.cd_marital_status",
                          "cd1.cd_education_status"
                        ],
                        "Workers Planned": 2,
                        "Single Copy": false,
                        "Plans": [
                          {
                            "Node Type": "Nested Loop",
                            "Parent Relationship": "Outer",
                            "Parallel Aware": false,
                            "Async Capable": false,
                            "Join Type": "Inner",
                            "Startup Cost": 2.0,
                            "Total Cost": 83612.75,
                            "Plan Rows": 1,
                            "Plan Width": 63,
                            "Output": [
                              "web_sales.ws_quantity",
                              "web_sales.ws_item_sk",
                              "web_sales.ws_web_page_sk",
                              "web_returns.wr_refunded_cash",
                              "web_returns.wr_fee",
                              "web_returns.wr_order_number",
                              "web_returns.wr_returning_cdemo_sk",
                              "web_returns.wr_reason_sk",
                              "cd1.cd_demo_sk",
                              "cd1.cd_marital_status",
                              "cd1.cd_education_status"
                            ],
                            "Inner Unique": true,
                            "Join Filter": "(((cd1.cd_marital_status = 'S'::bpchar) AND (cd1.cd_education_status = 'Primary'::bpchar) AND (web_sales.ws_sales_price >= 100.00) AND (web_sales.ws_sales_price <= 150.00)) OR ((cd1.cd_marital_status = 'M'::bpchar) AND (cd1.cd_education_status = 'Secondary'::bpchar) AND (web_sales.ws_sales_price >= 50.00) AND (web_sales.ws_sales_price <= 100.00)) OR ((cd1.cd_marital_status = 'U'::bpchar) AND (cd1.cd_education_status = '2 yr Degree'::bpchar) AND (web_sales.ws_sales_price >= 150.00) AND (web_sales.ws_sales_price <= 200.00)))",
                            "Plans": [
                              {
                                "Node Type": "Nested Loop",
                                "Parent Relationship": "Outer",
                                "Parallel Aware": false,
                                "Async Capable": false,
                                "Join Type": "Inner",
                                "Startup Cost": 1.57,
                                "Total Cost": 83611.02,
                                "Plan Rows": 3,
                                "Plan Width": 46,
                                "Output": [
                                  "web_sales.ws_quantity",
                                  "web_sales.ws_item_sk",
                                  "web_sales.ws_web_page_sk",
                                  "web_sales.ws_sales_price",
                                  "web_returns.wr_refunded_cash",
                                  "web_returns.wr_fee",
                                  "web_returns.wr_order_number",
                                  "web_returns.wr_refunded_cdemo_sk",
                                  "web_returns.wr_returning_cdemo_sk",
                                  "web_returns.wr_reason_sk"
                                ],
                                "Inner Unique": true,
                                "Join Filter": "(((customer_address.ca_state = ANY ('{KY,NC,SD}'::bpchar[])) AND (web_sales.ws_net_profit >= '100'::numeric) AND (web_sales.ws_net_profit <= '200'::numeric)) OR ((customer_address.ca_state = ANY ('{AR,GA,IN}'::bpchar[])) AND (web_sales.ws_net_profit >= '150'::numeric) AND (web_sales.ws_net_profit <= '300'::numeric)) OR ((customer_address.ca_state = ANY ('{KS,OH,VA}'::bpchar[])) AND (web_sales.ws_net_profit >= '50'::numeric) AND (web_sales.ws_net_profit <= '250'::numeric)))",
                                "Plans": [
                                  {
                                    "Node Type": "Nested Loop",
                                    "Parent Relationship": "Outer",
                                    "Parallel Aware": false,
                                    "Async Capable": false,
                                    "Join Type": "Inner",
                                    "Startup Cost": 1.15,
                                    "Total Cost": 83595.89,
                                    "Plan Rows": 30,
                                    "Plan Width": 56,
                                    "Output": [
                                      "web_sales.ws_quantity",
                                      "web_sales.ws_item_sk",
                                      "web_sales.ws_web_page_sk",
                                      "web_sales.ws_sales_price",
                                      "web_sales.ws_net_profit",
                                      "web_returns.wr_refunded_cash",
                                      "web_returns.wr_fee",
                                      "web_returns.wr_order_number",
                                      "web_returns.wr_refunded_cdemo_sk",
                                      "web_returns.wr_returning_cdemo_sk",
                                      "web_returns.wr_refunded_addr_sk",
                                      "web_returns.wr_reason_sk"
                                    ],
                                    "Inner Unique": true,
                                    "Plans": [
                                      {
                                        "Node Type": "Nested Loop",
                                        "Parent Relationship": "Outer",
                                        "Parallel Aware": false,
                                        "Async Capable": false,
                                        "Join Type": "Inner",
                                        "Startup Cost": 0.72,
                                        "Total Cost": 83022.01,
                                        "Plan Rows": 720,
                                        "Plan Width": 28,
                                        "Output": [
                                          "web_sales.ws_quantity",
                                          "web_sales.ws_item_sk",
                                          "web_sales.ws_web_page_sk",
                                          "web_sales.ws_order_number",
                                          "web_sales.ws_sales_price",
                                          "web_sales.ws_net_profit"
                                        ],
                                        "Inner Unique": false,
                                        "Plans": [
                                          {
                                            "Node Type": "Index Only Scan",
                                            "Parent Relationship": "Outer",
                                            "Parallel Aware": true,
                                            "Async Capable": false,
                                            "Scan Direction": "Forward",
                                            "Index Name": "_dta_index_date_dim_6_661577395__k1_k7_k9",
                                            "Relation Name": "date_dim",
                                            "Schema": "public",
                                            "Alias": "date_dim",
                                            "Startup Cost": 0.29,
                                            "Total Cost": 1677.67,
                                            "Plan Rows": 151,
                                            "Plan Width": 4,
                                            "Output": [
                                              "date_dim.d_date_sk",
                                              "date_dim.d_year",
                                              "date_dim.d_moy"
                                            ],
                                            "Index Cond": "(date_dim.d_year = 2002)"
                                          },
                                          {
                                            "Node Type": "Index Scan",
                                            "Parent Relationship": "Inner",
                                            "Parallel Aware": false,
                                            "Async Capable": false,
                                            "Scan Direction": "Forward",
                                            "Index Name": "_dta_index_web_sales_6_1269579561__k1_8_24",
                                            "Relation Name": "web_sales",
                                            "Schema": "public",
                                            "Alias": "web_sales",
                                            "Startup Cost": 0.43,
                                            "Total Cost": 537.06,
                                            "Plan Rows": 164,
                                            "Plan Width": 32,
                                            "Output": [
                                              "web_sales.ws_sold_date_sk",
                                              "web_sales.ws_sold_time_sk",
                                              "web_sales.ws_ship_date_sk",
                                              "web_sales.ws_item_sk",
                                              "web_sales.ws_bill_customer_sk",
                                              "web_sales.ws_bill_cdemo_sk",
                                              "web_sales.ws_bill_hdemo_sk",
                                              "web_sales.ws_bill_addr_sk",
                                              "web_sales.ws_ship_customer_sk",
                                              "web_sales.ws_ship_cdemo_sk",
                                              "web_sales.ws_ship_hdemo_sk",
                                              "web_sales.ws_ship_addr_sk",
                                              "web_sales.ws_web_page_sk",
                                              "web_sales.ws_web_site_sk",
                                              "web_sales.ws_ship_mode_sk",
                                              "web_sales.ws_warehouse_sk",
                                              "web_sales.ws_promo_sk",
                                              "web_sales.ws_order_number",
                                              "web_sales.ws_quantity",
                                              "web_sales.ws_wholesale_cost",
                                              "web_sales.ws_list_price",
                                              "web_sales.ws_sales_price",
                                              "web_sales.ws_ext_discount_amt",
                                              "web_sales.ws_ext_sales_price",
                                              "web_sales.ws_ext_wholesale_cost",
                                              "web_sales.ws_ext_list_price",
                                              "web_sales.ws_ext_tax",
                                              "web_sales.ws_coupon_amt",
                                              "web_sales.ws_ext_ship_cost",
                                              "web_sales.ws_net_paid",
                                              "web_sales.ws_net_paid_inc_tax",
                                              "web_sales.ws_net_paid_inc_ship",
                                              "web_sales.ws_net_paid_inc_ship_tax",
                                              "web_sales.ws_net_profit"
                                            ],
                                            "Index Cond": "(web_sales.ws_sold_date_sk = date_dim.d_date_sk)",
                                            "Filter": "((((web_sales.ws_sales_price >= 100.00) AND (web_sales.ws_sales_price <= 150.00)) OR ((web_sales.ws_sales_price >= 50.00) AND (web_sales.ws_sales_price <= 100.00)) OR ((web_sales.ws_sales_price >= 150.00) AND (web_sales.ws_sales_price <= 200.00))) AND (((web_sales.ws_net_profit >= '100'::numeric) AND (web_sales.ws_net_profit <= '200'::numeric)) OR ((web_sales.ws_net_profit >= '150'::numeric) AND (web_sales.ws_net_profit <= '300'::numeric)) OR ((web_sales.ws_net_profit >= '50'::numeric) AND (web_sales.ws_net_profit <= '250'::numeric))))"
                                          }
                                        ]
                                      },
                                      {
                                        "Node Type": "Index Scan",
                                        "Parent Relationship": "Inner",
                                        "Parallel Aware": false,
                                        "Async Capable": false,
                                        "Scan Direction": "Forward",
                                        "Index Name": "web_returns_pkey",
                                        "Relation Name": "web_returns",
                                        "Schema": "public",
                                        "Alias": "web_returns",
                                        "Startup Cost": 0.43,
                                        "Total Cost": 0.8,
                                        "Plan Rows": 1,
                                        "Plan Width": 36,
                                        "Output": [
                                          "web_returns.wr_returned_date_sk",
                                          "web_returns.wr_returned_time_sk",
                                          "web_returns.wr_item_sk",
                                          "web_returns.wr_refunded_customer_sk",
                                          "web_returns.wr_refunded_cdemo_sk",
                                          "web_returns.wr_refunded_hdemo_sk",
                                          "web_returns.wr_refunded_addr_sk",
                                          "web_returns.wr_returning_customer_sk",
                                          "web_returns.wr_returning_cdemo_sk",
                                          "web_returns.wr_returning_hdemo_sk",
                                          "web_returns.wr_returning_addr_sk",
                                          "web_returns.wr_web_page_sk",
                                          "web_returns.wr_reason_sk",
                                          "web_returns.wr_order_number",
                                          "web_returns.wr_return_quantity",
                                          "web_returns.wr_return_amt",
                                          "web_returns.wr_return_tax",
                                          "web_returns.wr_return_amt_inc_tax",
                                          "web_returns.wr_fee",
                                          "web_returns.wr_return_ship_cost",
                                          "web_returns.wr_refunded_cash",
                                          "web_returns.wr_reversed_charge",
                                          "web_returns.wr_account_credit",
                                          "web_returns.wr_net_loss"
                                        ],
                                        "Index Cond": "((web_returns.wr_item_sk = web_sales.ws_item_sk) AND (web_returns.wr_order_number = web_sales.ws_order_number))"
                                      }
                                    ]
                                  },
                                  {
                                    "Node Type": "Index Scan",
                                    "Parent Relationship": "Inner",
                                    "Parallel Aware": false,
                                    "Async Capable": false,
                                    "Scan Direction": "Forward",
                                    "Index Name": "customer_address_pkey",
                                    "Relation Name": "customer_address",
                                    "Schema": "public",
                                    "Alias": "customer_address",
                                    "Startup Cost": 0.42,
                                    "Total Cost": 0.47,
                                    "Plan Rows": 1,
                                    "Plan Width": 7,
                                    "Output": [
                                      "customer_address.ca_address_sk",
                                      "customer_address.ca_address_id",
                                      "customer_address.ca_street_number",
                                      "customer_address.ca_street_name",
                                      "customer_address.ca_street_type",
                                      "customer_address.ca_suite_number",
                                      "customer_address.ca_city",
                                      "customer_address.ca_county",
                                      "customer_address.ca_state",
                                      "customer_address.ca_zip",
                                      "customer_address.ca_country",
                                      "customer_address.ca_gmt_offset",
                                      "customer_address.ca_location_type"
                                    ],
                                    "Index Cond": "(customer_address.ca_address_sk = web_returns.wr_refunded_addr_sk)",
                                    "Filter": "(((customer_address.ca_country)::text = 'United States'::text) AND ((customer_address.ca_state = ANY ('{KY,NC,SD}'::bpchar[])) OR (customer_address.ca_state = ANY ('{AR,GA,IN}'::bpchar[])) OR (customer_address.ca_state = ANY ('{KS,OH,VA}'::bpchar[]))))"
                                  }
                                ]
                              },
                              {
                                "Node Type": "Index Scan",
                                "Parent Relationship": "Inner",
                                "Parallel Aware": false,
                                "Async Capable": false,
                                "Scan Direction": "Forward",
                                "Index Name": "customer_demographics_pkey",
                                "Relation Name": "customer_demographics",
                                "Schema": "public",
                                "Alias": "cd1",
                                "Startup Cost": 0.43,
                                "Total Cost": 0.54,
                                "Plan Rows": 1,
                                "Plan Width": 27,
                                "Output": [
                                  "cd1.cd_demo_sk",
                                  "cd1.cd_gender",
                                  "cd1.cd_marital_status",
                                  "cd1.cd_education_status",
                                  "cd1.cd_purchase_estimate",
                                  "cd1.cd_credit_rating",
                                  "cd1.cd_dep_count",
                                  "cd1.cd_dep_employed_count",
                                  "cd1.cd_dep_college_count"
                                ],
                                "Index Cond": "(cd1.cd_demo_sk = web_returns.wr_refunded_cdemo_sk)",
                                "Filter": "(((cd1.cd_marital_status = 'S'::bpchar) AND (cd1.cd_education_status = 'Primary'::bpchar)) OR ((cd1.cd_marital_status = 'M'::bpchar) AND (cd1.cd_education_status = 'Secondary'::bpchar)) OR ((cd1.cd_marital_status = 'U'::bpchar) AND (cd1.cd_education_status = '2 yr Degree'::bpchar)))"
                              }
                            ]
                          }
                        ]
                      },
                      {
                        "Node Type": "Index Only Scan",
                        "Parent Relationship": "Inner",
                        "Parallel Aware": false,
                        "Async Capable": false,
                        "Scan Direction": "Forward",
                        "Index Name": "web_page_pkey",
                        "Relation Name": "web_page",
                        "Schema": "public",
                        "Alias": "web_page",
                        "Startup Cost": 0.14,
                        "Total Cost": 0.16,
                        "Plan Rows": 1,
                        "Plan Width": 4,
                        "Output": [
                          "web_page.wp_web_page_sk"
                        ],
                        "Index Cond": "(web_page.wp_web_page_sk = web_sales.ws_web_page_sk)"
                      }
                    ]
                  },
                  {
                    "Node Type": "Index Scan",
                    "Parent Relationship": "Inner",
                    "Parallel Aware": false,
                    "Async Capable": false,
                    "Scan Direction": "Forward",
                    "Index Name": "customer_demographics_pkey",
                    "Relation Name": "customer_demographics",
                    "Schema": "public",
                    "Alias": "cd2",
                    "Startup Cost": 0.43,
                    "Total Cost": 0.52,
                    "Plan Rows": 1,
                    "Plan Width": 27,
                    "Output": [
                      "cd2.cd_demo_sk",
                      "cd2.cd_gender",
                      "cd2.cd_marital_status",
                      "cd2.cd_education_status",
                      "cd2.cd_purchase_estimate",
                      "cd2.cd_credit_rating",
                      "cd2.cd_dep_count",
                      "cd2.cd_dep_employed_count",
                      "cd2.cd_dep_college_count"
                    ],
                    "Index Cond": "(cd2.cd_demo_sk = web_returns.wr_returning_cdemo_sk)"
                  }
                ]
              },
              {
                "Node Type": "Index Only Scan",
                "Parent Relationship": "Inner",
                "Parallel Aware": false,
                "Async Capable": false,
                "Scan Direction": "Forward",
                "Index Name": "reason_pkey",
                "Relation Name": "reason",
                "Schema": "public",
                "Alias": "reason",
                "Startup Cost": 0.14,
                "Total Cost": 0.16,
                "Plan Rows": 1,
                "Plan Width": 4,
                "Output": [
                  "reason.r_reason_sk"
                ],
                "Index Cond": "(reason.r_reason_sk = web_returns.wr_reason_sk)"
              }
            ]
          }
        ]
      }
    }
  ],
  "original_sql": "select min(ws_quantity)\n       ,min(wr_refunded_cash)\n       ,min(wr_fee)\n       ,min(ws_item_sk)\n       ,min(wr_order_number)\n       ,min(cd1.cd_demo_sk)\n\t   ,min(cd2.cd_demo_sk)\n from web_sales, web_returns, web_page, customer_demographics cd1,\n      customer_demographics cd2, customer_address, date_dim, reason\n where ws_web_page_sk = wp_web_page_sk\n   and ws_item_sk = wr_item_sk\n   and ws_order_number = wr_order_number\n   and ws_sold_date_sk = d_date_sk and d_year = 2002\n   and cd1.cd_demo_sk = wr_refunded_cdemo_sk\n   and cd2.cd_demo_sk = wr_returning_cdemo_sk\n   and ca_address_sk = wr_refunded_addr_sk\n   and r_reason_sk = wr_reason_sk\n   and\n   (\n    (\n     cd1.cd_marital_status = 'S'\n     and\n     cd1.cd_marital_status = cd2.cd_marital_status\n     and\n     cd1.cd_education_status = 'Primary'\n     and\n     cd1.cd_education_status = cd2.cd_education_status\n     and\n     ws_sales_price between 100.00 and 150.00\n    )\n   or\n    (\n     cd1.cd_marital_status = 'M'\n     and\n     cd1.cd_marital_status = cd2.cd_marital_status\n     and\n     cd1.cd_education_status = 'Secondary'\n     and\n     cd1.cd_education_status = cd2.cd_education_status\n     and\n     ws_sales_price between 50.00 and 100.00\n    )\n   or\n    (\n     cd1.cd_marital_status = 'U'\n     and\n     cd1.cd_marital_status = cd2.cd_marital_status\n     and\n     cd1.cd_education_status = '2 yr Degree'\n     and\n     cd1.cd_education_status = cd2.cd_education_status\n     and\n     ws_sales_price between 150.00 and 200.00\n    )\n   )\n   and\n   (\n    (\n     ca_country = 'United States'\n     and\n     ca_state in ('KY', 'NC', 'SD')\n     and ws_net_profit between 100 and 200\n    )\n    or\n    (\n     ca_country = 'United States'\n     and\n     ca_state in ('AR', 'GA', 'IN')\n     and ws_net_profit between 150 and 300\n    )\n    or\n    (\n     ca_country = 'United States'\n     and\n     ca_state in ('KS', 'OH', 'VA')\n     and ws_net_profit between 50 and 250\n    )\n   )"
}