{
  "query_id": "query023_multi_s2",
  "engine": "postgresql",
  "benchmark": "dsb_156",
  "scale_factor": 10,
  "execution_time_ms": null,
  "planning_time_ms": 2.484125998307718,
  "plan_json": [
    {
      "Plan": {
        "Node Type": "Limit",
        "Parallel Aware": false,
        "Async Capable": false,
        "Startup Cost": 586531.47,
        "Total Cost": 586531.48,
        "Plan Rows": 1,
        "Plan Width": 32,
        "Output": [
          "(sum((((catalog_sales.cs_quantity)::numeric * catalog_sales.cs_list_price))))"
        ],
        "Plans": [
          {
            "Node Type": "Aggregate",
            "Strategy": "Sorted",
            "Partial Mode": "Finalize",
            "Parent Relationship": "InitPlan",
            "Subplan Name": "CTE frequent_ss_items",
            "Parallel Aware": false,
            "Async Capable": false,
            "Startup Cost": 108516.1,
            "Total Cost": 109189.98,
            "Plan Rows": 1751,
            "Plan Width": 48,
            "Output": [
              "(\"substring\"((item.i_item_desc)::text, 1, 30))",
              "item.i_item_sk",
              "date_dim_2.d_date",
              "count(*)"
            ],
            "Group Key": [
              "(\"substring\"((item.i_item_desc)::text, 1, 30))",
              "item.i_item_sk",
              "date_dim_2.d_date"
            ],
            "Filter": "(count(*) > 4)",
            "Plans": [
              {
                "Node Type": "Gather Merge",
                "Parent Relationship": "Outer",
                "Parallel Aware": false,
                "Async Capable": false,
                "Startup Cost": 108516.1,
                "Total Cost": 109076.16,
                "Plan Rows": 4378,
                "Plan Width": 48,
                "Output": [
                  "(\"substring\"((item.i_item_desc)::text, 1, 30))",
                  "item.i_item_sk",
                  "date_dim_2.d_date",
                  "(PARTIAL count(*))"
                ],
                "Workers Planned": 2,
                "Plans": [
                  {
                    "Node Type": "Aggregate",
                    "Strategy": "Sorted",
                    "Partial Mode": "Partial",
                    "Parent Relationship": "Outer",
                    "Parallel Aware": false,
                    "Async Capable": false,
                    "Startup Cost": 107516.08,
                    "Total Cost": 107570.8,
                    "Plan Rows": 2189,
                    "Plan Width": 48,
                    "Output": [
                      "(\"substring\"((item.i_item_desc)::text, 1, 30))",
                      "item.i_item_sk",
                      "date_dim_2.d_date",
                      "PARTIAL count(*)"
                    ],
                    "Group Key": [
                      "(\"substring\"((item.i_item_desc)::text, 1, 30))",
                      "item.i_item_sk",
                      "date_dim_2.d_date"
                    ],
                    "Plans": [
                      {
                        "Node Type": "Sort",
                        "Parent Relationship": "Outer",
                        "Parallel Aware": false,
                        "Async Capable": false,
                        "Startup Cost": 107516.08,
                        "Total Cost": 107521.55,
                        "Plan Rows": 2189,
                        "Plan Width": 40,
                        "Output": [
                          "(\"substring\"((item.i_item_desc)::text, 1, 30))",
                          "item.i_item_sk",
                          "date_dim_2.d_date"
                        ],
                        "Sort Key": [
                          "(\"substring\"((item.i_item_desc)::text, 1, 30))",
                          "item.i_item_sk",
                          "date_dim_2.d_date"
                        ],
                        "Plans": [
                          {
                            "Node Type": "Hash Join",
                            "Parent Relationship": "Outer",
                            "Parallel Aware": false,
                            "Async Capable": false,
                            "Join Type": "Inner",
                            "Startup Cost": 587.09,
                            "Total Cost": 107394.63,
                            "Plan Rows": 2189,
                            "Plan Width": 40,
                            "Output": [
                              "\"substring\"((item.i_item_desc)::text, 1, 30)",
                              "item.i_item_sk",
                              "date_dim_2.d_date"
                            ],
                            "Inner Unique": true,
                            "Hash Cond": "(store_sales.ss_sold_date_sk = date_dim_2.d_date_sk)",
                            "Plans": [
                              {
                                "Node Type": "Nested Loop",
                                "Parent Relationship": "Outer",
                                "Parallel Aware": false,
                                "Async Capable": false,
                                "Join Type": "Inner",
                                "Startup Cost": 0.56,
                                "Total Cost": 105586.28,
                                "Plan Rows": 463346,
                                "Plan Width": 111,
                                "Output": [
                                  "store_sales.ss_sold_date_sk",
                                  "item.i_item_desc",
                                  "item.i_item_sk"
                                ],
                                "Inner Unique": false,
                                "Plans": [
                                  {
                                    "Node Type": "Seq Scan",
                                    "Parent Relationship": "Outer",
                                    "Parallel Aware": true,
                                    "Async Capable": false,
                                    "Relation Name": "item",
                                    "Schema": "public",
                                    "Alias": "item",
                                    "Startup Cost": 0.0,
                                    "Total Cost": 7766.88,
                                    "Plan Rows": 1641,
                                    "Plan Width": 107,
                                    "Output": [
                                      "item.i_item_sk",
                                      "item.i_item_id",
                                      "item.i_rec_start_date",
                                      "item.i_rec_end_date",
                                      "item.i_item_desc",
                                      "item.i_current_price",
                                      "item.i_wholesale_cost",
                                      "item.i_brand_id",
                                      "item.i_brand",
                                      "item.i_class_id",
                                      "item.i_class",
                                      "item.i_category_id",
                                      "item.i_category",
                                      "item.i_manufact_id",
                                      "item.i_manufact",
                                      "item.i_size",
                                      "item.i_formulation",
                                      "item.i_color",
                                      "item.i_units",
                                      "item.i_container",
                                      "item.i_manager_id",
                                      "item.i_product_name"
                                    ],
                                    "Filter": "((item.i_manager_id >= 44) AND (item.i_manager_id <= 63) AND (item.i_category = ANY ('{Men,Music,Sports}'::bpchar[])))"
                                  },
                                  {
                                    "Node Type": "Index Only Scan",
                                    "Parent Relationship": "Inner",
                                    "Parallel Aware": false,
                                    "Async Capable": false,
                                    "Scan Direction": "Forward",
                                    "Index Name": "_dta_index_store_sales_6_1333579789__k3_k10_k4_k1_k8",
                                    "Relation Name": "store_sales",
                                    "Schema": "public",
                                    "Alias": "store_sales",
                                    "Startup Cost": 0.56,
                                    "Total Cost": 47.42,
                                    "Plan Rows": 1219,
                                    "Plan Width": 8,
                                    "Output": [
                                      "store_sales.ss_item_sk",
                                      "store_sales.ss_ticket_number",
                                      "store_sales.ss_customer_sk",
                                      "store_sales.ss_sold_date_sk",
                                      "store_sales.ss_store_sk"
                                    ],
                                    "Index Cond": "(store_sales.ss_item_sk = item.i_item_sk)"
                                  }
                                ]
                              },
                              {
                                "Node Type": "Hash",
                                "Parent Relationship": "Inner",
                                "Parallel Aware": false,
                                "Async Capable": false,
                                "Startup Cost": 582.0,
                                "Total Cost": 582.0,
                                "Plan Rows": 362,
                                "Plan Width": 8,
                                "Output": [
                                  "date_dim_2.d_date",
                                  "date_dim_2.d_date_sk"
                                ],
                                "Plans": [
                                  {
                                    "Node Type": "Index Scan",
                                    "Parent Relationship": "Outer",
                                    "Parallel Aware": false,
                                    "Async Capable": false,
                                    "Scan Direction": "Forward",
                                    "Index Name": "_dta_index_date_dim_6_661577395__k7_k1",
                                    "Relation Name": "date_dim",
                                    "Schema": "public",
                                    "Alias": "date_dim_2",
                                    "Startup Cost": 0.29,
                                    "Total Cost": 582.0,
                                    "Plan Rows": 362,
                                    "Plan Width": 8,
                                    "Output": [
                                      "date_dim_2.d_date",
                                      "date_dim_2.d_date_sk"
                                    ],
                                    "Index Cond": "(date_dim_2.d_year = 1999)"
                                  }
                                ]
                              }
                            ]
                          }
                        ]
                      }
                    ]
                  }
                ]
              }
            ]
          },
          {
            "Node Type": "Aggregate",
            "Strategy": "Sorted",
            "Partial Mode": "Finalize",
            "Parent Relationship": "InitPlan",
            "Subplan Name": "CTE best_ss_customer",
            "Parallel Aware": false,
            "Async Capable": false,
            "Startup Cost": 154468.06,
            "Total Cost": 453923.59,
            "Plan Rows": 12794,
            "Plan Width": 36,
            "Output": [
              "customer_1.c_customer_sk",
              "sum(((store_sales_2.ss_quantity)::numeric * store_sales_2.ss_sales_price))"
            ],
            "Group Key": [
              "customer_1.c_customer_sk"
            ],
            "Filter": "(sum(((store_sales_2.ss_quantity)::numeric * store_sales_2.ss_sales_price)) > (0.95000000000000000000 * $6))",
            "Plans": [
              {
                "Node Type": "Aggregate",
                "Strategy": "Plain",
                "Partial Mode": "Simple",
                "Parent Relationship": "InitPlan",
                "Subplan Name": "InitPlan 2 (returns $6)",
                "Parallel Aware": false,
                "Async Capable": false,
                "Startup Cost": 153467.04,
                "Total Cost": 153467.05,
                "Plan Rows": 1,
                "Plan Width": 32,
                "Output": [
                  "max((sum(((store_sales_1.ss_quantity)::numeric * store_sales_1.ss_sales_price))))"
                ],
                "Plans": [
                  {
                    "Node Type": "Aggregate",
                    "Strategy": "Sorted",
                    "Partial Mode": "Finalize",
                    "Parent Relationship": "Outer",
                    "Parallel Aware": false,
                    "Async Capable": false,
                    "Startup Cost": 152312.35,
                    "Total Cost": 153362.32,
                    "Plan Rows": 8377,
                    "Plan Width": 36,
                    "Output": [
                      "customer.c_customer_sk",
                      "sum(((store_sales_1.ss_quantity)::numeric * store_sales_1.ss_sales_price))"
                    ],
                    "Group Key": [
                      "customer.c_customer_sk"
                    ],
                    "Plans": [
                      {
                        "Node Type": "Gather Merge",
                        "Parent Relationship": "Outer",
                        "Parallel Aware": false,
                        "Async Capable": false,
                        "Startup Cost": 152312.35,
                        "Total Cost": 153205.26,
                        "Plan Rows": 6980,
                        "Plan Width": 36,
                        "Output": [
                          "customer.c_customer_sk",
                          "(PARTIAL sum(((store_sales_1.ss_quantity)::numeric * store_sales_1.ss_sales_price)))"
                        ],
                        "Workers Planned": 2,
                        "Plans": [
                          {
                            "Node Type": "Aggregate",
                            "Strategy": "Sorted",
                            "Partial Mode": "Partial",
                            "Parent Relationship": "Outer",
                            "Parallel Aware": false,
                            "Async Capable": false,
                            "Startup Cost": 151312.32,
                            "Total Cost": 151399.57,
                            "Plan Rows": 3490,
                            "Plan Width": 36,
                            "Output": [
                              "customer.c_customer_sk",
                              "PARTIAL sum(((store_sales_1.ss_quantity)::numeric * store_sales_1.ss_sales_price))"
                            ],
                            "Group Key": [
                              "customer.c_customer_sk"
                            ],
                            "Plans": [
                              {
                                "Node Type": "Sort",
                                "Parent Relationship": "Outer",
                                "Parallel Aware": false,
                                "Async Capable": false,
                                "Startup Cost": 151312.32,
                                "Total Cost": 151321.05,
                                "Plan Rows": 3490,
                                "Plan Width": 14,
                                "Output": [
                                  "customer.c_customer_sk",
                                  "store_sales_1.ss_quantity",
                                  "store_sales_1.ss_sales_price"
                                ],
                                "Sort Key": [
                                  "customer.c_customer_sk"
                                ],
                                "Plans": [
                                  {
                                    "Node Type": "Nested Loop",
                                    "Parent Relationship": "Outer",
                                    "Parallel Aware": false,
                                    "Async Capable": false,
                                    "Join Type": "Inner",
                                    "Startup Cost": 1.28,
                                    "Total Cost": 151106.95,
                                    "Plan Rows": 3490,
                                    "Plan Width": 14,
                                    "Output": [
                                      "customer.c_customer_sk",
                                      "store_sales_1.ss_quantity",
                                      "store_sales_1.ss_sales_price"
                                    ],
                                    "Inner Unique": true,
                                    "Plans": [
                                      {
                                        "Node Type": "Nested Loop",
                                        "Parent Relationship": "Outer",
                                        "Parallel Aware": false,
                                        "Async Capable": false,
                                        "Join Type": "Inner",
                                        "Startup Cost": 0.85,
                                        "Total Cost": 149369.25,
                                        "Plan Rows": 3659,
                                        "Plan Width": 14,
                                        "Output": [
                                          "store_sales_1.ss_quantity",
                                          "store_sales_1.ss_sales_price",
                                          "store_sales_1.ss_customer_sk"
                                        ],
                                        "Inner Unique": false,
                                        "Plans": [
                                          {
                                            "Node Type": "Index Only Scan",
                                            "Parent Relationship": "Outer",
                                            "Parallel Aware": true,
                                            "Async Capable": false,
                                            "Scan Direction": "Forward",
                                            "Index Name": "_dta_index_date_dim_6_661577395__k1_k7_k9",
                                            "Relation Name": "date_dim",
                                            "Schema": "public",
                                            "Alias": "date_dim_3",
                                            "Startup Cost": 0.29,
                                            "Total Cost": 1677.67,
                                            "Plan Rows": 151,
                                            "Plan Width": 4,
                                            "Output": [
                                              "date_dim_3.d_date_sk",
                                              "date_dim_3.d_year",
                                              "date_dim_3.d_moy"
                                            ],
                                            "Index Cond": "(date_dim_3.d_year = 1999)"
                                          },
                                          {
                                            "Node Type": "Index Only Scan",
                                            "Parent Relationship": "Inner",
                                            "Parallel Aware": false,
                                            "Async Capable": false,
                                            "Scan Direction": "Forward",
                                            "Index Name": "_dta_index_store_sales_6_1333579789__k1_k23_k14_k6_k8_k5_k7_3_4",
                                            "Relation Name": "store_sales",
                                            "Schema": "public",
                                            "Alias": "store_sales_1",
                                            "Startup Cost": 0.56,
                                            "Total Cost": 969.45,
                                            "Plan Rows": 864,
                                            "Plan Width": 18,
                                            "Output": [
                                              "store_sales_1.ss_sold_date_sk",
                                              "store_sales_1.ss_net_profit",
                                              "store_sales_1.ss_sales_price",
                                              "store_sales_1.ss_hdemo_sk",
                                              "store_sales_1.ss_store_sk",
                                              "store_sales_1.ss_cdemo_sk",
                                              "store_sales_1.ss_addr_sk",
                                              "store_sales_1.ss_item_sk",
                                              "store_sales_1.ss_customer_sk",
                                              "store_sales_1.ss_promo_sk",
                                              "store_sales_1.ss_ticket_number",
                                              "store_sales_1.ss_quantity",
                                              "store_sales_1.ss_wholesale_cost",
                                              "store_sales_1.ss_list_price",
                                              "store_sales_1.ss_ext_sales_price",
                                              "store_sales_1.ss_ext_wholesale_cost",
                                              "store_sales_1.ss_coupon_amt"
                                            ],
                                            "Index Cond": "(store_sales_1.ss_sold_date_sk = date_dim_3.d_date_sk)",
                                            "Filter": "((store_sales_1.ss_wholesale_cost >= '26'::numeric) AND (store_sales_1.ss_wholesale_cost <= '36'::numeric))"
                                          }
                                        ]
                                      },
                                      {
                                        "Node Type": "Index Only Scan",
                                        "Parent Relationship": "Inner",
                                        "Parallel Aware": false,
                                        "Async Capable": false,
                                        "Scan Direction": "Forward",
                                        "Index Name": "_dta_index_customer_6_949578421__k1_k5",
                                        "Relation Name": "customer",
                                        "Schema": "public",
                                        "Alias": "customer",
                                        "Startup Cost": 0.42,
                                        "Total Cost": 0.47,
                                        "Plan Rows": 1,
                                        "Plan Width": 4,
                                        "Output": [
                                          "customer.c_customer_sk",
                                          "customer.c_current_addr_sk"
                                        ],
                                        "Index Cond": "(customer.c_customer_sk = store_sales_1.ss_customer_sk)"
                                      }
                                    ]
                                  }
                                ]
                              }
                            ]
                          }
                        ]
                      }
                    ]
                  }
                ]
              },
              {
                "Node Type": "Gather Merge",
                "Parent Relationship": "Outer",
                "Parallel Aware": false,
                "Async Capable": false,
                "Startup Cost": 1001.01,
                "Total Cost": 299209.09,
                "Plan Rows": 76766,
                "Plan Width": 36,
                "Output": [
                  "customer_1.c_customer_sk",
                  "(PARTIAL sum(((store_sales_2.ss_quantity)::numeric * store_sales_2.ss_sales_price)))"
                ],
                "Workers Planned": 2,
                "Plans": [
                  {
                    "Node Type": "Aggregate",
                    "Strategy": "Sorted",
                    "Partial Mode": "Partial",
                    "Parent Relationship": "Outer",
                    "Parallel Aware": false,
                    "Async Capable": false,
                    "Startup Cost": 0.98,
                    "Total Cost": 289348.37,
                    "Plan Rows": 38383,
                    "Plan Width": 36,
                    "Output": [
                      "customer_1.c_customer_sk",
                      "PARTIAL sum(((store_sales_2.ss_quantity)::numeric * store_sales_2.ss_sales_price))"
                    ],
                    "Group Key": [
                      "customer_1.c_customer_sk"
                    ],
                    "Plans": [
                      {
                        "Node Type": "Nested Loop",
                        "Parent Relationship": "Outer",
                        "Parallel Aware": false,
                        "Async Capable": false,
                        "Join Type": "Inner",
                        "Startup Cost": 0.98,
                        "Total Cost": 280079.12,
                        "Plan Rows": 878946,
                        "Plan Width": 14,
                        "Output": [
                          "customer_1.c_customer_sk",
                          "store_sales_2.ss_quantity",
                          "store_sales_2.ss_sales_price"
                        ],
                        "Inner Unique": false,
                        "Plans": [
                          {
                            "Node Type": "Index Scan",
                            "Parent Relationship": "Outer",
                            "Parallel Aware": true,
                            "Async Capable": false,
                            "Scan Direction": "Forward",
                            "Index Name": "customer_pkey",
                            "Relation Name": "customer",
                            "Schema": "public",
                            "Alias": "customer_1",
                            "Startup Cost": 0.42,
                            "Total Cost": 24952.83,
                            "Plan Rows": 15993,
                            "Plan Width": 4,
                            "Output": [
                              "customer_1.c_customer_sk",
                              "customer_1.c_customer_id",
                              "customer_1.c_current_cdemo_sk",
                              "customer_1.c_current_hdemo_sk",
                              "customer_1.c_current_addr_sk",
                              "customer_1.c_first_shipto_date_sk",
                              "customer_1.c_first_sales_date_sk",
                              "customer_1.c_salutation",
                              "customer_1.c_first_name",
                              "customer_1.c_last_name",
                              "customer_1.c_preferred_cust_flag",
                              "customer_1.c_birth_day",
                              "customer_1.c_birth_month",
                              "customer_1.c_birth_year",
                              "customer_1.c_birth_country",
                              "customer_1.c_login",
                              "customer_1.c_email_address",
                              "customer_1.c_last_review_date_sk"
                            ],
                            "Filter": "((customer_1.c_birth_year >= 1987) AND (customer_1.c_birth_year <= 1993))"
                          },
                          {
                            "Node Type": "Index Only Scan",
                            "Parent Relationship": "Inner",
                            "Parallel Aware": false,
                            "Async Capable": false,
                            "Scan Direction": "Forward",
                            "Index Name": "_dta_index_store_sales_6_1333579789__k4_1_3_10_11_14",
                            "Relation Name": "store_sales",
                            "Schema": "public",
                            "Alias": "store_sales_2",
                            "Startup Cost": 0.56,
                            "Total Cost": 12.73,
                            "Plan Rows": 322,
                            "Plan Width": 14,
                            "Output": [
                              "store_sales_2.ss_customer_sk",
                              "store_sales_2.ss_sold_date_sk",
                              "store_sales_2.ss_item_sk",
                              "store_sales_2.ss_ticket_number",
                              "store_sales_2.ss_quantity",
                              "store_sales_2.ss_sales_price"
                            ],
                            "Index Cond": "(store_sales_2.ss_customer_sk = customer_1.c_customer_sk)"
                          }
                        ]
                      }
                    ]
                  }
                ]
              }
            ]
          },
          {
            "Node Type": "Aggregate",
            "Strategy": "Plain",
            "Partial Mode": "Simple",
            "Parent Relationship": "Outer",
            "Parallel Aware": false,
            "Async Capable": false,
            "Startup Cost": 23417.9,
            "Total Cost": 23417.91,
            "Plan Rows": 1,
            "Plan Width": 32,
            "Output": [
              "sum((((catalog_sales.cs_quantity)::numeric * catalog_sales.cs_list_price)))"
            ],
            "Plans": [
              {
                "Node Type": "Append",
                "Parent Relationship": "Outer",
                "Parallel Aware": false,
                "Async Capable": false,
                "Startup Cost": 1336.99,
                "Total Cost": 23417.86,
                "Plan Rows": 13,
                "Plan Width": 32,
                "Subplans Removed": 0,
                "Plans": [
                  {
                    "Node Type": "Hash Join",
                    "Parent Relationship": "Member",
                    "Parallel Aware": false,
                    "Async Capable": false,
                    "Join Type": "Inner",
                    "Startup Cost": 1336.99,
                    "Total Cost": 14397.41,
                    "Plan Rows": 11,
                    "Plan Width": 32,
                    "Output": [
                      "((catalog_sales.cs_quantity)::numeric * catalog_sales.cs_list_price)"
                    ],
                    "Inner Unique": true,
                    "Hash Cond": "(catalog_sales.cs_bill_customer_sk = best_ss_customer.c_customer_sk)",
                    "Plans": [
                      {
                        "Node Type": "Hash Join",
                        "Parent Relationship": "Outer",
                        "Parallel Aware": false,
                        "Async Capable": false,
                        "Join Type": "Inner",
                        "Startup Cost": 1044.62,
                        "Total Cost": 14104.68,
                        "Plan Rows": 70,
                        "Plan Width": 14,
                        "Output": [
                          "catalog_sales.cs_quantity",
                          "catalog_sales.cs_list_price",
                          "catalog_sales.cs_bill_customer_sk"
                        ],
                        "Inner Unique": true,
                        "Hash Cond": "(catalog_sales.cs_item_sk = frequent_ss_items.item_sk)",
                        "Plans": [
                          {
                            "Node Type": "Gather",
                            "Parent Relationship": "Outer",
                            "Parallel Aware": false,
                            "Async Capable": false,
                            "Startup Cost": 1000.73,
                            "Total Cost": 14057.56,
                            "Plan Rows": 932,
                            "Plan Width": 18,
                            "Output": [
                              "catalog_sales.cs_quantity",
                              "catalog_sales.cs_list_price",
                              "catalog_sales.cs_item_sk",
                              "catalog_sales.cs_bill_customer_sk"
                            ],
                            "Workers Planned": 2,
                            "Single Copy": false,
                            "Plans": [
                              {
                                "Node Type": "Nested Loop",
                                "Parent Relationship": "Outer",
                                "Parallel Aware": false,
                                "Async Capable": false,
                                "Join Type": "Inner",
                                "Startup Cost": 0.73,
                                "Total Cost": 12964.36,
                                "Plan Rows": 388,
                                "Plan Width": 18,
                                "Output": [
                                  "catalog_sales.cs_quantity",
                                  "catalog_sales.cs_list_price",
                                  "catalog_sales.cs_item_sk",
                                  "catalog_sales.cs_bill_customer_sk"
                                ],
                                "Inner Unique": false,
                                "Plans": [
                                  {
                                    "Node Type": "Index Only Scan",
                                    "Parent Relationship": "Outer",
                                    "Parallel Aware": true,
                                    "Async Capable": false,
                                    "Scan Direction": "Forward",
                                    "Index Name": "_dta_index_date_dim_6_661577395__k1_k7_k9",
                                    "Relation Name": "date_dim",
                                    "Schema": "public",
                                    "Alias": "date_dim",
                                    "Startup Cost": 0.29,
                                    "Total Cost": 1858.91,
                                    "Plan Rows": 12,
                                    "Plan Width": 4,
                                    "Output": [
                                      "date_dim.d_date_sk",
                                      "date_dim.d_year",
                                      "date_dim.d_moy"
                                    ],
                                    "Index Cond": "((date_dim.d_year = 1999) AND (date_dim.d_moy = 5))"
                                  },
                                  {
                                    "Node Type": "Index Scan",
                                    "Parent Relationship": "Inner",
                                    "Parallel Aware": false,
                                    "Async Capable": false,
                                    "Scan Direction": "Forward",
                                    "Index Name": "_dta_index_catalog_sales_6_1301579675__k1_4",
                                    "Relation Name": "catalog_sales",
                                    "Schema": "public",
                                    "Alias": "catalog_sales",
                                    "Startup Cost": 0.43,
                                    "Total Cost": 914.77,
                                    "Plan Rows": 1068,
                                    "Plan Width": 22,
                                    "Output": [
                                      "catalog_sales.cs_sold_date_sk",
                                      "catalog_sales.cs_sold_time_sk",
                                      "catalog_sales.cs_ship_date_sk",
                                      "catalog_sales.cs_bill_customer_sk",
                                      "catalog_sales.cs_bill_cdemo_sk",
                                      "catalog_sales.cs_bill_hdemo_sk",
                                      "catalog_sales.cs_bill_addr_sk",
                                      "catalog_sales.cs_ship_customer_sk",
                                      "catalog_sales.cs_ship_cdemo_sk",
                                      "catalog_sales.cs_ship_hdemo_sk",
                                      "catalog_sales.cs_ship_addr_sk",
                                      "catalog_sales.cs_call_center_sk",
                                      "catalog_sales.cs_catalog_page_sk",
                                      "catalog_sales.cs_ship_mode_sk",
                                      "catalog_sales.cs_warehouse_sk",
                                      "catalog_sales.cs_item_sk",
                                      "catalog_sales.cs_promo_sk",
                                      "catalog_sales.cs_order_number",
                                      "catalog_sales.cs_quantity",
                                      "catalog_sales.cs_wholesale_cost",
                                      "catalog_sales.cs_list_price",
                                      "catalog_sales.cs_sales_price",
                                      "catalog_sales.cs_ext_discount_amt",
                                      "catalog_sales.cs_ext_sales_price",
                                      "catalog_sales.cs_ext_wholesale_cost",
                                      "catalog_sales.cs_ext_list_price",
                                      "catalog_sales.cs_ext_tax",
                                      "catalog_sales.cs_coupon_amt",
                                      "catalog_sales.cs_ext_ship_cost",
                                      "catalog_sales.cs_net_paid",
                                      "catalog_sales.cs_net_paid_inc_tax",
                                      "catalog_sales.cs_net_paid_inc_ship",
                                      "catalog_sales.cs_net_paid_inc_ship_tax",
                                      "catalog_sales.cs_net_profit"
                                    ],
                                    "Index Cond": "(catalog_sales.cs_sold_date_sk = date_dim.d_date_sk)",
                                    "Filter": "((catalog_sales.cs_wholesale_cost >= '26'::numeric) AND (catalog_sales.cs_wholesale_cost <= '36'::numeric))"
                                  }
                                ]
                              }
                            ]
                          },
                          {
                            "Node Type": "Hash",
                            "Parent Relationship": "Inner",
                            "Parallel Aware": false,
                            "Async Capable": false,
                            "Startup Cost": 41.4,
                            "Total Cost": 41.4,
                            "Plan Rows": 200,
                            "Plan Width": 4,
                            "Output": [
                              "frequent_ss_items.item_sk"
                            ],
                            "Plans": [
                              {
                                "Node Type": "Aggregate",
                                "Strategy": "Hashed",
                                "Partial Mode": "Simple",
                                "Parent Relationship": "Outer",
                                "Parallel Aware": false,
                                "Async Capable": false,
                                "Startup Cost": 39.4,
                                "Total Cost": 41.4,
                                "Plan Rows": 200,
                                "Plan Width": 4,
                                "Output": [
                                  "frequent_ss_items.item_sk"
                                ],
                                "Group Key": [
                                  "frequent_ss_items.item_sk"
                                ],
                                "Planned Partitions": 0,
                                "Plans": [
                                  {
                                    "Node Type": "CTE Scan",
                                    "Parent Relationship": "Outer",
                                    "Parallel Aware": false,
                                    "Async Capable": false,
                                    "CTE Name": "frequent_ss_items",
                                    "Alias": "frequent_ss_items",
                                    "Startup Cost": 0.0,
                                    "Total Cost": 35.02,
                                    "Plan Rows": 1751,
                                    "Plan Width": 4,
                                    "Output": [
                                      "frequent_ss_items.item_sk"
                                    ]
                                  }
                                ]
                              }
                            ]
                          }
                        ]
                      },
                      {
                        "Node Type": "Hash",
                        "Parent Relationship": "Inner",
                        "Parallel Aware": false,
                        "Async Capable": false,
                        "Startup Cost": 289.87,
                        "Total Cost": 289.87,
                        "Plan Rows": 200,
                        "Plan Width": 4,
                        "Output": [
                          "best_ss_customer.c_customer_sk"
                        ],
                        "Plans": [
                          {
                            "Node Type": "Aggregate",
                            "Strategy": "Hashed",
                            "Partial Mode": "Simple",
                            "Parent Relationship": "Outer",
                            "Parallel Aware": false,
                            "Async Capable": false,
                            "Startup Cost": 287.87,
                            "Total Cost": 289.87,
                            "Plan Rows": 200,
                            "Plan Width": 4,
                            "Output": [
                              "best_ss_customer.c_customer_sk"
                            ],
                            "Group Key": [
                              "best_ss_customer.c_customer_sk"
                            ],
                            "Planned Partitions": 0,
                            "Plans": [
                              {
                                "Node Type": "CTE Scan",
                                "Parent Relationship": "Outer",
                                "Parallel Aware": false,
                                "Async Capable": false,
                                "CTE Name": "best_ss_customer",
                                "Alias": "best_ss_customer",
                                "Startup Cost": 0.0,
                                "Total Cost": 255.88,
                                "Plan Rows": 12794,
                                "Plan Width": 4,
                                "Output": [
                                  "best_ss_customer.c_customer_sk"
                                ]
                              }
                            ]
                          }
                        ]
                      }
                    ]
                  },
                  {
                    "Node Type": "Hash Join",
                    "Parent Relationship": "Member",
                    "Parallel Aware": false,
                    "Async Capable": false,
                    "Join Type": "Inner",
                    "Startup Cost": 1336.99,
                    "Total Cost": 9020.26,
                    "Plan Rows": 2,
                    "Plan Width": 32,
                    "Output": [
                      "((web_sales.ws_quantity)::numeric * web_sales.ws_list_price)"
                    ],
                    "Inner Unique": true,
                    "Hash Cond": "(web_sales.ws_bill_customer_sk = best_ss_customer_1.c_customer_sk)",
                    "Plans": [
                      {
                        "Node Type": "Hash Join",
                        "Parent Relationship": "Outer",
                        "Parallel Aware": false,
                        "Async Capable": false,
                        "Join Type": "Inner",
                        "Startup Cost": 1044.62,
                        "Total Cost": 8727.83,
                        "Plan Rows": 13,
                        "Plan Width": 14,
                        "Output": [
                          "web_sales.ws_quantity",
                          "web_sales.ws_list_price",
                          "web_sales.ws_bill_customer_sk"
                        ],
                        "Inner Unique": true,
                        "Hash Cond": "(web_sales.ws_item_sk = frequent_ss_items_1.item_sk)",
                        "Plans": [
                          {
                            "Node Type": "Gather",
                            "Parent Relationship": "Outer",
                            "Parallel Aware": false,
                            "Async Capable": false,
                            "Startup Cost": 1000.73,
                            "Total Cost": 8683.34,
                            "Plan Rows": 173,
                            "Plan Width": 18,
                            "Output": [
                              "web_sales.ws_quantity",
                              "web_sales.ws_list_price",
                              "web_sales.ws_item_sk",
                              "web_sales.ws_bill_customer_sk"
                            ],
                            "Workers Planned": 2,
                            "Single Copy": false,
                            "Plans": [
                              {
                                "Node Type": "Nested Loop",
                                "Parent Relationship": "Outer",
                                "Parallel Aware": false,
                                "Async Capable": false,
                                "Join Type": "Inner",
                                "Startup Cost": 0.72,
                                "Total Cost": 7666.04,
                                "Plan Rows": 72,
                                "Plan Width": 18,
                                "Output": [
                                  "web_sales.ws_quantity",
                                  "web_sales.ws_list_price",
                                  "web_sales.ws_item_sk",
                                  "web_sales.ws_bill_customer_sk"
                                ],
                                "Inner Unique": false,
                                "Plans": [
                                  {
                                    "Node Type": "Index Only Scan",
                                    "Parent Relationship": "Outer",
                                    "Parallel Aware": true,
                                    "Async Capable": false,
                                    "Scan Direction": "Forward",
                                    "Index Name": "_dta_index_date_dim_6_661577395__k1_k7_k9",
                                    "Relation Name": "date_dim",
                                    "Schema": "public",
                                    "Alias": "date_dim_1",
                                    "Startup Cost": 0.29,
                                    "Total Cost": 1858.91,
                                    "Plan Rows": 12,
                                    "Plan Width": 4,
                                    "Output": [
                                      "date_dim_1.d_date_sk",
                                      "date_dim_1.d_year",
                                      "date_dim_1.d_moy"
                                    ],
                                    "Index Cond": "((date_dim_1.d_year = 1999) AND (date_dim_1.d_moy = 5))"
                                  },
                                  {
                                    "Node Type": "Index Scan",
                                    "Parent Relationship": "Inner",
                                    "Parallel Aware": false,
                                    "Async Capable": false,
                                    "Scan Direction": "Forward",
                                    "Index Name": "_dta_index_web_sales_6_1269579561__k1_8_24",
                                    "Relation Name": "web_sales",
                                    "Schema": "public",
                                    "Alias": "web_sales",
                                    "Startup Cost": 0.43,
                                    "Total Cost": 481.94,
                                    "Plan Rows": 199,
                                    "Plan Width": 22,
                                    "Output": [
                                      "web_sales.ws_sold_date_sk",
                                      "web_sales.ws_sold_time_sk",
                                      "web_sales.ws_ship_date_sk",
                                      "web_sales.ws_item_sk",
                                      "web_sales.ws_bill_customer_sk",
                                      "web_sales.ws_bill_cdemo_sk",
                                      "web_sales.ws_bill_hdemo_sk",
                                      "web_sales.ws_bill_addr_sk",
                                      "web_sales.ws_ship_customer_sk",
                                      "web_sales.ws_ship_cdemo_sk",
                                      "web_sales.ws_ship_hdemo_sk",
                                      "web_sales.ws_ship_addr_sk",
                                      "web_sales.ws_web_page_sk",
                                      "web_sales.ws_web_site_sk",
                                      "web_sales.ws_ship_mode_sk",
                                      "web_sales.ws_warehouse_sk",
                                      "web_sales.ws_promo_sk",
                                      "web_sales.ws_order_number",
                                      "web_sales.ws_quantity",
                                      "web_sales.ws_wholesale_cost",
                                      "web_sales.ws_list_price",
                                      "web_sales.ws_sales_price",
                                      "web_sales.ws_ext_discount_amt",
                                      "web_sales.ws_ext_sales_price",
                                      "web_sales.ws_ext_wholesale_cost",
                                      "web_sales.ws_ext_list_price",
                                      "web_sales.ws_ext_tax",
                                      "web_sales.ws_coupon_amt",
                                      "web_sales.ws_ext_ship_cost",
                                      "web_sales.ws_net_paid",
                                      "web_sales.ws_net_paid_inc_tax",
                                      "web_sales.ws_net_paid_inc_ship",
                                      "web_sales.ws_net_paid_inc_ship_tax",
                                      "web_sales.ws_net_profit"
                                    ],
                                    "Index Cond": "(web_sales.ws_sold_date_sk = date_dim_1.d_date_sk)",
                                    "Filter": "((web_sales.ws_wholesale_cost >= '26'::numeric) AND (web_sales.ws_wholesale_cost <= '36'::numeric))"
                                  }
                                ]
                              }
                            ]
                          },
                          {
                            "Node Type": "Hash",
                            "Parent Relationship": "Inner",
                            "Parallel Aware": false,
                            "Async Capable": false,
                            "Startup Cost": 41.4,
                            "Total Cost": 41.4,
                            "Plan Rows": 200,
                            "Plan Width": 4,
                            "Output": [
                              "frequent_ss_items_1.item_sk"
                            ],
                            "Plans": [
                              {
                                "Node Type": "Aggregate",
                                "Strategy": "Hashed",
                                "Partial Mode": "Simple",
                                "Parent Relationship": "Outer",
                                "Parallel Aware": false,
                                "Async Capable": false,
                                "Startup Cost": 39.4,
                                "Total Cost": 41.4,
                                "Plan Rows": 200,
                                "Plan Width": 4,
                                "Output": [
                                  "frequent_ss_items_1.item_sk"
                                ],
                                "Group Key": [
                                  "frequent_ss_items_1.item_sk"
                                ],
                                "Planned Partitions": 0,
                                "Plans": [
                                  {
                                    "Node Type": "CTE Scan",
                                    "Parent Relationship": "Outer",
                                    "Parallel Aware": false,
                                    "Async Capable": false,
                                    "CTE Name": "frequent_ss_items",
                                    "Alias": "frequent_ss_items_1",
                                    "Startup Cost": 0.0,
                                    "Total Cost": 35.02,
                                    "Plan Rows": 1751,
                                    "Plan Width": 4,
                                    "Output": [
                                      "frequent_ss_items_1.item_sk"
                                    ]
                                  }
                                ]
                              }
                            ]
                          }
                        ]
                      },
                      {
                        "Node Type": "Hash",
                        "Parent Relationship": "Inner",
                        "Parallel Aware": false,
                        "Async Capable": false,
                        "Startup Cost": 289.87,
                        "Total Cost": 289.87,
                        "Plan Rows": 200,
                        "Plan Width": 4,
                        "Output": [
                          "best_ss_customer_1.c_customer_sk"
                        ],
                        "Plans": [
                          {
                            "Node Type": "Aggregate",
                            "Strategy": "Hashed",
                            "Partial Mode": "Simple",
                            "Parent Relationship": "Outer",
                            "Parallel Aware": false,
                            "Async Capable": false,
                            "Startup Cost": 287.87,
                            "Total Cost": 289.87,
                            "Plan Rows": 200,
                            "Plan Width": 4,
                            "Output": [
                              "best_ss_customer_1.c_customer_sk"
                            ],
                            "Group Key": [
                              "best_ss_customer_1.c_customer_sk"
                            ],
                            "Planned Partitions": 0,
                            "Plans": [
                              {
                                "Node Type": "CTE Scan",
                                "Parent Relationship": "Outer",
                                "Parallel Aware": false,
                                "Async Capable": false,
                                "CTE Name": "best_ss_customer",
                                "Alias": "best_ss_customer_1",
                                "Startup Cost": 0.0,
                                "Total Cost": 255.88,
                                "Plan Rows": 12794,
                                "Plan Width": 4,
                                "Output": [
                                  "best_ss_customer_1.c_customer_sk"
                                ]
                              }
                            ]
                          }
                        ]
                      }
                    ]
                  }
                ]
              }
            ]
          }
        ]
      }
    }
  ],
  "original_sql": "with frequent_ss_items as\n (select substring(i_item_desc,1,30) itemdesc,i_item_sk item_sk,d_date solddate,count(*) cnt\n  from store_sales\n      ,date_dim\n      ,item\n  where ss_sold_date_sk = d_date_sk\n    and ss_item_sk = i_item_sk\n    and d_year = 1999\n    and i_manager_id BETWEEN 44 and 63\n     AND i_category IN ('Men', 'Music', 'Sports')\n  group by substring(i_item_desc,1,30),i_item_sk,d_date\n  having count(*) >4),\n max_store_sales as\n (select max(csales) tpcds_cmax\n  from (select c_customer_sk,sum(ss_quantity*ss_sales_price) csales\n        from store_sales\n            ,customer\n            ,date_dim\n        where ss_customer_sk = c_customer_sk\n         and ss_sold_date_sk = d_date_sk\n         and d_year = 1999\n         and ss_wholesale_cost BETWEEN 26 AND 36\n        group by c_customer_sk) tmp1),\n best_ss_customer as\n (select c_customer_sk,sum(ss_quantity*ss_sales_price) ssales\n  from store_sales\n      ,customer\n  where ss_customer_sk = c_customer_sk\n  and c_birth_year BETWEEN 1987 AND 1993\n  group by c_customer_sk\n  having sum(ss_quantity*ss_sales_price) > (95/100.0) * (select\n  *\nfrom\n max_store_sales))\n  select  sum(sales)\n from (select cs_quantity*cs_list_price sales\n       from catalog_sales\n           ,date_dim\n       where d_year = 1999\n         and d_moy = 5\n         and cs_sold_date_sk = d_date_sk\n         and cs_item_sk in (select item_sk from frequent_ss_items)\n         and cs_bill_customer_sk in (select c_customer_sk from best_ss_customer)\n         and cs_wholesale_cost BETWEEN 26 AND 36\n      union all\n      select ws_quantity*ws_list_price sales\n       from web_sales\n           ,date_dim\n       where d_year = 1999\n         and d_moy = 5\n         and ws_sold_date_sk = d_date_sk\n         and ws_item_sk in (select item_sk from frequent_ss_items)\n         and ws_bill_customer_sk in (select c_customer_sk from best_ss_customer)\n         and ws_wholesale_cost BETWEEN 26 AND 36) tmp2\n limit 100"
}