{
  "query_id": "query075_multi_s3",
  "engine": "postgresql",
  "benchmark": "dsb_156",
  "scale_factor": 10,
  "execution_time_ms": null,
  "planning_time_ms": 3.6696070001198677,
  "plan_json": [
    {
      "Plan": {
        "Node Type": "Limit",
        "Parallel Aware": false,
        "Async Capable": false,
        "Startup Cost": 493540.48,
        "Total Cost": 493540.49,
        "Plan Rows": 1,
        "Plan Width": 80,
        "Output": [
          "prev_yr.d_year",
          "curr_yr.d_year",
          "curr_yr.i_brand_id",
          "curr_yr.i_class_id",
          "curr_yr.i_category_id",
          "curr_yr.i_manufact_id",
          "prev_yr.sales_cnt",
          "curr_yr.sales_cnt",
          "((curr_yr.sales_cnt - prev_yr.sales_cnt))",
          "((curr_yr.sales_amt - prev_yr.sales_amt))"
        ],
        "Plans": [
          {
            "Node Type": "Aggregate",
            "Strategy": "Sorted",
            "Partial Mode": "Simple",
            "Parent Relationship": "InitPlan",
            "Subplan Name": "CTE all_sales",
            "Parallel Aware": false,
            "Async Capable": false,
            "Startup Cost": 493540.19,
            "Total Cost": 493540.29,
            "Plan Rows": 3,
            "Plan Width": 60,
            "Output": [
              "date_dim.d_year",
              "item.i_brand_id",
              "item.i_class_id",
              "item.i_category_id",
              "item.i_manufact_id",
              "sum(((store_sales.ss_quantity - COALESCE(store_returns.sr_return_quantity, 0))))",
              "sum(((store_sales.ss_ext_sales_price - COALESCE(store_returns.sr_return_amt, 0.0))))"
            ],
            "Group Key": [
              "date_dim.d_year",
              "item.i_brand_id",
              "item.i_class_id",
              "item.i_category_id",
              "item.i_manufact_id"
            ],
            "Plans": [
              {
                "Node Type": "Sort",
                "Parent Relationship": "Outer",
                "Parallel Aware": false,
                "Async Capable": false,
                "Startup Cost": 493540.19,
                "Total Cost": 493540.2,
                "Plan Rows": 3,
                "Plan Width": 56,
                "Output": [
                  "date_dim.d_year",
                  "item.i_brand_id",
                  "item.i_class_id",
                  "item.i_category_id",
                  "item.i_manufact_id",
                  "((store_sales.ss_quantity - COALESCE(store_returns.sr_return_quantity, 0)))",
                  "((store_sales.ss_ext_sales_price - COALESCE(store_returns.sr_return_amt, 0.0)))"
                ],
                "Sort Key": [
                  "date_dim.d_year",
                  "item.i_brand_id",
                  "item.i_class_id",
                  "item.i_category_id",
                  "item.i_manufact_id"
                ],
                "Plans": [
                  {
                    "Node Type": "Aggregate",
                    "Strategy": "Hashed",
                    "Partial Mode": "Simple",
                    "Parent Relationship": "Outer",
                    "Parallel Aware": false,
                    "Async Capable": false,
                    "Startup Cost": 493540.11,
                    "Total Cost": 493540.14,
                    "Plan Rows": 3,
                    "Plan Width": 56,
                    "Output": [
                      "date_dim.d_year",
                      "item.i_brand_id",
                      "item.i_class_id",
                      "item.i_category_id",
                      "item.i_manufact_id",
                      "((store_sales.ss_quantity - COALESCE(store_returns.sr_return_quantity, 0)))",
                      "((store_sales.ss_ext_sales_price - COALESCE(store_returns.sr_return_amt, 0.0)))"
                    ],
                    "Group Key": [
                      "date_dim.d_year",
                      "item.i_brand_id",
                      "item.i_class_id",
                      "item.i_category_id",
                      "item.i_manufact_id",
                      "((store_sales.ss_quantity - COALESCE(store_returns.sr_return_quantity, 0)))",
                      "((store_sales.ss_ext_sales_price - COALESCE(store_returns.sr_return_amt, 0.0)))"
                    ],
                    "Planned Partitions": 0,
                    "Plans": [
                      {
                        "Node Type": "Gather",
                        "Parent Relationship": "Outer",
                        "Parallel Aware": false,
                        "Async Capable": false,
                        "Startup Cost": 1001.03,
                        "Total Cost": 493540.06,
                        "Plan Rows": 3,
                        "Plan Width": 56,
                        "Output": [
                          "date_dim.d_year",
                          "item.i_brand_id",
                          "item.i_class_id",
                          "item.i_category_id",
                          "item.i_manufact_id",
                          "((store_sales.ss_quantity - COALESCE(store_returns.sr_return_quantity, 0)))",
                          "((store_sales.ss_ext_sales_price - COALESCE(store_returns.sr_return_amt, 0.0)))"
                        ],
                        "Workers Planned": 2,
                        "Single Copy": false,
                        "Plans": [
                          {
                            "Node Type": "Append",
                            "Parent Relationship": "Outer",
                            "Parallel Aware": true,
                            "Async Capable": false,
                            "Startup Cost": 1.03,
                            "Total Cost": 492539.76,
                            "Plan Rows": 3,
                            "Plan Width": 56,
                            "Subplans Removed": 0,
                            "Plans": [
                              {
                                "Node Type": "Nested Loop",
                                "Parent Relationship": "Member",
                                "Parallel Aware": false,
                                "Async Capable": false,
                                "Join Type": "Inner",
                                "Startup Cost": 7565.59,
                                "Total Cost": 315364.53,
                                "Plan Rows": 1,
                                "Plan Width": 56,
                                "Output": [
                                  "date_dim.d_year",
                                  "item.i_brand_id",
                                  "item.i_class_id",
                                  "item.i_category_id",
                                  "item.i_manufact_id",
                                  "(store_sales.ss_quantity - COALESCE(store_returns.sr_return_quantity, 0))",
                                  "(store_sales.ss_ext_sales_price - COALESCE(store_returns.sr_return_amt, 0.0))"
                                ],
                                "Inner Unique": true,
                                "Plans": [
                                  {
                                    "Node Type": "Nested Loop",
                                    "Parent Relationship": "Outer",
                                    "Parallel Aware": false,
                                    "Async Capable": false,
                                    "Join Type": "Inner",
                                    "Startup Cost": 7565.3,
                                    "Total Cost": 315363.5,
                                    "Plan Rows": 1,
                                    "Plan Width": 40,
                                    "Output": [
                                      "store_sales.ss_quantity",
                                      "store_sales.ss_ext_sales_price",
                                      "store_sales.ss_sold_date_sk",
                                      "item.i_brand_id",
                                      "item.i_class_id",
                                      "item.i_category_id",
                                      "item.i_manufact_id",
                                      "store_returns.sr_return_quantity",
                                      "store_returns.sr_return_amt"
                                    ],
                                    "Inner Unique": true,
                                    "Join Filter": "(item.i_item_sk = store_sales.ss_item_sk)",
                                    "Plans": [
                                      {
                                        "Node Type": "Hash Join",
                                        "Parent Relationship": "Outer",
                                        "Parallel Aware": true,
                                        "Async Capable": false,
                                        "Join Type": "Inner",
                                        "Startup Cost": 7564.86,
                                        "Total Cost": 175966.46,
                                        "Plan Rows": 34042,
                                        "Plan Width": 38,
                                        "Output": [
                                          "item.i_brand_id",
                                          "item.i_class_id",
                                          "item.i_category_id",
                                          "item.i_manufact_id",
                                          "item.i_item_sk",
                                          "store_returns.sr_return_quantity",
                                          "store_returns.sr_return_amt",
                                          "store_returns.sr_ticket_number",
                                          "store_returns.sr_item_sk"
                                        ],
                                        "Inner Unique": true,
                                        "Hash Cond": "(store_returns.sr_item_sk = item.i_item_sk)",
                                        "Plans": [
                                          {
                                            "Node Type": "Seq Scan",
                                            "Parent Relationship": "Outer",
                                            "Parallel Aware": true,
                                            "Async Capable": false,
                                            "Relation Name": "store_returns",
                                            "Schema": "public",
                                            "Alias": "store_returns",
                                            "Startup Cost": 0.0,
                                            "Total Cost": 167655.25,
                                            "Plan Rows": 284308,
                                            "Plan Width": 18,
                                            "Output": [
                                              "store_returns.sr_returned_date_sk",
                                              "store_returns.sr_return_time_sk",
                                              "store_returns.sr_item_sk",
                                              "store_returns.sr_customer_sk",
                                              "store_returns.sr_cdemo_sk",
                                              "store_returns.sr_hdemo_sk",
                                              "store_returns.sr_addr_sk",
                                              "store_returns.sr_store_sk",
                                              "store_returns.sr_reason_sk",
                                              "store_returns.sr_ticket_number",
                                              "store_returns.sr_return_quantity",
                                              "store_returns.sr_return_amt",
                                              "store_returns.sr_return_tax",
                                              "store_returns.sr_return_amt_inc_tax",
                                              "store_returns.sr_fee",
                                              "store_returns.sr_return_ship_cost",
                                              "store_returns.sr_refunded_cash",
                                              "store_returns.sr_reversed_charge",
                                              "store_returns.sr_store_credit",
                                              "store_returns.sr_net_loss"
                                            ],
                                            "Filter": "(store_returns.sr_reason_sk = ANY ('{6,16,17,67,68}'::integer[]))"
                                          },
                                          {
                                            "Node Type": "Hash",
                                            "Parent Relationship": "Inner",
                                            "Parallel Aware": true,
                                            "Async Capable": false,
                                            "Startup Cost": 7501.25,
                                            "Total Cost": 7501.25,
                                            "Plan Rows": 5089,
                                            "Plan Width": 20,
                                            "Output": [
                                              "item.i_brand_id",
                                              "item.i_class_id",
                                              "item.i_category_id",
                                              "item.i_manufact_id",
                                              "item.i_item_sk"
                                            ],
                                            "Plans": [
                                              {
                                                "Node Type": "Seq Scan",
                                                "Parent Relationship": "Outer",
                                                "Parallel Aware": true,
                                                "Async Capable": false,
                                                "Relation Name": "item",
                                                "Schema": "public",
                                                "Alias": "item",
                                                "Startup Cost": 0.0,
                                                "Total Cost": 7501.25,
                                                "Plan Rows": 5089,
                                                "Plan Width": 20,
                                                "Output": [
                                                  "item.i_brand_id",
                                                  "item.i_class_id",
                                                  "item.i_category_id",
                                                  "item.i_manufact_id",
                                                  "item.i_item_sk"
                                                ],
                                                "Filter": "(item.i_category = 'Books'::bpchar)"
                                              }
                                            ]
                                          }
                                        ]
                                      },
                                      {
                                        "Node Type": "Index Scan",
                                        "Parent Relationship": "Inner",
                                        "Parallel Aware": false,
                                        "Async Capable": false,
                                        "Scan Direction": "Forward",
                                        "Index Name": "_dta_index_store_sales_6_1333579789__k10_k3",
                                        "Relation Name": "store_sales",
                                        "Schema": "public",
                                        "Alias": "store_sales",
                                        "Startup Cost": 0.44,
                                        "Total Cost": 4.08,
                                        "Plan Rows": 1,
                                        "Plan Width": 22,
                                        "Output": [
                                          "store_sales.ss_sold_date_sk",
                                          "store_sales.ss_sold_time_sk",
                                          "store_sales.ss_item_sk",
                                          "store_sales.ss_customer_sk",
                                          "store_sales.ss_cdemo_sk",
                                          "store_sales.ss_hdemo_sk",
                                          "store_sales.ss_addr_sk",
                                          "store_sales.ss_store_sk",
                                          "store_sales.ss_promo_sk",
                                          "store_sales.ss_ticket_number",
                                          "store_sales.ss_quantity",
                                          "store_sales.ss_wholesale_cost",
                                          "store_sales.ss_list_price",
                                          "store_sales.ss_sales_price",
                                          "store_sales.ss_ext_discount_amt",
                                          "store_sales.ss_ext_sales_price",
                                          "store_sales.ss_ext_wholesale_cost",
                                          "store_sales.ss_ext_list_price",
                                          "store_sales.ss_ext_tax",
                                          "store_sales.ss_coupon_amt",
                                          "store_sales.ss_net_paid",
                                          "store_sales.ss_net_paid_inc_tax",
                                          "store_sales.ss_net_profit"
                                        ],
                                        "Index Cond": "((store_sales.ss_ticket_number = store_returns.sr_ticket_number) AND (store_sales.ss_item_sk = store_returns.sr_item_sk))",
                                        "Filter": "(((store_sales.ss_sales_price / store_sales.ss_list_price) >= 0.36) AND ((store_sales.ss_sales_price / store_sales.ss_list_price) <= 0.56))"
                                      }
                                    ]
                                  },
                                  {
                                    "Node Type": "Index Only Scan",
                                    "Parent Relationship": "Inner",
                                    "Parallel Aware": false,
                                    "Async Capable": false,
                                    "Scan Direction": "Forward",
                                    "Index Name": "_dta_index_date_dim_6_661577395__k1_k7_k9",
                                    "Relation Name": "date_dim",
                                    "Schema": "public",
                                    "Alias": "date_dim",
                                    "Startup Cost": 0.29,
                                    "Total Cost": 1.02,
                                    "Plan Rows": 1,
                                    "Plan Width": 8,
                                    "Output": [
                                      "date_dim.d_date_sk",
                                      "date_dim.d_year",
                                      "date_dim.d_moy"
                                    ],
                                    "Index Cond": "(date_dim.d_date_sk = store_sales.ss_sold_date_sk)"
                                  }
                                ]
                              },
                              {
                                "Node Type": "Nested Loop",
                                "Parent Relationship": "Member",
                                "Parallel Aware": false,
                                "Async Capable": false,
                                "Join Type": "Inner",
                                "Startup Cost": 1.03,
                                "Total Cost": 107851.24,
                                "Plan Rows": 1,
                                "Plan Width": 56,
                                "Output": [
                                  "date_dim_1.d_year",
                                  "item_1.i_brand_id",
                                  "item_1.i_class_id",
                                  "item_1.i_category_id",
                                  "item_1.i_manufact_id",
                                  "(catalog_sales.cs_quantity - COALESCE(catalog_returns.cr_return_quantity, 0))",
                                  "(catalog_sales.cs_ext_sales_price - COALESCE(catalog_returns.cr_return_amount, 0.0))"
                                ],
                                "Inner Unique": true,
                                "Plans": [
                                  {
                                    "Node Type": "Nested Loop",
                                    "Parent Relationship": "Outer",
                                    "Parallel Aware": false,
                                    "Async Capable": false,
                                    "Join Type": "Inner",
                                    "Startup Cost": 0.74,
                                    "Total Cost": 107850.91,
                                    "Plan Rows": 1,
                                    "Plan Width": 40,
                                    "Output": [
                                      "catalog_sales.cs_quantity",
                                      "catalog_sales.cs_ext_sales_price",
                                      "catalog_sales.cs_sold_date_sk",
                                      "item_1.i_brand_id",
                                      "item_1.i_class_id",
                                      "item_1.i_category_id",
                                      "item_1.i_manufact_id",
                                      "catalog_returns.cr_return_quantity",
                                      "catalog_returns.cr_return_amount"
                                    ],
                                    "Inner Unique": true,
                                    "Join Filter": "(item_1.i_item_sk = catalog_sales.cs_item_sk)",
                                    "Plans": [
                                      {
                                        "Node Type": "Nested Loop",
                                        "Parent Relationship": "Outer",
                                        "Parallel Aware": false,
                                        "Async Capable": false,
                                        "Join Type": "Inner",
                                        "Startup Cost": 0.3,
                                        "Total Cost": 64139.25,
                                        "Plan Rows": 9866,
                                        "Plan Width": 38,
                                        "Output": [
                                          "item_1.i_brand_id",
                                          "item_1.i_class_id",
                                          "item_1.i_category_id",
                                          "item_1.i_manufact_id",
                                          "item_1.i_item_sk",
                                          "catalog_returns.cr_return_quantity",
                                          "catalog_returns.cr_return_amount",
                                          "catalog_returns.cr_order_number",
                                          "catalog_returns.cr_item_sk"
                                        ],
                                        "Inner Unique": true,
                                        "Plans": [
                                          {
                                            "Node Type": "Seq Scan",
                                            "Parent Relationship": "Outer",
                                            "Parallel Aware": true,
                                            "Async Capable": false,
                                            "Relation Name": "catalog_returns",
                                            "Schema": "public",
                                            "Alias": "catalog_returns",
                                            "Startup Cost": 0.0,
                                            "Total Cost": 57598.98,
                                            "Plan Rows": 82402,
                                            "Plan Width": 18,
                                            "Output": [
                                              "catalog_returns.cr_returned_date_sk",
                                              "catalog_returns.cr_returned_time_sk",
                                              "catalog_returns.cr_item_sk",
                                              "catalog_returns.cr_refunded_customer_sk",
                                              "catalog_returns.cr_refunded_cdemo_sk",
                                              "catalog_returns.cr_refunded_hdemo_sk",
                                              "catalog_returns.cr_refunded_addr_sk",
                                              "catalog_returns.cr_returning_customer_sk",
                                              "catalog_returns.cr_returning_cdemo_sk",
                                              "catalog_returns.cr_returning_hdemo_sk",
                                              "catalog_returns.cr_returning_addr_sk",
                                              "catalog_returns.cr_call_center_sk",
                                              "catalog_returns.cr_catalog_page_sk",
                                              "catalog_returns.cr_ship_mode_sk",
                                              "catalog_returns.cr_warehouse_sk",
                                              "catalog_returns.cr_reason_sk",
                                              "catalog_returns.cr_order_number",
                                              "catalog_returns.cr_return_quantity",
                                              "catalog_returns.cr_return_amount",
                                              "catalog_returns.cr_return_tax",
                                              "catalog_returns.cr_return_amt_inc_tax",
                                              "catalog_returns.cr_fee",
                                              "catalog_returns.cr_return_ship_cost",
                                              "catalog_returns.cr_refunded_cash",
                                              "catalog_returns.cr_reversed_charge",
                                              "catalog_returns.cr_store_credit",
                                              "catalog_returns.cr_net_loss"
                                            ],
                                            "Filter": "(catalog_returns.cr_reason_sk = ANY ('{6,16,17,67,68}'::integer[]))"
                                          },
                                          {
                                            "Node Type": "Memoize",
                                            "Parent Relationship": "Inner",
                                            "Parallel Aware": false,
                                            "Async Capable": false,
                                            "Startup Cost": 0.3,
                                            "Total Cost": 0.47,
                                            "Plan Rows": 1,
                                            "Plan Width": 20,
                                            "Output": [
                                              "item_1.i_brand_id",
                                              "item_1.i_class_id",
                                              "item_1.i_category_id",
                                              "item_1.i_manufact_id",
                                              "item_1.i_item_sk"
                                            ],
                                            "Cache Key": "catalog_returns.cr_item_sk",
                                            "Cache Mode": "logical",
                                            "Plans": [
                                              {
                                                "Node Type": "Index Scan",
                                                "Parent Relationship": "Outer",
                                                "Parallel Aware": false,
                                                "Async Capable": false,
                                                "Scan Direction": "Forward",
                                                "Index Name": "item_pkey",
                                                "Relation Name": "item",
                                                "Schema": "public",
                                                "Alias": "item_1",
                                                "Startup Cost": 0.29,
                                                "Total Cost": 0.46,
                                                "Plan Rows": 1,
                                                "Plan Width": 20,
                                                "Output": [
                                                  "item_1.i_brand_id",
                                                  "item_1.i_class_id",
                                                  "item_1.i_category_id",
                                                  "item_1.i_manufact_id",
                                                  "item_1.i_item_sk"
                                                ],
                                                "Index Cond": "(item_1.i_item_sk = catalog_returns.cr_item_sk)",
                                                "Filter": "(item_1.i_category = 'Books'::bpchar)"
                                              }
                                            ]
                                          }
                                        ]
                                      },
                                      {
                                        "Node Type": "Index Scan",
                                        "Parent Relationship": "Inner",
                                        "Parallel Aware": false,
                                        "Async Capable": false,
                                        "Scan Direction": "Forward",
                                        "Index Name": "catalog_sales_pkey",
                                        "Relation Name": "catalog_sales",
                                        "Schema": "public",
                                        "Alias": "catalog_sales",
                                        "Startup Cost": 0.43,
                                        "Total Cost": 4.42,
                                        "Plan Rows": 1,
                                        "Plan Width": 22,
                                        "Output": [
                                          "catalog_sales.cs_sold_date_sk",
                                          "catalog_sales.cs_sold_time_sk",
                                          "catalog_sales.cs_ship_date_sk",
                                          "catalog_sales.cs_bill_customer_sk",
                                          "catalog_sales.cs_bill_cdemo_sk",
                                          "catalog_sales.cs_bill_hdemo_sk",
                                          "catalog_sales.cs_bill_addr_sk",
                                          "catalog_sales.cs_ship_customer_sk",
                                          "catalog_sales.cs_ship_cdemo_sk",
                                          "catalog_sales.cs_ship_hdemo_sk",
                                          "catalog_sales.cs_ship_addr_sk",
                                          "catalog_sales.cs_call_center_sk",
                                          "catalog_sales.cs_catalog_page_sk",
                                          "catalog_sales.cs_ship_mode_sk",
                                          "catalog_sales.cs_warehouse_sk",
                                          "catalog_sales.cs_item_sk",
                                          "catalog_sales.cs_promo_sk",
                                          "catalog_sales.cs_order_number",
                                          "catalog_sales.cs_quantity",
                                          "catalog_sales.cs_wholesale_cost",
                                          "catalog_sales.cs_list_price",
                                          "catalog_sales.cs_sales_price",
                                          "catalog_sales.cs_ext_discount_amt",
                                          "catalog_sales.cs_ext_sales_price",
                                          "catalog_sales.cs_ext_wholesale_cost",
                                          "catalog_sales.cs_ext_list_price",
                                          "catalog_sales.cs_ext_tax",
                                          "catalog_sales.cs_coupon_amt",
                                          "catalog_sales.cs_ext_ship_cost",
                                          "catalog_sales.cs_net_paid",
                                          "catalog_sales.cs_net_paid_inc_tax",
                                          "catalog_sales.cs_net_paid_inc_ship",
                                          "catalog_sales.cs_net_paid_inc_ship_tax",
                                          "catalog_sales.cs_net_profit"
                                        ],
                                        "Index Cond": "((catalog_sales.cs_item_sk = catalog_returns.cr_item_sk) AND (catalog_sales.cs_order_number = catalog_returns.cr_order_number))",
                                        "Filter": "(((catalog_sales.cs_sales_price / catalog_sales.cs_list_price) >= 0.36) AND ((catalog_sales.cs_sales_price / catalog_sales.cs_list_price) <= 0.56))"
                                      }
                                    ]
                                  },
                                  {
                                    "Node Type": "Index Only Scan",
                                    "Parent Relationship": "Inner",
                                    "Parallel Aware": false,
                                    "Async Capable": false,
                                    "Scan Direction": "Forward",
                                    "Index Name": "_dta_index_date_dim_6_661577395__k1_k7_k9",
                                    "Relation Name": "date_dim",
                                    "Schema": "public",
                                    "Alias": "date_dim_1",
                                    "Startup Cost": 0.29,
                                    "Total Cost": 0.33,
                                    "Plan Rows": 1,
                                    "Plan Width": 8,
                                    "Output": [
                                      "date_dim_1.d_date_sk",
                                      "date_dim_1.d_year",
                                      "date_dim_1.d_moy"
                                    ],
                                    "Index Cond": "(date_dim_1.d_date_sk = catalog_sales.cs_sold_date_sk)"
                                  }
                                ]
                              },
                              {
                                "Node Type": "Nested Loop",
                                "Parent Relationship": "Member",
                                "Parallel Aware": false,
                                "Async Capable": false,
                                "Join Type": "Inner",
                                "Startup Cost": 1.03,
                                "Total Cost": 69323.94,
                                "Plan Rows": 1,
                                "Plan Width": 56,
                                "Output": [
                                  "date_dim_2.d_year",
                                  "item_2.i_brand_id",
                                  "item_2.i_class_id",
                                  "item_2.i_category_id",
                                  "item_2.i_manufact_id",
                                  "(web_sales.ws_quantity - COALESCE(web_returns.wr_return_quantity, 0))",
                                  "(web_sales.ws_ext_sales_price - COALESCE(web_returns.wr_return_amt, 0.0))"
                                ],
                                "Inner Unique": true,
                                "Plans": [
                                  {
                                    "Node Type": "Nested Loop",
                                    "Parent Relationship": "Outer",
                                    "Parallel Aware": false,
                                    "Async Capable": false,
                                    "Join Type": "Inner",
                                    "Startup Cost": 0.73,
                                    "Total Cost": 69323.59,
                                    "Plan Rows": 1,
                                    "Plan Width": 40,
                                    "Output": [
                                      "web_sales.ws_quantity",
                                      "web_sales.ws_ext_sales_price",
                                      "web_sales.ws_sold_date_sk",
                                      "item_2.i_brand_id",
                                      "item_2.i_class_id",
                                      "item_2.i_category_id",
                                      "item_2.i_manufact_id",
                                      "web_returns.wr_return_quantity",
                                      "web_returns.wr_return_amt"
                                    ],
                                    "Inner Unique": true,
                                    "Join Filter": "(item_2.i_item_sk = web_sales.ws_item_sk)",
                                    "Plans": [
                                      {
                                        "Node Type": "Nested Loop",
                                        "Parent Relationship": "Outer",
                                        "Parallel Aware": false,
                                        "Async Capable": false,
                                        "Join Type": "Inner",
                                        "Startup Cost": 0.3,
                                        "Total Cost": 42705.51,
                                        "Plan Rows": 6630,
                                        "Plan Width": 38,
                                        "Output": [
                                          "item_2.i_brand_id",
                                          "item_2.i_class_id",
                                          "item_2.i_category_id",
                                          "item_2.i_manufact_id",
                                          "item_2.i_item_sk",
                                          "web_returns.wr_return_quantity",
                                          "web_returns.wr_return_amt",
                                          "web_returns.wr_order_number",
                                          "web_returns.wr_item_sk"
                                        ],
                                        "Inner Unique": true,
                                        "Plans": [
                                          {
                                            "Node Type": "Seq Scan",
                                            "Parent Relationship": "Outer",
                                            "Parallel Aware": true,
                                            "Async Capable": false,
                                            "Relation Name": "web_returns",
                                            "Schema": "public",
                                            "Alias": "web_returns",
                                            "Startup Cost": 0.0,
                                            "Total Cost": 36269.4,
                                            "Plan Rows": 55374,
                                            "Plan Width": 18,
                                            "Output": [
                                              "web_returns.wr_returned_date_sk",
                                              "web_returns.wr_returned_time_sk",
                                              "web_returns.wr_item_sk",
                                              "web_returns.wr_refunded_customer_sk",
                                              "web_returns.wr_refunded_cdemo_sk",
                                              "web_returns.wr_refunded_hdemo_sk",
                                              "web_returns.wr_refunded_addr_sk",
                                              "web_returns.wr_returning_customer_sk",
                                              "web_returns.wr_returning_cdemo_sk",
                                              "web_returns.wr_returning_hdemo_sk",
                                              "web_returns.wr_returning_addr_sk",
                                              "web_returns.wr_web_page_sk",
                                              "web_returns.wr_reason_sk",
                                              "web_returns.wr_order_number",
                                              "web_returns.wr_return_quantity",
                                              "web_returns.wr_return_amt",
                                              "web_returns.wr_return_tax",
                                              "web_returns.wr_return_amt_inc_tax",
                                              "web_returns.wr_fee",
                                              "web_returns.wr_return_ship_cost",
                                              "web_returns.wr_refunded_cash",
                                              "web_returns.wr_reversed_charge",
                                              "web_returns.wr_account_credit",
                                              "web_returns.wr_net_loss"
                                            ],
                                            "Filter": "(web_returns.wr_reason_sk = ANY ('{6,16,17,67,68}'::integer[]))"
                                          },
                                          {
                                            "Node Type": "Memoize",
                                            "Parent Relationship": "Inner",
                                            "Parallel Aware": false,
                                            "Async Capable": false,
                                            "Startup Cost": 0.3,
                                            "Total Cost": 0.54,
                                            "Plan Rows": 1,
                                            "Plan Width": 20,
                                            "Output": [
                                              "item_2.i_brand_id",
                                              "item_2.i_class_id",
                                              "item_2.i_category_id",
                                              "item_2.i_manufact_id",
                                              "item_2.i_item_sk"
                                            ],
                                            "Cache Key": "web_returns.wr_item_sk",
                                            "Cache Mode": "logical",
                                            "Plans": [
                                              {
                                                "Node Type": "Index Scan",
                                                "Parent Relationship": "Outer",
                                                "Parallel Aware": false,
                                                "Async Capable": false,
                                                "Scan Direction": "Forward",
                                                "Index Name": "item_pkey",
                                                "Relation Name": "item",
                                                "Schema": "public",
                                                "Alias": "item_2",
                                                "Startup Cost": 0.29,
                                                "Total Cost": 0.53,
                                                "Plan Rows": 1,
                                                "Plan Width": 20,
                                                "Output": [
                                                  "item_2.i_brand_id",
                                                  "item_2.i_class_id",
                                                  "item_2.i_category_id",
                                                  "item_2.i_manufact_id",
                                                  "item_2.i_item_sk"
                                                ],
                                                "Index Cond": "(item_2.i_item_sk = web_returns.wr_item_sk)",
                                                "Filter": "(item_2.i_category = 'Books'::bpchar)"
                                              }
                                            ]
                                          }
                                        ]
                                      },
                                      {
                                        "Node Type": "Index Scan",
                                        "Parent Relationship": "Inner",
                                        "Parallel Aware": false,
                                        "Async Capable": false,
                                        "Scan Direction": "Forward",
                                        "Index Name": "web_sales_pkey",
                                        "Relation Name": "web_sales",
                                        "Schema": "public",
                                        "Alias": "web_sales",
                                        "Startup Cost": 0.43,
                                        "Total Cost": 4.0,
                                        "Plan Rows": 1,
                                        "Plan Width": 22,
                                        "Output": [
                                          "web_sales.ws_sold_date_sk",
                                          "web_sales.ws_sold_time_sk",
                                          "web_sales.ws_ship_date_sk",
                                          "web_sales.ws_item_sk",
                                          "web_sales.ws_bill_customer_sk",
                                          "web_sales.ws_bill_cdemo_sk",
                                          "web_sales.ws_bill_hdemo_sk",
                                          "web_sales.ws_bill_addr_sk",
                                          "web_sales.ws_ship_customer_sk",
                                          "web_sales.ws_ship_cdemo_sk",
                                          "web_sales.ws_ship_hdemo_sk",
                                          "web_sales.ws_ship_addr_sk",
                                          "web_sales.ws_web_page_sk",
                                          "web_sales.ws_web_site_sk",
                                          "web_sales.ws_ship_mode_sk",
                                          "web_sales.ws_warehouse_sk",
                                          "web_sales.ws_promo_sk",
                                          "web_sales.ws_order_number",
                                          "web_sales.ws_quantity",
                                          "web_sales.ws_wholesale_cost",
                                          "web_sales.ws_list_price",
                                          "web_sales.ws_sales_price",
                                          "web_sales.ws_ext_discount_amt",
                                          "web_sales.ws_ext_sales_price",
                                          "web_sales.ws_ext_wholesale_cost",
                                          "web_sales.ws_ext_list_price",
                                          "web_sales.ws_ext_tax",
                                          "web_sales.ws_coupon_amt",
                                          "web_sales.ws_ext_ship_cost",
                                          "web_sales.ws_net_paid",
                                          "web_sales.ws_net_paid_inc_tax",
                                          "web_sales.ws_net_paid_inc_ship",
                                          "web_sales.ws_net_paid_inc_ship_tax",
                                          "web_sales.ws_net_profit"
                                        ],
                                        "Index Cond": "((web_sales.ws_item_sk = web_returns.wr_item_sk) AND (web_sales.ws_order_number = web_returns.wr_order_number))",
                                        "Filter": "(((web_sales.ws_sales_price / web_sales.ws_list_price) >= 0.36) AND ((web_sales.ws_sales_price / web_sales.ws_list_price) <= 0.56))"
                                      }
                                    ]
                                  },
                                  {
                                    "Node Type": "Index Only Scan",
                                    "Parent Relationship": "Inner",
                                    "Parallel Aware": false,
                                    "Async Capable": false,
                                    "Scan Direction": "Forward",
                                    "Index Name": "_dta_index_date_dim_6_661577395__k1_k7_k9",
                                    "Relation Name": "date_dim",
                                    "Schema": "public",
                                    "Alias": "date_dim_2",
                                    "Startup Cost": 0.29,
                                    "Total Cost": 0.34,
                                    "Plan Rows": 1,
                                    "Plan Width": 8,
                                    "Output": [
                                      "date_dim_2.d_date_sk",
                                      "date_dim_2.d_year",
                                      "date_dim_2.d_moy"
                                    ],
                                    "Index Cond": "(date_dim_2.d_date_sk = web_sales.ws_sold_date_sk)"
                                  }
                                ]
                              }
                            ]
                          }
                        ]
                      }
                    ]
                  }
                ]
              }
            ]
          },
          {
            "Node Type": "Sort",
            "Parent Relationship": "Outer",
            "Parallel Aware": false,
            "Async Capable": false,
            "Startup Cost": 0.19,
            "Total Cost": 0.2,
            "Plan Rows": 1,
            "Plan Width": 80,
            "Output": [
              "prev_yr.d_year",
              "curr_yr.d_year",
              "curr_yr.i_brand_id",
              "curr_yr.i_class_id",
              "curr_yr.i_category_id",
              "curr_yr.i_manufact_id",
              "prev_yr.sales_cnt",
              "curr_yr.sales_cnt",
              "((curr_yr.sales_cnt - prev_yr.sales_cnt))",
              "((curr_yr.sales_amt - prev_yr.sales_amt))"
            ],
            "Sort Key": [
              "((curr_yr.sales_cnt - prev_yr.sales_cnt))",
              "((curr_yr.sales_amt - prev_yr.sales_amt))"
            ],
            "Plans": [
              {
                "Node Type": "Nested Loop",
                "Parent Relationship": "Outer",
                "Parallel Aware": false,
                "Async Capable": false,
                "Join Type": "Inner",
                "Startup Cost": 0.0,
                "Total Cost": 0.18,
                "Plan Rows": 1,
                "Plan Width": 80,
                "Output": [
                  "prev_yr.d_year",
                  "curr_yr.d_year",
                  "curr_yr.i_brand_id",
                  "curr_yr.i_class_id",
                  "curr_yr.i_category_id",
                  "curr_yr.i_manufact_id",
                  "prev_yr.sales_cnt",
                  "curr_yr.sales_cnt",
                  "(curr_yr.sales_cnt - prev_yr.sales_cnt)",
                  "(curr_yr.sales_amt - prev_yr.sales_amt)"
                ],
                "Inner Unique": false,
                "Join Filter": "((curr_yr.i_brand_id = prev_yr.i_brand_id) AND (curr_yr.i_class_id = prev_yr.i_class_id) AND (curr_yr.i_category_id = prev_yr.i_category_id) AND (curr_yr.i_manufact_id = prev_yr.i_manufact_id) AND (((curr_yr.sales_cnt)::numeric(17,2) / (prev_yr.sales_cnt)::numeric(17,2)) < 0.9))",
                "Plans": [
                  {
                    "Node Type": "CTE Scan",
                    "Parent Relationship": "Outer",
                    "Parallel Aware": false,
                    "Async Capable": false,
                    "CTE Name": "all_sales",
                    "Alias": "curr_yr",
                    "Startup Cost": 0.0,
                    "Total Cost": 0.07,
                    "Plan Rows": 1,
                    "Plan Width": 60,
                    "Output": [
                      "curr_yr.d_year",
                      "curr_yr.i_brand_id",
                      "curr_yr.i_class_id",
                      "curr_yr.i_category_id",
                      "curr_yr.i_manufact_id",
                      "curr_yr.sales_cnt",
                      "curr_yr.sales_amt"
                    ],
                    "Filter": "(curr_yr.d_year = 1999)"
                  },
                  {
                    "Node Type": "CTE Scan",
                    "Parent Relationship": "Inner",
                    "Parallel Aware": false,
                    "Async Capable": false,
                    "CTE Name": "all_sales",
                    "Alias": "prev_yr",
                    "Startup Cost": 0.0,
                    "Total Cost": 0.08,
                    "Plan Rows": 1,
                    "Plan Width": 60,
                    "Output": [
                      "prev_yr.d_year",
                      "prev_yr.i_brand_id",
                      "prev_yr.i_class_id",
                      "prev_yr.i_category_id",
                      "prev_yr.i_manufact_id",
                      "prev_yr.sales_cnt",
                      "prev_yr.sales_amt"
                    ],
                    "Filter": "((prev_yr.sales_cnt > 0) AND (prev_yr.d_year = 1998))"
                  }
                ]
              }
            ]
          }
        ]
      }
    }
  ],
  "original_sql": "WITH all_sales AS (\n SELECT d_year\n       ,i_brand_id\n       ,i_class_id\n       ,i_category_id\n       ,i_manufact_id\n       ,SUM(sales_cnt) AS sales_cnt\n       ,SUM(sales_amt) AS sales_amt\n FROM (SELECT d_year\n             ,i_brand_id\n             ,i_class_id\n             ,i_category_id\n             ,i_manufact_id\n             ,cs_quantity - COALESCE(cr_return_quantity,0) AS sales_cnt\n             ,cs_ext_sales_price - COALESCE(cr_return_amount,0.0) AS sales_amt\n       FROM catalog_sales JOIN item ON i_item_sk=cs_item_sk\n                          JOIN date_dim ON d_date_sk=cs_sold_date_sk\n                          LEFT JOIN catalog_returns ON (cs_order_number=cr_order_number\n                                                    AND cs_item_sk=cr_item_sk)\n       WHERE i_category='Books'\n       and cs_sales_price / cs_list_price BETWEEN 36 * 0.01 AND 56 * 0.01\n       and cr_reason_sk in (6, 16, 17, 67, 68)\n       UNION\n       SELECT d_year\n             ,i_brand_id\n             ,i_class_id\n             ,i_category_id\n             ,i_manufact_id\n             ,ss_quantity - COALESCE(sr_return_quantity,0) AS sales_cnt\n             ,ss_ext_sales_price - COALESCE(sr_return_amt,0.0) AS sales_amt\n       FROM store_sales JOIN item ON i_item_sk=ss_item_sk\n                        JOIN date_dim ON d_date_sk=ss_sold_date_sk\n                        LEFT JOIN store_returns ON (ss_ticket_number=sr_ticket_number\n                                                AND ss_item_sk=sr_item_sk)\n       WHERE i_category='Books'\n       and ss_sales_price / ss_list_price BETWEEN 36 * 0.01 AND 56 * 0.01\n       and sr_reason_sk in (6, 16, 17, 67, 68)\n       UNION\n       SELECT d_year\n             ,i_brand_id\n             ,i_class_id\n             ,i_category_id\n             ,i_manufact_id\n             ,ws_quantity - COALESCE(wr_return_quantity,0) AS sales_cnt\n             ,ws_ext_sales_price - COALESCE(wr_return_amt,0.0) AS sales_amt\n       FROM web_sales JOIN item ON i_item_sk=ws_item_sk\n                      JOIN date_dim ON d_date_sk=ws_sold_date_sk\n                      LEFT JOIN web_returns ON (ws_order_number=wr_order_number\n                                            AND ws_item_sk=wr_item_sk)\n       WHERE i_category='Books'\n       and ws_sales_price / ws_list_price BETWEEN 36 * 0.01 AND 56 * 0.01\n       and wr_reason_sk in (6, 16, 17, 67, 68)) sales_detail\nGROUP BY d_year, i_brand_id, i_class_id, i_category_id, i_manufact_id)\n SELECT  prev_yr.d_year AS prev_year\n                          ,curr_yr.d_year AS year\n                          ,curr_yr.i_brand_id\n                          ,curr_yr.i_class_id\n                          ,curr_yr.i_category_id\n                          ,curr_yr.i_manufact_id\n                          ,prev_yr.sales_cnt AS prev_yr_cnt\n                          ,curr_yr.sales_cnt AS curr_yr_cnt\n                          ,curr_yr.sales_cnt-prev_yr.sales_cnt AS sales_cnt_diff\n                          ,curr_yr.sales_amt-prev_yr.sales_amt AS sales_amt_diff\n FROM all_sales curr_yr, all_sales prev_yr\n WHERE curr_yr.i_brand_id=prev_yr.i_brand_id\n   AND curr_yr.i_class_id=prev_yr.i_class_id\n   AND curr_yr.i_category_id=prev_yr.i_category_id\n   AND curr_yr.i_manufact_id=prev_yr.i_manufact_id\n   AND curr_yr.d_year=1999\n   AND prev_yr.d_year=1999-1\n   AND prev_yr.sales_cnt > 0\n   AND CAST(curr_yr.sales_cnt AS DECIMAL(17,2))/CAST(prev_yr.sales_cnt AS DECIMAL(17,2))<0.9\n ORDER BY sales_cnt_diff,sales_amt_diff\n limit 100"
}