{
  "query_id": "query023_multi_s1",
  "engine": "postgresql",
  "benchmark": "dsb_156",
  "scale_factor": 10,
  "execution_time_ms": null,
  "planning_time_ms": 2.475369999956456,
  "plan_json": [
    {
      "Plan": {
        "Node Type": "Limit",
        "Parallel Aware": false,
        "Async Capable": false,
        "Startup Cost": 670417.23,
        "Total Cost": 670417.24,
        "Plan Rows": 1,
        "Plan Width": 32,
        "Output": [
          "(sum((((catalog_sales.cs_quantity)::numeric * catalog_sales.cs_list_price))))"
        ],
        "Plans": [
          {
            "Node Type": "Aggregate",
            "Strategy": "Sorted",
            "Partial Mode": "Finalize",
            "Parent Relationship": "InitPlan",
            "Subplan Name": "CTE frequent_ss_items",
            "Parallel Aware": false,
            "Async Capable": false,
            "Startup Cost": 131418.49,
            "Total Cost": 132273.75,
            "Plan Rows": 2848,
            "Plan Width": 48,
            "Output": [
              "(\"substring\"((item.i_item_desc)::text, 1, 30))",
              "item.i_item_sk",
              "date_dim_2.d_date",
              "count(*)"
            ],
            "Group Key": [
              "(\"substring\"((item.i_item_desc)::text, 1, 30))",
              "item.i_item_sk",
              "date_dim_2.d_date"
            ],
            "Filter": "(count(*) > 4)",
            "Plans": [
              {
                "Node Type": "Gather Merge",
                "Parent Relationship": "Outer",
                "Parallel Aware": false,
                "Async Capable": false,
                "Startup Cost": 131418.49,
                "Total Cost": 132109.57,
                "Plan Rows": 5026,
                "Plan Width": 48,
                "Output": [
                  "(\"substring\"((item.i_item_desc)::text, 1, 30))",
                  "item.i_item_sk",
                  "date_dim_2.d_date",
                  "(PARTIAL count(*))"
                ],
                "Workers Planned": 1,
                "Plans": [
                  {
                    "Node Type": "Aggregate",
                    "Strategy": "Sorted",
                    "Partial Mode": "Partial",
                    "Parent Relationship": "Outer",
                    "Parallel Aware": false,
                    "Async Capable": false,
                    "Startup Cost": 130418.48,
                    "Total Cost": 130544.13,
                    "Plan Rows": 5026,
                    "Plan Width": 48,
                    "Output": [
                      "(\"substring\"((item.i_item_desc)::text, 1, 30))",
                      "item.i_item_sk",
                      "date_dim_2.d_date",
                      "PARTIAL count(*)"
                    ],
                    "Group Key": [
                      "(\"substring\"((item.i_item_desc)::text, 1, 30))",
                      "item.i_item_sk",
                      "date_dim_2.d_date"
                    ],
                    "Plans": [
                      {
                        "Node Type": "Sort",
                        "Parent Relationship": "Outer",
                        "Parallel Aware": false,
                        "Async Capable": false,
                        "Startup Cost": 130418.48,
                        "Total Cost": 130431.05,
                        "Plan Rows": 5026,
                        "Plan Width": 40,
                        "Output": [
                          "(\"substring\"((item.i_item_desc)::text, 1, 30))",
                          "item.i_item_sk",
                          "date_dim_2.d_date"
                        ],
                        "Sort Key": [
                          "(\"substring\"((item.i_item_desc)::text, 1, 30))",
                          "item.i_item_sk",
                          "date_dim_2.d_date"
                        ],
                        "Plans": [
                          {
                            "Node Type": "Hash Join",
                            "Parent Relationship": "Outer",
                            "Parallel Aware": true,
                            "Async Capable": false,
                            "Join Type": "Inner",
                            "Startup Cost": 7800.8,
                            "Total Cost": 130109.5,
                            "Plan Rows": 5026,
                            "Plan Width": 40,
                            "Output": [
                              "\"substring\"((item.i_item_desc)::text, 1, 30)",
                              "item.i_item_sk",
                              "date_dim_2.d_date"
                            ],
                            "Inner Unique": true,
                            "Hash Cond": "(store_sales.ss_item_sk = item.i_item_sk)",
                            "Plans": [
                              {
                                "Node Type": "Nested Loop",
                                "Parent Relationship": "Outer",
                                "Parallel Aware": false,
                                "Async Capable": false,
                                "Join Type": "Inner",
                                "Startup Cost": 0.56,
                                "Total Cost": 122086.58,
                                "Plan Rows": 80042,
                                "Plan Width": 8,
                                "Output": [
                                  "store_sales.ss_item_sk",
                                  "date_dim_2.d_date"
                                ],
                                "Inner Unique": false,
                                "Plans": [
                                  {
                                    "Node Type": "Seq Scan",
                                    "Parent Relationship": "Outer",
                                    "Parallel Aware": true,
                                    "Async Capable": false,
                                    "Relation Name": "date_dim",
                                    "Schema": "public",
                                    "Alias": "date_dim_2",
                                    "Startup Cost": 0.0,
                                    "Total Cost": 1942.12,
                                    "Plan Rows": 213,
                                    "Plan Width": 8,
                                    "Output": [
                                      "date_dim_2.d_date_sk",
                                      "date_dim_2.d_date_id",
                                      "date_dim_2.d_date",
                                      "date_dim_2.d_month_seq",
                                      "date_dim_2.d_week_seq",
                                      "date_dim_2.d_quarter_seq",
                                      "date_dim_2.d_year",
                                      "date_dim_2.d_dow",
                                      "date_dim_2.d_moy",
                                      "date_dim_2.d_dom",
                                      "date_dim_2.d_qoy",
                                      "date_dim_2.d_fy_year",
                                      "date_dim_2.d_fy_quarter_seq",
                                      "date_dim_2.d_fy_week_seq",
                                      "date_dim_2.d_day_name",
                                      "date_dim_2.d_quarter_name",
                                      "date_dim_2.d_holiday",
                                      "date_dim_2.d_weekend",
                                      "date_dim_2.d_following_holiday",
                                      "date_dim_2.d_first_dom",
                                      "date_dim_2.d_last_dom",
                                      "date_dim_2.d_same_day_ly",
                                      "date_dim_2.d_same_day_lq",
                                      "date_dim_2.d_current_day",
                                      "date_dim_2.d_current_week",
                                      "date_dim_2.d_current_month",
                                      "date_dim_2.d_current_quarter",
                                      "date_dim_2.d_current_year"
                                    ],
                                    "Filter": "(date_dim_2.d_year = 1998)"
                                  },
                                  {
                                    "Node Type": "Index Only Scan",
                                    "Parent Relationship": "Inner",
                                    "Parallel Aware": false,
                                    "Async Capable": false,
                                    "Scan Direction": "Forward",
                                    "Index Name": "_dta_index_store_sales_6_1333579789__k1_k4_k3_k10",
                                    "Relation Name": "store_sales",
                                    "Schema": "public",
                                    "Alias": "store_sales",
                                    "Startup Cost": 0.56,
                                    "Total Cost": 430.18,
                                    "Plan Rows": 13388,
                                    "Plan Width": 8,
                                    "Output": [
                                      "store_sales.ss_sold_date_sk",
                                      "store_sales.ss_customer_sk",
                                      "store_sales.ss_item_sk",
                                      "store_sales.ss_ticket_number"
                                    ],
                                    "Index Cond": "(store_sales.ss_sold_date_sk = date_dim_2.d_date_sk)"
                                  }
                                ]
                              },
                              {
                                "Node Type": "Hash",
                                "Parent Relationship": "Inner",
                                "Parallel Aware": true,
                                "Async Capable": false,
                                "Startup Cost": 7766.88,
                                "Total Cost": 7766.88,
                                "Plan Rows": 2669,
                                "Plan Width": 107,
                                "Output": [
                                  "item.i_item_desc",
                                  "item.i_item_sk"
                                ],
                                "Plans": [
                                  {
                                    "Node Type": "Seq Scan",
                                    "Parent Relationship": "Outer",
                                    "Parallel Aware": true,
                                    "Async Capable": false,
                                    "Relation Name": "item",
                                    "Schema": "public",
                                    "Alias": "item",
                                    "Startup Cost": 0.0,
                                    "Total Cost": 7766.88,
                                    "Plan Rows": 2669,
                                    "Plan Width": 107,
                                    "Output": [
                                      "item.i_item_desc",
                                      "item.i_item_sk"
                                    ],
                                    "Filter": "((item.i_manager_id >= 81) AND (item.i_manager_id <= 100) AND (item.i_category = ANY ('{Children,Men,Sports}'::bpchar[])))"
                                  }
                                ]
                              }
                            ]
                          }
                        ]
                      }
                    ]
                  }
                ]
              }
            ]
          },
          {
            "Node Type": "Aggregate",
            "Strategy": "Sorted",
            "Partial Mode": "Finalize",
            "Parent Relationship": "InitPlan",
            "Subplan Name": "CTE best_ss_customer",
            "Parallel Aware": false,
            "Async Capable": false,
            "Startup Cost": 153943.03,
            "Total Cost": 513213.18,
            "Plan Rows": 15833,
            "Plan Width": 36,
            "Output": [
              "customer_1.c_customer_sk",
              "sum(((store_sales_2.ss_quantity)::numeric * store_sales_2.ss_sales_price))"
            ],
            "Group Key": [
              "customer_1.c_customer_sk"
            ],
            "Filter": "(sum(((store_sales_2.ss_quantity)::numeric * store_sales_2.ss_sales_price)) > (0.95000000000000000000 * $6))",
            "Plans": [
              {
                "Node Type": "Aggregate",
                "Strategy": "Plain",
                "Partial Mode": "Simple",
                "Parent Relationship": "InitPlan",
                "Subplan Name": "InitPlan 2 (returns $6)",
                "Parallel Aware": false,
                "Async Capable": false,
                "Startup Cost": 152942.0,
                "Total Cost": 152942.01,
                "Plan Rows": 1,
                "Plan Width": 32,
                "Output": [
                  "max((sum(((store_sales_1.ss_quantity)::numeric * store_sales_1.ss_sales_price))))"
                ],
                "Plans": [
                  {
                    "Node Type": "Aggregate",
                    "Strategy": "Sorted",
                    "Partial Mode": "Finalize",
                    "Parent Relationship": "Outer",
                    "Parallel Aware": false,
                    "Async Capable": false,
                    "Startup Cost": 151924.32,
                    "Total Cost": 152849.73,
                    "Plan Rows": 7382,
                    "Plan Width": 36,
                    "Output": [
                      "customer.c_customer_sk",
                      "sum(((store_sales_1.ss_quantity)::numeric * store_sales_1.ss_sales_price))"
                    ],
                    "Group Key": [
                      "customer.c_customer_sk"
                    ],
                    "Plans": [
                      {
                        "Node Type": "Gather Merge",
                        "Parent Relationship": "Outer",
                        "Parallel Aware": false,
                        "Async Capable": false,
                        "Startup Cost": 151924.32,
                        "Total Cost": 152711.31,
                        "Plan Rows": 6152,
                        "Plan Width": 36,
                        "Output": [
                          "customer.c_customer_sk",
                          "(PARTIAL sum(((store_sales_1.ss_quantity)::numeric * store_sales_1.ss_sales_price)))"
                        ],
                        "Workers Planned": 2,
                        "Plans": [
                          {
                            "Node Type": "Aggregate",
                            "Strategy": "Sorted",
                            "Partial Mode": "Partial",
                            "Parent Relationship": "Outer",
                            "Parallel Aware": false,
                            "Async Capable": false,
                            "Startup Cost": 150924.3,
                            "Total Cost": 151001.2,
                            "Plan Rows": 3076,
                            "Plan Width": 36,
                            "Output": [
                              "customer.c_customer_sk",
                              "PARTIAL sum(((store_sales_1.ss_quantity)::numeric * store_sales_1.ss_sales_price))"
                            ],
                            "Group Key": [
                              "customer.c_customer_sk"
                            ],
                            "Plans": [
                              {
                                "Node Type": "Sort",
                                "Parent Relationship": "Outer",
                                "Parallel Aware": false,
                                "Async Capable": false,
                                "Startup Cost": 150924.3,
                                "Total Cost": 150931.99,
                                "Plan Rows": 3076,
                                "Plan Width": 14,
                                "Output": [
                                  "customer.c_customer_sk",
                                  "store_sales_1.ss_quantity",
                                  "store_sales_1.ss_sales_price"
                                ],
                                "Sort Key": [
                                  "customer.c_customer_sk"
                                ],
                                "Plans": [
                                  {
                                    "Node Type": "Nested Loop",
                                    "Parent Relationship": "Outer",
                                    "Parallel Aware": false,
                                    "Async Capable": false,
                                    "Join Type": "Inner",
                                    "Startup Cost": 1.28,
                                    "Total Cost": 150746.09,
                                    "Plan Rows": 3076,
                                    "Plan Width": 14,
                                    "Output": [
                                      "customer.c_customer_sk",
                                      "store_sales_1.ss_quantity",
                                      "store_sales_1.ss_sales_price"
                                    ],
                                    "Inner Unique": true,
                                    "Plans": [
                                      {
                                        "Node Type": "Nested Loop",
                                        "Parent Relationship": "Outer",
                                        "Parallel Aware": false,
                                        "Async Capable": false,
                                        "Join Type": "Inner",
                                        "Startup Cost": 0.85,
                                        "Total Cost": 149213.72,
                                        "Plan Rows": 3224,
                                        "Plan Width": 14,
                                        "Output": [
                                          "store_sales_1.ss_quantity",
                                          "store_sales_1.ss_sales_price",
                                          "store_sales_1.ss_customer_sk"
                                        ],
                                        "Inner Unique": false,
                                        "Plans": [
                                          {
                                            "Node Type": "Index Only Scan",
                                            "Parent Relationship": "Outer",
                                            "Parallel Aware": true,
                                            "Async Capable": false,
                                            "Scan Direction": "Forward",
                                            "Index Name": "_dta_index_date_dim_6_661577395__k1_k7_k9",
                                            "Relation Name": "date_dim",
                                            "Schema": "public",
                                            "Alias": "date_dim_3",
                                            "Startup Cost": 0.29,
                                            "Total Cost": 1677.67,
                                            "Plan Rows": 151,
                                            "Plan Width": 4,
                                            "Output": [
                                              "date_dim_3.d_date_sk",
                                              "date_dim_3.d_year",
                                              "date_dim_3.d_moy"
                                            ],
                                            "Index Cond": "(date_dim_3.d_year = 1998)"
                                          },
                                          {
                                            "Node Type": "Index Only Scan",
                                            "Parent Relationship": "Inner",
                                            "Parallel Aware": false,
                                            "Async Capable": false,
                                            "Scan Direction": "Forward",
                                            "Index Name": "_dta_index_store_sales_6_1333579789__k1_k23_k14_k6_k8_k5_k7_3_4",
                                            "Relation Name": "store_sales",
                                            "Schema": "public",
                                            "Alias": "store_sales_1",
                                            "Startup Cost": 0.56,
                                            "Total Cost": 969.45,
                                            "Plan Rows": 761,
                                            "Plan Width": 18,
                                            "Output": [
                                              "store_sales_1.ss_sold_date_sk",
                                              "store_sales_1.ss_net_profit",
                                              "store_sales_1.ss_sales_price",
                                              "store_sales_1.ss_hdemo_sk",
                                              "store_sales_1.ss_store_sk",
                                              "store_sales_1.ss_cdemo_sk",
                                              "store_sales_1.ss_addr_sk",
                                              "store_sales_1.ss_item_sk",
                                              "store_sales_1.ss_customer_sk",
                                              "store_sales_1.ss_promo_sk",
                                              "store_sales_1.ss_ticket_number",
                                              "store_sales_1.ss_quantity",
                                              "store_sales_1.ss_wholesale_cost",
                                              "store_sales_1.ss_list_price",
                                              "store_sales_1.ss_ext_sales_price",
                                              "store_sales_1.ss_ext_wholesale_cost",
                                              "store_sales_1.ss_coupon_amt"
                                            ],
                                            "Index Cond": "(store_sales_1.ss_sold_date_sk = date_dim_3.d_date_sk)",
                                            "Filter": "((store_sales_1.ss_wholesale_cost >= '11'::numeric) AND (store_sales_1.ss_wholesale_cost <= '21'::numeric))"
                                          }
                                        ]
                                      },
                                      {
                                        "Node Type": "Index Only Scan",
                                        "Parent Relationship": "Inner",
                                        "Parallel Aware": false,
                                        "Async Capable": false,
                                        "Scan Direction": "Forward",
                                        "Index Name": "_dta_index_customer_6_949578421__k1_k5",
                                        "Relation Name": "customer",
                                        "Schema": "public",
                                        "Alias": "customer",
                                        "Startup Cost": 0.42,
                                        "Total Cost": 0.48,
                                        "Plan Rows": 1,
                                        "Plan Width": 4,
                                        "Output": [
                                          "customer.c_customer_sk",
                                          "customer.c_current_addr_sk"
                                        ],
                                        "Index Cond": "(customer.c_customer_sk = store_sales_1.ss_customer_sk)"
                                      }
                                    ]
                                  }
                                ]
                              }
                            ]
                          }
                        ]
                      }
                    ]
                  }
                ]
              },
              {
                "Node Type": "Gather Merge",
                "Parent Relationship": "Outer",
                "Parallel Aware": false,
                "Async Capable": false,
                "Startup Cost": 1001.01,
                "Total Cost": 358727.41,
                "Plan Rows": 95000,
                "Plan Width": 36,
                "Output": [
                  "customer_1.c_customer_sk",
                  "(PARTIAL sum(((store_sales_2.ss_quantity)::numeric * store_sales_2.ss_sales_price)))"
                ],
                "Workers Planned": 2,
                "Plans": [
                  {
                    "Node Type": "Aggregate",
                    "Strategy": "Sorted",
                    "Partial Mode": "Partial",
                    "Parent Relationship": "Outer",
                    "Parallel Aware": false,
                    "Async Capable": false,
                    "Startup Cost": 0.98,
                    "Total Cost": 346762.03,
                    "Plan Rows": 47500,
                    "Plan Width": 36,
                    "Output": [
                      "customer_1.c_customer_sk",
                      "PARTIAL sum(((store_sales_2.ss_quantity)::numeric * store_sales_2.ss_sales_price))"
                    ],
                    "Group Key": [
                      "customer_1.c_customer_sk"
                    ],
                    "Plans": [
                      {
                        "Node Type": "Nested Loop",
                        "Parent Relationship": "Outer",
                        "Parallel Aware": false,
                        "Async Capable": false,
                        "Join Type": "Inner",
                        "Startup Cost": 0.98,
                        "Total Cost": 335291.08,
                        "Plan Rows": 1087720,
                        "Plan Width": 14,
                        "Output": [
                          "customer_1.c_customer_sk",
                          "store_sales_2.ss_quantity",
                          "store_sales_2.ss_sales_price"
                        ],
                        "Inner Unique": false,
                        "Plans": [
                          {
                            "Node Type": "Index Scan",
                            "Parent Relationship": "Outer",
                            "Parallel Aware": true,
                            "Async Capable": false,
                            "Scan Direction": "Forward",
                            "Index Name": "customer_pkey",
                            "Relation Name": "customer",
                            "Schema": "public",
                            "Alias": "customer_1",
                            "Startup Cost": 0.42,
                            "Total Cost": 24952.83,
                            "Plan Rows": 19792,
                            "Plan Width": 4,
                            "Output": [
                              "customer_1.c_customer_sk",
                              "customer_1.c_customer_id",
                              "customer_1.c_current_cdemo_sk",
                              "customer_1.c_current_hdemo_sk",
                              "customer_1.c_current_addr_sk",
                              "customer_1.c_first_shipto_date_sk",
                              "customer_1.c_first_sales_date_sk",
                              "customer_1.c_salutation",
                              "customer_1.c_first_name",
                              "customer_1.c_last_name",
                              "customer_1.c_preferred_cust_flag",
                              "customer_1.c_birth_day",
                              "customer_1.c_birth_month",
                              "customer_1.c_birth_year",
                              "customer_1.c_birth_country",
                              "customer_1.c_login",
                              "customer_1.c_email_address",
                              "customer_1.c_last_review_date_sk"
                            ],
                            "Filter": "((customer_1.c_birth_year >= 1934) AND (customer_1.c_birth_year <= 1940))"
                          },
                          {
                            "Node Type": "Index Only Scan",
                            "Parent Relationship": "Inner",
                            "Parallel Aware": false,
                            "Async Capable": false,
                            "Scan Direction": "Forward",
                            "Index Name": "_dta_index_store_sales_6_1333579789__k4_1_3_10_11_14",
                            "Relation Name": "store_sales",
                            "Schema": "public",
                            "Alias": "store_sales_2",
                            "Startup Cost": 0.56,
                            "Total Cost": 12.46,
                            "Plan Rows": 322,
                            "Plan Width": 14,
                            "Output": [
                              "store_sales_2.ss_customer_sk",
                              "store_sales_2.ss_sold_date_sk",
                              "store_sales_2.ss_item_sk",
                              "store_sales_2.ss_ticket_number",
                              "store_sales_2.ss_quantity",
                              "store_sales_2.ss_sales_price"
                            ],
                            "Index Cond": "(store_sales_2.ss_customer_sk = customer_1.c_customer_sk)"
                          }
                        ]
                      }
                    ]
                  }
                ]
              }
            ]
          },
          {
            "Node Type": "Aggregate",
            "Strategy": "Plain",
            "Partial Mode": "Simple",
            "Parent Relationship": "Outer",
            "Parallel Aware": false,
            "Async Capable": false,
            "Startup Cost": 24930.3,
            "Total Cost": 24930.31,
            "Plan Rows": 1,
            "Plan Width": 32,
            "Output": [
              "sum((((catalog_sales.cs_quantity)::numeric * catalog_sales.cs_list_price)))"
            ],
            "Plans": [
              {
                "Node Type": "Append",
                "Parent Relationship": "Outer",
                "Parallel Aware": false,
                "Async Capable": false,
                "Startup Cost": 1430.05,
                "Total Cost": 24930.25,
                "Plan Rows": 19,
                "Plan Width": 32,
                "Subplans Removed": 0,
                "Plans": [
                  {
                    "Node Type": "Hash Join",
                    "Parent Relationship": "Member",
                    "Parallel Aware": false,
                    "Async Capable": false,
                    "Join Type": "Inner",
                    "Startup Cost": 1430.05,
                    "Total Cost": 15258.35,
                    "Plan Rows": 7,
                    "Plan Width": 32,
                    "Output": [
                      "((catalog_sales.cs_quantity)::numeric * catalog_sales.cs_list_price)"
                    ],
                    "Inner Unique": true,
                    "Hash Cond": "(catalog_sales.cs_bill_customer_sk = best_ss_customer.c_customer_sk)",
                    "Plans": [
                      {
                        "Node Type": "Hash Join",
                        "Parent Relationship": "Outer",
                        "Parallel Aware": false,
                        "Async Capable": false,
                        "Join Type": "Inner",
                        "Startup Cost": 1069.31,
                        "Total Cost": 14897.4,
                        "Plan Rows": 39,
                        "Plan Width": 14,
                        "Output": [
                          "catalog_sales.cs_quantity",
                          "catalog_sales.cs_list_price",
                          "catalog_sales.cs_bill_customer_sk"
                        ],
                        "Inner Unique": true,
                        "Hash Cond": "(catalog_sales.cs_item_sk = frequent_ss_items.item_sk)",
                        "Plans": [
                          {
                            "Node Type": "Gather",
                            "Parent Relationship": "Outer",
                            "Parallel Aware": false,
                            "Async Capable": false,
                            "Startup Cost": 1000.73,
                            "Total Cost": 14827.55,
                            "Plan Rows": 318,
                            "Plan Width": 18,
                            "Output": [
                              "catalog_sales.cs_quantity",
                              "catalog_sales.cs_list_price",
                              "catalog_sales.cs_item_sk",
                              "catalog_sales.cs_bill_customer_sk"
                            ],
                            "Workers Planned": 2,
                            "Single Copy": false,
                            "Plans": [
                              {
                                "Node Type": "Nested Loop",
                                "Parent Relationship": "Outer",
                                "Parallel Aware": false,
                                "Async Capable": false,
                                "Join Type": "Inner",
                                "Startup Cost": 0.73,
                                "Total Cost": 13795.75,
                                "Plan Rows": 132,
                                "Plan Width": 18,
                                "Output": [
                                  "catalog_sales.cs_quantity",
                                  "catalog_sales.cs_list_price",
                                  "catalog_sales.cs_item_sk",
                                  "catalog_sales.cs_bill_customer_sk"
                                ],
                                "Inner Unique": false,
                                "Plans": [
                                  {
                                    "Node Type": "Index Only Scan",
                                    "Parent Relationship": "Outer",
                                    "Parallel Aware": true,
                                    "Async Capable": false,
                                    "Scan Direction": "Forward",
                                    "Index Name": "_dta_index_date_dim_6_661577395__k1_k7_k9",
                                    "Relation Name": "date_dim",
                                    "Schema": "public",
                                    "Alias": "date_dim",
                                    "Startup Cost": 0.29,
                                    "Total Cost": 1858.91,
                                    "Plan Rows": 13,
                                    "Plan Width": 4,
                                    "Output": [
                                      "date_dim.d_date_sk",
                                      "date_dim.d_year",
                                      "date_dim.d_moy"
                                    ],
                                    "Index Cond": "((date_dim.d_year = 1998) AND (date_dim.d_moy = 10))"
                                  },
                                  {
                                    "Node Type": "Index Scan",
                                    "Parent Relationship": "Inner",
                                    "Parallel Aware": false,
                                    "Async Capable": false,
                                    "Scan Direction": "Forward",
                                    "Index Name": "_dta_index_catalog_sales_6_1301579675__k1_4",
                                    "Relation Name": "catalog_sales",
                                    "Schema": "public",
                                    "Alias": "catalog_sales",
                                    "Startup Cost": 0.43,
                                    "Total Cost": 914.69,
                                    "Plan Rows": 353,
                                    "Plan Width": 22,
                                    "Output": [
                                      "catalog_sales.cs_sold_date_sk",
                                      "catalog_sales.cs_sold_time_sk",
                                      "catalog_sales.cs_ship_date_sk",
                                      "catalog_sales.cs_bill_customer_sk",
                                      "catalog_sales.cs_bill_cdemo_sk",
                                      "catalog_sales.cs_bill_hdemo_sk",
                                      "catalog_sales.cs_bill_addr_sk",
                                      "catalog_sales.cs_ship_customer_sk",
                                      "catalog_sales.cs_ship_cdemo_sk",
                                      "catalog_sales.cs_ship_hdemo_sk",
                                      "catalog_sales.cs_ship_addr_sk",
                                      "catalog_sales.cs_call_center_sk",
                                      "catalog_sales.cs_catalog_page_sk",
                                      "catalog_sales.cs_ship_mode_sk",
                                      "catalog_sales.cs_warehouse_sk",
                                      "catalog_sales.cs_item_sk",
                                      "catalog_sales.cs_promo_sk",
                                      "catalog_sales.cs_order_number",
                                      "catalog_sales.cs_quantity",
                                      "catalog_sales.cs_wholesale_cost",
                                      "catalog_sales.cs_list_price",
                                      "catalog_sales.cs_sales_price",
                                      "catalog_sales.cs_ext_discount_amt",
                                      "catalog_sales.cs_ext_sales_price",
                                      "catalog_sales.cs_ext_wholesale_cost",
                                      "catalog_sales.cs_ext_list_price",
                                      "catalog_sales.cs_ext_tax",
                                      "catalog_sales.cs_coupon_amt",
                                      "catalog_sales.cs_ext_ship_cost",
                                      "catalog_sales.cs_net_paid",
                                      "catalog_sales.cs_net_paid_inc_tax",
                                      "catalog_sales.cs_net_paid_inc_ship",
                                      "catalog_sales.cs_net_paid_inc_ship_tax",
                                      "catalog_sales.cs_net_profit"
                                    ],
                                    "Index Cond": "(catalog_sales.cs_sold_date_sk = date_dim.d_date_sk)",
                                    "Filter": "((catalog_sales.cs_wholesale_cost >= '11'::numeric) AND (catalog_sales.cs_wholesale_cost <= '21'::numeric))"
                                  }
                                ]
                              }
                            ]
                          },
                          {
                            "Node Type": "Hash",
                            "Parent Relationship": "Inner",
                            "Parallel Aware": false,
                            "Async Capable": false,
                            "Startup Cost": 66.08,
                            "Total Cost": 66.08,
                            "Plan Rows": 200,
                            "Plan Width": 4,
                            "Output": [
                              "frequent_ss_items.item_sk"
                            ],
                            "Plans": [
                              {
                                "Node Type": "Aggregate",
                                "Strategy": "Hashed",
                                "Partial Mode": "Simple",
                                "Parent Relationship": "Outer",
                                "Parallel Aware": false,
                                "Async Capable": false,
                                "Startup Cost": 64.08,
                                "Total Cost": 66.08,
                                "Plan Rows": 200,
                                "Plan Width": 4,
                                "Output": [
                                  "frequent_ss_items.item_sk"
                                ],
                                "Group Key": [
                                  "frequent_ss_items.item_sk"
                                ],
                                "Planned Partitions": 0,
                                "Plans": [
                                  {
                                    "Node Type": "CTE Scan",
                                    "Parent Relationship": "Outer",
                                    "Parallel Aware": false,
                                    "Async Capable": false,
                                    "CTE Name": "frequent_ss_items",
                                    "Alias": "frequent_ss_items",
                                    "Startup Cost": 0.0,
                                    "Total Cost": 56.96,
                                    "Plan Rows": 2848,
                                    "Plan Width": 4,
                                    "Output": [
                                      "frequent_ss_items.item_sk"
                                    ]
                                  }
                                ]
                              }
                            ]
                          }
                        ]
                      },
                      {
                        "Node Type": "Hash",
                        "Parent Relationship": "Inner",
                        "Parallel Aware": false,
                        "Async Capable": false,
                        "Startup Cost": 358.24,
                        "Total Cost": 358.24,
                        "Plan Rows": 200,
                        "Plan Width": 4,
                        "Output": [
                          "best_ss_customer.c_customer_sk"
                        ],
                        "Plans": [
                          {
                            "Node Type": "Aggregate",
                            "Strategy": "Hashed",
                            "Partial Mode": "Simple",
                            "Parent Relationship": "Outer",
                            "Parallel Aware": false,
                            "Async Capable": false,
                            "Startup Cost": 356.24,
                            "Total Cost": 358.24,
                            "Plan Rows": 200,
                            "Plan Width": 4,
                            "Output": [
                              "best_ss_customer.c_customer_sk"
                            ],
                            "Group Key": [
                              "best_ss_customer.c_customer_sk"
                            ],
                            "Planned Partitions": 0,
                            "Plans": [
                              {
                                "Node Type": "CTE Scan",
                                "Parent Relationship": "Outer",
                                "Parallel Aware": false,
                                "Async Capable": false,
                                "CTE Name": "best_ss_customer",
                                "Alias": "best_ss_customer",
                                "Startup Cost": 0.0,
                                "Total Cost": 316.66,
                                "Plan Rows": 15833,
                                "Plan Width": 4,
                                "Output": [
                                  "best_ss_customer.c_customer_sk"
                                ]
                              }
                            ]
                          }
                        ]
                      }
                    ]
                  },
                  {
                    "Node Type": "Hash Join",
                    "Parent Relationship": "Member",
                    "Parallel Aware": false,
                    "Async Capable": false,
                    "Join Type": "Inner",
                    "Startup Cost": 1430.05,
                    "Total Cost": 9671.62,
                    "Plan Rows": 12,
                    "Plan Width": 32,
                    "Output": [
                      "((web_sales.ws_quantity)::numeric * web_sales.ws_list_price)"
                    ],
                    "Inner Unique": true,
                    "Hash Cond": "(web_sales.ws_bill_customer_sk = best_ss_customer_1.c_customer_sk)",
                    "Plans": [
                      {
                        "Node Type": "Hash Join",
                        "Parent Relationship": "Outer",
                        "Parallel Aware": false,
                        "Async Capable": false,
                        "Join Type": "Inner",
                        "Startup Cost": 1069.31,
                        "Total Cost": 9310.53,
                        "Plan Rows": 57,
                        "Plan Width": 14,
                        "Output": [
                          "web_sales.ws_quantity",
                          "web_sales.ws_list_price",
                          "web_sales.ws_bill_customer_sk"
                        ],
                        "Inner Unique": true,
                        "Hash Cond": "(web_sales.ws_item_sk = frequent_ss_items_1.item_sk)",
                        "Plans": [
                          {
                            "Node Type": "Gather",
                            "Parent Relationship": "Outer",
                            "Parallel Aware": false,
                            "Async Capable": false,
                            "Startup Cost": 1000.73,
                            "Total Cost": 9240.06,
                            "Plan Rows": 477,
                            "Plan Width": 18,
                            "Output": [
                              "web_sales.ws_quantity",
                              "web_sales.ws_list_price",
                              "web_sales.ws_item_sk",
                              "web_sales.ws_bill_customer_sk"
                            ],
                            "Workers Planned": 2,
                            "Single Copy": false,
                            "Plans": [
                              {
                                "Node Type": "Nested Loop",
                                "Parent Relationship": "Outer",
                                "Parallel Aware": false,
                                "Async Capable": false,
                                "Join Type": "Inner",
                                "Startup Cost": 0.72,
                                "Total Cost": 8192.36,
                                "Plan Rows": 199,
                                "Plan Width": 18,
                                "Output": [
                                  "web_sales.ws_quantity",
                                  "web_sales.ws_list_price",
                                  "web_sales.ws_item_sk",
                                  "web_sales.ws_bill_customer_sk"
                                ],
                                "Inner Unique": false,
                                "Plans": [
                                  {
                                    "Node Type": "Index Only Scan",
                                    "Parent Relationship": "Outer",
                                    "Parallel Aware": true,
                                    "Async Capable": false,
                                    "Scan Direction": "Forward",
                                    "Index Name": "_dta_index_date_dim_6_661577395__k1_k7_k9",
                                    "Relation Name": "date_dim",
                                    "Schema": "public",
                                    "Alias": "date_dim_1",
                                    "Startup Cost": 0.29,
                                    "Total Cost": 1858.91,
                                    "Plan Rows": 13,
                                    "Plan Width": 4,
                                    "Output": [
                                      "date_dim_1.d_date_sk",
                                      "date_dim_1.d_year",
                                      "date_dim_1.d_moy"
                                    ],
                                    "Index Cond": "((date_dim_1.d_year = 1998) AND (date_dim_1.d_moy = 10))"
                                  },
                                  {
                                    "Node Type": "Index Scan",
                                    "Parent Relationship": "Inner",
                                    "Parallel Aware": false,
                                    "Async Capable": false,
                                    "Scan Direction": "Forward",
                                    "Index Name": "_dta_index_web_sales_6_1269579561__k1_8_24",
                                    "Relation Name": "web_sales",
                                    "Schema": "public",
                                    "Alias": "web_sales",
                                    "Startup Cost": 0.43,
                                    "Total Cost": 481.9,
                                    "Plan Rows": 529,
                                    "Plan Width": 22,
                                    "Output": [
                                      "web_sales.ws_sold_date_sk",
                                      "web_sales.ws_sold_time_sk",
                                      "web_sales.ws_ship_date_sk",
                                      "web_sales.ws_item_sk",
                                      "web_sales.ws_bill_customer_sk",
                                      "web_sales.ws_bill_cdemo_sk",
                                      "web_sales.ws_bill_hdemo_sk",
                                      "web_sales.ws_bill_addr_sk",
                                      "web_sales.ws_ship_customer_sk",
                                      "web_sales.ws_ship_cdemo_sk",
                                      "web_sales.ws_ship_hdemo_sk",
                                      "web_sales.ws_ship_addr_sk",
                                      "web_sales.ws_web_page_sk",
                                      "web_sales.ws_web_site_sk",
                                      "web_sales.ws_ship_mode_sk",
                                      "web_sales.ws_warehouse_sk",
                                      "web_sales.ws_promo_sk",
                                      "web_sales.ws_order_number",
                                      "web_sales.ws_quantity",
                                      "web_sales.ws_wholesale_cost",
                                      "web_sales.ws_list_price",
                                      "web_sales.ws_sales_price",
                                      "web_sales.ws_ext_discount_amt",
                                      "web_sales.ws_ext_sales_price",
                                      "web_sales.ws_ext_wholesale_cost",
                                      "web_sales.ws_ext_list_price",
                                      "web_sales.ws_ext_tax",
                                      "web_sales.ws_coupon_amt",
                                      "web_sales.ws_ext_ship_cost",
                                      "web_sales.ws_net_paid",
                                      "web_sales.ws_net_paid_inc_tax",
                                      "web_sales.ws_net_paid_inc_ship",
                                      "web_sales.ws_net_paid_inc_ship_tax",
                                      "web_sales.ws_net_profit"
                                    ],
                                    "Index Cond": "(web_sales.ws_sold_date_sk = date_dim_1.d_date_sk)",
                                    "Filter": "((web_sales.ws_wholesale_cost >= '11'::numeric) AND (web_sales.ws_wholesale_cost <= '21'::numeric))"
                                  }
                                ]
                              }
                            ]
                          },
                          {
                            "Node Type": "Hash",
                            "Parent Relationship": "Inner",
                            "Parallel Aware": false,
                            "Async Capable": false,
                            "Startup Cost": 66.08,
                            "Total Cost": 66.08,
                            "Plan Rows": 200,
                            "Plan Width": 4,
                            "Output": [
                              "frequent_ss_items_1.item_sk"
                            ],
                            "Plans": [
                              {
                                "Node Type": "Aggregate",
                                "Strategy": "Hashed",
                                "Partial Mode": "Simple",
                                "Parent Relationship": "Outer",
                                "Parallel Aware": false,
                                "Async Capable": false,
                                "Startup Cost": 64.08,
                                "Total Cost": 66.08,
                                "Plan Rows": 200,
                                "Plan Width": 4,
                                "Output": [
                                  "frequent_ss_items_1.item_sk"
                                ],
                                "Group Key": [
                                  "frequent_ss_items_1.item_sk"
                                ],
                                "Planned Partitions": 0,
                                "Plans": [
                                  {
                                    "Node Type": "CTE Scan",
                                    "Parent Relationship": "Outer",
                                    "Parallel Aware": false,
                                    "Async Capable": false,
                                    "CTE Name": "frequent_ss_items",
                                    "Alias": "frequent_ss_items_1",
                                    "Startup Cost": 0.0,
                                    "Total Cost": 56.96,
                                    "Plan Rows": 2848,
                                    "Plan Width": 4,
                                    "Output": [
                                      "frequent_ss_items_1.item_sk"
                                    ]
                                  }
                                ]
                              }
                            ]
                          }
                        ]
                      },
                      {
                        "Node Type": "Hash",
                        "Parent Relationship": "Inner",
                        "Parallel Aware": false,
                        "Async Capable": false,
                        "Startup Cost": 358.24,
                        "Total Cost": 358.24,
                        "Plan Rows": 200,
                        "Plan Width": 4,
                        "Output": [
                          "best_ss_customer_1.c_customer_sk"
                        ],
                        "Plans": [
                          {
                            "Node Type": "Aggregate",
                            "Strategy": "Hashed",
                            "Partial Mode": "Simple",
                            "Parent Relationship": "Outer",
                            "Parallel Aware": false,
                            "Async Capable": false,
                            "Startup Cost": 356.24,
                            "Total Cost": 358.24,
                            "Plan Rows": 200,
                            "Plan Width": 4,
                            "Output": [
                              "best_ss_customer_1.c_customer_sk"
                            ],
                            "Group Key": [
                              "best_ss_customer_1.c_customer_sk"
                            ],
                            "Planned Partitions": 0,
                            "Plans": [
                              {
                                "Node Type": "CTE Scan",
                                "Parent Relationship": "Outer",
                                "Parallel Aware": false,
                                "Async Capable": false,
                                "CTE Name": "best_ss_customer",
                                "Alias": "best_ss_customer_1",
                                "Startup Cost": 0.0,
                                "Total Cost": 316.66,
                                "Plan Rows": 15833,
                                "Plan Width": 4,
                                "Output": [
                                  "best_ss_customer_1.c_customer_sk"
                                ]
                              }
                            ]
                          }
                        ]
                      }
                    ]
                  }
                ]
              }
            ]
          }
        ]
      }
    }
  ],
  "original_sql": "with frequent_ss_items as\n (select substring(i_item_desc,1,30) itemdesc,i_item_sk item_sk,d_date solddate,count(*) cnt\n  from store_sales\n      ,date_dim\n      ,item\n  where ss_sold_date_sk = d_date_sk\n    and ss_item_sk = i_item_sk\n    and d_year = 1998\n    and i_manager_id BETWEEN 81 and 100\n     AND i_category IN ('Children', 'Men', 'Sports')\n  group by substring(i_item_desc,1,30),i_item_sk,d_date\n  having count(*) >4),\n max_store_sales as\n (select max(csales) tpcds_cmax\n  from (select c_customer_sk,sum(ss_quantity*ss_sales_price) csales\n        from store_sales\n            ,customer\n            ,date_dim\n        where ss_customer_sk = c_customer_sk\n         and ss_sold_date_sk = d_date_sk\n         and d_year = 1998\n         and ss_wholesale_cost BETWEEN 11 AND 21\n        group by c_customer_sk) tmp1),\n best_ss_customer as\n (select c_customer_sk,sum(ss_quantity*ss_sales_price) ssales\n  from store_sales\n      ,customer\n  where ss_customer_sk = c_customer_sk\n  and c_birth_year BETWEEN 1934 AND 1940\n  group by c_customer_sk\n  having sum(ss_quantity*ss_sales_price) > (95/100.0) * (select\n  *\nfrom\n max_store_sales))\n  select  sum(sales)\n from (select cs_quantity*cs_list_price sales\n       from catalog_sales\n           ,date_dim\n       where d_year = 1998\n         and d_moy = 10\n         and cs_sold_date_sk = d_date_sk\n         and cs_item_sk in (select item_sk from frequent_ss_items)\n         and cs_bill_customer_sk in (select c_customer_sk from best_ss_customer)\n         and cs_wholesale_cost BETWEEN 11 AND 21\n      union all\n      select ws_quantity*ws_list_price sales\n       from web_sales\n           ,date_dim\n       where d_year = 1998\n         and d_moy = 10\n         and ws_sold_date_sk = d_date_sk\n         and ws_item_sk in (select item_sk from frequent_ss_items)\n         and ws_bill_customer_sk in (select c_customer_sk from best_ss_customer)\n         and ws_wholesale_cost BETWEEN 11 AND 21) tmp2\n limit 100"
}