{
  "query_id": "query032_multi_s3",
  "engine": "postgresql",
  "benchmark": "dsb_156",
  "scale_factor": 10,
  "execution_time_ms": null,
  "planning_time_ms": 0.9090069997910177,
  "plan_json": [
    {
      "Plan": {
        "Node Type": "Limit",
        "Parallel Aware": false,
        "Async Capable": false,
        "Startup Cost": 65063.39,
        "Total Cost": 65063.4,
        "Plan Rows": 1,
        "Plan Width": 32,
        "Output": [
          "(sum(catalog_sales.cs_ext_discount_amt))"
        ],
        "Plans": [
          {
            "Node Type": "Sort",
            "Parent Relationship": "Outer",
            "Parallel Aware": false,
            "Async Capable": false,
            "Startup Cost": 65063.39,
            "Total Cost": 65063.4,
            "Plan Rows": 1,
            "Plan Width": 32,
            "Output": [
              "(sum(catalog_sales.cs_ext_discount_amt))"
            ],
            "Sort Key": [
              "(sum(catalog_sales.cs_ext_discount_amt))"
            ],
            "Plans": [
              {
                "Node Type": "Aggregate",
                "Strategy": "Plain",
                "Partial Mode": "Simple",
                "Parent Relationship": "Outer",
                "Parallel Aware": false,
                "Async Capable": false,
                "Startup Cost": 65063.37,
                "Total Cost": 65063.38,
                "Plan Rows": 1,
                "Plan Width": 32,
                "Output": [
                  "sum(catalog_sales.cs_ext_discount_amt)"
                ],
                "Plans": [
                  {
                    "Node Type": "Hash Join",
                    "Parent Relationship": "Outer",
                    "Parallel Aware": false,
                    "Async Capable": false,
                    "Join Type": "Inner",
                    "Startup Cost": 10527.96,
                    "Total Cost": 65058.77,
                    "Plan Rows": 1840,
                    "Plan Width": 6,
                    "Output": [
                      "catalog_sales.cs_ext_discount_amt"
                    ],
                    "Inner Unique": true,
                    "Hash Cond": "(catalog_sales.cs_item_sk = item.i_item_sk)",
                    "Join Filter": "(catalog_sales.cs_ext_discount_amt > (SubPlan 1))",
                    "Plans": [
                      {
                        "Node Type": "Gather",
                        "Parent Relationship": "Outer",
                        "Parallel Aware": false,
                        "Async Capable": false,
                        "Startup Cost": 1000.43,
                        "Total Cost": 55483.89,
                        "Plan Rows": 18042,
                        "Plan Width": 10,
                        "Output": [
                          "catalog_sales.cs_ext_discount_amt",
                          "catalog_sales.cs_item_sk"
                        ],
                        "Workers Planned": 1,
                        "Single Copy": false,
                        "Plans": [
                          {
                            "Node Type": "Nested Loop",
                            "Parent Relationship": "Outer",
                            "Parallel Aware": false,
                            "Async Capable": false,
                            "Join Type": "Inner",
                            "Startup Cost": 0.43,
                            "Total Cost": 52679.69,
                            "Plan Rows": 10613,
                            "Plan Width": 10,
                            "Output": [
                              "catalog_sales.cs_ext_discount_amt",
                              "catalog_sales.cs_item_sk"
                            ],
                            "Inner Unique": false,
                            "Plans": [
                              {
                                "Node Type": "Seq Scan",
                                "Parent Relationship": "Outer",
                                "Parallel Aware": true,
                                "Async Capable": false,
                                "Relation Name": "date_dim",
                                "Schema": "public",
                                "Alias": "date_dim",
                                "Startup Cost": 0.0,
                                "Total Cost": 2049.55,
                                "Plan Rows": 54,
                                "Plan Width": 4,
                                "Output": [
                                  "date_dim.d_date_sk",
                                  "date_dim.d_date_id",
                                  "date_dim.d_date",
                                  "date_dim.d_month_seq",
                                  "date_dim.d_week_seq",
                                  "date_dim.d_quarter_seq",
                                  "date_dim.d_year",
                                  "date_dim.d_dow",
                                  "date_dim.d_moy",
                                  "date_dim.d_dom",
                                  "date_dim.d_qoy",
                                  "date_dim.d_fy_year",
                                  "date_dim.d_fy_quarter_seq",
                                  "date_dim.d_fy_week_seq",
                                  "date_dim.d_day_name",
                                  "date_dim.d_quarter_name",
                                  "date_dim.d_holiday",
                                  "date_dim.d_weekend",
                                  "date_dim.d_following_holiday",
                                  "date_dim.d_first_dom",
                                  "date_dim.d_last_dom",
                                  "date_dim.d_same_day_ly",
                                  "date_dim.d_same_day_lq",
                                  "date_dim.d_current_day",
                                  "date_dim.d_current_week",
                                  "date_dim.d_current_month",
                                  "date_dim.d_current_quarter",
                                  "date_dim.d_current_year"
                                ],
                                "Filter": "((date_dim.d_date >= '2002-03-04'::date) AND (date_dim.d_date <= '2002-06-02 00:00:00'::timestamp without time zone))"
                              },
                              {
                                "Node Type": "Index Scan",
                                "Parent Relationship": "Inner",
                                "Parallel Aware": false,
                                "Async Capable": false,
                                "Scan Direction": "Forward",
                                "Index Name": "_dta_index_catalog_sales_6_1301579675__k1_4",
                                "Relation Name": "catalog_sales",
                                "Schema": "public",
                                "Alias": "catalog_sales",
                                "Startup Cost": 0.43,
                                "Total Cost": 870.19,
                                "Plan Rows": 6741,
                                "Plan Width": 14,
                                "Output": [
                                  "catalog_sales.cs_sold_date_sk",
                                  "catalog_sales.cs_sold_time_sk",
                                  "catalog_sales.cs_ship_date_sk",
                                  "catalog_sales.cs_bill_customer_sk",
                                  "catalog_sales.cs_bill_cdemo_sk",
                                  "catalog_sales.cs_bill_hdemo_sk",
                                  "catalog_sales.cs_bill_addr_sk",
                                  "catalog_sales.cs_ship_customer_sk",
                                  "catalog_sales.cs_ship_cdemo_sk",
                                  "catalog_sales.cs_ship_hdemo_sk",
                                  "catalog_sales.cs_ship_addr_sk",
                                  "catalog_sales.cs_call_center_sk",
                                  "catalog_sales.cs_catalog_page_sk",
                                  "catalog_sales.cs_ship_mode_sk",
                                  "catalog_sales.cs_warehouse_sk",
                                  "catalog_sales.cs_item_sk",
                                  "catalog_sales.cs_promo_sk",
                                  "catalog_sales.cs_order_number",
                                  "catalog_sales.cs_quantity",
                                  "catalog_sales.cs_wholesale_cost",
                                  "catalog_sales.cs_list_price",
                                  "catalog_sales.cs_sales_price",
                                  "catalog_sales.cs_ext_discount_amt",
                                  "catalog_sales.cs_ext_sales_price",
                                  "catalog_sales.cs_ext_wholesale_cost",
                                  "catalog_sales.cs_ext_list_price",
                                  "catalog_sales.cs_ext_tax",
                                  "catalog_sales.cs_coupon_amt",
                                  "catalog_sales.cs_ext_ship_cost",
                                  "catalog_sales.cs_net_paid",
                                  "catalog_sales.cs_net_paid_inc_tax",
                                  "catalog_sales.cs_net_paid_inc_ship",
                                  "catalog_sales.cs_net_paid_inc_ship_tax",
                                  "catalog_sales.cs_net_profit"
                                ],
                                "Index Cond": "(catalog_sales.cs_sold_date_sk = date_dim.d_date_sk)"
                              }
                            ]
                          }
                        ]
                      },
                      {
                        "Node Type": "Hash",
                        "Parent Relationship": "Inner",
                        "Parallel Aware": false,
                        "Async Capable": false,
                        "Startup Cost": 9137.5,
                        "Total Cost": 9137.5,
                        "Plan Rows": 31202,
                        "Plan Width": 4,
                        "Output": [
                          "item.i_item_sk"
                        ],
                        "Plans": [
                          {
                            "Node Type": "Seq Scan",
                            "Parent Relationship": "Outer",
                            "Parallel Aware": false,
                            "Async Capable": false,
                            "Relation Name": "item",
                            "Schema": "public",
                            "Alias": "item",
                            "Startup Cost": 0.0,
                            "Total Cost": 9137.5,
                            "Plan Rows": 31202,
                            "Plan Width": 4,
                            "Output": [
                              "item.i_item_sk"
                            ],
                            "Filter": "((item.i_manufact_id = ANY ('{125,543,676,712,890}'::integer[])) OR ((item.i_manager_id >= 71) AND (item.i_manager_id <= 100)))"
                          }
                        ]
                      },
                      {
                        "Node Type": "Aggregate",
                        "Strategy": "Plain",
                        "Partial Mode": "Simple",
                        "Parent Relationship": "SubPlan",
                        "Subplan Name": "SubPlan 1",
                        "Parallel Aware": false,
                        "Async Capable": false,
                        "Startup Cost": 2423.12,
                        "Total Cost": 2423.14,
                        "Plan Rows": 1,
                        "Plan Width": 32,
                        "Output": [
                          "(1.3 * avg(catalog_sales_1.cs_ext_discount_amt))"
                        ],
                        "Plans": [
                          {
                            "Node Type": "Nested Loop",
                            "Parent Relationship": "Outer",
                            "Parallel Aware": false,
                            "Async Capable": false,
                            "Join Type": "Inner",
                            "Startup Cost": 13.34,
                            "Total Cost": 2423.12,
                            "Plan Rows": 1,
                            "Plan Width": 6,
                            "Output": [
                              "catalog_sales_1.cs_ext_discount_amt"
                            ],
                            "Inner Unique": true,
                            "Plans": [
                              {
                                "Node Type": "Bitmap Heap Scan",
                                "Parent Relationship": "Outer",
                                "Parallel Aware": false,
                                "Async Capable": false,
                                "Relation Name": "catalog_sales",
                                "Schema": "public",
                                "Alias": "catalog_sales_1",
                                "Startup Cost": 13.05,
                                "Total Cost": 2414.63,
                                "Plan Rows": 1,
                                "Plan Width": 10,
                                "Output": [
                                  "catalog_sales_1.cs_sold_date_sk",
                                  "catalog_sales_1.cs_sold_time_sk",
                                  "catalog_sales_1.cs_ship_date_sk",
                                  "catalog_sales_1.cs_bill_customer_sk",
                                  "catalog_sales_1.cs_bill_cdemo_sk",
                                  "catalog_sales_1.cs_bill_hdemo_sk",
                                  "catalog_sales_1.cs_bill_addr_sk",
                                  "catalog_sales_1.cs_ship_customer_sk",
                                  "catalog_sales_1.cs_ship_cdemo_sk",
                                  "catalog_sales_1.cs_ship_hdemo_sk",
                                  "catalog_sales_1.cs_ship_addr_sk",
                                  "catalog_sales_1.cs_call_center_sk",
                                  "catalog_sales_1.cs_catalog_page_sk",
                                  "catalog_sales_1.cs_ship_mode_sk",
                                  "catalog_sales_1.cs_warehouse_sk",
                                  "catalog_sales_1.cs_item_sk",
                                  "catalog_sales_1.cs_promo_sk",
                                  "catalog_sales_1.cs_order_number",
                                  "catalog_sales_1.cs_quantity",
                                  "catalog_sales_1.cs_wholesale_cost",
                                  "catalog_sales_1.cs_list_price",
                                  "catalog_sales_1.cs_sales_price",
                                  "catalog_sales_1.cs_ext_discount_amt",
                                  "catalog_sales_1.cs_ext_sales_price",
                                  "catalog_sales_1.cs_ext_wholesale_cost",
                                  "catalog_sales_1.cs_ext_list_price",
                                  "catalog_sales_1.cs_ext_tax",
                                  "catalog_sales_1.cs_coupon_amt",
                                  "catalog_sales_1.cs_ext_ship_cost",
                                  "catalog_sales_1.cs_net_paid",
                                  "catalog_sales_1.cs_net_paid_inc_tax",
                                  "catalog_sales_1.cs_net_paid_inc_ship",
                                  "catalog_sales_1.cs_net_paid_inc_ship_tax",
                                  "catalog_sales_1.cs_net_profit"
                                ],
                                "Recheck Cond": "(catalog_sales_1.cs_item_sk = item.i_item_sk)",
                                "Filter": "((catalog_sales_1.cs_list_price >= '122'::numeric) AND (catalog_sales_1.cs_list_price <= '151'::numeric) AND ((catalog_sales_1.cs_sales_price / catalog_sales_1.cs_list_price) >= 0.52) AND ((catalog_sales_1.cs_sales_price / catalog_sales_1.cs_list_price) <= 0.72))",
                                "Plans": [
                                  {
                                    "Node Type": "Bitmap Index Scan",
                                    "Parent Relationship": "Outer",
                                    "Parallel Aware": false,
                                    "Async Capable": false,
                                    "Index Name": "catalog_sales_pkey",
                                    "Startup Cost": 0.0,
                                    "Total Cost": 13.05,
                                    "Plan Rows": 615,
                                    "Plan Width": 0,
                                    "Index Cond": "(catalog_sales_1.cs_item_sk = item.i_item_sk)"
                                  }
                                ]
                              },
                              {
                                "Node Type": "Index Scan",
                                "Parent Relationship": "Inner",
                                "Parallel Aware": false,
                                "Async Capable": false,
                                "Scan Direction": "Forward",
                                "Index Name": "_dta_index_date_dim_6_661577395__k1_k7_k9",
                                "Relation Name": "date_dim",
                                "Schema": "public",
                                "Alias": "date_dim_1",
                                "Startup Cost": 0.29,
                                "Total Cost": 8.32,
                                "Plan Rows": 1,
                                "Plan Width": 4,
                                "Output": [
                                  "date_dim_1.d_date_sk",
                                  "date_dim_1.d_date_id",
                                  "date_dim_1.d_date",
                                  "date_dim_1.d_month_seq",
                                  "date_dim_1.d_week_seq",
                                  "date_dim_1.d_quarter_seq",
                                  "date_dim_1.d_year",
                                  "date_dim_1.d_dow",
                                  "date_dim_1.d_moy",
                                  "date_dim_1.d_dom",
                                  "date_dim_1.d_qoy",
                                  "date_dim_1.d_fy_year",
                                  "date_dim_1.d_fy_quarter_seq",
                                  "date_dim_1.d_fy_week_seq",
                                  "date_dim_1.d_day_name",
                                  "date_dim_1.d_quarter_name",
                                  "date_dim_1.d_holiday",
                                  "date_dim_1.d_weekend",
                                  "date_dim_1.d_following_holiday",
                                  "date_dim_1.d_first_dom",
                                  "date_dim_1.d_last_dom",
                                  "date_dim_1.d_same_day_ly",
                                  "date_dim_1.d_same_day_lq",
                                  "date_dim_1.d_current_day",
                                  "date_dim_1.d_current_week",
                                  "date_dim_1.d_current_month",
                                  "date_dim_1.d_current_quarter",
                                  "date_dim_1.d_current_year"
                                ],
                                "Index Cond": "(date_dim_1.d_date_sk = catalog_sales_1.cs_sold_date_sk)",
                                "Filter": "((date_dim_1.d_date >= '2002-03-04'::date) AND (date_dim_1.d_date <= '2002-06-02 00:00:00'::timestamp without time zone))"
                              }
                            ]
                          }
                        ]
                      }
                    ]
                  }
                ]
              }
            ]
          }
        ]
      }
    }
  ],
  "original_sql": "select  sum(cs_ext_discount_amt)  as \"excess discount amount\"\nfrom\n   catalog_sales\n   ,item\n   ,date_dim\nwhere\n(i_manufact_id in (125, 543, 676, 712, 890)\nor i_manager_id BETWEEN 71 and 100)\nand i_item_sk = cs_item_sk\nand d_date between '2002-03-04' and\n        cast('2002-03-04' as date) + interval '90 day'\nand d_date_sk = cs_sold_date_sk\nand cs_ext_discount_amt\n     > (\n         select\n            1.3 * avg(cs_ext_discount_amt)\n         from\n            catalog_sales\n           ,date_dim\n         where\n              cs_item_sk = i_item_sk\n          and d_date between '2002-03-04' and\n                             cast('2002-03-04' as date) + interval '90 day'\n          and d_date_sk = cs_sold_date_sk\n          and cs_list_price between 122 and 151\n          and cs_sales_price / cs_list_price BETWEEN 52 * 0.01 AND 72 * 0.01\n      )\norder by sum(cs_ext_discount_amt)\nlimit 100"
}