{
  "query_id": "query038_multi",
  "engine": "postgresql",
  "benchmark": "dsb",
  "scale_factor": 10,
  "execution_time_ms": 27595.117,
  "planning_time_ms": 4.449,
  "plan_json": [
    {
      "Plan": {
        "Node Type": "Limit",
        "Parallel Aware": false,
        "Async Capable": false,
        "Startup Cost": 555971.19,
        "Total Cost": 555971.2,
        "Plan Rows": 1,
        "Plan Width": 8,
        "Actual Startup Time": 27581.041,
        "Actual Total Time": 27588.957,
        "Actual Rows": 1,
        "Actual Loops": 1,
        "Output": [
          "(count(*))"
        ],
        "Shared Hit Blocks": 2931719,
        "Shared Read Blocks": 270328,
        "Shared Dirtied Blocks": 0,
        "Shared Written Blocks": 0,
        "Local Hit Blocks": 0,
        "Local Read Blocks": 0,
        "Local Dirtied Blocks": 0,
        "Local Written Blocks": 0,
        "Temp Read Blocks": 1755,
        "Temp Written Blocks": 1760,
        "Plans": [
          {
            "Node Type": "Aggregate",
            "Strategy": "Plain",
            "Partial Mode": "Simple",
            "Parent Relationship": "Outer",
            "Parallel Aware": false,
            "Async Capable": false,
            "Startup Cost": 555971.19,
            "Total Cost": 555971.2,
            "Plan Rows": 1,
            "Plan Width": 8,
            "Actual Startup Time": 27097.767,
            "Actual Total Time": 27105.682,
            "Actual Rows": 1,
            "Actual Loops": 1,
            "Output": [
              "count(*)"
            ],
            "Shared Hit Blocks": 2931719,
            "Shared Read Blocks": 270328,
            "Shared Dirtied Blocks": 0,
            "Shared Written Blocks": 0,
            "Local Hit Blocks": 0,
            "Local Read Blocks": 0,
            "Local Dirtied Blocks": 0,
            "Local Written Blocks": 0,
            "Temp Read Blocks": 1755,
            "Temp Written Blocks": 1760,
            "Plans": [
              {
                "Node Type": "Subquery Scan",
                "Parent Relationship": "Outer",
                "Parallel Aware": false,
                "Async Capable": false,
                "Alias": "hot_cust",
                "Startup Cost": 108497.24,
                "Total Cost": 555970.58,
                "Plan Rows": 246,
                "Plan Width": 0,
                "Actual Startup Time": 27097.371,
                "Actual Total Time": 27105.663,
                "Actual Rows": 76,
                "Actual Loops": 1,
                "Output": [
                  "hot_cust.c_last_name",
                  "hot_cust.c_first_name",
                  "hot_cust.d_date"
                ],
                "Shared Hit Blocks": 2931719,
                "Shared Read Blocks": 270328,
                "Shared Dirtied Blocks": 0,
                "Shared Written Blocks": 0,
                "Local Hit Blocks": 0,
                "Local Read Blocks": 0,
                "Local Dirtied Blocks": 0,
                "Local Written Blocks": 0,
                "Temp Read Blocks": 1755,
                "Temp Written Blocks": 1760,
                "Plans": [
                  {
                    "Node Type": "SetOp",
                    "Strategy": "Hashed",
                    "Parent Relationship": "Subquery",
                    "Parallel Aware": false,
                    "Async Capable": false,
                    "Command": "Intersect",
                    "Startup Cost": 108497.24,
                    "Total Cost": 555968.12,
                    "Plan Rows": 246,
                    "Plan Width": 216,
                    "Actual Startup Time": 27097.355,
                    "Actual Total Time": 27105.64,
                    "Actual Rows": 76,
                    "Actual Loops": 1,
                    "Output": [
                      "\"*SELECT* 3\".c_last_name",
                      "\"*SELECT* 3\".c_first_name",
                      "\"*SELECT* 3\".d_date",
                      "(1)"
                    ],
                    "Shared Hit Blocks": 2931719,
                    "Shared Read Blocks": 270328,
                    "Shared Dirtied Blocks": 0,
                    "Shared Written Blocks": 0,
                    "Local Hit Blocks": 0,
                    "Local Read Blocks": 0,
                    "Local Dirtied Blocks": 0,
                    "Local Written Blocks": 0,
                    "Temp Read Blocks": 1755,
                    "Temp Written Blocks": 1760,
                    "Plans": [
                      {
                        "Node Type": "Append",
                        "Parent Relationship": "Outer",
                        "Parallel Aware": false,
                        "Async Capable": false,
                        "Startup Cost": 108497.24,
                        "Total Cost": 555957.95,
                        "Plan Rows": 1356,
                        "Plan Width": 216,
                        "Actual Startup Time": 8149.763,
                        "Actual Total Time": 27100.445,
                        "Actual Rows": 21333,
                        "Actual Loops": 1,
                        "Shared Hit Blocks": 2931719,
                        "Shared Read Blocks": 270328,
                        "Shared Dirtied Blocks": 0,
                        "Shared Written Blocks": 0,
                        "Local Hit Blocks": 0,
                        "Local Read Blocks": 0,
                        "Local Dirtied Blocks": 0,
                        "Local Written Blocks": 0,
                        "Temp Read Blocks": 1755,
                        "Temp Written Blocks": 1760,
                        "Subplans Removed": 0,
                        "Plans": [
                          {
                            "Node Type": "Subquery Scan",
                            "Parent Relationship": "Member",
                            "Parallel Aware": false,
                            "Async Capable": false,
                            "Alias": "*SELECT* 3",
                            "Startup Cost": 108497.24,
                            "Total Cost": 108531.68,
                            "Plan Rows": 246,
                            "Plan Width": 60,
                            "Actual Startup Time": 8149.761,
                            "Actual Total Time": 8159.051,
                            "Actual Rows": 20796,
                            "Actual Loops": 1,
                            "Output": [
                              "\"*SELECT* 3\".c_last_name",
                              "\"*SELECT* 3\".c_first_name",
                              "\"*SELECT* 3\".d_date",
                              "1"
                            ],
                            "Shared Hit Blocks": 226716,
                            "Shared Read Blocks": 71342,
                            "Shared Dirtied Blocks": 0,
                            "Shared Written Blocks": 0,
                            "Local Hit Blocks": 0,
                            "Local Read Blocks": 0,
                            "Local Dirtied Blocks": 0,
                            "Local Written Blocks": 0,
                            "Temp Read Blocks": 0,
                            "Temp Written Blocks": 0,
                            "Plans": [
                              {
                                "Node Type": "Unique",
                                "Parent Relationship": "Subquery",
                                "Parallel Aware": false,
                                "Async Capable": false,
                                "Startup Cost": 108497.24,
                                "Total Cost": 108529.22,
                                "Plan Rows": 246,
                                "Plan Width": 56,
                                "Actual Startup Time": 8149.739,
                                "Actual Total Time": 8157.598,
                                "Actual Rows": 20796,
                                "Actual Loops": 1,
                                "Output": [
                                  "customer.c_last_name",
                                  "customer.c_first_name",
                                  "date_dim.d_date"
                                ],
                                "Shared Hit Blocks": 226716,
                                "Shared Read Blocks": 71342,
                                "Shared Dirtied Blocks": 0,
                                "Shared Written Blocks": 0,
                                "Local Hit Blocks": 0,
                                "Local Read Blocks": 0,
                                "Local Dirtied Blocks": 0,
                                "Local Written Blocks": 0,
                                "Temp Read Blocks": 0,
                                "Temp Written Blocks": 0,
                                "Plans": [
                                  {
                                    "Node Type": "Gather Merge",
                                    "Parent Relationship": "Outer",
                                    "Parallel Aware": false,
                                    "Async Capable": false,
                                    "Startup Cost": 108497.24,
                                    "Total Cost": 108527.38,
                                    "Plan Rows": 246,
                                    "Plan Width": 56,
                                    "Actual Startup Time": 8149.739,
                                    "Actual Total Time": 8155.918,
                                    "Actual Rows": 20796,
                                    "Actual Loops": 1,
                                    "Output": [
                                      "customer.c_last_name",
                                      "customer.c_first_name",
                                      "date_dim.d_date"
                                    ],
                                    "Workers Planned": 1,
                                    "Workers Launched": 1,
                                    "Shared Hit Blocks": 226716,
                                    "Shared Read Blocks": 71342,
                                    "Shared Dirtied Blocks": 0,
                                    "Shared Written Blocks": 0,
                                    "Local Hit Blocks": 0,
                                    "Local Read Blocks": 0,
                                    "Local Dirtied Blocks": 0,
                                    "Local Written Blocks": 0,
                                    "Temp Read Blocks": 0,
                                    "Temp Written Blocks": 0,
                                    "Plans": [
                                      {
                                        "Node Type": "Unique",
                                        "Parent Relationship": "Outer",
                                        "Parallel Aware": false,
                                        "Async Capable": false,
                                        "Startup Cost": 107497.23,
                                        "Total Cost": 107499.69,
                                        "Plan Rows": 246,
                                        "Plan Width": 56,
                                        "Actual Startup Time": 8122.541,
                                        "Actual Total Time": 8124.929,
                                        "Actual Rows": 10398,
                                        "Actual Loops": 2,
                                        "Output": [
                                          "customer.c_last_name",
                                          "customer.c_first_name",
                                          "date_dim.d_date"
                                        ],
                                        "Shared Hit Blocks": 226716,
                                        "Shared Read Blocks": 71342,
                                        "Shared Dirtied Blocks": 0,
                                        "Shared Written Blocks": 0,
                                        "Local Hit Blocks": 0,
                                        "Local Read Blocks": 0,
                                        "Local Dirtied Blocks": 0,
                                        "Local Written Blocks": 0,
                                        "Temp Read Blocks": 0,
                                        "Temp Written Blocks": 0,
                                        "Workers": [
                                          {
                                            "Worker Number": 0,
                                            "Actual Startup Time": 8095.577,
                                            "Actual Total Time": 8098.094,
                                            "Actual Rows": 9865,
                                            "Actual Loops": 1,
                                            "JIT": {
                                              "Functions": 18,
                                              "Options": {
                                                "Inlining": true,
                                                "Optimization": true,
                                                "Expressions": true,
                                                "Deforming": true
                                              },
                                              "Timing": {
                                                "Generation": 2.594,
                                                "Inlining": 48.75,
                                                "Optimization": 84.236,
                                                "Emission": 50.025,
                                                "Total": 185.604
                                              }
                                            },
                                            "Shared Hit Blocks": 107150,
                                            "Shared Read Blocks": 33325,
                                            "Shared Dirtied Blocks": 0,
                                            "Shared Written Blocks": 0,
                                            "Local Hit Blocks": 0,
                                            "Local Read Blocks": 0,
                                            "Local Dirtied Blocks": 0,
                                            "Local Written Blocks": 0,
                                            "Temp Read Blocks": 0,
                                            "Temp Written Blocks": 0
                                          }
                                        ],
                                        "Plans": [
                                          {
                                            "Node Type": "Sort",
                                            "Parent Relationship": "Outer",
                                            "Parallel Aware": false,
                                            "Async Capable": false,
                                            "Startup Cost": 107497.23,
                                            "Total Cost": 107497.85,
                                            "Plan Rows": 246,
                                            "Plan Width": 56,
                                            "Actual Startup Time": 8122.539,
                                            "Actual Total Time": 8123.47,
                                            "Actual Rows": 13237,
                                            "Actual Loops": 2,
                                            "Output": [
                                              "customer.c_last_name",
                                              "customer.c_first_name",
                                              "date_dim.d_date"
                                            ],
                                            "Sort Key": [
                                              "customer.c_last_name",
                                              "customer.c_first_name",
                                              "date_dim.d_date"
                                            ],
                                            "Sort Method": "quicksort",
                                            "Sort Space Used": 1460,
                                            "Sort Space Type": "Memory",
                                            "Shared Hit Blocks": 226716,
                                            "Shared Read Blocks": 71342,
                                            "Shared Dirtied Blocks": 0,
                                            "Shared Written Blocks": 0,
                                            "Local Hit Blocks": 0,
                                            "Local Read Blocks": 0,
                                            "Local Dirtied Blocks": 0,
                                            "Local Written Blocks": 0,
                                            "Temp Read Blocks": 0,
                                            "Temp Written Blocks": 0,
                                            "Workers": [
                                              {
                                                "Worker Number": 0,
                                                "Actual Startup Time": 8095.575,
                                                "Actual Total Time": 8096.557,
                                                "Actual Rows": 12561,
                                                "Actual Loops": 1,
                                                "Sort Method": "quicksort",
                                                "Sort Space Used": 1356,
                                                "Sort Space Type": "Memory",
                                                "Shared Hit Blocks": 107150,
                                                "Shared Read Blocks": 33325,
                                                "Shared Dirtied Blocks": 0,
                                                "Shared Written Blocks": 0,
                                                "Local Hit Blocks": 0,
                                                "Local Read Blocks": 0,
                                                "Local Dirtied Blocks": 0,
                                                "Local Written Blocks": 0,
                                                "Temp Read Blocks": 0,
                                                "Temp Written Blocks": 0
                                              }
                                            ],
                                            "Plans": [
                                              {
                                                "Node Type": "Nested Loop",
                                                "Parent Relationship": "Outer",
                                                "Parallel Aware": false,
                                                "Async Capable": false,
                                                "Join Type": "Inner",
                                                "Startup Cost": 0.85,
                                                "Total Cost": 107487.46,
                                                "Plan Rows": 246,
                                                "Plan Width": 56,
                                                "Actual Startup Time": 129.441,
                                                "Actual Total Time": 8099.473,
                                                "Actual Rows": 13237,
                                                "Actual Loops": 2,
                                                "Output": [
                                                  "customer.c_last_name",
                                                  "customer.c_first_name",
                                                  "date_dim.d_date"
                                                ],
                                                "Inner Unique": true,
                                                "Shared Hit Blocks": 226704,
                                                "Shared Read Blocks": 71339,
                                                "Shared Dirtied Blocks": 0,
                                                "Shared Written Blocks": 0,
                                                "Local Hit Blocks": 0,
                                                "Local Read Blocks": 0,
                                                "Local Dirtied Blocks": 0,
                                                "Local Written Blocks": 0,
                                                "Temp Read Blocks": 0,
                                                "Temp Written Blocks": 0,
                                                "Workers": [
                                                  {
                                                    "Worker Number": 0,
                                                    "Actual Startup Time": 187.395,
                                                    "Actual Total Time": 8073.297,
                                                    "Actual Rows": 12561,
                                                    "Actual Loops": 1,
                                                    "Shared Hit Blocks": 107138,
                                                    "Shared Read Blocks": 33322,
                                                    "Shared Dirtied Blocks": 0,
                                                    "Shared Written Blocks": 0,
                                                    "Local Hit Blocks": 0,
                                                    "Local Read Blocks": 0,
                                                    "Local Dirtied Blocks": 0,
                                                    "Local Written Blocks": 0,
                                                    "Temp Read Blocks": 0,
                                                    "Temp Written Blocks": 0
                                                  }
                                                ],
                                                "Plans": [
                                                  {
                                                    "Node Type": "Nested Loop",
                                                    "Parent Relationship": "Outer",
                                                    "Parallel Aware": false,
                                                    "Async Capable": false,
                                                    "Join Type": "Inner",
                                                    "Startup Cost": 0.43,
                                                    "Total Cost": 107039.05,
                                                    "Plan Rows": 588,
                                                    "Plan Width": 8,
                                                    "Actual Startup Time": 127.914,
                                                    "Actual Total Time": 6583.175,
                                                    "Actual Rows": 31446,
                                                    "Actual Loops": 2,
                                                    "Output": [
                                                      "web_sales.ws_bill_customer_sk",
                                                      "date_dim.d_date"
                                                    ],
                                                    "Inner Unique": false,
                                                    "Shared Hit Blocks": 1453,
                                                    "Shared Read Blocks": 45041,
                                                    "Shared Dirtied Blocks": 0,
                                                    "Shared Written Blocks": 0,
                                                    "Local Hit Blocks": 0,
                                                    "Local Read Blocks": 0,
                                                    "Local Dirtied Blocks": 0,
                                                    "Local Written Blocks": 0,
                                                    "Temp Read Blocks": 0,
                                                    "Temp Written Blocks": 0,
                                                    "Workers": [
                                                      {
                                                        "Worker Number": 0,
                                                        "Actual Startup Time": 185.257,
                                                        "Actual Total Time": 6652.626,
                                                        "Actual Rows": 29664,
                                                        "Actual Loops": 1,
                                                        "Shared Hit Blocks": 617,
                                                        "Shared Read Blocks": 21198,
                                                        "Shared Dirtied Blocks": 0,
                                                        "Shared Written Blocks": 0,
                                                        "Local Hit Blocks": 0,
                                                        "Local Read Blocks": 0,
                                                        "Local Dirtied Blocks": 0,
                                                        "Local Written Blocks": 0,
                                                        "Temp Read Blocks": 0,
                                                        "Temp Written Blocks": 0
                                                      }
                                                    ],
                                                    "Plans": [
                                                      {
                                                        "Node Type": "Seq Scan",
                                                        "Parent Relationship": "Outer",
                                                        "Parallel Aware": true,
                                                        "Async Capable": false,
                                                        "Relation Name": "date_dim",
                                                        "Schema": "public",
                                                        "Alias": "date_dim",
                                                        "Startup Cost": 0.0,
                                                        "Total Cost": 2068.55,
                                                        "Plan Rows": 224,
                                                        "Plan Width": 8,
                                                        "Actual Startup Time": 126.211,
                                                        "Actual Total Time": 188.311,
                                                        "Actual Rows": 182,
                                                        "Actual Loops": 2,
                                                        "Output": [
                                                          "date_dim.d_date_sk",
                                                          "date_dim.d_date_id",
                                                          "date_dim.d_date",
                                                          "date_dim.d_month_seq",
                                                          "date_dim.d_week_seq",
                                                          "date_dim.d_quarter_seq",
                                                          "date_dim.d_year",
                                                          "date_dim.d_dow",
                                                          "date_dim.d_moy",
                                                          "date_dim.d_dom",
                                                          "date_dim.d_qoy",
                                                          "date_dim.d_fy_year",
                                                          "date_dim.d_fy_quarter_seq",
                                                          "date_dim.d_fy_week_seq",
                                                          "date_dim.d_day_name",
                                                          "date_dim.d_quarter_name",
                                                          "date_dim.d_holiday",
                                                          "date_dim.d_weekend",
                                                          "date_dim.d_following_holiday",
                                                          "date_dim.d_first_dom",
                                                          "date_dim.d_last_dom",
                                                          "date_dim.d_same_day_ly",
                                                          "date_dim.d_same_day_lq",
                                                          "date_dim.d_current_day",
                                                          "date_dim.d_current_week",
                                                          "date_dim.d_current_month",
                                                          "date_dim.d_current_quarter",
                                                          "date_dim.d_current_year"
                                                        ],
                                                        "Filter": "((date_dim.d_month_seq >= 1189) AND (date_dim.d_month_seq <= 1200))",
                                                        "Rows Removed by Filter": 36342,
                                                        "Shared Hit Blocks": 9,
                                                        "Shared Read Blocks": 1415,
                                                        "Shared Dirtied Blocks": 0,
                                                        "Shared Written Blocks": 0,
                                                        "Local Hit Blocks": 0,
                                                        "Local Read Blocks": 0,
                                                        "Local Dirtied Blocks": 0,
                                                        "Local Written Blocks": 0,
                                                        "Temp Read Blocks": 0,
                                                        "Temp Written Blocks": 0,
                                                        "Workers": [
                                                          {
                                                            "Worker Number": 0,
                                                            "Actual Startup Time": 183.234,
                                                            "Actual Total Time": 293.949,
                                                            "Actual Rows": 156,
                                                            "Actual Loops": 1,
                                                            "Shared Hit Blocks": 1,
                                                            "Shared Read Blocks": 656,
                                                            "Shared Dirtied Blocks": 0,
                                                            "Shared Written Blocks": 0,
                                                            "Local Hit Blocks": 0,
                                                            "Local Read Blocks": 0,
                                                            "Local Dirtied Blocks": 0,
                                                            "Local Written Blocks": 0,
                                                            "Temp Read Blocks": 0,
                                                            "Temp Written Blocks": 0
                                                          }
                                                        ]
                                                      },
                                                      {
                                                        "Node Type": "Index Scan",
                                                        "Parent Relationship": "Inner",
                                                        "Parallel Aware": false,
                                                        "Async Capable": false,
                                                        "Scan Direction": "Forward",
                                                        "Index Name": "_dta_index_web_sales_6_1269579561__k1_8_24",
                                                        "Relation Name": "web_sales",
                                                        "Schema": "public",
                                                        "Alias": "web_sales",
                                                        "Startup Cost": 0.43,
                                                        "Total Cost": 467.72,
                                                        "Plan Rows": 90,
                                                        "Plan Width": 8,
                                                        "Actual Startup Time": 0.274,
                                                        "Actual Total Time": 34.976,
                                                        "Actual Rows": 172,
                                                        "Actual Loops": 365,
                                                        "Output": [
                                                          "web_sales.ws_sold_date_sk",
                                                          "web_sales.ws_sold_time_sk",
                                                          "web_sales.ws_ship_date_sk",
                                                          "web_sales.ws_item_sk",
                                                          "web_sales.ws_bill_customer_sk",
                                                          "web_sales.ws_bill_cdemo_sk",
                                                          "web_sales.ws_bill_hdemo_sk",
                                                          "web_sales.ws_bill_addr_sk",
                                                          "web_sales.ws_ship_customer_sk",
                                                          "web_sales.ws_ship_cdemo_sk",
                                                          "web_sales.ws_ship_hdemo_sk",
                                                          "web_sales.ws_ship_addr_sk",
                                                          "web_sales.ws_web_page_sk",
                                                          "web_sales.ws_web_site_sk",
                                                          "web_sales.ws_ship_mode_sk",
                                                          "web_sales.ws_warehouse_sk",
                                                          "web_sales.ws_promo_sk",
                                                          "web_sales.ws_order_number",
                                                          "web_sales.ws_quantity",
                                                          "web_sales.ws_wholesale_cost",
                                                          "web_sales.ws_list_price",
                                                          "web_sales.ws_sales_price",
                                                          "web_sales.ws_ext_discount_amt",
                                                          "web_sales.ws_ext_sales_price",
                                                          "web_sales.ws_ext_wholesale_cost",
                                                          "web_sales.ws_ext_list_price",
                                                          "web_sales.ws_ext_tax",
                                                          "web_sales.ws_coupon_amt",
                                                          "web_sales.ws_ext_ship_cost",
                                                          "web_sales.ws_net_paid",
                                                          "web_sales.ws_net_paid_inc_tax",
                                                          "web_sales.ws_net_paid_inc_ship",
                                                          "web_sales.ws_net_paid_inc_ship_tax",
                                                          "web_sales.ws_net_profit"
                                                        ],
                                                        "Index Cond": "(web_sales.ws_sold_date_sk = date_dim.d_date_sk)",
                                                        "Rows Removed by Index Recheck": 0,
                                                        "Filter": "((web_sales.ws_list_price >= '25'::numeric) AND (web_sales.ws_list_price <= '84'::numeric) AND (web_sales.ws_wholesale_cost >= '34'::numeric) AND (web_sales.ws_wholesale_cost <= '54'::numeric))",
                                                        "Rows Removed by Filter": 3846,
                                                        "Shared Hit Blocks": 1444,
                                                        "Shared Read Blocks": 43626,
                                                        "Shared Dirtied Blocks": 0,
                                                        "Shared Written Blocks": 0,
                                                        "Local Hit Blocks": 0,
                                                        "Local Read Blocks": 0,
                                                        "Local Dirtied Blocks": 0,
                                                        "Local Written Blocks": 0,
                                                        "Temp Read Blocks": 0,
                                                        "Temp Written Blocks": 0,
                                                        "Workers": [
                                                          {
                                                            "Worker Number": 0,
                                                            "Actual Startup Time": 0.288,
                                                            "Actual Total Time": 40.69,
                                                            "Actual Rows": 190,
                                                            "Actual Loops": 156,
                                                            "Shared Hit Blocks": 616,
                                                            "Shared Read Blocks": 20542,
                                                            "Shared Dirtied Blocks": 0,
                                                            "Shared Written Blocks": 0,
                                                            "Local Hit Blocks": 0,
                                                            "Local Read Blocks": 0,
                                                            "Local Dirtied Blocks": 0,
                                                            "Local Written Blocks": 0,
                                                            "Temp Read Blocks": 0,
                                                            "Temp Written Blocks": 0
                                                          }
                                                        ]
                                                      }
                                                    ]
                                                  },
                                                  {
                                                    "Node Type": "Index Scan",
                                                    "Parent Relationship": "Inner",
                                                    "Parallel Aware": false,
                                                    "Async Capable": false,
                                                    "Scan Direction": "Forward",
                                                    "Index Name": "_dta_index_customer_6_949578421__k1_k5",
                                                    "Relation Name": "customer",
                                                    "Schema": "public",
                                                    "Alias": "customer",
                                                    "Startup Cost": 0.42,
                                                    "Total Cost": 0.76,
                                                    "Plan Rows": 1,
                                                    "Plan Width": 56,
                                                    "Actual Startup Time": 0.047,
                                                    "Actual Total Time": 0.047,
                                                    "Actual Rows": 0,
                                                    "Actual Loops": 62891,
                                                    "Output": [
                                                      "customer.c_customer_sk",
                                                      "customer.c_customer_id",
                                                      "customer.c_current_cdemo_sk",
                                                      "customer.c_current_hdemo_sk",
                                                      "customer.c_current_addr_sk",
                                                      "customer.c_first_shipto_date_sk",
                                                      "customer.c_first_sales_date_sk",
                                                      "customer.c_salutation",
                                                      "customer.c_first_name",
                                                      "customer.c_last_name",
                                                      "customer.c_preferred_cust_flag",
                                                      "customer.c_birth_day",
                                                      "customer.c_birth_month",
                                                      "customer.c_birth_year",
                                                      "customer.c_birth_country",
                                                      "customer.c_login",
                                                      "customer.c_email_address",
                                                      "customer.c_last_review_date_sk"
                                                    ],
                                                    "Index Cond": "(customer.c_customer_sk = web_sales.ws_bill_customer_sk)",
                                                    "Rows Removed by Index Recheck": 0,
                                                    "Filter": "(customer.c_birth_month = ANY ('{4,9,10,12}'::integer[]))",
                                                    "Rows Removed by Filter": 1,
                                                    "Shared Hit Blocks": 225251,
                                                    "Shared Read Blocks": 26298,
                                                    "Shared Dirtied Blocks": 0,
                                                    "Shared Written Blocks": 0,
                                                    "Local Hit Blocks": 0,
                                                    "Local Read Blocks": 0,
                                                    "Local Dirtied Blocks": 0,
                                                    "Local Written Blocks": 0,
                                                    "Temp Read Blocks": 0,
                                                    "Temp Written Blocks": 0,
                                                    "Workers": [
                                                      {
                                                        "Worker Number": 0,
                                                        "Actual Startup Time": 0.047,
                                                        "Actual Total Time": 0.047,
                                                        "Actual Rows": 0,
                                                        "Actual Loops": 29664,
                                                        "Shared Hit Blocks": 106521,
                                                        "Shared Read Blocks": 12124,
                                                        "Shared Dirtied Blocks": 0,
                                                        "Shared Written Blocks": 0,
                                                        "Local Hit Blocks": 0,
                                                        "Local Read Blocks": 0,
                                                        "Local Dirtied Blocks": 0,
                                                        "Local Written Blocks": 0,
                                                        "Temp Read Blocks": 0,
                                                        "Temp Written Blocks": 0
                                                      }
                                                    ]
                                                  }
                                                ]
                                              }
                                            ]
                                          }
                                        ]
                                      }
                                    ]
                                  }
                                ]
                              }
                            ]
                          },
                          {
                            "Node Type": "Result",
                            "Parent Relationship": "Member",
                            "Parallel Aware": false,
                            "Async Capable": false,
                            "Startup Cost": 205852.48,
                            "Total Cost": 447419.48,
                            "Plan Rows": 1110,
                            "Plan Width": 216,
                            "Actual Startup Time": 18931.557,
                            "Actual Total Time": 18940.327,
                            "Actual Rows": 537,
                            "Actual Loops": 1,
                            "Output": [
                              "\"*SELECT* 2\".c_last_name",
                              "\"*SELECT* 2\".c_first_name",
                              "\"*SELECT* 2\".d_date",
                              "0"
                            ],
                            "Shared Hit Blocks": 2705003,
                            "Shared Read Blocks": 198986,
                            "Shared Dirtied Blocks": 0,
                            "Shared Written Blocks": 0,
                            "Local Hit Blocks": 0,
                            "Local Read Blocks": 0,
                            "Local Dirtied Blocks": 0,
                            "Local Written Blocks": 0,
                            "Temp Read Blocks": 1755,
                            "Temp Written Blocks": 1760,
                            "Plans": [
                              {
                                "Node Type": "SetOp",
                                "Strategy": "Hashed",
                                "Parent Relationship": "Outer",
                                "Parallel Aware": false,
                                "Async Capable": false,
                                "Command": "Intersect",
                                "Startup Cost": 205852.48,
                                "Total Cost": 447408.38,
                                "Plan Rows": 1110,
                                "Plan Width": 216,
                                "Actual Startup Time": 18931.529,
                                "Actual Total Time": 18940.237,
                                "Actual Rows": 537,
                                "Actual Loops": 1,
                                "Output": [
                                  "\"*SELECT* 2\".c_last_name",
                                  "\"*SELECT* 2\".c_first_name",
                                  "\"*SELECT* 2\".d_date",
                                  "(1)"
                                ],
                                "Shared Hit Blocks": 2705003,
                                "Shared Read Blocks": 198986,
                                "Shared Dirtied Blocks": 0,
                                "Shared Written Blocks": 0,
                                "Local Hit Blocks": 0,
                                "Local Read Blocks": 0,
                                "Local Dirtied Blocks": 0,
                                "Local Written Blocks": 0,
                                "Temp Read Blocks": 1755,
                                "Temp Written Blocks": 1760,
                                "Plans": [
                                  {
                                    "Node Type": "Append",
                                    "Parent Relationship": "Outer",
                                    "Parallel Aware": false,
                                    "Async Capable": false,
                                    "Startup Cost": 205852.48,
                                    "Total Cost": 447383.96,
                                    "Plan Rows": 3256,
                                    "Plan Width": 216,
                                    "Actual Startup Time": 5776.115,
                                    "Actual Total Time": 18911.348,
                                    "Actual Rows": 171176,
                                    "Actual Loops": 1,
                                    "Shared Hit Blocks": 2705003,
                                    "Shared Read Blocks": 198986,
                                    "Shared Dirtied Blocks": 0,
                                    "Shared Written Blocks": 0,
                                    "Local Hit Blocks": 0,
                                    "Local Read Blocks": 0,
                                    "Local Dirtied Blocks": 0,
                                    "Local Written Blocks": 0,
                                    "Temp Read Blocks": 1755,
                                    "Temp Written Blocks": 1760,
                                    "Subplans Removed": 0,
                                    "Plans": [
                                      {
                                        "Node Type": "Subquery Scan",
                                        "Parent Relationship": "Member",
                                        "Parallel Aware": false,
                                        "Async Capable": false,
                                        "Alias": "*SELECT* 2",
                                        "Startup Cost": 205852.48,
                                        "Total Cost": 206007.88,
                                        "Plan Rows": 1110,
                                        "Plan Width": 60,
                                        "Actual Startup Time": 5776.114,
                                        "Actual Total Time": 5800.567,
                                        "Actual Rows": 46097,
                                        "Actual Loops": 1,
                                        "Output": [
                                          "\"*SELECT* 2\".c_last_name",
                                          "\"*SELECT* 2\".c_first_name",
                                          "\"*SELECT* 2\".d_date",
                                          "1"
                                        ],
                                        "Shared Hit Blocks": 625304,
                                        "Shared Read Blocks": 86335,
                                        "Shared Dirtied Blocks": 0,
                                        "Shared Written Blocks": 0,
                                        "Local Hit Blocks": 0,
                                        "Local Read Blocks": 0,
                                        "Local Dirtied Blocks": 0,
                                        "Local Written Blocks": 0,
                                        "Temp Read Blocks": 0,
                                        "Temp Written Blocks": 0,
                                        "Plans": [
                                          {
                                            "Node Type": "Unique",
                                            "Parent Relationship": "Subquery",
                                            "Parallel Aware": false,
                                            "Async Capable": false,
                                            "Startup Cost": 205852.48,
                                            "Total Cost": 205996.78,
                                            "Plan Rows": 1110,
                                            "Plan Width": 56,
                                            "Actual Startup Time": 5776.091,
                                            "Actual Total Time": 5797.157,
                                            "Actual Rows": 46097,
                                            "Actual Loops": 1,
                                            "Output": [
                                              "customer_1.c_last_name",
                                              "customer_1.c_first_name",
                                              "date_dim_1.d_date"
                                            ],
                                            "Shared Hit Blocks": 625304,
                                            "Shared Read Blocks": 86335,
                                            "Shared Dirtied Blocks": 0,
                                            "Shared Written Blocks": 0,
                                            "Local Hit Blocks": 0,
                                            "Local Read Blocks": 0,
                                            "Local Dirtied Blocks": 0,
                                            "Local Written Blocks": 0,
                                            "Temp Read Blocks": 0,
                                            "Temp Written Blocks": 0,
                                            "Plans": [
                                              {
                                                "Node Type": "Gather Merge",
                                                "Parent Relationship": "Outer",
                                                "Parallel Aware": false,
                                                "Async Capable": false,
                                                "Startup Cost": 205852.48,
                                                "Total Cost": 205988.45,
                                                "Plan Rows": 1110,
                                                "Plan Width": 56,
                                                "Actual Startup Time": 5776.091,
                                                "Actual Total Time": 5793.194,
                                                "Actual Rows": 46097,
                                                "Actual Loops": 1,
                                                "Output": [
                                                  "customer_1.c_last_name",
                                                  "customer_1.c_first_name",
                                                  "date_dim_1.d_date"
                                                ],
                                                "Workers Planned": 1,
                                                "Workers Launched": 1,
                                                "Shared Hit Blocks": 625304,
                                                "Shared Read Blocks": 86335,
                                                "Shared Dirtied Blocks": 0,
                                                "Shared Written Blocks": 0,
                                                "Local Hit Blocks": 0,
                                                "Local Read Blocks": 0,
                                                "Local Dirtied Blocks": 0,
                                                "Local Written Blocks": 0,
                                                "Temp Read Blocks": 0,
                                                "Temp Written Blocks": 0,
                                                "Plans": [
                                                  {
                                                    "Node Type": "Unique",
                                                    "Parent Relationship": "Outer",
                                                    "Parallel Aware": false,
                                                    "Async Capable": false,
                                                    "Startup Cost": 204852.47,
                                                    "Total Cost": 204863.57,
                                                    "Plan Rows": 1110,
                                                    "Plan Width": 56,
                                                    "Actual Startup Time": 5483.213,
                                                    "Actual Total Time": 5490.344,
                                                    "Actual Rows": 23048,
                                                    "Actual Loops": 2,
                                                    "Output": [
                                                      "customer_1.c_last_name",
                                                      "customer_1.c_first_name",
                                                      "date_dim_1.d_date"
                                                    ],
                                                    "Shared Hit Blocks": 625304,
                                                    "Shared Read Blocks": 86335,
                                                    "Shared Dirtied Blocks": 0,
                                                    "Shared Written Blocks": 0,
                                                    "Local Hit Blocks": 0,
                                                    "Local Read Blocks": 0,
                                                    "Local Dirtied Blocks": 0,
                                                    "Local Written Blocks": 0,
                                                    "Temp Read Blocks": 0,
                                                    "Temp Written Blocks": 0,
                                                    "Workers": [
                                                      {
                                                        "Worker Number": 0,
                                                        "Actual Startup Time": 5727.977,
                                                        "Actual Total Time": 5734.981,
                                                        "Actual Rows": 24096,
                                                        "Actual Loops": 1,
                                                        "JIT": {
                                                          "Functions": 18,
                                                          "Options": {
                                                            "Inlining": true,
                                                            "Optimization": true,
                                                            "Expressions": true,
                                                            "Deforming": true
                                                          },
                                                          "Timing": {
                                                            "Generation": 2.74,
                                                            "Inlining": 50.755,
                                                            "Optimization": 85.749,
                                                            "Emission": 62.204,
                                                            "Total": 201.448
                                                          }
                                                        },
                                                        "Shared Hit Blocks": 327633,
                                                        "Shared Read Blocks": 44292,
                                                        "Shared Dirtied Blocks": 0,
                                                        "Shared Written Blocks": 0,
                                                        "Local Hit Blocks": 0,
                                                        "Local Read Blocks": 0,
                                                        "Local Dirtied Blocks": 0,
                                                        "Local Written Blocks": 0,
                                                        "Temp Read Blocks": 0,
                                                        "Temp Written Blocks": 0
                                                      }
                                                    ],
                                                    "Plans": [
                                                      {
                                                        "Node Type": "Sort",
                                                        "Parent Relationship": "Outer",
                                                        "Parallel Aware": false,
                                                        "Async Capable": false,
                                                        "Startup Cost": 204852.47,
                                                        "Total Cost": 204855.24,
                                                        "Plan Rows": 1110,
                                                        "Plan Width": 56,
                                                        "Actual Startup Time": 5483.212,
                                                        "Actual Total Time": 5486.323,
                                                        "Actual Rows": 34350,
                                                        "Actual Loops": 2,
                                                        "Output": [
                                                          "customer_1.c_last_name",
                                                          "customer_1.c_first_name",
                                                          "date_dim_1.d_date"
                                                        ],
                                                        "Sort Key": [
                                                          "customer_1.c_last_name",
                                                          "customer_1.c_first_name",
                                                          "date_dim_1.d_date"
                                                        ],
                                                        "Sort Method": "quicksort",
                                                        "Sort Space Used": 3301,
                                                        "Sort Space Type": "Memory",
                                                        "Shared Hit Blocks": 625304,
                                                        "Shared Read Blocks": 86335,
                                                        "Shared Dirtied Blocks": 0,
                                                        "Shared Written Blocks": 0,
                                                        "Local Hit Blocks": 0,
                                                        "Local Read Blocks": 0,
                                                        "Local Dirtied Blocks": 0,
                                                        "Local Written Blocks": 0,
                                                        "Temp Read Blocks": 0,
                                                        "Temp Written Blocks": 0,
                                                        "Workers": [
                                                          {
                                                            "Worker Number": 0,
                                                            "Actual Startup Time": 5727.975,
                                                            "Actual Total Time": 5730.75,
                                                            "Actual Rows": 35933,
                                                            "Actual Loops": 1,
                                                            "Sort Method": "quicksort",
                                                            "Sort Space Used": 3732,
                                                            "Sort Space Type": "Memory",
                                                            "Shared Hit Blocks": 327633,
                                                            "Shared Read Blocks": 44292,
                                                            "Shared Dirtied Blocks": 0,
                                                            "Shared Written Blocks": 0,
                                                            "Local Hit Blocks": 0,
                                                            "Local Read Blocks": 0,
                                                            "Local Dirtied Blocks": 0,
                                                            "Local Written Blocks": 0,
                                                            "Temp Read Blocks": 0,
                                                            "Temp Written Blocks": 0
                                                          }
                                                        ],
                                                        "Plans": [
                                                          {
                                                            "Node Type": "Nested Loop",
                                                            "Parent Relationship": "Outer",
                                                            "Parallel Aware": false,
                                                            "Async Capable": false,
                                                            "Join Type": "Inner",
                                                            "Startup Cost": 0.86,
                                                            "Total Cost": 204796.32,
                                                            "Plan Rows": 1110,
                                                            "Plan Width": 56,
                                                            "Actual Startup Time": 131.829,
                                                            "Actual Total Time": 5433.235,
                                                            "Actual Rows": 34350,
                                                            "Actual Loops": 2,
                                                            "Output": [
                                                              "customer_1.c_last_name",
                                                              "customer_1.c_first_name",
                                                              "date_dim_1.d_date"
                                                            ],
                                                            "Inner Unique": true,
                                                            "Shared Hit Blocks": 625292,
                                                            "Shared Read Blocks": 86332,
                                                            "Shared Dirtied Blocks": 0,
                                                            "Shared Written Blocks": 0,
                                                            "Local Hit Blocks": 0,
                                                            "Local Read Blocks": 0,
                                                            "Local Dirtied Blocks": 0,
                                                            "Local Written Blocks": 0,
                                                            "Temp Read Blocks": 0,
                                                            "Temp Written Blocks": 0,
                                                            "Workers": [
                                                              {
                                                                "Worker Number": 0,
                                                                "Actual Startup Time": 200.511,
                                                                "Actual Total Time": 5674.559,
                                                                "Actual Rows": 35933,
                                                                "Actual Loops": 1,
                                                                "Shared Hit Blocks": 327621,
                                                                "Shared Read Blocks": 44289,
                                                                "Shared Dirtied Blocks": 0,
                                                                "Shared Written Blocks": 0,
                                                                "Local Hit Blocks": 0,
                                                                "Local Read Blocks": 0,
                                                                "Local Dirtied Blocks": 0,
                                                                "Local Written Blocks": 0,
                                                                "Temp Read Blocks": 0,
                                                                "Temp Written Blocks": 0
                                                              }
                                                            ],
                                                            "Plans": [
                                                              {
                                                                "Node Type": "Nested Loop",
                                                                "Parent Relationship": "Outer",
                                                                "Parallel Aware": false,
                                                                "Async Capable": false,
                                                                "Join Type": "Inner",
                                                                "Startup Cost": 0.43,
                                                                "Total Cost": 203426.45,
                                                                "Plan Rows": 2661,
                                                                "Plan Width": 8,
                                                                "Actual Startup Time": 131.597,
                                                                "Actual Total Time": 3417.365,
                                                                "Actual Rows": 82284,
                                                                "Actual Loops": 2,
                                                                "Output": [
                                                                  "catalog_sales.cs_bill_customer_sk",
                                                                  "date_dim_1.d_date"
                                                                ],
                                                                "Inner Unique": false,
                                                                "Shared Hit Blocks": 1445,
                                                                "Shared Read Blocks": 52290,
                                                                "Shared Dirtied Blocks": 0,
                                                                "Shared Written Blocks": 0,
                                                                "Local Hit Blocks": 0,
                                                                "Local Read Blocks": 0,
                                                                "Local Dirtied Blocks": 0,
                                                                "Local Written Blocks": 0,
                                                                "Temp Read Blocks": 0,
                                                                "Temp Written Blocks": 0,
                                                                "Workers": [
                                                                  {
                                                                    "Worker Number": 0,
                                                                    "Actual Startup Time": 200.155,
                                                                    "Actual Total Time": 3603.043,
                                                                    "Actual Rows": 86244,
                                                                    "Actual Loops": 1,
                                                                    "Shared Hit Blocks": 414,
                                                                    "Shared Read Blocks": 26683,
                                                                    "Shared Dirtied Blocks": 0,
                                                                    "Shared Written Blocks": 0,
                                                                    "Local Hit Blocks": 0,
                                                                    "Local Read Blocks": 0,
                                                                    "Local Dirtied Blocks": 0,
                                                                    "Local Written Blocks": 0,
                                                                    "Temp Read Blocks": 0,
                                                                    "Temp Written Blocks": 0
                                                                  }
                                                                ],
                                                                "Plans": [
                                                                  {
                                                                    "Node Type": "Seq Scan",
                                                                    "Parent Relationship": "Outer",
                                                                    "Parallel Aware": true,
                                                                    "Async Capable": false,
                                                                    "Relation Name": "date_dim",
                                                                    "Schema": "public",
                                                                    "Alias": "date_dim_1",
                                                                    "Startup Cost": 0.0,
                                                                    "Total Cost": 2068.55,
                                                                    "Plan Rows": 224,
                                                                    "Plan Width": 8,
                                                                    "Actual Startup Time": 130.596,
                                                                    "Actual Total Time": 166.489,
                                                                    "Actual Rows": 182,
                                                                    "Actual Loops": 2,
                                                                    "Output": [
                                                                      "date_dim_1.d_date_sk",
                                                                      "date_dim_1.d_date_id",
                                                                      "date_dim_1.d_date",
                                                                      "date_dim_1.d_month_seq",
                                                                      "date_dim_1.d_week_seq",
                                                                      "date_dim_1.d_quarter_seq",
                                                                      "date_dim_1.d_year",
                                                                      "date_dim_1.d_dow",
                                                                      "date_dim_1.d_moy",
                                                                      "date_dim_1.d_dom",
                                                                      "date_dim_1.d_qoy",
                                                                      "date_dim_1.d_fy_year",
                                                                      "date_dim_1.d_fy_quarter_seq",
                                                                      "date_dim_1.d_fy_week_seq",
                                                                      "date_dim_1.d_day_name",
                                                                      "date_dim_1.d_quarter_name",
                                                                      "date_dim_1.d_holiday",
                                                                      "date_dim_1.d_weekend",
                                                                      "date_dim_1.d_following_holiday",
                                                                      "date_dim_1.d_first_dom",
                                                                      "date_dim_1.d_last_dom",
                                                                      "date_dim_1.d_same_day_ly",
                                                                      "date_dim_1.d_same_day_lq",
                                                                      "date_dim_1.d_current_day",
                                                                      "date_dim_1.d_current_week",
                                                                      "date_dim_1.d_current_month",
                                                                      "date_dim_1.d_current_quarter",
                                                                      "date_dim_1.d_current_year"
                                                                    ],
                                                                    "Filter": "((date_dim_1.d_month_seq >= 1189) AND (date_dim_1.d_month_seq <= 1200))",
                                                                    "Rows Removed by Filter": 36342,
                                                                    "Shared Hit Blocks": 0,
                                                                    "Shared Read Blocks": 1424,
                                                                    "Shared Dirtied Blocks": 0,
                                                                    "Shared Written Blocks": 0,
                                                                    "Local Hit Blocks": 0,
                                                                    "Local Read Blocks": 0,
                                                                    "Local Dirtied Blocks": 0,
                                                                    "Local Written Blocks": 0,
                                                                    "Temp Read Blocks": 0,
                                                                    "Temp Written Blocks": 0,
                                                                    "Workers": [
                                                                      {
                                                                        "Worker Number": 0,
                                                                        "Actual Startup Time": 199.105,
                                                                        "Actual Total Time": 199.367,
                                                                        "Actual Rows": 104,
                                                                        "Actual Loops": 1,
                                                                        "Shared Hit Blocks": 0,
                                                                        "Shared Read Blocks": 3,
                                                                        "Shared Dirtied Blocks": 0,
                                                                        "Shared Written Blocks": 0,
                                                                        "Local Hit Blocks": 0,
                                                                        "Local Read Blocks": 0,
                                                                        "Local Dirtied Blocks": 0,
                                                                        "Local Written Blocks": 0,
                                                                        "Temp Read Blocks": 0,
                                                                        "Temp Written Blocks": 0
                                                                      }
                                                                    ]
                                                                  },
                                                                  {
                                                                    "Node Type": "Index Scan",
                                                                    "Parent Relationship": "Inner",
                                                                    "Parallel Aware": false,
                                                                    "Async Capable": false,
                                                                    "Scan Direction": "Forward",
                                                                    "Index Name": "_dta_index_catalog_sales_6_1301579675__k1_4",
                                                                    "Relation Name": "catalog_sales",
                                                                    "Schema": "public",
                                                                    "Alias": "catalog_sales",
                                                                    "Startup Cost": 0.43,
                                                                    "Total Cost": 894.82,
                                                                    "Plan Rows": 410,
                                                                    "Plan Width": 8,
                                                                    "Actual Startup Time": 0.083,
                                                                    "Actual Total Time": 17.714,
                                                                    "Actual Rows": 451,
                                                                    "Actual Loops": 365,
                                                                    "Output": [
                                                                      "catalog_sales.cs_sold_date_sk",
                                                                      "catalog_sales.cs_sold_time_sk",
                                                                      "catalog_sales.cs_ship_date_sk",
                                                                      "catalog_sales.cs_bill_customer_sk",
                                                                      "catalog_sales.cs_bill_cdemo_sk",
                                                                      "catalog_sales.cs_bill_hdemo_sk",
                                                                      "catalog_sales.cs_bill_addr_sk",
                                                                      "catalog_sales.cs_ship_customer_sk",
                                                                      "catalog_sales.cs_ship_cdemo_sk",
                                                                      "catalog_sales.cs_ship_hdemo_sk",
                                                                      "catalog_sales.cs_ship_addr_sk",
                                                                      "catalog_sales.cs_call_center_sk",
                                                                      "catalog_sales.cs_catalog_page_sk",
                                                                      "catalog_sales.cs_ship_mode_sk",
                                                                      "catalog_sales.cs_warehouse_sk",
                                                                      "catalog_sales.cs_item_sk",
                                                                      "catalog_sales.cs_promo_sk",
                                                                      "catalog_sales.cs_order_number",
                                                                      "catalog_sales.cs_quantity",
                                                                      "catalog_sales.cs_wholesale_cost",
                                                                      "catalog_sales.cs_list_price",
                                                                      "catalog_sales.cs_sales_price",
                                                                      "catalog_sales.cs_ext_discount_amt",
                                                                      "catalog_sales.cs_ext_sales_price",
                                                                      "catalog_sales.cs_ext_wholesale_cost",
                                                                      "catalog_sales.cs_ext_list_price",
                                                                      "catalog_sales.cs_ext_tax",
                                                                      "catalog_sales.cs_coupon_amt",
                                                                      "catalog_sales.cs_ext_ship_cost",
                                                                      "catalog_sales.cs_net_paid",
                                                                      "catalog_sales.cs_net_paid_inc_tax",
                                                                      "catalog_sales.cs_net_paid_inc_ship",
                                                                      "catalog_sales.cs_net_paid_inc_ship_tax",
                                                                      "catalog_sales.cs_net_profit"
                                                                    ],
                                                                    "Index Cond": "(catalog_sales.cs_sold_date_sk = date_dim_1.d_date_sk)",
                                                                    "Rows Removed by Index Recheck": 0,
                                                                    "Filter": "((catalog_sales.cs_list_price >= '25'::numeric) AND (catalog_sales.cs_list_price <= '84'::numeric) AND (catalog_sales.cs_wholesale_cost >= '34'::numeric) AND (catalog_sales.cs_wholesale_cost <= '54'::numeric))",
                                                                    "Rows Removed by Filter": 4429,
                                                                    "Shared Hit Blocks": 1445,
                                                                    "Shared Read Blocks": 50866,
                                                                    "Shared Dirtied Blocks": 0,
                                                                    "Shared Written Blocks": 0,
                                                                    "Local Hit Blocks": 0,
                                                                    "Local Read Blocks": 0,
                                                                    "Local Dirtied Blocks": 0,
                                                                    "Local Written Blocks": 0,
                                                                    "Temp Read Blocks": 0,
                                                                    "Temp Written Blocks": 0,
                                                                    "Workers": [
                                                                      {
                                                                        "Worker Number": 0,
                                                                        "Actual Startup Time": 0.114,
                                                                        "Actual Total Time": 32.555,
                                                                        "Actual Rows": 829,
                                                                        "Actual Loops": 104,
                                                                        "Shared Hit Blocks": 414,
                                                                        "Shared Read Blocks": 26680,
                                                                        "Shared Dirtied Blocks": 0,
                                                                        "Shared Written Blocks": 0,
                                                                        "Local Hit Blocks": 0,
                                                                        "Local Read Blocks": 0,
                                                                        "Local Dirtied Blocks": 0,
                                                                        "Local Written Blocks": 0,
                                                                        "Temp Read Blocks": 0,
                                                                        "Temp Written Blocks": 0
                                                                      }
                                                                    ]
                                                                  }
                                                                ]
                                                              },
                                                              {
                                                                "Node Type": "Index Scan",
                                                                "Parent Relationship": "Inner",
                                                                "Parallel Aware": false,
                                                                "Async Capable": false,
                                                                "Scan Direction": "Forward",
                                                                "Index Name": "_dta_index_customer_6_949578421__k1_k5",
                                                                "Relation Name": "customer",
                                                                "Schema": "public",
                                                                "Alias": "customer_1",
                                                                "Startup Cost": 0.42,
                                                                "Total Cost": 0.51,
                                                                "Plan Rows": 1,
                                                                "Plan Width": 56,
                                                                "Actual Startup Time": 0.024,
                                                                "Actual Total Time": 0.024,
                                                                "Actual Rows": 0,
                                                                "Actual Loops": 164569,
                                                                "Output": [
                                                                  "customer_1.c_customer_sk",
                                                                  "customer_1.c_customer_id",
                                                                  "customer_1.c_current_cdemo_sk",
                                                                  "customer_1.c_current_hdemo_sk",
                                                                  "customer_1.c_current_addr_sk",
                                                                  "customer_1.c_first_shipto_date_sk",
                                                                  "customer_1.c_first_sales_date_sk",
                                                                  "customer_1.c_salutation",
                                                                  "customer_1.c_first_name",
                                                                  "customer_1.c_last_name",
                                                                  "customer_1.c_preferred_cust_flag",
                                                                  "customer_1.c_birth_day",
                                                                  "customer_1.c_birth_month",
                                                                  "customer_1.c_birth_year",
                                                                  "customer_1.c_birth_country",
                                                                  "customer_1.c_login",
                                                                  "customer_1.c_email_address",
                                                                  "customer_1.c_last_review_date_sk"
                                                                ],
                                                                "Index Cond": "(customer_1.c_customer_sk = catalog_sales.cs_bill_customer_sk)",
                                                                "Rows Removed by Index Recheck": 0,
                                                                "Filter": "(customer_1.c_birth_month = ANY ('{4,9,10,12}'::integer[]))",
                                                                "Rows Removed by Filter": 1,
                                                                "Shared Hit Blocks": 623847,
                                                                "Shared Read Blocks": 34042,
                                                                "Shared Dirtied Blocks": 0,
                                                                "Shared Written Blocks": 0,
                                                                "Local Hit Blocks": 0,
                                                                "Local Read Blocks": 0,
                                                                "Local Dirtied Blocks": 0,
                                                                "Local Written Blocks": 0,
                                                                "Temp Read Blocks": 0,
                                                                "Temp Written Blocks": 0,
                                                                "Workers": [
                                                                  {
                                                                    "Worker Number": 0,
                                                                    "Actual Startup Time": 0.023,
                                                                    "Actual Total Time": 0.023,
                                                                    "Actual Rows": 0,
                                                                    "Actual Loops": 86244,
                                                                    "Shared Hit Blocks": 327207,
                                                                    "Shared Read Blocks": 17606,
                                                                    "Shared Dirtied Blocks": 0,
                                                                    "Shared Written Blocks": 0,
                                                                    "Local Hit Blocks": 0,
                                                                    "Local Read Blocks": 0,
                                                                    "Local Dirtied Blocks": 0,
                                                                    "Local Written Blocks": 0,
                                                                    "Temp Read Blocks": 0,
                                                                    "Temp Written Blocks": 0
                                                                  }
                                                                ]
                                                              }
                                                            ]
                                                          }
                                                        ]
                                                      }
                                                    ]
                                                  }
                                                ]
                                              }
                                            ]
                                          }
                                        ]
                                      },
                                      {
                                        "Node Type": "Subquery Scan",
                                        "Parent Relationship": "Member",
                                        "Parallel Aware": false,
                                        "Async Capable": false,
                                        "Alias": "*SELECT* 1",
                                        "Startup Cost": 241059.37,
                                        "Total Cost": 241359.81,
                                        "Plan Rows": 2146,
                                        "Plan Width": 60,
                                        "Actual Startup Time": 12953.3,
                                        "Actual Total Time": 13102.243,
                                        "Actual Rows": 125079,
                                        "Actual Loops": 1,
                                        "Output": [
                                          "\"*SELECT* 1\".c_last_name",
                                          "\"*SELECT* 1\".c_first_name",
                                          "\"*SELECT* 1\".d_date",
                                          "0"
                                        ],
                                        "Shared Hit Blocks": 2079699,
                                        "Shared Read Blocks": 112651,
                                        "Shared Dirtied Blocks": 0,
                                        "Shared Written Blocks": 0,
                                        "Local Hit Blocks": 0,
                                        "Local Read Blocks": 0,
                                        "Local Dirtied Blocks": 0,
                                        "Local Written Blocks": 0,
                                        "Temp Read Blocks": 1755,
                                        "Temp Written Blocks": 1760,
                                        "Plans": [
                                          {
                                            "Node Type": "Unique",
                                            "Parent Relationship": "Subquery",
                                            "Parallel Aware": false,
                                            "Async Capable": false,
                                            "Startup Cost": 241059.37,
                                            "Total Cost": 241338.35,
                                            "Plan Rows": 2146,
                                            "Plan Width": 56,
                                            "Actual Startup Time": 12953.274,
                                            "Actual Total Time": 13094.049,
                                            "Actual Rows": 125079,
                                            "Actual Loops": 1,
                                            "Output": [
                                              "customer_2.c_last_name",
                                              "customer_2.c_first_name",
                                              "date_dim_2.d_date"
                                            ],
                                            "Shared Hit Blocks": 2079699,
                                            "Shared Read Blocks": 112651,
                                            "Shared Dirtied Blocks": 0,
                                            "Shared Written Blocks": 0,
                                            "Local Hit Blocks": 0,
                                            "Local Read Blocks": 0,
                                            "Local Dirtied Blocks": 0,
                                            "Local Written Blocks": 0,
                                            "Temp Read Blocks": 1755,
                                            "Temp Written Blocks": 1760,
                                            "Plans": [
                                              {
                                                "Node Type": "Gather Merge",
                                                "Parent Relationship": "Outer",
                                                "Parallel Aware": false,
                                                "Async Capable": false,
                                                "Startup Cost": 241059.37,
                                                "Total Cost": 241322.25,
                                                "Plan Rows": 2146,
                                                "Plan Width": 56,
                                                "Actual Startup Time": 12953.273,
                                                "Actual Total Time": 13084.979,
                                                "Actual Rows": 125079,
                                                "Actual Loops": 1,
                                                "Output": [
                                                  "customer_2.c_last_name",
                                                  "customer_2.c_first_name",
                                                  "date_dim_2.d_date"
                                                ],
                                                "Workers Planned": 1,
                                                "Workers Launched": 1,
                                                "Shared Hit Blocks": 2079699,
                                                "Shared Read Blocks": 112651,
                                                "Shared Dirtied Blocks": 0,
                                                "Shared Written Blocks": 0,
                                                "Local Hit Blocks": 0,
                                                "Local Read Blocks": 0,
                                                "Local Dirtied Blocks": 0,
                                                "Local Written Blocks": 0,
                                                "Temp Read Blocks": 1755,
                                                "Temp Written Blocks": 1760,
                                                "Plans": [
                                                  {
                                                    "Node Type": "Unique",
                                                    "Parent Relationship": "Outer",
                                                    "Parallel Aware": false,
                                                    "Async Capable": false,
                                                    "Startup Cost": 240059.36,
                                                    "Total Cost": 240080.82,
                                                    "Plan Rows": 2146,
                                                    "Plan Width": 56,
                                                    "Actual Startup Time": 12330.141,
                                                    "Actual Total Time": 12398.476,
                                                    "Actual Rows": 62540,
                                                    "Actual Loops": 2,
                                                    "Output": [
                                                      "customer_2.c_last_name",
                                                      "customer_2.c_first_name",
                                                      "date_dim_2.d_date"
                                                    ],
                                                    "Shared Hit Blocks": 2079699,
                                                    "Shared Read Blocks": 112651,
                                                    "Shared Dirtied Blocks": 0,
                                                    "Shared Written Blocks": 0,
                                                    "Local Hit Blocks": 0,
                                                    "Local Read Blocks": 0,
                                                    "Local Dirtied Blocks": 0,
                                                    "Local Written Blocks": 0,
                                                    "Temp Read Blocks": 1755,
                                                    "Temp Written Blocks": 1760,
                                                    "Workers": [
                                                      {
                                                        "Worker Number": 0,
                                                        "Actual Startup Time": 11707.247,
                                                        "Actual Total Time": 11760.269,
                                                        "Actual Rows": 53099,
                                                        "Actual Loops": 1,
                                                        "JIT": {
                                                          "Functions": 15,
                                                          "Options": {
                                                            "Inlining": true,
                                                            "Optimization": true,
                                                            "Expressions": true,
                                                            "Deforming": true
                                                          },
                                                          "Timing": {
                                                            "Generation": 2.507,
                                                            "Inlining": 47.065,
                                                            "Optimization": 80.677,
                                                            "Emission": 43.856,
                                                            "Total": 174.104
                                                          }
                                                        },
                                                        "Shared Hit Blocks": 895369,
                                                        "Shared Read Blocks": 47908,
                                                        "Shared Dirtied Blocks": 0,
                                                        "Shared Written Blocks": 0,
                                                        "Local Hit Blocks": 0,
                                                        "Local Read Blocks": 0,
                                                        "Local Dirtied Blocks": 0,
                                                        "Local Written Blocks": 0,
                                                        "Temp Read Blocks": 746,
                                                        "Temp Written Blocks": 748
                                                      }
                                                    ],
                                                    "Plans": [
                                                      {
                                                        "Node Type": "Sort",
                                                        "Parent Relationship": "Outer",
                                                        "Parallel Aware": false,
                                                        "Async Capable": false,
                                                        "Startup Cost": 240059.36,
                                                        "Total Cost": 240064.72,
                                                        "Plan Rows": 2146,
                                                        "Plan Width": 56,
                                                        "Actual Startup Time": 12330.139,
                                                        "Actual Total Time": 12387.03,
                                                        "Actual Rows": 109934,
                                                        "Actual Loops": 2,
                                                        "Output": [
                                                          "customer_2.c_last_name",
                                                          "customer_2.c_first_name",
                                                          "date_dim_2.d_date"
                                                        ],
                                                        "Sort Key": [
                                                          "customer_2.c_last_name",
                                                          "customer_2.c_first_name",
                                                          "date_dim_2.d_date"
                                                        ],
                                                        "Sort Method": "external merge",
                                                        "Sort Space Used": 8072,
                                                        "Sort Space Type": "Disk",
                                                        "Shared Hit Blocks": 2079699,
                                                        "Shared Read Blocks": 112651,
                                                        "Shared Dirtied Blocks": 0,
                                                        "Shared Written Blocks": 0,
                                                        "Local Hit Blocks": 0,
                                                        "Local Read Blocks": 0,
                                                        "Local Dirtied Blocks": 0,
                                                        "Local Written Blocks": 0,
                                                        "Temp Read Blocks": 1755,
                                                        "Temp Written Blocks": 1760,
                                                        "Workers": [
                                                          {
                                                            "Worker Number": 0,
                                                            "Actual Startup Time": 11707.245,
                                                            "Actual Total Time": 11749.658,
                                                            "Actual Rows": 93483,
                                                            "Actual Loops": 1,
                                                            "Sort Method": "external merge",
                                                            "Sort Space Used": 5968,
                                                            "Sort Space Type": "Disk",
                                                            "Shared Hit Blocks": 895369,
                                                            "Shared Read Blocks": 47908,
                                                            "Shared Dirtied Blocks": 0,
                                                            "Shared Written Blocks": 0,
                                                            "Local Hit Blocks": 0,
                                                            "Local Read Blocks": 0,
                                                            "Local Dirtied Blocks": 0,
                                                            "Local Written Blocks": 0,
                                                            "Temp Read Blocks": 746,
                                                            "Temp Written Blocks": 748
                                                          }
                                                        ],
                                                        "Plans": [
                                                          {
                                                            "Node Type": "Nested Loop",
                                                            "Parent Relationship": "Outer",
                                                            "Parallel Aware": false,
                                                            "Async Capable": false,
                                                            "Join Type": "Inner",
                                                            "Startup Cost": 0.98,
                                                            "Total Cost": 239940.6,
                                                            "Plan Rows": 2146,
                                                            "Plan Width": 56,
                                                            "Actual Startup Time": 119.959,
                                                            "Actual Total Time": 12043.092,
                                                            "Actual Rows": 109934,
                                                            "Actual Loops": 2,
                                                            "Output": [
                                                              "customer_2.c_last_name",
                                                              "customer_2.c_first_name",
                                                              "date_dim_2.d_date"
                                                            ],
                                                            "Inner Unique": true,
                                                            "Shared Hit Blocks": 2079687,
                                                            "Shared Read Blocks": 112648,
                                                            "Shared Dirtied Blocks": 0,
                                                            "Shared Written Blocks": 0,
                                                            "Local Hit Blocks": 0,
                                                            "Local Read Blocks": 0,
                                                            "Local Dirtied Blocks": 0,
                                                            "Local Written Blocks": 0,
                                                            "Temp Read Blocks": 0,
                                                            "Temp Written Blocks": 0,
                                                            "Workers": [
                                                              {
                                                                "Worker Number": 0,
                                                                "Actual Startup Time": 177.65,
                                                                "Actual Total Time": 11440.175,
                                                                "Actual Rows": 93483,
                                                                "Actual Loops": 1,
                                                                "Shared Hit Blocks": 895357,
                                                                "Shared Read Blocks": 47905,
                                                                "Shared Dirtied Blocks": 0,
                                                                "Shared Written Blocks": 0,
                                                                "Local Hit Blocks": 0,
                                                                "Local Read Blocks": 0,
                                                                "Local Dirtied Blocks": 0,
                                                                "Local Written Blocks": 0,
                                                                "Temp Read Blocks": 0,
                                                                "Temp Written Blocks": 0
                                                              }
                                                            ],
                                                            "Plans": [
                                                              {
                                                                "Node Type": "Nested Loop",
                                                                "Parent Relationship": "Outer",
                                                                "Parallel Aware": false,
                                                                "Async Capable": false,
                                                                "Join Type": "Inner",
                                                                "Startup Cost": 0.56,
                                                                "Total Cost": 236940.68,
                                                                "Plan Rows": 5364,
                                                                "Plan Width": 8,
                                                                "Actual Startup Time": 119.782,
                                                                "Actual Total Time": 8794.289,
                                                                "Actual Rows": 264324,
                                                                "Actual Loops": 2,
                                                                "Output": [
                                                                  "store_sales.ss_customer_sk",
                                                                  "date_dim_2.d_date"
                                                                ],
                                                                "Inner Unique": false,
                                                                "Shared Hit Blocks": 23614,
                                                                "Shared Read Blocks": 66972,
                                                                "Shared Dirtied Blocks": 0,
                                                                "Shared Written Blocks": 0,
                                                                "Local Hit Blocks": 0,
                                                                "Local Read Blocks": 0,
                                                                "Local Dirtied Blocks": 0,
                                                                "Local Written Blocks": 0,
                                                                "Temp Read Blocks": 0,
                                                                "Temp Written Blocks": 0,
                                                                "Workers": [
                                                                  {
                                                                    "Worker Number": 0,
                                                                    "Actual Startup Time": 177.318,
                                                                    "Actual Total Time": 8633.922,
                                                                    "Actual Rows": 225820,
                                                                    "Actual Loops": 1,
                                                                    "Shared Hit Blocks": 16936,
                                                                    "Shared Read Blocks": 28649,
                                                                    "Shared Dirtied Blocks": 0,
                                                                    "Shared Written Blocks": 0,
                                                                    "Local Hit Blocks": 0,
                                                                    "Local Read Blocks": 0,
                                                                    "Local Dirtied Blocks": 0,
                                                                    "Local Written Blocks": 0,
                                                                    "Temp Read Blocks": 0,
                                                                    "Temp Written Blocks": 0
                                                                  }
                                                                ],
                                                                "Plans": [
                                                                  {
                                                                    "Node Type": "Seq Scan",
                                                                    "Parent Relationship": "Outer",
                                                                    "Parallel Aware": true,
                                                                    "Async Capable": false,
                                                                    "Relation Name": "date_dim",
                                                                    "Schema": "public",
                                                                    "Alias": "date_dim_2",
                                                                    "Startup Cost": 0.0,
                                                                    "Total Cost": 2068.55,
                                                                    "Plan Rows": 224,
                                                                    "Plan Width": 8,
                                                                    "Actual Startup Time": 114.867,
                                                                    "Actual Total Time": 161.297,
                                                                    "Actual Rows": 182,
                                                                    "Actual Loops": 2,
                                                                    "Output": [
                                                                      "date_dim_2.d_date_sk",
                                                                      "date_dim_2.d_date_id",
                                                                      "date_dim_2.d_date",
                                                                      "date_dim_2.d_month_seq",
                                                                      "date_dim_2.d_week_seq",
                                                                      "date_dim_2.d_quarter_seq",
                                                                      "date_dim_2.d_year",
                                                                      "date_dim_2.d_dow",
                                                                      "date_dim_2.d_moy",
                                                                      "date_dim_2.d_dom",
                                                                      "date_dim_2.d_qoy",
                                                                      "date_dim_2.d_fy_year",
                                                                      "date_dim_2.d_fy_quarter_seq",
                                                                      "date_dim_2.d_fy_week_seq",
                                                                      "date_dim_2.d_day_name",
                                                                      "date_dim_2.d_quarter_name",
                                                                      "date_dim_2.d_holiday",
                                                                      "date_dim_2.d_weekend",
                                                                      "date_dim_2.d_following_holiday",
                                                                      "date_dim_2.d_first_dom",
                                                                      "date_dim_2.d_last_dom",
                                                                      "date_dim_2.d_same_day_ly",
                                                                      "date_dim_2.d_same_day_lq",
                                                                      "date_dim_2.d_current_day",
                                                                      "date_dim_2.d_current_week",
                                                                      "date_dim_2.d_current_month",
                                                                      "date_dim_2.d_current_quarter",
                                                                      "date_dim_2.d_current_year"
                                                                    ],
                                                                    "Filter": "((date_dim_2.d_month_seq >= 1189) AND (date_dim_2.d_month_seq <= 1200))",
                                                                    "Rows Removed by Filter": 36342,
                                                                    "Shared Hit Blocks": 0,
                                                                    "Shared Read Blocks": 1424,
                                                                    "Shared Dirtied Blocks": 0,
                                                                    "Shared Written Blocks": 0,
                                                                    "Local Hit Blocks": 0,
                                                                    "Local Read Blocks": 0,
                                                                    "Local Dirtied Blocks": 0,
                                                                    "Local Written Blocks": 0,
                                                                    "Temp Read Blocks": 0,
                                                                    "Temp Written Blocks": 0,
                                                                    "Workers": [
                                                                      {
                                                                        "Worker Number": 0,
                                                                        "Actual Startup Time": 171.933,
                                                                        "Actual Total Time": 264.052,
                                                                        "Actual Rows": 156,
                                                                        "Actual Loops": 1,
                                                                        "Shared Hit Blocks": 0,
                                                                        "Shared Read Blocks": 725,
                                                                        "Shared Dirtied Blocks": 0,
                                                                        "Shared Written Blocks": 0,
                                                                        "Local Hit Blocks": 0,
                                                                        "Local Read Blocks": 0,
                                                                        "Local Dirtied Blocks": 0,
                                                                        "Local Written Blocks": 0,
                                                                        "Temp Read Blocks": 0,
                                                                        "Temp Written Blocks": 0
                                                                      }
                                                                    ]
                                                                  },
                                                                  {
                                                                    "Node Type": "Index Only Scan",
                                                                    "Parent Relationship": "Inner",
                                                                    "Parallel Aware": false,
                                                                    "Async Capable": false,
                                                                    "Scan Direction": "Forward",
                                                                    "Index Name": "_dta_index_store_sales_6_1333579789__k1_k23_k14_k6_k8_k5_k7_3_4",
                                                                    "Relation Name": "store_sales",
                                                                    "Schema": "public",
                                                                    "Alias": "store_sales",
                                                                    "Startup Cost": 0.56,
                                                                    "Total Cost": 1039.97,
                                                                    "Plan Rows": 857,
                                                                    "Plan Width": 8,
                                                                    "Actual Startup Time": 1.793,
                                                                    "Actual Total Time": 47.113,
                                                                    "Actual Rows": 1448,
                                                                    "Actual Loops": 365,
                                                                    "Output": [
                                                                      "store_sales.ss_sold_date_sk",
                                                                      "store_sales.ss_net_profit",
                                                                      "store_sales.ss_sales_price",
                                                                      "store_sales.ss_hdemo_sk",
                                                                      "store_sales.ss_store_sk",
                                                                      "store_sales.ss_cdemo_sk",
                                                                      "store_sales.ss_addr_sk",
                                                                      "store_sales.ss_item_sk",
                                                                      "store_sales.ss_customer_sk",
                                                                      "store_sales.ss_promo_sk",
                                                                      "store_sales.ss_ticket_number",
                                                                      "store_sales.ss_quantity",
                                                                      "store_sales.ss_wholesale_cost",
                                                                      "store_sales.ss_list_price",
                                                                      "store_sales.ss_ext_sales_price",
                                                                      "store_sales.ss_ext_wholesale_cost",
                                                                      "store_sales.ss_coupon_amt"
                                                                    ],
                                                                    "Index Cond": "(store_sales.ss_sold_date_sk = date_dim_2.d_date_sk)",
                                                                    "Rows Removed by Index Recheck": 0,
                                                                    "Filter": "((store_sales.ss_list_price >= '25'::numeric) AND (store_sales.ss_list_price <= '84'::numeric) AND (store_sales.ss_wholesale_cost >= '34'::numeric) AND (store_sales.ss_wholesale_cost <= '54'::numeric))",
                                                                    "Rows Removed by Filter": 11704,
                                                                    "Heap Fetches": 0,
                                                                    "Shared Hit Blocks": 23614,
                                                                    "Shared Read Blocks": 65548,
                                                                    "Shared Dirtied Blocks": 0,
                                                                    "Shared Written Blocks": 0,
                                                                    "Local Hit Blocks": 0,
                                                                    "Local Read Blocks": 0,
                                                                    "Local Dirtied Blocks": 0,
                                                                    "Local Written Blocks": 0,
                                                                    "Temp Read Blocks": 0,
                                                                    "Temp Written Blocks": 0,
                                                                    "Workers": [
                                                                      {
                                                                        "Worker Number": 0,
                                                                        "Actual Startup Time": 1.936,
                                                                        "Actual Total Time": 53.471,
                                                                        "Actual Rows": 1448,
                                                                        "Actual Loops": 156,
                                                                        "Shared Hit Blocks": 16936,
                                                                        "Shared Read Blocks": 27924,
                                                                        "Shared Dirtied Blocks": 0,
                                                                        "Shared Written Blocks": 0,
                                                                        "Local Hit Blocks": 0,
                                                                        "Local Read Blocks": 0,
                                                                        "Local Dirtied Blocks": 0,
                                                                        "Local Written Blocks": 0,
                                                                        "Temp Read Blocks": 0,
                                                                        "Temp Written Blocks": 0
                                                                      }
                                                                    ]
                                                                  }
                                                                ]
                                                              },
                                                              {
                                                                "Node Type": "Index Scan",
                                                                "Parent Relationship": "Inner",
                                                                "Parallel Aware": false,
                                                                "Async Capable": false,
                                                                "Scan Direction": "Forward",
                                                                "Index Name": "_dta_index_customer_6_949578421__k1_k5",
                                                                "Relation Name": "customer",
                                                                "Schema": "public",
                                                                "Alias": "customer_2",
                                                                "Startup Cost": 0.42,
                                                                "Total Cost": 0.56,
                                                                "Plan Rows": 1,
                                                                "Plan Width": 56,
                                                                "Actual Startup Time": 0.012,
                                                                "Actual Total Time": 0.012,
                                                                "Actual Rows": 0,
                                                                "Actual Loops": 528647,
                                                                "Output": [
                                                                  "customer_2.c_customer_sk",
                                                                  "customer_2.c_customer_id",
                                                                  "customer_2.c_current_cdemo_sk",
                                                                  "customer_2.c_current_hdemo_sk",
                                                                  "customer_2.c_current_addr_sk",
                                                                  "customer_2.c_first_shipto_date_sk",
                                                                  "customer_2.c_first_sales_date_sk",
                                                                  "customer_2.c_salutation",
                                                                  "customer_2.c_first_name",
                                                                  "customer_2.c_last_name",
                                                                  "customer_2.c_preferred_cust_flag",
                                                                  "customer_2.c_birth_day",
                                                                  "customer_2.c_birth_month",
                                                                  "customer_2.c_birth_year",
                                                                  "customer_2.c_birth_country",
                                                                  "customer_2.c_login",
                                                                  "customer_2.c_email_address",
                                                                  "customer_2.c_last_review_date_sk"
                                                                ],
                                                                "Index Cond": "(customer_2.c_customer_sk = store_sales.ss_customer_sk)",
                                                                "Rows Removed by Index Recheck": 0,
                                                                "Filter": "(customer_2.c_birth_month = ANY ('{4,9,10,12}'::integer[]))",
                                                                "Rows Removed by Filter": 1,
                                                                "Shared Hit Blocks": 2056073,
                                                                "Shared Read Blocks": 45676,
                                                                "Shared Dirtied Blocks": 0,
                                                                "Shared Written Blocks": 0,
                                                                "Local Hit Blocks": 0,
                                                                "Local Read Blocks": 0,
                                                                "Local Dirtied Blocks": 0,
                                                                "Local Written Blocks": 0,
                                                                "Temp Read Blocks": 0,
                                                                "Temp Written Blocks": 0,
                                                                "Workers": [
                                                                  {
                                                                    "Worker Number": 0,
                                                                    "Actual Startup Time": 0.012,
                                                                    "Actual Total Time": 0.012,
                                                                    "Actual Rows": 0,
                                                                    "Actual Loops": 225820,
                                                                    "Shared Hit Blocks": 878421,
                                                                    "Shared Read Blocks": 19256,
                                                                    "Shared Dirtied Blocks": 0,
                                                                    "Shared Written Blocks": 0,
                                                                    "Local Hit Blocks": 0,
                                                                    "Local Read Blocks": 0,
                                                                    "Local Dirtied Blocks": 0,
                                                                    "Local Written Blocks": 0,
                                                                    "Temp Read Blocks": 0,
                                                                    "Temp Written Blocks": 0
                                                                  }
                                                                ]
                                                              }
                                                            ]
                                                          }
                                                        ]
                                                      }
                                                    ]
                                                  }
                                                ]
                                              }
                                            ]
                                          }
                                        ]
                                      }
                                    ]
                                  }
                                ]
                              }
                            ]
                          }
                        ]
                      }
                    ]
                  }
                ]
              }
            ]
          }
        ]
      },
      "Planning": {
        "Shared Hit Blocks": 23,
        "Shared Read Blocks": 41,
        "Shared Dirtied Blocks": 0,
        "Shared Written Blocks": 0,
        "Local Hit Blocks": 0,
        "Local Read Blocks": 0,
        "Local Dirtied Blocks": 0,
        "Local Written Blocks": 0,
        "Temp Read Blocks": 0,
        "Temp Written Blocks": 0
      },
      "Planning Time": 4.449,
      "Triggers": [],
      "JIT": {
        "Functions": 122,
        "Options": {
          "Inlining": true,
          "Optimization": true,
          "Expressions": true,
          "Deforming": true
        },
        "Timing": {
          "Generation": 10.287,
          "Inlining": 156.137,
          "Optimization": 533.541,
          "Emission": 347.197,
          "Total": 1047.162
        }
      },
      "Execution Time": 27595.117
    }
  ],
  "original_sql": "select  count(*) from (\n    select distinct c_last_name, c_first_name, d_date\n    from store_sales, date_dim, customer\n          where store_sales.ss_sold_date_sk = date_dim.d_date_sk\n      and store_sales.ss_customer_sk = customer.c_customer_sk\n      and d_month_seq between 1189 and 1189 + 11\n      and c_birth_month in (4, 9, 10, 12)\n      and ss_list_price between 25 and 84\n      and ss_wholesale_cost BETWEEN 34 AND 54\n  intersect\n    select distinct c_last_name, c_first_name, d_date\n    from catalog_sales, date_dim, customer\n          where catalog_sales.cs_sold_date_sk = date_dim.d_date_sk\n      and catalog_sales.cs_bill_customer_sk = customer.c_customer_sk\n      and d_month_seq between 1189 and 1189 + 11\n      and c_birth_month in (4, 9, 10, 12)\n      and cs_list_price between 25 and 84\n      and cs_wholesale_cost BETWEEN 34 AND 54\n  intersect\n    select distinct c_last_name, c_first_name, d_date\n    from web_sales, date_dim, customer\n          where web_sales.ws_sold_date_sk = date_dim.d_date_sk\n      and web_sales.ws_bill_customer_sk = customer.c_customer_sk\n      and d_month_seq between 1189 and 1189 + 11\n      and c_birth_month in (4, 9, 10, 12)\n      and ws_list_price between 25 and 84\n      and ws_wholesale_cost BETWEEN 34 AND 54\n) hot_cust\nlimit 100"
}