{
  "query_id": "query010_multi",
  "engine": "postgresql",
  "benchmark": "dsb",
  "scale_factor": 10,
  "execution_time_ms": 8546.451,
  "planning_time_ms": 44.896,
  "plan_json": [
    {
      "Plan": {
        "Node Type": "Limit",
        "Parallel Aware": false,
        "Async Capable": false,
        "Startup Cost": 1116950.47,
        "Total Cost": 1116950.5,
        "Plan Rows": 1,
        "Plan Width": 100,
        "Actual Startup Time": 8531.508,
        "Actual Total Time": 8531.641,
        "Actual Rows": 0,
        "Actual Loops": 1,
        "Output": [
          "customer_demographics.cd_gender",
          "customer_demographics.cd_marital_status",
          "customer_demographics.cd_education_status",
          "(count(*))",
          "customer_demographics.cd_purchase_estimate",
          "(count(*))",
          "customer_demographics.cd_credit_rating",
          "(count(*))",
          "customer_demographics.cd_dep_count",
          "(count(*))",
          "customer_demographics.cd_dep_employed_count",
          "(count(*))",
          "customer_demographics.cd_dep_college_count",
          "(count(*))"
        ],
        "Shared Hit Blocks": 537362,
        "Shared Read Blocks": 54800,
        "Shared Dirtied Blocks": 0,
        "Shared Written Blocks": 0,
        "Local Hit Blocks": 0,
        "Local Read Blocks": 0,
        "Local Dirtied Blocks": 0,
        "Local Written Blocks": 0,
        "Temp Read Blocks": 0,
        "Temp Written Blocks": 0,
        "Plans": [
          {
            "Node Type": "Aggregate",
            "Strategy": "Sorted",
            "Partial Mode": "Simple",
            "Parent Relationship": "Outer",
            "Parallel Aware": false,
            "Async Capable": false,
            "Startup Cost": 1116950.47,
            "Total Cost": 1116950.5,
            "Plan Rows": 1,
            "Plan Width": 100,
            "Actual Startup Time": 7979.301,
            "Actual Total Time": 7979.433,
            "Actual Rows": 0,
            "Actual Loops": 1,
            "Output": [
              "customer_demographics.cd_gender",
              "customer_demographics.cd_marital_status",
              "customer_demographics.cd_education_status",
              "count(*)",
              "customer_demographics.cd_purchase_estimate",
              "count(*)",
              "customer_demographics.cd_credit_rating",
              "count(*)",
              "customer_demographics.cd_dep_count",
              "count(*)",
              "customer_demographics.cd_dep_employed_count",
              "count(*)",
              "customer_demographics.cd_dep_college_count",
              "count(*)"
            ],
            "Group Key": [
              "customer_demographics.cd_marital_status",
              "customer_demographics.cd_education_status",
              "customer_demographics.cd_purchase_estimate",
              "customer_demographics.cd_credit_rating",
              "customer_demographics.cd_dep_count",
              "customer_demographics.cd_dep_employed_count",
              "customer_demographics.cd_dep_college_count"
            ],
            "Shared Hit Blocks": 537362,
            "Shared Read Blocks": 54800,
            "Shared Dirtied Blocks": 0,
            "Shared Written Blocks": 0,
            "Local Hit Blocks": 0,
            "Local Read Blocks": 0,
            "Local Dirtied Blocks": 0,
            "Local Written Blocks": 0,
            "Temp Read Blocks": 0,
            "Temp Written Blocks": 0,
            "Plans": [
              {
                "Node Type": "Sort",
                "Parent Relationship": "Outer",
                "Parallel Aware": false,
                "Async Capable": false,
                "Startup Cost": 1116950.47,
                "Total Cost": 1116950.47,
                "Plan Rows": 1,
                "Plan Width": 52,
                "Actual Startup Time": 7979.297,
                "Actual Total Time": 7979.429,
                "Actual Rows": 0,
                "Actual Loops": 1,
                "Output": [
                  "customer_demographics.cd_marital_status",
                  "customer_demographics.cd_education_status",
                  "customer_demographics.cd_purchase_estimate",
                  "customer_demographics.cd_credit_rating",
                  "customer_demographics.cd_dep_count",
                  "customer_demographics.cd_dep_employed_count",
                  "customer_demographics.cd_dep_college_count",
                  "customer_demographics.cd_gender"
                ],
                "Sort Key": [
                  "customer_demographics.cd_marital_status",
                  "customer_demographics.cd_education_status",
                  "customer_demographics.cd_purchase_estimate",
                  "customer_demographics.cd_credit_rating",
                  "customer_demographics.cd_dep_count",
                  "customer_demographics.cd_dep_employed_count",
                  "customer_demographics.cd_dep_college_count"
                ],
                "Sort Method": "quicksort",
                "Sort Space Used": 25,
                "Sort Space Type": "Memory",
                "Shared Hit Blocks": 537362,
                "Shared Read Blocks": 54800,
                "Shared Dirtied Blocks": 0,
                "Shared Written Blocks": 0,
                "Local Hit Blocks": 0,
                "Local Read Blocks": 0,
                "Local Dirtied Blocks": 0,
                "Local Written Blocks": 0,
                "Temp Read Blocks": 0,
                "Temp Written Blocks": 0,
                "Plans": [
                  {
                    "Node Type": "Nested Loop",
                    "Parent Relationship": "Outer",
                    "Parallel Aware": false,
                    "Async Capable": false,
                    "Join Type": "Inner",
                    "Startup Cost": 58228.29,
                    "Total Cost": 1116950.46,
                    "Plan Rows": 1,
                    "Plan Width": 52,
                    "Actual Startup Time": 7979.278,
                    "Actual Total Time": 7979.409,
                    "Actual Rows": 0,
                    "Actual Loops": 1,
                    "Output": [
                      "customer_demographics.cd_marital_status",
                      "customer_demographics.cd_education_status",
                      "customer_demographics.cd_purchase_estimate",
                      "customer_demographics.cd_credit_rating",
                      "customer_demographics.cd_dep_count",
                      "customer_demographics.cd_dep_employed_count",
                      "customer_demographics.cd_dep_college_count",
                      "customer_demographics.cd_gender"
                    ],
                    "Inner Unique": true,
                    "Shared Hit Blocks": 537362,
                    "Shared Read Blocks": 54800,
                    "Shared Dirtied Blocks": 0,
                    "Shared Written Blocks": 0,
                    "Local Hit Blocks": 0,
                    "Local Read Blocks": 0,
                    "Local Dirtied Blocks": 0,
                    "Local Written Blocks": 0,
                    "Temp Read Blocks": 0,
                    "Temp Written Blocks": 0,
                    "Plans": [
                      {
                        "Node Type": "Nested Loop",
                        "Parent Relationship": "Outer",
                        "Parallel Aware": false,
                        "Async Capable": false,
                        "Join Type": "Inner",
                        "Startup Cost": 58227.86,
                        "Total Cost": 1116948.09,
                        "Plan Rows": 1,
                        "Plan Width": 4,
                        "Actual Startup Time": 7979.277,
                        "Actual Total Time": 7979.408,
                        "Actual Rows": 0,
                        "Actual Loops": 1,
                        "Output": [
                          "c.c_current_cdemo_sk"
                        ],
                        "Inner Unique": true,
                        "Shared Hit Blocks": 537362,
                        "Shared Read Blocks": 54800,
                        "Shared Dirtied Blocks": 0,
                        "Shared Written Blocks": 0,
                        "Local Hit Blocks": 0,
                        "Local Read Blocks": 0,
                        "Local Dirtied Blocks": 0,
                        "Local Written Blocks": 0,
                        "Temp Read Blocks": 0,
                        "Temp Written Blocks": 0,
                        "Plans": [
                          {
                            "Node Type": "Nested Loop",
                            "Parent Relationship": "Outer",
                            "Parallel Aware": false,
                            "Async Capable": false,
                            "Join Type": "Inner",
                            "Startup Cost": 58227.44,
                            "Total Cost": 1116946.79,
                            "Plan Rows": 1,
                            "Plan Width": 8,
                            "Actual Startup Time": 7231.954,
                            "Actual Total Time": 7974.831,
                            "Actual Rows": 15,
                            "Actual Loops": 1,
                            "Output": [
                              "c.c_current_addr_sk",
                              "c.c_current_cdemo_sk"
                            ],
                            "Inner Unique": true,
                            "Shared Hit Blocks": 537331,
                            "Shared Read Blocks": 54771,
                            "Shared Dirtied Blocks": 0,
                            "Shared Written Blocks": 0,
                            "Local Hit Blocks": 0,
                            "Local Read Blocks": 0,
                            "Local Dirtied Blocks": 0,
                            "Local Written Blocks": 0,
                            "Temp Read Blocks": 0,
                            "Temp Written Blocks": 0,
                            "Plans": [
                              {
                                "Node Type": "Aggregate",
                                "Strategy": "Hashed",
                                "Partial Mode": "Simple",
                                "Parent Relationship": "Outer",
                                "Parallel Aware": false,
                                "Async Capable": false,
                                "Startup Cost": 58227.02,
                                "Total Cost": 58227.11,
                                "Plan Rows": 9,
                                "Plan Width": 4,
                                "Actual Startup Time": 4212.992,
                                "Actual Total Time": 4217.194,
                                "Actual Rows": 3869,
                                "Actual Loops": 1,
                                "Output": [
                                  "store_sales.ss_customer_sk"
                                ],
                                "Group Key": [
                                  "store_sales.ss_customer_sk"
                                ],
                                "Planned Partitions": 0,
                                "HashAgg Batches": 1,
                                "Peak Memory Usage": 489,
                                "Disk Usage": 0,
                                "Shared Hit Blocks": 184028,
                                "Shared Read Blocks": 32676,
                                "Shared Dirtied Blocks": 0,
                                "Shared Written Blocks": 0,
                                "Local Hit Blocks": 0,
                                "Local Read Blocks": 0,
                                "Local Dirtied Blocks": 0,
                                "Local Written Blocks": 0,
                                "Temp Read Blocks": 0,
                                "Temp Written Blocks": 0,
                                "Plans": [
                                  {
                                    "Node Type": "Gather",
                                    "Parent Relationship": "Outer",
                                    "Parallel Aware": false,
                                    "Async Capable": false,
                                    "Startup Cost": 1001.15,
                                    "Total Cost": 58227.0,
                                    "Plan Rows": 9,
                                    "Plan Width": 4,
                                    "Actual Startup Time": 21.211,
                                    "Actual Total Time": 4205.72,
                                    "Actual Rows": 3975,
                                    "Actual Loops": 1,
                                    "Output": [
                                      "store_sales.ss_customer_sk"
                                    ],
                                    "Workers Planned": 2,
                                    "Workers Launched": 2,
                                    "Single Copy": false,
                                    "Shared Hit Blocks": 184028,
                                    "Shared Read Blocks": 32676,
                                    "Shared Dirtied Blocks": 0,
                                    "Shared Written Blocks": 0,
                                    "Local Hit Blocks": 0,
                                    "Local Read Blocks": 0,
                                    "Local Dirtied Blocks": 0,
                                    "Local Written Blocks": 0,
                                    "Temp Read Blocks": 0,
                                    "Temp Written Blocks": 0,
                                    "Plans": [
                                      {
                                        "Node Type": "Nested Loop",
                                        "Parent Relationship": "Outer",
                                        "Parallel Aware": false,
                                        "Async Capable": false,
                                        "Join Type": "Inner",
                                        "Startup Cost": 1.15,
                                        "Total Cost": 57226.1,
                                        "Plan Rows": 4,
                                        "Plan Width": 4,
                                        "Actual Startup Time": 17.735,
                                        "Actual Total Time": 1412.081,
                                        "Actual Rows": 1325,
                                        "Actual Loops": 3,
                                        "Output": [
                                          "store_sales.ss_customer_sk"
                                        ],
                                        "Inner Unique": true,
                                        "Shared Hit Blocks": 184028,
                                        "Shared Read Blocks": 32676,
                                        "Shared Dirtied Blocks": 0,
                                        "Shared Written Blocks": 0,
                                        "Local Hit Blocks": 0,
                                        "Local Read Blocks": 0,
                                        "Local Dirtied Blocks": 0,
                                        "Local Written Blocks": 0,
                                        "Temp Read Blocks": 0,
                                        "Temp Written Blocks": 0,
                                        "Workers": [
                                          {
                                            "Worker Number": 0,
                                            "Actual Startup Time": 16.179,
                                            "Actual Total Time": 16.18,
                                            "Actual Rows": 0,
                                            "Actual Loops": 1,
                                            "JIT": {
                                              "Functions": 11,
                                              "Options": {
                                                "Inlining": true,
                                                "Optimization": true,
                                                "Expressions": true,
                                                "Deforming": true
                                              },
                                              "Timing": {
                                                "Generation": 2.042,
                                                "Inlining": 0.0,
                                                "Optimization": 0.0,
                                                "Emission": 0.0,
                                                "Total": 2.042
                                              }
                                            },
                                            "Shared Hit Blocks": 1,
                                            "Shared Read Blocks": 45,
                                            "Shared Dirtied Blocks": 0,
                                            "Shared Written Blocks": 0,
                                            "Local Hit Blocks": 0,
                                            "Local Read Blocks": 0,
                                            "Local Dirtied Blocks": 0,
                                            "Local Written Blocks": 0,
                                            "Temp Read Blocks": 0,
                                            "Temp Written Blocks": 0
                                          },
                                          {
                                            "Worker Number": 1,
                                            "Actual Startup Time": 16.064,
                                            "Actual Total Time": 16.066,
                                            "Actual Rows": 0,
                                            "Actual Loops": 1,
                                            "JIT": {
                                              "Functions": 11,
                                              "Options": {
                                                "Inlining": true,
                                                "Optimization": true,
                                                "Expressions": true,
                                                "Deforming": true
                                              },
                                              "Timing": {
                                                "Generation": 2.156,
                                                "Inlining": 0.0,
                                                "Optimization": 0.0,
                                                "Emission": 0.0,
                                                "Total": 2.156
                                              }
                                            },
                                            "Shared Hit Blocks": 0,
                                            "Shared Read Blocks": 96,
                                            "Shared Dirtied Blocks": 0,
                                            "Shared Written Blocks": 0,
                                            "Local Hit Blocks": 0,
                                            "Local Read Blocks": 0,
                                            "Local Dirtied Blocks": 0,
                                            "Local Written Blocks": 0,
                                            "Temp Read Blocks": 0,
                                            "Temp Written Blocks": 0
                                          }
                                        ],
                                        "Plans": [
                                          {
                                            "Node Type": "Nested Loop",
                                            "Parent Relationship": "Outer",
                                            "Parallel Aware": false,
                                            "Async Capable": false,
                                            "Join Type": "Inner",
                                            "Startup Cost": 0.85,
                                            "Total Cost": 57127.3,
                                            "Plan Rows": 96,
                                            "Plan Width": 8,
                                            "Actual Startup Time": 16.448,
                                            "Actual Total Time": 1032.611,
                                            "Actual Rows": 20321,
                                            "Actual Loops": 3,
                                            "Output": [
                                              "store_sales.ss_customer_sk",
                                              "store_sales.ss_item_sk"
                                            ],
                                            "Inner Unique": false,
                                            "Shared Hit Blocks": 10249,
                                            "Shared Read Blocks": 23563,
                                            "Shared Dirtied Blocks": 0,
                                            "Shared Written Blocks": 0,
                                            "Local Hit Blocks": 0,
                                            "Local Read Blocks": 0,
                                            "Local Dirtied Blocks": 0,
                                            "Local Written Blocks": 0,
                                            "Temp Read Blocks": 0,
                                            "Temp Written Blocks": 0,
                                            "Workers": [
                                              {
                                                "Worker Number": 0,
                                                "Actual Startup Time": 16.178,
                                                "Actual Total Time": 16.179,
                                                "Actual Rows": 0,
                                                "Actual Loops": 1,
                                                "Shared Hit Blocks": 1,
                                                "Shared Read Blocks": 45,
                                                "Shared Dirtied Blocks": 0,
                                                "Shared Written Blocks": 0,
                                                "Local Hit Blocks": 0,
                                                "Local Read Blocks": 0,
                                                "Local Dirtied Blocks": 0,
                                                "Local Written Blocks": 0,
                                                "Temp Read Blocks": 0,
                                                "Temp Written Blocks": 0
                                              },
                                              {
                                                "Worker Number": 1,
                                                "Actual Startup Time": 16.063,
                                                "Actual Total Time": 16.064,
                                                "Actual Rows": 0,
                                                "Actual Loops": 1,
                                                "Shared Hit Blocks": 0,
                                                "Shared Read Blocks": 96,
                                                "Shared Dirtied Blocks": 0,
                                                "Shared Written Blocks": 0,
                                                "Local Hit Blocks": 0,
                                                "Local Read Blocks": 0,
                                                "Local Dirtied Blocks": 0,
                                                "Local Written Blocks": 0,
                                                "Temp Read Blocks": 0,
                                                "Temp Written Blocks": 0
                                              }
                                            ],
                                            "Plans": [
                                              {
                                                "Node Type": "Index Only Scan",
                                                "Parent Relationship": "Outer",
                                                "Parallel Aware": true,
                                                "Async Capable": false,
                                                "Scan Direction": "Forward",
                                                "Index Name": "_dta_index_date_dim_6_661577395__k1_k7_k9",
                                                "Relation Name": "date_dim",
                                                "Schema": "public",
                                                "Alias": "date_dim",
                                                "Startup Cost": 0.29,
                                                "Total Cost": 2047.66,
                                                "Plan Rows": 51,
                                                "Plan Width": 4,
                                                "Actual Startup Time": 16.246,
                                                "Actual Total Time": 16.293,
                                                "Actual Rows": 41,
                                                "Actual Loops": 3,
                                                "Output": [
                                                  "date_dim.d_date_sk",
                                                  "date_dim.d_year",
                                                  "date_dim.d_moy"
                                                ],
                                                "Index Cond": "((date_dim.d_year = 1998) AND (date_dim.d_moy >= 4) AND (date_dim.d_moy <= 7))",
                                                "Rows Removed by Index Recheck": 0,
                                                "Heap Fetches": 0,
                                                "Shared Hit Blocks": 2,
                                                "Shared Read Blocks": 280,
                                                "Shared Dirtied Blocks": 0,
                                                "Shared Written Blocks": 0,
                                                "Local Hit Blocks": 0,
                                                "Local Read Blocks": 0,
                                                "Local Dirtied Blocks": 0,
                                                "Local Written Blocks": 0,
                                                "Temp Read Blocks": 0,
                                                "Temp Written Blocks": 0,
                                                "Workers": [
                                                  {
                                                    "Worker Number": 0,
                                                    "Actual Startup Time": 16.177,
                                                    "Actual Total Time": 16.178,
                                                    "Actual Rows": 0,
                                                    "Actual Loops": 1,
                                                    "Shared Hit Blocks": 1,
                                                    "Shared Read Blocks": 45,
                                                    "Shared Dirtied Blocks": 0,
                                                    "Shared Written Blocks": 0,
                                                    "Local Hit Blocks": 0,
                                                    "Local Read Blocks": 0,
                                                    "Local Dirtied Blocks": 0,
                                                    "Local Written Blocks": 0,
                                                    "Temp Read Blocks": 0,
                                                    "Temp Written Blocks": 0
                                                  },
                                                  {
                                                    "Worker Number": 1,
                                                    "Actual Startup Time": 16.054,
                                                    "Actual Total Time": 16.054,
                                                    "Actual Rows": 0,
                                                    "Actual Loops": 1,
                                                    "Shared Hit Blocks": 0,
                                                    "Shared Read Blocks": 96,
                                                    "Shared Dirtied Blocks": 0,
                                                    "Shared Written Blocks": 0,
                                                    "Local Hit Blocks": 0,
                                                    "Local Read Blocks": 0,
                                                    "Local Dirtied Blocks": 0,
                                                    "Local Written Blocks": 0,
                                                    "Temp Read Blocks": 0,
                                                    "Temp Written Blocks": 0
                                                  }
                                                ]
                                              },
                                              {
                                                "Node Type": "Index Only Scan",
                                                "Parent Relationship": "Inner",
                                                "Parallel Aware": false,
                                                "Async Capable": false,
                                                "Scan Direction": "Forward",
                                                "Index Name": "_dta_index_store_sales_6_1333579789__k1_k23_k14_k6_k8_k5_k7_3_4",
                                                "Relation Name": "store_sales",
                                                "Schema": "public",
                                                "Alias": "store_sales",
                                                "Startup Cost": 0.56,
                                                "Total Cost": 1079.32,
                                                "Plan Rows": 67,
                                                "Plan Width": 12,
                                                "Actual Startup Time": 0.116,
                                                "Actual Total Time": 24.908,
                                                "Actual Rows": 500,
                                                "Actual Loops": 122,
                                                "Output": [
                                                  "store_sales.ss_sold_date_sk",
                                                  "store_sales.ss_net_profit",
                                                  "store_sales.ss_sales_price",
                                                  "store_sales.ss_hdemo_sk",
                                                  "store_sales.ss_store_sk",
                                                  "store_sales.ss_cdemo_sk",
                                                  "store_sales.ss_addr_sk",
                                                  "store_sales.ss_item_sk",
                                                  "store_sales.ss_customer_sk",
                                                  "store_sales.ss_promo_sk",
                                                  "store_sales.ss_ticket_number",
                                                  "store_sales.ss_quantity",
                                                  "store_sales.ss_wholesale_cost",
                                                  "store_sales.ss_list_price",
                                                  "store_sales.ss_ext_sales_price",
                                                  "store_sales.ss_ext_wholesale_cost",
                                                  "store_sales.ss_coupon_amt"
                                                ],
                                                "Index Cond": "(store_sales.ss_sold_date_sk = date_dim.d_date_sk)",
                                                "Rows Removed by Index Recheck": 0,
                                                "Filter": "(((store_sales.ss_sales_price / store_sales.ss_list_price) >= 0.11) AND ((store_sales.ss_sales_price / store_sales.ss_list_price) <= 0.21))",
                                                "Rows Removed by Filter": 13476,
                                                "Heap Fetches": 0,
                                                "Shared Hit Blocks": 10247,
                                                "Shared Read Blocks": 23283,
                                                "Shared Dirtied Blocks": 0,
                                                "Shared Written Blocks": 0,
                                                "Local Hit Blocks": 0,
                                                "Local Read Blocks": 0,
                                                "Local Dirtied Blocks": 0,
                                                "Local Written Blocks": 0,
                                                "Temp Read Blocks": 0,
                                                "Temp Written Blocks": 0,
                                                "Workers": []
                                              }
                                            ]
                                          },
                                          {
                                            "Node Type": "Index Scan",
                                            "Parent Relationship": "Inner",
                                            "Parallel Aware": false,
                                            "Async Capable": false,
                                            "Scan Direction": "Forward",
                                            "Index Name": "item_pkey",
                                            "Relation Name": "item",
                                            "Schema": "public",
                                            "Alias": "item",
                                            "Startup Cost": 0.29,
                                            "Total Cost": 1.03,
                                            "Plan Rows": 1,
                                            "Plan Width": 4,
                                            "Actual Startup Time": 0.018,
                                            "Actual Total Time": 0.018,
                                            "Actual Rows": 0,
                                            "Actual Loops": 60964,
                                            "Output": [
                                              "item.i_item_sk",
                                              "item.i_item_id",
                                              "item.i_rec_start_date",
                                              "item.i_rec_end_date",
                                              "item.i_item_desc",
                                              "item.i_current_price",
                                              "item.i_wholesale_cost",
                                              "item.i_brand_id",
                                              "item.i_brand",
                                              "item.i_class_id",
                                              "item.i_class",
                                              "item.i_category_id",
                                              "item.i_category",
                                              "item.i_manufact_id",
                                              "item.i_manufact",
                                              "item.i_size",
                                              "item.i_formulation",
                                              "item.i_color",
                                              "item.i_units",
                                              "item.i_container",
                                              "item.i_manager_id",
                                              "item.i_product_name"
                                            ],
                                            "Index Cond": "(item.i_item_sk = store_sales.ss_item_sk)",
                                            "Rows Removed by Index Recheck": 0,
                                            "Filter": "((item.i_manager_id >= 51) AND (item.i_manager_id <= 60) AND (item.i_category = ANY ('{Children,Electronics,Men}'::bpchar[])))",
                                            "Rows Removed by Filter": 1,
                                            "Shared Hit Blocks": 173779,
                                            "Shared Read Blocks": 9113,
                                            "Shared Dirtied Blocks": 0,
                                            "Shared Written Blocks": 0,
                                            "Local Hit Blocks": 0,
                                            "Local Read Blocks": 0,
                                            "Local Dirtied Blocks": 0,
                                            "Local Written Blocks": 0,
                                            "Temp Read Blocks": 0,
                                            "Temp Written Blocks": 0,
                                            "Workers": []
                                          }
                                        ]
                                      }
                                    ]
                                  }
                                ]
                              },
                              {
                                "Node Type": "Index Scan",
                                "Parent Relationship": "Inner",
                                "Parallel Aware": false,
                                "Async Capable": false,
                                "Scan Direction": "Forward",
                                "Index Name": "_dta_index_customer_6_949578421__k1_k5",
                                "Relation Name": "customer",
                                "Schema": "public",
                                "Alias": "c",
                                "Startup Cost": 0.42,
                                "Total Cost": 117631.95,
                                "Plan Rows": 1,
                                "Plan Width": 12,
                                "Actual Startup Time": 0.97,
                                "Actual Total Time": 0.97,
                                "Actual Rows": 0,
                                "Actual Loops": 3869,
                                "Output": [
                                  "c.c_customer_sk",
                                  "c.c_customer_id",
                                  "c.c_current_cdemo_sk",
                                  "c.c_current_hdemo_sk",
                                  "c.c_current_addr_sk",
                                  "c.c_first_shipto_date_sk",
                                  "c.c_first_sales_date_sk",
                                  "c.c_salutation",
                                  "c.c_first_name",
                                  "c.c_last_name",
                                  "c.c_preferred_cust_flag",
                                  "c.c_birth_day",
                                  "c.c_birth_month",
                                  "c.c_birth_year",
                                  "c.c_birth_country",
                                  "c.c_login",
                                  "c.c_email_address",
                                  "c.c_last_review_date_sk"
                                ],
                                "Index Cond": "(c.c_customer_sk = store_sales.ss_customer_sk)",
                                "Rows Removed by Index Recheck": 0,
                                "Filter": "((c.c_birth_month = ANY ('{3,8}'::integer[])) AND ((SubPlan 1) OR (hashed SubPlan 4)))",
                                "Rows Removed by Filter": 1,
                                "Shared Hit Blocks": 353303,
                                "Shared Read Blocks": 22095,
                                "Shared Dirtied Blocks": 0,
                                "Shared Written Blocks": 0,
                                "Local Hit Blocks": 0,
                                "Local Read Blocks": 0,
                                "Local Dirtied Blocks": 0,
                                "Local Written Blocks": 0,
                                "Temp Read Blocks": 0,
                                "Temp Written Blocks": 0,
                                "Plans": [
                                  {
                                    "Node Type": "Nested Loop",
                                    "Parent Relationship": "SubPlan",
                                    "Subplan Name": "SubPlan 1",
                                    "Parallel Aware": false,
                                    "Async Capable": false,
                                    "Join Type": "Inner",
                                    "Startup Cost": 1.14,
                                    "Total Cost": 1054.88,
                                    "Plan Rows": 1,
                                    "Plan Width": 0,
                                    "Actual Startup Time": 0.434,
                                    "Actual Total Time": 0.434,
                                    "Actual Rows": 0,
                                    "Actual Loops": 692,
                                    "Inner Unique": true,
                                    "Shared Hit Blocks": 254425,
                                    "Shared Read Blocks": 924,
                                    "Shared Dirtied Blocks": 0,
                                    "Shared Written Blocks": 0,
                                    "Local Hit Blocks": 0,
                                    "Local Read Blocks": 0,
                                    "Local Dirtied Blocks": 0,
                                    "Local Written Blocks": 0,
                                    "Temp Read Blocks": 0,
                                    "Temp Written Blocks": 0,
                                    "Plans": [
                                      {
                                        "Node Type": "Nested Loop",
                                        "Parent Relationship": "Outer",
                                        "Parallel Aware": false,
                                        "Async Capable": false,
                                        "Join Type": "Inner",
                                        "Startup Cost": 0.85,
                                        "Total Cost": 1046.56,
                                        "Plan Rows": 1,
                                        "Plan Width": 4,
                                        "Actual Startup Time": 0.36,
                                        "Actual Total Time": 0.427,
                                        "Actual Rows": 0,
                                        "Actual Loops": 692,
                                        "Output": [
                                          "web_sales.ws_item_sk"
                                        ],
                                        "Inner Unique": false,
                                        "Shared Hit Blocks": 254007,
                                        "Shared Read Blocks": 907,
                                        "Shared Dirtied Blocks": 0,
                                        "Shared Written Blocks": 0,
                                        "Local Hit Blocks": 0,
                                        "Local Read Blocks": 0,
                                        "Local Dirtied Blocks": 0,
                                        "Local Written Blocks": 0,
                                        "Temp Read Blocks": 0,
                                        "Temp Written Blocks": 0,
                                        "Plans": [
                                          {
                                            "Node Type": "Index Only Scan",
                                            "Parent Relationship": "Outer",
                                            "Parallel Aware": false,
                                            "Async Capable": false,
                                            "Scan Direction": "Forward",
                                            "Index Name": "_dta_index_date_dim_6_661577395__k7_k9_k1",
                                            "Relation Name": "date_dim",
                                            "Schema": "public",
                                            "Alias": "date_dim_1",
                                            "Startup Cost": 0.42,
                                            "Total Cost": 12.91,
                                            "Plan Rows": 122,
                                            "Plan Width": 4,
                                            "Actual Startup Time": 0.011,
                                            "Actual Total Time": 0.02,
                                            "Actual Rows": 122,
                                            "Actual Loops": 692,
                                            "Output": [
                                              "date_dim_1.d_year",
                                              "date_dim_1.d_moy",
                                              "date_dim_1.d_date_sk"
                                            ],
                                            "Index Cond": "((date_dim_1.d_year = 1998) AND (date_dim_1.d_moy >= 4) AND (date_dim_1.d_moy <= 7))",
                                            "Rows Removed by Index Recheck": 0,
                                            "Heap Fetches": 0,
                                            "Shared Hit Blocks": 2071,
                                            "Shared Read Blocks": 6,
                                            "Shared Dirtied Blocks": 0,
                                            "Shared Written Blocks": 0,
                                            "Local Hit Blocks": 0,
                                            "Local Read Blocks": 0,
                                            "Local Dirtied Blocks": 0,
                                            "Local Written Blocks": 0,
                                            "Temp Read Blocks": 0,
                                            "Temp Written Blocks": 0
                                          },
                                          {
                                            "Node Type": "Index Scan",
                                            "Parent Relationship": "Inner",
                                            "Parallel Aware": false,
                                            "Async Capable": false,
                                            "Scan Direction": "Forward",
                                            "Index Name": "_dta_index_web_sales_6_1269579561__k1_k5",
                                            "Relation Name": "web_sales",
                                            "Schema": "public",
                                            "Alias": "web_sales",
                                            "Startup Cost": 0.43,
                                            "Total Cost": 8.46,
                                            "Plan Rows": 1,
                                            "Plan Width": 8,
                                            "Actual Startup Time": 0.003,
                                            "Actual Total Time": 0.003,
                                            "Actual Rows": 0,
                                            "Actual Loops": 84177,
                                            "Output": [
                                              "web_sales.ws_sold_date_sk",
                                              "web_sales.ws_sold_time_sk",
                                              "web_sales.ws_ship_date_sk",
                                              "web_sales.ws_item_sk",
                                              "web_sales.ws_bill_customer_sk",
                                              "web_sales.ws_bill_cdemo_sk",
                                              "web_sales.ws_bill_hdemo_sk",
                                              "web_sales.ws_bill_addr_sk",
                                              "web_sales.ws_ship_customer_sk",
                                              "web_sales.ws_ship_cdemo_sk",
                                              "web_sales.ws_ship_hdemo_sk",
                                              "web_sales.ws_ship_addr_sk",
                                              "web_sales.ws_web_page_sk",
                                              "web_sales.ws_web_site_sk",
                                              "web_sales.ws_ship_mode_sk",
                                              "web_sales.ws_warehouse_sk",
                                              "web_sales.ws_promo_sk",
                                              "web_sales.ws_order_number",
                                              "web_sales.ws_quantity",
                                              "web_sales.ws_wholesale_cost",
                                              "web_sales.ws_list_price",
                                              "web_sales.ws_sales_price",
                                              "web_sales.ws_ext_discount_amt",
                                              "web_sales.ws_ext_sales_price",
                                              "web_sales.ws_ext_wholesale_cost",
                                              "web_sales.ws_ext_list_price",
                                              "web_sales.ws_ext_tax",
                                              "web_sales.ws_coupon_amt",
                                              "web_sales.ws_ext_ship_cost",
                                              "web_sales.ws_net_paid",
                                              "web_sales.ws_net_paid_inc_tax",
                                              "web_sales.ws_net_paid_inc_ship",
                                              "web_sales.ws_net_paid_inc_ship_tax",
                                              "web_sales.ws_net_profit"
                                            ],
                                            "Index Cond": "((web_sales.ws_sold_date_sk = date_dim_1.d_date_sk) AND (web_sales.ws_bill_customer_sk = c.c_customer_sk))",
                                            "Rows Removed by Index Recheck": 0,
                                            "Filter": "(((web_sales.ws_sales_price / web_sales.ws_list_price) >= 0.11) AND ((web_sales.ws_sales_price / web_sales.ws_list_price) <= 0.21))",
                                            "Rows Removed by Filter": 0,
                                            "Shared Hit Blocks": 251936,
                                            "Shared Read Blocks": 901,
                                            "Shared Dirtied Blocks": 0,
                                            "Shared Written Blocks": 0,
                                            "Local Hit Blocks": 0,
                                            "Local Read Blocks": 0,
                                            "Local Dirtied Blocks": 0,
                                            "Local Written Blocks": 0,
                                            "Temp Read Blocks": 0,
                                            "Temp Written Blocks": 0
                                          }
                                        ]
                                      },
                                      {
                                        "Node Type": "Index Scan",
                                        "Parent Relationship": "Inner",
                                        "Parallel Aware": false,
                                        "Async Capable": false,
                                        "Scan Direction": "Forward",
                                        "Index Name": "item_pkey",
                                        "Relation Name": "item",
                                        "Schema": "public",
                                        "Alias": "item_1",
                                        "Startup Cost": 0.29,
                                        "Total Cost": 8.32,
                                        "Plan Rows": 1,
                                        "Plan Width": 4,
                                        "Actual Startup Time": 0.023,
                                        "Actual Total Time": 0.023,
                                        "Actual Rows": 0,
                                        "Actual Loops": 145,
                                        "Output": [
                                          "item_1.i_item_sk",
                                          "item_1.i_item_id",
                                          "item_1.i_rec_start_date",
                                          "item_1.i_rec_end_date",
                                          "item_1.i_item_desc",
                                          "item_1.i_current_price",
                                          "item_1.i_wholesale_cost",
                                          "item_1.i_brand_id",
                                          "item_1.i_brand",
                                          "item_1.i_class_id",
                                          "item_1.i_class",
                                          "item_1.i_category_id",
                                          "item_1.i_category",
                                          "item_1.i_manufact_id",
                                          "item_1.i_manufact",
                                          "item_1.i_size",
                                          "item_1.i_formulation",
                                          "item_1.i_color",
                                          "item_1.i_units",
                                          "item_1.i_container",
                                          "item_1.i_manager_id",
                                          "item_1.i_product_name"
                                        ],
                                        "Index Cond": "(item_1.i_item_sk = web_sales.ws_item_sk)",
                                        "Rows Removed by Index Recheck": 0,
                                        "Filter": "((item_1.i_manager_id >= 51) AND (item_1.i_manager_id <= 60) AND (item_1.i_category = ANY ('{Children,Electronics,Men}'::bpchar[])))",
                                        "Rows Removed by Filter": 1,
                                        "Shared Hit Blocks": 418,
                                        "Shared Read Blocks": 17,
                                        "Shared Dirtied Blocks": 0,
                                        "Shared Written Blocks": 0,
                                        "Local Hit Blocks": 0,
                                        "Local Read Blocks": 0,
                                        "Local Dirtied Blocks": 0,
                                        "Local Written Blocks": 0,
                                        "Temp Read Blocks": 0,
                                        "Temp Written Blocks": 0
                                      }
                                    ]
                                  },
                                  {
                                    "Node Type": "Gather",
                                    "Parent Relationship": "SubPlan",
                                    "Subplan Name": "SubPlan 4",
                                    "Parallel Aware": false,
                                    "Async Capable": false,
                                    "Startup Cost": 1001.02,
                                    "Total Cost": 50878.29,
                                    "Plan Rows": 5,
                                    "Plan Width": 4,
                                    "Actual Startup Time": 35.589,
                                    "Actual Total Time": 2710.598,
                                    "Actual Rows": 2124,
                                    "Actual Loops": 1,
                                    "Output": [
                                      "catalog_sales.cs_ship_customer_sk"
                                    ],
                                    "Workers Planned": 2,
                                    "Workers Launched": 2,
                                    "Single Copy": false,
                                    "Shared Hit Blocks": 88068,
                                    "Shared Read Blocks": 16509,
                                    "Shared Dirtied Blocks": 0,
                                    "Shared Written Blocks": 0,
                                    "Local Hit Blocks": 0,
                                    "Local Read Blocks": 0,
                                    "Local Dirtied Blocks": 0,
                                    "Local Written Blocks": 0,
                                    "Temp Read Blocks": 0,
                                    "Temp Written Blocks": 0,
                                    "Plans": [
                                      {
                                        "Node Type": "Nested Loop",
                                        "Parent Relationship": "Outer",
                                        "Parallel Aware": false,
                                        "Async Capable": false,
                                        "Join Type": "Inner",
                                        "Startup Cost": 1.02,
                                        "Total Cost": 49877.79,
                                        "Plan Rows": 2,
                                        "Plan Width": 4,
                                        "Actual Startup Time": 27.176,
                                        "Actual Total Time": 918.447,
                                        "Actual Rows": 708,
                                        "Actual Loops": 3,
                                        "Output": [
                                          "catalog_sales.cs_ship_customer_sk"
                                        ],
                                        "Inner Unique": true,
                                        "Shared Hit Blocks": 88068,
                                        "Shared Read Blocks": 16509,
                                        "Shared Dirtied Blocks": 0,
                                        "Shared Written Blocks": 0,
                                        "Local Hit Blocks": 0,
                                        "Local Read Blocks": 0,
                                        "Local Dirtied Blocks": 0,
                                        "Local Written Blocks": 0,
                                        "Temp Read Blocks": 0,
                                        "Temp Written Blocks": 0,
                                        "Workers": [
                                          {
                                            "Worker Number": 0,
                                            "Actual Startup Time": 23.112,
                                            "Actual Total Time": 23.114,
                                            "Actual Rows": 0,
                                            "Actual Loops": 1,
                                            "JIT": {
                                              "Functions": 14,
                                              "Options": {
                                                "Inlining": true,
                                                "Optimization": true,
                                                "Expressions": true,
                                                "Deforming": true
                                              },
                                              "Timing": {
                                                "Generation": 2.53,
                                                "Inlining": 0.0,
                                                "Optimization": 0.0,
                                                "Emission": 0.0,
                                                "Total": 2.53
                                              }
                                            },
                                            "Shared Hit Blocks": 0,
                                            "Shared Read Blocks": 27,
                                            "Shared Dirtied Blocks": 0,
                                            "Shared Written Blocks": 0,
                                            "Local Hit Blocks": 0,
                                            "Local Read Blocks": 0,
                                            "Local Dirtied Blocks": 0,
                                            "Local Written Blocks": 0,
                                            "Temp Read Blocks": 0,
                                            "Temp Written Blocks": 0
                                          },
                                          {
                                            "Worker Number": 1,
                                            "Actual Startup Time": 23.103,
                                            "Actual Total Time": 23.105,
                                            "Actual Rows": 0,
                                            "Actual Loops": 1,
                                            "JIT": {
                                              "Functions": 14,
                                              "Options": {
                                                "Inlining": true,
                                                "Optimization": true,
                                                "Expressions": true,
                                                "Deforming": true
                                              },
                                              "Timing": {
                                                "Generation": 2.205,
                                                "Inlining": 0.0,
                                                "Optimization": 0.0,
                                                "Emission": 0.0,
                                                "Total": 2.205
                                              }
                                            },
                                            "Shared Hit Blocks": 0,
                                            "Shared Read Blocks": 115,
                                            "Shared Dirtied Blocks": 0,
                                            "Shared Written Blocks": 0,
                                            "Local Hit Blocks": 0,
                                            "Local Read Blocks": 0,
                                            "Local Dirtied Blocks": 0,
                                            "Local Written Blocks": 0,
                                            "Temp Read Blocks": 0,
                                            "Temp Written Blocks": 0
                                          }
                                        ],
                                        "Plans": [
                                          {
                                            "Node Type": "Nested Loop",
                                            "Parent Relationship": "Outer",
                                            "Parallel Aware": false,
                                            "Async Capable": false,
                                            "Join Type": "Inner",
                                            "Startup Cost": 0.73,
                                            "Total Cost": 49841.5,
                                            "Plan Rows": 50,
                                            "Plan Width": 8,
                                            "Actual Startup Time": 27.165,
                                            "Actual Total Time": 764.875,
                                            "Actual Rows": 9968,
                                            "Actual Loops": 3,
                                            "Output": [
                                              "catalog_sales.cs_ship_customer_sk",
                                              "catalog_sales.cs_item_sk"
                                            ],
                                            "Inner Unique": false,
                                            "Shared Hit Blocks": 493,
                                            "Shared Read Blocks": 14372,
                                            "Shared Dirtied Blocks": 0,
                                            "Shared Written Blocks": 0,
                                            "Local Hit Blocks": 0,
                                            "Local Read Blocks": 0,
                                            "Local Dirtied Blocks": 0,
                                            "Local Written Blocks": 0,
                                            "Temp Read Blocks": 0,
                                            "Temp Written Blocks": 0,
                                            "Workers": [
                                              {
                                                "Worker Number": 0,
                                                "Actual Startup Time": 23.111,
                                                "Actual Total Time": 23.112,
                                                "Actual Rows": 0,
                                                "Actual Loops": 1,
                                                "Shared Hit Blocks": 0,
                                                "Shared Read Blocks": 27,
                                                "Shared Dirtied Blocks": 0,
                                                "Shared Written Blocks": 0,
                                                "Local Hit Blocks": 0,
                                                "Local Read Blocks": 0,
                                                "Local Dirtied Blocks": 0,
                                                "Local Written Blocks": 0,
                                                "Temp Read Blocks": 0,
                                                "Temp Written Blocks": 0
                                              },
                                              {
                                                "Worker Number": 1,
                                                "Actual Startup Time": 23.103,
                                                "Actual Total Time": 23.104,
                                                "Actual Rows": 0,
                                                "Actual Loops": 1,
                                                "Shared Hit Blocks": 0,
                                                "Shared Read Blocks": 115,
                                                "Shared Dirtied Blocks": 0,
                                                "Shared Written Blocks": 0,
                                                "Local Hit Blocks": 0,
                                                "Local Read Blocks": 0,
                                                "Local Dirtied Blocks": 0,
                                                "Local Written Blocks": 0,
                                                "Temp Read Blocks": 0,
                                                "Temp Written Blocks": 0
                                              }
                                            ],
                                            "Plans": [
                                              {
                                                "Node Type": "Index Only Scan",
                                                "Parent Relationship": "Outer",
                                                "Parallel Aware": true,
                                                "Async Capable": false,
                                                "Scan Direction": "Forward",
                                                "Index Name": "_dta_index_date_dim_6_661577395__k1_k7_k9",
                                                "Relation Name": "date_dim",
                                                "Schema": "public",
                                                "Alias": "date_dim_2",
                                                "Startup Cost": 0.29,
                                                "Total Cost": 2047.66,
                                                "Plan Rows": 51,
                                                "Plan Width": 4,
                                                "Actual Startup Time": 22.855,
                                                "Actual Total Time": 22.928,
                                                "Actual Rows": 41,
                                                "Actual Loops": 3,
                                                "Output": [
                                                  "date_dim_2.d_date_sk",
                                                  "date_dim_2.d_year",
                                                  "date_dim_2.d_moy"
                                                ],
                                                "Index Cond": "((date_dim_2.d_year = 1998) AND (date_dim_2.d_moy >= 4) AND (date_dim_2.d_moy <= 7))",
                                                "Rows Removed by Index Recheck": 0,
                                                "Heap Fetches": 0,
                                                "Shared Hit Blocks": 2,
                                                "Shared Read Blocks": 280,
                                                "Shared Dirtied Blocks": 0,
                                                "Shared Written Blocks": 0,
                                                "Local Hit Blocks": 0,
                                                "Local Read Blocks": 0,
                                                "Local Dirtied Blocks": 0,
                                                "Local Written Blocks": 0,
                                                "Temp Read Blocks": 0,
                                                "Temp Written Blocks": 0,
                                                "Workers": [
                                                  {
                                                    "Worker Number": 0,
                                                    "Actual Startup Time": 23.11,
                                                    "Actual Total Time": 23.111,
                                                    "Actual Rows": 0,
                                                    "Actual Loops": 1,
                                                    "Shared Hit Blocks": 0,
                                                    "Shared Read Blocks": 27,
                                                    "Shared Dirtied Blocks": 0,
                                                    "Shared Written Blocks": 0,
                                                    "Local Hit Blocks": 0,
                                                    "Local Read Blocks": 0,
                                                    "Local Dirtied Blocks": 0,
                                                    "Local Written Blocks": 0,
                                                    "Temp Read Blocks": 0,
                                                    "Temp Written Blocks": 0
                                                  },
                                                  {
                                                    "Worker Number": 1,
                                                    "Actual Startup Time": 23.102,
                                                    "Actual Total Time": 23.103,
                                                    "Actual Rows": 0,
                                                    "Actual Loops": 1,
                                                    "Shared Hit Blocks": 0,
                                                    "Shared Read Blocks": 115,
                                                    "Shared Dirtied Blocks": 0,
                                                    "Shared Written Blocks": 0,
                                                    "Local Hit Blocks": 0,
                                                    "Local Read Blocks": 0,
                                                    "Local Dirtied Blocks": 0,
                                                    "Local Written Blocks": 0,
                                                    "Temp Read Blocks": 0,
                                                    "Temp Written Blocks": 0
                                                  }
                                                ]
                                              },
                                              {
                                                "Node Type": "Index Scan",
                                                "Parent Relationship": "Inner",
                                                "Parallel Aware": false,
                                                "Async Capable": false,
                                                "Scan Direction": "Forward",
                                                "Index Name": "_dta_index_catalog_sales_6_1301579675__k1_4",
                                                "Relation Name": "catalog_sales",
                                                "Schema": "public",
                                                "Alias": "catalog_sales",
                                                "Startup Cost": 0.43,
                                                "Total Cost": 936.79,
                                                "Plan Rows": 34,
                                                "Plan Width": 12,
                                                "Actual Startup Time": 0.108,
                                                "Actual Total Time": 18.065,
                                                "Actual Rows": 245,
                                                "Actual Loops": 122,
                                                "Output": [
                                                  "catalog_sales.cs_sold_date_sk",
                                                  "catalog_sales.cs_sold_time_sk",
                                                  "catalog_sales.cs_ship_date_sk",
                                                  "catalog_sales.cs_bill_customer_sk",
                                                  "catalog_sales.cs_bill_cdemo_sk",
                                                  "catalog_sales.cs_bill_hdemo_sk",
                                                  "catalog_sales.cs_bill_addr_sk",
                                                  "catalog_sales.cs_ship_customer_sk",
                                                  "catalog_sales.cs_ship_cdemo_sk",
                                                  "catalog_sales.cs_ship_hdemo_sk",
                                                  "catalog_sales.cs_ship_addr_sk",
                                                  "catalog_sales.cs_call_center_sk",
                                                  "catalog_sales.cs_catalog_page_sk",
                                                  "catalog_sales.cs_ship_mode_sk",
                                                  "catalog_sales.cs_warehouse_sk",
                                                  "catalog_sales.cs_item_sk",
                                                  "catalog_sales.cs_promo_sk",
                                                  "catalog_sales.cs_order_number",
                                                  "catalog_sales.cs_quantity",
                                                  "catalog_sales.cs_wholesale_cost",
                                                  "catalog_sales.cs_list_price",
                                                  "catalog_sales.cs_sales_price",
                                                  "catalog_sales.cs_ext_discount_amt",
                                                  "catalog_sales.cs_ext_sales_price",
                                                  "catalog_sales.cs_ext_wholesale_cost",
                                                  "catalog_sales.cs_ext_list_price",
                                                  "catalog_sales.cs_ext_tax",
                                                  "catalog_sales.cs_coupon_amt",
                                                  "catalog_sales.cs_ext_ship_cost",
                                                  "catalog_sales.cs_net_paid",
                                                  "catalog_sales.cs_net_paid_inc_tax",
                                                  "catalog_sales.cs_net_paid_inc_ship",
                                                  "catalog_sales.cs_net_paid_inc_ship_tax",
                                                  "catalog_sales.cs_net_profit"
                                                ],
                                                "Index Cond": "(catalog_sales.cs_sold_date_sk = date_dim_2.d_date_sk)",
                                                "Rows Removed by Index Recheck": 0,
                                                "Filter": "(((catalog_sales.cs_sales_price / catalog_sales.cs_list_price) >= 0.11) AND ((catalog_sales.cs_sales_price / catalog_sales.cs_list_price) <= 0.21))",
                                                "Rows Removed by Filter": 3802,
                                                "Shared Hit Blocks": 491,
                                                "Shared Read Blocks": 14092,
                                                "Shared Dirtied Blocks": 0,
                                                "Shared Written Blocks": 0,
                                                "Local Hit Blocks": 0,
                                                "Local Read Blocks": 0,
                                                "Local Dirtied Blocks": 0,
                                                "Local Written Blocks": 0,
                                                "Temp Read Blocks": 0,
                                                "Temp Written Blocks": 0,
                                                "Workers": []
                                              }
                                            ]
                                          },
                                          {
                                            "Node Type": "Index Scan",
                                            "Parent Relationship": "Inner",
                                            "Parallel Aware": false,
                                            "Async Capable": false,
                                            "Scan Direction": "Forward",
                                            "Index Name": "item_pkey",
                                            "Relation Name": "item",
                                            "Schema": "public",
                                            "Alias": "item_2",
                                            "Startup Cost": 0.29,
                                            "Total Cost": 0.73,
                                            "Plan Rows": 1,
                                            "Plan Width": 4,
                                            "Actual Startup Time": 0.015,
                                            "Actual Total Time": 0.015,
                                            "Actual Rows": 0,
                                            "Actual Loops": 29904,
                                            "Output": [
                                              "item_2.i_item_sk",
                                              "item_2.i_item_id",
                                              "item_2.i_rec_start_date",
                                              "item_2.i_rec_end_date",
                                              "item_2.i_item_desc",
                                              "item_2.i_current_price",
                                              "item_2.i_wholesale_cost",
                                              "item_2.i_brand_id",
                                              "item_2.i_brand",
                                              "item_2.i_class_id",
                                              "item_2.i_class",
                                              "item_2.i_category_id",
                                              "item_2.i_category",
                                              "item_2.i_manufact_id",
                                              "item_2.i_manufact",
                                              "item_2.i_size",
                                              "item_2.i_formulation",
                                              "item_2.i_color",
                                              "item_2.i_units",
                                              "item_2.i_container",
                                              "item_2.i_manager_id",
                                              "item_2.i_product_name"
                                            ],
                                            "Index Cond": "(item_2.i_item_sk = catalog_sales.cs_item_sk)",
                                            "Rows Removed by Index Recheck": 0,
                                            "Filter": "((item_2.i_manager_id >= 51) AND (item_2.i_manager_id <= 60) AND (item_2.i_category = ANY ('{Children,Electronics,Men}'::bpchar[])))",
                                            "Rows Removed by Filter": 1,
                                            "Shared Hit Blocks": 87575,
                                            "Shared Read Blocks": 2137,
                                            "Shared Dirtied Blocks": 0,
                                            "Shared Written Blocks": 0,
                                            "Local Hit Blocks": 0,
                                            "Local Read Blocks": 0,
                                            "Local Dirtied Blocks": 0,
                                            "Local Written Blocks": 0,
                                            "Temp Read Blocks": 0,
                                            "Temp Written Blocks": 0,
                                            "Workers": []
                                          }
                                        ]
                                      }
                                    ]
                                  }
                                ]
                              }
                            ]
                          },
                          {
                            "Node Type": "Index Scan",
                            "Parent Relationship": "Inner",
                            "Parallel Aware": false,
                            "Async Capable": false,
                            "Scan Direction": "Forward",
                            "Index Name": "customer_address_pkey",
                            "Relation Name": "customer_address",
                            "Schema": "public",
                            "Alias": "ca",
                            "Startup Cost": 0.42,
                            "Total Cost": 1.3,
                            "Plan Rows": 1,
                            "Plan Width": 4,
                            "Actual Startup Time": 0.302,
                            "Actual Total Time": 0.302,
                            "Actual Rows": 0,
                            "Actual Loops": 15,
                            "Output": [
                              "ca.ca_address_sk",
                              "ca.ca_address_id",
                              "ca.ca_street_number",
                              "ca.ca_street_name",
                              "ca.ca_street_type",
                              "ca.ca_suite_number",
                              "ca.ca_city",
                              "ca.ca_county",
                              "ca.ca_state",
                              "ca.ca_zip",
                              "ca.ca_country",
                              "ca.ca_gmt_offset",
                              "ca.ca_location_type"
                            ],
                            "Index Cond": "(ca.ca_address_sk = c.c_current_addr_sk)",
                            "Rows Removed by Index Recheck": 0,
                            "Filter": "((ca.ca_county)::text = ANY ('{\"Hickman County\",\"Ohio County\",\"Parke County\",\"Pointe Coupee Parish\",\"Siskiyou County\"}'::text[]))",
                            "Rows Removed by Filter": 1,
                            "Shared Hit Blocks": 31,
                            "Shared Read Blocks": 29,
                            "Shared Dirtied Blocks": 0,
                            "Shared Written Blocks": 0,
                            "Local Hit Blocks": 0,
                            "Local Read Blocks": 0,
                            "Local Dirtied Blocks": 0,
                            "Local Written Blocks": 0,
                            "Temp Read Blocks": 0,
                            "Temp Written Blocks": 0
                          }
                        ]
                      },
                      {
                        "Node Type": "Index Scan",
                        "Parent Relationship": "Inner",
                        "Parallel Aware": false,
                        "Async Capable": false,
                        "Scan Direction": "Forward",
                        "Index Name": "customer_demographics_pkey",
                        "Relation Name": "customer_demographics",
                        "Schema": "public",
                        "Alias": "customer_demographics",
                        "Startup Cost": 0.43,
                        "Total Cost": 2.37,
                        "Plan Rows": 1,
                        "Plan Width": 56,
                        "Actual Startup Time": 0.0,
                        "Actual Total Time": 0.0,
                        "Actual Rows": 0,
                        "Actual Loops": 0,
                        "Output": [
                          "customer_demographics.cd_demo_sk",
                          "customer_demographics.cd_gender",
                          "customer_demographics.cd_marital_status",
                          "customer_demographics.cd_education_status",
                          "customer_demographics.cd_purchase_estimate",
                          "customer_demographics.cd_credit_rating",
                          "customer_demographics.cd_dep_count",
                          "customer_demographics.cd_dep_employed_count",
                          "customer_demographics.cd_dep_college_count"
                        ],
                        "Index Cond": "(customer_demographics.cd_demo_sk = c.c_current_cdemo_sk)",
                        "Rows Removed by Index Recheck": 0,
                        "Filter": "((customer_demographics.cd_gender = 'M'::bpchar) AND (customer_demographics.cd_marital_status = ANY ('{S,U,M}'::bpchar[])) AND (customer_demographics.cd_education_status = ANY ('{Secondary,\"Advanced Degree\",\"4 yr Degree\"}'::bpchar[])))",
                        "Rows Removed by Filter": 0,
                        "Shared Hit Blocks": 0,
                        "Shared Read Blocks": 0,
                        "Shared Dirtied Blocks": 0,
                        "Shared Written Blocks": 0,
                        "Local Hit Blocks": 0,
                        "Local Read Blocks": 0,
                        "Local Dirtied Blocks": 0,
                        "Local Written Blocks": 0,
                        "Temp Read Blocks": 0,
                        "Temp Written Blocks": 0
                      }
                    ]
                  }
                ]
              }
            ]
          }
        ]
      },
      "Planning": {
        "Shared Hit Blocks": 1084,
        "Shared Read Blocks": 169,
        "Shared Dirtied Blocks": 0,
        "Shared Written Blocks": 0,
        "Local Hit Blocks": 0,
        "Local Read Blocks": 0,
        "Local Dirtied Blocks": 0,
        "Local Written Blocks": 0,
        "Temp Read Blocks": 0,
        "Temp Written Blocks": 0
      },
      "Planning Time": 44.896,
      "Triggers": [],
      "JIT": {
        "Functions": 130,
        "Options": {
          "Inlining": true,
          "Optimization": true,
          "Expressions": true,
          "Deforming": true
        },
        "Timing": {
          "Generation": 12.008,
          "Inlining": 42.787,
          "Optimization": 306.841,
          "Emission": 220.701,
          "Total": 582.338
        }
      },
      "Execution Time": 8546.451
    }
  ],
  "original_sql": "select \n  cd_gender,\n  cd_marital_status,\n  cd_education_status,\n  count(*) cnt1,\n  cd_purchase_estimate,\n  count(*) cnt2,\n  cd_credit_rating,\n  count(*) cnt3,\n  cd_dep_count,\n  count(*) cnt4,\n  cd_dep_employed_count,\n  count(*) cnt5,\n  cd_dep_college_count,\n  count(*) cnt6\n from\n  customer c,customer_address ca,customer_demographics\n where\n  c.c_current_addr_sk = ca.ca_address_sk and\n  ca_county in ('Hickman County','Ohio County','Parke County','Pointe Coupee Parish','Siskiyou County') and\n  c.c_birth_month in (3, 8) and\n  cd_demo_sk = c.c_current_cdemo_sk\n  and cd_marital_status in ('S', 'U', 'M')\n  and cd_education_status in ('Secondary', 'Advanced Degree', '4 yr Degree')\n  and cd_gender = 'M' and\n  exists (select *\n          from store_sales,date_dim, item\n          where c.c_customer_sk = ss_customer_sk and\n                ss_sold_date_sk = d_date_sk and\n                d_year = 1998 and\n                d_moy between 4 and 4+3 and\n                ss_item_sk = i_item_sk and\n                i_category in ('Children', 'Electronics', 'Men')\n                and ss_sales_price / ss_list_price BETWEEN 11 * 0.01 AND 21 * 0.01\n                and i_manager_id BETWEEN 51 and 60\n                ) and\n   (exists (select *\n            from web_sales,date_dim, item\n            where c.c_customer_sk = ws_bill_customer_sk and\n                  ws_sold_date_sk = d_date_sk and\n                  d_year = 1998 and\n                  d_moy between 4 ANd 4+3 and\n                  ws_item_sk = i_item_sk and\n                  i_category in ('Children', 'Electronics', 'Men')\n                  and i_manager_id BETWEEN 51 and 60\n                  and ws_sales_price / ws_list_price BETWEEN 11 * 0.01 AND 21 * 0.01\n                  ) or\n    exists (select *\n            from catalog_sales,date_dim, item\n            where c.c_customer_sk = cs_ship_customer_sk and\n                  cs_sold_date_sk = d_date_sk and\n                  d_year = 1998 and\n                  d_moy between 4 and 4+3 and\n                  cs_item_sk = i_item_sk and\n                  i_category in ('Children', 'Electronics', 'Men')\n                  and i_manager_id BETWEEN 51 and 60\n                  and cs_sales_price / cs_list_price BETWEEN 11 * 0.01 AND 21 * 0.01\n                  ))\n group by cd_gender,\n          cd_marital_status,\n          cd_education_status,\n          cd_purchase_estimate,\n          cd_credit_rating,\n          cd_dep_count,\n          cd_dep_employed_count,\n          cd_dep_college_count\n order by cd_gender,\n          cd_marital_status,\n          cd_education_status,\n          cd_purchase_estimate,\n          cd_credit_rating,\n          cd_dep_count,\n          cd_dep_employed_count,\n          cd_dep_college_count\nlimit 100"
}