{
  "query_id": "query085_agg",
  "engine": "postgresql",
  "benchmark": "dsb",
  "scale_factor": 10,
  "execution_time_ms": 9835.324,
  "planning_time_ms": 17.629,
  "plan_json": [
    {
      "Plan": {
        "Node Type": "Limit",
        "Parallel Aware": false,
        "Async Capable": false,
        "Startup Cost": 85115.61,
        "Total Cost": 85115.62,
        "Plan Rows": 1,
        "Plan Width": 229,
        "Actual Startup Time": 9835.143,
        "Actual Total Time": 9835.216,
        "Actual Rows": 24,
        "Actual Loops": 1,
        "Output": [
          "(\"substring\"((reason.r_reason_desc)::text, 1, 20))",
          "(avg(web_sales.ws_quantity))",
          "(avg(web_returns.wr_refunded_cash))",
          "(avg(web_returns.wr_fee))",
          "reason.r_reason_desc"
        ],
        "Shared Hit Blocks": 125755,
        "Shared Read Blocks": 46802,
        "Shared Dirtied Blocks": 0,
        "Shared Written Blocks": 0,
        "Local Hit Blocks": 0,
        "Local Read Blocks": 0,
        "Local Dirtied Blocks": 0,
        "Local Written Blocks": 0,
        "Temp Read Blocks": 0,
        "Temp Written Blocks": 0,
        "Plans": [
          {
            "Node Type": "Sort",
            "Parent Relationship": "Outer",
            "Parallel Aware": false,
            "Async Capable": false,
            "Startup Cost": 85115.61,
            "Total Cost": 85115.62,
            "Plan Rows": 1,
            "Plan Width": 229,
            "Actual Startup Time": 9835.142,
            "Actual Total Time": 9835.212,
            "Actual Rows": 24,
            "Actual Loops": 1,
            "Output": [
              "(\"substring\"((reason.r_reason_desc)::text, 1, 20))",
              "(avg(web_sales.ws_quantity))",
              "(avg(web_returns.wr_refunded_cash))",
              "(avg(web_returns.wr_fee))",
              "reason.r_reason_desc"
            ],
            "Sort Key": [
              "(\"substring\"((reason.r_reason_desc)::text, 1, 20))",
              "(avg(web_sales.ws_quantity))",
              "(avg(web_returns.wr_refunded_cash))",
              "(avg(web_returns.wr_fee))"
            ],
            "Sort Method": "quicksort",
            "Sort Space Used": 31,
            "Sort Space Type": "Memory",
            "Shared Hit Blocks": 125755,
            "Shared Read Blocks": 46802,
            "Shared Dirtied Blocks": 0,
            "Shared Written Blocks": 0,
            "Local Hit Blocks": 0,
            "Local Read Blocks": 0,
            "Local Dirtied Blocks": 0,
            "Local Written Blocks": 0,
            "Temp Read Blocks": 0,
            "Temp Written Blocks": 0,
            "Plans": [
              {
                "Node Type": "Aggregate",
                "Strategy": "Sorted",
                "Partial Mode": "Finalize",
                "Parent Relationship": "Outer",
                "Parallel Aware": false,
                "Async Capable": false,
                "Startup Cost": 85115.29,
                "Total Cost": 85115.6,
                "Plan Rows": 1,
                "Plan Width": 229,
                "Actual Startup Time": 9835.066,
                "Actual Total Time": 9835.199,
                "Actual Rows": 24,
                "Actual Loops": 1,
                "Output": [
                  "\"substring\"((reason.r_reason_desc)::text, 1, 20)",
                  "avg(web_sales.ws_quantity)",
                  "avg(web_returns.wr_refunded_cash)",
                  "avg(web_returns.wr_fee)",
                  "reason.r_reason_desc"
                ],
                "Group Key": [
                  "reason.r_reason_desc"
                ],
                "Shared Hit Blocks": 125755,
                "Shared Read Blocks": 46802,
                "Shared Dirtied Blocks": 0,
                "Shared Written Blocks": 0,
                "Local Hit Blocks": 0,
                "Local Read Blocks": 0,
                "Local Dirtied Blocks": 0,
                "Local Written Blocks": 0,
                "Temp Read Blocks": 0,
                "Temp Written Blocks": 0,
                "Plans": [
                  {
                    "Node Type": "Gather Merge",
                    "Parent Relationship": "Outer",
                    "Parallel Aware": false,
                    "Async Capable": false,
                    "Startup Cost": 85115.29,
                    "Total Cost": 85115.55,
                    "Plan Rows": 2,
                    "Plan Width": 197,
                    "Actual Startup Time": 9835.054,
                    "Actual Total Time": 9835.147,
                    "Actual Rows": 29,
                    "Actual Loops": 1,
                    "Output": [
                      "reason.r_reason_desc",
                      "(PARTIAL avg(web_sales.ws_quantity))",
                      "(PARTIAL avg(web_returns.wr_refunded_cash))",
                      "(PARTIAL avg(web_returns.wr_fee))"
                    ],
                    "Workers Planned": 2,
                    "Workers Launched": 2,
                    "Shared Hit Blocks": 125755,
                    "Shared Read Blocks": 46802,
                    "Shared Dirtied Blocks": 0,
                    "Shared Written Blocks": 0,
                    "Local Hit Blocks": 0,
                    "Local Read Blocks": 0,
                    "Local Dirtied Blocks": 0,
                    "Local Written Blocks": 0,
                    "Temp Read Blocks": 0,
                    "Temp Written Blocks": 0,
                    "Plans": [
                      {
                        "Node Type": "Aggregate",
                        "Strategy": "Sorted",
                        "Partial Mode": "Partial",
                        "Parent Relationship": "Outer",
                        "Parallel Aware": false,
                        "Async Capable": false,
                        "Startup Cost": 84115.27,
                        "Total Cost": 84115.3,
                        "Plan Rows": 1,
                        "Plan Width": 197,
                        "Actual Startup Time": 4925.357,
                        "Actual Total Time": 4925.371,
                        "Actual Rows": 10,
                        "Actual Loops": 3,
                        "Output": [
                          "reason.r_reason_desc",
                          "PARTIAL avg(web_sales.ws_quantity)",
                          "PARTIAL avg(web_returns.wr_refunded_cash)",
                          "PARTIAL avg(web_returns.wr_fee)"
                        ],
                        "Group Key": [
                          "reason.r_reason_desc"
                        ],
                        "Shared Hit Blocks": 125755,
                        "Shared Read Blocks": 46802,
                        "Shared Dirtied Blocks": 0,
                        "Shared Written Blocks": 0,
                        "Local Hit Blocks": 0,
                        "Local Read Blocks": 0,
                        "Local Dirtied Blocks": 0,
                        "Local Written Blocks": 0,
                        "Temp Read Blocks": 0,
                        "Temp Written Blocks": 0,
                        "Workers": [
                          {
                            "Worker Number": 0,
                            "Actual Startup Time": 4892.816,
                            "Actual Total Time": 4892.83,
                            "Actual Rows": 8,
                            "Actual Loops": 1,
                            "Shared Hit Blocks": 37210,
                            "Shared Read Blocks": 14730,
                            "Shared Dirtied Blocks": 0,
                            "Shared Written Blocks": 0,
                            "Local Hit Blocks": 0,
                            "Local Read Blocks": 0,
                            "Local Dirtied Blocks": 0,
                            "Local Written Blocks": 0,
                            "Temp Read Blocks": 0,
                            "Temp Written Blocks": 0
                          },
                          {
                            "Worker Number": 1,
                            "Actual Startup Time": 48.601,
                            "Actual Total Time": 48.605,
                            "Actual Rows": 0,
                            "Actual Loops": 1,
                            "Shared Hit Blocks": 7,
                            "Shared Read Blocks": 141,
                            "Shared Dirtied Blocks": 0,
                            "Shared Written Blocks": 0,
                            "Local Hit Blocks": 0,
                            "Local Read Blocks": 0,
                            "Local Dirtied Blocks": 0,
                            "Local Written Blocks": 0,
                            "Temp Read Blocks": 0,
                            "Temp Written Blocks": 0
                          }
                        ],
                        "Plans": [
                          {
                            "Node Type": "Sort",
                            "Parent Relationship": "Outer",
                            "Parallel Aware": false,
                            "Async Capable": false,
                            "Startup Cost": 84115.27,
                            "Total Cost": 84115.27,
                            "Plan Rows": 1,
                            "Plan Width": 117,
                            "Actual Startup Time": 4925.348,
                            "Actual Total Time": 4925.352,
                            "Actual Rows": 16,
                            "Actual Loops": 3,
                            "Output": [
                              "reason.r_reason_desc",
                              "web_sales.ws_quantity",
                              "web_returns.wr_refunded_cash",
                              "web_returns.wr_fee"
                            ],
                            "Sort Key": [
                              "reason.r_reason_desc"
                            ],
                            "Sort Method": "quicksort",
                            "Sort Space Used": 30,
                            "Sort Space Type": "Memory",
                            "Shared Hit Blocks": 125755,
                            "Shared Read Blocks": 46802,
                            "Shared Dirtied Blocks": 0,
                            "Shared Written Blocks": 0,
                            "Local Hit Blocks": 0,
                            "Local Read Blocks": 0,
                            "Local Dirtied Blocks": 0,
                            "Local Written Blocks": 0,
                            "Temp Read Blocks": 0,
                            "Temp Written Blocks": 0,
                            "Workers": [
                              {
                                "Worker Number": 0,
                                "Actual Startup Time": 4892.802,
                                "Actual Total Time": 4892.807,
                                "Actual Rows": 12,
                                "Actual Loops": 1,
                                "Sort Method": "quicksort",
                                "Sort Space Used": 26,
                                "Sort Space Type": "Memory",
                                "Shared Hit Blocks": 37210,
                                "Shared Read Blocks": 14730,
                                "Shared Dirtied Blocks": 0,
                                "Shared Written Blocks": 0,
                                "Local Hit Blocks": 0,
                                "Local Read Blocks": 0,
                                "Local Dirtied Blocks": 0,
                                "Local Written Blocks": 0,
                                "Temp Read Blocks": 0,
                                "Temp Written Blocks": 0
                              },
                              {
                                "Worker Number": 1,
                                "Actual Startup Time": 48.598,
                                "Actual Total Time": 48.603,
                                "Actual Rows": 0,
                                "Actual Loops": 1,
                                "Sort Method": "quicksort",
                                "Sort Space Used": 25,
                                "Sort Space Type": "Memory",
                                "Shared Hit Blocks": 7,
                                "Shared Read Blocks": 141,
                                "Shared Dirtied Blocks": 0,
                                "Shared Written Blocks": 0,
                                "Local Hit Blocks": 0,
                                "Local Read Blocks": 0,
                                "Local Dirtied Blocks": 0,
                                "Local Written Blocks": 0,
                                "Temp Read Blocks": 0,
                                "Temp Written Blocks": 0
                              }
                            ],
                            "Plans": [
                              {
                                "Node Type": "Nested Loop",
                                "Parent Relationship": "Outer",
                                "Parallel Aware": false,
                                "Async Capable": false,
                                "Join Type": "Inner",
                                "Startup Cost": 2.71,
                                "Total Cost": 84115.26,
                                "Plan Rows": 1,
                                "Plan Width": 117,
                                "Actual Startup Time": 593.144,
                                "Actual Total Time": 4925.221,
                                "Actual Rows": 16,
                                "Actual Loops": 3,
                                "Output": [
                                  "reason.r_reason_desc",
                                  "web_sales.ws_quantity",
                                  "web_returns.wr_refunded_cash",
                                  "web_returns.wr_fee"
                                ],
                                "Inner Unique": true,
                                "Shared Hit Blocks": 125741,
                                "Shared Read Blocks": 46802,
                                "Shared Dirtied Blocks": 0,
                                "Shared Written Blocks": 0,
                                "Local Hit Blocks": 0,
                                "Local Read Blocks": 0,
                                "Local Dirtied Blocks": 0,
                                "Local Written Blocks": 0,
                                "Temp Read Blocks": 0,
                                "Temp Written Blocks": 0,
                                "Workers": [
                                  {
                                    "Worker Number": 0,
                                    "Actual Startup Time": 835.069,
                                    "Actual Total Time": 4892.711,
                                    "Actual Rows": 12,
                                    "Actual Loops": 1,
                                    "Shared Hit Blocks": 37203,
                                    "Shared Read Blocks": 14730,
                                    "Shared Dirtied Blocks": 0,
                                    "Shared Written Blocks": 0,
                                    "Local Hit Blocks": 0,
                                    "Local Read Blocks": 0,
                                    "Local Dirtied Blocks": 0,
                                    "Local Written Blocks": 0,
                                    "Temp Read Blocks": 0,
                                    "Temp Written Blocks": 0
                                  },
                                  {
                                    "Worker Number": 1,
                                    "Actual Startup Time": 48.414,
                                    "Actual Total Time": 48.418,
                                    "Actual Rows": 0,
                                    "Actual Loops": 1,
                                    "Shared Hit Blocks": 0,
                                    "Shared Read Blocks": 141,
                                    "Shared Dirtied Blocks": 0,
                                    "Shared Written Blocks": 0,
                                    "Local Hit Blocks": 0,
                                    "Local Read Blocks": 0,
                                    "Local Dirtied Blocks": 0,
                                    "Local Written Blocks": 0,
                                    "Temp Read Blocks": 0,
                                    "Temp Written Blocks": 0
                                  }
                                ],
                                "Plans": [
                                  {
                                    "Node Type": "Nested Loop",
                                    "Parent Relationship": "Outer",
                                    "Parallel Aware": false,
                                    "Async Capable": false,
                                    "Join Type": "Inner",
                                    "Startup Cost": 2.57,
                                    "Total Cost": 84115.1,
                                    "Plan Rows": 1,
                                    "Plan Width": 20,
                                    "Actual Startup Time": 593.133,
                                    "Actual Total Time": 4925.134,
                                    "Actual Rows": 16,
                                    "Actual Loops": 3,
                                    "Output": [
                                      "web_sales.ws_quantity",
                                      "web_returns.wr_refunded_cash",
                                      "web_returns.wr_fee",
                                      "web_returns.wr_reason_sk"
                                    ],
                                    "Inner Unique": true,
                                    "Join Filter": "((cd1.cd_marital_status = cd2.cd_marital_status) AND (cd1.cd_education_status = cd2.cd_education_status))",
                                    "Rows Removed by Join Filter": 0,
                                    "Shared Hit Blocks": 125642,
                                    "Shared Read Blocks": 46802,
                                    "Shared Dirtied Blocks": 0,
                                    "Shared Written Blocks": 0,
                                    "Local Hit Blocks": 0,
                                    "Local Read Blocks": 0,
                                    "Local Dirtied Blocks": 0,
                                    "Local Written Blocks": 0,
                                    "Temp Read Blocks": 0,
                                    "Temp Written Blocks": 0,
                                    "Workers": [
                                      {
                                        "Worker Number": 0,
                                        "Actual Startup Time": 835.043,
                                        "Actual Total Time": 4892.633,
                                        "Actual Rows": 12,
                                        "Actual Loops": 1,
                                        "Shared Hit Blocks": 37178,
                                        "Shared Read Blocks": 14730,
                                        "Shared Dirtied Blocks": 0,
                                        "Shared Written Blocks": 0,
                                        "Local Hit Blocks": 0,
                                        "Local Read Blocks": 0,
                                        "Local Dirtied Blocks": 0,
                                        "Local Written Blocks": 0,
                                        "Temp Read Blocks": 0,
                                        "Temp Written Blocks": 0
                                      },
                                      {
                                        "Worker Number": 1,
                                        "Actual Startup Time": 48.413,
                                        "Actual Total Time": 48.417,
                                        "Actual Rows": 0,
                                        "Actual Loops": 1,
                                        "Shared Hit Blocks": 0,
                                        "Shared Read Blocks": 141,
                                        "Shared Dirtied Blocks": 0,
                                        "Shared Written Blocks": 0,
                                        "Local Hit Blocks": 0,
                                        "Local Read Blocks": 0,
                                        "Local Dirtied Blocks": 0,
                                        "Local Written Blocks": 0,
                                        "Temp Read Blocks": 0,
                                        "Temp Written Blocks": 0
                                      }
                                    ],
                                    "Plans": [
                                      {
                                        "Node Type": "Nested Loop",
                                        "Parent Relationship": "Outer",
                                        "Parallel Aware": false,
                                        "Async Capable": false,
                                        "Join Type": "Inner",
                                        "Startup Cost": 2.14,
                                        "Total Cost": 84114.56,
                                        "Plan Rows": 1,
                                        "Plan Width": 47,
                                        "Actual Startup Time": 593.123,
                                        "Actual Total Time": 4925.019,
                                        "Actual Rows": 17,
                                        "Actual Loops": 3,
                                        "Output": [
                                          "web_sales.ws_quantity",
                                          "web_returns.wr_refunded_cash",
                                          "web_returns.wr_fee",
                                          "web_returns.wr_returning_cdemo_sk",
                                          "web_returns.wr_reason_sk",
                                          "cd1.cd_marital_status",
                                          "cd1.cd_education_status"
                                        ],
                                        "Inner Unique": true,
                                        "Shared Hit Blocks": 125446,
                                        "Shared Read Blocks": 46802,
                                        "Shared Dirtied Blocks": 0,
                                        "Shared Written Blocks": 0,
                                        "Local Hit Blocks": 0,
                                        "Local Read Blocks": 0,
                                        "Local Dirtied Blocks": 0,
                                        "Local Written Blocks": 0,
                                        "Temp Read Blocks": 0,
                                        "Temp Written Blocks": 0,
                                        "Workers": [
                                          {
                                            "Worker Number": 0,
                                            "Actual Startup Time": 835.021,
                                            "Actual Total Time": 4892.541,
                                            "Actual Rows": 13,
                                            "Actual Loops": 1,
                                            "Shared Hit Blocks": 37130,
                                            "Shared Read Blocks": 14730,
                                            "Shared Dirtied Blocks": 0,
                                            "Shared Written Blocks": 0,
                                            "Local Hit Blocks": 0,
                                            "Local Read Blocks": 0,
                                            "Local Dirtied Blocks": 0,
                                            "Local Written Blocks": 0,
                                            "Temp Read Blocks": 0,
                                            "Temp Written Blocks": 0
                                          },
                                          {
                                            "Worker Number": 1,
                                            "Actual Startup Time": 48.413,
                                            "Actual Total Time": 48.416,
                                            "Actual Rows": 0,
                                            "Actual Loops": 1,
                                            "Shared Hit Blocks": 0,
                                            "Shared Read Blocks": 141,
                                            "Shared Dirtied Blocks": 0,
                                            "Shared Written Blocks": 0,
                                            "Local Hit Blocks": 0,
                                            "Local Read Blocks": 0,
                                            "Local Dirtied Blocks": 0,
                                            "Local Written Blocks": 0,
                                            "Temp Read Blocks": 0,
                                            "Temp Written Blocks": 0
                                          }
                                        ],
                                        "Plans": [
                                          {
                                            "Node Type": "Nested Loop",
                                            "Parent Relationship": "Outer",
                                            "Parallel Aware": false,
                                            "Async Capable": false,
                                            "Join Type": "Inner",
                                            "Startup Cost": 2.0,
                                            "Total Cost": 84114.4,
                                            "Plan Rows": 1,
                                            "Plan Width": 51,
                                            "Actual Startup Time": 592.816,
                                            "Actual Total Time": 4924.208,
                                            "Actual Rows": 17,
                                            "Actual Loops": 3,
                                            "Output": [
                                              "web_sales.ws_quantity",
                                              "web_sales.ws_web_page_sk",
                                              "web_returns.wr_refunded_cash",
                                              "web_returns.wr_fee",
                                              "web_returns.wr_returning_cdemo_sk",
                                              "web_returns.wr_reason_sk",
                                              "cd1.cd_marital_status",
                                              "cd1.cd_education_status"
                                            ],
                                            "Inner Unique": true,
                                            "Join Filter": "(((cd1.cd_marital_status = 'D'::bpchar) AND (cd1.cd_education_status = 'Secondary'::bpchar) AND (web_sales.ws_sales_price >= 100.00) AND (web_sales.ws_sales_price <= 150.00)) OR ((cd1.cd_marital_status = 'M'::bpchar) AND (cd1.cd_education_status = '4 yr Degree'::bpchar) AND (web_sales.ws_sales_price >= 50.00) AND (web_sales.ws_sales_price <= 100.00)) OR ((cd1.cd_marital_status = 'U'::bpchar) AND (cd1.cd_education_status = 'Unknown'::bpchar) AND (web_sales.ws_sales_price >= 150.00) AND (web_sales.ws_sales_price <= 200.00)))",
                                            "Rows Removed by Join Filter": 27,
                                            "Shared Hit Blocks": 125348,
                                            "Shared Read Blocks": 46797,
                                            "Shared Dirtied Blocks": 0,
                                            "Shared Written Blocks": 0,
                                            "Local Hit Blocks": 0,
                                            "Local Read Blocks": 0,
                                            "Local Dirtied Blocks": 0,
                                            "Local Written Blocks": 0,
                                            "Temp Read Blocks": 0,
                                            "Temp Written Blocks": 0,
                                            "Workers": [
                                              {
                                                "Worker Number": 0,
                                                "Actual Startup Time": 834.112,
                                                "Actual Total Time": 4891.526,
                                                "Actual Rows": 13,
                                                "Actual Loops": 1,
                                                "Shared Hit Blocks": 37104,
                                                "Shared Read Blocks": 14729,
                                                "Shared Dirtied Blocks": 0,
                                                "Shared Written Blocks": 0,
                                                "Local Hit Blocks": 0,
                                                "Local Read Blocks": 0,
                                                "Local Dirtied Blocks": 0,
                                                "Local Written Blocks": 0,
                                                "Temp Read Blocks": 0,
                                                "Temp Written Blocks": 0
                                              },
                                              {
                                                "Worker Number": 1,
                                                "Actual Startup Time": 48.412,
                                                "Actual Total Time": 48.415,
                                                "Actual Rows": 0,
                                                "Actual Loops": 1,
                                                "Shared Hit Blocks": 0,
                                                "Shared Read Blocks": 141,
                                                "Shared Dirtied Blocks": 0,
                                                "Shared Written Blocks": 0,
                                                "Local Hit Blocks": 0,
                                                "Local Read Blocks": 0,
                                                "Local Dirtied Blocks": 0,
                                                "Local Written Blocks": 0,
                                                "Temp Read Blocks": 0,
                                                "Temp Written Blocks": 0
                                              }
                                            ],
                                            "Plans": [
                                              {
                                                "Node Type": "Nested Loop",
                                                "Parent Relationship": "Outer",
                                                "Parallel Aware": false,
                                                "Async Capable": false,
                                                "Join Type": "Inner",
                                                "Startup Cost": 1.57,
                                                "Total Cost": 84112.1,
                                                "Plan Rows": 4,
                                                "Plan Width": 38,
                                                "Actual Startup Time": 51.641,
                                                "Actual Total Time": 4771.471,
                                                "Actual Rows": 450,
                                                "Actual Loops": 3,
                                                "Output": [
                                                  "web_sales.ws_quantity",
                                                  "web_sales.ws_web_page_sk",
                                                  "web_sales.ws_sales_price",
                                                  "web_returns.wr_refunded_cash",
                                                  "web_returns.wr_fee",
                                                  "web_returns.wr_refunded_cdemo_sk",
                                                  "web_returns.wr_returning_cdemo_sk",
                                                  "web_returns.wr_reason_sk"
                                                ],
                                                "Inner Unique": true,
                                                "Join Filter": "(((customer_address.ca_state = ANY ('{IA,PA,TX}'::bpchar[])) AND (web_sales.ws_net_profit >= '100'::numeric) AND (web_sales.ws_net_profit <= '200'::numeric)) OR ((customer_address.ca_state = ANY ('{GA,MO,SD}'::bpchar[])) AND (web_sales.ws_net_profit >= '150'::numeric) AND (web_sales.ws_net_profit <= '300'::numeric)) OR ((customer_address.ca_state = ANY ('{LA,TX,VA}'::bpchar[])) AND (web_sales.ws_net_profit >= '50'::numeric) AND (web_sales.ws_net_profit <= '250'::numeric)))",
                                                "Rows Removed by Join Filter": 219,
                                                "Shared Hit Blocks": 122398,
                                                "Shared Read Blocks": 44450,
                                                "Shared Dirtied Blocks": 0,
                                                "Shared Written Blocks": 0,
                                                "Local Hit Blocks": 0,
                                                "Local Read Blocks": 0,
                                                "Local Dirtied Blocks": 0,
                                                "Local Written Blocks": 0,
                                                "Temp Read Blocks": 0,
                                                "Temp Written Blocks": 0,
                                                "Workers": [
                                                  {
                                                    "Worker Number": 0,
                                                    "Actual Startup Time": 28.082,
                                                    "Actual Total Time": 4746.383,
                                                    "Actual Rows": 412,
                                                    "Actual Loops": 1,
                                                    "Shared Hit Blocks": 36212,
                                                    "Shared Read Blocks": 14012,
                                                    "Shared Dirtied Blocks": 0,
                                                    "Shared Written Blocks": 0,
                                                    "Local Hit Blocks": 0,
                                                    "Local Read Blocks": 0,
                                                    "Local Dirtied Blocks": 0,
                                                    "Local Written Blocks": 0,
                                                    "Temp Read Blocks": 0,
                                                    "Temp Written Blocks": 0
                                                  },
                                                  {
                                                    "Worker Number": 1,
                                                    "Actual Startup Time": 48.411,
                                                    "Actual Total Time": 48.413,
                                                    "Actual Rows": 0,
                                                    "Actual Loops": 1,
                                                    "Shared Hit Blocks": 0,
                                                    "Shared Read Blocks": 141,
                                                    "Shared Dirtied Blocks": 0,
                                                    "Shared Written Blocks": 0,
                                                    "Local Hit Blocks": 0,
                                                    "Local Read Blocks": 0,
                                                    "Local Dirtied Blocks": 0,
                                                    "Local Written Blocks": 0,
                                                    "Temp Read Blocks": 0,
                                                    "Temp Written Blocks": 0
                                                  }
                                                ],
                                                "Plans": [
                                                  {
                                                    "Node Type": "Nested Loop",
                                                    "Parent Relationship": "Outer",
                                                    "Parallel Aware": false,
                                                    "Async Capable": false,
                                                    "Join Type": "Inner",
                                                    "Startup Cost": 1.15,
                                                    "Total Cost": 84096.96,
                                                    "Plan Rows": 30,
                                                    "Plan Width": 48,
                                                    "Actual Startup Time": 35.615,
                                                    "Actual Total Time": 4432.113,
                                                    "Actual Rows": 2273,
                                                    "Actual Loops": 3,
                                                    "Output": [
                                                      "web_sales.ws_quantity",
                                                      "web_sales.ws_web_page_sk",
                                                      "web_sales.ws_sales_price",
                                                      "web_sales.ws_net_profit",
                                                      "web_returns.wr_refunded_cash",
                                                      "web_returns.wr_fee",
                                                      "web_returns.wr_refunded_cdemo_sk",
                                                      "web_returns.wr_returning_cdemo_sk",
                                                      "web_returns.wr_refunded_addr_sk",
                                                      "web_returns.wr_reason_sk"
                                                    ],
                                                    "Inner Unique": true,
                                                    "Shared Hit Blocks": 101728,
                                                    "Shared Read Blocks": 39119,
                                                    "Shared Dirtied Blocks": 0,
                                                    "Shared Written Blocks": 0,
                                                    "Local Hit Blocks": 0,
                                                    "Local Read Blocks": 0,
                                                    "Local Dirtied Blocks": 0,
                                                    "Local Written Blocks": 0,
                                                    "Temp Read Blocks": 0,
                                                    "Temp Written Blocks": 0,
                                                    "Workers": [
                                                      {
                                                        "Worker Number": 0,
                                                        "Actual Startup Time": 26.448,
                                                        "Actual Total Time": 4374.878,
                                                        "Actual Rows": 2018,
                                                        "Actual Loops": 1,
                                                        "Shared Hit Blocks": 30299,
                                                        "Shared Read Blocks": 12176,
                                                        "Shared Dirtied Blocks": 0,
                                                        "Shared Written Blocks": 0,
                                                        "Local Hit Blocks": 0,
                                                        "Local Read Blocks": 0,
                                                        "Local Dirtied Blocks": 0,
                                                        "Local Written Blocks": 0,
                                                        "Temp Read Blocks": 0,
                                                        "Temp Written Blocks": 0
                                                      },
                                                      {
                                                        "Worker Number": 1,
                                                        "Actual Startup Time": 48.41,
                                                        "Actual Total Time": 48.412,
                                                        "Actual Rows": 0,
                                                        "Actual Loops": 1,
                                                        "Shared Hit Blocks": 0,
                                                        "Shared Read Blocks": 141,
                                                        "Shared Dirtied Blocks": 0,
                                                        "Shared Written Blocks": 0,
                                                        "Local Hit Blocks": 0,
                                                        "Local Read Blocks": 0,
                                                        "Local Dirtied Blocks": 0,
                                                        "Local Written Blocks": 0,
                                                        "Temp Read Blocks": 0,
                                                        "Temp Written Blocks": 0
                                                      }
                                                    ],
                                                    "Plans": [
                                                      {
                                                        "Node Type": "Nested Loop",
                                                        "Parent Relationship": "Outer",
                                                        "Parallel Aware": false,
                                                        "Async Capable": false,
                                                        "Join Type": "Inner",
                                                        "Startup Cost": 0.72,
                                                        "Total Cost": 83515.74,
                                                        "Plan Rows": 715,
                                                        "Plan Width": 28,
                                                        "Actual Startup Time": 26.331,
                                                        "Actual Total Time": 3665.232,
                                                        "Actual Rows": 11195,
                                                        "Actual Loops": 3,
                                                        "Output": [
                                                          "web_sales.ws_quantity",
                                                          "web_sales.ws_web_page_sk",
                                                          "web_sales.ws_item_sk",
                                                          "web_sales.ws_order_number",
                                                          "web_sales.ws_sales_price",
                                                          "web_sales.ws_net_profit"
                                                        ],
                                                        "Inner Unique": false,
                                                        "Shared Hit Blocks": 1448,
                                                        "Shared Read Blocks": 31822,
                                                        "Shared Dirtied Blocks": 0,
                                                        "Shared Written Blocks": 0,
                                                        "Local Hit Blocks": 0,
                                                        "Local Read Blocks": 0,
                                                        "Local Dirtied Blocks": 0,
                                                        "Local Written Blocks": 0,
                                                        "Temp Read Blocks": 0,
                                                        "Temp Written Blocks": 0,
                                                        "Workers": [
                                                          {
                                                            "Worker Number": 0,
                                                            "Actual Startup Time": 3.343,
                                                            "Actual Total Time": 3403.862,
                                                            "Actual Rows": 10118,
                                                            "Actual Loops": 1,
                                                            "Shared Hit Blocks": 558,
                                                            "Shared Read Blocks": 9544,
                                                            "Shared Dirtied Blocks": 0,
                                                            "Shared Written Blocks": 0,
                                                            "Local Hit Blocks": 0,
                                                            "Local Read Blocks": 0,
                                                            "Local Dirtied Blocks": 0,
                                                            "Local Written Blocks": 0,
                                                            "Temp Read Blocks": 0,
                                                            "Temp Written Blocks": 0
                                                          },
                                                          {
                                                            "Worker Number": 1,
                                                            "Actual Startup Time": 48.409,
                                                            "Actual Total Time": 48.411,
                                                            "Actual Rows": 0,
                                                            "Actual Loops": 1,
                                                            "Shared Hit Blocks": 0,
                                                            "Shared Read Blocks": 141,
                                                            "Shared Dirtied Blocks": 0,
                                                            "Shared Written Blocks": 0,
                                                            "Local Hit Blocks": 0,
                                                            "Local Read Blocks": 0,
                                                            "Local Dirtied Blocks": 0,
                                                            "Local Written Blocks": 0,
                                                            "Temp Read Blocks": 0,
                                                            "Temp Written Blocks": 0
                                                          }
                                                        ],
                                                        "Plans": [
                                                          {
                                                            "Node Type": "Index Only Scan",
                                                            "Parent Relationship": "Outer",
                                                            "Parallel Aware": true,
                                                            "Async Capable": false,
                                                            "Scan Direction": "Forward",
                                                            "Index Name": "_dta_index_date_dim_6_661577395__k1_k7_k9",
                                                            "Relation Name": "date_dim",
                                                            "Schema": "public",
                                                            "Alias": "date_dim",
                                                            "Startup Cost": 0.29,
                                                            "Total Cost": 1688.68,
                                                            "Plan Rows": 152,
                                                            "Plan Width": 4,
                                                            "Actual Startup Time": 25.171,
                                                            "Actual Total Time": 25.399,
                                                            "Actual Rows": 122,
                                                            "Actual Loops": 3,
                                                            "Output": [
                                                              "date_dim.d_date_sk",
                                                              "date_dim.d_year",
                                                              "date_dim.d_moy"
                                                            ],
                                                            "Index Cond": "(date_dim.d_year = 1998)",
                                                            "Rows Removed by Index Recheck": 0,
                                                            "Heap Fetches": 0,
                                                            "Shared Hit Blocks": 2,
                                                            "Shared Read Blocks": 281,
                                                            "Shared Dirtied Blocks": 0,
                                                            "Shared Written Blocks": 0,
                                                            "Local Hit Blocks": 0,
                                                            "Local Read Blocks": 0,
                                                            "Local Dirtied Blocks": 0,
                                                            "Local Written Blocks": 0,
                                                            "Temp Read Blocks": 0,
                                                            "Temp Written Blocks": 0,
                                                            "Workers": [
                                                              {
                                                                "Worker Number": 0,
                                                                "Actual Startup Time": 1.051,
                                                                "Actual Total Time": 1.296,
                                                                "Actual Rows": 140,
                                                                "Actual Loops": 1,
                                                                "Shared Hit Blocks": 1,
                                                                "Shared Read Blocks": 1,
                                                                "Shared Dirtied Blocks": 0,
                                                                "Shared Written Blocks": 0,
                                                                "Local Hit Blocks": 0,
                                                                "Local Read Blocks": 0,
                                                                "Local Dirtied Blocks": 0,
                                                                "Local Written Blocks": 0,
                                                                "Temp Read Blocks": 0,
                                                                "Temp Written Blocks": 0
                                                              },
                                                              {
                                                                "Worker Number": 1,
                                                                "Actual Startup Time": 48.408,
                                                                "Actual Total Time": 48.409,
                                                                "Actual Rows": 0,
                                                                "Actual Loops": 1,
                                                                "Shared Hit Blocks": 0,
                                                                "Shared Read Blocks": 141,
                                                                "Shared Dirtied Blocks": 0,
                                                                "Shared Written Blocks": 0,
                                                                "Local Hit Blocks": 0,
                                                                "Local Read Blocks": 0,
                                                                "Local Dirtied Blocks": 0,
                                                                "Local Written Blocks": 0,
                                                                "Temp Read Blocks": 0,
                                                                "Temp Written Blocks": 0
                                                              }
                                                            ]
                                                          },
                                                          {
                                                            "Node Type": "Index Scan",
                                                            "Parent Relationship": "Inner",
                                                            "Parallel Aware": false,
                                                            "Async Capable": false,
                                                            "Scan Direction": "Forward",
                                                            "Index Name": "_dta_index_web_sales_6_1269579561__k1_8_24",
                                                            "Relation Name": "web_sales",
                                                            "Schema": "public",
                                                            "Alias": "web_sales",
                                                            "Startup Cost": 0.43,
                                                            "Total Cost": 536.72,
                                                            "Plan Rows": 162,
                                                            "Plan Width": 32,
                                                            "Actual Startup Time": 0.36,
                                                            "Actual Total Time": 29.871,
                                                            "Actual Rows": 92,
                                                            "Actual Loops": 365,
                                                            "Output": [
                                                              "web_sales.ws_sold_date_sk",
                                                              "web_sales.ws_sold_time_sk",
                                                              "web_sales.ws_ship_date_sk",
                                                              "web_sales.ws_item_sk",
                                                              "web_sales.ws_bill_customer_sk",
                                                              "web_sales.ws_bill_cdemo_sk",
                                                              "web_sales.ws_bill_hdemo_sk",
                                                              "web_sales.ws_bill_addr_sk",
                                                              "web_sales.ws_ship_customer_sk",
                                                              "web_sales.ws_ship_cdemo_sk",
                                                              "web_sales.ws_ship_hdemo_sk",
                                                              "web_sales.ws_ship_addr_sk",
                                                              "web_sales.ws_web_page_sk",
                                                              "web_sales.ws_web_site_sk",
                                                              "web_sales.ws_ship_mode_sk",
                                                              "web_sales.ws_warehouse_sk",
                                                              "web_sales.ws_promo_sk",
                                                              "web_sales.ws_order_number",
                                                              "web_sales.ws_quantity",
                                                              "web_sales.ws_wholesale_cost",
                                                              "web_sales.ws_list_price",
                                                              "web_sales.ws_sales_price",
                                                              "web_sales.ws_ext_discount_amt",
                                                              "web_sales.ws_ext_sales_price",
                                                              "web_sales.ws_ext_wholesale_cost",
                                                              "web_sales.ws_ext_list_price",
                                                              "web_sales.ws_ext_tax",
                                                              "web_sales.ws_coupon_amt",
                                                              "web_sales.ws_ext_ship_cost",
                                                              "web_sales.ws_net_paid",
                                                              "web_sales.ws_net_paid_inc_tax",
                                                              "web_sales.ws_net_paid_inc_ship",
                                                              "web_sales.ws_net_paid_inc_ship_tax",
                                                              "web_sales.ws_net_profit"
                                                            ],
                                                            "Index Cond": "(web_sales.ws_sold_date_sk = date_dim.d_date_sk)",
                                                            "Rows Removed by Index Recheck": 0,
                                                            "Filter": "((((web_sales.ws_sales_price >= 100.00) AND (web_sales.ws_sales_price <= 150.00)) OR ((web_sales.ws_sales_price >= 50.00) AND (web_sales.ws_sales_price <= 100.00)) OR ((web_sales.ws_sales_price >= 150.00) AND (web_sales.ws_sales_price <= 200.00))) AND (((web_sales.ws_net_profit >= '100'::numeric) AND (web_sales.ws_net_profit <= '200'::numeric)) OR ((web_sales.ws_net_profit >= '150'::numeric) AND (web_sales.ws_net_profit <= '300'::numeric)) OR ((web_sales.ws_net_profit >= '50'::numeric) AND (web_sales.ws_net_profit <= '250'::numeric))))",
                                                            "Rows Removed by Filter": 2814,
                                                            "Shared Hit Blocks": 1446,
                                                            "Shared Read Blocks": 31541,
                                                            "Shared Dirtied Blocks": 0,
                                                            "Shared Written Blocks": 0,
                                                            "Local Hit Blocks": 0,
                                                            "Local Read Blocks": 0,
                                                            "Local Dirtied Blocks": 0,
                                                            "Local Written Blocks": 0,
                                                            "Temp Read Blocks": 0,
                                                            "Temp Written Blocks": 0,
                                                            "Workers": [
                                                              {
                                                                "Worker Number": 0,
                                                                "Actual Startup Time": 0.421,
                                                                "Actual Total Time": 24.268,
                                                                "Actual Rows": 72,
                                                                "Actual Loops": 140,
                                                                "Shared Hit Blocks": 557,
                                                                "Shared Read Blocks": 9543,
                                                                "Shared Dirtied Blocks": 0,
                                                                "Shared Written Blocks": 0,
                                                                "Local Hit Blocks": 0,
                                                                "Local Read Blocks": 0,
                                                                "Local Dirtied Blocks": 0,
                                                                "Local Written Blocks": 0,
                                                                "Temp Read Blocks": 0,
                                                                "Temp Written Blocks": 0
                                                              }
                                                            ]
                                                          }
                                                        ]
                                                      },
                                                      {
                                                        "Node Type": "Index Scan",
                                                        "Parent Relationship": "Inner",
                                                        "Parallel Aware": false,
                                                        "Async Capable": false,
                                                        "Scan Direction": "Forward",
                                                        "Index Name": "web_returns_pkey",
                                                        "Relation Name": "web_returns",
                                                        "Schema": "public",
                                                        "Alias": "web_returns",
                                                        "Startup Cost": 0.43,
                                                        "Total Cost": 0.81,
                                                        "Plan Rows": 1,
                                                        "Plan Width": 36,
                                                        "Actual Startup Time": 0.067,
                                                        "Actual Total Time": 0.067,
                                                        "Actual Rows": 0,
                                                        "Actual Loops": 33586,
                                                        "Output": [
                                                          "web_returns.wr_returned_date_sk",
                                                          "web_returns.wr_returned_time_sk",
                                                          "web_returns.wr_item_sk",
                                                          "web_returns.wr_refunded_customer_sk",
                                                          "web_returns.wr_refunded_cdemo_sk",
                                                          "web_returns.wr_refunded_hdemo_sk",
                                                          "web_returns.wr_refunded_addr_sk",
                                                          "web_returns.wr_returning_customer_sk",
                                                          "web_returns.wr_returning_cdemo_sk",
                                                          "web_returns.wr_returning_hdemo_sk",
                                                          "web_returns.wr_returning_addr_sk",
                                                          "web_returns.wr_web_page_sk",
                                                          "web_returns.wr_reason_sk",
                                                          "web_returns.wr_order_number",
                                                          "web_returns.wr_return_quantity",
                                                          "web_returns.wr_return_amt",
                                                          "web_returns.wr_return_tax",
                                                          "web_returns.wr_return_amt_inc_tax",
                                                          "web_returns.wr_fee",
                                                          "web_returns.wr_return_ship_cost",
                                                          "web_returns.wr_refunded_cash",
                                                          "web_returns.wr_reversed_charge",
                                                          "web_returns.wr_account_credit",
                                                          "web_returns.wr_net_loss"
                                                        ],
                                                        "Index Cond": "((web_returns.wr_item_sk = web_sales.ws_item_sk) AND (web_returns.wr_order_number = web_sales.ws_order_number))",
                                                        "Rows Removed by Index Recheck": 0,
                                                        "Shared Hit Blocks": 100280,
                                                        "Shared Read Blocks": 7297,
                                                        "Shared Dirtied Blocks": 0,
                                                        "Shared Written Blocks": 0,
                                                        "Local Hit Blocks": 0,
                                                        "Local Read Blocks": 0,
                                                        "Local Dirtied Blocks": 0,
                                                        "Local Written Blocks": 0,
                                                        "Temp Read Blocks": 0,
                                                        "Temp Written Blocks": 0,
                                                        "Workers": [
                                                          {
                                                            "Worker Number": 0,
                                                            "Actual Startup Time": 0.095,
                                                            "Actual Total Time": 0.095,
                                                            "Actual Rows": 0,
                                                            "Actual Loops": 10118,
                                                            "Shared Hit Blocks": 29741,
                                                            "Shared Read Blocks": 2632,
                                                            "Shared Dirtied Blocks": 0,
                                                            "Shared Written Blocks": 0,
                                                            "Local Hit Blocks": 0,
                                                            "Local Read Blocks": 0,
                                                            "Local Dirtied Blocks": 0,
                                                            "Local Written Blocks": 0,
                                                            "Temp Read Blocks": 0,
                                                            "Temp Written Blocks": 0
                                                          }
                                                        ]
                                                      }
                                                    ]
                                                  },
                                                  {
                                                    "Node Type": "Index Scan",
                                                    "Parent Relationship": "Inner",
                                                    "Parallel Aware": false,
                                                    "Async Capable": false,
                                                    "Scan Direction": "Forward",
                                                    "Index Name": "customer_address_pkey",
                                                    "Relation Name": "customer_address",
                                                    "Schema": "public",
                                                    "Alias": "customer_address",
                                                    "Startup Cost": 0.42,
                                                    "Total Cost": 0.47,
                                                    "Plan Rows": 1,
                                                    "Plan Width": 7,
                                                    "Actual Startup Time": 0.147,
                                                    "Actual Total Time": 0.147,
                                                    "Actual Rows": 0,
                                                    "Actual Loops": 6818,
                                                    "Output": [
                                                      "customer_address.ca_address_sk",
                                                      "customer_address.ca_address_id",
                                                      "customer_address.ca_street_number",
                                                      "customer_address.ca_street_name",
                                                      "customer_address.ca_street_type",
                                                      "customer_address.ca_suite_number",
                                                      "customer_address.ca_city",
                                                      "customer_address.ca_county",
                                                      "customer_address.ca_state",
                                                      "customer_address.ca_zip",
                                                      "customer_address.ca_country",
                                                      "customer_address.ca_gmt_offset",
                                                      "customer_address.ca_location_type"
                                                    ],
                                                    "Index Cond": "(customer_address.ca_address_sk = web_returns.wr_refunded_addr_sk)",
                                                    "Rows Removed by Index Recheck": 0,
                                                    "Filter": "(((customer_address.ca_country)::text = 'United States'::text) AND ((customer_address.ca_state = ANY ('{IA,PA,TX}'::bpchar[])) OR (customer_address.ca_state = ANY ('{GA,MO,SD}'::bpchar[])) OR (customer_address.ca_state = ANY ('{LA,TX,VA}'::bpchar[]))))",
                                                    "Rows Removed by Filter": 1,
                                                    "Shared Hit Blocks": 20670,
                                                    "Shared Read Blocks": 5331,
                                                    "Shared Dirtied Blocks": 0,
                                                    "Shared Written Blocks": 0,
                                                    "Local Hit Blocks": 0,
                                                    "Local Read Blocks": 0,
                                                    "Local Dirtied Blocks": 0,
                                                    "Local Written Blocks": 0,
                                                    "Temp Read Blocks": 0,
                                                    "Temp Written Blocks": 0,
                                                    "Workers": [
                                                      {
                                                        "Worker Number": 0,
                                                        "Actual Startup Time": 0.182,
                                                        "Actual Total Time": 0.182,
                                                        "Actual Rows": 0,
                                                        "Actual Loops": 2018,
                                                        "Shared Hit Blocks": 5913,
                                                        "Shared Read Blocks": 1836,
                                                        "Shared Dirtied Blocks": 0,
                                                        "Shared Written Blocks": 0,
                                                        "Local Hit Blocks": 0,
                                                        "Local Read Blocks": 0,
                                                        "Local Dirtied Blocks": 0,
                                                        "Local Written Blocks": 0,
                                                        "Temp Read Blocks": 0,
                                                        "Temp Written Blocks": 0
                                                      }
                                                    ]
                                                  }
                                                ]
                                              },
                                              {
                                                "Node Type": "Index Scan",
                                                "Parent Relationship": "Inner",
                                                "Parallel Aware": false,
                                                "Async Capable": false,
                                                "Scan Direction": "Forward",
                                                "Index Name": "customer_demographics_pkey",
                                                "Relation Name": "customer_demographics",
                                                "Schema": "public",
                                                "Alias": "cd1",
                                                "Startup Cost": 0.43,
                                                "Total Cost": 0.54,
                                                "Plan Rows": 1,
                                                "Plan Width": 27,
                                                "Actual Startup Time": 0.337,
                                                "Actual Total Time": 0.337,
                                                "Actual Rows": 0,
                                                "Actual Loops": 1350,
                                                "Output": [
                                                  "cd1.cd_demo_sk",
                                                  "cd1.cd_gender",
                                                  "cd1.cd_marital_status",
                                                  "cd1.cd_education_status",
                                                  "cd1.cd_purchase_estimate",
                                                  "cd1.cd_credit_rating",
                                                  "cd1.cd_dep_count",
                                                  "cd1.cd_dep_employed_count",
                                                  "cd1.cd_dep_college_count"
                                                ],
                                                "Index Cond": "(cd1.cd_demo_sk = web_returns.wr_refunded_cdemo_sk)",
                                                "Rows Removed by Index Recheck": 0,
                                                "Filter": "(((cd1.cd_marital_status = 'D'::bpchar) AND (cd1.cd_education_status = 'Secondary'::bpchar)) OR ((cd1.cd_marital_status = 'M'::bpchar) AND (cd1.cd_education_status = '4 yr Degree'::bpchar)) OR ((cd1.cd_marital_status = 'U'::bpchar) AND (cd1.cd_education_status = 'Unknown'::bpchar)))",
                                                "Rows Removed by Filter": 1,
                                                "Shared Hit Blocks": 2950,
                                                "Shared Read Blocks": 2347,
                                                "Shared Dirtied Blocks": 0,
                                                "Shared Written Blocks": 0,
                                                "Local Hit Blocks": 0,
                                                "Local Read Blocks": 0,
                                                "Local Dirtied Blocks": 0,
                                                "Local Written Blocks": 0,
                                                "Temp Read Blocks": 0,
                                                "Temp Written Blocks": 0,
                                                "Workers": [
                                                  {
                                                    "Worker Number": 0,
                                                    "Actual Startup Time": 0.35,
                                                    "Actual Total Time": 0.35,
                                                    "Actual Rows": 0,
                                                    "Actual Loops": 412,
                                                    "Shared Hit Blocks": 892,
                                                    "Shared Read Blocks": 717,
                                                    "Shared Dirtied Blocks": 0,
                                                    "Shared Written Blocks": 0,
                                                    "Local Hit Blocks": 0,
                                                    "Local Read Blocks": 0,
                                                    "Local Dirtied Blocks": 0,
                                                    "Local Written Blocks": 0,
                                                    "Temp Read Blocks": 0,
                                                    "Temp Written Blocks": 0
                                                  }
                                                ]
                                              }
                                            ]
                                          },
                                          {
                                            "Node Type": "Index Only Scan",
                                            "Parent Relationship": "Inner",
                                            "Parallel Aware": false,
                                            "Async Capable": false,
                                            "Scan Direction": "Forward",
                                            "Index Name": "web_page_pkey",
                                            "Relation Name": "web_page",
                                            "Schema": "public",
                                            "Alias": "web_page",
                                            "Startup Cost": 0.14,
                                            "Total Cost": 0.16,
                                            "Plan Rows": 1,
                                            "Plan Width": 4,
                                            "Actual Startup Time": 0.044,
                                            "Actual Total Time": 0.044,
                                            "Actual Rows": 1,
                                            "Actual Loops": 51,
                                            "Output": [
                                              "web_page.wp_web_page_sk"
                                            ],
                                            "Index Cond": "(web_page.wp_web_page_sk = web_sales.ws_web_page_sk)",
                                            "Rows Removed by Index Recheck": 0,
                                            "Heap Fetches": 51,
                                            "Shared Hit Blocks": 98,
                                            "Shared Read Blocks": 5,
                                            "Shared Dirtied Blocks": 0,
                                            "Shared Written Blocks": 0,
                                            "Local Hit Blocks": 0,
                                            "Local Read Blocks": 0,
                                            "Local Dirtied Blocks": 0,
                                            "Local Written Blocks": 0,
                                            "Temp Read Blocks": 0,
                                            "Temp Written Blocks": 0,
                                            "Workers": [
                                              {
                                                "Worker Number": 0,
                                                "Actual Startup Time": 0.075,
                                                "Actual Total Time": 0.075,
                                                "Actual Rows": 1,
                                                "Actual Loops": 13,
                                                "Shared Hit Blocks": 26,
                                                "Shared Read Blocks": 1,
                                                "Shared Dirtied Blocks": 0,
                                                "Shared Written Blocks": 0,
                                                "Local Hit Blocks": 0,
                                                "Local Read Blocks": 0,
                                                "Local Dirtied Blocks": 0,
                                                "Local Written Blocks": 0,
                                                "Temp Read Blocks": 0,
                                                "Temp Written Blocks": 0
                                              }
                                            ]
                                          }
                                        ]
                                      },
                                      {
                                        "Node Type": "Index Scan",
                                        "Parent Relationship": "Inner",
                                        "Parallel Aware": false,
                                        "Async Capable": false,
                                        "Scan Direction": "Forward",
                                        "Index Name": "customer_demographics_pkey",
                                        "Relation Name": "customer_demographics",
                                        "Schema": "public",
                                        "Alias": "cd2",
                                        "Startup Cost": 0.43,
                                        "Total Cost": 0.52,
                                        "Plan Rows": 1,
                                        "Plan Width": 27,
                                        "Actual Startup Time": 0.004,
                                        "Actual Total Time": 0.004,
                                        "Actual Rows": 1,
                                        "Actual Loops": 51,
                                        "Output": [
                                          "cd2.cd_demo_sk",
                                          "cd2.cd_gender",
                                          "cd2.cd_marital_status",
                                          "cd2.cd_education_status",
                                          "cd2.cd_purchase_estimate",
                                          "cd2.cd_credit_rating",
                                          "cd2.cd_dep_count",
                                          "cd2.cd_dep_employed_count",
                                          "cd2.cd_dep_college_count"
                                        ],
                                        "Index Cond": "(cd2.cd_demo_sk = web_returns.wr_returning_cdemo_sk)",
                                        "Rows Removed by Index Recheck": 0,
                                        "Shared Hit Blocks": 196,
                                        "Shared Read Blocks": 0,
                                        "Shared Dirtied Blocks": 0,
                                        "Shared Written Blocks": 0,
                                        "Local Hit Blocks": 0,
                                        "Local Read Blocks": 0,
                                        "Local Dirtied Blocks": 0,
                                        "Local Written Blocks": 0,
                                        "Temp Read Blocks": 0,
                                        "Temp Written Blocks": 0,
                                        "Workers": [
                                          {
                                            "Worker Number": 0,
                                            "Actual Startup Time": 0.004,
                                            "Actual Total Time": 0.004,
                                            "Actual Rows": 1,
                                            "Actual Loops": 13,
                                            "Shared Hit Blocks": 48,
                                            "Shared Read Blocks": 0,
                                            "Shared Dirtied Blocks": 0,
                                            "Shared Written Blocks": 0,
                                            "Local Hit Blocks": 0,
                                            "Local Read Blocks": 0,
                                            "Local Dirtied Blocks": 0,
                                            "Local Written Blocks": 0,
                                            "Temp Read Blocks": 0,
                                            "Temp Written Blocks": 0
                                          }
                                        ]
                                      }
                                    ]
                                  },
                                  {
                                    "Node Type": "Index Scan",
                                    "Parent Relationship": "Inner",
                                    "Parallel Aware": false,
                                    "Async Capable": false,
                                    "Scan Direction": "Forward",
                                    "Index Name": "reason_pkey",
                                    "Relation Name": "reason",
                                    "Schema": "public",
                                    "Alias": "reason",
                                    "Startup Cost": 0.14,
                                    "Total Cost": 0.16,
                                    "Plan Rows": 1,
                                    "Plan Width": 105,
                                    "Actual Startup Time": 0.003,
                                    "Actual Total Time": 0.003,
                                    "Actual Rows": 1,
                                    "Actual Loops": 49,
                                    "Output": [
                                      "reason.r_reason_sk",
                                      "reason.r_reason_id",
                                      "reason.r_reason_desc"
                                    ],
                                    "Index Cond": "(reason.r_reason_sk = web_returns.wr_reason_sk)",
                                    "Rows Removed by Index Recheck": 0,
                                    "Shared Hit Blocks": 99,
                                    "Shared Read Blocks": 0,
                                    "Shared Dirtied Blocks": 0,
                                    "Shared Written Blocks": 0,
                                    "Local Hit Blocks": 0,
                                    "Local Read Blocks": 0,
                                    "Local Dirtied Blocks": 0,
                                    "Local Written Blocks": 0,
                                    "Temp Read Blocks": 0,
                                    "Temp Written Blocks": 0,
                                    "Workers": [
                                      {
                                        "Worker Number": 0,
                                        "Actual Startup Time": 0.004,
                                        "Actual Total Time": 0.004,
                                        "Actual Rows": 1,
                                        "Actual Loops": 12,
                                        "Shared Hit Blocks": 25,
                                        "Shared Read Blocks": 0,
                                        "Shared Dirtied Blocks": 0,
                                        "Shared Written Blocks": 0,
                                        "Local Hit Blocks": 0,
                                        "Local Read Blocks": 0,
                                        "Local Dirtied Blocks": 0,
                                        "Local Written Blocks": 0,
                                        "Temp Read Blocks": 0,
                                        "Temp Written Blocks": 0
                                      }
                                    ]
                                  }
                                ]
                              }
                            ]
                          }
                        ]
                      }
                    ]
                  }
                ]
              }
            ]
          }
        ]
      },
      "Planning": {
        "Shared Hit Blocks": 86,
        "Shared Read Blocks": 48,
        "Shared Dirtied Blocks": 0,
        "Shared Written Blocks": 0,
        "Local Hit Blocks": 0,
        "Local Read Blocks": 0,
        "Local Dirtied Blocks": 0,
        "Local Written Blocks": 0,
        "Temp Read Blocks": 0,
        "Temp Written Blocks": 0
      },
      "Planning Time": 17.629,
      "Triggers": [],
      "Execution Time": 9835.324
    }
  ],
  "original_sql": "select  substring(r_reason_desc,1,20)\n       ,avg(ws_quantity)\n       ,avg(wr_refunded_cash)\n       ,avg(wr_fee)\n from web_sales, web_returns, web_page, customer_demographics cd1,\n      customer_demographics cd2, customer_address, date_dim, reason\n where ws_web_page_sk = wp_web_page_sk\n   and ws_item_sk = wr_item_sk\n   and ws_order_number = wr_order_number\n   and ws_sold_date_sk = d_date_sk and d_year = 1998\n   and cd1.cd_demo_sk = wr_refunded_cdemo_sk\n   and cd2.cd_demo_sk = wr_returning_cdemo_sk\n   and ca_address_sk = wr_refunded_addr_sk\n   and r_reason_sk = wr_reason_sk\n   and\n   (\n    (\n     cd1.cd_marital_status = 'D'\n     and\n     cd1.cd_marital_status = cd2.cd_marital_status\n     and\n     cd1.cd_education_status = 'Secondary'\n     and\n     cd1.cd_education_status = cd2.cd_education_status\n     and\n     ws_sales_price between 100.00 and 150.00\n    )\n   or\n    (\n     cd1.cd_marital_status = 'M'\n     and\n     cd1.cd_marital_status = cd2.cd_marital_status\n     and\n     cd1.cd_education_status = '4 yr Degree'\n     and\n     cd1.cd_education_status = cd2.cd_education_status\n     and\n     ws_sales_price between 50.00 and 100.00\n    )\n   or\n    (\n     cd1.cd_marital_status = 'U'\n     and\n     cd1.cd_marital_status = cd2.cd_marital_status\n     and\n     cd1.cd_education_status = 'Unknown'\n     and\n     cd1.cd_education_status = cd2.cd_education_status\n     and\n     ws_sales_price between 150.00 and 200.00\n    )\n   )\n   and\n   (\n    (\n     ca_country = 'United States'\n     and\n     ca_state in ('IA', 'PA', 'TX')\n     and ws_net_profit between 100 and 200\n    )\n    or\n    (\n     ca_country = 'United States'\n     and\n     ca_state in ('GA', 'MO', 'SD')\n     and ws_net_profit between 150 and 300\n    )\n    or\n    (\n     ca_country = 'United States'\n     and\n     ca_state in ('LA', 'TX', 'VA')\n     and ws_net_profit between 50 and 250\n    )\n   )\ngroup by r_reason_desc\norder by substring(r_reason_desc,1,20)\n        ,avg(ws_quantity)\n        ,avg(wr_refunded_cash)\n        ,avg(wr_fee)\nlimit 100"
}