{
  "query_id": "query084_agg",
  "engine": "postgresql",
  "benchmark": "dsb",
  "scale_factor": 10,
  "execution_time_ms": 1664.505,
  "planning_time_ms": 8.173,
  "plan_json": [
    {
      "Plan": {
        "Node Type": "Limit",
        "Parallel Aware": false,
        "Async Capable": false,
        "Startup Cost": 24434.59,
        "Total Cost": 24446.26,
        "Plan Rows": 100,
        "Plan Width": 49,
        "Actual Startup Time": 1657.654,
        "Actual Total Time": 1664.442,
        "Actual Rows": 100,
        "Actual Loops": 1,
        "Output": [
          "customer.c_customer_id",
          "((((COALESCE(customer.c_last_name, ''::bpchar))::text || ', '::text) || (COALESCE(customer.c_first_name, ''::bpchar))::text))"
        ],
        "Shared Hit Blocks": 2911,
        "Shared Read Blocks": 20297,
        "Shared Dirtied Blocks": 0,
        "Shared Written Blocks": 0,
        "Local Hit Blocks": 0,
        "Local Read Blocks": 0,
        "Local Dirtied Blocks": 0,
        "Local Written Blocks": 0,
        "Temp Read Blocks": 0,
        "Temp Written Blocks": 0,
        "Plans": [
          {
            "Node Type": "Gather Merge",
            "Parent Relationship": "Outer",
            "Parallel Aware": false,
            "Async Capable": false,
            "Startup Cost": 24434.59,
            "Total Cost": 24490.6,
            "Plan Rows": 480,
            "Plan Width": 49,
            "Actual Startup Time": 1657.653,
            "Actual Total Time": 1664.433,
            "Actual Rows": 100,
            "Actual Loops": 1,
            "Output": [
              "customer.c_customer_id",
              "((((COALESCE(customer.c_last_name, ''::bpchar))::text || ', '::text) || (COALESCE(customer.c_first_name, ''::bpchar))::text))"
            ],
            "Workers Planned": 2,
            "Workers Launched": 2,
            "Shared Hit Blocks": 2911,
            "Shared Read Blocks": 20297,
            "Shared Dirtied Blocks": 0,
            "Shared Written Blocks": 0,
            "Local Hit Blocks": 0,
            "Local Read Blocks": 0,
            "Local Dirtied Blocks": 0,
            "Local Written Blocks": 0,
            "Temp Read Blocks": 0,
            "Temp Written Blocks": 0,
            "Plans": [
              {
                "Node Type": "Sort",
                "Parent Relationship": "Outer",
                "Parallel Aware": false,
                "Async Capable": false,
                "Startup Cost": 23434.57,
                "Total Cost": 23435.17,
                "Plan Rows": 240,
                "Plan Width": 49,
                "Actual Startup Time": 1626.015,
                "Actual Total Time": 1626.023,
                "Actual Rows": 72,
                "Actual Loops": 3,
                "Output": [
                  "customer.c_customer_id",
                  "((((COALESCE(customer.c_last_name, ''::bpchar))::text || ', '::text) || (COALESCE(customer.c_first_name, ''::bpchar))::text))"
                ],
                "Sort Key": [
                  "customer.c_customer_id"
                ],
                "Sort Method": "quicksort",
                "Sort Space Used": 31,
                "Sort Space Type": "Memory",
                "Shared Hit Blocks": 2911,
                "Shared Read Blocks": 20297,
                "Shared Dirtied Blocks": 0,
                "Shared Written Blocks": 0,
                "Local Hit Blocks": 0,
                "Local Read Blocks": 0,
                "Local Dirtied Blocks": 0,
                "Local Written Blocks": 0,
                "Temp Read Blocks": 0,
                "Temp Written Blocks": 0,
                "Workers": [
                  {
                    "Worker Number": 0,
                    "Actual Startup Time": 1610.324,
                    "Actual Total Time": 1610.332,
                    "Actual Rows": 100,
                    "Actual Loops": 1,
                    "Sort Method": "quicksort",
                    "Sort Space Used": 37,
                    "Sort Space Type": "Memory",
                    "Shared Hit Blocks": 1079,
                    "Shared Read Blocks": 6612,
                    "Shared Dirtied Blocks": 0,
                    "Shared Written Blocks": 0,
                    "Local Hit Blocks": 0,
                    "Local Read Blocks": 0,
                    "Local Dirtied Blocks": 0,
                    "Local Written Blocks": 0,
                    "Temp Read Blocks": 0,
                    "Temp Written Blocks": 0
                  },
                  {
                    "Worker Number": 1,
                    "Actual Startup Time": 1610.351,
                    "Actual Total Time": 1610.359,
                    "Actual Rows": 100,
                    "Actual Loops": 1,
                    "Sort Method": "top-N heapsort",
                    "Sort Space Used": 37,
                    "Sort Space Type": "Memory",
                    "Shared Hit Blocks": 1056,
                    "Shared Read Blocks": 6651,
                    "Shared Dirtied Blocks": 0,
                    "Shared Written Blocks": 0,
                    "Local Hit Blocks": 0,
                    "Local Read Blocks": 0,
                    "Local Dirtied Blocks": 0,
                    "Local Written Blocks": 0,
                    "Temp Read Blocks": 0,
                    "Temp Written Blocks": 0
                  }
                ],
                "Plans": [
                  {
                    "Node Type": "Nested Loop",
                    "Parent Relationship": "Outer",
                    "Parallel Aware": false,
                    "Async Capable": false,
                    "Join Type": "Inner",
                    "Startup Cost": 6729.74,
                    "Total Cost": 23425.4,
                    "Plan Rows": 240,
                    "Plan Width": 49,
                    "Actual Startup Time": 677.614,
                    "Actual Total Time": 1625.303,
                    "Actual Rows": 189,
                    "Actual Loops": 3,
                    "Output": [
                      "customer.c_customer_id",
                      "(((COALESCE(customer.c_last_name, ''::bpchar))::text || ', '::text) || (COALESCE(customer.c_first_name, ''::bpchar))::text)"
                    ],
                    "Inner Unique": false,
                    "Shared Hit Blocks": 2899,
                    "Shared Read Blocks": 20295,
                    "Shared Dirtied Blocks": 0,
                    "Shared Written Blocks": 0,
                    "Local Hit Blocks": 0,
                    "Local Read Blocks": 0,
                    "Local Dirtied Blocks": 0,
                    "Local Written Blocks": 0,
                    "Temp Read Blocks": 0,
                    "Temp Written Blocks": 0,
                    "Workers": [
                      {
                        "Worker Number": 0,
                        "Actual Startup Time": 653.875,
                        "Actual Total Time": 1609.381,
                        "Actual Rows": 181,
                        "Actual Loops": 1,
                        "Shared Hit Blocks": 1072,
                        "Shared Read Blocks": 6612,
                        "Shared Dirtied Blocks": 0,
                        "Shared Written Blocks": 0,
                        "Local Hit Blocks": 0,
                        "Local Read Blocks": 0,
                        "Local Dirtied Blocks": 0,
                        "Local Written Blocks": 0,
                        "Temp Read Blocks": 0,
                        "Temp Written Blocks": 0
                      },
                      {
                        "Worker Number": 1,
                        "Actual Startup Time": 683.521,
                        "Actual Total Time": 1609.276,
                        "Actual Rows": 289,
                        "Actual Loops": 1,
                        "Shared Hit Blocks": 1051,
                        "Shared Read Blocks": 6649,
                        "Shared Dirtied Blocks": 0,
                        "Shared Written Blocks": 0,
                        "Local Hit Blocks": 0,
                        "Local Read Blocks": 0,
                        "Local Dirtied Blocks": 0,
                        "Local Written Blocks": 0,
                        "Temp Read Blocks": 0,
                        "Temp Written Blocks": 0
                      }
                    ],
                    "Plans": [
                      {
                        "Node Type": "Nested Loop",
                        "Parent Relationship": "Outer",
                        "Parallel Aware": false,
                        "Async Capable": false,
                        "Join Type": "Inner",
                        "Startup Cost": 6729.31,
                        "Total Cost": 23326.01,
                        "Plan Rows": 66,
                        "Plan Width": 77,
                        "Actual Startup Time": 663.888,
                        "Actual Total Time": 1558.678,
                        "Actual Rows": 50,
                        "Actual Loops": 3,
                        "Output": [
                          "customer.c_customer_id",
                          "customer.c_last_name",
                          "customer.c_first_name",
                          "customer.c_current_cdemo_sk",
                          "customer_demographics.cd_demo_sk"
                        ],
                        "Inner Unique": true,
                        "Shared Hit Blocks": 2441,
                        "Shared Read Blocks": 19550,
                        "Shared Dirtied Blocks": 0,
                        "Shared Written Blocks": 0,
                        "Local Hit Blocks": 0,
                        "Local Read Blocks": 0,
                        "Local Dirtied Blocks": 0,
                        "Local Written Blocks": 0,
                        "Temp Read Blocks": 0,
                        "Temp Written Blocks": 0,
                        "Workers": [
                          {
                            "Worker Number": 0,
                            "Actual Startup Time": 650.171,
                            "Actual Total Time": 1536.356,
                            "Actual Rows": 55,
                            "Actual Loops": 1,
                            "Shared Hit Blocks": 911,
                            "Shared Read Blocks": 6363,
                            "Shared Dirtied Blocks": 0,
                            "Shared Written Blocks": 0,
                            "Local Hit Blocks": 0,
                            "Local Read Blocks": 0,
                            "Local Dirtied Blocks": 0,
                            "Local Written Blocks": 0,
                            "Temp Read Blocks": 0,
                            "Temp Written Blocks": 0
                          },
                          {
                            "Worker Number": 1,
                            "Actual Startup Time": 647.438,
                            "Actual Total Time": 1522.857,
                            "Actual Rows": 58,
                            "Actual Loops": 1,
                            "Shared Hit Blocks": 854,
                            "Shared Read Blocks": 6296,
                            "Shared Dirtied Blocks": 0,
                            "Shared Written Blocks": 0,
                            "Local Hit Blocks": 0,
                            "Local Read Blocks": 0,
                            "Local Dirtied Blocks": 0,
                            "Local Written Blocks": 0,
                            "Temp Read Blocks": 0,
                            "Temp Written Blocks": 0
                          }
                        ],
                        "Plans": [
                          {
                            "Node Type": "Hash Join",
                            "Parent Relationship": "Outer",
                            "Parallel Aware": false,
                            "Async Capable": false,
                            "Join Type": "Inner",
                            "Startup Cost": 6728.88,
                            "Total Cost": 23292.87,
                            "Plan Rows": 68,
                            "Plan Width": 73,
                            "Actual Startup Time": 662.25,
                            "Actual Total Time": 1545.789,
                            "Actual Rows": 51,
                            "Actual Loops": 3,
                            "Output": [
                              "customer.c_customer_id",
                              "customer.c_last_name",
                              "customer.c_first_name",
                              "customer.c_current_cdemo_sk"
                            ],
                            "Inner Unique": true,
                            "Hash Cond": "(household_demographics.hd_income_band_sk = income_band.ib_income_band_sk)",
                            "Shared Hit Blocks": 2154,
                            "Shared Read Blocks": 19385,
                            "Shared Dirtied Blocks": 0,
                            "Shared Written Blocks": 0,
                            "Local Hit Blocks": 0,
                            "Local Read Blocks": 0,
                            "Local Dirtied Blocks": 0,
                            "Local Written Blocks": 0,
                            "Temp Read Blocks": 0,
                            "Temp Written Blocks": 0,
                            "Workers": [
                              {
                                "Worker Number": 0,
                                "Actual Startup Time": 648.694,
                                "Actual Total Time": 1522.683,
                                "Actual Rows": 58,
                                "Actual Loops": 1,
                                "Shared Hit Blocks": 804,
                                "Shared Read Blocks": 6303,
                                "Shared Dirtied Blocks": 0,
                                "Shared Written Blocks": 0,
                                "Local Hit Blocks": 0,
                                "Local Read Blocks": 0,
                                "Local Dirtied Blocks": 0,
                                "Local Written Blocks": 0,
                                "Temp Read Blocks": 0,
                                "Temp Written Blocks": 0
                              },
                              {
                                "Worker Number": 1,
                                "Actual Startup Time": 644.369,
                                "Actual Total Time": 1505.738,
                                "Actual Rows": 59,
                                "Actual Loops": 1,
                                "Shared Hit Blocks": 745,
                                "Shared Read Blocks": 6229,
                                "Shared Dirtied Blocks": 0,
                                "Shared Written Blocks": 0,
                                "Local Hit Blocks": 0,
                                "Local Read Blocks": 0,
                                "Local Dirtied Blocks": 0,
                                "Local Written Blocks": 0,
                                "Temp Read Blocks": 0,
                                "Temp Written Blocks": 0
                              }
                            ],
                            "Plans": [
                              {
                                "Node Type": "Nested Loop",
                                "Parent Relationship": "Outer",
                                "Parallel Aware": false,
                                "Async Capable": false,
                                "Join Type": "Inner",
                                "Startup Cost": 6727.48,
                                "Total Cost": 23290.92,
                                "Plan Rows": 171,
                                "Plan Width": 77,
                                "Actual Startup Time": 659.548,
                                "Actual Total Time": 1543.363,
                                "Actual Rows": 237,
                                "Actual Loops": 3,
                                "Output": [
                                  "customer.c_customer_id",
                                  "customer.c_last_name",
                                  "customer.c_first_name",
                                  "customer.c_current_cdemo_sk",
                                  "household_demographics.hd_income_band_sk"
                                ],
                                "Inner Unique": true,
                                "Shared Hit Blocks": 2066,
                                "Shared Read Blocks": 19376,
                                "Shared Dirtied Blocks": 0,
                                "Shared Written Blocks": 0,
                                "Local Hit Blocks": 0,
                                "Local Read Blocks": 0,
                                "Local Dirtied Blocks": 0,
                                "Local Written Blocks": 0,
                                "Temp Read Blocks": 0,
                                "Temp Written Blocks": 0,
                                "Workers": [
                                  {
                                    "Worker Number": 0,
                                    "Actual Startup Time": 643.862,
                                    "Actual Total Time": 1519.183,
                                    "Actual Rows": 262,
                                    "Actual Loops": 1,
                                    "Shared Hit Blocks": 758,
                                    "Shared Read Blocks": 6301,
                                    "Shared Dirtied Blocks": 0,
                                    "Shared Written Blocks": 0,
                                    "Local Hit Blocks": 0,
                                    "Local Read Blocks": 0,
                                    "Local Dirtied Blocks": 0,
                                    "Local Written Blocks": 0,
                                    "Temp Read Blocks": 0,
                                    "Temp Written Blocks": 0
                                  },
                                  {
                                    "Worker Number": 1,
                                    "Actual Startup Time": 641.114,
                                    "Actual Total Time": 1502.215,
                                    "Actual Rows": 241,
                                    "Actual Loops": 1,
                                    "Shared Hit Blocks": 704,
                                    "Shared Read Blocks": 6222,
                                    "Shared Dirtied Blocks": 0,
                                    "Shared Written Blocks": 0,
                                    "Local Hit Blocks": 0,
                                    "Local Read Blocks": 0,
                                    "Local Dirtied Blocks": 0,
                                    "Local Written Blocks": 0,
                                    "Temp Read Blocks": 0,
                                    "Temp Written Blocks": 0
                                  }
                                ],
                                "Plans": [
                                  {
                                    "Node Type": "Hash Join",
                                    "Parent Relationship": "Outer",
                                    "Parallel Aware": true,
                                    "Async Capable": false,
                                    "Join Type": "Inner",
                                    "Startup Cost": 6727.2,
                                    "Total Cost": 23237.41,
                                    "Plan Rows": 178,
                                    "Plan Width": 77,
                                    "Actual Startup Time": 658.641,
                                    "Actual Total Time": 1535.98,
                                    "Actual Rows": 245,
                                    "Actual Loops": 3,
                                    "Output": [
                                      "customer.c_customer_id",
                                      "customer.c_last_name",
                                      "customer.c_first_name",
                                      "customer.c_current_cdemo_sk",
                                      "customer.c_current_hdemo_sk"
                                    ],
                                    "Inner Unique": true,
                                    "Hash Cond": "(customer.c_current_addr_sk = customer_address.ca_address_sk)",
                                    "Shared Hit Blocks": 0,
                                    "Shared Read Blocks": 19304,
                                    "Shared Dirtied Blocks": 0,
                                    "Shared Written Blocks": 0,
                                    "Local Hit Blocks": 0,
                                    "Local Read Blocks": 0,
                                    "Local Dirtied Blocks": 0,
                                    "Local Written Blocks": 0,
                                    "Temp Read Blocks": 0,
                                    "Temp Written Blocks": 0,
                                    "Workers": [
                                      {
                                        "Worker Number": 0,
                                        "Actual Startup Time": 642.898,
                                        "Actual Total Time": 1510.729,
                                        "Actual Rows": 264,
                                        "Actual Loops": 1,
                                        "Shared Hit Blocks": 0,
                                        "Shared Read Blocks": 6272,
                                        "Shared Dirtied Blocks": 0,
                                        "Shared Written Blocks": 0,
                                        "Local Hit Blocks": 0,
                                        "Local Read Blocks": 0,
                                        "Local Dirtied Blocks": 0,
                                        "Local Written Blocks": 0,
                                        "Temp Read Blocks": 0,
                                        "Temp Written Blocks": 0
                                      },
                                      {
                                        "Worker Number": 1,
                                        "Actual Startup Time": 639.698,
                                        "Actual Total Time": 1495.035,
                                        "Actual Rows": 253,
                                        "Actual Loops": 1,
                                        "Shared Hit Blocks": 0,
                                        "Shared Read Blocks": 6202,
                                        "Shared Dirtied Blocks": 0,
                                        "Shared Written Blocks": 0,
                                        "Local Hit Blocks": 0,
                                        "Local Read Blocks": 0,
                                        "Local Dirtied Blocks": 0,
                                        "Local Written Blocks": 0,
                                        "Temp Read Blocks": 0,
                                        "Temp Written Blocks": 0
                                      }
                                    ],
                                    "Plans": [
                                      {
                                        "Node Type": "Seq Scan",
                                        "Parent Relationship": "Outer",
                                        "Parallel Aware": true,
                                        "Async Capable": false,
                                        "Relation Name": "customer",
                                        "Schema": "public",
                                        "Alias": "customer",
                                        "Startup Cost": 0.0,
                                        "Total Cost": 15963.33,
                                        "Plan Rows": 208333,
                                        "Plan Width": 81,
                                        "Actual Startup Time": 0.426,
                                        "Actual Total Time": 857.541,
                                        "Actual Rows": 166667,
                                        "Actual Loops": 3,
                                        "Output": [
                                          "customer.c_customer_sk",
                                          "customer.c_customer_id",
                                          "customer.c_current_cdemo_sk",
                                          "customer.c_current_hdemo_sk",
                                          "customer.c_current_addr_sk",
                                          "customer.c_first_shipto_date_sk",
                                          "customer.c_first_sales_date_sk",
                                          "customer.c_salutation",
                                          "customer.c_first_name",
                                          "customer.c_last_name",
                                          "customer.c_preferred_cust_flag",
                                          "customer.c_birth_day",
                                          "customer.c_birth_month",
                                          "customer.c_birth_year",
                                          "customer.c_birth_country",
                                          "customer.c_login",
                                          "customer.c_email_address",
                                          "customer.c_last_review_date_sk"
                                        ],
                                        "Shared Hit Blocks": 0,
                                        "Shared Read Blocks": 13880,
                                        "Shared Dirtied Blocks": 0,
                                        "Shared Written Blocks": 0,
                                        "Local Hit Blocks": 0,
                                        "Local Read Blocks": 0,
                                        "Local Dirtied Blocks": 0,
                                        "Local Written Blocks": 0,
                                        "Temp Read Blocks": 0,
                                        "Temp Written Blocks": 0,
                                        "Workers": [
                                          {
                                            "Worker Number": 0,
                                            "Actual Startup Time": 0.497,
                                            "Actual Total Time": 849.705,
                                            "Actual Rows": 164316,
                                            "Actual Loops": 1,
                                            "Shared Hit Blocks": 0,
                                            "Shared Read Blocks": 4561,
                                            "Shared Dirtied Blocks": 0,
                                            "Shared Written Blocks": 0,
                                            "Local Hit Blocks": 0,
                                            "Local Read Blocks": 0,
                                            "Local Dirtied Blocks": 0,
                                            "Local Written Blocks": 0,
                                            "Temp Read Blocks": 0,
                                            "Temp Written Blocks": 0
                                          },
                                          {
                                            "Worker Number": 1,
                                            "Actual Startup Time": 0.56,
                                            "Actual Total Time": 834.243,
                                            "Actual Rows": 162154,
                                            "Actual Loops": 1,
                                            "Shared Hit Blocks": 0,
                                            "Shared Read Blocks": 4501,
                                            "Shared Dirtied Blocks": 0,
                                            "Shared Written Blocks": 0,
                                            "Local Hit Blocks": 0,
                                            "Local Read Blocks": 0,
                                            "Local Dirtied Blocks": 0,
                                            "Local Written Blocks": 0,
                                            "Temp Read Blocks": 0,
                                            "Temp Written Blocks": 0
                                          }
                                        ]
                                      },
                                      {
                                        "Node Type": "Hash",
                                        "Parent Relationship": "Inner",
                                        "Parallel Aware": true,
                                        "Async Capable": false,
                                        "Startup Cost": 6726.08,
                                        "Total Cost": 6726.08,
                                        "Plan Rows": 89,
                                        "Plan Width": 4,
                                        "Actual Startup Time": 655.981,
                                        "Actual Total Time": 655.981,
                                        "Actual Rows": 124,
                                        "Actual Loops": 3,
                                        "Output": [
                                          "customer_address.ca_address_sk"
                                        ],
                                        "Hash Buckets": 1024,
                                        "Original Hash Buckets": 1024,
                                        "Hash Batches": 1,
                                        "Original Hash Batches": 1,
                                        "Peak Memory Usage": 104,
                                        "Shared Hit Blocks": 0,
                                        "Shared Read Blocks": 5424,
                                        "Shared Dirtied Blocks": 0,
                                        "Shared Written Blocks": 0,
                                        "Local Hit Blocks": 0,
                                        "Local Read Blocks": 0,
                                        "Local Dirtied Blocks": 0,
                                        "Local Written Blocks": 0,
                                        "Temp Read Blocks": 0,
                                        "Temp Written Blocks": 0,
                                        "Workers": [
                                          {
                                            "Worker Number": 0,
                                            "Actual Startup Time": 639.046,
                                            "Actual Total Time": 639.046,
                                            "Actual Rows": 123,
                                            "Actual Loops": 1,
                                            "Shared Hit Blocks": 0,
                                            "Shared Read Blocks": 1711,
                                            "Shared Dirtied Blocks": 0,
                                            "Shared Written Blocks": 0,
                                            "Local Hit Blocks": 0,
                                            "Local Read Blocks": 0,
                                            "Local Dirtied Blocks": 0,
                                            "Local Written Blocks": 0,
                                            "Temp Read Blocks": 0,
                                            "Temp Written Blocks": 0
                                          },
                                          {
                                            "Worker Number": 1,
                                            "Actual Startup Time": 639.072,
                                            "Actual Total Time": 639.073,
                                            "Actual Rows": 115,
                                            "Actual Loops": 1,
                                            "Shared Hit Blocks": 0,
                                            "Shared Read Blocks": 1701,
                                            "Shared Dirtied Blocks": 0,
                                            "Shared Written Blocks": 0,
                                            "Local Hit Blocks": 0,
                                            "Local Read Blocks": 0,
                                            "Local Dirtied Blocks": 0,
                                            "Local Written Blocks": 0,
                                            "Temp Read Blocks": 0,
                                            "Temp Written Blocks": 0
                                          }
                                        ],
                                        "Plans": [
                                          {
                                            "Node Type": "Seq Scan",
                                            "Parent Relationship": "Outer",
                                            "Parallel Aware": true,
                                            "Async Capable": false,
                                            "Relation Name": "customer_address",
                                            "Schema": "public",
                                            "Alias": "customer_address",
                                            "Startup Cost": 0.0,
                                            "Total Cost": 6726.08,
                                            "Plan Rows": 89,
                                            "Plan Width": 4,
                                            "Actual Startup Time": 3.829,
                                            "Actual Total Time": 655.539,
                                            "Actual Rows": 124,
                                            "Actual Loops": 3,
                                            "Output": [
                                              "customer_address.ca_address_sk"
                                            ],
                                            "Filter": "((customer_address.ca_city)::text = 'Lakeview'::text)",
                                            "Rows Removed by Filter": 83209,
                                            "Shared Hit Blocks": 0,
                                            "Shared Read Blocks": 5424,
                                            "Shared Dirtied Blocks": 0,
                                            "Shared Written Blocks": 0,
                                            "Local Hit Blocks": 0,
                                            "Local Read Blocks": 0,
                                            "Local Dirtied Blocks": 0,
                                            "Local Written Blocks": 0,
                                            "Temp Read Blocks": 0,
                                            "Temp Written Blocks": 0,
                                            "Workers": [
                                              {
                                                "Worker Number": 0,
                                                "Actual Startup Time": 0.7,
                                                "Actual Total Time": 638.609,
                                                "Actual Rows": 123,
                                                "Actual Loops": 1,
                                                "Shared Hit Blocks": 0,
                                                "Shared Read Blocks": 1711,
                                                "Shared Dirtied Blocks": 0,
                                                "Shared Written Blocks": 0,
                                                "Local Hit Blocks": 0,
                                                "Local Read Blocks": 0,
                                                "Local Dirtied Blocks": 0,
                                                "Local Written Blocks": 0,
                                                "Temp Read Blocks": 0,
                                                "Temp Written Blocks": 0
                                              },
                                              {
                                                "Worker Number": 1,
                                                "Actual Startup Time": 5.041,
                                                "Actual Total Time": 638.592,
                                                "Actual Rows": 115,
                                                "Actual Loops": 1,
                                                "Shared Hit Blocks": 0,
                                                "Shared Read Blocks": 1701,
                                                "Shared Dirtied Blocks": 0,
                                                "Shared Written Blocks": 0,
                                                "Local Hit Blocks": 0,
                                                "Local Read Blocks": 0,
                                                "Local Dirtied Blocks": 0,
                                                "Local Written Blocks": 0,
                                                "Temp Read Blocks": 0,
                                                "Temp Written Blocks": 0
                                              }
                                            ]
                                          }
                                        ]
                                      }
                                    ]
                                  },
                                  {
                                    "Node Type": "Index Scan",
                                    "Parent Relationship": "Inner",
                                    "Parallel Aware": false,
                                    "Async Capable": false,
                                    "Scan Direction": "Forward",
                                    "Index Name": "household_demographics_pkey",
                                    "Relation Name": "household_demographics",
                                    "Schema": "public",
                                    "Alias": "household_demographics",
                                    "Startup Cost": 0.28,
                                    "Total Cost": 0.3,
                                    "Plan Rows": 1,
                                    "Plan Width": 8,
                                    "Actual Startup Time": 0.026,
                                    "Actual Total Time": 0.026,
                                    "Actual Rows": 1,
                                    "Actual Loops": 734,
                                    "Output": [
                                      "household_demographics.hd_demo_sk",
                                      "household_demographics.hd_income_band_sk",
                                      "household_demographics.hd_buy_potential",
                                      "household_demographics.hd_dep_count",
                                      "household_demographics.hd_vehicle_count"
                                    ],
                                    "Index Cond": "(household_demographics.hd_demo_sk = customer.c_current_hdemo_sk)",
                                    "Rows Removed by Index Recheck": 0,
                                    "Shared Hit Blocks": 2066,
                                    "Shared Read Blocks": 72,
                                    "Shared Dirtied Blocks": 0,
                                    "Shared Written Blocks": 0,
                                    "Local Hit Blocks": 0,
                                    "Local Read Blocks": 0,
                                    "Local Dirtied Blocks": 0,
                                    "Local Written Blocks": 0,
                                    "Temp Read Blocks": 0,
                                    "Temp Written Blocks": 0,
                                    "Workers": [
                                      {
                                        "Worker Number": 0,
                                        "Actual Startup Time": 0.028,
                                        "Actual Total Time": 0.028,
                                        "Actual Rows": 1,
                                        "Actual Loops": 264,
                                        "Shared Hit Blocks": 758,
                                        "Shared Read Blocks": 29,
                                        "Shared Dirtied Blocks": 0,
                                        "Shared Written Blocks": 0,
                                        "Local Hit Blocks": 0,
                                        "Local Read Blocks": 0,
                                        "Local Dirtied Blocks": 0,
                                        "Local Written Blocks": 0,
                                        "Temp Read Blocks": 0,
                                        "Temp Written Blocks": 0
                                      },
                                      {
                                        "Worker Number": 1,
                                        "Actual Startup Time": 0.025,
                                        "Actual Total Time": 0.025,
                                        "Actual Rows": 1,
                                        "Actual Loops": 253,
                                        "Shared Hit Blocks": 704,
                                        "Shared Read Blocks": 20,
                                        "Shared Dirtied Blocks": 0,
                                        "Shared Written Blocks": 0,
                                        "Local Hit Blocks": 0,
                                        "Local Read Blocks": 0,
                                        "Local Dirtied Blocks": 0,
                                        "Local Written Blocks": 0,
                                        "Temp Read Blocks": 0,
                                        "Temp Written Blocks": 0
                                      }
                                    ]
                                  }
                                ]
                              },
                              {
                                "Node Type": "Hash",
                                "Parent Relationship": "Inner",
                                "Parallel Aware": false,
                                "Async Capable": false,
                                "Startup Cost": 1.3,
                                "Total Cost": 1.3,
                                "Plan Rows": 8,
                                "Plan Width": 4,
                                "Actual Startup Time": 0.218,
                                "Actual Total Time": 0.218,
                                "Actual Rows": 4,
                                "Actual Loops": 3,
                                "Output": [
                                  "income_band.ib_income_band_sk"
                                ],
                                "Hash Buckets": 1024,
                                "Original Hash Buckets": 1024,
                                "Hash Batches": 1,
                                "Original Hash Batches": 1,
                                "Peak Memory Usage": 9,
                                "Shared Hit Blocks": 3,
                                "Shared Read Blocks": 0,
                                "Shared Dirtied Blocks": 0,
                                "Shared Written Blocks": 0,
                                "Local Hit Blocks": 0,
                                "Local Read Blocks": 0,
                                "Local Dirtied Blocks": 0,
                                "Local Written Blocks": 0,
                                "Temp Read Blocks": 0,
                                "Temp Written Blocks": 0,
                                "Workers": [
                                  {
                                    "Worker Number": 0,
                                    "Actual Startup Time": 0.331,
                                    "Actual Total Time": 0.331,
                                    "Actual Rows": 4,
                                    "Actual Loops": 1,
                                    "Shared Hit Blocks": 1,
                                    "Shared Read Blocks": 0,
                                    "Shared Dirtied Blocks": 0,
                                    "Shared Written Blocks": 0,
                                    "Local Hit Blocks": 0,
                                    "Local Read Blocks": 0,
                                    "Local Dirtied Blocks": 0,
                                    "Local Written Blocks": 0,
                                    "Temp Read Blocks": 0,
                                    "Temp Written Blocks": 0
                                  },
                                  {
                                    "Worker Number": 1,
                                    "Actual Startup Time": 0.31,
                                    "Actual Total Time": 0.31,
                                    "Actual Rows": 4,
                                    "Actual Loops": 1,
                                    "Shared Hit Blocks": 1,
                                    "Shared Read Blocks": 0,
                                    "Shared Dirtied Blocks": 0,
                                    "Shared Written Blocks": 0,
                                    "Local Hit Blocks": 0,
                                    "Local Read Blocks": 0,
                                    "Local Dirtied Blocks": 0,
                                    "Local Written Blocks": 0,
                                    "Temp Read Blocks": 0,
                                    "Temp Written Blocks": 0
                                  }
                                ],
                                "Plans": [
                                  {
                                    "Node Type": "Seq Scan",
                                    "Parent Relationship": "Outer",
                                    "Parallel Aware": false,
                                    "Async Capable": false,
                                    "Relation Name": "income_band",
                                    "Schema": "public",
                                    "Alias": "income_band",
                                    "Startup Cost": 0.0,
                                    "Total Cost": 1.3,
                                    "Plan Rows": 8,
                                    "Plan Width": 4,
                                    "Actual Startup Time": 0.207,
                                    "Actual Total Time": 0.208,
                                    "Actual Rows": 4,
                                    "Actual Loops": 3,
                                    "Output": [
                                      "income_band.ib_income_band_sk"
                                    ],
                                    "Filter": "((income_band.ib_lower_bound >= 69452) AND (income_band.ib_upper_bound <= 119452))",
                                    "Rows Removed by Filter": 16,
                                    "Shared Hit Blocks": 3,
                                    "Shared Read Blocks": 0,
                                    "Shared Dirtied Blocks": 0,
                                    "Shared Written Blocks": 0,
                                    "Local Hit Blocks": 0,
                                    "Local Read Blocks": 0,
                                    "Local Dirtied Blocks": 0,
                                    "Local Written Blocks": 0,
                                    "Temp Read Blocks": 0,
                                    "Temp Written Blocks": 0,
                                    "Workers": [
                                      {
                                        "Worker Number": 0,
                                        "Actual Startup Time": 0.32,
                                        "Actual Total Time": 0.321,
                                        "Actual Rows": 4,
                                        "Actual Loops": 1,
                                        "Shared Hit Blocks": 1,
                                        "Shared Read Blocks": 0,
                                        "Shared Dirtied Blocks": 0,
                                        "Shared Written Blocks": 0,
                                        "Local Hit Blocks": 0,
                                        "Local Read Blocks": 0,
                                        "Local Dirtied Blocks": 0,
                                        "Local Written Blocks": 0,
                                        "Temp Read Blocks": 0,
                                        "Temp Written Blocks": 0
                                      },
                                      {
                                        "Worker Number": 1,
                                        "Actual Startup Time": 0.293,
                                        "Actual Total Time": 0.294,
                                        "Actual Rows": 4,
                                        "Actual Loops": 1,
                                        "Shared Hit Blocks": 1,
                                        "Shared Read Blocks": 0,
                                        "Shared Dirtied Blocks": 0,
                                        "Shared Written Blocks": 0,
                                        "Local Hit Blocks": 0,
                                        "Local Read Blocks": 0,
                                        "Local Dirtied Blocks": 0,
                                        "Local Written Blocks": 0,
                                        "Temp Read Blocks": 0,
                                        "Temp Written Blocks": 0
                                      }
                                    ]
                                  }
                                ]
                              }
                            ]
                          },
                          {
                            "Node Type": "Index Only Scan",
                            "Parent Relationship": "Inner",
                            "Parallel Aware": false,
                            "Async Capable": false,
                            "Scan Direction": "Forward",
                            "Index Name": "customer_demographics_pkey",
                            "Relation Name": "customer_demographics",
                            "Schema": "public",
                            "Alias": "customer_demographics",
                            "Startup Cost": 0.43,
                            "Total Cost": 0.49,
                            "Plan Rows": 1,
                            "Plan Width": 4,
                            "Actual Startup Time": 0.25,
                            "Actual Total Time": 0.25,
                            "Actual Rows": 1,
                            "Actual Loops": 153,
                            "Output": [
                              "customer_demographics.cd_demo_sk"
                            ],
                            "Index Cond": "(customer_demographics.cd_demo_sk = customer.c_current_cdemo_sk)",
                            "Rows Removed by Index Recheck": 0,
                            "Heap Fetches": 0,
                            "Shared Hit Blocks": 287,
                            "Shared Read Blocks": 165,
                            "Shared Dirtied Blocks": 0,
                            "Shared Written Blocks": 0,
                            "Local Hit Blocks": 0,
                            "Local Read Blocks": 0,
                            "Local Dirtied Blocks": 0,
                            "Local Written Blocks": 0,
                            "Temp Read Blocks": 0,
                            "Temp Written Blocks": 0,
                            "Workers": [
                              {
                                "Worker Number": 0,
                                "Actual Startup Time": 0.233,
                                "Actual Total Time": 0.233,
                                "Actual Rows": 1,
                                "Actual Loops": 58,
                                "Shared Hit Blocks": 107,
                                "Shared Read Blocks": 60,
                                "Shared Dirtied Blocks": 0,
                                "Shared Written Blocks": 0,
                                "Local Hit Blocks": 0,
                                "Local Read Blocks": 0,
                                "Local Dirtied Blocks": 0,
                                "Local Written Blocks": 0,
                                "Temp Read Blocks": 0,
                                "Temp Written Blocks": 0
                              },
                              {
                                "Worker Number": 1,
                                "Actual Startup Time": 0.287,
                                "Actual Total Time": 0.287,
                                "Actual Rows": 1,
                                "Actual Loops": 59,
                                "Shared Hit Blocks": 109,
                                "Shared Read Blocks": 67,
                                "Shared Dirtied Blocks": 0,
                                "Shared Written Blocks": 0,
                                "Local Hit Blocks": 0,
                                "Local Read Blocks": 0,
                                "Local Dirtied Blocks": 0,
                                "Local Written Blocks": 0,
                                "Temp Read Blocks": 0,
                                "Temp Written Blocks": 0
                              }
                            ]
                          }
                        ]
                      },
                      {
                        "Node Type": "Index Only Scan",
                        "Parent Relationship": "Inner",
                        "Parallel Aware": false,
                        "Async Capable": false,
                        "Scan Direction": "Forward",
                        "Index Name": "_dta_index_store_returns_6_1013578649__k5_1_3_10_11",
                        "Relation Name": "store_returns",
                        "Schema": "public",
                        "Alias": "store_returns",
                        "Startup Cost": 0.43,
                        "Total Cost": 1.21,
                        "Plan Rows": 26,
                        "Plan Width": 4,
                        "Actual Startup Time": 0.783,
                        "Actual Total Time": 1.33,
                        "Actual Rows": 4,
                        "Actual Loops": 149,
                        "Output": [
                          "store_returns.sr_cdemo_sk",
                          "store_returns.sr_returned_date_sk",
                          "store_returns.sr_item_sk",
                          "store_returns.sr_ticket_number",
                          "store_returns.sr_return_quantity"
                        ],
                        "Index Cond": "(store_returns.sr_cdemo_sk = customer_demographics.cd_demo_sk)",
                        "Rows Removed by Index Recheck": 0,
                        "Heap Fetches": 567,
                        "Shared Hit Blocks": 458,
                        "Shared Read Blocks": 745,
                        "Shared Dirtied Blocks": 0,
                        "Shared Written Blocks": 0,
                        "Local Hit Blocks": 0,
                        "Local Read Blocks": 0,
                        "Local Dirtied Blocks": 0,
                        "Local Written Blocks": 0,
                        "Temp Read Blocks": 0,
                        "Temp Written Blocks": 0,
                        "Workers": [
                          {
                            "Worker Number": 0,
                            "Actual Startup Time": 0.858,
                            "Actual Total Time": 1.317,
                            "Actual Rows": 3,
                            "Actual Loops": 55,
                            "Shared Hit Blocks": 161,
                            "Shared Read Blocks": 249,
                            "Shared Dirtied Blocks": 0,
                            "Shared Written Blocks": 0,
                            "Local Hit Blocks": 0,
                            "Local Read Blocks": 0,
                            "Local Dirtied Blocks": 0,
                            "Local Written Blocks": 0,
                            "Temp Read Blocks": 0,
                            "Temp Written Blocks": 0
                          },
                          {
                            "Worker Number": 1,
                            "Actual Startup Time": 0.754,
                            "Actual Total Time": 1.476,
                            "Actual Rows": 5,
                            "Actual Loops": 58,
                            "Shared Hit Blocks": 197,
                            "Shared Read Blocks": 353,
                            "Shared Dirtied Blocks": 0,
                            "Shared Written Blocks": 0,
                            "Local Hit Blocks": 0,
                            "Local Read Blocks": 0,
                            "Local Dirtied Blocks": 0,
                            "Local Written Blocks": 0,
                            "Temp Read Blocks": 0,
                            "Temp Written Blocks": 0
                          }
                        ]
                      }
                    ]
                  }
                ]
              }
            ]
          }
        ]
      },
      "Planning": {
        "Shared Hit Blocks": 30,
        "Shared Read Blocks": 30,
        "Shared Dirtied Blocks": 0,
        "Shared Written Blocks": 0,
        "Local Hit Blocks": 0,
        "Local Read Blocks": 0,
        "Local Dirtied Blocks": 0,
        "Local Written Blocks": 0,
        "Temp Read Blocks": 0,
        "Temp Written Blocks": 0
      },
      "Planning Time": 8.173,
      "Triggers": [],
      "Execution Time": 1664.505
    }
  ],
  "original_sql": "select  c_customer_id as customer_id\n       , coalesce(c_last_name,'') || ', ' || coalesce(c_first_name,'') as customername\n from customer\n     ,customer_address\n     ,customer_demographics\n     ,household_demographics\n     ,income_band\n     ,store_returns\n where ca_city\t        =  'Lakeview'\n   and c_current_addr_sk = ca_address_sk\n   and ib_lower_bound   >=  69452\n   and ib_upper_bound   <=  69452 + 50000\n   and ib_income_band_sk = hd_income_band_sk\n   and cd_demo_sk = c_current_cdemo_sk\n   and hd_demo_sk = c_current_hdemo_sk\n   and sr_cdemo_sk = cd_demo_sk\n order by c_customer_id\n limit 100"
}