{
  "query_id": "query054_multi",
  "engine": "postgresql",
  "benchmark": "dsb",
  "scale_factor": 10,
  "execution_time_ms": 541.854,
  "planning_time_ms": 4.835,
  "plan_json": [
    {
      "Plan": {
        "Node Type": "Limit",
        "Parallel Aware": false,
        "Async Capable": false,
        "Startup Cost": 11028.09,
        "Total Cost": 11028.14,
        "Plan Rows": 2,
        "Plan Width": 16,
        "Actual Startup Time": 541.7,
        "Actual Total Time": 541.764,
        "Actual Rows": 0,
        "Actual Loops": 1,
        "Output": [
          "(((my_revenue.revenue / '50'::numeric))::integer)",
          "(count(*))",
          "(((((my_revenue.revenue / '50'::numeric))::integer) * 50))"
        ],
        "Shared Hit Blocks": 63147,
        "Shared Read Blocks": 2013,
        "Shared Dirtied Blocks": 0,
        "Shared Written Blocks": 0,
        "Local Hit Blocks": 0,
        "Local Read Blocks": 0,
        "Local Dirtied Blocks": 0,
        "Local Written Blocks": 0,
        "Temp Read Blocks": 0,
        "Temp Written Blocks": 0,
        "Plans": [
          {
            "Node Type": "Incremental Sort",
            "Parent Relationship": "Outer",
            "Parallel Aware": false,
            "Async Capable": false,
            "Startup Cost": 11028.09,
            "Total Cost": 11028.14,
            "Plan Rows": 2,
            "Plan Width": 16,
            "Actual Startup Time": 541.699,
            "Actual Total Time": 541.763,
            "Actual Rows": 0,
            "Actual Loops": 1,
            "Output": [
              "(((my_revenue.revenue / '50'::numeric))::integer)",
              "(count(*))",
              "(((((my_revenue.revenue / '50'::numeric))::integer) * 50))"
            ],
            "Sort Key": [
              "(((my_revenue.revenue / '50'::numeric))::integer)",
              "(count(*))"
            ],
            "Presorted Key": [
              "(((my_revenue.revenue / '50'::numeric))::integer)"
            ],
            "Full-sort Groups": {
              "Group Count": 1,
              "Sort Methods Used": [
                "quicksort"
              ],
              "Sort Space Memory": {
                "Average Sort Space Used": 25,
                "Peak Sort Space Used": 25
              }
            },
            "Shared Hit Blocks": 63147,
            "Shared Read Blocks": 2013,
            "Shared Dirtied Blocks": 0,
            "Shared Written Blocks": 0,
            "Local Hit Blocks": 0,
            "Local Read Blocks": 0,
            "Local Dirtied Blocks": 0,
            "Local Written Blocks": 0,
            "Temp Read Blocks": 0,
            "Temp Written Blocks": 0,
            "Plans": [
              {
                "Node Type": "Aggregate",
                "Strategy": "Sorted",
                "Partial Mode": "Simple",
                "Parent Relationship": "Outer",
                "Parallel Aware": false,
                "Async Capable": false,
                "Startup Cost": 11028.05,
                "Total Cost": 11028.08,
                "Plan Rows": 1,
                "Plan Width": 16,
                "Actual Startup Time": 541.686,
                "Actual Total Time": 541.75,
                "Actual Rows": 0,
                "Actual Loops": 1,
                "Output": [
                  "(((my_revenue.revenue / '50'::numeric))::integer)",
                  "count(*)",
                  "((((my_revenue.revenue / '50'::numeric))::integer) * 50)"
                ],
                "Group Key": [
                  "(((my_revenue.revenue / '50'::numeric))::integer)"
                ],
                "Shared Hit Blocks": 63144,
                "Shared Read Blocks": 2013,
                "Shared Dirtied Blocks": 0,
                "Shared Written Blocks": 0,
                "Local Hit Blocks": 0,
                "Local Read Blocks": 0,
                "Local Dirtied Blocks": 0,
                "Local Written Blocks": 0,
                "Temp Read Blocks": 0,
                "Temp Written Blocks": 0,
                "Plans": [
                  {
                    "Node Type": "Sort",
                    "Parent Relationship": "Outer",
                    "Parallel Aware": false,
                    "Async Capable": false,
                    "Startup Cost": 11028.05,
                    "Total Cost": 11028.05,
                    "Plan Rows": 1,
                    "Plan Width": 36,
                    "Actual Startup Time": 541.686,
                    "Actual Total Time": 541.749,
                    "Actual Rows": 0,
                    "Actual Loops": 1,
                    "Output": [
                      "(((my_revenue.revenue / '50'::numeric))::integer)",
                      "my_revenue.revenue"
                    ],
                    "Sort Key": [
                      "(((my_revenue.revenue / '50'::numeric))::integer)"
                    ],
                    "Sort Method": "quicksort",
                    "Sort Space Used": 25,
                    "Sort Space Type": "Memory",
                    "Shared Hit Blocks": 63144,
                    "Shared Read Blocks": 2013,
                    "Shared Dirtied Blocks": 0,
                    "Shared Written Blocks": 0,
                    "Local Hit Blocks": 0,
                    "Local Read Blocks": 0,
                    "Local Dirtied Blocks": 0,
                    "Local Written Blocks": 0,
                    "Temp Read Blocks": 0,
                    "Temp Written Blocks": 0,
                    "Plans": [
                      {
                        "Node Type": "Subquery Scan",
                        "Parent Relationship": "Outer",
                        "Parallel Aware": false,
                        "Async Capable": false,
                        "Alias": "my_revenue",
                        "Startup Cost": 9787.29,
                        "Total Cost": 11028.04,
                        "Plan Rows": 1,
                        "Plan Width": 36,
                        "Actual Startup Time": 541.683,
                        "Actual Total Time": 541.746,
                        "Actual Rows": 0,
                        "Actual Loops": 1,
                        "Output": [
                          "((my_revenue.revenue / '50'::numeric))::integer",
                          "my_revenue.revenue"
                        ],
                        "Shared Hit Blocks": 63144,
                        "Shared Read Blocks": 2013,
                        "Shared Dirtied Blocks": 0,
                        "Shared Written Blocks": 0,
                        "Local Hit Blocks": 0,
                        "Local Read Blocks": 0,
                        "Local Dirtied Blocks": 0,
                        "Local Written Blocks": 0,
                        "Temp Read Blocks": 0,
                        "Temp Written Blocks": 0,
                        "Plans": [
                          {
                            "Node Type": "Aggregate",
                            "Strategy": "Sorted",
                            "Partial Mode": "Simple",
                            "Parent Relationship": "Subquery",
                            "Parallel Aware": false,
                            "Async Capable": false,
                            "Startup Cost": 9787.29,
                            "Total Cost": 11028.02,
                            "Plan Rows": 1,
                            "Plan Width": 36,
                            "Actual Startup Time": 541.682,
                            "Actual Total Time": 541.745,
                            "Actual Rows": 0,
                            "Actual Loops": 1,
                            "Output": [
                              "customer.c_customer_sk",
                              "sum(store_sales.ss_ext_sales_price)"
                            ],
                            "Group Key": [
                              "customer.c_customer_sk"
                            ],
                            "Shared Hit Blocks": 63144,
                            "Shared Read Blocks": 2013,
                            "Shared Dirtied Blocks": 0,
                            "Shared Written Blocks": 0,
                            "Local Hit Blocks": 0,
                            "Local Read Blocks": 0,
                            "Local Dirtied Blocks": 0,
                            "Local Written Blocks": 0,
                            "Temp Read Blocks": 0,
                            "Temp Written Blocks": 0,
                            "Plans": [
                              {
                                "Node Type": "Aggregate",
                                "Strategy": "Hashed",
                                "Partial Mode": "Simple",
                                "Parent Relationship": "InitPlan",
                                "Subplan Name": "InitPlan 1 (returns $0)",
                                "Parallel Aware": false,
                                "Async Capable": false,
                                "Startup Cost": 16.5,
                                "Total Cost": 16.87,
                                "Plan Rows": 29,
                                "Plan Width": 4,
                                "Actual Startup Time": 0.0,
                                "Actual Total Time": 0.0,
                                "Actual Rows": 0,
                                "Actual Loops": 0,
                                "Output": [
                                  "((date_dim_2.d_month_seq + 1))"
                                ],
                                "Group Key": [
                                  "(date_dim_2.d_month_seq + 1)"
                                ],
                                "Planned Partitions": 0,
                                "Shared Hit Blocks": 0,
                                "Shared Read Blocks": 0,
                                "Shared Dirtied Blocks": 0,
                                "Shared Written Blocks": 0,
                                "Local Hit Blocks": 0,
                                "Local Read Blocks": 0,
                                "Local Dirtied Blocks": 0,
                                "Local Written Blocks": 0,
                                "Temp Read Blocks": 0,
                                "Temp Written Blocks": 0,
                                "Plans": [
                                  {
                                    "Node Type": "Index Only Scan",
                                    "Parent Relationship": "Outer",
                                    "Parallel Aware": false,
                                    "Async Capable": false,
                                    "Scan Direction": "Forward",
                                    "Index Name": "_dta_index_date_dim_6_661577395__k7_k4_k9_k1",
                                    "Relation Name": "date_dim",
                                    "Schema": "public",
                                    "Alias": "date_dim_2",
                                    "Startup Cost": 0.42,
                                    "Total Cost": 16.43,
                                    "Plan Rows": 29,
                                    "Plan Width": 4,
                                    "Actual Startup Time": 0.0,
                                    "Actual Total Time": 0.0,
                                    "Actual Rows": 0,
                                    "Actual Loops": 0,
                                    "Output": [
                                      "(date_dim_2.d_month_seq + 1)"
                                    ],
                                    "Index Cond": "((date_dim_2.d_year = 1998) AND (date_dim_2.d_moy = 11))",
                                    "Rows Removed by Index Recheck": 0,
                                    "Heap Fetches": 0,
                                    "Shared Hit Blocks": 0,
                                    "Shared Read Blocks": 0,
                                    "Shared Dirtied Blocks": 0,
                                    "Shared Written Blocks": 0,
                                    "Local Hit Blocks": 0,
                                    "Local Read Blocks": 0,
                                    "Local Dirtied Blocks": 0,
                                    "Local Written Blocks": 0,
                                    "Temp Read Blocks": 0,
                                    "Temp Written Blocks": 0
                                  }
                                ]
                              },
                              {
                                "Node Type": "Aggregate",
                                "Strategy": "Hashed",
                                "Partial Mode": "Simple",
                                "Parent Relationship": "InitPlan",
                                "Subplan Name": "InitPlan 2 (returns $1)",
                                "Parallel Aware": false,
                                "Async Capable": false,
                                "Startup Cost": 16.5,
                                "Total Cost": 16.87,
                                "Plan Rows": 29,
                                "Plan Width": 4,
                                "Actual Startup Time": 0.0,
                                "Actual Total Time": 0.0,
                                "Actual Rows": 0,
                                "Actual Loops": 0,
                                "Output": [
                                  "((date_dim_3.d_month_seq + 3))"
                                ],
                                "Group Key": [
                                  "(date_dim_3.d_month_seq + 3)"
                                ],
                                "Planned Partitions": 0,
                                "Shared Hit Blocks": 0,
                                "Shared Read Blocks": 0,
                                "Shared Dirtied Blocks": 0,
                                "Shared Written Blocks": 0,
                                "Local Hit Blocks": 0,
                                "Local Read Blocks": 0,
                                "Local Dirtied Blocks": 0,
                                "Local Written Blocks": 0,
                                "Temp Read Blocks": 0,
                                "Temp Written Blocks": 0,
                                "Plans": [
                                  {
                                    "Node Type": "Index Only Scan",
                                    "Parent Relationship": "Outer",
                                    "Parallel Aware": false,
                                    "Async Capable": false,
                                    "Scan Direction": "Forward",
                                    "Index Name": "_dta_index_date_dim_6_661577395__k7_k4_k9_k1",
                                    "Relation Name": "date_dim",
                                    "Schema": "public",
                                    "Alias": "date_dim_3",
                                    "Startup Cost": 0.42,
                                    "Total Cost": 16.43,
                                    "Plan Rows": 29,
                                    "Plan Width": 4,
                                    "Actual Startup Time": 0.0,
                                    "Actual Total Time": 0.0,
                                    "Actual Rows": 0,
                                    "Actual Loops": 0,
                                    "Output": [
                                      "(date_dim_3.d_month_seq + 3)"
                                    ],
                                    "Index Cond": "((date_dim_3.d_year = 1998) AND (date_dim_3.d_moy = 11))",
                                    "Rows Removed by Index Recheck": 0,
                                    "Heap Fetches": 0,
                                    "Shared Hit Blocks": 0,
                                    "Shared Read Blocks": 0,
                                    "Shared Dirtied Blocks": 0,
                                    "Shared Written Blocks": 0,
                                    "Local Hit Blocks": 0,
                                    "Local Read Blocks": 0,
                                    "Local Dirtied Blocks": 0,
                                    "Local Written Blocks": 0,
                                    "Temp Read Blocks": 0,
                                    "Temp Written Blocks": 0
                                  }
                                ]
                              },
                              {
                                "Node Type": "Nested Loop",
                                "Parent Relationship": "Outer",
                                "Parallel Aware": false,
                                "Async Capable": false,
                                "Join Type": "Inner",
                                "Startup Cost": 9753.56,
                                "Total Cost": 10994.28,
                                "Plan Rows": 1,
                                "Plan Width": 10,
                                "Actual Startup Time": 541.681,
                                "Actual Total Time": 541.741,
                                "Actual Rows": 0,
                                "Actual Loops": 1,
                                "Output": [
                                  "customer.c_customer_sk",
                                  "store_sales.ss_ext_sales_price"
                                ],
                                "Inner Unique": true,
                                "Shared Hit Blocks": 63144,
                                "Shared Read Blocks": 2013,
                                "Shared Dirtied Blocks": 0,
                                "Shared Written Blocks": 0,
                                "Local Hit Blocks": 0,
                                "Local Read Blocks": 0,
                                "Local Dirtied Blocks": 0,
                                "Local Written Blocks": 0,
                                "Temp Read Blocks": 0,
                                "Temp Written Blocks": 0,
                                "Plans": [
                                  {
                                    "Node Type": "Nested Loop",
                                    "Parent Relationship": "Outer",
                                    "Parallel Aware": false,
                                    "Async Capable": false,
                                    "Join Type": "Inner",
                                    "Startup Cost": 9753.27,
                                    "Total Cost": 10993.96,
                                    "Plan Rows": 1,
                                    "Plan Width": 14,
                                    "Actual Startup Time": 541.68,
                                    "Actual Total Time": 541.741,
                                    "Actual Rows": 0,
                                    "Actual Loops": 1,
                                    "Output": [
                                      "customer.c_customer_sk",
                                      "store_sales.ss_ext_sales_price",
                                      "store_sales.ss_sold_date_sk"
                                    ],
                                    "Inner Unique": false,
                                    "Shared Hit Blocks": 63144,
                                    "Shared Read Blocks": 2013,
                                    "Shared Dirtied Blocks": 0,
                                    "Shared Written Blocks": 0,
                                    "Local Hit Blocks": 0,
                                    "Local Read Blocks": 0,
                                    "Local Dirtied Blocks": 0,
                                    "Local Written Blocks": 0,
                                    "Temp Read Blocks": 0,
                                    "Temp Written Blocks": 0,
                                    "Plans": [
                                      {
                                        "Node Type": "Nested Loop",
                                        "Parent Relationship": "Outer",
                                        "Parallel Aware": false,
                                        "Async Capable": false,
                                        "Join Type": "Inner",
                                        "Startup Cost": 9742.34,
                                        "Total Cost": 9751.78,
                                        "Plan Rows": 1,
                                        "Plan Width": 4,
                                        "Actual Startup Time": 541.68,
                                        "Actual Total Time": 541.74,
                                        "Actual Rows": 0,
                                        "Actual Loops": 1,
                                        "Output": [
                                          "customer.c_customer_sk"
                                        ],
                                        "Inner Unique": false,
                                        "Shared Hit Blocks": 63144,
                                        "Shared Read Blocks": 2013,
                                        "Shared Dirtied Blocks": 0,
                                        "Shared Written Blocks": 0,
                                        "Local Hit Blocks": 0,
                                        "Local Read Blocks": 0,
                                        "Local Dirtied Blocks": 0,
                                        "Local Written Blocks": 0,
                                        "Temp Read Blocks": 0,
                                        "Temp Written Blocks": 0,
                                        "Plans": [
                                          {
                                            "Node Type": "Nested Loop",
                                            "Parent Relationship": "Outer",
                                            "Parallel Aware": false,
                                            "Async Capable": false,
                                            "Join Type": "Inner",
                                            "Startup Cost": 9742.2,
                                            "Total Cost": 9750.23,
                                            "Plan Rows": 1,
                                            "Plan Width": 21,
                                            "Actual Startup Time": 541.571,
                                            "Actual Total Time": 541.632,
                                            "Actual Rows": 1,
                                            "Actual Loops": 1,
                                            "Output": [
                                              "customer.c_customer_sk",
                                              "customer_address.ca_county",
                                              "customer_address.ca_state"
                                            ],
                                            "Inner Unique": true,
                                            "Shared Hit Blocks": 63139,
                                            "Shared Read Blocks": 2012,
                                            "Shared Dirtied Blocks": 0,
                                            "Shared Written Blocks": 0,
                                            "Local Hit Blocks": 0,
                                            "Local Read Blocks": 0,
                                            "Local Dirtied Blocks": 0,
                                            "Local Written Blocks": 0,
                                            "Temp Read Blocks": 0,
                                            "Temp Written Blocks": 0,
                                            "Plans": [
                                              {
                                                "Node Type": "Unique",
                                                "Parent Relationship": "Outer",
                                                "Parallel Aware": false,
                                                "Async Capable": false,
                                                "Startup Cost": 9741.78,
                                                "Total Cost": 9741.79,
                                                "Plan Rows": 1,
                                                "Plan Width": 8,
                                                "Actual Startup Time": 541.233,
                                                "Actual Total Time": 541.293,
                                                "Actual Rows": 1,
                                                "Actual Loops": 1,
                                                "Output": [
                                                  "customer.c_customer_sk",
                                                  "customer.c_current_addr_sk"
                                                ],
                                                "Shared Hit Blocks": 63139,
                                                "Shared Read Blocks": 2008,
                                                "Shared Dirtied Blocks": 0,
                                                "Shared Written Blocks": 0,
                                                "Local Hit Blocks": 0,
                                                "Local Read Blocks": 0,
                                                "Local Dirtied Blocks": 0,
                                                "Local Written Blocks": 0,
                                                "Temp Read Blocks": 0,
                                                "Temp Written Blocks": 0,
                                                "Plans": [
                                                  {
                                                    "Node Type": "Sort",
                                                    "Parent Relationship": "Outer",
                                                    "Parallel Aware": false,
                                                    "Async Capable": false,
                                                    "Startup Cost": 9741.78,
                                                    "Total Cost": 9741.79,
                                                    "Plan Rows": 1,
                                                    "Plan Width": 8,
                                                    "Actual Startup Time": 541.233,
                                                    "Actual Total Time": 541.292,
                                                    "Actual Rows": 1,
                                                    "Actual Loops": 1,
                                                    "Output": [
                                                      "customer.c_customer_sk",
                                                      "customer.c_current_addr_sk"
                                                    ],
                                                    "Sort Key": [
                                                      "customer.c_customer_sk",
                                                      "customer.c_current_addr_sk"
                                                    ],
                                                    "Sort Method": "quicksort",
                                                    "Sort Space Used": 25,
                                                    "Sort Space Type": "Memory",
                                                    "Shared Hit Blocks": 63139,
                                                    "Shared Read Blocks": 2008,
                                                    "Shared Dirtied Blocks": 0,
                                                    "Shared Written Blocks": 0,
                                                    "Local Hit Blocks": 0,
                                                    "Local Read Blocks": 0,
                                                    "Local Dirtied Blocks": 0,
                                                    "Local Written Blocks": 0,
                                                    "Temp Read Blocks": 0,
                                                    "Temp Written Blocks": 0,
                                                    "Plans": [
                                                      {
                                                        "Node Type": "Nested Loop",
                                                        "Parent Relationship": "Outer",
                                                        "Parallel Aware": false,
                                                        "Async Capable": false,
                                                        "Join Type": "Inner",
                                                        "Startup Cost": 1001.69,
                                                        "Total Cost": 9741.77,
                                                        "Plan Rows": 1,
                                                        "Plan Width": 8,
                                                        "Actual Startup Time": 320.536,
                                                        "Actual Total Time": 541.284,
                                                        "Actual Rows": 1,
                                                        "Actual Loops": 1,
                                                        "Output": [
                                                          "customer.c_customer_sk",
                                                          "customer.c_current_addr_sk"
                                                        ],
                                                        "Inner Unique": true,
                                                        "Shared Hit Blocks": 63139,
                                                        "Shared Read Blocks": 2008,
                                                        "Shared Dirtied Blocks": 0,
                                                        "Shared Written Blocks": 0,
                                                        "Local Hit Blocks": 0,
                                                        "Local Read Blocks": 0,
                                                        "Local Dirtied Blocks": 0,
                                                        "Local Written Blocks": 0,
                                                        "Temp Read Blocks": 0,
                                                        "Temp Written Blocks": 0,
                                                        "Plans": [
                                                          {
                                                            "Node Type": "Gather",
                                                            "Parent Relationship": "Outer",
                                                            "Parallel Aware": false,
                                                            "Async Capable": false,
                                                            "Startup Cost": 1001.27,
                                                            "Total Cost": 9740.56,
                                                            "Plan Rows": 1,
                                                            "Plan Width": 4,
                                                            "Actual Startup Time": 42.673,
                                                            "Actual Total Time": 514.439,
                                                            "Actual Rows": 100,
                                                            "Actual Loops": 1,
                                                            "Output": [
                                                              "catalog_sales.cs_bill_customer_sk"
                                                            ],
                                                            "Workers Planned": 2,
                                                            "Workers Launched": 2,
                                                            "Single Copy": false,
                                                            "Shared Hit Blocks": 62941,
                                                            "Shared Read Blocks": 1806,
                                                            "Shared Dirtied Blocks": 0,
                                                            "Shared Written Blocks": 0,
                                                            "Local Hit Blocks": 0,
                                                            "Local Read Blocks": 0,
                                                            "Local Dirtied Blocks": 0,
                                                            "Local Written Blocks": 0,
                                                            "Temp Read Blocks": 0,
                                                            "Temp Written Blocks": 0,
                                                            "Plans": [
                                                              {
                                                                "Node Type": "Nested Loop",
                                                                "Parent Relationship": "Outer",
                                                                "Parallel Aware": false,
                                                                "Async Capable": false,
                                                                "Join Type": "Inner",
                                                                "Startup Cost": 1.27,
                                                                "Total Cost": 8740.46,
                                                                "Plan Rows": 1,
                                                                "Plan Width": 4,
                                                                "Actual Startup Time": 27.726,
                                                                "Actual Total Time": 184.925,
                                                                "Actual Rows": 33,
                                                                "Actual Loops": 3,
                                                                "Output": [
                                                                  "catalog_sales.cs_bill_customer_sk"
                                                                ],
                                                                "Inner Unique": false,
                                                                "Shared Hit Blocks": 62941,
                                                                "Shared Read Blocks": 1806,
                                                                "Shared Dirtied Blocks": 0,
                                                                "Shared Written Blocks": 0,
                                                                "Local Hit Blocks": 0,
                                                                "Local Read Blocks": 0,
                                                                "Local Dirtied Blocks": 0,
                                                                "Local Written Blocks": 0,
                                                                "Temp Read Blocks": 0,
                                                                "Temp Written Blocks": 0,
                                                                "Workers": [
                                                                  {
                                                                    "Worker Number": 0,
                                                                    "Actual Startup Time": 20.344,
                                                                    "Actual Total Time": 20.347,
                                                                    "Actual Rows": 0,
                                                                    "Actual Loops": 1,
                                                                    "Shared Hit Blocks": 0,
                                                                    "Shared Read Blocks": 111,
                                                                    "Shared Dirtied Blocks": 0,
                                                                    "Shared Written Blocks": 0,
                                                                    "Local Hit Blocks": 0,
                                                                    "Local Read Blocks": 0,
                                                                    "Local Dirtied Blocks": 0,
                                                                    "Local Written Blocks": 0,
                                                                    "Temp Read Blocks": 0,
                                                                    "Temp Written Blocks": 0
                                                                  },
                                                                  {
                                                                    "Worker Number": 1,
                                                                    "Actual Startup Time": 20.38,
                                                                    "Actual Total Time": 20.383,
                                                                    "Actual Rows": 0,
                                                                    "Actual Loops": 1,
                                                                    "Shared Hit Blocks": 0,
                                                                    "Shared Read Blocks": 30,
                                                                    "Shared Dirtied Blocks": 0,
                                                                    "Shared Written Blocks": 0,
                                                                    "Local Hit Blocks": 0,
                                                                    "Local Read Blocks": 0,
                                                                    "Local Dirtied Blocks": 0,
                                                                    "Local Written Blocks": 0,
                                                                    "Temp Read Blocks": 0,
                                                                    "Temp Written Blocks": 0
                                                                  }
                                                                ],
                                                                "Plans": [
                                                                  {
                                                                    "Node Type": "Index Only Scan",
                                                                    "Parent Relationship": "Outer",
                                                                    "Parallel Aware": true,
                                                                    "Async Capable": false,
                                                                    "Scan Direction": "Forward",
                                                                    "Index Name": "_dta_index_date_dim_6_661577395__k1_k7_k9",
                                                                    "Relation Name": "date_dim",
                                                                    "Schema": "public",
                                                                    "Alias": "date_dim_1",
                                                                    "Startup Cost": 0.29,
                                                                    "Total Cost": 1862.9,
                                                                    "Plan Rows": 12,
                                                                    "Plan Width": 4,
                                                                    "Actual Startup Time": 20.29,
                                                                    "Actual Total Time": 20.302,
                                                                    "Actual Rows": 10,
                                                                    "Actual Loops": 3,
                                                                    "Output": [
                                                                      "date_dim_1.d_date_sk",
                                                                      "date_dim_1.d_year",
                                                                      "date_dim_1.d_moy"
                                                                    ],
                                                                    "Index Cond": "((date_dim_1.d_year = 1998) AND (date_dim_1.d_moy = 11))",
                                                                    "Rows Removed by Index Recheck": 0,
                                                                    "Heap Fetches": 0,
                                                                    "Shared Hit Blocks": 0,
                                                                    "Shared Read Blocks": 282,
                                                                    "Shared Dirtied Blocks": 0,
                                                                    "Shared Written Blocks": 0,
                                                                    "Local Hit Blocks": 0,
                                                                    "Local Read Blocks": 0,
                                                                    "Local Dirtied Blocks": 0,
                                                                    "Local Written Blocks": 0,
                                                                    "Temp Read Blocks": 0,
                                                                    "Temp Written Blocks": 0,
                                                                    "Workers": [
                                                                      {
                                                                        "Worker Number": 0,
                                                                        "Actual Startup Time": 20.343,
                                                                        "Actual Total Time": 20.344,
                                                                        "Actual Rows": 0,
                                                                        "Actual Loops": 1,
                                                                        "Shared Hit Blocks": 0,
                                                                        "Shared Read Blocks": 111,
                                                                        "Shared Dirtied Blocks": 0,
                                                                        "Shared Written Blocks": 0,
                                                                        "Local Hit Blocks": 0,
                                                                        "Local Read Blocks": 0,
                                                                        "Local Dirtied Blocks": 0,
                                                                        "Local Written Blocks": 0,
                                                                        "Temp Read Blocks": 0,
                                                                        "Temp Written Blocks": 0
                                                                      },
                                                                      {
                                                                        "Worker Number": 1,
                                                                        "Actual Startup Time": 20.379,
                                                                        "Actual Total Time": 20.38,
                                                                        "Actual Rows": 0,
                                                                        "Actual Loops": 1,
                                                                        "Shared Hit Blocks": 0,
                                                                        "Shared Read Blocks": 30,
                                                                        "Shared Dirtied Blocks": 0,
                                                                        "Shared Written Blocks": 0,
                                                                        "Local Hit Blocks": 0,
                                                                        "Local Read Blocks": 0,
                                                                        "Local Dirtied Blocks": 0,
                                                                        "Local Written Blocks": 0,
                                                                        "Temp Read Blocks": 0,
                                                                        "Temp Written Blocks": 0
                                                                      }
                                                                    ]
                                                                  },
                                                                  {
                                                                    "Node Type": "Nested Loop",
                                                                    "Parent Relationship": "Inner",
                                                                    "Parallel Aware": false,
                                                                    "Async Capable": false,
                                                                    "Join Type": "Inner",
                                                                    "Startup Cost": 0.98,
                                                                    "Total Cost": 572.47,
                                                                    "Plan Rows": 66,
                                                                    "Plan Width": 8,
                                                                    "Actual Startup Time": 4.15,
                                                                    "Actual Total Time": 16.457,
                                                                    "Actual Rows": 3,
                                                                    "Actual Loops": 30,
                                                                    "Output": [
                                                                      "catalog_sales.cs_sold_date_sk",
                                                                      "catalog_sales.cs_bill_customer_sk"
                                                                    ],
                                                                    "Inner Unique": false,
                                                                    "Shared Hit Blocks": 62941,
                                                                    "Shared Read Blocks": 1524,
                                                                    "Shared Dirtied Blocks": 0,
                                                                    "Shared Written Blocks": 0,
                                                                    "Local Hit Blocks": 0,
                                                                    "Local Read Blocks": 0,
                                                                    "Local Dirtied Blocks": 0,
                                                                    "Local Written Blocks": 0,
                                                                    "Temp Read Blocks": 0,
                                                                    "Temp Written Blocks": 0,
                                                                    "Workers": [],
                                                                    "Plans": [
                                                                      {
                                                                        "Node Type": "Index Only Scan",
                                                                        "Parent Relationship": "Outer",
                                                                        "Parallel Aware": false,
                                                                        "Async Capable": false,
                                                                        "Scan Direction": "Forward",
                                                                        "Index Name": "_dta_index_item_6_853578079__k13_k11_k1",
                                                                        "Relation Name": "item",
                                                                        "Schema": "public",
                                                                        "Alias": "item",
                                                                        "Startup Cost": 0.42,
                                                                        "Total Cost": 9.08,
                                                                        "Plan Rows": 33,
                                                                        "Plan Width": 4,
                                                                        "Actual Startup Time": 0.069,
                                                                        "Actual Total Time": 0.251,
                                                                        "Actual Rows": 304,
                                                                        "Actual Loops": 30,
                                                                        "Output": [
                                                                          "item.i_category",
                                                                          "item.i_class",
                                                                          "item.i_item_sk"
                                                                        ],
                                                                        "Index Cond": "((item.i_category = 'Books'::bpchar) AND (item.i_class = 'fiction'::bpchar))",
                                                                        "Rows Removed by Index Recheck": 0,
                                                                        "Heap Fetches": 0,
                                                                        "Shared Hit Blocks": 232,
                                                                        "Shared Read Blocks": 9,
                                                                        "Shared Dirtied Blocks": 0,
                                                                        "Shared Written Blocks": 0,
                                                                        "Local Hit Blocks": 0,
                                                                        "Local Read Blocks": 0,
                                                                        "Local Dirtied Blocks": 0,
                                                                        "Local Written Blocks": 0,
                                                                        "Temp Read Blocks": 0,
                                                                        "Temp Written Blocks": 0,
                                                                        "Workers": []
                                                                      },
                                                                      {
                                                                        "Node Type": "Append",
                                                                        "Parent Relationship": "Inner",
                                                                        "Parallel Aware": false,
                                                                        "Async Capable": false,
                                                                        "Startup Cost": 0.56,
                                                                        "Total Cost": 17.05,
                                                                        "Plan Rows": 2,
                                                                        "Plan Width": 12,
                                                                        "Actual Startup Time": 0.053,
                                                                        "Actual Total Time": 0.053,
                                                                        "Actual Rows": 0,
                                                                        "Actual Loops": 9120,
                                                                        "Shared Hit Blocks": 62709,
                                                                        "Shared Read Blocks": 1515,
                                                                        "Shared Dirtied Blocks": 0,
                                                                        "Shared Written Blocks": 0,
                                                                        "Local Hit Blocks": 0,
                                                                        "Local Read Blocks": 0,
                                                                        "Local Dirtied Blocks": 0,
                                                                        "Local Written Blocks": 0,
                                                                        "Temp Read Blocks": 0,
                                                                        "Temp Written Blocks": 0,
                                                                        "Workers": [],
                                                                        "Subplans Removed": 0,
                                                                        "Plans": [
                                                                          {
                                                                            "Node Type": "Index Scan",
                                                                            "Parent Relationship": "Member",
                                                                            "Parallel Aware": false,
                                                                            "Async Capable": false,
                                                                            "Scan Direction": "Forward",
                                                                            "Index Name": "_dta_index_catalog_sales_6_1301579675__k1_k16_k4_18_34",
                                                                            "Relation Name": "catalog_sales",
                                                                            "Schema": "public",
                                                                            "Alias": "catalog_sales",
                                                                            "Startup Cost": 0.56,
                                                                            "Total Cost": 8.59,
                                                                            "Plan Rows": 1,
                                                                            "Plan Width": 12,
                                                                            "Actual Startup Time": 0.039,
                                                                            "Actual Total Time": 0.039,
                                                                            "Actual Rows": 0,
                                                                            "Actual Loops": 9120,
                                                                            "Output": [
                                                                              "catalog_sales.cs_sold_date_sk",
                                                                              "catalog_sales.cs_item_sk",
                                                                              "catalog_sales.cs_bill_customer_sk"
                                                                            ],
                                                                            "Index Cond": "((catalog_sales.cs_sold_date_sk = date_dim_1.d_date_sk) AND (catalog_sales.cs_item_sk = item.i_item_sk))",
                                                                            "Rows Removed by Index Recheck": 0,
                                                                            "Filter": "((catalog_sales.cs_wholesale_cost >= '70'::numeric) AND (catalog_sales.cs_wholesale_cost <= '100'::numeric))",
                                                                            "Rows Removed by Filter": 0,
                                                                            "Shared Hit Blocks": 35605,
                                                                            "Shared Read Blocks": 1172,
                                                                            "Shared Dirtied Blocks": 0,
                                                                            "Shared Written Blocks": 0,
                                                                            "Local Hit Blocks": 0,
                                                                            "Local Read Blocks": 0,
                                                                            "Local Dirtied Blocks": 0,
                                                                            "Local Written Blocks": 0,
                                                                            "Temp Read Blocks": 0,
                                                                            "Temp Written Blocks": 0,
                                                                            "Workers": []
                                                                          },
                                                                          {
                                                                            "Node Type": "Index Scan",
                                                                            "Parent Relationship": "Member",
                                                                            "Parallel Aware": false,
                                                                            "Async Capable": false,
                                                                            "Scan Direction": "Forward",
                                                                            "Index Name": "_dta_index_web_sales_6_1269579561__k1_k4_k5_18",
                                                                            "Relation Name": "web_sales",
                                                                            "Schema": "public",
                                                                            "Alias": "web_sales",
                                                                            "Startup Cost": 0.43,
                                                                            "Total Cost": 8.46,
                                                                            "Plan Rows": 1,
                                                                            "Plan Width": 12,
                                                                            "Actual Startup Time": 0.014,
                                                                            "Actual Total Time": 0.014,
                                                                            "Actual Rows": 0,
                                                                            "Actual Loops": 9120,
                                                                            "Output": [
                                                                              "web_sales.ws_sold_date_sk",
                                                                              "web_sales.ws_item_sk",
                                                                              "web_sales.ws_bill_customer_sk"
                                                                            ],
                                                                            "Index Cond": "((web_sales.ws_sold_date_sk = date_dim_1.d_date_sk) AND (web_sales.ws_item_sk = item.i_item_sk))",
                                                                            "Rows Removed by Index Recheck": 0,
                                                                            "Filter": "((web_sales.ws_wholesale_cost >= '70'::numeric) AND (web_sales.ws_wholesale_cost <= '100'::numeric))",
                                                                            "Rows Removed by Filter": 0,
                                                                            "Shared Hit Blocks": 27104,
                                                                            "Shared Read Blocks": 343,
                                                                            "Shared Dirtied Blocks": 0,
                                                                            "Shared Written Blocks": 0,
                                                                            "Local Hit Blocks": 0,
                                                                            "Local Read Blocks": 0,
                                                                            "Local Dirtied Blocks": 0,
                                                                            "Local Written Blocks": 0,
                                                                            "Temp Read Blocks": 0,
                                                                            "Temp Written Blocks": 0,
                                                                            "Workers": []
                                                                          }
                                                                        ]
                                                                      }
                                                                    ]
                                                                  }
                                                                ]
                                                              }
                                                            ]
                                                          },
                                                          {
                                                            "Node Type": "Index Scan",
                                                            "Parent Relationship": "Inner",
                                                            "Parallel Aware": false,
                                                            "Async Capable": false,
                                                            "Scan Direction": "Forward",
                                                            "Index Name": "_dta_index_customer_6_949578421__k1_k5",
                                                            "Relation Name": "customer",
                                                            "Schema": "public",
                                                            "Alias": "customer",
                                                            "Startup Cost": 0.42,
                                                            "Total Cost": 1.21,
                                                            "Plan Rows": 1,
                                                            "Plan Width": 8,
                                                            "Actual Startup Time": 0.265,
                                                            "Actual Total Time": 0.265,
                                                            "Actual Rows": 0,
                                                            "Actual Loops": 100,
                                                            "Output": [
                                                              "customer.c_customer_sk",
                                                              "customer.c_customer_id",
                                                              "customer.c_current_cdemo_sk",
                                                              "customer.c_current_hdemo_sk",
                                                              "customer.c_current_addr_sk",
                                                              "customer.c_first_shipto_date_sk",
                                                              "customer.c_first_sales_date_sk",
                                                              "customer.c_salutation",
                                                              "customer.c_first_name",
                                                              "customer.c_last_name",
                                                              "customer.c_preferred_cust_flag",
                                                              "customer.c_birth_day",
                                                              "customer.c_birth_month",
                                                              "customer.c_birth_year",
                                                              "customer.c_birth_country",
                                                              "customer.c_login",
                                                              "customer.c_email_address",
                                                              "customer.c_last_review_date_sk"
                                                            ],
                                                            "Index Cond": "(customer.c_customer_sk = catalog_sales.cs_bill_customer_sk)",
                                                            "Rows Removed by Index Recheck": 0,
                                                            "Filter": "((customer.c_birth_year >= 1993) AND (customer.c_birth_year <= 2006))",
                                                            "Rows Removed by Filter": 1,
                                                            "Shared Hit Blocks": 198,
                                                            "Shared Read Blocks": 202,
                                                            "Shared Dirtied Blocks": 0,
                                                            "Shared Written Blocks": 0,
                                                            "Local Hit Blocks": 0,
                                                            "Local Read Blocks": 0,
                                                            "Local Dirtied Blocks": 0,
                                                            "Local Written Blocks": 0,
                                                            "Temp Read Blocks": 0,
                                                            "Temp Written Blocks": 0
                                                          }
                                                        ]
                                                      }
                                                    ]
                                                  }
                                                ]
                                              },
                                              {
                                                "Node Type": "Index Scan",
                                                "Parent Relationship": "Inner",
                                                "Parallel Aware": false,
                                                "Async Capable": false,
                                                "Scan Direction": "Forward",
                                                "Index Name": "customer_address_pkey",
                                                "Relation Name": "customer_address",
                                                "Schema": "public",
                                                "Alias": "customer_address",
                                                "Startup Cost": 0.42,
                                                "Total Cost": 8.44,
                                                "Plan Rows": 1,
                                                "Plan Width": 21,
                                                "Actual Startup Time": 0.335,
                                                "Actual Total Time": 0.335,
                                                "Actual Rows": 1,
                                                "Actual Loops": 1,
                                                "Output": [
                                                  "customer_address.ca_address_sk",
                                                  "customer_address.ca_address_id",
                                                  "customer_address.ca_street_number",
                                                  "customer_address.ca_street_name",
                                                  "customer_address.ca_street_type",
                                                  "customer_address.ca_suite_number",
                                                  "customer_address.ca_city",
                                                  "customer_address.ca_county",
                                                  "customer_address.ca_state",
                                                  "customer_address.ca_zip",
                                                  "customer_address.ca_country",
                                                  "customer_address.ca_gmt_offset",
                                                  "customer_address.ca_location_type"
                                                ],
                                                "Index Cond": "(customer_address.ca_address_sk = customer.c_current_addr_sk)",
                                                "Rows Removed by Index Recheck": 0,
                                                "Shared Hit Blocks": 0,
                                                "Shared Read Blocks": 4,
                                                "Shared Dirtied Blocks": 0,
                                                "Shared Written Blocks": 0,
                                                "Local Hit Blocks": 0,
                                                "Local Read Blocks": 0,
                                                "Local Dirtied Blocks": 0,
                                                "Local Written Blocks": 0,
                                                "Temp Read Blocks": 0,
                                                "Temp Written Blocks": 0
                                              }
                                            ]
                                          },
                                          {
                                            "Node Type": "Index Scan",
                                            "Parent Relationship": "Inner",
                                            "Parallel Aware": false,
                                            "Async Capable": false,
                                            "Scan Direction": "Forward",
                                            "Index Name": "_dta_index_store_6_885578193__k25_k1",
                                            "Relation Name": "store",
                                            "Schema": "public",
                                            "Alias": "store",
                                            "Startup Cost": 0.14,
                                            "Total Cost": 1.54,
                                            "Plan Rows": 1,
                                            "Plan Width": 17,
                                            "Actual Startup Time": 0.105,
                                            "Actual Total Time": 0.105,
                                            "Actual Rows": 0,
                                            "Actual Loops": 1,
                                            "Output": [
                                              "store.s_store_sk",
                                              "store.s_store_id",
                                              "store.s_rec_start_date",
                                              "store.s_rec_end_date",
                                              "store.s_closed_date_sk",
                                              "store.s_store_name",
                                              "store.s_number_employees",
                                              "store.s_floor_space",
                                              "store.s_hours",
                                              "store.s_manager",
                                              "store.s_market_id",
                                              "store.s_geography_class",
                                              "store.s_market_desc",
                                              "store.s_market_manager",
                                              "store.s_division_id",
                                              "store.s_division_name",
                                              "store.s_company_id",
                                              "store.s_company_name",
                                              "store.s_street_number",
                                              "store.s_street_name",
                                              "store.s_street_type",
                                              "store.s_suite_number",
                                              "store.s_city",
                                              "store.s_county",
                                              "store.s_state",
                                              "store.s_zip",
                                              "store.s_country",
                                              "store.s_gmt_offset",
                                              "store.s_tax_precentage"
                                            ],
                                            "Index Cond": "((store.s_state = customer_address.ca_state) AND (store.s_state = ANY ('{GA,IA,LA,MO,OH,PA,SD,TN,TX,VA}'::bpchar[])))",
                                            "Rows Removed by Index Recheck": 0,
                                            "Filter": "((customer_address.ca_county)::text = (store.s_county)::text)",
                                            "Rows Removed by Filter": 2,
                                            "Shared Hit Blocks": 5,
                                            "Shared Read Blocks": 1,
                                            "Shared Dirtied Blocks": 0,
                                            "Shared Written Blocks": 0,
                                            "Local Hit Blocks": 0,
                                            "Local Read Blocks": 0,
                                            "Local Dirtied Blocks": 0,
                                            "Local Written Blocks": 0,
                                            "Temp Read Blocks": 0,
                                            "Temp Written Blocks": 0
                                          }
                                        ]
                                      },
                                      {
                                        "Node Type": "Bitmap Heap Scan",
                                        "Parent Relationship": "Inner",
                                        "Parallel Aware": false,
                                        "Async Capable": false,
                                        "Relation Name": "store_sales",
                                        "Schema": "public",
                                        "Alias": "store_sales",
                                        "Startup Cost": 10.92,
                                        "Total Cost": 1241.3,
                                        "Plan Rows": 88,
                                        "Plan Width": 14,
                                        "Actual Startup Time": 0.0,
                                        "Actual Total Time": 0.0,
                                        "Actual Rows": 0,
                                        "Actual Loops": 0,
                                        "Output": [
                                          "store_sales.ss_sold_date_sk",
                                          "store_sales.ss_sold_time_sk",
                                          "store_sales.ss_item_sk",
                                          "store_sales.ss_customer_sk",
                                          "store_sales.ss_cdemo_sk",
                                          "store_sales.ss_hdemo_sk",
                                          "store_sales.ss_addr_sk",
                                          "store_sales.ss_store_sk",
                                          "store_sales.ss_promo_sk",
                                          "store_sales.ss_ticket_number",
                                          "store_sales.ss_quantity",
                                          "store_sales.ss_wholesale_cost",
                                          "store_sales.ss_list_price",
                                          "store_sales.ss_sales_price",
                                          "store_sales.ss_ext_discount_amt",
                                          "store_sales.ss_ext_sales_price",
                                          "store_sales.ss_ext_wholesale_cost",
                                          "store_sales.ss_ext_list_price",
                                          "store_sales.ss_ext_tax",
                                          "store_sales.ss_coupon_amt",
                                          "store_sales.ss_net_paid",
                                          "store_sales.ss_net_paid_inc_tax",
                                          "store_sales.ss_net_profit"
                                        ],
                                        "Recheck Cond": "(store_sales.ss_customer_sk = customer.c_customer_sk)",
                                        "Rows Removed by Index Recheck": 0,
                                        "Filter": "((store_sales.ss_wholesale_cost >= '70'::numeric) AND (store_sales.ss_wholesale_cost <= '100'::numeric))",
                                        "Rows Removed by Filter": 0,
                                        "Exact Heap Blocks": 0,
                                        "Lossy Heap Blocks": 0,
                                        "Shared Hit Blocks": 0,
                                        "Shared Read Blocks": 0,
                                        "Shared Dirtied Blocks": 0,
                                        "Shared Written Blocks": 0,
                                        "Local Hit Blocks": 0,
                                        "Local Read Blocks": 0,
                                        "Local Dirtied Blocks": 0,
                                        "Local Written Blocks": 0,
                                        "Temp Read Blocks": 0,
                                        "Temp Written Blocks": 0,
                                        "Plans": [
                                          {
                                            "Node Type": "Bitmap Index Scan",
                                            "Parent Relationship": "Outer",
                                            "Parallel Aware": false,
                                            "Async Capable": false,
                                            "Index Name": "_dta_index_store_sales_5_1333579789__k4_k8_k3_k1_16",
                                            "Startup Cost": 0.0,
                                            "Total Cost": 10.9,
                                            "Plan Rows": 312,
                                            "Plan Width": 0,
                                            "Actual Startup Time": 0.0,
                                            "Actual Total Time": 0.0,
                                            "Actual Rows": 0,
                                            "Actual Loops": 0,
                                            "Index Cond": "(store_sales.ss_customer_sk = customer.c_customer_sk)",
                                            "Shared Hit Blocks": 0,
                                            "Shared Read Blocks": 0,
                                            "Shared Dirtied Blocks": 0,
                                            "Shared Written Blocks": 0,
                                            "Local Hit Blocks": 0,
                                            "Local Read Blocks": 0,
                                            "Local Dirtied Blocks": 0,
                                            "Local Written Blocks": 0,
                                            "Temp Read Blocks": 0,
                                            "Temp Written Blocks": 0
                                          }
                                        ]
                                      }
                                    ]
                                  },
                                  {
                                    "Node Type": "Index Scan",
                                    "Parent Relationship": "Inner",
                                    "Parallel Aware": false,
                                    "Async Capable": false,
                                    "Scan Direction": "Forward",
                                    "Index Name": "date_dim_pkey",
                                    "Relation Name": "date_dim",
                                    "Schema": "public",
                                    "Alias": "date_dim",
                                    "Startup Cost": 0.29,
                                    "Total Cost": 0.32,
                                    "Plan Rows": 1,
                                    "Plan Width": 4,
                                    "Actual Startup Time": 0.0,
                                    "Actual Total Time": 0.0,
                                    "Actual Rows": 0,
                                    "Actual Loops": 0,
                                    "Output": [
                                      "date_dim.d_date_sk",
                                      "date_dim.d_date_id",
                                      "date_dim.d_date",
                                      "date_dim.d_month_seq",
                                      "date_dim.d_week_seq",
                                      "date_dim.d_quarter_seq",
                                      "date_dim.d_year",
                                      "date_dim.d_dow",
                                      "date_dim.d_moy",
                                      "date_dim.d_dom",
                                      "date_dim.d_qoy",
                                      "date_dim.d_fy_year",
                                      "date_dim.d_fy_quarter_seq",
                                      "date_dim.d_fy_week_seq",
                                      "date_dim.d_day_name",
                                      "date_dim.d_quarter_name",
                                      "date_dim.d_holiday",
                                      "date_dim.d_weekend",
                                      "date_dim.d_following_holiday",
                                      "date_dim.d_first_dom",
                                      "date_dim.d_last_dom",
                                      "date_dim.d_same_day_ly",
                                      "date_dim.d_same_day_lq",
                                      "date_dim.d_current_day",
                                      "date_dim.d_current_week",
                                      "date_dim.d_current_month",
                                      "date_dim.d_current_quarter",
                                      "date_dim.d_current_year"
                                    ],
                                    "Index Cond": "(date_dim.d_date_sk = store_sales.ss_sold_date_sk)",
                                    "Rows Removed by Index Recheck": 0,
                                    "Filter": "((date_dim.d_month_seq >= $0) AND (date_dim.d_month_seq <= $1))",
                                    "Rows Removed by Filter": 0,
                                    "Shared Hit Blocks": 0,
                                    "Shared Read Blocks": 0,
                                    "Shared Dirtied Blocks": 0,
                                    "Shared Written Blocks": 0,
                                    "Local Hit Blocks": 0,
                                    "Local Read Blocks": 0,
                                    "Local Dirtied Blocks": 0,
                                    "Local Written Blocks": 0,
                                    "Temp Read Blocks": 0,
                                    "Temp Written Blocks": 0
                                  }
                                ]
                              }
                            ]
                          }
                        ]
                      }
                    ]
                  }
                ]
              }
            ]
          }
        ]
      },
      "Planning": {
        "Shared Hit Blocks": 38,
        "Shared Read Blocks": 28,
        "Shared Dirtied Blocks": 0,
        "Shared Written Blocks": 0,
        "Local Hit Blocks": 0,
        "Local Read Blocks": 0,
        "Local Dirtied Blocks": 0,
        "Local Written Blocks": 0,
        "Temp Read Blocks": 0,
        "Temp Written Blocks": 0
      },
      "Planning Time": 4.835,
      "Triggers": [],
      "Execution Time": 541.854
    }
  ],
  "original_sql": "with my_customers as (\n select distinct c_customer_sk\n        , c_current_addr_sk\n from\n        ( select cs_sold_date_sk sold_date_sk,\n                 cs_bill_customer_sk customer_sk,\n                 cs_item_sk item_sk,\n                 cs_wholesale_cost wholesale_cost\n          from   catalog_sales\n          union all\n          select ws_sold_date_sk sold_date_sk,\n                 ws_bill_customer_sk customer_sk,\n                 ws_item_sk item_sk,\n                 ws_wholesale_cost wholesale_cost\n          from   web_sales\n         ) cs_or_ws_sales,\n         item,\n         date_dim,\n         customer\n where   sold_date_sk = d_date_sk\n         and item_sk = i_item_sk\n         and i_category = 'Books'\n         and i_class = 'fiction'\n         and c_customer_sk = cs_or_ws_sales.customer_sk\n         and d_moy = 11\n         and d_year = 1998\n         and wholesale_cost BETWEEN 70 AND 100\n         and c_birth_year BETWEEN 1993 AND 2006\n )\n , my_revenue as (\n select c_customer_sk,\n        sum(ss_ext_sales_price) as revenue\n from   my_customers,\n        store_sales,\n        customer_address,\n        store,\n        date_dim\n where  c_current_addr_sk = ca_address_sk\n        and ca_county = s_county\n        and ca_state = s_state\n        and ss_sold_date_sk = d_date_sk\n        and c_customer_sk = ss_customer_sk\n        and ss_wholesale_cost BETWEEN 70 AND 100\n        and s_state in ('GA','IA','LA'\n                    ,'MO','OH','PA'\n                    ,'SD','TN','TX'\n                    ,'VA')\n        and d_month_seq between (select distinct d_month_seq+1\n                                 from   date_dim where d_year = 1998 and d_moy = 11)\n                           and  (select distinct d_month_seq+3\n                                 from   date_dim where d_year = 1998 and d_moy = 11)\n group by c_customer_sk\n )\n , segments as\n (select cast((revenue/50) as int) as segment\n  from   my_revenue\n )\n  select  segment, count(*) as num_customers, segment*50 as segment_base\n from segments\n group by segment\n order by segment, num_customers\n limit 100"
}