{
  "query_id": "query040_agg",
  "engine": "postgresql",
  "benchmark": "dsb",
  "scale_factor": 10,
  "execution_time_ms": 2525.37,
  "planning_time_ms": 12.295,
  "plan_json": [
    {
      "Plan": {
        "Node Type": "Limit",
        "Parallel Aware": false,
        "Async Capable": false,
        "Startup Cost": 38967.01,
        "Total Cost": 38967.19,
        "Plan Rows": 1,
        "Plan Width": 84,
        "Actual Startup Time": 2519.519,
        "Actual Total Time": 2525.297,
        "Actual Rows": 7,
        "Actual Loops": 1,
        "Output": [
          "warehouse.w_state",
          "item.i_item_id",
          "(sum(CASE WHEN (date_dim.d_date < '1999-04-19'::date) THEN (catalog_sales.cs_sales_price - COALESCE(catalog_returns.cr_refunded_cash, '0'::numeric)) ELSE '0'::numeric END))",
          "(sum(CASE WHEN (date_dim.d_date >= '1999-04-19'::date) THEN (catalog_sales.cs_sales_price - COALESCE(catalog_returns.cr_refunded_cash, '0'::numeric)) ELSE '0'::numeric END))"
        ],
        "Shared Hit Blocks": 290602,
        "Shared Read Blocks": 23026,
        "Shared Dirtied Blocks": 0,
        "Shared Written Blocks": 0,
        "Local Hit Blocks": 0,
        "Local Read Blocks": 0,
        "Local Dirtied Blocks": 0,
        "Local Written Blocks": 0,
        "Temp Read Blocks": 0,
        "Temp Written Blocks": 0,
        "Plans": [
          {
            "Node Type": "Aggregate",
            "Strategy": "Sorted",
            "Partial Mode": "Finalize",
            "Parent Relationship": "Outer",
            "Parallel Aware": false,
            "Async Capable": false,
            "Startup Cost": 38967.01,
            "Total Cost": 38967.19,
            "Plan Rows": 1,
            "Plan Width": 84,
            "Actual Startup Time": 2519.518,
            "Actual Total Time": 2525.293,
            "Actual Rows": 7,
            "Actual Loops": 1,
            "Output": [
              "warehouse.w_state",
              "item.i_item_id",
              "sum(CASE WHEN (date_dim.d_date < '1999-04-19'::date) THEN (catalog_sales.cs_sales_price - COALESCE(catalog_returns.cr_refunded_cash, '0'::numeric)) ELSE '0'::numeric END)",
              "sum(CASE WHEN (date_dim.d_date >= '1999-04-19'::date) THEN (catalog_sales.cs_sales_price - COALESCE(catalog_returns.cr_refunded_cash, '0'::numeric)) ELSE '0'::numeric END)"
            ],
            "Group Key": [
              "warehouse.w_state",
              "item.i_item_id"
            ],
            "Shared Hit Blocks": 290602,
            "Shared Read Blocks": 23026,
            "Shared Dirtied Blocks": 0,
            "Shared Written Blocks": 0,
            "Local Hit Blocks": 0,
            "Local Read Blocks": 0,
            "Local Dirtied Blocks": 0,
            "Local Written Blocks": 0,
            "Temp Read Blocks": 0,
            "Temp Written Blocks": 0,
            "Plans": [
              {
                "Node Type": "Gather Merge",
                "Parent Relationship": "Outer",
                "Parallel Aware": false,
                "Async Capable": false,
                "Startup Cost": 38967.01,
                "Total Cost": 38967.16,
                "Plan Rows": 1,
                "Plan Width": 84,
                "Actual Startup Time": 2519.506,
                "Actual Total Time": 2525.275,
                "Actual Rows": 7,
                "Actual Loops": 1,
                "Output": [
                  "warehouse.w_state",
                  "item.i_item_id",
                  "(PARTIAL sum(CASE WHEN (date_dim.d_date < '1999-04-19'::date) THEN (catalog_sales.cs_sales_price - COALESCE(catalog_returns.cr_refunded_cash, '0'::numeric)) ELSE '0'::numeric END))",
                  "(PARTIAL sum(CASE WHEN (date_dim.d_date >= '1999-04-19'::date) THEN (catalog_sales.cs_sales_price - COALESCE(catalog_returns.cr_refunded_cash, '0'::numeric)) ELSE '0'::numeric END))"
                ],
                "Workers Planned": 1,
                "Workers Launched": 1,
                "Shared Hit Blocks": 290602,
                "Shared Read Blocks": 23026,
                "Shared Dirtied Blocks": 0,
                "Shared Written Blocks": 0,
                "Local Hit Blocks": 0,
                "Local Read Blocks": 0,
                "Local Dirtied Blocks": 0,
                "Local Written Blocks": 0,
                "Temp Read Blocks": 0,
                "Temp Written Blocks": 0,
                "Plans": [
                  {
                    "Node Type": "Aggregate",
                    "Strategy": "Sorted",
                    "Partial Mode": "Partial",
                    "Parent Relationship": "Outer",
                    "Parallel Aware": false,
                    "Async Capable": false,
                    "Startup Cost": 37967.0,
                    "Total Cost": 37967.04,
                    "Plan Rows": 1,
                    "Plan Width": 84,
                    "Actual Startup Time": 1875.298,
                    "Actual Total Time": 1875.309,
                    "Actual Rows": 4,
                    "Actual Loops": 2,
                    "Output": [
                      "warehouse.w_state",
                      "item.i_item_id",
                      "PARTIAL sum(CASE WHEN (date_dim.d_date < '1999-04-19'::date) THEN (catalog_sales.cs_sales_price - COALESCE(catalog_returns.cr_refunded_cash, '0'::numeric)) ELSE '0'::numeric END)",
                      "PARTIAL sum(CASE WHEN (date_dim.d_date >= '1999-04-19'::date) THEN (catalog_sales.cs_sales_price - COALESCE(catalog_returns.cr_refunded_cash, '0'::numeric)) ELSE '0'::numeric END)"
                    ],
                    "Group Key": [
                      "warehouse.w_state",
                      "item.i_item_id"
                    ],
                    "Shared Hit Blocks": 290602,
                    "Shared Read Blocks": 23026,
                    "Shared Dirtied Blocks": 0,
                    "Shared Written Blocks": 0,
                    "Local Hit Blocks": 0,
                    "Local Read Blocks": 0,
                    "Local Dirtied Blocks": 0,
                    "Local Written Blocks": 0,
                    "Temp Read Blocks": 0,
                    "Temp Written Blocks": 0,
                    "Workers": [
                      {
                        "Worker Number": 0,
                        "Actual Startup Time": 2480.054,
                        "Actual Total Time": 2480.06,
                        "Actual Rows": 5,
                        "Actual Loops": 1,
                        "Shared Hit Blocks": 240043,
                        "Shared Read Blocks": 15975,
                        "Shared Dirtied Blocks": 0,
                        "Shared Written Blocks": 0,
                        "Local Hit Blocks": 0,
                        "Local Read Blocks": 0,
                        "Local Dirtied Blocks": 0,
                        "Local Written Blocks": 0,
                        "Temp Read Blocks": 0,
                        "Temp Written Blocks": 0
                      }
                    ],
                    "Plans": [
                      {
                        "Node Type": "Sort",
                        "Parent Relationship": "Outer",
                        "Parallel Aware": false,
                        "Async Capable": false,
                        "Startup Cost": 37967.0,
                        "Total Cost": 37967.0,
                        "Plan Rows": 1,
                        "Plan Width": 36,
                        "Actual Startup Time": 1875.283,
                        "Actual Total Time": 1875.29,
                        "Actual Rows": 4,
                        "Actual Loops": 2,
                        "Output": [
                          "warehouse.w_state",
                          "item.i_item_id",
                          "date_dim.d_date",
                          "catalog_sales.cs_sales_price",
                          "catalog_returns.cr_refunded_cash"
                        ],
                        "Sort Key": [
                          "warehouse.w_state",
                          "item.i_item_id"
                        ],
                        "Sort Method": "quicksort",
                        "Sort Space Used": 25,
                        "Sort Space Type": "Memory",
                        "Shared Hit Blocks": 290602,
                        "Shared Read Blocks": 23026,
                        "Shared Dirtied Blocks": 0,
                        "Shared Written Blocks": 0,
                        "Local Hit Blocks": 0,
                        "Local Read Blocks": 0,
                        "Local Dirtied Blocks": 0,
                        "Local Written Blocks": 0,
                        "Temp Read Blocks": 0,
                        "Temp Written Blocks": 0,
                        "Workers": [
                          {
                            "Worker Number": 0,
                            "Actual Startup Time": 2480.037,
                            "Actual Total Time": 2480.039,
                            "Actual Rows": 5,
                            "Actual Loops": 1,
                            "Sort Method": "quicksort",
                            "Sort Space Used": 25,
                            "Sort Space Type": "Memory",
                            "Shared Hit Blocks": 240043,
                            "Shared Read Blocks": 15975,
                            "Shared Dirtied Blocks": 0,
                            "Shared Written Blocks": 0,
                            "Local Hit Blocks": 0,
                            "Local Read Blocks": 0,
                            "Local Dirtied Blocks": 0,
                            "Local Written Blocks": 0,
                            "Temp Read Blocks": 0,
                            "Temp Written Blocks": 0
                          }
                        ],
                        "Plans": [
                          {
                            "Node Type": "Nested Loop",
                            "Parent Relationship": "Outer",
                            "Parallel Aware": false,
                            "Async Capable": false,
                            "Join Type": "Inner",
                            "Startup Cost": 1.29,
                            "Total Cost": 37966.99,
                            "Plan Rows": 1,
                            "Plan Width": 36,
                            "Actual Startup Time": 643.383,
                            "Actual Total Time": 1874.799,
                            "Actual Rows": 4,
                            "Actual Loops": 2,
                            "Output": [
                              "warehouse.w_state",
                              "item.i_item_id",
                              "date_dim.d_date",
                              "catalog_sales.cs_sales_price",
                              "catalog_returns.cr_refunded_cash"
                            ],
                            "Inner Unique": true,
                            "Shared Hit Blocks": 290597,
                            "Shared Read Blocks": 23024,
                            "Shared Dirtied Blocks": 0,
                            "Shared Written Blocks": 0,
                            "Local Hit Blocks": 0,
                            "Local Read Blocks": 0,
                            "Local Dirtied Blocks": 0,
                            "Local Written Blocks": 0,
                            "Temp Read Blocks": 0,
                            "Temp Written Blocks": 0,
                            "Workers": [
                              {
                                "Worker Number": 0,
                                "Actual Startup Time": 368.168,
                                "Actual Total Time": 2479.08,
                                "Actual Rows": 5,
                                "Actual Loops": 1,
                                "Shared Hit Blocks": 240038,
                                "Shared Read Blocks": 15973,
                                "Shared Dirtied Blocks": 0,
                                "Shared Written Blocks": 0,
                                "Local Hit Blocks": 0,
                                "Local Read Blocks": 0,
                                "Local Dirtied Blocks": 0,
                                "Local Written Blocks": 0,
                                "Temp Read Blocks": 0,
                                "Temp Written Blocks": 0
                              }
                            ],
                            "Plans": [
                              {
                                "Node Type": "Nested Loop",
                                "Parent Relationship": "Outer",
                                "Parallel Aware": false,
                                "Async Capable": false,
                                "Join Type": "Inner",
                                "Startup Cost": 1.16,
                                "Total Cost": 37966.83,
                                "Plan Rows": 1,
                                "Plan Width": 37,
                                "Actual Startup Time": 643.355,
                                "Actual Total Time": 1874.754,
                                "Actual Rows": 4,
                                "Actual Loops": 2,
                                "Output": [
                                  "catalog_sales.cs_sales_price",
                                  "catalog_sales.cs_warehouse_sk",
                                  "catalog_returns.cr_refunded_cash",
                                  "item.i_item_id",
                                  "date_dim.d_date"
                                ],
                                "Inner Unique": true,
                                "Shared Hit Blocks": 290582,
                                "Shared Read Blocks": 23024,
                                "Shared Dirtied Blocks": 0,
                                "Shared Written Blocks": 0,
                                "Local Hit Blocks": 0,
                                "Local Read Blocks": 0,
                                "Local Dirtied Blocks": 0,
                                "Local Written Blocks": 0,
                                "Temp Read Blocks": 0,
                                "Temp Written Blocks": 0,
                                "Workers": [
                                  {
                                    "Worker Number": 0,
                                    "Actual Startup Time": 368.123,
                                    "Actual Total Time": 2479.009,
                                    "Actual Rows": 5,
                                    "Actual Loops": 1,
                                    "Shared Hit Blocks": 240027,
                                    "Shared Read Blocks": 15973,
                                    "Shared Dirtied Blocks": 0,
                                    "Shared Written Blocks": 0,
                                    "Local Hit Blocks": 0,
                                    "Local Read Blocks": 0,
                                    "Local Dirtied Blocks": 0,
                                    "Local Written Blocks": 0,
                                    "Temp Read Blocks": 0,
                                    "Temp Written Blocks": 0
                                  }
                                ],
                                "Plans": [
                                  {
                                    "Node Type": "Nested Loop",
                                    "Parent Relationship": "Outer",
                                    "Parallel Aware": false,
                                    "Async Capable": false,
                                    "Join Type": "Inner",
                                    "Startup Cost": 0.73,
                                    "Total Cost": 37936.65,
                                    "Plan Rows": 59,
                                    "Plan Width": 43,
                                    "Actual Startup Time": 100.38,
                                    "Actual Total Time": 1640.436,
                                    "Actual Rows": 847,
                                    "Actual Loops": 2,
                                    "Output": [
                                      "catalog_sales.cs_sales_price",
                                      "catalog_sales.cs_order_number",
                                      "catalog_sales.cs_item_sk",
                                      "catalog_sales.cs_warehouse_sk",
                                      "item.i_item_id",
                                      "item.i_item_sk",
                                      "date_dim.d_date"
                                    ],
                                    "Inner Unique": true,
                                    "Shared Hit Blocks": 286556,
                                    "Shared Read Blocks": 21714,
                                    "Shared Dirtied Blocks": 0,
                                    "Shared Written Blocks": 0,
                                    "Local Hit Blocks": 0,
                                    "Local Read Blocks": 0,
                                    "Local Dirtied Blocks": 0,
                                    "Local Written Blocks": 0,
                                    "Temp Read Blocks": 0,
                                    "Temp Written Blocks": 0,
                                    "Workers": [
                                      {
                                        "Worker Number": 0,
                                        "Actual Startup Time": 52.415,
                                        "Actual Total Time": 2114.366,
                                        "Actual Rows": 1428,
                                        "Actual Loops": 1,
                                        "Shared Hit Blocks": 236583,
                                        "Shared Read Blocks": 14907,
                                        "Shared Dirtied Blocks": 0,
                                        "Shared Written Blocks": 0,
                                        "Local Hit Blocks": 0,
                                        "Local Read Blocks": 0,
                                        "Local Dirtied Blocks": 0,
                                        "Local Written Blocks": 0,
                                        "Temp Read Blocks": 0,
                                        "Temp Written Blocks": 0
                                      }
                                    ],
                                    "Plans": [
                                      {
                                        "Node Type": "Nested Loop",
                                        "Parent Relationship": "Outer",
                                        "Parallel Aware": false,
                                        "Async Capable": false,
                                        "Join Type": "Inner",
                                        "Startup Cost": 0.43,
                                        "Total Cost": 37370.46,
                                        "Plan Rows": 1736,
                                        "Plan Width": 22,
                                        "Actual Startup Time": 70.366,
                                        "Actual Total Time": 847.471,
                                        "Actual Rows": 49118,
                                        "Actual Loops": 2,
                                        "Output": [
                                          "catalog_sales.cs_sales_price",
                                          "catalog_sales.cs_order_number",
                                          "catalog_sales.cs_item_sk",
                                          "catalog_sales.cs_warehouse_sk",
                                          "date_dim.d_date"
                                        ],
                                        "Inner Unique": false,
                                        "Shared Hit Blocks": 237,
                                        "Shared Read Blocks": 13321,
                                        "Shared Dirtied Blocks": 0,
                                        "Shared Written Blocks": 0,
                                        "Local Hit Blocks": 0,
                                        "Local Read Blocks": 0,
                                        "Local Dirtied Blocks": 0,
                                        "Local Written Blocks": 0,
                                        "Temp Read Blocks": 0,
                                        "Temp Written Blocks": 0,
                                        "Workers": [
                                          {
                                            "Worker Number": 0,
                                            "Actual Startup Time": 50.821,
                                            "Actual Total Time": 1182.884,
                                            "Actual Rows": 80426,
                                            "Actual Loops": 1,
                                            "Shared Hit Blocks": 207,
                                            "Shared Read Blocks": 10004,
                                            "Shared Dirtied Blocks": 0,
                                            "Shared Written Blocks": 0,
                                            "Local Hit Blocks": 0,
                                            "Local Read Blocks": 0,
                                            "Local Dirtied Blocks": 0,
                                            "Local Written Blocks": 0,
                                            "Temp Read Blocks": 0,
                                            "Temp Written Blocks": 0
                                          }
                                        ],
                                        "Plans": [
                                          {
                                            "Node Type": "Seq Scan",
                                            "Parent Relationship": "Outer",
                                            "Parallel Aware": true,
                                            "Async Capable": false,
                                            "Relation Name": "date_dim",
                                            "Schema": "public",
                                            "Alias": "date_dim",
                                            "Startup Cost": 0.0,
                                            "Total Cost": 2068.55,
                                            "Plan Rows": 38,
                                            "Plan Width": 8,
                                            "Actual Startup Time": 69.37,
                                            "Actual Total Time": 108.104,
                                            "Actual Rows": 30,
                                            "Actual Loops": 2,
                                            "Output": [
                                              "date_dim.d_date_sk",
                                              "date_dim.d_date_id",
                                              "date_dim.d_date",
                                              "date_dim.d_month_seq",
                                              "date_dim.d_week_seq",
                                              "date_dim.d_quarter_seq",
                                              "date_dim.d_year",
                                              "date_dim.d_dow",
                                              "date_dim.d_moy",
                                              "date_dim.d_dom",
                                              "date_dim.d_qoy",
                                              "date_dim.d_fy_year",
                                              "date_dim.d_fy_quarter_seq",
                                              "date_dim.d_fy_week_seq",
                                              "date_dim.d_day_name",
                                              "date_dim.d_quarter_name",
                                              "date_dim.d_holiday",
                                              "date_dim.d_weekend",
                                              "date_dim.d_following_holiday",
                                              "date_dim.d_first_dom",
                                              "date_dim.d_last_dom",
                                              "date_dim.d_same_day_ly",
                                              "date_dim.d_same_day_lq",
                                              "date_dim.d_current_day",
                                              "date_dim.d_current_week",
                                              "date_dim.d_current_month",
                                              "date_dim.d_current_quarter",
                                              "date_dim.d_current_year"
                                            ],
                                            "Filter": "((date_dim.d_date >= '1999-03-20 00:00:00'::timestamp without time zone) AND (date_dim.d_date <= '1999-05-19 00:00:00'::timestamp without time zone))",
                                            "Rows Removed by Filter": 36494,
                                            "Shared Hit Blocks": 0,
                                            "Shared Read Blocks": 1424,
                                            "Shared Dirtied Blocks": 0,
                                            "Shared Written Blocks": 0,
                                            "Local Hit Blocks": 0,
                                            "Local Read Blocks": 0,
                                            "Local Dirtied Blocks": 0,
                                            "Local Written Blocks": 0,
                                            "Temp Read Blocks": 0,
                                            "Temp Written Blocks": 0,
                                            "Workers": [
                                              {
                                                "Worker Number": 0,
                                                "Actual Startup Time": 49.445,
                                                "Actual Total Time": 49.53,
                                                "Actual Rows": 52,
                                                "Actual Loops": 1,
                                                "Shared Hit Blocks": 0,
                                                "Shared Read Blocks": 245,
                                                "Shared Dirtied Blocks": 0,
                                                "Shared Written Blocks": 0,
                                                "Local Hit Blocks": 0,
                                                "Local Read Blocks": 0,
                                                "Local Dirtied Blocks": 0,
                                                "Local Written Blocks": 0,
                                                "Temp Read Blocks": 0,
                                                "Temp Written Blocks": 0
                                              }
                                            ]
                                          },
                                          {
                                            "Node Type": "Index Scan",
                                            "Parent Relationship": "Inner",
                                            "Parallel Aware": false,
                                            "Async Capable": false,
                                            "Scan Direction": "Forward",
                                            "Index Name": "_dta_index_catalog_sales_6_1301579675__k1_4",
                                            "Relation Name": "catalog_sales",
                                            "Schema": "public",
                                            "Alias": "catalog_sales",
                                            "Startup Cost": 0.43,
                                            "Total Cost": 913.1,
                                            "Plan Rows": 1590,
                                            "Plan Width": 22,
                                            "Actual Startup Time": 0.077,
                                            "Actual Total Time": 23.923,
                                            "Actual Rows": 1610,
                                            "Actual Loops": 61,
                                            "Output": [
                                              "catalog_sales.cs_sold_date_sk",
                                              "catalog_sales.cs_sold_time_sk",
                                              "catalog_sales.cs_ship_date_sk",
                                              "catalog_sales.cs_bill_customer_sk",
                                              "catalog_sales.cs_bill_cdemo_sk",
                                              "catalog_sales.cs_bill_hdemo_sk",
                                              "catalog_sales.cs_bill_addr_sk",
                                              "catalog_sales.cs_ship_customer_sk",
                                              "catalog_sales.cs_ship_cdemo_sk",
                                              "catalog_sales.cs_ship_hdemo_sk",
                                              "catalog_sales.cs_ship_addr_sk",
                                              "catalog_sales.cs_call_center_sk",
                                              "catalog_sales.cs_catalog_page_sk",
                                              "catalog_sales.cs_ship_mode_sk",
                                              "catalog_sales.cs_warehouse_sk",
                                              "catalog_sales.cs_item_sk",
                                              "catalog_sales.cs_promo_sk",
                                              "catalog_sales.cs_order_number",
                                              "catalog_sales.cs_quantity",
                                              "catalog_sales.cs_wholesale_cost",
                                              "catalog_sales.cs_list_price",
                                              "catalog_sales.cs_sales_price",
                                              "catalog_sales.cs_ext_discount_amt",
                                              "catalog_sales.cs_ext_sales_price",
                                              "catalog_sales.cs_ext_wholesale_cost",
                                              "catalog_sales.cs_ext_list_price",
                                              "catalog_sales.cs_ext_tax",
                                              "catalog_sales.cs_coupon_amt",
                                              "catalog_sales.cs_ext_ship_cost",
                                              "catalog_sales.cs_net_paid",
                                              "catalog_sales.cs_net_paid_inc_tax",
                                              "catalog_sales.cs_net_paid_inc_ship",
                                              "catalog_sales.cs_net_paid_inc_ship_tax",
                                              "catalog_sales.cs_net_profit"
                                            ],
                                            "Index Cond": "(catalog_sales.cs_sold_date_sk = date_dim.d_date_sk)",
                                            "Rows Removed by Index Recheck": 0,
                                            "Filter": "((catalog_sales.cs_wholesale_cost >= '17'::numeric) AND (catalog_sales.cs_wholesale_cost <= '36'::numeric))",
                                            "Rows Removed by Filter": 5214,
                                            "Shared Hit Blocks": 237,
                                            "Shared Read Blocks": 11897,
                                            "Shared Dirtied Blocks": 0,
                                            "Shared Written Blocks": 0,
                                            "Local Hit Blocks": 0,
                                            "Local Read Blocks": 0,
                                            "Local Dirtied Blocks": 0,
                                            "Local Written Blocks": 0,
                                            "Temp Read Blocks": 0,
                                            "Temp Written Blocks": 0,
                                            "Workers": [
                                              {
                                                "Worker Number": 0,
                                                "Actual Startup Time": 0.059,
                                                "Actual Total Time": 21.51,
                                                "Actual Rows": 1547,
                                                "Actual Loops": 52,
                                                "Shared Hit Blocks": 207,
                                                "Shared Read Blocks": 9759,
                                                "Shared Dirtied Blocks": 0,
                                                "Shared Written Blocks": 0,
                                                "Local Hit Blocks": 0,
                                                "Local Read Blocks": 0,
                                                "Local Dirtied Blocks": 0,
                                                "Local Written Blocks": 0,
                                                "Temp Read Blocks": 0,
                                                "Temp Written Blocks": 0
                                              }
                                            ]
                                          }
                                        ]
                                      },
                                      {
                                        "Node Type": "Index Scan",
                                        "Parent Relationship": "Inner",
                                        "Parallel Aware": false,
                                        "Async Capable": false,
                                        "Scan Direction": "Forward",
                                        "Index Name": "item_pkey",
                                        "Relation Name": "item",
                                        "Schema": "public",
                                        "Alias": "item",
                                        "Startup Cost": 0.29,
                                        "Total Cost": 0.33,
                                        "Plan Rows": 1,
                                        "Plan Width": 21,
                                        "Actual Startup Time": 0.016,
                                        "Actual Total Time": 0.016,
                                        "Actual Rows": 0,
                                        "Actual Loops": 98237,
                                        "Output": [
                                          "item.i_item_sk",
                                          "item.i_item_id",
                                          "item.i_rec_start_date",
                                          "item.i_rec_end_date",
                                          "item.i_item_desc",
                                          "item.i_current_price",
                                          "item.i_wholesale_cost",
                                          "item.i_brand_id",
                                          "item.i_brand",
                                          "item.i_class_id",
                                          "item.i_class",
                                          "item.i_category_id",
                                          "item.i_category",
                                          "item.i_manufact_id",
                                          "item.i_manufact",
                                          "item.i_size",
                                          "item.i_formulation",
                                          "item.i_color",
                                          "item.i_units",
                                          "item.i_container",
                                          "item.i_manager_id",
                                          "item.i_product_name"
                                        ],
                                        "Index Cond": "(item.i_item_sk = catalog_sales.cs_item_sk)",
                                        "Rows Removed by Index Recheck": 0,
                                        "Filter": "((item.i_manager_id >= 25) AND (item.i_manager_id <= 64) AND (item.i_category = 'Home'::bpchar))",
                                        "Rows Removed by Filter": 1,
                                        "Shared Hit Blocks": 286319,
                                        "Shared Read Blocks": 8393,
                                        "Shared Dirtied Blocks": 0,
                                        "Shared Written Blocks": 0,
                                        "Local Hit Blocks": 0,
                                        "Local Read Blocks": 0,
                                        "Local Dirtied Blocks": 0,
                                        "Local Written Blocks": 0,
                                        "Temp Read Blocks": 0,
                                        "Temp Written Blocks": 0,
                                        "Workers": [
                                          {
                                            "Worker Number": 0,
                                            "Actual Startup Time": 0.011,
                                            "Actual Total Time": 0.011,
                                            "Actual Rows": 0,
                                            "Actual Loops": 80426,
                                            "Shared Hit Blocks": 236376,
                                            "Shared Read Blocks": 4903,
                                            "Shared Dirtied Blocks": 0,
                                            "Shared Written Blocks": 0,
                                            "Local Hit Blocks": 0,
                                            "Local Read Blocks": 0,
                                            "Local Dirtied Blocks": 0,
                                            "Local Written Blocks": 0,
                                            "Temp Read Blocks": 0,
                                            "Temp Written Blocks": 0
                                          }
                                        ]
                                      }
                                    ]
                                  },
                                  {
                                    "Node Type": "Index Scan",
                                    "Parent Relationship": "Inner",
                                    "Parallel Aware": false,
                                    "Async Capable": false,
                                    "Scan Direction": "Forward",
                                    "Index Name": "catalog_returns_pkey",
                                    "Relation Name": "catalog_returns",
                                    "Schema": "public",
                                    "Alias": "catalog_returns",
                                    "Startup Cost": 0.43,
                                    "Total Cost": 0.51,
                                    "Plan Rows": 1,
                                    "Plan Width": 14,
                                    "Actual Startup Time": 0.276,
                                    "Actual Total Time": 0.276,
                                    "Actual Rows": 0,
                                    "Actual Loops": 1694,
                                    "Output": [
                                      "catalog_returns.cr_returned_date_sk",
                                      "catalog_returns.cr_returned_time_sk",
                                      "catalog_returns.cr_item_sk",
                                      "catalog_returns.cr_refunded_customer_sk",
                                      "catalog_returns.cr_refunded_cdemo_sk",
                                      "catalog_returns.cr_refunded_hdemo_sk",
                                      "catalog_returns.cr_refunded_addr_sk",
                                      "catalog_returns.cr_returning_customer_sk",
                                      "catalog_returns.cr_returning_cdemo_sk",
                                      "catalog_returns.cr_returning_hdemo_sk",
                                      "catalog_returns.cr_returning_addr_sk",
                                      "catalog_returns.cr_call_center_sk",
                                      "catalog_returns.cr_catalog_page_sk",
                                      "catalog_returns.cr_ship_mode_sk",
                                      "catalog_returns.cr_warehouse_sk",
                                      "catalog_returns.cr_reason_sk",
                                      "catalog_returns.cr_order_number",
                                      "catalog_returns.cr_return_quantity",
                                      "catalog_returns.cr_return_amount",
                                      "catalog_returns.cr_return_tax",
                                      "catalog_returns.cr_return_amt_inc_tax",
                                      "catalog_returns.cr_fee",
                                      "catalog_returns.cr_return_ship_cost",
                                      "catalog_returns.cr_refunded_cash",
                                      "catalog_returns.cr_reversed_charge",
                                      "catalog_returns.cr_store_credit",
                                      "catalog_returns.cr_net_loss"
                                    ],
                                    "Index Cond": "((catalog_returns.cr_item_sk = catalog_sales.cs_item_sk) AND (catalog_returns.cr_order_number = catalog_sales.cs_order_number))",
                                    "Rows Removed by Index Recheck": 0,
                                    "Filter": "(catalog_returns.cr_reason_sk = 16)",
                                    "Rows Removed by Filter": 0,
                                    "Shared Hit Blocks": 4026,
                                    "Shared Read Blocks": 1310,
                                    "Shared Dirtied Blocks": 0,
                                    "Shared Written Blocks": 0,
                                    "Local Hit Blocks": 0,
                                    "Local Read Blocks": 0,
                                    "Local Dirtied Blocks": 0,
                                    "Local Written Blocks": 0,
                                    "Temp Read Blocks": 0,
                                    "Temp Written Blocks": 0,
                                    "Workers": [
                                      {
                                        "Worker Number": 0,
                                        "Actual Startup Time": 0.254,
                                        "Actual Total Time": 0.254,
                                        "Actual Rows": 0,
                                        "Actual Loops": 1428,
                                        "Shared Hit Blocks": 3444,
                                        "Shared Read Blocks": 1066,
                                        "Shared Dirtied Blocks": 0,
                                        "Shared Written Blocks": 0,
                                        "Local Hit Blocks": 0,
                                        "Local Read Blocks": 0,
                                        "Local Dirtied Blocks": 0,
                                        "Local Written Blocks": 0,
                                        "Temp Read Blocks": 0,
                                        "Temp Written Blocks": 0
                                      }
                                    ]
                                  }
                                ]
                              },
                              {
                                "Node Type": "Index Scan",
                                "Parent Relationship": "Inner",
                                "Parallel Aware": false,
                                "Async Capable": false,
                                "Scan Direction": "Forward",
                                "Index Name": "warehouse_pkey",
                                "Relation Name": "warehouse",
                                "Schema": "public",
                                "Alias": "warehouse",
                                "Startup Cost": 0.14,
                                "Total Cost": 0.15,
                                "Plan Rows": 1,
                                "Plan Width": 7,
                                "Actual Startup Time": 0.009,
                                "Actual Total Time": 0.009,
                                "Actual Rows": 1,
                                "Actual Loops": 7,
                                "Output": [
                                  "warehouse.w_warehouse_sk",
                                  "warehouse.w_warehouse_id",
                                  "warehouse.w_warehouse_name",
                                  "warehouse.w_warehouse_sq_ft",
                                  "warehouse.w_street_number",
                                  "warehouse.w_street_name",
                                  "warehouse.w_street_type",
                                  "warehouse.w_suite_number",
                                  "warehouse.w_city",
                                  "warehouse.w_county",
                                  "warehouse.w_state",
                                  "warehouse.w_zip",
                                  "warehouse.w_country",
                                  "warehouse.w_gmt_offset"
                                ],
                                "Index Cond": "(warehouse.w_warehouse_sk = catalog_sales.cs_warehouse_sk)",
                                "Rows Removed by Index Recheck": 0,
                                "Shared Hit Blocks": 15,
                                "Shared Read Blocks": 0,
                                "Shared Dirtied Blocks": 0,
                                "Shared Written Blocks": 0,
                                "Local Hit Blocks": 0,
                                "Local Read Blocks": 0,
                                "Local Dirtied Blocks": 0,
                                "Local Written Blocks": 0,
                                "Temp Read Blocks": 0,
                                "Temp Written Blocks": 0,
                                "Workers": [
                                  {
                                    "Worker Number": 0,
                                    "Actual Startup Time": 0.011,
                                    "Actual Total Time": 0.011,
                                    "Actual Rows": 1,
                                    "Actual Loops": 5,
                                    "Shared Hit Blocks": 11,
                                    "Shared Read Blocks": 0,
                                    "Shared Dirtied Blocks": 0,
                                    "Shared Written Blocks": 0,
                                    "Local Hit Blocks": 0,
                                    "Local Read Blocks": 0,
                                    "Local Dirtied Blocks": 0,
                                    "Local Written Blocks": 0,
                                    "Temp Read Blocks": 0,
                                    "Temp Written Blocks": 0
                                  }
                                ]
                              }
                            ]
                          }
                        ]
                      }
                    ]
                  }
                ]
              }
            ]
          }
        ]
      },
      "Planning": {
        "Shared Hit Blocks": 80,
        "Shared Read Blocks": 33,
        "Shared Dirtied Blocks": 0,
        "Shared Written Blocks": 0,
        "Local Hit Blocks": 0,
        "Local Read Blocks": 0,
        "Local Dirtied Blocks": 0,
        "Local Written Blocks": 0,
        "Temp Read Blocks": 0,
        "Temp Written Blocks": 0
      },
      "Planning Time": 12.295,
      "Triggers": [],
      "Execution Time": 2525.37
    }
  ],
  "original_sql": "select \n   w_state\n  ,i_item_id\n  ,sum(case when (cast(d_date as date) < cast ('1999-04-19' as date))\n \t\tthen cs_sales_price - coalesce(cr_refunded_cash,0) else 0 end) as sales_before\n  ,sum(case when (cast(d_date as date) >= cast ('1999-04-19' as date))\n \t\tthen cs_sales_price - coalesce(cr_refunded_cash,0) else 0 end) as sales_after\n from\n   catalog_sales left outer join catalog_returns on\n       (cs_order_number = cr_order_number\n        and cs_item_sk = cr_item_sk)\n  ,warehouse\n  ,item\n  ,date_dim\n where\n i_item_sk          = cs_item_sk\n and cs_warehouse_sk    = w_warehouse_sk\n and cs_sold_date_sk    = d_date_sk\n and d_date between  (cast ('1999-04-19' as date) - interval '30 day')\n                and (cast ('1999-04-19' as date) + interval '30 day') \n and i_category  = 'Home'\n and i_manager_id between 25 and 64\n and cs_wholesale_cost between 17 and 36\n and cr_reason_sk = 16\n group by\n    w_state,i_item_id\n order by w_state,i_item_id\nlimit 100"
}