{
  "query_id": "query040_spj_spj",
  "engine": "postgresql",
  "benchmark": "dsb",
  "scale_factor": 10,
  "execution_time_ms": 1484.437,
  "planning_time_ms": 3.484,
  "plan_json": [
    {
      "Plan": {
        "Node Type": "Aggregate",
        "Strategy": "Plain",
        "Partial Mode": "Simple",
        "Parallel Aware": false,
        "Async Capable": false,
        "Startup Cost": 38967.1,
        "Total Cost": 38967.11,
        "Plan Rows": 1,
        "Plan Width": 80,
        "Actual Startup Time": 1477.97,
        "Actual Total Time": 1484.37,
        "Actual Rows": 1,
        "Actual Loops": 1,
        "Output": [
          "min(warehouse.w_state)",
          "min(item.i_item_id)",
          "min(catalog_sales.cs_item_sk)",
          "min(catalog_sales.cs_order_number)",
          "min(catalog_returns.cr_item_sk)",
          "min(catalog_returns.cr_order_number)"
        ],
        "Shared Hit Blocks": 299026,
        "Shared Read Blocks": 14594,
        "Shared Dirtied Blocks": 0,
        "Shared Written Blocks": 0,
        "Local Hit Blocks": 0,
        "Local Read Blocks": 0,
        "Local Dirtied Blocks": 0,
        "Local Written Blocks": 0,
        "Temp Read Blocks": 0,
        "Temp Written Blocks": 0,
        "Plans": [
          {
            "Node Type": "Nested Loop",
            "Parent Relationship": "Outer",
            "Parallel Aware": false,
            "Async Capable": false,
            "Join Type": "Inner",
            "Startup Cost": 1001.29,
            "Total Cost": 38967.09,
            "Plan Rows": 1,
            "Plan Width": 36,
            "Actual Startup Time": 211.665,
            "Actual Total Time": 1484.34,
            "Actual Rows": 7,
            "Actual Loops": 1,
            "Output": [
              "warehouse.w_state",
              "item.i_item_id",
              "catalog_sales.cs_item_sk",
              "catalog_sales.cs_order_number",
              "catalog_returns.cr_item_sk",
              "catalog_returns.cr_order_number"
            ],
            "Inner Unique": true,
            "Shared Hit Blocks": 299026,
            "Shared Read Blocks": 14594,
            "Shared Dirtied Blocks": 0,
            "Shared Written Blocks": 0,
            "Local Hit Blocks": 0,
            "Local Read Blocks": 0,
            "Local Dirtied Blocks": 0,
            "Local Written Blocks": 0,
            "Temp Read Blocks": 0,
            "Temp Written Blocks": 0,
            "Plans": [
              {
                "Node Type": "Gather",
                "Parent Relationship": "Outer",
                "Parallel Aware": false,
                "Async Capable": false,
                "Startup Cost": 1001.16,
                "Total Cost": 38966.93,
                "Plan Rows": 1,
                "Plan Width": 37,
                "Actual Startup Time": 211.655,
                "Actual Total Time": 1484.294,
                "Actual Rows": 7,
                "Actual Loops": 1,
                "Output": [
                  "catalog_sales.cs_item_sk",
                  "catalog_sales.cs_order_number",
                  "catalog_sales.cs_warehouse_sk",
                  "catalog_returns.cr_item_sk",
                  "catalog_returns.cr_order_number",
                  "item.i_item_id"
                ],
                "Workers Planned": 1,
                "Workers Launched": 1,
                "Single Copy": false,
                "Shared Hit Blocks": 299012,
                "Shared Read Blocks": 14594,
                "Shared Dirtied Blocks": 0,
                "Shared Written Blocks": 0,
                "Local Hit Blocks": 0,
                "Local Read Blocks": 0,
                "Local Dirtied Blocks": 0,
                "Local Written Blocks": 0,
                "Temp Read Blocks": 0,
                "Temp Written Blocks": 0,
                "Plans": [
                  {
                    "Node Type": "Nested Loop",
                    "Parent Relationship": "Outer",
                    "Parallel Aware": false,
                    "Async Capable": false,
                    "Join Type": "Inner",
                    "Startup Cost": 1.16,
                    "Total Cost": 37966.83,
                    "Plan Rows": 1,
                    "Plan Width": 37,
                    "Actual Startup Time": 144.99,
                    "Actual Total Time": 951.655,
                    "Actual Rows": 4,
                    "Actual Loops": 2,
                    "Output": [
                      "catalog_sales.cs_item_sk",
                      "catalog_sales.cs_order_number",
                      "catalog_sales.cs_warehouse_sk",
                      "catalog_returns.cr_item_sk",
                      "catalog_returns.cr_order_number",
                      "item.i_item_id"
                    ],
                    "Inner Unique": true,
                    "Shared Hit Blocks": 299012,
                    "Shared Read Blocks": 14594,
                    "Shared Dirtied Blocks": 0,
                    "Shared Written Blocks": 0,
                    "Local Hit Blocks": 0,
                    "Local Read Blocks": 0,
                    "Local Dirtied Blocks": 0,
                    "Local Written Blocks": 0,
                    "Temp Read Blocks": 0,
                    "Temp Written Blocks": 0,
                    "Workers": [
                      {
                        "Worker Number": 0,
                        "Actual Startup Time": 78.645,
                        "Actual Total Time": 1452.681,
                        "Actual Rows": 5,
                        "Actual Loops": 1,
                        "Shared Hit Blocks": 244934,
                        "Shared Read Blocks": 11058,
                        "Shared Dirtied Blocks": 0,
                        "Shared Written Blocks": 0,
                        "Local Hit Blocks": 0,
                        "Local Read Blocks": 0,
                        "Local Dirtied Blocks": 0,
                        "Local Written Blocks": 0,
                        "Temp Read Blocks": 0,
                        "Temp Written Blocks": 0
                      }
                    ],
                    "Plans": [
                      {
                        "Node Type": "Nested Loop",
                        "Parent Relationship": "Outer",
                        "Parallel Aware": false,
                        "Async Capable": false,
                        "Join Type": "Inner",
                        "Startup Cost": 0.73,
                        "Total Cost": 37936.65,
                        "Plan Rows": 59,
                        "Plan Width": 33,
                        "Actual Startup Time": 41.54,
                        "Actual Total Time": 893.992,
                        "Actual Rows": 847,
                        "Actual Loops": 2,
                        "Output": [
                          "catalog_sales.cs_item_sk",
                          "catalog_sales.cs_order_number",
                          "catalog_sales.cs_warehouse_sk",
                          "item.i_item_id",
                          "item.i_item_sk"
                        ],
                        "Inner Unique": true,
                        "Shared Hit Blocks": 294653,
                        "Shared Read Blocks": 13617,
                        "Shared Dirtied Blocks": 0,
                        "Shared Written Blocks": 0,
                        "Local Hit Blocks": 0,
                        "Local Read Blocks": 0,
                        "Local Dirtied Blocks": 0,
                        "Local Written Blocks": 0,
                        "Temp Read Blocks": 0,
                        "Temp Written Blocks": 0,
                        "Workers": [
                          {
                            "Worker Number": 0,
                            "Actual Startup Time": 26.344,
                            "Actual Total Time": 1355.084,
                            "Actual Rows": 1428,
                            "Actual Loops": 1,
                            "Shared Hit Blocks": 241258,
                            "Shared Read Blocks": 10224,
                            "Shared Dirtied Blocks": 0,
                            "Shared Written Blocks": 0,
                            "Local Hit Blocks": 0,
                            "Local Read Blocks": 0,
                            "Local Dirtied Blocks": 0,
                            "Local Written Blocks": 0,
                            "Temp Read Blocks": 0,
                            "Temp Written Blocks": 0
                          }
                        ],
                        "Plans": [
                          {
                            "Node Type": "Nested Loop",
                            "Parent Relationship": "Outer",
                            "Parallel Aware": false,
                            "Async Capable": false,
                            "Join Type": "Inner",
                            "Startup Cost": 0.43,
                            "Total Cost": 37370.46,
                            "Plan Rows": 1736,
                            "Plan Width": 12,
                            "Actual Startup Time": 38.135,
                            "Actual Total Time": 756.537,
                            "Actual Rows": 49118,
                            "Actual Loops": 2,
                            "Output": [
                              "catalog_sales.cs_item_sk",
                              "catalog_sales.cs_order_number",
                              "catalog_sales.cs_warehouse_sk"
                            ],
                            "Inner Unique": false,
                            "Shared Hit Blocks": 254,
                            "Shared Read Blocks": 13304,
                            "Shared Dirtied Blocks": 0,
                            "Shared Written Blocks": 0,
                            "Local Hit Blocks": 0,
                            "Local Read Blocks": 0,
                            "Local Dirtied Blocks": 0,
                            "Local Written Blocks": 0,
                            "Temp Read Blocks": 0,
                            "Temp Written Blocks": 0,
                            "Workers": [
                              {
                                "Worker Number": 0,
                                "Actual Startup Time": 25.947,
                                "Actual Total Time": 1131.023,
                                "Actual Rows": 80426,
                                "Actual Loops": 1,
                                "Shared Hit Blocks": 219,
                                "Shared Read Blocks": 9984,
                                "Shared Dirtied Blocks": 0,
                                "Shared Written Blocks": 0,
                                "Local Hit Blocks": 0,
                                "Local Read Blocks": 0,
                                "Local Dirtied Blocks": 0,
                                "Local Written Blocks": 0,
                                "Temp Read Blocks": 0,
                                "Temp Written Blocks": 0
                              }
                            ],
                            "Plans": [
                              {
                                "Node Type": "Seq Scan",
                                "Parent Relationship": "Outer",
                                "Parallel Aware": true,
                                "Async Capable": false,
                                "Relation Name": "date_dim",
                                "Schema": "public",
                                "Alias": "date_dim",
                                "Startup Cost": 0.0,
                                "Total Cost": 2068.55,
                                "Plan Rows": 38,
                                "Plan Width": 4,
                                "Actual Startup Time": 37.501,
                                "Actual Total Time": 79.476,
                                "Actual Rows": 30,
                                "Actual Loops": 2,
                                "Output": [
                                  "date_dim.d_date_sk",
                                  "date_dim.d_date_id",
                                  "date_dim.d_date",
                                  "date_dim.d_month_seq",
                                  "date_dim.d_week_seq",
                                  "date_dim.d_quarter_seq",
                                  "date_dim.d_year",
                                  "date_dim.d_dow",
                                  "date_dim.d_moy",
                                  "date_dim.d_dom",
                                  "date_dim.d_qoy",
                                  "date_dim.d_fy_year",
                                  "date_dim.d_fy_quarter_seq",
                                  "date_dim.d_fy_week_seq",
                                  "date_dim.d_day_name",
                                  "date_dim.d_quarter_name",
                                  "date_dim.d_holiday",
                                  "date_dim.d_weekend",
                                  "date_dim.d_following_holiday",
                                  "date_dim.d_first_dom",
                                  "date_dim.d_last_dom",
                                  "date_dim.d_same_day_ly",
                                  "date_dim.d_same_day_lq",
                                  "date_dim.d_current_day",
                                  "date_dim.d_current_week",
                                  "date_dim.d_current_month",
                                  "date_dim.d_current_quarter",
                                  "date_dim.d_current_year"
                                ],
                                "Filter": "((date_dim.d_date >= '1999-03-20 00:00:00'::timestamp without time zone) AND (date_dim.d_date <= '1999-05-19 00:00:00'::timestamp without time zone))",
                                "Rows Removed by Filter": 36494,
                                "Shared Hit Blocks": 1,
                                "Shared Read Blocks": 1423,
                                "Shared Dirtied Blocks": 0,
                                "Shared Written Blocks": 0,
                                "Local Hit Blocks": 0,
                                "Local Read Blocks": 0,
                                "Local Dirtied Blocks": 0,
                                "Local Written Blocks": 0,
                                "Temp Read Blocks": 0,
                                "Temp Written Blocks": 0,
                                "Workers": [
                                  {
                                    "Worker Number": 0,
                                    "Actual Startup Time": 25.043,
                                    "Actual Total Time": 25.139,
                                    "Actual Rows": 52,
                                    "Actual Loops": 1,
                                    "Shared Hit Blocks": 1,
                                    "Shared Read Blocks": 236,
                                    "Shared Dirtied Blocks": 0,
                                    "Shared Written Blocks": 0,
                                    "Local Hit Blocks": 0,
                                    "Local Read Blocks": 0,
                                    "Local Dirtied Blocks": 0,
                                    "Local Written Blocks": 0,
                                    "Temp Read Blocks": 0,
                                    "Temp Written Blocks": 0
                                  }
                                ]
                              },
                              {
                                "Node Type": "Index Scan",
                                "Parent Relationship": "Inner",
                                "Parallel Aware": false,
                                "Async Capable": false,
                                "Scan Direction": "Forward",
                                "Index Name": "_dta_index_catalog_sales_6_1301579675__k1_4",
                                "Relation Name": "catalog_sales",
                                "Schema": "public",
                                "Alias": "catalog_sales",
                                "Startup Cost": 0.43,
                                "Total Cost": 913.1,
                                "Plan Rows": 1590,
                                "Plan Width": 16,
                                "Actual Startup Time": 0.05,
                                "Actual Total Time": 21.98,
                                "Actual Rows": 1610,
                                "Actual Loops": 61,
                                "Output": [
                                  "catalog_sales.cs_sold_date_sk",
                                  "catalog_sales.cs_sold_time_sk",
                                  "catalog_sales.cs_ship_date_sk",
                                  "catalog_sales.cs_bill_customer_sk",
                                  "catalog_sales.cs_bill_cdemo_sk",
                                  "catalog_sales.cs_bill_hdemo_sk",
                                  "catalog_sales.cs_bill_addr_sk",
                                  "catalog_sales.cs_ship_customer_sk",
                                  "catalog_sales.cs_ship_cdemo_sk",
                                  "catalog_sales.cs_ship_hdemo_sk",
                                  "catalog_sales.cs_ship_addr_sk",
                                  "catalog_sales.cs_call_center_sk",
                                  "catalog_sales.cs_catalog_page_sk",
                                  "catalog_sales.cs_ship_mode_sk",
                                  "catalog_sales.cs_warehouse_sk",
                                  "catalog_sales.cs_item_sk",
                                  "catalog_sales.cs_promo_sk",
                                  "catalog_sales.cs_order_number",
                                  "catalog_sales.cs_quantity",
                                  "catalog_sales.cs_wholesale_cost",
                                  "catalog_sales.cs_list_price",
                                  "catalog_sales.cs_sales_price",
                                  "catalog_sales.cs_ext_discount_amt",
                                  "catalog_sales.cs_ext_sales_price",
                                  "catalog_sales.cs_ext_wholesale_cost",
                                  "catalog_sales.cs_ext_list_price",
                                  "catalog_sales.cs_ext_tax",
                                  "catalog_sales.cs_coupon_amt",
                                  "catalog_sales.cs_ext_ship_cost",
                                  "catalog_sales.cs_net_paid",
                                  "catalog_sales.cs_net_paid_inc_tax",
                                  "catalog_sales.cs_net_paid_inc_ship",
                                  "catalog_sales.cs_net_paid_inc_ship_tax",
                                  "catalog_sales.cs_net_profit"
                                ],
                                "Index Cond": "(catalog_sales.cs_sold_date_sk = date_dim.d_date_sk)",
                                "Rows Removed by Index Recheck": 0,
                                "Filter": "((catalog_sales.cs_wholesale_cost >= '17'::numeric) AND (catalog_sales.cs_wholesale_cost <= '36'::numeric))",
                                "Rows Removed by Filter": 5214,
                                "Shared Hit Blocks": 253,
                                "Shared Read Blocks": 11881,
                                "Shared Dirtied Blocks": 0,
                                "Shared Written Blocks": 0,
                                "Local Hit Blocks": 0,
                                "Local Read Blocks": 0,
                                "Local Dirtied Blocks": 0,
                                "Local Written Blocks": 0,
                                "Temp Read Blocks": 0,
                                "Temp Written Blocks": 0,
                                "Workers": [
                                  {
                                    "Worker Number": 0,
                                    "Actual Startup Time": 0.041,
                                    "Actual Total Time": 21.06,
                                    "Actual Rows": 1547,
                                    "Actual Loops": 52,
                                    "Shared Hit Blocks": 218,
                                    "Shared Read Blocks": 9748,
                                    "Shared Dirtied Blocks": 0,
                                    "Shared Written Blocks": 0,
                                    "Local Hit Blocks": 0,
                                    "Local Read Blocks": 0,
                                    "Local Dirtied Blocks": 0,
                                    "Local Written Blocks": 0,
                                    "Temp Read Blocks": 0,
                                    "Temp Written Blocks": 0
                                  }
                                ]
                              }
                            ]
                          },
                          {
                            "Node Type": "Index Scan",
                            "Parent Relationship": "Inner",
                            "Parallel Aware": false,
                            "Async Capable": false,
                            "Scan Direction": "Forward",
                            "Index Name": "item_pkey",
                            "Relation Name": "item",
                            "Schema": "public",
                            "Alias": "item",
                            "Startup Cost": 0.29,
                            "Total Cost": 0.33,
                            "Plan Rows": 1,
                            "Plan Width": 21,
                            "Actual Startup Time": 0.003,
                            "Actual Total Time": 0.003,
                            "Actual Rows": 0,
                            "Actual Loops": 98237,
                            "Output": [
                              "item.i_item_sk",
                              "item.i_item_id",
                              "item.i_rec_start_date",
                              "item.i_rec_end_date",
                              "item.i_item_desc",
                              "item.i_current_price",
                              "item.i_wholesale_cost",
                              "item.i_brand_id",
                              "item.i_brand",
                              "item.i_class_id",
                              "item.i_class",
                              "item.i_category_id",
                              "item.i_category",
                              "item.i_manufact_id",
                              "item.i_manufact",
                              "item.i_size",
                              "item.i_formulation",
                              "item.i_color",
                              "item.i_units",
                              "item.i_container",
                              "item.i_manager_id",
                              "item.i_product_name"
                            ],
                            "Index Cond": "(item.i_item_sk = catalog_sales.cs_item_sk)",
                            "Rows Removed by Index Recheck": 0,
                            "Filter": "((item.i_manager_id >= 25) AND (item.i_manager_id <= 64) AND (item.i_category = 'Home'::bpchar))",
                            "Rows Removed by Filter": 1,
                            "Shared Hit Blocks": 294399,
                            "Shared Read Blocks": 313,
                            "Shared Dirtied Blocks": 0,
                            "Shared Written Blocks": 0,
                            "Local Hit Blocks": 0,
                            "Local Read Blocks": 0,
                            "Local Dirtied Blocks": 0,
                            "Local Written Blocks": 0,
                            "Temp Read Blocks": 0,
                            "Temp Written Blocks": 0,
                            "Workers": [
                              {
                                "Worker Number": 0,
                                "Actual Startup Time": 0.003,
                                "Actual Total Time": 0.003,
                                "Actual Rows": 0,
                                "Actual Loops": 80426,
                                "Shared Hit Blocks": 241039,
                                "Shared Read Blocks": 240,
                                "Shared Dirtied Blocks": 0,
                                "Shared Written Blocks": 0,
                                "Local Hit Blocks": 0,
                                "Local Read Blocks": 0,
                                "Local Dirtied Blocks": 0,
                                "Local Written Blocks": 0,
                                "Temp Read Blocks": 0,
                                "Temp Written Blocks": 0
                              }
                            ]
                          }
                        ]
                      },
                      {
                        "Node Type": "Index Scan",
                        "Parent Relationship": "Inner",
                        "Parallel Aware": false,
                        "Async Capable": false,
                        "Scan Direction": "Forward",
                        "Index Name": "catalog_returns_pkey",
                        "Relation Name": "catalog_returns",
                        "Schema": "public",
                        "Alias": "catalog_returns",
                        "Startup Cost": 0.43,
                        "Total Cost": 0.51,
                        "Plan Rows": 1,
                        "Plan Width": 8,
                        "Actual Startup Time": 0.067,
                        "Actual Total Time": 0.067,
                        "Actual Rows": 0,
                        "Actual Loops": 1694,
                        "Output": [
                          "catalog_returns.cr_returned_date_sk",
                          "catalog_returns.cr_returned_time_sk",
                          "catalog_returns.cr_item_sk",
                          "catalog_returns.cr_refunded_customer_sk",
                          "catalog_returns.cr_refunded_cdemo_sk",
                          "catalog_returns.cr_refunded_hdemo_sk",
                          "catalog_returns.cr_refunded_addr_sk",
                          "catalog_returns.cr_returning_customer_sk",
                          "catalog_returns.cr_returning_cdemo_sk",
                          "catalog_returns.cr_returning_hdemo_sk",
                          "catalog_returns.cr_returning_addr_sk",
                          "catalog_returns.cr_call_center_sk",
                          "catalog_returns.cr_catalog_page_sk",
                          "catalog_returns.cr_ship_mode_sk",
                          "catalog_returns.cr_warehouse_sk",
                          "catalog_returns.cr_reason_sk",
                          "catalog_returns.cr_order_number",
                          "catalog_returns.cr_return_quantity",
                          "catalog_returns.cr_return_amount",
                          "catalog_returns.cr_return_tax",
                          "catalog_returns.cr_return_amt_inc_tax",
                          "catalog_returns.cr_fee",
                          "catalog_returns.cr_return_ship_cost",
                          "catalog_returns.cr_refunded_cash",
                          "catalog_returns.cr_reversed_charge",
                          "catalog_returns.cr_store_credit",
                          "catalog_returns.cr_net_loss"
                        ],
                        "Index Cond": "((catalog_returns.cr_item_sk = catalog_sales.cs_item_sk) AND (catalog_returns.cr_order_number = catalog_sales.cs_order_number))",
                        "Rows Removed by Index Recheck": 0,
                        "Filter": "(catalog_returns.cr_reason_sk = 16)",
                        "Rows Removed by Filter": 0,
                        "Shared Hit Blocks": 4359,
                        "Shared Read Blocks": 977,
                        "Shared Dirtied Blocks": 0,
                        "Shared Written Blocks": 0,
                        "Local Hit Blocks": 0,
                        "Local Read Blocks": 0,
                        "Local Dirtied Blocks": 0,
                        "Local Written Blocks": 0,
                        "Temp Read Blocks": 0,
                        "Temp Written Blocks": 0,
                        "Workers": [
                          {
                            "Worker Number": 0,
                            "Actual Startup Time": 0.068,
                            "Actual Total Time": 0.068,
                            "Actual Rows": 0,
                            "Actual Loops": 1428,
                            "Shared Hit Blocks": 3676,
                            "Shared Read Blocks": 834,
                            "Shared Dirtied Blocks": 0,
                            "Shared Written Blocks": 0,
                            "Local Hit Blocks": 0,
                            "Local Read Blocks": 0,
                            "Local Dirtied Blocks": 0,
                            "Local Written Blocks": 0,
                            "Temp Read Blocks": 0,
                            "Temp Written Blocks": 0
                          }
                        ]
                      }
                    ]
                  }
                ]
              },
              {
                "Node Type": "Index Scan",
                "Parent Relationship": "Inner",
                "Parallel Aware": false,
                "Async Capable": false,
                "Scan Direction": "Forward",
                "Index Name": "warehouse_pkey",
                "Relation Name": "warehouse",
                "Schema": "public",
                "Alias": "warehouse",
                "Startup Cost": 0.14,
                "Total Cost": 0.15,
                "Plan Rows": 1,
                "Plan Width": 7,
                "Actual Startup Time": 0.003,
                "Actual Total Time": 0.003,
                "Actual Rows": 1,
                "Actual Loops": 7,
                "Output": [
                  "warehouse.w_warehouse_sk",
                  "warehouse.w_warehouse_id",
                  "warehouse.w_warehouse_name",
                  "warehouse.w_warehouse_sq_ft",
                  "warehouse.w_street_number",
                  "warehouse.w_street_name",
                  "warehouse.w_street_type",
                  "warehouse.w_suite_number",
                  "warehouse.w_city",
                  "warehouse.w_county",
                  "warehouse.w_state",
                  "warehouse.w_zip",
                  "warehouse.w_country",
                  "warehouse.w_gmt_offset"
                ],
                "Index Cond": "(warehouse.w_warehouse_sk = catalog_sales.cs_warehouse_sk)",
                "Rows Removed by Index Recheck": 0,
                "Shared Hit Blocks": 14,
                "Shared Read Blocks": 0,
                "Shared Dirtied Blocks": 0,
                "Shared Written Blocks": 0,
                "Local Hit Blocks": 0,
                "Local Read Blocks": 0,
                "Local Dirtied Blocks": 0,
                "Local Written Blocks": 0,
                "Temp Read Blocks": 0,
                "Temp Written Blocks": 0
              }
            ]
          }
        ]
      },
      "Planning": {
        "Shared Hit Blocks": 45,
        "Shared Read Blocks": 25,
        "Shared Dirtied Blocks": 0,
        "Shared Written Blocks": 0,
        "Local Hit Blocks": 0,
        "Local Read Blocks": 0,
        "Local Dirtied Blocks": 0,
        "Local Written Blocks": 0,
        "Temp Read Blocks": 0,
        "Temp Written Blocks": 0
      },
      "Planning Time": 3.484,
      "Triggers": [],
      "Execution Time": 1484.437
    }
  ],
  "original_sql": "select\n   min(w_state)\n  ,min(i_item_id)\n  ,min(cs_item_sk)\n  ,min(cs_order_number)\n  ,min(cr_item_sk)\n  ,min(cr_order_number)\n from\n   catalog_sales left outer join catalog_returns on\n       (cs_order_number = cr_order_number\n        and cs_item_sk = cr_item_sk)\n  ,warehouse\n  ,item\n  ,date_dim\n where\n i_item_sk          = cs_item_sk\n and cs_warehouse_sk    = w_warehouse_sk\n and cs_sold_date_sk    = d_date_sk\n and d_date between (cast ('1999-04-19' as date) - interval '30 day')\n                and (cast ('1999-04-19' as date) + interval '30 day') \n and i_category  = 'Home'\n and i_manager_id between 25 and 64\n and cs_wholesale_cost between 17 and 36\n and cr_reason_sk = 16"
}