{
  "query_id": "query013_agg",
  "engine": "postgresql",
  "benchmark": "dsb",
  "scale_factor": 10,
  "execution_time_ms": 14810.72,
  "planning_time_ms": 15.405,
  "plan_json": [
    {
      "Plan": {
        "Node Type": "Aggregate",
        "Strategy": "Plain",
        "Partial Mode": "Finalize",
        "Parallel Aware": false,
        "Async Capable": false,
        "Startup Cost": 203409.73,
        "Total Cost": 203409.74,
        "Plan Rows": 1,
        "Plan Width": 128,
        "Actual Startup Time": 14808.357,
        "Actual Total Time": 14808.418,
        "Actual Rows": 1,
        "Actual Loops": 1,
        "Output": [
          "avg(store_sales.ss_quantity)",
          "avg(store_sales.ss_ext_sales_price)",
          "avg(store_sales.ss_ext_wholesale_cost)",
          "sum(store_sales.ss_ext_wholesale_cost)"
        ],
        "Shared Hit Blocks": 89174,
        "Shared Read Blocks": 84054,
        "Shared Dirtied Blocks": 0,
        "Shared Written Blocks": 0,
        "Local Hit Blocks": 0,
        "Local Read Blocks": 0,
        "Local Dirtied Blocks": 0,
        "Local Written Blocks": 0,
        "Temp Read Blocks": 0,
        "Temp Written Blocks": 0,
        "Plans": [
          {
            "Node Type": "Gather",
            "Parent Relationship": "Outer",
            "Parallel Aware": false,
            "Async Capable": false,
            "Startup Cost": 203409.49,
            "Total Cost": 203409.7,
            "Plan Rows": 2,
            "Plan Width": 128,
            "Actual Startup Time": 14808.339,
            "Actual Total Time": 14808.403,
            "Actual Rows": 3,
            "Actual Loops": 1,
            "Output": [
              "(PARTIAL avg(store_sales.ss_quantity))",
              "(PARTIAL avg(store_sales.ss_ext_sales_price))",
              "(PARTIAL avg(store_sales.ss_ext_wholesale_cost))",
              "(PARTIAL sum(store_sales.ss_ext_wholesale_cost))"
            ],
            "Workers Planned": 2,
            "Workers Launched": 2,
            "Single Copy": false,
            "Shared Hit Blocks": 89174,
            "Shared Read Blocks": 84054,
            "Shared Dirtied Blocks": 0,
            "Shared Written Blocks": 0,
            "Local Hit Blocks": 0,
            "Local Read Blocks": 0,
            "Local Dirtied Blocks": 0,
            "Local Written Blocks": 0,
            "Temp Read Blocks": 0,
            "Temp Written Blocks": 0,
            "Plans": [
              {
                "Node Type": "Aggregate",
                "Strategy": "Plain",
                "Partial Mode": "Partial",
                "Parent Relationship": "Outer",
                "Parallel Aware": false,
                "Async Capable": false,
                "Startup Cost": 202409.49,
                "Total Cost": 202409.5,
                "Plan Rows": 1,
                "Plan Width": 128,
                "Actual Startup Time": 9755.516,
                "Actual Total Time": 9755.521,
                "Actual Rows": 1,
                "Actual Loops": 3,
                "Output": [
                  "PARTIAL avg(store_sales.ss_quantity)",
                  "PARTIAL avg(store_sales.ss_ext_sales_price)",
                  "PARTIAL avg(store_sales.ss_ext_wholesale_cost)",
                  "PARTIAL sum(store_sales.ss_ext_wholesale_cost)"
                ],
                "Shared Hit Blocks": 89174,
                "Shared Read Blocks": 84054,
                "Shared Dirtied Blocks": 0,
                "Shared Written Blocks": 0,
                "Local Hit Blocks": 0,
                "Local Read Blocks": 0,
                "Local Dirtied Blocks": 0,
                "Local Written Blocks": 0,
                "Temp Read Blocks": 0,
                "Temp Written Blocks": 0,
                "Workers": [
                  {
                    "Worker Number": 0,
                    "Actual Startup Time": 14409.34,
                    "Actual Total Time": 14409.346,
                    "Actual Rows": 1,
                    "Actual Loops": 1,
                    "JIT": {
                      "Functions": 38,
                      "Options": {
                        "Inlining": false,
                        "Optimization": false,
                        "Expressions": true,
                        "Deforming": true
                      },
                      "Timing": {
                        "Generation": 4.276,
                        "Inlining": 0.0,
                        "Optimization": 1.179,
                        "Emission": 22.864,
                        "Total": 28.319
                      }
                    },
                    "Shared Hit Blocks": 40066,
                    "Shared Read Blocks": 40705,
                    "Shared Dirtied Blocks": 0,
                    "Shared Written Blocks": 0,
                    "Local Hit Blocks": 0,
                    "Local Read Blocks": 0,
                    "Local Dirtied Blocks": 0,
                    "Local Written Blocks": 0,
                    "Temp Read Blocks": 0,
                    "Temp Written Blocks": 0
                  },
                  {
                    "Worker Number": 1,
                    "Actual Startup Time": 49.2,
                    "Actual Total Time": 49.205,
                    "Actual Rows": 1,
                    "Actual Loops": 1,
                    "JIT": {
                      "Functions": 38,
                      "Options": {
                        "Inlining": false,
                        "Optimization": false,
                        "Expressions": true,
                        "Deforming": true
                      },
                      "Timing": {
                        "Generation": 4.469,
                        "Inlining": 0.0,
                        "Optimization": 1.06,
                        "Emission": 23.65,
                        "Total": 29.18
                      }
                    },
                    "Shared Hit Blocks": 31,
                    "Shared Read Blocks": 140,
                    "Shared Dirtied Blocks": 0,
                    "Shared Written Blocks": 0,
                    "Local Hit Blocks": 0,
                    "Local Read Blocks": 0,
                    "Local Dirtied Blocks": 0,
                    "Local Written Blocks": 0,
                    "Temp Read Blocks": 0,
                    "Temp Written Blocks": 0
                  }
                ],
                "Plans": [
                  {
                    "Node Type": "Nested Loop",
                    "Parent Relationship": "Outer",
                    "Parallel Aware": false,
                    "Async Capable": false,
                    "Join Type": "Inner",
                    "Startup Cost": 212.39,
                    "Total Cost": 202409.48,
                    "Plan Rows": 1,
                    "Plan Width": 16,
                    "Actual Startup Time": 636.163,
                    "Actual Total Time": 9755.448,
                    "Actual Rows": 11,
                    "Actual Loops": 3,
                    "Output": [
                      "store_sales.ss_quantity",
                      "store_sales.ss_ext_sales_price",
                      "store_sales.ss_ext_wholesale_cost"
                    ],
                    "Inner Unique": true,
                    "Join Filter": "(((customer_demographics.cd_marital_status = 'U'::bpchar) AND (customer_demographics.cd_education_status = 'College'::bpchar) AND (store_sales.ss_sales_price >= 100.00) AND (store_sales.ss_sales_price <= 150.00) AND (household_demographics.hd_dep_count = 3)) OR ((customer_demographics.cd_marital_status = 'W'::bpchar) AND (customer_demographics.cd_education_status = 'Secondary'::bpchar) AND (store_sales.ss_sales_price >= 50.00) AND (store_sales.ss_sales_price <= 100.00) AND (household_demographics.hd_dep_count = 1)) OR ((customer_demographics.cd_marital_status = 'D'::bpchar) AND (customer_demographics.cd_education_status = 'Secondary'::bpchar) AND (store_sales.ss_sales_price >= 150.00) AND (store_sales.ss_sales_price <= 200.00) AND (household_demographics.hd_dep_count = 1)))",
                    "Rows Removed by Join Filter": 66,
                    "Shared Hit Blocks": 89174,
                    "Shared Read Blocks": 84054,
                    "Shared Dirtied Blocks": 0,
                    "Shared Written Blocks": 0,
                    "Local Hit Blocks": 0,
                    "Local Read Blocks": 0,
                    "Local Dirtied Blocks": 0,
                    "Local Written Blocks": 0,
                    "Temp Read Blocks": 0,
                    "Temp Written Blocks": 0,
                    "Workers": [
                      {
                        "Worker Number": 0,
                        "Actual Startup Time": 356.888,
                        "Actual Total Time": 14409.253,
                        "Actual Rows": 17,
                        "Actual Loops": 1,
                        "Shared Hit Blocks": 40066,
                        "Shared Read Blocks": 40705,
                        "Shared Dirtied Blocks": 0,
                        "Shared Written Blocks": 0,
                        "Local Hit Blocks": 0,
                        "Local Read Blocks": 0,
                        "Local Dirtied Blocks": 0,
                        "Local Written Blocks": 0,
                        "Temp Read Blocks": 0,
                        "Temp Written Blocks": 0
                      },
                      {
                        "Worker Number": 1,
                        "Actual Startup Time": 49.165,
                        "Actual Total Time": 49.169,
                        "Actual Rows": 0,
                        "Actual Loops": 1,
                        "Shared Hit Blocks": 31,
                        "Shared Read Blocks": 140,
                        "Shared Dirtied Blocks": 0,
                        "Shared Written Blocks": 0,
                        "Local Hit Blocks": 0,
                        "Local Read Blocks": 0,
                        "Local Dirtied Blocks": 0,
                        "Local Written Blocks": 0,
                        "Temp Read Blocks": 0,
                        "Temp Written Blocks": 0
                      }
                    ],
                    "Plans": [
                      {
                        "Node Type": "Nested Loop",
                        "Parent Relationship": "Outer",
                        "Parallel Aware": false,
                        "Async Capable": false,
                        "Join Type": "Inner",
                        "Startup Cost": 211.96,
                        "Total Cost": 202351.22,
                        "Plan Rows": 62,
                        "Plan Width": 30,
                        "Actual Startup Time": 107.799,
                        "Actual Total Time": 9160.404,
                        "Actual Rows": 1294,
                        "Actual Loops": 3,
                        "Output": [
                          "store_sales.ss_quantity",
                          "store_sales.ss_ext_sales_price",
                          "store_sales.ss_ext_wholesale_cost",
                          "store_sales.ss_cdemo_sk",
                          "store_sales.ss_sales_price",
                          "household_demographics.hd_dep_count"
                        ],
                        "Inner Unique": true,
                        "Shared Hit Blocks": 79418,
                        "Shared Read Blocks": 78293,
                        "Shared Dirtied Blocks": 0,
                        "Shared Written Blocks": 0,
                        "Local Hit Blocks": 0,
                        "Local Read Blocks": 0,
                        "Local Dirtied Blocks": 0,
                        "Local Written Blocks": 0,
                        "Temp Read Blocks": 0,
                        "Temp Written Blocks": 0,
                        "Workers": [
                          {
                            "Worker Number": 0,
                            "Actual Startup Time": 128.88,
                            "Actual Total Time": 13529.496,
                            "Actual Rows": 1898,
                            "Actual Loops": 1,
                            "Shared Hit Blocks": 35292,
                            "Shared Read Blocks": 37886,
                            "Shared Dirtied Blocks": 0,
                            "Shared Written Blocks": 0,
                            "Local Hit Blocks": 0,
                            "Local Read Blocks": 0,
                            "Local Dirtied Blocks": 0,
                            "Local Written Blocks": 0,
                            "Temp Read Blocks": 0,
                            "Temp Written Blocks": 0
                          },
                          {
                            "Worker Number": 1,
                            "Actual Startup Time": 49.164,
                            "Actual Total Time": 49.168,
                            "Actual Rows": 0,
                            "Actual Loops": 1,
                            "Shared Hit Blocks": 31,
                            "Shared Read Blocks": 140,
                            "Shared Dirtied Blocks": 0,
                            "Shared Written Blocks": 0,
                            "Local Hit Blocks": 0,
                            "Local Read Blocks": 0,
                            "Local Dirtied Blocks": 0,
                            "Local Written Blocks": 0,
                            "Temp Read Blocks": 0,
                            "Temp Written Blocks": 0
                          }
                        ],
                        "Plans": [
                          {
                            "Node Type": "Hash Join",
                            "Parent Relationship": "Outer",
                            "Parallel Aware": false,
                            "Async Capable": false,
                            "Join Type": "Inner",
                            "Startup Cost": 211.54,
                            "Total Cost": 201981.45,
                            "Plan Rows": 475,
                            "Plan Width": 40,
                            "Actual Startup Time": 100.586,
                            "Actual Total Time": 8310.735,
                            "Actual Rows": 6247,
                            "Actual Loops": 3,
                            "Output": [
                              "store_sales.ss_quantity",
                              "store_sales.ss_ext_sales_price",
                              "store_sales.ss_ext_wholesale_cost",
                              "store_sales.ss_cdemo_sk",
                              "store_sales.ss_sales_price",
                              "store_sales.ss_addr_sk",
                              "store_sales.ss_net_profit",
                              "household_demographics.hd_dep_count"
                            ],
                            "Inner Unique": true,
                            "Hash Cond": "(store_sales.ss_store_sk = store.s_store_sk)",
                            "Shared Hit Blocks": 13956,
                            "Shared Read Blocks": 68962,
                            "Shared Dirtied Blocks": 0,
                            "Shared Written Blocks": 0,
                            "Local Hit Blocks": 0,
                            "Local Read Blocks": 0,
                            "Local Dirtied Blocks": 0,
                            "Local Written Blocks": 0,
                            "Temp Read Blocks": 0,
                            "Temp Written Blocks": 0,
                            "Workers": [
                              {
                                "Worker Number": 0,
                                "Actual Startup Time": 123.413,
                                "Actual Total Time": 12293.108,
                                "Actual Rows": 9061,
                                "Actual Loops": 1,
                                "Shared Hit Blocks": 3600,
                                "Shared Read Blocks": 33417,
                                "Shared Dirtied Blocks": 0,
                                "Shared Written Blocks": 0,
                                "Local Hit Blocks": 0,
                                "Local Read Blocks": 0,
                                "Local Dirtied Blocks": 0,
                                "Local Written Blocks": 0,
                                "Temp Read Blocks": 0,
                                "Temp Written Blocks": 0
                              },
                              {
                                "Worker Number": 1,
                                "Actual Startup Time": 49.164,
                                "Actual Total Time": 49.167,
                                "Actual Rows": 0,
                                "Actual Loops": 1,
                                "Shared Hit Blocks": 31,
                                "Shared Read Blocks": 140,
                                "Shared Dirtied Blocks": 0,
                                "Shared Written Blocks": 0,
                                "Local Hit Blocks": 0,
                                "Local Read Blocks": 0,
                                "Local Dirtied Blocks": 0,
                                "Local Written Blocks": 0,
                                "Temp Read Blocks": 0,
                                "Temp Written Blocks": 0
                              }
                            ],
                            "Plans": [
                              {
                                "Node Type": "Hash Join",
                                "Parent Relationship": "Outer",
                                "Parallel Aware": false,
                                "Async Capable": false,
                                "Join Type": "Inner",
                                "Startup Cost": 204.24,
                                "Total Cost": 201972.79,
                                "Plan Rows": 499,
                                "Plan Width": 44,
                                "Actual Startup Time": 75.099,
                                "Actual Total Time": 8280.579,
                                "Actual Rows": 6265,
                                "Actual Loops": 3,
                                "Output": [
                                  "store_sales.ss_quantity",
                                  "store_sales.ss_ext_sales_price",
                                  "store_sales.ss_ext_wholesale_cost",
                                  "store_sales.ss_store_sk",
                                  "store_sales.ss_cdemo_sk",
                                  "store_sales.ss_sales_price",
                                  "store_sales.ss_addr_sk",
                                  "store_sales.ss_net_profit",
                                  "household_demographics.hd_dep_count"
                                ],
                                "Inner Unique": true,
                                "Hash Cond": "(store_sales.ss_hdemo_sk = household_demographics.hd_demo_sk)",
                                "Shared Hit Blocks": 13890,
                                "Shared Read Blocks": 68955,
                                "Shared Dirtied Blocks": 0,
                                "Shared Written Blocks": 0,
                                "Local Hit Blocks": 0,
                                "Local Read Blocks": 0,
                                "Local Dirtied Blocks": 0,
                                "Local Written Blocks": 0,
                                "Temp Read Blocks": 0,
                                "Temp Written Blocks": 0,
                                "Workers": [
                                  {
                                    "Worker Number": 0,
                                    "Actual Startup Time": 97.51,
                                    "Actual Total Time": 12260.185,
                                    "Actual Rows": 9084,
                                    "Actual Loops": 1,
                                    "Shared Hit Blocks": 3567,
                                    "Shared Read Blocks": 33416,
                                    "Shared Dirtied Blocks": 0,
                                    "Shared Written Blocks": 0,
                                    "Local Hit Blocks": 0,
                                    "Local Read Blocks": 0,
                                    "Local Dirtied Blocks": 0,
                                    "Local Written Blocks": 0,
                                    "Temp Read Blocks": 0,
                                    "Temp Written Blocks": 0
                                  },
                                  {
                                    "Worker Number": 1,
                                    "Actual Startup Time": 22.529,
                                    "Actual Total Time": 22.531,
                                    "Actual Rows": 0,
                                    "Actual Loops": 1,
                                    "Shared Hit Blocks": 0,
                                    "Shared Read Blocks": 137,
                                    "Shared Dirtied Blocks": 0,
                                    "Shared Written Blocks": 0,
                                    "Local Hit Blocks": 0,
                                    "Local Read Blocks": 0,
                                    "Local Dirtied Blocks": 0,
                                    "Local Written Blocks": 0,
                                    "Temp Read Blocks": 0,
                                    "Temp Written Blocks": 0
                                  }
                                ],
                                "Plans": [
                                  {
                                    "Node Type": "Nested Loop",
                                    "Parent Relationship": "Outer",
                                    "Parallel Aware": false,
                                    "Async Capable": false,
                                    "Join Type": "Inner",
                                    "Startup Cost": 0.85,
                                    "Total Cost": 201764.34,
                                    "Plan Rows": 1928,
                                    "Plan Width": 44,
                                    "Actual Startup Time": 68.113,
                                    "Actual Total Time": 8254.897,
                                    "Actual Rows": 56045,
                                    "Actual Loops": 3,
                                    "Output": [
                                      "store_sales.ss_quantity",
                                      "store_sales.ss_ext_sales_price",
                                      "store_sales.ss_ext_wholesale_cost",
                                      "store_sales.ss_store_sk",
                                      "store_sales.ss_hdemo_sk",
                                      "store_sales.ss_cdemo_sk",
                                      "store_sales.ss_sales_price",
                                      "store_sales.ss_addr_sk",
                                      "store_sales.ss_net_profit"
                                    ],
                                    "Inner Unique": false,
                                    "Shared Hit Blocks": 13837,
                                    "Shared Read Blocks": 68902,
                                    "Shared Dirtied Blocks": 0,
                                    "Shared Written Blocks": 0,
                                    "Local Hit Blocks": 0,
                                    "Local Read Blocks": 0,
                                    "Local Dirtied Blocks": 0,
                                    "Local Written Blocks": 0,
                                    "Temp Read Blocks": 0,
                                    "Temp Written Blocks": 0,
                                    "Workers": [
                                      {
                                        "Worker Number": 0,
                                        "Actual Startup Time": 96.065,
                                        "Actual Total Time": 12231.204,
                                        "Actual Rows": 81614,
                                        "Actual Loops": 1,
                                        "Shared Hit Blocks": 3514,
                                        "Shared Read Blocks": 33416,
                                        "Shared Dirtied Blocks": 0,
                                        "Shared Written Blocks": 0,
                                        "Local Hit Blocks": 0,
                                        "Local Read Blocks": 0,
                                        "Local Dirtied Blocks": 0,
                                        "Local Written Blocks": 0,
                                        "Temp Read Blocks": 0,
                                        "Temp Written Blocks": 0
                                      },
                                      {
                                        "Worker Number": 1,
                                        "Actual Startup Time": 22.527,
                                        "Actual Total Time": 22.529,
                                        "Actual Rows": 0,
                                        "Actual Loops": 1,
                                        "Shared Hit Blocks": 0,
                                        "Shared Read Blocks": 137,
                                        "Shared Dirtied Blocks": 0,
                                        "Shared Written Blocks": 0,
                                        "Local Hit Blocks": 0,
                                        "Local Read Blocks": 0,
                                        "Local Dirtied Blocks": 0,
                                        "Local Written Blocks": 0,
                                        "Temp Read Blocks": 0,
                                        "Temp Written Blocks": 0
                                      }
                                    ],
                                    "Plans": [
                                      {
                                        "Node Type": "Index Only Scan",
                                        "Parent Relationship": "Outer",
                                        "Parallel Aware": true,
                                        "Async Capable": false,
                                        "Scan Direction": "Forward",
                                        "Index Name": "_dta_index_date_dim_6_661577395__k1_k7_k9",
                                        "Relation Name": "date_dim",
                                        "Schema": "public",
                                        "Alias": "date_dim",
                                        "Startup Cost": 0.29,
                                        "Total Cost": 1688.68,
                                        "Plan Rows": 152,
                                        "Plan Width": 4,
                                        "Actual Startup Time": 15.061,
                                        "Actual Total Time": 15.224,
                                        "Actual Rows": 122,
                                        "Actual Loops": 3,
                                        "Output": [
                                          "date_dim.d_date_sk",
                                          "date_dim.d_year",
                                          "date_dim.d_moy"
                                        ],
                                        "Index Cond": "(date_dim.d_year = 2001)",
                                        "Rows Removed by Index Recheck": 0,
                                        "Heap Fetches": 0,
                                        "Shared Hit Blocks": 3,
                                        "Shared Read Blocks": 280,
                                        "Shared Dirtied Blocks": 0,
                                        "Shared Written Blocks": 0,
                                        "Local Hit Blocks": 0,
                                        "Local Read Blocks": 0,
                                        "Local Dirtied Blocks": 0,
                                        "Local Written Blocks": 0,
                                        "Temp Read Blocks": 0,
                                        "Temp Written Blocks": 0,
                                        "Workers": [
                                          {
                                            "Worker Number": 0,
                                            "Actual Startup Time": 0.76,
                                            "Actual Total Time": 1.032,
                                            "Actual Rows": 192,
                                            "Actual Loops": 1,
                                            "Shared Hit Blocks": 1,
                                            "Shared Read Blocks": 1,
                                            "Shared Dirtied Blocks": 0,
                                            "Shared Written Blocks": 0,
                                            "Local Hit Blocks": 0,
                                            "Local Read Blocks": 0,
                                            "Local Dirtied Blocks": 0,
                                            "Local Written Blocks": 0,
                                            "Temp Read Blocks": 0,
                                            "Temp Written Blocks": 0
                                          },
                                          {
                                            "Worker Number": 1,
                                            "Actual Startup Time": 22.526,
                                            "Actual Total Time": 22.526,
                                            "Actual Rows": 0,
                                            "Actual Loops": 1,
                                            "Shared Hit Blocks": 0,
                                            "Shared Read Blocks": 137,
                                            "Shared Dirtied Blocks": 0,
                                            "Shared Written Blocks": 0,
                                            "Local Hit Blocks": 0,
                                            "Local Read Blocks": 0,
                                            "Local Dirtied Blocks": 0,
                                            "Local Written Blocks": 0,
                                            "Temp Read Blocks": 0,
                                            "Temp Written Blocks": 0
                                          }
                                        ]
                                      },
                                      {
                                        "Node Type": "Index Only Scan",
                                        "Parent Relationship": "Inner",
                                        "Parallel Aware": false,
                                        "Async Capable": false,
                                        "Scan Direction": "Forward",
                                        "Index Name": "_dta_index_store_sales_6_1333579789__k1_k23_k14_k6_k8_k5_k7_3_4",
                                        "Relation Name": "store_sales",
                                        "Schema": "public",
                                        "Alias": "store_sales",
                                        "Startup Cost": 0.56,
                                        "Total Cost": 1311.76,
                                        "Plan Rows": 453,
                                        "Plan Width": 48,
                                        "Actual Startup Time": 45.655,
                                        "Actual Total Time": 67.661,
                                        "Actual Rows": 461,
                                        "Actual Loops": 365,
                                        "Output": [
                                          "store_sales.ss_sold_date_sk",
                                          "store_sales.ss_net_profit",
                                          "store_sales.ss_sales_price",
                                          "store_sales.ss_hdemo_sk",
                                          "store_sales.ss_store_sk",
                                          "store_sales.ss_cdemo_sk",
                                          "store_sales.ss_addr_sk",
                                          "store_sales.ss_item_sk",
                                          "store_sales.ss_customer_sk",
                                          "store_sales.ss_promo_sk",
                                          "store_sales.ss_ticket_number",
                                          "store_sales.ss_quantity",
                                          "store_sales.ss_wholesale_cost",
                                          "store_sales.ss_list_price",
                                          "store_sales.ss_ext_sales_price",
                                          "store_sales.ss_ext_wholesale_cost",
                                          "store_sales.ss_coupon_amt"
                                        ],
                                        "Index Cond": "(store_sales.ss_sold_date_sk = date_dim.d_date_sk)",
                                        "Rows Removed by Index Recheck": 0,
                                        "Filter": "((((store_sales.ss_sales_price >= 100.00) AND (store_sales.ss_sales_price <= 150.00)) OR ((store_sales.ss_sales_price >= 50.00) AND (store_sales.ss_sales_price <= 100.00)) OR ((store_sales.ss_sales_price >= 150.00) AND (store_sales.ss_sales_price <= 200.00))) AND (((store_sales.ss_net_profit >= '100'::numeric) AND (store_sales.ss_net_profit <= '200'::numeric)) OR ((store_sales.ss_net_profit >= '150'::numeric) AND (store_sales.ss_net_profit <= '300'::numeric)) OR ((store_sales.ss_net_profit >= '50'::numeric) AND (store_sales.ss_net_profit <= '250'::numeric))))",
                                        "Rows Removed by Filter": 13310,
                                        "Heap Fetches": 0,
                                        "Shared Hit Blocks": 13834,
                                        "Shared Read Blocks": 68622,
                                        "Shared Dirtied Blocks": 0,
                                        "Shared Written Blocks": 0,
                                        "Local Hit Blocks": 0,
                                        "Local Read Blocks": 0,
                                        "Local Dirtied Blocks": 0,
                                        "Local Written Blocks": 0,
                                        "Temp Read Blocks": 0,
                                        "Temp Written Blocks": 0,
                                        "Workers": [
                                          {
                                            "Worker Number": 0,
                                            "Actual Startup Time": 42.946,
                                            "Actual Total Time": 63.639,
                                            "Actual Rows": 425,
                                            "Actual Loops": 192,
                                            "Shared Hit Blocks": 3513,
                                            "Shared Read Blocks": 33415,
                                            "Shared Dirtied Blocks": 0,
                                            "Shared Written Blocks": 0,
                                            "Local Hit Blocks": 0,
                                            "Local Read Blocks": 0,
                                            "Local Dirtied Blocks": 0,
                                            "Local Written Blocks": 0,
                                            "Temp Read Blocks": 0,
                                            "Temp Written Blocks": 0
                                          }
                                        ]
                                      }
                                    ]
                                  },
                                  {
                                    "Node Type": "Hash",
                                    "Parent Relationship": "Inner",
                                    "Parallel Aware": false,
                                    "Async Capable": false,
                                    "Startup Cost": 179.0,
                                    "Total Cost": 179.0,
                                    "Plan Rows": 1951,
                                    "Plan Width": 8,
                                    "Actual Startup Time": 10.241,
                                    "Actual Total Time": 10.242,
                                    "Actual Rows": 1440,
                                    "Actual Loops": 2,
                                    "Output": [
                                      "household_demographics.hd_demo_sk",
                                      "household_demographics.hd_dep_count"
                                    ],
                                    "Hash Buckets": 2048,
                                    "Original Hash Buckets": 2048,
                                    "Hash Batches": 1,
                                    "Original Hash Batches": 1,
                                    "Peak Memory Usage": 73,
                                    "Shared Hit Blocks": 53,
                                    "Shared Read Blocks": 53,
                                    "Shared Dirtied Blocks": 0,
                                    "Shared Written Blocks": 0,
                                    "Local Hit Blocks": 0,
                                    "Local Read Blocks": 0,
                                    "Local Dirtied Blocks": 0,
                                    "Local Written Blocks": 0,
                                    "Temp Read Blocks": 0,
                                    "Temp Written Blocks": 0,
                                    "Workers": [
                                      {
                                        "Worker Number": 0,
                                        "Actual Startup Time": 1.037,
                                        "Actual Total Time": 1.038,
                                        "Actual Rows": 1440,
                                        "Actual Loops": 1,
                                        "Shared Hit Blocks": 53,
                                        "Shared Read Blocks": 0,
                                        "Shared Dirtied Blocks": 0,
                                        "Shared Written Blocks": 0,
                                        "Local Hit Blocks": 0,
                                        "Local Read Blocks": 0,
                                        "Local Dirtied Blocks": 0,
                                        "Local Written Blocks": 0,
                                        "Temp Read Blocks": 0,
                                        "Temp Written Blocks": 0
                                      }
                                    ],
                                    "Plans": [
                                      {
                                        "Node Type": "Seq Scan",
                                        "Parent Relationship": "Outer",
                                        "Parallel Aware": false,
                                        "Async Capable": false,
                                        "Relation Name": "household_demographics",
                                        "Schema": "public",
                                        "Alias": "household_demographics",
                                        "Startup Cost": 0.0,
                                        "Total Cost": 179.0,
                                        "Plan Rows": 1951,
                                        "Plan Width": 8,
                                        "Actual Startup Time": 0.338,
                                        "Actual Total Time": 10.038,
                                        "Actual Rows": 1440,
                                        "Actual Loops": 2,
                                        "Output": [
                                          "household_demographics.hd_demo_sk",
                                          "household_demographics.hd_dep_count"
                                        ],
                                        "Filter": "((household_demographics.hd_dep_count = 3) OR (household_demographics.hd_dep_count = 1) OR (household_demographics.hd_dep_count = 1))",
                                        "Rows Removed by Filter": 5760,
                                        "Shared Hit Blocks": 53,
                                        "Shared Read Blocks": 53,
                                        "Shared Dirtied Blocks": 0,
                                        "Shared Written Blocks": 0,
                                        "Local Hit Blocks": 0,
                                        "Local Read Blocks": 0,
                                        "Local Dirtied Blocks": 0,
                                        "Local Written Blocks": 0,
                                        "Temp Read Blocks": 0,
                                        "Temp Written Blocks": 0,
                                        "Workers": [
                                          {
                                            "Worker Number": 0,
                                            "Actual Startup Time": 0.278,
                                            "Actual Total Time": 0.875,
                                            "Actual Rows": 1440,
                                            "Actual Loops": 1,
                                            "Shared Hit Blocks": 53,
                                            "Shared Read Blocks": 0,
                                            "Shared Dirtied Blocks": 0,
                                            "Shared Written Blocks": 0,
                                            "Local Hit Blocks": 0,
                                            "Local Read Blocks": 0,
                                            "Local Dirtied Blocks": 0,
                                            "Local Written Blocks": 0,
                                            "Temp Read Blocks": 0,
                                            "Temp Written Blocks": 0
                                          }
                                        ]
                                      }
                                    ]
                                  }
                                ]
                              },
                              {
                                "Node Type": "Hash",
                                "Parent Relationship": "Inner",
                                "Parallel Aware": false,
                                "Async Capable": false,
                                "Startup Cost": 6.02,
                                "Total Cost": 6.02,
                                "Plan Rows": 102,
                                "Plan Width": 4,
                                "Actual Startup Time": 24.399,
                                "Actual Total Time": 24.399,
                                "Actual Rows": 102,
                                "Actual Loops": 3,
                                "Output": [
                                  "store.s_store_sk"
                                ],
                                "Hash Buckets": 1024,
                                "Original Hash Buckets": 1024,
                                "Hash Batches": 1,
                                "Original Hash Batches": 1,
                                "Peak Memory Usage": 12,
                                "Shared Hit Blocks": 12,
                                "Shared Read Blocks": 3,
                                "Shared Dirtied Blocks": 0,
                                "Shared Written Blocks": 0,
                                "Local Hit Blocks": 0,
                                "Local Read Blocks": 0,
                                "Local Dirtied Blocks": 0,
                                "Local Written Blocks": 0,
                                "Temp Read Blocks": 0,
                                "Temp Written Blocks": 0,
                                "Workers": [
                                  {
                                    "Worker Number": 0,
                                    "Actual Startup Time": 24.284,
                                    "Actual Total Time": 24.285,
                                    "Actual Rows": 102,
                                    "Actual Loops": 1,
                                    "Shared Hit Blocks": 5,
                                    "Shared Read Blocks": 0,
                                    "Shared Dirtied Blocks": 0,
                                    "Shared Written Blocks": 0,
                                    "Local Hit Blocks": 0,
                                    "Local Read Blocks": 0,
                                    "Local Dirtied Blocks": 0,
                                    "Local Written Blocks": 0,
                                    "Temp Read Blocks": 0,
                                    "Temp Written Blocks": 0
                                  },
                                  {
                                    "Worker Number": 1,
                                    "Actual Startup Time": 25.007,
                                    "Actual Total Time": 25.007,
                                    "Actual Rows": 102,
                                    "Actual Loops": 1,
                                    "Shared Hit Blocks": 5,
                                    "Shared Read Blocks": 0,
                                    "Shared Dirtied Blocks": 0,
                                    "Shared Written Blocks": 0,
                                    "Local Hit Blocks": 0,
                                    "Local Read Blocks": 0,
                                    "Local Dirtied Blocks": 0,
                                    "Local Written Blocks": 0,
                                    "Temp Read Blocks": 0,
                                    "Temp Written Blocks": 0
                                  }
                                ],
                                "Plans": [
                                  {
                                    "Node Type": "Seq Scan",
                                    "Parent Relationship": "Outer",
                                    "Parallel Aware": false,
                                    "Async Capable": false,
                                    "Relation Name": "store",
                                    "Schema": "public",
                                    "Alias": "store",
                                    "Startup Cost": 0.0,
                                    "Total Cost": 6.02,
                                    "Plan Rows": 102,
                                    "Plan Width": 4,
                                    "Actual Startup Time": 24.17,
                                    "Actual Total Time": 24.36,
                                    "Actual Rows": 102,
                                    "Actual Loops": 3,
                                    "Output": [
                                      "store.s_store_sk"
                                    ],
                                    "Shared Hit Blocks": 12,
                                    "Shared Read Blocks": 3,
                                    "Shared Dirtied Blocks": 0,
                                    "Shared Written Blocks": 0,
                                    "Local Hit Blocks": 0,
                                    "Local Read Blocks": 0,
                                    "Local Dirtied Blocks": 0,
                                    "Local Written Blocks": 0,
                                    "Temp Read Blocks": 0,
                                    "Temp Written Blocks": 0,
                                    "Workers": [
                                      {
                                        "Worker Number": 0,
                                        "Actual Startup Time": 24.231,
                                        "Actual Total Time": 24.249,
                                        "Actual Rows": 102,
                                        "Actual Loops": 1,
                                        "Shared Hit Blocks": 5,
                                        "Shared Read Blocks": 0,
                                        "Shared Dirtied Blocks": 0,
                                        "Shared Written Blocks": 0,
                                        "Local Hit Blocks": 0,
                                        "Local Read Blocks": 0,
                                        "Local Dirtied Blocks": 0,
                                        "Local Written Blocks": 0,
                                        "Temp Read Blocks": 0,
                                        "Temp Written Blocks": 0
                                      },
                                      {
                                        "Worker Number": 1,
                                        "Actual Startup Time": 24.947,
                                        "Actual Total Time": 24.967,
                                        "Actual Rows": 102,
                                        "Actual Loops": 1,
                                        "Shared Hit Blocks": 5,
                                        "Shared Read Blocks": 0,
                                        "Shared Dirtied Blocks": 0,
                                        "Shared Written Blocks": 0,
                                        "Local Hit Blocks": 0,
                                        "Local Read Blocks": 0,
                                        "Local Dirtied Blocks": 0,
                                        "Local Written Blocks": 0,
                                        "Temp Read Blocks": 0,
                                        "Temp Written Blocks": 0
                                      }
                                    ]
                                  }
                                ]
                              }
                            ]
                          },
                          {
                            "Node Type": "Index Scan",
                            "Parent Relationship": "Inner",
                            "Parallel Aware": false,
                            "Async Capable": false,
                            "Scan Direction": "Forward",
                            "Index Name": "customer_address_pkey",
                            "Relation Name": "customer_address",
                            "Schema": "public",
                            "Alias": "customer_address",
                            "Startup Cost": 0.42,
                            "Total Cost": 0.77,
                            "Plan Rows": 1,
                            "Plan Width": 7,
                            "Actual Startup Time": 0.135,
                            "Actual Total Time": 0.135,
                            "Actual Rows": 0,
                            "Actual Loops": 18741,
                            "Output": [
                              "customer_address.ca_address_sk",
                              "customer_address.ca_address_id",
                              "customer_address.ca_street_number",
                              "customer_address.ca_street_name",
                              "customer_address.ca_street_type",
                              "customer_address.ca_suite_number",
                              "customer_address.ca_city",
                              "customer_address.ca_county",
                              "customer_address.ca_state",
                              "customer_address.ca_zip",
                              "customer_address.ca_country",
                              "customer_address.ca_gmt_offset",
                              "customer_address.ca_location_type"
                            ],
                            "Index Cond": "(customer_address.ca_address_sk = store_sales.ss_addr_sk)",
                            "Rows Removed by Index Recheck": 0,
                            "Filter": "(((customer_address.ca_country)::text = 'United States'::text) AND ((customer_address.ca_state = ANY ('{IA,MO,TX}'::bpchar[])) OR (customer_address.ca_state = ANY ('{GA,LA,SD}'::bpchar[])) OR (customer_address.ca_state = ANY ('{TN,TX,VA}'::bpchar[]))) AND (((customer_address.ca_state = ANY ('{IA,MO,TX}'::bpchar[])) AND (store_sales.ss_net_profit >= '100'::numeric) AND (store_sales.ss_net_profit <= '200'::numeric)) OR ((customer_address.ca_state = ANY ('{GA,LA,SD}'::bpchar[])) AND (store_sales.ss_net_profit >= '150'::numeric) AND (store_sales.ss_net_profit <= '300'::numeric)) OR ((customer_address.ca_state = ANY ('{TN,TX,VA}'::bpchar[])) AND (store_sales.ss_net_profit >= '50'::numeric) AND (store_sales.ss_net_profit <= '250'::numeric))))",
                            "Rows Removed by Filter": 1,
                            "Shared Hit Blocks": 65462,
                            "Shared Read Blocks": 9331,
                            "Shared Dirtied Blocks": 0,
                            "Shared Written Blocks": 0,
                            "Local Hit Blocks": 0,
                            "Local Read Blocks": 0,
                            "Local Dirtied Blocks": 0,
                            "Local Written Blocks": 0,
                            "Temp Read Blocks": 0,
                            "Temp Written Blocks": 0,
                            "Workers": [
                              {
                                "Worker Number": 0,
                                "Actual Startup Time": 0.135,
                                "Actual Total Time": 0.135,
                                "Actual Rows": 0,
                                "Actual Loops": 9061,
                                "Shared Hit Blocks": 31692,
                                "Shared Read Blocks": 4469,
                                "Shared Dirtied Blocks": 0,
                                "Shared Written Blocks": 0,
                                "Local Hit Blocks": 0,
                                "Local Read Blocks": 0,
                                "Local Dirtied Blocks": 0,
                                "Local Written Blocks": 0,
                                "Temp Read Blocks": 0,
                                "Temp Written Blocks": 0
                              }
                            ]
                          }
                        ]
                      },
                      {
                        "Node Type": "Index Scan",
                        "Parent Relationship": "Inner",
                        "Parallel Aware": false,
                        "Async Capable": false,
                        "Scan Direction": "Forward",
                        "Index Name": "customer_demographics_pkey",
                        "Relation Name": "customer_demographics",
                        "Schema": "public",
                        "Alias": "customer_demographics",
                        "Startup Cost": 0.43,
                        "Total Cost": 0.89,
                        "Plan Rows": 1,
                        "Plan Width": 27,
                        "Actual Startup Time": 0.458,
                        "Actual Total Time": 0.458,
                        "Actual Rows": 0,
                        "Actual Loops": 3881,
                        "Output": [
                          "customer_demographics.cd_demo_sk",
                          "customer_demographics.cd_gender",
                          "customer_demographics.cd_marital_status",
                          "customer_demographics.cd_education_status",
                          "customer_demographics.cd_purchase_estimate",
                          "customer_demographics.cd_credit_rating",
                          "customer_demographics.cd_dep_count",
                          "customer_demographics.cd_dep_employed_count",
                          "customer_demographics.cd_dep_college_count"
                        ],
                        "Index Cond": "(customer_demographics.cd_demo_sk = store_sales.ss_cdemo_sk)",
                        "Rows Removed by Index Recheck": 0,
                        "Filter": "(((customer_demographics.cd_marital_status = 'U'::bpchar) AND (customer_demographics.cd_education_status = 'College'::bpchar)) OR ((customer_demographics.cd_marital_status = 'W'::bpchar) AND (customer_demographics.cd_education_status = 'Secondary'::bpchar)) OR ((customer_demographics.cd_marital_status = 'D'::bpchar) AND (customer_demographics.cd_education_status = 'Secondary'::bpchar)))",
                        "Rows Removed by Filter": 1,
                        "Shared Hit Blocks": 9756,
                        "Shared Read Blocks": 5761,
                        "Shared Dirtied Blocks": 0,
                        "Shared Written Blocks": 0,
                        "Local Hit Blocks": 0,
                        "Local Read Blocks": 0,
                        "Local Dirtied Blocks": 0,
                        "Local Written Blocks": 0,
                        "Temp Read Blocks": 0,
                        "Temp Written Blocks": 0,
                        "Workers": [
                          {
                            "Worker Number": 0,
                            "Actual Startup Time": 0.462,
                            "Actual Total Time": 0.462,
                            "Actual Rows": 0,
                            "Actual Loops": 1898,
                            "Shared Hit Blocks": 4774,
                            "Shared Read Blocks": 2819,
                            "Shared Dirtied Blocks": 0,
                            "Shared Written Blocks": 0,
                            "Local Hit Blocks": 0,
                            "Local Read Blocks": 0,
                            "Local Dirtied Blocks": 0,
                            "Local Written Blocks": 0,
                            "Temp Read Blocks": 0,
                            "Temp Written Blocks": 0
                          }
                        ]
                      }
                    ]
                  }
                ]
              }
            ]
          }
        ]
      },
      "Planning": {
        "Shared Hit Blocks": 66,
        "Shared Read Blocks": 47,
        "Shared Dirtied Blocks": 0,
        "Shared Written Blocks": 0,
        "Local Hit Blocks": 0,
        "Local Read Blocks": 0,
        "Local Dirtied Blocks": 0,
        "Local Written Blocks": 0,
        "Temp Read Blocks": 0,
        "Temp Written Blocks": 0
      },
      "Planning Time": 15.405,
      "Triggers": [],
      "JIT": {
        "Functions": 116,
        "Options": {
          "Inlining": false,
          "Optimization": false,
          "Expressions": true,
          "Deforming": true
        },
        "Timing": {
          "Generation": 10.876,
          "Inlining": 0.0,
          "Optimization": 3.289,
          "Emission": 69.053,
          "Total": 83.217
        }
      },
      "Execution Time": 14810.72
    }
  ],
  "original_sql": "select avg(ss_quantity)\n,avg(ss_ext_sales_price)\n,avg(ss_ext_wholesale_cost)\n,sum(ss_ext_wholesale_cost)\nfrom store_sales\n   ,store\n   ,customer_demographics\n   ,household_demographics\n   ,customer_address\n   ,date_dim\nwhere s_store_sk = ss_store_sk\nand  ss_sold_date_sk = d_date_sk and d_year = 2001\nand((ss_hdemo_sk=hd_demo_sk\nand cd_demo_sk = ss_cdemo_sk\nand cd_marital_status = 'U'\nand cd_education_status = 'College'\nand ss_sales_price between 100.00 and 150.00\nand hd_dep_count = 3\n   )or\n   (ss_hdemo_sk=hd_demo_sk\nand cd_demo_sk = ss_cdemo_sk\nand cd_marital_status = 'W'\nand cd_education_status = 'Secondary'\nand ss_sales_price between 50.00 and 100.00\nand hd_dep_count = 1\n   ) or\n   (ss_hdemo_sk=hd_demo_sk\nand cd_demo_sk = ss_cdemo_sk\nand cd_marital_status = 'D'\nand cd_education_status = 'Secondary'\nand ss_sales_price between 150.00 and 200.00\nand hd_dep_count = 1\n   ))\nand((ss_addr_sk = ca_address_sk\nand ca_country = 'United States'\nand ca_state in ('IA', 'MO', 'TX')\nand ss_net_profit between 100 and 200\n   ) or\n   (ss_addr_sk = ca_address_sk\nand ca_country = 'United States'\nand ca_state in ('GA', 'LA', 'SD')\nand ss_net_profit between 150 and 300\n   ) or\n   (ss_addr_sk = ca_address_sk\nand ca_country = 'United States'\nand ca_state in ('TN', 'TX', 'VA')\nand ss_net_profit between 50 and 250\n   ))"
}