{
  "query_id": "query018_agg_i1",
  "plan_json": [
    {
      "Plan": {
        "Node Type": "Limit",
        "Parallel Aware": false,
        "Async Capable": false,
        "Startup Cost": 133053.33,
        "Total Cost": 133053.35,
        "Plan Rows": 5,
        "Plan Width": 240,
        "Actual Startup Time": 1337.394,
        "Actual Total Time": 1337.457,
        "Actual Rows": 5,
        "Actual Loops": 1,
        "Shared Hit Blocks": 119013,
        "Shared Read Blocks": 74569,
        "Shared Dirtied Blocks": 0,
        "Shared Written Blocks": 0,
        "Local Hit Blocks": 0,
        "Local Read Blocks": 0,
        "Local Dirtied Blocks": 0,
        "Local Written Blocks": 0,
        "Temp Read Blocks": 0,
        "Temp Written Blocks": 0,
        "Plans": [
          {
            "Node Type": "Sort",
            "Parent Relationship": "Outer",
            "Parallel Aware": false,
            "Async Capable": false,
            "Startup Cost": 133053.33,
            "Total Cost": 133053.35,
            "Plan Rows": 5,
            "Plan Width": 240,
            "Actual Startup Time": 1337.392,
            "Actual Total Time": 1337.454,
            "Actual Rows": 5,
            "Actual Loops": 1,
            "Sort Key": [
              "customer_address.ca_country",
              "customer_address.ca_state",
              "customer_address.ca_county",
              "item.i_item_id"
            ],
            "Sort Method": "quicksort",
            "Sort Space Used": 25,
            "Sort Space Type": "Memory",
            "Shared Hit Blocks": 119013,
            "Shared Read Blocks": 74569,
            "Shared Dirtied Blocks": 0,
            "Shared Written Blocks": 0,
            "Local Hit Blocks": 0,
            "Local Read Blocks": 0,
            "Local Dirtied Blocks": 0,
            "Local Written Blocks": 0,
            "Temp Read Blocks": 0,
            "Temp Written Blocks": 0,
            "Plans": [
              {
                "Node Type": "Aggregate",
                "Strategy": "Sorted",
                "Partial Mode": "Simple",
                "Parent Relationship": "Outer",
                "Parallel Aware": false,
                "Async Capable": false,
                "Startup Cost": 133053.11,
                "Total Cost": 133053.28,
                "Plan Rows": 5,
                "Plan Width": 240,
                "Actual Startup Time": 1337.379,
                "Actual Total Time": 1337.445,
                "Actual Rows": 5,
                "Actual Loops": 1,
                "Grouping Sets": [
                  {
                    "Group Keys": [
                      [
                        "item.i_item_id",
                        "customer_address.ca_country",
                        "customer_address.ca_state",
                        "customer_address.ca_county"
                      ],
                      [
                        "item.i_item_id",
                        "customer_address.ca_country",
                        "customer_address.ca_state"
                      ],
                      [
                        "item.i_item_id",
                        "customer_address.ca_country"
                      ],
                      [
                        "item.i_item_id"
                      ],
                      []
                    ]
                  }
                ],
                "Shared Hit Blocks": 119013,
                "Shared Read Blocks": 74569,
                "Shared Dirtied Blocks": 0,
                "Shared Written Blocks": 0,
                "Local Hit Blocks": 0,
                "Local Read Blocks": 0,
                "Local Dirtied Blocks": 0,
                "Local Written Blocks": 0,
                "Temp Read Blocks": 0,
                "Temp Written Blocks": 0,
                "Plans": [
                  {
                    "Node Type": "Sort",
                    "Parent Relationship": "Outer",
                    "Parallel Aware": false,
                    "Async Capable": false,
                    "Startup Cost": 133053.11,
                    "Total Cost": 133053.12,
                    "Plan Rows": 1,
                    "Plan Width": 77,
                    "Actual Startup Time": 1337.351,
                    "Actual Total Time": 1337.412,
                    "Actual Rows": 1,
                    "Actual Loops": 1,
                    "Sort Key": [
                      "item.i_item_id",
                      "customer_address.ca_country",
                      "customer_address.ca_state",
                      "customer_address.ca_county"
                    ],
                    "Sort Method": "quicksort",
                    "Sort Space Used": 25,
                    "Sort Space Type": "Memory",
                    "Shared Hit Blocks": 119013,
                    "Shared Read Blocks": 74569,
                    "Shared Dirtied Blocks": 0,
                    "Shared Written Blocks": 0,
                    "Local Hit Blocks": 0,
                    "Local Read Blocks": 0,
                    "Local Dirtied Blocks": 0,
                    "Local Written Blocks": 0,
                    "Temp Read Blocks": 0,
                    "Temp Written Blocks": 0,
                    "Plans": [
                      {
                        "Node Type": "Nested Loop",
                        "Parent Relationship": "Outer",
                        "Parallel Aware": false,
                        "Async Capable": false,
                        "Join Type": "Inner",
                        "Startup Cost": 1002.29,
                        "Total Cost": 133053.1,
                        "Plan Rows": 1,
                        "Plan Width": 77,
                        "Actual Startup Time": 218.108,
                        "Actual Total Time": 1337.406,
                        "Actual Rows": 1,
                        "Actual Loops": 1,
                        "Inner Unique": true,
                        "Shared Hit Blocks": 119013,
                        "Shared Read Blocks": 74569,
                        "Shared Dirtied Blocks": 0,
                        "Shared Written Blocks": 0,
                        "Local Hit Blocks": 0,
                        "Local Read Blocks": 0,
                        "Local Dirtied Blocks": 0,
                        "Local Written Blocks": 0,
                        "Temp Read Blocks": 0,
                        "Temp Written Blocks": 0,
                        "Plans": [
                          {
                            "Node Type": "Gather",
                            "Parent Relationship": "Outer",
                            "Parallel Aware": false,
                            "Async Capable": false,
                            "Startup Cost": 1001.87,
                            "Total Cost": 133052.17,
                            "Plan Rows": 1,
                            "Plan Width": 50,
                            "Actual Startup Time": 141.518,
                            "Actual Total Time": 1337.179,
                            "Actual Rows": 22,
                            "Actual Loops": 1,
                            "Workers Planned": 2,
                            "Workers Launched": 2,
                            "Single Copy": false,
                            "Shared Hit Blocks": 118972,
                            "Shared Read Blocks": 74522,
                            "Shared Dirtied Blocks": 0,
                            "Shared Written Blocks": 0,
                            "Local Hit Blocks": 0,
                            "Local Read Blocks": 0,
                            "Local Dirtied Blocks": 0,
                            "Local Written Blocks": 0,
                            "Temp Read Blocks": 0,
                            "Temp Written Blocks": 0,
                            "Plans": [
                              {
                                "Node Type": "Nested Loop",
                                "Parent Relationship": "Outer",
                                "Parallel Aware": false,
                                "Async Capable": false,
                                "Join Type": "Inner",
                                "Startup Cost": 1.87,
                                "Total Cost": 132052.07,
                                "Plan Rows": 1,
                                "Plan Width": 50,
                                "Actual Startup Time": 60.594,
                                "Actual Total Time": 744.288,
                                "Actual Rows": 7,
                                "Actual Loops": 3,
                                "Inner Unique": true,
                                "Shared Hit Blocks": 118972,
                                "Shared Read Blocks": 74522,
                                "Shared Dirtied Blocks": 0,
                                "Shared Written Blocks": 0,
                                "Local Hit Blocks": 0,
                                "Local Read Blocks": 0,
                                "Local Dirtied Blocks": 0,
                                "Local Written Blocks": 0,
                                "Temp Read Blocks": 0,
                                "Temp Written Blocks": 0,
                                "Workers": [],
                                "Plans": [
                                  {
                                    "Node Type": "Nested Loop",
                                    "Parent Relationship": "Outer",
                                    "Parallel Aware": false,
                                    "Async Capable": false,
                                    "Join Type": "Inner",
                                    "Startup Cost": 1.44,
                                    "Total Cost": 132046.47,
                                    "Plan Rows": 7,
                                    "Plan Width": 54,
                                    "Actual Startup Time": 5.796,
                                    "Actual Total Time": 739.164,
                                    "Actual Rows": 158,
                                    "Actual Loops": 3,
                                    "Inner Unique": true,
                                    "Shared Hit Blocks": 118013,
                                    "Shared Read Blocks": 73580,
                                    "Shared Dirtied Blocks": 0,
                                    "Shared Written Blocks": 0,
                                    "Local Hit Blocks": 0,
                                    "Local Read Blocks": 0,
                                    "Local Dirtied Blocks": 0,
                                    "Local Written Blocks": 0,
                                    "Temp Read Blocks": 0,
                                    "Temp Written Blocks": 0,
                                    "Workers": [],
                                    "Plans": [
                                      {
                                        "Node Type": "Nested Loop",
                                        "Parent Relationship": "Outer",
                                        "Parallel Aware": false,
                                        "Async Capable": false,
                                        "Join Type": "Inner",
                                        "Startup Cost": 1.02,
                                        "Total Cost": 132001.79,
                                        "Plan Rows": 70,
                                        "Plan Width": 50,
                                        "Actual Startup Time": 2.876,
                                        "Actual Total Time": 693.067,
                                        "Actual Rows": 1466,
                                        "Actual Loops": 3,
                                        "Inner Unique": true,
                                        "Shared Hit Blocks": 106988,
                                        "Shared Read Blocks": 67044,
                                        "Shared Dirtied Blocks": 0,
                                        "Shared Written Blocks": 0,
                                        "Local Hit Blocks": 0,
                                        "Local Read Blocks": 0,
                                        "Local Dirtied Blocks": 0,
                                        "Local Written Blocks": 0,
                                        "Temp Read Blocks": 0,
                                        "Temp Written Blocks": 0,
                                        "Workers": [],
                                        "Plans": [
                                          {
                                            "Node Type": "Nested Loop",
                                            "Parent Relationship": "Outer",
                                            "Parallel Aware": false,
                                            "Async Capable": false,
                                            "Join Type": "Inner",
                                            "Startup Cost": 0.73,
                                            "Total Cost": 131742.82,
                                            "Plan Rows": 638,
                                            "Plan Width": 37,
                                            "Actual Startup Time": 2.67,
                                            "Actual Total Time": 643.36,
                                            "Actual Rows": 12994,
                                            "Actual Loops": 3,
                                            "Inner Unique": false,
                                            "Shared Hit Blocks": 1877,
                                            "Shared Read Blocks": 55208,
                                            "Shared Dirtied Blocks": 0,
                                            "Shared Written Blocks": 0,
                                            "Local Hit Blocks": 0,
                                            "Local Read Blocks": 0,
                                            "Local Dirtied Blocks": 0,
                                            "Local Written Blocks": 0,
                                            "Temp Read Blocks": 0,
                                            "Temp Written Blocks": 0,
                                            "Workers": [],
                                            "Plans": [
                                              {
                                                "Node Type": "Index Only Scan",
                                                "Parent Relationship": "Outer",
                                                "Parallel Aware": true,
                                                "Async Capable": false,
                                                "Scan Direction": "Forward",
                                                "Index Name": "_dta_index_date_dim_6_661577395__k1_k7_k9",
                                                "Relation Name": "date_dim",
                                                "Alias": "date_dim",
                                                "Startup Cost": 0.29,
                                                "Total Cost": 1677.67,
                                                "Plan Rows": 151,
                                                "Plan Width": 4,
                                                "Actual Startup Time": 0.442,
                                                "Actual Total Time": 0.598,
                                                "Actual Rows": 122,
                                                "Actual Loops": 3,
                                                "Index Cond": "(d_year = 1998)",
                                                "Rows Removed by Index Recheck": 0,
                                                "Heap Fetches": 0,
                                                "Shared Hit Blocks": 2,
                                                "Shared Read Blocks": 281,
                                                "Shared Dirtied Blocks": 0,
                                                "Shared Written Blocks": 0,
                                                "Local Hit Blocks": 0,
                                                "Local Read Blocks": 0,
                                                "Local Dirtied Blocks": 0,
                                                "Local Written Blocks": 0,
                                                "Temp Read Blocks": 0,
                                                "Temp Written Blocks": 0,
                                                "Workers": []
                                              },
                                              {
                                                "Node Type": "Index Scan",
                                                "Parent Relationship": "Inner",
                                                "Parallel Aware": false,
                                                "Async Capable": false,
                                                "Scan Direction": "Forward",
                                                "Index Name": "_dta_index_catalog_sales_6_1301579675__k1_4",
                                                "Relation Name": "catalog_sales",
                                                "Alias": "catalog_sales",
                                                "Startup Cost": 0.43,
                                                "Total Cost": 859.91,
                                                "Plan Rows": 145,
                                                "Plan Width": 41,
                                                "Actual Startup Time": 0.07,
                                                "Actual Total Time": 5.249,
                                                "Actual Rows": 107,
                                                "Actual Loops": 365,
                                                "Index Cond": "(cs_sold_date_sk = date_dim.d_date_sk)",
                                                "Rows Removed by Index Recheck": 0,
                                                "Filter": "((cs_wholesale_cost >= '41'::numeric) AND (cs_wholesale_cost <= '46'::numeric))",
                                                "Rows Removed by Filter": 5171,
                                                "Shared Hit Blocks": 1875,
                                                "Shared Read Blocks": 54927,
                                                "Shared Dirtied Blocks": 0,
                                                "Shared Written Blocks": 0,
                                                "Local Hit Blocks": 0,
                                                "Local Read Blocks": 0,
                                                "Local Dirtied Blocks": 0,
                                                "Local Written Blocks": 0,
                                                "Temp Read Blocks": 0,
                                                "Temp Written Blocks": 0,
                                                "Workers": []
                                              }
                                            ]
                                          },
                                          {
                                            "Node Type": "Index Scan",
                                            "Parent Relationship": "Inner",
                                            "Parallel Aware": false,
                                            "Async Capable": false,
                                            "Scan Direction": "Forward",
                                            "Index Name": "item_pkey",
                                            "Relation Name": "item",
                                            "Alias": "item",
                                            "Startup Cost": 0.29,
                                            "Total Cost": 0.41,
                                            "Plan Rows": 1,
                                            "Plan Width": 21,
                                            "Actual Startup Time": 0.003,
                                            "Actual Total Time": 0.003,
                                            "Actual Rows": 0,
                                            "Actual Loops": 38982,
                                            "Index Cond": "(i_item_sk = catalog_sales.cs_item_sk)",
                                            "Rows Removed by Index Recheck": 0,
                                            "Filter": "(i_category = 'Sports'::bpchar)",
                                            "Rows Removed by Filter": 1,
                                            "Shared Hit Blocks": 105111,
                                            "Shared Read Blocks": 11836,
                                            "Shared Dirtied Blocks": 0,
                                            "Shared Written Blocks": 0,
                                            "Local Hit Blocks": 0,
                                            "Local Read Blocks": 0,
                                            "Local Dirtied Blocks": 0,
                                            "Local Written Blocks": 0,
                                            "Temp Read Blocks": 0,
                                            "Temp Written Blocks": 0,
                                            "Workers": []
                                          }
                                        ]
                                      },
                                      {
                                        "Node Type": "Index Scan",
                                        "Parent Relationship": "Inner",
                                        "Parallel Aware": false,
                                        "Async Capable": false,
                                        "Scan Direction": "Forward",
                                        "Index Name": "_dta_index_customer_6_949578421__k1_k5",
                                        "Relation Name": "customer",
                                        "Alias": "customer",
                                        "Startup Cost": 0.42,
                                        "Total Cost": 0.64,
                                        "Plan Rows": 1,
                                        "Plan Width": 12,
                                        "Actual Startup Time": 0.031,
                                        "Actual Total Time": 0.031,
                                        "Actual Rows": 0,
                                        "Actual Loops": 4397,
                                        "Index Cond": "(c_customer_sk = catalog_sales.cs_bill_customer_sk)",
                                        "Rows Removed by Index Recheck": 0,
                                        "Filter": "(c_birth_month = 2)",
                                        "Rows Removed by Filter": 1,
                                        "Shared Hit Blocks": 11025,
                                        "Shared Read Blocks": 6536,
                                        "Shared Dirtied Blocks": 0,
                                        "Shared Written Blocks": 0,
                                        "Local Hit Blocks": 0,
                                        "Local Read Blocks": 0,
                                        "Local Dirtied Blocks": 0,
                                        "Local Written Blocks": 0,
                                        "Temp Read Blocks": 0,
                                        "Temp Written Blocks": 0,
                                        "Workers": []
                                      }
                                    ]
                                  },
                                  {
                                    "Node Type": "Index Scan",
                                    "Parent Relationship": "Inner",
                                    "Parallel Aware": false,
                                    "Async Capable": false,
                                    "Scan Direction": "Forward",
                                    "Index Name": "customer_demographics_pkey",
                                    "Relation Name": "customer_demographics",
                                    "Alias": "customer_demographics",
                                    "Startup Cost": 0.43,
                                    "Total Cost": 0.8,
                                    "Plan Rows": 1,
                                    "Plan Width": 4,
                                    "Actual Startup Time": 0.031,
                                    "Actual Total Time": 0.031,
                                    "Actual Rows": 0,
                                    "Actual Loops": 475,
                                    "Index Cond": "(cd_demo_sk = catalog_sales.cs_bill_cdemo_sk)",
                                    "Rows Removed by Index Recheck": 0,
                                    "Filter": "((cd_gender = 'F'::bpchar) AND (cd_education_status = 'College'::bpchar))",
                                    "Rows Removed by Filter": 1,
                                    "Shared Hit Blocks": 959,
                                    "Shared Read Blocks": 942,
                                    "Shared Dirtied Blocks": 0,
                                    "Shared Written Blocks": 0,
                                    "Local Hit Blocks": 0,
                                    "Local Read Blocks": 0,
                                    "Local Dirtied Blocks": 0,
                                    "Local Written Blocks": 0,
                                    "Temp Read Blocks": 0,
                                    "Temp Written Blocks": 0,
                                    "Workers": []
                                  }
                                ]
                              }
                            ]
                          },
                          {
                            "Node Type": "Index Scan",
                            "Parent Relationship": "Inner",
                            "Parallel Aware": false,
                            "Async Capable": false,
                            "Scan Direction": "Forward",
                            "Index Name": "customer_address_pkey",
                            "Relation Name": "customer_address",
                            "Alias": "customer_address",
                            "Startup Cost": 0.42,
                            "Total Cost": 0.94,
                            "Plan Rows": 1,
                            "Plan Width": 35,
                            "Actual Startup Time": 0.009,
                            "Actual Total Time": 0.009,
                            "Actual Rows": 0,
                            "Actual Loops": 22,
                            "Index Cond": "(ca_address_sk = customer.c_current_addr_sk)",
                            "Rows Removed by Index Recheck": 0,
                            "Filter": "(ca_state = ANY ('{AR,NY,TX}'::bpchar[]))",
                            "Rows Removed by Filter": 1,
                            "Shared Hit Blocks": 41,
                            "Shared Read Blocks": 47,
                            "Shared Dirtied Blocks": 0,
                            "Shared Written Blocks": 0,
                            "Local Hit Blocks": 0,
                            "Local Read Blocks": 0,
                            "Local Dirtied Blocks": 0,
                            "Local Written Blocks": 0,
                            "Temp Read Blocks": 0,
                            "Temp Written Blocks": 0
                          }
                        ]
                      }
                    ]
                  }
                ]
              }
            ]
          }
        ]
      },
      "Planning": {
        "Shared Hit Blocks": 28,
        "Shared Read Blocks": 45,
        "Shared Dirtied Blocks": 0,
        "Shared Written Blocks": 0,
        "Local Hit Blocks": 0,
        "Local Read Blocks": 0,
        "Local Dirtied Blocks": 0,
        "Local Written Blocks": 0,
        "Temp Read Blocks": 0,
        "Temp Written Blocks": 0
      },
      "Planning Time": 1.723,
      "Triggers": [],
      "Execution Time": 1337.523
    }
  ],
  "execution_time_ms": 1337.523
}
