{
  "query_id": "query031_multi_i2",
  "plan_json": [
    {
      "Plan": {
        "Node Type": "Nested Loop",
        "Parallel Aware": false,
        "Async Capable": false,
        "Join Type": "Inner",
        "Startup Cost": 939608.87,
        "Total Cost": 939631.01,
        "Plan Rows": 1,
        "Plan Width": 210,
        "Actual Startup Time": 1484.169,
        "Actual Total Time": 1486.761,
        "Actual Rows": 0,
        "Actual Loops": 1,
        "Inner Unique": false,
        "Join Filter": "(((ss1.ca_county)::text = (ws3.ca_county)::text) AND (CASE WHEN (ws2.web_sales > '0'::numeric) THEN (ws3.web_sales / ws2.web_sales) ELSE NULL::numeric END > CASE WHEN (ss2.store_sales > '0'::numeric) THEN (ss3.store_sales / ss2.store_sales) ELSE NULL::numeric END))",
        "Rows Removed by Join Filter": 0,
        "Shared Hit Blocks": 15781,
        "Shared Read Blocks": 506542,
        "Shared Dirtied Blocks": 0,
        "Shared Written Blocks": 0,
        "Local Hit Blocks": 0,
        "Local Read Blocks": 0,
        "Local Dirtied Blocks": 0,
        "Local Written Blocks": 0,
        "Temp Read Blocks": 0,
        "Temp Written Blocks": 0,
        "Plans": [
          {
            "Node Type": "Aggregate",
            "Strategy": "Sorted",
            "Partial Mode": "Finalize",
            "Parent Relationship": "InitPlan",
            "Subplan Name": "CTE ss",
            "Parallel Aware": false,
            "Async Capable": false,
            "Startup Cost": 701120.5,
            "Total Cost": 701150.96,
            "Plan Rows": 235,
            "Plan Width": 54,
            "Actual Startup Time": 1483.946,
            "Actual Total Time": 1486.663,
            "Actual Rows": 98,
            "Actual Loops": 1,
            "Group Key": [
              "customer_address.ca_county",
              "date_dim.d_qoy",
              "date_dim.d_year"
            ],
            "Shared Hit Blocks": 15781,
            "Shared Read Blocks": 506542,
            "Shared Dirtied Blocks": 0,
            "Shared Written Blocks": 0,
            "Local Hit Blocks": 0,
            "Local Read Blocks": 0,
            "Local Dirtied Blocks": 0,
            "Local Written Blocks": 0,
            "Temp Read Blocks": 0,
            "Temp Written Blocks": 0,
            "Plans": [
              {
                "Node Type": "Gather Merge",
                "Parent Relationship": "Outer",
                "Parallel Aware": false,
                "Async Capable": false,
                "Startup Cost": 701120.5,
                "Total Cost": 701145.57,
                "Plan Rows": 196,
                "Plan Width": 54,
                "Actual Startup Time": 1483.94,
                "Actual Total Time": 1486.578,
                "Actual Rows": 100,
                "Actual Loops": 1,
                "Workers Planned": 2,
                "Workers Launched": 2,
                "Shared Hit Blocks": 15781,
                "Shared Read Blocks": 506542,
                "Shared Dirtied Blocks": 0,
                "Shared Written Blocks": 0,
                "Local Hit Blocks": 0,
                "Local Read Blocks": 0,
                "Local Dirtied Blocks": 0,
                "Local Written Blocks": 0,
                "Temp Read Blocks": 0,
                "Temp Written Blocks": 0,
                "Plans": [
                  {
                    "Node Type": "Aggregate",
                    "Strategy": "Sorted",
                    "Partial Mode": "Partial",
                    "Parent Relationship": "Outer",
                    "Parallel Aware": false,
                    "Async Capable": false,
                    "Startup Cost": 700120.47,
                    "Total Cost": 700122.92,
                    "Plan Rows": 98,
                    "Plan Width": 54,
                    "Actual Startup Time": 1480.366,
                    "Actual Total Time": 1480.393,
                    "Actual Rows": 33,
                    "Actual Loops": 3,
                    "Group Key": [
                      "customer_address.ca_county",
                      "date_dim.d_qoy",
                      "date_dim.d_year"
                    ],
                    "Shared Hit Blocks": 15781,
                    "Shared Read Blocks": 506542,
                    "Shared Dirtied Blocks": 0,
                    "Shared Written Blocks": 0,
                    "Local Hit Blocks": 0,
                    "Local Read Blocks": 0,
                    "Local Dirtied Blocks": 0,
                    "Local Written Blocks": 0,
                    "Temp Read Blocks": 0,
                    "Temp Written Blocks": 0,
                    "Workers": [],
                    "Plans": [
                      {
                        "Node Type": "Sort",
                        "Parent Relationship": "Outer",
                        "Parallel Aware": false,
                        "Async Capable": false,
                        "Startup Cost": 700120.47,
                        "Total Cost": 700120.72,
                        "Plan Rows": 98,
                        "Plan Width": 28,
                        "Actual Startup Time": 1480.353,
                        "Actual Total Time": 1480.358,
                        "Actual Rows": 33,
                        "Actual Loops": 3,
                        "Sort Key": [
                          "customer_address.ca_county",
                          "date_dim.d_qoy",
                          "date_dim.d_year"
                        ],
                        "Sort Method": "quicksort",
                        "Sort Space Used": 27,
                        "Sort Space Type": "Memory",
                        "Shared Hit Blocks": 15781,
                        "Shared Read Blocks": 506542,
                        "Shared Dirtied Blocks": 0,
                        "Shared Written Blocks": 0,
                        "Local Hit Blocks": 0,
                        "Local Read Blocks": 0,
                        "Local Dirtied Blocks": 0,
                        "Local Written Blocks": 0,
                        "Temp Read Blocks": 0,
                        "Temp Written Blocks": 0,
                        "Workers": [
                          {
                            "Worker Number": 0,
                            "Sort Method": "quicksort",
                            "Sort Space Used": 28,
                            "Sort Space Type": "Memory"
                          },
                          {
                            "Worker Number": 1,
                            "Sort Method": "quicksort",
                            "Sort Space Used": 27,
                            "Sort Space Type": "Memory"
                          }
                        ],
                        "Plans": [
                          {
                            "Node Type": "Nested Loop",
                            "Parent Relationship": "Outer",
                            "Parallel Aware": false,
                            "Async Capable": false,
                            "Join Type": "Inner",
                            "Startup Cost": 6424.9,
                            "Total Cost": 700117.23,
                            "Plan Rows": 98,
                            "Plan Width": 28,
                            "Actual Startup Time": 39.043,
                            "Actual Total Time": 1480.218,
                            "Actual Rows": 33,
                            "Actual Loops": 3,
                            "Inner Unique": true,
                            "Shared Hit Blocks": 15753,
                            "Shared Read Blocks": 506540,
                            "Shared Dirtied Blocks": 0,
                            "Shared Written Blocks": 0,
                            "Local Hit Blocks": 0,
                            "Local Read Blocks": 0,
                            "Local Dirtied Blocks": 0,
                            "Local Written Blocks": 0,
                            "Temp Read Blocks": 0,
                            "Temp Written Blocks": 0,
                            "Workers": [],
                            "Plans": [
                              {
                                "Node Type": "Nested Loop",
                                "Parent Relationship": "Outer",
                                "Parallel Aware": false,
                                "Async Capable": false,
                                "Join Type": "Inner",
                                "Startup Cost": 6424.61,
                                "Total Cost": 700082.52,
                                "Plan Rows": 103,
                                "Plan Width": 24,
                                "Actual Startup Time": 39.021,
                                "Actual Total Time": 1479.931,
                                "Actual Rows": 34,
                                "Actual Loops": 3,
                                "Inner Unique": true,
                                "Shared Hit Blocks": 15457,
                                "Shared Read Blocks": 506534,
                                "Shared Dirtied Blocks": 0,
                                "Shared Written Blocks": 0,
                                "Local Hit Blocks": 0,
                                "Local Read Blocks": 0,
                                "Local Dirtied Blocks": 0,
                                "Local Written Blocks": 0,
                                "Temp Read Blocks": 0,
                                "Temp Written Blocks": 0,
                                "Workers": [],
                                "Plans": [
                                  {
                                    "Node Type": "Hash Join",
                                    "Parent Relationship": "Outer",
                                    "Parallel Aware": true,
                                    "Async Capable": false,
                                    "Join Type": "Inner",
                                    "Startup Cost": 6424.19,
                                    "Total Cost": 699177.12,
                                    "Plan Rows": 1730,
                                    "Plan Width": 14,
                                    "Actual Startup Time": 5.334,
                                    "Actual Total Time": 1472.667,
                                    "Actual Rows": 558,
                                    "Actual Loops": 3,
                                    "Inner Unique": true,
                                    "Hash Cond": "(store_sales.ss_item_sk = item.i_item_sk)",
                                    "Shared Hit Blocks": 10168,
                                    "Shared Read Blocks": 505257,
                                    "Shared Dirtied Blocks": 0,
                                    "Shared Written Blocks": 0,
                                    "Local Hit Blocks": 0,
                                    "Local Read Blocks": 0,
                                    "Local Dirtied Blocks": 0,
                                    "Local Written Blocks": 0,
                                    "Temp Read Blocks": 0,
                                    "Temp Written Blocks": 0,
                                    "Workers": [],
                                    "Plans": [
                                      {
                                        "Node Type": "Seq Scan",
                                        "Parent Relationship": "Outer",
                                        "Parallel Aware": true,
                                        "Async Capable": false,
                                        "Relation Name": "store_sales",
                                        "Alias": "store_sales",
                                        "Startup Cost": 0.0,
                                        "Total Cost": 692206.15,
                                        "Plan Rows": 208290,
                                        "Plan Width": 18,
                                        "Actual Startup Time": 0.025,
                                        "Actual Total Time": 1451.86,
                                        "Actual Rows": 138412,
                                        "Actual Loops": 3,
                                        "Filter": "((ss_list_price >= '244'::numeric) AND (ss_list_price <= '258'::numeric))",
                                        "Rows Removed by Filter": 9461918,
                                        "Shared Hit Blocks": 9016,
                                        "Shared Read Blocks": 503170,
                                        "Shared Dirtied Blocks": 0,
                                        "Shared Written Blocks": 0,
                                        "Local Hit Blocks": 0,
                                        "Local Read Blocks": 0,
                                        "Local Dirtied Blocks": 0,
                                        "Local Written Blocks": 0,
                                        "Temp Read Blocks": 0,
                                        "Temp Written Blocks": 0,
                                        "Workers": []
                                      },
                                      {
                                        "Node Type": "Hash",
                                        "Parent Relationship": "Inner",
                                        "Parallel Aware": true,
                                        "Async Capable": false,
                                        "Startup Cost": 6419.77,
                                        "Total Cost": 6419.77,
                                        "Plan Rows": 353,
                                        "Plan Width": 4,
                                        "Actual Startup Time": 3.026,
                                        "Actual Total Time": 3.027,
                                        "Actual Rows": 272,
                                        "Actual Loops": 3,
                                        "Hash Buckets": 1024,
                                        "Original Hash Buckets": 1024,
                                        "Hash Batches": 1,
                                        "Original Hash Batches": 1,
                                        "Peak Memory Usage": 104,
                                        "Shared Hit Blocks": 1133,
                                        "Shared Read Blocks": 2084,
                                        "Shared Dirtied Blocks": 0,
                                        "Shared Written Blocks": 0,
                                        "Local Hit Blocks": 0,
                                        "Local Read Blocks": 0,
                                        "Local Dirtied Blocks": 0,
                                        "Local Written Blocks": 0,
                                        "Temp Read Blocks": 0,
                                        "Temp Written Blocks": 0,
                                        "Workers": [],
                                        "Plans": [
                                          {
                                            "Node Type": "Bitmap Heap Scan",
                                            "Parent Relationship": "Outer",
                                            "Parallel Aware": true,
                                            "Async Capable": false,
                                            "Relation Name": "item",
                                            "Alias": "item",
                                            "Startup Cost": 48.55,
                                            "Total Cost": 6419.77,
                                            "Plan Rows": 353,
                                            "Plan Width": 4,
                                            "Actual Startup Time": 0.349,
                                            "Actual Total Time": 2.962,
                                            "Actual Rows": 272,
                                            "Actual Loops": 3,
                                            "Recheck Cond": "(i_color = ANY ('{dark,puff}'::bpchar[]))",
                                            "Rows Removed by Index Recheck": 0,
                                            "Filter": "((i_manager_id >= 15) AND (i_manager_id <= 34))",
                                            "Rows Removed by Filter": 1144,
                                            "Exact Heap Blocks": 2571,
                                            "Lossy Heap Blocks": 0,
                                            "Shared Hit Blocks": 1133,
                                            "Shared Read Blocks": 2084,
                                            "Shared Dirtied Blocks": 0,
                                            "Shared Written Blocks": 0,
                                            "Local Hit Blocks": 0,
                                            "Local Read Blocks": 0,
                                            "Local Dirtied Blocks": 0,
                                            "Local Written Blocks": 0,
                                            "Temp Read Blocks": 0,
                                            "Temp Written Blocks": 0,
                                            "Workers": [],
                                            "Plans": [
                                              {
                                                "Node Type": "Bitmap Index Scan",
                                                "Parent Relationship": "Outer",
                                                "Parallel Aware": false,
                                                "Async Capable": false,
                                                "Index Name": "_dta_index_item_6_853578079__k18",
                                                "Startup Cost": 0.0,
                                                "Total Cost": 48.34,
                                                "Plan Rows": 4233,
                                                "Plan Width": 0,
                                                "Actual Startup Time": 0.692,
                                                "Actual Total Time": 0.692,
                                                "Actual Rows": 4248,
                                                "Actual Loops": 1,
                                                "Index Cond": "(i_color = ANY ('{dark,puff}'::bpchar[]))",
                                                "Shared Hit Blocks": 1,
                                                "Shared Read Blocks": 6,
                                                "Shared Dirtied Blocks": 0,
                                                "Shared Written Blocks": 0,
                                                "Local Hit Blocks": 0,
                                                "Local Read Blocks": 0,
                                                "Local Dirtied Blocks": 0,
                                                "Local Written Blocks": 0,
                                                "Temp Read Blocks": 0,
                                                "Temp Written Blocks": 0,
                                                "Workers": []
                                              }
                                            ]
                                          }
                                        ]
                                      }
                                    ]
                                  },
                                  {
                                    "Node Type": "Index Scan",
                                    "Parent Relationship": "Inner",
                                    "Parallel Aware": false,
                                    "Async Capable": false,
                                    "Scan Direction": "Forward",
                                    "Index Name": "customer_address_pkey",
                                    "Relation Name": "customer_address",
                                    "Alias": "customer_address",
                                    "Startup Cost": 0.42,
                                    "Total Cost": 0.52,
                                    "Plan Rows": 1,
                                    "Plan Width": 18,
                                    "Actual Startup Time": 0.011,
                                    "Actual Total Time": 0.011,
                                    "Actual Rows": 0,
                                    "Actual Loops": 1674,
                                    "Index Cond": "(ca_address_sk = store_sales.ss_addr_sk)",
                                    "Rows Removed by Index Recheck": 0,
                                    "Filter": "(ca_state = ANY ('{KS,OH}'::bpchar[]))",
                                    "Rows Removed by Filter": 1,
                                    "Shared Hit Blocks": 5289,
                                    "Shared Read Blocks": 1277,
                                    "Shared Dirtied Blocks": 0,
                                    "Shared Written Blocks": 0,
                                    "Local Hit Blocks": 0,
                                    "Local Read Blocks": 0,
                                    "Local Dirtied Blocks": 0,
                                    "Local Written Blocks": 0,
                                    "Temp Read Blocks": 0,
                                    "Temp Written Blocks": 0,
                                    "Workers": []
                                  }
                                ]
                              },
                              {
                                "Node Type": "Index Scan",
                                "Parent Relationship": "Inner",
                                "Parallel Aware": false,
                                "Async Capable": false,
                                "Scan Direction": "Forward",
                                "Index Name": "date_dim_pkey",
                                "Relation Name": "date_dim",
                                "Alias": "date_dim",
                                "Startup Cost": 0.29,
                                "Total Cost": 0.34,
                                "Plan Rows": 1,
                                "Plan Width": 12,
                                "Actual Startup Time": 0.006,
                                "Actual Total Time": 0.006,
                                "Actual Rows": 1,
                                "Actual Loops": 102,
                                "Index Cond": "(d_date_sk = store_sales.ss_sold_date_sk)",
                                "Rows Removed by Index Recheck": 0,
                                "Shared Hit Blocks": 296,
                                "Shared Read Blocks": 6,
                                "Shared Dirtied Blocks": 0,
                                "Shared Written Blocks": 0,
                                "Local Hit Blocks": 0,
                                "Local Read Blocks": 0,
                                "Local Dirtied Blocks": 0,
                                "Local Written Blocks": 0,
                                "Temp Read Blocks": 0,
                                "Temp Written Blocks": 0,
                                "Workers": []
                              }
                            ]
                          }
                        ]
                      }
                    ]
                  }
                ]
              }
            ]
          },
          {
            "Node Type": "Aggregate",
            "Strategy": "Sorted",
            "Partial Mode": "Finalize",
            "Parent Relationship": "InitPlan",
            "Subplan Name": "CTE ws",
            "Parallel Aware": false,
            "Async Capable": false,
            "Startup Cost": 238450.15,
            "Total Cost": 238457.91,
            "Plan Rows": 59,
            "Plan Width": 54,
            "Actual Startup Time": 0.0,
            "Actual Total Time": 0.0,
            "Actual Rows": 0,
            "Actual Loops": 0,
            "Group Key": [
              "customer_address_1.ca_county",
              "date_dim_1.d_qoy",
              "date_dim_1.d_year"
            ],
            "Shared Hit Blocks": 0,
            "Shared Read Blocks": 0,
            "Shared Dirtied Blocks": 0,
            "Shared Written Blocks": 0,
            "Local Hit Blocks": 0,
            "Local Read Blocks": 0,
            "Local Dirtied Blocks": 0,
            "Local Written Blocks": 0,
            "Temp Read Blocks": 0,
            "Temp Written Blocks": 0,
            "Plans": [
              {
                "Node Type": "Gather Merge",
                "Parent Relationship": "Outer",
                "Parallel Aware": false,
                "Async Capable": false,
                "Startup Cost": 238450.15,
                "Total Cost": 238456.55,
                "Plan Rows": 50,
                "Plan Width": 54,
                "Actual Startup Time": 0.0,
                "Actual Total Time": 0.0,
                "Actual Rows": 0,
                "Actual Loops": 0,
                "Workers Planned": 2,
                "Workers Launched": 0,
                "Shared Hit Blocks": 0,
                "Shared Read Blocks": 0,
                "Shared Dirtied Blocks": 0,
                "Shared Written Blocks": 0,
                "Local Hit Blocks": 0,
                "Local Read Blocks": 0,
                "Local Dirtied Blocks": 0,
                "Local Written Blocks": 0,
                "Temp Read Blocks": 0,
                "Temp Written Blocks": 0,
                "Plans": [
                  {
                    "Node Type": "Aggregate",
                    "Strategy": "Sorted",
                    "Partial Mode": "Partial",
                    "Parent Relationship": "Outer",
                    "Parallel Aware": false,
                    "Async Capable": false,
                    "Startup Cost": 237450.13,
                    "Total Cost": 237450.75,
                    "Plan Rows": 25,
                    "Plan Width": 54,
                    "Actual Startup Time": 0.0,
                    "Actual Total Time": 0.0,
                    "Actual Rows": 0,
                    "Actual Loops": 0,
                    "Group Key": [
                      "customer_address_1.ca_county",
                      "date_dim_1.d_qoy",
                      "date_dim_1.d_year"
                    ],
                    "Shared Hit Blocks": 0,
                    "Shared Read Blocks": 0,
                    "Shared Dirtied Blocks": 0,
                    "Shared Written Blocks": 0,
                    "Local Hit Blocks": 0,
                    "Local Read Blocks": 0,
                    "Local Dirtied Blocks": 0,
                    "Local Written Blocks": 0,
                    "Temp Read Blocks": 0,
                    "Temp Written Blocks": 0,
                    "Plans": [
                      {
                        "Node Type": "Sort",
                        "Parent Relationship": "Outer",
                        "Parallel Aware": false,
                        "Async Capable": false,
                        "Startup Cost": 237450.13,
                        "Total Cost": 237450.19,
                        "Plan Rows": 25,
                        "Plan Width": 28,
                        "Actual Startup Time": 0.0,
                        "Actual Total Time": 0.0,
                        "Actual Rows": 0,
                        "Actual Loops": 0,
                        "Sort Key": [
                          "customer_address_1.ca_county",
                          "date_dim_1.d_qoy",
                          "date_dim_1.d_year"
                        ],
                        "Shared Hit Blocks": 0,
                        "Shared Read Blocks": 0,
                        "Shared Dirtied Blocks": 0,
                        "Shared Written Blocks": 0,
                        "Local Hit Blocks": 0,
                        "Local Read Blocks": 0,
                        "Local Dirtied Blocks": 0,
                        "Local Written Blocks": 0,
                        "Temp Read Blocks": 0,
                        "Temp Written Blocks": 0,
                        "Plans": [
                          {
                            "Node Type": "Nested Loop",
                            "Parent Relationship": "Outer",
                            "Parallel Aware": false,
                            "Async Capable": false,
                            "Join Type": "Inner",
                            "Startup Cost": 6424.9,
                            "Total Cost": 237449.55,
                            "Plan Rows": 25,
                            "Plan Width": 28,
                            "Actual Startup Time": 0.0,
                            "Actual Total Time": 0.0,
                            "Actual Rows": 0,
                            "Actual Loops": 0,
                            "Inner Unique": true,
                            "Shared Hit Blocks": 0,
                            "Shared Read Blocks": 0,
                            "Shared Dirtied Blocks": 0,
                            "Shared Written Blocks": 0,
                            "Local Hit Blocks": 0,
                            "Local Read Blocks": 0,
                            "Local Dirtied Blocks": 0,
                            "Local Written Blocks": 0,
                            "Temp Read Blocks": 0,
                            "Temp Written Blocks": 0,
                            "Plans": [
                              {
                                "Node Type": "Nested Loop",
                                "Parent Relationship": "Outer",
                                "Parallel Aware": false,
                                "Async Capable": false,
                                "Join Type": "Inner",
                                "Startup Cost": 6424.61,
                                "Total Cost": 237440.38,
                                "Plan Rows": 25,
                                "Plan Width": 24,
                                "Actual Startup Time": 0.0,
                                "Actual Total Time": 0.0,
                                "Actual Rows": 0,
                                "Actual Loops": 0,
                                "Inner Unique": true,
                                "Shared Hit Blocks": 0,
                                "Shared Read Blocks": 0,
                                "Shared Dirtied Blocks": 0,
                                "Shared Written Blocks": 0,
                                "Local Hit Blocks": 0,
                                "Local Read Blocks": 0,
                                "Local Dirtied Blocks": 0,
                                "Local Written Blocks": 0,
                                "Temp Read Blocks": 0,
                                "Temp Written Blocks": 0,
                                "Plans": [
                                  {
                                    "Node Type": "Hash Join",
                                    "Parent Relationship": "Outer",
                                    "Parallel Aware": true,
                                    "Async Capable": false,
                                    "Join Type": "Inner",
                                    "Startup Cost": 6424.19,
                                    "Total Cost": 237183.31,
                                    "Plan Rows": 392,
                                    "Plan Width": 14,
                                    "Actual Startup Time": 0.0,
                                    "Actual Total Time": 0.0,
                                    "Actual Rows": 0,
                                    "Actual Loops": 0,
                                    "Inner Unique": true,
                                    "Hash Cond": "(web_sales.ws_item_sk = item_1.i_item_sk)",
                                    "Shared Hit Blocks": 0,
                                    "Shared Read Blocks": 0,
                                    "Shared Dirtied Blocks": 0,
                                    "Shared Written Blocks": 0,
                                    "Local Hit Blocks": 0,
                                    "Local Read Blocks": 0,
                                    "Local Dirtied Blocks": 0,
                                    "Local Written Blocks": 0,
                                    "Temp Read Blocks": 0,
                                    "Temp Written Blocks": 0,
                                    "Plans": [
                                      {
                                        "Node Type": "Seq Scan",
                                        "Parent Relationship": "Outer",
                                        "Parallel Aware": true,
                                        "Async Capable": false,
                                        "Relation Name": "web_sales",
                                        "Alias": "web_sales",
                                        "Startup Cost": 0.0,
                                        "Total Cost": 230635.34,
                                        "Plan Rows": 47154,
                                        "Plan Width": 18,
                                        "Actual Startup Time": 0.0,
                                        "Actual Total Time": 0.0,
                                        "Actual Rows": 0,
                                        "Actual Loops": 0,
                                        "Filter": "((ws_list_price >= '244'::numeric) AND (ws_list_price <= '258'::numeric))",
                                        "Rows Removed by Filter": 0,
                                        "Shared Hit Blocks": 0,
                                        "Shared Read Blocks": 0,
                                        "Shared Dirtied Blocks": 0,
                                        "Shared Written Blocks": 0,
                                        "Local Hit Blocks": 0,
                                        "Local Read Blocks": 0,
                                        "Local Dirtied Blocks": 0,
                                        "Local Written Blocks": 0,
                                        "Temp Read Blocks": 0,
                                        "Temp Written Blocks": 0
                                      },
                                      {
                                        "Node Type": "Hash",
                                        "Parent Relationship": "Inner",
                                        "Parallel Aware": true,
                                        "Async Capable": false,
                                        "Startup Cost": 6419.77,
                                        "Total Cost": 6419.77,
                                        "Plan Rows": 353,
                                        "Plan Width": 4,
                                        "Actual Startup Time": 0.0,
                                        "Actual Total Time": 0.0,
                                        "Actual Rows": 0,
                                        "Actual Loops": 0,
                                        "Shared Hit Blocks": 0,
                                        "Shared Read Blocks": 0,
                                        "Shared Dirtied Blocks": 0,
                                        "Shared Written Blocks": 0,
                                        "Local Hit Blocks": 0,
                                        "Local Read Blocks": 0,
                                        "Local Dirtied Blocks": 0,
                                        "Local Written Blocks": 0,
                                        "Temp Read Blocks": 0,
                                        "Temp Written Blocks": 0,
                                        "Plans": [
                                          {
                                            "Node Type": "Bitmap Heap Scan",
                                            "Parent Relationship": "Outer",
                                            "Parallel Aware": true,
                                            "Async Capable": false,
                                            "Relation Name": "item",
                                            "Alias": "item_1",
                                            "Startup Cost": 48.55,
                                            "Total Cost": 6419.77,
                                            "Plan Rows": 353,
                                            "Plan Width": 4,
                                            "Actual Startup Time": 0.0,
                                            "Actual Total Time": 0.0,
                                            "Actual Rows": 0,
                                            "Actual Loops": 0,
                                            "Recheck Cond": "(i_color = ANY ('{dark,puff}'::bpchar[]))",
                                            "Rows Removed by Index Recheck": 0,
                                            "Filter": "((i_manager_id >= 15) AND (i_manager_id <= 34))",
                                            "Rows Removed by Filter": 0,
                                            "Exact Heap Blocks": 0,
                                            "Lossy Heap Blocks": 0,
                                            "Shared Hit Blocks": 0,
                                            "Shared Read Blocks": 0,
                                            "Shared Dirtied Blocks": 0,
                                            "Shared Written Blocks": 0,
                                            "Local Hit Blocks": 0,
                                            "Local Read Blocks": 0,
                                            "Local Dirtied Blocks": 0,
                                            "Local Written Blocks": 0,
                                            "Temp Read Blocks": 0,
                                            "Temp Written Blocks": 0,
                                            "Plans": [
                                              {
                                                "Node Type": "Bitmap Index Scan",
                                                "Parent Relationship": "Outer",
                                                "Parallel Aware": false,
                                                "Async Capable": false,
                                                "Index Name": "_dta_index_item_6_853578079__k18",
                                                "Startup Cost": 0.0,
                                                "Total Cost": 48.34,
                                                "Plan Rows": 4233,
                                                "Plan Width": 0,
                                                "Actual Startup Time": 0.0,
                                                "Actual Total Time": 0.0,
                                                "Actual Rows": 0,
                                                "Actual Loops": 0,
                                                "Index Cond": "(i_color = ANY ('{dark,puff}'::bpchar[]))",
                                                "Shared Hit Blocks": 0,
                                                "Shared Read Blocks": 0,
                                                "Shared Dirtied Blocks": 0,
                                                "Shared Written Blocks": 0,
                                                "Local Hit Blocks": 0,
                                                "Local Read Blocks": 0,
                                                "Local Dirtied Blocks": 0,
                                                "Local Written Blocks": 0,
                                                "Temp Read Blocks": 0,
                                                "Temp Written Blocks": 0
                                              }
                                            ]
                                          }
                                        ]
                                      }
                                    ]
                                  },
                                  {
                                    "Node Type": "Index Scan",
                                    "Parent Relationship": "Inner",
                                    "Parallel Aware": false,
                                    "Async Capable": false,
                                    "Scan Direction": "Forward",
                                    "Index Name": "customer_address_pkey",
                                    "Relation Name": "customer_address",
                                    "Alias": "customer_address_1",
                                    "Startup Cost": 0.42,
                                    "Total Cost": 0.66,
                                    "Plan Rows": 1,
                                    "Plan Width": 18,
                                    "Actual Startup Time": 0.0,
                                    "Actual Total Time": 0.0,
                                    "Actual Rows": 0,
                                    "Actual Loops": 0,
                                    "Index Cond": "(ca_address_sk = web_sales.ws_bill_addr_sk)",
                                    "Rows Removed by Index Recheck": 0,
                                    "Filter": "(ca_state = ANY ('{KS,OH}'::bpchar[]))",
                                    "Rows Removed by Filter": 0,
                                    "Shared Hit Blocks": 0,
                                    "Shared Read Blocks": 0,
                                    "Shared Dirtied Blocks": 0,
                                    "Shared Written Blocks": 0,
                                    "Local Hit Blocks": 0,
                                    "Local Read Blocks": 0,
                                    "Local Dirtied Blocks": 0,
                                    "Local Written Blocks": 0,
                                    "Temp Read Blocks": 0,
                                    "Temp Written Blocks": 0
                                  }
                                ]
                              },
                              {
                                "Node Type": "Index Scan",
                                "Parent Relationship": "Inner",
                                "Parallel Aware": false,
                                "Async Capable": false,
                                "Scan Direction": "Forward",
                                "Index Name": "date_dim_pkey",
                                "Relation Name": "date_dim",
                                "Alias": "date_dim_1",
                                "Startup Cost": 0.29,
                                "Total Cost": 0.37,
                                "Plan Rows": 1,
                                "Plan Width": 12,
                                "Actual Startup Time": 0.0,
                                "Actual Total Time": 0.0,
                                "Actual Rows": 0,
                                "Actual Loops": 0,
                                "Index Cond": "(d_date_sk = web_sales.ws_sold_date_sk)",
                                "Rows Removed by Index Recheck": 0,
                                "Shared Hit Blocks": 0,
                                "Shared Read Blocks": 0,
                                "Shared Dirtied Blocks": 0,
                                "Shared Written Blocks": 0,
                                "Local Hit Blocks": 0,
                                "Local Read Blocks": 0,
                                "Local Dirtied Blocks": 0,
                                "Local Written Blocks": 0,
                                "Temp Read Blocks": 0,
                                "Temp Written Blocks": 0
                              }
                            ]
                          }
                        ]
                      }
                    ]
                  }
                ]
              }
            ]
          },
          {
            "Node Type": "Nested Loop",
            "Parent Relationship": "Outer",
            "Parallel Aware": false,
            "Async Capable": false,
            "Join Type": "Inner",
            "Startup Cost": 0.0,
            "Total Cost": 20.64,
            "Plan Rows": 1,
            "Plan Width": 554,
            "Actual Startup Time": 1484.169,
            "Actual Total Time": 1484.171,
            "Actual Rows": 0,
            "Actual Loops": 1,
            "Inner Unique": false,
            "Join Filter": "(((ss1.ca_county)::text = (ws2.ca_county)::text) AND (CASE WHEN (ws1.web_sales > '0'::numeric) THEN (ws2.web_sales / ws1.web_sales) ELSE NULL::numeric END > CASE WHEN (ss1.store_sales > '0'::numeric) THEN (ss2.store_sales / ss1.store_sales) ELSE NULL::numeric END))",
            "Rows Removed by Join Filter": 0,
            "Shared Hit Blocks": 5597,
            "Shared Read Blocks": 169889,
            "Shared Dirtied Blocks": 0,
            "Shared Written Blocks": 0,
            "Local Hit Blocks": 0,
            "Local Read Blocks": 0,
            "Local Dirtied Blocks": 0,
            "Local Written Blocks": 0,
            "Temp Read Blocks": 0,
            "Temp Written Blocks": 0,
            "Plans": [
              {
                "Node Type": "Nested Loop",
                "Parent Relationship": "Outer",
                "Parallel Aware": false,
                "Async Capable": false,
                "Join Type": "Inner",
                "Startup Cost": 0.0,
                "Total Cost": 19.14,
                "Plan Rows": 1,
                "Plan Width": 444,
                "Actual Startup Time": 1484.168,
                "Actual Total Time": 1484.17,
                "Actual Rows": 0,
                "Actual Loops": 1,
                "Inner Unique": false,
                "Join Filter": "((ss1.ca_county)::text = (ws1.ca_county)::text)",
                "Rows Removed by Join Filter": 0,
                "Shared Hit Blocks": 5597,
                "Shared Read Blocks": 169889,
                "Shared Dirtied Blocks": 0,
                "Shared Written Blocks": 0,
                "Local Hit Blocks": 0,
                "Local Read Blocks": 0,
                "Local Dirtied Blocks": 0,
                "Local Written Blocks": 0,
                "Temp Read Blocks": 0,
                "Temp Written Blocks": 0,
                "Plans": [
                  {
                    "Node Type": "Nested Loop",
                    "Parent Relationship": "Outer",
                    "Parallel Aware": false,
                    "Async Capable": false,
                    "Join Type": "Inner",
                    "Startup Cost": 0.0,
                    "Total Cost": 17.65,
                    "Plan Rows": 1,
                    "Plan Width": 334,
                    "Actual Startup Time": 1484.168,
                    "Actual Total Time": 1484.169,
                    "Actual Rows": 0,
                    "Actual Loops": 1,
                    "Inner Unique": false,
                    "Join Filter": "((ss1.ca_county)::text = (ss3.ca_county)::text)",
                    "Rows Removed by Join Filter": 0,
                    "Shared Hit Blocks": 5597,
                    "Shared Read Blocks": 169889,
                    "Shared Dirtied Blocks": 0,
                    "Shared Written Blocks": 0,
                    "Local Hit Blocks": 0,
                    "Local Read Blocks": 0,
                    "Local Dirtied Blocks": 0,
                    "Local Written Blocks": 0,
                    "Temp Read Blocks": 0,
                    "Temp Written Blocks": 0,
                    "Plans": [
                      {
                        "Node Type": "Nested Loop",
                        "Parent Relationship": "Outer",
                        "Parallel Aware": false,
                        "Async Capable": false,
                        "Join Type": "Inner",
                        "Startup Cost": 0.0,
                        "Total Cost": 11.76,
                        "Plan Rows": 1,
                        "Plan Width": 224,
                        "Actual Startup Time": 1484.167,
                        "Actual Total Time": 1484.168,
                        "Actual Rows": 0,
                        "Actual Loops": 1,
                        "Inner Unique": false,
                        "Join Filter": "((ss1.ca_county)::text = (ss2.ca_county)::text)",
                        "Rows Removed by Join Filter": 32,
                        "Shared Hit Blocks": 5597,
                        "Shared Read Blocks": 169889,
                        "Shared Dirtied Blocks": 0,
                        "Shared Written Blocks": 0,
                        "Local Hit Blocks": 0,
                        "Local Read Blocks": 0,
                        "Local Dirtied Blocks": 0,
                        "Local Written Blocks": 0,
                        "Temp Read Blocks": 0,
                        "Temp Written Blocks": 0,
                        "Plans": [
                          {
                            "Node Type": "CTE Scan",
                            "Parent Relationship": "Outer",
                            "Parallel Aware": false,
                            "Async Capable": false,
                            "CTE Name": "ss",
                            "Alias": "ss1",
                            "Startup Cost": 0.0,
                            "Total Cost": 5.88,
                            "Plan Rows": 1,
                            "Plan Width": 114,
                            "Actual Startup Time": 1483.959,
                            "Actual Total Time": 1483.965,
                            "Actual Rows": 8,
                            "Actual Loops": 1,
                            "Filter": "((d_qoy = 1) AND (d_year = 1999))",
                            "Rows Removed by Filter": 90,
                            "Shared Hit Blocks": 5597,
                            "Shared Read Blocks": 169889,
                            "Shared Dirtied Blocks": 0,
                            "Shared Written Blocks": 0,
                            "Local Hit Blocks": 0,
                            "Local Read Blocks": 0,
                            "Local Dirtied Blocks": 0,
                            "Local Written Blocks": 0,
                            "Temp Read Blocks": 0,
                            "Temp Written Blocks": 0
                          },
                          {
                            "Node Type": "CTE Scan",
                            "Parent Relationship": "Inner",
                            "Parallel Aware": false,
                            "Async Capable": false,
                            "CTE Name": "ss",
                            "Alias": "ss2",
                            "Startup Cost": 0.0,
                            "Total Cost": 5.88,
                            "Plan Rows": 1,
                            "Plan Width": 110,
                            "Actual Startup Time": 0.001,
                            "Actual Total Time": 0.024,
                            "Actual Rows": 4,
                            "Actual Loops": 8,
                            "Filter": "((d_year = 1999) AND (d_qoy = 2))",
                            "Rows Removed by Filter": 94,
                            "Shared Hit Blocks": 0,
                            "Shared Read Blocks": 0,
                            "Shared Dirtied Blocks": 0,
                            "Shared Written Blocks": 0,
                            "Local Hit Blocks": 0,
                            "Local Read Blocks": 0,
                            "Local Dirtied Blocks": 0,
                            "Local Written Blocks": 0,
                            "Temp Read Blocks": 0,
                            "Temp Written Blocks": 0
                          }
                        ]
                      },
                      {
                        "Node Type": "CTE Scan",
                        "Parent Relationship": "Inner",
                        "Parallel Aware": false,
                        "Async Capable": false,
                        "CTE Name": "ss",
                        "Alias": "ss3",
                        "Startup Cost": 0.0,
                        "Total Cost": 5.88,
                        "Plan Rows": 1,
                        "Plan Width": 110,
                        "Actual Startup Time": 0.0,
                        "Actual Total Time": 0.0,
                        "Actual Rows": 0,
                        "Actual Loops": 0,
                        "Filter": "((d_year = 1999) AND (d_qoy = 3))",
                        "Rows Removed by Filter": 0,
                        "Shared Hit Blocks": 0,
                        "Shared Read Blocks": 0,
                        "Shared Dirtied Blocks": 0,
                        "Shared Written Blocks": 0,
                        "Local Hit Blocks": 0,
                        "Local Read Blocks": 0,
                        "Local Dirtied Blocks": 0,
                        "Local Written Blocks": 0,
                        "Temp Read Blocks": 0,
                        "Temp Written Blocks": 0
                      }
                    ]
                  },
                  {
                    "Node Type": "CTE Scan",
                    "Parent Relationship": "Inner",
                    "Parallel Aware": false,
                    "Async Capable": false,
                    "CTE Name": "ws",
                    "Alias": "ws1",
                    "Startup Cost": 0.0,
                    "Total Cost": 1.48,
                    "Plan Rows": 1,
                    "Plan Width": 110,
                    "Actual Startup Time": 0.0,
                    "Actual Total Time": 0.0,
                    "Actual Rows": 0,
                    "Actual Loops": 0,
                    "Filter": "((d_qoy = 1) AND (d_year = 1999))",
                    "Rows Removed by Filter": 0,
                    "Shared Hit Blocks": 0,
                    "Shared Read Blocks": 0,
                    "Shared Dirtied Blocks": 0,
                    "Shared Written Blocks": 0,
                    "Local Hit Blocks": 0,
                    "Local Read Blocks": 0,
                    "Local Dirtied Blocks": 0,
                    "Local Written Blocks": 0,
                    "Temp Read Blocks": 0,
                    "Temp Written Blocks": 0
                  }
                ]
              },
              {
                "Node Type": "CTE Scan",
                "Parent Relationship": "Inner",
                "Parallel Aware": false,
                "Async Capable": false,
                "CTE Name": "ws",
                "Alias": "ws2",
                "Startup Cost": 0.0,
                "Total Cost": 1.48,
                "Plan Rows": 1,
                "Plan Width": 110,
                "Actual Startup Time": 0.0,
                "Actual Total Time": 0.0,
                "Actual Rows": 0,
                "Actual Loops": 0,
                "Filter": "((d_year = 1999) AND (d_qoy = 2))",
                "Rows Removed by Filter": 0,
                "Shared Hit Blocks": 0,
                "Shared Read Blocks": 0,
                "Shared Dirtied Blocks": 0,
                "Shared Written Blocks": 0,
                "Local Hit Blocks": 0,
                "Local Read Blocks": 0,
                "Local Dirtied Blocks": 0,
                "Local Written Blocks": 0,
                "Temp Read Blocks": 0,
                "Temp Written Blocks": 0
              }
            ]
          },
          {
            "Node Type": "CTE Scan",
            "Parent Relationship": "Inner",
            "Parallel Aware": false,
            "Async Capable": false,
            "CTE Name": "ws",
            "Alias": "ws3",
            "Startup Cost": 0.0,
            "Total Cost": 1.48,
            "Plan Rows": 1,
            "Plan Width": 110,
            "Actual Startup Time": 0.0,
            "Actual Total Time": 0.0,
            "Actual Rows": 0,
            "Actual Loops": 0,
            "Filter": "((d_year = 1999) AND (d_qoy = 3))",
            "Rows Removed by Filter": 0,
            "Shared Hit Blocks": 0,
            "Shared Read Blocks": 0,
            "Shared Dirtied Blocks": 0,
            "Shared Written Blocks": 0,
            "Local Hit Blocks": 0,
            "Local Read Blocks": 0,
            "Local Dirtied Blocks": 0,
            "Local Written Blocks": 0,
            "Temp Read Blocks": 0,
            "Temp Written Blocks": 0
          }
        ]
      },
      "Planning": {
        "Shared Hit Blocks": 34,
        "Shared Read Blocks": 38,
        "Shared Dirtied Blocks": 0,
        "Shared Written Blocks": 0,
        "Local Hit Blocks": 0,
        "Local Read Blocks": 0,
        "Local Dirtied Blocks": 0,
        "Local Written Blocks": 0,
        "Temp Read Blocks": 0,
        "Temp Written Blocks": 0
      },
      "Planning Time": 1.746,
      "Triggers": [],
      "Execution Time": 1486.902
    }
  ],
  "execution_time_ms": 1486.902
}
