{
  "query_id": "query023_multi_i2",
  "plan_json": [
    {
      "Plan": {
        "Node Type": "Limit",
        "Parallel Aware": false,
        "Async Capable": false,
        "Startup Cost": 586531.47,
        "Total Cost": 586531.48,
        "Plan Rows": 1,
        "Plan Width": 32,
        "Actual Startup Time": 2808.96,
        "Actual Total Time": 2809.162,
        "Actual Rows": 1,
        "Actual Loops": 1,
        "Shared Hit Blocks": 1239275,
        "Shared Read Blocks": 146351,
        "Shared Dirtied Blocks": 0,
        "Shared Written Blocks": 0,
        "Local Hit Blocks": 0,
        "Local Read Blocks": 0,
        "Local Dirtied Blocks": 0,
        "Local Written Blocks": 0,
        "Temp Read Blocks": 914,
        "Temp Written Blocks": 918,
        "Plans": [
          {
            "Node Type": "Aggregate",
            "Strategy": "Sorted",
            "Partial Mode": "Finalize",
            "Parent Relationship": "InitPlan",
            "Subplan Name": "CTE frequent_ss_items",
            "Parallel Aware": false,
            "Async Capable": false,
            "Startup Cost": 108516.1,
            "Total Cost": 109189.98,
            "Plan Rows": 1751,
            "Plan Width": 48,
            "Actual Startup Time": 303.966,
            "Actual Total Time": 340.386,
            "Actual Rows": 2,
            "Actual Loops": 1,
            "Group Key": [
              "(\"substring\"((item.i_item_desc)::text, 1, 30))",
              "item.i_item_sk",
              "date_dim_2.d_date"
            ],
            "Filter": "(count(*) > 4)",
            "Rows Removed by Filter": 83568,
            "Shared Hit Blocks": 47436,
            "Shared Read Blocks": 14205,
            "Shared Dirtied Blocks": 0,
            "Shared Written Blocks": 0,
            "Local Hit Blocks": 0,
            "Local Read Blocks": 0,
            "Local Dirtied Blocks": 0,
            "Local Written Blocks": 0,
            "Temp Read Blocks": 0,
            "Temp Written Blocks": 0,
            "Plans": [
              {
                "Node Type": "Gather Merge",
                "Parent Relationship": "Outer",
                "Parallel Aware": false,
                "Async Capable": false,
                "Startup Cost": 108516.1,
                "Total Cost": 109076.16,
                "Plan Rows": 4378,
                "Plan Width": 48,
                "Actual Startup Time": 298.223,
                "Actual Total Time": 323.692,
                "Actual Rows": 83570,
                "Actual Loops": 1,
                "Workers Planned": 2,
                "Workers Launched": 2,
                "Shared Hit Blocks": 47436,
                "Shared Read Blocks": 14205,
                "Shared Dirtied Blocks": 0,
                "Shared Written Blocks": 0,
                "Local Hit Blocks": 0,
                "Local Read Blocks": 0,
                "Local Dirtied Blocks": 0,
                "Local Written Blocks": 0,
                "Temp Read Blocks": 0,
                "Temp Written Blocks": 0,
                "Plans": [
                  {
                    "Node Type": "Aggregate",
                    "Strategy": "Sorted",
                    "Partial Mode": "Partial",
                    "Parent Relationship": "Outer",
                    "Parallel Aware": false,
                    "Async Capable": false,
                    "Startup Cost": 107516.08,
                    "Total Cost": 107570.8,
                    "Plan Rows": 2189,
                    "Plan Width": 48,
                    "Actual Startup Time": 292.633,
                    "Actual Total Time": 303.142,
                    "Actual Rows": 27857,
                    "Actual Loops": 3,
                    "Group Key": [
                      "(\"substring\"((item.i_item_desc)::text, 1, 30))",
                      "item.i_item_sk",
                      "date_dim_2.d_date"
                    ],
                    "Shared Hit Blocks": 47436,
                    "Shared Read Blocks": 14205,
                    "Shared Dirtied Blocks": 0,
                    "Shared Written Blocks": 0,
                    "Local Hit Blocks": 0,
                    "Local Read Blocks": 0,
                    "Local Dirtied Blocks": 0,
                    "Local Written Blocks": 0,
                    "Temp Read Blocks": 0,
                    "Temp Written Blocks": 0,
                    "Workers": [],
                    "Plans": [
                      {
                        "Node Type": "Sort",
                        "Parent Relationship": "Outer",
                        "Parallel Aware": false,
                        "Async Capable": false,
                        "Startup Cost": 107516.08,
                        "Total Cost": 107521.55,
                        "Plan Rows": 2189,
                        "Plan Width": 40,
                        "Actual Startup Time": 292.613,
                        "Actual Total Time": 294.209,
                        "Actual Rows": 30562,
                        "Actual Loops": 3,
                        "Sort Key": [
                          "(\"substring\"((item.i_item_desc)::text, 1, 30))",
                          "item.i_item_sk",
                          "date_dim_2.d_date"
                        ],
                        "Sort Method": "quicksort",
                        "Sort Space Used": 3269,
                        "Sort Space Type": "Memory",
                        "Shared Hit Blocks": 47436,
                        "Shared Read Blocks": 14205,
                        "Shared Dirtied Blocks": 0,
                        "Shared Written Blocks": 0,
                        "Local Hit Blocks": 0,
                        "Local Read Blocks": 0,
                        "Local Dirtied Blocks": 0,
                        "Local Written Blocks": 0,
                        "Temp Read Blocks": 0,
                        "Temp Written Blocks": 0,
                        "Workers": [
                          {
                            "Worker Number": 0,
                            "Sort Method": "quicksort",
                            "Sort Space Used": 3049,
                            "Sort Space Type": "Memory"
                          },
                          {
                            "Worker Number": 1,
                            "Sort Method": "quicksort",
                            "Sort Space Used": 3055,
                            "Sort Space Type": "Memory"
                          }
                        ],
                        "Plans": [
                          {
                            "Node Type": "Hash Join",
                            "Parent Relationship": "Outer",
                            "Parallel Aware": false,
                            "Async Capable": false,
                            "Join Type": "Inner",
                            "Startup Cost": 587.09,
                            "Total Cost": 107394.63,
                            "Plan Rows": 2189,
                            "Plan Width": 40,
                            "Actual Startup Time": 2.228,
                            "Actual Total Time": 264.864,
                            "Actual Rows": 30562,
                            "Actual Loops": 3,
                            "Inner Unique": true,
                            "Hash Cond": "(store_sales.ss_sold_date_sk = date_dim_2.d_date_sk)",
                            "Shared Hit Blocks": 47395,
                            "Shared Read Blocks": 14200,
                            "Shared Dirtied Blocks": 0,
                            "Shared Written Blocks": 0,
                            "Local Hit Blocks": 0,
                            "Local Read Blocks": 0,
                            "Local Dirtied Blocks": 0,
                            "Local Written Blocks": 0,
                            "Temp Read Blocks": 0,
                            "Temp Written Blocks": 0,
                            "Workers": [],
                            "Plans": [
                              {
                                "Node Type": "Nested Loop",
                                "Parent Relationship": "Outer",
                                "Parallel Aware": false,
                                "Async Capable": false,
                                "Join Type": "Inner",
                                "Startup Cost": 0.56,
                                "Total Cost": 105586.28,
                                "Plan Rows": 463346,
                                "Plan Width": 111,
                                "Actual Startup Time": 0.194,
                                "Actual Total Time": 228.393,
                                "Actual Rows": 208254,
                                "Actual Loops": 3,
                                "Inner Unique": false,
                                "Shared Hit Blocks": 47353,
                                "Shared Read Blocks": 14185,
                                "Shared Dirtied Blocks": 0,
                                "Shared Written Blocks": 0,
                                "Local Hit Blocks": 0,
                                "Local Read Blocks": 0,
                                "Local Dirtied Blocks": 0,
                                "Local Written Blocks": 0,
                                "Temp Read Blocks": 0,
                                "Temp Written Blocks": 0,
                                "Workers": [],
                                "Plans": [
                                  {
                                    "Node Type": "Seq Scan",
                                    "Parent Relationship": "Outer",
                                    "Parallel Aware": true,
                                    "Async Capable": false,
                                    "Relation Name": "item",
                                    "Alias": "item",
                                    "Startup Cost": 0.0,
                                    "Total Cost": 7766.88,
                                    "Plan Rows": 1641,
                                    "Plan Width": 107,
                                    "Actual Startup Time": 0.036,
                                    "Actual Total Time": 22.299,
                                    "Actual Rows": 1389,
                                    "Actual Loops": 3,
                                    "Filter": "((i_manager_id >= 44) AND (i_manager_id <= 63) AND (i_category = ANY ('{Men,Music,Sports}'::bpchar[])))",
                                    "Rows Removed by Filter": 32611,
                                    "Shared Hit Blocks": 0,
                                    "Shared Read Blocks": 6970,
                                    "Shared Dirtied Blocks": 0,
                                    "Shared Written Blocks": 0,
                                    "Local Hit Blocks": 0,
                                    "Local Read Blocks": 0,
                                    "Local Dirtied Blocks": 0,
                                    "Local Written Blocks": 0,
                                    "Temp Read Blocks": 0,
                                    "Temp Written Blocks": 0,
                                    "Workers": []
                                  },
                                  {
                                    "Node Type": "Index Only Scan",
                                    "Parent Relationship": "Inner",
                                    "Parallel Aware": false,
                                    "Async Capable": false,
                                    "Scan Direction": "Forward",
                                    "Index Name": "_dta_index_store_sales_6_1333579789__k3_k10_k4_k1_k8",
                                    "Relation Name": "store_sales",
                                    "Alias": "store_sales",
                                    "Startup Cost": 0.56,
                                    "Total Cost": 47.42,
                                    "Plan Rows": 1219,
                                    "Plan Width": 8,
                                    "Actual Startup Time": 0.07,
                                    "Actual Total Time": 0.132,
                                    "Actual Rows": 150,
                                    "Actual Loops": 4168,
                                    "Index Cond": "(ss_item_sk = item.i_item_sk)",
                                    "Rows Removed by Index Recheck": 0,
                                    "Heap Fetches": 0,
                                    "Shared Hit Blocks": 47353,
                                    "Shared Read Blocks": 7215,
                                    "Shared Dirtied Blocks": 0,
                                    "Shared Written Blocks": 0,
                                    "Local Hit Blocks": 0,
                                    "Local Read Blocks": 0,
                                    "Local Dirtied Blocks": 0,
                                    "Local Written Blocks": 0,
                                    "Temp Read Blocks": 0,
                                    "Temp Written Blocks": 0,
                                    "Workers": []
                                  }
                                ]
                              },
                              {
                                "Node Type": "Hash",
                                "Parent Relationship": "Inner",
                                "Parallel Aware": false,
                                "Async Capable": false,
                                "Startup Cost": 582.0,
                                "Total Cost": 582.0,
                                "Plan Rows": 362,
                                "Plan Width": 8,
                                "Actual Startup Time": 0.282,
                                "Actual Total Time": 0.283,
                                "Actual Rows": 365,
                                "Actual Loops": 3,
                                "Hash Buckets": 1024,
                                "Original Hash Buckets": 1024,
                                "Hash Batches": 1,
                                "Original Hash Batches": 1,
                                "Peak Memory Usage": 23,
                                "Shared Hit Blocks": 23,
                                "Shared Read Blocks": 12,
                                "Shared Dirtied Blocks": 0,
                                "Shared Written Blocks": 0,
                                "Local Hit Blocks": 0,
                                "Local Read Blocks": 0,
                                "Local Dirtied Blocks": 0,
                                "Local Written Blocks": 0,
                                "Temp Read Blocks": 0,
                                "Temp Written Blocks": 0,
                                "Workers": [],
                                "Plans": [
                                  {
                                    "Node Type": "Index Scan",
                                    "Parent Relationship": "Outer",
                                    "Parallel Aware": false,
                                    "Async Capable": false,
                                    "Scan Direction": "Forward",
                                    "Index Name": "_dta_index_date_dim_6_661577395__k7_k1",
                                    "Relation Name": "date_dim",
                                    "Alias": "date_dim_2",
                                    "Startup Cost": 0.29,
                                    "Total Cost": 582.0,
                                    "Plan Rows": 362,
                                    "Plan Width": 8,
                                    "Actual Startup Time": 0.079,
                                    "Actual Total Time": 0.203,
                                    "Actual Rows": 365,
                                    "Actual Loops": 3,
                                    "Index Cond": "(d_year = 1999)",
                                    "Rows Removed by Index Recheck": 0,
                                    "Shared Hit Blocks": 23,
                                    "Shared Read Blocks": 12,
                                    "Shared Dirtied Blocks": 0,
                                    "Shared Written Blocks": 0,
                                    "Local Hit Blocks": 0,
                                    "Local Read Blocks": 0,
                                    "Local Dirtied Blocks": 0,
                                    "Local Written Blocks": 0,
                                    "Temp Read Blocks": 0,
                                    "Temp Written Blocks": 0,
                                    "Workers": []
                                  }
                                ]
                              }
                            ]
                          }
                        ]
                      }
                    ]
                  }
                ]
              }
            ]
          },
          {
            "Node Type": "Aggregate",
            "Strategy": "Sorted",
            "Partial Mode": "Finalize",
            "Parent Relationship": "InitPlan",
            "Subplan Name": "CTE best_ss_customer",
            "Parallel Aware": false,
            "Async Capable": false,
            "Startup Cost": 154468.06,
            "Total Cost": 453923.59,
            "Plan Rows": 12794,
            "Plan Width": 36,
            "Actual Startup Time": 1223.303,
            "Actual Total Time": 2358.576,
            "Actual Rows": 5504,
            "Actual Loops": 1,
            "Group Key": [
              "customer_1.c_customer_sk"
            ],
            "Filter": "(sum(((store_sales_2.ss_quantity)::numeric * store_sales_2.ss_sales_price)) > (0.95000000000000000000 * $6))",
            "Rows Removed by Filter": 30813,
            "Shared Hit Blocks": 1191143,
            "Shared Read Blocks": 124883,
            "Shared Dirtied Blocks": 0,
            "Shared Written Blocks": 0,
            "Local Hit Blocks": 0,
            "Local Read Blocks": 0,
            "Local Dirtied Blocks": 0,
            "Local Written Blocks": 0,
            "Temp Read Blocks": 914,
            "Temp Written Blocks": 918,
            "Plans": [
              {
                "Node Type": "Aggregate",
                "Strategy": "Plain",
                "Partial Mode": "Simple",
                "Parent Relationship": "InitPlan",
                "Subplan Name": "InitPlan 2 (returns $6)",
                "Parallel Aware": false,
                "Async Capable": false,
                "Startup Cost": 153467.04,
                "Total Cost": 153467.05,
                "Plan Rows": 1,
                "Plan Width": 32,
                "Actual Startup Time": 1215.828,
                "Actual Total Time": 1215.873,
                "Actual Rows": 1,
                "Actual Loops": 1,
                "Shared Hit Blocks": 924938,
                "Shared Read Blocks": 64239,
                "Shared Dirtied Blocks": 0,
                "Shared Written Blocks": 0,
                "Local Hit Blocks": 0,
                "Local Read Blocks": 0,
                "Local Dirtied Blocks": 0,
                "Local Written Blocks": 0,
                "Temp Read Blocks": 914,
                "Temp Written Blocks": 918,
                "Plans": [
                  {
                    "Node Type": "Aggregate",
                    "Strategy": "Sorted",
                    "Partial Mode": "Finalize",
                    "Parent Relationship": "Outer",
                    "Parallel Aware": false,
                    "Async Capable": false,
                    "Startup Cost": 152312.35,
                    "Total Cost": 153362.32,
                    "Plan Rows": 8377,
                    "Plan Width": 36,
                    "Actual Startup Time": 971.795,
                    "Actual Total Time": 1201.93,
                    "Actual Rows": 147865,
                    "Actual Loops": 1,
                    "Group Key": [
                      "customer.c_customer_sk"
                    ],
                    "Shared Hit Blocks": 924938,
                    "Shared Read Blocks": 64239,
                    "Shared Dirtied Blocks": 0,
                    "Shared Written Blocks": 0,
                    "Local Hit Blocks": 0,
                    "Local Read Blocks": 0,
                    "Local Dirtied Blocks": 0,
                    "Local Written Blocks": 0,
                    "Temp Read Blocks": 914,
                    "Temp Written Blocks": 918,
                    "Plans": [
                      {
                        "Node Type": "Gather Merge",
                        "Parent Relationship": "Outer",
                        "Parallel Aware": false,
                        "Async Capable": false,
                        "Startup Cost": 152312.35,
                        "Total Cost": 153205.26,
                        "Plan Rows": 6980,
                        "Plan Width": 36,
                        "Actual Startup Time": 971.786,
                        "Actual Total Time": 1089.485,
                        "Actual Rows": 168783,
                        "Actual Loops": 1,
                        "Workers Planned": 2,
                        "Workers Launched": 2,
                        "Shared Hit Blocks": 924938,
                        "Shared Read Blocks": 64239,
                        "Shared Dirtied Blocks": 0,
                        "Shared Written Blocks": 0,
                        "Local Hit Blocks": 0,
                        "Local Read Blocks": 0,
                        "Local Dirtied Blocks": 0,
                        "Local Written Blocks": 0,
                        "Temp Read Blocks": 914,
                        "Temp Written Blocks": 918,
                        "Plans": [
                          {
                            "Node Type": "Aggregate",
                            "Strategy": "Sorted",
                            "Partial Mode": "Partial",
                            "Parent Relationship": "Outer",
                            "Parallel Aware": false,
                            "Async Capable": false,
                            "Startup Cost": 151312.32,
                            "Total Cost": 151399.57,
                            "Plan Rows": 3490,
                            "Plan Width": 36,
                            "Actual Startup Time": 508.479,
                            "Actual Total Time": 587.049,
                            "Actual Rows": 56261,
                            "Actual Loops": 3,
                            "Group Key": [
                              "customer.c_customer_sk"
                            ],
                            "Shared Hit Blocks": 924938,
                            "Shared Read Blocks": 64239,
                            "Shared Dirtied Blocks": 0,
                            "Shared Written Blocks": 0,
                            "Local Hit Blocks": 0,
                            "Local Read Blocks": 0,
                            "Local Dirtied Blocks": 0,
                            "Local Written Blocks": 0,
                            "Temp Read Blocks": 914,
                            "Temp Written Blocks": 918,
                            "Workers": [],
                            "Plans": [
                              {
                                "Node Type": "Sort",
                                "Parent Relationship": "Outer",
                                "Parallel Aware": false,
                                "Async Capable": false,
                                "Startup Cost": 151312.32,
                                "Total Cost": 151321.05,
                                "Plan Rows": 3490,
                                "Plan Width": 14,
                                "Actual Startup Time": 508.467,
                                "Actual Total Time": 521.708,
                                "Actual Rows": 100405,
                                "Actual Loops": 3,
                                "Sort Key": [
                                  "customer.c_customer_sk"
                                ],
                                "Sort Method": "external merge",
                                "Sort Space Used": 2696,
                                "Sort Space Type": "Disk",
                                "Shared Hit Blocks": 924938,
                                "Shared Read Blocks": 64239,
                                "Shared Dirtied Blocks": 0,
                                "Shared Written Blocks": 0,
                                "Local Hit Blocks": 0,
                                "Local Read Blocks": 0,
                                "Local Dirtied Blocks": 0,
                                "Local Written Blocks": 0,
                                "Temp Read Blocks": 914,
                                "Temp Written Blocks": 918,
                                "Workers": [
                                  {
                                    "Worker Number": 0,
                                    "Sort Method": "quicksort",
                                    "Sort Space Used": 25,
                                    "Sort Space Type": "Memory"
                                  },
                                  {
                                    "Worker Number": 1,
                                    "Sort Method": "external merge",
                                    "Sort Space Used": 4616,
                                    "Sort Space Type": "Disk"
                                  }
                                ],
                                "Plans": [
                                  {
                                    "Node Type": "Nested Loop",
                                    "Parent Relationship": "Outer",
                                    "Parallel Aware": false,
                                    "Async Capable": false,
                                    "Join Type": "Inner",
                                    "Startup Cost": 1.28,
                                    "Total Cost": 151106.95,
                                    "Plan Rows": 3490,
                                    "Plan Width": 14,
                                    "Actual Startup Time": 0.622,
                                    "Actual Total Time": 482.735,
                                    "Actual Rows": 100405,
                                    "Actual Loops": 3,
                                    "Inner Unique": true,
                                    "Shared Hit Blocks": 924924,
                                    "Shared Read Blocks": 64239,
                                    "Shared Dirtied Blocks": 0,
                                    "Shared Written Blocks": 0,
                                    "Local Hit Blocks": 0,
                                    "Local Read Blocks": 0,
                                    "Local Dirtied Blocks": 0,
                                    "Local Written Blocks": 0,
                                    "Temp Read Blocks": 0,
                                    "Temp Written Blocks": 0,
                                    "Workers": [],
                                    "Plans": [
                                      {
                                        "Node Type": "Nested Loop",
                                        "Parent Relationship": "Outer",
                                        "Parallel Aware": false,
                                        "Async Capable": false,
                                        "Join Type": "Inner",
                                        "Startup Cost": 0.85,
                                        "Total Cost": 149369.25,
                                        "Plan Rows": 3659,
                                        "Plan Width": 14,
                                        "Actual Startup Time": 0.602,
                                        "Actual Total Time": 316.207,
                                        "Actual Rows": 101613,
                                        "Actual Loops": 3,
                                        "Inner Unique": false,
                                        "Shared Hit Blocks": 22642,
                                        "Shared Read Blocks": 62870,
                                        "Shared Dirtied Blocks": 0,
                                        "Shared Written Blocks": 0,
                                        "Local Hit Blocks": 0,
                                        "Local Read Blocks": 0,
                                        "Local Dirtied Blocks": 0,
                                        "Local Written Blocks": 0,
                                        "Temp Read Blocks": 0,
                                        "Temp Written Blocks": 0,
                                        "Workers": [],
                                        "Plans": [
                                          {
                                            "Node Type": "Index Only Scan",
                                            "Parent Relationship": "Outer",
                                            "Parallel Aware": true,
                                            "Async Capable": false,
                                            "Scan Direction": "Forward",
                                            "Index Name": "_dta_index_date_dim_6_661577395__k1_k7_k9",
                                            "Relation Name": "date_dim",
                                            "Alias": "date_dim_3",
                                            "Startup Cost": 0.29,
                                            "Total Cost": 1677.67,
                                            "Plan Rows": 151,
                                            "Plan Width": 4,
                                            "Actual Startup Time": 0.384,
                                            "Actual Total Time": 0.502,
                                            "Actual Rows": 122,
                                            "Actual Loops": 3,
                                            "Index Cond": "(d_year = 1999)",
                                            "Rows Removed by Index Recheck": 0,
                                            "Heap Fetches": 0,
                                            "Shared Hit Blocks": 283,
                                            "Shared Read Blocks": 0,
                                            "Shared Dirtied Blocks": 0,
                                            "Shared Written Blocks": 0,
                                            "Local Hit Blocks": 0,
                                            "Local Read Blocks": 0,
                                            "Local Dirtied Blocks": 0,
                                            "Local Written Blocks": 0,
                                            "Temp Read Blocks": 0,
                                            "Temp Written Blocks": 0,
                                            "Workers": []
                                          },
                                          {
                                            "Node Type": "Index Only Scan",
                                            "Parent Relationship": "Inner",
                                            "Parallel Aware": false,
                                            "Async Capable": false,
                                            "Scan Direction": "Forward",
                                            "Index Name": "_dta_index_store_sales_6_1333579789__k1_k23_k14_k6_k8_k5_k7_3_4",
                                            "Relation Name": "store_sales",
                                            "Alias": "store_sales_1",
                                            "Startup Cost": 0.56,
                                            "Total Cost": 969.45,
                                            "Plan Rows": 864,
                                            "Plan Width": 18,
                                            "Actual Startup Time": 0.251,
                                            "Actual Total Time": 2.535,
                                            "Actual Rows": 835,
                                            "Actual Loops": 365,
                                            "Index Cond": "(ss_sold_date_sk = date_dim_3.d_date_sk)",
                                            "Rows Removed by Index Recheck": 0,
                                            "Filter": "((ss_wholesale_cost >= '26'::numeric) AND (ss_wholesale_cost <= '36'::numeric))",
                                            "Rows Removed by Filter": 11782,
                                            "Heap Fetches": 0,
                                            "Shared Hit Blocks": 22359,
                                            "Shared Read Blocks": 62870,
                                            "Shared Dirtied Blocks": 0,
                                            "Shared Written Blocks": 0,
                                            "Local Hit Blocks": 0,
                                            "Local Read Blocks": 0,
                                            "Local Dirtied Blocks": 0,
                                            "Local Written Blocks": 0,
                                            "Temp Read Blocks": 0,
                                            "Temp Written Blocks": 0,
                                            "Workers": []
                                          }
                                        ]
                                      },
                                      {
                                        "Node Type": "Index Only Scan",
                                        "Parent Relationship": "Inner",
                                        "Parallel Aware": false,
                                        "Async Capable": false,
                                        "Scan Direction": "Forward",
                                        "Index Name": "_dta_index_customer_6_949578421__k1_k5",
                                        "Relation Name": "customer",
                                        "Alias": "customer",
                                        "Startup Cost": 0.42,
                                        "Total Cost": 0.47,
                                        "Plan Rows": 1,
                                        "Plan Width": 4,
                                        "Actual Startup Time": 0.001,
                                        "Actual Total Time": 0.001,
                                        "Actual Rows": 1,
                                        "Actual Loops": 304839,
                                        "Index Cond": "(c_customer_sk = store_sales_1.ss_customer_sk)",
                                        "Rows Removed by Index Recheck": 0,
                                        "Heap Fetches": 0,
                                        "Shared Hit Blocks": 902282,
                                        "Shared Read Blocks": 1369,
                                        "Shared Dirtied Blocks": 0,
                                        "Shared Written Blocks": 0,
                                        "Local Hit Blocks": 0,
                                        "Local Read Blocks": 0,
                                        "Local Dirtied Blocks": 0,
                                        "Local Written Blocks": 0,
                                        "Temp Read Blocks": 0,
                                        "Temp Written Blocks": 0,
                                        "Workers": []
                                      }
                                    ]
                                  }
                                ]
                              }
                            ]
                          }
                        ]
                      }
                    ]
                  }
                ]
              },
              {
                "Node Type": "Gather Merge",
                "Parent Relationship": "Outer",
                "Parallel Aware": false,
                "Async Capable": false,
                "Startup Cost": 1001.01,
                "Total Cost": 299209.09,
                "Plan Rows": 76766,
                "Plan Width": 36,
                "Actual Startup Time": 6.022,
                "Actual Total Time": 1091.896,
                "Actual Rows": 36317,
                "Actual Loops": 1,
                "Workers Planned": 2,
                "Workers Launched": 2,
                "Shared Hit Blocks": 266205,
                "Shared Read Blocks": 60644,
                "Shared Dirtied Blocks": 0,
                "Shared Written Blocks": 0,
                "Local Hit Blocks": 0,
                "Local Read Blocks": 0,
                "Local Dirtied Blocks": 0,
                "Local Written Blocks": 0,
                "Temp Read Blocks": 0,
                "Temp Written Blocks": 0,
                "Plans": [
                  {
                    "Node Type": "Aggregate",
                    "Strategy": "Sorted",
                    "Partial Mode": "Partial",
                    "Parent Relationship": "Outer",
                    "Parallel Aware": false,
                    "Async Capable": false,
                    "Startup Cost": 0.98,
                    "Total Cost": 289348.37,
                    "Plan Rows": 38383,
                    "Plan Width": 36,
                    "Actual Startup Time": 0.197,
                    "Actual Total Time": 947.046,
                    "Actual Rows": 12106,
                    "Actual Loops": 3,
                    "Group Key": [
                      "customer_1.c_customer_sk"
                    ],
                    "Shared Hit Blocks": 266205,
                    "Shared Read Blocks": 60644,
                    "Shared Dirtied Blocks": 0,
                    "Shared Written Blocks": 0,
                    "Local Hit Blocks": 0,
                    "Local Read Blocks": 0,
                    "Local Dirtied Blocks": 0,
                    "Local Written Blocks": 0,
                    "Temp Read Blocks": 0,
                    "Temp Written Blocks": 0,
                    "Workers": [],
                    "Plans": [
                      {
                        "Node Type": "Nested Loop",
                        "Parent Relationship": "Outer",
                        "Parallel Aware": false,
                        "Async Capable": false,
                        "Join Type": "Inner",
                        "Startup Cost": 0.98,
                        "Total Cost": 280079.12,
                        "Plan Rows": 878946,
                        "Plan Width": 14,
                        "Actual Startup Time": 0.113,
                        "Actual Total Time": 717.298,
                        "Actual Rows": 714638,
                        "Actual Loops": 3,
                        "Inner Unique": false,
                        "Shared Hit Blocks": 266205,
                        "Shared Read Blocks": 60644,
                        "Shared Dirtied Blocks": 0,
                        "Shared Written Blocks": 0,
                        "Local Hit Blocks": 0,
                        "Local Read Blocks": 0,
                        "Local Dirtied Blocks": 0,
                        "Local Written Blocks": 0,
                        "Temp Read Blocks": 0,
                        "Temp Written Blocks": 0,
                        "Workers": [],
                        "Plans": [
                          {
                            "Node Type": "Index Scan",
                            "Parent Relationship": "Outer",
                            "Parallel Aware": true,
                            "Async Capable": false,
                            "Scan Direction": "Forward",
                            "Index Name": "customer_pkey",
                            "Relation Name": "customer",
                            "Alias": "customer_1",
                            "Startup Cost": 0.42,
                            "Total Cost": 24952.83,
                            "Plan Rows": 15993,
                            "Plan Width": 4,
                            "Actual Startup Time": 0.024,
                            "Actual Total Time": 73.773,
                            "Actual Rows": 13078,
                            "Actual Loops": 3,
                            "Filter": "((c_birth_year >= 1987) AND (c_birth_year <= 1993))",
                            "Rows Removed by Filter": 153589,
                            "Shared Hit Blocks": 2107,
                            "Shared Read Blocks": 15261,
                            "Shared Dirtied Blocks": 0,
                            "Shared Written Blocks": 0,
                            "Local Hit Blocks": 0,
                            "Local Read Blocks": 0,
                            "Local Dirtied Blocks": 0,
                            "Local Written Blocks": 0,
                            "Temp Read Blocks": 0,
                            "Temp Written Blocks": 0,
                            "Workers": []
                          },
                          {
                            "Node Type": "Index Only Scan",
                            "Parent Relationship": "Inner",
                            "Parallel Aware": false,
                            "Async Capable": false,
                            "Scan Direction": "Forward",
                            "Index Name": "_dta_index_store_sales_6_1333579789__k4_1_3_10_11_14",
                            "Relation Name": "store_sales",
                            "Alias": "store_sales_2",
                            "Startup Cost": 0.56,
                            "Total Cost": 12.73,
                            "Plan Rows": 322,
                            "Plan Width": 14,
                            "Actual Startup Time": 0.026,
                            "Actual Total Time": 0.043,
                            "Actual Rows": 55,
                            "Actual Loops": 39234,
                            "Index Cond": "(ss_customer_sk = customer_1.c_customer_sk)",
                            "Rows Removed by Index Recheck": 0,
                            "Heap Fetches": 0,
                            "Shared Hit Blocks": 264098,
                            "Shared Read Blocks": 45383,
                            "Shared Dirtied Blocks": 0,
                            "Shared Written Blocks": 0,
                            "Local Hit Blocks": 0,
                            "Local Read Blocks": 0,
                            "Local Dirtied Blocks": 0,
                            "Local Written Blocks": 0,
                            "Temp Read Blocks": 0,
                            "Temp Written Blocks": 0,
                            "Workers": []
                          }
                        ]
                      }
                    ]
                  }
                ]
              }
            ]
          },
          {
            "Node Type": "Aggregate",
            "Strategy": "Plain",
            "Partial Mode": "Simple",
            "Parent Relationship": "Outer",
            "Parallel Aware": false,
            "Async Capable": false,
            "Startup Cost": 23417.9,
            "Total Cost": 23417.91,
            "Plan Rows": 1,
            "Plan Width": 32,
            "Actual Startup Time": 2808.959,
            "Actual Total Time": 2809.005,
            "Actual Rows": 1,
            "Actual Loops": 1,
            "Shared Hit Blocks": 419365,
            "Shared Read Blocks": 49287,
            "Shared Dirtied Blocks": 0,
            "Shared Written Blocks": 0,
            "Local Hit Blocks": 0,
            "Local Read Blocks": 0,
            "Local Dirtied Blocks": 0,
            "Local Written Blocks": 0,
            "Temp Read Blocks": 337,
            "Temp Written Blocks": 338,
            "Plans": [
              {
                "Node Type": "Append",
                "Parent Relationship": "Outer",
                "Parallel Aware": false,
                "Async Capable": false,
                "Startup Cost": 1336.99,
                "Total Cost": 23417.86,
                "Plan Rows": 13,
                "Plan Width": 32,
                "Actual Startup Time": 2808.954,
                "Actual Total Time": 2809.0,
                "Actual Rows": 0,
                "Actual Loops": 1,
                "Shared Hit Blocks": 419365,
                "Shared Read Blocks": 49287,
                "Shared Dirtied Blocks": 0,
                "Shared Written Blocks": 0,
                "Local Hit Blocks": 0,
                "Local Read Blocks": 0,
                "Local Dirtied Blocks": 0,
                "Local Written Blocks": 0,
                "Temp Read Blocks": 337,
                "Temp Written Blocks": 338,
                "Subplans Removed": 0,
                "Plans": [
                  {
                    "Node Type": "Hash Join",
                    "Parent Relationship": "Member",
                    "Parallel Aware": false,
                    "Async Capable": false,
                    "Join Type": "Inner",
                    "Startup Cost": 1336.99,
                    "Total Cost": 14397.41,
                    "Plan Rows": 11,
                    "Plan Width": 32,
                    "Actual Startup Time": 2748.854,
                    "Actual Total Time": 2748.88,
                    "Actual Rows": 0,
                    "Actual Loops": 1,
                    "Inner Unique": true,
                    "Hash Cond": "(catalog_sales.cs_bill_customer_sk = best_ss_customer.c_customer_sk)",
                    "Shared Hit Blocks": 418817,
                    "Shared Read Blocks": 44292,
                    "Shared Dirtied Blocks": 0,
                    "Shared Written Blocks": 0,
                    "Local Hit Blocks": 0,
                    "Local Read Blocks": 0,
                    "Local Dirtied Blocks": 0,
                    "Local Written Blocks": 0,
                    "Temp Read Blocks": 337,
                    "Temp Written Blocks": 338,
                    "Plans": [
                      {
                        "Node Type": "Hash Join",
                        "Parent Relationship": "Outer",
                        "Parallel Aware": false,
                        "Async Capable": false,
                        "Join Type": "Inner",
                        "Startup Cost": 1044.62,
                        "Total Cost": 14104.68,
                        "Plan Rows": 70,
                        "Plan Width": 14,
                        "Actual Startup Time": 381.376,
                        "Actual Total Time": 381.4,
                        "Actual Rows": 0,
                        "Actual Loops": 1,
                        "Inner Unique": true,
                        "Hash Cond": "(catalog_sales.cs_item_sk = frequent_ss_items.item_sk)",
                        "Shared Hit Blocks": 17027,
                        "Shared Read Blocks": 7313,
                        "Shared Dirtied Blocks": 0,
                        "Shared Written Blocks": 0,
                        "Local Hit Blocks": 0,
                        "Local Read Blocks": 0,
                        "Local Dirtied Blocks": 0,
                        "Local Written Blocks": 0,
                        "Temp Read Blocks": 0,
                        "Temp Written Blocks": 0,
                        "Plans": [
                          {
                            "Node Type": "Gather",
                            "Parent Relationship": "Outer",
                            "Parallel Aware": false,
                            "Async Capable": false,
                            "Startup Cost": 1000.73,
                            "Total Cost": 14057.56,
                            "Plan Rows": 932,
                            "Plan Width": 18,
                            "Actual Startup Time": 2.854,
                            "Actual Total Time": 39.493,
                            "Actual Rows": 10889,
                            "Actual Loops": 1,
                            "Workers Planned": 2,
                            "Workers Launched": 2,
                            "Single Copy": false,
                            "Shared Hit Blocks": 148,
                            "Shared Read Blocks": 2268,
                            "Shared Dirtied Blocks": 0,
                            "Shared Written Blocks": 0,
                            "Local Hit Blocks": 0,
                            "Local Read Blocks": 0,
                            "Local Dirtied Blocks": 0,
                            "Local Written Blocks": 0,
                            "Temp Read Blocks": 0,
                            "Temp Written Blocks": 0,
                            "Plans": [
                              {
                                "Node Type": "Nested Loop",
                                "Parent Relationship": "Outer",
                                "Parallel Aware": false,
                                "Async Capable": false,
                                "Join Type": "Inner",
                                "Startup Cost": 0.73,
                                "Total Cost": 12964.36,
                                "Plan Rows": 388,
                                "Plan Width": 18,
                                "Actual Startup Time": 3.917,
                                "Actual Total Time": 15.719,
                                "Actual Rows": 3630,
                                "Actual Loops": 3,
                                "Inner Unique": false,
                                "Shared Hit Blocks": 148,
                                "Shared Read Blocks": 2268,
                                "Shared Dirtied Blocks": 0,
                                "Shared Written Blocks": 0,
                                "Local Hit Blocks": 0,
                                "Local Read Blocks": 0,
                                "Local Dirtied Blocks": 0,
                                "Local Written Blocks": 0,
                                "Temp Read Blocks": 0,
                                "Temp Written Blocks": 0,
                                "Workers": [],
                                "Plans": [
                                  {
                                    "Node Type": "Index Only Scan",
                                    "Parent Relationship": "Outer",
                                    "Parallel Aware": true,
                                    "Async Capable": false,
                                    "Scan Direction": "Forward",
                                    "Index Name": "_dta_index_date_dim_6_661577395__k1_k7_k9",
                                    "Relation Name": "date_dim",
                                    "Alias": "date_dim",
                                    "Startup Cost": 0.29,
                                    "Total Cost": 1858.91,
                                    "Plan Rows": 12,
                                    "Plan Width": 4,
                                    "Actual Startup Time": 3.879,
                                    "Actual Total Time": 3.895,
                                    "Actual Rows": 10,
                                    "Actual Loops": 3,
                                    "Index Cond": "((d_year = 1999) AND (d_moy = 5))",
                                    "Rows Removed by Index Recheck": 0,
                                    "Heap Fetches": 0,
                                    "Shared Hit Blocks": 1,
                                    "Shared Read Blocks": 281,
                                    "Shared Dirtied Blocks": 0,
                                    "Shared Written Blocks": 0,
                                    "Local Hit Blocks": 0,
                                    "Local Read Blocks": 0,
                                    "Local Dirtied Blocks": 0,
                                    "Local Written Blocks": 0,
                                    "Temp Read Blocks": 0,
                                    "Temp Written Blocks": 0,
                                    "Workers": []
                                  },
                                  {
                                    "Node Type": "Index Scan",
                                    "Parent Relationship": "Inner",
                                    "Parallel Aware": false,
                                    "Async Capable": false,
                                    "Scan Direction": "Forward",
                                    "Index Name": "_dta_index_catalog_sales_6_1301579675__k1_4",
                                    "Relation Name": "catalog_sales",
                                    "Alias": "catalog_sales",
                                    "Startup Cost": 0.43,
                                    "Total Cost": 914.77,
                                    "Plan Rows": 1068,
                                    "Plan Width": 22,
                                    "Actual Startup Time": 0.014,
                                    "Actual Total Time": 1.088,
                                    "Actual Rows": 351,
                                    "Actual Loops": 31,
                                    "Index Cond": "(cs_sold_date_sk = date_dim.d_date_sk)",
                                    "Rows Removed by Index Recheck": 0,
                                    "Filter": "((cs_wholesale_cost >= '26'::numeric) AND (cs_wholesale_cost <= '36'::numeric))",
                                    "Rows Removed by Filter": 1887,
                                    "Shared Hit Blocks": 147,
                                    "Shared Read Blocks": 1987,
                                    "Shared Dirtied Blocks": 0,
                                    "Shared Written Blocks": 0,
                                    "Local Hit Blocks": 0,
                                    "Local Read Blocks": 0,
                                    "Local Dirtied Blocks": 0,
                                    "Local Written Blocks": 0,
                                    "Temp Read Blocks": 0,
                                    "Temp Written Blocks": 0,
                                    "Workers": []
                                  }
                                ]
                              }
                            ]
                          },
                          {
                            "Node Type": "Hash",
                            "Parent Relationship": "Inner",
                            "Parallel Aware": false,
                            "Async Capable": false,
                            "Startup Cost": 41.4,
                            "Total Cost": 41.4,
                            "Plan Rows": 200,
                            "Plan Width": 4,
                            "Actual Startup Time": 340.354,
                            "Actual Total Time": 340.355,
                            "Actual Rows": 2,
                            "Actual Loops": 1,
                            "Hash Buckets": 1024,
                            "Original Hash Buckets": 1024,
                            "Hash Batches": 1,
                            "Original Hash Batches": 1,
                            "Peak Memory Usage": 9,
                            "Shared Hit Blocks": 16879,
                            "Shared Read Blocks": 5045,
                            "Shared Dirtied Blocks": 0,
                            "Shared Written Blocks": 0,
                            "Local Hit Blocks": 0,
                            "Local Read Blocks": 0,
                            "Local Dirtied Blocks": 0,
                            "Local Written Blocks": 0,
                            "Temp Read Blocks": 0,
                            "Temp Written Blocks": 0,
                            "Plans": [
                              {
                                "Node Type": "Aggregate",
                                "Strategy": "Hashed",
                                "Partial Mode": "Simple",
                                "Parent Relationship": "Outer",
                                "Parallel Aware": false,
                                "Async Capable": false,
                                "Startup Cost": 39.4,
                                "Total Cost": 41.4,
                                "Plan Rows": 200,
                                "Plan Width": 4,
                                "Actual Startup Time": 340.329,
                                "Actual Total Time": 340.332,
                                "Actual Rows": 2,
                                "Actual Loops": 1,
                                "Group Key": [
                                  "frequent_ss_items.item_sk"
                                ],
                                "Planned Partitions": 0,
                                "HashAgg Batches": 1,
                                "Peak Memory Usage": 40,
                                "Disk Usage": 0,
                                "Shared Hit Blocks": 16879,
                                "Shared Read Blocks": 5045,
                                "Shared Dirtied Blocks": 0,
                                "Shared Written Blocks": 0,
                                "Local Hit Blocks": 0,
                                "Local Read Blocks": 0,
                                "Local Dirtied Blocks": 0,
                                "Local Written Blocks": 0,
                                "Temp Read Blocks": 0,
                                "Temp Written Blocks": 0,
                                "Plans": [
                                  {
                                    "Node Type": "CTE Scan",
                                    "Parent Relationship": "Outer",
                                    "Parallel Aware": false,
                                    "Async Capable": false,
                                    "CTE Name": "frequent_ss_items",
                                    "Alias": "frequent_ss_items",
                                    "Startup Cost": 0.0,
                                    "Total Cost": 35.02,
                                    "Plan Rows": 1751,
                                    "Plan Width": 4,
                                    "Actual Startup Time": 303.97,
                                    "Actual Total Time": 340.319,
                                    "Actual Rows": 2,
                                    "Actual Loops": 1,
                                    "Shared Hit Blocks": 16879,
                                    "Shared Read Blocks": 5045,
                                    "Shared Dirtied Blocks": 0,
                                    "Shared Written Blocks": 0,
                                    "Local Hit Blocks": 0,
                                    "Local Read Blocks": 0,
                                    "Local Dirtied Blocks": 0,
                                    "Local Written Blocks": 0,
                                    "Temp Read Blocks": 0,
                                    "Temp Written Blocks": 0
                                  }
                                ]
                              }
                            ]
                          }
                        ]
                      },
                      {
                        "Node Type": "Hash",
                        "Parent Relationship": "Inner",
                        "Parallel Aware": false,
                        "Async Capable": false,
                        "Startup Cost": 289.87,
                        "Total Cost": 289.87,
                        "Plan Rows": 200,
                        "Plan Width": 4,
                        "Actual Startup Time": 2367.473,
                        "Actual Total Time": 2367.474,
                        "Actual Rows": 5504,
                        "Actual Loops": 1,
                        "Hash Buckets": 8192,
                        "Original Hash Buckets": 1024,
                        "Hash Batches": 1,
                        "Original Hash Batches": 1,
                        "Peak Memory Usage": 258,
                        "Shared Hit Blocks": 401790,
                        "Shared Read Blocks": 36979,
                        "Shared Dirtied Blocks": 0,
                        "Shared Written Blocks": 0,
                        "Local Hit Blocks": 0,
                        "Local Read Blocks": 0,
                        "Local Dirtied Blocks": 0,
                        "Local Written Blocks": 0,
                        "Temp Read Blocks": 337,
                        "Temp Written Blocks": 338,
                        "Plans": [
                          {
                            "Node Type": "Aggregate",
                            "Strategy": "Hashed",
                            "Partial Mode": "Simple",
                            "Parent Relationship": "Outer",
                            "Parallel Aware": false,
                            "Async Capable": false,
                            "Startup Cost": 287.87,
                            "Total Cost": 289.87,
                            "Plan Rows": 200,
                            "Plan Width": 4,
                            "Actual Startup Time": 2366.561,
                            "Actual Total Time": 2367.042,
                            "Actual Rows": 5504,
                            "Actual Loops": 1,
                            "Group Key": [
                              "best_ss_customer.c_customer_sk"
                            ],
                            "Planned Partitions": 0,
                            "HashAgg Batches": 1,
                            "Peak Memory Usage": 737,
                            "Disk Usage": 0,
                            "Shared Hit Blocks": 401790,
                            "Shared Read Blocks": 36979,
                            "Shared Dirtied Blocks": 0,
                            "Shared Written Blocks": 0,
                            "Local Hit Blocks": 0,
                            "Local Read Blocks": 0,
                            "Local Dirtied Blocks": 0,
                            "Local Written Blocks": 0,
                            "Temp Read Blocks": 337,
                            "Temp Written Blocks": 338,
                            "Plans": [
                              {
                                "Node Type": "CTE Scan",
                                "Parent Relationship": "Outer",
                                "Parallel Aware": false,
                                "Async Capable": false,
                                "CTE Name": "best_ss_customer",
                                "Alias": "best_ss_customer",
                                "Startup Cost": 0.0,
                                "Total Cost": 255.88,
                                "Plan Rows": 12794,
                                "Plan Width": 4,
                                "Actual Startup Time": 1223.308,
                                "Actual Total Time": 2362.077,
                                "Actual Rows": 5504,
                                "Actual Loops": 1,
                                "Shared Hit Blocks": 401790,
                                "Shared Read Blocks": 36979,
                                "Shared Dirtied Blocks": 0,
                                "Shared Written Blocks": 0,
                                "Local Hit Blocks": 0,
                                "Local Read Blocks": 0,
                                "Local Dirtied Blocks": 0,
                                "Local Written Blocks": 0,
                                "Temp Read Blocks": 337,
                                "Temp Written Blocks": 338
                              }
                            ]
                          }
                        ]
                      }
                    ]
                  },
                  {
                    "Node Type": "Hash Join",
                    "Parent Relationship": "Member",
                    "Parallel Aware": false,
                    "Async Capable": false,
                    "Join Type": "Inner",
                    "Startup Cost": 1336.99,
                    "Total Cost": 9020.26,
                    "Plan Rows": 2,
                    "Plan Width": 32,
                    "Actual Startup Time": 60.097,
                    "Actual Total Time": 60.117,
                    "Actual Rows": 0,
                    "Actual Loops": 1,
                    "Inner Unique": true,
                    "Hash Cond": "(web_sales.ws_bill_customer_sk = best_ss_customer_1.c_customer_sk)",
                    "Shared Hit Blocks": 548,
                    "Shared Read Blocks": 4995,
                    "Shared Dirtied Blocks": 0,
                    "Shared Written Blocks": 0,
                    "Local Hit Blocks": 0,
                    "Local Read Blocks": 0,
                    "Local Dirtied Blocks": 0,
                    "Local Written Blocks": 0,
                    "Temp Read Blocks": 0,
                    "Temp Written Blocks": 0,
                    "Plans": [
                      {
                        "Node Type": "Hash Join",
                        "Parent Relationship": "Outer",
                        "Parallel Aware": false,
                        "Async Capable": false,
                        "Join Type": "Inner",
                        "Startup Cost": 1044.62,
                        "Total Cost": 8727.83,
                        "Plan Rows": 13,
                        "Plan Width": 14,
                        "Actual Startup Time": 58.047,
                        "Actual Total Time": 58.064,
                        "Actual Rows": 0,
                        "Actual Loops": 1,
                        "Inner Unique": true,
                        "Hash Cond": "(web_sales.ws_item_sk = frequent_ss_items_1.item_sk)",
                        "Shared Hit Blocks": 548,
                        "Shared Read Blocks": 4995,
                        "Shared Dirtied Blocks": 0,
                        "Shared Written Blocks": 0,
                        "Local Hit Blocks": 0,
                        "Local Read Blocks": 0,
                        "Local Dirtied Blocks": 0,
                        "Local Written Blocks": 0,
                        "Temp Read Blocks": 0,
                        "Temp Written Blocks": 0,
                        "Plans": [
                          {
                            "Node Type": "Gather",
                            "Parent Relationship": "Outer",
                            "Parallel Aware": false,
                            "Async Capable": false,
                            "Startup Cost": 1000.73,
                            "Total Cost": 8683.34,
                            "Plan Rows": 173,
                            "Plan Width": 18,
                            "Actual Startup Time": 0.768,
                            "Actual Total Time": 56.483,
                            "Actual Rows": 9780,
                            "Actual Loops": 1,
                            "Workers Planned": 2,
                            "Workers Launched": 2,
                            "Single Copy": false,
                            "Shared Hit Blocks": 548,
                            "Shared Read Blocks": 4995,
                            "Shared Dirtied Blocks": 0,
                            "Shared Written Blocks": 0,
                            "Local Hit Blocks": 0,
                            "Local Read Blocks": 0,
                            "Local Dirtied Blocks": 0,
                            "Local Written Blocks": 0,
                            "Temp Read Blocks": 0,
                            "Temp Written Blocks": 0,
                            "Plans": [
                              {
                                "Node Type": "Nested Loop",
                                "Parent Relationship": "Outer",
                                "Parallel Aware": false,
                                "Async Capable": false,
                                "Join Type": "Inner",
                                "Startup Cost": 0.72,
                                "Total Cost": 7666.04,
                                "Plan Rows": 72,
                                "Plan Width": 18,
                                "Actual Startup Time": 0.401,
                                "Actual Total Time": 18.634,
                                "Actual Rows": 3260,
                                "Actual Loops": 3,
                                "Inner Unique": false,
                                "Shared Hit Blocks": 548,
                                "Shared Read Blocks": 4995,
                                "Shared Dirtied Blocks": 0,
                                "Shared Written Blocks": 0,
                                "Local Hit Blocks": 0,
                                "Local Read Blocks": 0,
                                "Local Dirtied Blocks": 0,
                                "Local Written Blocks": 0,
                                "Temp Read Blocks": 0,
                                "Temp Written Blocks": 0,
                                "Workers": [],
                                "Plans": [
                                  {
                                    "Node Type": "Index Only Scan",
                                    "Parent Relationship": "Outer",
                                    "Parallel Aware": true,
                                    "Async Capable": false,
                                    "Scan Direction": "Forward",
                                    "Index Name": "_dta_index_date_dim_6_661577395__k1_k7_k9",
                                    "Relation Name": "date_dim",
                                    "Alias": "date_dim_1",
                                    "Startup Cost": 0.29,
                                    "Total Cost": 1858.91,
                                    "Plan Rows": 12,
                                    "Plan Width": 4,
                                    "Actual Startup Time": 0.37,
                                    "Actual Total Time": 0.391,
                                    "Actual Rows": 10,
                                    "Actual Loops": 3,
                                    "Index Cond": "((d_year = 1999) AND (d_moy = 5))",
                                    "Rows Removed by Index Recheck": 0,
                                    "Heap Fetches": 0,
                                    "Shared Hit Blocks": 282,
                                    "Shared Read Blocks": 0,
                                    "Shared Dirtied Blocks": 0,
                                    "Shared Written Blocks": 0,
                                    "Local Hit Blocks": 0,
                                    "Local Read Blocks": 0,
                                    "Local Dirtied Blocks": 0,
                                    "Local Written Blocks": 0,
                                    "Temp Read Blocks": 0,
                                    "Temp Written Blocks": 0,
                                    "Workers": []
                                  },
                                  {
                                    "Node Type": "Index Scan",
                                    "Parent Relationship": "Inner",
                                    "Parallel Aware": false,
                                    "Async Capable": false,
                                    "Scan Direction": "Forward",
                                    "Index Name": "_dta_index_web_sales_6_1269579561__k1_8_24",
                                    "Relation Name": "web_sales",
                                    "Alias": "web_sales",
                                    "Startup Cost": 0.43,
                                    "Total Cost": 481.94,
                                    "Plan Rows": 199,
                                    "Plan Width": 22,
                                    "Actual Startup Time": 0.024,
                                    "Actual Total Time": 1.715,
                                    "Actual Rows": 315,
                                    "Actual Loops": 31,
                                    "Index Cond": "(ws_sold_date_sk = date_dim_1.d_date_sk)",
                                    "Rows Removed by Index Recheck": 0,
                                    "Filter": "((ws_wholesale_cost >= '26'::numeric) AND (ws_wholesale_cost <= '36'::numeric))",
                                    "Rows Removed by Filter": 5016,
                                    "Shared Hit Blocks": 266,
                                    "Shared Read Blocks": 4995,
                                    "Shared Dirtied Blocks": 0,
                                    "Shared Written Blocks": 0,
                                    "Local Hit Blocks": 0,
                                    "Local Read Blocks": 0,
                                    "Local Dirtied Blocks": 0,
                                    "Local Written Blocks": 0,
                                    "Temp Read Blocks": 0,
                                    "Temp Written Blocks": 0,
                                    "Workers": []
                                  }
                                ]
                              }
                            ]
                          },
                          {
                            "Node Type": "Hash",
                            "Parent Relationship": "Inner",
                            "Parallel Aware": false,
                            "Async Capable": false,
                            "Startup Cost": 41.4,
                            "Total Cost": 41.4,
                            "Plan Rows": 200,
                            "Plan Width": 4,
                            "Actual Startup Time": 0.022,
                            "Actual Total Time": 0.024,
                            "Actual Rows": 2,
                            "Actual Loops": 1,
                            "Hash Buckets": 1024,
                            "Original Hash Buckets": 1024,
                            "Hash Batches": 1,
                            "Original Hash Batches": 1,
                            "Peak Memory Usage": 9,
                            "Shared Hit Blocks": 0,
                            "Shared Read Blocks": 0,
                            "Shared Dirtied Blocks": 0,
                            "Shared Written Blocks": 0,
                            "Local Hit Blocks": 0,
                            "Local Read Blocks": 0,
                            "Local Dirtied Blocks": 0,
                            "Local Written Blocks": 0,
                            "Temp Read Blocks": 0,
                            "Temp Written Blocks": 0,
                            "Plans": [
                              {
                                "Node Type": "Aggregate",
                                "Strategy": "Hashed",
                                "Partial Mode": "Simple",
                                "Parent Relationship": "Outer",
                                "Parallel Aware": false,
                                "Async Capable": false,
                                "Startup Cost": 39.4,
                                "Total Cost": 41.4,
                                "Plan Rows": 200,
                                "Plan Width": 4,
                                "Actual Startup Time": 0.007,
                                "Actual Total Time": 0.009,
                                "Actual Rows": 2,
                                "Actual Loops": 1,
                                "Group Key": [
                                  "frequent_ss_items_1.item_sk"
                                ],
                                "Planned Partitions": 0,
                                "HashAgg Batches": 1,
                                "Peak Memory Usage": 40,
                                "Disk Usage": 0,
                                "Shared Hit Blocks": 0,
                                "Shared Read Blocks": 0,
                                "Shared Dirtied Blocks": 0,
                                "Shared Written Blocks": 0,
                                "Local Hit Blocks": 0,
                                "Local Read Blocks": 0,
                                "Local Dirtied Blocks": 0,
                                "Local Written Blocks": 0,
                                "Temp Read Blocks": 0,
                                "Temp Written Blocks": 0,
                                "Plans": [
                                  {
                                    "Node Type": "CTE Scan",
                                    "Parent Relationship": "Outer",
                                    "Parallel Aware": false,
                                    "Async Capable": false,
                                    "CTE Name": "frequent_ss_items",
                                    "Alias": "frequent_ss_items_1",
                                    "Startup Cost": 0.0,
                                    "Total Cost": 35.02,
                                    "Plan Rows": 1751,
                                    "Plan Width": 4,
                                    "Actual Startup Time": 0.002,
                                    "Actual Total Time": 0.002,
                                    "Actual Rows": 2,
                                    "Actual Loops": 1,
                                    "Shared Hit Blocks": 0,
                                    "Shared Read Blocks": 0,
                                    "Shared Dirtied Blocks": 0,
                                    "Shared Written Blocks": 0,
                                    "Local Hit Blocks": 0,
                                    "Local Read Blocks": 0,
                                    "Local Dirtied Blocks": 0,
                                    "Local Written Blocks": 0,
                                    "Temp Read Blocks": 0,
                                    "Temp Written Blocks": 0
                                  }
                                ]
                              }
                            ]
                          }
                        ]
                      },
                      {
                        "Node Type": "Hash",
                        "Parent Relationship": "Inner",
                        "Parallel Aware": false,
                        "Async Capable": false,
                        "Startup Cost": 289.87,
                        "Total Cost": 289.87,
                        "Plan Rows": 200,
                        "Plan Width": 4,
                        "Actual Startup Time": 2.037,
                        "Actual Total Time": 2.038,
                        "Actual Rows": 5504,
                        "Actual Loops": 1,
                        "Hash Buckets": 8192,
                        "Original Hash Buckets": 1024,
                        "Hash Batches": 1,
                        "Original Hash Batches": 1,
                        "Peak Memory Usage": 258,
                        "Shared Hit Blocks": 0,
                        "Shared Read Blocks": 0,
                        "Shared Dirtied Blocks": 0,
                        "Shared Written Blocks": 0,
                        "Local Hit Blocks": 0,
                        "Local Read Blocks": 0,
                        "Local Dirtied Blocks": 0,
                        "Local Written Blocks": 0,
                        "Temp Read Blocks": 0,
                        "Temp Written Blocks": 0,
                        "Plans": [
                          {
                            "Node Type": "Aggregate",
                            "Strategy": "Hashed",
                            "Partial Mode": "Simple",
                            "Parent Relationship": "Outer",
                            "Parallel Aware": false,
                            "Async Capable": false,
                            "Startup Cost": 287.87,
                            "Total Cost": 289.87,
                            "Plan Rows": 200,
                            "Plan Width": 4,
                            "Actual Startup Time": 1.244,
                            "Actual Total Time": 1.627,
                            "Actual Rows": 5504,
                            "Actual Loops": 1,
                            "Group Key": [
                              "best_ss_customer_1.c_customer_sk"
                            ],
                            "Planned Partitions": 0,
                            "HashAgg Batches": 1,
                            "Peak Memory Usage": 737,
                            "Disk Usage": 0,
                            "Shared Hit Blocks": 0,
                            "Shared Read Blocks": 0,
                            "Shared Dirtied Blocks": 0,
                            "Shared Written Blocks": 0,
                            "Local Hit Blocks": 0,
                            "Local Read Blocks": 0,
                            "Local Dirtied Blocks": 0,
                            "Local Written Blocks": 0,
                            "Temp Read Blocks": 0,
                            "Temp Written Blocks": 0,
                            "Plans": [
                              {
                                "Node Type": "CTE Scan",
                                "Parent Relationship": "Outer",
                                "Parallel Aware": false,
                                "Async Capable": false,
                                "CTE Name": "best_ss_customer",
                                "Alias": "best_ss_customer_1",
                                "Startup Cost": 0.0,
                                "Total Cost": 255.88,
                                "Plan Rows": 12794,
                                "Plan Width": 4,
                                "Actual Startup Time": 0.005,
                                "Actual Total Time": 0.361,
                                "Actual Rows": 5504,
                                "Actual Loops": 1,
                                "Shared Hit Blocks": 0,
                                "Shared Read Blocks": 0,
                                "Shared Dirtied Blocks": 0,
                                "Shared Written Blocks": 0,
                                "Local Hit Blocks": 0,
                                "Local Read Blocks": 0,
                                "Local Dirtied Blocks": 0,
                                "Local Written Blocks": 0,
                                "Temp Read Blocks": 0,
                                "Temp Written Blocks": 0
                              }
                            ]
                          }
                        ]
                      }
                    ]
                  }
                ]
              }
            ]
          }
        ]
      },
      "Planning": {
        "Shared Hit Blocks": 44,
        "Shared Read Blocks": 46,
        "Shared Dirtied Blocks": 0,
        "Shared Written Blocks": 0,
        "Local Hit Blocks": 0,
        "Local Read Blocks": 0,
        "Local Dirtied Blocks": 0,
        "Local Written Blocks": 0,
        "Temp Read Blocks": 0,
        "Temp Written Blocks": 0
      },
      "Planning Time": 1.763,
      "Triggers": [],
      "Execution Time": 2809.753
    }
  ],
  "execution_time_ms": 2809.753
}
