{
  "query_id": "query019_agg_i1",
  "plan_json": [
    {
      "Plan": {
        "Node Type": "Limit",
        "Parallel Aware": false,
        "Async Capable": false,
        "Startup Cost": 17212.2,
        "Total Cost": 17212.21,
        "Plan Rows": 1,
        "Plan Width": 142,
        "Actual Startup Time": 309.252,
        "Actual Total Time": 309.307,
        "Actual Rows": 4,
        "Actual Loops": 1,
        "Shared Hit Blocks": 176399,
        "Shared Read Blocks": 9064,
        "Shared Dirtied Blocks": 0,
        "Shared Written Blocks": 0,
        "Local Hit Blocks": 0,
        "Local Read Blocks": 0,
        "Local Dirtied Blocks": 0,
        "Local Written Blocks": 0,
        "Temp Read Blocks": 0,
        "Temp Written Blocks": 0,
        "Plans": [
          {
            "Node Type": "Sort",
            "Parent Relationship": "Outer",
            "Parallel Aware": false,
            "Async Capable": false,
            "Startup Cost": 17212.2,
            "Total Cost": 17212.21,
            "Plan Rows": 1,
            "Plan Width": 142,
            "Actual Startup Time": 309.25,
            "Actual Total Time": 309.305,
            "Actual Rows": 4,
            "Actual Loops": 1,
            "Sort Key": [
              "(sum(store_sales.ss_ext_sales_price)) DESC",
              "item.i_brand",
              "item.i_brand_id",
              "item.i_manufact_id",
              "item.i_manufact"
            ],
            "Sort Method": "quicksort",
            "Sort Space Used": 26,
            "Sort Space Type": "Memory",
            "Shared Hit Blocks": 176399,
            "Shared Read Blocks": 9064,
            "Shared Dirtied Blocks": 0,
            "Shared Written Blocks": 0,
            "Local Hit Blocks": 0,
            "Local Read Blocks": 0,
            "Local Dirtied Blocks": 0,
            "Local Written Blocks": 0,
            "Temp Read Blocks": 0,
            "Temp Written Blocks": 0,
            "Plans": [
              {
                "Node Type": "Aggregate",
                "Strategy": "Sorted",
                "Partial Mode": "Finalize",
                "Parent Relationship": "Outer",
                "Parallel Aware": false,
                "Async Capable": false,
                "Startup Cost": 17211.89,
                "Total Cost": 17212.19,
                "Plan Rows": 1,
                "Plan Width": 142,
                "Actual Startup Time": 309.223,
                "Actual Total Time": 309.282,
                "Actual Rows": 4,
                "Actual Loops": 1,
                "Group Key": [
                  "item.i_brand",
                  "item.i_brand_id",
                  "item.i_manufact_id",
                  "item.i_manufact"
                ],
                "Shared Hit Blocks": 176396,
                "Shared Read Blocks": 9064,
                "Shared Dirtied Blocks": 0,
                "Shared Written Blocks": 0,
                "Local Hit Blocks": 0,
                "Local Read Blocks": 0,
                "Local Dirtied Blocks": 0,
                "Local Written Blocks": 0,
                "Temp Read Blocks": 0,
                "Temp Written Blocks": 0,
                "Plans": [
                  {
                    "Node Type": "Gather Merge",
                    "Parent Relationship": "Outer",
                    "Parallel Aware": false,
                    "Async Capable": false,
                    "Startup Cost": 17211.89,
                    "Total Cost": 17212.15,
                    "Plan Rows": 2,
                    "Plan Width": 142,
                    "Actual Startup Time": 309.215,
                    "Actual Total Time": 309.274,
                    "Actual Rows": 4,
                    "Actual Loops": 1,
                    "Workers Planned": 2,
                    "Workers Launched": 2,
                    "Shared Hit Blocks": 176396,
                    "Shared Read Blocks": 9064,
                    "Shared Dirtied Blocks": 0,
                    "Shared Written Blocks": 0,
                    "Local Hit Blocks": 0,
                    "Local Read Blocks": 0,
                    "Local Dirtied Blocks": 0,
                    "Local Written Blocks": 0,
                    "Temp Read Blocks": 0,
                    "Temp Written Blocks": 0,
                    "Plans": [
                      {
                        "Node Type": "Aggregate",
                        "Strategy": "Sorted",
                        "Partial Mode": "Partial",
                        "Parent Relationship": "Outer",
                        "Parallel Aware": false,
                        "Async Capable": false,
                        "Startup Cost": 16211.86,
                        "Total Cost": 16211.89,
                        "Plan Rows": 1,
                        "Plan Width": 142,
                        "Actual Startup Time": 103.934,
                        "Actual Total Time": 103.938,
                        "Actual Rows": 1,
                        "Actual Loops": 3,
                        "Group Key": [
                          "item.i_brand",
                          "item.i_brand_id",
                          "item.i_manufact_id",
                          "item.i_manufact"
                        ],
                        "Shared Hit Blocks": 176396,
                        "Shared Read Blocks": 9064,
                        "Shared Dirtied Blocks": 0,
                        "Shared Written Blocks": 0,
                        "Local Hit Blocks": 0,
                        "Local Read Blocks": 0,
                        "Local Dirtied Blocks": 0,
                        "Local Written Blocks": 0,
                        "Temp Read Blocks": 0,
                        "Temp Written Blocks": 0,
                        "Workers": [],
                        "Plans": [
                          {
                            "Node Type": "Sort",
                            "Parent Relationship": "Outer",
                            "Parallel Aware": false,
                            "Async Capable": false,
                            "Startup Cost": 16211.86,
                            "Total Cost": 16211.87,
                            "Plan Rows": 1,
                            "Plan Width": 116,
                            "Actual Startup Time": 103.93,
                            "Actual Total Time": 103.933,
                            "Actual Rows": 2,
                            "Actual Loops": 3,
                            "Sort Key": [
                              "item.i_brand",
                              "item.i_brand_id",
                              "item.i_manufact_id",
                              "item.i_manufact"
                            ],
                            "Sort Method": "quicksort",
                            "Sort Space Used": 26,
                            "Sort Space Type": "Memory",
                            "Shared Hit Blocks": 176396,
                            "Shared Read Blocks": 9064,
                            "Shared Dirtied Blocks": 0,
                            "Shared Written Blocks": 0,
                            "Local Hit Blocks": 0,
                            "Local Read Blocks": 0,
                            "Local Dirtied Blocks": 0,
                            "Local Written Blocks": 0,
                            "Temp Read Blocks": 0,
                            "Temp Written Blocks": 0,
                            "Workers": [
                              {
                                "Worker Number": 0,
                                "Sort Method": "quicksort",
                                "Sort Space Used": 25,
                                "Sort Space Type": "Memory"
                              },
                              {
                                "Worker Number": 1,
                                "Sort Method": "quicksort",
                                "Sort Space Used": 25,
                                "Sort Space Type": "Memory"
                              }
                            ],
                            "Plans": [
                              {
                                "Node Type": "Nested Loop",
                                "Parent Relationship": "Outer",
                                "Parallel Aware": false,
                                "Async Capable": false,
                                "Join Type": "Inner",
                                "Startup Cost": 9.29,
                                "Total Cost": 16211.85,
                                "Plan Rows": 1,
                                "Plan Width": 116,
                                "Actual Startup Time": 22.224,
                                "Actual Total Time": 103.882,
                                "Actual Rows": 2,
                                "Actual Loops": 3,
                                "Inner Unique": true,
                                "Join Filter": "(\"substring\"((customer_address.ca_zip)::text, 1, 5) <> \"substring\"((store.s_zip)::text, 1, 5))",
                                "Rows Removed by Join Filter": 0,
                                "Shared Hit Blocks": 176371,
                                "Shared Read Blocks": 9061,
                                "Shared Dirtied Blocks": 0,
                                "Shared Written Blocks": 0,
                                "Local Hit Blocks": 0,
                                "Local Read Blocks": 0,
                                "Local Dirtied Blocks": 0,
                                "Local Written Blocks": 0,
                                "Temp Read Blocks": 0,
                                "Temp Written Blocks": 0,
                                "Workers": [],
                                "Plans": [
                                  {
                                    "Node Type": "Nested Loop",
                                    "Parent Relationship": "Outer",
                                    "Parallel Aware": false,
                                    "Async Capable": false,
                                    "Join Type": "Inner",
                                    "Startup Cost": 8.87,
                                    "Total Cost": 16206.11,
                                    "Plan Rows": 5,
                                    "Plan Width": 131,
                                    "Actual Startup Time": 1.657,
                                    "Actual Total Time": 102.838,
                                    "Actual Rows": 103,
                                    "Actual Loops": 3,
                                    "Inner Unique": true,
                                    "Shared Hit Blocks": 175656,
                                    "Shared Read Blocks": 8540,
                                    "Shared Dirtied Blocks": 0,
                                    "Shared Written Blocks": 0,
                                    "Local Hit Blocks": 0,
                                    "Local Read Blocks": 0,
                                    "Local Dirtied Blocks": 0,
                                    "Local Written Blocks": 0,
                                    "Temp Read Blocks": 0,
                                    "Temp Written Blocks": 0,
                                    "Workers": [],
                                    "Plans": [
                                      {
                                        "Node Type": "Nested Loop",
                                        "Parent Relationship": "Outer",
                                        "Parallel Aware": false,
                                        "Async Capable": false,
                                        "Join Type": "Inner",
                                        "Startup Cost": 8.44,
                                        "Total Cost": 16171.24,
                                        "Plan Rows": 50,
                                        "Plan Width": 131,
                                        "Actual Startup Time": 1.359,
                                        "Actual Total Time": 83.506,
                                        "Actual Rows": 1086,
                                        "Actual Loops": 3,
                                        "Inner Unique": true,
                                        "Shared Hit Blocks": 166583,
                                        "Shared Read Blocks": 4633,
                                        "Shared Dirtied Blocks": 0,
                                        "Shared Written Blocks": 0,
                                        "Local Hit Blocks": 0,
                                        "Local Read Blocks": 0,
                                        "Local Dirtied Blocks": 0,
                                        "Local Written Blocks": 0,
                                        "Temp Read Blocks": 0,
                                        "Temp Written Blocks": 0,
                                        "Workers": [],
                                        "Plans": [
                                          {
                                            "Node Type": "Hash Join",
                                            "Parent Relationship": "Outer",
                                            "Parallel Aware": false,
                                            "Async Capable": false,
                                            "Join Type": "Inner",
                                            "Startup Cost": 8.15,
                                            "Total Cost": 15558.95,
                                            "Plan Rows": 1120,
                                            "Plan Width": 25,
                                            "Actual Startup Time": 1.355,
                                            "Actual Total Time": 49.015,
                                            "Actual Rows": 18255,
                                            "Actual Loops": 3,
                                            "Inner Unique": true,
                                            "Hash Cond": "(store_sales.ss_store_sk = store.s_store_sk)",
                                            "Shared Hit Blocks": 3561,
                                            "Shared Read Blocks": 3357,
                                            "Shared Dirtied Blocks": 0,
                                            "Shared Written Blocks": 0,
                                            "Local Hit Blocks": 0,
                                            "Local Read Blocks": 0,
                                            "Local Dirtied Blocks": 0,
                                            "Local Written Blocks": 0,
                                            "Temp Read Blocks": 0,
                                            "Temp Written Blocks": 0,
                                            "Workers": [],
                                            "Plans": [
                                              {
                                                "Node Type": "Nested Loop",
                                                "Parent Relationship": "Outer",
                                                "Parallel Aware": false,
                                                "Async Capable": false,
                                                "Join Type": "Inner",
                                                "Startup Cost": 0.85,
                                                "Total Cost": 15548.45,
                                                "Plan Rows": 1175,
                                                "Plan Width": 18,
                                                "Actual Startup Time": 1.323,
                                                "Actual Total Time": 45.387,
                                                "Actual Rows": 18475,
                                                "Actual Loops": 3,
                                                "Inner Unique": false,
                                                "Shared Hit Blocks": 3559,
                                                "Shared Read Blocks": 3354,
                                                "Shared Dirtied Blocks": 0,
                                                "Shared Written Blocks": 0,
                                                "Local Hit Blocks": 0,
                                                "Local Read Blocks": 0,
                                                "Local Dirtied Blocks": 0,
                                                "Local Written Blocks": 0,
                                                "Temp Read Blocks": 0,
                                                "Temp Written Blocks": 0,
                                                "Workers": [],
                                                "Plans": [
                                                  {
                                                    "Node Type": "Index Only Scan",
                                                    "Parent Relationship": "Outer",
                                                    "Parallel Aware": true,
                                                    "Async Capable": false,
                                                    "Scan Direction": "Forward",
                                                    "Index Name": "_dta_index_date_dim_6_661577395__k1_k7_k9",
                                                    "Relation Name": "date_dim",
                                                    "Alias": "date_dim",
                                                    "Startup Cost": 0.29,
                                                    "Total Cost": 1858.91,
                                                    "Plan Rows": 13,
                                                    "Plan Width": 4,
                                                    "Actual Startup Time": 1.187,
                                                    "Actual Total Time": 1.198,
                                                    "Actual Rows": 10,
                                                    "Actual Loops": 3,
                                                    "Index Cond": "((d_year = 2002) AND (d_moy = 4))",
                                                    "Rows Removed by Index Recheck": 0,
                                                    "Heap Fetches": 0,
                                                    "Shared Hit Blocks": 2,
                                                    "Shared Read Blocks": 280,
                                                    "Shared Dirtied Blocks": 0,
                                                    "Shared Written Blocks": 0,
                                                    "Local Hit Blocks": 0,
                                                    "Local Read Blocks": 0,
                                                    "Local Dirtied Blocks": 0,
                                                    "Local Written Blocks": 0,
                                                    "Temp Read Blocks": 0,
                                                    "Temp Written Blocks": 0,
                                                    "Workers": []
                                                  },
                                                  {
                                                    "Node Type": "Index Only Scan",
                                                    "Parent Relationship": "Inner",
                                                    "Parallel Aware": false,
                                                    "Async Capable": false,
                                                    "Scan Direction": "Forward",
                                                    "Index Name": "_dta_index_store_sales_6_1333579789__k1_k23_k14_k6_k8_k5_k7_3_4",
                                                    "Relation Name": "store_sales",
                                                    "Alias": "store_sales",
                                                    "Startup Cost": 0.56,
                                                    "Total Cost": 1020.63,
                                                    "Plan Rows": 3241,
                                                    "Plan Width": 22,
                                                    "Actual Startup Time": 0.163,
                                                    "Actual Total Time": 4.246,
                                                    "Actual Rows": 1848,
                                                    "Actual Loops": 30,
                                                    "Index Cond": "(ss_sold_date_sk = date_dim.d_date_sk)",
                                                    "Rows Removed by Index Recheck": 0,
                                                    "Filter": "((ss_wholesale_cost >= '35'::numeric) AND (ss_wholesale_cost <= '55'::numeric))",
                                                    "Rows Removed by Filter": 5637,
                                                    "Heap Fetches": 0,
                                                    "Shared Hit Blocks": 3557,
                                                    "Shared Read Blocks": 3074,
                                                    "Shared Dirtied Blocks": 0,
                                                    "Shared Written Blocks": 0,
                                                    "Local Hit Blocks": 0,
                                                    "Local Read Blocks": 0,
                                                    "Local Dirtied Blocks": 0,
                                                    "Local Written Blocks": 0,
                                                    "Temp Read Blocks": 0,
                                                    "Temp Written Blocks": 0,
                                                    "Workers": []
                                                  }
                                                ]
                                              },
                                              {
                                                "Node Type": "Hash",
                                                "Parent Relationship": "Inner",
                                                "Parallel Aware": false,
                                                "Async Capable": false,
                                                "Startup Cost": 6.02,
                                                "Total Cost": 6.02,
                                                "Plan Rows": 102,
                                                "Plan Width": 15,
                                                "Actual Startup Time": 0.084,
                                                "Actual Total Time": 0.085,
                                                "Actual Rows": 102,
                                                "Actual Loops": 1,
                                                "Hash Buckets": 1024,
                                                "Original Hash Buckets": 1024,
                                                "Hash Batches": 1,
                                                "Original Hash Batches": 1,
                                                "Peak Memory Usage": 13,
                                                "Shared Hit Blocks": 2,
                                                "Shared Read Blocks": 3,
                                                "Shared Dirtied Blocks": 0,
                                                "Shared Written Blocks": 0,
                                                "Local Hit Blocks": 0,
                                                "Local Read Blocks": 0,
                                                "Local Dirtied Blocks": 0,
                                                "Local Written Blocks": 0,
                                                "Temp Read Blocks": 0,
                                                "Temp Written Blocks": 0,
                                                "Workers": [],
                                                "Plans": [
                                                  {
                                                    "Node Type": "Seq Scan",
                                                    "Parent Relationship": "Outer",
                                                    "Parallel Aware": false,
                                                    "Async Capable": false,
                                                    "Relation Name": "store",
                                                    "Alias": "store",
                                                    "Startup Cost": 0.0,
                                                    "Total Cost": 6.02,
                                                    "Plan Rows": 102,
                                                    "Plan Width": 15,
                                                    "Actual Startup Time": 0.008,
                                                    "Actual Total Time": 0.066,
                                                    "Actual Rows": 102,
                                                    "Actual Loops": 1,
                                                    "Shared Hit Blocks": 2,
                                                    "Shared Read Blocks": 3,
                                                    "Shared Dirtied Blocks": 0,
                                                    "Shared Written Blocks": 0,
                                                    "Local Hit Blocks": 0,
                                                    "Local Read Blocks": 0,
                                                    "Local Dirtied Blocks": 0,
                                                    "Local Written Blocks": 0,
                                                    "Temp Read Blocks": 0,
                                                    "Temp Written Blocks": 0,
                                                    "Workers": []
                                                  }
                                                ]
                                              }
                                            ]
                                          },
                                          {
                                            "Node Type": "Index Scan",
                                            "Parent Relationship": "Inner",
                                            "Parallel Aware": false,
                                            "Async Capable": false,
                                            "Scan Direction": "Forward",
                                            "Index Name": "item_pkey",
                                            "Relation Name": "item",
                                            "Alias": "item",
                                            "Startup Cost": 0.29,
                                            "Total Cost": 0.55,
                                            "Plan Rows": 1,
                                            "Plan Width": 114,
                                            "Actual Startup Time": 0.002,
                                            "Actual Total Time": 0.002,
                                            "Actual Rows": 0,
                                            "Actual Loops": 54766,
                                            "Index Cond": "(i_item_sk = store_sales.ss_item_sk)",
                                            "Rows Removed by Index Recheck": 0,
                                            "Filter": "(i_category = 'Jewelry'::bpchar)",
                                            "Rows Removed by Filter": 1,
                                            "Shared Hit Blocks": 163022,
                                            "Shared Read Blocks": 1276,
                                            "Shared Dirtied Blocks": 0,
                                            "Shared Written Blocks": 0,
                                            "Local Hit Blocks": 0,
                                            "Local Read Blocks": 0,
                                            "Local Dirtied Blocks": 0,
                                            "Local Written Blocks": 0,
                                            "Temp Read Blocks": 0,
                                            "Temp Written Blocks": 0,
                                            "Workers": []
                                          }
                                        ]
                                      },
                                      {
                                        "Node Type": "Index Scan",
                                        "Parent Relationship": "Inner",
                                        "Parallel Aware": false,
                                        "Async Capable": false,
                                        "Scan Direction": "Forward",
                                        "Index Name": "_dta_index_customer_6_949578421__k1_k5",
                                        "Relation Name": "customer",
                                        "Alias": "customer",
                                        "Startup Cost": 0.42,
                                        "Total Cost": 0.7,
                                        "Plan Rows": 1,
                                        "Plan Width": 8,
                                        "Actual Startup Time": 0.017,
                                        "Actual Total Time": 0.017,
                                        "Actual Rows": 0,
                                        "Actual Loops": 3259,
                                        "Index Cond": "(c_customer_sk = store_sales.ss_customer_sk)",
                                        "Rows Removed by Index Recheck": 0,
                                        "Filter": "(c_birth_month = 1)",
                                        "Rows Removed by Filter": 1,
                                        "Shared Hit Blocks": 9073,
                                        "Shared Read Blocks": 3907,
                                        "Shared Dirtied Blocks": 0,
                                        "Shared Written Blocks": 0,
                                        "Local Hit Blocks": 0,
                                        "Local Read Blocks": 0,
                                        "Local Dirtied Blocks": 0,
                                        "Local Written Blocks": 0,
                                        "Temp Read Blocks": 0,
                                        "Temp Written Blocks": 0,
                                        "Workers": []
                                      }
                                    ]
                                  },
                                  {
                                    "Node Type": "Index Scan",
                                    "Parent Relationship": "Inner",
                                    "Parallel Aware": false,
                                    "Async Capable": false,
                                    "Scan Direction": "Forward",
                                    "Index Name": "customer_address_pkey",
                                    "Relation Name": "customer_address",
                                    "Alias": "customer_address",
                                    "Startup Cost": 0.42,
                                    "Total Cost": 1.13,
                                    "Plan Rows": 1,
                                    "Plan Width": 15,
                                    "Actual Startup Time": 0.009,
                                    "Actual Total Time": 0.009,
                                    "Actual Rows": 0,
                                    "Actual Loops": 309,
                                    "Index Cond": "(ca_address_sk = customer.c_current_addr_sk)",
                                    "Rows Removed by Index Recheck": 0,
                                    "Filter": "(ca_state = 'IL'::bpchar)",
                                    "Rows Removed by Filter": 1,
                                    "Shared Hit Blocks": 715,
                                    "Shared Read Blocks": 521,
                                    "Shared Dirtied Blocks": 0,
                                    "Shared Written Blocks": 0,
                                    "Local Hit Blocks": 0,
                                    "Local Read Blocks": 0,
                                    "Local Dirtied Blocks": 0,
                                    "Local Written Blocks": 0,
                                    "Temp Read Blocks": 0,
                                    "Temp Written Blocks": 0,
                                    "Workers": []
                                  }
                                ]
                              }
                            ]
                          }
                        ]
                      }
                    ]
                  }
                ]
              }
            ]
          }
        ]
      },
      "Planning": {
        "Shared Hit Blocks": 66,
        "Shared Read Blocks": 53,
        "Shared Dirtied Blocks": 0,
        "Shared Written Blocks": 0,
        "Local Hit Blocks": 0,
        "Local Read Blocks": 0,
        "Local Dirtied Blocks": 0,
        "Local Written Blocks": 0,
        "Temp Read Blocks": 0,
        "Temp Written Blocks": 0
      },
      "Planning Time": 3.532,
      "Triggers": [],
      "Execution Time": 309.382
    }
  ],
  "execution_time_ms": 309.382
}
