{
  "query_id": "query030_multi_i2",
  "plan_json": [
    {
      "Plan": {
        "Node Type": "Limit",
        "Parallel Aware": false,
        "Async Capable": false,
        "Startup Cost": 42604.48,
        "Total Cost": 42604.49,
        "Plan Rows": 1,
        "Plan Width": 246,
        "Actual Startup Time": 110.393,
        "Actual Total Time": 111.262,
        "Actual Rows": 0,
        "Actual Loops": 1,
        "Shared Hit Blocks": 3195,
        "Shared Read Blocks": 27000,
        "Shared Dirtied Blocks": 0,
        "Shared Written Blocks": 0,
        "Local Hit Blocks": 0,
        "Local Read Blocks": 0,
        "Local Dirtied Blocks": 0,
        "Local Written Blocks": 0,
        "Temp Read Blocks": 0,
        "Temp Written Blocks": 0,
        "Plans": [
          {
            "Node Type": "Aggregate",
            "Strategy": "Sorted",
            "Partial Mode": "Finalize",
            "Parent Relationship": "InitPlan",
            "Subplan Name": "CTE customer_total_return",
            "Parallel Aware": false,
            "Async Capable": false,
            "Startup Cost": 42594.5,
            "Total Cost": 42594.82,
            "Plan Rows": 3,
            "Plan Width": 43,
            "Actual Startup Time": 110.21,
            "Actual Total Time": 111.156,
            "Actual Rows": 99,
            "Actual Loops": 1,
            "Group Key": [
              "web_returns.wr_returning_customer_sk",
              "customer_address_1.ca_state",
              "web_returns.wr_reason_sk"
            ],
            "Shared Hit Blocks": 3194,
            "Shared Read Blocks": 26997,
            "Shared Dirtied Blocks": 0,
            "Shared Written Blocks": 0,
            "Local Hit Blocks": 0,
            "Local Read Blocks": 0,
            "Local Dirtied Blocks": 0,
            "Local Written Blocks": 0,
            "Temp Read Blocks": 0,
            "Temp Written Blocks": 0,
            "Plans": [
              {
                "Node Type": "Gather Merge",
                "Parent Relationship": "Outer",
                "Parallel Aware": false,
                "Async Capable": false,
                "Startup Cost": 42594.5,
                "Total Cost": 42594.75,
                "Plan Rows": 2,
                "Plan Width": 43,
                "Actual Startup Time": 110.204,
                "Actual Total Time": 111.101,
                "Actual Rows": 99,
                "Actual Loops": 1,
                "Workers Planned": 2,
                "Workers Launched": 2,
                "Shared Hit Blocks": 3194,
                "Shared Read Blocks": 26997,
                "Shared Dirtied Blocks": 0,
                "Shared Written Blocks": 0,
                "Local Hit Blocks": 0,
                "Local Read Blocks": 0,
                "Local Dirtied Blocks": 0,
                "Local Written Blocks": 0,
                "Temp Read Blocks": 0,
                "Temp Written Blocks": 0,
                "Plans": [
                  {
                    "Node Type": "Aggregate",
                    "Strategy": "Sorted",
                    "Partial Mode": "Partial",
                    "Parent Relationship": "Outer",
                    "Parallel Aware": false,
                    "Async Capable": false,
                    "Startup Cost": 41594.47,
                    "Total Cost": 41594.5,
                    "Plan Rows": 1,
                    "Plan Width": 43,
                    "Actual Startup Time": 107.28,
                    "Actual Total Time": 107.304,
                    "Actual Rows": 33,
                    "Actual Loops": 3,
                    "Group Key": [
                      "web_returns.wr_returning_customer_sk",
                      "customer_address_1.ca_state",
                      "web_returns.wr_reason_sk"
                    ],
                    "Shared Hit Blocks": 3194,
                    "Shared Read Blocks": 26997,
                    "Shared Dirtied Blocks": 0,
                    "Shared Written Blocks": 0,
                    "Local Hit Blocks": 0,
                    "Local Read Blocks": 0,
                    "Local Dirtied Blocks": 0,
                    "Local Written Blocks": 0,
                    "Temp Read Blocks": 0,
                    "Temp Written Blocks": 0,
                    "Workers": [],
                    "Plans": [
                      {
                        "Node Type": "Sort",
                        "Parent Relationship": "Outer",
                        "Parallel Aware": false,
                        "Async Capable": false,
                        "Startup Cost": 41594.47,
                        "Total Cost": 41594.48,
                        "Plan Rows": 1,
                        "Plan Width": 17,
                        "Actual Startup Time": 107.268,
                        "Actual Total Time": 107.274,
                        "Actual Rows": 33,
                        "Actual Loops": 3,
                        "Sort Key": [
                          "web_returns.wr_returning_customer_sk",
                          "customer_address_1.ca_state",
                          "web_returns.wr_reason_sk"
                        ],
                        "Sort Method": "quicksort",
                        "Sort Space Used": 28,
                        "Sort Space Type": "Memory",
                        "Shared Hit Blocks": 3194,
                        "Shared Read Blocks": 26997,
                        "Shared Dirtied Blocks": 0,
                        "Shared Written Blocks": 0,
                        "Local Hit Blocks": 0,
                        "Local Read Blocks": 0,
                        "Local Dirtied Blocks": 0,
                        "Local Written Blocks": 0,
                        "Temp Read Blocks": 0,
                        "Temp Written Blocks": 0,
                        "Workers": [
                          {
                            "Worker Number": 0,
                            "Sort Method": "quicksort",
                            "Sort Space Used": 26,
                            "Sort Space Type": "Memory"
                          },
                          {
                            "Worker Number": 1,
                            "Sort Method": "quicksort",
                            "Sort Space Used": 27,
                            "Sort Space Type": "Memory"
                          }
                        ],
                        "Plans": [
                          {
                            "Node Type": "Nested Loop",
                            "Parent Relationship": "Outer",
                            "Parallel Aware": false,
                            "Async Capable": false,
                            "Join Type": "Inner",
                            "Startup Cost": 19.87,
                            "Total Cost": 41594.46,
                            "Plan Rows": 1,
                            "Plan Width": 17,
                            "Actual Startup Time": 64.532,
                            "Actual Total Time": 107.229,
                            "Actual Rows": 33,
                            "Actual Loops": 3,
                            "Inner Unique": true,
                            "Shared Hit Blocks": 3166,
                            "Shared Read Blocks": 26997,
                            "Shared Dirtied Blocks": 0,
                            "Shared Written Blocks": 0,
                            "Local Hit Blocks": 0,
                            "Local Read Blocks": 0,
                            "Local Dirtied Blocks": 0,
                            "Local Written Blocks": 0,
                            "Temp Read Blocks": 0,
                            "Temp Written Blocks": 0,
                            "Workers": [],
                            "Plans": [
                              {
                                "Node Type": "Nested Loop",
                                "Parent Relationship": "Outer",
                                "Parallel Aware": false,
                                "Async Capable": false,
                                "Join Type": "Inner",
                                "Startup Cost": 19.45,
                                "Total Cost": 41591.24,
                                "Plan Rows": 1,
                                "Plan Width": 18,
                                "Actual Startup Time": 64.498,
                                "Actual Total Time": 106.843,
                                "Actual Rows": 33,
                                "Actual Loops": 3,
                                "Inner Unique": true,
                                "Shared Hit Blocks": 2909,
                                "Shared Read Blocks": 26856,
                                "Shared Dirtied Blocks": 0,
                                "Shared Written Blocks": 0,
                                "Local Hit Blocks": 0,
                                "Local Read Blocks": 0,
                                "Local Dirtied Blocks": 0,
                                "Local Written Blocks": 0,
                                "Temp Read Blocks": 0,
                                "Temp Written Blocks": 0,
                                "Workers": [],
                                "Plans": [
                                  {
                                    "Node Type": "Hash Join",
                                    "Parent Relationship": "Outer",
                                    "Parallel Aware": false,
                                    "Async Capable": false,
                                    "Join Type": "Inner",
                                    "Startup Cost": 19.15,
                                    "Total Cost": 41547.72,
                                    "Plan Rows": 14,
                                    "Plan Width": 22,
                                    "Actual Startup Time": 61.0,
                                    "Actual Total Time": 105.09,
                                    "Actual Rows": 357,
                                    "Actual Loops": 3,
                                    "Inner Unique": true,
                                    "Hash Cond": "(web_returns.wr_returned_date_sk = date_dim.d_date_sk)",
                                    "Shared Hit Blocks": 130,
                                    "Shared Read Blocks": 26423,
                                    "Shared Dirtied Blocks": 0,
                                    "Shared Written Blocks": 0,
                                    "Local Hit Blocks": 0,
                                    "Local Read Blocks": 0,
                                    "Local Dirtied Blocks": 0,
                                    "Local Written Blocks": 0,
                                    "Temp Read Blocks": 0,
                                    "Temp Written Blocks": 0,
                                    "Workers": [],
                                    "Plans": [
                                      {
                                        "Node Type": "Seq Scan",
                                        "Parent Relationship": "Outer",
                                        "Parallel Aware": true,
                                        "Async Capable": false,
                                        "Relation Name": "web_returns",
                                        "Alias": "web_returns",
                                        "Startup Cost": 0.0,
                                        "Total Cost": 41520.69,
                                        "Plan Rows": 3001,
                                        "Plan Width": 26,
                                        "Actual Startup Time": 0.123,
                                        "Actual Total Time": 104.473,
                                        "Actual Rows": 2617,
                                        "Actual Loops": 3,
                                        "Filter": "(((wr_return_amt / (wr_return_quantity)::numeric) >= '242'::numeric) AND ((wr_return_amt / (wr_return_quantity)::numeric) <= '271'::numeric))",
                                        "Rows Removed by Filter": 477501,
                                        "Shared Hit Blocks": 96,
                                        "Shared Read Blocks": 26421,
                                        "Shared Dirtied Blocks": 0,
                                        "Shared Written Blocks": 0,
                                        "Local Hit Blocks": 0,
                                        "Local Read Blocks": 0,
                                        "Local Dirtied Blocks": 0,
                                        "Local Written Blocks": 0,
                                        "Temp Read Blocks": 0,
                                        "Temp Written Blocks": 0,
                                        "Workers": []
                                      },
                                      {
                                        "Node Type": "Hash",
                                        "Parent Relationship": "Inner",
                                        "Parallel Aware": false,
                                        "Async Capable": false,
                                        "Startup Cost": 14.63,
                                        "Total Cost": 14.63,
                                        "Plan Rows": 362,
                                        "Plan Width": 4,
                                        "Actual Startup Time": 0.108,
                                        "Actual Total Time": 0.109,
                                        "Actual Rows": 365,
                                        "Actual Loops": 3,
                                        "Hash Buckets": 1024,
                                        "Original Hash Buckets": 1024,
                                        "Hash Batches": 1,
                                        "Original Hash Batches": 1,
                                        "Peak Memory Usage": 21,
                                        "Shared Hit Blocks": 12,
                                        "Shared Read Blocks": 2,
                                        "Shared Dirtied Blocks": 0,
                                        "Shared Written Blocks": 0,
                                        "Local Hit Blocks": 0,
                                        "Local Read Blocks": 0,
                                        "Local Dirtied Blocks": 0,
                                        "Local Written Blocks": 0,
                                        "Temp Read Blocks": 0,
                                        "Temp Written Blocks": 0,
                                        "Workers": [],
                                        "Plans": [
                                          {
                                            "Node Type": "Index Only Scan",
                                            "Parent Relationship": "Outer",
                                            "Parallel Aware": false,
                                            "Async Capable": false,
                                            "Scan Direction": "Forward",
                                            "Index Name": "_dta_index_date_dim_6_661577395__k7_k1",
                                            "Relation Name": "date_dim",
                                            "Alias": "date_dim",
                                            "Startup Cost": 0.29,
                                            "Total Cost": 14.63,
                                            "Plan Rows": 362,
                                            "Plan Width": 4,
                                            "Actual Startup Time": 0.042,
                                            "Actual Total Time": 0.076,
                                            "Actual Rows": 365,
                                            "Actual Loops": 3,
                                            "Index Cond": "(d_year = 2002)",
                                            "Rows Removed by Index Recheck": 0,
                                            "Heap Fetches": 0,
                                            "Shared Hit Blocks": 12,
                                            "Shared Read Blocks": 2,
                                            "Shared Dirtied Blocks": 0,
                                            "Shared Written Blocks": 0,
                                            "Local Hit Blocks": 0,
                                            "Local Read Blocks": 0,
                                            "Local Dirtied Blocks": 0,
                                            "Local Written Blocks": 0,
                                            "Temp Read Blocks": 0,
                                            "Temp Written Blocks": 0,
                                            "Workers": []
                                          }
                                        ]
                                      }
                                    ]
                                  },
                                  {
                                    "Node Type": "Index Scan",
                                    "Parent Relationship": "Inner",
                                    "Parallel Aware": false,
                                    "Async Capable": false,
                                    "Scan Direction": "Forward",
                                    "Index Name": "item_pkey",
                                    "Relation Name": "item",
                                    "Alias": "item",
                                    "Startup Cost": 0.29,
                                    "Total Cost": 3.11,
                                    "Plan Rows": 1,
                                    "Plan Width": 4,
                                    "Actual Startup Time": 0.005,
                                    "Actual Total Time": 0.005,
                                    "Actual Rows": 0,
                                    "Actual Loops": 1070,
                                    "Index Cond": "(i_item_sk = web_returns.wr_item_sk)",
                                    "Rows Removed by Index Recheck": 0,
                                    "Filter": "((i_manager_id >= 68) AND (i_manager_id <= 77))",
                                    "Rows Removed by Filter": 1,
                                    "Shared Hit Blocks": 2779,
                                    "Shared Read Blocks": 433,
                                    "Shared Dirtied Blocks": 0,
                                    "Shared Written Blocks": 0,
                                    "Local Hit Blocks": 0,
                                    "Local Read Blocks": 0,
                                    "Local Dirtied Blocks": 0,
                                    "Local Written Blocks": 0,
                                    "Temp Read Blocks": 0,
                                    "Temp Written Blocks": 0,
                                    "Workers": []
                                  }
                                ]
                              },
                              {
                                "Node Type": "Index Scan",
                                "Parent Relationship": "Inner",
                                "Parallel Aware": false,
                                "Async Capable": false,
                                "Scan Direction": "Forward",
                                "Index Name": "customer_address_pkey",
                                "Relation Name": "customer_address",
                                "Alias": "customer_address_1",
                                "Startup Cost": 0.42,
                                "Total Cost": 3.22,
                                "Plan Rows": 1,
                                "Plan Width": 7,
                                "Actual Startup Time": 0.011,
                                "Actual Total Time": 0.011,
                                "Actual Rows": 1,
                                "Actual Loops": 100,
                                "Index Cond": "(ca_address_sk = web_returns.wr_returning_addr_sk)",
                                "Rows Removed by Index Recheck": 0,
                                "Shared Hit Blocks": 257,
                                "Shared Read Blocks": 141,
                                "Shared Dirtied Blocks": 0,
                                "Shared Written Blocks": 0,
                                "Local Hit Blocks": 0,
                                "Local Read Blocks": 0,
                                "Local Dirtied Blocks": 0,
                                "Local Written Blocks": 0,
                                "Temp Read Blocks": 0,
                                "Temp Written Blocks": 0,
                                "Workers": []
                              }
                            ]
                          }
                        ]
                      }
                    ]
                  }
                ]
              }
            ]
          },
          {
            "Node Type": "Sort",
            "Parent Relationship": "Outer",
            "Parallel Aware": false,
            "Async Capable": false,
            "Startup Cost": 9.67,
            "Total Cost": 9.67,
            "Plan Rows": 1,
            "Plan Width": 246,
            "Actual Startup Time": 110.392,
            "Actual Total Time": 110.394,
            "Actual Rows": 0,
            "Actual Loops": 1,
            "Sort Key": [
              "customer.c_customer_id",
              "customer.c_salutation",
              "customer.c_first_name",
              "customer.c_last_name",
              "customer.c_preferred_cust_flag",
              "customer.c_birth_day",
              "customer.c_birth_month",
              "customer.c_birth_year",
              "customer.c_birth_country",
              "customer.c_login",
              "customer.c_email_address",
              "customer.c_last_review_date_sk",
              "ctr1.ctr_total_return"
            ],
            "Sort Method": "quicksort",
            "Sort Space Used": 25,
            "Sort Space Type": "Memory",
            "Shared Hit Blocks": 1172,
            "Shared Read Blocks": 9253,
            "Shared Dirtied Blocks": 0,
            "Shared Written Blocks": 0,
            "Local Hit Blocks": 0,
            "Local Read Blocks": 0,
            "Local Dirtied Blocks": 0,
            "Local Written Blocks": 0,
            "Temp Read Blocks": 0,
            "Temp Written Blocks": 0,
            "Plans": [
              {
                "Node Type": "Nested Loop",
                "Parent Relationship": "Outer",
                "Parallel Aware": false,
                "Async Capable": false,
                "Join Type": "Inner",
                "Startup Cost": 0.84,
                "Total Cost": 9.66,
                "Plan Rows": 1,
                "Plan Width": 246,
                "Actual Startup Time": 110.384,
                "Actual Total Time": 110.386,
                "Actual Rows": 0,
                "Actual Loops": 1,
                "Inner Unique": true,
                "Shared Hit Blocks": 1172,
                "Shared Read Blocks": 9253,
                "Shared Dirtied Blocks": 0,
                "Shared Written Blocks": 0,
                "Local Hit Blocks": 0,
                "Local Read Blocks": 0,
                "Local Dirtied Blocks": 0,
                "Local Written Blocks": 0,
                "Temp Read Blocks": 0,
                "Temp Written Blocks": 0,
                "Plans": [
                  {
                    "Node Type": "Nested Loop",
                    "Parent Relationship": "Outer",
                    "Parallel Aware": false,
                    "Async Capable": false,
                    "Join Type": "Inner",
                    "Startup Cost": 0.42,
                    "Total Cost": 8.78,
                    "Plan Rows": 1,
                    "Plan Width": 250,
                    "Actual Startup Time": 110.383,
                    "Actual Total Time": 110.384,
                    "Actual Rows": 0,
                    "Actual Loops": 1,
                    "Inner Unique": true,
                    "Shared Hit Blocks": 1172,
                    "Shared Read Blocks": 9253,
                    "Shared Dirtied Blocks": 0,
                    "Shared Written Blocks": 0,
                    "Local Hit Blocks": 0,
                    "Local Read Blocks": 0,
                    "Local Dirtied Blocks": 0,
                    "Local Written Blocks": 0,
                    "Temp Read Blocks": 0,
                    "Temp Written Blocks": 0,
                    "Plans": [
                      {
                        "Node Type": "CTE Scan",
                        "Parent Relationship": "Outer",
                        "Parallel Aware": false,
                        "Async Capable": false,
                        "CTE Name": "customer_total_return",
                        "Alias": "ctr1",
                        "Startup Cost": 0.0,
                        "Total Cost": 0.33,
                        "Plan Rows": 1,
                        "Plan Width": 36,
                        "Actual Startup Time": 110.35,
                        "Actual Total Time": 110.359,
                        "Actual Rows": 1,
                        "Actual Loops": 1,
                        "Filter": "((ctr_reason_sk = ANY ('{20,36}'::integer[])) AND (ctr_total_return > (SubPlan 2)))",
                        "Rows Removed by Filter": 98,
                        "Shared Hit Blocks": 1171,
                        "Shared Read Blocks": 9250,
                        "Shared Dirtied Blocks": 0,
                        "Shared Written Blocks": 0,
                        "Local Hit Blocks": 0,
                        "Local Read Blocks": 0,
                        "Local Dirtied Blocks": 0,
                        "Local Written Blocks": 0,
                        "Temp Read Blocks": 0,
                        "Temp Written Blocks": 0,
                        "Plans": [
                          {
                            "Node Type": "Aggregate",
                            "Strategy": "Plain",
                            "Partial Mode": "Simple",
                            "Parent Relationship": "SubPlan",
                            "Subplan Name": "SubPlan 2",
                            "Parallel Aware": false,
                            "Async Capable": false,
                            "Startup Cost": 0.07,
                            "Total Cost": 0.09,
                            "Plan Rows": 1,
                            "Plan Width": 32,
                            "Actual Startup Time": 0.02,
                            "Actual Total Time": 0.02,
                            "Actual Rows": 1,
                            "Actual Loops": 6,
                            "Shared Hit Blocks": 0,
                            "Shared Read Blocks": 0,
                            "Shared Dirtied Blocks": 0,
                            "Shared Written Blocks": 0,
                            "Local Hit Blocks": 0,
                            "Local Read Blocks": 0,
                            "Local Dirtied Blocks": 0,
                            "Local Written Blocks": 0,
                            "Temp Read Blocks": 0,
                            "Temp Written Blocks": 0,
                            "Plans": [
                              {
                                "Node Type": "CTE Scan",
                                "Parent Relationship": "Outer",
                                "Parallel Aware": false,
                                "Async Capable": false,
                                "CTE Name": "customer_total_return",
                                "Alias": "ctr2",
                                "Startup Cost": 0.0,
                                "Total Cost": 0.07,
                                "Plan Rows": 1,
                                "Plan Width": 32,
                                "Actual Startup Time": 0.002,
                                "Actual Total Time": 0.018,
                                "Actual Rows": 4,
                                "Actual Loops": 6,
                                "Filter": "(ctr1.ctr_state = ctr_state)",
                                "Rows Removed by Filter": 95,
                                "Shared Hit Blocks": 0,
                                "Shared Read Blocks": 0,
                                "Shared Dirtied Blocks": 0,
                                "Shared Written Blocks": 0,
                                "Local Hit Blocks": 0,
                                "Local Read Blocks": 0,
                                "Local Dirtied Blocks": 0,
                                "Local Written Blocks": 0,
                                "Temp Read Blocks": 0,
                                "Temp Written Blocks": 0
                              }
                            ]
                          }
                        ]
                      },
                      {
                        "Node Type": "Index Scan",
                        "Parent Relationship": "Inner",
                        "Parallel Aware": false,
                        "Async Capable": false,
                        "Scan Direction": "Forward",
                        "Index Name": "_dta_index_customer_6_949578421__k1_k5",
                        "Relation Name": "customer",
                        "Alias": "customer",
                        "Startup Cost": 0.42,
                        "Total Cost": 8.45,
                        "Plan Rows": 1,
                        "Plan Width": 222,
                        "Actual Startup Time": 0.023,
                        "Actual Total Time": 0.024,
                        "Actual Rows": 0,
                        "Actual Loops": 1,
                        "Index Cond": "(c_customer_sk = ctr1.ctr_customer_sk)",
                        "Rows Removed by Index Recheck": 0,
                        "Filter": "((c_birth_year >= 1985) AND (c_birth_year <= 1991))",
                        "Rows Removed by Filter": 1,
                        "Shared Hit Blocks": 1,
                        "Shared Read Blocks": 3,
                        "Shared Dirtied Blocks": 0,
                        "Shared Written Blocks": 0,
                        "Local Hit Blocks": 0,
                        "Local Read Blocks": 0,
                        "Local Dirtied Blocks": 0,
                        "Local Written Blocks": 0,
                        "Temp Read Blocks": 0,
                        "Temp Written Blocks": 0
                      }
                    ]
                  },
                  {
                    "Node Type": "Index Scan",
                    "Parent Relationship": "Inner",
                    "Parallel Aware": false,
                    "Async Capable": false,
                    "Scan Direction": "Forward",
                    "Index Name": "customer_address_pkey",
                    "Relation Name": "customer_address",
                    "Alias": "customer_address",
                    "Startup Cost": 0.42,
                    "Total Cost": 0.88,
                    "Plan Rows": 1,
                    "Plan Width": 4,
                    "Actual Startup Time": 0.0,
                    "Actual Total Time": 0.0,
                    "Actual Rows": 0,
                    "Actual Loops": 0,
                    "Index Cond": "(ca_address_sk = customer.c_current_addr_sk)",
                    "Rows Removed by Index Recheck": 0,
                    "Filter": "(ca_state = ANY ('{OK,SC,TX,WI}'::bpchar[]))",
                    "Rows Removed by Filter": 0,
                    "Shared Hit Blocks": 0,
                    "Shared Read Blocks": 0,
                    "Shared Dirtied Blocks": 0,
                    "Shared Written Blocks": 0,
                    "Local Hit Blocks": 0,
                    "Local Read Blocks": 0,
                    "Local Dirtied Blocks": 0,
                    "Local Written Blocks": 0,
                    "Temp Read Blocks": 0,
                    "Temp Written Blocks": 0
                  }
                ]
              }
            ]
          }
        ]
      },
      "Planning": {
        "Shared Hit Blocks": 42,
        "Shared Read Blocks": 0,
        "Shared Dirtied Blocks": 0,
        "Shared Written Blocks": 0,
        "Local Hit Blocks": 0,
        "Local Read Blocks": 0,
        "Local Dirtied Blocks": 0,
        "Local Written Blocks": 0,
        "Temp Read Blocks": 0,
        "Temp Written Blocks": 0
      },
      "Planning Time": 0.483,
      "Triggers": [],
      "Execution Time": 111.369
    }
  ],
  "execution_time_ms": 111.369
}
