{
  "query_id": "query031_multi_i1",
  "plan_json": [
    {
      "Plan": {
        "Node Type": "Nested Loop",
        "Parallel Aware": false,
        "Async Capable": false,
        "Join Type": "Inner",
        "Startup Cost": 541340.76,
        "Total Cost": 541375.2,
        "Plan Rows": 1,
        "Plan Width": 210,
        "Actual Startup Time": 113.791,
        "Actual Total Time": 115.596,
        "Actual Rows": 0,
        "Actual Loops": 1,
        "Inner Unique": false,
        "Join Filter": "(((ss1.ca_county)::text = (ws3.ca_county)::text) AND (CASE WHEN (ws2.web_sales > '0'::numeric) THEN (ws3.web_sales / ws2.web_sales) ELSE NULL::numeric END > CASE WHEN (ss2.store_sales > '0'::numeric) THEN (ss3.store_sales / ss2.store_sales) ELSE NULL::numeric END))",
        "Rows Removed by Join Filter": 0,
        "Shared Hit Blocks": 13502,
        "Shared Read Blocks": 45359,
        "Shared Dirtied Blocks": 0,
        "Shared Written Blocks": 0,
        "Local Hit Blocks": 0,
        "Local Read Blocks": 0,
        "Local Dirtied Blocks": 0,
        "Local Written Blocks": 0,
        "Temp Read Blocks": 0,
        "Temp Written Blocks": 0,
        "Plans": [
          {
            "Node Type": "Aggregate",
            "Strategy": "Sorted",
            "Partial Mode": "Finalize",
            "Parent Relationship": "InitPlan",
            "Subplan Name": "CTE ss",
            "Parallel Aware": false,
            "Async Capable": false,
            "Startup Cost": 420251.7,
            "Total Cost": 420301.13,
            "Plan Rows": 382,
            "Plan Width": 54,
            "Actual Startup Time": 113.543,
            "Actual Total Time": 115.488,
            "Actual Rows": 173,
            "Actual Loops": 1,
            "Group Key": [
              "customer_address.ca_county",
              "date_dim.d_qoy",
              "date_dim.d_year"
            ],
            "Shared Hit Blocks": 13502,
            "Shared Read Blocks": 45359,
            "Shared Dirtied Blocks": 0,
            "Shared Written Blocks": 0,
            "Local Hit Blocks": 0,
            "Local Read Blocks": 0,
            "Local Dirtied Blocks": 0,
            "Local Written Blocks": 0,
            "Temp Read Blocks": 0,
            "Temp Written Blocks": 0,
            "Plans": [
              {
                "Node Type": "Gather Merge",
                "Parent Relationship": "Outer",
                "Parallel Aware": false,
                "Async Capable": false,
                "Startup Cost": 420251.7,
                "Total Cost": 420292.38,
                "Plan Rows": 318,
                "Plan Width": 54,
                "Actual Startup Time": 113.535,
                "Actual Total Time": 115.404,
                "Actual Rows": 180,
                "Actual Loops": 1,
                "Workers Planned": 2,
                "Workers Launched": 2,
                "Shared Hit Blocks": 13502,
                "Shared Read Blocks": 45359,
                "Shared Dirtied Blocks": 0,
                "Shared Written Blocks": 0,
                "Local Hit Blocks": 0,
                "Local Read Blocks": 0,
                "Local Dirtied Blocks": 0,
                "Local Written Blocks": 0,
                "Temp Read Blocks": 0,
                "Temp Written Blocks": 0,
                "Plans": [
                  {
                    "Node Type": "Aggregate",
                    "Strategy": "Sorted",
                    "Partial Mode": "Partial",
                    "Parent Relationship": "Outer",
                    "Parallel Aware": false,
                    "Async Capable": false,
                    "Startup Cost": 419251.68,
                    "Total Cost": 419255.65,
                    "Plan Rows": 159,
                    "Plan Width": 54,
                    "Actual Startup Time": 109.514,
                    "Actual Total Time": 109.547,
                    "Actual Rows": 60,
                    "Actual Loops": 3,
                    "Group Key": [
                      "customer_address.ca_county",
                      "date_dim.d_qoy",
                      "date_dim.d_year"
                    ],
                    "Shared Hit Blocks": 13502,
                    "Shared Read Blocks": 45359,
                    "Shared Dirtied Blocks": 0,
                    "Shared Written Blocks": 0,
                    "Local Hit Blocks": 0,
                    "Local Read Blocks": 0,
                    "Local Dirtied Blocks": 0,
                    "Local Written Blocks": 0,
                    "Temp Read Blocks": 0,
                    "Temp Written Blocks": 0,
                    "Workers": [],
                    "Plans": [
                      {
                        "Node Type": "Sort",
                        "Parent Relationship": "Outer",
                        "Parallel Aware": false,
                        "Async Capable": false,
                        "Startup Cost": 419251.68,
                        "Total Cost": 419252.08,
                        "Plan Rows": 159,
                        "Plan Width": 28,
                        "Actual Startup Time": 109.503,
                        "Actual Total Time": 109.507,
                        "Actual Rows": 62,
                        "Actual Loops": 3,
                        "Sort Key": [
                          "customer_address.ca_county",
                          "date_dim.d_qoy",
                          "date_dim.d_year"
                        ],
                        "Sort Method": "quicksort",
                        "Sort Space Used": 29,
                        "Sort Space Type": "Memory",
                        "Shared Hit Blocks": 13502,
                        "Shared Read Blocks": 45359,
                        "Shared Dirtied Blocks": 0,
                        "Shared Written Blocks": 0,
                        "Local Hit Blocks": 0,
                        "Local Read Blocks": 0,
                        "Local Dirtied Blocks": 0,
                        "Local Written Blocks": 0,
                        "Temp Read Blocks": 0,
                        "Temp Written Blocks": 0,
                        "Workers": [
                          {
                            "Worker Number": 0,
                            "Sort Method": "quicksort",
                            "Sort Space Used": 29,
                            "Sort Space Type": "Memory"
                          },
                          {
                            "Worker Number": 1,
                            "Sort Method": "quicksort",
                            "Sort Space Used": 30,
                            "Sort Space Type": "Memory"
                          }
                        ],
                        "Plans": [
                          {
                            "Node Type": "Nested Loop",
                            "Parent Relationship": "Outer",
                            "Parallel Aware": false,
                            "Async Capable": false,
                            "Join Type": "Inner",
                            "Startup Cost": 26.51,
                            "Total Cost": 419245.87,
                            "Plan Rows": 159,
                            "Plan Width": 28,
                            "Actual Startup Time": 1.502,
                            "Actual Total Time": 109.37,
                            "Actual Rows": 62,
                            "Actual Loops": 3,
                            "Inner Unique": true,
                            "Shared Hit Blocks": 13473,
                            "Shared Read Blocks": 45358,
                            "Shared Dirtied Blocks": 0,
                            "Shared Written Blocks": 0,
                            "Local Hit Blocks": 0,
                            "Local Read Blocks": 0,
                            "Local Dirtied Blocks": 0,
                            "Local Written Blocks": 0,
                            "Temp Read Blocks": 0,
                            "Temp Written Blocks": 0,
                            "Workers": [],
                            "Plans": [
                              {
                                "Node Type": "Nested Loop",
                                "Parent Relationship": "Outer",
                                "Parallel Aware": false,
                                "Async Capable": false,
                                "Join Type": "Inner",
                                "Startup Cost": 26.22,
                                "Total Cost": 419191.3,
                                "Plan Rows": 167,
                                "Plan Width": 24,
                                "Actual Startup Time": 1.476,
                                "Actual Total Time": 108.941,
                                "Actual Rows": 63,
                                "Actual Loops": 3,
                                "Inner Unique": true,
                                "Shared Hit Blocks": 12975,
                                "Shared Read Blocks": 45296,
                                "Shared Dirtied Blocks": 0,
                                "Shared Written Blocks": 0,
                                "Local Hit Blocks": 0,
                                "Local Read Blocks": 0,
                                "Local Dirtied Blocks": 0,
                                "Local Written Blocks": 0,
                                "Temp Read Blocks": 0,
                                "Temp Written Blocks": 0,
                                "Workers": [],
                                "Plans": [
                                  {
                                    "Node Type": "Nested Loop",
                                    "Parent Relationship": "Outer",
                                    "Parallel Aware": false,
                                    "Async Capable": false,
                                    "Join Type": "Inner",
                                    "Startup Cost": 25.8,
                                    "Total Cost": 417833.64,
                                    "Plan Rows": 2801,
                                    "Plan Width": 14,
                                    "Actual Startup Time": 0.44,
                                    "Actual Total Time": 99.36,
                                    "Actual Rows": 1048,
                                    "Actual Loops": 3,
                                    "Inner Unique": false,
                                    "Shared Hit Blocks": 3749,
                                    "Shared Read Blocks": 42228,
                                    "Shared Dirtied Blocks": 0,
                                    "Shared Written Blocks": 0,
                                    "Local Hit Blocks": 0,
                                    "Local Read Blocks": 0,
                                    "Local Dirtied Blocks": 0,
                                    "Local Written Blocks": 0,
                                    "Temp Read Blocks": 0,
                                    "Temp Written Blocks": 0,
                                    "Workers": [],
                                    "Plans": [
                                      {
                                        "Node Type": "Index Scan",
                                        "Parent Relationship": "Outer",
                                        "Parallel Aware": true,
                                        "Async Capable": false,
                                        "Scan Direction": "Forward",
                                        "Index Name": "item_pkey",
                                        "Relation Name": "item",
                                        "Alias": "item",
                                        "Startup Cost": 0.29,
                                        "Total Cost": 9367.84,
                                        "Plan Rows": 113,
                                        "Plan Width": 4,
                                        "Actual Startup Time": 0.106,
                                        "Actual Total Time": 15.514,
                                        "Actual Rows": 89,
                                        "Actual Loops": 3,
                                        "Filter": "((i_color = ANY ('{navajo,orchid}'::bpchar[])) AND (i_manager_id >= 8) AND (i_manager_id <= 27))",
                                        "Rows Removed by Filter": 33911,
                                        "Shared Hit Blocks": 2508,
                                        "Shared Read Blocks": 6453,
                                        "Shared Dirtied Blocks": 0,
                                        "Shared Written Blocks": 0,
                                        "Local Hit Blocks": 0,
                                        "Local Read Blocks": 0,
                                        "Local Dirtied Blocks": 0,
                                        "Local Written Blocks": 0,
                                        "Temp Read Blocks": 0,
                                        "Temp Written Blocks": 0,
                                        "Workers": []
                                      },
                                      {
                                        "Node Type": "Bitmap Heap Scan",
                                        "Parent Relationship": "Inner",
                                        "Parallel Aware": false,
                                        "Async Capable": false,
                                        "Relation Name": "store_sales",
                                        "Alias": "store_sales",
                                        "Startup Cost": 25.5,
                                        "Total Cost": 3613.67,
                                        "Plan Rows": 107,
                                        "Plan Width": 18,
                                        "Actual Startup Time": 0.291,
                                        "Actual Total Time": 0.933,
                                        "Actual Rows": 12,
                                        "Actual Loops": 268,
                                        "Recheck Cond": "(ss_item_sk = item.i_item_sk)",
                                        "Rows Removed by Index Recheck": 0,
                                        "Filter": "((ss_list_price >= '86'::numeric) AND (ss_list_price <= '100'::numeric))",
                                        "Rows Removed by Filter": 123,
                                        "Exact Heap Blocks": 13811,
                                        "Lossy Heap Blocks": 0,
                                        "Shared Hit Blocks": 1241,
                                        "Shared Read Blocks": 35775,
                                        "Shared Dirtied Blocks": 0,
                                        "Shared Written Blocks": 0,
                                        "Local Hit Blocks": 0,
                                        "Local Read Blocks": 0,
                                        "Local Dirtied Blocks": 0,
                                        "Local Written Blocks": 0,
                                        "Temp Read Blocks": 0,
                                        "Temp Written Blocks": 0,
                                        "Workers": [],
                                        "Plans": [
                                          {
                                            "Node Type": "Bitmap Index Scan",
                                            "Parent Relationship": "Outer",
                                            "Parallel Aware": false,
                                            "Async Capable": false,
                                            "Index Name": "store_sales_pkey",
                                            "Startup Cost": 0.0,
                                            "Total Cost": 25.48,
                                            "Plan Rows": 1219,
                                            "Plan Width": 0,
                                            "Actual Startup Time": 0.223,
                                            "Actual Total Time": 0.223,
                                            "Actual Rows": 135,
                                            "Actual Loops": 268,
                                            "Index Cond": "(ss_item_sk = item.i_item_sk)",
                                            "Shared Hit Blocks": 422,
                                            "Shared Read Blocks": 482,
                                            "Shared Dirtied Blocks": 0,
                                            "Shared Written Blocks": 0,
                                            "Local Hit Blocks": 0,
                                            "Local Read Blocks": 0,
                                            "Local Dirtied Blocks": 0,
                                            "Local Written Blocks": 0,
                                            "Temp Read Blocks": 0,
                                            "Temp Written Blocks": 0,
                                            "Workers": []
                                          }
                                        ]
                                      }
                                    ]
                                  },
                                  {
                                    "Node Type": "Index Scan",
                                    "Parent Relationship": "Inner",
                                    "Parallel Aware": false,
                                    "Async Capable": false,
                                    "Scan Direction": "Forward",
                                    "Index Name": "customer_address_pkey",
                                    "Relation Name": "customer_address",
                                    "Alias": "customer_address",
                                    "Startup Cost": 0.42,
                                    "Total Cost": 0.48,
                                    "Plan Rows": 1,
                                    "Plan Width": 18,
                                    "Actual Startup Time": 0.009,
                                    "Actual Total Time": 0.009,
                                    "Actual Rows": 0,
                                    "Actual Loops": 3143,
                                    "Index Cond": "(ca_address_sk = store_sales.ss_addr_sk)",
                                    "Rows Removed by Index Recheck": 0,
                                    "Filter": "(ca_state = ANY ('{IA,IL}'::bpchar[]))",
                                    "Rows Removed by Filter": 1,
                                    "Shared Hit Blocks": 9226,
                                    "Shared Read Blocks": 3068,
                                    "Shared Dirtied Blocks": 0,
                                    "Shared Written Blocks": 0,
                                    "Local Hit Blocks": 0,
                                    "Local Read Blocks": 0,
                                    "Local Dirtied Blocks": 0,
                                    "Local Written Blocks": 0,
                                    "Temp Read Blocks": 0,
                                    "Temp Written Blocks": 0,
                                    "Workers": []
                                  }
                                ]
                              },
                              {
                                "Node Type": "Index Scan",
                                "Parent Relationship": "Inner",
                                "Parallel Aware": false,
                                "Async Capable": false,
                                "Scan Direction": "Forward",
                                "Index Name": "date_dim_pkey",
                                "Relation Name": "date_dim",
                                "Alias": "date_dim",
                                "Startup Cost": 0.29,
                                "Total Cost": 0.33,
                                "Plan Rows": 1,
                                "Plan Width": 12,
                                "Actual Startup Time": 0.005,
                                "Actual Total Time": 0.005,
                                "Actual Rows": 1,
                                "Actual Loops": 188,
                                "Index Cond": "(d_date_sk = store_sales.ss_sold_date_sk)",
                                "Rows Removed by Index Recheck": 0,
                                "Shared Hit Blocks": 498,
                                "Shared Read Blocks": 62,
                                "Shared Dirtied Blocks": 0,
                                "Shared Written Blocks": 0,
                                "Local Hit Blocks": 0,
                                "Local Read Blocks": 0,
                                "Local Dirtied Blocks": 0,
                                "Local Written Blocks": 0,
                                "Temp Read Blocks": 0,
                                "Temp Written Blocks": 0,
                                "Workers": []
                              }
                            ]
                          }
                        ]
                      }
                    ]
                  }
                ]
              }
            ]
          },
          {
            "Node Type": "Aggregate",
            "Strategy": "Sorted",
            "Partial Mode": "Finalize",
            "Parent Relationship": "InitPlan",
            "Subplan Name": "CTE ws",
            "Parallel Aware": false,
            "Async Capable": false,
            "Startup Cost": 121029.69,
            "Total Cost": 121039.62,
            "Plan Rows": 76,
            "Plan Width": 54,
            "Actual Startup Time": 0.0,
            "Actual Total Time": 0.0,
            "Actual Rows": 0,
            "Actual Loops": 0,
            "Group Key": [
              "customer_address_1.ca_county",
              "date_dim_1.d_qoy",
              "date_dim_1.d_year"
            ],
            "Shared Hit Blocks": 0,
            "Shared Read Blocks": 0,
            "Shared Dirtied Blocks": 0,
            "Shared Written Blocks": 0,
            "Local Hit Blocks": 0,
            "Local Read Blocks": 0,
            "Local Dirtied Blocks": 0,
            "Local Written Blocks": 0,
            "Temp Read Blocks": 0,
            "Temp Written Blocks": 0,
            "Plans": [
              {
                "Node Type": "Gather Merge",
                "Parent Relationship": "Outer",
                "Parallel Aware": false,
                "Async Capable": false,
                "Startup Cost": 121029.69,
                "Total Cost": 121037.87,
                "Plan Rows": 64,
                "Plan Width": 54,
                "Actual Startup Time": 0.0,
                "Actual Total Time": 0.0,
                "Actual Rows": 0,
                "Actual Loops": 0,
                "Workers Planned": 2,
                "Workers Launched": 0,
                "Shared Hit Blocks": 0,
                "Shared Read Blocks": 0,
                "Shared Dirtied Blocks": 0,
                "Shared Written Blocks": 0,
                "Local Hit Blocks": 0,
                "Local Read Blocks": 0,
                "Local Dirtied Blocks": 0,
                "Local Written Blocks": 0,
                "Temp Read Blocks": 0,
                "Temp Written Blocks": 0,
                "Plans": [
                  {
                    "Node Type": "Aggregate",
                    "Strategy": "Sorted",
                    "Partial Mode": "Partial",
                    "Parent Relationship": "Outer",
                    "Parallel Aware": false,
                    "Async Capable": false,
                    "Startup Cost": 120029.66,
                    "Total Cost": 120030.46,
                    "Plan Rows": 32,
                    "Plan Width": 54,
                    "Actual Startup Time": 0.0,
                    "Actual Total Time": 0.0,
                    "Actual Rows": 0,
                    "Actual Loops": 0,
                    "Group Key": [
                      "customer_address_1.ca_county",
                      "date_dim_1.d_qoy",
                      "date_dim_1.d_year"
                    ],
                    "Shared Hit Blocks": 0,
                    "Shared Read Blocks": 0,
                    "Shared Dirtied Blocks": 0,
                    "Shared Written Blocks": 0,
                    "Local Hit Blocks": 0,
                    "Local Read Blocks": 0,
                    "Local Dirtied Blocks": 0,
                    "Local Written Blocks": 0,
                    "Temp Read Blocks": 0,
                    "Temp Written Blocks": 0,
                    "Plans": [
                      {
                        "Node Type": "Sort",
                        "Parent Relationship": "Outer",
                        "Parallel Aware": false,
                        "Async Capable": false,
                        "Startup Cost": 120029.66,
                        "Total Cost": 120029.74,
                        "Plan Rows": 32,
                        "Plan Width": 28,
                        "Actual Startup Time": 0.0,
                        "Actual Total Time": 0.0,
                        "Actual Rows": 0,
                        "Actual Loops": 0,
                        "Sort Key": [
                          "customer_address_1.ca_county",
                          "date_dim_1.d_qoy",
                          "date_dim_1.d_year"
                        ],
                        "Shared Hit Blocks": 0,
                        "Shared Read Blocks": 0,
                        "Shared Dirtied Blocks": 0,
                        "Shared Written Blocks": 0,
                        "Local Hit Blocks": 0,
                        "Local Read Blocks": 0,
                        "Local Dirtied Blocks": 0,
                        "Local Written Blocks": 0,
                        "Temp Read Blocks": 0,
                        "Temp Written Blocks": 0,
                        "Plans": [
                          {
                            "Node Type": "Nested Loop",
                            "Parent Relationship": "Outer",
                            "Parallel Aware": false,
                            "Async Capable": false,
                            "Join Type": "Inner",
                            "Startup Cost": 7.7,
                            "Total Cost": 120028.86,
                            "Plan Rows": 32,
                            "Plan Width": 28,
                            "Actual Startup Time": 0.0,
                            "Actual Total Time": 0.0,
                            "Actual Rows": 0,
                            "Actual Loops": 0,
                            "Inner Unique": true,
                            "Shared Hit Blocks": 0,
                            "Shared Read Blocks": 0,
                            "Shared Dirtied Blocks": 0,
                            "Shared Written Blocks": 0,
                            "Local Hit Blocks": 0,
                            "Local Read Blocks": 0,
                            "Local Dirtied Blocks": 0,
                            "Local Written Blocks": 0,
                            "Temp Read Blocks": 0,
                            "Temp Written Blocks": 0,
                            "Plans": [
                              {
                                "Node Type": "Nested Loop",
                                "Parent Relationship": "Outer",
                                "Parallel Aware": false,
                                "Async Capable": false,
                                "Join Type": "Inner",
                                "Startup Cost": 7.41,
                                "Total Cost": 120018.49,
                                "Plan Rows": 32,
                                "Plan Width": 24,
                                "Actual Startup Time": 0.0,
                                "Actual Total Time": 0.0,
                                "Actual Rows": 0,
                                "Actual Loops": 0,
                                "Inner Unique": true,
                                "Shared Hit Blocks": 0,
                                "Shared Read Blocks": 0,
                                "Shared Dirtied Blocks": 0,
                                "Shared Written Blocks": 0,
                                "Local Hit Blocks": 0,
                                "Local Read Blocks": 0,
                                "Local Dirtied Blocks": 0,
                                "Local Written Blocks": 0,
                                "Temp Read Blocks": 0,
                                "Temp Written Blocks": 0,
                                "Plans": [
                                  {
                                    "Node Type": "Nested Loop",
                                    "Parent Relationship": "Outer",
                                    "Parallel Aware": false,
                                    "Async Capable": false,
                                    "Join Type": "Inner",
                                    "Startup Cost": 6.99,
                                    "Total Cost": 119767.39,
                                    "Plan Rows": 509,
                                    "Plan Width": 14,
                                    "Actual Startup Time": 0.0,
                                    "Actual Total Time": 0.0,
                                    "Actual Rows": 0,
                                    "Actual Loops": 0,
                                    "Inner Unique": false,
                                    "Shared Hit Blocks": 0,
                                    "Shared Read Blocks": 0,
                                    "Shared Dirtied Blocks": 0,
                                    "Shared Written Blocks": 0,
                                    "Local Hit Blocks": 0,
                                    "Local Read Blocks": 0,
                                    "Local Dirtied Blocks": 0,
                                    "Local Written Blocks": 0,
                                    "Temp Read Blocks": 0,
                                    "Temp Written Blocks": 0,
                                    "Plans": [
                                      {
                                        "Node Type": "Index Scan",
                                        "Parent Relationship": "Outer",
                                        "Parallel Aware": true,
                                        "Async Capable": false,
                                        "Scan Direction": "Forward",
                                        "Index Name": "item_pkey",
                                        "Relation Name": "item",
                                        "Alias": "item_1",
                                        "Startup Cost": 0.29,
                                        "Total Cost": 9366.92,
                                        "Plan Rows": 113,
                                        "Plan Width": 4,
                                        "Actual Startup Time": 0.0,
                                        "Actual Total Time": 0.0,
                                        "Actual Rows": 0,
                                        "Actual Loops": 0,
                                        "Filter": "((i_color = ANY ('{navajo,orchid}'::bpchar[])) AND (i_manager_id >= 8) AND (i_manager_id <= 27))",
                                        "Rows Removed by Filter": 0,
                                        "Shared Hit Blocks": 0,
                                        "Shared Read Blocks": 0,
                                        "Shared Dirtied Blocks": 0,
                                        "Shared Written Blocks": 0,
                                        "Local Hit Blocks": 0,
                                        "Local Read Blocks": 0,
                                        "Local Dirtied Blocks": 0,
                                        "Local Written Blocks": 0,
                                        "Temp Read Blocks": 0,
                                        "Temp Written Blocks": 0
                                      },
                                      {
                                        "Node Type": "Bitmap Heap Scan",
                                        "Parent Relationship": "Inner",
                                        "Parallel Aware": false,
                                        "Async Capable": false,
                                        "Relation Name": "web_sales",
                                        "Alias": "web_sales",
                                        "Startup Cost": 6.7,
                                        "Total Cost": 976.81,
                                        "Plan Rows": 19,
                                        "Plan Width": 18,
                                        "Actual Startup Time": 0.0,
                                        "Actual Total Time": 0.0,
                                        "Actual Rows": 0,
                                        "Actual Loops": 0,
                                        "Recheck Cond": "(ws_item_sk = item_1.i_item_sk)",
                                        "Rows Removed by Index Recheck": 0,
                                        "Filter": "((ws_list_price >= '86'::numeric) AND (ws_list_price <= '100'::numeric))",
                                        "Rows Removed by Filter": 0,
                                        "Exact Heap Blocks": 0,
                                        "Lossy Heap Blocks": 0,
                                        "Shared Hit Blocks": 0,
                                        "Shared Read Blocks": 0,
                                        "Shared Dirtied Blocks": 0,
                                        "Shared Written Blocks": 0,
                                        "Local Hit Blocks": 0,
                                        "Local Read Blocks": 0,
                                        "Local Dirtied Blocks": 0,
                                        "Local Written Blocks": 0,
                                        "Temp Read Blocks": 0,
                                        "Temp Written Blocks": 0,
                                        "Plans": [
                                          {
                                            "Node Type": "Bitmap Index Scan",
                                            "Parent Relationship": "Outer",
                                            "Parallel Aware": false,
                                            "Async Capable": false,
                                            "Index Name": "web_sales_pkey",
                                            "Startup Cost": 0.0,
                                            "Total Cost": 6.69,
                                            "Plan Rows": 303,
                                            "Plan Width": 0,
                                            "Actual Startup Time": 0.0,
                                            "Actual Total Time": 0.0,
                                            "Actual Rows": 0,
                                            "Actual Loops": 0,
                                            "Index Cond": "(ws_item_sk = item_1.i_item_sk)",
                                            "Shared Hit Blocks": 0,
                                            "Shared Read Blocks": 0,
                                            "Shared Dirtied Blocks": 0,
                                            "Shared Written Blocks": 0,
                                            "Local Hit Blocks": 0,
                                            "Local Read Blocks": 0,
                                            "Local Dirtied Blocks": 0,
                                            "Local Written Blocks": 0,
                                            "Temp Read Blocks": 0,
                                            "Temp Written Blocks": 0
                                          }
                                        ]
                                      }
                                    ]
                                  },
                                  {
                                    "Node Type": "Index Scan",
                                    "Parent Relationship": "Inner",
                                    "Parallel Aware": false,
                                    "Async Capable": false,
                                    "Scan Direction": "Forward",
                                    "Index Name": "customer_address_pkey",
                                    "Relation Name": "customer_address",
                                    "Alias": "customer_address_1",
                                    "Startup Cost": 0.42,
                                    "Total Cost": 0.49,
                                    "Plan Rows": 1,
                                    "Plan Width": 18,
                                    "Actual Startup Time": 0.0,
                                    "Actual Total Time": 0.0,
                                    "Actual Rows": 0,
                                    "Actual Loops": 0,
                                    "Index Cond": "(ca_address_sk = web_sales.ws_bill_addr_sk)",
                                    "Rows Removed by Index Recheck": 0,
                                    "Filter": "(ca_state = ANY ('{IA,IL}'::bpchar[]))",
                                    "Rows Removed by Filter": 0,
                                    "Shared Hit Blocks": 0,
                                    "Shared Read Blocks": 0,
                                    "Shared Dirtied Blocks": 0,
                                    "Shared Written Blocks": 0,
                                    "Local Hit Blocks": 0,
                                    "Local Read Blocks": 0,
                                    "Local Dirtied Blocks": 0,
                                    "Local Written Blocks": 0,
                                    "Temp Read Blocks": 0,
                                    "Temp Written Blocks": 0
                                  }
                                ]
                              },
                              {
                                "Node Type": "Index Scan",
                                "Parent Relationship": "Inner",
                                "Parallel Aware": false,
                                "Async Capable": false,
                                "Scan Direction": "Forward",
                                "Index Name": "date_dim_pkey",
                                "Relation Name": "date_dim",
                                "Alias": "date_dim_1",
                                "Startup Cost": 0.29,
                                "Total Cost": 0.32,
                                "Plan Rows": 1,
                                "Plan Width": 12,
                                "Actual Startup Time": 0.0,
                                "Actual Total Time": 0.0,
                                "Actual Rows": 0,
                                "Actual Loops": 0,
                                "Index Cond": "(d_date_sk = web_sales.ws_sold_date_sk)",
                                "Rows Removed by Index Recheck": 0,
                                "Shared Hit Blocks": 0,
                                "Shared Read Blocks": 0,
                                "Shared Dirtied Blocks": 0,
                                "Shared Written Blocks": 0,
                                "Local Hit Blocks": 0,
                                "Local Read Blocks": 0,
                                "Local Dirtied Blocks": 0,
                                "Local Written Blocks": 0,
                                "Temp Read Blocks": 0,
                                "Temp Written Blocks": 0
                              }
                            ]
                          }
                        ]
                      }
                    ]
                  }
                ]
              }
            ]
          },
          {
            "Node Type": "Nested Loop",
            "Parent Relationship": "Outer",
            "Parallel Aware": false,
            "Async Capable": false,
            "Join Type": "Inner",
            "Startup Cost": 0.0,
            "Total Cost": 32.51,
            "Plan Rows": 1,
            "Plan Width": 554,
            "Actual Startup Time": 113.791,
            "Actual Total Time": 113.792,
            "Actual Rows": 0,
            "Actual Loops": 1,
            "Inner Unique": false,
            "Join Filter": "(((ss1.ca_county)::text = (ws2.ca_county)::text) AND (CASE WHEN (ws1.web_sales > '0'::numeric) THEN (ws2.web_sales / ws1.web_sales) ELSE NULL::numeric END > CASE WHEN (ss1.store_sales > '0'::numeric) THEN (ss2.store_sales / ss1.store_sales) ELSE NULL::numeric END))",
            "Rows Removed by Join Filter": 0,
            "Shared Hit Blocks": 4813,
            "Shared Read Blocks": 17146,
            "Shared Dirtied Blocks": 0,
            "Shared Written Blocks": 0,
            "Local Hit Blocks": 0,
            "Local Read Blocks": 0,
            "Local Dirtied Blocks": 0,
            "Local Written Blocks": 0,
            "Temp Read Blocks": 0,
            "Temp Written Blocks": 0,
            "Plans": [
              {
                "Node Type": "Nested Loop",
                "Parent Relationship": "Outer",
                "Parallel Aware": false,
                "Async Capable": false,
                "Join Type": "Inner",
                "Startup Cost": 0.0,
                "Total Cost": 30.59,
                "Plan Rows": 1,
                "Plan Width": 444,
                "Actual Startup Time": 113.79,
                "Actual Total Time": 113.792,
                "Actual Rows": 0,
                "Actual Loops": 1,
                "Inner Unique": false,
                "Join Filter": "((ss1.ca_county)::text = (ws1.ca_county)::text)",
                "Rows Removed by Join Filter": 0,
                "Shared Hit Blocks": 4813,
                "Shared Read Blocks": 17146,
                "Shared Dirtied Blocks": 0,
                "Shared Written Blocks": 0,
                "Local Hit Blocks": 0,
                "Local Read Blocks": 0,
                "Local Dirtied Blocks": 0,
                "Local Written Blocks": 0,
                "Temp Read Blocks": 0,
                "Temp Written Blocks": 0,
                "Plans": [
                  {
                    "Node Type": "Nested Loop",
                    "Parent Relationship": "Outer",
                    "Parallel Aware": false,
                    "Async Capable": false,
                    "Join Type": "Inner",
                    "Startup Cost": 0.0,
                    "Total Cost": 28.68,
                    "Plan Rows": 1,
                    "Plan Width": 334,
                    "Actual Startup Time": 113.79,
                    "Actual Total Time": 113.791,
                    "Actual Rows": 0,
                    "Actual Loops": 1,
                    "Inner Unique": false,
                    "Join Filter": "((ss1.ca_county)::text = (ss3.ca_county)::text)",
                    "Rows Removed by Join Filter": 0,
                    "Shared Hit Blocks": 4813,
                    "Shared Read Blocks": 17146,
                    "Shared Dirtied Blocks": 0,
                    "Shared Written Blocks": 0,
                    "Local Hit Blocks": 0,
                    "Local Read Blocks": 0,
                    "Local Dirtied Blocks": 0,
                    "Local Written Blocks": 0,
                    "Temp Read Blocks": 0,
                    "Temp Written Blocks": 0,
                    "Plans": [
                      {
                        "Node Type": "Nested Loop",
                        "Parent Relationship": "Outer",
                        "Parallel Aware": false,
                        "Async Capable": false,
                        "Join Type": "Inner",
                        "Startup Cost": 0.0,
                        "Total Cost": 19.11,
                        "Plan Rows": 1,
                        "Plan Width": 224,
                        "Actual Startup Time": 113.79,
                        "Actual Total Time": 113.79,
                        "Actual Rows": 0,
                        "Actual Loops": 1,
                        "Inner Unique": false,
                        "Join Filter": "((ss1.ca_county)::text = (ss2.ca_county)::text)",
                        "Rows Removed by Join Filter": 90,
                        "Shared Hit Blocks": 4813,
                        "Shared Read Blocks": 17146,
                        "Shared Dirtied Blocks": 0,
                        "Shared Written Blocks": 0,
                        "Local Hit Blocks": 0,
                        "Local Read Blocks": 0,
                        "Local Dirtied Blocks": 0,
                        "Local Written Blocks": 0,
                        "Temp Read Blocks": 0,
                        "Temp Written Blocks": 0,
                        "Plans": [
                          {
                            "Node Type": "CTE Scan",
                            "Parent Relationship": "Outer",
                            "Parallel Aware": false,
                            "Async Capable": false,
                            "CTE Name": "ss",
                            "Alias": "ss1",
                            "Startup Cost": 0.0,
                            "Total Cost": 9.55,
                            "Plan Rows": 1,
                            "Plan Width": 114,
                            "Actual Startup Time": 113.584,
                            "Actual Total Time": 113.59,
                            "Actual Rows": 10,
                            "Actual Loops": 1,
                            "Filter": "((d_qoy = 1) AND (d_year = 1998))",
                            "Rows Removed by Filter": 163,
                            "Shared Hit Blocks": 4813,
                            "Shared Read Blocks": 17146,
                            "Shared Dirtied Blocks": 0,
                            "Shared Written Blocks": 0,
                            "Local Hit Blocks": 0,
                            "Local Read Blocks": 0,
                            "Local Dirtied Blocks": 0,
                            "Local Written Blocks": 0,
                            "Temp Read Blocks": 0,
                            "Temp Written Blocks": 0
                          },
                          {
                            "Node Type": "CTE Scan",
                            "Parent Relationship": "Inner",
                            "Parallel Aware": false,
                            "Async Capable": false,
                            "CTE Name": "ss",
                            "Alias": "ss2",
                            "Startup Cost": 0.0,
                            "Total Cost": 9.55,
                            "Plan Rows": 1,
                            "Plan Width": 110,
                            "Actual Startup Time": 0.001,
                            "Actual Total Time": 0.019,
                            "Actual Rows": 9,
                            "Actual Loops": 10,
                            "Filter": "((d_year = 1998) AND (d_qoy = 2))",
                            "Rows Removed by Filter": 164,
                            "Shared Hit Blocks": 0,
                            "Shared Read Blocks": 0,
                            "Shared Dirtied Blocks": 0,
                            "Shared Written Blocks": 0,
                            "Local Hit Blocks": 0,
                            "Local Read Blocks": 0,
                            "Local Dirtied Blocks": 0,
                            "Local Written Blocks": 0,
                            "Temp Read Blocks": 0,
                            "Temp Written Blocks": 0
                          }
                        ]
                      },
                      {
                        "Node Type": "CTE Scan",
                        "Parent Relationship": "Inner",
                        "Parallel Aware": false,
                        "Async Capable": false,
                        "CTE Name": "ss",
                        "Alias": "ss3",
                        "Startup Cost": 0.0,
                        "Total Cost": 9.55,
                        "Plan Rows": 1,
                        "Plan Width": 110,
                        "Actual Startup Time": 0.0,
                        "Actual Total Time": 0.0,
                        "Actual Rows": 0,
                        "Actual Loops": 0,
                        "Filter": "((d_year = 1998) AND (d_qoy = 3))",
                        "Rows Removed by Filter": 0,
                        "Shared Hit Blocks": 0,
                        "Shared Read Blocks": 0,
                        "Shared Dirtied Blocks": 0,
                        "Shared Written Blocks": 0,
                        "Local Hit Blocks": 0,
                        "Local Read Blocks": 0,
                        "Local Dirtied Blocks": 0,
                        "Local Written Blocks": 0,
                        "Temp Read Blocks": 0,
                        "Temp Written Blocks": 0
                      }
                    ]
                  },
                  {
                    "Node Type": "CTE Scan",
                    "Parent Relationship": "Inner",
                    "Parallel Aware": false,
                    "Async Capable": false,
                    "CTE Name": "ws",
                    "Alias": "ws1",
                    "Startup Cost": 0.0,
                    "Total Cost": 1.9,
                    "Plan Rows": 1,
                    "Plan Width": 110,
                    "Actual Startup Time": 0.0,
                    "Actual Total Time": 0.0,
                    "Actual Rows": 0,
                    "Actual Loops": 0,
                    "Filter": "((d_qoy = 1) AND (d_year = 1998))",
                    "Rows Removed by Filter": 0,
                    "Shared Hit Blocks": 0,
                    "Shared Read Blocks": 0,
                    "Shared Dirtied Blocks": 0,
                    "Shared Written Blocks": 0,
                    "Local Hit Blocks": 0,
                    "Local Read Blocks": 0,
                    "Local Dirtied Blocks": 0,
                    "Local Written Blocks": 0,
                    "Temp Read Blocks": 0,
                    "Temp Written Blocks": 0
                  }
                ]
              },
              {
                "Node Type": "CTE Scan",
                "Parent Relationship": "Inner",
                "Parallel Aware": false,
                "Async Capable": false,
                "CTE Name": "ws",
                "Alias": "ws2",
                "Startup Cost": 0.0,
                "Total Cost": 1.9,
                "Plan Rows": 1,
                "Plan Width": 110,
                "Actual Startup Time": 0.0,
                "Actual Total Time": 0.0,
                "Actual Rows": 0,
                "Actual Loops": 0,
                "Filter": "((d_year = 1998) AND (d_qoy = 2))",
                "Rows Removed by Filter": 0,
                "Shared Hit Blocks": 0,
                "Shared Read Blocks": 0,
                "Shared Dirtied Blocks": 0,
                "Shared Written Blocks": 0,
                "Local Hit Blocks": 0,
                "Local Read Blocks": 0,
                "Local Dirtied Blocks": 0,
                "Local Written Blocks": 0,
                "Temp Read Blocks": 0,
                "Temp Written Blocks": 0
              }
            ]
          },
          {
            "Node Type": "CTE Scan",
            "Parent Relationship": "Inner",
            "Parallel Aware": false,
            "Async Capable": false,
            "CTE Name": "ws",
            "Alias": "ws3",
            "Startup Cost": 0.0,
            "Total Cost": 1.9,
            "Plan Rows": 1,
            "Plan Width": 110,
            "Actual Startup Time": 0.0,
            "Actual Total Time": 0.0,
            "Actual Rows": 0,
            "Actual Loops": 0,
            "Filter": "((d_year = 1998) AND (d_qoy = 3))",
            "Rows Removed by Filter": 0,
            "Shared Hit Blocks": 0,
            "Shared Read Blocks": 0,
            "Shared Dirtied Blocks": 0,
            "Shared Written Blocks": 0,
            "Local Hit Blocks": 0,
            "Local Read Blocks": 0,
            "Local Dirtied Blocks": 0,
            "Local Written Blocks": 0,
            "Temp Read Blocks": 0,
            "Temp Written Blocks": 0
          }
        ]
      },
      "Planning": {
        "Shared Hit Blocks": 56,
        "Shared Read Blocks": 31,
        "Shared Dirtied Blocks": 0,
        "Shared Written Blocks": 0,
        "Local Hit Blocks": 0,
        "Local Read Blocks": 0,
        "Local Dirtied Blocks": 0,
        "Local Written Blocks": 0,
        "Temp Read Blocks": 0,
        "Temp Written Blocks": 0
      },
      "Planning Time": 1.788,
      "Triggers": [],
      "Execution Time": 115.674
    }
  ],
  "execution_time_ms": 115.674
}
