{
  "query_id": "query001_multi_i1",
  "plan_json": [
    {
      "Plan": {
        "Node Type": "Limit",
        "Parallel Aware": false,
        "Async Capable": false,
        "Startup Cost": 56646.5,
        "Total Cost": 56646.5,
        "Plan Rows": 1,
        "Plan Width": 17,
        "Actual Startup Time": 9674.266,
        "Actual Total Time": 9674.347,
        "Actual Rows": 0,
        "Actual Loops": 1,
        "Shared Hit Blocks": 820540,
        "Shared Read Blocks": 83382,
        "Shared Dirtied Blocks": 0,
        "Shared Written Blocks": 0,
        "Local Hit Blocks": 0,
        "Local Read Blocks": 0,
        "Local Dirtied Blocks": 0,
        "Local Written Blocks": 0,
        "Temp Read Blocks": 627211,
        "Temp Written Blocks": 583,
        "Plans": [
          {
            "Node Type": "Aggregate",
            "Strategy": "Sorted",
            "Partial Mode": "Finalize",
            "Parent Relationship": "InitPlan",
            "Subplan Name": "CTE customer_total_return",
            "Parallel Aware": false,
            "Async Capable": false,
            "Startup Cost": 55929.25,
            "Total Cost": 55951.62,
            "Plan Rows": 172,
            "Plan Width": 44,
            "Actual Startup Time": 984.124,
            "Actual Total Time": 1044.323,
            "Actual Rows": 95599,
            "Actual Loops": 1,
            "Group Key": [
              "store_returns.sr_customer_sk",
              "store_returns.sr_store_sk",
              "store_returns.sr_reason_sk"
            ],
            "Shared Hit Blocks": 817646,
            "Shared Read Blocks": 83311,
            "Shared Dirtied Blocks": 0,
            "Shared Written Blocks": 0,
            "Local Hit Blocks": 0,
            "Local Read Blocks": 0,
            "Local Dirtied Blocks": 0,
            "Local Written Blocks": 0,
            "Temp Read Blocks": 243,
            "Temp Written Blocks": 244,
            "Plans": [
              {
                "Node Type": "Gather Merge",
                "Parent Relationship": "Outer",
                "Parallel Aware": false,
                "Async Capable": false,
                "Startup Cost": 55929.25,
                "Total Cost": 55947.67,
                "Plan Rows": 144,
                "Plan Width": 44,
                "Actual Startup Time": 984.114,
                "Actual Total Time": 1005.126,
                "Actual Rows": 95661,
                "Actual Loops": 1,
                "Workers Planned": 2,
                "Workers Launched": 2,
                "Shared Hit Blocks": 817646,
                "Shared Read Blocks": 83311,
                "Shared Dirtied Blocks": 0,
                "Shared Written Blocks": 0,
                "Local Hit Blocks": 0,
                "Local Read Blocks": 0,
                "Local Dirtied Blocks": 0,
                "Local Written Blocks": 0,
                "Temp Read Blocks": 243,
                "Temp Written Blocks": 244,
                "Plans": [
                  {
                    "Node Type": "Aggregate",
                    "Strategy": "Sorted",
                    "Partial Mode": "Partial",
                    "Parent Relationship": "Outer",
                    "Parallel Aware": false,
                    "Async Capable": false,
                    "Startup Cost": 54929.22,
                    "Total Cost": 54931.02,
                    "Plan Rows": 72,
                    "Plan Width": 44,
                    "Actual Startup Time": 701.259,
                    "Actual Total Time": 718.525,
                    "Actual Rows": 31887,
                    "Actual Loops": 3,
                    "Group Key": [
                      "store_returns.sr_customer_sk",
                      "store_returns.sr_store_sk",
                      "store_returns.sr_reason_sk"
                    ],
                    "Shared Hit Blocks": 817646,
                    "Shared Read Blocks": 83311,
                    "Shared Dirtied Blocks": 0,
                    "Shared Written Blocks": 0,
                    "Local Hit Blocks": 0,
                    "Local Read Blocks": 0,
                    "Local Dirtied Blocks": 0,
                    "Local Written Blocks": 0,
                    "Temp Read Blocks": 243,
                    "Temp Written Blocks": 244,
                    "Workers": [],
                    "Plans": [
                      {
                        "Node Type": "Sort",
                        "Parent Relationship": "Outer",
                        "Parallel Aware": false,
                        "Async Capable": false,
                        "Startup Cost": 54929.22,
                        "Total Cost": 54929.4,
                        "Plan Rows": 72,
                        "Plan Width": 18,
                        "Actual Startup Time": 701.229,
                        "Actual Total Time": 704.101,
                        "Actual Rows": 31974,
                        "Actual Loops": 3,
                        "Sort Key": [
                          "store_returns.sr_customer_sk",
                          "store_returns.sr_store_sk",
                          "store_returns.sr_reason_sk"
                        ],
                        "Sort Method": "quicksort",
                        "Sort Space Used": 1510,
                        "Sort Space Type": "Memory",
                        "Shared Hit Blocks": 817646,
                        "Shared Read Blocks": 83311,
                        "Shared Dirtied Blocks": 0,
                        "Shared Written Blocks": 0,
                        "Local Hit Blocks": 0,
                        "Local Read Blocks": 0,
                        "Local Dirtied Blocks": 0,
                        "Local Written Blocks": 0,
                        "Temp Read Blocks": 243,
                        "Temp Written Blocks": 244,
                        "Workers": [
                          {
                            "Worker Number": 0,
                            "Sort Method": "quicksort",
                            "Sort Space Used": 1405,
                            "Sort Space Type": "Memory"
                          },
                          {
                            "Worker Number": 1,
                            "Sort Method": "external merge",
                            "Sort Space Used": 1944,
                            "Sort Space Type": "Disk"
                          }
                        ],
                        "Plans": [
                          {
                            "Node Type": "Nested Loop",
                            "Parent Relationship": "Outer",
                            "Parallel Aware": false,
                            "Async Capable": false,
                            "Join Type": "Inner",
                            "Startup Cost": 0.72,
                            "Total Cost": 54927.0,
                            "Plan Rows": 72,
                            "Plan Width": 18,
                            "Actual Startup Time": 11.664,
                            "Actual Total Time": 690.069,
                            "Actual Rows": 31974,
                            "Actual Loops": 3,
                            "Inner Unique": false,
                            "Shared Hit Blocks": 817632,
                            "Shared Read Blocks": 83311,
                            "Shared Dirtied Blocks": 0,
                            "Shared Written Blocks": 0,
                            "Local Hit Blocks": 0,
                            "Local Read Blocks": 0,
                            "Local Dirtied Blocks": 0,
                            "Local Written Blocks": 0,
                            "Temp Read Blocks": 0,
                            "Temp Written Blocks": 0,
                            "Workers": [],
                            "Plans": [
                              {
                                "Node Type": "Index Only Scan",
                                "Parent Relationship": "Outer",
                                "Parallel Aware": true,
                                "Async Capable": false,
                                "Scan Direction": "Forward",
                                "Index Name": "_dta_index_date_dim_6_661577395__k1_k7_k9",
                                "Relation Name": "date_dim",
                                "Alias": "date_dim",
                                "Startup Cost": 0.29,
                                "Total Cost": 1677.67,
                                "Plan Rows": 151,
                                "Plan Width": 4,
                                "Actual Startup Time": 6.578,
                                "Actual Total Time": 8.094,
                                "Actual Rows": 122,
                                "Actual Loops": 3,
                                "Index Cond": "(d_year = 2002)",
                                "Rows Removed by Index Recheck": 0,
                                "Heap Fetches": 0,
                                "Shared Hit Blocks": 2,
                                "Shared Read Blocks": 282,
                                "Shared Dirtied Blocks": 0,
                                "Shared Written Blocks": 0,
                                "Local Hit Blocks": 0,
                                "Local Read Blocks": 0,
                                "Local Dirtied Blocks": 0,
                                "Local Written Blocks": 0,
                                "Temp Read Blocks": 0,
                                "Temp Written Blocks": 0,
                                "Workers": []
                              },
                              {
                                "Node Type": "Index Scan",
                                "Parent Relationship": "Inner",
                                "Parallel Aware": false,
                                "Async Capable": false,
                                "Scan Direction": "Forward",
                                "Index Name": "_dta_index_store_returns_6_1013578649__k1_3_4_10",
                                "Relation Name": "store_returns",
                                "Alias": "store_returns",
                                "Startup Cost": 0.43,
                                "Total Cost": 352.48,
                                "Plan Rows": 16,
                                "Plan Width": 22,
                                "Actual Startup Time": 0.064,
                                "Actual Total Time": 5.574,
                                "Actual Rows": 263,
                                "Actual Loops": 365,
                                "Index Cond": "(sr_returned_date_sk = date_dim.d_date_sk)",
                                "Rows Removed by Index Recheck": 0,
                                "Filter": "(((sr_return_amt / (sr_return_quantity)::numeric) >= '108'::numeric) AND ((sr_return_amt / (sr_return_quantity)::numeric) <= '167'::numeric))",
                                "Rows Removed by Filter": 2612,
                                "Shared Hit Blocks": 817630,
                                "Shared Read Blocks": 83029,
                                "Shared Dirtied Blocks": 0,
                                "Shared Written Blocks": 0,
                                "Local Hit Blocks": 0,
                                "Local Read Blocks": 0,
                                "Local Dirtied Blocks": 0,
                                "Local Written Blocks": 0,
                                "Temp Read Blocks": 0,
                                "Temp Written Blocks": 0,
                                "Workers": []
                              }
                            ]
                          }
                        ]
                      }
                    ]
                  }
                ]
              }
            ]
          },
          {
            "Node Type": "Sort",
            "Parent Relationship": "Outer",
            "Parallel Aware": false,
            "Async Capable": false,
            "Startup Cost": 694.88,
            "Total Cost": 694.89,
            "Plan Rows": 1,
            "Plan Width": 17,
            "Actual Startup Time": 9674.265,
            "Actual Total Time": 9674.268,
            "Actual Rows": 0,
            "Actual Loops": 1,
            "Sort Key": [
              "customer.c_customer_id"
            ],
            "Sort Method": "quicksort",
            "Sort Space Used": 25,
            "Sort Space Type": "Memory",
            "Shared Hit Blocks": 131195,
            "Shared Read Blocks": 8381,
            "Shared Dirtied Blocks": 0,
            "Shared Written Blocks": 0,
            "Local Hit Blocks": 0,
            "Local Read Blocks": 0,
            "Local Dirtied Blocks": 0,
            "Local Written Blocks": 0,
            "Temp Read Blocks": 626968,
            "Temp Written Blocks": 339,
            "Plans": [
              {
                "Node Type": "Nested Loop",
                "Parent Relationship": "Outer",
                "Parallel Aware": false,
                "Async Capable": false,
                "Join Type": "Inner",
                "Startup Cost": 0.85,
                "Total Cost": 694.87,
                "Plan Rows": 1,
                "Plan Width": 17,
                "Actual Startup Time": 9674.203,
                "Actual Total Time": 9674.206,
                "Actual Rows": 0,
                "Actual Loops": 1,
                "Inner Unique": true,
                "Shared Hit Blocks": 131192,
                "Shared Read Blocks": 8381,
                "Shared Dirtied Blocks": 0,
                "Shared Written Blocks": 0,
                "Local Hit Blocks": 0,
                "Local Read Blocks": 0,
                "Local Dirtied Blocks": 0,
                "Local Written Blocks": 0,
                "Temp Read Blocks": 626968,
                "Temp Written Blocks": 339,
                "Plans": [
                  {
                    "Node Type": "Nested Loop",
                    "Parent Relationship": "Outer",
                    "Parallel Aware": false,
                    "Async Capable": false,
                    "Join Type": "Inner",
                    "Startup Cost": 0.42,
                    "Total Cost": 688.35,
                    "Plan Rows": 1,
                    "Plan Width": 21,
                    "Actual Startup Time": 9674.195,
                    "Actual Total Time": 9674.197,
                    "Actual Rows": 0,
                    "Actual Loops": 1,
                    "Inner Unique": true,
                    "Shared Hit Blocks": 131192,
                    "Shared Read Blocks": 8381,
                    "Shared Dirtied Blocks": 0,
                    "Shared Written Blocks": 0,
                    "Local Hit Blocks": 0,
                    "Local Read Blocks": 0,
                    "Local Dirtied Blocks": 0,
                    "Local Written Blocks": 0,
                    "Temp Read Blocks": 626968,
                    "Temp Written Blocks": 339,
                    "Plans": [
                      {
                        "Node Type": "Nested Loop",
                        "Parent Relationship": "Outer",
                        "Parallel Aware": false,
                        "Async Capable": false,
                        "Join Type": "Inner",
                        "Startup Cost": 0.0,
                        "Total Cost": 679.89,
                        "Plan Rows": 1,
                        "Plan Width": 4,
                        "Actual Startup Time": 1478.601,
                        "Actual Total Time": 9670.685,
                        "Actual Rows": 30,
                        "Actual Loops": 1,
                        "Inner Unique": true,
                        "Join Filter": "(ctr1.ctr_store_sk = store.s_store_sk)",
                        "Rows Removed by Join Filter": 5089,
                        "Shared Hit Blocks": 131138,
                        "Shared Read Blocks": 8315,
                        "Shared Dirtied Blocks": 0,
                        "Shared Written Blocks": 0,
                        "Local Hit Blocks": 0,
                        "Local Read Blocks": 0,
                        "Local Dirtied Blocks": 0,
                        "Local Written Blocks": 0,
                        "Temp Read Blocks": 626968,
                        "Temp Written Blocks": 339,
                        "Plans": [
                          {
                            "Node Type": "CTE Scan",
                            "Parent Relationship": "Outer",
                            "Parallel Aware": false,
                            "Async Capable": false,
                            "CTE Name": "customer_total_return",
                            "Alias": "ctr1",
                            "Startup Cost": 0.0,
                            "Total Cost": 673.38,
                            "Plan Rows": 1,
                            "Plan Width": 8,
                            "Actual Startup Time": 1063.148,
                            "Actual Total Time": 9649.643,
                            "Actual Rows": 582,
                            "Actual Loops": 1,
                            "Filter": "((ctr_reason_sk >= 43) AND (ctr_reason_sk <= 46) AND (ctr_total_return > (SubPlan 2)))",
                            "Rows Removed by Filter": 95017,
                            "Shared Hit Blocks": 128301,
                            "Shared Read Blocks": 8310,
                            "Shared Dirtied Blocks": 0,
                            "Shared Written Blocks": 0,
                            "Local Hit Blocks": 0,
                            "Local Read Blocks": 0,
                            "Local Dirtied Blocks": 0,
                            "Local Written Blocks": 0,
                            "Temp Read Blocks": 626968,
                            "Temp Written Blocks": 339,
                            "Plans": [
                              {
                                "Node Type": "Aggregate",
                                "Strategy": "Plain",
                                "Partial Mode": "Simple",
                                "Parent Relationship": "SubPlan",
                                "Subplan Name": "SubPlan 2",
                                "Parallel Aware": false,
                                "Async Capable": false,
                                "Startup Cost": 3.87,
                                "Total Cost": 3.89,
                                "Plan Rows": 1,
                                "Plan Width": 32,
                                "Actual Startup Time": 4.689,
                                "Actual Total Time": 4.689,
                                "Actual Rows": 1,
                                "Actual Loops": 1845,
                                "Shared Hit Blocks": 0,
                                "Shared Read Blocks": 0,
                                "Shared Dirtied Blocks": 0,
                                "Shared Written Blocks": 0,
                                "Local Hit Blocks": 0,
                                "Local Read Blocks": 0,
                                "Local Dirtied Blocks": 0,
                                "Local Written Blocks": 0,
                                "Temp Read Blocks": 625116,
                                "Temp Written Blocks": 338,
                                "Plans": [
                                  {
                                    "Node Type": "CTE Scan",
                                    "Parent Relationship": "Outer",
                                    "Parallel Aware": false,
                                    "Async Capable": false,
                                    "CTE Name": "customer_total_return",
                                    "Alias": "ctr2",
                                    "Startup Cost": 0.0,
                                    "Total Cost": 3.87,
                                    "Plan Rows": 1,
                                    "Plan Width": 32,
                                    "Actual Startup Time": 0.022,
                                    "Actual Total Time": 4.493,
                                    "Actual Rows": 2450,
                                    "Actual Loops": 1845,
                                    "Filter": "(ctr1.ctr_store_sk = ctr_store_sk)",
                                    "Rows Removed by Filter": 93149,
                                    "Shared Hit Blocks": 0,
                                    "Shared Read Blocks": 0,
                                    "Shared Dirtied Blocks": 0,
                                    "Shared Written Blocks": 0,
                                    "Local Hit Blocks": 0,
                                    "Local Read Blocks": 0,
                                    "Local Dirtied Blocks": 0,
                                    "Local Written Blocks": 0,
                                    "Temp Read Blocks": 625116,
                                    "Temp Written Blocks": 338
                                  }
                                ]
                              }
                            ]
                          },
                          {
                            "Node Type": "Seq Scan",
                            "Parent Relationship": "Inner",
                            "Parallel Aware": false,
                            "Async Capable": false,
                            "Relation Name": "store",
                            "Alias": "store",
                            "Startup Cost": 0.0,
                            "Total Cost": 6.4,
                            "Plan Rows": 9,
                            "Plan Width": 4,
                            "Actual Startup Time": 0.009,
                            "Actual Total Time": 0.03,
                            "Actual Rows": 9,
                            "Actual Loops": 582,
                            "Filter": "(s_state = ANY ('{IL,KY,TX}'::bpchar[]))",
                            "Rows Removed by Filter": 91,
                            "Shared Hit Blocks": 2837,
                            "Shared Read Blocks": 5,
                            "Shared Dirtied Blocks": 0,
                            "Shared Written Blocks": 0,
                            "Local Hit Blocks": 0,
                            "Local Read Blocks": 0,
                            "Local Dirtied Blocks": 0,
                            "Local Written Blocks": 0,
                            "Temp Read Blocks": 0,
                            "Temp Written Blocks": 0
                          }
                        ]
                      },
                      {
                        "Node Type": "Index Scan",
                        "Parent Relationship": "Inner",
                        "Parallel Aware": false,
                        "Async Capable": false,
                        "Scan Direction": "Forward",
                        "Index Name": "_dta_index_customer_6_949578421__k1_k5",
                        "Relation Name": "customer",
                        "Alias": "customer",
                        "Startup Cost": 0.42,
                        "Total Cost": 8.45,
                        "Plan Rows": 1,
                        "Plan Width": 25,
                        "Actual Startup Time": 0.114,
                        "Actual Total Time": 0.114,
                        "Actual Rows": 0,
                        "Actual Loops": 30,
                        "Index Cond": "(c_customer_sk = ctr1.ctr_customer_sk)",
                        "Rows Removed by Index Recheck": 0,
                        "Filter": "((c_birth_year >= 1965) AND (c_birth_year <= 1971) AND (c_birth_month = 2))",
                        "Rows Removed by Filter": 1,
                        "Shared Hit Blocks": 54,
                        "Shared Read Blocks": 66,
                        "Shared Dirtied Blocks": 0,
                        "Shared Written Blocks": 0,
                        "Local Hit Blocks": 0,
                        "Local Read Blocks": 0,
                        "Local Dirtied Blocks": 0,
                        "Local Written Blocks": 0,
                        "Temp Read Blocks": 0,
                        "Temp Written Blocks": 0
                      }
                    ]
                  },
                  {
                    "Node Type": "Index Scan",
                    "Parent Relationship": "Inner",
                    "Parallel Aware": false,
                    "Async Capable": false,
                    "Scan Direction": "Forward",
                    "Index Name": "customer_demographics_pkey",
                    "Relation Name": "customer_demographics",
                    "Alias": "customer_demographics",
                    "Startup Cost": 0.43,
                    "Total Cost": 6.53,
                    "Plan Rows": 1,
                    "Plan Width": 4,
                    "Actual Startup Time": 0.0,
                    "Actual Total Time": 0.0,
                    "Actual Rows": 0,
                    "Actual Loops": 0,
                    "Index Cond": "(cd_demo_sk = customer.c_current_cdemo_sk)",
                    "Rows Removed by Index Recheck": 0,
                    "Filter": "((cd_marital_status = ANY ('{M,M}'::bpchar[])) AND (cd_education_status = ANY ('{\"Advanced Degree\",College}'::bpchar[])) AND (cd_gender = 'F'::bpchar))",
                    "Rows Removed by Filter": 0,
                    "Shared Hit Blocks": 0,
                    "Shared Read Blocks": 0,
                    "Shared Dirtied Blocks": 0,
                    "Shared Written Blocks": 0,
                    "Local Hit Blocks": 0,
                    "Local Read Blocks": 0,
                    "Local Dirtied Blocks": 0,
                    "Local Written Blocks": 0,
                    "Temp Read Blocks": 0,
                    "Temp Written Blocks": 0
                  }
                ]
              }
            ]
          }
        ]
      },
      "Planning": {
        "Shared Hit Blocks": 578,
        "Shared Read Blocks": 0,
        "Shared Dirtied Blocks": 0,
        "Shared Written Blocks": 0,
        "Local Hit Blocks": 0,
        "Local Read Blocks": 0,
        "Local Dirtied Blocks": 0,
        "Local Written Blocks": 0,
        "Temp Read Blocks": 0,
        "Temp Written Blocks": 0
      },
      "Planning Time": 1.576,
      "Triggers": [],
      "Execution Time": 9675.151
    }
  ],
  "execution_time_ms": 9675.151
}
