{
  "query_id": "query023_multi_i1",
  "plan_json": [
    {
      "Plan": {
        "Node Type": "Limit",
        "Parallel Aware": false,
        "Async Capable": false,
        "Startup Cost": 670417.23,
        "Total Cost": 670417.24,
        "Plan Rows": 1,
        "Plan Width": 32,
        "Actual Startup Time": 4369.378,
        "Actual Total Time": 4369.704,
        "Actual Rows": 1,
        "Actual Loops": 1,
        "Shared Hit Blocks": 1114342,
        "Shared Read Blocks": 163919,
        "Shared Dirtied Blocks": 0,
        "Shared Written Blocks": 0,
        "Local Hit Blocks": 0,
        "Local Read Blocks": 0,
        "Local Dirtied Blocks": 0,
        "Local Written Blocks": 0,
        "Temp Read Blocks": 1668,
        "Temp Written Blocks": 1675,
        "Plans": [
          {
            "Node Type": "Aggregate",
            "Strategy": "Sorted",
            "Partial Mode": "Finalize",
            "Parent Relationship": "InitPlan",
            "Subplan Name": "CTE frequent_ss_items",
            "Parallel Aware": false,
            "Async Capable": false,
            "Startup Cost": 131418.49,
            "Total Cost": 132273.75,
            "Plan Rows": 2848,
            "Plan Width": 48,
            "Actual Startup Time": 668.62,
            "Actual Total Time": 717.501,
            "Actual Rows": 3,
            "Actual Loops": 1,
            "Group Key": [
              "(\"substring\"((item.i_item_desc)::text, 1, 30))",
              "item.i_item_sk",
              "date_dim_2.d_date"
            ],
            "Filter": "(count(*) > 4)",
            "Rows Removed by Filter": 139927,
            "Shared Hit Blocks": 2926,
            "Shared Read Blocks": 25908,
            "Shared Dirtied Blocks": 0,
            "Shared Written Blocks": 0,
            "Local Hit Blocks": 0,
            "Local Read Blocks": 0,
            "Local Dirtied Blocks": 0,
            "Local Written Blocks": 0,
            "Temp Read Blocks": 892,
            "Temp Written Blocks": 895,
            "Plans": [
              {
                "Node Type": "Gather Merge",
                "Parent Relationship": "Outer",
                "Parallel Aware": false,
                "Async Capable": false,
                "Startup Cost": 131418.49,
                "Total Cost": 132109.57,
                "Plan Rows": 5026,
                "Plan Width": 48,
                "Actual Startup Time": 655.598,
                "Actual Total Time": 694.986,
                "Actual Rows": 139930,
                "Actual Loops": 1,
                "Workers Planned": 1,
                "Workers Launched": 1,
                "Shared Hit Blocks": 2926,
                "Shared Read Blocks": 25908,
                "Shared Dirtied Blocks": 0,
                "Shared Written Blocks": 0,
                "Local Hit Blocks": 0,
                "Local Read Blocks": 0,
                "Local Dirtied Blocks": 0,
                "Local Written Blocks": 0,
                "Temp Read Blocks": 892,
                "Temp Written Blocks": 895,
                "Plans": [
                  {
                    "Node Type": "Aggregate",
                    "Strategy": "Sorted",
                    "Partial Mode": "Partial",
                    "Parent Relationship": "Outer",
                    "Parallel Aware": false,
                    "Async Capable": false,
                    "Startup Cost": 130418.48,
                    "Total Cost": 130544.13,
                    "Plan Rows": 5026,
                    "Plan Width": 48,
                    "Actual Startup Time": 600.808,
                    "Actual Total Time": 627.736,
                    "Actual Rows": 69965,
                    "Actual Loops": 2,
                    "Group Key": [
                      "(\"substring\"((item.i_item_desc)::text, 1, 30))",
                      "item.i_item_sk",
                      "date_dim_2.d_date"
                    ],
                    "Shared Hit Blocks": 2926,
                    "Shared Read Blocks": 25908,
                    "Shared Dirtied Blocks": 0,
                    "Shared Written Blocks": 0,
                    "Local Hit Blocks": 0,
                    "Local Read Blocks": 0,
                    "Local Dirtied Blocks": 0,
                    "Local Written Blocks": 0,
                    "Temp Read Blocks": 892,
                    "Temp Written Blocks": 895,
                    "Workers": [],
                    "Plans": [
                      {
                        "Node Type": "Sort",
                        "Parent Relationship": "Outer",
                        "Parallel Aware": false,
                        "Async Capable": false,
                        "Startup Cost": 130418.48,
                        "Total Cost": 130431.05,
                        "Plan Rows": 5026,
                        "Plan Width": 40,
                        "Actual Startup Time": 600.799,
                        "Actual Total Time": 611.89,
                        "Actual Rows": 75786,
                        "Actual Loops": 2,
                        "Sort Key": [
                          "(\"substring\"((item.i_item_desc)::text, 1, 30))",
                          "item.i_item_sk",
                          "date_dim_2.d_date"
                        ],
                        "Sort Method": "external merge",
                        "Sort Space Used": 3192,
                        "Sort Space Type": "Disk",
                        "Shared Hit Blocks": 2926,
                        "Shared Read Blocks": 25908,
                        "Shared Dirtied Blocks": 0,
                        "Shared Written Blocks": 0,
                        "Local Hit Blocks": 0,
                        "Local Read Blocks": 0,
                        "Local Dirtied Blocks": 0,
                        "Local Written Blocks": 0,
                        "Temp Read Blocks": 892,
                        "Temp Written Blocks": 895,
                        "Workers": [
                          {
                            "Worker Number": 0,
                            "Sort Method": "external merge",
                            "Sort Space Used": 3944,
                            "Sort Space Type": "Disk"
                          }
                        ],
                        "Plans": [
                          {
                            "Node Type": "Hash Join",
                            "Parent Relationship": "Outer",
                            "Parallel Aware": true,
                            "Async Capable": false,
                            "Join Type": "Inner",
                            "Startup Cost": 7800.8,
                            "Total Cost": 130109.5,
                            "Plan Rows": 5026,
                            "Plan Width": 40,
                            "Actual Startup Time": 29.999,
                            "Actual Total Time": 538.191,
                            "Actual Rows": 75786,
                            "Actual Loops": 2,
                            "Inner Unique": true,
                            "Hash Cond": "(store_sales.ss_item_sk = item.i_item_sk)",
                            "Shared Hit Blocks": 2908,
                            "Shared Read Blocks": 25903,
                            "Shared Dirtied Blocks": 0,
                            "Shared Written Blocks": 0,
                            "Local Hit Blocks": 0,
                            "Local Read Blocks": 0,
                            "Local Dirtied Blocks": 0,
                            "Local Written Blocks": 0,
                            "Temp Read Blocks": 0,
                            "Temp Written Blocks": 0,
                            "Workers": [],
                            "Plans": [
                              {
                                "Node Type": "Nested Loop",
                                "Parent Relationship": "Outer",
                                "Parallel Aware": false,
                                "Async Capable": false,
                                "Join Type": "Inner",
                                "Startup Cost": 0.56,
                                "Total Cost": 122086.58,
                                "Plan Rows": 80042,
                                "Plan Width": 8,
                                "Actual Startup Time": 16.23,
                                "Actual Total Time": 353.131,
                                "Actual Rows": 2260378,
                                "Actual Loops": 2,
                                "Inner Unique": false,
                                "Shared Hit Blocks": 2900,
                                "Shared Read Blocks": 18930,
                                "Shared Dirtied Blocks": 0,
                                "Shared Written Blocks": 0,
                                "Local Hit Blocks": 0,
                                "Local Read Blocks": 0,
                                "Local Dirtied Blocks": 0,
                                "Local Written Blocks": 0,
                                "Temp Read Blocks": 0,
                                "Temp Written Blocks": 0,
                                "Workers": [],
                                "Plans": [
                                  {
                                    "Node Type": "Seq Scan",
                                    "Parent Relationship": "Outer",
                                    "Parallel Aware": true,
                                    "Async Capable": false,
                                    "Relation Name": "date_dim",
                                    "Alias": "date_dim_2",
                                    "Startup Cost": 0.0,
                                    "Total Cost": 1942.12,
                                    "Plan Rows": 213,
                                    "Plan Width": 8,
                                    "Actual Startup Time": 11.134,
                                    "Actual Total Time": 20.539,
                                    "Actual Rows": 182,
                                    "Actual Loops": 2,
                                    "Filter": "(d_year = 1998)",
                                    "Rows Removed by Filter": 36342,
                                    "Shared Hit Blocks": 0,
                                    "Shared Read Blocks": 1405,
                                    "Shared Dirtied Blocks": 0,
                                    "Shared Written Blocks": 0,
                                    "Local Hit Blocks": 0,
                                    "Local Read Blocks": 0,
                                    "Local Dirtied Blocks": 0,
                                    "Local Written Blocks": 0,
                                    "Temp Read Blocks": 0,
                                    "Temp Written Blocks": 0,
                                    "Workers": []
                                  },
                                  {
                                    "Node Type": "Index Only Scan",
                                    "Parent Relationship": "Inner",
                                    "Parallel Aware": false,
                                    "Async Capable": false,
                                    "Scan Direction": "Forward",
                                    "Index Name": "_dta_index_store_sales_6_1333579789__k1_k4_k3_k10",
                                    "Relation Name": "store_sales",
                                    "Alias": "store_sales",
                                    "Startup Cost": 0.56,
                                    "Total Cost": 430.18,
                                    "Plan Rows": 13388,
                                    "Plan Width": 8,
                                    "Actual Startup Time": 0.042,
                                    "Actual Total Time": 1.13,
                                    "Actual Rows": 12386,
                                    "Actual Loops": 365,
                                    "Index Cond": "(ss_sold_date_sk = date_dim_2.d_date_sk)",
                                    "Rows Removed by Index Recheck": 0,
                                    "Heap Fetches": 0,
                                    "Shared Hit Blocks": 2900,
                                    "Shared Read Blocks": 17525,
                                    "Shared Dirtied Blocks": 0,
                                    "Shared Written Blocks": 0,
                                    "Local Hit Blocks": 0,
                                    "Local Read Blocks": 0,
                                    "Local Dirtied Blocks": 0,
                                    "Local Written Blocks": 0,
                                    "Temp Read Blocks": 0,
                                    "Temp Written Blocks": 0,
                                    "Workers": []
                                  }
                                ]
                              },
                              {
                                "Node Type": "Hash",
                                "Parent Relationship": "Inner",
                                "Parallel Aware": true,
                                "Async Capable": false,
                                "Startup Cost": 7766.88,
                                "Total Cost": 7766.88,
                                "Plan Rows": 2669,
                                "Plan Width": 107,
                                "Actual Startup Time": 13.626,
                                "Actual Total Time": 13.627,
                                "Actual Rows": 3436,
                                "Actual Loops": 2,
                                "Hash Buckets": 8192,
                                "Original Hash Buckets": 8192,
                                "Hash Batches": 1,
                                "Original Hash Batches": 1,
                                "Peak Memory Usage": 1056,
                                "Shared Hit Blocks": 0,
                                "Shared Read Blocks": 6970,
                                "Shared Dirtied Blocks": 0,
                                "Shared Written Blocks": 0,
                                "Local Hit Blocks": 0,
                                "Local Read Blocks": 0,
                                "Local Dirtied Blocks": 0,
                                "Local Written Blocks": 0,
                                "Temp Read Blocks": 0,
                                "Temp Written Blocks": 0,
                                "Workers": [],
                                "Plans": [
                                  {
                                    "Node Type": "Seq Scan",
                                    "Parent Relationship": "Outer",
                                    "Parallel Aware": true,
                                    "Async Capable": false,
                                    "Relation Name": "item",
                                    "Alias": "item",
                                    "Startup Cost": 0.0,
                                    "Total Cost": 7766.88,
                                    "Plan Rows": 2669,
                                    "Plan Width": 107,
                                    "Actual Startup Time": 0.027,
                                    "Actual Total Time": 12.688,
                                    "Actual Rows": 3436,
                                    "Actual Loops": 2,
                                    "Filter": "((i_manager_id >= 81) AND (i_manager_id <= 100) AND (i_category = ANY ('{Children,Men,Sports}'::bpchar[])))",
                                    "Rows Removed by Filter": 47564,
                                    "Shared Hit Blocks": 0,
                                    "Shared Read Blocks": 6970,
                                    "Shared Dirtied Blocks": 0,
                                    "Shared Written Blocks": 0,
                                    "Local Hit Blocks": 0,
                                    "Local Read Blocks": 0,
                                    "Local Dirtied Blocks": 0,
                                    "Local Written Blocks": 0,
                                    "Temp Read Blocks": 0,
                                    "Temp Written Blocks": 0,
                                    "Workers": []
                                  }
                                ]
                              }
                            ]
                          }
                        ]
                      }
                    ]
                  }
                ]
              }
            ]
          },
          {
            "Node Type": "Aggregate",
            "Strategy": "Sorted",
            "Partial Mode": "Finalize",
            "Parent Relationship": "InitPlan",
            "Subplan Name": "CTE best_ss_customer",
            "Parallel Aware": false,
            "Async Capable": false,
            "Startup Cost": 153943.03,
            "Total Cost": 513213.18,
            "Plan Rows": 15833,
            "Plan Width": 36,
            "Actual Startup Time": 2338.812,
            "Actual Total Time": 3509.188,
            "Actual Rows": 24387,
            "Actual Loops": 1,
            "Group Key": [
              "customer_1.c_customer_sk"
            ],
            "Filter": "(sum(((store_sales_2.ss_quantity)::numeric * store_sales_2.ss_sales_price)) > (0.95000000000000000000 * $6))",
            "Rows Removed by Filter": 20147,
            "Shared Hit Blocks": 1110814,
            "Shared Read Blocks": 130707,
            "Shared Dirtied Blocks": 0,
            "Shared Written Blocks": 0,
            "Local Hit Blocks": 0,
            "Local Read Blocks": 0,
            "Local Dirtied Blocks": 0,
            "Local Written Blocks": 0,
            "Temp Read Blocks": 776,
            "Temp Written Blocks": 780,
            "Plans": [
              {
                "Node Type": "Aggregate",
                "Strategy": "Plain",
                "Partial Mode": "Simple",
                "Parent Relationship": "InitPlan",
                "Subplan Name": "InitPlan 2 (returns $6)",
                "Parallel Aware": false,
                "Async Capable": false,
                "Startup Cost": 152942.0,
                "Total Cost": 152942.01,
                "Plan Rows": 1,
                "Plan Width": 32,
                "Actual Startup Time": 2331.753,
                "Actual Total Time": 2331.778,
                "Actual Rows": 1,
                "Actual Loops": 1,
                "Shared Hit Blocks": 782868,
                "Shared Read Blocks": 62047,
                "Shared Dirtied Blocks": 0,
                "Shared Written Blocks": 0,
                "Local Hit Blocks": 0,
                "Local Read Blocks": 0,
                "Local Dirtied Blocks": 0,
                "Local Written Blocks": 0,
                "Temp Read Blocks": 776,
                "Temp Written Blocks": 780,
                "Plans": [
                  {
                    "Node Type": "Aggregate",
                    "Strategy": "Sorted",
                    "Partial Mode": "Finalize",
                    "Parent Relationship": "Outer",
                    "Parallel Aware": false,
                    "Async Capable": false,
                    "Startup Cost": 151924.32,
                    "Total Cost": 152849.73,
                    "Plan Rows": 7382,
                    "Plan Width": 36,
                    "Actual Startup Time": 2168.291,
                    "Actual Total Time": 2325.038,
                    "Actual Rows": 135776,
                    "Actual Loops": 1,
                    "Group Key": [
                      "customer.c_customer_sk"
                    ],
                    "Shared Hit Blocks": 782868,
                    "Shared Read Blocks": 62047,
                    "Shared Dirtied Blocks": 0,
                    "Shared Written Blocks": 0,
                    "Local Hit Blocks": 0,
                    "Local Read Blocks": 0,
                    "Local Dirtied Blocks": 0,
                    "Local Written Blocks": 0,
                    "Temp Read Blocks": 776,
                    "Temp Written Blocks": 780,
                    "Plans": [
                      {
                        "Node Type": "Gather Merge",
                        "Parent Relationship": "Outer",
                        "Parallel Aware": false,
                        "Async Capable": false,
                        "Startup Cost": 151924.32,
                        "Total Cost": 152711.31,
                        "Plan Rows": 6152,
                        "Plan Width": 36,
                        "Actual Startup Time": 2168.286,
                        "Actual Total Time": 2263.042,
                        "Actual Rows": 151333,
                        "Actual Loops": 1,
                        "Workers Planned": 2,
                        "Workers Launched": 2,
                        "Shared Hit Blocks": 782868,
                        "Shared Read Blocks": 62047,
                        "Shared Dirtied Blocks": 0,
                        "Shared Written Blocks": 0,
                        "Local Hit Blocks": 0,
                        "Local Read Blocks": 0,
                        "Local Dirtied Blocks": 0,
                        "Local Written Blocks": 0,
                        "Temp Read Blocks": 776,
                        "Temp Written Blocks": 780,
                        "Plans": [
                          {
                            "Node Type": "Aggregate",
                            "Strategy": "Sorted",
                            "Partial Mode": "Partial",
                            "Parent Relationship": "Outer",
                            "Parallel Aware": false,
                            "Async Capable": false,
                            "Startup Cost": 150924.3,
                            "Total Cost": 151001.2,
                            "Plan Rows": 3076,
                            "Plan Width": 36,
                            "Actual Startup Time": 1071.923,
                            "Actual Total Time": 1110.331,
                            "Actual Rows": 50444,
                            "Actual Loops": 3,
                            "Group Key": [
                              "customer.c_customer_sk"
                            ],
                            "Shared Hit Blocks": 782868,
                            "Shared Read Blocks": 62047,
                            "Shared Dirtied Blocks": 0,
                            "Shared Written Blocks": 0,
                            "Local Hit Blocks": 0,
                            "Local Read Blocks": 0,
                            "Local Dirtied Blocks": 0,
                            "Local Written Blocks": 0,
                            "Temp Read Blocks": 776,
                            "Temp Written Blocks": 780,
                            "Workers": [],
                            "Plans": [
                              {
                                "Node Type": "Sort",
                                "Parent Relationship": "Outer",
                                "Parallel Aware": false,
                                "Async Capable": false,
                                "Startup Cost": 150924.3,
                                "Total Cost": 150931.99,
                                "Plan Rows": 3076,
                                "Plan Width": 14,
                                "Actual Startup Time": 1071.913,
                                "Actual Total Time": 1078.165,
                                "Actual Rows": 85420,
                                "Actual Loops": 3,
                                "Sort Key": [
                                  "customer.c_customer_sk"
                                ],
                                "Sort Method": "external merge",
                                "Sort Space Used": 4408,
                                "Sort Space Type": "Disk",
                                "Shared Hit Blocks": 782868,
                                "Shared Read Blocks": 62047,
                                "Shared Dirtied Blocks": 0,
                                "Shared Written Blocks": 0,
                                "Local Hit Blocks": 0,
                                "Local Read Blocks": 0,
                                "Local Dirtied Blocks": 0,
                                "Local Written Blocks": 0,
                                "Temp Read Blocks": 776,
                                "Temp Written Blocks": 780,
                                "Workers": [
                                  {
                                    "Worker Number": 0,
                                    "Sort Method": "external merge",
                                    "Sort Space Used": 1800,
                                    "Sort Space Type": "Disk"
                                  },
                                  {
                                    "Worker Number": 1,
                                    "Sort Method": "quicksort",
                                    "Sort Space Used": 25,
                                    "Sort Space Type": "Memory"
                                  }
                                ],
                                "Plans": [
                                  {
                                    "Node Type": "Nested Loop",
                                    "Parent Relationship": "Outer",
                                    "Parallel Aware": false,
                                    "Async Capable": false,
                                    "Join Type": "Inner",
                                    "Startup Cost": 1.28,
                                    "Total Cost": 150746.09,
                                    "Plan Rows": 3076,
                                    "Plan Width": 14,
                                    "Actual Startup Time": 3.018,
                                    "Actual Total Time": 1047.638,
                                    "Actual Rows": 85420,
                                    "Actual Loops": 3,
                                    "Inner Unique": true,
                                    "Shared Hit Blocks": 782855,
                                    "Shared Read Blocks": 62046,
                                    "Shared Dirtied Blocks": 0,
                                    "Shared Written Blocks": 0,
                                    "Local Hit Blocks": 0,
                                    "Local Read Blocks": 0,
                                    "Local Dirtied Blocks": 0,
                                    "Local Written Blocks": 0,
                                    "Temp Read Blocks": 0,
                                    "Temp Written Blocks": 0,
                                    "Workers": [],
                                    "Plans": [
                                      {
                                        "Node Type": "Nested Loop",
                                        "Parent Relationship": "Outer",
                                        "Parallel Aware": false,
                                        "Async Capable": false,
                                        "Join Type": "Inner",
                                        "Startup Cost": 0.85,
                                        "Total Cost": 149213.72,
                                        "Plan Rows": 3224,
                                        "Plan Width": 14,
                                        "Actual Startup Time": 2.954,
                                        "Actual Total Time": 867.69,
                                        "Actual Rows": 86490,
                                        "Actual Loops": 3,
                                        "Inner Unique": false,
                                        "Shared Hit Blocks": 14100,
                                        "Shared Read Blocks": 62015,
                                        "Shared Dirtied Blocks": 0,
                                        "Shared Written Blocks": 0,
                                        "Local Hit Blocks": 0,
                                        "Local Read Blocks": 0,
                                        "Local Dirtied Blocks": 0,
                                        "Local Written Blocks": 0,
                                        "Temp Read Blocks": 0,
                                        "Temp Written Blocks": 0,
                                        "Workers": [],
                                        "Plans": [
                                          {
                                            "Node Type": "Index Only Scan",
                                            "Parent Relationship": "Outer",
                                            "Parallel Aware": true,
                                            "Async Capable": false,
                                            "Scan Direction": "Forward",
                                            "Index Name": "_dta_index_date_dim_6_661577395__k1_k7_k9",
                                            "Relation Name": "date_dim",
                                            "Alias": "date_dim_3",
                                            "Startup Cost": 0.29,
                                            "Total Cost": 1677.67,
                                            "Plan Rows": 151,
                                            "Plan Width": 4,
                                            "Actual Startup Time": 0.579,
                                            "Actual Total Time": 0.727,
                                            "Actual Rows": 122,
                                            "Actual Loops": 3,
                                            "Index Cond": "(d_year = 1998)",
                                            "Rows Removed by Index Recheck": 0,
                                            "Heap Fetches": 0,
                                            "Shared Hit Blocks": 3,
                                            "Shared Read Blocks": 280,
                                            "Shared Dirtied Blocks": 0,
                                            "Shared Written Blocks": 0,
                                            "Local Hit Blocks": 0,
                                            "Local Read Blocks": 0,
                                            "Local Dirtied Blocks": 0,
                                            "Local Written Blocks": 0,
                                            "Temp Read Blocks": 0,
                                            "Temp Written Blocks": 0,
                                            "Workers": []
                                          },
                                          {
                                            "Node Type": "Index Only Scan",
                                            "Parent Relationship": "Inner",
                                            "Parallel Aware": false,
                                            "Async Capable": false,
                                            "Scan Direction": "Forward",
                                            "Index Name": "_dta_index_store_sales_6_1333579789__k1_k23_k14_k6_k8_k5_k7_3_4",
                                            "Relation Name": "store_sales",
                                            "Alias": "store_sales_1",
                                            "Startup Cost": 0.56,
                                            "Total Cost": 969.45,
                                            "Plan Rows": 761,
                                            "Plan Width": 18,
                                            "Actual Startup Time": 1.561,
                                            "Actual Total Time": 7.047,
                                            "Actual Rows": 711,
                                            "Actual Loops": 365,
                                            "Index Cond": "(ss_sold_date_sk = date_dim_3.d_date_sk)",
                                            "Rows Removed by Index Recheck": 0,
                                            "Filter": "((ss_wholesale_cost >= '11'::numeric) AND (ss_wholesale_cost <= '21'::numeric))",
                                            "Rows Removed by Filter": 11675,
                                            "Heap Fetches": 0,
                                            "Shared Hit Blocks": 14097,
                                            "Shared Read Blocks": 61735,
                                            "Shared Dirtied Blocks": 0,
                                            "Shared Written Blocks": 0,
                                            "Local Hit Blocks": 0,
                                            "Local Read Blocks": 0,
                                            "Local Dirtied Blocks": 0,
                                            "Local Written Blocks": 0,
                                            "Temp Read Blocks": 0,
                                            "Temp Written Blocks": 0,
                                            "Workers": []
                                          }
                                        ]
                                      },
                                      {
                                        "Node Type": "Index Only Scan",
                                        "Parent Relationship": "Inner",
                                        "Parallel Aware": false,
                                        "Async Capable": false,
                                        "Scan Direction": "Forward",
                                        "Index Name": "_dta_index_customer_6_949578421__k1_k5",
                                        "Relation Name": "customer",
                                        "Alias": "customer",
                                        "Startup Cost": 0.42,
                                        "Total Cost": 0.48,
                                        "Plan Rows": 1,
                                        "Plan Width": 4,
                                        "Actual Startup Time": 0.002,
                                        "Actual Total Time": 0.002,
                                        "Actual Rows": 1,
                                        "Actual Loops": 259471,
                                        "Index Cond": "(c_customer_sk = store_sales_1.ss_customer_sk)",
                                        "Rows Removed by Index Recheck": 0,
                                        "Heap Fetches": 0,
                                        "Shared Hit Blocks": 768755,
                                        "Shared Read Blocks": 31,
                                        "Shared Dirtied Blocks": 0,
                                        "Shared Written Blocks": 0,
                                        "Local Hit Blocks": 0,
                                        "Local Read Blocks": 0,
                                        "Local Dirtied Blocks": 0,
                                        "Local Written Blocks": 0,
                                        "Temp Read Blocks": 0,
                                        "Temp Written Blocks": 0,
                                        "Workers": []
                                      }
                                    ]
                                  }
                                ]
                              }
                            ]
                          }
                        ]
                      }
                    ]
                  }
                ]
              },
              {
                "Node Type": "Gather Merge",
                "Parent Relationship": "Outer",
                "Parallel Aware": false,
                "Async Capable": false,
                "Startup Cost": 1001.01,
                "Total Cost": 358727.41,
                "Plan Rows": 95000,
                "Plan Width": 36,
                "Actual Startup Time": 6.955,
                "Actual Total Time": 1136.921,
                "Actual Rows": 44534,
                "Actual Loops": 1,
                "Workers Planned": 2,
                "Workers Launched": 2,
                "Shared Hit Blocks": 327946,
                "Shared Read Blocks": 68660,
                "Shared Dirtied Blocks": 0,
                "Shared Written Blocks": 0,
                "Local Hit Blocks": 0,
                "Local Read Blocks": 0,
                "Local Dirtied Blocks": 0,
                "Local Written Blocks": 0,
                "Temp Read Blocks": 0,
                "Temp Written Blocks": 0,
                "Plans": [
                  {
                    "Node Type": "Aggregate",
                    "Strategy": "Sorted",
                    "Partial Mode": "Partial",
                    "Parent Relationship": "Outer",
                    "Parallel Aware": false,
                    "Async Capable": false,
                    "Startup Cost": 0.98,
                    "Total Cost": 346762.03,
                    "Plan Rows": 47500,
                    "Plan Width": 36,
                    "Actual Startup Time": 0.46,
                    "Actual Total Time": 1004.908,
                    "Actual Rows": 14845,
                    "Actual Loops": 3,
                    "Group Key": [
                      "customer_1.c_customer_sk"
                    ],
                    "Shared Hit Blocks": 327946,
                    "Shared Read Blocks": 68660,
                    "Shared Dirtied Blocks": 0,
                    "Shared Written Blocks": 0,
                    "Local Hit Blocks": 0,
                    "Local Read Blocks": 0,
                    "Local Dirtied Blocks": 0,
                    "Local Written Blocks": 0,
                    "Temp Read Blocks": 0,
                    "Temp Written Blocks": 0,
                    "Workers": [],
                    "Plans": [
                      {
                        "Node Type": "Nested Loop",
                        "Parent Relationship": "Outer",
                        "Parallel Aware": false,
                        "Async Capable": false,
                        "Join Type": "Inner",
                        "Startup Cost": 0.98,
                        "Total Cost": 335291.08,
                        "Plan Rows": 1087720,
                        "Plan Width": 14,
                        "Actual Startup Time": 0.276,
                        "Actual Total Time": 815.203,
                        "Actual Rows": 878663,
                        "Actual Loops": 3,
                        "Inner Unique": false,
                        "Shared Hit Blocks": 327946,
                        "Shared Read Blocks": 68660,
                        "Shared Dirtied Blocks": 0,
                        "Shared Written Blocks": 0,
                        "Local Hit Blocks": 0,
                        "Local Read Blocks": 0,
                        "Local Dirtied Blocks": 0,
                        "Local Written Blocks": 0,
                        "Temp Read Blocks": 0,
                        "Temp Written Blocks": 0,
                        "Workers": [],
                        "Plans": [
                          {
                            "Node Type": "Index Scan",
                            "Parent Relationship": "Outer",
                            "Parallel Aware": true,
                            "Async Capable": false,
                            "Scan Direction": "Forward",
                            "Index Name": "customer_pkey",
                            "Relation Name": "customer",
                            "Alias": "customer_1",
                            "Startup Cost": 0.42,
                            "Total Cost": 24952.83,
                            "Plan Rows": 19792,
                            "Plan Width": 4,
                            "Actual Startup Time": 0.147,
                            "Actual Total Time": 84.482,
                            "Actual Rows": 16003,
                            "Actual Loops": 3,
                            "Filter": "((c_birth_year >= 1934) AND (c_birth_year <= 1940))",
                            "Rows Removed by Filter": 150664,
                            "Shared Hit Blocks": 2216,
                            "Shared Read Blocks": 15177,
                            "Shared Dirtied Blocks": 0,
                            "Shared Written Blocks": 0,
                            "Local Hit Blocks": 0,
                            "Local Read Blocks": 0,
                            "Local Dirtied Blocks": 0,
                            "Local Written Blocks": 0,
                            "Temp Read Blocks": 0,
                            "Temp Written Blocks": 0,
                            "Workers": []
                          },
                          {
                            "Node Type": "Index Only Scan",
                            "Parent Relationship": "Inner",
                            "Parallel Aware": false,
                            "Async Capable": false,
                            "Scan Direction": "Forward",
                            "Index Name": "_dta_index_store_sales_6_1333579789__k4_1_3_10_11_14",
                            "Relation Name": "store_sales",
                            "Alias": "store_sales_2",
                            "Startup Cost": 0.56,
                            "Total Cost": 12.46,
                            "Plan Rows": 322,
                            "Plan Width": 14,
                            "Actual Startup Time": 0.027,
                            "Actual Total Time": 0.041,
                            "Actual Rows": 55,
                            "Actual Loops": 48009,
                            "Index Cond": "(ss_customer_sk = customer_1.c_customer_sk)",
                            "Rows Removed by Index Recheck": 0,
                            "Heap Fetches": 0,
                            "Shared Hit Blocks": 325730,
                            "Shared Read Blocks": 53483,
                            "Shared Dirtied Blocks": 0,
                            "Shared Written Blocks": 0,
                            "Local Hit Blocks": 0,
                            "Local Read Blocks": 0,
                            "Local Dirtied Blocks": 0,
                            "Local Written Blocks": 0,
                            "Temp Read Blocks": 0,
                            "Temp Written Blocks": 0,
                            "Workers": []
                          }
                        ]
                      }
                    ]
                  }
                ]
              }
            ]
          },
          {
            "Node Type": "Aggregate",
            "Strategy": "Plain",
            "Partial Mode": "Simple",
            "Parent Relationship": "Outer",
            "Parallel Aware": false,
            "Async Capable": false,
            "Startup Cost": 24930.3,
            "Total Cost": 24930.31,
            "Plan Rows": 1,
            "Plan Width": 32,
            "Actual Startup Time": 4369.376,
            "Actual Total Time": 4369.424,
            "Actual Rows": 1,
            "Actual Loops": 1,
            "Shared Hit Blocks": 630195,
            "Shared Read Blocks": 79494,
            "Shared Dirtied Blocks": 0,
            "Shared Written Blocks": 0,
            "Local Hit Blocks": 0,
            "Local Read Blocks": 0,
            "Local Dirtied Blocks": 0,
            "Local Written Blocks": 0,
            "Temp Read Blocks": 950,
            "Temp Written Blocks": 954,
            "Plans": [
              {
                "Node Type": "Append",
                "Parent Relationship": "Outer",
                "Parallel Aware": false,
                "Async Capable": false,
                "Startup Cost": 1430.05,
                "Total Cost": 24930.25,
                "Plan Rows": 19,
                "Plan Width": 32,
                "Actual Startup Time": 4369.374,
                "Actual Total Time": 4369.421,
                "Actual Rows": 0,
                "Actual Loops": 1,
                "Shared Hit Blocks": 630195,
                "Shared Read Blocks": 79494,
                "Shared Dirtied Blocks": 0,
                "Shared Written Blocks": 0,
                "Local Hit Blocks": 0,
                "Local Read Blocks": 0,
                "Local Dirtied Blocks": 0,
                "Local Written Blocks": 0,
                "Temp Read Blocks": 950,
                "Temp Written Blocks": 954,
                "Subplans Removed": 0,
                "Plans": [
                  {
                    "Node Type": "Hash Join",
                    "Parent Relationship": "Member",
                    "Parallel Aware": false,
                    "Async Capable": false,
                    "Join Type": "Inner",
                    "Startup Cost": 1430.05,
                    "Total Cost": 15258.35,
                    "Plan Rows": 7,
                    "Plan Width": 32,
                    "Actual Startup Time": 4283.037,
                    "Actual Total Time": 4283.057,
                    "Actual Rows": 0,
                    "Actual Loops": 1,
                    "Inner Unique": true,
                    "Hash Cond": "(catalog_sales.cs_bill_customer_sk = best_ss_customer.c_customer_sk)",
                    "Shared Hit Blocks": 629750,
                    "Shared Read Blocks": 77226,
                    "Shared Dirtied Blocks": 0,
                    "Shared Written Blocks": 0,
                    "Local Hit Blocks": 0,
                    "Local Read Blocks": 0,
                    "Local Dirtied Blocks": 0,
                    "Local Written Blocks": 0,
                    "Temp Read Blocks": 950,
                    "Temp Written Blocks": 954,
                    "Plans": [
                      {
                        "Node Type": "Hash Join",
                        "Parent Relationship": "Outer",
                        "Parallel Aware": false,
                        "Async Capable": false,
                        "Join Type": "Inner",
                        "Startup Cost": 1069.31,
                        "Total Cost": 14897.4,
                        "Plan Rows": 39,
                        "Plan Width": 14,
                        "Actual Startup Time": 754.524,
                        "Actual Total Time": 754.542,
                        "Actual Rows": 0,
                        "Actual Loops": 1,
                        "Inner Unique": true,
                        "Hash Cond": "(catalog_sales.cs_item_sk = frequent_ss_items.item_sk)",
                        "Shared Hit Blocks": 1308,
                        "Shared Read Blocks": 18253,
                        "Shared Dirtied Blocks": 0,
                        "Shared Written Blocks": 0,
                        "Local Hit Blocks": 0,
                        "Local Read Blocks": 0,
                        "Local Dirtied Blocks": 0,
                        "Local Written Blocks": 0,
                        "Temp Read Blocks": 399,
                        "Temp Written Blocks": 400,
                        "Plans": [
                          {
                            "Node Type": "Gather",
                            "Parent Relationship": "Outer",
                            "Parallel Aware": false,
                            "Async Capable": false,
                            "Startup Cost": 1000.73,
                            "Total Cost": 14827.55,
                            "Plan Rows": 318,
                            "Plan Width": 18,
                            "Actual Startup Time": 0.892,
                            "Actual Total Time": 36.706,
                            "Actual Rows": 8790,
                            "Actual Loops": 1,
                            "Workers Planned": 2,
                            "Workers Launched": 2,
                            "Single Copy": false,
                            "Shared Hit Blocks": 157,
                            "Shared Read Blocks": 5036,
                            "Shared Dirtied Blocks": 0,
                            "Shared Written Blocks": 0,
                            "Local Hit Blocks": 0,
                            "Local Read Blocks": 0,
                            "Local Dirtied Blocks": 0,
                            "Local Written Blocks": 0,
                            "Temp Read Blocks": 0,
                            "Temp Written Blocks": 0,
                            "Plans": [
                              {
                                "Node Type": "Nested Loop",
                                "Parent Relationship": "Outer",
                                "Parallel Aware": false,
                                "Async Capable": false,
                                "Join Type": "Inner",
                                "Startup Cost": 0.73,
                                "Total Cost": 13795.75,
                                "Plan Rows": 132,
                                "Plan Width": 18,
                                "Actual Startup Time": 1.547,
                                "Actual Total Time": 13.293,
                                "Actual Rows": 2930,
                                "Actual Loops": 3,
                                "Inner Unique": false,
                                "Shared Hit Blocks": 157,
                                "Shared Read Blocks": 5036,
                                "Shared Dirtied Blocks": 0,
                                "Shared Written Blocks": 0,
                                "Local Hit Blocks": 0,
                                "Local Read Blocks": 0,
                                "Local Dirtied Blocks": 0,
                                "Local Written Blocks": 0,
                                "Temp Read Blocks": 0,
                                "Temp Written Blocks": 0,
                                "Workers": [],
                                "Plans": [
                                  {
                                    "Node Type": "Index Only Scan",
                                    "Parent Relationship": "Outer",
                                    "Parallel Aware": true,
                                    "Async Capable": false,
                                    "Scan Direction": "Forward",
                                    "Index Name": "_dta_index_date_dim_6_661577395__k1_k7_k9",
                                    "Relation Name": "date_dim",
                                    "Alias": "date_dim",
                                    "Startup Cost": 0.29,
                                    "Total Cost": 1858.91,
                                    "Plan Rows": 13,
                                    "Plan Width": 4,
                                    "Actual Startup Time": 1.532,
                                    "Actual Total Time": 1.54,
                                    "Actual Rows": 10,
                                    "Actual Loops": 3,
                                    "Index Cond": "((d_year = 1998) AND (d_moy = 10))",
                                    "Rows Removed by Index Recheck": 0,
                                    "Heap Fetches": 0,
                                    "Shared Hit Blocks": 1,
                                    "Shared Read Blocks": 281,
                                    "Shared Dirtied Blocks": 0,
                                    "Shared Written Blocks": 0,
                                    "Local Hit Blocks": 0,
                                    "Local Read Blocks": 0,
                                    "Local Dirtied Blocks": 0,
                                    "Local Written Blocks": 0,
                                    "Temp Read Blocks": 0,
                                    "Temp Written Blocks": 0,
                                    "Workers": []
                                  },
                                  {
                                    "Node Type": "Index Scan",
                                    "Parent Relationship": "Inner",
                                    "Parallel Aware": false,
                                    "Async Capable": false,
                                    "Scan Direction": "Forward",
                                    "Index Name": "_dta_index_catalog_sales_6_1301579675__k1_4",
                                    "Relation Name": "catalog_sales",
                                    "Alias": "catalog_sales",
                                    "Startup Cost": 0.43,
                                    "Total Cost": 914.69,
                                    "Plan Rows": 353,
                                    "Plan Width": 22,
                                    "Actual Startup Time": 0.01,
                                    "Actual Total Time": 1.116,
                                    "Actual Rows": 284,
                                    "Actual Loops": 31,
                                    "Index Cond": "(cs_sold_date_sk = date_dim.d_date_sk)",
                                    "Rows Removed by Index Recheck": 0,
                                    "Filter": "((cs_wholesale_cost >= '11'::numeric) AND (cs_wholesale_cost <= '21'::numeric))",
                                    "Rows Removed by Filter": 5086,
                                    "Shared Hit Blocks": 156,
                                    "Shared Read Blocks": 4755,
                                    "Shared Dirtied Blocks": 0,
                                    "Shared Written Blocks": 0,
                                    "Local Hit Blocks": 0,
                                    "Local Read Blocks": 0,
                                    "Local Dirtied Blocks": 0,
                                    "Local Written Blocks": 0,
                                    "Temp Read Blocks": 0,
                                    "Temp Written Blocks": 0,
                                    "Workers": []
                                  }
                                ]
                              }
                            ]
                          },
                          {
                            "Node Type": "Hash",
                            "Parent Relationship": "Inner",
                            "Parallel Aware": false,
                            "Async Capable": false,
                            "Startup Cost": 66.08,
                            "Total Cost": 66.08,
                            "Plan Rows": 200,
                            "Plan Width": 4,
                            "Actual Startup Time": 717.298,
                            "Actual Total Time": 717.3,
                            "Actual Rows": 3,
                            "Actual Loops": 1,
                            "Hash Buckets": 1024,
                            "Original Hash Buckets": 1024,
                            "Hash Batches": 1,
                            "Original Hash Batches": 1,
                            "Peak Memory Usage": 9,
                            "Shared Hit Blocks": 1151,
                            "Shared Read Blocks": 13217,
                            "Shared Dirtied Blocks": 0,
                            "Shared Written Blocks": 0,
                            "Local Hit Blocks": 0,
                            "Local Read Blocks": 0,
                            "Local Dirtied Blocks": 0,
                            "Local Written Blocks": 0,
                            "Temp Read Blocks": 399,
                            "Temp Written Blocks": 400,
                            "Plans": [
                              {
                                "Node Type": "Aggregate",
                                "Strategy": "Hashed",
                                "Partial Mode": "Simple",
                                "Parent Relationship": "Outer",
                                "Parallel Aware": false,
                                "Async Capable": false,
                                "Startup Cost": 64.08,
                                "Total Cost": 66.08,
                                "Plan Rows": 200,
                                "Plan Width": 4,
                                "Actual Startup Time": 717.291,
                                "Actual Total Time": 717.293,
                                "Actual Rows": 3,
                                "Actual Loops": 1,
                                "Group Key": [
                                  "frequent_ss_items.item_sk"
                                ],
                                "Planned Partitions": 0,
                                "HashAgg Batches": 1,
                                "Peak Memory Usage": 40,
                                "Disk Usage": 0,
                                "Shared Hit Blocks": 1151,
                                "Shared Read Blocks": 13217,
                                "Shared Dirtied Blocks": 0,
                                "Shared Written Blocks": 0,
                                "Local Hit Blocks": 0,
                                "Local Read Blocks": 0,
                                "Local Dirtied Blocks": 0,
                                "Local Written Blocks": 0,
                                "Temp Read Blocks": 399,
                                "Temp Written Blocks": 400,
                                "Plans": [
                                  {
                                    "Node Type": "CTE Scan",
                                    "Parent Relationship": "Outer",
                                    "Parallel Aware": false,
                                    "Async Capable": false,
                                    "CTE Name": "frequent_ss_items",
                                    "Alias": "frequent_ss_items",
                                    "Startup Cost": 0.0,
                                    "Total Cost": 56.96,
                                    "Plan Rows": 2848,
                                    "Plan Width": 4,
                                    "Actual Startup Time": 668.624,
                                    "Actual Total Time": 717.278,
                                    "Actual Rows": 3,
                                    "Actual Loops": 1,
                                    "Shared Hit Blocks": 1151,
                                    "Shared Read Blocks": 13217,
                                    "Shared Dirtied Blocks": 0,
                                    "Shared Written Blocks": 0,
                                    "Local Hit Blocks": 0,
                                    "Local Read Blocks": 0,
                                    "Local Dirtied Blocks": 0,
                                    "Local Written Blocks": 0,
                                    "Temp Read Blocks": 399,
                                    "Temp Written Blocks": 400
                                  }
                                ]
                              }
                            ]
                          }
                        ]
                      },
                      {
                        "Node Type": "Hash",
                        "Parent Relationship": "Inner",
                        "Parallel Aware": false,
                        "Async Capable": false,
                        "Startup Cost": 358.24,
                        "Total Cost": 358.24,
                        "Plan Rows": 200,
                        "Plan Width": 4,
                        "Actual Startup Time": 3528.509,
                        "Actual Total Time": 3528.51,
                        "Actual Rows": 24387,
                        "Actual Loops": 1,
                        "Hash Buckets": 32768,
                        "Original Hash Buckets": 1024,
                        "Hash Batches": 1,
                        "Original Hash Batches": 1,
                        "Peak Memory Usage": 1114,
                        "Shared Hit Blocks": 628442,
                        "Shared Read Blocks": 58973,
                        "Shared Dirtied Blocks": 0,
                        "Shared Written Blocks": 0,
                        "Local Hit Blocks": 0,
                        "Local Read Blocks": 0,
                        "Local Dirtied Blocks": 0,
                        "Local Written Blocks": 0,
                        "Temp Read Blocks": 551,
                        "Temp Written Blocks": 554,
                        "Plans": [
                          {
                            "Node Type": "Aggregate",
                            "Strategy": "Hashed",
                            "Partial Mode": "Simple",
                            "Parent Relationship": "Outer",
                            "Parallel Aware": false,
                            "Async Capable": false,
                            "Startup Cost": 356.24,
                            "Total Cost": 358.24,
                            "Plan Rows": 200,
                            "Plan Width": 4,
                            "Actual Startup Time": 3525.154,
                            "Actual Total Time": 3527.036,
                            "Actual Rows": 24387,
                            "Actual Loops": 1,
                            "Group Key": [
                              "best_ss_customer.c_customer_sk"
                            ],
                            "Planned Partitions": 0,
                            "HashAgg Batches": 1,
                            "Peak Memory Usage": 2081,
                            "Disk Usage": 0,
                            "Shared Hit Blocks": 628442,
                            "Shared Read Blocks": 58973,
                            "Shared Dirtied Blocks": 0,
                            "Shared Written Blocks": 0,
                            "Local Hit Blocks": 0,
                            "Local Read Blocks": 0,
                            "Local Dirtied Blocks": 0,
                            "Local Written Blocks": 0,
                            "Temp Read Blocks": 551,
                            "Temp Written Blocks": 554,
                            "Plans": [
                              {
                                "Node Type": "CTE Scan",
                                "Parent Relationship": "Outer",
                                "Parallel Aware": false,
                                "Async Capable": false,
                                "CTE Name": "best_ss_customer",
                                "Alias": "best_ss_customer",
                                "Startup Cost": 0.0,
                                "Total Cost": 316.66,
                                "Plan Rows": 15833,
                                "Plan Width": 4,
                                "Actual Startup Time": 2338.815,
                                "Actual Total Time": 3515.807,
                                "Actual Rows": 24387,
                                "Actual Loops": 1,
                                "Shared Hit Blocks": 628442,
                                "Shared Read Blocks": 58973,
                                "Shared Dirtied Blocks": 0,
                                "Shared Written Blocks": 0,
                                "Local Hit Blocks": 0,
                                "Local Read Blocks": 0,
                                "Local Dirtied Blocks": 0,
                                "Local Written Blocks": 0,
                                "Temp Read Blocks": 551,
                                "Temp Written Blocks": 554
                              }
                            ]
                          }
                        ]
                      }
                    ]
                  },
                  {
                    "Node Type": "Hash Join",
                    "Parent Relationship": "Member",
                    "Parallel Aware": false,
                    "Async Capable": false,
                    "Join Type": "Inner",
                    "Startup Cost": 1430.05,
                    "Total Cost": 9671.62,
                    "Plan Rows": 12,
                    "Plan Width": 32,
                    "Actual Startup Time": 86.334,
                    "Actual Total Time": 86.361,
                    "Actual Rows": 0,
                    "Actual Loops": 1,
                    "Inner Unique": true,
                    "Hash Cond": "(web_sales.ws_bill_customer_sk = best_ss_customer_1.c_customer_sk)",
                    "Shared Hit Blocks": 445,
                    "Shared Read Blocks": 2268,
                    "Shared Dirtied Blocks": 0,
                    "Shared Written Blocks": 0,
                    "Local Hit Blocks": 0,
                    "Local Read Blocks": 0,
                    "Local Dirtied Blocks": 0,
                    "Local Written Blocks": 0,
                    "Temp Read Blocks": 0,
                    "Temp Written Blocks": 0,
                    "Plans": [
                      {
                        "Node Type": "Hash Join",
                        "Parent Relationship": "Outer",
                        "Parallel Aware": false,
                        "Async Capable": false,
                        "Join Type": "Inner",
                        "Startup Cost": 1069.31,
                        "Total Cost": 9310.53,
                        "Plan Rows": 57,
                        "Plan Width": 14,
                        "Actual Startup Time": 79.495,
                        "Actual Total Time": 79.521,
                        "Actual Rows": 0,
                        "Actual Loops": 1,
                        "Inner Unique": true,
                        "Hash Cond": "(web_sales.ws_item_sk = frequent_ss_items_1.item_sk)",
                        "Shared Hit Blocks": 445,
                        "Shared Read Blocks": 2268,
                        "Shared Dirtied Blocks": 0,
                        "Shared Written Blocks": 0,
                        "Local Hit Blocks": 0,
                        "Local Read Blocks": 0,
                        "Local Dirtied Blocks": 0,
                        "Local Written Blocks": 0,
                        "Temp Read Blocks": 0,
                        "Temp Written Blocks": 0,
                        "Plans": [
                          {
                            "Node Type": "Gather",
                            "Parent Relationship": "Outer",
                            "Parallel Aware": false,
                            "Async Capable": false,
                            "Startup Cost": 1000.73,
                            "Total Cost": 9240.06,
                            "Plan Rows": 477,
                            "Plan Width": 18,
                            "Actual Startup Time": 0.825,
                            "Actual Total Time": 78.363,
                            "Actual Rows": 11612,
                            "Actual Loops": 1,
                            "Workers Planned": 2,
                            "Workers Launched": 2,
                            "Single Copy": false,
                            "Shared Hit Blocks": 445,
                            "Shared Read Blocks": 2268,
                            "Shared Dirtied Blocks": 0,
                            "Shared Written Blocks": 0,
                            "Local Hit Blocks": 0,
                            "Local Read Blocks": 0,
                            "Local Dirtied Blocks": 0,
                            "Local Written Blocks": 0,
                            "Temp Read Blocks": 0,
                            "Temp Written Blocks": 0,
                            "Plans": [
                              {
                                "Node Type": "Nested Loop",
                                "Parent Relationship": "Outer",
                                "Parallel Aware": false,
                                "Async Capable": false,
                                "Join Type": "Inner",
                                "Startup Cost": 0.72,
                                "Total Cost": 8192.36,
                                "Plan Rows": 199,
                                "Plan Width": 18,
                                "Actual Startup Time": 0.801,
                                "Actual Total Time": 26.312,
                                "Actual Rows": 3871,
                                "Actual Loops": 3,
                                "Inner Unique": false,
                                "Shared Hit Blocks": 445,
                                "Shared Read Blocks": 2268,
                                "Shared Dirtied Blocks": 0,
                                "Shared Written Blocks": 0,
                                "Local Hit Blocks": 0,
                                "Local Read Blocks": 0,
                                "Local Dirtied Blocks": 0,
                                "Local Written Blocks": 0,
                                "Temp Read Blocks": 0,
                                "Temp Written Blocks": 0,
                                "Workers": [],
                                "Plans": [
                                  {
                                    "Node Type": "Index Only Scan",
                                    "Parent Relationship": "Outer",
                                    "Parallel Aware": true,
                                    "Async Capable": false,
                                    "Scan Direction": "Forward",
                                    "Index Name": "_dta_index_date_dim_6_661577395__k1_k7_k9",
                                    "Relation Name": "date_dim",
                                    "Alias": "date_dim_1",
                                    "Startup Cost": 0.29,
                                    "Total Cost": 1858.91,
                                    "Plan Rows": 13,
                                    "Plan Width": 4,
                                    "Actual Startup Time": 0.708,
                                    "Actual Total Time": 0.715,
                                    "Actual Rows": 10,
                                    "Actual Loops": 3,
                                    "Index Cond": "((d_year = 1998) AND (d_moy = 10))",
                                    "Rows Removed by Index Recheck": 0,
                                    "Heap Fetches": 0,
                                    "Shared Hit Blocks": 282,
                                    "Shared Read Blocks": 0,
                                    "Shared Dirtied Blocks": 0,
                                    "Shared Written Blocks": 0,
                                    "Local Hit Blocks": 0,
                                    "Local Read Blocks": 0,
                                    "Local Dirtied Blocks": 0,
                                    "Local Written Blocks": 0,
                                    "Temp Read Blocks": 0,
                                    "Temp Written Blocks": 0,
                                    "Workers": []
                                  },
                                  {
                                    "Node Type": "Index Scan",
                                    "Parent Relationship": "Inner",
                                    "Parallel Aware": false,
                                    "Async Capable": false,
                                    "Scan Direction": "Forward",
                                    "Index Name": "_dta_index_web_sales_6_1269579561__k1_8_24",
                                    "Relation Name": "web_sales",
                                    "Alias": "web_sales",
                                    "Startup Cost": 0.43,
                                    "Total Cost": 481.9,
                                    "Plan Rows": 529,
                                    "Plan Width": 22,
                                    "Actual Startup Time": 0.07,
                                    "Actual Total Time": 2.424,
                                    "Actual Rows": 375,
                                    "Actual Loops": 31,
                                    "Index Cond": "(ws_sold_date_sk = date_dim_1.d_date_sk)",
                                    "Rows Removed by Index Recheck": 0,
                                    "Filter": "((ws_wholesale_cost >= '11'::numeric) AND (ws_wholesale_cost <= '21'::numeric))",
                                    "Rows Removed by Filter": 2010,
                                    "Shared Hit Blocks": 163,
                                    "Shared Read Blocks": 2268,
                                    "Shared Dirtied Blocks": 0,
                                    "Shared Written Blocks": 0,
                                    "Local Hit Blocks": 0,
                                    "Local Read Blocks": 0,
                                    "Local Dirtied Blocks": 0,
                                    "Local Written Blocks": 0,
                                    "Temp Read Blocks": 0,
                                    "Temp Written Blocks": 0,
                                    "Workers": []
                                  }
                                ]
                              }
                            ]
                          },
                          {
                            "Node Type": "Hash",
                            "Parent Relationship": "Inner",
                            "Parallel Aware": false,
                            "Async Capable": false,
                            "Startup Cost": 66.08,
                            "Total Cost": 66.08,
                            "Plan Rows": 200,
                            "Plan Width": 4,
                            "Actual Startup Time": 0.006,
                            "Actual Total Time": 0.007,
                            "Actual Rows": 3,
                            "Actual Loops": 1,
                            "Hash Buckets": 1024,
                            "Original Hash Buckets": 1024,
                            "Hash Batches": 1,
                            "Original Hash Batches": 1,
                            "Peak Memory Usage": 9,
                            "Shared Hit Blocks": 0,
                            "Shared Read Blocks": 0,
                            "Shared Dirtied Blocks": 0,
                            "Shared Written Blocks": 0,
                            "Local Hit Blocks": 0,
                            "Local Read Blocks": 0,
                            "Local Dirtied Blocks": 0,
                            "Local Written Blocks": 0,
                            "Temp Read Blocks": 0,
                            "Temp Written Blocks": 0,
                            "Plans": [
                              {
                                "Node Type": "Aggregate",
                                "Strategy": "Hashed",
                                "Partial Mode": "Simple",
                                "Parent Relationship": "Outer",
                                "Parallel Aware": false,
                                "Async Capable": false,
                                "Startup Cost": 64.08,
                                "Total Cost": 66.08,
                                "Plan Rows": 200,
                                "Plan Width": 4,
                                "Actual Startup Time": 0.005,
                                "Actual Total Time": 0.006,
                                "Actual Rows": 3,
                                "Actual Loops": 1,
                                "Group Key": [
                                  "frequent_ss_items_1.item_sk"
                                ],
                                "Planned Partitions": 0,
                                "HashAgg Batches": 1,
                                "Peak Memory Usage": 40,
                                "Disk Usage": 0,
                                "Shared Hit Blocks": 0,
                                "Shared Read Blocks": 0,
                                "Shared Dirtied Blocks": 0,
                                "Shared Written Blocks": 0,
                                "Local Hit Blocks": 0,
                                "Local Read Blocks": 0,
                                "Local Dirtied Blocks": 0,
                                "Local Written Blocks": 0,
                                "Temp Read Blocks": 0,
                                "Temp Written Blocks": 0,
                                "Plans": [
                                  {
                                    "Node Type": "CTE Scan",
                                    "Parent Relationship": "Outer",
                                    "Parallel Aware": false,
                                    "Async Capable": false,
                                    "CTE Name": "frequent_ss_items",
                                    "Alias": "frequent_ss_items_1",
                                    "Startup Cost": 0.0,
                                    "Total Cost": 56.96,
                                    "Plan Rows": 2848,
                                    "Plan Width": 4,
                                    "Actual Startup Time": 0.001,
                                    "Actual Total Time": 0.002,
                                    "Actual Rows": 3,
                                    "Actual Loops": 1,
                                    "Shared Hit Blocks": 0,
                                    "Shared Read Blocks": 0,
                                    "Shared Dirtied Blocks": 0,
                                    "Shared Written Blocks": 0,
                                    "Local Hit Blocks": 0,
                                    "Local Read Blocks": 0,
                                    "Local Dirtied Blocks": 0,
                                    "Local Written Blocks": 0,
                                    "Temp Read Blocks": 0,
                                    "Temp Written Blocks": 0
                                  }
                                ]
                              }
                            ]
                          }
                        ]
                      },
                      {
                        "Node Type": "Hash",
                        "Parent Relationship": "Inner",
                        "Parallel Aware": false,
                        "Async Capable": false,
                        "Startup Cost": 358.24,
                        "Total Cost": 358.24,
                        "Plan Rows": 200,
                        "Plan Width": 4,
                        "Actual Startup Time": 6.827,
                        "Actual Total Time": 6.828,
                        "Actual Rows": 24387,
                        "Actual Loops": 1,
                        "Hash Buckets": 32768,
                        "Original Hash Buckets": 1024,
                        "Hash Batches": 1,
                        "Original Hash Batches": 1,
                        "Peak Memory Usage": 1114,
                        "Shared Hit Blocks": 0,
                        "Shared Read Blocks": 0,
                        "Shared Dirtied Blocks": 0,
                        "Shared Written Blocks": 0,
                        "Local Hit Blocks": 0,
                        "Local Read Blocks": 0,
                        "Local Dirtied Blocks": 0,
                        "Local Written Blocks": 0,
                        "Temp Read Blocks": 0,
                        "Temp Written Blocks": 0,
                        "Plans": [
                          {
                            "Node Type": "Aggregate",
                            "Strategy": "Hashed",
                            "Partial Mode": "Simple",
                            "Parent Relationship": "Outer",
                            "Parallel Aware": false,
                            "Async Capable": false,
                            "Startup Cost": 356.24,
                            "Total Cost": 358.24,
                            "Plan Rows": 200,
                            "Plan Width": 4,
                            "Actual Startup Time": 3.856,
                            "Actual Total Time": 5.493,
                            "Actual Rows": 24387,
                            "Actual Loops": 1,
                            "Group Key": [
                              "best_ss_customer_1.c_customer_sk"
                            ],
                            "Planned Partitions": 0,
                            "HashAgg Batches": 1,
                            "Peak Memory Usage": 2081,
                            "Disk Usage": 0,
                            "Shared Hit Blocks": 0,
                            "Shared Read Blocks": 0,
                            "Shared Dirtied Blocks": 0,
                            "Shared Written Blocks": 0,
                            "Local Hit Blocks": 0,
                            "Local Read Blocks": 0,
                            "Local Dirtied Blocks": 0,
                            "Local Written Blocks": 0,
                            "Temp Read Blocks": 0,
                            "Temp Written Blocks": 0,
                            "Plans": [
                              {
                                "Node Type": "CTE Scan",
                                "Parent Relationship": "Outer",
                                "Parallel Aware": false,
                                "Async Capable": false,
                                "CTE Name": "best_ss_customer",
                                "Alias": "best_ss_customer_1",
                                "Startup Cost": 0.0,
                                "Total Cost": 316.66,
                                "Plan Rows": 15833,
                                "Plan Width": 4,
                                "Actual Startup Time": 0.003,
                                "Actual Total Time": 1.146,
                                "Actual Rows": 24387,
                                "Actual Loops": 1,
                                "Shared Hit Blocks": 0,
                                "Shared Read Blocks": 0,
                                "Shared Dirtied Blocks": 0,
                                "Shared Written Blocks": 0,
                                "Local Hit Blocks": 0,
                                "Local Read Blocks": 0,
                                "Local Dirtied Blocks": 0,
                                "Local Written Blocks": 0,
                                "Temp Read Blocks": 0,
                                "Temp Written Blocks": 0
                              }
                            ]
                          }
                        ]
                      }
                    ]
                  }
                ]
              }
            ]
          }
        ]
      },
      "Planning": {
        "Shared Hit Blocks": 59,
        "Shared Read Blocks": 57,
        "Shared Dirtied Blocks": 0,
        "Shared Written Blocks": 0,
        "Local Hit Blocks": 0,
        "Local Read Blocks": 0,
        "Local Dirtied Blocks": 0,
        "Local Written Blocks": 0,
        "Temp Read Blocks": 0,
        "Temp Written Blocks": 0
      },
      "Planning Time": 1.939,
      "Triggers": [],
      "Execution Time": 4370.815
    }
  ],
  "execution_time_ms": 4370.815
}
