{
  "query_id": "query014_multi_i2",
  "plan_json": [
    {
      "Plan": {
        "Node Type": "Limit",
        "Parallel Aware": false,
        "Async Capable": false,
        "Startup Cost": 1899738.3,
        "Total Cost": 1899738.31,
        "Plan Rows": 1,
        "Plan Width": 168,
        "Actual Startup Time": 12909.003,
        "Actual Total Time": 12909.156,
        "Actual Rows": 55,
        "Actual Loops": 1,
        "Shared Hit Blocks": 6332639,
        "Shared Read Blocks": 2432609,
        "Shared Dirtied Blocks": 0,
        "Shared Written Blocks": 0,
        "Local Hit Blocks": 0,
        "Local Read Blocks": 0,
        "Local Dirtied Blocks": 0,
        "Local Written Blocks": 0,
        "Temp Read Blocks": 0,
        "Temp Written Blocks": 0,
        "Plans": [
          {
            "Node Type": "Hash Join",
            "Parent Relationship": "InitPlan",
            "Subplan Name": "CTE cross_items",
            "Parallel Aware": false,
            "Async Capable": false,
            "Join Type": "Inner",
            "Startup Cost": 950880.69,
            "Total Cost": 959801.09,
            "Plan Rows": 1,
            "Plan Width": 4,
            "Actual Startup Time": 4444.588,
            "Actual Total Time": 4467.45,
            "Actual Rows": 4735,
            "Actual Loops": 1,
            "Inner Unique": true,
            "Hash Cond": "((item_2.i_brand_id = x.brand_id) AND (item_2.i_class_id = x.class_id) AND (item_2.i_category_id = x.category_id))",
            "Shared Hit Blocks": 5590943,
            "Shared Read Blocks": 571507,
            "Shared Dirtied Blocks": 0,
            "Shared Written Blocks": 0,
            "Local Hit Blocks": 0,
            "Local Read Blocks": 0,
            "Local Dirtied Blocks": 0,
            "Local Written Blocks": 0,
            "Temp Read Blocks": 0,
            "Temp Written Blocks": 0,
            "Plans": [
              {
                "Node Type": "Seq Scan",
                "Parent Relationship": "Outer",
                "Parallel Aware": false,
                "Async Capable": false,
                "Relation Name": "item",
                "Alias": "item_2",
                "Startup Cost": 0.0,
                "Total Cost": 8882.5,
                "Plan Rows": 4812,
                "Plan Width": 16,
                "Actual Startup Time": 0.023,
                "Actual Total Time": 22.05,
                "Actual Rows": 4750,
                "Actual Loops": 1,
                "Filter": "((i_manager_id >= 42) AND (i_manager_id <= 51) AND (i_category = ANY ('{Electronics,Shoes,Sports}'::bpchar[])))",
                "Rows Removed by Filter": 97250,
                "Shared Hit Blocks": 6968,
                "Shared Read Blocks": 2,
                "Shared Dirtied Blocks": 0,
                "Shared Written Blocks": 0,
                "Local Hit Blocks": 0,
                "Local Read Blocks": 0,
                "Local Dirtied Blocks": 0,
                "Local Written Blocks": 0,
                "Temp Read Blocks": 0,
                "Temp Written Blocks": 0
              },
              {
                "Node Type": "Hash",
                "Parent Relationship": "Inner",
                "Parallel Aware": false,
                "Async Capable": false,
                "Startup Cost": 950860.6,
                "Total Cost": 950860.6,
                "Plan Rows": 1148,
                "Plan Width": 12,
                "Actual Startup Time": 4444.556,
                "Actual Total Time": 4444.669,
                "Actual Rows": 432,
                "Actual Loops": 1,
                "Hash Buckets": 2048,
                "Original Hash Buckets": 2048,
                "Hash Batches": 1,
                "Original Hash Batches": 1,
                "Peak Memory Usage": 35,
                "Shared Hit Blocks": 5583975,
                "Shared Read Blocks": 571505,
                "Shared Dirtied Blocks": 0,
                "Shared Written Blocks": 0,
                "Local Hit Blocks": 0,
                "Local Read Blocks": 0,
                "Local Dirtied Blocks": 0,
                "Local Written Blocks": 0,
                "Temp Read Blocks": 0,
                "Temp Written Blocks": 0,
                "Plans": [
                  {
                    "Node Type": "Subquery Scan",
                    "Parent Relationship": "Outer",
                    "Parallel Aware": false,
                    "Async Capable": false,
                    "Alias": "x",
                    "Startup Cost": 1001.02,
                    "Total Cost": 950860.6,
                    "Plan Rows": 1148,
                    "Plan Width": 12,
                    "Actual Startup Time": 4444.469,
                    "Actual Total Time": 4444.625,
                    "Actual Rows": 435,
                    "Actual Loops": 1,
                    "Shared Hit Blocks": 5583975,
                    "Shared Read Blocks": 571505,
                    "Shared Dirtied Blocks": 0,
                    "Shared Written Blocks": 0,
                    "Local Hit Blocks": 0,
                    "Local Read Blocks": 0,
                    "Local Dirtied Blocks": 0,
                    "Local Written Blocks": 0,
                    "Temp Read Blocks": 0,
                    "Temp Written Blocks": 0,
                    "Plans": [
                      {
                        "Node Type": "SetOp",
                        "Strategy": "Hashed",
                        "Parent Relationship": "Subquery",
                        "Parallel Aware": false,
                        "Async Capable": false,
                        "Command": "Intersect",
                        "Startup Cost": 1001.02,
                        "Total Cost": 950849.12,
                        "Plan Rows": 1148,
                        "Plan Width": 16,
                        "Actual Startup Time": 4444.468,
                        "Actual Total Time": 4444.597,
                        "Actual Rows": 435,
                        "Actual Loops": 1,
                        "Shared Hit Blocks": 5583975,
                        "Shared Read Blocks": 571505,
                        "Shared Dirtied Blocks": 0,
                        "Shared Written Blocks": 0,
                        "Local Hit Blocks": 0,
                        "Local Read Blocks": 0,
                        "Local Dirtied Blocks": 0,
                        "Local Written Blocks": 0,
                        "Temp Read Blocks": 0,
                        "Temp Written Blocks": 0,
                        "Plans": [
                          {
                            "Node Type": "Append",
                            "Parent Relationship": "Outer",
                            "Parallel Aware": false,
                            "Async Capable": false,
                            "Startup Cost": 1001.02,
                            "Total Cost": 950679.96,
                            "Plan Rows": 22555,
                            "Plan Width": 16,
                            "Actual Startup Time": 3392.612,
                            "Actual Total Time": 4358.321,
                            "Actual Rows": 840725,
                            "Actual Loops": 1,
                            "Shared Hit Blocks": 5583975,
                            "Shared Read Blocks": 571505,
                            "Shared Dirtied Blocks": 0,
                            "Shared Written Blocks": 0,
                            "Local Hit Blocks": 0,
                            "Local Read Blocks": 0,
                            "Local Dirtied Blocks": 0,
                            "Local Written Blocks": 0,
                            "Temp Read Blocks": 0,
                            "Temp Written Blocks": 0,
                            "Subplans Removed": 0,
                            "Plans": [
                              {
                                "Node Type": "Result",
                                "Parent Relationship": "Member",
                                "Parallel Aware": false,
                                "Async Capable": false,
                                "Startup Cost": 1001.02,
                                "Total Cost": 760192.87,
                                "Plan Rows": 1148,
                                "Plan Width": 16,
                                "Actual Startup Time": 3392.612,
                                "Actual Total Time": 3392.745,
                                "Actual Rows": 436,
                                "Actual Loops": 1,
                                "Shared Hit Blocks": 3059281,
                                "Shared Read Blocks": 440841,
                                "Shared Dirtied Blocks": 0,
                                "Shared Written Blocks": 0,
                                "Local Hit Blocks": 0,
                                "Local Read Blocks": 0,
                                "Local Dirtied Blocks": 0,
                                "Local Written Blocks": 0,
                                "Temp Read Blocks": 0,
                                "Temp Written Blocks": 0,
                                "Plans": [
                                  {
                                    "Node Type": "SetOp",
                                    "Strategy": "Hashed",
                                    "Parent Relationship": "Outer",
                                    "Parallel Aware": false,
                                    "Async Capable": false,
                                    "Command": "Intersect",
                                    "Startup Cost": 1001.02,
                                    "Total Cost": 760181.39,
                                    "Plan Rows": 1148,
                                    "Plan Width": 16,
                                    "Actual Startup Time": 3392.61,
                                    "Actual Total Time": 3392.716,
                                    "Actual Rows": 436,
                                    "Actual Loops": 1,
                                    "Shared Hit Blocks": 3059281,
                                    "Shared Read Blocks": 440841,
                                    "Shared Dirtied Blocks": 0,
                                    "Shared Written Blocks": 0,
                                    "Local Hit Blocks": 0,
                                    "Local Read Blocks": 0,
                                    "Local Dirtied Blocks": 0,
                                    "Local Written Blocks": 0,
                                    "Temp Read Blocks": 0,
                                    "Temp Written Blocks": 0,
                                    "Plans": [
                                      {
                                        "Node Type": "Append",
                                        "Parent Relationship": "Outer",
                                        "Parallel Aware": false,
                                        "Async Capable": false,
                                        "Startup Cost": 1001.02,
                                        "Total Cost": 760151.84,
                                        "Plan Rows": 3939,
                                        "Plan Width": 16,
                                        "Actual Startup Time": 1.644,
                                        "Actual Total Time": 3363.963,
                                        "Actual Rows": 116507,
                                        "Actual Loops": 1,
                                        "Shared Hit Blocks": 3059281,
                                        "Shared Read Blocks": 440841,
                                        "Shared Dirtied Blocks": 0,
                                        "Shared Written Blocks": 0,
                                        "Local Hit Blocks": 0,
                                        "Local Read Blocks": 0,
                                        "Local Dirtied Blocks": 0,
                                        "Local Written Blocks": 0,
                                        "Temp Read Blocks": 0,
                                        "Temp Written Blocks": 0,
                                        "Subplans Removed": 0,
                                        "Plans": [
                                          {
                                            "Node Type": "Subquery Scan",
                                            "Parent Relationship": "Member",
                                            "Parallel Aware": false,
                                            "Async Capable": false,
                                            "Alias": "*SELECT* 2",
                                            "Startup Cost": 1001.02,
                                            "Total Cost": 351381.8,
                                            "Plan Rows": 1148,
                                            "Plan Width": 16,
                                            "Actual Startup Time": 1.644,
                                            "Actual Total Time": 1331.297,
                                            "Actual Rows": 59725,
                                            "Actual Loops": 1,
                                            "Shared Hit Blocks": 2357445,
                                            "Shared Read Blocks": 199178,
                                            "Shared Dirtied Blocks": 0,
                                            "Shared Written Blocks": 0,
                                            "Local Hit Blocks": 0,
                                            "Local Read Blocks": 0,
                                            "Local Dirtied Blocks": 0,
                                            "Local Written Blocks": 0,
                                            "Temp Read Blocks": 0,
                                            "Temp Written Blocks": 0,
                                            "Plans": [
                                              {
                                                "Node Type": "Gather",
                                                "Parent Relationship": "Subquery",
                                                "Parallel Aware": false,
                                                "Async Capable": false,
                                                "Startup Cost": 1001.02,
                                                "Total Cost": 351370.32,
                                                "Plan Rows": 1148,
                                                "Plan Width": 12,
                                                "Actual Startup Time": 1.643,
                                                "Actual Total Time": 1324.263,
                                                "Actual Rows": 59725,
                                                "Actual Loops": 1,
                                                "Workers Planned": 2,
                                                "Workers Launched": 2,
                                                "Single Copy": false,
                                                "Shared Hit Blocks": 2357445,
                                                "Shared Read Blocks": 199178,
                                                "Shared Dirtied Blocks": 0,
                                                "Shared Written Blocks": 0,
                                                "Local Hit Blocks": 0,
                                                "Local Read Blocks": 0,
                                                "Local Dirtied Blocks": 0,
                                                "Local Written Blocks": 0,
                                                "Temp Read Blocks": 0,
                                                "Temp Written Blocks": 0,
                                                "Plans": [
                                                  {
                                                    "Node Type": "Nested Loop",
                                                    "Parent Relationship": "Outer",
                                                    "Parallel Aware": false,
                                                    "Async Capable": false,
                                                    "Join Type": "Inner",
                                                    "Startup Cost": 1.02,
                                                    "Total Cost": 350255.52,
                                                    "Plan Rows": 478,
                                                    "Plan Width": 12,
                                                    "Actual Startup Time": 0.873,
                                                    "Actual Total Time": 1089.424,
                                                    "Actual Rows": 19908,
                                                    "Actual Loops": 3,
                                                    "Inner Unique": true,
                                                    "Shared Hit Blocks": 2357445,
                                                    "Shared Read Blocks": 199178,
                                                    "Shared Dirtied Blocks": 0,
                                                    "Shared Written Blocks": 0,
                                                    "Local Hit Blocks": 0,
                                                    "Local Read Blocks": 0,
                                                    "Local Dirtied Blocks": 0,
                                                    "Local Written Blocks": 0,
                                                    "Temp Read Blocks": 0,
                                                    "Temp Written Blocks": 0,
                                                    "Workers": [],
                                                    "Plans": [
                                                      {
                                                        "Node Type": "Nested Loop",
                                                        "Parent Relationship": "Outer",
                                                        "Parallel Aware": false,
                                                        "Async Capable": false,
                                                        "Join Type": "Inner",
                                                        "Startup Cost": 0.73,
                                                        "Total Cost": 346848.05,
                                                        "Plan Rows": 10137,
                                                        "Plan Width": 4,
                                                        "Actual Startup Time": 0.372,
                                                        "Actual Total Time": 594.349,
                                                        "Actual Rows": 262544,
                                                        "Actual Loops": 3,
                                                        "Inner Unique": false,
                                                        "Shared Hit Blocks": 5581,
                                                        "Shared Read Blocks": 188141,
                                                        "Shared Dirtied Blocks": 0,
                                                        "Shared Written Blocks": 0,
                                                        "Local Hit Blocks": 0,
                                                        "Local Read Blocks": 0,
                                                        "Local Dirtied Blocks": 0,
                                                        "Local Written Blocks": 0,
                                                        "Temp Read Blocks": 0,
                                                        "Temp Written Blocks": 0,
                                                        "Workers": [],
                                                        "Plans": [
                                                          {
                                                            "Node Type": "Index Only Scan",
                                                            "Parent Relationship": "Outer",
                                                            "Parallel Aware": true,
                                                            "Async Capable": false,
                                                            "Scan Direction": "Forward",
                                                            "Index Name": "_dta_index_date_dim_6_661577395__k1_k7_k9",
                                                            "Relation Name": "date_dim",
                                                            "Alias": "d2",
                                                            "Startup Cost": 0.29,
                                                            "Total Cost": 1863.25,
                                                            "Plan Rows": 446,
                                                            "Plan Width": 4,
                                                            "Actual Startup Time": 0.322,
                                                            "Actual Total Time": 1.0,
                                                            "Actual Rows": 365,
                                                            "Actual Loops": 3,
                                                            "Index Cond": "((d_year >= 1999) AND (d_year <= 2001))",
                                                            "Rows Removed by Index Recheck": 0,
                                                            "Heap Fetches": 0,
                                                            "Shared Hit Blocks": 3,
                                                            "Shared Read Blocks": 281,
                                                            "Shared Dirtied Blocks": 0,
                                                            "Shared Written Blocks": 0,
                                                            "Local Hit Blocks": 0,
                                                            "Local Read Blocks": 0,
                                                            "Local Dirtied Blocks": 0,
                                                            "Local Written Blocks": 0,
                                                            "Temp Read Blocks": 0,
                                                            "Temp Written Blocks": 0,
                                                            "Workers": []
                                                          },
                                                          {
                                                            "Node Type": "Index Scan",
                                                            "Parent Relationship": "Inner",
                                                            "Parallel Aware": false,
                                                            "Async Capable": false,
                                                            "Scan Direction": "Forward",
                                                            "Index Name": "_dta_index_catalog_sales_6_1301579675__k1_4",
                                                            "Relation Name": "catalog_sales",
                                                            "Alias": "catalog_sales",
                                                            "Startup Cost": 0.43,
                                                            "Total Cost": 765.7,
                                                            "Plan Rows": 781,
                                                            "Plan Width": 8,
                                                            "Actual Startup Time": 0.008,
                                                            "Actual Total Time": 1.566,
                                                            "Actual Rows": 719,
                                                            "Actual Loops": 1096,
                                                            "Index Cond": "(cs_sold_date_sk = d2.d_date_sk)",
                                                            "Rows Removed by Index Recheck": 0,
                                                            "Filter": "((cs_wholesale_cost >= '76'::numeric) AND (cs_wholesale_cost <= '96'::numeric))",
                                                            "Rows Removed by Filter": 5291,
                                                            "Shared Hit Blocks": 5578,
                                                            "Shared Read Blocks": 187860,
                                                            "Shared Dirtied Blocks": 0,
                                                            "Shared Written Blocks": 0,
                                                            "Local Hit Blocks": 0,
                                                            "Local Read Blocks": 0,
                                                            "Local Dirtied Blocks": 0,
                                                            "Local Written Blocks": 0,
                                                            "Temp Read Blocks": 0,
                                                            "Temp Written Blocks": 0,
                                                            "Workers": []
                                                          }
                                                        ]
                                                      },
                                                      {
                                                        "Node Type": "Index Scan",
                                                        "Parent Relationship": "Inner",
                                                        "Parallel Aware": false,
                                                        "Async Capable": false,
                                                        "Scan Direction": "Forward",
                                                        "Index Name": "item_pkey",
                                                        "Relation Name": "item",
                                                        "Alias": "ics",
                                                        "Startup Cost": 0.29,
                                                        "Total Cost": 0.34,
                                                        "Plan Rows": 1,
                                                        "Plan Width": 16,
                                                        "Actual Startup Time": 0.002,
                                                        "Actual Total Time": 0.002,
                                                        "Actual Rows": 0,
                                                        "Actual Loops": 787633,
                                                        "Index Cond": "(i_item_sk = catalog_sales.cs_item_sk)",
                                                        "Rows Removed by Index Recheck": 0,
                                                        "Filter": "((i_manager_id >= 42) AND (i_manager_id <= 51) AND (i_category = ANY ('{Electronics,Shoes,Sports}'::bpchar[])))",
                                                        "Rows Removed by Filter": 1,
                                                        "Shared Hit Blocks": 2351864,
                                                        "Shared Read Blocks": 11037,
                                                        "Shared Dirtied Blocks": 0,
                                                        "Shared Written Blocks": 0,
                                                        "Local Hit Blocks": 0,
                                                        "Local Read Blocks": 0,
                                                        "Local Dirtied Blocks": 0,
                                                        "Local Written Blocks": 0,
                                                        "Temp Read Blocks": 0,
                                                        "Temp Written Blocks": 0,
                                                        "Workers": []
                                                      }
                                                    ]
                                                  }
                                                ]
                                              }
                                            ]
                                          },
                                          {
                                            "Node Type": "Subquery Scan",
                                            "Parent Relationship": "Member",
                                            "Parallel Aware": false,
                                            "Async Capable": false,
                                            "Alias": "*SELECT* 1",
                                            "Startup Cost": 1001.16,
                                            "Total Cost": 408750.35,
                                            "Plan Rows": 2791,
                                            "Plan Width": 16,
                                            "Actual Startup Time": 1.161,
                                            "Actual Total Time": 2024.078,
                                            "Actual Rows": 56782,
                                            "Actual Loops": 1,
                                            "Shared Hit Blocks": 701836,
                                            "Shared Read Blocks": 241663,
                                            "Shared Dirtied Blocks": 0,
                                            "Shared Written Blocks": 0,
                                            "Local Hit Blocks": 0,
                                            "Local Read Blocks": 0,
                                            "Local Dirtied Blocks": 0,
                                            "Local Written Blocks": 0,
                                            "Temp Read Blocks": 0,
                                            "Temp Written Blocks": 0,
                                            "Plans": [
                                              {
                                                "Node Type": "Gather",
                                                "Parent Relationship": "Subquery",
                                                "Parallel Aware": false,
                                                "Async Capable": false,
                                                "Startup Cost": 1001.16,
                                                "Total Cost": 408722.44,
                                                "Plan Rows": 2791,
                                                "Plan Width": 12,
                                                "Actual Startup Time": 1.16,
                                                "Actual Total Time": 2018.122,
                                                "Actual Rows": 56782,
                                                "Actual Loops": 1,
                                                "Workers Planned": 2,
                                                "Workers Launched": 2,
                                                "Single Copy": false,
                                                "Shared Hit Blocks": 701836,
                                                "Shared Read Blocks": 241663,
                                                "Shared Dirtied Blocks": 0,
                                                "Shared Written Blocks": 0,
                                                "Local Hit Blocks": 0,
                                                "Local Read Blocks": 0,
                                                "Local Dirtied Blocks": 0,
                                                "Local Written Blocks": 0,
                                                "Temp Read Blocks": 0,
                                                "Temp Written Blocks": 0,
                                                "Plans": [
                                                  {
                                                    "Node Type": "Nested Loop",
                                                    "Parent Relationship": "Outer",
                                                    "Parallel Aware": false,
                                                    "Async Capable": false,
                                                    "Join Type": "Inner",
                                                    "Startup Cost": 1.16,
                                                    "Total Cost": 407443.34,
                                                    "Plan Rows": 1163,
                                                    "Plan Width": 12,
                                                    "Actual Startup Time": 0.693,
                                                    "Actual Total Time": 1650.992,
                                                    "Actual Rows": 18927,
                                                    "Actual Loops": 3,
                                                    "Inner Unique": true,
                                                    "Shared Hit Blocks": 701836,
                                                    "Shared Read Blocks": 241663,
                                                    "Shared Dirtied Blocks": 0,
                                                    "Shared Written Blocks": 0,
                                                    "Local Hit Blocks": 0,
                                                    "Local Read Blocks": 0,
                                                    "Local Dirtied Blocks": 0,
                                                    "Local Written Blocks": 0,
                                                    "Temp Read Blocks": 0,
                                                    "Temp Written Blocks": 0,
                                                    "Workers": [],
                                                    "Plans": [
                                                      {
                                                        "Node Type": "Nested Loop",
                                                        "Parent Relationship": "Outer",
                                                        "Parallel Aware": false,
                                                        "Async Capable": false,
                                                        "Join Type": "Inner",
                                                        "Startup Cost": 0.85,
                                                        "Total Cost": 403620.69,
                                                        "Plan Rows": 24647,
                                                        "Plan Width": 4,
                                                        "Actual Startup Time": 0.31,
                                                        "Actual Total Time": 1126.754,
                                                        "Actual Rows": 798538,
                                                        "Actual Loops": 3,
                                                        "Inner Unique": false,
                                                        "Shared Hit Blocks": 59719,
                                                        "Shared Read Blocks": 213794,
                                                        "Shared Dirtied Blocks": 0,
                                                        "Shared Written Blocks": 0,
                                                        "Local Hit Blocks": 0,
                                                        "Local Read Blocks": 0,
                                                        "Local Dirtied Blocks": 0,
                                                        "Local Written Blocks": 0,
                                                        "Temp Read Blocks": 0,
                                                        "Temp Written Blocks": 0,
                                                        "Workers": [],
                                                        "Plans": [
                                                          {
                                                            "Node Type": "Index Only Scan",
                                                            "Parent Relationship": "Outer",
                                                            "Parallel Aware": true,
                                                            "Async Capable": false,
                                                            "Scan Direction": "Forward",
                                                            "Index Name": "_dta_index_date_dim_6_661577395__k1_k7_k9",
                                                            "Relation Name": "date_dim",
                                                            "Alias": "d1",
                                                            "Startup Cost": 0.29,
                                                            "Total Cost": 1863.25,
                                                            "Plan Rows": 446,
                                                            "Plan Width": 4,
                                                            "Actual Startup Time": 0.256,
                                                            "Actual Total Time": 0.894,
                                                            "Actual Rows": 365,
                                                            "Actual Loops": 3,
                                                            "Index Cond": "((d_year >= 1999) AND (d_year <= 2001))",
                                                            "Rows Removed by Index Recheck": 0,
                                                            "Heap Fetches": 0,
                                                            "Shared Hit Blocks": 3,
                                                            "Shared Read Blocks": 281,
                                                            "Shared Dirtied Blocks": 0,
                                                            "Shared Written Blocks": 0,
                                                            "Local Hit Blocks": 0,
                                                            "Local Read Blocks": 0,
                                                            "Local Dirtied Blocks": 0,
                                                            "Local Written Blocks": 0,
                                                            "Temp Read Blocks": 0,
                                                            "Temp Written Blocks": 0,
                                                            "Workers": []
                                                          },
                                                          {
                                                            "Node Type": "Index Only Scan",
                                                            "Parent Relationship": "Inner",
                                                            "Parallel Aware": false,
                                                            "Async Capable": false,
                                                            "Scan Direction": "Forward",
                                                            "Index Name": "_dta_index_store_sales_6_1333579789__k1_k23_k14_k6_k8_k5_k7_3_4",
                                                            "Relation Name": "store_sales",
                                                            "Alias": "store_sales_2",
                                                            "Startup Cost": 0.56,
                                                            "Total Cost": 881.13,
                                                            "Plan Rows": 1967,
                                                            "Plan Width": 8,
                                                            "Actual Startup Time": 0.008,
                                                            "Actual Total Time": 2.935,
                                                            "Actual Rows": 2186,
                                                            "Actual Loops": 1096,
                                                            "Index Cond": "(ss_sold_date_sk = d1.d_date_sk)",
                                                            "Rows Removed by Index Recheck": 0,
                                                            "Filter": "((ss_wholesale_cost >= '76'::numeric) AND (ss_wholesale_cost <= '96'::numeric))",
                                                            "Rows Removed by Filter": 12085,
                                                            "Heap Fetches": 0,
                                                            "Shared Hit Blocks": 59716,
                                                            "Shared Read Blocks": 213513,
                                                            "Shared Dirtied Blocks": 0,
                                                            "Shared Written Blocks": 0,
                                                            "Local Hit Blocks": 0,
                                                            "Local Read Blocks": 0,
                                                            "Local Dirtied Blocks": 0,
                                                            "Local Written Blocks": 0,
                                                            "Temp Read Blocks": 0,
                                                            "Temp Written Blocks": 0,
                                                            "Workers": []
                                                          }
                                                        ]
                                                      },
                                                      {
                                                        "Node Type": "Memoize",
                                                        "Parent Relationship": "Inner",
                                                        "Parallel Aware": false,
                                                        "Async Capable": false,
                                                        "Startup Cost": 0.3,
                                                        "Total Cost": 0.34,
                                                        "Plan Rows": 1,
                                                        "Plan Width": 16,
                                                        "Actual Startup Time": 0.001,
                                                        "Actual Total Time": 0.001,
                                                        "Actual Rows": 0,
                                                        "Actual Loops": 2395613,
                                                        "Cache Key": "store_sales_2.ss_item_sk",
                                                        "Cache Mode": "logical",
                                                        "Cache Hits": 912156,
                                                        "Cache Misses": 86383,
                                                        "Cache Evictions": 26673,
                                                        "Cache Overflows": 0,
                                                        "Peak Memory Usage": 4097,
                                                        "Shared Hit Blocks": 642117,
                                                        "Shared Read Blocks": 27869,
                                                        "Shared Dirtied Blocks": 0,
                                                        "Shared Written Blocks": 0,
                                                        "Local Hit Blocks": 0,
                                                        "Local Read Blocks": 0,
                                                        "Local Dirtied Blocks": 0,
                                                        "Local Written Blocks": 0,
                                                        "Temp Read Blocks": 0,
                                                        "Temp Written Blocks": 0,
                                                        "Workers": [
                                                          {
                                                            "Worker Number": 0,
                                                            "Cache Hits": 762830,
                                                            "Cache Misses": 86512,
                                                            "Cache Evictions": 26802,
                                                            "Cache Overflows": 0,
                                                            "Peak Memory Usage": 4097
                                                          },
                                                          {
                                                            "Worker Number": 1,
                                                            "Cache Hits": 497301,
                                                            "Cache Misses": 50431,
                                                            "Cache Evictions": 0,
                                                            "Cache Overflows": 0,
                                                            "Peak Memory Usage": 3463
                                                          }
                                                        ],
                                                        "Plans": [
                                                          {
                                                            "Node Type": "Index Scan",
                                                            "Parent Relationship": "Outer",
                                                            "Parallel Aware": false,
                                                            "Async Capable": false,
                                                            "Scan Direction": "Forward",
                                                            "Index Name": "item_pkey",
                                                            "Relation Name": "item",
                                                            "Alias": "iss",
                                                            "Startup Cost": 0.29,
                                                            "Total Cost": 0.33,
                                                            "Plan Rows": 1,
                                                            "Plan Width": 16,
                                                            "Actual Startup Time": 0.003,
                                                            "Actual Total Time": 0.003,
                                                            "Actual Rows": 0,
                                                            "Actual Loops": 223326,
                                                            "Index Cond": "(i_item_sk = store_sales_2.ss_item_sk)",
                                                            "Rows Removed by Index Recheck": 0,
                                                            "Filter": "((i_manager_id >= 42) AND (i_manager_id <= 51) AND (i_category = ANY ('{Electronics,Shoes,Sports}'::bpchar[])))",
                                                            "Rows Removed by Filter": 1,
                                                            "Shared Hit Blocks": 642117,
                                                            "Shared Read Blocks": 27869,
                                                            "Shared Dirtied Blocks": 0,
                                                            "Shared Written Blocks": 0,
                                                            "Local Hit Blocks": 0,
                                                            "Local Read Blocks": 0,
                                                            "Local Dirtied Blocks": 0,
                                                            "Local Written Blocks": 0,
                                                            "Temp Read Blocks": 0,
                                                            "Temp Written Blocks": 0,
                                                            "Workers": []
                                                          }
                                                        ]
                                                      }
                                                    ]
                                                  }
                                                ]
                                              }
                                            ]
                                          }
                                        ]
                                      }
                                    ]
                                  }
                                ]
                              },
                              {
                                "Node Type": "Subquery Scan",
                                "Parent Relationship": "Member",
                                "Parallel Aware": false,
                                "Async Capable": false,
                                "Alias": "*SELECT* 3",
                                "Startup Cost": 1001.02,
                                "Total Cost": 190374.32,
                                "Plan Rows": 21407,
                                "Plan Width": 16,
                                "Actual Startup Time": 1.107,
                                "Actual Total Time": 917.457,
                                "Actual Rows": 840289,
                                "Actual Loops": 1,
                                "Shared Hit Blocks": 2524694,
                                "Shared Read Blocks": 130664,
                                "Shared Dirtied Blocks": 0,
                                "Shared Written Blocks": 0,
                                "Local Hit Blocks": 0,
                                "Local Read Blocks": 0,
                                "Local Dirtied Blocks": 0,
                                "Local Written Blocks": 0,
                                "Temp Read Blocks": 0,
                                "Temp Written Blocks": 0,
                                "Plans": [
                                  {
                                    "Node Type": "Gather",
                                    "Parent Relationship": "Subquery",
                                    "Parallel Aware": false,
                                    "Async Capable": false,
                                    "Startup Cost": 1001.02,
                                    "Total Cost": 190160.25,
                                    "Plan Rows": 21407,
                                    "Plan Width": 12,
                                    "Actual Startup Time": 1.106,
                                    "Actual Total Time": 845.12,
                                    "Actual Rows": 840289,
                                    "Actual Loops": 1,
                                    "Workers Planned": 2,
                                    "Workers Launched": 2,
                                    "Single Copy": false,
                                    "Shared Hit Blocks": 2524694,
                                    "Shared Read Blocks": 130664,
                                    "Shared Dirtied Blocks": 0,
                                    "Shared Written Blocks": 0,
                                    "Local Hit Blocks": 0,
                                    "Local Read Blocks": 0,
                                    "Local Dirtied Blocks": 0,
                                    "Local Written Blocks": 0,
                                    "Temp Read Blocks": 0,
                                    "Temp Written Blocks": 0,
                                    "Plans": [
                                      {
                                        "Node Type": "Nested Loop",
                                        "Parent Relationship": "Outer",
                                        "Parallel Aware": false,
                                        "Async Capable": false,
                                        "Join Type": "Inner",
                                        "Startup Cost": 1.02,
                                        "Total Cost": 187019.55,
                                        "Plan Rows": 8920,
                                        "Plan Width": 12,
                                        "Actual Startup Time": 0.379,
                                        "Actual Total Time": 821.094,
                                        "Actual Rows": 280096,
                                        "Actual Loops": 3,
                                        "Inner Unique": true,
                                        "Shared Hit Blocks": 2524694,
                                        "Shared Read Blocks": 130664,
                                        "Shared Dirtied Blocks": 0,
                                        "Shared Written Blocks": 0,
                                        "Local Hit Blocks": 0,
                                        "Local Read Blocks": 0,
                                        "Local Dirtied Blocks": 0,
                                        "Local Written Blocks": 0,
                                        "Temp Read Blocks": 0,
                                        "Temp Written Blocks": 0,
                                        "Workers": [],
                                        "Plans": [
                                          {
                                            "Node Type": "Nested Loop",
                                            "Parent Relationship": "Outer",
                                            "Parallel Aware": false,
                                            "Async Capable": false,
                                            "Join Type": "Inner",
                                            "Startup Cost": 0.72,
                                            "Total Cost": 184077.2,
                                            "Plan Rows": 8920,
                                            "Plan Width": 4,
                                            "Actual Startup Time": 0.355,
                                            "Actual Total Time": 382.903,
                                            "Actual Rows": 280096,
                                            "Actual Loops": 3,
                                            "Inner Unique": false,
                                            "Shared Hit Blocks": 9700,
                                            "Shared Read Blocks": 124789,
                                            "Shared Dirtied Blocks": 0,
                                            "Shared Written Blocks": 0,
                                            "Local Hit Blocks": 0,
                                            "Local Read Blocks": 0,
                                            "Local Dirtied Blocks": 0,
                                            "Local Written Blocks": 0,
                                            "Temp Read Blocks": 0,
                                            "Temp Written Blocks": 0,
                                            "Workers": [],
                                            "Plans": [
                                              {
                                                "Node Type": "Index Only Scan",
                                                "Parent Relationship": "Outer",
                                                "Parallel Aware": true,
                                                "Async Capable": false,
                                                "Scan Direction": "Forward",
                                                "Index Name": "_dta_index_date_dim_6_661577395__k1_k7_k9",
                                                "Relation Name": "date_dim",
                                                "Alias": "d3",
                                                "Startup Cost": 0.29,
                                                "Total Cost": 1863.25,
                                                "Plan Rows": 446,
                                                "Plan Width": 4,
                                                "Actual Startup Time": 0.289,
                                                "Actual Total Time": 0.931,
                                                "Actual Rows": 365,
                                                "Actual Loops": 3,
                                                "Index Cond": "((d_year >= 1999) AND (d_year <= 2001))",
                                                "Rows Removed by Index Recheck": 0,
                                                "Heap Fetches": 0,
                                                "Shared Hit Blocks": 3,
                                                "Shared Read Blocks": 281,
                                                "Shared Dirtied Blocks": 0,
                                                "Shared Written Blocks": 0,
                                                "Local Hit Blocks": 0,
                                                "Local Read Blocks": 0,
                                                "Local Dirtied Blocks": 0,
                                                "Local Written Blocks": 0,
                                                "Temp Read Blocks": 0,
                                                "Temp Written Blocks": 0,
                                                "Workers": []
                                              },
                                              {
                                                "Node Type": "Index Scan",
                                                "Parent Relationship": "Inner",
                                                "Parallel Aware": false,
                                                "Async Capable": false,
                                                "Scan Direction": "Forward",
                                                "Index Name": "_dta_index_web_sales_6_1269579561__k1_8_24",
                                                "Relation Name": "web_sales",
                                                "Alias": "web_sales",
                                                "Startup Cost": 0.43,
                                                "Total Cost": 401.67,
                                                "Plan Rows": 688,
                                                "Plan Width": 8,
                                                "Actual Startup Time": 0.008,
                                                "Actual Total Time": 0.99,
                                                "Actual Rows": 767,
                                                "Actual Loops": 1096,
                                                "Index Cond": "(ws_sold_date_sk = d3.d_date_sk)",
                                                "Rows Removed by Index Recheck": 0,
                                                "Filter": "((ws_wholesale_cost >= '76'::numeric) AND (ws_wholesale_cost <= '96'::numeric))",
                                                "Rows Removed by Filter": 3045,
                                                "Shared Hit Blocks": 9697,
                                                "Shared Read Blocks": 124508,
                                                "Shared Dirtied Blocks": 0,
                                                "Shared Written Blocks": 0,
                                                "Local Hit Blocks": 0,
                                                "Local Read Blocks": 0,
                                                "Local Dirtied Blocks": 0,
                                                "Local Written Blocks": 0,
                                                "Temp Read Blocks": 0,
                                                "Temp Written Blocks": 0,
                                                "Workers": []
                                              }
                                            ]
                                          },
                                          {
                                            "Node Type": "Index Scan",
                                            "Parent Relationship": "Inner",
                                            "Parallel Aware": false,
                                            "Async Capable": false,
                                            "Scan Direction": "Forward",
                                            "Index Name": "item_pkey",
                                            "Relation Name": "item",
                                            "Alias": "iws",
                                            "Startup Cost": 0.29,
                                            "Total Cost": 0.33,
                                            "Plan Rows": 1,
                                            "Plan Width": 16,
                                            "Actual Startup Time": 0.001,
                                            "Actual Total Time": 0.001,
                                            "Actual Rows": 1,
                                            "Actual Loops": 840289,
                                            "Index Cond": "(i_item_sk = web_sales.ws_item_sk)",
                                            "Rows Removed by Index Recheck": 0,
                                            "Shared Hit Blocks": 2514994,
                                            "Shared Read Blocks": 5875,
                                            "Shared Dirtied Blocks": 0,
                                            "Shared Written Blocks": 0,
                                            "Local Hit Blocks": 0,
                                            "Local Read Blocks": 0,
                                            "Local Dirtied Blocks": 0,
                                            "Local Written Blocks": 0,
                                            "Temp Read Blocks": 0,
                                            "Temp Written Blocks": 0,
                                            "Workers": []
                                          }
                                        ]
                                      }
                                    ]
                                  }
                                ]
                              }
                            ]
                          }
                        ]
                      }
                    ]
                  }
                ]
              }
            ]
          },
          {
            "Node Type": "Aggregate",
            "Strategy": "Plain",
            "Partial Mode": "Finalize",
            "Parent Relationship": "InitPlan",
            "Subplan Name": "CTE avg_sales",
            "Parallel Aware": false,
            "Async Capable": false,
            "Startup Cost": 937906.12,
            "Total Cost": 937906.13,
            "Plan Rows": 1,
            "Plan Width": 32,
            "Actual Startup Time": 2519.506,
            "Actual Total Time": 2519.529,
            "Actual Rows": 1,
            "Actual Loops": 1,
            "Shared Hit Blocks": 75729,
            "Shared Read Blocks": 525989,
            "Shared Dirtied Blocks": 0,
            "Shared Written Blocks": 0,
            "Local Hit Blocks": 0,
            "Local Read Blocks": 0,
            "Local Dirtied Blocks": 0,
            "Local Written Blocks": 0,
            "Temp Read Blocks": 0,
            "Temp Written Blocks": 0,
            "Plans": [
              {
                "Node Type": "Gather",
                "Parent Relationship": "Outer",
                "Parallel Aware": false,
                "Async Capable": false,
                "Startup Cost": 937905.9,
                "Total Cost": 937906.11,
                "Plan Rows": 2,
                "Plan Width": 32,
                "Actual Startup Time": 2213.801,
                "Actual Total Time": 2519.515,
                "Actual Rows": 3,
                "Actual Loops": 1,
                "Workers Planned": 2,
                "Workers Launched": 2,
                "Single Copy": false,
                "Shared Hit Blocks": 75729,
                "Shared Read Blocks": 525989,
                "Shared Dirtied Blocks": 0,
                "Shared Written Blocks": 0,
                "Local Hit Blocks": 0,
                "Local Read Blocks": 0,
                "Local Dirtied Blocks": 0,
                "Local Written Blocks": 0,
                "Temp Read Blocks": 0,
                "Temp Written Blocks": 0,
                "Plans": [
                  {
                    "Node Type": "Aggregate",
                    "Strategy": "Plain",
                    "Partial Mode": "Partial",
                    "Parent Relationship": "Outer",
                    "Parallel Aware": false,
                    "Async Capable": false,
                    "Startup Cost": 936905.9,
                    "Total Cost": 936905.91,
                    "Plan Rows": 1,
                    "Plan Width": 32,
                    "Actual Startup Time": 2265.435,
                    "Actual Total Time": 2265.438,
                    "Actual Rows": 1,
                    "Actual Loops": 3,
                    "Shared Hit Blocks": 75729,
                    "Shared Read Blocks": 525989,
                    "Shared Dirtied Blocks": 0,
                    "Shared Written Blocks": 0,
                    "Local Hit Blocks": 0,
                    "Local Read Blocks": 0,
                    "Local Dirtied Blocks": 0,
                    "Local Written Blocks": 0,
                    "Temp Read Blocks": 0,
                    "Temp Written Blocks": 0,
                    "Workers": [],
                    "Plans": [
                      {
                        "Node Type": "Append",
                        "Parent Relationship": "Outer",
                        "Parallel Aware": true,
                        "Async Capable": false,
                        "Startup Cost": 0.73,
                        "Total Cost": 936119.24,
                        "Plan Rows": 104887,
                        "Plan Width": 10,
                        "Actual Startup Time": 0.555,
                        "Actual Total Time": 2012.6,
                        "Actual Rows": 1341178,
                        "Actual Loops": 3,
                        "Shared Hit Blocks": 75729,
                        "Shared Read Blocks": 525989,
                        "Shared Dirtied Blocks": 0,
                        "Shared Written Blocks": 0,
                        "Local Hit Blocks": 0,
                        "Local Read Blocks": 0,
                        "Local Dirtied Blocks": 0,
                        "Local Written Blocks": 0,
                        "Temp Read Blocks": 0,
                        "Temp Written Blocks": 0,
                        "Workers": [],
                        "Subplans Removed": 0,
                        "Plans": [
                          {
                            "Node Type": "Nested Loop",
                            "Parent Relationship": "Member",
                            "Parallel Aware": false,
                            "Async Capable": false,
                            "Join Type": "Inner",
                            "Startup Cost": 0.85,
                            "Total Cost": 403620.69,
                            "Plan Rows": 24647,
                            "Plan Width": 10,
                            "Actual Startup Time": 0.232,
                            "Actual Total Time": 1051.506,
                            "Actual Rows": 798538,
                            "Actual Loops": 3,
                            "Inner Unique": false,
                            "Shared Hit Blocks": 59864,
                            "Shared Read Blocks": 213648,
                            "Shared Dirtied Blocks": 0,
                            "Shared Written Blocks": 0,
                            "Local Hit Blocks": 0,
                            "Local Read Blocks": 0,
                            "Local Dirtied Blocks": 0,
                            "Local Written Blocks": 0,
                            "Temp Read Blocks": 0,
                            "Temp Written Blocks": 0,
                            "Workers": [],
                            "Plans": [
                              {
                                "Node Type": "Index Only Scan",
                                "Parent Relationship": "Outer",
                                "Parallel Aware": true,
                                "Async Capable": false,
                                "Scan Direction": "Forward",
                                "Index Name": "_dta_index_date_dim_6_661577395__k1_k7_k9",
                                "Relation Name": "date_dim",
                                "Alias": "date_dim_2",
                                "Startup Cost": 0.29,
                                "Total Cost": 1863.25,
                                "Plan Rows": 446,
                                "Plan Width": 4,
                                "Actual Startup Time": 0.189,
                                "Actual Total Time": 0.672,
                                "Actual Rows": 365,
                                "Actual Loops": 3,
                                "Index Cond": "((d_year >= 1999) AND (d_year <= 2001))",
                                "Rows Removed by Index Recheck": 0,
                                "Heap Fetches": 0,
                                "Shared Hit Blocks": 146,
                                "Shared Read Blocks": 139,
                                "Shared Dirtied Blocks": 0,
                                "Shared Written Blocks": 0,
                                "Local Hit Blocks": 0,
                                "Local Read Blocks": 0,
                                "Local Dirtied Blocks": 0,
                                "Local Written Blocks": 0,
                                "Temp Read Blocks": 0,
                                "Temp Written Blocks": 0,
                                "Workers": []
                              },
                              {
                                "Node Type": "Index Only Scan",
                                "Parent Relationship": "Inner",
                                "Parallel Aware": false,
                                "Async Capable": false,
                                "Scan Direction": "Forward",
                                "Index Name": "_dta_index_store_sales_6_1333579789__k1_k23_k14_k6_k8_k5_k7_3_4",
                                "Relation Name": "store_sales",
                                "Alias": "store_sales_3",
                                "Startup Cost": 0.56,
                                "Total Cost": 881.13,
                                "Plan Rows": 1967,
                                "Plan Width": 14,
                                "Actual Startup Time": 0.008,
                                "Actual Total Time": 2.73,
                                "Actual Rows": 2186,
                                "Actual Loops": 1096,
                                "Index Cond": "(ss_sold_date_sk = date_dim_2.d_date_sk)",
                                "Rows Removed by Index Recheck": 0,
                                "Filter": "((ss_wholesale_cost >= '76'::numeric) AND (ss_wholesale_cost <= '96'::numeric))",
                                "Rows Removed by Filter": 12085,
                                "Heap Fetches": 0,
                                "Shared Hit Blocks": 59718,
                                "Shared Read Blocks": 213509,
                                "Shared Dirtied Blocks": 0,
                                "Shared Written Blocks": 0,
                                "Local Hit Blocks": 0,
                                "Local Read Blocks": 0,
                                "Local Dirtied Blocks": 0,
                                "Local Written Blocks": 0,
                                "Temp Read Blocks": 0,
                                "Temp Written Blocks": 0,
                                "Workers": []
                              }
                            ]
                          },
                          {
                            "Node Type": "Nested Loop",
                            "Parent Relationship": "Member",
                            "Parallel Aware": false,
                            "Async Capable": false,
                            "Join Type": "Inner",
                            "Startup Cost": 0.73,
                            "Total Cost": 346848.05,
                            "Plan Rows": 10137,
                            "Plan Width": 10,
                            "Actual Startup Time": 0.241,
                            "Actual Total Time": 784.952,
                            "Actual Rows": 393816,
                            "Actual Loops": 2,
                            "Inner Unique": false,
                            "Shared Hit Blocks": 5802,
                            "Shared Read Blocks": 187919,
                            "Shared Dirtied Blocks": 0,
                            "Shared Written Blocks": 0,
                            "Local Hit Blocks": 0,
                            "Local Read Blocks": 0,
                            "Local Dirtied Blocks": 0,
                            "Local Written Blocks": 0,
                            "Temp Read Blocks": 0,
                            "Temp Written Blocks": 0,
                            "Workers": [],
                            "Plans": [
                              {
                                "Node Type": "Index Only Scan",
                                "Parent Relationship": "Outer",
                                "Parallel Aware": true,
                                "Async Capable": false,
                                "Scan Direction": "Forward",
                                "Index Name": "_dta_index_date_dim_6_661577395__k1_k7_k9",
                                "Relation Name": "date_dim",
                                "Alias": "date_dim_3",
                                "Startup Cost": 0.29,
                                "Total Cost": 1863.25,
                                "Plan Rows": 446,
                                "Plan Width": 4,
                                "Actual Startup Time": 0.206,
                                "Actual Total Time": 1.093,
                                "Actual Rows": 548,
                                "Actual Loops": 2,
                                "Index Cond": "((d_year >= 1999) AND (d_year <= 2001))",
                                "Rows Removed by Index Recheck": 0,
                                "Heap Fetches": 0,
                                "Shared Hit Blocks": 147,
                                "Shared Read Blocks": 137,
                                "Shared Dirtied Blocks": 0,
                                "Shared Written Blocks": 0,
                                "Local Hit Blocks": 0,
                                "Local Read Blocks": 0,
                                "Local Dirtied Blocks": 0,
                                "Local Written Blocks": 0,
                                "Temp Read Blocks": 0,
                                "Temp Written Blocks": 0,
                                "Workers": []
                              },
                              {
                                "Node Type": "Index Scan",
                                "Parent Relationship": "Inner",
                                "Parallel Aware": false,
                                "Async Capable": false,
                                "Scan Direction": "Forward",
                                "Index Name": "_dta_index_catalog_sales_6_1301579675__k1_4",
                                "Relation Name": "catalog_sales",
                                "Alias": "catalog_sales_1",
                                "Startup Cost": 0.43,
                                "Total Cost": 765.7,
                                "Plan Rows": 781,
                                "Plan Width": 14,
                                "Actual Startup Time": 0.007,
                                "Actual Total Time": 1.372,
                                "Actual Rows": 719,
                                "Actual Loops": 1096,
                                "Index Cond": "(cs_sold_date_sk = date_dim_3.d_date_sk)",
                                "Rows Removed by Index Recheck": 0,
                                "Filter": "((cs_wholesale_cost >= '76'::numeric) AND (cs_wholesale_cost <= '96'::numeric))",
                                "Rows Removed by Filter": 5291,
                                "Shared Hit Blocks": 5655,
                                "Shared Read Blocks": 187782,
                                "Shared Dirtied Blocks": 0,
                                "Shared Written Blocks": 0,
                                "Local Hit Blocks": 0,
                                "Local Read Blocks": 0,
                                "Local Dirtied Blocks": 0,
                                "Local Written Blocks": 0,
                                "Temp Read Blocks": 0,
                                "Temp Written Blocks": 0,
                                "Workers": []
                              }
                            ]
                          },
                          {
                            "Node Type": "Nested Loop",
                            "Parent Relationship": "Member",
                            "Parallel Aware": false,
                            "Async Capable": false,
                            "Join Type": "Inner",
                            "Startup Cost": 0.72,
                            "Total Cost": 184077.2,
                            "Plan Rows": 8920,
                            "Plan Width": 10,
                            "Actual Startup Time": 0.614,
                            "Actual Total Time": 1084.041,
                            "Actual Rows": 840289,
                            "Actual Loops": 1,
                            "Inner Unique": false,
                            "Shared Hit Blocks": 10063,
                            "Shared Read Blocks": 124422,
                            "Shared Dirtied Blocks": 0,
                            "Shared Written Blocks": 0,
                            "Local Hit Blocks": 0,
                            "Local Read Blocks": 0,
                            "Local Dirtied Blocks": 0,
                            "Local Written Blocks": 0,
                            "Temp Read Blocks": 0,
                            "Temp Written Blocks": 0,
                            "Workers": [],
                            "Plans": [
                              {
                                "Node Type": "Index Only Scan",
                                "Parent Relationship": "Outer",
                                "Parallel Aware": true,
                                "Async Capable": false,
                                "Scan Direction": "Forward",
                                "Index Name": "_dta_index_date_dim_6_661577395__k1_k7_k9",
                                "Relation Name": "date_dim",
                                "Alias": "date_dim_4",
                                "Startup Cost": 0.29,
                                "Total Cost": 1863.25,
                                "Plan Rows": 446,
                                "Plan Width": 4,
                                "Actual Startup Time": 0.59,
                                "Actual Total Time": 1.907,
                                "Actual Rows": 1096,
                                "Actual Loops": 1,
                                "Index Cond": "((d_year >= 1999) AND (d_year <= 2001))",
                                "Rows Removed by Index Recheck": 0,
                                "Heap Fetches": 0,
                                "Shared Hit Blocks": 1,
                                "Shared Read Blocks": 281,
                                "Shared Dirtied Blocks": 0,
                                "Shared Written Blocks": 0,
                                "Local Hit Blocks": 0,
                                "Local Read Blocks": 0,
                                "Local Dirtied Blocks": 0,
                                "Local Written Blocks": 0,
                                "Temp Read Blocks": 0,
                                "Temp Written Blocks": 0,
                                "Workers": []
                              },
                              {
                                "Node Type": "Index Scan",
                                "Parent Relationship": "Inner",
                                "Parallel Aware": false,
                                "Async Capable": false,
                                "Scan Direction": "Forward",
                                "Index Name": "_dta_index_web_sales_6_1269579561__k1_8_24",
                                "Relation Name": "web_sales",
                                "Alias": "web_sales_1",
                                "Startup Cost": 0.43,
                                "Total Cost": 401.67,
                                "Plan Rows": 688,
                                "Plan Width": 14,
                                "Actual Startup Time": 0.008,
                                "Actual Total Time": 0.925,
                                "Actual Rows": 767,
                                "Actual Loops": 1096,
                                "Index Cond": "(ws_sold_date_sk = date_dim_4.d_date_sk)",
                                "Rows Removed by Index Recheck": 0,
                                "Filter": "((ws_wholesale_cost >= '76'::numeric) AND (ws_wholesale_cost <= '96'::numeric))",
                                "Rows Removed by Filter": 3045,
                                "Shared Hit Blocks": 10062,
                                "Shared Read Blocks": 124141,
                                "Shared Dirtied Blocks": 0,
                                "Shared Written Blocks": 0,
                                "Local Hit Blocks": 0,
                                "Local Read Blocks": 0,
                                "Local Dirtied Blocks": 0,
                                "Local Written Blocks": 0,
                                "Temp Read Blocks": 0,
                                "Temp Written Blocks": 0,
                                "Workers": []
                              }
                            ]
                          }
                        ]
                      }
                    ]
                  }
                ]
              }
            ]
          },
          {
            "Node Type": "Sort",
            "Parent Relationship": "Outer",
            "Parallel Aware": false,
            "Async Capable": false,
            "Startup Cost": 2031.08,
            "Total Cost": 2031.09,
            "Plan Rows": 1,
            "Plan Width": 168,
            "Actual Startup Time": 12909.002,
            "Actual Total Time": 12909.013,
            "Actual Rows": 55,
            "Actual Loops": 1,
            "Sort Key": [
              "('store'::text)",
              "item.i_brand_id",
              "item.i_class_id",
              "item.i_category_id"
            ],
            "Sort Method": "quicksort",
            "Sort Space Used": 32,
            "Sort Space Type": "Memory",
            "Shared Hit Blocks": 6332639,
            "Shared Read Blocks": 2432609,
            "Shared Dirtied Blocks": 0,
            "Shared Written Blocks": 0,
            "Local Hit Blocks": 0,
            "Local Read Blocks": 0,
            "Local Dirtied Blocks": 0,
            "Local Written Blocks": 0,
            "Temp Read Blocks": 0,
            "Temp Written Blocks": 0,
            "Plans": [
              {
                "Node Type": "Nested Loop",
                "Parent Relationship": "Outer",
                "Parallel Aware": false,
                "Async Capable": false,
                "Join Type": "Inner",
                "Startup Cost": 2030.96,
                "Total Cost": 2031.07,
                "Plan Rows": 1,
                "Plan Width": 168,
                "Actual Startup Time": 12889.587,
                "Actual Total Time": 12908.989,
                "Actual Rows": 55,
                "Actual Loops": 1,
                "Inner Unique": true,
                "Join Filter": "((item.i_brand_id = item_1.i_brand_id) AND (item.i_class_id = item_1.i_class_id) AND (item.i_category_id = item_1.i_category_id))",
                "Rows Removed by Join Filter": 15021,
                "Shared Hit Blocks": 6332639,
                "Shared Read Blocks": 2432609,
                "Shared Dirtied Blocks": 0,
                "Shared Written Blocks": 0,
                "Local Hit Blocks": 0,
                "Local Read Blocks": 0,
                "Local Dirtied Blocks": 0,
                "Local Written Blocks": 0,
                "Temp Read Blocks": 0,
                "Temp Written Blocks": 0,
                "Plans": [
                  {
                    "Node Type": "Aggregate",
                    "Strategy": "Sorted",
                    "Partial Mode": "Simple",
                    "Parent Relationship": "Outer",
                    "Parallel Aware": false,
                    "Async Capable": false,
                    "Startup Cost": 1015.48,
                    "Total Cost": 1015.52,
                    "Plan Rows": 1,
                    "Plan Width": 84,
                    "Actual Startup Time": 11177.211,
                    "Actual Total Time": 11177.535,
                    "Actual Rows": 194,
                    "Actual Loops": 1,
                    "Group Key": [
                      "item.i_brand_id",
                      "item.i_class_id",
                      "item.i_category_id"
                    ],
                    "Filter": "(sum(((store_sales.ss_quantity)::numeric * store_sales.ss_list_price)) > $16)",
                    "Rows Removed by Filter": 80,
                    "Shared Hit Blocks": 5999752,
                    "Shared Read Blocks": 1764956,
                    "Shared Dirtied Blocks": 0,
                    "Shared Written Blocks": 0,
                    "Local Hit Blocks": 0,
                    "Local Read Blocks": 0,
                    "Local Dirtied Blocks": 0,
                    "Local Written Blocks": 0,
                    "Temp Read Blocks": 0,
                    "Temp Written Blocks": 0,
                    "Plans": [
                      {
                        "Node Type": "Index Scan",
                        "Parent Relationship": "InitPlan",
                        "Subplan Name": "InitPlan 3 (returns $15)",
                        "Parallel Aware": false,
                        "Async Capable": false,
                        "Scan Direction": "Forward",
                        "Index Name": "_dta_index_date_dim_6_661577395__k7_k9",
                        "Relation Name": "date_dim",
                        "Alias": "date_dim_5",
                        "Startup Cost": 0.29,
                        "Total Cost": 59.72,
                        "Plan Rows": 1,
                        "Plan Width": 4,
                        "Actual Startup Time": 0.015,
                        "Actual Total Time": 0.018,
                        "Actual Rows": 1,
                        "Actual Loops": 1,
                        "Index Cond": "((d_year = 2000) AND (d_moy = 12))",
                        "Rows Removed by Index Recheck": 0,
                        "Filter": "(d_dom = 12)",
                        "Rows Removed by Filter": 30,
                        "Shared Hit Blocks": 0,
                        "Shared Read Blocks": 4,
                        "Shared Dirtied Blocks": 0,
                        "Shared Written Blocks": 0,
                        "Local Hit Blocks": 0,
                        "Local Read Blocks": 0,
                        "Local Dirtied Blocks": 0,
                        "Local Written Blocks": 0,
                        "Temp Read Blocks": 0,
                        "Temp Written Blocks": 0
                      },
                      {
                        "Node Type": "CTE Scan",
                        "Parent Relationship": "InitPlan",
                        "Subplan Name": "InitPlan 4 (returns $16)",
                        "Parallel Aware": false,
                        "Async Capable": false,
                        "CTE Name": "avg_sales",
                        "Alias": "avg_sales",
                        "Startup Cost": 0.0,
                        "Total Cost": 0.02,
                        "Plan Rows": 1,
                        "Plan Width": 32,
                        "Actual Startup Time": 2519.509,
                        "Actual Total Time": 2519.509,
                        "Actual Rows": 1,
                        "Actual Loops": 1,
                        "Shared Hit Blocks": 75729,
                        "Shared Read Blocks": 525989,
                        "Shared Dirtied Blocks": 0,
                        "Shared Written Blocks": 0,
                        "Local Hit Blocks": 0,
                        "Local Read Blocks": 0,
                        "Local Dirtied Blocks": 0,
                        "Local Written Blocks": 0,
                        "Temp Read Blocks": 0,
                        "Temp Written Blocks": 0
                      },
                      {
                        "Node Type": "Sort",
                        "Parent Relationship": "Outer",
                        "Parallel Aware": false,
                        "Async Capable": false,
                        "Startup Cost": 955.74,
                        "Total Cost": 955.75,
                        "Plan Rows": 1,
                        "Plan Width": 22,
                        "Actual Startup Time": 8657.683,
                        "Actual Total Time": 8657.749,
                        "Actual Rows": 751,
                        "Actual Loops": 1,
                        "Sort Key": [
                          "item.i_brand_id",
                          "item.i_class_id",
                          "item.i_category_id"
                        ],
                        "Sort Method": "quicksort",
                        "Sort Space Used": 83,
                        "Sort Space Type": "Memory",
                        "Shared Hit Blocks": 5924023,
                        "Shared Read Blocks": 1238967,
                        "Shared Dirtied Blocks": 0,
                        "Shared Written Blocks": 0,
                        "Local Hit Blocks": 0,
                        "Local Read Blocks": 0,
                        "Local Dirtied Blocks": 0,
                        "Local Written Blocks": 0,
                        "Temp Read Blocks": 0,
                        "Temp Written Blocks": 0,
                        "Plans": [
                          {
                            "Node Type": "Nested Loop",
                            "Parent Relationship": "Outer",
                            "Parallel Aware": false,
                            "Async Capable": false,
                            "Join Type": "Inner",
                            "Startup Cost": 1.04,
                            "Total Cost": 955.73,
                            "Plan Rows": 1,
                            "Plan Width": 22,
                            "Actual Startup Time": 4477.677,
                            "Actual Total Time": 8655.879,
                            "Actual Rows": 751,
                            "Actual Loops": 1,
                            "Inner Unique": true,
                            "Shared Hit Blocks": 5924023,
                            "Shared Read Blocks": 1238967,
                            "Shared Dirtied Blocks": 0,
                            "Shared Written Blocks": 0,
                            "Local Hit Blocks": 0,
                            "Local Read Blocks": 0,
                            "Local Dirtied Blocks": 0,
                            "Local Written Blocks": 0,
                            "Temp Read Blocks": 0,
                            "Temp Written Blocks": 0,
                            "Plans": [
                              {
                                "Node Type": "Nested Loop",
                                "Parent Relationship": "Outer",
                                "Parallel Aware": false,
                                "Async Capable": false,
                                "Join Type": "Inner",
                                "Startup Cost": 0.75,
                                "Total Cost": 953.21,
                                "Plan Rows": 8,
                                "Plan Width": 26,
                                "Actual Startup Time": 4472.93,
                                "Actual Total Time": 8479.491,
                                "Actual Rows": 100842,
                                "Actual Loops": 1,
                                "Inner Unique": false,
                                "Shared Hit Blocks": 5628642,
                                "Shared Read Blocks": 1238916,
                                "Shared Dirtied Blocks": 0,
                                "Shared Written Blocks": 0,
                                "Local Hit Blocks": 0,
                                "Local Read Blocks": 0,
                                "Local Dirtied Blocks": 0,
                                "Local Written Blocks": 0,
                                "Temp Read Blocks": 0,
                                "Temp Written Blocks": 0,
                                "Plans": [
                                  {
                                    "Node Type": "Nested Loop",
                                    "Parent Relationship": "Outer",
                                    "Parallel Aware": false,
                                    "Async Capable": false,
                                    "Join Type": "Inner",
                                    "Startup Cost": 0.32,
                                    "Total Cost": 8.35,
                                    "Plan Rows": 1,
                                    "Plan Width": 20,
                                    "Actual Startup Time": 4468.744,
                                    "Actual Total Time": 4513.98,
                                    "Actual Rows": 4735,
                                    "Actual Loops": 1,
                                    "Inner Unique": true,
                                    "Shared Hit Blocks": 5597688,
                                    "Shared Read Blocks": 578967,
                                    "Shared Dirtied Blocks": 0,
                                    "Shared Written Blocks": 0,
                                    "Local Hit Blocks": 0,
                                    "Local Read Blocks": 0,
                                    "Local Dirtied Blocks": 0,
                                    "Local Written Blocks": 0,
                                    "Temp Read Blocks": 0,
                                    "Temp Written Blocks": 0,
                                    "Plans": [
                                      {
                                        "Node Type": "Aggregate",
                                        "Strategy": "Hashed",
                                        "Partial Mode": "Simple",
                                        "Parent Relationship": "Outer",
                                        "Parallel Aware": false,
                                        "Async Capable": false,
                                        "Startup Cost": 0.02,
                                        "Total Cost": 0.03,
                                        "Plan Rows": 1,
                                        "Plan Width": 4,
                                        "Actual Startup Time": 4468.723,
                                        "Actual Total Time": 4473.669,
                                        "Actual Rows": 4735,
                                        "Actual Loops": 1,
                                        "Group Key": [
                                          "cross_items.ss_item_sk"
                                        ],
                                        "Planned Partitions": 0,
                                        "HashAgg Batches": 1,
                                        "Peak Memory Usage": 489,
                                        "Disk Usage": 0,
                                        "Shared Hit Blocks": 5590943,
                                        "Shared Read Blocks": 571507,
                                        "Shared Dirtied Blocks": 0,
                                        "Shared Written Blocks": 0,
                                        "Local Hit Blocks": 0,
                                        "Local Read Blocks": 0,
                                        "Local Dirtied Blocks": 0,
                                        "Local Written Blocks": 0,
                                        "Temp Read Blocks": 0,
                                        "Temp Written Blocks": 0,
                                        "Plans": [
                                          {
                                            "Node Type": "CTE Scan",
                                            "Parent Relationship": "Outer",
                                            "Parallel Aware": false,
                                            "Async Capable": false,
                                            "CTE Name": "cross_items",
                                            "Alias": "cross_items",
                                            "Startup Cost": 0.0,
                                            "Total Cost": 0.02,
                                            "Plan Rows": 1,
                                            "Plan Width": 4,
                                            "Actual Startup Time": 4444.59,
                                            "Actual Total Time": 4467.892,
                                            "Actual Rows": 4735,
                                            "Actual Loops": 1,
                                            "Shared Hit Blocks": 5590943,
                                            "Shared Read Blocks": 571507,
                                            "Shared Dirtied Blocks": 0,
                                            "Shared Written Blocks": 0,
                                            "Local Hit Blocks": 0,
                                            "Local Read Blocks": 0,
                                            "Local Dirtied Blocks": 0,
                                            "Local Written Blocks": 0,
                                            "Temp Read Blocks": 0,
                                            "Temp Written Blocks": 0
                                          }
                                        ]
                                      },
                                      {
                                        "Node Type": "Index Scan",
                                        "Parent Relationship": "Inner",
                                        "Parallel Aware": false,
                                        "Async Capable": false,
                                        "Scan Direction": "Forward",
                                        "Index Name": "item_pkey",
                                        "Relation Name": "item",
                                        "Alias": "item",
                                        "Startup Cost": 0.29,
                                        "Total Cost": 8.32,
                                        "Plan Rows": 1,
                                        "Plan Width": 16,
                                        "Actual Startup Time": 0.007,
                                        "Actual Total Time": 0.007,
                                        "Actual Rows": 1,
                                        "Actual Loops": 4735,
                                        "Index Cond": "(i_item_sk = cross_items.ss_item_sk)",
                                        "Rows Removed by Index Recheck": 0,
                                        "Filter": "((i_manager_id >= 42) AND (i_manager_id <= 51) AND (i_category = ANY ('{Electronics,Shoes,Sports}'::bpchar[])))",
                                        "Rows Removed by Filter": 0,
                                        "Shared Hit Blocks": 6745,
                                        "Shared Read Blocks": 7460,
                                        "Shared Dirtied Blocks": 0,
                                        "Shared Written Blocks": 0,
                                        "Local Hit Blocks": 0,
                                        "Local Read Blocks": 0,
                                        "Local Dirtied Blocks": 0,
                                        "Local Written Blocks": 0,
                                        "Temp Read Blocks": 0,
                                        "Temp Written Blocks": 0
                                      }
                                    ]
                                  },
                                  {
                                    "Node Type": "Index Scan",
                                    "Parent Relationship": "Inner",
                                    "Parallel Aware": false,
                                    "Async Capable": false,
                                    "Scan Direction": "Forward",
                                    "Index Name": "store_sales_pkey",
                                    "Relation Name": "store_sales",
                                    "Alias": "store_sales",
                                    "Startup Cost": 0.44,
                                    "Total Cost": 943.07,
                                    "Plan Rows": 179,
                                    "Plan Width": 18,
                                    "Actual Startup Time": 0.185,
                                    "Actual Total Time": 0.833,
                                    "Actual Rows": 21,
                                    "Actual Loops": 4735,
                                    "Index Cond": "(ss_item_sk = item.i_item_sk)",
                                    "Rows Removed by Index Recheck": 0,
                                    "Filter": "((ss_wholesale_cost >= '76'::numeric) AND (ss_wholesale_cost <= '96'::numeric))",
                                    "Rows Removed by Filter": 121,
                                    "Shared Hit Blocks": 30954,
                                    "Shared Read Blocks": 659949,
                                    "Shared Dirtied Blocks": 0,
                                    "Shared Written Blocks": 0,
                                    "Local Hit Blocks": 0,
                                    "Local Read Blocks": 0,
                                    "Local Dirtied Blocks": 0,
                                    "Local Written Blocks": 0,
                                    "Temp Read Blocks": 0,
                                    "Temp Written Blocks": 0
                                  }
                                ]
                              },
                              {
                                "Node Type": "Index Scan",
                                "Parent Relationship": "Inner",
                                "Parallel Aware": false,
                                "Async Capable": false,
                                "Scan Direction": "Forward",
                                "Index Name": "date_dim_pkey",
                                "Relation Name": "date_dim",
                                "Alias": "date_dim",
                                "Startup Cost": 0.29,
                                "Total Cost": 0.31,
                                "Plan Rows": 1,
                                "Plan Width": 4,
                                "Actual Startup Time": 0.001,
                                "Actual Total Time": 0.001,
                                "Actual Rows": 0,
                                "Actual Loops": 100842,
                                "Index Cond": "(d_date_sk = store_sales.ss_sold_date_sk)",
                                "Rows Removed by Index Recheck": 0,
                                "Filter": "(d_week_seq = $15)",
                                "Rows Removed by Filter": 1,
                                "Shared Hit Blocks": 295381,
                                "Shared Read Blocks": 51,
                                "Shared Dirtied Blocks": 0,
                                "Shared Written Blocks": 0,
                                "Local Hit Blocks": 0,
                                "Local Read Blocks": 0,
                                "Local Dirtied Blocks": 0,
                                "Local Written Blocks": 0,
                                "Temp Read Blocks": 0,
                                "Temp Written Blocks": 0
                              }
                            ]
                          }
                        ]
                      }
                    ]
                  },
                  {
                    "Node Type": "Aggregate",
                    "Strategy": "Sorted",
                    "Partial Mode": "Simple",
                    "Parent Relationship": "Inner",
                    "Parallel Aware": false,
                    "Async Capable": false,
                    "Startup Cost": 1015.48,
                    "Total Cost": 1015.52,
                    "Plan Rows": 1,
                    "Plan Width": 84,
                    "Actual Startup Time": 8.831,
                    "Actual Total Time": 8.922,
                    "Actual Rows": 78,
                    "Actual Loops": 194,
                    "Group Key": [
                      "item_1.i_brand_id",
                      "item_1.i_class_id",
                      "item_1.i_category_id"
                    ],
                    "Filter": "(sum(((store_sales_1.ss_quantity)::numeric * store_sales_1.ss_list_price)) > $18)",
                    "Rows Removed by Filter": 53,
                    "Shared Hit Blocks": 332887,
                    "Shared Read Blocks": 667653,
                    "Shared Dirtied Blocks": 0,
                    "Shared Written Blocks": 0,
                    "Local Hit Blocks": 0,
                    "Local Read Blocks": 0,
                    "Local Dirtied Blocks": 0,
                    "Local Written Blocks": 0,
                    "Temp Read Blocks": 0,
                    "Temp Written Blocks": 0,
                    "Plans": [
                      {
                        "Node Type": "Index Scan",
                        "Parent Relationship": "InitPlan",
                        "Subplan Name": "InitPlan 5 (returns $17)",
                        "Parallel Aware": false,
                        "Async Capable": false,
                        "Scan Direction": "Forward",
                        "Index Name": "_dta_index_date_dim_6_661577395__k7_k9",
                        "Relation Name": "date_dim",
                        "Alias": "date_dim_6",
                        "Startup Cost": 0.29,
                        "Total Cost": 59.72,
                        "Plan Rows": 1,
                        "Plan Width": 4,
                        "Actual Startup Time": 0.013,
                        "Actual Total Time": 0.017,
                        "Actual Rows": 1,
                        "Actual Loops": 1,
                        "Index Cond": "((d_year = 1999) AND (d_moy = 12))",
                        "Rows Removed by Index Recheck": 0,
                        "Filter": "(d_dom = 12)",
                        "Rows Removed by Filter": 30,
                        "Shared Hit Blocks": 0,
                        "Shared Read Blocks": 4,
                        "Shared Dirtied Blocks": 0,
                        "Shared Written Blocks": 0,
                        "Local Hit Blocks": 0,
                        "Local Read Blocks": 0,
                        "Local Dirtied Blocks": 0,
                        "Local Written Blocks": 0,
                        "Temp Read Blocks": 0,
                        "Temp Written Blocks": 0
                      },
                      {
                        "Node Type": "CTE Scan",
                        "Parent Relationship": "InitPlan",
                        "Subplan Name": "InitPlan 6 (returns $18)",
                        "Parallel Aware": false,
                        "Async Capable": false,
                        "CTE Name": "avg_sales",
                        "Alias": "avg_sales_1",
                        "Startup Cost": 0.0,
                        "Total Cost": 0.02,
                        "Plan Rows": 1,
                        "Plan Width": 32,
                        "Actual Startup Time": 0.001,
                        "Actual Total Time": 0.002,
                        "Actual Rows": 1,
                        "Actual Loops": 1,
                        "Shared Hit Blocks": 0,
                        "Shared Read Blocks": 0,
                        "Shared Dirtied Blocks": 0,
                        "Shared Written Blocks": 0,
                        "Local Hit Blocks": 0,
                        "Local Read Blocks": 0,
                        "Local Dirtied Blocks": 0,
                        "Local Written Blocks": 0,
                        "Temp Read Blocks": 0,
                        "Temp Written Blocks": 0
                      },
                      {
                        "Node Type": "Sort",
                        "Parent Relationship": "Outer",
                        "Parallel Aware": false,
                        "Async Capable": false,
                        "Startup Cost": 955.74,
                        "Total Cost": 955.75,
                        "Plan Rows": 1,
                        "Plan Width": 22,
                        "Actual Startup Time": 8.827,
                        "Actual Total Time": 8.834,
                        "Actual Rows": 244,
                        "Actual Loops": 194,
                        "Sort Key": [
                          "item_1.i_brand_id",
                          "item_1.i_class_id",
                          "item_1.i_category_id"
                        ],
                        "Sort Method": "quicksort",
                        "Sort Space Used": 46,
                        "Sort Space Type": "Memory",
                        "Shared Hit Blocks": 332887,
                        "Shared Read Blocks": 667653,
                        "Shared Dirtied Blocks": 0,
                        "Shared Written Blocks": 0,
                        "Local Hit Blocks": 0,
                        "Local Read Blocks": 0,
                        "Local Dirtied Blocks": 0,
                        "Local Written Blocks": 0,
                        "Temp Read Blocks": 0,
                        "Temp Written Blocks": 0,
                        "Plans": [
                          {
                            "Node Type": "Nested Loop",
                            "Parent Relationship": "Outer",
                            "Parallel Aware": false,
                            "Async Capable": false,
                            "Join Type": "Inner",
                            "Startup Cost": 1.04,
                            "Total Cost": 955.73,
                            "Plan Rows": 1,
                            "Plan Width": 22,
                            "Actual Startup Time": 1.726,
                            "Actual Total Time": 1711.727,
                            "Actual Rows": 274,
                            "Actual Loops": 1,
                            "Inner Unique": true,
                            "Shared Hit Blocks": 332887,
                            "Shared Read Blocks": 667653,
                            "Shared Dirtied Blocks": 0,
                            "Shared Written Blocks": 0,
                            "Local Hit Blocks": 0,
                            "Local Read Blocks": 0,
                            "Local Dirtied Blocks": 0,
                            "Local Written Blocks": 0,
                            "Temp Read Blocks": 0,
                            "Temp Written Blocks": 0,
                            "Plans": [
                              {
                                "Node Type": "Nested Loop",
                                "Parent Relationship": "Outer",
                                "Parallel Aware": false,
                                "Async Capable": false,
                                "Join Type": "Inner",
                                "Startup Cost": 0.75,
                                "Total Cost": 953.21,
                                "Plan Rows": 8,
                                "Plan Width": 26,
                                "Actual Startup Time": 0.843,
                                "Actual Total Time": 1592.573,
                                "Actual Rows": 100842,
                                "Actual Loops": 1,
                                "Inner Unique": false,
                                "Shared Hit Blocks": 37506,
                                "Shared Read Blocks": 667602,
                                "Shared Dirtied Blocks": 0,
                                "Shared Written Blocks": 0,
                                "Local Hit Blocks": 0,
                                "Local Read Blocks": 0,
                                "Local Dirtied Blocks": 0,
                                "Local Written Blocks": 0,
                                "Temp Read Blocks": 0,
                                "Temp Written Blocks": 0,
                                "Plans": [
                                  {
                                    "Node Type": "Nested Loop",
                                    "Parent Relationship": "Outer",
                                    "Parallel Aware": false,
                                    "Async Capable": false,
                                    "Join Type": "Inner",
                                    "Startup Cost": 0.32,
                                    "Total Cost": 8.35,
                                    "Plan Rows": 1,
                                    "Plan Width": 20,
                                    "Actual Startup Time": 0.788,
                                    "Actual Total Time": 35.798,
                                    "Actual Rows": 4735,
                                    "Actual Loops": 1,
                                    "Inner Unique": true,
                                    "Shared Hit Blocks": 6379,
                                    "Shared Read Blocks": 7826,
                                    "Shared Dirtied Blocks": 0,
                                    "Shared Written Blocks": 0,
                                    "Local Hit Blocks": 0,
                                    "Local Read Blocks": 0,
                                    "Local Dirtied Blocks": 0,
                                    "Local Written Blocks": 0,
                                    "Temp Read Blocks": 0,
                                    "Temp Written Blocks": 0,
                                    "Plans": [
                                      {
                                        "Node Type": "Aggregate",
                                        "Strategy": "Hashed",
                                        "Partial Mode": "Simple",
                                        "Parent Relationship": "Outer",
                                        "Parallel Aware": false,
                                        "Async Capable": false,
                                        "Startup Cost": 0.02,
                                        "Total Cost": 0.03,
                                        "Plan Rows": 1,
                                        "Plan Width": 4,
                                        "Actual Startup Time": 0.759,
                                        "Actual Total Time": 3.704,
                                        "Actual Rows": 4735,
                                        "Actual Loops": 1,
                                        "Group Key": [
                                          "cross_items_1.ss_item_sk"
                                        ],
                                        "Planned Partitions": 0,
                                        "HashAgg Batches": 1,
                                        "Peak Memory Usage": 489,
                                        "Disk Usage": 0,
                                        "Shared Hit Blocks": 0,
                                        "Shared Read Blocks": 0,
                                        "Shared Dirtied Blocks": 0,
                                        "Shared Written Blocks": 0,
                                        "Local Hit Blocks": 0,
                                        "Local Read Blocks": 0,
                                        "Local Dirtied Blocks": 0,
                                        "Local Written Blocks": 0,
                                        "Temp Read Blocks": 0,
                                        "Temp Written Blocks": 0,
                                        "Plans": [
                                          {
                                            "Node Type": "CTE Scan",
                                            "Parent Relationship": "Outer",
                                            "Parallel Aware": false,
                                            "Async Capable": false,
                                            "CTE Name": "cross_items",
                                            "Alias": "cross_items_1",
                                            "Startup Cost": 0.0,
                                            "Total Cost": 0.02,
                                            "Plan Rows": 1,
                                            "Plan Width": 4,
                                            "Actual Startup Time": 0.001,
                                            "Actual Total Time": 0.197,
                                            "Actual Rows": 4735,
                                            "Actual Loops": 1,
                                            "Shared Hit Blocks": 0,
                                            "Shared Read Blocks": 0,
                                            "Shared Dirtied Blocks": 0,
                                            "Shared Written Blocks": 0,
                                            "Local Hit Blocks": 0,
                                            "Local Read Blocks": 0,
                                            "Local Dirtied Blocks": 0,
                                            "Local Written Blocks": 0,
                                            "Temp Read Blocks": 0,
                                            "Temp Written Blocks": 0
                                          }
                                        ]
                                      },
                                      {
                                        "Node Type": "Index Scan",
                                        "Parent Relationship": "Inner",
                                        "Parallel Aware": false,
                                        "Async Capable": false,
                                        "Scan Direction": "Forward",
                                        "Index Name": "item_pkey",
                                        "Relation Name": "item",
                                        "Alias": "item_1",
                                        "Startup Cost": 0.29,
                                        "Total Cost": 8.32,
                                        "Plan Rows": 1,
                                        "Plan Width": 16,
                                        "Actual Startup Time": 0.006,
                                        "Actual Total Time": 0.006,
                                        "Actual Rows": 1,
                                        "Actual Loops": 4735,
                                        "Index Cond": "(i_item_sk = cross_items_1.ss_item_sk)",
                                        "Rows Removed by Index Recheck": 0,
                                        "Filter": "((i_manager_id >= 42) AND (i_manager_id <= 51) AND (i_category = ANY ('{Electronics,Shoes,Sports}'::bpchar[])))",
                                        "Rows Removed by Filter": 0,
                                        "Shared Hit Blocks": 6379,
                                        "Shared Read Blocks": 7826,
                                        "Shared Dirtied Blocks": 0,
                                        "Shared Written Blocks": 0,
                                        "Local Hit Blocks": 0,
                                        "Local Read Blocks": 0,
                                        "Local Dirtied Blocks": 0,
                                        "Local Written Blocks": 0,
                                        "Temp Read Blocks": 0,
                                        "Temp Written Blocks": 0
                                      }
                                    ]
                                  },
                                  {
                                    "Node Type": "Index Scan",
                                    "Parent Relationship": "Inner",
                                    "Parallel Aware": false,
                                    "Async Capable": false,
                                    "Scan Direction": "Forward",
                                    "Index Name": "store_sales_pkey",
                                    "Relation Name": "store_sales",
                                    "Alias": "store_sales_1",
                                    "Startup Cost": 0.44,
                                    "Total Cost": 943.07,
                                    "Plan Rows": 179,
                                    "Plan Width": 18,
                                    "Actual Startup Time": 0.022,
                                    "Actual Total Time": 0.326,
                                    "Actual Rows": 21,
                                    "Actual Loops": 4735,
                                    "Index Cond": "(ss_item_sk = item_1.i_item_sk)",
                                    "Rows Removed by Index Recheck": 0,
                                    "Filter": "((ss_wholesale_cost >= '76'::numeric) AND (ss_wholesale_cost <= '96'::numeric))",
                                    "Rows Removed by Filter": 121,
                                    "Shared Hit Blocks": 31127,
                                    "Shared Read Blocks": 659776,
                                    "Shared Dirtied Blocks": 0,
                                    "Shared Written Blocks": 0,
                                    "Local Hit Blocks": 0,
                                    "Local Read Blocks": 0,
                                    "Local Dirtied Blocks": 0,
                                    "Local Written Blocks": 0,
                                    "Temp Read Blocks": 0,
                                    "Temp Written Blocks": 0
                                  }
                                ]
                              },
                              {
                                "Node Type": "Index Scan",
                                "Parent Relationship": "Inner",
                                "Parallel Aware": false,
                                "Async Capable": false,
                                "Scan Direction": "Forward",
                                "Index Name": "date_dim_pkey",
                                "Relation Name": "date_dim",
                                "Alias": "date_dim_1",
                                "Startup Cost": 0.29,
                                "Total Cost": 0.31,
                                "Plan Rows": 1,
                                "Plan Width": 4,
                                "Actual Startup Time": 0.001,
                                "Actual Total Time": 0.001,
                                "Actual Rows": 0,
                                "Actual Loops": 100842,
                                "Index Cond": "(d_date_sk = store_sales_1.ss_sold_date_sk)",
                                "Rows Removed by Index Recheck": 0,
                                "Filter": "(d_week_seq = $17)",
                                "Rows Removed by Filter": 1,
                                "Shared Hit Blocks": 295381,
                                "Shared Read Blocks": 51,
                                "Shared Dirtied Blocks": 0,
                                "Shared Written Blocks": 0,
                                "Local Hit Blocks": 0,
                                "Local Read Blocks": 0,
                                "Local Dirtied Blocks": 0,
                                "Local Written Blocks": 0,
                                "Temp Read Blocks": 0,
                                "Temp Written Blocks": 0
                              }
                            ]
                          }
                        ]
                      }
                    ]
                  }
                ]
              }
            ]
          }
        ]
      },
      "Planning": {
        "Shared Hit Blocks": 149,
        "Shared Read Blocks": 51,
        "Shared Dirtied Blocks": 0,
        "Shared Written Blocks": 0,
        "Local Hit Blocks": 0,
        "Local Read Blocks": 0,
        "Local Dirtied Blocks": 0,
        "Local Written Blocks": 0,
        "Temp Read Blocks": 0,
        "Temp Written Blocks": 0
      },
      "Planning Time": 4.265,
      "Triggers": [],
      "Execution Time": 12909.518
    }
  ],
  "execution_time_ms": 12909.518
}
