{
  "query_id": "query038_multi_i2",
  "plan_json": [
    {
      "Plan": {
        "Node Type": "Limit",
        "Parallel Aware": false,
        "Async Capable": false,
        "Startup Cost": 542063.41,
        "Total Cost": 542063.42,
        "Plan Rows": 1,
        "Plan Width": 8,
        "Actual Startup Time": 1930.023,
        "Actual Total Time": 1932.322,
        "Actual Rows": 1,
        "Actual Loops": 1,
        "Shared Hit Blocks": 956337,
        "Shared Read Blocks": 322522,
        "Shared Dirtied Blocks": 0,
        "Shared Written Blocks": 0,
        "Local Hit Blocks": 0,
        "Local Read Blocks": 0,
        "Local Dirtied Blocks": 0,
        "Local Written Blocks": 0,
        "Temp Read Blocks": 559,
        "Temp Written Blocks": 561,
        "Plans": [
          {
            "Node Type": "Aggregate",
            "Strategy": "Plain",
            "Partial Mode": "Simple",
            "Parent Relationship": "Outer",
            "Parallel Aware": false,
            "Async Capable": false,
            "Startup Cost": 542063.41,
            "Total Cost": 542063.42,
            "Plan Rows": 1,
            "Plan Width": 8,
            "Actual Startup Time": 1930.022,
            "Actual Total Time": 1932.32,
            "Actual Rows": 1,
            "Actual Loops": 1,
            "Shared Hit Blocks": 956337,
            "Shared Read Blocks": 322522,
            "Shared Dirtied Blocks": 0,
            "Shared Written Blocks": 0,
            "Local Hit Blocks": 0,
            "Local Read Blocks": 0,
            "Local Dirtied Blocks": 0,
            "Local Written Blocks": 0,
            "Temp Read Blocks": 559,
            "Temp Written Blocks": 561,
            "Plans": [
              {
                "Node Type": "Subquery Scan",
                "Parent Relationship": "Outer",
                "Parallel Aware": false,
                "Async Capable": false,
                "Alias": "hot_cust",
                "Startup Cost": 201284.71,
                "Total Cost": 542062.98,
                "Plan Rows": 171,
                "Plan Width": 0,
                "Actual Startup Time": 1930.009,
                "Actual Total Time": 1932.313,
                "Actual Rows": 45,
                "Actual Loops": 1,
                "Shared Hit Blocks": 956337,
                "Shared Read Blocks": 322522,
                "Shared Dirtied Blocks": 0,
                "Shared Written Blocks": 0,
                "Local Hit Blocks": 0,
                "Local Read Blocks": 0,
                "Local Dirtied Blocks": 0,
                "Local Written Blocks": 0,
                "Temp Read Blocks": 559,
                "Temp Written Blocks": 561,
                "Plans": [
                  {
                    "Node Type": "SetOp",
                    "Strategy": "Hashed",
                    "Parent Relationship": "Subquery",
                    "Parallel Aware": false,
                    "Async Capable": false,
                    "Command": "Intersect",
                    "Startup Cost": 201284.71,
                    "Total Cost": 542061.27,
                    "Plan Rows": 171,
                    "Plan Width": 216,
                    "Actual Startup Time": 1930.007,
                    "Actual Total Time": 1932.308,
                    "Actual Rows": 45,
                    "Actual Loops": 1,
                    "Shared Hit Blocks": 956337,
                    "Shared Read Blocks": 322522,
                    "Shared Dirtied Blocks": 0,
                    "Shared Written Blocks": 0,
                    "Local Hit Blocks": 0,
                    "Local Read Blocks": 0,
                    "Local Dirtied Blocks": 0,
                    "Local Written Blocks": 0,
                    "Temp Read Blocks": 559,
                    "Temp Written Blocks": 561,
                    "Plans": [
                      {
                        "Node Type": "Append",
                        "Parent Relationship": "Outer",
                        "Parallel Aware": false,
                        "Async Capable": false,
                        "Startup Cost": 201284.71,
                        "Total Cost": 542058.53,
                        "Plan Rows": 366,
                        "Plan Width": 216,
                        "Actual Startup Time": 1591.106,
                        "Actual Total Time": 1929.887,
                        "Actual Rows": 21988,
                        "Actual Loops": 1,
                        "Shared Hit Blocks": 956337,
                        "Shared Read Blocks": 322522,
                        "Shared Dirtied Blocks": 0,
                        "Shared Written Blocks": 0,
                        "Local Hit Blocks": 0,
                        "Local Read Blocks": 0,
                        "Local Dirtied Blocks": 0,
                        "Local Written Blocks": 0,
                        "Temp Read Blocks": 559,
                        "Temp Written Blocks": 561,
                        "Subplans Removed": 0,
                        "Plans": [
                          {
                            "Node Type": "Result",
                            "Parent Relationship": "Member",
                            "Parallel Aware": false,
                            "Async Capable": false,
                            "Startup Cost": 201284.71,
                            "Total Cost": 434700.86,
                            "Plan Rows": 171,
                            "Plan Width": 216,
                            "Actual Startup Time": 1591.105,
                            "Actual Total Time": 1591.565,
                            "Actual Rows": 215,
                            "Actual Loops": 1,
                            "Shared Hit Blocks": 738672,
                            "Shared Read Blocks": 256466,
                            "Shared Dirtied Blocks": 0,
                            "Shared Written Blocks": 0,
                            "Local Hit Blocks": 0,
                            "Local Read Blocks": 0,
                            "Local Dirtied Blocks": 0,
                            "Local Written Blocks": 0,
                            "Temp Read Blocks": 559,
                            "Temp Written Blocks": 561,
                            "Plans": [
                              {
                                "Node Type": "SetOp",
                                "Strategy": "Hashed",
                                "Parent Relationship": "Outer",
                                "Parallel Aware": false,
                                "Async Capable": false,
                                "Command": "Intersect",
                                "Startup Cost": 201284.71,
                                "Total Cost": 434699.15,
                                "Plan Rows": 171,
                                "Plan Width": 216,
                                "Actual Startup Time": 1591.103,
                                "Actual Total Time": 1591.546,
                                "Actual Rows": 215,
                                "Actual Loops": 1,
                                "Shared Hit Blocks": 738672,
                                "Shared Read Blocks": 256466,
                                "Shared Dirtied Blocks": 0,
                                "Shared Written Blocks": 0,
                                "Local Hit Blocks": 0,
                                "Local Read Blocks": 0,
                                "Local Dirtied Blocks": 0,
                                "Local Written Blocks": 0,
                                "Temp Read Blocks": 559,
                                "Temp Written Blocks": 561,
                                "Plans": [
                                  {
                                    "Node Type": "Append",
                                    "Parent Relationship": "Outer",
                                    "Parallel Aware": false,
                                    "Async Capable": false,
                                    "Startup Cost": 201284.71,
                                    "Total Cost": 434694.63,
                                    "Plan Rows": 602,
                                    "Plan Width": 216,
                                    "Actual Startup Time": 465.632,
                                    "Actual Total Time": 1579.94,
                                    "Actual Rows": 82642,
                                    "Actual Loops": 1,
                                    "Shared Hit Blocks": 738672,
                                    "Shared Read Blocks": 256466,
                                    "Shared Dirtied Blocks": 0,
                                    "Shared Written Blocks": 0,
                                    "Local Hit Blocks": 0,
                                    "Local Read Blocks": 0,
                                    "Local Dirtied Blocks": 0,
                                    "Local Written Blocks": 0,
                                    "Temp Read Blocks": 559,
                                    "Temp Written Blocks": 561,
                                    "Subplans Removed": 0,
                                    "Plans": [
                                      {
                                        "Node Type": "Subquery Scan",
                                        "Parent Relationship": "Member",
                                        "Parallel Aware": false,
                                        "Async Capable": false,
                                        "Alias": "*SELECT* 2",
                                        "Startup Cost": 201284.71,
                                        "Total Cost": 201307.19,
                                        "Plan Rows": 171,
                                        "Plan Width": 60,
                                        "Actual Startup Time": 465.631,
                                        "Actual Total Time": 474.338,
                                        "Actual Rows": 20799,
                                        "Actual Loops": 1,
                                        "Shared Hit Blocks": 168757,
                                        "Shared Read Blocks": 99249,
                                        "Shared Dirtied Blocks": 0,
                                        "Shared Written Blocks": 0,
                                        "Local Hit Blocks": 0,
                                        "Local Read Blocks": 0,
                                        "Local Dirtied Blocks": 0,
                                        "Local Written Blocks": 0,
                                        "Temp Read Blocks": 0,
                                        "Temp Written Blocks": 0,
                                        "Plans": [
                                          {
                                            "Node Type": "Unique",
                                            "Parent Relationship": "Subquery",
                                            "Parallel Aware": false,
                                            "Async Capable": false,
                                            "Startup Cost": 201284.71,
                                            "Total Cost": 201305.48,
                                            "Plan Rows": 171,
                                            "Plan Width": 56,
                                            "Actual Startup Time": 465.628,
                                            "Actual Total Time": 472.896,
                                            "Actual Rows": 20799,
                                            "Actual Loops": 1,
                                            "Shared Hit Blocks": 168757,
                                            "Shared Read Blocks": 99249,
                                            "Shared Dirtied Blocks": 0,
                                            "Shared Written Blocks": 0,
                                            "Local Hit Blocks": 0,
                                            "Local Read Blocks": 0,
                                            "Local Dirtied Blocks": 0,
                                            "Local Written Blocks": 0,
                                            "Temp Read Blocks": 0,
                                            "Temp Written Blocks": 0,
                                            "Plans": [
                                              {
                                                "Node Type": "Gather Merge",
                                                "Parent Relationship": "Outer",
                                                "Parallel Aware": false,
                                                "Async Capable": false,
                                                "Startup Cost": 201284.71,
                                                "Total Cost": 201304.2,
                                                "Plan Rows": 171,
                                                "Plan Width": 56,
                                                "Actual Startup Time": 465.627,
                                                "Actual Total Time": 470.898,
                                                "Actual Rows": 22867,
                                                "Actual Loops": 1,
                                                "Workers Planned": 1,
                                                "Workers Launched": 1,
                                                "Shared Hit Blocks": 168757,
                                                "Shared Read Blocks": 99249,
                                                "Shared Dirtied Blocks": 0,
                                                "Shared Written Blocks": 0,
                                                "Local Hit Blocks": 0,
                                                "Local Read Blocks": 0,
                                                "Local Dirtied Blocks": 0,
                                                "Local Written Blocks": 0,
                                                "Temp Read Blocks": 0,
                                                "Temp Written Blocks": 0,
                                                "Plans": [
                                                  {
                                                    "Node Type": "Sort",
                                                    "Parent Relationship": "Outer",
                                                    "Parallel Aware": false,
                                                    "Async Capable": false,
                                                    "Startup Cost": 200284.7,
                                                    "Total Cost": 200284.95,
                                                    "Plan Rows": 101,
                                                    "Plan Width": 56,
                                                    "Actual Startup Time": 443.488,
                                                    "Actual Total Time": 444.427,
                                                    "Actual Rows": 11434,
                                                    "Actual Loops": 2,
                                                    "Sort Key": [
                                                      "customer.c_last_name",
                                                      "customer.c_first_name",
                                                      "date_dim.d_date"
                                                    ],
                                                    "Sort Method": "quicksort",
                                                    "Sort Space Used": 1982,
                                                    "Sort Space Type": "Memory",
                                                    "Shared Hit Blocks": 168757,
                                                    "Shared Read Blocks": 99249,
                                                    "Shared Dirtied Blocks": 0,
                                                    "Shared Written Blocks": 0,
                                                    "Local Hit Blocks": 0,
                                                    "Local Read Blocks": 0,
                                                    "Local Dirtied Blocks": 0,
                                                    "Local Written Blocks": 0,
                                                    "Temp Read Blocks": 0,
                                                    "Temp Written Blocks": 0,
                                                    "Workers": [
                                                      {
                                                        "Worker Number": 0,
                                                        "Sort Method": "quicksort",
                                                        "Sort Space Used": 1957,
                                                        "Sort Space Type": "Memory"
                                                      }
                                                    ],
                                                    "Plans": [
                                                      {
                                                        "Node Type": "Nested Loop",
                                                        "Parent Relationship": "Outer",
                                                        "Parallel Aware": false,
                                                        "Async Capable": false,
                                                        "Join Type": "Inner",
                                                        "Startup Cost": 0.86,
                                                        "Total Cost": 200281.34,
                                                        "Plan Rows": 101,
                                                        "Plan Width": 56,
                                                        "Actual Startup Time": 1.48,
                                                        "Actual Total Time": 429.149,
                                                        "Actual Rows": 11434,
                                                        "Actual Loops": 2,
                                                        "Inner Unique": true,
                                                        "Shared Hit Blocks": 168745,
                                                        "Shared Read Blocks": 99246,
                                                        "Shared Dirtied Blocks": 0,
                                                        "Shared Written Blocks": 0,
                                                        "Local Hit Blocks": 0,
                                                        "Local Read Blocks": 0,
                                                        "Local Dirtied Blocks": 0,
                                                        "Local Written Blocks": 0,
                                                        "Temp Read Blocks": 0,
                                                        "Temp Written Blocks": 0,
                                                        "Workers": [],
                                                        "Plans": [
                                                          {
                                                            "Node Type": "Nested Loop",
                                                            "Parent Relationship": "Outer",
                                                            "Parallel Aware": false,
                                                            "Async Capable": false,
                                                            "Join Type": "Inner",
                                                            "Startup Cost": 0.43,
                                                            "Total Cost": 200000.23,
                                                            "Plan Rows": 218,
                                                            "Plan Width": 8,
                                                            "Actual Startup Time": 1.452,
                                                            "Actual Total Time": 305.134,
                                                            "Actual Rows": 24561,
                                                            "Actual Loops": 2,
                                                            "Inner Unique": false,
                                                            "Shared Hit Blocks": 1917,
                                                            "Shared Read Blocks": 69725,
                                                            "Shared Dirtied Blocks": 0,
                                                            "Shared Written Blocks": 0,
                                                            "Local Hit Blocks": 0,
                                                            "Local Read Blocks": 0,
                                                            "Local Dirtied Blocks": 0,
                                                            "Local Written Blocks": 0,
                                                            "Temp Read Blocks": 0,
                                                            "Temp Written Blocks": 0,
                                                            "Workers": [],
                                                            "Plans": [
                                                              {
                                                                "Node Type": "Seq Scan",
                                                                "Parent Relationship": "Outer",
                                                                "Parallel Aware": true,
                                                                "Async Capable": false,
                                                                "Relation Name": "date_dim",
                                                                "Alias": "date_dim",
                                                                "Startup Cost": 0.0,
                                                                "Total Cost": 2049.55,
                                                                "Plan Rows": 222,
                                                                "Plan Width": 8,
                                                                "Actual Startup Time": 1.392,
                                                                "Actual Total Time": 2.846,
                                                                "Actual Rows": 182,
                                                                "Actual Loops": 2,
                                                                "Filter": "((d_month_seq >= 1207) AND (d_month_seq <= 1218))",
                                                                "Rows Removed by Filter": 36342,
                                                                "Shared Hit Blocks": 0,
                                                                "Shared Read Blocks": 1405,
                                                                "Shared Dirtied Blocks": 0,
                                                                "Shared Written Blocks": 0,
                                                                "Local Hit Blocks": 0,
                                                                "Local Read Blocks": 0,
                                                                "Local Dirtied Blocks": 0,
                                                                "Local Written Blocks": 0,
                                                                "Temp Read Blocks": 0,
                                                                "Temp Written Blocks": 0,
                                                                "Workers": []
                                                              },
                                                              {
                                                                "Node Type": "Index Scan",
                                                                "Parent Relationship": "Inner",
                                                                "Parallel Aware": false,
                                                                "Async Capable": false,
                                                                "Scan Direction": "Forward",
                                                                "Index Name": "_dta_index_catalog_sales_6_1301579675__k1_4",
                                                                "Relation Name": "catalog_sales",
                                                                "Alias": "catalog_sales",
                                                                "Startup Cost": 0.43,
                                                                "Total Cost": 891.33,
                                                                "Plan Rows": 34,
                                                                "Plan Width": 8,
                                                                "Actual Startup Time": 0.018,
                                                                "Actual Total Time": 1.639,
                                                                "Actual Rows": 135,
                                                                "Actual Loops": 365,
                                                                "Index Cond": "(cs_sold_date_sk = date_dim.d_date_sk)",
                                                                "Rows Removed by Index Recheck": 0,
                                                                "Filter": "((cs_list_price >= '241'::numeric) AND (cs_list_price <= '300'::numeric) AND (cs_wholesale_cost >= '76'::numeric) AND (cs_wholesale_cost <= '96'::numeric))",
                                                                "Rows Removed by Filter": 6429,
                                                                "Shared Hit Blocks": 1917,
                                                                "Shared Read Blocks": 68320,
                                                                "Shared Dirtied Blocks": 0,
                                                                "Shared Written Blocks": 0,
                                                                "Local Hit Blocks": 0,
                                                                "Local Read Blocks": 0,
                                                                "Local Dirtied Blocks": 0,
                                                                "Local Written Blocks": 0,
                                                                "Temp Read Blocks": 0,
                                                                "Temp Written Blocks": 0,
                                                                "Workers": []
                                                              }
                                                            ]
                                                          },
                                                          {
                                                            "Node Type": "Index Scan",
                                                            "Parent Relationship": "Inner",
                                                            "Parallel Aware": false,
                                                            "Async Capable": false,
                                                            "Scan Direction": "Forward",
                                                            "Index Name": "_dta_index_customer_6_949578421__k1_k5",
                                                            "Relation Name": "customer",
                                                            "Alias": "customer",
                                                            "Startup Cost": 0.42,
                                                            "Total Cost": 1.29,
                                                            "Plan Rows": 1,
                                                            "Plan Width": 56,
                                                            "Actual Startup Time": 0.005,
                                                            "Actual Total Time": 0.005,
                                                            "Actual Rows": 0,
                                                            "Actual Loops": 49122,
                                                            "Index Cond": "(c_customer_sk = catalog_sales.cs_bill_customer_sk)",
                                                            "Rows Removed by Index Recheck": 0,
                                                            "Filter": "(c_birth_month = ANY ('{2,3,4,10}'::integer[]))",
                                                            "Rows Removed by Filter": 1,
                                                            "Shared Hit Blocks": 166828,
                                                            "Shared Read Blocks": 29521,
                                                            "Shared Dirtied Blocks": 0,
                                                            "Shared Written Blocks": 0,
                                                            "Local Hit Blocks": 0,
                                                            "Local Read Blocks": 0,
                                                            "Local Dirtied Blocks": 0,
                                                            "Local Written Blocks": 0,
                                                            "Temp Read Blocks": 0,
                                                            "Temp Written Blocks": 0,
                                                            "Workers": []
                                                          }
                                                        ]
                                                      }
                                                    ]
                                                  }
                                                ]
                                              }
                                            ]
                                          }
                                        ]
                                      },
                                      {
                                        "Node Type": "Subquery Scan",
                                        "Parent Relationship": "Member",
                                        "Parallel Aware": false,
                                        "Async Capable": false,
                                        "Alias": "*SELECT* 1",
                                        "Startup Cost": 233327.76,
                                        "Total Cost": 233384.43,
                                        "Plan Rows": 431,
                                        "Plan Width": 60,
                                        "Actual Startup Time": 1073.96,
                                        "Actual Total Time": 1101.587,
                                        "Actual Rows": 61843,
                                        "Actual Loops": 1,
                                        "Shared Hit Blocks": 569915,
                                        "Shared Read Blocks": 157217,
                                        "Shared Dirtied Blocks": 0,
                                        "Shared Written Blocks": 0,
                                        "Local Hit Blocks": 0,
                                        "Local Read Blocks": 0,
                                        "Local Dirtied Blocks": 0,
                                        "Local Written Blocks": 0,
                                        "Temp Read Blocks": 559,
                                        "Temp Written Blocks": 561,
                                        "Plans": [
                                          {
                                            "Node Type": "Unique",
                                            "Parent Relationship": "Subquery",
                                            "Parallel Aware": false,
                                            "Async Capable": false,
                                            "Startup Cost": 233327.76,
                                            "Total Cost": 233380.12,
                                            "Plan Rows": 431,
                                            "Plan Width": 56,
                                            "Actual Startup Time": 1073.958,
                                            "Actual Total Time": 1096.989,
                                            "Actual Rows": 61843,
                                            "Actual Loops": 1,
                                            "Shared Hit Blocks": 569915,
                                            "Shared Read Blocks": 157217,
                                            "Shared Dirtied Blocks": 0,
                                            "Shared Written Blocks": 0,
                                            "Local Hit Blocks": 0,
                                            "Local Read Blocks": 0,
                                            "Local Dirtied Blocks": 0,
                                            "Local Written Blocks": 0,
                                            "Temp Read Blocks": 559,
                                            "Temp Written Blocks": 561,
                                            "Plans": [
                                              {
                                                "Node Type": "Gather Merge",
                                                "Parent Relationship": "Outer",
                                                "Parallel Aware": false,
                                                "Async Capable": false,
                                                "Startup Cost": 233327.76,
                                                "Total Cost": 233376.89,
                                                "Plan Rows": 431,
                                                "Plan Width": 56,
                                                "Actual Startup Time": 1073.957,
                                                "Actual Total Time": 1090.817,
                                                "Actual Rows": 69808,
                                                "Actual Loops": 1,
                                                "Workers Planned": 1,
                                                "Workers Launched": 1,
                                                "Shared Hit Blocks": 569915,
                                                "Shared Read Blocks": 157217,
                                                "Shared Dirtied Blocks": 0,
                                                "Shared Written Blocks": 0,
                                                "Local Hit Blocks": 0,
                                                "Local Read Blocks": 0,
                                                "Local Dirtied Blocks": 0,
                                                "Local Written Blocks": 0,
                                                "Temp Read Blocks": 559,
                                                "Temp Written Blocks": 561,
                                                "Plans": [
                                                  {
                                                    "Node Type": "Sort",
                                                    "Parent Relationship": "Outer",
                                                    "Parallel Aware": false,
                                                    "Async Capable": false,
                                                    "Startup Cost": 232327.75,
                                                    "Total Cost": 232328.39,
                                                    "Plan Rows": 254,
                                                    "Plan Width": 56,
                                                    "Actual Startup Time": 1008.857,
                                                    "Actual Total Time": 1013.736,
                                                    "Actual Rows": 34904,
                                                    "Actual Loops": 2,
                                                    "Sort Key": [
                                                      "customer_1.c_last_name",
                                                      "customer_1.c_first_name",
                                                      "date_dim_1.d_date"
                                                    ],
                                                    "Sort Method": "external merge",
                                                    "Sort Space Used": 2144,
                                                    "Sort Space Type": "Disk",
                                                    "Shared Hit Blocks": 569915,
                                                    "Shared Read Blocks": 157217,
                                                    "Shared Dirtied Blocks": 0,
                                                    "Shared Written Blocks": 0,
                                                    "Local Hit Blocks": 0,
                                                    "Local Read Blocks": 0,
                                                    "Local Dirtied Blocks": 0,
                                                    "Local Written Blocks": 0,
                                                    "Temp Read Blocks": 559,
                                                    "Temp Written Blocks": 561,
                                                    "Workers": [
                                                      {
                                                        "Worker Number": 0,
                                                        "Sort Method": "external merge",
                                                        "Sort Space Used": 2328,
                                                        "Sort Space Type": "Disk"
                                                      }
                                                    ],
                                                    "Plans": [
                                                      {
                                                        "Node Type": "Nested Loop",
                                                        "Parent Relationship": "Outer",
                                                        "Parallel Aware": false,
                                                        "Async Capable": false,
                                                        "Join Type": "Inner",
                                                        "Startup Cost": 0.98,
                                                        "Total Cost": 232317.61,
                                                        "Plan Rows": 254,
                                                        "Plan Width": 56,
                                                        "Actual Startup Time": 1.374,
                                                        "Actual Total Time": 960.89,
                                                        "Actual Rows": 34904,
                                                        "Actual Loops": 2,
                                                        "Inner Unique": true,
                                                        "Shared Hit Blocks": 569903,
                                                        "Shared Read Blocks": 157214,
                                                        "Shared Dirtied Blocks": 0,
                                                        "Shared Written Blocks": 0,
                                                        "Local Hit Blocks": 0,
                                                        "Local Read Blocks": 0,
                                                        "Local Dirtied Blocks": 0,
                                                        "Local Written Blocks": 0,
                                                        "Temp Read Blocks": 0,
                                                        "Temp Written Blocks": 0,
                                                        "Workers": [],
                                                        "Plans": [
                                                          {
                                                            "Node Type": "Nested Loop",
                                                            "Parent Relationship": "Outer",
                                                            "Parallel Aware": false,
                                                            "Async Capable": false,
                                                            "Join Type": "Inner",
                                                            "Startup Cost": 0.56,
                                                            "Total Cost": 231854.88,
                                                            "Plan Rows": 570,
                                                            "Plan Width": 8,
                                                            "Actual Startup Time": 1.325,
                                                            "Actual Total Time": 683.564,
                                                            "Actual Rows": 75280,
                                                            "Actual Loops": 2,
                                                            "Inner Unique": false,
                                                            "Shared Hit Blocks": 29101,
                                                            "Shared Read Blocks": 99563,
                                                            "Shared Dirtied Blocks": 0,
                                                            "Shared Written Blocks": 0,
                                                            "Local Hit Blocks": 0,
                                                            "Local Read Blocks": 0,
                                                            "Local Dirtied Blocks": 0,
                                                            "Local Written Blocks": 0,
                                                            "Temp Read Blocks": 0,
                                                            "Temp Written Blocks": 0,
                                                            "Workers": [],
                                                            "Plans": [
                                                              {
                                                                "Node Type": "Seq Scan",
                                                                "Parent Relationship": "Outer",
                                                                "Parallel Aware": true,
                                                                "Async Capable": false,
                                                                "Relation Name": "date_dim",
                                                                "Alias": "date_dim_1",
                                                                "Startup Cost": 0.0,
                                                                "Total Cost": 2049.55,
                                                                "Plan Rows": 222,
                                                                "Plan Width": 8,
                                                                "Actual Startup Time": 1.281,
                                                                "Actual Total Time": 2.846,
                                                                "Actual Rows": 182,
                                                                "Actual Loops": 2,
                                                                "Filter": "((d_month_seq >= 1207) AND (d_month_seq <= 1218))",
                                                                "Rows Removed by Filter": 36342,
                                                                "Shared Hit Blocks": 0,
                                                                "Shared Read Blocks": 1405,
                                                                "Shared Dirtied Blocks": 0,
                                                                "Shared Written Blocks": 0,
                                                                "Local Hit Blocks": 0,
                                                                "Local Read Blocks": 0,
                                                                "Local Dirtied Blocks": 0,
                                                                "Local Written Blocks": 0,
                                                                "Temp Read Blocks": 0,
                                                                "Temp Written Blocks": 0,
                                                                "Workers": []
                                                              },
                                                              {
                                                                "Node Type": "Index Only Scan",
                                                                "Parent Relationship": "Inner",
                                                                "Parallel Aware": false,
                                                                "Async Capable": false,
                                                                "Scan Direction": "Forward",
                                                                "Index Name": "_dta_index_store_sales_6_1333579789__k1_k23_k14_k6_k8_k5_k7_3_4",
                                                                "Relation Name": "store_sales",
                                                                "Alias": "store_sales",
                                                                "Startup Cost": 0.56,
                                                                "Total Cost": 1034.24,
                                                                "Plan Rows": 92,
                                                                "Plan Width": 8,
                                                                "Actual Startup Time": 0.012,
                                                                "Actual Total Time": 3.692,
                                                                "Actual Rows": 412,
                                                                "Actual Loops": 365,
                                                                "Index Cond": "(ss_sold_date_sk = date_dim_1.d_date_sk)",
                                                                "Rows Removed by Index Recheck": 0,
                                                                "Filter": "((ss_list_price >= '241'::numeric) AND (ss_list_price <= '300'::numeric) AND (ss_wholesale_cost >= '76'::numeric) AND (ss_wholesale_cost <= '96'::numeric))",
                                                                "Rows Removed by Filter": 19295,
                                                                "Heap Fetches": 0,
                                                                "Shared Hit Blocks": 29101,
                                                                "Shared Read Blocks": 98158,
                                                                "Shared Dirtied Blocks": 0,
                                                                "Shared Written Blocks": 0,
                                                                "Local Hit Blocks": 0,
                                                                "Local Read Blocks": 0,
                                                                "Local Dirtied Blocks": 0,
                                                                "Local Written Blocks": 0,
                                                                "Temp Read Blocks": 0,
                                                                "Temp Written Blocks": 0,
                                                                "Workers": []
                                                              }
                                                            ]
                                                          },
                                                          {
                                                            "Node Type": "Index Scan",
                                                            "Parent Relationship": "Inner",
                                                            "Parallel Aware": false,
                                                            "Async Capable": false,
                                                            "Scan Direction": "Forward",
                                                            "Index Name": "_dta_index_customer_6_949578421__k1_k5",
                                                            "Relation Name": "customer",
                                                            "Alias": "customer_1",
                                                            "Startup Cost": 0.42,
                                                            "Total Cost": 0.81,
                                                            "Plan Rows": 1,
                                                            "Plan Width": 56,
                                                            "Actual Startup Time": 0.003,
                                                            "Actual Total Time": 0.003,
                                                            "Actual Rows": 0,
                                                            "Actual Loops": 150559,
                                                            "Index Cond": "(c_customer_sk = store_sales.ss_customer_sk)",
                                                            "Rows Removed by Index Recheck": 0,
                                                            "Filter": "(c_birth_month = ANY ('{2,3,4,10}'::integer[]))",
                                                            "Rows Removed by Filter": 1,
                                                            "Shared Hit Blocks": 540802,
                                                            "Shared Read Blocks": 57651,
                                                            "Shared Dirtied Blocks": 0,
                                                            "Shared Written Blocks": 0,
                                                            "Local Hit Blocks": 0,
                                                            "Local Read Blocks": 0,
                                                            "Local Dirtied Blocks": 0,
                                                            "Local Written Blocks": 0,
                                                            "Temp Read Blocks": 0,
                                                            "Temp Written Blocks": 0,
                                                            "Workers": []
                                                          }
                                                        ]
                                                      }
                                                    ]
                                                  }
                                                ]
                                              }
                                            ]
                                          }
                                        ]
                                      }
                                    ]
                                  }
                                ]
                              }
                            ]
                          },
                          {
                            "Node Type": "Subquery Scan",
                            "Parent Relationship": "Member",
                            "Parallel Aware": false,
                            "Async Capable": false,
                            "Alias": "*SELECT* 3",
                            "Startup Cost": 107330.2,
                            "Total Cost": 107355.84,
                            "Plan Rows": 195,
                            "Plan Width": 60,
                            "Actual Startup Time": 325.167,
                            "Actual Total Time": 337.221,
                            "Actual Rows": 21773,
                            "Actual Loops": 1,
                            "Shared Hit Blocks": 217665,
                            "Shared Read Blocks": 66056,
                            "Shared Dirtied Blocks": 0,
                            "Shared Written Blocks": 0,
                            "Local Hit Blocks": 0,
                            "Local Read Blocks": 0,
                            "Local Dirtied Blocks": 0,
                            "Local Written Blocks": 0,
                            "Temp Read Blocks": 0,
                            "Temp Written Blocks": 0,
                            "Plans": [
                              {
                                "Node Type": "Unique",
                                "Parent Relationship": "Subquery",
                                "Parallel Aware": false,
                                "Async Capable": false,
                                "Startup Cost": 107330.2,
                                "Total Cost": 107353.89,
                                "Plan Rows": 195,
                                "Plan Width": 56,
                                "Actual Startup Time": 325.164,
                                "Actual Total Time": 335.704,
                                "Actual Rows": 21773,
                                "Actual Loops": 1,
                                "Shared Hit Blocks": 217665,
                                "Shared Read Blocks": 66056,
                                "Shared Dirtied Blocks": 0,
                                "Shared Written Blocks": 0,
                                "Local Hit Blocks": 0,
                                "Local Read Blocks": 0,
                                "Local Dirtied Blocks": 0,
                                "Local Written Blocks": 0,
                                "Temp Read Blocks": 0,
                                "Temp Written Blocks": 0,
                                "Plans": [
                                  {
                                    "Node Type": "Gather Merge",
                                    "Parent Relationship": "Outer",
                                    "Parallel Aware": false,
                                    "Async Capable": false,
                                    "Startup Cost": 107330.2,
                                    "Total Cost": 107352.43,
                                    "Plan Rows": 195,
                                    "Plan Width": 56,
                                    "Actual Startup Time": 325.163,
                                    "Actual Total Time": 333.238,
                                    "Actual Rows": 27322,
                                    "Actual Loops": 1,
                                    "Workers Planned": 1,
                                    "Workers Launched": 1,
                                    "Shared Hit Blocks": 217665,
                                    "Shared Read Blocks": 66056,
                                    "Shared Dirtied Blocks": 0,
                                    "Shared Written Blocks": 0,
                                    "Local Hit Blocks": 0,
                                    "Local Read Blocks": 0,
                                    "Local Dirtied Blocks": 0,
                                    "Local Written Blocks": 0,
                                    "Temp Read Blocks": 0,
                                    "Temp Written Blocks": 0,
                                    "Plans": [
                                      {
                                        "Node Type": "Sort",
                                        "Parent Relationship": "Outer",
                                        "Parallel Aware": false,
                                        "Async Capable": false,
                                        "Startup Cost": 106330.19,
                                        "Total Cost": 106330.48,
                                        "Plan Rows": 115,
                                        "Plan Width": 56,
                                        "Actual Startup Time": 297.498,
                                        "Actual Total Time": 298.445,
                                        "Actual Rows": 13661,
                                        "Actual Loops": 2,
                                        "Sort Key": [
                                          "customer_2.c_last_name",
                                          "customer_2.c_first_name",
                                          "date_dim_2.d_date"
                                        ],
                                        "Sort Method": "quicksort",
                                        "Sort Space Used": 2073,
                                        "Sort Space Type": "Memory",
                                        "Shared Hit Blocks": 217665,
                                        "Shared Read Blocks": 66056,
                                        "Shared Dirtied Blocks": 0,
                                        "Shared Written Blocks": 0,
                                        "Local Hit Blocks": 0,
                                        "Local Read Blocks": 0,
                                        "Local Dirtied Blocks": 0,
                                        "Local Written Blocks": 0,
                                        "Temp Read Blocks": 0,
                                        "Temp Written Blocks": 0,
                                        "Workers": [
                                          {
                                            "Worker Number": 0,
                                            "Sort Method": "quicksort",
                                            "Sort Space Used": 2483,
                                            "Sort Space Type": "Memory"
                                          }
                                        ],
                                        "Plans": [
                                          {
                                            "Node Type": "Nested Loop",
                                            "Parent Relationship": "Outer",
                                            "Parallel Aware": false,
                                            "Async Capable": false,
                                            "Join Type": "Inner",
                                            "Startup Cost": 0.85,
                                            "Total Cost": 106326.26,
                                            "Plan Rows": 115,
                                            "Plan Width": 56,
                                            "Actual Startup Time": 1.462,
                                            "Actual Total Time": 277.939,
                                            "Actual Rows": 13661,
                                            "Actual Loops": 2,
                                            "Inner Unique": true,
                                            "Shared Hit Blocks": 217653,
                                            "Shared Read Blocks": 66053,
                                            "Shared Dirtied Blocks": 0,
                                            "Shared Written Blocks": 0,
                                            "Local Hit Blocks": 0,
                                            "Local Read Blocks": 0,
                                            "Local Dirtied Blocks": 0,
                                            "Local Written Blocks": 0,
                                            "Temp Read Blocks": 0,
                                            "Temp Written Blocks": 0,
                                            "Workers": [],
                                            "Plans": [
                                              {
                                                "Node Type": "Nested Loop",
                                                "Parent Relationship": "Outer",
                                                "Parallel Aware": false,
                                                "Async Capable": false,
                                                "Join Type": "Inner",
                                                "Startup Cost": 0.43,
                                                "Total Cost": 106032.08,
                                                "Plan Rows": 246,
                                                "Plan Width": 8,
                                                "Actual Startup Time": 1.438,
                                                "Actual Total Time": 178.275,
                                                "Actual Rows": 29521,
                                                "Actual Loops": 2,
                                                "Inner Unique": false,
                                                "Shared Hit Blocks": 3340,
                                                "Shared Read Blocks": 44213,
                                                "Shared Dirtied Blocks": 0,
                                                "Shared Written Blocks": 0,
                                                "Local Hit Blocks": 0,
                                                "Local Read Blocks": 0,
                                                "Local Dirtied Blocks": 0,
                                                "Local Written Blocks": 0,
                                                "Temp Read Blocks": 0,
                                                "Temp Written Blocks": 0,
                                                "Workers": [],
                                                "Plans": [
                                                  {
                                                    "Node Type": "Seq Scan",
                                                    "Parent Relationship": "Outer",
                                                    "Parallel Aware": true,
                                                    "Async Capable": false,
                                                    "Relation Name": "date_dim",
                                                    "Alias": "date_dim_2",
                                                    "Startup Cost": 0.0,
                                                    "Total Cost": 2049.55,
                                                    "Plan Rows": 222,
                                                    "Plan Width": 8,
                                                    "Actual Startup Time": 1.393,
                                                    "Actual Total Time": 4.081,
                                                    "Actual Rows": 182,
                                                    "Actual Loops": 2,
                                                    "Filter": "((d_month_seq >= 1207) AND (d_month_seq <= 1218))",
                                                    "Rows Removed by Filter": 36342,
                                                    "Shared Hit Blocks": 0,
                                                    "Shared Read Blocks": 1405,
                                                    "Shared Dirtied Blocks": 0,
                                                    "Shared Written Blocks": 0,
                                                    "Local Hit Blocks": 0,
                                                    "Local Read Blocks": 0,
                                                    "Local Dirtied Blocks": 0,
                                                    "Local Written Blocks": 0,
                                                    "Temp Read Blocks": 0,
                                                    "Temp Written Blocks": 0,
                                                    "Workers": []
                                                  },
                                                  {
                                                    "Node Type": "Index Scan",
                                                    "Parent Relationship": "Inner",
                                                    "Parallel Aware": false,
                                                    "Async Capable": false,
                                                    "Scan Direction": "Forward",
                                                    "Index Name": "_dta_index_web_sales_6_1269579561__k1_8_24",
                                                    "Relation Name": "web_sales",
                                                    "Alias": "web_sales",
                                                    "Startup Cost": 0.43,
                                                    "Total Cost": 468.01,
                                                    "Plan Rows": 38,
                                                    "Plan Width": 8,
                                                    "Actual Startup Time": 0.014,
                                                    "Actual Total Time": 0.94,
                                                    "Actual Rows": 162,
                                                    "Actual Loops": 365,
                                                    "Index Cond": "(ws_sold_date_sk = date_dim_2.d_date_sk)",
                                                    "Rows Removed by Index Recheck": 0,
                                                    "Filter": "((ws_list_price >= '241'::numeric) AND (ws_list_price <= '300'::numeric) AND (ws_wholesale_cost >= '76'::numeric) AND (ws_wholesale_cost <= '96'::numeric))",
                                                    "Rows Removed by Filter": 3776,
                                                    "Shared Hit Blocks": 3340,
                                                    "Shared Read Blocks": 42808,
                                                    "Shared Dirtied Blocks": 0,
                                                    "Shared Written Blocks": 0,
                                                    "Local Hit Blocks": 0,
                                                    "Local Read Blocks": 0,
                                                    "Local Dirtied Blocks": 0,
                                                    "Local Written Blocks": 0,
                                                    "Temp Read Blocks": 0,
                                                    "Temp Written Blocks": 0,
                                                    "Workers": []
                                                  }
                                                ]
                                              },
                                              {
                                                "Node Type": "Index Scan",
                                                "Parent Relationship": "Inner",
                                                "Parallel Aware": false,
                                                "Async Capable": false,
                                                "Scan Direction": "Forward",
                                                "Index Name": "_dta_index_customer_6_949578421__k1_k5",
                                                "Relation Name": "customer",
                                                "Alias": "customer_2",
                                                "Startup Cost": 0.42,
                                                "Total Cost": 1.2,
                                                "Plan Rows": 1,
                                                "Plan Width": 56,
                                                "Actual Startup Time": 0.003,
                                                "Actual Total Time": 0.003,
                                                "Actual Rows": 0,
                                                "Actual Loops": 59042,
                                                "Index Cond": "(c_customer_sk = web_sales.ws_bill_customer_sk)",
                                                "Rows Removed by Index Recheck": 0,
                                                "Filter": "(c_birth_month = ANY ('{2,3,4,10}'::integer[]))",
                                                "Rows Removed by Filter": 1,
                                                "Shared Hit Blocks": 214313,
                                                "Shared Read Blocks": 21840,
                                                "Shared Dirtied Blocks": 0,
                                                "Shared Written Blocks": 0,
                                                "Local Hit Blocks": 0,
                                                "Local Read Blocks": 0,
                                                "Local Dirtied Blocks": 0,
                                                "Local Written Blocks": 0,
                                                "Temp Read Blocks": 0,
                                                "Temp Written Blocks": 0,
                                                "Workers": []
                                              }
                                            ]
                                          }
                                        ]
                                      }
                                    ]
                                  }
                                ]
                              }
                            ]
                          }
                        ]
                      }
                    ]
                  }
                ]
              }
            ]
          }
        ]
      },
      "Planning": {
        "Shared Hit Blocks": 24,
        "Shared Read Blocks": 36,
        "Shared Dirtied Blocks": 0,
        "Shared Written Blocks": 0,
        "Local Hit Blocks": 0,
        "Local Read Blocks": 0,
        "Local Dirtied Blocks": 0,
        "Local Written Blocks": 0,
        "Temp Read Blocks": 0,
        "Temp Written Blocks": 0
      },
      "Planning Time": 1.113,
      "Triggers": [],
      "Execution Time": 1932.648
    }
  ],
  "execution_time_ms": 1932.648
}
