{
  "query_id": "query025_agg_i2",
  "plan_json": [
    {
      "Plan": {
        "Node Type": "Limit",
        "Parallel Aware": false,
        "Async Capable": false,
        "Startup Cost": 18213.67,
        "Total Cost": 18215.9,
        "Plan Rows": 1,
        "Plan Width": 237,
        "Actual Startup Time": 500.765,
        "Actual Total Time": 500.825,
        "Actual Rows": 2,
        "Actual Loops": 1,
        "Shared Hit Blocks": 802710,
        "Shared Read Blocks": 56772,
        "Shared Dirtied Blocks": 0,
        "Shared Written Blocks": 0,
        "Local Hit Blocks": 0,
        "Local Read Blocks": 0,
        "Local Dirtied Blocks": 0,
        "Local Written Blocks": 0,
        "Temp Read Blocks": 0,
        "Temp Written Blocks": 0,
        "Plans": [
          {
            "Node Type": "Aggregate",
            "Strategy": "Sorted",
            "Partial Mode": "Simple",
            "Parent Relationship": "Outer",
            "Parallel Aware": false,
            "Async Capable": false,
            "Startup Cost": 18213.67,
            "Total Cost": 18215.9,
            "Plan Rows": 1,
            "Plan Width": 237,
            "Actual Startup Time": 500.764,
            "Actual Total Time": 500.822,
            "Actual Rows": 2,
            "Actual Loops": 1,
            "Group Key": [
              "item.i_item_id",
              "item.i_item_desc",
              "store.s_store_id",
              "store.s_store_name"
            ],
            "Shared Hit Blocks": 802710,
            "Shared Read Blocks": 56772,
            "Shared Dirtied Blocks": 0,
            "Shared Written Blocks": 0,
            "Local Hit Blocks": 0,
            "Local Read Blocks": 0,
            "Local Dirtied Blocks": 0,
            "Local Written Blocks": 0,
            "Temp Read Blocks": 0,
            "Temp Written Blocks": 0,
            "Plans": [
              {
                "Node Type": "Nested Loop",
                "Parent Relationship": "Outer",
                "Parallel Aware": false,
                "Async Capable": false,
                "Join Type": "Inner",
                "Startup Cost": 18213.67,
                "Total Cost": 18215.86,
                "Plan Rows": 1,
                "Plan Width": 159,
                "Actual Startup Time": 500.73,
                "Actual Total Time": 500.795,
                "Actual Rows": 2,
                "Actual Loops": 1,
                "Inner Unique": true,
                "Shared Hit Blocks": 802710,
                "Shared Read Blocks": 56772,
                "Shared Dirtied Blocks": 0,
                "Shared Written Blocks": 0,
                "Local Hit Blocks": 0,
                "Local Read Blocks": 0,
                "Local Dirtied Blocks": 0,
                "Local Written Blocks": 0,
                "Temp Read Blocks": 0,
                "Temp Written Blocks": 0,
                "Plans": [
                  {
                    "Node Type": "Gather Merge",
                    "Parent Relationship": "Outer",
                    "Parallel Aware": false,
                    "Async Capable": false,
                    "Startup Cost": 18213.38,
                    "Total Cost": 18213.5,
                    "Plan Rows": 1,
                    "Plan Width": 163,
                    "Actual Startup Time": 500.717,
                    "Actual Total Time": 500.768,
                    "Actual Rows": 13,
                    "Actual Loops": 1,
                    "Workers Planned": 2,
                    "Workers Launched": 2,
                    "Shared Hit Blocks": 802685,
                    "Shared Read Blocks": 56770,
                    "Shared Dirtied Blocks": 0,
                    "Shared Written Blocks": 0,
                    "Local Hit Blocks": 0,
                    "Local Read Blocks": 0,
                    "Local Dirtied Blocks": 0,
                    "Local Written Blocks": 0,
                    "Temp Read Blocks": 0,
                    "Temp Written Blocks": 0,
                    "Plans": [
                      {
                        "Node Type": "Sort",
                        "Parent Relationship": "Outer",
                        "Parallel Aware": false,
                        "Async Capable": false,
                        "Startup Cost": 17213.35,
                        "Total Cost": 17213.36,
                        "Plan Rows": 1,
                        "Plan Width": 163,
                        "Actual Startup Time": 168.0,
                        "Actual Total Time": 168.004,
                        "Actual Rows": 4,
                        "Actual Loops": 3,
                        "Sort Key": [
                          "item.i_item_id",
                          "item.i_item_desc",
                          "store.s_store_id",
                          "store.s_store_name"
                        ],
                        "Sort Method": "quicksort",
                        "Sort Space Used": 29,
                        "Sort Space Type": "Memory",
                        "Shared Hit Blocks": 802685,
                        "Shared Read Blocks": 56770,
                        "Shared Dirtied Blocks": 0,
                        "Shared Written Blocks": 0,
                        "Local Hit Blocks": 0,
                        "Local Read Blocks": 0,
                        "Local Dirtied Blocks": 0,
                        "Local Written Blocks": 0,
                        "Temp Read Blocks": 0,
                        "Temp Written Blocks": 0,
                        "Workers": [
                          {
                            "Worker Number": 0,
                            "Sort Method": "quicksort",
                            "Sort Space Used": 25,
                            "Sort Space Type": "Memory"
                          },
                          {
                            "Worker Number": 1,
                            "Sort Method": "quicksort",
                            "Sort Space Used": 25,
                            "Sort Space Type": "Memory"
                          }
                        ],
                        "Plans": [
                          {
                            "Node Type": "Nested Loop",
                            "Parent Relationship": "Outer",
                            "Parallel Aware": false,
                            "Async Capable": false,
                            "Join Type": "Inner",
                            "Startup Cost": 9.85,
                            "Total Cost": 17213.34,
                            "Plan Rows": 1,
                            "Plan Width": 163,
                            "Actual Startup Time": 36.653,
                            "Actual Total Time": 167.945,
                            "Actual Rows": 4,
                            "Actual Loops": 3,
                            "Inner Unique": true,
                            "Shared Hit Blocks": 802659,
                            "Shared Read Blocks": 56766,
                            "Shared Dirtied Blocks": 0,
                            "Shared Written Blocks": 0,
                            "Local Hit Blocks": 0,
                            "Local Read Blocks": 0,
                            "Local Dirtied Blocks": 0,
                            "Local Written Blocks": 0,
                            "Temp Read Blocks": 0,
                            "Temp Written Blocks": 0,
                            "Workers": [],
                            "Plans": [
                              {
                                "Node Type": "Nested Loop",
                                "Parent Relationship": "Outer",
                                "Parallel Aware": false,
                                "Async Capable": false,
                                "Join Type": "Inner",
                                "Startup Cost": 9.43,
                                "Total Cost": 17210.98,
                                "Plan Rows": 1,
                                "Plan Width": 55,
                                "Actual Startup Time": 36.523,
                                "Actual Total Time": 167.169,
                                "Actual Rows": 4,
                                "Actual Loops": 3,
                                "Inner Unique": true,
                                "Shared Hit Blocks": 802634,
                                "Shared Read Blocks": 56751,
                                "Shared Dirtied Blocks": 0,
                                "Shared Written Blocks": 0,
                                "Local Hit Blocks": 0,
                                "Local Read Blocks": 0,
                                "Local Dirtied Blocks": 0,
                                "Local Written Blocks": 0,
                                "Temp Read Blocks": 0,
                                "Temp Written Blocks": 0,
                                "Workers": [],
                                "Plans": [
                                  {
                                    "Node Type": "Nested Loop",
                                    "Parent Relationship": "Outer",
                                    "Parallel Aware": false,
                                    "Async Capable": false,
                                    "Join Type": "Inner",
                                    "Startup Cost": 9.29,
                                    "Total Cost": 17209.19,
                                    "Plan Rows": 1,
                                    "Plan Width": 38,
                                    "Actual Startup Time": 36.518,
                                    "Actual Total Time": 167.141,
                                    "Actual Rows": 4,
                                    "Actual Loops": 3,
                                    "Inner Unique": true,
                                    "Shared Hit Blocks": 802615,
                                    "Shared Read Blocks": 56744,
                                    "Shared Dirtied Blocks": 0,
                                    "Shared Written Blocks": 0,
                                    "Local Hit Blocks": 0,
                                    "Local Read Blocks": 0,
                                    "Local Dirtied Blocks": 0,
                                    "Local Written Blocks": 0,
                                    "Temp Read Blocks": 0,
                                    "Temp Written Blocks": 0,
                                    "Workers": [],
                                    "Plans": [
                                      {
                                        "Node Type": "Hash Join",
                                        "Parent Relationship": "Outer",
                                        "Parallel Aware": false,
                                        "Async Capable": false,
                                        "Join Type": "Inner",
                                        "Startup Cost": 8.85,
                                        "Total Cost": 17204.52,
                                        "Plan Rows": 1,
                                        "Plan Width": 32,
                                        "Actual Startup Time": 36.463,
                                        "Actual Total Time": 166.783,
                                        "Actual Rows": 4,
                                        "Actual Loops": 3,
                                        "Inner Unique": true,
                                        "Hash Cond": "(catalog_sales.cs_sold_date_sk = d3.d_date_sk)",
                                        "Shared Hit Blocks": 802588,
                                        "Shared Read Blocks": 56719,
                                        "Shared Dirtied Blocks": 0,
                                        "Shared Written Blocks": 0,
                                        "Local Hit Blocks": 0,
                                        "Local Read Blocks": 0,
                                        "Local Dirtied Blocks": 0,
                                        "Local Written Blocks": 0,
                                        "Temp Read Blocks": 0,
                                        "Temp Written Blocks": 0,
                                        "Workers": [],
                                        "Plans": [
                                          {
                                            "Node Type": "Nested Loop",
                                            "Parent Relationship": "Outer",
                                            "Parallel Aware": false,
                                            "Async Capable": false,
                                            "Join Type": "Inner",
                                            "Startup Cost": 1.29,
                                            "Total Cost": 17196.92,
                                            "Plan Rows": 12,
                                            "Plan Width": 36,
                                            "Actual Startup Time": 1.926,
                                            "Actual Total Time": 166.661,
                                            "Actual Rows": 63,
                                            "Actual Loops": 3,
                                            "Inner Unique": false,
                                            "Shared Hit Blocks": 802587,
                                            "Shared Read Blocks": 56716,
                                            "Shared Dirtied Blocks": 0,
                                            "Shared Written Blocks": 0,
                                            "Local Hit Blocks": 0,
                                            "Local Read Blocks": 0,
                                            "Local Dirtied Blocks": 0,
                                            "Local Written Blocks": 0,
                                            "Temp Read Blocks": 0,
                                            "Temp Written Blocks": 0,
                                            "Workers": [],
                                            "Plans": [
                                              {
                                                "Node Type": "Nested Loop",
                                                "Parent Relationship": "Outer",
                                                "Parallel Aware": false,
                                                "Async Capable": false,
                                                "Join Type": "Inner",
                                                "Startup Cost": 0.72,
                                                "Total Cost": 7705.42,
                                                "Plan Rows": 3570,
                                                "Plan Width": 18,
                                                "Actual Startup Time": 1.853,
                                                "Actual Total Time": 15.163,
                                                "Actual Rows": 72770,
                                                "Actual Loops": 3,
                                                "Inner Unique": false,
                                                "Shared Hit Blocks": 270,
                                                "Shared Read Blocks": 1365,
                                                "Shared Dirtied Blocks": 0,
                                                "Shared Written Blocks": 0,
                                                "Local Hit Blocks": 0,
                                                "Local Read Blocks": 0,
                                                "Local Dirtied Blocks": 0,
                                                "Local Written Blocks": 0,
                                                "Temp Read Blocks": 0,
                                                "Temp Written Blocks": 0,
                                                "Workers": [],
                                                "Plans": [
                                                  {
                                                    "Node Type": "Index Only Scan",
                                                    "Parent Relationship": "Outer",
                                                    "Parallel Aware": true,
                                                    "Async Capable": false,
                                                    "Scan Direction": "Forward",
                                                    "Index Name": "_dta_index_date_dim_6_661577395__k1_k7_k9",
                                                    "Relation Name": "date_dim",
                                                    "Alias": "d2",
                                                    "Startup Cost": 0.29,
                                                    "Total Cost": 2041.78,
                                                    "Plan Rows": 38,
                                                    "Plan Width": 4,
                                                    "Actual Startup Time": 1.545,
                                                    "Actual Total Time": 1.568,
                                                    "Actual Rows": 30,
                                                    "Actual Loops": 3,
                                                    "Index Cond": "((d_year = 2000) AND (d_moy >= 2) AND (d_moy <= 4))",
                                                    "Rows Removed by Index Recheck": 0,
                                                    "Heap Fetches": 0,
                                                    "Shared Hit Blocks": 3,
                                                    "Shared Read Blocks": 279,
                                                    "Shared Dirtied Blocks": 0,
                                                    "Shared Written Blocks": 0,
                                                    "Local Hit Blocks": 0,
                                                    "Local Read Blocks": 0,
                                                    "Local Dirtied Blocks": 0,
                                                    "Local Written Blocks": 0,
                                                    "Temp Read Blocks": 0,
                                                    "Temp Written Blocks": 0,
                                                    "Workers": []
                                                  },
                                                  {
                                                    "Node Type": "Index Only Scan",
                                                    "Parent Relationship": "Inner",
                                                    "Parallel Aware": false,
                                                    "Async Capable": false,
                                                    "Scan Direction": "Forward",
                                                    "Index Name": "_dta_index_store_returns_6_1013578649__k1_3_4_10_20",
                                                    "Relation Name": "store_returns",
                                                    "Alias": "store_returns",
                                                    "Startup Cost": 0.43,
                                                    "Total Cost": 117.82,
                                                    "Plan Rows": 3122,
                                                    "Plan Width": 22,
                                                    "Actual Startup Time": 0.015,
                                                    "Actual Total Time": 0.282,
                                                    "Actual Rows": 2426,
                                                    "Actual Loops": 90,
                                                    "Index Cond": "(sr_returned_date_sk = d2.d_date_sk)",
                                                    "Rows Removed by Index Recheck": 0,
                                                    "Heap Fetches": 0,
                                                    "Shared Hit Blocks": 267,
                                                    "Shared Read Blocks": 1086,
                                                    "Shared Dirtied Blocks": 0,
                                                    "Shared Written Blocks": 0,
                                                    "Local Hit Blocks": 0,
                                                    "Local Read Blocks": 0,
                                                    "Local Dirtied Blocks": 0,
                                                    "Local Written Blocks": 0,
                                                    "Temp Read Blocks": 0,
                                                    "Temp Written Blocks": 0,
                                                    "Workers": []
                                                  }
                                                ]
                                              },
                                              {
                                                "Node Type": "Index Only Scan",
                                                "Parent Relationship": "Inner",
                                                "Parallel Aware": false,
                                                "Async Capable": false,
                                                "Scan Direction": "Forward",
                                                "Index Name": "_dta_index_catalog_sales_6_1301579675__k16_k4_k1_34",
                                                "Relation Name": "catalog_sales",
                                                "Alias": "catalog_sales",
                                                "Startup Cost": 0.56,
                                                "Total Cost": 2.65,
                                                "Plan Rows": 1,
                                                "Plan Width": 18,
                                                "Actual Startup Time": 0.002,
                                                "Actual Total Time": 0.002,
                                                "Actual Rows": 0,
                                                "Actual Loops": 218310,
                                                "Index Cond": "((cs_item_sk = store_returns.sr_item_sk) AND (cs_bill_customer_sk = store_returns.sr_customer_sk))",
                                                "Rows Removed by Index Recheck": 0,
                                                "Heap Fetches": 0,
                                                "Shared Hit Blocks": 802317,
                                                "Shared Read Blocks": 55351,
                                                "Shared Dirtied Blocks": 0,
                                                "Shared Written Blocks": 0,
                                                "Local Hit Blocks": 0,
                                                "Local Read Blocks": 0,
                                                "Local Dirtied Blocks": 0,
                                                "Local Written Blocks": 0,
                                                "Temp Read Blocks": 0,
                                                "Temp Written Blocks": 0,
                                                "Workers": []
                                              }
                                            ]
                                          },
                                          {
                                            "Node Type": "Hash",
                                            "Parent Relationship": "Inner",
                                            "Parallel Aware": false,
                                            "Async Capable": false,
                                            "Startup Cost": 6.44,
                                            "Total Cost": 6.44,
                                            "Plan Rows": 90,
                                            "Plan Width": 4,
                                            "Actual Startup Time": 0.086,
                                            "Actual Total Time": 0.087,
                                            "Actual Rows": 90,
                                            "Actual Loops": 1,
                                            "Hash Buckets": 1024,
                                            "Original Hash Buckets": 1024,
                                            "Hash Batches": 1,
                                            "Original Hash Batches": 1,
                                            "Peak Memory Usage": 12,
                                            "Shared Hit Blocks": 1,
                                            "Shared Read Blocks": 3,
                                            "Shared Dirtied Blocks": 0,
                                            "Shared Written Blocks": 0,
                                            "Local Hit Blocks": 0,
                                            "Local Read Blocks": 0,
                                            "Local Dirtied Blocks": 0,
                                            "Local Written Blocks": 0,
                                            "Temp Read Blocks": 0,
                                            "Temp Written Blocks": 0,
                                            "Workers": [],
                                            "Plans": [
                                              {
                                                "Node Type": "Index Only Scan",
                                                "Parent Relationship": "Outer",
                                                "Parallel Aware": false,
                                                "Async Capable": false,
                                                "Scan Direction": "Forward",
                                                "Index Name": "_dta_index_date_dim_6_661577395__k7_k9_k1",
                                                "Relation Name": "date_dim",
                                                "Alias": "d3",
                                                "Startup Cost": 0.42,
                                                "Total Cost": 6.44,
                                                "Plan Rows": 90,
                                                "Plan Width": 4,
                                                "Actual Startup Time": 0.066,
                                                "Actual Total Time": 0.073,
                                                "Actual Rows": 90,
                                                "Actual Loops": 1,
                                                "Index Cond": "((d_year = 2000) AND (d_moy >= 2) AND (d_moy <= 4))",
                                                "Rows Removed by Index Recheck": 0,
                                                "Heap Fetches": 0,
                                                "Shared Hit Blocks": 1,
                                                "Shared Read Blocks": 3,
                                                "Shared Dirtied Blocks": 0,
                                                "Shared Written Blocks": 0,
                                                "Local Hit Blocks": 0,
                                                "Local Read Blocks": 0,
                                                "Local Dirtied Blocks": 0,
                                                "Local Written Blocks": 0,
                                                "Temp Read Blocks": 0,
                                                "Temp Written Blocks": 0,
                                                "Workers": []
                                              }
                                            ]
                                          }
                                        ]
                                      },
                                      {
                                        "Node Type": "Index Scan",
                                        "Parent Relationship": "Inner",
                                        "Parallel Aware": false,
                                        "Async Capable": false,
                                        "Scan Direction": "Forward",
                                        "Index Name": "_dta_index_store_sales_6_1333579789__k10_k3",
                                        "Relation Name": "store_sales",
                                        "Alias": "store_sales",
                                        "Startup Cost": 0.44,
                                        "Total Cost": 4.66,
                                        "Plan Rows": 1,
                                        "Plan Width": 26,
                                        "Actual Startup Time": 0.08,
                                        "Actual Total Time": 0.08,
                                        "Actual Rows": 1,
                                        "Actual Loops": 13,
                                        "Index Cond": "((ss_ticket_number = store_returns.sr_ticket_number) AND (ss_item_sk = store_returns.sr_item_sk))",
                                        "Rows Removed by Index Recheck": 0,
                                        "Filter": "(store_returns.sr_customer_sk = ss_customer_sk)",
                                        "Rows Removed by Filter": 0,
                                        "Shared Hit Blocks": 27,
                                        "Shared Read Blocks": 25,
                                        "Shared Dirtied Blocks": 0,
                                        "Shared Written Blocks": 0,
                                        "Local Hit Blocks": 0,
                                        "Local Read Blocks": 0,
                                        "Local Dirtied Blocks": 0,
                                        "Local Written Blocks": 0,
                                        "Temp Read Blocks": 0,
                                        "Temp Written Blocks": 0,
                                        "Workers": []
                                      }
                                    ]
                                  },
                                  {
                                    "Node Type": "Index Only Scan",
                                    "Parent Relationship": "Inner",
                                    "Parallel Aware": false,
                                    "Async Capable": false,
                                    "Scan Direction": "Forward",
                                    "Index Name": "_dta_index_store_6_885578193__k1_2_6",
                                    "Relation Name": "store",
                                    "Alias": "store",
                                    "Startup Cost": 0.14,
                                    "Total Cost": 1.76,
                                    "Plan Rows": 1,
                                    "Plan Width": 25,
                                    "Actual Startup Time": 0.004,
                                    "Actual Total Time": 0.004,
                                    "Actual Rows": 1,
                                    "Actual Loops": 13,
                                    "Index Cond": "(s_store_sk = store_sales.ss_store_sk)",
                                    "Rows Removed by Index Recheck": 0,
                                    "Heap Fetches": 13,
                                    "Shared Hit Blocks": 19,
                                    "Shared Read Blocks": 7,
                                    "Shared Dirtied Blocks": 0,
                                    "Shared Written Blocks": 0,
                                    "Local Hit Blocks": 0,
                                    "Local Read Blocks": 0,
                                    "Local Dirtied Blocks": 0,
                                    "Local Written Blocks": 0,
                                    "Temp Read Blocks": 0,
                                    "Temp Written Blocks": 0,
                                    "Workers": []
                                  }
                                ]
                              },
                              {
                                "Node Type": "Index Only Scan",
                                "Parent Relationship": "Inner",
                                "Parallel Aware": false,
                                "Async Capable": false,
                                "Scan Direction": "Forward",
                                "Index Name": "_dta_index_item_6_853578079__k1_2_5",
                                "Relation Name": "item",
                                "Alias": "item",
                                "Startup Cost": 0.42,
                                "Total Cost": 2.36,
                                "Plan Rows": 1,
                                "Plan Width": 124,
                                "Actual Startup Time": 0.173,
                                "Actual Total Time": 0.173,
                                "Actual Rows": 1,
                                "Actual Loops": 13,
                                "Index Cond": "(i_item_sk = store_sales.ss_item_sk)",
                                "Rows Removed by Index Recheck": 0,
                                "Heap Fetches": 0,
                                "Shared Hit Blocks": 25,
                                "Shared Read Blocks": 15,
                                "Shared Dirtied Blocks": 0,
                                "Shared Written Blocks": 0,
                                "Local Hit Blocks": 0,
                                "Local Read Blocks": 0,
                                "Local Dirtied Blocks": 0,
                                "Local Written Blocks": 0,
                                "Temp Read Blocks": 0,
                                "Temp Written Blocks": 0,
                                "Workers": []
                              }
                            ]
                          }
                        ]
                      }
                    ]
                  },
                  {
                    "Node Type": "Index Only Scan",
                    "Parent Relationship": "Inner",
                    "Parallel Aware": false,
                    "Async Capable": false,
                    "Scan Direction": "Forward",
                    "Index Name": "_dta_index_date_dim_6_661577395__k1_k7_k9",
                    "Relation Name": "date_dim",
                    "Alias": "d1",
                    "Startup Cost": 0.29,
                    "Total Cost": 2.23,
                    "Plan Rows": 1,
                    "Plan Width": 4,
                    "Actual Startup Time": 0.002,
                    "Actual Total Time": 0.002,
                    "Actual Rows": 0,
                    "Actual Loops": 13,
                    "Index Cond": "((d_date_sk = store_sales.ss_sold_date_sk) AND (d_year = 2000) AND (d_moy = 2))",
                    "Rows Removed by Index Recheck": 0,
                    "Heap Fetches": 0,
                    "Shared Hit Blocks": 25,
                    "Shared Read Blocks": 2,
                    "Shared Dirtied Blocks": 0,
                    "Shared Written Blocks": 0,
                    "Local Hit Blocks": 0,
                    "Local Read Blocks": 0,
                    "Local Dirtied Blocks": 0,
                    "Local Written Blocks": 0,
                    "Temp Read Blocks": 0,
                    "Temp Written Blocks": 0
                  }
                ]
              }
            ]
          }
        ]
      },
      "Planning": {
        "Shared Hit Blocks": 294,
        "Shared Read Blocks": 53,
        "Shared Dirtied Blocks": 0,
        "Shared Written Blocks": 0,
        "Local Hit Blocks": 0,
        "Local Read Blocks": 0,
        "Local Dirtied Blocks": 0,
        "Local Written Blocks": 0,
        "Temp Read Blocks": 0,
        "Temp Written Blocks": 0
      },
      "Planning Time": 43.643,
      "Triggers": [],
      "Execution Time": 500.908
    }
  ],
  "execution_time_ms": 500.908
}
