{
  "query_id": "query010_multi_i1",
  "plan_json": [
    {
      "Plan": {
        "Node Type": "Limit",
        "Parallel Aware": false,
        "Async Capable": false,
        "Startup Cost": 978570.98,
        "Total Cost": 978571.02,
        "Plan Rows": 1,
        "Plan Width": 100,
        "Actual Startup Time": 2997.332,
        "Actual Total Time": 2997.452,
        "Actual Rows": 0,
        "Actual Loops": 1,
        "Shared Hit Blocks": 746473,
        "Shared Read Blocks": 54230,
        "Shared Dirtied Blocks": 0,
        "Shared Written Blocks": 0,
        "Local Hit Blocks": 0,
        "Local Read Blocks": 0,
        "Local Dirtied Blocks": 0,
        "Local Written Blocks": 0,
        "Temp Read Blocks": 0,
        "Temp Written Blocks": 0,
        "Plans": [
          {
            "Node Type": "Aggregate",
            "Strategy": "Sorted",
            "Partial Mode": "Simple",
            "Parent Relationship": "Outer",
            "Parallel Aware": false,
            "Async Capable": false,
            "Startup Cost": 978570.98,
            "Total Cost": 978571.02,
            "Plan Rows": 1,
            "Plan Width": 100,
            "Actual Startup Time": 2997.33,
            "Actual Total Time": 2997.45,
            "Actual Rows": 0,
            "Actual Loops": 1,
            "Group Key": [
              "customer_demographics.cd_gender",
              "customer_demographics.cd_marital_status",
              "customer_demographics.cd_education_status",
              "customer_demographics.cd_purchase_estimate",
              "customer_demographics.cd_credit_rating",
              "customer_demographics.cd_dep_count",
              "customer_demographics.cd_dep_employed_count",
              "customer_demographics.cd_dep_college_count"
            ],
            "Shared Hit Blocks": 746473,
            "Shared Read Blocks": 54230,
            "Shared Dirtied Blocks": 0,
            "Shared Written Blocks": 0,
            "Local Hit Blocks": 0,
            "Local Read Blocks": 0,
            "Local Dirtied Blocks": 0,
            "Local Written Blocks": 0,
            "Temp Read Blocks": 0,
            "Temp Written Blocks": 0,
            "Plans": [
              {
                "Node Type": "Sort",
                "Parent Relationship": "Outer",
                "Parallel Aware": false,
                "Async Capable": false,
                "Startup Cost": 978570.98,
                "Total Cost": 978570.99,
                "Plan Rows": 1,
                "Plan Width": 52,
                "Actual Startup Time": 2997.329,
                "Actual Total Time": 2997.449,
                "Actual Rows": 0,
                "Actual Loops": 1,
                "Sort Key": [
                  "customer_demographics.cd_marital_status",
                  "customer_demographics.cd_education_status",
                  "customer_demographics.cd_purchase_estimate",
                  "customer_demographics.cd_credit_rating",
                  "customer_demographics.cd_dep_count",
                  "customer_demographics.cd_dep_employed_count",
                  "customer_demographics.cd_dep_college_count"
                ],
                "Sort Method": "quicksort",
                "Sort Space Used": 25,
                "Sort Space Type": "Memory",
                "Shared Hit Blocks": 746473,
                "Shared Read Blocks": 54230,
                "Shared Dirtied Blocks": 0,
                "Shared Written Blocks": 0,
                "Local Hit Blocks": 0,
                "Local Read Blocks": 0,
                "Local Dirtied Blocks": 0,
                "Local Written Blocks": 0,
                "Temp Read Blocks": 0,
                "Temp Written Blocks": 0,
                "Plans": [
                  {
                    "Node Type": "Nested Loop",
                    "Parent Relationship": "Outer",
                    "Parallel Aware": false,
                    "Async Capable": false,
                    "Join Type": "Inner",
                    "Startup Cost": 56823.77,
                    "Total Cost": 978570.97,
                    "Plan Rows": 1,
                    "Plan Width": 52,
                    "Actual Startup Time": 2997.317,
                    "Actual Total Time": 2997.437,
                    "Actual Rows": 0,
                    "Actual Loops": 1,
                    "Inner Unique": true,
                    "Shared Hit Blocks": 746473,
                    "Shared Read Blocks": 54230,
                    "Shared Dirtied Blocks": 0,
                    "Shared Written Blocks": 0,
                    "Local Hit Blocks": 0,
                    "Local Read Blocks": 0,
                    "Local Dirtied Blocks": 0,
                    "Local Written Blocks": 0,
                    "Temp Read Blocks": 0,
                    "Temp Written Blocks": 0,
                    "Plans": [
                      {
                        "Node Type": "Nested Loop",
                        "Parent Relationship": "Outer",
                        "Parallel Aware": false,
                        "Async Capable": false,
                        "Join Type": "Inner",
                        "Startup Cost": 56823.34,
                        "Total Cost": 978567.88,
                        "Plan Rows": 1,
                        "Plan Width": 4,
                        "Actual Startup Time": 2997.317,
                        "Actual Total Time": 2997.436,
                        "Actual Rows": 0,
                        "Actual Loops": 1,
                        "Inner Unique": true,
                        "Shared Hit Blocks": 746473,
                        "Shared Read Blocks": 54230,
                        "Shared Dirtied Blocks": 0,
                        "Shared Written Blocks": 0,
                        "Local Hit Blocks": 0,
                        "Local Read Blocks": 0,
                        "Local Dirtied Blocks": 0,
                        "Local Written Blocks": 0,
                        "Temp Read Blocks": 0,
                        "Temp Written Blocks": 0,
                        "Plans": [
                          {
                            "Node Type": "Nested Loop",
                            "Parent Relationship": "Outer",
                            "Parallel Aware": false,
                            "Async Capable": false,
                            "Join Type": "Inner",
                            "Startup Cost": 56822.92,
                            "Total Cost": 978566.42,
                            "Plan Rows": 1,
                            "Plan Width": 8,
                            "Actual Startup Time": 2921.083,
                            "Actual Total Time": 2996.712,
                            "Actual Rows": 7,
                            "Actual Loops": 1,
                            "Inner Unique": true,
                            "Shared Hit Blocks": 746462,
                            "Shared Read Blocks": 54213,
                            "Shared Dirtied Blocks": 0,
                            "Shared Written Blocks": 0,
                            "Local Hit Blocks": 0,
                            "Local Read Blocks": 0,
                            "Local Dirtied Blocks": 0,
                            "Local Written Blocks": 0,
                            "Temp Read Blocks": 0,
                            "Temp Written Blocks": 0,
                            "Plans": [
                              {
                                "Node Type": "Aggregate",
                                "Strategy": "Hashed",
                                "Partial Mode": "Simple",
                                "Parent Relationship": "Outer",
                                "Parallel Aware": false,
                                "Async Capable": false,
                                "Startup Cost": 56822.5,
                                "Total Cost": 56822.58,
                                "Plan Rows": 8,
                                "Plan Width": 4,
                                "Actual Startup Time": 1588.487,
                                "Actual Total Time": 1589.168,
                                "Actual Rows": 1942,
                                "Actual Loops": 1,
                                "Group Key": [
                                  "store_sales.ss_customer_sk"
                                ],
                                "Planned Partitions": 0,
                                "HashAgg Batches": 1,
                                "Peak Memory Usage": 265,
                                "Disk Usage": 0,
                                "Shared Hit Blocks": 359782,
                                "Shared Read Blocks": 26531,
                                "Shared Dirtied Blocks": 0,
                                "Shared Written Blocks": 0,
                                "Local Hit Blocks": 0,
                                "Local Read Blocks": 0,
                                "Local Dirtied Blocks": 0,
                                "Local Written Blocks": 0,
                                "Temp Read Blocks": 0,
                                "Temp Written Blocks": 0,
                                "Plans": [
                                  {
                                    "Node Type": "Gather",
                                    "Parent Relationship": "Outer",
                                    "Parallel Aware": false,
                                    "Async Capable": false,
                                    "Startup Cost": 1001.15,
                                    "Total Cost": 56822.48,
                                    "Plan Rows": 8,
                                    "Plan Width": 4,
                                    "Actual Startup Time": 2.003,
                                    "Actual Total Time": 1586.233,
                                    "Actual Rows": 2012,
                                    "Actual Loops": 1,
                                    "Workers Planned": 2,
                                    "Workers Launched": 2,
                                    "Single Copy": false,
                                    "Shared Hit Blocks": 359782,
                                    "Shared Read Blocks": 26531,
                                    "Shared Dirtied Blocks": 0,
                                    "Shared Written Blocks": 0,
                                    "Local Hit Blocks": 0,
                                    "Local Read Blocks": 0,
                                    "Local Dirtied Blocks": 0,
                                    "Local Written Blocks": 0,
                                    "Temp Read Blocks": 0,
                                    "Temp Written Blocks": 0,
                                    "Plans": [
                                      {
                                        "Node Type": "Nested Loop",
                                        "Parent Relationship": "Outer",
                                        "Parallel Aware": false,
                                        "Async Capable": false,
                                        "Join Type": "Inner",
                                        "Startup Cost": 1.15,
                                        "Total Cost": 55821.68,
                                        "Plan Rows": 3,
                                        "Plan Width": 4,
                                        "Actual Startup Time": 1.889,
                                        "Actual Total Time": 529.789,
                                        "Actual Rows": 671,
                                        "Actual Loops": 3,
                                        "Inner Unique": true,
                                        "Shared Hit Blocks": 359782,
                                        "Shared Read Blocks": 26531,
                                        "Shared Dirtied Blocks": 0,
                                        "Shared Written Blocks": 0,
                                        "Local Hit Blocks": 0,
                                        "Local Read Blocks": 0,
                                        "Local Dirtied Blocks": 0,
                                        "Local Written Blocks": 0,
                                        "Temp Read Blocks": 0,
                                        "Temp Written Blocks": 0,
                                        "Workers": [],
                                        "Plans": [
                                          {
                                            "Node Type": "Nested Loop",
                                            "Parent Relationship": "Outer",
                                            "Parallel Aware": false,
                                            "Async Capable": false,
                                            "Join Type": "Inner",
                                            "Startup Cost": 0.85,
                                            "Total Cost": 55727.03,
                                            "Plan Rows": 94,
                                            "Plan Width": 8,
                                            "Actual Startup Time": 1.748,
                                            "Actual Total Time": 392.884,
                                            "Actual Rows": 40552,
                                            "Actual Loops": 3,
                                            "Inner Unique": false,
                                            "Shared Hit Blocks": 2536,
                                            "Shared Read Blocks": 18806,
                                            "Shared Dirtied Blocks": 0,
                                            "Shared Written Blocks": 0,
                                            "Local Hit Blocks": 0,
                                            "Local Read Blocks": 0,
                                            "Local Dirtied Blocks": 0,
                                            "Local Written Blocks": 0,
                                            "Temp Read Blocks": 0,
                                            "Temp Written Blocks": 0,
                                            "Workers": [],
                                            "Plans": [
                                              {
                                                "Node Type": "Index Only Scan",
                                                "Parent Relationship": "Outer",
                                                "Parallel Aware": true,
                                                "Async Capable": false,
                                                "Scan Direction": "Forward",
                                                "Index Name": "_dta_index_date_dim_6_661577395__k1_k7_k9",
                                                "Relation Name": "date_dim",
                                                "Alias": "date_dim",
                                                "Startup Cost": 0.29,
                                                "Total Cost": 2041.91,
                                                "Plan Rows": 50,
                                                "Plan Width": 4,
                                                "Actual Startup Time": 1.587,
                                                "Actual Total Time": 1.627,
                                                "Actual Rows": 41,
                                                "Actual Loops": 3,
                                                "Index Cond": "((d_year = 1999) AND (d_moy >= 8) AND (d_moy <= 11))",
                                                "Rows Removed by Index Recheck": 0,
                                                "Heap Fetches": 0,
                                                "Shared Hit Blocks": 2,
                                                "Shared Read Blocks": 280,
                                                "Shared Dirtied Blocks": 0,
                                                "Shared Written Blocks": 0,
                                                "Local Hit Blocks": 0,
                                                "Local Read Blocks": 0,
                                                "Local Dirtied Blocks": 0,
                                                "Local Written Blocks": 0,
                                                "Temp Read Blocks": 0,
                                                "Temp Written Blocks": 0,
                                                "Workers": []
                                              },
                                              {
                                                "Node Type": "Index Only Scan",
                                                "Parent Relationship": "Inner",
                                                "Parallel Aware": false,
                                                "Async Capable": false,
                                                "Scan Direction": "Forward",
                                                "Index Name": "_dta_index_store_sales_6_1333579789__k1_k23_k14_k6_k8_k5_k7_3_4",
                                                "Relation Name": "store_sales",
                                                "Alias": "store_sales",
                                                "Startup Cost": 0.56,
                                                "Total Cost": 1073.03,
                                                "Plan Rows": 67,
                                                "Plan Width": 12,
                                                "Actual Startup Time": 0.04,
                                                "Actual Total Time": 9.516,
                                                "Actual Rows": 997,
                                                "Actual Loops": 122,
                                                "Index Cond": "(ss_sold_date_sk = date_dim.d_date_sk)",
                                                "Rows Removed by Index Recheck": 0,
                                                "Filter": "(((ss_sales_price / ss_list_price) >= 0.20) AND ((ss_sales_price / ss_list_price) <= 0.30))",
                                                "Rows Removed by Filter": 10125,
                                                "Heap Fetches": 0,
                                                "Shared Hit Blocks": 2534,
                                                "Shared Read Blocks": 18526,
                                                "Shared Dirtied Blocks": 0,
                                                "Shared Written Blocks": 0,
                                                "Local Hit Blocks": 0,
                                                "Local Read Blocks": 0,
                                                "Local Dirtied Blocks": 0,
                                                "Local Written Blocks": 0,
                                                "Temp Read Blocks": 0,
                                                "Temp Written Blocks": 0,
                                                "Workers": []
                                              }
                                            ]
                                          },
                                          {
                                            "Node Type": "Index Scan",
                                            "Parent Relationship": "Inner",
                                            "Parallel Aware": false,
                                            "Async Capable": false,
                                            "Scan Direction": "Forward",
                                            "Index Name": "item_pkey",
                                            "Relation Name": "item",
                                            "Alias": "item",
                                            "Startup Cost": 0.29,
                                            "Total Cost": 1.01,
                                            "Plan Rows": 1,
                                            "Plan Width": 4,
                                            "Actual Startup Time": 0.003,
                                            "Actual Total Time": 0.003,
                                            "Actual Rows": 0,
                                            "Actual Loops": 121657,
                                            "Index Cond": "(i_item_sk = store_sales.ss_item_sk)",
                                            "Rows Removed by Index Recheck": 0,
                                            "Filter": "((i_manager_id >= 66) AND (i_manager_id <= 75) AND (i_category = ANY ('{Children,Electronics,Music}'::bpchar[])))",
                                            "Rows Removed by Filter": 1,
                                            "Shared Hit Blocks": 357246,
                                            "Shared Read Blocks": 7725,
                                            "Shared Dirtied Blocks": 0,
                                            "Shared Written Blocks": 0,
                                            "Local Hit Blocks": 0,
                                            "Local Read Blocks": 0,
                                            "Local Dirtied Blocks": 0,
                                            "Local Written Blocks": 0,
                                            "Temp Read Blocks": 0,
                                            "Temp Written Blocks": 0,
                                            "Workers": []
                                          }
                                        ]
                                      }
                                    ]
                                  }
                                ]
                              },
                              {
                                "Node Type": "Index Scan",
                                "Parent Relationship": "Inner",
                                "Parallel Aware": false,
                                "Async Capable": false,
                                "Scan Direction": "Forward",
                                "Index Name": "_dta_index_customer_6_949578421__k1_k5",
                                "Relation Name": "customer",
                                "Alias": "c",
                                "Startup Cost": 0.42,
                                "Total Cost": 115212.53,
                                "Plan Rows": 1,
                                "Plan Width": 12,
                                "Actual Startup Time": 0.724,
                                "Actual Total Time": 0.724,
                                "Actual Rows": 0,
                                "Actual Loops": 1942,
                                "Index Cond": "(c_customer_sk = store_sales.ss_customer_sk)",
                                "Rows Removed by Index Recheck": 0,
                                "Filter": "((c_birth_month = ANY ('{1,5}'::integer[])) AND ((SubPlan 1) OR (hashed SubPlan 4)))",
                                "Rows Removed by Filter": 1,
                                "Shared Hit Blocks": 386680,
                                "Shared Read Blocks": 27682,
                                "Shared Dirtied Blocks": 0,
                                "Shared Written Blocks": 0,
                                "Local Hit Blocks": 0,
                                "Local Read Blocks": 0,
                                "Local Dirtied Blocks": 0,
                                "Local Written Blocks": 0,
                                "Temp Read Blocks": 0,
                                "Temp Written Blocks": 0,
                                "Plans": [
                                  {
                                    "Node Type": "Nested Loop",
                                    "Parent Relationship": "SubPlan",
                                    "Subplan Name": "SubPlan 1",
                                    "Parallel Aware": false,
                                    "Async Capable": false,
                                    "Join Type": "Inner",
                                    "Startup Cost": 1.14,
                                    "Total Cost": 1032.14,
                                    "Plan Rows": 1,
                                    "Plan Width": 0,
                                    "Actual Startup Time": 0.299,
                                    "Actual Total Time": 0.299,
                                    "Actual Rows": 0,
                                    "Actual Loops": 229,
                                    "Inner Unique": true,
                                    "Shared Hit Blocks": 83505,
                                    "Shared Read Blocks": 1095,
                                    "Shared Dirtied Blocks": 0,
                                    "Shared Written Blocks": 0,
                                    "Local Hit Blocks": 0,
                                    "Local Read Blocks": 0,
                                    "Local Dirtied Blocks": 0,
                                    "Local Written Blocks": 0,
                                    "Temp Read Blocks": 0,
                                    "Temp Written Blocks": 0,
                                    "Plans": [
                                      {
                                        "Node Type": "Nested Loop",
                                        "Parent Relationship": "Outer",
                                        "Parallel Aware": false,
                                        "Async Capable": false,
                                        "Join Type": "Inner",
                                        "Startup Cost": 0.85,
                                        "Total Cost": 1023.82,
                                        "Plan Rows": 1,
                                        "Plan Width": 4,
                                        "Actual Startup Time": 0.26,
                                        "Actual Total Time": 0.295,
                                        "Actual Rows": 1,
                                        "Actual Loops": 229,
                                        "Inner Unique": false,
                                        "Shared Hit Blocks": 82911,
                                        "Shared Read Blocks": 1089,
                                        "Shared Dirtied Blocks": 0,
                                        "Shared Written Blocks": 0,
                                        "Local Hit Blocks": 0,
                                        "Local Read Blocks": 0,
                                        "Local Dirtied Blocks": 0,
                                        "Local Written Blocks": 0,
                                        "Temp Read Blocks": 0,
                                        "Temp Written Blocks": 0,
                                        "Plans": [
                                          {
                                            "Node Type": "Index Only Scan",
                                            "Parent Relationship": "Outer",
                                            "Parallel Aware": false,
                                            "Async Capable": false,
                                            "Scan Direction": "Forward",
                                            "Index Name": "_dta_index_date_dim_6_661577395__k7_k9_k1",
                                            "Relation Name": "date_dim",
                                            "Alias": "date_dim_1",
                                            "Startup Cost": 0.42,
                                            "Total Cost": 7.12,
                                            "Plan Rows": 120,
                                            "Plan Width": 4,
                                            "Actual Startup Time": 0.006,
                                            "Actual Total Time": 0.014,
                                            "Actual Rows": 121,
                                            "Actual Loops": 229,
                                            "Index Cond": "((d_year = 1999) AND (d_moy >= 8) AND (d_moy <= 11))",
                                            "Rows Removed by Index Recheck": 0,
                                            "Heap Fetches": 0,
                                            "Shared Hit Blocks": 682,
                                            "Shared Read Blocks": 6,
                                            "Shared Dirtied Blocks": 0,
                                            "Shared Written Blocks": 0,
                                            "Local Hit Blocks": 0,
                                            "Local Read Blocks": 0,
                                            "Local Dirtied Blocks": 0,
                                            "Local Written Blocks": 0,
                                            "Temp Read Blocks": 0,
                                            "Temp Written Blocks": 0
                                          },
                                          {
                                            "Node Type": "Index Scan",
                                            "Parent Relationship": "Inner",
                                            "Parallel Aware": false,
                                            "Async Capable": false,
                                            "Scan Direction": "Forward",
                                            "Index Name": "_dta_index_web_sales_6_1269579561__k1_k5",
                                            "Relation Name": "web_sales",
                                            "Alias": "web_sales",
                                            "Startup Cost": 0.43,
                                            "Total Cost": 8.46,
                                            "Plan Rows": 1,
                                            "Plan Width": 8,
                                            "Actual Startup Time": 0.002,
                                            "Actual Total Time": 0.002,
                                            "Actual Rows": 0,
                                            "Actual Loops": 27711,
                                            "Index Cond": "((ws_sold_date_sk = date_dim_1.d_date_sk) AND (ws_bill_customer_sk = c.c_customer_sk))",
                                            "Rows Removed by Index Recheck": 0,
                                            "Filter": "(((ws_sales_price / ws_list_price) >= 0.20) AND ((ws_sales_price / ws_list_price) <= 0.30))",
                                            "Rows Removed by Filter": 0,
                                            "Shared Hit Blocks": 82229,
                                            "Shared Read Blocks": 1083,
                                            "Shared Dirtied Blocks": 0,
                                            "Shared Written Blocks": 0,
                                            "Local Hit Blocks": 0,
                                            "Local Read Blocks": 0,
                                            "Local Dirtied Blocks": 0,
                                            "Local Written Blocks": 0,
                                            "Temp Read Blocks": 0,
                                            "Temp Written Blocks": 0
                                          }
                                        ]
                                      },
                                      {
                                        "Node Type": "Index Scan",
                                        "Parent Relationship": "Inner",
                                        "Parallel Aware": false,
                                        "Async Capable": false,
                                        "Scan Direction": "Forward",
                                        "Index Name": "item_pkey",
                                        "Relation Name": "item",
                                        "Alias": "item_1",
                                        "Startup Cost": 0.29,
                                        "Total Cost": 8.32,
                                        "Plan Rows": 1,
                                        "Plan Width": 4,
                                        "Actual Startup Time": 0.003,
                                        "Actual Total Time": 0.003,
                                        "Actual Rows": 0,
                                        "Actual Loops": 200,
                                        "Index Cond": "(i_item_sk = web_sales.ws_item_sk)",
                                        "Rows Removed by Index Recheck": 0,
                                        "Filter": "((i_manager_id >= 66) AND (i_manager_id <= 75) AND (i_category = ANY ('{Children,Electronics,Music}'::bpchar[])))",
                                        "Rows Removed by Filter": 1,
                                        "Shared Hit Blocks": 594,
                                        "Shared Read Blocks": 6,
                                        "Shared Dirtied Blocks": 0,
                                        "Shared Written Blocks": 0,
                                        "Local Hit Blocks": 0,
                                        "Local Read Blocks": 0,
                                        "Local Dirtied Blocks": 0,
                                        "Local Written Blocks": 0,
                                        "Temp Read Blocks": 0,
                                        "Temp Written Blocks": 0
                                      }
                                    ]
                                  },
                                  {
                                    "Node Type": "Gather",
                                    "Parent Relationship": "SubPlan",
                                    "Subplan Name": "SubPlan 4",
                                    "Parallel Aware": false,
                                    "Async Capable": false,
                                    "Startup Cost": 1001.02,
                                    "Total Cost": 49733.63,
                                    "Plan Rows": 4,
                                    "Plan Width": 4,
                                    "Actual Startup Time": 1.437,
                                    "Actual Total Time": 1278.597,
                                    "Actual Rows": 1630,
                                    "Actual Loops": 1,
                                    "Workers Planned": 2,
                                    "Workers Launched": 2,
                                    "Single Copy": false,
                                    "Shared Hit Blocks": 298253,
                                    "Shared Read Blocks": 23745,
                                    "Shared Dirtied Blocks": 0,
                                    "Shared Written Blocks": 0,
                                    "Local Hit Blocks": 0,
                                    "Local Read Blocks": 0,
                                    "Local Dirtied Blocks": 0,
                                    "Local Written Blocks": 0,
                                    "Temp Read Blocks": 0,
                                    "Temp Written Blocks": 0,
                                    "Plans": [
                                      {
                                        "Node Type": "Nested Loop",
                                        "Parent Relationship": "Outer",
                                        "Parallel Aware": false,
                                        "Async Capable": false,
                                        "Join Type": "Inner",
                                        "Startup Cost": 1.02,
                                        "Total Cost": 48733.23,
                                        "Plan Rows": 2,
                                        "Plan Width": 4,
                                        "Actual Startup Time": 1.469,
                                        "Actual Total Time": 427.009,
                                        "Actual Rows": 543,
                                        "Actual Loops": 3,
                                        "Inner Unique": true,
                                        "Shared Hit Blocks": 298253,
                                        "Shared Read Blocks": 23745,
                                        "Shared Dirtied Blocks": 0,
                                        "Shared Written Blocks": 0,
                                        "Local Hit Blocks": 0,
                                        "Local Read Blocks": 0,
                                        "Local Dirtied Blocks": 0,
                                        "Local Written Blocks": 0,
                                        "Temp Read Blocks": 0,
                                        "Temp Written Blocks": 0,
                                        "Workers": [],
                                        "Plans": [
                                          {
                                            "Node Type": "Nested Loop",
                                            "Parent Relationship": "Outer",
                                            "Parallel Aware": false,
                                            "Async Capable": false,
                                            "Join Type": "Inner",
                                            "Startup Cost": 0.73,
                                            "Total Cost": 48697.86,
                                            "Plan Rows": 49,
                                            "Plan Width": 8,
                                            "Actual Startup Time": 1.432,
                                            "Actual Total Time": 349.48,
                                            "Actual Rows": 33110,
                                            "Actual Loops": 3,
                                            "Inner Unique": false,
                                            "Shared Hit Blocks": 630,
                                            "Shared Read Blocks": 23375,
                                            "Shared Dirtied Blocks": 0,
                                            "Shared Written Blocks": 0,
                                            "Local Hit Blocks": 0,
                                            "Local Read Blocks": 0,
                                            "Local Dirtied Blocks": 0,
                                            "Local Written Blocks": 0,
                                            "Temp Read Blocks": 0,
                                            "Temp Written Blocks": 0,
                                            "Workers": [],
                                            "Plans": [
                                              {
                                                "Node Type": "Index Only Scan",
                                                "Parent Relationship": "Outer",
                                                "Parallel Aware": true,
                                                "Async Capable": false,
                                                "Scan Direction": "Forward",
                                                "Index Name": "_dta_index_date_dim_6_661577395__k1_k7_k9",
                                                "Relation Name": "date_dim",
                                                "Alias": "date_dim_2",
                                                "Startup Cost": 0.29,
                                                "Total Cost": 2041.91,
                                                "Plan Rows": 50,
                                                "Plan Width": 4,
                                                "Actual Startup Time": 1.299,
                                                "Actual Total Time": 1.368,
                                                "Actual Rows": 41,
                                                "Actual Loops": 3,
                                                "Index Cond": "((d_year = 1999) AND (d_moy >= 8) AND (d_moy <= 11))",
                                                "Rows Removed by Index Recheck": 0,
                                                "Heap Fetches": 0,
                                                "Shared Hit Blocks": 2,
                                                "Shared Read Blocks": 280,
                                                "Shared Dirtied Blocks": 0,
                                                "Shared Written Blocks": 0,
                                                "Local Hit Blocks": 0,
                                                "Local Read Blocks": 0,
                                                "Local Dirtied Blocks": 0,
                                                "Local Written Blocks": 0,
                                                "Temp Read Blocks": 0,
                                                "Temp Written Blocks": 0,
                                                "Workers": []
                                              },
                                              {
                                                "Node Type": "Index Scan",
                                                "Parent Relationship": "Inner",
                                                "Parallel Aware": false,
                                                "Async Capable": false,
                                                "Scan Direction": "Forward",
                                                "Index Name": "_dta_index_catalog_sales_6_1301579675__k1_4",
                                                "Relation Name": "catalog_sales",
                                                "Alias": "catalog_sales",
                                                "Startup Cost": 0.43,
                                                "Total Cost": 932.78,
                                                "Plan Rows": 34,
                                                "Plan Width": 12,
                                                "Actual Startup Time": 0.021,
                                                "Actual Total Time": 8.451,
                                                "Actual Rows": 814,
                                                "Actual Loops": 122,
                                                "Index Cond": "(cs_sold_date_sk = date_dim_2.d_date_sk)",
                                                "Rows Removed by Index Recheck": 0,
                                                "Filter": "(((cs_sales_price / cs_list_price) >= 0.20) AND ((cs_sales_price / cs_list_price) <= 0.30))",
                                                "Rows Removed by Filter": 5824,
                                                "Shared Hit Blocks": 628,
                                                "Shared Read Blocks": 23095,
                                                "Shared Dirtied Blocks": 0,
                                                "Shared Written Blocks": 0,
                                                "Local Hit Blocks": 0,
                                                "Local Read Blocks": 0,
                                                "Local Dirtied Blocks": 0,
                                                "Local Written Blocks": 0,
                                                "Temp Read Blocks": 0,
                                                "Temp Written Blocks": 0,
                                                "Workers": []
                                              }
                                            ]
                                          },
                                          {
                                            "Node Type": "Index Scan",
                                            "Parent Relationship": "Inner",
                                            "Parallel Aware": false,
                                            "Async Capable": false,
                                            "Scan Direction": "Forward",
                                            "Index Name": "item_pkey",
                                            "Relation Name": "item",
                                            "Alias": "item_2",
                                            "Startup Cost": 0.29,
                                            "Total Cost": 0.72,
                                            "Plan Rows": 1,
                                            "Plan Width": 4,
                                            "Actual Startup Time": 0.002,
                                            "Actual Total Time": 0.002,
                                            "Actual Rows": 0,
                                            "Actual Loops": 99331,
                                            "Index Cond": "(i_item_sk = catalog_sales.cs_item_sk)",
                                            "Rows Removed by Index Recheck": 0,
                                            "Filter": "((i_manager_id >= 66) AND (i_manager_id <= 75) AND (i_category = ANY ('{Children,Electronics,Music}'::bpchar[])))",
                                            "Rows Removed by Filter": 1,
                                            "Shared Hit Blocks": 297623,
                                            "Shared Read Blocks": 370,
                                            "Shared Dirtied Blocks": 0,
                                            "Shared Written Blocks": 0,
                                            "Local Hit Blocks": 0,
                                            "Local Read Blocks": 0,
                                            "Local Dirtied Blocks": 0,
                                            "Local Written Blocks": 0,
                                            "Temp Read Blocks": 0,
                                            "Temp Written Blocks": 0,
                                            "Workers": []
                                          }
                                        ]
                                      }
                                    ]
                                  }
                                ]
                              }
                            ]
                          },
                          {
                            "Node Type": "Index Scan",
                            "Parent Relationship": "Inner",
                            "Parallel Aware": false,
                            "Async Capable": false,
                            "Scan Direction": "Forward",
                            "Index Name": "customer_address_pkey",
                            "Relation Name": "customer_address",
                            "Alias": "ca",
                            "Startup Cost": 0.42,
                            "Total Cost": 1.45,
                            "Plan Rows": 1,
                            "Plan Width": 4,
                            "Actual Startup Time": 0.102,
                            "Actual Total Time": 0.102,
                            "Actual Rows": 0,
                            "Actual Loops": 7,
                            "Index Cond": "(ca_address_sk = c.c_current_addr_sk)",
                            "Rows Removed by Index Recheck": 0,
                            "Filter": "((ca_county)::text = ANY ('{\"Grays Harbor County\",\"Kootenai County\",\"Pike County\",\"Thomas County\",\"Uinta County\"}'::text[]))",
                            "Rows Removed by Filter": 1,
                            "Shared Hit Blocks": 11,
                            "Shared Read Blocks": 17,
                            "Shared Dirtied Blocks": 0,
                            "Shared Written Blocks": 0,
                            "Local Hit Blocks": 0,
                            "Local Read Blocks": 0,
                            "Local Dirtied Blocks": 0,
                            "Local Written Blocks": 0,
                            "Temp Read Blocks": 0,
                            "Temp Written Blocks": 0
                          }
                        ]
                      },
                      {
                        "Node Type": "Index Scan",
                        "Parent Relationship": "Inner",
                        "Parallel Aware": false,
                        "Async Capable": false,
                        "Scan Direction": "Forward",
                        "Index Name": "customer_demographics_pkey",
                        "Relation Name": "customer_demographics",
                        "Alias": "customer_demographics",
                        "Startup Cost": 0.43,
                        "Total Cost": 3.1,
                        "Plan Rows": 1,
                        "Plan Width": 56,
                        "Actual Startup Time": 0.0,
                        "Actual Total Time": 0.0,
                        "Actual Rows": 0,
                        "Actual Loops": 0,
                        "Index Cond": "(cd_demo_sk = c.c_current_cdemo_sk)",
                        "Rows Removed by Index Recheck": 0,
                        "Filter": "((cd_gender = 'M'::bpchar) AND (cd_marital_status = ANY ('{U,U,M}'::bpchar[])) AND (cd_education_status = ANY ('{College,Primary,\"2 yr Degree\"}'::bpchar[])))",
                        "Rows Removed by Filter": 0,
                        "Shared Hit Blocks": 0,
                        "Shared Read Blocks": 0,
                        "Shared Dirtied Blocks": 0,
                        "Shared Written Blocks": 0,
                        "Local Hit Blocks": 0,
                        "Local Read Blocks": 0,
                        "Local Dirtied Blocks": 0,
                        "Local Written Blocks": 0,
                        "Temp Read Blocks": 0,
                        "Temp Written Blocks": 0
                      }
                    ]
                  }
                ]
              }
            ]
          }
        ]
      },
      "Planning": {
        "Shared Hit Blocks": 1082,
        "Shared Read Blocks": 162,
        "Shared Dirtied Blocks": 0,
        "Shared Written Blocks": 0,
        "Local Hit Blocks": 0,
        "Local Read Blocks": 0,
        "Local Dirtied Blocks": 0,
        "Local Written Blocks": 0,
        "Temp Read Blocks": 0,
        "Temp Written Blocks": 0
      },
      "Planning Time": 7.273,
      "Triggers": [],
      "Execution Time": 2997.828
    }
  ],
  "execution_time_ms": 2997.828
}
