{
  "query_id": "query014_multi_i1",
  "plan_json": [
    {
      "Plan": {
        "Node Type": "Limit",
        "Parallel Aware": false,
        "Async Capable": false,
        "Startup Cost": 1909700.3,
        "Total Cost": 1909700.3,
        "Plan Rows": 1,
        "Plan Width": 168,
        "Actual Startup Time": 29711.401,
        "Actual Total Time": 29711.651,
        "Actual Rows": 47,
        "Actual Loops": 1,
        "Shared Hit Blocks": 4148857,
        "Shared Read Blocks": 2569902,
        "Shared Dirtied Blocks": 0,
        "Shared Written Blocks": 0,
        "Local Hit Blocks": 0,
        "Local Read Blocks": 0,
        "Local Dirtied Blocks": 0,
        "Local Written Blocks": 0,
        "Temp Read Blocks": 0,
        "Temp Written Blocks": 0,
        "Plans": [
          {
            "Node Type": "Hash Join",
            "Parent Relationship": "InitPlan",
            "Subplan Name": "CTE cross_items",
            "Parallel Aware": false,
            "Async Capable": false,
            "Join Type": "Inner",
            "Startup Cost": 954116.03,
            "Total Cost": 963024.52,
            "Plan Rows": 1,
            "Plan Width": 4,
            "Actual Startup Time": 8605.356,
            "Actual Total Time": 8629.24,
            "Actual Rows": 2664,
            "Actual Loops": 1,
            "Inner Unique": true,
            "Hash Cond": "((item_2.i_brand_id = x.brand_id) AND (item_2.i_class_id = x.class_id) AND (item_2.i_category_id = x.category_id))",
            "Shared Hit Blocks": 2433319,
            "Shared Read Blocks": 601421,
            "Shared Dirtied Blocks": 0,
            "Shared Written Blocks": 0,
            "Local Hit Blocks": 0,
            "Local Read Blocks": 0,
            "Local Dirtied Blocks": 0,
            "Local Written Blocks": 0,
            "Temp Read Blocks": 0,
            "Temp Written Blocks": 0,
            "Plans": [
              {
                "Node Type": "Seq Scan",
                "Parent Relationship": "Outer",
                "Parallel Aware": false,
                "Async Capable": false,
                "Relation Name": "item",
                "Alias": "item_2",
                "Startup Cost": 0.0,
                "Total Cost": 8882.5,
                "Plan Rows": 3301,
                "Plan Width": 16,
                "Actual Startup Time": 0.03,
                "Actual Total Time": 23.261,
                "Actual Rows": 2682,
                "Actual Loops": 1,
                "Filter": "((i_manager_id >= 91) AND (i_manager_id <= 100) AND (i_category = ANY ('{Electronics,Jewelry,Men}'::bpchar[])))",
                "Rows Removed by Filter": 99318,
                "Shared Hit Blocks": 6612,
                "Shared Read Blocks": 358,
                "Shared Dirtied Blocks": 0,
                "Shared Written Blocks": 0,
                "Local Hit Blocks": 0,
                "Local Read Blocks": 0,
                "Local Dirtied Blocks": 0,
                "Local Written Blocks": 0,
                "Temp Read Blocks": 0,
                "Temp Written Blocks": 0
              },
              {
                "Node Type": "Hash",
                "Parent Relationship": "Inner",
                "Parallel Aware": false,
                "Async Capable": false,
                "Startup Cost": 954095.64,
                "Total Cost": 954095.64,
                "Plan Rows": 1165,
                "Plan Width": 12,
                "Actual Startup Time": 8605.25,
                "Actual Total Time": 8605.436,
                "Actual Rows": 381,
                "Actual Loops": 1,
                "Hash Buckets": 2048,
                "Original Hash Buckets": 2048,
                "Hash Batches": 1,
                "Original Hash Batches": 1,
                "Peak Memory Usage": 33,
                "Shared Hit Blocks": 2426707,
                "Shared Read Blocks": 601063,
                "Shared Dirtied Blocks": 0,
                "Shared Written Blocks": 0,
                "Local Hit Blocks": 0,
                "Local Read Blocks": 0,
                "Local Dirtied Blocks": 0,
                "Local Written Blocks": 0,
                "Temp Read Blocks": 0,
                "Temp Written Blocks": 0,
                "Plans": [
                  {
                    "Node Type": "Subquery Scan",
                    "Parent Relationship": "Outer",
                    "Parallel Aware": false,
                    "Async Capable": false,
                    "Alias": "x",
                    "Startup Cost": 1001.03,
                    "Total Cost": 954095.64,
                    "Plan Rows": 1165,
                    "Plan Width": 12,
                    "Actual Startup Time": 8605.165,
                    "Actual Total Time": 8605.396,
                    "Actual Rows": 383,
                    "Actual Loops": 1,
                    "Shared Hit Blocks": 2426707,
                    "Shared Read Blocks": 601063,
                    "Shared Dirtied Blocks": 0,
                    "Shared Written Blocks": 0,
                    "Local Hit Blocks": 0,
                    "Local Read Blocks": 0,
                    "Local Dirtied Blocks": 0,
                    "Local Written Blocks": 0,
                    "Temp Read Blocks": 0,
                    "Temp Written Blocks": 0,
                    "Plans": [
                      {
                        "Node Type": "SetOp",
                        "Strategy": "Hashed",
                        "Parent Relationship": "Subquery",
                        "Parallel Aware": false,
                        "Async Capable": false,
                        "Command": "Intersect",
                        "Startup Cost": 1001.03,
                        "Total Cost": 954083.99,
                        "Plan Rows": 1165,
                        "Plan Width": 16,
                        "Actual Startup Time": 8605.163,
                        "Actual Total Time": 8605.367,
                        "Actual Rows": 383,
                        "Actual Loops": 1,
                        "Shared Hit Blocks": 2426707,
                        "Shared Read Blocks": 601063,
                        "Shared Dirtied Blocks": 0,
                        "Shared Written Blocks": 0,
                        "Local Hit Blocks": 0,
                        "Local Read Blocks": 0,
                        "Local Dirtied Blocks": 0,
                        "Local Written Blocks": 0,
                        "Temp Read Blocks": 0,
                        "Temp Written Blocks": 0,
                        "Plans": [
                          {
                            "Node Type": "Append",
                            "Parent Relationship": "Outer",
                            "Parallel Aware": false,
                            "Async Capable": false,
                            "Startup Cost": 1001.03,
                            "Total Cost": 954004.53,
                            "Plan Rows": 10595,
                            "Plan Width": 16,
                            "Actual Startup Time": 6530.999,
                            "Actual Total Time": 8543.613,
                            "Actual Rows": 384091,
                            "Actual Loops": 1,
                            "Shared Hit Blocks": 2426707,
                            "Shared Read Blocks": 601063,
                            "Shared Dirtied Blocks": 0,
                            "Shared Written Blocks": 0,
                            "Local Hit Blocks": 0,
                            "Local Read Blocks": 0,
                            "Local Dirtied Blocks": 0,
                            "Local Written Blocks": 0,
                            "Temp Read Blocks": 0,
                            "Temp Written Blocks": 0,
                            "Subplans Removed": 0,
                            "Plans": [
                              {
                                "Node Type": "Result",
                                "Parent Relationship": "Member",
                                "Parallel Aware": false,
                                "Async Capable": false,
                                "Startup Cost": 1001.03,
                                "Total Cost": 768159.04,
                                "Plan Rows": 1165,
                                "Plan Width": 16,
                                "Actual Startup Time": 6530.998,
                                "Actual Total Time": 6531.181,
                                "Actual Rows": 383,
                                "Actual Loops": 1,
                                "Shared Hit Blocks": 1281813,
                                "Shared Read Blocks": 460342,
                                "Shared Dirtied Blocks": 0,
                                "Shared Written Blocks": 0,
                                "Local Hit Blocks": 0,
                                "Local Read Blocks": 0,
                                "Local Dirtied Blocks": 0,
                                "Local Written Blocks": 0,
                                "Temp Read Blocks": 0,
                                "Temp Written Blocks": 0,
                                "Plans": [
                                  {
                                    "Node Type": "SetOp",
                                    "Strategy": "Hashed",
                                    "Parent Relationship": "Outer",
                                    "Parallel Aware": false,
                                    "Async Capable": false,
                                    "Command": "Intersect",
                                    "Startup Cost": 1001.03,
                                    "Total Cost": 768147.39,
                                    "Plan Rows": 1165,
                                    "Plan Width": 16,
                                    "Actual Startup Time": 6530.996,
                                    "Actual Total Time": 6531.155,
                                    "Actual Rows": 383,
                                    "Actual Loops": 1,
                                    "Shared Hit Blocks": 1281813,
                                    "Shared Read Blocks": 460342,
                                    "Shared Dirtied Blocks": 0,
                                    "Shared Written Blocks": 0,
                                    "Local Hit Blocks": 0,
                                    "Local Read Blocks": 0,
                                    "Local Dirtied Blocks": 0,
                                    "Local Written Blocks": 0,
                                    "Temp Read Blocks": 0,
                                    "Temp Written Blocks": 0,
                                    "Plans": [
                                      {
                                        "Node Type": "Append",
                                        "Parent Relationship": "Outer",
                                        "Parallel Aware": false,
                                        "Async Capable": false,
                                        "Startup Cost": 1001.03,
                                        "Total Cost": 768115.0,
                                        "Plan Rows": 4319,
                                        "Plan Width": 16,
                                        "Actual Startup Time": 2.983,
                                        "Actual Total Time": 6487.8,
                                        "Actual Rows": 210813,
                                        "Actual Loops": 1,
                                        "Shared Hit Blocks": 1281813,
                                        "Shared Read Blocks": 460342,
                                        "Shared Dirtied Blocks": 0,
                                        "Shared Written Blocks": 0,
                                        "Local Hit Blocks": 0,
                                        "Local Read Blocks": 0,
                                        "Local Dirtied Blocks": 0,
                                        "Local Written Blocks": 0,
                                        "Temp Read Blocks": 0,
                                        "Temp Written Blocks": 0,
                                        "Subplans Removed": 0,
                                        "Plans": [
                                          {
                                            "Node Type": "Subquery Scan",
                                            "Parent Relationship": "Member",
                                            "Parallel Aware": false,
                                            "Async Capable": false,
                                            "Alias": "*SELECT* 2",
                                            "Startup Cost": 1001.03,
                                            "Total Cost": 353248.69,
                                            "Plan Rows": 1165,
                                            "Plan Width": 16,
                                            "Actual Startup Time": 2.982,
                                            "Actual Total Time": 2665.68,
                                            "Actual Rows": 14587,
                                            "Actual Loops": 1,
                                            "Shared Hit Blocks": 563658,
                                            "Shared Read Blocks": 219182,
                                            "Shared Dirtied Blocks": 0,
                                            "Shared Written Blocks": 0,
                                            "Local Hit Blocks": 0,
                                            "Local Read Blocks": 0,
                                            "Local Dirtied Blocks": 0,
                                            "Local Written Blocks": 0,
                                            "Temp Read Blocks": 0,
                                            "Temp Written Blocks": 0,
                                            "Plans": [
                                              {
                                                "Node Type": "Gather",
                                                "Parent Relationship": "Subquery",
                                                "Parallel Aware": false,
                                                "Async Capable": false,
                                                "Startup Cost": 1001.03,
                                                "Total Cost": 353237.04,
                                                "Plan Rows": 1165,
                                                "Plan Width": 12,
                                                "Actual Startup Time": 2.981,
                                                "Actual Total Time": 2662.933,
                                                "Actual Rows": 14587,
                                                "Actual Loops": 1,
                                                "Workers Planned": 2,
                                                "Workers Launched": 2,
                                                "Single Copy": false,
                                                "Shared Hit Blocks": 563658,
                                                "Shared Read Blocks": 219182,
                                                "Shared Dirtied Blocks": 0,
                                                "Shared Written Blocks": 0,
                                                "Local Hit Blocks": 0,
                                                "Local Read Blocks": 0,
                                                "Local Dirtied Blocks": 0,
                                                "Local Written Blocks": 0,
                                                "Temp Read Blocks": 0,
                                                "Temp Written Blocks": 0,
                                                "Plans": [
                                                  {
                                                    "Node Type": "Nested Loop",
                                                    "Parent Relationship": "Outer",
                                                    "Parallel Aware": false,
                                                    "Async Capable": false,
                                                    "Join Type": "Inner",
                                                    "Startup Cost": 1.03,
                                                    "Total Cost": 352120.54,
                                                    "Plan Rows": 485,
                                                    "Plan Width": 12,
                                                    "Actual Startup Time": 1.366,
                                                    "Actual Total Time": 2366.065,
                                                    "Actual Rows": 4862,
                                                    "Actual Loops": 3,
                                                    "Inner Unique": true,
                                                    "Shared Hit Blocks": 563658,
                                                    "Shared Read Blocks": 219182,
                                                    "Shared Dirtied Blocks": 0,
                                                    "Shared Written Blocks": 0,
                                                    "Local Hit Blocks": 0,
                                                    "Local Read Blocks": 0,
                                                    "Local Dirtied Blocks": 0,
                                                    "Local Written Blocks": 0,
                                                    "Temp Read Blocks": 0,
                                                    "Temp Written Blocks": 0,
                                                    "Workers": [],
                                                    "Plans": [
                                                      {
                                                        "Node Type": "Nested Loop",
                                                        "Parent Relationship": "Outer",
                                                        "Parallel Aware": false,
                                                        "Async Capable": false,
                                                        "Join Type": "Inner",
                                                        "Startup Cost": 0.73,
                                                        "Total Cost": 348520.55,
                                                        "Plan Rows": 15005,
                                                        "Plan Width": 4,
                                                        "Actual Startup Time": 0.766,
                                                        "Actual Total Time": 1918.034,
                                                        "Actual Rows": 373179,
                                                        "Actual Loops": 3,
                                                        "Inner Unique": false,
                                                        "Shared Hit Blocks": 5588,
                                                        "Shared Read Blocks": 188134,
                                                        "Shared Dirtied Blocks": 0,
                                                        "Shared Written Blocks": 0,
                                                        "Local Hit Blocks": 0,
                                                        "Local Read Blocks": 0,
                                                        "Local Dirtied Blocks": 0,
                                                        "Local Written Blocks": 0,
                                                        "Temp Read Blocks": 0,
                                                        "Temp Written Blocks": 0,
                                                        "Workers": [],
                                                        "Plans": [
                                                          {
                                                            "Node Type": "Index Only Scan",
                                                            "Parent Relationship": "Outer",
                                                            "Parallel Aware": true,
                                                            "Async Capable": false,
                                                            "Scan Direction": "Forward",
                                                            "Index Name": "_dta_index_date_dim_6_661577395__k1_k7_k9",
                                                            "Relation Name": "date_dim",
                                                            "Alias": "d2",
                                                            "Startup Cost": 0.29,
                                                            "Total Cost": 1863.25,
                                                            "Plan Rows": 446,
                                                            "Plan Width": 4,
                                                            "Actual Startup Time": 0.259,
                                                            "Actual Total Time": 1.101,
                                                            "Actual Rows": 365,
                                                            "Actual Loops": 3,
                                                            "Index Cond": "((d_year >= 1999) AND (d_year <= 2001))",
                                                            "Rows Removed by Index Recheck": 0,
                                                            "Heap Fetches": 0,
                                                            "Shared Hit Blocks": 3,
                                                            "Shared Read Blocks": 281,
                                                            "Shared Dirtied Blocks": 0,
                                                            "Shared Written Blocks": 0,
                                                            "Local Hit Blocks": 0,
                                                            "Local Read Blocks": 0,
                                                            "Local Dirtied Blocks": 0,
                                                            "Local Written Blocks": 0,
                                                            "Temp Read Blocks": 0,
                                                            "Temp Written Blocks": 0,
                                                            "Workers": []
                                                          },
                                                          {
                                                            "Node Type": "Index Scan",
                                                            "Parent Relationship": "Inner",
                                                            "Parallel Aware": false,
                                                            "Async Capable": false,
                                                            "Scan Direction": "Forward",
                                                            "Index Name": "_dta_index_catalog_sales_6_1301579675__k1_4",
                                                            "Relation Name": "catalog_sales",
                                                            "Alias": "catalog_sales",
                                                            "Startup Cost": 0.43,
                                                            "Total Cost": 765.7,
                                                            "Plan Rows": 1156,
                                                            "Plan Width": 8,
                                                            "Actual Startup Time": 0.019,
                                                            "Actual Total Time": 5.134,
                                                            "Actual Rows": 1021,
                                                            "Actual Loops": 1096,
                                                            "Index Cond": "(cs_sold_date_sk = d2.d_date_sk)",
                                                            "Rows Removed by Index Recheck": 0,
                                                            "Filter": "((cs_wholesale_cost >= '35'::numeric) AND (cs_wholesale_cost <= '55'::numeric))",
                                                            "Rows Removed by Filter": 4989,
                                                            "Shared Hit Blocks": 5585,
                                                            "Shared Read Blocks": 187853,
                                                            "Shared Dirtied Blocks": 0,
                                                            "Shared Written Blocks": 0,
                                                            "Local Hit Blocks": 0,
                                                            "Local Read Blocks": 0,
                                                            "Local Dirtied Blocks": 0,
                                                            "Local Written Blocks": 0,
                                                            "Temp Read Blocks": 0,
                                                            "Temp Written Blocks": 0,
                                                            "Workers": []
                                                          }
                                                        ]
                                                      },
                                                      {
                                                        "Node Type": "Memoize",
                                                        "Parent Relationship": "Inner",
                                                        "Parallel Aware": false,
                                                        "Async Capable": false,
                                                        "Startup Cost": 0.3,
                                                        "Total Cost": 0.34,
                                                        "Plan Rows": 1,
                                                        "Plan Width": 16,
                                                        "Actual Startup Time": 0.001,
                                                        "Actual Total Time": 0.001,
                                                        "Actual Rows": 0,
                                                        "Actual Loops": 1119537,
                                                        "Cache Key": "catalog_sales.cs_item_sk",
                                                        "Cache Mode": "logical",
                                                        "Cache Hits": 293899,
                                                        "Cache Misses": 71554,
                                                        "Cache Evictions": 11006,
                                                        "Cache Overflows": 0,
                                                        "Peak Memory Usage": 4097,
                                                        "Shared Hit Blocks": 558070,
                                                        "Shared Read Blocks": 31048,
                                                        "Shared Dirtied Blocks": 0,
                                                        "Shared Written Blocks": 0,
                                                        "Local Hit Blocks": 0,
                                                        "Local Read Blocks": 0,
                                                        "Local Dirtied Blocks": 0,
                                                        "Local Written Blocks": 0,
                                                        "Temp Read Blocks": 0,
                                                        "Temp Written Blocks": 0,
                                                        "Workers": [
                                                          {
                                                            "Worker Number": 0,
                                                            "Cache Hits": 419723,
                                                            "Cache Misses": 78309,
                                                            "Cache Evictions": 17748,
                                                            "Cache Overflows": 0,
                                                            "Peak Memory Usage": 4097
                                                          },
                                                          {
                                                            "Worker Number": 1,
                                                            "Cache Hits": 209545,
                                                            "Cache Misses": 46507,
                                                            "Cache Evictions": 0,
                                                            "Cache Overflows": 0,
                                                            "Peak Memory Usage": 3147
                                                          }
                                                        ],
                                                        "Plans": [
                                                          {
                                                            "Node Type": "Index Scan",
                                                            "Parent Relationship": "Outer",
                                                            "Parallel Aware": false,
                                                            "Async Capable": false,
                                                            "Scan Direction": "Forward",
                                                            "Index Name": "item_pkey",
                                                            "Relation Name": "item",
                                                            "Alias": "ics",
                                                            "Startup Cost": 0.29,
                                                            "Total Cost": 0.33,
                                                            "Plan Rows": 1,
                                                            "Plan Width": 16,
                                                            "Actual Startup Time": 0.003,
                                                            "Actual Total Time": 0.003,
                                                            "Actual Rows": 0,
                                                            "Actual Loops": 196370,
                                                            "Index Cond": "(i_item_sk = catalog_sales.cs_item_sk)",
                                                            "Rows Removed by Index Recheck": 0,
                                                            "Filter": "((i_manager_id >= 91) AND (i_manager_id <= 100) AND (i_category = ANY ('{Electronics,Jewelry,Men}'::bpchar[])))",
                                                            "Rows Removed by Filter": 1,
                                                            "Shared Hit Blocks": 558070,
                                                            "Shared Read Blocks": 31048,
                                                            "Shared Dirtied Blocks": 0,
                                                            "Shared Written Blocks": 0,
                                                            "Local Hit Blocks": 0,
                                                            "Local Read Blocks": 0,
                                                            "Local Dirtied Blocks": 0,
                                                            "Local Written Blocks": 0,
                                                            "Temp Read Blocks": 0,
                                                            "Temp Written Blocks": 0,
                                                            "Workers": []
                                                          }
                                                        ]
                                                      }
                                                    ]
                                                  }
                                                ]
                                              }
                                            ]
                                          },
                                          {
                                            "Node Type": "Subquery Scan",
                                            "Parent Relationship": "Member",
                                            "Parallel Aware": false,
                                            "Async Capable": false,
                                            "Alias": "*SELECT* 1",
                                            "Startup Cost": 1001.16,
                                            "Total Cost": 414844.71,
                                            "Plan Rows": 3154,
                                            "Plan Width": 16,
                                            "Actual Startup Time": 2.082,
                                            "Actual Total Time": 3805.893,
                                            "Actual Rows": 196226,
                                            "Actual Loops": 1,
                                            "Shared Hit Blocks": 718155,
                                            "Shared Read Blocks": 241160,
                                            "Shared Dirtied Blocks": 0,
                                            "Shared Written Blocks": 0,
                                            "Local Hit Blocks": 0,
                                            "Local Read Blocks": 0,
                                            "Local Dirtied Blocks": 0,
                                            "Local Written Blocks": 0,
                                            "Temp Read Blocks": 0,
                                            "Temp Written Blocks": 0,
                                            "Plans": [
                                              {
                                                "Node Type": "Gather",
                                                "Parent Relationship": "Subquery",
                                                "Parallel Aware": false,
                                                "Async Capable": false,
                                                "Startup Cost": 1001.16,
                                                "Total Cost": 414813.17,
                                                "Plan Rows": 3154,
                                                "Plan Width": 12,
                                                "Actual Startup Time": 2.081,
                                                "Actual Total Time": 3781.305,
                                                "Actual Rows": 196226,
                                                "Actual Loops": 1,
                                                "Workers Planned": 2,
                                                "Workers Launched": 2,
                                                "Single Copy": false,
                                                "Shared Hit Blocks": 718155,
                                                "Shared Read Blocks": 241160,
                                                "Shared Dirtied Blocks": 0,
                                                "Shared Written Blocks": 0,
                                                "Local Hit Blocks": 0,
                                                "Local Read Blocks": 0,
                                                "Local Dirtied Blocks": 0,
                                                "Local Written Blocks": 0,
                                                "Temp Read Blocks": 0,
                                                "Temp Written Blocks": 0,
                                                "Plans": [
                                                  {
                                                    "Node Type": "Nested Loop",
                                                    "Parent Relationship": "Outer",
                                                    "Parallel Aware": false,
                                                    "Async Capable": false,
                                                    "Join Type": "Inner",
                                                    "Startup Cost": 1.16,
                                                    "Total Cost": 413497.77,
                                                    "Plan Rows": 1314,
                                                    "Plan Width": 12,
                                                    "Actual Startup Time": 1.249,
                                                    "Actual Total Time": 2883.73,
                                                    "Actual Rows": 65409,
                                                    "Actual Loops": 3,
                                                    "Inner Unique": true,
                                                    "Shared Hit Blocks": 718155,
                                                    "Shared Read Blocks": 241160,
                                                    "Shared Dirtied Blocks": 0,
                                                    "Shared Written Blocks": 0,
                                                    "Local Hit Blocks": 0,
                                                    "Local Read Blocks": 0,
                                                    "Local Dirtied Blocks": 0,
                                                    "Local Written Blocks": 0,
                                                    "Temp Read Blocks": 0,
                                                    "Temp Written Blocks": 0,
                                                    "Workers": [],
                                                    "Plans": [
                                                      {
                                                        "Node Type": "Nested Loop",
                                                        "Parent Relationship": "Outer",
                                                        "Parallel Aware": false,
                                                        "Async Capable": false,
                                                        "Join Type": "Inner",
                                                        "Startup Cost": 0.85,
                                                        "Total Cost": 409302.73,
                                                        "Plan Rows": 40604,
                                                        "Plan Width": 4,
                                                        "Actual Startup Time": 0.827,
                                                        "Actual Total Time": 2143.912,
                                                        "Actual Rows": 1292829,
                                                        "Actual Loops": 3,
                                                        "Inner Unique": false,
                                                        "Shared Hit Blocks": 59719,
                                                        "Shared Read Blocks": 213794,
                                                        "Shared Dirtied Blocks": 0,
                                                        "Shared Written Blocks": 0,
                                                        "Local Hit Blocks": 0,
                                                        "Local Read Blocks": 0,
                                                        "Local Dirtied Blocks": 0,
                                                        "Local Written Blocks": 0,
                                                        "Temp Read Blocks": 0,
                                                        "Temp Written Blocks": 0,
                                                        "Workers": [],
                                                        "Plans": [
                                                          {
                                                            "Node Type": "Index Only Scan",
                                                            "Parent Relationship": "Outer",
                                                            "Parallel Aware": true,
                                                            "Async Capable": false,
                                                            "Scan Direction": "Forward",
                                                            "Index Name": "_dta_index_date_dim_6_661577395__k1_k7_k9",
                                                            "Relation Name": "date_dim",
                                                            "Alias": "d1",
                                                            "Startup Cost": 0.29,
                                                            "Total Cost": 1863.25,
                                                            "Plan Rows": 446,
                                                            "Plan Width": 4,
                                                            "Actual Startup Time": 0.441,
                                                            "Actual Total Time": 1.128,
                                                            "Actual Rows": 365,
                                                            "Actual Loops": 3,
                                                            "Index Cond": "((d_year >= 1999) AND (d_year <= 2001))",
                                                            "Rows Removed by Index Recheck": 0,
                                                            "Heap Fetches": 0,
                                                            "Shared Hit Blocks": 3,
                                                            "Shared Read Blocks": 281,
                                                            "Shared Dirtied Blocks": 0,
                                                            "Shared Written Blocks": 0,
                                                            "Local Hit Blocks": 0,
                                                            "Local Read Blocks": 0,
                                                            "Local Dirtied Blocks": 0,
                                                            "Local Written Blocks": 0,
                                                            "Temp Read Blocks": 0,
                                                            "Temp Written Blocks": 0,
                                                            "Workers": []
                                                          },
                                                          {
                                                            "Node Type": "Index Only Scan",
                                                            "Parent Relationship": "Inner",
                                                            "Parallel Aware": false,
                                                            "Async Capable": false,
                                                            "Scan Direction": "Forward",
                                                            "Index Name": "_dta_index_store_sales_6_1333579789__k1_k23_k14_k6_k8_k5_k7_3_4",
                                                            "Relation Name": "store_sales",
                                                            "Alias": "store_sales_2",
                                                            "Startup Cost": 0.56,
                                                            "Total Cost": 881.13,
                                                            "Plan Rows": 3241,
                                                            "Plan Width": 8,
                                                            "Actual Startup Time": 0.183,
                                                            "Actual Total Time": 5.621,
                                                            "Actual Rows": 3539,
                                                            "Actual Loops": 1096,
                                                            "Index Cond": "(ss_sold_date_sk = d1.d_date_sk)",
                                                            "Rows Removed by Index Recheck": 0,
                                                            "Filter": "((ss_wholesale_cost >= '35'::numeric) AND (ss_wholesale_cost <= '55'::numeric))",
                                                            "Rows Removed by Filter": 10732,
                                                            "Heap Fetches": 0,
                                                            "Shared Hit Blocks": 59716,
                                                            "Shared Read Blocks": 213513,
                                                            "Shared Dirtied Blocks": 0,
                                                            "Shared Written Blocks": 0,
                                                            "Local Hit Blocks": 0,
                                                            "Local Read Blocks": 0,
                                                            "Local Dirtied Blocks": 0,
                                                            "Local Written Blocks": 0,
                                                            "Temp Read Blocks": 0,
                                                            "Temp Written Blocks": 0,
                                                            "Workers": []
                                                          }
                                                        ]
                                                      },
                                                      {
                                                        "Node Type": "Memoize",
                                                        "Parent Relationship": "Inner",
                                                        "Parallel Aware": false,
                                                        "Async Capable": false,
                                                        "Startup Cost": 0.3,
                                                        "Total Cost": 0.33,
                                                        "Plan Rows": 1,
                                                        "Plan Width": 16,
                                                        "Actual Startup Time": 0.0,
                                                        "Actual Total Time": 0.0,
                                                        "Actual Rows": 0,
                                                        "Actual Loops": 3878488,
                                                        "Cache Key": "store_sales_2.ss_item_sk",
                                                        "Cache Mode": "logical",
                                                        "Cache Hits": 1525049,
                                                        "Cache Misses": 89266,
                                                        "Cache Evictions": 28720,
                                                        "Cache Overflows": 0,
                                                        "Peak Memory Usage": 4097,
                                                        "Shared Hit Blocks": 658436,
                                                        "Shared Read Blocks": 27366,
                                                        "Shared Dirtied Blocks": 0,
                                                        "Shared Written Blocks": 0,
                                                        "Local Hit Blocks": 0,
                                                        "Local Read Blocks": 0,
                                                        "Local Dirtied Blocks": 0,
                                                        "Local Written Blocks": 0,
                                                        "Temp Read Blocks": 0,
                                                        "Temp Written Blocks": 0,
                                                        "Workers": [
                                                          {
                                                            "Worker Number": 0,
                                                            "Cache Hits": 835927,
                                                            "Cache Misses": 50940,
                                                            "Cache Evictions": 0,
                                                            "Cache Overflows": 0,
                                                            "Peak Memory Usage": 3446
                                                          },
                                                          {
                                                            "Worker Number": 1,
                                                            "Cache Hits": 1288914,
                                                            "Cache Misses": 88392,
                                                            "Cache Evictions": 27835,
                                                            "Cache Overflows": 0,
                                                            "Peak Memory Usage": 4097
                                                          }
                                                        ],
                                                        "Plans": [
                                                          {
                                                            "Node Type": "Index Scan",
                                                            "Parent Relationship": "Outer",
                                                            "Parallel Aware": false,
                                                            "Async Capable": false,
                                                            "Scan Direction": "Forward",
                                                            "Index Name": "item_pkey",
                                                            "Relation Name": "item",
                                                            "Alias": "iss",
                                                            "Startup Cost": 0.29,
                                                            "Total Cost": 0.32,
                                                            "Plan Rows": 1,
                                                            "Plan Width": 16,
                                                            "Actual Startup Time": 0.003,
                                                            "Actual Total Time": 0.003,
                                                            "Actual Rows": 0,
                                                            "Actual Loops": 228598,
                                                            "Index Cond": "(i_item_sk = store_sales_2.ss_item_sk)",
                                                            "Rows Removed by Index Recheck": 0,
                                                            "Filter": "((i_manager_id >= 91) AND (i_manager_id <= 100) AND (i_category = ANY ('{Electronics,Jewelry,Men}'::bpchar[])))",
                                                            "Rows Removed by Filter": 1,
                                                            "Shared Hit Blocks": 658436,
                                                            "Shared Read Blocks": 27366,
                                                            "Shared Dirtied Blocks": 0,
                                                            "Shared Written Blocks": 0,
                                                            "Local Hit Blocks": 0,
                                                            "Local Read Blocks": 0,
                                                            "Local Dirtied Blocks": 0,
                                                            "Local Written Blocks": 0,
                                                            "Temp Read Blocks": 0,
                                                            "Temp Written Blocks": 0,
                                                            "Workers": []
                                                          }
                                                        ]
                                                      }
                                                    ]
                                                  }
                                                ]
                                              }
                                            ]
                                          }
                                        ]
                                      }
                                    ]
                                  }
                                ]
                              },
                              {
                                "Node Type": "Subquery Scan",
                                "Parent Relationship": "Member",
                                "Parallel Aware": false,
                                "Async Capable": false,
                                "Alias": "*SELECT* 3",
                                "Startup Cost": 1001.02,
                                "Total Cost": 185792.51,
                                "Plan Rows": 9430,
                                "Plan Width": 16,
                                "Actual Startup Time": 1.494,
                                "Actual Total Time": 1980.209,
                                "Actual Rows": 383708,
                                "Actual Loops": 1,
                                "Shared Hit Blocks": 1144894,
                                "Shared Read Blocks": 140721,
                                "Shared Dirtied Blocks": 0,
                                "Shared Written Blocks": 0,
                                "Local Hit Blocks": 0,
                                "Local Read Blocks": 0,
                                "Local Dirtied Blocks": 0,
                                "Local Written Blocks": 0,
                                "Temp Read Blocks": 0,
                                "Temp Written Blocks": 0,
                                "Plans": [
                                  {
                                    "Node Type": "Gather",
                                    "Parent Relationship": "Subquery",
                                    "Parallel Aware": false,
                                    "Async Capable": false,
                                    "Startup Cost": 1001.02,
                                    "Total Cost": 185698.21,
                                    "Plan Rows": 9430,
                                    "Plan Width": 12,
                                    "Actual Startup Time": 1.493,
                                    "Actual Total Time": 1919.72,
                                    "Actual Rows": 383708,
                                    "Actual Loops": 1,
                                    "Workers Planned": 2,
                                    "Workers Launched": 2,
                                    "Single Copy": false,
                                    "Shared Hit Blocks": 1144894,
                                    "Shared Read Blocks": 140721,
                                    "Shared Dirtied Blocks": 0,
                                    "Shared Written Blocks": 0,
                                    "Local Hit Blocks": 0,
                                    "Local Read Blocks": 0,
                                    "Local Dirtied Blocks": 0,
                                    "Local Written Blocks": 0,
                                    "Temp Read Blocks": 0,
                                    "Temp Written Blocks": 0,
                                    "Plans": [
                                      {
                                        "Node Type": "Nested Loop",
                                        "Parent Relationship": "Outer",
                                        "Parallel Aware": false,
                                        "Async Capable": false,
                                        "Join Type": "Inner",
                                        "Startup Cost": 1.02,
                                        "Total Cost": 183755.21,
                                        "Plan Rows": 3929,
                                        "Plan Width": 12,
                                        "Actual Startup Time": 0.735,
                                        "Actual Total Time": 1636.139,
                                        "Actual Rows": 127903,
                                        "Actual Loops": 3,
                                        "Inner Unique": true,
                                        "Shared Hit Blocks": 1144894,
                                        "Shared Read Blocks": 140721,
                                        "Shared Dirtied Blocks": 0,
                                        "Shared Written Blocks": 0,
                                        "Local Hit Blocks": 0,
                                        "Local Read Blocks": 0,
                                        "Local Dirtied Blocks": 0,
                                        "Local Written Blocks": 0,
                                        "Temp Read Blocks": 0,
                                        "Temp Written Blocks": 0,
                                        "Workers": [],
                                        "Plans": [
                                          {
                                            "Node Type": "Nested Loop",
                                            "Parent Relationship": "Outer",
                                            "Parallel Aware": false,
                                            "Async Capable": false,
                                            "Join Type": "Inner",
                                            "Startup Cost": 0.72,
                                            "Total Cost": 182360.1,
                                            "Plan Rows": 3929,
                                            "Plan Width": 4,
                                            "Actual Startup Time": 0.707,
                                            "Actual Total Time": 1326.653,
                                            "Actual Rows": 127903,
                                            "Actual Loops": 3,
                                            "Inner Unique": false,
                                            "Shared Hit Blocks": 9775,
                                            "Shared Read Blocks": 124714,
                                            "Shared Dirtied Blocks": 0,
                                            "Shared Written Blocks": 0,
                                            "Local Hit Blocks": 0,
                                            "Local Read Blocks": 0,
                                            "Local Dirtied Blocks": 0,
                                            "Local Written Blocks": 0,
                                            "Temp Read Blocks": 0,
                                            "Temp Written Blocks": 0,
                                            "Workers": [],
                                            "Plans": [
                                              {
                                                "Node Type": "Index Only Scan",
                                                "Parent Relationship": "Outer",
                                                "Parallel Aware": true,
                                                "Async Capable": false,
                                                "Scan Direction": "Forward",
                                                "Index Name": "_dta_index_date_dim_6_661577395__k1_k7_k9",
                                                "Relation Name": "date_dim",
                                                "Alias": "d3",
                                                "Startup Cost": 0.29,
                                                "Total Cost": 1863.25,
                                                "Plan Rows": 446,
                                                "Plan Width": 4,
                                                "Actual Startup Time": 0.252,
                                                "Actual Total Time": 1.024,
                                                "Actual Rows": 365,
                                                "Actual Loops": 3,
                                                "Index Cond": "((d_year >= 1999) AND (d_year <= 2001))",
                                                "Rows Removed by Index Recheck": 0,
                                                "Heap Fetches": 0,
                                                "Shared Hit Blocks": 3,
                                                "Shared Read Blocks": 281,
                                                "Shared Dirtied Blocks": 0,
                                                "Shared Written Blocks": 0,
                                                "Local Hit Blocks": 0,
                                                "Local Read Blocks": 0,
                                                "Local Dirtied Blocks": 0,
                                                "Local Written Blocks": 0,
                                                "Temp Read Blocks": 0,
                                                "Temp Written Blocks": 0,
                                                "Workers": []
                                              },
                                              {
                                                "Node Type": "Index Scan",
                                                "Parent Relationship": "Inner",
                                                "Parallel Aware": false,
                                                "Async Capable": false,
                                                "Scan Direction": "Forward",
                                                "Index Name": "_dta_index_web_sales_6_1269579561__k1_8_24",
                                                "Relation Name": "web_sales",
                                                "Alias": "web_sales",
                                                "Startup Cost": 0.43,
                                                "Total Cost": 401.67,
                                                "Plan Rows": 303,
                                                "Plan Width": 8,
                                                "Actual Startup Time": 0.026,
                                                "Actual Total Time": 3.583,
                                                "Actual Rows": 350,
                                                "Actual Loops": 1096,
                                                "Index Cond": "(ws_sold_date_sk = d3.d_date_sk)",
                                                "Rows Removed by Index Recheck": 0,
                                                "Filter": "((ws_wholesale_cost >= '35'::numeric) AND (ws_wholesale_cost <= '55'::numeric))",
                                                "Rows Removed by Filter": 3462,
                                                "Shared Hit Blocks": 9772,
                                                "Shared Read Blocks": 124433,
                                                "Shared Dirtied Blocks": 0,
                                                "Shared Written Blocks": 0,
                                                "Local Hit Blocks": 0,
                                                "Local Read Blocks": 0,
                                                "Local Dirtied Blocks": 0,
                                                "Local Written Blocks": 0,
                                                "Temp Read Blocks": 0,
                                                "Temp Written Blocks": 0,
                                                "Workers": []
                                              }
                                            ]
                                          },
                                          {
                                            "Node Type": "Index Scan",
                                            "Parent Relationship": "Inner",
                                            "Parallel Aware": false,
                                            "Async Capable": false,
                                            "Scan Direction": "Forward",
                                            "Index Name": "item_pkey",
                                            "Relation Name": "item",
                                            "Alias": "iws",
                                            "Startup Cost": 0.29,
                                            "Total Cost": 0.36,
                                            "Plan Rows": 1,
                                            "Plan Width": 16,
                                            "Actual Startup Time": 0.002,
                                            "Actual Total Time": 0.002,
                                            "Actual Rows": 1,
                                            "Actual Loops": 383708,
                                            "Index Cond": "(i_item_sk = web_sales.ws_item_sk)",
                                            "Rows Removed by Index Recheck": 0,
                                            "Shared Hit Blocks": 1135119,
                                            "Shared Read Blocks": 16007,
                                            "Shared Dirtied Blocks": 0,
                                            "Shared Written Blocks": 0,
                                            "Local Hit Blocks": 0,
                                            "Local Read Blocks": 0,
                                            "Local Dirtied Blocks": 0,
                                            "Local Written Blocks": 0,
                                            "Temp Read Blocks": 0,
                                            "Temp Written Blocks": 0,
                                            "Workers": []
                                          }
                                        ]
                                      }
                                    ]
                                  }
                                ]
                              }
                            ]
                          }
                        ]
                      }
                    ]
                  }
                ]
              }
            ]
          },
          {
            "Node Type": "Aggregate",
            "Strategy": "Plain",
            "Partial Mode": "Finalize",
            "Parent Relationship": "InitPlan",
            "Subplan Name": "CTE avg_sales",
            "Parallel Aware": false,
            "Async Capable": false,
            "Startup Cost": 944398.7,
            "Total Cost": 944398.71,
            "Plan Rows": 1,
            "Plan Width": 32,
            "Actual Startup Time": 3133.457,
            "Actual Total Time": 3133.497,
            "Actual Rows": 1,
            "Actual Loops": 1,
            "Shared Hit Blocks": 75719,
            "Shared Read Blocks": 525999,
            "Shared Dirtied Blocks": 0,
            "Shared Written Blocks": 0,
            "Local Hit Blocks": 0,
            "Local Read Blocks": 0,
            "Local Dirtied Blocks": 0,
            "Local Written Blocks": 0,
            "Temp Read Blocks": 0,
            "Temp Written Blocks": 0,
            "Plans": [
              {
                "Node Type": "Gather",
                "Parent Relationship": "Outer",
                "Parallel Aware": false,
                "Async Capable": false,
                "Startup Cost": 944398.47,
                "Total Cost": 944398.68,
                "Plan Rows": 2,
                "Plan Width": 32,
                "Actual Startup Time": 3133.41,
                "Actual Total Time": 3133.453,
                "Actual Rows": 3,
                "Actual Loops": 1,
                "Workers Planned": 2,
                "Workers Launched": 2,
                "Single Copy": false,
                "Shared Hit Blocks": 75719,
                "Shared Read Blocks": 525999,
                "Shared Dirtied Blocks": 0,
                "Shared Written Blocks": 0,
                "Local Hit Blocks": 0,
                "Local Read Blocks": 0,
                "Local Dirtied Blocks": 0,
                "Local Written Blocks": 0,
                "Temp Read Blocks": 0,
                "Temp Written Blocks": 0,
                "Plans": [
                  {
                    "Node Type": "Aggregate",
                    "Strategy": "Plain",
                    "Partial Mode": "Partial",
                    "Parent Relationship": "Outer",
                    "Parallel Aware": false,
                    "Async Capable": false,
                    "Startup Cost": 943398.47,
                    "Total Cost": 943398.48,
                    "Plan Rows": 1,
                    "Plan Width": 32,
                    "Actual Startup Time": 2692.209,
                    "Actual Total Time": 2692.214,
                    "Actual Rows": 1,
                    "Actual Loops": 3,
                    "Shared Hit Blocks": 75719,
                    "Shared Read Blocks": 525999,
                    "Shared Dirtied Blocks": 0,
                    "Shared Written Blocks": 0,
                    "Local Hit Blocks": 0,
                    "Local Read Blocks": 0,
                    "Local Dirtied Blocks": 0,
                    "Local Written Blocks": 0,
                    "Temp Read Blocks": 0,
                    "Temp Written Blocks": 0,
                    "Workers": [],
                    "Plans": [
                      {
                        "Node Type": "Append",
                        "Parent Relationship": "Outer",
                        "Parallel Aware": true,
                        "Async Capable": false,
                        "Startup Cost": 0.73,
                        "Total Cost": 942326.77,
                        "Plan Rows": 142893,
                        "Plan Width": 10,
                        "Actual Startup Time": 0.611,
                        "Actual Total Time": 2357.558,
                        "Actual Rows": 1793911,
                        "Actual Loops": 3,
                        "Shared Hit Blocks": 75719,
                        "Shared Read Blocks": 525999,
                        "Shared Dirtied Blocks": 0,
                        "Shared Written Blocks": 0,
                        "Local Hit Blocks": 0,
                        "Local Read Blocks": 0,
                        "Local Dirtied Blocks": 0,
                        "Local Written Blocks": 0,
                        "Temp Read Blocks": 0,
                        "Temp Written Blocks": 0,
                        "Workers": [],
                        "Subplans Removed": 0,
                        "Plans": [
                          {
                            "Node Type": "Nested Loop",
                            "Parent Relationship": "Member",
                            "Parallel Aware": false,
                            "Async Capable": false,
                            "Join Type": "Inner",
                            "Startup Cost": 0.85,
                            "Total Cost": 409302.73,
                            "Plan Rows": 40604,
                            "Plan Width": 10,
                            "Actual Startup Time": 0.317,
                            "Actual Total Time": 1189.501,
                            "Actual Rows": 1292829,
                            "Actual Loops": 3,
                            "Inner Unique": false,
                            "Shared Hit Blocks": 59865,
                            "Shared Read Blocks": 213647,
                            "Shared Dirtied Blocks": 0,
                            "Shared Written Blocks": 0,
                            "Local Hit Blocks": 0,
                            "Local Read Blocks": 0,
                            "Local Dirtied Blocks": 0,
                            "Local Written Blocks": 0,
                            "Temp Read Blocks": 0,
                            "Temp Written Blocks": 0,
                            "Workers": [],
                            "Plans": [
                              {
                                "Node Type": "Index Only Scan",
                                "Parent Relationship": "Outer",
                                "Parallel Aware": true,
                                "Async Capable": false,
                                "Scan Direction": "Forward",
                                "Index Name": "_dta_index_date_dim_6_661577395__k1_k7_k9",
                                "Relation Name": "date_dim",
                                "Alias": "date_dim_2",
                                "Startup Cost": 0.29,
                                "Total Cost": 1863.25,
                                "Plan Rows": 446,
                                "Plan Width": 4,
                                "Actual Startup Time": 0.145,
                                "Actual Total Time": 0.774,
                                "Actual Rows": 365,
                                "Actual Loops": 3,
                                "Index Cond": "((d_year >= 1999) AND (d_year <= 2001))",
                                "Rows Removed by Index Recheck": 0,
                                "Heap Fetches": 0,
                                "Shared Hit Blocks": 147,
                                "Shared Read Blocks": 138,
                                "Shared Dirtied Blocks": 0,
                                "Shared Written Blocks": 0,
                                "Local Hit Blocks": 0,
                                "Local Read Blocks": 0,
                                "Local Dirtied Blocks": 0,
                                "Local Written Blocks": 0,
                                "Temp Read Blocks": 0,
                                "Temp Written Blocks": 0,
                                "Workers": []
                              },
                              {
                                "Node Type": "Index Only Scan",
                                "Parent Relationship": "Inner",
                                "Parallel Aware": false,
                                "Async Capable": false,
                                "Scan Direction": "Forward",
                                "Index Name": "_dta_index_store_sales_6_1333579789__k1_k23_k14_k6_k8_k5_k7_3_4",
                                "Relation Name": "store_sales",
                                "Alias": "store_sales_3",
                                "Startup Cost": 0.56,
                                "Total Cost": 881.13,
                                "Plan Rows": 3241,
                                "Plan Width": 14,
                                "Actual Startup Time": 0.096,
                                "Actual Total Time": 3.023,
                                "Actual Rows": 3539,
                                "Actual Loops": 1096,
                                "Index Cond": "(ss_sold_date_sk = date_dim_2.d_date_sk)",
                                "Rows Removed by Index Recheck": 0,
                                "Filter": "((ss_wholesale_cost >= '35'::numeric) AND (ss_wholesale_cost <= '55'::numeric))",
                                "Rows Removed by Filter": 10732,
                                "Heap Fetches": 0,
                                "Shared Hit Blocks": 59718,
                                "Shared Read Blocks": 213509,
                                "Shared Dirtied Blocks": 0,
                                "Shared Written Blocks": 0,
                                "Local Hit Blocks": 0,
                                "Local Read Blocks": 0,
                                "Local Dirtied Blocks": 0,
                                "Local Written Blocks": 0,
                                "Temp Read Blocks": 0,
                                "Temp Written Blocks": 0,
                                "Workers": []
                              }
                            ]
                          },
                          {
                            "Node Type": "Nested Loop",
                            "Parent Relationship": "Member",
                            "Parallel Aware": false,
                            "Async Capable": false,
                            "Join Type": "Inner",
                            "Startup Cost": 0.73,
                            "Total Cost": 348520.55,
                            "Plan Rows": 15005,
                            "Plan Width": 10,
                            "Actual Startup Time": 0.302,
                            "Actual Total Time": 1060.492,
                            "Actual Rows": 559768,
                            "Actual Loops": 2,
                            "Inner Unique": false,
                            "Shared Hit Blocks": 5791,
                            "Shared Read Blocks": 187930,
                            "Shared Dirtied Blocks": 0,
                            "Shared Written Blocks": 0,
                            "Local Hit Blocks": 0,
                            "Local Read Blocks": 0,
                            "Local Dirtied Blocks": 0,
                            "Local Written Blocks": 0,
                            "Temp Read Blocks": 0,
                            "Temp Written Blocks": 0,
                            "Workers": [],
                            "Plans": [
                              {
                                "Node Type": "Index Only Scan",
                                "Parent Relationship": "Outer",
                                "Parallel Aware": true,
                                "Async Capable": false,
                                "Scan Direction": "Forward",
                                "Index Name": "_dta_index_date_dim_6_661577395__k1_k7_k9",
                                "Relation Name": "date_dim",
                                "Alias": "date_dim_3",
                                "Startup Cost": 0.29,
                                "Total Cost": 1863.25,
                                "Plan Rows": 446,
                                "Plan Width": 4,
                                "Actual Startup Time": 0.211,
                                "Actual Total Time": 1.331,
                                "Actual Rows": 548,
                                "Actual Loops": 2,
                                "Index Cond": "((d_year >= 1999) AND (d_year <= 2001))",
                                "Rows Removed by Index Recheck": 0,
                                "Heap Fetches": 0,
                                "Shared Hit Blocks": 145,
                                "Shared Read Blocks": 139,
                                "Shared Dirtied Blocks": 0,
                                "Shared Written Blocks": 0,
                                "Local Hit Blocks": 0,
                                "Local Read Blocks": 0,
                                "Local Dirtied Blocks": 0,
                                "Local Written Blocks": 0,
                                "Temp Read Blocks": 0,
                                "Temp Written Blocks": 0,
                                "Workers": []
                              },
                              {
                                "Node Type": "Index Scan",
                                "Parent Relationship": "Inner",
                                "Parallel Aware": false,
                                "Async Capable": false,
                                "Scan Direction": "Forward",
                                "Index Name": "_dta_index_catalog_sales_6_1301579675__k1_4",
                                "Relation Name": "catalog_sales",
                                "Alias": "catalog_sales_1",
                                "Startup Cost": 0.43,
                                "Total Cost": 765.7,
                                "Plan Rows": 1156,
                                "Plan Width": 14,
                                "Actual Startup Time": 0.009,
                                "Actual Total Time": 1.84,
                                "Actual Rows": 1021,
                                "Actual Loops": 1096,
                                "Index Cond": "(cs_sold_date_sk = date_dim_3.d_date_sk)",
                                "Rows Removed by Index Recheck": 0,
                                "Filter": "((cs_wholesale_cost >= '35'::numeric) AND (cs_wholesale_cost <= '55'::numeric))",
                                "Rows Removed by Filter": 4989,
                                "Shared Hit Blocks": 5646,
                                "Shared Read Blocks": 187791,
                                "Shared Dirtied Blocks": 0,
                                "Shared Written Blocks": 0,
                                "Local Hit Blocks": 0,
                                "Local Read Blocks": 0,
                                "Local Dirtied Blocks": 0,
                                "Local Written Blocks": 0,
                                "Temp Read Blocks": 0,
                                "Temp Written Blocks": 0,
                                "Workers": []
                              }
                            ]
                          },
                          {
                            "Node Type": "Nested Loop",
                            "Parent Relationship": "Member",
                            "Parallel Aware": false,
                            "Async Capable": false,
                            "Join Type": "Inner",
                            "Startup Cost": 0.72,
                            "Total Cost": 182360.1,
                            "Plan Rows": 3929,
                            "Plan Width": 10,
                            "Actual Startup Time": 0.741,
                            "Actual Total Time": 1076.895,
                            "Actual Rows": 383708,
                            "Actual Loops": 1,
                            "Inner Unique": false,
                            "Shared Hit Blocks": 10063,
                            "Shared Read Blocks": 124422,
                            "Shared Dirtied Blocks": 0,
                            "Shared Written Blocks": 0,
                            "Local Hit Blocks": 0,
                            "Local Read Blocks": 0,
                            "Local Dirtied Blocks": 0,
                            "Local Written Blocks": 0,
                            "Temp Read Blocks": 0,
                            "Temp Written Blocks": 0,
                            "Workers": [],
                            "Plans": [
                              {
                                "Node Type": "Index Only Scan",
                                "Parent Relationship": "Outer",
                                "Parallel Aware": true,
                                "Async Capable": false,
                                "Scan Direction": "Forward",
                                "Index Name": "_dta_index_date_dim_6_661577395__k1_k7_k9",
                                "Relation Name": "date_dim",
                                "Alias": "date_dim_4",
                                "Startup Cost": 0.29,
                                "Total Cost": 1863.25,
                                "Plan Rows": 446,
                                "Plan Width": 4,
                                "Actual Startup Time": 0.68,
                                "Actual Total Time": 2.407,
                                "Actual Rows": 1096,
                                "Actual Loops": 1,
                                "Index Cond": "((d_year >= 1999) AND (d_year <= 2001))",
                                "Rows Removed by Index Recheck": 0,
                                "Heap Fetches": 0,
                                "Shared Hit Blocks": 1,
                                "Shared Read Blocks": 281,
                                "Shared Dirtied Blocks": 0,
                                "Shared Written Blocks": 0,
                                "Local Hit Blocks": 0,
                                "Local Read Blocks": 0,
                                "Local Dirtied Blocks": 0,
                                "Local Written Blocks": 0,
                                "Temp Read Blocks": 0,
                                "Temp Written Blocks": 0,
                                "Workers": []
                              },
                              {
                                "Node Type": "Index Scan",
                                "Parent Relationship": "Inner",
                                "Parallel Aware": false,
                                "Async Capable": false,
                                "Scan Direction": "Forward",
                                "Index Name": "_dta_index_web_sales_6_1269579561__k1_8_24",
                                "Relation Name": "web_sales",
                                "Alias": "web_sales_1",
                                "Startup Cost": 0.43,
                                "Total Cost": 401.67,
                                "Plan Rows": 303,
                                "Plan Width": 14,
                                "Actual Startup Time": 0.01,
                                "Actual Total Time": 0.951,
                                "Actual Rows": 350,
                                "Actual Loops": 1096,
                                "Index Cond": "(ws_sold_date_sk = date_dim_4.d_date_sk)",
                                "Rows Removed by Index Recheck": 0,
                                "Filter": "((ws_wholesale_cost >= '35'::numeric) AND (ws_wholesale_cost <= '55'::numeric))",
                                "Rows Removed by Filter": 3462,
                                "Shared Hit Blocks": 10062,
                                "Shared Read Blocks": 124141,
                                "Shared Dirtied Blocks": 0,
                                "Shared Written Blocks": 0,
                                "Local Hit Blocks": 0,
                                "Local Read Blocks": 0,
                                "Local Dirtied Blocks": 0,
                                "Local Written Blocks": 0,
                                "Temp Read Blocks": 0,
                                "Temp Written Blocks": 0,
                                "Workers": []
                              }
                            ]
                          }
                        ]
                      }
                    ]
                  }
                ]
              }
            ]
          },
          {
            "Node Type": "Sort",
            "Parent Relationship": "Outer",
            "Parallel Aware": false,
            "Async Capable": false,
            "Startup Cost": 2277.07,
            "Total Cost": 2277.07,
            "Plan Rows": 1,
            "Plan Width": 168,
            "Actual Startup Time": 29711.4,
            "Actual Total Time": 29711.415,
            "Actual Rows": 47,
            "Actual Loops": 1,
            "Sort Key": [
              "('store'::text)",
              "item.i_brand_id",
              "item.i_class_id",
              "item.i_category_id"
            ],
            "Sort Method": "quicksort",
            "Sort Space Used": 31,
            "Sort Space Type": "Memory",
            "Shared Hit Blocks": 4148857,
            "Shared Read Blocks": 2569902,
            "Shared Dirtied Blocks": 0,
            "Shared Written Blocks": 0,
            "Local Hit Blocks": 0,
            "Local Read Blocks": 0,
            "Local Dirtied Blocks": 0,
            "Local Written Blocks": 0,
            "Temp Read Blocks": 0,
            "Temp Written Blocks": 0,
            "Plans": [
              {
                "Node Type": "Nested Loop",
                "Parent Relationship": "Outer",
                "Parallel Aware": false,
                "Async Capable": false,
                "Join Type": "Inner",
                "Startup Cost": 2276.95,
                "Total Cost": 2277.06,
                "Plan Rows": 1,
                "Plan Width": 168,
                "Actual Startup Time": 29673.573,
                "Actual Total Time": 29711.248,
                "Actual Rows": 47,
                "Actual Loops": 1,
                "Inner Unique": true,
                "Join Filter": "((item.i_brand_id = item_1.i_brand_id) AND (item.i_class_id = item_1.i_class_id) AND (item.i_category_id = item_1.i_category_id))",
                "Rows Removed by Join Filter": 9846,
                "Shared Hit Blocks": 4148857,
                "Shared Read Blocks": 2569899,
                "Shared Dirtied Blocks": 0,
                "Shared Written Blocks": 0,
                "Local Hit Blocks": 0,
                "Local Read Blocks": 0,
                "Local Dirtied Blocks": 0,
                "Local Written Blocks": 0,
                "Temp Read Blocks": 0,
                "Temp Written Blocks": 0,
                "Plans": [
                  {
                    "Node Type": "Aggregate",
                    "Strategy": "Sorted",
                    "Partial Mode": "Simple",
                    "Parent Relationship": "Outer",
                    "Parallel Aware": false,
                    "Async Capable": false,
                    "Startup Cost": 1138.47,
                    "Total Cost": 1138.51,
                    "Plan Rows": 1,
                    "Plan Width": 84,
                    "Actual Startup Time": 26582.31,
                    "Actual Total Time": 26583.168,
                    "Actual Rows": 151,
                    "Actual Loops": 1,
                    "Group Key": [
                      "item.i_brand_id",
                      "item.i_class_id",
                      "item.i_category_id"
                    ],
                    "Filter": "(sum(((store_sales.ss_quantity)::numeric * store_sales.ss_list_price)) > $16)",
                    "Rows Removed by Filter": 75,
                    "Shared Hit Blocks": 3329033,
                    "Shared Read Blocks": 1848574,
                    "Shared Dirtied Blocks": 0,
                    "Shared Written Blocks": 0,
                    "Local Hit Blocks": 0,
                    "Local Read Blocks": 0,
                    "Local Dirtied Blocks": 0,
                    "Local Written Blocks": 0,
                    "Temp Read Blocks": 0,
                    "Temp Written Blocks": 0,
                    "Plans": [
                      {
                        "Node Type": "Index Scan",
                        "Parent Relationship": "InitPlan",
                        "Subplan Name": "InitPlan 3 (returns $15)",
                        "Parallel Aware": false,
                        "Async Capable": false,
                        "Scan Direction": "Forward",
                        "Index Name": "_dta_index_date_dim_6_661577395__k7_k9",
                        "Relation Name": "date_dim",
                        "Alias": "date_dim_5",
                        "Startup Cost": 0.29,
                        "Total Cost": 59.72,
                        "Plan Rows": 1,
                        "Plan Width": 4,
                        "Actual Startup Time": 0.096,
                        "Actual Total Time": 0.098,
                        "Actual Rows": 1,
                        "Actual Loops": 1,
                        "Index Cond": "((d_year = 2000) AND (d_moy = 12))",
                        "Rows Removed by Index Recheck": 0,
                        "Filter": "(d_dom = 20)",
                        "Rows Removed by Filter": 30,
                        "Shared Hit Blocks": 0,
                        "Shared Read Blocks": 4,
                        "Shared Dirtied Blocks": 0,
                        "Shared Written Blocks": 0,
                        "Local Hit Blocks": 0,
                        "Local Read Blocks": 0,
                        "Local Dirtied Blocks": 0,
                        "Local Written Blocks": 0,
                        "Temp Read Blocks": 0,
                        "Temp Written Blocks": 0
                      },
                      {
                        "Node Type": "CTE Scan",
                        "Parent Relationship": "InitPlan",
                        "Subplan Name": "InitPlan 4 (returns $16)",
                        "Parallel Aware": false,
                        "Async Capable": false,
                        "CTE Name": "avg_sales",
                        "Alias": "avg_sales",
                        "Startup Cost": 0.0,
                        "Total Cost": 0.02,
                        "Plan Rows": 1,
                        "Plan Width": 32,
                        "Actual Startup Time": 3133.461,
                        "Actual Total Time": 3133.462,
                        "Actual Rows": 1,
                        "Actual Loops": 1,
                        "Shared Hit Blocks": 75719,
                        "Shared Read Blocks": 525999,
                        "Shared Dirtied Blocks": 0,
                        "Shared Written Blocks": 0,
                        "Local Hit Blocks": 0,
                        "Local Read Blocks": 0,
                        "Local Dirtied Blocks": 0,
                        "Local Written Blocks": 0,
                        "Temp Read Blocks": 0,
                        "Temp Written Blocks": 0
                      },
                      {
                        "Node Type": "Sort",
                        "Parent Relationship": "Outer",
                        "Parallel Aware": false,
                        "Async Capable": false,
                        "Startup Cost": 1078.74,
                        "Total Cost": 1078.74,
                        "Plan Rows": 1,
                        "Plan Width": 22,
                        "Actual Startup Time": 23448.827,
                        "Actual Total Time": 23448.987,
                        "Actual Rows": 2621,
                        "Actual Loops": 1,
                        "Sort Key": [
                          "item.i_brand_id",
                          "item.i_class_id",
                          "item.i_category_id"
                        ],
                        "Sort Method": "quicksort",
                        "Sort Space Used": 300,
                        "Sort Space Type": "Memory",
                        "Shared Hit Blocks": 3253314,
                        "Shared Read Blocks": 1322575,
                        "Shared Dirtied Blocks": 0,
                        "Shared Written Blocks": 0,
                        "Local Hit Blocks": 0,
                        "Local Read Blocks": 0,
                        "Local Dirtied Blocks": 0,
                        "Local Written Blocks": 0,
                        "Temp Read Blocks": 0,
                        "Temp Written Blocks": 0,
                        "Plans": [
                          {
                            "Node Type": "Nested Loop",
                            "Parent Relationship": "Outer",
                            "Parallel Aware": false,
                            "Async Capable": false,
                            "Join Type": "Inner",
                            "Startup Cost": 25.03,
                            "Total Cost": 1078.73,
                            "Plan Rows": 1,
                            "Plan Width": 22,
                            "Actual Startup Time": 8650.676,
                            "Actual Total Time": 23446.808,
                            "Actual Rows": 2621,
                            "Actual Loops": 1,
                            "Inner Unique": true,
                            "Shared Hit Blocks": 3253314,
                            "Shared Read Blocks": 1322575,
                            "Shared Dirtied Blocks": 0,
                            "Shared Written Blocks": 0,
                            "Local Hit Blocks": 0,
                            "Local Read Blocks": 0,
                            "Local Dirtied Blocks": 0,
                            "Local Written Blocks": 0,
                            "Temp Read Blocks": 0,
                            "Temp Written Blocks": 0,
                            "Plans": [
                              {
                                "Node Type": "Nested Loop",
                                "Parent Relationship": "Outer",
                                "Parallel Aware": false,
                                "Async Capable": false,
                                "Join Type": "Inner",
                                "Startup Cost": 24.74,
                                "Total Cost": 1075.59,
                                "Plan Rows": 10,
                                "Plan Width": 26,
                                "Actual Startup Time": 8631.076,
                                "Actual Total Time": 22974.699,
                                "Actual Rows": 272575,
                                "Actual Loops": 1,
                                "Inner Unique": false,
                                "Shared Hit Blocks": 2454894,
                                "Shared Read Blocks": 1322418,
                                "Shared Dirtied Blocks": 0,
                                "Shared Written Blocks": 0,
                                "Local Hit Blocks": 0,
                                "Local Read Blocks": 0,
                                "Local Dirtied Blocks": 0,
                                "Local Written Blocks": 0,
                                "Temp Read Blocks": 0,
                                "Temp Written Blocks": 0,
                                "Plans": [
                                  {
                                    "Node Type": "Nested Loop",
                                    "Parent Relationship": "Outer",
                                    "Parallel Aware": false,
                                    "Async Capable": false,
                                    "Join Type": "Inner",
                                    "Startup Cost": 0.32,
                                    "Total Cost": 8.36,
                                    "Plan Rows": 1,
                                    "Plan Width": 20,
                                    "Actual Startup Time": 8630.021,
                                    "Actual Total Time": 8662.683,
                                    "Actual Rows": 2664,
                                    "Actual Loops": 1,
                                    "Inner Unique": true,
                                    "Shared Hit Blocks": 2437129,
                                    "Shared Read Blocks": 605603,
                                    "Shared Dirtied Blocks": 0,
                                    "Shared Written Blocks": 0,
                                    "Local Hit Blocks": 0,
                                    "Local Read Blocks": 0,
                                    "Local Dirtied Blocks": 0,
                                    "Local Written Blocks": 0,
                                    "Temp Read Blocks": 0,
                                    "Temp Written Blocks": 0,
                                    "Plans": [
                                      {
                                        "Node Type": "Aggregate",
                                        "Strategy": "Hashed",
                                        "Partial Mode": "Simple",
                                        "Parent Relationship": "Outer",
                                        "Parallel Aware": false,
                                        "Async Capable": false,
                                        "Startup Cost": 0.02,
                                        "Total Cost": 0.03,
                                        "Plan Rows": 1,
                                        "Plan Width": 4,
                                        "Actual Startup Time": 8629.998,
                                        "Actual Total Time": 8634.327,
                                        "Actual Rows": 2664,
                                        "Actual Loops": 1,
                                        "Group Key": [
                                          "cross_items.ss_item_sk"
                                        ],
                                        "Planned Partitions": 0,
                                        "HashAgg Batches": 1,
                                        "Peak Memory Usage": 265,
                                        "Disk Usage": 0,
                                        "Shared Hit Blocks": 2433319,
                                        "Shared Read Blocks": 601421,
                                        "Shared Dirtied Blocks": 0,
                                        "Shared Written Blocks": 0,
                                        "Local Hit Blocks": 0,
                                        "Local Read Blocks": 0,
                                        "Local Dirtied Blocks": 0,
                                        "Local Written Blocks": 0,
                                        "Temp Read Blocks": 0,
                                        "Temp Written Blocks": 0,
                                        "Plans": [
                                          {
                                            "Node Type": "CTE Scan",
                                            "Parent Relationship": "Outer",
                                            "Parallel Aware": false,
                                            "Async Capable": false,
                                            "CTE Name": "cross_items",
                                            "Alias": "cross_items",
                                            "Startup Cost": 0.0,
                                            "Total Cost": 0.02,
                                            "Plan Rows": 1,
                                            "Plan Width": 4,
                                            "Actual Startup Time": 8605.359,
                                            "Actual Total Time": 8629.464,
                                            "Actual Rows": 2664,
                                            "Actual Loops": 1,
                                            "Shared Hit Blocks": 2433319,
                                            "Shared Read Blocks": 601421,
                                            "Shared Dirtied Blocks": 0,
                                            "Shared Written Blocks": 0,
                                            "Local Hit Blocks": 0,
                                            "Local Read Blocks": 0,
                                            "Local Dirtied Blocks": 0,
                                            "Local Written Blocks": 0,
                                            "Temp Read Blocks": 0,
                                            "Temp Written Blocks": 0
                                          }
                                        ]
                                      },
                                      {
                                        "Node Type": "Index Scan",
                                        "Parent Relationship": "Inner",
                                        "Parallel Aware": false,
                                        "Async Capable": false,
                                        "Scan Direction": "Forward",
                                        "Index Name": "item_pkey",
                                        "Relation Name": "item",
                                        "Alias": "item",
                                        "Startup Cost": 0.29,
                                        "Total Cost": 8.32,
                                        "Plan Rows": 1,
                                        "Plan Width": 16,
                                        "Actual Startup Time": 0.009,
                                        "Actual Total Time": 0.009,
                                        "Actual Rows": 1,
                                        "Actual Loops": 2664,
                                        "Index Cond": "(i_item_sk = cross_items.ss_item_sk)",
                                        "Rows Removed by Index Recheck": 0,
                                        "Filter": "((i_manager_id >= 91) AND (i_manager_id <= 100) AND (i_category = ANY ('{Electronics,Jewelry,Men}'::bpchar[])))",
                                        "Rows Removed by Filter": 0,
                                        "Shared Hit Blocks": 3810,
                                        "Shared Read Blocks": 4182,
                                        "Shared Dirtied Blocks": 0,
                                        "Shared Written Blocks": 0,
                                        "Local Hit Blocks": 0,
                                        "Local Read Blocks": 0,
                                        "Local Dirtied Blocks": 0,
                                        "Local Written Blocks": 0,
                                        "Temp Read Blocks": 0,
                                        "Temp Written Blocks": 0
                                      }
                                    ]
                                  },
                                  {
                                    "Node Type": "Bitmap Heap Scan",
                                    "Parent Relationship": "Inner",
                                    "Parallel Aware": false,
                                    "Async Capable": false,
                                    "Relation Name": "store_sales",
                                    "Alias": "store_sales",
                                    "Startup Cost": 24.42,
                                    "Total Cost": 1064.28,
                                    "Plan Rows": 295,
                                    "Plan Width": 18,
                                    "Actual Startup Time": 0.414,
                                    "Actual Total Time": 5.345,
                                    "Actual Rows": 102,
                                    "Actual Loops": 2664,
                                    "Recheck Cond": "(ss_item_sk = item.i_item_sk)",
                                    "Rows Removed by Index Recheck": 4681,
                                    "Filter": "((ss_wholesale_cost >= '35'::numeric) AND (ss_wholesale_cost <= '55'::numeric))",
                                    "Rows Removed by Filter": 320,
                                    "Exact Heap Blocks": 492894,
                                    "Lossy Heap Blocks": 230649,
                                    "Shared Hit Blocks": 17765,
                                    "Shared Read Blocks": 716815,
                                    "Shared Dirtied Blocks": 0,
                                    "Shared Written Blocks": 0,
                                    "Local Hit Blocks": 0,
                                    "Local Read Blocks": 0,
                                    "Local Dirtied Blocks": 0,
                                    "Local Written Blocks": 0,
                                    "Temp Read Blocks": 0,
                                    "Temp Written Blocks": 0,
                                    "Plans": [
                                      {
                                        "Node Type": "Bitmap Index Scan",
                                        "Parent Relationship": "Outer",
                                        "Parallel Aware": false,
                                        "Async Capable": false,
                                        "Index Name": "store_sales_pkey",
                                        "Startup Cost": 0.0,
                                        "Total Cost": 24.35,
                                        "Plan Rows": 1219,
                                        "Plan Width": 0,
                                        "Actual Startup Time": 0.325,
                                        "Actual Total Time": 0.325,
                                        "Actual Rows": 422,
                                        "Actual Loops": 2664,
                                        "Index Cond": "(ss_item_sk = item.i_item_sk)",
                                        "Shared Hit Blocks": 4071,
                                        "Shared Read Blocks": 6966,
                                        "Shared Dirtied Blocks": 0,
                                        "Shared Written Blocks": 0,
                                        "Local Hit Blocks": 0,
                                        "Local Read Blocks": 0,
                                        "Local Dirtied Blocks": 0,
                                        "Local Written Blocks": 0,
                                        "Temp Read Blocks": 0,
                                        "Temp Written Blocks": 0
                                      }
                                    ]
                                  }
                                ]
                              },
                              {
                                "Node Type": "Index Scan",
                                "Parent Relationship": "Inner",
                                "Parallel Aware": false,
                                "Async Capable": false,
                                "Scan Direction": "Forward",
                                "Index Name": "date_dim_pkey",
                                "Relation Name": "date_dim",
                                "Alias": "date_dim",
                                "Startup Cost": 0.29,
                                "Total Cost": 0.31,
                                "Plan Rows": 1,
                                "Plan Width": 4,
                                "Actual Startup Time": 0.001,
                                "Actual Total Time": 0.001,
                                "Actual Rows": 0,
                                "Actual Loops": 272575,
                                "Index Cond": "(d_date_sk = store_sales.ss_sold_date_sk)",
                                "Rows Removed by Index Recheck": 0,
                                "Filter": "(d_week_seq = $15)",
                                "Rows Removed by Filter": 1,
                                "Shared Hit Blocks": 798420,
                                "Shared Read Blocks": 157,
                                "Shared Dirtied Blocks": 0,
                                "Shared Written Blocks": 0,
                                "Local Hit Blocks": 0,
                                "Local Read Blocks": 0,
                                "Local Dirtied Blocks": 0,
                                "Local Written Blocks": 0,
                                "Temp Read Blocks": 0,
                                "Temp Written Blocks": 0
                              }
                            ]
                          }
                        ]
                      }
                    ]
                  },
                  {
                    "Node Type": "Aggregate",
                    "Strategy": "Sorted",
                    "Partial Mode": "Simple",
                    "Parent Relationship": "Inner",
                    "Parallel Aware": false,
                    "Async Capable": false,
                    "Startup Cost": 1138.47,
                    "Total Cost": 1138.51,
                    "Plan Rows": 1,
                    "Plan Width": 84,
                    "Actual Startup Time": 20.475,
                    "Actual Total Time": 20.712,
                    "Actual Rows": 66,
                    "Actual Loops": 151,
                    "Group Key": [
                      "item_1.i_brand_id",
                      "item_1.i_class_id",
                      "item_1.i_category_id"
                    ],
                    "Filter": "(sum(((store_sales_1.ss_quantity)::numeric * store_sales_1.ss_list_price)) > $18)",
                    "Rows Removed by Filter": 48,
                    "Shared Hit Blocks": 819824,
                    "Shared Read Blocks": 721325,
                    "Shared Dirtied Blocks": 0,
                    "Shared Written Blocks": 0,
                    "Local Hit Blocks": 0,
                    "Local Read Blocks": 0,
                    "Local Dirtied Blocks": 0,
                    "Local Written Blocks": 0,
                    "Temp Read Blocks": 0,
                    "Temp Written Blocks": 0,
                    "Plans": [
                      {
                        "Node Type": "Index Scan",
                        "Parent Relationship": "InitPlan",
                        "Subplan Name": "InitPlan 5 (returns $17)",
                        "Parallel Aware": false,
                        "Async Capable": false,
                        "Scan Direction": "Forward",
                        "Index Name": "_dta_index_date_dim_6_661577395__k7_k9",
                        "Relation Name": "date_dim",
                        "Alias": "date_dim_6",
                        "Startup Cost": 0.29,
                        "Total Cost": 59.72,
                        "Plan Rows": 1,
                        "Plan Width": 4,
                        "Actual Startup Time": 0.017,
                        "Actual Total Time": 0.019,
                        "Actual Rows": 1,
                        "Actual Loops": 1,
                        "Index Cond": "((d_year = 1999) AND (d_moy = 12))",
                        "Rows Removed by Index Recheck": 0,
                        "Filter": "(d_dom = 20)",
                        "Rows Removed by Filter": 30,
                        "Shared Hit Blocks": 0,
                        "Shared Read Blocks": 4,
                        "Shared Dirtied Blocks": 0,
                        "Shared Written Blocks": 0,
                        "Local Hit Blocks": 0,
                        "Local Read Blocks": 0,
                        "Local Dirtied Blocks": 0,
                        "Local Written Blocks": 0,
                        "Temp Read Blocks": 0,
                        "Temp Written Blocks": 0
                      },
                      {
                        "Node Type": "CTE Scan",
                        "Parent Relationship": "InitPlan",
                        "Subplan Name": "InitPlan 6 (returns $18)",
                        "Parallel Aware": false,
                        "Async Capable": false,
                        "CTE Name": "avg_sales",
                        "Alias": "avg_sales_1",
                        "Startup Cost": 0.0,
                        "Total Cost": 0.02,
                        "Plan Rows": 1,
                        "Plan Width": 32,
                        "Actual Startup Time": 0.001,
                        "Actual Total Time": 0.001,
                        "Actual Rows": 1,
                        "Actual Loops": 1,
                        "Shared Hit Blocks": 0,
                        "Shared Read Blocks": 0,
                        "Shared Dirtied Blocks": 0,
                        "Shared Written Blocks": 0,
                        "Local Hit Blocks": 0,
                        "Local Read Blocks": 0,
                        "Local Dirtied Blocks": 0,
                        "Local Written Blocks": 0,
                        "Temp Read Blocks": 0,
                        "Temp Written Blocks": 0
                      },
                      {
                        "Node Type": "Sort",
                        "Parent Relationship": "Outer",
                        "Parallel Aware": false,
                        "Async Capable": false,
                        "Startup Cost": 1078.74,
                        "Total Cost": 1078.74,
                        "Plan Rows": 1,
                        "Plan Width": 22,
                        "Actual Startup Time": 20.472,
                        "Actual Total Time": 20.497,
                        "Actual Rows": 695,
                        "Actual Loops": 151,
                        "Sort Key": [
                          "item_1.i_brand_id",
                          "item_1.i_class_id",
                          "item_1.i_category_id"
                        ],
                        "Sort Method": "quicksort",
                        "Sort Space Used": 85,
                        "Sort Space Type": "Memory",
                        "Shared Hit Blocks": 819824,
                        "Shared Read Blocks": 721325,
                        "Shared Dirtied Blocks": 0,
                        "Shared Written Blocks": 0,
                        "Local Hit Blocks": 0,
                        "Local Read Blocks": 0,
                        "Local Dirtied Blocks": 0,
                        "Local Written Blocks": 0,
                        "Temp Read Blocks": 0,
                        "Temp Written Blocks": 0,
                        "Plans": [
                          {
                            "Node Type": "Nested Loop",
                            "Parent Relationship": "Outer",
                            "Parallel Aware": false,
                            "Async Capable": false,
                            "Join Type": "Inner",
                            "Startup Cost": 25.03,
                            "Total Cost": 1078.73,
                            "Plan Rows": 1,
                            "Plan Width": 22,
                            "Actual Startup Time": 4.761,
                            "Actual Total Time": 3090.543,
                            "Actual Rows": 778,
                            "Actual Loops": 1,
                            "Inner Unique": true,
                            "Shared Hit Blocks": 819824,
                            "Shared Read Blocks": 721325,
                            "Shared Dirtied Blocks": 0,
                            "Shared Written Blocks": 0,
                            "Local Hit Blocks": 0,
                            "Local Read Blocks": 0,
                            "Local Dirtied Blocks": 0,
                            "Local Written Blocks": 0,
                            "Temp Read Blocks": 0,
                            "Temp Written Blocks": 0,
                            "Plans": [
                              {
                                "Node Type": "Nested Loop",
                                "Parent Relationship": "Outer",
                                "Parallel Aware": false,
                                "Async Capable": false,
                                "Join Type": "Inner",
                                "Startup Cost": 24.74,
                                "Total Cost": 1075.59,
                                "Plan Rows": 10,
                                "Plan Width": 26,
                                "Actual Startup Time": 0.511,
                                "Actual Total Time": 2793.608,
                                "Actual Rows": 272575,
                                "Actual Loops": 1,
                                "Inner Unique": false,
                                "Shared Hit Blocks": 21404,
                                "Shared Read Blocks": 721168,
                                "Shared Dirtied Blocks": 0,
                                "Shared Written Blocks": 0,
                                "Local Hit Blocks": 0,
                                "Local Read Blocks": 0,
                                "Local Dirtied Blocks": 0,
                                "Local Written Blocks": 0,
                                "Temp Read Blocks": 0,
                                "Temp Written Blocks": 0,
                                "Plans": [
                                  {
                                    "Node Type": "Nested Loop",
                                    "Parent Relationship": "Outer",
                                    "Parallel Aware": false,
                                    "Async Capable": false,
                                    "Join Type": "Inner",
                                    "Startup Cost": 0.32,
                                    "Total Cost": 8.36,
                                    "Plan Rows": 1,
                                    "Plan Width": 20,
                                    "Actual Startup Time": 0.463,
                                    "Actual Total Time": 23.112,
                                    "Actual Rows": 2664,
                                    "Actual Loops": 1,
                                    "Inner Unique": true,
                                    "Shared Hit Blocks": 3546,
                                    "Shared Read Blocks": 4446,
                                    "Shared Dirtied Blocks": 0,
                                    "Shared Written Blocks": 0,
                                    "Local Hit Blocks": 0,
                                    "Local Read Blocks": 0,
                                    "Local Dirtied Blocks": 0,
                                    "Local Written Blocks": 0,
                                    "Temp Read Blocks": 0,
                                    "Temp Written Blocks": 0,
                                    "Plans": [
                                      {
                                        "Node Type": "Aggregate",
                                        "Strategy": "Hashed",
                                        "Partial Mode": "Simple",
                                        "Parent Relationship": "Outer",
                                        "Parallel Aware": false,
                                        "Async Capable": false,
                                        "Startup Cost": 0.02,
                                        "Total Cost": 0.03,
                                        "Plan Rows": 1,
                                        "Plan Width": 4,
                                        "Actual Startup Time": 0.434,
                                        "Actual Total Time": 2.257,
                                        "Actual Rows": 2664,
                                        "Actual Loops": 1,
                                        "Group Key": [
                                          "cross_items_1.ss_item_sk"
                                        ],
                                        "Planned Partitions": 0,
                                        "HashAgg Batches": 1,
                                        "Peak Memory Usage": 265,
                                        "Disk Usage": 0,
                                        "Shared Hit Blocks": 0,
                                        "Shared Read Blocks": 0,
                                        "Shared Dirtied Blocks": 0,
                                        "Shared Written Blocks": 0,
                                        "Local Hit Blocks": 0,
                                        "Local Read Blocks": 0,
                                        "Local Dirtied Blocks": 0,
                                        "Local Written Blocks": 0,
                                        "Temp Read Blocks": 0,
                                        "Temp Written Blocks": 0,
                                        "Plans": [
                                          {
                                            "Node Type": "CTE Scan",
                                            "Parent Relationship": "Outer",
                                            "Parallel Aware": false,
                                            "Async Capable": false,
                                            "CTE Name": "cross_items",
                                            "Alias": "cross_items_1",
                                            "Startup Cost": 0.0,
                                            "Total Cost": 0.02,
                                            "Plan Rows": 1,
                                            "Plan Width": 4,
                                            "Actual Startup Time": 0.002,
                                            "Actual Total Time": 0.114,
                                            "Actual Rows": 2664,
                                            "Actual Loops": 1,
                                            "Shared Hit Blocks": 0,
                                            "Shared Read Blocks": 0,
                                            "Shared Dirtied Blocks": 0,
                                            "Shared Written Blocks": 0,
                                            "Local Hit Blocks": 0,
                                            "Local Read Blocks": 0,
                                            "Local Dirtied Blocks": 0,
                                            "Local Written Blocks": 0,
                                            "Temp Read Blocks": 0,
                                            "Temp Written Blocks": 0
                                          }
                                        ]
                                      },
                                      {
                                        "Node Type": "Index Scan",
                                        "Parent Relationship": "Inner",
                                        "Parallel Aware": false,
                                        "Async Capable": false,
                                        "Scan Direction": "Forward",
                                        "Index Name": "item_pkey",
                                        "Relation Name": "item",
                                        "Alias": "item_1",
                                        "Startup Cost": 0.29,
                                        "Total Cost": 8.32,
                                        "Plan Rows": 1,
                                        "Plan Width": 16,
                                        "Actual Startup Time": 0.007,
                                        "Actual Total Time": 0.007,
                                        "Actual Rows": 1,
                                        "Actual Loops": 2664,
                                        "Index Cond": "(i_item_sk = cross_items_1.ss_item_sk)",
                                        "Rows Removed by Index Recheck": 0,
                                        "Filter": "((i_manager_id >= 91) AND (i_manager_id <= 100) AND (i_category = ANY ('{Electronics,Jewelry,Men}'::bpchar[])))",
                                        "Rows Removed by Filter": 0,
                                        "Shared Hit Blocks": 3546,
                                        "Shared Read Blocks": 4446,
                                        "Shared Dirtied Blocks": 0,
                                        "Shared Written Blocks": 0,
                                        "Local Hit Blocks": 0,
                                        "Local Read Blocks": 0,
                                        "Local Dirtied Blocks": 0,
                                        "Local Written Blocks": 0,
                                        "Temp Read Blocks": 0,
                                        "Temp Written Blocks": 0
                                      }
                                    ]
                                  },
                                  {
                                    "Node Type": "Bitmap Heap Scan",
                                    "Parent Relationship": "Inner",
                                    "Parallel Aware": false,
                                    "Async Capable": false,
                                    "Relation Name": "store_sales",
                                    "Alias": "store_sales_1",
                                    "Startup Cost": 24.42,
                                    "Total Cost": 1064.28,
                                    "Plan Rows": 295,
                                    "Plan Width": 18,
                                    "Actual Startup Time": 0.061,
                                    "Actual Total Time": 1.028,
                                    "Actual Rows": 102,
                                    "Actual Loops": 2664,
                                    "Recheck Cond": "(ss_item_sk = item_1.i_item_sk)",
                                    "Rows Removed by Index Recheck": 4681,
                                    "Filter": "((ss_wholesale_cost >= '35'::numeric) AND (ss_wholesale_cost <= '55'::numeric))",
                                    "Rows Removed by Filter": 320,
                                    "Exact Heap Blocks": 492894,
                                    "Lossy Heap Blocks": 230649,
                                    "Shared Hit Blocks": 17858,
                                    "Shared Read Blocks": 716722,
                                    "Shared Dirtied Blocks": 0,
                                    "Shared Written Blocks": 0,
                                    "Local Hit Blocks": 0,
                                    "Local Read Blocks": 0,
                                    "Local Dirtied Blocks": 0,
                                    "Local Written Blocks": 0,
                                    "Temp Read Blocks": 0,
                                    "Temp Written Blocks": 0,
                                    "Plans": [
                                      {
                                        "Node Type": "Bitmap Index Scan",
                                        "Parent Relationship": "Outer",
                                        "Parallel Aware": false,
                                        "Async Capable": false,
                                        "Index Name": "store_sales_pkey",
                                        "Startup Cost": 0.0,
                                        "Total Cost": 24.35,
                                        "Plan Rows": 1219,
                                        "Plan Width": 0,
                                        "Actual Startup Time": 0.033,
                                        "Actual Total Time": 0.033,
                                        "Actual Rows": 422,
                                        "Actual Loops": 2664,
                                        "Index Cond": "(ss_item_sk = item_1.i_item_sk)",
                                        "Shared Hit Blocks": 4075,
                                        "Shared Read Blocks": 6962,
                                        "Shared Dirtied Blocks": 0,
                                        "Shared Written Blocks": 0,
                                        "Local Hit Blocks": 0,
                                        "Local Read Blocks": 0,
                                        "Local Dirtied Blocks": 0,
                                        "Local Written Blocks": 0,
                                        "Temp Read Blocks": 0,
                                        "Temp Written Blocks": 0
                                      }
                                    ]
                                  }
                                ]
                              },
                              {
                                "Node Type": "Index Scan",
                                "Parent Relationship": "Inner",
                                "Parallel Aware": false,
                                "Async Capable": false,
                                "Scan Direction": "Forward",
                                "Index Name": "date_dim_pkey",
                                "Relation Name": "date_dim",
                                "Alias": "date_dim_1",
                                "Startup Cost": 0.29,
                                "Total Cost": 0.31,
                                "Plan Rows": 1,
                                "Plan Width": 4,
                                "Actual Startup Time": 0.001,
                                "Actual Total Time": 0.001,
                                "Actual Rows": 0,
                                "Actual Loops": 272575,
                                "Index Cond": "(d_date_sk = store_sales_1.ss_sold_date_sk)",
                                "Rows Removed by Index Recheck": 0,
                                "Filter": "(d_week_seq = $17)",
                                "Rows Removed by Filter": 1,
                                "Shared Hit Blocks": 798420,
                                "Shared Read Blocks": 157,
                                "Shared Dirtied Blocks": 0,
                                "Shared Written Blocks": 0,
                                "Local Hit Blocks": 0,
                                "Local Read Blocks": 0,
                                "Local Dirtied Blocks": 0,
                                "Local Written Blocks": 0,
                                "Temp Read Blocks": 0,
                                "Temp Written Blocks": 0
                              }
                            ]
                          }
                        ]
                      }
                    ]
                  }
                ]
              }
            ]
          }
        ]
      },
      "Planning": {
        "Shared Hit Blocks": 178,
        "Shared Read Blocks": 66,
        "Shared Dirtied Blocks": 0,
        "Shared Written Blocks": 0,
        "Local Hit Blocks": 0,
        "Local Read Blocks": 0,
        "Local Dirtied Blocks": 0,
        "Local Written Blocks": 0,
        "Temp Read Blocks": 0,
        "Temp Written Blocks": 0
      },
      "Planning Time": 2.733,
      "Triggers": [],
      "Execution Time": 29712.975
    }
  ],
  "execution_time_ms": 29712.975
}
