QUERY_DAG:
Nodes:
  [main_query] type=main tables=['reason', 'store_sales', 'store_sales', 'store_sales', 'store_sales', 'store_sales', 'store_sales', 'store_sales', 'store_sales', 'store_sales', 'store_sales', 'store_sales', 'store_sales', 'store_sales', 'store_sales', 'store_sales']

Edges:

NODE_SQL:
### main_query
```sql
/* start query 9 in stream 0 using template query9.tpl */ SELECT CASE WHEN (SELECT COUNT(*) FROM store_sales WHERE ss_quantity BETWEEN 1 AND 20) > 2972190 THEN (SELECT AVG(ss_ext_sales_price) FROM store_sales WHERE ss_quantity BETWEEN 1 AND 20) ELSE (SELECT AVG(ss_net_profit) FROM store_sales WHERE ss_quantity BETWEEN 1 AND 20) END AS bucket1, CASE WHEN (SELECT COUNT(*) FROM store_sales WHERE ss_quantity BETWEEN 21 AND 40) > 4505785 THEN (SELECT AVG(ss_ext_sales_price) FROM store_sales WHERE ss_quantity BETWEEN 21 AND 40) ELSE (SELECT AVG(ss_net_profit) FROM store_sales WHERE ss_quantity BETWEEN 21 AND 40) END AS bucket2, CASE WHEN (SELECT COUNT(*) FROM store_sales WHERE ss_quantity BETWEEN 41 AND 60) > 1575726 THEN (SELECT AVG(ss_ext_sales_price) FROM store_sales WHERE ss_quantity BETWEEN 41 AND 60) ELSE (SELECT AVG(ss_net_profit) FROM store_sales WHERE ss_quantity BETWEEN 41 AND 60) END AS bucket3, CASE WHEN (SELECT COUNT(*) FROM store_sales WHERE ss_quantity BETWEEN 61 AND 80) > 3188917 THEN (SELECT AVG(ss_ext_sales_price) FROM store_sales WHERE ss_quantity BETWEEN 61 AND 80) ELSE (SELECT AVG(ss_net_profit) FROM store_sales WHERE ss_quantity BETWEEN 61 AND 80) END AS bucket4, CASE WHEN (SELECT COUNT(*) FROM store_sales WHERE ss_quantity BETWEEN 81 AND 100) > 3525216 THEN (SELECT AVG(ss_ext_sales_price) FROM store_sales WHERE ss_quantity BETWEEN 81 AND 100) ELSE (SELECT AVG(ss_net_profit) FROM store_sales WHERE ss_quantity BETWEEN 81 AND 100) END AS bucket5 FROM reason WHERE r_reason_sk = 1
```

EXECUTION_PLAN_SUMMARY:
Operators by cost:
- SEQ_SCAN(store_sales): 50.5% cost, 549,054 rows
- SEQ_SCAN(store_sales): 19.3% cost, 550,408 rows
- SEQ_SCAN(store_sales): 4.0% cost, 550,248 rows
- SEQ_SCAN(store_sales): 3.9% cost, 550,408 rows
- SEQ_SCAN(store_sales): 2.8% cost, 549,054 rows

Scans:
- store_sales x15: 34,537,284 → 550,408 rows (filtered)
- reason x1: 55 → 1 rows (filtered)

EXECUTION_PLAN_PARSED_JSON:
{
  "total_bytes_written": 0,
  "total_bytes_read": 0,
  "rows_returned": 0,
  "latency": 0.0,
  "result_set_size": 0,
  "query_name": "",
  "blocked_thread_time": 0.0,
  "system_peak_buffer_memory": 0,
  "system_peak_temp_dir_size": 0,
  "cpu_time": 0.0,
  "extra_info": {},
  "cumulative_cardinality": 0,
  "cumulative_rows_scanned": 0,
  "children": [
    {
      "total_bytes_written": 0,
      "total_bytes_read": 0,
      "result_set_size": 0,
      "operator_name": "EXPLAIN_ANALYZE",
      "cpu_time": 0.0,
      "extra_info": {},
      "cumulative_cardinality": 0,
      "operator_type": "EXPLAIN_ANALYZE",
      "operator_cardinality": 0,
      "cumulative_rows_scanned": 0,
      "operator_rows_scanned": 0,
      "operator_timing": 4.53e-07,
      "children": [
        {
          "total_bytes_written": 0,
          "total_bytes_read": 0,
          "result_set_size": 40,
          "operator_name": "PROJECTION",
          "cpu_time": 0.0,
          "extra_info": {
            "Projections": [
              "bucket1",
              "bucket2",
              "bucket3",
              "bucket4",
              "bucket5"
            ],
            "Estimated Cardinality": "2"
          },
          "cumulative_cardinality": 0,
          "operator_type": "PROJECTION",
          "operator_cardinality": 1,
          "cumulative_rows_scanned": 0,
          "operator_rows_scanned": 0,
          "operator_timing": 1.1649e-05,
          "children": [
            {
              "total_bytes_written": 0,
              "total_bytes_read": 0,
              "result_set_size": 128,
              "operator_name": "CROSS_PRODUCT",
              "cpu_time": 0.0,
              "extra_info": {},
              "cumulative_cardinality": 0,
              "operator_type": "CROSS_PRODUCT",
              "operator_cardinality": 1,
              "cumulative_rows_scanned": 0,
              "operator_rows_scanned": 0,
              "operator_timing": 1.473e-05,
              "children": [
                {
                  "total_bytes_written": 0,
                  "total_bytes_read": 0,
                  "result_set_size": 64,
                  "operator_name": "CROSS_PRODUCT",
                  "cpu_time": 0.0,
                  "extra_info": {},
                  "cumulative_cardinality": 0,
                  "operator_type": "CROSS_PRODUCT",
                  "operator_cardinality": 1,
                  "cumulative_rows_scanned": 0,
                  "operator_rows_scanned": 0,
                  "operator_timing": 3.2087e-05,
                  "children": [
                    {
                      "total_bytes_written": 0,
                      "total_bytes_read": 0,
                      "result_set_size": 32,
                      "operator_name": "CROSS_PRODUCT",
                      "cpu_time": 0.0,
                      "extra_info": {},
                      "cumulative_cardinality": 0,
                      "operator_type": "CROSS_PRODUCT",
                      "operator_cardinality": 1,
                      "cumulative_rows_scanned": 0,
                      "operator_rows_scanned": 0,
                      "operator_timing": 6.543e-06,
                      "children": [
                        {
                          "total_bytes_written": 0,
                          "total_bytes_read": 0,
                          "result_set_size": 16,
                          "operator_name": "CROSS_PRODUCT",
                          "cpu_time": 0.0,
                          "extra_info": {},
                          "cumulative_cardinality": 0,
                          "operator_type": "CROSS_PRODUCT",
                          "operator_cardinality": 1,
                          "cumulative_rows_scanned": 0,
                          "operator_rows_scanned": 0,
                          "operator_timing": 2.4888e-05,
                          "children": [
                            {
                              "total_bytes_written": 0,
                              "total_bytes_read": 0,
                              "result_set_size": 8,
                              "operator_name": "SEQ_SCAN ",
                              "cpu_time": 0.0,
                              "extra_info": {
                                "Table": "reason",
                                "Type": "Sequential Scan",
                                "Projections": "",
                                "Filters": "r_reason_sk=1",
                                "Estimated Cardinality": "2"
                              },
                              "cumulative_cardinality": 0,
                              "operator_type": "TABLE_SCAN",
                              "operator_cardinality": 1,
                              "cumulative_rows_scanned": 0,
                              "operator_rows_scanned": 55,
                              "operator_timing": 0.002364807,
                              "children": []
                            },
                            {
                              "total_bytes_written": 0,
                              "total_bytes_read": 0,
                              "result_set_size": 8,
                              "operator_name": "PROJECTION",
                              "cpu_time": 0.0,
                              "extra_info": {
                                "Projections": [
                                  "CASE  WHEN ((#1 > 1)) THEN (\"error\"('More than one row returned by a subquery used as an expression - scalar subqueries can only return a single row.",
                                  "Use \"SET scalar_subquery_error_on_multiple_rows=false\" to revert to previous behavior of returning a random row.')) ELSE #0 END"
                                ],
                                "Estimated Cardinality": "1"
                              },
                              "cumulative_cardinality": 0,
                              "operator_type": "PROJECTION",
                              "operator_cardinality": 1,
                              "cumulative_rows_scanned": 0,
                              "operator_rows_scanned": 0,
                              "operator_timing": 1.398e-06,
                              "children": [
                                {
                                  "total_bytes_written": 0,
                                  "total_bytes_read": 0,
                                  "result_set_size": 16,
                                  "operator_name": "UNGROUPED_AGGREGATE",
                                  "cpu_time": 0.0,
                                  "extra_info": {
                                    "Aggregates": [
                                      "\"first\"(#0)",
                                      "count_star()"
                                    ]
                                  },
                                  "cumulative_cardinality": 0,
                                  "operator_type": "UNGROUPED_AGGREGATE",
                                  "operator_cardinality": 1,
                                  "cumulative_rows_scanned": 0,
                                  "operator_rows_scanned": 0,
                                  "operator_timing": 2.585e-06,
                                  "children": [
                                    {
                                      "total_bytes_written": 0,
                                      "total_bytes_read": 0,
                                      "result_set_size": 8,
                                      "operator_name": "PROJECTION",
                                      "cpu_time": 0.0,
                                      "extra_info": {
                                        "Projections": "#0",
                                        "Estimated Cardinality": "1"
                                      },
                                      "cumulative_cardinality": 0,
                                      "operator_type": "PROJECTION",
                                      "operator_cardinality": 1,
                                      "cumulative_rows_scanned": 0,
                                      "operator_rows_scanned": 0,
                                      "operator_timing": 6.1e-07,
                                      "children": [
                                        {
                                          "total_bytes_written": 0,
                                          "total_bytes_read": 0,
                                          "result_set_size": 8,
                                          "operator_name": "UNGROUPED_AGGREGATE",
                                          "cpu_time": 0.0,
                                          "extra_info": {
                                            "Aggregates": "count_star()"
                                          },
                                          "cumulative_cardinality": 0,
                                          "operator_type": "UNGROUPED_AGGREGATE",
                                          "operator_cardinality": 1,
                                          "cumulative_rows_scanned": 0,
                                          "operator_rows_scanned": 0,
                                          "operator_timing": 0.00023611800000000003,
                                          "children": [
                                            {
                                              "total_bytes_written": 0,
                                              "total_bytes_read": 0,
                                              "result_set_size": 4403264,
                                              "operator_name": "SEQ_SCAN ",
                                              "cpu_time": 0.0,
                                              "extra_info": {
                                                "Table": "store_sales",
                                                "Type": "Sequential Scan",
                                                "Projections": "",
                                                "Filters": "ss_quantity>=1 AND ss_quantity<=20",
                                                "Estimated Cardinality": "575621"
                                              },
                                              "cumulative_cardinality": 0,
                                              "operator_type": "TABLE_SCAN",
                                              "operator_cardinality": 550408,
                                              "cumulative_rows_scanned": 0,
                                              "operator_rows_scanned": 34537284,
                                              "operator_timing": 0.017236637,
                                              "children": []
                                            }
                                          ]
                                        }
                                      ]
                                    }
                                  ]
                                }
                              ]
                            }
                          ]
                        },
                        {
                          "total_bytes_written": 0,
                          "total_bytes_read": 0,
                          "result_set_size": 16,
                          "operator_name": "CROSS_PRODUCT",
                          "cpu_time": 0.0,
                          "extra_info": {},
                          "cumulative_cardinality": 0,
                          "operator_type": "CROSS_PRODUCT",
                          "operator_cardinality": 1,
                          "cumulative_rows_scanned": 0,
                          "operator_rows_scanned": 0,
                          "operator_timing": 1.1164e-05,
                          "children": [
                            {
                              "total_bytes_written": 0,
                              "total_bytes_read": 0,
                              "result_set_size": 8,
                              "operator_name": "PROJECTION",
                              "cpu_time": 0.0,
                              "extra_info": {
                                "Projections": [
                                  "CASE  WHEN ((#1 > 1)) THEN (\"error\"('More than one row returned by a subquery used as an expression - scalar subqueries can only return a single row.",
                                  "Use \"SET scalar_subquery_error_on_multiple_rows=false\" to revert to previous behavior of returning a random row.')) ELSE #0 END"
                                ],
                                "Estimated Cardinality": "1"
                              },
                              "cumulative_cardinality": 0,
                              "operator_type": "PROJECTION",
                              "operator_cardinality": 1,
                              "cumulative_rows_scanned": 0,
                              "operator_rows_scanned": 0,
                              "operator_timing": 1.379e-06,
                              "children": [
                                {
                                  "total_bytes_written": 0,
                                  "total_bytes_read": 0,
                                  "result_set_size": 16,
                                  "operator_name": "UNGROUPED_AGGREGATE",
                                  "cpu_time": 0.0,
                                  "extra_info": {
                                    "Aggregates": [
                                      "\"first\"(#0)",
                                      "count_star()"
                                    ]
                                  },
                                  "cumulative_cardinality": 0,
                                  "operator_type": "UNGROUPED_AGGREGATE",
                                  "operator_cardinality": 1,
                                  "cumulative_rows_scanned": 0,
                                  "operator_rows_scanned": 0,
                                  "operator_timing": 2.801e-06,
                                  "children": [
                                    {
                                      "total_bytes_written": 0,
                                      "total_bytes_read": 0,
                                      "result_set_size": 8,
                                      "operator_name": "PROJECTION",
                                      "cpu_time": 0.0,
                                      "extra_info": {
                                        "Projections": "#0",
                                        "Estimated Cardinality": "1"
                                      },
                                      "cumulative_cardinality": 0,
                                      "operator_type": "PROJECTION",
                                      "operator_cardinality": 1,
                                      "cumulative_rows_scanned": 0,
                                      "operator_rows_scanned": 0,
                                      "operator_timing": 2.34e-07,
                                      "children": [
                                        {
                                          "total_bytes_written": 0,
                                          "total_bytes_read": 0,
                                          "result_set_size": 8,
                                          "operator_name": "UNGROUPED_AGGREGATE",
                                          "cpu_time": 0.0,
                                          "extra_info": {
                                            "Aggregates": "avg(#0)"
                                          },
                                          "cumulative_cardinality": 0,
                                          "operator_type": "UNGROUPED_AGGREGATE",
                                          "operator_cardinality": 1,
                                          "cumulative_rows_scanned": 0,
                                          "operator_rows_scanned": 0,
                                          "operator_timing": 0.002344051,
                                          "children": [
                                            {
                                              "total_bytes_written": 0,
                                              "total_bytes_read": 0,
                                              "result_set_size": 2197272,
                                              "operator_name": "PROJECTION",
                                              "cpu_time": 0.0,
                                              "extra_info": {
                                                "Projections": "ss_ext_sales_price",
                                                "Estimated Cardinality": "575621"
                                              },
                                              "cumulative_cardinality": 0,
                                              "operator_type": "PROJECTION",
                                              "operator_cardinality": 549318,
                                              "cumulative_rows_scanned": 0,
                                              "operator_rows_scanned": 0,
                                              "operator_timing": 0.00022385100000000006,
                                              "children": [
                                                {
                                                  "total_bytes_written": 0,
                                                  "total_bytes_read": 0,
                                                  "result_set_size": 2197272,
                                                  "operator_name": "SEQ_SCAN ",
                                                  "cpu_time": 0.0,
                                                  "extra_info": {
                                                    "Table": "store_sales",
                                                    "Type": "Sequential Scan",
                                                    "Projections": "ss_ext_sales_price",
                                                    "Filters": "ss_quantity>=81 AND ss_quantity<=100",
                                                    "Estimated Cardinality": "575621"
                                                  },
                                                  "cumulative_cardinality": 0,
                                                  "operator_type": "TABLE_SCAN",
                                                  "operator_cardinality": 549318,
                                                  "cumulative_rows_scanned": 0,
                                                  "operator_rows_scanned": 34537284,
                                                  "operator_timing": 0.022206348,
                                                  "children": []
                                                }
                                              ]
                                            }
                                          ]
                                        }
                                      ]
                                    }
                                  ]
                                }
                              ]
                            },
                            {
                              "total_bytes_written": 0,
                              "total_bytes_read": 0,
                              "result_set_size": 8,
                              "operator_name": "PROJECTION",
                              "cpu_time": 0.0,
                              "extra_info": {
                                "Projections": [
                                  "CASE  WHEN ((#1 > 1)) THEN (\"error\"('More than one row returned by a subquery used as an expression - scalar subqueries can only return a single row.",
                                  "Use \"SET scalar_subquery_error_on_multiple_rows=false\" to revert to previous behavior of returning a random row.')) ELSE #0 END"
                                ],
                                "Estimated Cardinality": "1"
                              },
                              "cumulative_cardinality": 0,
                              "operator_type": "PROJECTION",
                              "operator_cardinality": 1,
                              "cumulative_rows_scanned": 0,
                              "operator_rows_scanned": 0,
                              "operator_timing": 1.088e-06,
                              "children": [
                                {
                                  "total_bytes_written": 0,
                                  "total_bytes_read": 0,
                                  "result_set_size": 16,
                                  "operator_name": "UNGROUPED_AGGREGATE",
                                  "cpu_time": 0.0,
                                  "extra_info": {
                                    "Aggregates": [
                                      "\"first\"(#0)",
                                      "count_star()"
                                    ]
                                  },
                                  "cumulative_cardinality": 0,
                                  "operator_type": "UNGROUPED_AGGREGATE",
                                  "operator_cardinality": 1,
                                  "cumulative_rows_scanned": 0,
                                  "operator_rows_scanned": 0,
                                  "operator_timing": 2.5389999999999997e-06,
                                  "children": [
                                    {
                                      "total_bytes_written": 0,
                                      "total_bytes_read": 0,
                                      "result_set_size": 8,
                                      "operator_name": "PROJECTION",
                                      "cpu_time": 0.0,
                                      "extra_info": {
                                        "Projections": "#0",
                                        "Estimated Cardinality": "1"
                                      },
                                      "cumulative_cardinality": 0,
                                      "operator_type": "PROJECTION",
                                      "operator_cardinality": 1,
                                      "cumulative_rows_scanned": 0,
                                      "operator_rows_scanned": 0,
                                      "operator_timing": 5.04e-07,
                                      "children": [
                                        {
                                          "total_bytes_written": 0,
                                          "total_bytes_read": 0,
                                          "result_set_size": 8,
                                          "operator_name": "UNGROUPED_AGGREGATE",
                                          "cpu_time": 0.0,
                                          "extra_info": {
                                            "Aggregates": "avg(#0)"
                                          },
                                          "cumulative_cardinality": 0,
                                          "operator_type": "UNGROUPED_AGGREGATE",
                                          "operator_cardinality": 1,
                                          "cumulative_rows_scanned": 0,
                                          "operator_rows_scanned": 0,
                                          "operator_timing": 0.0020557140000000006,
                                          "children": [
                                            {
                                              "total_bytes_written": 0,
                                              "total_bytes_read": 0,
                                              "result_set_size": 2197272,
                                              "operator_name": "PROJECTION",
                                              "cpu_time": 0.0,
                                              "extra_info": {
                                                "Projections": "ss_net_profit",
                                                "Estimated Cardinality": "575621"
                                              },
                                              "cumulative_cardinality": 0,
                                              "operator_type": "PROJECTION",
                                              "operator_cardinality": 549318,
                                              "cumulative_rows_scanned": 0,
                                              "operator_rows_scanned": 0,
                                              "operator_timing": 0.000219781,
                                              "children": [
                                                {
                                                  "total_bytes_written": 0,
                                                  "total_bytes_read": 0,
                                                  "result_set_size": 2197272,
                                                  "operator_name": "SEQ_SCAN ",
                                                  "cpu_time": 0.0,
                                                  "extra_info": {
                                                    "Table": "store_sales",
                                                    "Type": "Sequential Scan",
                                                    "Projections": "ss_net_profit",
                                                    "Filters": "ss_quantity>=81 AND ss_quantity<=100",
                                                    "Estimated Cardinality": "575621"
                                                  },
                                                  "cumulative_cardinality": 0,
                                                  "operator_type": "TABLE_SCAN",
                                                  "operator_cardinality": 549318,
                                                  "cumulative_rows_scanned": 0,
                                                  "operator_rows_scanned": 34537284,
                                                  "operator_timing": 0.016938531000000003,
                                                  "children": []
                                                }
                                              ]
                                            }
                                          ]
                                        }
                                      ]
                                    }
                                  ]
                                }
                              ]
                            }
                          ]
                        }
                      ]
                    },
                    {
                      "total_bytes_written": 0,
                      "total_bytes_read": 0,
                      "result_set_size": 32,
                      "operator_name": "CROSS_PRODUCT",
                      "cpu_time": 0.0,
                      "extra_info": {},
                      "cumulative_cardinality": 0,
                      "operator_type": "CROSS_PRODUCT",
                      "operator_cardinality": 1,
                      "cumulative_rows_scanned": 0,
                      "operator_rows_scanned": 0,
                      "operator_timing": 1.9034e-05,
                      "children": [
                        {
                          "total_bytes_written": 0,
                          "total_bytes_read": 0,
                          "result_set_size": 16,
                          "operator_name": "CROSS_PRODUCT",
                          "cpu_time": 0.0,
                          "extra_info": {},
                          "cumulative_cardinality": 0,
                          "operator_type": "CROSS_PRODUCT",
                          "operator_cardinality": 1,
                          "cumulative_rows_scanned": 0,
                          "operator_rows_scanned": 0,
                          "operator_timing": 1.8689e-05,
                          "children": [
                            {
                              "total_bytes_written": 0,
                              "total_bytes_read": 0,
                              "result_set_size": 8,
                              "operator_name": "PROJECTION",
                              "cpu_time": 0.0,
                              "extra_info": {
                                "Projections": [
                                  "CASE  WHEN ((#1 > 1)) THEN (\"error\"('More than one row returned by a subquery used as an expression - scalar subqueries can only return a single row.",
                                  "Use \"SET scalar_subquery_error_on_multiple_rows=false\" to revert to previous behavior of returning a random row.')) ELSE #0 END"
                                ],
                                "Estimated Cardinality": "1"
                              },
                              "cumulative_cardinality": 0,
                              "operator_type": "PROJECTION",
                              "operator_cardinality": 1,
                              "cumulative_rows_scanned": 0,
                              "operator_rows_scanned": 0,
                              "operator_timing": 1.805e-06,
                              "children": [
                                {
                                  "total_bytes_written": 0,
                                  "total_bytes_read": 0,
                                  "result_set_size": 16,
                                  "operator_name": "UNGROUPED_AGGREGATE",
                                  "cpu_time": 0.0,
                                  "extra_info": {
                                    "Aggregates": [
                                      "\"first\"(#0)",
                                      "count_star()"
                                    ]
                                  },
                                  "cumulative_cardinality": 0,
                                  "operator_type": "UNGROUPED_AGGREGATE",
                                  "operator_cardinality": 1,
                                  "cumulative_rows_scanned": 0,
                                  "operator_rows_scanned": 0,
                                  "operator_timing": 2.3100000000000003e-06,
                                  "children": [
                                    {
                                      "total_bytes_written": 0,
                                      "total_bytes_read": 0,
                                      "result_set_size": 8,
                                      "operator_name": "PROJECTION",
                                      "cpu_time": 0.0,
                                      "extra_info": {
                                        "Projections": "#0",
                                        "Estimated Cardinality": "1"
                                      },
                                      "cumulative_cardinality": 0,
                                      "operator_type": "PROJECTION",
                                      "operator_cardinality": 1,
                                      "cumulative_rows_scanned": 0,
                                      "operator_rows_scanned": 0,
                                      "operator_timing": 1.6e-07,
                                      "children": [
                                        {
                                          "total_bytes_written": 0,
                                          "total_bytes_read": 0,
                                          "result_set_size": 8,
                                          "operator_name": "UNGROUPED_AGGREGATE",
                                          "cpu_time": 0.0,
                                          "extra_info": {
                                            "Aggregates": "avg(#0)"
                                          },
                                          "cumulative_cardinality": 0,
                                          "operator_type": "UNGROUPED_AGGREGATE",
                                          "operator_cardinality": 1,
                                          "cumulative_rows_scanned": 0,
                                          "operator_rows_scanned": 0,
                                          "operator_timing": 0.001960871,
                                          "children": [
                                            {
                                              "total_bytes_written": 0,
                                              "total_bytes_read": 0,
                                              "result_set_size": 2198408,
                                              "operator_name": "PROJECTION",
                                              "cpu_time": 0.0,
                                              "extra_info": {
                                                "Projections": "ss_net_profit",
                                                "Estimated Cardinality": "575621"
                                              },
                                              "cumulative_cardinality": 0,
                                              "operator_type": "PROJECTION",
                                              "operator_cardinality": 549602,
                                              "cumulative_rows_scanned": 0,
                                              "operator_rows_scanned": 0,
                                              "operator_timing": 0.000194996,
                                              "children": [
                                                {
                                                  "total_bytes_written": 0,
                                                  "total_bytes_read": 0,
                                                  "result_set_size": 2198408,
                                                  "operator_name": "SEQ_SCAN ",
                                                  "cpu_time": 0.0,
                                                  "extra_info": {
                                                    "Table": "store_sales",
                                                    "Type": "Sequential Scan",
                                                    "Projections": "ss_net_profit",
                                                    "Filters": "ss_quantity>=61 AND ss_quantity<=80",
                                                    "Estimated Cardinality": "575621"
                                                  },
                                                  "cumulative_cardinality": 0,
                                                  "operator_type": "TABLE_SCAN",
                                                  "operator_cardinality": 549602,
                                                  "cumulative_rows_scanned": 0,
                                                  "operator_rows_scanned": 34537284,
                                                  "operator_timing": 0.017109034,
                                                  "children": []
                                                }
                                              ]
                                            }
                                          ]
                                        }
                                      ]
                                    }
                                  ]
                                }
                              ]
                            },
                            {
                              "total_bytes_written": 0,
                              "total_bytes_read": 0,
                              "result_set_size": 8,
                              "operator_name": "PROJECTION",
                              "cpu_time": 0.0,
                              "extra_info": {
                                "Projections": [
                                  "CASE  WHEN ((#1 > 1)) THEN (\"error\"('More than one row returned by a subquery used as an expression - scalar subqueries can only return a single row.",
                                  "Use \"SET scalar_subquery_error_on_multiple_rows=false\" to revert to previous behavior of returning a random row.')) ELSE #0 END"
                                ],
                                "Estimated Cardinality": "1"
                              },
                              "cumulative_cardinality": 0,
                              "operator_type": "PROJECTION",
                              "operator_cardinality": 1,
                              "cumulative_rows_scanned": 0,
                              "operator_rows_scanned": 0,
                              "operator_timing": 1.28e-06,
                              "children": [
                                {
                                  "total_bytes_written": 0,
                                  "total_bytes_read": 0,
                                  "result_set_size": 16,
                                  "operator_name": "UNGROUPED_AGGREGATE",
                                  "cpu_time": 0.0,
                                  "extra_info": {
                                    "Aggregates": [
                                      "\"first\"(#0)",
                                      "count_star()"
                                    ]
                                  },
                                  "cumulative_cardinality": 0,
                                  "operator_type": "UNGROUPED_AGGREGATE",
                                  "operator_cardinality": 1,
                                  "cumulative_rows_scanned": 0,
                                  "operator_rows_scanned": 0,
                                  "operator_timing": 1.776e-06,
                                  "children": [
                                    {
                                      "total_bytes_written": 0,
                                      "total_bytes_read": 0,
                                      "result_set_size": 8,
                                      "operator_name": "PROJECTION",
                                      "cpu_time": 0.0,
                                      "extra_info": {
                                        "Projections": "#0",
                                        "Estimated Cardinality": "1"
                                      },
                                      "cumulative_cardinality": 0,
                                      "operator_type": "PROJECTION",
                                      "operator_cardinality": 1,
                                      "cumulative_rows_scanned": 0,
                                      "operator_rows_scanned": 0,
                                      "operator_timing": 1.52e-07,
                                      "children": [
                                        {
                                          "total_bytes_written": 0,
                                          "total_bytes_read": 0,
                                          "result_set_size": 8,
                                          "operator_name": "UNGROUPED_AGGREGATE",
                                          "cpu_time": 0.0,
                                          "extra_info": {
                                            "Aggregates": "count_star()"
                                          },
                                          "cumulative_cardinality": 0,
                                          "operator_type": "UNGROUPED_AGGREGATE",
                                          "operator_cardinality": 1,
                                          "cumulative_rows_scanned": 0,
                                          "operator_rows_scanned": 0,
                                          "operator_timing": 0.000230195,
                                          "children": [
                                            {
                                              "total_bytes_written": 0,
                                              "total_bytes_read": 0,
                                              "result_set_size": 4394544,
                                              "operator_name": "SEQ_SCAN ",
                                              "cpu_time": 0.0,
                                              "extra_info": {
                                                "Table": "store_sales",
                                                "Type": "Sequential Scan",
                                                "Projections": "",
                                                "Filters": "ss_quantity>=81 AND ss_quantity<=100",
                                                "Estimated Cardinality": "575621"
                                              },
                                              "cumulative_cardinality": 0,
                                              "operator_type": "TABLE_SCAN",
                                              "operator_cardinality": 549318,
                                              "cumulative_rows_scanned": 0,
                                              "operator_rows_scanned": 34537284,
                                              "operator_timing": 0.012017478000000002,
                                              "children": []
                                            }
                                          ]
                                        }
                                      ]
                                    }
                                  ]
                                }
                              ]
                            }
                          ]
                        },
                        {
                          "total_bytes_written": 0,
                          "total_bytes_read": 0,
                          "result_set_size": 16,
                          "operator_name": "CROSS_PRODUCT",
                          "cpu_time": 0.0,
                          "extra_info": {},
                          "cumulative_cardinality": 0,
                          "operator_type": "CROSS_PRODUCT",
                          "operator_cardinality": 1,
                          "cumulative_rows_scanned": 0,
                          "operator_rows_scanned": 0,
                          "operator_timing": 1.182e-05,
                          "children": [
                            {
                              "total_bytes_written": 0,
                              "total_bytes_read": 0,
                              "result_set_size": 8,
                              "operator_name": "PROJECTION",
                              "cpu_time": 0.0,
                              "extra_info": {
                                "Projections": [
                                  "CASE  WHEN ((#1 > 1)) THEN (\"error\"('More than one row returned by a subquery used as an expression - scalar subqueries can only return a single row.",
                                  "Use \"SET scalar_subquery_error_on_multiple_rows=false\" to revert to previous behavior of returning a random row.')) ELSE #0 END"
                                ],
                                "Estimated Cardinality": "1"
                              },
                              "cumulative_cardinality": 0,
                              "operator_type": "PROJECTION",
                              "operator_cardinality": 1,
                              "cumulative_rows_scanned": 0,
                              "operator_rows_scanned": 0,
                              "operator_timing": 1.676e-06,
                              "children": [
                                {
                                  "total_bytes_written": 0,
                                  "total_bytes_read": 0,
                                  "result_set_size": 16,
                                  "operator_name": "UNGROUPED_AGGREGATE",
                                  "cpu_time": 0.0,
                                  "extra_info": {
                                    "Aggregates": [
                                      "\"first\"(#0)",
                                      "count_star()"
                                    ]
                                  },
                                  "cumulative_cardinality": 0,
                                  "operator_type": "UNGROUPED_AGGREGATE",
                                  "operator_cardinality": 1,
                                  "cumulative_rows_scanned": 0,
                                  "operator_rows_scanned": 0,
                                  "operator_timing": 2.291e-06,
                                  "children": [
                                    {
                                      "total_bytes_written": 0,
                                      "total_bytes_read": 0,
                                      "result_set_size": 8,
                                      "operator_name": "PROJECTION",
                                      "cpu_time": 0.0,
                                      "extra_info": {
                                        "Projections": "#0",
                                        "Estimated Cardinality": "1"
                                      },
                                      "cumulative_cardinality": 0,
                                      "operator_type": "PROJECTION",
                                      "operator_cardinality": 1,
                                      "cumulative_rows_scanned": 0,
                                      "operator_rows_scanned": 0,
                                      "operator_timing": 1.51e-07,
                                      "children": [
                                        {
                                          "total_bytes_written": 0,
                                          "total_bytes_read": 0,
                                          "result_set_size": 8,
                                          "operator_name": "UNGROUPED_AGGREGATE",
                                          "cpu_time": 0.0,
                                          "extra_info": {
                                            "Aggregates": "count_star()"
                                          },
                                          "cumulative_cardinality": 0,
                                          "operator_type": "UNGROUPED_AGGREGATE",
                                          "operator_cardinality": 1,
                                          "cumulative_rows_scanned": 0,
                                          "operator_rows_scanned": 0,
                                          "operator_timing": 0.00013176599999999998,
                                          "children": [
                                            {
                                              "total_bytes_written": 0,
                                              "total_bytes_read": 0,
                                              "result_set_size": 4396816,
                                              "operator_name": "SEQ_SCAN ",
                                              "cpu_time": 0.0,
                                              "extra_info": {
                                                "Table": "store_sales",
                                                "Type": "Sequential Scan",
                                                "Projections": "",
                                                "Filters": "ss_quantity>=61 AND ss_quantity<=80",
                                                "Estimated Cardinality": "575621"
                                              },
                                              "cumulative_cardinality": 0,
                                              "operator_type": "TABLE_SCAN",
                                              "operator_cardinality": 549602,
                                              "cumulative_rows_scanned": 0,
                                              "operator_rows_scanned": 34537284,
                                              "operator_timing": 0.010559252000000002,
                                              "children": []
                                            }
                                          ]
                                        }
                                      ]
                                    }
                                  ]
                                }
                              ]
                            },
                            {
                              "total_bytes_written": 0,
                              "total_bytes_read": 0,
                              "result_set_size": 8,
                              "operator_name": "PROJECTION",
                              "cpu_time": 0.0,
                              "extra_info": {
                                "Projections": [
                                  "CASE  WHEN ((#1 > 1)) THEN (\"error\"('More than one row returned by a subquery used as an expression - scalar subqueries can only return a single row.",
                                  "Use \"SET scalar_subquery_error_on_multiple_rows=false\" to revert to previous behavior of returning a random row.')) ELSE #0 END"
                                ],
                                "Estimated Cardinality": "1"
                              },
                              "cumulative_cardinality": 0,
                              "operator_type": "PROJECTION",
                              "operator_cardinality": 1,
                              "cumulative_rows_scanned": 0,
                              "operator_rows_scanned": 0,
                              "operator_timing": 3.2e-06,
                              "children": [
                                {
                                  "total_bytes_written": 0,
                                  "total_bytes_read": 0,
                                  "result_set_size": 16,
                                  "operator_name": "UNGROUPED_AGGREGATE",
                                  "cpu_time": 0.0,
                                  "extra_info": {
                                    "Aggregates": [
                                      "\"first\"(#0)",
                                      "count_star()"
                                    ]
                                  },
                                  "cumulative_cardinality": 0,
                                  "operator_type": "UNGROUPED_AGGREGATE",
                                  "operator_cardinality": 1,
                                  "cumulative_rows_scanned": 0,
                                  "operator_rows_scanned": 0,
                                  "operator_timing": 2.7869999999999997e-06,
                                  "children": [
                                    {
                                      "total_bytes_written": 0,
                                      "total_bytes_read": 0,
                                      "result_set_size": 8,
                                      "operator_name": "PROJECTION",
                                      "cpu_time": 0.0,
                                      "extra_info": {
                                        "Projections": "#0",
                                        "Estimated Cardinality": "1"
                                      },
                                      "cumulative_cardinality": 0,
                                      "operator_type": "PROJECTION",
                                      "operator_cardinality": 1,
                                      "cumulative_rows_scanned": 0,
                                      "operator_rows_scanned": 0,
                                      "operator_timing": 1.64e-07,
                                      "children": [
                                        {
                                          "total_bytes_written": 0,
                                          "total_bytes_read": 0,
                                          "result_set_size": 8,
                                          "operator_name": "UNGROUPED_AGGREGATE",
                                          "cpu_time": 0.0,
                                          "extra_info": {
                                            "Aggregates": "avg(#0)"
                                          },
                                          "cumulative_cardinality": 0,
                                          "operator_type": "UNGROUPED_AGGREGATE",
                                          "operator_cardinality": 1,
                                          "cumulative_rows_scanned": 0,
                                          "operator_rows_scanned": 0,
                                          "operator_timing": 0.0016937829999999997,
                                          "children": [
                                            {
                                              "total_bytes_written": 0,
                                              "total_bytes_read": 0,
                                              "result_set_size": 2198408,
                                              "operator_name": "PROJECTION",
                                              "cpu_time": 0.0,
                                              "extra_info": {
                                                "Projections": "ss_ext_sales_price",
                                                "Estimated Cardinality": "575621"
                                              },
                                              "cumulative_cardinality": 0,
                                              "operator_type": "PROJECTION",
                                              "operator_cardinality": 549602,
                                              "cumulative_rows_scanned": 0,
                                              "operator_rows_scanned": 0,
                                              "operator_timing": 0.00018246200000000002,
                                              "children": [
                                                {
                                                  "total_bytes_written": 0,
                                                  "total_bytes_read": 0,
                                                  "result_set_size": 2198408,
                                                  "operator_name": "SEQ_SCAN ",
                                                  "cpu_time": 0.0,
                                                  "extra_info": {
                                                    "Table": "store_sales",
                                                    "Type": "Sequential Scan",
                                                    "Projections": "ss_ext_sales_price",
                                                    "Filters": "ss_quantity>=61 AND ss_quantity<=80",
                                                    "Estimated Cardinality": "575621"
                                                  },
                                                  "cumulative_cardinality": 0,
                                                  "operator_type": "TABLE_SCAN",
                                                  "operator_cardinality": 549602,
                                                  "cumulative_rows_scanned": 0,
                                                  "operator_rows_scanned": 34537284,
                                                  "operator_timing": 0.018205845000000005,
                                                  "children": []
                                                }
                                              ]
                                            }
                                          ]
                                        }
                                      ]
                                    }
                                  ]
                                }
                              ]
                            }
                          ]
                        }
                      ]
                    }
                  ]
                },
                {
                  "total_bytes_written": 0,
                  "total_bytes_read": 0,
                  "result_set_size": 64,
                  "operator_name": "CROSS_PRODUCT",
                  "cpu_time": 0.0,
                  "extra_info": {},
                  "cumulative_cardinality": 0,
                  "operator_type": "CROSS_PRODUCT",
                  "operator_cardinality": 1,
                  "cumulative_rows_scanned": 0,
                  "operator_rows_scanned": 0,
                  "operator_timing": 2.0373000000000003e-05,
                  "children": [
                    {
                      "total_bytes_written": 0,
                      "total_bytes_read": 0,
                      "result_set_size": 32,
                      "operator_name": "CROSS_PRODUCT",
                      "cpu_time": 0.0,
                      "extra_info": {},
                      "cumulative_cardinality": 0,
                      "operator_type": "CROSS_PRODUCT",
                      "operator_cardinality": 1,
                      "cumulative_rows_scanned": 0,
                      "operator_rows_scanned": 0,
                      "operator_timing": 3.4583000000000004e-05,
                      "children": [
                        {
                          "total_bytes_written": 0,
                          "total_bytes_read": 0,
                          "result_set_size": 16,
                          "operator_name": "CROSS_PRODUCT",
                          "cpu_time": 0.0,
                          "extra_info": {},
                          "cumulative_cardinality": 0,
                          "operator_type": "CROSS_PRODUCT",
                          "operator_cardinality": 1,
                          "cumulative_rows_scanned": 0,
                          "operator_rows_scanned": 0,
                          "operator_timing": 1.3654e-05,
                          "children": [
                            {
                              "total_bytes_written": 0,
                              "total_bytes_read": 0,
                              "result_set_size": 8,
                              "operator_name": "PROJECTION",
                              "cpu_time": 0.0,
                              "extra_info": {
                                "Projections": [
                                  "CASE  WHEN ((#1 > 1)) THEN (\"error\"('More than one row returned by a subquery used as an expression - scalar subqueries can only return a single row.",
                                  "Use \"SET scalar_subquery_error_on_multiple_rows=false\" to revert to previous behavior of returning a random row.')) ELSE #0 END"
                                ],
                                "Estimated Cardinality": "1"
                              },
                              "cumulative_cardinality": 0,
                              "operator_type": "PROJECTION",
                              "operator_cardinality": 1,
                              "cumulative_rows_scanned": 0,
                              "operator_rows_scanned": 0,
                              "operator_timing": 2.156e-06,
                              "children": [
                                {
                                  "total_bytes_written": 0,
                                  "total_bytes_read": 0,
                                  "result_set_size": 16,
                                  "operator_name": "UNGROUPED_AGGREGATE",
                                  "cpu_time": 0.0,
                                  "extra_info": {
                                    "Aggregates": [
                                      "\"first\"(#0)",
                                      "count_star()"
                                    ]
                                  },
                                  "cumulative_cardinality": 0,
                                  "operator_type": "UNGROUPED_AGGREGATE",
                                  "operator_cardinality": 1,
                                  "cumulative_rows_scanned": 0,
                                  "operator_rows_scanned": 0,
                                  "operator_timing": 3.5299999999999997e-06,
                                  "children": [
                                    {
                                      "total_bytes_written": 0,
                                      "total_bytes_read": 0,
                                      "result_set_size": 8,
                                      "operator_name": "PROJECTION",
                                      "cpu_time": 0.0,
                                      "extra_info": {
                                        "Projections": "#0",
                                        "Estimated Cardinality": "1"
                                      },
                                      "cumulative_cardinality": 0,
                                      "operator_type": "PROJECTION",
                                      "operator_cardinality": 1,
                                      "cumulative_rows_scanned": 0,
                                      "operator_rows_scanned": 0,
                                      "operator_timing": 5.37e-07,
                                      "children": [
                                        {
                                          "total_bytes_written": 0,
                                          "total_bytes_read": 0,
                                          "result_set_size": 8,
                                          "operator_name": "UNGROUPED_AGGREGATE",
                                          "cpu_time": 0.0,
                                          "extra_info": {
                                            "Aggregates": "count_star()"
                                          },
                                          "cumulative_cardinality": 0,
                                          "operator_type": "UNGROUPED_AGGREGATE",
                                          "operator_cardinality": 1,
                                          "cumulative_rows_scanned": 0,
                                          "operator_rows_scanned": 0,
                                          "operator_timing": 0.000237981,
                                          "children": [
                                            {
                                              "total_bytes_written": 0,
                                              "total_bytes_read": 0,
                                              "result_set_size": 4401984,
                                              "operator_name": "SEQ_SCAN ",
                                              "cpu_time": 0.0,
                                              "extra_info": {
                                                "Table": "store_sales",
                                                "Type": "Sequential Scan",
                                                "Projections": "",
                                                "Filters": "ss_quantity>=21 AND ss_quantity<=40",
                                                "Estimated Cardinality": "575621"
                                              },
                                              "cumulative_cardinality": 0,
                                              "operator_type": "TABLE_SCAN",
                                              "operator_cardinality": 550248,
                                              "cumulative_rows_scanned": 0,
                                              "operator_rows_scanned": 34537284,
                                              "operator_timing": 0.016442155,
                                              "children": []
                                            }
                                          ]
                                        }
                                      ]
                                    }
                                  ]
                                }
                              ]
                            },
                            {
                              "total_bytes_written": 0,
                              "total_bytes_read": 0,
                              "result_set_size": 8,
                              "operator_name": "PROJECTION",
                              "cpu_time": 0.0,
                              "extra_info": {
                                "Projections": [
                                  "CASE  WHEN ((#1 > 1)) THEN (\"error\"('More than one row returned by a subquery used as an expression - scalar subqueries can only return a single row.",
                                  "Use \"SET scalar_subquery_error_on_multiple_rows=false\" to revert to previous behavior of returning a random row.')) ELSE #0 END"
                                ],
                                "Estimated Cardinality": "1"
                              },
                              "cumulative_cardinality": 0,
                              "operator_type": "PROJECTION",
                              "operator_cardinality": 1,
                              "cumulative_rows_scanned": 0,
                              "operator_rows_scanned": 0,
                              "operator_timing": 8.24e-07,
                              "children": [
                                {
                                  "total_bytes_written": 0,
                                  "total_bytes_read": 0,
                                  "result_set_size": 16,
                                  "operator_name": "UNGROUPED_AGGREGATE",
                                  "cpu_time": 0.0,
                                  "extra_info": {
                                    "Aggregates": [
                                      "\"first\"(#0)",
                                      "count_star()"
                                    ]
                                  },
                                  "cumulative_cardinality": 0,
                                  "operator_type": "UNGROUPED_AGGREGATE",
                                  "operator_cardinality": 1,
                                  "cumulative_rows_scanned": 0,
                                  "operator_rows_scanned": 0,
                                  "operator_timing": 1.76e-06,
                                  "children": [
                                    {
                                      "total_bytes_written": 0,
                                      "total_bytes_read": 0,
                                      "result_set_size": 8,
                                      "operator_name": "PROJECTION",
                                      "cpu_time": 0.0,
                                      "extra_info": {
                                        "Projections": "#0",
                                        "Estimated Cardinality": "1"
                                      },
                                      "cumulative_cardinality": 0,
                                      "operator_type": "PROJECTION",
                                      "operator_cardinality": 1,
                                      "cumulative_rows_scanned": 0,
                                      "operator_rows_scanned": 0,
                                      "operator_timing": 2.53e-07,
                                      "children": [
                                        {
                                          "total_bytes_written": 0,
                                          "total_bytes_read": 0,
                                          "result_set_size": 8,
                                          "operator_name": "UNGROUPED_AGGREGATE",
                                          "cpu_time": 0.0,
                                          "extra_info": {
                                            "Aggregates": "avg(#0)"
                                          },
                                          "cumulative_cardinality": 0,
                                          "operator_type": "UNGROUPED_AGGREGATE",
                                          "operator_cardinality": 1,
                                          "cumulative_rows_scanned": 0,
                                          "operator_rows_scanned": 0,
                                          "operator_timing": 0.0021500329999999995,
                                          "children": [
                                            {
                                              "total_bytes_written": 0,
                                              "total_bytes_read": 0,
                                              "result_set_size": 2200992,
                                              "operator_name": "PROJECTION",
                                              "cpu_time": 0.0,
                                              "extra_info": {
                                                "Projections": "ss_ext_sales_price",
                                                "Estimated Cardinality": "575621"
                                              },
                                              "cumulative_cardinality": 0,
                                              "operator_type": "PROJECTION",
                                              "operator_cardinality": 550248,
                                              "cumulative_rows_scanned": 0,
                                              "operator_rows_scanned": 0,
                                              "operator_timing": 0.00022676300000000005,
                                              "children": [
                                                {
                                                  "total_bytes_written": 0,
                                                  "total_bytes_read": 0,
                                                  "result_set_size": 2200992,
                                                  "operator_name": "SEQ_SCAN ",
                                                  "cpu_time": 0.0,
                                                  "extra_info": {
                                                    "Table": "store_sales",
                                                    "Type": "Sequential Scan",
                                                    "Projections": "ss_ext_sales_price",
                                                    "Filters": "ss_quantity>=21 AND ss_quantity<=40",
                                                    "Estimated Cardinality": "575621"
                                                  },
                                                  "cumulative_cardinality": 0,
                                                  "operator_type": "TABLE_SCAN",
                                                  "operator_cardinality": 550248,
                                                  "cumulative_rows_scanned": 0,
                                                  "operator_rows_scanned": 34537284,
                                                  "operator_timing": 0.039530218,
                                                  "children": []
                                                }
                                              ]
                                            }
                                          ]
                                        }
                                      ]
                                    }
                                  ]
                                }
                              ]
                            }
                          ]
                        },
                        {
                          "total_bytes_written": 0,
                          "total_bytes_read": 0,
                          "result_set_size": 16,
                          "operator_name": "CROSS_PRODUCT",
                          "cpu_time": 0.0,
                          "extra_info": {},
                          "cumulative_cardinality": 0,
                          "operator_type": "CROSS_PRODUCT",
                          "operator_cardinality": 1,
                          "cumulative_rows_scanned": 0,
                          "operator_rows_scanned": 0,
                          "operator_timing": 1.5679e-05,
                          "children": [
                            {
                              "total_bytes_written": 0,
                              "total_bytes_read": 0,
                              "result_set_size": 8,
                              "operator_name": "PROJECTION",
                              "cpu_time": 0.0,
                              "extra_info": {
                                "Projections": [
                                  "CASE  WHEN ((#1 > 1)) THEN (\"error\"('More than one row returned by a subquery used as an expression - scalar subqueries can only return a single row.",
                                  "Use \"SET scalar_subquery_error_on_multiple_rows=false\" to revert to previous behavior of returning a random row.')) ELSE #0 END"
                                ],
                                "Estimated Cardinality": "1"
                              },
                              "cumulative_cardinality": 0,
                              "operator_type": "PROJECTION",
                              "operator_cardinality": 1,
                              "cumulative_rows_scanned": 0,
                              "operator_rows_scanned": 0,
                              "operator_timing": 1.855e-06,
                              "children": [
                                {
                                  "total_bytes_written": 0,
                                  "total_bytes_read": 0,
                                  "result_set_size": 16,
                                  "operator_name": "UNGROUPED_AGGREGATE",
                                  "cpu_time": 0.0,
                                  "extra_info": {
                                    "Aggregates": [
                                      "\"first\"(#0)",
                                      "count_star()"
                                    ]
                                  },
                                  "cumulative_cardinality": 0,
                                  "operator_type": "UNGROUPED_AGGREGATE",
                                  "operator_cardinality": 1,
                                  "cumulative_rows_scanned": 0,
                                  "operator_rows_scanned": 0,
                                  "operator_timing": 2.033e-06,
                                  "children": [
                                    {
                                      "total_bytes_written": 0,
                                      "total_bytes_read": 0,
                                      "result_set_size": 8,
                                      "operator_name": "PROJECTION",
                                      "cpu_time": 0.0,
                                      "extra_info": {
                                        "Projections": "#0",
                                        "Estimated Cardinality": "1"
                                      },
                                      "cumulative_cardinality": 0,
                                      "operator_type": "PROJECTION",
                                      "operator_cardinality": 1,
                                      "cumulative_rows_scanned": 0,
                                      "operator_rows_scanned": 0,
                                      "operator_timing": 1.5e-07,
                                      "children": [
                                        {
                                          "total_bytes_written": 0,
                                          "total_bytes_read": 0,
                                          "result_set_size": 8,
                                          "operator_name": "UNGROUPED_AGGREGATE",
                                          "cpu_time": 0.0,
                                          "extra_info": {
                                            "Aggregates": "avg(#0)"
                                          },
                                          "cumulative_cardinality": 0,
                                          "operator_type": "UNGROUPED_AGGREGATE",
                                          "operator_cardinality": 1,
                                          "cumulative_rows_scanned": 0,
                                          "operator_rows_scanned": 0,
                                          "operator_timing": 0.0018632070000000002,
                                          "children": [
                                            {
                                              "total_bytes_written": 0,
                                              "total_bytes_read": 0,
                                              "result_set_size": 2201632,
                                              "operator_name": "PROJECTION",
                                              "cpu_time": 0.0,
                                              "extra_info": {
                                                "Projections": "ss_ext_sales_price",
                                                "Estimated Cardinality": "575621"
                                              },
                                              "cumulative_cardinality": 0,
                                              "operator_type": "PROJECTION",
                                              "operator_cardinality": 550408,
                                              "cumulative_rows_scanned": 0,
                                              "operator_rows_scanned": 0,
                                              "operator_timing": 0.00021023700000000003,
                                              "children": [
                                                {
                                                  "total_bytes_written": 0,
                                                  "total_bytes_read": 0,
                                                  "result_set_size": 2201632,
                                                  "operator_name": "SEQ_SCAN ",
                                                  "cpu_time": 0.0,
                                                  "extra_info": {
                                                    "Table": "store_sales",
                                                    "Type": "Sequential Scan",
                                                    "Projections": "ss_ext_sales_price",
                                                    "Filters": "ss_quantity>=1 AND ss_quantity<=20",
                                                    "Estimated Cardinality": "575621"
                                                  },
                                                  "cumulative_cardinality": 0,
                                                  "operator_type": "TABLE_SCAN",
                                                  "operator_cardinality": 550408,
                                                  "cumulative_rows_scanned": 0,
                                                  "operator_rows_scanned": 34537284,
                                                  "operator_timing": 0.19287511999999998,
                                                  "children": []
                                                }
                                              ]
                                            }
                                          ]
                                        }
                                      ]
                                    }
                                  ]
                                }
                              ]
                            },
                            {
                              "total_bytes_written": 0,
                              "total_bytes_read": 0,
                              "result_set_size": 8,
                              "operator_name": "PROJECTION",
                              "cpu_time": 0.0,
                              "extra_info": {
                                "Projections": [
                                  "CASE  WHEN ((#1 > 1)) THEN (\"error\"('More than one row returned by a subquery used as an expression - scalar subqueries can only return a single row.",
                                  "Use \"SET scalar_subquery_error_on_multiple_rows=false\" to revert to previous behavior of returning a random row.')) ELSE #0 END"
                                ],
                                "Estimated Cardinality": "1"
                              },
                              "cumulative_cardinality": 0,
                              "operator_type": "PROJECTION",
                              "operator_cardinality": 1,
                              "cumulative_rows_scanned": 0,
                              "operator_rows_scanned": 0,
                              "operator_timing": 8.516e-06,
                              "children": [
                                {
                                  "total_bytes_written": 0,
                                  "total_bytes_read": 0,
                                  "result_set_size": 16,
                                  "operator_name": "UNGROUPED_AGGREGATE",
                                  "cpu_time": 0.0,
                                  "extra_info": {
                                    "Aggregates": [
                                      "\"first\"(#0)",
                                      "count_star()"
                                    ]
                                  },
                                  "cumulative_cardinality": 0,
                                  "operator_type": "UNGROUPED_AGGREGATE",
                                  "operator_cardinality": 1,
                                  "cumulative_rows_scanned": 0,
                                  "operator_rows_scanned": 0,
                                  "operator_timing": 1.3007e-05,
                                  "children": [
                                    {
                                      "total_bytes_written": 0,
                                      "total_bytes_read": 0,
                                      "result_set_size": 8,
                                      "operator_name": "PROJECTION",
                                      "cpu_time": 0.0,
                                      "extra_info": {
                                        "Projections": "#0",
                                        "Estimated Cardinality": "1"
                                      },
                                      "cumulative_cardinality": 0,
                                      "operator_type": "PROJECTION",
                                      "operator_cardinality": 1,
                                      "cumulative_rows_scanned": 0,
                                      "operator_rows_scanned": 0,
                                      "operator_timing": 2.05e-07,
                                      "children": [
                                        {
                                          "total_bytes_written": 0,
                                          "total_bytes_read": 0,
                                          "result_set_size": 8,
                                          "operator_name": "UNGROUPED_AGGREGATE",
                                          "cpu_time": 0.0,
                                          "extra_info": {
                                            "Aggregates": "avg(#0)"
                                          },
                                          "cumulative_cardinality": 0,
                                          "operator_type": "UNGROUPED_AGGREGATE",
                                          "operator_cardinality": 1,
                                          "cumulative_rows_scanned": 0,
                                          "operator_rows_scanned": 0,
                                          "operator_timing": 0.0018155180000000001,
                                          "children": [
                                            {
                                              "total_bytes_written": 0,
                                              "total_bytes_read": 0,
                                              "result_set_size": 2201632,
                                              "operator_name": "PROJECTION",
                                              "cpu_time": 0.0,
                                              "extra_info": {
                                                "Projections": "ss_net_profit",
                                                "Estimated Cardinality": "575621"
                                              },
                                              "cumulative_cardinality": 0,
                                              "operator_type": "PROJECTION",
                                              "operator_cardinality": 550408,
                                              "cumulative_rows_scanned": 0,
                                              "operator_rows_scanned": 0,
                                              "operator_timing": 0.00019466700000000004,
                                              "children": [
                                                {
                                                  "total_bytes_written": 0,
                                                  "total_bytes_read": 0,
                                                  "result_set_size": 2201632,
                                                  "operator_name": "SEQ_SCAN ",
                                                  "cpu_time": 0.0,
                                                  "extra_info": {
                                                    "Table": "store_sales",
                                                    "Type": "Sequential Scan",
                                                    "Projections": "ss_net_profit",
                                                    "Filters": "ss_quantity>=1 AND ss_quantity<=20",
                                                    "Estimated Cardinality": "575621"
                                                  },
                                                  "cumulative_cardinality": 0,
                                                  "operator_type": "TABLE_SCAN",
                                                  "operator_cardinality": 550408,
                                                  "cumulative_rows_scanned": 0,
                                                  "operator_rows_scanned": 34537284,
                                                  "operator_timing": 0.039302449,
                                                  "children": []
                                                }
                                              ]
                                            }
                                          ]
                                        }
                                      ]
                                    }
                                  ]
                                }
                              ]
                            }
                          ]
                        }
                      ]
                    },
                    {
                      "total_bytes_written": 0,
                      "total_bytes_read": 0,
                      "result_set_size": 32,
                      "operator_name": "CROSS_PRODUCT",
                      "cpu_time": 0.0,
                      "extra_info": {},
                      "cumulative_cardinality": 0,
                      "operator_type": "CROSS_PRODUCT",
                      "operator_cardinality": 1,
                      "cumulative_rows_scanned": 0,
                      "operator_rows_scanned": 0,
                      "operator_timing": 5.192999999999999e-06,
                      "children": [
                        {
                          "total_bytes_written": 0,
                          "total_bytes_read": 0,
                          "result_set_size": 16,
                          "operator_name": "CROSS_PRODUCT",
                          "cpu_time": 0.0,
                          "extra_info": {},
                          "cumulative_cardinality": 0,
                          "operator_type": "CROSS_PRODUCT",
                          "operator_cardinality": 1,
                          "cumulative_rows_scanned": 0,
                          "operator_rows_scanned": 0,
                          "operator_timing": 9.488e-06,
                          "children": [
                            {
                              "total_bytes_written": 0,
                              "total_bytes_read": 0,
                              "result_set_size": 8,
                              "operator_name": "PROJECTION",
                              "cpu_time": 0.0,
                              "extra_info": {
                                "Projections": [
                                  "CASE  WHEN ((#1 > 1)) THEN (\"error\"('More than one row returned by a subquery used as an expression - scalar subqueries can only return a single row.",
                                  "Use \"SET scalar_subquery_error_on_multiple_rows=false\" to revert to previous behavior of returning a random row.')) ELSE #0 END"
                                ],
                                "Estimated Cardinality": "1"
                              },
                              "cumulative_cardinality": 0,
                              "operator_type": "PROJECTION",
                              "operator_cardinality": 1,
                              "cumulative_rows_scanned": 0,
                              "operator_rows_scanned": 0,
                              "operator_timing": 1.664e-06,
                              "children": [
                                {
                                  "total_bytes_written": 0,
                                  "total_bytes_read": 0,
                                  "result_set_size": 16,
                                  "operator_name": "UNGROUPED_AGGREGATE",
                                  "cpu_time": 0.0,
                                  "extra_info": {
                                    "Aggregates": [
                                      "\"first\"(#0)",
                                      "count_star()"
                                    ]
                                  },
                                  "cumulative_cardinality": 0,
                                  "operator_type": "UNGROUPED_AGGREGATE",
                                  "operator_cardinality": 1,
                                  "cumulative_rows_scanned": 0,
                                  "operator_rows_scanned": 0,
                                  "operator_timing": 2.9329999999999997e-06,
                                  "children": [
                                    {
                                      "total_bytes_written": 0,
                                      "total_bytes_read": 0,
                                      "result_set_size": 8,
                                      "operator_name": "PROJECTION",
                                      "cpu_time": 0.0,
                                      "extra_info": {
                                        "Projections": "#0",
                                        "Estimated Cardinality": "1"
                                      },
                                      "cumulative_cardinality": 0,
                                      "operator_type": "PROJECTION",
                                      "operator_cardinality": 1,
                                      "cumulative_rows_scanned": 0,
                                      "operator_rows_scanned": 0,
                                      "operator_timing": 2.02e-07,
                                      "children": [
                                        {
                                          "total_bytes_written": 0,
                                          "total_bytes_read": 0,
                                          "result_set_size": 8,
                                          "operator_name": "UNGROUPED_AGGREGATE",
                                          "cpu_time": 0.0,
                                          "extra_info": {
                                            "Aggregates": "avg(#0)"
                                          },
                                          "cumulative_cardinality": 0,
                                          "operator_type": "UNGROUPED_AGGREGATE",
                                          "operator_cardinality": 1,
                                          "cumulative_rows_scanned": 0,
                                          "operator_rows_scanned": 0,
                                          "operator_timing": 0.0015954880000000008,
                                          "children": [
                                            {
                                              "total_bytes_written": 0,
                                              "total_bytes_read": 0,
                                              "result_set_size": 2196216,
                                              "operator_name": "PROJECTION",
                                              "cpu_time": 0.0,
                                              "extra_info": {
                                                "Projections": "ss_ext_sales_price",
                                                "Estimated Cardinality": "575621"
                                              },
                                              "cumulative_cardinality": 0,
                                              "operator_type": "PROJECTION",
                                              "operator_cardinality": 549054,
                                              "cumulative_rows_scanned": 0,
                                              "operator_rows_scanned": 0,
                                              "operator_timing": 0.000163178,
                                              "children": [
                                                {
                                                  "total_bytes_written": 0,
                                                  "total_bytes_read": 0,
                                                  "result_set_size": 2196216,
                                                  "operator_name": "SEQ_SCAN ",
                                                  "cpu_time": 0.0,
                                                  "extra_info": {
                                                    "Table": "store_sales",
                                                    "Type": "Sequential Scan",
                                                    "Projections": "ss_ext_sales_price",
                                                    "Filters": "ss_quantity>=41 AND ss_quantity<=60",
                                                    "Estimated Cardinality": "575621"
                                                  },
                                                  "cumulative_cardinality": 0,
                                                  "operator_type": "TABLE_SCAN",
                                                  "operator_cardinality": 549054,
                                                  "cumulative_rows_scanned": 0,
                                                  "operator_rows_scanned": 34537284,
                                                  "operator_timing": 0.028068794,
                                                  "children": []
                                                }
                                              ]
                                            }
                                          ]
                                        }
                                      ]
                                    }
                                  ]
                                }
                              ]
                            },
                            {
                              "total_bytes_written": 0,
                              "total_bytes_read": 0,
                              "result_set_size": 8,
                              "operator_name": "PROJECTION",
                              "cpu_time": 0.0,
                              "extra_info": {
                                "Projections": [
                                  "CASE  WHEN ((#1 > 1)) THEN (\"error\"('More than one row returned by a subquery used as an expression - scalar subqueries can only return a single row.",
                                  "Use \"SET scalar_subquery_error_on_multiple_rows=false\" to revert to previous behavior of returning a random row.')) ELSE #0 END"
                                ],
                                "Estimated Cardinality": "1"
                              },
                              "cumulative_cardinality": 0,
                              "operator_type": "PROJECTION",
                              "operator_cardinality": 1,
                              "cumulative_rows_scanned": 0,
                              "operator_rows_scanned": 0,
                              "operator_timing": 2.694e-06,
                              "children": [
                                {
                                  "total_bytes_written": 0,
                                  "total_bytes_read": 0,
                                  "result_set_size": 16,
                                  "operator_name": "UNGROUPED_AGGREGATE",
                                  "cpu_time": 0.0,
                                  "extra_info": {
                                    "Aggregates": [
                                      "\"first\"(#0)",
                                      "count_star()"
                                    ]
                                  },
                                  "cumulative_cardinality": 0,
                                  "operator_type": "UNGROUPED_AGGREGATE",
                                  "operator_cardinality": 1,
                                  "cumulative_rows_scanned": 0,
                                  "operator_rows_scanned": 0,
                                  "operator_timing": 3.059e-06,
                                  "children": [
                                    {
                                      "total_bytes_written": 0,
                                      "total_bytes_read": 0,
                                      "result_set_size": 8,
                                      "operator_name": "PROJECTION",
                                      "cpu_time": 0.0,
                                      "extra_info": {
                                        "Projections": "#0",
                                        "Estimated Cardinality": "1"
                                      },
                                      "cumulative_cardinality": 0,
                                      "operator_type": "PROJECTION",
                                      "operator_cardinality": 1,
                                      "cumulative_rows_scanned": 0,
                                      "operator_rows_scanned": 0,
                                      "operator_timing": 1.97e-07,
                                      "children": [
                                        {
                                          "total_bytes_written": 0,
                                          "total_bytes_read": 0,
                                          "result_set_size": 8,
                                          "operator_name": "UNGROUPED_AGGREGATE",
                                          "cpu_time": 0.0,
                                          "extra_info": {
                                            "Aggregates": "avg(#0)"
                                          },
                                          "cumulative_cardinality": 0,
                                          "operator_type": "UNGROUPED_AGGREGATE",
                                          "operator_cardinality": 1,
                                          "cumulative_rows_scanned": 0,
                                          "operator_rows_scanned": 0,
                                          "operator_timing": 0.002333744,
                                          "children": [
                                            {
                                              "total_bytes_written": 0,
                                              "total_bytes_read": 0,
                                              "result_set_size": 2196216,
                                              "operator_name": "PROJECTION",
                                              "cpu_time": 0.0,
                                              "extra_info": {
                                                "Projections": "ss_net_profit",
                                                "Estimated Cardinality": "575621"
                                              },
                                              "cumulative_cardinality": 0,
                                              "operator_type": "PROJECTION",
                                              "operator_cardinality": 549054,
                                              "cumulative_rows_scanned": 0,
                                              "operator_rows_scanned": 0,
                                              "operator_timing": 0.00023274,
                                              "children": [
                                                {
                                                  "total_bytes_written": 0,
                                                  "total_bytes_read": 0,
                                                  "result_set_size": 2196216,
                                                  "operator_name": "SEQ_SCAN ",
                                                  "cpu_time": 0.0,
                                                  "extra_info": {
                                                    "Table": "store_sales",
                                                    "Type": "Sequential Scan",
                                                    "Projections": "ss_net_profit",
                                                    "Filters": "ss_quantity>=41 AND ss_quantity<=60",
                                                    "Estimated Cardinality": "575621"
                                                  },
                                                  "cumulative_cardinality": 0,
                                                  "operator_type": "TABLE_SCAN",
                                                  "operator_cardinality": 549054,
                                                  "cumulative_rows_scanned": 0,
                                                  "operator_rows_scanned": 34537284,
                                                  "operator_timing": 0.504188898,
                                                  "children": []
                                                }
                                              ]
                                            }
                                          ]
                                        }
                                      ]
                                    }
                                  ]
                                }
                              ]
                            }
                          ]
                        },
                        {
                          "total_bytes_written": 0,
                          "total_bytes_read": 0,
                          "result_set_size": 16,
                          "operator_name": "CROSS_PRODUCT",
                          "cpu_time": 0.0,
                          "extra_info": {},
                          "cumulative_cardinality": 0,
                          "operator_type": "CROSS_PRODUCT",
                          "operator_cardinality": 1,
                          "cumulative_rows_scanned": 0,
                          "operator_rows_scanned": 0,
                          "operator_timing": 6.9889999999999995e-06,
                          "children": [
                            {
                              "total_bytes_written": 0,
                              "total_bytes_read": 0,
                              "result_set_size": 8,
                              "operator_name": "PROJECTION",
                              "cpu_time": 0.0,
                              "extra_info": {
                                "Projections": [
                                  "CASE  WHEN ((#1 > 1)) THEN (\"error\"('More than one row returned by a subquery used as an expression - scalar subqueries can only return a single row.",
                                  "Use \"SET scalar_subquery_error_on_multiple_rows=false\" to revert to previous behavior of returning a random row.')) ELSE #0 END"
                                ],
                                "Estimated Cardinality": "1"
                              },
                              "cumulative_cardinality": 0,
                              "operator_type": "PROJECTION",
                              "operator_cardinality": 1,
                              "cumulative_rows_scanned": 0,
                              "operator_rows_scanned": 0,
                              "operator_timing": 1.425e-06,
                              "children": [
                                {
                                  "total_bytes_written": 0,
                                  "total_bytes_read": 0,
                                  "result_set_size": 16,
                                  "operator_name": "UNGROUPED_AGGREGATE",
                                  "cpu_time": 0.0,
                                  "extra_info": {
                                    "Aggregates": [
                                      "\"first\"(#0)",
                                      "count_star()"
                                    ]
                                  },
                                  "cumulative_cardinality": 0,
                                  "operator_type": "UNGROUPED_AGGREGATE",
                                  "operator_cardinality": 1,
                                  "cumulative_rows_scanned": 0,
                                  "operator_rows_scanned": 0,
                                  "operator_timing": 3.175e-06,
                                  "children": [
                                    {
                                      "total_bytes_written": 0,
                                      "total_bytes_read": 0,
                                      "result_set_size": 8,
                                      "operator_name": "PROJECTION",
                                      "cpu_time": 0.0,
                                      "extra_info": {
                                        "Projections": "#0",
                                        "Estimated Cardinality": "1"
                                      },
                                      "cumulative_cardinality": 0,
                                      "operator_type": "PROJECTION",
                                      "operator_cardinality": 1,
                                      "cumulative_rows_scanned": 0,
                                      "operator_rows_scanned": 0,
                                      "operator_timing": 4.1e-07,
                                      "children": [
                                        {
                                          "total_bytes_written": 0,
                                          "total_bytes_read": 0,
                                          "result_set_size": 8,
                                          "operator_name": "UNGROUPED_AGGREGATE",
                                          "cpu_time": 0.0,
                                          "extra_info": {
                                            "Aggregates": "avg(#0)"
                                          },
                                          "cumulative_cardinality": 0,
                                          "operator_type": "UNGROUPED_AGGREGATE",
                                          "operator_cardinality": 1,
                                          "cumulative_rows_scanned": 0,
                                          "operator_rows_scanned": 0,
                                          "operator_timing": 0.0024055170000000002,
                                          "children": [
                                            {
                                              "total_bytes_written": 0,
                                              "total_bytes_read": 0,
                                              "result_set_size": 2200992,
                                              "operator_name": "PROJECTION",
                                              "cpu_time": 0.0,
                                              "extra_info": {
                                                "Projections": "ss_net_profit",
                                                "Estimated Cardinality": "575621"
                                              },
                                              "cumulative_cardinality": 0,
                                              "operator_type": "PROJECTION",
                                              "operator_cardinality": 550248,
                                              "cumulative_rows_scanned": 0,
                                              "operator_rows_scanned": 0,
                                              "operator_timing": 0.0007258179999999998,
                                              "children": [
                                                {
                                                  "total_bytes_written": 0,
                                                  "total_bytes_read": 0,
                                                  "result_set_size": 2200992,
                                                  "operator_name": "SEQ_SCAN ",
                                                  "cpu_time": 0.0,
                                                  "extra_info": {
                                                    "Table": "store_sales",
                                                    "Type": "Sequential Scan",
                                                    "Projections": "ss_net_profit",
                                                    "Filters": "ss_quantity>=21 AND ss_quantity<=40",
                                                    "Estimated Cardinality": "575621"
                                                  },
                                                  "cumulative_cardinality": 0,
                                                  "operator_type": "TABLE_SCAN",
                                                  "operator_cardinality": 550248,
                                                  "cumulative_rows_scanned": 0,
                                                  "operator_rows_scanned": 34537284,
                                                  "operator_timing": 0.021230101,
                                                  "children": []
                                                }
                                              ]
                                            }
                                          ]
                                        }
                                      ]
                                    }
                                  ]
                                }
                              ]
                            },
                            {
                              "total_bytes_written": 0,
                              "total_bytes_read": 0,
                              "result_set_size": 8,
                              "operator_name": "PROJECTION",
                              "cpu_time": 0.0,
                              "extra_info": {
                                "Projections": [
                                  "CASE  WHEN ((#1 > 1)) THEN (\"error\"('More than one row returned by a subquery used as an expression - scalar subqueries can only return a single row.",
                                  "Use \"SET scalar_subquery_error_on_multiple_rows=false\" to revert to previous behavior of returning a random row.')) ELSE #0 END"
                                ],
                                "Estimated Cardinality": "1"
                              },
                              "cumulative_cardinality": 0,
                              "operator_type": "PROJECTION",
                              "operator_cardinality": 1,
                              "cumulative_rows_scanned": 0,
                              "operator_rows_scanned": 0,
                              "operator_timing": 1.372e-06,
                              "children": [
                                {
                                  "total_bytes_written": 0,
                                  "total_bytes_read": 0,
                                  "result_set_size": 16,
                                  "operator_name": "UNGROUPED_AGGREGATE",
                                  "cpu_time": 0.0,
                                  "extra_info": {
                                    "Aggregates": [
                                      "\"first\"(#0)",
                                      "count_star()"
                                    ]
                                  },
                                  "cumulative_cardinality": 0,
                                  "operator_type": "UNGROUPED_AGGREGATE",
                                  "operator_cardinality": 1,
                                  "cumulative_rows_scanned": 0,
                                  "operator_rows_scanned": 0,
                                  "operator_timing": 1.2462999999999999e-05,
                                  "children": [
                                    {
                                      "total_bytes_written": 0,
                                      "total_bytes_read": 0,
                                      "result_set_size": 8,
                                      "operator_name": "PROJECTION",
                                      "cpu_time": 0.0,
                                      "extra_info": {
                                        "Projections": "#0",
                                        "Estimated Cardinality": "1"
                                      },
                                      "cumulative_cardinality": 0,
                                      "operator_type": "PROJECTION",
                                      "operator_cardinality": 1,
                                      "cumulative_rows_scanned": 0,
                                      "operator_rows_scanned": 0,
                                      "operator_timing": 1.98e-07,
                                      "children": [
                                        {
                                          "total_bytes_written": 0,
                                          "total_bytes_read": 0,
                                          "result_set_size": 8,
                                          "operator_name": "UNGROUPED_AGGREGATE",
                                          "cpu_time": 0.0,
                                          "extra_info": {
                                            "Aggregates": "count_star()"
                                          },
                                          "cumulative_cardinality": 0,
                                          "operator_type": "UNGROUPED_AGGREGATE",
                                          "operator_cardinality": 1,
                                          "cumulative_rows_scanned": 0,
                                          "operator_rows_scanned": 0,
                                          "operator_timing": 0.0002061550000000001,
                                          "children": [
                                            {
                                              "total_bytes_written": 0,
                                              "total_bytes_read": 0,
                                              "result_set_size": 4392432,
                                              "operator_name": "SEQ_SCAN ",
                                              "cpu_time": 0.0,
                                              "extra_info": {
                                                "Table": "store_sales",
                                                "Type": "Sequential Scan",
                                                "Projections": "",
                                                "Filters": "ss_quantity>=41 AND ss_quantity<=60",
                                                "Estimated Cardinality": "575621"
                                              },
                                              "cumulative_cardinality": 0,
                                              "operator_type": "TABLE_SCAN",
                                              "operator_cardinality": 549054,
                                              "cumulative_rows_scanned": 0,
                                              "operator_rows_scanned": 34537284,
                                              "operator_timing": 0.015266601000000001,
                                              "children": []
                                            }
                                          ]
                                        }
                                      ]
                                    }
                                  ]
                                }
                              ]
                            }
                          ]
                        }
                      ]
                    }
                  ]
                }
              ]
            }
          ]
        }
      ]
    }
  ]
}

OPTIMIZATION_HINTS:
## Detected Optimization Opportunities

1. **QT-OPT-007** - Materialize Repeated Subquery
  Trigger: Same subquery pattern appears multiple times in query
  Rewrite: Extract to CTE with MATERIALIZED hint, reference by name
   Matched: Repeated subquery pattern


CONSTRAINTS:
IMPORTANT CONSTRAINTS:
1. DO NOT restructure the query - keep same CTEs, subqueries, JOINs
2. DO NOT add new WHERE conditions - only move existing filters earlier
3. DO NOT convert INTERSECT/UNION to JOINs
4. If unsure, return the original query unchanged

SAFE optimizations:
- Move a filter from outer query INTO a CTE (predicate pushdown)
- Pre-compute a subquery result in a CTE
- Add index hints or materialization hints


DB-SPECIFIC HINTS (duckdb):
- DuckDB benefits from explicit CTE materialization for repeated scans.
- DuckDB uses parallel hash joins effectively. Converting nested loops to hash joins helps.
- DuckDB's optimizer handles filter pushdown well, but explicit early filtering in CTEs still helps.

DSPY_DEMOS (DAG GOLD EXAMPLES):

--- Demo 1 ---
{
  "query_dag": "Nodes:\n  [filtered_dates] type=cte tables=[date_dim] FILTER\n  [filtered_catalog_sales] type=cte tables=[catalog_sales, customer, customer_address] UNION_ALL\n  [main_query] type=main refs=[filtered_catalog_sales] GROUP_BY\n\nEdges:\n  filtered_dates -> filtered_catalog_sales\n  filtered_catalog_sales -> main_query",
  "node_sql": "[main_query]:\nSELECT ca_zip, sum(cs_sales_price)\nFROM catalog_sales, customer, customer_address, date_dim\nWHERE cs_bill_customer_sk = c_customer_sk\n  AND c_current_addr_sk = ca_address_sk\n  AND (substr(ca_zip,1,5) IN ('85669', '86197', '88274', '83405', '86475', '85392', '85460', '80348', '81792')\n       OR ca_state IN ('CA','WA','GA')\n       OR cs_sales_price > 500)\n  AND cs_sold_date_sk = d_date_sk\n  AND d_qoy = 1 AND d_year = 2001\nGROUP BY ca_zip\nORDER BY ca_zip\nLIMIT 100",
  "execution_plan": "HASH_GROUP_BY[ca_zip] cost=35%\nHASH_JOIN[cs_bill_customer_sk=c_customer_sk] cost=25%\nHASH_JOIN[c_current_addr_sk=ca_address_sk] cost=15%\nSEQ_SCAN[catalog_sales] rows=143M\nSEQ_SCAN[date_dim] rows=365 filtered=91",
  "optimization_hints": "SQL-OR-001: OR on Different Columns\n  Trigger: OR condition across ca_zip, ca_state, cs_sales_price\n  Fix: Split into UNION ALL branches for parallel execution\n  Expected: 2-3x speedup",
  "rewrites": "{\n  \"filtered_dates\": \"SELECT d_date_sk FROM date_dim WHERE d_qoy = 1 AND d_year = 2001\",\n  \"filtered_catalog_sales\": \"SELECT cs_bill_customer_sk, cs_sales_price, ca_zip FROM catalog_sales INNER JOIN filtered_dates ON cs_sold_date_sk = d_date_sk INNER JOIN customer ON cs_bill_customer_sk = c_customer_sk INNER JOIN customer_address ON c_current_addr_sk = ca_address_sk WHERE substr(ca_zip,1,5) IN ('85669', '86197','88274','83405','86475', '85392', '85460', '80348', '81792') UNION ALL SELECT cs_bill_customer_sk, cs_sales_price, ca_zip FROM catalog_sales INNER JOIN filtered_dates ON cs_sold_date_sk = d_date_sk INNER JOIN customer ON cs_bill_customer_sk = c_customer_sk INNER JOIN customer_address ON c_current_addr_sk = ca_address_sk WHERE ca_state IN ('CA','WA','GA') UNION ALL SELECT cs_bill_customer_sk, cs_sales_price, ca_zip FROM catalog_sales INNER JOIN filtered_dates ON cs_sold_date_sk = d_date_sk INNER JOIN customer ON cs_bill_customer_sk = c_customer_sk INNER JOIN customer_address ON c_current_addr_sk = ca_address_sk WHERE cs_sales_price > 500\",\n  \"main_query\": \"SELECT ca_zip, SUM(cs_sales_price) AS total_sales FROM filtered_catalog_sales GROUP BY ca_zip ORDER BY ca_zip LIMIT 100\"\n}",
  "explanation": "1. Created filtered_dates CTE for early date filtering (d_qoy=1, d_year=2001) reducing to 91 rows.\n2. Split OR condition into three UNION ALL branches in filtered_catalog_sales for parallel execution.\n3. Each branch joins through filtered_dates first to reduce cardinality early.\n4. Main query just aggregates the pre-filtered results."
}

--- Demo 2 ---
{
  "query_dag": "Nodes:\n  [inv] type=cte tables=[inventory, item, warehouse, date_dim] GROUP_BY FILTER\n  [main_query] type=main refs=[inv] SELF_JOIN\n\nEdges:\n  inv -> main_query",
  "node_sql": "[inv]:\nSELECT w_warehouse_name, w_warehouse_sk, i_item_sk, d_moy,\n       stdev, mean, CASE mean WHEN 0 THEN NULL ELSE stdev/mean END cov\nFROM (SELECT w_warehouse_name, w_warehouse_sk, i_item_sk, d_moy,\n             stddev_samp(inv_quantity_on_hand) stdev, avg(inv_quantity_on_hand) mean\n      FROM inventory, item, warehouse, date_dim\n      WHERE inv_item_sk = i_item_sk AND inv_warehouse_sk = w_warehouse_sk\n        AND inv_date_sk = d_date_sk AND d_year = 1998\n      GROUP BY w_warehouse_name, w_warehouse_sk, i_item_sk, d_moy) foo\nWHERE CASE mean WHEN 0 THEN 0 ELSE stdev/mean END > 1\n\n[main_query]:\nSELECT inv1.w_warehouse_sk, inv1.i_item_sk, inv1.d_moy, inv1.mean, inv1.cov,\n       inv2.w_warehouse_sk, inv2.i_item_sk, inv2.d_moy, inv2.mean, inv2.cov\nFROM inv inv1, inv inv2\nWHERE inv1.i_item_sk = inv2.i_item_sk AND inv1.w_warehouse_sk = inv2.w_warehouse_sk\n  AND inv1.d_moy = 1 AND inv2.d_moy = 1+1\nORDER BY inv1.w_warehouse_sk, inv1.i_item_sk, inv1.d_moy, inv1.mean, inv1.cov, inv2.d_moy, inv2.mean, inv2.cov",
  "execution_plan": "HASH_GROUP_BY[warehouse,item,d_moy] cost=60.6%\nHASH_JOIN[inv_item_sk=i_item_sk] cost=15%\nSEQ_SCAN[inventory] rows=400M\nSEQ_SCAN[date_dim] rows=365",
  "optimization_hints": "SQL-FILTER-001: Late Filter Pushdown\n  Trigger: CTE groups all 12 months but main query only uses months 1,2\n  Fix: Push d_moy IN (1,2) into CTE before GROUP BY\n  Expected: 2x+ speedup by reducing rows before aggregation",
  "rewrites": "{\n  \"inv\": \"SELECT w_warehouse_name, w_warehouse_sk, i_item_sk, d_moy, stdev, mean, CASE mean WHEN 0 THEN NULL ELSE stdev/mean END AS cov FROM (SELECT w_warehouse_name, w_warehouse_sk, i_item_sk, d_moy, STDDEV_SAMP(inv_quantity_on_hand) AS stdev, AVG(inv_quantity_on_hand) AS mean FROM inventory JOIN item ON inv_item_sk = i_item_sk JOIN warehouse ON inv_warehouse_sk = w_warehouse_sk JOIN date_dim ON inv_date_sk = d_date_sk WHERE d_year = 1998 AND d_moy IN (1, 2) GROUP BY w_warehouse_name, w_warehouse_sk, i_item_sk, d_moy) foo WHERE mean != 0 AND stdev/mean > 1\",\n  \"main_query\": \"SELECT inv1.w_warehouse_sk, inv1.i_item_sk, inv1.d_moy, inv1.mean, inv1.cov, inv2.w_warehouse_sk, inv2.i_item_sk, inv2.d_moy, inv2.mean, inv2.cov FROM inv inv1 JOIN inv inv2 ON inv1.i_item_sk = inv2.i_item_sk AND inv1.w_warehouse_sk = inv2.w_warehouse_sk WHERE inv1.d_moy = 1 AND inv2.d_moy = 2 ORDER BY inv1.w_warehouse_sk, inv1.i_item_sk, inv1.d_moy, inv1.mean, inv1.cov, inv2.d_moy, inv2.mean, inv2.cov\"\n}",
  "explanation": "1. Pushed d_moy IN (1, 2) filter into CTE - original grouped all 12 months but only used 2.\n2. Simplified CASE to mean != 0 AND stdev/mean > 1 for efficiency.\n3. Used explicit JOIN syntax for better optimizer understanding.\n4. Replaced 1+1 with literal 2."
}

--- Demo 3 ---
{
  "query_dag": "Nodes:\n  [frequent_ss_items] type=cte tables=[store_sales, date_dim, item] GROUP_BY HAVING\n  [max_store_sales] type=cte tables=[store_sales, customer, date_dim] AGG\n  [best_ss_customer] type=cte tables=[store_sales, customer] GROUP_BY HAVING\n  [main_query] type=main tables=[catalog_sales, web_sales, customer, date_dim] UNION_ALL IN_SUBQUERY\n\nEdges:\n  frequent_ss_items -> main_query\n  max_store_sales -> best_ss_customer\n  best_ss_customer -> main_query",
  "node_sql": "[frequent_ss_items]:\nSELECT substr(i_item_desc,1,30) itemdesc, i_item_sk item_sk, d_date solddate, count(*) cnt\nFROM store_sales, date_dim, item\nWHERE ss_sold_date_sk = d_date_sk AND ss_item_sk = i_item_sk AND d_year IN (2000,2001,2002,2003)\nGROUP BY substr(i_item_desc,1,30), i_item_sk, d_date\nHAVING count(*) > 4\n\n[main_query]:\nSELECT c_last_name, c_first_name, sales FROM (\n  SELECT c_last_name, c_first_name, sum(cs_quantity*cs_list_price) sales\n  FROM catalog_sales, customer, date_dim\n  WHERE d_year = 2000 AND d_moy = 5 AND cs_sold_date_sk = d_date_sk\n    AND cs_item_sk IN (SELECT item_sk FROM frequent_ss_items)\n    AND cs_bill_customer_sk IN (SELECT c_customer_sk FROM best_ss_customer)\n    AND cs_bill_customer_sk = c_customer_sk\n  GROUP BY c_last_name, c_first_name\n  UNION ALL\n  SELECT c_last_name, c_first_name, sum(ws_quantity*ws_list_price) sales\n  FROM web_sales, customer, date_dim\n  WHERE d_year = 2000 AND d_moy = 5 AND ws_sold_date_sk = d_date_sk\n    AND ws_item_sk IN (SELECT item_sk FROM frequent_ss_items)\n    AND ws_bill_customer_sk IN (SELECT c_customer_sk FROM best_ss_customer)\n    AND ws_bill_customer_sk = c_customer_sk\n  GROUP BY c_last_name, c_first_name\n) ORDER BY c_last_name, c_first_name, sales LIMIT 100",
  "execution_plan": "HASH_GROUP_BY[c_customer_sk] cost=40%\nHASH_JOIN[ss_customer_sk=c_customer_sk] cost=20%\nSEQ_SCAN[store_sales] rows=287M\nSEQ_SCAN[catalog_sales] rows=143M",
  "optimization_hints": "SQL-IN-001: IN to EXISTS Conversion\n  Trigger: IN subquery on large result sets\n  Fix: Convert to EXISTS for early termination\n  Expected: 1.5-2x speedup",
  "rewrites": "{\n  \"frequent_ss_items\": \"SELECT substr(i_item_desc, 1, 30) AS itemdesc, i_item_sk AS item_sk, d_date AS solddate, COUNT(*) AS cnt FROM store_sales JOIN date_dim ON ss_sold_date_sk = d_date_sk JOIN item ON ss_item_sk = i_item_sk WHERE d_year BETWEEN 2000 AND 2003 GROUP BY substr(i_item_desc, 1, 30), i_item_sk, d_date HAVING COUNT(*) > 4\",\n  \"main_query\": \"SELECT c_last_name, c_first_name, sales FROM (SELECT c_last_name, c_first_name, SUM(cs_quantity * cs_list_price) AS sales FROM catalog_sales JOIN date_dim ON cs_sold_date_sk = d_date_sk JOIN customer ON cs_bill_customer_sk = c_customer_sk WHERE d_year = 2000 AND d_moy = 5 AND EXISTS (SELECT 1 FROM frequent_ss_items f WHERE f.item_sk = cs_item_sk) AND EXISTS (SELECT 1 FROM best_ss_customer b WHERE b.c_customer_sk = cs_bill_customer_sk) GROUP BY c_last_name, c_first_name UNION ALL SELECT c_last_name, c_first_name, SUM(ws_quantity * ws_list_price) AS sales FROM web_sales JOIN date_dim ON ws_sold_date_sk = d_date_sk JOIN customer ON ws_bill_customer_sk = c_customer_sk WHERE d_year = 2000 AND d_moy = 5 AND EXISTS (SELECT 1 FROM frequent_ss_items f WHERE f.item_sk = ws_item_sk) AND EXISTS (SELECT 1 FROM best_ss_customer b WHERE b.c_customer_sk = ws_bill_customer_sk) GROUP BY c_last_name, c_first_name) ORDER BY c_last_name, c_first_name, sales LIMIT 100\"\n}",
  "explanation": "1. Converted IN subqueries to EXISTS - stops searching after first match.\n2. Used explicit JOIN syntax for better optimizer understanding.\n3. Changed d_year IN (2000,2001,2002,2003) to BETWEEN 2000 AND 2003.\n4. Each EXISTS check terminates early rather than materializing full subquery result."
}
