{
  "benchmark": "dsb",
  "query_id": "query054",
  "source_sql": "research/ado/queries_dsb_sf10_duckdb/multi_block_queries/query054.sql",
  "database": "/mnt/d/TPC-DS/dsb_sf10.duckdb",
  "statement_count": 1,
  "client_elapsed_ms": 28.00667799965595,
  "execution_time_ms": 0.0,
  "plan_json": {
    "total_bytes_written": 0,
    "total_bytes_read": 0,
    "rows_returned": 0,
    "latency": 0.0,
    "result_set_size": 0,
    "query_name": "",
    "blocked_thread_time": 0.0,
    "system_peak_buffer_memory": 0,
    "system_peak_temp_dir_size": 0,
    "cpu_time": 0.0,
    "extra_info": {},
    "cumulative_cardinality": 0,
    "cumulative_rows_scanned": 0,
    "children": [
      {
        "total_bytes_written": 0,
        "total_bytes_read": 0,
        "result_set_size": 0,
        "operator_name": "EXPLAIN_ANALYZE",
        "cpu_time": 0.0,
        "extra_info": {},
        "cumulative_cardinality": 0,
        "operator_type": "EXPLAIN_ANALYZE",
        "operator_cardinality": 0,
        "cumulative_rows_scanned": 0,
        "operator_rows_scanned": 0,
        "operator_timing": 0.0,
        "children": [
          {
            "total_bytes_written": 0,
            "total_bytes_read": 0,
            "result_set_size": 0,
            "operator_name": "TOP_N",
            "cpu_time": 0.0,
            "extra_info": {
              "Top": "100",
              "Order By": [
                "segments.segment ASC",
                "count_star() ASC"
              ]
            },
            "cumulative_cardinality": 0,
            "operator_type": "TOP_N",
            "operator_cardinality": 0,
            "cumulative_rows_scanned": 0,
            "operator_rows_scanned": 0,
            "operator_timing": 6.76e-07,
            "children": [
              {
                "total_bytes_written": 0,
                "total_bytes_read": 0,
                "result_set_size": 0,
                "operator_name": "PROJECTION",
                "cpu_time": 0.0,
                "extra_info": {
                  "Projections": [
                    "segment",
                    "num_customers",
                    "segment_base"
                  ],
                  "Estimated Cardinality": "0"
                },
                "cumulative_cardinality": 0,
                "operator_type": "PROJECTION",
                "operator_cardinality": 0,
                "cumulative_rows_scanned": 0,
                "operator_rows_scanned": 0,
                "operator_timing": 0.0,
                "children": [
                  {
                    "total_bytes_written": 0,
                    "total_bytes_read": 0,
                    "result_set_size": 0,
                    "operator_name": "HASH_GROUP_BY",
                    "cpu_time": 0.0,
                    "extra_info": {
                      "Groups": "#0",
                      "Aggregates": "count_star()",
                      "Estimated Cardinality": "0"
                    },
                    "cumulative_cardinality": 0,
                    "operator_type": "HASH_GROUP_BY",
                    "operator_cardinality": 0,
                    "cumulative_rows_scanned": 0,
                    "operator_rows_scanned": 0,
                    "operator_timing": 1.083e-06,
                    "children": [
                      {
                        "total_bytes_written": 0,
                        "total_bytes_read": 0,
                        "result_set_size": 0,
                        "operator_name": "PROJECTION",
                        "cpu_time": 0.0,
                        "extra_info": {
                          "Projections": "segment",
                          "Estimated Cardinality": "0"
                        },
                        "cumulative_cardinality": 0,
                        "operator_type": "PROJECTION",
                        "operator_cardinality": 0,
                        "cumulative_rows_scanned": 0,
                        "operator_rows_scanned": 0,
                        "operator_timing": 0.0,
                        "children": [
                          {
                            "total_bytes_written": 0,
                            "total_bytes_read": 0,
                            "result_set_size": 0,
                            "operator_name": "PROJECTION",
                            "cpu_time": 0.0,
                            "extra_info": {
                              "Projections": "segment",
                              "Estimated Cardinality": "0"
                            },
                            "cumulative_cardinality": 0,
                            "operator_type": "PROJECTION",
                            "operator_cardinality": 0,
                            "cumulative_rows_scanned": 0,
                            "operator_rows_scanned": 0,
                            "operator_timing": 0.0,
                            "children": [
                              {
                                "total_bytes_written": 0,
                                "total_bytes_read": 0,
                                "result_set_size": 0,
                                "operator_name": "PROJECTION",
                                "cpu_time": 0.0,
                                "extra_info": {
                                  "Projections": "revenue",
                                  "Estimated Cardinality": "0"
                                },
                                "cumulative_cardinality": 0,
                                "operator_type": "PROJECTION",
                                "operator_cardinality": 0,
                                "cumulative_rows_scanned": 0,
                                "operator_rows_scanned": 0,
                                "operator_timing": 0.0,
                                "children": [
                                  {
                                    "total_bytes_written": 0,
                                    "total_bytes_read": 0,
                                    "result_set_size": 0,
                                    "operator_name": "PROJECTION",
                                    "cpu_time": 0.0,
                                    "extra_info": {
                                      "Projections": [
                                        "__internal_decompress_integral_bigint(#0, 1)",
                                        "#1"
                                      ],
                                      "Estimated Cardinality": "0"
                                    },
                                    "cumulative_cardinality": 0,
                                    "operator_type": "PROJECTION",
                                    "operator_cardinality": 0,
                                    "cumulative_rows_scanned": 0,
                                    "operator_rows_scanned": 0,
                                    "operator_timing": 0.0,
                                    "children": [
                                      {
                                        "total_bytes_written": 0,
                                        "total_bytes_read": 0,
                                        "result_set_size": 0,
                                        "operator_name": "HASH_GROUP_BY",
                                        "cpu_time": 0.0,
                                        "extra_info": {
                                          "Groups": "#0",
                                          "Aggregates": "sum(#1)",
                                          "Estimated Cardinality": "0"
                                        },
                                        "cumulative_cardinality": 0,
                                        "operator_type": "HASH_GROUP_BY",
                                        "operator_cardinality": 0,
                                        "cumulative_rows_scanned": 0,
                                        "operator_rows_scanned": 0,
                                        "operator_timing": 8.27e-07,
                                        "children": [
                                          {
                                            "total_bytes_written": 0,
                                            "total_bytes_read": 0,
                                            "result_set_size": 0,
                                            "operator_name": "PROJECTION",
                                            "cpu_time": 0.0,
                                            "extra_info": {
                                              "Projections": [
                                                "c_customer_sk",
                                                "ss_ext_sales_price"
                                              ],
                                              "Estimated Cardinality": "0"
                                            },
                                            "cumulative_cardinality": 0,
                                            "operator_type": "PROJECTION",
                                            "operator_cardinality": 0,
                                            "cumulative_rows_scanned": 0,
                                            "operator_rows_scanned": 0,
                                            "operator_timing": 0.0,
                                            "children": [
                                              {
                                                "total_bytes_written": 0,
                                                "total_bytes_read": 0,
                                                "result_set_size": 0,
                                                "operator_name": "PROJECTION",
                                                "cpu_time": 0.0,
                                                "extra_info": {
                                                  "Projections": [
                                                    "#0",
                                                    "__internal_compress_integral_usmallint(#1, 2450816)",
                                                    "__internal_compress_integral_usmallint(#2, 0)",
                                                    "__internal_compress_integral_usmallint(#3, 2450816)",
                                                    "__internal_compress_integral_uinteger(#4, 1)",
                                                    "#5",
                                                    "__internal_compress_integral_uinteger(#6, 1)",
                                                    "#7",
                                                    "__internal_compress_string_uinteger(#8)",
                                                    "__internal_compress_integral_uinteger(#9, 1)",
                                                    "__internal_compress_integral_uinteger(#10, 1)",
                                                    "#11",
                                                    "__internal_compress_string_uinteger(#12)",
                                                    "#13"
                                                  ],
                                                  "Estimated Cardinality": "0"
                                                },
                                                "cumulative_cardinality": 0,
                                                "operator_type": "PROJECTION",
                                                "operator_cardinality": 0,
                                                "cumulative_rows_scanned": 0,
                                                "operator_rows_scanned": 0,
                                                "operator_timing": 0.0,
                                                "children": [
                                                  {
                                                    "total_bytes_written": 0,
                                                    "total_bytes_read": 0,
                                                    "result_set_size": 0,
                                                    "operator_name": "NESTED_LOOP_JOIN",
                                                    "cpu_time": 0.0,
                                                    "extra_info": {
                                                      "Join Type": "INNER",
                                                      "Conditions": "SUBQUERY >= d_month_seq",
                                                      "Estimated Cardinality": "0"
                                                    },
                                                    "cumulative_cardinality": 0,
                                                    "operator_type": "NESTED_LOOP_JOIN",
                                                    "operator_cardinality": 0,
                                                    "cumulative_rows_scanned": 0,
                                                    "operator_rows_scanned": 0,
                                                    "operator_timing": 1.0769e-05,
                                                    "children": [
                                                      {
                                                        "total_bytes_written": 0,
                                                        "total_bytes_read": 0,
                                                        "result_set_size": 8,
                                                        "operator_name": "PROJECTION",
                                                        "cpu_time": 0.0,
                                                        "extra_info": {
                                                          "Projections": [
                                                            "CASE  WHEN ((#1 > 1)) THEN (\"error\"('More than one row returned by a subquery used as an expression - scalar subqueries can only return a single row.",
                                                            "Use \"SET scalar_subquery_error_on_multiple_rows=false\" to revert to previous behavior of returning a random row.')) ELSE #0 END"
                                                          ],
                                                          "Estimated Cardinality": "1"
                                                        },
                                                        "cumulative_cardinality": 0,
                                                        "operator_type": "PROJECTION",
                                                        "operator_cardinality": 1,
                                                        "cumulative_rows_scanned": 0,
                                                        "operator_rows_scanned": 0,
                                                        "operator_timing": 2.931e-06,
                                                        "children": [
                                                          {
                                                            "total_bytes_written": 0,
                                                            "total_bytes_read": 0,
                                                            "result_set_size": 16,
                                                            "operator_name": "UNGROUPED_AGGREGATE",
                                                            "cpu_time": 0.0,
                                                            "extra_info": {
                                                              "Aggregates": [
                                                                "\"first\"(#0)",
                                                                "count_star()"
                                                              ]
                                                            },
                                                            "cumulative_cardinality": 0,
                                                            "operator_type": "UNGROUPED_AGGREGATE",
                                                            "operator_cardinality": 1,
                                                            "cumulative_rows_scanned": 0,
                                                            "operator_rows_scanned": 0,
                                                            "operator_timing": 3.9569999999999996e-06,
                                                            "children": [
                                                              {
                                                                "total_bytes_written": 0,
                                                                "total_bytes_read": 0,
                                                                "result_set_size": 8,
                                                                "operator_name": "PROJECTION",
                                                                "cpu_time": 0.0,
                                                                "extra_info": {
                                                                  "Projections": "#0",
                                                                  "Estimated Cardinality": "585"
                                                                },
                                                                "cumulative_cardinality": 0,
                                                                "operator_type": "PROJECTION",
                                                                "operator_cardinality": 1,
                                                                "cumulative_rows_scanned": 0,
                                                                "operator_rows_scanned": 0,
                                                                "operator_timing": 2.87e-07,
                                                                "children": [
                                                                  {
                                                                    "total_bytes_written": 0,
                                                                    "total_bytes_read": 0,
                                                                    "result_set_size": 8,
                                                                    "operator_name": "PROJECTION",
                                                                    "cpu_time": 0.0,
                                                                    "extra_info": {
                                                                      "Projections": "__internal_decompress_integral_bigint(#0, 3)",
                                                                      "Estimated Cardinality": "585"
                                                                    },
                                                                    "cumulative_cardinality": 0,
                                                                    "operator_type": "PROJECTION",
                                                                    "operator_cardinality": 1,
                                                                    "cumulative_rows_scanned": 0,
                                                                    "operator_rows_scanned": 0,
                                                                    "operator_timing": 1.854e-06,
                                                                    "children": [
                                                                      {
                                                                        "total_bytes_written": 0,
                                                                        "total_bytes_read": 0,
                                                                        "result_set_size": 2,
                                                                        "operator_name": "HASH_GROUP_BY",
                                                                        "cpu_time": 0.0,
                                                                        "extra_info": {
                                                                          "Groups": "#0",
                                                                          "Aggregates": "",
                                                                          "Estimated Cardinality": "585"
                                                                        },
                                                                        "cumulative_cardinality": 0,
                                                                        "operator_type": "HASH_GROUP_BY",
                                                                        "operator_cardinality": 1,
                                                                        "cumulative_rows_scanned": 0,
                                                                        "operator_rows_scanned": 0,
                                                                        "operator_timing": 0.000380156,
                                                                        "children": [
                                                                          {
                                                                            "total_bytes_written": 0,
                                                                            "total_bytes_read": 0,
                                                                            "result_set_size": 62,
                                                                            "operator_name": "PROJECTION",
                                                                            "cpu_time": 0.0,
                                                                            "extra_info": {
                                                                              "Projections": "(d_month_seq + 3)",
                                                                              "Estimated Cardinality": "585"
                                                                            },
                                                                            "cumulative_cardinality": 0,
                                                                            "operator_type": "PROJECTION",
                                                                            "operator_cardinality": 31,
                                                                            "cumulative_rows_scanned": 0,
                                                                            "operator_rows_scanned": 0,
                                                                            "operator_timing": 2.34e-07,
                                                                            "children": [
                                                                              {
                                                                                "total_bytes_written": 0,
                                                                                "total_bytes_read": 0,
                                                                                "result_set_size": 62,
                                                                                "operator_name": "PROJECTION",
                                                                                "cpu_time": 0.0,
                                                                                "extra_info": {
                                                                                  "Projections": "__internal_compress_integral_usmallint(#0, 3)",
                                                                                  "Estimated Cardinality": "585"
                                                                                },
                                                                                "cumulative_cardinality": 0,
                                                                                "operator_type": "PROJECTION",
                                                                                "operator_cardinality": 31,
                                                                                "cumulative_rows_scanned": 0,
                                                                                "operator_rows_scanned": 0,
                                                                                "operator_timing": 1.049e-06,
                                                                                "children": [
                                                                                  {
                                                                                    "total_bytes_written": 0,
                                                                                    "total_bytes_read": 0,
                                                                                    "result_set_size": 248,
                                                                                    "operator_name": "PROJECTION",
                                                                                    "cpu_time": 0.0,
                                                                                    "extra_info": {
                                                                                      "Projections": "(d_month_seq + 3)",
                                                                                      "Estimated Cardinality": "585"
                                                                                    },
                                                                                    "cumulative_cardinality": 0,
                                                                                    "operator_type": "PROJECTION",
                                                                                    "operator_cardinality": 31,
                                                                                    "cumulative_rows_scanned": 0,
                                                                                    "operator_rows_scanned": 0,
                                                                                    "operator_timing": 2.026e-06,
                                                                                    "children": [
                                                                                      {
                                                                                        "total_bytes_written": 0,
                                                                                        "total_bytes_read": 0,
                                                                                        "result_set_size": 248,
                                                                                        "operator_name": "SEQ_SCAN ",
                                                                                        "cpu_time": 0.0,
                                                                                        "extra_info": {
                                                                                          "Table": "date_dim",
                                                                                          "Type": "Sequential Scan",
                                                                                          "Projections": "d_month_seq",
                                                                                          "Filters": [
                                                                                            "d_year=1999",
                                                                                            "d_moy=7"
                                                                                          ],
                                                                                          "Estimated Cardinality": "585"
                                                                                        },
                                                                                        "cumulative_cardinality": 0,
                                                                                        "operator_type": "TABLE_SCAN",
                                                                                        "operator_cardinality": 31,
                                                                                        "cumulative_rows_scanned": 0,
                                                                                        "operator_rows_scanned": 73049,
                                                                                        "operator_timing": 5.9514e-05,
                                                                                        "children": []
                                                                                      }
                                                                                    ]
                                                                                  }
                                                                                ]
                                                                              }
                                                                            ]
                                                                          }
                                                                        ]
                                                                      }
                                                                    ]
                                                                  }
                                                                ]
                                                              }
                                                            ]
                                                          }
                                                        ]
                                                      },
                                                      {
                                                        "total_bytes_written": 0,
                                                        "total_bytes_read": 0,
                                                        "result_set_size": 0,
                                                        "operator_name": "NESTED_LOOP_JOIN",
                                                        "cpu_time": 0.0,
                                                        "extra_info": {
                                                          "Join Type": "INNER",
                                                          "Conditions": "d_month_seq >= SUBQUERY",
                                                          "Estimated Cardinality": "0"
                                                        },
                                                        "cumulative_cardinality": 0,
                                                        "operator_type": "NESTED_LOOP_JOIN",
                                                        "operator_cardinality": 0,
                                                        "cumulative_rows_scanned": 0,
                                                        "operator_rows_scanned": 0,
                                                        "operator_timing": 1.5661e-05,
                                                        "children": [
                                                          {
                                                            "total_bytes_written": 0,
                                                            "total_bytes_read": 0,
                                                            "result_set_size": 0,
                                                            "operator_name": "HASH_JOIN",
                                                            "cpu_time": 0.0,
                                                            "extra_info": {
                                                              "Join Type": "INNER",
                                                              "Conditions": "d_date_sk = ss_sold_date_sk",
                                                              "Estimated Cardinality": "6"
                                                            },
                                                            "cumulative_cardinality": 0,
                                                            "operator_type": "HASH_JOIN",
                                                            "operator_cardinality": 0,
                                                            "cumulative_rows_scanned": 0,
                                                            "operator_rows_scanned": 0,
                                                            "operator_timing": 1.1976999999999999e-05,
                                                            "children": [
                                                              {
                                                                "total_bytes_written": 0,
                                                                "total_bytes_read": 0,
                                                                "result_set_size": 7904,
                                                                "operator_name": "SEQ_SCAN ",
                                                                "cpu_time": 0.0,
                                                                "extra_info": {
                                                                  "Table": "date_dim",
                                                                  "Type": "Sequential Scan",
                                                                  "Projections": [
                                                                    "d_date_sk",
                                                                    "d_month_seq"
                                                                  ],
                                                                  "Filters": "d_date_sk>=2450816 AND d_date_sk<=2452642",
                                                                  "Estimated Cardinality": "73049"
                                                                },
                                                                "cumulative_cardinality": 0,
                                                                "operator_type": "TABLE_SCAN",
                                                                "operator_cardinality": 494,
                                                                "cumulative_rows_scanned": 0,
                                                                "operator_rows_scanned": 73049,
                                                                "operator_timing": 5.6353e-05,
                                                                "children": []
                                                              },
                                                              {
                                                                "total_bytes_written": 0,
                                                                "total_bytes_read": 0,
                                                                "result_set_size": 0,
                                                                "operator_name": "HASH_JOIN",
                                                                "cpu_time": 0.0,
                                                                "extra_info": {
                                                                  "Join Type": "INNER",
                                                                  "Conditions": "ss_customer_sk = c_customer_sk",
                                                                  "Estimated Cardinality": "6"
                                                                },
                                                                "cumulative_cardinality": 0,
                                                                "operator_type": "HASH_JOIN",
                                                                "operator_cardinality": 0,
                                                                "cumulative_rows_scanned": 0,
                                                                "operator_rows_scanned": 0,
                                                                "operator_timing": 0.00016389100000000002,
                                                                "children": [
                                                                  {
                                                                    "total_bytes_written": 0,
                                                                    "total_bytes_read": 0,
                                                                    "result_set_size": 143340,
                                                                    "operator_name": "SEQ_SCAN ",
                                                                    "cpu_time": 0.0,
                                                                    "extra_info": {
                                                                      "Table": "store_sales",
                                                                      "Type": "Sequential Scan",
                                                                      "Projections": [
                                                                        "ss_sold_date_sk",
                                                                        "ss_customer_sk",
                                                                        "ss_ext_sales_price"
                                                                      ],
                                                                      "Filters": "ss_wholesale_cost>=44.00 AND ss_wholesale_cost<=74.00",
                                                                      "Estimated Cardinality": "5760198"
                                                                    },
                                                                    "cumulative_cardinality": 0,
                                                                    "operator_type": "TABLE_SCAN",
                                                                    "operator_cardinality": 7167,
                                                                    "cumulative_rows_scanned": 0,
                                                                    "operator_rows_scanned": 345611892,
                                                                    "operator_timing": 0.00038601300000000005,
                                                                    "children": []
                                                                  },
                                                                  {
                                                                    "total_bytes_written": 0,
                                                                    "total_bytes_read": 0,
                                                                    "result_set_size": 0,
                                                                    "operator_name": "HASH_JOIN",
                                                                    "cpu_time": 0.0,
                                                                    "extra_info": {
                                                                      "Join Type": "INNER",
                                                                      "Conditions": [
                                                                        "ca_county = s_county",
                                                                        "ca_state = s_state"
                                                                      ],
                                                                      "Estimated Cardinality": "0"
                                                                    },
                                                                    "cumulative_cardinality": 0,
                                                                    "operator_type": "HASH_JOIN",
                                                                    "operator_cardinality": 0,
                                                                    "cumulative_rows_scanned": 0,
                                                                    "operator_rows_scanned": 0,
                                                                    "operator_timing": 2.249e-06,
                                                                    "children": [
                                                                      {
                                                                        "total_bytes_written": 0,
                                                                        "total_bytes_read": 0,
                                                                        "result_set_size": 0,
                                                                        "operator_name": "HASH_JOIN",
                                                                        "cpu_time": 0.0,
                                                                        "extra_info": {
                                                                          "Join Type": "INNER",
                                                                          "Conditions": "ca_address_sk = c_current_addr_sk",
                                                                          "Estimated Cardinality": "78"
                                                                        },
                                                                        "cumulative_cardinality": 0,
                                                                        "operator_type": "HASH_JOIN",
                                                                        "operator_cardinality": 0,
                                                                        "cumulative_rows_scanned": 0,
                                                                        "operator_rows_scanned": 0,
                                                                        "operator_timing": 0.0008822510000000001,
                                                                        "children": [
                                                                          {
                                                                            "total_bytes_written": 0,
                                                                            "total_bytes_read": 0,
                                                                            "result_set_size": 9864640,
                                                                            "operator_name": "SEQ_SCAN ",
                                                                            "cpu_time": 0.0,
                                                                            "extra_info": {
                                                                              "Table": "customer_address",
                                                                              "Type": "Sequential Scan",
                                                                              "Projections": [
                                                                                "ca_address_sk",
                                                                                "ca_county",
                                                                                "ca_state"
                                                                              ],
                                                                              "Estimated Cardinality": "250000"
                                                                            },
                                                                            "cumulative_cardinality": 0,
                                                                            "operator_type": "TABLE_SCAN",
                                                                            "operator_cardinality": 246616,
                                                                            "cumulative_rows_scanned": 0,
                                                                            "operator_rows_scanned": 750000,
                                                                            "operator_timing": 0.005116591,
                                                                            "children": []
                                                                          },
                                                                          {
                                                                            "total_bytes_written": 0,
                                                                            "total_bytes_read": 0,
                                                                            "result_set_size": 4480,
                                                                            "operator_name": "PROJECTION",
                                                                            "cpu_time": 0.0,
                                                                            "extra_info": {
                                                                              "Projections": [
                                                                                "__internal_decompress_integral_bigint(#0, 1)",
                                                                                "__internal_decompress_integral_bigint(#1, 1)"
                                                                              ],
                                                                              "Estimated Cardinality": "69"
                                                                            },
                                                                            "cumulative_cardinality": 0,
                                                                            "operator_type": "PROJECTION",
                                                                            "operator_cardinality": 280,
                                                                            "cumulative_rows_scanned": 0,
                                                                            "operator_rows_scanned": 0,
                                                                            "operator_timing": 3.3707999999999996e-05,
                                                                            "children": [
                                                                              {
                                                                                "total_bytes_written": 0,
                                                                                "total_bytes_read": 0,
                                                                                "result_set_size": 2240,
                                                                                "operator_name": "HASH_GROUP_BY",
                                                                                "cpu_time": 0.0,
                                                                                "extra_info": {
                                                                                  "Groups": [
                                                                                    "#0",
                                                                                    "#1"
                                                                                  ],
                                                                                  "Aggregates": "",
                                                                                  "Estimated Cardinality": "69"
                                                                                },
                                                                                "cumulative_cardinality": 0,
                                                                                "operator_type": "HASH_GROUP_BY",
                                                                                "operator_cardinality": 280,
                                                                                "cumulative_rows_scanned": 0,
                                                                                "operator_rows_scanned": 0,
                                                                                "operator_timing": 0.0016911759999999997,
                                                                                "children": [
                                                                                  {
                                                                                    "total_bytes_written": 0,
                                                                                    "total_bytes_read": 0,
                                                                                    "result_set_size": 2368,
                                                                                    "operator_name": "PROJECTION",
                                                                                    "cpu_time": 0.0,
                                                                                    "extra_info": {
                                                                                      "Projections": [
                                                                                        "c_customer_sk",
                                                                                        "c_current_addr_sk"
                                                                                      ],
                                                                                      "Estimated Cardinality": "69"
                                                                                    },
                                                                                    "cumulative_cardinality": 0,
                                                                                    "operator_type": "PROJECTION",
                                                                                    "operator_cardinality": 296,
                                                                                    "cumulative_rows_scanned": 0,
                                                                                    "operator_rows_scanned": 0,
                                                                                    "operator_timing": 1.632e-06,
                                                                                    "children": [
                                                                                      {
                                                                                        "total_bytes_written": 0,
                                                                                        "total_bytes_read": 0,
                                                                                        "result_set_size": 2368,
                                                                                        "operator_name": "PROJECTION",
                                                                                        "cpu_time": 0.0,
                                                                                        "extra_info": {
                                                                                          "Projections": [
                                                                                            "__internal_compress_integral_uinteger(#0, 1)",
                                                                                            "__internal_compress_integral_uinteger(#1, 1)"
                                                                                          ],
                                                                                          "Estimated Cardinality": "69"
                                                                                        },
                                                                                        "cumulative_cardinality": 0,
                                                                                        "operator_type": "PROJECTION",
                                                                                        "operator_cardinality": 296,
                                                                                        "cumulative_rows_scanned": 0,
                                                                                        "operator_rows_scanned": 0,
                                                                                        "operator_timing": 1.0433e-05,
                                                                                        "children": [
                                                                                          {
                                                                                            "total_bytes_written": 0,
                                                                                            "total_bytes_read": 0,
                                                                                            "result_set_size": 4736,
                                                                                            "operator_name": "PROJECTION",
                                                                                            "cpu_time": 0.0,
                                                                                            "extra_info": {
                                                                                              "Projections": [
                                                                                                "c_customer_sk",
                                                                                                "c_current_addr_sk"
                                                                                              ],
                                                                                              "Estimated Cardinality": "69"
                                                                                            },
                                                                                            "cumulative_cardinality": 0,
                                                                                            "operator_type": "PROJECTION",
                                                                                            "operator_cardinality": 296,
                                                                                            "cumulative_rows_scanned": 0,
                                                                                            "operator_rows_scanned": 0,
                                                                                            "operator_timing": 2.531e-06,
                                                                                            "children": [
                                                                                              {
                                                                                                "total_bytes_written": 0,
                                                                                                "total_bytes_read": 0,
                                                                                                "result_set_size": 16576,
                                                                                                "operator_name": "HASH_JOIN",
                                                                                                "cpu_time": 0.0,
                                                                                                "extra_info": {
                                                                                                  "Join Type": "INNER",
                                                                                                  "Conditions": "c_customer_sk = customer_sk",
                                                                                                  "Estimated Cardinality": "69"
                                                                                                },
                                                                                                "cumulative_cardinality": 0,
                                                                                                "operator_type": "HASH_JOIN",
                                                                                                "operator_cardinality": 296,
                                                                                                "cumulative_rows_scanned": 0,
                                                                                                "operator_rows_scanned": 0,
                                                                                                "operator_timing": 0.0024147739999999997,
                                                                                                "children": [
                                                                                                  {
                                                                                                    "total_bytes_written": 0,
                                                                                                    "total_bytes_read": 0,
                                                                                                    "result_set_size": 1567024,
                                                                                                    "operator_name": "SEQ_SCAN ",
                                                                                                    "cpu_time": 0.0,
                                                                                                    "extra_info": {
                                                                                                      "Table": "customer",
                                                                                                      "Type": "Sequential Scan",
                                                                                                      "Projections": [
                                                                                                        "c_customer_sk",
                                                                                                        "c_current_addr_sk"
                                                                                                      ],
                                                                                                      "Filters": "c_birth_year>=1943 AND c_birth_year<=1956",
                                                                                                      "Estimated Cardinality": "100000"
                                                                                                    },
                                                                                                    "cumulative_cardinality": 0,
                                                                                                    "operator_type": "TABLE_SCAN",
                                                                                                    "operator_cardinality": 97939,
                                                                                                    "cumulative_rows_scanned": 0,
                                                                                                    "operator_rows_scanned": 2500000,
                                                                                                    "operator_timing": 0.0026215710000000005,
                                                                                                    "children": []
                                                                                                  },
                                                                                                  {
                                                                                                    "total_bytes_written": 0,
                                                                                                    "total_bytes_read": 0,
                                                                                                    "result_set_size": 62400,
                                                                                                    "operator_name": "HASH_JOIN",
                                                                                                    "cpu_time": 0.0,
                                                                                                    "extra_info": {
                                                                                                      "Join Type": "INNER",
                                                                                                      "Conditions": "item_sk = i_item_sk",
                                                                                                      "Estimated Cardinality": "346"
                                                                                                    },
                                                                                                    "cumulative_cardinality": 0,
                                                                                                    "operator_type": "HASH_JOIN",
                                                                                                    "operator_cardinality": 1560,
                                                                                                    "cumulative_rows_scanned": 0,
                                                                                                    "operator_rows_scanned": 0,
                                                                                                    "operator_timing": 0.0007854219999999998,
                                                                                                    "children": [
                                                                                                      {
                                                                                                        "total_bytes_written": 0,
                                                                                                        "total_bytes_read": 0,
                                                                                                        "result_set_size": 2026496,
                                                                                                        "operator_name": "HASH_JOIN",
                                                                                                        "cpu_time": 0.0,
                                                                                                        "extra_info": {
                                                                                                          "Join Type": "INNER",
                                                                                                          "Conditions": "sold_date_sk = d_date_sk",
                                                                                                          "Estimated Cardinality": "34594"
                                                                                                        },
                                                                                                        "cumulative_cardinality": 0,
                                                                                                        "operator_type": "HASH_JOIN",
                                                                                                        "operator_cardinality": 63328,
                                                                                                        "cumulative_rows_scanned": 0,
                                                                                                        "operator_rows_scanned": 0,
                                                                                                        "operator_timing": 0.007669275,
                                                                                                        "children": [
                                                                                                          {
                                                                                                            "total_bytes_written": 0,
                                                                                                            "total_bytes_read": 0,
                                                                                                            "result_set_size": 0,
                                                                                                            "operator_name": "UNION",
                                                                                                            "cpu_time": 0.0,
                                                                                                            "extra_info": {},
                                                                                                            "cumulative_cardinality": 0,
                                                                                                            "operator_type": "UNION",
                                                                                                            "operator_cardinality": 0,
                                                                                                            "cumulative_rows_scanned": 0,
                                                                                                            "operator_rows_scanned": 0,
                                                                                                            "operator_timing": 0.0,
                                                                                                            "children": [
                                                                                                              {
                                                                                                                "total_bytes_written": 0,
                                                                                                                "total_bytes_read": 0,
                                                                                                                "result_set_size": 1005408,
                                                                                                                "operator_name": "SEQ_SCAN ",
                                                                                                                "cpu_time": 0.0,
                                                                                                                "extra_info": {
                                                                                                                  "Table": "catalog_sales",
                                                                                                                  "Type": "Sequential Scan",
                                                                                                                  "Projections": [
                                                                                                                    "cs_sold_date_sk",
                                                                                                                    "cs_bill_customer_sk",
                                                                                                                    "cs_item_sk"
                                                                                                                  ],
                                                                                                                  "Filters": "cs_wholesale_cost>=44.00 AND cs_wholesale_cost<=74.00",
                                                                                                                  "Estimated Cardinality": "2880252"
                                                                                                                },
                                                                                                                "cumulative_cardinality": 0,
                                                                                                                "operator_type": "TABLE_SCAN",
                                                                                                                "operator_cardinality": 41892,
                                                                                                                "cumulative_rows_scanned": 0,
                                                                                                                "operator_rows_scanned": 172815132,
                                                                                                                "operator_timing": 0.001988592,
                                                                                                                "children": []
                                                                                                              },
                                                                                                              {
                                                                                                                "total_bytes_written": 0,
                                                                                                                "total_bytes_read": 0,
                                                                                                                "result_set_size": 514464,
                                                                                                                "operator_name": "SEQ_SCAN ",
                                                                                                                "cpu_time": 0.0,
                                                                                                                "extra_info": {
                                                                                                                  "Table": "web_sales",
                                                                                                                  "Type": "Sequential Scan",
                                                                                                                  "Projections": [
                                                                                                                    "ws_sold_date_sk",
                                                                                                                    "ws_bill_customer_sk",
                                                                                                                    "ws_item_sk"
                                                                                                                  ],
                                                                                                                  "Filters": "ws_wholesale_cost>=44.00 AND ws_wholesale_cost<=74.00",
                                                                                                                  "Estimated Cardinality": "1439513"
                                                                                                                },
                                                                                                                "cumulative_cardinality": 0,
                                                                                                                "operator_type": "TABLE_SCAN",
                                                                                                                "operator_cardinality": 21436,
                                                                                                                "cumulative_rows_scanned": 0,
                                                                                                                "operator_rows_scanned": 86370792,
                                                                                                                "operator_timing": 0.053988033000000005,
                                                                                                                "children": []
                                                                                                              }
                                                                                                            ]
                                                                                                          },
                                                                                                          {
                                                                                                            "total_bytes_written": 0,
                                                                                                            "total_bytes_read": 0,
                                                                                                            "result_set_size": 248,
                                                                                                            "operator_name": "FILTER",
                                                                                                            "cpu_time": 0.0,
                                                                                                            "extra_info": {
                                                                                                              "Expression": "(d_date_sk BETWEEN 2450815 AND 2452653)",
                                                                                                              "Estimated Cardinality": "585"
                                                                                                            },
                                                                                                            "cumulative_cardinality": 0,
                                                                                                            "operator_type": "FILTER",
                                                                                                            "operator_cardinality": 31,
                                                                                                            "cumulative_rows_scanned": 0,
                                                                                                            "operator_rows_scanned": 0,
                                                                                                            "operator_timing": 2.0308e-05,
                                                                                                            "children": [
                                                                                                              {
                                                                                                                "total_bytes_written": 0,
                                                                                                                "total_bytes_read": 0,
                                                                                                                "result_set_size": 248,
                                                                                                                "operator_name": "SEQ_SCAN ",
                                                                                                                "cpu_time": 0.0,
                                                                                                                "extra_info": {
                                                                                                                  "Table": "date_dim",
                                                                                                                  "Type": "Sequential Scan",
                                                                                                                  "Projections": "d_date_sk",
                                                                                                                  "Filters": [
                                                                                                                    "d_moy=7",
                                                                                                                    "d_year=1999"
                                                                                                                  ],
                                                                                                                  "Estimated Cardinality": "585"
                                                                                                                },
                                                                                                                "cumulative_cardinality": 0,
                                                                                                                "operator_type": "TABLE_SCAN",
                                                                                                                "operator_cardinality": 31,
                                                                                                                "cumulative_rows_scanned": 0,
                                                                                                                "operator_rows_scanned": 73049,
                                                                                                                "operator_timing": 0.000106351,
                                                                                                                "children": []
                                                                                                              }
                                                                                                            ]
                                                                                                          }
                                                                                                        ]
                                                                                                      },
                                                                                                      {
                                                                                                        "total_bytes_written": 0,
                                                                                                        "total_bytes_read": 0,
                                                                                                        "result_set_size": 20808,
                                                                                                        "operator_name": "SEQ_SCAN ",
                                                                                                        "cpu_time": 0.0,
                                                                                                        "extra_info": {
                                                                                                          "Table": "item",
                                                                                                          "Type": "Sequential Scan",
                                                                                                          "Projections": "i_item_sk",
                                                                                                          "Filters": [
                                                                                                            "i_category='Men'",
                                                                                                            "i_class='accessories'"
                                                                                                          ],
                                                                                                          "Estimated Cardinality": "963"
                                                                                                        },
                                                                                                        "cumulative_cardinality": 0,
                                                                                                        "operator_type": "TABLE_SCAN",
                                                                                                        "operator_cardinality": 2601,
                                                                                                        "cumulative_rows_scanned": 0,
                                                                                                        "operator_rows_scanned": 102000,
                                                                                                        "operator_timing": 0.0014473270000000004,
                                                                                                        "children": []
                                                                                                      }
                                                                                                    ]
                                                                                                  }
                                                                                                ]
                                                                                              }
                                                                                            ]
                                                                                          }
                                                                                        ]
                                                                                      }
                                                                                    ]
                                                                                  }
                                                                                ]
                                                                              }
                                                                            ]
                                                                          }
                                                                        ]
                                                                      },
                                                                      {
                                                                        "total_bytes_written": 0,
                                                                        "total_bytes_read": 0,
                                                                        "result_set_size": 0,
                                                                        "operator_name": "PROJECTION",
                                                                        "cpu_time": 0.0,
                                                                        "extra_info": {
                                                                          "Projections": [
                                                                            "#0",
                                                                            "#1"
                                                                          ],
                                                                          "Estimated Cardinality": "20"
                                                                        },
                                                                        "cumulative_cardinality": 0,
                                                                        "operator_type": "PROJECTION",
                                                                        "operator_cardinality": 0,
                                                                        "cumulative_rows_scanned": 0,
                                                                        "operator_rows_scanned": 0,
                                                                        "operator_timing": 0.0,
                                                                        "children": [
                                                                          {
                                                                            "total_bytes_written": 0,
                                                                            "total_bytes_read": 0,
                                                                            "result_set_size": 0,
                                                                            "operator_name": "FILTER",
                                                                            "cpu_time": 0.0,
                                                                            "extra_info": {
                                                                              "Expression": "IN (...)",
                                                                              "Estimated Cardinality": "20"
                                                                            },
                                                                            "cumulative_cardinality": 0,
                                                                            "operator_type": "FILTER",
                                                                            "operator_cardinality": 0,
                                                                            "cumulative_rows_scanned": 0,
                                                                            "operator_rows_scanned": 0,
                                                                            "operator_timing": 7.306e-06,
                                                                            "children": [
                                                                              {
                                                                                "total_bytes_written": 0,
                                                                                "total_bytes_read": 0,
                                                                                "result_set_size": 3366,
                                                                                "operator_name": "HASH_JOIN",
                                                                                "cpu_time": 0.0,
                                                                                "extra_info": {
                                                                                  "Join Type": "MARK",
                                                                                  "Conditions": "s_state = #0",
                                                                                  "Estimated Cardinality": "102"
                                                                                },
                                                                                "cumulative_cardinality": 0,
                                                                                "operator_type": "HASH_JOIN",
                                                                                "operator_cardinality": 102,
                                                                                "cumulative_rows_scanned": 0,
                                                                                "operator_rows_scanned": 0,
                                                                                "operator_timing": 0.00020555699999999998,
                                                                                "children": [
                                                                                  {
                                                                                    "total_bytes_written": 0,
                                                                                    "total_bytes_read": 0,
                                                                                    "result_set_size": 3264,
                                                                                    "operator_name": "SEQ_SCAN ",
                                                                                    "cpu_time": 0.0,
                                                                                    "extra_info": {
                                                                                      "Table": "store",
                                                                                      "Type": "Sequential Scan",
                                                                                      "Projections": [
                                                                                        "s_county",
                                                                                        "s_state"
                                                                                      ],
                                                                                      "Filters": "optional: s_state IN ('GA', 'IL', 'IN', 'MT', 'NC', 'NM', 'OH', 'OR', 'TX', 'VA')",
                                                                                      "Estimated Cardinality": "102"
                                                                                    },
                                                                                    "cumulative_cardinality": 0,
                                                                                    "operator_type": "TABLE_SCAN",
                                                                                    "operator_cardinality": 102,
                                                                                    "cumulative_rows_scanned": 0,
                                                                                    "operator_rows_scanned": 102,
                                                                                    "operator_timing": 1.172e-05,
                                                                                    "children": []
                                                                                  },
                                                                                  {
                                                                                    "total_bytes_written": 0,
                                                                                    "total_bytes_read": 0,
                                                                                    "result_set_size": 160,
                                                                                    "operator_name": "COLUMN_DATA_SCAN",
                                                                                    "cpu_time": 0.0,
                                                                                    "extra_info": {
                                                                                      "Estimated Cardinality": "0"
                                                                                    },
                                                                                    "cumulative_cardinality": 0,
                                                                                    "operator_type": "COLUMN_DATA_SCAN",
                                                                                    "operator_cardinality": 10,
                                                                                    "cumulative_rows_scanned": 0,
                                                                                    "operator_rows_scanned": 0,
                                                                                    "operator_timing": 4.121e-06,
                                                                                    "children": []
                                                                                  }
                                                                                ]
                                                                              }
                                                                            ]
                                                                          }
                                                                        ]
                                                                      }
                                                                    ]
                                                                  }
                                                                ]
                                                              }
                                                            ]
                                                          },
                                                          {
                                                            "total_bytes_written": 0,
                                                            "total_bytes_read": 0,
                                                            "result_set_size": 8,
                                                            "operator_name": "PROJECTION",
                                                            "cpu_time": 0.0,
                                                            "extra_info": {
                                                              "Projections": [
                                                                "CASE  WHEN ((#1 > 1)) THEN (\"error\"('More than one row returned by a subquery used as an expression - scalar subqueries can only return a single row.",
                                                                "Use \"SET scalar_subquery_error_on_multiple_rows=false\" to revert to previous behavior of returning a random row.')) ELSE #0 END"
                                                              ],
                                                              "Estimated Cardinality": "1"
                                                            },
                                                            "cumulative_cardinality": 0,
                                                            "operator_type": "PROJECTION",
                                                            "operator_cardinality": 1,
                                                            "cumulative_rows_scanned": 0,
                                                            "operator_rows_scanned": 0,
                                                            "operator_timing": 3.59e-06,
                                                            "children": [
                                                              {
                                                                "total_bytes_written": 0,
                                                                "total_bytes_read": 0,
                                                                "result_set_size": 16,
                                                                "operator_name": "UNGROUPED_AGGREGATE",
                                                                "cpu_time": 0.0,
                                                                "extra_info": {
                                                                  "Aggregates": [
                                                                    "\"first\"(#0)",
                                                                    "count_star()"
                                                                  ]
                                                                },
                                                                "cumulative_cardinality": 0,
                                                                "operator_type": "UNGROUPED_AGGREGATE",
                                                                "operator_cardinality": 1,
                                                                "cumulative_rows_scanned": 0,
                                                                "operator_rows_scanned": 0,
                                                                "operator_timing": 4.108e-06,
                                                                "children": [
                                                                  {
                                                                    "total_bytes_written": 0,
                                                                    "total_bytes_read": 0,
                                                                    "result_set_size": 8,
                                                                    "operator_name": "PROJECTION",
                                                                    "cpu_time": 0.0,
                                                                    "extra_info": {
                                                                      "Projections": "#0",
                                                                      "Estimated Cardinality": "585"
                                                                    },
                                                                    "cumulative_cardinality": 0,
                                                                    "operator_type": "PROJECTION",
                                                                    "operator_cardinality": 1,
                                                                    "cumulative_rows_scanned": 0,
                                                                    "operator_rows_scanned": 0,
                                                                    "operator_timing": 2.26e-07,
                                                                    "children": [
                                                                      {
                                                                        "total_bytes_written": 0,
                                                                        "total_bytes_read": 0,
                                                                        "result_set_size": 8,
                                                                        "operator_name": "PROJECTION",
                                                                        "cpu_time": 0.0,
                                                                        "extra_info": {
                                                                          "Projections": "__internal_decompress_integral_bigint(#0, 1)",
                                                                          "Estimated Cardinality": "585"
                                                                        },
                                                                        "cumulative_cardinality": 0,
                                                                        "operator_type": "PROJECTION",
                                                                        "operator_cardinality": 1,
                                                                        "cumulative_rows_scanned": 0,
                                                                        "operator_rows_scanned": 0,
                                                                        "operator_timing": 2.357e-06,
                                                                        "children": [
                                                                          {
                                                                            "total_bytes_written": 0,
                                                                            "total_bytes_read": 0,
                                                                            "result_set_size": 2,
                                                                            "operator_name": "HASH_GROUP_BY",
                                                                            "cpu_time": 0.0,
                                                                            "extra_info": {
                                                                              "Groups": "#0",
                                                                              "Aggregates": "",
                                                                              "Estimated Cardinality": "585"
                                                                            },
                                                                            "cumulative_cardinality": 0,
                                                                            "operator_type": "HASH_GROUP_BY",
                                                                            "operator_cardinality": 1,
                                                                            "cumulative_rows_scanned": 0,
                                                                            "operator_rows_scanned": 0,
                                                                            "operator_timing": 0.00040604499999999995,
                                                                            "children": [
                                                                              {
                                                                                "total_bytes_written": 0,
                                                                                "total_bytes_read": 0,
                                                                                "result_set_size": 62,
                                                                                "operator_name": "PROJECTION",
                                                                                "cpu_time": 0.0,
                                                                                "extra_info": {
                                                                                  "Projections": "(d_month_seq + 1)",
                                                                                  "Estimated Cardinality": "585"
                                                                                },
                                                                                "cumulative_cardinality": 0,
                                                                                "operator_type": "PROJECTION",
                                                                                "operator_cardinality": 31,
                                                                                "cumulative_rows_scanned": 0,
                                                                                "operator_rows_scanned": 0,
                                                                                "operator_timing": 1.96e-07,
                                                                                "children": [
                                                                                  {
                                                                                    "total_bytes_written": 0,
                                                                                    "total_bytes_read": 0,
                                                                                    "result_set_size": 62,
                                                                                    "operator_name": "PROJECTION",
                                                                                    "cpu_time": 0.0,
                                                                                    "extra_info": {
                                                                                      "Projections": "__internal_compress_integral_usmallint(#0, 1)",
                                                                                      "Estimated Cardinality": "585"
                                                                                    },
                                                                                    "cumulative_cardinality": 0,
                                                                                    "operator_type": "PROJECTION",
                                                                                    "operator_cardinality": 31,
                                                                                    "cumulative_rows_scanned": 0,
                                                                                    "operator_rows_scanned": 0,
                                                                                    "operator_timing": 1.544e-06,
                                                                                    "children": [
                                                                                      {
                                                                                        "total_bytes_written": 0,
                                                                                        "total_bytes_read": 0,
                                                                                        "result_set_size": 248,
                                                                                        "operator_name": "PROJECTION",
                                                                                        "cpu_time": 0.0,
                                                                                        "extra_info": {
                                                                                          "Projections": "(d_month_seq + 1)",
                                                                                          "Estimated Cardinality": "585"
                                                                                        },
                                                                                        "cumulative_cardinality": 0,
                                                                                        "operator_type": "PROJECTION",
                                                                                        "operator_cardinality": 31,
                                                                                        "cumulative_rows_scanned": 0,
                                                                                        "operator_rows_scanned": 0,
                                                                                        "operator_timing": 3.977e-06,
                                                                                        "children": [
                                                                                          {
                                                                                            "total_bytes_written": 0,
                                                                                            "total_bytes_read": 0,
                                                                                            "result_set_size": 248,
                                                                                            "operator_name": "SEQ_SCAN ",
                                                                                            "cpu_time": 0.0,
                                                                                            "extra_info": {
                                                                                              "Table": "date_dim",
                                                                                              "Type": "Sequential Scan",
                                                                                              "Projections": "d_month_seq",
                                                                                              "Filters": [
                                                                                                "d_year=1999",
                                                                                                "d_moy=7"
                                                                                              ],
                                                                                              "Estimated Cardinality": "585"
                                                                                            },
                                                                                            "cumulative_cardinality": 0,
                                                                                            "operator_type": "TABLE_SCAN",
                                                                                            "operator_cardinality": 31,
                                                                                            "cumulative_rows_scanned": 0,
                                                                                            "operator_rows_scanned": 73049,
                                                                                            "operator_timing": 8.5583e-05,
                                                                                            "children": []
                                                                                          }
                                                                                        ]
                                                                                      }
                                                                                    ]
                                                                                  }
                                                                                ]
                                                                              }
                                                                            ]
                                                                          }
                                                                        ]
                                                                      }
                                                                    ]
                                                                  }
                                                                ]
                                                              }
                                                            ]
                                                          }
                                                        ]
                                                      }
                                                    ]
                                                  }
                                                ]
                                              }
                                            ]
                                          }
                                        ]
                                      }
                                    ]
                                  }
                                ]
                              }
                            ]
                          }
                        ]
                      }
                    ]
                  }
                ]
              }
            ]
          }
        ]
      }
    ]
  }
}