{
  "benchmark": "dsb",
  "query_id": "query019_spj",
  "source_sql": "research/ado/queries_dsb_sf10_duckdb/spj_queries/query019_spj.sql",
  "database": "/mnt/d/TPC-DS/dsb_sf10.duckdb",
  "statement_count": 1,
  "client_elapsed_ms": 46.721004000573885,
  "execution_time_ms": 0.0,
  "plan_json": {
    "total_bytes_written": 0,
    "total_bytes_read": 0,
    "rows_returned": 0,
    "latency": 0.0,
    "result_set_size": 0,
    "query_name": "",
    "blocked_thread_time": 0.0,
    "system_peak_buffer_memory": 0,
    "system_peak_temp_dir_size": 0,
    "cpu_time": 0.0,
    "extra_info": {},
    "cumulative_cardinality": 0,
    "cumulative_rows_scanned": 0,
    "children": [
      {
        "total_bytes_written": 0,
        "total_bytes_read": 0,
        "result_set_size": 0,
        "operator_name": "EXPLAIN_ANALYZE",
        "cpu_time": 0.0,
        "extra_info": {},
        "cumulative_cardinality": 0,
        "operator_type": "EXPLAIN_ANALYZE",
        "operator_cardinality": 0,
        "cumulative_rows_scanned": 0,
        "operator_rows_scanned": 0,
        "operator_timing": 2.11e-07,
        "children": [
          {
            "total_bytes_written": 0,
            "total_bytes_read": 0,
            "result_set_size": 20,
            "operator_name": "UNGROUPED_AGGREGATE",
            "cpu_time": 0.0,
            "extra_info": {
              "Aggregates": [
                "min(#0)",
                "min(#1)",
                "min(#2)"
              ]
            },
            "cumulative_cardinality": 0,
            "operator_type": "UNGROUPED_AGGREGATE",
            "operator_cardinality": 1,
            "cumulative_rows_scanned": 0,
            "operator_rows_scanned": 0,
            "operator_timing": 5.492e-06,
            "children": [
              {
                "total_bytes_written": 0,
                "total_bytes_read": 0,
                "result_set_size": 880,
                "operator_name": "PROJECTION",
                "cpu_time": 0.0,
                "extra_info": {
                  "Projections": [
                    "i_brand_id",
                    "i_manufact_id",
                    "ss_ext_sales_price"
                  ],
                  "Estimated Cardinality": "1"
                },
                "cumulative_cardinality": 0,
                "operator_type": "PROJECTION",
                "operator_cardinality": 44,
                "cumulative_rows_scanned": 0,
                "operator_rows_scanned": 0,
                "operator_timing": 3.95e-07,
                "children": [
                  {
                    "total_bytes_written": 0,
                    "total_bytes_read": 0,
                    "result_set_size": 880,
                    "operator_name": "HASH_JOIN",
                    "cpu_time": 0.0,
                    "extra_info": {
                      "Join Type": "INNER",
                      "Conditions": "i_item_sk = ss_item_sk",
                      "Estimated Cardinality": "1"
                    },
                    "cumulative_cardinality": 0,
                    "operator_type": "HASH_JOIN",
                    "operator_cardinality": 44,
                    "cumulative_rows_scanned": 0,
                    "operator_rows_scanned": 0,
                    "operator_timing": 0.001933699,
                    "children": [
                      {
                        "total_bytes_written": 0,
                        "total_bytes_read": 0,
                        "result_set_size": 244392,
                        "operator_name": "SEQ_SCAN ",
                        "cpu_time": 0.0,
                        "extra_info": {
                          "Table": "item",
                          "Type": "Sequential Scan",
                          "Projections": [
                            "i_item_sk",
                            "i_brand_id",
                            "i_manufact_id"
                          ],
                          "Filters": "i_category='Home'",
                          "Estimated Cardinality": "9273"
                        },
                        "cumulative_cardinality": 0,
                        "operator_type": "TABLE_SCAN",
                        "operator_cardinality": 10183,
                        "cumulative_rows_scanned": 0,
                        "operator_rows_scanned": 102000,
                        "operator_timing": 0.0008546890000000002,
                        "children": []
                      },
                      {
                        "total_bytes_written": 0,
                        "total_bytes_read": 0,
                        "result_set_size": 9420,
                        "operator_name": "HASH_JOIN",
                        "cpu_time": 0.0,
                        "extra_info": {
                          "Join Type": "INNER",
                          "Conditions": "ss_sold_date_sk = d_date_sk",
                          "Estimated Cardinality": "10"
                        },
                        "cumulative_cardinality": 0,
                        "operator_type": "HASH_JOIN",
                        "operator_cardinality": 471,
                        "cumulative_rows_scanned": 0,
                        "operator_rows_scanned": 0,
                        "operator_timing": 0.00014518000000000002,
                        "children": [
                          {
                            "total_bytes_written": 0,
                            "total_bytes_read": 0,
                            "result_set_size": 39564,
                            "operator_name": "HASH_JOIN",
                            "cpu_time": 0.0,
                            "extra_info": {
                              "Join Type": "INNER",
                              "Conditions": [
                                "ss_store_sk = s_store_sk",
                                "ss_customer_sk = c_customer_sk"
                              ],
                              "Estimated Cardinality": "1357"
                            },
                            "cumulative_cardinality": 0,
                            "operator_type": "HASH_JOIN",
                            "operator_cardinality": 471,
                            "cumulative_rows_scanned": 0,
                            "operator_rows_scanned": 0,
                            "operator_timing": 0.042582808999999985,
                            "children": [
                              {
                                "total_bytes_written": 0,
                                "total_bytes_read": 0,
                                "result_set_size": 4125384,
                                "operator_name": "SEQ_SCAN ",
                                "cpu_time": 0.0,
                                "extra_info": {
                                  "Table": "store_sales",
                                  "Type": "Sequential Scan",
                                  "Projections": [
                                    "ss_sold_date_sk",
                                    "ss_item_sk",
                                    "ss_customer_sk",
                                    "ss_store_sk",
                                    "ss_ext_sales_price"
                                  ],
                                  "Filters": "ss_wholesale_cost>=80.00 AND ss_wholesale_cost<=100.00",
                                  "Estimated Cardinality": "5760198"
                                },
                                "cumulative_cardinality": 0,
                                "operator_type": "TABLE_SCAN",
                                "operator_cardinality": 114594,
                                "cumulative_rows_scanned": 0,
                                "operator_rows_scanned": 345611892,
                                "operator_timing": 0.3122346850000001,
                                "children": []
                              },
                              {
                                "total_bytes_written": 0,
                                "total_bytes_read": 0,
                                "result_set_size": 12292864,
                                "operator_name": "NESTED_LOOP_JOIN",
                                "cpu_time": 0.0,
                                "extra_info": {
                                  "Join Type": "INNER",
                                  "Conditions": "\"substring\"(ca_zip, 1, 5) != \"substring\"(s_zip, 1, 5)",
                                  "Estimated Cardinality": "235"
                                },
                                "cumulative_cardinality": 0,
                                "operator_type": "NESTED_LOOP_JOIN",
                                "operator_cardinality": 192076,
                                "cumulative_rows_scanned": 0,
                                "operator_rows_scanned": 0,
                                "operator_timing": 0.0006296520000000001,
                                "children": [
                                  {
                                    "total_bytes_written": 0,
                                    "total_bytes_read": 0,
                                    "result_set_size": 78440,
                                    "operator_name": "HASH_JOIN",
                                    "cpu_time": 0.0,
                                    "extra_info": {
                                      "Join Type": "INNER",
                                      "Conditions": "c_current_addr_sk = ca_address_sk",
                                      "Estimated Cardinality": "574"
                                    },
                                    "cumulative_cardinality": 0,
                                    "operator_type": "HASH_JOIN",
                                    "operator_cardinality": 1961,
                                    "cumulative_rows_scanned": 0,
                                    "operator_rows_scanned": 0,
                                    "operator_timing": 0.0020838370000000003,
                                    "children": [
                                      {
                                        "total_bytes_written": 0,
                                        "total_bytes_read": 0,
                                        "result_set_size": 632624,
                                        "operator_name": "SEQ_SCAN ",
                                        "cpu_time": 0.0,
                                        "extra_info": {
                                          "Table": "customer",
                                          "Type": "Sequential Scan",
                                          "Projections": [
                                            "c_customer_sk",
                                            "c_current_addr_sk"
                                          ],
                                          "Filters": "c_birth_month=4",
                                          "Estimated Cardinality": "38462"
                                        },
                                        "cumulative_cardinality": 0,
                                        "operator_type": "TABLE_SCAN",
                                        "operator_cardinality": 39539,
                                        "cumulative_rows_scanned": 0,
                                        "operator_rows_scanned": 2500000,
                                        "operator_timing": 0.002172473,
                                        "children": []
                                      },
                                      {
                                        "total_bytes_written": 0,
                                        "total_bytes_read": 0,
                                        "result_set_size": 290088,
                                        "operator_name": "SEQ_SCAN ",
                                        "cpu_time": 0.0,
                                        "extra_info": {
                                          "Table": "customer_address",
                                          "Type": "Sequential Scan",
                                          "Projections": [
                                            "ca_address_sk",
                                            "ca_zip"
                                          ],
                                          "Filters": "ca_state='GA'",
                                          "Estimated Cardinality": "4546"
                                        },
                                        "cumulative_cardinality": 0,
                                        "operator_type": "TABLE_SCAN",
                                        "operator_cardinality": 12087,
                                        "cumulative_rows_scanned": 0,
                                        "operator_rows_scanned": 750000,
                                        "operator_timing": 0.003059227999999999,
                                        "children": []
                                      }
                                    ]
                                  },
                                  {
                                    "total_bytes_written": 0,
                                    "total_bytes_read": 0,
                                    "result_set_size": 2400,
                                    "operator_name": "SEQ_SCAN ",
                                    "cpu_time": 0.0,
                                    "extra_info": {
                                      "Table": "store",
                                      "Type": "Sequential Scan",
                                      "Projections": [
                                        "s_store_sk",
                                        "s_zip"
                                      ],
                                      "Filters": "s_store_sk<=100",
                                      "Estimated Cardinality": "102"
                                    },
                                    "cumulative_cardinality": 0,
                                    "operator_type": "TABLE_SCAN",
                                    "operator_cardinality": 100,
                                    "cumulative_rows_scanned": 0,
                                    "operator_rows_scanned": 102,
                                    "operator_timing": 1.74e-05,
                                    "children": []
                                  }
                                ]
                              }
                            ]
                          },
                          {
                            "total_bytes_written": 0,
                            "total_bytes_read": 0,
                            "result_set_size": 248,
                            "operator_name": "FILTER",
                            "cpu_time": 0.0,
                            "extra_info": {
                              "Expression": "(d_date_sk BETWEEN 2450816 AND 2452642)",
                              "Estimated Cardinality": "585"
                            },
                            "cumulative_cardinality": 0,
                            "operator_type": "FILTER",
                            "operator_cardinality": 31,
                            "cumulative_rows_scanned": 0,
                            "operator_rows_scanned": 0,
                            "operator_timing": 1.0828e-05,
                            "children": [
                              {
                                "total_bytes_written": 0,
                                "total_bytes_read": 0,
                                "result_set_size": 248,
                                "operator_name": "SEQ_SCAN ",
                                "cpu_time": 0.0,
                                "extra_info": {
                                  "Table": "date_dim",
                                  "Type": "Sequential Scan",
                                  "Projections": "d_date_sk",
                                  "Filters": [
                                    "d_year=2002",
                                    "d_moy=8"
                                  ],
                                  "Estimated Cardinality": "585"
                                },
                                "cumulative_cardinality": 0,
                                "operator_type": "TABLE_SCAN",
                                "operator_cardinality": 31,
                                "cumulative_rows_scanned": 0,
                                "operator_rows_scanned": 73049,
                                "operator_timing": 3.4501e-05,
                                "children": []
                              }
                            ]
                          }
                        ]
                      }
                    ]
                  }
                ]
              }
            ]
          }
        ]
      }
    ]
  }
}