{
  "benchmark": "dsb",
  "query_id": "query032",
  "source_sql": "research/ado/queries_dsb_sf10_duckdb/multi_block_queries/query032.sql",
  "database": "/mnt/d/TPC-DS/dsb_sf10.duckdb",
  "statement_count": 1,
  "client_elapsed_ms": 20.938074001605855,
  "execution_time_ms": 0.0,
  "plan_json": {
    "total_bytes_written": 0,
    "total_bytes_read": 0,
    "rows_returned": 0,
    "latency": 0.0,
    "result_set_size": 0,
    "query_name": "",
    "blocked_thread_time": 0.0,
    "system_peak_buffer_memory": 0,
    "system_peak_temp_dir_size": 0,
    "cpu_time": 0.0,
    "extra_info": {},
    "cumulative_cardinality": 0,
    "cumulative_rows_scanned": 0,
    "children": [
      {
        "total_bytes_written": 0,
        "total_bytes_read": 0,
        "result_set_size": 0,
        "operator_name": "EXPLAIN_ANALYZE",
        "cpu_time": 0.0,
        "extra_info": {},
        "cumulative_cardinality": 0,
        "operator_type": "EXPLAIN_ANALYZE",
        "operator_cardinality": 0,
        "cumulative_rows_scanned": 0,
        "operator_rows_scanned": 0,
        "operator_timing": 3.88e-07,
        "children": [
          {
            "total_bytes_written": 0,
            "total_bytes_read": 0,
            "result_set_size": 16,
            "operator_name": "TOP_N",
            "cpu_time": 0.0,
            "extra_info": {
              "Top": "100",
              "Order By": "sum(dsb_sf10.main.catalog_sales.cs_ext_discount_amt) ASC"
            },
            "cumulative_cardinality": 0,
            "operator_type": "TOP_N",
            "operator_cardinality": 1,
            "cumulative_rows_scanned": 0,
            "operator_rows_scanned": 0,
            "operator_timing": 1.128e-05,
            "children": [
              {
                "total_bytes_written": 0,
                "total_bytes_read": 0,
                "result_set_size": 16,
                "operator_name": "UNGROUPED_AGGREGATE",
                "cpu_time": 0.0,
                "extra_info": {
                  "Aggregates": "sum(#0)"
                },
                "cumulative_cardinality": 0,
                "operator_type": "UNGROUPED_AGGREGATE",
                "operator_cardinality": 1,
                "cumulative_rows_scanned": 0,
                "operator_rows_scanned": 0,
                "operator_timing": 1.9897e-05,
                "children": [
                  {
                    "total_bytes_written": 0,
                    "total_bytes_read": 0,
                    "result_set_size": 3748,
                    "operator_name": "PROJECTION",
                    "cpu_time": 0.0,
                    "extra_info": {
                      "Projections": "cs_ext_discount_amt",
                      "Estimated Cardinality": "611160"
                    },
                    "cumulative_cardinality": 0,
                    "operator_type": "PROJECTION",
                    "operator_cardinality": 937,
                    "cumulative_rows_scanned": 0,
                    "operator_rows_scanned": 0,
                    "operator_timing": 2.7600000000000003e-06,
                    "children": [
                      {
                        "total_bytes_written": 0,
                        "total_bytes_read": 0,
                        "result_set_size": 3748,
                        "operator_name": "PROJECTION",
                        "cpu_time": 0.0,
                        "extra_info": {
                          "Projections": "#0",
                          "Estimated Cardinality": "611160"
                        },
                        "cumulative_cardinality": 0,
                        "operator_type": "PROJECTION",
                        "operator_cardinality": 937,
                        "cumulative_rows_scanned": 0,
                        "operator_rows_scanned": 0,
                        "operator_timing": 4.278e-06,
                        "children": [
                          {
                            "total_bytes_written": 0,
                            "total_bytes_read": 0,
                            "result_set_size": 11244,
                            "operator_name": "FILTER",
                            "cpu_time": 0.0,
                            "extra_info": {
                              "Expression": "(CAST(cs_ext_discount_amt AS DOUBLE) > SUBQUERY)",
                              "Estimated Cardinality": "611160"
                            },
                            "cumulative_cardinality": 0,
                            "operator_type": "FILTER",
                            "operator_cardinality": 937,
                            "cumulative_rows_scanned": 0,
                            "operator_rows_scanned": 0,
                            "operator_timing": 0.0014821659999999998,
                            "children": [
                              {
                                "total_bytes_written": 0,
                                "total_bytes_read": 0,
                                "result_set_size": 0,
                                "operator_name": "LEFT_DELIM_JOIN",
                                "cpu_time": 0.0,
                                "extra_info": {
                                  "Join Type": "LEFT",
                                  "Conditions": "i_item_sk IS NOT DISTINCT FROM i_item_sk",
                                  "Estimated Cardinality": "0",
                                  "Delim Index": "1"
                                },
                                "cumulative_cardinality": 0,
                                "operator_type": "LEFT_DELIM_JOIN",
                                "operator_cardinality": 0,
                                "cumulative_rows_scanned": 0,
                                "operator_rows_scanned": 0,
                                "operator_timing": 0.006860217999999999,
                                "children": [
                                  {
                                    "total_bytes_written": 0,
                                    "total_bytes_read": 0,
                                    "result_set_size": 2718320,
                                    "operator_name": "HASH_JOIN",
                                    "cpu_time": 0.0,
                                    "extra_info": {
                                      "Join Type": "INNER",
                                      "Conditions": "cs_item_sk = i_item_sk",
                                      "Estimated Cardinality": "611160"
                                    },
                                    "cumulative_cardinality": 0,
                                    "operator_type": "HASH_JOIN",
                                    "operator_cardinality": 135916,
                                    "cumulative_rows_scanned": 0,
                                    "operator_rows_scanned": 0,
                                    "operator_timing": 0.0029266969999999994,
                                    "children": [
                                      {
                                        "total_bytes_written": 0,
                                        "total_bytes_read": 0,
                                        "result_set_size": 8166860,
                                        "operator_name": "HASH_JOIN",
                                        "cpu_time": 0.0,
                                        "extra_info": {
                                          "Join Type": "INNER",
                                          "Conditions": "cs_sold_date_sk = d_date_sk",
                                          "Estimated Cardinality": "2880094"
                                        },
                                        "cumulative_cardinality": 0,
                                        "operator_type": "HASH_JOIN",
                                        "operator_cardinality": 408343,
                                        "cumulative_rows_scanned": 0,
                                        "operator_rows_scanned": 0,
                                        "operator_timing": 0.0011893509999999997,
                                        "children": [
                                          {
                                            "total_bytes_written": 0,
                                            "total_bytes_read": 0,
                                            "result_set_size": 8166860,
                                            "operator_name": "SEQ_SCAN ",
                                            "cpu_time": 0.0,
                                            "extra_info": {
                                              "Table": "catalog_sales",
                                              "Type": "Sequential Scan",
                                              "Projections": [
                                                "cs_item_sk",
                                                "cs_sold_date_sk",
                                                "cs_ext_discount_amt"
                                              ],
                                              "Estimated Cardinality": "14401261"
                                            },
                                            "cumulative_cardinality": 0,
                                            "operator_type": "TABLE_SCAN",
                                            "operator_cardinality": 408343,
                                            "cumulative_rows_scanned": 0,
                                            "operator_rows_scanned": 172815132,
                                            "operator_timing": 0.0036344149999999993,
                                            "children": []
                                          },
                                          {
                                            "total_bytes_written": 0,
                                            "total_bytes_read": 0,
                                            "result_set_size": 728,
                                            "operator_name": "FILTER",
                                            "cpu_time": 0.0,
                                            "extra_info": {
                                              "Expression": "(d_date_sk BETWEEN 2450815 AND 2452653)",
                                              "Estimated Cardinality": "14609"
                                            },
                                            "cumulative_cardinality": 0,
                                            "operator_type": "FILTER",
                                            "operator_cardinality": 91,
                                            "cumulative_rows_scanned": 0,
                                            "operator_rows_scanned": 0,
                                            "operator_timing": 1.0882e-05,
                                            "children": [
                                              {
                                                "total_bytes_written": 0,
                                                "total_bytes_read": 0,
                                                "result_set_size": 728,
                                                "operator_name": "SEQ_SCAN ",
                                                "cpu_time": 0.0,
                                                "extra_info": {
                                                  "Table": "date_dim",
                                                  "Type": "Sequential Scan",
                                                  "Projections": "d_date_sk",
                                                  "Filters": "(CAST(d_date AS TIMESTAMP) BETWEEN '1999-01-14 00:00:00'::TIMESTAMP AND '1999-04-14 00:00:00'::TIMESTAMP)",
                                                  "Estimated Cardinality": "14609"
                                                },
                                                "cumulative_cardinality": 0,
                                                "operator_type": "TABLE_SCAN",
                                                "operator_cardinality": 91,
                                                "cumulative_rows_scanned": 0,
                                                "operator_rows_scanned": 73049,
                                                "operator_timing": 0.000532622,
                                                "children": []
                                              }
                                            ]
                                          }
                                        ]
                                      },
                                      {
                                        "total_bytes_written": 0,
                                        "total_bytes_read": 0,
                                        "result_set_size": 270968,
                                        "operator_name": "PROJECTION",
                                        "cpu_time": 0.0,
                                        "extra_info": {
                                          "Projections": "#1",
                                          "Estimated Cardinality": "20400"
                                        },
                                        "cumulative_cardinality": 0,
                                        "operator_type": "PROJECTION",
                                        "operator_cardinality": 33871,
                                        "cumulative_rows_scanned": 0,
                                        "operator_rows_scanned": 0,
                                        "operator_timing": 7.767999999999999e-06,
                                        "children": [
                                          {
                                            "total_bytes_written": 0,
                                            "total_bytes_read": 0,
                                            "result_set_size": 575807,
                                            "operator_name": "FILTER",
                                            "cpu_time": 0.0,
                                            "extra_info": {
                                              "Expression": "(IN (...) OR ((i_manager_id >= 28) AND (i_manager_id <= 57)))",
                                              "Estimated Cardinality": "20400"
                                            },
                                            "cumulative_cardinality": 0,
                                            "operator_type": "FILTER",
                                            "operator_cardinality": 33871,
                                            "cumulative_rows_scanned": 0,
                                            "operator_rows_scanned": 0,
                                            "operator_timing": 0.0016703749999999993,
                                            "children": [
                                              {
                                                "total_bytes_written": 0,
                                                "total_bytes_read": 0,
                                                "result_set_size": 1734000,
                                                "operator_name": "HASH_JOIN",
                                                "cpu_time": 0.0,
                                                "extra_info": {
                                                  "Join Type": "MARK",
                                                  "Conditions": "i_manufact_id = #0",
                                                  "Estimated Cardinality": "102000"
                                                },
                                                "cumulative_cardinality": 0,
                                                "operator_type": "HASH_JOIN",
                                                "operator_cardinality": 102000,
                                                "cumulative_rows_scanned": 0,
                                                "operator_rows_scanned": 0,
                                                "operator_timing": 0.0006075949999999996,
                                                "children": [
                                                  {
                                                    "total_bytes_written": 0,
                                                    "total_bytes_read": 0,
                                                    "result_set_size": 2448000,
                                                    "operator_name": "SEQ_SCAN ",
                                                    "cpu_time": 0.0,
                                                    "extra_info": {
                                                      "Table": "item",
                                                      "Type": "Sequential Scan",
                                                      "Projections": [
                                                        "i_manufact_id",
                                                        "i_manager_id",
                                                        "i_item_sk"
                                                      ],
                                                      "Estimated Cardinality": "102000"
                                                    },
                                                    "cumulative_cardinality": 0,
                                                    "operator_type": "TABLE_SCAN",
                                                    "operator_cardinality": 102000,
                                                    "cumulative_rows_scanned": 0,
                                                    "operator_rows_scanned": 102000,
                                                    "operator_timing": 0.00023703799999999994,
                                                    "children": []
                                                  },
                                                  {
                                                    "total_bytes_written": 0,
                                                    "total_bytes_read": 0,
                                                    "result_set_size": 40,
                                                    "operator_name": "COLUMN_DATA_SCAN",
                                                    "cpu_time": 0.0,
                                                    "extra_info": {
                                                      "Estimated Cardinality": "0"
                                                    },
                                                    "cumulative_cardinality": 0,
                                                    "operator_type": "COLUMN_DATA_SCAN",
                                                    "operator_cardinality": 5,
                                                    "cumulative_rows_scanned": 0,
                                                    "operator_rows_scanned": 0,
                                                    "operator_timing": 2.964e-06,
                                                    "children": []
                                                  }
                                                ]
                                              }
                                            ]
                                          }
                                        ]
                                      }
                                    ]
                                  },
                                  {
                                    "total_bytes_written": 0,
                                    "total_bytes_read": 0,
                                    "result_set_size": 1630992,
                                    "operator_name": "HASH_JOIN",
                                    "cpu_time": 0.0,
                                    "extra_info": {
                                      "Join Type": "LEFT",
                                      "Conditions": "i_item_sk IS NOT DISTINCT FROM i_item_sk",
                                      "Estimated Cardinality": "0"
                                    },
                                    "cumulative_cardinality": 0,
                                    "operator_type": "HASH_JOIN",
                                    "operator_cardinality": 135916,
                                    "cumulative_rows_scanned": 0,
                                    "operator_rows_scanned": 0,
                                    "operator_timing": 0.0022796570000000005,
                                    "children": [
                                      {
                                        "total_bytes_written": 0,
                                        "total_bytes_read": 0,
                                        "result_set_size": 2718320,
                                        "operator_name": "COLUMN_DATA_SCAN",
                                        "cpu_time": 0.0,
                                        "extra_info": {
                                          "Estimated Cardinality": "0"
                                        },
                                        "cumulative_cardinality": 0,
                                        "operator_type": "COLUMN_DATA_SCAN",
                                        "operator_cardinality": 135916,
                                        "cumulative_rows_scanned": 0,
                                        "operator_rows_scanned": 0,
                                        "operator_timing": 0.00015745999999999997,
                                        "children": []
                                      },
                                      {
                                        "total_bytes_written": 0,
                                        "total_bytes_read": 0,
                                        "result_set_size": 11552,
                                        "operator_name": "PROJECTION",
                                        "cpu_time": 0.0,
                                        "extra_info": {
                                          "Projections": [
                                            "(1.3 * avg(cs_ext_discount_amt))",
                                            "i_item_sk"
                                          ],
                                          "Estimated Cardinality": "255435"
                                        },
                                        "cumulative_cardinality": 0,
                                        "operator_type": "PROJECTION",
                                        "operator_cardinality": 722,
                                        "cumulative_rows_scanned": 0,
                                        "operator_rows_scanned": 0,
                                        "operator_timing": 1.9460000000000003e-05,
                                        "children": [
                                          {
                                            "total_bytes_written": 0,
                                            "total_bytes_read": 0,
                                            "result_set_size": 11552,
                                            "operator_name": "PROJECTION",
                                            "cpu_time": 0.0,
                                            "extra_info": {
                                              "Projections": [
                                                "__internal_decompress_integral_bigint(#0, 1)",
                                                "#1"
                                              ],
                                              "Estimated Cardinality": "255435"
                                            },
                                            "cumulative_cardinality": 0,
                                            "operator_type": "PROJECTION",
                                            "operator_cardinality": 722,
                                            "cumulative_rows_scanned": 0,
                                            "operator_rows_scanned": 0,
                                            "operator_timing": 2.6017999999999997e-05,
                                            "children": [
                                              {
                                                "total_bytes_written": 0,
                                                "total_bytes_read": 0,
                                                "result_set_size": 8664,
                                                "operator_name": "HASH_GROUP_BY",
                                                "cpu_time": 0.0,
                                                "extra_info": {
                                                  "Groups": "#0",
                                                  "Aggregates": "avg(#1)",
                                                  "Estimated Cardinality": "255435"
                                                },
                                                "cumulative_cardinality": 0,
                                                "operator_type": "HASH_GROUP_BY",
                                                "operator_cardinality": 722,
                                                "cumulative_rows_scanned": 0,
                                                "operator_rows_scanned": 0,
                                                "operator_timing": 0.00268154,
                                                "children": [
                                                  {
                                                    "total_bytes_written": 0,
                                                    "total_bytes_read": 0,
                                                    "result_set_size": 5888,
                                                    "operator_name": "PROJECTION",
                                                    "cpu_time": 0.0,
                                                    "extra_info": {
                                                      "Projections": [
                                                        "i_item_sk",
                                                        "cs_ext_discount_amt"
                                                      ],
                                                      "Estimated Cardinality": "510871"
                                                    },
                                                    "cumulative_cardinality": 0,
                                                    "operator_type": "PROJECTION",
                                                    "operator_cardinality": 736,
                                                    "cumulative_rows_scanned": 0,
                                                    "operator_rows_scanned": 0,
                                                    "operator_timing": 6.22e-06,
                                                    "children": [
                                                      {
                                                        "total_bytes_written": 0,
                                                        "total_bytes_read": 0,
                                                        "result_set_size": 11776,
                                                        "operator_name": "PROJECTION",
                                                        "cpu_time": 0.0,
                                                        "extra_info": {
                                                          "Projections": [
                                                            "#0",
                                                            "__internal_compress_integral_uinteger(#1, 1)",
                                                            "#2"
                                                          ],
                                                          "Estimated Cardinality": "510871"
                                                        },
                                                        "cumulative_cardinality": 0,
                                                        "operator_type": "PROJECTION",
                                                        "operator_cardinality": 736,
                                                        "cumulative_rows_scanned": 0,
                                                        "operator_rows_scanned": 0,
                                                        "operator_timing": 2.9657e-05,
                                                        "children": [
                                                          {
                                                            "total_bytes_written": 0,
                                                            "total_bytes_read": 0,
                                                            "result_set_size": 14720,
                                                            "operator_name": "HASH_JOIN",
                                                            "cpu_time": 0.0,
                                                            "extra_info": {
                                                              "Join Type": "INNER",
                                                              "Conditions": "i_item_sk = cs_item_sk",
                                                              "Estimated Cardinality": "510871"
                                                            },
                                                            "cumulative_cardinality": 0,
                                                            "operator_type": "HASH_JOIN",
                                                            "operator_cardinality": 736,
                                                            "cumulative_rows_scanned": 0,
                                                            "operator_rows_scanned": 0,
                                                            "operator_timing": 0.0009819389999999998,
                                                            "children": [
                                                              {
                                                                "total_bytes_written": 0,
                                                                "total_bytes_read": 0,
                                                                "result_set_size": 0,
                                                                "operator_name": "DELIM_SCAN",
                                                                "cpu_time": 0.0,
                                                                "extra_info": {
                                                                  "Delim Index": "1",
                                                                  "Estimated Cardinality": "426311"
                                                                },
                                                                "cumulative_cardinality": 0,
                                                                "operator_type": "DELIM_SCAN",
                                                                "operator_cardinality": 0,
                                                                "cumulative_rows_scanned": 0,
                                                                "operator_rows_scanned": 0,
                                                                "operator_timing": 0.0,
                                                                "children": []
                                                              },
                                                              {
                                                                "total_bytes_written": 0,
                                                                "total_bytes_read": 0,
                                                                "result_set_size": 43280,
                                                                "operator_name": "HASH_JOIN",
                                                                "cpu_time": 0.0,
                                                                "extra_info": {
                                                                  "Join Type": "INNER",
                                                                  "Conditions": "cs_sold_date_sk = d_date_sk",
                                                                  "Estimated Cardinality": "115203"
                                                                },
                                                                "cumulative_cardinality": 0,
                                                                "operator_type": "HASH_JOIN",
                                                                "operator_cardinality": 2164,
                                                                "cumulative_rows_scanned": 0,
                                                                "operator_rows_scanned": 0,
                                                                "operator_timing": 8.2183e-05,
                                                                "children": [
                                                                  {
                                                                    "total_bytes_written": 0,
                                                                    "total_bytes_read": 0,
                                                                    "result_set_size": 43280,
                                                                    "operator_name": "PROJECTION",
                                                                    "cpu_time": 0.0,
                                                                    "extra_info": {
                                                                      "Projections": [
                                                                        "#0",
                                                                        "#1",
                                                                        "#4"
                                                                      ],
                                                                      "Estimated Cardinality": "576050"
                                                                    },
                                                                    "cumulative_cardinality": 0,
                                                                    "operator_type": "PROJECTION",
                                                                    "operator_cardinality": 2164,
                                                                    "cumulative_rows_scanned": 0,
                                                                    "operator_rows_scanned": 0,
                                                                    "operator_timing": 3.347e-06,
                                                                    "children": [
                                                                      {
                                                                        "total_bytes_written": 0,
                                                                        "total_bytes_read": 0,
                                                                        "result_set_size": 60592,
                                                                        "operator_name": "FILTER",
                                                                        "cpu_time": 0.0,
                                                                        "extra_info": {
                                                                          "Expression": "((CAST(cs_sales_price AS DOUBLE) / CAST(cs_list_price AS DOUBLE)) BETWEEN 0.45 AND 0.65)",
                                                                          "Estimated Cardinality": "576050"
                                                                        },
                                                                        "cumulative_cardinality": 0,
                                                                        "operator_type": "FILTER",
                                                                        "operator_cardinality": 2164,
                                                                        "cumulative_rows_scanned": 0,
                                                                        "operator_rows_scanned": 0,
                                                                        "operator_timing": 0.0014800960000000002,
                                                                        "children": [
                                                                          {
                                                                            "total_bytes_written": 0,
                                                                            "total_bytes_read": 0,
                                                                            "result_set_size": 302092,
                                                                            "operator_name": "SEQ_SCAN ",
                                                                            "cpu_time": 0.0,
                                                                            "extra_info": {
                                                                              "Table": "catalog_sales",
                                                                              "Type": "Sequential Scan",
                                                                              "Projections": [
                                                                                "cs_item_sk",
                                                                                "cs_sold_date_sk",
                                                                                "cs_list_price",
                                                                                "cs_sales_price",
                                                                                "cs_ext_discount_amt"
                                                                              ],
                                                                              "Filters": "cs_list_price>=236.00 AND cs_list_price<=265.00",
                                                                              "Estimated Cardinality": "2880252"
                                                                            },
                                                                            "cumulative_cardinality": 0,
                                                                            "operator_type": "TABLE_SCAN",
                                                                            "operator_cardinality": 10789,
                                                                            "cumulative_rows_scanned": 0,
                                                                            "operator_rows_scanned": 172815132,
                                                                            "operator_timing": 0.005135464999999999,
                                                                            "children": []
                                                                          }
                                                                        ]
                                                                      }
                                                                    ]
                                                                  },
                                                                  {
                                                                    "total_bytes_written": 0,
                                                                    "total_bytes_read": 0,
                                                                    "result_set_size": 728,
                                                                    "operator_name": "FILTER",
                                                                    "cpu_time": 0.0,
                                                                    "extra_info": {
                                                                      "Expression": "(d_date_sk BETWEEN 2450815 AND 2452653)",
                                                                      "Estimated Cardinality": "14609"
                                                                    },
                                                                    "cumulative_cardinality": 0,
                                                                    "operator_type": "FILTER",
                                                                    "operator_cardinality": 91,
                                                                    "cumulative_rows_scanned": 0,
                                                                    "operator_rows_scanned": 0,
                                                                    "operator_timing": 1.129e-05,
                                                                    "children": [
                                                                      {
                                                                        "total_bytes_written": 0,
                                                                        "total_bytes_read": 0,
                                                                        "result_set_size": 728,
                                                                        "operator_name": "SEQ_SCAN ",
                                                                        "cpu_time": 0.0,
                                                                        "extra_info": {
                                                                          "Table": "date_dim",
                                                                          "Type": "Sequential Scan",
                                                                          "Projections": "d_date_sk",
                                                                          "Filters": "(CAST(d_date AS TIMESTAMP) BETWEEN '1999-01-14 00:00:00'::TIMESTAMP AND '1999-04-14 00:00:00'::TIMESTAMP)",
                                                                          "Estimated Cardinality": "14609"
                                                                        },
                                                                        "cumulative_cardinality": 0,
                                                                        "operator_type": "TABLE_SCAN",
                                                                        "operator_cardinality": 91,
                                                                        "cumulative_rows_scanned": 0,
                                                                        "operator_rows_scanned": 73049,
                                                                        "operator_timing": 0.000571032,
                                                                        "children": []
                                                                      }
                                                                    ]
                                                                  }
                                                                ]
                                                              }
                                                            ]
                                                          }
                                                        ]
                                                      }
                                                    ]
                                                  }
                                                ]
                                              }
                                            ]
                                          }
                                        ]
                                      }
                                    ]
                                  },
                                  {
                                    "total_bytes_written": 0,
                                    "total_bytes_read": 0,
                                    "result_set_size": 135600,
                                    "operator_name": "HASH_GROUP_BY",
                                    "cpu_time": 0.0,
                                    "extra_info": {
                                      "Groups": "#0",
                                      "Aggregates": "",
                                      "Estimated Cardinality": "426311"
                                    },
                                    "cumulative_cardinality": 0,
                                    "operator_type": "HASH_GROUP_BY",
                                    "operator_cardinality": 16950,
                                    "cumulative_rows_scanned": 0,
                                    "operator_rows_scanned": 0,
                                    "operator_timing": 0.0026536180000000004,
                                    "children": []
                                  }
                                ]
                              }
                            ]
                          }
                        ]
                      }
                    ]
                  }
                ]
              }
            ]
          }
        ]
      }
    ]
  }
}