{
  "benchmark": "dsb",
  "query_id": "query030",
  "source_sql": "research/ado/queries_dsb_sf10_duckdb/multi_block_queries/query030.sql",
  "database": "/mnt/d/TPC-DS/dsb_sf10.duckdb",
  "statement_count": 1,
  "client_elapsed_ms": 76.16184200014686,
  "execution_time_ms": 0.0,
  "plan_json": {
    "total_bytes_written": 0,
    "total_bytes_read": 0,
    "rows_returned": 0,
    "latency": 0.0,
    "result_set_size": 0,
    "query_name": "",
    "blocked_thread_time": 0.0,
    "system_peak_buffer_memory": 0,
    "system_peak_temp_dir_size": 0,
    "cpu_time": 0.0,
    "extra_info": {},
    "cumulative_cardinality": 0,
    "cumulative_rows_scanned": 0,
    "children": [
      {
        "total_bytes_written": 0,
        "total_bytes_read": 0,
        "result_set_size": 0,
        "operator_name": "EXPLAIN_ANALYZE",
        "cpu_time": 0.0,
        "extra_info": {},
        "cumulative_cardinality": 0,
        "operator_type": "EXPLAIN_ANALYZE",
        "operator_cardinality": 0,
        "cumulative_rows_scanned": 0,
        "operator_rows_scanned": 0,
        "operator_timing": 0.0,
        "children": [
          {
            "total_bytes_written": 0,
            "total_bytes_read": 0,
            "result_set_size": 0,
            "operator_name": "CTE",
            "cpu_time": 0.0,
            "extra_info": {
              "CTE Name": "customer_total_return",
              "Table Index": "0",
              "Estimated Cardinality": "6"
            },
            "cumulative_cardinality": 0,
            "operator_type": "CTE",
            "operator_cardinality": 0,
            "cumulative_rows_scanned": 0,
            "operator_rows_scanned": 0,
            "operator_timing": 4.0316e-05,
            "children": [
              {
                "total_bytes_written": 0,
                "total_bytes_read": 0,
                "result_set_size": 43632,
                "operator_name": "PROJECTION",
                "cpu_time": 0.0,
                "extra_info": {
                  "Projections": [
                    "__internal_decompress_integral_bigint(#0, 1)",
                    "__internal_decompress_string(#1)",
                    "__internal_decompress_integral_bigint(#2, 1)",
                    "#3"
                  ],
                  "Estimated Cardinality": "189"
                },
                "cumulative_cardinality": 0,
                "operator_type": "PROJECTION",
                "operator_cardinality": 909,
                "cumulative_rows_scanned": 0,
                "operator_rows_scanned": 0,
                "operator_timing": 5.0458000000000004e-05,
                "children": [
                  {
                    "total_bytes_written": 0,
                    "total_bytes_read": 0,
                    "result_set_size": 22725,
                    "operator_name": "HASH_GROUP_BY",
                    "cpu_time": 0.0,
                    "extra_info": {
                      "Groups": [
                        "#0",
                        "#1",
                        "#2"
                      ],
                      "Aggregates": "sum(#3)",
                      "Estimated Cardinality": "189"
                    },
                    "cumulative_cardinality": 0,
                    "operator_type": "HASH_GROUP_BY",
                    "operator_cardinality": 909,
                    "cumulative_rows_scanned": 0,
                    "operator_rows_scanned": 0,
                    "operator_timing": 0.0017196619999999998,
                    "children": [
                      {
                        "total_bytes_written": 0,
                        "total_bytes_read": 0,
                        "result_set_size": 11817,
                        "operator_name": "PROJECTION",
                        "cpu_time": 0.0,
                        "extra_info": {
                          "Projections": [
                            "wr_returning_customer_sk",
                            "ca_state",
                            "wr_reason_sk",
                            "wr_return_amt"
                          ],
                          "Estimated Cardinality": "189"
                        },
                        "cumulative_cardinality": 0,
                        "operator_type": "PROJECTION",
                        "operator_cardinality": 909,
                        "cumulative_rows_scanned": 0,
                        "operator_rows_scanned": 0,
                        "operator_timing": 1.155e-06,
                        "children": [
                          {
                            "total_bytes_written": 0,
                            "total_bytes_read": 0,
                            "result_set_size": 11817,
                            "operator_name": "PROJECTION",
                            "cpu_time": 0.0,
                            "extra_info": {
                              "Projections": [
                                "__internal_compress_string_uinteger(#0)",
                                "#1",
                                "__internal_compress_integral_uinteger(#2, 1)",
                                "__internal_compress_integral_utinyint(#3, 1)"
                              ],
                              "Estimated Cardinality": "189"
                            },
                            "cumulative_cardinality": 0,
                            "operator_type": "PROJECTION",
                            "operator_cardinality": 909,
                            "cumulative_rows_scanned": 0,
                            "operator_rows_scanned": 0,
                            "operator_timing": 1.1351999999999999e-05,
                            "children": [
                              {
                                "total_bytes_written": 0,
                                "total_bytes_read": 0,
                                "result_set_size": 32724,
                                "operator_name": "HASH_JOIN",
                                "cpu_time": 0.0,
                                "extra_info": {
                                  "Join Type": "INNER",
                                  "Conditions": "ca_address_sk = wr_returning_addr_sk",
                                  "Estimated Cardinality": "189"
                                },
                                "cumulative_cardinality": 0,
                                "operator_type": "HASH_JOIN",
                                "operator_cardinality": 909,
                                "cumulative_rows_scanned": 0,
                                "operator_rows_scanned": 0,
                                "operator_timing": 0.0010820939999999998,
                                "children": [
                                  {
                                    "total_bytes_written": 0,
                                    "total_bytes_read": 0,
                                    "result_set_size": 5977296,
                                    "operator_name": "SEQ_SCAN ",
                                    "cpu_time": 0.0,
                                    "extra_info": {
                                      "Table": "customer_address",
                                      "Type": "Sequential Scan",
                                      "Projections": [
                                        "ca_address_sk",
                                        "ca_state"
                                      ],
                                      "Estimated Cardinality": "250000"
                                    },
                                    "cumulative_cardinality": 0,
                                    "operator_type": "TABLE_SCAN",
                                    "operator_cardinality": 249054,
                                    "cumulative_rows_scanned": 0,
                                    "operator_rows_scanned": 750000,
                                    "operator_timing": 0.0017725729999999997,
                                    "children": []
                                  },
                                  {
                                    "total_bytes_written": 0,
                                    "total_bytes_read": 0,
                                    "result_set_size": 32940,
                                    "operator_name": "HASH_JOIN",
                                    "cpu_time": 0.0,
                                    "extra_info": {
                                      "Join Type": "INNER",
                                      "Conditions": "i_item_sk = wr_item_sk",
                                      "Estimated Cardinality": "209"
                                    },
                                    "cumulative_cardinality": 0,
                                    "operator_type": "HASH_JOIN",
                                    "operator_cardinality": 915,
                                    "cumulative_rows_scanned": 0,
                                    "operator_rows_scanned": 0,
                                    "operator_timing": 0.005295149,
                                    "children": [
                                      {
                                        "total_bytes_written": 0,
                                        "total_bytes_read": 0,
                                        "result_set_size": 23976,
                                        "operator_name": "SEQ_SCAN ",
                                        "cpu_time": 0.0,
                                        "extra_info": {
                                          "Table": "item",
                                          "Type": "Sequential Scan",
                                          "Projections": "i_item_sk",
                                          "Filters": "i_manager_id>=69 AND i_manager_id<=78",
                                          "Estimated Cardinality": "20400"
                                        },
                                        "cumulative_cardinality": 0,
                                        "operator_type": "TABLE_SCAN",
                                        "operator_cardinality": 2997,
                                        "cumulative_rows_scanned": 0,
                                        "operator_rows_scanned": 102000,
                                        "operator_timing": 0.00029256799999999994,
                                        "children": []
                                      },
                                      {
                                        "total_bytes_written": 0,
                                        "total_bytes_read": 0,
                                        "result_set_size": 1332540,
                                        "operator_name": "HASH_JOIN",
                                        "cpu_time": 0.0,
                                        "extra_info": {
                                          "Join Type": "INNER",
                                          "Conditions": "wr_returned_date_sk = d_date_sk",
                                          "Estimated Cardinality": "1151"
                                        },
                                        "cumulative_cardinality": 0,
                                        "operator_type": "HASH_JOIN",
                                        "operator_cardinality": 30285,
                                        "cumulative_rows_scanned": 0,
                                        "operator_rows_scanned": 0,
                                        "operator_timing": 0.000987466,
                                        "children": [
                                          {
                                            "total_bytes_written": 0,
                                            "total_bytes_read": 0,
                                            "result_set_size": 1332540,
                                            "operator_name": "PROJECTION",
                                            "cpu_time": 0.0,
                                            "extra_info": {
                                              "Projections": [
                                                "#0",
                                                "#1",
                                                "#2",
                                                "#3",
                                                "#5",
                                                "#6"
                                              ],
                                              "Estimated Cardinality": "143844"
                                            },
                                            "cumulative_cardinality": 0,
                                            "operator_type": "PROJECTION",
                                            "operator_cardinality": 30285,
                                            "cumulative_rows_scanned": 0,
                                            "operator_rows_scanned": 0,
                                            "operator_timing": 0.000170152,
                                            "children": [
                                              {
                                                "total_bytes_written": 0,
                                                "total_bytes_read": 0,
                                                "result_set_size": 1574820,
                                                "operator_name": "FILTER",
                                                "cpu_time": 0.0,
                                                "extra_info": {
                                                  "Expression": "((CAST(wr_return_amt AS DOUBLE) / CAST(wr_return_quantity AS DOUBLE)) BETWEEN 28.0 AND 57.0)",
                                                  "Estimated Cardinality": "143844"
                                                },
                                                "cumulative_cardinality": 0,
                                                "operator_type": "FILTER",
                                                "operator_cardinality": 30285,
                                                "cumulative_rows_scanned": 0,
                                                "operator_rows_scanned": 0,
                                                "operator_timing": 0.005587792,
                                                "children": [
                                                  {
                                                    "total_bytes_written": 0,
                                                    "total_bytes_read": 0,
                                                    "result_set_size": 7156032,
                                                    "operator_name": "SEQ_SCAN ",
                                                    "cpu_time": 0.0,
                                                    "extra_info": {
                                                      "Table": "web_returns",
                                                      "Type": "Sequential Scan",
                                                      "Projections": [
                                                        "wr_returned_date_sk",
                                                        "wr_returning_addr_sk",
                                                        "wr_item_sk",
                                                        "wr_return_amt",
                                                        "wr_return_quantity",
                                                        "wr_returning_customer_sk",
                                                        "wr_reason_sk"
                                                      ],
                                                      "Estimated Cardinality": "719222"
                                                    },
                                                    "cumulative_cardinality": 0,
                                                    "operator_type": "TABLE_SCAN",
                                                    "operator_cardinality": 137616,
                                                    "cumulative_rows_scanned": 0,
                                                    "operator_rows_scanned": 4315332,
                                                    "operator_timing": 0.009102807000000001,
                                                    "children": []
                                                  }
                                                ]
                                              }
                                            ]
                                          },
                                          {
                                            "total_bytes_written": 0,
                                            "total_bytes_read": 0,
                                            "result_set_size": 2920,
                                            "operator_name": "FILTER",
                                            "cpu_time": 0.0,
                                            "extra_info": {
                                              "Expression": "(d_date_sk BETWEEN 2450821 AND 2452997)",
                                              "Estimated Cardinality": "585"
                                            },
                                            "cumulative_cardinality": 0,
                                            "operator_type": "FILTER",
                                            "operator_cardinality": 365,
                                            "cumulative_rows_scanned": 0,
                                            "operator_rows_scanned": 0,
                                            "operator_timing": 8.901999999999999e-06,
                                            "children": [
                                              {
                                                "total_bytes_written": 0,
                                                "total_bytes_read": 0,
                                                "result_set_size": 2920,
                                                "operator_name": "SEQ_SCAN ",
                                                "cpu_time": 0.0,
                                                "extra_info": {
                                                  "Table": "date_dim",
                                                  "Type": "Sequential Scan",
                                                  "Projections": "d_date_sk",
                                                  "Filters": "d_year=2001",
                                                  "Estimated Cardinality": "585"
                                                },
                                                "cumulative_cardinality": 0,
                                                "operator_type": "TABLE_SCAN",
                                                "operator_cardinality": 365,
                                                "cumulative_rows_scanned": 0,
                                                "operator_rows_scanned": 73049,
                                                "operator_timing": 2.9267999999999998e-05,
                                                "children": []
                                              }
                                            ]
                                          }
                                        ]
                                      }
                                    ]
                                  }
                                ]
                              }
                            ]
                          }
                        ]
                      }
                    ]
                  }
                ]
              },
              {
                "total_bytes_written": 0,
                "total_bytes_read": 0,
                "result_set_size": 0,
                "operator_name": "TOP_N",
                "cpu_time": 0.0,
                "extra_info": {
                  "Top": "100",
                  "Order By": [
                    "dsb_sf10.main.customer.c_customer_id ASC",
                    "dsb_sf10.main.customer.c_salutation ASC",
                    "dsb_sf10.main.customer.c_first_name ASC",
                    "dsb_sf10.main.customer.c_last_name ASC",
                    "dsb_sf10.main.customer.c_preferred_cust_flag ASC",
                    "dsb_sf10.main.customer.c_birth_day ASC",
                    "dsb_sf10.main.customer.c_birth_month ASC",
                    "dsb_sf10.main.customer.c_birth_year ASC",
                    "dsb_sf10.main.customer.c_birth_country ASC",
                    "dsb_sf10.main.customer.c_login ASC",
                    "dsb_sf10.main.customer.c_email_address ASC",
                    "dsb_sf10.main.customer.c_last_review_date_sk ASC",
                    "ctr1.ctr_total_return ASC"
                  ]
                },
                "cumulative_cardinality": 0,
                "operator_type": "TOP_N",
                "operator_cardinality": 0,
                "cumulative_rows_scanned": 0,
                "operator_rows_scanned": 0,
                "operator_timing": 3.74e-07,
                "children": [
                  {
                    "total_bytes_written": 0,
                    "total_bytes_read": 0,
                    "result_set_size": 0,
                    "operator_name": "PROJECTION",
                    "cpu_time": 0.0,
                    "extra_info": {
                      "Projections": [
                        "c_customer_id",
                        "c_salutation",
                        "c_first_name",
                        "c_last_name",
                        "c_preferred_cust_flag",
                        "c_birth_day",
                        "c_birth_month",
                        "c_birth_year",
                        "c_birth_country",
                        "c_login",
                        "c_email_address",
                        "c_last_review_date_sk",
                        "ctr_total_return"
                      ],
                      "Estimated Cardinality": "6"
                    },
                    "cumulative_cardinality": 0,
                    "operator_type": "PROJECTION",
                    "operator_cardinality": 0,
                    "cumulative_rows_scanned": 0,
                    "operator_rows_scanned": 0,
                    "operator_timing": 0.0,
                    "children": [
                      {
                        "total_bytes_written": 0,
                        "total_bytes_read": 0,
                        "result_set_size": 0,
                        "operator_name": "PROJECTION",
                        "cpu_time": 0.0,
                        "extra_info": {
                          "Projections": [
                            "#0",
                            "#1",
                            "#2",
                            "#3",
                            "#4",
                            "#5",
                            "#6",
                            "#7",
                            "#8",
                            "#9",
                            "#10",
                            "#11",
                            "#12"
                          ],
                          "Estimated Cardinality": "6"
                        },
                        "cumulative_cardinality": 0,
                        "operator_type": "PROJECTION",
                        "operator_cardinality": 0,
                        "cumulative_rows_scanned": 0,
                        "operator_rows_scanned": 0,
                        "operator_timing": 0.0,
                        "children": [
                          {
                            "total_bytes_written": 0,
                            "total_bytes_read": 0,
                            "result_set_size": 0,
                            "operator_name": "FILTER",
                            "cpu_time": 0.0,
                            "extra_info": {
                              "Expression": "(CAST(ctr_total_return AS DOUBLE) > SUBQUERY)",
                              "Estimated Cardinality": "6"
                            },
                            "cumulative_cardinality": 0,
                            "operator_type": "FILTER",
                            "operator_cardinality": 0,
                            "cumulative_rows_scanned": 0,
                            "operator_rows_scanned": 0,
                            "operator_timing": 1.1157e-05,
                            "children": [
                              {
                                "total_bytes_written": 0,
                                "total_bytes_read": 0,
                                "result_set_size": 0,
                                "operator_name": "LEFT_DELIM_JOIN",
                                "cpu_time": 0.0,
                                "extra_info": {
                                  "Join Type": "LEFT",
                                  "Conditions": "ctr_state IS NOT DISTINCT FROM ctr_state",
                                  "Estimated Cardinality": "0",
                                  "Delim Index": "1"
                                },
                                "cumulative_cardinality": 0,
                                "operator_type": "LEFT_DELIM_JOIN",
                                "operator_cardinality": 0,
                                "cumulative_rows_scanned": 0,
                                "operator_rows_scanned": 0,
                                "operator_timing": 6.1401e-05,
                                "children": [
                                  {
                                    "total_bytes_written": 0,
                                    "total_bytes_read": 0,
                                    "result_set_size": 196,
                                    "operator_name": "HASH_JOIN",
                                    "cpu_time": 0.0,
                                    "extra_info": {
                                      "Join Type": "INNER",
                                      "Conditions": "ca_address_sk = c_current_addr_sk",
                                      "Estimated Cardinality": "6"
                                    },
                                    "cumulative_cardinality": 0,
                                    "operator_type": "HASH_JOIN",
                                    "operator_cardinality": 1,
                                    "cumulative_rows_scanned": 0,
                                    "operator_rows_scanned": 0,
                                    "operator_timing": 0.000235626,
                                    "children": [
                                      {
                                        "total_bytes_written": 0,
                                        "total_bytes_read": 0,
                                        "result_set_size": 81704,
                                        "operator_name": "PROJECTION",
                                        "cpu_time": 0.0,
                                        "extra_info": {
                                          "Projections": "#0",
                                          "Estimated Cardinality": "50000"
                                        },
                                        "cumulative_cardinality": 0,
                                        "operator_type": "PROJECTION",
                                        "operator_cardinality": 10213,
                                        "cumulative_rows_scanned": 0,
                                        "operator_rows_scanned": 0,
                                        "operator_timing": 3.072e-06,
                                        "children": [
                                          {
                                            "total_bytes_written": 0,
                                            "total_bytes_read": 0,
                                            "result_set_size": 245112,
                                            "operator_name": "FILTER",
                                            "cpu_time": 0.0,
                                            "extra_info": {
                                              "Expression": "((ca_state = 'IA') OR (ca_state = 'MT') OR (ca_state = 'NE') OR (ca_state = 'TX'))",
                                              "Estimated Cardinality": "50000"
                                            },
                                            "cumulative_cardinality": 0,
                                            "operator_type": "FILTER",
                                            "operator_cardinality": 10213,
                                            "cumulative_rows_scanned": 0,
                                            "operator_rows_scanned": 0,
                                            "operator_timing": 0.000764518,
                                            "children": [
                                              {
                                                "total_bytes_written": 0,
                                                "total_bytes_read": 0,
                                                "result_set_size": 1530168,
                                                "operator_name": "SEQ_SCAN ",
                                                "cpu_time": 0.0,
                                                "extra_info": {
                                                  "Table": "customer_address",
                                                  "Type": "Sequential Scan",
                                                  "Projections": "",
                                                  "Filters": "optional: ca_state IN ('IA', 'MT', 'NE', 'TX')",
                                                  "Estimated Cardinality": "250000"
                                                },
                                                "cumulative_cardinality": 0,
                                                "operator_type": "TABLE_SCAN",
                                                "operator_cardinality": 63757,
                                                "cumulative_rows_scanned": 0,
                                                "operator_rows_scanned": 750000,
                                                "operator_timing": 0.000663615,
                                                "children": []
                                              }
                                            ]
                                          }
                                        ]
                                      },
                                      {
                                        "total_bytes_written": 0,
                                        "total_bytes_read": 0,
                                        "result_set_size": 392,
                                        "operator_name": "HASH_JOIN",
                                        "cpu_time": 0.0,
                                        "extra_info": {
                                          "Join Type": "INNER",
                                          "Conditions": "c_customer_sk = ctr_customer_sk",
                                          "Estimated Cardinality": "37"
                                        },
                                        "cumulative_cardinality": 0,
                                        "operator_type": "HASH_JOIN",
                                        "operator_cardinality": 2,
                                        "cumulative_rows_scanned": 0,
                                        "operator_rows_scanned": 0,
                                        "operator_timing": 0.001583366,
                                        "children": [
                                          {
                                            "total_bytes_written": 0,
                                            "total_bytes_read": 0,
                                            "result_set_size": 7157780,
                                            "operator_name": "SEQ_SCAN ",
                                            "cpu_time": 0.0,
                                            "extra_info": {
                                              "Table": "customer",
                                              "Type": "Sequential Scan",
                                              "Projections": "",
                                              "Filters": "c_birth_year>=1938 AND c_birth_year<=1944",
                                              "Estimated Cardinality": "100000"
                                            },
                                            "cumulative_cardinality": 0,
                                            "operator_type": "TABLE_SCAN",
                                            "operator_cardinality": 41615,
                                            "cumulative_rows_scanned": 0,
                                            "operator_rows_scanned": 2500000,
                                            "operator_timing": 0.032062286999999995,
                                            "children": []
                                          },
                                          {
                                            "total_bytes_written": 0,
                                            "total_bytes_read": 0,
                                            "result_set_size": 1640,
                                            "operator_name": "PROJECTION",
                                            "cpu_time": 0.0,
                                            "extra_info": {
                                              "Projections": [
                                                "#0",
                                                "#1",
                                                "#3"
                                              ],
                                              "Estimated Cardinality": "189"
                                            },
                                            "cumulative_cardinality": 0,
                                            "operator_type": "PROJECTION",
                                            "operator_cardinality": 41,
                                            "cumulative_rows_scanned": 0,
                                            "operator_rows_scanned": 0,
                                            "operator_timing": 2.3139999999999998e-06,
                                            "children": [
                                              {
                                                "total_bytes_written": 0,
                                                "total_bytes_read": 0,
                                                "result_set_size": 1968,
                                                "operator_name": "FILTER",
                                                "cpu_time": 0.0,
                                                "extra_info": {
                                                  "Expression": "((ctr_reason_sk = 3) OR (ctr_reason_sk = 31))",
                                                  "Estimated Cardinality": "189"
                                                },
                                                "cumulative_cardinality": 0,
                                                "operator_type": "FILTER",
                                                "operator_cardinality": 41,
                                                "cumulative_rows_scanned": 0,
                                                "operator_rows_scanned": 0,
                                                "operator_timing": 0.000130914,
                                                "children": [
                                                  {
                                                    "total_bytes_written": 0,
                                                    "total_bytes_read": 0,
                                                    "result_set_size": 43632,
                                                    "operator_name": "CTE_SCAN",
                                                    "cpu_time": 0.0,
                                                    "extra_info": {
                                                      "CTE Index": "0",
                                                      "Estimated Cardinality": "189"
                                                    },
                                                    "cumulative_cardinality": 0,
                                                    "operator_type": "CTE_SCAN",
                                                    "operator_cardinality": 909,
                                                    "cumulative_rows_scanned": 0,
                                                    "operator_rows_scanned": 0,
                                                    "operator_timing": 3.7705e-05,
                                                    "children": []
                                                  }
                                                ]
                                              }
                                            ]
                                          }
                                        ]
                                      }
                                    ]
                                  },
                                  {
                                    "total_bytes_written": 0,
                                    "total_bytes_read": 0,
                                    "result_set_size": 180,
                                    "operator_name": "HASH_JOIN",
                                    "cpu_time": 0.0,
                                    "extra_info": {
                                      "Join Type": "LEFT",
                                      "Conditions": "ctr_state IS NOT DISTINCT FROM ctr_state",
                                      "Estimated Cardinality": "0"
                                    },
                                    "cumulative_cardinality": 0,
                                    "operator_type": "HASH_JOIN",
                                    "operator_cardinality": 1,
                                    "cumulative_rows_scanned": 0,
                                    "operator_rows_scanned": 0,
                                    "operator_timing": 0.000106409,
                                    "children": [
                                      {
                                        "total_bytes_written": 0,
                                        "total_bytes_read": 0,
                                        "result_set_size": 196,
                                        "operator_name": "COLUMN_DATA_SCAN",
                                        "cpu_time": 0.0,
                                        "extra_info": {
                                          "Estimated Cardinality": "0"
                                        },
                                        "cumulative_cardinality": 0,
                                        "operator_type": "COLUMN_DATA_SCAN",
                                        "operator_cardinality": 1,
                                        "cumulative_rows_scanned": 0,
                                        "operator_rows_scanned": 0,
                                        "operator_timing": 4.258e-06,
                                        "children": []
                                      },
                                      {
                                        "total_bytes_written": 0,
                                        "total_bytes_read": 0,
                                        "result_set_size": 24,
                                        "operator_name": "PROJECTION",
                                        "cpu_time": 0.0,
                                        "extra_info": {
                                          "Projections": [
                                            "(avg(ctr_total_return) * 1.2)",
                                            "ctr_state"
                                          ],
                                          "Estimated Cardinality": "0"
                                        },
                                        "cumulative_cardinality": 0,
                                        "operator_type": "PROJECTION",
                                        "operator_cardinality": 1,
                                        "cumulative_rows_scanned": 0,
                                        "operator_rows_scanned": 0,
                                        "operator_timing": 2.815e-06,
                                        "children": [
                                          {
                                            "total_bytes_written": 0,
                                            "total_bytes_read": 0,
                                            "result_set_size": 24,
                                            "operator_name": "HASH_GROUP_BY",
                                            "cpu_time": 0.0,
                                            "extra_info": {
                                              "Groups": "#0",
                                              "Aggregates": "avg(#1)",
                                              "Estimated Cardinality": "0"
                                            },
                                            "cumulative_cardinality": 0,
                                            "operator_type": "HASH_GROUP_BY",
                                            "operator_cardinality": 1,
                                            "cumulative_rows_scanned": 0,
                                            "operator_rows_scanned": 0,
                                            "operator_timing": 0.0008994729999999999,
                                            "children": [
                                              {
                                                "total_bytes_written": 0,
                                                "total_bytes_read": 0,
                                                "result_set_size": 608,
                                                "operator_name": "PROJECTION",
                                                "cpu_time": 0.0,
                                                "extra_info": {
                                                  "Projections": [
                                                    "ctr_state",
                                                    "ctr_total_return"
                                                  ],
                                                  "Estimated Cardinality": "0"
                                                },
                                                "cumulative_cardinality": 0,
                                                "operator_type": "PROJECTION",
                                                "operator_cardinality": 19,
                                                "cumulative_rows_scanned": 0,
                                                "operator_rows_scanned": 0,
                                                "operator_timing": 1.608e-06,
                                                "children": [
                                                  {
                                                    "total_bytes_written": 0,
                                                    "total_bytes_read": 0,
                                                    "result_set_size": 912,
                                                    "operator_name": "HASH_JOIN",
                                                    "cpu_time": 0.0,
                                                    "extra_info": {
                                                      "Join Type": "INNER",
                                                      "Conditions": "ctr_state = ctr_state",
                                                      "Estimated Cardinality": "0"
                                                    },
                                                    "cumulative_cardinality": 0,
                                                    "operator_type": "HASH_JOIN",
                                                    "operator_cardinality": 19,
                                                    "cumulative_rows_scanned": 0,
                                                    "operator_rows_scanned": 0,
                                                    "operator_timing": 0.00034892700000000007,
                                                    "children": [
                                                      {
                                                        "total_bytes_written": 0,
                                                        "total_bytes_read": 0,
                                                        "result_set_size": 43632,
                                                        "operator_name": "CTE_SCAN",
                                                        "cpu_time": 0.0,
                                                        "extra_info": {
                                                          "CTE Index": "0",
                                                          "Estimated Cardinality": "189"
                                                        },
                                                        "cumulative_cardinality": 0,
                                                        "operator_type": "CTE_SCAN",
                                                        "operator_cardinality": 909,
                                                        "cumulative_rows_scanned": 0,
                                                        "operator_rows_scanned": 0,
                                                        "operator_timing": 4.9796e-05,
                                                        "children": []
                                                      },
                                                      {
                                                        "total_bytes_written": 0,
                                                        "total_bytes_read": 0,
                                                        "result_set_size": 0,
                                                        "operator_name": "DELIM_SCAN",
                                                        "cpu_time": 0.0,
                                                        "extra_info": {
                                                          "Delim Index": "1",
                                                          "Estimated Cardinality": "5"
                                                        },
                                                        "cumulative_cardinality": 0,
                                                        "operator_type": "DELIM_SCAN",
                                                        "operator_cardinality": 0,
                                                        "cumulative_rows_scanned": 0,
                                                        "operator_rows_scanned": 0,
                                                        "operator_timing": 0.0,
                                                        "children": []
                                                      }
                                                    ]
                                                  }
                                                ]
                                              }
                                            ]
                                          }
                                        ]
                                      }
                                    ]
                                  },
                                  {
                                    "total_bytes_written": 0,
                                    "total_bytes_read": 0,
                                    "result_set_size": 16,
                                    "operator_name": "HASH_GROUP_BY",
                                    "cpu_time": 0.0,
                                    "extra_info": {
                                      "Groups": "#13",
                                      "Aggregates": "",
                                      "Estimated Cardinality": "5"
                                    },
                                    "cumulative_cardinality": 0,
                                    "operator_type": "HASH_GROUP_BY",
                                    "operator_cardinality": 1,
                                    "cumulative_rows_scanned": 0,
                                    "operator_rows_scanned": 0,
                                    "operator_timing": 0.000833833,
                                    "children": []
                                  }
                                ]
                              }
                            ]
                          }
                        ]
                      }
                    ]
                  }
                ]
              }
            ]
          }
        ]
      }
    ]
  }
}