{
  "benchmark": "dsb",
  "query_id": "query102",
  "source_sql": "research/ado/queries_dsb_sf10_duckdb/agg_queries/query102.sql",
  "database": "/mnt/d/TPC-DS/dsb_sf10.duckdb",
  "statement_count": 1,
  "client_elapsed_ms": 115.65958200299065,
  "execution_time_ms": 0.0,
  "plan_json": {
    "total_bytes_written": 0,
    "total_bytes_read": 0,
    "rows_returned": 0,
    "latency": 0.0,
    "result_set_size": 0,
    "query_name": "",
    "blocked_thread_time": 0.0,
    "system_peak_buffer_memory": 0,
    "system_peak_temp_dir_size": 0,
    "cpu_time": 0.0,
    "extra_info": {},
    "cumulative_cardinality": 0,
    "cumulative_rows_scanned": 0,
    "children": [
      {
        "total_bytes_written": 0,
        "total_bytes_read": 0,
        "result_set_size": 0,
        "operator_name": "EXPLAIN_ANALYZE",
        "cpu_time": 0.0,
        "extra_info": {},
        "cumulative_cardinality": 0,
        "operator_type": "EXPLAIN_ANALYZE",
        "operator_cardinality": 0,
        "cumulative_rows_scanned": 0,
        "operator_rows_scanned": 0,
        "operator_timing": 0.0,
        "children": [
          {
            "total_bytes_written": 0,
            "total_bytes_read": 0,
            "result_set_size": 0,
            "operator_name": "PROJECTION",
            "cpu_time": 0.0,
            "extra_info": {
              "Projections": [
                "__internal_decompress_string(#0)",
                "__internal_decompress_string(#1)",
                "__internal_decompress_string(#2)",
                "__internal_decompress_integral_integer(#3, -1)",
                "#4"
              ],
              "Estimated Cardinality": "0"
            },
            "cumulative_cardinality": 0,
            "operator_type": "PROJECTION",
            "operator_cardinality": 0,
            "cumulative_rows_scanned": 0,
            "operator_rows_scanned": 0,
            "operator_timing": 0.0,
            "children": [
              {
                "total_bytes_written": 0,
                "total_bytes_read": 0,
                "result_set_size": 0,
                "operator_name": "ORDER_BY",
                "cpu_time": 0.0,
                "extra_info": {
                  "Order By": "count_star() ASC"
                },
                "cumulative_cardinality": 0,
                "operator_type": "ORDER_BY",
                "operator_cardinality": 0,
                "cumulative_rows_scanned": 0,
                "operator_rows_scanned": 0,
                "operator_timing": 7.06e-07,
                "children": [
                  {
                    "total_bytes_written": 0,
                    "total_bytes_read": 0,
                    "result_set_size": 0,
                    "operator_name": "PROJECTION",
                    "cpu_time": 0.0,
                    "extra_info": {
                      "Projections": [
                        "__internal_compress_string_utinyint(#0)",
                        "__internal_compress_string_utinyint(#1)",
                        "__internal_compress_string_uhugeint(#2)",
                        "__internal_compress_integral_utinyint(#3, -1)",
                        "#4"
                      ],
                      "Estimated Cardinality": "983726831"
                    },
                    "cumulative_cardinality": 0,
                    "operator_type": "PROJECTION",
                    "operator_cardinality": 0,
                    "cumulative_rows_scanned": 0,
                    "operator_rows_scanned": 0,
                    "operator_timing": 0.0,
                    "children": [
                      {
                        "total_bytes_written": 0,
                        "total_bytes_read": 0,
                        "result_set_size": 0,
                        "operator_name": "PROJECTION",
                        "cpu_time": 0.0,
                        "extra_info": {
                          "Projections": [
                            "__internal_decompress_string(#0)",
                            "__internal_decompress_string(#1)",
                            "__internal_decompress_string(#2)",
                            "__internal_decompress_integral_integer(#3, -1)",
                            "#4"
                          ],
                          "Estimated Cardinality": "983726831"
                        },
                        "cumulative_cardinality": 0,
                        "operator_type": "PROJECTION",
                        "operator_cardinality": 0,
                        "cumulative_rows_scanned": 0,
                        "operator_rows_scanned": 0,
                        "operator_timing": 0.0,
                        "children": [
                          {
                            "total_bytes_written": 0,
                            "total_bytes_read": 0,
                            "result_set_size": 0,
                            "operator_name": "HASH_GROUP_BY",
                            "cpu_time": 0.0,
                            "extra_info": {
                              "Groups": [
                                "#0",
                                "#1",
                                "#2",
                                "#3"
                              ],
                              "Aggregates": "count_star()",
                              "Estimated Cardinality": "983726831"
                            },
                            "cumulative_cardinality": 0,
                            "operator_type": "HASH_GROUP_BY",
                            "operator_cardinality": 0,
                            "cumulative_rows_scanned": 0,
                            "operator_rows_scanned": 0,
                            "operator_timing": 1.181e-06,
                            "children": [
                              {
                                "total_bytes_written": 0,
                                "total_bytes_read": 0,
                                "result_set_size": 0,
                                "operator_name": "PROJECTION",
                                "cpu_time": 0.0,
                                "extra_info": {
                                  "Projections": [
                                    "cd_gender",
                                    "cd_marital_status",
                                    "cd_education_status",
                                    "hd_vehicle_count"
                                  ],
                                  "Estimated Cardinality": "983730686"
                                },
                                "cumulative_cardinality": 0,
                                "operator_type": "PROJECTION",
                                "operator_cardinality": 0,
                                "cumulative_rows_scanned": 0,
                                "operator_rows_scanned": 0,
                                "operator_timing": 0.0,
                                "children": [
                                  {
                                    "total_bytes_written": 0,
                                    "total_bytes_read": 0,
                                    "result_set_size": 0,
                                    "operator_name": "PROJECTION",
                                    "cpu_time": 0.0,
                                    "extra_info": {
                                      "Projections": [
                                        "__internal_compress_integral_utinyint(#0, 1)",
                                        "__internal_compress_integral_uinteger(#1, 1)",
                                        "__internal_compress_integral_usmallint(#2, 2450816)",
                                        "__internal_compress_integral_usmallint(#3, 0)",
                                        "__internal_compress_integral_utinyint(#7, -1)",
                                        "__internal_compress_string_utinyint(#4)",
                                        "__internal_compress_string_utinyint(#5)",
                                        "__internal_compress_string_uhugeint(#6)"
                                      ],
                                      "Estimated Cardinality": "983730686"
                                    },
                                    "cumulative_cardinality": 0,
                                    "operator_type": "PROJECTION",
                                    "operator_cardinality": 0,
                                    "cumulative_rows_scanned": 0,
                                    "operator_rows_scanned": 0,
                                    "operator_timing": 0.0,
                                    "children": [
                                      {
                                        "total_bytes_written": 0,
                                        "total_bytes_read": 0,
                                        "result_set_size": 0,
                                        "operator_name": "HASH_JOIN",
                                        "cpu_time": 0.0,
                                        "extra_info": {
                                          "Join Type": "INNER",
                                          "Conditions": [
                                            "inv_item_sk = i_item_sk",
                                            "inv_warehouse_sk = w_warehouse_sk",
                                            "inv_date_sk = ss_sold_date_sk",
                                            "CAST(inv_quantity_on_hand AS BIGINT) >= ss_quantity"
                                          ],
                                          "Estimated Cardinality": "983730686"
                                        },
                                        "cumulative_cardinality": 0,
                                        "operator_type": "HASH_JOIN",
                                        "operator_cardinality": 0,
                                        "cumulative_rows_scanned": 0,
                                        "operator_rows_scanned": 0,
                                        "operator_timing": 0.00017182799999999998,
                                        "children": [
                                          {
                                            "total_bytes_written": 0,
                                            "total_bytes_read": 0,
                                            "result_set_size": 686784,
                                            "operator_name": "SEQ_SCAN ",
                                            "cpu_time": 0.0,
                                            "extra_info": {
                                              "Table": "inventory",
                                              "Type": "Sequential Scan",
                                              "Projections": [
                                                "inv_warehouse_sk",
                                                "inv_item_sk",
                                                "inv_date_sk",
                                                "inv_quantity_on_hand"
                                              ],
                                              "Filters": "inv_date_sk>=2450816",
                                              "Estimated Cardinality": "133110000"
                                            },
                                            "cumulative_cardinality": 0,
                                            "operator_type": "TABLE_SCAN",
                                            "operator_cardinality": 24528,
                                            "cumulative_rows_scanned": 0,
                                            "operator_rows_scanned": 1597320000,
                                            "operator_timing": 0.000267848,
                                            "children": []
                                          },
                                          {
                                            "total_bytes_written": 0,
                                            "total_bytes_read": 0,
                                            "result_set_size": 0,
                                            "operator_name": "HASH_JOIN",
                                            "cpu_time": 0.0,
                                            "extra_info": {
                                              "Join Type": "INNER",
                                              "Conditions": "ws_warehouse_sk = w_warehouse_sk",
                                              "Estimated Cardinality": "712933"
                                            },
                                            "cumulative_cardinality": 0,
                                            "operator_type": "HASH_JOIN",
                                            "operator_cardinality": 0,
                                            "cumulative_rows_scanned": 0,
                                            "operator_rows_scanned": 0,
                                            "operator_timing": 0.00013771999999999998,
                                            "children": [
                                              {
                                                "total_bytes_written": 0,
                                                "total_bytes_read": 0,
                                                "result_set_size": 0,
                                                "operator_name": "HASH_JOIN",
                                                "cpu_time": 0.0,
                                                "extra_info": {
                                                  "Join Type": "INNER",
                                                  "Conditions": "c_customer_sk = ss_customer_sk",
                                                  "Estimated Cardinality": "23065"
                                                },
                                                "cumulative_cardinality": 0,
                                                "operator_type": "HASH_JOIN",
                                                "operator_cardinality": 0,
                                                "cumulative_rows_scanned": 0,
                                                "operator_rows_scanned": 0,
                                                "operator_timing": 0.000213981,
                                                "children": [
                                                  {
                                                    "total_bytes_written": 0,
                                                    "total_bytes_read": 0,
                                                    "result_set_size": 47820,
                                                    "operator_name": "HASH_JOIN",
                                                    "cpu_time": 0.0,
                                                    "extra_info": {
                                                      "Join Type": "INNER",
                                                      "Conditions": "c_current_hdemo_sk = hd_demo_sk",
                                                      "Estimated Cardinality": "82127"
                                                    },
                                                    "cumulative_cardinality": 0,
                                                    "operator_type": "HASH_JOIN",
                                                    "operator_cardinality": 797,
                                                    "cumulative_rows_scanned": 0,
                                                    "operator_rows_scanned": 0,
                                                    "operator_timing": 0.000578286,
                                                    "children": [
                                                      {
                                                        "total_bytes_written": 0,
                                                        "total_bytes_read": 0,
                                                        "result_set_size": 60224,
                                                        "operator_name": "HASH_JOIN",
                                                        "cpu_time": 0.0,
                                                        "extra_info": {
                                                          "Join Type": "INNER",
                                                          "Conditions": "cd_demo_sk = c_current_cdemo_sk",
                                                          "Estimated Cardinality": "82127"
                                                        },
                                                        "cumulative_cardinality": 0,
                                                        "operator_type": "HASH_JOIN",
                                                        "operator_cardinality": 941,
                                                        "cumulative_rows_scanned": 0,
                                                        "operator_rows_scanned": 0,
                                                        "operator_timing": 0.007548822,
                                                        "children": [
                                                          {
                                                            "total_bytes_written": 0,
                                                            "total_bytes_read": 0,
                                                            "result_set_size": 8255856,
                                                            "operator_name": "SEQ_SCAN ",
                                                            "cpu_time": 0.0,
                                                            "extra_info": {
                                                              "Table": "customer_demographics",
                                                              "Type": "Sequential Scan",
                                                              "Projections": [
                                                                "cd_demo_sk",
                                                                "cd_gender",
                                                                "cd_marital_status",
                                                                "cd_education_status"
                                                              ],
                                                              "Filters": "cd_demo_sk>=4 AND cd_demo_sk<=1920791",
                                                              "Estimated Cardinality": "1920800"
                                                            },
                                                            "cumulative_cardinality": 0,
                                                            "operator_type": "TABLE_SCAN",
                                                            "operator_cardinality": 147426,
                                                            "cumulative_rows_scanned": 0,
                                                            "operator_rows_scanned": 23049600,
                                                            "operator_timing": 0.0012822340000000002,
                                                            "children": []
                                                          },
                                                          {
                                                            "total_bytes_written": 0,
                                                            "total_bytes_read": 0,
                                                            "result_set_size": 1792032,
                                                            "operator_name": "HASH_JOIN",
                                                            "cpu_time": 0.0,
                                                            "extra_info": {
                                                              "Join Type": "INNER",
                                                              "Conditions": "c_current_addr_sk = ca_address_sk",
                                                              "Estimated Cardinality": "82127"
                                                            },
                                                            "cumulative_cardinality": 0,
                                                            "operator_type": "HASH_JOIN",
                                                            "operator_cardinality": 56001,
                                                            "cumulative_rows_scanned": 0,
                                                            "operator_rows_scanned": 0,
                                                            "operator_timing": 0.002775382,
                                                            "children": [
                                                              {
                                                                "total_bytes_written": 0,
                                                                "total_bytes_read": 0,
                                                                "result_set_size": 15999008,
                                                                "operator_name": "SEQ_SCAN ",
                                                                "cpu_time": 0.0,
                                                                "extra_info": {
                                                                  "Table": "customer",
                                                                  "Type": "Sequential Scan",
                                                                  "Projections": [
                                                                    "c_customer_sk",
                                                                    "c_current_cdemo_sk",
                                                                    "c_current_hdemo_sk",
                                                                    "c_current_addr_sk"
                                                                  ],
                                                                  "Filters": "c_customer_sk>=2 AND c_customer_sk<=499998",
                                                                  "Estimated Cardinality": "500000"
                                                                },
                                                                "cumulative_cardinality": 0,
                                                                "operator_type": "TABLE_SCAN",
                                                                "operator_cardinality": 499969,
                                                                "cumulative_rows_scanned": 0,
                                                                "operator_rows_scanned": 2500000,
                                                                "operator_timing": 0.003522232,
                                                                "children": []
                                                              },
                                                              {
                                                                "total_bytes_written": 0,
                                                                "total_bytes_read": 0,
                                                                "result_set_size": 223832,
                                                                "operator_name": "PROJECTION",
                                                                "cpu_time": 0.0,
                                                                "extra_info": {
                                                                  "Projections": "#0",
                                                                  "Estimated Cardinality": "50000"
                                                                },
                                                                "cumulative_cardinality": 0,
                                                                "operator_type": "PROJECTION",
                                                                "operator_cardinality": 27979,
                                                                "cumulative_rows_scanned": 0,
                                                                "operator_rows_scanned": 0,
                                                                "operator_timing": 1.7756999999999993e-05,
                                                                "children": [
                                                                  {
                                                                    "total_bytes_written": 0,
                                                                    "total_bytes_read": 0,
                                                                    "result_set_size": 251811,
                                                                    "operator_name": "FILTER",
                                                                    "cpu_time": 0.0,
                                                                    "extra_info": {
                                                                      "Expression": "IN (...)",
                                                                      "Estimated Cardinality": "50000"
                                                                    },
                                                                    "cumulative_cardinality": 0,
                                                                    "operator_type": "FILTER",
                                                                    "operator_cardinality": 27979,
                                                                    "cumulative_rows_scanned": 0,
                                                                    "operator_rows_scanned": 0,
                                                                    "operator_timing": 0.0006851840000000001,
                                                                    "children": [
                                                                      {
                                                                        "total_bytes_written": 0,
                                                                        "total_bytes_read": 0,
                                                                        "result_set_size": 2250000,
                                                                        "operator_name": "HASH_JOIN",
                                                                        "cpu_time": 0.0,
                                                                        "extra_info": {
                                                                          "Join Type": "MARK",
                                                                          "Conditions": "ca_state = #0",
                                                                          "Estimated Cardinality": "250000"
                                                                        },
                                                                        "cumulative_cardinality": 0,
                                                                        "operator_type": "HASH_JOIN",
                                                                        "operator_cardinality": 250000,
                                                                        "cumulative_rows_scanned": 0,
                                                                        "operator_rows_scanned": 0,
                                                                        "operator_timing": 0.0045777380000000005,
                                                                        "children": [
                                                                          {
                                                                            "total_bytes_written": 0,
                                                                            "total_bytes_read": 0,
                                                                            "result_set_size": 6000000,
                                                                            "operator_name": "SEQ_SCAN ",
                                                                            "cpu_time": 0.0,
                                                                            "extra_info": {
                                                                              "Table": "customer_address",
                                                                              "Type": "Sequential Scan",
                                                                              "Projections": [
                                                                                "ca_address_sk",
                                                                                "ca_state"
                                                                              ],
                                                                              "Filters": "optional: ca_state IN ('IN', 'LA', 'NE', 'NM', 'OH')",
                                                                              "Estimated Cardinality": "250000"
                                                                            },
                                                                            "cumulative_cardinality": 0,
                                                                            "operator_type": "TABLE_SCAN",
                                                                            "operator_cardinality": 250000,
                                                                            "cumulative_rows_scanned": 0,
                                                                            "operator_rows_scanned": 750000,
                                                                            "operator_timing": 0.0019027359999999997,
                                                                            "children": []
                                                                          },
                                                                          {
                                                                            "total_bytes_written": 0,
                                                                            "total_bytes_read": 0,
                                                                            "result_set_size": 80,
                                                                            "operator_name": "COLUMN_DATA_SCAN",
                                                                            "cpu_time": 0.0,
                                                                            "extra_info": {
                                                                              "Estimated Cardinality": "0"
                                                                            },
                                                                            "cumulative_cardinality": 0,
                                                                            "operator_type": "COLUMN_DATA_SCAN",
                                                                            "operator_cardinality": 5,
                                                                            "cumulative_rows_scanned": 0,
                                                                            "operator_rows_scanned": 0,
                                                                            "operator_timing": 4.6209999999999995e-06,
                                                                            "children": []
                                                                          }
                                                                        ]
                                                                      }
                                                                    ]
                                                                  }
                                                                ]
                                                              }
                                                            ]
                                                          }
                                                        ]
                                                      },
                                                      {
                                                        "total_bytes_written": 0,
                                                        "total_bytes_read": 0,
                                                        "result_set_size": 86400,
                                                        "operator_name": "SEQ_SCAN ",
                                                        "cpu_time": 0.0,
                                                        "extra_info": {
                                                          "Table": "household_demographics",
                                                          "Type": "Sequential Scan",
                                                          "Projections": [
                                                            "hd_demo_sk",
                                                            "hd_vehicle_count"
                                                          ],
                                                          "Estimated Cardinality": "7200"
                                                        },
                                                        "cumulative_cardinality": 0,
                                                        "operator_type": "TABLE_SCAN",
                                                        "operator_cardinality": 7200,
                                                        "cumulative_rows_scanned": 0,
                                                        "operator_rows_scanned": 7200,
                                                        "operator_timing": 1.5943000000000003e-05,
                                                        "children": []
                                                      }
                                                    ]
                                                  },
                                                  {
                                                    "total_bytes_written": 0,
                                                    "total_bytes_read": 0,
                                                    "result_set_size": 0,
                                                    "operator_name": "HASH_JOIN",
                                                    "cpu_time": 0.0,
                                                    "extra_info": {
                                                      "Join Type": "INNER",
                                                      "Conditions": [
                                                        "ss_sold_date_sk = d_date_sk",
                                                        "ss_item_sk = i_item_sk",
                                                        "ss_customer_sk = ws_bill_customer_sk"
                                                      ],
                                                      "Estimated Cardinality": "70212"
                                                    },
                                                    "cumulative_cardinality": 0,
                                                    "operator_type": "HASH_JOIN",
                                                    "operator_cardinality": 0,
                                                    "cumulative_rows_scanned": 0,
                                                    "operator_rows_scanned": 0,
                                                    "operator_timing": 0.19111708400000005,
                                                    "children": [
                                                      {
                                                        "total_bytes_written": 0,
                                                        "total_bytes_read": 0,
                                                        "result_set_size": 170769760,
                                                        "operator_name": "FILTER",
                                                        "cpu_time": 0.0,
                                                        "extra_info": {
                                                          "Expression": "(ss_sold_date_sk <= 2452635)",
                                                          "Estimated Cardinality": "28800991"
                                                        },
                                                        "cumulative_cardinality": 0,
                                                        "operator_type": "FILTER",
                                                        "operator_cardinality": 5336555,
                                                        "cumulative_rows_scanned": 0,
                                                        "operator_rows_scanned": 0,
                                                        "operator_timing": 0.028865077000000027,
                                                        "children": [
                                                          {
                                                            "total_bytes_written": 0,
                                                            "total_bytes_read": 0,
                                                            "result_set_size": 170769760,
                                                            "operator_name": "SEQ_SCAN ",
                                                            "cpu_time": 0.0,
                                                            "extra_info": {
                                                              "Table": "store_sales",
                                                              "Type": "Sequential Scan",
                                                              "Projections": [
                                                                "ss_item_sk",
                                                                "ss_sold_date_sk",
                                                                "ss_customer_sk",
                                                                "ss_quantity"
                                                              ],
                                                              "Filters": "ss_customer_sk>=2 AND ss_customer_sk<=499998",
                                                              "Estimated Cardinality": "28800991"
                                                            },
                                                            "cumulative_cardinality": 0,
                                                            "operator_type": "TABLE_SCAN",
                                                            "operator_cardinality": 5336555,
                                                            "cumulative_rows_scanned": 0,
                                                            "operator_rows_scanned": 345611892,
                                                            "operator_timing": 0.4273363059999999,
                                                            "children": []
                                                          }
                                                        ]
                                                      },
                                                      {
                                                        "total_bytes_written": 0,
                                                        "total_bytes_read": 0,
                                                        "result_set_size": 9443296,
                                                        "operator_name": "HASH_JOIN",
                                                        "cpu_time": 0.0,
                                                        "extra_info": {
                                                          "Join Type": "INNER",
                                                          "Conditions": "ws_item_sk = i_item_sk",
                                                          "Estimated Cardinality": "50993"
                                                        },
                                                        "cumulative_cardinality": 0,
                                                        "operator_type": "HASH_JOIN",
                                                        "operator_cardinality": 295103,
                                                        "cumulative_rows_scanned": 0,
                                                        "operator_rows_scanned": 0,
                                                        "operator_timing": 0.03785846199999999,
                                                        "children": [
                                                          {
                                                            "total_bytes_written": 0,
                                                            "total_bytes_read": 0,
                                                            "result_set_size": 288279680,
                                                            "operator_name": "HASH_JOIN",
                                                            "cpu_time": 0.0,
                                                            "extra_info": {
                                                              "Join Type": "INNER",
                                                              "Conditions": "ws_sold_date_sk = d_date_sk",
                                                              "Estimated Cardinality": "241137"
                                                            },
                                                            "cumulative_cardinality": 0,
                                                            "operator_type": "HASH_JOIN",
                                                            "operator_cardinality": 9008740,
                                                            "cumulative_rows_scanned": 0,
                                                            "operator_rows_scanned": 0,
                                                            "operator_timing": 0.06869907599999998,
                                                            "children": [
                                                              {
                                                                "total_bytes_written": 0,
                                                                "total_bytes_read": 0,
                                                                "result_set_size": 9772032,
                                                                "operator_name": "SEQ_SCAN ",
                                                                "cpu_time": 0.0,
                                                                "extra_info": {
                                                                  "Table": "web_sales",
                                                                  "Type": "Sequential Scan",
                                                                  "Projections": [
                                                                    "ws_item_sk",
                                                                    "ws_sold_date_sk",
                                                                    "ws_bill_customer_sk",
                                                                    "ws_warehouse_sk"
                                                                  ],
                                                                  "Filters": "ws_wholesale_cost>=80.00 AND ws_wholesale_cost<=100.00",
                                                                  "Estimated Cardinality": "1439513"
                                                                },
                                                                "cumulative_cardinality": 0,
                                                                "operator_type": "TABLE_SCAN",
                                                                "operator_cardinality": 305376,
                                                                "cumulative_rows_scanned": 0,
                                                                "operator_rows_scanned": 86370792,
                                                                "operator_timing": 0.07950338699999998,
                                                                "children": []
                                                              },
                                                              {
                                                                "total_bytes_written": 0,
                                                                "total_bytes_read": 0,
                                                                "result_set_size": 271560,
                                                                "operator_name": "PIECEWISE_MERGE_JOIN",
                                                                "cpu_time": 0.0,
                                                                "extra_info": {
                                                                  "Join Type": "INNER",
                                                                  "Conditions": [
                                                                    "CAST(d_date AS TIMESTAMP) >= CAST(d_date AS TIMESTAMP)",
                                                                    "CAST(d_date AS TIMESTAMP) <= (d_date + '30 days'::INTERVAL)"
                                                                  ],
                                                                  "Estimated Cardinality": "12236"
                                                                },
                                                                "cumulative_cardinality": 0,
                                                                "operator_type": "PIECEWISE_MERGE_JOIN",
                                                                "operator_cardinality": 11315,
                                                                "cumulative_rows_scanned": 0,
                                                                "operator_rows_scanned": 0,
                                                                "operator_timing": 0.006319382999999999,
                                                                "children": [
                                                                  {
                                                                    "total_bytes_written": 0,
                                                                    "total_bytes_read": 0,
                                                                    "result_set_size": 21924,
                                                                    "operator_name": "SEQ_SCAN ",
                                                                    "cpu_time": 0.0,
                                                                    "extra_info": {
                                                                      "Table": "date_dim",
                                                                      "Type": "Sequential Scan",
                                                                      "Projections": [
                                                                        "d_date_sk",
                                                                        "d_date"
                                                                      ],
                                                                      "Filters": "d_date_sk>=2450816 AND d_date_sk<=2452642",
                                                                      "Estimated Cardinality": "73049"
                                                                    },
                                                                    "cumulative_cardinality": 0,
                                                                    "operator_type": "TABLE_SCAN",
                                                                    "operator_cardinality": 1827,
                                                                    "cumulative_rows_scanned": 0,
                                                                    "operator_rows_scanned": 73049,
                                                                    "operator_timing": 0.000141519,
                                                                    "children": []
                                                                  },
                                                                  {
                                                                    "total_bytes_written": 0,
                                                                    "total_bytes_read": 0,
                                                                    "result_set_size": 4380,
                                                                    "operator_name": "FILTER",
                                                                    "cpu_time": 0.0,
                                                                    "extra_info": {
                                                                      "Expression": "(d_date_sk BETWEEN 2450816 AND 2452635)",
                                                                      "Estimated Cardinality": "585"
                                                                    },
                                                                    "cumulative_cardinality": 0,
                                                                    "operator_type": "FILTER",
                                                                    "operator_cardinality": 365,
                                                                    "cumulative_rows_scanned": 0,
                                                                    "operator_rows_scanned": 0,
                                                                    "operator_timing": 1.0133e-05,
                                                                    "children": [
                                                                      {
                                                                        "total_bytes_written": 0,
                                                                        "total_bytes_read": 0,
                                                                        "result_set_size": 4380,
                                                                        "operator_name": "SEQ_SCAN ",
                                                                        "cpu_time": 0.0,
                                                                        "extra_info": {
                                                                          "Table": "date_dim",
                                                                          "Type": "Sequential Scan",
                                                                          "Projections": [
                                                                            "d_date_sk",
                                                                            "d_date"
                                                                          ],
                                                                          "Filters": "d_year=2001",
                                                                          "Estimated Cardinality": "585"
                                                                        },
                                                                        "cumulative_cardinality": 0,
                                                                        "operator_type": "TABLE_SCAN",
                                                                        "operator_cardinality": 365,
                                                                        "cumulative_rows_scanned": 0,
                                                                        "operator_rows_scanned": 73049,
                                                                        "operator_timing": 5.2561e-05,
                                                                        "children": []
                                                                      }
                                                                    ]
                                                                  }
                                                                ]
                                                              }
                                                            ]
                                                          },
                                                          {
                                                            "total_bytes_written": 0,
                                                            "total_bytes_read": 0,
                                                            "result_set_size": 26392,
                                                            "operator_name": "PROJECTION",
                                                            "cpu_time": 0.0,
                                                            "extra_info": {
                                                              "Projections": "#0",
                                                              "Estimated Cardinality": "20400"
                                                            },
                                                            "cumulative_cardinality": 0,
                                                            "operator_type": "PROJECTION",
                                                            "operator_cardinality": 3299,
                                                            "cumulative_rows_scanned": 0,
                                                            "operator_rows_scanned": 0,
                                                            "operator_timing": 5.726000000000001e-06,
                                                            "children": [
                                                              {
                                                                "total_bytes_written": 0,
                                                                "total_bytes_read": 0,
                                                                "result_set_size": 82475,
                                                                "operator_name": "FILTER",
                                                                "cpu_time": 0.0,
                                                                "extra_info": {
                                                                  "Expression": "(IN (...) AND ((i_category = 'Books') OR (i_category = 'Home') OR (i_category = 'Sports')))",
                                                                  "Estimated Cardinality": "20400"
                                                                },
                                                                "cumulative_cardinality": 0,
                                                                "operator_type": "FILTER",
                                                                "operator_cardinality": 3299,
                                                                "cumulative_rows_scanned": 0,
                                                                "operator_rows_scanned": 0,
                                                                "operator_timing": 0.000932688,
                                                                "children": [
                                                                  {
                                                                    "total_bytes_written": 0,
                                                                    "total_bytes_read": 0,
                                                                    "result_set_size": 2550000,
                                                                    "operator_name": "HASH_JOIN",
                                                                    "cpu_time": 0.0,
                                                                    "extra_info": {
                                                                      "Join Type": "MARK",
                                                                      "Conditions": "i_manager_id = #0",
                                                                      "Estimated Cardinality": "102000"
                                                                    },
                                                                    "cumulative_cardinality": 0,
                                                                    "operator_type": "HASH_JOIN",
                                                                    "operator_cardinality": 102000,
                                                                    "cumulative_rows_scanned": 0,
                                                                    "operator_rows_scanned": 0,
                                                                    "operator_timing": 0.0011576549999999998,
                                                                    "children": [
                                                                      {
                                                                        "total_bytes_written": 0,
                                                                        "total_bytes_read": 0,
                                                                        "result_set_size": 3264000,
                                                                        "operator_name": "SEQ_SCAN ",
                                                                        "cpu_time": 0.0,
                                                                        "extra_info": {
                                                                          "Table": "item",
                                                                          "Type": "Sequential Scan",
                                                                          "Projections": [
                                                                            "i_item_sk",
                                                                            "i_category",
                                                                            "i_manager_id"
                                                                          ],
                                                                          "Filters": [
                                                                            "optional: i_category IN ('Books', 'Home', 'Sports')",
                                                                            "optional: i_manager_id IN (3, 15, 17, 26, 43, 44, 55, 70, 82, 95)"
                                                                          ],
                                                                          "Estimated Cardinality": "102000"
                                                                        },
                                                                        "cumulative_cardinality": 0,
                                                                        "operator_type": "TABLE_SCAN",
                                                                        "operator_cardinality": 102000,
                                                                        "cumulative_rows_scanned": 0,
                                                                        "operator_rows_scanned": 102000,
                                                                        "operator_timing": 0.0009975560000000004,
                                                                        "children": []
                                                                      },
                                                                      {
                                                                        "total_bytes_written": 0,
                                                                        "total_bytes_read": 0,
                                                                        "result_set_size": 80,
                                                                        "operator_name": "COLUMN_DATA_SCAN",
                                                                        "cpu_time": 0.0,
                                                                        "extra_info": {
                                                                          "Estimated Cardinality": "0"
                                                                        },
                                                                        "cumulative_cardinality": 0,
                                                                        "operator_type": "COLUMN_DATA_SCAN",
                                                                        "operator_cardinality": 10,
                                                                        "cumulative_rows_scanned": 0,
                                                                        "operator_rows_scanned": 0,
                                                                        "operator_timing": 4.1809999999999994e-06,
                                                                        "children": []
                                                                      }
                                                                    ]
                                                                  }
                                                                ]
                                                              }
                                                            ]
                                                          }
                                                        ]
                                                      }
                                                    ]
                                                  }
                                                ]
                                              },
                                              {
                                                "total_bytes_written": 0,
                                                "total_bytes_read": 0,
                                                "result_set_size": 8400,
                                                "operator_name": "HASH_JOIN",
                                                "cpu_time": 0.0,
                                                "extra_info": {
                                                  "Join Type": "INNER",
                                                  "Conditions": "s_state = w_state",
                                                  "Estimated Cardinality": "340"
                                                },
                                                "cumulative_cardinality": 0,
                                                "operator_type": "HASH_JOIN",
                                                "operator_cardinality": 350,
                                                "cumulative_rows_scanned": 0,
                                                "operator_rows_scanned": 0,
                                                "operator_timing": 0.000136979,
                                                "children": [
                                                  {
                                                    "total_bytes_written": 0,
                                                    "total_bytes_read": 0,
                                                    "result_set_size": 1120,
                                                    "operator_name": "SEQ_SCAN ",
                                                    "cpu_time": 0.0,
                                                    "extra_info": {
                                                      "Table": "store",
                                                      "Type": "Sequential Scan",
                                                      "Projections": "s_state",
                                                      "Estimated Cardinality": "102"
                                                    },
                                                    "cumulative_cardinality": 0,
                                                    "operator_type": "TABLE_SCAN",
                                                    "operator_cardinality": 70,
                                                    "cumulative_rows_scanned": 0,
                                                    "operator_rows_scanned": 102,
                                                    "operator_timing": 1.8551e-05,
                                                    "children": []
                                                  },
                                                  {
                                                    "total_bytes_written": 0,
                                                    "total_bytes_read": 0,
                                                    "result_set_size": 240,
                                                    "operator_name": "SEQ_SCAN ",
                                                    "cpu_time": 0.0,
                                                    "extra_info": {
                                                      "Table": "warehouse",
                                                      "Type": "Sequential Scan",
                                                      "Projections": [
                                                        "w_warehouse_sk",
                                                        "w_state"
                                                      ],
                                                      "Estimated Cardinality": "10"
                                                    },
                                                    "cumulative_cardinality": 0,
                                                    "operator_type": "TABLE_SCAN",
                                                    "operator_cardinality": 10,
                                                    "cumulative_rows_scanned": 0,
                                                    "operator_rows_scanned": 10,
                                                    "operator_timing": 2.0819e-05,
                                                    "children": []
                                                  }
                                                ]
                                              }
                                            ]
                                          }
                                        ]
                                      }
                                    ]
                                  }
                                ]
                              }
                            ]
                          }
                        ]
                      }
                    ]
                  }
                ]
              }
            ]
          }
        ]
      }
    ]
  }
}