{
  "benchmark": "dsb",
  "query_id": "query038",
  "source_sql": "research/ado/queries_dsb_sf10_duckdb/multi_block_queries/query038.sql",
  "database": "/mnt/d/TPC-DS/dsb_sf10.duckdb",
  "statement_count": 1,
  "client_elapsed_ms": 79.84846999897854,
  "execution_time_ms": 0.0,
  "plan_json": {
    "total_bytes_written": 0,
    "total_bytes_read": 0,
    "rows_returned": 0,
    "latency": 0.0,
    "result_set_size": 0,
    "query_name": "",
    "blocked_thread_time": 0.0,
    "system_peak_buffer_memory": 0,
    "system_peak_temp_dir_size": 0,
    "cpu_time": 0.0,
    "extra_info": {},
    "cumulative_cardinality": 0,
    "cumulative_rows_scanned": 0,
    "children": [
      {
        "total_bytes_written": 0,
        "total_bytes_read": 0,
        "result_set_size": 0,
        "operator_name": "EXPLAIN_ANALYZE",
        "cpu_time": 0.0,
        "extra_info": {},
        "cumulative_cardinality": 0,
        "operator_type": "EXPLAIN_ANALYZE",
        "operator_cardinality": 0,
        "cumulative_rows_scanned": 0,
        "operator_rows_scanned": 0,
        "operator_timing": 3.5e-07,
        "children": [
          {
            "total_bytes_written": 0,
            "total_bytes_read": 0,
            "result_set_size": 8,
            "operator_name": "STREAMING_LIMIT",
            "cpu_time": 0.0,
            "extra_info": {},
            "cumulative_cardinality": 0,
            "operator_type": "STREAMING_LIMIT",
            "operator_cardinality": 1,
            "cumulative_rows_scanned": 0,
            "operator_rows_scanned": 0,
            "operator_timing": 9.23e-07,
            "children": [
              {
                "total_bytes_written": 0,
                "total_bytes_read": 0,
                "result_set_size": 8,
                "operator_name": "UNGROUPED_AGGREGATE",
                "cpu_time": 0.0,
                "extra_info": {
                  "Aggregates": "count_star()"
                },
                "cumulative_cardinality": 0,
                "operator_type": "UNGROUPED_AGGREGATE",
                "operator_cardinality": 1,
                "cumulative_rows_scanned": 0,
                "operator_rows_scanned": 0,
                "operator_timing": 4.212e-06,
                "children": [
                  {
                    "total_bytes_written": 0,
                    "total_bytes_read": 0,
                    "result_set_size": 0,
                    "operator_name": "HASH_GROUP_BY",
                    "cpu_time": 0.0,
                    "extra_info": {
                      "Groups": [
                        "#0",
                        "#1",
                        "#2"
                      ],
                      "Aggregates": "",
                      "Estimated Cardinality": "57577"
                    },
                    "cumulative_cardinality": 0,
                    "operator_type": "HASH_GROUP_BY",
                    "operator_cardinality": 0,
                    "cumulative_rows_scanned": 0,
                    "operator_rows_scanned": 0,
                    "operator_timing": 1.053e-06,
                    "children": [
                      {
                        "total_bytes_written": 0,
                        "total_bytes_read": 0,
                        "result_set_size": 0,
                        "operator_name": "HASH_JOIN",
                        "cpu_time": 0.0,
                        "extra_info": {
                          "Join Type": "SEMI",
                          "Conditions": [
                            "#0 IS NOT DISTINCT FROM #0",
                            "#1 IS NOT DISTINCT FROM #1",
                            "#2 IS NOT DISTINCT FROM #2"
                          ],
                          "Estimated Cardinality": "57577"
                        },
                        "cumulative_cardinality": 0,
                        "operator_type": "HASH_JOIN",
                        "operator_cardinality": 0,
                        "cumulative_rows_scanned": 0,
                        "operator_rows_scanned": 0,
                        "operator_timing": 0.001131279,
                        "children": [
                          {
                            "total_bytes_written": 0,
                            "total_bytes_read": 0,
                            "result_set_size": 180,
                            "operator_name": "HASH_GROUP_BY",
                            "cpu_time": 0.0,
                            "extra_info": {
                              "Groups": [
                                "#0",
                                "#1",
                                "#2"
                              ],
                              "Aggregates": "",
                              "Estimated Cardinality": "115203"
                            },
                            "cumulative_cardinality": 0,
                            "operator_type": "HASH_GROUP_BY",
                            "operator_cardinality": 5,
                            "cumulative_rows_scanned": 0,
                            "operator_rows_scanned": 0,
                            "operator_timing": 0.0018189360000000002,
                            "children": [
                              {
                                "total_bytes_written": 0,
                                "total_bytes_read": 0,
                                "result_set_size": 180,
                                "operator_name": "HASH_JOIN",
                                "cpu_time": 0.0,
                                "extra_info": {
                                  "Join Type": "SEMI",
                                  "Conditions": [
                                    "#0 IS NOT DISTINCT FROM #0",
                                    "#1 IS NOT DISTINCT FROM #1",
                                    "#2 IS NOT DISTINCT FROM #2"
                                  ],
                                  "Estimated Cardinality": "115203"
                                },
                                "cumulative_cardinality": 0,
                                "operator_type": "HASH_JOIN",
                                "operator_cardinality": 5,
                                "cumulative_rows_scanned": 0,
                                "operator_rows_scanned": 0,
                                "operator_timing": 0.0016405620000000001,
                                "children": [
                                  {
                                    "total_bytes_written": 0,
                                    "total_bytes_read": 0,
                                    "result_set_size": 201060,
                                    "operator_name": "PROJECTION",
                                    "cpu_time": 0.0,
                                    "extra_info": {
                                      "Projections": [
                                        "__internal_decompress_string(#0)",
                                        "__internal_decompress_string(#1)",
                                        "#2"
                                      ],
                                      "Estimated Cardinality": "230395"
                                    },
                                    "cumulative_cardinality": 0,
                                    "operator_type": "PROJECTION",
                                    "operator_cardinality": 5585,
                                    "cumulative_rows_scanned": 0,
                                    "operator_rows_scanned": 0,
                                    "operator_timing": 0.00012287300000000001,
                                    "children": [
                                      {
                                        "total_bytes_written": 0,
                                        "total_bytes_read": 0,
                                        "result_set_size": 201060,
                                        "operator_name": "HASH_GROUP_BY",
                                        "cpu_time": 0.0,
                                        "extra_info": {
                                          "Groups": [
                                            "#0",
                                            "#1",
                                            "#2"
                                          ],
                                          "Aggregates": "",
                                          "Estimated Cardinality": "230395"
                                        },
                                        "cumulative_cardinality": 0,
                                        "operator_type": "HASH_GROUP_BY",
                                        "operator_cardinality": 5585,
                                        "cumulative_rows_scanned": 0,
                                        "operator_rows_scanned": 0,
                                        "operator_timing": 0.018743555000000002,
                                        "children": [
                                          {
                                            "total_bytes_written": 0,
                                            "total_bytes_read": 0,
                                            "result_set_size": 204840,
                                            "operator_name": "PROJECTION",
                                            "cpu_time": 0.0,
                                            "extra_info": {
                                              "Projections": [
                                                "c_last_name",
                                                "c_first_name",
                                                "d_date"
                                              ],
                                              "Estimated Cardinality": "230395"
                                            },
                                            "cumulative_cardinality": 0,
                                            "operator_type": "PROJECTION",
                                            "operator_cardinality": 5690,
                                            "cumulative_rows_scanned": 0,
                                            "operator_rows_scanned": 0,
                                            "operator_timing": 1.1647e-05,
                                            "children": [
                                              {
                                                "total_bytes_written": 0,
                                                "total_bytes_read": 0,
                                                "result_set_size": 204840,
                                                "operator_name": "PROJECTION",
                                                "cpu_time": 0.0,
                                                "extra_info": {
                                                  "Projections": [
                                                    "__internal_compress_string_uhugeint(#0)",
                                                    "__internal_compress_string_uhugeint(#1)",
                                                    "#2"
                                                  ],
                                                  "Estimated Cardinality": "230395"
                                                },
                                                "cumulative_cardinality": 0,
                                                "operator_type": "PROJECTION",
                                                "operator_cardinality": 5690,
                                                "cumulative_rows_scanned": 0,
                                                "operator_rows_scanned": 0,
                                                "operator_timing": 0.00045692300000000003,
                                                "children": [
                                                  {
                                                    "total_bytes_written": 0,
                                                    "total_bytes_read": 0,
                                                    "result_set_size": 204840,
                                                    "operator_name": "PROJECTION",
                                                    "cpu_time": 0.0,
                                                    "extra_info": {
                                                      "Projections": [
                                                        "c_last_name",
                                                        "c_first_name",
                                                        "d_date"
                                                      ],
                                                      "Estimated Cardinality": "230395"
                                                    },
                                                    "cumulative_cardinality": 0,
                                                    "operator_type": "PROJECTION",
                                                    "operator_cardinality": 5690,
                                                    "cumulative_rows_scanned": 0,
                                                    "operator_rows_scanned": 0,
                                                    "operator_timing": 1.4574999999999999e-05,
                                                    "children": [
                                                      {
                                                        "total_bytes_written": 0,
                                                        "total_bytes_read": 0,
                                                        "result_set_size": 204840,
                                                        "operator_name": "HASH_JOIN",
                                                        "cpu_time": 0.0,
                                                        "extra_info": {
                                                          "Join Type": "INNER",
                                                          "Conditions": "ss_customer_sk = c_customer_sk",
                                                          "Estimated Cardinality": "230395"
                                                        },
                                                        "cumulative_cardinality": 0,
                                                        "operator_type": "HASH_JOIN",
                                                        "operator_cardinality": 5690,
                                                        "cumulative_rows_scanned": 0,
                                                        "operator_rows_scanned": 0,
                                                        "operator_timing": 0.0070219279999999985,
                                                        "children": [
                                                          {
                                                            "total_bytes_written": 0,
                                                            "total_bytes_read": 0,
                                                            "result_set_size": 214788,
                                                            "operator_name": "HASH_JOIN",
                                                            "cpu_time": 0.0,
                                                            "extra_info": {
                                                              "Join Type": "INNER",
                                                              "Conditions": "ss_sold_date_sk = d_date_sk",
                                                              "Estimated Cardinality": "1151976"
                                                            },
                                                            "cumulative_cardinality": 0,
                                                            "operator_type": "HASH_JOIN",
                                                            "operator_cardinality": 17899,
                                                            "cumulative_rows_scanned": 0,
                                                            "operator_rows_scanned": 0,
                                                            "operator_timing": 0.018865354,
                                                            "children": [
                                                              {
                                                                "total_bytes_written": 0,
                                                                "total_bytes_read": 0,
                                                                "result_set_size": 286384,
                                                                "operator_name": "SEQ_SCAN ",
                                                                "cpu_time": 0.0,
                                                                "extra_info": {
                                                                  "Table": "store_sales",
                                                                  "Type": "Sequential Scan",
                                                                  "Projections": [
                                                                    "ss_sold_date_sk",
                                                                    "ss_customer_sk"
                                                                  ],
                                                                  "Filters": [
                                                                    "ss_list_price>=28.00 AND ss_list_price<=87.00",
                                                                    "ss_wholesale_cost>=80.00 AND ss_wholesale_cost<=100.00"
                                                                  ],
                                                                  "Estimated Cardinality": "5760198"
                                                                },
                                                                "cumulative_cardinality": 0,
                                                                "operator_type": "TABLE_SCAN",
                                                                "operator_cardinality": 17899,
                                                                "cumulative_rows_scanned": 0,
                                                                "operator_rows_scanned": 345611892,
                                                                "operator_timing": 0.31222497200000005,
                                                                "children": []
                                                              },
                                                              {
                                                                "total_bytes_written": 0,
                                                                "total_bytes_read": 0,
                                                                "result_set_size": 4380,
                                                                "operator_name": "FILTER",
                                                                "cpu_time": 0.0,
                                                                "extra_info": {
                                                                  "Expression": "(d_date_sk BETWEEN 2450816 AND 2452642)",
                                                                  "Estimated Cardinality": "14609"
                                                                },
                                                                "cumulative_cardinality": 0,
                                                                "operator_type": "FILTER",
                                                                "operator_cardinality": 365,
                                                                "cumulative_rows_scanned": 0,
                                                                "operator_rows_scanned": 0,
                                                                "operator_timing": 1.6097e-05,
                                                                "children": [
                                                                  {
                                                                    "total_bytes_written": 0,
                                                                    "total_bytes_read": 0,
                                                                    "result_set_size": 4380,
                                                                    "operator_name": "SEQ_SCAN ",
                                                                    "cpu_time": 0.0,
                                                                    "extra_info": {
                                                                      "Table": "date_dim",
                                                                      "Type": "Sequential Scan",
                                                                      "Projections": [
                                                                        "d_date_sk",
                                                                        "d_date"
                                                                      ],
                                                                      "Filters": "d_month_seq>=1185 AND d_month_seq<=1196",
                                                                      "Estimated Cardinality": "14609"
                                                                    },
                                                                    "cumulative_cardinality": 0,
                                                                    "operator_type": "TABLE_SCAN",
                                                                    "operator_cardinality": 365,
                                                                    "cumulative_rows_scanned": 0,
                                                                    "operator_rows_scanned": 73049,
                                                                    "operator_timing": 0.000180048,
                                                                    "children": []
                                                                  }
                                                                ]
                                                              }
                                                            ]
                                                          },
                                                          {
                                                            "total_bytes_written": 0,
                                                            "total_bytes_read": 0,
                                                            "result_set_size": 6409080,
                                                            "operator_name": "PROJECTION",
                                                            "cpu_time": 0.0,
                                                            "extra_info": {
                                                              "Projections": [
                                                                "#0",
                                                                "#2",
                                                                "#3"
                                                              ],
                                                              "Estimated Cardinality": "100000"
                                                            },
                                                            "cumulative_cardinality": 0,
                                                            "operator_type": "PROJECTION",
                                                            "operator_cardinality": 160227,
                                                            "cumulative_rows_scanned": 0,
                                                            "operator_rows_scanned": 0,
                                                            "operator_timing": 8.203000000000001e-05,
                                                            "children": [
                                                              {
                                                                "total_bytes_written": 0,
                                                                "total_bytes_read": 0,
                                                                "result_set_size": 7690896,
                                                                "operator_name": "FILTER",
                                                                "cpu_time": 0.0,
                                                                "extra_info": {
                                                                  "Expression": "((c_birth_month = 2) OR (c_birth_month = 3) OR (c_birth_month = 10) OR (c_birth_month = 12))",
                                                                  "Estimated Cardinality": "100000"
                                                                },
                                                                "cumulative_cardinality": 0,
                                                                "operator_type": "FILTER",
                                                                "operator_cardinality": 160227,
                                                                "cumulative_rows_scanned": 0,
                                                                "operator_rows_scanned": 0,
                                                                "operator_timing": 0.009965230000000004,
                                                                "children": [
                                                                  {
                                                                    "total_bytes_written": 0,
                                                                    "total_bytes_read": 0,
                                                                    "result_set_size": 24000000,
                                                                    "operator_name": "SEQ_SCAN ",
                                                                    "cpu_time": 0.0,
                                                                    "extra_info": {
                                                                      "Table": "customer",
                                                                      "Type": "Sequential Scan",
                                                                      "Projections": [
                                                                        "c_customer_sk",
                                                                        "c_birth_month",
                                                                        "c_last_name",
                                                                        "c_first_name"
                                                                      ],
                                                                      "Filters": "optional: c_birth_month IN (2, 3, 10, 12)",
                                                                      "Estimated Cardinality": "500000"
                                                                    },
                                                                    "cumulative_cardinality": 0,
                                                                    "operator_type": "TABLE_SCAN",
                                                                    "operator_cardinality": 500000,
                                                                    "cumulative_rows_scanned": 0,
                                                                    "operator_rows_scanned": 2500000,
                                                                    "operator_timing": 0.010675160999999997,
                                                                    "children": []
                                                                  }
                                                                ]
                                                              }
                                                            ]
                                                          }
                                                        ]
                                                      }
                                                    ]
                                                  }
                                                ]
                                              }
                                            ]
                                          }
                                        ]
                                      }
                                    ]
                                  },
                                  {
                                    "total_bytes_written": 0,
                                    "total_bytes_read": 0,
                                    "result_set_size": 55332,
                                    "operator_name": "PROJECTION",
                                    "cpu_time": 0.0,
                                    "extra_info": {
                                      "Projections": [
                                        "__internal_decompress_string(#0)",
                                        "__internal_decompress_string(#1)",
                                        "#2"
                                      ],
                                      "Estimated Cardinality": "115203"
                                    },
                                    "cumulative_cardinality": 0,
                                    "operator_type": "PROJECTION",
                                    "operator_cardinality": 1537,
                                    "cumulative_rows_scanned": 0,
                                    "operator_rows_scanned": 0,
                                    "operator_timing": 7.0782e-05,
                                    "children": [
                                      {
                                        "total_bytes_written": 0,
                                        "total_bytes_read": 0,
                                        "result_set_size": 55332,
                                        "operator_name": "HASH_GROUP_BY",
                                        "cpu_time": 0.0,
                                        "extra_info": {
                                          "Groups": [
                                            "#0",
                                            "#1",
                                            "#2"
                                          ],
                                          "Aggregates": "",
                                          "Estimated Cardinality": "115203"
                                        },
                                        "cumulative_cardinality": 0,
                                        "operator_type": "HASH_GROUP_BY",
                                        "operator_cardinality": 1537,
                                        "cumulative_rows_scanned": 0,
                                        "operator_rows_scanned": 0,
                                        "operator_timing": 0.020282956,
                                        "children": [
                                          {
                                            "total_bytes_written": 0,
                                            "total_bytes_read": 0,
                                            "result_set_size": 55728,
                                            "operator_name": "PROJECTION",
                                            "cpu_time": 0.0,
                                            "extra_info": {
                                              "Projections": [
                                                "c_last_name",
                                                "c_first_name",
                                                "d_date"
                                              ],
                                              "Estimated Cardinality": "115203"
                                            },
                                            "cumulative_cardinality": 0,
                                            "operator_type": "PROJECTION",
                                            "operator_cardinality": 1548,
                                            "cumulative_rows_scanned": 0,
                                            "operator_rows_scanned": 0,
                                            "operator_timing": 9.485e-06,
                                            "children": [
                                              {
                                                "total_bytes_written": 0,
                                                "total_bytes_read": 0,
                                                "result_set_size": 55728,
                                                "operator_name": "PROJECTION",
                                                "cpu_time": 0.0,
                                                "extra_info": {
                                                  "Projections": [
                                                    "__internal_compress_string_uhugeint(#0)",
                                                    "__internal_compress_string_uhugeint(#1)",
                                                    "#2"
                                                  ],
                                                  "Estimated Cardinality": "115203"
                                                },
                                                "cumulative_cardinality": 0,
                                                "operator_type": "PROJECTION",
                                                "operator_cardinality": 1548,
                                                "cumulative_rows_scanned": 0,
                                                "operator_rows_scanned": 0,
                                                "operator_timing": 0.00014386200000000003,
                                                "children": [
                                                  {
                                                    "total_bytes_written": 0,
                                                    "total_bytes_read": 0,
                                                    "result_set_size": 55728,
                                                    "operator_name": "PROJECTION",
                                                    "cpu_time": 0.0,
                                                    "extra_info": {
                                                      "Projections": [
                                                        "c_last_name",
                                                        "c_first_name",
                                                        "d_date"
                                                      ],
                                                      "Estimated Cardinality": "115203"
                                                    },
                                                    "cumulative_cardinality": 0,
                                                    "operator_type": "PROJECTION",
                                                    "operator_cardinality": 1548,
                                                    "cumulative_rows_scanned": 0,
                                                    "operator_rows_scanned": 0,
                                                    "operator_timing": 1.0733e-05,
                                                    "children": [
                                                      {
                                                        "total_bytes_written": 0,
                                                        "total_bytes_read": 0,
                                                        "result_set_size": 55728,
                                                        "operator_name": "HASH_JOIN",
                                                        "cpu_time": 0.0,
                                                        "extra_info": {
                                                          "Join Type": "INNER",
                                                          "Conditions": "cs_bill_customer_sk = c_customer_sk",
                                                          "Estimated Cardinality": "115203"
                                                        },
                                                        "cumulative_cardinality": 0,
                                                        "operator_type": "HASH_JOIN",
                                                        "operator_cardinality": 1548,
                                                        "cumulative_rows_scanned": 0,
                                                        "operator_rows_scanned": 0,
                                                        "operator_timing": 0.0075425760000000005,
                                                        "children": [
                                                          {
                                                            "total_bytes_written": 0,
                                                            "total_bytes_read": 0,
                                                            "result_set_size": 57276,
                                                            "operator_name": "HASH_JOIN",
                                                            "cpu_time": 0.0,
                                                            "extra_info": {
                                                              "Join Type": "INNER",
                                                              "Conditions": "cs_sold_date_sk = d_date_sk",
                                                              "Estimated Cardinality": "576018"
                                                            },
                                                            "cumulative_cardinality": 0,
                                                            "operator_type": "HASH_JOIN",
                                                            "operator_cardinality": 4773,
                                                            "cumulative_rows_scanned": 0,
                                                            "operator_rows_scanned": 0,
                                                            "operator_timing": 0.0043667129999999995,
                                                            "children": [
                                                              {
                                                                "total_bytes_written": 0,
                                                                "total_bytes_read": 0,
                                                                "result_set_size": 76368,
                                                                "operator_name": "SEQ_SCAN ",
                                                                "cpu_time": 0.0,
                                                                "extra_info": {
                                                                  "Table": "catalog_sales",
                                                                  "Type": "Sequential Scan",
                                                                  "Projections": [
                                                                    "cs_sold_date_sk",
                                                                    "cs_bill_customer_sk"
                                                                  ],
                                                                  "Filters": [
                                                                    "cs_list_price>=28.00 AND cs_list_price<=87.00",
                                                                    "cs_wholesale_cost>=80.00 AND cs_wholesale_cost<=100.00"
                                                                  ],
                                                                  "Estimated Cardinality": "2880252"
                                                                },
                                                                "cumulative_cardinality": 0,
                                                                "operator_type": "TABLE_SCAN",
                                                                "operator_cardinality": 4773,
                                                                "cumulative_rows_scanned": 0,
                                                                "operator_rows_scanned": 172815132,
                                                                "operator_timing": 0.04366130900000001,
                                                                "children": []
                                                              },
                                                              {
                                                                "total_bytes_written": 0,
                                                                "total_bytes_read": 0,
                                                                "result_set_size": 4380,
                                                                "operator_name": "FILTER",
                                                                "cpu_time": 0.0,
                                                                "extra_info": {
                                                                  "Expression": "(d_date_sk BETWEEN 2450815 AND 2452653)",
                                                                  "Estimated Cardinality": "14609"
                                                                },
                                                                "cumulative_cardinality": 0,
                                                                "operator_type": "FILTER",
                                                                "operator_cardinality": 365,
                                                                "cumulative_rows_scanned": 0,
                                                                "operator_rows_scanned": 0,
                                                                "operator_timing": 1.3077e-05,
                                                                "children": [
                                                                  {
                                                                    "total_bytes_written": 0,
                                                                    "total_bytes_read": 0,
                                                                    "result_set_size": 4380,
                                                                    "operator_name": "SEQ_SCAN ",
                                                                    "cpu_time": 0.0,
                                                                    "extra_info": {
                                                                      "Table": "date_dim",
                                                                      "Type": "Sequential Scan",
                                                                      "Projections": [
                                                                        "d_date_sk",
                                                                        "d_date"
                                                                      ],
                                                                      "Filters": "d_month_seq>=1185 AND d_month_seq<=1196",
                                                                      "Estimated Cardinality": "14609"
                                                                    },
                                                                    "cumulative_cardinality": 0,
                                                                    "operator_type": "TABLE_SCAN",
                                                                    "operator_cardinality": 365,
                                                                    "cumulative_rows_scanned": 0,
                                                                    "operator_rows_scanned": 73049,
                                                                    "operator_timing": 0.000204976,
                                                                    "children": []
                                                                  }
                                                                ]
                                                              }
                                                            ]
                                                          },
                                                          {
                                                            "total_bytes_written": 0,
                                                            "total_bytes_read": 0,
                                                            "result_set_size": 6409080,
                                                            "operator_name": "PROJECTION",
                                                            "cpu_time": 0.0,
                                                            "extra_info": {
                                                              "Projections": [
                                                                "#0",
                                                                "#2",
                                                                "#3"
                                                              ],
                                                              "Estimated Cardinality": "100000"
                                                            },
                                                            "cumulative_cardinality": 0,
                                                            "operator_type": "PROJECTION",
                                                            "operator_cardinality": 160227,
                                                            "cumulative_rows_scanned": 0,
                                                            "operator_rows_scanned": 0,
                                                            "operator_timing": 9.115099999999998e-05,
                                                            "children": [
                                                              {
                                                                "total_bytes_written": 0,
                                                                "total_bytes_read": 0,
                                                                "result_set_size": 7690896,
                                                                "operator_name": "FILTER",
                                                                "cpu_time": 0.0,
                                                                "extra_info": {
                                                                  "Expression": "((c_birth_month = 2) OR (c_birth_month = 3) OR (c_birth_month = 10) OR (c_birth_month = 12))",
                                                                  "Estimated Cardinality": "100000"
                                                                },
                                                                "cumulative_cardinality": 0,
                                                                "operator_type": "FILTER",
                                                                "operator_cardinality": 160227,
                                                                "cumulative_rows_scanned": 0,
                                                                "operator_rows_scanned": 0,
                                                                "operator_timing": 0.009921230000000001,
                                                                "children": [
                                                                  {
                                                                    "total_bytes_written": 0,
                                                                    "total_bytes_read": 0,
                                                                    "result_set_size": 24000000,
                                                                    "operator_name": "SEQ_SCAN ",
                                                                    "cpu_time": 0.0,
                                                                    "extra_info": {
                                                                      "Table": "customer",
                                                                      "Type": "Sequential Scan",
                                                                      "Projections": [
                                                                        "c_customer_sk",
                                                                        "c_birth_month",
                                                                        "c_last_name",
                                                                        "c_first_name"
                                                                      ],
                                                                      "Filters": "optional: c_birth_month IN (2, 3, 10, 12)",
                                                                      "Estimated Cardinality": "500000"
                                                                    },
                                                                    "cumulative_cardinality": 0,
                                                                    "operator_type": "TABLE_SCAN",
                                                                    "operator_cardinality": 500000,
                                                                    "cumulative_rows_scanned": 0,
                                                                    "operator_rows_scanned": 2500000,
                                                                    "operator_timing": 0.010122532,
                                                                    "children": []
                                                                  }
                                                                ]
                                                              }
                                                            ]
                                                          }
                                                        ]
                                                      }
                                                    ]
                                                  }
                                                ]
                                              }
                                            ]
                                          }
                                        ]
                                      }
                                    ]
                                  }
                                ]
                              }
                            ]
                          },
                          {
                            "total_bytes_written": 0,
                            "total_bytes_read": 0,
                            "result_set_size": 26604,
                            "operator_name": "PROJECTION",
                            "cpu_time": 0.0,
                            "extra_info": {
                              "Projections": [
                                "__internal_decompress_string(#0)",
                                "__internal_decompress_string(#1)",
                                "#2"
                              ],
                              "Estimated Cardinality": "57577"
                            },
                            "cumulative_cardinality": 0,
                            "operator_type": "PROJECTION",
                            "operator_cardinality": 739,
                            "cumulative_rows_scanned": 0,
                            "operator_rows_scanned": 0,
                            "operator_timing": 3.8979e-05,
                            "children": [
                              {
                                "total_bytes_written": 0,
                                "total_bytes_read": 0,
                                "result_set_size": 26604,
                                "operator_name": "HASH_GROUP_BY",
                                "cpu_time": 0.0,
                                "extra_info": {
                                  "Groups": [
                                    "#0",
                                    "#1",
                                    "#2"
                                  ],
                                  "Aggregates": "",
                                  "Estimated Cardinality": "57577"
                                },
                                "cumulative_cardinality": 0,
                                "operator_type": "HASH_GROUP_BY",
                                "operator_cardinality": 739,
                                "cumulative_rows_scanned": 0,
                                "operator_rows_scanned": 0,
                                "operator_timing": 0.005479447999999999,
                                "children": [
                                  {
                                    "total_bytes_written": 0,
                                    "total_bytes_read": 0,
                                    "result_set_size": 26748,
                                    "operator_name": "PROJECTION",
                                    "cpu_time": 0.0,
                                    "extra_info": {
                                      "Projections": [
                                        "c_last_name",
                                        "c_first_name",
                                        "d_date"
                                      ],
                                      "Estimated Cardinality": "57577"
                                    },
                                    "cumulative_cardinality": 0,
                                    "operator_type": "PROJECTION",
                                    "operator_cardinality": 743,
                                    "cumulative_rows_scanned": 0,
                                    "operator_rows_scanned": 0,
                                    "operator_timing": 8.88e-06,
                                    "children": [
                                      {
                                        "total_bytes_written": 0,
                                        "total_bytes_read": 0,
                                        "result_set_size": 26748,
                                        "operator_name": "PROJECTION",
                                        "cpu_time": 0.0,
                                        "extra_info": {
                                          "Projections": [
                                            "__internal_compress_string_uhugeint(#0)",
                                            "__internal_compress_string_uhugeint(#1)",
                                            "#2"
                                          ],
                                          "Estimated Cardinality": "57577"
                                        },
                                        "cumulative_cardinality": 0,
                                        "operator_type": "PROJECTION",
                                        "operator_cardinality": 743,
                                        "cumulative_rows_scanned": 0,
                                        "operator_rows_scanned": 0,
                                        "operator_timing": 0.000131878,
                                        "children": [
                                          {
                                            "total_bytes_written": 0,
                                            "total_bytes_read": 0,
                                            "result_set_size": 26748,
                                            "operator_name": "PROJECTION",
                                            "cpu_time": 0.0,
                                            "extra_info": {
                                              "Projections": [
                                                "c_last_name",
                                                "c_first_name",
                                                "d_date"
                                              ],
                                              "Estimated Cardinality": "57577"
                                            },
                                            "cumulative_cardinality": 0,
                                            "operator_type": "PROJECTION",
                                            "operator_cardinality": 743,
                                            "cumulative_rows_scanned": 0,
                                            "operator_rows_scanned": 0,
                                            "operator_timing": 5.9529999999999994e-05,
                                            "children": [
                                              {
                                                "total_bytes_written": 0,
                                                "total_bytes_read": 0,
                                                "result_set_size": 26748,
                                                "operator_name": "HASH_JOIN",
                                                "cpu_time": 0.0,
                                                "extra_info": {
                                                  "Join Type": "INNER",
                                                  "Conditions": "ws_bill_customer_sk = c_customer_sk",
                                                  "Estimated Cardinality": "57577"
                                                },
                                                "cumulative_cardinality": 0,
                                                "operator_type": "HASH_JOIN",
                                                "operator_cardinality": 743,
                                                "cumulative_rows_scanned": 0,
                                                "operator_rows_scanned": 0,
                                                "operator_timing": 0.008255740000000003,
                                                "children": [
                                                  {
                                                    "total_bytes_written": 0,
                                                    "total_bytes_read": 0,
                                                    "result_set_size": 29256,
                                                    "operator_name": "HASH_JOIN",
                                                    "cpu_time": 0.0,
                                                    "extra_info": {
                                                      "Join Type": "INNER",
                                                      "Conditions": "ws_sold_date_sk = d_date_sk",
                                                      "Estimated Cardinality": "287886"
                                                    },
                                                    "cumulative_cardinality": 0,
                                                    "operator_type": "HASH_JOIN",
                                                    "operator_cardinality": 2438,
                                                    "cumulative_rows_scanned": 0,
                                                    "operator_rows_scanned": 0,
                                                    "operator_timing": 0.003979573,
                                                    "children": [
                                                      {
                                                        "total_bytes_written": 0,
                                                        "total_bytes_read": 0,
                                                        "result_set_size": 39008,
                                                        "operator_name": "SEQ_SCAN ",
                                                        "cpu_time": 0.0,
                                                        "extra_info": {
                                                          "Table": "web_sales",
                                                          "Type": "Sequential Scan",
                                                          "Projections": [
                                                            "ws_sold_date_sk",
                                                            "ws_bill_customer_sk"
                                                          ],
                                                          "Filters": [
                                                            "ws_list_price>=28.00 AND ws_list_price<=87.00",
                                                            "ws_wholesale_cost>=80.00 AND ws_wholesale_cost<=100.00"
                                                          ],
                                                          "Estimated Cardinality": "1439513"
                                                        },
                                                        "cumulative_cardinality": 0,
                                                        "operator_type": "TABLE_SCAN",
                                                        "operator_cardinality": 2438,
                                                        "cumulative_rows_scanned": 0,
                                                        "operator_rows_scanned": 86370792,
                                                        "operator_timing": 0.07003587,
                                                        "children": []
                                                      },
                                                      {
                                                        "total_bytes_written": 0,
                                                        "total_bytes_read": 0,
                                                        "result_set_size": 4380,
                                                        "operator_name": "FILTER",
                                                        "cpu_time": 0.0,
                                                        "extra_info": {
                                                          "Expression": "(d_date_sk BETWEEN 2450816 AND 2452642)",
                                                          "Estimated Cardinality": "14609"
                                                        },
                                                        "cumulative_cardinality": 0,
                                                        "operator_type": "FILTER",
                                                        "operator_cardinality": 365,
                                                        "cumulative_rows_scanned": 0,
                                                        "operator_rows_scanned": 0,
                                                        "operator_timing": 1.605e-05,
                                                        "children": [
                                                          {
                                                            "total_bytes_written": 0,
                                                            "total_bytes_read": 0,
                                                            "result_set_size": 4380,
                                                            "operator_name": "SEQ_SCAN ",
                                                            "cpu_time": 0.0,
                                                            "extra_info": {
                                                              "Table": "date_dim",
                                                              "Type": "Sequential Scan",
                                                              "Projections": [
                                                                "d_date_sk",
                                                                "d_date"
                                                              ],
                                                              "Filters": "d_month_seq>=1185 AND d_month_seq<=1196",
                                                              "Estimated Cardinality": "14609"
                                                            },
                                                            "cumulative_cardinality": 0,
                                                            "operator_type": "TABLE_SCAN",
                                                            "operator_cardinality": 365,
                                                            "cumulative_rows_scanned": 0,
                                                            "operator_rows_scanned": 73049,
                                                            "operator_timing": 0.000223323,
                                                            "children": []
                                                          }
                                                        ]
                                                      }
                                                    ]
                                                  },
                                                  {
                                                    "total_bytes_written": 0,
                                                    "total_bytes_read": 0,
                                                    "result_set_size": 6409000,
                                                    "operator_name": "FILTER",
                                                    "cpu_time": 0.0,
                                                    "extra_info": {
                                                      "Expression": "(c_customer_sk BETWEEN 2 AND 499998)",
                                                      "Estimated Cardinality": "100000"
                                                    },
                                                    "cumulative_cardinality": 0,
                                                    "operator_type": "FILTER",
                                                    "operator_cardinality": 160225,
                                                    "cumulative_rows_scanned": 0,
                                                    "operator_rows_scanned": 0,
                                                    "operator_timing": 0.0007404100000000002,
                                                    "children": [
                                                      {
                                                        "total_bytes_written": 0,
                                                        "total_bytes_read": 0,
                                                        "result_set_size": 6409080,
                                                        "operator_name": "PROJECTION",
                                                        "cpu_time": 0.0,
                                                        "extra_info": {
                                                          "Projections": [
                                                            "#0",
                                                            "#2",
                                                            "#3"
                                                          ],
                                                          "Estimated Cardinality": "100000"
                                                        },
                                                        "cumulative_cardinality": 0,
                                                        "operator_type": "PROJECTION",
                                                        "operator_cardinality": 160227,
                                                        "cumulative_rows_scanned": 0,
                                                        "operator_rows_scanned": 0,
                                                        "operator_timing": 9.349900000000001e-05,
                                                        "children": [
                                                          {
                                                            "total_bytes_written": 0,
                                                            "total_bytes_read": 0,
                                                            "result_set_size": 7690896,
                                                            "operator_name": "FILTER",
                                                            "cpu_time": 0.0,
                                                            "extra_info": {
                                                              "Expression": "((c_birth_month = 2) OR (c_birth_month = 3) OR (c_birth_month = 10) OR (c_birth_month = 12))",
                                                              "Estimated Cardinality": "100000"
                                                            },
                                                            "cumulative_cardinality": 0,
                                                            "operator_type": "FILTER",
                                                            "operator_cardinality": 160227,
                                                            "cumulative_rows_scanned": 0,
                                                            "operator_rows_scanned": 0,
                                                            "operator_timing": 0.010369906000000002,
                                                            "children": [
                                                              {
                                                                "total_bytes_written": 0,
                                                                "total_bytes_read": 0,
                                                                "result_set_size": 24000000,
                                                                "operator_name": "SEQ_SCAN ",
                                                                "cpu_time": 0.0,
                                                                "extra_info": {
                                                                  "Table": "customer",
                                                                  "Type": "Sequential Scan",
                                                                  "Projections": [
                                                                    "c_customer_sk",
                                                                    "c_birth_month",
                                                                    "c_last_name",
                                                                    "c_first_name"
                                                                  ],
                                                                  "Filters": "optional: c_birth_month IN (2, 3, 10, 12)",
                                                                  "Estimated Cardinality": "500000"
                                                                },
                                                                "cumulative_cardinality": 0,
                                                                "operator_type": "TABLE_SCAN",
                                                                "operator_cardinality": 500000,
                                                                "cumulative_rows_scanned": 0,
                                                                "operator_rows_scanned": 2500000,
                                                                "operator_timing": 0.010962335,
                                                                "children": []
                                                              }
                                                            ]
                                                          }
                                                        ]
                                                      }
                                                    ]
                                                  }
                                                ]
                                              }
                                            ]
                                          }
                                        ]
                                      }
                                    ]
                                  }
                                ]
                              }
                            ]
                          }
                        ]
                      }
                    ]
                  }
                ]
              }
            ]
          }
        ]
      }
    ]
  }
}