{
  "benchmark": "dsb",
  "query_id": "query050_spj",
  "source_sql": "research/ado/queries_dsb_sf10_duckdb/spj_queries/query050_spj.sql",
  "database": "/mnt/d/TPC-DS/dsb_sf10.duckdb",
  "statement_count": 1,
  "client_elapsed_ms": 6.065516998205567,
  "execution_time_ms": 0.0,
  "plan_json": {
    "total_bytes_written": 0,
    "total_bytes_read": 0,
    "rows_returned": 0,
    "latency": 0.0,
    "result_set_size": 0,
    "query_name": "",
    "blocked_thread_time": 0.0,
    "system_peak_buffer_memory": 0,
    "system_peak_temp_dir_size": 0,
    "cpu_time": 0.0,
    "extra_info": {},
    "cumulative_cardinality": 0,
    "cumulative_rows_scanned": 0,
    "children": [
      {
        "total_bytes_written": 0,
        "total_bytes_read": 0,
        "result_set_size": 0,
        "operator_name": "EXPLAIN_ANALYZE",
        "cpu_time": 0.0,
        "extra_info": {},
        "cumulative_cardinality": 0,
        "operator_type": "EXPLAIN_ANALYZE",
        "operator_cardinality": 0,
        "cumulative_rows_scanned": 0,
        "operator_rows_scanned": 0,
        "operator_timing": 2.35e-07,
        "children": [
          {
            "total_bytes_written": 0,
            "total_bytes_read": 0,
            "result_set_size": 144,
            "operator_name": "PROJECTION",
            "cpu_time": 0.0,
            "extra_info": {
              "Projections": [
                "min(s_store_name)",
                "min(s_company_id)",
                "min(s_street_number)",
                "min(s_street_name)",
                "min(s_suite_number)",
                "min(s_city)",
                "min(s_zip)",
                "min(ss_ticket_number)",
                "min(ss_sold_date_sk)",
                "min(sr_returned_date_sk)",
                "min(ss_item_sk)",
                "min(d_date_sk)"
              ],
              "Estimated Cardinality": "1"
            },
            "cumulative_cardinality": 0,
            "operator_type": "PROJECTION",
            "operator_cardinality": 1,
            "cumulative_rows_scanned": 0,
            "operator_rows_scanned": 0,
            "operator_timing": 1.074e-06,
            "children": [
              {
                "total_bytes_written": 0,
                "total_bytes_read": 0,
                "result_set_size": 136,
                "operator_name": "UNGROUPED_AGGREGATE",
                "cpu_time": 0.0,
                "extra_info": {
                  "Aggregates": [
                    "min(#0)",
                    "min(#1)",
                    "min(#2)",
                    "min(#3)",
                    "min(#4)",
                    "min(#5)",
                    "min(#6)",
                    "min(#7)",
                    "min(#8)",
                    "min(#9)",
                    "min(#10)"
                  ]
                },
                "cumulative_cardinality": 0,
                "operator_type": "UNGROUPED_AGGREGATE",
                "operator_cardinality": 1,
                "cumulative_rows_scanned": 0,
                "operator_rows_scanned": 0,
                "operator_timing": 5.572e-06,
                "children": [
                  {
                    "total_bytes_written": 0,
                    "total_bytes_read": 0,
                    "result_set_size": 0,
                    "operator_name": "PROJECTION",
                    "cpu_time": 0.0,
                    "extra_info": {
                      "Projections": [
                        "s_store_name",
                        "s_company_id",
                        "s_street_number",
                        "s_street_name",
                        "s_suite_number",
                        "s_city",
                        "s_zip",
                        "ss_ticket_number",
                        "ss_sold_date_sk",
                        "sr_returned_date_sk",
                        "ss_item_sk"
                      ],
                      "Estimated Cardinality": "97067"
                    },
                    "cumulative_cardinality": 0,
                    "operator_type": "PROJECTION",
                    "operator_cardinality": 0,
                    "cumulative_rows_scanned": 0,
                    "operator_rows_scanned": 0,
                    "operator_timing": 0.0,
                    "children": [
                      {
                        "total_bytes_written": 0,
                        "total_bytes_read": 0,
                        "result_set_size": 0,
                        "operator_name": "HASH_JOIN",
                        "cpu_time": 0.0,
                        "extra_info": {
                          "Join Type": "INNER",
                          "Conditions": [
                            "ss_sold_date_sk = d_date_sk",
                            "ss_store_sk = s_store_sk",
                            "ss_ticket_number = sr_ticket_number",
                            "ss_item_sk = sr_item_sk",
                            "ss_customer_sk = sr_customer_sk"
                          ],
                          "Estimated Cardinality": "97067"
                        },
                        "cumulative_cardinality": 0,
                        "operator_type": "HASH_JOIN",
                        "operator_cardinality": 0,
                        "cumulative_rows_scanned": 0,
                        "operator_rows_scanned": 0,
                        "operator_timing": 0.00019301000000000005,
                        "children": [
                          {
                            "total_bytes_written": 0,
                            "total_bytes_read": 0,
                            "result_set_size": 983040,
                            "operator_name": "SEQ_SCAN ",
                            "cpu_time": 0.0,
                            "extra_info": {
                              "Table": "store_sales",
                              "Type": "Sequential Scan",
                              "Projections": [
                                "ss_ticket_number",
                                "ss_item_sk",
                                "ss_sold_date_sk",
                                "ss_customer_sk",
                                "ss_store_sk"
                              ],
                              "Filters": "ss_ticket_number<=2399999",
                              "Estimated Cardinality": "28800991"
                            },
                            "cumulative_cardinality": 0,
                            "operator_type": "TABLE_SCAN",
                            "operator_cardinality": 24576,
                            "cumulative_rows_scanned": 0,
                            "operator_rows_scanned": 345611892,
                            "operator_timing": 0.000334926,
                            "children": []
                          },
                          {
                            "total_bytes_written": 0,
                            "total_bytes_read": 0,
                            "result_set_size": 0,
                            "operator_name": "IE_JOIN",
                            "cpu_time": 0.0,
                            "extra_info": {
                              "Join Type": "INNER",
                              "Conditions": [
                                "(d_date - '120 days'::INTERVAL) <= CAST(d_date AS TIMESTAMP)",
                                "CAST(d_date AS TIMESTAMP) >= CAST(d_date AS TIMESTAMP)"
                              ],
                              "Estimated Cardinality": "264624"
                            },
                            "cumulative_cardinality": 0,
                            "operator_type": "IE_JOIN",
                            "operator_cardinality": 0,
                            "cumulative_rows_scanned": 0,
                            "operator_rows_scanned": 0,
                            "operator_timing": 2.1069e-05,
                            "children": [
                              {
                                "total_bytes_written": 0,
                                "total_bytes_read": 0,
                                "result_set_size": 0,
                                "operator_name": "HASH_JOIN",
                                "cpu_time": 0.0,
                                "extra_info": {
                                  "Join Type": "INNER",
                                  "Conditions": "sr_store_sk = s_store_sk",
                                  "Estimated Cardinality": "44276"
                                },
                                "cumulative_cardinality": 0,
                                "operator_type": "HASH_JOIN",
                                "operator_cardinality": 0,
                                "cumulative_rows_scanned": 0,
                                "operator_rows_scanned": 0,
                                "operator_timing": 0.000209133,
                                "children": [
                                  {
                                    "total_bytes_written": 0,
                                    "total_bytes_read": 0,
                                    "result_set_size": 64688,
                                    "operator_name": "HASH_JOIN",
                                    "cpu_time": 0.0,
                                    "extra_info": {
                                      "Join Type": "INNER",
                                      "Conditions": "sr_returned_date_sk = d_date_sk",
                                      "Estimated Cardinality": "221381"
                                    },
                                    "cumulative_cardinality": 0,
                                    "operator_type": "HASH_JOIN",
                                    "operator_cardinality": 1244,
                                    "cumulative_rows_scanned": 0,
                                    "operator_rows_scanned": 0,
                                    "operator_timing": 0.000185842,
                                    "children": [
                                      {
                                        "total_bytes_written": 0,
                                        "total_bytes_read": 0,
                                        "result_set_size": 766880,
                                        "operator_name": "SEQ_SCAN ",
                                        "cpu_time": 0.0,
                                        "extra_info": {
                                          "Table": "store_returns",
                                          "Type": "Sequential Scan",
                                          "Projections": [
                                            "sr_ticket_number",
                                            "sr_item_sk",
                                            "sr_returned_date_sk",
                                            "sr_customer_sk",
                                            "sr_store_sk"
                                          ],
                                          "Estimated Cardinality": "2877532"
                                        },
                                        "cumulative_cardinality": 0,
                                        "operator_type": "TABLE_SCAN",
                                        "operator_cardinality": 19172,
                                        "cumulative_rows_scanned": 0,
                                        "operator_rows_scanned": 34530384,
                                        "operator_timing": 0.000481594,
                                        "children": []
                                      },
                                      {
                                        "total_bytes_written": 0,
                                        "total_bytes_read": 0,
                                        "result_set_size": 1860,
                                        "operator_name": "FILTER",
                                        "cpu_time": 0.0,
                                        "extra_info": {
                                          "Expression": "(d_date_sk BETWEEN 2450820 AND 2452822)",
                                          "Estimated Cardinality": "5620"
                                        },
                                        "cumulative_cardinality": 0,
                                        "operator_type": "FILTER",
                                        "operator_cardinality": 155,
                                        "cumulative_rows_scanned": 0,
                                        "operator_rows_scanned": 0,
                                        "operator_timing": 4.2855e-05,
                                        "children": [
                                          {
                                            "total_bytes_written": 0,
                                            "total_bytes_read": 0,
                                            "result_set_size": 74400,
                                            "operator_name": "SEQ_SCAN ",
                                            "cpu_time": 0.0,
                                            "extra_info": {
                                              "Table": "date_dim",
                                              "Type": "Sequential Scan",
                                              "Projections": [
                                                "d_date_sk",
                                                "d_date"
                                              ],
                                              "Filters": "d_moy=8",
                                              "Estimated Cardinality": "5620"
                                            },
                                            "cumulative_cardinality": 0,
                                            "operator_type": "TABLE_SCAN",
                                            "operator_cardinality": 6200,
                                            "cumulative_rows_scanned": 0,
                                            "operator_rows_scanned": 73049,
                                            "operator_timing": 0.000105308,
                                            "children": []
                                          }
                                        ]
                                      }
                                    ]
                                  },
                                  {
                                    "total_bytes_written": 0,
                                    "total_bytes_read": 0,
                                    "result_set_size": 0,
                                    "operator_name": "FILTER",
                                    "cpu_time": 0.0,
                                    "extra_info": {
                                      "Expression": "((s_store_sk <= 100) AND ((s_state = 'GA') OR (s_state = 'IL') OR (s_state = 'OH')))",
                                      "Estimated Cardinality": "102"
                                    },
                                    "cumulative_cardinality": 0,
                                    "operator_type": "FILTER",
                                    "operator_cardinality": 0,
                                    "cumulative_rows_scanned": 0,
                                    "operator_rows_scanned": 0,
                                    "operator_timing": 2.4963e-05,
                                    "children": [
                                      {
                                        "total_bytes_written": 0,
                                        "total_bytes_read": 0,
                                        "result_set_size": 13056,
                                        "operator_name": "SEQ_SCAN ",
                                        "cpu_time": 0.0,
                                        "extra_info": {
                                          "Table": "store",
                                          "Type": "Sequential Scan",
                                          "Projections": [
                                            "s_store_sk",
                                            "s_state",
                                            "s_store_name",
                                            "s_company_id",
                                            "s_street_number",
                                            "s_street_name",
                                            "s_suite_number",
                                            "s_city",
                                            "s_zip"
                                          ],
                                          "Filters": "optional: s_state IN ('GA', 'IL', 'OH')",
                                          "Estimated Cardinality": "102"
                                        },
                                        "cumulative_cardinality": 0,
                                        "operator_type": "TABLE_SCAN",
                                        "operator_cardinality": 102,
                                        "cumulative_rows_scanned": 0,
                                        "operator_rows_scanned": 102,
                                        "operator_timing": 2.8258e-05,
                                        "children": []
                                      }
                                    ]
                                  }
                                ]
                              },
                              {
                                "total_bytes_written": 0,
                                "total_bytes_read": 0,
                                "result_set_size": 3132,
                                "operator_name": "FILTER",
                                "cpu_time": 0.0,
                                "extra_info": {
                                  "Expression": "(d_date_sk BETWEEN 2450816 AND 2452642)",
                                  "Estimated Cardinality": "10436"
                                },
                                "cumulative_cardinality": 0,
                                "operator_type": "FILTER",
                                "operator_cardinality": 261,
                                "cumulative_rows_scanned": 0,
                                "operator_rows_scanned": 0,
                                "operator_timing": 6.669699999999999e-05,
                                "children": [
                                  {
                                    "total_bytes_written": 0,
                                    "total_bytes_read": 0,
                                    "result_set_size": 125232,
                                    "operator_name": "SEQ_SCAN ",
                                    "cpu_time": 0.0,
                                    "extra_info": {
                                      "Table": "date_dim",
                                      "Type": "Sequential Scan",
                                      "Projections": [
                                        "d_date_sk",
                                        "d_date"
                                      ],
                                      "Filters": "d_dow=2",
                                      "Estimated Cardinality": "10436"
                                    },
                                    "cumulative_cardinality": 0,
                                    "operator_type": "TABLE_SCAN",
                                    "operator_cardinality": 10436,
                                    "cumulative_rows_scanned": 0,
                                    "operator_rows_scanned": 73049,
                                    "operator_timing": 0.00018262700000000004,
                                    "children": []
                                  }
                                ]
                              }
                            ]
                          }
                        ]
                      }
                    ]
                  }
                ]
              }
            ]
          }
        ]
      }
    ]
  }
}