{
  "benchmark": "dsb",
  "query_id": "query040",
  "source_sql": "research/ado/queries_dsb_sf10_duckdb/agg_queries/query040.sql",
  "database": "/mnt/d/TPC-DS/dsb_sf10.duckdb",
  "statement_count": 1,
  "client_elapsed_ms": 170.33079500106396,
  "execution_time_ms": 0.0,
  "plan_json": {
    "total_bytes_written": 0,
    "total_bytes_read": 0,
    "rows_returned": 0,
    "latency": 0.0,
    "result_set_size": 0,
    "query_name": "",
    "blocked_thread_time": 0.0,
    "system_peak_buffer_memory": 0,
    "system_peak_temp_dir_size": 0,
    "cpu_time": 0.0,
    "extra_info": {},
    "cumulative_cardinality": 0,
    "cumulative_rows_scanned": 0,
    "children": [
      {
        "total_bytes_written": 0,
        "total_bytes_read": 0,
        "result_set_size": 0,
        "operator_name": "EXPLAIN_ANALYZE",
        "cpu_time": 0.0,
        "extra_info": {},
        "cumulative_cardinality": 0,
        "operator_type": "EXPLAIN_ANALYZE",
        "operator_cardinality": 0,
        "cumulative_rows_scanned": 0,
        "operator_rows_scanned": 0,
        "operator_timing": 4.17e-07,
        "children": [
          {
            "total_bytes_written": 0,
            "total_bytes_read": 0,
            "result_set_size": 128,
            "operator_name": "TOP_N",
            "cpu_time": 0.0,
            "extra_info": {
              "Top": "100",
              "Order By": [
                "dsb_sf10.main.warehouse.w_state ASC",
                "dsb_sf10.main.item.i_item_id ASC"
              ]
            },
            "cumulative_cardinality": 0,
            "operator_type": "TOP_N",
            "operator_cardinality": 2,
            "cumulative_rows_scanned": 0,
            "operator_rows_scanned": 0,
            "operator_timing": 2.4884e-05,
            "children": [
              {
                "total_bytes_written": 0,
                "total_bytes_read": 0,
                "result_set_size": 128,
                "operator_name": "PROJECTION",
                "cpu_time": 0.0,
                "extra_info": {
                  "Projections": [
                    "__internal_decompress_string(#0)",
                    "#1",
                    "#2",
                    "#3"
                  ],
                  "Estimated Cardinality": "2674"
                },
                "cumulative_cardinality": 0,
                "operator_type": "PROJECTION",
                "operator_cardinality": 2,
                "cumulative_rows_scanned": 0,
                "operator_rows_scanned": 0,
                "operator_timing": 3.201e-06,
                "children": [
                  {
                    "total_bytes_written": 0,
                    "total_bytes_read": 0,
                    "result_set_size": 104,
                    "operator_name": "HASH_GROUP_BY",
                    "cpu_time": 0.0,
                    "extra_info": {
                      "Groups": [
                        "#0",
                        "#1"
                      ],
                      "Aggregates": [
                        "sum(#2)",
                        "sum(#3)"
                      ],
                      "Estimated Cardinality": "2674"
                    },
                    "cumulative_cardinality": 0,
                    "operator_type": "HASH_GROUP_BY",
                    "operator_cardinality": 2,
                    "cumulative_rows_scanned": 0,
                    "operator_rows_scanned": 0,
                    "operator_timing": 0.0004808689999999999,
                    "children": [
                      {
                        "total_bytes_written": 0,
                        "total_bytes_read": 0,
                        "result_set_size": 72,
                        "operator_name": "PROJECTION",
                        "cpu_time": 0.0,
                        "extra_info": {
                          "Projections": [
                            "w_state",
                            "i_item_id",
                            "CASE  WHEN ((d_date < '1998-04-26'::DATE)) THEN ((CAST(cs_sales_price AS DECIMAL(13,2)) - COALESCE(CAST(cr_refunded_cash AS DECIMAL(12,2)), 0.00))) ELSE 0.00 END",
                            "CASE  WHEN ((d_date >= '1998-04-26'::DATE)) THEN ((CAST(cs_sales_price AS DECIMAL(13,2)) - COALESCE(CAST(cr_refunded_cash AS DECIMAL(12,2)), 0.00))) ELSE 0.00 END"
                          ],
                          "Estimated Cardinality": "2675"
                        },
                        "cumulative_cardinality": 0,
                        "operator_type": "PROJECTION",
                        "operator_cardinality": 2,
                        "cumulative_rows_scanned": 0,
                        "operator_rows_scanned": 0,
                        "operator_timing": 8.946e-06,
                        "children": [
                          {
                            "total_bytes_written": 0,
                            "total_bytes_read": 0,
                            "result_set_size": 64,
                            "operator_name": "PROJECTION",
                            "cpu_time": 0.0,
                            "extra_info": {
                              "Projections": [
                                "#1",
                                "#2",
                                "#3",
                                "#0",
                                "__internal_compress_string_uinteger(#4)"
                              ],
                              "Estimated Cardinality": "2675"
                            },
                            "cumulative_cardinality": 0,
                            "operator_type": "PROJECTION",
                            "operator_cardinality": 2,
                            "cumulative_rows_scanned": 0,
                            "operator_rows_scanned": 0,
                            "operator_timing": 2.215e-06,
                            "children": [
                              {
                                "total_bytes_written": 0,
                                "total_bytes_read": 0,
                                "result_set_size": 88,
                                "operator_name": "HASH_JOIN",
                                "cpu_time": 0.0,
                                "extra_info": {
                                  "Join Type": "INNER",
                                  "Conditions": "cs_warehouse_sk = w_warehouse_sk",
                                  "Estimated Cardinality": "2675"
                                },
                                "cumulative_cardinality": 0,
                                "operator_type": "HASH_JOIN",
                                "operator_cardinality": 2,
                                "cumulative_rows_scanned": 0,
                                "operator_rows_scanned": 0,
                                "operator_timing": 4.5897e-05,
                                "children": [
                                  {
                                    "total_bytes_written": 0,
                                    "total_bytes_read": 0,
                                    "result_set_size": 72,
                                    "operator_name": "HASH_JOIN",
                                    "cpu_time": 0.0,
                                    "extra_info": {
                                      "Join Type": "INNER",
                                      "Conditions": "d_date_sk = cs_sold_date_sk",
                                      "Estimated Cardinality": "2942"
                                    },
                                    "cumulative_cardinality": 0,
                                    "operator_type": "HASH_JOIN",
                                    "operator_cardinality": 2,
                                    "cumulative_rows_scanned": 0,
                                    "operator_rows_scanned": 0,
                                    "operator_timing": 0.003421117,
                                    "children": [
                                      {
                                        "total_bytes_written": 0,
                                        "total_bytes_read": 0,
                                        "result_set_size": 732,
                                        "operator_name": "FILTER",
                                        "cpu_time": 0.0,
                                        "extra_info": {
                                          "Expression": "(d_date_sk BETWEEN 2450815 AND 2452653)",
                                          "Estimated Cardinality": "14609"
                                        },
                                        "cumulative_cardinality": 0,
                                        "operator_type": "FILTER",
                                        "operator_cardinality": 61,
                                        "cumulative_rows_scanned": 0,
                                        "operator_rows_scanned": 0,
                                        "operator_timing": 6.3760000000000004e-06,
                                        "children": [
                                          {
                                            "total_bytes_written": 0,
                                            "total_bytes_read": 0,
                                            "result_set_size": 732,
                                            "operator_name": "SEQ_SCAN ",
                                            "cpu_time": 0.0,
                                            "extra_info": {
                                              "Table": "date_dim",
                                              "Type": "Sequential Scan",
                                              "Projections": [
                                                "d_date_sk",
                                                "d_date"
                                              ],
                                              "Filters": "(CAST(d_date AS TIMESTAMP) BETWEEN '1998-03-27 00:00:00'::TIMESTAMP AND '1998-05-26 00:00:00'::TIMESTAMP)",
                                              "Estimated Cardinality": "14609"
                                            },
                                            "cumulative_cardinality": 0,
                                            "operator_type": "TABLE_SCAN",
                                            "operator_cardinality": 61,
                                            "cumulative_rows_scanned": 0,
                                            "operator_rows_scanned": 73049,
                                            "operator_timing": 0.00013773,
                                            "children": []
                                          }
                                        ]
                                      },
                                      {
                                        "total_bytes_written": 0,
                                        "total_bytes_read": 0,
                                        "result_set_size": 10040,
                                        "operator_name": "HASH_JOIN",
                                        "cpu_time": 0.0,
                                        "extra_info": {
                                          "Join Type": "INNER",
                                          "Conditions": "cs_item_sk = i_item_sk",
                                          "Estimated Cardinality": "7356"
                                        },
                                        "cumulative_cardinality": 0,
                                        "operator_type": "HASH_JOIN",
                                        "operator_cardinality": 251,
                                        "cumulative_rows_scanned": 0,
                                        "operator_rows_scanned": 0,
                                        "operator_timing": 0.0008116290000000001,
                                        "children": [
                                          {
                                            "total_bytes_written": 0,
                                            "total_bytes_read": 0,
                                            "result_set_size": 193792,
                                            "operator_name": "HASH_JOIN",
                                            "cpu_time": 0.0,
                                            "extra_info": {
                                              "Join Type": "INNER",
                                              "Conditions": [
                                                "cs_order_number = cr_order_number",
                                                "cs_item_sk = cr_item_sk"
                                              ],
                                              "Estimated Cardinality": "81454"
                                            },
                                            "cumulative_cardinality": 0,
                                            "operator_type": "HASH_JOIN",
                                            "operator_cardinality": 6056,
                                            "cumulative_rows_scanned": 0,
                                            "operator_rows_scanned": 0,
                                            "operator_timing": 0.07998100700000003,
                                            "children": [
                                              {
                                                "total_bytes_written": 0,
                                                "total_bytes_read": 0,
                                                "result_set_size": 98962236,
                                                "operator_name": "FILTER",
                                                "cpu_time": 0.0,
                                                "extra_info": {
                                                  "Expression": "(cs_order_number >= 2)",
                                                  "Estimated Cardinality": "2880252"
                                                },
                                                "cumulative_cardinality": 0,
                                                "operator_type": "FILTER",
                                                "operator_cardinality": 2748951,
                                                "cumulative_rows_scanned": 0,
                                                "operator_rows_scanned": 0,
                                                "operator_timing": 0.008180784,
                                                "children": [
                                                  {
                                                    "total_bytes_written": 0,
                                                    "total_bytes_read": 0,
                                                    "result_set_size": 98962236,
                                                    "operator_name": "SEQ_SCAN ",
                                                    "cpu_time": 0.0,
                                                    "extra_info": {
                                                      "Table": "catalog_sales",
                                                      "Type": "Sequential Scan",
                                                      "Projections": [
                                                        "cs_order_number",
                                                        "cs_item_sk",
                                                        "cs_warehouse_sk",
                                                        "cs_sold_date_sk",
                                                        "cs_sales_price"
                                                      ],
                                                      "Filters": "cs_wholesale_cost>=69.00 AND cs_wholesale_cost<=88.00",
                                                      "Estimated Cardinality": "2880252"
                                                    },
                                                    "cumulative_cardinality": 0,
                                                    "operator_type": "TABLE_SCAN",
                                                    "operator_cardinality": 2748951,
                                                    "cumulative_rows_scanned": 0,
                                                    "operator_rows_scanned": 172815132,
                                                    "operator_timing": 0.14915093100000004,
                                                    "children": []
                                                  }
                                                ]
                                              },
                                              {
                                                "total_bytes_written": 0,
                                                "total_bytes_read": 0,
                                                "result_set_size": 628520,
                                                "operator_name": "SEQ_SCAN ",
                                                "cpu_time": 0.0,
                                                "extra_info": {
                                                  "Table": "catalog_returns",
                                                  "Type": "Sequential Scan",
                                                  "Projections": [
                                                    "cr_order_number",
                                                    "cr_item_sk",
                                                    "cr_refunded_cash"
                                                  ],
                                                  "Filters": "cr_reason_sk=11",
                                                  "Estimated Cardinality": "32028"
                                                },
                                                "cumulative_cardinality": 0,
                                                "operator_type": "TABLE_SCAN",
                                                "operator_cardinality": 31426,
                                                "cumulative_rows_scanned": 0,
                                                "operator_rows_scanned": 17294688,
                                                "operator_timing": 0.009497882000000003,
                                                "children": []
                                              }
                                            ]
                                          },
                                          {
                                            "total_bytes_written": 0,
                                            "total_bytes_read": 0,
                                            "result_set_size": 101736,
                                            "operator_name": "SEQ_SCAN ",
                                            "cpu_time": 0.0,
                                            "extra_info": {
                                              "Table": "item",
                                              "Type": "Sequential Scan",
                                              "Projections": [
                                                "i_item_sk",
                                                "i_item_id"
                                              ],
                                              "Filters": [
                                                "i_category='Home'",
                                                "i_manager_id>=28 AND i_manager_id<=67"
                                              ],
                                              "Estimated Cardinality": "9273"
                                            },
                                            "cumulative_cardinality": 0,
                                            "operator_type": "TABLE_SCAN",
                                            "operator_cardinality": 4239,
                                            "cumulative_rows_scanned": 0,
                                            "operator_rows_scanned": 102000,
                                            "operator_timing": 0.0014971939999999999,
                                            "children": []
                                          }
                                        ]
                                      }
                                    ]
                                  },
                                  {
                                    "total_bytes_written": 0,
                                    "total_bytes_read": 0,
                                    "result_set_size": 240,
                                    "operator_name": "SEQ_SCAN ",
                                    "cpu_time": 0.0,
                                    "extra_info": {
                                      "Table": "warehouse",
                                      "Type": "Sequential Scan",
                                      "Projections": [
                                        "w_warehouse_sk",
                                        "w_state"
                                      ],
                                      "Estimated Cardinality": "10"
                                    },
                                    "cumulative_cardinality": 0,
                                    "operator_type": "TABLE_SCAN",
                                    "operator_cardinality": 10,
                                    "cumulative_rows_scanned": 0,
                                    "operator_rows_scanned": 10,
                                    "operator_timing": 1.2557999999999999e-05,
                                    "children": []
                                  }
                                ]
                              }
                            ]
                          }
                        ]
                      }
                    ]
                  }
                ]
              }
            ]
          }
        ]
      }
    ]
  }
}