{
  "benchmark": "dsb",
  "query_id": "query013_spj",
  "source_sql": "research/ado/queries_dsb_sf10_duckdb/spj_queries/query013_spj.sql",
  "database": "/mnt/d/TPC-DS/dsb_sf10.duckdb",
  "statement_count": 1,
  "client_elapsed_ms": 119.25757999779307,
  "execution_time_ms": 0.0,
  "plan_json": {
    "total_bytes_written": 0,
    "total_bytes_read": 0,
    "rows_returned": 0,
    "latency": 0.0,
    "result_set_size": 0,
    "query_name": "",
    "blocked_thread_time": 0.0,
    "system_peak_buffer_memory": 0,
    "system_peak_temp_dir_size": 0,
    "cpu_time": 0.0,
    "extra_info": {},
    "cumulative_cardinality": 0,
    "cumulative_rows_scanned": 0,
    "children": [
      {
        "total_bytes_written": 0,
        "total_bytes_read": 0,
        "result_set_size": 0,
        "operator_name": "EXPLAIN_ANALYZE",
        "cpu_time": 0.0,
        "extra_info": {},
        "cumulative_cardinality": 0,
        "operator_type": "EXPLAIN_ANALYZE",
        "operator_cardinality": 0,
        "cumulative_rows_scanned": 0,
        "operator_rows_scanned": 0,
        "operator_timing": 1.92e-07,
        "children": [
          {
            "total_bytes_written": 0,
            "total_bytes_read": 0,
            "result_set_size": 20,
            "operator_name": "PROJECTION",
            "cpu_time": 0.0,
            "extra_info": {
              "Projections": [
                "min(ss_quantity)",
                "min(ss_ext_sales_price)",
                "min(ss_ext_wholesale_cost)",
                "min(ss_ext_wholesale_cost)"
              ],
              "Estimated Cardinality": "1"
            },
            "cumulative_cardinality": 0,
            "operator_type": "PROJECTION",
            "operator_cardinality": 1,
            "cumulative_rows_scanned": 0,
            "operator_rows_scanned": 0,
            "operator_timing": 8.6e-07,
            "children": [
              {
                "total_bytes_written": 0,
                "total_bytes_read": 0,
                "result_set_size": 16,
                "operator_name": "UNGROUPED_AGGREGATE",
                "cpu_time": 0.0,
                "extra_info": {
                  "Aggregates": [
                    "min(#0)",
                    "min(#1)",
                    "min(#2)"
                  ]
                },
                "cumulative_cardinality": 0,
                "operator_type": "UNGROUPED_AGGREGATE",
                "operator_cardinality": 1,
                "cumulative_rows_scanned": 0,
                "operator_rows_scanned": 0,
                "operator_timing": 2.3127000000000004e-05,
                "children": [
                  {
                    "total_bytes_written": 0,
                    "total_bytes_read": 0,
                    "result_set_size": 1232,
                    "operator_name": "PROJECTION",
                    "cpu_time": 0.0,
                    "extra_info": {
                      "Projections": [
                        "ss_quantity",
                        "ss_ext_sales_price",
                        "ss_ext_wholesale_cost"
                      ],
                      "Estimated Cardinality": "53514"
                    },
                    "cumulative_cardinality": 0,
                    "operator_type": "PROJECTION",
                    "operator_cardinality": 77,
                    "cumulative_rows_scanned": 0,
                    "operator_rows_scanned": 0,
                    "operator_timing": 3.5840000000000003e-06,
                    "children": [
                      {
                        "total_bytes_written": 0,
                        "total_bytes_read": 0,
                        "result_set_size": 1848,
                        "operator_name": "HASH_JOIN",
                        "cpu_time": 0.0,
                        "extra_info": {
                          "Join Type": "INNER",
                          "Conditions": "ss_store_sk = s_store_sk",
                          "Estimated Cardinality": "53514"
                        },
                        "cumulative_cardinality": 0,
                        "operator_type": "HASH_JOIN",
                        "operator_cardinality": 77,
                        "cumulative_rows_scanned": 0,
                        "operator_rows_scanned": 0,
                        "operator_timing": 0.00014581999999999998,
                        "children": [
                          {
                            "total_bytes_written": 0,
                            "total_bytes_read": 0,
                            "result_set_size": 1848,
                            "operator_name": "PROJECTION",
                            "cpu_time": 0.0,
                            "extra_info": {
                              "Projections": [
                                "#2",
                                "#4",
                                "#5",
                                "#6"
                              ],
                              "Estimated Cardinality": "52465"
                            },
                            "cumulative_cardinality": 0,
                            "operator_type": "PROJECTION",
                            "operator_cardinality": 77,
                            "cumulative_rows_scanned": 0,
                            "operator_rows_scanned": 0,
                            "operator_timing": 5.834999999999999e-06,
                            "children": [
                              {
                                "total_bytes_written": 0,
                                "total_bytes_read": 0,
                                "result_set_size": 5236,
                                "operator_name": "FILTER",
                                "cpu_time": 0.0,
                                "extra_info": {
                                  "Expression": "(((hd_dep_count = 3) AND ((ss_sales_price >= 100.00) AND (ss_sales_price <= 150.00)) AND (cd_marital_status = 'U') AND (cd_education_status = 'College')) OR ((hd_dep_count = 1) AND ((ss_sales_price >= 50.00) AND (ss_sales_price <= 100.00)) AND (cd_marital_status = 'W') AND (cd_education_status = '2 yr Degree')) OR ((hd_dep_count = 1) AND (cd_marital_status = 'S') AND (cd_education_status = 'College') AND ((ss_sales_price >= 150.00) AND constant_or_null(true, ss_sales_price, 200.00))))",
                                  "Estimated Cardinality": "52465"
                                },
                                "cumulative_cardinality": 0,
                                "operator_type": "FILTER",
                                "operator_cardinality": 77,
                                "cumulative_rows_scanned": 0,
                                "operator_rows_scanned": 0,
                                "operator_timing": 0.011883131,
                                "children": [
                                  {
                                    "total_bytes_written": 0,
                                    "total_bytes_read": 0,
                                    "result_set_size": 5252796,
                                    "operator_name": "HASH_JOIN",
                                    "cpu_time": 0.0,
                                    "extra_info": {
                                      "Join Type": "INNER",
                                      "Conditions": "ss_hdemo_sk = hd_demo_sk",
                                      "Estimated Cardinality": "52465"
                                    },
                                    "cumulative_cardinality": 0,
                                    "operator_type": "HASH_JOIN",
                                    "operator_cardinality": 77247,
                                    "cumulative_rows_scanned": 0,
                                    "operator_rows_scanned": 0,
                                    "operator_timing": 0.0020847760000000004,
                                    "children": [
                                      {
                                        "total_bytes_written": 0,
                                        "total_bytes_read": 0,
                                        "result_set_size": 5268096,
                                        "operator_name": "HASH_JOIN",
                                        "cpu_time": 0.0,
                                        "extra_info": {
                                          "Join Type": "INNER",
                                          "Conditions": "cd_demo_sk = ss_cdemo_sk",
                                          "Estimated Cardinality": "52465"
                                        },
                                        "cumulative_cardinality": 0,
                                        "operator_type": "HASH_JOIN",
                                        "operator_cardinality": 77472,
                                        "cumulative_rows_scanned": 0,
                                        "operator_rows_scanned": 0,
                                        "operator_timing": 0.029228662,
                                        "children": [
                                          {
                                            "total_bytes_written": 0,
                                            "total_bytes_read": 0,
                                            "result_set_size": 76831280,
                                            "operator_name": "SEQ_SCAN ",
                                            "cpu_time": 0.0,
                                            "extra_info": {
                                              "Table": "customer_demographics",
                                              "Type": "Sequential Scan",
                                              "Projections": [
                                                "cd_demo_sk",
                                                "cd_marital_status",
                                                "cd_education_status"
                                              ],
                                              "Estimated Cardinality": "1920800"
                                            },
                                            "cumulative_cardinality": 0,
                                            "operator_type": "TABLE_SCAN",
                                            "operator_cardinality": 1920782,
                                            "cumulative_rows_scanned": 0,
                                            "operator_rows_scanned": 23049600,
                                            "operator_timing": 0.005391535,
                                            "children": []
                                          },
                                          {
                                            "total_bytes_written": 0,
                                            "total_bytes_read": 0,
                                            "result_set_size": 3429008,
                                            "operator_name": "PROJECTION",
                                            "cpu_time": 0.0,
                                            "extra_info": {
                                              "Projections": [
                                                "#0",
                                                "#1",
                                                "#2",
                                                "#3",
                                                "#5",
                                                "#6",
                                                "#7"
                                              ],
                                              "Estimated Cardinality": "52465"
                                            },
                                            "cumulative_cardinality": 0,
                                            "operator_type": "PROJECTION",
                                            "operator_cardinality": 77932,
                                            "cumulative_rows_scanned": 0,
                                            "operator_rows_scanned": 0,
                                            "operator_timing": 4.352e-05,
                                            "children": [
                                              {
                                                "total_bytes_written": 0,
                                                "total_bytes_read": 0,
                                                "result_set_size": 4987648,
                                                "operator_name": "FILTER",
                                                "cpu_time": 0.0,
                                                "extra_info": {
                                                  "Expression": "((((ss_net_profit >= 100.00) AND (ss_net_profit <= 200.00)) AND ((ca_state = 'IN') OR (ca_state = 'NM') OR (ca_state = 'VA'))) OR (((ss_net_profit >= 150.00) AND (ss_net_profit <= 300.00)) AND ((ca_state = 'MT') OR (ca_state = 'OH') OR (ca_state = 'OR'))) OR (((ss_net_profit >= 50.00) AND (ss_net_profit <= 250.00)) AND ((ca_state = 'GA') OR (ca_state = 'IL') OR (ca_state = 'TX'))))",
                                                  "Estimated Cardinality": "52465"
                                                },
                                                "cumulative_cardinality": 0,
                                                "operator_type": "FILTER",
                                                "operator_cardinality": 77932,
                                                "cumulative_rows_scanned": 0,
                                                "operator_rows_scanned": 0,
                                                "operator_timing": 0.3649393610000001,
                                                "children": [
                                                  {
                                                    "total_bytes_written": 0,
                                                    "total_bytes_read": 0,
                                                    "result_set_size": 331521344,
                                                    "operator_name": "HASH_JOIN",
                                                    "cpu_time": 0.0,
                                                    "extra_info": {
                                                      "Join Type": "INNER",
                                                      "Conditions": "ss_addr_sk = ca_address_sk",
                                                      "Estimated Cardinality": "52465"
                                                    },
                                                    "cumulative_cardinality": 0,
                                                    "operator_type": "HASH_JOIN",
                                                    "operator_cardinality": 5180021,
                                                    "cumulative_rows_scanned": 0,
                                                    "operator_rows_scanned": 0,
                                                    "operator_timing": 0.07484803800000002,
                                                    "children": [
                                                      {
                                                        "total_bytes_written": 0,
                                                        "total_bytes_read": 0,
                                                        "result_set_size": 341910592,
                                                        "operator_name": "HASH_JOIN",
                                                        "cpu_time": 0.0,
                                                        "extra_info": {
                                                          "Join Type": "INNER",
                                                          "Conditions": "ss_sold_date_sk = d_date_sk",
                                                          "Estimated Cardinality": "230647"
                                                        },
                                                        "cumulative_cardinality": 0,
                                                        "operator_type": "HASH_JOIN",
                                                        "operator_cardinality": 5342353,
                                                        "cumulative_rows_scanned": 0,
                                                        "operator_rows_scanned": 0,
                                                        "operator_timing": 0.06357116299999997,
                                                        "children": [
                                                          {
                                                            "total_bytes_written": 0,
                                                            "total_bytes_read": 0,
                                                            "result_set_size": 341910592,
                                                            "operator_name": "SEQ_SCAN ",
                                                            "cpu_time": 0.0,
                                                            "extra_info": {
                                                              "Table": "store_sales",
                                                              "Type": "Sequential Scan",
                                                              "Projections": [
                                                                "ss_store_sk",
                                                                "ss_sold_date_sk",
                                                                "ss_hdemo_sk",
                                                                "ss_cdemo_sk",
                                                                "ss_sales_price",
                                                                "ss_addr_sk",
                                                                "ss_net_profit",
                                                                "ss_quantity",
                                                                "ss_ext_sales_price",
                                                                "ss_ext_wholesale_cost"
                                                              ],
                                                              "Estimated Cardinality": "28800991"
                                                            },
                                                            "cumulative_cardinality": 0,
                                                            "operator_type": "TABLE_SCAN",
                                                            "operator_cardinality": 5342353,
                                                            "cumulative_rows_scanned": 0,
                                                            "operator_rows_scanned": 345611892,
                                                            "operator_timing": 0.46499421000000013,
                                                            "children": []
                                                          },
                                                          {
                                                            "total_bytes_written": 0,
                                                            "total_bytes_read": 0,
                                                            "result_set_size": 2920,
                                                            "operator_name": "FILTER",
                                                            "cpu_time": 0.0,
                                                            "extra_info": {
                                                              "Expression": "(d_date_sk BETWEEN 2450816 AND 2452642)",
                                                              "Estimated Cardinality": "585"
                                                            },
                                                            "cumulative_cardinality": 0,
                                                            "operator_type": "FILTER",
                                                            "operator_cardinality": 365,
                                                            "cumulative_rows_scanned": 0,
                                                            "operator_rows_scanned": 0,
                                                            "operator_timing": 1.2679999999999999e-05,
                                                            "children": [
                                                              {
                                                                "total_bytes_written": 0,
                                                                "total_bytes_read": 0,
                                                                "result_set_size": 2920,
                                                                "operator_name": "SEQ_SCAN ",
                                                                "cpu_time": 0.0,
                                                                "extra_info": {
                                                                  "Table": "date_dim",
                                                                  "Type": "Sequential Scan",
                                                                  "Projections": "d_date_sk",
                                                                  "Filters": "d_year=2001",
                                                                  "Estimated Cardinality": "585"
                                                                },
                                                                "cumulative_cardinality": 0,
                                                                "operator_type": "TABLE_SCAN",
                                                                "operator_cardinality": 365,
                                                                "cumulative_rows_scanned": 0,
                                                                "operator_rows_scanned": 73049,
                                                                "operator_timing": 4.6538999999999996e-05,
                                                                "children": []
                                                              }
                                                            ]
                                                          }
                                                        ]
                                                      },
                                                      {
                                                        "total_bytes_written": 0,
                                                        "total_bytes_read": 0,
                                                        "result_set_size": 5816424,
                                                        "operator_name": "SEQ_SCAN ",
                                                        "cpu_time": 0.0,
                                                        "extra_info": {
                                                          "Table": "customer_address",
                                                          "Type": "Sequential Scan",
                                                          "Projections": [
                                                            "ca_address_sk",
                                                            "ca_state"
                                                          ],
                                                          "Filters": "ca_country='United States'",
                                                          "Estimated Cardinality": "50000"
                                                        },
                                                        "cumulative_cardinality": 0,
                                                        "operator_type": "TABLE_SCAN",
                                                        "operator_cardinality": 242351,
                                                        "cumulative_rows_scanned": 0,
                                                        "operator_rows_scanned": 750000,
                                                        "operator_timing": 0.00912665,
                                                        "children": []
                                                      }
                                                    ]
                                                  }
                                                ]
                                              }
                                            ]
                                          }
                                        ]
                                      },
                                      {
                                        "total_bytes_written": 0,
                                        "total_bytes_read": 0,
                                        "result_set_size": 115200,
                                        "operator_name": "SEQ_SCAN ",
                                        "cpu_time": 0.0,
                                        "extra_info": {
                                          "Table": "household_demographics",
                                          "Type": "Sequential Scan",
                                          "Projections": [
                                            "hd_demo_sk",
                                            "hd_dep_count"
                                          ],
                                          "Estimated Cardinality": "7200"
                                        },
                                        "cumulative_cardinality": 0,
                                        "operator_type": "TABLE_SCAN",
                                        "operator_cardinality": 7200,
                                        "cumulative_rows_scanned": 0,
                                        "operator_rows_scanned": 7200,
                                        "operator_timing": 2.0083e-05,
                                        "children": []
                                      }
                                    ]
                                  }
                                ]
                              }
                            ]
                          },
                          {
                            "total_bytes_written": 0,
                            "total_bytes_read": 0,
                            "result_set_size": 800,
                            "operator_name": "SEQ_SCAN ",
                            "cpu_time": 0.0,
                            "extra_info": {
                              "Table": "store",
                              "Type": "Sequential Scan",
                              "Projections": "s_store_sk",
                              "Filters": "s_store_sk<=100",
                              "Estimated Cardinality": "102"
                            },
                            "cumulative_cardinality": 0,
                            "operator_type": "TABLE_SCAN",
                            "operator_cardinality": 100,
                            "cumulative_rows_scanned": 0,
                            "operator_rows_scanned": 102,
                            "operator_timing": 1.3698e-05,
                            "children": []
                          }
                        ]
                      }
                    ]
                  }
                ]
              }
            ]
          }
        ]
      }
    ]
  }
}